TRXV5
3
4
4
9
string Extension=J
integer IsArchMeasurement=1
integer IsSpherical=1
string Generator=SPM
string GeneratorVersion=1.3.1 Dev
double ArchRadius=0.449999988079071
integer FrequencyAxisIndex=0
integer AzimuthAxisIndex=1
integer ElevationAxisIndex=2
Frequency
5 201 800000000 900000000 LIN
Azimuth
7 8 0 2.74889357189107 LIN
Elevation
7 15 -2.74889357189107 2.74889357189107 LIN
Polar H Real Part
13
Polar H Imaginary Part
14
Polar V Real Part
13
Polar V Imaginary Part
14
Polar H Magnitude (dB)
12 0xC0000002 0 1
Polar H Phase
7 0xC0000003 0 1
Polar V Magnitude (dB)
12 0xC0000002 2 3
Polar V Phase
7 0xC0000003 2 3
-0.000236218218525708 -0.0514681585145218 -0.158484762587178 0.136105244863153
0.0257126718928338 -0.0527634617507163 -0.0397508802972688 -0.159037790874462
0.0519838134773279 -0.0217221705448771 0.31569076868965 -0.244123088143443
0.00762208355762024 0.00413979805935156 0.493842004551282 0.210301077358542
-0.0524973541791358 -0.024014558374427 0.0218744909789477 0.808448923949008
-0.0189278067859042 -0.109821878158478 -0.775808907352201 0.556193492376624
0.0529713473222471 -0.0626851762861909 -0.683506627009333 -0.168415253905106
0.0672614515630089 -0.0174751241334569 -0.104763065918568 0.0341909587504186
-0.00161488791175897 -0.0161013566064053 0.654452789194324 0.237196600078294
-0.0041832799791245 0.00124471319067043 0.789072219843884 -0.496967882112397
0.0206651802461664 0.016012677601599 -0.0248655663849568 -0.884375837808829
0.051114040393163 -0.0236462990888261 -0.569334645601678 -0.263489553920234
0.0349552185699512 -0.0749072497848934 -0.326226945724002 0.218894453047133
0.0226667378827694 -0.0528174142259866 0.0513618279827847 0.142038150347055
0.0103741805975216 -0.0258780775854753 0.170329357977428 -0.160493115595271
-0.00438735819008575 -0.0501769387145095 -0.158228020839002 0.14430847575425
0.0244766759754295 -0.0481463506186567 -0.0181243838511938 -0.154104231883115
0.0486208110124619 -0.0133023120497528 0.341428759462891 -0.210263885287142
0.00568972422818266 0.00878093857319348 0.463218036172141 0.27434575072753
-0.046480280656382 -0.0291996641731046 -0.104143760878165 0.809677257787389
-0.00369872728849302 -0.111824140226472 -0.866452315358594 0.441710610547208
0.0534187657937801 -0.0586874571889896 -0.660877315277982 -0.23658631357335
0.0572642450343156 -0.0219768675529202 -0.072316798001279 0.0467517896719482
-0.00978725269432528 -0.0169479398212474 0.675326574404445 0.16767840064174
-0.00171076035940808 0.00437348464958855 0.697891063803031 -0.600048292105327
0.0260117206641149 0.0157549750544652 -0.149257551172414 -0.863049144228832
0.0459667629784311 -0.0257420939776497 -0.590106294286998 -0.187424798790075
0.0237762178212832 -0.0721860478134284 -0.292323227514505 0.247907573369894
0.016129591630085 -0.0491663663505541 0.0747321334769196 0.144656719052789
0.00605549597717427 -0.0236270950001764 0.169066446125228 -0.154037046699962
-0.0106364412756476 -0.0434809789835224 -0.157047458962598 0.150812267534628
0.0170227771115431 -0.037126969470334 -0.000564715059149889 -0.14733953374635
0.0384393786904092 5.51508859524819E-05 0.360527473757455 -0.1788271336723
-0.000551359875119742 0.0151421581167812 0.429016329283117 0.324334223525304
-0.040836670548785 -0.0289828977499115 -0.208977908949753 0.794951562933037
0.00713311281481758 -0.106086537397971 -0.927211651813903 0.33281533964173
0.0444771304177715 -0.0560809725120716 -0.638476239636073 -0.294557110762321
0.0374716785791822 -0.027339772957936 -0.0445156175547984 0.0575002498033603
-0.0225124233942342 -0.0123128457824845 0.688980044835384 0.107934439275906
0.00170692635103319 0.0130007997778222 0.614727660303173 -0.669036133655458
0.0319718387619213 0.0176851901248445 -0.24541311256709 -0.831399028981998
0.0388085674638293 -0.0221399739933661 -0.599338344997124 -0.120903961111132
0.0120527382047412 -0.0607609750111784 -0.261070229351641 0.272186363355364
0.00812730098600244 -0.0386299712264206 0.0928903350731911 0.14591677219589
-0.00200956441835768 -0.0175529298765773 0.168146584862569 -0.147445262429513
-0.0222663624402803 -0.0341070373161678 -0.157646457184871 0.155055996511143
0.00537483006985288 -0.0219501160361041 0.0102197693061645 -0.141047890585603
0.0212083075196642 0.0140943290880895 0.370789856311735 -0.1571360334368
-0.011234636692514 0.0221438027906291 0.404832263781043 0.357272915462302
-0.0373476332618763 -0.0246470024007521 -0.276046125447807 0.777336696428151
0.0105751411659294 -0.0947427647048914 -0.963074766405699 0.254171011942586
0.0270539282406248 -0.0565508939653786 -0.620254799813171 -0.328929756917202
0.011657842463488 -0.0341531354472435 -0.0266949873140635 0.0650557446173774
-0.0369869505531114 -0.00425331893079173 0.693852813012739 0.0683465364884916
0.00667143117962264 0.0247806887391537 0.560275841467228 -0.709546316362351
0.0369504288189304 0.0226995077594393 -0.305291478831001 -0.806955824223505
0.0312696448852056 -0.0134605723491671 -0.601244494364724 -0.0762810403668182
0.000676980905691439 -0.0454719289281655 -0.240638831502067 0.289155428961641
-0.00113589821069369 -0.0247283431184993 0.106481038021326 0.148574227084269
-0.0107471071826205 -0.00693077945164927 0.167293913183661 -0.142901265671959
-0.033670479426319 -0.0210754943573774 -0.157777682641065 0.158441431462867
-0.0104433955022772 -0.00415787435567365 0.0126610891963146 -0.136668449677666
0.00202805050411021 0.0284075515767139 0.375394026805427 -0.145705532943417
-0.0223513487014272 0.0283115440221693 0.399386766461146 0.370025781656678
-0.0356926282977695 -0.015848301860906 -0.295873694599746 0.769337468343249
0.00553047590421753 -0.0787513769793188 -0.96980157246281 0.222904206469643
0.00229852178418836 -0.0581597564746192 -0.612969260493329 -0.340452649040268
-0.017382561015717 -0.0413722551441051 -0.021750881927922 0.0686571819980982
-0.0533505103285432 0.00510830021992367 0.695003977711229 0.0565066658181525
0.0107362208633025 0.0404768564564932 0.542087475723458 -0.720196151003392
0.0421523641545902 0.030380666086942 -0.322058594179817 -0.795888898557766
0.025667257880244 -0.00253429442964204 -0.599486982314516 -0.0586934670776006
-0.00792920734646738 -0.0268913052613004 -0.233448013835092 0.296427784001113
-0.00975693628942662 -0.0076148283090361 0.110969491879327 0.149350765939069
-0.0202085274715974 0.00384450715778307 0.167012488076004 -0.139897209461473
-0.044657112601359 -0.00747001695753683 -0.15880760533278 0.158458212624363
-0.0232598957077398 0.0139665103328926 0.00759229663549741 -0.136217732050731
-0.0157828518990154 0.0425080675242552 0.373379059436843 -0.151397414077207
-0.0331609599397398 0.034864150795458 0.411959986801458 0.360459739133944
-0.0353638321057484 -0.0045142475727836 -0.264660811241128 0.774846091768898
-0.00285610037182429 -0.0627970371213316 -0.947889904839005 0.25038428518858
-0.0232754237476165 -0.059053082080133 -0.620511089210327 -0.329027958170501
-0.0457592663111342 -0.0477185613935431 -0.0299612916514481 0.0659288805316202
-0.070067722713575 0.0145826400838404 0.694545643245222 0.0718627331824027
0.0124794605263274 0.0550309365459906 0.568623331404476 -0.702754724100587
0.0442659555345441 0.0384841172421938 -0.293465030136388 -0.805131871292424
0.019139525149085 0.00794514797991869 -0.595210044779036 -0.0712723783048284
-0.0143601395624164 -0.00944402700912678 -0.240722551332361 0.295426215720405
-0.0179073595715521 0.00829916135500861 0.106003039116208 0.152999325393767
-0.0292719504166477 0.0153807335927351 0.166191842522714 -0.139562298335735
-0.0529180388195878 0.00293637099887449 -0.159484810810186 0.155900669846306
-0.0334501223091421 0.0290571742127681 -0.00540329934491018 -0.137902012551026
-0.0271206841495083 0.0533830401800124 0.363017040527788 -0.171395229206289
-0.0425668971773945 0.0424845180197643 0.441641329134897 0.329338013078338
-0.0370150946583221 0.00781531156400311 -0.186484109360267 0.788686753284392
-0.0137397744746859 -0.046426602010292 -0.908351706304333 0.324440162224817
-0.0458024148055241 -0.0558400777201446 -0.635901311345664 -0.290897260168874
-0.068920412127627 -0.0537529981199184 -0.05015927129192 0.0600831884412438
-0.0885583850021371 0.0182043370814635 0.688815038064793 0.115248171153233
0.0086924715958802 0.069696356268671 0.630575207783108 -0.660210923118653
0.044309769161673 0.0485050161004614 -0.227361745086479 -0.829663173689422
0.0144167822000159 0.0168699068824439 -0.59311302987359 -0.11166013533219
-0.0213370714816102 0.00362195647518737 -0.263506390679054 0.285199076755426
-0.0250376260711918 0.0227094999584936 0.0932365760246808 0.156342026112173
-0.0369329641182411 0.0242131489791324 0.164660783451747 -0.142054346554429
-0.0567516393721188 0.0111320792608309 -0.159250510425099 0.149608494299454
-0.0369310094364394 0.0394015543580917 -0.0244403939083806 -0.142317429298101
-0.0306068608953602 0.0611384631914944 0.343554078451156 -0.200994191529136
-0.0450534633266762 0.048930984501175 0.477343615870512 0.278259239955464
-0.0383312760210024 0.0182165806910363 -0.0768519372084533 0.799327864259955
-0.0230957948391947 -0.031941507387375 -0.834237278708 0.428320813871706
-0.0610768723090618 -0.0483462296182402 -0.658126633219149 -0.234383051823236
-0.0828066110349229 -0.0570019523546322 -0.0797624269467702 0.0496846950446042
-0.10180754195742 0.0147140571563702 0.676420374325789 0.177038997470226
0.000383022360947671 0.0812437226174188 0.716500244600167 -0.586848933495889
0.0398881358635623 0.0571814108224154 -0.124791501156015 -0.857039027773727
0.00916135837144971 0.0228542132442104 -0.581679896682388 -0.173967093779682
-0.0257967769037612 0.0108338817722327 -0.295717015670714 0.265757417657731
-0.0313252956849244 0.0320584983011609 0.0737200197975667 0.156313754944514
-0.0416442142496495 0.0310871049705597 0.163177854006641 -0.146656920748456
-0.00106325795122569 -0.05142514811272 -0.158869043756005 0.138216944125143
0.0244256448806165 -0.0526229530889498 -0.0432432951050604 -0.160612471679361
0.0511209573571973 -0.023271001024029 0.313355936348566 -0.249779440300954
0.00765627965169955 0.0040719633495562 0.498402465608813 0.20428511056998
-0.051211064715777 -0.0230303284014442 0.0304442957347734 0.811182432675338
-0.0204742981165563 -0.110144737016371 -0.771415117018725 0.568103584187313
0.0512368404155173 -0.0625959495434177 -0.687753482522937 -0.161705686791796
0.0674234874139152 -0.0188221553879051 -0.105963995806279 0.0358552375513508
-0.00201802268541602 -0.0158067646066846 0.66095536880126 0.230099475222276
-0.00329142562219925 0.000792632134954722 0.786948193702347 -0.509700588939639
0.0204048479197754 0.0165089115183543 -0.0374152783424595 -0.888723028411939
0.0514422798291147 -0.0240472728460239 -0.577311700325682 -0.257138743425129
0.0337199652205977 -0.0761116787132736 -0.326130600980075 0.224744208828584
0.0223540391369219 -0.0532410999686558 0.0529382661336403 0.143164010041963
0.00897786455414007 -0.0258395905867104 0.169690554438744 -0.162584592623244
-0.00506238408671598 -0.0490616528045807 -0.15698930464703 0.145774155416852
0.0242517061787857 -0.0484828081708193 -0.0204843805974476 -0.154620288202641
0.0486577572044057 -0.0137738946839742 0.339598809655679 -0.217050231543502
0.00554240094806826 0.00856241484363102 0.468505621338642 0.271946949098223
-0.046675707710142 -0.0276013256732327 -0.0938673939772402 0.814871056803764
-0.00505464942374344 -0.112462667972079 -0.864073227198344 0.453331590962821
0.0527119403268237 -0.0591393514634515 -0.66813428233968 -0.231228883714573
0.0570507169558992 -0.0227673052817482 -0.0727354390390994 0.0489588166891706
-0.0102709587888441 -0.0163176304125641 0.68136427668393 0.161613261151506
-0.00188934221357179 0.00396708776914578 0.694029625449858 -0.609254565959677
0.0265424153853765 0.0153406262067143 -0.16417095312174 -0.866777632159916
0.0465495788707142 -0.0257611889638083 -0.597495264006327 -0.181099732661518
0.0231606839438605 -0.0725124392737116 -0.290858196372851 0.254889377562021
0.0154340208544476 -0.0496313062148084 0.075606663015871 0.145359351477228
0.00451845859798514 -0.0237184822372617 0.169020083530553 -0.156191663064612
-0.0119300676984055 -0.0433883426350089 -0.156230372394037 0.153329831379328
0.0158400970883216 -0.0368658073807261 -0.00214388750239408 -0.148639160765976
0.0383320019502546 -0.000351959509760684 0.359842792282476 -0.185588280637481
0.000303261078139737 0.01519595131048 0.43354127872692 0.32059542077179
-0.0414651296128867 -0.0286667049910414 -0.199408414990616 0.802573451257846
0.00651311380281047 -0.105847456972607 -0.928584372368924 0.344901457165838
0.0433405906960778 -0.0567847060892576 -0.645632639361848 -0.288726668868508
0.0379369750294866 -0.0280608032732662 -0.0445624222396193 0.0589158979124666
-0.0227818330543478 -0.01183633707055 0.694733206741652 0.0992518779902349
0.00193032913159969 0.0134139990733054 0.610010703104414 -0.679693758174673
0.0330770409939694 0.017439195361417 -0.257757624980257 -0.833712384354276
0.0389615992019029 -0.0222388188951559 -0.604983453433248 -0.114779223270157
0.0107555318358944 -0.0617575694988534 -0.258945493606877 0.278221602083163
0.00663694047392128 -0.0393667145010999 0.0952732639117393 0.146386335894184
-0.00175244963423035 -0.0171781156037461 0.168555891391242 -0.150236048841766
-0.0223782065362468 -0.0332039091383843 -0.15763710153146 0.157371105476249
0.00468898973704002 -0.0212963397132797 0.00889665345133365 -0.142695465861357
0.0219971901712236 0.0138982075462352 0.37127645101113 -0.162562383858087
-0.0105464048252454 0.0222668885311951 0.4107598953328 0.3541722747329
-0.0364331771393418 -0.0240400753790332 -0.269239871073828 0.783759063793428
0.00968599486521224 -0.0947236094361691 -0.965792203226032 0.265677049748513
0.0262520872007291 -0.0559319206521869 -0.627728800176413 -0.325228000460451
0.0110650220702903 -0.0343961847870906 -0.0267155153775591 0.0667137616283708
-0.0369696269364408 -0.00458694305266977 0.697793733720101 0.0615939792263135
0.00688177335130124 0.0254322616359873 0.555096950132877 -0.720404959676464
0.0386085216903899 0.02217952839119 -0.31918825259425 -0.807705470143983
0.0315962197236642 -0.0143035500197767 -0.60638254735719 -0.0673432498472998
0.000790016765389008 -0.0455727036289415 -0.237595410418193 0.294067631545898
-0.00194986343606039 -0.0252983022558549 0.108293982131238 0.147376698788975
-0.0117247018212962 -0.00688973565292971 0.167501646327728 -0.144518466131453
-0.0338545566675614 -0.0198920023956696 -0.156900730605329 0.161458531570689
-0.0101623029143432 -0.00323060246620698 0.0121436923716024 -0.138677707945761
0.00264203588694859 0.0284081154561487 0.376072796277076 -0.151147088478491
-0.0229059047580713 0.0288946655796594 0.405609841256297 0.366183387708257
-0.0350351882382755 -0.0153360112139881 -0.286988288113069 0.777151199130972
0.00527023792984775 -0.0795845963563431 -0.97158240253683 0.234793552339708
0.00212064571512548 -0.057437639510226 -0.619299569584646 -0.338021306585149
-0.0181964506597076 -0.0417950989214559 -0.022043750842186 0.0697941005147601
-0.0536303957355276 0.00598245455629531 0.699204278944925 0.0500489318182936
0.0111545770493657 0.039356127608911 0.536333029575943 -0.732103603305823
0.0429273463827545 0.0289666104157783 -0.334164545958867 -0.794573710307996
0.0257776869148123 -0.00366976742884003 -0.603584676251022 -0.0504953510456252
-0.00789035529598712 -0.0268131136425231 -0.230053235342514 0.302436727451361
-0.0107093320779738 -0.00815740113160573 0.11350294899163 0.149787463007216
-0.0205458583226478 0.00446878662587118 0.166215507710017 -0.142016664549887
-0.04516113632879 -0.00629403304890007 -0.157996191804202 0.160508839383351
-0.0244257427115182 0.0147355908671935 0.00654539997758535 -0.137271322223371
-0.015640328003654 0.0424848663614966 0.375173138215801 -0.157316444090354
-0.0335193235897249 0.0351878258714646 0.418730358678455 0.357033337519814
-0.0357662773767028 -0.00442201293857826 -0.256913503175088 0.78230235428354
-0.00418959800857904 -0.0630693940985756 -0.950690909603818 0.262529184304161
-0.0234898085725843 -0.0592453233438224 -0.62779202225867 -0.324210576161431
-0.0466725450594879 -0.0482925725219456 -0.0304891175812399 0.0677741511420737
-0.0708936456047342 0.0145742561372136 0.698779481963516 0.067740246793604
0.0126066648320967 0.0551352468273568 0.563091402845224 -0.715162414845133
0.0455129237315124 0.0384608732139829 -0.307285993189167 -0.806244913608585
0.0199374307928831 0.00711277418225823 -0.602328816777965 -0.061889570371952
-0.0152034283786806 -0.00943435262532739 -0.237976954759462 0.301229311401532
-0.0182287316005197 0.00872076611246514 0.109252116839414 0.152483398579169
-0.0300563133330453 0.0158874053870952 0.16650031309824 -0.141257178859126
-0.051721682961494 0.00517977623493263 -0.157664575510983 0.157390237873038
-0.0336305914821967 0.0305935479388384 -0.00717273086250645 -0.138570032019675
-0.0265668070830558 0.0543206622398853 0.362291412777649 -0.177216491893427
-0.0417840962771543 0.041900848734019 0.447107438184963 0.326609021173276
-0.0362452227415641 0.00833425077520664 -0.179472245989213 0.795902556345751
-0.0149350067887339 -0.0469034153414538 -0.907391306197494 0.336612657363041
-0.0471235780937987 -0.0556715735153081 -0.644196738039342 -0.284789419335167
-0.0701940942396588 -0.0529112576949382 -0.0493752591843191 0.0614528583852895
-0.0881851136160018 0.0177931909804714 0.693187580463899 0.109395018562456
0.00962691982910722 0.0701506749056273 0.625678138976191 -0.671723754951584
0.0448834195762422 0.0476559776441669 -0.240514603759245 -0.830501979219284
0.0147270159384211 0.0168933639088788 -0.598770454634645 -0.103349631272137
-0.0208294782056812 0.0035526322499374 -0.261778820165903 0.290651791941063
-0.02563254496024 0.0232916666569564 0.0956789938934793 0.155244420929808
-0.0361985669464026 0.0255898200558366 0.165146822034682 -0.144206532631761
-0.0560127479146209 0.0127929943673309 -0.158744398282079 0.152409060479615
-0.0366582503049657 0.0397402659031802 -0.027203656655982 -0.143537929268759
-0.0304579848890475 0.0625076858448457 0.34284241627298 -0.206819542139707
-0.0454198320888581 0.0493711195798607 0.48295180915774 0.274227738597253
-0.0373969387615968 0.0182080369904196 -0.0674198037798902 0.803786776854156
-0.0237677824814036 -0.032196431908523 -0.836031309462719 0.437804328256286
-0.0618854392326971 -0.0480112093128063 -0.663585910264031 -0.226366614919655
-0.0840170164534933 -0.0563249038975184 -0.0784816057074494 0.0515136020203351
-0.102661221207544 0.0169645127317868 0.681360853281774 0.170324098154509
0.00143418374363921 0.0811931130574692 0.71292277777578 -0.596935510514558
0.0403898067486654 0.057027866919032 -0.136080948228802 -0.859281234797329
0.0089661191499836 0.0222315259208669 -0.589107957754472 -0.166073157187265
-0.0269436890017931 0.0109004028624713 -0.294306981168725 0.27152203167279
-0.0314986821030791 0.0319406470487171 0.0754543444060607 0.157656346573915
-0.0409655525821069 0.0320598178213133 0.162555975483625 -0.149504854182331
-0.00207696072838729 -0.0508629340350224 -0.157590772390337 0.140167162232453
0.0233037604050518 -0.0528909855296133 -0.0459831529211857 -0.161073007418935
0.0518319122013777 -0.0231688429900446 0.311326203490037 -0.256979112976444
0.00674385972831774 0.00334649672733771 0.504157227941866 0.198926462202449
-0.0520588232498248 -0.0218812135468526 0.0408702767410248 0.814648642371637
-0.0213097293309831 -0.110126027983758 -0.766694252985572 0.578173295552841
0.051536303151844 -0.0635133663355196 -0.693800673511415 -0.15400431447212
0.0662791159935147 -0.019257573309055 -0.10415138534465 0.0377703190651391
-0.0139544528276419 -0.0154333922208239 0.666923548567673 0.22717317099909
-0.00359802154092147 0.00092946718907938 0.785661907062135 -0.521926829089169
0.0213461633905868 0.0155862853233981 -0.0491088540995358 -0.892215388361858
0.0523186420491317 -0.0244738202617192 -0.585801284691551 -0.249056273358181
0.0330853337192817 -0.0766194784215398 -0.324047890151445 0.231960197510095
0.0204264263116417 -0.0548763221091489 0.0553404638642778 0.143945894202233
0.00838963483995594 -0.0259154238770762 0.168892836479007 -0.164708047847206
-0.00534456555465099 -0.0487695596313769 -0.155771351066308 0.147847797521575
0.02221042418749 -0.0482188892769376 -0.0222003592650951 -0.1563845304004
0.0469343850905309 -0.0135557532094817 0.339185281297731 -0.222460053932452
0.00604226153519966 0.00838967147032902 0.472612905860799 0.264279483206338
-0.0471570637400202 -0.0273651555772384 -0.0821474307365439 0.819772616527513
-0.0058551890667837 -0.11156433111419 -0.861077980450581 0.465154312167552
0.0522524099600191 -0.0590827265422359 -0.672243076969176 -0.226044777979599
0.0572923403780972 -0.0224711080008227 -0.0721029287445153 0.0502935733462199
-0.0101458814448664 -0.0164285899012426 0.686520943354121 0.152910171051027
-0.00138788061792643 0.00483123919654425 0.689021897712958 -0.622055140564271
0.02771965484272 0.0147540108284417 -0.176081274390374 -0.869405306011123
0.0466650856279927 -0.0258708847407623 -0.603286989310872 -0.172212597011321
0.0210036154100916 -0.0734996491646868 -0.289566027246335 0.261082032374586
0.0141938737957459 -0.0504756180597958 0.0787402120183482 0.144922356962804
0.00408818757852115 -0.0234453497912197 0.169274929765263 -0.158721019955029
-0.0121357561619101 -0.0424774195143441 -0.155217341711013 0.155194546435387
0.015191780871018 -0.0374908925799651 -0.0044289051242887 -0.149585981346611
0.0377140494151666 -0.00134875556594861 0.359084785952098 -0.190153464444838
0.000252294548365187 0.0151515760032798 0.440196356392706 0.315595535778842
-0.0408310777347123 -0.0286502751370907 -0.193044132097224 0.807313226329781
0.00506303200523267 -0.106679145396962 -0.927606489465819 0.358678499851331
0.0432662562468033 -0.0562544161036749 -0.650397049061585 -0.284357543593318
0.0379735907281924 -0.0282176103286017 -0.0440895113499255 0.0606222419903519
-0.0229063878904969 -0.0118295210764733 0.697460461572297 0.0931509037228943
0.00215489225374188 0.0127273175043558 0.604502208505804 -0.691339055442813
0.0331890389011898 0.0168852973899576 -0.272802127076242 -0.835298249245167
0.0391614088278824 -0.0230333428015482 -0.611320107622751 -0.105298933200586
0.0100469665630219 -0.0616721773226412 -0.257096242537063 0.283911291085609
0.00516535794991117 -0.0394731617487455 0.0977331072660243 0.145597072449668
-0.00292411546150866 -0.0166660839258462 0.168150401756057 -0.152179528675489
-0.0226502025010384 -0.031297710623561 -0.155230258886664 0.159620052140892
0.00415797037583371 -0.0214974892653667 0.00664978560227833 -0.143419785473856
0.022518949506306 0.0137109929421434 0.370265908196167 -0.168184675604081
-0.0105183471698314 0.022679747393548 0.417165336193237 0.350305812493809
-0.0376470002716491 -0.023768126049809 -0.260760489342067 0.791534845185924
0.0084941048903679 -0.0949201101862977 -0.965184806605642 0.279835269804784
0.0254739295814529 -0.0559128064199325 -0.632782786506071 -0.319871640296047
0.0113737452090433 -0.034325371463113 -0.0267146521756979 0.0676423719845182
-0.0372389067380004 -0.00362956584782697 0.702272305174623 0.0544970381462335
0.00714963856597432 0.0249786316352986 0.547884594766752 -0.728423274801605
0.0391409032770531 0.0219026632432758 -0.331449221801132 -0.808020620299123
0.0319310090203171 -0.0152219290184667 -0.61069601642466 -0.0598977697230428
-0.000958061810783481 -0.0455663027664444 -0.235142741174181 0.299553188913097
-0.00253851789510296 -0.0248812816028252 0.111246114416783 0.146536474035665
-0.0121513955304139 -0.00671881457860671 0.167974713570937 -0.14619786009084
-0.0341563829190306 -0.0189249547342795 -0.155794394361882 0.16305517664776
-0.0101553717115046 -0.0029143401793106 0.00993238488401338 -0.138601611810932
0.00306417963186503 0.0293055896842973 0.37602795624097 -0.157927917544904
-0.0229128752523568 0.0295277087777596 0.410927000073452 0.36274354946784
-0.0350523064446388 -0.0149766442036116 -0.279132625648943 0.784330976418181
0.00387342644269195 -0.0798150747310211 -0.973173284158022 0.247573206006804
0.000934553345417359 -0.0567445782571551 -0.626962460118176 -0.331618073978043
-0.0190578770799874 -0.0412714491075821 -0.021418287381061 0.0710941585128535
-0.0537454748608875 0.00654887880470045 0.70311511039239 0.0432843547768695
0.0114380135835862 0.0398855971742295 0.530315855826954 -0.741638908112992
0.0435092901497677 0.0288573023403438 -0.346590180968381 -0.795574200530851
0.0257686046319847 -0.00385225760129796 -0.608234548452337 -0.0421539704292782
-0.00866197402119847 -0.0273164042222238 -0.227927886908897 0.308448059979112
-0.0115377376766135 -0.00842283322225469 0.116727697031887 0.149632323451798
-0.0207028705306032 0.00539630332010032 0.166645008041348 -0.144549958898843
-0.0448510695482914 -0.00540709246143817 -0.156690256033696 0.162311884341699
-0.0240294803032995 0.0143786722058031 0.00427026144574876 -0.138031562012639
-0.0146293150383046 0.0423369877458014 0.372534209731062 -0.162489569652269
-0.0330899538737506 0.0359361598739425 0.425166432035277 0.35235297836383
-0.0347371548721306 -0.00391945299745605 -0.247915448248627 0.789402402608943
-0.00545133779274518 -0.0624023156634814 -0.952577354355884 0.274892628505582
-0.0252048127319221 -0.0580189617994219 -0.63224877880719 -0.318698763881397
-0.0480226941446012 -0.0474692354250751 -0.0298486887640974 0.0690752916869193
-0.0713236503313458 0.0158528420802067 0.703648594334112 0.0582725828664434
0.0138616016866212 0.0555991119159873 0.556129058727687 -0.725141873057458
0.0462891257461008 0.037728015161621 -0.322065923697785 -0.806316401749488
0.0207326018154526 0.0070252581049236 -0.607149118329932 -0.0544586689980452
-0.0156039100786499 -0.00961041534079509 -0.235169351757404 0.307005101739792
-0.0183685880843223 0.00839627375178209 0.111781609320473 0.152705984990482
-0.029799832642163 0.0166086372105426 0.166164087485822 -0.143175026025713
-0.051760643913926 0.00643016156906037 -0.15697456723546 0.158932960950243
-0.0334717371395159 0.0306923734310954 -0.00919558225382434 -0.140395570270754
-0.0267127440226324 0.0542092190017102 0.360530504108328 -0.181834728462856
-0.0414455237673146 0.0431531838452509 0.45259086932425 0.321313051742557
-0.0356392306675904 0.0087529356833648 -0.171501922147461 0.801295259311357
-0.0153481162867162 -0.0463890723195266 -0.908321961149077 0.348133835078685
-0.0477621978373327 -0.0543685584263242 -0.648743900847857 -0.280373724234946
-0.0709252528510935 -0.052851861894113 -0.0498103896243804 0.0629686058416863
-0.0885775684050293 0.019677955586803 0.699729234628656 0.100776775713903
0.0103587135465426 0.0699463574737364 0.618516230542649 -0.681317300895901
0.045531476054244 0.0469676251476198 -0.251887302346302 -0.832202255096766
0.0155795250259248 0.0165063171275697 -0.604483887226424 -0.0950204794051494
-0.0211698542947161 0.00373398953303305 -0.259931347087914 0.297011573775219
-0.0253519687203289 0.0227341044911832 0.0980366700830715 0.154766535378171
-0.0361054536389297 0.0261078278352881 0.164132174403671 -0.145953462613235
-0.0556033870196652 0.0148771010085604 -0.157307135743959 0.153793751503772
-0.0371334437953391 0.0418385460620012 -0.0273585502363281 -0.143618194490659
-0.0301264414646855 0.0627985327405476 0.341301399155733 -0.212549492978622
-0.0442421166236543 0.0501586199130836 0.488422592064764 0.268553112053553
-0.0379222100236902 0.0195323856173774 -0.0576848155144805 0.811396794387322
-0.0239313889467306 -0.0314480315748829 -0.83400619800394 0.45028522375936
-0.0633188392295174 -0.0467659378548558 -0.670406331128016 -0.22266118671638
-0.0854976041332031 -0.055328720596687 -0.079165856008994 0.0539099892988873
-0.10347946040423 0.0174965279499143 0.688125611334231 0.163342911938635
0.00207418712128197 0.0811698922101635 0.710027125062013 -0.609596967355214
0.0420799792894795 0.0564463503031989 -0.150047463752648 -0.861895377890926
0.011524384567009 0.0222577768479498 -0.594022819487028 -0.159602632096935
-0.0264218389583443 0.0110233533534959 -0.292004160323591 0.277466575415709
-0.0318839452158919 0.0329841426251572 0.0785219843081583 0.157584802631824
-0.0407822377366619 0.0321460876956693 0.161947485377193 -0.150800322382735
-0.00322233393358564 -0.0500164923674886 -0.156614297559795 0.141978506733994
0.022619734285481 -0.0523262805339511 -0.0482579676536523 -0.161563261125043
0.0504007759965039 -0.0247844678969208 0.308510601279946 -0.262982211982731
0.00772570841074403 0.00429620449955038 0.508187768292843 0.190927075355956
-0.0524199402473213 -0.0204425559167418 0.0539798578255081 0.815587158388779
-0.0232888672675577 -0.109569259751242 -0.760219346913673 0.588292658831313
0.0501512699361816 -0.0638690532464656 -0.697360748781678 -0.147148939336139
0.0672745761702252 -0.0203694769122718 -0.107541368595426 0.0399683520144851
-0.00254232730450268 -0.0159960070198535 0.671574703585564 0.218036627983017
-0.00394864828689601 0.00103762266538664 0.778890935064576 -0.532979749332155
0.0207647475673033 0.0161331296932312 -0.0635364193776913 -0.894484299840493
0.0519335647095522 -0.0256394582796437 -0.592355148045304 -0.241736304916786
0.0311663540400128 -0.0769621143071566 -0.322700977855699 0.238275288288475
0.0200947646087636 -0.0553051188760866 0.0572030169326526 0.143312177002899
0.00718803860397841 -0.0257915765069134 0.167322358340955 -0.166444695025282
-0.00665959760401365 -0.0480684234029836 -0.155001768539436 0.148728811013648
0.0217836348279003 -0.0475946712491269 -0.0251012192865242 -0.157670604957071
0.0474387348058307 -0.01502073153317 0.336923927262422 -0.228071669065949
0.00587070187801016 0.00845117463280203 0.478347363908037 0.258619015890204
-0.0464751036937433 -0.0267898145936536 -0.0717203358406698 0.823055810873403
-0.00784588291665626 -0.112280878137636 -0.85818426441464 0.475346437350868
0.0513220099690182 -0.0588151999083715 -0.677946457374223 -0.219105907399094
0.0577427420502189 -0.0242463516270951 -0.0725543791595104 0.0518618936442368
-0.0104001674772512 -0.0163518899976922 0.69107270253337 0.146745439015469
-0.00140949638384193 0.00295303321799897 0.681136042807939 -0.632869545813708
0.0270895897795433 0.0147041246565758 -0.189724418618745 -0.869149846199296
0.0478500721297662 -0.027306958919911 -0.609823665462393 -0.163984163302652
0.0205513167666435 -0.0734017520611032 -0.287344147807711 0.266722243848664
0.0133468108609571 -0.050925240503128 0.0810465240929745 0.145374993743558
0.00318847117389839 -0.0231154869565573 0.168472853942123 -0.159517864805204
-0.013631991364438 -0.041279773399733 -0.153508725243263 0.157009419320527
0.014098202026136 -0.0376899724874864 -0.00667824344437249 -0.150780839607403
0.0381755717483564 -0.00121364014107374 0.357080362431366 -0.195859915479155
8.32534157332587E-05 0.01636730997474 0.446412424095291 0.310896905262812
-0.0411002749515303 -0.0286805880002181 -0.18224361679174 0.812764098876532
0.00380525861928242 -0.106029837323951 -0.925519519860299 0.369167981481975
0.0427654202236754 -0.0560699861890689 -0.65554957696803 -0.277101500336279
0.0376228590689612 -0.0293838747497251 -0.0447143553990743 0.0626131383749626
-0.0236236694498823 -0.0121463719150148 0.702026963768226 0.0860371748422042
0.00232924202196155 0.0125026767861836 0.596917308785984 -0.701030893527529
0.0335775704414811 0.0175507629488114 -0.286042187154301 -0.834423072756991
0.0394161402008456 -0.0239686728061142 -0.616087755466688 -0.097200186794365
0.00948917136863984 -0.0628150847465821 -0.25364234553832 0.290112794380507
0.00478083939749986 -0.0398863281323546 0.100393247905565 0.145259396355387
-0.00340728540287018 -0.0164085963960726 0.16761967872218 -0.153509820592283
-0.0232150889028718 -0.0311674131585681 -0.153795343085689 0.161733998930522
0.00298410066348427 -0.0215296616262292 0.00429797565247713 -0.14563650919983
0.0219687884047942 0.0137111794080781 0.369053698716216 -0.173547187295647
-0.0105416357782073 0.0234204384859117 0.422898602760602 0.3456002824258
-0.0368969269883131 -0.0229525373154215 -0.250269458137714 0.797778993425161
0.00682472882555269 -0.0945127583326252 -0.963338886436482 0.291029308855876
0.0243104803923229 -0.0550385938779295 -0.638966985414637 -0.313604934170329
0.0107786436502461 -0.0349024628396773 -0.0259004776434937 0.0687220625130909
-0.0375245559044978 -0.00297127908644389 0.704764850339354 0.0471454048592345
0.00712995875714691 0.0253954753285608 0.538403056573595 -0.739290271897404
0.0392657537993756 0.0212373169176158 -0.345834269253791 -0.802867690960878
0.0320756562440956 -0.0152897255219839 -0.614399795045397 -0.0504690618849429
6.95975978656262E-05 -0.0462902571432102 -0.232354591413422 0.306137769648363
-0.00359159094917801 -0.0256861227589746 0.11413832199695 0.145957514712654
-0.0117227466095325 -0.00618601985358849 0.167278931588675 -0.148873726956983
-0.0348727040957122 -0.0172871429381185 -0.154268548466028 0.164689046066504
-0.0111845544104581 -0.00304837775163352 0.00775086429884222 -0.140361767723213
0.0031027413986522 0.0294447420176317 0.373796860477777 -0.162896253626147
-0.0217543985256075 0.0295463792681598 0.418145644925205 0.35758515039539
-0.0340517180667299 -0.0138918026578058 -0.271256242841261 0.790947954906117
0.0042357559260329 -0.0797978109324853 -0.972458519939441 0.260041320482973
0.000260872969586001 -0.0570023635411773 -0.632902818183383 -0.325741116503766
-0.0196062487368417 -0.0415120392523979 -0.0208396556710584 0.071868624884491
-0.05394221383077 0.00711709036030992 0.706386116980647 0.035273670210509
0.0120224233164091 0.0398406860843267 0.520679101676717 -0.751110614310528
0.043571812725707 0.0283914469678263 -0.361812830116224 -0.793211802354576
0.0269316242562153 -0.00385661329092115 -0.61204398827836 -0.0339479542870039
-0.00880201994564206 -0.0275223927434449 -0.22347283948385 0.312634793896901
-0.0114703195724463 -0.00821072762445796 0.118456266678405 0.148525305334676
-0.0209155742701715 0.00523270380765655 0.165670814220896 -0.146235883511025
-0.0440854626473461 -0.00371728103045906 -0.155203854856825 0.163588781449824
-0.0243714030777056 0.0153658508244764 0.00155489640440338 -0.1393014655427
-0.0144951186065909 0.0431208516727698 0.370562442969248 -0.166257832374564
-0.0338130852653875 0.0361565103483051 0.431498730937847 0.350827585106581
-0.0348997319713403 -0.00324043121178728 -0.237535024081201 0.79586643887062
-0.00577585000274401 -0.062796718441521 -0.950482131190793 0.28580989239637
-0.0262136003230342 -0.0564986489831326 -0.639688983026425 -0.312528552665783
-0.0483947106404159 -0.0470028333359334 -0.0294304458759328 0.070377223431899
-0.0710847133840533 0.0160321950995582 0.707688720116845 0.0512693458147557
0.0142723411482881 0.0544173145996064 0.548456769411046 -0.735158110043088
0.0467183033389756 0.0367069608132199 -0.334424475578571 -0.802842846289477
0.0209386162861038 0.00615820410523742 -0.611077186670948 -0.0447375964664899
-0.0154427460048309 -0.0102385098092991 -0.233114291582296 0.311375890509552
-0.018614072542048 0.0090913195282542 0.114391505227805 0.151205925404248
-0.0293162491876957 0.0178391166880331 0.164911111577223 -0.145001089584921
-0.052832912103293 0.00734396171766235 -0.155460474472529 0.161808957110719
-0.03344208058846 0.032082175026019 -0.0108405449790024 -0.140435908839444
-0.0253617158597029 0.0549842117942385 0.358627357913944 -0.188170380650018
-0.0410627684464992 0.0436178566351078 0.458149968168425 0.317293626396572
-0.0351823640658183 0.00911357334880655 -0.16125093931366 0.808169081929756
-0.0162237200412279 -0.0460488822174485 -0.905941068929381 0.360252371138822
-0.0491550327984989 -0.0535392710345525 -0.655196912652707 -0.274586142925234
-0.0719214836653023 -0.0515704008578797 -0.0486254701821047 0.0653267938969097
-0.0884302441465857 0.0216631776642484 0.702721756047134 0.0940634083870314
0.0111014749528385 0.0701221492817831 0.612386656341215 -0.692194628475446
0.0469774752331874 0.0457057116054139 -0.26718768029794 -0.830544417353818
0.0160071758415502 0.0168172585632442 -0.60781822415753 -0.0864912507821083
-0.0210676804502885 0.00397607306153397 -0.2559623324272 0.302839532310545
-0.0261185274599365 0.0233165936702974 0.101903239284382 0.155202732306552
-0.0358797791404508 0.0270576927133343 0.162307351474017 -0.147834318895885
-0.0550039296747524 0.0161130890058274 -0.15552643029883 0.156081552154757
-0.0359158729126604 0.0435046014418799 -0.0310708237641023 -0.1453685718582
-0.0283807039793865 0.0636239061202597 0.338098784857115 -0.217106441394466
-0.0439981334856469 0.0504396802302854 0.492609571463799 0.263283852565947
-0.0369277275201101 0.0189655295943304 -0.0477068410882252 0.813567297085728
-0.0244032663143271 -0.0313992484795558 -0.830382427231156 0.462096157005188
-0.0636675259958415 -0.0453645144697537 -0.675694801657139 -0.215470450501338
-0.0859623044629698 -0.0546259040582094 -0.0794201284725702 0.055891533104773
-0.103492422910524 0.0190240043684257 0.692705470172214 0.157441831825183
0.00292564212568512 0.0820265718209206 0.702871210676661 -0.621154016346184
0.0429468501902188 0.0552200056230316 -0.161368326091962 -0.862639818473479
0.0109991072873244 0.0219779324310611 -0.598376582784144 -0.148854659955808
-0.0260092718711501 0.0109263623595236 -0.290331720156839 0.283628553156646
-0.0311529021018752 0.0323287726872908 0.0807350825220786 0.156299014145634
-0.0410913115304995 0.0333993630099833 0.161247565185865 -0.152714081106634
-0.00419020159173133 -0.0489559984777996 -0.155545835151693 0.143867021152995
0.0213399729062723 -0.0521149828070629 -0.0505282174049345 -0.161894651627484
0.0498742502526291 -0.0245562621720461 0.304075243278049 -0.268381746741626
0.00725445492276315 0.00418931328403847 0.511724096689528 0.183798182979928
-0.0518969050935361 -0.0202684241329205 0.06583992978246 0.816273404022827
-0.0244335998585253 -0.109514550461213 -0.753682073838926 0.598894447336147
0.0492989063677921 -0.0633024979016819 -0.700063467072013 -0.13917028202674
0.0672037785905318 -0.0215116224145717 -0.106961328566677 0.0416308696134971
-0.00181999840245995 -0.0160870830841208 0.674294858500739 0.21018417643042
-0.00367340673435401 0.000621065215723714 0.771879952717197 -0.545346377481417
0.0218505350744591 0.014960899837829 -0.0784778566246165 -0.895671960102786
0.052437250346794 -0.0263365283177741 -0.597126103281717 -0.234322766404382
0.0310589889221217 -0.0779549198376455 -0.321107206888058 0.243676851765132
0.0188610642733791 -0.0560792014289078 0.0587007479566381 0.143035090496945
0.00665121519653852 -0.0255498446486765 0.165984143827395 -0.167814817780682
-0.00767078838191864 -0.0475161801313937 -0.153380011955827 0.151393023957452
0.0199394900065941 -0.0478991903668115 -0.0275060664603714 -0.157774040194822
0.0469598529755379 -0.0164679488201866 0.332950606019731 -0.232705844488314
0.00563547785522217 0.00956732594376727 0.483680254251677 0.252573358760035
-0.0461415211626821 -0.0255867694193206 -0.0627180936065507 0.824756267271194
-0.00845873129429803 -0.112541683559753 -0.853089700121976 0.488211092882237
0.0507000158081322 -0.0585926978831898 -0.681049055685848 -0.211807069159156
0.0567762378153516 -0.0242681358688689 -0.0720135838619781 0.0536739803439383
-0.0108213462695379 -0.0167480284915191 0.69348214165758 0.137568870990393
-0.00258089321682707 0.00399922470259896 0.674380599015606 -0.64223832880795
0.0280765588807909 0.0145750374751028 -0.202775283751872 -0.867737182036691
0.0468985199058489 -0.0274368878007693 -0.613740144071046 -0.155674561127832
0.0204567439003493 -0.0738509497208663 -0.283451074848742 0.272118016040083
0.0115115263707401 -0.051376927746653 0.0829878917724494 0.143732166568937
0.00249688795756409 -0.0230849579847529 0.165999070946176 -0.161963904136712
-0.0137757092684794 -0.0406335804368625 -0.152718783475603 0.157942535098959
0.0132096388118195 -0.0371880037081026 -0.00850919275098619 -0.151348131421251
0.0371767446518441 -0.00159413713062019 0.352911577726963 -0.202229694856109
-0.000801892089673364 0.0164396801849824 0.452454126092116 0.306725480974308
-0.0410053836910643 -0.027365192634391 -0.172400366775683 0.817270011760427
0.00194891668346648 -0.106392083410849 -0.92071105827028 0.381856985686318
0.0418172449151122 -0.0565788434271597 -0.661147366040536 -0.269458551680245
0.0367091576778102 -0.029253262709471 -0.0438378005194382 0.0639024336409042
-0.0236268753973704 -0.0120398978957633 0.703506737343145 0.0781237515523836
0.0027947868008182 0.0126802815480228 0.588053498207195 -0.709033909184907
0.0340220957180625 0.0161377492236357 -0.299339657226428 -0.830174502733842
0.0397760395407265 -0.0232461740274284 -0.619350316779815 -0.0877270335547879
0.00781506468239072 -0.0634887518978053 -0.251217861192649 0.294933057561355
0.00405955534021474 -0.0402285080682138 0.103010907272092 0.144306865568076
-0.00406421697127048 -0.0155288811087487 0.16574241139673 -0.156461683580873
-0.0238790183772684 -0.0301914100109798 -0.151889426137342 0.163462815030834
0.00202506599762466 -0.0209978357173164 0.00228908111453428 -0.145709941122944
0.021882581013882 0.0136858857138135 0.366330515343085 -0.179662601421368
-0.0104179356647426 0.023085769815636 0.42765543267368 0.341406451355438
-0.0364033953369495 -0.0230727605880687 -0.240352321755693 0.801679408486502
0.00560004107317342 -0.0946816594238545 -0.959972828436346 0.304068238650148
0.0225307309463602 -0.0547240791458082 -0.64509616653121 -0.306639654624485
0.00995958577210542 -0.0351430836782556 -0.0253354500138152 0.06936970831164
-0.0380045275531937 -0.00301687385071819 0.707394418579153 0.0374352100500836
0.00750418351485155 0.0254371478082765 0.529805998071325 -0.747231135567678
0.0401571299172435 0.021008915357231 -0.358198848305615 -0.80115094646598
0.0333504938240282 -0.0159898756003521 -0.615949393711882 -0.0407164784938213
-0.00166112437571838 -0.0467812748002027 -0.228365739750146 0.310239840714009
-0.00404315559902321 -0.0254589101533141 0.117187326978656 0.1457303067262
-0.0124938209728254 -0.00552488670324705 0.1660311383397 -0.150010287929849
-0.0345470935150244 -0.0174303793664445 -0.152284295513159 0.166082049855018
-0.0115462875295794 -0.001047386888046 0.0060044849496527 -0.141186843566809
0.00332072394882327 0.0292428840628067 0.370992790571433 -0.167115037444794
-0.0222599077279204 0.0305559154564711 0.424102474098584 0.355064121777743
-0.0351562045053181 -0.0141848304729711 -0.261512163255215 0.796543079720623
0.00276217074922606 -0.0794665840189754 -0.970046651290357 0.272510559096051
-0.000975547354804991 -0.0560537584214695 -0.639708588916839 -0.317633966196887
-0.0203496629170121 -0.0411497107588028 -0.0197198400049073 0.0727431338682872
-0.0541984679769113 0.00753292098367604 0.707949185717052 0.0247297875933171
0.0124987806059622 0.0397432169402466 0.512261645715978 -0.760083327688429
0.0448608959806317 0.0274543203196022 -0.373545825086198 -0.789317848273764
0.0262818036499999 -0.00478457124649183 -0.614393176414772 -0.0237188630418167
-0.00946588959406033 -0.0277671007075885 -0.22003348615199 0.318002450801633
-0.0119973000837186 -0.00802815013407093 0.121105046474625 0.146955053909463
-0.0206142209531677 0.00638945125959928 0.164374388292188 -0.147689476671342
-0.0431527864128052 -0.00321352046312987 -0.152334664571697 0.164953658778215
-0.0245451116336512 0.016753255562001 8.30626746152901E-05 -0.139320712873574
-0.0138477911175991 0.0437199399269727 0.369121439560315 -0.173422730564618
-0.0338465184660757 0.0370047515897679 0.436950561966641 0.344694909673691
-0.0342612485637125 -0.00329214750338058 -0.228365995448093 0.801183392815505
-0.00687792427096219 -0.0622627720884222 -0.948362578763632 0.298281286900104
-0.0275416855304444 -0.0559744593799757 -0.644486063070138 -0.305624925429988
-0.0493259195684955 -0.046040079841997 -0.0285200924545112 0.0717094117619424
-0.071863288519294 0.0169009670171185 0.709323752694864 0.0427503989973068
0.0146066040955152 0.0549086560461859 0.538412633634058 -0.743364450989623
0.0471393586973177 0.0354910014267506 -0.348223320938231 -0.801273423852686
0.0217312708750885 0.00642215260923676 -0.613574032458523 -0.035530470224907
-0.0163514985543601 -0.00892494537739458 -0.227190830849926 0.316609062042429
-0.0193416596453462 0.00986448329974505 0.116762207768725 0.149413865532059
-0.028687978727758 0.0184142387636689 0.163615575192431 -0.147085067063778
-0.0510856806955319 0.00937993742897558 -0.153436419547336 0.161946999411072
-0.0329046428552131 0.0332471293052151 -0.0132345219717155 -0.14166441385189
-0.0252633766219162 0.0554748279863225 0.356231520349702 -0.191277445148105
-0.0404798983670418 0.044204367309944 0.463615126050212 0.309775236265855
-0.0349422515764228 0.00945911651150092 -0.151527135432298 0.81103919386257
-0.0161475895467296 -0.0457113540211684 -0.901857476475952 0.372540475695124
-0.0496639135769515 -0.0521496616962825 -0.661088049116483 -0.266407938149222
-0.0726978164827143 -0.0509583369274883 -0.0489074683672551 0.0659499602945395
-0.0890933778575022 0.0223068115016337 0.706259823882006 0.0839603946001265
0.011545426385472 0.069934387983262 0.603409197450403 -0.701210262771213
0.0476779639343958 0.0449762884831751 -0.280639856096517 -0.826419442092392
0.0167637678455591 0.015787224768568 -0.611789749509175 -0.077091599736357
-0.0212102225972674 0.00405255433656271 -0.251224148085363 0.307989548497582
-0.0255971414360478 0.0234892907224508 0.102609741647616 0.153570725506655
-0.0352499537164176 0.0284411277628631 0.162150263326019 -0.149817487344328
-0.0533827615846008 0.0172254960487147 -0.154719886326747 0.155908194404295
-0.0356674924692876 0.0436331361879032 -0.0337721944146114 -0.145457963713146
-0.0273453024697257 0.063410318357345 0.334754493978561 -0.222497513992773
-0.0435307034290031 0.0505903548239283 0.496450338881532 0.257200253301692
-0.0359621434828428 0.01942582786726 -0.035207651384488 0.816390465464722
-0.0258620488271982 -0.0311856853571189 -0.824690281078741 0.473070807289204
-0.0647135890548214 -0.044410809450254 -0.678563003085069 -0.207201652118102
-0.0878167317405785 -0.0532687825604325 -0.0788929994494087 0.0568780869284216
-0.103420304955556 0.0208371257786412 0.695814472192222 0.148312759413045
0.00367477700945398 0.0806051881778992 0.693398423324971 -0.630970178748059
0.0438220265398176 0.0547246245992909 -0.178376299472541 -0.862049600199885
0.0124092411774539 0.0219038015757582 -0.604044195498452 -0.14110498929571
-0.0269500814061329 0.0111550305193114 -0.285240225905917 0.29040454528856
-0.0310297874244076 0.0334608547595649 0.0820853313986919 0.157075797711937
-0.0398718365826751 0.034509987654379 0.159852282450929 -0.154634820788526
-0.00530379225554578 -0.0482996605271386 -0.153052668935725 0.144052103218657
0.0190981190425532 -0.0528376940586597 -0.0534910834405401 -0.160900764812393
0.0495140907244584 -0.0252576884864396 0.299519760685407 -0.272179931586468
0.00731746560605144 0.00414240675222445 0.513211488871947 0.176970852499109
-0.0507767490752227 -0.0196037356916494 0.0758957151422595 0.813296312291403
-0.0262059332713203 -0.108869599445848 -0.745341531435307 0.608063209581859
0.0485169651883497 -0.0629075467443054 -0.700886592799761 -0.131003817193837
0.0676260688786911 -0.0217577445225412 -0.106670283890336 0.0443516754613447
-0.00189206899183846 -0.0159728081706378 0.676404998208031 0.199848450788419
-0.0034760925259187 0.000224067700766863 0.763456389051895 -0.555867738772681
0.0227543177180565 0.0150901307135083 -0.0924609164238999 -0.893358075033489
0.0525680250890116 -0.0268047133680677 -0.60083345960903 -0.22320749636161
0.0293347277840433 -0.0785873485040423 -0.317226539501233 0.250257302989947
0.0177744736600692 -0.0569378931960738 0.0600539216282957 0.142541182152277
0.00611485381378445 -0.0246011357070756 0.164733305607385 -0.170054250247839
-0.00760352901929959 -0.0463684919642402 -0.152237362193813 0.15215821765321
0.0184860071829545 -0.0485064506375154 -0.0298972867729083 -0.157756912280268
0.0468242303220246 -0.0161547539375576 0.329265016867993 -0.238852938874238
0.00436864718648831 0.00869077649408855 0.487910190099223 0.247268429481134
-0.0467107005563367 -0.025971607269365 -0.0515582353233774 0.826979726402434
-0.0105734787697211 -0.111144344718285 -0.845679927532864 0.498772077255983
0.0497739823391628 -0.0593292981056941 -0.684565454436615 -0.203909941295818
0.0564719273221401 -0.0250838033602228 -0.0719798163710428 0.0550430611463133
-0.0111012801860071 -0.0158093078071932 0.695311673837347 0.131745940256863
-0.00144944172574358 0.00429484330891605 0.665856545870927 -0.652395326722111
0.0281300958335239 0.0142942592367048 -0.217638570293569 -0.864974777405214
0.0476034953682207 -0.0283912270194557 -0.617172546954896 -0.14555017217273
0.0188456773694684 -0.0743753733567291 -0.280357700742195 0.277749299638865
0.0100399645454025 -0.0513090509480749 0.0857987110301163 0.144788362629581
0.00141921827234986 -0.0225939033051042 0.164854898259095 -0.163754800685396
-0.0138314293745429 -0.0398836951177519 -0.14961842513694 0.159660074362147
0.0123006448837961 -0.0369146818235809 -0.0114539724428799 -0.152136640721844
0.0379197040969017 -0.00250139536548723 0.349875999333804 -0.207693016446076
0.000390717719468053 0.0159567399894429 0.455304616224508 0.298635337834711
-0.0411608455269366 -0.0261562481990135 -0.160915767744293 0.818267787831158
0.000529012599069689 -0.105936205385794 -0.916717737371112 0.392878682052222
0.0410823391368899 -0.0556246173558936 -0.663953962618247 -0.261324320064712
0.0368103874470107 -0.030190880941128 -0.042882230631093 0.0642683659018511
-0.0235183609804985 -0.0113627991153292 0.703918922263335 0.0685370672081753
0.00206476992645954 0.0125405842157906 0.577365238595737 -0.717396868049138
0.0348698498876618 0.016548312735588 -0.313319001736764 -0.827204974061459
0.0403982220329873 -0.0248732865625596 -0.620996783999444 -0.0774993359744962
0.00732083213170119 -0.0630784459664364 -0.246242940918949 0.298204145128385
0.00251906522046853 -0.0417038058193847 0.104068162339581 0.143030568336707
-0.00498768083703756 -0.015692969948491 0.164719753837096 -0.15685547893964
-0.0239413899307111 -0.0297479431717589 -0.149788938208451 0.16485687815171
0.00133596220925934 -0.0203877386253216 0.000363233077357231 -0.146834498795699
0.022403280161698 0.0135691650116845 0.363136548710316 -0.18405352256356
-0.0110248481145435 0.023864684470101 0.433320893263884 0.335879373013989
-0.0363642287358552 -0.0231335763455011 -0.231206285435459 0.806745059022237
0.00501275167974242 -0.0943941242906529 -0.956961421810355 0.314871254184591
0.0223565861255697 -0.0550370298252632 -0.648570531684784 -0.298228821789158
0.00978390515333162 -0.0354859595791361 -0.0247841907753495 0.0712897587697214
-0.038730072695891 -0.00208264795046902 0.707755862602565 0.0291650426257478
0.00736296406673645 0.0249706199061396 0.518395775935638 -0.752785746139292
0.0400154868049979 0.020360670238207 -0.37084662003568 -0.797290141505629
0.0326737412456925 -0.0163136549135186 -0.618632148192874 -0.0294429236655635
-0.00305318033538079 -0.0462689139258942 -0.223277492521379 0.314102100066075
-0.0058801333713643 -0.0262306321223821 0.118058037306688 0.144559059730988
-0.0127909799776271 -0.00542362808482035 0.164394152507342 -0.15214421044194
-0.0340717767758955 -0.0155787818760324 -0.150059736241753 0.168070176672206
-0.0114053523727886 -0.000988847563728779 0.00377510593173583 -0.142824385175202
0.00294996596422266 0.0289337412064853 0.368575778310374 -0.17262398707469
-0.0220598579520751 0.030214283557567 0.4275193495729 0.349713952934471
-0.0342636275878253 -0.0137656027380951 -0.250411443301547 0.800300392200561
0.00142218826410313 -0.0796670328864412 -0.967247380677887 0.285174980859316
-0.00174641328514912 -0.0556635599409305 -0.642704242482955 -0.310944244104536
-0.0210720409223884 -0.0403314926806034 -0.0191726074043749 0.0742271320601347
-0.054465930064335 0.00830856741221497 0.708994831335358 0.015725727590579
0.0130303723481939 0.0388564216978072 0.501315039158207 -0.765610908056918
0.0454497038375206 0.0268739592049436 -0.386527965298649 -0.782805018961314
0.0268393078382192 -0.00532019620029075 -0.61515846947583 -0.0111923386582625
-0.0103482496415273 -0.0272948439646888 -0.21487746845178 0.321871209421893
-0.013133243674847 -0.00785723563924892 0.122559919619109 0.145247605836054
-0.0203763901503337 0.00748984295189985 0.162784157245571 -0.149112669495045
-0.0437751048512852 -0.00195451336876268 -0.151212746892439 0.166911024562933
-0.0237441160946415 0.0180300572916146 -0.00254087409017497 -0.140689452041391
-0.0137061464806452 0.0441936288048319 0.366815260251076 -0.177880795413216
-0.0330798417971323 0.0377909753394948 0.442765728148677 0.338897096687984
-0.0341271949693603 -0.00322259148221275 -0.218390202706514 0.805918617635829
-0.00799643672196984 -0.0626290105380252 -0.945488713317254 0.312179524672444
-0.0280225554203987 -0.0548521305968515 -0.649006633347318 -0.297786186011556
-0.0502514472189782 -0.045710105198307 -0.0281200374384979 0.072723597364014
-0.0718841045547806 0.0176092418151552 0.710190730501682 0.0344458351942207
0.0151296043935259 0.0545968265711955 0.527320967656193 -0.751124471109583
0.0481489904812942 0.0348545380026229 -0.359859813144706 -0.79491621676778
0.0218929817817816 0.00586713717852481 -0.61422277551564 -0.0254052800137102
-0.0167687677918414 -0.00912569648246222 -0.223121366197772 0.321382900462875
-0.0196671044725772 0.00895431260762151 0.119192259112116 0.149335385978263
-0.0286788083121163 0.0185609517559531 0.161953655755241 -0.14861984735354
-0.0501074327777123 0.00971735788559706 -0.152036317883292 0.163836412300029
-0.0323457114637704 0.0341389724596988 -0.0153523256882608 -0.141782063407471
-0.0241624286870865 0.0558303568909551 0.353767364520836 -0.197430953352168
-0.040002964108046 0.0451172835101261 0.468553741951901 0.304609666441573
-0.0347319563569688 0.00904461085398381 -0.139256821401811 0.813836177929908
-0.0168901773480733 -0.0445249150320273 -0.895920905711463 0.382686715259433
-0.0501275081263978 -0.050591854069286 -0.663996235508718 -0.258041222008693
-0.0736369529927552 -0.0505096773370457 -0.0471174997661553 0.0678065211332635
-0.0890616224221818 0.0223131971163701 0.707700605737726 0.0774398024234631
0.0127696077018586 0.0700373812354365 0.594261362010044 -0.711141917261563
0.0480526315048889 0.0447285848720054 -0.293847209556566 -0.825062170375232
0.0168437939554171 0.0155803018386218 -0.613447346203453 -0.0669929958174621
-0.0219779421280699 0.00406104691849806 -0.246928571538578 0.312286038222314
-0.0259632198878626 0.0241132941346894 0.105809353119782 0.152577810668957
-0.0347284994065975 0.0289577798077653 0.16068066282616 -0.151525794256031
-0.0527216462513411 0.0183544612064148 -0.152313295210732 0.157765339245482
-0.0350033088724857 0.0454322175511354 -0.0352161587620481 -0.144986455573635
-0.0272996523982037 0.064856375088419 0.332337257982647 -0.226446935114667
-0.0430843427466932 0.0517531622172963 0.500092933328306 0.25068406002431
-0.034803215484701 0.0197592793173868 -0.0258252288952955 0.816280636749824
-0.0258408850155133 -0.0309035784514031 -0.819161242639681 0.483536321767734
-0.0653870613808279 -0.0420498725028221 -0.681446001836391 -0.198940469406781
-0.087864336286476 -0.0523671091429806 -0.076558163748776 0.0588818831949082
-0.104130103989277 0.0220722439439211 0.698956026494839 0.140304567765557
0.00489869861665709 0.0812872928382425 0.684930377689475 -0.641139004546772
0.0451123407765187 0.0537702299632769 -0.18960338594357 -0.858262083414051
0.012161215869708 0.0215443366905429 -0.605750920544289 -0.130800248989052
-0.0264760204832135 0.0112591135812406 -0.280098102383651 0.294676809574428
-0.0311239303512994 0.0335694443754454 0.0843575431831068 0.155569812368142
-0.0392376039230155 0.0356408281313388 0.157477590912419 -0.15563077059324
-0.0055158102130757 -0.0471692421359778 -0.1511890444302 0.145496136514694
0.0182857088388277 -0.0519904100005969 -0.0560431498215434 -0.16135496126585
0.0484659981666342 -0.0251142816368567 0.295880430170963 -0.276621243762765
0.00793113772882276 0.00458110819502703 0.514405234206855 0.16893852602857
-0.0516752887841171 -0.0187852984348533 0.0855081113197443 0.81406784692647
-0.0274011808674869 -0.107509039692584 -0.735681858340653 0.616853773185113
0.047950489033714 -0.0630685937667638 -0.70290693143537 -0.123131436782296
0.0663409605170313 -0.0225385508074426 -0.105775857128276 0.0451545048888104
-0.00272941353126387 -0.0159537722803845 0.680405072639262 0.192626397822383
-0.0034314237797359 0.000608153198671864 0.755831972077337 -0.565147118516292
0.0230787202807058 0.014347936901072 -0.105201223204341 -0.892184450554082
0.0528498109860178 -0.0268832527623725 -0.605258473344519 -0.21519067173537
0.0284930344636525 -0.0793086865079695 -0.313942355493748 0.254693088343598
0.0158660592628684 -0.0568804740747618 0.0622778449658015 0.142274261685304
0.00509162408153097 -0.0250926462213973 0.162043677425299 -0.171639665074601
-0.00856852291445659 -0.045828010635287 -0.149343785207498 0.153205508002351
0.0170326748868485 -0.0478583100796032 -0.0332668304040576 -0.159102254072915
0.0459911757762444 -0.0168524085040657 0.324713386059652 -0.242233110147433
0.00517454597595406 0.00924988707628207 0.490138025951329 0.239854352749691
-0.0456435840138219 -0.0249119070193476 -0.0399584923423311 0.825208405420304
-0.0114186789806749 -0.110257642506072 -0.837876873030661 0.507109591175886
0.049603367143235 -0.0588247976186757 -0.685114608204052 -0.195993366338374
0.0564397808776564 -0.0255891324276864 -0.0710349738953214 0.0566284501324733
-0.0106684440708549 -0.0151218607961914 0.696072592083796 0.122505481638407
-0.00180179576666832 0.00403083718157262 0.655502900212446 -0.659358997950916
0.028945192202361 0.0134416610953808 -0.230251868288194 -0.859531524696853
0.0475735392688208 -0.0287844505062826 -0.620064733135739 -0.134979118789949
0.0172283137041803 -0.0744909494774357 -0.277421423332199 0.282559071307315
0.00927860786562101 -0.0518569301989814 0.0863279529665593 0.142369451578539
0.0012924337765567 -0.0221795618104733 0.16306628729765 -0.164152108506966
-0.0146190865914619 -0.0388783514129832 -0.147645450234265 0.160590532839031
0.0108993411110953 -0.036123215410741 -0.0137522232427735 -0.152589879916873
0.0374272374927585 -0.00239303855148088 0.346438606646328 -0.211855314298132
-0.000349669918047579 0.0157433823717626 0.458468403247497 0.292456942202117
-0.0405974506367527 -0.0260437399440028 -0.149635955757009 0.819783186107686
-0.000292961853806582 -0.105565164588057 -0.908359631828534 0.402202524903288
0.0398738704538834 -0.0553215039597219 -0.665555508060209 -0.253596981218232
0.0366663397394541 -0.0299182004563801 -0.0431846169441281 0.0652522346396941
-0.0238394448375918 -0.0111594262089044 0.704844796501353 0.0599015841398022
0.00237072484981277 0.0129124414403599 0.567291026721644 -0.724090205309653
0.0350933233303428 0.0156157220782937 -0.322778859358451 -0.822510631770921
0.0402979922451112 -0.0247853007204312 -0.622017400566589 -0.0675958547890962
0.00589033712165172 -0.0631422223704589 -0.241895970944937 0.30344546840045
0.00148731636837011 -0.0408900597089389 0.106107287468535 0.141838176941422
-0.00467378215866578 -0.0148372906274646 0.162187379558645 -0.158830556257439
-0.0236256580629155 -0.0282913843104848 -0.148378730458588 0.16554655596998
0.000669958565296133 -0.01955307797204 -0.0017105900065589 -0.147463306026552
0.0215976082443216 0.0132331095157332 0.360889554192604 -0.187408961316848
-0.0104023021087769 0.0245878656703237 0.437770426541187 0.329720391421575
-0.0363864565412477 -0.0216860790273314 -0.218873424600573 0.806219154934602
0.00429758528337346 -0.0935457501976969 -0.952829290602769 0.325770552691042
0.021938224380371 -0.0540574841371696 -0.650947998740404 -0.290668393999527
0.00944864414639729 -0.0348844044563905 -0.0246845319714004 0.0719350642702017
-0.0381697557760251 -0.00191398256618201 0.708132632474327 0.0212366381768585
0.00794966022735893 0.024163061087281 0.506191030994555 -0.760677802283896
0.0410279212183352 0.0197776602622133 -0.383918241879986 -0.79044449741306
0.0330614222503308 -0.0173675427695076 -0.619618732605184 -0.0204409167625317
-0.00317632852471551 -0.0465550798826133 -0.219320365132027 0.317506896061198
-0.00659772599229546 -0.0256710256472962 0.120393487916516 0.142291772907698
-0.013249527781456 -0.00430621009232707 0.163128168349551 -0.152777665141648
-0.0333089395391119 -0.0145030633111002 -0.147500849792949 0.168553190262336
-0.011335119535779 -0.000932026065671894 0.00139196142268275 -0.142997508086957
0.00354194716054141 0.0288662068450278 0.365841666861568 -0.17698463402072
-0.0221152305426052 0.0309880675699723 0.432599699730233 0.343296393900538
-0.0335535832351823 -0.0139556823557276 -0.239784190800446 0.803918215993903
-7.66836008249602E-05 -0.0795278685961691 -0.960839755919888 0.297462944388162
-0.00271725697517664 -0.054454333719734 -0.647756321684963 -0.302878889156233
-0.0221957432183123 -0.0404400262370408 -0.0184033426892716 0.0755166850843922
-0.0545368572394821 0.00950578593381498 0.708689908463588 0.00877374965451324
0.0132378913938014 0.0389333657438042 0.490369000803959 -0.771867571706662
0.0448672694212325 0.0256116168940669 -0.397725367917697 -0.778017408812797
0.0267646796560467 -0.00578320965050753 -0.614511064070109 -0.0038220988991111
-0.0112910842725788 -0.0276184913502142 -0.209757662445351 0.325542391596416
-0.0137091308865799 -0.00809212306019445 0.124816858314023 0.143633416909084
-0.0209053519586796 0.00801142717730857 0.161542608055266 -0.150643102464211
-0.0428097212569609 -0.00108461063299041 -0.1480174228208 0.167851408953489
-0.0232586975608214 0.0189989373247684 -0.00351788467245106 -0.14188386456405
-0.0124072041419267 0.0439514338408739 0.362475466610236 -0.182186861352605
-0.0328724629234874 0.0376379046738493 0.445452024749248 0.334224402929528
-0.0330951815378054 -0.00260115627327489 -0.208624650730811 0.80627586269945
-0.00754686987807844 -0.0617898424396092 -0.938873965295572 0.321812419182057
-0.0288489769158328 -0.0542169525986235 -0.651546571626731 -0.289736081578509
-0.050480304641597 -0.0451093755529416 -0.0272781076014431 0.0732983208949814
-0.071787085577653 0.0187948110387835 0.709434704912794 0.0244264777750336
0.0153087897432581 0.0539151955254797 0.517310960787546 -0.756868717760626
0.0483616912792412 0.0343401854412022 -0.371572626070007 -0.787770406636191
0.0219574163598866 0.00604472482101042 -0.613804033965296 -0.0154622080546942
-0.0168499722972249 -0.00958889284259487 -0.218219533981198 0.326318872386093
-0.0201912949155298 0.00962975779078972 0.119962655934922 0.147802371647442
-0.0279128959906346 0.0193307498741236 0.160993490144244 -0.149442046122301
-0.0491782564904754 0.0109863300581527 -0.148939061349552 0.164144446151627
-0.0314382483112318 0.0355341570262435 -0.0176993426216003 -0.143309101379962
-0.023008631052274 0.0565878378331676 0.350185088510589 -0.201230876267975
-0.0399861789417202 0.0456228557848642 0.471698713147886 0.299183853933588
-0.0335309567045904 0.00932633426319891 -0.129657482669153 0.816390438237231
-0.017469232173016 -0.0450515982372555 -0.891594384099796 0.394395560491806
-0.0510467139627205 -0.0499710700608716 -0.666927919171796 -0.250005944826583
-0.0739230713661228 -0.0492171505331955 -0.0474012925726226 0.0685852201481918
-0.08965045302939 0.0237370469362153 0.707988687691702 0.068669214598039
0.0131319701058746 0.0695665068251662 0.584674993222271 -0.716654958254721
0.0482891435363724 0.0434197760961436 -0.305207358899918 -0.819125792335101
0.0175346461314202 0.0146970595576653 -0.614356593178002 -0.0577873701905465
-0.0219098948955964 0.00405014795046271 -0.241867577258859 0.316434053593709
-0.0261909692999164 0.0247343068371547 0.107241937152008 0.15062547308095
-0.0343898343712935 0.0297080836020759 0.158821536939482 -0.152373582172955
-0.0511594917308321 0.01898259620411 -0.150963439059628 0.158110958260327
-0.03348750378596 0.0453806502443498 -0.0384052348819007 -0.145713706349764
-0.0262444790590956 0.0648302614989467 0.328361182902327 -0.230585916605536
-0.0422611625051767 0.0525234319852519 0.504240873922257 0.243764625616699
-0.0345351978294185 0.0200985989738042 -0.0160041382526213 0.81879840643523
-0.0254376044321829 -0.0295540680689179 -0.810756142774881 0.491315414329965
-0.0654298127354725 -0.0414657371912534 -0.685250926374275 -0.18996622136371
-0.0885529530900022 -0.0508728060812719 -0.077084558088938 0.0602355490616091
-0.103457053262567 0.0232766093400235 0.699418479172759 0.130643161451614
0.0055132785956594 0.0808818700484926 0.676481682230304 -0.64870170743635
0.0448041443723908 0.0528664853156877 -0.202580804146139 -0.855705360512782
0.0132779788170314 0.0209023469296632 -0.608217379800567 -0.122486102230952
-0.0264900627297355 0.0115392181816844 -0.277553156924569 0.299694116748285
-0.0315104699532985 0.0340539351098817 0.0860568452148387 0.15442939341766
-0.0385330671097961 0.0362893311429093 0.156185947779154 -0.157407506309453
-0.00534236273774148 -0.0463158001451233 -0.149659941297638 0.14528752014548
0.0176414551022067 -0.0521252964308858 -0.0611598537270611 -0.163032344226529
0.0476644410329876 -0.0260339258703909 0.289892347032847 -0.279879950530214
0.00682096559741883 0.00412683962404355 0.516604086152097 0.163970635314671
-0.0505123640733743 -0.0190132465043712 0.0949668067102052 0.811351726868373
-0.028115439662428 -0.106361851819055 -0.726068503458011 0.620753961556348
0.0462038385065802 -0.0621189707454433 -0.70083823468548 -0.115426615146166
0.0660113739587629 -0.0234846919186248 -0.104855628311186 0.0465619740415882
-0.00307042392024855 -0.0156883741776083 0.680282718860749 0.184882060047345
-0.00347608566347677 0.000673603374377725 0.745405040794233 -0.574182471703344
0.022741783139562 0.0146060391047354 -0.116240821768285 -0.889431202160515
0.0518624977205654 -0.0280757372981472 -0.607914046993746 -0.20644815708044
0.0269078330269184 -0.0785270130086013 -0.310343781538378 0.258615615613419
0.014493539581213 -0.0569351684243179 0.0623929165700509 0.140806305493434
0.00419628472773869 -0.0236747718860516 0.161106198073481 -0.172234890669926
-0.00888919103161637 -0.0450328743773665 -0.147466582137878 0.153728080814567
0.0163634744392794 -0.0467805972159037 -0.0344332042183186 -0.158203483479132
0.0455123108273035 -0.0168983076683965 0.320416397913079 -0.246027602068354
0.00536244180835311 0.00929498749567251 0.490455061174269 0.232147694432216
-0.045616825476174 -0.0245674684343573 -0.0312733158161054 0.824871270554299
-0.0127369126600566 -0.110361093186057 -0.829979946458216 0.513730126512791
0.0477274426485455 -0.0590507605346184 -0.685365705758055 -0.188176773012135
0.0557269350969818 -0.0264082980001584 -0.0704321783311902 0.0570814927180585
-0.0113789862964601 -0.015506182638171 0.696267949167225 0.113736353139179
-0.00138213752390146 0.00391600123345694 0.645080368481995 -0.665209406993808
0.0293118891196114 0.0136766433951227 -0.241735153834483 -0.85764474411486
0.0472615143455142 -0.0294303306510253 -0.619962500264361 -0.127349891506676
0.0173257287606748 -0.0740599111571939 -0.271819212360364 0.2852003083692
0.00767569291642885 -0.0524330747220585 0.0875315287435667 0.141015095145523
0.000371583497009951 -0.0211872274419249 0.161347821225698 -0.165218928924484
-0.0153685909490942 -0.0378961146116744 -0.145620558064086 0.16114418429356
0.0101730162896314 -0.0353834977085877 -0.01594545838634 -0.15287480173856
0.0367171695574778 -0.00241514240161581 0.342955170063239 -0.214782815465985
-0.000525309620400122 0.0161052849285121 0.462396553572234 0.287852247677328
-0.0402263546158944 -0.0253993444081463 -0.140804768376825 0.819889765525655
-0.001848981510878 -0.104988338365377 -0.90191188333239 0.411542886083663
0.0393766517973008 -0.0545781625523135 -0.667759664086321 -0.245675959638955
0.0356906451540885 -0.0300996225174595 -0.042022894724709 0.0661720830602897
-0.0240787378055233 -0.0105515450467983 0.704088001469639 0.0526756775842229
0.00206741460264901 0.0126716982169989 0.556316707130966 -0.728062837007699
0.0355266704888858 0.0148805940705198 -0.335196039638474 -0.815630330684735
0.0399350752739168 -0.0262918257465784 -0.622674569341105 -0.0583861757226311
0.00506331289204669 -0.0630051171948044 -0.237128855712597 0.306688960548962
-5.37980121396442E-05 -0.0409325963541594 0.108453577289774 0.139969512217339
-0.00529817928966034 -0.0145951107818469 0.160237234230002 -0.159769223069255
-0.0236854645423726 -0.0273587526781969 -0.146037003954075 0.165902044965804
0.000617653290726779 -0.0193743464399082 -0.00368052967669686 -0.147741445272398
0.0225508332365968 0.0132618661562787 0.356817443185534 -0.192044842258524
-0.0104166198283347 0.0237528557519645 0.439958018789797 0.323649070519747
-0.0363518580902924 -0.0218362907381362 -0.209519518444643 0.808968407843905
0.00281563230636119 -0.0942482183047392 -0.945259560903685 0.336487469080879
0.0211502124120992 -0.0536770563291556 -0.653000459157263 -0.283906537960665
0.00869370654151272 -0.0347779016643669 -0.0233240122402412 0.0724545395087777
-0.0386498282797707 -0.000920624827846099 0.70688009822471 0.0139887762919062
0.00808668193947396 0.0246483980542343 0.497197309786013 -0.764623423150715
0.0402607860102231 0.0194146128259776 -0.394274858572876 -0.78184622155235
0.0330016181211103 -0.0178822620568033 -0.618384111104989 -0.0121443969257355
-0.00431697615061622 -0.0464546822818554 -0.213602284055647 0.320850863922369
-0.00719467735219431 -0.0259329496850092 0.121600562666484 0.141199355306551
-0.0128999893816078 -0.00388532260276207 0.161294565264018 -0.153543349286993
-0.0330637260379171 -0.0137303932187096 -0.145710980515631 0.168561048941842
-0.0116498756536804 0.000208900671085911 -0.000401092382464242 -0.142636235012395
0.00403459336049504 0.0292035218965686 0.361434183796688 -0.18042287202304
-0.0222927625503244 0.0322721973594836 0.43706538785868 0.339829855498159
-0.033775801722729 -0.0141656304077218 -0.230898009274211 0.805172009312646
1.91683051993831E-05 -0.0789082075822969 -0.956364985115484 0.306631267600574
-0.00320440342788695 -0.0539111657051813 -0.648158283386531 -0.295657172485787
-0.0221323073911372 -0.0396599727136026 -0.0176193228143339 0.0760230251452348
-0.0551782395202339 0.0100517602404464 0.70742076910954 0.00114429989761083
0.0134279456613566 0.0385635226352995 0.478486720494792 -0.773692043205174
0.045609241468177 0.0249806041022305 -0.409790892032471 -0.771064097599452
0.0268019930832409 -0.00626070031122228 -0.613532917739451 0.00577292925108298
-0.0112773421980708 -0.0268884431224063 -0.205349966728187 0.327803577447218
-0.0138821945382334 -0.00735580439952471 0.126714868259659 0.142625078084786
-0.0211178477576622 0.00758969769217033 0.160081493539988 -0.151129885583152
-0.0421762326364684 -0.000190410735167949 -0.146227824173053 0.168270263386959
-0.0235519212305032 0.0193649533105252 -0.00619081289575382 -0.141580244849803
-0.0114013403174894 0.0444071404279916 0.358901482245345 -0.185947545396442
-0.032378157547806 0.0386592837833835 0.449039322591687 0.327139577427888
-0.0322947892894753 -0.0025629766524522 -0.197973052882097 0.807878896756406
-0.00866542874995521 -0.0610986024652555 -0.933669945207087 0.33053278692661
-0.0287774043986958 -0.0526961365036442 -0.65391671106769 -0.281413130133319
-0.0507199479926971 -0.0439126809536217 -0.0257634718845983 0.0745430964224601
-0.0709682906561035 0.0191624477140418 0.7075237135879 0.01792811104173
0.0155921985599033 0.0536971847484073 0.504985933307493 -0.761278139365058
0.0490053606146032 0.0342202689617476 -0.38257428996276 -0.781212625421352
0.0226906011255679 0.00503830258328972 -0.613100996595009 -0.00741212602847769
-0.0163504328222647 -0.00979200265840016 -0.213910868938883 0.327969728367455
-0.0200951827303484 0.00992436634075957 0.121844658543581 0.145652591647453
-0.0279894451422171 0.0198420265982223 0.159570330381475 -0.15056126022049
-0.0479035021907699 0.0124611355650175 -0.147136748115729 0.164755183902581
-0.0313842505350126 0.0359778573296433 -0.0197432171096673 -0.142185068493672
-0.0226405132277147 0.0568102687457238 0.345094692041779 -0.204748760826686
-0.0405216432060097 0.0457124235059186 0.473857483386531 0.294962650305246
-0.0333366265535738 0.00918597065661455 -0.118912244325958 0.815551101429315
-0.0183597137357229 -0.0438730512602357 -0.883068918518128 0.401627375872491
-0.0510890405225397 -0.0472156507875604 -0.66782738905112 -0.243887636361946
-0.0749737575817857 -0.0477279356365905 -0.0467780589534846 0.0694602931478098
-0.0890754286399076 0.0247971097438129 0.70810192869771 0.0601461815060916
0.0141434953216032 0.0687769302442857 0.572425899718765 -0.721250855150866
0.0486029746998497 0.0429101229293318 -0.316542209940831 -0.810637559316267
0.0172562707055392 0.0141785851479151 -0.614182739290477 -0.0476448082565766
-0.0222314700882943 0.00413404166910494 -0.238230910481942 0.321522766378633
-0.0253596549926742 0.0246634598032242 0.107817781156537 0.149382818758564
-0.0337777849449417 0.0305082539601636 0.156951499030897 -0.154028353780119
-0.0502852968279996 0.02073125458179 -0.148216273485583 0.158283185851329
-0.0332451745458621 0.0465813424440874 -0.039721595934435 -0.145244599918557
-0.0254548323720863 0.0643553977320895 0.323620773512232 -0.231991600711217
-0.0422145368151531 0.0532967624091947 0.506241604219135 0.23774902876021
-0.0341081509624911 0.020291442302668 -0.00693751812181309 0.816420592155428
-0.0261598751621668 -0.0299574313390935 -0.803862578888458 0.498290915843235
-0.0657119586389485 -0.0391428851761215 -0.686313759322288 -0.182180829405042
-0.0894092682594182 -0.0498041683201748 -0.0756987058748162 0.0621378606908869
-0.10416541894568 0.0244833075686045 0.699464683556803 0.121188369540679
0.00585946541792474 0.0803446384812443 0.664770763303136 -0.655026798646358
0.0458357745519172 0.0510024173575802 -0.212934578541008 -0.848798744078749
0.0133389776561727 0.0208759844120132 -0.609213064045312 -0.112941946883226
-0.026296623561403 0.0114309359184177 -0.272076513277586 0.302439437894297
-0.0311607937229263 0.0338875052035935 0.0881047795669093 0.153312109998755
-0.0379490136236748 0.0368390684961204 0.153583900460193 -0.157825967217245
-0.00641945491795122 -0.0461433423411482 -0.147932462795747 0.14611245327755
0.0164869713034526 -0.0502667232080673 -0.0605392344477329 -0.160810410160968
0.0469248857157548 -0.0262606682259147 0.286448144611552 -0.28199206080903
0.00739267792365466 0.00427064123532907 0.517228699455968 0.156065508766704
-0.0499139590883336 -0.0180026655716891 0.104237965443494 0.806838028868151
-0.0288500481050146 -0.105997765948979 -0.717802854394337 0.625862837044232
0.0457003583126485 -0.062111469514034 -0.699301142198964 -0.108225735245386
0.0656903486914771 -0.0232863147941499 -0.104203350846444 0.048384440978567
-0.00337268251537701 -0.01546894955895 0.680243473801315 0.177921808372023
-0.00407584885519427 0.000211550573967212 0.738202801658716 -0.577444101335298
0.0220770588000998 0.0145310370159163 -0.128033325054205 -0.884330630022541
0.0523940932178732 -0.0284537744647885 -0.609818359916314 -0.1976368266826
0.0254135463387668 -0.0788724128894737 -0.305507461782246 0.263292962245421
0.013375620987743 -0.0572504703554514 0.0641153712487698 0.140878672150875
0.00383334451498556 -0.0239059103204522 0.158589644912681 -0.173248876582765
-0.00938074668754393 -0.0443351307370142 -0.146694467003244 0.154720551387212
0.0150865307122482 -0.0462977366638659 -0.0372817137222552 -0.157721168670065
0.0447750386258407 -0.0168699937992545 0.316353992841541 -0.249619413344601
0.00453914680832841 0.00964806677261913 0.492168714146268 0.226698659058451
-0.0447775402116621 -0.0233657904657756 -0.0222437916000964 0.821989778726943
-0.0138645334876439 -0.109269700619011 -0.821631805721699 0.521606348374337
0.0475628324199667 -0.0576960445425037 -0.684824312070229 -0.181418613734928
0.0557852509320888 -0.026024717067442 -0.0697465400582128 0.0583958298418014
-0.0114459552549913 -0.0156874347870494 0.693959994852036 0.107624060141563
-0.00169127605013669 0.0034748186309231 0.635363305378509 -0.670884698489884
0.0290255117929885 0.012416163743331 -0.251592240430049 -0.849699411439918
0.0467989091620648 -0.0296672665889548 -0.621713034598881 -0.117713621603868
0.0146394360056307 -0.0748384390666234 -0.268246242029164 0.289680393825167
0.00671034798824092 -0.0523027631131847 0.0887806040780274 0.140242901268467
0.000632048561369119 -0.0207113509737561 0.159657100253226 -0.165825664107268
-0.0144904323900145 -0.0372990433454179 -0.143435578029352 0.160948677065228
0.00978806694312824 -0.0350592581409234 -0.01746250989233 -0.153561733414751
0.0366036919025222 -0.00219835793415061 0.339437416686034 -0.217969407504542
-0.00133707326253513 0.0163712670858217 0.464066367447687 0.283379197434036
-0.0399027514381689 -0.025431731738747 -0.131973831878131 0.819939715578454
-0.00322656181212134 -0.104572800245323 -0.894104112777063 0.419059664404215
0.0385083055036339 -0.0543774083121912 -0.668874561110172 -0.23915340643063
0.0354658369727199 -0.0296839395895807 -0.0409389045472148 0.0670969561482573
-0.0242435591854361 -0.0102239611886442 0.703023590123567 0.045096236349467
0.00220613272529888 0.0125206972525669 0.546920495376565 -0.731852288007125
0.0355036312038996 0.0143000542150896 -0.342732832602388 -0.809778294943656
0.0397938736895434 -0.0263805507544822 -0.62204888117323 -0.0495405048118817
0.00407621864562149 -0.0630796255878792 -0.233427888126687 0.308955934109288
-0.000910171351107287 -0.0411748528515794 0.108615518563844 0.139085770301345
-0.00576401394313318 -0.0136204870684237 0.160053119138791 -0.160184881168639
-0.0228216208778879 -0.0270590081226244 -0.143291547896764 0.165288675883881
-0.000225033483791002 -0.0180252589964092 -0.00627227221029394 -0.146794513222401
0.0221585121121828 0.0133020945292723 0.353012456399631 -0.193603625876796
-0.0106198529647046 0.0236716346840381 0.443935687866736 0.319194782718753
-0.0358409138708944 -0.0213316935758539 -0.201350889412025 0.81110863072936
0.00180758754797716 -0.0929434452003308 -0.939264224682829 0.3438461195785
0.0202873490147174 -0.0518930591015967 -0.652447348743939 -0.27657895723246
0.00836876631256906 -0.0350290929882517 -0.0225969436901637 0.072840975883742
-0.0394049581945566 -0.000733034266608493 0.705419479547415 0.00762726825925408
0.00823467098515109 0.0243623991727637 0.48657727110071 -0.766296366990732
0.0412576300362803 0.018022616314334 -0.402845858804621 -0.774715370021822
0.0326104586131852 -0.0177127958637657 -0.616619732322306 -0.0038710448749471
-0.00456649473254328 -0.0459280661151501 -0.209750525204957 0.323405274432137
-0.00795999684261168 -0.025468958584477 0.12343727820454 0.139616278840768
-0.0130227095033894 -0.00332408447263424 0.159455531940786 -0.15463833687456
-0.031936250594072 -0.0121504429364333 -0.143358930933166 0.168619431318216
-0.0113459372768591 0.000853911662124271 -0.00289888864445234 -0.143226227881071
0.00406848154022026 0.0293795698710824 0.359166211420773 -0.183180563882093
-0.0223327479245919 0.0317275236944169 0.438866348543776 0.332356487296474
-0.0339299649097944 -0.0132991772155904 -0.220327582883634 0.806349467147514
-0.00132268327186566 -0.0778173261978756 -0.948306832395726 0.31415452193168
-0.00388676190995844 -0.0527993556578256 -0.64928861976499 -0.288207081873733
-0.0221653342731907 -0.0391163519509979 -0.0169480445118732 0.0755687890769762
-0.0544604996114469 0.0100766831333262 0.704597076431576 -0.00570582349938686
0.0128130190001453 0.0381804041121127 0.467899286890149 -0.775542182419037
0.0461441654434409 0.0246747309391707 -0.416676222713696 -0.76243866606027
0.0270231468489832 -0.00751366278689467 -0.613451432213901 0.014054674849564
-0.0114930783591955 -0.0272801089359795 -0.200937398717008 0.331346505664205
-0.0145056727978571 -0.00764223914223186 0.127807109974472 0.141068804764368
-0.0203222007345885 0.0085330628677364 0.157732104864902 -0.151513573503147
-0.0416006461182054 0.00156415855551445 -0.143555600684614 0.168419494875747
-0.022804010327296 0.0202960091396265 -0.00819758987053521 -0.141885317618093
-0.0117833951440073 0.0442448175643192 0.357062821624549 -0.187622156221706
-0.0319601866267762 0.0390631891214767 0.451384969035122 0.322753692621909
-0.0322929467243654 -0.00325904686140105 -0.189297791411141 0.807050525585331
-0.00958722175633565 -0.0604938179857407 -0.92509924253806 0.340950531925827
-0.0289526148448427 -0.0513973369993078 -0.654996234477234 -0.274723341401307
-0.0519221634000173 -0.0428582473409403 -0.0241201539162355 0.0746981564571328
-0.0715856631203185 0.0204006520464987 0.707433568897289 0.0102320781169111
0.0163027575500591 0.0533077145120344 0.495771686925285 -0.764476158923581
0.0490940868407628 0.0322868698278705 -0.391751986920071 -0.77446646681394
0.022388162724848 0.00398543833758213 -0.612510776946685 0.00148364583133863
-0.016956833053311 -0.0103043849836673 -0.209122016332418 0.330327761732054
-0.0205760585557246 0.00975572319887635 0.123769914328036 0.144023714760722
-0.0274354769290818 0.020704420540294 0.157536173456412 -0.151350723058015
-0.0464183686896839 0.0128164234574911 -0.145231607192851 0.16519580280052
-0.0305950387638738 0.0362696052618549 -0.0219455795752603 -0.141602591115595
-0.0221109893275881 0.0564687889094154 0.342120936041731 -0.207961212000369
-0.0396658838296438 0.0469458996218269 0.477114450169914 0.287975831937407
-0.032489672274584 0.00853753976301774 -0.109451451400411 0.8142888183252
-0.0181147252415494 -0.0444425379170386 -0.877617759340603 0.410528194235919
-0.0517610121770008 -0.0463678517782693 -0.66829360147884 -0.236318166584239
-0.0754569580281479 -0.0469348961960205 -0.0454590188916892 0.0707967270703228
-0.088489719493168 0.0261357217188675 0.706853725773519 0.0519188119943313
0.0139549618093004 0.0680590501545655 0.561850762230819 -0.725350044512349
0.0488935032385411 0.0414930209960117 -0.323717097816602 -0.804993898609318
0.0184204050644496 0.0139197794191549 -0.611820706893019 -0.0388606846874771
-0.0216944482309567 0.00424633345733063 -0.233819751343417 0.323336155333691
-0.0257040912858973 0.0253039203515294 0.109684034560388 0.148552906430311
-0.0326963550271203 0.0303445087522306 0.155418743573432 -0.153997244832624
-0.0487693311603213 0.0211996761623777 -0.146734054984988 0.158605522776018
-0.0327941693681443 0.046842637943759 -0.042250194610947 -0.144547926256539
-0.0247440925476472 0.0651660558162239 0.321237840828695 -0.236356639961232
-0.041026817722236 0.053298627645439 0.508701544223435 0.232119885446746
-0.0333280628605214 0.019586579098181 0.0020377811783287 0.813236055307568
-0.0261703406261284 -0.0295478763593508 -0.79684958016107 0.505801780230238
-0.0663311108405649 -0.0378265709464119 -0.684548169998482 -0.175690902393004
-0.0895350041441683 -0.0488516043540636 -0.0754195574135507 0.0633301147061317
-0.103717718306901 0.0253041301624711 0.699294029694711 0.115294036774382
0.00686522113626911 0.079350408424314 0.655888490827695 -0.658091169454151
0.0460343829102509 0.0509176034885476 -0.223557707240592 -0.845017726485117
0.0139468839683587 0.0199395057208316 -0.608085858826563 -0.105738194921563
-0.0266013688608356 0.0113573421060175 -0.267633091406201 0.306378709940142
-0.0309782290761128 0.0342505394983662 0.0882399643742109 0.152507895029015
-0.0370170107553336 0.0369434504973299 0.152188650973462 -0.157870382619458
-0.00656499426523995 -0.0452451018107361 -0.146052674490846 0.146248656822235
0.015523676288167 -0.0497814842537756 -0.0629825167010006 -0.160607045050281
0.0458013218928578 -0.0260191263412711 0.281902030286304 -0.284761040474647
0.00670247674399702 0.00509420722328555 0.516685747409396 0.152101297156219
-0.0494059028793452 -0.0174728434846781 0.108460886896235 0.803965552984353
-0.0297007039615022 -0.104969471569765 -0.708983122245841 0.630213770084889
0.0444448148195074 -0.0615539817423784 -0.698116289785745 -0.103245776075299
0.0648903848995836 -0.0241478448758323 -0.102896763373491 0.0493540599118151
-0.00361964489407114 -0.0150015280424558 0.679749717260407 0.172036105819137
-0.00410083977354889 0.000643443367033321 0.728757697484637 -0.584407279086213
0.02322391121708 0.0135141061652333 -0.136762177436079 -0.880547354904442
0.0516279247129457 -0.0287506307564789 -0.610165378788352 -0.189342815716939
0.0245236976676997 -0.078841116839518 -0.302551121246896 0.265743070102305
0.0122518323115039 -0.0568606803999982 0.0643276899764404 0.139660425874969
0.00345136039357703 -0.0235244643189087 0.15716533324166 -0.172628692516579
-0.0102021387820463 -0.04303787624305 -0.144155222139997 0.154771014452685
0.0143709654679226 -0.0456359061759628 -0.0387537268136454 -0.158428558376127
0.0446619637624712 -0.0161900273737258 0.312696810708871 -0.25025951588698
0.00417627093652777 0.0101493226770584 0.492275047959639 0.222170628930672
-0.044884736254625 -0.0234501325173647 -0.0137975192072452 0.819096007615009
-0.014705761012062 -0.108347591057408 -0.814100716722408 0.526607923647196
0.0466778991139524 -0.0570330439196681 -0.684698672403689 -0.176272523613932
0.0549182856216587 -0.0260781555317775 -0.0688202073590986 0.0586091774856183
-0.0116248761382591 -0.0149584521106692 0.693084974756914 0.101364917615753
-0.00147345202852917 0.00340413814594195 0.627775027917933 -0.674622943484374
0.0293949650379374 0.0120355569052437 -0.260886594625058 -0.842968030870921
0.0462634426298358 -0.0303844508749673 -0.62052678717284 -0.110167376926767
0.0145981224978669 -0.074809206278703 -0.264379039583835 0.291259169460159
0.00585150011774894 -0.0516303432647633 0.0896386390933385 0.138866669363542
-0.000604020854703738 -0.0201351770272385 0.157917223767035 -0.165873638628684
-0.0151000983774177 -0.0363848092373576 -0.141774942204884 0.16158917639144
0.00940388777213931 -0.0339638109763857 -0.0202707786829047 -0.152621963820849
0.0359049466625388 -0.00299681616987865 0.336362764864001 -0.220028038052507
-0.000982201242559017 0.0167321055779481 0.466923123202615 0.278205016312686
-0.0392500024892526 -0.0252085189054407 -0.12440863091932 0.818427333096497
-0.00300724647672794 -0.103831851670281 -0.887842769731609 0.424651948464131
0.0376376572366388 -0.0532933474316358 -0.666030642575203 -0.233971864186358
0.0344107966825455 -0.0297451357471169 -0.0406866968270912 0.0673286208963402
-0.0248511666600512 -0.00992366936900338 0.69995696858274 0.0397673196060345
0.00187659640439332 0.0125703799118404 0.538008347890338 -0.733912148255182
0.0355142832815386 0.0139524337194276 -0.35363738146251 -0.802283760038231
0.0399584131236964 -0.0261126429208417 -0.621064330801476 -0.0426054565407509
0.00363590253843195 -0.0626365893783621 -0.229587133194435 0.311917783814013
-0.00179403288222224 -0.0402024933953216 0.110021274618193 0.139074554001824
-0.00631031809210628 -0.0129711399254156 0.158019207199956 -0.159974982674397
-0.0229492742555713 -0.0259951706681302 -0.14177567676485 0.165914077845867
-0.000164927091779236 -0.0175005666951942 -0.00765822360396882 -0.147237267476913
0.022316384028877 0.0135764066919289 0.35075414940649 -0.197371345619648
-0.0106717749644751 0.0247001814436447 0.445005020546558 0.314571350004154
-0.0351837357294725 -0.0214580478739029 -0.192938796801897 0.81030609762418
0.00122171436926211 -0.0930321085633142 -0.931962110881101 0.350740752484638
0.0199654044785129 -0.0514640009122723 -0.653439875003255 -0.27043222574661
0.00735857987001216 -0.0347425697972294 -0.0220033978170484 0.0731147941925094
-0.0392107843026164 -0.000339020796058472 0.702106777113631 0.0014457693136241
0.00789736834971271 0.0241551852151975 0.476530920011999 -0.768840876597225
0.0415305412514916 0.0177139903832351 -0.411123974119185 -0.767337743991291
0.0329709673561021 -0.0184424575436857 -0.616294247098679 0.00287294620067248
-0.0057759100486156 -0.0460438412515946 -0.205523613029662 0.326204857104649
-0.00862849947874517 -0.0254827246964624 0.123501865036481 0.138090091681413
-0.0129755531527347 -0.00227811459876457 0.158448729398797 -0.154850938386964
-0.0323719142508745 -0.012801157774273 -0.141043993252159 0.168908070516892
-0.0114930769095979 0.00143744729613781 -0.00432145678870641 -0.143386402833865
0.00460077999772982 0.0293082893794981 0.356228381949104 -0.184726227225879
-0.0228474680053808 0.0319565659622296 0.440834326375598 0.330108507775343
-0.033575699352143 -0.013605250982114 -0.212807577746192 0.806902991596675
-0.00157898081767213 -0.0775071942578491 -0.944943373231216 0.321280998020197
-0.00483705009082733 -0.051411365877748 -0.649541281997563 -0.280517245503548
-0.0230661321616486 -0.0386412898629371 -0.0164881187246111 0.07572279599801
-0.0544060099284522 0.0111745139958529 0.702124831880364 -0.0124551660261757
0.0138615793844938 0.0379332714686702 0.457886998316135 -0.777323890994431
0.0469953633323166 0.0244411272244642 -0.422842291901356 -0.756440781496362
0.027138114185064 -0.00693856621028735 -0.61087917079046 0.0229925357848695
-0.0116000274772989 -0.02674280918307 -0.196439080216112 0.332007740196284
-0.0150231339438838 -0.00733866745978053 0.128616592180604 0.139583901436235
-0.0206316860968045 0.00926603830601961 0.156524149657044 -0.151744445333605
-0.0401728538739657 0.00265007617014705 -0.141600498346423 0.167494290436871
-0.0224505007311195 0.0211507934907683 -0.0100581997608713 -0.141501270840706
-0.0113977153971686 0.0445913937447655 0.353741449316039 -0.189793881179556
-0.0319999555835756 0.0393407704325758 0.453229084942596 0.317728038931982
-0.0315115228842172 -0.0032729181242346 -0.181908600530825 0.80848063403321
-0.00972951964454009 -0.0608916369879139 -0.921406874111806 0.347063280605614
-0.0297436083961867 -0.0499944920352767 -0.655930447640255 -0.269312357745614
-0.0513757300198204 -0.0421763487219751 -0.0242313572465953 0.075378202099063
-0.0718029593360648 0.0214618180380276 0.706422196332065 0.00516286388784567
0.0161124183150161 0.0532300839795772 0.486752977917611 -0.764812299792808
0.0494428336931598 0.0318772468360791 -0.399082601149334 -0.767425602721552
0.0224969929711449 0.00430293661108882 -0.611332165333989 0.00788217836527239
-0.0173780601980202 -0.00922610150499401 -0.204278161906486 0.332208127453029
-0.0204591290752982 0.00979948804377214 0.124419318655039 0.142214694576751
-0.0265566268202435 0.0203450468159734 0.15611362027224 -0.151413915432949
-0.045331219607071 0.0131099213090395 -0.144153136188682 0.164168751223084
-0.0297657981477272 0.037380391103902 -0.0230099371449361 -0.142046256950289
-0.0208844825104157 0.0566635814186522 0.338173646597616 -0.209650754230447
-0.039222115829451 0.0467571308081505 0.47842298449632 0.284718935041829
-0.0314226935961085 0.00914350745497509 -0.101835922162313 0.813553824627072
-0.0185319372533579 -0.043596521604123 -0.871154427932359 0.415942562517465
-0.0522249127883613 -0.0452716873983194 -0.668856764085471 -0.229282257673735
-0.0757955873704863 -0.0458370419111321 -0.0446737902440693 0.0714950753788419
-0.0881874273425252 0.0262517374714001 0.704219179370711 0.0474840892823198
0.0150695400430794 0.0676334312289793 0.553995961885662 -0.72747338682409
0.0501040609644503 0.0407722003589272 -0.333141582342214 -0.798552801178378
0.0180901396984623 0.0138116088090895 -0.611261088822452 -0.032673539854282
-0.0223175555231212 0.0042271121953885 -0.228927474621335 0.32471575815011
-0.025556474357409 0.025081172363387 0.110826656110784 0.147049578883228
-0.0323238410694998 0.0306472563589749 0.153652560783854 -0.153752686931706
-0.047124568650085 0.0220502893588685 -0.14504155655019 0.158858320253256
-0.0313796409563135 0.0482268642583322 -0.0445964997664248 -0.14389453013822
-0.0242599500802061 0.0647327676650572 0.31618312994117 -0.236725029428418
-0.0410366361051357 0.054018902815138 0.508832486383132 0.227238836931574
-0.0328077120412113 0.0199077060596994 0.0104684778802639 0.811927040849965
-0.0260810161294145 -0.0288039309134053 -0.789822083076266 0.510350084398963
-0.0658949331569326 -0.0363307943024963 -0.684679808301197 -0.169947351846094
-0.090088022179208 -0.0476530267807848 -0.0737525136819285 0.0642856870170546
-0.103405525643514 0.0263554055194664 0.697322614420843 0.1086379982671
0.00801628589367741 0.0793700892368443 0.646221502889903 -0.663506359796713
0.0469201032767379 0.0491653102699455 -0.232945266813465 -0.839740113979012
0.0138179564456274 0.0191753254189829 -0.607051225292463 -0.0982552889587033
-0.0264667996246389 0.0113446278109824 -0.263574568544187 0.308307321228229
-0.0306798843844459 0.0349609735840992 0.0902482187728109 0.151187717626428
-0.0361068538869878 0.0375589036292963 0.150232647759724 -0.158695581124847
-0.0206394559378364 -0.038983835438156 -0.0929171843800834 0.184852682746112
-0.0037859786133846 -0.0530096380227633 -0.109384073295986 -0.132445799969762
0.0340425692356514 -0.0428546504783096 0.180690243385913 -0.352027239096089
0.0114861917012542 0.0017787306609094 0.539301562990381 -0.0141164903606183
-0.0482366078141542 0.00658344086937944 0.351855913310514 0.727986917758992
-0.0692194982476947 -0.0817203683976912 -0.467221842325129 0.819216317853209
0.0184062836777067 -0.0739842162061947 -0.696084156899004 0.132241018333248
0.0530442818431324 -0.0411930450004646 -0.08124409198042 0.0818224883915747
-0.00798417528298689 -0.0129138231676648 0.69299101815534 -0.0461410809447871
-0.00725046334144469 0.00108828918461292 0.512723156404155 -0.770391920776442
0.0284285120090884 0.00539066389645873 -0.402200388666366 -0.782269021213828
0.0418115226277958 -0.0440096979873732 -0.632027469450822 0.00529976087634612
0.000313583551021679 -0.0812411381028614 -0.206366425904164 0.345407786796336
-0.00751723765369488 -0.0595838845108079 0.101579924740144 0.114468223415994
-0.00436036408834476 -0.0211749692933629 0.0974382754209166 -0.206140546759743
-0.0220082278563149 -0.0361758180213511 -0.0887492149309632 0.1911860592981
-0.00302950123931156 -0.0484334429772991 -0.085157822707843 -0.136908670410628
0.0355915016540809 -0.0331525026787145 0.219574872595622 -0.330989679728662
0.0109772884000986 0.00831974613865306 0.538711359222873 0.060279966670415
-0.0480746889697594 0.000244022595685052 0.23919032782782 0.784371213036935
-0.0574999326521019 -0.0910608032574224 -0.597957615275965 0.755812930266423
0.0215270589174404 -0.0700886574691299 -0.705520805690271 0.0583519964078831
0.043394123269854 -0.0408475722074242 -0.0448561403288222 0.0792645044930261
-0.0140773495089817 -0.010696620438332 0.685176412241037 -0.117450688523463
-0.00448381964291273 0.00391831440531354 0.390593437830684 -0.825174991371151
0.0335853927122432 0.00197561878852361 -0.508595195820479 -0.709255920215214
0.0365181962173826 -0.0436453693695068 -0.619091433474529 0.0846925063515281
-0.00907837242121861 -0.0736703876875095 -0.161263951709616 0.359637767639534
-0.0122549599315131 -0.0516320652501826 0.12565148834714 0.10600219112342
-0.00714925849955133 -0.0177265647536692 0.100371017232806 -0.200424684461663
-0.0248099015272078 -0.0286367030670316 -0.0846354208118428 0.197667281220923
-0.00385569177724789 -0.0360079128136657 -0.0654171852974362 -0.138092497943082
0.0330356769448603 -0.0177692662370144 0.250932396522569 -0.308346279289824
0.00728088923122976 0.0167225503920229 0.530651363474735 0.121148073899407
-0.044976493848114 -0.00253025662510398 0.134242179452359 0.815628818601766
-0.046842464485188 -0.0908836196227904 -0.702413411282 0.685843688268871
0.0139169814719748 -0.063272801551161 -0.708583475014378 -0.00201859155111721
0.0231394896745224 -0.0373135917009635 -0.0154741418843772 0.0778673609442196
-0.0249366951643727 -0.000737984143360799 0.672375097468538 -0.17857777598068
0.00128951489015404 0.0105064619657811 0.283739487636268 -0.856535260400515
0.0390884225761269 0.0013997797544167 -0.581141835459458 -0.63907230842753
0.0301446978474876 -0.0375824637191694 -0.598927261641937 0.148606472649884
-0.0149282752730765 -0.0603442170628217 -0.12207048425605 0.366730041514857
-0.0159118766299409 -0.0393584083214805 0.144423353550757 0.0985980521577113
-0.0101248991220138 -0.00899710110847225 0.10157516194002 -0.194344190295538
-0.0299718342956054 -0.0145322662692114 -0.0825098099078104 0.200393360253964
-0.00650400250383772 -0.0169203204610021 -0.0528294723951191 -0.137839959775425
0.0243234717425562 0.00220291021107804 0.2720109233543 -0.29305782215223
0.00142125043611961 0.0282388009077832 0.52220339567047 0.162983695014638
-0.0400142497119765 -0.000923817126342666 0.0650251111502978 0.828947891579766
-0.0395045399398244 -0.0826229117224657 -0.767199550561981 0.627819198212459
-0.00270623693983598 -0.0564514634118343 -0.706810961666939 -0.0415950791801414
-0.00303180899481287 -0.0340741379894033 0.00381206442094049 0.0771430952885651
-0.0360890306268259 0.012519383883977 0.661973302796063 -0.216279399445436
0.0103650810626434 0.0204660913507966 0.218542484516432 -0.869413433671589
0.0455184722547725 0.0029875609784433 -0.623421834602886 -0.590157699394275
0.026101334787381 -0.0271360044872041 -0.579383586456181 0.190142672432753
-0.0185379338048927 -0.0413327885163391 -0.0947866974190907 0.372451876351032
-0.0171986254132955 -0.0215030919465479 0.158686767853548 0.095037775082904
-0.013618792029133 0.00281729816513794 0.104367331823315 -0.189426266997536
-0.0342622878262919 0.000730967247770459 -0.0811356129957761 0.202981837617111
-0.011428042691766 0.00504784223744584 -0.0479887467906255 -0.135371689990286
0.0141041869852982 0.0238714587932485 0.280555271305297 -0.285398713902815
-0.00714408467252609 0.0386904891204806 0.521752161972998 0.176660853880554
-0.0353920109419651 0.00614443826637129 0.0447145096867965 0.831787605422077
-0.0377482992600684 -0.0688953215602697 -0.788668901081014 0.603342458241201
-0.0258570759952295 -0.0492857806549007 -0.706120222483323 -0.054015000550274
-0.032804937378308 -0.0285031897631674 0.0101472616886786 0.0769149547628257
-0.0465842949368077 0.0271628246529521 0.658165214541496 -0.227563077783297
0.0208585167575339 0.0319056283535053 0.200050974113413 -0.872624193264194
0.0527063758399814 0.00753007872785963 -0.632607791477461 -0.574653924134922
0.024762230467636 -0.0154745357388059 -0.568240537737378 0.205240511228907
-0.0194614326285756 -0.0216311139365411 -0.0832123197416978 0.374918443262773
-0.0179628890461387 -0.00301464669173264 0.163045141748913 0.094417977579358
-0.0176340966225105 0.0155926693791873 0.104903985245732 -0.186540629139699
-0.0375665790460951 0.0174196166209132 -0.0826233080727464 0.201945233960279
-0.0149258819352999 0.0272321048425783 -0.0533234118052375 -0.13327099351441
0.00407996950149087 0.0425496711885092 0.275679840792531 -0.28950746271411
-0.0138967057276633 0.0493542730383261 0.529986563770461 0.161533058986788
-0.0305734318528793 0.0159850255656692 0.07716166615941 0.823026568726309
-0.0391169620688749 -0.0489857720615753 -0.758562890566764 0.617922281901859
-0.049777813434715 -0.0396510494497416 -0.705994359879832 -0.0399373168222438
-0.0611920098533094 -0.023109727929427 0.00319801176797874 0.0785889354027263
-0.0599543749765456 0.0421753257846957 0.665790750507651 -0.212272443534358
0.0274905919393513 0.0453972126940751 0.228847916962289 -0.868843678835865
0.058532055754126 0.0132267476793659 -0.614236476253476 -0.593425121983533
0.0244771623306049 -0.00339574723681548 -0.572604523760076 0.191425872120779
-0.0186507919671222 -0.00347568280713349 -0.0919762742976324 0.377434358294355
-0.0175477242779545 0.0146426209484351 0.160409868712483 0.0988308167550808
-0.0192685381441549 0.0296818860633103 0.104699007491393 -0.186193282887611
-0.0378561321257083 0.030196053897777 -0.0855479649930349 0.198206272902685
-0.0161865671026879 0.0458766342392945 -0.0674532868972781 -0.129979560258187
-0.00190853103329424 0.0579176702354966 0.256014140964134 -0.30577468699121
-0.0168842999778611 0.0584073504605617 0.543387757633509 0.120598276436661
-0.0261930662348867 0.0263549117085778 0.150916676781918 0.804634087320844
-0.0419829270678244 -0.0298137943370151 -0.690650889239844 0.66901551206067
-0.0681796170632681 -0.0277871971388403 -0.705863761726898 0.0013860307140456
-0.084025892883176 -0.0197870797942064 -0.0168949747970383 0.080056850250624
-0.0737320448112958 0.0529915698887553 0.678067779974904 -0.173022180335668
0.0304077489042484 0.0594780825958481 0.301983483436309 -0.85474280833164
0.0610584311086592 0.0220683468360719 -0.560544782169798 -0.644583438089754
0.0230303402256727 0.00658591341076253 -0.585610832407147 0.152709474817131
-0.0188603011654 0.0108440832934096 -0.117481492568405 0.376860182802738
-0.0181003459976881 0.0305562577458585 0.148780389762709 0.106932407131029
-0.0218913199611742 0.0408024402825374 0.10209036053862 -0.187302874387959
-0.037031721612293 0.0389868710868118 -0.0892282909552638 0.192482503687317
-0.0144943184039042 0.0567731528010492 -0.0890015062610707 -0.126898745541146
-0.00156031692169078 0.0667169802513686 0.224347282624488 -0.32624696871679
-0.0172726926721036 0.0647807569550676 0.554409411756354 0.055874490446862
-0.0222352075817754 0.035729170123964 0.257834277360569 0.767338560928175
-0.0434395293015518 -0.0123742203844094 -0.582481470002677 0.731627643217052
-0.0805612486917074 -0.0151205745974014 -0.702359454983026 0.0619283471844878
-0.0985440783689837 -0.0167774906121796 -0.047226067302825 0.0830333966207719
-0.0886122287488264 0.057098472004908 0.693209951425585 -0.112577080671712
0.0274692395254656 0.0719032255465852 0.409727643061276 -0.820604857258048
0.0609512855334604 0.032166310320478 -0.47968723942098 -0.71187557016002
0.0207933783964966 0.0129542216337679 -0.60178475083459 0.0917071670609278
-0.0207748437390483 0.01960968080063 -0.154121730795062 0.371998323517862
-0.0195048864690099 0.0418532495136629 0.130211302701477 0.116875757169808
-0.022925924486841 0.0478875996591809 0.0974798994455361 -0.190139009530813
-0.0207290412838037 -0.0383609864648796 -0.0911226990390201 0.183990604461046
-0.0041084230548018 -0.0522412708622712 -0.110164009916498 -0.13074064634706
0.0339160054302966 -0.0421817069086254 0.176409514537076 -0.354061754146565
0.010848899145671 0.00203406134286658 0.53846044916338 -0.0188721588241993
-0.0481092262961237 0.00747040982037863 0.354634073272256 0.72262242184938
-0.0692697433918617 -0.0808626680275644 -0.458744166454097 0.817369064166976
0.0189142034988946 -0.0720169546050109 -0.69324162816865 0.134380302013839
0.0532386877407951 -0.0412058610454787 -0.0805977370049954 0.0822407599955323
-0.00713629671676946 -0.0124714443461834 0.689419525748161 -0.0530450722603484
-0.00742564038894085 0.000720342512210134 0.502969330978275 -0.770443714256066
0.0283008648617048 0.0049557474121336 -0.406508749958479 -0.774057075387628
0.0405713174209779 -0.043296180629852 -0.630248574319045 0.0127632220526991
-0.000884016307546814 -0.080920385286437 -0.202635859321513 0.346585482307914
-0.00877312658358175 -0.0587714181495094 0.102241251923659 0.113965425088583
-0.00470540630847064 -0.0213325034088274 0.0956691302510679 -0.20520503634443
-0.0228898635892747 -0.0359746371988115 -0.0868680961343314 0.190499716992748
-0.00347606524232964 -0.0469798244588038 -0.0875509601700335 -0.135842807772642
0.0354646041000691 -0.0334840554143866 0.215840450236405 -0.331595298155551
0.0101528191027073 0.00867267115909259 0.538903542266313 0.0565167755327605
-0.047164644840821 6.64795859917616E-05 0.243652973721675 0.779146290114043
-0.058124331689141 -0.0889993385924919 -0.590954965453865 0.755356696391335
0.0212376235378535 -0.0695180801640994 -0.702751293699659 0.0626534292661202
0.0424497572052259 -0.0406775172576425 -0.0445055299062012 0.0793525664276882
-0.0152073794736812 -0.00965511495602151 0.68287373920134 -0.121727433678934
-0.00395175731250917 0.00436501974745886 0.380918802059388 -0.823700499409038
0.0332118772897801 0.00187906386259932 -0.512898056778551 -0.700976570515897
0.0359211488073373 -0.0435421207921623 -0.614900323942268 0.0905464314452312
-0.00942391205023422 -0.0731293048911062 -0.15810013452797 0.359200074025434
-0.0136312522041315 -0.0510879554542997 0.126147940502429 0.105783749946804
-0.00729072587384738 -0.0166242263190575 0.098233331136117 -0.199485302564866
-0.0250790213684189 -0.0278323307672129 -0.082702940819761 0.1965125080525
-0.00437098789656002 -0.0341809094735111 -0.0666104110083751 -0.138179511320653
0.0322696220255472 -0.0172283383145643 0.247496844083884 -0.309928294379798
0.00640759991647179 0.018036068616784 0.529682609129439 0.1175885861171
-0.044088956320797 -0.0026391524413188 0.140174989052773 0.812599037736157
-0.0471436626745192 -0.0897870640260605 -0.694126345719077 0.686560060779602
0.0143809151199636 -0.0632588615986399 -0.704842745228323 0.00179202679314499
0.0227067699203922 -0.0383568621411689 -0.0151208253064648 0.0784679911659058
-0.0246178940972115 -0.000978742431483673 0.668271550291203 -0.181225505693603
0.00222458559193389 0.0105677233949927 0.277546124348813 -0.853385312800328
0.038845902580852 0.00108607327517431 -0.58401975079196 -0.632709471699187
0.0298252210999893 -0.0376096920456191 -0.594619001330244 0.153942752643236
-0.0156733731532427 -0.0591932938995004 -0.118344534275064 0.367678749202639
-0.0168334923966118 -0.0384047081073437 0.145163575377476 0.0977482912739159
-0.0105162783095682 -0.00857333227420465 0.101562923906554 -0.194005122463846
-0.0294424985472965 -0.0149158500196241 -0.081149684118966 0.200622099636551
-0.00679482723783267 -0.0164184568891762 -0.0546261347492859 -0.136822887575635
0.0253140011044327 0.00269044656792459 0.268950927754377 -0.294045879175505
0.000912542956426302 0.0284895836702253 0.524413233813361 0.158004907249506
-0.0398030362451027 -0.000730363423324446 0.0721964766859724 0.825786255134696
-0.0400893647328028 -0.0822274491915669 -0.759619336635482 0.629152386548271
-0.00237076056640951 -0.0560516403384643 -0.704391329923914 -0.0376194622035793
-0.00376510232503662 -0.033112757671073 0.00483582263218427 0.077105665846402
-0.0354430606046128 0.0125596424911667 0.659126697167417 -0.218810831991094
0.0102822223141201 0.0203984689614291 0.210488245293437 -0.86794665085702
0.0460563030672579 0.00207766494554428 -0.627566231131283 -0.582942256114337
0.0269091319803372 -0.0282049486952913 -0.574693678048892 0.195134196051015
-0.019133081671774 -0.0414787407665848 -0.0903551255010198 0.372077915632831
-0.018498093230951 -0.0212660004123207 0.158628023718973 0.0942214709072092
-0.0139556171287597 0.00290452427336864 0.103618005457979 -0.189465572735473
-0.0328469347304217 0.00173776486423996 -0.0802580134789577 0.201801041650173
-0.0108376704494424 0.00568637835586473 -0.0499647415569608 -0.134200094461477
0.0141117233226947 0.0233661092314969 0.276561464243946 -0.28516211670122
-0.00644893716799091 0.0387806904479183 0.522756026751701 0.171763961638206
-0.0357906260608299 0.00571962622275621 0.0514357938393343 0.828579114218536
-0.0380671825472141 -0.0678439427230705 -0.781360507548296 0.606084911853828
-0.0256039513948829 -0.0481830089754083 -0.703359145066772 -0.0490995308693788
-0.0335160712245592 -0.027839553946612 0.0115092093359858 0.0773183222776367
-0.0465736195836381 0.0276506187072732 0.655960635332761 -0.231625249412122
0.0204723124306563 0.0316598295513616 0.191244488670985 -0.871449437300286
0.0524729914837644 0.00636084520366086 -0.637229940910857 -0.566459816558482
0.024730023109807 -0.0163192991749264 -0.563933730324156 0.209748929145635
-0.0188138192982695 -0.0213525554729588 -0.0809929771222736 0.374729404314086
-0.017986329014876 -0.00264959191353957 0.164076622887785 0.0925618605152512
-0.0168850925649983 0.016828582147329 0.103812740607 -0.186241931835849
-0.0352329678887645 0.0169394130767163 -0.0815778122804269 0.200679828740042
-0.0144793885291025 0.027547361787664 -0.0551441639542563 -0.132083439996864
0.00491908158538928 0.0426596517288929 0.272917522682467 -0.290250886927935
-0.0134711252678529 0.048588437813552 0.53180534506642 0.156321384432052
-0.0312009212025253 0.0151543722595294 0.0811006415042156 0.822406181529276
-0.039282597464203 -0.0491945353089542 -0.751900698512306 0.623230465676094
-0.0491109360258147 -0.038607171854403 -0.704190017675315 -0.0355649588940315
-0.060997001031648 -0.0227013897683536 0.0038455670922584 0.077948813841932
-0.0595358627838108 0.0430672542369583 0.663344286889408 -0.215766278441275
0.0284310003390829 0.0446531972123481 0.219413502718215 -0.867563302115311
0.0579308908468605 0.013138270568439 -0.615940892086223 -0.584744503761779
0.0232943990200059 -0.00462680085901682 -0.568570530274029 0.196357885439567
-0.0190807547925163 -0.00338771028141012 -0.087795809656099 0.376721905140371
-0.0173950719670259 0.015607804157853 0.161354146006105 0.0977663777689467
-0.0186540718467753 0.0298473953980786 0.103285763938887 -0.185009382192545
-0.038209918737541 0.0301007094493494 -0.0842054221543033 0.198300778693098
-0.0163999658410691 0.0454156456816709 -0.0688083634405271 -0.128589516377274
-0.00117805281559279 0.0570944206585181 0.252371719836348 -0.304635248793501
-0.0179470620048716 0.0583573602771488 0.545057647013405 0.115369994995486
-0.0263679260051338 0.0259579929697864 0.157646073273937 0.802767987442921
-0.0423027634150252 -0.0295970260190813 -0.683245489311536 0.671340880223255
-0.0686255638040565 -0.027229029048638 -0.702442909440082 0.00485410111348477
-0.0841061451994881 -0.018568588359057 -0.0163153838838516 0.0812013432148823
-0.0737060188459798 0.0531179457472652 0.67426259457179 -0.177437146724807
0.030041649206246 0.0587606336900583 0.292516404390896 -0.851849884773275
0.0611054561369253 0.0214709083949745 -0.565620015500214 -0.634909814119911
0.022477699999688 0.00541082210428718 -0.583245128103576 0.15791121632412
-0.0192619706107578 0.0111257305768818 -0.112709431881658 0.37725222922103
-0.0175155175204105 0.0311548398082909 0.149675921318082 0.105201628377875
-0.0209237114344628 0.0402219785709479 0.100810176490776 -0.186703895743026
-0.0366384762802419 0.0385668612095123 -0.0880498340965502 0.191835543275245
-0.0141416076484409 0.0556675588314271 -0.0903002965381031 -0.125331617506158
-0.000316595362474505 0.0660177544632777 0.221604327896977 -0.325800138521056
-0.0162649225754376 0.0647783487217068 0.554706365603921 0.0519879203996647
-0.0220692561563369 0.0348026587464575 0.261802598664668 0.764099843251577
-0.0432479273594302 -0.0120662029926914 -0.577047982047855 0.733799803031929
-0.0802805596164159 -0.0131274570817337 -0.698587067230073 0.0664436376541368
-0.0980059189888471 -0.0156086212284982 -0.045955393952347 0.0832449000876281
-0.0872487845991318 0.0575541743743088 0.686264106503294 -0.118165260298397
0.0275850876329741 0.0718627711994688 0.401528605272954 -0.820642310172037
0.0613465921563324 0.0318306163319991 -0.484055675074157 -0.7066902087675
0.0203631460339542 0.0134005245484193 -0.599228998154319 0.0950162650239711
-0.0209077410037835 0.0192209232353816 -0.150953621070987 0.373368991871296
-0.0191177404418822 0.0412498817970605 0.130732804388804 0.115651602478571
-0.0224838925082534 0.0478732950116293 0.0970904987032604 -0.189590558563519
-0.0199297555121144 -0.0378993296033752 -0.091404546594696 0.183412604259246
-0.00482839256430403 -0.0504533790819124 -0.112323995295235 -0.130019670128581
0.0330397912729402 -0.0422754704868357 0.172796457231016 -0.352418047681259
0.0108283767541959 0.00274188714184799 0.536677164334577 -0.0216477660057615
-0.0471625729565447 0.00658341295365983 0.357679734149083 0.720464075589893
-0.0692127492983015 -0.0799803605290817 -0.453369649470217 0.817852953890062
0.018196230034931 -0.0712433930798184 -0.688463623645386 0.137810820771513
0.052934610445454 -0.0413134731407769 -0.079697758180615 0.0824575136551632
-0.00720960869100341 -0.011882149745347 0.688258423048905 -0.0551938775950133
-0.00697697758185215 0.00126332417634878 0.498000854830666 -0.770701959544311
0.0287295103245198 0.00494541822315261 -0.413360116114584 -0.768371982684149
0.0409051483272983 -0.0438498619734459 -0.628182573680621 0.0176446906934247
-0.00188488289727665 -0.0809872205180186 -0.199706794853449 0.347531227437584
-0.00954726803457187 -0.0580905116758421 0.10211420218809 0.113648798533067
-0.00488979900569631 -0.0208530841340528 0.0945529912559569 -0.204435474204129
-0.0218906767135435 -0.0358259581000636 -0.0861991607801864 0.190279869358869
-0.00404994953622124 -0.0471365963115788 -0.0882163227240192 -0.135335786159532
0.0350390045993637 -0.0323437650497719 0.214443344545367 -0.33136476174894
0.010322595245544 0.00844913679404543 0.537417655227944 0.0535601428029863
-0.0469231764981288 -0.000135575032532564 0.247895415550428 0.775223448273566
-0.0584711495480077 -0.0891753954908272 -0.583357328632891 0.755332513345349
0.0214703475180603 -0.0681600209718539 -0.700160846720475 0.0654491467634645
0.0419043408139587 -0.0400454274574764 -0.0438060599529187 0.0799155986535581
-0.0152078728783155 -0.00954899203346626 0.678638586039076 -0.125704418626611
-0.00516521386260022 0.00396507143923234 0.374574081067578 -0.823278659760329
0.0335294452431798 0.00111359198887541 -0.514948752818347 -0.695448677527503
0.0353539667017858 -0.0433253209745835 -0.612727916559376 0.0954104328101975
-0.0098372699694892 -0.0732588384843229 -0.153727250361486 0.359690581757594
-0.0139285048773671 -0.0503092419988243 0.126835962264813 0.105122517538783
-0.00711150923205285 -0.0165539545596323 0.0979969038405327 -0.199266962449409
-0.0244763903699766 -0.0272209199335444 -0.0823653010448397 0.195279295779738
-0.0040814655665272 -0.0343033807956787 -0.0690539377697047 -0.137119334481663
0.0321808905504617 -0.0170323917486311 0.244566185563543 -0.309164467151834
0.00716299379375446 0.0183269363265333 0.530447377807978 0.114932372434933
-0.0437618723034464 -0.0027948270701667 0.144863501856968 0.810521436110186
-0.0472304926120297 -0.0898405081762053 -0.68814442805868 0.686591211927163
0.0134220392891714 -0.0618351979225059 -0.704519911601488 0.00538123657454341
0.0225696419618673 -0.0373067589695794 -0.0147474059704795 0.0780556819804994
-0.0257200927344818 -5.64693269893696E-06 0.666618680156662 -0.183760117036392
0.000744308009927745 0.0112031644874191 0.271902435044024 -0.851381307235967
0.0396512732966921 0.000942647159856553 -0.588262812121891 -0.626654522860901
0.0296332458094776 -0.0382666687703448 -0.591681711546921 0.159153598083337
-0.0160896977768457 -0.0598772185915005 -0.115708686942621 0.366942937033812
-0.0169598962472173 -0.0377541149264109 0.145247588875729 0.0968500008159117
-0.0102535121785372 -0.00884484900180509 0.100428595536246 -0.193465789021337
-0.0287662431384257 -0.0142362620972978 -0.0797606103189199 0.199217115959449
-0.00656820610711626 -0.0157665014497542 -0.0558528377312663 -0.136524441581058
0.0246489241295635 0.00278724896733853 0.264325603050955 -0.294084997322075
0.00116830584099294 0.0297501215588326 0.522560332187 0.153942946923733
-0.0395504819408767 -0.000632743531915907 0.0764350158102858 0.824564146214109
-0.0395607910723574 -0.0815346078094354 -0.754755559918346 0.631055341345698
-0.0025999790263035 -0.0551348357136809 -0.702381267733078 -0.0338754738546751
-0.00434601682413732 -0.0328396383957041 0.00492560871101278 0.0771087263007545
-0.0362020269432068 0.0121595669987425 0.655645857342925 -0.219559685709502
0.0107410881986995 0.0202161659563057 0.203156100690633 -0.864126532552808
0.0453368933133049 0.00168298698162029 -0.630215375200811 -0.575010062360303
0.0264216653064872 -0.0284680879054873 -0.57230236189737 0.198911321020615
-0.019477214664027 -0.0410664691953635 -0.0873191424295357 0.371818947944149
-0.0180835747990057 -0.0210054594943745 0.157870996373941 0.0925671554937903
-0.0130398700868088 0.00318233071040396 0.103367988257209 -0.189043358094631
-0.0324449079362049 0.00124729672313888 -0.0792484631465058 0.200553436543059
-0.0107299154550984 0.00619915323596005 -0.0514453978108454 -0.135019782420048
0.0141549149438702 0.0232431227016279 0.273724888560905 -0.286300936519415
-0.00674085443103566 0.0394935695671286 0.523327781790001 0.169962360851479
-0.0350402118541855 0.00547438920764669 0.0574517332815129 0.827170342083813
-0.0383907657566661 -0.067712008890236 -0.775540212308642 0.608811174161939
-0.0254237173239771 -0.0469117870837957 -0.702054737298572 -0.0454163271142954
-0.0331689357711911 -0.0270464733408789 0.0112389426419919 0.0769762464434033
-0.0467416509201826 0.0285763996531512 0.652193751755979 -0.23410470043698
0.0204112222338187 0.0315654589778558 0.182681224936688 -0.868926683700221
0.0520055619866275 0.00550064987487259 -0.638893555690345 -0.558347961324071
0.0245766194056452 -0.0169040643504534 -0.560900006544084 0.214998063613997
-0.0201090832342469 -0.021499481991252 -0.0767774521174383 0.37502404605842
-0.018446788408517 -0.00217081202003106 0.163929873793213 0.0920729934847774
-0.0163439550867781 0.016537777086842 0.103291003959097 -0.185420341606331
-0.0354831822891067 0.0167712604568563 -0.0808624871363135 0.200397518584304
-0.0134984037688735 0.0280355128528469 -0.0562496046132468 -0.131385068613071
0.00557972025312695 0.0423174976767127 0.270924410430655 -0.291389345270143
-0.013026166250462 0.0500141617783269 0.531779771933261 0.154246679942886
-0.0299313190512833 0.0147873662532231 0.0852708460881481 0.818905330588894
-0.0395657293923367 -0.0485409965528395 -0.745640183072592 0.624824761203801
-0.0490953340076862 -0.0372726086319121 -0.702725538397415 -0.032531573596945
-0.0610459593859618 -0.0220710254578745 0.00405079939685061 0.0788454516790054
-0.0592043703967378 0.0427794492386669 0.658845732278748 -0.217932684218197
0.0279814319535642 0.043943927193366 0.213884562321392 -0.864936663407143
0.0583246672341771 0.0118088869447545 -0.618585689753139 -0.577859144589167
0.0239721324821053 -0.0041442192288122 -0.565042850988118 0.199831631984582
-0.0193886591575568 -0.00340173007924679 -0.0842461526702334 0.376716242200434
-0.0178077891637228 0.0157276884744495 0.161310698910345 0.0959126741160929
-0.0184911852516626 0.0298857281374037 0.10238182793594 -0.18526275414234
-0.036141081932685 0.0297646484171344 -0.0837740909084487 0.196460849947015
-0.0141573839513217 0.0464675450493219 -0.0697180572712684 -0.12831756718134
-0.000871963046731591 0.0573011638017176 0.250280669559607 -0.306319977762813
-0.0170975535144435 0.0583899904362961 0.542931077643892 0.112738537158106
-0.0268020383549304 0.0254022625651714 0.162565586544559 0.798842202595646
-0.041484917998575 -0.0290871586663684 -0.677516565813026 0.673522520315075
-0.0682281041669205 -0.024708567185145 -0.700872398658022 0.00920708117343808
-0.0838832199912656 -0.017753097521826 -0.0154540276094153 0.0808312719814943
-0.0735307976387709 0.0541861397741222 0.671947593700752 -0.179735713476647
0.0311812466064033 0.0590749076160665 0.287460750004904 -0.85199519691639
0.0608642536491333 0.0211984517395348 -0.568621479568816 -0.628683512770563
0.0228738575334263 0.00567244769285292 -0.579198206687285 0.162329439793662
-0.0195589279496673 0.0107503082759654 -0.110166643980337 0.378102901022793
-0.0178218343697129 0.0308684191454466 0.149041405685622 0.104601720366811
-0.0201814683575124 0.0413842589615265 0.100541067454475 -0.186507527908272
-0.0352779158119131 0.0383738057419924 -0.086741205880502 0.191618872948397
-0.0130412691684004 0.056760320934265 -0.0909444993938402 -0.124301196364072
-0.000570249886001375 0.0661976952084022 0.219398513006544 -0.324751911092637
-0.0160553365516187 0.0648558115372259 0.553382512715694 0.0489171672662948
-0.0212067794138385 0.0350121617011848 0.266545514948316 0.75933266141309
-0.0430760675584393 -0.0119882525953382 -0.570879913894555 0.732239869121656
-0.0794669506034238 -0.01181156955956 -0.695673768464747 0.0702427025410923
-0.0980811753432389 -0.0149858933455433 -0.0457823221486297 0.0837271195589514
-0.0872513530132895 0.0577046526811089 0.686208663172474 -0.121583067599555
0.0285174483658668 0.0717124193741269 0.394526613413358 -0.820611047178415
0.0606734126846562 0.0301911107643252 -0.486148532493082 -0.699422186128003
0.0200299275594571 0.0128764533264785 -0.597051367827035 0.101539350851125
-0.0209120205359482 0.0191583588809111 -0.146390260743818 0.373542662344549
-0.0183901593072395 0.0414827929142529 0.131411715464785 0.116047250083045
-0.0218911829667126 0.0479072699478904 0.0952784234478859 -0.188217397998666
-0.0200581123756646 -0.0380620158813236 -0.0908904904976412 0.182521591484827
-0.00407317711844873 -0.0497607726164106 -0.114231659255722 -0.129033103711238
0.0327093759987939 -0.0419544306111537 0.169835272087498 -0.351949957561537
0.0102039343098237 0.00321456441501412 0.534865633565153 -0.0240351872763769
-0.0472176693004141 0.00634530621831889 0.361787709559232 0.715346215388296
-0.0691966187213704 -0.0789150186711508 -0.448216136603661 0.816291402306827
0.0184641238328319 -0.0705867914579431 -0.68689262269054 0.140332366727479
0.052712577945885 -0.0411131871904994 -0.0781001326555406 0.0830213464565697
-0.00682808116296013 -0.0114722859659257 0.685381642658822 -0.0587496368007743
-0.00713304681826334 0.00062538390235152 0.489812304926627 -0.771181844309173
0.0284260540249028 0.00462506230820289 -0.416405146284652 -0.762357658387161
0.0408857462038329 -0.044528747215157 -0.626068907579218 0.0229155046706536
-0.00246188771222403 -0.0807104697121619 -0.196104302717269 0.349358023183737
-0.0105565707635627 -0.056990857551583 0.102892343156565 0.113214816505278
-0.0050662948646054 -0.0198275802869703 0.0936890150792649 -0.204092570172632
-0.0218984678939596 -0.0354350412543643 -0.0854790934412753 0.18927056823581
-0.00379066170945105 -0.0464831312564208 -0.0903885146872569 -0.134420875112314
0.0347881805301712 -0.0325998104912573 0.210350479827439 -0.33112271217758
0.0105459640122563 0.00839533450264433 0.5362920444805 0.0498991468634018
-0.0470763733618286 -4.48397877995336E-05 0.251046709092473 0.772333434622869
-0.0580473851324933 -0.0885264169353314 -0.578124324468269 0.755709555696137
0.0211791380225281 -0.0669429081068059 -0.698327859414059 0.0682227281094013
0.0426170546497074 -0.0399034006114213 -0.0436908134626674 0.0804498749321776
-0.0148370670652637 -0.00857771776214737 0.677063084319611 -0.128252730254413
-0.00445844320898529 0.00392519215922338 0.367262613973707 -0.82314047051887
0.0331223701576488 0.000729553556148324 -0.519740378741413 -0.688535533789616
0.0351524108615941 -0.0440391899450372 -0.61013674288412 0.0994069134162221
-0.0102465899321274 -0.0734047897930513 -0.15044229231669 0.359445651320671
-0.0149365494189041 -0.0499235475830614 0.12582080464866 0.104723709429515
-0.00721380113619151 -0.0159250716173373 0.0972620381854589 -0.198171217478521
-0.0248229583139618 -0.0275947728318432 -0.0817042259190379 0.194954401638884
-0.00426618079431906 -0.0336373841810146 -0.0706563143447581 -0.136372159466529
0.0325473971636114 -0.0169869598787667 0.24291342392573 -0.310582664825579
0.00687950369646411 0.0175740351650751 0.52888977600965 0.111398015097702
-0.0440938653515891 -0.0031309692923654 0.148010669134151 0.80842399517269
-0.0475136459813256 -0.0887849927050166 -0.682335489757071 0.687956359062268
0.0143003075209474 -0.0611500206971311 -0.702359351122448 0.00802598381282664
0.0216291229154623 -0.037042966872266 -0.0146035881088144 0.0784759640447718
-0.0256653455903607 -0.000248455255222602 0.663199980909684 -0.187179898904215
0.00176941821552979 0.0102918935468795 0.263099742060904 -0.850183267421827
0.0385138063583555 0.000947838424228426 -0.589944449927338 -0.619624545378218
0.0294361730088141 -0.0382718923608633 -0.58926719246653 0.163141302682453
-0.0167997702057138 -0.0585558830642957 -0.11272409939203 0.368090334463263
-0.0173770419406043 -0.0368888859081015 0.145574470937112 0.0966175721505691
-0.00989669226035558 -0.00795035093903226 0.0989776367640428 -0.193472218182994
-0.0293253456603847 -0.0143162477168879 -0.0795447509000003 0.199001189754779
-0.00705082706765679 -0.0151561385056098 -0.0572057286499306 -0.135252661999798
0.0252103670205312 0.00228181024644438 0.263423138926505 -0.293563630382506
0.000984816267898571 0.0292109297994941 0.524199723197393 0.150835791333329
-0.0394707197269929 -0.000747748301701934 0.0815819138558778 0.821219827558075
-0.0396298216279578 -0.0811878906211855 -0.749659350344896 0.633910490870901
-0.00250100281355413 -0.0538947162692787 -0.700834938700388 -0.0302074742605824
-0.00361457667096355 -0.0324693439818707 0.00508593825716835 0.0764573427006068
-0.0358842589688422 0.0135903743763865 0.654107529830264 -0.223841017781519
0.0108634532945244 0.0201257990480679 0.19842317451542 -0.863505496635744
0.0456256181098899 0.00118835445707578 -0.632210053215128 -0.568470445133466
0.0254407903599469 -0.0290308294012341 -0.568921957617662 0.203176899869423
-0.0204961002422138 -0.0404677417679746 -0.0849876676832301 0.372954840471024
-0.0189065023444431 -0.0201208319794469 0.158836276172673 0.0918510016319809
-0.0133485737993815 0.00370383673743604 0.102396401065351 -0.188234967732861
-0.0314078338359671 0.00125523136533008 -0.0778007561862555 0.200331629024692
-0.00976869214375854 0.00694663609554607 -0.0522067261074304 -0.133473009921975
0.0150047811551888 0.0238749042002245 0.273540183582481 -0.285659776512311
-0.00673801306041656 0.0398442800372114 0.524091257861482 0.164939465360929
-0.0349597485750897 0.00476041936769818 0.0600160213044608 0.825041502241916
-0.0376254639411708 -0.067077727121539 -0.771213748583794 0.610754456136538
-0.0253904387525904 -0.045504953447242 -0.700189700903527 -0.0412066780975755
-0.0324542363307129 -0.0270201517985259 0.0117324887387236 0.0779635359939493
-0.0467735557629567 0.0291512519811275 0.650046811284738 -0.234494021045798
0.0203727333213004 0.0324421038067922 0.177507004309199 -0.867980033798328
0.0520419962625128 0.00577315656493188 -0.640718252760646 -0.550733826216781
0.0239534875743304 -0.0169900063517146 -0.557623497474053 0.218881575874103
-0.0204283704520501 -0.021104801094522 -0.0739655963860004 0.374884523825641
-0.0186142733099132 -0.00136173453294456 0.16436157478649 0.0907722628281918
-0.0157812122547947 0.0169217652298916 0.102417776926013 -0.184939039200014
-0.0352492669086215 0.0167852678186793 -0.0797030043389194 0.199066324147634
-0.013050660496077 0.0281245936845089 -0.0579631481288359 -0.130639196180751
0.00590238357263972 0.0426618830319699 0.269180774361693 -0.29044020331137
-0.0129161682076728 0.0504733047348149 0.532383300643724 0.150208059005771
-0.0311299678894306 0.0140895466180794 0.0912246588594325 0.817415084078701
-0.0400092985926021 -0.0483197161138307 -0.741241967019371 0.625006258567148
-0.0480823556781834 -0.0363573211401353 -0.700538043609647 -0.0293140888731714
-0.0607660612903367 -0.0216604115746943 0.00469683730859518 0.0790410147853032
-0.0595649219003571 0.0441287415397984 0.65702569536302 -0.220399547777542
0.0276607658475427 0.0450344064981702 0.20783445861856 -0.863229143226771
0.0576533919916019 0.0116286633688304 -0.621005788783658 -0.570991561955063
0.0232903112336329 -0.00505908368941187 -0.561720591015565 0.205379480772637
-0.019659354871725 -0.00321464045933907 -0.0802781195790924 0.376105128589056
-0.0173730273039899 0.0164350640117337 0.161085756639348 0.0959230222217252
-0.0174913365981143 0.0295392519589716 0.101929905588134 -0.184008842857081
-0.0353327839672826 0.03042501712307 -0.0817074027609133 0.196174064434044
-0.0138696929808478 0.0464028176289977 -0.071396367200638 -0.127297416055069
0.00015247508307431 0.0568640791154584 0.248178017723351 -0.304760042759684
-0.0166135803079616 0.0582919066935939 0.543746513702387 0.108515778103554
-0.0256079589223418 0.0250897467087798 0.167552698027716 0.796646164494421
-0.0418372852820097 -0.0287057979285866 -0.673366456925015 0.674719793123545
-0.0674342513367706 -0.0245567759155492 -0.70000356256861 0.0121924628418337
-0.0842244989717849 -0.0174808354789488 -0.0151573866132866 0.0807825260501299
-0.0730495242113346 0.0540548394556033 0.669542490601228 -0.184359804386291
0.0306088401314727 0.0581283779233557 0.281913720539323 -0.850330314325922
0.0610178276558634 0.0204246533966558 -0.570916316657106 -0.622037631130308
0.0218815383638648 0.00556804695333495 -0.576446222985374 0.166474451088144
-0.0199648810371752 0.0110170935428066 -0.10623140350746 0.378560204096395
-0.0172680148859899 0.0310806321341304 0.149588141354546 0.104280755775567
-0.0191170442545868 0.04062782049758 0.099085703772825 -0.185816403052031
-0.034188481558993 0.0375517520350265 -0.0867987153184771 0.190466256585236
-0.011670933222475 0.0562958322984281 -0.091870666193215 -0.123295104370947
0.000323473757869716 0.0660285958207197 0.217262168934661 -0.32573079329437
-0.0164258529976422 0.0654881967277771 0.553293024011088 0.0458064527345145
-0.0213465657360389 0.0342170533542157 0.270263903462565 0.759213300547163
-0.0425223986233934 -0.0114629366745078 -0.565470186581754 0.733718224530378
-0.0781485749715598 -0.0108264893320445 -0.692634007628938 0.0743567589568781
-0.0978456079450669 -0.0143577680002835 -0.0451577355224301 0.0841368011014627
-0.0860066434537919 0.0593836924442614 0.683655036226145 -0.12291352134469
0.0281255689696843 0.0705247863592154 0.388443421540968 -0.818317864855379
0.0609385372630726 0.0289867801581747 -0.490950986287427 -0.693633543937176
0.0203877134915696 0.0116416076107908 -0.593883534468483 0.104189677970939
-0.0217132387540152 0.0190961824478557 -0.143550943963308 0.373883041373405
-0.018388308519249 0.0419883065145433 0.131954445997197 0.115076808752133
-0.0204374389154317 0.0477361167627416 0.0944610236130454 -0.18856492518435
-0.0202056073503504 -0.0379943223238355 -0.0903043722420696 0.182074438266195
-0.0047917505335503 -0.0486821330003463 -0.114346144613532 -0.128698392150275
0.0321854190994275 -0.0419959071091793 0.167024224498869 -0.351664432992495
0.0102589495216173 0.00309212361250653 0.534528511669215 -0.0272521842301516
-0.0470246517095628 0.00636759107293785 0.363914508928612 0.713455521065417
-0.0693621328473427 -0.0786329799588928 -0.444172396048039 0.815452110615204
0.0181342990535275 -0.0693168250226032 -0.685239927446922 0.14204208682987
0.0519871486722856 -0.0410302874453161 -0.0785971953845501 0.0830383555215382
-0.00735683712316285 -0.0110862731149865 0.684933413512661 -0.06026084966051
-0.00793491174752042 0.00112963380781936 0.486162481218217 -0.770595036294951
0.0283037659419663 0.00471188974372845 -0.421423360145411 -0.758409778310504
0.0409704199550201 -0.0439949642085228 -0.626183002201776 0.02575695052715
-0.00309008209769195 -0.0803142926111413 -0.194610275570253 0.349525711109812
-0.0108880400045235 -0.0564927935199447 0.102760743978247 0.113268835438121
-0.0050815924639886 -0.0196071684946999 0.0932126433734047 -0.203494725812495
-0.0225006052061274 -0.035522817238238 -0.0860371047051673 0.189253048338326
-0.00331721275043506 -0.0451029961768827 -0.0920357589033142 -0.133884445241401
0.0350065915007864 -0.0326538932253774 0.208809252438894 -0.331114789817648
0.0103973765087287 0.00996807206732358 0.535888598068812 0.0471502552236973
-0.0469592486636902 -0.000497308227446876 0.255277151268877 0.770409376886108
-0.0572204445232374 -0.0875021315970877 -0.575155738206221 0.754934761831646
0.0207933024948964 -0.0671986515630687 -0.697322150728754 0.0698752445373165
0.0419840368142353 -0.0395825403713233 -0.0428496158636873 0.0799517530825965
-0.0157470394676339 -0.00835128512244505 0.675791732719601 -0.129752562310262
-0.00486364954597905 0.00420383255628039 0.363403643583222 -0.822033186218655
0.0329216974100861 0.00151740133631202 -0.521064103330456 -0.683977874793181
0.0356853815247451 -0.0447103489382174 -0.610190111849951 0.104573181731662
-0.0109059933199635 -0.0725025753581709 -0.14851723224665 0.36113405239198
-0.0155058239006477 -0.0492628068424859 0.126444414106125 0.10477119456948
-0.00769205234659179 -0.0162408060786983 0.0963536830265346 -0.197679810819409
-0.0239088389429687 -0.0269929873806962 -0.0808072612276881 0.193103194746337
-0.00392806203253901 -0.0332581194623043 -0.0716757191472066 -0.135341000906286
0.0334215255290009 -0.0173661956224925 0.240487636088075 -0.31032423198754
0.00718278097949266 0.0192945763406474 0.530777359972301 0.108636872931416
-0.0436053071134978 -0.00342880354529365 0.151811999169641 0.804725385808939
-0.0475413101451729 -0.0882496761646776 -0.677875007334314 0.687516609893173
0.0141694478033253 -0.05975150601869 -0.700324535439 0.0107048820259998
0.0219603671748378 -0.0369559885261559 -0.0141288222786443 0.0785061048435897
-0.0251474971288424 0.000203968524806607 0.660468570638427 -0.189055429493879
0.00229727402055296 0.0105390878711566 0.25794801158011 -0.849015508577117
0.0392198533599857 -7.7324945635119E-05 -0.594035553258169 -0.615424503487364
0.0299010441223636 -0.0388218316499286 -0.587254567394382 0.165958873062253
-0.0172191540376017 -0.0583532151054657 -0.109930246807343 0.368280868056428
-0.0184058054126453 -0.0365398738909379 0.145061648761234 0.0954613719176859
-0.00988316087592044 -0.00770673165332211 0.0994419495194637 -0.192644295628764
-0.028927270239876 -0.0143333513136158 -0.0779790853992978 0.198511000289015
-0.00549272349557898 -0.0147686606732988 -0.059016599744535 -0.135249038018782
0.0249816298217774 0.0031071802258701 0.26251165551168 -0.293792527291089
0.000349211373110579 0.0294676694535404 0.524921914111545 0.149624410690383
-0.0399186334328733 -0.00165255817064654 0.0836093416861944 0.821908388449856
-0.0403920104110939 -0.0806184450994214 -0.744037413333263 0.634651924173838
-0.00244890204624669 -0.0530356659548995 -0.700804441155944 -0.028976745788969
-0.00431750772950853 -0.0313691431405957 0.00568056125770928 0.0779129923590084
-0.036012349412722 0.0139508337757319 0.650519399679613 -0.225166110743458
0.0108557858840881 0.0205197945092211 0.194618802478851 -0.862823110420353
0.0458232633524069 0.00187529455857083 -0.634315235788717 -0.563584661965779
0.0263888833344432 -0.0294309554858547 -0.565716821957964 0.206718544782843
-0.0201874462399571 -0.0406366332704672 -0.0803625147143305 0.371679490741059
-0.0192521539858951 -0.0200389657933817 0.159557357847409 0.0919202222858306
-0.0130779842886505 0.00374436521079115 0.101643191191235 -0.186861849961972
-0.0320381855970781 0.0013654636836308 -0.0777714898848933 0.199613417897643
-0.00932685469319984 0.0070796509737676 -0.0540446526353714 -0.132627865232436
0.015369884456238 0.0232919649856449 0.271030958962592 -0.287144522694287
-0.00629798965327681 0.0403625108442053 0.525000927294559 0.162987028963805
-0.0344507715558768 0.00510155023810922 0.0658603095713718 0.824507616567167
-0.0379051716252576 -0.0670211043546065 -0.765311580189177 0.611381450391907
-0.024743636938884 -0.0448406145369738 -0.700982790527205 -0.0386974879901293
-0.0334016626212357 -0.0265030154182397 0.0120233410478494 0.077419306215203
-0.047460046248235 0.0297001300567441 0.647316840081696 -0.23952806862493
0.019881986000906 0.0317163436880178 0.173772150295981 -0.864833104738714
0.0524623633963969 0.00521171197830094 -0.642957557162754 -0.547345576139788
0.0241777329845362 -0.0164792880110099 -0.556254285017895 0.221021242762913
-0.0211816806349671 -0.0216275127470836 -0.0714457354023467 0.3750793455962
-0.0187296076815419 -0.000872856330375867 0.163969214400598 0.0910400991123238
-0.0149977199397466 0.0171796233863233 0.102167664775818 -0.185052199737399
-0.0340755264125722 0.0174568830191417 -0.0790550006788699 0.198533250054674
-0.0122767655585767 0.028167772826749 -0.0590606181452374 -0.12979229719128
0.00514681794243324 0.0419538188021301 0.267879188432755 -0.290004163408383
-0.0124233804284517 0.0512233189684557 0.532513958453167 0.147418730123346
-0.0306227898685717 0.0142843039999591 0.0970453859579932 0.816442044213716
-0.0396291949077065 -0.0484551588063846 -0.736941793946669 0.628415045770564
-0.0480812250294582 -0.0359921392665842 -0.70006312036188 -0.0253753247058371
-0.0606643615845414 -0.0208180198743432 0.00499173611861849 0.078562777909643
-0.058793157254365 0.0439793399519451 0.654543893338019 -0.222471784812441
0.0271699908431495 0.044666733837103 0.205380679161469 -0.860318568726701
0.0576661231218445 0.0118177838325652 -0.62155428641488 -0.567352728058845
0.0230676166522787 -0.00523542864135304 -0.559364194036627 0.207487023253629
-0.0202675965828653 -0.0028236051067225 -0.0781585530080157 0.3767681924739
-0.017552948058531 0.0165939590116802 0.161937196070946 0.0955183758182079
-0.0175531251477518 0.0300540890253855 0.101251261454922 -0.183176805332961
-0.0350987636595773 0.0297445427718812 -0.0825241652595634 0.195929337877159
-0.0132652082227631 0.0458544158282258 -0.0727630727710094 -0.126657353275108
0.000363623133361426 0.056852565532834 0.247261460904907 -0.305366992732288
-0.0167569820250599 0.058509051401346 0.542665587674197 0.106104648830171
-0.0260251328819099 0.0247808085435536 0.170418133179408 0.795699410419718
-0.0423099927573476 -0.0278023548800156 -0.66936806765744 0.675196977084137
-0.0675808313493158 -0.0238547699804489 -0.697275460696859 0.0144647583161065
-0.0837618511545075 -0.0167061294084764 -0.0141896517517343 0.0807030038329327
-0.072256629729994 0.0543216773590091 0.668587567476384 -0.185703595913745
0.0310423652075244 0.0580332886693472 0.275517890397956 -0.848298662039
0.0602921365713701 0.0192867140896254 -0.572426017527494 -0.61604060085371
0.0219706121745561 0.00482674766208932 -0.572595332984624 0.168202520061296
-0.0195773019508478 0.011393286906571 -0.103706934838115 0.378063319659717
-0.0175479158481587 0.0313095469630521 0.150836880048558 0.104134016369718
-0.0191379229302259 0.0406991624903764 0.0986582833857979 -0.185406931638486
-0.0341690125731965 0.0380649280362102 -0.0859409893479739 0.189856010667494
-0.0106622832120869 0.0570158364748175 -0.0926441049941782 -0.122625883805155
-0.000217704593664887 0.0658563890078691 0.216453378130246 -0.325751919492753
-0.0158014648473466 0.0651750794829777 0.552829045739785 0.0415710500399718
-0.0211298552211596 0.0332271282994801 0.27418017491603 0.756205568802921
-0.0431068800316348 -0.0111309283568084 -0.562476557291048 0.734809319682209
-0.0781324067724212 -0.0107696333122225 -0.692118140835034 0.0747285023797258
-0.0980649210214568 -0.0141049649094347 -0.0432632078240662 0.0845053035828304
-0.0863119377538989 0.0593849329201537 0.681966931349416 -0.126446620647142
0.0282904337951931 0.0707654751177476 0.384021945259 -0.819343433757808
0.060874740415847 0.0294175395579506 -0.493296605131615 -0.689020798463653
0.020684690928227 0.0115171705308506 -0.591745776934423 0.108163552659325
-0.0218448013270751 0.0197084975382907 -0.140577632710014 0.375239767422225
-0.0183333951833319 0.0415114979735468 0.131818465569636 0.115513149716303
-0.0201607475698471 0.0484521672772915 0.0946944794125036 -0.187025114461491
-0.0204556443473216 -0.0374736382779913 -0.0901895073490899 0.181980927878778
-0.00503658405353935 -0.0477950853717569 -0.117062959111549 -0.128176528242881
0.0319552374873381 -0.0412609527231527 0.166666463767474 -0.352171295705491
0.0100053986101167 0.00386323622577012 0.535640410057727 -0.0283445020545526
-0.0470090929613954 0.00541297563419868 0.366667759803594 0.712357309002105
-0.0694285855269344 -0.0785544542196846 -0.441873915486791 0.81618653474576
0.0183956762561642 -0.0686911252433566 -0.68473767999189 0.14384793611611
0.051958777438178 -0.0403959550116744 -0.0785864253482448 0.0835433944513165
-0.00771067122085806 -0.0104704911781181 0.683112310503452 -0.0616668589593699
-0.00771199670496357 0.000706498822872853 0.481133062830692 -0.769739463787331
0.0282980056527658 0.00426256297087305 -0.423925770531905 -0.755812429073456
0.0413405462446705 -0.0442753035768121 -0.625248547116926 0.0294263414322487
-0.00364865900343851 -0.0803332340545198 -0.192550294818549 0.350337576428612
-0.0111367475198359 -0.0556505220110338 0.103138798038621 0.114755427281989
-0.00462812700422604 -0.0194416153968748 0.0923103279200011 -0.203295773311991
-0.0224501243772207 -0.0351259674722598 -0.0855686084050297 0.189074442938874
-0.00284238960428441 -0.0444600824557528 -0.0936181596999302 -0.133139644237499
0.0342898505040326 -0.0321574691891194 0.206959083976984 -0.330624078137733
0.010645593564415 0.00950279164599711 0.538244721532887 0.0454387218264196
-0.0455712836959134 -0.00124655864448714 0.257035585196868 0.771366453347647
-0.057597171247683 -0.087391680301098 -0.573127736057231 0.755897963654888
0.0211189851197987 -0.0660633574356463 -0.696625518536036 0.0726139905846589
0.0412534670427599 -0.0396133027525081 -0.0421515634675954 0.0808248761333007
-0.0156128014555461 -0.00757342824170532 0.675734732203902 -0.132516975132264
-0.00443638627741964 0.00304116488309673 0.358671920393018 -0.820696245853099
0.033698726574254 0.00144533155780747 -0.525286688319554 -0.680168890805246
0.0350047244600821 -0.0451071118755152 -0.609441603542325 0.107743653234312
-0.0117594295385315 -0.0732078973065948 -0.146890951543363 0.3622725340632
-0.0152799551391356 -0.0493279156040914 0.127137754948582 0.104403211788068
-0.00784453272557795 -0.0150638555441288 0.0963991394250178 -0.196992152515496
-0.0251321856256158 -0.0266572744820539 -0.080923097995327 0.193254038962655
-0.00362365051791609 -0.0320587699031898 -0.0730985985572539 -0.135269084883031
0.03304010927046 -0.0171855862925821 0.240418622218711 -0.310355016027667
0.00777471070089402 0.0196720414373577 0.531054236345259 0.106428088560404
-0.0441288425765303 -0.00309296757570543 0.156067079651418 0.805602257454878
-0.0474436750729 -0.0885261364540089 -0.676727809478004 0.690154453928483
0.0143312368816091 -0.0597937827711988 -0.699728892674558 0.013022780059549
0.0213635997849496 -0.0363813365655123 -0.0139043217091873 0.0781850186648585
-0.0251496496208831 0.00159438785027965 0.661154568244433 -0.191198304714974
0.00154582223296972 0.0105306115531403 0.255320317011467 -0.847470745480357
0.0389405952780495 0.000155667090663381 -0.594949332507887 -0.610699264287733
0.0295631852099113 -0.038573197533364 -0.585769803662963 0.168702381872487
-0.0181614417165467 -0.0582595736686499 -0.106703635208016 0.36875423453085
-0.0181022729948662 -0.0362403873951731 0.145264757107634 0.0963041487903714
-0.00992001029754382 -0.00725510134891385 0.0996403244376558 -0.19144655601648
-0.0285133691531386 -0.0142540344657018 -0.0783282406750522 0.197684008274256
-0.00566077789139493 -0.0139305693019652 -0.0593219823634474 -0.134731898831252
0.0247816627308287 0.00290089311973629 0.262015319531738 -0.29522738351851
0.000915533194332123 0.0297442171770194 0.524806609838827 0.147930268640525
-0.0395016332399501 -0.00157315507307869 0.0877691390651527 0.822132413855588
-0.0397978109236738 -0.0809728223142894 -0.743010046173359 0.63584866498214
-0.00196472999511211 -0.0518876813553758 -0.700677308290545 -0.0264106135599407
-0.00385132885560508 -0.0316398864773339 0.00553459120756442 0.0770111119793462
-0.0353544571429389 0.0134374642796606 0.648910704816885 -0.226313018956758
0.00994927678342706 0.0204513845895912 0.189793760180045 -0.859604463932096
0.0456344621795506 0.000977437469010807 -0.635855740297108 -0.559252577122335
0.0260477595594293 -0.0293798241308187 -0.565220597072057 0.209945574010226
-0.0209358023207248 -0.0401672411404797 -0.079419585427271 0.372470788566053
-0.0192835167171655 -0.0197684668524858 0.159909919995396 0.0911283511491154
-0.0124798442320353 0.00393584536471767 0.101698387989842 -0.187211658588309
-0.0304460927292349 0.00149536816885299 -0.0771126530250969 0.199361539780709
-0.00892040749300768 0.00781245436303337 -0.0552500683767038 -0.132190930319898
0.0150662907315618 0.0233093410045654 0.271643642930799 -0.286297226303246
-0.00663664821475612 0.0407019369124898 0.526021287492454 0.161863208206596
-0.0350022114042819 0.0045794432221722 0.0680321026682591 0.825434918243409
-0.0380386852931192 -0.0663886649846804 -0.763419955884185 0.612343999696267
-0.024704023748753 -0.0436690388973428 -0.698167903915745 -0.0381212359412017
-0.0330904901133662 -0.0262116559946881 0.0127172758301212 0.077701457051908
-0.0463336992158648 0.029669943613607 0.646632437852146 -0.240525007126573
0.0199606447613541 0.0310178325084842 0.170748622391593 -0.863435376108712
0.0524118829327072 0.00441386882948923 -0.645141541748967 -0.543358583902744
0.0237649748311329 -0.0174198777116049 -0.554241494789763 0.224338481191857
-0.0213219738075413 -0.0215211374820251 -0.0694708943577907 0.376266159376611
-0.0187440868922636 -0.000935239462264058 0.164995927109959 0.0903875517492732
-0.015367962859909 0.0168487336528705 0.101704218661311 -0.183696860719785
-0.0334909465848298 0.0164680402152417 -0.0786166830897045 0.198033066997325
-0.0118185070222306 0.0280981813395701 -0.0596826380989763 -0.129377984239961
0.00665387801711752 0.0421042349803706 0.268096602542638 -0.292782055764046
-0.0136070613737243 0.0508734240540232 0.533349853370025 0.146335706052395
-0.0304609055961888 0.0138406352598923 0.0997067503518029 0.815868903701119
-0.039160800818893 -0.0478564460235095 -0.733186418118499 0.627715072347138
-0.0483256303014552 -0.0344645546418217 -0.699492741498558 -0.0227083323930234
-0.0607060724190742 -0.0207536147836138 0.00453369979285181 0.0801015506406369
-0.0590139202461437 0.0443298265702222 0.65361830359006 -0.224575064262008
0.0275762406406313 0.0448394457315379 0.198660462765958 -0.858824894607016
0.057337231173498 0.0113777443255667 -0.624597460404937 -0.562037097881192
0.0228621925478313 -0.00604254311096714 -0.558079041723056 0.212107866796567
-0.0206412195649544 -0.00288525390215294 -0.0760072153714936 0.377760944460616
-0.0180672519559918 0.0167849941744975 0.162152443810294 0.0951153706623156
-0.0165415556201757 0.029546073735025 0.101529267113613 -0.183425245468258
-0.0336594192845511 0.0289731423686381 -0.0823342878672728 0.195251161513934
-0.0117996717654168 0.045700624944245 -0.0730751591556229 -0.126375594504382
0.000948033826540406 0.0568577397052402 0.24660896597205 -0.30612998802332
-0.0168412730512518 0.0594830523498508 0.545807209829661 0.10560831644127
-0.0255953479978938 0.0236444542259047 0.173989166500245 0.795246568861184
-0.0417186798772535 -0.0290879424690007 -0.667115340621815 0.676879607439481
-0.066705098470717 -0.023032957666497 -0.698955993721079 0.0159756820462261
-0.0832469658329631 -0.0167536393003044 -0.0149446788053579 0.0813652505535065
-0.0723172823307615 0.054939913573773 0.666548235214076 -0.186728549534403
0.0304423512639266 0.058338204640117 0.273730201005756 -0.848449407846102
0.0603359821125025 0.0189057225066883 -0.574714470943918 -0.614680790862168
0.0218787079344854 0.00389050270754494 -0.572278892257226 0.172847988902753
-0.0203277490606154 0.0102884649549725 -0.101674133872658 0.379392073655024
-0.0163479605705732 0.0320696295342527 0.149885782158959 0.104096703962557
-0.0185548433441444 0.0404851441586578 0.0982812465022941 -0.185042033275497
-0.0329517442335954 0.037805747516443 -0.0862615953238175 0.189653008396018
-0.0101841958962522 0.0571541039246618 -0.0942430003906134 -0.121147356749849
0.00113904295338712 0.0644307274070163 0.21529767532214 -0.326066763855167
-0.0146631325632034 0.0656637528650641 0.552695704462214 0.0397150751717242
-0.0212379868427566 0.0339952511786834 0.277855150142487 0.755732639507544
-0.0419215396408914 -0.010878662913378 -0.557316904433287 0.735098385706844
-0.0773322283920334 -0.0095571466839942 -0.692341624975605 0.0767802484997876
-0.097743405366597 -0.0136321768043551 -0.0436163971501994 0.0842377959044809
-0.0861587603741862 0.0595465490802193 0.679970429674218 -0.128982607800329
0.0278949825801765 0.070553386185603 0.380625929856643 -0.818099295816894
0.0607266924334516 0.0281539167671961 -0.495705403883218 -0.685454602558909
0.0199920431666833 0.0111457136789251 -0.592341120833559 0.110131841815338
-0.0225936073467302 0.0193208379965592 -0.138674604580965 0.374850552760656
-0.0181906692422194 0.0425514619186425 0.132433616103593 0.115232271818052
-0.0192939413477971 0.0473670719560442 0.0946876944191665 -0.187154253448853
-0.0195200783109252 -0.0379536362216195 -0.0909758672956822 0.18136637258334
-0.003771598201784 -0.0476832273810686 -0.118166331402426 -0.127866799342714
0.0323145927959386 -0.0418277631068958 0.165241476957426 -0.351971812882876
0.0101176124711554 0.00464502506706786 0.536032271123417 -0.0314756189685759
-0.0466796349038415 0.00536933969006011 0.3689716254617 0.711185844303902
-0.0689852343477538 -0.0777871028206714 -0.438500903669881 0.814149556790114
0.0181326762214012 -0.0685889989474453 -0.684495271197136 0.145690062136683
0.051793725078669 -0.0408362494168835 -0.0782781098954124 0.0836357539394691
-0.00729493489909498 -0.0103243588008112 0.68373392801347 -0.06325276844246
-0.00812724686811208 0.00141360562460182 0.479827956445622 -0.771555599329174
0.0288344168928458 0.00488598862749278 -0.426344124147249 -0.751462023514297
0.0404635815090744 -0.0451926894430218 -0.62579011174282 0.0321682575486029
-0.00455540469860836 -0.0797737266895717 -0.188728602282854 0.351534127025149
-0.0123108785943152 -0.0556056754631408 0.103120683675362 0.114003043601503
-0.00508779730516976 -0.0194909178896808 0.0923596472514669 -0.202732755918112
-0.0219848465505268 -0.0350633489746849 -0.0856660080843384 0.187738604418472
-0.00321911293979064 -0.0436180468220444 -0.0940377060801099 -0.132682722727885
0.0344190480132541 -0.0314890442912874 0.207989153992539 -0.331447347991499
0.0101378559587191 0.0100014399615505 0.538723281029793 0.0433599231513468
-0.0465420042383899 -0.000857610052799102 0.259335133674296 0.769999686366374
-0.0575178050749158 -0.0872102192140983 -0.572546827629068 0.757287085966748
0.0218985917232157 -0.065582667261559 -0.694887133340596 0.0738415415670826
0.0420040190699061 -0.0391724285276546 -0.0421666378402765 0.0806382214715278
-0.0147747766462837 -0.00765411868548992 0.673673756030156 -0.136284698962205
-0.00471589461528562 0.00385528456523331 0.355931832098594 -0.821445487370588
0.0334200220818581 3.89556033063517E-05 -0.529200658252947 -0.676970743156866
0.0352044525048572 -0.0448038136787708 -0.608172674076727 0.110001215028159
-0.0129817803925125 -0.0726444883844337 -0.145736086740989 0.362621123247198
-0.015584525784446 -0.0483681682431391 0.126793275231098 0.104252136730399
-0.00720668195805789 -0.0148214642726667 0.0967999370316328 -0.196869957165397
-0.0248648722005796 -0.0272472945771732 -0.0804221672255302 0.193493874653802
-0.00303525624657677 -0.0316955974715833 -0.0739469661925218 -0.134695587939398
0.0326176521405212 -0.0162504593738107 0.238603519422745 -0.310799423277765
0.00704865235299607 0.0202617058874496 0.532334831344248 0.104975794840807
-0.0436760530126123 -0.00452636577376609 0.157447684867871 0.806412546527393
-0.0465878076670155 -0.0878080546945813 -0.674511962300796 0.691268617611885
0.0136387782733978 -0.0588694788605763 -0.700518701482812 0.0135031923445924
0.0218406848099083 -0.0360714292826496 -0.0132451228102968 0.0792629740351123
-0.0255399053734685 0.00121187541811769 0.659842854352718 -0.191740916347091
0.00136344797030589 0.011095199467499 0.253033453518771 -0.848058970508823
0.0390793907845333 -0.000149391533719247 -0.599331361985805 -0.60631887946304
0.0292773207574354 -0.0388834032836389 -0.584530377198124 0.17083551880498
-0.0184562895596575 -0.0583246677862185 -0.105475821370134 0.3700398085468
-0.0181097120038984 -0.0357852433683347 0.146769768957696 0.0968972310218275
-0.0097075612291658 -0.00763038578317929 0.0995303225231235 -0.192050787669823
-0.0287533072290544 -0.0142818268237692 -0.0786688729983571 0.197037271648735
-0.00484021097715409 -0.0135679525756973 -0.0611658554030495 -0.134212497124224
0.0256164105768932 0.00280748664245414 0.261248660717931 -0.293521678138071
0.000958058824870385 0.0305483945352104 0.528191114662522 0.144957335566058
-0.0397061104120442 -0.00281104257771641 0.0898299061664438 0.820782305523687
-0.040086812396857 -0.0808302635653348 -0.740227926504429 0.637717493410328
-0.00191905904321002 -0.051089157504996 -0.700857819992534 -0.0226069999143334
-0.0037907414973008 -0.031445263330955 0.00579106328994727 0.0780417850860433
-0.0353759505537841 0.0140576803253996 0.650115414124891 -0.228377990836958
0.0106098017215439 0.0201356981339576 0.186539213111018 -0.859321128588722
0.0458443166061998 0.000916375557295936 -0.639154092814978 -0.554685587502188
0.0263128742675263 -0.0294614607360543 -0.564016913046174 0.212336454941701
-0.0216710061047121 -0.0397427024260158 -0.0762881517307741 0.374204962574828
-0.0195023968243984 -0.0190184821102254 0.159286236866386 0.0910667461324511
-0.0127918295954371 0.00458928417406392 0.101980914013525 -0.186346343249225
-0.0312327990001238 0.000784277019355756 -0.0777804332790958 0.198691216623001
-0.00854201337500097 0.00731739941811405 -0.0563409213796108 -0.131794771225401
0.0145452079183684 0.0234486946036458 0.271937336326108 -0.287771297799162
-0.00614900739130581 0.0416062778712001 0.528064203614268 0.159882674369635
-0.0357493116327204 0.00431241495652121 0.0714516814098495 0.827146076533671
-0.0382902643567215 -0.0660993402208844 -0.760850607937204 0.613594850942608
-0.0245037100522142 -0.0433164990062956 -0.700072682428351 -0.0349050211826932
-0.0331502038010505 -0.0251738920487215 0.0123060151748773 0.0780580123790616
-0.0466028787165181 0.0301269648453446 0.645521659367282 -0.2409621972717
0.0194934434544524 0.0314481461423076 0.168229405305417 -0.862878865670789
0.0519889442054979 0.0042375356899574 -0.645923374173686 -0.538864627666122
0.0231321490075424 -0.0177139818403775 -0.551865024996819 0.225635331981956
-0.0218501911903954 -0.0209324329504061 -0.0652097056384849 0.374715376404519
-0.0188083947677147 -0.00100870297170372 0.165385717835061 0.0906060418114214
-0.0144858417687056 0.0181123098061053 0.102674565469864 -0.184213398918871
-0.0333376168402766 0.0165138229834569 -0.0796615416047073 0.198197804004166
-0.0105504475976392 0.0284993350590131 -0.0607349288229097 -0.129711326380259
0.00632527393862737 0.0417544227450528 0.266145858781148 -0.290616482636783
-0.0120999223281652 0.051177269168138 0.535222455054877 0.144027181183204
-0.0312242240500067 0.012855565629336 0.101502264898328 0.817239528523529
-0.039315261850864 -0.0481638407657189 -0.733770256347988 0.630937167232636
-0.0479112750417087 -0.0330181709064524 -0.69792334886213 -0.0215243684657953
-0.061024144124042 -0.0202559759075496 0.00473455370554356 0.0799991253944034
-0.0585102521344086 0.0451176562206021 0.652554398031923 -0.225918239403979
0.0275743032452975 0.0447701092981396 0.196369072283416 -0.859753502144472
0.057819361685471 0.0102062672754689 -0.627020134461314 -0.559923287421718
0.0229451087076685 -0.00585984156343608 -0.556023220110026 0.213246844129199
-0.0213373190678222 -0.00267904436701116 -0.0746472515903103 0.377843687417318
-0.0171129287105048 0.0166604614149676 0.161902286719631 0.0957046402052954
-0.0165807009574816 0.028872024879684 0.101741862911528 -0.182972926762748
-0.0339074904043916 0.029193572742471 -0.0818721681913515 0.194304473308105
-0.0112056074139491 0.0457522203893503 -0.0741320893570467 -0.125091265993628
0.000728525041163917 0.0571256475927387 0.248120742201374 -0.306465911742808
-0.016182378427923 0.0595044253122589 0.5462986859879 0.102679464456534
-0.0258686847919662 0.023071347039825 0.17693529187616 0.795679890680089
-0.0419214630385504 -0.0284272482598186 -0.665147322180351 0.677302751014828
-0.0664168866339083 -0.0217022122280314 -0.696723380112033 0.0184964610838602
-0.0840060347554986 -0.016280964170361 -0.013606363799592 0.0821754540812398
-0.072189695522624 0.0554300470341867 0.66639600213949 -0.18785170067614
0.0305020847589599 0.0581508941988937 0.270459268259223 -0.847799303088927
0.0611586749309899 0.018642817080576 -0.577115097492854 -0.610740345990535
0.0218182346239138 0.00417813485235769 -0.571082447593297 0.175561094760991
-0.0203321177886655 0.0112451587170241 -0.0997282537222583 0.380242973058748
-0.0167164451081597 0.0329524712576282 0.151302974404883 0.104039060076828
-0.0180704520325783 0.0399673156892097 0.0993613203093525 -0.183961599548341
-0.0330795787173897 0.0370075862426071 -0.0851750142987664 0.18934936058692
-0.00890791144827357 0.0565664774926563 -0.0960849172873971 -0.121175361940202
0.00192262028382418 0.0652745838265772 0.214187618000967 -0.326200990096654
-0.0151137201133011 0.0659499728999233 0.554211347621527 0.0394317382378747
-0.0215434324556315 0.0328784582292908 0.281600212611711 0.755344432423905
-0.0423006061809024 -0.0118309688754 -0.556286657039561 0.736966014935197
-0.0771312667962412 -0.0085088251398686 -0.693138350681752 0.0781568550093138
-0.096931180010996 -0.0131908248062534 -0.0427991950067392 0.0845892289140811
-0.0863603417305338 0.0597239658800095 0.681399722451014 -0.127843682529742
0.0279295641930468 0.0699489522716737 0.378827174777108 -0.818524877784912
0.0607242177508758 0.0276631701978469 -0.498221906301406 -0.682504235726175
0.0201322873926412 0.0109989059570311 -0.589534848426759 0.1138427072261
-0.0220991004610447 0.0191563408167239 -0.136434983864394 0.375060006093319
-0.0171963793339616 0.0424343370823021 0.132513069801904 0.115362986358352
-0.0193080878052922 0.0475746044003958 0.0939327470366056 -0.186805530551383
-0.020075863519623 -0.0373718515061867 -0.0915650519892879 0.180273036217571
-0.00435637563213201 -0.0464589418650036 -0.120922531827559 -0.126727411208933
0.0326659461212193 -0.0407003721463623 0.164658262789573 -0.352662860116844
0.0104938537928328 0.00550370775930707 0.535663504713701 -0.033133661254806
-0.0461293257111975 0.00579077858166898 0.371857313193877 0.710659085418514
-0.0684458342541862 -0.0773996974965507 -0.437031164653377 0.815845117753917
0.0186181861319783 -0.0673692725317923 -0.685402227122439 0.147255151487132
0.0520755626607555 -0.0399217689631645 -0.0778343180901485 0.0845802226519348
-0.00754229074066496 -0.0100107027241443 0.684391438454079 -0.0652481672830092
-0.00772577083405562 0.00149453652151212 0.477344961271995 -0.772504128449563
0.0291070134671387 0.00370121625798356 -0.43179848889363 -0.751421532803117
0.0410443545609913 -0.0452914532336128 -0.625190251947068 0.0359648298504483
-0.0055429470524682 -0.0796465125228801 -0.189765368054349 0.354127139712114
-0.0122885707859868 -0.0557312042060022 0.10418998464239 0.115465952037216
-0.00535139354510837 -0.0187974953046834 0.0926460199990721 -0.202898900135801
-0.0222430579653566 -0.0352495827880171 -0.0853097742574744 0.187937027883033
-0.00342611062935218 -0.0429316814840656 -0.0952350167213712 -0.132523510384783
0.0343520957700048 -0.0322859056510002 0.20650379341216 -0.332047619511
0.0109516792082139 0.0105344650261447 0.539770920358641 0.0419231405234531
-0.0460841195805585 -0.000729433132306763 0.264482661945361 0.771605330727585
-0.0579133991027145 -0.0867816273117486 -0.568090305658724 0.760309035551533
0.0210013053316425 -0.0650516970495594 -0.696704056134935 0.0766138185607191
0.0423208350812915 -0.0392629528917512 -0.042067318955558 0.0810280589168274
-0.0144097480132592 -0.00691605117140533 0.674608128909516 -0.138245938147176
-0.00566924670398752 0.00465083871357688 0.354388048013765 -0.822045413590806
0.0338576210043746 0.000919779803638359 -0.53220826259288 -0.674083338536517
0.0353329014165244 -0.0444149976424979 -0.607741337681534 0.112900923294355
-0.0127723874468402 -0.0721010405223665 -0.143794863587755 0.364625832929801
-0.0164625939696008 -0.0481472507327446 0.127847340742366 0.105270835481215
-0.00776961323671969 -0.0151807316900243 0.0960697677275601 -0.196567992548264
-0.0248970467885948 -0.026898653966836 -0.0801732381335489 0.192446892807603
-0.00266519513492672 -0.031061710617707 -0.0752116416382736 -0.133877791657902
0.0323439204943385 -0.0173549347576046 0.239477951681338 -0.310872801639457
0.00654085966311698 0.0217140594282988 0.53438338860441 0.101583674555148
-0.0434751180533137 -0.00485570541634791 0.161281280324172 0.807027752683515
-0.0464952833819128 -0.0874794253489403 -0.673315984585957 0.692416508832987
0.0140059957691384 -0.0583088169680381 -0.700591472357034 0.0158638212379275
0.0221204057495724 -0.035571671989452 -0.0138756360417804 0.0790646084323905
-0.0247322531278452 0.00231058108736881 0.660306869547342 -0.194450997698898
0.00123205869763751 0.0109387226051697 0.24988532553285 -0.850002926772801
0.0394608205968005 -0.000632035152533907 -0.603672253494402 -0.604874129672517
0.0297478861978114 -0.0392843444234445 -0.584320753434935 0.176009576713699
-0.0190930857754371 -0.0583577246355008 -0.104013754917553 0.370466388059614
-0.0193631019234532 -0.0353272952968597 0.146349810153268 0.0966385289985764
-0.0096024825470924 -0.00681758253039745 0.0988178274957196 -0.191896518247634
-0.0281435944622207 -0.0145688595961998 -0.0789580426202003 0.19709777625867
-0.00414122959951226 -0.0137741672832693 -0.0626316130747581 -0.134211666784032
0.0260423644435531 0.00229142587545762 0.261716039722498 -0.295124641507643
0.000818069704066369 0.0319379480885592 0.530296013346167 0.143919524675433
-0.0398591766197537 -0.00234631029913968 0.0936064800154551 0.823944250113304
-0.0400018555978364 -0.0806404628122937 -0.740550046403684 0.63952782187007
-0.00156711077267451 -0.0503239447402226 -0.700043735546979 -0.0221003605383023
-0.00435523475961597 -0.0308925662881612 0.00626167779247085 0.0780632448539202
-0.034914636156441 0.0146687914072642 0.649518286876707 -0.230745457564572
0.0105251345292393 0.0208665238224658 0.184679968769633 -0.859674820652832
0.0459104711742593 0.00110838575337586 -0.641857281904521 -0.553133889827805
0.0266342188683626 -0.0293990571695094 -0.562834581142084 0.215393730646881
-0.0221958195275773 -0.0406435455103564 -0.074485690270796 0.374157415950619
-0.0190893667753088 -0.0191616618062465 0.16053214459624 0.091148164437047
-0.012447576142689 0.00366583381692647 0.101331146412971 -0.187072283232388
-0.0312236774573771 0.000437639536930469 -0.0774440096606032 0.198912471429604
-0.00741841493823784 0.00834856824361595 -0.0571873055756895 -0.131082786833682
0.014887844611707 0.0226200347135974 0.271399103913376 -0.287274146074336
-0.00671361091617887 0.0415149262931598 0.528508581548801 0.159074078871077
-0.0356473327378193 0.00386725413824683 0.0746925074177249 0.825700234939094
-0.0381945371201535 -0.0660666316922627 -0.759472983333363 0.617475672818753
-0.0241965207566994 -0.0420447421028616 -0.700502890854752 -0.0348283211492092
-0.0332725658763991 -0.0249741032582398 0.012734318757723 0.0793260170862591
-0.0464923572399933 0.0298361271066156 0.644799809138265 -0.242841585428757
0.0212025941914596 0.0317591883044757 0.164971480756994 -0.863571207533516
0.0519596413036478 0.0037679307851068 -0.649510894519236 -0.535231907275284
0.0236025228901102 -0.0178660526787958 -0.552035961201033 0.229362263038222
-0.0227256208925647 -0.0205062482460629 -0.0647286104937587 0.377196255244839
-0.0186092141016137 -0.0004391958686949 0.165866766493257 0.0899592489657717
-0.0137601306058093 0.0167554845682387 0.102395837090779 -0.18455180752484
-0.0327159570864526 0.0163938755767108 -0.0783343021119662 0.198016397538933
-0.00933756186165588 0.0293251250356396 -0.0612808282759902 -0.129489405191893
0.00667322843763979 0.0416764247164713 0.267923402097583 -0.291676201333702
-0.0130910645207719 0.0515017366750942 0.538121040926116 0.142663252593154
-0.0310251963633419 0.0130889253377591 0.105289586356299 0.81743047761646
-0.0397527166735679 -0.0481745567080165 -0.731686392211634 0.633311430472421
-0.0476209196640695 -0.0329890604319908 -0.698788261894619 -0.0197257214045047
-0.0609120437782615 -0.0200343538140992 0.00559246222790129 0.0798723403369904
-0.0581394395353255 0.0455943369695709 0.654108548219064 -0.228805160628937
0.0274507695681172 0.0442734286843974 0.193499253593704 -0.85828889885016
0.0581219846803901 0.0102654230878171 -0.628383657330824 -0.556426997643591
0.0229202485928884 -0.00618032729308451 -0.556856749535294 0.216816667022983
-0.0215344490332961 -0.00305615544629208 -0.0713994245164298 0.379677943845417
-0.0169708558593504 0.0175638545565178 0.163270932216362 0.0946724789884697
-0.016163941398696 0.0294419402277679 0.10181683280934 -0.182109577612522
-0.0343135595872207 0.0294961427780797 -0.0812807865805872 0.194617788178568
-0.00990507987719787 0.04580800867638 -0.0763032226444161 -0.125288222483024
0.00118804105919242 0.0567136640736153 0.247281135651913 -0.307507469758753
-0.0157408749551511 0.0607122047753112 0.547352583169094 0.0997590704274027
-0.0261990083876926 0.0226259987863088 0.179472632432923 0.795339209812005
-0.0411659553843499 -0.0291828727846716 -0.662655172753667 0.680188612509844
-0.065426593741448 -0.0215094580756128 -0.697574540358637 0.019856016187398
-0.083904611429755 -0.0157442946078617 -0.0139983613993409 0.0822349771056935
-0.0727290545668145 0.0561046799493244 0.666905872832576 -0.190534144231686
0.0307092518401829 0.0588616042898673 0.267509702770413 -0.846814062028987
0.0601367197804879 0.0184218568337749 -0.581935392581678 -0.60652863038247
0.0213833492579527 0.00368160268091965 -0.572099141633701 0.178206513348749
-0.0207541414488922 0.0115728488410115 -0.0966045899167162 0.380428383248513
-0.0163274365715402 0.0324341436399859 0.151876935393194 0.103597614616044
-0.0174351220614454 0.0405997212968588 0.0991789005520956 -0.183513201394361
-0.0320702439986682 0.0371936562626596 -0.0863603354878917 0.189648778064601
-0.00753109679668742 0.0571908093143914 -0.0966107952863625 -0.120917596410128
0.00160468121203636 0.0645590070910854 0.213958912150378 -0.326968218548944
-0.0150265604191465 0.0662551329284478 0.555091779513239 0.0355103301375176
-0.0220509486035813 0.0323038950029729 0.284675471899458 0.754293762799612
-0.0423741082071875 -0.0111646101922786 -0.555393451122147 0.739474135962317
-0.0770254969647043 -0.0076066934769215 -0.691827159290195 0.081901714618484
-0.0975703377301222 -0.012364858666128 -0.0426438539659285 0.0856988052961382
-0.086084920062194 0.0600013030022359 0.682562584208576 -0.130879403897906
0.0275472201393038 0.070097462051234 0.374721837808966 -0.81881396148922
0.0605919603134289 0.0269613732542524 -0.502396850085182 -0.681246394555785
0.0201060863220007 0.0107712496750863 -0.589582379374224 0.116554171201048
-0.0230212720694149 0.0189678146332136 -0.13537118131744 0.378703484936249
-0.0178207002264457 0.0423792469575551 0.132808492153133 0.115929837557296
-0.0187887190511509 0.0474284557048306 0.0947745152669722 -0.186488039592629
-0.0211453557452944 -0.0371435737001652 -0.0903429223570262 0.182400284929288
-0.00310931694533301 -0.0465559999713296 -0.12151693049191 -0.127207365921831
0.0315300168576516 -0.0402242276807065 0.164314639427364 -0.355017379876677
0.0100290722431684 0.00594414201890615 0.539118132058299 -0.032888919378932
-0.0468854007984728 0.00582797228362827 0.376555235974523 0.713175749521215
-0.0689819666659333 -0.0771460556749901 -0.435057363292721 0.817777401048969
0.0186195515371406 -0.0668561572625996 -0.686833138022461 0.149865102275606
0.0519337844476402 -0.0401416124984663 -0.0777165346000174 0.0846947469610027
-0.00696001602205911 -0.00975491790765504 0.684421426924832 -0.0669099544835232
-0.0079091853964162 0.000924731370436693 0.474559617478246 -0.775165614765927
0.0286331222901858 0.00405927332962374 -0.434277762628425 -0.750326822381991
0.0407758692806037 -0.0450640484894523 -0.626657174123938 0.0388315845117395
-0.00512260059360792 -0.0802472606409413 -0.188324827939443 0.355544820041257
-0.0129397344622703 -0.0553064455840246 0.104222197886569 0.114874582711947
-0.00559445049920727 -0.0180427531383644 0.0925000603543759 -0.202935177881482
-0.0226409005974025 -0.0351113931833112 -0.0857949175731553 0.187685478135276
-0.00191400870692524 -0.0425135885344543 -0.0974555440684226 -0.132048325165271
0.0344230932792719 -0.0323279333165837 0.205487346236129 -0.332149620376992
0.0105891905340367 0.0119038887909139 0.541520752931704 0.0385983091513173
-0.047001085480091 -0.000764644113569269 0.267622838256349 0.773268309463347
-0.0580402672135097 -0.0870451129622653 -0.568041818237696 0.762625639746466
0.0215689938441184 -0.063271480501233 -0.698059465714001 0.0776257365667243
0.0418774265553935 -0.0388480601783585 -0.041870841772174 0.0819046413724545
-0.0148517279155371 -0.00684722582107473 0.67517802981588 -0.137632805269677
-0.00556106351413857 0.0044605269251961 0.351563885233933 -0.824427180045506
0.0334526862668396 0.00122227604205062 -0.536589635176585 -0.671278929162289
0.034838677435524 -0.044991104660759 -0.607610020095385 0.117238713512046
-0.0141516614633366 -0.0722638429357591 -0.141384321105152 0.367128390401119
-0.0169299795639109 -0.0483241323490487 0.129027361824068 0.105762795015639
-0.00790910686803317 -0.015024492689968 0.0962563331776581 -0.197075176078592
-0.025399957082087 -0.0275191932721891 -0.0808197047479333 0.19373164702557
-0.00253846370123546 -0.0305206364498679 -0.0769250364431956 -0.133844512612886
0.033053706494073 -0.0163607514485926 0.239206853298211 -0.312352347187907
0.0067555023150846 0.0212305453640695 0.536856963979593 0.100970463908348
-0.0448213615195654 -0.00439367598579477 0.16590388748475 0.809647900238726
-0.0466771189314357 -0.0876122038373327 -0.671821426644877 0.696728285810004
0.0141884413082219 -0.0576237637947285 -0.702259498750748 0.0183992336505094
0.0224956244179547 -0.0354857525565094 -0.0131901368154717 0.0799429871540089
-0.0249381543185468 0.00233436202353884 0.662178032493939 -0.196845096779605
0.000642261302064129 0.0105655945663079 0.248450760223866 -0.849850841372533
0.0396229651653448 -0.00098046810068071 -0.60699038983769 -0.600998875897225
0.0299334128832142 -0.0394769088945753 -0.584099101201647 0.177707099935815
-0.0198806492196896 -0.0582331729463146 -0.101550171121124 0.372176815302771
-0.0184203334464449 -0.034331447122602 0.147292607867322 0.0965263338373224
-0.00962905933902842 -0.00748007230049028 0.0995159647114597 -0.192099308906646
-0.0281762915919935 -0.0140643381892837 -0.0782001672683114 0.197864586299306
-0.00440672170257882 -0.0129129851899921 -0.0627207694036987 -0.133461147607781
0.02570193186848 0.00270028730106327 0.261462180003298 -0.29687848073487
0.00114536863518957 0.0314212025128424 0.531843403646882 0.142537750963049
-0.0405611547836575 -0.00322073860255835 0.0987292321257274 0.827228550604887
-0.0398202893907007 -0.0805945134471743 -0.740768709274362 0.643157759432725
-0.00177834070840628 -0.0498346785365744 -0.703001540856949 -0.0190304675325404
-0.00443959836336877 -0.0301913621144171 0.00613733319332436 0.0790549195357584
-0.0354228852982473 0.0154630220629004 0.650537128298411 -0.233215606104366
0.0100719220659784 0.0207421615206719 0.181098189840143 -0.8621130477417
0.045645355089408 0.000571538043514916 -0.64557702194167 -0.54960375300602
0.0254209884012029 -0.0301679886887801 -0.562227814061207 0.219093969162552
-0.023431740984788 -0.0402922002460381 -0.0727674806896283 0.376965076751211
-0.0200765357630503 -0.0183989480220037 0.161751137594751 0.0913801925102069
-0.0123841258200926 0.00441320669289261 0.102733647428513 -0.187084722349139
-0.0316469234951132 0.00101982482394244 -0.0767401464671237 0.199695097204731
-0.00718522690041169 0.00821759604124111 -0.0585780174886883 -0.131966754065902
0.0161670282854833 0.023081304821631 0.272155116662331 -0.289331424277352
-0.0063334969164773 0.0434823222821615 0.533805478917375 0.157873823734927
-0.0358617314053013 0.0037910839792237 0.078340171128631 0.829202881056077
-0.0385328207052104 -0.0658529449523533 -0.76118398379141 0.621204231906386
-0.0237807135030809 -0.0413311950184799 -0.702373177986318 -0.0321860449328086
-0.0333610813711388 -0.0244241155834978 0.012917777784457 0.0795921182331829
-0.0468940728354771 0.0313942092129306 0.647308146931072 -0.243831619286421
0.0204908859518999 0.0318962563074599 0.16206885847563 -0.864659559322076
0.0516101487124741 0.00385400087779398 -0.653404498955956 -0.533783697491981
0.0239705565230331 -0.0179053323165374 -0.552224556439253 0.232156218014829
-0.0229752730851664 -0.0202027964192462 -0.0637271878197452 0.378511957318924
-0.0183983051024336 6.36418226247918E-05 0.166940290122345 0.0898274442434522
-0.0134743904238967 0.0171338444074432 0.102424361950508 -0.184269561122356
-0.0332001970893653 0.0164764418726787 -0.0792091408052389 0.198250140742364
-0.00898960081201902 0.029176589972584 -0.0617476401848748 -0.128810913164111
0.00671541220665159 0.0415481645055308 0.266226475055047 -0.293806748334779
-0.0113254372690331 0.0524107308413307 0.540347671522178 0.140897183481293
-0.0319118730507196 0.012339136205015 0.109705564461279 0.820278942784198
-0.0392582298777763 -0.0487703363113947 -0.732650785772205 0.637233228450355
-0.0466694357369123 -0.0325639338858146 -0.70061048572911 -0.0172423806490788
-0.0608845178903344 -0.0193300412554341 0.00565287228838449 0.0813073167354129
-0.0590391717924747 0.0465020726521431 0.653515680704332 -0.230828343921207
0.0276730934552716 0.0448490824444506 0.191645505675422 -0.861221244806967
0.0570878328623044 0.00965285177793292 -0.634356123564035 -0.554082460483909
0.0226567356425829 -0.0059635679683832 -0.557622861529389 0.21893502207466
-0.0217988573726112 -0.00238753662027095 -0.0692393100751807 0.381281145486225
-0.0164995024473683 0.0170610790296907 0.164660689154262 0.0948232040835022
-0.0162493612320986 0.0294111376088969 0.102047136427758 -0.183302333950989
-0.0333976264351556 0.029020611890015 -0.0813814034052214 0.194522231327993
-0.00983116731348743 0.0462270563365428 -0.0764739039918288 -0.123731033810633
0.00175445046381017 0.0568402363644793 0.24729357893816 -0.309326733334459
-0.0153300013783452 0.0614460107294989 0.551527681438923 0.0977805325490164
-0.0270042982632195 0.0220040802549222 0.185421814096612 0.799362516635317
-0.0414780805203496 -0.0286025712512136 -0.661603453448106 0.683243713147159
-0.065466057326874 -0.0207074286337639 -0.700110990424725 0.0229382437785812
-0.0833438751970019 -0.0147834548507528 -0.0141721687494542 0.0831371147030322
-0.0720394825918485 0.0559622024709563 0.66609601660332 -0.191062770833952
0.0306524879081724 0.0586068957970521 0.266110257145018 -0.848948976299752
0.0610890294725988 0.0177013761850563 -0.584705443353161 -0.606348873897232
0.0227269161251635 0.00423899174710214 -0.571132949297352 0.181763985309257
-0.0218161238478374 0.0116569778157886 -0.0950472176859231 0.381318262970133
-0.0167212639899967 0.0317021951668484 0.152678499770263 0.10481703770473
-0.0175127015366327 0.0398891033672399 0.0987367015020437 -0.183267391068346
-0.0320795992280472 0.0374090037559531 -0.0858344588861051 0.190289525898867
-0.00684645365021423 0.0569552446861523 -0.0987782811274048 -0.120432850452989
0.00204875355472866 0.0648829498755581 0.213815788815561 -0.328048558574466
-0.0149837904803475 0.0673961017276271 0.558251618599193 0.0346613346640351
-0.0221594576832027 0.0319808522970634 0.288788361845613 0.757757117772693
-0.0422308042114753 -0.0115461180641754 -0.555146954289358 0.742119189597694
-0.0766680976835867 -0.00766212035531375 -0.693424823599313 0.0840011808035237
-0.0979685742295654 -0.0120344856482257 -0.0430059069238062 0.0870364954510009
-0.086080838747773 0.0612180268175994 0.681854773461319 -0.133534245422897
0.0282489238716492 0.0697944068596978 0.373339774636986 -0.820765465691025
0.0605594181191197 0.0261994376899359 -0.505879036824027 -0.678087682389077
0.0199511076128397 0.0107964430463271 -0.591081401651467 0.119321839888549
-0.0234706523267219 0.0196597526759866 -0.133340298090653 0.379393797997096
-0.0165940551920595 0.0426015644568738 0.133962270846631 0.11535247661128
-0.0186374416324338 0.0467246414164726 0.095326973624886 -0.185840147629686
-0.021716164732567 -0.0380377899903352 -0.0917351362269229 0.182035447310159
-0.00382843003048637 -0.0459863976912039 -0.124003082125857 -0.126575469412328
0.0325792857847198 -0.0417100116912723 0.162333481380217 -0.355365421533578
0.0103779442839643 0.00608931289169407 0.540717371540506 -0.0387639913235976
-0.0469057949845228 0.00544003333246738 0.383205512136604 0.712571530129067
-0.0689598090339738 -0.0779150073250495 -0.435609040113612 0.824397420256672
0.0189769308417865 -0.0664523654186248 -0.687724566222857 0.150560629571294
0.0528283593543011 -0.0402449283026461 -0.07840741423502 0.0855477706565824
-0.00586859965544843 -0.00940974492544103 0.688165675348949 -0.0691878997176347
-0.00833858400364516 0.00107852746531507 0.473310140607729 -0.777664749033242
0.0296372976536997 0.00384965945374601 -0.441950100975122 -0.74887581785496
0.0409305301595969 -0.0457823160382658 -0.627058197815642 0.0418295873524237
-0.00673792405426821 -0.0801834160875063 -0.186367868997016 0.358865323829612
-0.0128027341733048 -0.0542547249766849 0.10564940251872 0.116273997649485
-0.0058626039625913 -0.0191842455435793 0.0926619110769178 -0.202265660100495
-0.023526475802264 -0.0352588549074991 -0.0856485077735506 0.18924222793155
-0.00261224818306058 -0.0425109521849598 -0.100028159097685 -0.131923406831074
0.0343614805540846 -0.0319959473396526 0.204684507412456 -0.335122919010299
0.00979367658446775 0.012951112979192 0.545201300856311 0.0357543249289817
-0.0468746926474629 -0.000979031765019118 0.272457053667842 0.774995354662727
-0.0579780054489049 -0.0872213357406947 -0.567536456088788 0.766744524818055
0.0220222142271479 -0.0629414234165767 -0.700221267880417 0.0800757238167343
0.0430340845731931 -0.0395128235859075 -0.0428113249973476 0.0829656643389505
-0.0145612580238748 -0.00613200597915484 0.67759432204242 -0.142079137302701
-0.00611620754506124 0.00442449877713007 0.34915833994206 -0.82806687823211
0.0345396163608231 0.000646368643088789 -0.541879924616297 -0.671975359806469
0.034878968593998 -0.0460391882685574 -0.610346543356183 0.120417023129677
-0.0150293967516616 -0.0722781967630211 -0.140252681343092 0.369205714732367
-0.0170159106011583 -0.0480223501185611 0.129476442300033 0.106108287464846
-0.0076506189832994 -0.0155490921111756 0.096569507135008 -0.197679001248295
-0.0246018676495836 -0.0273768484501196 -0.0805972152313642 0.194693249137564
-0.00229531809010638 -0.0298742800907316 -0.0785050394899461 -0.134236449684297
0.0335819569189056 -0.0171045709196426 0.239505413670657 -0.313870620821309
0.00750719414866944 0.0223355692668501 0.54091461389505 0.0996549478436406
-0.0442084455654563 -0.00503234223970841 0.169778061187236 0.813400406537939
-0.0471649572511271 -0.0878213568963289 -0.672019189008363 0.70264722106514
0.0157393960394308 -0.056088880004959 -0.703925347869756 0.0198879332713703
0.0221458611123159 -0.0354023039149812 -0.0137775056026932 0.0805991087243913
-0.0248911370463171 0.00266818375466822 0.664633932009119 -0.198790576744657
0.00130448077518522 0.0109819444868679 0.244198380889853 -0.853362687693301
0.039962654452942 -0.000619982014280511 -0.611796880821842 -0.599362367909629
0.030172326671278 -0.0400090776218367 -0.5845013307258 0.183869536059328
-0.0208969218031783 -0.0577516358815412 -0.0998331646229725 0.374242853918361
-0.0192628274252313 -0.0349505713251763 0.148997312636437 0.0972277711116929
-0.00991104642751792 -0.00734327860240708 0.0998061800669773 -0.192737089485534
-0.0283897219363893 -0.0144601206605693 -0.0781914332516497 0.198021816074311
-0.00464831761120163 -0.0128993087411384 -0.0644557979887082 -0.133555083525825
0.0258500282174191 0.00216598783136766 0.262353001675588 -0.298088126664676
0.001653117281957 0.0329944414136282 0.536344138665709 0.140162947779419
-0.0409728623023749 -0.00260038451937573 0.102083369742304 0.829952124882266
-0.0402737808076676 -0.0807561860387657 -0.738979528570946 0.648947009034034
7.45213789155163E-05 -0.0488718125541462 -0.705691232899833 -0.0183856262320912
-0.00363311075894078 -0.0310552671301504 0.00582143489457137 0.0792426566015523
-0.0350322799696991 0.0155625512536228 0.6522444023275 -0.235386606136195
0.0100365806901551 0.0212440342050611 0.17820508186127 -0.86424348631993
0.0458727190822901 0.000356393300843494 -0.650766409902017 -0.547902028640931
0.0260304847574931 -0.0290316975942131 -0.564803888545032 0.223803768425766
-0.0235112790470027 -0.0393450178793153 -0.070027938866334 0.378309931548366
-0.0198633904942627 -0.0180856545557272 0.162693701465832 0.0916661048506394
-0.0127122073820569 0.00416714097161355 0.102433647930592 -0.187053095679376
-0.0310697071331158 0.000690133040376441 -0.0770575597201656 0.200024835593552
-0.00675788540818333 0.00899298097623634 -0.0589700247446253 -0.131469996510994
0.0167033531497162 0.0224107086404933 0.272606902667274 -0.291905783894891
-0.00620795152114711 0.0437788555926329 0.536344778753587 0.154642521942338
-0.0357035328241077 0.00309226352373649 0.0829896393876857 0.83307957188019
-0.0384664811632773 -0.0669748880338468 -0.760511988037703 0.62588843267409
-0.0231770132731326 -0.0406373559489541 -0.705121621496138 -0.0300231839662772
-0.0329756322271034 -0.0241511685364082 0.0126991089378336 0.0799153546442871
-0.0459148368197101 0.0313999303316435 0.648208093087008 -0.247859581976426
0.0194331635255766 0.0325429483064442 0.158062778894606 -0.866338463436837
0.0523247662688758 0.00303806895654617 -0.658562419526651 -0.531732304659951
0.0241627702298691 -0.018283125512129 -0.552643037861216 0.23673893999938
-0.0231579984945584 -0.0205512525742336 -0.0604921314250197 0.380681267044287
-0.0192660896583486 -0.000207396538092951 0.168057981820992 0.0896944572536706
-0.0144750010345374 0.0165448719820144 0.102975498814496 -0.184253086069605
-0.032378404536971 0.0168693871234621 -0.0785999586831921 0.198383494992937
-0.00897620088123747 0.0289643992524617 -0.0645982457730172 -0.127690553920022
0.00699273068179798 0.0416842722820443 0.268573023057841 -0.294725324594944
-0.0118469363961468 0.0533990643729104 0.543854988143907 0.137441442753331
-0.0314899771274783 0.0118862876723647 0.114158725387496 0.823743471759565
-0.0397309343334912 -0.0484304986515133 -0.730952568012147 0.642548937810659
-0.0465003616944834 -0.0314893271854904 -0.704598397855268 -0.014726841551472
-0.0608876693563146 -0.018798190344921 0.00621804393474498 0.0818066298493495
-0.0587806826006942 0.0469147198574484 0.65614008326672 -0.234119726206972
0.0269422350660522 0.0451836534563404 0.187376012383218 -0.862164293954228
0.0575464902707216 0.00980993256039386 -0.6378919708543 -0.551543651698726
0.0230395602460273 -0.00680882050169843 -0.557293312578945 0.223790316323558
-0.0223086135960188 -0.00240094537854114 -0.0674650957722431 0.383012217146018
-0.0164739005935194 0.0174089815195961 0.165361563289591 0.0947014537391666
-0.0157681476016979 0.0292276082319986 0.102913436221092 -0.183749288774659
-0.0326834616443135 0.02966945945423 -0.0817070005079925 0.195576160209931
-0.00840710374425871 0.0465633466274794 -0.0774643219093487 -0.124433956469208
0.00211949850010174 0.0561571334636271 0.246764723829212 -0.310785384058803
-0.0144800822000903 0.0621704700437361 0.553924199542528 0.0954132895263675
-0.026438334334585 0.0219255307965889 0.191155607713451 0.800055826202305
-0.0419443735686451 -0.0293239671036958 -0.662149438191735 0.689069759197214
-0.0654427148898035 -0.0193624482868003 -0.704392446623186 0.024849142649216
-0.0839446058696922 -0.014465304242853 -0.0130296360357602 0.0844255570952597
-0.0718105690532921 0.0571481019011636 0.667731659581633 -0.195851063196601
0.0309744127270157 0.0588913084156783 0.263201725791559 -0.852762971573683
0.060638988142208 0.0173194014254743 -0.589255821719529 -0.603876714766808
0.0222462418601849 0.00349391151352904 -0.572726173330388 0.183354279328029
-0.0210682752949551 0.0123029208316119 -0.0931091856266536 0.383719211726012
-0.0159573451887164 0.0325683640095391 0.153906525024822 0.104715413048981
-0.0173817360797567 0.0396401510310532 0.100206652730316 -0.184001611836738
-0.0313231906659717 0.0372851017848632 -0.0874102404149829 0.190219215672558
-0.00658529839449377 0.0571911030647886 -0.0997535618207954 -0.119543654145188
0.00293915958383478 0.0657392487758077 0.214633178624446 -0.330440076033148
-0.0143452073808475 0.0675574847526071 0.560642991278603 0.0317846589304052
-0.0222207500187706 0.0310465463533833 0.293114403202801 0.759317922639095
-0.0421364551191254 -0.0117934812912485 -0.553723334268742 0.7480518983175
-0.075695276522466 -0.00600981298518356 -0.694609126117643 0.0867630240825001
-0.0982226447324788 -0.0115411733731008 -0.043037349292602 0.0880547917858663
-0.0860940137212793 0.0621999782610764 0.684088247644401 -0.137458581220547
0.0285830546521756 0.0706260752304828 0.37221713028364 -0.823831717499072
0.0607072197752879 0.0266360683321771 -0.510982471605105 -0.676302920287208
0.0202254339769903 0.0103297925175356 -0.593013115030302 0.124026435683328
-0.0241305043215417 0.0198293670519954 -0.13149329599951 0.381493048466493
-0.0166211978820514 0.0432079642279211 0.135527907432955 0.116795853338941
-0.0189325739409472 0.047172961536277 0.0947637409166571 -0.186119826092525
-0.0212192213078589 -0.0378702823439386 -0.0912079824576236 0.182927532857003
-0.00312382749195939 -0.0456651991858258 -0.126018908141818 -0.12567664323664
0.0316756218907745 -0.0411040949599408 0.161492540665553 -0.356397710171344
0.0112642761649011 0.00652630529635252 0.544401532930213 -0.0427114462962208
-0.0469231195808603 0.00474692791631483 0.388609934939417 0.714670581409084
-0.0693560711834943 -0.0775833764213623 -0.433665401346983 0.828748068605964
0.0191007479552484 -0.0662039771551669 -0.690481862640196 0.155100586712559
0.052958829632118 -0.0409777937515865 -0.0789258479106037 0.0868457557085956
-0.00682360538053641 -0.00884192284436982 0.690263400721221 -0.0726687106316084
-0.00824495873386418 0.00123815690681738 0.470611362505986 -0.782875789115947
0.0290169290814269 0.00367895653746791 -0.446780379339434 -0.748068918027066
0.0411560024755452 -0.0458330339401452 -0.631559527687911 0.0465396601893327
-0.00769297234792905 -0.0798420840100406 -0.185060312164491 0.361838753000606
-0.013895942022615 -0.0552013242375063 0.105986668790701 0.1166936272223
-0.00569052694309918 -0.0189618867491446 0.0922672230998772 -0.203145471848947
-0.0228620459009091 -0.0356352311494499 -0.0860988425758497 0.189886932976793
-0.00189587820075423 -0.0421405902089466 -0.101241192895253 -0.131752200643746
0.0345846529067429 -0.0322782647959657 0.204801349180106 -0.338476921089026
0.0108133359464671 0.0136062321928949 0.548568959940481 0.0327682785453444
-0.0472040306446887 -0.0014582978373588 0.27689146927221 0.778170736998422
-0.0583674495671962 -0.0878103333266991 -0.565524261583038 0.772958836265438
0.0226320378742321 -0.0625179711139684 -0.703616284445609 0.0835710730015099
0.0423451359515813 -0.0388600917975481 -0.0423890584805888 0.0834636604609256
-0.0145581494357932 -0.00651243226988232 0.678804964098876 -0.145317706681155
-0.00579595948214427 0.00475973383841301 0.345261510924728 -0.830911173699367
0.0343102264289213 0.000202353432154617 -0.546678254758519 -0.670770907608663
0.0346782929917322 -0.0461499923770846 -0.611682284773073 0.125199443481883
-0.0157343701617803 -0.0718068202271548 -0.13711606771205 0.371208488924961
-0.0176256578478461 -0.0476653559165021 0.130702799277725 0.106398165876904
-0.00775231204520421 -0.0154068742467888 0.0964972276263646 -0.198533856125249
-0.0255528500825296 -0.0270892618630835 -0.0807265278748744 0.195235184971133
-0.00130177686758144 -0.0297406244190865 -0.0800906221349585 -0.134102620214991
0.0341037252863673 -0.0179393478461669 0.239360530697289 -0.315852891965212
0.00734670978038285 0.0225882218042223 0.54385657269159 0.0964246362179723
-0.0454789953467267 -0.00450671487847886 0.177550063623964 0.816346951973154
-0.047294932718218 -0.0879869846195166 -0.672342467215182 0.706917031086646
0.0160413929203197 -0.0560871774994264 -0.70907545558787 0.0223818905073741
0.0228397850096211 -0.0352693262717437 -0.0129740528253314 0.0812194088094465
-0.0248740382389263 0.00306433898225524 0.665279028458707 -0.201593486934719
0.000290619117458438 0.0119515502737521 0.240958800561247 -0.857132988951452
0.039401195800165 -0.00106523929027819 -0.616103553880156 -0.596250752978845
0.0285579712449744 -0.0397981136469233 -0.586823169552857 0.188213806451195
-0.0213606513521616 -0.0569331895895753 -0.096912659458162 0.376734423002445
-0.0198358751961423 -0.0345120463875591 0.150679502443464 0.0967129393599848
-0.00985597493754742 -0.00712480372168799 0.0996507552377604 -0.193055005996235
-0.029247505331845 -0.0141713136811401 -0.078478473864015 0.199881578851042
-0.00426167207138609 -0.0127593394213241 -0.0653705686669306 -0.132737450079714
0.0260702540161847 0.0024705344681988 0.263038112098581 -0.299644708774594
0.00240161927920367 0.0334874335799946 0.539560087547269 0.137750431641963
-0.041107631208975 -0.00344336536681271 0.1084884851963 0.834107182290623
-0.0405709382454725 -0.0808427467131538 -0.73981868748883 0.653077416271034
-0.000604104431484204 -0.0480236910876574 -0.706611243132126 -0.0151707920570022
-0.00404915350563903 -0.0298113693878047 0.00689809879965437 0.0800685037569183
-0.0346574457025173 0.0173564623462844 0.652998931582251 -0.240293517551982
0.0104133797877824 0.0211466868046114 0.17470899654923 -0.867942287200664
0.0460101451527661 0.00038246450443491 -0.657902967010315 -0.544478831365843
0.0258497037829632 -0.0312957775107865 -0.565261305585131 0.228530730918595
-0.0245527004609829 -0.0395095015648077 -0.0684039858221937 0.380454257909793
-0.0199453326554191 -0.0182221985744562 0.164616718063008 0.0912119753299575
-0.0122176711294835 0.00373974888656367 0.103626894417557 -0.188822344579917
-0.0320114402334983 0.000630507631258416 -0.0766523927337355 0.200839768873299
-0.00645925356096175 0.00815889390354224 -0.0603064677063939 -0.130840112820113
0.0161488214036573 0.0232174153002509 0.272970321099021 -0.292523020584011
-0.0050132046907111 0.0438773623039272 0.540207347901458 0.151992565091031
-0.0368632104344802 0.00220525234932786 0.0881858515885565 0.837501219323654
-0.0391281927443243 -0.0669397037128588 -0.759876555007461 0.632049695832447
-0.023117688273434 -0.0403235246087044 -0.708315514339504 -0.0268414433120273
-0.0328856041644519 -0.0239522855575913 0.0130540157725405 0.0810047394201604
-0.0466138761813426 0.0322159898630232 0.649215866657416 -0.252900043179656
0.020316645923159 0.0321533585897396 0.153736837112966 -0.869907173520725
0.0524973655012394 0.00306883793736587 -0.663949697913764 -0.527742496854472
0.0240608408547967 -0.018524455689558 -0.552734599085939 0.241722894898248
-0.0240200707974581 -0.0203318756073681 -0.0574439844335618 0.383005913076598
-0.0183082419118886 -1.60600342030822E-05 0.169263769685659 0.0903340323737841
-0.0142543885934655 0.0161676344554396 0.102733547945171 -0.185858657062453
-0.0328807248425979 0.0168110931948995 -0.077634270114908 0.199384780558313
-0.00708395783660783 0.0291671728674708 -0.0659183262721818 -0.129016207600305
0.00677646395165691 0.0423844462412472 0.268904531144258 -0.298267463771143
-0.0118507498520016 0.0546843665738016 0.547826267861958 0.135394695097539
-0.0316858929472045 0.0116679502751522 0.118999413928075 0.828327036988779
-0.0394353977120503 -0.0483120396961621 -0.732552945565356 0.646855183517475
-0.0463334809509901 -0.0308022036736616 -0.705577343011817 -0.0112658974247564
-0.0610166080022494 -0.0184326386325175 0.00651102521330336 0.0830820034819277
-0.0587590104731745 0.0473089183474515 0.656858131287176 -0.238641574429216
0.0280059061254524 0.0448487616732591 0.18722444104668 -0.868368129153884
0.0579664553826046 0.00971957200299958 -0.644612243217037 -0.54805624190327
0.0223137086682311 -0.00618009094361268 -0.558655131815321 0.227967830844459
-0.0233608493465967 -0.00209170136656497 -0.0656138419778978 0.385451634710611
-0.0165091572713063 0.0177809960385745 0.1664329758306 0.0951903300017385
-0.0160758249349791 0.0290237871004909 0.103442071699967 -0.18350111285417
-0.0330066424653345 0.0288535111904849 -0.0822059985865622 0.196594895971609
-0.0079776361387155 0.0471147597431397 -0.0787485199235829 -0.124893705722484
0.00214741124869776 0.0571851097419287 0.248835529708717 -0.313457097608544
-0.0147584629580044 0.0625175214343321 0.55790763657532 0.0934020912683234
-0.0270168600704935 0.0222284574018817 0.194504478714932 0.803103309340702
-0.0414314387525387 -0.0291440605076786 -0.660430590491145 0.696022535537883
-0.0656064881006832 -0.0190493015519574 -0.705619997749265 0.0289141435485614
-0.0844084162726965 -0.0137903141991569 -0.0122887669598991 0.0855023770059837
-0.0718202666953091 0.0585257496132953 0.669480975075137 -0.201560285159751
0.0318710730642943 0.0587529475434271 0.259131099776777 -0.857604799411067
0.0609653222588581 0.0168847562495437 -0.595894982163385 -0.601864509414526
0.0220462657951593 0.0031133346262241 -0.575010494746996 0.190621505838178
-0.0230037845471986 0.0123509068539947 -0.0906058395920656 0.387036450294998
-0.0157705108508477 0.0328874804610921 0.155567065826171 0.104984703681413
-0.0168855794323729 0.0392951002165718 0.100095067532172 -0.18447399190678
-0.0317846347128981 0.0372114472173797 -0.0860538634601345 0.190995712004871
-0.00508812814797991 0.0574234977127664 -0.100998341975416 -0.119017613558595
0.00206285371393492 0.0648968090049097 0.213474578817132 -0.332095755334772
-0.0142612134694767 0.0682299387492817 0.564615277615001 0.0297224574587212
-0.0221779560272073 0.0321057742305186 0.300425076036171 0.761999655127259
-0.0420424685392975 -0.0110837223343404 -0.553329586775043 0.752031222377561
-0.075761997953007 -0.00558431613797379 -0.698214729784455 0.0917569157129365
-0.0978948766893616 -0.0119646120430016 -0.0420982924675225 0.088170365349747
-0.0863112477681821 0.0630918395028795 0.687441807705072 -0.139529539974834
0.0288848920682317 0.0713739880321481 0.36917697028659 -0.828349829324595
0.0612244907577617 0.0263722562478437 -0.516929184455045 -0.676684222074014
0.0203289036443371 0.0105267756933653 -0.594903314947393 0.126495435950626
-0.0239179549000766 0.0201575875920918 -0.129690052098944 0.38449682008246
-0.0168022671664906 0.042869489072727 0.13654581266463 0.116634317594768
-0.0179576124577961 0.0474766640971543 0.0956487078397571 -0.187481059274542
-0.0225378638694528 -0.0379451005002246 -0.0910104776821296 0.185223775737717
-0.00289501727705227 -0.0450322654193913 -0.12861235822136 -0.124557065420751
0.0317770295777482 -0.0420563993473425 0.160652731927053 -0.36017764591309
0.0114397252046043 0.00843958152034618 0.547540096435891 -0.0470693612523906
-0.0472447277810031 0.00483222397247588 0.395238042756436 0.717781219689727
-0.0698864786745437 -0.0778393251800037 -0.432104329694832 0.835808310555863
0.020030768554563 -0.0661116034930094 -0.693498681825079 0.159061721428626
0.0522989936075503 -0.0404185681772081 -0.0785526011482802 0.0876125446325894
-0.00678622912006275 -0.00914468885684011 0.691617147830161 -0.077841271298535
-0.00802985773522437 0.00196226429020852 0.469354829148967 -0.789283884779309
0.0294491547173422 0.00404144652577599 -0.454064890005606 -0.747959417539949
0.0407771834721574 -0.0467097887123107 -0.634772135956124 0.0516287411587864
-0.00786215882880716 -0.0799404916406397 -0.183526350581784 0.365521982692437
-0.0141056881323525 -0.0548883551785031 0.107901131487438 0.117532469070231
-0.00643669915864983 -0.0189697641901016 0.0916693117575876 -0.204760843683292
-0.0246642647143025 -0.0353697502574424 -0.0865358775967437 0.192109217860079
-0.00185171614587284 -0.041689718511531 -0.104433556364997 -0.13051886870878
0.0337032833099946 -0.0326698775372045 0.204559637243525 -0.339901077864076
0.0105693777139385 0.0142445876941737 0.551287475835989 0.0298869734811919
-0.0475937501625769 -0.00116926362019801 0.283916569299882 0.781530506817966
-0.0585770769725951 -0.0880405010153067 -0.565591239865388 0.777171046217558
0.0228418550110474 -0.0619193396237887 -0.705762278113637 0.0869052224057244
0.0426759070530142 -0.0391346664392133 -0.0427990647619407 0.0854064921214792
-0.0147977825037631 -0.00549345587919365 0.681289888997737 -0.149498849339172
-0.0058810403701762 0.00560003329494728 0.342095784887572 -0.836853883114799
0.0340659182791183 -0.000318514738030073 -0.554694817599591 -0.668141513869986
0.034682201633586 -0.0460515719281073 -0.613467503826794 0.130435011914562
-0.0163292971720203 -0.0719627675224262 -0.136687134929061 0.373411921392133
-0.0179282377140613 -0.0476355348583491 0.131807954396403 0.10689385951812
-0.0076244614872981 -0.0156586106518261 0.0964731247086678 -0.199711719032304
-0.0267540913139128 -0.0270806106921553 -0.0810474976441323 0.196548617403447
-0.00154494914830289 -0.0298997322620856 -0.082505622706212 -0.133249380381741
0.0322953550650558 -0.0174811662624146 0.23853064342263 -0.318863637697258
0.00784237815049802 0.0232860600832604 0.550606212384808 0.0924239672692341
-0.0447792138933291 -0.00513807284017063 0.18348205551733 0.820819543433581
-0.0484557929911067 -0.0886926867552763 -0.671350391764106 0.714781035214532
0.0156811707229286 -0.0554663628790013 -0.70963090766779 0.0278932876734192
0.0225139014498523 -0.0356948838010211 -0.0124206189738376 0.082139098750663
-0.0253755702396442 0.0027134372044065 0.666984062819676 -0.206676693690937
0.00027371447230562 0.0116689958268551 0.236237349548595 -0.862509841932081
0.0399466529739189 -0.00170902511123874 -0.624578773065521 -0.594438439414982
0.029677478964256 -0.0408184665130744 -0.589551322309041 0.193707109092478
-0.0229218165514004 -0.0576254073934977 -0.0940774497723972 0.379293373586166
-0.0202640709222008 -0.0345731070900751 0.151665421455289 0.0964631024371266
-0.00967632845011243 -0.00769348631314225 0.0995202905326326 -0.193858459415719
-0.0295962447547282 -0.014209507736268 -0.0783741743166365 0.200604806877231
-0.00215225396176085 -0.0123077017882563 -0.0680004546442395 -0.13335812300298
0.0265091728423176 0.00210144575541753 0.262995791684983 -0.303454578852378
0.00232357651066631 0.0342608704234981 0.54440273284927 0.1339539308697
-0.0423582883832109 -0.00361215765148761 0.114093854817462 0.839043182643314
-0.0405452911685164 -0.0820653020935332 -0.739665761756389 0.662596043251943
-0.000366984707804656 -0.0477302302405706 -0.710138272929805 -0.010265497274492
-0.00391602976085576 -0.0294099988898965 0.00648398963975002 0.0809438472252244
-0.0356661677626106 0.0164179702085046 0.65577913785817 -0.243004175660334
0.0105158433397739 0.0213557768964986 0.169945348908646 -0.871297641938073
0.0463754808898902 -0.000389988513767307 -0.663065986822988 -0.541589257203529
0.0253148762325697 -0.0302756243243683 -0.566182662153804 0.23298551707288
-0.0258411267480142 -0.0390987710651212 -0.0645871637540938 0.38178261317781
-0.0197589398287438 -0.0188289327913526 0.165891264791976 0.0917461443765306
-0.0124742524578059 0.00317389361704944 0.102552664941949 -0.188625717073653
-0.031222104053165 0.000713265163077386 -0.0768730681551142 0.202237133432308
-0.00497432994307617 0.00851920979708063 -0.0622958648281836 -0.130135586480333
0.0168944522367506 0.022994001040733 0.272968803954664 -0.295386210912312
-0.00466242026941054 0.0454588068408965 0.544248794858614 0.149988604449195
-0.0372367194044939 0.00301635688407471 0.0951973806281439 0.840119683773716
-0.0389729316616078 -0.0675896498900638 -0.761867040346406 0.640684405724471
-0.0228519349931547 -0.0393139349279277 -0.710638439290158 -0.0229446765688318
-0.0329424339219235 -0.0238084945444464 0.0140976155800115 0.0820048484612081
-0.0459461750369932 0.0329410534496741 0.651631185351983 -0.257471589674834
0.0208536817916489 0.0329315378973477 0.150776562934004 -0.874293407790341
0.0521881363287572 0.0024396309285985 -0.671119221865356 -0.52419943266143
0.0235185067080562 -0.0188398689039738 -0.553083349048695 0.248130875455426
-0.0251354009304386 -0.0199819889463424 -0.0547228121541232 0.385217464025243
-0.0184027823203736 -0.000103030796402037 0.171425673244898 0.0895451501031824
-0.0136499088449917 0.0166350169238014 0.103564693837398 -0.186436478745996
-0.0329550892137661 0.0170772618645566 -0.0777912414305414 0.201611250572784
-0.00669764757365433 0.0298397082673994 -0.0667556148847448 -0.128133839627433
0.00754307874547963 0.0415592897284586 0.269430371219013 -0.300811772960653
-0.0110868296021439 0.054626240178651 0.552097108698806 0.132267598121145
-0.0325871428860495 0.0124561346758652 0.126939448954371 0.831297128480459
-0.0399523243520184 -0.0489437038544235 -0.731577603483487 0.654767665052976
-0.0464559078513035 -0.0298469769491746 -0.70988767642937 -0.00932969953818666
-0.0612600347461745 -0.0180366832152095 0.00788487104334344 0.0837966484275211
-0.0584203488703504 0.0479149405997573 0.660037623602034 -0.242155376858597
0.0284226097084875 0.0453551333357486 0.182438341569479 -0.873656855952337
0.0579623485156607 0.00945781472173659 -0.65113251984828 -0.546002346150404
0.0220740719946571 -0.00635124048243173 -0.558054010956627 0.233825138396532
-0.0235667712557125 -0.00121898441148299 -0.064008063801836 0.388265089417153
-0.0162751715883082 0.017613210514983 0.168326043538626 0.095443361045064
-0.0157196869278706 0.0288933099226195 0.103146001153152 -0.184336281400564
-0.0331582278055849 0.0295544687745819 -0.0805241695917731 0.198359585180086
-0.00713813514401026 0.0465530095089516 -0.0808870018189043 -0.122896800404149
0.00307572305801473 0.05661420672733 0.246651791631828 -0.315220262994553
-0.0139855216564277 0.0630475962613549 0.562316122847181 0.0899074946060524
-0.0274471443180732 0.0219900120141435 0.20279622657503 0.80813657945327
-0.0419643221421022 -0.0293964230507177 -0.660843286923066 0.701098709929542
-0.0652739591808097 -0.018027301472384 -0.707551019736311 0.0329222383131797
-0.0847510948549948 -0.0138154566442791 -0.0120263060881718 0.0864405766847311
-0.0720338509573846 0.0593488225236222 0.672076094335879 -0.205295463566007
0.0318901271931263 0.0589228285969282 0.256571785093199 -0.860674149149645
0.060644660662112 0.0161232407141972 -0.601005684866176 -0.598486903127413
0.0221544892027871 0.00334497805673605 -0.574923884571594 0.19549596701069
-0.0222686276008391 0.0129656383977089 -0.088208958988027 0.38889969249838
-0.016011791318676 0.0329676819148272 0.156745457309243 0.103911337571891
-0.0171451067399105 0.0394785450817453 0.100780871757959 -0.185173826439477
-0.031792584349917 0.0370273070368949 -0.0855981599818119 0.193155670511442
-0.00396129173339637 0.0563213427951956 -0.102943622754582 -0.118390172563761
0.00293788237326485 0.0653249353822631 0.213430941758562 -0.335354104007997
-0.0123102725850068 0.0690684199392828 0.568761887826205 0.0244756190913077
-0.0231254814010281 0.0311090558489587 0.307620125659858 0.765593975727442
-0.042369719438223 -0.0112566908886718 -0.550827422400704 0.758513863471516
-0.0756971310746458 -0.00507064869000379 -0.702934059448974 0.0946133316327384
-0.0990204474485924 -0.0107419637055855 -0.042325373533812 0.0901470477105266
-0.0865284795334108 0.0632013709582889 0.688184041960966 -0.14453208757445
0.0289259161404769 0.0711914218659722 0.364551243328994 -0.833817283544736
0.0604110817110104 0.0252126233045676 -0.52302226103416 -0.674400906133766
0.0204102943181883 0.0103460768244011 -0.596079644714369 0.131878495846072
-0.0237894971162257 0.0211177521601344 -0.128737914912806 0.387445556690616
-0.0165140028873785 0.0433198547005633 0.137950315482429 0.117716036209119
-0.017616506226787 0.0463944049061514 0.0956250583555604 -0.188024722915911
-0.0228140072986832 -0.0373899885760679 -0.0908100303778338 0.185665971647855
-0.00231216958489149 -0.0453779741975477 -0.131120847846491 -0.12384609202615
0.0319471769379334 -0.0421561830363273 0.159201481188584 -0.364308226198173
0.0109420194849716 0.00772382407981414 0.550675847416739 -0.0505934976816506
-0.0476234077441899 0.00449492362388851 0.403936376274423 0.719211290272898
-0.0699409710639967 -0.0777005615893586 -0.428236798869511 0.842038849932593
0.0197224724222905 -0.065531730862536 -0.695733511532788 0.16384693982749
0.0528113190783438 -0.0405255756681787 -0.0793391508382099 0.089224822694359
-0.00624513179356346 -0.00831576503391946 0.695589801179684 -0.0841569075318809
-0.00851425679230799 0.00239841561437525 0.465653076843233 -0.795498310604569
0.0296281430174904 0.00308465494486096 -0.461799513537614 -0.748893769158004
0.0407226143885384 -0.046992641058174 -0.637637186696261 0.0565695844772516
-0.00944215858396078 -0.0795608831592762 -0.182158557542042 0.368608205585109
-0.0149132579636992 -0.0548811333143764 0.109182355115177 0.118199874282699
-0.00649783355090207 -0.0186843502071823 0.0919472409779391 -0.205576093692549
-0.0248844344253814 -0.0348005588941161 -0.0848095834482129 0.192441345351454
-0.0010383991711487 -0.0415200736001848 -0.105887888655998 -0.130678868081859
0.0349132984359669 -0.0333903873177831 0.20358799169685 -0.343499148086761
0.011766446468581 0.0139749770494387 0.557083490250367 0.0253788599520437
-0.0487173950527325 -0.00181319927804103 0.293487960791661 0.7850966255683
-0.0589014408080959 -0.0882432336634046 -0.565162217738261 0.786595415783118
0.0229174791169899 -0.0616045298132388 -0.708062604872918 0.0928564186385979
0.0425012595207607 -0.0395003605683866 -0.0424458652790746 0.085918199680024
-0.0144929351173966 -0.0055339662917087 0.684174470764611 -0.155644369881432
-0.00545024089291851 0.00500910835289285 0.338562940278643 -0.843090526384363
0.0344664120673645 -5.61870002967514E-05 -0.562384822492778 -0.666359768167059
0.0348758818698492 -0.046917624727397 -0.616244880977849 0.135778017077118
-0.0173636372116985 -0.0722549414385509 -0.133966437013059 0.378264998918705
-0.0189559641951732 -0.0481720250733915 0.134090676755925 0.106714402201586
-0.00906972794543906 -0.0153314737256214 0.0954628975898617 -0.200090795864609
-0.0269666926373173 -0.0276267503329802 -0.0804417305758405 0.198008783803234
-0.00163300089549922 -0.0300605978897678 -0.0843226464060186 -0.132948237068046
0.033537893580608 -0.0176613496901115 0.23773878347362 -0.322685709162377
0.00873512521733535 0.0238075353174496 0.552336166532349 0.0893511317367707
-0.045619352829926 -0.00464593931135608 0.191512947522384 0.82536315719669
-0.0484870084172843 -0.0899581784412477 -0.67132194654661 0.722409337556374
0.0160201045356297 -0.055082383036036 -0.713669479002328 0.030558425315502
0.0230403047587422 -0.0354968742539712 -0.0122724433971216 0.083710025694088
-0.0253167133279011 0.00459945718700756 0.669183307353163 -0.213447795922708
0.000716692814899625 0.0127728646809693 0.232383309630238 -0.867023620962351
0.0401904300810744 -0.00169663351562943 -0.632470038337844 -0.592810488658741
0.0295755945107764 -0.0409558995846807 -0.589348711414229 0.198937564148214
-0.0233298145310386 -0.0570838688300655 -0.0924980861916561 0.382808019144161
-0.0201607776012556 -0.0348656775477758 0.15366522382694 0.0973007819929329
-0.0104978779270547 -0.00751965134010853 0.0993080153820609 -0.19506671005451
-0.0301819480005973 -0.0140322205727133 -0.0772137064605383 0.202666291582946
-0.00205471172458847 -0.0122619935813468 -0.0694922479974296 -0.133226903333355
0.0265674860308404 0.00156365006583336 0.26214793940791 -0.30815361124829
0.00324035701283736 0.0352964988032175 0.549095016639982 0.131189405343113
-0.0421621743172402 -0.00356670061119157 0.12193643746425 0.842081593363928
-0.0411735965942421 -0.0811988938157673 -0.73841964071528 0.670213822432861
-7.03626382394865E-05 -0.0473298549291418 -0.715098078341168 -0.00599774023356188
-0.00397646586981598 -0.0296044649435073 0.00756665087463254 0.0829452619761866
-0.0344789603071294 0.0172545822168299 0.657169708290968 -0.249625750714526
0.0104852973119283 0.0216020642387673 0.165027592303824 -0.878036914953594
0.0466809148885621 -0.00109963815621669 -0.671672834699457 -0.538071574790144
0.0262671765425201 -0.0308337421120892 -0.56810001304369 0.238907233611751
-0.0259388332610312 -0.0392465074332681 -0.0629511911958741 0.385239664889529
-0.020415933606249 -0.0178808977812888 0.167766088226711 0.0906412296376679
-0.0125277424409616 0.00400930680818883 0.102657841421302 -0.189851934946732
-0.0322777389567657 0.00110538558505814 -0.0754566216282227 0.204703913828454
-0.00459366441519456 0.00880068946612858 -0.063007668154273 -0.130501044063119
0.0169660161561869 0.0227992939881192 0.27378924312713 -0.300017842273098
-0.00463853297545912 0.0460647125904579 0.550122782797929 0.145274875084279
-0.0374136119451068 0.00366321783292607 0.102946884587914 0.844816926510091
-0.0393505071475646 -0.067654061947407 -0.761651531113105 0.647816806256967
-0.0224078299912303 -0.0390761163247587 -0.714520538732291 -0.0193302282861238
-0.0334876294889654 -0.0232325992862564 0.0155661906455257 0.0829747043186947
-0.0461481026461552 0.0333503696041483 0.653841546331007 -0.261703219362713
0.020413902471583 0.0329031169043679 0.144945698465744 -0.879221426026598
0.0529215544992465 0.00232040956542196 -0.677865750727933 -0.520135973187399
0.0241758466536214 -0.0194534594246927 -0.555927017994215 0.252755171058811
-0.0254512658549636 -0.019062325887629 -0.0523032755624468 0.388149054138506
-0.0186854107699526 -0.00037652351151979 0.173040396496349 0.0899057516974715
-0.0143142095417444 0.0159760534862173 0.103035499986425 -0.187226820958658
-0.0325230486490238 0.0163718989656708 -0.0777346725601025 0.203080071075606
-0.00578833100047156 0.0295188336290497 -0.0685657785796228 -0.126777276821099
0.00819517077090495 0.0419462517493545 0.269443902505038 -0.305409965701407
-0.0103149286751583 0.0560785497523704 0.556507334384721 0.12881434594386
-0.0331928286777574 0.011647762502276 0.132087945460078 0.835931538777579
-0.0404721126325653 -0.0489036704518809 -0.731724505226184 0.66209923802884
-0.0456357306256632 -0.0301498889828582 -0.713332462676084 -0.00456205884839396
-0.0618658301949255 -0.0177087412174078 0.00728252433119227 0.0850543954661063
-0.0585178754668307 0.0489441169580025 0.662065908054521 -0.248895491210896
0.0284520640885783 0.0460547991556111 0.177373508724533 -0.876892543258972
0.058058415294291 0.00764642386585426 -0.657892111450605 -0.542602883307816
0.0231232353122407 -0.00668620873398507 -0.560815633487653 0.238886990583928
-0.0243891178147674 -0.000676658771678895 -0.0601092597665658 0.390495705656246
-0.0169015906340763 0.0181929834922627 0.170743837470851 0.094601713672508
-0.0154695796400178 0.0283483641282583 0.10307618289731 -0.185429225440942
-0.0331216675456946 0.0305618561199848 -0.0808728533829776 0.198825152602394
-0.0055397818622997 0.0463591316096382 -0.0818959668710044 -0.123014274545968
0.0031750068013815 0.0568005744796448 0.247148442027698 -0.320030566744628
-0.0131228486580382 0.0638000829552649 0.567042426325605 0.0859980475530423
-0.0278531916189957 0.021711194928363 0.21045822159487 0.811773160229597
-0.0423924650396281 -0.0298147981280885 -0.660522576063142 0.70983513630745
-0.064200687500893 -0.0175007018929554 -0.711891929605477 0.0377184202761684
-0.0848495556882216 -0.0134550316273862 -0.0121239776367408 0.0878136010346521
-0.0726500367772715 0.0598038232498376 0.675580765410749 -0.211177877586452
0.0321924969192784 0.0587449632048848 0.252515465701642 -0.866170448311275
0.0613158463830966 0.0155012701210317 -0.609223393004779 -0.598228417261598
0.0227073985489082 0.00307841997240568 -0.577015732185081 0.20113423203208
-0.021884399590785 0.0131852701921913 -0.0857149608625495 0.392061189673416
-0.015380479267224 0.0331535196663284 0.15924181967795 0.104584813675507
-0.0164772104425889 0.0397491643651898 0.099514874322746 -0.18700087494595
-0.031411961826784 0.0378128697885045 -0.0855950361726135 0.193754962578656
-0.00263571112346572 0.0567802784305979 -0.103874116790371 -0.117733013655391
0.00318122943875004 0.0657698258225689 0.21296632964277 -0.338803947691605
-0.0123774725297722 0.0700366849532892 0.571512409183558 0.020360419442361
-0.0240087988369465 0.0302017852060472 0.315354976955507 0.768795971052247
-0.0428113040793442 -0.0114729012876295 -0.550138007413111 0.768932637310127
-0.0749650061742894 -0.00429284248203043 -0.705472195545872 0.0993579820156237
-0.0989833029233358 -0.0102792210456661 -0.0411779140331552 0.0912135257685669
-0.0863160932681924 0.0648227438631992 0.693466681460379 -0.149556545208458
0.0298401553755596 0.0723898806784306 0.363605959287126 -0.838074105607535
0.0618340263157103 0.0253691067304696 -0.52925734791533 -0.674346742658403
0.0209305154827585 0.00988231989279836 -0.598786948875085 0.136544516854592
-0.0244563740362196 0.0216221239760127 -0.125048318280395 0.39084991165447
-0.0158960095417408 0.0429496005273702 0.139794104939009 0.117291441130714
-0.0169848469822058 0.0471972932446182 0.0962096717717752 -0.188775549984503
-0.0240675574841599 -0.0373346217270482 -0.0903264597540529 0.18737230782909
-0.00223038268806476 -0.0450586881035779 -0.13457614354621 -0.122493841814305
0.0316944294957735 -0.0420165405063491 0.157231963649363 -0.366294632022626
0.0121312525847983 0.00846510482222666 0.553919586279049 -0.0563453280634356
-0.048107022344332 0.00497818813169132 0.41159547036556 0.721086833103197
-0.0704496688213082 -0.0777896165806672 -0.424071175698346 0.851471366549417
0.019728903583581 -0.0642976235148393 -0.697939860351972 0.171311398320688
0.0537389990898036 -0.0412856135501718 -0.0782764878510028 0.0907035782781651
-0.00578931336833092 -0.00835886938967302 0.698024795080471 -0.0892380281426564
-0.00834443564478966 0.00205222053336918 0.461906594043384 -0.80121493270224
0.029639687229992 0.00295929591168054 -0.47105930987282 -0.74585398274969
0.0407642033919217 -0.0472864809527416 -0.640320889586173 0.0626431953544673
-0.010564279420327 -0.0795099512170372 -0.180166097593114 0.373546479638287
-0.0153388479001307 -0.0546293748418126 0.111073469689246 0.119160770610772
-0.00704290111048553 -0.0191420103968166 0.0912035676528345 -0.207224519194568
-0.0259117213962606 -0.0350219536570383 -0.0844657211540391 0.194009557520907
-0.000978385825950371 -0.0412565946980302 -0.108420334468766 -0.129063678275156
0.035154875268496 -0.0331851049681183 0.202216266964812 -0.34628105623384
0.0120584120352251 0.01502106176637 0.559607268191918 0.0208110243587849
-0.048813351331525 -0.00153301756786236 0.30249824751656 0.786972648712432
-0.0601773992493106 -0.0884472092274888 -0.559882236367338 0.795161857527201
0.0242486747295165 -0.0616847641433045 -0.711831707851158 0.0971375291500853
0.0434053522597122 -0.0399776976108253 -0.0417958426270618 0.0869425477180017
-0.013626942574918 -0.00537538809245013 0.686769690484242 -0.161924341220854
-0.00577463891218159 0.00586624104550545 0.331550071783373 -0.848721823882851
0.0348235010843501 0.000877869736234059 -0.572714404117916 -0.6647426317844
0.0345088968740471 -0.0470935564540038 -0.616958793103518 0.142428966272257
-0.0191690959631284 -0.0716055939891702 -0.130940035140338 0.382529496453494
-0.0184888841541454 -0.048258801195315 0.135903264876898 0.107835583097792
-0.00844549396031444 -0.0152914800412011 0.0950043639870985 -0.201820450903025
-0.0270203766342993 -0.0260946695670013 -0.0789580309061426 0.199673041176104
-0.000986530937243626 -0.0294647125647915 -0.0859021311994896 -0.132271621565257
0.0333958762138142 -0.0181791345396106 0.238121682193989 -0.32614363270831
0.0082320575441958 0.024870568466528 0.558869496310109 0.0849636577954895
-0.0464160497177111 -0.00495612127331512 0.198830601953539 0.8281368665634
-0.0489305395451339 -0.0890335719064939 -0.667777126268712 0.730146792566727
0.0168832850953968 -0.0544641883504619 -0.716865366061749 0.0377978126787437
0.0225528486418439 -0.0355610326451462 -0.0119734270661186 0.0845948611342754
-0.0244377441966368 0.00427994270943479 0.671254746930582 -0.220191806912329
0.00165025328497131 0.0122340119555428 0.226659149968147 -0.871842882615897
0.0403666487480949 -0.00184133065292602 -0.640534731726509 -0.588440408225226
0.0298289150487304 -0.0416066924057975 -0.591943052811134 0.204335099800502
-0.0240406795451508 -0.0574283041265664 -0.0890281445896475 0.386871367810235
-0.0203817446618238 -0.0347180238378396 0.154609474580061 0.0967641953150487
-0.0103872748186723 -0.00774823492457579 0.099646403822049 -0.196594254843677
-0.030178661234096 -0.0138737843335321 -0.0772000654358035 0.203538870375247
-0.00204492411589144 -0.0122298718761614 -0.0715253888750381 -0.131813477522936
0.0271161838596974 0.00183987442700291 0.262539569084321 -0.311875023864655
0.00315931586189475 0.0358439683640173 0.553967470485322 0.126839057627895
-0.0422742865498854 -0.00327659220387136 0.131718432738128 0.845763811919523
-0.0423896891381295 -0.0820943384803691 -0.73790553947428 0.679007899308218
0.00103166919041798 -0.0464564799303856 -0.717711394781011 -0.00201907810132399
-0.00386655235380004 -0.0298722543579968 0.00852060503173114 0.0838142021542458
-0.0347949569895628 0.0179707637432874 0.659330750492664 -0.258519730669345
0.0114254850102615 0.0218595319535581 0.158460333241819 -0.882022988811121
0.047380394268761 -0.00223111705533235 -0.678846624096341 -0.53275219248108
0.0256005109544466 -0.0315192164251967 -0.567779250584173 0.246157372669739
-0.0268402544288924 -0.0383629015588488 -0.0588749424246883 0.388408598629208
-0.0205269344758038 -0.0178582075655599 0.169931118718818 0.0901629465424215
-0.0130983140003376 0.00331583209556871 0.10251011902033 -0.192161104830183
-0.0325455013667975 0.00201894946803227 -0.0750026909735938 0.206147845796261
-0.00348350926008034 0.00841954704341856 -0.0657460683640907 -0.130728797477813
0.0173443017562928 0.0219489012066949 0.272977389756521 -0.305222928183406
-0.00335995059215969 0.0461145475111999 0.554721920020411 0.141233292435238
-0.0389430789410477 0.00351721233774415 0.113048741703307 0.849677900903007
-0.0397728801849254 -0.0678619462303594 -0.758766092059021 0.658078754608489
-0.0215842755297408 -0.0376030747141918 -0.718222551034658 -0.0142588413505365
-0.0330628869648816 -0.0221406388621163 0.0148556935787188 0.083613983927528
-0.0453603760668207 0.0349572197621204 0.654281831296198 -0.268701946798878
0.0211358923468248 0.0330843005230647 0.136868478432796 -0.884137220052925
0.0536285481230463 0.00159361449255874 -0.686263120514061 -0.516709700356928
0.0232429662050326 -0.0194202154946029 -0.556515706075658 0.260653028900672
-0.0260858266639331 -0.0188182559790211 -0.0487195158167471 0.390866623543096
-0.0185376142627291 0.000106375291352485 0.175335563246754 0.0888122897399138
-0.0138276466558106 0.0160331000599743 0.102958607138812 -0.188480867711355
-0.033323881608481 0.0172084647808299 -0.0767423854037435 0.204466835677686
-0.00515120131249188 0.0283280081996896 -0.0700628826322618 -0.126557483407867
0.00835907236139737 0.0418019610390202 0.268303490621351 -0.30948554553294
-0.0088972887505487 0.056618272102686 0.561893313175755 0.123467668606199
-0.0329169939801009 0.0113533583165706 0.142774477884286 0.839619795434193
-0.0413293026326332 -0.0493815503348775 -0.729758741366029 0.671593796285389
-0.0454059384346953 -0.0280199864870469 -0.715927147979937 0.00131568405851552
-0.062793081850544 -0.01602435206876 0.00976367340877919 0.0860134116464947
-0.0577620455361301 0.0502112921243545 0.662523485720766 -0.254583123166835
0.0300788805441766 0.0464332026488347 0.171372968348533 -0.883302937309382
0.0582695703367894 0.00757719093548545 -0.666644047499235 -0.538608762285138
0.0236922844359574 -0.00738049056590345 -0.562429792964331 0.246198639154187
-0.0239301188687442 -0.000507470343972378 -0.0564759997136361 0.39326652636889
-0.0162380718089905 0.0175449004982222 0.172192848515912 0.0944391610260839
-0.0155828886403498 0.0289778457687933 0.102479033260031 -0.187138806388482
-0.0321831084740743 0.0295924825274375 -0.0806683200763009 0.201386168065525
-0.00443229397539528 0.0462394141237028 -0.0846410234992732 -0.12279404345453
0.00304368314574377 0.0562096432709323 0.247833179079127 -0.323159624527515
-0.0124987100925758 0.0644089769041525 0.570060449664704 0.080174486083538
-0.0283862891834609 0.0220485995680273 0.220704023514336 0.815617143591518
-0.042679318858155 -0.0297836525064311 -0.655939052685994 0.71819748812925
-0.0639481678090682 -0.016434215302632 -0.715123696464343 0.0427142498224109
-0.0850139947021014 -0.0117646129563894 -0.00978928869139836 0.0890637004019266
-0.0715005462312151 0.0610627054312953 0.677302996099994 -0.217176179326915
0.0330226327180124 0.0591337427281415 0.245743347941623 -0.87178483838326
0.0617790968526666 0.0152910399830257 -0.618844261873829 -0.592168698478028
0.022617109373496 0.00328629559340841 -0.578997816055652 0.207779961132095
-0.0231133423382228 0.0137771868561376 -0.0816773545959394 0.396514215100728
-0.0146150147592185 0.0333171536966625 0.160452830860662 0.103317519224057
-0.0162916834084702 0.0396590278577473 0.100264540748857 -0.187961822640946
-0.0308014828980436 0.03835684339123 -0.0847082117613515 0.195226275234672
-0.000566775176675072 0.0570109588023009 -0.105935831264444 -0.11627537251041
0.00440055101899219 0.0653995998665865 0.211918961444687 -0.342730360401635
-0.011959313677447 0.0704572824602846 0.575253921826431 0.0136338860909638
-0.0234450613484743 0.0306088201185162 0.324974486627956 0.7699890625107
-0.0433333594923593 -0.0121692962955717 -0.546397785200567 0.776092123403547
-0.0745401608572626 -0.00315708805962477 -0.708040978156984 0.106021990110799
-0.0995989507836451 -0.00939625550630615 -0.0401876316841567 0.0926900495719958
-0.0859277822672425 0.0654543010710206 0.693419678890771 -0.156869637554565
0.0305895484916124 0.0715830821320113 0.357940533523546 -0.84691700407733
0.0608554759413572 0.0250023989703791 -0.538452494738455 -0.672358749915289
0.0211002767043238 0.00966221251229939 -0.601564349781085 0.143800830609161
-0.0248784533610321 0.0223881602693197 -0.122053951042074 0.395200342907572
-0.0155223934187918 0.0431627523424269 0.142331635974023 0.117302804045133
-0.0179889184011642 0.047015971129981 0.0954278525943347 -0.190194983857548
-0.0250650273922016 -0.0375067399172569 -0.0895398549599924 0.189681875964169
-0.00217879544132911 -0.0451628580257117 -0.136537993205791 -0.120961622975417
0.0315863783657401 -0.0424501752532975 0.154693987065717 -0.369446557421367
0.0122924176021567 0.00948516472717444 0.555242494734822 -0.062836379954029
-0.0478779367531186 0.00585058428646515 0.423396911042038 0.72043628731269
-0.0719317170095241 -0.0787840069059043 -0.41919146523502 0.859068612993133
0.020818782376734 -0.0638358458152196 -0.69955633011072 0.177244020195352
0.0533644165520772 -0.041497137241518 -0.0778648592311283 0.0923790605213458
-0.00552213242269115 -0.00706534909127445 0.701815241681253 -0.0971552908794552
-0.00844721074608809 0.00234137954651874 0.455017990705965 -0.810222850656847
0.0295008492035947 0.00318446919482846 -0.480974078625199 -0.74281977329258
0.0398365692626523 -0.0477151500958868 -0.642560634354556 0.0705081109271036
-0.0115513947516252 -0.0798775399656095 -0.174956847514733 0.376480062520116
-0.0163118262252149 -0.0545889470092997 0.112145716391542 0.118815970281863
-0.00755149466057238 -0.0190514110434469 0.0898500735395337 -0.207519953324263
-0.0267367947789095 -0.0338530403590803 -0.0832331019662032 0.195561661050396
-0.00119268324772468 -0.041889884723906 -0.111275943129034 -0.127084153995498
0.034350371792858 -0.034458636883891 0.20001097478177 -0.350635179055965
0.012357775974454 0.0161595747631356 0.563640042515915 0.015247564354288
-0.0497282407619551 -0.00140119961345503 0.314143934980886 0.787199088231907
-0.0604180275880538 -0.0887472617169463 -0.554960218312434 0.803525585267414
0.0234387893878708 -0.0610750773738264 -0.714322962960436 0.104858803684358
0.043490997486655 -0.039369853961686 -0.0422249992757709 0.0888499118879634
-0.0137620267481384 -0.00468816364978201 0.689410474297134 -0.169583484317461
-0.00557153623460712 0.00566685269353532 0.325413856887231 -0.855008683205658
0.0352610105981471 -0.00163162695689287 -0.581212077117613 -0.661102688991736
0.0346132115081144 -0.0485781316322612 -0.620977041172032 0.151020849664433
-0.0197284928488872 -0.0710940743100447 -0.127739991883961 0.384761443497915
-0.0198389510024832 -0.047229315501826 0.13701374229213 0.107012586273815
-0.0091214526499757 -0.0154694121557725 0.0949029631972438 -0.202950586287571
-0.0282352347001446 -0.0266570220376599 -0.0784114045063431 0.20131277451872
0.000101615057223182 -0.0301931885575695 -0.0887104710496229 -0.13136289181213
0.0325304467415137 -0.0187687575376112 0.238422739513618 -0.329739132671629
0.0097159263076054 0.0257277429199476 0.562843696018592 0.0783652686319799
-0.0468471086775283 -0.00492229063469506 0.209970082351121 0.830936079949849
-0.0495037481963675 -0.0896624636309983 -0.663481961224185 0.741162493369016
0.0176988439386153 -0.0538755286404193 -0.720183408766257 0.0446822488995141
0.0229555236142316 -0.0352081291672869 -0.0112016675234362 0.0858145215419975
-0.0237182840128243 0.00530174707506704 0.671659505711464 -0.227424565226864
0.00081991812464631 0.0129110494238663 0.219386653662837 -0.87756817607262
0.0404136920420375 -0.00291215606625404 -0.650562503288111 -0.582532817244313
0.0284058787488273 -0.0429818520659835 -0.591860882570836 0.213277506285414
-0.0247754003893926 -0.056820376019032 -0.0870600141759046 0.388483860825473
-0.0213033616486436 -0.0341980204933439 0.157719094630694 0.0969003819489032
-0.0107957432765873 -0.00833173276186313 0.0980720634334614 -0.197475139139656
-0.0303022439557497 -0.0135982873536528 -0.0750841896147538 0.205057222322843
-0.000112604854021515 -0.0123808468547497 -0.0729193623679936 -0.132068073670128
0.0264390802087107 0.000850791366408223 0.26308205107231 -0.315190355833626
0.00357887761089403 0.0365920543075716 0.558496624234587 0.121206655031449
-0.0428340346748166 -0.00305147822741542 0.140857502833109 0.849373542652584
-0.0429578150049584 -0.0834194551184283 -0.735996633134345 0.690827950274095
0.00138578621222729 -0.0460388202919614 -0.720752569673499 0.00481405137169786
-0.00369312998348716 -0.0291339069509809 0.00929740781955155 0.0842086618257834
-0.0352299375897063 0.0193930060022107 0.659415311291367 -0.263737844368614
0.0110109972224019 0.0221053529143654 0.150814128021616 -0.886204621100256
0.0469807682814524 -0.00276765028896687 -0.688064352621761 -0.52594309088592
0.0252579848208303 -0.032314269879274 -0.568598976291373 0.253899149144696
-0.0277793572669392 -0.0381502226664244 -0.055151745123654 0.390774512626074
-0.0209553482942277 -0.0179243225479249 0.171803503856972 0.0895130520021921
-0.0130742796363297 0.00370396585968104 0.101112659740531 -0.193002697385903
-0.0321839902685609 0.00188513436180122 -0.0741806530360791 0.207019526708085
-0.00363206800396451 0.00920547198315843 -0.0675179332368315 -0.129779547058816
0.0179842380388439 0.0221665656415811 0.272682361535585 -0.308160151244044
-0.00293446288245805 0.0479404503372946 0.558504516766446 0.135173552551154
-0.0384521101615503 0.00207797270021064 0.122871360703405 0.85535684264105
-0.0406822011852519 -0.0685852603442714 -0.756812203340848 0.670172108934305
-0.0210623312678968 -0.0380396404837221 -0.721577535424629 -0.0068255184855921
-0.0337135399652721 -0.0228394155675757 0.0160369519463904 0.0851200735082501
-0.0457826592815858 0.0358322144327548 0.655976327195702 -0.275606873545899
0.0211616603547127 0.0328196150536728 0.132130011062377 -0.888046000889547
0.0536179001528533 0.00098856183670063 -0.696236151633054 -0.50864573797212
0.0236327554150187 -0.0190871161783365 -0.555836569994195 0.267232780567706
-0.026029833055021 -0.0185230571569198 -0.0445214484432441 0.393641685351133
-0.0192945298807017 -3.01892173848678E-05 0.177836133765507 0.0877088033876541
-0.0142499553647731 0.0159529079690089 0.102887786899819 -0.189974230529418
-0.0333366630522584 0.0183329558582448 -0.0747503208387304 0.205519707256931
-0.00377570419239049 0.0288163878205206 -0.0719226919325615 -0.126165803035192
0.00930819571486026 0.0411461114187942 0.268288494838785 -0.312589595321903
-0.00851934020245197 0.0575876033761025 0.566395777528317 0.118572394520551
-0.0338523639470541 0.0123705487978693 0.154848992908721 0.842932732447292
-0.0413574221325338 -0.0488428929844516 -0.727099464204421 0.683117730357081
-0.0447924476526795 -0.0278510490182176 -0.720894116612258 0.00641892587903247
-0.0622109271221665 -0.0166485263214358 0.00936968206199925 0.0860437933511258
-0.058138865254244 0.0500369319737168 0.663386808421139 -0.262998532150114
0.0303158239737346 0.0460482848483821 0.163098602003633 -0.887774924805019
0.0587370782992865 0.00726922083683046 -0.673539968558948 -0.532745454951042
0.0235267796657524 -0.00735412815295833 -0.560677612109082 0.252686177897883
-0.024731561169996 0.000611800404766591 -0.0527103951528911 0.396676516167241
-0.0161452290789248 0.0177316636248356 0.173973753608246 0.0926810100057612
-0.015595605531476 0.0280885933256162 0.102395034226255 -0.188292493403612
-0.0316778101474345 0.031000915465605 -0.0784494789432276 0.203003471796023
-0.00352123096307048 0.0463364400805136 -0.0852425822537686 -0.120665773064445
0.00453314223851346 0.0569296165865162 0.24670948467303 -0.328027096898721
-0.011085668332831 0.065611548157517 0.574921832417181 0.0747697715110272
-0.0289956967334809 0.0216804255752537 0.231845950165116 0.81733771379776
-0.0429319395506155 -0.0302947844762724 -0.65394598047591 0.729400040006001
-0.0631718542673576 -0.0153386121429044 -0.718792125585048 0.0480859606720226
-0.0862816571663522 -0.0117712338475278 -0.00915174006791765 0.0910662403707753
-0.0715172479501842 0.0628533504905243 0.677662091317196 -0.225573482369228
0.0333007728966445 0.0597495599462739 0.239415469893778 -0.876830429830594
0.0619002965416116 0.0149003791786584 -0.628904613951129 -0.588582453907893
0.0221419772941261 0.00244283996119155 -0.579572744693526 0.213816256238262
-0.0235278113103358 0.0148529760544004 -0.0784991229810393 0.397864779679028
-0.01428405214639 0.0335612613684902 0.162508647751289 0.102806786587732
-0.0161262236662815 0.0392695998481687 0.0990597266139409 -0.189037674736183
-0.0304432650479699 0.0391616005541085 -0.0829289392809724 0.19676867408109
-0.000520830980574035 0.0567734418215451 -0.107694890448121 -0.11474668089481
0.00493406840888089 0.0662112059752704 0.210203462066141 -0.346565633831767
-0.0109317061975846 0.0716889405079491 0.578039001940687 0.00698779326382618
-0.0248606362511292 0.0302206941067186 0.33586754271576 0.77102002211623
-0.0426312420037376 -0.012265114126756 -0.540979304339136 0.783976617299766
-0.0742662272908316 -0.00228593168328329 -0.710796552853336 0.111402092160013
-0.0999555694509913 -0.00793600445167194 -0.0390344777457587 0.0942102492413168
-0.0853447964444131 0.0669818872786402 0.69441788883789 -0.164310407153835
0.0317579171030919 0.0717775155290987 0.351669471746453 -0.849455016302493
0.0618997522338629 0.0236303736884885 -0.547140825696559 -0.668084750450672
0.0210554318649118 0.00986859841428418 -0.602507817253185 0.150909218592044
-0.0247067611203863 0.0230308800729311 -0.117963875094236 0.398219034677838
-0.0148901815720869 0.0436167887942256 0.145075982894474 0.116715558950724
-0.0173314889629921 0.0473665609934263 0.0938028041124282 -0.191724021719584
-0.0255391352154281 -0.0364243940527143 -0.0888651869808742 0.190118269906539
-0.00171624604906788 -0.0448309717175409 -0.139017783872475 -0.118922942421992
0.0309059347765655 -0.042740523217709 0.151456232901773 -0.373479470481878
0.0130180188031515 0.0090761288239419 0.5576969033181 -0.0698235532448341
-0.0491708019877783 0.0055530860152849 0.434505873033406 0.719071288861994
-0.0726275958529451 -0.0782893326858561 -0.4112634312161 0.867200070929443
0.0211708113039029 -0.0637272342985838 -0.702416991038537 0.184603558197721
0.0534702885197723 -0.0423380371737699 -0.0775472317958334 0.0945812590527259
-0.00571545778439181 -0.00679118530532451 0.70481027118428 -0.104415644348055
-0.00880309045503681 0.00187371132361938 0.447952557594933 -0.816357462699884
0.0295503566367363 0.00308497272851146 -0.491155506275586 -0.739852091611295
0.04096911583403 -0.0485616432481034 -0.644369538495742 0.0792480714748388
-0.0129005104248037 -0.0785409464113382 -0.172331366878866 0.380231792576156
-0.0166937708517734 -0.0540840906026668 0.115222154477609 0.119303018219496
-0.00867442703999311 -0.0190329513718518 0.0883428302174293 -0.209234153643116
-0.0273908427240419 -0.034179460285158 -0.0819842874388367 0.198230094330004
-0.000195609415606705 -0.0416215579695003 -0.112693241267912 -0.126341593977889
0.0343547282657507 -0.0347511031092951 0.197889253314739 -0.353916700394407
0.0130789972471381 0.0159739673848318 0.566427189645814 0.00610143256335602
-0.0496674483220211 -0.00153356891337173 0.322900036601119 0.788381225541995
-0.0615364722478965 -0.0886611241389423 -0.549197526023903 0.813878515975683
0.0240769334978349 -0.0601510922256539 -0.716274834194421 0.113199465114701
0.0435367630586981 -0.039486514854149 -0.040766733971244 0.0893381750506952
-0.0138625708973901 -0.00421056048502745 0.689810822312219 -0.176583933227652
-0.00489698096384943 0.0055876588617177 0.31744470321393 -0.86150894815156
0.0354653182011473 -0.00162568484863686 -0.591670780510761 -0.655387706008566
0.0354817299279297 -0.0493663750743578 -0.620300308942975 0.157983659949337
-0.0208340237540945 -0.0704931574742088 -0.123067406098953 0.389276420981173
-0.0194452971563027 -0.0472120595150703 0.140224016440231 0.105878041493032
-0.00947322356523073 -0.0160693063591925 0.0927250277734649 -0.204716052022824
-0.028840098778949 -0.0260874275794572 -0.0765325756351728 0.202809919215419
0.000740485041520354 -0.0294342276279288 -0.0908863466177532 -0.13043935867483
0.0338205619570137 -0.0188451910564515 0.234378988173667 -0.334783320101394
0.0103177045295218 0.0256317522986787 0.565166254678417 0.0724208823465647
-0.0476942305086671 -0.00445584433052691 0.221746802044232 0.831846002646845
-0.0506656256848806 -0.0900365208015562 -0.660075220459262 0.750449603750908
0.0176206361913639 -0.0535456787120811 -0.720997370263206 0.0515217430182377
0.022649877619895 -0.0349698215866587 -0.0106025770430874 0.0870104890258842
-0.023928071009954 0.00529029367536497 0.671470315239567 -0.236003742916251
0.00127622277684479 0.0137846652284541 0.211309110595685 -0.88422192192236
0.0406998625252787 -0.0029058158434281 -0.659471185567457 -0.575380410772092
0.0285502757508039 -0.0424189812101766 -0.592946807077203 0.22014255877304
-0.0261743270330747 -0.0564557908470697 -0.0814282070073063 0.391891051658554
-0.0222817128943905 -0.0341547566788726 0.159900883998958 0.095766110526652
-0.0110691764122435 -0.00815286751714784 0.097431800823069 -0.199189207636799
-0.0304032445161638 -0.012500701978293 -0.0734995563542526 0.205945454830244
-0.000578796593665819 -0.0125711888026907 -0.0746941479844509 -0.130249488375512
0.0274806199203796 0.000830229476812709 0.260535382195718 -0.319556764708001
0.00468411023495822 0.0375143137171583 0.563220444571521 0.115638274651459
-0.0444639510636359 -0.00277464515005537 0.153046542637949 0.853559885785838
-0.0436685484601394 -0.0829433448102263 -0.731015753776415 0.701736270490588
0.00175812805958941 -0.0452391171460896 -0.723654937503686 0.0131514000411559
-0.00410593322738454 -0.0294123791649866 0.0110999951625802 0.0853768509222787
-0.0340258552032241 0.0194179198763661 0.659246424197369 -0.272115697059027
0.0114697989458286 0.021868780384082 0.142147866881532 -0.890796911782626
0.0470069692964499 -0.00275192840630403 -0.69686709500255 -0.521002404184298
0.0250312569818991 -0.0323484609991848 -0.567765246323475 0.261513129178006
-0.0277619543959913 -0.0373692561808952 -0.0515819800751291 0.394166037272703
-0.0212092565484085 -0.017637247349649 0.173937413215064 0.0886580507886128
-0.0134868596884314 0.00330903566068563 0.100513640506905 -0.194600260907116
-0.0321949990718796 0.00273905492370343 -0.0723043797570232 0.208653775622251
-0.00203153616226227 0.00873638695247006 -0.0685354098578917 -0.129466883335783
0.0175004867274434 0.0218581002940416 0.271548165805093 -0.312757547242948
-0.00175347929915512 0.0474455123289884 0.563154017387723 0.128727992668648
-0.0397673087727585 0.00312428498846534 0.132207376763862 0.85648513582623
-0.0412761280269747 -0.0686410239841902 -0.752125980342956 0.676727962325172
-0.0203122933098722 -0.0371907281917065 -0.72427025659457 0.000226855584027592
-0.0340850565218426 -0.0214697495151569 0.0179787367330076 0.0857108405522788
-0.0449074996808008 0.0363594049943108 0.655723182991189 -0.285184807912249
0.0217218765331522 0.0325141496317479 0.122697806262656 -0.894503802128264
0.0535342875523639 0.000326243408783952 -0.703318493532337 -0.503674612260624
0.0241079602571239 -0.0208465806814904 -0.555449115530504 0.275708816854248
-0.0269768648488154 -0.0171839158962823 -0.0395649445037149 0.394707389663339
-0.0183904979768077 0.000457129052761971 0.178891930792465 0.0865882965230779
-0.0141675489327818 0.0157452069975936 0.101190297778465 -0.190739782490518
-0.0325712392871369 0.0185639301573969 -0.0734341616070063 0.207422219559348
-0.00335226227222482 0.0300039827056074 -0.073143337327235 -0.12531710997935
0.0093377961027487 0.0412774011488434 0.266928777092891 -0.31811589034755
-0.00715382315312949 0.0576474151672063 0.570141356865708 0.112456603832716
-0.0341213492507392 0.0110090357881871 0.164404918462515 0.844854313335428
-0.0422347577944399 -0.0501557819649526 -0.724001745954082 0.695444641151995
-0.0447748134793683 -0.027139931729707 -0.723879170627228 0.015712936912939
-0.0626949673737174 -0.0154798463084001 0.0109218964699208 0.0879358948994914
-0.0570236796265185 0.0517868380163119 0.663835228425054 -0.270984009079511
0.0306076821429763 0.046113222735975 0.15477235870518 -0.893041998836257
0.0591917049820238 0.00624043905780749 -0.684110988750453 -0.524657564299743
0.0233306981431911 -0.00801628413733499 -0.561287428483448 0.262778447998176
-0.0246413401737943 0.000998008004353162 -0.0484734697990747 0.398183580426348
-0.0160317921413625 0.0177466354764268 0.176279860609393 0.0921204455993592
-0.0152060459173696 0.0285960556760815 0.101056548174165 -0.18981804807288
-0.0322758009760416 0.0313205225100964 -0.0766296374902325 0.203464196785026
-0.00233765354255236 0.0466334580505208 -0.0872785746375099 -0.119797577896923
0.00509865278896832 0.0568622725048501 0.244138980741169 -0.332713312670272
-0.0111152259121436 0.0655141524924829 0.578842617702871 0.0683363025983493
-0.0290128437212988 0.0211757364222507 0.240458283155578 0.81943662632145
-0.0440907478399245 -0.0296642584643498 -0.648387829030077 0.739145957229215
-0.0641787872606875 -0.0150486555034835 -0.71993370690638 0.0573135834450195
-0.0857188424447985 -0.0104173580536685 -0.00871310837094085 0.0907418454708001
-0.0709527884540462 0.0634512635891645 0.679144629653537 -0.231812419002506
0.0350146542080646 0.0592185746781834 0.23039027010587 -0.884051974456712
0.061844927073643 0.0141134724198479 -0.635260154063498 -0.581566224310231
0.0234898790611307 0.00201034948585899 -0.580603027346969 0.221872710154485
-0.023717347283384 0.0149848887986978 -0.0745990540694309 0.400819899642205
-0.0135249781837254 0.0331646077449401 0.165186600657876 0.101762482280144
-0.0156125711138477 0.0402678045345073 0.0989923914224168 -0.190602201444519
-0.0292245371365993 0.0394999925787832 -0.0819764503579206 0.198919345177925
0.000972763549743155 0.0565917616795178 -0.108779301706228 -0.113643810717249
0.00548781097245744 0.0661111815460314 0.207395512708616 -0.350020215030683
-0.0095768440103044 0.0719919548450823 0.582442600083745 0.000804123969195993
-0.0241301650437311 0.0307941273296635 0.348225366230722 0.770432542190419
-0.043968495725201 -0.0120879046199996 -0.536033664282109 0.794475786052047
-0.0739049528164463 -0.00118415348160582 -0.712770733821705 0.121109524270533
-0.100741956897736 -0.00705479307204547 -0.0382248104903861 0.0958854746116771
-0.0853111665905803 0.0683467981933824 0.696286556482344 -0.172729882090228
0.0327168925283025 0.0722031268611245 0.342949221470213 -0.859495182016543
0.062613922571862 0.0236294667472297 -0.556258588507637 -0.661919309284467
0.0204755186739682 0.00980288028619421 -0.603560068959162 0.158698915892619
-0.0247049515431907 0.0236310696748958 -0.114573188535697 0.400661584816639
-0.014399491663759 0.0433165252538951 0.146145621529242 0.115949345663373
-0.0165777762932709 0.0470314345703709 0.0929226888295863 -0.192755305803495
-0.0261632753050853 -0.0357165149731833 -0.0864074347544144 0.192054754309073
-0.00197878777908906 -0.0449523666291703 -0.141092111625205 -0.117342832822709
0.0304248792282187 -0.0434348305497172 0.146562656379483 -0.375268641634008
0.0136175751995182 0.00981929486221889 0.558537393743378 -0.0782356909084641
-0.0494832548844587 0.00581063219284012 0.444975841236818 0.715925697554873
-0.0738908341312255 -0.0772302927863274 -0.402394635469203 0.874831052458853
0.0208246064870871 -0.0639165988678403 -0.703571246039782 0.193680917910346
0.0538244959362389 -0.0424195439989885 -0.076485793198731 0.0971496055297349
-0.00595107279188533 -0.00726464980439272 0.703885617105427 -0.111145958530046
-0.00854824736329396 0.00280285178898883 0.438910633708732 -0.823570208096994
0.0300541657378202 0.00224625635815501 -0.500851913028415 -0.734135156115321
0.0400297959013101 -0.0493637853128925 -0.646551617236744 0.0877004876263939
-0.0146039108765916 -0.0792546205427954 -0.167491301605589 0.38511059713937
-0.0179125554333567 -0.0543863465428068 0.116950933567266 0.119247967938744
-0.00897600932947195 -0.0196334026515166 0.0857969430970409 -0.210264893351711
-0.0281575849553151 -0.033224952716353 -0.0799394113760025 0.199640781561859
0.000489269212310926 -0.041330120219767 -0.115295016463536 -0.125065804006658
0.0340854217801997 -0.0345491571294953 0.194055847977101 -0.35721385857449
0.0138531031705557 0.0164385739910979 0.568923914177268 -0.000215436205670217
-0.0501273965061024 0.000355663338327762 0.336320083990404 0.787195325545317
-0.0626059911356665 -0.0889923358436679 -0.541331999264775 0.823183432985555
0.0245239733128428 -0.0603459493448072 -0.71792930173879 0.12113374555255
0.0431503905614236 -0.0407438695060234 -0.0391392369805049 0.0912159885841024
-0.013419764062277 -0.00426852366807772 0.68990992379786 -0.184856215808985
-0.00549284316769645 0.00586261559186883 0.30858129181627 -0.866009300211846
0.0346984873077778 -0.00226779565287481 -0.602118758008783 -0.648909861500987
0.0342857001942344 -0.0496370868319453 -0.621272997696049 0.16647025888841
-0.0219903093931158 -0.0705210841839977 -0.119992453447649 0.391762599501779
-0.021292697192561 -0.0465175975432188 0.14214392142417 0.106212088218339
-0.0104173141583809 -0.0160144450217574 0.0917207378650516 -0.205283822845536
-0.0290204088776402 -0.025286739598162 -0.0743087847465642 0.204847752518885
0.000738284628938542 -0.0292572568384114 -0.0921206770173863 -0.128796568638857
0.0329194177935264 -0.0191575693237785 0.232214935993733 -0.338678356815055
0.0107855324156042 0.0270512872821351 0.568105446156542 0.0645731389449914
-0.0477664038023329 -0.0045890063122966 0.232958650814819 0.834217111071845
-0.0522191253197723 -0.0913403302249742 -0.653352063151148 0.760484928027321
0.0183632246062074 -0.0535341779413451 -0.72389858366463 0.0603403128160037
0.023241514358952 -0.0360722835428498 -0.00877941736894603 0.0876237605477776
-0.0243724438959754 0.00616456663113178 0.672452049765547 -0.244050881498281
0.00231720428157177 0.0129574615120814 0.200938985761614 -0.887716881055251
0.041398941270153 -0.00325994197959934 -0.669078003006259 -0.569127076503202
0.0282957931779767 -0.0432084126491738 -0.59119584736877 0.231503126172812
-0.0269137560894986 -0.0559345928599447 -0.0766142404099463 0.395679291743282
-0.0222091860276284 -0.0345763411296461 0.16139036116837 0.0939128907951022
-0.012011110397037 -0.00754847115984517 0.0959479556179439 -0.200869728418058
-0.0317264928300087 -0.012090279340613 -0.0717808627119304 0.207873951697805
0.000531313136890725 -0.0118095952949525 -0.076946917865144 -0.129515975027046
0.0274326940915354 0.000722386368795472 0.257530253306662 -0.324247257674409
0.00563586982347999 0.0378872745151618 0.567598715797575 0.108542230616841
-0.0440831701059374 -0.00250854834539782 0.164110423716369 0.853842510116069
-0.0447267501080151 -0.0834532474552256 -0.726044595183906 0.711264639440076
0.00194920191443015 -0.0453993462209461 -0.725376185557296 0.0214144331710073
-0.00360949103693535 -0.0290736419670017 0.0117163973181357 0.0863501337638694
-0.0334346776022847 0.0197444660080577 0.657259468529073 -0.280783184717255
0.0120797334501901 0.0222166550870256 0.131462182532977 -0.894750623192365
0.0473397429340754 -0.00334582500296562 -0.705402572252875 -0.512552387316453
0.0247121704513512 -0.0329856861744745 -0.567619138656582 0.270064546066507
-0.0290425008143924 -0.0364426485152959 -0.0461615569735379 0.395869628063799
-0.0216044848345126 -0.0176509689283354 0.176114537586891 0.0867386724256545
-0.0136089714633987 0.00340400154722749 0.0993263820052859 -0.195908943125932
-0.0321143638624001 0.003616308944016 -0.0691053711905201 0.210402384346101
-0.00114906752274451 0.0077903711081479 -0.0710110777324193 -0.127355848852238
0.0183175562481588 0.0218125356148334 0.269174334951286 -0.318306493713513
-0.000969710405279964 0.0485444567185713 0.568219588687783 0.123113027568707
-0.0394896015743731 0.00267262350664129 0.144150545036775 0.857929586366898
-0.0425986156306518 -0.0687022387661886 -0.745898212476575 0.690886959704421
-0.0201830982747637 -0.0362029957395533 -0.727239942970851 0.00874944755138529
-0.0339830138762711 -0.0211861598571066 0.0187765876179656 0.0859740173234934
-0.0447857514801117 0.0373091133456168 0.654115235817076 -0.292885876444234
0.0222137649223013 0.0326784016588343 0.111952427795837 -0.895571384017108
0.0538167332037043 -0.000822838472101866 -0.7112919902928 -0.494087208227838
0.0235801517255194 -0.0203184299465759 -0.553353968472431 0.284044925528713
-0.0284939534354972 -0.016816414816052 -0.0349489459825048 0.398270328344252
-0.0185437568341207 -0.000144073789867111 0.180848922311539 0.0848565398986951
-0.0147280027919693 0.0161218736126881 0.100542912977624 -0.192620437134827
-0.0323264036428407 0.0191244466759715 -0.0713017708237334 0.209084188384928
-0.00143092579042351 0.0292324660046409 -0.0748918261040865 -0.124116620970861
0.00946111848482428 0.0411979656455411 0.264216485451524 -0.322157550246364
-0.00583947447960159 0.0594055135020693 0.574755786004339 0.105203542764968
-0.0346242888920381 0.0118279376778592 0.175753382344772 0.847160709922688
-0.0436388480844122 -0.0504991524618727 -0.717356693684059 0.70544804449906
-0.0441906253361079 -0.0266357615907608 -0.725866178967022 0.0230057114785677
-0.0630998349073609 -0.0145591282782433 0.0125627181527417 0.0879711770928339
-0.0568067632309196 0.0532415942015695 0.662159361407891 -0.277899784328328
0.0313408105300251 0.0456433732460751 0.143314415212124 -0.896842928257404
0.0589126477838765 0.0057310208771809 -0.692193190279594 -0.517396734508227
0.0245640383444103 -0.00867630867914507 -0.560406544213634 0.269752649644713
-0.0243770265427069 0.00100603870845896 -0.0431890436822899 0.401355802536617
-0.0155728538211439 0.0174424954957266 0.178300344020036 0.0897129218422186
-0.0153583310519913 0.0290269050549053 0.100184348549682 -0.19148930535331
-0.0309427609879839 0.0320951572952439 -0.0742001415738344 0.205476510307415
-0.000562992269143426 0.0461506516024131 -0.0890074495670402 -0.118937778869727
0.00568076878744957 0.0565236380760019 0.240604017057134 -0.33604914553286
-0.0085311716888855 0.0667860510284565 0.582753042970961 0.0605534402771721
-0.0290191825507121 0.0215375742182368 0.252260050255891 0.819866465223705
-0.044645416371865 -0.0301763742942819 -0.64377384874409 0.749867455819333
-0.0626965678305666 -0.0144518779198778 -0.723719171488722 0.0670613393552668
-0.0864316046474013 -0.00938821221046287 -0.00671707207669529 0.0912078260494894
-0.069752762477285 0.0649928857616244 0.678023404478547 -0.240807423958094
0.0355240790008014 0.0597059967771705 0.220332064156864 -0.887372175602402
0.0624122493408586 0.0138453138313109 -0.643960628338488 -0.575716760106025
0.023062776014943 0.00164445693876222 -0.578619156454948 0.230704571427767
-0.0234314118065293 0.0160203243002576 -0.069272204998189 0.40374717326765
-0.0139617766812668 0.0338214190226886 0.167037271414995 0.101519571732698
-0.0158645554563155 0.0405448593545917 0.0977035647083103 -0.191544977494799
-0.0286350784618037 0.0405202209912827 -0.0799040389880834 0.199853445183217
0.00190158117837004 0.0560844151907841 -0.111608415036188 -0.112337403303152
0.00667423358685862 0.0663593341187214 0.205235268083986 -0.354269177654184
-0.00840093022747299 0.0716310741554471 0.583324541033851 -0.00664474996556165
-0.0232856388351247 0.0306862323129529 0.358577778154931 0.769223055351536
-0.0443241538103473 -0.0125033669380828 -0.527470254936721 0.803322158299977
-0.073333279930552 -0.000631274413938579 -0.712332213898513 0.13053007750661
-0.101182177934192 -0.00592300582550724 -0.0364281696262341 0.0965492423038606
-0.0842000209888481 0.0704248003485893 0.697276419472094 -0.181539168728293
0.0337104559374669 0.0716449891126833 0.334594182423024 -0.863864266588777
0.0623244479583145 0.0230697351753784 -0.564272498999697 -0.657739930070266
0.0222048577392663 0.00904565570639682 -0.603921055458963 0.166486319111006
-0.0240379239032135 0.0244908730825022 -0.108943078260692 0.403478621691712
-0.0133149261631078 0.0434346059284651 0.148137414847827 0.115547838314225
-0.0162577693154307 0.0470750167076543 0.0927157637121291 -0.193668289636404
-0.0269621684067432 -0.0350814906116567 -0.0843822798224158 0.193756836526
-0.00143627944844885 -0.0448990833887026 -0.144083802277353 -0.113914057677551
0.0307535918350077 -0.0437213619709308 0.14280305005459 -0.378570192532426
0.0144913209572282 0.00982628982928168 0.559895954918098 -0.0868048466726353
-0.0488514878288423 0.00643848904709767 0.4570909899659 0.711883909106867
-0.0740809126516898 -0.0772142324017348 -0.393568399159532 0.881311641404591
0.0216279410774607 -0.063485543151906 -0.700663048093347 0.201661537428548
0.0537270965982157 -0.0430803080965433 -0.0748491121548286 0.0976267248742674
-0.0056647272693561 -0.00666387555301621 0.703493473050896 -0.121240078579134
-0.00837162649310901 0.00304711029450511 0.43023284505151 -0.831286843155992
0.0304350942666849 0.00233284482416361 -0.5122969221394 -0.727499665633892
0.0391750295431135 -0.0504248107747218 -0.647106816486355 0.0968773641355486
-0.0155331847207348 -0.0786979884684905 -0.163556875197799 0.387225295829686
-0.0189532536547826 -0.0546409334800477 0.119745441573159 0.119066299012668
-0.00935677163269082 -0.019473669051551 0.0843840962413472 -0.211132888625391
-0.0292250410338785 -0.0332547818406414 -0.0786777186410907 0.20010981023288
0.000247509296187387 -0.0422931967124413 -0.11799626917036 -0.122535169812056
0.0337850482541867 -0.0350501987016502 0.190452158686249 -0.361463180611152
0.0149893671280266 0.0168805264223764 0.570729295816476 -0.00954419847763941
-0.0506155345260653 -0.00016432177369243 0.346078619247093 0.785305711915812
-0.0630026108741043 -0.0882998253902215 -0.533760166996494 0.830614883853913
0.0249791200884272 -0.0601882457226211 -0.715922822302586 0.130743898652242
0.0432024767657613 -0.0405977950200744 -0.0376751436205112 0.0925418884438114
-0.0136300448193055 -0.00300544423298668 0.687997961105532 -0.194848960435017
-0.00459011072150649 0.00634515350597028 0.298014907525143 -0.871888501846716
0.0355428663855632 -0.00202264878352381 -0.611752557932297 -0.6402679804645
0.0335181341380926 -0.0495945348598477 -0.620697098641981 0.176440597758122
-0.0232616337417061 -0.0701202567661319 -0.113279283552618 0.39498652790244
-0.0216710364956387 -0.0470902685216531 0.143971772099777 0.105629223978647
-0.0110716620609237 -0.0158327431299082 0.0897381341091894 -0.206653833316039
-0.0300856398195221 -0.0238265051120132 -0.0721350211173956 0.206020129873884
0.000700125354680345 -0.0299749525986751 -0.0943731324007625 -0.126974276103969
0.0329527079494287 -0.0200108240784267 0.22909134705799 -0.343245983607571
0.0124640838321613 0.0273183551687461 0.571788829660765 0.0561478775675357
-0.0485887751663781 -0.00390583166395889 0.246006100608577 0.834070604837313
-0.0531447146169903 -0.0904328230403652 -0.645519141321572 0.770364342360979
0.0184705643625213 -0.0535340226163509 -0.725023414173089 0.0694701744795571
0.0234397113291099 -0.0358593724209222 -0.00781977129580479 0.0888158090299078
-0.02342843499021 0.00598216771271822 0.669615150118353 -0.251693481950919
0.00174543970305975 0.0132712805614425 0.188578259748549 -0.890586441888663
0.0406093168557025 -0.00400090158534448 -0.679514106480793 -0.558190833479256
0.0282319048295821 -0.0436608588308533 -0.590584014008778 0.23830981869014
-0.0275428290661562 -0.0548913672038938 -0.0715187165509784 0.396866056447451
-0.0230374745509118 -0.0341598082578822 0.163771742849313 0.0931470539108639
-0.0127509280928675 -0.00795068600437348 0.0941747504302479 -0.202254126213708
-0.0310151140876853 -0.0115911263286015 -0.0689115723999365 0.209766222695815
0.00104601987732035 -0.0125724152646133 -0.0789769884406374 -0.127905018262546
0.0272173187816492 -0.000145246646473789 0.255097000488374 -0.328107920348345
0.00707737893991016 0.0376195064708878 0.570051664128076 0.0991789358180758
-0.0449370878313967 -0.00244049129000066 0.176648319967181 0.853776872505027
-0.046032338924527 -0.0833682905085137 -0.717877910443166 0.721956652822802
0.00262427949361254 -0.0452999868944024 -0.727335948598234 0.029247984120123
-0.00431972721399624 -0.028205296090189 0.0135484807429974 0.0874217706385932
-0.0338450179145052 0.0204874123441739 0.656344951920865 -0.289005104578355
0.0124174326291193 0.0217986537174885 0.120824851774494 -0.897504659948331
0.0474336244385488 -0.00409291897708147 -0.713496766700308 -0.502865822909549
0.0252001392797917 -0.0338397439558588 -0.565339808066539 0.27865008020476
-0.0296290772174452 -0.0361353643916352 -0.0406858319703193 0.397699705507441
-0.0212139483551196 -0.0174858045879331 0.177740852895252 0.0847823862607009
-0.0141373947835476 0.00371094079417121 0.0981703116039241 -0.197048774863503
-0.0320813594103122 0.00378904100745513 -0.0672778105281992 0.21188464963256
-0.00110454694288899 0.00802178726168044 -0.0722603162113788 -0.12661414701407
0.0187047924541196 0.0212947800592164 0.266143320130723 -0.322622827580743
0.00027174788248735 0.0484195325638506 0.572042049194372 0.113132713763461
-0.040397395663574 0.00349864079822575 0.156931135772698 0.859103221024125
-0.0438100296222543 -0.0687340715520766 -0.740107346722979 0.701473644071029
-0.0203013953897257 -0.0358377152264047 -0.729045638339405 0.0173960074513577
-0.0338924293351126 -0.0209306273092326 0.0203507863547948 0.0874573948233846
-0.0444754835406381 0.0375228468944086 0.651953743394813 -0.30201128913331
0.0234005075842886 0.0334796297992671 0.100170457671418 -0.899463345909916
0.0535495006646512 -0.00111154678099691 -0.720593842438375 -0.486246295295836
0.0248306983815343 -0.0205564394434804 -0.550713938793589 0.291624101668416
-0.0280371169389124 -0.0160788189539271 -0.0288452778517944 0.399775082067968
-0.0192033316712117 0.00046171143915368 0.182837344410916 0.0834809534744967
-0.0145627497571225 0.0159827964124789 0.098194655428387 -0.193559741047342
-0.0326259645485926 0.0203022811094624 -0.0690932946613822 0.210166571063765
-0.000982525651809847 0.0280285035893379 -0.0768658151370112 -0.122618666844534
0.00963549876730309 0.0410806491797533 0.262359555758211 -0.327514205426836
-0.00554166250906324 0.0590523730524741 0.577476132838431 0.0967271844555611
-0.0356629807800773 0.0121665399604814 0.191316647130023 0.847882510589566
-0.0439016794407946 -0.0499601701769223 -0.709310530783821 0.712901775771773
-0.0432186799108843 -0.0255208595697265 -0.726501497864352 0.0327303788079628
-0.0624491738494564 -0.0130508498284613 0.013973275166885 0.0892610513569095
-0.0563816257515527 0.0535819661674148 0.660351098460055 -0.287483156646435
0.0319832716929463 0.0447988377706351 0.131971061566232 -0.897468899088924
0.0590902703844547 0.00483857411870619 -0.700192749633671 -0.508861128084452
0.0228954435632896 -0.00870687651772115 -0.557287594291723 0.279059914445735
-0.025001895629683 0.00197171347809288 -0.0375342695609256 0.402835513624331
-0.0153783863774094 0.017729373445818 0.180328059520301 0.0885349315494608
-0.0154712233280726 0.0287503108306352 0.0984788474916113 -0.191543384283806
-0.0301388884756304 0.0323698881349079 -0.0723952639074012 0.207370306316948
-0.00030374333531437 0.0453722298148977 -0.0908085529047423 -0.117265703837825
0.00667358882794207 0.0565271910859921 0.239118321386202 -0.341358634400628
-0.00704097071137097 0.066830033561767 0.584436692921643 0.0508212381675213
-0.0304482932984813 0.0221964906041074 0.266303761488877 0.816568994513145
-0.0444547474850197 -0.0304311036417524 -0.634669714749857 0.758031158574297
-0.0624466762431065 -0.0129192664226075 -0.724430167496723 0.0760277851229885
-0.0860074346896467 -0.00817652540563962 -0.00547501053889725 0.0933535406161638
-0.0694618992308288 0.0661998279441621 0.675919494604242 -0.249918192218795
0.0367345215611833 0.0583222385935062 0.209959949436723 -0.890552124355623
0.0620494287134841 0.0127099218648422 -0.652331839240932 -0.567112414205067
0.0229427231059512 0.00145484349171578 -0.578497831396702 0.239209021255909
-0.0235236479711882 0.0164625900791126 -0.0637884122254213 0.406607781859509
-0.0141939353327391 0.0329709127870233 0.169255838211127 0.0993921267186434
-0.0153406298698013 0.0399101306205026 0.0961475145020069 -0.193079798401909
-0.0281981872726378 0.0399854928660323 -0.0775322832357668 0.202462239758477
0.00388227841889335 0.0557245956127871 -0.111737273517759 -0.11046057551709
0.00697501329263308 0.0657136070218058 0.201265048958481 -0.358624128035123
-0.00735992724043972 0.0729979702821791 0.585351602510447 -0.0150414791551029
-0.0244605680971823 0.0304118203130466 0.370971597718195 0.766676621524173
-0.04476127825876 -0.0127377281433997 -0.520118377008994 0.812567926942289
-0.0725531575186779 0.000446752364235817 -0.71356156814722 0.137860931345437
-0.100691544427397 -0.00426040372060528 -0.0363753850697583 0.0984686110520653
-0.0831268015030063 0.0708476841123854 0.693826715839775 -0.191257786649914
0.034692648079585 0.0709617567483492 0.323168905058369 -0.869701946293844
0.0629516483355838 0.0216656249133131 -0.576301027005571 -0.651771796906482
0.0212623944377325 0.00910293245950587 -0.603144221907704 0.17438087587474
-0.0246167337757346 0.0251675361387532 -0.104366731191616 0.408041615741595
-0.0132893616981264 0.0430369556651399 0.150420202099368 0.114071733104436
-0.0164481123288626 0.0478388694571089 0.0909987381833148 -0.194845999122053
-0.02815946227175 -0.0341614972852183 -0.0823802444413912 0.195197054110239
-0.00105521569056113 -0.0452022606469752 -0.146037091051637 -0.112071295556244
0.0291165894609944 -0.0439532068092069 0.137359680353252 -0.382232726338658
0.0148483088123353 0.010334730943052 0.559557563529926 -0.0939993069569437
-0.0496004415579833 0.00591610857133102 0.467234667843211 0.707595924795526
-0.0754481621830119 -0.0772085267647412 -0.382428889422557 0.886719130543132
0.0216944608031936 -0.0637158441781597 -0.698963386888897 0.211400588370943
0.0532500501501224 -0.0430751754025198 -0.0740861635727572 0.0990731787694833
-0.00477847748990243 -0.00719871621576797 0.702514457517734 -0.130675704959959
-0.0074104536163876 0.00341652863988383 0.420622274676444 -0.836340599135691
0.0308450835788861 0.00140972872550771 -0.52323372242377 -0.721886297730881
0.039056114880775 -0.0504693298578281 -0.646350124880888 0.105439069246345
-0.0159297902321743 -0.0774779963350916 -0.157826412584811 0.391756848534713
-0.0197357175924196 -0.0537246796422444 0.12065308100653 0.117817665951275
-0.0104532518355908 -0.0193568754402557 0.0828936091210792 -0.211818224760104
-0.029896220188883 -0.0319289556986831 -0.0756174163957573 0.201701893102645
7.53288503567047E-05 -0.0426035359865383 -0.119488223290686 -0.120453500556555
0.0328384457441495 -0.0349338635623076 0.187586210256162 -0.363377085122122
0.0153745631645244 0.0168122838586004 0.571486300881743 -0.0160809162702545
-0.0504186350009808 6.08017339648725E-05 0.359669601308442 0.7816812239196
-0.0645263530788485 -0.0878576479599218 -0.523241909997567 0.837188865659319
0.0256813697427608 -0.0601829116070228 -0.714748839120195 0.138951553248794
0.0430915900361391 -0.0407716886240674 -0.0371159979273409 0.093928328996368
-0.0130940852021347 -0.00373591464804306 0.686981189594494 -0.202563102482461
-0.00530412746982416 0.00620882717714955 0.287076133744052 -0.875285164923698
0.0353003508097408 -0.00249815353609046 -0.620047928534043 -0.631342873506288
0.0332377250158238 -0.0502981764563481 -0.620523682351108 0.185164877519609
-0.0239488658624531 -0.0694221151733028 -0.108432424086529 0.397840418628664
-0.0225370965735933 -0.0467520868357 0.145858366955058 0.10338834674365
-0.0123517312025717 -0.0154487039811235 0.0879007267254676 -0.207570274345637
-0.0299007806364404 -0.0237309904903175 -0.0695698342387376 0.207223453627354
0.000960580399362799 -0.0310697798744295 -0.0964772844013203 -0.124783471767375
0.0321483008328609 -0.0198568748182133 0.225509717140432 -0.345806881081979
0.0130616240200651 0.0269689199645912 0.572613187434297 0.0480021557506931
-0.0487707072511378 -0.0035109100734197 0.258857053308346 0.831482981437953
-0.0542902947973634 -0.0898550555704359 -0.635782608138099 0.779754580354974
0.0189643763777139 -0.0520502685312898 -0.725678772674355 0.0772863562642555
0.0227387898579638 -0.0353000622617273 -0.00666937990636333 0.0895028949225824
-0.023114426692693 0.00666804294288958 0.668032864220001 -0.261429522549833
0.00322888484459503 0.0130676479493281 0.178597375120631 -0.892838706008131
0.041453539071083 -0.00490451148360417 -0.68634047224479 -0.549758350195498
0.0283670753667372 -0.0440250534892013 -0.588107048218343 0.249133873086971
-0.0294979379229137 -0.0544784270223102 -0.0661035371610757 0.398151762503717
-0.0232554733123082 -0.0340892219618476 0.16574263800687 0.0907731372478295
-0.0129269577309511 -0.00781875348834037 0.0922549436978215 -0.203182623072458
-0.0323172999581141 -0.0114336860947166 -0.066124999878043 0.211035955293281
0.00196140068274927 -0.0133964585255313 -0.0803616785321499 -0.127147179166606
0.0267281819025534 -0.000792033307555205 0.250936504780945 -0.333599357681445
0.00852191734498457 0.0386612483625592 0.572902196749176 0.0918070321768747
-0.0454822471391479 -0.00170212920926661 0.189222934559865 0.853972773323814
-0.046827711264866 -0.0828813332380678 -0.709975285498783 0.73085658538827
0.00284720496109252 -0.0448554173792327 -0.728176460722405 0.0374158808648746
-0.00397762288756148 -0.0278312571882798 0.0152171547041072 0.0864641758437813
-0.0333597269478723 0.0209026374776795 0.654064920998146 -0.296700134871037
0.0124217471014326 0.0217133176996442 0.108592829537388 -0.8995841117821
0.0468420995022935 -0.00466168468496443 -0.720057288160981 -0.492880385241966
0.0244901101024161 -0.0347918052905515 -0.561780618002177 0.287943376733134
-0.0302939835951107 -0.0350729593016361 -0.0361365063336158 0.399394892435781
-0.0220870011016494 -0.0168715044762528 0.179968176813265 0.0837625687480549
-0.0146333076100399 0.00285706077977591 0.0959723324386002 -0.197823883569942
-0.0323158582110961 0.00469383465702008 -0.0650316889740717 0.212361943445472
-0.000304608337304431 0.00797701683656442 -0.0740815380519541 -0.124844183943506
0.0185922915871493 0.0205155140608021 0.263391521610217 -0.326471071867256
0.00248770798723565 0.0492708110425316 0.574332493178689 0.105698803157333
-0.0404650393804892 0.00390615832989927 0.170517521658741 0.85730725886138
-0.0442431287038829 -0.0682813427019105 -0.732693680494866 0.710989664850236
-0.0190584845961081 -0.0364764699807476 -0.729834930328146 0.0268443623910254
-0.0335479112818034 -0.020037997075254 0.0220090778882093 0.0865276388887335
-0.0436906506276066 0.0387439288537326 0.648889537368251 -0.311175871754314
0.0237163890125686 0.0317801374953828 0.0883209772640678 -0.901263088541875
0.0536342619574128 -0.00205111078441388 -0.725439893419546 -0.475196218488721
0.0237173660209782 -0.0219374249426183 -0.54937168240971 0.299875406323
-0.0286212317351877 -0.0155005064122518 -0.0226435453108074 0.400790596944507
-0.018426689978639 0.000828460430845899 0.184625234123987 0.0813728222820221
-0.0147817750206649 0.0162524350196149 0.0982419072031767 -0.194489932110853
-0.0316166691145569 0.0202892009978613 -0.0664152990589804 0.211209453097716
-0.000241596450113447 0.0279068167891908 -0.0774337795318566 -0.121438682184753
0.0106474428494788 0.040579417115854 0.259140845520734 -0.331169525446238
-0.0037489970873909 0.0593128868338288 0.579659596957631 0.0885224165186534
-0.0352358113788446 0.0119843276097748 0.201505832709638 0.845813365182577
-0.0445505555759821 -0.050365716247131 -0.703458587143685 0.723720565661405
-0.042586075128102 -0.0254406152369698 -0.727701650900646 0.0415919664275832
-0.062464215125637 -0.0128191505612114 0.015367473521872 0.0895593792017317
-0.0555280089361681 0.0553833865383811 0.656692359111967 -0.296601483202078
0.0329514315806308 0.0445663385621576 0.122249240817279 -0.900301691624219
0.0588570762575667 0.00400969199168753 -0.707535616880207 -0.499331505550658
0.0233362697469104 -0.00971040279135276 -0.554778366277134 0.286566753701672
-0.0258749920549746 0.00327939923497932 -0.0313011105175136 0.404171957975021
-0.0156203102692599 0.0176535664893743 0.182870251929003 0.0861828793078415
-0.0148579583829673 0.02927268660357 0.0973250184533993 -0.193718925045155
-0.0293125964688658 0.0323635008907164 -0.0689833447478913 0.207987487652398
0.00197893096277615 0.0448259011149037 -0.0915803636634005 -0.11584593117868
0.0076007936211626 0.05687843576303 0.235494227611224 -0.345518737139753
-0.00720707158536041 0.0672323667204762 0.58699985025672 0.0438888952745458
-0.0300378858151947 0.0214938555804713 0.277178869202475 0.814724915654979
-0.046053660337568 -0.0303992758198983 -0.627074107788887 0.766965715506661
-0.0614529745811035 -0.0126543523746521 -0.722686069984135 0.0842990562623638
-0.0861279742075759 -0.00663242401428539 -0.00390116007599206 0.0945076907199203
-0.0689591530880839 0.0665463867198235 0.673035848381392 -0.259091950598089
0.0372341159772338 0.0579416418228458 0.199701322153267 -0.89393874152849
0.0621984369560726 0.0115571296624376 -0.659591309249736 -0.557754549711808
0.022779421008899 0.000986001209237392 -0.575512000205778 0.247462462285292
-0.0228917890718065 0.0170761990269442 -0.0574523862007754 0.406982230158039
-0.0126752349945362 0.0327889451072717 0.170553766880114 0.0979235290449044
-0.0157999958876624 0.0403787474603799 0.0948696987818343 -0.193468518915497
-0.0276866082910048 0.0408053596720246 -0.0752868071937407 0.203043721728843
0.00584506172126335 0.0548417004451217 -0.113628856685425 -0.108139025453821
0.00828724828697914 0.0645408782382413 0.197721105240102 -0.361389450838162
-0.0050790099085636 0.0730764182875067 0.586021289898596 -0.0236594890308166
-0.0245630180456768 0.0303180508775995 0.382399899093434 0.76202394153278
-0.0450202138100911 -0.0125227837788635 -0.508657319214118 0.819154509854852
-0.070983860385277 0.00168123669725836 -0.712718742990664 0.147357271482187
-0.100471718265234 -0.00362847064079459 -0.0333582925056524 0.0988582821290527
-0.0826108741523782 0.0717047234311305 0.693382027746911 -0.199664144223484
0.0354478077450857 0.0707536540496637 0.314325254060229 -0.876590572602941
0.0638806830859134 0.0207567805077443 -0.585229940566103 -0.644018428565047
0.0219335661693034 0.00834619134434821 -0.603015618926872 0.184716389422858
-0.0239966713523984 0.0258657760746123 -0.0973519441463678 0.409456536164686
-0.0132445732291902 0.0434924179239181 0.152931969419456 0.112389865888653
-0.0152855701050095 0.0475514291294498 0.0896529866193641 -0.196175948919015
-0.0285124444105832 -0.0339220037873378 -0.0806960387814756 0.19651750405934
-0.00149578477621357 -0.0454237816766171 -0.147419095207748 -0.108530788680941
0.0289095276215672 -0.0440855921393334 0.131770915718207 -0.383954882407659
0.0158166148060025 0.0112209176561028 0.558286162326761 -0.10424887491472
-0.0488357024428616 0.00648765448687063 0.479785886899303 0.699436606733404
-0.0758924419894544 -0.0766763979168089 -0.371344662699069 0.892560998151674
0.0221561300180605 -0.0632948196442628 -0.695992906504635 0.220307850642237
0.0536680300815865 -0.0434804230110084 -0.0718177154887341 0.100587593753684
-0.00464109359406597 -0.00650017236391498 0.700029097727568 -0.140823076633204
-0.0073172903122703 0.00303286096535096 0.408092631081902 -0.840928804029319
0.0307184382015834 0.00128737351521566 -0.5322224110343 -0.71348773720083
0.0386853594653523 -0.0510039780370883 -0.646319341603911 0.115528501066564
-0.0177508856112118 -0.0771804185670351 -0.152526658240413 0.393918224183086
-0.0198403116280297 -0.0539970700104686 0.12242150258516 0.116592907961759
-0.0111409031837816 -0.0196484747004201 0.0792707758777954 -0.2124586828802
-0.029392152932231 -0.0305780338316533 -0.07306813680485 0.202382687776029
0.000212035944464724 -0.0418531563130743 -0.120967006710329 -0.118464007466748
0.0326513645111485 -0.0360778636562145 0.182666000942169 -0.366101101316921
0.01686783612083 0.0170521885062543 0.572093975099738 -0.0272048758269418
-0.0510218021641984 0.00032119935621764 0.371801802983237 0.776020214694655
-0.0655858280936821 -0.0877859005108387 -0.51182414983336 0.84711739201383
0.025567648183595 -0.0599581381879423 -0.714951316801661 0.147149352162317
0.0436505762545279 -0.0411186213505438 -0.0355469308735546 0.0945500340727612
-0.0127871473138788 -0.00291874411968438 0.684720643614387 -0.212279858147158
-0.00521484771553219 0.00709667685139142 0.275484939627771 -0.878697565144947
0.0357787195962542 -0.00237335513710423 -0.628360752380873 -0.622882049018464
0.0322114599010642 -0.0506338277778756 -0.61542585837207 0.195013183005679
-0.0252831727028804 -0.0682033677517187 -0.10324296282893 0.398536965422513
-0.0228714636862491 -0.0469224484421611 0.146780862531808 0.101762152592944
-0.0126313838905418 -0.0154358854378475 0.0852139549682459 -0.208525314112408
-0.030006829424075 -0.0228904578480849 -0.0679105182661931 0.207782393705781
0.000736017375718429 -0.031450347174282 -0.0984116459714895 -0.122713774357624
0.0322657465377456 -0.0203758572647807 0.220472325825596 -0.349270265004236
0.0142645856936895 0.0271688407638474 0.574617736514711 0.0391332470921966
-0.049557019217384 -0.00312464318076023 0.271664661591339 0.828135039702353
-0.0557515812021605 -0.0896633007477614 -0.625043097816972 0.789094408026618
0.0191257033110877 -0.0523952985314145 -0.723466621295338 0.0863154103874782
0.0226977992332606 -0.0359768801996805 -0.00496584657411419 0.0906255907444769
-0.0230344036855443 0.00702375950738228 0.662148307786281 -0.268768684176719
0.00257859498785393 0.013141351552542 0.166505455126408 -0.893559573031853
0.0407249205191976 -0.00557550316355943 -0.691673041032844 -0.538091262268358
0.027398124172618 -0.0441694221230691 -0.58465289455048 0.257557136747535
-0.029564103360918 -0.0535616573101676 -0.0594460685557964 0.399150677330675
-0.0241913281757127 -0.0337495847920279 0.166698094481512 0.0893213783244279
-0.0134106621888849 -0.00766372732070119 0.0901303855244067 -0.203914376449092
-0.0321222193999139 -0.0101470401213965 -0.063957723401887 0.211084796325011
0.00121658511318591 -0.0146202024825432 -0.0818014353746088 -0.124572261542451
0.0271786725932838 -0.000960468239717783 0.246858388868777 -0.336487691911778
0.0103184876911217 0.0388175949075738 0.573889574979698 0.0820127168010324
-0.0461641334873706 -0.00119148117076268 0.203538742801913 0.850795869715661
-0.0481416050226541 -0.0832895958154441 -0.70117568557189 0.741290585707686
0.00328952178426517 -0.0438073501829352 -0.726830530171156 0.0471238547726933
-0.00394254352818441 -0.0278205800512354 0.0157952853639988 0.0879914375906168
-0.0322379730201806 0.0217344434410847 0.648826094390186 -0.304836102679286
0.0129142374650995 0.0217249892384492 0.0958388425851621 -0.898954107608331
0.0472205664437816 -0.00539880075833715 -0.725788226015587 -0.480926063619249
0.0244353994732675 -0.0342604408146478 -0.557415187576946 0.296185454721619
-0.0310022569999003 -0.0344615972450631 -0.0297776300812742 0.400749097943868
-0.0224308380634212 -0.0170550586354529 0.180277282037002 0.0815454793583492
-0.0149587610072752 0.00366368784613198 0.0945228532155048 -0.199028587761818
-0.0317413776256024 0.00519151456407536 -0.0620108237455701 0.213277841687338
0.000854695513221556 0.00672360122788945 -0.0754090474812028 -0.124110221947654
0.0191804181500271 0.0206541009207979 0.258874110496282 -0.330454220818023
0.00231592134687108 0.049540389736334 0.575594942128605 0.096550602200541
-0.040326362113342 0.0041147050121614 0.182799287664028 0.85608867325368
-0.0460273454341717 -0.0690008923184582 -0.722007562840044 0.722854145548793
-0.019295098762816 -0.0353966491190956 -0.727972701951916 0.0357734836631593
-0.0333479658353232 -0.0190411570438956 0.0237285154072365 0.0878419582833296
-0.0426712216310532 0.038849921641698 0.643357036148175 -0.317835969517826
0.0245493972892498 0.0319323576206635 0.0770619811370533 -0.901237102657491
0.0534794420194639 -0.00258269735226045 -0.731141562791884 -0.462735723730665
0.022867922095368 -0.0219862629921746 -0.543484128153812 0.308040833069177
-0.0285203285102406 -0.0146004158689674 -0.0176293944031111 0.400678162612628
-0.0188899065364223 0.000990910995389326 0.186412431728899 0.0794550850362845
-0.0153268782604697 0.0164912847371223 0.0955683755817826 -0.196032208373572
-0.0303253734878475 0.0209028341003746 -0.0635353347175724 0.211804334925575
0.00165229466190922 0.0274934265146418 -0.0788578204495611 -0.120302774796081
0.0116176906622902 0.0408844932951918 0.254780185979384 -0.336151120670569
-0.00240056593643229 0.0591537885285742 0.580458996028675 0.0801184760869155
-0.0358513960433824 0.0125358569855123 0.217536862187314 0.842040949853856
-0.0455923856623912 -0.0499227614133505 -0.690900398905531 0.733492734352528
-0.0423170950888169 -0.0241260269356779 -0.726643155384789 0.0509603991334382
-0.0620732986335973 -0.0114620519923841 0.0173697959781535 0.0906875924148955
-0.0542012535041352 0.0557574805332085 0.653541227037642 -0.305971438260763
0.0330604685440738 0.0439343123163004 0.109537585306187 -0.899728838756681
0.0589733643509084 0.00318214138125078 -0.713426819644206 -0.486418343752388
0.0236666921757599 -0.00945846634242719 -0.550648480350069 0.294928329871651
-0.0257663635049507 0.00295091427963677 -0.0270670682877431 0.404317448530124
-0.0155615283851046 0.0173879230920216 0.183091763675573 0.0846920603055775
-0.0157289608900329 0.0289623809250521 0.0957531168543907 -0.194213137089191
-0.0298343551929294 0.033166216509306 -0.0673672330766664 0.209082688024655
0.00286561276191821 0.0435798651281305 -0.0925141337613989 -0.113826098967848
0.00740210207767819 0.0561035068712832 0.230462271171025 -0.34911541785074
-0.00613071594406501 0.0670548876858495 0.585961353893986 0.0356894648443565
-0.0300669126986896 0.022083942622748 0.290632384233427 0.812498296173746
-0.0462582195542571 -0.0297707677390214 -0.614197071344208 0.775716451013687
-0.0614184710531636 -0.0118501505122551 -0.722142706045252 0.0935358330535306
-0.0851802973852426 -0.00588383098629644 -0.00228044520556289 0.094791328587399
-0.0671099632472212 0.0681926829339824 0.669200578785008 -0.267330632801662
0.0383284209710987 0.0575001571839264 0.187490311623154 -0.896734602277373
0.0628396813913411 0.0104431428907698 -0.665918346467618 -0.549013041977991
0.0235418980895696 0.000887211598657088 -0.573018409270903 0.258357128458933
-0.023092368718849 0.0177641229811709 -0.0517960692241737 0.409504690492824
-0.0126386157537148 0.0330635934294782 0.173020552001105 0.0961755049513483
-0.0146845843216412 0.0397257387415982 0.0923247226831639 -0.194362885251391
-0.0270460764633429 0.0402209226806773 -0.0728203551733741 0.203687528834149
0.00610351805623361 0.0542801134981486 -0.114715489268112 -0.105085765201348
0.0087684837920596 0.0646954127275864 0.192604141298799 -0.364292975569162
-0.00359195787148126 0.0734341424816719 0.585980348264302 -0.0316533238292249
-0.0247888015074374 0.0307748123998305 0.39503327460647 0.755291848156729
-0.0459628229536329 -0.0120711392785936 -0.498796103650605 0.827825100424266
-0.0703363671319229 0.00215647638119153 -0.710672838687602 0.15692056825573
-0.100261871488493 -0.00139115259431441 -0.0322224357286306 0.100430148807373
-0.0812617781338719 0.0739855099057515 0.690545060737385 -0.208472108055731
0.0368407114289594 0.0702757163829724 0.302894932325222 -0.877205169086399
0.0628910197142323 0.0198123944738771 -0.59253552336786 -0.633988429597029
0.0230281092755102 0.00772388774573 -0.600220260049262 0.193413479558209
-0.0240585141436192 0.0252545865684324 -0.0935725608798522 0.410668115427586
-0.0118362880418526 0.0429941330129017 0.154460317415257 0.110971576871404
-0.0155353334494779 0.0479342950816438 0.0874997140356596 -0.19643831068789
-0.0322707141195607 -0.0243991726566447 -0.05461795579069 0.201823755225617
-0.0117339221798305 -0.0444519434474232 -0.156710759499828 -0.0868216927934428
0.0207032742260902 -0.0554597354960023 0.0875289020019586 -0.392391040240261
0.0268739635362929 0.00270116027401283 0.537699686717936 -0.169157495808227
-0.0310505030895017 0.0235803915266338 0.561585678207608 0.634740876926848
-0.0817493871700926 -0.0416293774962408 -0.257240392157754 0.918527576801795
0.00814539365033878 -0.0564219763546923 -0.662446354863432 0.299506605254919
0.0489256609956706 -0.0466734600583825 -0.0599898735888526 0.108334504291227
-0.000630299258852924 -0.0154636286504458 0.682499240026153 -0.203564722707394
-0.018337818294334 -0.00181402807188867 0.331768214817599 -0.875926967222821
0.022326563702423 0.00254824721146239 -0.593973333510466 -0.654335439547369
0.0369634132821275 -0.046848212078524 -0.63350452027672 0.174826868034745
-0.0197094069599092 -0.0745444154698241 -0.115087293602685 0.409809298837078
-0.0270076367690629 -0.0530815070528004 0.132660395788609 0.106632665201249
-0.0158028900677845 -0.0180228377136579 0.0618161510788266 -0.21517650319799
-0.0326740951729666 -0.0221936962314709 -0.0469522770622248 0.20594464418562
-0.00823568875286439 -0.0426143649757953 -0.132380081505477 -0.100738321087065
0.0255447936472418 -0.0475919106962428 0.135878027222887 -0.380994883875758
0.030041750871303 0.0107429904068502 0.560141231219093 -0.0950891171905749
-0.0351433373073887 0.020459840425983 0.465012177977497 0.723493053992435
-0.0771024456287141 -0.0523680012573948 -0.399875656375326 0.888261128714844
0.011402571236859 -0.054785892934764 -0.689552255470642 0.231412476432316
0.0391979339579768 -0.0429090052483092 -0.0236792429323426 0.0982888863424688
-0.0100688153547447 -0.0101209532526885 0.661293730633882 -0.276269602830025
-0.0155961165051033 0.00287658330834574 0.195623140729379 -0.901788149660415
0.0268481320870787 -0.0013563316476415 -0.681896916738875 -0.555962384534067
0.0324057073731807 -0.0467514713431868 -0.59972182113237 0.249341787842728
-0.0257521250289641 -0.0665667531335219 -0.0652239416042857 0.409464442369703
-0.0286420600219974 -0.0462835782120947 0.155907750955015 0.0901395464903956
-0.0173088679820349 -0.0151835690729837 0.0682761572606329 -0.211878016230264
-0.0326832878300016 -0.0136610063414194 -0.0402794831115525 0.211325876975972
-0.00595024649406267 -0.0320530766785887 -0.110021898404869 -0.10838955269698
0.0289451551200854 -0.0320563009541737 0.176652947011412 -0.369336637007851
0.0303709214596453 0.0219114081103675 0.571347977338594 -0.0317126320305104
-0.0353395534714462 0.0185235254111723 0.370164670337507 0.786627049818495
-0.0712315295347659 -0.0555825462531926 -0.517497079960576 0.847149667722023
0.00479209964067359 -0.0468439820459801 -0.705624171566838 0.172299323757516
0.0200335905213497 -0.0362211822671185 0.00550190068982203 0.0904193039377799
-0.0190763653327653 0.0012199599640012 0.634815932443797 -0.331192020943947
-0.00734537386230119 0.00997397537847962 0.0860843057985253 -0.9092276282664
0.0332970088883242 -0.00286665467169688 -0.737769050513714 -0.469101295773175
0.0284980026492663 -0.0404766389296434 -0.561225218171301 0.309664071195752
-0.0297965549401658 -0.0510665094648858 -0.0226144142990202 0.405340833483235
-0.0277821985419628 -0.0332478500735981 0.174981552006196 0.0755873258500837
-0.0171422891926721 -0.00553979296140429 0.0738941619147078 -0.208559460635019
-0.0312953641647582 -0.00124664547585221 -0.0360390848949838 0.214011696806301
-0.00351699276594523 -0.0164475319887428 -0.0956095919541813 -0.112709144595984
0.026794695099819 -0.0119617457937482 0.203583301994731 -0.360849528159501
0.0269565463102659 0.0341636794564856 0.57471856098169 0.0101908942529922
-0.0328592723756537 0.0206160712864752 0.305334033810811 0.817717625050125
-0.0645360360366036 -0.0510410259739031 -0.598315310424398 0.807282622089549
-0.0100619716929239 -0.0370804334521551 -0.711709991121679 0.132892243209017
-0.00434815866862818 -0.0259906689267655 0.0274098111988993 0.0855059849064148
-0.0277921785949851 0.0165233087756677 0.617026423091635 -0.366850981067562
0.00463592824166809 0.0185957085408371 0.0164284102070407 -0.906688876531232
0.0398628185576524 -0.00382736187210514 -0.765766471058023 -0.408326307914084
0.0271385367698933 -0.0305603205455225 -0.531199826449705 0.344558799051737
-0.0280654046744459 -0.0324742346920916 0.00892419440867262 0.40372961497454
-0.0256677142078018 -0.017456025127557 0.188453525179996 0.066461174035067
-0.0167081759945643 0.00491332814262931 0.0777123275656973 -0.204394401571982
-0.028814913487901 0.0141945493322215 -0.0344247808666669 0.21489555468121
-0.000744286174048188 0.00398814220575545 -0.0895611203036003 -0.111942217444307
0.0224826469926351 0.00974693066007924 0.214370984077898 -0.357941772611383
0.0218444949456781 0.0458170917450469 0.578479982865988 0.0248777174204237
-0.0275898311834436 0.0260035152644296 0.284483221225221 0.82392401035616
-0.0612756221485077 -0.0365396228640941 -0.621062747711759 0.790241980936065
-0.0323352553748026 -0.0257172846727958 -0.713956048568018 0.123243553283279
-0.0329706906614689 -0.0142159997054377 0.03428745503057 0.0837095193307035
-0.0363879708327141 0.0349427201572835 0.609637180360669 -0.377887352050401
0.0159429282467145 0.0279714755373051 -0.00398784420812241 -0.906889918232761
0.0467398448351049 -0.00127676995155848 -0.769705504103078 -0.390221754393477
0.0278301182985879 -0.0192628145914279 -0.514642524710042 0.35730484320359
-0.0244048122561991 -0.0134080652079554 0.0201532460170878 0.401501733279153
-0.0202363665386333 -0.000127272578766218 0.19363689747255 0.0626596483889046
-0.015878370449019 0.0173768075871683 0.0801556483730008 -0.20093246835155
-0.0254503938259176 0.0297576007949439 -0.0368161361741872 0.213108046328908
0.00206102122934862 0.0249531267914104 -0.0928974150151499 -0.10973496329419
0.0172234350722878 0.0307962618349462 0.20877724952027 -0.362823028145665
0.0182551907976616 0.0553386189717564 0.58122168017801 0.0052349621727751
-0.0215495955101301 0.0328252718757058 0.314603479901043 0.809893035371174
-0.0591873722347638 -0.0188182012403253 -0.590590486727626 0.799560467319632
-0.0529877331499155 -0.0112991525135433 -0.710010624472941 0.135307215224699
-0.0608312501968836 -0.00375986083005731 0.0284877796054897 0.0853058585554368
-0.0455280144714636 0.0533580838687911 0.619884408342459 -0.366737031234088
0.0269412641451368 0.0391697913974713 0.0284079212984662 -0.911084273544576
0.0523375949481473 0.00314337596093052 -0.752303678379496 -0.416235792520507
0.029554097956956 -0.00609117119077569 -0.524875094245607 0.343443675559418
-0.0189034810123293 0.00403690675686822 0.0127842472353235 0.406993578402073
-0.0145261984981554 0.017052519813566 0.192598682018852 0.0680887115837204
-0.0146945238622253 0.0304763326800931 0.0802308182373685 -0.199733240038662
-0.0222935463526036 0.0416069233185441 -0.0416919804337645 0.211191103741598
0.00671044493732627 0.0413406656732248 -0.107540720605454 -0.10238132054961
0.0155019094277896 0.0475711724963371 0.182968066441286 -0.373434440600127
0.0155733126401759 0.0636738145087895 0.581233535687856 -0.0387732969112223
-0.0127247141388332 0.0403450759983826 0.385057047251608 0.768440373680667
-0.0539957817859258 0.00174379224478913 -0.512602354984308 0.831347412357149
-0.0701951521484865 0.00454021486047859 -0.699417817692941 0.176958864940816
-0.0834948298696569 0.00502045215951806 0.00936429058777162 0.091362404274826
-0.0570702740622459 0.0668125112499721 0.641361138312262 -0.331173238277259
0.0331103098289189 0.0498060080019233 0.105662919134557 -0.910815333755477
0.0564218177357137 0.010207991066034 -0.713317535800713 -0.479974487648949
0.0295181583668186 0.00514026354126099 -0.548661651468498 0.306558916711868
-0.0152115096747565 0.0185893598261154 -0.0127609976749735 0.41213234838885
-0.0102196099894551 0.0312702455095613 0.182886529707518 0.0803280465527336
-0.0131220926472433 0.0410580842658654 0.0772536268122519 -0.199998548942834
-0.0192838741327718 0.0485472707747038 -0.0471420566935058 0.205905912998294
0.0106877742556835 0.0503733516786275 -0.128400187687833 -0.0904527803115011
0.0165564999050674 0.056213514322584 0.144234217293888 -0.383829929945087
0.0178308905212902 0.067184427110871 0.572346957140773 -0.104557699748595
-0.00579751775095851 0.0460878989130457 0.48176458299947 0.703295217051283
-0.0482661983489301 0.0189603236882437 -0.393433139758612 0.867847853151766
-0.077631852002121 0.0205887430010783 -0.681486855870231 0.236748306833451
-0.0979583514782755 0.0100333193910195 -0.0204431956310383 0.100316573059997
-0.069299913724454 0.0744930729746573 0.665613095693184 -0.273852635053755
0.0339793245034862 0.0613078077973302 0.22281126159437 -0.906106523904587
0.0568744724256123 0.0175181330498021 -0.646317163586568 -0.572536454549448
0.0294429000742103 0.0125386518219282 -0.581572657675931 0.246569077728609
-0.0134588899625552 0.0274477676615512 -0.0542644424591733 0.418040928000526
-0.00789426521104833 0.0412103788504661 0.16688068949953 0.0963981021139847
-0.0127902097633295 0.049449463535785 0.0721271240250795 -0.201396088365291
-0.0320356810924399 -0.0239360518038054 -0.0517785232790504 0.202108524170259
-0.0106010695745424 -0.0446700359152318 -0.157033741820206 -0.0846543155342605
0.0202364577757317 -0.0548374722714335 0.0813686285404461 -0.390724835728859
0.0273714712074505 0.00212171422416034 0.533474182031559 -0.17670665838428
-0.0303493946585082 0.0239960218767365 0.566913518859847 0.625232428312773
-0.0820205871210112 -0.039599880301221 -0.243273787304928 0.918935475591166
0.00899588743676452 -0.0565611024695505 -0.657168244128213 0.308100400359583
0.0483486912345305 -0.0471381242141146 -0.0577022806215835 0.10994760541212
-0.000354663037465534 -0.0143322922211596 0.678735323071851 -0.211852193955074
-0.0177496376220267 -0.00108677674682002 0.32043732104212 -0.875961545212635
0.0220969630707369 0.00319399835336269 -0.599407259584564 -0.644972731107842
0.0361647396850673 -0.0480434195711992 -0.629709459864123 0.182491603750873
-0.0203677913349327 -0.0730410173167568 -0.110442250902756 0.40992564638126
-0.0272461243784202 -0.0529635235946467 0.134412166438196 0.106493891260457
-0.0158894405635878 -0.0182954310035815 0.0586155381006916 -0.214758177719138
-0.0338115095236076 -0.0208064269839958 -0.0438723169134122 0.206281264848075
-0.00911141461404791 -0.0423958388950118 -0.132924592162015 -0.0973547286825744
0.0252647114597699 -0.047356251309975 0.132205147675033 -0.381575509486445
0.0303544808658113 0.0100482408282963 0.557516873354131 -0.102714520285394
-0.0346875251644263 0.0206417480537882 0.473848660649584 0.71459715679663
-0.0775506265869121 -0.0520932049827459 -0.386742397946241 0.889591527887297
0.0115008574366766 -0.0547444285347347 -0.683773550666476 0.238578042024969
0.0396996129046937 -0.0437802093059299 -0.0224686990491309 0.0983483206476367
-0.00990145007322578 -0.00990474592084908 0.654275446005926 -0.282620229579397
-0.0146835835783506 0.00287165570855563 0.183262007551999 -0.900088800371276
0.0272348953486348 -0.00101478568334763 -0.686452569474791 -0.544070911247715
0.0318854417848503 -0.0474660914751122 -0.593316075956104 0.258167264865363
-0.0268806328163635 -0.0650655756477908 -0.0595030711907892 0.408794636756306
-0.0291648625419274 -0.0453965575551683 0.156680991782943 0.0882142780477307
-0.0178202371468507 -0.0143047713027514 0.0654318698454732 -0.21176265238195
-0.0323061024846393 -0.0127629561807125 -0.0364314009691376 0.211017754956231
-0.00507027555266577 -0.0318115715099036 -0.110742412365303 -0.106526738087527
0.0280854216126901 -0.0319806413142167 0.172852815515041 -0.370773370011064
0.0310570841642251 0.0213832037589227 0.567085505131673 -0.0394300092637517
-0.035068940335573 0.0189393441526574 0.380516817567959 0.778444744283738
-0.0707467503534801 -0.0551819985497667 -0.505607034263718 0.84808164378392
0.00519727183475511 -0.04704107394197 -0.700341948441259 0.180578404836388
0.0202873318034996 -0.0359274218398054 0.00786215575168784 0.0905338627757426
-0.0187014805239903 0.00116246733231175 0.627720609261046 -0.337427139183824
-0.00662946712186386 0.0104342921822398 0.0745332375315935 -0.905620106190912
0.0336946867314934 -0.00319548072171675 -0.739987177327345 -0.455688806163076
0.0282655302369054 -0.0404263038256408 -0.554697958337443 0.315887912017465
-0.0299794151355106 -0.0498728496862031 -0.0163309108826885 0.404435135160226
-0.028691019224061 -0.0325039935565201 0.176140520056404 0.0735813754773116
-0.0183154398715721 -0.00626042338284949 0.070616458919605 -0.207995129316641
-0.0314578797855642 0.000166783392615439 -0.0337423953635582 0.213262269251004
-0.0023459364872632 -0.0169987641012484 -0.096321797158977 -0.11030936621141
0.0267251635274467 -0.0122785778810989 0.19920407302851 -0.362960343238638
0.0273403530776069 0.0342734664420696 0.572061569438806 0.00369777662570777
-0.033141607300987 0.0207932770191484 0.316574136797025 0.811382831613896
-0.0654834971197397 -0.0490710804443927 -0.582549230851326 0.812926793136271
-0.00930648489480495 -0.0365896774529202 -0.707337302903898 0.140973717951014
-0.00455805105401703 -0.0256001219723056 0.0275879882036322 0.0847626703542305
-0.0274395740337267 0.0173605527478971 0.608298836406459 -0.373299828594099
0.00403902082656811 0.0182632795590319 0.00524144059839069 -0.905223729992977
0.039888447425221 -0.00376665969346667 -0.768838138867014 -0.394697228542478
0.0271182039780882 -0.0314089578246407 -0.524221197337307 0.351430958840009
-0.0282195198339802 -0.0321648541949074 0.0127560837060104 0.400350498968343
-0.025284272946148 -0.0171676087935605 0.188252734262002 0.0635737077344884
-0.0178339254585961 0.00473356156112288 0.0761062586183086 -0.203462058420996
-0.0287924349459313 0.0152779774471474 -0.031552483120694 0.213646103386647
-0.000194126955537931 0.0041326547548659 -0.0889472221812768 -0.110531874700707
0.0218544179815837 0.00943245338166808 0.210837342865513 -0.359624648260912
0.0232421337673824 0.0451685563518108 0.576455883834383 0.0172458102616856
-0.0279278900832392 0.0262410702497334 0.29571965430526 0.818555727193914
-0.0617477501276953 -0.0360175270812577 -0.610877354526849 0.795155747269898
-0.0314085005210116 -0.0245734474135698 -0.711069307236447 0.128819145158528
-0.0325716190650084 -0.0136715491821759 0.0353749483584647 0.0829114654101182
-0.0357937646291134 0.0359965607708879 0.602948636650427 -0.384299199841171
0.0164664767748182 0.0277690144313229 -0.0163158350466728 -0.902447062592663
0.0466211635892774 -0.00210846537501135 -0.769661259632558 -0.378090029819836
0.0281337009755046 -0.0186405427196019 -0.508146087592418 0.3633309934898
-0.0244307739623765 -0.0122753487868294 0.0262147253833303 0.400206096315194
-0.0197331573231858 -0.000362929469987678 0.194810628542435 0.0600554849283642
-0.0161996905494029 0.0180355106808568 0.0775754891263878 -0.200491876407628
-0.0249655388149515 0.0292262268407816 -0.0345856667454733 0.212548215566604
0.00270764305354662 0.0233225394279673 -0.0937883232247367 -0.107642420063605
0.0172841921302661 0.0306375485150869 0.204138574795379 -0.364359944577882
0.0187325999916907 0.0553807271763221 0.579056786187805 -0.000148341820419866
-0.0218259466745491 0.0330001455551959 0.324820410835603 0.801703837872635
-0.0588760065255853 -0.0178501432603282 -0.57784958128192 0.80383087678306
-0.0519614662079119 -0.0108041918830784 -0.704522745386305 0.143781188738677
-0.0593938584425012 -0.00260949531323686 0.0295269290788005 0.0858220000725843
-0.0448636152508602 0.0531739425620852 0.613302478213587 -0.370707814421736
0.0269438638400724 0.0381452165512474 0.0166660199620801 -0.906258336648208
0.05223459372302 0.00180566470206512 -0.754534229470279 -0.404140584814927
0.0287404406954838 -0.00705868573533897 -0.516928761092633 0.349873003606644
-0.0184689419724044 0.0042821902323329 0.0186179265308955 0.404685870694915
-0.0137040342054978 0.0162124826401382 0.193188172161044 0.0649796850089043
-0.0136519607354435 0.0306854316717664 0.0780042207145362 -0.19972896659445
-0.0222346737390297 0.0407753454832464 -0.0386062305131981 0.210681395582997
0.00790111015556665 0.0399905415676413 -0.106804087672709 -0.100150269942341
0.015799644800369 0.0461519605610452 0.178233400228791 -0.375057040672738
0.0180186206276866 0.0622942713461815 0.579056196303368 -0.0468027349257606
-0.0135173554772804 0.0399204827905065 0.395297207653737 0.760265952522871
-0.0544114168673811 0.00177789534578578 -0.500464137687982 0.83610979365644
-0.0692258533346862 0.00503180108570596 -0.694542155850292 0.185844147986876
-0.0825557433698974 0.00575855569995617 0.010705887137025 0.0919817084262769
-0.0563819269079023 0.0672002527531547 0.634289434966738 -0.336417197170994
0.0337162659033607 0.0493377347715576 0.0936102169044748 -0.910530849922269
0.0562523562532347 0.00917739711385013 -0.714343404884737 -0.469183004860209
0.0293716747271569 0.00371801740419521 -0.542452957034826 0.312938452258203
-0.014403227148683 0.0187221792724834 -0.00830932212998481 0.411589986267843
-0.00970839509372572 0.0306499006673782 0.184452161027234 0.0781813615948113
-0.0126281715112496 0.0414950891556357 0.0763531797931306 -0.199546091820519
-0.0182157176416323 0.0489711172356319 -0.0453389465923557 0.205236099359149
0.0131441630904859 0.0492445375848976 -0.12905268323378 -0.0887459818167144
0.0172129223420255 0.0545758187143983 0.138487292698991 -0.384634431512757
0.0189503716397452 0.0670627992144759 0.56837341535521 -0.111280010426167
-0.00549894392315397 0.0467204596916775 0.492875121214088 0.693371279689529
-0.0483666208692672 0.0189530186180846 -0.378579006697037 0.871003385596543
-0.0756192686083994 0.021116953412792 -0.675156071581026 0.24446755917326
-0.0971126339986592 0.0117968611129086 -0.0170643065053995 0.100606265286181
-0.0674806947568512 0.0752532521632353 0.658146405454599 -0.281721319418419
0.0339045958992348 0.060267905745658 0.209513195689295 -0.904272020806689
0.057373237735416 0.0173752336159459 -0.650858568159144 -0.563161848273883
0.0296420870697094 0.0115646743120253 -0.576118616379105 0.253570227482527
-0.0140839798625816 0.0273169897074087 -0.0472600868017472 0.417958037717259
-0.00757944224108837 0.0407592690318961 0.167206685662087 0.0952078419727648
-0.0113253740520457 0.0492744541939325 0.0704079983848145 -0.201703440160221
-0.0324769493808127 -0.022143003120163 -0.0481915925687274 0.201053171219751
-0.0112073367289476 -0.0451326001930199 -0.156304945354209 -0.0809776308046471
0.0200583905882892 -0.054213708626527 0.0770880052887306 -0.38938483606038
0.0281243895306508 0.00229747820787575 0.528162082290723 -0.182983914356386
-0.0316861589907058 0.0234124014885583 0.573945600371879 0.615725982407144
-0.0820920374443603 -0.0398356919748329 -0.232050491857013 0.917007881508618
0.00942935935629797 -0.0560126217814346 -0.650200034144731 0.313462383029674
0.048382342671567 -0.0469217355743264 -0.0560677935869363 0.109626812024354
-0.000167752235546346 -0.0140044646598243 0.671911810691691 -0.219239528176597
-0.0178693537358444 -0.000790124580340199 0.307030765718565 -0.874806136681988
0.0220697837081979 0.00215718489548807 -0.604147377838635 -0.633418112868993
0.0359792928058301 -0.0469571827104001 -0.625493474773177 0.18867888493647
-0.0211469738182236 -0.0719594610658985 -0.103455404691618 0.408248395951128
-0.0279292120123863 -0.0520779853000976 0.135051564104588 0.103749941848617
-0.0170602734835945 -0.0170274398317474 0.0573465019399469 -0.213849388474437
-0.0323506728223953 -0.0198536890393199 -0.0403172830901408 0.204874356022251
-0.00844558069212913 -0.0426338908449584 -0.13252827592043 -0.0947723064907263
0.0241928039884388 -0.0480391465246151 0.126851908883986 -0.382078251434762
0.0312069718960997 0.00960995266421785 0.552640206668037 -0.109848529853295
-0.0343455642904821 0.0203047051593621 0.480198069182557 0.706645544006538
-0.0774268174449039 -0.0507198919530386 -0.375229615056524 0.890556713360101
0.0119033008925277 -0.0543802697671824 -0.677383097670637 0.244880244709548
0.0390725973046526 -0.0434540845732707 -0.020901320414936 0.0990297418580477
-0.0086303022895599 -0.00993646308716627 0.64647474607338 -0.289383124769245
-0.0148042039343908 0.00321234962395973 0.171538764209416 -0.897925179352516
0.0270144199063929 -0.0015875267569117 -0.688549441206197 -0.530622329824326
0.0313835335157109 -0.0469602969844617 -0.586355254352439 0.26430513539128
-0.0275927243679401 -0.0632901213952586 -0.0540900916649539 0.408004375098618
-0.0298863092968291 -0.044179679033697 0.157888270044076 0.0862009247582363
-0.0186992336842062 -0.0139323013061476 0.0634077949837645 -0.210926030497528
-0.0319727726430604 -0.0124909016422579 -0.0337648461847444 0.209916137459119
-0.00519872568008481 -0.0328334348511804 -0.111573367074675 -0.10406089168926
0.0274110448342643 -0.0325956381892474 0.168039545489953 -0.371013180620065
0.0308017781958011 0.0215841837848519 0.566009519506295 -0.0464349075672973
-0.034943061261346 0.0191821641574156 0.388917215641051 0.769758904435326
-0.071514815812711 -0.0541214600265881 -0.491903348389459 0.85024352479994
0.00574068027458304 -0.0471176659525709 -0.693866273530768 0.187076684010482
0.0209796334278647 -0.0360698102784836 0.00816020575876429 0.0903528367552759
-0.0184765365620428 0.00118703953587149 0.619668055092424 -0.34551340304334
-0.00751952379701327 0.0105753161940207 0.0630755975988312 -0.901089534280687
0.0337950081913329 -0.00417142912905004 -0.741722256107574 -0.444143767454114
0.0284624782309174 -0.0412653054991657 -0.54736708599285 0.321958677142254
-0.0309230517130557 -0.0491490055478905 -0.0104648180797703 0.402964588449354
-0.0293342987826763 -0.0321773868408947 0.176132919263999 0.0709172107488196
-0.0181554116252116 -0.00535963005445601 0.0687231516981235 -0.20718014719945
-0.0309539484029432 0.00019333157455472 -0.030364598270369 0.212445843360102
-0.00208966346791714 -0.0171244358366533 -0.096400438770201 -0.107811311353807
0.0266248455978416 -0.0123101288528418 0.19480292342818 -0.363515932147031
0.0281384212183392 0.0333555367768602 0.570119639138671 -0.00405946905147071
-0.0326434605016291 0.0211038615811344 0.32236279101762 0.802812140436797
-0.0659586546840369 -0.0482918623018123 -0.570894479267773 0.814669487253942
-0.00873831861132277 -0.036430729625005 -0.701704056565192 0.148910082225454
-0.00365706321376299 -0.0256921894854399 0.0297306633933972 0.0836962134584073
-0.0263259580995131 0.017861296101613 0.601263616387171 -0.378028205169793
0.00479379329566681 0.0188619520650854 -0.00665317702311203 -0.898211497873626
0.0391321856989238 -0.00520029491056912 -0.767663559289523 -0.381822304582497
0.0271480525393663 -0.0316242947821517 -0.517949558726948 0.35710723738101
-0.0291567754123996 -0.0305018003543089 0.0188167270381211 0.399959296236897
-0.0256399616749774 -0.0168966811992527 0.189412820373011 0.0606743610845798
-0.0181105823516771 0.0055658031483012 0.073276215670682 -0.203375195325098
-0.0283194737731922 0.0150883281623969 -0.0279388570678919 0.213499348369206
0.000447678154666549 0.00289746784803614 -0.0894577035543083 -0.108087452727353
0.0225481250090045 0.00916938325603845 0.20638671272568 -0.360137983450495
0.0248708035376183 0.0453748225660496 0.574358640907225 0.0102549232774434
-0.0282178746862676 0.0265166546635896 0.307008168746714 0.8110951196169
-0.0623144716656148 -0.0349006555101441 -0.596980444251779 0.798748512966447
-0.0303453188474566 -0.0240159268349167 -0.705311492879053 0.137121781874545
-0.0315884709890829 -0.0138327444891854 0.0359636255442482 0.0820373807090033
-0.0357621488524038 0.0353968151600473 0.595927680828013 -0.389580050960714
0.0171759127434318 0.0272408436895872 -0.0250599961265736 -0.897465255406312
0.0471554553032062 -0.00271448036829329 -0.771328158844835 -0.365159157062585
0.0278761156086114 -0.0195828877294049 -0.501559120711043 0.367526361552749
-0.0242666747045614 -0.011544172973282 0.0306240888178409 0.398663317347063
-0.0203946872863232 -0.000130480326796383 0.194414689068088 0.0580839041824637
-0.0164564573593673 0.0172926742748137 0.0755296040895837 -0.199968469767915
-0.0244121398425611 0.0301976398824942 -0.0309613892286309 0.211251119954658
0.00318980205518461 0.0228941183211603 -0.0943656593154063 -0.105396523536846
0.0183991323520867 0.0303835282651921 0.200033324252502 -0.365496310511131
0.020707433109843 0.0548799152500292 0.575324847230283 -0.00776605588260754
-0.0213198836091124 0.0334090974092177 0.334843271595244 0.7944251708216
-0.059394798377599 -0.0171114234953083 -0.565888624679007 0.808620967736999
-0.0514938156904944 -0.00975537340386651 -0.699379498609037 0.151413115410513
-0.0589411823201567 -0.00238444103609933 0.0305139574092598 0.0850790901474815
-0.0436419176035261 0.0533498999379427 0.607156455534398 -0.377107744688344
0.027527596390783 0.0374079092963077 0.00518630748126884 -0.901617539081542
0.0518293041212507 0.00184707600534369 -0.752601345530652 -0.392765323238143
0.0283226460799684 -0.00665314178316771 -0.51190418563244 0.355605269881427
-0.0181223000143133 0.00511953358101981 0.0226448949624556 0.402537791357973
-0.0143580540697455 0.0160578014275413 0.193320453442078 0.0631664751326229
-0.0144890925793596 0.0307634999910043 0.0761342045317863 -0.199360236435597
-0.0201591775740625 0.0414044485841565 -0.0359882775149368 0.208888862680766
0.00782409470293087 0.0390245423055335 -0.107803639449531 -0.097885797450098
0.0170694264859894 0.0455837596910032 0.172370450418268 -0.37550392520447
0.018986820273702 0.0629393280741857 0.575911876428317 -0.054990186326363
-0.0127634795713305 0.0401812332779978 0.402871323743712 0.752932221331054
-0.0542294173017786 0.00249530531028286 -0.487218419277236 0.837708228329769
-0.0681832513966799 0.00603733630595039 -0.68942022601733 0.192538232305671
-0.0818594177850637 0.0058863165825513 0.0130821864659365 0.0912277968651063
-0.0535207885817371 0.0680286978651548 0.625377923201638 -0.344191484364905
0.0350907929298378 0.0492919795175036 0.0837163791361533 -0.904915463197001
0.0555656916318052 0.00841049371067576 -0.71862163953598 -0.457444644035568
0.029571874080683 0.00273682826560379 -0.535204295919452 0.319636827381693
-0.0137796080357719 0.0195081864773453 -0.000865808051251193 0.409587415062677
-0.00947901630996213 0.0304293497842984 0.184117604464028 0.0750879452801246
-0.01274873151581 0.0414399161599407 0.0732449951581336 -0.199516609501563
-0.0172876264696831 0.0484596988600357 -0.0427723449648158 0.205295004521946
0.0123921308226283 0.0480491122724822 -0.128415938119917 -0.0864331933462153
0.0178607955089104 0.0546232791797936 0.132575182060163 -0.385682443179294
0.0208544196125199 0.0658724845890165 0.56349685644785 -0.11923901827578
-0.0043770063173798 0.0455677847897846 0.497241982682199 0.682671800417954
-0.0474090150765596 0.0192618797164374 -0.365934196361329 0.870812564806827
-0.0741718505307498 0.0216550576795115 -0.669815992588964 0.251584267684953
-0.0956058681993456 0.0119447063548283 -0.0154169099225058 0.100971815530961
-0.0665071630430757 0.075270630860438 0.652589384843913 -0.28765484492344
0.0348645064806888 0.0589846219802063 0.199031574773069 -0.900188682629581
0.0569300370192615 0.0165689122618339 -0.653680970596935 -0.549637071994509
0.0298026313352503 0.0107739602353209 -0.571488973528973 0.260209769039235
-0.0134696110887122 0.0275663792619955 -0.0415221082924416 0.416811161956237
-0.00729747901927987 0.0404894763277995 0.169233167755518 0.0927414905514272
-0.0117419901259115 0.0486883111790999 0.0683785357952402 -0.201252880783299
-0.0329988472858286 -0.0213178663956857 -0.0459347907403303 0.20018207312942
-0.0113318683098612 -0.0449537745965362 -0.156319658675844 -0.0779294018294643
0.0192791354560975 -0.0536406100460877 0.0718501351619046 -0.389401463530925
0.0286606493548711 0.00171239796411325 0.522744240164197 -0.188195355124529
-0.0299326226434759 0.0234542071229737 0.577758939819817 0.604259592304004
-0.0824804320270023 -0.0382659508314591 -0.22073002926923 0.912772860475157
0.00958680107071035 -0.055619417017648 -0.642186314691288 0.318495092604284
0.0483371116032116 -0.0477825016848632 -0.053990289806785 0.109928190702175
6.31673387897613E-05 -0.0140499907504171 0.663542168823942 -0.226595728480089
-0.0183673677900983 -0.000830113155418349 0.297155948915717 -0.872162893225003
0.022819608615434 0.00231736836995589 -0.607077138404322 -0.621835520325001
0.0352424321676391 -0.0479791473958054 -0.619355461261985 0.195402058100833
-0.0217279322082597 -0.0720061497204871 -0.0984134488912314 0.407936291846519
-0.0287195819872347 -0.0518345589256197 0.135859166031375 0.103125180292335
-0.0178126850225725 -0.0166381445563518 0.0547977411908408 -0.2129738001239
-0.0324231283217388 -0.0188101089055221 -0.0377256368527945 0.204992930197365
-0.00823987023375611 -0.0427760021046659 -0.132780923389478 -0.0920015223139305
0.0237993595125098 -0.0466033235496077 0.123129458860988 -0.380809836067452
0.0314845085879292 0.0103657675506701 0.548696472126962 -0.11600133304007
-0.0341042348035075 0.0204649315168066 0.488407094000809 0.695539296572206
-0.0777549350421194 -0.0491392989345594 -0.361400959410069 0.887759077798614
0.0130861836434621 -0.0536122294541813 -0.671000097194437 0.248973134752015
0.0393680926571075 -0.0439244572123329 -0.0199551307494229 0.0991273352497089
-0.00880787086642405 -0.00859934999713427 0.640123578073285 -0.294645987138434
-0.0145368366757091 0.00398305584686659 0.163031814240929 -0.892803851140712
0.0272569571887961 -0.00205797338300078 -0.687355796623088 -0.519892183779336
0.0306631994535642 -0.0473732960824348 -0.581913092301637 0.270457984394533
-0.0274572529974041 -0.0629118358533423 -0.0495992413959922 0.407416949276183
-0.0302931789112777 -0.0443730143625029 0.157732512426627 0.0847758714215566
-0.018905771243801 -0.0131962617450273 0.0615190414433895 -0.208892648745043
-0.0314239734427471 -0.0114671808317562 -0.0308569622309875 0.208400861519196
-0.00534156685239698 -0.0333890351623159 -0.111624836469197 -0.101288231369448
0.0277431951334098 -0.0321678290155221 0.162792884152018 -0.371303526589846
0.0324098499399984 0.0214410942610476 0.561002670438792 -0.0516087765025865
-0.0352187103500747 0.0191234317644004 0.396603523867491 0.761045165521138
-0.0717448066612728 -0.0534677085932489 -0.480497287652664 0.851239102946015
0.00716938610482464 -0.0462910181490755 -0.688705400921471 0.193390077502242
0.0210653914508002 -0.0356593816507593 0.00987434127546587 0.0897636953925355
-0.0181863989116578 0.00187139932586772 0.612432858853685 -0.34805722702417
-0.00615546415233025 0.00999653843233284 0.052309580871236 -0.895694359429064
0.0338036923488848 -0.00478662615571617 -0.739863384744134 -0.432356965642063
0.0274635256011665 -0.0407285963770299 -0.541090641370458 0.327013601557243
-0.031036557865684 -0.0481103749364516 -0.00635580145194478 0.401374533498122
-0.0292650914395129 -0.0325179533969577 0.176091584848044 0.0680571977512779
-0.0186847052138849 -0.00534548128078128 0.066861303865544 -0.205167609914775
-0.0304586322676532 0.000487037317828875 -0.0277367965604806 0.211515396237699
-0.00215608018770351 -0.0167785035466778 -0.0959204587022954 -0.106451387602286
0.0261297356275867 -0.012511175582478 0.190559668986483 -0.364275143184303
0.0296780486210513 0.0329293513265461 0.565466055565574 -0.0104571016802262
-0.0321687868695374 0.0205886999614048 0.332861899976841 0.795403737006233
-0.0667081477400772 -0.0478673067961629 -0.558005127481047 0.816778290127854
-0.00767928086434851 -0.0356168883066219 -0.695145222247405 0.154352300430645
-0.00380066003818416 -0.0254654490800375 0.0297617853113287 0.0841371224179278
-0.0251200796898642 0.0180096749955601 0.592298869757371 -0.383036785214112
0.00502383901244124 0.0182392096805213 -0.01578401478124 -0.891483307980153
0.0397110600397633 -0.00501724570752009 -0.766766021358281 -0.371403212299796
0.0255386112099488 -0.0321850310270334 -0.510095175647193 0.361265141206524
-0.0290574938160298 -0.0302027020637818 0.0237065093843964 0.397250500175543
-0.025841524847753 -0.0164218747995896 0.189317660503095 0.0584540155363446
-0.0181915647103983 0.00541324043200838 0.0720879213916557 -0.201973609211118
-0.0277120563362665 0.0152438178811006 -0.0266340804802959 0.211863526001234
2.93902392896356E-05 0.00170425833785079 -0.0900423574212159 -0.107232182193369
0.0224837832586966 0.00944771250172882 0.202059677151249 -0.361465818434935
0.0263497770504738 0.044103021247801 0.570106063450628 0.00372478284435283
-0.0280576128611658 0.025688543564552 0.314167713628778 0.803436179322553
-0.0638338776400625 -0.0349895815761787 -0.583933382498995 0.800760652066415
-0.0294124295901131 -0.0238844615336499 -0.698101625564979 0.144345407581506
-0.0316420712839699 -0.012582039263352 0.0379744400487864 0.0817694186039556
-0.0335874814359114 0.0364153162818441 0.586542767412407 -0.394152629078644
0.0169863037159904 0.026437759017441 -0.0350589309444849 -0.890496291253701
0.0458246769043155 -0.00420933394731771 -0.76933397002132 -0.353578245579638
0.0274493964043947 -0.0201685576604617 -0.495125810593189 0.371783637779683
-0.0239298666537244 -0.0105234887789524 0.034590434542338 0.396373857060252
-0.020298992459845 9.97544082447549E-05 0.194569364201618 0.0550626168991261
-0.0163876463012504 0.0185074423338469 0.0737994511912278 -0.199644659131054
-0.0231487014932613 0.0296028369655627 -0.0284425840606063 0.210527859205921
0.00484690302334649 0.0225559706247205 -0.0943530531418444 -0.103989359689902
0.0179265437981696 0.0300661084145971 0.195562822182049 -0.36648959570833
0.0217411749536966 0.054399904275051 0.574382746036687 -0.0141055517382688
-0.0217903701650143 0.032722004775495 0.342036708173938 0.785265357660768
-0.0599166777411685 -0.016439597981581 -0.553063877074374 0.808258195948931
-0.0499018296687814 -0.00966894938477128 -0.694355012911569 0.158024044118965
-0.058361095442584 -0.00216763451832824 0.0320526204201639 0.0853551531153219
-0.0422595303590896 0.0540708272670626 0.597858291312888 -0.382368732077897
0.0283921816864259 0.037084581081757 -0.00362631970062456 -0.89549917843533
0.0512387305603612 0.000317589039084706 -0.75334719907697 -0.380772730996389
0.028932421213482 -0.00738286885959932 -0.50279725074029 0.358081420157572
-0.0175627984657007 0.00563288815646945 0.0286424557925094 0.399969074334111
-0.0141727902977882 0.016004352210118 0.193126220298101 0.0601812562315674
-0.0145234973919553 0.0302282067302385 0.0745812518359711 -0.198799735650941
-0.0199763223821041 0.0411017049184114 -0.0334612927546752 0.207516597986159
0.00824523893017455 0.0374798300505564 -0.108778315325052 -0.0956868227625644
0.0165890029327415 0.0452230288665867 0.169323530920781 -0.375243222208662
0.0201697463447598 0.0614060945562818 0.570461744828805 -0.0593470627557791
-0.0130056750057137 0.0396239373405506 0.411666047315021 0.741642455475912
-0.0547732883889625 0.00275398822596291 -0.474257478879339 0.838095574023305
-0.0659037100634827 0.00679650025709081 -0.683456958574584 0.19799605176208
-0.0806676850424296 0.00678619134594969 0.014746024792953 0.0908555567728015
-0.0524387948520619 0.0681642531087218 0.618495464267493 -0.346535406929589
0.0353799265583453 0.0478305583304825 0.0722030009680953 -0.90195286235726
0.0559113691053016 0.0063821507080455 -0.718213489936407 -0.445269475088618
0.029378251716049 0.00234918996530146 -0.53008977492733 0.323555528864792
-0.013628648891234 0.0198574003410138 0.00285214369089091 0.405757579702745
-0.00926079515946518 0.0305297071640221 0.184482423414411 0.0729130981488749
-0.0120494628608614 0.041725433364135 0.0721525298196837 -0.199218033108111
-0.0161229576424119 0.0471868483880866 -0.0407868137342089 0.203503770700442
0.0128828825190968 0.0463691358488006 -0.128359305944312 -0.0842773033750931
0.0196415004085308 0.053226599766347 0.12835699480429 -0.384749958552061
0.0219529845636008 0.0650291253109128 0.559777369938858 -0.124289574976826
-0.00448807573432373 0.0453981306114567 0.504747229932244 0.673844800659905
-0.0479241673679594 0.0190802515113192 -0.354666707572897 0.869459642288809
-0.0730835723867466 0.0216776398524076 -0.663471288744787 0.257259523717875
-0.0948816169004206 0.0125662043305583 -0.0142874027376945 0.101293279038867
-0.0649056065431525 0.0764784621013223 0.646136865637146 -0.293219389416282
0.0348761596024499 0.0586196151553741 0.188273407390114 -0.897551010803958
0.0571472580875994 0.0150072319609665 -0.65535363622993 -0.540300247121219
0.0295933225039318 0.01076551928445 -0.565355117002289 0.264817487588828
-0.0124896311075182 0.0280376154782354 -0.03545638974871 0.41583437419891
-0.00720874832865435 0.0396153863312157 0.168163800074408 0.0914585812399677
-0.0118337821633121 0.0487613098646407 0.0665639542245811 -0.200004316044613
-0.0324904922059791 -0.0209505472552973 -0.0439775994794964 0.199043155948092
-0.0102958265672074 -0.0455301272310278 -0.155994806969099 -0.0758753421571789
0.0185208159505902 -0.0537922921782532 0.0679012994185255 -0.386009452794542
0.0293888598472659 0.00211389257240086 0.516831554493488 -0.191953011966045
-0.0301029034481679 0.0231499274128735 0.580529213563986 0.594166579036324
-0.0817698530199024 -0.0381278822023617 -0.209726250248464 0.908697910589875
0.00978196483194942 -0.0558860095072762 -0.634915139259274 0.320468833825193
0.0479175891777354 -0.0479954286881264 -0.0521456442759796 0.110053025856618
-8.81725883081896E-05 -0.0138406371073776 0.656893857239564 -0.23071338263301
-0.0167296659655437 -0.000695866929906232 0.286987062262795 -0.866611231510543
0.0225143769304999 0.00130341459050601 -0.609902462573919 -0.610970617767403
0.0351438642192172 -0.0480691388615217 -0.613863299538456 0.201327393014964
-0.0223886620459329 -0.0693711283318807 -0.0936905272671184 0.407956163215091
-0.0291915464190566 -0.0502553348323476 0.136513598148185 0.10112754703595
-0.0180546702901491 -0.0153554880624939 0.0529213920034603 -0.21199784640879
-0.0328521256014759 -0.0179620345647931 -0.0352060752840949 0.203541763206275
-0.00772090440820118 -0.0429624831981307 -0.132202690655554 -0.0893502490488215
0.0241354265204656 -0.0463079823624949 0.118652930152463 -0.381180091837646
0.0329350984611492 0.00953045243432948 0.541752219321158 -0.120289547647434
-0.0336263607466262 0.0199307540826339 0.491721465395848 0.685036120893257
-0.0782256257305902 -0.0492048139098386 -0.351292792674672 0.886541864423174
0.0139365433773605 -0.0533304394718618 -0.663058515641687 0.252755143282168
0.0394068694405101 -0.0439635815112285 -0.0179927731926997 0.0990126029234902
-0.00805182232860822 -0.00959736234890873 0.630385118426621 -0.297304376417161
-0.0146175198810096 0.00394934584747344 0.153211528553151 -0.886581715827906
0.0276555857379961 -0.00223159253450395 -0.688691652198743 -0.507637191442137
0.0307360889667662 -0.0468290879999984 -0.574226248023342 0.274571726115442
-0.0281647704286675 -0.0615056760077907 -0.0448547312548473 0.404610024264138
-0.0309181944988687 -0.04390111829494 0.158366872383292 0.0816892540903624
-0.0190177804030745 -0.0126957420776816 0.05959408300199 -0.208522769107564
-0.0316230795774738 -0.0118359079100567 -0.0292476453965093 0.206823377605435
-0.00504854026338193 -0.0337079971756272 -0.111192715201895 -0.0986854036757988
0.0272194226767714 -0.0324815304124795 0.158605676525525 -0.370288964074787
0.0330238212482685 0.0200218567064943 0.555533002516797 -0.05713328315828
-0.0349918615146331 0.0189062465521708 0.401593381977379 0.750952518482075
-0.0724982492825503 -0.0526813227325544 -0.469071225463184 0.850003313024381
0.00746131094140184 -0.0455598490637122 -0.682111853756038 0.197411572338164
0.0214762019505711 -0.0357953803228276 0.0115941163688937 0.0902289307863422
-0.0169592454525259 0.00247976419422832 0.605605150313543 -0.351461783707126
-0.00612096472653349 0.0103918699516415 0.0450829429210096 -0.888588096817836
0.0329727130434166 -0.00516902946971322 -0.738049092683184 -0.419980656078565
0.0271296541692418 -0.0416401362143588 -0.535592353779027 0.330386798140688
-0.0315467755209598 -0.0468337124169434 -0.0021326042001653 0.397965255536916
-0.0303055852238754 -0.0314621216855125 0.175485337703211 0.0674812926335869
-0.0191117806578703 -0.00433851689962078 0.0653844679445657 -0.204851006558484
-0.0297532326269902 0.00158584818569974 -0.0252985260862022 0.209338337937658
-0.00184137028779564 -0.0179686367100809 -0.0964557839522779 -0.104380533183783
0.0258358552253806 -0.0126754524186557 0.186644998450617 -0.364442138165325
0.030779117558962 0.0326845182202849 0.562879954379085 -0.0159492722770105
-0.0326498964141469 0.0217275473859294 0.338757545420972 0.784108563862873
-0.0662707948354466 -0.0476168934214698 -0.545729144429391 0.815865004212318
-0.00729625019420959 -0.0359859807156887 -0.689550114493551 0.158722551009532
-0.00286982330770276 -0.0255232552833533 0.0311075935523524 0.0830712528241804
-0.0253266184744188 0.0175612360848524 0.584391671176857 -0.384345140995138
0.00466296243593273 0.0181304431567346 -0.0236057828280288 -0.885638461093623
0.0397830127928932 -0.00575619001342201 -0.763766873310046 -0.361008803869104
0.0254320505960183 -0.0312733918888645 -0.502280069241417 0.363840029776679
-0.0290137589415963 -0.0287781704359725 0.0263249294602278 0.392781110375873
-0.0262604513917492 -0.0164974811038634 0.188139982354156 0.0560254732014149
-0.0186037887919294 0.00590572915164279 0.0700704955892073 -0.201748910888911
-0.0262446374051406 0.0153603405559227 -0.0242311450526282 0.209999837466553
0.00153263909227298 0.00103967551860681 -0.0905338833057301 -0.105497981220328
0.0224189316168443 0.00897028519030893 0.197999156309282 -0.3611194559771
0.0262741444645626 0.0438804558188523 0.566574798761423 -0.00198707013652957
-0.0283431731553854 0.0264164465248585 0.3200108268269 0.794308295337004
-0.0632929960359367 -0.0339083794298333 -0.573998200595457 0.801017963048126
-0.0287181658091256 -0.0228208561608314 -0.691711629441711 0.149381836903197
-0.0311408961879222 -0.013124665524453 0.0387079007622059 0.0819091310392769
-0.032160491713148 0.0365671604847657 0.578890404323919 -0.397659954975304
0.017587485454114 0.0256718941025414 -0.0433355162233981 -0.884200795847645
0.0462524941376465 -0.00426671826364739 -0.766209936043117 -0.343124504828959
0.0273921177155374 -0.0194148591961784 -0.487476145266178 0.374233004177007
-0.023638444170607 -0.0104617246264397 0.0396024460521702 0.392112117722438
-0.020588894516237 -0.000639094766016159 0.193867343675176 0.0541249160268712
-0.0161409066099007 0.0183694819368471 0.0724939802386737 -0.198940886343883
-0.0225400498825604 0.0286693886854951 -0.0263556795082029 0.208714651328599
0.00405239851607817 0.020750635543497 -0.0941358583259096 -0.101848701142631
0.0188982459412503 0.0291908202094023 0.190230494930728 -0.365595341139055
0.0226612296182462 0.0533070456420773 0.568483929766684 -0.0196070033637974
-0.0212383082002743 0.0327371357295872 0.34872292359764 0.774904072677259
-0.0597145359942867 -0.015121708280045 -0.541770611055016 0.80785336025609
-0.0500473278580026 -0.00863012421890533 -0.686336864718625 0.162825917308391
-0.0572304241530866 -0.00170509133334366 0.0337400223322154 0.0838243396697518
-0.0414390955614352 0.0545071219375708 0.589756692871498 -0.384149310166866
0.0287095252192472 0.0360146699042122 -0.0122993232522677 -0.888388371039226
0.0516277930199479 -0.000545090475326368 -0.751330919565347 -0.369345467799437
0.0287067427822871 -0.00803431458371869 -0.495393869606422 0.361779797831597
-0.0174429834373191 0.00639352148615349 0.0312818103811551 0.396626048586378
-0.0139842941498963 0.015577417954815 0.193332706080864 0.0580171093668201
-0.0144280429362758 0.0310117843485342 0.0732675944375258 -0.197958143866275
-0.0190602115602182 0.0410207346907653 -0.0304221317306696 0.205994650892231
0.00844528269183027 0.0366902647369056 -0.106160672168103 -0.0944240107180974
0.0179402224453022 0.0443343349065995 0.165129029919052 -0.375066102956942
0.0213397175506459 0.0609396760084458 0.567328589202076 -0.0645460543775919
-0.012950237107861 0.0394010758649671 0.414462285119147 0.733366967983217
-0.054256526322649 0.00314545594276552 -0.463447230354442 0.835696977640922
-0.0654366989340119 0.00614639064373006 -0.675620060484731 0.202903459797369
-0.0795877315882098 0.00761671001718049 0.015907571544436 0.0905142605897383
-0.0511659534767164 0.0676081259984361 0.611009245351145 -0.351427839915911
0.0350616952754552 0.0468306959093459 0.0644899576370692 -0.895728259522478
0.0553571126324789 0.00634983533271377 -0.716231405622763 -0.436082533185333
0.0298411951505743 0.00244904108672271 -0.522066038521111 0.328274103754647
-0.0131729619316639 0.0196889098099471 0.0067484278100045 0.404484806488721
-0.00966949575341411 0.0296909966570655 0.183781277330246 0.0707411619864023
-0.0118826565217441 0.0408655560851113 0.0696619411206495 -0.19832240117348
-0.0144576822595804 0.0473519858388801 -0.0374558467331032 0.201430980757638
0.0138258056222942 0.0448073772681781 -0.127697838570699 -0.0823921932209308
0.0192790750711909 0.0527773592491486 0.124558987945163 -0.383707516537417
0.0225112526960302 0.0643670881290456 0.554658371534183 -0.130352067199227
-0.00496044603754418 0.0442936015151721 0.506540194170815 0.663119414658548
-0.0478466900597013 0.0197042059706518 -0.343970269325673 0.867541776712278
-0.0715749022251851 0.0215776175429212 -0.655543955760136 0.261623354617327
-0.0938598154527912 0.0134356230903116 -0.0120711676107081 0.0998233376182872
-0.0633322405471226 0.0754618719659254 0.636607823902057 -0.29746302073643
0.0351540015931419 0.0578852786249711 0.179339840678722 -0.892659061569716
0.0559100756942556 0.0140386834889179 -0.656698711850155 -0.528030771284547
0.0297682498729065 0.0103344327370078 -0.557441280117196 0.269654875771115
-0.01201474689395 0.0275976483914064 -0.0320169079934434 0.413529332944511
-0.0065391020904124 0.04010121549629 0.169123646506796 0.0882808367592512
-0.0108829085840114 0.0494587846053257 0.0652714618024421 -0.199240650015269
-0.0325766493889154 -0.0198219185255764 -0.0425478193159231 0.197974265869962
-0.0101299743401897 -0.0458481327202438 -0.155771895591648 -0.073072726737772
0.0179237132178973 -0.0529823493904314 0.0641610408356263 -0.3845810034045
0.0297305300267738 0.00161254209669946 0.511124380537891 -0.194862885721707
-0.0297837512557807 0.0224444764227069 0.581373784460078 0.585950920287426
-0.0817867706662659 -0.0377222988704284 -0.202876648556912 0.904902220303891
0.0120020822382898 -0.0552388046606582 -0.628407437622345 0.321898815458673
0.0481432191700347 -0.0476327014052936 -0.0510266110204801 0.109852437257354
0.00162130188350241 -0.0134763690762373 0.64920839520622 -0.233953135102514
-0.017178327188834 -0.000720020865635947 0.279698060085178 -0.863643969016949
0.0224541984034082 0.00126674581572696 -0.607124654178603 -0.600700001060764
0.0345507986305624 -0.0476363702617938 -0.608142308968398 0.205134279584348
-0.022317455370579 -0.0683739238843684 -0.0915992069740082 0.405106728346585
-0.0284701738466614 -0.0502324834954044 0.136325383697322 0.0997471584086167
-0.0188682258120901 -0.0153732738932255 0.0520064157086902 -0.209750709192118
-0.0325067002676944 -0.0170930768401702 -0.0340050472621241 0.20257712746172
-0.00817340791866356 -0.0434269486976675 -0.131228596260072 -0.0878285225976025
0.0239993229608473 -0.0466886999954415 0.115149295823307 -0.378547347442612
0.0333538734534373 0.00911234332201134 0.53708575461196 -0.123803683717272
-0.0338918608715233 0.0198732438296912 0.494288498729985 0.678177279940322
-0.0784112321189436 -0.048665838423289 -0.344133687167004 0.883230918829599
0.014012332301791 -0.0532365457921565 -0.657965463205692 0.257105376689817
0.0389291393670842 -0.0447375416627335 -0.016792829420076 0.0991315843028101
-0.00703364970709038 -0.00869102890753942 0.623972502042425 -0.300045574741494
-0.0136912720741395 0.00275871644493246 0.144876561320132 -0.879531310451231
0.0271014735487257 -0.00323385001701834 -0.684992297743077 -0.499444420196789
0.0298779514556614 -0.0464623123821509 -0.568462887619411 0.277825815989589
-0.0282556567566758 -0.0596602280741391 -0.0407578615063601 0.402642199160664
-0.0322575164064994 -0.0423379787912338 0.15800217387406 0.0820660520769515
-0.0197905566831288 -0.0121895872485012 0.0587521025574817 -0.206793317865788
-0.0313754950347691 -0.0100713670310352 -0.0276918949468515 0.206076845060873
-0.00529402867336833 -0.034306379969328 -0.110435330933327 -0.0976449743670875
0.0270676326720078 -0.03200939505219 0.155579544421185 -0.369580325313511
0.0333490769636189 0.0201129812604344 0.551224651867445 -0.0614246789711876
-0.0348153820956543 0.019278536912428 0.405889628748532 0.74300344946415
-0.0726172384630383 -0.0518078771571921 -0.459742040457836 0.846187935510571
0.00868443277897564 -0.0465037196053342 -0.675762102425691 0.199303001275392
0.02141159468746 -0.0359841389714609 0.0119620139780226 0.089268418310045
-0.0161469703221587 0.00149871962296455 0.597031430278888 -0.354241912818117
-0.00663198339646704 0.00975906322424149 0.0374463312294047 -0.880075894780565
0.0328995213523175 -0.00553118414726869 -0.735361313812571 -0.41057648586555
0.0266866012909276 -0.040755868954672 -0.527668488323635 0.331245756824486
-0.030956550569909 -0.0454387341757977 -0.000808473216695623 0.396435132766016
-0.0303660107763834 -0.0312062305866116 0.17525464389689 0.0659578047933998
-0.0191682593006379 -0.00457465008651043 0.0637933106850608 -0.203817819744061
-0.029290660919632 0.00154774548616304 -0.0238484005400503 0.207136923681705
-0.00188416790217511 -0.0189404110948361 -0.096677490683255 -0.103240186141637
0.0258740399884168 -0.0124774254641101 0.182624479714133 -0.363385008245873
0.0315085674156107 0.0317106881848398 0.557627303506645 -0.019745498133309
-0.03214767639178 0.0215386326262394 0.343533319679714 0.776559750439164
-0.06677350245266 -0.0466809509170034 -0.537638384748598 0.813698835700293
-0.00636244670244976 -0.0356838523091602 -0.682852645933584 0.161409795876833
-0.00292962895584946 -0.0258593432049973 0.0307968240324724 0.0836159454852707
-0.0235624522267647 0.0174855121729416 0.578011871445177 -0.385150414639292
0.00540387610700449 0.0178385075835734 -0.029008213736816 -0.876744160873474
0.0388906736151953 -0.00547545154136734 -0.760424593766193 -0.351289668537967
0.0267369134914926 -0.0317370704541641 -0.496917900694982 0.366233140921337
-0.0284151630365863 -0.027845138457675 0.0290697785026022 0.391757102695713
-0.0264615899558777 -0.0161078513348209 0.187712656003641 0.0547790327623323
-0.0189101268891004 0.00650706474409869 0.0690899025135057 -0.200521446731797
-0.0265552658627588 0.0161177111410698 -0.0216486910255279 0.208033477869254
0.000970155616256975 0.000923200951366153 -0.089655820352017 -0.103207853442309
0.0221778216146297 0.0086340135647339 0.192802138495484 -0.360335434192898
0.0274729711978325 0.043219949633261 0.562675942377358 -0.00748329911016555
-0.0283361830982605 0.0254821898030236 0.324710928696069 0.785741503850185
-0.0628720184857156 -0.0336561523525505 -0.562609054934669 0.798524775202333
-0.0268763456210373 -0.0231580705104476 -0.685880573819922 0.153116969086973
-0.0295845679219621 -0.0131435434493682 0.039811225936391 0.0810787814561977
-0.0309826680268089 0.0358750585323423 0.572668245991436 -0.397311738825025
0.0174063970665503 0.0251493626574907 -0.0501790239813548 -0.876986025018714
0.0459583963059531 -0.00511663220921443 -0.763647538042887 -0.335744938996972
0.0272596506158813 -0.0198112798829736 -0.480668942975853 0.37665239146749
-0.0231658923057937 -0.0095289270064412 0.0415320564788154 0.389957488754592
-0.0204552881769114 -8.03595755345214E-05 0.19355182582581 0.0516472607473317
-0.0161271453856095 0.0183449351187949 0.0708261687421639 -0.197948777843931
-0.0228317927175528 0.0296129089445098 -0.024745155974169 0.206362336155053
0.00461488709517561 0.0197783677421752 -0.0939346887603298 -0.100605837560826
0.0190048165018995 0.0281799726184353 0.187254515930195 -0.365865288745254
0.0241556423057468 0.0524848679617187 0.564742978792924 -0.0242445977279431
-0.0216502758589173 0.0324305115135182 0.352763328459411 0.766928022088743
-0.0586696247784859 -0.0160861011549601 -0.53272929189203 0.804694894829373
-0.04781321285326 -0.00970460417415109 -0.681292245867022 0.165512111053225
-0.0569313688240747 -0.00141855879403787 0.0338016645545661 0.0830826852021528
-0.0398714509329944 0.0537731025177826 0.582305337775913 -0.386825142631166
0.0286450064807068 0.0349938706523925 -0.0170732774832321 -0.880689975368962
0.0507033009930053 -0.000743689074675244 -0.748207883475945 -0.361670304512618
0.0296174758024294 -0.00791110565605511 -0.489874084213795 0.3623037444942
-0.0171820913640404 0.006187067211269 0.0351191575858495 0.394453750510391
-0.0144184251463507 0.0156928801966802 0.192473311649284 0.0569500726357019
-0.0143616054262753 0.0306650240488056 0.071225678553053 -0.196232259955858
-0.018087607056306 0.0408776720402928 -0.0288262706199925 0.204689192370124
0.00971642497249511 0.0347643670207662 -0.10595611882008 -0.092902829591541
0.0173501079486245 0.0441088077977607 0.161243696112452 -0.375570262663892
0.0218282183857701 0.0602840118457979 0.562037309901096 -0.0678668857159042
-0.0131788179458906 0.0390189741460155 0.418852682184849 0.722572366015614
-0.0550429715931611 0.00340290323958165 -0.453704947067887 0.834326681077784
-0.0642897425265723 0.00664336393269476 -0.669256574894455 0.206598041223231
-0.0791036971616151 0.0079704673496041 0.0167100748974724 0.0898424701968986
-0.050737728757989 0.0677213805076551 0.603560412812642 -0.351860945995052
0.0345395154067661 0.045651742924162 0.0577251164088121 -0.887299136992509
0.0534879624289487 0.00558715996854683 -0.713664768711574 -0.42413267605397
0.030074634493797 0.00123201725855957 -0.51655372656616 0.329716647505658
-0.0131293083603183 0.0198020159959021 0.0103657800343818 0.402903773186233
-0.0087137862059728 0.0294739256582 0.184003362849202 0.0691234467657969
-0.0116361107027057 0.0416105446460908 0.0692139513290713 -0.196931638164981
-0.01442890801606 0.0468234882050963 -0.0354245870423026 0.200456265231405
0.0137335712128739 0.0441659419459391 -0.127057979165804 -0.0808443579103648
0.0198900219795512 0.0522160155601243 0.12107154891806 -0.383435948341958
0.0237835424953822 0.0636304616509977 0.549593344127246 -0.133748473207293
-0.00622946866928326 0.0444058053095403 0.509784899861034 0.655808035693752
-0.0472013991914642 0.0200903738951848 -0.3348737851063 0.864018916976976
-0.0705636048412204 0.0213542765355197 -0.648153882089818 0.265192216085588
-0.0919879939628243 0.0135486250193589 -0.0103382396749604 0.0997209828041166
-0.0627621864519304 0.0754710228859851 0.630459231132374 -0.299787728096406
0.0357108194827112 0.0561305836861738 0.172595287801312 -0.88618472068467
0.0558028480911624 0.0134190258473337 -0.654746919569917 -0.520162493731733
0.0305066041160938 0.00994763151438818 -0.553414661759017 0.272901788559889
-0.0115928924229535 0.0283478076711604 -0.0282191036127095 0.410152832262699
-0.00713211827224557 0.03914708286845 0.167422733197232 0.0866080710226342
-0.010129858469477 0.0490501281919102 0.063956103159484 -0.197967457064338
-0.0322044852094572 -0.0186123500740248 -0.0404645201062228 0.195993465081276
-0.0108166919824401 -0.0459333334425885 -0.155057889887486 -0.0708636464536192
0.0175984629031176 -0.052871818574663 0.0617077126317839 -0.382727014182306
0.0304997971553742 0.00137487811041088 0.506321068438731 -0.19650420542038
-0.0302753130393596 0.0227157911083092 0.581607576453791 0.577057794892876
-0.0813900848001926 -0.0367940859504192 -0.193856171043461 0.898834582857749
0.0123853182083852 -0.0541407259373365 -0.622676676654525 0.324079288952463
0.0478563853869918 -0.0477860246139979 -0.0495632013016884 0.11072122880037
0.000943683264454417 -0.0138849478089791 0.641584022839628 -0.235902331982835
-0.0168736969349968 -0.00118809353293098 0.271835342897391 -0.85614198265862
0.022408029955582 0.00135527089551212 -0.605688646068968 -0.591816545423738
0.0345651725661788 -0.0475773055213271 -0.602517507044242 0.208733686623754
-0.0225510621898703 -0.0676194458687254 -0.0872415225846918 0.402498734519685
-0.0296363978364276 -0.0501324633567415 0.136535857636719 0.0982200746680105
-0.0196355883085627 -0.0149926607059553 0.0505172231883067 -0.208647983744083
-0.0328801301112784 -0.0169521447502782 -0.0320431336445103 0.200026054741685
-0.00734520382976493 -0.044632379975263 -0.132002766871766 -0.085521282238939
0.0233689479507899 -0.0458781513999415 0.113201355119411 -0.377936404460902
0.0337587045106431 0.00849708896467405 0.532714628253226 -0.127573983454024
-0.0339623713015408 0.0198267282982967 0.494995601336967 0.669233036032694
-0.0785163879196774 -0.0483018791246769 -0.334189102725101 0.879265151732715
0.0151624652507731 -0.052891065726296 -0.651089279661694 0.258264863368229
0.0393214780647509 -0.0442941005780129 -0.015399658954573 0.0991657005050446
-0.00702005349814258 -0.00966606407033825 0.615876850670741 -0.301233978987345
-0.013713949408004 0.00385700367794382 0.139332137451455 -0.874153624998481
0.027519240960451 -0.00300744858915758 -0.683934617581945 -0.490294813006137
0.0301188588738205 -0.0467965004649899 -0.562476122274373 0.280794582461683
-0.0278575933253785 -0.0592150449280869 -0.0381488142241063 0.400761110356484
-0.0310732486474176 -0.0424593990956693 0.157005307387843 0.0800090109015095
-0.0202720287829914 -0.0111978930889041 0.0578113260713235 -0.205173762630131
-0.0310299634760054 -0.00973385677335315 -0.0258906746569145 0.203202810761113
-0.00457363434655789 -0.0351096375169636 -0.110445040596552 -0.095863037233148
0.0264564575099822 -0.0322283895680244 0.153097039001304 -0.368903281852756
0.0332803319493509 0.0191240419865463 0.547250153243242 -0.0645878440806275
-0.0340893262298722 0.0186180514827072 0.407089278049369 0.733600116282947
-0.0719973160831261 -0.0515824775563248 -0.450910950517074 0.84332833855268
0.00871963183828964 -0.0453167833114953 -0.668996836275273 0.202426438430869
0.0210638688004938 -0.0361693105641659 0.0128672763128836 0.0882541985201542
-0.0153686794141357 0.00218017798187554 0.591837360788698 -0.351941712402273
-0.00569587857242723 0.00967793001946874 0.0347860222793676 -0.875895963298428
0.0329984126011188 -0.0058865083074283 -0.732435127291243 -0.403150190254603
0.0271681534977113 -0.0415738342633788 -0.523461428591448 0.334853555779369
-0.0303534490539481 -0.0435485044701153 0.00304589465999031 0.393110194527694
-0.0302364406898323 -0.0312248179523247 0.176013993546235 0.0640505265490415
-0.0199440551320904 -0.00431483886918938 0.0629218404901081 -0.202417035560522
-0.0290202302519436 0.00131025104075443 -0.0220079757981274 0.205953756471032
-0.00220591476302292 -0.019595674124828 -0.0953325843961509 -0.101498644627745
0.0254235345467425 -0.0128213721887161 0.178736107015878 -0.362406650902973
0.0322847081439213 0.0302859251996615 0.553504772864493 -0.0236696532358296
-0.0330724449299776 0.0205908636380197 0.345521091166319 0.768638268564922
-0.0668897043215935 -0.0459060531933024 -0.529196318633431 0.810616090228388
-0.00538559142166687 -0.0356312914627923 -0.677166145825693 0.164757295176639
-0.002520871073661 -0.0250261108143785 0.0331746613035769 0.0829092854604284
-0.0237622337116186 0.017808490136458 0.570081401848179 -0.385360847039234
0.00523742585108514 0.0166547577089583 -0.033240078275652 -0.8712546789909
0.0384297741070479 -0.00731515540689807 -0.756265459562013 -0.343153959592869
0.0263891763579297 -0.0311165068679808 -0.491094592426508 0.366567209403463
-0.0281523627134972 -0.027262561478697 0.0324295847225284 0.388028040516917
-0.0269366346369881 -0.0149748933656892 0.187878877256411 0.0535854896826047
-0.0185005258474732 0.00712942430483799 0.067956062123984 -0.199145484756855
-0.0259280336314088 0.0151491913235113 -0.0204513538481505 0.205951220550781
0.00130188405479499 -0.000746683362774185 -0.0891919764973824 -0.102618236326456
0.0230448584229558 0.00819300609813456 0.190582300812554 -0.360798850492254
0.0280185123088412 0.0419478361643544 0.559510902954895 -0.0102550331040184
-0.0281253998479321 0.0254309387894 0.32768514328057 0.776026122300578
-0.0632443963002197 -0.0327927482054269 -0.554283378927246 0.796424960241821
-0.0256638343687236 -0.0238742183599935 -0.680333023220178 0.154526167596182
-0.0291426261455816 -0.0130416653058986 0.0394929759984756 0.080286323474503
-0.0305724486718166 0.0353333347584522 0.565444378847816 -0.396645358406056
0.0175859613058091 0.0252800552209378 -0.0530358613391238 -0.868187518601813
0.0453989318595847 -0.00550653905281462 -0.758219507352966 -0.325679898377922
0.0272047788561412 -0.0200263111677521 -0.476548866914415 0.377673721418272
-0.0229255279463807 -0.00879945618113469 0.0437760719103562 0.38778901105732
-0.0211910244043259 0.000430170824165259 0.19244140190707 0.0499768915454165
-0.0170755837662193 0.018644250377434 0.0699503687455156 -0.196335711549632
-0.021712208688211 0.0289704050080079 -0.0229183424974102 0.204789982891267
0.0047736663628329 0.018613380050307 -0.0932173710800621 -0.0991948564471831
0.0192337875765359 0.0284048561497955 0.184195243737786 -0.36427755385734
0.024616014622431 0.0515906781560872 0.561278446320968 -0.0280197823877415
-0.0211966714091638 0.031859875072878 0.353579132993555 0.758182140959614
-0.059744938141676 -0.0149271176925448 -0.524232518120566 0.801651289820175
-0.046732961087654 -0.00960149066645043 -0.675380855870016 0.16854925099544
-0.0562750583611381 -0.00164904020938713 0.0344700295138612 0.082354379325727
-0.0383973278909232 0.053450822670992 0.575688029202224 -0.387123967419049
0.0291782798230272 0.0344455100673526 -0.0236902576810176 -0.873503649747879
0.0505927475335982 -0.0011473632926838 -0.743622321854475 -0.352984059043129
0.0295420146332818 -0.0089692835221554 -0.48501509167166 0.365009794732003
-0.0162221757517826 0.00749805855329819 0.0377488967873017 0.392816247772653
-0.0145553859011602 0.0155919505776493 0.191457640030447 0.0557024034619154
-0.014327281410935 0.0304777978321992 0.0706945347966673 -0.195095590818887
-0.0175418633465754 0.0404562486480153 -0.0281946606069097 0.202201771577757
0.00899063319401655 0.0331815322853859 -0.106425988877964 -0.0914477498816077
0.0182170755358723 0.0438038364269532 0.15913061071301 -0.373626982049118
0.0235099978064199 0.0588498559886582 0.557935678404134 -0.0730620819917065
-0.0133781512896786 0.0382076603557464 0.419376659474335 0.715739986654784
-0.054543681088773 0.00360944047875617 -0.444847212854322 0.830305379278297
-0.063428186408328 0.00656721668466919 -0.661691598564463 0.208896962582568
-0.0781674731000929 0.00769964048819459 0.0175297116900924 0.0897456712540038
-0.0496158080679398 0.0673837869516394 0.59660629574232 -0.352128642609197
0.0361169246896813 0.0460108481898002 0.0541661471001039 -0.881711692047151
0.0540918271022428 0.00535304536043382 -0.709979669947569 -0.418936244005412
0.0305656355701048 0.00150458206238051 -0.510882042751863 0.331661758219784
-0.0123540150995608 0.0202748777457828 0.0138572324203335 0.399489215073642
-0.00916696375006771 0.0293668848649217 0.183143371883715 0.0676890780281698
-0.0116406899037561 0.0414179944641141 0.0680161317959701 -0.196382730645925
-0.0138333195897724 0.0471115425282556 -0.033851491924197 0.198076988749626
0.0139658219000916 0.0427854934228318 -0.12608885339161 -0.0788703407471695
0.0199558726822961 0.0521029503019597 0.117938111079712 -0.381691316054943
0.0236751514005164 0.0621026995547666 0.544125993520436 -0.133900285324857
-0.00536350361230219 0.0436579719040894 0.510393652439136 0.644495993832793
-0.0477265852445062 0.0191945509257406 -0.329589378220149 0.858823788573574
-0.0686692764667787 0.0207442145638627 -0.643352059594381 0.264832096289083
-0.0916265685482151 0.0144251359140672 -0.00941546965950379 0.0987788872815538
-0.0615940926609282 0.0750158535331946 0.623113105704349 -0.30079365554057
0.0365400949929944 0.0561530614890969 0.166970988151517 -0.880107666653891
0.0549931909196307 0.0125696136471698 -0.651896605170232 -0.512644205981452
0.0299046966044097 0.0085875997364225 -0.547172234150449 0.274538083852557
-0.0107875376389782 0.0292779314729646 -0.0256258351151774 0.406314499364629
-0.00666890082548056 0.0388820158600315 0.167899476200876 0.0856769253794752
-0.0100537404159707 0.0494725282836768 0.0631657768131742 -0.196669861031898
-0.0320876639235214 -0.0178110676834283 -0.0391856996430367 0.194004001332013
-0.0101503595472227 -0.0466958846902412 -0.153507980862229 -0.0690335937259739
0.0185410315051305 -0.0523292082302497 0.05851751261531 -0.381694274371369
0.0313916160092361 0.000466308912061057 0.50138948551447 -0.197850293595614
-0.0294398309114911 0.0223242963521757 0.581747129226857 0.570150156588364
-0.081160611211778 -0.0366761241928781 -0.191402839930185 0.89308740308308
0.0134076612869561 -0.0543089997977757 -0.616013535244707 0.323712003912691
0.048121938984388 -0.0481781337566236 -0.0489239641164952 0.109849137457051
0.00215949563595091 -0.0140048502067518 0.634960899066321 -0.237086142265122
-0.0164431202511633 -0.000984425716457335 0.268347542567871 -0.850812937870188
0.0224566677963554 0.000642963107842291 -0.604013439937646 -0.583861911050665
0.0348039888020816 -0.0472604196626695 -0.598530575009159 0.210595379320328
-0.022961943541171 -0.0659999874648366 -0.0852974602108239 0.401345835082375
-0.0294901908874363 -0.0490479407312824 0.136127149672025 0.0981147263063761
-0.0196517079176589 -0.013939294398659 0.0499961922987208 -0.206476627172699
-0.03289088945626 -0.0154392516274733 -0.030593995562507 0.199178381765254
-0.00782668776787633 -0.0448857560028319 -0.130149386939433 -0.0843469612146354
0.0231960056160963 -0.0456678521942686 0.109541876266627 -0.375724230532047
0.0335718364945015 0.00761360763508162 0.527680824234963 -0.127198603975923
-0.0335594836637394 0.01991130675138 0.496002206190857 0.660847369915033
-0.0784553804362289 -0.0471232945960735 -0.329490791811618 0.87278429851181
0.0153442401545352 -0.0538458183353674 -0.644761180699091 0.259923306406284
0.0392384309561168 -0.0445706667286858 -0.0143805434122272 0.098203832085476
-0.00681643347169695 -0.00893322363880587 0.610210086683959 -0.300952135679722
-0.0135168952009344 0.00380239643250953 0.135065187122896 -0.866958809443762
0.0273806034349821 -0.0032434228359463 -0.679826236601542 -0.484231626545245
0.0299293379968961 -0.0467933292136887 -0.557311954587556 0.28155887655345
-0.0276618175728801 -0.0577173667682523 -0.0358276993727278 0.397997908381654
-0.0322558916119514 -0.0422674511198505 0.157925475466764 0.0791794545570615
-0.020349658435906 -0.0107265516236924 0.0569421785439338 -0.204194426622733
-0.0321129113614309 -0.0089418832414499 -0.024559774835406 0.201448772567385
-0.0047649683023204 -0.035193274568305 -0.109232937136674 -0.094517093444666
0.0267269914830046 -0.0318808845056685 0.1517069346049 -0.367604542792468
0.0349045057755954 0.0192569220229705 0.542769644229218 -0.0664416652884706
-0.0349183476747426 0.0187050527706284 0.408509407430963 0.728341210097215
-0.0720333610426045 -0.0510315335278022 -0.444474773474985 0.837951619706595
0.0102882616252664 -0.0452625294807553 -0.664068725113724 0.203127461017497
0.0220175204696635 -0.0364819921902882 0.0135565772212826 0.0890368811577685
-0.0150830976546677 0.00133012060064988 0.584940989109694 -0.352112424523193
-0.00601420876872982 0.00957844654223941 0.0308605304152131 -0.867328356745651
0.0327432483518724 -0.00598859046096109 -0.728843323109116 -0.397223627389
0.0267812117021231 -0.0407423204335416 -0.517545670374096 0.333546954619994
-0.0299687419351277 -0.0432408847715267 0.00405249441652452 0.391444504024541
-0.0308538500898594 -0.0303017922587498 0.174354595786325 0.0634860946186919
-0.0197275384597539 -0.00306107020794989 0.0622182415214202 -0.201611961609525
-0.0284476090047592 0.00194646160364135 -0.0209361401286147 0.203454439365374
-0.00181773132689581 -0.0200920898302408 -0.0949846105961143 -0.101255459286211
0.0260467929655452 -0.0130132862797431 0.178070443065407 -0.362260216644478
0.0327182311613997 0.0304749123583691 0.549788415751004 -0.0255757460779483
-0.032514958858957 0.0208435712086919 0.346751778536014 0.76097721923779
-0.067059304384573 -0.0457346408915325 -0.520806637568948 0.808150163153563
-0.00382638400613429 -0.0355192987444506 -0.672362235922953 0.165577525671833
-0.00127317270320218 -0.0256928206616631 0.0328334602113221 0.0824728878463388
-0.0230452014942817 0.0177639855495657 0.564714623333784 -0.385319951049682
0.00507802127353398 0.0165706206759504 -0.036881084434773 -0.863388934909817
0.0387469038210971 -0.00725944632052617 -0.751393881169416 -0.338083663121462
0.0263018500583099 -0.0313428797069148 -0.486422540195669 0.366156464372934
-0.0270295730773113 -0.0258088379804505 0.0329793441408541 0.384842691300051
-0.0273676540837373 -0.0165720508921712 0.186674050162907 0.0525215257654204
-0.0191088774821659 0.00708317039090275 0.0680461820484338 -0.198261714475842
-0.0254425134725287 0.0166426387692041 -0.0188999839695509 0.203542386144756
0.00127220208414093 -0.000511648094366582 -0.0880004133497017 -0.102250846906055
0.0231275088047337 0.00877435026715847 0.188515783268383 -0.358507682821825
0.029431552163448 0.0414190552295944 0.555227967004437 -0.0131459176973517
-0.0274635392553634 0.0256256163552288 0.329217893873424 0.770496129942844
-0.0632426009194976 -0.0324702421088963 -0.547511320976756 0.792180416990817
-0.0250923322838207 -0.0227233316253577 -0.673958213348627 0.155415905754321
-0.0288528379606482 -0.0130811738358147 0.0404963020477721 0.0799763485594491
-0.0298212094758948 0.0352704074981964 0.559805440075664 -0.395662667758491
0.0174447277006515 0.0250618433753402 -0.0563011453012853 -0.861916730495655
0.0437975576312473 -0.00543789686124854 -0.753798982568956 -0.320248889235831
0.0278390494695894 -0.0196947732752741 -0.470892337891093 0.377298933108226
-0.0218498052836868 -0.00844638592299082 0.0457842053800001 0.384825147429672
-0.0211892754075561 -0.000194711871385229 0.191778866751457 0.0494636198271027
-0.0162694221777384 0.0192977349438518 0.070210414185159 -0.19577835689761
-0.0210901157715096 0.0295677239372371 -0.0213744791654267 0.202370655867595
0.00484864800197524 0.0170174099843123 -0.0931874063179174 -0.098244373738521
0.0198606400740694 0.0283338115480955 0.182315065879739 -0.36457505718307
0.0253463666876659 0.0511386516988872 0.556598494672713 -0.0298943755415429
-0.02050971040695 0.0316908817194989 0.356547374644154 0.752188172696992
-0.0594531476433012 -0.0151724285212484 -0.516630043494304 0.800785759273526
-0.0462509102764421 -0.00946073279609872 -0.669502749173822 0.169783929187009
-0.054603833457793 -0.00185151724994636 0.0352409369689857 0.0827051993679396
-0.0393421629052615 0.0530341516643885 0.568678621801365 -0.385808411650464
0.0283518804127883 0.0341781433140929 -0.0264393193887801 -0.865765304627354
0.0498200245638843 -0.00176044552155452 -0.73968999431385 -0.34637663579197
0.0297126213190403 -0.00911800122386433 -0.48037596769701 0.365792030210479
-0.0159286611727663 0.00719110047113966 0.0388935208802331 0.389726429787552
-0.0146144762207893 0.0148303020925572 0.190031132851306 0.0546027701743447
-0.0141395681769733 0.0313629031532231 0.0701666518782531 -0.193568107905185
-0.0164756249999266 0.0400639831433186 -0.0264859169416331 0.199499610588849
0.009113502958769 0.0325907907020713 -0.105416515169878 -0.0902675639622376
0.0177579991209818 0.0433253068216953 0.155612694410423 -0.372639792880062
0.0232151037319922 0.0582324668290588 0.553235672835294 -0.0742523932239496
-0.0137165816925856 0.0377017484471593 0.421789178664086 0.709653760225952
-0.0545366788535482 0.00386632405319413 -0.439146532845982 0.825753562639256
-0.0617246091314444 0.00597288215517209 -0.657782172818322 0.210882062586715
-0.0770492475108896 0.00773994392301892 0.0178535456394059 0.0887436520289654
-0.0486161995217695 0.0676617079976167 0.590058696479632 -0.35222425467169
0.0352492664867973 0.0445869183657782 0.0501800641712833 -0.873407442586729
0.0534059015153288 0.00482341660984581 -0.70567316038424 -0.412098560710755
0.0305067801083953 0.000610083957298474 -0.506778142004738 0.331788212525723
-0.0121464807374304 0.0205615734010685 0.0150538451229088 0.397946121429919
-0.00960577973362244 0.0285717778645666 0.181263316828527 0.0668870229328396
-0.0114604177771881 0.041899155999274 0.0672724171111091 -0.194376652196574
-0.0133459681837068 0.0465518837293198 -0.0339575025783872 0.196411630578777
0.0149878319582466 0.0413131277097042 -0.125069332542601 -0.0783793788358065
0.0207763010030764 0.0504238459134964 0.116222853796474 -0.38043957092174
0.0243323704989459 0.061055281092194 0.54144497211005 -0.13734088521968
-0.00571885560420472 0.0437609328468558 0.511350098775585 0.639307321661083
-0.0477353902076641 0.0192514341836511 -0.321978255018486 0.85426605340783
-0.0681536979372567 0.0214157450619939 -0.636415381237693 0.266098998341995
-0.090599611866657 0.0141452659711829 -0.00812766142847187 0.09876941432689
-0.0604712514667639 0.0745310160222175 0.618556713709088 -0.30102959325237
0.0357700287540898 0.0554611165210477 0.161150289847148 -0.872915523932919
0.0547172458706516 0.0124540263037632 -0.648581812617373 -0.506125270593315
0.0301188709152747 0.00820863755519824 -0.541848446036094 0.275689670571462
-0.0108363892912373 0.0290702598188724 -0.0227772909693863 0.405256956257942
-0.00686080053239792 0.0384907551894099 0.16732198545365 0.0847679468135223
-0.00959231841636266 0.0489008636179132 0.0620465709645108 -0.195684280844417
-0.0327591778826722 -0.0170834330005887 -0.0388487807981304 0.19326266388706
-0.010122296892229 -0.0467802879963865 -0.151955273535502 -0.068592408466752
0.0188789964742243 -0.0519290701964447 0.0590229936910752 -0.379445179142532
0.0316195920583524 0.000333784532806095 0.496647606017353 -0.197823756621604
-0.0299852325723648 0.02228418157577 0.579501593644591 0.563647969034834
-0.0810570343146817 -0.0367981287028623 -0.186381777810638 0.888398369057626
0.0149535436864457 -0.0549248724397539 -0.613097287883061 0.323109840415406
0.0478158653667688 -0.0480499317258345 -0.0472135210226096 0.10869798051055
0.00226129789445724 -0.013854977198872 0.631838549825377 -0.234293059197574
-0.0160707081846856 -0.00120765250972773 0.26322163041053 -0.844989402840081
0.0228229332599864 -0.000366343269248707 -0.598909960818296 -0.579264915787921
0.0345096339017082 -0.046282682705492 -0.593423238792109 0.210496288943361
-0.0215495563766121 -0.0653809891581277 -0.0829628405505123 0.399981600035342
-0.0306085141902733 -0.0483805625729818 0.136267191564493 0.0973837616759434
-0.0199430856874428 -0.0127344204218744 0.0500134228494679 -0.204745535063394
-0.0326469954212085 -0.0153004066442215 -0.0298187299146662 0.196415095517705
-0.00753294091857311 -0.0447202907292688 -0.129161238452373 -0.0825338919950893
0.0237622115662361 -0.0450247991795586 0.109161204735846 -0.374302637682104
0.0345196515013195 0.00831428130718446 0.525140260505146 -0.127806159216457
-0.0343777672938363 0.0191524460261095 0.494176914399291 0.657399987470373
-0.0778027356299469 -0.0469435583016995 -0.324786686667591 0.868955180372039
0.0159761783832819 -0.0530634237913571 -0.639873653683239 0.259105605278417
0.0397896900132057 -0.0438098028057583 -0.0147023960249298 0.0978002000586509
-0.00574255543221356 -0.00909396182961247 0.60667419251199 -0.300878798757818
-0.0125986341202263 0.00343896046525484 0.132274752585226 -0.860983386997892
0.0268999169313741 -0.00416213866673537 -0.676131502896417 -0.477065758623421
0.0306214695157518 -0.0461921667676209 -0.553471967131694 0.282084629604128
-0.0273823299408077 -0.0565399901805901 -0.0349636244025245 0.397481653866353
-0.0325103742782678 -0.0416721809423782 0.156455608505359 0.079226350183761
-0.0212033531188551 -0.00946619585262897 0.0565593971595363 -0.20225891769965
-0.0310171537058837 -0.007894735098672 -0.0235816952191724 0.199767918826454
-0.00424682321334403 -0.0356024682414345 -0.107866189884283 -0.0945122791907515
0.0267975414556513 -0.0312743530900019 0.14964472515809 -0.365772486328881
0.0352209856434004 0.0191692619699195 0.539163107667696 -0.0670896274901443
-0.0348035218496861 0.0188371972518952 0.409828211741143 0.721730576817903
-0.0730242071033839 -0.0505368592495289 -0.439261913189124 0.835751481944413
0.0103482461314131 -0.0458056261103832 -0.658874073984211 0.203902992583799
0.0219744439411627 -0.0365455898710333 0.0140643929517447 0.0878221481475865
-0.0144932637147243 0.00152934027116739 0.579670775458052 -0.350599845874254
-0.00508381821459076 0.00991488826615923 0.0289768569651323 -0.861593877657563
0.0320329482165103 -0.00611626851452051 -0.723187165602039 -0.39166186771609
0.026744321299938 -0.0406795799592668 -0.513621545314134 0.33416462979789
-0.0297332084494235 -0.0424343011517352 0.00527341729650275 0.390544057719586
-0.0315441069833239 -0.0297143609661892 0.17339188090729 0.0621625892989782
-0.0205253085868777 -0.00314353829085972 0.0622870328943109 -0.199684400653724
-0.0289750167207563 0.00300369179294612 -0.0197061670903667 0.201835244131935
-0.00158484777099745 -0.0204117278755494 -0.0936835341028806 -0.100040155430127
0.0259822767155351 -0.0127222904768596 0.175782513030383 -0.360400473364926
0.0325590983087066 0.0300587492168206 0.546291409878658 -0.0271514071937145
-0.0330042059554657 0.0211666194648754 0.349070002040216 0.754996360496681
-0.0668982795408442 -0.0446889139049592 -0.515084274585547 0.803080364496898
-0.00391551013558865 -0.0358305985279217 -0.667846180881227 0.165296125743221
-0.00124816672796453 -0.0257517263960657 0.0335908945104942 0.0818502748601872
-0.0226962313704527 0.0173624928637788 0.559344992428603 -0.383466717099057
0.00570545976949979 0.016340539473532 -0.038610358549782 -0.856079977481416
0.0386363886663791 -0.00752444788723825 -0.747380436224065 -0.331267569802215
0.0261961537022192 -0.0319334103362011 -0.481778147696379 0.366384275458814
-0.026735584557643 -0.0256934668728997 0.0358024334221888 0.383246169905449
-0.0276821644988653 -0.0158331273908962 0.1859912771751 0.0521255401994371
-0.0193711063689761 0.00817119200129734 0.0669835881825942 -0.196271886217055
-0.0252467075705025 0.0159593237370937 -0.0189731115420412 0.201851341312555
0.000878735448522979 -0.0016679150294483 -0.0878119831144162 -0.100651259160084
0.0234128063616576 0.00787412387837441 0.186735674476719 -0.358990526735257
0.0296902531356263 0.0405884658887183 0.551277781162843 -0.0152975898940589
-0.027970291021417 0.0250127300057201 0.330859395071608 0.763333228370153
-0.0631134940784803 -0.0321381807078934 -0.540742904253648 0.78809150373294
-0.0243303795513767 -0.0235149278499824 -0.669895207898347 0.157221297614952
-0.0282102847694429 -0.0128889679454102 0.0412678024172171 0.0793648734569611
-0.0294729245871557 0.0348971383595109 0.555042673698396 -0.393889275239162
0.0179442105608733 0.024845821290213 -0.0571587539889986 -0.85592839154145
0.0442665538981927 -0.00575568002923037 -0.748760652750623 -0.315990964767108
0.0276421808626108 -0.0203974823058941 -0.469690607513619 0.376865406284288
-0.0219825350202042 -0.0086900177673983 0.0462265268850775 0.38324543528655
-0.0220056582943927 7.69046866927192E-05 0.191511059628986 0.0480204555909863
-0.0172092821035208 0.0198495886420248 0.0692321470536744 -0.193533145693189
-0.0213612877635824 0.0297191817099722 -0.0212672629948264 0.200844930457991
0.00415209709059221 0.0162038952990313 -0.09194467678816 -0.098027902598759
0.0199808789730849 0.0272730253400452 0.180624682704254 -0.362666533011596
0.0256702018984655 0.0500852948137289 0.553838438859924 -0.0319125852079327
-0.02162422731179 0.032024316700182 0.357235417873693 0.745489189370962
-0.0597887063971421 -0.0151059132605968 -0.511377824781041 0.794677212538296
-0.0451431303345132 -0.0101824901657765 -0.663634805003506 0.170922586287377
-0.0542606820418438 -0.00220862914662867 0.0365160517948465 0.0820224565775535
-0.0379285190295562 0.0531590683977097 0.563620790117116 -0.382907489459201
0.027807756584325 0.0336711195976757 -0.0275766894295287 -0.860023917317025
0.0495373213928923 -0.00184645801105922 -0.734956487190506 -0.342188082090759
0.0293688766386185 -0.00902268860576351 -0.475741191823912 0.363202209744823
-0.0152843394969124 0.00768523671683831 0.0385456536827349 0.386362568339335
-0.0160314446067118 0.0150318728047055 0.189236287913635 0.0537744343182018
-0.0141760503977775 0.031225872433083 0.069815941365447 -0.192916454438028
-0.0165108192744514 0.0403160507330001 -0.0252166604186815 0.197345131134246
0.00840628861902941 0.0308208535935021 -0.104396584850318 -0.0901597272178768
0.0188639341769646 0.0431027364278593 0.154695681786246 -0.373217194456732
0.0232389824762251 0.057345272288617 0.550326417489552 -0.0749186917283806
-0.0137192610602781 0.0374263524925477 0.422377081306501 0.702133227001381
-0.0549539888486408 0.00392194911629068 -0.43430824853858 0.821017851003659
-0.0602139177404615 0.0062409672957851 -0.652864091817597 0.2096429588451
-0.0759910202862405 0.00809249576562721 0.0187942078873004 0.0886370334002689
-0.0480901298563213 0.0664576159970439 0.583682557336514 -0.352532051939527
0.0357532995610002 0.0437517217989478 0.046087890776444 -0.867529851547856
0.0525928135068618 0.00395265654364615 -0.702425232365429 -0.406896671174659
0.0306113399004643 -0.00020556981442206 -0.503068904353793 0.331859140479006
-0.0111188903183164 0.0204620730610201 0.0163111661629578 0.395605574236746
-0.0102166280301114 0.0288611853692279 0.18163286618474 0.0663658926842785
-0.0117390972536796 0.0416644630963184 0.0676989382831408 -0.193486820688085
-0.0134167147703023 0.0457600116483097 -0.0329833845062744 0.194591558339343
0.0141323645570489 0.0402742579830134 -0.124926535727792 -0.0777455149191112
0.0201772640121662 0.0505974544650512 0.114745224725312 -0.378063161173936
0.025665213336179 0.0606950583188982 0.537317584213838 -0.139471237896772
-0.00655084874359516 0.0428809237688856 0.511526312644921 0.632433929474298
-0.047853577882953 0.019315151026658 -0.318523105997921 0.848621610619293
-0.0673186824212927 0.0208458674434714 -0.632453390951552 0.266840203410196
-0.0897424077890825 0.0137455800794833 -0.00739741166547246 0.0973333119160375
-0.0602449033905901 0.0745689296686222 0.612690122491149 -0.300603889980637
0.0359082346497241 0.0547443648132795 0.159025675977146 -0.867695484982259
0.05348780730474 0.0121492536767495 -0.646632415946009 -0.499622087173857
0.0299319493543081 0.00744404812297763 -0.539304046836876 0.276365499728368
-0.00973818331290784 0.028638267552567 -0.0212520258656347 0.40289155228746
-0.00824067705619468 0.0388469310174686 0.167567470480113 0.0832588767312022
-0.00984097767584226 0.048623990957644 0.0615660779095275 -0.1944939930653
-0.0316164416370156 -0.0166823622964961 -0.0378295701190223 0.190819157340501
-0.00917868094380425 -0.0463010332604788 -0.151395827649204 -0.0675125381529401
0.0184226188468683 -0.0511244938672095 0.058962730585994 -0.37658861094369
0.0315692751781508 0.000803613663919137 0.493955054104046 -0.196875110008344
-0.0304158656625288 0.0213441127930609 0.579484413592676 0.560010295297425
-0.081852311463407 -0.0366602434240414 -0.185196817800099 0.884111244821203
0.014724558319593 -0.0539832032306775 -0.607385831492075 0.32149526394829
0.0483093470949558 -0.0484501535872175 -0.0475572119055341 0.10932484755912
0.00312384328665242 -0.0140892111211555 0.626850387505955 -0.235420053924431
-0.0161401140549708 -0.000993660985827143 0.262325605069351 -0.839427214857857
0.021714229086762 -0.000181933076907053 -0.596218489901013 -0.573186372185009
0.0352782450585386 -0.0472746052596812 -0.590951734080935 0.209864501389408
-0.0213508999283861 -0.0643962401509551 -0.0816447096360385 0.399131494394042
-0.0298808446951413 -0.0486437045289359 0.135130806672783 0.0974241132353882
-0.020804778660048 -0.0120500258678361 0.049115013460521 -0.203082487826531
-0.0320315500559842 -0.0142202513014548 -0.0304011829937999 0.194336581585244
-0.00753637679389471 -0.045839251931261 -0.12804537453551 -0.082568177067963
0.0238367854338753 -0.0441780662356469 0.107278831794932 -0.37305475456895
0.0349984712697572 0.00717409977622138 0.522148661725849 -0.128348537600835
-0.034868234340891 0.0195013643620108 0.494367559751648 0.651734574932712
-0.0782609328816041 -0.0464854231266682 -0.321959031552918 0.862832469653585
0.0178290000943389 -0.0526281942290403 -0.635751234149011 0.256224720622887
0.03990218491431 -0.044527241677326 -0.0134383214938645 0.0970984246638172
-0.00557701968387768 -0.00866230083640733 0.600829050165157 -0.298820616258297
-0.0130555536979092 0.00380598534745107 0.130757661060082 -0.855249532704782
0.0271801855837062 -0.00345210609056799 -0.672843614890682 -0.475011375562446
0.0302113697804386 -0.0469995577989104 -0.550231511448918 0.281022408115823
-0.0272338678363777 -0.0556649626967518 -0.0331956735150257 0.393780915202614
-0.0325680068279727 -0.0415094953944003 0.156321151041982 0.0787065651793229
-0.0211065982352466 -0.00855758150717301 0.0564909175558128 -0.201282485302621
-0.0306100294908391 -0.00793619552170518 -0.0229556973257136 0.197171651988278
-0.0050642348784378 -0.0364703715533558 -0.107348239674343 -0.0927441212301115
0.0266911242797136 -0.0315846138580384 0.148511571549286 -0.365656916499707
0.0360888497046192 0.0183736872307744 0.537115730764977 -0.0680375188961019
-0.0344901404650002 0.0181773292766523 0.407647151368785 0.716898030346816
-0.0724314722977568 -0.0496412132538359 -0.435573826113328 0.829858566955918
0.0109752611785424 -0.0460897750423983 -0.6544789294722 0.20192388074876
0.0223629723943306 -0.0368864165494813 0.0149025724995907 0.0874480754222831
-0.0144632685853661 0.00198248764694697 0.57650405123724 -0.348670222531079
-0.00456035347299066 0.00952693592424946 0.0273574886776435 -0.856796914732253
0.0324386432214214 -0.00694786085891538 -0.719043148143353 -0.388036832923518
0.0274322103071808 -0.0411619517750877 -0.509927084973305 0.333334185938354
-0.0289054373281726 -0.0416634964186044 0.0062442767804056 0.385876726068398
-0.0318253785007027 -0.0300394458867972 0.172848430241906 0.0617265274670613
-0.0208125591947812 -0.00193845614104749 0.0616813183367059 -0.197991329493128
-0.028353312431054 0.00297876968600663 -0.0195479153435525 0.1994788222718
-0.00249790175363153 -0.0207765530181432 -0.0927816903753085 -0.0994304101676787
0.026263075084353 -0.0123950826325298 0.175801316512317 -0.359107278920391
0.0333623764680636 0.0296951417333951 0.544946037537145 -0.0278062024711972
-0.033511753859674 0.0204164707791321 0.347938837040421 0.75005211354811
-0.0676302580588731 -0.044644046973583 -0.511232874360667 0.800232170993204
-0.00279753946352642 -0.036292722124334 -0.664033937370764 0.166279284169673
-0.00154647386431501 -0.0255888310819479 0.0346208049946521 0.0812432342397448
-0.0216116651944854 0.0174340278272236 0.554841101806525 -0.379707009305091
0.00625756019106735 0.0165567001755159 -0.0390260595122193 -0.850550440076427
0.038212950374785 -0.00739421466159502 -0.742982048026915 -0.330491422226343
0.0268184652826763 -0.0319841215854558 -0.479512784938553 0.364595057019334
-0.0265482578230272 -0.0248984453203148 0.0354806466764755 0.38295863056951
-0.0279630119516006 -0.0156911835057701 0.185263361292667 0.0520715549450686
-0.0196779584441811 0.0083833071046128 0.0672703278365039 -0.195154626370735
-0.0244871075549253 0.0164047344561372 -0.0181837444135673 0.200279868197398
0.000711201156008876 -0.00219617598926543 -0.0879697953054415 -0.100295403562164
0.0229614003060073 0.00811237387135157 0.186580558929461 -0.35758038823173
0.0300211489701184 0.0402048944791917 0.547300268836936 -0.0153628821763679
-0.0288943228369865 0.0253347859628457 0.331521753436774 0.758426111027007
-0.0631078508296226 -0.031541231033021 -0.536581015847906 0.783929023867933
-0.0238481499161005 -0.0237851173302497 -0.665089911918178 0.156050506731972
-0.0274905414624099 -0.0133832722735475 0.0417126674696156 0.0784570328582421
-0.0292902215027769 0.0351593819891114 0.550450054463063 -0.393579950172286
0.0176934757842987 0.0246371930970985 -0.0570191186749595 -0.850149900617321
0.0436246994017366 -0.00622706598209538 -0.74504571262913 -0.311952580737541
0.0276159200322107 -0.0208417404431289 -0.463022310373138 0.374597776342528
-0.0214022687183504 -0.00832008836241002 0.0469820025560135 0.380633379704627
-0.021940929964553 -0.00036995744518917 0.190775178993054 0.0474126285743433
-0.0171363716402417 0.0201867092186838 0.0693541942515013 -0.192734310147526
-0.0199594834147861 0.0293556416063601 -0.0219552348192535 0.198798693388861
0.00525675794027047 0.0159857778348467 -0.0910652249580816 -0.0975563612022089
0.0196276074882651 0.0270124815132431 0.179817590885176 -0.361849625161256
0.0259362906795823 0.0498677474297423 0.551203588736825 -0.0325553486655495
-0.0222795935317036 0.0315586902020748 0.355472632295906 0.740001004440039
-0.0595689853951882 -0.0149153517381183 -0.507783244116406 0.790405499421566
-0.0443196637003013 -0.00977773081724113 -0.659985974755151 0.169289284885794
-0.0534007041034054 -0.00235018683280937 0.0364504045656675 0.0812255709694676
-0.036700603269066 0.0514283806882991 0.560860765811236 -0.381676873682071
0.0286145780638035 0.0332403985783185 -0.0282677070682396 -0.854744878591488
0.0490540967156297 -0.00241463489237895 -0.730487288173505 -0.338562560821009
0.0293346170166781 -0.0101596954501906 -0.473874726866095 0.363526524790432
-0.0148291153632461 0.00798280878048343 0.0401168814625768 0.385726052351726
-0.0151377611081878 0.0151665021212137 0.188502696231003 0.053449348235218
-0.0135681530308259 0.0314578253290967 0.0702312693911678 -0.192248677972526
-0.015480042545956 0.039457515979824 -0.0255702437316718 0.19601790640485
0.00831671142063838 0.0312989510174384 -0.10326555092481 -0.0892868328667858
0.0191667975427173 0.0406716311778896 0.153977664783007 -0.371363272824549
0.0240808097852333 0.0562364658928933 0.546974014950601 -0.0745311162036555
-0.0144632553622404 0.0373421678895165 0.422008710703839 0.698226415570942
-0.0547671480361452 0.00405827505016655 -0.429928742726036 0.816582954951226
-0.0605682007565357 0.00567043860332775 -0.649020318777462 0.207725762988338
-0.0752218901236957 0.00771856623389295 0.0196702297784102 0.0876127763258281
-0.047593873825709 0.0655753711745431 0.579831997122652 -0.348637577915005
0.0348310396453855 0.0433510395996152 0.0450940394623564 -0.862492974889009
0.0524443898086218 0.00406458943983185 -0.698870143447836 -0.405225573318953
0.0306167873701969 -0.00023311297289404 -0.498146741359946 0.330530473548841
-0.0107811624989525 0.0202219477295592 0.0180906457672469 0.393514778346742
-0.010982889284337 0.028439031980412 0.181201953626948 0.0653109737704913
-0.0119609123152183 0.0417225320546067 0.0673522371996698 -0.192078582484402
-0.0114655926118373 0.0459825552537306 -0.0338674849982638 0.191664472874945
0.013605261584337 0.0389551837489721 -0.123754105978977 -0.0779093770179903
0.0207102023015912 0.0504979457821286 0.114391400053069 -0.378270411929453
0.0246521978142926 0.0601843398674312 0.53345063276025 -0.137349317608965
-0.00713933702998434 0.0434102773415317 0.510229854174855 0.627220607698775
-0.0484367584329549 0.0193290638659149 -0.314430703550159 0.843781198222897
-0.0662032969552739 0.0204518999234476 -0.627339560578891 0.265644263937064
-0.0886473924780395 0.0131503615507276 -0.00663420055230669 0.0974917943035212
-0.0591885135679235 0.0729888929961291 0.608257032024152 -0.298302915816099
0.0354847988624774 0.0537592452644828 0.157364675386424 -0.861967547636728
0.0534452580673272 0.011652847253453 -0.643434049899967 -0.495763873485946
0.0301528562325167 0.00693898840679911 -0.536167369111548 0.275503287230034
-0.00941399594165229 0.0280064067598435 -0.0211717163830865 0.401972682462284
-0.00805024406144269 0.0380221450883756 0.166338292506985 0.0830635313099256
-0.00986260031259022 0.0484890509700216 0.0620958252260268 -0.192546039689061
-0.0311107691877713 -0.0156238423210375 -0.0372431599735317 0.189162302351684
-0.00914377274810151 -0.0474664462375504 -0.150456223758303 -0.0664372016883907
0.0179313829008943 -0.0512234343780672 0.0579762543172722 -0.376421930779398
0.032268297359706 0.000302764060590967 0.491897033579704 -0.196877035767645
-0.0304261219980898 0.0215330707606172 0.577525862265834 0.556498833078923
-0.0810641973430255 -0.0362185210217254 -0.183467309865597 0.878700294721037
0.0166050940482807 -0.0552646644853528 -0.604564439118557 0.319060919516264
0.0487008449935724 -0.0487055638752982 -0.0472441021206343 0.108561751083292
0.00304312181416521 -0.0139345556143904 0.623428306882235 -0.2323110672826
-0.0158756497216686 -0.000606317726287844 0.261033935525882 -0.835129854128013
0.0215735272488331 0.00019908723263239 -0.592147446810346 -0.570008175616439
0.0357127626973068 -0.0466265764103048 -0.588609539325959 0.21051970767705
-0.0208077080766829 -0.0633416899629449 -0.0815592780201918 0.39840613494667
-0.0304862078623494 -0.0476159851864086 0.136114582377003 0.0976575791453388
-0.0215744846543394 -0.0116247217581296 0.0509061100714704 -0.201668820332282
-0.031175660191298 -0.0133362990707313 -0.0295760749642144 0.192932170811243
-0.00790788748268517 -0.0463670963883726 -0.12734149339151 -0.0816256729116692
0.0232575944044146 -0.0449505379530468 0.108664328453642 -0.372297422193331
0.035692816911731 0.00757618120444814 0.51884913455187 -0.128291584920587
-0.0343356134670617 0.0185916913490571 0.492051222051524 0.647996535781076
-0.0780744175684303 -0.047181684268082 -0.319762704231889 0.859536685960528
0.0179428539329341 -0.0529557651069127 -0.633308386840756 0.255827837827287
0.0394247521436495 -0.0452198752140826 -0.013373754958124 0.097959756771922
-0.00439065627320229 -0.00972173452094854 0.598231429675241 -0.298378020391444
-0.0123446021193655 0.00340407445011327 0.131479082461305 -0.85190934778854
0.0261174240443771 -0.00399309827225622 -0.668797335723781 -0.472215164443748
0.0313549791448405 -0.0460861928385976 -0.548725034198825 0.281039749438155
-0.02580435282177 -0.0554173180002829 -0.0326924216920016 0.392604483411021
-0.0321350573821209 -0.0412142029384228 0.155960217919847 0.0785050970413842
-0.0212072388574536 -0.00821397990027284 0.0568637209317947 -0.200356177947994
-0.0299351292555761 -0.00681580198834364 -0.0237372404398145 0.195334248737445
-0.00549257448951946 -0.0370306292019603 -0.10707214124309 -0.092466131641456
0.0267700902059008 -0.0311067532845966 0.147868142570986 -0.36536387835733
0.0362043741635619 0.0176293259836834 0.533163913121518 -0.0677700941412347
-0.0354543327179695 0.0177585425623071 0.407867194627879 0.712510865505467
-0.0730899867660962 -0.0501436678053371 -0.433149518189086 0.827188499735489
0.0118423111690628 -0.0455451351146519 -0.651693503246773 0.200834387305491
0.0218283880302447 -0.037205972916121 0.0146517444922398 0.087061318024234
-0.0134164645645303 0.00112925154520026 0.572884636177688 -0.347197475138968
-0.00448300888124016 0.00920256947029041 0.0284072051449365 -0.851945719851723
0.0320063154801141 -0.00662670769165108 -0.715272351168663 -0.385508684531299
0.0278942982004856 -0.0410220595322316 -0.508898166222434 0.333604681670485
-0.0287110029325168 -0.0410887171358004 0.00711952620672559 0.386083902724152
-0.0316330908960916 -0.0302243613660677 0.172769335632411 0.061012699644909
-0.0204542124718932 -0.00104761952939574 0.0635066604060364 -0.197868493592109
-0.0282959024277053 0.0036368716794219 -0.0191944452178464 0.197289664532041
-0.00180622868709649 -0.0212708615428485 -0.0922302561496319 -0.0987828550939467
0.0265000645748862 -0.0118821424571051 0.174600688087253 -0.359812574496041
0.0341361989360534 0.0290934774031362 0.541118038115282 -0.0281666304625552
-0.03359366263329 0.0195563150809719 0.348078365398521 0.747929744159861
-0.0679422124512248 -0.0445896770711143 -0.507540717868219 0.795429257864253
-0.00179119789615777 -0.0361802733905462 -0.660234478661953 0.163710698847126
-0.000411147258919933 -0.0266289675846613 0.0343791882202219 0.0814984845724743
-0.0209529467846344 0.0167722722166121 0.553019437693785 -0.378395980975808
0.0061566390057526 0.0162983179130161 -0.0362425220208856 -0.845952650001631
0.0377200553313338 -0.00708317583587132 -0.738335183565912 -0.32809237872445
0.0265628182987819 -0.0321575788664212 -0.477484239847774 0.364903571453224
-0.0261514885976623 -0.0253038412563142 0.0362697989414329 0.381083246803007
-0.0275734338207447 -0.0158580514514835 0.184932512323799 0.0510264299468059
-0.0189399778556193 0.00915024651920286 0.0676752730447376 -0.194342670430256
-0.0246833614630781 0.0153894812217454 -0.0191307834957779 0.198741149917007
0.000681234993288807 -0.00335827129067384 -0.0873206717745014 -0.100932820141918
0.0235756051007179 0.00739148595647153 0.184497234198088 -0.358064856697637
0.0301214804761067 0.0402217480586154 0.546977832731401 -0.0151557879130023
-0.0297402553034551 0.0238842543808686 0.329632384001411 0.756274366364559
-0.0636967732008626 -0.0313257169491653 -0.533826811058157 0.781659144639588
-0.022660445134246 -0.0240014477080185 -0.660749477286923 0.156379766589109
-0.0271758725985337 -0.0137445938525767 0.0417692563121988 0.0793313243413022
-0.0285108972878054 0.034475833696971 0.548258475467698 -0.390561182662992
0.0176908137371827 0.0238791521680291 -0.0576690673358404 -0.844466305174842
0.0437468927161623 -0.00620708185044199 -0.741480524136956 -0.310534950901807
0.028340961905007 -0.0209349189986233 -0.461460852823133 0.375033374594931
-0.0205832778680832 -0.00733258605576627 0.0468076603592757 0.380912520002615
-0.0223816018140237 0.000544729020703329 0.189962912515626 0.047105894467713
-0.0173735058060152 0.0206195215095977 0.0690346542492489 -0.192452497322493
-0.0201703179828753 0.0288677047699467 -0.0215965768227723 0.196787177307055
0.00447653461969455 0.0153505990088134 -0.0904496025539494 -0.0969134492995571
0.0203500363544145 0.0265053215962938 0.178727948201516 -0.361666638417253
0.0267239496097365 0.0484108084009617 0.54779095774865 -0.032272540875263
-0.0224608487546893 0.0314913203848598 0.357617295606321 0.738223916976228
-0.0593711814044439 -0.0144025049277922 -0.504017831660248 0.787096253880732
-0.0436467488733842 -0.0103395825586706 -0.655790554645001 0.168949380590555
-0.0538546189525379 -0.00228743985890413 0.0377529390404601 0.0811004040626727
-0.0371929721423442 0.0520601919806199 0.556557912179682 -0.379326276914974
0.0290075692453675 0.0328359537134532 -0.0272457083437459 -0.8513391823713
0.0486908664110632 -0.0025042780130691 -0.725855024274553 -0.337800740035548
0.0301563673097916 -0.0105329578305545 -0.470946904910217 0.363058171197716
-0.0141716486494081 0.00723495546985287 0.0408701588047877 0.383954139454891
-0.0162305762486995 0.0142651828273694 0.188266073166868 0.0532484277374117
-0.0142547251228429 0.0326624271820691 0.0705353071553338 -0.190838996650636
-0.015125628699178 0.0395233143292165 -0.0263553872985929 0.194280171587646
0.00847689033741696 0.0298208990771691 -0.103638579172363 -0.0892982944211986
0.0184506096635924 0.0415165992235365 0.154196402642447 -0.370944754012504
0.0241657833019652 0.0553473586696729 0.545823368484489 -0.0745380406561295
-0.0157119364241696 0.037628876695162 0.420775547573115 0.69372766564827
-0.0540786687157651 0.00414120286543252 -0.42850167233575 0.812786498420191
-0.0589912763488133 0.00490282745058607 -0.644263603515095 0.206568289140133
-0.0748330530170364 0.00690423886660292 0.0199601909266578 0.0875548478271125
-0.04710499922983 0.0657429136219943 0.575987335329901 -0.347485420461246
0.0345958589484379 0.0433947223558454 0.0456823680040765 -0.85799169818763
0.051774365512296 0.00413484722007646 -0.696010156768273 -0.403535366181864
0.0307934193599039 -0.000291362942882938 -0.496297332746092 0.32984652968919
-0.00967870820889478 0.0210802401269859 0.0173868811818573 0.392074045192464
-0.0110297342728121 0.0282784455808968 0.17981418098691 0.0649842573752648
-0.0115958534337995 0.0417702740367595 0.0671672200485613 -0.191329264614778
-0.011476248073639 0.045144040463487 -0.0330522347322996 0.191131181295425
0.0130817901073352 0.0382288318323948 -0.122780747298267 -0.0767073263892726
0.0213267406476413 0.049774486895199 0.113747110671304 -0.377168699254977
0.0254710347031116 0.0592230400427684 0.532066703385298 -0.137294681695467
-0.00719841778339372 0.0428010053595555 0.509175932342841 0.623233293326479
-0.0480299893818376 0.0200890805373024 -0.312014152368165 0.840339178534515
-0.065187395635773 0.0184683752484934 -0.626286629029249 0.264014055240046
-0.0883331566945608 0.0123156223699822 -0.00661307413743242 0.0969657727056452
-0.059307305939187 0.0730795974091316 0.603547354725882 -0.296064985846539
0.0357763089183673 0.05301730744927 0.156160786419171 -0.857116117366065
0.0537642381060996 0.011954577836514 -0.639348897440109 -0.494276613670776
0.0305251175813444 0.00729211308533594 -0.532895293233519 0.275256286449956
-0.00827462736604067 0.0281847317346978 -0.0209438482630579 0.400966483952164
-0.00858118946578312 0.0382272068759892 0.166477868731841 0.083015065779302
-0.00951023901607454 0.0489483137982855 0.0627749662817062 -0.191860116463673
-0.0310624019903612 -0.0155419272807967 -0.038559859586757 0.187179363004452
-0.00910834203939686 -0.0489394610237368 -0.149527731563443 -0.0663526100084863
0.018266915209473 -0.0508930730778935 0.0599458871260643 -0.375816097013369
0.0337831953889671 -0.000127373654828476 0.491423122993606 -0.195752263254489
-0.0310375630480201 0.0220071058339162 0.577814991215146 0.555384640435823
-0.0808781450667935 -0.0364910571001902 -0.184438253801807 0.875043072844017
0.0171352417881219 -0.0556659909777909 -0.604771950279651 0.316313475198411
0.0494186826721027 -0.0484457020609353 -0.0467848550033434 0.108744616054179
0.00374900750529589 -0.0138856013754366 0.62112494783893 -0.231848411831334
-0.0156352210943503 -0.00110673439235807 0.262266936850806 -0.831507893726368
0.0225683928150244 -0.000415896513608861 -0.590685121646207 -0.569537973428934
0.0359789217296134 -0.0473411874341835 -0.586584061991026 0.209776908696282
-0.0199151863873869 -0.0628550753354597 -0.0816855801086171 0.396611903766921
-0.0310459364879731 -0.0478230929912106 0.135016636678207 0.0976547768932792
-0.0205744734053888 -0.0107794720454789 0.0499552126185242 -0.201361052558666
-0.0311311839567109 -0.0133818633985336 -0.0304457730331343 0.19191840847111
-0.0071596119503004 -0.0463223464540553 -0.126971876011341 -0.0816991471441879
0.0242834733748031 -0.0445805808362216 0.109121452544707 -0.371347619342181
0.0362428294241962 0.00767725298063452 0.518052414523856 -0.127145334379414
-0.0348584584629387 0.0191898040343127 0.491788221497266 0.646192826267951
-0.0782868909226664 -0.0468823445288531 -0.31949399473075 0.85758079194294
0.0191073030369593 -0.0532678241212284 -0.632660925934658 0.254043289388605
0.0408262292550381 -0.0460629546419337 -0.0126482850210906 0.0971479185715373
-0.00424965647167281 -0.00885816424782365 0.595833023940593 -0.296332472605906
-0.0118653401001191 0.00309769594983791 0.131277612534589 -0.84905982516294
0.0261904017066931 -0.00407261252338041 -0.665973810110324 -0.470437825522388
0.0317359567783101 -0.0467081601528306 -0.546986473303469 0.280089085235673
-0.025812292643614 -0.05489534033898 -0.0322293057714061 0.39305491713716
-0.0329810895469191 -0.0408338476386486 0.156201679359625 0.0785789491076183
-0.0215332779688896 -0.00687099205184438 0.0576870197309386 -0.199082383131235
-0.0294140118869345 -0.00704284812800673 -0.0237458425367833 0.193973518755732
-0.0048120544139983 -0.036902322226346 -0.105880969617547 -0.0926477279772596
0.0270085085365099 -0.0310924892494917 0.148181810872909 -0.364155915988268
0.0363476420669778 0.0180405824325142 0.533074217918623 -0.0664068355617155
-0.035723646515831 0.0189285360047202 0.407375964537275 0.711017521140985
-0.0724347358015386 -0.0490319226349175 -0.433506722797919 0.82280346344563
0.0133196418723191 -0.0459552616868763 -0.650268199401576 0.197846470488437
0.0227833270119538 -0.0376952485164555 0.0153027087173068 0.0871610694888604
-0.0136324081065753 0.0014671090386543 0.570702302100198 -0.345099850659453
-0.00447831467306811 0.00941914127032334 0.0297298246744203 -0.847238457281202
0.0323018796906137 -0.00717796041788073 -0.713128521596374 -0.385208882712687
0.0289586337848322 -0.0407708495739875 -0.507297345560785 0.332115300388728
-0.0274863776825424 -0.040550080309958 0.00613033981062693 0.384613363866531
-0.0314820551662339 -0.0294031683475196 0.172260854385134 0.0615253943884454
-0.0210015857550831 8.15146321458196E-05 0.0626409581293162 -0.196758462486976
-0.0272515801542224 0.00348086384650374 -0.0204510518385673 0.196959261717119
-0.00263348353604453 -0.0222178663015888 -0.0919715117866642 -0.0985390569873194
0.0269209833847382 -0.0129319158214834 0.174398330003928 -0.358261913056015
0.034265958427293 0.0286512958966692 0.539003877501582 -0.0270250116846937
-0.0339589863951177 0.0200204865989418 0.349917155702294 0.744015605209114
-0.0676761827699079 -0.0441895899941182 -0.508166917978033 0.792510347789436
-0.00218592175916724 -0.0360523120208669 -0.657277154063607 0.162981206360282
-5.91211002215096E-05 -0.0264474806646647 0.0342767961160245 0.0806330123219957
-0.0208267158448595 0.0165558232152127 0.552411311106792 -0.376384614004877
0.00628003044414795 0.0162956159415393 -0.0371370153255866 -0.843720373825257
0.0378020616746096 -0.00774853858099295 -0.734762650257285 -0.32656140213997
0.0269840760573852 -0.0324099473134188 -0.476482158869945 0.365905693233529
-0.0246868226850823 -0.0247222494030295 0.035211313991662 0.379568312438131
-0.0284930632428236 -0.015570264231974 0.183847341151789 0.0508820184969622
-0.0196959636097828 0.00939001639619837 0.0675591822030006 -0.192802134356988
-0.0233733822742552 0.016337821273968 -0.0189086057824961 0.196839630970857
0.000925138344840586 -0.0033025099983857 -0.0859666606381016 -0.099812847264771
0.0231445104899636 0.00743173653825322 0.185491147485102 -0.357813997696167
0.0299301529280391 0.0390510103347117 0.545492933852942 -0.0147114364883818
-0.0293881827999517 0.0244047730536282 0.328916458298534 0.752537530822094
-0.0637031288105637 -0.0312869324195015 -0.533209444027385 0.777137965707812
-0.0221887760210675 -0.0238340675249532 -0.660481068389503 0.152578817240692
-0.0264263249643095 -0.0142363057830811 0.0423248571458807 0.0781041808625974
-0.0286643961423624 0.0339472535347182 0.545521736878376 -0.389012291534413
0.0180353823779452 0.0235287489567738 -0.0567417238018009 -0.841380049833058
0.0433845464186094 -0.00621528955963262 -0.739473169458151 -0.309540732738129
0.0284535341637948 -0.0212786042937639 -0.460781730261161 0.374779214172343
-0.0191891620910918 -0.00788461817391486 0.0461697268106308 0.378467476802608
-0.0221329038223156 0.000392627034450633 0.189314182769652 0.0477534481730638
-0.0177031593322017 0.0213557512515057 0.0698608999238304 -0.190697622442913
-0.0189809970856769 0.0291446461528584 -0.021891832928706 0.195088999295269
0.00481602645673815 0.014317033426044 -0.0901303085520887 -0.0971563332633953
0.0191197776913872 0.0260497286410383 0.177703157314914 -0.361692855933625
0.0262970450673624 0.0482483149229136 0.546766798802202 -0.0319479752712215
-0.0231065142020404 0.0316507728275513 0.355534750274267 0.73459199769058
-0.0597550995605742 -0.0141661684836478 -0.504113134874285 0.784429613011507
-0.0426288881971009 -0.0116756069002724 -0.654740515761281 0.167600161057672
-0.0526885071088716 -0.00287108060351621 0.0368429655136402 0.0811314120485668
-0.0365306154217669 0.0517586499945791 0.554725088056701 -0.377724095370629
0.028552076894106 0.0320099422738623 -0.0256332145449134 -0.847804704504793
0.0482845566060941 -0.00219480507792431 -0.723476056697051 -0.338022783259834
0.0300559017593454 -0.0104659398774261 -0.469922522709283 0.361964805396794
-0.0132072660552609 0.00778109974440205 0.0396867519712139 0.382699297538433
-0.01646879099568 0.0153932132703483 0.187778943941337 0.0526240076411078
-0.0139321393216552 0.0328346689742346 0.0707666833641777 -0.190836906958208
-0.0153451551488166 0.0391380246683883 -0.0267326292572145 0.1926581624685
0.00812563689638866 0.0292591626924084 -0.103504598797782 -0.0892609759370727
0.0183540198652546 0.0410621545169938 0.153067318005914 -0.370122417740495
0.0251776407913944 0.0548265058200633 0.543679397426443 -0.075129381957282
-0.0150253927536791 0.0372232810123556 0.419975509466105 0.691246226553524
-0.0552519326140298 0.00393273052273088 -0.4267080675347 0.810836980691066
-0.0584602189032499 0.00415715163882534 -0.643009408950567 0.206571145906099
-0.0747704841462316 0.00631915385043717 0.0212339387983114 0.087682020028163
-0.0470427067592286 0.0652273223799778 0.576311068545975 -0.346482687414719
0.0348801913776692 0.04359780428548 0.0466595511362231 -0.855326596350326
0.0522973964286543 0.00346129578440787 -0.692009911135651 -0.401996684750881
0.0302274230921623 -0.00126691317617381 -0.495793015315592 0.331148949746773
-0.00846776686601221 0.0204766902109779 0.0169554437930642 0.391495793272983
-0.0115911305312149 0.0280211324770267 0.180170736634863 0.0653785304180468
-0.0104907512418142 0.0424527303487673 0.0687475175374204 -0.191110730490576
-0.00991280585206676 0.0448588509497901 -0.0333571008648036 0.189395073145306
0.0130130733069576 0.0378648544322707 -0.121426243142081 -0.0766058087246816
0.020700992686901 0.0487034210168264 0.114157418606377 -0.377121012700542
0.0257792778018931 0.0582863860016417 0.531059256099306 -0.137410894412056
-0.00791445669857545 0.0420503474380417 0.504912538113542 0.621751910714724
-0.0476313803736994 0.019506189236623 -0.311511655154845 0.837656960347295
-0.0643174003481519 0.0188091512740696 -0.624007913420101 0.263050635884248
-0.0877219052920441 0.0124130848027056 -0.0060206357841258 0.0967735076713956
-0.0583304966465743 0.0730050900289784 0.601288849992483 -0.293729423900832
0.0349764127575531 0.0524181543006069 0.157514767447006 -0.854350521151679
0.0530630501994399 0.0115070319126395 -0.637137858056281 -0.492751497704493
0.0303601401567174 0.00663361774393304 -0.531535999744909 0.275249872198508
-0.00721979634179737 0.0278970632137541 -0.0204376865590905 0.40023445557816
-0.00785344004587151 0.0374423990086254 0.165130052581752 0.0826384997969772
-0.00908914551120542 0.0494328734985295 0.0626483791999863 -0.191141255283121
-0.0310116602607501 -0.0142429479420156 -0.0393814214107416 0.186140353860645
-0.00928060688680791 -0.0484655225930409 -0.149456005638914 -0.0661315674315808
0.0192882352546432 -0.0507887764174693 0.0592647213164813 -0.376255201638311
0.0327325711568127 -0.000495957901842849 0.490110134107094 -0.19427677963902
-0.0307252025402813 0.0212406101423581 0.577209194214108 0.554980495766765
-0.0819336103864266 -0.0359544924556874 -0.184453799762359 0.874910883910362
0.0182781602662043 -0.0551954184183843 -0.604821704206106 0.315542486653968
0.0491885117155023 -0.0483322816753123 -0.0448788056889238 0.108059159883509
0.00442989816472854 -0.014619694588014 0.618860811904377 -0.230198040216762
-0.0155567662515834 -0.00155150685973228 0.263033918819909 -0.829530981673092
0.0224101245507881 -0.000998492481512702 -0.587721825774355 -0.568959610964924
0.036281056483129 -0.0470533413931803 -0.585586246487839 0.208699222062074
-0.0195676191782333 -0.0628163403908778 -0.0829027960400519 0.396862058195168
-0.0315526790503236 -0.0471027074068542 0.135527951047287 0.0974831988079202
-0.0209077696801943 -0.010058817147397 0.051773375826918 -0.20061890713661
-0.0309060883728801 -0.013579622599437 -0.0314656985578931 0.190806061328789
-0.00797519252587143 -0.0459207046703451 -0.126293504429775 -0.0816654361636789
0.0242523116464142 -0.0450008130630988 0.109324854007506 -0.371931619998559
0.0371381632063609 0.00751051492783457 0.51627836561285 -0.125771443320597
-0.035003442513951 0.0195348924735056 0.492066104172808 0.642985518871162
-0.0781566530634706 -0.0465127501689137 -0.319680345437462 0.8533946537671
0.020599430897842 -0.0531684028925944 -0.632051780966152 0.251827419510491
0.04092147868688 -0.0452408186376407 -0.012468143475299 0.096867341508305
-0.00347717099314786 -0.0095651933564686 0.595248604570136 -0.294629298614344
-0.011866680558524 0.00228719916722476 0.133763131785832 -0.844030417510025
0.026487210969961 -0.00440632355915463 -0.663487003905223 -0.470031367035752
0.0323526737910198 -0.0471454712092947 -0.548090822723007 0.280745773424536
-0.0246324533252006 -0.0547299946698166 -0.034190053707238 0.393837137224232
-0.0331622165445088 -0.0407048385557784 0.155791394363957 0.0790178805019759
-0.021573168175755 -0.00688276436228464 0.0574799994650077 -0.198666235806685
-0.0300624509201964 -0.0063686117609372 -0.0239220142145764 0.192953851385163
-0.00496846473393934 -0.0376234610533321 -0.104941914571645 -0.0930268446448301
0.0278372067249082 -0.0313607094389028 0.14856376635178 -0.36602708285043
0.0362951099740471 0.0178423148013708 0.532939346859459 -0.0656969386555018
-0.0358573840205122 0.0181843359711196 0.406852908300776 0.709015525666562
-0.073273209397528 -0.0490658611756444 -0.432256933368192 0.821927019918853
0.0137682258751864 -0.0465401579636304 -0.648893435752957 0.197765562505425
0.0229179406625775 -0.0375159113486566 0.0158454750694701 0.0876513449413639
-0.0126016952882685 0.00106018299936593 0.568765197659856 -0.343704496015028
-0.00392466475657321 0.0096616981260969 0.0310980491331022 -0.848151185337588
0.0316398216419883 -0.00764063628546201 -0.710190008984282 -0.38403798756977
0.0285913217326651 -0.0415261292072887 -0.507824463056114 0.332496627872854
-0.0266321268456944 -0.040940997290781 0.00597392824693667 0.387293871054075
-0.0329033097295659 -0.0292085838921551 0.172795787125957 0.0625477372841697
-0.0209437089142606 0.000658329142994168 0.064315111067621 -0.196153977323085
-0.0276469461621331 0.00465179940946637 -0.0200105364047303 0.194612746309332
-0.00226752574196625 -0.0232079971272879 -0.0917131081038367 -0.0995971439510998
0.0271530382432085 -0.0131391476452345 0.175434780407708 -0.359712731837657
0.0352212072575825 0.0282007332539417 0.540198178848698 -0.0265471280781891
-0.0340094279976848 0.0201194353262084 0.34565222892564 0.744137461434009
-0.0674968929779347 -0.0432843200021961 -0.507058652595935 0.788270106071487
-0.000294766847000751 -0.0367230504680674 -0.656077937925544 0.161490208116473
5.07072694865083E-05 -0.0272815944656864 0.0352467897377869 0.0804750082566761
-0.0206515610280113 0.0164337339036459 0.551996477255933 -0.375498546395022
0.00689759332594517 0.0160836508959963 -0.0350937462320106 -0.841490140756533
0.0375252845803546 -0.00823587449579024 -0.734795218011002 -0.327745340314537
0.0278611609086831 -0.0322258936646511 -0.476217915109421 0.363230272679066
-0.0240312916601132 -0.0249068612270105 0.0350131002493716 0.381108535697521
-0.02874024869747 -0.0154099711741628 0.184063131954533 0.0513686858501623
-0.0200738829562757 0.0103686312675611 0.0693350840754865 -0.193135274782255
-0.0236903622622775 0.0165098966607059 -0.0199498083786726 0.195613104195416
0.000287092976228844 -0.00459797305337152 -0.0858048514692724 -0.100193971542514
0.0235496304942874 0.00698359678092261 0.186860504682613 -0.357390354104325
0.0311562501013526 0.0381156387226279 0.54341896861591 -0.014359903918394
-0.0293876235389447 0.0255074212359757 0.328479592532082 0.751765221954506
-0.0633502110312241 -0.0316008010693856 -0.534069724500395 0.775013712821167
-0.0218557863706715 -0.0252885507070496 -0.659084834672916 0.150241767600015
-0.0264892319676329 -0.0144216830121047 0.0424587885224138 0.0784287362485744
-0.0274589083938779 0.0347391407742976 0.545731247264222 -0.388374684154728
0.017836544519648 0.023831535557595 -0.0539869703612641 -0.841701262629615
0.0432778961534594 -0.0067808800619515 -0.73581319221122 -0.309935388736445
0.0291821932851837 -0.0220285770611933 -0.462056294957971 0.374358662483868
-0.0189624367041448 -0.00789808982038923 0.0457637581393916 0.379437087913505
-0.0228195280599254 0.000226598120359383 0.189903575892915 0.0473083804740284
-0.0165373137459912 0.0217279865776352 0.070553800021069 -0.191826347947716
-0.018968018669761 0.0295944811319702 -0.0223626217655759 0.194155583334471
0.00321459709341362 0.0133099216043942 -0.0897790348003069 -0.0981277074325559
0.0199168156067941 0.0264805570266968 0.179498811988488 -0.36261334267281
0.026944456367984 0.0477617518959743 0.546225329221322 -0.031054530307825
-0.0239727494067607 0.030521586019925 0.356159677566162 0.734573375910455
-0.0603817574330402 -0.0139120033747012 -0.505569464686555 0.780940951053281
-0.0417256069430507 -0.0114893331566788 -0.653085334267569 0.167605634423612
-0.0529517358382492 -0.00291563897782807 0.0378209701334767 0.0809954575429506
-0.0366651403501271 0.0506455477975786 0.554540401242657 -0.374623505026923
0.0278888111506167 0.0322646929002818 -0.0247596462404525 -0.845914961491389
0.0486354751804897 -0.00181458252768848 -0.722917530485028 -0.33819881475898
0.031410149974387 -0.01068158912458 -0.469260063897686 0.362126649217409
-0.0134856397088144 0.00779333769217151 0.0393126520533461 0.383520600864576
-0.0165702703162292 0.0150915330261614 0.187628912547689 0.0535392918965934
-0.0144162836721002 0.0328706451993379 0.0709496199067106 -0.190906880595686
-0.0145449656490491 0.0383436986250362 -0.0280516840065121 0.191734512214268
0.00763632949311982 0.0274621131763224 -0.102739520619263 -0.0893347669636826
0.019574225385367 0.0416931976745885 0.152911914878976 -0.370528065823703
0.0258014674163823 0.0542215817355332 0.544242071975524 -0.0734830785689001
-0.0168681176753836 0.0370772728695731 0.419456686545485 0.693076191383647
-0.055220964134083 0.00376100292594682 -0.427673174992557 0.807559045389146
-0.0572622492317459 0.00395327750067392 -0.642646236245353 0.204716625345656
-0.0749221621555866 0.00624440024166135 0.0207469178867612 0.0867791568738657
-0.0466632944256132 0.0644017701022511 0.574460672243672 -0.343416752159534
0.0338402551531092 0.0423625679748124 0.0487769878884988 -0.852934794549329
0.0516658462703059 0.00384008341688693 -0.688958508699772 -0.401523041248774
0.0312040256582246 -0.00161988284688118 -0.498224291184461 0.329400010975108
-0.00897431786293647 0.020149673507423 0.0167114577562996 0.392334335104701
-0.0114874057855818 0.0285502186719102 0.179546924147476 0.0654389864032634
-0.0111730001885362 0.0422850763903451 0.0688082019060158 -0.190465317379382
-0.00978224205240177 0.0448213698589324 -0.0345595774256788 0.18788457768429
0.0134048980121454 0.0364917918627736 -0.121457880776953 -0.0768331729804533
0.0210090532708547 0.0493436459869143 0.11411248119902 -0.378409938495168
0.0262015266376543 0.0576884155617717 0.53094769445824 -0.135603430133569
-0.00848847315886199 0.0426088279775659 0.505028754401111 0.621801050456706
-0.0485401518519007 0.019215205109541 -0.313304325378959 0.835150543498579
-0.064973096410649 0.0180528277802644 -0.623665079693407 0.260876381280593
-0.0880377744711069 0.0117138748597462 -0.00542413931881402 0.0959889796210206
-0.0580080334316065 0.0726155678969302 0.601609146454602 -0.291980298478943
0.0348996798608657 0.0525027973994687 0.158294502978408 -0.853357902543137
0.0530944256520856 0.0121596448122401 -0.634249803047237 -0.493112771780087
0.0314170789275438 0.00569488083425042 -0.532522648766699 0.275346383486074
-0.00769290468485641 0.0280841354720011 -0.0207661865869455 0.399688807760328
-0.00854241443649038 0.0379560112966177 0.165007997912956 0.0831903651131712
-0.008770761723248 0.0491220881130121 0.0629629984499491 -0.190953009727501
-0.0310052916092898 -0.0140939634394914 -0.0391902143037426 0.185265147694642
-0.00906770509222714 -0.0489740735819225 -0.148461743276165 -0.0669915988462127
0.0189697833610901 -0.0507614439999985 0.061108786513332 -0.376630311807142
0.0338856139879399 -0.000259457640076392 0.491199980408991 -0.195377649504871
-0.0316406180684991 0.0212531609996496 0.575686607948493 0.554822773589095
-0.0818860493576978 -0.0365870917230035 -0.187318697574348 0.87350982329463
0.0186867801008641 -0.0557307595685601 -0.603846973273548 0.314032075580844
0.050055436436785 -0.0490921476971036 -0.0452580719987999 0.108266417079645
0.00476235965403973 -0.014461524482645 0.620143923169522 -0.228841579172739
-0.0149320777300811 -0.00188563677481619 0.264369991443379 -0.827750036541668
0.0222551024179459 0.000178915144265394 -0.587885171067966 -0.571525434120054
0.0376507473056024 -0.0472654316738457 -0.587646463036598 0.210130839768128
-0.0190305574251193 -0.0626269662009787 -0.0831476450545512 0.39763171545096
-0.0318197465099138 -0.0470139037340298 0.134798628089979 0.0986003705281581
-0.0211193968031184 -0.00867512293548129 0.0527691628045828 -0.200480712425693
-0.0311203663553984 -0.0117341669920719 -0.0310006566612991 0.189780449244931
-0.00754184502131639 -0.0475804927652166 -0.126036380296185 -0.0819714523350936
0.024810653749915 -0.0440424854693743 0.110357074485924 -0.372098202983387
0.0368316050439674 0.00786703046868295 0.517432627697368 -0.125839147864522
-0.0361473494207573 0.0193043360424558 0.490881075571279 0.64573920516622
-0.0788912581281883 -0.046426879234064 -0.320096983880907 0.85410214989293
0.0212269136100466 -0.0538417849143538 -0.632986726294842 0.250945951571212
0.0412847422988124 -0.044966591905937 -0.0121871737996911 0.097105313696911
-0.0037221047217836 -0.0101912793247629 0.596413117362594 -0.292032635228745
-0.0122865093127892 0.00265356791044602 0.133842868202347 -0.846302637057824
0.0270499785352997 -0.00427450159292902 -0.662186088111173 -0.472034446087528
0.0321129919140899 -0.0470360000908381 -0.547966578692757 0.279471060770174
-0.0230988769513997 -0.0545014303949986 -0.0351556532561324 0.39309194127455
-0.0340173809123637 -0.0408596929844041 0.15639815375509 0.080200689423129
-0.0224817136018137 -0.00606360534039535 0.0585907467594605 -0.19824739384395
-0.0294212757749603 -0.00588723169936262 -0.0244974023062765 0.192769438270729
-0.00568100776043393 -0.0384010448673604 -0.105746145716992 -0.0928547469479122
0.0276329564535501 -0.0313406892058045 0.15009478221422 -0.364583636523622
0.0368889494870948 0.0173212297004648 0.533121361665179 -0.064111325821706
-0.0367163311180604 0.018603798348809 0.407459827088328 0.7094545191538
-0.0726625140450189 -0.049737964934156 -0.431917915585447 0.819119875759126
0.0146899910160064 -0.0467174067673924 -0.648897097402047 0.195162344068164
0.0229683595182745 -0.0377551441454746 0.015771302814969 0.0866542265889402
-0.0130053084604808 0.000766685742176428 0.570065821394792 -0.342219963919215
-0.00439019908866749 0.00937009054932901 0.0338674213577238 -0.845776675178854
0.0315422278175492 -0.00759321961610842 -0.708919825207339 -0.386746132205873
0.0295472595395049 -0.0420166581952739 -0.508375378253528 0.332745515738188
-0.0268004657657638 -0.0405666806060483 0.00554908694540447 0.386951926645804
-0.0336258877917892 -0.0291771306527784 0.172666378610919 0.0631752911357876
-0.0214172294709503 0.0013373802114529 0.0647034050839481 -0.196212392700721
-0.0265507803584641 0.00356450115678441 -0.0215229904018141 0.193751470036532
-0.0028328363864236 -0.0226233794548966 -0.0909799298092542 -0.0988216920975598
0.0270615450413643 -0.0121823579689187 0.176714918768275 -0.362090483939471
0.0355725280778269 0.0283684705360575 0.540599586408622 -0.0249848984473775
-0.0343948359203905 0.019886618170672 0.346714579608764 0.744980600086337
-0.0674350439687735 -0.044252521191301 -0.509539637229981 0.788221324798179
0.000131482154240537 -0.036799331808183 -0.657488856934087 0.158162392192936
0.000484543843490512 -0.0268751857625838 0.0355114889411368 0.0809500990993632
-0.0208248792722249 0.0164364655143205 0.552250798492606 -0.374703168418271
0.00625055436525006 0.0152147029484007 -0.0325399409420278 -0.840676883638437
0.0372195454002777 -0.00749658429784482 -0.732460972443613 -0.328917523023737
0.0286028041069875 -0.0333747327108341 -0.477044711276234 0.363378943638571
-0.0235995367578757 -0.02405894918275 0.0342209970784107 0.380924420164632
-0.0298498396163684 -0.0149917825856556 0.184108083421255 0.0516931748265862
-0.020147680525572 0.010838593637615 0.0694126515606192 -0.193251861542741
-0.0232674374868627 0.0171197570905341 -0.01982601424529 0.194732310066055
0.000187724491709931 -0.00504296767288479 -0.0854983771201918 -0.101159491495747
0.0234804672437456 0.00822769632097044 0.187214793327888 -0.360272448865559
0.0313313325707897 0.0391081947165004 0.545378358089911 -0.0136345897115283
-0.0296190900615434 0.0246227525428437 0.329845591255936 0.752962037275892
-0.0642056317661698 -0.0312729262583377 -0.535052495486531 0.774063911557096
-0.0209383418122586 -0.0252284477535757 -0.65871845352865 0.149860106355689
-0.0267247258639268 -0.0152208075083362 0.0430852355073013 0.0779825386095795
-0.0274722074835407 0.0348075669595355 0.546304465886175 -0.385180558696222
0.0184913344679815 0.0236736675794844 -0.0515468681374369 -0.841777271809153
0.042756715594266 -0.0058515462780787 -0.736722735238185 -0.311257290703723
0.0295485341816992 -0.0217879162738713 -0.463737491469102 0.374763998372212
-0.0179848114932168 -0.00770323313041545 0.0457908453311629 0.379953500557012
-0.0233318489378619 0.00109175117472851 0.190221947429539 0.0479266037270309
-0.0170612250209159 0.0220968070425057 0.0721582791641724 -0.191274561616532
-0.0188286496734633 0.028724201545825 -0.0231023491224557 0.193289917408847
0.00391297194619878 0.013117108249899 -0.0893033057487812 -0.0984551170474073
0.0207735460476636 0.0263500936949307 0.179840366755639 -0.363025120206485
0.0272073559734861 0.0476852633047399 0.546866513796148 -0.0311024854579217
-0.0239433905884678 0.031101991751417 0.3549547820696 0.734607981970433
-0.0601650153079034 -0.0140549254758858 -0.504294264203004 0.779731534317062
-0.0413970460676802 -0.0118065923321049 -0.654822712755028 0.16327297717791
-0.0528329484032782 -0.00297055104014139 0.0377273000958268 0.0809282316456467
-0.0369780750460565 0.051485521954791 0.555661304570191 -0.374258271404045
0.0278332650174472 0.0322894725544761 -0.0226074422976379 -0.844018984136683
0.0479595123779008 -0.00226313287825079 -0.722602592757803 -0.338204162861098
0.0311034217847793 -0.0112250977773631 -0.471433406458346 0.361549067713917
-0.0120587621698947 0.00755195742836985 0.0396295865318871 0.384554056628259
-0.0176501580894939 0.0157095618396081 0.188297318245499 0.0536350084737211
-0.0142771363338625 0.0330038678941919 0.0725478583872776 -0.18974422916385
-0.0140546394633541 0.0390123730157529 -0.0286525759431992 0.191759126127977
0.00786706048603217 0.027500019899646 -0.102486412272521 -0.0903446581086471
0.0198226659665078 0.0409212204960697 0.154820378637947 -0.372431449867114
0.0256707807078437 0.0542380558619793 0.54444939985664 -0.0731542334290015
-0.0173282401095579 0.0376912640643193 0.418336057215795 0.691837596620606
-0.0558582554341442 0.00475379107681849 -0.427703654870008 0.807970675598591
-0.0575775962489237 0.00268608191851891 -0.641428362219628 0.202620626179602
-0.0744250696224022 0.00606542994641027 0.020938749414946 0.0862996216274083
-0.0466801147776713 0.0654684411207585 0.574993028190176 -0.343093688952063
0.0342130814766314 0.0422705593589945 0.050819438520322 -0.851707821304673
0.0527604536296379 0.00425185168722072 -0.688628779064025 -0.402312886677726
0.0314216145646667 -0.00201093379631581 -0.497471621159155 0.330054874339436
-0.0074229213894797 0.0200772900679259 0.0171675284558429 0.39115429614295
-0.012297337828118 0.0285094530886041 0.179319081800208 0.0659468927869121
-0.0107228758230682 0.0430892717264841 0.0697803729433201 -0.190423699698201
-0.0103051482743965 0.0444580258031842 -0.0352222771912382 0.188007432492325
0.0125089046593635 0.0363843244446173 -0.121007521065951 -0.0777344332447073
0.0211520910297032 0.0482418290309822 0.115518681059882 -0.37868538626259
0.0265678475906465 0.0579560383612503 0.531923781650699 -0.135798678190184
-0.0096707553861493 0.0428858922639828 0.507221366625726 0.622492834318986
-0.0487745497997855 0.0203229116984327 -0.313630936142412 0.833940759363687
-0.0636996659067328 0.0174551745026003 -0.623094003664364 0.260684902174093
-0.0884389785821215 0.0120095000221109 -0.00507188485586059 0.0954353320950053
-0.0584003680162938 0.0722866861317937 0.601243488260141 -0.292023077832501
0.0350652075258663 0.0521261305118071 0.160708341870571 -0.852905706841006
0.0529401158899477 0.0124741090080839 -0.633679365510631 -0.495561712511749
0.0318191217591417 0.00568660141416997 -0.533085164403666 0.273609436621604
-0.00679377395674378 0.0279100522182758 -0.0210187080140315 0.40050122332195
-0.00999530627554134 0.0376397714270601 0.165055597018244 0.0842180475709478
-0.00851660173440777 0.0494464427696222 0.0634229346960244 -0.19096709020275
-0.0299158523420522 -0.0132311686465566 -0.0401317244500116 0.184989822932735
-0.00990275132079035 -0.0493874569449674 -0.149747485992881 -0.0666281024452472
0.0205559117205694 -0.0502555030764617 0.0616269041634507 -0.378140874900566
0.0351259177616529 -0.000348421245108477 0.491876421737121 -0.194279416333225
-0.0324083635831979 0.0214529078749371 0.577825601464104 0.55697916435387
-0.0823720830346303 -0.0365096525014915 -0.186865245023577 0.874522281547832
0.0200725709601553 -0.0558857269957585 -0.60639267259981 0.31283694140769
0.0502844462204703 -0.0499677308421062 -0.0447562014702239 0.108615329042607
0.00516897957669368 -0.0148390463792784 0.62025129193118 -0.227405095597457
-0.0158633652642363 -0.00204260210908688 0.268710780211581 -0.827772853201154
0.0222559741968596 -0.000335061442331826 -0.585630657363016 -0.57185697822935
0.0377523183638333 -0.0466561815461432 -0.590087426909609 0.209757717848386
-0.0178952298337909 -0.0633893200689008 -0.0836684415550984 0.399443680954862
-0.0324953613098644 -0.0461819268324371 0.135676698269401 0.0991352981352025
-0.0216367718601533 -0.00874436251912614 0.0527372588984014 -0.19960688841964
-0.0299412002291496 -0.0123445662397191 -0.0318263423727365 0.188982328355317
-0.00781053630366932 -0.0478206679675441 -0.125352421322761 -0.0815488826002733
0.0252686411730207 -0.0443839612272253 0.110332899387616 -0.373541937139432
0.0376574829938323 0.00714409807937325 0.519464896943547 -0.124782054511637
-0.0370228825316959 0.018794208139909 0.492408702374702 0.649176839755449
-0.0790718634717319 -0.0469158855105272 -0.32283146990112 0.853577389440843
0.0228575665669782 -0.0542465463128809 -0.633238940774971 0.248806978788808
0.0416388973379549 -0.0455309844916118 -0.0121188026462161 0.0970497862341637
-0.00270466505958229 -0.0109898302296306 0.596723291870918 -0.290814541034346
-0.0123267285882989 0.00229276903271523 0.13751671760703 -0.845655134378312
0.0264055604302355 -0.00463750459799475 -0.662697731433651 -0.472794733649065
0.0339421114877272 -0.0469982371602298 -0.549103696691926 0.278481024805792
-0.0230189922407722 -0.0545315683776481 -0.0346306686868846 0.395637729072514
-0.0346366686995672 -0.0405042037837874 0.157073897461123 0.0797764813984292
-0.0225545802342226 -0.0049522182166828 0.0599565376172523 -0.198622689617594
-0.0281025712527723 -0.00603244802064087 -0.0259942276619039 0.191894028702019
-0.00555294147774236 -0.0382842454430684 -0.104470812423394 -0.0932428247578053
0.0273986754852197 -0.0312499962588795 0.151170315241137 -0.367959443705389
0.0374334938189379 0.0173871878882409 0.534414476475851 -0.064224494351685
-0.0372935009893274 0.0177783626085042 0.406567488396678 0.712481057987234
-0.0732067697134649 -0.0500143609758793 -0.435468509186165 0.820829845168916
0.0162865356259686 -0.046775038423239 -0.651480578761144 0.193711322920576
0.0240054623155219 -0.0381488445403076 0.016435349554577 0.0874235179080335
-0.0119083002507607 0.000449558502424417 0.571316460764129 -0.340193508277276
-0.00474756901089652 0.0077198083165585 0.0334976266048038 -0.847527820757368
0.0318675721314229 -0.00703540549562335 -0.710379361644768 -0.38791487000843
0.0302559667193559 -0.0422413756874253 -0.510096338841208 0.335193895552378
-0.0256468751764419 -0.0408421619172005 0.00543747848438349 0.388772869867031
-0.033943732575178 -0.0290716685348066 0.173164014311117 0.0634462710951934
-0.0222776412984483 0.00109727739319317 0.0655749344596587 -0.195404348087317
-0.0263692546921118 0.00530460555634206 -0.0225039042446992 0.193909482127525
-0.0033860073536808 -0.0237042989104541 -0.0912400393793845 -0.100138517369754
0.0272393305792035 -0.0131088735547543 0.177072597026419 -0.360993063810804
0.0363948856250959 0.0279697927398546 0.54231647963912 -0.025810871111928
-0.0346317484396629 0.0198975253898725 0.347260535673717 0.746126424076636
-0.0683739488737259 -0.043798844397108 -0.510409609947959 0.788138170337136
0.000649792816653824 -0.0369244791544077 -0.658669020668627 0.158134343484049
0.000380340720768841 -0.0276678564341984 0.0353779178074032 0.081311741995278
-0.021151827985901 0.0161752144939902 0.552908928440396 -0.373449914948669
0.00671953994403422 0.0158936613738737 -0.0318992546700543 -0.84228596431673
0.037932681457074 -0.00815365201730978 -0.733857242719184 -0.331472206013392
0.0291686826581216 -0.0336882996472613 -0.479374960975471 0.36521982823943
-0.0229165967829547 -0.0243361023794985 0.0346306071799655 0.383430607426087
-0.0295050575476454 -0.0145412238102101 0.184706435499941 0.0526850619322042
-0.0206935865983068 0.011571335844667 0.0703638273803479 -0.192723618119714
-0.0222927971927715 0.0160493562865825 -0.0213218715311844 0.194325944220461
-0.000191795545772971 -0.00508907435693357 -0.0849007164280635 -0.101965903208232
0.0235241088679541 0.00745594201263722 0.1879739969707 -0.361708906147044
0.0322214767589494 0.0389469459249902 0.545592317628378 -0.0118532733594579
-0.0311669028186967 0.0249575031838374 0.3294959869161 0.754690434696074
-0.0631836886521316 -0.0310387644427186 -0.536036727877872 0.773086434246326
-0.0201522635037297 -0.0255317967804226 -0.659976954450811 0.148435461943989
-0.0267854471687662 -0.0154517088899629 0.0439365285434993 0.0786544372385442
-0.0277389362751805 0.034167739009318 0.547872360343917 -0.383998402960939
0.0188700007928188 0.0233247462490693 -0.0502980581727576 -0.842066081252991
0.0427963751439135 -0.00626011243193907 -0.735486499986512 -0.315027104334072
0.0303011504566829 -0.0221584139124268 -0.465123801180785 0.375431109922873
-0.0179100213381363 -0.00799428135129761 0.0453627183345558 0.380739895168416
-0.0244340650707157 0.000629728915118977 0.189406398113265 0.0484491628530308
-0.0173632500701134 0.0226162744180512 0.0730048698976884 -0.190794252097585
-0.0183512147597153 0.0287600707814029 -0.0237957970896036 0.192993555129168
0.00294791096419835 0.0127676666691859 -0.0885775662128083 -0.0989082264060017
0.0202814954659129 0.0258035165413487 0.180842618930538 -0.364628739954784
0.0283312550415876 0.047567063014398 0.549463632815363 -0.0311644297778988
-0.0249540005899516 0.0312511799136378 0.355526944852759 0.736942102109255
-0.0609712194997231 -0.0136366929172337 -0.506689341190592 0.779646652453554
-0.0410209828824431 -0.0131061455046343 -0.655658379238872 0.162491828633837
-0.0524857432055026 -0.00346048756683892 0.0385271936566118 0.0797932213521146
-0.0370310711648726 0.0511409699701463 0.556353547986097 -0.373589310528438
0.0283533271078779 0.0325664253047186 -0.0203362108605126 -0.845771371687135
0.0485415236362476 -0.00236379276037888 -0.722160581252215 -0.340022440167951
0.0312993383973427 -0.0119168976542662 -0.472836757709181 0.362408026787015
-0.0118969867947975 0.00747950669122593 0.0401037869416109 0.385884019071869
-0.0181551905293754 0.0155644518752657 0.188076318902471 0.0537702997441383
-0.0142497919013093 0.0333950516554112 0.0741351034520397 -0.190136043836245
-0.0132379625216361 0.0387862291028522 -0.0282344800317862 0.191215738214965
0.00823504150848735 0.0268968094317963 -0.101815240491137 -0.0913557804230278
0.019171593404285 0.0403658089624755 0.154474063252626 -0.373644118317054
0.0258054932456218 0.0541102195281714 0.545903269114397 -0.0725904658361889
-0.0170040600127893 0.0380020717746604 0.419344543195491 0.693725030888188
-0.056255716303036 0.00467345308978694 -0.430641208021315 0.807977427733601
-0.0569705567234368 0.0021175386084502 -0.643048040165069 0.202131813676406
-0.074401059888133 0.0050040730560145 0.0219695414049285 0.0855807503399023
-0.0464543539650064 0.0647220463638377 0.574734192942116 -0.342495143591389
0.033920093699615 0.0426686397056469 0.0523226213739074 -0.854378454690243
0.051777401990011 0.0040004313141988 -0.689774100760624 -0.403791883009452
0.0317573783516883 -0.0021440187211855 -0.499595919561654 0.330722926464779
-0.0077036451968739 0.0199122551903613 0.0168775824639269 0.393200397563214
-0.0129547435801992 0.0293710330419123 0.180589194817201 0.0663743319378297
-0.0105569084471125 0.0435867228974945 0.070176130742297 -0.190236336314094
-0.00932528412932839 0.0448205406035255 -0.0361273085206965 0.187070974933622
0.0121080690643404 0.0354879274082579 -0.121555343287581 -0.0787593760862755
0.0211694110352063 0.0481203052260092 0.115865391285982 -0.379774950520898
0.0261807911797439 0.0573578589863502 0.532084723797379 -0.13552081773271
-0.00961336120961766 0.0427388826557347 0.507469121006799 0.623121528112939
-0.0483436573956533 0.0194561885425504 -0.316586925137475 0.834170111151969
-0.063291303763361 0.0162333232358861 -0.623723667971605 0.257244079641372
-0.088472740156048 0.0114400931287913 -0.00415322204155907 0.0951041207597602
-0.0578517300397789 0.0721462606799372 0.602151835294806 -0.291114787950588
0.0346306459265454 0.0526580032716406 0.164021790147937 -0.852822165601295
0.0518350130562706 0.0118846135800581 -0.633745884389578 -0.496766237713552
0.0313566478893611 0.00489067515563088 -0.536498961028698 0.276060016925497
-0.00671465373599526 0.0278593333641972 -0.0204596603845083 0.401935253797507
-0.00971836675307517 0.0388140713754872 0.166137170114887 0.0840846657110828
-0.00893717186865793 0.050188254001387 0.0654817510086026 -0.191296420620835
-0.0296704313338403 -0.0121209573992855 -0.0413798944595829 0.185054709528317
-0.0103124773277823 -0.0498244519277889 -0.148768421263096 -0.0662798848060668
0.021084027443808 -0.0508072915880467 0.0616153737647823 -0.38038177207839
0.035908739714085 -0.000959589607235051 0.494313603099964 -0.195043713594803
-0.0330593760069942 0.021081579279323 0.580799248309615 0.559229256859037
-0.082607708869714 -0.0365159154528036 -0.187796720493301 0.877488071860487
0.0210790067081649 -0.0566442584974993 -0.609054430183976 0.312135235908504
0.0512078936659568 -0.0504847857352328 -0.045469656047339 0.109094245879944
0.00561684380721556 -0.0143185746126865 0.623258517203539 -0.227040867838463
-0.0153752790392282 -0.00187331231813719 0.271112182357062 -0.831801340436301
0.0225511225401261 -0.000600260822733706 -0.587521550584112 -0.574120983614666
0.0379839952257089 -0.0481662225148146 -0.592544132472836 0.2087982433852
-0.0171773468367317 -0.0622409992197486 -0.0836376602625544 0.401404293528126
-0.0326463283116299 -0.0458508420049777 0.137252539958386 0.100370633748273
-0.0218558868822517 -0.0081147580738264 0.0532946294020644 -0.200702815375933
-0.0288968503000196 -0.0111923735998053 -0.0330396328877634 0.18855576513905
-0.00779779859832216 -0.0484079721545877 -0.125678833363634 -0.0835909860882025
0.025756756582698 -0.0447839126443941 0.111668194842745 -0.376054640875087
0.0389753145148836 0.00672559814665098 0.521092542743971 -0.125680866475513
-0.0367503231289271 0.0195087454187548 0.494642970282581 0.650630463539569
-0.0796602113288509 -0.0469658211654089 -0.323260542581363 0.856674628010497
0.0237785037432347 -0.0550629703074633 -0.637029527254661 0.247433099363861
0.0416274872107326 -0.0462405310038226 -0.0114725153884597 0.0969951053153224
-0.00298449583341343 -0.0109996220236016 0.598894513690565 -0.291709411713755
-0.0120420979824799 0.00286398694775753 0.140357103208808 -0.847625304041011
0.026541003654424 -0.00463905449235481 -0.663896615319821 -0.475217010697653
0.0338250290510129 -0.047367984687376 -0.551851147440781 0.281334651734524
-0.0229109671232595 -0.053753797305291 -0.0350272471713261 0.397842461558207
-0.0349056560205747 -0.0402193679754859 0.157341525165173 0.0810890377038514
-0.0221036329647387 -0.00436389622715942 0.0609659347040052 -0.197998437896133
-0.0289792068079373 -0.00510631022825135 -0.0262602198845916 0.191379376049798
-0.00525055202463534 -0.0394131530620121 -0.105398526046761 -0.09457549204595
0.0282105282456753 -0.0306626497050049 0.153150580309298 -0.369725751899527
0.0385422541484241 0.0167581247527466 0.535875334195524 -0.0657174291705014
-0.0384975394093357 0.0183980533861656 0.409041928257511 0.714804382177501
-0.0731156427881376 -0.0494912321807954 -0.438844174601317 0.82192787887008
0.017238080788164 -0.0471547552567666 -0.652965059463052 0.192945654838009
0.0245138300043492 -0.0387339630959819 0.0164662451307945 0.0882093807398358
-0.0121780696104931 0.00144802144563388 0.574544462049093 -0.341966562264293
-0.00408277066806753 0.00825552141848251 0.0365351626179074 -0.849437474516792
0.0320674034880978 -0.00785501247431551 -0.711840859764533 -0.38995344925522
0.03134314710897 -0.0426057847863566 -0.512957840514482 0.332873850352482
-0.0259571406028628 -0.0409952038718421 0.00385581407780496 0.389771437122277
-0.0344423344512015 -0.028868747623689 0.173992777373157 0.0641395799444519
-0.0214371461013725 0.00235694600582017 0.0671763347430909 -0.197000953347812
-0.0260625550162271 0.00437301274694784 -0.0233590262575953 0.193583969911198
-0.00273456743144576 -0.0243882666396148 -0.091625879113608 -0.101400593946639
0.0278564586419692 -0.0126475482209978 0.179293100170396 -0.365676663793871
0.0367988665434102 0.0273452895523493 0.543549961765707 -0.0241203675970066
-0.0360525664629519 0.0213758063755293 0.349075576055612 0.748028263245657
-0.0682931512291416 -0.0436368962463082 -0.514765742034042 0.789459154765566
0.00121508899110276 -0.037256432933394 -0.660570009078049 0.157103268112894
0.00128066305969017 -0.0276934978977001 0.0368522874841138 0.0808608914698677
-0.0202722154604186 0.0165531075847449 0.554645971906808 -0.373526639722242
0.00714064935659747 0.0161715113228719 -0.0291095861747558 -0.845670906396167
0.0378031708839107 -0.00805069760479119 -0.73498347163484 -0.331395620527393
0.0295862869411813 -0.034058503924716 -0.481730527797681 0.366558280545306
-0.0220754390138862 -0.0248195202423183 0.0335091915613743 0.385607490494498
-0.0309524606657251 -0.0139857778322484 0.186246368158482 0.0530034257535385
-0.0199474274814894 0.0128357189314492 0.0719451504850031 -0.193481991757489
-0.0220627983894923 0.0165086925891437 -0.0214520134962053 0.194667639562636
-0.000305711320144231 -0.00632537332518449 -0.0849607880014972 -0.103010581410599
0.0229996289017505 0.00687880003676429 0.189679648592519 -0.362690409269665
0.0331480626246685 0.0381506252414097 0.54800478952032 -0.0118219631883289
-0.0320572814523389 0.0252672749318887 0.330550293791088 0.757211624606836
-0.064258715666657 -0.0304081807210369 -0.540211168347546 0.773986465543764
-0.0194309461761073 -0.0257672328198431 -0.662818120571825 0.147332805847236
-0.0266442962362391 -0.0157078045837359 0.0436597023159571 0.0786079776671336
-0.0278346018756254 0.0341219140358692 0.548759852198002 -0.386390040429008
0.0181637755587215 0.0231049956866246 -0.0474766628505233 -0.844295652150821
0.0435685576286198 -0.00583886113886391 -0.737246008574018 -0.315482339806987
0.0301084326889343 -0.0233465363967687 -0.467923545432905 0.377011900736848
-0.0173804936953765 -0.00732220699939791 0.0464247349307929 0.384232374664544
-0.0247849753393086 0.00135542533312375 0.190214496243449 0.0495329124468539
-0.0171034081090916 0.0230889213247773 0.0738053027887631 -0.192314585410433
-0.0174210597959479 0.0285193560024292 -0.0248181972364058 0.192622348788209
0.00259236430171239 0.0120795793891963 -0.0894877334120608 -0.0994559074286546
0.0198503824611333 0.0255755972982651 0.183893342819328 -0.367964689504522
0.0283857419006965 0.047004439848183 0.551181197288887 -0.0299288984517181
-0.0250792912542552 0.0322972189059206 0.357676669222208 0.740055835230937
-0.0610569676482258 -0.0132199275149064 -0.50920435710651 0.780260118898462
-0.0411140490209015 -0.0130709005532409 -0.658097877345301 0.160728517747229
-0.0528848931211011 -0.0042583749410275 0.0388687068113424 0.0800465445214575
-0.0362885986088222 0.050573217466289 0.557412913723665 -0.374926793426931
0.0280810403759273 0.032134182597511 -0.0179110226347507 -0.849063788513533
0.0473791371841059 -0.00168709287049876 -0.724978643876894 -0.342868926706158
0.0318758613376429 -0.012633427878147 -0.475216738952982 0.363605607514751
-0.0110790935191826 0.00762950868016068 0.0401444824124133 0.386910818010644
-0.0182560262989788 0.0166105686323973 0.189478920486546 0.0533789171974959
-0.0137590012612377 0.034822635809275 0.0747626254212055 -0.191371759078428
-0.0123388817240093 0.0394854380565501 -0.0303486225570424 0.190756683083806
0.00682797297676463 0.0270920850324794 -0.102411148265823 -0.091962522318163
0.019264274726722 0.0409776126229335 0.157002690744771 -0.37573066103049
0.0256490926910028 0.0535788363810831 0.549212612601828 -0.0720842124792743
-0.0179487310903275 0.0387275772864425 0.422384782671817 0.697052700668881
-0.0558914720444866 0.0051781305234871 -0.432968719825432 0.808196217843085
-0.0567644314654527 0.0012794625849162 -0.646796684256364 0.2012948478035
-0.0748331797032614 0.00490261024667657 0.0214154315675672 0.085694243537488
-0.0467145919307353 0.0646328395696154 0.577752600571881 -0.342862947921495
0.0335806554790348 0.0425874072577613 0.0561659270350673 -0.856312842171203
0.0519873705631601 0.00364220077202489 -0.692456384245848 -0.407410395865976
0.032271419762016 -0.00251641267406203 -0.500842313089758 0.330362220020604
-0.00824592553160109 0.0192504274757128 0.0164011874961793 0.396087617429831
-0.0133066216776474 0.0295211649047837 0.18010161929722 0.0665372806272733
-0.00980338000376083 0.044274604349621 0.0711874146034875 -0.19118646960548
-0.00913843777973568 0.0453604000562723 -0.0364307934488841 0.18696085014606
0.0114258422908643 0.034521077714025 -0.122249167993355 -0.0790805407569416
0.0211537180671999 0.0486354504167169 0.116665214611646 -0.382747095577263
0.0268963136707756 0.0576589160471335 0.535860185890881 -0.135207514328585
-0.00976266708292952 0.0438625676563078 0.510709408065088 0.625672264075542
-0.0493391518682301 0.0208108711431743 -0.318944225231618 0.837265876840385
-0.0638203357615355 0.0149826840707715 -0.627118135184008 0.26042461939575
-0.0894899992085108 0.0102789345295857 -0.00432513620643584 0.0954486444390261
-0.0579685105152986 0.0725921969696402 0.603397023026018 -0.29041186764677
0.0343962758819283 0.0521084396166069 0.163990330996348 -0.855463874584297
0.0522592957154224 0.0116908910546748 -0.635514935015116 -0.498526157920377
0.0313745576981587 0.00482483180454236 -0.538282121168058 0.275921175636484
-0.005584650361099 0.0278063138677068 -0.0215839086539855 0.402808832479078
-0.00995607992304572 0.0390649169441457 0.166378618551012 0.0843037244412174
-0.00841499151950652 0.0502746223012438 0.0660506532044874 -0.19156081203133
-0.0294840866940241 -0.0124224805395391 -0.0423805538786102 0.185106519788466
-0.0100382064016614 -0.0509588244312954 -0.149688192888259 -0.0679169682432868
0.0212077261927603 -0.051352672215002 0.0627189621061039 -0.383545679690485
0.0363054824303896 0.000228391509554608 0.498663455472503 -0.195199374842525
-0.0334122140809979 0.02222679206865 0.586161369619724 0.561196846119911
-0.0834340421978097 -0.0368336942848228 -0.188363211774602 0.878925700175001
0.020906412627103 -0.0578236162291687 -0.613820681782249 0.31172879238819
0.0515010465487106 -0.0506993357390957 -0.0449517070131203 0.10881017936579
0.00555271800105544 -0.0150469336088378 0.626459207294482 -0.226718894457343
-0.0148639959337187 -0.00224076203834966 0.271851290016177 -0.832860996269538
0.0220144603921547 0.000200554888619548 -0.588721679775575 -0.578775459207438
0.0386169660110056 -0.0486098674911921 -0.596112606607068 0.213030453869852
-0.0166283660055122 -0.0632847010348331 -0.0847887080212017 0.404658306939079
-0.033658307744556 -0.0465396500799812 0.137975137666438 0.100633217844143
-0.0218414846487065 -0.00659016205714936 0.0548787326558965 -0.200972659605139
-0.0297075078962971 -0.0103703642595079 -0.0338638226807466 0.188945273689345
-0.00820050265387148 -0.0494198817558618 -0.126019732948555 -0.0832422365686617
0.025908031737307 -0.0450940814055229 0.111973116196603 -0.379066422740214
0.039506347347902 0.0071302428603604 0.525147387224053 -0.126407589925019
-0.037848916468058 0.0198048685299405 0.499033752797183 0.652694677367821
-0.0800175874733647 -0.0472159973129797 -0.327045906108432 0.859677642145529
0.0239987936597274 -0.0552717884905144 -0.640846113563415 0.248330982026513
0.0420917014139449 -0.0464761147697194 -0.0109257749375001 0.0973384168619393
-0.002207972418225 -0.010136867735288 0.602130688855088 -0.290393381115977
-0.0122192068720763 0.002056569988554 0.142024325674149 -0.852238472221312
0.0264032628451602 -0.00420015067853902 -0.666995618241304 -0.479629618225377
0.0350260997289284 -0.0486967671229898 -0.556629630657061 0.283012121027682
-0.0227037941450942 -0.0541640967991085 -0.035545696217606 0.400329803851104
-0.0355257534543836 -0.0396472749164018 0.159020552053692 0.0817147201887929
-0.0228336409040713 -0.00350857048894311 0.0617199160043862 -0.19957086935995
-0.0277764611737542 -0.00491826094767655 -0.0267102907623658 0.192314294976936
-0.00555735512793568 -0.0403712534466869 -0.105335112771653 -0.0951247210321605
0.0290086682323491 -0.0313191437859903 0.15283832490841 -0.37341738748884
0.0399236115604732 0.0171691224305655 0.539496435920361 -0.0656520104066809
-0.0385696724406357 0.0178251704623283 0.412506999480071 0.718314519144438
-0.0740481308244213 -0.0491414693112141 -0.439099425852102 0.82604905065185
0.0173251996647677 -0.0480548954973388 -0.657218500788672 0.191939366211385
0.0252467176780091 -0.0394080485183773 0.0176854718280389 0.0874212009201392
-0.0120668352532004 0.000692918474070249 0.575809938449546 -0.342588232135398
-0.00481152555031446 0.00833535446929384 0.0386104382833916 -0.852987898201114
0.0317779565200595 -0.0073653426798751 -0.714678090320041 -0.393038415113609
0.0304453079531292 -0.0435907192553028 -0.515875822283192 0.33818208895306
-0.0242701183686254 -0.0412999482456254 0.00444379973424156 0.393813467840757
-0.0353873345584131 -0.0281970446206925 0.175149779332282 0.0644443457314934
-0.0218957254219214 0.00361880643342807 0.0678942148524896 -0.197406128888115
-0.0257788640054516 0.00519319583504447 -0.0226370677336201 0.193997041370046
-0.00401841376597838 -0.0248039854394762 -0.0917093307904088 -0.101859407165309
0.0275485705876034 -0.0129489712397164 0.179173720450914 -0.367142426421479
0.0376571812203399 0.0274310746772312 0.546723480258211 -0.0258869703459406
-0.0365338876970749 0.0205654323440317 0.349212733711483 0.751606938590981
-0.0688429306318089 -0.043182305522958 -0.515698601272975 0.793282510160994
0.0023355165787858 -0.0380099787447263 -0.663620597565743 0.156239496575468
0.000886182969875664 -0.0291980198662721 0.0370953661494628 0.0812070558321848
-0.0198208298613472 0.0151377911225271 0.557820877371839 -0.374313726485906
0.00676451410928685 0.0158459672325469 -0.0278095707075351 -0.848714315266147
0.0376454086389987 -0.00767465096018934 -0.73828441500699 -0.332967565958715
0.0294059321827845 -0.033654462823394 -0.483461134510663 0.368634202454626
-0.0220707104360125 -0.0249056278632103 0.033074059537549 0.387103399761623
-0.0313029280050168 -0.0137910006067469 0.186926803478503 0.0528515335845859
-0.0197585630100859 0.0124928320305376 0.0726916326609905 -0.194483989968123
-0.022347370409829 0.0168994301959823 -0.0217017250178618 0.194627112672375
-0.000534531272142895 -0.00593834399051699 -0.085220554603247 -0.104195402379704
0.024202509365997 0.00729560853414315 0.190076854818901 -0.36544051123
0.0327369615877629 0.0386408725267673 0.552723774364185 -0.0114126054861634
-0.0321780724362452 0.0254718450589731 0.332805411210644 0.761615468017096
-0.0646038426880015 -0.0305555764336711 -0.541136803443609 0.777772293774078
-0.0197585891855491 -0.0269633326758442 -0.664190524542468 0.14597965215522
-0.0258989479004284 -0.0164822716366497 0.0445736073320909 0.0786675901467906
-0.0276719578046737 0.0339753752063818 0.552671520531712 -0.387261367028179
0.0178858174246388 0.0229182722658996 -0.0475720213692563 -0.847431885244454
0.0431852114707909 -0.00670254304271896 -0.742346840269606 -0.31887419506223
0.0303943648875248 -0.0232650276833373 -0.468839914231003 0.379167666230467
-0.0165225504055081 -0.00826495061499908 0.0463081635330223 0.385362275860257
-0.0249163425563604 0.0021993312145477 0.191494157328471 0.0500360079017195
-0.0174545438825464 0.0245621677860796 0.0753038591234301 -0.192694158300758
-0.0172778704331105 0.0291196766292445 -0.0249957778804523 0.193239589594385
0.00234008636844988 0.0123052340132292 -0.0888353185464976 -0.101007845857809
0.0208018652929435 0.0261620184996482 0.182747202335437 -0.371073228392003
0.0282522670553977 0.0469095771403334 0.553248297873433 -0.0287027434691078
-0.0255987403264088 0.0324725118343092 0.359905635526308 0.741724555859738
-0.0610135322112971 -0.0132268483176513 -0.51169896958311 0.784927060272734
-0.0410382794744952 -0.0136435157360638 -0.660215467600344 0.162053473425177
-0.0530151290235044 -0.0046101264943706 0.039779208466789 0.080325503256755
-0.0365635056326724 0.0517602337133724 0.56141403926057 -0.374886141221771
0.0279296923194776 0.0318333171086716 -0.019289343187722 -0.851925928879667
0.048064005203489 -0.00242540056237842 -0.728405596415844 -0.344465457063247
0.0326197488534105 -0.012850717862619 -0.479398544359352 0.367264318164024
-0.0112998171190026 0.00729740776222187 0.0409719734617612 0.39132905411617
-0.0187249718426028 0.0167897648966435 0.19030872221285 0.0546648389088122
-0.0141764987294263 0.0350040127399033 0.0753337587814351 -0.192227729802975
-0.0128520228086193 0.0392215376222569 -0.0301935055842898 0.190770696398031
0.0061000461066584 0.0264528102487268 -0.102240362382152 -0.0931480879220563
0.0200001982264185 0.0404071064420765 0.156895045528062 -0.379653971355443
0.0277451405576913 0.0538797366647073 0.550957931895227 -0.0731097809405082
-0.0188170175614489 0.0378353293635657 0.424454895003792 0.699174664753029
-0.056972709122585 0.00440767604220225 -0.434986580306697 0.812219049652365
-0.0574601126252384 0.00118502807566383 -0.649750248231315 0.201452657636851
-0.075160863934316 0.00403208421719308 0.0229995192600507 0.0868481247116147
-0.0470422481464606 0.0653117756878202 0.580847509228081 -0.343158259446816
0.0340533813629266 0.042622832584355 0.0561802615324455 -0.859232515968014
0.0513199889008837 0.00487441882326863 -0.695945264873284 -0.4090638337604
0.0327057708864686 -0.00403267143346036 -0.504023602669462 0.334038649991871
-0.00641174247075847 0.02058874636647 0.0177186200816991 0.398473865471118
-0.013256368209049 0.030233874512497 0.182160956738553 0.0669568063201053
-0.0105643514890016 0.0440187059726435 0.0729301825964429 -0.192170891240161
-0.00892917544598995 0.0439665074643758 -0.0386299608260147 0.187533980671334
0.0111354475700736 0.035028588152342 -0.122435514778618 -0.0800886057609945
0.0213877921532912 0.0482124090545946 0.116712771858721 -0.386637917977857
0.027881305026339 0.0567282678422999 0.538947816663467 -0.135577384076951
-0.0107674620988529 0.0444666730487013 0.513948979955119 0.628762738829693
-0.0500860449831768 0.0205636783956141 -0.320368152663072 0.841252350159452
-0.0635836613085632 0.0152648922556785 -0.630193013383218 0.258605715154109
-0.089084499153056 0.0102139171999403 -0.00455726223715201 0.0948391544754621
-0.0579791612352423 0.0724231163233705 0.607196299764184 -0.292516221986431
0.0347370165033111 0.0527462218184452 0.168474799028469 -0.859657387661655
0.0522039501615749 0.0124436621108704 -0.637975320977791 -0.501670181242679
0.0314474948692866 0.00325151117169766 -0.541247326015943 0.279338625233339
-0.00597901121960198 0.0275219531417018 -0.0205557887210133 0.405877542428752
-0.00965953439473455 0.0398932393744207 0.167394746681029 0.0847058968794687
-0.00855862922587779 0.0512677379805076 0.0668716421117419 -0.191987809964828
-0.028597426874618 -0.0121977579108312 -0.0435055707475608 0.185450323216657
-0.0106751764244333 -0.0518172105256291 -0.14997548666833 -0.0677118851928017
0.0207121150989085 -0.0507612146502196 0.0640035943367977 -0.386692765891671
0.0364789557232136 -0.000599219509156312 0.50140902803672 -0.196598387730387
-0.0350494713556665 0.0229436715890354 0.591900276388223 0.563305453318862
-0.0840310356491652 -0.0368403493606174 -0.190103546326095 0.885991157765399
0.0223876023052247 -0.0579774772527148 -0.61709810693314 0.314473158113843
0.0517721255909144 -0.0508033036557462 -0.0449140471210379 0.108683297683416
0.00556535411104129 -0.0150637448755335 0.629063750761869 -0.22858509119561
-0.0151632442733729 -0.00261883596349146 0.274167013245355 -0.839287055959991
0.0224472451456222 -0.000331894722032799 -0.594002872450582 -0.580197819782194
0.0388694861172218 -0.0488851391945282 -0.600584807422885 0.214885055300949
-0.0166499251174482 -0.063655187053997 -0.0862808443345859 0.407522319668158
-0.0340252003174509 -0.0467366697984194 0.138617792625231 0.101884112721655
-0.0219984708836716 -0.00606591111794509 0.0546458048372955 -0.202221316163306
-0.0291321820888444 -0.0107845999403101 -0.0348532065994887 0.18961528430865
-0.00892452145397636 -0.0495254464399246 -0.12706222425101 -0.0842830674369778
0.0268399846214651 -0.04509284867542 0.112398586109097 -0.382508023595688
0.0402818116779966 0.0068313866820453 0.528400125033717 -0.126989374957753
-0.0381848075343065 0.0200822738191219 0.503026113466997 0.655635735625287
-0.081260289445863 -0.0471989394735207 -0.327499312872203 0.866762887505639
0.025239730577271 -0.0565246796157037 -0.644576124575801 0.248367963107228
0.042644682142305 -0.0472119711859386 -0.0106588138515319 0.0985301117141321
-0.00302965674678291 -0.00934592006891672 0.605492536643692 -0.293009647414256
-0.0120728486619348 0.00267670893975752 0.142726657599578 -0.857404208496054
0.0271896304257108 -0.00530016106635618 -0.670917178051464 -0.48128918753134
0.0355319536409436 -0.0492071732260744 -0.558658615466862 0.286270038659402
-0.0208820413870959 -0.0544385121137001 -0.0373460925506971 0.404198451565664
-0.0367592858889852 -0.0401425654091667 0.159472417140841 0.0820399158269652
-0.0229576254675584 -0.00231709859204637 0.0623561407219869 -0.200544300356195
-0.0274715467947276 -0.00457011611607765 -0.0274566753976835 0.192351990544707
-0.00590602279291022 -0.0407649440595633 -0.106670132071346 -0.0965824300748244
0.0294005339302087 -0.0318796268374026 0.1543298923397 -0.376338319303989
0.0405765517968749 0.016724107703481 0.544016205894229 -0.0654966204300957
-0.0400959753830767 0.0190352476207726 0.415933018666252 0.721666448287484
-0.0748096268955843 -0.0500312585672921 -0.441413066706795 0.830074241659824
0.018236115090216 -0.0488019621601328 -0.660469739669618 0.193282195759914
0.0250014818930253 -0.0393132800620042 0.0185481820030809 0.0885262109146535
-0.0112679815074177 0.000205279479310844 0.581233888945963 -0.34452910919366
-0.00505260164139307 0.00879869014130967 0.0376738625521159 -0.858364821500645
0.0320452877884762 -0.00759653611841146 -0.719897491953948 -0.393348301819896
0.0312864559515451 -0.0438638418928122 -0.519228501374104 0.341922311972927
-0.023754732619911 -0.0408538465621624 0.00515031769304234 0.396197585118878
-0.0344998718518579 -0.0281453825110216 0.176466523375897 0.0645546341979004
-0.0223775738462697 0.00412747017609497 0.0688285456665397 -0.198796764984842
-0.0259167485097591 0.00489729657054708 -0.0234892259463102 0.194526640188679
-0.00412154508295747 -0.0260909779550453 -0.0919256945449943 -0.102945680914358
0.0273584307778768 -0.0134594345478636 0.18086978040611 -0.371992167585054
0.0384219341365189 0.0271879663770948 0.550201542110904 -0.0253362647398464
-0.0377198633554434 0.0206382087956891 0.355878146175927 0.756691564126675
-0.0695275792790444 -0.0435232756287999 -0.518168223777541 0.796120634706147
0.00303624438129128 -0.0384373331740708 -0.667560646440792 0.157211064450591
0.0012376447534485 -0.0285040781102415 0.0380580000745738 0.0811905062710327
-0.0197213450342549 0.0164206341932387 0.561110725117127 -0.376173272766077
0.0060248836223676 0.0150988870580661 -0.0284950049679329 -0.852936552597798
0.038281869251741 -0.0080390540065793 -0.743642446998088 -0.335255549909425
0.0302883304475382 -0.034764442794397 -0.485985744963248 0.372191144891421
-0.0218934402830811 -0.0254628116666995 0.0349333985018397 0.390349380133667
-0.0317518899401725 -0.0131838989067529 0.187832595392598 0.0535547428932122
-0.0203807064635957 0.0139117127932453 0.0735455814238009 -0.195734696817192
-0.0216569838625498 0.0174990442651445 -0.022839147883832 0.19504421461507
-0.00193856484798626 -0.00668825723949059 -0.0859306235008159 -0.105039041122454
0.0248011734509804 0.006674715234175 0.191217672652934 -0.369577210104884
0.034414114357371 0.0377535446913009 0.554590715022924 -0.0129765740521578
-0.0328323272157178 0.0264378192272918 0.335273556166108 0.764227654376264
-0.0655410414723648 -0.0295064647871289 -0.543122487975709 0.782758463664377
-0.0185482900872647 -0.0274277446453727 -0.670559047720196 0.148405882088721
-0.0258563076981551 -0.016578242441239 0.0451712154414256 0.0792028946817072
-0.0276234213683903 0.0343385139812648 0.556473126883412 -0.388912285959418
0.0182475978178433 0.0234585346078588 -0.0477565580270524 -0.853933240730034
0.0436764994510784 -0.00715834124925018 -0.746881992297183 -0.319730099682634
0.0312512554209748 -0.0239966154491006 -0.472042778416883 0.382963355073951
-0.0172572063312899 -0.00831341919451326 0.0467012897953291 0.389149094167933
-0.0262500429131188 0.00269143489858367 0.193536333136864 0.0496219389899077
-0.017225130287033 0.0244231944087165 0.0755957143827616 -0.194067126716041
-0.0164029667439965 0.0290884652319457 -0.025131361323936 0.193994324907009
0.00136511582735625 0.012104560834622 -0.0900758211318156 -0.101594987364979
0.0199658911278794 0.025410307035005 0.183673119404309 -0.373473736669052
0.0300864338543856 0.0470821489604376 0.559806689341067 -0.0304584015417673
-0.0263341102800136 0.0327885914059369 0.363849167760902 0.746403462997341
-0.0615884204546944 -0.0130595549650537 -0.515323280616069 0.788229860668506
-0.0407174154852162 -0.0151532841323835 -0.665686761016149 0.16290451771647
-0.0537448766365355 -0.00502642787560096 0.0398164101042953 0.0804985218641624
-0.0365462028467824 0.0523070935979689 0.564170158615181 -0.377628222205686
0.0286370474377492 0.0322594846515161 -0.0179698916243105 -0.85782340106523
0.048103485044438 -0.00160384031080849 -0.73288704262835 -0.346760473865357
0.0325342519265385 -0.0129630879840554 -0.480132716043525 0.371774600113209
-0.011044413660043 0.00666079666147021 0.0410053182771889 0.39387549969844
-0.0195476686008967 0.0181157505284511 0.192122536740542 0.0555714645215374
-0.0134358871027348 0.0363672115200137 0.0761391337527668 -0.193487517078142
-0.012173555936141 0.0391008109443313 -0.0311669427880471 0.192473245760901
0.00553320224806279 0.0264440618986793 -0.103444341760954 -0.0939996139432445
0.0192347191225114 0.040320584953786 0.157839589468323 -0.381814031810762
0.0274724677961675 0.054409179299695 0.556592557413502 -0.0739971368087716
-0.0194807376410317 0.0398578505526564 0.428532386032616 0.701867012461819
-0.05663820121513 0.00578555339847946 -0.436719824360059 0.816206817735011
-0.0568869025480078 0.00132797499855385 -0.652704288553491 0.202644601510019
-0.076069635572744 0.0039142540170436 0.0236379327280482 0.0869619133206723
-0.0473804234059147 0.0655712255034921 0.584573948049456 -0.345716991971588
0.034510276229138 0.04270644477313 0.0573441189331211 -0.866277469260782
0.0510350381567121 0.00396163344783763 -0.699615668961038 -0.411178519202686
0.0330655279183245 -0.00347632258472377 -0.507000026575856 0.335902580187739
-0.00657544156287851 0.0197554547023014 0.0157726110207686 0.400607722829781
-0.0138078381809412 0.0304510703137724 0.182664809456041 0.067994229625972
-0.0101665259388733 0.0456852290720183 0.0737838590256032 -0.192930698091824
-0.00803144303076086 0.0446788693506599 -0.0384839888278505 0.188945345765253
0.0106257368926183 0.0344746696630059 -0.123273055158496 -0.0808461562272015
0.0211927907703184 0.0483165650528148 0.118611557677755 -0.389056842510017
0.0281234671427868 0.0568111029690372 0.542749443768835 -0.137055951826426
-0.0118579363847943 0.0450484396514469 0.517315114041342 0.630968581999782
-0.0497839898118103 0.020519958745702 -0.323753943418346 0.845534379201761
-0.0650906918730454 0.0151009697114707 -0.633522402573356 0.26011552849847
-0.0899102321678815 0.0105004540929993 -0.00443149241969249 0.0959723479894792
-0.058992638695416 0.073219747830272 0.609852592974707 -0.293226371007373
0.0347028662940949 0.0523014551408019 0.168310864932569 -0.863230123285452
0.0522655729337151 0.0126674277388632 -0.6434015108185 -0.504471393058109
0.031470670564674 0.00430908625384537 -0.543288601995282 0.282205647862766
-0.00598531169908604 0.02706940369164 -0.0200983446711094 0.409432804832703
-0.0114810146104034 0.0402580958505558 0.168116112793834 0.0861563035077768
-0.0084849972206804 0.0524252185004348 0.0679210980997816 -0.194100988275069
-0.0287228271726469 -0.0118815044164338 -0.0445996921080979 0.186958856382724
-0.0110336183117842 -0.0531536325151245 -0.151764685890033 -0.0687812622179909
0.0217792521054483 -0.0516037599478713 0.061881853575314 -0.390640284864761
0.0381946674621248 -0.00110009498672228 0.503863304782686 -0.199795630439312
-0.0353316443207815 0.0223923331568346 0.597711530040209 0.566896709851502
-0.0856278484376479 -0.0362516279503049 -0.188880425226925 0.893743030189273
0.022785637857124 -0.0592454052084589 -0.621797573771693 0.31699336358016
0.0521851298225187 -0.0513895391232877 -0.0446298146163459 0.110569888697178
0.00657212275311305 -0.0155556029708531 0.631417892180868 -0.230107959828234
-0.0145410679622109 -0.00204221945844285 0.274818738855245 -0.845629979094728
0.0229487008610198 -0.000449351079780416 -0.599826799198565 -0.585936692094273
0.0402524178164287 -0.0495291757515941 -0.604830711598935 0.218288058509934
-0.0156827505249971 -0.0629282090605509 -0.0850252383841368 0.4114333094199
-0.0341831260114878 -0.0453130042075817 0.14048881437863 0.10304738989189
-0.0226815441994013 -0.00485972468629164 0.0567068591079067 -0.203877634500638
-0.0295859067977623 -0.0101218927415552 -0.0351808656247123 0.190862868709336
-0.00889075746543115 -0.0506111589730217 -0.127498720523736 -0.0853562487029539
0.026683627040037 -0.0458429617077873 0.113531430170593 -0.388450624615035
0.0408401291419472 0.00572640409627626 0.532258323403428 -0.12938812100353
-0.0389811225953032 0.0202472077442716 0.510312295784257 0.659401742189254
-0.081549846140435 -0.046359688094805 -0.328788671743898 0.872260484769857
0.0260593746892339 -0.0574079453101602 -0.649117806810595 0.250582420495869
0.0431331393028228 -0.0492610487734621 -0.0104726692987242 0.0978244953079546
-0.00240552367807606 -0.0106691862800881 0.609961595589369 -0.29729088444814
-0.012012526355912 0.0019705709485708 0.143344826488003 -0.863680610053381
0.0276179808074717 -0.00454629770841477 -0.677108331786585 -0.48380171393618
0.035888224039298 -0.049838416978371 -0.566180562503129 0.289367484680413
-0.0213755632788393 -0.0547526362118276 -0.0353773319104092 0.409324997393255
-0.0374633007277206 -0.0388614886966255 0.161393572172005 0.0825867471633153
-0.0229103887939553 -0.00106684144694293 0.0636995355290189 -0.202224993187156
-0.0273159473018234 -0.00381264862223704 -0.0285022935787078 0.193515037755375
-0.00612778766475324 -0.0409668885779065 -0.106990917064467 -0.0974471124724832
0.0295602184393442 -0.0324992386056336 0.154281593070345 -0.381452591583696
0.04105101292643 0.0166189987243981 0.54890944595869 -0.0667352435006701
-0.0398145884555052 0.0194409052048306 0.422875211251032 0.726894606312183
-0.0757327634475169 -0.0489403282565682 -0.444536043589072 0.836336205470287
0.0192953350789922 -0.0502504452675714 -0.665874217151015 0.194150661195585
0.0245651545568059 -0.0403693459914586 0.0186187291779061 0.088953913068751
-0.0117338826473754 0.000656696326047028 0.585104366446739 -0.346432686224656
-0.00387045713617031 0.00879258143383519 0.037719803451578 -0.864980161844341
0.0324249431541736 -0.00777674127495474 -0.726276544541263 -0.396301926986213
0.0317584959781081 -0.0446369881758404 -0.52471217143448 0.345797161823678
-0.0234953210983656 -0.0418437478234365 0.00517194329815248 0.39951804581765
-0.0365695306912702 -0.0270603896387358 0.178246871006964 0.064948410897141
-0.0223291745640122 0.00545358749244808 0.0694259257137003 -0.200515576600595
-0.0252921444894544 0.00538323745102614 -0.024915450412068 0.195762784002687
-0.00389255946839935 -0.026546297376549 -0.0926519662213949 -0.104909951913467
0.0290275122718215 -0.0137435954661955 0.179692311840192 -0.374986883618018
0.0385929454129225 0.0270755172761349 0.556616782108038 -0.0253053272312435
-0.0383960046787281 0.0221882403907304 0.360814563175925 0.760210165564215
-0.070092788337413 -0.0439608438620395 -0.521351071133357 0.803565690335492
0.00308020533556223 -0.0394576611316066 -0.674614487753614 0.158289543382745
0.000844087021194954 -0.0293849096291645 0.0386028893779303 0.0812392301674401
-0.0192877037075584 0.016016652586455 0.56584474432069 -0.380199579164751
0.00669795513384578 0.0148974319541331 -0.0296371670012646 -0.860436133576312
0.0380650987614859 -0.00867102339017714 -0.750447849268669 -0.337212209391188
0.030303243480325 -0.036350810932942 -0.491680088988649 0.377685561366265
-0.0213457843588908 -0.0255416501274946 0.0359588417712498 0.394539952755591
-0.0321142626261529 -0.0129224562708084 0.189556591789202 0.0539123942814754
-0.0203255931900434 0.0149509751623499 0.0752194339003968 -0.197918909092757
-0.0212580633401298 0.0171980897776335 -0.0230800513500687 0.19609357316723
-0.00184935635979984 -0.00771224367668761 -0.0869892495160824 -0.106550889912482
0.0250446718298543 0.00663070790919659 0.192026189339495 -0.375025522346824
0.0348960886042179 0.0378638137100516 0.562118664372584 -0.0133339732434622
-0.0337832093094371 0.0267829692332988 0.341990324366885 0.770871556979206
-0.0663382140610957 -0.0302793807865427 -0.547190388308843 0.786626240763298
-0.0186022245617663 -0.0276342958745177 -0.674558569426967 0.147151014059614
-0.0266097193652778 -0.0172338207672153 0.0463864383040248 0.0786478863103686
-0.0275859164970317 0.034289982134649 0.559996956895583 -0.392363428515381
0.0179463081702983 0.0235854168770125 -0.049214951169553 -0.860956571787952
0.0434983881283688 -0.0062470009545775 -0.75349229396319 -0.320159314791286
0.0316547311208674 -0.0250384380878075 -0.47633795691156 0.385703269402342
-0.0163163184169691 -0.00928350119518881 0.0487384678837905 0.392758102156968
-0.0263267556361113 0.00279800021151154 0.194908772427115 0.049369499752514
-0.0164961666763967 0.0261550769963912 0.0772060759814376 -0.195904587374393
-0.0159261707253885 0.0298146445516392 -0.0261016484764918 0.195046212554039
0.000768352006662051 0.0112998288009108 -0.0913759088039324 -0.103293199346354
0.0209516461751236 0.0256507349565742 0.186047285943313 -0.377961521703099
0.0303873812085623 0.0467047959636422 0.563122225764993 -0.0307995013994935
-0.0267971084938099 0.0332955396132149 0.368743645077269 0.750733303478217
-0.0621719755444355 -0.0125034376325271 -0.517230966715531 0.795201844238177
-0.0403027290228028 -0.014062181282913 -0.670519227802749 0.163522314848622
-0.0539822036824089 -0.00568367531641557 0.0406791827888416 0.0808790820589602
-0.0363553568486534 0.0521604847253109 0.567854569070839 -0.381262194924305
0.0287321702744653 0.0319608748939555 -0.0197046500631907 -0.865535064405822
0.0480282110191366 -0.00176091064885803 -0.73868180449401 -0.349821127938999
0.032946045453943 -0.0143678447576448 -0.484746914174331 0.375559383585365
-0.0106961410582347 0.00675342430910224 0.0415122908071847 0.397172239055003
-0.0196898521991733 0.01809008043444 0.194007434046815 0.054793488903843
-0.0137136551071604 0.0365077445638638 0.077577013964101 -0.194439416776981
-0.0115496086184702 0.0391190263052628 -0.0321265107271775 0.193252066002662
0.00575000887380806 0.026063132581269 -0.103632144506338 -0.0947811300713364
0.0198319916524231 0.0408440842893441 0.158320448506139 -0.388014903866077
0.0284035484132545 0.053357421169099 0.561354747010612 -0.0755441783953828
-0.0202396998532246 0.0403614569176665 0.434415424855627 0.70678406626508
-0.0573501636385703 0.00556166347910338 -0.442579518003228 0.822417300680707
-0.0572521062508762 -2.27681990516773E-05 -0.657304137621178 0.20524576343195
-0.0764043874895288 0.00377966613418524 0.0239115158196815 0.0870533135895207
-0.0465034662523382 0.0662523937421848 0.587368151714628 -0.348934547065813
0.034582110687557 0.0432684551710359 0.0566423145014073 -0.871962384214828
0.0516451491297856 0.00414701081795494 -0.706511566517022 -0.413834861222218
0.0335900238282725 -0.00461000086954069 -0.512565524364765 0.343143669531142
-0.00644798861574138 0.0192267091347502 0.0176361599817431 0.405732554987461
-0.0146796343188923 0.0315275241425591 0.18491965354055 0.0689192812856665
-0.0101339416224908 0.0462911156463748 0.0746442201702407 -0.195027657797775
-0.00834944442440134 0.0446088865945291 -0.0400473233235745 0.189323277892923
0.0108662228724106 0.0350685051646261 -0.124344001969496 -0.0815717101044322
0.021684577453725 0.0479446839456621 0.117629761626111 -0.393960521617738
0.0289997421277397 0.0569343420523591 0.547425214514622 -0.141794790573377
-0.0121862319361721 0.0451794528012355 0.523709402350795 0.634727670913992
-0.0503248439899471 0.0213348677121904 -0.324113597105856 0.852886354792853
-0.0652355755622353 0.0146065430737527 -0.638635761743024 0.264166863317194
-0.0905503962411606 0.0101241147707049 -0.00386592441853736 0.0956270417376397
-0.0592484398971187 0.0735464847196519 0.615645150537318 -0.29525412486133
0.0356655568364242 0.0523484364778586 0.169930606018243 -0.871943774050641
0.0524506966588678 0.0124003739980556 -0.649765280818005 -0.508634102060097
0.0331785458176734 0.00215477426211744 -0.549250651272665 0.286454280090303
-0.00507315781050553 0.0276004972437528 -0.0188182880282715 0.413798121850016
-0.0115032418263465 0.0411277120969532 0.170074800533937 0.0865041684767539
-0.00723228041284448 0.0524063104589256 0.0690678313355314 -0.195484278395977
-0.0284576482193786 -0.0113876873203466 -0.0444656527961011 0.187443239703348
-0.0113683227951445 -0.0536557749234361 -0.15298057535768 -0.0678983247776197
0.0220389792543664 -0.0520894496093458 0.0615089195518521 -0.39605503921561
0.0385794060053993 -0.0013735212739974 0.508960085152555 -0.203178456690594
-0.0358274020923742 0.023514152789911 0.605264415167091 0.568181252020329
-0.0863344868580857 -0.0362654474805433 -0.188360171035008 0.902025889850803
0.0237528898074136 -0.0616498883263492 -0.627547715275074 0.321935698992689
0.0521131047365819 -0.0531824679776889 -0.0441577733321986 0.110435621110934
0.00625495917728378 -0.0153706049548957 0.636148655108688 -0.234507586746745
-0.015463900830129 -0.00295702109716978 0.274011306390277 -0.851469903872918
0.0231989940600573 -0.000329640560741585 -0.604999283994046 -0.58859678954445
0.0404492402475244 -0.0513337121186162 -0.609303780911229 0.222471618003235
-0.0151740921378399 -0.0645764520245158 -0.0848901360162292 0.416479933556322
-0.035909478979335 -0.0451349584311972 0.143065262498996 0.103294848167476
-0.0224546907866172 -0.0039606120734109 0.0568828269521596 -0.206529465393308
-0.0291452506563694 -0.0102622115112509 -0.0350550388869436 0.191751877183352
-0.00879811274408804 -0.0514362796686333 -0.129558169756323 -0.0852575405442887
0.0277586151700291 -0.0462772940615245 0.112088987293543 -0.393906345877515
0.0418414068862828 0.00536214003843191 0.537293689116595 -0.132439609999872
-0.0400546319058267 0.0210404092972735 0.517594077854628 0.661079092428287
-0.0829596594296344 -0.0464997532159097 -0.326834929539533 0.880324283908577
0.0258171737219628 -0.0574029908982436 -0.652385126573802 0.254464215489085
0.0432726725296721 -0.0486829891788634 -0.00900906754038497 0.0992036097344663
-0.00190514047464686 -0.0108254399917163 0.614541971123402 -0.300987706022651
-0.0133854053503503 0.00331397000053027 0.142142855941062 -0.870312622759219
0.027866681229933 -0.00444187639942463 -0.684067373778914 -0.486802741408313
0.0359719226265199 -0.0519094410335608 -0.569160404049536 0.297087809189983
-0.0210199454733527 -0.0558531719187155 -0.0342547522131501 0.413119739337429
-0.0385494826867867 -0.0381614712666341 0.164026294059343 0.0833222293449371
-0.0225691130070183 -0.00146971910066508 0.0635908477736477 -0.204668550829977
-0.0276333800465092 -0.00356892967554068 -0.0279653753422132 0.195020973759492
-0.00684611206550799 -0.0413231566682673 -0.108866508179431 -0.0976106952253612
0.0304327173719179 -0.0325683974003007 0.155597488378061 -0.386219349845026
0.0428683895119136 0.0158414831800946 0.552853724360647 -0.0706563270131361
-0.0409166056367108 0.0201044742356598 0.429536007768133 0.730977850106635
-0.0762803370381608 -0.0489396942548257 -0.445579142113012 0.843941859448197
0.0191998706547129 -0.0509172725896754 -0.671023689618335 0.199366329872823
0.025472362776141 -0.0410218220413715 0.019185147038555 0.0889977997328803
-0.0109018737165259 0.000318133320686871 0.587234117637093 -0.352899630786734
-0.00426857913641242 0.00871425964069952 0.0352133798020254 -0.871174274766939
0.0327123123688608 -0.00788788722521533 -0.733806671606996 -0.397945470384817
0.0322412986847197 -0.0465404407187609 -0.527593647877338 0.350661384717896
-0.0230566447092509 -0.0421892612273665 0.0080465525268868 0.404585355071715
-0.0370582515517598 -0.0265778338893845 0.179414426472846 0.0655798961946598
-0.022039569013926 0.00631468739723712 0.0699877910723018 -0.202374983750227
-0.0250762131170253 0.00590637391559954 -0.0242987769504223 0.196601371742812
-0.00471080491565527 -0.0265958827272717 -0.0943848798811556 -0.104947193405782
0.0292724098574105 -0.0135770489763147 0.181494595195414 -0.381051740897169
0.0399524696357302 0.0273786948885525 0.561387585693003 -0.0292224112217339
-0.038495531847311 0.0218552981207856 0.367018697179801 0.766204515550846
-0.0716072153784372 -0.0428463570244324 -0.523271740238786 0.810643435650744
0.00389223405456112 -0.0401850597421603 -0.678015202752098 0.161438095141921
0.000597736897685797 -0.0300747696294488 0.0393414125399415 0.0816518597009214
-0.0201620876890102 0.0173326255067101 0.56915996467255 -0.385367518879781
0.00641851883211361 0.0152640196750184 -0.0315005520937641 -0.868475937440361
0.0381032514192921 -0.00817738338543291 -0.758974368445393 -0.336887824774284
0.0306937978017099 -0.037415150432717 -0.494215536558253 0.382289994995923
-0.020874539743202 -0.0258407700120972 0.0374388368656501 0.398290058963514
-0.0336841766316643 -0.01187802028065 0.19215632375042 0.0537341482732571
-0.0206785769442717 0.0157930947028811 0.0753741997256351 -0.199833181509093
-0.0203089745938088 0.0188058818743074 -0.0227286911192066 0.197449358969892
-0.00282395438407138 -0.00694614923638022 -0.0874661362454731 -0.107095874290856
0.0253424217591356 0.00616390249426425 0.190786151918194 -0.378626689489631
0.035207942399862 0.0382403482019269 0.56804875862856 -0.0154183223965443
-0.0343384897533558 0.0271445813398937 0.34927430516568 0.775104541656303
-0.0664721407973099 -0.0301392305599559 -0.551897060978773 0.795150484672084
-0.0188353853799426 -0.0282517846983348 -0.681322155511394 0.151500185934232
-0.0266559213398954 -0.0168019439766613 0.0473504045839183 0.0787411775924615
-0.0283707653513526 0.03493426251444 0.562946560624502 -0.397913618317609
0.0183761401665239 0.0226796560146232 -0.0522124428052399 -0.868247114618135
0.043326461024368 -0.00649110946879271 -0.761337842821618 -0.321854438529389
0.0316249486698613 -0.025750856319991 -0.478588903863721 0.393920677656004
-0.0165209358446889 -0.00940630082700277 0.0505463212012163 0.397674985556271
-0.0272710339127008 0.00437566696153016 0.197554612196843 0.049533202548563
-0.0171584867012079 0.0271721905960928 0.0780397970423652 -0.198076193670487
-0.0156450061953199 0.0301997264146483 -0.0259036134118726 0.196170306352757
0.00125340071779828 0.0108410856099754 -0.0919995622470545 -0.104435809780066
0.0214399145267883 0.0265090302672219 0.184890756074666 -0.384103691528658
0.0309002121440755 0.0468358423760532 0.570138721055332 -0.0338330927827606
-0.0283097112849341 0.0347379395001687 0.375559984534503 0.755930091205003
-0.0626952112974365 -0.0120730673247032 -0.520279896688538 0.803003087279408
-0.0406048486082427 -0.0141990036978447 -0.674502563113509 0.166753521221582
-0.0548146122689548 -0.00486398019116494 0.0426476923632654 0.0802328209160847
-0.0367760147449757 0.0530576796076231 0.571897877180825 -0.38697171669171
0.029160065138135 0.031507883464919 -0.0222434224347397 -0.871789699067946
0.0490687233062867 -0.0019623218164837 -0.747142638416697 -0.349344369618567
0.0325276016628216 -0.0150422981928539 -0.488401272171017 0.383459648756203
-0.0103106966507468 0.00723061182697839 0.0459907196164189 0.401424690229241
-0.0203023448742056 0.0189161204970267 0.19545816660081 0.0547178150387522
-0.0128406096624244 0.0368600023895772 0.0788889991512929 -0.197152489285558
-0.0107032979591652 0.0387744614020906 -0.0313765550981384 0.19409539328458
0.00614111519649301 0.0262816036785882 -0.106149687290632 -0.0962062384888356
0.0198553938708626 0.0402700275210161 0.158606419905425 -0.39171422702281
0.0292890720352178 0.0527040058260827 0.564728252025468 -0.0780040079593514
-0.0207247502136697 0.0408590962753696 0.441639438910977 0.710541361769193
-0.0573115419530635 0.00675464000757761 -0.441078164736064 0.831285874905223
-0.0580197969294537 -0.000122715230188905 -0.66254673879546 0.208017348865716
-0.0774353150010317 0.00402068514645763 0.023574985678349 0.0864131671502037
-0.04783231175041 0.0670797983719332 0.591925531443493 -0.352823665885896
0.0348169408274361 0.0423242762920852 0.0534529964798647 -0.87900646353438
0.0526952613102156 0.00432353875814701 -0.714575433710967 -0.4142313611844
0.0339653813689776 -0.00529413297551102 -0.514834689190792 0.347412180970944
-0.00648030717374963 0.0192932937975971 0.0202749084325196 0.408894173375126
-0.013831351785566 0.0327450515766768 0.186518931167867 0.0674385449304009
-0.00952775516167843 0.0470736006156803 0.0748565034847263 -0.196793631474408
-0.00747018184464431 0.0446683133596406 -0.0402344916008174 0.191360408392706
0.0108691400743874 0.034408099117849 -0.126246185233653 -0.0823499574851212
0.0220989966366393 0.0486381594241273 0.118256260494799 -0.399060654992824
0.0295251220858128 0.0572469726296621 0.552706338573975 -0.145202711950542
-0.0126102536459835 0.0465533788234764 0.532752462891388 0.637124267579942
-0.05088041622758 0.0221649207543769 -0.323051362184956 0.860154276102775
-0.0655919861992165 0.0149991914323312 -0.643092569137544 0.267378761512776
-0.0915334012023067 0.0109417976426145 -0.00273144871823895 0.0950767193438469
-0.058806062014681 0.0749847707127278 0.619241649515533 -0.300766979626685
0.0346474265094995 0.0526900666343009 0.167736571628645 -0.878248406370021
0.0533352309524088 0.0125768576369039 -0.65632970298707 -0.509931650621252
0.0328629119439035 0.0026343188803403 -0.553944691538216 0.290890994446799
-0.00498308370318938 0.0272427463222459 -0.0185199854106386 0.418427752057524
-0.0106356086569209 0.0423403609051387 0.172202861151177 0.0869974530561822
-0.00659372680820295 0.0531928059046038 0.0694853668434583 -0.197768119290832
-0.0259259415893169 -0.00629255103365476 -0.0368628982466446 0.187278548450026
-0.018430774229206 -0.0501284569019125 -0.153399248835994 -0.0614726882135326
0.0130550439345019 -0.0579009613610588 0.0439860996430793 -0.397284514820678
0.0430671450828045 -0.0136276515688624 0.496637279385726 -0.227241054663522
-0.0188464947328312 0.0261444530915081 0.64067818190444 0.532616961185723
-0.0779602374731865 -0.0184733448313982 -0.137953500809997 0.908780393822598
0.0152784250042028 -0.0583774530558014 -0.604888710891489 0.366017023905442
0.0496087681760366 -0.0545231173502119 -0.0364361421838887 0.114458451823314
0.00623524569578946 -0.0156344005079122 0.638538639117898 -0.277800807990296
-0.0095335585601112 0.00403637730570539 0.236579052659179 -0.896988491403986
0.0326119388457616 -0.00789741253149657 -0.659291465277508 -0.571160418362144
0.0371884966508765 -0.0666650986082031 -0.619391036810352 0.270242233543204
-0.0261563921457257 -0.0669066766526156 -0.0616332909750892 0.439156468607982
-0.0430945033503597 -0.0415205081171834 0.154624719316143 0.10322295483151
-0.01991284450382 -0.00141069033261769 0.0509445051873472 -0.211604083638911
-0.0269410886067605 -0.00509886670367212 -0.0267365893888539 0.191497549298437
-0.0173934966982799 -0.0487092100000312 -0.131151558198109 -0.07981865754483
0.0187792035199702 -0.0526304926419954 0.0948283036377987 -0.399427888279474
0.0483873212272445 -0.00589229245613062 0.528801523058449 -0.157950296018127
-0.0238000840683596 0.0268049560337106 0.559407190762333 0.63152905174235
-0.0771212406070776 -0.0263458960610503 -0.278424822902653 0.89411700870001
0.0181409943540656 -0.057134133587716 -0.638106771180492 0.300448547468632
0.0407315326796584 -0.0509550405512564 -0.00175713886853551 0.100494223703581
-0.00266665800940482 -0.010790704857966 0.609642362372119 -0.343923810085567
-0.00541983099710676 0.00777677905520482 0.0968226247824311 -0.90849930632705
0.0354820427533812 -0.0133743010884824 -0.733710813118281 -0.460709024598661
0.0312683717099385 -0.0661406569689297 -0.572226319056606 0.34353178927727
-0.0315457132976017 -0.0576580623614717 -0.0106803071377008 0.431253992885033
-0.0450342861079989 -0.0335047594676708 0.174953780753963 0.0803254715974297
-0.0207063206161051 0.00231025274576115 0.0588975938319299 -0.210950381598658
-0.0245983077490601 0.0011591759818351 -0.0212141776603415 0.193625187355689
-0.0136084561005985 -0.0403840386825226 -0.110419051669961 -0.0938688587405072
0.0228160098778716 -0.0394252411150171 0.135603239173871 -0.3933588780073
0.0506160014789465 0.00562852004177902 0.549938634934264 -0.0950659911518593
-0.0243703176698417 0.028289595001241 0.473933642385355 0.704006197663454
-0.0724596507389315 -0.0285727596422023 -0.398503396699097 0.865425144046695
0.0114438835711203 -0.0487016039594133 -0.660051189355381 0.244257294001392
0.0232885490407567 -0.0418869935073788 0.0265953610025076 0.086896609810025
-0.0107349478199328 0.00218207499176629 0.580643218378372 -0.396448228219627
0.00280472771101166 0.0130648897255367 -0.0123660159978365 -0.903055618471945
0.039227386590515 -0.0174836416165445 -0.777096741850111 -0.365305261276829
0.0262814423446176 -0.0604549470783194 -0.526356060707343 0.397861083322399
-0.0332937911866021 -0.0433225738570216 0.0325924317549985 0.420679884870907
-0.0431501701753741 -0.0210691268234362 0.190943646123076 0.0611964675330649
-0.0191392970907014 0.00978102276457104 0.0650830359987317 -0.209636494975327
-0.0210989274380896 0.00916107132907139 -0.0177465446777496 0.195949193350248
-0.0101169291937035 -0.0253897817131085 -0.0983824052801384 -0.101944520501569
0.0231760363560966 -0.0218584740758738 0.161478951938389 -0.388841077841388
0.049970336660211 0.016867341858435 0.557589544555266 -0.0539674010204032
-0.0229582512823397 0.0311440419014716 0.413087226017972 0.74381873511272
-0.0678261592575463 -0.0212572324938978 -0.477298634137733 0.83647955069692
-0.00345594181039289 -0.0370098420871743 -0.668895563808688 0.205925316923867
-0.000527385767380172 -0.0298314896581035 0.04526447535088 0.0791841266705604
-0.0171349352138131 0.0183389909000625 0.55835326101842 -0.429673561312718
0.014602687639092 0.0186769389317512 -0.081517745089333 -0.893669195874123
0.0441922715075895 -0.0192502247975709 -0.800327724898471 -0.301228977701428
0.0252554672136536 -0.0513048454788852 -0.489148000116485 0.429422749655333
-0.0293025037359774 -0.0266005930037469 0.0638640898120049 0.411245894152815
-0.0380846944400794 -0.00606657349221935 0.203291124991456 0.0466792574266959
-0.0171297060935473 0.0195393581892708 0.0715723803293423 -0.207459319756378
-0.0157462213335695 0.0214158989979663 -0.0167048448541342 0.196432977353243
-0.00525381244701395 -0.00741815066680966 -0.0936590826601885 -0.103929191742894
0.0221823612612392 -0.0011441545281225 0.169360169687465 -0.389696389732883
0.047296834944295 0.0277275925831493 0.561903513337419 -0.0440904653150069
-0.018384660116071 0.0363943827111506 0.39448347813445 0.75319556223569
-0.06308895440425 -0.00851204693515045 -0.505839463274568 0.823025068035893
-0.0253763068508185 -0.0233949101707678 -0.671066427348368 0.19530583177755
-0.0275737681808069 -0.0156065628119575 0.0524524647291746 0.0759184964415424
-0.0240563008197492 0.0376629151211126 0.551401386062608 -0.44070702254058
0.0275314500537754 0.0253530069130534 -0.102305369060301 -0.892473168040899
0.04976683035463 -0.0185557894622246 -0.803503012309811 -0.284865033979211
0.026640775918084 -0.0402522247411421 -0.47237408473808 0.437485904177131
-0.0241057568855843 -0.00899091884762456 0.0768174998129081 0.407331365116731
-0.0301488690061501 0.0100696590856778 0.208781954704499 0.04074602079723
-0.0121192151752045 0.030743888704099 0.0741902230739355 -0.2065965750317
-0.00937533985774793 0.0322303526784495 -0.0209274769243161 0.196272177149377
-0.00131534704213324 0.0107402793144263 -0.0988354770367971 -0.101021431511372
0.0208781925321619 0.0178488441036579 0.160760540629286 -0.393496440545224
0.0433595130937876 0.0358800894675534 0.564081383100837 -0.0627575499746562
-0.0111836480465049 0.0419536944502926 0.420482473580704 0.733347994115538
-0.0569110648506211 0.00746666683982249 -0.477693375290427 0.826859032058959
-0.047113422793356 -0.00769118115904962 -0.663246649047715 0.209147517622449
-0.0538870769428008 -0.00255904604508033 0.0465792283600994 0.0764374717678491
-0.0315718356468516 0.0565101212814727 0.562010581217342 -0.430344133090729
0.0382801415993126 0.0338900271877329 -0.0721610774801411 -0.900143851443271
0.0554684766605869 -0.0136789869861783 -0.790882064562538 -0.313820702966202
0.028813609339676 -0.0293032122217629 -0.482566242685967 0.426882336010066
-0.0162067412025932 0.00568918890455785 0.0706450515671236 0.410889670121121
-0.0217230975301572 0.0241957115295962 0.20769611749831 0.0447871648518152
-0.00780672064225828 0.0418722477167849 0.0745447111738045 -0.206310471539721
-0.00368562248514747 0.0406310666477265 -0.0278604313384772 0.194785489177225
0.0052039068918629 0.0266844357258156 -0.111797533759025 -0.0910438657375318
0.0203772421319744 0.0337992754190849 0.133594003923763 -0.401472952502601
0.0419797706839282 0.0424101152353196 0.557760713625187 -0.108914811362493
-0.00193007086529731 0.0470769362388224 0.484096356521122 0.683347070774742
-0.0503094058164228 0.0255667216924146 -0.399399976848813 0.850755119833635
-0.0621535918757809 0.0100507200670304 -0.648760343106774 0.24880933390789
-0.0760137051160294 0.00868026387696891 0.0291300461830985 0.0833961914695759
-0.0405580271408641 0.0715827826720415 0.58558032753926 -0.398143736592711
0.0451470806802411 0.0445558515264173 0.00666637244991157 -0.9118597825391
0.0599005997344166 -0.00710401709550793 -0.762736957107373 -0.385801085579765
0.030770360314595 -0.0204364514333959 -0.51411199441524 0.392954977857505
-0.0110132995043891 0.0177654914818178 0.0441647995830604 0.41893824997432
-0.0149114068263916 0.0376977497121909 0.200352475614788 0.0582568682957836
-0.00439089049482624 0.0506570719201005 0.0720662255093503 -0.20740330975722
8.18016577991531E-05 0.0457442811812474 -0.036296867371551 0.19213658391651
0.0108517835909969 0.0343626898304356 -0.132001573943338 -0.0759443847396811
0.0223028022205948 0.0413348216624357 0.0896236813030637 -0.405067576587749
0.0409331930571744 0.0450462491055016 0.540217975565191 -0.172351251452181
0.00613578047633743 0.0492590831390532 0.569016541963288 0.606633840686967
-0.0406137929860573 0.038842173462396 -0.27990635639209 0.876400885370071
-0.0673020119272353 0.0255507540862308 -0.62462395165433 0.304287368599464
-0.0889699658435731 0.0161180418989469 0.00104803251324421 0.0949863314153117
-0.0514263214069876 0.0798502815283441 0.615185362697261 -0.344104019232551
0.0444088703586311 0.0555894807631783 0.122718484678507 -0.917401766256887
0.0626307988868233 0.00245135609688546 -0.707506948724892 -0.486265970543327
0.0316575075848612 -0.0126816409581778 -0.557309674540503 0.335868162052441
-0.00872837804712747 0.0253549122362486 0.00466230202615561 0.431311111939529
-0.0109172625369746 0.0465149861070825 0.184838065677324 0.0779514711561137
-0.00138813113697529 0.0571023198210371 0.0656750585106219 -0.207380531793595
-0.0268324674021746 -0.00553829340009789 -0.0374424128996959 0.190710526070082
-0.0201009245590998 -0.0505767326774908 -0.155143035157947 -0.0609730673832878
0.0129911088796983 -0.0583164087049425 0.0407635186206434 -0.402320419301146
0.04425093197322 -0.0138731966938205 0.501928045441224 -0.233849834883004
-0.0191491641244965 0.0269969504958089 0.652768422629003 0.529255128991135
-0.0789119678664966 -0.0173380379139943 -0.132136284932297 0.91685159889027
0.0159530928912487 -0.0591844086184918 -0.609609609248465 0.373091687371595
0.0493922880766371 -0.0557740988044885 -0.0343620007593004 0.116028360321546
0.00522566468549845 -0.0159498148794393 0.641808376102002 -0.285367870892518
-0.00996579621387133 0.00431261163881436 0.234242134317722 -0.906714252461562
0.0326822017038107 -0.00777065626350468 -0.672083080971324 -0.571603798095363
0.0374411878795037 -0.0686517445985222 -0.623506823512086 0.2774048034892
-0.0269653912916685 -0.0677183201908419 -0.0578777815899666 0.44467423626391
-0.0443467725807954 -0.0401222609545323 0.156716076470911 0.10308979057034
-0.0205500656035372 0.00052974391755325 0.0512525756007233 -0.214083996492822
-0.0253794681487344 -0.0041653688870075 -0.0271984780072477 0.191829324407766
-0.0179211627604859 -0.0492051111431349 -0.132438291258201 -0.0809445661535987
0.019499262283032 -0.0532003612947121 0.091319119413806 -0.403061496914846
0.0492791463070802 -0.00621011429700693 0.534861912339882 -0.163787440399763
-0.0242660970348937 0.0280143846890638 0.568879296308315 0.631486509423715
-0.0773392202070737 -0.0257086047891766 -0.275604429853543 0.904885355994408
0.0175689731007097 -0.0574719393879177 -0.642169593466794 0.30792440210675
0.0403592248535189 -0.0523143486310477 -0.000993626128987689 0.100933465662953
-0.00219362005701725 -0.0104199151678143 0.611349806788408 -0.352032295417392
-0.00530439612840469 0.00866692972093904 0.0934860134519152 -0.917865652839545
0.0359101704889137 -0.0143257464965037 -0.745117873662394 -0.45827035479131
0.0305591270224792 -0.068236302127638 -0.574136432355752 0.352358689815846
-0.031874283667928 -0.0584245507041298 -0.0070708345039148 0.435434813726551
-0.0459472429359479 -0.03281502301746 0.177601443684836 0.0800634696139857
-0.0207411215823971 0.0033215250300434 0.0580963267153907 -0.213279995599885
-0.0242370693372844 0.00110823643250196 -0.0199933059867845 0.195298566210438
-0.0153017381977767 -0.0394505444050104 -0.112234530548498 -0.0937542331287413
0.0236264431486766 -0.0405376044773155 0.132738802184947 -0.397887816255158
0.0521874218333573 0.00454237660586439 0.553728934673405 -0.10178929366058
-0.024851102936996 0.0291536140631639 0.484551234616839 0.706917990351942
-0.0727877750547368 -0.0274836102786796 -0.395155578549838 0.874580532997437
0.0123878270274054 -0.0493508682555234 -0.66381222306381 0.25122246982846
0.0233204763833948 -0.0426904661779225 0.0265892424041775 0.088170100889509
-0.0105628956692861 0.00150494823105109 0.583035603830348 -0.404619177382427
0.00322826761299907 0.0126219924413599 -0.0191399518347483 -0.911771038389336
0.0391808211531094 -0.0177147787095159 -0.788073100223787 -0.363653438875048
0.025962838904887 -0.0619948584838722 -0.528419519631014 0.406831833460408
-0.0330875276437181 -0.0438136604171283 0.0377634854674967 0.424198087085391
-0.0440776388193551 -0.0198250790310421 0.194306058237356 0.0601611734321836
-0.0188702061406997 0.0111465690674148 0.0647433569039629 -0.212067648758867
-0.019823513305864 0.0111657382233466 -0.0162580294980545 0.198464908863915
-0.0109160355683176 -0.0259776861701014 -0.0989630693513491 -0.102177813051185
0.023732160682826 -0.021620414763464 0.159537018635633 -0.394341249158881
0.0517819320279084 0.0161202602055305 0.563906911365085 -0.0617090524203999
-0.0233384581345559 0.0321196723099177 0.423651028183126 0.745746517100632
-0.0682396502251424 -0.0213023692286473 -0.477805099577169 0.847154747230457
-0.00387733817956526 -0.0374162977959306 -0.672827255265217 0.212709106193596
-5.15270714822021E-05 -0.0296403052167451 0.0467902056101891 0.0793760444253243
-0.0171381407706887 0.0186031120988229 0.560946680825482 -0.436495822901427
0.0147288661177519 0.0189332279079937 -0.0882695947405362 -0.902369855165676
0.0438767092939696 -0.0199858309784871 -0.811363593191212 -0.297978640179486
0.0245642741288975 -0.052906676361182 -0.491508888186556 0.438438813973741
-0.0300464163526424 -0.0263878465032443 0.0688192793684681 0.415920627804946
-0.0375931250217727 -0.00454820096062557 0.205496091847488 0.0456422575635042
-0.0164202400511594 0.0203323996177739 0.0709036054763967 -0.210931201402011
-0.0145221776541369 0.0207356386039799 -0.0159056440641017 0.199162123827816
-0.00685895886988889 -0.00752221051930032 -0.095186556318761 -0.104419908474472
0.0224675267913431 -0.00166076055168842 0.168172150098387 -0.395125315649586
0.0474546471048658 0.0265596635361822 0.568976404713274 -0.0495660941014494
-0.0185878006422423 0.0369857213937474 0.404614665452609 0.757486702858522
-0.063270486972737 -0.00756004022209177 -0.504493552130108 0.83362275435005
-0.0250648351870193 -0.023212742652453 -0.67478264307563 0.201924445627098
-0.0276570177112295 -0.0159895998792139 0.0542109959447022 0.0753417641372835
-0.0233105785273446 0.0383394292337496 0.553322697722652 -0.448508403940604
0.0271321846067597 0.0253387498547091 -0.110662223028715 -0.900526384676127
0.0496592397462395 -0.0181958243423189 -0.812257182307102 -0.281343859156502
0.0264469702429805 -0.0412321871354743 -0.473721676922004 0.447418251442838
-0.0228572100358173 -0.00962098457356108 0.0803098367237136 0.410637808046749
-0.0301707408544929 0.0111300563981718 0.211408281088262 0.0397574545807027
-0.0122794303473075 0.0320246748187981 0.0739158686307949 -0.209626608358707
-0.00858691834926272 0.0325404531086779 -0.0196975285805244 0.197307824617757
-0.00141435858260899 0.0107011187604611 -0.100591846678859 -0.0998239193212839
0.0200326360307814 0.0182604032546208 0.159635656924682 -0.399360325748589
0.0440746618159361 0.0358705882654129 0.570517164144111 -0.0690580439846674
-0.0113446686908597 0.0426408725447329 0.429475030328693 0.736532109866113
-0.0574729082703689 0.00870105879712599 -0.477582559395938 0.838664644240812
-0.0465801823788286 -0.00740428802989563 -0.667972299363323 0.215274127494984
-0.0538722141452105 -0.00210244521243168 0.0477154785655611 0.0768164349843489
-0.0309683185692965 0.0568774479430095 0.564722894944099 -0.438464020179921
0.0388320588160803 0.0341792378371148 -0.0787813656308975 -0.906493232875994
0.0553728219076906 -0.0144886949248734 -0.800330086424413 -0.310358570451485
0.0289799116369752 -0.0306087295050689 -0.484093629515548 0.434803182855011
-0.0165823487881136 0.00475340387977941 0.0741269595816652 0.4160344972842
-0.0218449303347733 0.0258422790186966 0.21053746229021 0.0449677771067453
-0.00713159808282691 0.0419384120839144 0.074207060651064 -0.209317133155466
-0.00319647097112495 0.0408191187056357 -0.0272228538626621 0.196915958737466
0.00473801639847838 0.0257738764186173 -0.114316066359099 -0.0906334795318517
0.0200318962125322 0.033426975661651 0.131205078439395 -0.406211785953714
0.0422374746417024 0.0420162950216352 0.561961047452731 -0.11455620133043
-0.00319210513843352 0.0479410018980292 0.494480636183781 0.686173557396341
-0.0506122903341796 0.0256089121334956 -0.396581738113798 0.862811475176421
-0.0624708043431318 0.0100863402806479 -0.650984614567071 0.256133006054296
-0.0767103204187937 0.00952317579482484 0.0299364397232784 0.0834738754382874
-0.0402635144053417 0.0722049697868057 0.586212806578969 -0.405405172210647
0.0453556163371307 0.0442679652245784 -0.000628933797835064 -0.920916903093725
0.0604679925021262 -0.00746519248425268 -0.77120247799922 -0.383133334683893
0.0309525400223512 -0.0207001380245505 -0.515356897784172 0.40213599779721
-0.0106397246503329 0.0171057814148962 0.0485237730732406 0.425023424445457
-0.0156236789098125 0.0390090145560489 0.203214136027898 0.0580912192235495
-0.00260492142479781 0.0512354556094498 0.0706052529492556 -0.209332891302278
0.0018607641341935 0.0461838392791148 -0.03558010605421 0.194027197935239
0.00974689640704033 0.0341489013009601 -0.13402742136437 -0.076403004513738
0.0233783457285359 0.0421491650726041 0.0873956136277617 -0.411497480542762
0.0420842896300181 0.0449449789128133 0.544567964967035 -0.178323372399499
0.00556234505857341 0.0505526985851791 0.579270677356241 0.607972613248754
-0.0405866222235491 0.0400176637833293 -0.276616487858585 0.88536893835308
-0.067554613808757 0.0259240591492744 -0.627546297772294 0.311610989199522
-0.090226555287145 0.0171770409510869 0.00248345853914373 0.0951413841178884
-0.0519192692775793 0.0810013420269475 0.616800606395523 -0.352651944292779
0.0463483386765972 0.055217752640339 0.118212327158579 -0.927139388086553
0.0637756942026611 0.00252356045669862 -0.718033509059428 -0.485364927929896
0.031973182525004 -0.013927935573057 -0.560802111129921 0.345041754700132
-0.00824352286289223 0.0245613572487585 0.00867169573476727 0.435223346580307
-0.0109158423604965 0.0477963560198919 0.187426298544564 0.0785259994425955
0.000301822712295197 0.0574013453234165 0.0645674181635003 -0.210225527869555
-0.0253833449305837 -0.00489402006481908 -0.0359834317281353 0.190113575543334
-0.0201382310126058 -0.0515302807460277 -0.157878453164059 -0.0603898934952893
0.0119426097197155 -0.0593450233373886 0.0361112182741406 -0.406846622362261
0.045444358948986 -0.0152107156411697 0.50364836598353 -0.242780035341611
-0.0194786538965371 0.028044598916889 0.664499581586088 0.529468623341185
-0.0797165206071223 -0.0161242522152158 -0.125111369383523 0.924984664130973
0.0159209728187077 -0.0609363082044803 -0.611947278787328 0.382599048044935
0.0488472476551089 -0.0569547154508606 -0.0344755452456817 0.115307222026134
0.0069142092999238 -0.0160911978574067 0.643913479491572 -0.292555024710204
-0.0102857621318731 0.00434902619275357 0.228750335595119 -0.916171588094439
0.0331169136625702 -0.00825442959444448 -0.682171312619785 -0.570051387850859
0.0372217752308132 -0.0700215333307258 -0.626877302104907 0.287655163600071
-0.0266266398434002 -0.0677686182273998 -0.0540268112104128 0.44873249337318
-0.0444855912924476 -0.0400188466020874 0.159092995578292 0.103093756532909
-0.0196366345243489 0.00102806433854665 0.0489209802013581 -0.21695475366943
-0.0260065042716177 -0.00411542954618108 -0.0264409691780852 0.194647439975584
-0.019444792923292 -0.0498676991126842 -0.134603787635687 -0.0797364090187371
0.018563828492275 -0.0538923687982486 0.0898927672127592 -0.408182864050312
0.0502464388321665 -0.0078205809353965 0.538708367631533 -0.170330624402461
-0.0236282318904175 0.0288167695415578 0.581353044793238 0.629908359474777
-0.0780647818275877 -0.0253192787496225 -0.268156444893217 0.913483623261675
0.0180771541367121 -0.0587390777257703 -0.645687715477867 0.31711112743259
0.040615769717799 -0.0523816442088408 0.00114513641357722 0.100994465123026
-0.00138115221447546 -0.0108699272951052 0.613655791481384 -0.35934988637477
-0.00558452849601129 0.00821941767304359 0.0855070772144351 -0.925410695001377
0.0357852766852001 -0.0142361050314701 -0.755663063260612 -0.457211528994
0.0312083630846123 -0.0686000627961447 -0.577220074372698 0.360837159598782
-0.0327619275483884 -0.059028971469037 -0.00224211833992034 0.440464922427057
-0.0467160496167393 -0.0313748565761035 0.180066507639886 0.0794434017006541
-0.0206169807310268 0.00452906216949235 0.0571986565790583 -0.215315370720958
-0.0237867251401223 0.00191714949385043 -0.0195002056625301 0.196446708321057
-0.0155508002938449 -0.0408640363372028 -0.114411383469632 -0.094103492493892
0.0233041815408662 -0.0414791184387403 0.129941672339198 -0.404490394568794
0.0528212143269706 0.00338827121496253 0.557575572187726 -0.108050205400344
-0.0255469673425801 0.029821390072416 0.495180743549426 0.706461575486684
-0.0739971938824167 -0.0264467012187564 -0.390199327639096 0.885658595464306
0.0116991645680484 -0.050219849808953 -0.667748584543873 0.258526761086665
0.0228076234727022 -0.0434334642346466 0.028638484744419 0.0880220876858321
-0.0106177140364593 0.0020008995978674 0.584457627528455 -0.412795503823005
0.00358949089101249 0.0124692810087897 -0.026122368010211 -0.919697802757231
0.0395546487616237 -0.0188780069674466 -0.798783491193431 -0.359148367290761
0.0257410674514313 -0.0632405073007236 -0.526942864087354 0.416828817801707
-0.0338322542466358 -0.044288785999226 0.0418595298807643 0.428607858688931
-0.0447849763308503 -0.0191701395845297 0.196966830689781 0.0587885857079151
-0.0199419692058196 0.01153337744619 0.0643471700076933 -0.214681086394667
-0.0200927132269449 0.010607052416519 -0.0156885978134243 0.198778294965438
-0.0117562928206617 -0.0259871729726722 -0.101993539587921 -0.102949658233262
0.0246761557999758 -0.0235034146413574 0.15689364360956 -0.399820198843794
0.051783607371218 0.0148538466150514 0.568586436018659 -0.0667003297149752
-0.0232081744905279 0.0338667055843907 0.436218628267865 0.74877329644617
-0.0686819344896827 -0.0203593316800001 -0.473413557307175 0.858521952022568
-0.0040011999557126 -0.0383169195056415 -0.678744559230486 0.221397366966826
-0.000805875678098682 -0.0303706682960465 0.0488716123226402 0.0784580539006147
-0.0164120940073539 0.0193365019567079 0.561827410389406 -0.444165369812235
0.0159309200497197 0.018863111980752 -0.0979677401526418 -0.909337690390948
0.0447338424531611 -0.0204060279840551 -0.820901157371601 -0.29332859465959
0.024904626729892 -0.0533872100909521 -0.491288554957736 0.447285951915158
-0.0299799340892854 -0.0261971771756999 0.0728949449661453 0.419344957312366
-0.038748861906947 -0.00437328919965147 0.207961366493544 0.043758115808842
-0.0168547140620582 0.0215031448254189 0.0698052225123361 -0.213643371887465
-0.0142841611784315 0.0221189615871137 -0.0145142968936962 0.200151049394642
-0.00666186838936573 -0.00706078880126442 -0.0974956021708448 -0.104955194289241
0.0227354220758711 -0.00181478888131345 0.165195027191606 -0.401555013120685
0.0496537809943144 0.0265227495543474 0.573499762181521 -0.0559352657459968
-0.0191917161959298 0.0384674049410931 0.416013631599484 0.759194057419619
-0.063505476532035 -0.00714992717812667 -0.504094764180084 0.843384193491633
-0.0252934468498621 -0.0237637121749773 -0.679085929847403 0.20948190928077
-0.0286524318031019 -0.0161596203050969 0.0553297810380369 0.0749228014238778
-0.0233990525344564 0.0396557930469166 0.555513439865016 -0.458178025329933
0.0285718150159463 0.0257059897650075 -0.118529835724882 -0.907197479066391
0.0498709244616859 -0.0190628817946284 -0.822673177656908 -0.27451058820492
0.0257500179472496 -0.0424814931468938 -0.47351473158037 0.456161287674127
-0.0234195533963861 -0.00970433351613025 0.0852257970701883 0.414125679965164
-0.0305818059011922 0.0112544992657007 0.213138789244023 0.0388215584566459
-0.0115461125724434 0.0322609684281387 0.0726839746829305 -0.211742330999899
-0.00857360480689324 0.0323942667612018 -0.0192224308098439 0.20040241957622
-0.00216146106604366 0.0118248755296535 -0.101944615064536 -0.101724013410384
0.0210937978078805 0.0179537155071998 0.157048352093961 -0.405909588786121
0.0452555405237619 0.0351664343226849 0.573573541160972 -0.0743435418959178
-0.0113293414216104 0.0445005440140237 0.442124783418429 0.738645898428821
-0.058623824323696 0.01036679570594 -0.474322867827041 0.849349249368946
-0.0464825279497305 -0.00781014452176538 -0.672105840081844 0.221961943934422
-0.0548911698883533 -0.00124791509641703 0.0484291245198127 0.0760406766938701
-0.0312988574439011 0.0574833241849947 0.564731545361832 -0.446248441534617
0.0385083652198539 0.0329942976743302 -0.088476511903261 -0.915896558563151
0.0560988490285942 -0.0146243625250672 -0.811567522291975 -0.305068427732589
0.0285314444337384 -0.0318300580116557 -0.485217974811234 0.444905450513757
-0.0161380793311652 0.00477846534652799 0.0791272497482042 0.419481315185586
-0.0218337567192457 0.0271739983912564 0.212938742147736 0.043187130047353
-0.00685896651445023 0.0428545436038223 0.0734309520846982 -0.211472671485002
-0.00218611920373434 0.0420285582506931 -0.0255148583464519 0.198089328305525
0.00392503033611516 0.025933455641947 -0.116627967860627 -0.0923715966913242
0.0203802005866047 0.0329599539843731 0.128167731943465 -0.413356103781621
0.0425949172560737 0.041789828683078 0.56781096350263 -0.121570595098336
-0.00256189354852383 0.0488749406202963 0.504857409880744 0.687847708290843
-0.0500321303182258 0.0269152468228248 -0.391507378308827 0.872549759198805
-0.0630354339135644 0.0101834748701945 -0.656816985022766 0.26220991396534
-0.0771491004991498 0.0101899914713019 0.0308600887548552 0.0839764250278859
-0.0397439514710277 0.0733227578825934 0.588316422099598 -0.414252701598223
0.0457955466175308 0.0444020834029205 -0.00813678554189716 -0.928548578771124
0.0605442128768595 -0.00784777873737453 -0.782253557228115 -0.378180089770904
0.0308053633110267 -0.0224122144533334 -0.517491381539969 0.411234885005037
-0.0111783556487088 0.0175333423080438 0.0541937992761885 0.429243126383597
-0.0144306284357057 0.0394091260587024 0.203905812968674 0.0571340721113177
-0.00146401998549118 0.0523624386035431 0.0705010664859879 -0.211782311551286
0.00283179054477775 0.0464704272666428 -0.034928095323594 0.195908104339635
0.0108431389271901 0.0340236571876128 -0.13698385230975 -0.0761964133063044
0.0231890451999171 0.0416634271953195 0.0841789930279704 -0.416168094236199
0.0430249071674169 0.0444139724344049 0.548727996983016 -0.185569271349129
0.00634908710430297 0.0516735643603626 0.592244201372883 0.606163238240629
-0.040653517122486 0.0411338534504331 -0.270780472515358 0.894949919129045
-0.0676188701548472 0.0267348248956129 -0.631009712931613 0.318477714834867
-0.0911826415079599 0.0172884809796609 0.00340416382848998 0.0953539743306151
-0.0516219282260695 0.0825099888107906 0.61689806771211 -0.361269881002194
0.0468024159121412 0.0550923473565951 0.112814346507034 -0.935729094083016
0.0636443714975264 0.00116034581540348 -0.728792714501752 -0.482955354448197
0.0310821134249726 -0.0143750140912518 -0.561009688152082 0.353710238796062
-0.0094822588654448 0.0245650439879497 0.015181824949294 0.439174433416347
-0.0102016075178124 0.0486902067191616 0.189716924559476 0.0765752640584741
0.00120554156955862 0.058087927010105 0.0641619944594319 -0.212459930917506
-0.0259957250743076 -0.00519216238642798 -0.0356908888239203 0.192950773200918
-0.0216582611309309 -0.0512625993379508 -0.158824727538505 -0.0591128035739715
0.0127380214750187 -0.0601526151885991 0.0319826665124383 -0.412492518109255
0.0459479042062038 -0.0160891875395528 0.506892493311909 -0.248728782918529
-0.0194060724478393 0.0296865494817986 0.677693793596685 0.522718398941711
-0.0802424472763605 -0.0152038254920593 -0.113162670580524 0.932602214308114
0.0147333946227285 -0.0616621408377815 -0.614173845172277 0.392685152199889
0.0490660529254552 -0.0582178014455526 -0.0320622551586242 0.11720723561092
0.00647901796723776 -0.0162154285916903 0.644121983017199 -0.301154294706934
-0.0103286183751451 0.00453648278966102 0.220101366850075 -0.92505538887037
0.0331778470993425 -0.00857305678687114 -0.693273789902477 -0.568169400423204
0.0367722308682474 -0.0713237144533232 -0.628910139111226 0.300663269120968
-0.0284360622868586 -0.0684177274701187 -0.0489866889348932 0.454668704358574
-0.0460502364060214 -0.0387567192242589 0.161895290066476 0.102204167046809
-0.0197754697423977 0.00164302809932538 0.048158940153936 -0.219058903269652
-0.0265074557837364 -0.002650862931917 -0.0247184554949308 0.195565761300115
-0.0204374524714332 -0.0498814090598852 -0.136036443451796 -0.0796760413607535
0.0181956855468762 -0.0552318081095778 0.0833354697985594 -0.413690399076147
0.0516332880289673 -0.00859945092870147 0.542402650597267 -0.177756715474879
-0.0241568099356649 0.029373957695134 0.595106604158927 0.626842868581279
-0.0795793449672389 -0.0240266073930815 -0.260495910897356 0.923580569036037
0.0183155780664981 -0.0596104233404472 -0.648231376679813 0.326128221163725
0.0398298853653269 -0.0542484334872554 0.00145253234574096 0.101722270174947
-0.00111401399463094 -0.0103633939321277 0.61536425931491 -0.369983316237019
-0.00606417905105973 0.00785633100168216 0.0779208770044561 -0.933401755878381
0.0363295395425943 -0.0149616096499046 -0.764945491253362 -0.451225945605938
0.0315346895136368 -0.0710918467331562 -0.57893714484066 0.373457649955526
-0.0325641377501495 -0.0589196645867896 0.00263530920200591 0.445504591789825
-0.0475805475042048 -0.0308322663318962 0.182517341585441 0.0784049836159587
-0.0202078148905362 0.0058584981830594 0.0560420948491738 -0.218656981350105
-0.0230987394029745 0.00209629251070062 -0.0171974067489273 0.198774837550537
-0.017406204841377 -0.0410123141579558 -0.116167576633712 -0.094087822887089
0.0232546633128406 -0.0425264890531753 0.127046244139359 -0.410600534959928
0.0544749977998326 0.00229812987118325 0.562314718865894 -0.11524552271517
-0.0255499875337811 0.0308270717102712 0.509417387098746 0.706633809002346
-0.0745201889637931 -0.025844334741893 -0.386681208781736 0.896368695381749
0.0118987314519661 -0.0508755224023014 -0.671405887991284 0.268176504086492
0.0229511792881956 -0.0432910526920963 0.0296925092746665 0.088089993552205
-0.010160964745132 0.0023563984714042 0.584584458139688 -0.420923849694688
0.00275934700977885 0.0130541674160965 -0.0350518653139295 -0.927646637984448
0.0398002992590427 -0.0191549723299461 -0.812431335881615 -0.351904633879807
0.0254476542065407 -0.0644812119327103 -0.529719841043717 0.42779503120997
-0.0336248712841139 -0.0439364434301771 0.0478066361078074 0.433035937881554
-0.044986638464372 -0.0177432287336515 0.198970905073174 0.0571903574707335
-0.0184919362740625 0.01350586357839 0.0633708925717449 -0.217366010225678
-0.019318565262586 0.0111673539308619 -0.0139504484380336 0.201173375191533
-0.0127382722965289 -0.0263621875664698 -0.104018709680986 -0.102695882386628
0.024261138632675 -0.023558068875078 0.153401783723449 -0.407069263323589
0.0529631059442237 0.0152218973554932 0.574282421815962 -0.0745113282943453
-0.0230917346030437 0.0351886886776585 0.447427454947173 0.750759892887852
-0.0688555154345804 -0.0195185783475595 -0.470721396011406 0.869613612300432
-0.00389221928517499 -0.0380698147947219 -0.680372355771464 0.228251317394756
-0.00161750347526824 -0.0308283667255232 0.0492621273015811 0.0778551010275381
-0.0163265729169048 0.0189584983781061 0.561075484931805 -0.454921537619172
0.0147475618440629 0.0189510652968311 -0.106952446799034 -0.916534450752362
0.0444434417379608 -0.021012651507183 -0.831124320468127 -0.285198447411954
0.0247453300040108 -0.055598766072263 -0.490227085798788 0.458784838902941
-0.0310692295261312 -0.0273412773421636 0.0786620899578524 0.423426179840398
-0.0391784658581698 -0.00311724368702739 0.211151910301948 0.0429095965582665
-0.0160295671996438 0.0226307260770683 0.0689649449900356 -0.215050863724385
-0.0140530724085989 0.0217171616339571 -0.0136555768930194 0.202354482168235
-0.00755231815149732 -0.00762280991876092 -0.0991216677957817 -0.105157553648799
0.0227452523022481 -0.00227891195474419 0.161972054649713 -0.408985892049363
0.0507762845102207 0.0249064465846864 0.57925542716549 -0.0613387279043164
-0.0182683917000091 0.0401627410750009 0.429332579294242 0.760077668310214
-0.0642120968826833 -0.00661529669997306 -0.500099242817545 0.855231094238357
-0.0248306730015284 -0.0239618995523206 -0.681828518075891 0.216804377978334
-0.0290603991042174 -0.0154510616239792 0.0563584503019265 0.0735223901036875
-0.0229653309586936 0.0394452360054837 0.554240648982954 -0.466935044035369
0.0284129498213249 0.0249853645885547 -0.130079843830196 -0.91174565769546
0.0503180346421 -0.0190615927393365 -0.832581762077711 -0.268068506582438
0.0251545451060726 -0.0430935349648356 -0.472592118569681 0.467587631939898
-0.0235148458440903 -0.00984047106673397 0.0917649536762021 0.418610738532728
-0.0304756831921108 0.0132313781114154 0.216368601463149 0.0364949219665422
-0.010320128687673 0.0333555811116809 0.0713665746225228 -0.21513295174268
-0.0078844493886084 0.0329350784278421 -0.01769058801401 0.200675264249618
-0.00202999075169112 0.0114378628573783 -0.105144049933558 -0.101297784713063
0.0216024466038478 0.0179301025665669 0.152021921678762 -0.413254243179193
0.0469393335617356 0.0348804906533452 0.580274764216265 -0.0817717555314172
-0.011641537776557 0.0453025120407865 0.454316978984182 0.738110418876381
-0.0578975783354141 0.0113530123393057 -0.468996407239129 0.861687389682209
-0.0472545378287208 -0.00629257315893451 -0.675182004711314 0.231362654442722
-0.0555806653477245 -0.000155492130971675 0.0500950387422193 0.0759662131077342
-0.030194130541017 0.0576814491094812 0.563596272726628 -0.456580202407741
0.0397413609843956 0.0343085367576693 -0.0974939524076174 -0.921162881918971
0.0558898271774269 -0.0156766707130305 -0.821750186455905 -0.299376924327444
0.0282640990148228 -0.0325777116282343 -0.482344682665856 0.456780567066688
-0.0164047246384901 0.00526464267113153 0.084311296265086 0.421829432837345
-0.0218601937641623 0.0282875732576303 0.215048677562476 0.040857844079628
-0.00608699412891921 0.0439440022352832 0.071560433853086 -0.214342533303631
-0.001377280990391 0.0416152592021663 -0.0245969940774959 0.199768942700655
0.00428271783103884 0.0256089187602277 -0.118016706882378 -0.0908397872026077
0.0212990638396883 0.0330034033321761 0.121979938329928 -0.420064968006603
0.0442368896945968 0.0401304650985809 0.571324494239894 -0.129231531505964
-0.00231698598187922 0.0501088381290772 0.517433460935551 0.68624327899323
-0.0504133487288043 0.0280373040465639 -0.386288131949617 0.883049178065259
-0.0629120943594109 0.0119632688702403 -0.656664888355131 0.271253660456041
-0.0775583616693305 0.0103878036816456 0.0326990446457415 0.0838273495877729
-0.0394263389923628 0.0738750623669094 0.586584757966073 -0.423345908772915
0.0471637429830639 0.0441748403061859 -0.0182368237571714 -0.935445349560151
0.0611946080734287 -0.0080870182680667 -0.792326810145898 -0.372911450856219
0.0303802410746175 -0.0231115985205716 -0.51719904621104 0.421568462727566
-0.0106480315264474 0.0169749334606293 0.0607297179641157 0.432080115014086
-0.0141519066340578 0.0412579433015815 0.207338249353372 0.0549556813927327
-0.000545008429159059 0.0523686968150575 0.0688295228474716 -0.215407102450175
0.00324127546680536 0.0464059124217 -0.0337431388527078 0.197129414974365
0.0110640925640344 0.03414342603956 -0.138167094483211 -0.0754614983637579
0.0238608469430757 0.0415485792173191 0.0804399425268022 -0.422177911112321
0.0447910322165757 0.043538759029683 0.552322161455078 -0.194213361213688
0.00625374689637172 0.052051855913702 0.60365165093442 0.602570908247228
-0.0407725026164763 0.0424116338145415 -0.262460973209157 0.905290540340104
-0.0687057732659268 0.027010890673901 -0.632693435655358 0.3298561879956
-0.09204243258489 0.0187688306674633 0.00444304056679508 0.0966314787097595
-0.0501889451849301 0.0835202074368862 0.62004860537222 -0.37055997894684
0.047238183999222 0.0548136712313112 0.101658093881243 -0.943141863019058
0.0639197596678772 0.000442904577631412 -0.742202943112731 -0.479703398182172
0.0311000001661788 -0.0150748325041249 -0.563181901691305 0.365122515761528
-0.00813177132011769 0.0246279882948051 0.0192425966255781 0.443997710294956
-0.00977835748626189 0.0499350813036937 0.193096157918167 0.0752560191047882
0.00188518098615684 0.0586975673555805 0.0623746442519166 -0.215120194819072
-0.0250379470522404 -0.0038440702366993 -0.0336770333039068 0.193380053279002
-0.0231461334732883 -0.0518975046403123 -0.161583637867319 -0.0580772382233552
0.0115806063074077 -0.060142017315321 0.0270963105321944 -0.41582263137355
0.0465039192500942 -0.017132614057685 0.506777998485293 -0.256811028090892
-0.0201335136208109 0.0301867706871408 0.691187004042656 0.515059144510371
-0.0811709866496431 -0.0137654703284957 -0.10559114280666 0.940529435618611
0.0148073015042037 -0.0629601244798978 -0.611908905078015 0.402171328858233
0.0481108359280225 -0.0596529339182081 -0.031574136733107 0.118139975580808
0.00693193940425911 -0.0171908055555065 0.644085550177903 -0.310956765162123
-0.010421991653168 0.00459385532287506 0.211607988129359 -0.936158582659781
0.0329317907445793 -0.0091934403506221 -0.704526447031327 -0.562421053233222
0.0358469895999339 -0.0728046334477178 -0.629738554389923 0.309694083284983
-0.0278586955664185 -0.068988607697787 -0.0434008399434011 0.45916786172202
-0.046869249720362 -0.0379499223178866 0.16449667634467 0.102083351541615
-0.0196690889724337 0.00319791212428253 0.045747892334648 -0.221469117220081
-0.0256803152690012 -0.00237630095572307 -0.0237000126407534 0.197499499743948
-0.0216626108457899 -0.0500111766622789 -0.138623699996446 -0.0784634113413628
0.0185254247121163 -0.0562107910389312 0.0787521605236299 -0.419948867442989
0.051922643724824 -0.00980998878102345 0.543102569142578 -0.186968064487518
-0.0241086396396244 0.0311158071438695 0.607499600976028 0.623297225370985
-0.0804622933844542 -0.022973975966531 -0.252116734172928 0.932593388621548
0.0178532258906534 -0.0607415042249767 -0.648871972607787 0.33501342427142
0.039781906813846 -0.0554695788571016 0.00312175197336786 0.101765213117425
-0.00161797746615138 -0.0103259510198369 0.613006641783799 -0.378515963270229
-0.00609072502922187 0.00802859179082106 0.0682095320972118 -0.940761452247965
0.036074744394156 -0.0154066157241205 -0.778763528988613 -0.444302325241613
0.0294664343822973 -0.0719469518035746 -0.577547190603787 0.384855479895466
-0.03331213110081 -0.0595343934362692 0.00978642970340471 0.448997199029327
-0.0478800833098575 -0.0298755090481756 0.185049743045095 0.0770221251269084
-0.0203374582811729 0.00694402228508741 0.0539979401962049 -0.220489971996857
-0.0227748143970896 0.00303389616124859 -0.0156044271396653 0.199749299723278
-0.0176965128778208 -0.0412984329950552 -0.118384995953689 -0.0936096339784987
0.023083246909537 -0.0429259997674999 0.122352504021911 -0.417755395156321
0.055266052786185 0.00133587216640288 0.56524456951702 -0.122505536133827
-0.0257412059093305 0.0330417510777352 0.522833811061648 0.70362883228234
-0.0757503214789891 -0.0239615998427297 -0.377270452966011 0.906444356885681
0.0118514445243051 -0.0521102833339602 -0.672109126393546 0.277458954809891
0.0223219377018427 -0.044731148936312 0.0307575423512238 0.0883078535443385
-0.00980921896725142 0.00233697316001181 0.581837801121031 -0.431895297800476
0.00379802433819056 0.0125659044013519 -0.0478882910330669 -0.931836134237732
0.0402275132916637 -0.0196961217018351 -0.821270171763859 -0.345417297447963
0.024634597943328 -0.0660004475596645 -0.527437317442591 0.438639582359046
-0.0340187408472609 -0.0442420999803445 0.0539324304184748 0.436323238543709
-0.0453918607263328 -0.0164268064506467 0.201490412901124 0.0550705099423118
-0.0183019014805439 0.0141376051058249 0.0614256211519365 -0.219969748845819
-0.018183176739312 0.0116746142677892 -0.0125719453125698 0.20067132543394
-0.0129112077644105 -0.0253881216983419 -0.105323911796091 -0.102907232259169
0.0242046192285424 -0.0239302224969283 0.147374776718868 -0.413415712486885
0.054129132274244 0.0130608273792418 0.578601700869926 -0.0810416996962929
-0.023600843512189 0.0358443270057005 0.46133139097429 0.747001489967956
-0.0701554824688449 -0.0177249654851516 -0.460928857171787 0.880079987908853
-0.00393481896722528 -0.0397074508697174 -0.68345777165146 0.238182962754008
-0.0015577852639857 -0.0311271749770351 0.0507637447210772 0.077932565243324
-0.0163990239022475 0.0197159332865881 0.558957232474776 -0.464532825079474
0.0156389840544692 0.0190967784012793 -0.118369936637744 -0.919908544375298
0.0445599435585585 -0.0215874410428846 -0.842265833646584 -0.27833253531424
0.0236401773474801 -0.0557128241528944 -0.488665951883195 0.46910561839924
-0.0309792005265626 -0.0280124207396615 0.0853413060095767 0.425865854514487
-0.0397642864908436 -0.00157492885628646 0.213373494268136 0.03967579761969
-0.0147208737126441 0.0238927208824088 0.0664191538549657 -0.218334031961411
-0.0123541350037458 0.0223139784198697 -0.0114316943979573 0.201971082710366
-0.00798184495870499 -0.00717209846168567 -0.100671898109377 -0.105289342758558
0.0230847369459813 -0.00302532422728262 0.157334078564077 -0.414823914038554
0.0506286444171013 0.0244399304150867 0.583589571114569 -0.0702310763620914
-0.0186216646729606 0.04146328530703 0.443429514769371 0.758192839385537
-0.0644414608015546 -0.00523664058642406 -0.491609741581249 0.866970369357372
-0.0252731108110626 -0.0222644034032795 -0.685148854728931 0.225934663217999
-0.029345770254298 -0.0152598969621965 0.0577135066885844 0.0733261773576759
-0.0223138412606901 0.0399771256815353 0.551017312387137 -0.477929529121486
0.0290828217315072 0.0248534058640134 -0.140594542537042 -0.919609150143563
0.050486251810789 -0.02062631514367 -0.843188639618063 -0.260547045433562
0.0253213120432404 -0.0450394796144055 -0.470799653087883 0.478947047980697
-0.0244490466343413 -0.0103545624788621 0.0994006721636201 0.421365979737833
-0.0304806125480965 0.0147468037371473 0.218221139812819 0.0338532635878168
-0.0100297421653522 0.034496023956769 0.0697735313120704 -0.216940752399894
-0.00618332200433436 0.0324572349175875 -0.0162557272469572 0.202389886432432
-0.00240851655884412 0.0109900523748979 -0.10732056168554 -0.101586206906545
0.0211156804293844 0.0179779728332904 0.148432447766233 -0.419062789429258
0.0475592145372548 0.0340078592439036 0.583352169820676 -0.090147039633379
-0.0115070339146435 0.0463320596614907 0.469632614839094 0.736915695562
-0.0576950990560269 0.011993379463762 -0.463558702047362 0.871941447092725
-0.0478671879610196 -0.00607713816487128 -0.675806627889894 0.241442682807875
-0.055544186293591 -0.000135670719453075 0.0513190639968183 0.0754979680211958
-0.0288026638307856 0.0593379275105892 0.562848858633681 -0.466331546529621
0.0400828200874694 0.0337160359271811 -0.110280520043707 -0.92759980661348
0.0557825554492862 -0.0160535288687313 -0.832057968357135 -0.290545976527063
0.0274019985996903 -0.0344621434950658 -0.481228001242601 0.466909251685948
-0.0161582840548764 0.00552651469685308 0.0924670879241363 0.424521849755741
-0.02159395700396 0.0298333962126035 0.217254756039209 0.0386880725435525
-0.00473249368309324 0.0445206861961309 0.0705164706059974 -0.216648027543005
0.000378573003695957 0.0415096585467377 -0.022987700980031 0.200841635188806
0.00333605748484033 0.0258805763941042 -0.1206809594341 -0.0906352260506326
0.0219488057453063 0.0340761041254894 0.118472968250428 -0.424643465317256
0.045668767480301 0.0387083298905126 0.575244580899099 -0.13727738454629
-0.00211852014185485 0.0507837289036066 0.531216950419741 0.682866301024511
-0.0497864648500933 0.0294891242063361 -0.379438018594745 0.896385885505326
-0.0630548748828754 0.0116988931612572 -0.659473630081004 0.280274690683753
-0.0783604617086825 0.0128956261915351 0.034059502063466 0.0832244643744305
-0.0379864820586309 0.0760727088200207 0.587244748747669 -0.434312638559507
0.0480178673659562 0.043558047329004 -0.0297924788446873 -0.942475329418908
0.0609918462901967 -0.00939129697732964 -0.801928228518508 -0.365734955680727
0.0303233061745141 -0.0236222062725797 -0.51471782927927 0.431982063819896
-0.0103123112020378 0.0167122213644281 0.0668786953758528 0.435427621353169
-0.0133542859849405 0.0421443130816942 0.209111330131832 0.0525934242269284
0.00101634421000265 0.053427594266591 0.0666672557358922 -0.218239865268654
0.00456644808198725 0.0460739304098142 -0.0327587675454473 0.198832581314829
0.0105977812357763 0.0343189029305131 -0.140489194784016 -0.0743402261319218
0.0246165059224759 0.041453490068297 0.0748385690039326 -0.42669960150719
0.0448880370299088 0.0427148646661133 0.554316739248917 -0.203833375410484
0.00723629664097573 0.0535336744405104 0.617930956926655 0.597863119555905
-0.0395735707300697 0.0424932778876482 -0.255106466489921 0.913680319803934
-0.068676444014122 0.0278567584505261 -0.634478838137306 0.338089600985971
-0.0927152998118304 0.0196011971203648 0.005868153099381 0.0967421554734428
-0.049875374410393 0.0844959633793044 0.61912636959945 -0.380221822727439
0.0482662797664179 0.0545159711170118 0.0905246150222358 -0.951275888551919
0.0642756190372796 -0.000169604617280019 -0.752858104191788 -0.471967937931312
0.0311933018726928 -0.0170030972301037 -0.561906503617895 0.374819124840573
-0.00808805532740673 0.0245487837643067 0.0256983980641997 0.447138750168643
-0.00879633415926007 0.0508845094198719 0.194643292517023 0.074019936276811
0.00392496107535776 0.0595595964128308 0.0606387761479733 -0.217669854553267
-0.024557667848867 -0.00268537214200629 -0.030996766675459 0.195979572879067
-0.024038846046803 -0.0515148509245535 -0.163128917732778 -0.0564808760595894
0.0115795578871002 -0.0606707951702822 0.0211103086287539 -0.420277493295162
0.0468458472959434 -0.0185918890906157 0.508411471492184 -0.266289759607454
-0.0202697515950163 0.0313639825745586 0.702340983058645 0.508984283980303
-0.0816515280008384 -0.0119720511389767 -0.0940134168526784 0.947120360785759
0.0150957198697611 -0.063885493739462 -0.611705973054808 0.412853822512643
0.0481179090515596 -0.0607149084815066 -0.030118551764312 0.118793255038413
0.00689854121878596 -0.016964933699166 0.643580814874538 -0.321548609395658
-0.0103133391133379 0.00448892942875753 0.200645058516795 -0.944788643825891
0.0323637434999649 -0.00922625591526489 -0.716679024497298 -0.55574606627403
0.0349788289228059 -0.0741758394025154 -0.631165274351208 0.321760075326742
-0.0290320644469599 -0.0696250143105938 -0.0359418398641814 0.464348836840715
-0.0473192603122678 -0.0366356766001953 0.167398106360289 0.100109804332745
-0.0191208990617716 0.00403504875551551 0.0436395548486885 -0.223265137423109
-0.0253240212817156 -0.00125509439663675 -0.0213966696739133 0.198082445083724
-0.0228354215672393 -0.0501594898915418 -0.140386511751546 -0.0768552545787806
0.017353814112272 -0.0563448360872966 0.074126376403145 -0.424044487050429
0.0529529371624499 -0.0108986835122325 0.544893509014841 -0.194882612434868
-0.0238804741826272 0.0319930550685747 0.621536783647291 0.617007158150507
-0.0807343393503667 -0.0218922680045882 -0.242499068731818 0.939010972017871
0.0176306825311379 -0.0621943970149783 -0.649570111661423 0.347205779895695
0.0390503495362309 -0.0554003148855768 0.00453857658790713 0.10156951877619
-0.000717023380967975 -0.011174769980028 0.610691754164435 -0.3904650108345
-0.00584126575408048 0.00788805453276104 0.0550954716815697 -0.946908112824513
0.0356986822070344 -0.0154580305129028 -0.788189175705855 -0.436994460095326
0.0284299872449064 -0.0733523905261747 -0.576166429120157 0.394953000177147
-0.0337521150131202 -0.0601491007718693 0.0163221106141405 0.452353830139164
-0.0492619643627901 -0.0281035099485631 0.18857159256842 0.0752971034345245
-0.0199701614081021 0.00724899818172751 0.0511286608853756 -0.223095498621252
-0.0225582782797951 0.003245779289099 -0.0136786995160086 0.201349195022243
-0.0196562852982712 -0.0407386193470555 -0.120977763725477 -0.0931882718329372
0.0221242882526866 -0.0433120940245719 0.115938817049192 -0.421498400321339
0.055299403222353 -7.2325346254315E-05 0.568134409650127 -0.130995299200517
-0.0257597429774299 0.0333172941809295 0.53742582904746 0.698951823573991
-0.0752397932373419 -0.0240048476458682 -0.368761939519285 0.915130872746195
0.0114958816760894 -0.052076462393704 -0.672715024547951 0.286852886702352
0.0211432058689642 -0.0453546450206724 0.0322325370175206 0.0878070141051946
-0.00943815258134693 0.00234923848918563 0.580873968306053 -0.442242089980519
0.00338874479039215 0.0123434635985087 -0.0582376900090184 -0.938461577422534
0.0392225215504217 -0.0204584393123289 -0.831236173060454 -0.33667753466524
0.0248297404349041 -0.067387887689908 -0.524837874528867 0.44996899419636
-0.0352165937173255 -0.0439424787090389 0.0611118299866859 0.438664495327447
-0.0464496741142133 -0.0157406279784991 0.204282474962321 0.0531346221860438
-0.0181580946050098 0.0158006694956942 0.0596866396918024 -0.221108943902467
-0.0182824985762674 0.0120207278026413 -0.00967690640771816 0.202560665028087
-0.0146267877425542 -0.0261497747282516 -0.10878830048348 -0.101769335044847
0.0239103068914677 -0.0249437081055093 0.143288507390674 -0.419716074361394
0.05481345125648 0.0120877202882472 0.57990768004316 -0.0904497577136021
-0.0236229339974204 0.0367571329055788 0.475058210025401 0.744396149966664
-0.070574012466288 -0.017157993481152 -0.453075582764519 0.8911123332905
-0.00351545507894451 -0.0393060700354559 -0.684019371745858 0.249233877943881
-0.00258457869986501 -0.0312481965005595 0.0518950291127879 0.076846340722796
-0.015651843283532 0.0197049613860462 0.555716077782738 -0.476664781394352
0.0171178815798118 0.0182148945851845 -0.131899912091215 -0.925470039616706
0.0449027962389739 -0.0215201395045955 -0.850106167760743 -0.268348896867691
0.0228625997928751 -0.0569059560879828 -0.484512162993197 0.480511362346636
-0.0310610310305733 -0.0271823614250573 0.0942636339313623 0.427647802512558
-0.0399386288091358 5.13811297032096E-05 0.215944102777785 0.0378108972108839
-0.0143519115898128 0.02511662754807 0.0652221562212022 -0.220227348170182
-0.012212970151908 0.0229035849665854 -0.00921217989079012 0.204046112980489
-0.00930519805510068 -0.00681325941429752 -0.104160086178442 -0.104932524948183
0.0225240643236285 -0.0031941997496043 0.153349647380618 -0.420798308748347
0.0514989670993907 0.0226468751979688 0.585420637832103 -0.0789019538195849
-0.0181613458945487 0.0426466327638081 0.456668631664339 0.754795383580397
-0.0652831303869021 -0.00416092526282466 -0.485148452150647 0.876481014685416
-0.0257636911849115 -0.0240154441600493 -0.686329141137957 0.237052741224255
-0.0297720740185806 -0.0149480459426245 0.0589127118714063 0.072842475616519
-0.0217849465557809 0.0407149630032316 0.548204843178831 -0.488055937912254
0.0292912626483948 0.0253448376831563 -0.153806969254555 -0.921802474088822
0.0503086362177335 -0.0211474064434132 -0.852872035481634 -0.249145128887827
0.0242712415804055 -0.0456931286630851 -0.467502002096708 0.488899886470734
-0.0240907727023903 -0.0106277442085185 0.105558830537964 0.423305195090506
-0.0313294073212543 0.0155394308756326 0.22091191065544 0.0313162070838719
-0.00956799430630969 0.0349949205412338 0.0677238020821486 -0.218915096153099
-0.00565118888211594 0.0336027677491115 -0.0142357273371304 0.203696282300438
-0.0028128582431217 0.0119793967791325 -0.109544801232982 -0.101224265346791
0.0222363848271061 0.0179417982778306 0.142383977548723 -0.424287335738747
0.0480863416914207 0.0330441880501213 0.587222596022997 -0.0999456419517567
-0.0109686495216049 0.0472635324859238 0.482202793546604 0.734512476541017
-0.0578737412493712 0.0139965597799034 -0.45285635120254 0.883029183957566
-0.0471338203600624 -0.00617881163819091 -0.678110160640313 0.251191463098206
-0.056430111440965 0.000927449160721824 0.0522864225467733 0.074567059489703
-0.0280297425169233 0.0596500418918754 0.558636907900238 -0.477292651143293
0.0406770016221366 0.0331937625556153 -0.122967829814718 -0.931318916976
0.0562060446935032 -0.0163709386199091 -0.84011184920418 -0.282071297312613
0.0265883047963583 -0.0348387730169171 -0.477613335485933 0.477048116376554
-0.0162380585098088 0.0045761958588322 0.0989183423719787 0.426654849283306
-0.0205084441892335 0.0304025035084017 0.219647540287365 0.0356592745548636
-0.00378602622521754 0.045421665420371 0.0683719277669693 -0.219711737366963
0.00104080887041832 0.0415131612571471 -0.0203031253611719 0.202523083128099
0.00400322954346646 0.0264237527493275 -0.123163929280976 -0.0899078620706354
0.0220266621994212 0.0324261323826045 0.112541074605645 -0.429974504188397
0.0454420651921047 0.0380948130170883 0.577098989190189 -0.146155686642302
-0.00147207962328622 0.0520445600364898 0.544767539440804 0.67851414817786
-0.0492370104374493 0.0304403394988317 -0.369596605759369 0.905018718772016
-0.0624851253150382 0.0121559580142535 -0.658328811266208 0.289523376518286
-0.0791685092278589 0.0136119172968223 0.03447095849245 0.0833375067870561
-0.0374155462807531 0.0759695971314801 0.583227160956002 -0.442840302971035
0.0483323760845918 0.0436766530131606 -0.0408365215253716 -0.947557119956138
0.0610593511098921 -0.00995037500234978 -0.81305114844395 -0.357056231079144
0.0300558388122611 -0.0240703534211583 -0.512331891561658 0.442569274706092
-0.0101384246778221 0.0171787339423111 0.0739793556445248 0.437002940198929
-0.0127046748078271 0.0430815039492842 0.211428218442599 0.0506081459236003
0.00205540912398082 0.053683751487224 0.0647702652258827 -0.220702670729291
0.00611260119007928 0.0462192034514165 -0.0305828976917697 0.200335351071232
0.0107181428116683 0.0345492450023102 -0.143043148469129 -0.0728206471906001
0.025341031157273 0.0415942429968095 0.0689703438077025 -0.43163316918288
0.0461804599447827 0.0410773536572664 0.5551853565464 -0.211742786151254
0.00789115662910736 0.0544213541151048 0.630376226503825 0.592090972665023
-0.0395579815673118 0.0438450136517164 -0.244537153903353 0.923258235493329
-0.0680277835292074 0.0288753597738191 -0.632927284248218 0.348269598713197
-0.0926785415731974 0.0215698780424032 0.00730170371628165 0.0963631205789975
-0.0484097485145419 0.0861540670348363 0.614736777684593 -0.391056954347913
0.0495483778088324 0.0542765859895952 0.0812226306788065 -0.960507171739628
0.0644148283459755 -0.000271290675805048 -0.763008503229714 -0.466090851063051
0.0313260090493422 -0.0176472191056108 -0.560595707718811 0.386596280281444
-0.00760229359974392 0.0235546040519055 0.03200021888183 0.450515628784582
-0.00807202265697822 0.0521904311983541 0.197492939635412 0.0713334434209596
0.00491238417376635 0.059782012986497 0.0582334611894368 -0.21977195137259
-0.0235409858378862 -0.0023240182673807 -0.029860882203999 0.196633735644964
-0.0256744167411113 -0.0514602053342686 -0.164724216520235 -0.0538747445239793
0.0104971842233816 -0.0617377213687825 0.0133298685012076 -0.424081075481462
0.0469788339814989 -0.0192078589526814 0.506575772969635 -0.275959254032351
-0.0202411589155456 0.0318775680183132 0.713264874662109 0.498295670605005
-0.0816775306215837 -0.0109944708882701 -0.0791195728357652 0.951916367331766
0.0143172988562074 -0.0645108823502901 -0.607192143717973 0.42281498169336
0.0465401171030304 -0.0618234026224918 -0.0281821001431288 0.11904151996669
0.00748905249215244 -0.0170417488312772 0.639556363695458 -0.333454942351793
-0.00973906075630438 0.00456422234289856 0.187404387666855 -0.950717104330336
0.0327557918125312 -0.0095099017193139 -0.728976123429792 -0.548077753012905
0.0350189707398347 -0.0760623460072754 -0.627828662673832 0.333891631492752
-0.0296034855902938 -0.0708413238006469 -0.0294545853997469 0.468074815180193
-0.0483754265796751 -0.0353258932057334 0.170913396040034 0.0982877908596803
-0.0187167912774238 0.00456893394637747 0.0406667262285375 -0.224869861566516
-0.0238036690477066 -0.00139602352253085 -0.0195508936028086 0.199374215337004
-0.0245078494143569 -0.0496582437334623 -0.142542574430692 -0.0755717020622783
0.0179092224085287 -0.0573581677982471 0.0669096685821144 -0.427691959483872
0.052579575545347 -0.0127215789844128 0.545864570292148 -0.20534761025279
-0.0235969591121569 0.0338314889569073 0.633814528911875 0.609464851886533
-0.0803833524498484 -0.0196140323290651 -0.229436614099761 0.947230476947364
0.0174625892816708 -0.0615404085883281 -0.646236289548167 0.357411147368029
0.0392259557561225 -0.0568632553136002 0.0054839645168501 0.100872124781485
-0.00110878810211984 -0.0102555603788987 0.607244965150327 -0.39885141597055
-0.00537376826549039 0.00865792918350184 0.0423962348321025 -0.953800764671806
0.0363188064955781 -0.016800801058119 -0.79851987628541 -0.425315531906093
0.02827751816494 -0.0751765177348332 -0.572442327961387 0.407571187122668
-0.0352365924575099 -0.0596650868309176 0.0243808576433741 0.455442443031397
-0.0495466538856241 -0.0268083451997565 0.190370313720561 0.0731700547425284
-0.0187218882918595 0.00903901674006001 0.0493650843263138 -0.2245657851718
-0.0217136375173831 0.00369975614681806 -0.0116724573346515 0.202332388701458
-0.0201425940868331 -0.0409229992503536 -0.123452108865731 -0.0911031581257753
0.0224464967599017 -0.0449564191327636 0.109444950083453 -0.426032757505601
0.0559181969802539 -0.00141063122255153 0.571019941716753 -0.140354005980765
-0.0251288459326275 0.0346848051018568 0.550873691258854 0.691998679737401
-0.0756409015745045 -0.0219797189229462 -0.355521748853219 0.926200557736768
0.0115938153391821 -0.0535213587353643 -0.67125176781872 0.298120373152336
0.0210894953989227 -0.0458381394416097 0.0336678940607639 0.086657270292644
-0.00911280294472184 0.00264267306689882 0.574665429824246 -0.452898014799431
0.00364833905765696 0.0125579218633231 -0.0717325781983337 -0.940918214024428
0.039612979287404 -0.0205205343592017 -0.840278224386526 -0.322991126784614
0.0231652026206294 -0.0685628941103648 -0.519533898971649 0.460899543024824
-0.0356731326599931 -0.0450280368222817 0.0686852561379264 0.440603584170097
-0.0460040994416009 -0.0136820402982027 0.206066199525654 0.0509064120698728
-0.0170573760963408 0.0159305489977303 0.0558527136846647 -0.223741472679114
-0.0173705343075327 0.0130495477931487 -0.00819208365069986 0.202400019529223
-0.0149017820827777 -0.0258499099771496 -0.110861313821252 -0.101232728200476
0.0234973958518065 -0.0263917873233302 0.137109381505201 -0.424252952974454
0.0556529057883962 0.0101321106317615 0.582231925666385 -0.101438887721119
-0.0241244899358486 0.0377138013659844 0.48819183481052 0.740225982153182
-0.0700695427919531 -0.0156909296329266 -0.442286601508888 0.901258955008196
-0.00383039962300526 -0.0402492429439318 -0.683948770278724 0.25985854389729
-0.00350519904675831 -0.0310212001448187 0.0530821926929998 0.0767190995930753
-0.0150745566506627 0.0205993879257892 0.550372192433378 -0.484764805925613
0.0161288329407587 0.0181928180273158 -0.145923380119345 -0.927049312687969
0.0446413456449614 -0.022617975925678 -0.858398101470937 -0.255162933340653
0.0216672120466527 -0.0584901053964165 -0.478563758214525 0.492513473654678
-0.0316303020445406 -0.0269881588691636 0.101428636391448 0.429948575047491
-0.0403371539980476 0.00064804232787579 0.217164109921009 0.0344289479402167
-0.013995649332365 0.0255529045134456 0.0618038423473764 -0.222558013185499
-0.0107595825255472 0.0227571183552043 -0.00649040905898644 0.204427200365158
-0.008522970473234 -0.00726132939864082 -0.106323792107808 -0.10324465966092
0.0225674489722455 -0.00382604196084673 0.145998732905018 -0.425551372386258
0.0524028542742644 0.0212585581377717 0.588141350904987 -0.0885457478886086
-0.0186481571991977 0.0429759147685773 0.470073288465854 0.750894523890087
-0.0646596046385642 -0.00218253128944463 -0.473953992285862 0.887188514639311
-0.0251384558663898 -0.0232674123481189 -0.686292186952302 0.247596351693437
-0.0303536984518898 -0.0144409337664718 0.0603180862592991 0.0711284152702066
-0.0207242490433859 0.0410705095189707 0.542532567745413 -0.497189090310379
0.0301785613834042 0.0240360963336034 -0.168688944454555 -0.923965142260978
0.050128682542522 -0.021234415588213 -0.859557026641188 -0.236863034112401
0.023142230850293 -0.047347262915619 -0.461413492330249 0.499703723130083
-0.0244194426445853 -0.0104718884617465 0.113323184825706 0.423845859737255
-0.030315819453817 0.0175511945421064 0.222913148596589 0.0283844580350389
-0.00779424288446114 0.0357901727764308 0.0655844398928876 -0.22217993939572
-0.00469097137278552 0.0325458541068444 -0.0111161911115652 0.204733409227051
-0.00245549630401822 0.0120792023995834 -0.111452084859193 -0.0992481228694266
0.0222713740841981 0.0167236213159315 0.136943349122478 -0.429087401355824
0.0494130830264052 0.0310124675752412 0.58936201692766 -0.109523524990658
-0.0101891788635979 0.0481704738027486 0.496962281882103 0.730031408614485
-0.0579702939312704 0.0150365791041232 -0.443056429368204 0.892858082560112
-0.04722505370982 -0.00528832984063822 -0.676270426388762 0.260483141990692
-0.0566212823785616 0.00178354006361102 0.0534481423038269 0.0740016375988453
-0.0265977526304512 0.0614724898765543 0.553694068045884 -0.486043926121038
0.0416293244871458 0.031939409040647 -0.136536379929312 -0.932833985466077
0.0558811273611512 -0.0176896584650751 -0.848438527122612 -0.268140828610339
0.0262410404462823 -0.0354550530426612 -0.473132006577795 0.488407270720752
-0.0159596185473678 0.0048243405868444 0.107837432998466 0.427670087000987
-0.0206492361327396 0.031579115925799 0.221135790085814 0.0334449206439025
-0.00218884174064165 0.0456212383973177 0.0650812523942305 -0.222176769132699
0.00157151078238762 0.0413533302951205 -0.0182889286276165 0.204306896018282
0.00450620725033239 0.0260005562841545 -0.125946374271917 -0.0888789135881469
0.0231245283966802 0.0331843461633703 0.104888170686332 -0.43450531617836
0.0464888922702219 0.0372053154360355 0.578428328796151 -0.157006292836159
-0.000820551166755994 0.053051932050976 0.558325134605662 0.672706908344743
-0.0486028266471377 0.0319467031647054 -0.357789467779981 0.913871148623246
-0.0628961680293308 0.0130140520391766 -0.658530474913531 0.30204682213377
-0.0787253530361343 0.0146593326260246 0.0352764915666992 0.082118279259528
-0.0362700272005563 0.0769142499851183 0.57838628490537 -0.454485120058
0.0482873795722954 0.0423697545805476 -0.055724880705345 -0.951166208979813
0.062170202855229 -0.0104204182183629 -0.821778586998781 -0.344742229798129
0.0287131800114544 -0.0252989777237956 -0.50631618607587 0.455062402734294
-0.0104776730539574 0.016994922911667 0.0816846916798212 0.438650627285594
-0.012213657584433 0.043938110398298 0.213304335983087 0.0478976831185764
0.00274596012871964 0.0542280736352735 0.0623077317796685 -0.221979905636936
0.00753623809647688 0.0463238681837926 -0.028186349083601 0.201476170093341
0.0102882710689073 0.0341350255380096 -0.144511125972509 -0.0712267938297242
0.0258782121029521 0.0405136680909006 0.0619850278787434 -0.435690509385611
0.0466979002976327 0.0401723485674096 0.555346004346543 -0.222540534904217
0.00810616496695893 0.0546276722056517 0.641609178212966 0.5832462549624
-0.0380449264022863 0.0456765375198355 -0.232293803643076 0.928467396489778
-0.0687878569505667 0.0303249318432092 -0.629319179430957 0.359704981566442
-0.0935403754575778 0.0230852289859628 0.00751418418059167 0.0955602575363974
-0.047147294574587 0.0869350352298963 0.611229435398926 -0.401801169136411
0.0499484985268942 0.0533240393039825 0.0659521770303228 -0.965889982447694
0.06495217151639 -0.00181826906803456 -0.774786988508341 -0.455051305781189
0.0304446238045023 -0.0182082741312414 -0.557233836164557 0.397644330664454
-0.00691274993598637 0.0234386203474078 0.0403652026521275 0.452285741921235
-0.0072770121495745 0.05220676801831 0.199893735546603 0.0692979947126659
0.00715362732830216 0.0601922492041926 0.0557027538945274 -0.221473213330079
-0.0237149035469647 -0.00199387093211253 -0.0281060654618673 0.197523606660008
-0.0266080059326292 -0.0516629775613455 -0.165637948091525 -0.0517626901405401
0.00985022226472185 -0.0620886855740618 0.00641253026612928 -0.425403108143235
0.0476404438242356 -0.0215890025771068 0.504681223047971 -0.285637848973654
-0.019452424969097 0.0326252247765585 0.722551862233157 0.485585168379658
-0.0819982973076149 -0.00923385416085301 -0.0663316891745156 0.954811963573167
0.0142065190076362 -0.0648804334689599 -0.602699046843335 0.432881698859112
0.0461500830011771 -0.0627296456906701 -0.0267421292459638 0.119556656956751
0.0074626807593031 -0.017133188581493 0.637698530393237 -0.344159695290855
-0.0100686295316878 0.00509300788996437 0.175227027468334 -0.957084341845177
0.0329807142131398 -0.0109873526017203 -0.739393815970345 -0.538461228183207
0.0333139823878827 -0.0765817509207976 -0.626145659903228 0.347086885333312
-0.0312290354180074 -0.0696957859337388 -0.0209763342475875 0.470358669304415
-0.0491856619484118 -0.0337598907637506 0.173048646366615 0.0964640908223487
-0.0183180439704537 0.00665149315264355 0.0379186677237081 -0.225777729522146
-0.0236455633157086 -0.000378040964316422 -0.0175569260997042 0.19990382443591
-0.026001270480831 -0.049416542979478 -0.14458644244077 -0.072203651989444
0.015286463587513 -0.057504743513623 0.0605189950831403 -0.429611118594319
0.05384462387014 -0.0131427202630509 0.543846278288921 -0.215287874877476
-0.0243681457565264 0.0338417377278477 0.643489823020605 0.598761554316423
-0.0810561464291954 -0.0169601738967259 -0.215100570112899 0.951669880157429
0.0166885869280905 -0.0626476218638869 -0.642132453149541 0.366420883088654
0.037412989726068 -0.0575257933406761 0.00803141832946924 0.101471743288277
-0.000602201475583043 -0.0106901011920582 0.601478950976758 -0.409616442423709
-0.00558343306682654 0.00808884327112142 0.0276969147748927 -0.95445478550102
0.0352782313144885 -0.0168481699179062 -0.807485861423126 -0.413587653390121
0.0259621931926313 -0.075402427234327 -0.56658911718753 0.419391593725776
-0.035862163676108 -0.0593285077473209 0.0341255935568016 0.458321774180341
-0.0498831421694568 -0.0249162385877691 0.192407565038049 0.0698439202735361
-0.0188902676478916 0.00984029363154663 0.0464084403610756 -0.225565404139306
-0.0207967558643026 0.00412237955889386 -0.0094096658510462 0.202246225280997
-0.0220027891693064 -0.040379705021498 -0.125446306299038 -0.090163296658984
0.0215846215846198 -0.0449427381084039 0.10269422885404 -0.430423905936403
0.0572574732803325 -0.00394088405024003 0.567568024393695 -0.152275510996625
-0.025199421894188 0.0359386952961915 0.563337644704503 0.682972792631634
-0.0764948700475663 -0.019878779183636 -0.341596353716966 0.931134338343035
0.0106317322761134 -0.0535210800437973 -0.666473298051524 0.308095493526977
0.0196143367090206 -0.0462053387955158 0.0353545713235008 0.0851288825604638
-0.00859110034351658 0.00308145984279465 0.56828972821125 -0.462561880946201
0.00356448471210306 0.012924467527263 -0.0875803824767027 -0.94302129381246
0.0392106178315571 -0.0213015333690738 -0.847896714744069 -0.310687834796004
0.0214316857542419 -0.06897124683093 -0.51265463508307 0.470909915394968
-0.0369282480368357 -0.0449355358306641 0.0778402484628481 0.441410210826553
-0.0472627600287617 -0.0120336427332873 0.208239133459295 0.0471312760007054
-0.0165202087112236 0.0166308897160732 0.0534407614783441 -0.226127715151501
-0.0166299318414412 0.0130444565971724 -0.00463019776228787 0.203523007702961
-0.0161288681266352 -0.0253870036301888 -0.112728716330228 -0.100050027896042
0.0239501465165684 -0.0259169287955799 0.129002379649282 -0.429109249744083
0.0564388846557404 0.00876363659134093 0.58219915976994 -0.110551775132267
-0.0231149786124015 0.0397532057609444 0.502781925004955 0.732126787161833
-0.0701982082019078 -0.0146029977201245 -0.431296036916686 0.906975107713824
-0.00394697471699461 -0.0400625928660794 -0.681191096052176 0.269705764255061
-0.00385215120702252 -0.0312404442200439 0.0541510540717368 0.0748978377178783
-0.0146048805417267 0.0211002544139681 0.543519058324081 -0.495544828965916
0.0166525782705366 0.0176156566613587 -0.161562922269436 -0.927142555760356
0.0443276514694325 -0.0240296562198571 -0.865853489190036 -0.243947662757203
0.0212624476837484 -0.0592148320120456 -0.473005202249746 0.501561739271585
-0.032619962164059 -0.027416868235738 0.108431582374338 0.429923125760644
-0.0390698301419421 0.00255034502926448 0.218348357378855 0.0310576581231373
-0.0124392413565027 0.0259367597600752 0.0599399565132118 -0.224146061411179
-0.00964152958915811 0.0235754764229924 -0.00450262829351397 0.204186184583017
-0.0105968661332703 -0.00641389719492276 -0.108782220837106 -0.102745612713509
0.0232965336458721 -0.00467513721193598 0.138524448904055 -0.429409903342175
0.053133570707608 0.0205636360667147 0.590335762056444 -0.0988167201038744
-0.017427221481132 0.044188482123277 0.484158742096365 0.74406954115586
-0.0642387130890986 -0.00112192300056496 -0.461686307517676 0.896764297923701
-0.0262202093922963 -0.0231490466338521 -0.683022261617118 0.257507084503221
-0.0305150453765536 -0.0141839905190577 0.0611143604694738 0.0706455892217263
-0.0195438925013553 0.0414380755180004 0.536019468704189 -0.507527616096723
0.0300757697766958 0.0242319007239874 -0.181337951334115 -0.923574653031875
0.0496603561444881 -0.0223170173310418 -0.864269688017386 -0.223721689980791
0.0229597014025103 -0.0479128541254106 -0.453190839420232 0.51039752137886
-0.0246997875338303 -0.0100854882922989 0.121763242933905 0.422646211085522
-0.0298595676994667 0.0179374350227182 0.223423276859291 0.0248689111292278
-0.00691704438353465 0.0359461535166888 0.0625443122873894 -0.223933694283522
-0.00256151687956685 0.0336199185188594 -0.00849621588460436 0.204435596691246
-0.00302357887148541 0.0122300090509384 -0.11339612058188 -0.0987093949395923
0.0219409104384763 0.0162279710498289 0.128949907119223 -0.432913788613004
0.0495142076525876 0.0295107416593913 0.589301625362357 -0.119934294895457
-0.00951127845398243 0.0495956229194958 0.507639687906018 0.720694903603259
-0.0574393391828492 0.0145135635695627 -0.430308750892686 0.901849155250677
-0.0472221606491525 -0.00431760665333361 -0.674090323118625 0.272608445541149
-0.0566218017305596 0.00277518873480411 0.0547457195109939 0.072959941081427
-0.0257394733881944 0.0608278289532151 0.546489444657285 -0.496956222166589
0.0418681595665518 0.0318226756930381 -0.150725036149218 -0.931665318505114
0.0562898928517777 -0.0183695674132755 -0.854171131253547 -0.256190384859927
0.0253964138042822 -0.0372212811615061 -0.465895302329184 0.49833734257545
-0.0157720606449147 0.00439550235485467 0.115962793764687 0.428178160345991
-0.0200729569444515 0.0329456311304693 0.222204719771674 0.0300075804846235
-0.000905040125571866 0.0465727493081351 0.0628671190108457 -0.223744835579664
0.00322716906960092 0.0398592405083589 -0.0153330971452923 0.204148080285186
0.00403213928432257 0.0262045111777624 -0.127514094923398 -0.0870843289703805
0.023754272257875 0.0329683931316744 0.0981773858118279 -0.437725746523365
0.0477701139714905 0.0359264549234294 0.578287802960225 -0.166923007516812
-0.000161040772364694 0.0537791128800917 0.570428694671893 0.663576968507411
-0.0486143821165996 0.0329511393814771 -0.34645971075654 0.920936823424746
-0.0628497814213701 0.0143758178197062 -0.653849746262965 0.310784955130217
-0.0794314258512628 0.0159577198833379 0.0368773090083912 0.0819422185150919
-0.0343054946798561 0.0783166927056246 0.571530032622936 -0.463641126551504
0.0498579779884402 0.0416357297732355 -0.0713361591485351 -0.952379299015802
0.0618069838241211 -0.0116983883827102 -0.828740797599495 -0.332901069376869
0.0282755858595939 -0.0264002528655696 -0.501209139946382 0.465636360152649
-0.0102987158494926 0.0166499390422238 0.0903015401072682 0.439140160099696
-0.0106771029091838 0.0444070017645886 0.214099307509864 0.0443375018508157
0.00521169380068758 0.0545432181498243 0.0588492050061686 -0.224279177873557
0.00844752342605063 0.0449669165660635 -0.0242348812035478 0.203044298523435
0.0108652862434853 0.0344612406310731 -0.145895224474028 -0.0684883924487058
0.0269624306935593 0.0403694012719488 0.0536715479307281 -0.438713830388335
0.0478653546769595 0.0392885993143909 0.553488296171542 -0.234359501618548
0.00861105014619802 0.0558186245057751 0.652602816271887 0.573746888894866
-0.0377478494156031 0.0462146626049635 -0.218109835381693 0.935345884274991
-0.0670406966186462 0.0313766033554285 -0.62387715382569 0.368886680756594
-0.0929940959689294 0.0240588332187066 0.00835497688330315 0.0961795642983374
-0.0456729790995968 0.0870804191649558 0.604797235514652 -0.410546215085871
0.051063485653899 0.0531398628513703 0.0510085831141366 -0.968752618232555
0.0653981680945647 -0.00265130272620341 -0.783412865792652 -0.445410645938698
0.0301825369863243 -0.0192900124810885 -0.550819151817413 0.408697419861595
-0.00778888642278484 0.0233208718003657 0.0491529343793104 0.453365864432675
-0.00544825998072509 0.0533832028818124 0.201925148792425 0.0661997498817728
0.00848646230353983 0.0602626656301125 0.0528894664328282 -0.223159916340331
-0.0226118431335538 -0.00174830791677476 -0.0254420835111574 0.198205193122255
-0.0292208285862533 -0.0509510978924609 -0.167006917740692 -0.0486159151729182
0.00886902636512998 -0.063175442464642 -0.00131952858517368 -0.426546498944028
0.0475804507385046 -0.0224763859751765 0.500750856073229 -0.294016992094532
-0.0194308137976308 0.0344176324423248 0.730650058188406 0.472076093545628
-0.0815332057211984 -0.00758620304898334 -0.0519139812105866 0.953570551868253
0.0127982999863915 -0.0654839618641691 -0.596127897417377 0.443045790085895
0.0447229053754313 -0.062875714094808 -0.025550285790447 0.118878575807467
0.00745761523414728 -0.0170272108194168 0.629941814608119 -0.352739761597451
-0.0102112025097542 0.00483478442572098 0.160085046642054 -0.958983928550066
0.0328089884162558 -0.0107457052616316 -0.748032639061394 -0.524535454320034
0.0315516483417512 -0.0777531844715671 -0.618085201510411 0.358308014343794
-0.0311154456404586 -0.0695741503592784 -0.0143546938401694 0.471864651009569
-0.049889506611823 -0.0324338380619045 0.175207220474324 0.0941759774814451
-0.0178274850948416 0.00693772968063102 0.0342884888169851 -0.226537921493426
-0.022037031821609 0.00013497591541412 -0.0147904152676857 0.200568359671402
-0.0266959190009839 -0.0490130362338847 -0.14539246505036 -0.0709473508490817
0.015895144319968 -0.0582247278356002 0.0517588526768207 -0.433582059796534
0.0534390030397546 -0.0146102607130436 0.541189096831674 -0.224116972921507
-0.0240134786577722 0.0346551298222198 0.65546407678966 0.586670349994248
-0.0808866061921354 -0.0168678505085712 -0.200933642732927 0.95383348642599
0.0168161143107345 -0.0638156776657191 -0.636102839462673 0.378597334121338
0.0359907286169498 -0.0571730830757052 0.00860433510905213 0.100148720442634
-0.000769947341119264 -0.00988160664292791 0.594870730357113 -0.419821287795881
-0.00547966709115356 0.00779515138435877 0.0126775486906439 -0.95665621328828
0.0354376949767873 -0.0178936401158831 -0.814182084444796 -0.401442128743253
0.0248521453458659 -0.0770058164824556 -0.561196015107908 0.430438209143947
-0.0366403839682907 -0.0598165309459626 0.0412243195151304 0.456756844770128
-0.0506014015789673 -0.0235596811682282 0.194056759999917 0.068329545818009
-0.0180567910214106 0.0113443352076913 0.0420936144871735 -0.227122060148033
-0.0203580732118857 0.00547331364661833 -0.00698597150836357 0.20172313869998
-0.0223322783799228 -0.0394637382246906 -0.126858604801871 -0.0880993740016865
0.0204337530243425 -0.0449723184181203 0.0946326398577926 -0.432547446779759
0.056825992165814 -0.00454262856704542 0.567902814251491 -0.161005517741616
-0.0251704553309236 0.0366692557273257 0.573578075157807 0.673356942551769
-0.0762087489497346 -0.0186373934755396 -0.328126688524787 0.934616867869334
0.0105795791197911 -0.0542917575392906 -0.664166745866317 0.318161705059024
0.019268611536839 -0.0466885325834778 0.0358374547538044 0.0854462471940831
-0.00784051377790642 0.0026468281251331 0.560567610364436 -0.47068356552494
0.00388303204462028 0.0120212858854267 -0.103733880023482 -0.941697609977589
0.0391828815971753 -0.0221810764066498 -0.852938171756681 -0.297302329294153
0.0206028207699925 -0.0700590263014973 -0.506576908790337 0.482310471474926
-0.0373058750715418 -0.0448929147753107 0.0846741882118277 0.441764468895909
-0.0468155359546598 -0.0102283968134129 0.209924013687326 0.0438591902632178
-0.0155761254750118 0.0179396075650808 0.0500989794264623 -0.227118164675463
-0.0159185985556907 0.0132872323308597 -0.00275045931523827 0.20372534407149
-0.0169980856809768 -0.0254558048118314 -0.11517133635536 -0.0985872972205183
0.0229297250492462 -0.0262732926877588 0.122413051285582 -0.431569449251993
0.0566324299912405 0.0078032204456614 0.582983977142623 -0.120885976785332
-0.022342227060302 0.0402738318843006 0.515334446355889 0.720987133106248
-0.070214896177607 -0.0133029705324572 -0.415194952496035 0.915035684316262
-0.00402321630236891 -0.0397517926924183 -0.677401480305364 0.279514599766205
-0.0042479131102565 -0.0313741606543291 0.0547038439899703 0.0741574970623027
-0.0135953557278929 0.0213088127777597 0.534960496372426 -0.505207051098051
0.0165530835046722 0.018116426307762 -0.17468794769527 -0.924580519175551
0.0440246751025103 -0.0237234947194129 -0.868362948855219 -0.228679254683574
0.0199299026192857 -0.0596174948682172 -0.463967411264673 0.510256536182903
-0.0326424345380951 -0.0272651689509624 0.117258186044641 0.426928347999401
-0.0390881005715944 0.00363135730723887 0.220028194667804 0.0275060199648479
-0.0118971418055632 0.0276513791923792 0.0559840485465637 -0.225590439387964
-0.0092582005016478 0.0237119059659152 -0.00107627279927532 0.204728957912279
-0.010201807947957 -0.00550633902695271 -0.110634886583617 -0.101240648735071
0.0226507323910248 -0.00480027142056168 0.132696907614904 -0.431925557973509
0.0531259058085169 0.0186642718737106 0.589993737437105 -0.11011083115464
-0.0169080184932596 0.0446286769074931 0.49561414562228 0.735379747669597
-0.0639225025804526 -0.000307035105639793 -0.44891876407639 0.902465845750846
-0.0252882652457049 -0.0230927554878123 -0.679852733893419 0.2684044869154
-0.0304442341788864 -0.0135869657762562 0.0624143553405508 0.0693982792091583
-0.0178206619588781 0.0417303913910406 0.527055166533593 -0.515187580392533
0.0300178043367614 0.022520154152617 -0.196874353670235 -0.917859935551667
0.0492014957926047 -0.0230723422423911 -0.868366114335228 -0.208173599861849
0.0212089434189904 -0.0490092142719926 -0.445735851895681 0.519947450088033
-0.0246165393189322 -0.0109581793184173 0.129377608334241 0.422467540401472
-0.0297667826946792 0.0194015403593954 0.225168083963598 0.0211430630360274
-0.00593723736027421 0.0363307073279692 0.0591993373478057 -0.225142960137974
-0.00213695190903306 0.0325029603045316 -0.00526463249184391 0.204929846030437
-0.00354108945597924 0.012189325305062 -0.115664556617802 -0.0971085641878688
0.022356599826778 0.0161697950639039 0.121024504321085 -0.434588071043456
0.0505289515650683 0.0283435953546166 0.588066088649827 -0.128413792812568
-0.00874089929966371 0.0499441842163685 0.520354948857806 0.711968403319617
-0.0562947447736911 0.0167462161275672 -0.417604921549483 0.907648087366503
-0.0475024979044427 -0.00481955602521132 -0.669419454151166 0.282538385814232
-0.0570156398581638 0.00430520823501159 0.055752267158097 0.0716784268046025
-0.0236049566712714 0.0622331118179004 0.537392992134866 -0.505071881846291
0.0421936907824971 0.0314651918323859 -0.163983490995057 -0.932096275651489
0.0552688558755878 -0.0195778180932688 -0.860197282882759 -0.240617455475739
0.0241424796775777 -0.0387924350648043 -0.455712656282267 0.508121186685304
-0.0164556769052639 0.00405604089203333 0.122319717014241 0.426132502210842
-0.0192161856375093 0.0340132197660244 0.223074594160363 0.0262650928060786
0.000366100057802085 0.0464356682499532 0.05961488931626 -0.224819798906107
0.00428440427048463 0.0399928245695106 -0.0123659179170596 0.204716859029422
0.00361992255417207 0.0261465825951609 -0.1287859038776 -0.0854939828099154
0.0232933638459734 0.032428443697832 0.0898539876947073 -0.439540564849946
0.0480634633319801 0.0345319992328504 0.576466342116659 -0.177982262632717
-0.00029343469327367 0.0545861545468797 0.581940968577433 0.653160552395202
-0.0473577036595599 0.033313712642637 -0.332997861213294 0.924981339787263
-0.0618230677831594 0.0157774910646127 -0.649180275767116 0.321716588887675
-0.0792335702832447 0.0176325508900628 0.038752303079915 0.080549457387872
-0.0326012936230977 0.0784896660850638 0.564542059478845 -0.47199273123956
0.0492501085400191 0.0403897884734806 -0.0855959615198745 -0.95147457798925
0.061191248084913 -0.0123179589484468 -0.835526505330386 -0.319853773038504
0.027984575057332 -0.0272600365163257 -0.493671198346323 0.474347348265714
-0.00980687132113656 0.0158487873031202 0.0975499123686105 0.439258880118415
-0.0100410475033916 0.0453695495163541 0.215631958738669 0.0417857402437132
0.00567544518637408 0.0549548868183565 0.0556005578145655 -0.225288756280462
0.011091861351471 0.0442930287854196 -0.0229178092583872 0.203913932688302
0.0121893723764591 0.0345066290883645 -0.147645061548194 -0.0671900047984984
0.0270136824001654 0.0392822357001818 0.0450873835534418 -0.439673169827055
0.0477469936774072 0.0378461497904801 0.550353691613854 -0.244189767671034
0.0097771134420976 0.05646681903571 0.662045333534515 0.561667387537007
-0.0358524078029654 0.0462454775384984 -0.206102673738967 0.938009264276245
-0.0661060119449126 0.0322739043837872 -0.618548377148417 0.378308175876282
-0.09299950045347 0.0262075671171007 0.00981456935054671 0.0953813541037354
-0.0436051280666336 0.0889553721020362 0.599502256202532 -0.420182773019419
0.0507175145734802 0.052059820385115 0.0367433006831188 -0.969505692879584
0.0652885773629721 -0.00396508865573478 -0.790479297339116 -0.431461933288726
0.0303266453295585 -0.0202726238486593 -0.545145180115838 0.419254403666238
-0.00664243830387533 0.0241423289842549 0.0574172260635318 0.453064649750595
-0.0047587168135377 0.0535788246987898 0.202812149205634 0.0638433051803958
0.00946525068244219 0.0596045711377785 0.0486970416191189 -0.223817486479707
-0.0219168418517881 -0.000334108428275991 -0.0227834109200255 0.197425123356515
-0.0298915632837605 -0.0493140851391812 -0.168283849387282 -0.0465880741052281
0.00828924516188859 -0.0627439127245375 -0.00718302622075534 -0.427591412403009
0.0477834585659332 -0.023793091904015 0.49573361112024 -0.300546706463852
-0.0190279182394839 0.0346133947964822 0.73739985041401 0.458983918309674
-0.0814919417974643 -0.00590461593550992 -0.0369288099022186 0.95207304102813
0.0125629455424498 -0.0659788618486718 -0.588579488998962 0.451727807442651
0.0438864675668256 -0.0636745156754048 -0.0230620618422158 0.119461896148868
0.00732606175663802 -0.0172730423238599 0.624069283785813 -0.360544489522132
-0.00996969151302869 0.00486802053974749 0.146241124308526 -0.958328172306698
0.0322428045933224 -0.0110164808680294 -0.754704744490774 -0.513330420141328
0.0305754629770589 -0.0791348650274172 -0.612477472266424 0.367574771648441
-0.0326930012978668 -0.0694886890863691 -0.00417183251979504 0.471846108490955
-0.0498003824995234 -0.0303179498704823 0.177026819812387 0.0915411737742677
-0.0170028040198476 0.00774745183395048 0.0311956683822796 -0.227176143605158
-0.0211625084489322 0.00070368534738063 -0.011837736770834 0.199230330582053
-0.0278703363481121 -0.0480837858989391 -0.146464964328495 -0.0694924117146865
0.0146678247241259 -0.0583434539813813 0.0445832666588881 -0.433421404154984
0.0538352153790332 -0.017411116601243 0.537141050404437 -0.233207208844255
-0.0231243773322748 0.0354942272148802 0.663240935932144 0.57315356865254
-0.0810656557337154 -0.0151008319832148 -0.186372298390139 0.953554891159419
0.0158487134681239 -0.064192599932831 -0.629571941134799 0.38590741095163
0.0351651988027142 -0.0576212612632139 0.00986735856832605 0.100027921122588
-0.000185605028137502 -0.0104135362705241 0.586097864631488 -0.42669601754436
-0.00498202198398996 0.00796221902401598 -0.0015921196853755 -0.956459343172306
0.0352600453266268 -0.0177241647889753 -0.819661692435015 -0.387084441238447
0.0234711901370145 -0.0776864270815309 -0.552409654445678 0.438820939538101
-0.0376614670924665 -0.0593718817628246 0.048614927579982 0.45680473478912
-0.0507743926423322 -0.0219335541129641 0.195101795927796 0.0642197136555965
-0.0173161277830634 0.0119824562355882 0.0396529376932427 -0.226598131244087
-0.0190330273366884 0.00500680087214345 -0.00390518204999098 0.201223695166183
-0.024061278700884 -0.039784545248029 -0.128526798003293 -0.08583231661744
0.0202412127295993 -0.0458532645313146 0.0866980337670834 -0.434882476258983
0.0566488383473874 -0.00562174961059392 0.565337395303242 -0.169353251396383
-0.0248156425477758 0.0378851324922299 0.584450053886853 0.662576012246758
-0.0756181470875155 -0.0170896228731542 -0.314361662210964 0.93793392942062
0.0100147709148459 -0.0538744745828854 -0.657647770358083 0.328135443776937
0.0177664769148626 -0.0470793703052279 0.03806193423724 0.0838982424208538
-0.0080134347084417 0.00299429997799102 0.551517598764811 -0.478364528939224
0.00368991481827964 0.0120828800627784 -0.116269665409955 -0.936834991608204
0.0385977998148757 -0.0219785412269397 -0.85438100156335 -0.282200394722415
0.0188642202775577 -0.0710621045789125 -0.496356626972198 0.490313074649384
-0.0380890663627607 -0.0430935017965302 0.0940625296343696 0.440298005043358
-0.0472133715607484 -0.00946428730873714 0.210287570874234 0.0415022080449775
-0.0148085868913675 0.0187105145507555 0.0471279367129727 -0.226467029356888
-0.0148437897267846 0.0127298741695468 0.00037868747992247 0.20302256087833
-0.0173835719604249 -0.0243354515018025 -0.116799917796295 -0.0961660772653639
0.0224196920345638 -0.0266395401942669 0.114453271001826 -0.433400857297896
0.0562464575318338 0.00592943037029504 0.579472660760265 -0.131057094088128
-0.0224627354547255 0.0408213323606859 0.525784391980964 0.710894974337349
-0.0696561839492416 -0.0116766711290065 -0.403189750752878 0.918662649022417
-0.00435046930466625 -0.0403025637032476 -0.67174125460325 0.289824674407428
-0.00479046310984346 -0.0307578858845234 0.0561641969968504 0.0726396922518068
-0.0132409721330099 0.0212731321487588 0.525157254524302 -0.510798082478381
0.0163593147458566 0.0171907388268249 -0.188604970018432 -0.919824718128309
0.0423704058958475 -0.0249212321786563 -0.86996442442716 -0.212601339611619
0.0183493399131376 -0.0611836203718718 -0.454734553195752 0.519366660325642
-0.0328295183642602 -0.0267766785361105 0.125284810344097 0.425905621411335
-0.0396289387632046 0.0060480558344927 0.220675914527356 0.0247867625254965
-0.0106571262804043 0.0272653298528592 0.0529688934547793 -0.226264952237782
-0.00772722048467092 0.0225584199273737 0.000962628733985479 0.204094503921082
-0.0110406725009383 -0.00565571926288664 -0.111433649821648 -0.100030325165024
0.0223723064244721 -0.00542673360855181 0.124192301993296 -0.433756653176582
0.0542136882059971 0.0165836369321797 0.586662045137241 -0.118461543170629
-0.0166262938842609 0.0464652651439271 0.507446415663933 0.724151222341546
-0.0634979382255643 0.000969090346627559 -0.435332931885147 0.909066496071741
-0.0252309371074687 -0.0225700481697094 -0.673475725914586 0.276889240605135
-0.0311609165591323 -0.0123029267929279 0.0631209153705598 0.0676073801291808
-0.0175897029523588 0.0421111963908418 0.516881884783722 -0.522338020325771
0.0302128372035166 0.0228308661210136 -0.209157548259485 -0.914321677159243
0.0491486352221182 -0.0237699027004794 -0.871717204650111 -0.19443207523251
0.0202486457972084 -0.0495468300596052 -0.435717051123325 0.527545995468639
-0.0255988974641257 -0.00999526409522846 0.136724860906583 0.419858868254899
-0.0290304996894975 0.0207496385011176 0.22494067665595 0.0182609793556413
-0.00490539040005075 0.0370456818615748 0.0557234670940456 -0.225197219616973
-0.00111287612532295 0.0319117192250882 -0.00251738900166493 0.203582617228516
-0.0041761202779666 0.0126427796824155 -0.117032254874173 -0.0953595880901059
0.0232000694498987 0.0161922681018424 0.113183764485727 -0.4380389024297
0.0506750505111864 0.0264498406328912 0.586009958309523 -0.139527835123262
-0.00827358003616529 0.051480753834787 0.531154160316313 0.698828656254154
-0.0555808320319185 0.0178114000178889 -0.403550386439803 0.91203128323703
-0.0464764962185327 -0.00414695492382382 -0.664230818040592 0.29087344164205
-0.0567940100034854 0.00480540648785243 0.0561604303341899 0.0708434577319509
-0.0230564122419234 0.0616189173063238 0.526267133067487 -0.511404656327713
0.0426191240756738 0.0306716182641465 -0.180097431513945 -0.927178234699838
0.0548508247601276 -0.0202403720561132 -0.86226986010705 -0.227784548117016
0.023644682462876 -0.0377488864480582 -0.447134996102858 0.515500499885049
-0.0162523691197734 0.00517434687916779 0.131795077383665 0.424143962568907
-0.0180927672665219 0.0344835685118879 0.223775459703655 0.0230751728700851
0.00162497369812472 0.0461566485777335 0.0557655331092305 -0.225346089000185
0.00506383974331619 0.0397358029491235 -0.00916650405688063 0.204721642667203
0.00400376685342206 0.0267967029598933 -0.130607271426402 -0.0830573615915176
0.0245250769463417 0.0312606193878264 0.0818479882571501 -0.44236141174159
0.0474761433183212 0.0334061746624519 0.572454932122718 -0.186969831197637
0.000845358259803523 0.0545825216781961 0.590231277068634 0.640918380897292
-0.0457162913650888 0.033979350198126 -0.316396813679577 0.927374246136883
-0.0607870674312274 0.015433731925764 -0.642694806124508 0.330042998514845
-0.0787096307461913 0.0193456300908275 0.0387912173527582 0.0788630460998975
-0.0314775088831861 0.078369231948258 0.553685252648631 -0.479108393702762
0.0500374583144538 0.040260442321727 -0.100099292833211 -0.94655709957753
0.0610893436652145 -0.0134022087015522 -0.838770421398374 -0.306373140622719
0.027004610571053 -0.027810889624024 -0.484583008164126 0.482176515329182
-0.0100456461156086 0.0158780006616382 0.10598820046121 0.436011327575839
-0.00916688566995269 0.0465610268152184 0.21669517477336 0.0380694671653312
0.00732854685521494 0.0544699850818833 0.0523234987249644 -0.225645877013743
0.0113554827628957 0.0438240077933882 -0.0194996293941989 0.202999717322399
0.0113647322258073 0.0340530105886129 -0.149171435964029 -0.0649575591568851
0.0268908586502364 0.0389674182957687 0.0381829715386012 -0.44161816719737
0.0490156177517798 0.0358948931859455 0.545687796689401 -0.252220786809277
0.00988753848058071 0.0565827784783498 0.669713531448212 0.547537532271004
-0.0350578929718397 0.046596327642047 -0.190818773909493 0.941374710860864
-0.0671807095253629 0.0331972731513344 -0.60937025682899 0.386516061588775
-0.0918924843652904 0.0278151081813019 0.0110858384385523 0.0952004441810613
-0.0422691237700941 0.0886747878446145 0.589292939808774 -0.427036915577022
0.0519031733231599 0.050698603106501 0.0233766439820694 -0.96719969675807
0.0654402224481184 -0.00469664183556331 -0.796095316192198 -0.419309292354785
0.0282959399087152 -0.0210517318177118 -0.536713612679666 0.42882169778644
-0.00726808716916665 0.0235006185319798 0.0647502622650907 0.452138180678983
-0.00292042370023249 0.0545163668695442 0.203834424513327 0.0603796532564529
0.010913881296369 0.0600339999403407 0.0451364999440217 -0.224505451078785
-0.020469358062064 -0.000212425160426822 -0.0204826516695636 0.197545415147519
-0.0308512542597478 -0.0487409468265255 -0.166840381043991 -0.0436011580161934
0.00681792455344863 -0.0629084302434185 -0.0153221430835926 -0.42581396895441
0.0475500443889043 -0.0249337464668455 0.48986598570827 -0.307597528586841
-0.0184034823777478 0.0358526595101031 0.741567451775302 0.444079239394531
-0.0810480116933447 -0.00486584671777121 -0.0248865178908198 0.94848228187197
0.0121950764753693 -0.0658568307916425 -0.57886366488228 0.4571438262408
0.0425458204603 -0.063694495109081 -0.0214471604098001 0.118291878147796
0.00790927758316063 -0.0175698218041371 0.614153220827189 -0.36807816339096
-0.0106969318618622 0.00476991383592702 0.130749143066067 -0.956581110436342
0.0323482862645303 -0.0121875042753153 -0.759947201764686 -0.499746615298356
0.0290384292052651 -0.0791348521103468 -0.605284955561394 0.377496720040453
-0.0340844963962695 -0.0695953257278607 0.00173646628599123 0.471916577806989
-0.0499522014969804 -0.0287937190729568 0.177445077452851 0.0887747538503323
-0.0163738565725172 0.00977719326165559 0.0274511309393663 -0.226381445728906
-0.0203883114959647 0.0011885716899579 -0.00956962176805089 0.198444718276769
-0.0291672142538145 -0.0478872252329048 -0.147629904340614 -0.0666646609834807
0.0136621222346599 -0.0591211216958231 0.0378364850760834 -0.434591053459136
0.0529379887282886 -0.018222344929516 0.532299471088809 -0.240191400441828
-0.022139807193522 0.0363008411325888 0.668670108436701 0.558583122840228
-0.0803210889643013 -0.0133248506497551 -0.171278919700893 0.953761786313226
0.0155464108009711 -0.0636940582303127 -0.620999667154634 0.392563229202736
0.0349240402558248 -0.0582478070817774 0.0102129665647891 0.0989247957063997
4.46768425733076E-05 -0.0109215477201668 0.578254018735164 -0.433617228300768
-0.00549941340222122 0.00878000968055688 -0.012319499994552 -0.950550429286806
0.0345290015975218 -0.0189945266076226 -0.822764071258144 -0.373579054673073
0.0222310300097492 -0.0776227430382887 -0.543444756173757 0.447023570811882
-0.0378735607860094 -0.0591879305345486 0.0567599779375228 0.455404620249116
-0.0502953114976841 -0.0194523289536328 0.195350085120838 0.0612159488072823
-0.0163348237819162 0.0126262944600378 0.0362967425642815 -0.227575228199691
-0.0187608554972637 0.00534553679089676 -0.00103280441133423 0.201296393067521
-0.0243663027790389 -0.0382305477420949 -0.128769252137259 -0.0839918426198701
0.0186601932134771 -0.045923083283032 0.0792537589969044 -0.436030767829905
0.056780376279821 -0.00718689562720084 0.561368110608364 -0.178917451994569
-0.023475872534021 0.0394120601651016 0.592591627180245 0.648797393415259
-0.0751353144265182 -0.0153730243839878 -0.298927220188019 0.938708717151408
0.00999311157818396 -0.0540164576347396 -0.649482750214632 0.334813823959179
0.017373397717786 -0.0468313403793842 0.0375738886077171 0.0828263820141266
-0.00717041252156858 0.00201269870027885 0.540528943614577 -0.484550093626831
0.00435027804044581 0.0119849827558383 -0.130789077953021 -0.931388709470289
0.038019265878382 -0.0223263801294545 -0.856838397148803 -0.268324058771993
0.0181507576987292 -0.0713725103507413 -0.4865919657428 0.496975916317323
-0.0384722280866491 -0.0432850747713793 0.100314399018152 0.437410369590421
-0.0469126285966168 -0.0073495286005551 0.210345129602194 0.0390327369568837
-0.0133064082634791 0.0192091800148399 0.0436170293115502 -0.226922852023755
-0.0133042832423146 0.0124839317452999 0.00302482390062074 0.202182196197756
-0.0181060357055689 -0.0245495877295643 -0.118220900776763 -0.0948533590472327
0.0215139176493222 -0.0266850323148985 0.108070701452861 -0.43351746363778
0.0567689746224336 0.00453415258390948 0.578970478295843 -0.137918102692301
-0.0215024692263143 0.042148505885654 0.534816521052196 0.699916652773525
-0.0689730412416226 -0.0104643493655425 -0.387961115550297 0.919509614965093
-0.00438662812587771 -0.0401217311054544 -0.663970793577035 0.296209901239514
-0.00558540609990983 -0.030784656962214 0.0560746150778734 0.0718191072358027
-0.012357437070345 0.0213043795571092 0.515325281013479 -0.516970211900298
0.0164931284568595 0.0168370966381548 -0.202085871286109 -0.914076268444014
0.0424408400001688 -0.0254309828563607 -0.868957925540535 -0.199307665271575
0.0158886620981178 -0.0617143144067292 -0.444460134123682 0.524813218795651
-0.0334247682625275 -0.0266566946682854 0.131321316336055 0.423494280355115
-0.0384411882333159 0.0078820519059003 0.219822568262289 0.0212569006150692
-0.00951847360343478 0.0279954146569232 0.0495494306700798 -0.226592980739649
-0.00697460038738408 0.022449913527069 0.00423581141258388 0.203510375990881
-0.0109543943775758 -0.00531820006408171 -0.113603053635848 -0.0982040642450435
0.0222109886469849 -0.00597725104090652 0.116122085347859 -0.435039478568696
0.0531716164374219 0.0156013131277303 0.584387771105 -0.127516193520691
-0.0157509774459888 0.046897224585206 0.515907731409475 0.712100306897926
-0.0626381738634567 0.00222928645214214 -0.419380476863969 0.9105748005926
-0.0255031102338458 -0.0229190647891454 -0.666081471929526 0.28530127699245
-0.0309914717363337 -0.0122879401010754 0.0633533888751207 0.0662917470899812
-0.0160343450501601 0.0417046322347832 0.506212590283375 -0.527175892877428
0.0297439801080639 0.0221357938676894 -0.221479145676813 -0.908995039720422
0.0487129009882687 -0.0244181652935705 -0.869320807963209 -0.180451206891931
0.0182713235814409 -0.0497326394606816 -0.427076080859196 0.531375779229801
-0.0257565270937125 -0.0102914634564848 0.144255933661144 0.416719348908395
-0.0277215794281397 0.0227923976931713 0.225149180654574 0.0145351364989215
-0.00388223936054693 0.0371461580616941 0.0525332205002851 -0.22537296458404
0.000366368748876966 0.0314107057336031 0.000276728788019116 0.203793889813861
-0.00399131718902844 0.0128944984299304 -0.117784239689799 -0.0926764295601514
0.0219120656797067 0.0157663078808273 0.106034502775977 -0.438504383976468
0.0502816010357751 0.0250379270930982 0.582555038388797 -0.14750969778417
-0.00740055218296558 0.0518044836069748 0.538562848177901 0.687637783402828
-0.0546226969672452 0.0187987176403475 -0.389200315716299 0.913657984252096
-0.0467229087642035 -0.00329719618313318 -0.657107046915485 0.298479708680147
-0.0568414493287871 0.00600653366493516 0.0564441264877153 0.0688761432247205
-0.0217834617380697 0.0624552621974908 0.517300734607119 -0.516486552883464
0.0428824892164788 0.0297615556610837 -0.191209196949139 -0.920848800724946
0.0542299361430284 -0.0205246754912286 -0.862775822253662 -0.21226148254461
0.0224249679698023 -0.0382089701098851 -0.436934257211572 0.520939312411894
-0.0165238750324711 0.00407695902154455 0.137628066316007 0.421705759131074
-0.0169104633323433 0.0353710003879374 0.223850102835849 0.0200977818786242
0.00234075664522714 0.0465978415759013 0.0526980938564792 -0.22583737383414
0.00640492235756425 0.0388816818537069 -0.00677684827029568 0.203954992707998
0.00437716717780197 0.0269042729150877 -0.130954777276466 -0.0804899868867567
0.0244226553713341 0.0300690848939697 0.0756170281570855 -0.441825413320681
0.0485127062004994 0.031570550397416 0.568312093348408 -0.195113826990658
0.00178444319476958 0.0551892691946097 0.596949693094527 0.628279120579046
-0.0451662756726428 0.0349542526664161 -0.303977279961588 0.930069071168603
-0.0605809807105821 0.0171246394344881 -0.635030275665628 0.337644937536547
-0.0783107768653835 0.021475290985892 0.0396935068290583 0.0788414760891915
-0.0296082002850167 0.078933884413978 0.544369256305003 -0.485283830381538
0.0504798779374545 0.0388528510591081 -0.113815188996514 -0.943001588787003
0.0603592196954065 -0.0132029461013195 -0.840666483601755 -0.290073404728691
0.0252103451479908 -0.0282606620920746 -0.475060425882041 0.489084531629914
-0.00959651406696112 0.0155066619968133 0.113046429597523 0.432709656253027
-0.0075439122440094 0.0467112071173967 0.21647638515318 0.0348226031030963
0.00842010778635152 0.0536474190966761 0.049454553036743 -0.226134781423716
0.0128197927665521 0.0424215741588961 -0.0173245399925758 0.202938602470492
0.011573059423792 0.03395483304749 -0.149822891087668 -0.0621971943873546
0.0285006424135398 0.0388732176197167 0.030236645252475 -0.441210874327698
0.0481206611795875 0.0352326455905175 0.542480984562482 -0.259244736262408
0.0111846688089393 0.0565553260138709 0.677394230986888 0.533873229443959
-0.0341760504616831 0.0467367905127426 -0.177812673019124 0.939397104698092
-0.0657879369113247 0.03375065529069 -0.603827479782928 0.394309748855829
-0.0915300936971307 0.0288906473813143 0.0118137968255657 0.093998785438157
-0.0399498798687362 0.0890663646081458 0.581879106438212 -0.434255127113165
0.0522268128171949 0.050004450722867 0.00749178911501014 -0.963403690606236
0.0652233536745078 -0.00480680521572979 -0.799118266223194 -0.40619538507188
0.027350293711888 -0.0212042527324667 -0.528943897257287 0.436474976696201
-0.00626531765999759 0.0233775441976894 0.0715144060424845 0.449285128087141
-0.00263126406657966 0.0539654155766691 0.204426010615462 0.0579996411287256
0.0131527208099133 0.0584007827939609 0.0422878121039072 -0.224635801868914
-0.0195436079998815 -0.000857725664955348 -0.0176611195796901 0.196249329653137
-0.0320555542223206 -0.0481709222488331 -0.167373153044032 -0.0408354708814648
0.00593412792095263 -0.0629601360011281 -0.0216209219741681 -0.424916387776544
0.0471370871539799 -0.0265605709404692 0.483093056486856 -0.313136772066126
-0.0176375550970902 0.0365037050543572 0.74391693756702 0.431077203137009
-0.0800815479645091 -0.00307491448350987 -0.0125735069756457 0.941860863667966
0.0117727729124574 -0.0658895429692554 -0.571628146837112 0.462883645128732
0.0415454108675682 -0.0640169557436052 -0.0190010162057168 0.117869878632392
0.00709118944572264 -0.0174947824219287 0.607809585573077 -0.37360685134168
-0.0098173464274863 0.00477586223688477 0.118679593788365 -0.953959220191344
0.0316691816214994 -0.0121528098196834 -0.762416027728384 -0.485193982171441
0.027234424733285 -0.0788384719456527 -0.596707480892491 0.384221138902855
-0.034192686814829 -0.0689367072783346 0.0104751992416409 0.468749905141091
-0.0499263664203365 -0.0272589476629671 0.177403275942328 0.0860106887975286
-0.0161178102775552 0.00961620605170348 0.0253719863752503 -0.225182316703234
-0.0197698585634248 0.00125094327996982 -0.00798937052461323 0.198202123038929
-0.0300615697763054 -0.0465681704085433 -0.147044290712264 -0.0644993501448583
0.0127587474128059 -0.0590112748368627 0.0299577523272031 -0.433386520629533
0.0530496875647672 -0.0190567898673657 0.528620493948101 -0.247231037481121
-0.0220234819260276 0.0376173966269114 0.672152377579786 0.547150995508311
-0.0799018596732391 -0.0125398558510568 -0.160643753080479 0.947716698119292
0.0155949621213566 -0.0639220217813706 -0.612725819034461 0.396597107170093
0.033745249631766 -0.0585806693340644 0.0112644919231652 0.0983613376374019
0.000330808554542073 -0.0110355874253984 0.567950224388618 -0.437380865284218
-0.00555816238236387 0.0078284318069644 -0.0258264027994894 -0.945859130521564
0.0342740880562578 -0.0191006521351047 -0.823012133964125 -0.360759982955092
0.020298626942073 -0.0784534333617954 -0.534477136539536 0.453397787792671
-0.0392133650824251 -0.0584661274259207 0.062859759703509 0.452048744984716
-0.0502527243675304 -0.0188548111679064 0.196431377484711 0.0593046696381014
-0.0151762713311757 0.0134055685096965 0.0327302793488969 -0.22633000625245
-0.0164557500186164 0.00547671734710302 0.00113194117792707 0.199911059413469
-0.0252512163410081 -0.0379412875003828 -0.129779941290615 -0.0822580955429252
0.0185499294906974 -0.0463886617260408 0.0723510974635854 -0.434179979488057
0.0567509156194509 -0.00798753772316074 0.557344897365943 -0.185810842917036
-0.0227311856332849 0.0405462131501619 0.597445967988118 0.634942246279613
-0.0750142521072562 -0.0149925755752575 -0.288395687312781 0.936169849942276
0.00915509788230471 -0.0545664759114031 -0.642663645530982 0.341104587959563
0.0165802325931738 -0.0460711659970551 0.038616089728933 0.0824316003675481
-0.00725664408941853 0.00321146615263405 0.532601381763473 -0.487350246483437
0.00401531658054109 0.0121360744235789 -0.139093657310255 -0.926142581271649
0.0378153722717903 -0.0233331436254534 -0.855586508213425 -0.255228610021647
0.0167906769645641 -0.0707057356708409 -0.477250077027128 0.501491571306509
-0.0384023260412313 -0.0437634383876581 0.108238993281561 0.434976053142539
-0.0463345861636968 -0.00605523159641136 0.210339129562607 0.0354821183440576
-0.0132719476104693 0.0196586368531381 0.0409651634311556 -0.226716255531534
-0.0126478825122919 0.0127847878057023 0.0055386462239271 0.201559781785945
-0.0184997022600894 -0.0236757556900958 -0.118525289278199 -0.0930316696600136
0.0206238144860859 -0.0272349342789689 0.100776804452476 -0.433627250281486
0.0561929854994994 0.00286914766960143 0.573939238816783 -0.146530846912771
-0.0211337978093523 0.0430833774354384 0.540969874190353 0.686785976881667
-0.0686927074978007 -0.009534811944158 -0.375369172007735 0.920444098439622
-0.00418142157075556 -0.0398061396335684 -0.656781636170654 0.304779647408842
-0.00544709243837686 -0.0301861597402996 0.0558934654315596 0.0697841380013331
-0.0118412488862532 0.020707791086211 0.50520142935347 -0.518255283347462
0.0163799799200055 0.0170240952759407 -0.209655603011873 -0.904988122640993
0.0423630807021897 -0.0256997615616401 -0.86743381384854 -0.187418636285693
0.0150245311130077 -0.0622063097724124 -0.435708554543973 0.528707832180294
-0.0346629768688758 -0.0263806831959841 0.137560696462135 0.420622755499621
-0.0382526184033018 0.00820311619334965 0.219602291127884 0.0187378697942467
-0.00859521009528065 0.0279448483783972 0.0474629000205582 -0.225396895061033
-0.00542707434432877 0.021918475984539 0.00645143276079152 0.201582819635025
-0.0107430835567497 -0.00436576398036548 -0.114816458567837 -0.0965041127204111
0.0225462600104903 -0.00566786855863707 0.110159685455912 -0.435687311198641
0.0532189956378206 0.0146444256762599 0.581523719455293 -0.135606595006032
-0.0157909161556481 0.0472312329145808 0.522593323887486 0.698821155159611
-0.0622005374019123 0.00310364492762358 -0.407505272131898 0.910120940824125
-0.0247879484496264 -0.0224411460258246 -0.661247158488511 0.291482865389374
-0.0305281558704948 -0.0112923875106958 0.0629706389096071 0.0662599040453603
-0.0155306270038273 0.0416323900747777 0.497216932293195 -0.529000338614737
0.0305157556783237 0.0217155431680081 -0.231329276256341 -0.900257382001469
0.0476054594679312 -0.02526293316086 -0.867883901933498 -0.166592541925787
0.0170393657598067 -0.0500170602269306 -0.416793781033414 0.536433868838355
-0.0256831943741489 -0.0103093173367598 0.14978091763998 0.414126281047595
-0.0272948789027902 0.0229322355095201 0.224270429559378 0.0113829801995385
-0.00273089816561483 0.0375936147740784 0.0488072692051609 -0.22649946749355
0.00166617484560277 0.0304482114980944 0.00236576073368862 0.202483504930884
-0.00327839409917011 0.0133336495716676 -0.119128604087822 -0.0911096904554268
0.0225987041908085 0.0150551501574236 0.0988572876749068 -0.438503064692871
0.0506864122902797 0.0233913484407502 0.578154442408339 -0.155975507632987
-0.00703611263258341 0.0523188904051111 0.546141838399819 0.676722253077557
-0.0536316402675936 0.017946828502234 -0.378145356791011 0.91313476091544
-0.0449416066451254 -0.00319983429590283 -0.649861933443345 0.304431190701601
-0.0565768110222327 0.00638096127377144 0.0566613841353687 0.0688289526255995
-0.0200981011725282 0.061235376376046 0.507493312256437 -0.519602199338478
0.0428491239613708 0.0287269510099127 -0.201378070963467 -0.911050452848706
0.0544237634176139 -0.0209424275941734 -0.858970954525219 -0.19992202323148
0.0216387406047398 -0.0391177037767376 -0.428299357368196 0.524816064770065
-0.0170310772294552 0.00467660664451987 0.143079500914998 0.416395256046154
-0.0161196654121137 0.0361894097019739 0.224052448642027 0.0163457401904554
0.00473302443791907 0.046477999989605 0.0499830686856144 -0.225604636991485
0.00780540646456592 0.0378511554899978 -0.00370800971580526 0.202343616662556
0.00487092922988321 0.0275297774344201 -0.131638208578703 -0.0786745182039037
0.0245738462009388 0.0303811287634856 0.0682024722360494 -0.441457279343266
0.0484142548474354 0.0301147770988178 0.565353753172273 -0.202730507656563
0.00310644952595333 0.0556121972026546 0.603325500340295 0.614838807852589
-0.0442258981264682 0.0348970316278599 -0.291774706697166 0.927780702403807
-0.0600759902187088 0.0173577426157428 -0.626828007800297 0.34335930019002
-0.077617975592103 0.0214356116216283 0.0396311974978848 0.0782334566660127
-0.0283839049362998 0.0788527807804589 0.535304843705953 -0.489415948183055
0.0498402496690673 0.0385251382576482 -0.124012330793487 -0.936332360552207
0.0603235183275899 -0.0140461749811253 -0.839937186325285 -0.27817045713628
0.0241760215933729 -0.0296647579263497 -0.466317018985518 0.495153940491148
-0.00920818667836846 0.0157121963963664 0.117925824927767 0.42905264460949
-0.00641120889802812 0.0463070747525132 0.215709776173631 0.0310085223411014
0.0101539756117037 0.0535312968842717 0.046574407322158 -0.224786501448793
0.0132549537738001 0.0412212438769945 -0.0145487257049578 0.201703798529779
0.0120238848386638 0.0335221472132935 -0.149727201343036 -0.0599930922071219
0.028955915545115 0.0380620838643695 0.0244807303489743 -0.439929847829168
0.0485509274418588 0.0333098073719093 0.537043150959065 -0.267186217238049
0.0120155929089276 0.0569491811641098 0.678863491506601 0.521719137306212
-0.0334703377989767 0.0472502366216207 -0.16470419653291 0.934943695376288
-0.0644262038036401 0.0341259664866645 -0.593754435238733 0.398044944546071
-0.0905086524630454 0.0310527567326999 0.0122692945241613 0.0931493827799094
-0.038059310885844 0.0883653978249642 0.571944323942849 -0.43739789170752
0.0521360740692271 0.0490154994293995 -0.00421828663697765 -0.959337847039084
0.0646663373647073 -0.00590498713143877 -0.801404976448547 -0.392806583786658
0.0258952557769307 -0.0216655837085608 -0.518437042351764 0.442101783968446
-0.00635203429536423 0.0232877957203613 0.0790735177257713 0.445942561115823
-0.000903994868718767 0.0540586866471463 0.204557467302678 0.0542349633776716
0.0136677218319172 0.0583471691969937 0.0391152160892247 -0.224538444727222
-0.018849267772258 -3.54427441625581E-05 -0.0169205578975025 0.196216650044635
-0.0324167524438335 -0.0465641558490395 -0.166681317289693 -0.0381837950259317
0.00576422996579753 -0.0636455826096029 -0.0267897429847291 -0.422739303691016
0.0471224163622684 -0.0264838861854879 0.477395001661549 -0.318904596518468
-0.0180091781359902 0.0365984009267176 0.743321300872406 0.418198805800809
-0.0795050408678475 -0.00264160374080661 -0.00166374700590487 0.935191485852474
0.0114249506198974 -0.0659951307801996 -0.560789866468725 0.465493148991478
0.0404467879510434 -0.0637111944296009 -0.0191207563920413 0.117728567206435
0.00790849492821539 -0.0175872996488848 0.595053892232659 -0.377060621761886
-0.0104005385003929 0.00558357420474052 0.107589207387379 -0.948254781508714
0.0316762468971906 -0.0122055884445168 -0.762862369517199 -0.475011696222766
0.0256457218954613 -0.0794432083521042 -0.588210396099354 0.39030076706752
-0.0342465588054295 -0.0677283215472141 0.0161575747584371 0.466426949194291
-0.0493834955300189 -0.0253296561571078 0.179004580752169 0.0840180428654895
-0.0151668501453769 0.0102967769993305 0.0230802261286923 -0.223579386386538
-0.0194446553758351 0.00142767586845058 -0.00574467542507724 0.197386027247873
-0.0298932281123986 -0.0454079949347383 -0.148002469979921 -0.0624308664434672
0.0117179900603863 -0.0584371708950749 0.0239985238210096 -0.430819819101545
0.0523439314023917 -0.0195607143391106 0.522394265368311 -0.252364627725385
-0.0206757322491247 0.0385144009209903 0.67625808801021 0.53248064151675
-0.0789011383219711 -0.0113183238492534 -0.149047739126719 0.943625560825828
0.0139400602657155 -0.0649121376678997 -0.60534419380384 0.401918843269354
0.0326442477453353 -0.0584905195295474 0.0121716740475506 0.0982547572668455
0.000119419932523283 -0.0111963692441511 0.557802256449109 -0.440703947716101
-0.00528692398739458 0.00786593852325689 -0.0390766543299122 -0.940381690297193
0.035143052213917 -0.0193004196393234 -0.820790691992804 -0.347572944329691
0.0189805050708117 -0.0779136566176935 -0.52385797505899 0.459151650928765
-0.0392335626913038 -0.0574538043578472 0.0686281557536849 0.450283645196975
-0.0494864025207479 -0.0173663444840077 0.197292409258742 0.0567037744974404
-0.0148897875909647 0.0141859055572143 0.0310624159585063 -0.225199681754259
-0.0169477194014184 0.00549011016844836 0.00309282119812599 0.198870936348276
-0.0252706121308213 -0.0378422146634013 -0.131279634375015 -0.0801851662244235
0.0182544382687519 -0.0461529860239485 0.0660390595834491 -0.432949180578737
0.0554564863601594 -0.0100590853012424 0.550899728513648 -0.191849966683239
-0.0230224896746795 0.041017103907563 0.601588230663509 0.624581612559029
-0.0747664452147185 -0.0137478201292607 -0.277383542701852 0.933974643744448
0.0104045201604602 -0.0543688544521624 -0.635582923973634 0.344839807669736
0.0163657723517258 -0.0458287083175386 0.0389954659115203 0.0807330114523861
-0.00632402197807759 0.00270471984542479 0.522477779684515 -0.489688812640412
0.00439457639898723 0.0118612877004545 -0.149012649059425 -0.918667450846576
0.0380791781169431 -0.0237295553051168 -0.853879722809521 -0.242627082020193
0.0156455543702476 -0.0713156943495729 -0.468567462247927 0.506532652949118
-0.0390511768166388 -0.0425833472955349 0.112762213854006 0.431801344926756
-0.0452386715495529 -0.00389100757351846 0.210023841966827 0.0321093087806232
-0.0117624791839524 0.0200993096695111 0.0381571716447165 -0.225332983335145
-0.011512466233919 0.0124659941127166 0.00789028172195568 0.199775556654923
-0.0200131812975209 -0.0218588346998459 -0.119067239700284 -0.0912265672259379
0.0207342072269047 -0.0271579657718552 0.0939643701352195 -0.432687801562139
0.0557354974921955 0.00123063349990958 0.569177936026986 -0.152325484179401
-0.0200194329972823 0.043253145041127 0.546133971007049 0.675979408405639
-0.0674225946908297 -0.00849153487138394 -0.364198785733949 0.917036209493604
-0.00460768743662226 -0.0408684266321012 -0.650754781531107 0.308676180102601
-0.0053631007686907 -0.0297395239982712 0.0564108584252711 0.0687762354896928
-0.0103903843213917 0.0209950726186212 0.495151069068754 -0.521588434516403
0.0159981609072406 0.0165101959296929 -0.219027847603757 -0.897506064934943
0.0417673758686194 -0.0250722598716957 -0.864606782056832 -0.174738794924725
0.0147909330397638 -0.061586798724608 -0.425696184977664 0.530719973194032
-0.0340289892798458 -0.0249749760195546 0.143155206872581 0.41467469172897
-0.0375071696788016 0.0091471265269963 0.219207526955658 0.0157000620816577
-0.00765851689371538 0.0281687768272817 0.0445943355344714 -0.225492864119075
-0.00521721493610952 0.0222009244459255 0.00823481250702835 0.200605877205847
-0.0112676644110421 -0.00463070075697397 -0.115932886640376 -0.093712485040296
0.0215688303515953 -0.00585904369866428 0.103129675971036 -0.436012837258481
0.0536326163550638 0.0127693020360086 0.575925150824998 -0.14195232703154
-0.0144252898041066 0.0490493821098646 0.526960535785424 0.68955794241528
-0.0607317831669364 0.00327720632683149 -0.395913350531468 0.909230473705972
-0.0248102656445241 -0.0219929949258877 -0.652334354760202 0.295548043699183
-0.0308392857482519 -0.0105598828733436 0.0624942847450175 0.064458353400594
-0.0139435020572394 0.0409645766408495 0.486817360159455 -0.531961572548354
0.0307242141728186 0.021149429763954 -0.240445238922007 -0.892160149312627
0.0472212221814783 -0.0249247489755867 -0.863944135628913 -0.155765764570136
0.0166126686815749 -0.0500431136535028 -0.405962505815371 0.537033800749545
-0.0264865770463698 -0.00983447682522847 0.155110970373357 0.407619849847119
-0.0269459357424737 0.0239701323011361 0.223768244200653 0.00923108062675168
-0.00162170799639265 0.037639914794891 0.0474778447469941 -0.225002640546293
0.00158637294453623 0.0296721194573813 0.00558168657027534 0.201788588768179
-0.00334520178274075 0.0127394549051026 -0.119879242061505 -0.089757570071127
0.022695994340907 0.0144897545892829 0.0926790833483445 -0.43845274465812
0.0499187233923718 0.0225329980196312 0.573761314617517 -0.16206356990149
-0.00679304088931541 0.0523405394427652 0.550801325835037 0.664552894137926
-0.0534359180456434 0.0192290287281126 -0.364067506386702 0.912864715082461
-0.0455387804913704 -0.00288277369808773 -0.64180312076662 0.309701048674562
-0.0553170734387768 0.00780256336462329 0.0574191211250727 0.0671114064169136
-0.019625944484154 0.0621777894257808 0.497635538493278 -0.52149712743451
0.0423001739285871 0.0285683411301327 -0.209926502317152 -0.905396396337523
0.0538564577520985 -0.0211513547171685 -0.856779493510761 -0.19048986868322
0.0203732443476591 -0.0386865370984357 -0.417872216512705 0.529272682549488
-0.016664398790284 0.00380435351494354 0.148001397802477 0.413383266667184
-0.0151690110185071 0.036861303697334 0.222913471819408 0.0130008785855699
0.00536299080393335 0.0459940438206571 0.0475787627861158 -0.224346459274805
0.00894425088778012 0.0365037252472872 -0.00189400343595281 0.20160550489453
0.00385070362997702 0.0262401329438177 -0.132728647706288 -0.0768867521854132
0.0239139095148426 0.0306762623891012 0.063286182362722 -0.440834897785748
0.0489318221415995 0.028678067823819 0.558677618774515 -0.208687915790287
0.00396318972853944 0.0566252117130549 0.605607667029648 0.602774788791609
-0.042038568948811 0.0356072195927181 -0.278961245280734 0.925196083139587
-0.0591537245825002 0.0163747800375336 -0.619962550737441 0.346828344314467
-0.0766769378149673 0.0230950651531737 0.0397853388914594 0.076499709919458
-0.0266856017970713 0.0783541374359285 0.525499648718397 -0.491101612068847
0.0496587113307004 0.0376063990967998 -0.133174880074748 -0.928334927847612
0.0602354543647475 -0.0154012092140029 -0.837425687932505 -0.266793977596019
0.0238756173779603 -0.0290895335129977 -0.456343008909877 0.497727325947761
-0.0103130373359437 0.0158556338407496 0.124987889336228 0.425316331052453
-0.00576894569300891 0.0460339052173297 0.216100057718768 0.0290239888178253
0.0106689249808337 0.0529335690276019 0.0430291413127153 -0.224379347970583
0.0150777182161158 0.0404628845603551 -0.0120682867853124 0.20079202598333
0.0122755409700009 0.0333697034243159 -0.149416514626564 -0.0575668988824323
0.028144261384386 0.0377986589431965 0.0182056432850271 -0.438088216343893
0.0489755508789107 0.0323940109867598 0.53015825918453 -0.272212818631758
0.0129189520319337 0.0569867560300506 0.681856663010187 0.509332849208898
-0.0319247415051858 0.0471779105907688 -0.153224201665473 0.930907642599548
-0.0627758872618699 0.0341596758537493 -0.586565891887175 0.402440748806367
-0.0895466302381736 0.0321867291087427 0.014261464864355 0.0925763170597995
-0.036958721584871 0.0884459388166823 0.561473381635534 -0.442076037341709
0.0514901562525853 0.0476358135160129 -0.0145530939092366 -0.952616866033343
0.0636088534128914 -0.00629387694626192 -0.800430641847003 -0.379963506438432
0.0256365718557291 -0.0213453790630377 -0.509822043643902 0.445589278677472
-0.00658088244112292 0.0229634210335772 0.0839760127303149 0.44240091434626
0.000178101034224942 0.0543625049568738 0.203933484228045 0.0517766077509697
0.0151537188170156 0.0578814663756322 0.0368691269532047 -0.223424503432359
-0.0175673978998019 7.79635779330108E-05 -0.0149910986360823 0.195617171408939
-0.0332694479908494 -0.0461240673838376 -0.166614750806103 -0.0376921086391286
0.00512546378057082 -0.0626644217321649 -0.0316260526817623 -0.419725644230867
0.0458971561522653 -0.0281920719828362 0.471621518427442 -0.322568589189417
-0.0171124716276092 0.0373793644585105 0.742699523688091 0.404560548415816
-0.0785076002145429 -0.00108668427006675 0.00584513021395276 0.929580936596453
0.0118056453797525 -0.0665553545713979 -0.553012098186789 0.467709320364418
0.0397116359084243 -0.062899210048385 -0.0183699958102619 0.116730726513941
0.00764833847173168 -0.0178590171536421 0.588213407652695 -0.377576130815752
-0.0102506132444287 0.00482874404339298 0.0973517684290774 -0.942312920211783
0.0309769572546097 -0.0129376690511375 -0.763951189983956 -0.463152084922442
0.0250102086747086 -0.0793244511578995 -0.57945637883404 0.396204716095558
-0.0357262558941676 -0.0679358230520414 0.0230210738777974 0.464824499257042
-0.0491706129019832 -0.0238889605447206 0.178900619003284 0.0826115871654328
-0.0145639045551321 0.0108339386896098 0.0209311775777009 -0.222569340152553
-0.0183483716890364 0.00117309492979516 -0.00474923039036151 0.195498320898322
-0.0308919602706677 -0.0449110706286767 -0.147408038410313 -0.0601649229098112
0.0118435258397696 -0.05800889931462 0.0189944826626487 -0.430022444986537
0.051495454388838 -0.0208814741329642 0.517957970871712 -0.257561490724759
-0.0201904369500498 0.0393117363587633 0.675970188595576 0.52059910395792
-0.0778397042565777 -0.0103822090773336 -0.139723505560617 0.940776040499421
0.0147317781989287 -0.0645267159046959 -0.596702302785647 0.404585053845814
0.0317641669461447 -0.0573611592046821 0.0134000791920239 0.0970456071652823
0.000138656940609001 -0.0107512079201204 0.551947120656625 -0.444461977290059
-0.00528527382474026 0.00826010845992037 -0.0458999827349493 -0.932422849033943
0.0328828365836531 -0.0183688398942484 -0.817144830443122 -0.337095932554014
0.0181638267002891 -0.078437618259372 -0.517234847732111 0.46129834153332
-0.0401613369102406 -0.057370560649206 0.0742384570786664 0.44766195150108
-0.0484762620022115 -0.0152140966595647 0.195870231377279 0.0544831501424635
-0.0133836574283674 0.0139807438920099 0.0281024198017876 -0.224254119898476
-0.0152096236053734 0.00516907281341885 0.00469758225938399 0.196740240293914
-0.0255698279434561 -0.0363248600658263 -0.130546588518243 -0.0795765557994439
0.016274758122503 -0.0452202716082507 0.0629830363234003 -0.432147153338346
0.055163265295428 -0.0108002482505095 0.547226615761122 -0.197128125317607
-0.0226929620195802 0.0415098596621216 0.60423795488757 0.612389994687169
-0.072749098163155 -0.0124989000623446 -0.265272837265568 0.929149974923892
0.00953633450792521 -0.055047294707832 -0.627686969376564 0.349682677446812
0.0150939299848071 -0.0452570235205693 0.0387527589075057 0.0798172871746036
-0.00590030587833349 0.00288231305120814 0.512260366949289 -0.490977181310922
0.00464404464461703 0.011758092590211 -0.157192579930482 -0.910740912054356
0.0356717508639585 -0.0230624212509407 -0.84924425569702 -0.231956302317556
0.0143057856982739 -0.0712113272271657 -0.458792055995491 0.508954820397558
-0.0398666223694074 -0.0423101333421346 0.117429396913655 0.428341467125112
-0.0453395621986587 -0.00277027762683479 0.20982099398795 0.0308560137997076
-0.0115081203041345 0.021041427116102 0.0363312193586503 -0.224414539690781
-0.0109191099678579 0.0121433738201215 0.0100758930078035 0.197926027794033
-0.0194896522964508 -0.0212484416345358 -0.118804965383502 -0.0894431841469216
0.0201098064826777 -0.0271452744235465 0.0889290078323275 -0.431608191822561
0.055559819429652 0.000454342517713313 0.564642138475942 -0.157159280565922
-0.0194966369099481 0.0445706473564436 0.548397980228745 0.664300183613489
-0.0667701937773634 -0.00805235595241536 -0.352847966897961 0.915256604890262
-0.00444102576600022 -0.0398918631845966 -0.640698423495418 0.312884872748063
-0.00626666727315894 -0.0289544889400385 0.0571448229698881 0.0668814112263337
-0.0104741000480075 0.0207093293589095 0.485968163544043 -0.520314211068313
0.0170544643152443 0.0164985969232689 -0.225902744655321 -0.890693244130526
0.0401789293230958 -0.025940488681888 -0.859978465868287 -0.163742606189696
0.0129495011934025 -0.0609234440521539 -0.415014655770773 0.534227322402998
-0.0344116062279136 -0.0256162115792833 0.146874105042493 0.412890428803591
-0.0358854101070427 0.0104817532559592 0.219807414607919 0.0135342750211494
-0.00755806934890104 0.0290231126149326 0.0420514794115348 -0.224282863607898
-0.00325294045767694 0.0207726072224847 0.0111223428894339 0.198929359326987
-0.0122846579526951 -0.004082103268162 -0.1166646106025 -0.0920032498129841
0.0211657395756781 -0.00639004570405915 0.0963371691677626 -0.433183353008966
0.0528213766440353 0.0115373517087901 0.572539805977215 -0.147033322580423
-0.0138972049584074 0.048205684601187 0.532284390403336 0.6767305382744
-0.059582856866784 0.00415502913305724 -0.386186852215911 0.905962978610034
-0.0245196444646764 -0.0227655990312568 -0.645974896352478 0.300473627686357
-0.030667662205059 -0.0100064784917171 0.0633120939633117 0.0633828352337466
-0.013549082260517 0.0413075317646931 0.476931288201177 -0.532036521774189
0.0300366283456216 0.0208993526253629 -0.247797403976796 -0.884535737845768
0.0465756697148904 -0.0248800782278371 -0.85969850061738 -0.144384773950139
0.0158156191253583 -0.0499114600272332 -0.39681823034543 0.54029348015609
-0.0261424712355123 -0.00977430597767763 0.158172189493061 0.404796874534906
-0.0257700720964708 0.0248278610857005 0.222496102585495 0.00584724699203662
-0.000660284333462309 0.0375786291975777 0.0449810332651164 -0.224029916107792
0.00305258638353186 0.0287770724615494 0.00613076080364735 0.199200352442184
-0.00285690500645984 0.0130435236828863 -0.120620801835094 -0.0876337181398149
0.0228260169801808 0.0140773143547929 0.0861812969850597 -0.438590153094268
0.0500754799057616 0.0207806670131744 0.567725414384984 -0.167748545498047
-0.00631314960896841 0.0525860578562911 0.553242368191446 0.653129555208656
-0.0522766278015743 0.0193892352450349 -0.355353354912116 0.907152312844732
-0.0447406717845133 -0.00230918451273427 -0.634697192437744 0.3138595500531
-0.0548840543683921 0.00837019757149675 0.0573751494944035 0.0655236787290931
-0.0183152710610219 0.0608163210081154 0.487505925128907 -0.521663563628232
0.0420922864901939 0.0283345670693562 -0.216583044334407 -0.895662266455325
0.0526145332569189 -0.0214190405022485 -0.853354064031619 -0.178617285859095
0.019094957406194 -0.0387180236130834 -0.408563959080518 0.529019013166182
-0.0163923580758853 0.00474264935771019 0.151990240761106 0.408486651800684
-0.0141658524107017 0.0369818072330354 0.220237664518791 0.0112113317376698
0.00614917404495481 0.0448765532170184 0.0446043107107014 -0.224910986649577
0.00966384788626553 0.0347438483974936 -0.0005688673992594 0.199755515262995
0.00399887003785602 0.026383627879544 -0.131001219052526 -0.0753185971894799
0.0251516135490589 0.0291413423527532 0.0563807093484416 -0.437818776847489
0.0473394997428414 0.0275944917970775 0.555214225540411 -0.214069665242587
0.00387109810302715 0.0564522466705915 0.608635843280684 0.590099958511912
-0.042570149491542 0.0354475131629951 -0.269129490487177 0.921527710415031
-0.0585092073150081 0.0170651531150118 -0.61094307393299 0.35104169600921
-0.07515933942218 0.0227946287552985 0.040034310326541 0.076023408720381
-0.0258483808806622 0.077771612771853 0.516169574405022 -0.491093891120082
0.0494341447721512 0.0362991562104557 -0.141162398047289 -0.923006324279288
0.058232948130151 -0.0161228868159444 -0.834905384185693 -0.25511830053328
0.0222335881744721 -0.029725157490915 -0.448627869188798 0.500446803386962
-0.0109180643594809 0.0156843586248374 0.12791175160294 0.422697213227575
-0.00516961256541082 0.0462297120046191 0.214572643113056 0.0271435515787661
0.0117859740453714 0.053121298198242 0.0408192296102277 -0.222646526323681
0.0148402432336737 0.0382720092498225 -0.0101707695537309 0.199146815975605
0.0124447909714691 0.0338788829394294 -0.149797713408383 -0.0562412090282861
0.0286124178742847 0.0368209793306433 0.0136308792894014 -0.435269415313114
0.0481421965646967 0.0313618059081949 0.524398733742492 -0.278133647629878
0.0127787291500902 0.0574138535207961 0.679892499565628 0.496749995825278
-0.0311559809892523 0.0475904008538393 -0.143545251563149 0.925455177397039
-0.0615147803475706 0.0346660399973675 -0.577520903780519 0.404221330177664
-0.0892761059883179 0.0332307563973454 0.0141593134951882 0.0914941054346711
-0.0354429864221563 0.0877522090272441 0.552338708654668 -0.442012591042447
0.0514495396708033 0.0464594202816087 -0.0227481336654201 -0.944740755896753
0.0631075767802075 -0.00655068028866394 -0.799947561227518 -0.370353202419784
0.0246023017488148 -0.0222516885528425 -0.500157455328058 0.450084120074371
-0.00683913779383663 0.0214984538987478 0.0891567209268078 0.439415601317777
0.00165998077584899 0.05396512893482 0.203303756256927 0.0496798547613391
0.0161016860129291 0.0574238079675402 0.0346961788214207 -0.222101942296874
-0.0167003149020167 -0.000380685281717164 -0.0132391300174823 0.193717863738916
-0.0333674732824999 -0.0452212833534142 -0.164888642839237 -0.0348657649483741
0.00447361092795841 -0.0617334790755221 -0.036432123600865 -0.417391278857442
0.0456120694514281 -0.0285875936327162 0.466730943154788 -0.324930805471638
-0.0165115416783555 0.037773073765455 0.74107821117667 0.394653402885653
-0.0781029777674476 -0.000162773904066692 0.0137849557405405 0.922557896350968
0.0109070613870803 -0.0664714150954422 -0.545358647601082 0.468013010140875
0.0384015506050123 -0.0628499209823381 -0.0169551997267929 0.116811999944562
0.00816490506202201 -0.0177720454457659 0.580716527193487 -0.380651683117091
-0.00974161265685901 0.00452737501862823 0.0899408444975365 -0.935907505528153
0.030511815466436 -0.012835775680582 -0.761710773208613 -0.4531626308611
0.023013939824363 -0.0790925133044729 -0.569907596977353 0.397970719717119
-0.0358605924239511 -0.0679850900864489 0.0270929045695953 0.461230571284998
-0.0486772091434691 -0.0223388631594892 0.179426246229143 0.0805493585727568
-0.0133507337292704 0.0114540592995239 0.0185798324373666 -0.221296514382441
-0.0168148258822583 0.000969910214438393 -0.00287160804777474 0.194726822836803
-0.0312857894695219 -0.0434362328628208 -0.146261140628947 -0.0594237904771134
0.0109838753633028 -0.0575587277990641 0.0142918731004185 -0.427755898248334
0.0511856180909911 -0.0217457763180939 0.512251740981129 -0.259915906292815
-0.0198447310282618 0.0394747502874026 0.675486292081849 0.510378696630208
-0.0766273208402127 -0.009240310959131 -0.133359899131505 0.93197834150696
0.0141709786609572 -0.0639046093519202 -0.589487249281221 0.406107697167145
0.0311513385701553 -0.056936999939126 0.0134535341610156 0.0956839285925991
0.00075096661339805 -0.0116601026608913 0.5419912222584 -0.441942364772043
-0.00562547278206051 0.00839112110027096 -0.0501623614526484 -0.926786603720443
0.0331624756679657 -0.0193344915639062 -0.815969583353485 -0.325410588089013
0.0163716126094599 -0.0780255951488714 -0.507472782615953 0.464179019353341
-0.0400864540194 -0.0566290150185272 0.0778947374604023 0.445243479711445
-0.0489992894228788 -0.014676459821821 0.196316753930521 0.0520966423689021
-0.0134316681238694 0.0157577206470649 0.027369934583975 -0.223133051338105
-0.0149526346301095 0.00486492752558407 0.00528815701273439 0.195361795464843
-0.0266225517008318 -0.0348578081666136 -0.130585668335154 -0.0774299399358771
0.0170697020048047 -0.0465118044029984 0.0565431429858566 -0.429007160849652
0.0544700141737264 -0.0118487829984493 0.543351946190307 -0.200541578742314
-0.021962747605168 0.0418352614381382 0.604458059268503 0.600709317038572
-0.0724506062824902 -0.0124269938321996 -0.257803680090213 0.924962807256079
0.00988546065680701 -0.0542814862361808 -0.620252233448053 0.353174813541232
0.0144568104310467 -0.0455788483461709 0.0391070643963991 0.0794067352131619
-0.00600033032337704 0.00239392396822782 0.505468351137123 -0.490761132618233
0.00379481124150048 0.0119975940261542 -0.163218451448161 -0.902198599987114
0.0358552629566962 -0.023266030931264 -0.844971529828243 -0.224334213131577
0.0131240052253168 -0.070773000864841 -0.450164750539112 0.508947595241584
-0.0398287940068534 -0.0412549409185529 0.120330035316223 0.42407402740535
-0.0440070018927593 -0.00169682855642891 0.208382923053714 0.027726362960853
-0.0109518232927057 0.0218764553720792 0.0347663469395704 -0.223158053208161
-0.00997204944066145 0.0112718374298947 0.0103457538324614 0.196405200837111
-0.0197226765506283 -0.0209777699783253 -0.118981436614915 -0.0877807018194705
0.0204415951574646 -0.0284274490720733 0.0830982013395276 -0.429531085358857
0.0551659808540521 -0.000324711767085734 0.559198272372792 -0.163112059018374
-0.0199885293813727 0.044684863843039 0.551404949895118 0.653968081983503
-0.0660031670747823 -0.00670609514698375 -0.343388656203727 0.910473188411826
-0.00442756846391056 -0.0396681699511731 -0.633171624664194 0.314907814439247
-0.00626108807853727 -0.0289522939076883 0.0566367867937371 0.0674057098968471
-0.00951759124040536 0.0193773896927788 0.47749588044506 -0.520952208878843
0.0162378546712564 0.0157036076841307 -0.231183618997499 -0.880716628904382
0.0413650660747656 -0.0256573239977414 -0.85444510032015 -0.15508843938285
0.0117211320688755 -0.0610681622950381 -0.407693231652717 0.537069536726903
-0.0344108045041141 -0.0244766522770083 0.150273422888152 0.408212362263981
-0.0363976617488369 0.0105639152628365 0.217672716411357 0.0118899119624572
-0.00587259874581293 0.0290758210487649 0.0401235285649662 -0.22258192156021
-0.00382275501922641 0.020337835739742 0.0121167944263116 0.197572314028389
-0.0117557734733057 -0.00386256730170776 -0.115889326660265 -0.090151212007908
0.021086597646917 -0.00646556276353828 0.0913378817443466 -0.431452310230127
0.051972419233036 0.0100555193875849 0.566909590958177 -0.152009362540483
-0.0134242669026914 0.0491952841876748 0.53103498548891 0.668954090690213
-0.0597952982410776 0.00381981851106815 -0.377347994762036 0.903204690353084
-0.0242479511053175 -0.0214968563396502 -0.636469723435225 0.30122355443863
-0.0305522343508061 -0.00970560451776836 0.0625446784281928 0.0620117547475958
-0.0126311165212479 0.0410751846733622 0.469239911915509 -0.531411376789606
0.0300750388711219 0.0200884011340115 -0.252720932125338 -0.87488655678898
0.0458525687325533 -0.0252654690334394 -0.854415588828632 -0.136345265295331
0.01470547826732 -0.050078355187609 -0.3874583764453 0.541831992457256
-0.0264574653076604 -0.0086397372263742 0.160985027071856 0.400486114532046
-0.024817540462114 0.0250254423956048 0.221315354624007 0.00409296332143727
-0.00051016529669979 0.0370276587814459 0.0427028758433127 -0.221856234638977
0.0036874869466243 0.0279167015659162 0.0087630189368608 0.198139404527366
-0.00353685305020272 0.0133014916358499 -0.120214991313546 -0.0862578351062406
0.0224360363035705 0.0136581808519828 0.081670092847343 -0.434788479000093
0.0489134454879635 0.0193665442221182 0.563429651133985 -0.173219503614975
-0.00552837398255895 0.0539131357726912 0.555256003746338 0.642561336108747
-0.0516970725770776 0.0199539966341325 -0.345471478646432 0.905982298194547
-0.0439579517212926 -0.00214069075232845 -0.627203496011719 0.315550864047147
-0.0547688472046444 0.00870645590126361 0.0569911093311404 0.0653399438237268
-0.0177125416247072 0.0606638699548168 0.480199289119184 -0.520585117038941
0.0417920372109692 0.026925112676409 -0.222219352146163 -0.887907895094586
0.0526941791454656 -0.021434946854706 -0.847597741374288 -0.16965745223483
0.018475011250835 -0.0387675533365116 -0.399983153983367 0.531094014749876
-0.0174177061186483 0.00465196805715356 0.15573054921271 0.403736663583287
-0.0127960647719818 0.0372855711941316 0.220318422785361 0.0090106779336805
0.00632109699374984 0.0454323230030179 0.0432528221456459 -0.221832459778057
0.0100404385028663 0.0342064315513171 0.00169879843947602 0.19859318874161
0.00467795394083459 0.0264200006127012 -0.132208005582482 -0.0741400763838543
0.0238570226132774 0.02846505418364 0.0518986113231951 -0.436273845825151
0.0472451242345823 0.0266989894329817 0.548575050889044 -0.218988000570831
0.00445779680239782 0.0561193998817003 0.608326663818654 0.580796448289826
-0.0413286010539224 0.035695831756552 -0.260781341115933 0.915966886422666
-0.0580200053348429 0.0174981170734535 -0.604117204438059 0.352013115710447
-0.0754816290294787 0.0237552571620323 0.0417594217921522 0.0754060729904008
-0.025050407004222 0.0768954310500163 0.507437903124532 -0.490749893345368
0.0493335367063403 0.0358478254822379 -0.145406757752815 -0.913470396536402
0.0587067818692738 -0.015133638779703 -0.829681558272647 -0.248317379104167
0.0217108108516237 -0.0296076326717337 -0.440277926964833 0.500885393749295
-0.0103975969441421 0.0154226345522859 0.13212188853965 0.41819935404259
-0.00355699869196147 0.0463909315276492 0.213475386893759 0.0242334455756197
0.0126162312698113 0.0521899173292311 0.0392510944714628 -0.222041107813364
0.0143100687169778 0.036745619874196 -0.00924741038168612 0.197870327494098
0.0117431170366162 0.0332965796052356 -0.148239415361252 -0.0533316930997652
0.0283554567889268 0.0356591415032751 0.00760565100246611 -0.432428507143397
0.0472784240549705 0.0296239906359885 0.518065270081882 -0.28153458381092
0.01382689953367 0.0580682366213964 0.680533086051052 0.487314569391463
-0.0313482473721114 0.0470531664244985 -0.136787742931394 0.919847350855833
-0.0614613683649176 0.0346283208012775 -0.569403220667872 0.40528477901962
-0.0875907499014919 0.0335698104163372 0.0154427058477521 0.0902995895699932
-0.0343990508445386 0.0873268496289328 0.545436022539223 -0.444016211908443
0.0527209268814519 0.045832865672598 -0.0304509709655996 -0.937671867074421
0.0637182742099193 -0.00654209308365413 -0.795284538550749 -0.360030051127181
0.0232819760864627 -0.0221011739186717 -0.493525655976765 0.450901637325056
-0.00680398268871636 0.0219804029298157 0.0926804043669874 0.436014139778404
0.00226993741677695 0.0541191849861661 0.20312119394609 0.047710022782462
0.0166554067356149 0.0561024604208371 0.0333809663503112 -0.220095795781968
-0.0167122482882153 -0.00131179058844396 -0.0124296906869979 0.193498863135546
-0.0330637358282233 -0.044602110828485 -0.164278615580791 -0.0333742984004844
0.00385170894737666 -0.0621074317345061 -0.0399446096720961 -0.413642296658431
0.0446492143292286 -0.0299271150077765 0.46223781292437 -0.327096779014657
-0.0160906128742146 0.0385692257494005 0.737037787755946 0.384580067328517
-0.0765297762529586 -0.000372374167479195 0.017538598876042 0.915735751423672
0.0118389995691187 -0.0657058069338519 -0.538913674332751 0.468127610822817
0.0378707140496334 -0.0641246215194233 -0.0168311396147877 0.115146700915333
0.00870751067964232 -0.0179650184816512 0.572980513254376 -0.379285174860425
-0.00966550720945415 0.00494568387148201 0.084453818101612 -0.930410456998286
0.0313207074268952 -0.0122382907813303 -0.759656117117132 -0.444552080239642
0.0222501899052312 -0.079456842153293 -0.564073196204392 0.401581140552098
-0.0368339734974446 -0.0666331129067101 0.0301907621556635 0.458897657509262
-0.0482137857317135 -0.0212405742698605 0.179054292059283 0.078797755988445
-0.0128318702942624 0.0120029804504359 0.0178453802221202 -0.219101226695821
-0.0168809381760111 -9.81106231383012E-05 -0.00179061647437161 0.193204209338787
-0.0320595997614649 -0.043382442871522 -0.146483076955027 -0.0575879377091804
0.00993200424702698 -0.0584133873106745 0.0109731454329583 -0.42391056318845
0.0501251474068358 -0.0234633331817948 0.508194059875276 -0.261930476757412
-0.0212122196578983 0.040907495699903 0.674361466344012 0.50110249296361
-0.0760773144630534 -0.00862499703301452 -0.126904341631396 0.926989394122737
0.0148251271517118 -0.0639553285916413 -0.582068412594878 0.406179638733237
0.0297818118650557 -0.0574037272358789 0.013623258894321 0.0952394205290382
0.00223743500480572 -0.0114688244633253 0.533739378212763 -0.443948851462977
-0.0059590933754594 0.0079092633013836 -0.0575980244074834 -0.918767733972189
0.0322475429768837 -0.0193504945183103 -0.813647766382703 -0.318897981300148
0.0163961600258665 -0.077143418225348 -0.501374233299507 0.464882159119769
-0.0408122664469986 -0.0556527766608558 0.0814109218405212 0.439166093419375
-0.0476634178261571 -0.0133020917373079 0.195164590295073 0.0513723356149969
-0.0125101094569045 0.0159733399686638 0.026084026083647 -0.221207291945238
-0.0133475826068381 0.00424215189525867 0.0069644159721294 0.193315041638038
-0.0267934920686117 -0.0344859473320323 -0.130059469276752 -0.0751461374689482
0.0161459498816281 -0.0458615157527801 0.0527148630668992 -0.426588782457021
0.0541607477671014 -0.0127755280018515 0.537501511753213 -0.204795147862461
-0.0220835025084106 0.0422933297891293 0.603390255107772 0.591492806696686
-0.0711749229213771 -0.011676702305546 -0.252008860191777 0.919243521285033
0.00903115008579839 -0.0544973769242125 -0.611836335319044 0.352862670209392
0.0143451520508739 -0.0447400988082896 0.0392414956193285 0.0784051355432717
-0.00498289235264286 0.00266328195199191 0.497958825938325 -0.490120839149565
0.00370345182540469 0.0116505420283608 -0.166837631444425 -0.894015573849006
0.0361392875685159 -0.0234664912526033 -0.841172926088169 -0.216040192734848
0.0121330826706997 -0.0707879296901251 -0.444067494560927 0.510820564382998
-0.0402388501929614 -0.041286691037947 0.124345679568269 0.420860722015936
-0.042980038449803 -0.00140760778625148 0.208259138578455 0.0259183075113532
-0.0094409934024805 0.0218802292723053 0.0335374124555653 -0.221971201051098
-0.00945004733004588 0.0107955927874147 0.0115438271072417 0.195156666044033
-0.020199124599981 -0.020102695655858 -0.119758451153833 -0.0868173727917464
0.0198234593123017 -0.0277628477371277 0.0781827039103768 -0.428753781697027
0.0535247279442805 -0.00123633526766413 0.556070151896665 -0.166636531313278
-0.0190976611677553 0.0459654434408727 0.551564269736511 0.64402512136137
-0.0658011456653776 -0.00664142131282487 -0.336844282803217 0.905386953840737
-0.0043687322301546 -0.0397444773192876 -0.629458678761256 0.315833896856385
-0.00703656976507535 -0.0284589640358297 0.0568299310238437 0.0661894758336808
-0.00888841599499231 0.0207978822251101 0.470898296302447 -0.518317636919968
0.0165863545059478 0.0156598496362497 -0.235032924124277 -0.874407392331721
0.0398777043032441 -0.0252618727252457 -0.848937101213034 -0.147825654880228
0.0108057835226765 -0.0606641088875794 -0.400461175081862 0.53647914056795
-0.0352398989992117 -0.0246889826329405 0.153556977243327 0.404873427017863
-0.0347396727753369 0.012087077320852 0.21624770393508 0.00910014101334007
-0.00538667435530375 0.0291338265903719 0.0394430707797208 -0.221522330224777
-0.00326330743285293 0.0189960618721228 0.0129413790564718 0.195108254376529
-0.0121873906294035 -0.00326514821921778 -0.115623664051333 -0.0893410415174809
0.0208463296721757 -0.00642659593814505 0.0874650364710016 -0.428899077714201
0.051909300256174 0.00903718657604794 0.562163277049343 -0.155662053303149
-0.0133539858771807 0.0503367474992329 0.534443329821739 0.659374902624743
-0.0586097799124521 0.00452722923742726 -0.369955906975943 0.898995496768727
-0.0235926331074932 -0.0220559669145602 -0.630254718060078 0.304203507691052
-0.030486160218993 -0.00937642405857065 0.0629364810168646 0.0612924690543349
-0.0124107112175243 0.0403493997236151 0.461149494523993 -0.527924404859526
0.0295295098450443 0.0208785753819642 -0.254872855747206 -0.867272823087503
0.0454823438857166 -0.0246065159989887 -0.850204568239869 -0.130493484206007
0.013870685044848 -0.0494798267058922 -0.382282912222841 0.540826780520928
-0.0267362239708655 -0.009851487859992 0.164441426297277 0.396623223329335
-0.0236311861294781 0.0258080991674399 0.220247346499461 0.00298098146973358
0.00103649680779021 0.0368833451002393 0.0413873829906709 -0.220964656701967
0.00425761501950183 0.0271275070252533 0.00937684709561402 0.196142703689634
-0.00353370204483392 0.0137376309175457 -0.118998861803356 -0.084501398351402
0.0216372006256297 0.0130579225086791 0.078786489505453 -0.431056615564903
0.0484313748763284 0.0185709240223812 0.558865735552559 -0.177242841066286
-0.00520956032318173 0.053769279569094 0.554810720856 0.633818912612773
-0.0502834245203413 0.0198098368739005 -0.338417836633084 0.901186996018702
-0.0440052846389207 -0.00277385382588256 -0.620321870720404 0.31724053774262
-0.0547224362718719 0.00948372292986088 0.057287742826093 0.0639220302954457
-0.0165082698732319 0.059660281289877 0.472153581592668 -0.521142028514323
0.0413073144353787 0.0265957503776184 -0.226407715933001 -0.880372570548441
0.0529070363294872 -0.0223555171636178 -0.843247313289079 -0.163419931736833
0.0174627119119339 -0.038525324243715 -0.395404257421349 0.530923981290467
-0.0175399768438347 0.00418937488003836 0.158416506480689 0.401045937826214
-0.0127509677806435 0.037460598039228 0.219025692353389 0.00735384837320112
0.00740325445820818 0.0451300230820217 0.0416565324015934 -0.221348206708328
0.009693762122258 0.0332295165710429 0.00245022869649373 0.197133363982003
0.00517512029653788 0.0268505441824333 -0.130906686298434 -0.0717053397205934
0.0248515783957637 0.0281718369824049 0.0480823365425486 -0.433882320026678
0.0475578906599123 0.0259441522347148 0.543154396726578 -0.22138617817627
0.00558882422082657 0.0567189828234587 0.60853964832675 0.571632181020497
-0.0408072290380989 0.0349733293450036 -0.255112581762835 0.912351814797564
-0.0568356814950911 0.0177001213922933 -0.597197050424754 0.353153026492734
-0.0743666853636495 0.0243989968933232 0.0409221616628523 0.0750911371735927
-0.0238020279829711 0.0762107883702527 0.500129469302912 -0.490165043640578
0.0489899004501099 0.0353840799986304 -0.151416334465484 -0.907145856078506
0.0584335910596347 -0.0151561947977023 -0.826131732443496 -0.239392395791248
0.020909191478268 -0.0291563994903398 -0.431217761231388 0.502771872112613
-0.0104852829310398 0.0157206679692018 0.134345180595467 0.413190538925652
-0.00340810511729346 0.0470812852449079 0.213185803638498 0.0230629020046482
0.0137832906784072 0.0504438163127034 0.0371197387866666 -0.220409370780179
0.0160236163950095 0.035635704468221 -0.00645136305219281 0.197192595056589
0.0128772603131734 0.032715990284108 -0.147532617614519 -0.0530027964354102
0.028786191393888 0.0360566179090536 0.00464956008190321 -0.43084826091243
0.047398688076214 0.0284588296570963 0.51234802993983 -0.285021552653506
0.0133786049657423 0.0580474784835978 0.677977045333679 0.476628446943627
-0.0289475189679049 0.0458758274894046 -0.130998045902963 0.914930681589986
-0.0605732944762736 0.0335249009247273 -0.563714984358319 0.405121629073278
-0.0868311588145021 0.0340563823499398 0.0156998110033148 0.0901243355294587
-0.0332637332152758 0.0860944090926463 0.537534614259631 -0.441629185008875
0.0514247369124195 0.0449524648977806 -0.0355511522778434 -0.933222185280023
0.0624680223695271 -0.00719811879736473 -0.791650602311847 -0.352912584704531
0.0231300250944925 -0.0224825297977889 -0.486025589167555 0.45344023019467
-0.00751280439241152 0.0211990668692533 0.0953291632806135 0.431439662191584
0.00354194595305543 0.0540569012765951 0.202138602257487 0.04602022235355
0.0175309065086872 0.0560429309913948 0.0319167288913712 -0.21899850512842
-0.0161272104638973 -0.00154061608644198 -0.0114648508119674 0.191108163424215
-0.0333216343209026 -0.0434282788670404 -0.163139915871865 -0.0318845207088364
0.00396856803510838 -0.0627485522536479 -0.0427650764461753 -0.411312529922907
0.0439062843704021 -0.0301065623452687 0.457165262390405 -0.327797461275089
-0.0165916658913467 0.039016343720858 0.733910192252284 0.377284927835681
-0.0745387300692128 0.000328363420999687 0.0202380849471019 0.910453193122153
0.0106039206610321 -0.0660792859967693 -0.533684957352456 0.466521513472157
0.0375292832323358 -0.0623781229493122 -0.0158610274426354 0.114702370082514
0.00882222164579843 -0.0190725344631723 0.56644431438871 -0.379702453721612
-0.010438983394337 0.00509132488484042 0.0789169781905964 -0.924527142045522
0.0299256193273632 -0.0124212838741796 -0.756066228635718 -0.438019698211588
0.020875981415712 -0.0799606783211945 -0.558729399971163 0.403211531171762
-0.0363182435288822 -0.0668821924452009 0.0339643624283504 0.455236940708589
-0.047686380549732 -0.0204454464238945 0.178794049621127 0.078031724695397
-0.0113033701833669 0.0127993783882594 0.0169587686942744 -0.218022247506046
-0.0155856904244111 -0.000211343728227978 -0.00116912819618855 0.191693981942306
-0.0318143586915034 -0.0422888855389268 -0.14612612935811 -0.0562551648727552
0.0108336488225051 -0.0583336807097934 0.00906519942176934 -0.423224884596772
0.0502650028200805 -0.0235772238139599 0.504356353954846 -0.264739784735559
-0.020420149861358 0.0411279916142622 0.671441517604812 0.492385985508633
-0.0758238185451037 -0.00872581320380004 -0.122926281195359 0.921153036983146
0.0140643904483966 -0.0649289807793238 -0.576686734209181 0.406310827306806
0.0295896871491825 -0.0564441042011678 0.0142287041245589 0.0942128857657424
0.00122809048193604 -0.0114100004999289 0.528283447281462 -0.44190854469178
-0.00536930108215584 0.00794196153153315 -0.0598490746568255 -0.911527871373903
0.0320646525276958 -0.018513334157683 -0.809599628258144 -0.314687596960921
0.0157259956881403 -0.0778007498591946 -0.496214646674341 0.466749636882931
-0.0411658050392029 -0.0553563457802811 0.0852336334879144 0.437326739630697
-0.0480736290045141 -0.0120996072392425 0.194593644554774 0.0502069459331295
-0.0117531726158264 0.0154740769072235 0.0246728791043569 -0.219834419409354
-0.0135967951983968 0.00369422728385725 0.00772221715934721 0.193389983834543
-0.0274061995169327 -0.0336209700187736 -0.129224358865754 -0.074031809352548
0.0161843730187301 -0.0459969578270876 0.0493619169687062 -0.425407818713954
0.0536035969066553 -0.0138684032635921 0.534822910050031 -0.206519783783146
-0.0205609440276682 0.0431912527214617 0.601300260417658 0.582472752235433
-0.07052783865224 -0.0109937138467793 -0.245653838884797 0.913792566722337
0.00927303762854328 -0.0551289857518969 -0.607540601736337 0.35289744246671
0.0142255263332146 -0.0445652577723928 0.0393130974891833 0.077905586402027
-0.00495901572135992 0.00211227593293708 0.490909100862676 -0.487449965560472
0.00382990371806026 0.0122306419224858 -0.169544381584051 -0.889316935208642
0.035037168474965 -0.0234630413494904 -0.835606934890391 -0.21057907936578
0.0103952136998712 -0.0702003640228019 -0.437546714228601 0.510912867829585
-0.0400950591297433 -0.0406895409735541 0.127299919398196 0.417095670739641
-0.0427232975859397 0.000256900656163133 0.206827767133169 0.025215277273768
-0.00859698408007907 0.0215592099888074 0.0325338312084931 -0.220841741012103
-0.0092213272727509 0.00997143645166585 0.0126936686400171 0.193027376844232
-0.0193302771036564 -0.0199359184048821 -0.11881657257254 -0.0849407484411838
0.0191972333792209 -0.0277286921699984 0.0766048689953039 -0.425860757131633
0.0536751805307781 -0.00243298756077696 0.552100384054113 -0.169029690987102
-0.0188109558026969 0.0455672151663991 0.550918701544757 0.635960018536526
-0.0642753524395675 -0.00643212018740039 -0.331118705817613 0.901444113259315
-0.00409747171462627 -0.0408520675075699 -0.623767918462873 0.315823774108667
-0.00600422007728728 -0.027422347320317 0.0563965861926789 0.0654598851321725
-0.00868110829999178 0.0203483580126393 0.464361289279918 -0.518232493196762
0.0162787477667299 0.0160505415934558 -0.237373682634001 -0.867897657697465
0.0392167013667412 -0.0257716546487797 -0.845911072468665 -0.141671247393201
0.0100259791887027 -0.0603113845146283 -0.393250928206324 0.535374559099226
-0.0357538585504771 -0.0237353932791554 0.155788744286965 0.40048247893851
-0.0344889333452311 0.0131187132273613 0.215013698689956 0.00860436274242772
-0.00458632989704934 0.0293027648590426 0.0373322299013202 -0.221190114341988
-0.00272929616798563 0.0180854789826176 0.0146811791492517 0.193754887966875
-0.0117847785510849 -0.00280804464931069 -0.115102643732629 -0.0884149127881839
0.0211666835500618 -0.00694755472749274 0.0847585247987242 -0.428156696839041
0.050983893179548 0.00829097549336437 0.559706492926043 -0.159218080634073
-0.0128529002214185 0.0501149252993774 0.531088207088864 0.650385155304889
-0.0582118885940284 0.00418615386522968 -0.362803924763937 0.893713898000372
-0.022943604739645 -0.0218858966549695 -0.625471849943556 0.303434050067258
-0.0304858955531696 -0.00864236841670795 0.0621030667947862 0.0617546344903934
-0.0116604283618874 0.0395188593405909 0.454875009168373 -0.52767879621385
0.0291489634262381 0.0194766385141023 -0.258131544470978 -0.859226477730443
0.0451610864339096 -0.0245739869793189 -0.844223242144041 -0.124269906272617
0.0126165946984083 -0.0494740993059208 -0.375156138783668 0.541414242326176
-0.0268814378834952 -0.00914711388898436 0.167130624653389 0.393849858835901
-0.0234580465305706 0.026234344255186 0.219508882398225 0.00164423188695133
0.00231294365377425 0.0372996226397133 0.0400864990457459 -0.220623170429806
0.00386115208344836 0.0255935786397959 0.0105829167673531 0.194680269557836
-0.00352504546265074 0.0142265948775678 -0.119120672824049 -0.0831902272878952
0.0210951183617006 0.0125449628210732 0.0747111543712423 -0.430329826085757
0.0482614763841503 0.0186033810118929 0.555739946953665 -0.179267057812343
-0.00488371183466087 0.0541554424545567 0.554762790764001 0.62441819299995
-0.0493609223310989 0.0192859503303364 -0.332283659243708 0.896809758957138
-0.0428358827370311 -0.00291249639982752 -0.614352290050039 0.317206750039113
-0.0547919135648086 0.00904429822877321 0.0575445499705962 0.0641062040398806
-0.0161337134564539 0.0594377511126299 0.466273743888126 -0.518387808387396
0.0419751925935598 0.0260380204737818 -0.229072602346849 -0.874906173531196
0.0513717393781038 -0.0212213182756067 -0.837787656111038 -0.15662902569992
0.0164633033108965 -0.0375548973683493 -0.38783036901238 0.530093607312464
-0.0171466288931725 0.00500896381266181 0.160618141922959 0.396841250840803
-0.0116890859252141 0.0379750325225792 0.218416356943529 0.00713187820782356
0.00779217527456062 0.0446806996786759 0.0404175550697921 -0.22041761607589
0.00993277912974553 0.031711617096608 0.00267653061996178 0.195008917742158
0.00432772640385599 0.0259082487546266 -0.131456637435094 -0.0704892787284805
0.0244299206703449 0.0273465684683152 0.0447366409472832 -0.432260008847477
0.0464142372773341 0.0253610122068997 0.540470807579052 -0.224015887415591
0.00478738072928215 0.0574108364691709 0.608041725147055 0.562707069549986
-0.0398356633636286 0.0346143056440475 -0.248951910559346 0.908201538385679
-0.0562251746521706 0.0168336703643996 -0.591324000302225 0.352514438619079
-0.0731635569211483 0.0253696252233401 0.0399722356667175 0.073784399613563
-0.0229777289116407 0.076021272620363 0.492922682933837 -0.486481908698162
0.0489475404450212 0.034958600649976 -0.154942468430957 -0.898041345883078
0.0580726117914503 -0.0149087068806441 -0.82036421476073 -0.235411562308826
0.0198686613927032 -0.0289793694737426 -0.424759283044066 0.502427530928395
-0.0103577155007578 0.0154261967289228 0.136672964832125 0.409783062063833
-0.00185021894629469 0.0470947554722917 0.211873556568402 0.0218540304051677
0.0137302986098356 0.051359020409268 0.0367373772022977 -0.219560976124248
0.0150598565971156 0.0340832675898798 -0.00536753771341667 0.196019177540313
0.0118716430392028 0.0331576001122725 -0.147232540264419 -0.0508705640851045
0.0282138283869312 0.0352411335817837 0.0016017602548586 -0.429261509605978
0.046975686155201 0.0272288138790178 0.509156772077597 -0.285895393672909
0.0145698942844985 0.0574135019724577 0.67476979551181 0.469752071944112
-0.0295647497314369 0.0463147849354919 -0.125942386875075 0.909372038934928
-0.0592107529043239 0.0332558913862079 -0.557553912720416 0.403630262077927
-0.0859660689605719 0.0339960489528556 0.015687445899691 0.0883854102846935
-0.032640470592015 0.0865671697438533 0.532071440851861 -0.439941571001984
0.0512541280003816 0.0447889397249795 -0.0388928693908087 -0.925832181064817
0.0627165769883612 -0.0069100684831307 -0.788826549752719 -0.347514882887666
0.0225188945155156 -0.0221652950758257 -0.481068588460404 0.453121028713484
-0.00661882542045765 0.0230612175276019 0.0981788292776851 0.428569362052153
0.00440840490105159 0.0536953789337991 0.200688117302273 0.0451664769289608
0.0181207827408471 0.0552163636785885 0.0304566509965916 -0.218160799093862
-0.014814521673955 -0.0014053526745903 -0.0113904937555366 0.191046005460864
-0.0341843720838129 -0.042178799632883 -0.161953606974279 -0.0310411705250463
0.00349050013795629 -0.0620562374631898 -0.0454281238944914 -0.40895925901108
0.0441523092031433 -0.0302756249340521 0.454890050569499 -0.328064659430953
-0.0158889142447678 0.0398818935506978 0.731310269584692 0.37018953594093
-0.0746441118550543 0.000761057979867318 0.0229173224126426 0.903623637963906
0.0116817391910285 -0.066798329062735 -0.528340590227965 0.465265093596924
0.0373710214649096 -0.0621506256160739 -0.0157461147425989 0.114191534119411
0.00885366987561199 -0.0190445058645205 0.562101881419299 -0.378736190291048
-0.0104545163496616 0.00510472392972703 0.0766254353391852 -0.91779502696177
0.0297696288206084 -0.0121090735244451 -0.752173209538617 -0.432959875523782
0.0205001362161792 -0.078431982786468 -0.55189201443685 0.403679440462513
-0.0369355686648909 -0.0654971295730777 0.0371500856701161 0.454125026531798
-0.0468746492237747 -0.019229453262692 0.178666550676314 0.0765415466483948
-0.0100400925617777 0.0135683970217498 0.0166080392600005 -0.216698723915451
-0.015565249573278 -0.000203722871778407 -0.000255231146624532 0.191063617599403
-0.0316828334615012 -0.0410789972381722 -0.144745477704735 -0.0551776439312745
0.0101233959746125 -0.0585239259478263 0.00471342109481027 -0.420972269558815
0.0498087258610288 -0.0239829780977691 0.501346862582068 -0.26581064447483
-0.0197348263470912 0.0417361507393864 0.670070742784974 0.487426484018382
-0.0747276192602693 -0.00932458078954779 -0.119370182549581 0.916010871109232
0.0147337258612117 -0.0646492719502489 -0.57248985770461 0.405704161592615
0.0300280983462734 -0.0562681305553244 0.0144636845307742 0.0945139585931629
0.00140138800148797 -0.0123454715422656 0.52440238643501 -0.438982107510293
-0.0058856209116887 0.00854689671639772 -0.0629247575011449 -0.907295767748351
0.0319879264621099 -0.0189498944060885 -0.805457235321328 -0.307688247847135
0.0136695415831033 -0.076772182599237 -0.491012229376897 0.466354829892394
-0.0408755434504272 -0.0555416834148015 0.0869891716452718 0.435653978218916
-0.0466450790834915 -0.0111088806941312 0.194661284175295 0.0491292734197798
-0.0101596618811333 0.0164067432559365 0.0242400246983182 -0.218420800222097
-0.0124431994347235 0.00342163101840452 0.00844929680207229 0.192343595734475
-0.0274643769113479 -0.0334712239888878 -0.129249891158936 -0.0731524775129949
0.0155739241077378 -0.0461017641537457 0.0475265150132853 -0.424528348882079
0.0522443296419932 -0.0144905839942174 0.532238469155777 -0.207924814549124
-0.0206043659280863 0.0438472077325715 0.600046338683669 0.576332606519406
-0.0700229931180898 -0.0113920976819308 -0.242918071494145 0.911549321239654
0.0102895801911616 -0.0546971923133169 -0.602407884635802 0.351405475709264
0.0137516854888479 -0.0437451079543033 0.0384139587039328 0.0773507602638358
-0.00450539741313531 0.00183903122943574 0.48727815123934 -0.484226433858014
0.0038941609140766 0.0114377838173267 -0.17018378853494 -0.883523753977131
0.0348336738616661 -0.0237243909241652 -0.831718195198471 -0.205760563468815
0.0104858450460356 -0.0707363735410456 -0.432406222122563 0.511522814735942
-0.0409837775714473 -0.0402772120864946 0.128113084944366 0.414907171136185
-0.0428846685775067 0.000463210795459761 0.206179113760127 0.0246495550503563
-0.00795519889932612 0.0221915474605665 0.0311061409046026 -0.219830266660841
-0.00825764681007801 0.00997663492838055 0.0133112155234064 0.192002505377045
-0.0206805393290686 -0.0196165322974691 -0.119129513435267 -0.0840930955805979
0.019043507441484 -0.027220820381314 0.0736826410667947 -0.425720293987558
0.0523354296576865 -0.00301514150816132 0.549240345206786 -0.171458712581517
-0.0181754793644678 0.0465358518745664 0.549105924494237 0.629543937687696
-0.0637208483027658 -0.0060993424131133 -0.327808533275414 0.896537845403899
-0.00357155103512376 -0.0406769086400404 -0.617791889320136 0.316456606328689
-0.00603635792327994 -0.0273111178124242 0.0561894750921538 0.065519623690906
-0.00852927433903079 0.0197100491146563 0.460649747228298 -0.514089557551107
0.0157713542537076 0.0149903200398203 -0.23702910061424 -0.861534190783293
0.0397124541700015 -0.0255736893841861 -0.839181775944184 -0.138033413484022
0.00973597785550267 -0.0605648419586414 -0.388484839748456 0.535153633123186
-0.0355607411335639 -0.0234843623113851 0.157301236873367 0.397316129382736
-0.0336634000988961 0.0136102605139289 0.215051821933918 0.00738774122372658
-0.00336315401842745 0.0297815573028792 0.03701685735609 -0.219312894550579
-0.00271728436551631 0.0167426764078904 0.0153809091770464 0.192876355734902
-0.0122074496545472 -0.00261022075810332 -0.115934269320255 -0.0869001009429949
0.0202974666694189 -0.00699669292110511 0.083405385552601 -0.426130606446393
0.0505851803155655 0.00795847279508117 0.556342630408494 -0.161070901108861
-0.0121513056283151 0.0505273314370594 0.53254546286153 0.643629411083557
-0.0571335560700459 0.00390571555723263 -0.360279973495163 0.891244668659168
-0.023211582693045 -0.0220218517250153 -0.620367134136471 0.303527558056115
-0.0297697201675694 -0.00850271336158167 0.0626498542665425 0.0607362073936542
-0.0113847600230697 0.0394654568471903 0.451417063849325 -0.525150424537477
0.0286159595093145 0.0196748271086653 -0.260426797045114 -0.854386897175782
0.044901902358817 -0.0238723514399988 -0.839694091282798 -0.118829787444552
0.0118076744941731 -0.0489416729765615 -0.371380742814171 0.540591217471366
-0.0267173907182634 -0.00863765895453547 0.168755571158939 0.39071599996224
-0.0227171911511616 0.0261807897703526 0.217867364717275 0.000708178841515495
0.00340093993949198 0.0370056660949055 0.0407317700304475 -0.219797388216311
0.00387725358849449 0.0243571029042695 0.0112872455115651 0.194005906828914
-0.0035979122888823 0.0142809176749 -0.119650766946237 -0.0827353563272372
0.0223976449322165 0.0126474504111126 0.0706756297525063 -0.428598417954329
0.0474836034686727 0.0169918024353272 0.553159844923317 -0.181564424751868
-0.00347125746049191 0.0550669510402515 0.553440128914575 0.618978607238494
-0.0490686676095211 0.0198760958769922 -0.32809767636679 0.892250504606224
-0.042563820090696 -0.00206818753304707 -0.609658584020072 0.316343162780491
-0.0533833193839095 0.0105134992205401 0.057362019606483 0.0635438876646101
-0.0151940911126044 0.0584893495812943 0.461414010159133 -0.51642032151476
0.0408981141838138 0.0262935965310836 -0.230275342432899 -0.868927573424335
0.0513018537431739 -0.0216456601766777 -0.833090166591855 -0.152043171504235
0.0159825145001467 -0.0384416983951629 -0.383031701283276 0.5292161331602
-0.0176068009263578 0.00491842096673063 0.162629943681076 0.394036497160085
-0.0107400607717597 0.0381929198147932 0.216917840151107 0.00518856260425885
0.00880584821912654 0.0449473635575818 0.0394947221123992 -0.218866511295619
0.0115780934063779 0.0305650827609312 0.00413068445956736 0.193889293375575
0.00453986550648258 0.0266319911225077 -0.130323420144891 -0.0695267223330931
0.0237840957644331 0.0269032773944623 0.0414060507757266 -0.431607460994128
0.045649346639358 0.0239759323428847 0.53707701948433 -0.225715044644774
0.0059203250868863 0.0575163157905104 0.605224893363168 0.558355838053132
-0.0393067238376626 0.0341499396369028 -0.246143635326958 0.903988560946111
-0.0556062038224192 0.0165796106278682 -0.586422388522547 0.351122270543667
-0.0731602526722849 0.0253946883158594 0.0411219135407197 0.0733688915168519
-0.0219726822468818 0.0750755361257529 0.489635554991895 -0.485682949973437
0.0486021176144957 0.0345318523236969 -0.156557165215393 -0.894263131274706
0.0574645733684574 -0.0152555562929142 -0.816411469309858 -0.231315554657321
0.0192824223479602 -0.0289971636972071 -0.420865613131269 0.501051575293375
-0.0107077612746426 0.015380598902415 0.137937929480654 0.406655485721153
-0.00165864442813668 0.0471401953553787 0.211119822020875 0.0206480445217682
0.0145727172929053 0.0508694105059249 0.0349249562976118 -0.218484516590436
0.0161163414470404 0.0341076377495405 -0.0052585900759566 0.194700326670127
0.0118660928387161 0.0326368280504989 -0.146745741613885 -0.0507009056883753
0.0278541794648928 0.0355674776076379 -0.000232085774798467 -0.427114117244835
0.0457767217868266 0.0274709838586671 0.50670599834556 -0.286839830319733
0.0142089064215285 0.0586275020051209 0.672820301710085 0.463341677298129
-0.029143110202517 0.045736990537651 -0.123191852351065 0.906481757915491
-0.0589427116988527 0.0327298350641527 -0.553760062985836 0.403826397289132
-0.0852280532049836 0.0341311869526221 0.0158414124214101 0.0897616410656748
-0.0309075221820167 0.0853449810745485 0.525611078024044 -0.438465791409661
0.0503117428107476 0.0446513378059574 -0.0415412499891154 -0.921565906778256
0.0613876675822889 -0.00678852924390529 -0.785208938790654 -0.342725239822287
0.0207894541125902 -0.0215208130127085 -0.474878849804682 0.453920685448299
-0.00792014180871756 0.0224652279806129 0.0996145872387889 0.425247829185516
0.00495605299034375 0.0541840211104629 0.200706727203933 0.0441401904339878
0.0186733750209342 0.053967120852402 0.0294177703404521 -0.215757092123563
-0.0144109254238966 -0.00168482537068101 -0.0109550086359076 0.190256547692143
-0.0348479221398952 -0.0420851889169972 -0.162360015512738 -0.0309249828186114
0.00347293638524283 -0.0623447707590427 -0.0453235261894808 -0.40770889766777
0.0425159954714577 -0.0307715953032426 0.453183324064667 -0.330090516464192
-0.0153908052268085 0.0406999120690932 0.727627122482925 0.367676308872196
-0.0739886444634803 0.000285480926594891 0.0228489432079849 0.900055098155842
0.0111665912795006 -0.0669972153732389 -0.525880377676778 0.4638146726983
0.0372027505895049 -0.0612094094025492 -0.014770644083022 0.113164570818306
0.00879703484750058 -0.0191345832153104 0.557711305053692 -0.375519975777965
-0.0107384601991922 0.00458218842202123 0.0749973841388284 -0.916233335464142
0.0303532411772926 -0.0124603838600612 -0.749887464620713 -0.431273444404153
0.019899736481635 -0.0786742117988939 -0.549350643966008 0.404130507831807
-0.0370290544436919 -0.0654474613818775 0.0374013266032572 0.452438690457667
-0.0463858540963228 -0.0180477496764374 0.178574777618013 0.0756288132922601
-0.0102359301397233 0.0128872798840303 0.0161636893863137 -0.215502446541389
-0.0146728654284596 -0.00043119076250201 -0.000210434147709525 0.191337607627708
-0.0322998836429842 -0.0407082357204402 -0.144565960101533 -0.055104711895238
0.00983754334308526 -0.0572314982012559 0.00482955962333783 -0.419635342128116
0.0495493252418971 -0.0249533279879426 0.49877200326669 -0.266509370577035
-0.0194977246406732 0.0420060694675765 0.66682278303022 0.481563017979454
-0.073419691577479 -0.00901721337461954 -0.120053897435833 0.912933137129442
0.0157379937155618 -0.0640233432563519 -0.568619388947398 0.403950767937594
0.0288403946946379 -0.0556792488892019 0.0148637289467805 0.0944933935149685
0.0012536365903954 -0.0114870615528571 0.520674749652892 -0.438040897305571
-0.0048073736911575 0.00836385452271145 -0.0642499818798287 -0.903838518931787
0.0313988331335821 -0.0183577901568846 -0.801440917153342 -0.304906983608718
0.0141412569214769 -0.0771233156587894 -0.4877769601264 0.467396484449923
-0.0413994548170211 -0.0546376145396497 0.0891434507024291 0.433542344130347
-0.0460265236579725 -0.0103865460898773 0.194494400129382 0.0479256053917127
-0.0103531416959891 0.0170754371715454 0.0245440248392412 -0.217248784466574
-0.0122759787802881 0.00264320812598772 0.00884560098222849 0.190217282212502
-0.027286032417205 -0.031861483643597 -0.128632985578255 -0.0731071537444566
0.0150472666355813 -0.0462448122227366 0.0458011658776566 -0.421929749487971
0.0522608966992248 -0.0148812591591838 0.530618083543898 -0.209270700787318
-0.0194615117836335 0.0437847587109245 0.598603704589071 0.571379390066791
-0.0691448350008928 -0.0113211915292865 -0.242386085195816 0.906585072599256
0.0101249844969409 -0.054558275662163 -0.599220979349042 0.350754706113667
0.0137662855465833 -0.0438133683553439 0.0391604286390299 0.0773070924480519
-0.00388799221423242 0.00115455397688114 0.483743251558934 -0.483908951757848
0.00294279230522883 0.0122084748005655 -0.170258327201491 -0.879793778833503
0.0353228916128524 -0.0227669183679107 -0.827804198183995 -0.203930558320986
0.00938883448070012 -0.0698463397788515 -0.428178011778285 0.510857401340099
-0.0420257741755869 -0.0399446583496287 0.131868988149003 0.413905542228432
-0.0416727190232371 0.00132625825053995 0.206622634703501 0.0243699371315247
-0.00699185415985581 0.0224659728226879 0.0318397477811678 -0.219232432712938
-0.00817819229285358 0.00931974393491982 0.013466024190836 0.191609147910001
-0.0205972775332251 -0.0193506904848264 -0.119136388195727 -0.0840808376986884
0.0188531778199794 -0.0279123064211606 0.0717502266086453 -0.423904291324141
0.0520962855750794 -0.00323736961139176 0.548342593790291 -0.172821266802921
-0.0181743861924323 0.0470028637527704 0.547504487741837 0.62358627517397
-0.0630711867421526 -0.00693915056875247 -0.326675602410338 0.89376049158997
-0.00358442808535593 -0.0410053897355801 -0.615080344935303 0.314623965561259
-0.00610741161158141 -0.0266821483719316 0.0560521146503289 0.0650865302273039
-0.00793900092491919 0.0191260550261082 0.459017126635828 -0.511526675302718
0.015446388429367 0.0150122730669246 -0.238686693364382 -0.857173090310026
0.0393832874132312 -0.0247711169179012 -0.836363060828558 -0.136430318188623
0.00836746362184963 -0.0605395885043989 -0.38396661669148 0.534923099497429
-0.0359324024616116 -0.0234030980145516 0.158610611694219 0.397026608579275
-0.0327013098911687 0.0143180372442131 0.214778765449257 0.00674547263800457
-0.00293067983502032 0.0288156515314809 0.037118558855814 -0.218993317022716
-0.00234194763025538 0.0166499808497485 0.0150121156851455 0.192037738153085
-0.0125644946718931 -0.00224705149192213 -0.114757728415392 -0.0865151166065367
0.0209141539258075 -0.00674838720225541 0.0801380068123471 -0.425517041839412
0.0502340700838991 0.00709853344910231 0.554724776466164 -0.162814806854954
-0.0114167126462986 0.0513742969665241 0.529480598497426 0.637319549022644
-0.0560694197180872 0.00454349534677253 -0.357805336669054 0.887543622689516
-0.0224783184469269 -0.0228694442174875 -0.616433597065419 0.302690922437631
-0.0291694335308075 -0.00823645080866825 0.0629892181444436 0.0607646047784603
-0.0109473085403946 0.0387090519018502 0.448247836364309 -0.522284791164324
0.028667847580151 0.0194682527087591 -0.260133392298792 -0.852675904169212
0.0447438271501096 -0.024363338996353 -0.835471096143 -0.119019339855873
0.0120036596151796 -0.0486837194006956 -0.366672600717302 0.539767519642183
-0.0268702307880999 -0.00790507120365224 0.169674746201707 0.389102627404211
-0.0219497151097795 0.0273978037038409 0.21795390615857 0.000266655605049508
0.00297776762994365 0.0369249284517831 0.0399587808239458 -0.218698256132393
0.00453089660992239 0.0235078658767116 0.0117503812667827 0.193386327505534
-0.00355295465450856 0.0140174786513091 -0.118945320055615 -0.0823235354715946
0.0219654583970561 0.0123624501735179 0.0699210956126528 -0.428095218033024
0.0458590251552345 0.017119835411335 0.551047777036798 -0.182443281182833
-0.00316293908365879 0.0551956829060133 0.552325995662355 0.613904089258021
-0.048250955623249 0.0194556399181976 -0.32467551030608 0.890884079560099
-0.0423777425601472 -0.00305917375908919 -0.60707381173205 0.315479773772098
-0.052984828143502 0.0105792042460929 0.057001914927497 0.0634752672210531
-0.0153251503694655 0.057845055733 0.458745147483374 -0.512642246937141
0.0401119247056448 0.0259916417251209 -0.22949261965359 -0.863069549948116
0.0508050132202664 -0.0206232808092896 -0.829171744992248 -0.15104475954405
0.015012819203801 -0.0375598964316901 -0.37972147634243 0.529936195604342
-0.017618707060876 0.00470843654464961 0.162616609639088 0.391815485926926
-0.010599164532856 0.0383084170368008 0.216809774407359 0.00519631015694016
0.0106021089265345 0.0440200937350635 0.0391014018449593 -0.219152008224075
0.00986043231359418 0.0293621431692879 0.00461470420846882 0.192863074401989
0.00437008244194117 0.0273355033084383 -0.129939590917993 -0.0693406584933418
0.023721106676523 0.0273676159228413 0.041674642172347 -0.429310701218963
0.0446480128119931 0.023216660245567 0.535847727262784 -0.226888129546893
0.0060611960107888 0.0583630475481362 0.602305817647804 0.553656152618393
-0.039604445451793 0.0339350724668221 -0.243690891836002 0.901288512184841
-0.055081448518343 0.0162932156310274 -0.584473906579041 0.351329684021325
-0.0727060407459226 0.0251126893908202 0.041270890028054 0.073614373675734
-0.0219830494630868 0.0745896512004341 0.486381568843875 -0.483650356946725
0.0483999236801329 0.0350870078293751 -0.157188218607377 -0.889713608895368
0.0579073103152472 -0.0153935678853117 -0.813755379198467 -0.226494057109241
0.018317855357567 -0.0282241205763315 -0.416447455428348 0.501216777153171
-0.0108313018718577 0.0153511497872383 0.140141493716334 0.404810073531627
-0.000470395847537998 0.0473689858014405 0.210188264082279 0.020674197970905
0.015495017176197 0.0492917095825353 0.0359525149170628 -0.218186997319392
0.015307284092782 0.0324216727719647 -0.00475363575140271 0.193339267559301
0.0123050691122126 0.0322012705791193 -0.1466349906219 -0.0494396999446283
0.0285964373586568 0.0341683655646724 -0.00203958509504195 -0.424597933901406
0.0445202826621802 0.0260447158050828 0.50373612595425 -0.287240697321646
0.0156570314839111 0.0587410321188305 0.670935279269892 0.457464083830822
-0.0291757805052365 0.045544804523191 -0.122330936153983 0.902516757787106
-0.0587364064676218 0.0330617407970445 -0.548862467540949 0.402611064616405
-0.0851405089899161 0.0351134584916716 0.016910700842918 0.0888045304942911
-0.030394821153908 0.0845370148236227 0.523238974671852 -0.436297744874186
0.0492858285609146 0.0442434249489781 -0.0428852456637376 -0.91713050178567
0.0619070876078681 -0.00803680473665143 -0.782597920463122 -0.337862276504208
0.0208043062699451 -0.0217605324579444 -0.471660775490792 0.452895541947199
-0.00758507133869873 0.022230896553388 0.101277215526769 0.424643258990603
0.00504659961631181 0.0532175623436703 0.199566242326439 0.0436333092918789
0.0197275645929835 0.0540249355477656 0.0284366340425226 -0.216302448419421
-0.0137428999090787 -0.00244058509321404 -0.0100384405186609 0.190064659224685
-0.0338132544853623 -0.0419405833617813 -0.161696297137178 -0.0311932516574727
0.00363475437636867 -0.061530142901463 -0.046992272059098 -0.406772996030877
0.0432387661102382 -0.0311470644506664 0.450451631695653 -0.330155394777679
-0.0147914566420009 0.0409081540517712 0.72677341433957 0.361701208490785
-0.0736416095058081 0.00027897191606488 0.0260775495790101 0.897007561347253
0.0116102426004851 -0.0668288449259401 -0.523594671388172 0.462638586198184
0.0363361000788865 -0.0611097574333093 -0.014958176212938 0.113915758504487
0.00874836048848445 -0.0186593975529744 0.556606612196948 -0.374821488651734
-0.0103744508841829 0.00489259073627708 0.0742023528676814 -0.912287486140325
0.0300089297901784 -0.0124316950032636 -0.747577749688889 -0.425962607425378
0.0195637461145051 -0.0780868502646548 -0.54589440904914 0.405393325158729
-0.0367715245971219 -0.065665412882816 0.0403689839449185 0.450913335211632
-0.0450601958742198 -0.0177593112993861 0.178356226107129 0.0752922319796585
-0.00960793779502316 0.0135280575084858 0.0159394568201978 -0.215373802171276
-0.0146118790790594 -0.000885231560273178 0.000314007960626126 0.190559154637356
-0.0329322214463693 -0.0399656544543514 -0.144101879762821 -0.0545057631385163
0.0099655058748689 -0.0575499110989238 0.00205649878061815 -0.418927996138784
0.0490611572632083 -0.0247242948554802 0.497500045857249 -0.267018687867043
-0.0189983153731698 0.0427163147663607 0.665770791203255 0.478440934230832
-0.0729871208452952 -0.00850385676185176 -0.118079343064237 0.910167335002827
0.0150907070400011 -0.0645835590891774 -0.566173500516896 0.402906825235947
0.0294300266888744 -0.0552446631842394 0.0146807592156381 0.0939999732300826
0.00202186398297047 -0.012168479846288 0.517318595203503 -0.435466363231018
-0.00583329340155531 0.00785587317246959 -0.0643410494908387 -0.90060695423145
0.0318056287256887 -0.018195959850522 -0.798974026541749 -0.303872888931615
0.0127756813845591 -0.0765758091946954 -0.484286088342495 0.468364042532974
-0.0421083141991196 -0.054504732621458 0.0902828778569948 0.433050460515308
-0.0459597133323108 -0.0095696235961089 0.19410578863986 0.0477419248206202
-0.00886797348501218 0.0171463019538711 0.0239259902684529 -0.216620146395666
-0.0122358211370459 0.00263922615329718 0.00920115717112941 0.189802529828601
-0.0272970164545162 -0.0325023276697698 -0.129028575926155 -0.0727723525823255
0.0149349241990211 -0.0456191608987668 0.0452399230567388 -0.421746465946319
0.0517439766153981 -0.0151039861671435 0.528547832368001 -0.211840135968457
-0.0202022963401302 0.045612174079381 0.596902600534494 0.568007616837066
-0.0681589037498012 -0.0111963252172484 -0.239875647750534 0.904493061424682
0.00961554618379971 -0.0560026730400983 -0.597296171038188 0.351022778276003
0.0141672764136424 -0.0429038183440887 0.0393285425922486 0.0773331191550474
-0.00371842182485825 0.00116798071574725 0.482228186049417 -0.481276580653092
0.00333053535779521 0.0113062702515358 -0.17132390894314 -0.875269056873288
0.034303459181541 -0.0228003670467748 -0.823630216691774 -0.200815902290734
0.00878472736015363 -0.069927483824209 -0.426775241950919 0.511000905119471
-0.0413932162231346 -0.0394237319152423 0.132504724989727 0.412444125929819
-0.0412624304661058 0.00171878575375776 0.206549758893322 0.0230419877823762
-0.00718706503948954 0.022146082454053 0.0315234751444596 -0.218000990382145
-0.00736877827455799 0.0080827879167083 0.013977971077418 0.190635843397649
-0.0200162777476471 -0.0182787742612302 -0.118458512273826 -0.0834509281109055
0.0186966807177732 -0.0277896735730999 0.0717550915467963 -0.421768433703402
0.0512749380728606 -0.00402939001823603 0.54460405194956 -0.173785430342528
-0.0173133251361302 0.0479041433236597 0.546344280871334 0.620638530290961
-0.0619233400139056 -0.00666734758978352 -0.326190624547932 0.890105959905584
-0.00269282623108722 -0.0401565657068686 -0.612025309047131 0.312779604894094
-0.00617389741082889 -0.0265926207984068 0.0563065388539837 0.0658405508369625
-0.00763870364701519 0.0184251029784687 0.454511116957559 -0.509381683746008
0.0155700827459883 0.0154423784090748 -0.237453649594182 -0.852451612140787
0.0390139917412878 -0.024961339726819 -0.832599110825463 -0.133752173559711
0.00879244783311996 -0.0595551403118195 -0.38210639286285 0.53506332109986
-0.0358092787142689 -0.0228375654287472 0.158613772019371 0.395836552407521
-0.0318635005972876 0.0149543212475789 0.21440648954035 0.0057888962127899
-0.00221384604424103 0.0290795173894693 0.0368692699094411 -0.218428511118485
-0.00223259034791687 0.0159848819683411 0.0154074466587517 0.191353094300973
-0.0123752827393214 -0.00166534167004251 -0.11433402916548 -0.0855889199700807
0.0197230429012529 -0.00672833369542863 0.0790919829894488 -0.423707811440592
0.0496561790086596 0.00801761409777169 0.552644204810939 -0.163042464439977
-0.0112798531034091 0.0515170490143244 0.530132173109488 0.635642614736171
-0.0556348442391404 0.00374460413241744 -0.355229013013658 0.884697534857285
-0.02280164962541 -0.0233026652774162 -0.614508555663151 0.303054111362247
-0.0296871931897295 -0.00802308286088777 0.0626119039399009 0.060711576141514
-0.0106406611855612 0.0382289782097193 0.446565710085923 -0.520262832434134
0.0286758241371532 0.0198977573499606 -0.259734928571232 -0.847843125400846
0.0439180439353044 -0.0247414105647027 -0.832671526013242 -0.115177917498891
0.010555123460627 -0.0493128464587924 -0.363748003756611 0.539522006279451
-0.0279055398480298 -0.00857552724738554 0.171401148647488 0.388755214055718
-0.0208494601927588 0.0270116162134748 0.217460770294481 -0.00105595788419727
0.00429459346882196 0.0366627461302111 0.0394206605846837 -0.218237609604427
0.00361788427464709 0.0227232095472456 0.0120661136473527 0.192539280709012
-0.00478821606138257 0.0136332806941611 -0.118441392957749 -0.0809325904528796
0.0217186138620749 0.0124501058962114 0.0693181940542331 -0.42687902448864
0.0458140458422838 0.0167488596403451 0.549681374723907 -0.184107032844248
-0.00353888725494534 0.0556905785851139 0.551147226059099 0.60945209503773
-0.0487699065824597 0.0186051179863909 -0.324146088646837 0.887472789760949
-0.0419664709324068 -0.00379910404726405 -0.603690663191472 0.314074358998941
-0.0523350497239822 0.0111048568382908 0.0570720881747328 0.0636324588136485
-0.0150103645034033 0.0573332693440085 0.455367029833094 -0.511251396242594
0.0400483610447399 0.0252720309713418 -0.229764974218214 -0.861260921209952
0.0505071809183507 -0.0214712124262069 -0.8268001003808 -0.148333644814841
0.0150367125767356 -0.0380072199971901 -0.375923096510446 0.528685757079035
-0.0179511646665675 0.00552170224463224 0.164487432887707 0.390244242721382
-0.00935133850507519 0.0387430484448412 0.21579296667855 0.00450596555696733
0.0111141133118802 0.0436839419130489 0.0391994357609241 -0.217995069885547
0.0108269264845576 0.0279989324942481 0.00539426513225919 0.192145975726894
0.00389450391930699 0.0264991085501655 -0.12990631751157 -0.0683686909980049
0.0243009222201661 0.0275027434298102 0.040239581179716 -0.42879642135115
0.0443062366108848 0.0234840832663173 0.533204274771429 -0.227468595380669
0.00644782517951457 0.0583394151781093 0.600767908731489 0.549889186048668
-0.0392049324260171 0.0334958421359869 -0.243277360806107 0.898009791332394
-0.0548977435838263 0.0163369300613177 -0.580899529571926 0.349239081242909
-0.0721885517440806 0.0253439588576708 0.04168391536314 0.0731034171601314
-0.0211953036090776 0.0741442911059342 0.483846090129282 -0.481950250364883
0.0475190130354408 0.0338956217215255 -0.155798959856625 -0.886818578467644
0.0559995266324639 -0.0151523967548038 -0.811454983736502 -0.224210077218808
0.0183742935635818 -0.0285731789100674 -0.413950074436411 0.500444196524676
-0.0107966025037379 0.0162196570996862 0.140717183337242 0.403079991178074
0.000455855877732669 0.0484653646694274 0.210619513779799 0.019770769656613
0.0160366275096613 0.0504667420564388 0.0351957748060033 -0.21709829850651
0.0152953244626816 0.0306389752387871 -0.0042902569233109 0.192947499814628
0.0112570036536473 0.0323394263872088 -0.145980902845326 -0.0486667337725657
0.0278216107982985 0.0349537473242687 -0.00404902762878712 -0.424189043440603
0.0438073112634662 0.0260077660476954 0.502283528380529 -0.288022528797792
0.016076985348655 0.0591266302186483 0.668736908685859 0.455157298416642
-0.0288649982728051 0.0454235571373007 -0.121013070750139 0.89885504262041
-0.0585719798263994 0.0323791088904073 -0.546442948949609 0.399831200099335
-0.0833719371274862 0.0350524276925863 0.0169429263919994 0.0880005923460359
-0.031084602274904 0.0838837343715403 0.520964899990719 -0.434889889901805
0.0491817674503785 0.0445312471682671 -0.0426319978415714 -0.912686611995142
0.0615575496047956 -0.00706766128917414 -0.781537513232685 -0.335983420819108
0.0209197899422836 -0.0212216800774292 -0.46942622633819 0.452714375110871
-0.00772386905980494 0.021871295914441 0.10166983758127 0.421815832483752
0.0057699405030951 0.0537773650361974 0.200066612475479 0.0430702795906967
0.0197590376242501 0.0536429183594885 0.0298835664231907 -0.215087998885755
-0.0137125057955931 0.000396696553701988 0.0260927781747444 0.194704064061594
-0.0414493688535564 -0.031476417970108 -0.168680165657075 -0.00244882505826882
-0.0111820165661981 -0.0615503342779068 -0.120012504314503 -0.402320495031899
0.0346297336519221 -0.0465494815392001 0.397926626473644 -0.412095880664718
0.0040099921114704 0.0362144849900156 0.791063677345035 0.224280586378827
-0.0591139553220429 0.0154992924964629 0.185009216433373 0.884934340055236
-0.00258764991975807 -0.0609797029379399 -0.427953535723415 0.548026436068184
0.0262925143687016 -0.0639088960884714 0.00701818270970029 0.11522945526038
0.0101754174480079 -0.0239157200494493 0.485189922248736 -0.479298866670316
-0.00628887476635944 -0.00204890859371042 -0.103501307231279 -0.935700526924632
0.0187474031661777 -0.0244347351874608 -0.834800815670455 -0.275838186310254
-0.0078628359959676 -0.0794500402065703 -0.464221137235712 0.517900527078024
-0.0514636298171073 -0.0506323950771362 0.135836145384213 0.445889479629505
-0.0463567362511392 -0.00426827499288356 0.199387755760406 0.037438118001298
-0.0039195682238251 0.0128708483735977 -0.0249690976471819 -0.22026589535518
-0.0130064448371107 0.00144282159299659 0.0369567649867082 0.192354923468789
-0.03959919534737 -0.0312609302633294 -0.156110835574305 -0.0311226009984638
-0.00476775516675824 -0.0586956654634391 -0.0725304468672286 -0.42169026543434
0.0426277543225005 -0.0420879084876814 0.454599161693822 -0.358046848492401
0.000881563976773271 0.0405803909002689 0.75252893842059 0.352981987173685
-0.060436425603966 0.00766194408069353 0.045778264901387 0.92514287058283
0.000123292343145297 -0.0600449766212199 -0.48239897582633 0.49781824139675
0.0192143048169014 -0.0577170974702919 0.0327204565724188 0.0899369544627723
0.00341330045321132 -0.0162355700683487 0.435564247691819 -0.531165918268558
-0.00252251253592166 -0.000675559753249178 -0.242014457978642 -0.895741923803223
0.018531443526164 -0.029533282934158 -0.863576376780166 -0.143345079342023
-0.0127926319732681 -0.0757470213074479 -0.386677492009068 0.568951525915348
-0.0524493610851471 -0.0393787922090655 0.1827937736376 0.416906875165215
-0.043886074464508 0.00349757449680845 0.20860350513705 0.00591389794470429
-0.00323558041889879 0.0157489441612771 -0.0168765749115365 -0.223566818348603
-0.0112247139401163 0.00394225711428116 0.045248915314032 0.191001046676522
-0.0333430573787643 -0.0240661984368088 -0.143637815283927 -0.0519246090300269
0.00301667759175091 -0.0485291792514859 -0.0311023285314991 -0.431520853557365
0.048711788965308 -0.0326737182557161 0.496394975741959 -0.306745739595293
0.00197188412545498 0.0438643271708002 0.701616093470668 0.455336763110851
-0.0569272368273949 0.00677205995617211 -0.0775065558883573 0.942535546454292
-0.00300002105869237 -0.0501984397788579 -0.523793354807365 0.450727527276
0.00676995805734171 -0.0432561645894792 0.0536454497768879 0.0686147275623214
0.000204732653501797 -0.00301122354618794 0.391772351580452 -0.571359239458701
0.00627708372872607 0.00092788436839898 -0.348353564851262 -0.850594959457246
0.0199622923140917 -0.0332231429934047 -0.867919088666743 -0.0342585307981776
-0.0160089453659551 -0.0673235011531088 -0.320653690011797 0.59958574341986
-0.0491878839630412 -0.0250299977427765 0.218737181146239 0.388058289408907
-0.0363661938081508 0.0136838176069237 0.215527917291141 -0.0217665868452321
-0.000151396870712263 0.0215696162738116 -0.00989772701213785 -0.225804528400103
-0.00678865444988416 0.00881159580376574 0.0501287284367892 0.190905725274091
-0.024275797111383 -0.0116037713206688 -0.135154555696707 -0.0637717902366595
0.0102233044348839 -0.0329627044222269 -0.00665506464082911 -0.4367774920493
0.0505270772728267 -0.0213105478455802 0.518788243276868 -0.271738822773751
0.00431285476403928 0.0479851815885172 0.660068103184477 0.516271860262899
-0.0502231296198497 0.00958240944613666 -0.163731086567384 0.944729492485014
-0.0130619792363211 -0.0337284912148589 -0.544279504602475 0.416650476209112
-0.00946615923050171 -0.0238946426724468 0.0676295776883921 0.0532298483271014
-0.00093944811869684 0.014375558959805 0.359147196607802 -0.596866371756082
0.0180651557099948 0.00271551004811264 -0.410570907724035 -0.813864238358781
0.0232305371769746 -0.0360137779937005 -0.862331015317884 0.0337558733435685
-0.0136929581598653 -0.0572402591730999 -0.273739095821006 0.615081646525481
-0.040288908883212 -0.00986816071754178 0.243077388898316 0.363675394298191
-0.0250589597978498 0.024294598629986 0.218058305287573 -0.0407759284350292
0.00677062052164073 0.0267516233049114 -0.00507499740293511 -0.228282967830784
0.000732717355613552 0.0157784165161816 0.051552899346652 0.192613234715834
-0.0125654775870311 0.00164013683630644 -0.132656926679558 -0.0665405418297916
0.0155959548869906 -0.0137903652992707 -3.43943925046182E-05 -0.438747367815738
0.051490067462356 -0.011079287195025 0.525312661757286 -0.263186096280816
0.0109199061113196 0.0501727810939978 0.646206072424824 0.534367490618249
-0.0425393891241918 0.019854403796192 -0.193978155377208 0.944843467998816
-0.0283651203715324 -0.0125076136393697 -0.552960459421306 0.405087102187572
-0.028772224280602 -0.00237201732928388 0.0730146977612717 0.0477047342223833
-0.000554657126284667 0.0338644953221375 0.347487412256721 -0.604203528534256
0.0309377893488916 0.00403623840376197 -0.430653374513244 -0.806405850013696
0.0286863645179564 -0.0354533676890341 -0.860266833650917 0.0509504224168936
-0.00909936503182139 -0.0455134719197198 -0.254420545469072 0.61611056538055
-0.0294531228883181 0.00271138524229141 0.251194818552357 0.353527910042995
-0.0129903093835579 0.0336072744608897 0.218753508059877 -0.0489678279119168
0.0140062576869294 0.032333411449916 -0.00264774228458554 -0.228821530246545
0.00763920850864186 0.0203872634567548 0.0484638801973798 0.194288770306432
-0.00195009169744232 0.0151375646485049 -0.136320156105618 -0.0597157498510665
0.020300682644228 0.00492622531404151 -0.0117664420653406 -0.439582933745965
0.0501875671369256 -0.00161508298629049 0.51830751610356 -0.283659095999514
0.0194317412605836 0.0523845168280404 0.663081937748833 0.508604456621092
-0.032654412362176 0.0325495089258253 -0.163998467615328 0.942772497725639
-0.0426300131840412 0.00991133907120879 -0.542076100732993 0.412484784321674
-0.0482094888637711 0.0200135122913643 0.0679675013561422 0.0517735242754873
-0.00076378965659795 0.0531252438873784 0.359742936243349 -0.598624488910304
0.0444641312453107 0.00924560278334556 -0.403581524202504 -0.824511135309474
0.0358532341399873 -0.0340931763540883 -0.860343384967561 0.0179519380306569
-0.00430803635588588 -0.0364781751278418 -0.267779434260047 0.606638556707647
-0.018248947548735 0.013916165584102 0.245266246026897 0.35903900513379
0.00102092774618396 0.0425923157776132 0.217505440001882 -0.0431619689328863
0.0211091059283416 0.0381261261122661 -0.00338581767795342 -0.229047563739974
0.0149249709475113 0.0249620218217444 0.041927085640735 0.195725751455778
0.00885161039629055 0.0250488476743271 -0.145694068513871 -0.0438781257438774
0.0253148283618248 0.0178892072160782 -0.0413441518209296 -0.432845509731981
0.0482789299824523 0.00503272351137338 0.493609669616375 -0.323514500005811
0.0288788454208432 0.0518601890844006 0.704030237462883 0.436999976866669
-0.0205256231099986 0.044182260176922 -0.0796854700559682 0.937813304657552
-0.0506851014454116 0.0313670675080508 -0.515540563777146 0.44309813854338
-0.0652825334876098 0.0360668540493464 0.0538872316105624 0.0641357604555255
-0.00437274919221923 0.06938852214482 0.394476998969651 -0.573392384445583
0.0527338735728382 0.0154162051334273 -0.334815076914611 -0.863247807293264
0.0427855806334528 -0.0308355788734049 -0.860682057156317 -0.0623267462551558
0.0010150489886587 -0.029258800025745 -0.313541665259042 0.58797239120346
-0.0098365439862614 0.0226072220957648 0.223233904877764 0.377793984607273
0.0119959909634674 0.0501893804789107 0.214361760427509 -0.026751162181181
0.0278441307764275 0.0423623968653284 -0.00773146717415439 -0.226908729829189
0.0193117606197149 0.0263537539156246 0.0339008793991975 0.199087542808504
0.0164862347457351 0.0304811441234802 -0.157784736846388 -0.0219719000508042
0.0301236848952355 0.0251130583454741 -0.0844377121737016 -0.421144601453488
0.0489559935145114 0.0076068746316589 0.450011090704865 -0.379050016714847
0.036771331482682 0.0492894643293067 0.753296559536998 0.328724224974062
-0.00766340340031832 0.0516661805228406 0.0389444986541739 0.918509819377249
-0.0501585622306809 0.0489350809009645 -0.47174258992949 0.487064442865097
-0.0748575730474666 0.0484407899852182 0.0330726301935997 0.0841920696541776
-0.0116291457051633 0.0809912969738776 0.440465313188489 -0.532695479871719
0.0580754364037899 0.0249925996897745 -0.22627547374347 -0.912622031054965
0.0490304998903536 -0.025159833969751 -0.852024703533252 -0.181809185957138
0.00500857347291825 -0.0239917712538515 -0.378357236890142 0.549788341259932
-0.00563035443056884 0.027367066286888 0.187413783612966 0.401953761481939
0.018121975503295 0.0541763856394783 0.207992756258213 -0.00108832595899394
0.0318441249095146 0.0457733152387188 -0.0138986711955291 -0.223569493073871
-0.0133401397883352 -0.000507668322819792 0.0256400557491877 0.194252497049796
-0.0418271774150835 -0.031175397333529 -0.168605380952678 -0.00318596433628475
-0.0113654976806007 -0.0619862066596797 -0.121137225197646 -0.402083151709591
0.0344133957891483 -0.0464121252428081 0.396715115371332 -0.415172781269676
0.00359508289273935 0.0374792089119796 0.78945338350496 0.222426322748015
-0.0588087553558559 0.0143612655241323 0.182746418554355 0.886209886113955
-0.0023606314866773 -0.0617404623897801 -0.429087006122252 0.548423577505171
0.0262483186355388 -0.0643137748410644 0.00739733008313678 0.114456198771756
0.0107210628982383 -0.0243969415259593 0.484409577611192 -0.477614143722637
-0.00617907495738895 -0.00182385540813868 -0.105169940549523 -0.935290230547134
0.0189266009710483 -0.025155800636314 -0.836056922824735 -0.27723485791916
-0.00785895480777721 -0.0787173785250027 -0.461948723092089 0.519440435951219
-0.0518489103669063 -0.0506591043995605 0.137491366859053 0.446345343333966
-0.045551221808175 -0.00500639017415441 0.198829684311076 0.0376884354698589
-0.00410519861892728 0.0127197872439536 -0.0238692827930936 -0.220210199581379
-0.0137642209361758 0.000902149285673612 0.035959622655462 0.192353486320008
-0.0394136346882666 -0.0308653594051947 -0.155784692133646 -0.0293848531206812
-0.00468129606902729 -0.0588662300801157 -0.0735090683803548 -0.422736484812278
0.0421710752029153 -0.0417300379345029 0.453591431382002 -0.359431229687
0.00208344000199871 0.0408481250834186 0.751490769075165 0.348683582518563
-0.0599283252575991 0.0085303507348495 0.0468458864253838 0.924729701220476
4.11630206773698E-05 -0.0610761301010577 -0.48189511983436 0.497511100531484
0.0197719688903012 -0.0579275429549082 0.0321418953023456 0.0899561904278651
0.00393929019628393 -0.0173260494394284 0.436105265627381 -0.530600542245569
-0.00257442432841692 9.27878674641756E-05 -0.24256757551 -0.896410477846583
0.0186978709307706 -0.0300277894002101 -0.861898056356305 -0.141458128030249
-0.0138047490673538 -0.0749937890331669 -0.385753991062547 0.569323321589218
-0.0527474495655516 -0.0388260622699801 0.183190528107256 0.417439268244204
-0.0435857073485719 0.00333405899494037 0.20912820864448 0.00555367434856946
-0.0031239500949409 0.0166404047828382 -0.0166470083452445 -0.223414498190693
-0.0113484728047087 0.00387095268391139 0.0462676791545499 0.191368450905205
-0.0337746148941445 -0.0239738082801623 -0.143505440542923 -0.0507657292705531
0.00281573633650881 -0.0486745611060788 -0.0317484687158559 -0.43301908348002
0.047845854668499 -0.0321303805621632 0.495466757078786 -0.308371131678697
0.00191872807687648 0.0444237815776131 0.700149667724168 0.452628737996091
-0.0564609778622285 0.00550914698110608 -0.0769064738665334 0.940760943746124
-0.00332683608269453 -0.0502415848235386 -0.52157424362154 0.450011490576134
0.00745415199063217 -0.0431875777740159 0.0542388778608036 0.0686061800793273
0.000739036335228401 -0.00295338125523099 0.390192033736935 -0.572620892951134
0.00548410303712803 0.00123262346305849 -0.345202396922471 -0.850250482167583
0.0203914147454757 -0.0330169375518202 -0.866001679371361 -0.0341914648560521
-0.0157444857241935 -0.066427332285228 -0.318898973347194 0.601615516616701
-0.0491587734165665 -0.0241289104771516 0.220429425266284 0.38689037371822
-0.0365385436806282 0.0140305539575582 0.214458719937045 -0.0214028611585773
0.00109807402505651 0.0211361794065445 -0.010019492121161 -0.227160767871456
-0.0061410651410707 0.00859757407085704 0.0511638531054416 0.191410435985838
-0.0244411695369878 -0.0120143260172741 -0.134570602644663 -0.0636430225566487
0.00992107472667729 -0.0324199311671584 -0.00655702604031443 -0.436993177166552
0.0507856868980998 -0.0212834838493914 0.5193719431165 -0.274280960208855
0.00527623114786009 0.0480858401938608 0.66049695215737 0.512818146508755
-0.0498053771751123 0.0110643320887728 -0.165370878347607 0.94524050644442
-0.01219008019124 -0.0338480707819699 -0.546003056147893 0.416516083910117
-0.009383900106288 -0.0239825872215202 0.0681252828045427 0.053995511700991
-0.000553020356160203 0.0142571637080921 0.359386743942277 -0.594945397987111
0.0178757476546103 0.00288407962490041 -0.410861514395034 -0.81416218816874
0.0233190090421242 -0.0354497247211533 -0.859995291031629 0.033435164115764
-0.014798386520982 -0.0566002582233742 -0.269986024415417 0.616554765605897
-0.0408814142814699 -0.00981069647352146 0.244915182896861 0.363597584889675
-0.0250838429049905 0.0245488465367134 0.218982150703873 -0.0412486937727575
0.00722645697475724 0.0265928573856173 -0.0047328915911209 -0.228639853799069
0.00111006283403321 0.0153105220545643 0.0521843231586918 0.191973809267644
-0.0134110064486469 0.00233911725984157 -0.132584688089392 -0.0663896030535074
0.0151080421051002 -0.0130935831618375 -0.00100614610448825 -0.440096386229753
0.0508019145986604 -0.0101251168466838 0.526945173486472 -0.266271845404702
0.0118420634914624 0.0514042838872126 0.645158100240184 0.534144322429999
-0.0426722920422726 0.0197734393353266 -0.194489637178323 0.9445649921531
-0.0290057268033553 -0.0128213259032322 -0.551238358959615 0.402816265434768
-0.0293094105893175 -0.00210301587245102 0.0730791660565007 0.0482210958489382
0.000460918413181462 0.0335436117492669 0.348233115085648 -0.604309320317824
0.0307478930964494 0.00433876842513583 -0.429602130547493 -0.803523680435097
0.028707194422033 -0.0350478673509525 -0.857655038925259 0.0507988100539246
-0.00913259934015904 -0.0453752818516034 -0.252237828062169 0.616222854596543
-0.0287347038580407 0.00303173674481288 0.251316924918521 0.353256706407248
-0.0110125849333647 0.0343724683610404 0.219250316283979 -0.0488561678597634
0.0142829362188778 0.0323077573540085 -0.0031253502521583 -0.228330895519329
0.00745045243218884 0.0200608998582717 0.0488599780750064 0.193214492732085
-0.00189595953436366 0.0153273627258068 -0.135764262835561 -0.059773021710538
0.0201658814712278 0.00521031606217376 -0.0122639791647674 -0.439085113502579
0.0497391943724156 -0.00228497969450213 0.518410823270171 -0.285905644425505
0.0205534894634837 0.0526730315780968 0.662022080781306 0.505510915132496
-0.0327916172773021 0.0321036153181729 -0.165805488420099 0.942301487012596
-0.0423705379524633 0.00998181065229167 -0.541148266402153 0.412016442376626
-0.049251869887906 0.0193066894147393 0.0687857652582658 0.0523449169814064
-0.000496371769862936 0.0525136643200175 0.360946146111379 -0.596260356165524
0.0435521377916449 0.00917365020213484 -0.40363374877177 -0.822577377391236
0.0355019499280755 -0.0338609420624516 -0.857952296249303 0.0160379446485458
-0.00387037868127795 -0.0369272346216809 -0.26770378556462 0.608503209226784
-0.0183802022991038 0.0141986291060865 0.246700994240706 0.358236538311292
0.00241227263733911 0.0431601083468146 0.218503649652756 -0.043571772422912
0.0220872450573563 0.0387469079260416 -0.00311035931330067 -0.228527246114345
0.0136127369185291 0.0244927321181559 0.0423976762170692 0.195489061027325
0.00878743796662304 0.0249378818076837 -0.144926681267823 -0.0435167104818881
0.0240540543513217 0.0179511380414399 -0.0412709156254738 -0.432584615713642
0.0486705978259805 0.00479245925013424 0.492545879365575 -0.32685156992498
0.0291076143997794 0.0521153323182874 0.702765634592299 0.436164807784167
-0.0201972074856594 0.0440976306335445 -0.0823064118793157 0.938602699246226
-0.0523964135761017 0.0319177414689608 -0.513635441794813 0.442794440814814
-0.0645589508286263 0.0368749037643204 0.0546218752990589 0.0644359315574761
-0.00416356509595788 0.0692379616058615 0.393479088235928 -0.572449268182866
0.052443636379799 0.0156785819997535 -0.335511008356193 -0.862858641836263
0.0425797283152308 -0.0304805152913017 -0.859479052135247 -0.0615750208367853
0.000531976302453278 -0.0281816163445945 -0.311108569507217 0.589280731034442
-0.00975689803657377 0.0227220080493801 0.223969931154744 0.376622270686251
0.0124225279371393 0.0500808378941964 0.214849651623652 -0.0272449339543102
0.0282522678025625 0.0426425618805813 -0.00795266173260737 -0.226644385029264
0.0195831761918092 0.0258714677706206 0.0330907899130145 0.198595673232277
0.0159729994131733 0.0310329617407224 -0.158074049155212 -0.0206074225757146
0.0301661755087616 0.0250705623730314 -0.085096495518337 -0.421737685818409
0.047500229346621 0.00723171178513658 0.449969700050792 -0.383126938343867
0.0388422239737941 0.0499146942171903 0.752169446882545 0.327346116762924
-0.00771922862153768 0.0515769701488941 0.0391128027290117 0.919351214988164
-0.0502421466399955 0.0479730462963786 -0.47214589177373 0.48679455194119
-0.0743947323201999 0.0480048739785104 0.0331193606269933 0.0833950492917208
-0.0106900253466757 0.0803930153153194 0.440130708404467 -0.532169820298387
0.0573623263307399 0.0245448941483344 -0.225554808046969 -0.912819640660164
0.049372454076265 -0.0249386057998027 -0.850740063692397 -0.180375478293729
0.00418231196299448 -0.0235717231096795 -0.37580704647583 0.552412445000636
-0.00552730916941483 0.027663426655917 0.188563820359046 0.403277396662984
0.0192294284896985 0.053693732855808 0.207794158259657 -0.00189715200773049
0.0331483370247407 0.0449633478055536 -0.0140146834672143 -0.223986154818183
-0.0127416213414869 -0.000361284808382824 0.0256805272632942 0.195108376880579
-0.0422423121490611 -0.0310924363228338 -0.168658015948949 -0.0026215637552589
-0.0114676477849662 -0.061600464762043 -0.12222290395479 -0.403940036946517
0.0342553532764268 -0.0469138680915747 0.397652519958839 -0.417258089586618
0.00420752212411113 0.0372551348515295 0.791318100084721 0.222900687335303
-0.0583742155384144 0.0146251474108312 0.183933086389558 0.886926319919023
-0.00259591428523462 -0.0619002896733033 -0.429281764363202 0.549327555181245
0.0257708819798351 -0.0638155307912015 0.00816704565335344 0.115143382476179
0.0100349623886703 -0.0247273356363773 0.485381318046938 -0.478852611036779
-0.00614007588929478 -0.00239676880606044 -0.105556525287622 -0.937984475191106
0.0189057854883203 -0.0243930408890153 -0.836305751958922 -0.278192686870803
-0.00804024506356967 -0.0795864838279929 -0.463034501060649 0.522360299038894
-0.0517698712182668 -0.0506386930270715 0.139293097427624 0.44652591126798
-0.0453223889560989 -0.00423142347659655 0.200427164624404 0.037383597213335
-0.00286442556989074 0.0137034209892329 -0.0237472953490248 -0.220019904579081
-0.0133434562375646 -0.000332651002163013 0.0372425822027868 0.192548879809649
-0.0397093575694372 -0.0293498106772304 -0.156580897991171 -0.029125780984693
-0.00551326263686786 -0.0603038990964894 -0.07385549027321 -0.42437868424866
0.0414061818669998 -0.0419794007585829 0.456728864345669 -0.363330989362977
0.00213026387410191 0.0422393954011725 0.752393400315573 0.349203823783082
-0.0604809706040184 0.00734094421274572 0.0469532997800712 0.926412447720398
0.000545967433390894 -0.0610307246664524 -0.483952909056953 0.498053789739479
0.0194020010469322 -0.0571860900899896 0.033356931096425 0.0902678853769013
0.00444982345982563 -0.0169942107331527 0.436441458107376 -0.531664423361122
-0.00215132566025938 -0.000456474730515412 -0.243368143951902 -0.897341461900164
0.0182225863593898 -0.0298238894249635 -0.862049261532038 -0.141453658191766
-0.0137732251735212 -0.0744985589378534 -0.384360650520884 0.571765524933455
-0.0537020778161522 -0.0387379555500772 0.185261232757385 0.417503643616363
-0.0430498312583022 0.00433111543366792 0.209957777295987 0.00493488891596884
-0.0016835940322017 0.0155996352281749 -0.0169554068963231 -0.223911911799495
-0.0112517286419881 0.00317585728445604 0.0464360137088801 0.191169438084839
-0.0338024339130187 -0.0239231874375515 -0.143691464503271 -0.0516999213711177
0.00266461888308607 -0.0497487369201567 -0.0339108749253419 -0.433135245933785
0.0474676914499192 -0.033385569842179 0.496787394456417 -0.311930179871294
0.00222691745525003 0.0457249654543526 0.702642096690617 0.450497052380004
-0.0564047636605289 0.00538258768508165 -0.0779649476107457 0.944618167972811
-0.00294714157047707 -0.0509720671711865 -0.52367308618675 0.450934739130076
0.00708168639762735 -0.0439080809481024 0.0546454686571315 0.0687373658989334
0.000672958153116073 -0.00376776429122283 0.389529047436342 -0.57010275318268
0.0057984585501978 0.00195720424735634 -0.346590981275709 -0.850753303728543
0.0197956133746219 -0.0333798079630136 -0.869666045877106 -0.0347032716004249
-0.0158148817014371 -0.0670016227194537 -0.317668759358508 0.603270977013393
-0.0494105550942963 -0.0243881043403221 0.222498650050849 0.387910364291613
-0.0354084545128516 0.0144783860234411 0.215407187233883 -0.0223441300637272
0.00130381583406986 0.0207751946376595 -0.00938311823978015 -0.226839633175269
-0.00612386296513934 0.00890335271237006 0.0513252829740816 0.191008263549179
-0.0247389945840795 -0.011325196199206 -0.135553621920689 -0.0632465519761819
0.00934307836208509 -0.0333151794450909 -0.00834167149185883 -0.438698962302297
0.0505561229328004 -0.0221721694220862 0.519614381916043 -0.276010476731751
0.00579023903101938 0.0485252233174267 0.660442040525594 0.513399767559996
-0.0504646204760307 0.00993472442510245 -0.164520744945317 0.945681651536615
-0.0127580543301465 -0.0343106137707425 -0.546048499351383 0.414694253896265
-0.00925981828297637 -0.0242387027165072 0.0685977594653917 0.054055155839673
-0.00124965571580375 0.0134792049552595 0.357868467227005 -0.594404531119487
0.0177553550727537 0.00365856145065871 -0.41035027914309 -0.815521854628765
0.023537205087847 -0.0346422569724515 -0.862002405878926 0.0352143998727399
-0.0146892312125542 -0.0568439248376606 -0.27060850591231 0.617366927561855
-0.0412417762144707 -0.00956351908939285 0.246049964630328 0.363701281230836
-0.0237922473435927 0.0245371416614965 0.21954748019056 -0.0417389999152139
0.00754864166260033 0.0263869167289294 -0.00455066140702148 -0.229048749738179
-0.000553840563391108 0.0140321077054503 0.0527291146590823 0.191226726637024
-0.013516929723347 0.00261814733486164 -0.132440469381768 -0.0657089393688516
0.0144899576115128 -0.0138714332110485 -0.000601546259567423 -0.441175830331674
0.0503134763859128 -0.0114157375419035 0.527259478672357 -0.268189650006223
0.0126261286122713 0.0517643573594161 0.647214871300201 0.530717992956525
-0.0423377951301782 0.0199632828103275 -0.196296566975001 0.947331993588798
-0.0280977449415337 -0.0137265651006898 -0.553042982144991 0.403193517951998
-0.0286672700596768 -0.00235208338179856 0.073330535370661 0.0482942491353174
0.000446048861822843 0.0326877711296403 0.346085935637111 -0.604806300676542
0.0308455338292382 0.00520509434146769 -0.430090903254156 -0.804740413193867
0.0299130726721498 -0.0349729597846385 -0.858607148358282 0.0524851937229998
-0.0102692156366497 -0.0457451997363697 -0.251001419419876 0.618375311332688
-0.0296413861813989 0.00363010856035386 0.254324898716493 0.353049482662594
-0.0109926649695803 0.0342605736893061 0.219652348213412 -0.0490328526696935
0.0145170446352257 0.0324587113466518 -0.00280945259530226 -0.229050883122269
0.00700964960731699 0.0191967997901695 0.0494718988082083 0.193569851834276
-0.00233825572987795 0.016183278458901 -0.13581035640043 -0.0592240967092983
0.0193447206380898 0.00455777326523354 -0.0125662432621305 -0.439928649069759
0.0489716166202038 -0.00190929570207619 0.51920729696875 -0.287332523243796
0.0207033098239823 0.0538051152815983 0.666234345874522 0.50412830814316
-0.0319162963952052 0.0320820390744809 -0.16647871194822 0.944922270385804
-0.0428998305961388 0.00948591131205528 -0.54237580498632 0.413577733527436
-0.0478393741909054 0.0197425736650116 0.0686142538950559 0.0516878576896525
-0.000563599605367716 0.0522647371692207 0.361605392162996 -0.596859674583846
0.0428792830371887 0.00892021886900952 -0.404298017664515 -0.822762509016614
0.0362247977195892 -0.0335473197328531 -0.859539688587987 0.0187969890498018
-0.00482445224516087 -0.0365947984460496 -0.265834955359792 0.610489487167908
-0.018311931632979 0.0149602955046308 0.247199417154089 0.358995629036773
0.00296422459052727 0.0431047599624054 0.218773144974886 -0.0445518588774522
0.0227254285441062 0.0379362255291556 -0.00296153444823461 -0.229093996402247
0.012874778346124 0.0234342482145251 0.0429383902219272 0.196238467464274
0.00817772692753804 0.0262249708772581 -0.145145351150577 -0.0448879304522398
0.0247158823056564 0.0182729495478456 -0.0433017301167841 -0.434373318807144
0.048069797852589 0.00477808048706276 0.493953365247235 -0.328305708978884
0.0305932399805074 0.0534993829591433 0.702607406960872 0.434441806294048
-0.0201990984589217 0.0440321388206815 -0.0821134639737531 0.941903532355436
-0.05128650543608 0.0306970238126732 -0.515244045084243 0.443732201133247
-0.064234461374972 0.0377452693157355 0.0551324319084555 0.0637608411168611
-0.00291407260308214 0.0694194039719618 0.393505426291701 -0.572930974232956
0.0523998233237627 0.0161554893594476 -0.335244794229242 -0.86528303715886
0.0430867990888357 -0.0306931660424468 -0.860769318011873 -0.0596858134821125
0.000744101770289798 -0.0289034862794252 -0.309914425229787 0.589509903707822
-0.0101508066155668 0.0226804407472484 0.225043287531662 0.377687727439419
0.0127317505179493 0.0501625877397651 0.21570574431095 -0.0266569606726188
0.0290605617979906 0.0428089050654012 -0.00718330511666771 -0.227448691395683
0.0185186024570425 0.0256303873996018 0.0334652526065745 0.199366092833045
0.0169168209263488 0.0304693238880091 -0.158279188745002 -0.0210719627930043
0.0302054059139974 0.0253049743616397 -0.0859809804750669 -0.422520015472481
0.0477359086242971 0.00739963185856605 0.451010326832061 -0.384766650642592
0.0388463534508577 0.0501128809496303 0.751980828133224 0.327393896971291
-0.00779400781684228 0.050611312015144 0.0390278334241646 0.921284488837549
-0.0507553429590682 0.0472665430594207 -0.474771604578867 0.486425576162581
-0.0741736515175551 0.0486867439061344 0.0336445635070294 0.0833240492012287
-0.0116222141121823 0.0813603704611566 0.43894287429842 -0.532718079623272
0.0576274119313747 0.0252521206668608 -0.225019564003825 -0.914606164136723
0.0494060317736146 -0.0252928683265531 -0.852434884646564 -0.179310184354219
0.00484918174115194 -0.0231114534319646 -0.376313506715067 0.5523803299358
-0.00563925472760538 0.028332724314344 0.190043105326175 0.403243124616595
0.019803187507262 0.0539890549526507 0.209070994625357 -0.000860700215861441
0.0325906646496057 0.0452002136021584 -0.0147753741002521 -0.223957890399349
-0.0128982997430543 -0.00175749665495362 0.0261623304037276 0.195715571207796
-0.0419261079036963 -0.0295625397328764 -0.169829225250007 -0.00275435956849513
-0.012001225065065 -0.0623552189915724 -0.123430566613149 -0.404629192948892
0.034071124360066 -0.0477463488861797 0.397167889368951 -0.421996414943543
0.00460511055702944 0.0379402914742425 0.792400568536821 0.219698845601142
-0.0584339568247432 0.0145642124913147 0.185692577020007 0.891611029450297
-0.00205725625106752 -0.0636962069261867 -0.429774432406097 0.551949506949145
0.0261104301612559 -0.0639713169445057 0.00822903286129784 0.11588288874915
0.00998735718492312 -0.0252194153840688 0.485456396121742 -0.478671862002772
-0.00663339790343923 -0.00271334909832083 -0.106944799146275 -0.940705570204772
0.0185194255333461 -0.0251015826294897 -0.837665070011013 -0.276877705637761
-0.00852497583591116 -0.0795497488969194 -0.461964546285449 0.524673646553107
-0.0522411145504772 -0.0506342045724893 0.141374910475752 0.448129877369934
-0.044499756321608 -0.00369473539838588 0.201487994814414 0.037179153427292
-0.00224558475348062 0.013215293216501 -0.0243382998017867 -0.221206082243886
-0.0134194247813929 -0.000126289084592187 0.0369385314392482 0.193231070198517
-0.0394432072949963 -0.0295088460180141 -0.156431461824205 -0.0299100756920155
-0.00604307228391461 -0.0605372085370157 -0.075745937795562 -0.425261558822932
0.0415112352896666 -0.0422746044963567 0.456619479754446 -0.366274483171072
0.0022716259294989 0.042533806006913 0.754050109270467 0.346972589559013
-0.0598400434689397 0.00762956201910577 0.0448995861717757 0.930078141131449
-0.00045555946693213 -0.0618572868656462 -0.482991011845268 0.500744830235697
0.019919486989129 -0.0571879564960519 0.0339012145402005 0.0903768746195427
0.00464839268791475 -0.0180102223810317 0.435454558711539 -0.532406832720681
-0.00273535586934693 9.96391372034694E-05 -0.243133055627162 -0.898081433370482
0.0192950794280314 -0.0297081166373186 -0.866131686988893 -0.143027975506645
-0.0143688714858143 -0.0759362617728911 -0.383548279593372 0.575760742025181
-0.0537324722570658 -0.0385913640503795 0.188228255503933 0.417939306296504
-0.0428257157012303 0.00483078505430474 0.210793516849806 0.00578975927930369
-0.0013290452985766 0.0166018213609373 -0.0159786608610754 -0.224799993102684
-0.011285229640054 0.00186762568747798 0.0463468520424759 0.191184779686403
-0.0332131730481935 -0.0231929184913323 -0.144400857225213 -0.0514792345292443
0.00208860059143843 -0.0492097284278829 -0.0347164204049903 -0.435147040059475
0.0475239227431677 -0.0332766308323722 0.498128440613186 -0.313880349998186
0.00321499709178509 0.0460903346691609 0.704490916345412 0.450462326781897
-0.0567897257328936 0.00549848571101999 -0.0777301446456041 0.947626974867217
-0.00306145508577785 -0.0519905567032045 -0.523976691986901 0.45161694913662
0.00787905997770938 -0.0438707849897385 0.0552798422063558 0.0689601609300099
0.000528824717921313 -0.00447391155679511 0.391454806660855 -0.572539387239888
0.00626641170370543 0.00166489896844013 -0.349463683327581 -0.853010984216926
0.0199302793577726 -0.0336474265816455 -0.870668184471418 -0.033144522973618
-0.017000596408394 -0.0668412752845319 -0.316355315390054 0.607307318842906
-0.0498547542097791 -0.0236022425497566 0.224823961290148 0.38825128329903
-0.035669779104922 0.0146742056596175 0.216900815633777 -0.0220722222116913
0.00263893912952283 0.0215920447742763 -0.00984179302917526 -0.229388960844097
-0.00680394689064378 0.00756576395605409 0.0521649778035384 0.190773560108318
-0.0246186520702273 -0.0111296373598895 -0.135729232673047 -0.0640959505445753
0.00863421768712439 -0.0331227836805538 -0.00885996999787951 -0.440891933542986
0.0498356037389019 -0.0218340305089515 0.521273104213766 -0.279669175225434
0.00662201283189969 0.0501271416536214 0.662106913031552 0.513971564606259
-0.0506386957582455 0.00994762163348103 -0.163366797000472 0.950364597772868
-0.0132651237378839 -0.035092902435909 -0.547397568183405 0.418415721457235
-0.00920756300994495 -0.0241238745999688 0.0695919189164087 0.0541064256273679
-0.000157981467162831 0.0134007221226433 0.358864568880427 -0.596924189197497
0.0175861080011934 0.00378086972050324 -0.41231934507163 -0.818077851435866
0.023778059859062 -0.0358324629412967 -0.865067232676465 0.0354980360754388
-0.015338869954669 -0.0567607033471088 -0.267499875321398 0.620780272473601
-0.0410322027587449 -0.00925307677785724 0.248995710565182 0.363957080998391
-0.0230488904962367 0.0256777303365855 0.220033417477289 -0.0422258822629765
0.00822595077695175 0.0265961976426909 -0.00500436935316719 -0.22989727522219
-0.000283989065137253 0.0132524127153356 0.0539603478646227 0.19184081889705
-0.0132375813498568 0.00209196254482385 -0.13333981024074 -0.0664182917111494
0.0142838230133434 -0.0129706640906079 -0.00220320959177054 -0.444746715890241
0.0498977810608652 -0.0108208537785953 0.529652632512603 -0.270662428977973
0.0121036259890275 0.0528815220193971 0.649751435628896 0.531620596119193
-0.042880772840605 0.0190989779321278 -0.195108620380906 0.950113562179008
-0.0277756644368565 -0.0140745867259483 -0.553914087119756 0.405097636074637
-0.0286867161972917 -0.00254610500321481 0.074790507744033 0.0476376040382685
-0.000101124117810172 0.032415949912801 0.348426940315049 -0.605506617611581
0.0304682732994137 0.00502910680266337 -0.432935566638359 -0.807207254118802
0.0294631424401002 -0.0357814041311535 -0.862551629845584 0.0543741550741607
-0.0101359884569303 -0.0458739399065359 -0.25042196534078 0.621518483527983
-0.0297522585919194 0.00432434885193497 0.257165575152593 0.354233515463488
-0.0100989935278456 0.0344698569015668 0.220398545231093 -0.0499453348662913
0.0157584430874849 0.0315765683425415 -0.00369461304035865 -0.230185758825882
0.00679048319786124 0.01890136351659 0.0504131768259628 0.193563781212066
-0.00255601486962946 0.0162928487538571 -0.137775712423458 -0.0594772817723689
0.0202255278739004 0.0048784791298156 -0.0133221814971563 -0.442567625085891
0.0482252672591694 -0.00194504920080777 0.519852836055027 -0.29086352275377
0.0222161515122236 0.0541811263529876 0.665168489162933 0.504242911745811
-0.0332119331793267 0.0314484330140565 -0.166571188608044 0.948908369018603
-0.0431185731028421 0.0093401111410185 -0.543683393293439 0.414390511494089
-0.0479150334944622 0.0198789280969705 0.0693561262293695 0.0516875049388698
0.00043383555004636 0.0517692310742248 0.360365787918411 -0.599302779493794
0.0430541388436988 0.00877906381986115 -0.406834306966813 -0.826230728142002
0.0360268554546748 -0.0339804507892755 -0.861597964679436 0.020876573468022
-0.00477833186876561 -0.0357853315636068 -0.263010599994799 0.613348427600179
-0.018298668986341 0.0150593929997125 0.24970355564073 0.357801925467966
0.0040424039794743 0.0433483218156081 0.219330102171277 -0.0451295881806868
0.0235646170431147 0.0379749722185421 -0.00320901807810624 -0.229566273743077
0.012888282511663 0.0220436067428037 0.0437295954207866 0.196219807710469
0.00828043906962169 0.0268262763796735 -0.145388558319932 -0.0436501422213207
0.0247918698746592 0.018559623033517 -0.0441627867983494 -0.436739605575615
0.0468187492172963 0.00519710350060744 0.494911139034459 -0.331705227157712
0.0310887298945961 0.0534966121666635 0.705946314971672 0.434309409426545
-0.0209033181754927 0.04323299357185 -0.0810227404631706 0.947399329289509
-0.0508507449185279 0.0310627978575255 -0.514845293831016 0.44528659434268
-0.0642635579258634 0.0376442080253335 0.0550013958893954 0.0645115063862752
-0.00336497433007378 0.0690940894624143 0.392910748415928 -0.575167602616697
0.0528322009978951 0.0157701277041436 -0.337689093281479 -0.867301751816362
0.0433167411402846 -0.0304971537609584 -0.863820243047487 -0.0614765815780637
0.000342159844247941 -0.0285116037917522 -0.310382379554624 0.591671924068517
-0.00988315625288432 0.02395747648356 0.227437802329392 0.37791343518157
0.0145548657910261 0.0493770873098869 0.216201704793661 -0.0277438470308824
0.0291692397726224 0.0415561181488081 -0.00824777756315041 -0.228428603364385
0.0181865717380357 0.0240056579441877 0.0342773293343143 0.198999387120172
0.017007014021299 0.031139831829188 -0.157509763007922 -0.0209289352219817
0.0301981781632251 0.02474380127203 -0.0883716147470147 -0.423826112735684
0.0473780154575426 0.00705099092142774 0.450677939671051 -0.387919298858715
0.0393287154468899 0.0511332011665976 0.754420794662684 0.326576640493312
-0.00784861057074976 0.0510183248758164 0.039842939044838 0.925894944448832
-0.051017257368937 0.0472248222342575 -0.474612741347187 0.489083449712092
-0.0742382133001024 0.0482481625137342 0.034543543742413 0.0840192039826366
-0.0109265295897888 0.0805857436694578 0.441657340076153 -0.533829787655426
0.0574377661400096 0.0240538606050472 -0.227889850198373 -0.917237228751026
0.0485092103865704 -0.0250289408767801 -0.855262291888064 -0.179435698457861
0.00486073264416778 -0.022875899357379 -0.375430406978722 0.555188315622
-0.00524169738534014 0.0283423799117707 0.191183743186524 0.403276598680209
0.020518412175581 0.054691265529168 0.210143314784704 -0.0016195425130415
0.0336777848143933 0.0440135595493225 -0.014683154617472 -0.224990801155073
-0.0126928684323941 -0.00210498776553667 0.0278797807064256 0.196044233248001
-0.042895885844815 -0.0296219814053536 -0.16997445501123 -0.00182783942570015
-0.0129620921127237 -0.0631568673899706 -0.125335760632628 -0.406048319615207
0.0336011909769035 -0.048398188725941 0.398513983692584 -0.424471876736625
0.00556314935347208 0.0388302723411712 0.796241090378046 0.218769032118163
-0.0595608309472298 0.0139799306890609 0.187339810007565 0.894981919098586
-0.00197296265801783 -0.0640644593608784 -0.429807198539578 0.554405797254919
0.0259717595708786 -0.0648907934634065 0.00886232246573318 0.116301094676144
0.0106875572777171 -0.0261456686372896 0.487770321807264 -0.48203129691654
-0.00777706010540538 -0.00199352712398604 -0.108805844337096 -0.944179913895503
0.019602907507885 -0.0250690758714637 -0.842345214195342 -0.27676761294579
-0.00901950191716076 -0.0800705825118567 -0.461661826018702 0.527784570550505
-0.0532865883581662 -0.0501701739728622 0.143671529185234 0.450221104109245
-0.0441294243114793 -0.00246961276917035 0.203132943933915 0.0372952314363801
-0.00195617865429722 0.0127433158713657 -0.0243707342804829 -0.221596828438932
-0.0135650264915775 -0.00108688344709076 0.0386242036595527 0.193852915133018
-0.0406760907119753 -0.0290980097139936 -0.157007150471502 -0.0295615243309253
-0.00575289871469615 -0.0616209390474827 -0.077072847661827 -0.426667619017228
0.042046872554442 -0.0432439090878146 0.457194021864471 -0.370011315879271
0.00355626992263275 0.0433528373203705 0.758609255996294 0.346834186324948
-0.0606696796603287 0.0068271719576512 0.0472702739275816 0.934354704916682
0.000906796654452143 -0.0628388774489044 -0.485169448501665 0.502447798919483
0.0202870041487589 -0.0578210324496009 0.034656652700093 0.0909215148085807
0.0047205505857878 -0.0184038285582949 0.436849219134189 -0.534109186351801
-0.00281813731437388 -0.000501442887207033 -0.247375211250862 -0.903880110914485
0.0184625751145702 -0.0298722821923651 -0.869237968175347 -0.140453503210251
-0.015330048446275 -0.0753581696940016 -0.384164789961855 0.5788196000878
-0.0544731450881727 -0.0386876740171653 0.191890048209649 0.419132008264965
-0.0417838646188692 0.00484441502716415 0.212558895293665 0.00503203032290595
-0.000510984462866204 0.0160708802120093 -0.0162617403626545 -0.226128366016843
-0.0101126271183323 0.00223493507970666 0.0473906055142027 0.192283319336526
-0.0343095654967954 -0.0225681365108579 -0.145014839855667 -0.0516509486293168
0.00218370533653761 -0.0494593532028693 -0.0355826100198693 -0.43807763186508
0.0477043210771339 -0.0344350906889493 0.499935315062236 -0.318858366391097
0.00299318133556058 0.0473960358755635 0.709217397382299 0.450547249063046
-0.0571229698236441 0.00432728475179306 -0.0767040657520089 0.952603309484782
-0.00255268873159214 -0.0526906189061364 -0.526726974172516 0.4553246150616
0.0072927803299393 -0.0436873810535127 0.0559562276519679 0.0695251134019362
0.000162762726350584 -0.00410206390782151 0.391523284645046 -0.576237981992449
0.0051973926562828 0.00205215755606883 -0.352912266917261 -0.856577195995166
0.0201463830225877 -0.033713420787129 -0.874934193510203 -0.0309732708074356
-0.0172894526833968 -0.0666429214544627 -0.315832020534672 0.610323012434509
-0.0502577263574334 -0.0239826242473081 0.226399939552085 0.389030831715752
-0.0340543123397889 0.0162424243448181 0.218426085141523 -0.0238572131151357
0.00372363297212789 0.020856073832521 -0.0106589458665432 -0.229483462621672
-0.00639475240737424 0.00736073287760828 0.0526687006735028 0.190890583138301
-0.0243092764431784 -0.0111913385818661 -0.137228455356645 -0.0629959454834332
0.00867083540467148 -0.0336943059817419 -0.00961062936804502 -0.443901695970273
0.0488983005387153 -0.0231782439800977 0.523162349485314 -0.283922432597071
0.00730565034252969 0.0501765553218658 0.667387054826064 0.51413389292199
-0.0509019732511577 0.00982684232922845 -0.163106199351547 0.957490324980856
-0.012849396716567 -0.0353117615321832 -0.550484054184094 0.420424745310185
-0.0092549242006604 -0.0247053896853577 0.0700561028756934 0.0542532582656478
-0.000182626595056579 0.012785354022258 0.359795407251443 -0.599927536795805
0.0176508097310492 0.00318366184451344 -0.416221260181857 -0.821767626267581
0.0240826176640965 -0.035576298527831 -0.868718295272226 0.0375050584265053
-0.0152425897270371 -0.0564082262573398 -0.266038124900382 0.624020821269233
-0.0415436706766873 -0.00931800332584788 0.251515119843963 0.365817049400796
-0.0229085870990228 0.0255996651341632 0.221276948644439 -0.0437286099201325
0.00915245795705356 0.0271715420663055 -0.00516649001497221 -0.231408852886132
-0.000175552853480613 0.0128574164525595 0.0546483231323248 0.192473428112788
-0.0132584321651049 0.00302712769596405 -0.133873409399739 -0.0665524095917914
0.0141047972600883 -0.0144333424111037 -0.00408528807675034 -0.445283143236901
0.0489509817927382 -0.0109809631399802 0.531460751671258 -0.273534581254976
0.0134916237657163 0.0525756087086044 0.651605967755681 0.532835648772991
-0.0433177730844648 0.0193602497255406 -0.196281975849298 0.955469663553403
-0.0287250914528763 -0.0145707628596996 -0.556367411515448 0.40771045041219
-0.0287758004317527 -0.00194447944507681 0.0758890455727936 0.0479869366741476
3.30442080165895E-05 0.0322015036630794 0.349723953352708 -0.608712752219894
0.0304759690032753 0.00546639483411038 -0.436291028272861 -0.811099246450365
0.0288304333012007 -0.0364685979028843 -0.864906638022614 0.0568023137260744
-0.0104439218079206 -0.0461646087457414 -0.248473410323972 0.624717197663522
-0.0301776523631847 0.00434717741061839 0.261509063118831 0.354387829174477
-0.00873592338929714 0.0342780499289507 0.221699670193617 -0.0510460146731135
0.0161078206551082 0.0321301093754452 -0.00305958521899156 -0.231007091741509
0.00616587297445762 0.0182515791915565 0.0512662497337663 0.193918814347133
-0.0017983049909793 0.0162054664640291 -0.137655290115161 -0.0599254735400798
0.019062474024575 0.00502695066573737 -0.0158316126669662 -0.444666568649618
0.0486110249866748 -0.00220230056055865 0.522871547243691 -0.29448070514988
0.023023155499652 0.0558158402097222 0.669000942078103 0.50561777962717
-0.0333171533794869 0.0312570298452071 -0.164640918246096 0.956069664746978
-0.0426363729044769 0.00883917558821896 -0.547089024878552 0.416014393350251
-0.0479762814270482 0.01975151296104 0.0701575459064618 0.051377129192718
0.00022143975933777 0.0514133851219684 0.362863935089753 -0.600445854310977
0.042834403647739 0.0090685597230309 -0.409052269998268 -0.828935416292904
0.035913581526786 -0.0345517808996767 -0.867216012961342 0.0219803782308486
-0.0061543865862019 -0.0358421506034666 -0.263159540853222 0.617096712907834
-0.0185867823110725 0.0151961532531801 0.25247467575617 0.35914982608346
0.00468912979158526 0.0434725656524107 0.220937257316863 -0.0455734302688676
0.0243025516898657 0.0373900528324324 -0.00373713159904258 -0.231238517543774
0.0126652729344229 0.0227170199149343 0.0446397467409062 0.197416953993786
0.00779845367347508 0.0270350096971453 -0.14655936118889 -0.0436643167552359
0.0244331254984642 0.0187155503802195 -0.0463414499338165 -0.439577388036145
0.0476044842174786 0.00416146951064909 0.496267335991902 -0.336953151085315
0.0325539688783422 0.0542480039651734 0.709334955292753 0.434691603369388
-0.0210499980409786 0.0430639178491691 -0.0814864579893088 0.951702419608848
-0.0520772915491318 0.0305935753621937 -0.519076535552133 0.447559876819517
-0.0636356572254641 0.0376666718549265 0.0569575672248499 0.0642548623232824
-0.00375700365383387 0.0685666965453983 0.393833997866879 -0.57748333031191
0.0529013487310933 0.0162722679634363 -0.340803271744359 -0.87059613353053
0.0444350145221212 -0.0303094686328566 -0.868569167936513 -0.0586978787375354
0.000840720317117936 -0.0284111719067621 -0.308191326118838 0.596429242902113
-0.0096347112808857 0.0242007382285404 0.229431052493007 0.379173143189236
0.0150254667992127 0.0496991057771496 0.217784731534953 -0.0291434636991434
0.0301672377400866 0.0417006723420639 -0.00797110521162469 -0.229745741348337
0.0175139398897652 0.0231342230321612 0.03462131937056 0.198245978546103
0.0161683854309376 0.0318141291450897 -0.158736420157648 -0.0211119920743697
0.0297966140163816 0.0244383250293355 -0.0898862049124806 -0.426203580624723
0.0469994760770933 0.00822418973371398 0.451804427673555 -0.390853035780517
0.0405372328219877 0.0519915277789977 0.759272288338967 0.326266726472975
-0.00877095417592514 0.0506392890229628 0.0413473077153961 0.931358398521989
-0.0517167565747901 0.0472755400679307 -0.474288797383257 0.491590701483789
-0.0743889970535953 0.04939075335804 0.0352045203258153 0.0837824503900102
-0.0109352052002774 0.0804040803134559 0.440683381481782 -0.536953240074699
0.0573175862536122 0.0252308737641359 -0.229365034850055 -0.92218735688824
0.0500662478949764 -0.0254613139789102 -0.859091925878816 -0.177752294078158
0.00370853283546343 -0.0236288042750616 -0.375414482530741 0.559423946760564
-0.00565477286827867 0.0284762568197916 0.193642304574867 0.407198388809498
0.0218304089380501 0.0534784501539104 0.210513068240871 -0.00166895098096331
0.0342269370234111 0.0443549245519111 -0.0156874765111104 -0.226000404053044
-0.0126997918498925 -0.00243215140848899 0.0279173879289483 0.197735910893007
-0.0427211965012502 -0.0300561207555453 -0.170909024461443 -0.000151795078843761
-0.0132603494259693 -0.0640864194912891 -0.127039667084425 -0.409597741673856
0.0336553089518758 -0.0486821198402847 0.400369087459221 -0.431049100315478
0.00606198058439048 0.0400408179638503 0.800077958598973 0.216031549240298
-0.0593456447465938 0.0142388744236998 0.190564004632896 0.899634164714128
-0.00236993709307555 -0.0657098560657063 -0.429748872575988 0.558047370677717
0.026530341130005 -0.0645574162340567 0.00981328689816607 0.116877599474181
0.0108478124974454 -0.0263215411586868 0.48823233805729 -0.484496933240827
-0.00789997867713994 -0.0019069351547612 -0.111707691709229 -0.950831743536923
0.0195646361002557 -0.0255217321787029 -0.848462286222972 -0.275135354461615
-0.00929062610701816 -0.0793948693422908 -0.462056698152442 0.534231509964837
-0.0535687505029099 -0.0503040405818729 0.14750507773449 0.451901922089442
-0.0429069699618345 -0.00238531781005258 0.204846507104611 0.0358035956633245
-0.00106460435105066 0.0130699375243895 -0.0254067724282988 -0.223091876939246
-0.0133093142452545 -0.00138158870991764 0.0408952318874047 0.194424832205057
-0.0404763590046088 -0.029413904039676 -0.158552445748844 -0.0285527595214499
-0.00671599820122416 -0.0607226461123215 -0.0791669369060563 -0.429934510100043
0.0414749745016106 -0.0434883877337963 0.459632334019378 -0.376532049340277
0.00404745416496724 0.0441625359221533 0.762292749535476 0.345209831225911
-0.0609804006960635 0.00711362526922604 0.048793905380012 0.941987573478533
0.000436000338164919 -0.064705478584583 -0.484975686231096 0.506796336262323
0.0197842125496604 -0.0587678957619255 0.0353054342895795 0.0909007731959302
0.00445933507227158 -0.0192385941299957 0.438475951267463 -0.53917019765529
-0.00319297935848069 3.93427440025813E-05 -0.249965236802922 -0.908189615650891
0.0181476805287476 -0.0301907617232415 -0.875828820752113 -0.136855822832242
-0.0148141313144626 -0.0763562388650998 -0.382094105795552 0.583773606257419
-0.0552551264652073 -0.0384485704775737 0.194564972156106 0.421495716138636
-0.0406231917315843 0.005048715504037 0.214047012839965 0.0031896887125919
0.000717583163709566 0.0160545001271528 -0.0171970786585717 -0.227875356734343
-0.0117644015526479 0.00195029799612727 0.0483825872245299 0.19305393668509
-0.0347422774681648 -0.0222769987440844 -0.146266128747591 -0.0506368680382217
0.00145044228957035 -0.051628637583485 -0.0382246538469729 -0.440544753156679
0.0467073699759211 -0.0346705866736336 0.503327409263816 -0.323743175488402
0.00449501791626469 0.0475624334350516 0.712864152440366 0.450655939253404
-0.0579111037989152 0.00487039295009727 -0.0753605828813076 0.958724767247202
-0.00269042854053038 -0.0533186649947036 -0.527703014584331 0.45936880805658
0.007197122470447 -0.0437404129693979 0.0566346639024337 0.0689902742199016
0.000468774701109764 -0.00448590131700485 0.393954666683672 -0.579402778448259
0.00578073980875544 0.00210882031342772 -0.357317448288625 -0.860802138504595
0.0202407641618302 -0.0340333658936561 -0.879455364080509 -0.027202055291367
-0.0179530426270625 -0.0670922111173033 -0.314347918278354 0.616963938981477
-0.0511191564145092 -0.0236647588259213 0.232091836350595 0.390045166952068
-0.0331440361829252 0.0157074108378417 0.219010910880065 -0.0243360551885036
0.00405958665625691 0.0217774573246059 -0.010546205726767 -0.230405617669572
-0.00761236094304659 0.00690963121470376 0.0543462067013616 0.191902008487429
-0.0252031486292466 -0.0114663524215632 -0.13772898966464 -0.0630442983250979
0.00848581856312496 -0.0345304979782293 -0.0124200584798536 -0.446104125748017
0.0503267550014073 -0.0226598323945653 0.525598562404742 -0.290359152035205
0.00771390462663515 0.0512581647360999 0.671580212399201 0.515227150274286
-0.0511663931098264 0.00870405950631583 -0.163500774705008 0.9631946551151
-0.0128590761827478 -0.0363029051102149 -0.55154015471974 0.424700353405762
-0.00880175010041403 -0.024216942486317 0.0712647788269488 0.0546005368155647
-5.95770909582148E-05 0.013334748935653 0.361553619560569 -0.602333800070849
0.0181097763123349 0.003795112722483 -0.421683824666531 -0.825707233932372
0.0242599395440997 -0.0364559706875272 -0.873881034313104 0.0424003585517841
-0.0159920305354299 -0.0562036899671916 -0.264906868518636 0.629921446406984
-0.0414399982418616 -0.00806976330157432 0.255715488177298 0.366211355910227
-0.0218863071404049 0.0266374378497542 0.22251912303251 -0.0440465600171072
0.0101404565444538 0.0266415678503008 -0.0053192280160271 -0.233090499997912
-0.000768343135591133 0.0118885449958864 0.056289485162098 0.192811510671298
-0.0136907368742711 0.00314107999029526 -0.134863437296076 -0.0663400194218501
0.0138826696328005 -0.014805762888637 -0.00658471967499544 -0.44889804906418
0.0497119571001349 -0.0116213842160201 0.5341492806964 -0.279603410700552
0.0138498141066071 0.0545300882151136 0.657704606733571 0.532320390110024
-0.0434367782579453 0.0191032887902115 -0.194949123931194 0.963874955599635
-0.0291262043540979 -0.014969076294338 -0.558255322501446 0.410649254558421
-0.028855216049261 -0.00184340402283602 0.0763461629940752 0.0479936544821658
0.000189240041233271 0.0321613730426401 0.348986631411257 -0.611867409734969
0.0305846550766051 0.00471660193568873 -0.442078041700641 -0.813738821506135
0.0290221203578948 -0.0363491787669947 -0.870362723321236 0.0597275786196494
-0.0119054207695433 -0.0461787745482295 -0.24532830012642 0.631347500357063
-0.0301871143567759 0.00503715145415692 0.264051773556452 0.356524165067859
-0.00773276764301127 0.0354327137975244 0.223045403647795 -0.0524429119305631
0.0172286935446121 0.0319226987292262 -0.00325346085847294 -0.233409765086255
0.00628477454890819 0.0170713939052566 0.0530004821154633 0.194767781981291
-0.00186782968881579 0.0168601704196969 -0.138090919772777 -0.0601905890606445
0.0190327424336249 0.0040717556807857 -0.019866385752951 -0.447962411839325
0.0478390388924603 -0.00197026006580187 0.524706876125221 -0.299582593572219
0.0233413587086083 0.0551094395996006 0.673799948685386 0.505002638024638
-0.0329383643805844 0.0314556879641926 -0.165171583360935 0.961496716594365
-0.0434727710906769 0.0087439676905256 -0.54901266150867 0.419951155952262
-0.0483131911285919 0.0207335432860486 0.0711098746142377 0.0510685112034015
-0.000555156927420784 0.0511892695301576 0.362360937871674 -0.603952207925328
0.0430365296792946 0.00919129203589082 -0.415597919740906 -0.833071633989178
0.0363022474467816 -0.0351371172979991 -0.870879284751941 0.0256970308188478
-0.00638712196151661 -0.0361787054786351 -0.261593913893352 0.622911982542182
-0.0180350344985991 0.0159958945146602 0.255032003293337 0.36097707837847
0.0051752742135904 0.0428095005307965 0.221911894601226 -0.0463805101648917
0.0251392598835567 0.0366746542480029 -0.00472097909470457 -0.232830954838884
0.011417127774829 0.021676246817384 0.0459185687285463 0.197146317970707
0.00933475431337321 0.0270920709258655 -0.147137667347927 -0.0437737985940928
0.0250578456167248 0.0181282651571694 -0.0492781772224574 -0.443426872192231
0.0475695505020124 0.0047433445863276 0.497235937443379 -0.342214460207045
0.0331577629689617 0.0556779665165349 0.71512414180887 0.432520485593182
-0.021745231467575 0.0430375196468937 -0.0795091678594572 0.957338938103832
-0.0523278530862267 0.031097805488313 -0.519409991148372 0.450678518289626
-0.0637960645968912 0.039049009626153 0.0575609440917678 0.0635742592562265
-0.00427600752895386 0.0685422254195998 0.394603401590539 -0.580537799015658
0.0526387212033369 0.0165504024553415 -0.346050713493453 -0.874942340536888
0.0435279550952375 -0.0312000484406793 -0.87364287857468 -0.0547065543704289
-0.000599686266173176 -0.0278980704890757 -0.306432386394413 0.601703326222664
-0.00969225408930648 0.0244640234039274 0.234418914383266 0.379296983779414
0.0160070901762207 0.0503211071892229 0.219099096566924 -0.0298267040505097
0.0314568681451647 0.0405775627624286 -0.00997932371038931 -0.231556032536869
0.0169948091931279 0.0228359152137851 0.0359909428238294 0.200111373328841
0.0160721867235391 0.0315327549186036 -0.159020838642248 -0.0193253067438659
0.029445863152607 0.0242990148368793 -0.0931390912538584 -0.42892815645177
0.0475257753026054 0.00745019064546369 0.452212251849763 -0.399003856425763
0.0414263931532821 0.0524250847098842 0.763216833585575 0.323100413652686
-0.00813428251053079 0.0511402379660015 0.044852622262384 0.937529516115716
-0.0520843875106646 0.0478556300787655 -0.476437346550641 0.494273908074076
-0.0744844584048936 0.0500428866966108 0.0352508816227874 0.0840406574031076
-0.0109598078680329 0.0814998635648276 0.442716097773792 -0.54005780181356
0.0577748779567881 0.0255319294831441 -0.235564529994623 -0.927161706984246
0.0499432691321229 -0.025431015486496 -0.864681202658375 -0.176336743701405
0.00357732872618147 -0.0229801233596159 -0.375173001750737 0.56449939433765
-0.0054958924554952 0.0291173324773891 0.196609362237542 0.40687850636712
0.0222100847583607 0.0542318545968067 0.212711466788512 -0.00337654988165377
0.0340998557994445 0.0436626174308533 -0.0164536712127336 -0.226979655106312
-0.0135219303674275 -0.00326734139667543 0.0296959625791184 0.198884057556359
-0.0434753151434518 -0.029422762925494 -0.171459815205843 1.01607034627736E-05
-0.0141587505320036 -0.0648546410335152 -0.132043538563167 -0.409931640985017
0.0326840703827095 -0.0495605673105945 0.399680001643544 -0.437105823709667
0.00673162071454761 0.0409274203370151 0.80501176699482 0.211512556125362
-0.0598406812462661 0.014272263339717 0.195928082879088 0.905749181255117
-0.00228699518552335 -0.0659932841287988 -0.431104822084175 0.56355108332713
0.0260436929072717 -0.0650537994593798 0.010969169464419 0.11693314609695
0.0111805583100451 -0.0268143179236354 0.487926600942204 -0.488315974384716
-0.00743506731299581 -0.00196481752627852 -0.119192098547171 -0.954064390667135
0.0181337466569306 -0.0251623166800804 -0.855143819472851 -0.27283773827653
-0.0100977676661572 -0.0805213305449569 -0.461187506098154 0.541411735747124
-0.0539997188736284 -0.0503347184897069 0.152046912433738 0.454231286657681
-0.042630812696053 -0.00144566418532436 0.207456000782973 0.0353738736871118
-0.000659498183423458 0.0139668820554291 -0.0266119160910303 -0.224682987790396
-0.0135429916410399 -0.00223889157049819 0.0409104109708091 0.196634366802427
-0.0419274334148563 -0.028517284512132 -0.159344418640378 -0.0287435013328752
-0.00707257627189872 -0.0618056031158963 -0.0832075642058649 -0.43187151896185
0.0412675482836853 -0.0439823673716797 0.461463293153291 -0.384192287514719
0.00487334449872224 0.0448814630711653 0.769680246249965 0.342015296424606
-0.0614004609730123 0.00711091555041968 0.0564550937342444 0.947109810426096
6.54376545515048E-05 -0.0642996223531297 -0.486435551750739 0.512823767713906
0.0203761634215822 -0.0587226262089325 0.0367612767828923 0.0915575232721558
0.00393456023765198 -0.0193452376428559 0.438329772580482 -0.544353231460886
-0.00312556179463691 0.000584407130376668 -0.256905509348031 -0.913065100953089
0.0188235899025709 -0.030683812070445 -0.881642804868221 -0.134006611714149
-0.0163256869801914 -0.0759549279832088 -0.382555248392932 0.590700182137265
-0.0553533313658637 -0.0380729402315623 0.200512524199655 0.423944457561667
-0.0400167681188936 0.00623739507676311 0.215999694619019 0.00192723129963995
0.000872073345099379 0.0171534447834996 -0.0182848580575988 -0.22920515729565
-0.0113521084644745 0.00112770631535246 0.0512696474931913 0.19341278081031
-0.0351562747891544 -0.0219302140828976 -0.146971766864239 -0.0498929980622988
0.000755306907800915 -0.0516548283247334 -0.0420105250802597 -0.445311758519311
0.0472105972982409 -0.0346879914620105 0.504143928403974 -0.330432220154299
0.0047845281482346 0.0483042381060086 0.720670915806924 0.450031723300028
-0.0578332440079283 0.00445266417440235 -0.0711573615833577 0.96633024489822
-0.00366988489731801 -0.0544649037287653 -0.529253189925925 0.463861224156958
0.00730954158614026 -0.0442332152956458 0.0579898435358246 0.0708480142291131
0.00122338418060352 -0.00594161971128997 0.390974216802357 -0.584520332254417
0.00553577925560742 0.00198917371521245 -0.365150876476661 -0.865051715409565
0.0205679756444886 -0.03397794042556 -0.885065944224538 -0.0231813736932245
-0.0187147514172715 -0.0674377879264742 -0.311991062490707 0.622579200437013
-0.0516651653604074 -0.0231707994657485 0.237000623350747 0.393495252395251
-0.0326876755836177 0.0162054763721215 0.220878041289042 -0.0268434255950034
0.00522639105525091 0.0210336713734348 -0.012174941855897 -0.232572688011511
-0.00756645423515332 0.00576605198737441 0.0554999111239067 0.19260561630508
-0.0253953403507161 -0.0103731652161928 -0.139066308968329 -0.0633377909441671
0.00789356975970123 -0.0341516918883489 -0.0157409064962187 -0.450451076860677
0.0504559074815169 -0.0231455586153073 0.528338132582101 -0.296097358499314
0.00883035634296784 0.0524423719363897 0.678382753688895 0.512209223428126
-0.0515604379140741 0.00917382068913443 -0.15982820521335 0.971489913221101
-0.0136854243675931 -0.037426149202478 -0.551867936213927 0.429947754963614
-0.00930042454276127 -0.0240806817519503 0.0720742262370988 0.053607017118563
1.34945551552579E-06 0.0123383092897917 0.35774852775947 -0.607138952510904
0.0171635700033688 0.00359543117299328 -0.428963693188738 -0.82737681364266
0.023332472651794 -0.0363117800676166 -0.878098981258863 0.0499598880412046
-0.0171371565458623 -0.0565557707320996 -0.26142651045079 0.636468181835543
-0.0424833936202318 -0.00814504619068011 0.261086123925798 0.367870194017866
-0.0207113401927267 0.0263104063991075 0.224097941717448 -0.0467807671713513
0.0111056947915845 0.026343811890612 -0.00702622293469519 -0.234697742354471
-0.00123074271407144 0.0122900794205359 0.0571217642702969 0.192934489092125
-0.0139995720250245 0.00330421925216478 -0.13575391686151 -0.0661333687063544
0.0137185564275431 -0.0146154004182665 -0.00963750721467375 -0.452248481345852
0.049609545881485 -0.0122098890466015 0.534045895588885 -0.285388337306519
0.0152852295498219 0.0553997061153983 0.664718739651272 0.532626119729804
-0.043801621709873 0.0183603654881632 -0.190858760524531 0.971551767035971
-0.0295899344616424 -0.0153371189169791 -0.558493119950069 0.41593303435046
-0.0281821414048686 -0.00116996378672786 0.0776923600664102 0.046982168894131
-0.000196465910121058 0.0326568206762511 0.348592702848019 -0.616836778290382
0.0309738096545776 0.00471955679341018 -0.448602376354838 -0.817584995464096
0.0290801040342063 -0.0374192088174611 -0.87554302762073 0.0663398433140841
-0.0124604684330305 -0.0456399930481442 -0.242073160682117 0.637425794747353
-0.0300169639173523 0.00552519532104094 0.267254987211555 0.355176807418799
-0.00718395364627741 0.0359899108486936 0.224321616324868 -0.054113470791782
0.0188454631339148 0.0315100815538277 -0.00495281635518041 -0.235535309549347
0.00521051685599856 0.0170134421378304 0.0540070216461467 0.194389265920306
-0.00207087674300114 0.0171534259131934 -0.138280376717064 -0.0601322939745349
0.0188072608654142 0.00412984262205075 -0.0211823104871132 -0.452780185830962
0.0480840714934976 -0.00312559340429643 0.524853438468544 -0.307531056571415
0.024918521489262 0.0562533533043533 0.68213445681078 0.504011900222102
-0.0335973906587849 0.0312415456154296 -0.160380054414105 0.970367876276778
-0.0447363197783346 0.00831524978934878 -0.548750497955261 0.424360007009272
-0.0474228950952245 0.0203759273244753 0.0722068155565866 0.0513029005004661
0.000163037117107342 0.0514514237066304 0.362255307932213 -0.609852393713117
0.0436981324689639 0.00924373731561595 -0.421957956568945 -0.836097878815915
0.0366939237208475 -0.0348193829120404 -0.876559888865002 0.0300129866162944
-0.00673995314965955 -0.0360914608819342 -0.259490815509892 0.628655765311654
-0.0180329272188588 0.0164471768958242 0.260537245173301 0.360571948149549
0.00649883558756491 0.0434899505027406 0.2231761909642 -0.048223878049859
0.0257915546823395 0.0370255285245438 -0.00568009056378161 -0.235101355990621
0.011861593350998 0.0212382947899516 0.0471288288213689 0.196441327847766
0.00923816234508972 0.0274086649928235 -0.148016024037525 -0.0431677231733149
0.0249651915472394 0.0182016539421919 -0.0526991164569725 -0.445553811580965
0.0476867709458402 0.00444297038641685 0.498431746678737 -0.348197922914353
0.034504286598957 0.0555643083688604 0.72077667682885 0.429476015443123
-0.0216120894683317 0.0430042596520686 -0.074363780815595 0.965151941389173
-0.0525297319010702 0.0311088321635415 -0.520717527429712 0.456150104593069
-0.0641120862745193 0.0393508743114415 0.0580096810239728 0.0641882110266682
-0.00381357579065184 0.0689299614561938 0.393892493416459 -0.585764043519887
0.0533862598992603 0.0156324492474075 -0.351453753305046 -0.878383949480556
0.044009660741003 -0.0318209726669927 -0.878971702408068 -0.0513517926759127
-0.0006448237577431 -0.0279814186221834 -0.30410763146274 0.608016668370323
-0.00928553917241123 0.0247532363997831 0.237617946988104 0.380186158131337
0.0167754002159751 0.0498469271954729 0.21998200765352 -0.0310685701204614
0.0325266102203695 0.0408316680610788 -0.0103180148595274 -0.233432045836445
0.0168724915654456 0.0228339961859866 0.0371275543016977 0.200181528377983
0.0171232717990558 0.0315412061397982 -0.160027548148035 -0.0195357698894974
0.0296379125187591 0.02431668898758 -0.0971255567718501 -0.430637566569218
0.0474215661453362 0.00636431630041523 0.453566475992727 -0.405300740929221
0.0428125515845906 0.05371643201417 0.77066507228167 0.319525337708856
-0.00867696933696422 0.0506403596774414 0.0500862979489525 0.943209389088666
-0.0520203814739921 0.0482936944794801 -0.476590891520295 0.499885145331009
-0.0747977336232721 0.0506551287241776 0.0362140872538537 0.0836314497733682
-0.00962523387561248 0.0812856214728276 0.441451506351803 -0.545112937273268
0.0583589967222967 0.0256117143704177 -0.239082298962521 -0.92988619816652
0.0498487813489761 -0.0265031480408805 -0.871142742928555 -0.173701619441373
0.003394506803355 -0.0229176025152365 -0.372669959700045 0.569855206734712
-0.0058650684196741 0.0299634107645532 0.201148497346851 0.408805952225318
0.0228224606697782 0.0540017110532292 0.214597129632756 -0.00448500946139611
0.0369339739515562 0.04370400161881 -0.0177058811478672 -0.228801364365269
-0.0132731666607111 -0.00389845518092987 0.032017744870871 0.199304186408913
-0.0445832088356208 -0.0283977586259983 -0.171544725620963 0.00179018239394616
-0.0154084375138237 -0.0656122541696142 -0.137124670194033 -0.413917490944763
0.0332445030530885 -0.0502780863753241 0.399251099437682 -0.446491871274811
0.00823034413616515 0.0416512267174404 0.811256530904655 0.206380765799396
-0.0604016321169016 0.0138873504459244 0.20496584027136 0.911161758177312
-0.00346415134918902 -0.0671824972351368 -0.429795870699851 0.57113167575555
0.0253964906380687 -0.0658700113324449 0.0123986601983931 0.118157233928526
0.0106603197837621 -0.0270828113125949 0.487654305391126 -0.494753617271539
-0.0068285236274291 -0.00204018125972894 -0.12635080547771 -0.961164830711138
0.0190484123637763 -0.0256420152954598 -0.863784155276004 -0.269429691824549
-0.010928677393807 -0.0803325409652446 -0.457846592557585 0.549992694431863
-0.0545388562050653 -0.0504404615472148 0.157469243807703 0.456326389448982
-0.0426331534355073 -0.00075539047409188 0.208901328170024 0.0332239595407641
0.00119718872817851 0.0137203778961594 -0.0281668563826459 -0.225798275065995
-0.0140946135089 -0.0023855168861948 0.0428367209061201 0.195895762124291
-0.0420045260418698 -0.0281416124059388 -0.160009271419849 -0.0269608892226687
-0.00827421452799628 -0.0627398085531551 -0.0874713725392324 -0.437168065721332
0.0411127933525247 -0.0448776862104132 0.460492570836139 -0.391480531410316
0.00584827731930463 0.0459193486242539 0.775451550292549 0.337961424146561
-0.062099343486547 0.00726300965324315 0.062513133113379 0.957240946151775
-0.00125082964562643 -0.0663192507564208 -0.485671131507289 0.520454063935463
0.0197895307810792 -0.0588022981591288 0.0382204935486819 0.0920935978384978
0.00491965040990274 -0.0197170991512738 0.438021977823772 -0.549584715170633
-0.0039875096212206 0.000297109050093374 -0.266477031764397 -0.917172636686498
0.018367557768428 -0.0307010666537403 -0.888187443292904 -0.127758286842679
-0.0168727903532943 -0.0758058917137218 -0.378421335491822 0.59798471476952
-0.0563087871765025 -0.0378603932091027 0.205368504395519 0.42538273607844
-0.0398356130995885 0.00750422564341768 0.218289578747351 0.000505674160631772
0.00193415436895385 0.0162161496166136 -0.0203287387822621 -0.230656256838334
-0.0125527769007902 0.000620215250254018 0.0534698599083539 0.19427248880217
-0.0357177601418268 -0.0216852146977005 -0.148433208072497 -0.0494300218081245
-0.000207514295282544 -0.052248292585746 -0.0474555634540403 -0.447987726784612
0.0470265684496076 -0.0355406995564092 0.503418777940632 -0.337221556830179
0.00657133368761734 0.049318157093312 0.727053876577234 0.445118057993904
-0.0587674243336167 0.00516732523039728 -0.066081715501397 0.974847519626511
-0.00404616627836416 -0.0550354519026574 -0.529299355166855 0.471360241692247
0.00682349948297572 -0.0443300899457059 0.0588385520897869 0.0695494625071087
0.000327649825733089 -0.00532458077295886 0.390762870117594 -0.590391097885567
0.00518536733935242 0.00209258701630995 -0.373187845857973 -0.868179513812763
0.0198429526240368 -0.0349514225105953 -0.891584979283401 -0.0150902086216369
-0.0201008746851264 -0.0673323149784852 -0.3073701016723 0.631014867826949
-0.0517651277742027 -0.0228143944941064 0.242019735062294 0.39348566166614
-0.0323154123271326 0.0169856442170099 0.222881678653034 -0.0286845724022359
0.00609088541676762 0.0207238722889196 -0.0142193332904839 -0.2339302339061
-0.00841899962230414 0.00571780622269804 0.0586966644046506 0.192378776771011
-0.0255139304439308 -0.00969317463065982 -0.139693661761958 -0.062011342573645
0.00680010434859009 -0.0347841549516056 -0.0208458404472829 -0.4549951873468
0.0494624725653726 -0.0242584503509169 0.528226897463201 -0.303123194678832
0.00975159065594894 0.0525186151989743 0.686537253802318 0.510705468236318
-0.0521358098690845 0.00870812060151775 -0.154626779580072 0.979998825524103
-0.0140509909270642 -0.037736923612688 -0.553195570828622 0.435300380683212
-0.00854734178488517 -0.0238318147931792 0.0737875623451823 0.0537195322229654
0.000111133230745672 0.0117100295381032 0.357099782440397 -0.61516688440248
0.0174537907700918 0.00392112877932948 -0.436547312581871 -0.830977859392067
0.0236961755478253 -0.0373257163647829 -0.884636538548724 0.0551668281480204
-0.0175672601873553 -0.057275200258011 -0.256763257272784 0.644399558833692
-0.0420770477763185 -0.00808543370819063 0.26469589837639 0.36737649764267
-0.0200806393400269 0.026846829116054 0.22494240001031 -0.048034014285345
0.0118035796452605 0.02646673371655 -0.00893220634442538 -0.236820075576996
-0.00172239920762218 0.011338962814514 0.0602219018840722 0.193454018869009
-0.0133461030778443 0.00346654644859031 -0.136931362480412 -0.0658584324796607
0.0133702195674252 -0.0149707320211143 -0.0132783364917307 -0.456460702025854
0.0499519927664425 -0.0126552189790463 0.536448271424886 -0.29511991632821
0.0173148170019037 0.0556670601169011 0.672412136830641 0.529810734040151
-0.0444679295769023 0.0189066882228328 -0.185308248755742 0.980426810607855
-0.0295860873763865 -0.0152310215801221 -0.559678730834763 0.422362421466907
-0.0287976070344875 -0.00159149801267345 0.0786557504235501 0.0469770163363407
-5.04128423305557E-05 0.0319393459394644 0.346048938734708 -0.622086673731703
0.0319133889463002 0.00576012992748463 -0.456281608862593 -0.819861574532986
0.0290227566842355 -0.037359254555885 -0.879977555981048 0.0741003990787951
-0.0124853962020057 -0.0459394506339649 -0.238570434982542 0.643442556049507
-0.0305062362536326 0.00623019768508622 0.273456515117267 0.357431097628554
-0.00608454115374363 0.0362607546167722 0.225049762738203 -0.0562398231008213
0.0196351775853487 0.0313678822537862 -0.00697519297778153 -0.236657508823728
0.00481783620761578 0.0168247975488247 0.0561978701452445 0.194503421044773
-0.00116206130658592 0.0182592078962298 -0.140262340709387 -0.0592916945045417
0.0190961299897485 0.00481474597311865 -0.0253955994939452 -0.45592538827383
0.0482567639138993 -0.00270692739897516 0.526173993313103 -0.314678524870455
0.0259477938482478 0.0567304154418184 0.68817770909835 0.500627917182776
-0.0343873564191401 0.0310981175842568 -0.154714269297325 0.978133621411798
-0.0443079556470227 0.00768653346594923 -0.550793894081734 0.431380234506933
-0.0477556025796203 0.0214571327457341 0.0727995985632676 0.0506972591456881
0.000262617314352353 0.0518761330106279 0.358873472478225 -0.616346742584935
0.0438971031404026 0.00978626629442965 -0.431577631211716 -0.841198277715549
0.0368518867588558 -0.0357514073583531 -0.88320655048887 0.0388515621052635
-0.00675376405631145 -0.0364658231092422 -0.253330154643076 0.633440391404245
-0.0180708913648915 0.0165170550879484 0.265344800273998 0.361862159258792
0.0078128086776627 0.0439010446171771 0.224430029502934 -0.0511375827249592
0.0270386073201372 0.0361822400368263 -0.00837548167003091 -0.236192912029477
0.0116041394026807 0.0207343465297152 0.0495413940631486 0.197601263466682
0.00923775165406356 0.0275791553091955 -0.149074844476756 -0.0435248873671759
0.0248337931445165 0.0195706265322081 -0.0572189024665439 -0.450552425380732
0.04727901964385 0.00333611205206907 0.499222834736523 -0.356415013163218
0.0359952712356209 0.0563736870067966 0.72795240225889 0.427124740939399
-0.0219276882160011 0.0434516906187315 -0.0694763374638674 0.973702817769464
-0.0527882623972507 0.0309853232570958 -0.520253659038042 0.461733501127356
-0.063818454331171 0.0399746393497881 0.0598479180292682 0.0634528294172267
-0.00307937243381287 0.0688792564767426 0.395261478976752 -0.590486042258504
0.0531931637603169 0.0157979469655872 -0.360843809805932 -0.881612889183447
0.0436897794596648 -0.0316341500883815 -0.885177374002004 -0.0439284648111015
-0.00110776376628171 -0.0275577605016081 -0.302009863509229 0.614821739774321
-0.00866528850855687 0.0254709517627163 0.242862553641618 0.381657655997584
0.0185505801116161 0.0508057614337566 0.221604354991359 -0.0327435646187009
0.0333549628274252 0.0402766431220158 -0.0121079063012655 -0.234751754770239
0.0158498474553501 0.0223506647114462 0.0394652037429328 0.201157890131062
0.0182642788000994 0.0306007022487392 -0.161232634202819 -0.0177191622568794
0.0296488503321012 0.0251632415026058 -0.101836679290901 -0.434797584129687
0.0472451459463801 0.00697571596156259 0.452759502721549 -0.412873301293625
0.0444538985184431 0.0524755585803606 0.776953638366842 0.317090503835891
-0.00882610970593488 0.0514209102676414 0.0562175246362032 0.952278695690639
-0.0520361845339388 0.0485962564748062 -0.477568098005725 0.506861237417303
-0.0743824031421221 0.0513671227622333 0.0376337934302284 0.0834331851278812
-0.0104179359634818 0.0811975612822319 0.441963160316031 -0.549864931849836
0.0579113609074339 0.0253379263444487 -0.249589823925107 -0.93590633291865
0.0506127999270473 -0.0267032582886055 -0.879240470153268 -0.167747193745466
0.00286920322427765 -0.022554480066734 -0.371073229320803 0.577742324384016
-0.0044601915731897 0.0294064683792057 0.206842015109655 0.412219207922642
0.0255532374486225 0.0536075108623508 0.215804225909506 -0.00679910618514437
0.037540713023918 0.0430854965134972 -0.0191200721421372 -0.23019019807245
-0.0141883307258335 -0.00441494326677609 0.0351004073010268 0.201089490659832
-0.0452638319536951 -0.0283492229251639 -0.173556141382605 0.00294011539200526
-0.0162505240258434 -0.0655230340929149 -0.143137143626017 -0.414758531587701
0.0322942596987886 -0.0513338387863772 0.397667998544526 -0.454893627652275
0.00916198708038435 0.0419515007451678 0.818248787547928 0.200243619733275
-0.0603448928335211 0.0150372024098173 0.215336416795065 0.914557136188382
-0.00429040311365436 -0.0685861741017675 -0.426014272419528 0.578236532569459
0.0253879652527609 -0.0664040805856534 0.0138523680596373 0.118485370319486
0.010437087127154 -0.0274975353835093 0.487232272555509 -0.501143994913931
-0.0076604632746497 -0.00197477075298203 -0.133617810197312 -0.967249433040693
0.0181597571619871 -0.0257818392537753 -0.872968014110674 -0.261721937378917
-0.0117974590150097 -0.0800634313684145 -0.455109682737473 0.555715009608993
-0.0559413656467442 -0.0497079059224891 0.163470415421994 0.458577756821329
-0.0421872747245896 -0.000517909337048638 0.211410772738706 0.0327343365659358
0.00240802962732734 0.0133360879754579 -0.0306167905155378 -0.226894075977742
-0.0146099951871716 -0.0025739231994126 0.045898667084859 0.196971729973984
-0.0428794715031378 -0.0271984009289203 -0.161584167682252 -0.0257902029452854
-0.00913629766567505 -0.0628512980413326 -0.093108495151562 -0.438594275079267
0.0405596479849717 -0.0458560059613239 0.461214033177438 -0.400085972156425
0.00668543837050502 0.0461046070049344 0.783510679204887 0.332722544807516
-0.0616059203874195 0.00733363187824838 0.0686404735412847 0.96152664114175
-0.00176653546878698 -0.0673561031344843 -0.483757709275637 0.527726854672579
0.0194892919848893 -0.0585600994271834 0.0400498395604282 0.0913725263984579
0.0039451986853465 -0.0201385312082646 0.435115344749991 -0.557238625790145
-0.00332776053451098 0.000217930067677776 -0.277255713764811 -0.920536267491642
0.0180871354563584 -0.0319193157335821 -0.896665538336306 -0.11929966588504
-0.0181394521489117 -0.075956399792099 -0.374452180643376 0.607143881785815
-0.0566277037455128 -0.0369820956343041 0.211668511060238 0.424848525770031
-0.0389520530865129 0.00732334157002332 0.220488781174749 -0.00132714864319302
0.00262426615568381 0.0168698945103405 -0.0223520325046935 -0.231940554556484
-0.0123570785837809 0.000525521873934779 0.0553074512087093 0.193777911273904
-0.0354183139882136 -0.0213233382269213 -0.149557858681159 -0.0491548947365033
-0.00119993030267952 -0.0528207567547726 -0.0524610546822558 -0.449989965465338
0.0468767232031367 -0.0364074429151971 0.504529033723022 -0.347837909136162
0.00761462868549811 0.0501152446227922 0.736210248405553 0.440630584365733
-0.0590362631477722 0.00498454151350462 -0.0567405046276392 0.980630947251409
-0.00439543171727073 -0.0565008033568093 -0.527971665157374 0.477220137198505
0.00668334771934149 -0.0446462994421442 0.0610442792112307 0.0685080289493986
0.000871534887225129 -0.00582643815564667 0.386185524808336 -0.597564918815706
0.00487336548183249 0.00161909912411531 -0.382433131532086 -0.870956329792683
0.0199783916928203 -0.0346611305252784 -0.895825242604567 -0.007711491146876
-0.0206681477948309 -0.0674430188378524 -0.302827794105473 0.636264179327955
-0.0523737326652868 -0.0215945208636315 0.250263396838702 0.392454829350701
-0.0311750201857056 0.0173927549059271 0.224492950527334 -0.0312576213323384
0.00737061921656056 0.0210720429734065 -0.0158142324036584 -0.236801814840148
-0.00844900843256725 0.00534222767988519 0.0607734099591422 0.192469625591625
-0.0262111910126187 -0.00956533385807958 -0.141395501578729 -0.0617944722547491
0.00660999028976797 -0.0352846562573806 -0.0233790933334413 -0.457843303623842
0.0490421307617049 -0.0249747662895552 0.529771490357851 -0.310865299725419
0.0114415279667036 0.0539917061022745 0.696084052924581 0.506849990439125
-0.0527322120377095 0.00937175355958136 -0.146558791414359 0.987578999987348
-0.0153577833376946 -0.0383180897136129 -0.554392640422859 0.44277340643146
-0.00960033569533758 -0.0239861252021127 0.0748932478860267 0.0527934759824327
-2.8608830970115E-05 0.0114085713805474 0.353715483650633 -0.620516655810426
0.0171450156637065 0.00396887784167455 -0.445581707253722 -0.831009309646968
0.0239992396944201 -0.0374761900772669 -0.892354861195903 0.0628955443557975
-0.0184822139261081 -0.0566736081063382 -0.252204032661483 0.6524574180567
-0.0422379355014028 -0.00692734386969644 0.273258282770754 0.367805982647385
-0.0191835427972071 0.0276477058924052 0.227030543395646 -0.0504069612791479
0.0132251863605619 0.0252089300356201 -0.0114016769604871 -0.238383378447749
-0.00265782954577815 0.0110974896602888 0.0624891110387956 0.193060712384649
-0.0133451192588046 0.00470830190917119 -0.137939138897417 -0.0652155703865293
0.0128230627647996 -0.014975576357034 -0.0179774392842479 -0.461110983903656
0.0497887504044534 -0.0141743128161356 0.53760986960997 -0.304106921905746
0.0188566842191902 0.0564563648979585 0.681874176511272 0.527174119625042
-0.0443283598108308 0.0185528197750363 -0.178301524688049 0.990494371812977
-0.0306099685906278 -0.0157686487647643 -0.560709467542191 0.429299659876852
-0.0289789998272375 -0.00120942135442548 0.079608770528917 0.045718636328852
0.00114402249874299 0.031688828904888 0.34269116371074 -0.631416909734903
0.0308987380348117 0.00458168918320709 -0.469644801001468 -0.820389227459471
0.0295309535456979 -0.0381099077838879 -0.886429637896003 0.0832147494019295
-0.0132037278740941 -0.046550289550791 -0.232375822484337 0.651532465305707
-0.0304565691196414 0.00660213179683956 0.279642841476152 0.35555925671015
-0.0051020929771066 0.0358280495042286 0.226318897684059 -0.0589909918402972
0.020299744391226 0.0312753986829715 -0.00907196891310618 -0.239011088155959
0.0048183946603006 0.0162829022586738 0.058295586391459 0.194891905959364
-0.00171802964964728 0.0184661549664426 -0.142173594160979 -0.0583617349500611
0.0187129781852358 0.00423775137955994 -0.0313567646222434 -0.45908227795461
0.048200999832664 -0.00362433765858949 0.527140303936821 -0.322851468601704
0.0270749659172384 0.0577324464798921 0.698896020298731 0.49711041093056
-0.0349648856058161 0.0318698403930628 -0.148001147539051 0.989591886130651
-0.0444489971227113 0.00886976757708173 -0.548869333082857 0.43942855453331
-0.0471119162577424 0.0218291963671281 0.0750441550626595 0.0498026828285551
0.000412829367232657 0.0524659404765973 0.355119547692774 -0.621156438665328
0.0437798243382091 0.00887928998858876 -0.441359405147567 -0.842265594962335
0.0360640090509899 -0.0367591484512693 -0.8886996785482 0.0452802157979292
-0.0074006289504453 -0.035863730648505 -0.248765895215209 0.642370498077608
-0.0178407439454967 0.0173403168669498 0.272090439482627 0.361352010695063
0.00816862695741506 0.0439641693745455 0.226093240875848 -0.0533912648498995
0.0274587163577365 0.0363148634575982 -0.0100903000326943 -0.238392743574371
0.0108001341534437 0.0202342758077332 0.0519697352515267 0.198104459436947
0.0088301014695542 0.0274832768567219 -0.149946708210165 -0.0415119936194176
0.0247546004169034 0.0187703500605437 -0.0627981047102008 -0.45244818276548
0.0473481283065185 0.00363366022016993 0.498716417967091 -0.366113165657131
0.0373220377901888 0.0572715407712841 0.737212585472473 0.422492728091019
-0.0214304619838182 0.04407035865298 -0.0610682825823199 0.98161637963916
-0.0534375117561923 0.0315538866697906 -0.520414167383044 0.469469536778252
-0.0635927273644838 0.0409807770268004 0.0605966509461943 0.0630835186563574
-0.00249474232629239 0.0704846853525799 0.392337043019338 -0.599553940725748
0.0544046398273032 0.015329899989089 -0.372476795153111 -0.885412940279462
0.0438815309498438 -0.0327499523603965 -0.891109013825648 -0.0369048096702635
-0.00152794073050714 -0.027942087635282 -0.296108526162099 0.62187553093782
-0.0085969372211593 0.0261019051890849 0.2496827490325 0.381079597955206
0.0200899301238838 0.0502233971457178 0.222633042484653 -0.0360367759545711
0.0344540234583701 0.0392793333821512 -0.0150592771356599 -0.236421845585783
0.0159095726392817 0.0214616704257848 0.0419126702885932 0.201726599959458
0.0178600964630344 0.0322434471042765 -0.162235379236595 -0.0174005353851045
0.0294315642531829 0.0250586650041056 -0.107274438500099 -0.437691869218463
0.0473815084726961 0.00699456074318675 0.450914093522751 -0.421984206696361
0.0463218232161272 0.0538868179524397 0.783867142392424 0.311670715588833
-0.00836214148033965 0.0518936488539859 0.0662765663862868 0.958037831958481
-0.0528570607480401 0.048654342499881 -0.47637490605376 0.515066016097821
-0.0744863417977362 0.0530884096588668 0.0390995058745925 0.0838673453833773
-0.00992418180717291 0.0815788131377004 0.438961334785812 -0.557642310378365
0.0586346562045101 0.0245052766961624 -0.261449104907746 -0.939732797222719
0.0506486305150927 -0.0276308312422064 -0.885299504949927 -0.160138650148483
0.00308835122171336 -0.0224735151419556 -0.366855859560426 0.586136664664186
-0.00460668812771805 0.0302516255913402 0.21171269013354 0.411239205186677
0.0259780567039903 0.0539742882912987 0.2166833823572 -0.00806555041953986
0.0387381806165829 0.0420471219860203 -0.0214368522724175 -0.231421494512502
-0.0138578167248406 -0.00458558154225242 0.0366527279153319 0.200815571550879
-0.0450449411822756 -0.0278229214136418 -0.174101749468399 0.00519906008463341
-0.0175409866478176 -0.0661801325760723 -0.148227169550772 -0.417901504418794
0.0324115631679867 -0.0518387514585046 0.395102428253995 -0.462539788018085
0.0101169717266148 0.043018086249351 0.825555932255587 0.190229562342234
-0.0614221891972784 0.0148572829034303 0.224626338077519 0.92018698901538
-0.00512823725740849 -0.0696545521062945 -0.422558806214322 0.585580157105916
0.0254212971796785 -0.0668225557238908 0.015516522246481 0.118116929145813
0.0105386784747143 -0.0289464525448967 0.486398942193287 -0.509343484941246
-0.00807728210290959 -0.00168482108647919 -0.145196465342406 -0.971130422045406
0.0188654957895569 -0.0263658970168454 -0.879914061510832 -0.253933099532008
-0.0130508245478118 -0.0810552960348054 -0.450299640694602 0.566359786214349
-0.057154447140629 -0.049040427303619 0.172334698158695 0.459828508332366
-0.0417069731081507 0.00016379179772788 0.212986527607897 0.0298917577550772
0.00313624145915908 0.0133579076784657 -0.0331690025525222 -0.227993545710801
-0.0151881272303516 -0.00365032734923455 0.0474195355874664 0.196626378633349
-0.0426537487014485 -0.026841444946143 -0.162545134837572 -0.0244150092216923
-0.0106939525824955 -0.0633324991885661 -0.0991255415406068 -0.440500719367452
0.0400579295917289 -0.0467538717040422 0.458182418323615 -0.409662607112983
0.00912074336077218 0.0473582722277913 0.790245778704181 0.32470724942064
-0.0625474575687059 0.00772143879192914 0.0816866421397635 0.966767432744414
-0.00141808610700893 -0.0675095821948449 -0.481955415559892 0.535204514893101
0.0187736292008992 -0.0596311750046213 0.041490029484241 0.0914453337665672
0.00418212025400186 -0.0213519379215046 0.432612319226493 -0.56442932558066
-0.00396660168434173 0.000493927396405594 -0.287941409421841 -0.92247353887441
0.0184310629886553 -0.032047780788873 -0.902934842772275 -0.111109969036154
-0.019419352483292 -0.076303307173553 -0.368364671446905 0.616065524562774
-0.0574311613162785 -0.0363976311842027 0.219901644002626 0.425835372957523
-0.0386900463081378 0.00814230196092589 0.221263364736353 -0.00403958699259058
0.00426805795552491 0.0169462879683712 -0.0260253643064672 -0.234175000240558
-0.0126873128428974 0.00026512695921142 0.0584101492354104 0.19373526394595
-0.0366130048969145 -0.0204692183207907 -0.151140027574955 -0.0474493994147118
-0.00278726043534015 -0.0526157810903174 -0.0576720665277042 -0.454697306014464
0.0461602325720841 -0.0371402470658572 0.501173687078456 -0.358329568945114
0.00925416239089268 0.0515779260447638 0.745010579585548 0.434712208133761
-0.0594388970999056 0.00531192834903414 -0.0464124353764064 0.99083134833715
-0.00556723702449436 -0.0567877687524663 -0.525836286551597 0.486749977821721
0.00710425396803671 -0.0444612171071116 0.0628287097915588 0.068449116436154
4.2462308512646E-06 -0.00683013226380385 0.384552469814691 -0.603173653320707
0.00490836520775727 0.00229466713979877 -0.394358960069844 -0.871428593132524
0.0197595066494242 -0.0357663034546169 -0.901891781685215 0.00162767763480707
-0.0213108637526249 -0.0679648221609648 -0.296110622134315 0.644613586106105
-0.0525241701048737 -0.0213474620063048 0.25701185024438 0.392083875276538
-0.0302372132488419 0.0172063594214514 0.2250898426088 -0.0337003407158138
0.0082720607891315 0.0211095591104295 -0.0186067454874418 -0.23794112063922
-0.00811450223452168 0.00425827003991036 0.063092040217824 0.193071965565631
-0.0257298275324431 -0.00929287069951303 -0.14292153434899 -0.0610734041239192
0.00554715582707686 -0.0351778677705689 -0.0304746758744728 -0.460203033133055
0.0495709217399486 -0.0251927642575043 0.529762527692369 -0.321372937244778
0.0133731138880536 0.0548440423361718 0.705480682771221 0.500838382671862
-0.0530723374394845 0.00943262772027415 -0.138708214751662 0.997488619069532
-0.0151969147167793 -0.0382562387513889 -0.553284958303461 0.450981682539931
-0.00936469908371743 -0.0239397571116312 0.077519920381383 0.052520408277903
-0.000487591921423919 0.0112784032861806 0.349289653987044 -0.627702792950643
0.0175023494360854 0.00257536970899968 -0.460845985753743 -0.831221794056748
0.0226860460927359 -0.0379227576925482 -0.892947333750665 0.0754799954487621
-0.0197988348370302 -0.0565971741697123 -0.24503684251064 0.658475250572286
-0.0424789698115721 -0.00564007015676888 0.278367041349197 0.366828596944469
-0.0181106846977657 0.0282254598023122 0.227703816093906 -0.053808759106139
0.0144222304746716 0.0248095638616579 -0.0136743988708905 -0.239407554240856
-0.0024746937709841 0.0105528546736087 0.0648114843704107 0.19302759103764
-0.0139350360776747 0.00508518323421761 -0.138894971123081 -0.0652189840953181
0.0120976491433241 -0.014762605702993 -0.0251836276150404 -0.46307346831379
0.049174422233188 -0.0140619757624483 0.537132276157677 -0.312438433983871
0.0196241944460063 0.0569567881130692 0.692529029492205 0.521531903468545
-0.0449280739038002 0.0197411361786228 -0.169972807362618 0.998780800957167
-0.0308575795033275 -0.0157792424003934 -0.5592460464832 0.437952593246207
-0.028520566734244 -0.000215484145256254 0.0806286676427537 0.0452458831779789
0.00155321520750589 0.0317468872058981 0.337149893205669 -0.636110687297037
0.0318686467720986 0.00428969426420506 -0.481279371629877 -0.819958196198828
0.0292202810785618 -0.0383957805962916 -0.889883759329823 0.093466170108154
-0.014216341893429 -0.0458838296168265 -0.225884267899376 0.656171747687883
-0.0306574839502242 0.0068131587438209 0.286855647053519 0.3557200341572
-0.00354085153653371 0.0363240758039794 0.227639672150852 -0.0625751217336328
0.0215773231500358 0.0305836241334299 -0.0115797044171814 -0.239927505414084
0.00467339056957686 0.0162268051682975 0.0615780566307986 0.194050612748608
-0.00120216205956215 0.0182552107964366 -0.143163183890423 -0.0572859124634182
0.0180109702027637 0.00465488962593405 -0.0388558824768729 -0.462372201914037
0.0477610663764654 -0.00402496821378207 0.527396677549437 -0.33277765339993
0.0289970654241248 0.0581748033696671 0.707079297230738 0.491674537005606
-0.0342811009773255 0.0325101471161458 -0.138153468270586 0.996188804635682
-0.0446616865208527 0.00897420190164928 -0.549052262950812 0.446811699750545
-0.0474795768446922 0.0229604191670015 0.0763425843888096 0.048930392594174
0.0010255955768164 0.0523806742833206 0.351718315621872 -0.629812165722184
0.0442059715121361 0.00872175292177064 -0.45340419313493 -0.841813334239707
0.0363257508111294 -0.0369935299623737 -0.895093382069654 0.0579175156827649
-0.007764141441783 -0.0354138306115193 -0.242181626744447 0.647565467704579
-0.0180674247489024 0.0181215470967795 0.279230891056352 0.360189763006101
0.0101880253393383 0.0437701429241962 0.22600614393067 -0.0572382563190939
0.0289541533795441 0.0346857979963319 -0.0128312861736164 -0.240151423731347
0.0104805015853232 0.020163545970736 0.054858143888085 0.197396521297753
0.00973599899291917 0.0277953228143367 -0.151215417650572 -0.0409465325234423
0.0240542343309985 0.0180230059085559 -0.0699682847123916 -0.455428210425659
0.0474802303220075 0.00266941945566781 0.49643732626952 -0.374827055409163
0.0396605607387389 0.0574581923161274 0.746074700094032 0.41698944396582
-0.0224168654846897 0.0443838390821907 -0.0486961198557602 0.99152118835656
-0.0539156613701082 0.032338431212235 -0.518911114375949 0.477935073947664
-0.0631552641939465 0.042041181660941 0.0620564997071838 0.0620033824361094
-0.00228753769603228 0.069447548046738 0.386367578385535 -0.604748079583986
0.0533744162976617 0.0150710056374147 -0.384740419991668 -0.885633920151329
0.0437265046572599 -0.0338992335436777 -0.899704200163073 -0.0255781858603766
-0.00219228962035753 -0.0272388578721261 -0.290220156968187 0.629051725385359
-0.00805987453300581 0.0256955211570071 0.255247973789248 0.381805718291274
0.0215776283132611 0.0494413643484033 0.222865532309856 -0.0390405845922094
0.0345996560465411 0.0387290272214574 -0.0175625496192925 -0.237554246076045
0.0158543005690608 0.0210031373236801 0.0449693594741915 0.201887764262661
0.0188397270153115 0.0325635023762352 -0.162546359269842 -0.0159591338567442
0.0302804625564609 0.024555186765144 -0.114431829823882 -0.439611243267662
0.0478877920603153 0.00591228155140834 0.450434853145383 -0.430625072076736
0.0479667763965357 0.0529816389343681 0.791638629747794 0.304458793215338
-0.00887742656090005 0.0524822860307413 0.079341981523759 0.963777420215421
-0.0522169207423508 0.0492293903741175 -0.473649310401001 0.522774513675159
-0.0739147123440764 0.0540170122636442 0.0414699228747184 0.0823513111522964
-0.00935542641668814 0.0823908043181374 0.435729367883342 -0.564648174286193
0.0584661301041904 0.0246278324586458 -0.271095535155259 -0.942882921176055
0.0501946425513714 -0.0284594981415449 -0.896489284644293 -0.152033850784494
0.0017779269769595 -0.022262766023448 -0.36114670905448 0.591570435481474
-0.00399523067944055 0.0302561781349159 0.219297489213645 0.41207583253837
0.0274473539042246 0.0535386296368963 0.21841929318305 -0.011329628857841
0.0390270231156756 0.040518033425464 -0.0247914796194511 -0.232102318429556
-0.014820346890387 -0.00463511416455576 0.0404709375714327 0.201618386429081
-0.0459349725767002 -0.0271398128202158 -0.174849353309919 0.00628183232500959
-0.0194505690216737 -0.0659797069165515 -0.154773250910357 -0.418724442805597
0.0313370009831126 -0.0526465382692199 0.38943534295373 -0.472476842651956
0.0119380531002959 0.0430936555176137 0.833293623785288 0.1816569621631
-0.0613105148938488 0.0150960811801046 0.23692049174864 0.92239420685451
-0.00510601883282048 -0.0700501849419624 -0.417523121583555 0.59400683945006
0.0246511828555936 -0.0670858006832177 0.0177558991054902 0.118056304527754
0.00959714283919458 -0.0289899281284437 0.48178882274645 -0.516613959407636
-0.00808028106197188 -0.00181762703759607 -0.157699469039414 -0.975815355734496
0.018005111800657 -0.0267934017094449 -0.887272131703009 -0.242875878114408
-0.0142594867120199 -0.0806881514349958 -0.445218243527084 0.575577728914324
-0.0575547234954063 -0.0476472567099873 0.178771512811996 0.460220912770206
-0.0409889267568817 0.000183842704248181 0.215740856562391 0.0268533006929351
0.00381799578253167 0.0128214621200416 -0.0364348355173638 -0.229401685500707
-0.0157352405645602 -0.00372000356919254 0.0520500348001085 0.197384923093266
-0.0435246871114668 -0.0258150975960255 -0.163216721722376 -0.0221667478973269
-0.0123787834173976 -0.0637798510179063 -0.107093673232096 -0.44176799256413
0.0394875795966812 -0.046948920151151 0.455777799006479 -0.419385454155856
0.00994859886758233 0.0479366155619097 0.798826694851461 0.316209364855672
-0.0628135861179863 0.00857841215922909 0.094338775469821 0.971939196112189
-0.00304101598371449 -0.0683562116182126 -0.478032712934345 0.542997382494233
0.0186538008102223 -0.0601403259831203 0.0430242597678261 0.0905189641221132
0.00382503004513836 -0.0222972863760778 0.426843402301709 -0.572818505342247
-0.00437502237176453 0.000266386746707961 -0.300198637596881 -0.925802984549598
0.0179317172298027 -0.0321383658473576 -0.906750315307368 -0.10010033327969
-0.0202240134332129 -0.0768854707563989 -0.361122781623555 0.62279016290343
-0.0579795711131489 -0.0360104831265555 0.225419752409933 0.42533923407967
-0.0378369016013177 0.00828049111932401 0.222255450766121 -0.00756876022365426
0.00563389543914148 0.0162227900696989 -0.028546050403961 -0.23472652568681
-0.0140143640953495 8.76709126345311E-05 0.0610283515856534 0.194134280028305
-0.0371191952594869 -0.0191732841830872 -0.152052728453476 -0.0450376380667031
-0.00381544474918805 -0.0533365677548078 -0.0652370119079885 -0.45757776056949
0.0462890765356164 -0.0394064069212085 0.498681385169281 -0.367740497066793
0.0106972896711851 0.0512177539014298 0.754272709463789 0.42629142507784
-0.0601676066225683 0.00590017159112309 -0.0339630867302826 0.998124478047739
-0.00635558858094658 -0.0574713585541687 -0.523797279805345 0.495716789865088
0.00640310867864409 -0.0453338449148322 0.0640907556663455 0.0670887094129411
0.0002013432373589 -0.00686467323557722 0.379303334729865 -0.611536338607905
0.00548834587668494 0.00207061650949858 -0.409051555442848 -0.870344345886926
0.0182175873942531 -0.0360084912640751 -0.904616236324815 0.0147049568411141
-0.02267956283184 -0.0675822997892258 -0.287575259677678 0.653395967329931
-0.0531752005900142 -0.020045819484354 0.264337100467403 0.390100861290785
-0.0290361996752124 0.0183327415234846 0.225878235928068 -0.036786668083143
0.00922818313501829 0.0203766125763969 -0.0221987785766545 -0.238369314250609
-0.00912931219989749 0.00524673855374282 0.0663741756212601 0.191194936545632
-0.0261912901493835 -0.00923695818021062 -0.143936503977544 -0.0594116504357378
0.00447709100960048 -0.0359698852565482 -0.0383419967719199 -0.463329157598235
0.0491818914971555 -0.0267780396649935 0.527699692394367 -0.332186910799617
0.01443475018452 0.0546280007628236 0.714666135253799 0.494419215782905
-0.0535330921233624 0.0100980699720464 -0.124175115225278 1.0065295878684
-0.0159518265318508 -0.0385137163760715 -0.549547940102817 0.458464128228094
-0.00973708844936704 -0.0241712637796462 0.0779047375420663 0.051204859359418
-0.000119761393318183 0.0116992585358182 0.344057533869147 -0.634628229760005
0.0167722363897523 0.003650604923043 -0.472546152428598 -0.828790744104974
0.0223483677186545 -0.038746012481603 -0.897074644151695 0.0889071521615775
-0.0205889541270995 -0.0564257769270834 -0.235369103707713 0.663552235967243
-0.042673759314664 -0.0059267661014247 0.286188138090593 0.364243948736889
-0.0175004529437212 0.028406658948353 0.228645840810717 -0.0578997923233628
0.0155134622879993 0.0252491791346977 -0.0166213307864019 -0.240918912624206
-0.00310945231457168 0.0112388599813751 0.0682165988095287 0.192254998941555
-0.0143391435658657 0.00556629530347378 -0.140781704197782 -0.0630856710685959
0.0117186734777804 -0.0158523971018095 -0.0321031850373147 -0.46638835313551
0.0488565418771181 -0.015788102662023 0.534012843206069 -0.322902495446286
0.0221136764979447 0.0576363881427993 0.699691733117116 0.514327878722071
-0.0458049055440614 0.0203630881341175 -0.158527836279135 1.00870975000619
-0.0315535903806052 -0.0157733231125718 -0.557600964968508 0.446331116514055
-0.0287865047659297 -0.00025862624493465 0.0827007825157838 0.0439321106917168
0.000910536377008383 0.0315739898670154 0.331915805523198 -0.64281133483819
0.031579530557712 0.00408800958152059 -0.493052410032218 -0.819576646352393
0.0285034833693233 -0.0393329946682665 -0.89268468708664 0.105421440001094
-0.0140427747462887 -0.0449243314366572 -0.216808881422221 0.663540174024817
-0.0299211654258393 0.00760126106178534 0.294266046635271 0.351618945133077
-0.00210461940940624 0.036196865558753 0.227295482500622 -0.0666869732385203
0.0230642309381103 0.029848085580203 -0.0153293864340311 -0.241186047056615
0.00364399408566256 0.0163887325049577 0.0640525849419597 0.193936612227003
-0.000837538760920763 0.0188679901145198 -0.144697758597911 -0.0562576053846361
0.0182469034965834 0.00386567934238296 -0.0447486870560201 -0.464930509213548
0.0479602345495236 -0.00460915304001925 0.525418594014155 -0.343168838810231
0.0311080464149619 0.0579705013367582 0.717212937517589 0.486370527792982
-0.0343123462055032 0.0331466646576523 -0.125603712811165 1.0049397339623
-0.0447166983773237 0.00944212210120937 -0.545622825333343 0.453430523838148
-0.0474655772620206 0.0233397278361492 0.0774924316486772 0.0473024876142467
0.00159800670471026 0.0524314361696438 0.345034070799691 -0.63724667128588
0.0446371699215279 0.00786908126917944 -0.466420853711384 -0.839339866892037
0.035420311477718 -0.037723821643659 -0.896993009007598 0.0717350543580249
-0.00870307816510258 -0.0360653354502915 -0.233363130785523 0.654565643030845
-0.0169155905002419 0.0186917472342312 0.286574950353428 0.358495456554844
0.0118184407581598 0.0430590358414169 0.227415306580004 -0.0605847227097829
0.0296235622253235 0.0336424421923855 -0.0167950071278264 -0.241447407506777
0.0100647927589097 0.0195712317894403 0.057958035498908 0.197802475728047
0.0102106482390581 0.0288223427275718 -0.152566705544642 -0.0392552229312865
0.0244083262224402 0.0180566669074026 -0.0769512065109128 -0.457581127507245
0.0465864408352747 0.00119519462911761 0.493570458276994 -0.385542647029484
0.041538900632185 0.0573568014718326 0.753545630931219 0.407093570594266
-0.0227684574235421 0.0446539040899825 -0.0376145602322554 0.996297478622104
-0.0532482582629131 0.0330394054932181 -0.515160556320235 0.486168332702274
-0.0631036336778173 0.0426477982831292 0.0636834833314916 0.060363167296705
-0.00136504521274796 0.0701629360716435 0.381009457473698 -0.612727020586766
0.0545325003303136 0.0146894961814771 -0.398546026940058 -0.887100280236943
0.0432072263085045 -0.0341346614036951 -0.903864639720826 -0.0140678172734626
-0.00294633161640432 -0.027134156938137 -0.283280898017804 0.636976335876062
-0.00792036591214844 0.0257963640708965 0.263733200879341 0.38059256731486
0.0224369802405372 0.0484360258582082 0.223944880254903 -0.0413457359436199
0.0365593855599161 0.0374885317495704 -0.0212737770914641 -0.237810358224241
0.0148655445050617 0.0208655339705115 0.0484978069590119 0.201559573712665
0.0188341120714971 0.0321935053185474 -0.164140418116312 -0.0141349488417364
0.0300415586471098 0.0243280637196263 -0.121260274744163 -0.440622770220524
0.0470617977808112 0.00477602289130222 0.445392852789977 -0.439321238526925
0.0500892668101426 0.0534073786689639 0.798685981100628 0.293215050848168
-0.00850188694401546 0.0526370893630845 0.0903657259965622 0.970825047285367
-0.0524200674078596 0.0508267363143108 -0.469376372145169 0.529918157099855
-0.0736002690748581 0.0554334560303823 0.0420121742108826 0.0818437413657148
-0.00782223121005899 0.0819996614662273 0.430785806370823 -0.572593612081446
0.059365893597675 0.0231709824554905 -0.286195949047714 -0.944365874349308
0.0500569626774784 -0.0297504779186383 -0.901794074242699 -0.13829955750785
0.00215426423800538 -0.0217645298597382 -0.355398986291015 0.602929421525978
-0.00330729805523896 0.0303413169812644 0.227049280424606 0.410977958977057
0.0292382299089886 0.0531187459960521 0.220013652050786 -0.0144464263727472
0.0404630210132476 0.0397573581429252 -0.027831279710299 -0.23265290067499
-0.0152784640372707 -0.00499572654304406 0.0434404695359156 0.200707496726617
-0.0464630842825093 -0.0257258332091859 -0.175283943686555 0.0103349836376974
-0.0209448118782445 -0.0659171274343753 -0.162873799729727 -0.417769246482783
0.0307778629731442 -0.0538709167501609 0.383469159812495 -0.481243762057411
0.0137987543657346 0.0437897978245826 0.836590945204611 0.169076145225944
-0.0620758456388604 0.0164402561367877 0.251588622565515 0.92497738770436
-0.00718953863664689 -0.0711586273430778 -0.409973598406477 0.601544721341092
0.0239572436782303 -0.0677121798901288 0.0202565693223563 0.118134577828126
0.00942485608455997 -0.0303357031195211 0.4754108688366 -0.524831614019236
-0.00823297208083212 -0.00205475453440093 -0.174787989998336 -0.976471353968012
0.0178627851933812 -0.0272107124495558 -0.893761247000571 -0.232373677128179
-0.0157926451466438 -0.0799784896274859 -0.438004459766451 0.584571789080776
-0.0589900194141601 -0.0474971495892232 0.18781333713343 0.459207083776557
-0.0401157107324639 0.00107315593721392 0.216803797088662 0.0238640306243884
0.00482779867422506 0.0130083898174056 -0.0400686265086052 -0.229145458092425
-0.0163525280976318 -0.00329973543741011 0.0549308259361393 0.197016257966874
-0.043786034805286 -0.024577590666322 -0.164720500796473 -0.0198357498569036
-0.0136367949267452 -0.0645677271611427 -0.114748606745101 -0.442932421773542
0.0393695885349703 -0.0490612119699129 0.448900273474494 -0.429172154405226
0.0121801814607846 0.0478751310129622 0.805173120814542 0.304704746040501
-0.0643843150576786 0.00879158736462774 0.106973895568368 0.974416093455387
-0.0042115364916674 -0.0695591756558159 -0.472013764374155 0.551407263098879
0.018241662452468 -0.0606228341198508 0.045558850655293 0.0893044293007369
0.00354645346989165 -0.022413669367994 0.419795714780288 -0.578823080697013
-0.00358836685285668 0.000140717336784668 -0.315657503252174 -0.925287465850925
0.0173317574714868 -0.0324451850624008 -0.91264918707334 -0.0863944834116642
-0.0216002277403547 -0.0754475104603499 -0.352497099025845 0.630178858853374
-0.0590831826403269 -0.0346434077477614 0.234827310781537 0.424041640983316
-0.0372621019489391 0.00934831694282919 0.224303011411626 -0.0113729860277665
0.00623703359969795 0.0151584902372137 -0.0323623019867906 -0.23478654373451
-0.0138318335523274 -0.00132497318641416 0.0642984494366877 0.193129989339456
-0.0370303691140553 -0.0186786904570257 -0.153054550381609 -0.0433877788166337
-0.00446949281042878 -0.0535641767910933 -0.0716442021436467 -0.458573674846835
0.0446279180616013 -0.0393194071686307 0.496626417768749 -0.378840099511237
0.0130908347284536 0.0523805477188507 0.762095016945989 0.416160753548751
-0.0607971972585371 0.00646257784461779 -0.0194757285994958 1.00150204651106
-0.00733756961776363 -0.0588146201507629 -0.516916646442296 0.504228225011633
0.00640247013102776 -0.0454221628975015 0.0652659974281887 0.0668172388549563
-0.000951115560326857 -0.00745303831015661 0.371590380693201 -0.617456918476699
0.00496096656666756 0.00175061240382349 -0.421244106762534 -0.867644753657605
0.0182856272065417 -0.0362333842630423 -0.910904478663605 0.0285895089310572
-0.0245355375470901 -0.0666676323094634 -0.2774835152917 0.660066705015874
-0.0535151471082911 -0.019449857661795 0.271655771281743 0.387427823140069
-0.0284664844462323 0.0193378122257564 0.226993427146773 -0.0410861517038421
0.00980332668498924 0.019646269287486 -0.0251644452759737 -0.238992569721714
-0.00939009093829673 0.00534566978173553 0.0697845281555026 0.191198999524325
-0.0263578153468979 -0.00833670805704394 -0.14534347953636 -0.0582824136652014
0.00310556043052249 -0.0365595093047617 -0.0464978920412227 -0.465716320529459
0.0486995160437642 -0.0276716942278756 0.523453131709734 -0.343706361666741
0.0163714651731851 0.0553831621276821 0.725212455817417 0.484667949441118
-0.0541841179101374 0.0108080193443166 -0.111885811766432 1.01434249952495
-0.016581340845152 -0.0400777793877907 -0.543992133862635 0.468556181847821
-0.0100287468882295 -0.0239262590207569 0.0785657235307409 0.0497234242393873
-0.000514068605731766 0.0113530551852224 0.335969084336694 -0.641843845707475
0.0179318859203721 0.00283402693571254 -0.487685253455389 -0.827765642814145
0.0223435941503971 -0.0391254048016588 -0.900432149225497 0.101555811860842
-0.0215165285513243 -0.0554053617652422 -0.224509856334663 0.671138181569057
-0.043057758317519 -0.00501589931303329 0.293871558187492 0.361808839812857
-0.0158412232899532 0.0280305804386876 0.228599377626036 -0.0614680976553651
0.016744869089683 0.0241582522480493 -0.0206818790375296 -0.241664167271332
-0.00408143945188594 0.010310777978692 0.0710770096010312 0.191319235626973
-0.0135367464977453 0.00610946319586513 -0.142747194971322 -0.0616430522733848
0.0112417814742538 -0.0152766687753239 -0.039656280698062 -0.467936274931613
0.0481901899821229 -0.0156246664663628 0.532728460418904 -0.333199039939201
0.0239020540714156 0.0578653700614715 0.710980365572234 0.506003601827665
-0.0463780647555394 0.0198262471839524 -0.144363288991803 1.01533902738071
-0.0319484035344124 -0.0159776847781439 -0.553536486196586 0.456608794111258
-0.0282957255860195 0.000872629347467595 0.083555034782737 0.0416024343854327
0.000976657104625894 0.0311196792284832 0.322298870404879 -0.651380620113106
0.0317560439910228 0.00395618616361554 -0.506675775474345 -0.813887029078022
0.0278339329293269 -0.0398030267432035 -0.895844774044866 0.118675460835514
-0.016217981331976 -0.0452203836954636 -0.20649529600084 0.670414357782914
-0.0301148144196081 0.00806235510164332 0.300640410990599 0.35096717352861
-0.000709681435947834 0.0363772770638858 0.227640325805265 -0.0697153157639315
0.0234827142671873 0.0286299098144856 -0.018567017208844 -0.242509729068193
0.00304608339982194 0.0159044863493803 0.0689979315903948 0.192688091617954
-0.0010078820521198 0.0189249075717547 -0.145273173399857 -0.0545795257807736
0.0176325162050345 0.00486625132955953 -0.0522808899306058 -0.467093096924724
0.0481073321544303 -0.00589531698947672 0.519527958350896 -0.355029536166729
0.0335615287237799 0.0585588116320904 0.726821504750847 0.475270425351033
-0.0347899337696394 0.0337956374188429 -0.111404259209235 1.01359721029309
-0.0453684766036776 0.0100776726426814 -0.541868120439566 0.463716011275877
-0.0463690585193969 0.0247182472180975 0.0783966322743801 0.0463050258256319
0.00170910186947045 0.0512746185984371 0.338699571773594 -0.643169424956608
0.0443137616091256 0.00812167341477554 -0.479562476674849 -0.835981080752104
0.0350749396215369 -0.0389811026201394 -0.899678820626273 0.0837621624724829
-0.00913262857373089 -0.0348988822385581 -0.223942680931928 0.662205320806107
-0.0164329681276728 0.0184184057588108 0.29404388554298 0.356707294136479
0.013224510949092 0.0432316848585001 0.227269019055398 -0.0641700964221167
0.0312295823202773 0.0331048118935888 -0.019708552187354 -0.242174850992902
0.00890726151647378 0.0197412907128388 0.0610080415326996 0.196524978938668
0.010536593216303 0.0284115918138904 -0.153165309891357 -0.0378622858586609
0.0250768574017929 0.0189356930600142 -0.0852473857984438 -0.45847970423563
0.0476702133157654 0.0012342756587271 0.490194956168386 -0.395203482993434
0.0425352703021716 0.0566978098726069 0.762517075209111 0.398009345479872
-0.0212393249708816 0.0451400605116191 -0.0240327838619361 1.00240266335912
-0.0535634441788075 0.0334455601222713 -0.512292164384564 0.49423244177751
-0.0625867040987948 0.0443970748153315 0.0649461399146805 0.0596937058729167
-0.000384001553004908 0.0696000758941899 0.373944169025209 -0.620663136430442
0.0547464066939482 0.0140812358490964 -0.412078480825373 -0.883939075669533
0.0435008711496836 -0.0354399010774297 -0.907409816596935 -0.000838701392391043
-0.00160135153945973 -0.0274596361765051 -0.274688410056401 0.643991539578802
-0.00750634752788623 0.0262999431220925 0.270019387886104 0.376938460066855
0.0238483139396262 0.0481126547747068 0.224727848134235 -0.0444486366476316
0.0372101997066685 0.0368568178904246 -0.0242363654268589 -0.238676207852693
0.0137995012824605 0.0203482171882143 0.0516482053926066 0.200495247831904
0.0191049965401236 0.0320902275048087 -0.1647696208029 -0.0116027452308695
0.0300071328136582 0.0242922558605517 -0.129728319069567 -0.441489243704254
0.0477548714312415 0.00358657038951483 0.438458121187181 -0.449461321068292
0.0516126144183926 0.0524662865597295 0.805437289084404 0.283597211808103
-0.0084664804039474 0.053074384942526 0.103623246956606 0.972239403896129
-0.0523085412827446 0.0518962550494509 -0.46333305812838 0.538429413446749
-0.0721426662117308 0.0565137622095298 0.0426973685145958 0.0816485448478877
-0.00743726975081269 0.0823357138411636 0.424047238923522 -0.580227578878664
0.0591041836819416 0.0229329188005457 -0.302027808231881 -0.94553906062842
0.0502233287336176 -0.0304653427804637 -0.908372985629523 -0.125915742748148
0.00131460379627603 -0.0220374447893159 -0.346947869600835 0.609807966412783
-0.00336665056537288 0.03109651807453 0.234298980313115 0.40897954339124
0.0310760961987546 0.0523332490108847 0.220522431151799 -0.0175241973440942
0.0417137971659035 0.0380844671112609 -0.0310212768936269 -0.233217680360657
-0.0153082211821983 -0.00620687600626488 0.0468003429955134 0.200861756447252
-0.0469622383512858 -0.0241445725304313 -0.174778419123562 0.012913279158562
-0.022826134534754 -0.0665206671267452 -0.172029498161375 -0.416454135895033
0.0298851558859192 -0.0553698718266827 0.37480339021483 -0.490910459155337
0.0146713074466155 0.0429862544726135 0.839053018924603 0.155181475116603
-0.0625385002088464 0.0174808529253234 0.266350537255617 0.922974009285295
-0.00861992324713598 -0.0703711778624656 -0.402119843203564 0.608734129347127
0.0236550409743887 -0.068500146899094 0.0226393264434265 0.117615896657633
0.00831112759451646 -0.0304806532833812 0.467791599138705 -0.532164268426538
-0.00856196974215663 -0.00147585009410312 -0.188828497371073 -0.974667302526156
0.017704420314641 -0.0281186568764425 -0.899998399589235 -0.218068741869503
-0.0171138226486198 -0.0803847279433441 -0.427478972218193 0.593664173505658
-0.0598200857040809 -0.046606766175737 0.197473367471759 0.456787458554316
-0.0399037024323419 0.00176887606576439 0.218045390001635 0.0201003879666016
0.00641033377711704 0.0124333598289547 -0.0429507486987835 -0.229095662515287
-0.0168656448227895 -0.00352879056432794 0.0584698878263325 0.195373807632867
-0.0451653325802479 -0.02401441647053 -0.164091746384102 -0.0165454070175782
-0.0163893050896326 -0.0637124159472404 -0.122404557795842 -0.44234358031591
0.037816064413189 -0.049952118896365 0.44140867467385 -0.438495466123285
0.0139778760053046 0.0480913022546284 0.809964058920703 0.293455330441632
-0.0639170442099318 0.010429291765713 0.122985540304808 0.977922687546183
-0.00582953144860164 -0.0700649569938424 -0.463045002951652 0.558735646433013
0.0170717885132801 -0.0612100864816302 0.0474318011623665 0.0890994545806983
0.00338708193082518 -0.0222235453137545 0.411997956515088 -0.586235594423386
-0.00452463000356003 0.00108526694192905 -0.328833639570184 -0.918519733296295
0.0170626146331769 -0.0325386155279955 -0.915834847583057 -0.0741126725084948
-0.0230214530396572 -0.0755913756417251 -0.340549751168419 0.639181412227113
-0.0591806422637866 -0.0342612385403215 0.244154535847255 0.420278087950267
-0.0357273630455444 0.0101264898905935 0.225621761025956 -0.0142076472944301
0.00726430765296968 0.0149281067335616 -0.0357290017631857 -0.235184300268125
-0.0142386725780485 -0.000313099375210716 0.0680717414292698 0.191814404851231
-0.0370554991662423 -0.0178639461709524 -0.15386126948925 -0.0404908831741527
-0.00585309012048157 -0.0536228789124047 -0.0804534387503947 -0.459625518435388
0.0442149056808105 -0.0408249433939096 0.490783302515822 -0.388921099959191
0.0148827055016042 0.0522040326595538 0.77136685621386 0.404168469934875
-0.0615822080198918 0.00747075218563809 -0.0058884315086587 1.00475182072262
-0.00879548076978378 -0.0584198745509623 -0.511186496471187 0.514074126347072
0.00525329118858476 -0.0453104869986719 0.0666626625508561 0.0647731374266666
-0.000255161198161016 -0.00781242242161511 0.361435138089489 -0.62299388346128
0.00523076284476248 0.00192438451691043 -0.437969540370806 -0.862509321331611
0.0178593487293993 -0.0361355069780111 -0.912250142534768 0.0437420864409439
-0.0255166290290563 -0.0663133468570545 -0.265827860408591 0.665675536932458
-0.0540520170327786 -0.0185627166893823 0.280507315491108 0.384902907931384
-0.0277682794003601 0.0185875290864973 0.226876053714015 -0.0439937506133672
0.0109777939855687 0.0192316341257145 -0.0298478091800045 -0.239734973439641
-0.00988295565390917 0.00437339052340746 0.0734325144481634 0.189485394794447
-0.0267610408159992 -0.00693572639749707 -0.147282595338743 -0.0555932469322336
0.00235530271628727 -0.0346625428701811 -0.0549911818066642 -0.465858657356433
0.0483113638660358 -0.0288761733710521 0.518031445990614 -0.353633596762705
0.0186799809563176 0.0548391027085455 0.732665865232232 0.473548606251586
-0.0545392853945874 0.0122606290249346 -0.0953329434225001 1.01687615341932
-0.0178563351090498 -0.0392141054539042 -0.53708053004864 0.479060503559998
-0.0103317276974094 -0.0234880070193179 0.0807038098412644 0.0474904703442588
0.000208469256006781 0.0103982194379657 0.326531809470028 -0.646942537388211
0.0168061925598786 0.00245551459230136 -0.499702300785958 -0.819916486159445
0.022016150610127 -0.0398129501091267 -0.897837387683533 0.116508464966691
-0.0223942388673104 -0.0559622169431224 -0.213796742008485 0.675572587274156
-0.0439636393574814 -0.00376176461545474 0.302415841785489 0.356971556082896
-0.0143414337088486 0.0276896475730338 0.227647020300025 -0.0658663896277764
0.0176518781076945 0.0232609237971812 -0.0242966315335343 -0.242326367125782
-0.00431225074896226 0.0101778987720207 0.0755435601347765 0.189694525351399
-0.0144106713412319 0.00713029296373857 -0.143545008750981 -0.0596085578101663
0.00989594600477642 -0.0151590496114521 -0.0479789486822284 -0.470659740119156
0.0484435016746325 -0.0171896140198409 0.526898770967011 -0.344895865590862
0.0257567284667364 0.0574963297749657 0.719532926230889 0.494869349009388
-0.0460514899714786 0.0215007534649738 -0.128798374887611 1.02157888438836
-0.0321976498502865 -0.0156582239300831 -0.548021044673837 0.465081105937893
-0.0280073914134866 0.000912320444950881 0.0849509431662921 0.040835542919356
0.00217881439649036 0.0312468467900982 0.313766317357116 -0.655479441514151
0.0314790081589082 0.00383709244412647 -0.520644351048411 -0.806743893149327
0.0280888316304226 -0.0397432326693589 -0.893861190086239 0.132658630218154
-0.0168676715648207 -0.0450702478064685 -0.196221431108025 0.674176802307284
-0.0291248253619465 0.00850625300732206 0.30831480139302 0.344821517776898
0.000355540693147152 0.0361287701335527 0.226890374812423 -0.0739156635646687
0.0247026757389129 0.0273408385136102 -0.0234089140704084 -0.24210821286365
0.00215504341814689 0.015631575807032 0.0711836684996079 0.191622141447072
-0.00013277847002738 0.0189263929568003 -0.147844734807039 -0.0527895187861935
0.0166860720153165 0.00393945832436132 -0.0607077588894488 -0.466946655051079
0.0468304565812059 -0.0069652642477707 0.514586027418036 -0.36369034802346
0.0353319096381616 0.0575697931250558 0.734737249479507 0.465764081479356
-0.0348606397724519 0.034373143783018 -0.0954329219300776 1.01652400806481
-0.0457208286766211 0.0102343389049763 -0.536786530015899 0.473525581468592
-0.0466451300741681 0.0251504241846468 0.0795822244743181 0.0444137689762938
0.00256679547091136 0.0513976864876251 0.327752337571468 -0.648597124859641
0.0445738111807473 0.00713322000161744 -0.494351856211251 -0.828077547671493
0.0333866053671223 -0.0396900381225569 -0.898035255833636 0.0981699073432067
-0.00980693154908627 -0.03440150175982 -0.21244606577139 0.666789558919028
-0.0166775309302968 0.0187980469622686 0.29961124473943 0.351301583988843
0.0136790184653768 0.0429664641934337 0.226928778303811 -0.068133874857463
0.0320015146374662 0.0315991814124204 -0.0240501031158592 -0.241617376528727
0.00823185371103552 0.0193287003202213 0.0642553151089353 0.195244258409
0.0105507687399322 0.0292182270379583 -0.154491320780704 -0.0356995648587077
0.0245033072968571 0.0177444108167995 -0.0936614677734329 -0.458355618217814
0.0463034244318372 0.000931322818228296 0.482689110451502 -0.405583191917201
0.0446844363463211 0.0560226467400134 0.769728038283565 0.386846141816366
-0.0218903828570221 0.045357644588407 -0.00834720832738248 1.00625124276702
-0.053016313853454 0.0347402245257197 -0.503933780831647 0.504072888307166
-0.0611144058712146 0.0456400800829904 0.0658226120075325 0.057999811626721
0.000436918338099637 0.0693743841656548 0.364892493870866 -0.62486522226897
0.0543409538977759 0.012742937639614 -0.427363950080176 -0.878828786703979
0.0431338006099482 -0.0364192089154646 -0.908537878605717 0.0135958248190555
-0.00293222518166161 -0.0271649466614451 -0.264361173711409 0.648998628377175
-0.00730445407324402 0.0266452847523835 0.277965444603504 0.373314602142979
0.0252515933808379 0.0482444896687512 0.225381558177796 -0.0488909504794684
0.0382521041797432 0.0345299182682782 -0.0288753990729085 -0.237776632786303
0.014193331807483 0.0195176854155889 0.0546799483552648 0.199725331881784
0.0203630996141247 0.031929162215575 -0.164948505199566 -0.00968445536484561
0.0305342175679849 0.0237607175295547 -0.137401909409804 -0.440249246691012
0.0477793320091679 0.00333462502579194 0.431660497943254 -0.461740538141844
0.0539865167324473 0.0513695620852394 0.810968804028444 0.271247567642145
-0.00808247059065094 0.0528039651635693 0.120712194330617 0.975399552646057
-0.0511446794097755 0.0521442547524888 -0.456412821270223 0.546117494211256
-0.0716387686151733 0.0581742245213031 0.0450463664776143 0.0801896928365418
-0.00692523117881877 0.0824288115388116 0.417035782046584 -0.585926318902861
0.0597506904481076 0.0219074671882983 -0.315591146700721 -0.938899299880297
0.0492877821127548 -0.0313971463188671 -0.91076486537738 -0.110341131821278
0.000887162085899083 -0.0224618288288902 -0.335422236300088 0.617441106404191
-0.00191868220024064 0.0308002228699945 0.242865689086047 0.405701294252862
0.0318656475524025 0.0512385195152355 0.22042663512392 -0.0191578033190204
0.0422190829399283 0.0369710071920634 -0.0349454969254628 -0.233724936402038
-0.0167253398793329 -0.00535374516056331 0.050479914300524 0.199491665827873
-0.047225799755782 -0.0234483558141679 -0.174267799704446 0.0160914115320486
-0.0240303487868223 -0.0659083634595462 -0.178403886143464 -0.413576977468767
0.0285934117823526 -0.0558738868936103 0.36769076851859 -0.497495325650478
0.0180342954372473 0.0431526476149466 0.841456136784866 0.140763192695148
-0.0619304584792532 0.0183109515111859 0.281007637947719 0.917749618481518
-0.00887014498878758 -0.0710596138098049 -0.389398820902338 0.614311229695661
0.0216830275473253 -0.0679734054747768 0.0253694506677005 0.116203578983325
0.00859087682849742 -0.0317906856591479 0.460144748408209 -0.538306373329883
-0.0082478649585313 -0.000977864773830838 -0.204246499975173 -0.971469670644281
0.0172914867612834 -0.0276763627559859 -0.902760304330076 -0.203260672570613
-0.0183641788176434 -0.0797637482153629 -0.415279772455488 0.597833282378833
-0.0604514599860549 -0.0454789713150573 0.205080362308089 0.452990089600866
-0.0386364989067879 0.00267346036999986 0.218403716208179 0.016938853418878
0.00688523313073504 0.0124185635332075 -0.0470903690287143 -0.228205862594166
-0.0168413743936946 -0.00372563368368403 0.0619976002177071 0.19425020463168
-0.0452266252195603 -0.0222548290929619 -0.165030190426229 -0.0145394968170942
-0.0167744988887273 -0.0630019956228558 -0.131171447133931 -0.44058103318275
0.0371267457844343 -0.0520945283095468 0.432612574810637 -0.446748275514416
0.014718160720074 0.0476518192163672 0.815480547300411 0.277618357311923
-0.0637508659330966 0.0102123208887571 0.139565481995958 0.974880891357169
-0.00696797895419951 -0.0702390388934495 -0.453356857004542 0.565720425550266
0.0159422725506704 -0.0612062817191223 0.0486416411035254 0.0873189868700501
0.00233779330677906 -0.0225390673192411 0.402661172714942 -0.590971039799249
-0.00383214694574056 0.000513013797585386 -0.345096317831655 -0.913838451615117
0.0159126587802773 -0.0325588878720513 -0.915912653370714 -0.0578583674571752
-0.0244181505886225 -0.0758685476183556 -0.330432401773391 0.645069640302827
-0.0602941996159999 -0.0325716246539481 0.254329534697356 0.417122560613615
-0.0352674282999633 0.0101028051007541 0.223858935205131 -0.0178636615868089
0.00783722594116793 0.0143562200956497 -0.0400464949594279 -0.234482166001415
-0.0153119471870148 -0.000603341332516636 0.0716037935690071 0.189460121299916
-0.0373925117867419 -0.01648940739508 -0.153810026030172 -0.0384044427785264
-0.00759572555094032 -0.052914438876982 -0.0899275592762783 -0.458191453103527
0.0433263320438788 -0.0421981166374809 0.484172799769495 -0.399625950421601
0.016067822427263 0.0522060839017233 0.776048191740551 0.389715197855956
-0.0614226950727412 0.00794681846174488 0.0113130060170637 1.00789222178084
-0.00894705860150365 -0.0587901307914112 -0.501435030805714 0.520097121835297
0.00510009213661267 -0.0451008984539098 0.0679240398054498 0.0625940567616926
-0.000975282684859264 -0.00785582512878311 0.350993757673744 -0.628253249511381
0.00559047510121975 0.0015449212989356 -0.451878187313592 -0.855559960192663
0.0172401940804674 -0.036919177955228 -0.9092006952165 0.0583034905514132
-0.0260778757890866 -0.066188383455597 -0.25276823874644 0.668779441970425
-0.0538095310200964 -0.0170753438499596 0.288976111596 0.379031598254914
-0.0267589546812831 0.0195709424273311 0.226442791255672 -0.048064217115214
0.0121118524428263 0.0186681919567828 -0.0328258435684897 -0.238586116935753
-0.0113630590170766 0.00428582728162816 0.07692317878579 0.187951558048468
-0.0266734998512959 -0.0064783052932276 -0.147370905175403 -0.0534377063698605
0.00106019610304116 -0.0358203518951958 -0.0631855804759324 -0.465200763542394
0.0467685445431051 -0.0295636023519005 0.512299157004422 -0.364263027581313
0.0207157477775407 0.0548179154500837 0.73988153268894 0.460742509655964
-0.054990109187674 0.012381785652285 -0.0778102913577672 1.01956579688033
-0.018300001519114 -0.0406039854845315 -0.53102882862917 0.486397084730804
-0.0104791668102484 -0.0232844023658166 0.0811181581397842 0.0456453772704108
-0.000665884526678439 0.0102118522568 0.314914179299561 -0.651862745164096
0.0170384302319774 0.00171897574561966 -0.513502264693461 -0.809863876007336
0.0201016051941321 -0.0393660554956488 -0.898084256613954 0.131642201681915
-0.0241519382409034 -0.0552690961496956 -0.202560926998331 0.67880623466638
-0.0430062029507824 -0.00332652635961292 0.308219307146508 0.351219160565464
-0.013484893152172 0.02742838166675 0.226017959264956 -0.069279584260537
0.0186587377542792 0.022494803035884 -0.0292733544227923 -0.241473284018006
-0.00442096835705722 0.00974513202576325 0.0787124495431043 0.187469349196583
-0.0136206729127444 0.00700208674777174 -0.143947566060527 -0.0577835895690561
0.00867169826029414 -0.0158147838307982 -0.056895301559011 -0.468469542814799
0.0471087519881047 -0.0183297802625744 0.51967160203288 -0.355849913978725
0.0278238056507968 0.0561797865659513 0.726394881320047 0.483372179882877
-0.0458109850877134 0.0218688367673856 -0.110101076416901 1.02459089444319
-0.0329846734881951 -0.0152452434931519 -0.537882748128383 0.473760707659945
-0.0281815558151478 0.00172561276336017 0.0855293244861366 0.038746844959851
0.00185444011757359 0.0311873963377242 0.303830183649633 -0.659111874500828
0.0307554165495625 0.00363733170687516 -0.533463303903286 -0.799301118392508
0.026416263775662 -0.0404354348926761 -0.890613887979647 0.150042402074006
-0.0170479050580657 -0.044444344944372 -0.183157229096797 0.675979924451955
-0.0296078537701102 0.00944483016901492 0.3161794564423 0.340306347390764
0.00118951069835392 0.0356309569588942 0.226171471890146 -0.0773017284414819
0.0246427017148652 0.0263024496857645 -0.0267442792696877 -0.240977189097627
0.0014739236422987 0.01547745632347 0.0744763263100512 0.189079837903679
9.23130105771974E-05 0.019032428723523 -0.147354578002351 -0.0504537415894902
0.0162154292462221 0.00443871831354851 -0.0693783616276008 -0.46818465848323
0.0466680870586835 -0.00785824218642867 0.506986121186908 -0.373903444453068
0.0374743193549622 0.0575484123655333 0.740336613634087 0.450386394148779
-0.0349232272109689 0.0347843946756892 -0.0786094199854485 1.01965391615598
-0.0468113168754279 0.0111615296910147 -0.52797348494965 0.482676329594777
-0.0457943684425336 0.0259884095369311 0.0804318057801441 0.04242780762806
0.00322320974488883 0.0511417484700924 0.317443631339544 -0.652074654343771
0.0440757963984621 0.00651168644846157 -0.5090321989753 -0.820522080436918
0.034755721348868 -0.0400722562866893 -0.896666628480801 0.114969672114639
-0.0100128793248875 -0.0344186896958312 -0.201044182497492 0.669667557619722
-0.0158685728024793 0.0186784634789504 0.307264604419607 0.346619547209896
0.014921710910966 0.0413573328603674 0.225403164113262 -0.0704761320664072
0.032829234660349 0.0309795980309222 -0.0277241154332682 -0.241046864160267
0.00843473929992928 0.0190361598749467 0.0682132923239039 0.193215167221483
0.0111487000921652 0.0284352256551408 -0.154519803062566 -0.0330565848077212
0.0243907838942637 0.018043733264145 -0.103807884765555 -0.458098817065132
0.0460355344350437 -0.000937019096982197 0.475505468221358 -0.414738324104001
0.0470526425967118 0.0555548710496029 0.776158453431603 0.372612223647582
-0.0217920251965086 0.0460435716881922 0.0106346060640445 1.00720644284041
-0.0522232397508266 0.0345098487232624 -0.494968302076454 0.510701757566934
-0.0600045604177963 0.0465489014799685 0.0664615388409108 0.0558763689773907
0.00185814128706245 0.0694270342665384 0.353255575221483 -0.630613590812321
0.0550101717817225 0.0124731670447345 -0.440847710820018 -0.871560338541527
0.0415863101716542 -0.0366536991841077 -0.908084627465632 0.029742002488652
-0.00406491659548273 -0.0271350603352777 -0.250529288313736 0.653320554871488
-0.0065337552044548 0.0268405682676598 0.28506376242937 0.367893519737622
0.0267367677505738 0.0466589656577988 0.224016351468543 -0.0534183690475052
0.0386734083903087 0.0334404610269983 -0.0322289932490034 -0.237677793854262
0.0129690704448369 0.0196529638986882 0.0583717721835094 0.197404446515065
0.0200533593653716 0.031621297281826 -0.16523026878504 -0.00623763047677335
0.0299314106237088 0.0239987798281475 -0.146307336208015 -0.438100537747286
0.0464838102010255 0.00118822524451628 0.421488133844108 -0.467281907179796
0.0548450960849973 0.0510946204974648 0.813435376747923 0.257532197144208
-0.00723662804838731 0.0530772134651133 0.137054311567201 0.973254174648401
-0.0508769623740073 0.0525645774010264 -0.448132294285032 0.553393059756437
-0.0704053194806352 0.0590774082578066 0.0463814698786093 0.0785496941183464
-0.00476088874483382 0.0828010096712257 0.406387710926682 -0.592871483670067
0.060130774930285 0.021349385532954 -0.332419074084915 -0.933446579733851
0.0488992297214728 -0.032052648047651 -0.912447013772279 -0.0970455793268157
0.000649094415017842 -0.0222422235479115 -0.326601446482894 0.621714816279051
-0.00164662490687918 0.0308722262551906 0.249731709328805 0.400937810374092
0.0336566738576938 0.0503168569071401 0.220632433249831 -0.0239951313998918
0.0429731335451962 0.0349681756549514 -0.0393434889984523 -0.232747159652776
-0.0167341853712317 -0.00579460708940271 0.0534275202142744 0.197267351506349
-0.0475895027531802 -0.0226357429108684 -0.173529109733717 0.0197262963145531
-0.0270164805029492 -0.0644528288131831 -0.186629190935896 -0.408139920361426
0.028396741610183 -0.0563864231089821 0.355304341336949 -0.503949222923742
0.0179853554242265 0.0425456269331332 0.839714615871288 0.126197117011023
-0.0617317692097337 0.0182765917743823 0.294651358774754 0.909172078870363
-0.0116687138559457 -0.0716136980062897 -0.380434121249235 0.617034155561118
0.0209100891278695 -0.06828363756104 0.0269878312476291 0.114705094562968
0.00745571657671159 -0.0320652737989145 0.44839455508567 -0.54297914323224
-0.00937951887864783 -0.00127158640478646 -0.221894889612004 -0.963994047646896
0.0161687082963674 -0.0272916913298526 -0.901817010484929 -0.189320293895345
-0.0205243434681699 -0.0798559405064043 -0.403143330205551 0.604240325428493
-0.0602060742652342 -0.0437129203112665 0.215571119030192 0.446647479644182
-0.0375884096816544 0.00273632963744662 0.218567291295824 0.0130267487349351
0.00789466604432642 0.0104506153415925 -0.0511248899847347 -0.22651463114369
-0.0177367719104175 -0.00358604553159186 0.0654354851126858 0.191811439736366
-0.0460730630236743 -0.0219292998126028 -0.163655536688379 -0.0109117407828132
-0.0188659017734848 -0.062789244072124 -0.13995805387012 -0.437037710010788
0.0352568215511731 -0.0513002240748998 0.424245339435051 -0.455174957012114
0.017684948287212 0.0478234703669013 0.81721166612445 0.264299524489843
-0.0646194901684851 0.0116556894646328 0.154445480165014 0.970908425313674
-0.00817673582646861 -0.0691500307865819 -0.442641521532879 0.571947047121558
0.0158599723167342 -0.0611504684533909 0.0503144918296334 0.0857216563875573
0.00196097111545718 -0.0225201370925174 0.392473462199978 -0.596331641290283
-0.00428153629404073 0.000216153816497621 -0.359415841204861 -0.904269319257895
0.0158597982212271 -0.0330397157398848 -0.912802589377989 -0.0422379180709504
-0.0256338275268472 -0.0749049518160403 -0.316595391166975 0.646643000997789
-0.0608720286966189 -0.0315806324444432 0.259572013608152 0.410302242620791
-0.0339929956772564 0.0103596662524984 0.222654545780789 -0.0231951547785214
0.00881130925862949 0.0136714528103918 -0.0438850665051517 -0.232851743664459
-0.0161607443655711 -0.000686220352145291 0.0742770281761903 0.187171399266376
-0.0383468426120491 -0.0150206443925026 -0.154317280823113 -0.0360813544598837
-0.00933583934109736 -0.0515094514315158 -0.097945027046754 -0.454582980408956
0.0426240831280835 -0.0422808054231024 0.474082718205223 -0.406606091238616
0.0177088466806999 0.0509099588265838 0.778638429868547 0.375208678652601
-0.0610503830848264 0.00979680659892175 0.0274124568467517 1.00442758035242
-0.0108270728522036 -0.0594604925293241 -0.49293334443696 0.525804072092204
0.00460940436921813 -0.0453222319335575 0.0695003874545964 0.0605829197529617
-0.000808503235952645 -0.00883096574803313 0.339029356311549 -0.632791752817935
0.00477030571292966 0.0016973805945585 -0.463379032457219 -0.843096750876104
0.0170308908900581 -0.0373044854203279 -0.904700346328333 0.0739912768248363
-0.0270923761365548 -0.065361756008229 -0.242045014108526 0.672473079223342
-0.0538599580318083 -0.016865932682329 0.294542141296903 0.373202419014855
-0.0256580704017664 0.0194101004529766 0.225021876196081 -0.0525050557040795
0.0125870008540371 0.0174057017005911 -0.0376882754008143 -0.237347313311187
-0.0113242332180421 0.00438056358103158 0.0796851946785962 0.185816001843326
-0.0269141219325926 -0.00557510564659278 -0.14752649382541 -0.0506153900338074
-0.000394576685182581 -0.0350252863702213 -0.0717204598178489 -0.464712536174749
0.0452600694925428 -0.0317317308144982 0.502193974656763 -0.371754049164391
0.0226325659898379 0.0539035134058122 0.744080985313072 0.447020506751529
-0.0542896318517503 0.0135397447799719 -0.0602180954690572 1.0191624458935
-0.0196905357047884 -0.039437561536333 -0.52101040761673 0.492716566916167
-0.00977280896195193 -0.0234517731383811 0.0820428078564509 0.0430022612345754
8.53143365707465E-05 0.00995571211363476 0.303623579595513 -0.652230915735041
0.0174768321711914 0.00203286469084481 -0.524975151235211 -0.798832747979419
0.0195585938876919 -0.0396999728906117 -0.891233828062619 0.14644639505068
-0.0243577386292505 -0.0539743478681405 -0.187153747124269 0.678563777878922
-0.0429353256934554 -0.00217871021822189 0.314888987504021 0.345152597876538
-0.0125758984689976 0.0278492875710332 0.224963163507897 -0.0727836319480588
0.019168096789231 0.0210139758335432 -0.0327083060727587 -0.239934759727553
-0.00603964147405082 0.00951748302112525 0.080571109218134 0.184079662761157
-0.0132770414752695 0.00748180493299197 -0.145535583597379 -0.0554603245380185
0.00876054118136198 -0.0152048212752911 -0.0665393354215243 -0.467279856489106
0.0461252775433834 -0.01843474654535 0.510591892688372 -0.361851593220552
0.029900353983304 0.0550447187812698 0.73115408665211 0.469065502848151
-0.0456453530528168 0.0227445146728237 -0.0938466836130689 1.02263710729507
-0.0330860860494111 -0.0159080558288577 -0.529680292472188 0.480035307659133
-0.0274507522282886 0.00138716627427825 0.085621054559838 0.0359054246857994
0.00169716196104765 0.0308005122683548 0.29185930895556 -0.660634537315433
0.0308868208023808 0.0024306728991192 -0.544755067150666 -0.785576956010569
0.0259748901021454 -0.0413085496650665 -0.884143747550831 0.164630612218967
-0.0185260796577442 -0.0441798179761396 -0.170055084455199 0.67752169452421
-0.0294958831941437 0.00983366034357512 0.320958761308142 0.33372127414751
0.0031874262444423 0.0349544570800113 0.224594818081778 -0.0802173584881318
0.0263314134746972 0.0247558091055376 -0.0312387298395976 -0.240163027588755
0.00137167099691519 0.0150190789621976 0.0776608801543666 0.187169378944096
0.000214569539153719 0.0187759738008944 -0.147760890096942 -0.0478543697180183
0.0165911101370453 0.00416891417412622 -0.0767762544147821 -0.464954620913005
0.045325508792677 -0.0087831774354805 0.498539979137511 -0.381955809143176
0.0390793344714684 0.0561266936422056 0.745466712891576 0.436207721266758
-0.0348487310728209 0.0349869941146998 -0.0608649033029582 1.01869146992217
-0.0459653084167722 0.0112331736039652 -0.519577677429976 0.489023666696254
-0.0446108985943848 0.02644478038937 0.0802896824562171 0.0403731046054134
0.00472235744364417 0.0514790463395147 0.304515144500494 -0.654415339680167
0.0443502356530492 0.00545932122364435 -0.520203496478526 -0.808643712932842
0.0326962854713142 -0.0400184472088062 -0.892056262630511 0.129250645136323
-0.0107640171902304 -0.0344977966865462 -0.188384777975913 0.670231409286078
-0.0150984002033553 0.0196123589571418 0.311262360610478 0.339133670022533
0.0176799041463854 0.0412973189773997 0.223413457841034 -0.0751300705054581
0.033169484132506 0.0292679908032726 -0.0317788586841648 -0.239487948895427
0.00815490598691263 0.017926167491899 0.070958364553256 0.190205854951654
0.0131821139005682 0.0275993362326056 -0.154567822528027 -0.0306139586326795
0.0248250708983063 0.0174886008886989 -0.112366809834526 -0.45421533922728
0.0455615941137292 -0.00239339892137084 0.465016634857001 -0.422756664039691
0.0490368585537647 0.053821548452778 0.777947931813822 0.358185187569638
-0.0216948000791899 0.0464130434769611 0.0271531595326358 1.00421180026251
-0.0525923219447258 0.0356782522928713 -0.485298217950003 0.518167726778247
-0.0597628523247975 0.046510210697731 0.0674281779528099 0.0543465346690268
0.00159997555145722 0.0691379213114319 0.341359465281966 -0.633658813470191
0.0544991175206081 0.0108458454733485 -0.454981381229581 -0.859342598774221
0.0414244777569769 -0.0377920899382813 -0.90475214669154 0.0457138338796948
-0.0035556334665168 -0.0268975505694101 -0.237656215483223 0.655479002612087
-0.00558838863283816 0.0260622484260419 0.289619870432959 0.362826321050014
0.027795270149381 0.0458053564786562 0.222071534166989 -0.0554836595307005
0.038660124232734 0.0314148122236797 -0.0370387681963036 -0.236665787511907
0.0131411808211594 0.0202310677553096 0.0617829416206902 0.19591543544274
0.0206909173606625 0.0321387572288659 -0.164554448297905 -0.00471640601668371
0.030268159657486 0.0228437709728146 -0.155260880381021 -0.434065331757935
0.0460212218836259 0.000652057100010681 0.410474616061898 -0.473841218695118
0.0559763067942194 0.0493006415645712 0.813643228923644 0.240296643377627
-0.00686004069175667 0.0530992869762233 0.15361494064638 0.96829521782284
-0.0505019572126239 0.054062929661143 -0.438138761946503 0.557778335231559
-0.0680428280621609 0.0601526740667031 0.0471873435988342 0.0763333578105927
-0.00376435554692001 0.0817361107605709 0.394693428011117 -0.59633096295038
0.0601345727181475 0.0209401740457793 -0.344138323854253 -0.925809777653138
0.0484071686395866 -0.0329539897126282 -0.912160290144228 -0.0810575268676522
0.000119209664372583 -0.0218373289871364 -0.312967188497031 0.625299551933543
-0.00145677519670433 0.0308223548461486 0.25681797967882 0.395140815832863
0.0343909448016657 0.0478346377651297 0.219216021772057 -0.0274759835894776
0.0425197185128498 0.0335983386811716 -0.0426288348648654 -0.230632360412708
-0.0176297563804696 -0.00552336565609653 0.0572867028823169 0.195227383622819
-0.0476336187655099 -0.0211614939146532 -0.171800890063769 0.021403540760195
-0.0283611247397538 -0.0636807462937677 -0.193676952142847 -0.404142713674262
0.0261799195496587 -0.0569873107400655 0.344397199752541 -0.508053305955996
0.0201381688318354 0.0416312674421825 0.835673362072002 0.111836764130303
-0.061718757653572 0.0202977458064649 0.309538960457284 0.901821942724579
-0.0136625736043454 -0.0713874898100509 -0.366963070225147 0.620300067821469
0.0199573400305193 -0.0685558735315502 0.0281697532227303 0.113564803048468
0.00650670021398934 -0.0315933155260255 0.438349706466875 -0.54661218139789
-0.00964145775324406 -0.00101490981493921 -0.233247748180332 -0.952348103717765
0.0154377647918175 -0.0280514691597614 -0.900404735880995 -0.171193249938694
-0.0204624149594518 -0.0776101041633608 -0.391034951887143 0.607014340542677
-0.060619221393825 -0.0424162645129532 0.221761272517616 0.440963624288095
-0.0370557792671235 0.00361796836263652 0.218578731970315 0.0095935312501037
0.00809053223453052 0.0103080658149793 -0.0545904910656335 -0.223922953111113
-0.0182534765282064 -0.00353929572164457 0.0681727169153179 0.188200624447282
-0.0454730981619768 -0.0201157565774941 -0.163327286999799 -0.00885671626858539
-0.0206899487611141 -0.0617892150003354 -0.14780169900378 -0.432999736224251
0.0345547845548031 -0.0527152474641036 0.412816225829292 -0.46024205139232
0.0192834086369275 0.0473126627729621 0.815245467521437 0.247658518770067
-0.0641918408420241 0.0124910663231533 0.171116364725845 0.964244982123278
-0.00984773853371509 -0.0707958146940022 -0.432619732441349 0.574674154700774
0.0152630424096599 -0.0604383011077677 0.0516016272234945 0.0835202115769993
0.000323885875976961 -0.022601355868454 0.380171202937633 -0.597374635170671
-0.00480634032668804 0.000342101974074558 -0.370779756625352 -0.893352995471043
0.0147439165745678 -0.0328168548167978 -0.908291493111377 -0.026698710124691
-0.0273311978540303 -0.0730425405788591 -0.302342580992743 0.648694264765606
-0.0602075837921153 -0.0309196472043763 0.267257403981126 0.403607871838403
-0.0330805792363166 0.0110696047935846 0.221558765597822 -0.0261683417092587
0.00973877003779818 0.0124606926294284 -0.0466742015907886 -0.230023162501938
-0.0162057600450636 -0.000867436022588142 0.0780386596348652 0.184195166479072
-0.0380805731581968 -0.0146017937382489 -0.153434092344757 -0.0338102415606703
-0.010387789083289 -0.0515937085941668 -0.10673859710651 -0.451541985052929
0.0411172015236574 -0.0442733652628775 0.463585804409622 -0.413130783543176
0.0199623532696313 0.0513260944946062 0.779621173070883 0.358721569340808
-0.0608551556923424 0.0102248195959457 0.0437849135990257 0.998911728718442
-0.0120844818855108 -0.0591858843358406 -0.480344858121701 0.530856205599799
0.00426664507991629 -0.044758302828748 0.0702367214274884 0.0583183412197292
-0.00187536892596389 -0.0088785903543532 0.328269531589756 -0.633296442176701
0.00492544253230119 0.00134886082343737 -0.474297937240815 -0.830758489564722
0.0159648530157313 -0.0374231855946165 -0.898355001986069 0.0892055437981416
-0.0288676645829678 -0.0634840813240178 -0.227621066088949 0.672022143826429
-0.0542285023869643 -0.0159694359740529 0.299800615685562 0.365920074227752
-0.0240858891165268 0.0196461066612146 0.222897850609133 -0.0556571620989563
0.0142159562411055 0.0171389304223236 -0.0407592968808215 -0.235094912066115
-0.012025481862197 0.00442645611529461 0.0820542924360363 0.181863651751867
-0.026353876552355 -0.00433311876474466 -0.146672403239732 -0.04914357418199
-0.00107624207950823 -0.0341528059468654 -0.0808105024446848 -0.46001572044693
0.0440149522991133 -0.0315746982476414 0.493461638765097 -0.379730322301971
0.0237773573518856 0.0531332441945813 0.747191079242012 0.431926558492296
-0.0542769399292182 0.0137052965946514 -0.0426432343267373 1.01613819707603
-0.0202794356534307 -0.0392882108544786 -0.5099021707331 0.498517759062734
-0.00983940440207474 -0.0225459827291958 0.0820453333117909 0.0408737159085823
-0.000586945918587409 0.00970744384666408 0.289818516356341 -0.654050365046761
0.0173132829685921 0.00207958593191709 -0.535001957689249 -0.786058647434948
0.0192797320118877 -0.0400265779568683 -0.881242658599105 0.162364808902688
-0.0250165501152236 -0.0533794219623004 -0.176639768718738 0.681117900844948
-0.0421123247034915 -0.00162566665819358 0.319468688183953 0.336237542221891
-0.0104567104457633 0.0275676035196013 0.223097266204332 -0.0767363735092076
0.0200612794087465 0.0203263460344038 -0.0367492923303444 -0.237297011939363
-0.00607812943195777 0.0102049013742423 0.0843984076430797 0.181363776600637
-0.0126237387516632 0.00793104869735129 -0.145651236421192 -0.0534373706410642
0.00797153876840067 -0.0144996525697629 -0.0737113862831114 -0.464179534341818
0.0451318152578623 -0.0201877802316374 0.499605731790422 -0.371017563723875
0.0314218807391816 0.0544807868788692 0.733333046024647 0.452366720141528
-0.0456694990300004 0.0236639311036195 -0.0749805438836803 1.02064927663788
-0.0328863562680684 -0.0151511331784636 -0.519336896525433 0.485860282244492
-0.0269241336422269 0.00290285715554558 0.0865940511830497 0.034884739099376
0.00262175841439952 0.0303630409756174 0.279863104117727 -0.661959597296658
0.0295401886798479 0.00209239614885669 -0.554781526275352 -0.771747838570045
0.0253241719671281 -0.0413831347067796 -0.877544412075308 0.179132181354964
-0.018339632620266 -0.0434590180553528 -0.158191516704691 0.67648262318168
-0.0289656520075987 0.0101348936019644 0.325290749593303 0.324825984091822
0.00394338338709473 0.033944399258421 0.220639331440577 -0.0845859186468431
0.0264190020114312 0.0237862669894654 -0.0348425033766975 -0.237444624147049
0.00144224001600224 0.0147210599068071 0.0808090283775166 0.183305430223188
0.000664878015592929 0.0194438410315468 -0.148174945276319 -0.0454078166095865
0.0163237916417171 0.00439169704543122 -0.0863550118905691 -0.460525769019603
0.0452024553394071 -0.00961071428209435 0.487021822956163 -0.389632377119558
0.0405576455562109 0.0537953969282627 0.747906582751305 0.421689059692331
-0.0339281593341147 0.0353700674727229 -0.044668360822891 1.01490175363549
-0.0455170339891825 0.0120035457836811 -0.507767227774608 0.494239201065587
-0.0433596814446946 0.0274563411088181 0.0813141631268345 0.0379624653561753
0.00479352254874361 0.0503821525674922 0.292898868281846 -0.655208386445374
0.0439423533977944 0.00479257771638255 -0.530501447387934 -0.793529755397035
0.032340412977177 -0.0407312368055835 -0.885142906473229 0.144119830523657
-0.011709270986688 -0.0340409125955303 -0.175210382507395 0.670252937200694
-0.0152557063174498 0.0195950961584347 0.317498241887246 0.330482867075478
0.0171683844644109 0.0395228149691774 0.221150521719372 -0.0774991789641942
0.0330451308302472 0.0273969350141074 -0.0351667688543362 -0.236862026296049
0.00672997331608394 0.0187457833261706 0.0746762470894586 0.187802023939751
0.0123174990153357 0.0281840417140185 -0.154130219848018 -0.0284966785344677
0.0243956668747341 0.0175865133738517 -0.118894745805471 -0.450492122419511
0.0445289870208443 -0.00236489942602169 0.454877706651362 -0.429809902811884
0.0505099714655154 0.0526523210969671 0.779419451493124 0.341789140065257
-0.0205758041725139 0.0473071137451539 0.045020895181664 0.999867992164264
-0.05177948254994 0.0361385244266297 -0.475996034205558 0.520963517843779
-0.0573776934534955 0.047591654307129 0.0679285731510166 0.0517601966572617
0.00311379191439584 0.0681720588352219 0.330346431102473 -0.633987107356568
0.0533912706750904 0.010520817890687 -0.46454659819308 -0.847795195069549
0.0394522980039528 -0.0380640407596292 -0.89834638543909 0.0615603669137734
-0.00484976253111069 -0.0261693178079357 -0.224357536579473 0.655696464361305
-0.00568955040239407 0.0268326306727871 0.296609608354839 0.354058252404128
0.0290228021105145 0.0434147754959748 0.219108373172165 -0.0594500813072076
0.0395898326497703 0.0297407606982283 -0.0398724720420466 -0.234018903157535
0.01196321364281 0.0192712196140227 0.0640763600602903 0.192988014567244
0.0212210660258335 0.0309936764949378 -0.162845869606083 -0.00200197830223173
0.0299795465084411 0.0236115159659954 -0.162766153142932 -0.428409974834162
0.044983183600137 0.000551167583457686 0.40002553278586 -0.480672763155331
0.0581534600617666 0.0473809981054119 0.813680048533287 0.226432508818148
-0.00655944074479183 0.0544420132887131 0.17015061516202 0.961709669693882
-0.0491580008885813 0.0541298373643368 -0.425640497736064 0.561063733507936
-0.0666438222953507 0.0601903533799168 0.0476840659478444 0.0747280749306906
-0.00285467464445237 0.0809079484147201 0.384465236298481 -0.598745305366201
0.0591581701008398 0.0196170967699096 -0.35681638391561 -0.912212907413332
0.0468652713577632 -0.0337046053736277 -0.908484335255199 -0.0639667960427104
-0.00091160667232517 -0.02200353708267 -0.300776663949983 0.627503807130245
-6.65279799597074E-05 0.0303574852420717 0.261789155952151 0.388589527905887
0.0358179926871574 0.0470656343182141 0.217560571150032 -0.0304208991814139
0.0434906844061255 0.0319620773155724 -0.0461184205256741 -0.228373176422964
-0.017754559562122 -0.00507198171892206 0.0600295841384562 0.191945618734107
-0.0474137867543518 -0.0194071964922599 -0.169198104027874 0.0241358666021067
-0.0300615676830891 -0.0625763669874764 -0.197625961115105 -0.397957693969936
0.0249914800196681 -0.0574271299571544 0.331525305579264 -0.510341995923209
0.0213198471799048 0.0417595299724211 0.829842036055322 0.0976559046003057
-0.0620319085668769 0.0205649102254713 0.319461930611681 0.893890245520284
-0.0147988838778235 -0.0710140559069304 -0.354213856870203 0.619745217686322
0.0186320737316838 -0.0678402516604591 0.0297510315880718 0.110365513755183
0.00636465037718161 -0.0317268866298674 0.425608122902842 -0.547825058228849
-0.0091855191408145 -0.00110729004932548 -0.247687869441381 -0.94155653589349
0.0150707072964508 -0.0274211664438544 -0.894236525560168 -0.155697703279631
-0.0216808533399374 -0.0773187227470468 -0.377259908691209 0.608744189613559
-0.0605962661258213 -0.041353872454412 0.227252387915971 0.434403334930758
-0.0361238896244142 0.00400775299852318 0.217071613260241 0.00500630653247355
0.00861383638403404 0.0094776105640221 -0.0564769493097003 -0.220295666305578
-0.0181705761559226 -0.00389912436900193 0.0710229691070416 0.185849673959954
-0.0455798519232175 -0.0188170456985582 -0.162208875086566 -0.00726305150602188
-0.0215034796837855 -0.0602208928329128 -0.154108923194511 -0.427495533734245
0.0329187352559839 -0.0528879037047035 0.401185150612151 -0.465165897066613
0.0201242979088137 0.0463819104913389 0.811404423629745 0.232729287455505
-0.063737816140534 0.0134680698357035 0.183940281672466 0.953866044116685
-0.0110241103080144 -0.0696666697723554 -0.418299517710828 0.575638648607382
0.0135653536773697 -0.060139554247283 0.0522625319301592 0.0820492602826006
0.00108629002381059 -0.0229451547364655 0.367019415559035 -0.596806847249909
-0.00465974888566465 0.000919292722772821 -0.38071040201034 -0.880628556608708
0.0138240875558675 -0.0330574636543885 -0.900175803980729 -0.0106976643961974
-0.0275002369014481 -0.0727772701539317 -0.290585808886536 0.649559237740531
-0.060570975285694 -0.0291890399380871 0.272410569636856 0.396026118525069
-0.0314894640336329 0.0112858556159629 0.22025608650562 -0.0297146473908044
0.0103904268989168 0.0122058520878148 -0.0498786592775946 -0.227683024585879
-0.0158860027296236 -0.000540838252385706 0.0800875262241789 0.181363442568573
-0.0374688201295222 -0.013949668916629 -0.152573469331843 -0.0310167210189904
-0.0116921986391243 -0.0503763519359492 -0.11446758244509 -0.447360339364911
0.0390599743046277 -0.043742395025706 0.452690069017569 -0.419195909374774
0.0212270860745691 0.0496103063251157 0.77926879840264 0.346655402683465
-0.0610810092766807 0.010992615058777 0.0585045169256208 0.99258049127414
-0.0140781949453681 -0.058179674049119 -0.469490631263683 0.533262331534758
0.00309385794113697 -0.0443971260879027 0.0698742334212024 0.0565427824364102
-0.00140535934465565 -0.00842655601252156 0.313462193663048 -0.630395240247681
0.0041923596410974 0.00171317015412517 -0.481953295858477 -0.814732678121429
0.0152059029674761 -0.0367406285753931 -0.887022433842861 0.100437727436805
-0.0289273168842084 -0.0631172338913308 -0.214097357121197 0.670544675176893
-0.0533350788409317 -0.0142112015790948 0.303855858962756 0.35718578335351
-0.0230244195868666 0.0196609139779038 0.220755852115265 -0.0591312005267633
0.0138407407808546 0.0150115938519475 -0.0441999157858605 -0.233336920802845
-0.0125734886849262 0.00499533963746961 0.0842102281270992 0.177674205552103
-0.0261085006595766 -0.00374854673262966 -0.146477772352973 -0.046129986426246
-0.00215731817139709 -0.0329217763763742 -0.0882772755422792 -0.456158534145174
0.0426764111294814 -0.0326148968159409 0.481959937040661 -0.385803138060318
0.025876697712839 0.0517430779870964 0.746810502030015 0.416751508284193
-0.0544736166481531 0.014993087856527 -0.0269240668657479 1.00901342400875
-0.0214301391819904 -0.039233557022902 -0.498424237498018 0.5022792549454
-0.0100350437946909 -0.022756965629918 0.0823855421151027 0.0386520134329723
-0.000845392031513764 0.00964016362539357 0.27865420084366 -0.651665107755602
0.0167754388082804 0.00155718432015573 -0.541454988160075 -0.771869097350215
0.0186915093114103 -0.0399581293809898 -0.872347089913592 0.173483167267778
-0.0255220466967287 -0.0522780867071996 -0.161626603623074 0.67656427204711
-0.0421232548800124 -0.00108565422444678 0.324446574301287 0.328639741364707
-0.00965981251649282 0.0270338118808258 0.220055464708654 -0.0785753700735144
0.0192938715654886 0.0183996210320956 -0.040290065359195 -0.234788266883783
-0.00666131890686667 0.0105639193485571 0.0857504003599506 0.177539361508103
-0.0124722712176574 0.00767015609649995 -0.144731414252713 -0.0502829705080723
0.00765719777850597 -0.0136260835813298 -0.0813318459032689 -0.45859896051738
0.043344056524035 -0.0204791957491308 0.490830240974709 -0.377283661575154
0.0331260507617719 0.053760437513256 0.736285367774355 0.436544652178764
-0.0450796360800625 0.0241429368599925 -0.0603210171601292 1.01307875033898
-0.0340455548313472 -0.0145464836207795 -0.5066623232133 0.489533847793951
-0.0262272257690396 0.00290971579028345 0.0857806704407773 0.03165713802606
0.00299307481489707 0.0294031251683175 0.266587030957122 -0.659651479366495
0.030728346069168 0.00118531088824044 -0.562037178348827 -0.758274333439136
0.0236637163313272 -0.0409212257030816 -0.866918314366898 0.19104353244215
-0.0186841939540258 -0.0421500246108562 -0.143511675287471 0.672666550686243
-0.0273518916982328 0.0097172967519048 0.329267158555871 0.316575864147903
0.00467190450726061 0.0325665531992573 0.218133230145472 -0.0861173872002904
0.026646606953445 0.0226915669137313 -0.0376302508844407 -0.235507399540526
0.00022630510112529 0.0153316322306114 0.0825045171834622 0.178998497917288
0.000407934190445178 0.0193933103159596 -0.146724439063325 -0.0431458883607857
0.0159594666534884 0.00442855014991061 -0.0950518981825279 -0.457642689703813
0.0436547325015898 -0.0109563394774576 0.475767044026958 -0.395363491637582
0.0421211707332229 0.0530624881944982 0.747364940720784 0.407775668435475
-0.0336893745378578 0.0357778443853648 -0.027739821851616 1.00772174275143
-0.045327123870053 0.0117501902870862 -0.496059486037968 0.497044543683849
-0.0422318533563444 0.0275735151300164 0.0810163130083699 0.0354821907677799
0.00521810024434995 0.0491997956848675 0.28153404093807 -0.653850146838288
0.0435568737135947 0.00471927051110945 -0.537011253828751 -0.780000621760867
0.0309937072032065 -0.0412154812222442 -0.875109858864202 0.154852792271271
-0.0120600228578602 -0.0339110467799579 -0.162655084813231 0.667873426160141
-0.0147476318425779 0.019184890872764 0.320721109233361 0.323669319279844
0.0187914937786629 0.0385804686925904 0.217548970300258 -0.0807364268586942
0.0332831600515451 0.0260623528506671 -0.0389891449515448 -0.234788031800921
0.00680021327109913 0.0186613850413267 0.0760402413607357 0.18353968105549
0.0128773371209571 0.0282925376359425 -0.153416526870846 -0.0254837074019781
0.0237683948297357 0.0177238039142999 -0.126064895450613 -0.445367166934588
0.0438767286033767 -0.00325331760827198 0.442939705692432 -0.433681935222672
0.0520575545231688 0.0507028051689695 0.776519670946168 0.327500063005162
-0.0200518418095523 0.0473448648855573 0.0603638011214157 0.991477372219225
-0.0513911481434462 0.0362980769862932 -0.463119992909778 0.522599153202652
-0.0562864824659343 0.0484380318093067 0.0675761497055965 0.0496276906380592
0.00353545641515973 0.0671478929710064 0.318321538765759 -0.63298385265408
0.0535808919391513 0.0100222349311003 -0.475577190954332 -0.833274670009949
0.0386934352216697 -0.0387279262588991 -0.888941757344965 0.0759938905767504
-0.00539109721882571 -0.0262301512573723 -0.214788614784279 0.653244807954483
-0.0047438824830306 0.0263387999777651 0.300654351639941 0.346622642935638
0.0295802476967988 0.0421444139164602 0.216539708204052 -0.0626123365772805
0.0398260653536884 0.0279817510033356 -0.0425437055588588 -0.230947539058174
0.0113593618253071 0.0191956479979369 0.0665187736707389 0.189431316138071
0.0216891834064435 0.0311034116338264 -0.162001949415377 0.000312812577353279
0.0299634682550821 0.0230199287396063 -0.168740750817743 -0.422968126386961
0.0444596331700187 -0.000590526928617741 0.387666578196428 -0.48314720684713
0.0590281431211477 0.045395929681257 0.811619515227328 0.21149902625989
-0.00631927639160958 0.0528506999200496 0.183643998448183 0.951219258012632
-0.0488050886591642 0.0546771970417821 -0.415157390836352 0.563074626240434
-0.0655406649728048 0.0615731702994579 0.0490664543190757 0.0723822383156983
-0.00161444098583103 0.0804765181483895 0.370874117757004 -0.597810543903043
0.0588714997535489 0.0188153666667075 -0.369438524689666 -0.899758659080643
0.046292329243327 -0.0335513801235271 -0.901275527958607 -0.048367709206703
-0.000726356424299426 -0.0222207805788765 -0.288960354629832 0.627936307593756
-0.000608995831345598 0.0296842943416743 0.267737837560361 0.381790602728524
0.0367986011335041 0.0455971820330702 0.215924392999612 -0.0334918474681294
0.0435573623575261 0.0298388557468936 -0.0499521211744841 -0.225314941557153
-0.0179125438195443 -0.00501527445870113 0.0632624704708545 0.188408239557837
-0.0472957919375076 -0.0182904787281004 -0.167211206164862 0.0260004594663739
-0.0305158070665761 -0.0609143282535778 -0.203346413275818 -0.392007708188092
0.0236440893464831 -0.0568806513051 0.319653906599118 -0.510647845389543
0.0224524955810787 0.0406728942475718 0.82133272835267 0.0843242072379567
-0.0609409743545892 0.0217272786892068 0.330868077138898 0.879720450463105
-0.0157503047677162 -0.0708742498867621 -0.343846738732441 0.617271052596096
0.0178875881107537 -0.0667037309672396 0.0325679296468172 0.108646586031107
0.00521670897730255 -0.0318027864518191 0.414158854490715 -0.546139000111301
-0.00961576691728373 -0.00120125582700957 -0.256645153747867 -0.928253286336157
0.0141519034291396 -0.0278975668864085 -0.887678613833418 -0.141812955926579
-0.0225159561383692 -0.0762362754192973 -0.364731694883375 0.608228449927099
-0.0614870490192408 -0.0404470340262884 0.233983490385078 0.426831840993782
-0.0348390888791861 0.0038477690049559 0.215379697783417 0.00243747914350435
0.00936285989948011 0.00877225867463729 -0.0590704065132336 -0.218185581838811
-0.0197480925689097 -0.0036012281603937 0.0726261325136086 0.181918036968725
-0.0453612639976367 -0.0172433894001 -0.159085380862124 -0.00503807086210853
-0.0231375804338411 -0.0590635771584157 -0.158769802517174 -0.42129146351612
0.0319188621920667 -0.0525882697611227 0.389300688999116 -0.466808863655024
0.020751822315313 0.0449577774700477 0.806802481669169 0.219205273776911
-0.0633990559800015 0.0146877550608066 0.196446810362159 0.943558282406453
-0.0125588683850413 -0.069862610823453 -0.407800328372373 0.574660249898276
0.0137715612692627 -0.0599857530517891 0.0530667832526484 0.0793220994632573
-0.000526409085852945 -0.0234571273336742 0.356011717416722 -0.594607967936843
-0.00461051996143307 0.000720922986348139 -0.389312579675938 -0.866818485184843
0.012888211568037 -0.0326362757114345 -0.891291581902151 0.00253428380275281
-0.0281677399368336 -0.0704037402025312 -0.276574303656618 0.645449435685805
-0.0599996611660384 -0.0275142755417545 0.276521183988686 0.385256395146069
-0.0310597387288283 0.0115895449678566 0.217493518572949 -0.0324428878817431
0.0101487156076239 0.0110937486773484 -0.0533076581488647 -0.224091586565482
-0.0171754296744208 0.00010376396174 0.0815610097899293 0.177627516359811
-0.037283604016696 -0.0127942467245394 -0.151908557104512 -0.0281670903989936
-0.0131197969061273 -0.04886135551429 -0.120692123697225 -0.441507663394311
0.0377775857151019 -0.0445544841291602 0.440140539434784 -0.422173312273321
0.0222633999341903 0.0480106160425964 0.775373647948313 0.331339978964832
-0.0604807319515267 0.012417004510511 0.0729775230886971 0.981705194453516
-0.0139188198828703 -0.0580092171838286 -0.456863809554006 0.533689906443871
0.00301487320915342 -0.044487332694123 0.0698820539856044 0.0538178974474392
-0.00129174354471543 -0.00876000890658436 0.302043479905994 -0.629736787329932
0.00447979340340979 0.00178688397265981 -0.487388283496985 -0.799956457563749
0.0141097077519666 -0.0366950659841642 -0.878299230609786 0.112978973934545
-0.030075998651934 -0.0620743969574094 -0.202157993128095 0.666107325443341
-0.0534235259653387 -0.0139162956706759 0.307769602833809 0.349468254781552
-0.0221970287452765 0.0187784412793758 0.217299268087949 -0.0616822495338831
0.0145884010777435 0.0143358681403898 -0.0479149655581854 -0.229356005428664
-0.0133786090851528 0.00506061704077993 0.0858098031604281 0.17445709943158
-0.0258355116077531 -0.00313809627147718 -0.146275578156639 -0.0432068892570058
-0.00284453291287052 -0.0327951305690707 -0.0939341760075901 -0.450169584823915
0.0419350244389491 -0.033142945787623 0.470310399030131 -0.390417823493202
0.0265722907076277 0.0504632701686065 0.742663493576892 0.400830571502755
-0.0533726175428303 0.0160149513170623 -0.0132267543483196 1.00118501552486
-0.0217899280394027 -0.038802512448209 -0.486428224379477 0.503525522323733
-0.0103939670370127 -0.0222677380920933 0.0811780409286651 0.0374640250259378
-0.000657541121389296 0.0100148029309615 0.267171404994868 -0.648073628070732
0.0161650482293613 0.00149263484598877 -0.546284459195525 -0.755503104132375
0.01743267475051 -0.0398478530079258 -0.861241300440047 0.184480694143829
-0.0265484710690563 -0.0517701411387457 -0.150434796831142 0.671881802750554
-0.0416880327685622 -7.12396339487536E-05 0.324722523149459 0.320164371164507
-0.00915497452702563 0.026515577137009 0.216271935004252 -0.0811421880410578
0.0202445779072211 0.0173460356018363 -0.0420036663463492 -0.231791560209446
-0.00599565439042298 0.0103827843417198 0.0880942570722947 0.173744685319582
-0.012077537534145 0.00863648301285107 -0.1434788822434 -0.0480573705376989
0.00613767009405741 -0.0134731538322889 -0.0891111290767602 -0.454471140563058
0.0425472817930374 -0.020700537443531 0.478069670700995 -0.380547553486037
0.0338352281898171 0.0516506516200919 0.733084651015897 0.42311763437497
-0.0452384517852087 0.025614863591161 -0.0428229706056334 1.00438834496862
-0.0342684038825177 -0.0133993941829321 -0.496183762271003 0.49184919729283
-0.0255779400011834 0.00357064986170705 0.0845362978253294 0.0293376009106763
0.00320810338365994 0.0287461385235707 0.25621666692496 -0.655475729130115
0.0295317613309836 0.00118675825520565 -0.566219965931694 -0.741115446487871
0.022770960868153 -0.041023309483876 -0.854653146219791 0.201543851011514
-0.0202066495461501 -0.0405856683508636 -0.132612463833999 0.66842663940283
-0.0275118347709945 0.0102988206258666 0.332178910771367 0.308651884237176
0.0053243512440439 0.0328400541175832 0.21510180755653 -0.0892503526249655
0.0271899512953877 0.0207680526792067 -0.041234711022052 -0.233290398734424
0.00024968930674692 0.0158005559050663 0.0844338763637583 0.175101037148977
0.00121110295531156 0.0205992883597705 -0.14639326124473 -0.040559427117465
0.0153885668466625 0.0055660543512149 -0.101661280963542 -0.450743278172369
0.0427772027789776 -0.0114616740138581 0.466297611098767 -0.398588340133424
0.0428990687236978 0.0511761446725461 0.745110392348406 0.390648551061666
-0.0327246170990932 0.0366229021610735 -0.0108759421781266 0.998348241368713
-0.044855699641229 0.0128120101285407 -0.485172342165195 0.498813842447752
-0.0413080908017014 0.0279531154006624 0.0804141506436983 0.0335477409346077
0.00563408808181393 0.0489094631572029 0.26842455438236 -0.650770953551022
0.0429030833619735 0.00417322139062735 -0.540851521996461 -0.763465589761757
0.0302600466948609 -0.0412467385913047 -0.862937343704672 0.166905108336453
-0.0122714312897479 -0.0325257069741661 -0.150756099385127 0.662985408322856
-0.0135263900130368 0.0197082859270039 0.323920917753852 0.315022845388845
0.0196183768144058 0.0371556271430466 0.214438381726403 -0.0828152902407323
0.0335825858879253 0.0242625567197185 -0.0418271378274693 -0.231563689588127
0.00623551749182786 0.018295912258008 0.0773391906447727 0.17964342421972
0.0134206617610144 0.0273552179633838 -0.151468664571467 -0.0233009833975025
0.0239180199974637 0.0177342336753718 -0.132705240474637 -0.438336731469173
0.0425086637949642 -0.00353204079268493 0.430976110881382 -0.43661849392546
0.0529099012309064 0.04897766167154 0.77222217533755 0.311851023875686
-0.019247705206083 0.0463303949310553 0.0742323094145672 0.981383574594951
-0.0503915838208735 0.0373392885959698 -0.452962423766119 0.524133649834154
-0.0545373593791874 0.0486749785884581 0.0676582382166788 0.0480199816858726
0.00426814426252791 0.0670646215496289 0.306079004766025 -0.631800614807615
0.0537191657846132 0.00960694611869102 -0.480548213398952 -0.816092872176247
0.0388737765253362 -0.039097213777521 -0.87950533849825 0.0858456874818185
-0.00525095473701326 -0.0258945620706279 -0.201631423348449 0.65044693598705
-0.00411809427302588 0.0257546694162781 0.302395347837439 0.338827036982631
0.0304384248504207 0.0405071570615173 0.214449694406006 -0.0649752388552288
0.0389276212161123 0.0262538935235466 -0.0458718440187768 -0.228094702732332
0.0106896467686849 0.0191020940421691 0.0688727977717478 0.184953231352222
0.0221119494645254 0.030303273809391 -0.160080925312872 0.00225238639766242
0.0300953356513284 0.0225600995452055 -0.173504874582493 -0.41680943566547
0.0435370260768454 -0.0012352959437764 0.37502380403865 -0.484556165966905
0.0602049796535316 0.0437528470579158 0.80386798450929 0.197896032993592
-0.00547307534121087 0.0533335722080368 0.196337029820141 0.942469906072528
-0.0477182591357949 0.0538083960261822 -0.401607289058398 0.562224822496666
-0.0636988530969571 0.0616743221204485 0.0486139579855106 0.0704215442786506
-0.000561477361969605 0.0791048612739358 0.358421957097888 -0.59544658932004
0.0587742208289433 0.0180194924331488 -0.377359551814317 -0.885845738461834
0.0452555894595858 -0.0345183072724346 -0.892318020172667 -0.0355857698628183
-0.000559987418685785 -0.0207015560703214 -0.27488763836855 0.624979759845652
0.000470485273139032 0.0292292396722527 0.271032547501589 0.373333029661414
0.0369957725189282 0.0428064679132501 0.21254896708274 -0.036914031523051
0.0437203371635872 0.0281147388857596 -0.0529327972911681 -0.221645772036286
-0.0188404916368457 -0.00513517388292178 0.0647293157775668 0.184993157120933
-0.0455653082294805 -0.0170894032927902 -0.164295235212625 0.0277308124388163
-0.0316531406712553 -0.0598859504151093 -0.207011486166063 -0.385004068451443
0.02161714524709 -0.0579357943370781 0.308960675342721 -0.510108372210442
0.0235669980770691 0.0392634932598496 0.811765750407689 0.0748006793565833
-0.0607986227308003 0.0216397622431205 0.336119904790602 0.866955176578421
-0.0166918151348221 -0.0697726007311709 -0.332959974047474 0.613823445402091
0.0170006342161273 -0.0665759673647856 0.0323844344200492 0.105449387166444
0.00503060665951851 -0.0314576714886573 0.402707550136564 -0.545402794533734
-0.0105495329363141 -0.000469795689531864 -0.262884806858377 -0.912566656089919
0.0129266654641304 -0.0274829405241446 -0.878327343174818 -0.129124070457879
-0.023534193074411 -0.0745275813899612 -0.35413299648025 0.605098807930208
-0.0605921989250888 -0.0383414199321671 0.236698045525605 0.41804477322832
-0.0340671385855012 0.00430127585879862 0.213045802695833 0.000567330649723343
0.00944300330493198 0.00804037226852486 -0.0607814810866127 -0.214013655069684
-0.0194260458768354 -0.00260031080893683 0.0746349082638422 0.178192453602341
-0.0452861421284582 -0.0167401196146548 -0.158378136076869 -0.00344418343843388
-0.0246214682585968 -0.0579001151835324 -0.16345897510396 -0.41523153908846
0.0297915975237604 -0.053049420820689 0.378436532629128 -0.466971354165837
0.0227518034804198 0.0435070905020094 0.79714252030779 0.208450097327929
-0.0626971786615289 0.0164247724199745 0.205397265500959 0.930905786009276
-0.0132778625472491 -0.0684661879774808 -0.397341125021194 0.571550654830214
0.0127358796642517 -0.0587381925986941 0.0531720335247185 0.076740837558902
-0.000525561408231616 -0.0235008648499043 0.344068629650066 -0.589823661508219
-0.00488599103010493 0.000917189716608077 -0.393427380871488 -0.850005715627218
0.011966221997031 -0.0326169366822989 -0.8795047757348 0.0114446298506602
-0.0291099871891487 -0.0699767759304647 -0.266623092883159 0.641518019165192
-0.0597553096593499 -0.0269559242169064 0.278337163297873 0.379733912018465
-0.0301146335054865 0.0110806530023601 0.215318965349246 -0.0341854681452649
0.0111441050566961 0.00966313031709411 -0.0549766956361479 -0.221243315229174
-0.0178976280497944 0.00079472275990589 0.0834939263767008 0.174061877355831
-0.0368890987725517 -0.0115044468510275 -0.150549199904146 -0.0262239919713235
-0.0139598144489598 -0.0480304958423854 -0.124337822585241 -0.433999433021757
0.0356017938786588 -0.0444915789255809 0.43036147803313 -0.423166547717191
0.0238150228669348 0.0461069812063047 0.769856067595952 0.316762760424122
-0.0599912039932075 0.0128858325551783 0.083267629587896 0.969666045126437
-0.014937333886527 -0.0572036725888837 -0.445580467382502 0.532526780464616
0.00253984210951349 -0.0434492322746095 0.0695663686369252 0.0520320806547627
-0.00226580362188044 -0.00942036750823522 0.292865728696706 -0.623075154491822
0.00379209866575449 0.0019030637180018 -0.489501746005591 -0.786223238750087
0.013234581281212 -0.0371676767447939 -0.866890007907927 0.121967778537651
-0.0303739621400928 -0.0612232630304823 -0.189945411490248 0.660447147299467
-0.0527629275514067 -0.0136240108581003 0.30882931029352 0.340291779037275
-0.0209649591604266 0.0186016733092899 0.21422644479294 -0.0633589487039443
0.0149099493148464 0.0129937291521071 -0.0496400683502028 -0.225906878682558
-0.0138073313527819 0.00528049822638836 0.0879334230835917 0.170311518467653
-0.0253365193482096 -0.00253373062959762 -0.144565779705798 -0.0414363026142772
-0.00353316806359452 -0.0312523819989556 -0.0994308432782794 -0.442996124858116
0.0403702427472551 -0.0333981877565879 0.460862597275586 -0.390852160876009
0.0276967802397531 0.0498226263993063 0.739220131304874 0.387169900113519
-0.0535103237314679 0.016940259589758 -0.000363211628570525 0.988820596695132
-0.0221216299032735 -0.0383709552044506 -0.476077503733309 0.502642494672826
-0.00995519537507319 -0.0220528489120248 0.0809891377284162 0.0345057544529172
-0.000357447031082148 0.00854939544045176 0.257460310640076 -0.641612097554367
0.0159617265307658 0.00168253726611685 -0.548942064722357 -0.740575844156523
0.0170226078629336 -0.039680223139859 -0.848937216971107 0.192870731062809
-0.0270176601169899 -0.0511862896585839 -0.139825464095209 0.666458744612296
-0.041629525733523 1.79511738110849E-06 0.328239087998432 0.312681708264076
-0.00787445978792262 0.0261134023110527 0.21358006338275 -0.0828141243632017
0.0205307965553176 0.0161870304601583 -0.0447746550482265 -0.228539020978006
-0.00691443724955188 0.0113794576090623 0.0887923991401476 0.169671813428643
-0.0111275178258649 0.00899179075052658 -0.142481738705149 -0.0461034410755017
0.00602387715521031 -0.0124095219784334 -0.0943263482026146 -0.448510183381835
0.0409770051872609 -0.0213659402361249 0.468067679927342 -0.383395376123651
0.0353855131860065 0.0500911029175135 0.729482817214438 0.409501921446854
-0.0436983618163883 0.025139268825577 -0.0311417841418811 0.995768507806754
-0.0345694473068336 -0.0130623290146402 -0.486430877590369 0.491312668019032
-0.0261010622777234 0.00298994782665736 0.0840372837032343 0.0283569951064421
0.00321948266186945 0.0280763568011431 0.245014913702291 -0.651725880537081
0.0294291783521372 0.000657801350723807 -0.566794999174184 -0.727928959264449
0.0222834083500259 -0.0406481141318306 -0.841625168319887 0.207200540859183
-0.0205557506570814 -0.0409637686933217 -0.1221595463854 0.663668958965328
-0.0270915783944893 0.0105882493754176 0.331222477302466 0.299887573017699
0.00683659196931628 0.0317607525905698 0.212032035898429 -0.0910422192658363
0.0269334646484145 0.0196668060833665 -0.0431866035274505 -0.22864391849163
-0.000567737562966967 0.0151896526111717 0.0857243395880319 0.171547415980816
0.00153409809957969 0.0198712616085746 -0.144416225967893 -0.0393005053275531
0.0159525220655015 0.00508760144858708 -0.106902912667514 -0.444333163581926
0.041627516069128 -0.0111575385216888 0.454708671439761 -0.400765248191545
0.0434652977867171 0.0492410260873522 0.73951544591928 0.377726076814189
-0.0328560316869161 0.0371226776621429 0.000288591543366094 0.989313983313916
-0.0444594211971663 0.0136739921846621 -0.47548269780437 0.498048749240982
-0.0400016175968818 0.0278761966059622 0.079277350248149 0.032216653841666
0.00575680246547113 0.0475424697517847 0.258812081402517 -0.645139304659385
0.0425666721886245 0.00340247406153966 -0.544807519639898 -0.749763814123415
0.0289489568873656 -0.041068437109239 -0.851358087228897 0.175200020972418
-0.0122788073137044 -0.0323173511723293 -0.140082902292461 0.658070249864955
-0.0140936684513192 0.0197099194681098 0.323288145361603 0.305776373400872
0.0196248408764591 0.0359656749342145 0.211274804233789 -0.0846481856576925
0.0329204976706481 0.0223752141413828 -0.043953420278726 -0.228028800043645
0.00578859884331448 0.0187244054509957 0.0793004909479385 0.175698850320343
0.0140338424959626 0.0277405186311339 -0.15170512981649 -0.0229217258864803
0.0234959230759933 0.0176187117598199 -0.137217370495939 -0.432060018423078
0.0410423433051668 -0.00407251765472182 0.419788759882874 -0.437506104145229
0.0531471977554148 0.0465457103612771 0.767105795963151 0.30064888714278
-0.0187307641343154 0.0476841357672195 0.0860637430324516 0.970644835681873
-0.0499492923060789 0.0372526098551763 -0.441535868338909 0.522495550741371
-0.0528903125519056 0.0483259759254804 0.0668112959499742 0.046597027993561
0.00475483747219311 0.0654373431261211 0.296120045559661 -0.626311931269098
0.0516585029446191 0.00805113592249617 -0.483775442223589 -0.800786647967211
0.0370183291260943 -0.0381620219542815 -0.86803423812204 0.0951375985041861
-0.00535947118207292 -0.0255704126296132 -0.190392960057218 0.645081282432904
-0.00373639105315357 0.026012275416806 0.304518506483217 0.330031728440658
0.0307598206087618 0.0390349618437462 0.21047611843089 -0.0663520285553935
0.0387204376956053 0.024462608306318 -0.047836393670262 -0.224638044695217
0.00998632897660969 0.019529702668057 0.0706947459147289 0.181384644716391
0.022308300751831 0.0296631563089587 -0.157736273690148 0.0035188990541818
0.029954227542375 0.0225330570488433 -0.177925785105795 -0.409174245930103
0.0429657421233863 -0.00151396387510519 0.363896824344878 -0.483562211891818
0.0600119210595744 0.0429239957922988 0.796889664207992 0.186144851509746
-0.0050190131957252 0.0533970843661513 0.203876109449572 0.928164116383261
-0.0464158530244193 0.0542294405348186 -0.391341434044975 0.55955977603932
-0.0613684715926718 0.0609123624365629 0.04847754143954 0.0691540527812576
0.000141476530637272 0.0781536601793727 0.348923578146068 -0.591480377353538
0.0574244430216197 0.0170663351477477 -0.381714140795171 -0.871269541305318
0.0433939013166814 -0.0348343643832043 -0.882398310754027 -0.0253369620573082
-0.00158794773203207 -0.0211127368049291 -0.264564050108499 0.621918404355703
0.000547010688042887 0.0293528092554863 0.271900898578844 0.366491195330206
0.0371693728325676 0.0422245025345994 0.210517478119269 -0.0376874495946282
0.0427104070808121 0.0260417121140825 -0.0541547607467132 -0.217629182290888
-0.01934024796351 -0.00494758887307419 0.0647305522174452 0.181159840525736
-0.0462396859927726 -0.0158441072730827 -0.161761553807042 0.0289623402865326
-0.0317031650070026 -0.057548800195001 -0.208052631788219 -0.378005915042075
0.0198454609575052 -0.0565303572117391 0.299997320945397 -0.505927680459921
0.0246452907209918 0.0384069814258397 0.801969476764584 0.065493554062444
-0.0598047062030372 0.0222052968726137 0.340865899288506 0.851884533198396
-0.016826876995694 -0.0689425142701402 -0.323264875970406 0.608936428518879
0.0171970665554671 -0.0651875054200918 0.0331293265746887 0.102310339453367
0.00396707944596195 -0.0316035935300704 0.392429786715114 -0.53940356252276
-0.00951467680567557 -0.000736370542792311 -0.267977786168133 -0.899502179985801
0.0139894652074451 -0.0270668983872981 -0.869159160882009 -0.120677522752488
-0.0234249725568615 -0.0732237322414055 -0.343334210829449 0.601315710254706
-0.0603713078372468 -0.0381816520665374 0.238816969928995 0.409472527881148
-0.0323532734486315 0.00348165299738768 0.210264859758545 -0.0017394596104658
0.00973451983574115 0.00645960897345413 -0.0615247116366848 -0.210612930637368
-0.019266823076133 -0.00280850305727031 0.0749998040406099 0.174995305871541
-0.0436816422934773 -0.015524632947853 -0.154982273176556 -0.00113180926044167
-0.024948245523173 -0.0559375701656789 -0.168270330459948 -0.408340611519043
0.0284845614801495 -0.0532688369941399 0.368519764508897 -0.464178261611828
0.0232748343983162 0.0418252513394062 0.78877045065839 0.196374562152457
-0.0617901736064067 0.0157566735033997 0.211355143287829 0.918422478661133
-0.0147131332691258 -0.0675155953229188 -0.385495788029451 0.567570164201049
0.0122598891186077 -0.0584301404918903 0.0521249455342822 0.0747287114543186
-0.000697982590552215 -0.0234078954444428 0.334449424518941 -0.584410104622048
-0.00536088756481045 0.000794596772191927 -0.39595598642984 -0.835570199198877
0.0118076848759368 -0.0321281473346171 -0.867914477437639 0.019918272180861
-0.0287729506965294 -0.0682843475786805 -0.25557693659765 0.635185692012611
-0.0590832377596008 -0.0261955462354245 0.278969941920029 0.370922136618123
-0.0289446114508881 0.0106881611430988 0.212193324852366 -0.0362308454814955
0.0108214085806389 0.00918098092644969 -0.0564608219953882 -0.216988781356573
-0.0167916426629467 0.000943197909470762 0.0836578413623638 0.169001949712813
-0.036818214455409 -0.0104505845260675 -0.148298524985236 -0.0258920844790036
-0.0140085405119773 -0.0464721219745318 -0.129037107158952 -0.4266726170837
0.0350077087645269 -0.0448680665438963 0.41880143015547 -0.421773609866785
0.024621728872968 0.0454717747419506 0.760984134232693 0.306156743383373
-0.0589143158558823 0.0137028201101926 0.0931745459714128 0.957567868595059
-0.0159231424519701 -0.0564731145308039 -0.436297086404368 0.528788598599066
0.00256920164449466 -0.0431305295225067 0.0688145136433651 0.0504319987728165
-0.00270230255421108 -0.00842397163258577 0.282224455959859 -0.617409144565086
0.00390525814567921 0.00194944768139392 -0.491551960866002 -0.770569362870143
0.0121461022737194 -0.0361572126806571 -0.851215056648407 0.128982690636788
-0.0297667925277297 -0.060019116600325 -0.181242598055633 0.652102352643481
-0.0523648926525732 -0.0121342434716206 0.308584821632579 0.33251519065371
-0.0194206434392652 0.018696014876441 0.210660432217009 -0.0650307720676202
0.0146258988097919 0.0123242888564079 -0.0505845477644962 -0.222485586783793
-0.0131886035580463 0.00535099840495341 0.0870260399942184 0.166347713588286
-0.024826831504452 -0.00174857669396688 -0.143597676476539 -0.0398929025359222
-0.00414387921977773 -0.0305639447268552 -0.10398412284137 -0.436888063349292
0.0384519980194234 -0.0333668635891742 0.448811065379902 -0.390983061203455
0.0287609001811146 0.0476729468675945 0.732765101937256 0.377330294680605
-0.0529635340644679 0.0164795638957683 0.00949971239826466 0.979826463445802
-0.0230200239750506 -0.0373212216610994 -0.465302638119082 0.500008579169714
-0.0102418993752125 -0.0210389625216297 0.0804711979752447 0.0330575381348619
-0.000419389269327695 0.00829637596268819 0.247167767058813 -0.635544807663912
0.0154541520927592 0.00192999966497025 -0.547256793292952 -0.724828736832027
0.0160618723494154 -0.0391702386454992 -0.833991438994814 0.19682747016093
-0.0263999881304124 -0.0494449256011917 -0.131508180892548 0.658630253744158
-0.0401079424103913 0.00124666708407212 0.326198842016554 0.304494349889133
-0.00773968744285619 0.0249696246015902 0.209995452608422 -0.0833773827336743
0.0204553245952775 0.0144306236540633 -0.0466950639215235 -0.224773099118225
-0.00775154568673477 0.0104042555225448 0.0888467606638332 0.165760628126197
-0.01123392023029 0.00974060404058887 -0.141420401820748 -0.0446100068596831
0.00624605734900853 -0.0115293113716368 -0.0985364897046247 -0.440342776110775
0.0400238223193616 -0.0215803882727472 0.456069811247494 -0.384111384812369
0.0360746527917226 0.0486860475028064 0.72145091793244 0.397864070969383
-0.0441410863348114 0.0270722757653511 -0.0199835664284085 0.982578958029655
-0.0332686969144646 -0.011854265056328 -0.47568477299674 0.488186914575824
-0.0245021379945076 0.00328293024439194 0.0820597905624272 0.0255896613466752
0.00338767756719505 0.0273796668306889 0.233792245190502 -0.643672117858163
0.0287668981950031 0.00109777890454743 -0.566852188907457 -0.711297330490313
0.0214777668123746 -0.040219164256223 -0.82812477878639 0.212459175131106
-0.0204137624330842 -0.0397362062712357 -0.113791954219671 0.65554757018375
-0.0265733829076563 0.0111700571391488 0.330773163154533 0.292289563368645
0.00701081072917145 0.0306850750893843 0.20757000788707 -0.0915375821595683
0.0265478196477995 0.0183652400980317 -0.0447599118298857 -0.22510328490503
-0.000920599716028694 0.0157050193363576 0.0858049646541639 0.167437116313346
0.00191478727043597 0.0191344471699217 -0.14345304108953 -0.0376354688579339
0.0153270178140263 0.00586693804994761 -0.111271114806495 -0.437719054065412
0.0400170908546975 -0.0111893440661368 0.444512854680727 -0.399931884264297
0.0434820404736407 0.0474207836084727 0.733010042902455 0.366277120965489
-0.0319872312008564 0.0365238496604215 0.0125893760899685 0.978410989906291
-0.0438520263270243 0.0137272811855901 -0.46403098585263 0.493928021431721
-0.039151721566266 0.0280601900037242 0.0781749674030959 0.0305339571905296
0.00574688014290341 0.0469201960605124 0.250422957790097 -0.636802163202534
0.0416860076326809 0.00327692916624493 -0.543502762729203 -0.733645663467899
0.0288564472909771 -0.040611983420281 -0.837268394340474 0.18086010859617
-0.0125057467371308 -0.0315807645963364 -0.132243437556039 0.650149376982031
-0.0134882728900302 0.0180933979470537 0.323728261983227 0.299493502630401
0.0200178237291127 0.034467411858418 0.207536446781138 -0.0856338700149114
0.0332531213941879 0.0207139165443809 -0.0453329052649534 -0.224946471153548
0.00499934313945473 0.0187524493795388 0.0789858488829936 0.170662681247966
0.013676046030403 0.0270016008062915 -0.148219020239812 -0.0206818027001132
0.024046932072286 0.0169151545876846 -0.141536964582366 -0.424956939325336
0.0393532035955772 -0.00443782680189242 0.40873103522118 -0.436481695161651
0.052369320389659 0.0445830500383307 0.759667635932108 0.289355800823922
-0.018780238941124 0.0462395981095527 0.0936140321500687 0.958611969111127
-0.0488301999648832 0.0369150163528117 -0.431988552360748 0.519163650941253
-0.0521855091399934 0.0475911747716262 0.0654678799396208 0.0442741203970333
0.00476077718793872 0.0639809015884035 0.285966805366078 -0.619207510417675
0.0510972379270235 0.00893799118189513 -0.483530917909877 -0.786290989110539
0.0353308761181666 -0.0383336669088994 -0.852969815565417 0.102165305021714
-0.00523469292317072 -0.0247007960917751 -0.181715844707207 0.637856872646242
-0.00379460596859692 0.0256015891215663 0.304057300451315 0.323210466893136
0.0311217990198549 0.0375257234668629 0.20723406500915 -0.0674430357830047
0.0390186340972505 0.0233840670996464 -0.049423895955172 -0.220328930503746
0.00893137621443158 0.0190596430487298 0.0711649657407541 0.176743627677381
0.0224946572045806 0.0296334927128079 -0.156413768497859 0.0042066057674687
0.0295616936400395 0.0225574622528929 -0.181536082158151 -0.401799231500461
0.0406910307825743 -0.00164325569354177 0.354670080723484 -0.481928373731779
0.0601171016504584 0.0404119664576308 0.787870519868693 0.177470320596423
-0.00500452791520532 0.0531319025814905 0.212137884924085 0.916282151744585
-0.0459353810514497 0.0542170036438825 -0.381337735468171 0.555126076180053
-0.0600206011988723 0.0609359147189826 0.0491395465737755 0.0675694833685918
2.0770804975076E-05 0.0770028702100261 0.338955507300003 -0.587715915634239
0.0563282692144993 0.0161231168720449 -0.38492885911625 -0.855080633922875
0.0435047502379327 -0.0350310687106132 -0.871888966667709 -0.0169263724281496
-0.00203021255821421 -0.0210928957271068 -0.254475689266131 0.615716437375852
0.000592595024848902 0.0282323286116509 0.273213233925751 0.358396271870615
0.0370532519472568 0.0399139004903875 0.207728961847498 -0.0392716641501495
0.0423202382771596 0.0256521139765461 -0.0545070019388842 -0.214173762408013
-0.0157901277107805 -4.34193330628649E-05 0.0921908797217606 0.165089289893025
-0.0463577188981522 -0.00635914913460547 -0.157303585193086 0.0522805095227011
-0.045737666590398 -0.0507428745809506 -0.265105616341535 -0.344543628068445
0.00277001004173317 -0.0678682464980511 0.225698875728388 -0.548810613734668
0.03456666718578 0.0165166227599145 0.801489307869268 -0.0515610636296622
-0.0437306620002232 0.0244790059777279 0.455693454203063 0.798955414821001
-0.0202778197663864 -0.060850116644688 -0.24214005900548 0.648195443816086
0.0105164246836003 -0.0656732791314931 0.0464644187350475 0.0965465304498224
-0.00298167445802232 -0.0351459479248472 0.314726008639608 -0.593521384674897
-0.014527885917778 -0.0041794895634569 -0.404109032681816 -0.850095363655782
0.00299409461171869 -0.0240921434406869 -0.873665450446696 0.015520399549686
-0.0372810390266915 -0.0624552866561774 -0.245007752109864 0.64142709346586
-0.061143769820149 -0.0258284327031601 0.299512325017346 0.363869491279675
-0.0283977931772611 0.00884599468935041 0.204943531631454 -0.0357049571354884
0.00863345600033 0.00152414537249129 -0.0877782883352548 -0.196201547737991
-0.0165394881965445 0.00115800592241559 0.10012794035682 0.156467138110536
-0.045424984221661 -0.00597364220426534 -0.155021692322738 0.0215425568020037
-0.0389776752999635 -0.0496576474382529 -0.226574157287278 -0.380582270692697
0.0125490430599698 -0.0658806004097565 0.298652953662004 -0.517049473935885
0.0367137825665777 0.0220471402916451 0.808715032934382 0.0785920156278336
-0.0465085244708024 0.0203964671957037 0.337596264246487 0.882109370308834
-0.0182394563830827 -0.0595307158020814 -0.309685333556471 0.615299431452377
0.00607462814883474 -0.0582832631166961 0.0626171827613984 0.0653099739161324
-0.00802462768685227 -0.0268962610356945 0.249048653989018 -0.629737887913942
-0.0105354892693524 -0.00221234615754016 -0.521849377867419 -0.767603173788559
0.00175828139414904 -0.0279531609816688 -0.851780125638956 0.152536869483717
-0.0413889689445537 -0.0559166429899681 -0.153383076199238 0.661808890967251
-0.0586107149198909 -0.0148918672440632 0.333316222305811 0.319104257400435
-0.0231757894196019 0.0140577604797448 0.201736974463417 -0.0684266348107502
0.0103090797631775 0.00429619117349907 -0.0836184989980553 -0.204075109282158
-0.0138555171183376 0.0038895735728588 0.106202042942833 0.150812309205629
-0.0372640328242226 -0.00299408593987954 -0.151768959077717 -0.00282415955553445
-0.0274784040934509 -0.0433805532364047 -0.192745381145893 -0.403516683453059
0.0209916238153774 -0.0589681762669067 0.356383672817458 -0.480041277464943
0.0403354919062165 0.0258149260851291 0.79819096435395 0.192210107685318
-0.0430687063187327 0.0190057056321103 0.223625184826314 0.939582527237524
-0.0184935232267562 -0.0481259556556722 -0.367952958641743 0.586333738139154
-0.00108002747707649 -0.0414863668576989 0.0751165169679553 0.0389780976859965
-0.00820345478211116 -0.0122366613441164 0.191465876645757 -0.654644295318712
-0.00264492676109754 -0.00187814614356793 -0.604973307989701 -0.687067917196708
0.00267378984676491 -0.0318636419172706 -0.820846784446341 0.257163923022027
-0.0404327284969196 -0.0469150198142241 -0.0786489871037935 0.669448367333147
-0.0496670532323664 -0.00245819933152795 0.35561367205445 0.276024094402709
-0.0128913764982751 0.0203601594393722 0.19546676132865 -0.0961497237604213
0.013720699971229 0.00633275848982837 -0.0788704189297322 -0.209423399122552
-0.00918124232657069 0.00900988846526865 0.110592953181082 0.147232058828378
-0.0250227927162507 0.00336939024099282 -0.148119045593922 -0.0178058094155027
-0.0155955772448669 -0.0293095804071754 -0.168366298366069 -0.415691923249756
0.0269133850364091 -0.0489668398337604 0.390128168506873 -0.454327157316286
0.0458053670663744 0.0288520628068871 0.780158844716054 0.265728000759387
-0.0364157466047715 0.0226884574658908 0.144792427632602 0.969609174019623
-0.0224624833529236 -0.0276946814088053 -0.400409730466381 0.559694363479945
-0.011590543726241 -0.0197282443923687 0.0826540567674379 0.0207576521903557
-0.00349565641703294 0.00515242627360137 0.153403708634035 -0.669108040384254
0.00887208351036364 -0.00301633667506065 -0.654743228140834 -0.633323059504147
0.00601111644333996 -0.0344900434055696 -0.792742221730959 0.324169258122073
-0.0352109851755465 -0.0371464341249821 -0.0287715585670246 0.666409274932367
-0.0370524308358224 0.00853699967100377 0.3673766911605 0.247604537170765
-0.000260993850569454 0.0242470496782151 0.190818047451671 -0.114414169170409
0.0197924407136489 0.00889031492827886 -0.0754529329751116 -0.212820727292794
-0.00310132666294984 0.0131231716724216 0.112179734821569 0.146959035728617
-0.0103966290285087 0.0133473133945414 -0.1471378265415 -0.0218482367844589
-0.00424094617510053 -0.0132919769815971 -0.163240490285443 -0.418336824571215
0.0297926568744545 -0.0383291730451502 0.398386918956278 -0.446098580647685
0.0528789387463506 0.0293951858643805 0.772990840137037 0.286833350045105
-0.0260712335550487 0.0308493600525752 0.11869685331034 0.981114003452624
-0.0308008888639795 -0.00324458632508402 -0.412688720626103 0.549315466943588
-0.0230775227685525 0.00571861378834625 0.0844826253553015 0.0138302045840675
0.00179411260503521 0.0241626725270893 0.141745189848854 -0.673099091649575
0.0217350384153252 -0.00446520399640879 -0.670047073077487 -0.615263155780699
0.0120939451732292 -0.0364915965339347 -0.784606498769744 0.338307869993338
-0.0272727925842587 -0.0284094642166133 -0.0124662587048539 0.660582158195695
-0.0218936050871685 0.0165340000430646 0.370406907622744 0.235600336684449
0.0143333183138804 0.0275493913373558 0.187522856125468 -0.122254585187098
0.0260495437505252 0.0111237742252341 -0.072876748936907 -0.213898926720837
0.0037760823697242 0.0162300681986001 0.109931130278946 0.14874830847898
0.00345613232833514 0.0207652225156914 -0.148143677600447 -0.0142543128295057
0.007202947071665 0.00252205457481074 -0.174236790546382 -0.411821808918296
0.0310314226933431 -0.0289037302419738 0.381773890972777 -0.459979132373145
0.0604749443511246 0.0264381628574172 0.780596395821541 0.256564917580312
-0.0140754910298946 0.0400795575343317 0.148361988708527 0.968273002991357
-0.0372340884590697 0.0237277508630721 -0.400961293314372 0.556983524627809
-0.0345453070001586 0.0308094376594933 0.0796230920621307 0.0189778103542415
0.00727017219288641 0.0424912937575896 0.15400628100477 -0.668924307256262
0.0340517313875634 -0.00493809630253724 -0.652983686645267 -0.640280255636919
0.0191715683151968 -0.0364935872600879 -0.796911247441445 0.306599865326544
-0.0192340004479015 -0.0210480607027118 -0.0313322933366371 0.657110591340889
-0.00839535344801421 0.0232392145297425 0.362905086264932 0.243701087046031
0.0275053164972408 0.0300255534709449 0.18837075972924 -0.115569173345468
0.0326275604389355 0.0135847590141804 -0.0738550637909008 -0.212712819234312
0.0096654971143245 0.0191168566119833 0.104142543900059 0.154352090340909
0.0148730860768086 0.0261260311077188 -0.150147410451355 0.00360319193670693
0.0166181017833844 0.013121328104107 -0.202513967526674 -0.39416897173052
0.0310497890671207 -0.0221342121676042 0.341629202524458 -0.490161557748034
0.0677128360838501 0.0213491890673925 0.794739921818278 0.175456566368424
-0.000336157394691748 0.0470656291696692 0.228342967684109 0.940660587334627
-0.0379982160723139 0.0470529523904898 -0.365454375735013 0.57763838329462
-0.0448393449350425 0.0523031075645482 0.0701743870037409 0.0335277307481543
0.00890706947736043 0.0593819782405874 0.194118560041269 -0.657078337569928
0.0446705266515245 -0.000680085874993987 -0.599852090989247 -0.702986626138909
0.0257846380278963 -0.0360147438581234 -0.825318237989083 0.232174924509487
-0.0121167388947097 -0.0155473440351929 -0.0821836795659731 0.654171133532859
0.00134665472358256 0.0283142169444669 0.34820356118713 0.269821091498054
0.0374881068601887 0.0319881626395621 0.190689627392594 -0.0971871911172585
0.0376554055423323 0.0152958246001072 -0.0769873938829317 -0.207802507974886
0.0138643735743019 0.0197205382013034 0.0965560932115046 0.160960491014505
0.0245857732084677 0.0281789780887217 -0.151654857529471 0.0307396371783263
0.023786048233501 0.0179491636439669 -0.237628241289507 -0.36646269283431
0.0306283584745863 -0.0180217452135873 0.281561073524984 -0.526231024773571
0.071015532531048 0.0156413249565827 0.807954657571029 0.060630936828759
0.0138403796784672 0.0496242538188527 0.339322528637605 0.881262443857005
-0.0324870615768256 0.0621244609638473 -0.31236134086349 0.607902467243968
-0.0512720132381704 0.0651547574935264 0.055477819860779 0.0594503723792586
0.0053866143699703 0.0718596358091614 0.252018239253519 -0.632716940973265
0.0513713629747505 0.00592231130505138 -0.512531736788181 -0.787013051949113
0.0321237434117684 -0.0338180255187266 -0.858853132551092 0.117666130893129
-0.00798827544166785 -0.012775568387396 -0.159352256325856 0.642029628091686
0.00540329706697098 0.0315969198805851 0.322768629398031 0.308895464731317
0.0449994966453242 0.0335885564921857 0.194905175711354 -0.0707655974881068
0.0419067980957571 0.0162624174162819 -0.0814597468874105 -0.201093552119769
-0.0157468548517889 0.000521427024848557 0.09084691236832 0.160677095774355
-0.0463815161779767 -0.00608615641332762 -0.154799547275699 0.0519288873413514
-0.0465607061424394 -0.0484824466796644 -0.262737261421349 -0.338551475309688
0.00126586237017632 -0.067746236402287 0.220216407018676 -0.541898212731995
0.034565644995989 0.0160983927603784 0.790388202780207 -0.0557865958486642
-0.0442146364217273 0.0251154191273474 0.452664432154953 0.787135525320533
-0.0210345461279888 -0.0600937605574636 -0.236897850702376 0.640064034446567
0.0102381077769169 -0.0643752387851919 0.0463881107375356 0.0947502580006031
-0.00339304076340103 -0.0354537501226015 0.306158275937054 -0.584060685164495
-0.0149534629619549 -0.00367548760886986 -0.400747447023324 -0.837303585638377
0.00261982181013439 -0.0240861740124351 -0.861069175654053 0.0172243151219891
-0.0371424711624335 -0.0611587699194991 -0.238350108459864 0.632630678835404
-0.0604709060730209 -0.0250981621218619 0.297238877868268 0.358212052440352
-0.0275768738962533 0.00883730570352584 0.202216487798864 -0.0355210786597776
0.00874662595340551 0.00138949165101754 -0.0878007366976513 -0.192874071229055
-0.0161592221371196 0.00153929174446062 0.099128480893472 0.153122976867775
-0.0437472934254724 -0.00586400704826486 -0.152744268806445 0.0218724469009067
-0.0391724575431076 -0.0485233484592138 -0.226190638384919 -0.37270751530936
0.0110960862687301 -0.065109916623888 0.292611287740806 -0.510668103169562
0.0370027373943843 0.0208214875000282 0.797663717196036 0.0744869058596556
-0.0461827256290463 0.0208665605795762 0.334862774115489 0.871160438015412
-0.018428140326179 -0.0587878944625582 -0.304978890459196 0.608948886877261
0.00597819382961594 -0.0576272123851155 0.0612895425526992 0.0642598526150239
-0.00760739002158239 -0.0267025745744595 0.242685348971951 -0.620752478416453
-0.0115454227349461 -0.00136186190837507 -0.515785942412134 -0.752757496917605
0.0016351320372816 -0.0280195252310257 -0.839693430380572 0.154401045683743
-0.0410716352989423 -0.0548101701034635 -0.149560877138493 0.653745288937249
-0.0579182892926391 -0.0139874444110552 0.330106224926784 0.313198632531078
-0.02183487572964 0.0134644887322647 0.197696156387973 -0.0686340655039395
0.0102360301855645 0.00334794552858745 -0.0825959502525389 -0.200443517807726
-0.0136049856208126 0.00441142614665443 0.105841394361114 0.14735712892173
-0.0364348907467222 -0.00259052585822142 -0.150107873359442 -0.00221381209823345
-0.0271864249526489 -0.0421749311464616 -0.192337076131197 -0.397559426740252
0.0193381841110579 -0.0583230164587949 0.348463846514334 -0.47660622426162
0.0403934986002837 0.024749326448328 0.787199936727587 0.186574613817391
-0.0429193748824157 0.019174075797789 0.226686311919422 0.925691426140983
-0.0184821807017421 -0.0470957382960822 -0.359867328270547 0.577069889005868
-0.00081290639202707 -0.0422641405239165 0.073583188876433 0.0373060302229076
-0.00778309899119516 -0.0108268369717924 0.186665735591338 -0.645168289050597
-0.00275545246616244 -0.000674942198193463 -0.597883067421525 -0.676611281406882
0.00345861351145778 -0.0308857527876628 -0.808483903635177 0.258377075590691
-0.0402038303282245 -0.0465016345195591 -0.0759012005551912 0.660767504117561
-0.0492063308740358 -0.00265068721000647 0.353112039636639 0.271084258452106
-0.0126105356013936 0.0190864337093444 0.192534134564021 -0.0967454358267918
0.0140173952024382 0.00595370751268576 -0.0785142798352588 -0.206125074605798
-0.00880756945266239 0.0086355105924051 0.110337454956799 0.143534786354997
-0.0251988438165338 0.00345846846233604 -0.146323208186915 -0.0177547382910793
-0.0157948761777152 -0.0289006001689075 -0.169538255725427 -0.40971008876362
0.0258868531771156 -0.0478142173538178 0.380949810570961 -0.451217690217984
0.0448712648668901 0.0274367392317111 0.770804682318314 0.259334514211558
-0.0360458627012828 0.023000332832254 0.147460264175363 0.958103644414558
-0.0226469833160782 -0.0276525420211053 -0.394339519467412 0.553196960598967
-0.0117138938375907 -0.0201218002638653 0.0812409893648515 0.0198243788766299
-0.00392071789063939 0.004013794553891 0.150355600136716 -0.657733535129
0.00887709613940295 -0.00302638748041142 -0.647076831182747 -0.621925847956077
0.00588314647470421 -0.0340241774370717 -0.778943838647802 0.321256540961513
-0.0355063235801633 -0.0363741691550738 -0.0253614369110254 0.657389818435505
-0.0362680430919571 0.00821468960331417 0.364005850555351 0.241645069285816
0.000677535780087952 0.0237386351707495 0.188206399800316 -0.114548490772247
0.0195288747685559 0.00846373499159431 -0.0744981342156533 -0.209839613360212
-0.00349550343029085 0.0131957975595722 0.111156534673293 0.141897603100437
-0.0103250135241231 0.0129617149526958 -0.144989588484896 -0.0209879571273306
-0.0041766807689053 -0.0128002674113301 -0.164295284773862 -0.411719165171533
0.0284029403295522 -0.0374610962721733 0.389443724920046 -0.441460993705504
0.0523667512160939 0.0278455203621111 0.764880279936569 0.280481991487573
-0.0256895637014436 0.0305607237469529 0.120025548517732 0.96789973231822
-0.0309651382736132 -0.00200805867130638 -0.40562492622271 0.544310502733227
-0.0224097937840427 0.00569650341354487 0.0832987716788432 0.0124915455143874
0.00170683600579353 0.0226988052304311 0.13686716679515 -0.663304300217523
0.0207983657466604 -0.004555265141982 -0.662278471214193 -0.6059468526365
0.0107054671699795 -0.0356720564417433 -0.769396683702261 0.33804471680359
-0.0261262187938557 -0.028274947522789 -0.0105471627626118 0.650803447663712
-0.0220992896111428 0.016469165778117 0.366860731870239 0.230396234846242
0.0144256805954243 0.0268559834492414 0.184626740592251 -0.120775867527622
0.0256436379745088 0.0107252312371602 -0.073824469058276 -0.211182526320033
0.0036672002616862 0.0171246462822954 0.108102608868875 0.145448820419207
0.00356376285766255 0.0206708761267912 -0.145643099502723 -0.0141378661773533
0.00695604251793053 0.00297566990175127 -0.176008358551319 -0.404003687366247
0.0299263716764753 -0.0270568132428303 0.374598089378878 -0.455557898123701
0.0594201909626812 0.0254478336607192 0.770026078511155 0.249405641712605
-0.0127592688753788 0.039796122369459 0.15207696283275 0.956713559910959
-0.0372489325787949 0.0236190136365303 -0.3942672675298 0.54991944688907
-0.033658485192281 0.0300860188626254 0.0783051896665144 0.0176175033937583
0.0068931802732014 0.0406874071495 0.150188618577116 -0.660224307529311
0.0341490152816464 -0.00405212684352062 -0.645346372133549 -0.631928654216926
0.0174913830541073 -0.0371032861662223 -0.785259074706952 0.305486501097876
-0.0185586780768459 -0.0211541133531656 -0.028024488268133 0.647918106432131
-0.00857836940905987 0.023124193687254 0.35972297081183 0.238978020129669
0.0272143395037803 0.0282646370714334 0.184861113384995 -0.113403931762379
0.0322973849873118 0.0119881497869277 -0.0737665250226218 -0.208493444117765
0.00858914030574964 0.0195332554021789 0.103048283509325 0.150393868055533
0.0158696681776034 0.0263743976403983 -0.147347854710083 0.00403406101671455
0.0165153451955414 0.0135594470020028 -0.201752513911616 -0.388136157399004
0.0304946816706803 -0.0202656855572398 0.334378906747019 -0.4836009140366
0.0663317806695058 0.0205526246075149 0.784993081712989 0.170769388432918
-4.59181231516892E-05 0.0466261326189809 0.230071708217171 0.927274179365478
-0.0375056564961962 0.0461099068702693 -0.358895100232973 0.570688567004378
-0.0440049609405632 0.0518957267988183 0.0685780379902506 0.0330112346637282
0.00827692047323663 0.0577434300059829 0.188977226376201 -0.647696158508589
0.0441879263025814 -0.000969690827452494 -0.594351664956961 -0.69114301407004
0.0241828653753809 -0.0359652802739046 -0.815029228675053 0.234281619145524
-0.011981674845336 -0.0153305779609778 -0.0779868915643109 0.645360850324727
0.00112994939911337 0.0279664160664561 0.345514845993751 0.264762031785139
0.038038999305308 0.0309323951259417 0.187922833790862 -0.0974510470199452
0.0371340903311895 0.0137925091916842 -0.0766118587970238 -0.204875730302421
0.0138090558160482 0.020020026077591 0.0959684246676054 0.157954610837066
0.0248758195453719 0.0278814149564418 -0.14996157370667 0.0310078368538414
0.0229720259636155 0.0188252579384667 -0.236860554077984 -0.358911934964425
0.0290543564906798 -0.0179553908104183 0.273676396590863 -0.520855500989415
0.0702979349282093 0.0143515377293019 0.794023202068223 0.0554893971821927
0.0129756934377652 0.0495308267629596 0.340953370425569 0.867184388227022
-0.0322122158656114 0.0618259810948899 -0.306590290816892 0.602218858168511
-0.0499832737154795 0.0641939724226818 0.0539805514475368 0.0571382302831791
0.00485258117236108 0.0701495943082807 0.246529393805089 -0.62370031650839
0.0505089178781156 0.00651337390773881 -0.508964597505004 -0.772144067054678
0.0309288926670796 -0.0334174062662835 -0.84677341366123 0.11899879220075
-0.00792665595719673 -0.0124013766022208 -0.152107950999373 0.636063930551081
0.00545484025136523 0.0305171022924341 0.319499847078384 0.304064092226908
0.0443958551533886 0.0326304043062931 0.191276712166857 -0.0698492549118771
0.0404558623800858 0.0163451884482112 -0.080598527443292 -0.197492847977921
-0.017001313141954 4.05863269251159E-06 0.0899924941700349 0.158755458141259
-0.044838661092894 -0.0048370856667481 -0.152082296093532 0.0509329974019003
-0.0458591051412136 -0.0467647163400678 -0.261254062998951 -0.33299651525951
0.00119983011003835 -0.0658219936570725 0.213984787234058 -0.536779823476718
0.0346452227164051 0.0144485743865217 0.780088595915825 -0.0554165115103359
-0.0433264689259052 0.02472630691904 0.449790624123288 0.778337076480694
-0.0212178677856014 -0.060611422868542 -0.234351053794592 0.630389446086459
0.00986554857755567 -0.0641015326838677 0.0457734531627289 0.0923676109065577
-0.00376785245862795 -0.0351928887670868 0.301944938250148 -0.576047618410422
-0.0154522313654766 -0.00336525703847787 -0.39796773328531 -0.824948637365593
0.00198287764021514 -0.0228729662279826 -0.849483458067693 0.0179697215743889
-0.0359356698149089 -0.0597967163470249 -0.234638229156745 0.62546372650327
-0.0595844304287507 -0.0248657369875668 0.295015627320731 0.352260878195609
-0.0270665798136321 0.00794386437715155 0.200466784293244 -0.0356017095830753
0.00820828674387031 0.0010466664887164 -0.0857314230544325 -0.190258979742346
-0.016059965350173 0.00211549651531407 0.0976820588208985 0.150787231138666
-0.0435002521316429 -0.00518163260134838 -0.150982560219736 0.0212381515425673
-0.0379599896805993 -0.0478329595666413 -0.225070209157582 -0.366955885054562
0.0114193306260412 -0.064220805809742 0.286489202287771 -0.505855141674761
0.0367999601448384 0.0199039544098679 0.786763744039432 0.0729962563773344
-0.0451907131153394 0.0205699028945902 0.334468483432453 0.858496662412051
-0.0192094589225368 -0.0583992660827873 -0.299897916361529 0.599798112206812
0.00617105500887804 -0.0563860772501909 0.0606285421078555 0.0626276355166464
-0.00728451495696081 -0.0267625505639554 0.240607985055531 -0.611096256823022
-0.011433532809817 -0.0014584453031996 -0.509683741177771 -0.743222022666419
0.00140200037200793 -0.0273636213217271 -0.826857855374888 0.152117699888382
-0.0399069789384574 -0.0549093147646692 -0.145069042991126 0.64606702286386
-0.0570362973781197 -0.0144976405375444 0.327799851666593 0.309714191892441
-0.0217949969156859 0.0129637805009959 0.196580007020862 -0.0678492405855449
0.0106039933640841 0.00276837958762718 -0.08180317965239 -0.19758875796013
-0.0137553097205722 0.00522566010603648 0.104796181911031 0.143810068018864
-0.0355565682849304 -0.00241782884802361 -0.148430346962626 -0.00248515470295993
-0.0273651700089261 -0.0406293627918349 -0.191673975029331 -0.392385645013692
0.0185767148126076 -0.0575445703128537 0.341821435198737 -0.470398724926891
0.0395893743401889 0.0237558958152992 0.777196184981973 0.183884652027825
-0.0419593010312785 0.0196758614172186 0.225062854030772 0.912401446016004
-0.0186597451777642 -0.0467476608609315 -0.355189478433128 0.570815607371556
-0.000917267560313986 -0.0415406084927681 0.0717599918962606 0.0378390166835127
-0.00848281255704772 -0.0122220707026699 0.18450918355418 -0.636245660085226
-0.00314957812772341 -0.00114140446302988 -0.59097792582548 -0.665061896140252
0.00221348857312507 -0.0303760110753465 -0.795969998270888 0.255306822855419
-0.0392558275531373 -0.0458946016394536 -0.0733601051770307 0.651781207479192
-0.0486059931061952 -0.00247453476867903 0.349493040027883 0.265822243003308
-0.0122242978620912 0.0186405288319903 0.190707165371712 -0.0944763932007482
0.0132453561076223 0.00491219227813748 -0.0764477962066757 -0.202738874227066
-0.00898252352873263 0.00930234192441832 0.108442750154477 0.140743306360138
-0.0236368053381344 0.00419625474493487 -0.14455408138897 -0.0179120675157285
-0.0151130987662629 -0.0276040072641641 -0.169224505691097 -0.404031970299601
0.0252072605099707 -0.0472373566280467 0.373810106953906 -0.444705887510886
0.0451694611530009 0.0261471980663915 0.759412174568869 0.253477618922512
-0.0354082409722987 0.0235307402317074 0.147281349217618 0.943588480065392
-0.0227010856996389 -0.0272185383089847 -0.386779157287599 0.545745289914128
-0.00986871508389901 -0.0196051100281566 0.0796099723688199 0.0192411440694365
-0.00456892607721754 0.004902693510923 0.148496272957783 -0.648016133988055
0.00837574148631372 -0.00215075939210143 -0.638578481000214 -0.612971606472473
0.00597919659742848 -0.033419222377365 -0.769011234880393 0.319757127866897
-0.0344909190963211 -0.0354255181621617 -0.0224607306284054 0.648611198516993
-0.0356157152436461 0.00799298965964085 0.360510204065693 0.238174321484672
0.000556516578748963 0.0231815834440132 0.184923683620265 -0.112735058755323
0.0180863662846193 0.00841360252309911 -0.0733689316286877 -0.206858269094588
-0.00379088210989448 0.0138947885113752 0.110384946944093 0.139253204303013
-0.0101145334020814 0.0128271964977843 -0.143359067233309 -0.0219336207350921
-0.00448303217444234 -0.0116276071879391 -0.163613217826501 -0.407135829982565
0.0276822428516172 -0.0372040343298282 0.383066560495288 -0.437854957462856
0.0520179057081329 0.0263588582646069 0.754255621133303 0.276705596076022
-0.0253005889411553 0.030329073246814 0.120797348900362 0.956678585257061
-0.030101200187874 -0.00218785696258809 -0.399746022436926 0.537864919174107
-0.0216755866735322 0.00540062831596097 0.0813404748827769 0.0124396071704511
0.0018053308202816 0.0222523356863061 0.135473392547101 -0.653285180298624
0.0214321595099752 -0.00427265541837904 -0.654277440685499 -0.597229910392951
0.0110150657603743 -0.0357332061010113 -0.758899679586061 0.333513767538951
-0.0264754586021557 -0.0276598491292361 -0.00770805047409162 0.642762197979146
-0.0218681099217762 0.0165240492048836 0.362899097464851 0.226316065235415
0.0149403933126777 0.0259391319595969 0.181875792875859 -0.119954531753323
0.0248474300853877 0.00973671645159646 -0.0716405080683817 -0.207118074864967
0.00282920010762663 0.0171295451588044 0.106954295786058 0.142638736645215
0.0035347438608613 0.0201105110253664 -0.143894410480844 -0.013467938306407
0.00718606200707444 0.00329268703947877 -0.175534251360271 -0.398776613722687
0.028881051569864 -0.027754251871557 0.367247791550528 -0.449561116136259
0.0589068995849543 0.0246798872036445 0.760273372670872 0.245707257520307
-0.0126065831624684 0.0392995089308625 0.150048740574207 0.945931785021459
-0.0366126468085051 0.0240463441225435 -0.387725592763856 0.543245706555214
-0.0329079994028728 0.0293361016954149 0.0773795415749693 0.0168105141678785
0.00693671646413389 0.0402668358534803 0.147720629527728 -0.651742020658876
0.0330757596451825 -0.00486393566099086 -0.637357858475389 -0.620646877322578
0.017568578881821 -0.036193971162754 -0.775128136248958 0.304093537541472
-0.01841094183262 -0.0205485037732519 -0.0262625298917215 0.640671367616928
-0.00772630529175245 0.0228219387057894 0.356871037099283 0.233655256598532
0.0276325488198102 0.0276976770685873 0.182646672656118 -0.113568497521529
0.0307685302324314 0.0119103415921229 -0.0723589070747626 -0.205762901985075
0.00846711661410215 0.0201677288860789 0.101618903061928 0.147475285793072
0.0157149406589834 0.025955412447416 -0.146258893390326 0.00315181327125668
0.015874184085343 0.0139668675329833 -0.200198036187338 -0.380492256531647
0.0281071621902231 -0.0197747885235826 0.328163189578062 -0.478803832777495
0.0656978812696567 0.0198857600287744 0.774187055668651 0.167597377899906
0.00025395997273775 0.0457808583686435 0.228053295190095 0.915804838150787
-0.037266649705257 0.0461283412654712 -0.35406482034503 0.564358039201616
-0.0430496063234446 0.0501998531845542 0.0676132933724186 0.0323549800256658
0.00854447962845567 0.0576126038523904 0.185618581906004 -0.63817462018601
0.0437075533998409 -0.000267911584313434 -0.585953894994149 -0.681937813216567
0.0240942251940342 -0.0353401130010968 -0.803158483739852 0.231303538550361
-0.0119324853944596 -0.0151176093976 -0.0768086679265266 0.636224516937963
0.00102841889573166 0.0271682823392541 0.341333108229673 0.260234208919986
0.0378823235204934 0.0290501622228558 0.184328266404715 -0.0959264467803915
0.0365232310552866 0.0134119135733311 -0.0760658202874426 -0.202344885544773
0.0133327788004873 0.0196295167780526 0.0945370903502006 0.154685781326401
0.0249667242456026 0.0279327737370062 -0.147865122748832 0.029748921717555
0.0226388296463607 0.0184977520045149 -0.233808339728399 -0.353671607975831
0.0280791481967677 -0.0167590781743924 0.268438847036509 -0.515059270548241
0.0697203778809025 0.0123671872248875 0.784412157438771 0.0522484627174596
0.0134709241559836 0.0487189642113259 0.336827432528366 0.857330767842015
-0.0322055743007883 0.0609627286806251 -0.302200388633943 0.593029757222165
-0.0498316139676877 0.064123978245286 0.05266138512334 0.0563534740738902
0.00508667679414639 0.069831402680846 0.242375747160352 -0.616699665110186
0.0495207438513192 0.00504180686496538 -0.503092412764889 -0.762376996454451
0.0306134698855371 -0.0339936336458922 -0.836832655410937 0.117946966731338
-0.00821325855987864 -0.0116743369116605 -0.15011963035571 0.626321396791028
0.00536228984102893 0.0306966510348374 0.316903203293215 0.297466801029173
0.0432406384212344 0.0311456791094482 0.190154421362648 -0.0685580759519795
0.0398305605101272 0.0139260724956026 -0.0799177893879993 -0.194367182877609
-0.0167535397674131 0.000435512160928664 0.0883753639772601 0.155715199302181
-0.044469371091127 -0.00512040794040274 -0.15060268499316 0.0508460116060005
-0.0452080463117036 -0.0465862215997412 -0.259507329737777 -0.329082842339046
8.6385055844955E-05 -0.0649301364166095 0.210657267038444 -0.530121630654132
0.0335634732774492 0.0138020712995114 0.76960297286279 -0.0544684268820482
-0.0428146986274387 0.0245930708470791 0.443235459578187 0.769164551155375
-0.0214253511125258 -0.0581850903448189 -0.231890748979282 0.621134207012852
0.0105313439467686 -0.062437675516543 0.0442692702603789 0.0908627457995591
-0.0039118110754145 -0.0351642331162127 0.300897367962063 -0.567463920159941
-0.0154214919400435 -0.00335300066232111 -0.38893233817613 -0.815602527903985
0.00215122901486479 -0.0233030211169002 -0.839087531718244 0.0170929860643642
-0.0366893893284475 -0.0595423466866117 -0.231462278379661 0.617954604812161
-0.0594073205560694 -0.0242629667754958 0.291542541350526 0.34603299950489
-0.0255172017175984 0.00679279139365751 0.197869640013339 -0.0345505972587295
0.00838042190405262 0.000680841177693464 -0.0839849695041259 -0.187318488501157
-0.0170389640061905 0.0016315361590695 0.0960657085058459 0.148276631631505
-0.0423428594903299 -0.00480767081991181 -0.148781665547828 0.0203940557063574
-0.0369909460168912 -0.0464927435017368 -0.221485258972862 -0.363619771829555
0.00979705538156256 -0.0628020191544845 0.283299875126779 -0.500370857857254
0.0364686371337257 0.0195633309345035 0.778342221839798 0.0725836779775788
-0.0452240302063493 0.020768741613151 0.327598310389542 0.850007877637776
-0.018725044868727 -0.0573973595118006 -0.298093378844034 0.591579110899126
0.00641411382193601 -0.0557668911314339 0.0587397291537172 0.0611629551302323
-0.00784060144500335 -0.0261410762737408 0.237202458095542 -0.602256045003842
-0.0103243630044751 -0.00140997008026618 -0.500901660736276 -0.734104471655161
0.00178692368994524 -0.0267742208250995 -0.818015049938684 0.14923747587583
-0.0396066183365185 -0.053875350745853 -0.144344448137607 0.637654846990842
-0.0560758444565462 -0.0140119288501416 0.323233599501692 0.303163329879924
-0.0210888483173874 0.0119858178699658 0.194269995085179 -0.0673874375119394
0.00992396618059597 0.00273176387809097 -0.0800458462287466 -0.194516087996134
-0.0144775649294044 0.00548144403166031 0.103396374596692 0.141539634437801
-0.0349703713972031 -0.00155514079947872 -0.146032303388878 -0.00304729804487354
-0.0267121227713265 -0.0394896176334713 -0.189147310768978 -0.387252193918915
0.0173567276743986 -0.056823311336529 0.336503811916644 -0.466575698985201
0.0397562867754389 0.0231056529779991 0.766889143493477 0.182386477817316
-0.0418068929663702 0.0196497455897452 0.221726926038759 0.904350477463888
-0.0187950006027399 -0.0470339905261629 -0.350174941425611 0.562013352050288
-0.00041992940288523 -0.0413022241509372 0.0704878128389469 0.0364260318151052
-0.00802871989775297 -0.0122270315994046 0.182729639448548 -0.625695137083936
-0.00289514611508543 -0.00118058495248569 -0.582588861748098 -0.657007618168898
0.00251387869329643 -0.0301431447060963 -0.785899209273414 0.252063274372204
-0.0389476600666333 -0.0446508465880374 -0.0706377807007701 0.643502641696426
-0.0483667247881055 -0.00208186641261982 0.345880320153466 0.262916597883106
-0.0118949211349678 0.0176976488970265 0.187432708431923 -0.0937076887068892
0.0136925191939766 0.00456190081528941 -0.0760123806777712 -0.200809276758124
-0.00961591281303777 0.00965300894826131 0.106154093806327 0.137728438687048
-0.0232139198404794 0.00465229207312835 -0.142931308505034 -0.0179501003719272
-0.0152315964756184 -0.0261983675954573 -0.167506924248875 -0.398687506682326
0.0234308717797658 -0.0473533559217986 0.369038919326396 -0.43987210663
0.0449190624035945 0.0257668772122717 0.747771164274628 0.252464938792552
-0.0357854557151586 0.0231900032189747 0.14607116246737 0.935674380256338
-0.0226322620782657 -0.0265545690834483 -0.384461390375414 0.538702037649942
-0.0106605587915871 -0.018853681782438 0.0785078822570919 0.0188094367582185
-0.00457943929428808 0.00411087206751078 0.148563545136421 -0.639561523249302
0.00841782898575565 -0.0024514014309797 -0.629600727728186 -0.604866303333407
0.00602772675689872 -0.0337022662980473 -0.760056325894108 0.316271082206447
-0.034257505220569 -0.0354752518664776 -0.0237788687059079 0.640028512764417
-0.0359653469565295 0.00831530302957356 0.357317995958147 0.234212684415618
0.000889702147039974 0.0224020464392872 0.183645913827006 -0.111166145262487
0.018465616235998 0.00644615113267278 -0.0718838475418666 -0.204404926943596
-0.00381338604890833 0.013522105921852 0.107499144877622 0.136644508398195
-0.00932034987191517 0.0128563463531222 -0.141554982608787 -0.0211457452628549
-0.00368232850395993 -0.0113062252505304 -0.161982576585788 -0.400919390038554
0.0271129113179843 -0.0351633230549768 0.377465604558026 -0.432148218779516
0.0513356891463769 0.0252670141872632 0.744549547934515 0.273972963943882
-0.0251143096701666 0.0307904224596248 0.118874961764886 0.943758596927416
-0.0303164461408836 -0.00217391510525242 -0.395532778628602 0.530086427981035
-0.0215503504302379 0.00446274773455755 0.0803109779017408 0.0114141297979917
0.00128693300546764 0.0219834943128913 0.134833387889604 -0.644460625265573
0.0203647587656646 -0.00390589297886892 -0.644000722476758 -0.589284595423244
0.0113724143214033 -0.0350996018652583 -0.750674225545697 0.328316598217476
-0.0270338514020644 -0.0271568637144065 -0.00726674543681051 0.635700965604548
-0.0214590481861706 0.0161563649421177 0.358775837068396 0.221916092540587
0.0145755855600398 0.0245387046027888 0.179838290768602 -0.11773854788579
0.0244895881320255 0.00872370167735933 -0.0705558042673307 -0.204652894944709
0.00287580270928331 0.0178195682496295 0.104266693520708 0.13994281964106
0.00385230641891456 0.0193895680668808 -0.14287186462381 -0.0144144563147442
0.0069877945456521 0.00418293910667913 -0.172886609620453 -0.394275227100197
0.0277740927246766 -0.0268202986292855 0.362380522542262 -0.445470610360892
0.0581849057432662 0.0235977763404506 0.750466457856517 0.243841470435557
-0.0133819600004579 0.0390199362431016 0.149961707311646 0.930572702885842
-0.0364522495518851 0.022937719877406 -0.385079612300546 0.535718672802675
-0.0325231267294408 0.0293050615440549 0.0747136618374852 0.0168978939090653
0.00605558398368899 0.0394794530369312 0.147151011213705 -0.64322699708528
0.0322183159938906 -0.00296310573335718 -0.627002030493222 -0.615598903227047
0.0168944850497128 -0.0360759100844005 -0.766024192162699 0.298502185968525
-0.0177960057958849 -0.0205021639891752 -0.0267646728563248 0.63171020339877
-0.00874693462731182 0.0220833705799915 0.351811152882692 0.230705006659018
0.0271923791976084 0.0264257072311006 0.180563151629219 -0.112174285384272
0.0298691857963808 0.0103044056486155 -0.0714425047526974 -0.202838349641413
0.00860283363361384 0.0198593732627566 0.0997570228029608 0.145470706680178
0.0158605246947056 0.0255783882579049 -0.14413686027542 0.00334618241095707
0.0167358678946666 0.0139340895782279 -0.199012217476129 -0.376937835220099
0.0273957766993198 -0.0196799171818697 0.323901642161589 -0.4746423787675
0.0645839553074003 0.0189727995666733 0.763410082071631 0.166943029004946
0.000131388522448102 0.0463226842125311 0.226719720794781 0.90444874811611
-0.0369208875178946 0.0458854932869855 -0.351354857338535 0.556436269359227
-0.0420560199297035 0.0493404792028359 0.0645983965945081 0.0317463716345817
0.00760074446305762 0.0556821276372093 0.184375402925041 -0.630535186147586
0.0426386251402289 -0.000854471496606543 -0.57758382519188 -0.672873182049771
0.0239440730730524 -0.0354570533484772 -0.793806804326284 0.227183509578036
-0.0119388417343021 -0.0150250265260308 -0.074917896892075 0.629545376421774
0.000910123348639026 0.0270357996240897 0.337042582504769 0.25711978683287
0.0368183742852231 0.028437190044221 0.183477181759705 -0.094064414691568
0.0348240029073037 0.0126376316158661 -0.073750951895439 -0.198933711041899
0.0124014501983348 0.0198450580100944 0.0928368868219748 0.151794324375357
0.0249384792034066 0.0262606304020733 -0.146454570918355 0.0292918081282769
0.0230835498382284 0.0183731666802786 -0.232692947951235 -0.349908317754302
0.0282972679724055 -0.0163332435750261 0.265248551637735 -0.509089642713296
0.0693658476775248 0.0118613247891934 0.774200858893633 0.0543848767766656
0.0127750640712761 0.0483114832732791 0.334855135329615 0.848210030807257
-0.0322064623116536 0.0607910892845081 -0.299038647827675 0.585518412161629
-0.048669755294748 0.0629273470461194 0.0520823314141196 0.0558557119560348
0.00417113249323439 0.0681131209572822 0.24052135857054 -0.606390517840195
0.0478562317414233 0.00530768646432255 -0.495295966779315 -0.751656304816851
0.0297858266281408 -0.0325930199540954 -0.825868098266277 0.116370608887662
-0.0080141853558703 -0.012451440683308 -0.149788835091373 0.618644490550876
0.00455875221194693 0.030146462090902 0.314009651268253 0.296200953053481
0.042808137835359 0.0302058064629169 0.18720210249392 -0.0677541782793844
0.0383186328417343 0.0136017581282078 -0.0783599435251901 -0.191591990751032
-0.0166497026565838 0.000316523613086936 0.0865805179856623 0.154039090540515
-0.0434456549298391 -0.00430118077889144 -0.14762236231669 0.0494670153936418
-0.0443256721540354 -0.0455690942243481 -0.257022137779808 -0.325857415003269
0.000534903946398956 -0.0649720070594556 0.209968967756613 -0.52304102463242
0.0338206387974012 0.0139179046589483 0.760960796539838 -0.0502507107305775
-0.0427431353511028 0.0245009390303486 0.437141280421777 0.764161156012021
-0.0217375064252273 -0.0578907744531557 -0.231952401757289 0.61395568951323
0.0101438725630132 -0.0625382045381123 0.042726877650978 0.0898085078322429
-0.00350362420853195 -0.0353680691482861 0.300150404295122 -0.558618635913288
-0.0158454065220583 -0.00368279184359669 -0.382067340824489 -0.808126036676099
0.00228218516830839 -0.0230295343430105 -0.829523559401693 0.0125617358654157
-0.0361707716708213 -0.0590057459863295 -0.230222796453071 0.610989840585809
-0.0585588537208686 -0.0242930455881856 0.287330973849187 0.343326488978134
-0.0251764512017751 0.00689809941586059 0.196508535388442 -0.0340417492514752
0.00877731913278671 0.000265881000188299 -0.082006328595513 -0.186014856179697
-0.0170998059160469 0.00219459966903009 0.0942387136054505 0.145810467761678
-0.0420750925121303 -0.00400888943336679 -0.147654529184885 0.0199429363322822
-0.0372780304555171 -0.045214439211666 -0.219544097692082 -0.360479202866991
0.00891785826962396 -0.0624348307705712 0.280263670279183 -0.494337445575481
0.0356541817321798 0.0181533817732855 0.768659774976302 0.0751703802602945
-0.0446702966679512 0.0205947657145839 0.322071500138907 0.842586636298238
-0.0180235393378502 -0.0567504105796741 -0.299541516183367 0.585252308144036
0.0068437620051801 -0.0551686327227432 0.0576982146720442 0.0601999767359142
-0.00733270258906292 -0.0262136838919696 0.23823247884674 -0.595184689231788
-0.0113956548848144 -0.00236034071738103 -0.492383793948992 -0.729185568909048
0.00120830297011624 -0.0265022322945734 -0.81020354763967 0.146946501234229
-0.038150667550348 -0.0538887713376409 -0.145562629186072 0.630722673912066
-0.0556550943285721 -0.0140140991001645 0.320761253065177 0.302060156737582
-0.0207406803338253 0.0118069998198313 0.192645285904159 -0.0654730357248495
0.00929724407774687 0.00141298133919522 -0.0784583678006143 -0.192556687989378
-0.0145360899031436 0.00548651397157297 0.101716462178456 0.139691365946793
-0.0350754646660013 -0.00145421289032428 -0.144303122147252 -0.00374648277875387
-0.0265550992843121 -0.0383159451590939 -0.187513980960502 -0.383436798461869
0.0171873610191646 -0.0560628673237933 0.333877601764699 -0.461133168530688
0.0394635854364964 0.0223695564093523 0.758607067477685 0.183126033689243
-0.0421069729638481 0.0189783085314484 0.217801911784995 0.895758989446199
-0.0185742811393125 -0.0459248665640657 -0.34851174563495 0.554394394596848
-0.000422403742842037 -0.0404635965386343 0.0691031099811201 0.0351431989875563
-0.00844479722609233 -0.0121376309261293 0.184471675493547 -0.617270080692954
-0.00295937838341867 -0.00115295893022501 -0.573145423794311 -0.65341638157509
0.00297554546826547 -0.0297159506614934 -0.778788379673265 0.244673106397251
-0.0387001682639293 -0.0443809268668184 -0.0715280999580757 0.63687676838642
-0.0480328089896639 -0.00173748139960927 0.341738386797538 0.260402167814392
-0.0118427517326519 0.0169836494197282 0.187156006999346 -0.0910332401925282
0.0132667375487957 0.00410398150973291 -0.0732160051930924 -0.198430011166087
-0.0103071017985878 0.00940294352781657 0.105949708383874 0.136131028869015
-0.0228742093965241 0.00457199357395923 -0.140656517693714 -0.0183062650902706
-0.0141793815529283 -0.0257250579909441 -0.165313212898574 -0.395419455470699
0.0232228668699191 -0.0460164325611071 0.366274108935806 -0.433642584280466
0.0443471002424072 0.0240417622197882 0.741263756470898 0.251666401442879
-0.0350581612193951 0.02254943996581 0.141267175466499 0.926024257820001
-0.0230457888804967 -0.0263145521456827 -0.382926310948666 0.531143575638543
-0.009681262684582 -0.0196817678449405 0.0766228165883688 0.0188524246116676
-0.00499499624785502 0.00362881505961427 0.149646001863693 -0.632285398382638
0.00816355587375232 -0.00218261691965427 -0.620502179454825 -0.602273838273069
0.00593907557153957 -0.0321145679357402 -0.752466460566198 0.308645551510653
-0.0337681254783311 -0.0352275912485856 -0.0254550398768679 0.634571097608863
-0.0353438131834618 0.00799202879960335 0.352717334583462 0.232366884208845
0.000836722507497815 0.0212693025440527 0.181844569780589 -0.109689498729341
0.0178796210292838 0.00586017129605502 -0.0702837809972154 -0.202781775318438
-0.00453597305462553 0.0140419428553067 0.105181597038006 0.1349180177279
-0.00976069353492318 0.0130118154062709 -0.139405975280662 -0.0216856411052013
-0.00305218410868087 -0.01050642125027 -0.160266516472255 -0.396625970716018
0.0259471803041897 -0.0348783950854827 0.373906527807558 -0.426639515449097
0.0499881340252079 0.0247327740576616 0.735086135079295 0.274689142587906
-0.0253328927531894 0.0299719350842812 0.114388325910414 0.936327883020336
-0.0298855047830995 -0.00229546515713126 -0.394863082873334 0.522592190155929
-0.0214985361533873 0.00483287995969792 0.0784980988345363 0.0119990701425344
0.000822591105032498 0.0212977309299925 0.135347090861609 -0.635292261639645
0.0208184399952917 -0.00398587140950458 -0.636257901656007 -0.585969026165807
0.0102567561837674 -0.0351822460324266 -0.743308741332471 0.322594021631336
-0.0265609925411265 -0.0271840414028094 -0.0102824659274725 0.629066585166098
-0.0210709380583149 0.0154989604059223 0.354911480902413 0.219880707812334
0.0145403031389402 0.0242411402851171 0.178539810010832 -0.115985235579105
0.0237538391854607 0.00797968489853487 -0.0686612116055067 -0.203269466680935
0.00169689731746924 0.0177494943905567 0.102505240904009 0.137247377518931
0.00400882399896269 0.0201985021605279 -0.140932552354539 -0.0149160812518433
0.00736060354051128 0.00486903994629313 -0.170334900493362 -0.389908072119939
0.0263191512863211 -0.0254183365327274 0.358612661187238 -0.440834464557769
0.0576694941043393 0.0223438509680918 0.741702107756485 0.242769788322582
-0.0134036815667104 0.0385335977001902 0.14553982525713 0.923940021431687
-0.0355878010449841 0.0233327982607614 -0.384487022285392 0.529756900492315
-0.0317284309882607 0.0285297982689602 0.0732372283031082 0.0165930548508238
0.00562275305805614 0.0397199992672823 0.149151281428737 -0.633925373557268
0.0323273686366731 -0.00350682987121026 -0.615920555128519 -0.610586268440251
0.016632962386293 -0.035408178818349 -0.758266155996124 0.290947570207026
-0.0180856466733588 -0.0200002272578731 -0.0285594854970263 0.626997491023075
-0.00831894451511849 0.0222865708800791 0.348268914936478 0.22938304578136
0.0267388690433251 0.0260569488869068 0.178941369327406 -0.109957649151037
0.0298107371316728 0.0106108688364427 -0.0692264026349992 -0.201033795955937
0.00811304935363398 0.0202299543821196 0.0981605039213033 0.142974142295808
0.0157714299617632 0.0248784926028634 -0.142862097992647 0.00207333760869988
0.0164678227241992 0.0145619418490123 -0.194891472887877 -0.374613066298872
0.0273931891460819 -0.0182392715190894 0.320893814075505 -0.466975051085973
0.0643493938083187 0.0184363423670436 0.757329333990974 0.167393665030337
0.000110392587846862 0.0455674179283073 0.221908335693596 0.896643874689866
-0.0374813511281888 0.0454674434040898 -0.350000477567971 0.549751505317935
-0.0417065606455167 0.0485550188359964 0.0642262839169581 0.0302470165393961
0.00772228811229265 0.0554443036810504 0.188034635893595 -0.621682655839013
0.0420069471138854 -0.000331603476029889 -0.570536240871951 -0.669338614112715
0.0238850575679729 -0.0338802269085054 -0.785104988383424 0.223267912943215
-0.012872019533197 -0.0148258836763067 -0.0761246932028404 0.623749260747098
0.000937539421217885 0.0267820753353202 0.333001029744541 0.253004639811338
0.0362384296834963 0.0273252908745197 0.182211033220445 -0.0929682063210473
0.0342355241992758 0.0122758212543648 -0.0722196719501088 -0.197335058015959
0.0121960982638875 0.0206351560911488 0.0906118005273404 0.149691746025205
0.0241942318408417 0.0268578515143492 -0.145121501259521 0.0276252982868596
0.0228323763560253 0.0194246742007315 -0.230002166825647 -0.345687862162903
0.0263707522944331 -0.0157310266402923 0.263086526667492 -0.50100289533379
0.0676306508174672 0.0113672690003364 0.76524685122779 0.0565135719735308
0.0123266944311915 0.0483575174873865 0.327378457484705 0.841748572193089
-0.0320899817242843 0.0596601107727844 -0.299029837745674 0.57784799595356
-0.0480319181231323 0.0614819141733429 0.050311642893931 0.0543102552645116
0.00368666133074373 0.0678234818529309 0.239988493447504 -0.597659679943474
0.0482887160817412 0.00602770375247252 -0.484764945698276 -0.747809212388234
0.0283968833204327 -0.0325547211523621 -0.818256846645649 0.111860595409157
-0.00788807417806694 -0.0116651380048766 -0.150117198126182 0.612565325242006
0.00455186491004182 0.0304409334287604 0.309472651943158 0.291997610534416
0.0420750625767285 0.0292946850593701 0.185681040396307 -0.0667982998006842
0.037474535133362 0.0131999004155774 -0.0763021503139334 -0.189704215663356
-0.0170773546529393 0.000828437395421049 0.0846987452115921 0.15235900056986
-0.0426262912338388 -0.00434421627423511 -0.147201009822905 0.0472123874460614
-0.0442139931433899 -0.0447533499109058 -0.253237944153487 -0.323999124643318
-0.000158853532029463 -0.0641925807390228 0.210270868810544 -0.517716760141879
0.0331067605889089 0.0128476440617349 0.756172436617269 -0.0454803449575381
-0.04265196896598 0.0240102483336927 0.429743309519787 0.759917750050337
-0.0211659631553379 -0.0578684422875837 -0.234356280052947 0.606300128301187
0.010916125251948 -0.061653399864637 0.0412016181349426 0.0895645813728583
-0.00368979428776713 -0.0351999660349832 0.299768571284946 -0.550386842541433
-0.0154389063059474 -0.00359763806610193 -0.373291335142562 -0.803145769223282
0.00228297977808019 -0.0219498527376591 -0.820672889586228 0.00749057001623861
-0.0346328810662672 -0.0588124817829071 -0.232397518616371 0.603806003203863
-0.0580728621996523 -0.0240932244725207 0.283851632542138 0.341175612601162
-0.0244280941352077 0.0062822648429106 0.195226674935945 -0.0324876528051861
0.00809320580155874 -0.00109047404935764 -0.080587628815524 -0.183857349017297
-0.0166852967133688 0.00257172089619981 0.0925479014856945 0.144515051196063
-0.0409108610887859 -0.00468359625259598 -0.146239245347143 0.0180483179616229
-0.0365401210498292 -0.0448389450283801 -0.217439460691996 -0.358254001358214
0.00903788128099641 -0.0609775854226637 0.279890456827632 -0.488880861487995
0.035790476984564 0.0178670977386728 0.761606529813853 0.0782946485390782
-0.0446240934778873 0.0195017745692175 0.316107158745436 0.838580363402965
-0.0180087558537036 -0.0562180647715093 -0.30002535882353 0.5775759070032
0.0076843971493833 -0.0548915809275496 0.0566485249733571 0.0595280387833236
-0.00790822679765842 -0.0254724714689301 0.239906557907895 -0.587415743002747
-0.0118663725010048 -0.00191666100285927 -0.482292629227236 -0.725131477564709
0.00167441815939113 -0.0270612250556989 -0.80405317564949 0.13828218997634
-0.0381139875826765 -0.0523498860416854 -0.146346536850765 0.623794313960414
-0.0547534635878612 -0.0141338172993064 0.31599320706849 0.300004505245496
-0.0206120763977597 0.0120918564858659 0.191647908502402 -0.0645670560243234
0.00921255267119524 0.00123797380710931 -0.0759676085239314 -0.19114702435754
-0.0146405001289945 0.0055518699449575 0.0989719081956226 0.137632737829586
-0.0337787276861633 -0.0016578889520532 -0.1425013827886 -0.00507052394222274
-0.0259816317767915 -0.0375912441862648 -0.183583956881071 -0.379594320302562
0.0168987378565585 -0.0553790704795485 0.332129508120295 -0.455231698508284
0.0385826082602924 0.0218014600757648 0.749880951288833 0.185684971028621
-0.0420080249673349 0.0185077739359059 0.211618490630086 0.88931305448406
-0.0186136874776738 -0.0454930115177211 -0.350440835947301 0.548643664491422
0.000498269195583409 -0.0399617352052685 0.0682253954792962 0.0352613600210976
-0.00915953302812869 -0.0123225242856719 0.187340217128808 -0.609916998436622
-0.00304423755438996 -0.00116881155456575 -0.563865260424983 -0.651465676818837
0.00335038229796026 -0.0297767262125713 -0.772278606938513 0.239722420603896
-0.0381311295096105 -0.0445431185240602 -0.0757253881074235 0.631962400189935
-0.0469876697660493 -0.00174661528355835 0.338901219379335 0.25820785807222
-0.0115116571094932 0.0168669830284469 0.1855625099868 -0.0894486547631823
0.0125050530845477 0.00307648120408234 -0.0713090939689566 -0.196874171148902
-0.0101322226470406 0.0100356822339039 0.102875032062939 0.134707978137652
-0.0222941933954538 0.00436976610540596 -0.140415683446599 -0.0193720351108693
-0.0143345795160074 -0.0251920771966561 -0.162737652136717 -0.392830262477992
0.0222837837626656 -0.0449236804981625 0.363275268544831 -0.429104877689239
0.0438531351704909 0.0239755463258062 0.732072479343954 0.254203166908124
-0.0343630098879727 0.0218569652852292 0.136479410153174 0.919622333441539
-0.0222650175389197 -0.0268016071879193 -0.381236008642595 0.523940395920905
-0.00947890405333093 -0.0195418086138107 0.0757136939702681 0.0186617749678407
-0.00415848437601033 0.00359637410336344 0.150670649400852 -0.623689943673458
0.00790573040001279 -0.00219229271444375 -0.611140423775568 -0.598958647141501
0.00581813133286816 -0.0326152344834162 -0.74695031819112 0.301197327455581
-0.0334866570908228 -0.0354315721441049 -0.0286651780264616 0.629382055544975
-0.03448318811759 0.00758922383375531 0.348764975571097 0.231451025354451
0.00164901477373896 0.0203115768754993 0.1809575151675 -0.106920743670301
0.0174276841492918 0.00584510089759567 -0.0675673808710498 -0.199873136198015
-0.00412683307503021 0.0142806718073995 0.102844808508361 0.133620087178706
-0.00915779030402045 0.0119786797433675 -0.1392383237519 -0.023164028419327
-0.00309185675477838 -0.00968829156212823 -0.157483674619177 -0.39471101623921
0.0250512790433458 -0.0344931829494548 0.37216318536307 -0.421256724611778
0.050211846415625 0.0244085925580238 0.726637157036146 0.274604150715986
-0.0248477040813567 0.0303429643340076 0.111179599998009 0.927676094345747
-0.0309123773432898 -0.00322091010848995 -0.393237067701614 0.515792826951808
-0.0207029949734795 0.00415297936815029 0.0772840713431363 0.0126954132326536
0.000564070896373128 0.0215035880472321 0.137937514260219 -0.629904721042057
0.0195115867073796 -0.00272500274603728 -0.625280073227291 -0.585369579014091
0.0110232247551308 -0.0339252597245234 -0.738270251998029 0.31621579519046
-0.0262163252968872 -0.0262835191505076 -0.0120888327928515 0.623215656971303
-0.021138148171629 0.0156785253455496 0.349835835497525 0.219933798406613
0.0141307577864558 0.0233006373428019 0.178080083210271 -0.113338885877091
0.0232328189816534 0.00775758948441562 -0.0672281500770425 -0.200096716329019
0.00128169393528598 0.0182167613836643 0.100078429007673 0.135964744329427
0.00464495479645724 0.0205895135585897 -0.139962561057675 -0.0161311166228374
0.00707930015887734 0.00409245095604261 -0.167577578673034 -0.387843243394563
0.0263094828558444 -0.0252269018648586 0.357382115669709 -0.434137414847086
0.0574158507446241 0.0219279757519858 0.731446399333282 0.246286768960874
-0.0135532382616549 0.0383469401731791 0.140099721960686 0.918267633497426
-0.0365407559746204 0.0220841278675836 -0.383056943057744 0.520598698528543
-0.0320299185543492 0.0280884970835833 0.0728067490023208 0.0162466847740511
0.00499084692147041 0.0382905058734042 0.150395654868058 -0.626951703863373
0.0312849116228829 -0.00295482247102146 -0.60770155607664 -0.610866982542155
0.0171803874260715 -0.0342260976014251 -0.752369768509471 0.284370089884628
-0.018039441602542 -0.0199280166603491 -0.0327279898714822 0.621534077500493
-0.0081801218483278 0.0221095278564738 0.345401107143287 0.228415406394679
0.0261897926148503 0.0255370797844036 0.178629845562355 -0.107909029961496
0.0284274932383303 0.00999961627163927 -0.0666561968123209 -0.199894798493626
0.00797683526367921 0.0209151688919734 0.0952774015864525 0.141643236718984
0.0162375446815887 0.0254293771205408 -0.141769192173016 0.00171364870568685
0.016176234115492 0.0149072479737711 -0.193747781795253 -0.370912077016642
0.0260039835697785 -0.0182493321272364 0.318314940974216 -0.462838912095148
0.0629409714699631 0.0175804731130171 0.7470745610539 0.168095914880607
6.60379660934254E-05 0.0455032938738317 0.217205301731909 0.89001646760828
-0.0369707617496612 0.0452533700718639 -0.348975875041932 0.54168377009282
-0.0420428349297322 0.0478016136709283 0.0635508918136256 0.0312088862776853
0.00624292365066043 0.054084223665291 0.188351567940664 -0.613515061100642
0.0416374864416506 0.000268235524844215 -0.559199003191703 -0.666405437360938
0.0232261543360187 -0.0339507338038694 -0.780319340680945 0.215977225623938
-0.0119863094353795 -0.01441969509425 -0.079147449934261 0.617320696178037
0.000719852266677389 0.0266881907709087 0.329202067049072 0.25314821333998
0.0357276871024573 0.0266869552949748 0.181391186063715 -0.0902683405167554
0.0329750866387892 0.0118504580493736 -0.0699171754223546 -0.195479068870404
0.0112793629195983 0.02137254891543 0.08871141623404 0.148408048288387
0.0241422419759446 0.026727912463028 -0.143356936178806 0.0267425950088683
0.0228502441619655 0.0195246042771328 -0.226400106373954 -0.342900487321084
0.0257479623616992 -0.0148666497160335 0.262132667474426 -0.496503662245311
0.0671138809640915 0.0115923476950101 0.759015845117521 0.0592374089407133
0.0118593091450165 0.0479126462992702 0.322943485682363 0.83502245014706
-0.0318106265009778 0.0603283382957837 -0.299937269309916 0.572882460684185
-0.0481096190984101 0.0602829284478963 0.0493038673838598 0.054533926555166
0.00290398926974909 0.0665583013591275 0.242025097158915 -0.589069156128977
0.0471348094989155 0.00696085674111599 -0.476203476320683 -0.74416751222568
0.0293782510070851 -0.0316478875314728 -0.810188100005943 0.105270515519373
-0.00824201974935556 -0.0117811446905401 -0.151149990300842 0.60691150338797
0.00490118935380945 0.0300249141690256 0.305470312688924 0.290742613526345
0.0417431267941602 0.0284958772864043 0.18464011843236 -0.0652967996821301
0.0370538656740951 0.0131173531288205 -0.0744615365278664 -0.188976743454109
-0.0168929802307652 0.000754514731425177 0.0831856092247182 0.150017487834473
-0.0417721304416005 -0.00453630591865678 -0.14671697558918 0.0458029124354965
-0.0437084344399441 -0.0439069805674348 -0.250562911112516 -0.32234843222
-0.000426045666678324 -0.0634435146172612 0.210574906235152 -0.513057161192202
0.0329233913783675 0.0125005991349153 0.749925096776081 -0.0394710660145802
-0.0424819999850438 0.0239915789918745 0.423590754583731 0.758330207807732
-0.0204426305499365 -0.0578412222815317 -0.237034627057697 0.602064422130514
0.0117029495502052 -0.0615832859020756 0.0396041226005103 0.0885325640786439
-0.00413965118964052 -0.034730799420616 0.303793381613369 -0.544164385088943
-0.0153335093234458 -0.00397526153993012 -0.3619926654357 -0.800266458804268
0.00229573724277854 -0.0220198849349383 -0.817486395815119 0.00175697205802648
-0.0342301743513293 -0.058645694226806 -0.234885779030757 0.598772772680743
-0.057357789624491 -0.024670688661558 0.281221150549904 0.340316291031463
-0.0242697743645062 0.00545643498908118 0.194207391390915 -0.0304584731482215
0.00814592571154419 -0.00135801401476343 -0.0789668478689773 -0.183654315342533
-0.0168584014524614 0.0028101566465776 0.0913531827526068 0.143685986619828
-0.0402626934288552 -0.00444295875620766 -0.145298536053177 0.0170423501491256
-0.0365534900732593 -0.0435042864709818 -0.215346423605865 -0.356148856677571
0.00810953841673692 -0.0613855404027426 0.278646068223891 -0.485691776914637
0.0352041060879627 0.0174451903799208 0.754524030481586 0.0828567696826624
-0.0445711383588329 0.019749303249572 0.308142648042212 0.834026569487965
-0.0177225814714483 -0.0559691691425389 -0.300178317339479 0.571153669692991
0.00738943244941155 -0.0547161018368359 0.0547849521591365 0.0592773188872421
-0.00751926809065021 -0.0262125529242796 0.243911652766017 -0.580280263636751
-0.0109225538261627 -0.00142647680688596 -0.473372862756736 -0.723568444506485
0.00140579191989276 -0.026100000850136 -0.798472787050168 0.131822270528972
-0.0379604979775837 -0.0527557911334846 -0.150321293093821 0.619946473675429
-0.0548638818207657 -0.0142843563798908 0.312940851323607 0.297384345182872
-0.0195476259761787 0.0104519082110897 0.191087104613624 -0.0621897400827793
0.00917922156569195 0.00101052272718428 -0.0730161683487137 -0.190809122751899
-0.0142316887940495 0.00606968237761242 0.0972779997093191 0.136321719663034
-0.033183729410884 -0.00134568939000159 -0.142197649091813 -0.00584794233617244
-0.0255141926152475 -0.037580582552991 -0.182136286499307 -0.379074930792837
0.016403018565624 -0.0541116547867851 0.331990572815365 -0.449693695206798
0.0384867441551658 0.02062805185465 0.743539795434425 0.189333874561602
-0.0417089458012908 0.018875161754105 0.203473739621124 0.885541482185389
-0.0183782418075303 -0.0452908399142368 -0.351002214150315 0.540834576974741
0.000975108427047194 -0.0396187728369658 0.0665407493474738 0.03586553472646
-0.00879154238469591 -0.0124323502169944 0.189825028674052 -0.604656721808004
-0.00342764497927799 -0.00077526839139715 -0.554893175521698 -0.651509507400447
0.0031676072787419 -0.029351714211712 -0.769768538246154 0.230494367407304
-0.03728054231272 -0.0445983994176458 -0.0781299040301946 0.625771886777402
-0.0466799319870748 -0.00223421800955628 0.336101183977467 0.257609540447515
-0.0109469086103961 0.0157768127262796 0.185811687748252 -0.0880650754160462
0.0128558389396942 0.00272877791553898 -0.0694582495735844 -0.196481390197414
-0.0100026460198936 0.0101377077120529 0.0998454948094482 0.133317945322097
-0.0220371229076569 0.00404659504015985 -0.139734798378478 -0.0200856750671032
-0.0140242699327379 -0.0247339759042222 -0.1590093746644 -0.389633027527512
0.0220165690028634 -0.0441412123876404 0.362276909100987 -0.423469340857781
0.0429858603769658 0.0235886745863489 0.72422028839935 0.258039552234002
-0.0346486560656328 0.021924235773091 0.128417706684768 0.914180141040857
-0.0224330286738015 -0.026344147081623 -0.382536633809559 0.516825631723941
-0.00914225450756534 -0.019852517417344 0.0736867920276382 0.0185633187111977
-0.00508054799849935 0.00399364746030555 0.155322282604379 -0.617500252308533
0.00744295292285421 -0.00259979055694331 -0.602269653843844 -0.597870824233356
0.00574734344589267 -0.0317626578177165 -0.742575979775086 0.293997961776289
-0.033254528291357 -0.03523121907308 -0.0333504493056339 0.624218411348757
-0.0345441594588276 0.00708330828058167 0.346317554682927 0.231186093339964
0.00123304698946625 0.0202443569420375 0.180717410213383 -0.106033420832905
0.0172983282060505 0.00564958704472396 -0.0665266014888676 -0.198975089994296
-0.00390902310579566 0.0141223185870447 0.100548692689594 0.131832085117825
-0.00902810022141817 0.0125008620499764 -0.137821455612708 -0.023891765815678
-0.00274111649530648 -0.00899575101523816 -0.154162968221233 -0.393170288352007
0.0248704262826428 -0.0334992333884687 0.37071884300076 -0.416898005353767
0.0492949438034066 0.0243230852116817 0.720408033976713 0.280469475186832
-0.0254054101511116 0.0292108804313577 0.104950145540652 0.923412519228876
-0.0299563268948079 -0.00239876846589709 -0.394347285800936 0.508308924098897
-0.0203154156650688 0.00412975370250314 0.0757944956439216 0.0125894732281003
-0.000674326840860332 0.0206401406380428 0.142882630877504 -0.622433612913926
0.0200729605432114 -0.00292321953907046 -0.61623404067016 -0.585507598743448
0.0107212155408916 -0.0335171370243439 -0.73601225933934 0.309044031262149
-0.025802139377414 -0.0269598807276052 -0.0168716055170247 0.619098249509033
-0.0210741968754671 0.0157146278630355 0.348051717131695 0.219657931430804
0.0144349774306102 0.0229166975494252 0.177779094924285 -0.111736381696191
0.0222575408433279 0.00746193319431213 -0.0648301004353769 -0.200422834893011
0.00172567514519882 0.0184106667483707 0.0974401707620476 0.134986230815922
0.00493269791238445 0.0200767218224476 -0.139070395855181 -0.0173284443224123
0.00766796601824355 0.00503091236125121 -0.164909571159237 -0.384545122012054
0.0259233839973543 -0.0237465913677394 0.356554274800151 -0.427533416854992
0.0561636089317602 0.0216436228408833 0.724820813756203 0.249658374689911
-0.0134688314767886 0.0383295944194304 0.134073644158427 0.913416960091108
-0.0357572208746932 0.0220431075403657 -0.384346692782143 0.514704887189367
-0.0315290121512293 0.0276687192230467 0.0718694760468009 0.0168143694284263
0.00442902834466538 0.0384796790937482 0.154360205967365 -0.620293306366157
0.0317174790021583 -0.00280938265909623 -0.598040951072586 -0.608640123277762
0.0172468752890031 -0.0349744456584531 -0.751638588974076 0.278689741504271
-0.0180599808713762 -0.0200638620828157 -0.0343098679023027 0.618178455564236
-0.00899781016971792 0.021900802567729 0.340758649135471 0.228984444561337
0.0258203278405566 0.02450759265338 0.177926575984926 -0.105496912084494
0.0276135476556685 0.00958263611031813 -0.0654742729268969 -0.198601933537048
0.00721687732780711 0.0207538414868267 0.093359665171549 0.140049705884184
0.0159371895194667 0.0250947462467318 -0.141450291989598 -0.00085214714836438
0.0161443381284863 0.0154460823775229 -0.190864647237246 -0.367237949666691
0.0249641693781693 -0.0178004120026242 0.320387307171684 -0.454628598185172
0.0627578142783865 0.0181640312408171 0.742494141272565 0.175731213885259
-0.0001847804130512 0.0448859574236459 0.209906939591888 0.886771378269209
-0.0371114433249867 0.0445474322324998 -0.35081164849857 0.536856944674843
-0.0412972636331427 0.0476305816308909 0.0617609506564833 0.031193211353593
0.00490570329045508 0.0543209096437878 0.191585956181664 -0.607555764874928
0.0413640168975171 0.000647850283260722 -0.550418222155991 -0.666321827882348
0.0236087004034238 -0.0344852514618175 -0.775885383030605 0.209654226760095
-0.0117219876843818 -0.0151408624680434 -0.0821936374271514 0.614453314209696
7.79798828825437E-05 0.026614436569882 0.326875934994923 0.253310739584722
0.0349132936895343 0.0262328869453156 0.180791453471102 -0.0884679077428488
0.0324187960638167 0.011109098635739 -0.0674392907803441 -0.193827144435781
0.0103917426976221 0.0211439061716274 0.0861382507057015 0.147300740821978
0.0240107523856633 0.0264336343635541 -0.142815377632073 0.0252155481859684
0.0215645469511817 0.0190950938904125 -0.22430746353843 -0.342498950391893
0.0250160677764684 -0.0140949441724636 0.262834521868957 -0.490544427257441
0.0663872629894288 0.0112951074813089 0.752191318815779 0.0655831927237671
0.0122209396980377 0.0485255049901355 0.315704724286594 0.830870657358652
-0.0320049902251049 0.05892177184134 -0.302202046185613 0.564288731821957
-0.0479324614098252 0.0598834757624855 0.0477449918674914 0.0541058242063936
0.00254515381490749 0.0663964844755466 0.245548466881468 -0.583430553360579
0.0467526169690441 0.00742415848427885 -0.466730893681547 -0.742191305166366
0.028810161737504 -0.0309304070578626 -0.80646329652563 0.101360039341119
-0.00761001624125841 -0.0115279190906411 -0.152639214138569 0.601930603164241
0.00411705894377772 0.0294826368356853 0.301343839385726 0.290019130728616
0.0408161389031729 0.027969048164854 0.184347524439325 -0.0628089978271273
0.0355758251690976 0.0130099514463028 -0.0717361017892418 -0.187338829289074
-0.0177601887193137 0.000976161583099392 0.0814734489781189 0.150177124566845
-0.0409769519147854 -0.0043322625418363 -0.146056711249751 0.0445969033752524
-0.0427796051505137 -0.0439324992274801 -0.245856617845893 -0.322261279632022
-0.000197898562478212 -0.0632080128240307 0.213161229519339 -0.510256909112889
0.0330805508240132 0.0115723406450872 0.748610340846353 -0.0335851710669941
-0.0428966501808549 0.0238738033208513 0.415695303546609 0.75904588581816
-0.0200707008640234 -0.0575124239642534 -0.241174649683009 0.596069140659796
0.0124533095915911 -0.06035852437644 0.0383388518882595 0.0875717500897045
-0.00287026172572157 -0.0352336251190368 0.305569311341169 -0.53775661871996
-0.0151785909162608 -0.00303413989242324 -0.353125641940415 -0.799522443183291
0.0033322652977737 -0.0222306924420762 -0.81200295172873 -0.00470597399076337
-0.0339619309773639 -0.0588031267695336 -0.23911233831523 0.594080662352766
-0.0569711866596107 -0.0247082726339559 0.277171352799796 0.34026319604431
-0.0239457173497124 0.00479697512026924 0.194848994296412 -0.0292850714198078
0.00815613364231719 -0.00119697331032998 -0.0759460483903937 -0.182527328850368
-0.0174821640682873 0.00252759389590365 0.0891950565654659 0.141474559644103
-0.0392723673063166 -0.00457855717993425 -0.144262748519164 0.0164613729726466
-0.0358381784808284 -0.0440490028934165 -0.211745066986713 -0.356063949962342
0.00765235950944654 -0.0604128909626596 0.281087848513757 -0.480164799812997
0.0346968357245642 0.0170082952133045 0.751631153850101 0.0907924270440034
-0.0441426783100575 0.019281492984359 0.302728266114303 0.832747740906062
-0.0175953000260943 -0.0555192952397446 -0.304238757343497 0.565590713574655
0.00763865084044082 -0.0546233865077897 0.053651931327562 0.0592746127476169
-0.00761244976812789 -0.0268392970944849 0.247213791996324 -0.574919583315545
-0.0112986067473168 -0.00139661044633115 -0.466107432275294 -0.724885198228901
0.00243819538555986 -0.02579288299771 -0.795496538415484 0.124844499798433
-0.0373405170802565 -0.0526523185821685 -0.15300903028709 0.61553459071835
-0.0546092129084408 -0.0140935969155916 0.311768843307838 0.299071259117753
-0.018944991963366 0.0106735252688229 0.190182712026616 -0.060726003684172
0.00932233024732973 0.000112534453856977 -0.0714075757535032 -0.189646763997251
-0.0151432505935537 0.00575448455925251 0.094877308313621 0.135766808797786
-0.0321966626186298 -0.00201307322303271 -0.142195551175312 -0.00747484152667122
-0.0253534649966961 -0.0360588929121034 -0.179208670823981 -0.377883996539322
0.0168125875924331 -0.0537731589434945 0.33339792040887 -0.445970271798495
0.0379193215215189 0.0205465366236422 0.737299709445989 0.194472526438588
-0.0412102968641281 0.0182076915065623 0.199638542349139 0.88421905588086
-0.0173755803606519 -0.0452191109776666 -0.355293896910292 0.536284769054183
0.001071698563287 -0.0398132139237972 0.0657045902275025 0.0355697238477535
-0.00854311986928528 -0.0131337272140005 0.19414562770385 -0.599141302824717
-0.00342136511622827 -0.000859212875216672 -0.546422243262962 -0.651293868124895
0.00325040515781382 -0.0292283439176665 -0.766832786150557 0.222897322153909
-0.0362477673336299 -0.0446048390445412 -0.0849180379285403 0.622298536137542
-0.0462322200744279 -0.00321889093920433 0.332214639267533 0.258518601985509
-0.0103498939092412 0.0161057250502007 0.185176740681904 -0.0862998779646913
0.0118107388465078 0.00231502132256767 -0.0674662622355754 -0.194929158196111
-0.0102126883345609 0.0104715889625765 0.0985111612576958 0.13187626907969
-0.0216373803814795 0.00459726229537173 -0.138697179001946 -0.0214803244660943
-0.0132986941227335 -0.023838543010566 -0.156601671178137 -0.388978878906476
0.0222138368260683 -0.0433665683266418 0.363615446657803 -0.419269754129791
0.0426591202915649 0.0232828687142898 0.720508379932163 0.262863838221561
-0.0344723768075724 0.0222230897263189 0.122682719527099 0.909883818653489
-0.0224776507176098 -0.0266937829400014 -0.387830879483005 0.511758935682176
-0.00908142186391846 -0.0195704802196894 0.0733200950238392 0.0188750635964289
-0.0055627945446252 0.00315927444544243 0.159501097774175 -0.61261721646743
0.0079250985687387 -0.00135135256626539 -0.593109546416016 -0.602455270347067
0.00653572729150275 -0.0321448621435644 -0.742278506169377 0.28600547089501
-0.0329522752464844 -0.0352381609968935 -0.0366130064269314 0.621216341597504
-0.0349195666521075 0.00742573724607347 0.342518194361376 0.232449059162381
0.00103634122302677 0.0195614169818286 0.180700443011369 -0.102833911692396
0.0169532768929803 0.00566213662029848 -0.0643082699150378 -0.198842892995659
-0.00465168070716304 0.0140651524338522 0.0987335263056767 0.131679620584598
-0.00873441480290294 0.0116974662186978 -0.137463568925208 -0.0251614038648418
-0.00279278267675976 -0.00872874038411741 -0.150571829378813 -0.390820014004028
0.0244257105682323 -0.0320588093630157 0.371453720117073 -0.411625033910422
0.0497727743938356 0.0231988258157044 0.714008362122659 0.283540241359541
-0.0268768992231185 0.0292911504847938 0.0969284069421275 0.921103046781215
-0.0302883879933617 -0.00250757108501274 -0.396188925294929 0.502224339739586
-0.020747751644341 0.00408063822080774 0.0746896754773955 0.0130058007961757
-0.00126546644026313 0.0202256541074486 0.147916458156531 -0.616996698937655
0.0196350781341355 -0.00342674593893365 -0.607347670323612 -0.586989304521411
0.0112014751218796 -0.0335319249367468 -0.735656321348115 0.300564870297744
-0.0252608144055004 -0.0266428735669467 -0.0208780718553049 0.616555282662112
-0.0211766249522624 0.0153657423953844 0.345229325074577 0.220871173894263
0.0140984690460411 0.02232222418787 0.177751993426459 -0.109299501378096
0.0224093293234618 0.0080280205206332 -0.0619988336096683 -0.199343023873087
0.00190200620487048 0.0182836681028977 0.0959803027603003 0.135008246301836
0.00446404279403608 0.0199268717503772 -0.138157935210575 -0.0184561169086899
0.00797327313750947 0.00563035578003045 -0.161940840731993 -0.385171807077765
0.0251689732066602 -0.023251319553248 0.357265594298134 -0.426079173964606
0.0559751043179503 0.0217563753748865 0.721526682474672 0.254055461097052
-0.0137193259636655 0.0379791582147955 0.127463635260346 0.910030130097202
-0.0361683865107124 0.0225096224559882 -0.385711647562533 0.509980442979891
-0.0314580522102334 0.0273603334486173 0.0711605463899474 0.0178511942768598
0.00304525922023802 0.0383340483414264 0.159067238759774 -0.61546981993132
0.0306783337280105 -0.00265236339403441 -0.591253439782664 -0.610227176828458
0.0170653610782178 -0.0342135679974509 -0.746457163046487 0.270497481401118
-0.0183286375579512 -0.0196946415134422 -0.039157788122403 0.615837730457545
-0.00914538010081785 0.0213941849737569 0.338526973482252 0.228808549178481
0.0254333606269278 0.0245531598762005 0.179135538508938 -0.103818885563485
0.0271639614905867 0.00949551192793699 -0.0623722028782504 -0.197380802837504
0.00704500213220503 0.0209708743521027 0.0907648564222699 0.139985781133221
0.0159981854502229 0.0249392084135959 -0.140466755472675 -0.00112104892138273
0.0168250404413295 0.0161274886487326 -0.188141714640366 -0.368706659880576
0.0255618984022945 -0.0163897166194809 0.319482217132526 -0.452294657144226
0.0615249807042396 0.0173617335104071 0.736128192147418 0.179111580723253
-0.000551850069140471 0.044793079613251 0.203380485409861 0.884177327861555
-0.0375406441697436 0.0436016794695341 -0.353920627103943 0.530493790184903
-0.0419418631780648 0.0467851465432908 0.0607082690719219 0.0314984284922235
0.00413554880070588 0.0548517454283338 0.198103056058973 -0.603033932008308
0.0406820764731509 0.00111193704670215 -0.540810992992388 -0.666931377987642
0.0237775614584801 -0.0337471266308485 -0.773203257082525 0.203291453552977
-0.0115038924475234 -0.0145504916951832 -0.0863408020043672 0.611452071959208
0.000435748747283055 0.0266229986857246 0.322973617947899 0.254551098875732
0.0346220533658569 0.0255523312022782 0.180814149677755 -0.0855595416905337
0.0316124373902248 0.0100144018094124 -0.0659566109104776 -0.19384692784288
0.0107456774900765 0.02192137666892 0.0832267962675635 0.146516184595882
0.0232542057893493 0.026594986169726 -0.143452028464637 0.0236065096648471
0.0231763146841934 0.0201632567648372 -0.220638185532958 -0.34122399488492
0.025407148182937 -0.0137990913544509 0.264658763727324 -0.487956944190425
0.0657209219587088 0.011116270545965 0.747259243278892 0.0720400250626471
0.0112356087801782 0.0479993401927684 0.309641679651318 0.831485330379712
-0.0323450174251542 0.0579526526812778 -0.305823628896258 0.559067116929577
-0.0480099247184499 0.0582605225983321 0.0473647504891191 0.0539630293869927
0.000978015761894992 0.0663653776457311 0.249944678937005 -0.578321164454425
0.0464788956782723 0.00752703705113444 -0.459719426394977 -0.742219437466038
0.0295714782775472 -0.0310130865645712 -0.804034517113409 0.0919476930640786
-0.00778742470594406 -0.012315120553306 -0.157285986036379 0.596737587538792
0.00386555337765916 0.0294063150956258 0.298292766585453 0.291378069328796
0.0402866833662441 0.0276683670613659 0.184485275061743 -0.0608384192202496
0.0350289454232144 0.0129881941040334 -0.0702354654679473 -0.186682971658888
-0.0173885633473537 0.000246253335825959 0.0803039259089241 0.1497813867708
-0.0414786856145887 -0.0042347380160984 -0.146468567433684 0.0426509177182928
-0.0429430547261874 -0.0429330178047269 -0.246091793148987 -0.324295119441917
-0.00105779625357093 -0.0628011085780315 0.215425301286521 -0.508554262545357
0.0321042593763573 0.0121105789689253 0.743755185746036 -0.0274226786686063
-0.0426709474999909 0.0235017560135442 0.409982056742306 0.761336172370055
-0.0201282269276071 -0.0571697878159861 -0.245803536515222 0.591961738288006
0.0129407673452403 -0.060839407839458 0.0370654364428471 0.0868023911675154
-0.00363314001205209 -0.0353683220899859 0.310256350021754 -0.533199259765818
-0.0151549560776748 -0.00393288355536443 -0.343486242729782 -0.803044829717713
0.00287516379229076 -0.0217300355833588 -0.811317642244293 -0.0128105989094959
-0.0325645929077115 -0.0582635131707256 -0.242223291650976 0.591129300360881
-0.0567625407906655 -0.0246603987255337 0.274393287263823 0.342295262541454
-0.0236166574226165 0.00486866941202113 0.195190735896072 -0.0269558479383581
0.00747157639109422 -0.00253120282779739 -0.0745026084989964 -0.182760933305203
-0.017078110847184 0.00328934118396715 0.0871387818328827 0.142277245595566
-0.0392940850639007 -0.00522373021755689 -0.144477721021603 0.0140007418671145
-0.0353357137985147 -0.0427080503429589 -0.208307206717831 -0.356802560615879
0.00744367900844094 -0.0598819780445633 0.284056216664297 -0.476707069489343
0.034342914633621 0.0170564406153056 0.75018424182268 0.0955423934990918
-0.0447422379842286 0.0188667352174593 0.295447478052941 0.834994138793462
-0.017416838274802 -0.055981558195306 -0.308807444643765 0.561538987727243
0.00879099343001443 -0.0546053167251023 0.0515924106110316 0.059851262307893
-0.00725437567502816 -0.0266127043383947 0.251824452897453 -0.571363478439164
-0.0119645434602176 -0.00108362052964187 -0.458519908618931 -0.727168185088162
0.00267175935307087 -0.0253235739574685 -0.794355862218021 0.117408596532672
-0.0373290855388863 -0.0534994042522084 -0.159285477500001 0.614504401627118
-0.0542065533717217 -0.0143136795404587 0.306916697149088 0.299882136087969
-0.0189470400388021 0.00923278501372243 0.191114849446445 -0.0591656621079247
0.00869045922538011 -0.000645652453733954 -0.0699628422085539 -0.189704570143098
-0.0144554725571078 0.00631613662657047 0.0930040622504975 0.135111134163131
-0.032635083281383 -0.0020070654309686 -0.141493693863181 -0.00787995180633663
-0.0244947583822228 -0.036168478547737 -0.176119220808126 -0.377639904481853
0.0158169467102959 -0.0530736739138721 0.335145093502235 -0.443142161646882
0.0384590692458968 0.0206289562550146 0.734360583630753 0.200081708239721
-0.0416714084998766 0.0173480996163972 0.190993559214918 0.883580068416309
-0.0182366802299574 -0.0443990097333244 -0.358224310659714 0.530851814505035
0.00146261177890931 -0.0400046232875347 0.064250315920845 0.0363126210911845
-0.00798674580487022 -0.0129978895510454 0.199722164269162 -0.592898585322501
-0.00309158858340952 -0.000557924566865434 -0.537889360635261 -0.656297143078864
0.00248928037744935 -0.0288317477773898 -0.766624110435858 0.21543074188699
-0.0360996353003295 -0.0441391765454262 -0.0874667844921396 0.622115382149918
-0.0457137048655068 -0.00278218631416209 0.329515713158511 0.260149192418259
-0.010533584613341 0.0146711574516377 0.185452080910747 -0.0838257627882497
0.012346505901702 0.00118925488798549 -0.0659347890459459 -0.195862706669917
-0.0107811636904869 0.00965430572647506 0.0960872249460763 0.131864795206948
-0.0213983681416451 0.00404697804586259 -0.138473554373495 -0.0227598467237903
-0.013171525831335 -0.0243906073228237 -0.154244454671511 -0.389258108730304
0.0212661075480632 -0.0429879351839059 0.364553009600794 -0.415152897595869
0.0420210373575725 0.0224513180572326 0.714873143226226 0.268859254759804
-0.0348258735223827 0.0216935115839604 0.116649901072657 0.911383903591968
-0.0220210890647911 -0.0259264260381774 -0.38956067279427 0.50575238188707
-0.00875047518597698 -0.0194292702289103 0.0725556209519676 0.0201438420041172
-0.00588891527248617 0.00278782058552639 0.16532896870934 -0.609181806863814
0.00664607845542861 -0.00146004693982391 -0.584988976871881 -0.606715197924102
0.0065332229424917 -0.0319438180871744 -0.742052502173538 0.279802117627442
-0.0325330374148252 -0.0352268082230228 -0.0416749393891388 0.62097630161118
-0.0345957000279516 0.00762552291188916 0.341539710849872 0.233433480841374
0.00132745015115573 0.018771003916876 0.181522034168603 -0.102061516826416
0.0156513472252658 0.00454133801884523 -0.0622315535981997 -0.19861621742293
-0.00480595321004605 0.014188183723683 0.096324252423467 0.131293853305748
-0.00798159658116688 0.0122852894122302 -0.137568275316828 -0.0268064400572352
-0.00209194375816592 -0.00832074425537871 -0.149489143570235 -0.389741148902853
0.0247731576523044 -0.0317761840801274 0.373700703766573 -0.406948550731595
0.048044247257507 0.0237007955578177 0.710184252381828 0.289008218079301
-0.0250022774680102 0.0295283587109175 0.0910825393609088 0.920546678419735
-0.0306476884975531 -0.00386491594542375 -0.400286285820863 0.499238638991424
-0.0197664734566914 0.00358094033136675 0.0736644532403292 0.0133477544273178
-0.00139695751487807 0.0207366134461058 0.152765829276333 -0.615238490636249
0.0184055708956681 -0.00244687546295647 -0.602353617917912 -0.591606629619457
0.0115513795912881 -0.0338796206460892 -0.735951888038595 0.295018034444201
-0.0252934058881846 -0.0271073370611369 -0.0267168161531584 0.617304148871984
-0.0208868598478146 0.0155845172240347 0.342442559876405 0.223069868667925
0.0138374010732489 0.022029215102343 0.17894609551591 -0.107698912580494
0.0215988095586548 0.00704104739994538 -0.0603205324733874 -0.199356063645127
0.000873555787023724 0.0192601975858915 0.0935122864335625 0.133943896032567
0.00497130525634584 0.0204262986188068 -0.13862693967747 -0.0195146834343892
0.00773731489153902 0.00648621884643078 -0.1588438620158 -0.384452766035988
0.0254960262773884 -0.0229050642088226 0.358685812715936 -0.420745205192373
0.0557010173653122 0.0219044546402738 0.717582900295821 0.25854107200945
-0.0142611677710636 0.038281638793376 0.121424117228196 0.909733084597282
-0.0362747329408299 0.0217834533766534 -0.389465277011385 0.503287615403111
-0.0312145186895466 0.0263736711714719 0.0688583759525781 0.0176327631114963
0.00287509546661723 0.0379469852094932 0.165740792555715 -0.610325015793376
0.0307676600535576 -0.00171389513474804 -0.584401054744301 -0.617068157698906
0.0169213353729819 -0.034083521628659 -0.748644041102115 0.264623672132212
-0.0184756326714909 -0.0202582517256277 -0.0422611850006451 0.614215589859202
-0.00833508174681967 0.0216663484264059 0.335274214749233 0.230537035937101
0.0250965783703803 0.0240599726346734 0.178938479341773 -0.102439519053827
0.0261338797531698 0.00991290383804652 -0.0602325669830092 -0.197896836530204
0.00652575277795014 0.0215042550833249 0.0886758870801745 0.138985217929299
0.0158923446416196 0.0244544320315941 -0.140597614490185 -0.00348363908191332
0.0166787324277359 0.015581300362002 -0.184275798990904 -0.368390267238832
0.0248869052262174 -0.0155564370042472 0.322896552945106 -0.448565259814848
0.0618791232827107 0.0166089162179671 0.732277943510347 0.183835366294436
-0.00138112546188465 0.0449228656963985 0.196956927057136 0.88236775499723
-0.0378106514517457 0.0435301999126881 -0.358748602523789 0.52603889799325
-0.0419313468000946 0.0452064323147267 0.0593311416824024 0.0322539783868935
0.00372788131175695 0.0540026755926938 0.201758105466679 -0.598740945486843
0.040604234761237 0.0021432908801585 -0.534190441975167 -0.670140830514933
0.0228703306964674 -0.032989715968905 -0.774279538223415 0.1956261334461
-0.0113365804584831 -0.0142535459956343 -0.090150435671488 0.60873371943262
-0.000521198620636709 0.0258357759190581 0.320659916292484 0.256277845667824
0.0342771249435399 0.0260047907853762 0.181600195494531 -0.0841568737361807
0.0311743151016632 0.0109276797859302 -0.0633819532670125 -0.19375389565789
0.0102319171666712 0.0216205675671205 0.0815285834864527 0.145744441405274
0.0237833441887467 0.0266026308427594 -0.142690416248799 0.0223592167228734
0.0229365265630525 0.0204008920101648 -0.217865174798152 -0.34240640789028
0.0243857473732151 -0.012761325846875 0.267910746253653 -0.484168913360159
0.0655370415557775 0.011319693394304 0.746369975803768 0.0769600361854563
0.0105341442337314 0.0483289867250174 0.304738690473159 0.832837738894031
-0.0324470269244259 0.0580700034294353 -0.31044798887841 0.555121939731797
-0.047676976568992 0.0582057638307737 0.0446629156617509 0.0545788900823814
0.000418353498335758 0.0656144871370967 0.254459108983905 -0.575270608015346
0.046732625350409 0.0081217807047379 -0.45219734968392 -0.745747355803336
0.0297596513732639 -0.0307013112724314 -0.801429175680328 0.0863040424472301
-0.00849765919999622 -0.0116664894904718 -0.163325577433747 0.596294423629828
0.0036974244771445 0.0287372017450183 0.295432233808682 0.292981175889148
0.039299844800072 0.0273252414203328 0.184953887841445 -0.058763518231544
0.0341885991743903 0.0125696425879101 -0.0676338329983662 -0.187723351655844
-0.0174846621104894 0.000969316595657145 0.0781758163111817 0.149026155349448
-0.0403014134723405 -0.00462125141923289 -0.146610520895012 0.0415264477402949
-0.0409060997355757 -0.0434817769107577 -0.24460453175541 -0.326330108402493
-0.00075373322321751 -0.0624154689250355 0.219598113382457 -0.507358137586164
0.031649302299234 0.0114493600035602 0.746222291172918 -0.0202869661494263
-0.0429590296217834 0.0240460743160345 0.403088864729941 0.766361219875822
-0.0206193877779546 -0.0568145313480399 -0.252896287131435 0.590071156984602
0.0134971425847432 -0.0607997184199303 0.0358240764946408 0.0876110088196215
-0.00294594943397642 -0.0361467463401349 0.314521645005173 -0.529426645879289
-0.0159766631057018 -0.00304210243098555 -0.338880725929883 -0.803436370064372
0.00299521210173517 -0.022569716833523 -0.811239568397334 -0.0204616965256734
-0.0322419463981901 -0.0590426283585885 -0.24787203455699 0.589592065875975
-0.0573877537024616 -0.0251371273054487 0.273205648458043 0.34300750348941
-0.0235402235042861 0.00403920648355314 0.195319110680757 -0.0259511028204627
0.00781226559967059 -0.00281848580727655 -0.072572770451734 -0.182778188467794
-0.0175120322365796 0.00328794275579194 0.0860925093950705 0.14123130956268
-0.0393394559080744 -0.00498890120831339 -0.145109894858508 0.0128817385806682
-0.0348592740991878 -0.0428675233652848 -0.207249423657119 -0.35865700085051
0.0087127437667294 -0.0597229874864184 0.286511537099199 -0.474287369182018
0.0342285787542366 0.0161022659325855 0.749170656763654 0.102865520753378
-0.044633933424259 0.0188675252984558 0.290034360710501 0.838866767182203
-0.0173615023255719 -0.0557874833762462 -0.313786288291572 0.559365193185706
0.0105953305773552 -0.0541048608381144 0.0511091240877249 0.0601325561202773
-0.00793924011353326 -0.0277017557232259 0.258343553658466 -0.56617334791552
-0.0116568365935306 -0.00130993301709899 -0.45067152883185 -0.732008417181995
0.00196864688713798 -0.0257241369132483 -0.796614678559942 0.111402926539559
-0.0361960972901773 -0.05374277854431 -0.163833438953107 0.612373522183083
-0.0538756431665749 -0.0153012330895068 0.305873049838569 0.301676815334129
-0.0186724218323276 0.00917867048753796 0.191714361263248 -0.0572608426140973
0.00870964429285087 -0.0004539014678557 -0.0672027675246705 -0.191040429317783
-0.0154604352759086 0.00589932042066813 0.0911448686202651 0.136049327792159
-0.0318810463822744 -0.00184824730168524 -0.141822320254242 -0.0104348568749773
-0.023928056442514 -0.0356345056305324 -0.174706715472518 -0.37885530901419
0.0163718658382006 -0.0527827158084155 0.338975967699651 -0.44037790329249
0.0370854256801128 0.0209701610638087 0.732932257017186 0.207699624765183
-0.0417774657851233 0.0177246895638513 0.184614798158362 0.887063836590564
-0.0172760848385412 -0.0454000449235375 -0.364043371524706 0.527799305723864
0.0016485267117622 -0.0405653738236228 0.0634390633887854 0.0362871624829205
-0.0086877246118347 -0.0140569066566835 0.206975202910157 -0.592046703060249
-0.00324644237274253 -0.000891598998936084 -0.533191198048528 -0.66184944796236
0.00365852264989902 -0.0293909001030471 -0.77146883826092 0.210981716096526
-0.0360449833563986 -0.0459858691823404 -0.0940066004709688 0.621857596225597
-0.0464687200728098 -0.00278817450680488 0.327525958691123 0.26194375156942
-0.0105327746781587 0.0147931048692268 0.187436639469391 -0.0830558519120457
0.0115805914602227 0.00170414415019993 -0.0635504012488171 -0.195138101523996
-0.0105355856879695 0.0104058624692758 0.0952009198217663 0.131380985443213
-0.0204815535410576 0.0040952062979779 -0.138366063268763 -0.0241574093729267
-0.012214768660242 -0.0230004358738863 -0.151831626878541 -0.389383903119466
0.0217246769253863 -0.0419594471346435 0.367831003574857 -0.413210550332716
0.0416300109304573 0.023116865762064 0.714674603608408 0.275118847309552
-0.035043761496641 0.0216386744993857 0.108337442028546 0.91162592665561
-0.0216404744124928 -0.0262460948663019 -0.395076182813704 0.504910038665667
-0.00788096302508473 -0.0198268779165231 0.0713968787563743 0.0207071098705618
-0.00577661093716498 0.00306939154233991 0.172006756771864 -0.607025590726563
0.00722705503434406 -0.00164378227681175 -0.580321661501284 -0.612610137379537
0.00690850640442829 -0.0314149718966643 -0.74551842512678 0.272906399990574
-0.0311532671542611 -0.0367434009872024 -0.0465579134205018 0.621478936730152
-0.034452265406363 0.00675987075027808 0.340569195629987 0.236794045795199
0.00167423176602306 0.0192914801973006 0.183050095918456 -0.0999962562509042
0.0157219026164384 0.00437394598982882 -0.0598120438744805 -0.198655891119639
-0.00463067469732402 0.0148943391323623 0.0947813740850786 0.131725652271608
-0.00758066326122627 0.0121885160752336 -0.137403181813485 -0.0278006690507018
-0.000851277167944756 -0.00835702111902504 -0.145607456576795 -0.391531188910717
0.0244854313689024 -0.0312029035245554 0.376766878525939 -0.405488526536437
0.047769007962494 0.0232253235078364 0.707073303006629 0.295733311440817
-0.0262403549998146 0.0284937680720468 0.0820294918279228 0.919204917366987
-0.0290257187843253 -0.00198397866136636 -0.406285539095723 0.49472150992612
-0.0194272066979024 0.00343688595510334 0.0736072042088368 0.0140239624525514
-0.00173514504893372 0.0203141413614812 0.159625220251119 -0.612538454224649
0.0187932451592917 -0.00216190127895279 -0.594528031055557 -0.597850097353545
0.0114706192327937 -0.0340627309143252 -0.739776432258591 0.28863708292398
-0.0253182164635096 -0.0262467071149743 -0.0308544281906699 0.616555713318815
-0.0209450424799654 0.0154847431796775 0.341883044854135 0.22566886189796
0.0142104382834263 0.0214572694352175 0.180017112148062 -0.106610102741516
0.021125203734769 0.00612032525140456 -0.0575841852249267 -0.199089181486887
0.00186030085767638 0.0193237416675884 0.0920454965564772 0.133560362347138
0.00441313234431192 0.0200754780258967 -0.138383346255239 -0.0210912986836116
0.00814669250797505 0.00638956929772207 -0.156416689400192 -0.387066068759436
0.0243147000028078 -0.021042514358073 0.360813300330431 -0.419095229754156
0.0547489910989754 0.0220058036908592 0.713157715130292 0.266072736850216
-0.0146232367532919 0.0382168140799995 0.11376537987261 0.911704944088451
-0.0366575810818673 0.0208628563135261 -0.394509325919566 0.501450391307565
-0.0313909706871518 0.0263078200054049 0.0686487592871074 0.0189474347853546
0.002335292861219 0.037402483094428 0.171965901925769 -0.608232759323112
0.0310673853175468 -0.00201063434091646 -0.577952118381993 -0.621321312106677
0.0170533976933897 -0.033785083434277 -0.751772362116641 0.258590213803031
-0.0174591362350241 -0.020690237032477 -0.0494811751080376 0.614616468631418
-0.00898332957936349 0.0220570527602257 0.333805623836691 0.232887850259906
0.0256364317431442 0.0230987090435998 0.180486020597864 -0.0998841174681522
0.0262091344484193 0.00927389324567708 -0.0585584978735316 -0.1980092120211
0.0055992063661565 0.0218621375428319 0.0868469766592748 0.139244963964893
0.01609962136435 0.0250158970379462 -0.140077335618681 -0.0048674808844836
0.017174647010932 0.0160039357820477 -0.182296089488244 -0.370836994351422
0.0251638252749631 -0.0149252215559981 0.324974686267946 -0.446382370575457
0.0610351765320111 0.0175338174925075 0.730414884997367 0.193044186372925
-0.00179367867345177 0.0452940251529994 0.190651001648541 0.886901280001451
-0.0379963097050252 0.0427523990033802 -0.362892552247762 0.523049224748168
-0.0419260583124787 0.0456316754774715 0.0591209257583318 0.032916474256304
0.00288813033819002 0.0532181764334703 0.207841183699006 -0.596452164086186
0.0398939999860901 0.0023600508827546 -0.529113947643299 -0.67533045510287
0.0242964373090647 -0.0338342518822014 -0.776461186501942 0.187014451076653
-0.0109478046730415 -0.0147588048801553 -0.0965077846791043 0.609161739725261
-0.00014438933741771 0.0259129502413045 0.317897826542271 0.257492145810608
0.0340007677322102 0.0246090364270455 0.18216212547046 -0.0827995932828961
0.0310119011636299 0.0114353205517785 -0.0607772845551986 -0.194816868678808
0.010315965796971 0.0223647171691431 0.0790411347128094 0.146017456357536
0.0239242027206539 0.0267229356851931 -0.142461862456916 0.0210752938158689
0.0230818931313167 0.0207782841262414 -0.216131574859409 -0.342822565098934
0.0243015140791239 -0.0119628782003931 0.269940761978167 -0.48225607455183
0.064584562392996 0.0116544807525624 0.744564311677762 0.0849336233073954
0.0107126404223502 0.048468732768932 0.295731033495101 0.835034356936518
-0.0339661914693995 0.0585761737684684 -0.315234191787821 0.551745959927788
-0.0487945932928701 0.0578242346953173 0.0451613101755693 0.0544745113665352
-3.82780908317025E-05 0.0651955205801914 0.258868095097798 -0.570686060688231
0.0461066384784846 0.00934287272473659 -0.443068624350437 -0.749073720070288
0.0291045978050958 -0.0303591350435171 -0.803524624466649 0.0783796192954352
-0.00837024490640836 -0.0125866547880695 -0.168200114102945 0.596340801886939
0.00318974655825837 0.029378109187787 0.293767397399855 0.295861166326288
0.0390450202024267 0.026661374385837 0.185258285200823 -0.056605011517736
0.0329776646209035 0.0118170325712012 -0.0657060899345289 -0.187523133622611
-0.0182669781435248 0.000781210134081167 0.076648417338852 0.149293393749546
-0.0408798165996739 -0.005029996067474 -0.147400396529529 0.0396542105603024
-0.0410781587916486 -0.0435871602404354 -0.242944604379817 -0.326614947510767
0.000368634204188086 -0.0629971916763237 0.222586910537075 -0.506498114775109
0.0321674532618863 0.0113458637498291 0.748423419009229 -0.0144400092303879
-0.0435365118913829 0.0229447801738278 0.398198836679713 0.770961337937074
-0.0201751562655766 -0.0576212627995759 -0.259223086093577 0.588804308729866
0.0139653679405553 -0.0607515570193266 0.0344447951326495 0.0878725906722366
-0.00282705670380014 -0.0363623549794284 0.321817530378693 -0.527152797457218
-0.0160753391300437 -0.0026579703933579 -0.331459850768873 -0.811192409853229
0.0029409033039264 -0.0217116239682263 -0.81341118941927 -0.0284474950038323
-0.0330144753706273 -0.0597968266187641 -0.253844965358955 0.590609877742778
-0.0567380660203061 -0.02592279204838 0.271912722170978 0.345315058408022
-0.0230217172095189 0.00315209069976327 0.196834405922431 -0.0240458036279654
0.00751918620806791 -0.00293741528099224 -0.0699458378378986 -0.183798117339321
-0.0170296779845412 0.00296867041161422 0.0839227285334094 0.141503946231488
-0.0383602097809969 -0.00482823216071385 -0.144541226052809 0.0107017228142993
-0.0340438628840373 -0.0430631658337686 -0.205713448959357 -0.360813350750376
0.00783893287487051 -0.0598388320037421 0.291522193381982 -0.474534897403866
0.0339779466087007 0.0164293077661212 0.749558933188139 0.110134004177388
-0.0455283408696275 0.0186125194140699 0.284376453567897 0.842673661296453
-0.0167108755727321 -0.0560439862915679 -0.319940110174793 0.557931122295344
0.0109783738193793 -0.053936622880112 0.0508173614757337 0.0599800787347247
-0.00733682933036563 -0.0276072849437555 0.263647917984745 -0.566479442700234
-0.0121371706605178 -0.00188234377523221 -0.445723257355122 -0.738019780762225
0.00229535185023418 -0.0258895813834859 -0.799071449139579 0.103682991240513
-0.0358011909663524 -0.0536791425950687 -0.168746903196407 0.614527398870469
-0.054601896892906 -0.0150829274115787 0.305096739045182 0.30532015247856
-0.0183676935383548 0.00908564781954052 0.194338729486102 -0.0551675258576149
0.00812401537829306 -0.00137153051306578 -0.0650760187776027 -0.191270607565384
-0.0155807018681842 0.0058821044815012 0.0893477144799358 0.136132403360958
-0.0315067507978728 -0.00216395030204741 -0.141392334892136 -0.011428566903221
-0.0233495073226001 -0.0356516291434486 -0.173021822706544 -0.381586821149423
0.0157538164424279 -0.051351426169913 0.3427073057717 -0.440110594629308
0.0369216627954801 0.0204419472484721 0.733722770233308 0.214334675978141
-0.0417693196561091 0.0176353811030135 0.178861530138514 0.891002101029414
-0.0167039560108691 -0.0459476861464535 -0.370634195047112 0.526588720937026
0.00245498975562697 -0.040513413936612 0.0628309455530545 0.0375115190462083
-0.00819365155485881 -0.0143294455515753 0.213180031129965 -0.591550514470844
-0.00379810885359283 -0.000854887287066917 -0.528458759192418 -0.669399407399186
0.00380327227490359 -0.0288049057217115 -0.774549949403187 0.203672407515431
-0.0366596029213247 -0.0456518551887817 -0.0979784498407487 0.624458792282888
-0.0464218603774283 -0.00324742682599699 0.328417201233089 0.266581499543458
-0.0104139624086918 0.0145129043743218 0.189180633620553 -0.0815343813364712
0.0112796255136092 0.000911056255829065 -0.0616126561130601 -0.196633853037579
-0.0107934350756993 0.0103927577544706 0.0919692935961984 0.13212405945934
-0.0210857959822749 0.00407194763089153 -0.137895288184038 -0.0261300968325097
-0.011967170927815 -0.0227298044690004 -0.150505796177068 -0.392830590053204
0.0215466097138401 -0.0408532218007147 0.372101386918931 -0.412012775906829
0.041986288102698 0.0232293452434375 0.713310486694128 0.284045654500597
-0.0349868729254116 0.020748547900105 0.102867886543373 0.915771544125395
-0.0215331460839948 -0.0267631371013899 -0.400615360508809 0.502669181092871
-0.00776308084982693 -0.0204162954094287 0.0709842236523496 0.0215217600745454
-0.00697949770029136 0.00309094122037974 0.178831317666078 -0.606660101520234
0.00695440684862743 -0.000794559367537973 -0.577125542997069 -0.619882630042455
0.00734428826920934 -0.0324326995212982 -0.750872895347582 0.266848951677881
-0.031747019414842 -0.03624833651515 -0.0519768535568791 0.625763194473995
-0.0349504959130305 0.00681380927368198 0.339730249408913 0.239200727125391
0.00147980228335877 0.0188748803371001 0.185342235972952 -0.0988553326048303
0.0159273214548207 0.00405412935936366 -0.0572058070904798 -0.199668540416479
-0.00522106533563257 0.0151525896436117 0.0925405138539588 0.131739252823094
-0.00819466255864195 0.0115220207125664 -0.13787172893766 -0.0290288634173518
-0.00102180584746697 -0.00767521001305882 -0.144314735239541 -0.393857260718443
0.0244254940877254 -0.0307145337834445 0.379746525610803 -0.402210603168475
0.0479609846347818 0.0234821860645732 0.706994768078801 0.303957965285607
-0.0258693775695099 0.0286622188553655 0.0771661334320016 0.922252560097387
-0.0298165614513294 -0.00290465172576667 -0.411536305495317 0.492271302798746
-0.0199827416632178 0.00279848995712488 0.0730946412086669 0.0154891039221662
-0.00202137370170101 0.0200639094983377 0.165176061470894 -0.612280439806681
0.0190331569297295 -0.00159048026476547 -0.592000647352744 -0.605152961104355
0.0118669715491916 -0.033725511696616 -0.743223384773202 0.281837894742664
-0.0252203516764826 -0.0276490879737629 -0.0366749469091738 0.619003129888318
-0.0215236992343987 0.0149683024411932 0.340257822667989 0.227896180735854
0.0141978517664977 0.020901997061779 0.182623958468575 -0.104924599355553
0.0212046287928647 0.00690750994698057 -0.0564056309565383 -0.201335113849757
0.00138615260674083 0.0191823878193347 0.0902559519644774 0.134383832043809
0.00496206618298182 0.0192823633353138 -0.139200371398143 -0.0227264727552242
0.00892578150188928 0.00649189922604001 -0.155673821028893 -0.387054953540207
0.0246532098185041 -0.020698392590387 0.367751345143805 -0.415593618061794
0.0545141128390763 0.0219349848816114 0.71335548398664 0.273432178975537
-0.0149873249603845 0.0390489622661239 0.107010106764963 0.915987982952176
-0.0366536436757367 0.0214512825097376 -0.400288723858411 0.498761077457727
-0.0323066257739806 0.0254480343810736 0.0683973504294957 0.0194001109327972
0.00121302628956989 0.0380958112805775 0.179154540452071 -0.608915504134883
0.0305760645474705 -0.00117042007447615 -0.573272034249657 -0.628397738964798
0.0173157507761942 -0.0338651213561571 -0.755258638507557 0.252254331501554
-0.0179887400247635 -0.0201874692659553 -0.0534956290403627 0.615415176404367
-0.00917835390213324 0.0211395468635386 0.334274547462561 0.236749072418616
0.0250773879090884 0.0230909961637025 0.181482427616834 -0.0990560766992213
0.0256194112469244 0.00887238807813659 -0.0569312754270529 -0.199626632105891
0.00613137151640604 0.0223537335508308 0.085203946506836 0.140140844018706
0.0160952199765726 0.025812530048516 -0.141256916770497 -0.00528343473128806
0.0170880603646357 0.0167034612668654 -0.178658790035576 -0.372039693468921
0.0251535592740784 -0.0137099019340109 0.329539545944662 -0.445960237138648
0.0612077908886264 0.0181288301167212 0.731140340465561 0.198719283531483
-0.00162565929106848 0.0459887928296562 0.183445694301927 0.890269380986115
-0.038758594166634 0.0429510906020018 -0.369346411414975 0.521620942052322
-0.0423505567938474 0.0449861184544964 0.0586515283558583 0.0334901664339568
0.00251309321965178 0.0540122349880585 0.216136251403286 -0.594869739212488
0.0399854284829307 0.00272721794487928 -0.523450565588711 -0.683636995595456
0.0242587018184756 -0.0333160986767041 -0.779625111734539 0.181586444144678
-0.0123671669753897 -0.01434508844485 -0.101173014725572 0.610893399335389
-0.00016387856844248 0.0262038991030453 0.317802462162506 0.262126645997685
0.0341598855511166 0.0250601045391902 0.183954149300252 -0.0815133914981098
0.0301574737519963 0.0110932816768981 -0.0581658179634163 -0.195163582999482
0.0103494363599962 0.0226420609426421 0.077776981316593 0.146447653093271
0.0242881932721353 0.0263859656975661 -0.144713857683984 0.0200931173564552
0.0234895913309306 0.0217543390531785 -0.214157121504081 -0.345380020863408
0.0241428756546692 -0.0114363961196037 0.274807486515941 -0.481190036023255
0.0643066123270965 0.0116677066262996 0.747289885674543 0.0911162162959042
0.00991607530420838 0.0487023519272533 0.292312295136541 0.83953654776843
-0.0341172447549834 0.0585818508544164 -0.32027605932445 0.550036098026164
-0.0493424050028078 0.0573336722369231 0.043341453995252 0.0561389596516128
-0.00106443415557304 0.0660197562010446 0.266672244427375 -0.570056392192275
0.0462029768209602 0.00909076935478969 -0.436720346887516 -0.756602260541094
0.0292164506990377 -0.0304691869264745 -0.807812269694519 0.0731775068611311
-0.00756317342752839 -0.0111874180248016 -0.171944396739777 0.596348950062529
0.0032267327296352 0.0293465819423424 0.292165842953064 0.296706999309929
0.0388318883726478 0.0272875136855736 0.186840475733514 -0.0550298842418759
0.0327052510037225 0.0120227420059108 -0.063977762048463 -0.188722697003843
-0.0174701671568429 0.000912027184635614 0.075583130734474 0.150905796641142
-0.040371998346131 -0.00466122144417063 -0.148416763781444 0.0392881185088371
-0.041419157329129 -0.043331955462035 -0.242557703414021 -0.331190847213509
-0.000500767832959333 -0.0625274372576031 0.228509642890968 -0.508533250935144
0.0324307554048687 0.0112943541947516 0.75303724813547 -0.00581332728666489
-0.0440018407419236 0.024050420549621 0.396411521026106 0.780464187769844
-0.0192119767365244 -0.0585560753229942 -0.264387622436329 0.590808291586218
0.0153852082138054 -0.0614268790175157 0.0329274793360989 0.0891030856632457
-0.00425167872727269 -0.0360451658124767 0.330095740719753 -0.527570133366057
-0.0157498402553744 -0.00347782521569669 -0.32627242634098 -0.819197666600994
0.00304805679453498 -0.021266809640624 -0.818747368228169 -0.035127440430326
-0.0327806159711439 -0.0612205240364049 -0.25991355104972 0.593379844473657
-0.0568544134321604 -0.0265857850021906 0.270758001785555 0.349752689582581
-0.0223714921887323 0.0027296879072919 0.198466268139151 -0.0228572602054108
0.00725971380730555 -0.00330871212480776 -0.0684456168753169 -0.185328677285367
-0.0181411809549342 0.00266033699321796 0.0830524612982493 0.142659342665284
-0.0390370236564288 -0.00586658727876969 -0.147230077185664 0.010157356899086
-0.0342531222102221 -0.0425832748560702 -0.205768367332275 -0.36450263226306
0.00877120083686584 -0.0588707633313603 0.295853490859035 -0.476330929476846
0.033424083315771 0.0170754301318397 0.752615695584312 0.117894266188688
-0.044388488843483 0.018618742444424 0.279851400133534 0.851662892973967
-0.01619744712877 -0.0566239796857206 -0.328420922177065 0.558693693441584
0.011226317290623 -0.0549277027083111 0.0492286343637143 0.0611644145711395
-0.00838570450042623 -0.0285084418817173 0.271955752770958 -0.566139860880697
-0.0123565187583049 -0.001817417656032 -0.440899795611394 -0.74748599149072
0.0024323383562211 -0.0257620975988896 -0.805639311622034 0.0974452323292673
-0.0356099709954203 -0.0550848142311256 -0.174622508532479 0.617368200503974
-0.0544795907075122 -0.0154640109579577 0.305139943819704 0.306471427378651
-0.0185284928631077 0.00853947057208707 0.195390841136806 -0.0549651564065586
0.00892455248741566 -0.00145773974386256 -0.0640059370195598 -0.192506537940604
-0.0156481457592109 0.00629570710639889 0.0888965501446742 0.136833734737712
-0.0318436819270171 -0.00290074028653518 -0.143115125006789 -0.013701512848396
-0.022977791337038 -0.0360363400419397 -0.170481375484868 -0.383695343395216
0.0162658372650166 -0.0529192797564767 0.346912062796622 -0.438373616453055
0.0375271565987788 0.0203637886281847 0.735413567708125 0.2237840613004
-0.0422411302771841 0.0179670967480885 0.173134324918571 0.89815034853804
-0.0173344119527908 -0.0459786249716091 -0.377384309720307 0.527130377602571
0.00248776806246616 -0.0404852706831277 0.0625861160614267 0.0380537959253723
-0.00837211781965731 -0.0141123443245336 0.219315351665034 -0.592716509172595
-0.00398959715776101 -0.000894545126637229 -0.523891737190729 -0.6764236970784
0.00402199321848801 -0.029336242159442 -0.779550395073249 0.197980521108853
-0.0359255558672183 -0.0464354378232565 -0.104422181412414 0.626241858768447
-0.0469369443245408 -0.00363398439930439 0.328123240492449 0.268786473786679
-0.0100843767698096 0.0134146271028746 0.191205489708583 -0.0805086134209135
0.0115169475548949 0.000737864331350057 -0.0602591110523158 -0.198532110133464
-0.0112729972651384 0.0106124124930921 0.0909653074873575 0.133166181786264
-0.0201572480823858 0.00317723377208828 -0.140064417409654 -0.0278439132898595
-0.0111569043898303 -0.0230715949606566 -0.147903131374717 -0.395058269907342
0.0216147774315149 -0.0404002351014334 0.375950885590869 -0.410683880838578
0.0413792416483968 0.0229871514435195 0.716632979203643 0.29042896495315
-0.0351779135127067 0.0209133497435592 0.0964628090768748 0.923334440214203
-0.0213647627681804 -0.0267154291934223 -0.406581489476493 0.501481592825376
-0.00749700180125551 -0.0208206505297813 0.0701723662558739 0.0216748169609944
-0.00641114063374454 0.00135377059128216 0.185147200137211 -0.607300287886225
0.00732885176496017 -0.00170494540920572 -0.573079005595469 -0.628074548974526
0.00698918190008453 -0.0323886627799259 -0.756903680859989 0.261615862957136
-0.0318601221967829 -0.0372436578495984 -0.0571708197773449 0.627545848277287
-0.0351455309921603 0.00683552703685591 0.33932584332368 0.242864926592734
0.00161698666954505 0.0176609737523057 0.186686906354452 -0.0979997630610637
0.0155418227187679 0.00400072886633513 -0.0565421717922291 -0.201388055472079
-0.00544486491658126 0.0152069797912322 0.0921402832193696 0.133179823003653
-0.0077551151794823 0.0116579792139742 -0.138634016530516 -0.0307368555316593
-0.000550986720093368 -0.00770654353360872 -0.141658017343608 -0.397363458756478
0.0246857743643295 -0.0297780162050126 0.384102861944632 -0.402606675916786
0.0479266071873815 0.0241214320596936 0.708142608436661 0.310349272905574
-0.0263683611798328 0.0284927760216982 0.0728401366826007 0.929881721770306
-0.0299689960923578 -0.00323334442632364 -0.419029565768462 0.492425365217597
-0.0201706348114027 0.00271780716281028 0.0731195460727459 0.0152895510867579
-0.00255444642508329 0.0200039370305759 0.171438526030665 -0.614323134169396
0.0185506558042833 -0.00202977894863528 -0.590490727135944 -0.614621469329741
0.0119664007484344 -0.033988145247015 -0.751177361684699 0.277890223671134
-0.0253590680504216 -0.0279243321216034 -0.0400796616453157 0.62285966667031
-0.0215152750605619 0.0152827616350668 0.341391087613545 0.23266046502303
0.0136339141216236 0.0210117116953748 0.183744992886213 -0.104415462105155
0.0206684383120446 0.00594654617311372 -0.0543664471386659 -0.20199824173505
0.000940881032348006 0.019475762765547 0.0894451084594346 0.135914222714729
0.00552464412316458 0.0198655523420693 -0.13973687048288 -0.02395351275165
0.00897903644487898 0.00711687347618838 -0.152257807270325 -0.391522754125523
0.0251449598715544 -0.0205025672854736 0.370644159660785 -0.41451354251413
0.0551001558905744 0.0222107738784036 0.716142722203877 0.282279198109799
-0.0152553584740344 0.0379804965933918 0.102429100280242 0.921625606932873
-0.0369431416696668 0.0214616004774666 -0.407348694064446 0.49790765861738
-0.0324240121765659 0.0257131888960582 0.0682829071296038 0.0204421665686145
0.000309921694613916 0.0383632073710979 0.18656144926945 -0.609893491529998
0.0305284545037266 -0.000398133540421505 -0.571025214155085 -0.636665751652675
0.017414740274122 -0.0345489480543491 -0.762754808505297 0.248304353734865
-0.0184936741735851 -0.0208428587792083 -0.0581182440680238 0.620776647698688
-0.00921622799115702 0.0218861165754396 0.334375641231824 0.240275284502068
0.0252935312042608 0.0220889083881578 0.183751463919946 -0.0978122032742985
0.0256752582651994 0.00914636535559937 -0.0550135386145504 -0.201393496722632
0.00683703174934339 0.0223420817530889 0.0835116543583318 0.140265984050649
0.0160419954435639 0.0247298579445705 -0.142279484955184 -0.0075264755567141
0.0185585030912749 0.0167923431933733 -0.178096316405037 -0.375772500487849
0.024410519549508 -0.0125322578038274 0.334936215253637 -0.443504776896476
0.0611642831483952 0.0179791729772133 0.733575916671501 0.20726834238562
-0.0031138274672335 0.0452865505921944 0.17831430496716 0.897115992712842
-0.0390091491195247 0.0435677094017717 -0.376049898704181 0.520817212169624
-0.0431932502814178 0.0445912413783774 0.0577259297853789 0.0346815770124206
0.00117408290408155 0.0541109678796625 0.221366038263632 -0.5956368657165
0.0401144397921409 0.00317970862160428 -0.51999714654953 -0.690531788609653
0.0243526392564762 -0.0336093775737934 -0.787367020724471 0.177227183589196
-0.0116205230745364 -0.0153764491768678 -0.107007050085178 0.614972460414834
-0.000573743588212824 0.0269706683965865 0.318072261687197 0.264610539330707
0.0332848822323746 0.0241435549787624 0.187060163109486 -0.0802496336423585
0.0299335862670761 0.0102579396565971 -0.0574906026377521 -0.196200147705158
0.00930840911194315 0.023166943349558 0.0769995814277361 0.147226981074773
0.023926805184799 0.026828692584438 -0.145032067013775 0.0185532621049562
0.023286144735522 0.0218841608190527 -0.213476754089308 -0.348346386612133
0.0239639219081489 -0.0107169210048812 0.279394852580424 -0.481655176023573
0.0643177622314355 0.0126549059740016 0.750279707714646 0.0974628762774004
0.00967875047996152 0.0489858655528586 0.288342528706617 0.84768231063397
-0.0349585459753355 0.0584923897609533 -0.32661791139562 0.551752562394646
-0.0498344047160698 0.0567512926060014 0.0426794035004252 0.0562883880307908
-0.00210221904264027 0.0660559312551779 0.272897754573785 -0.569970888262451
0.0452521333849799 0.00981341950806301 -0.432835968022836 -0.766029886711512
0.0298669599993974 -0.030689014787915 -0.813577346206669 0.0654011821748167
-0.00839383766904928 -0.0125909519651866 -0.178843641753453 0.599595781077709
0.00247997362557893 0.0301022953278535 0.292074791969461 0.302068160715492
0.038423366409656 0.0267883225977446 0.188991626035653 -0.0540583830101127
0.0323776786100088 0.0117267018342067 -0.0623861893709083 -0.189623057472418
-0.0189764401756476 0.00159116858174872 0.0747493156862405 0.151302144084433
-0.0400088106842068 -0.00525080441150739 -0.149428819452469 0.0381671193550652
-0.040892524107181 -0.0431033784766398 -0.243359290479686 -0.334611816233951
-0.00160789636210557 -0.0630733936889583 0.232245644379438 -0.5108189585636
0.0319395910642012 0.01133112832721 0.760406148891723 -0.00293976989947685
-0.0439357564322085 0.0236099797874759 0.395202880280847 0.789432559423837
-0.0190179182878727 -0.0589212420797059 -0.275278401297816 0.58962323968803
0.0175891720414316 -0.0629460753955949 0.0315330521297943 0.089789235266867
-0.00306990102862044 -0.0368656136823666 0.331273896349948 -0.530006196353409
-0.016862665140551 -0.00321763180893558 -0.321490631214423 -0.828180549942754
0.00335526083897608 -0.0218400187914936 -0.824986702023277 -0.0411146680401787
-0.0325351855882127 -0.0613493526758198 -0.267419426058759 0.596521722242134
-0.0569003351430342 -0.0264436813746652 0.271386949468668 0.352704527269074
-0.0228590319947911 0.00265064713010061 0.200749317679024 -0.021931554449125
0.00781916981271928 -0.00491386893420732 -0.0675763703881642 -0.186937947969948
-0.0184223706457062 0.00306846487873551 0.0822101731277699 0.143926902654354
-0.0379641445847172 -0.00564523039177208 -0.147309707753922 0.00861459527789164
-0.033892951636332 -0.0431958405806594 -0.205217512910432 -0.367789153195308
0.0084482035678093 -0.0597312982253746 0.301828056809642 -0.476554945963164
0.0338179441966158 0.0164012073775607 0.758612411935879 0.123739846256148
-0.045681837284077 0.0184202559960107 0.279289679164027 0.861963952887143
-0.016502577834122 -0.0577174373452837 -0.33487267039483 0.560625452675938
0.0117962366415519 -0.0552031350572535 0.0489808630785311 0.0617382820658312
-0.00772183998895937 -0.0285517538219226 0.277969969058165 -0.566966905444689
-0.0122173150446053 -0.00159255622581541 -0.437566942475998 -0.756383166766841
0.00213633904028357 -0.0260703588277947 -0.813630748985522 0.0921213981757145
-0.0356305394294784 -0.0550768274920126 -0.180671586765036 0.6230016945624
-0.0550529868693374 -0.0153330141311497 0.304688081098001 0.313237537284058
-0.0187086973040223 0.00716378686373621 0.19725235784382 -0.0534984921381825
0.00795583660518975 -0.00208043913520976 -0.0626702586328251 -0.194074001834187
-0.0153907640408633 0.00627961834123379 0.0883329869208636 0.137052135508938
-0.0312337941987373 -0.00298349514892351 -0.144351993851818 -0.0143267439682988
-0.0216156183881782 -0.0355856837006248 -0.170740577934953 -0.388067129554977
0.0136002013932057 -0.0511770656419698 0.352798576832318 -0.440365601096173
0.0368158335757418 0.0202583266512608 0.74158086454613 0.22706561467235
-0.0411360407285256 0.0166396485882358 0.16938198238951 0.907159783186227
-0.0171158552751457 -0.0461246004247504 -0.38461102491438 0.527628383672001
0.00320419708463303 -0.0407646144632847 0.0617376448194193 0.039083148671711
-0.00936617290784244 -0.0149811449513782 0.227166197564926 -0.596120205655123
-0.00387302193405872 -0.000385553915631772 -0.524336602612287 -0.68699034802933
0.00434736927571129 -0.0298761799763353 -0.789559591527249 0.195776126928251
-0.0359471017814692 -0.0468618808297601 -0.10832819503836 0.632243462398633
-0.0472428885776293 -0.00347630555941866 0.32835200201433 0.27071535557857
-0.00916520186180169 0.0134637220848276 0.193160575538946 -0.0801241271924453
0.0110283871198692 0.000505186033611581 -0.0580797130278046 -0.200683181734279
-0.0122020358309545 0.0104463516807043 0.090729776547225 0.133692500456884
-0.0203662948868638 0.00377440229344306 -0.141805057426664 -0.0290481669687604
-0.0103395043706942 -0.0232979296094423 -0.147184042663253 -0.399801969437274
0.0220133364479033 -0.0411997297797845 0.382995082827308 -0.410060173132869
0.0407896897362788 0.0236391067602819 0.719415626592199 0.298179146386681
-0.0365122869523794 0.0209300163469658 0.0912870287974751 0.932605342293736
-0.0219094172765375 -0.0271167750825712 -0.413784404866908 0.50183794760478
-0.00742898759212635 -0.0207181900932161 0.0706831441158168 0.0229390696406001
-0.00734054101206666 0.00238287285318746 0.190019064177029 -0.611184493596446
0.00757549013467429 -0.00109954796114127 -0.57338132697814 -0.639275527712072
0.00677247285175768 -0.0321741382788287 -0.76615093897069 0.259774736956999
-0.032110943352525 -0.0372333793887305 -0.0605709965030333 0.631503931140278
-0.034965118931706 0.00631604136340495 0.340157777335462 0.246323706755247
0.00183774048959884 0.017310430903574 0.18899539249779 -0.0973507941093442
0.0154826261187294 0.00256455705223372 -0.0536854716213997 -0.203702997298742
-0.006157579118589 0.0154837544744292 0.0903600368872941 0.133651315408664
-0.00796265395478548 0.0118823868393997 -0.140132146494195 -0.0326830105925287
-0.000333608470959522 -0.00747216074167298 -0.141151182240287 -0.400477104000725
0.0244258796155701 -0.0299117386539966 0.389916893747823 -0.403574349781851
0.04777539335404 0.0242271092445438 0.71247145226679 0.31795350395452
-0.0266210958114001 0.0285869907361257 0.0646570199788347 0.938397774259828
-0.02983342655184 -0.00282077967079137 -0.425082162229287 0.493591684080767
-0.0201961041762249 0.00170925227917181 0.07191396499712 0.0165496098565465
-0.00293123955828816 0.0200756647906607 0.177717573345194 -0.617373159730732
0.0190597280056352 -0.00177936670413446 -0.589300004593349 -0.622627956650018
0.0117462704898069 -0.0339257540298935 -0.758601837889563 0.276004271710545
-0.0254455166449202 -0.0278460176622781 -0.0435950491027301 0.629272825549245
-0.0215425107058588 0.0157520062619132 0.343485344343082 0.235503179580581
0.0140571455014521 0.0196836072845597 0.186037895830665 -0.103698201721555
0.0198551203165662 0.00568683453846914 -0.0530822514866042 -0.203773857533575
0.000803823378880762 0.0207166053230061 0.0876813809775674 0.136035030548352
0.00533631321310277 0.0192953513595183 -0.140874539315214 -0.0250953407570273
0.0103237717476993 0.00695841940912995 -0.152295195463733 -0.393984323926421
0.0256435887155612 -0.0203892997253301 0.374948983770209 -0.416653390412384
0.053907457286013 0.0226438505399975 0.720401033341087 0.289543640063916
-0.0155623998240169 0.0387204626715542 0.0982931207065679 0.930334680838027
-0.0364841335046966 0.0213752817722207 -0.415215167599354 0.49962199488331
-0.0328331892656878 0.0254899694846309 0.0679314944758602 0.0209963250107877
-0.000486016755375684 0.0381841989601476 0.19147919363683 -0.611725811574303
0.0313727995158575 -0.000854866052750196 -0.570693668326241 -0.645896011502502
0.0190689484407634 -0.0343820313117333 -0.770165913675261 0.243398338340571
-0.0178664994057553 -0.0205016950321689 -0.0623328699203017 0.626237453785444
-0.00952176304564923 0.0224728109703396 0.335235446454661 0.243306345952775
0.0245001976738823 0.0224768364440138 0.186007033195661 -0.0968763830730115
0.0248714311365556 0.00839068969149373 -0.0535095539429434 -0.202428841513952
0.00599613206052989 0.023607715639497 0.0828273511364808 0.141035238871226
0.016330587464665 0.0244000839906248 -0.143631115857309 -0.00846681489892958
0.018003168882824 0.0174583043754298 -0.178530893998012 -0.377286510430892
0.0256534846945468 -0.0129275039763373 0.338581285960623 -0.447854550958849
0.0606499083558455 0.0190348150584826 0.738313129721084 0.214039485254634
-0.00316513480804326 0.0466461395291043 0.176441544216476 0.904521935284555
-0.0395198735433633 0.0426179026711951 -0.382031363139011 0.521010707536709
-0.0435857859441164 0.0441344864349225 0.0578691600014348 0.0348333142249975
-0.000325260582689045 0.0539294243037396 0.228853454993088 -0.598465246115103
0.040543861217328 0.00372683268371976 -0.519225325892688 -0.700504856291961
0.0244933349331052 -0.0335352475329313 -0.793547485133532 0.172669320189441
-0.0116754992372761 -0.0152914996308468 -0.110543893125028 0.619132554758651
-0.000549423342023826 0.0268217701104449 0.318923911193814 0.269492845514957
0.0340872737005843 0.0244327044612494 0.187986820010798 -0.0793948621637259
0.0297979582447602 0.0110838574720665 -0.0552080758851578 -0.198757654629779
0.00922239941075048 0.0232804953861128 0.0755784525835543 0.148509192728746
0.0242502605793256 0.0274398620037506 -0.146390267440231 0.0178161899068163
0.0237051654276147 0.0223637542079396 -0.213620482804311 -0.351596563143596
0.023785950385546 -0.00929065104579325 0.283861046500108 -0.483156526537923
0.0649220388820754 0.0123700709957832 0.755358959629137 0.103973885567251
0.00949182075336637 0.0505284062312052 0.286755689484143 0.855181236222213
-0.0360063028407411 0.0585660611335829 -0.333771987626258 0.553032700424198
-0.0507054210100542 0.0568686608206125 0.0423784879997196 0.0572786072151143
-0.00305110899186617 0.0675850121551126 0.28236027847596 -0.56995804653926
0.0453405377747115 0.00983957077682973 -0.430823492457508 -0.773233101992157
0.0298449747262981 -0.0297616865162577 -0.820074592962085 0.0593900967223337
-0.00836432293195754 -0.0125516322985146 -0.183894547579758 0.605164728581324
0.00281109574337984 0.0302910239374151 0.293147025144559 0.305683439832838
0.0383366551718161 0.0266104620359911 0.190908598453145 -0.0525210012646766
0.0322152175947798 0.011896250439617 -0.061076488676314 -0.19178492314088
-0.0192261636292716 0.00139141088341085 0.0736881978855291 0.152627965879848
-0.0404315314655362 -0.00552640217923204 -0.151343863930808 0.0374094813802904
-0.040886891471569 -0.0439641207398294 -0.244446767369923 -0.33765434871531
-0.000876471304333458 -0.0635926033583399 0.235410364480379 -0.516030070202051
0.0321831217380727 0.0114477214653328 0.767399263444949 0.00149775697897499
-0.0441740672352225 0.0234809019410611 0.395812339777853 0.799249921627467
-0.0191843158822871 -0.0596252122453435 -0.279481101242774 0.598223217582227
0.0160246370243638 -0.062717043192547 0.031308138245072 0.0907372669812014
-0.0033122964556401 -0.0371488990793039 0.343208693733931 -0.530932949526038
-0.0167784276008302 -0.0038209000934242 -0.318353136485292 -0.838760956282327
0.00343107388116328 -0.0217616887934683 -0.833957365889198 -0.0472728490459831
-0.0316201382158996 -0.062305727641849 -0.273491319128039 0.601188188203647
-0.0576285541314234 -0.0268008149552654 0.274010518871139 0.357691196686122
-0.0221105679510626 0.00152754691968256 0.20326441934464 -0.0198231967018237
0.00777079865293881 -0.00361837435588028 -0.0662721887521976 -0.188733532667424
-0.0184498258676879 0.00322145007990656 0.0815428217296454 0.1445665676522
-0.0382706171849523 -0.00604047621082447 -0.149620568328678 0.00771791138343161
-0.0330847577972193 -0.042600059911635 -0.205759108186588 -0.371345455656087
0.00911083090549435 -0.0597092710551792 0.304899363960134 -0.48170224577622
0.0336128593549603 0.016403027620406 0.765944086017049 0.127256017286045
-0.0462720405171355 0.01873686889835 0.276146330086452 0.873124071823287
-0.0161709794017624 -0.0572618043824813 -0.341169820640062 0.562510121024944
0.0122778218367989 -0.0558554198181963 0.0481874773031162 0.0631086535687955
-0.00861302587374241 -0.0290565534483652 0.283622460136096 -0.570478218774747
-0.0121782196136262 -0.00164820664169433 -0.438862523206564 -0.765907783515356
0.00291540409919183 -0.0262930986809869 -0.822720328077182 0.0868103092373056
-0.0363395220818922 -0.0564198643643942 -0.185824316545877 0.628898800235735
-0.0548497770746255 -0.0159882325110408 0.307794266202061 0.316483085747105
-0.0176854427064908 0.00761410933232995 0.200689516288175 -0.0535884356453658
0.00910400394501352 -0.0025280212651018 -0.0618986256646891 -0.196803035178455
-0.0159898436362386 0.00648591210117948 0.087441098146228 0.138632146191742
-0.0309856245861785 -0.00342973404357015 -0.146708479472909 -0.0149627420112269
-0.02158055998133 -0.0362374868534854 -0.172235949759951 -0.391526806240669
0.0169272337464299 -0.0517831310079046 0.356671878179142 -0.442178338487501
0.0371193061838791 0.0203399694405892 0.747152794945423 0.234921785837521
-0.042559851679458 0.0171757933042616 0.165331727685439 0.917864314228101
-0.0164575999630467 -0.0465179551213024 -0.391525983479922 0.530072331486934
0.00389767028853873 -0.0413734061581707 0.0615402166904972 0.0395715646161547
-0.0101277070873407 -0.014827383446503 0.234330193473741 -0.598192888126166
-0.0042126117968908 -0.0011092332060449 -0.524789757664254 -0.696446962218214
0.00415772293293163 -0.0300516560628 -0.797158668924307 0.191125793394794
-0.0379931637209106 -0.0476311950288402 -0.113305445037842 0.639752388845937
-0.0472085478403464 -0.00430244604611824 0.332334438494082 0.276014355024061
-0.0103116132774602 0.0126220455158304 0.195743181291322 -0.0791995371036411
0.011815933238019 -5.84294259454651E-06 -0.0568874088518057 -0.202843890586523
-0.0119366664628004 0.010933242160457 0.0897911964362759 0.134767253705728
-0.0197254346157377 0.00341354036221135 -0.143751524199678 -0.0302014226257425
-0.0112729164635679 -0.022943655334196 -0.147022554660266 -0.40271855941127
0.0217707104046207 -0.0407913196515967 0.387661406170673 -0.413392078712712
0.0419521629751844 0.0236261542525465 0.726046632459206 0.304205684540819
-0.036127242715615 0.0211825590636465 0.0892312797202651 0.941631299574145
-0.0215705349692783 -0.0277361914143463 -0.421310031567409 0.505999690885486
-0.00718526851318213 -0.0212459350346064 0.0705269309050151 0.023329122890649
-0.00762817402032121 0.00157650863303351 0.196414156162989 -0.614657388001023
0.00654736457817417 -0.00055301199371019 -0.575862428611278 -0.647359326033506
0.00728407783350939 -0.0327926572183615 -0.775269409142192 0.257946078707784
-0.0331921908030418 -0.0384715815422555 -0.0632168866055418 0.640991033105075
-0.0348564311897027 0.00644916120699372 0.343571531178501 0.248515393316954
0.00185289052661871 0.0168750150099157 0.19106581919331 -0.0974674497823988
0.0157532203387404 0.00326515927204856 -0.0531265567075704 -0.206087090684639
-0.00580834599362217 0.0159496107694518 0.0903436049215325 0.134942926304047
-0.00698806193945108 0.0122146577201556 -0.141605639080617 -0.0330994354038712
0.000866661156220151 -0.00749327405793293 -0.141506122046626 -0.40447131955137
0.0242263808615864 -0.0291689399642562 0.394283576993851 -0.404487442379608
0.0478056912435714 0.0247048036063268 0.716933338116372 0.325679486749859
-0.0277745495058156 0.0293706437947551 0.0639384152406264 0.948281458693497
-0.0297657289264348 -0.00396493585146645 -0.433241997340524 0.495942161772698
-0.0205280703979833 0.00191852739997411 0.0725948581143456 0.0183652024304837
-0.00402135086692017 0.0202690222829569 0.1843318932113 -0.621932297040707
0.0190034511380164 -0.000828706436572131 -0.59170008733932 -0.633913683033282
0.0126627829842238 -0.0343388977669718 -0.76773335011675 0.272927497398407
-0.0252567388754777 -0.0280865771137397 -0.0476399910967794 0.635595482465601
-0.021744192092695 0.0157277900066079 0.344784182104241 0.238807059148353
0.0144726320865811 0.0206764158643501 0.18921809908164 -0.103555773352923
0.0201891803980195 0.0051279608898471 -0.0524445371003467 -0.206789998968184
0.00013802858504364 0.020433844816922 0.0866904360036835 0.1365210527871
0.00593702005634353 0.0194902499101651 -0.143272675969522 -0.0264837830449751
0.00992814901365646 0.00792313932858489 -0.152242687134009 -0.396427740350038
0.0261278307581214 -0.0192410151407011 0.381524865265122 -0.418707194981658
0.0548867784551123 0.022197579716867 0.726411520869078 0.296490139099724
-0.0161224326239228 0.0385206124485843 0.0934381382934562 0.938865630184557
-0.0376587483058922 0.0211663265988507 -0.421078424185972 0.501713007796135
-0.03293761941296 0.0257550236357504 0.0683689164669039 0.0219090907291679
-0.000285291168064528 0.0387393263877753 0.197272174914749 -0.617559264866807
0.030828347393075 -0.000241841256375979 -0.573839447805565 -0.656635585561302
0.018307024414497 -0.034939604741053 -0.778136573960761 0.24311192934237
-0.0179335846060239 -0.0203495858603239 -0.0647399438175524 0.632691522094132
-0.00895217171641084 0.0216884608047477 0.338374614820547 0.247138781604127
0.0249663272715991 0.0227169065829951 0.18992909642639 -0.0970572626949851
0.025190129085846 0.00776428362645426 -0.0525802490908162 -0.20468272697709
0.00491248991771794 0.0243121736819681 0.0815383284215457 0.143288419368843
0.0168119269643448 0.0248877950619448 -0.146195357755156 -0.00933616880948839
0.0180062613455397 0.018152409460426 -0.178193497871975 -0.383710625476753
0.0251704012048109 -0.0120211176822929 0.344546791664921 -0.447138181632979
0.0611841678479633 0.0187269787092807 0.744689099814851 0.220623394893145
-0.00279056376898461 0.0471022824172704 0.17333547477439 0.91528391248439
-0.040528957548615 0.0441552576291371 -0.388978766043044 0.526145378198453
-0.044075001964218 0.0443331598970495 0.0573201253370794 0.0352223885055664
-4.49717328073022E-05 0.0554051238188292 0.233880685784612 -0.602768738082955
0.0409972077439687 0.00365872640252841 -0.520668364564184 -0.711100168651635
0.0246078636078852 -0.0338607961162836 -0.804188680190507 0.169187040908044
-0.0120340287332601 -0.0152688334168511 -0.11312171980433 0.625779442133847
-0.000585115348135715 0.0276858757455257 0.321739909742003 0.272655249537234
0.0338479031687474 0.0247102418510799 0.190402534280652 -0.078598097164319
0.0289240693037031 0.0115696480934226 -0.0548273813563958 -0.200791943774068
0.00842898088056705 0.0241504804003167 0.0742850799328434 0.148927996903031
0.0250479159668671 0.0277340121281902 -0.148662425648747 0.016081227556958
0.0248765650357275 0.0221671022464718 -0.213839526209192 -0.356532889880509
0.0244716091167624 -0.00856386874710202 0.288799617563301 -0.486726740647324
0.065153769352909 0.0121161675554433 0.762831623284641 0.108821821778146
0.00938699975130724 0.0509117405716211 0.28362732319435 0.86623843201793
-0.0354881669220597 0.0588418111210459 -0.340676813414254 0.556798054053626
-0.0518800717335416 0.0566220978128189 0.0418200895554749 0.0588617219811913
-0.00410089535149496 0.0670147466077268 0.286549704568321 -0.575232476789763
0.0473078104012825 0.0106454259580951 -0.430983196547275 -0.785052557685226
0.0299214170227387 -0.0308837885354169 -0.828464954662268 0.0565075716364074
-0.00862213999637205 -0.0118753383507816 -0.188554064069602 0.610509832415536
0.00296979960841679 0.0299216726112086 0.294193916983431 0.310309252954518
0.039361643846914 0.0257600108385845 0.194440531335186 -0.0517672689017224
0.0318130665945502 0.0128565920658854 -0.0587452973105204 -0.193792189197278
-0.0188759780772022 0.00130664127397948 0.073952255540104 0.153874709496993
-0.0396615131877247 -0.00567683935222859 -0.153722311074729 0.0367673555582639
-0.0409954741595713 -0.0439813235102348 -0.247544948541707 -0.342743534857635
-0.00143531158245357 -0.0640157086320586 0.239496479326295 -0.521126807357487
0.0318674502291988 0.0110442213432446 0.776964276692809 0.00333826558570022
-0.0451370652317909 0.0235017273759661 0.399083360631299 0.811191456095642
-0.0195619315304002 -0.0608219960853084 -0.284821444469626 0.603644716041255
0.0172415907238406 -0.0630522810112791 0.031110426042287 0.0919234053002988
-0.00391576092469692 -0.03797696332804 0.351221284688309 -0.534155581157334
-0.0169632296036294 -0.00387557071201645 -0.318949134865655 -0.850615039150944
0.00352174969489539 -0.0220163689357065 -0.842227553738652 -0.050911618924042
-0.0325293928217933 -0.0637537178267733 -0.27837843740438 0.609878096958916
-0.0583669022847699 -0.0270781837352232 0.276672688975261 0.361868813396912
-0.0224240782574878 0.00136774513858615 0.20663327309487 -0.0204120183380941
0.00783501770638763 -0.00475507063710209 -0.0660309766342226 -0.191642813652541
-0.01857933368787 0.00319675085593823 0.0811458268867538 0.145822595189506
-0.0388137711495228 -0.00581103915982811 -0.151735092502407 0.00709591577430849
-0.0324760018866557 -0.0432429653104467 -0.207931921595598 -0.375790965465631
0.00797628140152197 -0.0601470105588464 0.310086615899115 -0.485438975872404
0.0339529157753448 0.016565409566845 0.775921686641655 0.132386008438927
-0.0469465491501044 0.0187652963466646 0.279061491908981 0.883389974673181
-0.0164263080995761 -0.0591541400966431 -0.348335501224332 0.570362942970338
0.0129215277790012 -0.0563977185076184 0.0483946271862942 0.0640917722699259
-0.00918093749817768 -0.0303134199796761 0.291343055389075 -0.577883565200944
-0.0130025332748102 -0.00167027274504989 -0.439755921265106 -0.77742917524134
0.00296567357079613 -0.0267319682670208 -0.832592119534308 0.0845240023733025
-0.0366666863102645 -0.0562311678157 -0.189482374619751 0.636030290142695
-0.0552597123302476 -0.0163700484008588 0.311482152692483 0.320644322231224
-0.0181903152276043 0.00684462495262622 0.20345540511058 -0.0530013775852924
0.00895489506044004 -0.00321426383416583 -0.0618067779679948 -0.198689629469838
-0.0164804601892109 0.00645212228345468 0.0873226835365312 0.139299168159767
-0.0309590052781633 -0.00255765554771815 -0.147679632206397 -0.0161333478421279
-0.0215150740362277 -0.0359523306516667 -0.173096910499544 -0.397314861771873
0.0165480876035072 -0.0510874629085889 0.361131927528773 -0.446736297974931
0.0372859519872928 0.0212859472051665 0.755867067540216 0.240578099699058
-0.0433597824942853 0.017523013172188 0.166603329866123 0.927817774658062
-0.0168480119781933 -0.0473435109340708 -0.400062048314408 0.534752301569639
0.0040027265538422 -0.0410861268336915 0.0621813042717867 0.0410308191987721
-0.0105797691626882 -0.0155879313944799 0.238743078170631 -0.603671858082756
-0.00387779767998977 -0.000556258602597327 -0.528741750642107 -0.706719025169277
0.00389798331068216 -0.0310148524750316 -0.809307180169257 0.191134252160509
-0.0370032425751274 -0.0488301980805825 -0.11608489221998 0.647970454089035
-0.0480847862695409 -0.00467871989953728 0.334776663336868 0.280482170003156
-0.00938172459359109 0.0126363316970017 0.199472386939954 -0.0804646759652039
0.0109234085255507 -0.000295609283668358 -0.0579554847485949 -0.205026824375264
-0.0117878323228723 0.0108490644964004 0.0889899337738288 0.136831558199492
-0.0191546846739765 0.00310132160163253 -0.144504488801434 -0.0311255929540705
-0.0103267161938431 -0.0228471567629631 -0.148953346260387 -0.408365521361741
0.0225938347169027 -0.040589961404784 0.393249205908776 -0.416400264300981
0.0412764779793679 0.0241547107439302 0.733578618566835 0.310073572335263
-0.0363604798845033 0.0214473633600564 0.0885070740310707 0.952876596046707
-0.0216164299574217 -0.0278816370667402 -0.429213071301241 0.509832929941592
-0.00697367997790248 -0.0217455616490932 0.0706077629841615 0.0247935390579608
-0.00891966051018189 0.00158966102523893 0.201523642660903 -0.620417340394831
0.00722790149580441 -0.00144041998777692 -0.581218004515189 -0.657227894006678
0.00699506123551213 -0.0328539478237203 -0.785053683920494 0.257003048101372
-0.0330540662302138 -0.0381558609177423 -0.0658599884174938 0.647454666669829
-0.0360172918706577 0.00683743291495222 0.347207590343816 0.252641342592602
0.00225399907499435 0.0170711041859213 0.194358989689462 -0.098278926399968
0.0151925836513159 0.00246071195212204 -0.0534347397958767 -0.208774834106653
-0.00592459302955661 0.0164109789674848 0.090177381583758 0.135836634992209
-0.00691759676663086 0.0119361543893966 -0.143629435655252 -0.0344093997693815
0.00203042035290748 -0.00772524277061112 -0.142379579565745 -0.409950631163324
0.0251304643980632 -0.0284370194016743 0.400838089649639 -0.407132642905275
0.0479672923805921 0.024745169217207 0.725842418479059 0.332986921729069
-0.0278056920469842 0.0292787249902377 0.0609482904835053 0.958506505330614
-0.0302321296097936 -0.0036215230271903 -0.440519171090603 0.500087467345896
-0.0201389120117488 0.00221018140688452 0.0732178329107234 0.0186967123862738
-0.00472459070290271 0.0201724411423916 0.191808868864241 -0.626032239069141
0.0194134208546672 -0.00141982250790371 -0.596274840643162 -0.643200962480389
0.0124526621334378 -0.0343918478379022 -0.777665117791113 0.274583687655587
-0.0253591824052721 -0.0295032664303152 -0.0500225114400552 0.644151956926028
-0.0216758582513879 0.0161151782026392 0.35006285862174 0.242065968072319
0.0143648252967608 0.0191199508865045 0.192302599018653 -0.103980493847113
0.0195461249852729 0.0055078746561273 -0.0519200887108242 -0.209386297838435
0.000310497192188126 0.0213964159841275 0.0863748883724801 0.138557026800352
0.0066913547980469 0.0193734554719336 -0.144622975625793 -0.0270846648960783
0.0104279303888743 0.00792588324245773 -0.154029123200315 -0.402163122203356
0.0252180592311644 -0.0190901608800289 0.384930441523229 -0.422786568192168
0.0545927893731031 0.0235615856111672 0.734569805641124 0.302010364625862
-0.0164694005293489 0.0392622966825377 0.0922649565073126 0.951602339471175
-0.038092307769311 0.0214209114613788 -0.429556555281183 0.506587630361103
-0.0334676732754225 0.0253594442704283 0.0683973348239729 0.0230086741906304
-0.00157776574616609 0.0383349998488075 0.204076452399087 -0.62322512832734
0.031960857570991 3.53191547836432E-06 -0.577116488865925 -0.667483502260416
0.0189500346656399 -0.035320202952655 -0.791487066075364 0.241795217250148
-0.0180176591707866 -0.0211044641174321 -0.0682222011106703 0.640940864817012
-0.00959879642434682 0.0226263762348484 0.343043262608084 0.251806492625646
0.0260960727131968 0.0220484416574004 0.191459836100456 -0.0980032867455502
0.0248743843738718 0.00784107029070642 -0.052486616423992 -0.207564668256333
0.00550533351946605 0.0244419781128233 0.0812496477855794 0.144526807904472
0.0166628354010758 0.0249277416521567 -0.147601388528778 -0.010048257204006
0.019438829508851 0.0187190640406543 -0.179701466101834 -0.387095902142156
0.0256499554700725 -0.0119668032320801 0.348155461686995 -0.45353960955256
0.0612834224580061 0.0185452126289378 0.754144235867882 0.224273413009002
-0.00364659974234941 0.0478661179359616 0.172941844556149 0.927379653368803
-0.040722719189484 0.0443527132765387 -0.396922205819665 0.529776071984825
-0.0442968689222595 0.0448816846662101 0.0569365762524395 0.0370798258081222
-0.000700530641391183 0.0557226378206637 0.239915451361719 -0.607701056609462
0.0409388439941729 0.00394753520710295 -0.523853782886529 -0.721579147288972
0.0246718404543098 -0.034341104558552 -0.815323983932863 0.168700824338214
-0.0123455311259646 -0.0161051656275125 -0.11741269272764 0.634605460881848
-0.000199857697370926 0.0277454863545135 0.324354013518755 0.276396156447754
0.0341073812305845 0.0234450561357809 0.193904774818909 -0.0787689744647617
0.0284483217279579 0.0102009428794371 -0.054917560793231 -0.203425320331741
0.00890177962211366 0.0250832931090557 0.0740596498986628 0.150533786438463
0.0239614424015246 0.0271550018329731 -0.149685672219069 0.0163244747425384
0.0254779061258895 0.0230782097439934 -0.215723980335976 -0.360445876304141
0.0245053054144559 -0.00854001577284959 0.29393714758276 -0.490973791269309
0.0648016662711467 0.0132087962516662 0.772131791436617 0.113062004822403
0.00912265338508912 0.0519804289716071 0.287384796355492 0.877704734283982
-0.0359748980305597 0.060004751523938 -0.346651410263976 0.563114813101739
-0.0514739210679371 0.0569209939449588 0.0423202966518378 0.0593243821702573
-0.00525864796520386 0.0680165230861615 0.293353817801355 -0.578802554683296
0.0471189590630897 0.0115782040881324 -0.432071670013466 -0.795675863434378
0.0308059600091775 -0.0309263022463157 -0.838190834297705 0.0540230619054403
-0.00819540251191535 -0.012102779731501 -0.192698021860964 0.618526584285478
0.00250890681890504 0.0301219367541106 0.297828561374821 0.314712052480378
0.0387154460306729 0.026032791921468 0.196426068020665 -0.0519980778676218
0.031126114837419 0.0118380042557963 -0.0588731966250132 -0.19679039081954
-0.0194217786966537 0.00120251874326576 0.0739518846140523 0.154546121879038
-0.040077097790633 -0.00552741010358883 -0.155393984663384 0.0369879189530944
-0.0412336028035646 -0.0436324975457887 -0.24954448580764 -0.347332048830524
-0.00136882261564041 -0.0645892770538433 0.241995717948385 -0.528628114868635
0.0318141828992784 0.0106932562592574 0.78656496240924 0.00376386302093528
-0.0455563675063393 0.0243467942936424 0.405157370491669 0.822232593291242
-0.01911503939244 -0.0614971303323241 -0.290364096543487 0.611182489819402
0.0177567236981851 -0.064251675614337 0.0310025176071744 0.093487619417638
-0.0041701492226996 -0.0383428991454376 0.355989710860526 -0.542006590761265
-0.0172859789370036 -0.00365991631035774 -0.3215285744251 -0.862383156789014
0.00334804054093508 -0.0224422731515139 -0.856243591744503 -0.0526723468912574
-0.032884875382274 -0.0640592669216567 -0.281550486968134 0.61769471978838
-0.058897248961871 -0.0276770399438912 0.279395456833489 0.366154400657089
-0.0216937114405503 0.000961794815631726 0.209719660702096 -0.0206082007351336
0.007211488051593 -0.00578943458721705 -0.0674818970290808 -0.193788159195074
-0.0189908109413086 0.00330549511457389 0.0812671076345592 0.147335123990261
-0.0378892170038286 -0.00615313350768264 -0.153980251161305 0.00752794766938248
-0.0330320765758568 -0.0436471812666405 -0.211515361079613 -0.380964185593858
0.00816712620584335 -0.0610115748621538 0.312641377428219 -0.492773903657714
0.0343869018641784 0.0170205958511031 0.787320868455197 0.133489233603925
-0.0476753442140235 0.0190308945585506 0.28303064795851 0.894622419342537
-0.0171837093591296 -0.0590104414727002 -0.354698064947192 0.57678339605011
0.0128954167973014 -0.0572994358687766 0.0481576871545086 0.0658309408611932
-0.00923638208400906 -0.0304802482201546 0.296267211349304 -0.582451565635861
-0.0128205727876345 -0.001874657112366 -0.44495571493249 -0.789551331591048
0.00264036158332531 -0.0268644212081666 -0.843894570930504 0.0857189206161989
-0.0366535757712148 -0.0582424138110943 -0.191463885209254 0.644266027611274
-0.055749556333577 -0.01643491854739 0.315161991946566 0.324412731916411
-0.0172306319976096 0.00654948883115484 0.207074747713681 -0.0531607764263692
0.0082736981486903 -0.00375100891189551 -0.0614303050267507 -0.20205530268457
-0.0162111104886192 0.00629650812215874 0.0862600549118396 0.140656772317409
-0.0311641473797395 -0.0030378517747836 -0.150912849952722 -0.0166107596957757
-0.0217729178915376 -0.0361588502601804 -0.17512551630278 -0.401760691412581
0.0164696769634727 -0.0518285164051907 0.365909368596232 -0.453910038523891
0.0372581751292877 0.0210349029474166 0.765995452148317 0.24357073495983
-0.0445210764377895 0.0178778610645354 0.168944184099098 0.940488427143912
-0.0161910382446619 -0.0477028348982469 -0.405096408345096 0.541480383893402
0.00429181552250811 -0.0420931366390052 0.0619202259807133 0.0415564264232324
-0.0113834874846492 -0.0162742878505415 0.243017200373526 -0.610962024253538
-0.00378885587784841 -0.000127202220885157 -0.53470707796373 -0.718582385936991
0.00354714532123086 -0.0301844879901853 -0.82132925258606 0.194209297338687
-0.0383164263219278 -0.0492829400175849 -0.116652788104587 0.658661323203841
-0.0483903173872437 -0.00400040590575494 0.34022116362226 0.282502900035768
-0.0090551840856235 0.0125132811297967 0.202400402896988 -0.0806340107117625
0.0115171205004141 -0.00085455867234874 -0.0571808261978159 -0.207408991808856
-0.0122614559512533 0.0126829157329146 0.0901113591450762 0.136877156332291
-0.0193059389995898 0.00357803128500592 -0.147678125940843 -0.0315176312506861
-0.0103728619462035 -0.0228306866311591 -0.149899762096574 -0.413099044434281
0.0217452848090071 -0.0402551521803544 0.397100726123591 -0.422602562169736
0.0407757711365138 0.0238526481826335 0.743265434835158 0.316214082292007
-0.036989019603369 0.0213784237287666 0.0907037607085845 0.966963421542602
-0.0211784848291859 -0.0286075918093664 -0.435721556713599 0.514731436934043
-0.006918863699292 -0.022296523009211 0.0704539716281904 0.0245660955780711
-0.00939905108246274 0.00110888568600314 0.206236754539947 -0.62890014583989
0.00628045953044106 -0.00181614844522865 -0.585580526916409 -0.668899637470898
0.00755919178839346 -0.0332406826527957 -0.798011108095571 0.259187816060272
-0.0336291205851852 -0.0383466676281251 -0.0665846937210981 0.658475578898086
-0.0363433272126776 0.00729613134081179 0.352450561594431 0.255191900674887
0.00247487089730711 0.0162631591051469 0.198546230522174 -0.0990975100228234
0.0154821847496004 0.00222518907817437 -0.0537933438981556 -0.211666936035023
-0.00552004596134789 0.0170993360894939 0.0909707261994875 0.136111057852317
-0.00606393600441933 0.0114043780208781 -0.145495389102108 -0.035427086736218
0.00151109524846429 -0.0074286125258237 -0.144634170137485 -0.413949222248594
0.0248987519405135 -0.0286363155100265 0.405625767555126 -0.41320656025151
0.0484911340277444 0.0249752662078347 0.735117671402577 0.337873433738845
-0.0282627928030885 0.0302956265435196 0.0624434744077986 0.972228013933178
-0.0306070955581019 -0.00416839292309083 -0.444192976074819 0.505863289214884
-0.0199883021319589 0.00157191613413825 0.0737185994789691 0.0192161112269143
-0.00474000601996909 0.0205277870649902 0.192492324065612 -0.634173282098385
0.019508968615137 -0.00177651287429835 -0.603427244453163 -0.651199205393749
0.0126011694807127 -0.0356970180790435 -0.788810658109227 0.277117874538183
-0.0266707166354195 -0.0296306696317626 -0.0494922661414497 0.65420776793883
-0.0224493950201008 0.0168343492644867 0.35384380867449 0.244255969673111
0.0149725858572213 0.0196937689601189 0.195356426597786 -0.105400931070668
0.020298622861183 0.0052428350035636 -0.0515631573171669 -0.212256187884756
-0.000649862060462207 0.0223529909738487 0.0871707792382731 0.139469348588021
0.0063824789270732 0.020507112951715 -0.146747173239305 -0.0288845816430075
0.0122369205506591 0.00763648644167999 -0.15481124530456 -0.407553923144137
0.0255790173194435 -0.0178437895666957 0.390730010072295 -0.426634652356879
0.0552398774763369 0.0236771465099096 0.744133004159767 0.306644376329897
-0.0167190964833681 0.0392488264985854 0.0949234055026274 0.964582253588844
-0.0385498874576188 0.0228427727232245 -0.435811562011482 0.51245987216782
-0.0335156262286315 0.0249672208377322 0.0692665917808322 0.0243398816163845
-0.00173732960326536 0.0390585657237326 0.206588577330463 -0.630935872779415
0.0314527309845968 0.000102267064236227 -0.584626107670385 -0.677213976185828
0.0191152799959574 -0.0361078970124559 -0.803342551711445 0.24646963696422
-0.0191478955462026 -0.0218852076943125 -0.0698200293881919 0.651226941353039
-0.00945342052684219 0.0229893257714991 0.345090806287406 0.25405938931497
0.0256959078535086 0.0217247318815379 0.195020033519437 -0.0980634619641759
0.0249922211321802 0.00783003934493083 -0.052039684899314 -0.210078110957966
0.00470526615019148 0.0243089578192076 0.0814650581775974 0.145601398074534
0.0178156314462324 0.0258532550978633 -0.14989431513586 -0.0104618784967242
0.019666301232818 0.0180394407738542 -0.182607617111597 -0.390936832727495
0.0249549491133394 -0.0106831562916804 0.352946867946696 -0.459029945462885
0.0618404351170524 0.0192795235719244 0.764330926911218 0.228165228790177
-0.00330247679634569 0.0486971852733024 0.175544214524799 0.939813683568847
-0.0409779859871278 0.0451589774663115 -0.401837093069553 0.536744444147752
-0.0453587347249573 0.0457109092406368 0.0576141478171749 0.037974322993393
-0.00181033267457135 0.0564702195460584 0.244805826258823 -0.61527746247423
0.0421970597541164 0.00433992005247343 -0.528163998616729 -0.731948525859059
0.0251760570694575 -0.0351345438683305 -0.82600454213759 0.169703643358633
-0.0127103532495507 -0.0163854217640082 -0.11976946971039 0.644608005114511
-0.000809604167928031 0.0277123017772322 0.328674240450002 0.280127143938278
0.0343292453511748 0.0233702088437056 0.197775051229662 -0.0794338911123962
0.028733525776818 0.0103534662268955 -0.0541068983409751 -0.206663372609332
0.00903975215659922 0.0257857620338837 0.0740135979205634 0.152313341801566
0.0249538807050507 0.0280533156500462 -0.153239457633994 0.0165927539022536
0.0258330091387508 0.0233202860754954 -0.219317683502489 -0.365809038251877
0.02437296123735 -0.00788933908036622 0.296311860324037 -0.499156971482548
0.0665946454251753 0.0117021346051189 0.782813883976063 0.113713648771298
0.00964776733690222 0.0520011157792364 0.291606342214456 0.891437874780458
-0.0366421220816348 0.0607256734772702 -0.351799063437133 0.568978315155699
-0.05258519734836 0.0575184477273459 0.0414021599194523 0.0605926508007329
-0.00602842429276308 0.0684108949192544 0.298507105099804 -0.585681873161472
0.0471819355451368 0.0118511177700787 -0.435459610905536 -0.806959851580985
0.0310436775450681 -0.0318339395690984 -0.851561762989356 0.0539790299348817
-0.00853565825928778 -0.0126594047310463 -0.195699918745883 0.625816897058509
0.00335100294337505 0.0312862814801572 0.301726009426724 0.318374718969088
0.0387420438401834 0.0261694035475931 0.200424817231016 -0.0518815057281224
0.0310623924730521 0.0123746926705349 -0.0585151606179905 -0.198114175095743
-0.0200671269580013 0.00152934698261541 0.0755519666568956 0.156728183094419
-0.0408735346612855 -0.00575213856474134 -0.158606288775327 0.0389860879784908
-0.0413027789287755 -0.044033272477104 -0.256867851886699 -0.351449407654226
-0.00257081170204098 -0.0648278050485303 0.244352514191003 -0.537136123451946
0.0323790858239934 0.0108587486448582 0.799893528686638 0.00223349639773789
-0.0462258017690733 0.0246077823291297 0.413818178107741 0.835812998556345
-0.0198203633942946 -0.0612733116249501 -0.294903022327495 0.620185766866948
0.0182092364079836 -0.0654264739962924 0.0304406949408888 0.0951944274366428
-0.00561923817391222 -0.0401630860067319 0.360173187215481 -0.549589940894075
-0.0190652931689562 -0.00362781997332548 -0.328527916139092 -0.876022661573857
0.00374709633677846 -0.0229245324322699 -0.870838679756653 -0.0539741175074499
-0.0338707425105431 -0.0647921980883241 -0.284173151213805 0.628427028013659
-0.0588841533043598 -0.0280988035155541 0.284830920071657 0.370492505430972
-0.0216019082635794 0.000410990678993001 0.212560086266805 -0.0210407502449942
0.00723604067744037 -0.00626345128237787 -0.0667119310040911 -0.196980478492961
-0.0197907518518704 0.00333902775729217 0.0821223075034499 0.148263902254302
-0.0385289961769352 -0.00652260340897118 -0.156704232185591 0.00782370925234421
-0.0335722368035987 -0.044189302726468 -0.216978479208349 -0.384914290558083
0.00788369915586205 -0.0612359913610627 0.316919452911725 -0.501540977234211
0.0342967952293033 0.0163564688801771 0.79730161499483 0.134917032345424
-0.0474027011707975 0.0190955391251483 0.289459571659776 0.907678889140556
-0.0173086955458528 -0.060327960491205 -0.358209662510334 0.585726522452762
0.0135845721962522 -0.0582760308692666 0.0484315563967084 0.0667896132780352
-0.00981543192095477 -0.0309058226722584 0.300939925228941 -0.590810079717908
-0.0140118103641222 -0.0011347436376301 -0.451838941012394 -0.801687145437414
0.00262383010419429 -0.026262305269604 -0.855408006083008 0.0891814009279065
-0.0382791864392668 -0.0589325211338116 -0.194092361803596 0.65608986754286
-0.0563846945485719 -0.0170545668296243 0.32076168817353 0.326745911198196
-0.017386609682552 0.00590575591932885 0.210059732439113 -0.0555614767370071
0.00828162447789213 -0.0040950220461359 -0.0623269866208939 -0.204982686474401
-0.016966922246104 0.00675954935461158 0.0876220403252596 0.141696742362055
-0.0311943909696718 -0.00315005835913323 -0.153135374547168 -0.0177116326795585
-0.0223483169660736 -0.0358924770208205 -0.180006577193322 -0.405469941940339
0.0168843248936178 -0.0518060370383533 0.370134957888663 -0.45940197009802
0.0378867359176798 0.0214616534046835 0.778388298291313 0.248356169946064
-0.0439085803362395 0.0182229848860448 0.174763712129774 0.95526599346138
-0.0172637973676578 -0.048793584131206 -0.409458453440341 0.551314344186003
0.00481511017785304 -0.0431603522394989 0.0624081776968574 0.0426533520499867
-0.011616324446606 -0.0167637392914927 0.246449059738136 -0.620596868650385
-0.00506183155846241 -0.000487248740487722 -0.541694175592764 -0.728290126692958
0.00457893079522028 -0.0310460126350789 -0.831505297740691 0.195984743235181
-0.0388058266833901 -0.0494341902718044 -0.11800121721225 0.669440596448258
-0.0489853908067286 -0.00421609880397385 0.345706992286797 0.286989520644834
-0.00939954594442424 0.0114563010924158 0.205114237485896 -0.0827822645172209
0.0111460650278732 -0.0016221490181817 -0.0582690280161972 -0.210998951638516
-0.0131460521757277 0.012000595966586 0.0898211722982133 0.138038059073988
-0.0202282293868368 0.00347524490590085 -0.149578175096504 -0.0317309692490008
-0.00982543402935363 -0.0240645200779848 -0.155156606494385 -0.418515308836159
0.0219999179666305 -0.0402343156432875 0.401566558126236 -0.431694532462259
0.0425237298709974 0.0246716083397008 0.755972037481999 0.318919099462907
-0.0371737364714483 0.0211980226087675 0.0942231675600257 0.980082278159966
-0.0221343043177933 -0.0284260575225867 -0.441459546673998 0.524236312252571
-0.00720896042224324 -0.0222611776104197 0.0718138631230666 0.0252528814908252
-0.00947710252903796 0.00121904087583505 0.209114887416092 -0.637233779992836
0.0060343012967175 -0.000901653838861826 -0.595704992515404 -0.679254489869477
0.00695345771444934 -0.0336770480637931 -0.807318163431914 0.266102209812739
-0.0341226699132131 -0.0391171474715262 -0.0645889997663338 0.670514511217063
-0.0362458499269718 0.0070205046674779 0.358515818087005 0.258785412903726
0.00245280981156979 0.0153340509244287 0.200447408547679 -0.0998181240023932
0.0145131649586078 0.000758236345596109 -0.0546825007950246 -0.214537595934025
-0.00646523514661958 0.0167902367387481 0.0906004858569445 0.137507007010171
-0.00678051276254512 0.0110089566607139 -0.148825341044437 -0.036216708712539
0.00266033494720973 -0.00681901868817436 -0.147415877234109 -0.419715334111397
0.025345732361895 -0.0282201490060228 0.410676388031861 -0.420690499827978
0.0487832646141581 0.0255979201558346 0.746446055584304 0.34219052160871
-0.0282813747188202 0.02969716860828 0.06565994613537 0.987916910773236
-0.0308158095499125 -0.00368190361978956 -0.45295512679019 0.514829738217034
-0.02013795925906 0.00256572489290574 0.0742746945240379 0.0196924290747032
-0.00511039260374115 0.0210002795566561 0.197123795314549 -0.643299995120078
0.0198277345747526 -0.00109194859546414 -0.613617802811062 -0.66238025771611
0.0122765852113737 -0.0361749991542002 -0.801051043700291 0.282919797480622
-0.0273449982836973 -0.0298370660183342 -0.0479008924567339 0.664685223694664
-0.0219851289021614 0.0160928729685396 0.360093107148853 0.246928647687364
0.01564559697837 0.0186946943226891 0.197821142761069 -0.106856834939661
0.018989343604139 0.00476618943108744 -0.0535196023612287 -0.215139173730426
-0.000614848712191975 0.022747984793271 0.088005969364833 0.141564789826159
0.00695501475147148 0.0194976516798655 -0.150092019318709 -0.0276150022425873
0.0122414943443278 0.00807115643432899 -0.158696774788093 -0.412813618667709
0.026859820755083 -0.0180784851087443 0.39473265937315 -0.434649344957008
0.0565372015797684 0.0240312557818302 0.756491741262535 0.3115609265289
-0.0169108379128135 0.0400359954450785 0.097284929798366 0.978586893390953
-0.0386447532147266 0.0218052908756392 -0.441327926922879 0.520924203502927
-0.0337897558010608 0.0250818128557122 0.0697843281966365 0.0240418728415617
-0.00211056299608326 0.039539728013598 0.209025377316372 -0.63941533043238
0.0321086721948123 0.000562129835150454 -0.59413302573021 -0.684970804005511
0.0193721593853422 -0.0361061013477767 -0.813209409557999 0.251603302433366
-0.0195023610203253 -0.0210536997150245 -0.0675474746116379 0.660489307170557
-0.0096752431768979 0.0232311945555044 0.352575485416892 0.257009425940852
0.0256042749719356 0.0207146656971508 0.19795609993269 -0.101129792941348
0.0241704554450481 0.00753186189986061 -0.0533410142392366 -0.213827410803783
0.00560090657772805 0.0253574927896705 0.0822311298338658 0.147410942959516
0.0176276601648147 0.0247594283108734 -0.1521722111205 -0.00965843764744353
0.0203728081424178 0.0183101903701313 -0.185781168876174 -0.396211876563302
0.0258476292059114 -0.0109308395179092 0.357710903905354 -0.466454003075135
0.0633520500538765 0.0190664709891819 0.775845033759111 0.229074042137767
-0.00352665014337081 0.048598462819486 0.181663335241732 0.952736225326925
-0.0415067648845455 0.046313503358987 -0.407781470864194 0.54384080240038
-0.0456804832246404 0.0459599560725036 0.0584433660338099 0.0384602653763125
-0.00206151584085482 0.0570824286849028 0.24702446041772 -0.622958745711213
0.0417898852091495 0.00430659576627535 -0.538561138486797 -0.744322779827676
0.0253005750486928 -0.0352245906961859 -0.837821749842045 0.174036234528992
-0.0129551315802639 -0.0158628843200652 -0.119417699637573 0.655173703892456
0.00018932587115077 0.0275728176036287 0.335427846168753 0.283789263589229
0.0343690715992128 0.0234140335517394 0.200034024574428 -0.0811799623928263
0.0280025812825125 0.00939758163436205 -0.0554255819657296 -0.209012267937492
0.00914446102720807 0.0263938523652405 0.07476897063847 0.154617487090645
0.0262976965729682 0.0272705843809071 -0.15479028785325 0.0170238996487967
0.0269276282348138 0.0234853983264209 -0.223511343837612 -0.368638665123615
0.0249410956758541 -0.00851013950260434 0.29796643095626 -0.506721048611944
0.0671001551665973 0.0123885246596732 0.794535519567658 0.113804849436556
0.00910895829265912 0.0533647027886681 0.299376490213264 0.902050854550646
-0.0376959958751148 0.0616643112289764 -0.356805369142252 0.578629303057089
-0.0529921240700953 0.0588050323522542 0.0415971209032255 0.0615878802332249
-0.00622961579133226 0.0699823318325987 0.303637459711225 -0.595002510741415
0.0468350005503323 0.0116706035551639 -0.445200365407873 -0.819557026368837
0.0313580307198039 -0.0325049428406361 -0.865925236775128 0.0574022974441181
-0.00921991362093039 -0.0123302256291293 -0.195172101057542 0.637215206554516
0.00298627239925863 0.0314123368200677 0.30785867016476 0.322283066883133
0.0395825917433586 0.0252684302044314 0.203092683011914 -0.0531779413789566
0.0312893426861023 0.0116862358633831 -0.0600242477475145 -0.201928121913606
-0.0202090377484339 0.00206465659308186 0.0759212284269038 0.157768996045553
-0.0400326123512034 -0.00586895669500304 -0.161128465223972 0.0394213182441124
-0.0414646663037974 -0.0438744244276947 -0.261478110415195 -0.354789412821077
-0.00340833567483017 -0.0655646181008891 0.245538789518398 -0.545670044453403
0.0323945216396869 0.011037154872934 0.813349486972863 -0.00125608907855098
-0.0470769070958232 0.0252182348975006 0.425186195982546 0.845783197675173
-0.0209965046208759 -0.0624717339566216 -0.295029793933589 0.631181478109127
0.0182517780131901 -0.0661377073847176 0.0316244506875212 0.0962216546574894
-0.00554758224633083 -0.0406568928746304 0.36465852621083 -0.557858571397605
-0.0185498518398422 -0.00378149231171856 -0.334436087415158 -0.88735673913065
0.00386954495290349 -0.0225693407946823 -0.881864995886331 -0.0506040803254498
-0.0343303509322821 -0.065907830430308 -0.284754824322808 0.640910867745897
-0.0602945176771475 -0.0277079631914724 0.290927266743986 0.374609263465266
-0.0220503288024601 -2.70314743379737E-05 0.215628818027501 -0.0219955758678529
0.0074546402974176 -0.00678979141740138 -0.0695147037046579 -0.200427959008282
-0.0194658039849111 0.00385361400790623 0.0836464995900505 0.149418723191213
-0.0386679269719687 -0.00598021573583137 -0.160119018722953 0.00807021082491594
-0.0332520036930673 -0.0433268355871366 -0.221428286561601 -0.388330345291082
0.00698047463694873 -0.0616793290482684 0.319003106152897 -0.508271960730546
0.0345883407321371 0.0160980756070086 0.810031250227684 0.133473213734273
-0.0487331891683718 0.0198886891035168 0.298416325855951 0.922547274973557
-0.017802434243976 -0.0605508882955928 -0.363184925399822 0.593940748763803
0.0137600920764102 -0.0592309861029934 0.0483937485517417 0.067973517027173
-0.0103798520284997 -0.0311960771494788 0.303220980416529 -0.600602394162384
-0.0134967546243818 -0.00170299547809062 -0.462379905757364 -0.811584762265013
0.00279189674050049 -0.0276691705041406 -0.86886761933626 0.093504477324925
-0.0392228037794682 -0.0599942893795889 -0.193221556572454 0.66752255301735
-0.0576395737053674 -0.0164879226550037 0.328307430021137 0.330178622886994
-0.0169081053418967 0.00538103487840364 0.212748209709416 -0.0564291776181151
0.00760661202681066 -0.00446325371243037 -0.0645880795186955 -0.20694774559045
-0.0172634132500885 0.00753152725227857 0.0887878820447915 0.142965151419001
-0.0309688571391667 -0.00346907990346885 -0.155198292412545 -0.0162747289796686
-0.0207786533133817 -0.0369952522645654 -0.184212132438515 -0.410727482782602
0.016902432170163 -0.0526468738198886 0.373991370908855 -0.469585101942753
0.0374080498364125 0.0210010165259455 0.791432697375892 0.247126633689731
-0.045258260864027 0.0182787860887282 0.182727527092944 0.969597111887465
-0.018421991528679 -0.0487915938143056 -0.414508018758186 0.560894755042214
0.00479938607860843 -0.043860311143151 0.0628582310237799 0.0434446772431017
-0.0120893781070479 -0.015954712804613 0.248066721044388 -0.628904886076998
-0.00541603753965948 -0.00101639123871433 -0.553250351017396 -0.737226833126144
0.00336046183701154 -0.0312792462539417 -0.844137444251762 0.203649842281132
-0.039379761673973 -0.0509458681713221 -0.11690159228411 0.680935121973874
-0.0501630149540275 -0.00426876879067216 0.353013897820602 0.288819053003075
-0.00822180721574679 0.0113779497446616 0.208609308793925 -0.0842557543883344
0.0109660643754482 -0.00168044643426369 -0.0602084636441631 -0.214380953788325
-0.0129754012153461 0.0122407093780925 0.0916761129307973 0.139349266496187
-0.019148436732294 0.00259387795105335 -0.153306267867052 -0.0313099169073102
-0.00941000992548155 -0.0238091081905583 -0.159446246014087 -0.42353864393616
0.0232233060314377 -0.0407317637298698 0.405356812415818 -0.438776689115295
0.0433119095057938 0.0245430531538651 0.767871347580073 0.319925776647806
-0.0381816787464803 0.0222484793834605 0.099873197470187 0.995399910655159
-0.022971234984819 -0.0290362411663656 -0.44748620567016 0.533544154773359
-0.00707394949092355 -0.0230891056101075 0.0726487969439384 0.0260118231635074
-0.0098877282239232 0.00162900073433123 0.210144431130246 -0.645410692990302
0.00735302891821148 -0.000978779525342647 -0.607261657063229 -0.687561769977019
0.00737087828243408 -0.0351324670714325 -0.820083768608148 0.274151188073114
-0.035220708229611 -0.0405083456539987 -0.063281843723815 0.680564322200453
-0.0368399175797158 0.00781094852772442 0.365608156290716 0.259780733713296
0.00255877255960012 0.015405859019645 0.203639477685273 -0.103129020053376
0.0148971418298576 0.000980434265836096 -0.0558107929747131 -0.217223011445628
-0.00658199858134442 0.0178902871877129 0.0919657390581888 0.14071358990156
-0.00624862174580373 0.0115724963740701 -0.151696305873978 -0.0358143207609058
0.00215148550734618 -0.00749817157110739 -0.152505170139659 -0.424291840338727
0.0260060719196568 -0.0287715806565888 0.41500001964114 -0.428545966239895
0.0494394287164812 0.025511007479822 0.760094448738859 0.343110842833612
-0.0286164963228182 0.0311062348376455 0.0710301022769548 1.0012674906176
-0.0314386715867587 -0.00355230583099799 -0.456613925947383 0.524429085506156
-0.0202049864965925 0.00139923383991797 0.0750456444356784 0.0206768545527104
-0.00605338028125593 0.0207382004917018 0.197656450343882 -0.652716428337417
0.0200996273221725 -0.00175357909234713 -0.626374314617211 -0.671357606141145
0.0125778224949402 -0.0368159748728614 -0.811121477029289 0.290079620443493
-0.0285621418315569 -0.0298638195647504 -0.0455012709885169 0.676310691427749
-0.0221978465484072 0.0161222974842625 0.365747086371696 0.249366345159832
0.0149622147051886 0.0181311977422874 0.200452619170992 -0.10969315606464
0.0198178479587077 0.0039221901894612 -0.0541952414571786 -0.217741211943701
-0.000257009335387344 0.0231575553020571 0.087523230767249 0.141876606536459
0.00696805687259755 0.0193501211327013 -0.152933857089735 -0.0274238434491214
0.0129102995988783 0.00767985779491056 -0.164579345120616 -0.416803159451277
0.0268183063369793 -0.0180892907653139 0.3986963256238 -0.44312273257002
0.056717500532399 0.0236273131104507 0.768774753855452 0.311297475273349
-0.0175182380929944 0.0409960030591313 0.1054811164783 0.993133532417316
-0.0393302363458468 0.0231425612328485 -0.445844788901199 0.530730558263924
-0.0343408935481804 0.0267538147454308 0.0698082342663016 0.0253381486974023
-0.00204698394166675 0.0403952966638019 0.210514947952459 -0.649307206303637
0.0326984448230686 -0.000373084013302705 -0.60475529068231 -0.694921471842674
0.0184987291500225 -0.0374374704194558 -0.824119061998502 0.258988306105953
-0.019963270662901 -0.0215804178123861 -0.0646364831150373 0.671977980332784
-0.00897944403461412 0.0231254408998878 0.358174909479055 0.258237270262503
0.0266685634509902 0.0205122118121023 0.200753565018026 -0.102389281157548
0.0247205696358884 0.00726746330374946 -0.0541542074910756 -0.216287395612517
0.00552089127886653 0.0256387246302664 0.0823998187887674 0.148556038413421
0.0187495041516167 0.0251293103166846 -0.154931892963436 -0.00967592208630996
0.0219346492405048 0.0185842041415042 -0.190568478444879 -0.401188978357156
0.025256717287479 -0.00977779965285786 0.360996443257715 -0.474605318431494
0.0636319011429124 0.0183255059317756 0.788296584271558 0.23184356262349
-0.00306307360624997 0.0504244494369475 0.190438246864063 0.966544098400584
-0.0422118466909704 0.046034298175469 -0.413046473171538 0.554340325712311
-0.0451935267608336 0.0470670385335301 0.059467789194769 0.039216499298591
-0.00216894022238506 0.0580738675329205 0.2489969714323 -0.631649452120593
0.0426449372511021 0.00443194157249864 -0.548335401642542 -0.752209054901115
0.0256145775540314 -0.0359690137491142 -0.851469222743391 0.179396730584856
-0.0127116733597167 -0.0157954785973813 -0.117485993824148 0.665306276297057
-0.000504698417099402 0.0283949371293974 0.341193322725428 0.286052052701177
0.0352158877364679 0.0226073838037019 0.202983097586498 -0.0830183008645775
0.028937751454363 0.00951255715713956 -0.056745343553183 -0.211642920688417
0.00905336925153111 0.0266070828770692 0.0757260854734823 0.155654400079174
0.0267869052355886 0.0270683973505113 -0.156716891998889 0.017871967255468
0.0278387545817373 0.0236166821495986 -0.227951162876621 -0.373620266715133
0.0252391170747257 -0.00758546156209997 0.300713052758423 -0.516257209693067
0.0683127221177543 0.0129702094226849 0.807150497195055 0.11318029573356
0.00938851141734155 0.054276314054533 0.308323760204411 0.913813344921663
-0.0376798965876776 0.0623335948919443 -0.361811916106478 0.588921547522487
-0.0539918693203823 0.0599421487424968 0.0424296891329328 0.0627729707731111
-0.00701079449002832 0.0717194507286199 0.30724313065639 -0.604060520191863
0.0474091265413084 0.0121902613149692 -0.453344669328371 -0.831221030992107
0.0319104319507294 -0.0331613857179974 -0.876273396460721 0.0606703811474251
-0.0100535016242439 -0.0129680761418096 -0.19524172927892 0.649343318547353
0.00373400519305019 0.0314177393313299 0.311996729581016 0.32621668223948
0.040401751927504 0.0243378440952022 0.205957782558647 -0.0547873315295861
0.0310892623683275 0.0117730684207049 -0.0603894341701664 -0.204090084958968
-0.0207436740582532 0.00256322570157634 0.0768896391535459 0.158716593675904
-0.0411186276938223 -0.00554950863504066 -0.163105879383546 0.0413869367433828
-0.0427518867647282 -0.0443040685750041 -0.269028521427608 -0.356911613207937
-0.0040747552209922 -0.0666015047683109 0.244408188245813 -0.557948204288757
0.0330751457107933 0.0109842443119667 0.824603006785149 -0.00873636667949759
-0.0476206459678861 0.0263964414305973 0.43929173678953 0.855605506181465
-0.0217452649609578 -0.0624726288542324 -0.295649692150987 0.643082187143227
0.0173225097812993 -0.0670073824949666 0.0325347585985555 0.0986096939551194
-0.00628453100360854 -0.0410470781641278 0.368179182146157 -0.567075829242725
-0.0184210564071694 -0.00326277541494726 -0.346926548645464 -0.902016229141367
0.00315020064146863 -0.0232128837464942 -0.897635505001781 -0.0452175768872209
-0.0368910055903196 -0.0666752394682899 -0.283765275676897 0.654564981167445
-0.0606586211699686 -0.0275823291666299 0.299411904296258 0.376948386298752
-0.0226159755339144 -0.000134592654316396 0.220377067722308 -0.0244527362199264
0.00682210703402641 -0.00740245270206498 -0.0712780266035908 -0.201358010930478
-0.0197276741045872 0.00494020687728647 0.0841415028034124 0.150651686661098
-0.0382478454134038 -0.00549809103303047 -0.162000480110042 0.0104503399671532
-0.0337237637229091 -0.0439227089902044 -0.229411704802209 -0.391360975166461
0.00601278811658023 -0.0619106075149057 0.319516256199321 -0.520534316556749
0.0350777458856919 0.0158993532429827 0.825653911015911 0.129526670285808
-0.0487313328842725 0.0205488843882875 0.311506518275866 0.93249082516352
-0.018219663578149 -0.0621249396110297 -0.361980286017777 0.608678582323906
0.0134674416067157 -0.0602781389270342 0.049124907328752 0.0691920822028257
-0.0111470608912409 -0.0322859340576782 0.302520016744085 -0.612184532144004
-0.0147291150310355 -0.00134987097547927 -0.474440943943337 -0.822605633709777
0.00190514215672099 -0.0282927551938224 -0.882814758642228 0.102336838436115
-0.0402249210978671 -0.0607224273786068 -0.190466232665858 0.680222243537592
-0.0587602703451566 -0.0165669369935828 0.335098161181253 0.332369448571865
-0.0174785031024777 0.00527832768882756 0.21686738130582 -0.059366278607341
0.00804669587840258 -0.00580207300946898 -0.0672109240810737 -0.210570705159727
-0.0172218629167239 0.00797601976868132 0.0898874300761574 0.143329769279688
-0.0308120006359427 -0.00341237473233631 -0.159063983851028 -0.0155595322660144
-0.0216408185223821 -0.0370372731912785 -0.191491501372634 -0.415412993638714
0.0161625424255157 -0.0530970572767354 0.374970022636305 -0.478719640511973
0.0386179054508729 0.0209677583574451 0.806040267902251 0.24477340033486
-0.0457099411039732 0.0184817167319366 0.194071026753095 0.982577078631055
-0.0178355178049958 -0.0493841553516586 -0.416430053542646 0.57171499204737
0.00401908924202357 -0.0448552501075404 0.0636802242837878 0.0440026078140982
-0.0140090162219568 -0.0169021999071774 0.247868639972025 -0.640197097256135
-0.00504180158288342 -6.79108759587127E-05 -0.567124475497556 -0.74673283578244
0.00374395082614189 -0.031863365386634 -0.854927225131383 0.212853538387048
-0.0406034195622198 -0.0509471401916094 -0.110592043782696 0.692795878019265
-0.0500421280915986 -0.00373697239109352 0.360528139921461 0.290460026457366
-0.00867655933597246 0.0106074009749185 0.211436855928827 -0.0869626116912552
0.0110717483949257 -0.0021045056316875 -0.0615429717674145 -0.216904888062882
-0.0124966143844598 0.0126612415193856 0.0930091879812126 0.140042848812146
-0.0184937885753931 0.00291186239268158 -0.155742853305705 -0.0313184293223716
-0.00910444798981997 -0.0240134260327673 -0.16638490530792 -0.427729526723654
0.0223314131380351 -0.0414813447051059 0.408518028005077 -0.44857500959406
0.0436223844140575 0.0242342169578163 0.782997920609733 0.320595738807284
-0.0382330258292166 0.0225834150115942 0.11217890352184 1.00869046760446
-0.0222955240999061 -0.0289681739014291 -0.449086345555192 0.545020323089693
-0.00717358619732463 -0.0234820236040651 0.0738255783119218 0.0267401505819972
-0.0109493323525198 0.00137269623755287 0.209009278578507 -0.657398565060625
0.0068945604202924 -0.00138244189471679 -0.623237644916286 -0.694386772695536
0.0072251283651994 -0.0356136907664643 -0.830370481505318 0.283909894106862
-0.0365180552521515 -0.0410569121910435 -0.0578164304381018 0.691585647890819
-0.0368355803031809 0.00727273303563775 0.37222880315482 0.260924190469116
0.00332412931723222 0.0144056446188535 0.206247622903847 -0.106147207188602
0.0143304417655825 0.0002675667511338 -0.0578570213278856 -0.220312470154062
-0.00652462882075419 0.0186497144148934 0.0935577005266355 0.140229348847628
-0.005300330009951 0.0116153051522604 -0.155197203302093 -0.0344253152361209
0.00299935583237158 -0.00718359362143889 -0.158242890110553 -0.430004771002291
0.025299780347161 -0.0285967617836025 0.416786170141838 -0.437655341522375
0.0502125770352054 0.0257138257915223 0.773285056608361 0.343569413410119
-0.0289246795264914 0.031237221293774 0.0829504828578582 1.01460378302154
-0.0325147095365642 -0.00424508547403243 -0.459782607541543 0.5351705733678
-0.0206618036466164 0.00208164264902295 0.0761655671826931 0.0202447749518116
-0.00607157539755528 0.0216696634533258 0.196151794316365 -0.66394367236953
0.0199051778498457 -0.00170826820831605 -0.639448974918927 -0.677188720700296
0.0124450565588491 -0.0377006418729277 -0.82308331667173 0.301535364491906
-0.0292390820933268 -0.0297228077937882 -0.0395066521877253 0.687848788170387
-0.0221309822254891 0.0166158465447844 0.373515471504605 0.247419317507729
0.0158761820781888 0.0181618183058137 0.202573863461563 -0.113074946453965
0.0194376065922186 0.00379084521116382 -0.0564523283544126 -0.22077114603395
0.000290895875603969 0.0234581922087346 0.0895805340028271 0.143776856758727
0.00787167646677402 0.0193223185191361 -0.155639948852621 -0.0266990028960914
0.0136594333758944 0.00790401838210451 -0.170442013755589 -0.422279729022752
0.0266632826692617 -0.0182792581768711 0.400129296615359 -0.451583313207266
0.0580011068991462 0.0230536864969336 0.784006906131707 0.310649642157336
-0.016732015918953 0.0414085589946762 0.115935442776887 1.00745262477234
-0.0399906929452262 0.0231494715471126 -0.449115180903449 0.542345887572242
-0.0343146413700305 0.0263434995638928 0.0712454662268005 0.0253593995769358
-0.00323250457202481 0.0409210865288337 0.210382144433041 -0.658312528548599
0.0331641266385466 -0.000445899513723768 -0.621628457584832 -0.700765837630116
0.0189878069453646 -0.0379933394098423 -0.834642327518672 0.269602720051369
-0.0208670898298428 -0.0223888858430998 -0.0607356497166299 0.685312846039854
-0.00849740389613413 0.0235772716259596 0.365681911193599 0.259705332192297
0.0268961323654803 0.0189701856581016 0.203595927467601 -0.105113362484251
0.0239407848927616 0.00604511356475178 -0.0563250289596182 -0.219749234117853
0.00518768622788988 0.0265815763677004 0.0845827352461339 0.149354842558629
0.0192716447922274 0.0252267483952815 -0.157521203926597 -0.00854302400659872
0.0231476717578419 0.0184785684302596 -0.197299677803745 -0.405453595306958
0.0267613880238875 -0.0103650220087033 0.362011994577212 -0.485364889316726
0.0643953557915315 0.0187467028158933 0.802590052828989 0.229214537056742
-0.00338537534649976 0.0504086801201761 0.200999968840086 0.979375777754561
-0.0416707793455932 0.0474790708303216 -0.413410927452444 0.565733061262189
-0.0459435436828522 0.0468603799396751 0.0599762801524339 0.0397137838966084
-0.00180681577680471 0.0600901960616756 0.249686954607279 -0.6442367330145
0.0430206752063553 0.0044556718667982 -0.563177969689689 -0.761004952761578
0.0258048914332706 -0.0368892777913408 -0.862525032819926 0.189749304961535
-0.0140124530334216 -0.0157649929172075 -0.114288075730643 0.677290503758814
0.000380067205004785 0.0290874196765029 0.348061303785239 0.28773566754006
0.0353830169177633 0.021907867583783 0.205221830790034 -0.0858700684973375
0.028033879841092 0.00921435186107047 -0.0592916141009089 -0.214228956132756
0.0100949015440583 0.0270418960334455 0.0773165971357671 0.157357118177019
0.027684947142067 0.0268127682225108 -0.160167808370724 0.0198828516340429
0.0287191767582027 0.0229079716185807 -0.234927630516669 -0.375595794263339
0.0257545017810194 -0.0075692321415301 0.301710357543083 -0.526040549380803
0.0681596109139253 0.0120027214880033 0.821357395511227 0.108160651878003
0.0104498703431598 0.0543234041039774 0.321161520112021 0.926981565509543
-0.0375005040699844 0.0635332793809548 -0.361139157383312 0.60098124040872
-0.0537453739433888 0.0603062058802129 0.0428801657930519 0.0632489549231378
-0.00655804026678691 0.0721887581333234 0.308484983476611 -0.614188918314195
0.0488662542853873 0.0122936622275667 -0.467347325551561 -0.842061480668033
0.0316746317900368 -0.0339590064068169 -0.891129967316592 0.068454541300383
-0.00967648269495073 -0.0128607185802661 -0.193024672114716 0.662855261540323
0.00428293575650508 0.0321326560133672 0.318084698946263 0.328763072499868
0.0401563162117814 0.0230896003423427 0.209793594100004 -0.0552380427899819
0.0306819300513945 0.0111368993581264 -0.0614805886390604 -0.206022020757316
-0.0211026423448182 0.00266868443653002 0.0789653866162262 0.159842072222558
-0.0402673718748518 -0.0056067748851131 -0.165537927742289 0.0438458817665363
-0.0429384076444217 -0.0448746970791794 -0.27688960086008 -0.358197244320358
-0.00569550652395799 -0.066965303664745 0.24221375417427 -0.567652228349049
0.0330841265694061 0.0103006078510512 0.836594714659973 -0.0158717955585534
-0.0478146653648308 0.0266702623080414 0.45643876237454 0.865004095993786
-0.0230150219153634 -0.0642256323520321 -0.29429861340354 0.656752881760199
0.0174441149187212 -0.0685390175316677 0.0329584928569102 0.0993680969720807
-0.00740827861208649 -0.0421254580488024 0.369069005280495 -0.578491017373618
-0.0196777541691484 -0.00314037691684712 -0.36005452505508 -0.909596082201011
0.0028891456941747 -0.0239162664427903 -0.91112129757655 -0.0361235677181082
-0.0366845434897155 -0.0677198697604076 -0.281409753682376 0.667147893641688
-0.0624908034042331 -0.027434306801973 0.308354500179897 0.379084955348151
-0.0214660989893491 -0.00111260112819387 0.222686942641078 -0.0268045161017356
0.0065854077278418 -0.00824389392685524 -0.0742928750601376 -0.203609349498682
-0.0196599708297903 0.00525203455279158 0.0864703450197274 0.150622539067351
-0.0379991061284565 -0.00646434410340216 -0.164486359471666 0.0118229654769831
-0.0342971407087495 -0.0441597133421195 -0.237018681954027 -0.395348485811573
0.00629032170845023 -0.0627744670024146 0.316695276845796 -0.531362388135218
0.035426057157327 0.0158783108826297 0.838675701251456 0.122151646300125
-0.0497173574876114 0.0209136856019191 0.326134904225953 0.943494224584657
-0.0187562133323546 -0.0621700838800449 -0.361815270357065 0.62050269659165
0.0133424315227777 -0.0613048766945355 0.0501392484763679 0.0690959755836308
-0.0129109312914585 -0.0321833314350109 0.303576160586859 -0.62219773344707
-0.0143215223511096 -0.00118869612519281 -0.488914003557836 -0.829768670818204
0.00187786601453518 -0.028119565925947 -0.894145989047719 0.110388523381599
-0.0415723295428897 -0.0615925129078466 -0.184622967261105 0.69361245298267
-0.0593304598706534 -0.0152851634457219 0.346033161111295 0.332286812395217
-0.0171407231822035 0.0043775279295363 0.219608348669773 -0.0616035652760889
0.00715081990078208 -0.00639630892404703 -0.0697888676272243 -0.211891943035354
-0.0177751292253005 0.00863701123861217 0.0918237781116926 0.144249353564685
-0.0303927110579599 -0.00316519077097675 -0.161751925296266 -0.0139015218135341
-0.0221346956581986 -0.0374921260668159 -0.199015978948059 -0.418626390675317
0.0162588413960463 -0.0541704550470081 0.374259835245744 -0.491527142264502
0.0393392483321466 0.0209933672765134 0.821184934444829 0.23995740061648
-0.0457159862388654 0.0198777886611765 0.208161455708537 0.996495366559179
-0.0189373589064942 -0.0502695180335658 -0.416849225227747 0.585180847494728
0.00473402820559358 -0.0459968453701702 0.0650030226141623 0.0440502951033361
-0.0144559931325192 -0.0168255469839332 0.245173558147115 -0.652747789762793
-0.00561758538588961 -0.000310466350481813 -0.583013162097272 -0.751816751551547
0.00365279341130533 -0.0326636266817839 -0.865717462162022 0.225965087308724
-0.0413974413692598 -0.0508823509085426 -0.106008653834984 0.704400521964092
-0.0502331049855591 -0.0028920227701518 0.368723278938142 0.288294863339781
-0.00888167275979847 0.0103646786817112 0.213514918010601 -0.0913644646169184
0.0107090308844781 -0.0029546692632892 -0.0649269147722053 -0.218712393234458
-0.0121289256254421 0.0137317065388142 0.0947806673946204 0.140813327012414
-0.0186470121630822 0.00263283314762171 -0.15910741067873 -0.0292712883746964
-0.00842668267329169 -0.0237315055857787 -0.171949333599767 -0.429927110539811
0.0229490311783311 -0.041478198499802 0.408088160954833 -0.458754511457349
0.044579633421397 0.0248434346505987 0.797838782925008 0.31564698152446
-0.0387637829588679 0.0240732573785306 0.123822356915962 1.02243827369636
-0.02412086202193 -0.0289285315658014 -0.449737824372225 0.558305700164654
-0.00672793859033182 -0.0230002456896639 0.0744328774314299 0.0272728033264456
-0.0112285107794483 0.00130162676177676 0.205297083245707 -0.666935840216169
0.0065515014179039 -0.00119555605368554 -0.639590996821492 -0.696783418580434
0.00687900042052272 -0.0360822919618387 -0.840318272755841 0.297368286215679
-0.0371189956771486 -0.0398351564554423 -0.0501534430829123 0.704312959600328
-0.0372730313963947 0.00847948174736016 0.381923066442625 0.259056231844251
0.00344209573410294 0.0134639769153564 0.207561357398217 -0.110525036946623
0.0149544965476211 -9.83209948280921E-05 -0.0611762781156196 -0.223276542278472
-0.0066172605732513 0.0189559318109142 0.0939314567978026 0.140477162511891
-0.00489505385047482 0.0113454507305866 -0.157433937215167 -0.0329987926849031
0.00357775324880843 -0.00812936871156403 -0.16494928162615 -0.433930631289014
0.0260190173167697 -0.028077815549764 0.417086695010333 -0.449194762254082
0.0514367826758995 0.0250185368441168 0.791542761667061 0.340014788316077
-0.0288686491018524 0.0319380118382628 0.0957082887352706 1.02870230884452
-0.0323165828473869 -0.00323195010493981 -0.46131161025438 0.548439940120076
-0.0205283690128045 0.00167278824501055 0.0773139778433961 0.0207025423198251
-0.00734841318023188 0.0218186201132071 0.192278881320726 -0.67442439040699
0.0202092291209896 -0.0021167678012458 -0.656891762984475 -0.681387030957731
0.0124084385913188 -0.0383001908550135 -0.830394907197169 0.314926865262182
-0.0293224075887968 -0.0307963456584537 -0.032742302526775 0.698849591386794
-0.0226263189290288 0.0177270857754727 0.383686697804152 0.247072687825062
0.0160162856933203 0.016694230366799 0.205210681939741 -0.116976685230492
0.0198055103062904 0.00262527087183765 -0.0589333463327734 -0.224473614167539
5.76921439717753E-05 0.0236380571046399 0.0916482343121985 0.143845946780646
0.00836341601507458 0.0191054660995241 -0.158504632454084 -0.0251441661947058
0.0145125706977973 0.00713992326146058 -0.176885357057828 -0.425739151947807
0.0269886990338591 -0.0182840673917614 0.400403531461197 -0.464277788140371
0.0588975583375524 0.0232106641343262 0.797745904786047 0.306363257739803
-0.0161840841802916 0.0425745326807387 0.129351084907517 1.01778335489199
-0.0405817358998981 0.0239881717713124 -0.450530847345354 0.554047058006408
-0.0346194383804533 0.0272273726541486 0.072455547014339 0.0251873880310602
-0.00276165596900017 0.042542903186714 0.207158882819967 -0.670768968182159
0.0328295663951579 -0.000851524296873345 -0.635640834348428 -0.706987290059506
0.0191627864663143 -0.0393825535790842 -0.846551970273391 0.282298727349939
-0.0221526940254449 -0.022298442947724 -0.0520893324757327 0.696196059903993
-0.00869150447112458 0.0231254370145719 0.373799216033223 0.258652694356157
0.0275569807446955 0.0191040455557685 0.205674427885096 -0.109039265158411
0.0237830157325671 0.00620924055504877 -0.0592171511131245 -0.222525466239295
0.00615404860228717 0.0271676526085909 0.0861022480363079 0.151304294930511
0.0196259191232004 0.0243950714551443 -0.160958517556468 -0.00631939315858387
0.0245052462493141 0.0191372429356811 -0.204375093659309 -0.406957617414634
0.0275289887638042 -0.00984451451391652 0.361511352420538 -0.494206580553349
0.0657325873738777 0.0184863408626751 0.817657208398001 0.222508768736965
-0.0025763339392845 0.0515237164663624 0.216668762296372 0.991280534842591
-0.0416980411313208 0.0482570362648174 -0.41316386820377 0.578863877657249
-0.0461793987487889 0.0483402111796573 0.0613849213642974 0.0410680879908571
-0.00179677683221153 0.0604416641113916 0.247237799097408 -0.655822333162507
0.0433554257891672 0.00333438571145191 -0.578813453752227 -0.764823317801353
0.0256702666328807 -0.0378141836369826 -0.874630232080635 0.203607618370669
-0.0139985646523945 -0.0158203969921091 -0.106075219704731 0.690249795293274
0.00061927403362054 0.0290640796977019 0.355206622948829 0.287634919236488
0.0360019693127105 0.0209799195564651 0.208570734085751 -0.0887639166004681
0.0284865864328565 0.00832789427681126 -0.0612657824418606 -0.217151412672176
0.00962486346310393 0.0284162149803591 0.079800660844438 0.159435775814809
0.0286408125487477 0.026665567976263 -0.162096447254408 0.0213326699752548
0.0297626564902407 0.022765407258193 -0.241784275223046 -0.378500163554165
0.0256211582211591 -0.00759230987050387 0.298668437858372 -0.537687807971616
0.0700595441074121 0.0122080165717992 0.83560474724722 0.101976349922718
0.0122532040924185 0.055310746660866 0.336292862131791 0.934524925448442
-0.0363822278906556 0.0650404608953819 -0.361427601353641 0.613759187672479
-0.0530088840218949 0.0621597521608587 0.0449887116405018 0.0641880829477298
-0.00721103758104575 0.0741882508585399 0.306657136257979 -0.624997096008035
0.0490027486804628 0.0114305221396104 -0.482405836500733 -0.847622736031552
0.0317567254711412 -0.0343958355253549 -0.903912320236613 0.0794864030947897
-0.0105989990533698 -0.0131264849015915 -0.187611879285617 0.674479844459535
0.00418149235877001 0.0317077555052458 0.326497363601107 0.328323465356337
0.0403456756489246 0.0224524578355988 0.212985631584115 -0.0593652692452799
0.030430031096499 0.0110437715394155 -0.0666973417609335 -0.20900647509987
-0.0177585140176595 -0.000538598561975993 0.0424163350918756 0.17164501095815
-0.0382741910723211 -0.0103116643695037 -0.174448300597194 0.0100232666200217
-0.0383493386247324 -0.0519035371377463 -0.205236850547346 -0.411322139879861
-0.000474633958365268 -0.0724116236752143 0.359290784615988 -0.52334698032731
0.0349163597247143 0.00152464207930449 0.840645411103075 0.149614292014059
-0.0421387419518007 0.0176468715724906 0.281075062513573 0.951908126589032
-0.00868676642447483 -0.0634960362393669 -0.428054128134079 0.597823967380462
0.0344234267683895 -0.0625920735177584 0.0109578363496894 0.10633475886969
0.00147893982743354 -0.0425994055846553 0.487262089327343 -0.507455734798281
-0.0207455883975218 -0.0135365533277667 -0.182102796784583 -0.981408939818798
0.00170384978842812 -0.0259920277778378 -0.901645957705369 -0.215317539306216
-0.0316127731800512 -0.0700705818670985 -0.413592611952096 0.609636494242116
-0.0558391452690259 -0.0365643333905814 0.232954222372018 0.436250488690921
-0.0175950116299681 -0.00563272077092629 0.226638198907452 0.019137649374732
0.00791249251628376 -0.00982652270687745 -0.0285001811986977 -0.218275358596059
-0.0173923333092449 0.00138081212026658 0.0514717420586662 0.165273906957938
-0.0361189361961711 -0.011567252121272 -0.167170495594936 -0.0212096091631843
-0.0301646650568002 -0.0506643479443156 -0.156034622886849 -0.439674913155876
0.010484414595375 -0.0681026322127961 0.4271149995581 -0.471804562098903
0.0378616992749895 0.00858433082424402 0.814793823567595 0.288961970895835
-0.0421197615521043 0.0139046856973025 0.136811337638018 1.00830691542159
-0.00561396382709466 -0.0626033583369498 -0.490475611753551 0.548395487317226
0.0288621887680982 -0.0566602147956859 0.0355228419781823 0.0809018573633541
-0.00583346581713677 -0.0339143607575503 0.430972533650381 -0.563236886619108
-0.0172377858024885 -0.00884783188195122 -0.324656102737581 -0.925564858039806
0.00158923861895105 -0.0290322484870826 -0.911185043315667 -0.062660789734356
-0.0371975460288672 -0.0634599988851993 -0.319789380897218 0.655056808386694
-0.054214647379287 -0.0242957010397489 0.276974052364406 0.39748063048689
-0.0148332752174083 0.000338854278367755 0.230351265219805 -0.0157984134082516
0.00773238552865537 -0.0072287077802542 -0.0225819891645072 -0.226100823174828
-0.0151407234202817 0.0054022308350831 0.058460400692395 0.159589202144497
-0.0296389124422676 -0.00667183971144101 -0.159355517528719 -0.0460593394433052
-0.019761987389477 -0.0410268968874734 -0.114001576535665 -0.455526071793328
0.0193626878974119 -0.0572423528024312 0.476173509058564 -0.417677211348855
0.0422314486843171 0.0147840757916569 0.772654055637448 0.404461456455
-0.0391418020528993 0.013819014751071 0.00722901846215112 1.03604673277853
-0.008744147479072 -0.0499698671812168 -0.537086830219922 0.501841582388137
0.0166024201708446 -0.0435985714105665 0.0559834222045542 0.0581202775245919
-0.0101704061299169 -0.0200737963935061 0.378780591660404 -0.604439068102499
-0.00897729529891944 -0.00589365435467162 -0.435403640641764 -0.865794302415016
0.0040127368839459 -0.0324167455513488 -0.90489196498072 0.0554866304661608
-0.037996080805146 -0.0525539562034123 -0.242879999913663 0.680017076166299
-0.0482647154475486 -0.00936266534325674 0.310565761774744 0.358528063089155
-0.006659032082716 0.00777723223437868 0.229608858479438 -0.0468867015521543
0.0102007748554405 -0.00414790980682235 -0.016426830175494 -0.232191315605774
-0.0123076817006322 0.0107780177275826 0.0615683671510366 0.155964529168558
-0.0197934038381052 0.000363525236911673 -0.15299151819239 -0.0607733658932891
-0.00976210585637534 -0.0263758485769856 -0.0856475496147153 -0.462236874908532
0.0245634395457729 -0.0444783749985858 0.504908764091131 -0.378354590571478
0.0486138553659493 0.0206365416220499 0.735741245601521 0.474847927680767
-0.0332884802796469 0.0198994366372003 -0.0818941547470646 1.04705510967404
-0.018490784278011 -0.0306810257381024 -0.56621508688356 0.467695480973854
-5.71630217100433E-05 -0.0251064975208822 0.0678137232605059 0.0429515519681348
-0.0123028505044454 -0.000838649868827313 0.342544780238532 -0.628582086819862
0.00320773082639488 -0.0037907100715353 -0.501478011660442 -0.823324843132244
0.00813330365884058 -0.0343261110114045 -0.89353874622354 0.133005245293485
-0.0356875687415461 -0.0399152976146808 -0.189914716992762 0.690508655583597
-0.0369422321585841 0.00504312327172935 0.329664780915347 0.331797644161068
0.00418266562831231 0.0140959527158325 0.2280009494917 -0.0677741773843368
0.0130809694404801 0.000335459615320285 -0.0114017596471088 -0.235200139640881
-0.00706476582344562 0.0173523123864 0.0623349030706993 0.157247884622444
-0.00810474606933657 0.010629714640371 -0.150609030735583 -0.0638961893415827
-0.000823337752577495 -0.00838616226223735 -0.077330698492227 -0.461137076480904
0.0258198124142703 -0.0314740407326052 0.510736287571311 -0.364806630215207
0.0550234981261088 0.0226946930110151 0.721262024255837 0.496515215853537
-0.0253450471894296 0.031203963851361 -0.110575522191575 1.04686152380615
-0.0316447732283684 -0.00734799100049088 -0.575964171786605 0.455996394794893
-0.0199540246811949 -0.00309825771093537 0.0720472099656176 0.036605795649197
-0.0116956217083414 0.0198766319115814 0.328475826208976 -0.637130995316851
0.0162876269610456 -0.000970064573485755 -0.52271208305362 -0.809881116005285
0.0141586329074285 -0.0353549261627462 -0.889536476705112 0.150657034740317
-0.0293273136003085 -0.028901610320045 -0.172518944265261 0.687731137688832
-0.0249095218965563 0.0172500973965918 0.333415984136284 0.320447572891269
0.015735464222835 0.0198754901164118 0.226050224699522 -0.0736794448379727
0.0178321433563813 0.0041657551356697 -0.00952074884134447 -0.236366311420645
-0.00176094467839139 0.0245963879603386 0.0577106055649976 0.159901978540318
0.00318259863712577 0.0217964608939629 -0.15234532906605 -0.0561147480237807
0.00657013872446998 0.00899797474851016 -0.0887427369708166 -0.454440189762173
0.0241619405574878 -0.0211652392070686 0.498131284921849 -0.381321317590312
0.0625649087059993 0.021801258056301 0.737495351863793 0.466293953847259
-0.0149300343328986 0.0439842620557651 -0.0744019248108848 1.04457575572875
-0.0446330559631999 0.0183989144685609 -0.566630181352455 0.464315795485657
-0.0393083339824981 0.0185014811519889 0.0666819289042455 0.0403174583872303
-0.0121066925463159 0.0420972150253592 0.342776318222947 -0.631773248066158
0.0292217166865489 0.00287577623958849 -0.498061775333044 -0.830974648939109
0.0205459211384547 -0.0336497703185626 -0.896170188621106 0.116292310181636
-0.0229481543389153 -0.0188846614598531 -0.191025321731059 0.680774618454162
-0.0125647300365061 0.0270425244677457 0.321228988997886 0.329333364667438
0.026613865648473 0.0244681366567954 0.224064945422735 -0.0663809447317746
0.0216350552019238 0.00862469535480431 -0.0103781305906108 -0.234614079559075
0.00378344522613775 0.028834519337843 0.051939020946711 0.164890627891233
0.0149059482986155 0.029555617364678 -0.157710508342413 -0.037662591405404
0.0120225892354868 0.0229523449479212 -0.120394309524636 -0.443186838781867
0.0213512991677603 -0.0125835686243906 0.464130121209299 -0.422494273889268
0.0686568978479808 0.0179605820915853 0.775356401596487 0.386729946630591
-0.00312102903819667 0.0551178270656476 0.0186650823873746 1.03557788143248
-0.0522227775038905 0.0416697632205782 -0.536866108813947 0.498348957589479
-0.0555349585686094 0.0363560500988875 0.0517093169388312 0.0530835518407175
-0.0159829521148718 0.0596460391351238 0.379944870565725 -0.609995568017101
0.0387744609438635 0.00900563205800462 -0.427637533072547 -0.879554336250764
0.0272615313778293 -0.0319240584907067 -0.909697495829832 0.0331830585382296
-0.0184466451142663 -0.0119068368834408 -0.243231835365025 0.665243070870923
-0.00577092025971295 0.0347642489902561 0.297623473815676 0.355240105784542
0.0336834510641855 0.028499861663624 0.222968431611039 -0.0461878237225616
0.0251042468812927 0.0125556435922652 -0.0142313977151571 -0.231407813178512
0.00686103118221376 0.0307153184885697 0.0431668807358834 0.17139525110222
0.0223967091516884 0.0339795960746725 -0.164950831247973 -0.0105805934035372
0.0172575222413511 0.0286078790173282 -0.161726105961349 -0.420608387429274
0.0187875081765024 -0.00947763263032094 0.409736754442586 -0.475029340416799
0.0722652042679698 0.0108697584530083 0.817545365623947 0.267709407313993
0.0102851164536298 0.0609578041066018 0.150725815420949 1.00025360913242
-0.049813107083757 0.0590830666123161 -0.489649319518694 0.543344072390479
-0.0665277565254829 0.0480553143742052 0.030709492373095 0.0744892936323347
-0.022857875533227 0.0727417409714275 0.432981738092592 -0.567578377269137
0.0435764776784221 0.0186037726510612 -0.314266502278864 -0.943297098356652
0.0320743281602014 -0.0282494066147581 -0.91577965174545 -0.0972800408871468
-0.0148545734291565 -0.00920395772469566 -0.321970227789367 0.63313731143419
-0.00352228966073705 0.0383871960656016 0.260668362161538 0.391109752761945
0.037526726094258 0.0317197005549859 0.219927537651695 -0.0154298609322417
0.0272210713583079 0.0156399376579517 -0.0199168390172748 -0.223287755641096
-0.0176629093372399 0.000284299552775774 0.0446371608514271 0.172731807608978
-0.0385775578865989 -0.0107524120591062 -0.176683867778294 0.0139121670455818
-0.0388386612774905 -0.0512132525465549 -0.215734938920745 -0.41141442822277
-0.000913351231328633 -0.0725676491929458 0.354914784984096 -0.536206794333267
0.0354907824026511 0.000697804923367362 0.853621790334102 0.138733814303044
-0.0416555440700279 0.0193864790559034 0.302078473732899 0.959579309043312
-0.0100178095960545 -0.0651957550436578 -0.423807743105283 0.61150157864099
0.0341569437041168 -0.0636758482954712 0.0127511425926965 0.108241561940797
0.000852687233081222 -0.0426565624548197 0.485039685494293 -0.520577030831484
-0.0210959155584718 -0.0128810149238421 -0.199520603413829 -0.989158202285936
0.00123494486505477 -0.02612664695469 -0.916465113605581 -0.202329998733145
-0.0330702242488701 -0.0707994845075622 -0.40596800238445 0.623944681707423
-0.0564336644916921 -0.0353578964203574 0.244594325165787 0.438569779668675
-0.018228469581245 -0.00573749546030099 0.230474521638439 0.0158679955091117
0.00752406291681083 -0.0106484857518062 -0.0321305547757692 -0.220112110903121
-0.0178558535501537 0.00197880647799341 0.0536281040256983 0.165578066039527
-0.0361551728235028 -0.0113647346404818 -0.170323078253814 -0.018418181987362
-0.0305747728818129 -0.0508249648634187 -0.166650789842147 -0.440784321286218
0.00955852591791329 -0.0680296048896888 0.424292747139005 -0.485148661208021
0.038603652002956 0.00832765318850165 0.829908084666345 0.279992389030524
-0.0421415475264851 0.0139051106362796 0.15629100784673 1.01781762191593
-0.00733113096098679 -0.062930512388257 -0.486815926948887 0.563186472241433
0.0289869926123665 -0.0577793359923792 0.0370673827859682 0.0809081876348603
-0.0064574408762472 -0.0350392198337007 0.426593071515196 -0.574870600988362
-0.0177788843016461 -0.0100730377096371 -0.343601969110925 -0.931363663194096
0.00120305224874544 -0.0291009847597366 -0.924073151979764 -0.0490572987440663
-0.038445201371785 -0.0631307756106521 -0.313143024569055 0.669196991042732
-0.0553316784594044 -0.02387543212598 0.288073958727483 0.397965278171541
-0.0140157142622776 0.000760956299433728 0.233359832822957 -0.0202440705629662
0.0081292850462885 -0.00801659737735896 -0.0264317073996378 -0.227870694590365
-0.0156788035103162 0.00560775297162339 0.0599471844971682 0.159767258324431
-0.0299258125050887 -0.00709381116554259 -0.161775036343478 -0.0433768801197092
-0.0197854858773828 -0.0414567205697036 -0.124512675381602 -0.458005538967459
0.0186954618999382 -0.0578703352278722 0.476213334985078 -0.431212014473805
0.0434147538637636 0.0145498822770725 0.788891166210447 0.394828790724218
-0.038976954768399 0.0147224845069296 0.0257596041936088 1.04821063847734
-0.00966519327691294 -0.0493991969293134 -0.536555407609321 0.515745617810176
0.015762780476589 -0.0445493568471993 0.0565491283004355 0.0583896412355886
-0.0117720886975907 -0.0196456631789205 0.373572964496157 -0.615906185915406
-0.00871235983267409 -0.00643700576983249 -0.454168757608855 -0.86976160341137
0.00406567600034786 -0.0330909984086385 -0.915246135792531 0.0712575061112633
-0.0391443639469538 -0.0524517291716586 -0.234113304217151 0.695332599668971
-0.0486970569041387 -0.00889129152734854 0.32154002661544 0.35830915360478
-0.00597278363010939 0.00689518337225842 0.231607061943891 -0.0507261293128624
0.0103450484027545 -0.00488567264823446 -0.0209981438308955 -0.234330743834842
-0.0121102204682773 0.0114928204927049 0.0629573461093357 0.157001507188885
-0.0192094704847264 0.00129479655576811 -0.155726031989113 -0.0587043459251475
-0.00976691572748653 -0.0263297942704788 -0.0929621472697793 -0.46465712435883
0.0240620921023002 -0.044935254546583 0.503882031394033 -0.391390929483836
0.0486260626344125 0.0193900380206115 0.751494184498154 0.46745225182192
-0.0332322046268018 0.0206277382181635 -0.0643688060438548 1.06023737298987
-0.0185728999444759 -0.030790707395177 -0.566973408780328 0.482207914426471
-0.000258542323624273 -0.0254591633738891 0.0693649877492301 0.042331357226582
-0.0123803129014778 9.86315822588957E-06 0.336331921245731 -0.641282203639887
0.00343524936155956 -0.00408343589062299 -0.521105662584289 -0.824245911684776
0.00796109725537381 -0.0348599128037625 -0.902445267128217 0.150407425843551
-0.0361666625684625 -0.0405704363585494 -0.180291620158245 0.702423457152282
-0.037470986608779 0.00511778988329962 0.337821266847299 0.329908662454129
0.00469519449507888 0.0137333945693601 0.229547938730274 -0.0711104908413147
0.0134441194870064 -0.000923401690501946 -0.0147967246171321 -0.238006119622803
-0.00632970022814349 0.0183177247612525 0.0637370992107387 0.156654513985122
-0.00784125808137958 0.011090941921938 -0.153126638338932 -0.062005226298149
-0.000905651952867082 -0.00874349321292578 -0.0858098042070308 -0.465972095752728
0.0256073859796165 -0.0324847227832246 0.511230823802721 -0.378382546608503
0.0566199790346687 0.0218938055181586 0.741377213734152 0.488817803321957
-0.025010677384372 0.032153594465373 -0.0943892661786947 1.06166061381965
-0.0325564377236531 -0.00690615716108486 -0.576844694135508 0.469256542726381
-0.019588319679968 -0.00316374300830483 0.0734708247310256 0.0368873689184948
-0.0115560458424108 0.020285148696631 0.322869189427592 -0.651831869135919
0.0162894915741459 -0.00184983909949234 -0.541570313935309 -0.809218105652505
0.0130685611584166 -0.0355078090081803 -0.897329118753847 0.16815301887482
-0.0303667145322526 -0.0283408479378494 -0.160233008669185 0.698704637889301
-0.0244749136094763 0.0171861999045894 0.340597726739986 0.319013431023089
0.0164302759922478 0.0185640327159281 0.227232060728379 -0.0774532378109293
0.0171268401849654 0.00357856561865657 -0.0131220449286158 -0.239034570888985
-0.00130316846620268 0.024927685035136 0.0601388592343776 0.161441973783541
0.00363361163021255 0.021690063870148 -0.15544423201019 -0.0535698313226961
0.00698960937464124 0.00914041708223177 -0.0978150273358995 -0.458906744556304
0.023196264935022 -0.0210798796588973 0.496324285674122 -0.393919674023248
0.0633570034547232 0.0209044817380428 0.755061648924447 0.456756460370971
-0.0147874352663229 0.0447538335075386 -0.0577364557339968 1.05626909006942
-0.0456577036909678 0.0192211131084776 -0.564290051706626 0.47916821769422
-0.0390287103526135 0.0189631539193915 0.0680067489422514 0.040846059044542
-0.0127622797098028 0.0420974711404982 0.336649180981786 -0.643951918255451
0.0292043995884164 0.00196029775439751 -0.516618904363011 -0.834241836482266
0.0199541135331957 -0.0352855462187477 -0.904290574535961 0.132594044664793
-0.0239486782562048 -0.0180512774840943 -0.180788403874739 0.693344009212495
-0.0120694337471683 0.0273308054309397 0.330130161697557 0.327722368285895
0.0270385166541951 0.0232544804698673 0.226210496177537 -0.0707860449497796
0.0217607912504119 0.00822647844160538 -0.0138348506720173 -0.237913843992839
0.0033467280016229 0.0297692327119706 0.0537441103353966 0.166248700132567
0.0148405939024694 0.0296730106221233 -0.159958041547036 -0.0343544538203884
0.013342004062561 0.0225891849480254 -0.128337670451768 -0.445890168194184
0.0216294070810502 -0.0128858619858637 0.461634027287605 -0.43565506067769
0.0696220343671479 0.0166529458674514 0.790572351827665 0.37701205961235
-0.00150157773343729 0.0561132068704554 0.0367345677549862 1.04345979218762
-0.0517480837574735 0.0428075716998597 -0.536018852709903 0.511299047323037
-0.0559796754804659 0.0369176597281864 0.0533325442198352 0.0538775039251813
-0.0162533214002873 0.061170647504219 0.375123956730185 -0.620002208687842
0.0389289349417394 0.00865696816343003 -0.447694570435244 -0.882928682076883
0.0267185807118792 -0.0330118777829087 -0.92055965094068 0.0472655057033689
-0.0187616114311731 -0.011231103924741 -0.235767394017563 0.678357698389788
-0.00471484343059762 0.0355152316345385 0.30648824161003 0.353808667844592
0.0345923696565527 0.0264684206025672 0.224106883118936 -0.0496497060817809
0.0245112904327218 0.0119735841831347 -0.0182037469738468 -0.232513507345518
0.00749527509637409 0.0317577409327642 0.0456276075135375 0.17306529160175
0.0231039939900224 0.0338062009279461 -0.167548700528122 -0.00735050792147697
0.0192373015516396 0.0287888835547966 -0.171401361684846 -0.423534449619947
0.0185157546122698 -0.00902786891772427 0.405444325603022 -0.48814739061204
0.0729881547762457 0.00979865685073975 0.828379986297715 0.255786762233103
0.0113520280212166 0.0615716231959148 0.169673939116987 1.01121042756954
-0.0500714525112544 0.0599483369540353 -0.486303503749448 0.557289946526519
-0.0666753410104156 0.0501147931182023 0.0313960931657504 0.0742849936461546
-0.0222929646201993 0.0734241042290114 0.429727199232997 -0.580377238509529
0.0440315499415999 0.0174099182010883 -0.331978540389427 -0.950430015913755
0.0318362527930412 -0.0296019195338174 -0.928693730238731 -0.0834770928627914
-0.016536717258602 -0.0083365906817803 -0.31615390994908 0.64590872552185
-0.00254298574533225 0.0390646622211542 0.270434687991461 0.391172068829914
0.039154562328042 0.0307563693866238 0.223629645306741 -0.0198050412722493
0.0272214841669501 0.0149443180586833 -0.0233748021971968 -0.224968078528021
-0.018024167213217 0.000641839159221487 0.0478451482202635 0.172443658221335
-0.0381703665527962 -0.0103247431147495 -0.177619840160353 0.0164690115961868
-0.0396141387277583 -0.0511578459367747 -0.225758522412986 -0.409783293274633
-0.00306890296160102 -0.0731158510463665 0.345941285327167 -0.547541153657798
0.0353702589539715 0.000471033540879774 0.865069953329798 0.122228039386368
-0.0413674673602946 0.0195335020515586 0.322869671599522 0.962844525480482
-0.0114924752422092 -0.0655016677677948 -0.416432672739145 0.624371449246623
0.0337129110055872 -0.0649537342115244 0.0145478341970717 0.108775334322426
-0.00113872977065803 -0.0434161448222436 0.481484394498832 -0.531065126061251
-0.02248597013521 -0.0122242161268802 -0.216857245002176 -0.997509228412209
0.00123597863722089 -0.0261958140906886 -0.929042474567742 -0.186926894088499
-0.0345010370662056 -0.0696428681858539 -0.397999210166632 0.637402221014365
-0.0575358162882692 -0.034867071147166 0.254079884648163 0.436520862296883
-0.01777511480504 -0.00631185929581812 0.233392956774936 0.0117027063082883
0.0076187808874435 -0.0115890091455868 -0.0365500785507962 -0.221462767526872
-0.0180974663612488 0.00265739527941848 0.0557916686483346 0.164612573819558
-0.0367978919599102 -0.0106694035005828 -0.172503905421106 -0.015593790488748
-0.0306455765694967 -0.0498281144356296 -0.176492223283182 -0.441234367370039
0.0081186915559535 -0.0688111362685963 0.418834004820935 -0.49700745867135
0.0383685318868381 0.00709862921610644 0.842998343477661 0.264797384156322
-0.0420817339400152 0.0152816329692744 0.176632522786762 1.02316348719813
-0.0092272352887798 -0.0630255397581641 -0.481482991166311 0.577193919385528
0.0277656308379837 -0.0585134594446102 0.0383136431308958 0.0815178746316799
-0.0072404399692125 -0.0348181967665844 0.421262036582039 -0.588998319937013
-0.0180322211445594 -0.00890932663750212 -0.361520485357544 -0.935964666718184
0.00122792884604836 -0.0304437857890146 -0.934985854845931 -0.033278282665086
-0.039867078938747 -0.0637791369583285 -0.301646628673441 0.681585231475408
-0.0561681649010515 -0.0225242331963795 0.299043380589591 0.395294990328352
-0.0133554974886081 0.000209123599138012 0.234505414485975 -0.0253630134920794
0.00783945304666814 -0.00901776121596446 -0.0299263442392841 -0.230112200429292
-0.0150763385484155 0.00597168350587101 0.0630212640600593 0.158157943306711
-0.0293034749743285 -0.00741133589130069 -0.165092371950034 -0.0408025525029803
-0.0206645720689031 -0.0418677632190347 -0.134075942193838 -0.458665407167272
0.0176903659682843 -0.0581308202053997 0.471086530343762 -0.443374961285935
0.0434242650445606 0.0137237155528336 0.801980060476852 0.383665137491953
-0.0383471414366578 0.0157738060350493 0.0465481551086912 1.05525022700832
-0.0105462054421854 -0.050522496618466 -0.531734262716743 0.531427683068097
0.0157822149649463 -0.0449956500067977 0.0578123775377988 0.0576805619329648
-0.0125095742245082 -0.0194894518778574 0.366693906694688 -0.628248838573009
-0.00952019151243218 -0.00608827878927071 -0.474120576933312 -0.870230223300205
0.00322205298445919 -0.0329950695103437 -0.922620323822858 0.0878768857027533
-0.0410104955703868 -0.0518439759554037 -0.22146749916364 0.704946608832276
-0.0489045909632721 -0.00855260643562586 0.331740897106391 0.35445591655713
-0.00606546965251513 0.00674538399792381 0.233060507543716 -0.0544165687237886
0.00986461278633129 -0.00607482681724283 -0.0244058260399871 -0.236804022607947
-0.0121215809451646 0.0120316819440375 0.0663128170468535 0.156854488831059
-0.0193279005847866 0.00080812972485791 -0.159019074666079 -0.0559332335281918
-0.00929538907765553 -0.0268382436169092 -0.103016105512042 -0.467291741529396
0.0231830641832955 -0.0459279194298321 0.499444236851607 -0.404221730149809
0.0500881533741772 0.0191227913926093 0.768045342961668 0.459280556696013
-0.0327041632827288 0.0220580635344056 -0.045272397551258 1.07147299031108
-0.0190036011186476 -0.0303357723440025 -0.562311901386993 0.494877406234486
-0.000394803500502452 -0.0258166685508961 0.0710223280159933 0.0424303689212709
-0.0129330011700698 6.75061401664602E-05 0.328288419563837 -0.652285164335777
0.00251110256153537 -0.00445427414185819 -0.540244934595235 -0.821762056274309
0.00669833546615838 -0.035283129808704 -0.907343120281867 0.167623074909831
-0.0377631818530492 -0.0400616538486035 -0.167557718419064 0.712903447659246
-0.0374711641255161 0.00638653369637386 0.347392199949506 0.325420706373827
0.00564074585388916 0.0124562518468945 0.230316643010776 -0.0767880644962382
0.0133662403272148 -0.00162318478263844 -0.0197505351423957 -0.23975973710927
-0.00623462109069065 0.019361381266566 0.0670580125379039 0.156617928139082
-0.00717323409745176 0.0111295202239404 -0.15627661447508 -0.0595167705343573
-0.0011330277017161 -0.00907420599080359 -0.0942735830391662 -0.467356689897006
0.0251576691314048 -0.0321110265956918 0.507821524711387 -0.391515540044193
0.0576875560687566 0.0210081911950439 0.75571255350423 0.481761900917629
-0.0245267310472212 0.0330978048302402 -0.0747461008949612 1.07230686498842
-0.0325278618086958 -0.00632395616528425 -0.572989790417856 0.485189966116233
-0.019805021806407 -0.00318378566657984 0.0743592929811483 0.035603914435391
-0.0124473544254364 0.021909593747165 0.315245610986311 -0.661295086552893
0.0166296293786221 -0.00247968662437438 -0.561949149325589 -0.80818624866128
0.0125837643339435 -0.036442567900197 -0.902009043119629 0.187188860575755
-0.0322453208398047 -0.0282474163515793 -0.147057652907498 0.711668275260042
-0.0246732502370019 0.0181306060671035 0.350011427782881 0.314261523002519
0.0168287235818647 0.017210098582672 0.227688145400424 -0.0823450862308406
0.0170105351249407 0.00292085624033888 -0.0182151737650419 -0.240264421957583
-0.00125978915918179 0.024944427421178 0.0630826809038397 0.161025167864348
0.00572408432198224 0.0208623927311965 -0.158542134432633 -0.0517348087529544
0.00768602193654606 0.00802084975742125 -0.1059934994692 -0.461133206046607
0.023741866257384 -0.0203984425351552 0.492467222300324 -0.408125113030995
0.0644112593502687 0.0195295519547584 0.769369999377119 0.448225284907074
-0.0129475918736233 0.0448116786962318 -0.0378807341263911 1.06719820385554
-0.0451688708995295 0.0197968275460177 -0.562537114732436 0.495469749654783
-0.038829029435497 0.0204021186187189 0.069306043297373 0.0393848813257506
-0.0123759957197488 0.0433045320633055 0.329896731417739 -0.654769545733812
0.0291985193188925 0.0018291266619048 -0.535202215845431 -0.831324788652078
0.0200376171719343 -0.0363195103262144 -0.911259078815201 0.150399526494278
-0.0244511497140553 -0.0179223603412144 -0.170617868825467 0.704875691787405
-0.0117518149703391 0.0274629510789683 0.338705414217691 0.325249077515805
0.0276031305656932 0.0217020757051733 0.227228555811162 -0.0746617503457709
0.020955301767662 0.00721786201808066 -0.0182561364023822 -0.238926424923418
0.00436757505917705 0.0296802740949676 0.055711899877915 0.165994156697976
0.0156490969117647 0.0289075454388715 -0.16296934047124 -0.032041010034178
0.0139432891048063 0.0217205323161828 -0.137891683608011 -0.447100204973956
0.0212755868312471 -0.013232522811563 0.456185583165292 -0.447937929003895
0.0704568891876363 0.0156228547911586 0.805122927551002 0.366203207831388
-0.000502598740726661 0.0561822923083583 0.0580898329428797 1.05364218876342
-0.0510606519205968 0.0437219561558249 -0.530821562165534 0.526086002678701
-0.055069984389083 0.0385021926367074 0.0548419441892748 0.0539491823907217
-0.0154709685128656 0.0623761921248007 0.368645482044287 -0.633049148817292
0.0391363972188808 0.00824124206787322 -0.466842923036898 -0.883910574515481
0.0262179393976489 -0.0339250682333068 -0.92857334920202 0.0654365844468951
-0.0192291931047099 -0.0102428186609424 -0.224590714542589 0.687907892567925
-0.00325370613479797 0.0353438577926396 0.315928376480013 0.352839406551061
0.0350969016521156 0.025651321727487 0.226738928322276 -0.0543459770975958
0.0247023710655213 0.0106195899620984 -0.0218466192922963 -0.234494041252802
0.00841566090422321 0.0320999622810881 0.0479751710777653 0.173312346655432
0.0235347997441902 0.0326573337191349 -0.168968390615408 -0.00310243345272689
0.0198526432007933 0.0278949890602719 -0.180257126680701 -0.423712643693294
0.0192762981461619 -0.00935677021036258 0.399755724473104 -0.500234912654338
0.0735219100039623 0.00909720864804419 0.842694128042168 0.244627697978209
0.0132031215291458 0.0621398783233726 0.191122714956251 1.01475258334952
-0.0487241894818442 0.062476803883569 -0.482382253398638 0.571334895373343
-0.0655634869118521 0.0509995034459422 0.0327324673381576 0.0749529915161623
-0.0215018825380519 0.0748914613998765 0.42310245763826 -0.593326540896876
0.0442325765929343 0.0166846800962951 -0.353496391112886 -0.952858198459025
0.0319559649184792 -0.0300421930803102 -0.938925169997125 -0.0665152901282808
-0.0160927914608371 -0.00829657549230805 -0.306750671473465 0.657927082296372
-0.00194914404274853 0.0395087361997943 0.278905933332857 0.390061141717555
0.0391226678020573 0.0291142821734817 0.225578554831853 -0.0232625506949205
0.0274079195895012 0.0137238286562304 -0.0273252497050115 -0.227165095950034
-0.0186413801523205 0.000859052684054459 0.0493254290535362 0.172140880084545
-0.0381119586494956 -0.0100391245903636 -0.179043730675912 0.0212115445240959
-0.040447834372246 -0.0503806710801124 -0.23425385318429 -0.409228773148994
-0.00479340893625008 -0.0733851386964499 0.337170475687699 -0.559171437399951
0.0348222682578544 0.000398519597102794 0.872882436784026 0.105693401772577
-0.0411703107287689 0.0200801499035374 0.34423007139738 0.963496198366975
-0.0124236445561398 -0.0648399255997615 -0.407196570624766 0.638002653521603
0.0332340755394772 -0.0663016467434584 0.0164638421154683 0.108478293962606
-0.00267419848394388 -0.0431011700029347 0.474190535595853 -0.543228337631741
-0.0227481851244656 -0.012688881282086 -0.239590799769023 -0.998643547243912
0.000626890176437871 -0.0262644425842535 -0.938033440506134 -0.170261372371822
-0.0366761371500377 -0.0699513025516919 -0.38753779047268 0.651924540777046
-0.0582994187780219 -0.0336783484331767 0.264699784726521 0.433604521370755
-0.0174046694110199 -0.00715495232698012 0.235233417966114 0.00729268974983611
0.00669189924087404 -0.012931464790159 -0.0410459489221159 -0.222251838292651
-0.0181075210016931 0.00321336115995221 0.0585615612361237 0.164463123755802
-0.0361562262188069 -0.0104295795310332 -0.173718078640935 -0.0121837645951127
-0.0320129194789503 -0.0501582090542785 -0.186662285556983 -0.438331957469121
0.00666927038895521 -0.0686820653192354 0.41075859762579 -0.508513774249926
0.0388778758307344 0.00643666081482836 0.85203111109123 0.24916264082334
-0.0418754140243762 0.0159203360482957 0.201062401628514 1.02715814038854
-0.00928042841446093 -0.0632264218463894 -0.471796910315881 0.589290303951133
0.0265957902197449 -0.0604931145435995 0.0397383675812977 0.0814981398262009
-0.00930684987341132 -0.0345985527328054 0.413495739306021 -0.598414191141838
-0.019054198811115 -0.00888562576938981 -0.383949222798851 -0.934704921065423
-0.000578180256870667 -0.0306336048137304 -0.942398039363353 -0.0150630505214868
-0.0418030681776934 -0.0630972127694661 -0.290175475409234 0.69269536388064
-0.0565659723598711 -0.0220327140691215 0.308300817994809 0.390929832924789
-0.012887610580359 -0.00101868941287609 0.236564813980237 -0.0298904394653076
0.00749548227061303 -0.0101747687020268 -0.0348317541080801 -0.2301582791889
-0.0155680220476344 0.0071218070361967 0.0657178226762189 0.158994426366886
-0.0292703475823376 -0.00686706092651596 -0.166104094746211 -0.0372409894386475
-0.0209177804817836 -0.0420152821923687 -0.143046516032357 -0.457900920570013
0.0165077642178065 -0.0586716759725896 0.462410336644904 -0.455031341213691
0.0444243482830545 0.0134015611744608 0.815944489820122 0.370574347145102
-0.0384622834079976 0.0165036425271058 0.0690068085083984 1.06028351199165
-0.0113600688524842 -0.0508328486564224 -0.526661871365443 0.544197383587605
0.0154265014160503 -0.0455209618460097 0.0587934983420695 0.0579378318941482
-0.0134105511356117 -0.0190886296537714 0.356243992056864 -0.638300889550207
-0.00978946970055265 -0.00602834574725433 -0.493189999996453 -0.86630829667679
0.00171931210620673 -0.0340683923511446 -0.928841423674186 0.107188123024747
-0.0419117253019483 -0.0524751796890353 -0.20767504082378 0.715136021051459
-0.0495610482443727 -0.00695501351283708 0.339328057264609 0.349315234651324
-0.00550937351111492 0.00517591569757945 0.23334342603168 -0.0605163357644126
0.00922248415554449 -0.00614873141633132 -0.0288622260549 -0.237037272744575
-0.0114699420864616 0.0131293875488298 0.0686568305290703 0.155081820208182
-0.018903439241424 -5.97278970383345E-05 -0.161638975035004 -0.0528732373653614
-0.00979648740211922 -0.0274467141610119 -0.114378854687452 -0.46847926585335
0.0226356527771103 -0.0451049608577726 0.493861664618812 -0.417475720294072
0.0511907979512129 0.0177275263471769 0.782864728398196 0.444994866743048
-0.0323277453567914 0.0221677223911104 -0.0218881815842925 1.07691153420904
-0.0196914090874506 -0.0308662716059304 -0.556937540831243 0.510097507613451
-0.00124975511345146 -0.0260544915939493 0.0715706265945394 0.0408901183268763
-0.0135834839747844 0.000419330988935079 0.319640392866737 -0.662316291851265
0.00218655726141977 -0.0044687877584898 -0.559411738027394 -0.819503566818938
0.00645408849716507 -0.0359620569015655 -0.911284950178494 0.18551161087546
-0.0394629631868892 -0.0396796443214671 -0.153530609635112 0.723846723266939
-0.0372046982111556 0.00670876397017714 0.355494435601303 0.321117133009286
0.00594887547305165 0.0120303966730553 0.23169571975228 -0.0815224254207206
0.0119656412758498 -0.0023455961500671 -0.0242728680523124 -0.241035940863307
-0.0069091822774501 0.0190432501956549 0.0691392584725484 0.156441375824118
-0.00648991602828724 0.0104010239076098 -0.158975351307682 -0.0563751986236374
-0.000235954551082754 -0.0087602949161607 -0.104708074177937 -0.467902370363304
0.0247255630129151 -0.0332958497390714 0.502060125917969 -0.404254293639611
0.058592532355399 0.0200538442308557 0.768626803599903 0.468305565512869
-0.0236572146969607 0.0332060852167515 -0.0526867818855281 1.08105009625747
-0.0324357505811015 -0.00555963022151791 -0.567353707230931 0.498185745556406
-0.019353356984815 -0.00295561864195591 0.0751200583737734 0.034682473320364
-0.0122096898448988 0.0226629610513479 0.304914427942574 -0.670614636061765
0.0165244074260318 -0.00337699039657625 -0.581336661657384 -0.803793740112879
0.0116183907774359 -0.0375144793444195 -0.905377788970565 0.205974264029526
-0.0316741987853962 -0.0272582500926994 -0.135327146024868 0.717764725635321
-0.0233110729950116 0.0181064379317696 0.359782568694863 0.309585390614009
0.0172479430001819 0.0153352131590143 0.228540677420068 -0.087961270172948
0.0160860840625392 0.00192870135098232 -0.0222753386778986 -0.241999126560857
2.74608954894283E-05 0.0260250015449369 0.0649658196188581 0.15995288994104
0.00585261338824438 0.0208937675130683 -0.159073765984086 -0.0468737795147332
0.00825761396745183 0.00846989905606865 -0.117274045967281 -0.461580700619782
0.023482414688682 -0.0211472429137116 0.487685677128453 -0.420210238140111
0.06587257779754 0.0194447173770928 0.781915717621805 0.435423442317788
-0.0129006176371715 0.0456418032132402 -0.0182919271741634 1.07489133214904
-0.0448148953678005 0.0211436787346736 -0.556807903493844 0.508771633947645
-0.0379788733419114 0.0203532345089845 0.070003726802185 0.0396691894732003
-0.0116713315683838 0.0440029111643547 0.31949375653966 -0.664306424114243
0.0289166764210442 0.00102687886861237 -0.554281757827568 -0.825804811352916
0.0186517243065779 -0.0373642178206233 -0.91440990002634 0.169709645571245
-0.0251303681947041 -0.017451740210092 -0.15625679204464 0.711735063637252
-0.0112706240182992 0.0278365158657183 0.348095665509016 0.319353126565885
0.0280957131611188 0.0200778030685355 0.226812362001226 -0.0800372800425365
0.0202901002677138 0.00678832061354222 -0.0231984466564483 -0.23983486248966
0.00526683067791184 0.0302448324078282 0.0594010991945071 0.165855643957107
0.0164536525957483 0.0279590696572505 -0.164603022458062 -0.0286866173039308
0.0150715158185601 0.0212041494678811 -0.147308062534096 -0.445949690921447
0.0213613294880958 -0.0126810649254136 0.449706301235581 -0.459928498498712
0.0713615394681602 0.0148566060716132 0.816250759617639 0.35137823253437
0.000344595079785074 0.0562371253247316 0.0812578922562352 1.05715460793157
-0.0508205658960926 0.0454089097070811 -0.524426636648704 0.540541777279518
-0.0541293018869126 0.0403056594414567 0.0557874003662191 0.0532453257161117
-0.015179334524085 0.0636881515800603 0.360169534249989 -0.642472052488732
0.0397951971781832 0.00739968834671532 -0.487412693302176 -0.880317509514114
0.0252965918994284 -0.0350227430147493 -0.933773988263523 0.0844280734714855
-0.0197993643189016 -0.0102430712715503 -0.210651371540459 0.69797013317896
-0.00300697418277854 0.0350916384942039 0.325482564115549 0.347618016690412
0.0352750673078259 0.0236293217499705 0.226683168378481 -0.0588148794308838
0.0239927723029616 0.0102469805131253 -0.0264413672631761 -0.235597769847353
0.00862711673442334 0.0318776116658458 0.0511726593958984 0.173914549261127
0.0251508175608431 0.0318491524425646 -0.169673136568417 -0.000242943049051952
0.021811267995031 0.0270138605557208 -0.189710257764674 -0.421011485172315
0.0193669496167613 -0.00975617230351608 0.391733220132479 -0.511977340967461
0.0742402502909261 0.00738482024838529 0.852010760005147 0.22803722904195
0.014388832680902 0.0617261870777909 0.212937777292918 1.01712894066299
-0.046918715673832 0.0632687528585033 -0.474661472448055 0.583323284206985
-0.065109043097045 0.0527165165589079 0.0344201500542412 0.0758921862208568
-0.0213118979512738 0.0761200328141595 0.417019967566735 -0.604138913534905
0.0448702120179042 0.0160039897637371 -0.375630455714178 -0.950815977740291
0.0309166857224695 -0.0314512625314951 -0.947628586048568 -0.0479680741586892
-0.0178896648626873 -0.00731819957245435 -0.292619250784859 0.671293475011706
-0.00114837297987586 0.0394837909373105 0.290072666932043 0.38791138292156
0.0397856655659686 0.0272955015051212 0.227060559994777 -0.0272876477107004
0.0263428387219956 0.0136862353836704 -0.0317296385277279 -0.227785046114902
-0.0185950347181728 0.00134169074906655 0.0526486649990746 0.170412293420141
-0.0381876283058036 -0.00936964869268716 -0.179520620544607 0.0253947128616019
-0.0412762612820304 -0.049913745192919 -0.243611566923586 -0.405360172594033
-0.00625311201350616 -0.0720251980157085 0.327001750843132 -0.568237025594894
0.0350871846512035 -0.000984901599886814 0.880245608761162 0.0875482814202175
-0.0402364537495897 0.0217195296857964 0.368753043401535 0.958666442560568
-0.0134566385075814 -0.065320615568691 -0.396415203850345 0.647032295450546
0.0322927294064952 -0.0670961365404923 0.0178983772299596 0.109565043966554
-0.00363353903895814 -0.043349711385917 0.465003687092129 -0.555250218371888
-0.0233247649560699 -0.0114202193181277 -0.257432319172775 -0.998506562386892
0.00026191648399862 -0.0263559423400129 -0.946225845663435 -0.153964065387497
-0.0387736411684786 -0.0697289770846624 -0.375965437924814 0.663439231184892
-0.0591481644173605 -0.0325183107666567 0.27479316429823 0.429777257496364
-0.0172999253074184 -0.00747696613213595 0.237263884991788 0.00272414503378546
0.00591086274842554 -0.0136827983693564 -0.0450015375242406 -0.222114072792578
-0.0183988493247573 0.00365806698391595 0.0604405148299463 0.163010360809191
-0.0356738361752696 -0.0099135038421111 -0.174490804245356 -0.00818579467945751
-0.0329322715929619 -0.0493601655460864 -0.196043237942182 -0.436667647288111
0.00528041976758529 -0.068872668969395 0.401750918507078 -0.519655819543663
0.0398732291084475 0.00619393957408133 0.863347586647685 0.233043995558512
-0.0421164422939621 0.0168392824075933 0.223275483302627 1.02623049757615
-0.0103855185096434 -0.063152725557535 -0.464915378546025 0.600397066090546
0.0267350494116709 -0.0608121010232642 0.0414807528102773 0.0809041778791024
-0.0104677579995344 -0.0348316880191666 0.402423607697095 -0.608579038955211
-0.0192936935485661 -0.00801142139842234 -0.403370061229019 -0.929209178887255
-0.00019151563196025 -0.0304081803467604 -0.945775513090238 0.00392281580245231
-0.0428553879512562 -0.062071596004745 -0.277137867973089 0.704194866760113
-0.0569609588516987 -0.0202601660140192 0.317364604939665 0.386117398731063
-0.0130041546379786 -0.00155479076133087 0.236425559210853 -0.034391122098384
0.00678001012926101 -0.0109127647223504 -0.0393415453499639 -0.230196682952444
-0.01569452950065 0.00756834906415879 0.0671554489231441 0.157229827288139
-0.0287105936321701 -0.0069034486133297 -0.168736261330801 -0.0336594488442773
-0.0213224520463686 -0.0417235275276835 -0.153119233769232 -0.456763132658407
0.015327257678054 -0.0584939830910005 0.456067794819066 -0.467726784393659
0.0449990919870443 0.0123555615717643 0.827574789649182 0.355216891000052
-0.0383515716060934 0.0167667090291124 0.091755120872933 1.0650104312582
-0.0122648916147807 -0.051492461529604 -0.517473460046113 0.557222036583765
0.0150583749260862 -0.0466490612800224 0.0596420616451472 0.0583960788626352
-0.0145909664266562 -0.0198440363070694 0.346107301396323 -0.646661809252119
-0.010760501566008 -0.0055030676468089 -0.513141409614135 -0.860848058074143
0.00138857492461371 -0.0339813251824954 -0.92988327613207 0.125701333863491
-0.0433985597671455 -0.0501381647104915 -0.194580209365269 0.723853915840616
-0.049055512887657 -0.00661931551199371 0.348255972011477 0.343063680606541
-0.00563379099556089 0.00494695878828985 0.233015939342509 -0.065470912565347
0.00792357882372748 -0.00704830423101986 -0.0340310512646226 -0.237254161952353
-0.0115509526798403 0.0132414946054558 0.0712603327921509 0.154733979311522
-0.0184799446750559 0.000617407821175299 -0.163138901387796 -0.0491701367551791
-0.0103011131852053 -0.0269657659477386 -0.123750759043808 -0.46647164114135
0.0222012401016617 -0.0453694365489864 0.485874037556093 -0.428883743474377
0.0508369225075456 0.0173579818893102 0.79484928244542 0.430925464904252
-0.031731853849163 0.022442471603774 0.00120497118162683 1.07905767019753
-0.0204146745752192 -0.0304139119555527 -0.547817427772122 0.522775435702753
-0.001251310059517 -0.0260679526019506 0.072136889487421 0.0397214264553184
-0.0142259412485766 0.000277452353118032 0.306932534384914 -0.668778610769423
0.00256359532442633 -0.00404412852225955 -0.57846875112284 -0.811227308728681
0.0055198209609868 -0.0363681021089313 -0.910583348721898 0.206648575260608
-0.0400730690945183 -0.0388445277871554 -0.13861618803288 0.729802932253166
-0.0365652098708166 0.00696605537476879 0.363723489267602 0.314018023490058
0.00619594236863357 0.0104124793737192 0.230283264615963 -0.0860195496704843
0.0118890616874292 -0.00315364415897991 -0.0290151549024408 -0.24097855625065
-0.0058080024236982 0.0196940335826582 0.0706408426796979 0.155361481529886
-0.00590551572079175 0.0100850891091131 -0.16071045976144 -0.053029223504468
0.0001609165234998 -0.00966667333882273 -0.114400773466899 -0.467515560594345
0.0243337277299034 -0.0329137101378313 0.495083076098249 -0.415087589982253
0.0596993872505729 0.0188792102476339 0.782610578782806 0.454728590008342
-0.0229879514754295 0.0332612272056352 -0.0311701215213173 1.08465476491674
-0.0323566545510746 -0.00519118788862195 -0.561662500324975 0.512460936760642
-0.0193313953982148 -0.00218410569508543 0.0764167261824868 0.034100874729276
-0.0128798456665208 0.0237268031608479 0.293648635931673 -0.679345511934156
0.0168039656583231 -0.00303519236853813 -0.599318786619089 -0.79471197816645
0.011532038733264 -0.0377322543052553 -0.904815935311827 0.225581826446595
-0.0331523667337324 -0.0262839092203626 -0.118658608492678 0.72557244001778
-0.0229493041045266 0.0186695804584866 0.36575787478823 0.302263302913624
0.017428279466387 0.0148009656964042 0.22771685249837 -0.0921863881215137
0.0157900738041448 0.000728237588619992 -0.0269186988652661 -0.242357085526162
0.000703935043814849 0.026005535763596 0.0678997437839113 0.15898372842373
0.00629786720079953 0.0198330933306428 -0.16176378272402 -0.0440814146686518
0.00909667417705805 0.00829618265475656 -0.126987411954337 -0.459199867809214
0.0238428153807738 -0.0214856961138949 0.479950431936848 -0.431458873903483
0.0664063167092187 0.0171979601540098 0.79550945926882 0.422967202050589
-0.0120942753810837 0.0464814865250401 0.00677437491443861 1.07888675810963
-0.044113264446044 0.0214557823644245 -0.548788373804297 0.521824402529566
-0.037898011415259 0.0204834105281867 0.0704218618527032 0.0380851898661925
-0.0114792479935878 0.0452077179437917 0.307795228651796 -0.672829620547435
0.0289504568862422 -1.82080661738915E-05 -0.574722115166328 -0.818346778402499
0.0175069816194947 -0.0376091261788074 -0.916154538090884 0.18934264680499
-0.0261726843467292 -0.0168054236633303 -0.141462119652369 0.718900836484003
-0.010409594244983 0.0278017593443698 0.354557131519521 0.314106667221374
0.0281526811686664 0.0182179172910999 0.227334969636452 -0.0848391775934316
0.0202227929827787 0.00602935788421939 -0.027923462690957 -0.240944757173316
0.00603576748651844 0.0303114799954005 0.0614896259940318 0.165373108103338
0.0171416296187047 0.0274933019759817 -0.165314606025496 -0.025407420503736
0.016344161421354 0.020382175289992 -0.15636970720029 -0.444995213764096
0.0215486881919056 -0.0128600936554952 0.441584649836774 -0.470160925285082
0.0721639135766958 0.0132161102234476 0.826936048455189 0.336789293663303
0.00131487956963952 0.0564759504716296 0.101170690741267 1.05894779178182
-0.0489777907790923 0.0460556493703069 -0.514202533109361 0.551242410975743
-0.0534688386634094 0.0400642699302628 0.0568556390907849 0.052984087166832
-0.0135342577218202 0.0631091135932671 0.347586458770775 -0.651902238961131
0.0393901124090456 0.0061958966882374 -0.506412109215831 -0.874538806498171
0.0248269805141243 -0.0356845933265684 -0.934152761257548 0.101852958011439
-0.0199770819556416 -0.00953543487531731 -0.197843541312398 0.706212615548978
-0.00238941247649355 0.0347213191884633 0.331954276007539 0.342574509664575
0.0359242285292432 0.0220365615118642 0.226798218906697 -0.0630269193019683
0.0236662930683232 0.0094431313683377 -0.0301872865830415 -0.236121652089272
0.00915957706449776 0.0321503846108245 0.0543634774752435 0.172462220325144
0.0256332381103939 0.0305910046035283 -0.170307137036378 0.00401436572056094
0.0221269802046476 0.0265074291850604 -0.199075622414089 -0.418316423406758
0.0187095855474428 -0.00950006698233875 0.382109905183355 -0.52208384674359
0.0746058162794318 0.00545092218272051 0.859907004498271 0.211271856524799
0.0156373937806378 0.0620715845898257 0.234673341069389 1.01742228165787
-0.0469305878687687 0.0643564006064304 -0.464165073086756 0.596082083241515
-0.0635535511225575 0.0534852021614525 0.0361589977911043 0.0761419084254481
-0.0198370715515908 0.0772212181427671 0.40438270168708 -0.612959036430081
0.0446383605967505 0.0156721931575132 -0.394474274133427 -0.946183818881027
0.0299537760544258 -0.032479270229311 -0.953413664906333 -0.0300364322920982
-0.0168115250024469 -0.00643256119654891 -0.280375832615667 0.67970449693765
7.50175452547824E-05 0.0393834983324315 0.298276282050945 0.383055295723743
0.039630424489247 0.0263842793444978 0.227386700764432 -0.0315193014736881
0.0259749546875942 0.0127875535526001 -0.0355574577647304 -0.227728417861306
-0.0185316863752004 0.00253330428292847 0.0549399677914945 0.169525536945738
-0.0377912338584649 -0.0087556260062279 -0.178910655299188 0.029971248015357
-0.0417240127563949 -0.0489236276847581 -0.25242205630849 -0.398540367157915
-0.00842023237055661 -0.0727021169891453 0.31259500173772 -0.577182328419052
0.0354368794506109 -0.00135187062146853 0.880968024908202 0.068579589247019
-0.0401743391323539 0.022657009882675 0.38972180734183 0.950291058911266
-0.0145955114497993 -0.0656921726222843 -0.383321621544762 0.654593318793044
0.0312969818981785 -0.0675908713630553 0.0200971925621452 0.109131037332394
-0.00505154870051703 -0.0433505124516281 0.454284184717538 -0.563734344890144
-0.0236141108166573 -0.0110005202113039 -0.279553120799486 -0.993529665352017
-0.000854968678651306 -0.0270495027766603 -0.948532983730369 -0.132665527406979
-0.0403610219472558 -0.0684531748225873 -0.361542273053267 0.671614232622746
-0.0590464497300831 -0.0320521426775656 0.283275788626242 0.421686865321055
-0.0167249134924325 -0.00855002005927325 0.236382691720551 -0.00168942317281581
0.00557343009671591 -0.0141741948208426 -0.0492461871003924 -0.221172152308518
-0.0179646829284142 0.00350950710411432 0.0630056645287913 0.161538394989275
-0.0356083249257619 -0.00992408364493333 -0.174844608891539 -0.0034855160140295
-0.0329194199398281 -0.0489362345141256 -0.20559678841331 -0.432545311641372
0.00346042681309129 -0.0689366947028087 0.389448520711967 -0.529511960973485
0.0396584908017157 0.00548313350913703 0.865675610456898 0.213718994606741
-0.0413805194207448 0.0175055203479963 0.244859695069374 1.02255923994875
-0.0113884150485157 -0.0629861633992102 -0.451976858045587 0.60918841623143
0.0261587977547899 -0.0619080498647349 0.0425797619808312 0.0807233459227253
-0.0113770020099089 -0.0339941042457465 0.391249315857937 -0.617285424984761
-0.0200338646205673 -0.00839441175924461 -0.422918415013918 -0.922045648051998
-0.00109009120079852 -0.0311647144869406 -0.947692349382757 0.0247677654758437
-0.0446222766488733 -0.0608441790606862 -0.262702090695315 0.708871004087371
-0.0572775549591684 -0.0198680845096547 0.324396320120218 0.37842906139042
-0.0128629159293118 -0.00282333616952092 0.236097912483505 -0.0390099485839083
0.00550370296801397 -0.0118195672459692 -0.0442001318740338 -0.229206944892014
-0.0160059661609043 0.00843703381215442 0.0691884404271607 0.155878855330265
-0.0288135441493139 -0.00652838448426928 -0.169194183887652 -0.0297920222968117
-0.0215060336327847 -0.0411051879410983 -0.162011732924778 -0.453902514476967
0.0142374123679181 -0.0585038570278276 0.444324683671594 -0.477328691886677
0.0451376582963038 0.0113910243037382 0.834280231378954 0.336671235496491
-0.0377795539368518 0.0178190013058574 0.114696377719298 1.06190753490258
-0.0130732767969769 -0.0506754282315825 -0.505817018201143 0.566819540267108
0.0145331877987137 -0.0469962219724586 0.0605195163711135 0.0558843795013738
-0.0147459384980152 -0.0176266075794901 0.332658481049985 -0.653450222549023
-0.0104310853527066 -0.00551845074626966 -0.530280170003783 -0.850250063339208
0.00118494935072937 -0.0333111911369289 -0.927458979616123 0.14574829932928
-0.0449953437052593 -0.0497269022533128 -0.177599000946895 0.727930570133489
-0.0497925186751014 -0.00529076541675565 0.354565452135146 0.335224611596901
-0.00436587617733655 0.00383300483471063 0.232052813671061 -0.069714751064373
0.00763757157105385 -0.00803002126761129 -0.0375359578543562 -0.236574889840929
-0.011219239456792 0.0135280823658149 0.0719869793331078 0.152926538130505
-0.0178079682629278 5.40123391100391E-05 -0.164344676825091 -0.0451435258729887
-0.00994722967994366 -0.0272435710342833 -0.134323228431387 -0.463931337556256
0.0209884938226223 -0.0458758355768554 0.477510598075996 -0.438044486076735
0.0525091627938729 0.0159511329122196 0.803272255070038 0.413807209663626
-0.0311766164722413 0.0232474978774728 0.0244554918117641 1.08137045600599
-0.0204304156686954 -0.0298879636473821 -0.538091112416621 0.534541748516304
-0.000917769094843264 -0.0261966462851068 0.072585244046447 0.0391384781817535
-0.0152574695537638 0.00203209672144176 0.294475263085086 -0.674999221276464
0.00200472074979267 -0.00443509844203745 -0.594781894601171 -0.79896361529643
0.00473990583451948 -0.0366348168155058 -0.909278953928797 0.223566885758354
-0.0405437498488247 -0.0372829445094123 -0.122267302014407 0.733928425758446
-0.0361806484716525 0.00830099406181294 0.369316958770279 0.305824270013243
0.00572921105011883 0.00953994960110774 0.228723626433602 -0.090418596514018
0.0109331371879675 -0.00311732380428665 -0.0338740947885073 -0.240541439382705
-0.00490483377965049 0.0200762673455446 0.0735416377444598 0.153560915083219
-0.00539382015766356 0.00963466496323092 -0.162025731512662 -0.0490347707385376
2.65067991831267E-05 -0.00926109895787425 -0.123897047534928 -0.464422549669657
0.0242902134614171 -0.033212165857031 0.487711556805618 -0.423774290238818
0.0593267031259003 0.0178277063291198 0.790914143324822 0.438853468380935
-0.0223750020663074 0.0340208661780202 -0.00898542522481294 1.0851286731928
-0.0320991069888939 -0.0048950630324498 -0.549315484305125 0.524191274856758
-0.0183764990207679 -0.00300346932667988 0.0760988360209586 0.0323535314682889
-0.0119459148763179 0.0239703611021813 0.279118400767258 -0.683600040361627
0.015516505510068 -0.00253281597919773 -0.61393774785539 -0.782004101635497
0.0099617837941844 -0.0381453020174298 -0.899860614605098 0.243445437027529
-0.0326852871897019 -0.0259610675822982 -0.102055903595632 0.726422037331379
-0.0220040226324995 0.0190687651660197 0.371780017267072 0.295509995919228
0.0172787908770405 0.0132154093834542 0.225294135398821 -0.0971024019496604
0.0147236611648772 0.000705038829854393 -0.0323200578734713 -0.242423910827796
0.00140431273619551 0.0268187402689909 0.0691428851749757 0.157164197257711
0.00703957723295669 0.0184625884314199 -0.16211952456794 -0.0403762467967973
0.00886520125169959 0.00754889035893848 -0.13660681364981 -0.458672005294587
0.023393424306499 -0.0210505899169631 0.471388829172142 -0.440251159821869
0.0664507116053588 0.0158856106320962 0.803730265347831 0.404729384278304
-0.0114114420585897 0.046046165377635 0.0280429579873695 1.07828040120947
-0.0433513496871622 0.0221992520506143 -0.53883651176068 0.532127434817606
-0.036651533618129 0.0212162935389767 0.0710874727133051 0.0371701681812025
-0.0104073540914842 0.0454559390300866 0.294620404382608 -0.677312123666416
0.0282667273427228 0.000327996820227064 -0.591333022376177 -0.806889243381883
0.0162895226704829 -0.0383630648473273 -0.911510725298646 0.210155081136199
-0.0260057010064215 -0.0156712081025632 -0.126846943868797 0.723438606272146
-0.0101891255907937 0.0278592400591663 0.360680361664842 0.306662114413843
0.028150809619592 0.0173408004007825 0.225137009731792 -0.0888912762301781
0.0193008464464715 0.00495972602735735 -0.0318354373812632 -0.239924748154234
0.00681483123039276 0.0308439422162267 0.0644294233054378 0.163741388569751
0.0185765792316975 0.0254915630237219 -0.165873991424963 -0.0212711585350486
0.0167711761698635 0.0198751616352682 -0.166627352242806 -0.44091624913432
0.0216851251946556 -0.0129743466762128 0.432259925923572 -0.478873145571145
0.0729118269237356 0.0112894544176993 0.832909149506288 0.319278140069032
0.00241505832069341 0.0563308462350144 0.125187364174882 1.05707749216413
-0.0478768747459546 0.0466911487479568 -0.504207405154149 0.562181489526191
-0.0523290599781021 0.0408278957140052 0.0575188830265348 0.0520692369399077
-0.0124101305724847 0.0646969167174095 0.335010006824082 -0.657836795026713
0.0389181157272429 0.00578087851427574 -0.523905072929544 -0.86547912218656
0.0233936910458842 -0.0364147818529587 -0.93591759566388 0.123108659861804
-0.0206652401117966 -0.00958687572999763 -0.180345029968881 0.710746683824701
-0.00171006392502187 0.0354240036759557 0.340203255632075 0.33673727528603
0.0354895943271182 0.0205115409103659 0.226112542532939 -0.0678621799951549
0.023229439706738 0.00899099054989935 -0.0354865380532861 -0.235350188260561
0.0107687314515898 0.0324078929668315 0.0561170069189475 0.172123079717641
0.0266905841024583 0.0289153174568705 -0.169944194278979 0.00747241135201104
0.0225516712605088 0.0261421245253986 -0.207349055460663 -0.415115825994717
0.019084057945534 -0.00912364268014243 0.370009751585455 -0.530120689996224
0.0749420410658538 0.00410437217950213 0.865151586489376 0.192861082898633
0.0165498141887554 0.0610573434522497 0.257549316849692 1.01061754069773
-0.0445353377820945 0.0649890992257011 -0.451846687982448 0.606252996962308
-0.0626106268187409 0.0543292071909734 0.0368054225132966 0.0758637417371074
-0.018711917351686 0.0783449696806855 0.393923941397412 -0.62115703404983
0.0450156945777417 0.014740320089775 -0.41399290178705 -0.941943342757448
0.0299073978943827 -0.0327490937438504 -0.955428336118953 -0.00873884147812604
-0.0170049631807552 -0.00714120107652208 -0.267422266451082 0.68642209668154
0.0011235981962 0.0388752807348164 0.306306774677357 0.377522290454302
0.0396363087351654 0.0247578970630232 0.227513152677782 -0.0360916767348689
0.0252320581849188 0.0114123739631911 -0.0402343134399675 -0.226840965367279
-0.0182850404040023 0.00260880419858694 0.0568999339740606 0.167964351696507
-0.0372036193345571 -0.00831752413785442 -0.177121062021824 0.0334739286055394
-0.0419545423948375 -0.0475871891315532 -0.259687668934873 -0.392721375249439
-0.00995665355117707 -0.0715398546778483 0.300037799364407 -0.581164014886433
0.0355141128877242 -0.00183314290433178 0.877894778500332 0.0499452402540688
-0.0391238260139638 0.0232526311345453 0.407426855191093 0.940238036057997
-0.0157839006959238 -0.0650995422015215 -0.369724769993759 0.661933492076409
0.0308997748732689 -0.0683043867569873 0.0209797412662996 0.108173772179925
-0.00595100343087426 -0.0433593300993616 0.444005747112965 -0.571264699043889
-0.0238026646147152 -0.0104389293047778 -0.299521995857442 -0.986403363525759
-0.00127488136084199 -0.0270769781009772 -0.949993322171324 -0.114461145477783
-0.041655545632721 -0.067613220405477 -0.346409419364069 0.676992553519171
-0.0592810571849823 -0.0308774631268077 0.290149524725045 0.41700421717574
-0.017578408297974 -0.0085377439867413 0.236658078338656 -0.00679398438908363
0.00405098732573528 -0.0149811131295623 -0.0531551899789686 -0.21905874327894
-0.0181309527726648 0.00535536725805315 0.0656273105299787 0.160141297905078
-0.0350838050987672 -0.0099146833401478 -0.17436024001944 0.000398780128762629
-0.0338716178538121 -0.0479044320496017 -0.215266049223188 -0.426921819727873
0.00205125477000142 -0.0682260121372264 0.376651127343458 -0.533902047396256
0.0395900948431238 0.00475280759991238 0.868048539405354 0.195631117643424
-0.0401351790578752 0.018085481763745 0.266389172768911 1.0146767172582
-0.0127457937221895 -0.0627467799021305 -0.438970604845918 0.617110354364321
0.0248725555672462 -0.0619785349912201 0.0435030786496131 0.0798543885089824
-0.0129393741004565 -0.0332962470624938 0.378995349659342 -0.621499663508017
-0.0200787863344924 -0.00805645109181016 -0.442432653947109 -0.911305676511397
-0.00160344011154848 -0.0310738093361846 -0.943811652952403 0.041325516439228
-0.0456934353548938 -0.0594815869871362 -0.245533653716892 0.71316476443732
-0.0570891637425055 -0.0184998457691087 0.331580539258065 0.370192013086565
-0.0129161897794216 -0.00359825415875651 0.235150352638208 -0.0439626200413445
0.00465152475824396 -0.0126341980376867 -0.0474852828581225 -0.227890769800368
-0.0149822909718841 0.00809992962608878 0.0716055341726451 0.15434438166068
-0.0287833857259679 -0.00676552039109796 -0.169225637415686 -0.025428227065141
-0.0221832250930241 -0.0412470428434834 -0.170745593303049 -0.449733648069263
0.0138278116533342 -0.0584484875639273 0.433668780353717 -0.485547971272663
0.0461026184777594 0.0102267523828785 0.838952879123098 0.318395934150987
-0.0364854080839249 0.0184880996589834 0.135387013873044 1.05464826398618
-0.0136839343622895 -0.0506843165600547 -0.495276521741859 0.576068034388335
0.014071069724826 -0.0475853846568159 0.0611428743621671 0.0555177481337828
-0.0160845215976587 -0.0178080953396763 0.320507854391829 -0.659322845894676
-0.0108645995525152 -0.00519709472679099 -0.546260845004104 -0.838928042152062
-0.000219992921297802 -0.0340779547535855 -0.922675604904483 0.165108092792103
-0.0453855568143671 -0.0491949415175875 -0.161916865433172 0.732734628409131
-0.0492706691352035 -0.00470961571087447 0.359944035695263 0.327925904233841
-0.00490096066843961 0.00268735213305801 0.230888432260628 -0.0745813580309323
0.0072223013378658 -0.00961068504301518 -0.0423525231105838 -0.234702950080196
-0.0104989160117118 0.0147857040123901 0.0743601951490091 0.150973769054091
-0.0169304313925788 -0.000615583630401254 -0.164525804701056 -0.0412235701045224
-0.00972788432108862 -0.0265434115667135 -0.142627099110773 -0.460073981195587
0.0204279661225612 -0.0453845499328033 0.467234270826861 -0.446969483341561
0.0519423408339019 0.0152217349578152 0.808018571281164 0.398046312566554
-0.030468822600374 0.0237130358996431 0.0465537891935922 1.07860856472428
-0.0206952143778347 -0.0298678637227375 -0.526152691823564 0.544135293556928
-0.00114835859701945 -0.0265609757459383 0.0725962173874932 0.0393639314390547
-0.0151863434832021 0.00272905212193109 0.28144940669476 -0.680138321375523
0.00159439425601419 -0.00430983479893881 -0.608801167867876 -0.786141212967937
0.00352935440143613 -0.0376799625722631 -0.901458323370504 0.241797595086298
-0.0414425544736198 -0.0357888662289791 -0.106155058110472 0.733692613104092
-0.0361750687820122 0.00810994417318911 0.374721898313771 0.297763928973378
0.00628834429736635 0.00742165607936921 0.226420636514218 -0.0950428412634693
0.01023511680103 -0.00423456920470092 -0.0374004611850373 -0.238971568675901
-0.00415909409613358 0.0212615861627946 0.0750854652853386 0.15188348478907
-0.00500536373821795 0.00916402481986263 -0.161934564225695 -0.0451490608811205
0.000779794924151532 -0.00946986491012437 -0.133180074974513 -0.461730544990638
0.0229489111890112 -0.033523620289152 0.474935185638707 -0.435344868550201
0.0597646367314035 0.0165150530293812 0.79768210769196 0.420415761106323
-0.0212852263628463 0.0337314256409581 0.0142471494058569 1.08268424896301
-0.0318270999859646 -0.00389483954586244 -0.538442325941784 0.533158054399529
-0.0188636957679561 -0.00240164247511628 0.0766368582436524 0.0314866935238916
-0.0131082756870178 0.0251795811430766 0.266999726541124 -0.687396437980614
0.0146972976075364 -0.00398225435547084 -0.628994703427116 -0.767864407550385
0.0083766554861729 -0.0388020444212234 -0.894105097612918 0.262530827228706
-0.0333891297354068 -0.0254799824033252 -0.0887970094535241 0.728044306691958
-0.0219437899773145 0.0189902316032071 0.377314446962988 0.285781066180833
0.0174358005379346 0.0117436493161154 0.223507765435504 -0.101843991233155
0.014257469513078 -0.000175310678564346 -0.0362540512135925 -0.240750174650233
0.00192998237565252 0.0259313189744457 0.0721452316726905 0.155417129201194
0.00694512156388293 0.0184269565728659 -0.162458126957157 -0.0372137417637057
0.00972581501150328 0.00744067221179584 -0.143971854255976 -0.452194654258672
0.0232354985248556 -0.0213313800973714 0.459569209242644 -0.449492431039327
0.0664899464212318 0.0146521911403905 0.810095879612207 0.388166599295589
-0.00991485643491393 0.0464607032935565 0.0521019302129155 1.07471301170046
-0.0434861415628788 0.0236804538614053 -0.526237543312203 0.542745526746469
-0.0356468071829369 0.0215531839422489 0.0704036252931142 0.0361526959475698
-0.0102009519959319 0.046330562178371 0.280850772271997 -0.681005390921764
0.0284590321690532 -0.000653444682567363 -0.60578383264991 -0.793645877217767
0.0155683397084828 -0.0384441389420853 -0.904164043371534 0.225758856096493
-0.0264962223453972 -0.0156603667987198 -0.109432263187507 0.72423712694363
-0.00865596181334881 0.0279706828578141 0.366794778256667 0.297760822148764
0.0278516629760103 0.015450622342871 0.22277485609299 -0.0939817493965132
0.0184794820415038 0.00457264244971674 -0.0362802906691407 -0.238806399435169
0.00721171550923708 0.0306394731952812 0.0657038467727171 0.161936653579811
0.0189752063100978 0.0253185364530417 -0.165467040798998 -0.0178236006745882
0.0177873358635926 0.0190796403800805 -0.174009355520552 -0.437799475934735
0.0211157886424723 -0.0135768174407531 0.419737330568399 -0.486841231375959
0.0727969245814129 0.0102186199658602 0.837274238268126 0.30159922114034
0.00366913371254994 0.0563796335332202 0.147744663278017 1.05181471456387
-0.0463843473263364 0.0480608724868491 -0.492708843729636 0.571249049470098
-0.0511279020790392 0.0421789639345256 0.0584143058397598 0.0499466143771456
-0.0114224021817015 0.0661193206062161 0.322028084102481 -0.662748944179591
0.0388420322573788 0.00515279466696498 -0.541024149430584 -0.852491036164851
0.0223042441627889 -0.0366890522266769 -0.929545090138148 0.141562696591175
-0.0210667894843433 -0.00823869984652049 -0.165213522700967 0.714068484962139
-0.000616739446793101 0.0347716596998755 0.345614365977636 0.328712749510086
0.0353158416894944 0.0200402987194733 0.224861824434466 -0.0721425223048101
0.0217001495118614 0.00854964335813787 -0.0400643153664466 -0.233350626678388
0.0116107150960455 0.0327203336446919 0.0578171677466298 0.170317074034098
0.0263072777067788 0.0275597532636848 -0.169939979448624 0.0117372068585681
0.0237032896893057 0.0250280684705838 -0.214885309975889 -0.409816349480704
0.0190723011689029 -0.00948754154659205 0.358492535466817 -0.535579754383537
0.0747982376320066 0.00278179570256001 0.86541201093335 0.175289702161726
0.018064291697194 0.0603899315989861 0.277163352821984 1.00276335598568
-0.0426710887021605 0.0655245551401725 -0.438413073343304 0.613481641174622
-0.0607131842980512 0.0553801382019139 0.0384351132796762 0.0739589939608534
-0.0177148030759667 0.0797577878265605 0.381064960207195 -0.627349270859845
0.0446829994464684 0.0140157704001371 -0.430432181707838 -0.930514586566656
0.0285300416619084 -0.0336837127904429 -0.952702505264013 0.0105605806076042
-0.0177028735600051 -0.0064172257016372 -0.250507877329951 0.688915441364619
0.00159882741833255 0.038955637426965 0.313452804618218 0.369095895219697
0.0391884159773139 0.0225831862036682 0.226262747746606 -0.04093567944247
0.0253494373625761 0.0114018893684514 -0.0448980643028702 -0.226005401909358
-0.0184425435838631 0.00354852137453294 0.0589515497783345 0.166147468602274
-0.0368727015599415 -0.00789678419181782 -0.175505259491538 0.0370555635423567
-0.0424100487464166 -0.0469056156970094 -0.266446409232011 -0.384367560025806
-0.0116030669557271 -0.0705298196104397 0.286954890281967 -0.585610976312954
0.0350366898833812 -0.00211867044163321 0.874821225396845 0.0315087228608529
-0.0382224406854485 0.0228772831762682 0.42450982336071 0.927614185513372
-0.0161797157121108 -0.0639625416448116 -0.355863386706212 0.665316924141368
0.0288783538320395 -0.068351331634891 0.0230545877610745 0.108268942625979
-0.00704390178475085 -0.0421852138463447 0.430823665045 -0.574944155830148
-0.0241755362404971 -0.0100256706661792 -0.314453351812564 -0.974393526493101
-0.00177596628771769 -0.0263009059709123 -0.947607752394477 -0.0963010535710074
-0.0425077460994028 -0.0667159400522659 -0.332429678121052 0.68217626723626
-0.0594658178974183 -0.0293244178030829 0.296539251290993 0.409755042328651
-0.0171955857549684 -0.00924457548853407 0.235534615062919 -0.0123680025881113
0.00337910123727157 -0.0152663275348014 -0.0565872434908116 -0.216409179306401
-0.0174777118714624 0.00590175410022356 0.0666198930625484 0.157609912932831
-0.0352237817256728 -0.00994770696177932 -0.173370203909966 0.00378146572228392
-0.034098934919269 -0.0472836747761881 -0.219395464128751 -0.419775541949406
0.000968762005414143 -0.0669419305042696 0.364585108577954 -0.540912276715878
0.0395889420861616 0.00364354338172612 0.867170465078883 0.177340776150045
-0.0401475527849886 0.0193104140974612 0.283550137546505 1.00102979540033
-0.0131232783312739 -0.0619566580091374 -0.426527722438511 0.623093089138408
0.0243860946850785 -0.0615703305086458 0.0445354028807111 0.0799885315455282
-0.0135106641278057 -0.0327951290424369 0.365612630474297 -0.624918862246402
-0.0200504114526742 -0.00687581436468335 -0.455641344473891 -0.901032623238365
-0.00261578861801616 -0.0306099469706645 -0.939629657461722 0.0618764517578784
-0.046809079470559 -0.0596081871756892 -0.231457311706322 0.715757281075794
-0.0566360502179536 -0.0172973118178658 0.336227842237998 0.361251122519575
-0.0133810030547093 -0.00409907549241319 0.233673473528723 -0.048146413687754
0.00390700381372639 -0.0121042890178677 -0.0511392061008521 -0.22562497216164
-0.0143601162292353 0.00888135870751933 0.073228949263979 0.150871917735874
-0.0282617648118228 -0.00672740464629238 -0.168559621271107 -0.0218890328372291
-0.0215439978918847 -0.0404691738426828 -0.178946890615499 -0.443011696072494
0.0124842366565685 -0.0578693638994306 0.41991116442765 -0.490568761034659
0.0460987906500389 0.0100979666692333 0.839870282076947 0.30245367862949
-0.0367969665127479 0.0187011020498288 0.156845955038986 1.04816883140864
-0.0142929828546292 -0.0500588847548467 -0.48125207965581 0.583233829470347
0.0128908129308066 -0.0472668744612809 0.0615178301450769 0.0538230994331476
-0.0164738732116584 -0.0167009917354375 0.306931746963419 -0.660716929471756
-0.0105461777707951 -0.00510209466417352 -0.559810010124883 -0.823401191778321
-0.000683362102578284 -0.0340030328334491 -0.914642749603243 0.183719544176239
-0.0467907953996661 -0.0472985810943421 -0.146036995311838 0.72998028955411
-0.0486161929508821 -0.00387135848904321 0.365522630738596 0.318932650597577
-0.00473496331273901 0.00203954986578608 0.228675387770307 -0.0782704757393566
0.00587206450277212 -0.00882388443363952 -0.0457159266325156 -0.232393797604939
-0.01002656234818 0.0148535875588257 0.0757012241735193 0.14818071278545
-0.01665744465014 -0.00121348319900263 -0.16420080515399 -0.0378094385747893
-0.0104125154993378 -0.0266899923723403 -0.149828489151914 -0.455157521923708
0.0190819840131917 -0.0456623784417209 0.454128634822374 -0.454330796396032
0.0521457055436277 0.0139211159851186 0.811104492279738 0.379711345831582
-0.0302426367002424 0.0241689746134433 0.0665738284215536 1.06869570953199
-0.0200652205154095 -0.030244098490191 -0.513824069902634 0.551715863483639
-0.00157106322211922 -0.0267879929562374 0.0730170728602789 0.0371723245822618
-0.0159046453411499 0.00315950401957205 0.267497865603086 -0.679200378419432
0.00172072700541324 -0.00426726784442975 -0.620700735969966 -0.770497047456513
0.0025672835014744 -0.0370279129381405 -0.892097426204328 0.259275182396348
-0.0416596134199495 -0.0352783300362364 -0.0911557723481199 0.731429794390621
-0.0354518744417858 0.00854337618003478 0.377774510779086 0.288253549842411
0.00638871901964398 0.0066887799066593 0.223365974022615 -0.0985200807991305
0.00897777024831476 -0.00509351413033386 -0.0421116728271242 -0.236802396670285
-0.00321311393835547 0.0213366313069281 0.0769300624089024 0.149014915994619
-0.00497136522639051 0.00775892578351176 -0.161474699171047 -0.0419114918697447
0.000533146729047341 -0.0104149116599136 -0.139903048409408 -0.455706624628411
0.0224617041953721 -0.0329631763919526 0.461997643960875 -0.439791610425506
0.0601624107074916 0.0147483806777652 0.801127918804822 0.404662189447179
-0.0208462307069281 0.0340279217551712 0.0341533474408162 1.07589793346042
-0.0308293582229529 -0.00388600417111309 -0.524289721364321 0.540114073911113
-0.0183759711059412 -0.00267232526826123 0.0763983774350495 0.0301444176379198
-0.012155633519648 0.0250696604642273 0.252582193397746 -0.687164896427566
0.0152425080153269 -0.00391807787509782 -0.640754662120012 -0.752438483482299
0.00840393129337087 -0.0389782410326121 -0.884389341419911 0.276940712479006
-0.0343428269660306 -0.0239089558168257 -0.0711484144399723 0.727989245571346
-0.0206932748646938 0.0190417780396946 0.380058085836636 0.277159648125476
0.0172815764118518 0.0106045773603698 0.220987838308664 -0.104898878069767
0.0142883803702886 -0.000467883300968472 -0.0402320174608557 -0.238250621014721
0.00264542388866463 0.0262921451606328 0.0732415103989407 0.153378349239062
0.00783474383949845 0.0174617663193326 -0.1623231264053 -0.034289512283879
0.0100395759955158 0.00656467620835783 -0.153212307545781 -0.448670548391779
0.022642037625637 -0.0219053437989494 0.448300646689852 -0.456049758182837
0.0667849613710264 0.0132961388683302 0.810976375960033 0.369893050369782
-0.00896090699134941 0.0461794998653623 0.0723174001771198 1.06431548459404
-0.0415165580215125 0.023971722383405 -0.513318626277127 0.550229670532761
-0.034832259675454 0.0221101572168941 0.0711557304571022 0.0354865184403165
-0.00919845929413017 0.0470891208302807 0.269321769541163 -0.682508466058013
0.0284843155704706 -0.00101118941580604 -0.616384172487443 -0.778923611906406
0.0146910770736514 -0.0387489714246914 -0.896021569624884 0.24250489026288
-0.0263382950645353 -0.0144365755163451 -0.0942814879591337 0.722065781922892
-0.00850411175218576 0.0271647833818425 0.370245383057428 0.289562225876241
0.0277401976149663 0.0137332315368043 0.219467267517693 -0.0973042546854882
0.0178563116792348 0.00347336332859973 -0.0402823761203591 -0.236591926200324
0.00815502104670983 0.0306067514748579 0.0681207010804672 0.160407893572859
0.0188999169488501 0.0243213281779466 -0.164689221599787 -0.0140205108893131
0.0175300042187765 0.0181479416306585 -0.182005133045924 -0.431515561533362
0.0206559673917912 -0.0131247891659118 0.40648000933181 -0.491992550543722
0.0723387874747963 0.00868614171000363 0.836872854838844 0.285003463717166
0.00489581847083192 0.0548716981006792 0.166038968847582 1.04303568430473
-0.0456592550629426 0.0476030847411898 -0.478574934461533 0.578598298901153
-0.0500572201461468 0.0421880108733658 0.0589206124821884 0.0503144255697578
-0.0106371884815746 0.0656586971410227 0.309320381773171 -0.663073840460774
0.038759032419356 0.00405254652549239 -0.552674874752201 -0.837473632120746
0.0213956133386427 -0.0376862237698918 -0.921257983761809 0.157665965361027
-0.0197927644739257 -0.00793960402236978 -0.149423479286185 0.712467650921466
-0.000204590100103541 0.0340549713727391 0.349703315998828 0.320768561557453
0.0344814098361777 0.0174897608403797 0.22220431111194 -0.0761731749130968
0.0213186833337528 0.00787424337580901 -0.043457218245808 -0.231782474940777
0.0118423327794948 0.0319646814822485 0.0604869825994033 0.167721463345313
0.0272084711508144 0.0264268256004815 -0.167533236508847 0.0145053766936152
0.0240393830814711 0.0243574593084118 -0.221612079369373 -0.403644881769697
0.018495514887911 -0.00871605867408915 0.345836520498068 -0.540027479008333
0.0743251928459362 0.00053607472491066 0.863254614205929 0.156230922054932
0.0189284444263701 0.0601135414849745 0.294356529468313 0.991656369728064
-0.0411998244574086 0.0649005001220138 -0.425877511719922 0.618160556685799
-0.0588726561981161 0.0550960793837763 0.0383667234030318 0.0740585386987708
-0.0155099622002952 0.0794658824765571 0.368858888171577 -0.630191395170828
0.0442718945380935 0.0133848079096517 -0.445720600792873 -0.919512013369879
0.0277646582950378 -0.0342106936692795 -0.947236314795196 0.0281139047438352
-0.017287656419054 -0.00610566168648486 -0.236838410534838 0.691564657726862
0.00278385181547329 0.0376007560420436 0.318777934647746 0.362369407895739
0.0377096757287495 0.0205536833975909 0.225348041755961 -0.044474142271628
0.023465834997179 0.0104297991862526 -0.0471445426232604 -0.223455078800098
-0.017864898050509 0.00480560977643428 0.0597932345487914 0.163239346838698
-0.036506505096437 -0.00790636843083269 -0.172739301736948 0.0394780083734028
-0.042546822616365 -0.0458546540525558 -0.270746904137347 -0.375105806277215
-0.0120426538513012 -0.0694206464805925 0.27247524831271 -0.585911124454068
0.0342966970869561 -0.00303853300227838 0.869310655614017 0.0152107229241372
-0.0371018543284137 0.0239236432514355 0.437991048438979 0.912246043076366
-0.0175184552578876 -0.063610769539757 -0.342728959231733 0.666139161507094
0.0279687751486645 -0.0685513717461402 0.0244357184778041 0.106978817291949
-0.00881917085021263 -0.041127325923801 0.419001330669383 -0.578810337073207
-0.0238488302936664 -0.00971428038374291 -0.32612834073592 -0.963216154660631
-0.00197663531114186 -0.02645432998651 -0.940893304490287 -0.080695775291015
-0.0435665749645136 -0.0650607183534393 -0.315588215659895 0.682443014920826
-0.059610541079903 -0.0281313636214364 0.301886395515307 0.400074270309727
-0.0169102706852389 -0.0104157344682364 0.233097762247015 -0.015087767171498
0.00227986198182264 -0.0157566708193554 -0.0597562855711805 -0.213107815523242
-0.0170141707078938 0.00579824121570968 0.067538054826637 0.15516878761293
-0.0346555689964079 -0.00985937202544269 -0.172097179592077 0.00776634459949868
-0.0341942167560789 -0.0470891029065329 -0.223761163101136 -0.412892673614092
-0.000262589630528519 -0.0659521732409861 0.350313297662047 -0.543629849295399
0.0398662745457418 0.00312205935002536 0.862606165738463 0.158997293388886
-0.0396096047526522 0.018741319903581 0.300587584180379 0.988722892957624
-0.0139000139567464 -0.0617007494206898 -0.411821050836007 0.626852702658712
0.0230288044215877 -0.0620287849881421 0.0447610515316802 0.0783302873383388
-0.015024071892073 -0.0317307209314259 0.353990224702885 -0.625341596964844
-0.0203929560493867 -0.00757976431047417 -0.467070907492473 -0.884838632231232
-0.00319446154247921 -0.0306046952158126 -0.931007340853646 0.076612928695344
-0.0476695971249727 -0.0570616536765942 -0.215849661123338 0.715653960385056
-0.0571585863952879 -0.0165836024684322 0.339942634672877 0.35341975182292
-0.01276036139871 -0.00424083579644012 0.231248206920669 -0.0515620912720171
0.00327339514491092 -0.0132617987999552 -0.0542525526723268 -0.222876929884516
-0.0141858753399249 0.00907902189184168 0.0742164261475553 0.148469304085731
-0.0270279834224126 -0.00627173743957517 -0.16684959599166 -0.0193753266791985
-0.0227785890989507 -0.0396809606191817 -0.185060073411824 -0.435856979086962
0.0118344828720992 -0.0573007039438931 0.408363728723353 -0.494956425325214
0.0461711099339663 0.0088652017553117 0.838029240445596 0.283434720747109
-0.03558901320745 0.0185745581128749 0.173034449593479 1.03657850178838
-0.0148665144281716 -0.0497181916486193 -0.467359961631571 0.584165938668326
0.0130218630474993 -0.0476380729440037 0.061706532411411 0.0525069459432119
-0.0172159210257772 -0.0152806351374219 0.294365527193742 -0.659316611403944
-0.0119805364337531 -0.0055236320176461 -0.567606257975434 -0.806604067612247
-0.00102787057536731 -0.0342207516704933 -0.904757371739615 0.196550381823748
-0.046481406929797 -0.0465603119294181 -0.132822839195449 0.7287208555039
-0.0474473795440987 -0.003124002740117 0.365199530929062 0.310119808785106
-0.00486009902431355 0.000675463514565548 0.225840488455603 -0.0819848346021403
0.00574707800091317 -0.00939760664054975 -0.0507283538588025 -0.229918627122804
-0.00974196932568042 0.015102073629347 0.0759222219271261 0.145614750852001
-0.0171335905403017 -0.000800969180195348 -0.163974763769953 -0.034531969974611
-0.010369243020972 -0.025875949924839 -0.157374999242133 -0.448713462932398
0.0190761291929989 -0.0458514329835543 0.442163969118915 -0.457298512154109
0.0528142536852906 0.0127810754133162 0.811801659574185 0.362963446623389
-0.0290012233378721 0.0239615613913901 0.0843325566023731 1.05963527853883
-0.0209846586827695 -0.0292540185834388 -0.499585338124724 0.555286445213182
-0.00153328144344281 -0.0270736131360182 0.0732999255185151 0.0356281970107692
-0.0154386607052872 0.0046292112495661 0.254016773538173 -0.678664127503579
0.000717991623092516 -0.00449785546433628 -0.628821367632187 -0.753267202518585
0.00102378030956261 -0.0367096164375519 -0.88155466017366 0.27329423887332
-0.0413739229041728 -0.0339817100983917 -0.0763155180023335 0.727248897614216
-0.0344275854689214 0.00876630100244852 0.380601471974276 0.279540630671747
0.00535353378092534 0.00548323591840052 0.220210283887564 -0.101101367587232
0.00836239791918269 -0.00553879286345528 -0.0456356430683328 -0.234157315901056
-0.00299513041911047 0.0209407430565098 0.0775812642736896 0.148024558035628
-0.00479097226914516 0.00780389669702224 -0.161130575261189 -0.0383941502593977
0.000762706083284164 -0.0103048292516166 -0.147327186593605 -0.448526023427784
0.0217703421422277 -0.032451506837538 0.450062881638729 -0.445530564358378
0.0601900177750347 0.013856972797639 0.800230264421228 0.386527644493774
-0.0203380462139184 0.0336377307839212 0.0529283572868683 1.06448405382701
-0.0317467751293457 -0.00323890686349456 -0.514134612163649 0.543569275760511
-0.0174505510698562 -0.00268375670299547 0.0768484262337468 0.0292487442018771
-0.011700807768581 0.0254752049702224 0.240483196831797 -0.689340321683847
0.0146107876679244 -0.00386845619697211 -0.648937813922332 -0.735808225001584
0.00695880066049809 -0.0389103539731014 -0.873298095763006 0.289633358551367
-0.0348293353154133 -0.0229681870694191 -0.0566501220362268 0.724518402887457
-0.0205685409893158 0.0192172329590873 0.382563701028873 0.269356028954523
0.0163465387921426 0.00925896341480491 0.217076682456547 -0.107963813452704
0.0125618453706956 -0.00112101124931605 -0.0438763037644747 -0.235112281623404
0.00340424365054582 0.0267060278985838 0.074277178443989 0.151036354092771
0.00839936847780246 0.0162985916429315 -0.161449867457214 -0.0304616255159744
0.0103079643711235 0.00602182035807551 -0.159283485806306 -0.441876066972971
0.022235082166521 -0.021463952328172 0.435091665260729 -0.45989702795486
0.0659995194345259 0.0117479383885064 0.811036850790444 0.35208255625443
-0.00842006054496845 0.0457681045797475 0.0880808951791643 1.05387155911754
-0.0408562198238692 0.0236910018045521 -0.500524464121323 0.552601815832357
-0.034241288827143 0.0210873607421887 0.07156696493022 0.0339471442788549
-0.00870072253835482 0.0468982736041047 0.25722168111191 -0.681052479842319
0.0273575020361164 -0.00104635798752666 -0.625643847593735 -0.761229630263412
0.0132518664785244 -0.0392489702589752 -0.885729291301538 0.257126844647282
-0.0270240153169534 -0.0135913445102743 -0.0804501451282012 0.719593728977942
-0.0071858237839773 0.0264027387942323 0.371334742753314 0.282238007257894
0.0257852355656973 0.011857580585145 0.217437781471047 -0.099395912251003
0.017532135595659 0.00353479591448018 -0.0435062615286869 -0.234772664377215
0.00874205164889852 0.0306825505220014 0.0698618414442333 0.157290688896629
0.018570285377483 0.0224456747100565 -0.163925304986807 -0.0116722114989615
0.0188561216319971 0.0170766291794775 -0.187910960502845 -0.424988159629418
0.0210273730193927 -0.0127769684132954 0.393698360722616 -0.494457513884698
0.072494194664034 0.00647480486478418 0.834760371312649 0.267520861680161
0.00641324260974979 0.0541603507794641 0.182818549832434 1.03090258690653
-0.0442490057117782 0.0479450367554594 -0.466608851581957 0.580573579209826
-0.0482438264745005 0.042069089735827 0.0589252720451754 0.0493715388873945
-0.00938289313987523 0.0656096375606533 0.296211245667614 -0.663036049579386
0.0382350653438051 0.00443921579711598 -0.561762896002263 -0.820336830248501
0.0204575169804275 -0.0377540044952972 -0.912333177459856 0.173148310876448
-0.0199046600350531 -0.00752204704227689 -0.136134071529316 0.711011554621099
0.00105177028624004 0.0330020825875338 0.351732783372108 0.311430264136612
0.033492111277657 0.0156571834589688 0.220271034643835 -0.078504234519403
0.0206157964395745 0.00733049149124832 -0.0459608707704276 -0.229686127538202
0.0133724231614569 0.0326552240803387 0.0618528607145922 0.16503580897642
0.0270370077207889 0.024716970705316 -0.164959297667421 0.0169544517754243
0.0249803733087025 0.0232876435445517 -0.227549930304955 -0.395775313084406
0.0196010462464225 -0.00912765975631354 0.332411823315953 -0.540823448403484
0.0743758333677506 2.7554822398107E-07 0.858123765915026 0.141415069682003
0.019994549035225 0.0587242576666529 0.309448540726779 0.97791860526058
-0.0392663098463549 0.065843879476772 -0.411705175601298 0.617797976047792
-0.0571112168669271 0.0556561409406562 0.0405426660884923 0.0728590795684522
-0.0139746193325052 0.0796122349492568 0.355302221373751 -0.630030469796776
0.0432211899468288 0.0126497104444184 -0.457788119178354 -0.900968183320416
0.0267685266912566 -0.0343887126570375 -0.939368060746267 0.0434398137026413
-0.0173829103011542 -0.00537154665122462 -0.221700746207576 0.690745625801181
0.00324477083121978 0.0369189401165735 0.321371026943444 0.354469022877202
0.037298015771934 0.0197062242795575 0.223603752832783 -0.0476597769108414
0.02339265520514 0.00930864109009919 -0.0517512150132158 -0.221252210893318
-0.0175537364280628 0.00453807493495085 0.0608045346381207 0.160939502080814
-0.0352989045815455 -0.00840012495643697 -0.170635121926376 0.0425977426179432
-0.0428479368411766 -0.0448014287391366 -0.27287483483884 -0.3679017012423
-0.0127771680027236 -0.0682350167194871 0.260463057659012 -0.585829675821347
0.0339263606596295 -0.00275209032073829 0.86098298623899 0.00131300741768049
-0.0365999716644657 0.0236207422341934 0.449003340754553 0.89745076044069
-0.0177174973097326 -0.0622879207638514 -0.330688079974033 0.664018158208395
0.0273010270970535 -0.0680399853490204 0.0259881035404651 0.10618600563973
-0.0089663046300886 -0.0393218083898824 0.407392098930462 -0.57871959044761
-0.0254546552019346 -0.00966773944785417 -0.340152055922231 -0.94787185076752
-0.00305560940251635 -0.027059682385861 -0.933749459778943 -0.0648069614676732
-0.0438192018133692 -0.063751818639377 -0.304121124480513 0.682030959318241
-0.0585659716524182 -0.0274118785148008 0.30331741157052 0.389978955016487
-0.0176976936823664 -0.0109635480983688 0.231248006033611 -0.0176504507695979
0.00185967899137419 -0.0154606992142512 -0.0620821043665862 -0.210616203705386
-0.0168097234374446 0.00582516491536686 0.0680526540272933 0.15214756610436
-0.0337831148110894 -0.00900397406492763 -0.170067185910195 0.009366999089915
-0.0343947047149132 -0.0457882431427384 -0.23024436523582 -0.405054785757294
-0.0010244816868415 -0.0649257171460795 0.338074245494949 -0.544649479265056
0.0399427484743017 0.00223739155479938 0.857205986750884 0.14605448215675
-0.0379083688778143 0.0190755260384337 0.313179147903282 0.975355009184362
-0.015394230473469 -0.0608049631894386 -0.399899869076682 0.62552055635722
0.0222179540027449 -0.0620405019816138 0.045526751712281 0.0774862037555701
-0.015004756606728 -0.0306221852467495 0.340999356147723 -0.624627537380128
-0.0203488302849868 -0.00668777757604415 -0.475491137716075 -0.870546890407642
-0.00339753650947272 -0.0307807552043835 -0.922628184298687 0.0892152960826389
-0.0483007475004416 -0.0557362940305445 -0.202573304285091 0.712793069791869
-0.0558765328438669 -0.0153898200553651 0.342307341828782 0.344215221189192
-0.0129655594025556 -0.00595319717839152 0.229079193526686 -0.0551135697927603
0.00221329279361357 -0.0133042740967041 -0.0566570731341757 -0.219693536993836
-0.014292300471378 0.0098096202946884 0.0739995285523273 0.146378496897618
-0.0274511299567099 -0.00780864729864894 -0.165842988067763 -0.0158951464462595
-0.0223498007357167 -0.0397409785309737 -0.190027740391086 -0.428892168331703
0.00988990612343128 -0.0564787725030939 0.395483522582537 -0.496916101093594
0.0461781267076659 0.00782458564713382 0.833970138647559 0.269518225571461
-0.0352359605140638 0.0183182748427431 0.188081482585155 1.02204258162406
-0.0155506905193304 -0.0486022734453519 -0.454034578265939 0.586932563687954
0.0124943532204955 -0.0477738814712263 0.0612804135719393 0.0520832613490228
-0.0169842118207324 -0.0150812169551073 0.28292461412151 -0.656705124474221
-0.0114168468728271 -0.00453852664861636 -0.575859625204399 -0.791129748693035
-0.00213208746474419 -0.0339050226904389 -0.895144731914427 0.207137495233912
-0.0471393752283892 -0.0445253227581309 -0.118685159032497 0.724132660083091
-0.0471529046214773 -0.00273822630243574 0.36734747321605 0.299732648752075
-0.00554810154644695 -0.000217627279647265 0.221868313645533 -0.0839515539984174
0.00433118409506118 -0.00898331403327043 -0.0528576135225243 -0.22688142190086
-0.00884015227722038 0.0156637454637478 0.0770741491604594 0.143250809626358
-0.0166234960484741 -0.00141574515980887 -0.161762506400245 -0.0328306754444475
-0.00995816599412781 -0.0260018748192984 -0.161868095669567 -0.441782235511043
0.0179590119015303 -0.0444301484044881 0.430144238727983 -0.459361936762796
0.052386917503096 0.0113362328397543 0.807951800950555 0.346766075833386
-0.0288397020575082 0.0236925502113121 0.101276746978323 1.04768222425029
-0.021247538010014 -0.0283514988058333 -0.489621207767263 0.557900690762328
-0.00133345046395669 -0.0271859953000581 0.0715387332427432 0.0346624953668205
-0.014617351007244 0.00452995959500763 0.241648676328543 -0.676456861729082
0.000836270411011451 -0.00422667694985431 -0.633761354261215 -0.737454558828002
0.00143795041545051 -0.0372766243481499 -0.8693086331232 0.28365646387186
-0.0424208812072491 -0.0325691186510624 -0.064785084904111 0.724337899064669
-0.0340355364279069 0.00958344110453761 0.380236417965869 0.27196011574125
0.0056932586523749 0.0039942185796581 0.216972222118258 -0.104322668592166
0.00709855476783292 -0.00586168210730165 -0.0482863802621236 -0.231023418428461
-0.00232704713129925 0.0212650847760607 0.0775923469046449 0.144176366239929
-0.00506898458782209 0.00647874241591695 -0.159477739470478 -0.0357280826159412
0.00104783556009044 -0.0103990435537638 -0.151957141734184 -0.442620091737034
0.0223483270769006 -0.03221108681577 0.439730800988441 -0.447714543423054
0.0596735499294061 0.0123037122261098 0.798838668736268 0.370239847744388
-0.0191999612636857 0.0336283859665852 0.0702266858746366 1.0535279816205
-0.0313506045751763 -0.00267904299765423 -0.499639349494634 0.546270059139506
-0.0174318098873487 -0.00306785842159385 0.0757677021972661 0.0285924678623802
-0.0108741661071883 0.0265718776295648 0.227837746286057 -0.684604401017526
0.0143834825519539 -0.00437992201885274 -0.653088766037914 -0.719029659164736
0.0064883285833991 -0.0381224957322765 -0.860944353066297 0.301783676201115
-0.0346200913101501 -0.0215704012059334 -0.045323754914331 0.718771118290411
-0.019639403909853 0.0187530135731143 0.382216394053057 0.26094613156321
0.0154245805031966 0.00748896146589946 0.213708384092295 -0.109376999498306
0.0118597833208793 -0.000915055803456244 -0.0463630298838968 -0.233322161292347
0.00336652155081867 0.0261174886252849 0.0753343131996513 0.148284674502885
0.00805642017978557 0.0148173380717943 -0.159741074995668 -0.0274553247556528
0.0102831345626912 0.00534188550426002 -0.163365834196403 -0.435184436778494
0.0224229293067522 -0.020862965735434 0.425161839720606 -0.462794575015776
0.0667793038367916 0.0102447157006221 0.807904685110363 0.337696354272483
-0.0075246915263455 0.044570440450798 0.1054845279923 1.04261923537459
-0.0400100508799383 0.0231401048676778 -0.486491658643684 0.555760596831105
-0.033167867856452 0.0209121694493516 0.0701700576319116 0.0331402274352511
-0.00769946030166062 0.0472165752665923 0.244529135328921 -0.678420112702935
0.0275440720051808 -0.00256289761623386 -0.629646665758924 -0.744578318647963
0.0129127893747989 -0.0397131402897908 -0.8736674512569 0.266607842737267
-0.0263785805119657 -0.0136494830903877 -0.0679467547634304 0.716044506308025
-0.00724285023351626 0.0265529974325142 0.37364488602755 0.273158784585189
0.0261508334445015 0.0111560903964315 0.213712506927199 -0.101628767212966
0.0155986936198374 0.00360237327203435 -0.0463218328252726 -0.231565046356621
0.00966298115780851 0.030615243119772 0.0697554003462558 0.154636437584522
0.018394298744863 0.0209288589792032 -0.161399537080552 -0.00892125377075804
0.0191659688624526 0.0169803291444966 -0.191867737965574 -0.418477077573885
0.0206818250920368 -0.0132502362026101 0.381323425494529 -0.497541310751284
0.072214539018787 0.00542942669094174 0.831701100909663 0.252371706549313
0.00637997569485951 0.0536128127904977 0.196516300674165 1.01736931219953
-0.0429651743785937 0.0484488313383349 -0.453286639943701 0.581761025740329
-0.0472177632218475 0.0420960520629199 0.0590670791688346 0.0479994860169528
-0.0080445021485602 0.0656188710728097 0.283450295095944 -0.661384969410316
0.0379039955421314 0.00392040324202516 -0.569698356250042 -0.804943287576869
0.0194433132396811 -0.0382895819475442 -0.901413218596959 0.185210930840098
-0.0205336205126274 -0.00659064343979963 -0.12379066621908 0.70632028599772
0.000676611022023391 0.0323967570103505 0.353634024662607 0.303227041705107
0.0329632941883075 0.0140062398606547 0.217303799796318 -0.0811979074750284
0.0195549520563614 0.0071579504266936 -0.0493775340702365 -0.226111992843471
0.0140923209499061 0.0318345161101811 0.0633268398651664 0.163307609058671
0.0262289139008536 0.0237106439163422 -0.164151770036423 0.0194225256733906
0.0248633483757598 0.0227795847660627 -0.231120230186758 -0.388544098211562
0.0198216418232218 -0.00927049124600242 0.319303916048919 -0.54175822761422
0.0732360997441634 -0.00156883705952561 0.852244163948085 0.126738759968506
0.0201849328673207 0.0567512001519651 0.323153369575527 0.963688838096545
-0.0384965473646112 0.0649451370737557 -0.399493653155387 0.619745906832658
-0.0565095983474509 0.0551977124142494 0.0408466321848518 0.071190694979279
-0.0128339118416773 0.0801770046994991 0.343261268558598 -0.630752659194844
0.0433790492766837 0.0125228636638427 -0.466883029465087 -0.888541345171545
0.0253332502903572 -0.0352889715181247 -0.929766581713617 0.0570164857079128
-0.0172921928806399 -0.00429166406585724 -0.210055713678385 0.688711535790222
0.00344751557473806 0.0361371759216523 0.323575508740921 0.347029705491392
0.0370670204270608 0.0177146219169077 0.220473110162788 -0.0501695729616914
0.0220159213995815 0.0101016465075334 -0.0528211703494111 -0.218434974762805
-0.0163216165067216 0.00514688671503319 0.0608527227878301 0.158645133307542
-0.0348910461759412 -0.00829053276941835 -0.168981202233571 0.0443662026166053
-0.0430021401952713 -0.0442536245330903 -0.275693769096067 -0.360275117665651
-0.0141777989567333 -0.0672732447442367 0.248384814175295 -0.583530894262796
0.035339584003187 -0.00307848644921103 0.85310198230258 -0.0108316901309341
-0.0363120171395762 0.0232416725747101 0.454699177289802 0.882933792236232
-0.0184183086944937 -0.0617834511355439 -0.31957481411773 0.662367898066481
0.0255569573696857 -0.0684613589324682 0.0258016227387555 0.10495575046599
-0.00952455921316476 -0.0385541673725067 0.397147720323981 -0.576912373147727
-0.0254099631999703 -0.00824571799184846 -0.345991496195494 -0.935422690346259
-0.00324159013372744 -0.0265664635994193 -0.925822239016918 -0.0539830615011014
-0.0433692718840678 -0.0627300540240828 -0.293614601510166 0.679446747060996
-0.0588853393970399 -0.0261834766821108 0.304301326603393 0.38413617108438
-0.0177353188391008 -0.0120977892478272 0.229325883951781 -0.020714902709608
0.000959849489848019 -0.0166652092818727 -0.0634916255120756 -0.207459903679627
-0.0160981260948824 0.00641909429850413 0.0689242347677507 0.149982053884095
-0.0336257306182094 -0.00916084774494828 -0.167117204843083 0.0124205974333202
-0.0333822461528149 -0.0447360488061258 -0.231527251281007 -0.397804021562438
-0.00212869067438238 -0.0639936730246871 0.325501995308404 -0.542163385138254
0.0400765871390197 0.00226950768290385 0.850207823715978 0.133169507747966
-0.0377057882346623 0.0194338499845359 0.320985380659803 0.961672564282804
-0.0147561499185436 -0.0603571173004886 -0.389563710356466 0.623037783794492
0.0216940655715054 -0.0627313944933067 0.0457891590205647 0.0761182965251021
-0.0154126307516234 -0.0293980799089076 0.332747105504065 -0.622247504050688
-0.0210340876145122 -0.00614638844125368 -0.480906849632332 -0.856302339949639
-0.00341810616140039 -0.0302017903922853 -0.910924025585828 0.0989879924847697
-0.0486026800306443 -0.0548315876795161 -0.192177999363976 0.70772959908568
-0.0554433274572503 -0.0151704262285154 0.342662252033124 0.336346719281984
-0.0132872767143731 -0.00641024560713789 0.225973867527008 -0.0565974986847357
0.000893881716933246 -0.013176583140309 -0.0586237382996722 -0.21677615243631
-0.0131653359899972 0.00995422626166951 0.07400309802436 0.14379722401531
-0.0266136824325786 -0.00663480479774686 -0.164109596697132 -0.0136941194949223
-0.0234039899160109 -0.0380810320555998 -0.194474614483215 -0.423022477937587
0.00970333221823277 -0.0559577585767155 0.385295564605707 -0.496939519220325
0.0458909346013755 0.00732573598852643 0.828955854920462 0.256171261123876
-0.0342803247403995 0.0184808380706721 0.199517299531253 1.00971025296216
-0.015547904887161 -0.0483260520019864 -0.442238349195645 0.587118626145096
0.0115433375901489 -0.0478033124848461 0.0606969419705564 0.0515277192338272
-0.0176060219359239 -0.0136228285669004 0.272121059462573 -0.65298351200207
-0.0119056911139683 -0.00418886095460318 -0.578014026964346 -0.777474738789312
-0.00278265216134705 -0.0336303436547182 -0.882001829098293 0.216229023643406
-0.0469088221846217 -0.0438911607765374 -0.10807507306023 0.71842147230163
-0.0466074712100644 -0.00261303132717449 0.367444160901324 0.293815669783398
-0.00502051927329022 -0.000525809369362196 0.219459134666197 -0.0859278246039779
0.00358691078355886 -0.0101984992660331 -0.0542352885751353 -0.225054638098638
-0.0082529565779844 0.0150225345605694 0.0762619737682376 0.140155502356442
-0.0161187151974899 -0.00133309525163741 -0.160254270267852 -0.0295922511133925
-0.0101111697826202 -0.0264698587977497 -0.167030984142924 -0.435261329092636
0.0175060844611685 -0.0442227123248924 0.41807054623577 -0.462307748585839
0.0526729505994436 0.0108599121350237 0.80420049408182 0.333515845948055
-0.0275789228937403 0.023502204691489 0.112302365700895 1.03409084012988
-0.0215118663283951 -0.0281928142746718 -0.475702240836681 0.556788456597101
-0.00139403084505318 -0.0268201427299526 0.0725120532110511 0.0338436680253687
-0.0152900316592412 0.00573624180571935 0.233512911022342 -0.670193510419325
4.40057755372904E-05 -0.00425282499768426 -0.636797483201408 -0.722134888177409
0.000689189883117359 -0.0367348918731712 -0.854566941224878 0.290276006868473
-0.0410496995531245 -0.0319521451555881 -0.0532859899731756 0.71742408651251
-0.0334501768624311 0.00914897246281954 0.379667347725636 0.266096233011196
0.00533120031547306 0.00369462263806556 0.214492901155798 -0.104932358450636
0.00644119734536726 -0.00584925279698093 -0.0501882740847219 -0.229000496034677
-0.00279579332739503 0.0208366538023314 0.0783664281523156 0.142282956092011
-0.00508656899648787 0.00661605106744881 -0.158719298361105 -0.0332579043473985
0.000929982734131761 -0.0100312729923427 -0.15792231614901 -0.43645340983443
0.0213741655672637 -0.0325380204694209 0.4291190500639 -0.448331749890816
0.0599846618799601 0.0117139056380761 0.79561648413253 0.358162821704538
-0.018390333397877 0.0331596997549289 0.0805247694276685 1.04155169313529
-0.0309430891267843 -0.00287893988448117 -0.487489809374415 0.54664097695485
-0.0170137770909453 -0.00356523365218515 0.0750863354587771 0.0279811225652643
-0.0113882222103512 0.0267127501990393 0.219238850992069 -0.678770419342391
0.0132370416396039 -0.00428761463990307 -0.655644576288802 -0.703436481825168
0.00541800393903862 -0.0383030987055939 -0.848525034285854 0.308981350966758
-0.0344176836788451 -0.0205182812747002 -0.0352337584502097 0.712159723829066
-0.0192408129059029 0.0186334648265513 0.380907260647185 0.253348493010305
0.0153621216136298 0.00667226341940036 0.21055554647617 -0.111368046005639
0.0104976150793986 -0.00159865833668772 -0.0489274455957404 -0.230945091936649
0.0035196863738677 0.0261667699313148 0.0753818415205398 0.146143859373552
0.00756566810941131 0.0147112323363287 -0.15869843492819 -0.0258660476093814
0.0104681494121516 0.00481818853558054 -0.168779905462126 -0.428890842047781
0.0221512649394312 -0.0215585476418985 0.414335323930927 -0.462405497421606
0.0665363571087716 0.00905664742243283 0.803945712162394 0.325461055748561
-0.00672128018802034 0.0442900112934544 0.116868500872658 1.03017765644937
-0.0389221357472996 0.0241335709451772 -0.475563669002555 0.556268319180379
-0.0329946394079712 0.0204857692149995 0.0705416784614016 0.0323437554953198
-0.00654355935134035 0.0474779582638859 0.232811563936314 -0.674832658708222
0.0265144949899692 -0.00125233136082015 -0.634370895116622 -0.728932092689394
0.0121255469670161 -0.0394753757093049 -0.861602763939495 0.276368808585164
-0.0260771838617937 -0.0128694597548189 -0.0568949993746067 0.709488708572059
-0.00641047989887807 0.0261568462137683 0.372171886204787 0.265455144880737
0.0250959770725172 0.00962656784273115 0.210983520556138 -0.103812790449411
0.0144800109551977 0.00325246297013667 -0.048884201106443 -0.22882840670887
0.0101213361690931 0.0291536161369714 0.0711129453413158 0.152836667879653
0.019037952895251 0.0203371099898914 -0.160658052659441 -0.00745056730401575
0.0183085847602585 0.0156137415595957 -0.196322041051066 -0.41046419999014
0.0206061463252082 -0.0129468233901356 0.372026393471136 -0.496643189269412
0.0714901939847429 0.00357464771326364 0.824390413835179 0.239523442005045
0.0070045582940409 0.0536401016587318 0.207041241043929 1.00443827447297
-0.0408269899450344 0.0480396100867269 -0.441067384483034 0.581942860589996
-0.0459729340735715 0.0416728918043734 0.0595184967998867 0.0472149092699592
-0.00679632007934994 0.0656354054210645 0.273919194309476 -0.658835408796621
0.037242373186534 0.00367147814785502 -0.571468378788857 -0.789566331326141
0.017972269334341 -0.0380776582778412 -0.889855853342177 0.193451689381915
-0.0203901538484088 -0.00632958333776013 -0.113571138100063 0.702242773013366
0.00168035721516667 0.0318472981503233 0.355598962742321 0.296884197859195
0.0321953995792233 0.0139922549403867 0.214476660443135 -0.0834326600833127
0.0188507123812025 0.00685071383373827 -0.0505577464792046 -0.223918439756687
0.0143374984715046 0.031213552270275 0.0644775938504714 0.160563377724757
0.0273077276650777 0.0219785151868798 -0.161166340192979 0.0213084700555043
0.0247242041005954 0.0216794739560775 -0.234439751797477 -0.382549102183354
0.0192022562658303 -0.00863739969934448 0.309121200893907 -0.539886066188834
0.0734388749335427 -0.00273703229402895 0.843700557693933 0.115842584411136
0.0211430676686699 0.0565818807022429 0.330747393799614 0.948897810025682
-0.0366875784554077 0.0640171480781667 -0.387538226474529 0.618827694301369
-0.0546416530330317 0.0547595084754539 0.0412541786810011 0.0713112506653935
-0.0115892975492024 0.079562949208938 0.334166044127345 -0.626827861330881
0.0436674097914743 0.0117019649556112 -0.473460463469142 -0.872881402693121
0.0230527466941808 -0.0348076737056127 -0.920205215657164 0.0694289535657236
-0.0160954171990157 -0.00465263293670443 -0.198934203775993 0.684440283424615
0.00450068421431631 0.0353707642195983 0.324241935953028 0.341042242249411
0.0344325704816451 0.0162437820492723 0.218860374691912 -0.0523421579668874
0.0209178175236472 0.00894091362719202 -0.0553356922410291 -0.215116010240639
-0.0168675099473478 0.00526529137059409 0.0614204189189552 0.156416115017918
-0.0345641796659178 -0.00825005140401801 -0.16579516898798 0.0456108751550113
-0.0417597150239933 -0.0434314567910574 -0.275659864202795 -0.353276003399608
-0.0148815904185526 -0.0655800754133976 0.240155813881254 -0.579585699296673
0.03434739433814 -0.0042638555551542 0.841771491140093 -0.0188217146136308
-0.0353412634348728 0.0239223062337418 0.459075942897004 0.866653976034686
-0.0189015434414891 -0.0604984536768169 -0.309326032287803 0.658781296457721
0.0258032486986389 -0.0684877150673318 0.0267534749804464 0.104231834626811
-0.0100212119026096 -0.0377897829738523 0.386538562417064 -0.57383960889141
-0.0251625524349419 -0.00831624442582113 -0.351405198412455 -0.923517944369401
-0.00308262115566168 -0.0262331522419635 -0.918836077368361 -0.0450239588296782
-0.0442543373776861 -0.0604462337257548 -0.279877393620446 0.674461435101037
-0.0580327292710933 -0.0262898681253547 0.304649470260524 0.377293300307581
-0.0175395605004954 -0.0124028108198667 0.226277025991258 -0.022583626200535
-0.000461391561010103 -0.0161587791825984 -0.0646923571474264 -0.203482823169529
-0.0159703311200879 0.00650921704231547 0.0682238180987746 0.147077316035062
-0.0332400892783791 -0.00929002438734468 -0.16528080035643 0.0135257812635318
-0.034110188009568 -0.0448367074699183 -0.233730832273449 -0.391699013005216
-0.0021062016801862 -0.0625038254763023 0.318235651627708 -0.539357432607629
0.0396347556934246 0.00195222297818414 0.841279247110869 0.122530760587299
-0.036843956835669 0.0193830523347121 0.329339411370563 0.945913835762748
-0.0149790128175909 -0.0593494443047493 -0.378064127070921 0.620820494264209
0.0215119851005692 -0.0621359261392971 0.0457724078552721 0.0751895046535263
-0.0156316421905698 -0.0283310014431769 0.322323301061318 -0.616591144002191
-0.0202856074183533 -0.00572898901674869 -0.48416437472319 -0.842597743582796
-0.00452659168267296 -0.0298093156729919 -0.89976690155893 0.107795173707323
-0.0489074785999088 -0.0537235696657103 -0.181717027887924 0.70219125454683
-0.0547538995403495 -0.0143405377134523 0.342482350778409 0.328640826242915
-0.0138040082003563 -0.00757865624723116 0.222218377117855 -0.0578757518223011
0.000638933958891462 -0.0133818450780909 -0.0602709211003424 -0.213106172806878
-0.012766764203754 0.0106882194702655 0.0742080392326874 0.141411371784559
-0.026552391501274 -0.00735050974301347 -0.16226637044272 -0.0124068183811249
-0.0222487919349487 -0.0376072414421817 -0.194543272088089 -0.416192178140668
0.00937351517701448 -0.0549767884138286 0.375189311857354 -0.49553015911971
0.0454079940163326 0.00667415118123922 0.820997028230804 0.244432225490821
-0.0335857877324701 0.0187278626927372 0.208683689992014 0.996055088334397
-0.0155587653693727 -0.0475053834959714 -0.433061388535784 0.584676693400503
0.0110892212606376 -0.0475591669522369 0.0603030144485027 0.051282245631138
-0.0177993209147201 -0.0126821572065427 0.264426569163573 -0.648872562490574
-0.0120209234104987 -0.00401456191391743 -0.578892467835675 -0.762369870497658
-0.00347897422590809 -0.033606947675842 -0.870760653223872 0.223363074646794
-0.0469096440505712 -0.042758653873342 -0.0990820277689166 0.711399050486112
-0.0454946733795402 -0.00161377757697752 0.365827368228924 0.285247990074189
-0.00618920327254033 -0.00228606009265649 0.215878853499743 -0.0866838236268381
0.00294220537072231 -0.0103765656951902 -0.055588840466656 -0.221216550747214
-0.00859269481917143 0.0147715706580563 0.0764567757707154 0.138794971484734
-0.0159068943179702 -0.00196345320932918 -0.159336832528269 -0.0276055766290579
-0.00993303880267916 -0.0259545169939124 -0.168626359794153 -0.42868630823621
0.0165771636362854 -0.0432621239254507 0.408732630786008 -0.460130699190922
0.0512579068421284 0.00953929584153909 0.797326447940944 0.32155515014434
-0.0272795483694078 0.0231187380347573 0.121695868493288 1.02194384453878
-0.0205182946417177 -0.0275781293381995 -0.465048430007483 0.555876117305695
-0.00146245092354945 -0.0275568519358711 0.0712909082129313 0.033345159906238
-0.0146790708282463 0.00610008638270296 0.222822151297463 -0.665134796978262
-6.56707765835443E-06 -0.00349945746309711 -0.63712024328893 -0.709066152730172
0.000150617728779931 -0.0363800766153982 -0.843440664722515 0.295658046297863
-0.0422514810131974 -0.0304891477161704 -0.0447876626179091 0.710999703798897
-0.0327982037491745 0.00902380116677657 0.377787320810435 0.257489695288848
0.00452474748306574 0.00190752568765533 0.210359447990829 -0.10630006232014
0.00576314308217544 -0.00552331634162309 -0.0514512009802726 -0.225811724214734
-0.00175182997171055 0.0198971144583704 0.0778885059547591 0.13890671817909
-0.00389629827626702 0.00591337767101402 -0.156181071602395 -0.0316265030409819
0.000731902794097068 -0.0103842634533791 -0.159642377892118 -0.429994277053562
0.0215038070934141 -0.0314434660077197 0.417973371050657 -0.447868885534767
0.0592389727382716 0.010732615397784 0.789004595536572 0.34572973513535
-0.0182909288553714 0.0331987070975263 0.0917569007945148 1.02854083554816
-0.0300294180073383 -0.00284739735221323 -0.477229178469734 0.54568157176159
-0.0161433920018593 -0.00354464741730672 0.0746040608793564 0.0269109906752736
-0.0108137790549919 0.0273182478542914 0.20995725839497 -0.672640282108791
0.0132593742492753 -0.00335151127409331 -0.654382702588726 -0.689961228061951
0.00450417658741677 -0.0383227621059639 -0.835805424075224 0.314244378957226
-0.0335956714903651 -0.0205397235424116 -0.0275156495441242 0.706252360445491
-0.0190606255011836 0.0178189323035987 0.379948640226406 0.248866611112862
0.0150542113698111 0.00542341150893288 0.207429640600126 -0.112222954005701
0.00902197186982815 -0.00133162427028606 -0.0501010430623024 -0.226917846615678
0.00487927249215013 0.0258175461164526 0.0751836211674311 0.143636799411239
0.00710561004339764 0.0133517425473805 -0.156873612332607 -0.0246126873842188
0.010694189458606 0.00460137793074212 -0.170069775251166 -0.423700614703859
0.0218627040225945 -0.0211931279157024 0.403581489211158 -0.460303211795332
0.0661999268728657 0.00817818829330972 0.798698675279555 0.313622470477216
-0.00611234029271238 0.0439042779829782 0.12670452026913 1.01586621505794
-0.0384720757888512 0.0233583824627527 -0.464959952053984 0.554298681745164
-0.0313646362256034 0.0205417132672636 0.0701628525406723 0.0316158769142657
-0.00673277532155567 0.0470107330427927 0.225932269237511 -0.668233411020814
0.0260881007802701 -0.00186508777385837 -0.634129873753302 -0.715382684222942
0.0110609548585727 -0.0384415742673071 -0.849484880149952 0.280164834984894
-0.0250974927923535 -0.0115824478122481 -0.048242718291903 0.702387329844525
-0.00617661823795022 0.0253892989038515 0.371000919556763 0.259361067358539
0.0238598032767374 0.00873609544728068 0.207776258300866 -0.10369700915335
0.0138439612094464 0.00275511410949544 -0.0493795055551298 -0.225238472923956
0.0106377773780168 0.0298311546851126 0.0706332154682782 0.150482656319672
0.0176898168409951 0.019803933822981 -0.158433813378698 -0.00506452941993464
0.0189811577650836 0.0152803798986375 -0.197555181665231 -0.405243858647392
0.0207911761006935 -0.0120047167125097 0.363347630356039 -0.493512876317358
0.0700421389457722 0.00317110262834516 0.818875438888617 0.229452114101465
0.00792520661655225 0.0521818002400618 0.21433492946868 0.989536691551994
-0.0408681821083297 0.0470401121999515 -0.432671557193994 0.579459929889517
-0.0450258597774853 0.0414908787762082 0.0576983859318003 0.0455776546040162
-0.00605471770591335 0.0660161281746619 0.26512745289802 -0.651756599378915
0.0367665395847611 0.00348324488976832 -0.57263806063452 -0.775237494038356
0.0168652554503195 -0.0377741830034245 -0.877932212111225 0.201116814198939
-0.0186732575369167 -0.00595498031222199 -0.103727471912337 0.696210456670889
0.00189569736750873 0.0312220391162204 0.352665024993559 0.290688246775327
0.0304976391182985 0.0122209229550148 0.212541101707169 -0.0841094688808546
0.0179866235347781 0.00674526773166495 -0.0522523055366025 -0.220779316675386
0.0138530255727263 0.0306994770439672 0.0644315153482766 0.158223997572074
0.0262136542553126 0.0216876675035836 -0.158705207162938 0.022339028555511
0.0249526006899155 0.0202862551016075 -0.234033712761879 -0.376079429023948
0.0192810973010644 -0.00799598905316024 0.29969002376957 -0.535929527431875
0.0730315011327332 -0.00409730341715943 0.836576181094698 0.104198130328565
0.0208462590385054 0.0560425530631149 0.338078880035689 0.932866029602829
-0.0358226401998489 0.0641218812078858 -0.377597064520338 0.614043980112935
-0.0532464321241332 0.0542863974567685 0.0413364204898039 0.0706924298257417
-0.0106414111473237 0.0796140755967957 0.324475787846771 -0.621892050673439
0.0428381192312968 0.0115473878393835 -0.474394396965863 -0.858853618930913
0.0232140597159775 -0.0345782289819908 -0.910677422442893 0.0776290077649589
-0.0171196307753399 -0.0037959042071949 -0.18884822756467 0.681598007205784
0.00477603380740474 0.0354000547984535 0.324974115794444 0.333457981460686
0.0338180307377215 0.0159865146644783 0.2164398721558 -0.0539853014420524
0.0208174692734703 0.00983406672211687 -0.0556523881705302 -0.212780423500571
-0.0164221011713271 0.00552908985473991 0.0595427579465096 0.154070401498577
-0.034327197509675 -0.00833612423673058 -0.16329908009596 0.0453268660705937
-0.0418840240682093 -0.0431602470724357 -0.275093991088695 -0.345091278992556
-0.0146463772995727 -0.0647177697565542 0.232201103191663 -0.575271392584255
0.0341587914043664 -0.00407324338488731 0.830574280642497 -0.0242667782348798
-0.0348060297854239 0.0231942158798529 0.460319704224533 0.852776849170782
-0.0185402932052768 -0.0608588293472345 -0.30219523658642 0.653254494040472
0.0252973419063743 -0.0679339427396474 0.0275966867002735 0.10295291082522
-0.010224581206811 -0.0366978446682943 0.379955559088112 -0.570473849496357
-0.0249486973679485 -0.00808904333428756 -0.353689270007091 -0.910811460505892
-0.00391106508144073 -0.0256334314929838 -0.905839188143179 -0.0375388021021907
-0.0442996439504973 -0.0602133465336847 -0.271161942779842 0.670363739032583
-0.0570605366057336 -0.0252642764206724 0.304358675659279 0.370232393176655
-0.0180346974400328 -0.0128283178938972 0.224476373832919 -0.0238551133576101
-0.000722422572112819 -0.0158929877837337 -0.0648333857774673 -0.201782586894813
-0.0149882919647098 0.00727732495150134 0.0684961258253658 0.14538124949374
-0.0320520007477614 -0.0100532467290688 -0.163194630116166 0.01483537185414
-0.0334038007871526 -0.0436380143750962 -0.23444318035229 -0.385805393140404
-0.00231435786243162 -0.0618915005433748 0.307691651461276 -0.535639733771127
0.0394096318543967 0.00120836076884936 0.83156292775937 0.115085432445994
-0.0360555555712077 0.018843566374279 0.330903748408273 0.934571181755068
-0.0152355115456726 -0.0590173062207798 -0.369028668419637 0.616816265324982
0.0205143072700579 -0.0617803722579237 0.0461280825665155 0.0746070742606057
-0.0154851576246243 -0.0275497595847926 0.314405196464776 -0.612467182264306
-0.0206127723263256 -0.00560135860888447 -0.484007271234246 -0.828920603172402
-0.0040722668489684 -0.0302933082162062 -0.890763141565718 0.114324527451904
-0.0469471887206546 -0.0519325062413806 -0.173976509836514 0.696750627747784
-0.0538009207787995 -0.0140507615700067 0.339816357597899 0.323391841479915
-0.0136298092461235 -0.00820019353039352 0.220310171270328 -0.0594460553245553
-0.000189936061238499 -0.0135044331549316 -0.0608646804219272 -0.210020495791946
-0.0128188246979832 0.00972332382856821 0.0736929698177547 0.139671167841647
-0.0257550604959973 -0.00808763046032312 -0.159948679360243 -0.0102305694545233
-0.0221535813799933 -0.0379815550646673 -0.198108701093175 -0.408795349295221
0.00919409614642404 -0.0540362265787084 0.36614136418876 -0.492506324610473
0.0452930547789293 0.00558154404802789 0.813418036093604 0.2340944840228
-0.0333231313274184 0.0186174710595854 0.213201691887005 0.983242992576852
-0.0154896492740727 -0.0470294963628036 -0.423652308378938 0.581073637397682
0.0110018899991872 -0.0477067002466612 0.0602725701917709 0.0496034982442323
-0.0169050387608182 -0.0121517573258654 0.255821924829284 -0.642408719719838
-0.0121750822700027 -0.00328990390321613 -0.577292659864663 -0.750274431720478
-0.00397553037256705 -0.0329425815446523 -0.859240209176089 0.227076690363719
-0.0466791463731539 -0.0415649590513772 -0.0923936923152495 0.705941093626481
-0.0446080950667164 -0.00188853540632806 0.363524090187899 0.281874983832256
-0.00612715077371102 -0.0033698332199191 0.212856743050019 -0.0879437565780466
0.00237405556996166 -0.00995331535693941 -0.0559309232062075 -0.217637464086235
-0.00758148930068291 0.0151146527824539 0.075864620819666 0.136459875426592
-0.0162167657741604 -0.00204840355177021 -0.157095230033025 -0.0259150335779993
-0.00996863696292013 -0.0263781477264138 -0.169777660777343 -0.423170275446464
0.0166939980374964 -0.0424733390084743 0.399532960822731 -0.457981246420315
0.0515652902955398 0.00875214404812206 0.790240119900284 0.311146118297888
-0.0268700660819621 0.0228083762487249 0.128554427045509 1.00933642437585
-0.0203321454780433 -0.0272388278491248 -0.456169705083386 0.5532385895491
-0.00197402676278458 -0.027606473414368 0.0705893411908287 0.0335439571992637
-0.014678775506499 0.0067854094900192 0.216878517227143 -0.65915453715236
-0.000690625977024562 -0.00362110902039837 -0.633418598772037 -0.695573216347171
-0.00108102159163448 -0.0356784943719711 -0.83296826618253 0.299908264883177
-0.0414059014403142 -0.0297178779175432 -0.0386659822883294 0.701933064588779
-0.0318796204191301 0.00881901897054517 0.375309111188613 0.252798219694062
0.00391964620101302 0.00208011795573806 0.207191676013219 -0.106855850325794
0.00506196177559731 -0.0052407482546592 -0.0525939138652187 -0.221718075399625
-0.00148697447912217 0.0204895377718819 0.0763554312959258 0.136756863670038
-0.00457358991492352 0.0044666886797941 -0.154809562936601 -0.0301717782018781
0.0012700704899654 -0.0110856299526998 -0.161360280870106 -0.425460732900282
0.0208050678218215 -0.0307194143404571 0.409278030685762 -0.446248502933562
0.0588490006973552 0.0100777270171482 0.782385248791271 0.336349496341571
-0.0182073525630977 0.0319494623606565 0.0991248332073733 1.01487556540855
-0.0298117197057852 -0.0022398868976338 -0.467889049444583 0.543645488821662
-0.0163624269757416 -0.00358513382973325 0.0740741281956079 0.0264164630668384
-0.00975036214455402 0.0276358592421954 0.204350649302811 -0.6659051520497
0.0130919088971096 -0.00342591939075625 -0.652810123279147 -0.677831474775569
0.00422480643096456 -0.0375271113085918 -0.822650674725055 0.31698945338234
-0.0335271848979082 -0.0198275498008783 -0.0211137329937822 0.699238217293346
-0.0180065285719919 0.0176881777642307 0.377230907215147 0.243173343278038
0.0135302467625011 0.00396392728472911 0.204299626353128 -0.112947168091514
0.00849788993645169 -0.00213785425535056 -0.052158886373733 -0.223894036582238
0.00535435238633506 0.0252701161251207 0.0746044265065521 0.141340023339699
0.00717318379082384 0.0121470153748115 -0.155086432231356 -0.0236794566435206
0.010496104118957 0.00394728277525951 -0.171823408914794 -0.416540378778051
0.0215297902772993 -0.0211790496752773 0.394311490668029 -0.457237276169666
0.0651537662969183 0.00802075369166613 0.789651299078024 0.305146744867888
-0.00591477643816351 0.0430622779766701 0.132903341711266 1.00297521230152
-0.0372569177386191 0.0236127742607402 -0.455817530332467 0.549863113917059
-0.0307993167148674 0.019807175616073 0.069332649834605 0.0315630298221972
-0.00592482638189306 0.047412112415686 0.218536699441049 -0.661756555740638
0.0251710530238177 -0.00176068981392107 -0.631120857415968 -0.702631661475581
0.00966583785194416 -0.0384831807787318 -0.838323812516773 0.28341912968372
-0.0252101559711057 -0.0107459212170831 -0.0412008413162712 0.695045955787539
-0.00625148687332528 0.02464396034813 0.367803676383756 0.254248849840995
0.0225238522582656 0.00807813173217761 0.205066194457358 -0.104908301159904
0.0134481029124004 0.00369713765905353 -0.0507512719157309 -0.223255144415086
0.0114159823648943 0.028444826791314 0.0699570150672242 0.148554897016155
0.0181085531838145 0.0188139564554264 -0.155416388626313 -0.00420255164739133
0.0181161746195699 0.0148350398926642 -0.199387299152822 -0.400283876027402
0.0201754086384281 -0.0127532306062818 0.355040064056207 -0.489649311732977
0.0699819032119747 0.00254507865665903 0.808775546953344 0.221299538142054
0.00720617525962885 0.0515060436457817 0.219714536026966 0.9760019292159
-0.0397992399180033 0.0473934893311775 -0.421495631892823 0.575512053117259
-0.0437637566485218 0.0407330110834291 0.0581299489107409 0.0454160471242298
-0.00557720370871766 0.0658182878398295 0.258810581824335 -0.647383977777953
0.0351490616659147 0.00329132247020707 -0.573175513347952 -0.762648272105539
0.0169529407378296 -0.0373599982752108 -0.86761734539471 0.206134833946453
-0.0189472317238302 -0.00636336729300854 -0.0981646955224095 0.690793527278756
0.00120982563122114 0.0300684101239242 0.352137506682318 0.285604536997553
0.0285865723214407 0.011021095237337 0.209116601176698 -0.0840730195246274
0.017583217314331 0.00767364890540025 -0.0536058481430294 -0.218017331916418
0.0150569933978813 0.0308568414617393 0.0635100228567467 0.157019990004143
0.0260951646076474 0.0205489423875264 -0.157481362850401 0.0225102957146632
0.0240842351948917 0.0193759859745949 -0.235681277514365 -0.370517603117297
0.0188886865797477 -0.00848752263632755 0.292155369282773 -0.532044682190004
0.0712370036965267 -0.00492482821446175 0.827629057133535 0.0975616824957145
0.0205333775119621 0.0552461249991552 0.340908112842458 0.920036311061677
-0.0335083655285651 0.0632339741109506 -0.36851109681868 0.612229721822318
-0.0522081801306257 0.0536382680331665 0.0414690313617564 0.0696448254991903
-0.00948361250355009 0.0785833724408393 0.317035000535848 -0.618798391891637
0.0417015658535037 0.0111182168113788 -0.475543244622402 -0.846599451641471
0.0225211211383083 -0.0343279180842927 -0.899302433416049 0.0822570586335177
-0.0162803190905718 -0.00314850244988812 -0.179774447837401 0.676476572611959
0.00395668091156222 0.0335269968653457 0.323464040763888 0.329071910769326
0.0331948138807309 0.0150115703819189 0.21378220715667 -0.0549219728345556
0.0200777175773044 0.00966642127468107 -0.0569797177074355 -0.209703748114438
-0.0158929000674373 0.00585312222010033 0.0590528303487737 0.152615613924832
-0.0340443619630206 -0.00827822292890268 -0.16018551622935 0.0475815070477133
-0.0417195374656964 -0.0418586763053262 -0.274018376291022 -0.342439976495133
-0.0149721011843031 -0.0635638736756478 0.225908400378708 -0.572134339047266
0.0342141445766896 -0.00395510486359603 0.823372658589695 -0.028525460575728
-0.0341677066175142 0.0229742273825287 0.461083165328521 0.841417988652534
-0.0185907416156301 -0.0595710935933315 -0.294045163756702 0.649631373955987
0.0252475407784543 -0.0680325282167872 0.0267078901165026 0.102243351727913
-0.00994256675947273 -0.0345577504158111 0.373910875015835 -0.565912197959082
-0.0250999053905448 -0.00782229556052068 -0.355076849487973 -0.900362887547716
-0.00369019130465249 -0.0254789237634735 -0.899580819680655 -0.0308450403771851
-0.0441587349802828 -0.0594846738892822 -0.267990057071988 0.664955520099977
-0.0562255213545739 -0.0248212913184095 0.303330334587811 0.366199266281007
-0.0179692937948486 -0.0134061179361072 0.222521436768292 -0.0248540932322345
-0.00133876210035059 -0.0156677418304195 -0.0650369754784644 -0.198821144935665
-0.0147702544094937 0.00762929515476902 0.0670893560264861 0.143893459973393
-0.0325052676044556 -0.00970962375175663 -0.160803849503994 0.0149749704626004
-0.0328586678493419 -0.0430259371992079 -0.234470919285286 -0.379375883247279
-0.00252466555315214 -0.0605148065216671 0.301135827631414 -0.532357488147534
0.0391576152975717 0.00100881837770875 0.822913749483677 0.109129507859063
-0.0355182631045395 0.0186726275392888 0.334255476798361 0.920301288716673
-0.0156323218610059 -0.0582355680995429 -0.362441179401853 0.612500445052972
0.0202196433700135 -0.0616417442173541 0.0450454026497375 0.0742389202403863
-0.0150684720265447 -0.0262290844415988 0.309267537575317 -0.607212159292842
-0.0212741862248383 -0.00494247049723929 -0.485850031642682 -0.819902907833421
-0.00548333834580098 -0.0293733603027901 -0.882248936430607 0.117278652389428
-0.047159389669518 -0.0523749994574633 -0.168558865340737 0.691172174670887
-0.0530016979488349 -0.0137229890834156 0.3365989802129 0.318327106575228
-0.0145178858199008 -0.0092192441634158 0.217202009815038 -0.0600681559455212
-0.00131579493973428 -0.0134072999687187 -0.0606292371396953 -0.207323014936718
-0.0115502223975706 0.0109508830006538 0.0724013679082425 0.137835746412492
-0.0252941434861229 -0.00826106782060288 -0.158251525748536 -0.0102344967882171
-0.0220289277122421 -0.0375355441464596 -0.196154914639049 -0.403382420407479
0.00893447087426769 -0.0535964389517201 0.358729645356823 -0.488873944088157
0.0454501288001573 0.00558233046969155 0.805549823398977 0.229263628720611
-0.0329384927539702 0.0186250596247129 0.21669488361346 0.971228105812403
-0.015950489474474 -0.0466090777603538 -0.416864882747153 0.576853521851371
0.0108412882372855 -0.047383285570066 0.0603837241489264 0.0495045056551692
-0.0169884923947612 -0.01115622766301 0.252150485388446 -0.635866926032242
-0.0123444032204654 -0.00400195735090373 -0.57602857025204 -0.739847889061381
-0.00437028234378764 -0.0324881761755609 -0.849103604053748 0.22921282106357
-0.0463213732637817 -0.0413157667250741 -0.0860829391830602 0.700077392836391
-0.0451472955422726 -0.00161981473667016 0.36132717134714 0.276169234229953
-0.00670339456103868 -0.00350071980930819 0.211038064231593 -0.0871944559386235
0.00148417197462436 -0.00967603206153132 -0.0568383145081838 -0.215983719292046
-0.00697818964120303 0.0141169506245051 0.0748945937985328 0.134829261869975
-0.0155716831086388 -0.00243263333465171 -0.155722928075215 -0.0253351873556516
-0.00940071139056288 -0.0270057460361835 -0.17035433709617 -0.416268673876359
0.0171445251150221 -0.0418743193412879 0.393349857831664 -0.453854350570096
0.05180665755669 0.00823680790628765 0.78327346748097 0.3049515628466
-0.0266465952359662 0.0226486655771424 0.132583909623385 0.996499595797294
-0.0201236021738545 -0.0271089942087914 -0.449124410382654 0.549785174841384
-0.000807429242129491 -0.0272146006433283 0.0702520737114105 0.0330861099741045
-0.0148228437109137 0.00756324539056988 0.21431068038433 -0.652019316177363
-0.000180577057046969 -0.00319958677656134 -0.629828454493727 -0.685625877792822
-0.0012506029229936 -0.035533276796285 -0.822443683206392 0.299160219160593
-0.0412051129111106 -0.0297978239347207 -0.0348881696919471 0.697963450508986
-0.0317825956768079 0.00901256420359236 0.370800019918052 0.248992941128037
0.00225810959325846 0.000337663889588398 0.204739611791023 -0.105800277197479
0.00394661616639438 -0.00581395410170003 -0.0531707181020061 -0.219687277226569
-0.000626127796599305 0.0200682745876858 0.0755176492423867 0.135118990795735
-0.00402879401573533 0.00362066111742898 -0.153642526844139 -0.0288379703670634
0.000896822096621692 -0.0112212743552493 -0.161823726875857 -0.419589972586755
0.0210462645446508 -0.0312163702475707 0.401666233597748 -0.442530836274849
0.0586354894204814 0.00909552229258173 0.772837945965556 0.328902963200636
-0.0175898113030645 0.0316212419153927 0.101838376593274 1.00353460292454
-0.0296288666782974 -0.00271653493716884 -0.45982087747598 0.539188904094176
-0.0157605663348623 -0.00408385981772697 0.0733560024765931 0.0265595544439231
-0.00941771095769664 0.0276309686681364 0.199677796707936 -0.66076434912606
0.012782176072598 -0.00378161704453805 -0.646930483972116 -0.669175010842396
0.00375173462778582 -0.0372357330279545 -0.813280996533812 0.316837585124671
-0.0326450224097553 -0.0186431054721527 -0.0154766304955648 0.691210096104306
-0.01790810736071 0.0173055474444441 0.372979748543719 0.238820007795007
0.0125080395041316 0.00395664647453007 0.201793930199996 -0.112010697424235
0.00854947348572788 -0.00104345834742231 -0.0509935960379634 -0.221805175311994
0.00580356027803319 0.02543603269434 0.073518722629094 0.139744117090469
0.00745160362999759 0.0120594361803509 -0.153989820579721 -0.0218464036494496
0.0106406759905343 0.00361523851774309 -0.17319498568951 -0.411587159374593
0.0218026499593342 -0.0205280949683357 0.387746416464244 -0.454290441780587
0.0644272073157622 0.00666136149289719 0.782626118959795 0.298198292977176
-0.00643396517383168 0.0425797677560085 0.137001299951126 0.993119007246662
-0.0369637317381763 0.0233845911691616 -0.448910765814412 0.547215701697434
-0.0308502798050939 0.0198291386466923 0.0685304597629876 0.0316087493728969
-0.00456896445669671 0.0475207080849273 0.214216321501051 -0.655192238780304
0.0246919227337504 -0.00150874135550742 -0.627748785741403 -0.691454822354972
0.0098338859034291 -0.0379697948886057 -0.828455882671766 0.28444074827205
-0.0251845256261896 -0.0118699983187451 -0.0381397690314158 0.688870499415546
-0.00620300913060676 0.0245799083496775 0.365313544387644 0.25068827150571
0.021272455346856 0.007551730975777 0.202917252818407 -0.10421052001532
0.0125240742817076 0.00342517440570297 -0.0517039633076007 -0.220763188815313
0.0117929649420381 0.0291591422267512 0.0687605368542696 0.146480890409817
0.0170694160307789 0.0174393704284928 -0.154812271509402 -0.00379870467665497
0.0193468316023626 0.014047069537478 -0.198724002889187 -0.394659939714639
0.0209252851249548 -0.0120061675277054 0.346834675866156 -0.486695227815745
0.0697759842305913 0.00181136958933047 0.802856669892287 0.215528761294559
0.00730339974451093 0.0509183924337719 0.22438506815501 0.964008108975301
-0.0390926784739834 0.0467038156631139 -0.415532235892516 0.572247449210379
-0.0428660418369027 0.0400695349266743 0.0572093003308449 0.0455260993383212
-0.00462015281445911 0.0659887382395657 0.253348775458251 -0.641164703100632
0.0350192922995383 0.00321219052444983 -0.569715809889189 -0.752326932475266
0.0153575502457296 -0.0364974333480321 -0.857393573710472 0.207591187111928
-0.0191498047233092 -0.00582794090773009 -0.0925435695910108 0.683395450170814
0.00242248580029137 0.0298259694079201 0.34902151748148 0.280610532426562
0.0268681213766065 0.0112004964891546 0.206358933061493 -0.0843168230690024
0.0171578401912145 0.00784909622765815 -0.0541587565042498 -0.216442984195973
0.0153891802494488 0.030380136864055 0.0632496129513719 0.154398940647481
0.0251872587085039 0.0200126670695292 -0.155437509899732 0.0225309647473388
0.0246869853726225 0.019459647185774 -0.234079826616669 -0.365183795062608
0.0192115430007145 -0.00789413799850329 0.28602086219128 -0.528872701478502
0.0709970466552199 -0.0051283925927238 0.818176790778655 0.0914148220270333
0.0213479356431286 0.0534145265221589 0.341543618124108 0.908545758159884
-0.0333558992703641 0.0627240499545231 -0.36233361017974 0.606411165016907
-0.0513535702879103 0.052997253625902 0.0410933049232444 0.0684724790237155
-0.00864783246794047 0.0785026500898574 0.310420743229351 -0.612974774777222
0.0412296036495961 0.0114066890302861 -0.473596276276983 -0.835253804378395
0.0213842199746477 -0.0338815598486601 -0.890203394517484 0.0869517657486671
-0.0163821003635478 -0.00291300997065083 -0.176271529952914 0.670532533528122
0.00459733865228625 0.0331480456171157 0.321973158248713 0.323000069902
0.0308954417414217 0.014214417061598 0.211600524559558 -0.0551276190177731
0.0184695337088796 0.00926475423952161 -0.0573685148936924 -0.207327076178954
-0.0153813906704739 0.00509067271712366 0.0587984844587178 0.150573797768983
-0.0335971297595091 -0.00899816624758961 -0.158780531278743 0.0459301796926331
-0.0401324915244077 -0.0424644992943853 -0.273723849145328 -0.337601346411502
-0.0149346620779773 -0.0632199191329183 0.219450889640126 -0.566334244090216
0.0340361417413808 -0.00448369064780756 0.813484076784531 -0.0317528220162587
-0.0331246917336806 0.0229761785783332 0.459576954127507 0.831882776683366
-0.0186037990817439 -0.0594848569516481 -0.289676759710263 0.643196483950861
0.0249043418509058 -0.0666664880409126 0.0258505442346647 0.100999088766589
-0.00942566048884916 -0.0346295948754009 0.368804937196739 -0.560436321869702
-0.0251178836261155 -0.00649806122505027 -0.351954124433071 -0.888624899788291
-0.0043089060452477 -0.0254916929981486 -0.891351312909453 -0.0294697350404112
-0.0434469249037598 -0.0584609284873974 -0.261334598683505 0.661088270475626
-0.0565977128632665 -0.0243956859494681 0.300747878692527 0.360804558069159
-0.0177265004482735 -0.0141296537085256 0.220778153047597 -0.0258360602081544
-0.00216154757603882 -0.015574516897941 -0.0644147100805078 -0.195956236321092
-0.014293218219014 0.00698065382675465 0.0652834949143447 0.141770949725802
-0.0325223285725675 -0.0103946177433655 -0.157612156972858 0.0155161666123828
-0.0324297111470226 -0.0432292561094047 -0.2334287848745 -0.374137407157811
-0.00265212009716491 -0.0602172852470253 0.297086543283862 -0.528208583901448
0.0384498848017254 0.000446140939802386 0.815184801739344 0.106758608784146
-0.0353005974599937 0.0180942639846805 0.333459283719122 0.909374496008214
-0.0151425026513733 -0.0578806221537899 -0.358195236234795 0.608662959786027
0.0202979449678956 -0.0614977984288071 0.0447024296816165 0.0723592811849925
-0.0155486459375268 -0.0254120174488751 0.306888760680366 -0.600823501998772
-0.0206780839655566 -0.00466808922800181 -0.481091721068708 -0.811805991244083
-0.00519590628493129 -0.0286595824028694 -0.87259640431342 0.116974080539616
-0.0466218112837283 -0.0504615653615147 -0.162119528045654 0.685234658335958
-0.0522458770097986 -0.0135387375962563 0.335709777236276 0.315627284804737
-0.0151444527778728 -0.00988434715205078 0.21575462311376 -0.0595942965666057
-0.00175476100822826 -0.0130832028846161 -0.0603249278242318 -0.206087627857122
-0.0114442667392185 0.0100168338193249 0.0714312913010168 0.135931886849044
-0.0253442495632786 -0.00855157968854711 -0.155627183912457 -0.00850622774533967
-0.0212222587595254 -0.0369563892067025 -0.195946155379308 -0.399652563438805
0.00879393574041287 -0.0527503915243103 0.352714549328199 -0.485913706630513
0.0452505170309116 0.00543195623001855 0.797647064187443 0.225057449944067
-0.0329024653836352 0.0182780107103761 0.219135356099755 0.956930850211625
-0.0141061135525733 -0.047037323269001 -0.410396673527809 0.574157934995246
0.0112161584924734 -0.0471985925389235 0.0591508850600698 0.0489163316383213
-0.0168233684251811 -0.010703661433042 0.249500769534665 -0.629800378582583
-0.0125156334963328 -0.00323325208488097 -0.571191761708864 -0.731551716605291
-0.00436860539275986 -0.0325512424515024 -0.841522516285425 0.229569537546404
-0.0464366629178973 -0.0404018673682751 -0.0838564499786194 0.693548012608162
-0.0440110205498605 -0.00268587327796822 0.358128629282086 0.271867960715326
-0.00802800951045344 -0.00436720467550373 0.208678406594085 -0.0873714372309159
0.000342130358310433 -0.00895016045230866 -0.0563629720500564 -0.213785776672933
-0.00740056137934993 0.0152217392215865 0.0734617367875257 0.132913127571724
-0.0159911590907663 -0.00363240802182578 -0.153614246635983 -0.024485815707872
-0.00908318047337698 -0.0258587029434412 -0.17062827983812 -0.413271930111848
0.017116775758727 -0.0416918473455055 0.387607874991328 -0.452447258829122
0.0513728448143763 0.00724895815038121 0.775678748749088 0.300385671307275
-0.026409826119906 0.0216115451472775 0.133102218958934 0.98547824764138
-0.0193950289728787 -0.0264626885969344 -0.443775407271436 0.543928100311557
-0.00103751076500726 -0.0276603495352005 0.0694303801411078 0.0336270618448879
-0.0140695413325743 0.00808028506445964 0.210553692358969 -0.647427013486184
-0.000349614260310042 -0.00379783333688957 -0.626729022573133 -0.677277313709681
-0.0019127215732103 -0.0347347983823129 -0.814231407043444 0.299847223590911
-0.0400982169663494 -0.0291595975262627 -0.0309312455212047 0.690909617997599
-0.0318494526245803 0.00865643591117306 0.369896970122847 0.245580806953961
0.00150220576042912 -0.000479198786317324 0.203473107746607 -0.105541553651661
0.00296879691355558 -0.00593536461785793 -0.052803950487229 -0.217510643746551
-0.000593098540509735 0.0202129548150024 0.0756126933487818 0.133943974268271
-0.00524520833958057 0.00350122372471246 -0.152482578180984 -0.0283946469706885
0.00124716475005559 -0.0108100838784556 -0.161977587971671 -0.414104519357672
0.0207501263886508 -0.0297740709120756 0.396121719359752 -0.439258995825311
0.0586169598484216 0.00831658974740633 0.768758567868226 0.322518062950523
-0.0177045721579902 0.0311705051948227 0.104933559708432 0.993200281521436
-0.0288786393496965 -0.00293235791421167 -0.454048928087169 0.535908054583537
-0.0163065571068515 -0.0038856806901298 0.0726539719867135 0.0264875227469389
-0.00911574972806897 0.0282608362880565 0.195934179881867 -0.653103415551647
0.01184195752622 -0.00325964965451313 -0.642622927893448 -0.6600468928069
0.00285280256277677 -0.0364529831969472 -0.806234612715945 0.317985525558122
-0.032765267620431 -0.0184684511117783 -0.0135715058123331 0.686798281235656
-0.0174563465174927 0.0173625662368557 0.370539002884441 0.235818196018377
0.0118113153709544 0.00335710580672725 0.199608971692561 -0.111737166987078
0.007620759160954 -0.000111756401167677 -0.0511719106551013 -0.219737654036274
0.00530428813009414 0.0248463610499663 0.0726320832103462 0.137913966744587
0.00685835732611052 0.0117116497823352 -0.151776469684558 -0.0218849618011716
0.0109690180784498 0.00296884609627436 -0.172222609405774 -0.407699040156319
0.021753568910703 -0.0201654483453216 0.381896306818094 -0.451090313393679
0.0643149470846208 0.00552030273775617 0.775466799409182 0.291839861288141
-0.00603733953199842 0.041473225271903 0.137452370779867 0.980396739985335
-0.0359958011933712 0.0229921575698011 -0.442309412701543 0.542205429511417
-0.0299347105607258 0.0191196215419669 0.0675525106643981 0.0305598220695176
-0.00428100323132448 0.0480434800134405 0.210555588845236 -0.650196525632018
0.0246706470176243 -0.0020052687382198 -0.62233349346197 -0.684307751930282
0.00964030081027274 -0.0376706947286367 -0.818545585128215 0.283063245800167
-0.0240861164461772 -0.0106773157323781 -0.0330472636321658 0.683816457773226
-0.00553860270147519 0.0241411374199653 0.361331663891608 0.246957705257146
0.0205753581800335 0.00640074720844119 0.200887035497347 -0.103608333829317
0.0115595849044441 0.00402648186800213 -0.0512399220005744 -0.218148379979518
0.0112504628631264 0.0286495544282603 0.0685003722863567 0.144964532917107
0.0172039701632732 0.0164528521861517 -0.152460750186432 -0.00360385394933281
0.0191105791705508 0.0135938111621914 -0.198055544121488 -0.390500836499658
0.0215138942384655 -0.0120196101793962 0.341761095825176 -0.482580445754278
0.0694255694634691 0.0012116013295236 0.795281757029762 0.211605167314724
0.0065708185382528 0.0497575207857705 0.223309740625616 0.951991617059752
-0.0383438856162249 0.0459993783581215 -0.408707929650768 0.566607498753601
-0.0420293878789031 0.03821049461839 0.0569631315219707 0.0450925693534316
-0.00391616772807736 0.0654231116608328 0.250692954675535 -0.635453475943523
0.0344647688546014 0.00346611556696837 -0.564811710034366 -0.7444209021457
0.0149937217440907 -0.0366300772384124 -0.850299779020045 0.208214847563206
-0.018161319267645 -0.0050917406651805 -0.0889306067409403 0.67820542656373
0.00202747525230006 0.0291905609446873 0.3459287723024 0.278012733904036
0.0258688773294145 0.0106855635286341 0.205398972968128 -0.0847367826770384
0.015664293650644 0.00753488453466378 -0.0540495263340633 -0.213341279497609
0.0148571457859995 0.0296801081907417 0.0623929639409115 0.153538066420706
0.0254284355727782 0.0194677088270666 -0.15292057112909 0.0242417130742564
0.024579462853488 0.0190744429811856 -0.233652638569033 -0.36107709899583
0.0192376365084278 -0.00792307343892575 0.280408336872638 -0.523677697320272
0.0700713076701761 -0.00601016536137041 0.810950952473569 0.0888185198520989
0.0206576705685175 0.0534290270728422 0.341496498072618 0.898339050777248
-0.0329198781912946 0.0617009552783305 -0.35591529289489 0.602134488815481
-0.0508114101882954 0.0523683855947437 0.0416267447939754 0.0679821724594407
-0.00772529538834811 0.077977788233656 0.307707354127666 -0.606671788318966
0.0402233817357675 0.0111268059551117 -0.470304882711151 -0.825286713610023
0.0212031255305283 -0.0334247904927525 -0.880549594719751 0.0877854205064569
-0.0151104947129524 -0.0035065261385324 -0.172700664670327 0.664854616304694
0.00406832477851891 0.0323492059788922 0.319499383855196 0.320902689729974
0.0299907674350712 0.0139248342739088 0.210613589559935 -0.054693635905485
0.0183716964601132 0.0101420407790634 -0.0571479981909913 -0.205329972570041
-0.0143713564378372 0.00521186974955951 0.0578045282742341 0.149256048940812
-0.0323357990179462 -0.00933613549853466 -0.157441398381952 0.0465256586657868
-0.0403548872593524 -0.0415599692360267 -0.271465098211638 -0.335919343231958
-0.0139550401076419 -0.0616148938225952 0.217760098360795 -0.563196481609794
0.0341830433267076 -0.00457111262564236 0.807212226727594 -0.0312433651356352
-0.0338406046765353 0.0220251693682194 0.457206232564214 0.823454464029247
-0.0180714692315647 -0.0586180321826675 -0.287663985095952 0.637857457855022
0.0245847914662336 -0.0666105664804771 0.0256904455861359 0.100724469331208
-0.00994341914621955 -0.0332028509385395 0.366701383749947 -0.555949920619084
-0.0247554979989596 -0.00768750150444636 -0.351791884638896 -0.884965561596841
-0.00467798677201867 -0.0251560274881199 -0.885506177590226 -0.0282924362064832
-0.0424963927372764 -0.0573290292150343 -0.258081659857438 0.655730202567724
-0.0556401648233348 -0.0251259782031781 0.298193248622674 0.357631015751834
-0.0195026930206424 -0.0150136348942553 0.218805256844967 -0.0260275231107297
-0.00256127270705064 -0.0159951783493692 -0.0639060724481402 -0.195122407722565
-0.0141697078468922 0.00649901450059696 0.0647095206900705 0.141020012810897
-0.0312823736603963 -0.010515586765901 -0.15734671148544 0.0159225318991885
-0.0321694347318795 -0.042881617683668 -0.231918370275272 -0.370199830321091
-0.00246614688177041 -0.0597498338650887 0.293095026037023 -0.525344911672799
0.0390784134940775 -1.81136406100305E-05 0.808466546326086 0.105918368364684
-0.0352498379370859 0.017620210342239 0.332671615480025 0.900689923799303
-0.0147482749057023 -0.0575426838097272 -0.355002890165251 0.601624176639177
0.0199772044320354 -0.061330520966092 0.0444755823806712 0.0736834330509066
-0.0146356702300993 -0.0245932886528752 0.304237188508449 -0.598216100689666
-0.021126281032702 -0.00472992729399067 -0.478017827456486 -0.802597323384572
-0.00537541790392006 -0.028834801569983 -0.86712639334527 0.115380788738444
-0.0465619111877547 -0.050161309782086 -0.161659341676136 0.679834832240244
-0.0520071855820485 -0.0136857850813808 0.333300799379995 0.312048065682542
-0.0153927922979536 -0.0102821731860712 0.21397219677861 -0.0596399117606419
-0.00224647432760947 -0.0130434291765273 -0.0596951585801218 -0.203408790355326
-0.0108936683096725 0.010357889953298 0.0698803941545774 0.135216426104666
-0.0259794641839238 -0.00858262031009002 -0.155061877129943 -0.00910742088895678
-0.0205545071549055 -0.0370912182301864 -0.19538763569387 -0.396846513464109
0.00937103501961209 -0.0524462563186163 0.3499481434298 -0.481082803498651
0.0450697007181276 0.00448969674658954 0.792333696617913 0.21989152028968
-0.0331040695042651 0.0169811856082499 0.215481144871945 0.950751110047178
-0.0155155463694455 -0.0455987922222133 -0.407928085710105 0.567127846700091
0.0108565470802787 -0.0475242334539134 0.0586130201794627 0.0498140808888292
-0.0157486421105202 -0.00924596218606093 0.246142342542008 -0.626674200220481
-0.0129151790809776 -0.00273433254880436 -0.56631885052785 -0.725835861613901
-0.00438801968036965 -0.0320865269731112 -0.834594237041338 0.227974040302706
-0.0458018525168411 -0.0400268248924641 -0.0812856450081039 0.68878647994662
-0.0429619600950347 -0.00224435808550095 0.354548654199826 0.269437007533512
-0.00811482601771216 -0.00485091124152479 0.207464233823625 -0.0868060371801135
0.000184326898833818 -0.00935181529244801 -0.0557335343824539 -0.211486947643305
-0.00644861864684522 0.014960424056052 0.0721097093008725 0.132415493328148
-0.0165711042666939 -0.0041812560602316 -0.152405275148607 -0.0247035658722776
-0.00869958589382008 -0.0254840516713826 -0.170187157871831 -0.408575077645749
0.0173005288365974 -0.0406822263028244 0.382708399687353 -0.447008104384622
0.0507621153718856 0.00756213236491883 0.768794909744521 0.296858492807144
-0.0259082882577 0.0216047837228424 0.135837599199014 0.978489587581819
-0.0199273811092682 -0.0275345223363665 -0.439646925587031 0.540962447566479
-0.00124232434653757 -0.0277379873161096 0.0693317700533835 0.0328979792017088
-0.0131139357749279 0.00844252145000054 0.208895699468245 -0.641775067541786
-0.00118122991878972 -0.00268711902140694 -0.623351122784519 -0.670416420126259
-0.00217433316388325 -0.0343933588292553 -0.80842419310784 0.296596175397213
-0.040384717865447 -0.0291737088159862 -0.0288486144846813 0.687082194805539
-0.0310068792130635 0.00810925829198085 0.366731386593406 0.243795658953648
0.000998839657880999 -0.000674095991397099 0.202003322789761 -0.105873863376288
0.00289946594900956 -0.00398943200041986 -0.0524687557951851 -0.216934573601541
6.89522323140826E-05 0.0195569074578014 0.073665265789249 0.13220030562442
-0.00519552267524781 0.00280480050781892 -0.151244059230502 -0.0280188474499874
0.00142354676279224 -0.0117965627812514 -0.161134351121978 -0.411606243945441
0.0211140518515554 -0.0302364667350356 0.392304938627039 -0.435785497094557
0.0578420938394019 0.00806291179667992 0.761460518651277 0.319557155255689
-0.017881285237181 0.0306360944024219 0.105905419728716 0.984038721348362
-0.0282590877386135 -0.00295237641160941 -0.449180234071821 0.530825719710505
-0.0150356819667808 -0.00490183160716498 0.0716927218886766 0.0265178062212117
-0.00847957493674011 0.0277219999422755 0.193688993995702 -0.646611998584649
0.0117720987513011 -0.00347747666757577 -0.639279133131812 -0.655434383319734
0.00241550050676161 -0.0362639160523517 -0.798616532899682 0.313700161362192
-0.031799562626266 -0.0187112447152466 -0.0114201330629201 0.680632688796876
-0.0177379781639231 0.0163011229005598 0.368811609253518 0.233457442941834
0.0102786306236313 0.0032618011980583 0.1991313356891 -0.1108655511565
0.00693167349525193 -2.10239728181023E-05 -0.0503785826465783 -0.217031609364132
0.00599640697680315 0.024947461128916 0.0715210191445167 0.136782239223036
0.00655383413576798 0.0105559054133403 -0.150822212144005 -0.0210062597890127
0.0103452956171726 0.00253931750001711 -0.171952656207206 -0.404956622168723
0.022262082494663 -0.0198798057672092 0.377235176411181 -0.448096710643006
0.0643285030403304 0.00610975980960559 0.769425730384776 0.289188867868902
-0.00668533041861342 0.0403997523405968 0.137545727666632 0.971523238685592
-0.0361073999336708 0.0226703775388 -0.439297353759339 0.5376047661958
-0.029762820507086 0.0183490481683125 0.0677200766042949 0.0308265516974089
-0.00428894184060281 0.0474051675910889 0.210421019051815 -0.645042357112119
0.0242917814492499 -0.000865106051653304 -0.618354686975511 -0.679668845915117
0.00847328413485736 -0.0368572289197379 -0.814091542554491 0.283723582061099
-0.0234044672791031 -0.0112860613158418 -0.0328088406027533 0.679478471745188
-0.00653016790917251 0.0223262857124779 0.360653816061797 0.248027537747277
0.0190921910341107 0.00659760271069739 0.198838354501309 -0.1034077402028
0.0103521201966823 0.00397924367994621 -0.0502026425536312 -0.215453541020237
0.0114711258229445 0.0278234229756337 0.0666417299297129 0.144354517709495
0.0164088755418175 0.0165300657847124 -0.151025739641013 -0.00292361704723298
0.018057501571744 0.0130222079803836 -0.196616974876306 -0.387731347051452
0.0215111586531123 -0.0114330568827231 0.337982594247472 -0.478569636308165
0.0690565009460547 -5.02248146609062E-05 0.789697310752919 0.207996670645404
0.00723674774451468 0.049182878746448 0.221676933352033 0.944173021529523
-0.0370348522977874 0.0452642081394713 -0.404836061829393 0.563491124594578
-0.0423399300535749 0.0388797419432028 0.0568286895419053 0.0447610303485104
-0.00381550440279391 0.0650593412302333 0.248918958914153 -0.628389237190252
0.0351117392267215 0.00438014373244787 -0.561351228219395 -0.738451711052734
0.0144632978716957 -0.0365442370707218 -0.842574272076624 0.208107315260064
-0.0175612896669693 -0.00578634640144949 -0.0882673273775785 0.674274647203498
0.00127548400578799 0.0288328956463183 0.343914050803101 0.2751906646212
0.025623175142503 0.0110598487867454 0.202946975648073 -0.0842585346496064
0.0151641086893714 0.00739695023840814 -0.0529917914829502 -0.211922696617034
0.0155516181600904 0.0300589523540624 0.0608875105982844 0.151636792230376
0.0234539293812916 0.0180654421528025 -0.152121259077198 0.0234802935603247
0.0241843978802696 0.0178329577529865 -0.232060093182426 -0.358720169021642
0.0198478503821516 -0.007633456859305 0.276272302149029 -0.519056106463679
0.0696750240069818 -0.00600757967404069 0.803900375354621 0.088287507787027
0.0213147034569789 0.0526383369974786 0.338461457059913 0.88933360595954
-0.0315051483517217 0.0609605618359062 -0.354622325023465 0.597192547346486
-0.0503253903939716 0.0516519094756109 0.040769468108767 0.0678517138945512
-0.00715364941409016 0.0788315134571579 0.30529317026912 -0.601550072590146
0.0404184884672665 0.0116464861005209 -0.469052218327396 -0.818590582362027
0.0214645527321514 -0.0338029208717183 -0.876245509850701 0.0883657288783994
-0.0156466014304528 -0.0034127722660981 -0.169500580221575 0.660773135828944
0.00435646517884654 0.0326386377609147 0.31725818582275 0.319146743463182
0.0285968086280178 0.013954261511099 0.20909768774251 -0.0549349929465233
0.0172101641623712 0.0102994979319715 -0.0562490825884163 -0.204099670979999
-0.0148989116571446 0.00531717750752232 0.0558856997711954 0.148075836543213
-0.03303308878019 -0.00958780903707217 -0.155893790472017 0.0470935324458475
-0.039132649323018 -0.0421019730757927 -0.268878097270242 -0.332148928944055
-0.014133166782999 -0.0610531871205993 0.21483173553081 -0.559595487232953
0.0344059519309419 -0.00471862370727183 0.800104856351854 -0.0322955705451094
-0.0328235121019647 0.0223285246988991 0.455516966779153 0.817347940621139
-0.0177980956930072 -0.0582472623179242 -0.286648517236373 0.634228986211866
0.0245874241264924 -0.0663798190867231 0.0255369031931235 0.101443765881815
-0.00944356638074037 -0.0327337872400088 0.364149943534693 -0.552967108199314
-0.025327172320762 -0.00581839304947214 -0.34717338006154 -0.87777529783168
-0.00398308221221054 -0.0249299418268912 -0.87983664135957 -0.0299339188979441
-0.0425899638391647 -0.0571347778616966 -0.257723974785999 0.65263028587063
-0.055352885262167 -0.0250414061135471 0.295765753554398 0.356623258194793
-0.0200823601143015 -0.015439891973098 0.21818028489541 -0.0249189096789293
-0.00345244004521981 -0.0157315145490476 -0.0626950352493032 -0.193348414184877
-0.0140765360215789 0.00648321032049629 0.0635405414258222 0.14036543333223
-0.0315287260041181 -0.0107258168842639 -0.155963948539556 0.0147811298772162
-0.0320134153575529 -0.0431179936452834 -0.231514216410828 -0.368154268534462
-0.00249593050709358 -0.0591307209984486 0.290377638640271 -0.520859496308592
0.0389210848123534 0.00011059019108246 0.803803950763254 0.103265797135598
-0.0351113144630215 0.0172544657328827 0.330999030077926 0.894846672426243
-0.0145014737687816 -0.0572309231628082 -0.352962187546448 0.598337506720259
0.0198703488524408 -0.0607654501099613 0.0436621678114177 0.0730805193509443
-0.0140939072142508 -0.0243447063586392 0.303207447271837 -0.594015540185761
-0.0216769566107156 -0.00404568269362916 -0.472779413506706 -0.798306602796527
-0.00544562474461371 -0.0286227495885943 -0.859576127457564 0.115056030538281
-0.0455236337153488 -0.0502166689222922 -0.160434202427174 0.676432538948246
-0.0515904736271683 -0.0144251982604535 0.331308757882081 0.309709770435069
-0.0153953880952883 -0.0108766880266832 0.21313443247325 -0.0592373122761549
-0.00333001031633671 -0.0121872128210273 -0.0595760785299085 -0.202790021453125
-0.0110989844233184 0.0100286486268394 0.0682951471354488 0.133593023452406
-0.0247801931207116 -0.00954701659885374 -0.153461874741088 -0.00888985098225023
-0.0202466312838642 -0.036675827392727 -0.194673108187714 -0.393841856683318
0.00955990064982196 -0.0513719575688901 0.34583645392604 -0.476859866215317
0.0451683039030329 0.0045811034955917 0.784384461556036 0.219687226604716
-0.0323035467530451 0.0165158757883397 0.215210384080952 0.941927302937665
-0.0138489235763568 -0.0453593862039263 -0.403479501321433 0.564773407822827
0.0108760246300626 -0.0469261850620507 0.0581545713440241 0.0491272822366562
-0.0156987826994922 -0.00930873348492043 0.245653944381747 -0.622022810720359
-0.0123360032604885 -0.00339834386680576 -0.56300507464461 -0.723678497353007
-0.00464085334886839 -0.0318757712630692 -0.828885823095414 0.226152379250195
-0.0448188494412058 -0.0394967576976284 -0.0804351465793069 0.685239694418403
-0.042448107648315 -0.00233010147551717 0.352982500301741 0.268590011493332
-0.00924899399535498 -0.00596812954525875 0.205796907130274 -0.0865549002996375
-0.000790156220450615 -0.00847170401755582 -0.0548791358400495 -0.209575800155808
-0.00615529486917772 0.0148440608746613 0.0709658082246397 0.131351481467032
-0.0157640013191586 -0.0037500726297315 -0.152243917567058 -0.0237328516544345
-0.00882870473477185 -0.0252854639011378 -0.169553711930189 -0.405981322725049
0.0170664962849319 -0.0414286710153826 0.379744522648439 -0.444945770367689
0.0513722659129674 0.00651148996265273 0.763352058303736 0.295815803557382
-0.0261385067110505 0.0216615638695213 0.133461432146646 0.969420747252948
-0.0189074572760566 -0.0280623872591387 -0.43579720682563 0.537872527049217
-0.000175456898103836 -0.0281421502916347 0.068291923753364 0.0329821542201855
-0.0124646936177213 0.0083987501709303 0.207961742162274 -0.637626767108889
-0.000852116540348738 -0.00296745095124468 -0.617958815297522 -0.668098592938239
-0.00254983658999041 -0.0351389506824954 -0.803568100833411 0.296046267238306
-0.0399407436719095 -0.0288280527411886 -0.0279774800829939 0.681629060796982
-0.0310026277026203 0.00737579695218582 0.363525007609246 0.242238989474735
-5.26676760126479E-05 -0.000863027296759515 0.201405043715407 -0.104591127930841
0.00214404876949706 -0.00518456567787583 -0.0516595941430805 -0.214492035692038
9.86499722307743E-05 0.0200871260992398 0.0720939917748411 0.132260850500576
-0.00512805207260975 0.00317948195696606 -0.149136383955506 -0.0284314331191638
0.00169063242047811 -0.0117764998155362 -0.160128857145745 -0.409333113738321
0.0211509764060542 -0.0300076835407156 0.389032612077831 -0.43294916363081
0.0575718396123094 0.0075728822478155 0.755936205676547 0.317765724273038
-0.0181910546201258 0.0303861204911793 0.104292893403341 0.975385542835466
-0.0286493264889066 -0.00308351341021569 -0.447479612682911 0.526347029500719
-0.0156463465403743 -0.00457284972987577 0.0714141801528688 0.0266834050690254
-0.00761017486268239 0.0279311696407217 0.192552224039183 -0.643217485809454
0.0114861834523744 -0.00267932976238552 -0.635012519298274 -0.651673464186894
0.00257508799951532 -0.0363413265720898 -0.793895865935674 0.313634829826254
-0.0313236818312977 -0.0184885922833454 -0.0122253687379913 0.677184989466505
-0.0176602764919276 0.0160612265380691 0.365187069346447 0.233118548565823
0.00919406965710233 0.00283632678908462 0.197439713371416 -0.109974954326576
0.00597191327246306 -0.00023511160468693 -0.0500612374677208 -0.216412145149622
0.00594855950546154 0.0244236732382287 0.069330625805268 0.135446482679496
0.00562776917925468 0.0103660857329315 -0.149742836941316 -0.0216549722477845
0.0108591540932569 0.00203609862461191 -0.170347596485301 -0.401753613014132
0.0215616022758061 -0.0190155506989531 0.374158713276055 -0.444575291435505
0.063693677212261 0.00560623445843933 0.764213440063015 0.288059547740338
-0.00656668410648137 0.0401506236169399 0.137315652766821 0.964211572595329
-0.0359305505402965 0.0228687600840862 -0.435703648401899 0.534114000380813
-0.0297439547688972 0.0180095500841234 0.0672700791534355 0.030290617502977
-0.00309641070599469 0.0476204672424317 0.207062703545793 -0.639321601476969
0.023634222244763 -0.00117571342001533 -0.614391973013519 -0.67679615000813
0.00765893580758032 -0.0366829965935196 -0.808607217927294 0.28217348212643
-0.0235354018870302 -0.0113120318615513 -0.031591353954426 0.673034511256938
-0.00580476215337523 0.0227677398225034 0.357128167923983 0.245450865881437
0.0175628281997151 0.00657012365567542 0.198255012077101 -0.102504146747369
0.0104958679555044 0.00500192519219279 -0.0494277593270284 -0.215191183495735
0.0116897441879383 0.0283163590212839 0.0657899560241893 0.143285649480361
0.0164160105592015 0.0159175071819746 -0.150349348690117 -0.00319385722148434
0.0183063056729448 0.0131270070072876 -0.196741883100894 -0.386396604321965
0.0208967657364047 -0.0118672645987738 0.335084159645944 -0.47487805393137
0.0687078265631008 0.00044801390715626 0.783022057527682 0.207694517317992
0.00670590169844896 0.0487116657261368 0.220645452094595 0.93791177480723
-0.0376544690582439 0.0447495124263484 -0.40241410592063 0.557169984329441
-0.0417740634249833 0.0375904577581995 0.0559451464560439 0.0442773781509453
-0.00270323008160023 0.0651960464833159 0.247799270331402 -0.624736135663721
0.0341251382042413 0.00440207410125755 -0.557391860240059 -0.735114475142503
0.0146727598729162 -0.0361150306435609 -0.837239730730649 0.205507576711513
-0.0169923375137563 -0.00547041730458682 -0.0854484245833173 0.669762367128035
0.00191225740854106 0.0279064397893203 0.342479625184908 0.274302165659878
0.0238678192006393 0.0100865312415506 0.202593574022256 -0.0831112763645393
0.0146411744118459 0.00839865838659849 -0.0530098471955384 -0.210311575290892
0.0154777224627508 0.0297073856112116 0.0600750390210015 0.151587335167229
0.0238615605352448 0.0182552947317501 -0.149599373620051 0.0235881813106929
0.0241966152527069 0.0176779834372464 -0.231243096577954 -0.357281031795625
0.0193101754186073 -0.00786513216728373 0.275601203334621 -0.514121564248333
0.069726740699558 -0.00682781877617481 0.798629785193317 0.0876847508673376
0.0199989724487937 0.0525151561243762 0.336550058454899 0.88239456709707
-0.0324285237962224 0.060168821716977 -0.351063001367241 0.592020532095907
-0.0497771311951868 0.0504216797292375 0.0409680059184334 0.0676411574914096
-0.00616387032563033 0.0783806237560266 0.304272807146025 -0.596366506629192
0.0398504318784642 0.0121896850966617 -0.464990614845236 -0.81527750119997
0.0203887049460553 -0.0331726033668055 -0.869272762277603 0.0868743355304749
-0.0148738676083591 -0.0028695075901518 -0.167790130493338 0.658158859380233
0.00338143959724413 0.0313499325335945 0.317357719958735 0.319838001632786
0.0272849293791354 0.01371346420666 0.20777730629061 -0.0541308497158489
0.0167100551857798 0.0103057086212064 -0.0557198451335043 -0.202530282726929
-0.0140943074738944 0.00496548268674186 0.0549311070585253 0.148058640587572
-0.0329927267795798 -0.00970847403631903 -0.154760862332183 0.0453603324349864
-0.039473309306486 -0.0418039007360239 -0.269123958095132 -0.330667506156429
-0.0136980117386253 -0.0613955344837711 0.211810698253005 -0.555536788493729
0.0346043578232663 -0.00482058941877239 0.797149170329022 -0.0316406419698442
-0.0333390243431763 0.0217805761929718 0.452129380916292 0.812621149423721
-0.0166007551898438 -0.0584483245961837 -0.286326893346891 0.629748840416962
0.0252879030726636 -0.0667830355234183 0.0257104640899796 0.10097916749906
-0.0090981073561798 -0.0327557279455576 0.363990798218785 -0.547605896429684
-0.0258191179973927 -0.00638982886375894 -0.344416550796051 -0.875513538012205
-0.0043603295297252 -0.025481006575185 -0.876656404928587 -0.0315323200369202
-0.04259364411337 -0.0570755119850429 -0.256356024466883 0.650365413410079
-0.0548368055417535 -0.0247091317529166 0.293712932162371 0.355996440000965
-0.0205221230285392 -0.0158425331380891 0.218388434872717 -0.0248010693922604
-0.00351969102935195 -0.0150507120417879 -0.062366495840729 -0.192525697771833
-0.0141100837569242 0.00720519835652622 0.0614559152488827 0.139801562338512
-0.0314872500507078 -0.0113577311039668 -0.155441541452464 0.0150466346152876
-0.0313392973234926 -0.04251712493442 -0.22961382578114 -0.367500926587114
-0.00239734284948793 -0.0582285436582511 0.287505866854759 -0.519451699761957
0.0396412785758797 -0.000341983223885647 0.798464089780317 0.104127889238484
-0.0346233275806161 0.0169204101806618 0.328227008779827 0.891503440283416
-0.0136464927709193 -0.0572465199384595 -0.351219399159908 0.596013764031838
0.0203358886985513 -0.0614023939537969 0.043241853672929 0.0724823368147767
-0.0131655127181636 -0.0234465328940997 0.301045759347346 -0.589531876421038
-0.0215908638277437 -0.00409787433654641 -0.469256899818469 -0.79648118151079
-0.00607124731157092 -0.0282196493671122 -0.855989223580588 0.114937717825053
-0.0449470967324833 -0.0502519720514368 -0.158898342926368 0.67626121956869
-0.0514323757992978 -0.0145324578477566 0.330057980902684 0.311675424289881
-0.017157437912783 -0.0108577602605236 0.212809952650001 -0.0583975833009136
-0.00324112022239252 -0.0117981792790285 -0.0577108185862215 -0.201672722243228
-0.0107975034297317 0.010227464564511 0.0666340106954822 0.133888424232673
-0.0254876902265267 -0.00961184582311214 -0.152573275107391 -0.00895371901665871
-0.0200243929533731 -0.0366128945096702 -0.191789283101848 -0.392845294845629
0.0101569420273226 -0.0514397947486456 0.345459130016167 -0.475749544621505
0.0449537960547098 0.0042135353602226 0.782704093999614 0.221787123338393
-0.0320085205382262 0.0166907686195597 0.212532411218083 0.939644677584917
-0.0147026805648588 -0.0465507535758792 -0.404258369980743 0.560907498831718
0.0112621810524916 -0.0472294016019691 0.0577103707743505 0.0496437136842209
-0.0153873349013795 -0.00853992932724327 0.246288469586967 -0.618938641043681
-0.0132600610113858 -0.00324288266215745 -0.560220941698476 -0.720846876045836
-0.00521991949341928 -0.0315562008953331 -0.82792243167872 0.224612041827236
-0.0447064478939225 -0.038977952197402 -0.0784544717467198 0.683181523435498
-0.0424989670405002 -0.00270205071434168 0.351351095344592 0.26916163875244
-0.0100043147850357 -0.00563592728653525 0.206081731778668 -0.0860704231916784
-0.00139648540647747 -0.0087091467753833 -0.0545780094681803 -0.209945299277345
-0.00572142479696327 0.0148164219079272 0.0692744398728743 0.130922356493375
-0.0157934058692061 -0.0047346779069774 -0.151490069716264 -0.0241446758955481
-0.00864759278670254 -0.0257166863616696 -0.166627166488973 -0.405328011666239
0.0168772031278422 -0.0407069611023901 0.378339190228796 -0.444259905007376
0.0506006475482908 0.00664116095692242 0.760686331943723 0.296490671703708
-0.026540627967051 0.0210680244763433 0.130451480737504 0.966028594044319
-0.0196638687355489 -0.0269157972505119 -0.435878834618807 0.533389557482149
-0.00126225468570337 -0.0282092157981977 0.0681335116463577 0.0329970441374024
-0.0126834923827113 0.00906274375333618 0.208487152085104 -0.633625977507133
-0.00129152354076976 -0.00248558525597794 -0.612889342372244 -0.66674583780521
-0.00209632946502371 -0.0346361182389572 -0.801733420938248 0.295206608610734
-0.0388468536482912 -0.0281547248139976 -0.0290858798269902 0.680431638876351
-0.0304514507296297 0.00722147794094378 0.362626586014381 0.242387434838729
-0.00181093300694242 -0.00107639934492943 0.200198273203815 -0.103514923904702
0.00200545014691617 -0.00422676335757141 -0.0509919779637112 -0.214542386233629
-0.000812394812932351 0.019719135944331 0.0703027692834345 0.131373326365579
-0.00515416217886563 0.00241068311793986 -0.148743282017988 -0.0283942513598276
0.0016945263881641 -0.0118814025971078 -0.160014249466174 -0.407652100646484
0.0212621538409028 -0.0290085833805699 0.387635551625147 -0.429887139457237
0.0579232825045249 0.00717371586009561 0.75310748607776 0.319683893829049
-0.0174806066176956 0.029965124476712 0.101336708492875 0.971428839785452
-0.0280018237925098 -0.00318935329499631 -0.445513098360265 0.524272001420168
-0.0153350864308614 -0.00527442263609702 0.0713258895103358 0.0268936813460837
-0.00680992897947025 0.0290479585551564 0.193847412214718 -0.639795953413263
0.0116201880017675 -0.00204584536827609 -0.62928040242187 -0.649732608168846
0.00233584595181291 -0.0358422759747587 -0.79138619283979 0.310983899379208
-0.0312180541689525 -0.0185334918945595 -0.0106832535258763 0.674120795217305
-0.0176661935851595 0.0154222690148272 0.363495084932415 0.234159470137841
0.00896522058331142 0.00214870102067752 0.197240117887686 -0.109366241904645
0.00554112626913861 0.000441603041691272 -0.0493016549978121 -0.21538086905802
0.00634367206577076 0.0246718448978537 0.0688963948002686 0.135537616760139
0.00573892192667028 0.0101243683813316 -0.14863136358765 -0.0210259100879587
0.0107841822891733 0.00131674035633662 -0.168286250333302 -0.400848018123298
0.0224774092646492 -0.0190977992816065 0.37308995514429 -0.441749941622379
0.063742241683318 0.00497447119357616 0.760586944210801 0.288322607537015
-0.00681189363758453 0.0406232651397681 0.135128068806543 0.959678452921295
-0.0348288828975637 0.0217718353322576 -0.435668673752967 0.532600963115207
-0.0298005492578906 0.0168954233607368 0.0674429155548397 0.0316752824413405
-0.00340158370967918 0.0481304168060662 0.209705959942485 -0.635449657618811
0.0236960291920254 -0.000296719162629851 -0.608579121091297 -0.67484419355348
0.00765590252408545 -0.0363250956729673 -0.804747802210992 0.280280873250556
-0.023759113988138 -0.0113129524606537 -0.0311343975696065 0.672463011288964
-0.00604494135473392 0.0217954148661566 0.35646744117456 0.245438221293352
0.0162810827267707 0.00634914787910952 0.198523440175309 -0.102063160880715
0.0110125414091623 0.00502569058930036 -0.0493165249767364 -0.215408497396884
0.0123055233543757 0.0287043805242795 0.0647369595839986 0.142446850525265
0.0162889577014951 0.0149419707879855 -0.149653596912536 -0.00437673780390014
0.0189258064936773 0.0128761949076056 -0.195662358501718 -0.383899474350785
0.0219740687762785 -0.0114944156433843 0.333914900853964 -0.471405794060161
0.0680074802923313 0.00034159424566918 0.779146720040521 0.208709992280029
0.00690332603253429 0.0484311759202873 0.218341786184153 0.932028517124214
-0.0368590215614693 0.0442495197619209 -0.402998935007278 0.555582279964946
-0.0415121091993128 0.0371299762082352 0.0568206000726677 0.0455204298534543
-0.00239325845202005 0.0648463573943336 0.247485504503606 -0.621938681157143
0.0334793127775645 0.00419442810280301 -0.553335694951687 -0.730805175501898
0.0140120454720219 -0.0348853768667431 -0.834304683729649 0.203580048014463
-0.0172218576628082 -0.00535581861820197 -0.0848382028548347 0.667542908645964
0.00172410598507463 0.0281010951715466 0.341199009578157 0.276310725449572
0.0226476584493108 0.00958611092366244 0.20264511174369 -0.0821329711966394
0.0140275423768186 0.00867182952154084 -0.0516621442421757 -0.210212955101386
0.0152901146471975 0.02916154579087 0.0594531270828147 0.150815205560696
0.0229177665095963 0.0179708141800513 -0.149566633634717 0.0217531035987643
0.0237636850693577 0.0171453330608171 -0.229414930063693 -0.355636355739673
0.0194803624661085 -0.00766095626023329 0.274056171649831 -0.514019341930189
0.0698299771742322 -0.00648480223960287 0.795738145623276 0.0894473064955111
0.0196432730868367 0.0519030335129906 0.333648557205299 0.878494769431322
-0.0326128544520699 0.059772793811331 -0.350667727127145 0.589677338136554
-0.049625491515224 0.0494687821041282 0.0398263043622607 0.0675411678780456
-0.00636588878803695 0.0778727337033693 0.30477383174555 -0.594150290965372
0.039884304902004 0.0123865982647857 -0.460654073671166 -0.813443086154437
0.0201548133873849 -0.0321260746757613 -0.866420503248845 0.0849551208409614
-0.0148280603402288 -0.00304335624254042 -0.166360466591409 0.655052203327654
0.00391445073308105 0.0313405694184585 0.314946610003915 0.317908658759407
0.0258200764605322 0.013475074085408 0.207960538731092 -0.0540685953977666
0.0162690826841248 0.011305991344499 -0.0549246771509746 -0.201760214381591
-0.0145741521275961 0.00534560553469654 0.0545752169242888 0.14772495210626
-0.0325044071910016 -0.0104232967096937 -0.153821176981663 0.0444216079570146
-0.0386555407895337 -0.0419442208523073 -0.266870317042196 -0.330951949333845
-0.0133797330461052 -0.0597711741554001 0.212010163923543 -0.555232039884174
0.0348053658257744 -0.00532301266251812 0.7933473231479 -0.0282881112548357
-0.0334310628694678 0.0210014674565981 0.44959500097393 0.813245341237771
-0.0174323166379427 -0.0575624649867369 -0.286877678318915 0.627889107614521
0.024590632544118 -0.0667391666466848 0.0247038999329388 0.100614683719851
-0.00816641358529782 -0.0319297901871009 0.363816846652021 -0.545859088614314
-0.0255719958183574 -0.00560998683480099 -0.341161829236366 -0.874861687296436
-0.00471803044400052 -0.0250323151578736 -0.874583026163151 -0.0334319689115219
-0.0417906581087848 -0.0572774554611142 -0.255734126465049 0.65020101391753
-0.0545697147274042 -0.0251270889533926 0.293569115611191 0.354667800664526
-0.0212543429096803 -0.0168269518859807 0.217406246816513 -0.0238664456121067
-0.00440654129805896 -0.0147586439030683 -0.0616377660437785 -0.19270257690121
-0.0137516626600884 0.00660546584440336 0.0604020773114534 0.139955073106137
-0.0314306501489718 -0.0117550508809011 -0.154366197699676 0.0148178577453613
-0.030523814266441 -0.0428682175627473 -0.228975464146274 -0.366886264456801
-0.00161579903472516 -0.0581590898511519 0.287686555864608 -0.517176579244851
0.0393654883988797 -0.000259013024145063 0.796918529081223 0.10474018725646
-0.034587179401612 0.0170011888727881 0.326029011720973 0.887125762114801
-0.0134179692670763 -0.0578775184913245 -0.352225033663221 0.592995122333178
0.0204835120034594 -0.0617659662271868 0.0427122888494841 0.0725095426096039
-0.0128487220680239 -0.022822500749131 0.303474859906828 -0.587702133609145
-0.0216315735331914 -0.00384467353095259 -0.467146019900075 -0.794960193145775
-0.00581700685788384 -0.027679242959749 -0.855010325455019 0.111107456379249
-0.0457047853990292 -0.0494709461291139 -0.159750710208514 0.67247121043805
-0.0507959850548541 -0.014929379587843 0.32775036001258 0.310069351987881
-0.0179066778518207 -0.0117017855425717 0.212736052791658 -0.0574978945230995
-0.00364052730176097 -0.0116645068962413 -0.0575657947180497 -0.201384224066841
-0.0110809126931918 0.00988784473187043 0.0663138893193289 0.133587769202975
-0.0254054789482154 -0.0104022216096447 -0.152885740884517 -0.00898825770676612
-0.0196855795074891 -0.0376397175926537 -0.192111883884557 -0.391814549832306
0.00983650409029505 -0.0508293173071184 0.343072873649569 -0.473188569077506
0.0451108961084228 0.00458298000530625 0.778289028410627 0.221558918579796
-0.0328248360564263 0.0164832234073235 0.210524626160885 0.937378136334355
-0.0138479442515243 -0.0458409397644813 -0.404270845521964 0.557774689219181
0.0114026639357501 -0.0474641980998416 0.0581604174290019 0.0504264024042964
-0.014378061217829 -0.00835746076161153 0.247156393275706 -0.61489240558203
-0.0128544895776142 -0.00248002943536022 -0.556898261167749 -0.719859329204279
-0.00547720321129939 -0.0318144579295919 -0.826612143340748 0.223912456835617
-0.044089536413219 -0.039447690940099 -0.0798795301291128 0.679816984786747
-0.0425769389481942 -0.0032306696712713 0.349223980313452 0.26829922668866
-0.0108174395540922 -0.00652038589297345 0.205853100443993 -0.0848819594254007
-0.00132464576756287 -0.00849273413226733 -0.0533887022092936 -0.208771410286416
-0.00618801735288569 0.0147375232682399 0.0688293816908002 0.130621625221695
-0.0165271437856719 -0.00485995970770265 -0.149977856468424 -0.0244837819602841
-0.00847964790177071 -0.026326951704099 -0.167091489707648 -0.404961972499336
0.0176071914917645 -0.0404953569435002 0.377541424832112 -0.439028115180395
0.0511915370321766 0.00689603970622409 0.758566758543559 0.295823510294261
-0.027024641278836 0.0207114018346466 0.127960633124804 0.96260074811904
-0.0185038335977591 -0.0269858625725765 -0.435143222114153 0.531496685664621
-0.00134584342023627 -0.028247839900819 0.0675676239430806 0.0332762202179103
-0.0121332786225334 0.00954425936466243 0.209370160862047 -0.630164579123364
-0.00165898263272688 -0.00208414480740097 -0.611358748361255 -0.666253843445841
-0.00248241779882022 -0.0335516149928423 -0.798376266216628 0.291351503637318
-0.0386692162586109 -0.0288033772962061 -0.0280194677155161 0.679082504903338
-0.0312920680402358 0.00707525435314376 0.360891515936778 0.243018067575575
-0.00156829286015972 -0.00156346563396718 0.200038098292379 -0.102543999386589
0.00135099529895087 -0.00395430559075107 -0.0503572885272263 -0.213521980884112
0.000363503919080016 0.0194572115271783 0.0700854874537255 0.131709411672391
-0.00541758464183346 0.00107471503193349 -0.149484270292942 -0.0297524062152104
0.00181008274422118 -0.0115877353933077 -0.158451719711458 -0.406735092043959
0.0214490394047458 -0.0293731072135545 0.386660358142046 -0.42718098272051
0.0576305347432005 0.00663854494249926 0.749902612376922 0.318792459727117
-0.0177713735629384 0.0294755894324127 0.0994487904560889 0.967745949974241
-0.0277479857581002 -0.00342965138166748 -0.444867547443409 0.521268963635679
-0.015531883203187 -0.00597537814428098 0.0704990588576732 0.0271249986918879
-0.00663055142839098 0.0289423713341255 0.196436699731884 -0.638628182602319
0.0113104480849183 -0.00198115759552543 -0.626917168080546 -0.65015986583424
0.00193749552880132 -0.0353746714079304 -0.789568238798332 0.309390673543092
-0.0306003730794646 -0.0188928214533221 -0.01069975827811 0.674051013388735
-0.0179109360087874 0.015099919061053 0.363001189325928 0.234467398463812
0.00782062025391392 0.00284462396185433 0.197128474694633 -0.109097087907753
0.00582573771014236 0.000677828424740897 -0.048474069172435 -0.215466581372508
0.00660634502383736 0.0245362032184532 0.0677571709936789 0.135327477198111
0.00516317360343731 0.00933670153702169 -0.149220557549408 -0.0208508333671936
0.0111380187340707 0.00165322704539966 -0.168304821323791 -0.400539493683915
0.0228504754522178 -0.0188942765398568 0.372492523149468 -0.439983091913489
0.0636866344316736 0.00426843358669608 0.757175890385832 0.290341752295359
-0.0074966611098357 0.0399112616060718 0.132141777119412 0.956940665541475
-0.0347216409447327 0.0217575281307789 -0.434846808355771 0.528663003104202
-0.0298946174851681 0.017122064575209 0.0662179124508373 0.0305755221347068
-0.0025048681900948 0.0485478188129865 0.210372726196938 -0.633757515824988
0.0228917835909809 0.00033199829219787 -0.605999313960607 -0.673533011110695
0.00794592499639262 -0.0358722814662196 -0.804511914964513 0.277790499037016
-0.0226661440991606 -0.00998879911464029 -0.030185635885828 0.67004297426065
-0.00680007872216164 0.0217838155161297 0.356482469839976 0.247270195520589
0.0154455322522198 0.00662658502036268 0.198043013818008 -0.101583821555961
0.00974470757199741 0.0055120656123718 -0.0486352574114779 -0.214426869919199
0.0116763704015068 0.0277043960861049 0.0638871187319349 0.142057655077419
0.014923139077182 0.0150236212233797 -0.149114460013478 -0.00496794311382611
0.0187872252454026 0.0125598051808275 -0.193182122258688 -0.383523144586081
0.0216693120462848 -0.0114498364288148 0.333453153150195 -0.470106679208139
0.0677011550497869 -0.000603150158174783 0.775584314864824 0.20986504586
0.00639868840803685 0.0486863306979933 0.21689179771074 0.930999985937888
-0.036764915285077 0.0441584321682742 -0.401166085697052 0.553109086225908
-0.0413592086813283 0.0360366122865853 0.0562592747706811 0.0451530931059829
-0.00139453541984735 0.065631319954109 0.249455364715642 -0.618386978628733
0.0333713005123401 0.00505863142241999 -0.55169050256799 -0.732524378271827
0.0133505101264042 -0.0348747523566244 -0.832255770974608 0.201787079745754
-0.0172314637366265 -0.00608290801105272 -0.0855148403589617 0.667282644803437
0.00134329766540927 0.0270540938529475 0.339614762074429 0.276741510997145
0.0216738503670672 0.0100038568838661 0.201987733518081 -0.0824717735761343
0.0133420759366314 0.00889398630931683 -0.0503681875307304 -0.209275235643089
0.0154365159704276 0.0290653275692274 0.0581915769774242 0.151272214614088
0.0222472886075985 0.0172136890278119 -0.149263784968277 0.0218520111933441
0.0239072744112076 0.016830796986817 -0.228365498812801 -0.354728948296792
0.0194765738791917 -0.00770542321296242 0.273218966024798 -0.510704741043289
0.0691067735823193 -0.00701261963941215 0.793200305720528 0.0892484816453361
0.0200826285568169 0.0519305181361293 0.332987975762222 0.874542883810354
-0.0324385616117969 0.0585799099173685 -0.351793789200261 0.586670545087743
-0.0497437477185925 0.0493553437869792 0.039849302314466 0.0677620344696804
-0.00620112259416348 0.0783573921947426 0.305142128199974 -0.591456999846951
0.0389554483997431 0.0122926619097287 -0.455337205830213 -0.811773772748829
0.0196089764055524 -0.0320076001285084 -0.865591326135738 0.0829808110696154
-0.0145328741318336 -0.00333436804841061 -0.166588239457539 0.653106707637898
0.00301501860537173 0.0307142864543687 0.314611702921503 0.318908385289672
0.0252461622212499 0.0144949958465538 0.207346632420523 -0.0537863569445477
0.0168326756879841 0.0114881099178366 -0.0541263547914096 -0.200963116982305
-0.014283598661719 0.00538458736614359 0.0526574840536485 0.148014216619528
-0.0323617449289333 -0.0105611569062801 -0.153785285097709 0.0444485615977859
-0.0381736952173156 -0.0417167105808567 -0.265929670385949 -0.331406471289182
-0.0136993247634401 -0.0607017252037156 0.210873211397973 -0.553694685408139
0.0349788388601211 -0.00502353377194347 0.792683544074057 -0.0292045256398639
-0.0331205486986205 0.0204312948487818 0.449843046507485 0.811540875552582
-0.0170045268594088 -0.0585113894792405 -0.286222236961331 0.625839557045347
0.0254508116025467 -0.0665095595987317 0.0249910525780179 0.101110246390714
-0.00728261545483279 -0.0306437811495626 0.364500881565795 -0.544601515380221
-0.0259102152525397 -0.0061223291013534 -0.33882855196563 -0.874261432189344
-0.00490396420624537 -0.0242694767681586 -0.874374770449382 -0.0338171477575617
-0.0415841098917315 -0.0574190336940701 -0.257952393617789 0.64858760958257
-0.0547846176590411 -0.0254684576229867 0.291425642744767 0.35607258639664
-0.0217999766522737 -0.0165723240129524 0.217508097985391 -0.0238846957269424
-0.00404036958155501 -0.0144138357142654 -0.0609089077315688 -0.191986207431086
-0.0136360098327452 0.00680519533960552 0.0593078340683997 0.139795604263447
-0.0312311500222223 -0.0121682950953776 -0.153485247093359 0.014248299097549
-0.0303947363118021 -0.0429697682439841 -0.226686466651184 -0.367277935230701
-0.00175759400620683 -0.0576319206190223 0.286941466767685 -0.515115784527314
0.0396553746838495 -0.000594903634560391 0.792900439362543 0.105889095230703
-0.0351559328820509 0.0166439482477037 0.323039473018417 0.886851666780789
-0.0133269243472928 -0.0574383402910745 -0.352887982467873 0.591958072418541
0.0209220144253187 -0.0604471022271158 0.0428177844753565 0.0730485791757274
-0.0126672148800638 -0.0224983835370592 0.304192590251171 -0.584167714553352
-0.0226109400442337 -0.00352986708155283 -0.464539300315717 -0.796228571645889
-0.0062964461244608 -0.0277833634927572 -0.856299435730109 0.110434233593377
-0.0442239856915352 -0.0493248269869614 -0.159408644733751 0.672605652360869
-0.0513297182080661 -0.014496291622941 0.327176838381428 0.310948518813435
-0.0184931828686379 -0.0122255633692616 0.213034974628571 -0.0569246158181581
-0.00375980900307222 -0.0121495000210933 -0.057140556646474 -0.201225122140076
-0.0101168503197808 0.0100342161553826 0.0652915618972623 0.133503511263387
-0.0253626829171949 -0.0100863642422448 -0.152615429053103 -0.010258079723164
-0.0193694387515275 -0.0376636962979961 -0.191569169119666 -0.390584909747652
0.0103439087211855 -0.0504958851792516 0.343356204782911 -0.472311081668129
0.0445771337392231 0.00321510673428158 0.775743004876508 0.222673004102586
-0.032457045197081 0.0162488747864993 0.208540799176884 0.936416813428859
-0.0134170267350707 -0.0462292265232931 -0.404813972248912 0.557153656799407
0.0114164644800141 -0.0476844970753674 0.0578260635353525 0.0504800770278096
-0.0142735820323332 -0.00799450629483793 0.249096432707372 -0.614020354502694
-0.0130898338866096 -0.00226146576339028 -0.554520803357094 -0.721184857412651
-0.00587956515030489 -0.031524019060118 -0.825623662225217 0.221769817591207
-0.0433001655493837 -0.0392246857526793 -0.0804033763718944 0.680460399605567
-0.0422120846807893 -0.00365037652602613 0.350100870239747 0.269974976899165
-0.0119842414746927 -0.00655971474851885 0.206057047591123 -0.0846382273041711
-0.00231333616032628 -0.00797804064356846 -0.0522374342016957 -0.208616000611022
-0.00569269779203666 0.014726209196868 0.0678990916068978 0.130361557588581
-0.0163105760989591 -0.0053457579873884 -0.149997264853021 -0.0248159888522527
-0.00851617254437328 -0.0262908424619917 -0.165990638602731 -0.403784236653582
0.0181669927813235 -0.0398445782716021 0.377498008118796 -0.439360531039508
0.0510685250712882 0.00591012060029498 0.755639344896968 0.296942839500141
-0.0271180628309476 0.020411913932943 0.128712477505348 0.962356086259701
-0.0188820803358459 -0.0275116491302676 -0.435629294406127 0.530375601907074
-0.000667138370377226 -0.0285464427808182 0.0671278294512627 0.0339190179165679
-0.010507251772126 0.00985239138126353 0.209445108455344 -0.629469827360353
-0.00223084174117297 -0.00133923663433801 -0.60857984555968 -0.667416654595181
-0.00297153922502147 -0.0341307720832708 -0.799336363369963 0.290881746341101
-0.0381857224124209 -0.0287136201979638 -0.0297771095524674 0.678534027230845
-0.0308944009028348 0.00685102899712716 0.361718233412102 0.243553943602978
-0.00270662940608213 -0.00142669698031927 0.200720830409361 -0.102740851860402
0.000710575299438253 -0.00350759342473922 -0.0493984531659682 -0.213920142276312
0.000176467737709228 0.0197094469770437 0.0685856434804445 0.131966111066198
-0.00609918809824121 0.00197558628917102 -0.147767473212142 -0.0291740843790018
0.00212084969060481 -0.0124051227975229 -0.158162837065143 -0.406418717558797
0.0224288860666349 -0.0289891074298866 0.386709193972085 -0.425761277616652
0.0577357378219336 0.00625613006839034 0.749025716659511 0.31967585906292
-0.0183741307115571 0.0293270359909666 0.0998310316099114 0.966151467973691
-0.0271891158113501 -0.00356485822480794 -0.444784633488313 0.519935288703933
-0.0152719064643097 -0.00604006044570352 0.0710523147751692 0.027496906942363
-0.00649074066721091 0.0293245625817835 0.197383141005517 -0.636950386636396
0.0114044993631203 -0.00165141800174891 -0.624534521723755 -0.650474002854881
0.00199636625999525 -0.0353376412753483 -0.790025283612453 0.306943726926037
-0.0305243473045254 -0.0191411197238736 -0.0108982090570607 0.674218826079143
-0.0173830195253254 0.0143970003122922 0.361684483420459 0.235485030815339
0.00602398760311508 0.00277675332390846 0.197811408963581 -0.108326011329015
0.00507433672141923 0.00101834230044573 -0.0475912513763686 -0.215238535196685
0.00588058907865838 0.0241425338097828 0.0662634582373637 0.135964530554151
0.00524413142159582 0.00961050865447776 -0.148525175954137 -0.0215985315765907
0.0110360557264456 0.00195315850544142 -0.166626809439541 -0.39968652728958
0.0241188952657177 -0.0179350636252809 0.372394840434313 -0.437301088412576
0.0630258591113998 0.00392616194113568 0.756245797310864 0.291521339558257
-0.00775314103933588 0.0401611018632823 0.130416123858898 0.955095682990554
-0.0340448642538538 0.0213176692945013 -0.433092792255981 0.527085666648266
-0.0289990378631578 0.0155713336235143 0.0665051184022707 0.0319377082981027
-0.00198252752545229 0.0482823253161757 0.212052557567076 -0.632188562694186
0.0233850736239393 0.00052000813446618 -0.603790345087055 -0.674889272557876
0.00766909051568304 -0.0362505841865281 -0.80613117380875 0.274024301990999
-0.0223482007437221 -0.0112667499975553 -0.0324788185367917 0.669824366725415
-0.00652176706791191 0.021621468053704 0.35525070418458 0.247262285159932
0.0146646826501567 0.00652485851112877 0.198205107553751 -0.101558270244064
0.0095729597024886 0.00601805901286154 -0.0483909074706276 -0.214118015605792
0.0120307036605652 0.0281185042372567 0.0628029708382445 0.142104722123638
0.0152286999575952 0.0150624816702856 -0.148745207043709 -0.00381574335307694
0.018464336758028 0.0123039026067699 -0.193472907453803 -0.382691212789231
0.0224322098380389 -0.0109041683916717 0.33357585316057 -0.466805461172168
0.067739043006799 -0.00102335262468288 0.774225331866525 0.209210987754083
0.0059437070508777 0.0484160963629649 0.215418165903688 0.928804188405284
-0.0368095307240608 0.0438374413326314 -0.401907283724852 0.551556310742627
-0.0418472493757959 0.036070423383405 0.0556645237234302 0.045642694566844
-0.00198173846202105 0.0655462745280871 0.251907846765894 -0.618431036618848
0.03286225845842 0.00502521451105612 -0.547378082417467 -0.734558738863933
0.0133813865358613 -0.0347601554239102 -0.83327705364275 0.201302378527341
-0.0170402652807146 -0.00592796817060304 -0.0858530336903221 0.667736700400344
0.00118439913905448 0.0271501828644568 0.339233102925759 0.275775115854804
0.0205508962733459 0.0110659481895684 0.20250677070448 -0.0819984700700677
0.0136601110132317 0.00961800185793342 -0.0501678711909505 -0.209481886497616
0.0151477999274268 0.0290970148679555 0.0569983623722679 0.151363387181666
0.0227295185083108 0.0174338183562025 -0.148522502928143 0.0209401517500363
0.0234142454023778 0.0167152324514631 -0.227923998650209 -0.354477465823057
0.0195326182834375 -0.00659746350387566 0.274122582697703 -0.5096517317811
0.0691715937681077 -0.00715527966895333 0.789740465428157 0.0897045736669844
0.0198376588324155 0.051773577860026 0.329331344189449 0.874724809568387
-0.0313390129679245 0.0587648844969143 -0.352240689537097 0.585018298104858
-0.0497216802445524 0.0488638490920697 0.040420975929233 0.0672235486512961
-0.00508404111332585 0.0784808236837864 0.305823401758056 -0.589395083684619
0.0390033515105891 0.0126681614256795 -0.454795353061187 -0.814153968347213
0.0196643589145678 -0.0317151975205605 -0.864630480729429 0.0804999909733856
-0.0142401045110737 -0.00312609489070749 -0.166939404590667 0.653541828728154
0.00255982192495963 0.0307218831395692 0.313475950706276 0.318959439160007
0.0230129283833656 0.0145677798887172 0.208605996864761 -0.0540696105322457
0.0158112162850574 0.0118512514919857 -0.0538349810741017 -0.201097453343738
-0.00945698967823453 0.0083624078367618 0.108475430485846 0.11473737585717
-0.030666653397169 0.00371324161011481 -0.121291746105568 0.10629895126576
-0.0516461463651166 -0.0164796676787686 -0.382245796780667 -0.184762170465303
-0.044413786639932 -0.0440175350119293 -0.0484327021912043 -0.596595839989696
0.0200985484913135 -0.0281718162476965 0.702431605390834 -0.368413873189576
-0.0182783954398531 0.0245946370752912 0.752125573947566 0.541062080538045
-0.0394201493455201 -0.0460667629117209 0.00341403095119839 0.691886258600275
-0.00292550575421696 -0.0726552361371547 0.0667744256763178 0.0806566667167324
-0.0172657938761995 -0.0268872711948991 0.0971887836011841 -0.651126871881404
-0.0291109376000561 0.00480825271361339 -0.684879886558332 -0.645482161070496
-0.0174420111373551 -0.017075034413137 -0.804092989384842 0.339716951625703
-0.06281231816947 -0.0250954906415987 0.0439725297042964 0.690674939855129
-0.0587024997724293 0.00370407341154643 0.412481891054406 0.194032618227138
-0.025310332831072 -0.00510622033789857 0.188687513795035 -0.113381601754426
-0.0110362607624813 -0.0121653691277668 -0.13404406016858 -0.150035759915252
-0.00856951299414998 0.0093523173638688 0.110559080115616 0.104123173012174
-0.031001942030581 0.00224400377720745 -0.134404920235721 0.0795781851830635
-0.0456048664383045 -0.0206718418886042 -0.361918790894717 -0.234846839051929
-0.0330626232253335 -0.0479417656965268 0.0368587547719509 -0.592123138851744
0.0273775465456825 -0.0273558368872025 0.763623063714409 -0.249183096033608
-0.0207057618975812 0.0227124724050448 0.672742755815955 0.662671770003851
-0.0362976333936824 -0.0455860010195458 -0.0693543360832096 0.687719339916479
-0.00527083893070262 -0.0658363253030765 0.0707606262544073 0.0487636971957982
-0.0179808106088218 -0.0178060925676716 0.0221377093400742 -0.6621094338662
-0.02462005515974 0.00617935052816843 -0.762970715798825 -0.520525811814071
-0.0201402425506227 -0.0196198572676411 -0.723657558554962 0.462379642885884
-0.0611105739669154 -0.0168304214288086 0.140524525356183 0.673718248577923
-0.0508467075152874 0.0113233086907537 0.42546225938167 0.139266021113535
-0.0199952936048921 -0.00356761967528682 0.170087397824974 -0.141405023905354
-0.0100268877618126 -0.00949369371901708 -0.134589547242972 -0.160726252903758
-0.00466328986800323 0.0107221908547278 0.113678758332332 0.0969645213813578
-0.0247988373577363 0.00211684134746848 -0.142969114655556 0.056192407107457
-0.0343651654444947 -0.0204187791417331 -0.339727319567251 -0.27196444687149
-0.0199712230244759 -0.046996921709975 0.10701216590202 -0.577167347514369
0.0354371255843004 -0.0268818879828575 0.797519661233913 -0.136707611667736
-0.0175155534577581 0.0216700085579783 0.588621429706302 0.754805044814688
-0.0313814384285528 -0.0359061036006226 -0.129820000210553 0.677487436012302
-0.00866858869169336 -0.0497823179264553 0.0742314039184394 0.0201846435525831
-0.0138622424026569 -0.00348427112765751 -0.0387617113549191 -0.663981862720701
-0.0159960577983376 0.00356002591671237 -0.813294902111163 -0.413221598929779
-0.0196847631293322 -0.0226377248077949 -0.649264665990874 0.549637571582707
-0.0551871987847415 -0.00775157095966706 0.216785096108789 0.646491778259614
-0.0375190865481779 0.0185516875536511 0.428879347436471 0.0927679371391035
-0.0114640487298885 -0.00126965896625013 0.151728628044882 -0.164001944238554
-0.00642362804687751 -0.00828804413125275 -0.134613148269375 -0.168723845774626
0.00120223962918782 0.012676654641383 0.115634053778442 0.0925067630348897
-0.0156818303898673 0.00268357247687733 -0.147576865737682 0.0411510035284603
-0.0201209153920639 -0.014682977514373 -0.322076632753672 -0.295318155297119
-0.00882526768526832 -0.0422816648811849 0.154106554139098 -0.561062985287205
0.0433649105358367 -0.0280883546140556 0.812713227713288 -0.0600716043848841
-0.0106070894243919 0.0240238506372251 0.527914019667441 0.812478847774327
-0.0282893261741532 -0.0168530299348603 -0.169838657844248 0.668367219692705
-0.01258232028206 -0.0262605989829112 0.0765836316204137 0.00138770015137032
-0.0044325066576614 0.0117440504538944 -0.0809914268558062 -0.662500296768413
-0.00537719236257105 -0.00044902006961655 -0.83908103276985 -0.340378207908494
-0.0179474186262945 -0.02569063256175 -0.596168333327401 0.600532271619606
-0.0447986339564797 -0.000625850617608496 0.262157938953136 0.625235579313395
-0.0231286227553901 0.0230991386635082 0.428498483776531 0.0645288375787847
-0.00146893036952411 -0.000461348844012829 0.139231504629592 -0.176945248322529
-0.00106189348698902 -0.00401519300472475 -0.13314117553877 -0.174587837468494
0.00921741867776084 0.0155387185909715 0.116650696687746 0.0929203355124108
-0.00283840343183632 0.00499769957985957 -0.145841380795173 0.0367969998391058
-0.00584282599698404 -0.00595158407158646 -0.313621413265188 -0.300941723131732
-0.000633519199098943 -0.0335401620753 0.168545025125058 -0.55361186251085
0.0490928738498991 -0.0299487542059797 0.814904205921527 -0.0351640777653001
0.00147910509735292 0.0286762562464963 0.504098701201458 0.830225719040617
-0.0269992035570731 0.00805847956292123 -0.183365847938342 0.663816619832207
-0.016825796395715 -0.000198418542278246 0.07617389821482 -0.00609355194191911
0.0081850248277042 0.0271915380436682 -0.095829816172243 -0.662195482778504
0.0063135913868875 -0.00506928824291852 -0.846188795077014 -0.319912396784391
-0.0152015160656072 -0.0288905724725168 -0.580681090963518 0.612551365720438
-0.0336960835495428 0.00516133492933621 0.27456952361075 0.612015126881976
-0.00741649115292691 0.0253182415042893 0.42377459133803 0.0570503541933634
0.00892710647374999 -0.000315874234818023 0.134689723362649 -0.179925046599068
0.00417916068932933 -0.00192799998545285 -0.132969381305029 -0.177440491942126
0.0161982559803191 0.0171255361386367 0.117383939755542 0.0971997090302128
0.00965346732175852 0.00849254363314316 -0.144305180021487 0.0428428487692363
0.00761655308473432 0.00255925334552994 -0.321133099584061 -0.290142875521777
0.00404461569227368 -0.0252200668281354 0.151473256489512 -0.557648560315312
0.0529981859610949 -0.0345410051562959 0.81015740933173 -0.0638151538739224
0.0156025491174795 0.0333144879971468 0.528292823606972 0.806435085735852
-0.0233152741103996 0.0335912937931046 -0.171273117310206 0.667572981441307
-0.0210197980819282 0.026406607900054 0.0742287145464515 0.000176203224602896
0.0193904411141768 0.0427997798662991 -0.0820833168957452 -0.66426587986446
0.018069378062512 -0.0083627586366271 -0.836387044361593 -0.349310984367111
-0.00988863829783727 -0.0323315500994239 -0.606539063226381 0.591745657899124
-0.0231655841900218 0.00850874504355058 0.255081232100213 0.617287650257845
0.00566719432812747 0.0267018105807538 0.424266390577175 0.0716788237168828
0.0187428367752444 -0.000307721876434797 0.137831511932977 -0.173601167926578
0.0109230865840113 -4.9631738879603E-05 -0.13285751933647 -0.175639585029731
0.0230169951327991 0.018385850862866 0.116686319112079 0.104433115419818
0.0204268907126876 0.00906071520837374 -0.136013791611667 0.0588123662654709
0.0188685354727865 0.00975146088378995 -0.334926040830975 -0.265939600680227
0.00678955115646519 -0.0173457479363841 0.101826502677386 -0.568413692660077
0.0539806045658646 -0.039453229565896 0.792951644107901 -0.146199256819049
0.0309508414240355 0.0352492641099856 0.592738023710243 0.74804356218595
-0.0156460384514212 0.0549954211674902 -0.129248976838733 0.674568511793579
-0.0249275473824007 0.0501208933266557 0.0694774223653532 0.0160386188254671
0.0276264562835644 0.0583373635472738 -0.0406848120594361 -0.668315392094854
0.0295837779322657 -0.00877587553582503 -0.813050951547298 -0.424102574523144
-0.00401297314672131 -0.0336595821403959 -0.666519784088741 0.534927426899813
-0.0169523729950484 0.0114128337475956 0.204118674648842 0.638527496971356
0.0150861335324997 0.0290116369781328 0.422509277501026 0.104670826299934
0.0256209460319972 0.0012889546092165 0.148737215213378 -0.157846678687131
0.0157925641998032 0.00218826084663807 -0.132809514950043 -0.169552966133232
0.0268900237486803 0.0179583918451583 0.114865948029736 0.114656305700301
0.0283082611948201 0.00808456515492288 -0.125466437895054 0.0814215005157621
0.027020893654852 0.0124095212470653 -0.354339514028068 -0.225019146457798
0.00647143149582652 -0.0120420230479212 0.0299799553597453 -0.580926177612992
0.0501493682730102 -0.0447936545178827 0.754948852655053 -0.261260615480823
0.0439387652495998 0.0324303835885477 0.675030671849675 0.64744898385739
-0.00538025445187209 0.0662796366621233 -0.0695976664488109 0.684724745777353
-0.0268426477349955 0.0642257824758081 0.0647342404113236 0.044285908421055
0.0293330410219121 0.0722930466923239 0.0226440272120144 -0.66642496591615
0.0382800997617864 -0.00429183855463977 -0.760460991473207 -0.537733588572291
0.00237514789781998 -0.0336580241814692 -0.74480726227537 0.4424364153693
-0.0147514826944972 0.01169540367521 0.1241142275297 0.661569139405433
0.01778201789704 0.0316303916247898 0.417237675110625 0.154940167948
0.029898140610267 0.00394052947441783 0.165609070845622 -0.134475991848404
0.0189401595010111 0.003646156716661 -0.132630926803623 -0.161401068576169
-0.00963919705459762 0.00810796554333103 0.108529825070043 0.115243114205277
-0.0309270722897993 0.00342945627565088 -0.120754898814466 0.106280803017009
-0.0521449341998931 -0.0166463639232388 -0.383487400887531 -0.184171181698894
-0.0439887670965994 -0.0440445594915319 -0.0517488188225467 -0.595847005153391
0.0202109902665851 -0.0277991623909579 0.70336177286026 -0.370694149630428
-0.0185408124394485 0.0254149036373611 0.75548230040391 0.541108846155844
-0.0399297070920849 -0.0461946918390974 0.00464344444927301 0.693081317201553
-0.00295530582384686 -0.0733869863278597 0.0667263155485848 0.0806647758281218
-0.016654194335973 -0.0264958804375702 0.0975895891295963 -0.65278496373323
-0.0294649135824077 0.00484882788771554 -0.686258213841659 -0.649281882299418
-0.0183084370145144 -0.0164749624639236 -0.806146343701317 0.341049005652997
-0.0631618722092997 -0.0249795687658183 0.0443975783474887 0.694428501729633
-0.0597537868752692 0.00339016300223807 0.414983839700138 0.19575009487637
-0.0264334041460081 -0.00498225989874246 0.189901657485862 -0.11418063518482
-0.0118996229046047 -0.0118610238802041 -0.133722474878691 -0.150937792434984
-0.0086395756881775 0.00943082358943118 0.110571904384979 0.104627758282501
-0.0300420370667093 0.00261622633302789 -0.134703709069944 0.0783276525379759
-0.045991269398451 -0.020780666429462 -0.364577079179507 -0.23455420859374
-0.0327142946653222 -0.0475477084870844 0.0364512469227805 -0.593257346780402
0.0277252390233315 -0.0276826951882451 0.765635771519787 -0.248381961709944
-0.0208222880803896 0.0224254566667909 0.674456419352173 0.662761842356508
-0.0365273060101574 -0.046420042454022 -0.0671846937109721 0.688847380098206
-0.00507116878123378 -0.0665242190401921 0.0718477164468183 0.0487117040010649
-0.0180107255626729 -0.017180117462691 0.0249088060001539 -0.664316551298218
-0.0250765682253512 0.00637798723765375 -0.763557374856921 -0.523122934960532
-0.0200986189290116 -0.01908212276084 -0.72493473501871 0.463368243193745
-0.0621483904726278 -0.0163931257946439 0.141874917487475 0.675412470211786
-0.0506480395386499 0.0113856550771867 0.427487561814984 0.140766683727277
-0.0204511199594725 -0.00293807967571897 0.171284805240484 -0.142764629982021
-0.00935658804639721 -0.00983293742753222 -0.135085619312539 -0.16129381151233
-0.00451122579971375 0.0105552557516651 0.113346592392773 0.0971005810595623
-0.0251527866700656 0.00144655972177111 -0.143172858769334 0.0565035495023601
-0.0344445109040805 -0.0206808995904565 -0.340431858348414 -0.274330461422766
-0.0201059601005504 -0.0476151948978934 0.10678892056241 -0.578632485961272
0.0354698614793821 -0.0271790315713914 0.800374681349011 -0.135693044510877
-0.0181343097331674 0.0220843189238761 0.589710825292984 0.757324802438416
-0.0315076409017459 -0.0364409566553486 -0.130673470561659 0.679767894880232
-0.00850662392422975 -0.0502662382083365 0.074559070423452 0.0210835786122213
-0.0135599742535988 -0.00346358078666745 -0.0386171607250567 -0.665635595043876
-0.0163831410013223 0.00388051374337143 -0.816376357105019 -0.415625268887507
-0.0204290820312132 -0.0223997815439265 -0.652953990529804 0.550512583919891
-0.0552245760653141 -0.00838120719694076 0.218035546008117 0.64763176041829
-0.0387397123335355 0.0179260478326897 0.429873069428458 0.0933979466690745
-0.0119922995139725 -0.000425737485605775 0.152643359834374 -0.163713577909352
-0.00567418622648181 -0.0070608712556957 -0.134717868710033 -0.169779962875926
0.00149451801707594 0.0134070299514978 0.114615598350641 0.0931828373041349
-0.0156222076184436 0.00335674954264195 -0.146927835664484 0.0420741767970276
-0.0199900131969068 -0.0153352083924449 -0.32289730093063 -0.296509524642586
-0.0086315267778397 -0.0420611980671167 0.152970259607493 -0.562589643168253
0.0434036323066055 -0.0281174778203784 0.814027320555913 -0.057290037376947
-0.0103161330121929 0.0243138024973141 0.529063655482592 0.814040598569034
-0.0280071388061082 -0.0168054341974783 -0.170790027587708 0.66795028280616
-0.0121674325992613 -0.0272176235618523 0.0770138374792612 0.00198344839430085
-0.00313240217404934 0.0119620474607799 -0.0805761714970534 -0.662844420789664
-0.00619460264725682 -0.000498328602328312 -0.841619824005083 -0.342801785355048
-0.0175175079846487 -0.0253589632856688 -0.599058091844514 0.6024912337516
-0.0450789926923491 -0.000991230488597911 0.262412271561059 0.626694127332825
-0.022832249502806 0.0229846562164012 0.428388127475243 0.0649108502312743
-0.00161704998074284 -0.000211838168784667 0.139469942939552 -0.178279015045742
-0.000806197099501546 -0.00434675660335316 -0.133236554632087 -0.176356878164443
0.00903266845110612 0.0151789203151213 0.116293592266785 0.0930005048533045
-0.00375998266391099 0.00521852433990823 -0.147654707238962 0.0369976774172583
-0.00550334266263938 -0.00678549175904524 -0.315332094027868 -0.301572575890814
-0.000849802838737001 -0.0339081784215097 0.16764179157966 -0.553758616564333
0.04924134700297 -0.030397430587483 0.81569906779864 -0.0340194513875944
0.000948199767354848 0.0292421647149831 0.504157047300884 0.833109024148893
-0.0269555405211398 0.0078721094447565 -0.18560365927042 0.665562506348055
-0.01690927567217 -0.00133324548220117 0.0772049232191496 -0.00601056160732372
0.00796500164574765 0.0275962241117492 -0.0951150976362117 -0.662955642457806
0.00562039285236035 -0.00529637469459796 -0.848507612828582 -0.320841728655114
-0.0157040192520188 -0.0297561043340297 -0.583059524972218 0.612833873579692
-0.0333880682495958 0.00464666035004632 0.276872239109469 0.614769419770353
-0.00740311288169396 0.0250741105609592 0.42582880206639 0.0570058194762613
0.00902432761228697 -0.000608512609640845 0.134168599269424 -0.181211758515085
0.00425592067251717 -0.00196000645136711 -0.133126440206081 -0.177897875529631
0.0166102887863093 0.0174774747954661 0.116988791850559 0.0977736320639907
0.00937142047201771 0.00809724054236609 -0.143221798825665 0.0425122213099749
0.00752788559151951 0.00289093200349677 -0.321355679049536 -0.292057876456022
0.00530054119010108 -0.0251665122422599 0.150939206814164 -0.558584418872464
0.0532352757755604 -0.0347108681678987 0.809956237677905 -0.0651542807374077
0.0157415691124968 0.0338291096539283 0.528153996141254 0.80795512547956
-0.0233753748836555 0.0335833666038996 -0.170984746759332 0.666925058593908
-0.0205983333550655 0.0260830282766452 0.0736705270910872 0.000341786551335128
0.0208737590956993 0.0438326189233642 -0.0808260545430415 -0.665074457208342
0.0180125431140285 -0.00824312299985571 -0.839054480321432 -0.35185609821754
-0.0100367372040034 -0.0319266661248731 -0.607952513613864 0.593604348611504
-0.0237792798952294 0.00847693366478352 0.256376876483473 0.619588983470879
0.0055798828294061 0.0265693652127374 0.425337106483175 0.0717391209836135
0.0173059628780041 0.000210287227740243 0.137870416625884 -0.175041568135935
0.0109132971201084 9.06579383466409E-05 -0.132887650343806 -0.176225896669702
0.0228582672480223 0.0182887516427253 0.116228211457375 0.105158702905765
0.0199839458838218 0.00921361432336877 -0.136039146829912 0.0585575997768105
0.0195789929190485 0.00899574278448823 -0.335628442717923 -0.265710078272694
0.00706080156501706 -0.0174625983101521 0.102176778715871 -0.569434543572013
0.0543588972322682 -0.0400523374704375 0.794157441111239 -0.146773522066898
0.0299433967666068 0.0357603466150446 0.59262609098193 0.747887544000553
-0.0155250211455112 0.0551223499142718 -0.131653897777796 0.675875975405248
-0.0249977169825189 0.0491174974116224 0.0697850128206857 0.0168574648964628
0.0284929833007902 0.0590778848358562 -0.0390522424807583 -0.668395917018034
0.0298184674389786 -0.00823631412242428 -0.813449426409912 -0.430042155855675
-0.0037892657361423 -0.0330057892663079 -0.66653513496346 0.537611377604601
-0.01724619261332 0.0114249326336768 0.204831754140263 0.641540986990502
0.0145493312067971 0.028351827943548 0.424747613218376 0.10554559603382
0.0250816590265046 0.00162802393573017 0.14958880953831 -0.158517873902521
0.0167669064826587 0.00265205258090375 -0.133378416706563 -0.170498559958185
0.0269476364859169 0.0178529718771282 0.114887617742486 0.115539385520157
0.0280883115442841 0.00808827966766872 -0.125472742338305 0.0818207386106267
0.0270989691980851 0.0124222810232874 -0.356029562838786 -0.226479575483399
0.00716209592299159 -0.0114739516328647 0.03018077480382 -0.581120906521162
0.0504178416110137 -0.0458681582832997 0.755282299475641 -0.26316401960584
0.0433665591726581 0.0321583465071374 0.675081667049 0.650515530417957
-0.00608058018792197 0.0662512203863417 -0.0700658844949388 0.68595718523989
-0.0266349625896614 0.0641248720277691 0.0646704854499567 0.0446650260649835
0.0305821078575755 0.0725112056736978 0.0239703284708111 -0.668793000601809
0.0386045210641484 -0.00351498777021082 -0.763600993639777 -0.54218436852519
0.00246089264882073 -0.0330954653978268 -0.747251420953169 0.442506457775108
-0.0142258751693107 0.0113514361653054 0.125203940814319 0.663169813984662
0.0176771872749002 0.0325607779431183 0.418713680519181 0.155291553953001
0.0298731957673383 0.00453871794165422 0.166615732054721 -0.134813528394125
0.0195966646830717 0.00318991106182061 -0.13290018000655 -0.161641746975205
-0.00932815013697954 0.00794661521681411 0.107875410873798 0.116363637684137
-0.0314012221147346 0.00422434533911589 -0.120275610784202 0.106596019655183
-0.0520383355106433 -0.016969270293716 -0.385535823633639 -0.185587392152998
-0.0441055955750005 -0.0435224247397041 -0.0502565242668773 -0.598900727108543
0.0197878873641364 -0.0291985301352234 0.706712943143077 -0.3736198982186
-0.0184310218547896 0.0253720894523959 0.75706919437492 0.543152198336923
-0.0391608214620114 -0.0463232748104761 0.00483220663870578 0.694912039787564
-0.0029162799874325 -0.0741448011786866 0.0663726850670779 0.0819561147805804
-0.015567518490067 -0.0270303400502643 0.0975401378800796 -0.655392863031674
-0.0296166592268848 0.00581502385742536 -0.687865566328804 -0.649849880765988
-0.017908357199438 -0.016217901903716 -0.811254780580961 0.342724411772179
-0.0632968222780089 -0.0252577306270623 0.0458904977900235 0.697862596060762
-0.0597411890327334 0.00330466505858789 0.417414340530232 0.19615476520189
-0.0270731559775337 -0.00486933893172983 0.190106203498226 -0.115054486104675
-0.0115678845209198 -0.012055067434259 -0.134399816633554 -0.151631938456611
-0.0083902749179432 0.00917290538165326 0.11119976758428 0.105893957285038
-0.031009540026977 0.00227549951980508 -0.1344302033205 0.079516879147906
-0.0468495048731236 -0.0214659492261536 -0.366125871486634 -0.236757239869347
-0.0329579633294692 -0.0479856490803271 0.0346887396860347 -0.596330370927973
0.0277518404300348 -0.0280256342421002 0.766052891474608 -0.25032200148173
-0.0213162912048895 0.0226563186244832 0.678390794048164 0.66465813527741
-0.0362266130407069 -0.0467714821279039 -0.0703568441400473 0.691487898788565
-0.00501795238042507 -0.066844814329485 0.0717270633907773 0.0485725743520536
-0.0173738527101336 -0.0171050104753283 0.0254931589095298 -0.666709716653595
-0.0254119977409783 0.00664163857554045 -0.770137755843461 -0.526168591500379
-0.0199723884222936 -0.0190471682587328 -0.730156440283358 0.464475626595232
-0.0619694076549916 -0.0171891027349812 0.143928723219137 0.678216017588219
-0.0516636894978179 0.011269724989131 0.429382330940234 0.140138083309391
-0.0213629752388457 -0.00281004272745712 0.171522910025721 -0.142649909754957
-0.0102245565868121 -0.00964843706286751 -0.135083681365111 -0.161671953249606
-0.00443476051177431 0.0109501350617915 0.112900349331764 0.0973509697476533
-0.0255241458959162 0.00140505076062478 -0.142881928631625 0.0551010752197529
-0.0350886266192392 -0.0202542128116714 -0.342507548633448 -0.27446308585081
-0.0192604884541386 -0.0475180946281809 0.107001355374885 -0.579485866968689
0.0362318971920864 -0.0285452192400018 0.802890877831579 -0.137715079165939
-0.0185598782986839 0.0216506457073945 0.5923651845723 0.757772819291247
-0.0313906560934163 -0.0358989577846509 -0.130374779369427 0.682493526200265
-0.00879313022681198 -0.0501039575105089 0.0747353169264458 0.0217852955522443
-0.0122049914914502 -0.0030229766891329 -0.0388640115794852 -0.668121723326491
-0.0170054929867456 0.00489738279293617 -0.818383406808399 -0.418121961120576
-0.0197611365620349 -0.0227617776969862 -0.655334413667508 0.55339769218258
-0.0551173568041393 -0.00786047008164083 0.22077381415979 0.652353116118268
-0.0390031067303972 0.0181662737181484 0.432347805958687 0.0943273102611075
-0.013324486538027 -0.000710013285257846 0.153208880102114 -0.164673920026118
-0.00607167682628386 -0.00655337207059852 -0.134864971382105 -0.170874174569294
0.00167444089537264 0.0134324634559974 0.115601146311887 0.093735913484933
-0.0159732581726944 0.00284420126626285 -0.1475879413765 0.0415081572111792
-0.0202622402791901 -0.0153222443719877 -0.325121814559455 -0.296838329712452
-0.00834565474397337 -0.0422974332809966 0.154303155507169 -0.564389733322785
0.0430840581677494 -0.0286962026703415 0.815706138577535 -0.0592192276336709
-0.0108587550196473 0.0246864060516106 0.529201004271572 0.817302218722321
-0.0288704129673017 -0.0168979073193444 -0.171689133600557 0.669921761987349
-0.0130218616379363 -0.0274348273955491 0.0773919713138961 0.00194373128246209
-0.00296678586724037 0.0115952229142727 -0.0792172320665971 -0.664628407693633
-0.00593543868475144 -0.00014772130685612 -0.843596640868042 -0.344874587367398
-0.0186431061282216 -0.0260522664264612 -0.602625197749953 0.604240430431462
-0.0448322587263354 -0.000741070142883077 0.265667411063257 0.627349202620065
-0.0229401342834227 0.0228172571351673 0.431984631428983 0.0659953699076386
-0.00308437576068529 0.000695598808792653 0.140577763154908 -0.179240442781829
-0.00125503743968811 -0.00354516011306531 -0.133846277284776 -0.17593334262419
0.00906145263101197 0.0151415055537435 0.116101503295086 0.0939785283493621
-0.00393109081558399 0.00515279169273351 -0.14850543158871 0.0361713713575009
-0.00580944113194431 -0.00668827743855924 -0.31733329329747 -0.302735333729881
0.000379265656290081 -0.0341449689929458 0.167612063943575 -0.55616197229885
0.0490732926184794 -0.0307730295186669 0.820268086881483 -0.0345655962555643
0.000251936171251872 0.0292712410801126 0.505382548836262 0.834600728684957
-0.026775408928771 0.00754612718790954 -0.186138612866351 0.667532128357019
-0.0168787733526097 -0.000230906201143952 0.0766942831654802 -0.00541909197840435
0.00942791502958162 0.027082026909249 -0.0955330941711816 -0.665919128623849
0.00627109787988633 -0.00519144337393665 -0.852483998250481 -0.321758266169133
-0.014777241250424 -0.0292251988592549 -0.583624693494309 0.617368555333195
-0.0337053685220869 0.00448074543909158 0.278494178168307 0.616474349670288
-0.00749749402299906 0.0253335882375284 0.430478441253088 0.0565061557437263
0.00839481893442372 0.000552527806774023 0.134479077984777 -0.183048184401872
0.00455887879601641 -0.00175494031556059 -0.13409001579951 -0.178125365666791
0.016609598919937 0.0176430659506801 0.117260724295518 0.0986686965988055
0.00858453685420279 0.00749784720336149 -0.144844899170867 0.0435587255855174
0.00776908289093637 0.00273958628779479 -0.32306750069775 -0.293221782763767
0.00496240562703669 -0.0251204768967329 0.151384843803756 -0.560177147831628
0.0531648402628478 -0.0351173782925087 0.814529862694041 -0.0656301283600949
0.0149396644597155 0.0337970903779947 0.530915208996335 0.809453197537575
-0.0233683830326097 0.0327810044364812 -0.172472858500728 0.670236818491015
-0.0213927767300816 0.0263934284849883 0.0746002470969599 -0.000226718908862184
0.0208265304979124 0.0431101379085424 -0.0809573351847017 -0.667421130054945
0.0191695427524659 -0.00843551338491387 -0.842922259009573 -0.353953459498206
-0.0095998304289512 -0.0314869203640202 -0.611550892926449 0.595410161707895
-0.0235487650444603 0.00755080050200282 0.259698280312462 0.624277150434704
0.00566343527146162 0.0269327699801319 0.428078156779048 0.0727683093895341
0.0171450813916377 0.000764504993010815 0.138112888312628 -0.175273915860404
0.0109525288502633 0.00122244963355497 -0.134173723030311 -0.177051917654981
0.0239754818804263 0.0178651820835027 0.116794292028259 0.106022031605242
0.0204062907829885 0.00924643316658028 -0.136652460093469 0.0588569592517632
0.0194593292343656 0.00950026424826338 -0.338777571472256 -0.267351380404687
0.00745687931232672 -0.0172415210459763 0.101737904693407 -0.57156796058119
0.053229469929899 -0.0404596601772509 0.796990041485992 -0.14682752719864
0.0309374109253134 0.0358854108887423 0.596859194974304 0.752305507064102
-0.0161903976204835 0.0541140225689734 -0.131837385179427 0.67929218902404
-0.0250699176076687 0.0493993759129714 0.0700208201711895 0.0169720224657908
0.0288669034425507 0.0582736589927985 -0.0383008198006066 -0.672522247269571
0.0295746485628972 -0.00767396737321736 -0.817315602090328 -0.429570344708097
-0.00452072844355054 -0.0335188467319655 -0.670432262903388 0.540214546509611
-0.0175895961906478 0.0109703886341406 0.207739579795252 0.643600392538768
0.013979023883018 0.0296347495460981 0.428008338394491 0.107217381768941
0.0244840981147199 0.0023532947391206 0.150121369650734 -0.159012775371491
0.0165914103567696 0.00298699154916959 -0.133892253316596 -0.171534514035108
0.0277396635475168 0.0179261304389606 0.115205178347244 0.116484681600412
0.0279935752824996 0.00723373321492407 -0.12605923185009 0.0821748886056105
0.0267828040503585 0.0110806180843739 -0.35706523272506 -0.22765005189344
0.00723462881167294 -0.0115980498533859 0.0288116137181405 -0.583085150449973
0.0508758288001924 -0.0459603327385034 0.758542401470853 -0.26190255029283
0.0430863936418925 0.0331910985887448 0.679069509710547 0.650395259898125
-0.00552080219691203 0.0663285123842339 -0.0699912439464212 0.690154539648805
-0.0269443068212222 0.0640952794878394 0.0652888760739544 0.0444048075911041
0.0306532834452411 0.0722139175370915 0.0225455241739978 -0.670561142073981
0.0388908951506793 -0.00305225296301281 -0.767575352053895 -0.544585141898145
0.00253188709434693 -0.033291660380383 -0.751100514289635 0.445043458285788
-0.0147198392743602 0.0112067584168219 0.126105152603455 0.667032207195764
0.0173784344098622 0.032143645335362 0.421180423411378 0.155470774149647
0.0296689218566363 0.00498069267942286 0.167442069995076 -0.135566986175767
0.0196707481833431 0.00411860294335255 -0.133725890996593 -0.162717735095427
-0.0091272377318193 0.00912324159104431 0.108539677825555 0.116990546810224
-0.0307311577881585 0.00307893220205498 -0.121428549212729 0.107338540987085
-0.0519069018058147 -0.0166108040850583 -0.386140522354091 -0.185438904814911
-0.0443617334443689 -0.0430482595520079 -0.0545485425056088 -0.600226687982434
0.0202875520466167 -0.0297921034171423 0.709905451948734 -0.375524281030516
-0.0190677027864262 0.0250548057564116 0.762503657607519 0.542962121301895
-0.0394476605179311 -0.0465940986885326 0.00628504996664045 0.699490967071693
-0.00325370587945308 -0.0745562366205152 0.0670117748259617 0.0822349296847086
-0.0155071113579929 -0.0266442064363614 0.0976715786155772 -0.659266593232437
-0.029847721617723 0.00596112003200879 -0.692520884739648 -0.653973859068699
-0.0177617458746872 -0.0161212454552058 -0.814694068138493 0.34579220958582
-0.0635219609879863 -0.0254406345262022 0.0486839603225019 0.701120792008203
-0.0602714660166909 0.00396477357200257 0.420474572441814 0.196442945665535
-0.0278756230728704 -0.0051912937187713 0.192349499009852 -0.116228350408126
-0.0124261251125927 -0.0110641792866481 -0.135567959120371 -0.152169603643657
-0.00804652056526511 0.00962534584041969 0.1107839304724 0.10654560126962
-0.0313842151972268 0.00165898494303536 -0.13540406932204 0.079885532819246
-0.0461381030184849 -0.0212255565401819 -0.368290803790996 -0.237235554738767
-0.0326745759565386 -0.0475446899335962 0.032505550988517 -0.598214824462984
0.0272392233432302 -0.0286277632115822 0.768534210030991 -0.252569856495759
-0.0216949629461584 0.0224006800222831 0.682281308181562 0.665016194339271
-0.0358589339778024 -0.0471722790655595 -0.0680762996629026 0.694989743862112
-0.00555614903153121 -0.0674451924950776 0.0717157382298193 0.0490375781298661
-0.016328701310547 -0.0172986110229449 0.0239314324793829 -0.669295205994052
-0.025288154683687 0.00697044666471474 -0.773880944033716 -0.52954188880387
-0.0198071063150991 -0.0189375647826961 -0.734344901752154 0.470308141359698
-0.0615955996539877 -0.0170578691405823 0.147865129191629 0.682568135352223
-0.0518556611733114 0.0118101452823885 0.433484493281915 0.140535063857071
-0.022474195714732 -0.00218940247287466 0.172542634307864 -0.144439175056792
-0.0101641342045924 -0.00947850098854072 -0.136552367638593 -0.162188842692873
-0.00365628135952902 0.0113364337908 0.113062244268833 0.0976615598417184
-0.0259787897380117 0.00114335389928677 -0.144674216298728 0.0569267525919452
-0.0350521667431753 -0.0202564831353834 -0.344997283813825 -0.275688311328718
-0.0191914074468695 -0.0478223835813462 0.104109744858903 -0.583106500725304
0.035872948916778 -0.0288836417324821 0.806053684250521 -0.138515820615841
-0.0190263558654115 0.02188750706368 0.598642020993072 0.760577382949169
-0.0315655139455771 -0.03655670978577 -0.129796601675673 0.684795885348486
-0.00868824016649718 -0.0510043719090844 0.0759223546121632 0.021617686592759
-0.0122632512496221 -0.00317037913872229 -0.0393205778070039 -0.671780542719199
-0.0162496392427792 0.00510700116231447 -0.825222283894306 -0.419703555442913
-0.0202595359500954 -0.0219752075564342 -0.657295291177174 0.557942326445444
-0.0558214126196219 -0.00794531848824884 0.22477824979893 0.654625517007514
-0.0393345025629463 0.0184904823018945 0.436598901992416 0.0933222151617538
-0.0135281969899343 -6.99200161202972E-05 0.15367677234311 -0.166285561115664
-0.00622934003828155 -0.00595851875188196 -0.13607007157331 -0.171209020420735
0.00229221845792739 0.0135969023446018 0.115435731581615 0.0943630406580215
-0.0163539859703917 0.00210407850669345 -0.147710653039633 0.0415138566579405
-0.0199944605200183 -0.0156640097046902 -0.328237962909235 -0.297513998982252
-0.00831199866721769 -0.0421751675902173 0.151652400804797 -0.565542183922579
0.0432426252396538 -0.0295829340543458 0.819692365082702 -0.0609975228660543
-0.0109120810091938 0.0246922019733233 0.534362141245231 0.820220441398279
-0.0288495598199408 -0.0173433115628952 -0.171967317429074 0.675725909938269
-0.0130419340795481 -0.027804094872892 0.0781631112319442 0.00202731604562733
-0.00225440665033741 0.0112240313181938 -0.0806825689818936 -0.668691532019813
-0.00640897897317461 0.000502401260235992 -0.849355545693913 -0.346231036086382
-0.0185162913043699 -0.0251060894398617 -0.605170733543056 0.61053274014995
-0.0449775476499843 -0.00155432225651685 0.268445212607109 0.632376062109034
-0.024039225363067 0.0232360410406963 0.43562693399249 0.0651190753592357
-0.0026634802754907 0.000946824188440651 0.14064428649957 -0.180468775677177
-0.0011452892417627 -0.003103171869595 -0.134483906604827 -0.177513082083574
0.00927804721949742 0.0154610845778584 0.117075743924595 0.0950255561821475
-0.00431788405733021 0.0041685208837619 -0.148047838683469 0.0371859570935784
-0.00565580929534892 -0.00667457074841966 -0.318919976904368 -0.304285205248429
0.000468474353766702 -0.0336215673081425 0.167079785712335 -0.557678334070438
0.0491292359557904 -0.0324837123332967 0.823837757844128 -0.0347385235263315
0.000819438266830841 0.0299618938498569 0.509440804716561 0.837882963946989
-0.0269913129091048 0.00752583940403562 -0.185428577312895 0.670559856182464
-0.0166123524314132 -0.000741106992308861 0.0772765620685912 -0.00563952439455447
0.00988323264409861 0.0286068779933593 -0.0961887256423587 -0.667940036223943
0.00546999950921813 -0.00468073356367374 -0.857926626845715 -0.322106555869999
-0.0144065771546188 -0.028939193273858 -0.588031969551037 0.620634725213962
-0.0340457130204672 0.00461881679690063 0.283058434545885 0.620044252699088
-0.00757128945628238 0.0253248482253993 0.433139107770573 0.0573104095390224
0.0077116085708336 0.000950964748006197 0.135660807381115 -0.184380080289118
0.00459731906512933 -0.000528076921585314 -0.134680659212891 -0.178962508927822
0.0173149585926384 0.0175891719283329 0.117471234321262 0.0995759978380032
0.00867866415793737 0.00770994507287057 -0.145325037247924 0.0435157593479806
0.00820226472511172 0.00237512072042649 -0.325701669920116 -0.295165491500327
0.00584215979199642 -0.0250788938396033 0.151661800641351 -0.562769129979485
0.0525856451918834 -0.0360737799658012 0.819735016134435 -0.0670095565478456
0.015282212742499 0.0342744395089631 0.534660410705621 0.813306295896923
-0.0234987474664361 0.0334460386974358 -0.17238966030616 0.673874716042842
-0.0220388349033552 0.0256404715598594 0.07486794773273 -7.66380997151495E-05
0.0222130730892778 0.0431568879614269 -0.0821148632528297 -0.670504841841307
0.0181226980772856 -0.00798556886990304 -0.849222127443424 -0.354366861307289
-0.010052464190226 -0.0315927139000914 -0.612995518744888 0.600980601613262
-0.0237808543728466 0.0071796755635133 0.262845238660531 0.626387123301487
0.00552533641949776 0.0267169353486352 0.433101995289349 0.0714021216881603
0.017108943780593 0.00153215097322163 0.138803129898611 -0.177249195284974
0.0108788893398282 0.00100024193029187 -0.135069520609991 -0.178228374939386
0.0237915704918705 0.0178090987233898 0.116511969554577 0.106792231312559
0.0196987137748098 0.00893396319875973 -0.136981305886561 0.0594285641826942
0.0196032711201373 0.00873909273594969 -0.340708122885536 -0.268523962490792
0.00818285079876918 -0.0175885243868513 0.101676677235687 -0.574477924846181
0.0523956667342269 -0.0414251473953739 0.800374014933394 -0.150083673736908
0.0302659845244194 0.0365345786508461 0.601270369031944 0.753766631998607
-0.0160748084765276 0.0540423493780203 -0.130597862588148 0.682784901159622
-0.0252775241950694 0.0484241012916033 0.070880983690845 0.0169685791084149
0.0302254422962283 0.0584865637755809 -0.0390826989759965 -0.675418065971454
0.0307133375041889 -0.00808633463582767 -0.823818621716697 -0.430686004753962
-0.00363694189586686 -0.0332446957094495 -0.672804078297599 0.544267360863364
-0.0169831790226391 0.00989384044766136 0.211466711719897 0.647738939794503
0.0142158453904098 0.0290808569300919 0.43084307666169 0.106059677299612
0.0246115507630547 0.00348814856772035 0.150522840755955 -0.160557244962795
0.0166881357988492 0.0028279737432828 -0.135546120012192 -0.172476866475971
0.0275397524659395 0.0183634156786256 0.116074045590076 0.116377412070335
0.0280337732640677 0.00833516475332474 -0.126311898010719 0.082126932613818
0.0268797716139426 0.0111575599201816 -0.360778847038701 -0.227332780966756
0.00792753981360451 -0.0117744142862152 0.0276054378522533 -0.584877079669693
0.0501160474714606 -0.0462894461389942 0.764128212645287 -0.265982329677207
0.0429004656160917 0.0336076491540234 0.682031641846597 0.653649122720281
-0.00490028975212132 0.0657223937747758 -0.0685834928553529 0.692680106532877
-0.0268622200651525 0.0644852491244766 0.06518705232549 0.0442921680340397
0.0320265199630641 0.0718124704493247 0.0245125392468298 -0.673755208549103
0.0391437717829349 -0.00306985923723593 -0.771729595119097 -0.546568802568157
0.002404047129181 -0.0329408248834734 -0.754515161892252 0.448951395508833
-0.0145657419249602 0.010679195313907 0.130852742932386 0.671076368353008
0.0172312274500997 0.0324808933815341 0.42480735442656 0.155110341091656
0.0288498144734119 0.00670579613116402 0.16829600303739 -0.136421822355908
0.0201479392450539 0.00432738336715516 -0.134337128298445 -0.164019581771886
-0.0100306573561428 0.00861296826035909 0.109047074005015 0.117820380003629
-0.0316981810613701 0.00252619549110806 -0.12128210036888 0.108242660260206
-0.0529890637500897 -0.0167698066825392 -0.390654474091125 -0.185518009226152
-0.0446016825635908 -0.0435206903822721 -0.0591544196728065 -0.603334069219941
0.0201290631496671 -0.0303829187268381 0.710335765645481 -0.381827374641423
-0.0194841889567574 0.0258120992028794 0.769617840721789 0.54439827735439
-0.0397092238553855 -0.0475035573583263 0.00760440089222562 0.703083408288072
-0.00231411872163885 -0.0753310174271659 0.0679571860206197 0.0823356239398868
-0.0145948394132613 -0.0271601564063374 0.0967795741573632 -0.66441739028116
-0.0298724823017174 0.0064906152401709 -0.700861767100295 -0.658113277857574
-0.0177997415090674 -0.0162054915879334 -0.821166619370946 0.352150037863623
-0.0639730631230692 -0.0260367664119944 0.0522961248096488 0.708012531591586
-0.0609623322747061 0.00381728518444653 0.425255379639973 0.196487244371498
-0.0283594560813208 -0.00374373569612964 0.193168833145369 -0.118758425001357
-0.0120076220817169 -0.0113450016366967 -0.136555989192442 -0.152741141038583
-0.00792041392794759 0.00954461922244225 0.111519307680483 0.107684872222528
-0.0317317189878673 0.0017274734047449 -0.134660478805108 0.0813948566174811
-0.0463487733866438 -0.0215493728295172 -0.370832871910045 -0.237190345380521
-0.0323846552415289 -0.0486047524220978 0.0304643407691195 -0.600949647260028
0.0277607553403474 -0.0296890411887742 0.773797358406521 -0.257769033102698
-0.0218627806091219 0.0234588936911686 0.687325627127489 0.667241242405393
-0.036056039626146 -0.0474942038734483 -0.0665825401860608 0.701014478185533
-0.00560364345312394 -0.0676742799562109 0.0731731135158483 0.0494644748399401
-0.0162765455158389 -0.0171203132557696 0.0214482993957002 -0.673831210342511
-0.0251233250928953 0.00753394624560502 -0.782251043613252 -0.530206426372168
-0.0198790753436092 -0.0183640957286189 -0.737201617717322 0.475234868919349
-0.0630146927901558 -0.0173958677326462 0.151462069320957 0.68635647404791
-0.0529227539295214 0.0126076642661476 0.437373668850365 0.140918857299799
-0.0221885402901262 -0.0013149717038702 0.173091644298482 -0.147075741023916
-0.0102776512464333 -0.0087054525572899 -0.137408762627736 -0.162702081771562
-0.00426597576338879 0.0105946416088611 0.11345602012195 0.099441169493017
-0.0262994587146609 0.000910352593017203 -0.144383608421663 0.056749952597419
-0.0352741192551985 -0.0210405017441272 -0.347007747215513 -0.277034241925297
-0.0190577906595668 -0.0477221975046573 0.102513682307693 -0.587296043981292
0.0360332497364586 -0.0293675667658429 0.812025456474186 -0.14241009915768
-0.0195533862874783 0.0221863444234715 0.602681198343501 0.762117674552765
-0.0314622452634402 -0.0368231460594496 -0.130130885657463 0.690257954201856
-0.00891093265800835 -0.0514201236099135 0.0762569230988776 0.0217747406740554
-0.0116152473800527 -0.00311526684374008 -0.0424618123663579 -0.675259931563618
-0.0160764644654146 0.00615417649222837 -0.831465269242551 -0.419206168752266
-0.0198019309232463 -0.0221279939348556 -0.66261389907897 0.56401197093565
-0.0559580771341444 -0.00812280400451796 0.230027292524382 0.659271855041278
-0.0394595670022392 0.0187464402342796 0.439289743545842 0.0920281502341578
-0.0135005244200364 0.000429295000670956 0.154277316645234 -0.168686492310262
-0.00637355188069974 -0.00600841105147317 -0.136880613150121 -0.172309826577065
0.00195686811664748 0.0134733813707906 0.115920659936671 0.0953241035115646
-0.0167076240944162 0.000979638573099846 -0.14857176203964 0.0427272753599481
-0.0195997359452338 -0.0160603490953696 -0.330934390763898 -0.299037981841549
-0.00777167700638991 -0.042187490550174 0.152013732413382 -0.569271980539913
0.0424760966778081 -0.0304189108876643 0.825803352344734 -0.064019565743668
-0.0122779978605484 0.0248351342707142 0.539207925436905 0.821723552311275
-0.0286977622102851 -0.0176391321980766 -0.170446267111134 0.679425010612583
-0.0131072448943504 -0.0276698323414743 0.0779272034501921 0.00144634991900494
-0.0013488728661726 0.0116076543681784 -0.0833618728637399 -0.673992866412527
-0.00570889523421967 0.00121956511105206 -0.85602455959976 -0.345312987924309
-0.0186432593105876 -0.0253957790162712 -0.604855408555692 0.615237139418797
-0.0459132944497371 -0.000932913539873573 0.275505281873618 0.63393445172327
-0.0241652451438958 0.0230511266515917 0.438522863518361 0.0640137509297427
-0.00356597928256837 0.00126944355420999 0.140330491153506 -0.182352066088795
-0.00119754991297229 -0.00274033167658125 -0.136477867809216 -0.178397854424656
0.00968492805573732 0.0155368901758463 0.117776105777504 0.0946440556478544
-0.00506121024485422 0.00413126766104996 -0.148746371869412 0.0378138787862709
-0.00575207780031234 -0.00697089692169334 -0.322477464808349 -0.306010074679236
0.000614445291278138 -0.0347608220422664 0.168010523508546 -0.562732158392449
0.0490148661962178 -0.0328094271494625 0.830153096727108 -0.0396286858993214
0.00024115964968795 0.0298811826600831 0.516517521870941 0.840233282096471
-0.0272546131314802 0.00791991087378712 -0.184848013575691 0.675428292965977
-0.0176311745780683 -0.00102134874415205 0.0780755402227032 -0.00646759536163619
0.0111562728406749 0.0272377963460685 -0.0986427550361422 -0.672983453225687
0.00623976625281071 -0.00386895132930128 -0.862578746817059 -0.321772649346396
-0.0156074485105225 -0.0282172259250277 -0.589504695572057 0.630291284645647
-0.0338002221481934 0.00394361251166676 0.288195279141255 0.622041688969326
-0.00792960726650811 0.0256100123809132 0.43593238402782 0.0551757415230817
0.00749038074431388 0.000933673280609854 0.134780602834838 -0.185862036053838
0.00505126717043174 -0.00113676597341181 -0.137071602549356 -0.18000165733548
0.0183931787663852 0.0176549268510036 0.117622750678786 0.100055235268594
0.00778295387121479 0.00677210334987277 -0.14648552501262 0.0433483391476061
0.0078520046387397 0.00227039753489452 -0.329155031339038 -0.295615763092212
0.00574666840178235 -0.0245557173309681 0.149912288558198 -0.566120719017268
0.0520550799394308 -0.0370769136911834 0.824889543335765 -0.0687245614237633
0.0152080741044011 0.0351513607246011 0.540545922090843 0.817665265170889
-0.0223069081478182 0.033288078489097 -0.170688113248093 0.67855655754751
-0.0218167868706349 0.0260230595344117 0.0753739081082332 -0.000650549458626927
0.0227013797248858 0.0432797196195779 -0.0827899294026184 -0.674989997024417
0.0182967063068187 -0.00768915613079281 -0.85519954148413 -0.352938307584098
-0.00979677162039794 -0.0317979362847038 -0.616794458774225 0.605368902484253
-0.0235481190497878 0.0079102343961117 0.266781522202296 0.630168903910824
0.00456149604155487 0.0270284792930416 0.435624887973317 0.0709976664454571
0.0166584681986959 0.00255298359570882 0.138798154334554 -0.178886425309386
0.0118107214729486 0.00147386836535889 -0.136725259852365 -0.178046270899706
0.0245042882108577 0.0188986140162285 0.117896475596335 0.106788768441686
0.0199082925118582 0.00824307119757843 -0.138238775052453 0.0589953188039058
0.0199039192222601 0.00893714885048071 -0.342936158608376 -0.268946229713132
0.0084634904297137 -0.0174832683592932 0.0984171174919085 -0.577520161278955
0.0527345701373089 -0.0427733336132092 0.805007338683209 -0.154260346026421
0.0303739135593179 0.036472356208364 0.607558268234743 0.75701339507838
-0.0155696040926036 0.0547889586172158 -0.129383488091384 0.685411290671764
-0.0251497940378921 0.0490867891390783 0.0717092269821059 0.0164543631918489
0.0311824471999104 0.0586733874588284 -0.042231880448223 -0.680058312671405
0.030316430067049 -0.00699590557356804 -0.829456560038566 -0.433921026640528
-0.00421428794469666 -0.0334611990494008 -0.676675901777793 0.550400886689234
-0.0167333404386964 0.010474368970439 0.213915806880308 0.650950935992721
0.0141006320550508 0.0296460600403773 0.434127020364684 0.105851168735384
0.0249292238321363 0.00419166730452235 0.150912056974353 -0.163229597584795
0.0164233305646018 0.00342824063416162 -0.136876226510888 -0.172970252742006
0.0287265910961109 0.0181167202313929 0.117285742893717 0.117869682452361
0.0280229725994382 0.00736727225364208 -0.125522212624235 0.0821050787188014
0.0272521610701707 0.0110808445858737 -0.364796874098332 -0.228239668725733
0.00836360358262851 -0.0115918740466503 0.0240934102221895 -0.588423596903979
0.0505244089063017 -0.0471275975061803 0.766986020874105 -0.269651982162677
0.0438386191142722 0.033786557866942 0.690134677177217 0.655112095225234
-0.00484777051767277 0.0669526542481467 -0.0668652047697245 0.697805193140462
-0.0273789850620221 0.0642992044361772 0.065940053212282 0.0445463168092765
0.032332886358444 0.0718643342566659 0.0221449824351645 -0.678004789665431
0.0403750519553597 -0.00257145619414561 -0.779178733471449 -0.547495447212042
0.00209248070897091 -0.0338000989752997 -0.758356836679925 0.456152635868659
-0.0152821782013032 0.0107318521719627 0.135663082106664 0.675290818958321
0.0166116587481257 0.0329304957056323 0.430533075662404 0.155075377296301
0.0290507841178252 0.00681901218145823 0.169086466583506 -0.139179723236356
0.0198842618571598 0.00452108429102098 -0.136028688864571 -0.163785839378285
-0.00901964034409564 0.00902150988558009 0.109642388087184 0.118528087362224
-0.0316141557953772 0.00255649977604957 -0.121404166741126 0.109283389581246
-0.0529714011151502 -0.0168211312381162 -0.394352347996153 -0.186275896549685
-0.0451341151742794 -0.0430247710913595 -0.0631250192159847 -0.608073189640771
0.0207951647676954 -0.0309670154609948 0.713250814996693 -0.387204081921947
-0.0191875081051916 0.0257919549498687 0.777629704943634 0.541723490233062
-0.0401352223916316 -0.0474734615247858 0.0133926462076013 0.708822252684767
-0.00349648437590873 -0.0761727773606885 0.0690172299550053 0.0824756735170655
-0.0139479343946558 -0.0279388676103854 0.0926273778265811 -0.667338125152578
-0.0303578190942702 0.00688988129298043 -0.709682529109727 -0.65801766058723
-0.0181273234929208 -0.0165277235057967 -0.824666561156622 0.357532206932642
-0.0648645209000402 -0.0255684580170623 0.0580456496103703 0.711880175361781
-0.0615152745094648 0.00375340562443265 0.431491205859812 0.196089071079931
-0.0287213851988038 -0.00365921973168286 0.192943993656356 -0.120467211001553
-0.0118194166108857 -0.0108141451501169 -0.138133001632936 -0.153359955605189
-0.00776375527101932 0.00985427201244631 0.112092746816538 0.107633329367178
-0.0316190235450121 0.000905708682806933 -0.135177523058573 0.0814731219057693
-0.0476214644211679 -0.0210819233064681 -0.377010098489255 -0.236912113484793
-0.0331959848842433 -0.0482093529777492 0.0253099774350046 -0.605353794815696
0.0273288896204378 -0.0299537899924486 0.776212926763151 -0.26246715028629
-0.0222297906215394 0.0236332746887968 0.696173851396246 0.667667953654568
-0.03678006004794 -0.0474899520017072 -0.0631499977524186 0.70442069589355
-0.0056160482730242 -0.068711437889367 0.0734415268582905 0.0489586503344704
-0.0154195508481808 -0.0171550786103784 0.0200696662290794 -0.677984711402734
-0.0254957911780178 0.00850678714822751 -0.791666519745012 -0.529091698380653
-0.0199333920081037 -0.0184143044648227 -0.740572891030841 0.483627519692011
-0.0629964374437902 -0.0177616413464678 0.156632166720131 0.689896990635826
-0.0528798549495308 0.0118222223746152 0.440646976642868 0.138208652495418
-0.0229529365104839 -0.00105517978960878 0.173507236330108 -0.148970210350752
-0.0102402676454322 -0.00814998575775741 -0.139000961106243 -0.163100395199071
-0.00405779981142426 0.0111771558018526 0.114529458714974 0.0994110492879188
-0.0267034365167903 0.000491330372614028 -0.144962406574374 0.0580006863251223
-0.0355294047472062 -0.021084282851915 -0.352854084820396 -0.276026447010698
-0.0194406382984089 -0.0469979945497932 0.0996650160568634 -0.590313744174314
0.0354420173960972 -0.0300487103792449 0.814708507069051 -0.146729706039442
-0.0189120292707528 0.022595918085701 0.61015360690352 0.763680114034094
-0.0314344187141908 -0.0374296421706558 -0.127920638829956 0.696016160110693
-0.00905439446821533 -0.0516456530956277 0.0775830031034412 0.0207906679146927
-0.0104203377185621 -0.00370916189315334 -0.0457694445987048 -0.680465196863398
-0.0164462501815109 0.00571795780626874 -0.839541542803199 -0.417368204974168
-0.0203379489058276 -0.0218787808716845 -0.663114647585857 0.572216575670827
-0.0564102532742905 -0.00854623783887351 0.234746587398653 0.661832100293455
-0.0402369960470327 0.0181600112019338 0.443104154060638 0.0917233948399073
-0.0138997867908415 0.00151465196141925 0.154513684886019 -0.171232560192733
-0.00715162352884708 -0.00623035235433925 -0.138776952600543 -0.173098780188337
0.00290764503867298 0.0139050191787241 0.116631970830725 0.094996433301802
-0.0177096352844222 0.00276139399338429 -0.150104597536884 0.0429849093769659
-0.0206081963788761 -0.0158681471535385 -0.334811757702514 -0.30031496128947
-0.00748260024852929 -0.042484963921191 0.146934034808953 -0.574153058052283
0.0424842286685448 -0.0307394372819647 0.83161173090864 -0.0675175550982072
-0.0125326588256996 0.0257234528016071 0.546265467545435 0.825550553938366
-0.0289276025710253 -0.0183493156931772 -0.16735486871577 0.684544794790874
-0.0133223267766462 -0.0285362387114726 0.0791585625924101 0.00112888282629871
-0.00107801307488429 0.0116787092121367 -0.0874421348801362 -0.677228727387973
-0.00624396348830787 0.00191801316401386 -0.862858212119485 -0.343919581997366
-0.0185481686640156 -0.0249123960835014 -0.606095590448001 0.625428274878022
-0.0465923308182598 -0.000416854634014474 0.283421825742039 0.63745161030138
-0.0244566956226719 0.0234457475165102 0.443994464853836 0.0622878046863423
-0.0028264728849386 0.00200114531403358 0.140954008272052 -0.185076880130187
-0.00168940306290371 -0.00249113719575444 -0.138788524645653 -0.178711786335848
0.0102396033215207 0.0154276619736456 0.118442025611998 0.095546750947201
-0.00455887178398146 0.00501302110081082 -0.149513566375524 0.0383620269626241
-0.00528991279263764 -0.0072763045597388 -0.328026701176178 -0.305588018308309
0.000916567386237127 -0.0343150712730519 0.165186505921418 -0.566098954265071
0.0483950417170384 -0.03283055288849 0.834556237664547 -0.0425214977182973
0.000229483204421913 0.0303185403499451 0.523053700268252 0.843385706325685
-0.0261521200381348 0.00719745374444471 -0.182950430533974 0.679652422392878
-0.0172629855104644 -0.00136990725156102 0.0783858213124743 -0.00708264687733051
0.0113702682380353 0.0271102653798276 -0.102355486960222 -0.676794445705867
0.006428224056172 -0.00319212948691629 -0.871096144270691 -0.320181042434143
-0.0153362506518322 -0.0289274159292628 -0.590725337461098 0.637059366050294
-0.0334337435211688 0.00430257882138405 0.295483952289289 0.624907431597854
-0.00816472654358075 0.0254333421874052 0.440374273542783 0.0542087460509016
0.00696481735910497 0.00141506238918115 0.136021322234715 -0.187690798884756
0.00504727635103655 -0.000673324478364622 -0.139031796164367 -0.181842220849689
0.017940766012573 0.0179218057624118 0.119580437649026 0.100253909003549
0.00780366186011365 0.00699728524780551 -0.146562480135836 0.0439016794844426
0.00869529886488784 0.00178353692844461 -0.333122749770701 -0.29588715270536
0.00617156828309412 -0.0253790625799092 0.14777132629908 -0.570030735530397
0.0517411060718386 -0.0375940678587706 0.830659311584579 -0.0753228890217041
0.0154576128753677 0.0358188056295492 0.547183730133872 0.818501463206487
-0.0227390731754988 0.0332488473687082 -0.16678625242721 0.682411760285043
-0.0219196720960985 0.0254073412292085 0.076194554035672 -0.000683121799788621
0.0232930002452555 0.0429861016945202 -0.0870146021546032 -0.67843356731495
0.0189744876686909 -0.00633699700685438 -0.861691251171073 -0.352959800327394
-0.00966195720213428 -0.0307753098324464 -0.616771747613898 0.614362424252265
-0.0240819428025965 0.00729454611059866 0.274433195971112 0.631758516630374
0.00520655022238374 0.0275945557826001 0.44013736052938 0.0676514631475221
0.0169475884508822 0.00288785725299401 0.138813807435484 -0.181085494712017
0.0110850907802452 0.00200986781876588 -0.13868747950102 -0.179312595294449
0.024980733615555 0.0182974673070978 0.119051087297404 0.108114820484344
0.0193720408677123 0.00805446451617506 -0.138172731294827 0.0594762877013904
0.0196778196539035 0.00833695440565289 -0.349301750538816 -0.268784097245919
0.00858218359102894 -0.0178892798612802 0.0970413299636521 -0.582808421020226
0.0534372847175751 -0.0430196859435374 0.811308062263127 -0.159504990203198
0.0305456716786853 0.037227812687435 0.614875296244307 0.756827814389443
-0.015818834783428 0.0541399477475829 -0.126728987508614 0.691529377248953
-0.0253529780925345 0.0491163843283228 0.0718735080405303 0.0163516593968374
0.0321308649380369 0.0583874508010781 -0.0450835684186864 -0.684996679266666
0.0313398502436976 -0.00693307002551141 -0.83897559035972 -0.43232372025295
-0.00413606976640287 -0.0329921354598154 -0.678258476610448 0.559434876731541
-0.0173846607741141 0.0104143035230974 0.223065609161327 0.653903464739033
0.0140813822804331 0.0297916179267409 0.438747413514757 0.103208839616753
0.0242052879505615 0.00512091688531138 0.151058270380028 -0.16571186909624
0.0172739989597134 0.00355806516053634 -0.13814559738324 -0.173647883969797
0.0290191158413939 0.018227700533635 0.117903504097137 0.118313836665015
0.0279785216980674 0.00679921984427215 -0.126384382722587 0.0836300567432775
0.0276121218187523 0.0107409730353025 -0.369581546922202 -0.227534292761828
0.00842434647450563 -0.0117898025557145 0.0216593852179622 -0.59249085952295
0.0504247205014975 -0.0484036367956951 0.771225140180152 -0.274862073362693
0.0443330242672387 0.0346769934300664 0.697334899270133 0.65485634937793
-0.00459406766525227 0.0665509484747028 -0.0655552540107998 0.702110794743635
-0.0274015317830595 0.0647041064291125 0.0671597774445548 0.0448353283672478
0.0338922625805343 0.0721945411565036 0.0198602280600813 -0.682197721627293
0.0399520541232357 -0.00247608197762198 -0.785766505568474 -0.547729727926474
0.00217127280280499 -0.0333666808542872 -0.763715368763502 0.463943085260188
-0.015275000334479 0.0112308993579336 0.139853469190201 0.680208933482899
0.0171403988185295 0.0322170028296398 0.432866193979233 0.152178136968194
0.0289529650277951 0.00757499362043926 0.168936732481202 -0.14102199833688
0.0205349739690576 0.00501215086298301 -0.137566800252749 -0.164239440656203
-0.00833480635038385 0.00931564360616388 0.111187737037361 0.118700352657438
-0.0320096049460686 0.00214524899745226 -0.120601868977417 0.110167831832927
-0.0534415447308964 -0.0172151050903303 -0.398769513242478 -0.18372579440446
-0.044768063956145 -0.0431127198058272 -0.0689067731484734 -0.610723878660121
0.019270319809675 -0.0317654351936923 0.712223776810923 -0.393770922007464
-0.0195697471927429 0.0268199152236084 0.785193789832885 0.539040481553621
-0.0409136790490023 -0.0479992059863555 0.0181351596106211 0.713080036080115
-0.00362720169011903 -0.0767176774015968 0.0701899630097008 0.0832062861911246
-0.0138916540063906 -0.0280722063936896 0.0904773943637774 -0.673046493866839
-0.030201677739171 0.00859643232654631 -0.71817421277503 -0.657612727964576
-0.0180650220646626 -0.0165610272113695 -0.82823305170689 0.367684036101394
-0.0649637845139096 -0.0251854908599666 0.0653787017758505 0.715775802700926
-0.061042776734094 0.00521973709658306 0.43489639505799 0.192831328754658
-0.0302509292479672 -0.00289239407233247 0.194465744187339 -0.122812052413348
-0.012668574264987 -0.0103298510231924 -0.139876510647468 -0.153627859183931
-0.00786627356294331 0.0106087890406883 0.113390668244353 0.107841292996572
-0.0320064281532855 0.000796974981806822 -0.135155917009226 0.0828250124644819
-0.0479252377448347 -0.0215592676308993 -0.379816606270824 -0.234535211374347
-0.0332829788267815 -0.0483170974218292 0.0204192008305559 -0.60839414797608
0.0274878691919658 -0.0308691167416975 0.778829460586893 -0.269233547067934
-0.0230314885180322 0.0237271027317142 0.706287872700038 0.665850281195245
-0.0370486615888949 -0.0484172659509401 -0.0596980670677024 0.709698230433448
-0.00698999582435026 -0.069112611738924 0.0746298419454129 0.0497704843266219
-0.0155405288408331 -0.0180102936565689 0.0150141075140989 -0.681756901575095
-0.026293222809063 0.00918220332062496 -0.798971494046635 -0.525764514752168
-0.0202482438052493 -0.0183435278174065 -0.744751910493853 0.492526733132118
-0.0633335351263885 -0.0172783739126616 0.165687012266881 0.693140420975683
-0.0532792890774253 0.0133759019769448 0.446040795565539 0.136571690679183
-0.0237966022564034 -0.000277216529531242 0.172959376889499 -0.151718247834139
-0.0107735898214757 -0.00790092747353144 -0.141260362732919 -0.164061967147417
-0.00294980856520076 0.0115576553495193 0.115870716116004 0.0998793779345209
-0.0271346382778306 0.000305050824832025 -0.145159471057881 0.05919849036672
-0.0361169252475461 -0.0210173190643405 -0.357521393356057 -0.276374681117331
-0.0191196258905489 -0.047193110465668 0.095360919489709 -0.594186370892965
0.0352538282599572 -0.0309245554265041 0.818722965968713 -0.153999993857882
-0.0190142648962863 0.0229214453509259 0.619316240873814 0.762554341875902
-0.0320543473700339 -0.0375646872072473 -0.123055110056207 0.700230752289226
-0.0101910944823902 -0.0520413250335208 0.0778622840547862 0.0215103392648228
-0.0108960794778362 -0.00369201554924378 -0.0507645560900775 -0.682695573286886
-0.0166189696178256 0.00699765916802817 -0.848787634596772 -0.414121845955369
-0.0208677350119044 -0.0214065869085493 -0.663651995720894 0.580851538880805
-0.0568313553719361 -0.0084722245922055 0.243306643157034 0.663421594540644
-0.0403934713997905 0.0202342966097618 0.449245347085058 0.0877927586885803
-0.0156578775123263 0.0012919497950425 0.154794630922982 -0.173344857597223
-0.00657755769949764 -0.00551447476462826 -0.141067351205034 -0.173240289911879
0.00323483846114687 0.0136398158584748 0.118055834123219 0.0953894014673829
-0.0174969945750528 0.00153844072156018 -0.149471685874217 0.0451156016075378
-0.021017265674147 -0.0160421451730416 -0.340078255965137 -0.298253288670257
-0.00805544576217591 -0.0426747298313708 0.14573592323239 -0.577745237362377
0.0425427573048512 -0.0315612733359584 0.833593419099146 -0.0735704819553963
-0.0113986282325892 0.0254658818393888 0.558382312406966 0.824941422266103
-0.0294795820563174 -0.0180049718663366 -0.164357953243968 0.688881495373865
-0.0136031304297885 -0.0291331692256692 0.0796029269612075 0.00114476684332679
-0.00037890800142731 0.011238130477177 -0.0919310862972631 -0.680779060440426
-0.00537794207319576 0.00221821823625767 -0.871490325186969 -0.339341537618883
-0.0183485178016074 -0.0248818289052803 -0.607058954686907 0.633916225222072
-0.0461623447562689 -0.00019901134553852 0.289843615752524 0.638766293287407
-0.0237328754399841 0.0234155458212539 0.446007790538065 0.0592550689620869
-0.00374170360622707 0.00225898702460734 0.139945238874823 -0.187661355922074
-0.00155555620494693 -0.00244014365134122 -0.141059109057728 -0.178497997052911
0.0106439554816429 0.015740493579881 0.119800524358783 0.095817883385555
-0.00517330065330359 0.00398305562080943 -0.15014531650527 0.0396089333037309
-0.00565383897261575 -0.00766539971222062 -0.332132975035625 -0.305984128522168
0.0011296797778525 -0.0345992826357914 0.161029126126828 -0.569733591545239
0.0489052585894812 -0.0341667709558874 0.839846060003112 -0.0501392809721386
-4.31248190836224E-05 0.030600545912882 0.531657477981894 0.844766022862207
-0.0262057267883778 0.00743312279466612 -0.178675271315227 0.686463403763448
-0.0178723297781117 -0.00152216860237351 0.0788753538276867 -0.00685833127249705
0.0127777188054628 0.0264485499553258 -0.106732779949262 -0.679940445916865
0.0066460793546801 -0.00289954211673762 -0.878753369305273 -0.315106377884098
-0.0157186184196332 -0.0279980056915283 -0.589314410417205 0.646028770929051
-0.034051624136812 0.00414123419200453 0.303366202347454 0.626115761476516
-0.00823254198021073 0.0258625009939669 0.445898643719572 0.0496593177990176
0.00696122132600127 0.00222692965455929 0.133884167370131 -0.190008883421444
0.00527317811412605 -0.000223703634582611 -0.141080825066875 -0.180630499624794
0.0187891676088357 0.0171559345218027 0.120393126312793 0.100417000334627
0.00776282417916052 0.00627888861543738 -0.146992668995856 0.0454595319296432
0.00875068104665004 0.00240391304728679 -0.338165492524528 -0.296229608128968
0.00604129166545977 -0.0253440431988528 0.143852567072497 -0.574540786084958
0.0522589613909702 -0.0378755727771844 0.833968162500178 -0.0812119723536304
0.0160193982485413 0.0352568770338454 0.556722528461443 0.819401100871256
-0.0232339886270832 0.0336985359963618 -0.164303166628028 0.689941452808527
-0.0217916904839187 0.0261787376909377 0.0765123852122296 -0.00103606018389539
0.0249309804494677 0.0419821127978391 -0.0927520033556106 -0.683073621879198
0.0196355533576566 -0.00688364206775987 -0.871578399754438 -0.349288115462714
-0.00986230301328151 -0.0313119088064267 -0.616845303044712 0.623492863552658
-0.0237360497310155 0.00825328842661936 0.282368433384067 0.633774925638394
0.00550296117348463 0.0273518313212049 0.444487811114453 0.0644279778111609
0.016328173806243 0.00267551093166951 0.138567423424105 -0.183542576088343
0.0122259801773675 0.00259742425736913 -0.141027597824918 -0.179202196115481
0.0261754643330921 0.0180747705816767 0.1198710584905 0.107743178677465
0.0193042929739017 0.00769262934479647 -0.139363973680396 0.0608877961062086
0.0198152980280807 0.00823873674941337 -0.353290055649787 -0.270050536539385
0.00860520393034586 -0.0185096616778922 0.0944043101693018 -0.585168844717875
0.0526124427654817 -0.0432035869922842 0.814414675005043 -0.163662043539394
0.0311804930260639 0.0374483982171948 0.623833249838318 0.756365705697647
-0.0151714273184037 0.0548838477585539 -0.123917695190223 0.696692076762674
-0.02513049387425 0.0493443584032875 0.0725145359880639 0.0158400309809244
0.0331061391157054 0.0575738529035495 -0.0500940951313816 -0.686692921115303
0.0311399389180983 -0.00693869404045205 -0.848664984643206 -0.42954896583971
-0.00417680406651323 -0.0326674128027792 -0.681204456127157 0.567028880896021
-0.0176414838040808 0.0101235529672989 0.231046137049989 0.656144219608277
0.0141581690913311 0.030106769569077 0.444168057008631 0.101045823235998
0.0246394808398089 0.00491270946891579 0.15056770834085 -0.167356758264001
0.0176317469394922 0.00416458346083633 -0.141148260244642 -0.173723383021574
0.0298392491952958 0.017492569295744 0.118366060489755 0.118489438773075
0.0272564951905123 0.00669140820452221 -0.126384248381049 0.0844678056467
0.0285872892773367 0.0103396671141475 -0.374059376704809 -0.226667340031754
0.00877725960446466 -0.0111827290681098 0.0167334070096794 -0.594209098514356
0.0499464467289976 -0.0487894464051684 0.772349661067562 -0.282817013058282
0.0448540971568992 0.0337898590770958 0.705897728777737 0.654282102311709
-0.00389697948732572 0.0669766099808583 -0.0600462961822261 0.706373494345724
-0.0265925321054331 0.0649039757163674 0.0671632313783542 0.0439914580820001
0.0348378046643194 0.0712108458537256 0.0140627503399835 -0.6879456910136
0.0407206837249055 -0.00241492285319759 -0.797981477435073 -0.547518224811557
0.00196033770976134 -0.0332161478692097 -0.763813438442158 0.473578435397644
-0.0145973522903299 0.010719449362542 0.149077055941583 0.682854809258132
0.0176916799842736 0.0332285697405322 0.438323489855053 0.151341387709568
0.0297412749021111 0.00779888747197435 0.168625663385836 -0.142962316863932
0.0204652971722701 0.00543117276704737 -0.140154320734379 -0.164652496400441
-0.00842770583080883 0.00897880082924615 0.112159354203223 0.118963161278856
-0.0321439937702816 0.00266846546124731 -0.119125395322523 0.112340732547088
-0.0533011844774806 -0.0168493886625397 -0.402381680082796 -0.180826138099041
-0.0442894886738534 -0.0426747601424569 -0.0768512395895663 -0.611253851511697
0.0190050282019923 -0.0321942828229962 0.714706241934283 -0.404009487337297
-0.0199461288726757 0.0265866973099535 0.794066710408634 0.533452134993098
-0.0408502412825019 -0.0485205712622098 0.0245459386230131 0.717050279146553
-0.00477964972091956 -0.0767782352836333 0.0715514082023226 0.0825748809824676
-0.0132003708696823 -0.0277857256786521 0.0843133733117481 -0.677042514055901
-0.029738774302046 0.00879724100199596 -0.729746457700517 -0.655061658177745
-0.0180284661474839 -0.0154605203023184 -0.830384765611301 0.378035117700234
-0.0661295591483955 -0.0253555277153417 0.0734674744669026 0.720398160522751
-0.0620396234137029 0.0053580323241287 0.439659112220284 0.189562316804177
-0.0294235266644166 -0.00273315984828837 0.194013791711081 -0.126558384937904
-0.0128990678538075 -0.0107597551052992 -0.141777704019789 -0.15270586884896
-0.00764042615279199 0.0100790776280045 0.114404138319619 0.107540777006337
-0.0325707311675967 0.00125894184901055 -0.134484200571816 0.0839450153854167
-0.0474924802152791 -0.0216465961953454 -0.384206866850922 -0.233477318715493
-0.0332847088749732 -0.046897717683061 0.0141748950604371 -0.610822066594513
0.0273907588533444 -0.0322256292414067 0.780995127765066 -0.27825573323845
-0.0222014601669564 0.0245242115471612 0.71458584802184 0.662238018758251
-0.0370327361724864 -0.0484241772279225 -0.0515943585260754 0.713602387745671
-0.00718079888029109 -0.0697785752474264 0.0755191137655347 0.0490276836584278
-0.0154194289436079 -0.0178527771953364 0.00828662333288717 -0.68568208739684
-0.0248437837122148 0.00942403922964426 -0.809690137458562 -0.523300272972508
-0.0206351678802589 -0.0181175212904266 -0.743599917679101 0.504404145200608
-0.0636546839095542 -0.0170310784524443 0.174455821724804 0.696520079559374
-0.0538368395738166 0.0137460831689851 0.451441227990481 0.132543498623784
-0.0239762490103125 0.000393733567997878 0.173068740784968 -0.154887585380086
-0.0104542951679625 -0.00796980629891178 -0.142657883822136 -0.16302155121182
-0.00323308643445322 0.0114613281934969 0.117381924878434 0.0997576305350135
-0.0274812873862931 -3.8394628776083E-05 -0.144971476584336 0.0609207886984282
-0.0358637848222051 -0.0212160670954292 -0.362707700817367 -0.273743542567244
-0.01976842517204 -0.0483268068902049 0.0898877371442335 -0.597987254774833
0.0355943580557391 -0.0314433676320192 0.821916510364116 -0.162385690864708
-0.0192717961471475 0.0237140783592868 0.630315008195631 0.761409823680119
-0.0323760625143909 -0.0379861892234852 -0.117191178598936 0.705160003760765
-0.0100548187937813 -0.0525416096652294 0.0790909581924981 0.0212274561772379
-0.00990770282106191 -0.00421570973785326 -0.0563816149063083 -0.686793916216333
-0.0166196118155397 0.00761730962658747 -0.857420889922624 -0.408405610704429
-0.0215642002678287 -0.0208513809679055 -0.662431750387031 0.592573135175663
-0.0573878042296981 -0.00782423139630977 0.252985536771073 0.666253901870033
-0.0397097890329326 0.0198103488980565 0.451539614993147 0.0840687171434739
-0.0150422647558183 0.00220194985817106 0.152959262400693 -0.176386520440107
-0.00608646630157285 -0.00480851748733266 -0.143360081691174 -0.172776248857487
0.00304156407188619 0.01383232079001 0.118094835269602 0.0954223392895267
-0.0179111271800262 0.00133890575673361 -0.150069145952926 0.0453947482713957
-0.0207887496164966 -0.0157765727376289 -0.345552202501756 -0.297575558298766
-0.00761535274438513 -0.0430479128438702 0.139888079855377 -0.583432880839709
0.0420221521843795 -0.0327851785110279 0.839965567156187 -0.0814669100460752
-0.011603051280646 0.0261376237820903 0.567780283733484 0.825316837125757
-0.0289960739041926 -0.0185199030397543 -0.158366669371421 0.695886945300479
-0.0141892080455072 -0.0290944825760315 0.0796126723439869 6.83395009907841E-05
6.41375607926958E-05 0.011128376258743 -0.0993131650050274 -0.684284047274463
-0.00539180475492473 0.00286068934193804 -0.881773396639455 -0.333592258563139
-0.0192670589156188 -0.0242316801974565 -0.604114599129623 0.644620757513509
-0.0466832777816131 -0.000920959170884878 0.299550066446138 0.640116747634684
-0.0239024210163881 0.0241537384921412 0.450092738310341 0.0538417318720931
-0.00369517997317266 0.00328730706462252 0.138708216340374 -0.190362345433002
-0.000908021142165646 -0.00167207127841837 -0.143050956000206 -0.179087602311815
0.0116596865240112 0.0155534260269894 0.121018924562232 0.0962161585466247
-0.00582799290664013 0.00406115265139562 -0.150544150904985 0.0406472696106216
-0.00587183926304892 -0.00798981019418558 -0.33789400695325 -0.30431296643092
0.000675678556333978 -0.0349157958760436 0.156628278316678 -0.572965032514251
0.0477414739372168 -0.0353157542444324 0.84360592944505 -0.0569492023489765
0.000162584038352481 0.0309053272211625 0.54177933149917 0.84382765433929
-0.0262785337166097 0.00710928631226964 -0.172910614590463 0.690137169575773
-0.0183382103358673 -0.00159476791124863 0.0801989398531386 -0.00780625609937904
0.0126395575656118 0.0265209337516312 -0.113134552834555 -0.683717305736298
0.006375615669536 -0.00235852039221085 -0.887145409424143 -0.310998065863847
-0.0156078833723185 -0.0275575361944174 -0.587076363428788 0.656450175032845
-0.0345756736052355 0.00409110487573728 0.313209285433768 0.627930713464258
-0.00811279983606441 0.0256212928482207 0.448554321141602 0.046553096180009
0.00690292634210264 0.00303813643619406 0.132893019364823 -0.193649939085615
0.00552443713114617 0.00063718859660172 -0.143774643221107 -0.180970198789308
0.019345359044449 0.0170751597243378 0.121287821059486 0.0999323377951201
0.00709050692278025 0.00735442219153735 -0.147159950629945 0.0474812442328464
0.007504851519109 0.00121303246422513 -0.344766668115865 -0.294326882667611
0.00582168494881878 -0.0265258855741453 0.138808744086673 -0.576437839715323
0.0520367096127641 -0.0392337558618108 0.838884786209869 -0.0888144351999221
0.0157817560125777 0.0357632346149464 0.566592667700706 0.818484175024238
-0.0225114178669133 0.0334114593844198 -0.159861090757612 0.693320653057458
-0.0217443489787537 0.0254733987448224 0.0772747901018216 -0.00202216776349657
0.0259697507538317 0.042073020929463 -0.0981956496460928 -0.685804962558292
0.0187656009516827 -0.00594862075752742 -0.880772585219906 -0.342549237957432
-0.0111622888533204 -0.0311163997407 -0.613621859863773 0.634365081007815
-0.0239903041764282 0.00774893933143055 0.289815675140913 0.636281051264654
0.00542071413182102 0.0281882405865806 0.449327988751241 0.0612540602816092
0.0167674377334424 0.00322638968720421 0.137349517873949 -0.186289172178321
0.0120732241017934 0.00300550900701126 -0.143173856746219 -0.179271462149382
0.0260283273687707 0.018771673462464 0.121890604603107 0.108173358669818
0.0190822972247988 0.00815791039320748 -0.138508678415099 0.0617229823255898
0.0205364883002324 0.00797056394429792 -0.358159683008357 -0.266018590781513
0.0086704100175172 -0.0177467109301457 0.0882734340735893 -0.589247763132528
0.052435409635576 -0.0449088577238342 0.818515299625713 -0.174246133249401
0.031741055207158 0.0371720149587954 0.63363265245209 0.753674478997666
-0.0141199763824112 0.0544306917637342 -0.117696397365112 0.701036069380895
-0.025012306703865 0.0498378740102662 0.0737559190702909 0.0162660177873304
0.0338012253740072 0.0575100428419593 -0.0561820272352771 -0.690840877261681
0.0316068285179023 -0.00637902163973515 -0.856829202089394 -0.423989318539826
-0.00490821654896262 -0.032562241190936 -0.678540719465087 0.578098172309947
-0.0171020990435477 0.0100584548882042 0.238733074936838 0.659038178769006
0.0145184664957715 0.0302711474058508 0.449341755695237 0.0967066112933777
0.0250590975004996 0.00511682817450304 0.149729057729058 -0.169736771194801
0.0174971519551171 0.00430116865528687 -0.142249855804834 -0.173601703231519
0.03023722132861 0.0176771305694874 0.120263524682796 0.118433840746177
0.0267075916819614 0.00633139092771958 -0.126209598541475 0.0863383600958777
0.0281192023332874 0.00988689401460251 -0.3780271894149 -0.224899646045875
0.00922032726262576 -0.0125241508650151 0.0127848740281826 -0.597234677711147
0.0493538656130647 -0.0495686060172082 0.774881153047741 -0.290485793177395
0.0453384869129314 0.0332748977535195 0.71577802845314 0.649511810416981
-0.00347694113020617 0.0666103672664616 -0.053468065539603 0.71039026108182
-0.0266212641189672 0.0659237358712004 0.0681828961788102 0.0437564770546693
0.0365969861444058 0.0710402297819711 0.00897452204988543 -0.690889507988164
0.0411307663745791 -0.0027432564403042 -0.806822080896473 -0.545158014901683
0.00134610989138944 -0.0334865505152723 -0.765536505550507 0.484571178174628
-0.0160016236489657 0.0118818264983712 0.157008519197817 0.685960217640448
0.0174788284147363 0.033589085717822 0.443546397460619 0.147803574210765
0.0299584685374476 0.00845334177161528 0.167856727968114 -0.146437859483672
0.0207839321985094 0.00537584567710752 -0.142333482660521 -0.163724949853206
-0.00806438855310499 0.0102970639948051 0.113419994505925 0.118885172280224
-0.0320594422551082 0.0025964207587984 -0.118465441517548 0.112818779315592
-0.0540967113786358 -0.0163271102108951 -0.407814169776103 -0.177877270536946
-0.0452340482103687 -0.0417236357356782 -0.0849909570673836 -0.612977131055624
0.0190223032172763 -0.0335115419486394 0.712730830623933 -0.414896434970887
-0.0193673568100062 0.0276120107496659 0.803639969444907 0.526003136408416
-0.041703904601705 -0.0479857700827158 0.0323221647801829 0.719659232834753
-0.00581328183983072 -0.0781848041305053 0.0716861043155343 0.0830067166725129
-0.0132543882256811 -0.0281014883499782 0.0784768200797785 -0.679351650770242
-0.0303031601801134 0.00960688092454197 -0.740195802352532 -0.650214136784338
-0.0184327995574171 -0.0156344873276839 -0.831751425671124 0.389837873788554
-0.0661010802354985 -0.0254400977997772 0.0821511883047102 0.722962360364856
-0.0619221961424196 0.00640595688226671 0.444757907067995 0.186448602662266
-0.0299757316138965 -0.00121169868156387 0.193436154618657 -0.129480679955564
-0.0126236515807792 -0.0100526657201212 -0.144163112329782 -0.151806098877812
-0.00714062866505066 0.0107551894138171 0.116284271185724 0.107619343708627
-0.0329312002669442 0.000732878656999774 -0.134409926634796 0.0854253571446097
-0.047598316935106 -0.020655513110318 -0.390026315956842 -0.230358544958826
-0.0333512829674959 -0.047309691530479 0.00562957747147659 -0.612701060618034
0.0261905168924029 -0.0323832944972454 0.781065931856802 -0.288206878538425
-0.0221492740849925 0.024367823369722 0.725148602533184 0.657851998849706
-0.0376201370293048 -0.0483605721297051 -0.0460419719258642 0.716285208533276
-0.00691601785350085 -0.0700304332984918 0.0764690251575837 0.048695357153759
-0.0144588461297591 -0.0183204500826527 0.00152075812775673 -0.688932494996763
-0.0253700060424723 0.0104628714250016 -0.820864292190979 -0.516771458627881
-0.0204962385892213 -0.0171471131872718 -0.743206650437992 0.515558871492953
-0.0645283498991136 -0.017096474748717 0.184944252746638 0.69918639918069
-0.0534732699595469 0.0140625882686221 0.454899900335516 0.128201329598723
-0.0238667989267896 0.000774105020501943 0.17185091551917 -0.15752724740433
-0.0109403297869305 -0.00731921084419508 -0.145463239803381 -0.162332246007416
-0.00308250375744099 0.0117977091628551 0.117655285552924 0.0996196586740521
-0.0276833554271184 0.000539082767854077 -0.143433038845709 0.0624024830811933
-0.0357656270111478 -0.0212772645993093 -0.366875034631206 -0.271205291685631
-0.0195074500081508 -0.0472990074070866 0.0821971831999832 -0.600073144301302
0.0342900515024834 -0.0328837433635822 0.824000277008042 -0.17281318497599
-0.0196000545072574 0.0243959370629875 0.639329239826226 0.75749743395418
-0.0332443069315459 -0.03823286162224 -0.109565545604095 0.709579594196825
-0.0110523197138684 -0.0532564269919925 0.0794342628884625 0.0202368725010027
-0.00935279940908164 -0.00435283854869599 -0.0627424281434969 -0.68725330169134
-0.0167922603331478 0.00852383722354294 -0.866127865450003 -0.400247829973707
-0.0212965580056129 -0.0211826858314441 -0.660111400253196 0.60428673762585
-0.0579830940621961 -0.00816860716159353 0.261535738559272 0.665657840985414
-0.039370920355575 0.0212102277110743 0.456944536067134 0.078932486609896
-0.0156747005028022 0.00251805665974317 0.151206867509855 -0.179251239556344
-0.00640200734622708 -0.0045243164614201 -0.146427541997232 -0.172331813738049
0.00381712170164861 0.0143899595974208 0.120396482640785 0.0951283990578759
-0.0186383773089727 0.00102322536251493 -0.149843903706479 0.0472269899380122
-0.0212681001927649 -0.0161006672238252 -0.349427418767249 -0.296651665481892
-0.00755317385517844 -0.0431117046881473 0.133215668186655 -0.585467271305433
0.0419521425857098 -0.033434191285605 0.842161488781288 -0.090448100747735
-0.0118360849126624 0.0268307789561875 0.577270123817019 0.821527242594048
-0.0290586591050039 -0.0184599465469635 -0.1534378622538 0.699737618578731
-0.0146196986911947 -0.0295285657912653 0.0800968428203555 -2.51852879954553E-05
0.00137443825430533 0.0107060179122506 -0.105668439144449 -0.684887071669313
-0.00498175252053846 0.00343005410476961 -0.888629459720515 -0.325688753811852
-0.0195601825363667 -0.0237017087471275 -0.601211168946114 0.654254537798432
-0.0470308594810389 -0.000644841762005542 0.308873141190223 0.640112514605471
-0.0235117598185364 0.0248024430321288 0.454123728376241 0.0489248745809754
-0.00398690502749003 0.0033891555975521 0.137448943799277 -0.192763236677605
-0.00119696027257133 -0.00196836584025044 -0.145995512576884 -0.177944983177316
0.0120417067610452 0.0146890037239471 0.121823957435522 0.0948977022828944
-0.00588800016497137 0.0036862840557649 -0.15072014815928 0.0416030085407854
-0.00617564513516284 -0.00809756564906354 -0.343765514433521 -0.302490760721125
0.00165667468764844 -0.0353073693417051 0.151091479154799 -0.576917654051855
0.047981068759044 -0.0356658641362835 0.848977488547786 -0.0649919398380277
0.00110560169958429 0.0312532731366152 0.555496156407131 0.841634107823588
-0.026473315067146 0.00737390992114948 -0.166582929673564 0.696005562678306
-0.0181795871488386 -0.0017368466481625 0.0804905614625108 -0.00816824694201344
0.0143584893025542 0.025965864184406 -0.121026950127685 -0.685610451964809
0.00658148831404045 -0.00246660198082135 -0.897141324505921 -0.302103787151888
-0.0163692151521966 -0.0278224277421954 -0.584968943405693 0.664468382750558
-0.0351204531909858 0.0038180869132163 0.322238989980155 0.626157701062899
-0.00816983080087454 0.0264816248094685 0.452729504909971 0.0399324418230849
0.00710871038182599 0.00298132114570735 0.130881982902499 -0.195018683507655
0.00557959818043303 7.04287743392741E-05 -0.146460840857856 -0.180706113282548
0.0202559023340312 0.0165841446705091 0.123187086339968 0.0994532828200378
0.00719855127279708 0.00604081780662571 -0.147039793775508 0.0477292038658674
0.00872350001858384 0.00145238447302612 -0.348370124838171 -0.293075697512229
0.00699920122412929 -0.0265893921103561 0.134733547644528 -0.581712998309285
0.0507216440088704 -0.0404264572646327 0.841135018736565 -0.098622506290341
0.0159538247231375 0.036121611914323 0.579125564291843 0.8149610467849
-0.0219965374778503 0.033573579118797 -0.153166274951323 0.69839229505504
-0.0215462018315358 0.0260869506197093 0.0778879328199424 -0.00345317280917021
0.026407054819441 0.0414729857417713 -0.105513816111215 -0.686191063206205
0.0196818606301247 -0.00647523535655704 -0.888610056249289 -0.335334790176388
-0.0108422827387877 -0.0309557043884967 -0.610701950109614 0.644223173261368
-0.0245630409770866 0.00812729029761595 0.30013609531029 0.634565232607385
0.00570151125903218 0.0283076119288254 0.451306605531106 0.0550247227574739
0.0175914697655451 0.00402900274150866 0.135924011122611 -0.188976248522954
0.0122496063203693 0.00259101863145957 -0.145538475155206 -0.178909010352704
0.0269109423104457 0.0176494810140255 0.123307876665904 0.10727958680525
0.0181012785800529 0.00731078365190331 -0.138669825530385 0.0636652838299225
0.0205315628608341 0.00701560246499402 -0.364711638436036 -0.264622002174438
0.00956578347798848 -0.0189095572858075 0.0810216800060268 -0.590362920795669
0.0510195961352392 -0.0452474386433203 0.81937383313515 -0.183858438860212
0.031736960937538 0.0375596182775429 0.644139852366286 0.750631046619687
-0.0138334105349442 0.0552203376155809 -0.111791652515647 0.705824688332483
-0.0245983953565108 0.0500549529933913 0.0732949646915836 0.0140294023099411
0.0352558590890432 0.0568708972378856 -0.0635126168416729 -0.693140516630669
0.0319531266455175 -0.00654403247471939 -0.867076996993571 -0.418669278643117
-0.00453841126809449 -0.0327049850006299 -0.675918207450773 0.590674603703212
-0.0180817108950575 0.00970493818640892 0.249198415098747 0.660025585246488
0.0142613716082894 0.0304373293479121 0.451891973789283 0.0912400947256717
0.0254654026710632 0.00577632316676545 0.148540699681252 -0.173128122564427
0.0172962787647551 0.0038128092366316 -0.145352587379659 -0.172031327715107
0.0311595280744233 0.0175509216099306 0.122621484735503 0.118239556237552
0.0271339479891187 0.00613210517332835 -0.125940773337903 0.0861796602751872
0.0289527987475881 0.00979085654671951 -0.383774089489285 -0.221422123013743
0.00997426579797218 -0.0130251650926842 0.0047835692238629 -0.599608672538311
0.0487415013844649 -0.0503033488320087 0.774028756120218 -0.300935863008764
0.0466817474434564 0.0337684250164366 0.72576579099381 0.644708714838813
-0.0021983624196445 0.0663338238865628 -0.0478914375077984 0.714385221487559
-0.0262290077971553 0.065790429738614 0.0690092222291192 0.0429511276646684
0.0378645364353682 0.070862475713069 0.00204723501356884 -0.695144731013154
0.042365617128218 -0.0024116254877689 -0.819225360796757 -0.536638881509421
0.00127769238521522 -0.0335588102862472 -0.762607428028921 0.494739421910679
-0.0146662824302094 0.0100236871702468 0.164336322270956 0.68553766895333
0.0176356630737982 0.0334645307180638 0.449523421942279 0.143266762821804
0.0300027980532441 0.00887231723863469 0.167126153710473 -0.149063547848616
0.021266387343029 0.0052975656834576 -0.145041689488116 -0.163506231319452
-0.00788331209722654 0.0102157292925776 0.115466377240144 0.118523756049792
-0.0327605944559494 0.00280359882424003 -0.116468692685967 0.114551018661075
-0.0544172094840761 -0.0156828068693362 -0.41114018010432 -0.173040828322412
-0.0456542718586194 -0.0414051923508794 -0.093369020990341 -0.613387711208206
0.0190720971286143 -0.0343118985631412 0.707702091837688 -0.423049722174506
-0.0192129886991704 0.0273735692569959 0.811756696336698 0.517136476703042
-0.0424047043704611 -0.0480675064839366 0.041114476392854 0.720000255509999
-0.00653249410699239 -0.0785296695368936 0.0738025602906688 0.0818781524700896
-0.0131314113043313 -0.028074877926543 0.0708588375015907 -0.683894478372627
-0.0298125618385877 0.0103220333912448 -0.751265555360366 -0.642725860532061
-0.0190976245292857 -0.0150270119828256 -0.830942290134094 0.402964417366582
-0.0677443177626328 -0.025312769805045 0.0941078637586304 0.726585336333373
-0.0627470187889572 0.00737211200211888 0.448497151017016 0.181987834802753
-0.0306891597364089 -0.000990465998328249 0.192674330987209 -0.132906382045327
-0.0129010629763716 -0.00977616553232543 -0.145700536900762 -0.150177338973896
-0.00612900707419514 0.0108804300079049 0.117272586946034 0.106791709513104
-0.0334131508449852 0.00105992588160164 -0.133288302239094 0.0874764317177924
-0.0480403918945009 -0.0210060898516929 -0.394100971385852 -0.226249727398519
-0.0337140636143008 -0.047127808480319 -0.00315277479035457 -0.613595671297446
0.0264344085562762 -0.0332281760017995 0.779615213858274 -0.299172553493988
-0.0223591513205784 0.0251475785575269 0.737805255920945 0.649362605637138
-0.0386228967531812 -0.0486491424493685 -0.0366358348248142 0.720089624732925
-0.00821955173861044 -0.0703561184720349 0.0775505010042582 0.0477718391213869
-0.0141758312915781 -0.0182205251634779 -0.00672099829024598 -0.689083116971513
-0.0241878068362234 0.0111634548186373 -0.828026523901989 -0.509826993336206
-0.0208644154404995 -0.0173806269922936 -0.740872143802577 0.528608312006449
-0.0650578044084988 -0.0161216067473585 0.194311059819643 0.698334539006305
-0.0531758651757866 0.0147562327096977 0.458456631149012 0.121745901065416
-0.0242288974889429 0.00198966207091747 0.170392819568469 -0.16079745410778
-0.010599800983351 -0.00712977707041927 -0.147812621551081 -0.162031282799999
-0.00211997334085989 0.0125302863598799 0.118721493115384 0.0994560830734086
-0.0276991961355468 0.000406515509942498 -0.143520849090793 0.0635452228973396
-0.0367692361167697 -0.0211791263945009 -0.373805428624762 -0.267742093783987
-0.0197101422015951 -0.0477356662528069 0.0739907921206872 -0.602767416955878
0.0335942246058015 -0.0334097244371378 0.823677582553269 -0.181569330221413
-0.019258971702895 0.0243510886838836 0.65088693512748 0.752504483004999
-0.0334833462772718 -0.0376642059873946 -0.100753161353593 0.712391308218422
-0.0117800828200243 -0.0537621924665281 0.080736594632788 0.0192705025997528
-0.00948555170808208 -0.004710173491079 -0.0722502762814377 -0.689102118060779
-0.0162034910796651 0.00875085163069261 -0.87476528945358 -0.391276123191392
-0.0213804231407018 -0.0200972290756584 -0.654458599594269 0.614785360259075
-0.0581945480777931 -0.00703583777747389 0.273912676442647 0.664714478504712
-0.0394330669947849 0.0213031244668173 0.45987464109951 0.0730360888864471
-0.0150133108986448 0.00306777886110628 0.149430133089188 -0.181344518612644
-0.00641059219724002 -0.00498551575450386 -0.147593857311408 -0.170398404355819
0.00407747266373296 0.0140109533665036 0.121895594820005 0.0951098286104339
-0.0187698944531379 0.00115414520838576 -0.150063704191371 0.0499212002428264
-0.0216529366737188 -0.0165319839957018 -0.355203174319757 -0.293382907997586
-0.00765305736996965 -0.0433246636492462 0.127675837671372 -0.588435561872101
0.0411288691599188 -0.0344954290193802 0.843936648014395 -0.101441158916237
-0.0115886581751837 0.0268516368871491 0.589960171880594 0.817779851494139
-0.0294216561642202 -0.018126957138763 -0.144751024617686 0.702848208359063
-0.0149896610900872 -0.0300773250408648 0.0815022279304763 -0.00249077695124834
0.00114918500015287 0.0102604454588912 -0.11330376023999 -0.684248163133854
-0.00472079391580874 0.00377799894329463 -0.896221191801992 -0.316619925157339
-0.0197944220179009 -0.0236763486397695 -0.594020791197022 0.664391683013826
-0.046990192859156 -2.92553390594148E-05 0.320442152111803 0.635932920571673
-0.0231503605750552 0.0256882840688609 0.457901117965394 0.0417233588812693
-0.00450711074836741 0.00377706735123404 0.134746157378013 -0.194572420846269
-0.000725804256817654 -0.00238835496850575 -0.148822346769693 -0.177546418568548
0.0125183929173381 0.0151751675437228 0.123031167813865 0.0940136678589178
-0.00649593991027236 0.00323596937802612 -0.149734360297188 0.0435741630618317
-0.00553598591602145 -0.00796867040801685 -0.350018561419817 -0.300132768451687
0.00160434099303109 -0.035997470423481 0.144878694659332 -0.580806241525838
0.0471724703528453 -0.037047374481051 0.849422654015309 -0.0776482065999633
0.00157523929131966 0.0315584119744693 0.565988571469563 0.837737942252717
-0.0264750258355417 0.00684811287298958 -0.158183268678138 0.69902138305013
-0.0184775852407478 -0.00182047711571238 0.0798613248141652 -0.00994062492763265
0.0149680781459031 0.0255476048039409 -0.129354729302493 -0.685610948662855
0.00801461112683426 -0.00190382991001993 -0.90375766339602 -0.29186754581458
-0.016374587090544 -0.0279295116984221 -0.57980574226691 0.675331420298904
-0.0350139889828509 0.00500011521149958 0.33207613660933 0.624171354269361
-0.00859821313870626 0.0267838172021341 0.455621710311508 0.0342665749470682
0.00687361685098123 0.003660454761797 0.128852778482951 -0.197677233198082
0.00582981202312057 0.000859664395337714 -0.148820792349546 -0.179442533637042
0.0213155646302546 0.0165131819855742 0.123723417972254 0.0983296271396651
0.00656099129061081 0.00637537184948141 -0.146985835335656 0.0492866215746463
0.00852348197844737 0.00080702790375751 -0.354199230670774 -0.289968688893571
0.00677963301552775 -0.0268361741970684 0.126995178333866 -0.583949512096174
0.0501638376764128 -0.0410045603389482 0.843936943010532 -0.108673495585819
0.0164255121469028 0.036489932629153 0.590440889682764 0.810369677988733
-0.0218925331070037 0.033359294917135 -0.145342651592166 0.703474811314028
-0.021215744537875 0.0259803018432061 0.0774278643416599 -0.00407835706972804
0.0277083458951807 0.0410496208226721 -0.113760766370632 -0.689870110452971
0.0204098560838563 -0.00672497791749863 -0.897192262894371 -0.324598649905731
-0.0112942850517483 -0.030163423606626 -0.605106093929244 0.655627395713537
-0.024326204025225 0.00801361870798574 0.312009038585086 0.633343115830874
0.00618054678178397 0.0285036716653484 0.455785066619099 0.0495787380783458
0.0173679407310315 0.00395831841390154 0.133170054598961 -0.191558721653075
0.012492709129011 0.00194980103968355 -0.147924675164293 -0.177554507880938
0.0278765038887505 0.0170807939616599 0.124721005125053 0.106304262473712
0.0182033211655045 0.00705956627073047 -0.138090873903422 0.0648198837809836
0.0209188115676232 0.00683484872072885 -0.368831726794384 -0.26142219414964
0.00888418143932102 -0.0187240953083487 0.0754331743270363 -0.594213105220576
0.0503217967222171 -0.0465516655407616 0.820192961926346 -0.193621079436875
0.0332408222299521 0.0370366209448089 0.654969344751743 0.746121536650051
-0.0130118364364063 0.0543915213172894 -0.102700118534624 0.708327292348933
-0.024110159070359 0.0499753859941022 0.0735538919073738 0.0140240649246152
0.036422055024354 0.0560228628835818 -0.0714727833363509 -0.692661429969776
0.0321448663949933 -0.00653495997840733 -0.874168961847792 -0.407547943353862
-0.00532478794035648 -0.032209606304461 -0.668689856734979 0.60130535072813
-0.0171243591712026 0.00966928004841234 0.258029835486208 0.657755880648915
0.0145701139111179 0.0303388887362042 0.45622633663694 0.0862769180726541
0.0253868765381681 0.0058379823659362 0.146641689900428 -0.174544168327268
0.0181781085195512 0.00443637468031998 -0.14823494352028 -0.171833901323792
0.031805666590897 0.0163301558277297 0.123956102866044 0.117167350023236
0.0261344431747515 0.00528859902314164 -0.124468012956067 0.0878843023277358
0.0290825934829406 0.00874487897576781 -0.388066902226209 -0.217442792875968
0.0105198957065316 -0.0130012974865965 -0.00122717144218964 -0.59988116833102
0.0472582032803171 -0.0512842391949165 0.775415853836805 -0.311504107420176
0.0468719992082592 0.0338210486575265 0.735577253062538 0.636976102685302
-0.00136868536723778 0.0669495470702244 -0.0375353476488642 0.716039313653978
-0.026052051100029 0.0660062103344612 0.0695421733704353 0.0431205159743136
0.0395578083459188 0.0694843430998249 -0.00649821637909905 -0.695880748285431
0.0420580703136774 -0.0025648952056477 -0.826440625950623 -0.528410760571104
0.000649982494324592 -0.0332731158937451 -0.760008564520523 0.50894975727746
-0.0157716287128241 0.0102280989581253 0.177571036376139 0.687326320666459
0.018693586412368 0.0331107361563909 0.453563068168215 0.1375350224017
0.0305644236891278 0.00869556092391052 0.166445862322113 -0.151406782424146
0.0220134918853791 0.00504330032910659 -0.146826508720463 -0.161372915682229
-0.0076536727419914 0.0100051532351139 0.116338271470068 0.118139604278014
-0.0326761541197784 0.00181146220071698 -0.116259102940321 0.115853622386027
-0.05441945570903 -0.0153018590642102 -0.414954823185498 -0.168232250524247
-0.0455434757242286 -0.0408289643484802 -0.102278472470981 -0.611825502656457
0.0179437329805748 -0.0349748086851114 0.7021787205449 -0.432541588086829
-0.0188195652363365 0.0280978147347599 0.82108711203783 0.508241375848083
-0.0426284265000255 -0.0482001591734208 0.0520786665856344 0.721531679195216
-0.00719523508942318 -0.0786828160070244 0.0751772633624783 0.0812566145437677
-0.0123798888491072 -0.0286174686391453 0.0620983487593556 -0.684901485410817
-0.0292602811959873 0.0113802468837721 -0.762189888674687 -0.636722195528711
-0.0186548050832842 -0.0151712512798848 -0.828281743901674 0.415079188461066
-0.0673986402477827 -0.0240926662662643 0.104763503955897 0.724867621399814
-0.0627286184804996 0.00822912081723281 0.452982421544189 0.17424273302396
-0.0302447136101439 0.000123781302595712 0.190338669311562 -0.136157732166604
-0.0130139315183993 -0.00925226835081342 -0.148623050690433 -0.148771948272594
-0.0062095026466506 0.0109089310835367 0.118783841111497 0.106481557964401
-0.0336068769356254 0.00107002784595615 -0.131337978026455 0.0887208998683997
-0.048204875576879 -0.0203532484560723 -0.398592829613855 -0.22201852653098
-0.0339460297654201 -0.0465927724367757 -0.0108571786485807 -0.613748115624424
0.0258181581283643 -0.0344221997532388 0.776406384493674 -0.308323374225788
-0.0223707399381928 0.0257299476661477 0.7453702856854 0.64232676982694
-0.0389735202675631 -0.048299192814198 -0.0280384782432288 0.720055337719379
-0.008929824381813 -0.0712639687651639 0.0786893957976577 0.0475407508696741
-0.0138738141360544 -0.0184433347578501 -0.015425047063715 -0.691151414304984
-0.024779965698632 0.0122953451902291 -0.837346261810656 -0.498628475877439
-0.0213535984587245 -0.0170397059506914 -0.734117615484021 0.538272922584069
-0.0649849628929603 -0.0157257612102448 0.20565310776195 0.696321234136653
-0.0524587273167019 0.0152403970160175 0.461506235160708 0.115898248097366
-0.0245270016548265 0.00244633047546139 0.168095373406669 -0.163721410225773
-0.0103510135922219 -0.00675725436610373 -0.150563146958989 -0.160069918810824
-0.00201427674173516 0.0122676069542422 0.120830111544101 0.0978830667598443
-0.0289260196975694 0.000545486297088165 -0.14377640142257 0.0655198464527119
-0.0365362630285129 -0.0204039730942121 -0.377600396189342 -0.262869300159925
-0.0195898013996475 -0.0472837027996755 0.0669903276118821 -0.602902393769221
0.0330946494376109 -0.0344346594519821 0.824596348940724 -0.192438356534942
-0.0192313560640321 0.0250471800597132 0.662712725725121 0.744775180044335
-0.0337966814696478 -0.0381562672793939 -0.09058050224992 0.715107412649776
-0.0124009058447551 -0.0538374093487531 0.0804547449460076 0.0180234401558746
-0.0082022534087611 -0.00516636103341626 -0.0805518034464335 -0.690326208589105
-0.015083495123742 0.00883099199701333 -0.881195933067532 -0.382163523334704
-0.0213307308243547 -0.0200247584597194 -0.647960216088401 0.624239262403116
-0.0589261905948403 -0.00664735219788456 0.284328587180253 0.664237562194323
-0.0396416521812767 0.0223624191831041 0.462349901198695 0.0675041712038013
-0.0151218945773103 0.0040144025862442 0.147593422360617 -0.184674394563646
-0.00674849842762251 -0.00409686234817619 -0.150881687968611 -0.16979780932206
0.00500671320185654 0.0134156480100533 0.122215830519742 0.0926346811359287
-0.0196462318217114 0.000859503862067179 -0.14874643963046 0.050095467009701
-0.0215084755581724 -0.0162961897142582 -0.36029631386196 -0.2885003379678
-0.0077643000591321 -0.0429452099253726 0.119665545441588 -0.589448091197073
0.0405948173086537 -0.0349262385158171 0.844346063131009 -0.112029272823873
-0.0115979018175744 0.0273212816564014 0.599907800646008 0.811349891327507
-0.0294421333577789 -0.0182696283250929 -0.135527865759099 0.706179365057296
-0.0154513428836888 -0.0291747668778102 0.0804941797371164 -0.00280905211047754
0.00206330240687266 0.00988506565679627 -0.122040755017671 -0.686140008203511
-0.00450932105516 0.00476699610910225 -0.902775180678883 -0.304794296575389
-0.0206295191042532 -0.0232168361739927 -0.587423755365341 0.672847417503471
-0.0479443615209582 0.000155257341722687 0.330576649758351 0.6346240430907
-0.0233814381139539 0.0254588943418873 0.459966898116058 0.0363708393393928
-0.00409759001222708 0.00404396044914254 0.132870230832362 -0.197092696735038
-0.00109921043943816 -0.00157827017995446 -0.151493652497537 -0.175250139421271
0.0126798896647318 0.0153248808052858 0.124567086535589 0.0927491270631761
-0.00683581678038047 0.00349369005940304 -0.149965629114621 0.0453817939309376
-0.00599174759708514 -0.007878433393091 -0.353189080440795 -0.295964429244602
0.00173663703359385 -0.0362061177844555 0.137719555977678 -0.582781324535668
0.0458041871216378 -0.0372537310687013 0.848609713995631 -0.0853027513780511
0.00172697690627578 0.0320556018440412 0.578800310266257 0.829520597151114
-0.0262755382517583 0.00705517253988745 -0.150581079353694 0.703063845981174
-0.0191391071075969 -0.00177305005463988 0.080307710103025 -0.0107802460487831
0.0155466306151557 0.0240818775219221 -0.136542371053826 -0.684500111710375
0.00756593880503347 -0.00169439971687891 -0.909732112652779 -0.281020157800474
-0.0173363151624174 -0.026947243851661 -0.569592625513751 0.686279318787995
-0.0349385459622457 0.0052055750331293 0.341240728713468 0.620308418694655
-0.00729224683174785 0.0270972506396644 0.457341904997268 0.0272602750837827
0.00633659699230313 0.00414098583704677 0.126656653989184 -0.199879167585944
0.00601109814041142 0.00083358651092421 -0.151333113638417 -0.178207377592118
0.0212683610151063 0.0164591448372256 0.125480810264381 0.0971425671729664
0.00582211512604666 0.00543757432204924 -0.146174199194418 0.0508690569892772
0.00899008882560891 -7.99549389235085E-05 -0.359502491905576 -0.284755306345078
0.00659056436480131 -0.02774009133411 0.118889640610204 -0.587526856190986
0.0495884047957099 -0.0416248582247924 0.843073106080553 -0.120918714730055
0.0167334025291475 0.0365059821094384 0.601393488323241 0.803826330553527
-0.0209293646430757 0.0333673469913895 -0.136188675158967 0.705318941834596
-0.0211472177962656 0.0257354745966352 0.0776190347686843 -0.00489245933662265
0.0287363578378488 0.0398992981003676 -0.121793993798868 -0.689368258722282
0.02061201941283 -0.00556016646050206 -0.900896381166455 -0.312650543288601
-0.0116649063817179 -0.0299108742928211 -0.597706375198314 0.666555762973654
-0.0250152347590093 0.00820973858928548 0.321910107776375 0.629445493522374
0.00693725794113249 0.0284695705637981 0.456439611271454 0.0436916457699691
0.0176808961417042 0.00473297899359291 0.130650829158849 -0.192798380795383
0.0124162490842907 0.00214639965682418 -0.15160923016722 -0.176006720519507
0.0281560471810837 0.0169658766572817 0.12628081217875 0.104967522990485
0.017623652523772 0.00728946070327574 -0.137713366508366 0.0660373136964657
0.0203752506292336 0.00541317960276128 -0.375724733533016 -0.256950106667959
0.0100175556316477 -0.0194301647696507 0.0671880210710839 -0.596069850102629
0.0496644356521237 -0.0472467052338434 0.817980000770244 -0.203448468282356
0.033505467466633 0.037284878996648 0.665979353988677 0.736636640895292
-0.0128306907718875 0.0537942609538691 -0.0936418653560882 0.711835147126343
-0.023532149562791 0.0504378158760768 0.0746474375855564 0.0130001995201692
0.0369626140800363 0.0554748889714849 -0.0804137733366025 -0.694022914616863
0.0326602959061136 -0.00627759271085625 -0.881931224272253 -0.397670052451792
-0.00505435288765171 -0.0324771650633772 -0.665360990647252 0.611593084271784
-0.0182035579726726 0.00990638561252566 0.269941470565278 0.654980841612338
0.0155686110040505 0.030222335245007 0.458663636262889 0.0795014887307529
0.0258513909474376 0.00567519351543241 0.144574639315564 -0.17772360069292
0.0181923479154133 0.00385871564100846 -0.150693749090188 -0.169648774980116
0.0329355090526333 0.0158230910988436 0.125818144580794 0.116031333897213
0.0258613915255153 0.00517851627960558 -0.124065250244803 0.0890068117260505
0.0285468332725626 0.00839234522213855 -0.392895713022676 -0.213716438252312
0.010045416788492 -0.0136810301876345 -0.00952676950376916 -0.602070913598393
0.0467030932877186 -0.0526528926064068 0.771327595294627 -0.321959039161545
0.0471204965316107 0.0334568960120034 0.743734046730424 0.627317972724122
-0.000109108917440034 0.0657470478786266 -0.0298711130433461 0.717703719108871
-0.0253148994565164 0.0660334808040591 0.0698845818557092 0.0410411576079216
0.0403881118772143 0.0682505508766573 -0.0146281110913057 -0.69657570539116
0.042920816113782 -0.00272654683440422 -0.835664558849866 -0.52041320713468
0.00160952301804136 -0.0332713725475532 -0.755286021211037 0.519716940448409
-0.0156111928789373 0.0107468358621282 0.187782768658961 0.685207651076568
0.0190885262426224 0.0343826609766879 0.458027141806124 0.131283238388013
0.030892785853754 0.00841009057123193 0.164646728128262 -0.153784827007249
0.0220446738171005 0.0049957296568099 -0.149668710878624 -0.160297212251366
-0.00586637946554037 0.0108414838768783 0.118442616690741 0.116441498963879
-0.0332827936841723 0.00265672703328088 -0.11369700763924 0.11650847812388
-0.0543639726013795 -0.015200197307734 -0.416848539655033 -0.163768770014136
-0.0458903566846373 -0.0394634461307832 -0.111657322327465 -0.607500411808162
0.0170441415202862 -0.0349417479706393 0.696844136975366 -0.440374807001126
-0.0188492136619275 0.0280175238308707 0.826927959205161 0.495462585626451
-0.0435738014292982 -0.0480030151174438 0.0614709397880503 0.719918236591423
-0.00801471603145381 -0.0792060611497089 0.0760150523532498 0.0810675569770239
-0.0126168932888225 -0.0297225896029142 0.0529571568079715 -0.684210689255521
-0.0296921719754563 0.0124323900068978 -0.770379205432672 -0.624272866590853
-0.0183559326110187 -0.0148442527556675 -0.823421613784581 0.428026478395143
-0.0683371612377762 -0.0233017498746783 0.116014884288699 0.72336842121065
-0.0618613223303868 0.00931766949508422 0.457368381082122 0.16884674386054
-0.0303354638791394 0.000557933818373116 0.187800777253279 -0.138282483850408
-0.0129253609649778 -0.00871640363606274 -0.150273554151986 -0.147494571385283
-0.00516280301544184 0.0115699914020673 0.120436555691937 0.104739611206546
-0.0338681032954524 0.00119673013471873 -0.130889454252436 0.0906518221153415
-0.0485056089661579 -0.0193638604940538 -0.401316366767516 -0.216555270586512
-0.0342950055855185 -0.0456738901230553 -0.0182808293450227 -0.614278857709758
0.0241457196817494 -0.0350239488192195 0.770913321008612 -0.317705534466781
-0.0217448815837202 0.0264611921879743 0.75300797769248 0.630276039799661
-0.0395412473428048 -0.0481620092399343 -0.0166834423914788 0.721596138220276
-0.0102150387951622 -0.0713535133359194 0.0793417779484725 0.0454443642472616
-0.0138769248294153 -0.0188328092757136 -0.0246495724894304 -0.690291001661531
-0.0238673111974066 0.013175339802374 -0.843375091013946 -0.487845213434402
-0.0206820204874205 -0.0158734038581483 -0.727944580424919 0.54858759613085
-0.0658644342447498 -0.0153510140759865 0.217167384946069 0.692274458554039
-0.053856212874618 0.0162690564757794 0.464472553258766 0.108782652032712
-0.0249447030761343 0.00301813507699703 0.165850679256473 -0.165875690061343
-0.0105035594576253 -0.00689178419350684 -0.15172185234326 -0.158034508528636
-0.001096787114879 0.0124865505528278 0.121363474124601 0.0966308698980798
-0.0286481962066606 0.000970181144830266 -0.142316392011359 0.0663689915560978
-0.0364202768166879 -0.0201521423505603 -0.381751288497559 -0.256580518797712
-0.0201679957004578 -0.0467310225215787 0.0589821658857416 -0.603874744135973
0.0317606029330512 -0.0352241677441937 0.819439836798344 -0.203070850296303
-0.0188630945123272 0.0259338467969801 0.67243369500016 0.734700207413287
-0.0341718229389159 -0.038308466306177 -0.0837978542659798 0.716733857727563
-0.0129947696618004 -0.0543590187416228 0.0803188662307441 0.0164217283123227
-0.00788862897656718 -0.00624970807348935 -0.0887680936330169 -0.689162530993422
-0.0150109095572807 0.0102967810474395 -0.887218586807915 -0.369573697410021
-0.0219618217166579 -0.0194294068627638 -0.640665190280273 0.634064432758046
-0.0591132268390415 -0.00630006831495479 0.293821308300622 0.658002650606304
-0.0393212930224177 0.0224987627026116 0.463645847639042 0.0599224413437264
-0.0145719764522043 0.00479548730589267 0.144343744594454 -0.186132501416758
-0.00662907721270474 -0.00421220115110989 -0.153275819328336 -0.167287504485841
0.00574424489564997 0.0135151972973885 0.123456987242427 0.0917483561915397
-0.0199708488740239 0.00120492480471783 -0.148149635281462 0.0514415639928923
-0.0219585144162414 -0.016581191736404 -0.364922441411161 -0.283551439442612
-0.00794329801688174 -0.0435127754591164 0.110890115469881 -0.590830872931228
0.039387301060297 -0.0357980976186986 0.841422289723607 -0.121183737116842
-0.0110671064394099 0.0276139802563009 0.610742715015905 0.800803965206279
-0.0299755093578682 -0.0182988432113768 -0.125486995577683 0.708060879520519
-0.0154944110119792 -0.029597241114653 0.0810813808555066 -0.00375276537270213
0.00244450381423261 0.00808237661278999 -0.13135771271276 -0.681056715146884
-0.00410020425851107 0.00457493273773359 -0.906119766000833 -0.292037956249494
-0.0207811039664415 -0.0226999255640472 -0.577629457754953 0.684112028239682
-0.0482162976305482 0.000292658220768703 0.339277784276513 0.630212783008335
-0.0228784074499997 0.0262626681187836 0.46024506239952 0.0302449127514925
-0.00390035814159375 0.00498603714381122 0.129985895031593 -0.199933308548073
-0.000697731758873044 -0.0019965615587755 -0.153447234795493 -0.173895809904204
0.0136565717673203 0.0145838315164779 0.125927159552193 0.0915753417368929
-0.00784940428277344 0.00289828709511484 -0.148698575842073 0.0466188579605963
-0.00621153288079131 -0.00819606319589871 -0.358420911405485 -0.291252082357777
0.00134259086686337 -0.0357983380549574 0.129805003613998 -0.584056751364093
0.0455946031594938 -0.0379103517756773 0.848931894118053 -0.0984267093899187
0.00172346370428918 0.0324297306252798 0.587578679831219 0.821654605704212
-0.0265402073418607 0.00697837216671851 -0.141336312814211 0.704438362987856
-0.0185539457295866 -0.00167185762737271 0.0800587003329945 -0.0115327956849613
0.0155449436432339 0.0239598417965243 -0.145945531398169 -0.680439445610995
0.00774499022161648 -0.00158731059519152 -0.912082507800138 -0.266989470716436
-0.0169075939210966 -0.0264948052073687 -0.560744679952594 0.693133664196999
-0.035742064599888 0.00509004749635341 0.351265910525188 0.61638223695185
-0.00741093679858056 0.0272981390768271 0.459011774781442 0.0199970901287313
0.00648927166036656 0.00376089281006006 0.123458771554237 -0.20193152244682
0.00618521694397112 0.00128249112324364 -0.153718050694839 -0.175696367549305
0.0217671476420416 0.0159695888755592 0.126269072207916 0.0955068247233145
0.00576419916674533 0.00542357140288034 -0.145472508426234 0.051847600724729
0.00845224852410077 -0.000423634713338818 -0.363321915593972 -0.281445189539228
0.00737258912170818 -0.027336861995855 0.111636052254027 -0.587202583825449
0.0485383314118243 -0.0422317223717023 0.841116916302657 -0.131220585760544
0.0179658138316742 0.0363836488531766 0.611832241356788 0.796007650673437
-0.0209563777209481 0.0332060582181264 -0.126189207854181 0.707861452981961
-0.0212181616055373 0.025773379739269 0.0773819805112187 -0.00569959240340318
0.0289178603574847 0.0387899579129858 -0.129537528249265 -0.684582726172639
0.0206392405140857 -0.00641895859392037 -0.907262728743358 -0.301297072251609
-0.0123115318623736 -0.0297272627984866 -0.588702819943378 0.674427380327876
-0.0250499474894384 0.0081498440215501 0.331966652649693 0.625515215539074
0.00664262736123797 0.028146049004938 0.457560586464957 0.0359408013271284
0.0170549448237569 0.00398475035987945 0.128633785671968 -0.194572196432846
0.013152985321788 0.0025221304595512 -0.154489525856722 -0.174388103717336
0.0292015073796568 0.0150784722102843 0.127471774858021 0.103341814364354
0.0167706006853349 0.00655345611898126 -0.136360325173995 0.0670217383033502
0.0204890929096175 0.00561675568557016 -0.379210258668767 -0.251721954792356
0.010218201614395 -0.0201617878061483 0.0592901439740174 -0.594373642989649
0.0483018949978006 -0.0474154531098578 0.816154692644772 -0.214873482143706
0.0336765864646187 0.0370493424404193 0.673234880865485 0.726311279740427
-0.0116222845664261 0.0541757431877321 -0.0848756087003388 0.711694552565422
-0.0225441266420804 0.0502292580161096 0.0738826445201038 0.011526381788963
0.0391711661553402 0.0538570099472192 -0.0893415991645168 -0.692305720956184
0.0335734327970458 -0.00694134114293439 -0.886120191085542 -0.385467489004288
-0.00625743386229764 -0.0323140729130094 -0.655351023867615 0.623229731302156
-0.0179115069256337 0.0107344556230554 0.279240316096069 0.650562051877856
0.015879563937733 0.0296910945079725 0.46062084674786 0.0731129037562259
0.0260129529495565 0.00696064390796495 0.141612095719857 -0.178685653596348
0.0189521820539761 0.00352892531431273 -0.153097537861959 -0.167222274033509
0.0329994421815957 0.0154254079921253 0.126811007518085 0.114738215023699
0.0253134659903058 0.0049638167407211 -0.122626491515832 0.0900298216019481
0.028506919661873 0.00739839181748932 -0.39569205036163 -0.20874978374105
0.0104409771794327 -0.0130216053023561 -0.0168364289130723 -0.601840199315462
0.0453571459610833 -0.0530773567356955 0.766522506297671 -0.331692561841248
0.0476470823502028 0.0328640819515785 0.751795953774838 0.617469076218075
9.6542270113173E-06 0.0654614885054373 -0.018482522412697 0.717986768171989
-0.024171945447353 0.0659939805810559 0.0706061441562822 0.0404660482822639
0.0412618978532965 0.0671558538613122 -0.0239239747455184 -0.696703638334921
0.0429201783806306 -0.00312725747910201 -0.84344532505694 -0.507973218154385
0.000797517032051605 -0.0330963630956867 -0.747626019943559 0.530566472028535
-0.0157155449363946 0.0111382177022928 0.198655287421215 0.683464302977934
0.0187922026890793 0.033623452308738 0.458922180369172 0.122873432780345
0.0313339159300296 0.00808700588269359 0.162004570929468 -0.15667315922989
0.0221752436362679 0.00415951488209078 -0.152288498085201 -0.158823344953937
-0.00603854592818583 0.0105813408914373 0.118930394289936 0.115232476791148
-0.033453208549972 0.00200774591330395 -0.110939227108461 0.117443230642021
-0.0547807625386762 -0.0140329218293085 -0.417763904235646 -0.156252122204836
-0.0452016557863851 -0.0391399195626397 -0.120596911779006 -0.602511217670794
0.0164479017072625 -0.0363483911137305 0.688471375337717 -0.450507924501488
-0.0187699937177263 0.0282178797509911 0.83032992133066 0.482011381272563
-0.0438054080073936 -0.0465181856443951 0.0706239228108294 0.716601026070864
-0.0095320919521506 -0.078773372079231 0.0775396910771669 0.0797903490218056
-0.012817743177463 -0.0291916367494403 0.0443494329578751 -0.683447721760949
-0.0280390814307449 0.0130292636657398 -0.777371164441872 -0.612307845444829
-0.0186981959742572 -0.0137791620612778 -0.815486960608973 0.43658943638232
-0.067936402654065 -0.0227485967167333 0.127955635185349 0.720411843341923
-0.0614267459751371 0.0105841689215026 0.458774311103331 0.161196940870889
-0.0303935208368615 0.00137140250785293 0.186289027601549 -0.140599572435772
-0.0129875373787734 -0.00860551925924231 -0.150610451372189 -0.145243569298119
-0.00460035386676556 0.011250066795938 0.120602359469867 0.103886886247406
-0.0339426446016929 0.0017130718512091 -0.12857842545477 0.0909644798490993
-0.0486631778467666 -0.0194639446746224 -0.403423027602295 -0.211780808743412
-0.0337567798252437 -0.0457125017703587 -0.0273232965317151 -0.609716018006531
0.0239581516005985 -0.0353320316810633 0.764370325069499 -0.329700421074819
-0.0217372467075166 0.0266549440484779 0.758715390466273 0.617051107984388
-0.0401854109428064 -0.0475614139181127 -0.00759860008684851 0.7187338183411
-0.011137375027124 -0.0707544589029439 0.0795014932274327 0.0447403733193955
-0.0138057183565493 -0.0196302586466057 -0.0310366805767643 -0.686941929007353
-0.023683368348727 0.0133465820517615 -0.848674002961843 -0.473464869456072
-0.0216647543072817 -0.0160447540060582 -0.718765275070641 0.558255310308062
-0.0667683871526502 -0.0140388750785022 0.227996968071508 0.688901409345161
-0.0530380332456637 0.0172367438168389 0.465156927462285 0.101502643576918
-0.0237927691401588 0.00348735191439634 0.162733838317795 -0.167969064107412
-0.0106498956691998 -0.0058719982204404 -0.15344988889884 -0.155452314126461
7.60050253370483E-05 0.0117612591589096 0.121805704048617 0.0951759825363378
-0.0297007761202743 0.000965699299794173 -0.140346888382452 0.0674907981975899
-0.0362856634653797 -0.0197687809274749 -0.384546552687395 -0.25414392300056
-0.0200539437047899 -0.0467057626891141 0.0506087263816187 -0.602959405806391
0.0319368684420037 -0.0356092463371694 0.81375427605759 -0.21402116590216
-0.0189533658179104 0.0257247102931944 0.679380364893626 0.72242749052817
-0.03520331183468 -0.0384650475786281 -0.0731392814047236 0.714783521273201
-0.0134372202677983 -0.0535235445840365 0.0806439178287388 0.0159275932292681
-0.00734004971449722 -0.00549928787032397 -0.0967626563433955 -0.684488479747891
-0.0143733439517646 0.0113354001059885 -0.888616905668527 -0.356395977104759
-0.0228628183806313 -0.0197627570865388 -0.630667945723213 0.642048115039644
-0.0582364065395855 -0.00515458472078587 0.303847191306538 0.651833303673334
-0.0387782260624354 0.022864745382227 0.463571977712006 0.0524794476540496
-0.0150767233415865 0.00458256666499782 0.140943381378786 -0.187352333178938
-0.00654159942886854 -0.00306761541542542 -0.15479214133814 -0.164903066633481
0.006566010861653 0.012941187222376 0.123392515841748 0.0901048071138255
-0.0208820305555337 0.00104788118800979 -0.146865254080293 0.0527356835911753
-0.0220020536295519 -0.0160921118741784 -0.36926602852329 -0.279109792557595
-0.00805112698318104 -0.043623023955708 0.103555994617534 -0.589825358795108
0.039044052137916 -0.0365079548570863 0.839817559542638 -0.132711742275945
-0.0103968967462006 0.0281266462055094 0.618875344778658 0.789246166897579
-0.0302486182500123 -0.0189352030170312 -0.115777041429371 0.706767584644113
-0.0161118371439866 -0.0292912058645943 0.0811906065127842 -0.00486350843948361
0.00286262343905976 0.00931210984860063 -0.139407613159418 -0.678760224006765
-0.00372102251779427 0.00600175592489925 -0.906541340939363 -0.28070387980348
-0.0203437822727513 -0.0225467397793452 -0.568545670480687 0.689838170046623
-0.0482703398746549 0.00160160047635594 0.349800021916953 0.621788317454223
-0.0229691472624839 0.0261584144212964 0.461379357315501 0.0218637001362459
-0.00400664542099439 0.00519932921601943 0.126324253840405 -0.200388058298997
-0.000191230981068517 -0.00124775629730185 -0.155704242856882 -0.17128086228253
0.0139608108288189 0.0139587261363591 0.125621565727344 0.0901713948266861
-0.00858992996208272 0.00363804365553051 -0.148178227093958 0.048107569474771
-0.00617544770077168 -0.00836640991135102 -0.362553739696937 -0.286915455069089
0.0015987375955234 -0.0366232622270062 0.121652766788977 -0.582734975942865
0.0441368864238785 -0.0400742618781844 0.845887540566452 -0.110406371364799
0.00243657385062238 0.032708274571581 0.597891349394032 0.812336253767183
-0.0255969424754281 0.00689020585634902 -0.130162253631954 0.703583229367861
-0.0187866666710534 -0.00163488235401757 0.0795952237940389 -0.0124740303520928
0.0163234871500635 0.0231857187209444 -0.153687934133992 -0.675517361526969
0.00845444250687564 -0.00132117192643616 -0.913819904629302 -0.255981948241711
-0.017487710985589 -0.0261039096141921 -0.550280588561655 0.701589308473035
-0.0351068512028236 0.00543923769079386 0.360591788527758 0.607570232030583
-0.00701475467927097 0.0279932757221045 0.45792264104575 0.0144419470131113
0.0070976313379945 0.00414968613656719 0.120137777503584 -0.202622908526814
0.0062284189617428 0.000829276737510013 -0.155873316688457 -0.173756562847955
0.0224711158762707 0.0147492395383755 0.127888050313479 0.0942970805600263
0.00510302629800478 0.00531133992678503 -0.144565284876313 0.0535982336338703
0.00872826187743016 -0.00120116537804157 -0.368232449802111 -0.273987720815814
0.00765626513222005 -0.0277505482958257 0.103502593076868 -0.586633865981437
0.0471905490952253 -0.0424790545392586 0.837782909554458 -0.141296639086192
0.0181026991654088 0.0362534221854914 0.619237371131842 0.784963382370279
-0.0208037189064011 0.0331898902522289 -0.115991251119621 0.707915127275369
-0.0203957824730083 0.0258610781619979 0.0772167355969512 -0.00721935196110328
0.0299495041646059 0.03810472958528 -0.13914144923617 -0.680491906233713
0.0212200194512541 -0.00564254181206986 -0.908374348356987 -0.288505729231621
-0.0125099150392239 -0.0292979381947945 -0.579270465958772 0.682162257296669
-0.0239908811230718 0.00859147730415244 0.341091039384284 0.617656913827624
0.00655925728668312 0.0283372159488237 0.458973809584065 0.0288636119305436
0.0176375332696313 0.00391586194894013 0.124532692790728 -0.196250839380601
0.0132372618993556 0.00245049729761392 -0.156326414533685 -0.171809673830775
0.0301380049840081 0.0156334578431696 0.127811580882118 0.102183160535381
0.0165827688191314 0.00662160110884278 -0.135095211004465 0.0670075267335259
0.0210510035776745 0.00455488510041584 -0.382139201919833 -0.247278576207791
0.0102008203337388 -0.0199775707474398 0.0521594420797 -0.595036708349525
0.0474688424804908 -0.0484248059364854 0.811294397700822 -0.225215141552577
0.0348139937778741 0.0365963935862885 0.682524128272238 0.716934543921756
-0.0106643632888687 0.0539114241521209 -0.0748096721599147 0.710058259114653
-0.0231935258515064 0.049827861041114 0.074432657670074 0.0109049815645709
0.0381461394357245 0.0525388717911906 -0.0955648156747609 -0.689418069468397
0.0335348942996208 -0.00707688327384296 -0.890183125118211 -0.373973648665546
-0.00574863976715716 -0.0323615400721325 -0.647194575424584 0.630735568962406
-0.0180749101917155 0.0102670162449837 0.288544692272707 0.645474370034402
0.0161651458177442 0.030057806462876 0.460805016345813 0.0652726861180989
0.0260737637287864 0.00629996147749907 0.139562811952493 -0.180129462050629
0.0189563532738416 0.00402320051658189 -0.155518155329414 -0.165534097112089
0.0336096554236876 0.0143680476327474 0.128516062470221 0.11212227050129
0.0257518191561716 0.00518350264043884 -0.1206571494074 0.0905403203430834
0.0284076313282754 0.00632473716147976 -0.398849700677846 -0.202829918329694
0.0108849028398122 -0.0144003014374469 -0.0257582502498055 -0.59758836662468
0.044422385806106 -0.0536214639984017 0.761042620124733 -0.342368435661971
0.0482640427047163 0.0324362000809728 0.758804691721955 0.605708767887854
0.00119105072888858 0.0650994100045631 -0.00825320752310154 0.716465134741892
-0.0237098281786894 0.0656243427436671 0.0710108882750417 0.0398465216249677
0.041783133889612 0.0650885974514538 -0.0326405325760008 -0.695016304038361
0.0431087479349575 -0.00303944780613605 -0.848812962330112 -0.494922290534889
-0.00050405261495538 -0.0326274460400622 -0.738359739907836 0.539379273522952
-0.0157763279052742 0.0109178872866952 0.208245040098458 0.678338172172661
0.0197217313119516 0.0331264316277604 0.461197907387893 0.116683711642784
0.0316002141286301 0.00831876148891408 0.159673830749747 -0.157006713748586
0.0223061712941136 0.00437389714060375 -0.153486078741336 -0.155711731287085
-0.00581809905222621 0.0110098329292368 0.119899727304446 0.113398382405942
-0.0335127994600249 0.00292898364671332 -0.10825071317058 0.117872829684291
-0.0540015306132032 -0.0137315995011823 -0.419213254771665 -0.150444307792856
-0.0451060803067087 -0.0381810310906982 -0.128575301212775 -0.598932921147802
0.0162476321461545 -0.0363892932949038 0.678644756769237 -0.456520736271381
-0.0180823195958987 0.0286209085602008 0.8330310802555 0.468237827680101
-0.0444848949933413 -0.047081125696502 0.0790722548520531 0.713296971782722
-0.0105353915262181 -0.0785850024731389 0.0784016196914639 0.0779669735455784
-0.012651178316379 -0.0298737445194032 0.0361682464906296 -0.680845318473171
-0.027401102766863 0.0135602668189735 -0.781994712397473 -0.600773607376313
-0.01868843276144 -0.0137094279609054 -0.807383031189088 0.44720242111541
-0.0687433765455944 -0.0216043966128818 0.137638484949867 0.717048749289775
-0.0614772143824806 0.0113887748549722 0.458044763345973 0.153985224040988
-0.029343968697233 0.00225218453444506 0.183685030350673 -0.143022220099395
-0.0130196892213001 -0.00792811996097592 -0.152570980783673 -0.142351747974375
-0.0040243988023505 0.0115955919295489 0.121450162953132 0.101479234402434
-0.0337631468766078 0.00157544218307823 -0.126352633315281 0.0921687562748141
-0.0482467252692622 -0.0187513392389061 -0.403883775257651 -0.204312050276031
-0.0338563440217273 -0.0447571735389923 -0.0356196151108042 -0.605786863734509
0.0234707976995119 -0.0356271017922233 0.757352469563242 -0.335916365294612
-0.0209160089716072 0.0274152980620176 0.762966286931447 0.604088129803111
-0.040718270829659 -0.0476348529648766 0.00428393808072291 0.717026194669368
-0.0123378800009735 -0.071532661163306 0.0801660920997525 0.0435726538112587
-0.0131675764793123 -0.0189141487853176 -0.042097444443379 -0.683367950808853
-0.022578318767361 0.0147240061679904 -0.850348898493323 -0.46112809308398
-0.021476489032922 -0.0157217190029667 -0.709557222725485 0.566362975851838
-0.0667711479204007 -0.0133290876312413 0.237056662990483 0.682678368720454
-0.0527916996629139 0.0178701538674018 0.465102104693299 0.0939366684674185
-0.0238315568663244 0.00375660959467218 0.160360826252447 -0.168759239909603
-0.0111180809247087 -0.00554601979990127 -0.15463271331079 -0.152737016711622
6.17095964935442E-05 0.0116287891159421 0.123137445027944 0.092781176682501
-0.0296354486681686 9.90870234583885E-05 -0.138855108099601 0.0689984265728825
-0.0369560790860126 -0.0197619074070191 -0.387335299550086 -0.24799102829901
-0.0196772193474615 -0.0467069912007743 0.0416518561189594 -0.598590773595408
0.030582572194565 -0.0362034752231134 0.808860311981641 -0.222832463489625
-0.0178908373548676 0.0259098039275768 0.685885631304173 0.709690673877663
-0.0348622681026169 -0.0381776060705451 -0.0623310331589095 0.712507691164004
-0.0143367335416057 -0.0541725621367099 0.0809599315091189 0.0149869092482442
-0.00768610071483214 -0.00627723072045511 -0.104632594607401 -0.679730910996103
-0.0142977641921974 0.011674101089111 -0.890399276635437 -0.343474901617139
-0.0219422342636507 -0.0189649242161642 -0.61814409193098 0.648688281583184
-0.0585885524675009 -0.00454436438816927 0.31224916476665 0.643780141059079
-0.0387469599616085 0.0235239493796837 0.463262332794736 0.0455390560786799
-0.0147341330519553 0.005154821621541 0.137534007713835 -0.188944250456519
-0.00616461088197338 -0.00396492965064662 -0.155980027014662 -0.162517379277071
0.00644515261258893 0.0126967254381889 0.123953353434084 0.0890618677133219
-0.021136842904004 0.000893856176538563 -0.145105594915939 0.0534647844694847
-0.0221116933395553 -0.0160758391461802 -0.371681284332788 -0.272367842031416
-0.0078507811412586 -0.0433020199561205 0.0964812712689172 -0.589118653414553
0.0370346915677209 -0.0369239661242334 0.83388268745027 -0.143718406055752
-0.0102315251698995 0.0283883009203248 0.626431895467191 0.778405318787347
-0.0302338782429082 -0.0181394495556005 -0.104189873457009 0.703936696706496
-0.0165707661767801 -0.0297002616877253 0.0806611741640771 -0.00581197534523482
0.00333758034705018 0.00783122525295695 -0.147128778184553 -0.672553211851684
-0.00330163777980361 0.00626651534959535 -0.907333547462248 -0.267947772392249
-0.0209852831268132 -0.0221719949602043 -0.556954790513979 0.695768381109577
-0.0475237424333742 0.00146280081050503 0.357072325063551 0.614548560447972
-0.0217486131627537 0.0269534777489165 0.458145519758933 0.0162866626091257
-0.00363131792204317 0.00453520269431637 0.12201804129685 -0.200763785608015
-0.000171827627757505 -0.00184984763766703 -0.157198396388583 -0.168482244638729
0.0147102934745501 0.0137385466544581 0.125672444591988 0.0880952132713732
-0.00806720007269149 0.00363715944629356 -0.146672864202416 0.0488095352576251
-0.00618619026477099 -0.00895286223380084 -0.36529094763935 -0.281492852232012
0.00140631535980841 -0.0369714121836775 0.114986902688601 -0.581470577176447
0.042984741911227 -0.0398557625532451 0.841258364869949 -0.120088976959454
0.00281476378254028 0.032108919310779 0.604994558409483 0.800829135406296
-0.0257811806163907 0.00699433093034296 -0.120972311061717 0.702989199023241
-0.0188658600880364 -0.00216480870518834 0.0788291865959752 -0.0134827093503363
0.0164146361439208 0.022451167563191 -0.161344135499369 -0.671412228790709
0.00893258901534436 -0.000665028123181595 -0.913944155733167 -0.242827203367901
-0.0178538960868618 -0.0251477514236692 -0.537410300793067 0.707169109030353
-0.0354639596442466 0.00610119309656544 0.369770228709641 0.600673555334758
-0.00634219420488668 0.0281011710009211 0.45729381059151 0.00674634650850082
0.00756495387766682 0.00422505612113683 0.116577747227494 -0.203332949237049
0.00670383637550684 0.00037318688124207 -0.157801904962924 -0.170395162927122
0.022678631313613 0.0146410033718933 0.127637962334302 0.0922985693947937
0.00387793034067126 0.00530969508086356 -0.143502508949884 0.0546611260353404
0.0088246549254879 -0.00111888269425117 -0.370002662007598 -0.268535293554358
0.00788143400167688 -0.0285176596749084 0.0959182441239716 -0.585521607725245
0.0463494988371109 -0.0441789094130589 0.831927145842806 -0.152777635370146
0.0178263918789581 0.0359965262512323 0.629034575082497 0.773474466099977
-0.0195203948581923 0.0320022335800459 -0.106202667415959 0.703454633877412
-0.0203998660611894 0.0256917480379342 0.076541432062351 -0.00780298291658943
0.0303184406287891 0.0359863652791678 -0.146823180356131 -0.675341429820859
0.0217607620592882 -0.00575606864470941 -0.908557735729635 -0.277114280360721
-0.0128717279577343 -0.028700120520075 -0.565667082332262 0.688194003888865
-0.0250275859016874 0.0088170136765313 0.348907634981647 0.610422056565212
0.00755292253910097 0.0285557902444317 0.45842037594625 0.0221752327772552
0.0175979734264959 0.0044889715839117 0.122006677842336 -0.195639634071297
0.0131130551734016 0.00260795699421181 -0.157594061026237 -0.169393968373634
0.0298419501963063 0.0145248189525985 0.128304939626434 0.099631332676619
0.0160761229686855 0.00630112680500023 -0.134481583740939 0.0692901161624792
0.0210563005105567 0.00423925802555012 -0.383892244200419 -0.241526770402592
0.0109712061660281 -0.0203477387354724 0.0444603914330682 -0.591625329192573
0.0462003318344176 -0.0487509585792262 0.804004732064537 -0.23455386758931
0.0348280658579398 0.0362479506978496 0.688536294916116 0.703318506658458
-0.0103639924101209 0.0528846060914162 -0.0641230220044706 0.707924904136171
-0.0221124927180679 0.0494769122020919 0.0733538712091325 0.010335324655553
0.0404010444749056 0.0513137940399407 -0.105869724321804 -0.685202083849292
0.0337151122136278 -0.00823093914935288 -0.891723551719765 -0.359602674211011
-0.00663001343722086 -0.0313146655264333 -0.635256964883335 0.638343897604253
-0.0172816564507169 0.0102511681809299 0.297890360532771 0.638057318288237
0.0166259990119179 0.0293993041312857 0.460876895754963 0.0569150263300013
0.026428417313967 0.00605013597454217 0.136201259291369 -0.181038149574606
0.0189906860532837 0.00376123902755626 -0.157158548065913 -0.162674964315147
0.0338982850374231 0.0136739603842624 0.129710267949774 0.109616441519974
0.0241030888515652 0.00474002830087542 -0.118930264275765 0.0910748945418081
0.0281776917125462 0.00590114981046551 -0.400990604891366 -0.196618260398392
0.0117560401150834 -0.015148925660236 -0.0341763788506372 -0.595360962163217
0.0430134398458144 -0.0536637037328112 0.754222132903799 -0.350414736816048
0.0485446987471319 0.0315088476239755 0.763481263208983 0.592053563962109
0.000970409675156082 0.0635156425356546 0.000705104116625527 0.713006382296815
-0.0226364358908407 0.0651220129298948 0.0710313813230663 0.0377471372661251
0.0435792655025354 0.0639464644877495 -0.0416269539161735 -0.690474382568823
0.0434099640983454 -0.00327354658471952 -0.849991508345561 -0.480812071800644
0.000172117505531515 -0.032210612316426 -0.728999761867546 0.550580709816547
-0.0161762386730877 0.0116871171801042 0.218605525702995 0.672343322082625
0.0200069946942782 0.0324554811262736 0.460690016113725 0.109734825099927
0.0317352400548516 0.00827296588236509 0.156228956887791 -0.158933756078823
0.0220455963638476 0.00483625610774272 -0.154784273963697 -0.153089298835008
-0.00485249426592049 0.010099453621028 0.119983847636007 0.111460802520632
-0.0338947396702255 0.00288989586916168 -0.105862502878541 0.116641088919912
-0.0541878530819985 -0.0126549510345404 -0.420434838067371 -0.14457770368975
-0.0445814099930118 -0.0377604407857001 -0.136134508296163 -0.593114260240209
0.0146124024101091 -0.0363989586251726 0.667855982613667 -0.462103724750969
-0.017735099493548 0.0289107726555225 0.833225783091259 0.455372056141064
-0.0447939117824633 -0.0471301120795185 0.0890178745405345 0.706899904912762
-0.011514459270616 -0.0787104083683956 0.0788623282156901 0.0770671760843134
-0.0129505193848574 -0.0301253439578827 0.0286129444733349 -0.676947371696759
-0.027358235180428 0.0144397219802452 -0.784316694951361 -0.587263332231566
-0.018556271987069 -0.0129736449206455 -0.797729418180183 0.45570186907944
-0.0684261010906115 -0.0210366071648851 0.146439331172125 0.709356178885922
-0.0609188208649813 0.0115174089132877 0.457585642490976 0.146728697691082
-0.0291576657833845 0.0021660648000278 0.180389306729336 -0.143827271206409
-0.0131672666013514 -0.00833665380804159 -0.152677795767341 -0.139290101631982
-0.00334182781478603 0.0105460055156485 0.120451843294632 0.10084969429978
-0.0347153186256869 0.000881691092785671 -0.124054649395207 0.0910104358888579
-0.0486971163882889 -0.0184971228165628 -0.406136652371038 -0.199328418292977
-0.0335002302499203 -0.0445940107386365 -0.0429293190909136 -0.600398174119825
0.0216110801848705 -0.0363463022239194 0.747860925511503 -0.343643673905277
-0.0199228283862999 0.0269411152883835 0.764699929020183 0.590322523685167
-0.0414120956288058 -0.0473659823523627 0.0105561363470948 0.710763055117613
-0.0126167785551871 -0.0704045450731701 0.0803516309116861 0.0428952821904756
-0.0134671479347278 -0.0197517997891089 -0.0488581605136305 -0.678535074681215
-0.0218936241607711 0.0152373758278882 -0.85118407027502 -0.450822765844475
-0.0218201973077457 -0.0153602693553796 -0.698025748360117 0.573137350146733
-0.0666559419780756 -0.0128349184928218 0.245029915622575 0.675485806477498
-0.0514261125197297 0.0183393829444901 0.463429558516561 0.0887568054641572
-0.0234898873904893 0.00428545045007984 0.156843295457312 -0.171411890476232
-0.0105846397454833 -0.00573134382525747 -0.156204749970996 -0.149866329502385
0.000595840856028516 0.0114111186758944 0.122815534341517 0.0918450156655326
-0.0295926197416198 0.000973865183260605 -0.137376772182627 0.0694178459078437
-0.0372583521973283 -0.0197621806621233 -0.388304800519532 -0.241341864389859
-0.0196950577214393 -0.0464218897597084 0.0351942265893217 -0.594663938139789
0.0290596500107759 -0.0365201900684302 0.800594259319366 -0.231348001467326
-0.0182506323491685 0.0267598486996517 0.689405284380229 0.697166688355265
-0.0347320628663069 -0.0373415357130274 -0.0524927450225714 0.708542261858669
-0.0153103407716373 -0.053270149484528 0.079706965385789 0.0140733689596873
-0.00756775527626795 -0.0067542008062156 -0.112692524772308 -0.674462872686799
-0.0130336150159984 0.01147709248161 -0.890373646250516 -0.33112963954814
-0.022267837828933 -0.0182965514654271 -0.607611038510833 0.654327757925185
-0.0583848943880805 -0.00403293764279198 0.319944280362892 0.63631534596858
-0.0379342499770095 0.0241322693372313 0.460651986068046 0.0387856147230435
-0.0142060240555696 0.00490429677164394 0.134924331555803 -0.189275880441175
-0.00671393376734881 -0.00363384831894758 -0.157642037965821 -0.159786589760644
0.00731891825688472 0.0123618555147396 0.125251015606724 0.0873961907921984
-0.0213140272048865 0.00116086508924064 -0.14384453535887 0.0547789894440176
-0.0218426858054709 -0.0166052902002013 -0.374712643378003 -0.265658339128182
-0.0082569645308219 -0.0436075114129924 0.0865868903815283 -0.584731644283107
0.0361890912642387 -0.037784028887953 0.825372179247074 -0.152971094350802
-0.00980718533017291 0.0280198279116124 0.6313236595571 0.767358578300936
-0.0300838229667849 -0.019076886271099 -0.0960061839251267 0.701127872646888
-0.0168506478265703 -0.0295287831955623 0.0796642915285668 -0.00596000010749845
0.00328535613852179 0.00698637834633785 -0.152073566043341 -0.665800567301681
-0.00258394458641122 0.00659452335861935 -0.905885602295569 -0.253032538706136
-0.0206230312904816 -0.0216212453718601 -0.544256529514215 0.700032109435759
-0.0478813523818252 0.00154061844619877 0.363580601526322 0.605772687016299
-0.0215732459676465 0.0262658877820917 0.457244980587188 0.00952783449257225
-0.00301467214867614 0.00514027733718085 0.119047404243481 -0.200796903011707
-0.000328599597013451 -0.000815068048969142 -0.157955679065048 -0.165275483336311
0.0152915576308971 0.0131621565572548 0.126116848793246 0.0866421299793437
-0.00884802601667505 0.00373854559314127 -0.145787322035177 0.049784163813187
-0.00690475500480057 -0.00989106350501905 -0.367841968140834 -0.274396221485617
0.00142630164378621 -0.0369758280152902 0.106031908288432 -0.578767330285448
0.0412850827928392 -0.0397029828945147 0.834109401035387 -0.129085390492291
0.00295968671861072 0.0325030691143433 0.609752383154331 0.789759772937902
-0.0257522380497618 0.00649366413679083 -0.111695857857346 0.699384381390617
-0.018735837082116 -0.00254393467908557 0.0787638083874354 -0.0139015348437698
0.0173304925840084 0.0213402395289215 -0.168369921595676 -0.665135164583556
0.00901784014829285 -0.000252409354376711 -0.910099509229947 -0.229702233159411
-0.017015773439634 -0.0252093304800363 -0.526014593082313 0.709772101442254
-0.0357727513042313 0.00675930778153714 0.375688366062781 0.591020202268173
-0.00573246296220718 0.0269905623784086 0.454969967093533 0.000837008165477396
0.00791123958147153 0.00400649066916382 0.112613594020468 -0.203340323419391
0.00697161721350868 0.000579017217733086 -0.159242969732155 -0.166981391347995
0.0232314886250845 0.0132338891971731 0.127760018709013 0.090625753925349
0.00369226395933037 0.00556082953734815 -0.141609168034909 0.0542207716179093
0.0081764600345594 -0.00154362933401551 -0.373245344347622 -0.262800826248209
0.00700029851412139 -0.0287341157477754 0.0879956170970794 -0.583111519963825
0.0449533724433035 -0.0437053586006568 0.826602869123528 -0.160411879364062
0.0196383319699588 0.0364810452486112 0.632569626966739 0.75988770382976
-0.0191758235493695 0.031111655295005 -0.0978861156046153 0.699250967746749
-0.0202229506506226 0.0255785343200378 0.0758799416667064 -0.00948770256597611
0.0305494786534524 0.0351051776449141 -0.153383178639664 -0.669364031282999
0.0216704568325481 -0.00563296489118733 -0.906446876761241 -0.263670583518541
-0.0127975916612265 -0.0284072820849736 -0.55549707488307 0.691580395505959
-0.0250712883277677 0.00882842674963429 0.355069075386641 0.602342667345792
0.00845114997327732 0.0286476659771711 0.455178068693702 0.0169876763290412
0.0176894364861297 0.00513534298883963 0.118202838763287 -0.19736972000489
0.0131443622065426 0.00282153245155304 -0.158896816489784 -0.165948922397699
0.0295236041861141 0.0134448757460756 0.129177322212129 0.0970760020987113
0.0154212810736749 0.00563029310190449 -0.132640346054533 0.0688447088734826
0.0202529554654005 0.00327196242214375 -0.38650424359229 -0.23446789182189
0.0105205373406824 -0.0212599207522411 0.0375991340252856 -0.589306012347494
0.0449535025094889 -0.0491667693371857 0.798001566127934 -0.244254551363409
0.0351443693868388 0.035709032226834 0.69324323141507 0.690342974793833
-0.00977239560965041 0.0523591626639157 -0.057339956643222 0.704063567109943
-0.0213962113130411 0.0492243089593681 0.0731351301791847 0.00873293094262162
0.0406950137750931 0.0494258225928577 -0.111978430578963 -0.678382459804966
0.0341393621305787 -0.00695531221643603 -0.889202796529552 -0.345947446874194
-0.00746196377464659 -0.0301876121581664 -0.624752066239598 0.642485628793191
-0.018802665836678 0.0106017654678946 0.304262260372128 0.63034180903253
0.0172016855110986 0.0293111345354572 0.457799530196614 0.0517944232516449
0.0262986837355981 0.00554395375363339 0.133965744112558 -0.180693143639949
0.0187886941952231 0.00357691858116946 -0.157865738391048 -0.159757672449919
0.0345739393972664 0.0131208437412898 0.130057270347987 0.107852159668504
0.0230028959499717 0.00458815415776165 -0.117454207498261 0.0904897521461111
0.0279083380664783 0.00497546729077677 -0.401943831907785 -0.190933777995449
0.0106708434955542 -0.015928835144319 -0.0405384362391536 -0.590599164828486
0.0412886335439407 -0.0539129310115972 0.744590150686758 -0.358447931656264
0.0483031753707227 0.0307794572735929 0.763613160414377 0.579354050458864
0.00170754722474988 0.0632394928154257 0.00936996494384376 0.708033074507718
-0.0216303779777453 0.0640031661105292 0.0707174425911091 0.0364810450209128
0.043377172524967 0.0626592245369999 -0.0498340365260698 -0.686269619778704
0.043899506912449 -0.00321787594152183 -0.852200816194247 -0.470008317575434
-0.000845758140187627 -0.0321430421252313 -0.71764471823471 0.555945106769154
-0.0154873661047716 0.0115003686155415 0.225908969709933 0.666443901485141
0.0202108734711136 0.033347166155285 0.460117458326829 0.102129791645708
0.031836903725491 0.00885342339943076 0.154892155934171 -0.160781816774348
0.0218859387107758 0.00397995390635767 -0.155886949853438 -0.15042361952357
-0.00402945606465059 0.0096952035335613 0.120807253613741 0.110344080945376
-0.0333486659619517 0.00276163025861981 -0.103695116304437 0.116417006689667
-0.053282233465532 -0.0124938388231104 -0.417595198583539 -0.139400572211967
-0.0446238442057103 -0.0375122982838293 -0.142427920129943 -0.585677146277554
0.0135840670945602 -0.0367598383641391 0.658957751142825 -0.464740710874728
-0.0164826377604941 0.028791274599419 0.832813102733117 0.442017441477381
-0.0440978539763914 -0.0462952312808608 0.0941709738536771 0.701238557258731
-0.0114827560592591 -0.0780753692924848 0.0790001000244101 0.0756801716596117
-0.0119848357907905 -0.030234345889064 0.0196705933966398 -0.671921714084386
-0.0260966478895002 0.0152780280777913 -0.787306361287678 -0.573475120771574
-0.0187530292762033 -0.0131365864122214 -0.785432094820694 0.46301362228867
-0.0681692189715353 -0.0204491399716426 0.153929511817758 0.703610318099372
-0.0605950929303992 0.0125271924437001 0.456464704761867 0.139599616934062
-0.0295442373022633 0.00216911490028362 0.177353249987153 -0.145234404051002
-0.013392810784131 -0.00783363074952676 -0.153076497599519 -0.136828826030874
-0.00310603494794308 0.0101109094118728 0.121928458981417 0.0995734832173776
-0.0347021135268197 0.00158484693075838 -0.122160072973292 0.0906880474282368
-0.0476946621974697 -0.0183100303175874 -0.405418056309276 -0.192836104559168
-0.0334664024502658 -0.0445591067753605 -0.0508278999898168 -0.594782563208454
0.021027666899338 -0.0362302767217867 0.738306829680954 -0.346653897267077
-0.0208663696577802 0.0272785972755731 0.76560781345628 0.578627513823878
-0.0406269663183841 -0.0467851733347422 0.0194971635530464 0.706415381108501
-0.0140201542366201 -0.0697042267431323 0.0802779440613809 0.0412368050268049
-0.0133825052121643 -0.0201140825231362 -0.0547991296444136 -0.672086600471429
-0.0208954927533294 0.0150924822130472 -0.8512879253106 -0.436773301191837
-0.0209000058405851 -0.0150936143135448 -0.686175825627371 0.577130766896892
-0.0665795773372721 -0.0114328586481601 0.252332557959598 0.666384624281987
-0.0505524053397578 0.0189331643004334 0.461245627248787 0.0822881137452245
-0.0229089121115123 0.00443019279617001 0.153137206613792 -0.171558093179166
-0.0100822990146973 -0.00596925260058406 -0.155199043418905 -0.147741690397232
0.00128648552586046 0.0106744021446245 0.122741242502233 0.0900179162918598
-0.029832565454186 0.00121277474315603 -0.134660683134727 0.0692277629160022
-0.0367786666422437 -0.0194769151578596 -0.388614942829525 -0.235878994769232
-0.0197477028005397 -0.0459125830196564 0.0281887832965407 -0.590504138922115
0.0283124492994866 -0.0361970057118997 0.792935870887959 -0.23776514568296
-0.0175829265364609 0.0264516961571413 0.692844643295434 0.684468477752223
-0.0355062893318245 -0.0365360951490625 -0.0460018369106581 0.703743182289305
-0.0156718382060846 -0.0533767105869633 0.0796391080177126 0.0127201435581052
-0.00647663688535384 -0.00738070065800894 -0.118323247241776 -0.667052554326061
-0.0128917819189447 0.012283614801693 -0.886320029394375 -0.318791007498741
-0.0224872923703968 -0.0175204921089088 -0.594975248877762 0.656792329752173
-0.0589653422219146 -0.00334155800055661 0.326347950738808 0.629110388719331
-0.0374892162247316 0.024327383130766 0.459233473909488 0.0326721552619417
-0.014126479383797 0.0055484306442376 0.131230365050374 -0.189983348940627
-0.0061346387320191 -0.00293413348911556 -0.158681115996681 -0.157472497957276
0.00767200026867765 0.0117527059359037 0.124510032396834 0.0858092182278114
-0.0217702150628047 0.00187345452090293 -0.142569591480564 0.055098378667812
-0.0223522817914477 -0.0166761990903192 -0.374931378132578 -0.260751300049534
-0.00819455294264558 -0.0435970207277079 0.0832562041814346 -0.580570203026895
0.0351509775226489 -0.0382865602591949 0.818466906588943 -0.16115964456915
-0.00902855831450827 0.028338172599499 0.635658531421941 0.753791588159885
-0.0306659211896421 -0.0188002530003924 -0.0894630212318729 0.698316689563126
-0.0171601988183304 -0.0295561774215766 0.0793187670483259 -0.00735282494995909
0.00427114579731134 0.00656106209341099 -0.158144678685143 -0.660214873284181
-0.00255783796571623 0.00696837032527485 -0.902670466355836 -0.241926511700197
-0.021136646942007 -0.0207130953854948 -0.531681791685826 0.702220018138747
-0.0472050732440913 0.00275374005109191 0.36954724277045 0.597690069738266
-0.0210642070410705 0.0270919047927231 0.455084946816117 0.00344311063595084
-0.00325358403648992 0.00490408834019913 0.11603861259896 -0.201162574825547
-0.000938758446690177 -0.000730363297571465 -0.159735401510775 -0.162641185395352
0.0157823285983013 0.0120886102181136 0.127261817307367 0.0842779362685967
-0.00970534219146505 0.00335460848228056 -0.143823730851169 0.0504128363430166
-0.00646629675951313 -0.00948301742610552 -0.369517160623625 -0.268578031709509
0.00134597614327709 -0.0373216523155175 0.099713168394426 -0.575686308406505
0.0405264355238401 -0.0404995307102724 0.82723462026749 -0.137274497211275
0.00372765638010924 0.0321488719401591 0.615165621047599 0.775038687592569
-0.0258075133102772 0.00627401329481928 -0.102204878369364 0.694322871327001
-0.019139568895973 -0.00153688421093755 0.0778612398161658 -0.0150093490247599
0.0175260262545931 0.0197382707864865 -0.173308110766693 -0.659119356180916
0.00955938391481531 -0.000390536728822492 -0.906714796064053 -0.217147952744665
-0.0182957047116291 -0.0255760317658657 -0.513389698836329 0.711959515476977
-0.0357151886194326 0.00687030299942893 0.380209981982119 0.582904589224265
-0.00475963979421277 0.0269481348487678 0.4503418977807 -0.0048439672095206
0.00746929637870806 0.00492274250501323 0.110639993959771 -0.203157648371398
0.0060484701311583 0.000810992256616579 -0.159491577514651 -0.164262796951479
0.0240353359775567 0.0132413411533056 0.128429646837272 0.0880158746798085
0.00292545154537624 0.00544555601989069 -0.139826200431958 0.0543718705715773
0.00805440301109877 -0.00196504389509685 -0.375024269545091 -0.256202443556378
0.00725930711270348 -0.0298388578561838 0.0823445496147065 -0.57825025190364
0.0437775489445237 -0.0439969081139144 0.817495463970129 -0.169202935107425
0.0193476666540689 0.0353080051538887 0.634840537402167 0.748806841782029
-0.0188622312579615 0.0315621252109972 -0.0897465557638438 0.695610576675778
-0.0201122271180893 0.0253201691983256 0.0748860197768333 -0.00943085132992948
0.0313952424838612 0.0341647042062365 -0.158162230885631 -0.663283160710863
0.0224905269405228 -0.00587354365667287 -0.903135208692372 -0.251375826338258
-0.0131723783612422 -0.0279093072169328 -0.542806060934486 0.694885954976047
-0.0249551260501715 0.00889760826510183 0.358907359561489 0.593048121149883
0.00859147789946996 0.0273592405663876 0.452072996405114 0.0108921132872209
0.0181535518414812 0.00408514055173605 0.115855592416495 -0.196457763284174
0.0133242779500242 0.00250786555266979 -0.159438836593211 -0.162659967126041
0.0304975872687434 0.0125546711396925 0.129271329640559 0.0960615014508225
0.0146350874599372 0.00606303287596484 -0.13186840589958 0.0689935540434924
0.0194154979135591 0.00365295873757244 -0.388065874084459 -0.228167703963476
0.0104806608552908 -0.0225909746739494 0.0319137658063127 -0.584227676112045
0.0443976809931481 -0.0485225599427155 0.789699888439798 -0.251600354176111
0.0353409942116752 0.0353052291677929 0.691992211074263 0.67784644680197
-0.00901958456496154 0.0516769539665008 -0.0485322825326402 0.700439722028552
-0.021142150025514 0.0489000926845317 0.073145259237258 0.0073700152836384
0.0398877011770588 0.0485009604627464 -0.118475933677715 -0.672934157983759
0.0339408364253491 -0.00700727846187204 -0.886730781768745 -0.333588382530632
-0.00687184530983417 -0.0305637464939683 -0.611001987426752 0.644256079180186
-0.0181756863333624 0.0109867323817361 0.309732952047146 0.622570993681157
0.0172656895955548 0.0291740223875609 0.456677522388035 0.0453969763107702
0.0259190902455299 0.00534991377763406 0.130172849790588 -0.181317480758071
0.0187188748838592 0.00287322932955404 -0.158657458130795 -0.157303157349402
0.0339569565861919 0.0120596525528488 0.129562280062937 0.105963210041149
0.0226589589774369 0.00401421323751476 -0.115160039167561 0.0897718518077411
0.0273805416016 0.00469030682219841 -0.402461607637195 -0.184120072200103
0.0113780774408781 -0.0160964357814846 -0.0458591979819539 -0.585326540429025
0.0401661031780268 -0.0538495236278297 0.73451862534933 -0.362774753919253
0.0485807128484271 0.0302152125106133 0.766151131157219 0.567518380817881
0.00302396666228582 0.0613908122613651 0.0152953748127413 0.702404655946188
-0.0212873953062488 0.0640315388869146 0.0705281481003104 0.0359404295811362
0.0433705687256479 0.061189304169231 -0.054698845038514 -0.680508551426336
0.043401122184659 -0.00388243308838238 -0.850281888561464 -0.457052916823597
-0.000160198386174964 -0.0319364231077808 -0.706613041653083 0.559804851184972
-0.0152866567200772 0.0112127624210581 0.23256259698879 0.656092794134794
0.0203967333633115 0.0325688638324505 0.458751183708048 0.0944112081271463
0.0320588892351538 0.00786675967452844 0.151734251788173 -0.159809722489279
0.0218350138547012 0.00426834535696172 -0.156414176377489 -0.147539377518362
-0.00412303063957014 0.0100210686150232 0.120709538522444 0.108539950426171
-0.0333229529501408 0.00179317027283391 -0.101339937709783 0.115323383930967
-0.0527869669168048 -0.0121982446156391 -0.417334846131447 -0.134157220608572
-0.0442313787428366 -0.0368783697135067 -0.145248830416641 -0.578656782533072
0.0133155100055635 -0.0367993791963662 0.648159712654677 -0.465714139888666
-0.0165548130364436 0.0291740773293162 0.827860284804941 0.429542495711765
-0.0444869227551215 -0.0462053513395849 0.100021146932717 0.69319754580291
-0.0124990621663339 -0.0771110778517071 0.079187510791377 0.073970622694709
-0.012253749847853 -0.0301114255027186 0.0141610412000523 -0.66568798627435
-0.0258336817211492 0.0160356421842356 -0.784023575291099 -0.562539949933392
-0.0182155931956091 -0.0128469718723515 -0.774904607172221 0.465559776469511
-0.0693960190344631 -0.0191557227322631 0.16080756840074 0.695929868673396
-0.0589169839921456 0.0124694171819575 0.453948255110186 0.134916594162815
-0.029060636930255 0.00316254744596397 0.174737796946172 -0.145399683232129
-0.0135267426405268 -0.00749715110291325 -0.153258826262916 -0.133628868513711
-0.00257930740592507 0.00993564918467549 0.121671694086754 0.0977642627102918
-0.0348777355362503 0.00197449311806677 -0.119999669288066 0.0907488170308435
-0.0473589039930673 -0.0178803279350954 -0.405309159966603 -0.188195174408438
-0.032143272751395 -0.0435422545628426 -0.0569807351561653 -0.588590675563781
0.0205924062120187 -0.0363038570546789 0.729357160096164 -0.35124944291315
-0.0195299119240092 0.0272878105727144 0.76445148607598 0.566286536705287
-0.0413320960318358 -0.0469894621167307 0.0252371940271853 0.699453588212279
-0.0142383395999617 -0.0695912190606274 0.0792029771120499 0.0408254970408489
-0.0129138269334825 -0.0200569553578711 -0.0590508926282294 -0.666583449704257
-0.0204261311329653 0.0161574662606971 -0.84828612075461 -0.42431996678726
-0.0210755291859964 -0.0144475009035634 -0.674231596734457 0.579142402576255
-0.0662278865013503 -0.01048689538835 0.257756103606135 0.658574841414212
-0.0501388292666922 0.0192589719581332 0.457591092190363 0.0753592962133896
-0.0230299836299641 0.00502597689526011 0.150308736816049 -0.170751118886498
-0.0102240883468258 -0.00558259010460426 -0.155744419263433 -0.14490741431096
0.0020710702533912 0.0109650286767178 0.122937661605094 0.0887700995424799
-0.0302521094172379 0.0009631893531984 -0.133413463826652 0.0688428656553574
-0.036672069771423 -0.019291062340859 -0.389155769500184 -0.229848784783359
-0.0191309599785519 -0.0465319625572566 0.0236104260554374 -0.586027964834405
0.0275535392285965 -0.0362256929729875 0.784306831672921 -0.242564749296103
-0.0173301330108213 0.0271045896574647 0.691642072827754 0.672408069184754
-0.0355770806683574 -0.0373629715848966 -0.0406148649196881 0.697972987660175
-0.0161809076626992 -0.0530374643677802 0.0801250269652068 0.0121822746630447
-0.00722935524940527 -0.00765742383586247 -0.122444704663424 -0.660631790258827
-0.0117574306490547 0.0126459918005013 -0.881423328571206 -0.308643948950873
-0.0213840078305061 -0.0184662100722244 -0.584965279384146 0.656776793800597
-0.0581923336155451 -0.00308543796322258 0.330816107889279 0.620200038255057
-0.036216759038947 0.0244768520961874 0.45496583801376 0.0282084184221332
-0.0143576777609723 0.00574142504488378 0.128591044388532 -0.188525676034847
-0.00613724875850838 -0.00340172771354082 -0.158467125202567 -0.153912108617196
0.00840464603389174 0.0109810775110577 0.123878333619757 0.0837554934991996
-0.0223777719583833 0.00146550069130203 -0.14063832964409 0.054906333351722
-0.022141162299401 -0.0166487483249344 -0.375481359249217 -0.254587667369859
-0.00764122294352739 -0.0435889320574211 0.0757137205731026 -0.575805087078073
0.0341458506186767 -0.0378252776007751 0.809965066688548 -0.166942702282078
-0.00923923748443715 0.0287677107868625 0.636880443735739 0.740552802604619
-0.0305708277416347 -0.0185228503666617 -0.0801847131495654 0.691891168357701
-0.0177937458847086 -0.0295823287422748 0.0786741449706696 -0.00787188559484587
0.0040726001681202 0.00618041422995993 -0.16154015925974 -0.65228187270953
-0.00124713842468891 0.00791540817237456 -0.897046314386501 -0.231400527493732
-0.0210912956922628 -0.0206749990647457 -0.52157852879594 0.700408114997125
-0.0471025051088534 0.00312338059060625 0.371869257722806 0.586580773656685
-0.0209899842714519 0.0266990264093056 0.450685293483603 -0.000411305313752143
-0.00327223635114719 0.00548647023463173 0.113031018514503 -0.200000595769546
-0.000635111801819293 -0.000837358287420676 -0.159510433008223 -0.160386869156346
0.0156501355761935 0.0112914954800638 0.126558705307118 0.0827666642154534
-0.0103019871777185 0.00362972601300276 -0.142717502935422 0.0506184759130231
-0.00652205827436715 -0.00923149155682641 -0.370874485678973 -0.26296927741006
0.00146998680534378 -0.0373817795816251 0.0943725941995059 -0.571122947640727
0.0396297206175703 -0.0394102889044425 0.820323352922131 -0.143499389569257
0.00384318271675395 0.0320506190708421 0.614809150456659 0.761240074792604
-0.0250631101029322 0.00610185884227716 -0.095618804327234 0.688780740126199
-0.018678563009288 -0.00203747808362814 0.0770563679628767 -0.0156707760273231
0.0173695064291699 0.0193863812938715 -0.17633394882659 -0.652120672435976
0.00979743189068269 0.000244011269794127 -0.900038144730985 -0.206576821251429
-0.0178430769066922 -0.0241680752790229 -0.503309577482535 0.71101213904054
-0.0352695332602653 0.00709214247361322 0.383298728645907 0.5738161464008
-0.00476382410748881 0.0269570510479883 0.44828056062624 -0.00914187433710171
0.0078643993283958 0.00481803261556338 0.10763545519568 -0.202276747706194
0.00596322138901563 0.00034691223206503 -0.160337277207731 -0.162588227334648
0.0243787923054339 0.0119379332593133 0.127768683050885 0.0866740285827159
0.0022618787039437 0.00540656422966906 -0.138784333947712 0.0556779163995765
0.00802054381648511 -0.00242404422310715 -0.375468048482715 -0.251365615380426
0.00761850580820089 -0.0298518078109832 0.0772758610791175 -0.574624046742485
0.0424885574965753 -0.0440663349691945 0.811310161142359 -0.176021590358174
0.0201321804014717 0.0347087744726611 0.6375065897309 0.735461401923864
-0.0190636167945045 0.0309969279080414 -0.0826282049835652 0.689659051889394
-0.0197720148406464 0.024313236718821 0.0747322703977787 -0.0101063410269466
0.0308034316739254 0.0337457227770297 -0.160970123553025 -0.655816129707542
0.0222921812076704 -0.00495023779547609 -0.898458640502708 -0.240501075170363
-0.0131734811281701 -0.0279072348579103 -0.530439935480903 0.692982397171893
-0.0245150051062173 0.00910523428682123 0.364688801121826 0.58368957117577
0.0077440944051291 0.0274394576640212 0.449516489584712 0.00538541003617951
0.0175806713211572 0.00431388767115461 0.112670815515131 -0.195248287251536
0.0132029335827725 0.00179194089388324 -0.15972134210445 -0.160144426052036
0.0304642463182605 0.0114358106824601 0.129063461979013 0.094289839008316
0.013564140473283 0.00583064459119588 -0.130163905415704 0.0696413011028852
0.019499997577912 0.0022789385880446 -0.388658979457465 -0.222935842593026
0.0106909287454143 -0.0218120194907317 0.026651255902299 -0.579871342105781
0.0429256101103999 -0.048962351199097 0.779976970851158 -0.256161549793549
0.0356668596038187 0.0344299682036164 0.693485810492102 0.664100081996232
-0.0085981067183779 0.0498839002961553 -0.0411663585216861 0.694347315537598
-0.0201745301817463 0.0489427787217653 0.0719984292606287 0.00679694255375829
0.0401692607280354 0.0464406341147216 -0.12347316932495 -0.66569235259151
0.0342952417072543 -0.00778063045236677 -0.88478704310234 -0.323947724462373
-0.00699917239175974 -0.0296606516455159 -0.600190276847496 0.646381005981789
-0.0181526155185727 0.011107357129743 0.315536617074752 0.612599121801485
0.0177436479177409 0.0288505825147939 0.45369042231585 0.0417193303345146
0.0260195933387201 0.00479139895694774 0.127284520470425 -0.180556824637606
0.0186312798284805 0.00316080090087884 -0.159527269552498 -0.154296899127222
0.0347398345586706 0.0100917725677109 0.130375303999182 0.103661569151905
0.021921214247469 0.00445573496668735 -0.114606739731532 0.0895533342773098
0.0272032380087957 0.00359314653275279 -0.402742331645938 -0.179590703121188
0.0115546281191249 -0.016756503395192 -0.0515788964032916 -0.579549156530219
0.0396671984892072 -0.0536150771849837 0.725296162118345 -0.365763194897381
0.0487481807863458 0.0295087697163007 0.763726630984092 0.555120101117151
0.00302545268207886 0.0613991221713773 0.0233030909577889 0.696980312186999
-0.0205245644280435 0.0634656839382071 0.0698211222084902 0.0346312254641152
0.0438603649276992 0.0596666473754582 -0.059796897382515 -0.674478646959654
0.0438981677444056 -0.00425171687705203 -0.848476359735851 -0.445952295800208
-0.00150025661187888 -0.0315656200258181 -0.69509159293568 0.562778500978744
-0.0156361127609617 0.011634178706373 0.23900967947046 0.648509926282987
0.0210417412425641 0.0317497147383108 0.456205212136654 0.0893956888345621
0.0317775312004845 0.00701677118631869 0.148366096868836 -0.159893783375161
0.0217205603485211 0.00374160862864878 -0.156542211872018 -0.14440546293532
-0.00353063055188724 0.00934375757398342 0.12036639891842 0.106797137518496
-0.03377954022649 0.0016581694618135 -0.0989663171122075 0.113744757103835
-0.0527816681292667 -0.0122305208981305 -0.414052238468913 -0.129478817543617
-0.0430552824372269 -0.036264508831555 -0.148292521136586 -0.569098802556861
0.012897218441053 -0.0362917351243651 0.641028990796723 -0.4656095864001
-0.0162143326018819 0.0297393397833489 0.82232786870145 0.418721935051814
-0.0455197798522563 -0.0454001853970719 0.105342104556353 0.686807251149892
-0.0129247573682699 -0.0772417294687795 0.0787785324480039 0.0719407399239691
-0.012034243193064 -0.0307434027304139 0.0111589109324496 -0.658012292350982
-0.0242236882415593 0.0161898667202951 -0.781056611930478 -0.552061683383211
-0.0183742324500536 -0.0123772723894888 -0.764978960568924 0.469105576525285
-0.0687882716008124 -0.0186763174139619 0.165933111021941 0.687034210293534
-0.0582080585487452 0.0136636304814734 0.451924538047702 0.129119080834837
-0.0282884909058025 0.00339212620115109 0.17203042613101 -0.145688249818496
-0.0133575406246998 -0.00730766092005092 -0.152459455606006 -0.132358451882238
-0.00205755601728982 0.0096130790129383 0.120683452253109 0.0956194494123593
-0.0352244358506243 0.00174493326591385 -0.118026782030375 0.0893570794495861
-0.0482407974690156 -0.0177511300227441 -0.403146311341848 -0.184134054464586
-0.032275071923744 -0.0435577117128667 -0.0599829777624555 -0.582302928126901
0.0200195389693793 -0.0362422055833724 0.721225552645809 -0.3527460852464
-0.0191335646175776 0.0273829704192217 0.762049225478368 0.554570160949977
-0.0412690238614802 -0.0462206141704522 0.0304615328173152 0.69196970984822
-0.0149891388241639 -0.0693075764085607 0.0793646954465627 0.0391542210395682
-0.0126057862732066 -0.0204811213904202 -0.0628063708771503 -0.659138086477204
-0.0197195100648039 0.0160290474684353 -0.845076568030402 -0.414135836046677
-0.0207114852623923 -0.0147955332585515 -0.664921202125888 0.579998323312265
-0.0661412644336747 -0.00959069556912719 0.262876373481478 0.650400972269615
-0.0496947482085571 0.0200541552238282 0.455629691926214 0.0731262405413915
-0.022368312092211 0.00583083876471164 0.147521208945326 -0.170110762805301
-0.0102515245750371 -0.00525362460424848 -0.155254114615359 -0.14244532221776
0.00189064837704565 0.00974626889163303 0.122828175703374 0.0875322053121228
-0.0307906934496247 0.00113118134438825 -0.131109495574158 0.0683291022794093
-0.0365155101091222 -0.0195353865396486 -0.388209271527593 -0.226249486668321
-0.0192245631010228 -0.0454161090673764 0.0184231303013411 -0.579389400693856
0.0267210141198726 -0.0365721861146509 0.776445119567835 -0.245957899482882
-0.0165568390432182 0.0271523241989432 0.690161231905934 0.661674012485253
-0.0350078186328918 -0.0372264157545196 -0.0337727632236014 0.69189130505321
-0.0166916835582932 -0.0525426222952391 0.0792360869471254 0.011298302326703
-0.00670391876061387 -0.00742502470782375 -0.125366803654178 -0.653306440241929
-0.0110574808337266 0.0132321463440998 -0.877026387863205 -0.300011201534958
-0.0213035257958903 -0.017188039464714 -0.575409841021961 0.656203095157037
-0.0578984182196413 -0.00245483546618828 0.33280216467521 0.610361668786256
-0.0361025817232101 0.0243478918550558 0.452607621974435 0.0232368865543106
-0.0128158160293344 0.00558878189828094 0.125469687555554 -0.188556999679124
-0.00629652656149278 -0.00300449108349523 -0.158247366559029 -0.151770674143827
0.00830116009493246 0.010320866433873 0.122579372331189 0.082166666715028
-0.0230244714219801 0.00196897709556167 -0.139263442676672 0.0542647272729664
-0.0223746753094455 -0.0161196354126137 -0.374982078463113 -0.250285964398939
-0.00734495540154278 -0.0438120510247271 0.0720769446261558 -0.570393175640132
0.0333532730180055 -0.0372978874193001 0.801815425840466 -0.173033395867377
-0.00856528970359198 0.0282427813706307 0.636430776146499 0.729516761744293
-0.0299250021338719 -0.0187217705135093 -0.0766338845067159 0.684379628060635
-0.0178576776405246 -0.0293954457010637 0.0775032130706672 -0.00836675742322754
0.0038865086400438 0.00578096918840688 -0.164285682090664 -0.645358299206804
-0.000893766600938162 0.00707803051145482 -0.890474158361834 -0.223790872866522
-0.020862965040527 -0.0204497675136467 -0.510639343772794 0.699312615981161
-0.0477056289582257 0.00412368169194745 0.374658186491384 0.578873908069536
-0.020380116989086 0.0268468736460177 0.448067925226379 -0.00409391549191269
-0.0029641201596829 0.00503008854394407 0.109954260471163 -0.197873161136006
-0.0010947692489315 -0.000288826178590097 -0.159571698948179 -0.15793545055391
0.015620595620441 0.0105574519972092 0.125984881207207 0.0806188562173655
-0.0105086937284949 0.00359274258825271 -0.140733083201691 0.0501604808737055
-0.00644537086657596 -0.00968333740109613 -0.368337144234397 -0.258305751481181
0.000730656444983161 -0.0379426056607105 0.0906319601326784 -0.56692012874985
0.0382276575339603 -0.0393001151941856 0.810279257070748 -0.147169483348532
0.00435420339497629 0.0318240486179779 0.614988965968351 0.751507895223107
-0.0249097096754456 0.00548496331170356 -0.0900309534073948 0.682929013188569
-0.0189269053413257 -0.00214107788456226 0.0757409573787079 -0.0158487601490062
0.0175609957512985 0.0187851248877324 -0.179057627119212 -0.644128979251704
0.0105151223641236 -0.000579205999151844 -0.895369443304279 -0.200048929594082
-0.0178112431630866 -0.0240941595734677 -0.493256674716625 0.709720107975259
-0.0346696635192299 0.00724284686445349 0.384759166311819 0.565785412772983
-0.00500823922522437 0.0273001420692348 0.443638007909438 -0.0135304565988737
0.00718156606462513 0.00452147633048897 0.10522817693987 -0.200576206486716
0.00635664898888248 0.000934601117079003 -0.159733757108892 -0.159446317101712
0.0238937814717607 0.0111601066988358 0.1268678641466 0.0845704562702017
0.00192648383045062 0.00623285630740815 -0.137733773048321 0.0547917985987056
0.0082693800867215 -0.00276224508737525 -0.375844754808032 -0.247076848819945
0.00700844573852975 -0.0297087119728157 0.0732823413180495 -0.568743719684651
0.0416562944352888 -0.0437638300495727 0.802955605496813 -0.179662691472069
0.020089059899431 0.0341612618915613 0.635102068001194 0.724351217240822
-0.0180445116554493 0.0296481374586675 -0.077837044788088 0.684122178167406
-0.0199014203160178 0.0245305499070471 0.0740912709694719 -0.0110763195161182
0.0306141535304512 0.0323125602919463 -0.164892946728619 -0.650008086652812
0.0228168272425692 -0.00530998359727686 -0.89192593914499 -0.231811746816787
-0.0131524379762017 -0.0267961797074634 -0.521480750335498 0.689857700323254
-0.0252643109023413 0.0101066355944892 0.365852419830733 0.575666454460798
0.00761900498002362 0.0272857685932447 0.445866275308577 0.00210219102317019
0.0176108800404863 0.00410734440614806 0.109522925282879 -0.193951214683926
0.0131486373191647 0.00192964539134216 -0.159384572084853 -0.158580839237142
0.03055276618543 0.0107026649159472 0.128747315824447 0.0923998261256392
0.0133065196166685 0.00537243341337752 -0.129034024049364 0.0683996609132539
0.0194069845706201 0.00241821799079651 -0.387793636552951 -0.21824124704554
0.0108522216360427 -0.023356465866027 0.022835482441882 -0.575026847055091
0.0417006573472769 -0.0487701694219001 0.772830911231695 -0.258453620913151
0.0351679234383936 0.0336369622750538 0.692296230149642 0.653625218953205
-0.00939472012147883 0.0495652503877366 -0.0364464450279108 0.687596174536644
-0.0201937629567972 0.0473541069674553 0.0715785734039631 0.00679932590523888
0.0402781930923396 0.046438486534189 -0.12409429421859 -0.658429720901394
0.0344819610849544 -0.0072094074013077 -0.877414232908059 -0.313999982805946
-0.00650049327630019 -0.0294589036418682 -0.590240431669423 0.644911983353795
-0.0185431344886061 0.0111660090312879 0.316927224231148 0.604905302978587
0.0172880696691087 0.0281394005159268 0.450531735812549 0.0353087123909316
0.0259659650274834 0.00485791744822416 0.125252442418595 -0.180283087792759
0.0189448713266607 0.00393037980520642 -0.158525112576484 -0.152002349692935
0.0342982247593004 0.0105535363878623 0.129538451340598 0.101924807672358
0.0214222940335916 0.00364855850954566 -0.113239606345149 0.0889525806453082
0.0269333538224206 0.00381933819794269 -0.400648118602893 -0.175169119092267
0.011535150711844 -0.0172026983677939 -0.0544366855199398 -0.575367073330466
0.0385179709143958 -0.0536689872212662 0.717306747632642 -0.368292927671213
0.048927750206166 0.0293373413869631 0.760536150312915 0.543853806916661
0.00314031675360453 0.0594377516312365 0.0276664519346673 0.689640142439886
-0.0207856237233648 0.0629289875865245 0.0698376901648884 0.0339418771964359
0.0442001829519092 0.0580391303369558 -0.0641554054386466 -0.667363038597296
0.0441733981103562 -0.00415673507777742 -0.843190075381422 -0.435010634302013
-0.000220562728286692 -0.0308549232108443 -0.683692249977577 0.563149393650859
-0.0160417718884254 0.012113238166703 0.240783742805501 0.641191591829214
0.0211085413560776 0.0319458067285549 0.45339209955304 0.0846888033871136
0.0315480232015087 0.00748996059257066 0.146725024949228 -0.159369085731901
0.022436967286366 0.00412748964827661 -0.155987873514976 -0.142655207865419
-0.0027989558400613 0.0092186450472133 0.11955360211822 0.106268879921723
-0.0342309269666505 0.00236746111753447 -0.0976340545607984 0.112237839079459
-0.0519662587438927 -0.0126269987112685 -0.412353886942875 -0.126891359483998
-0.042630334331954 -0.0360749905590839 -0.150858669712797 -0.563594420420795
0.0117239440468421 -0.0361886009000265 0.631381265572629 -0.46471442542884
-0.0152033134245726 0.0292411756335178 0.818195063119419 0.410116761821801
-0.0450076202057869 -0.045957536277302 0.108129398639108 0.678208401386214
-0.0133195693668266 -0.076226453150449 0.0785336872853933 0.0705889545806582
-0.0113686506797605 -0.0306789766946705 0.00809212364846263 -0.651103833053064
-0.0232130486527289 0.0163475710466578 -0.777660814204368 -0.543424347671926
-0.0185508923400368 -0.0118738360483176 -0.754909255089243 0.469355424800283
-0.0680681275711552 -0.0187690823473473 0.168448751599453 0.680149550236629
-0.0575556226551014 0.0136781419221215 0.446991660428839 0.124499424550846
-0.0273868651893569 0.00289326727183416 0.168550739242848 -0.145761757294677
-0.0134989103140542 -0.00719356564301697 -0.151167882746334 -0.130633036473543
-0.00146105886349148 0.00935788058438163 0.120138892378026 0.0941728261369151
-0.0356622642712651 0.00109325730867708 -0.116655804476393 0.0893014464313175
-0.047314966555785 -0.0177164409566889 -0.402235216445404 -0.178899491933712
-0.0312012349935356 -0.0433271151050831 -0.0613465615544876 -0.576370043910158
0.0186533667636479 -0.0362974400261163 0.711482346773805 -0.353074657448804
-0.0193745077968187 0.0275458376428878 0.756109428942725 0.546083096586436
-0.0417619575207181 -0.0461559407012823 0.0331807576815688 0.685059191250128
-0.0146316406633654 -0.0684654371068811 0.0789411727537251 0.0385658380276177
-0.0123185254036945 -0.0207424689122881 -0.0638101269946296 -0.652129971929886
-0.0188446949198987 0.0169476628564531 -0.838169459684326 -0.406641331084952
-0.0211177460408618 -0.0142669772300575 -0.656489992165879 0.579754463889617
-0.0649049353047791 -0.00997372345156749 0.264817186731745 0.640172146992808
-0.0485986517478519 0.0192604623539588 0.451358885594929 0.0688629987373579
-0.0219067061179723 0.00532921283758598 0.144631980722512 -0.169613928281479
-0.00993274708352781 -0.00441587143617119 -0.155433841084592 -0.141139052650041
0.00311220610675278 0.00960338646435311 0.1213048180771 0.0857332654510539
-0.0311570276563142 0.00078921629978854 -0.130670640349234 0.0678306010732358
-0.0361811733606305 -0.0190495166213436 -0.387398560610322 -0.22139506276046
-0.0189679572011407 -0.0464132281239248 0.0150470283201873 -0.572574056505347
0.0260130955584403 -0.0361472787359482 0.767228502798189 -0.247744632607655
-0.0160097183886259 0.0267253283408367 0.686648868119051 0.651541233049121
-0.0350427699871729 -0.0365150605922897 -0.0302814496273158 0.685680593438126
-0.0169408328845562 -0.0522647732639385 0.0784825546593076 0.0106548144801851
-0.00669797636407748 -0.00841286559711008 -0.126881703439742 -0.646108718303006
-0.0104998354923949 0.0130855800671144 -0.87055388333555 -0.291986161865001
-0.0217772583161408 -0.0167651468219879 -0.564368603908317 0.653135041565705
-0.0583689865694769 -0.0019399737581277 0.334389597973456 0.600787888446511
-0.0353363055459757 0.0241087832948069 0.44735597840643 0.020553832677614
-0.0131646414706129 0.00523002236844664 0.123958824717018 -0.186490618344835
-0.00615838063863519 -0.0029239206295645 -0.157644034554202 -0.149329560145676
0.00882038044954648 0.00989603296283016 0.122395251119507 0.080130175412809
-0.023017362678572 0.00262928360181944 -0.137662449106144 0.0547109030717098
-0.0224192938890904 -0.0164722592643777 -0.37423859686394 -0.246082362289678
-0.00750502549304401 -0.0437546141823622 0.0676279119801552 -0.565989589946245
0.0324127431691714 -0.037224928005518 0.793981908824381 -0.174071200926178
-0.00858223410796407 0.0282650680430058 0.633381214575993 0.717588791274343
-0.0295677129824914 -0.018353785825248 -0.0705906634171553 0.677831051683432
-0.0180984042347962 -0.0294557336601196 0.0769145189823216 -0.00920293200676976
0.00462319271870294 0.00565651306454058 -0.164348967066171 -0.639676101579722
-0.000243675100166952 0.00656867380258371 -0.884017754590341 -0.217189922503469
-0.0200618495006257 -0.0194417758099194 -0.503034824531672 0.694841743454713
-0.0470742009430498 0.00409785934745565 0.376555367895456 0.571264308922685
-0.0198518102711738 0.0264604780031663 0.44250704607797 -0.00747057219678752
-0.00315412355229536 0.00505796183246572 0.10853967100848 -0.196574062537748
0.000345028890189839 -0.000576454682478666 -0.158886598459273 -0.155519654999076
0.0164191549721983 0.010348778748386 0.125008830686081 0.0799376989347469
-0.0110714176381904 0.003664167904122 -0.139881708124395 0.049341000459235
-0.00662016016329505 -0.00995232935178002 -0.368240940702468 -0.253270849805435
0.00169561374778011 -0.0375990533947909 0.0871971994778692 -0.562059717558843
0.037300386041697 -0.0389635228760177 0.802366509185473 -0.152268116413078
0.00467511311790635 0.0321292343638322 0.613754444181584 0.740243385765241
-0.0243609128519558 0.00577904383531239 -0.0857427103633707 0.676356679554536
-0.0192917845095592 -0.00250332634543292 0.0751822545008369 -0.0169942113282974
0.0183691919857878 0.0178300919977593 -0.179803618233066 -0.636102220625951
0.0108414923781343 2.33445068826277E-05 -0.888043932952948 -0.193792602668377
-0.0177227119239313 -0.022662329460346 -0.484243668187619 0.704176067180202
-0.0349832398649269 0.00721134791925971 0.383200864449034 0.557449774430328
-0.00414770996530309 0.0267578520030374 0.441029291352066 -0.0173414762418433
0.00793855849854512 0.00436813900681372 0.102148192341415 -0.198447708034069
0.00613754521464783 0.000943954571985291 -0.159803014483861 -0.157254788207067
0.0240624342398189 0.00988854384692769 0.126209074898988 0.0835366801906832
0.000763984290981041 0.00528652194533383 -0.136386329631895 0.054808346351839
0.00739514937922889 -0.00306007160899989 -0.373228497298457 -0.241997511185842
0.007463063839616 -0.0301916948311177 0.0691218084546502 -0.56495176110289
0.0412242333196773 -0.0429442387997921 0.793705342662879 -0.182616668808726
0.0200430916533276 0.0346600253766066 0.634439285109578 0.713888332654117
-0.018223433928351 0.0293456637515606 -0.0718620534272477 0.678017585282858
-0.0200428530051351 0.0237873111191196 0.0730362251428658 -0.0104004598924447
0.0305046835856339 0.0308506391970628 -0.166352469619083 -0.642282912715263
0.0231779463160194 -0.00541934709690219 -0.883648138640982 -0.227228834360217
-0.0129833260555605 -0.0267449299565462 -0.513447952664285 0.688091099571665
-0.0241373737094678 0.00950163980418163 0.367116979195674 0.568672974291594
0.00886190964637341 0.0272175818731974 0.443151820193912 -0.00134972823423545
0.0168358360433224 0.0041314166818132 0.108304986411078 -0.192990261484249
0.0126249032874499 0.00194230161541507 -0.158917279175215 -0.155126204810552
0.0301802341822679 0.0104655840308027 0.127883382031177 0.0911616990560429
0.0129142789290779 0.00622821287891338 -0.127229963869998 0.0674974440151375
0.0187898010404487 0.0010386736989023 -0.385962921411705 -0.215681330641129
0.0108602149927742 -0.0227820776714207 0.0187396822166223 -0.568073902990521
0.0404115920516665 -0.0482653747860569 0.763948737188183 -0.259320208112632
0.0359996331928094 0.0338471688359535 0.68804584166379 0.643404684575197
-0.0093815646148644 0.0489600336653631 -0.0333453856999519 0.681010661283232
-0.0197516412951293 0.0464101194785883 0.0706108892020534 0.00540212612872493
0.0404757898527916 0.0440927179754009 -0.126912734377788 -0.652216697699342
0.0347183080674795 -0.00736592447451404 -0.870467879503962 -0.307947118895607
-0.00747928764177705 -0.0291468846943377 -0.579727921260388 0.640500100804158
-0.0182519414688286 0.0114374667659883 0.318943632120019 0.596594729661934
0.0175256687074002 0.0283164272158735 0.446938692539398 0.0313127498270436
0.0258508851836993 0.00500097793335092 0.122766954415154 -0.178544172227505
0.018645661534711 0.0027184646627133 -0.158089021465153 -0.148914409108112
0.0343730903345495 0.0085298371188326 0.128803331133082 0.100160189162194
0.0207309120322536 0.00381813060317235 -0.111892979958509 0.0879238649388334
0.0263141787031325 0.00263558908059752 -0.399648017347609 -0.170648824195055
0.0116578506916095 -0.0176072071981622 -0.0581790356850644 -0.568672643558598
0.0369832377216089 -0.0524010525061234 0.708243949130282 -0.36933689798421
0.0488672249534676 0.0284238911457467 0.755265480145425 0.535086406308773
0.00320590494265478 0.058683615398148 0.0299409856208034 0.681365595337165
-0.0200825305187429 0.0612062393361328 0.0686558439821632 0.0335510695691787
0.0437543463416609 0.0566822005685872 -0.0661955377676506 -0.660070421128042
0.0447999065621386 -0.00495043765425997 -0.837951274258538 -0.426336077843643
-0.00125177355699475 -0.0302733053676669 -0.675048595025842 0.562282824843742
-0.0159963076692259 0.0121516487572258 0.242942335177187 0.633637528340453
0.0208653631220932 0.0316701666607912 0.44844635495302 0.0808852646264311
0.0314211326068896 0.00673360707611071 0.144532594892103 -0.158060827829469
0.0214715834031359 0.0039120262213908 -0.155754383777586 -0.139709723543222
-0.00266994752879382 0.00867800665898306 0.119273245820363 0.104655436511283
-0.0342463966937341 0.00203264449065645 -0.0965114654227232 0.110534138757702
-0.0518390227824729 -0.012629785601144 -0.409598576945545 -0.124861313424112
-0.0418984090543479 -0.0363914014133404 -0.15123160131628 -0.558572554519039
0.0110507886530723 -0.0362790678970123 0.621781967675447 -0.462132945192816
-0.0153521644548704 0.0287025357420703 0.810415671348069 0.402691022890874
-0.0446225483499417 -0.0452306067892121 0.109139873718315 0.670892511996117
-0.0137561747884908 -0.0757070138547105 0.078202279221029 0.0696409105652675
-0.0115108289556866 -0.0310979440963017 0.00585335408016864 -0.645151197935715
-0.0229380134973873 0.017044427000733 -0.772016187794505 -0.53403661326817
-0.0183305571491218 -0.0119520002150258 -0.746969414667722 0.465808104251162
-0.0682132166053882 -0.0182303784956055 0.170243786985015 0.671330167939757
-0.0568362831845168 0.0140122315653721 0.444984018861714 0.121510759505918
-0.0278978671468647 0.00343447057523727 0.16672155319821 -0.144672720432112
-0.013138798799703 -0.00683375353747115 -0.150232747816616 -0.128331089961049
-0.00164258513589028 0.00918980994413469 0.119746369333177 0.0935580096969514
-0.0351316802248818 0.00121026969882124 -0.11632246967503 0.0869664061182273
-0.0469419852779168 -0.0179639833887897 -0.399532691021564 -0.176148703256485
-0.0313456670212252 -0.0435136129370696 -0.0629347122634992 -0.570594935343842
0.0171790945763546 -0.0356446416553178 0.702596339893669 -0.352340288578786
-0.0187276027883915 0.0272442292287449 0.751369739371947 0.536903617437446
-0.0405612776339031 -0.045582032837519 0.0342103205566771 0.677843724106744
-0.0150778516062026 -0.0683738252267852 0.0786684485776846 0.0373176109195551
-0.0121227470994985 -0.0214675665971301 -0.0659286617365525 -0.64601010639686
-0.0177612306797123 0.017059969088822 -0.830678687633621 -0.39983620778723
-0.0206356121648092 -0.0139977327931858 -0.648551386580352 0.576020191353214
-0.0651562116918537 -0.00956306281984859 0.265837122308732 0.63382813243104
-0.0478990733532091 0.0196393874246616 0.447863384580664 0.0647637571632385
-0.0217666241297937 0.00533029128494845 0.143135213290753 -0.168079474461171
-0.0108866907302877 -0.00475666900718933 -0.15466070350729 -0.139564503754103
0.00325445561471362 0.00888529314684684 0.120723343847073 0.084425090354155
-0.0317613008294154 0.00103116301715322 -0.129442637355683 0.0678254922277088
-0.0358899562723651 -0.0193849194619945 -0.385386796804814 -0.218988135310075
-0.0188614197825212 -0.0458951554696198 0.0134183989146153 -0.567815158428254
0.0255174423011583 -0.0364294357834016 0.758397316132821 -0.247609741965337
-0.0159521277643456 0.0265469309289113 0.683080272503134 0.642313263590195
-0.0353568959219644 -0.0368143625969794 -0.0277930711780252 0.676780037936619
-0.0168450344245557 -0.0521838893151691 0.077749284105638 0.0110032416833873
-0.00589241226086066 -0.00835244726299499 -0.124675395541821 -0.640094976191322
-0.0092920773189011 0.0136491877889654 -0.863062715184811 -0.28650308388487
-0.0214991407409855 -0.0162183788333323 -0.557764088684317 0.651153811504995
-0.0574003565161469 -0.00186723783999989 0.335441408725614 0.593845924420049
-0.034333405353571 0.0247740488619377 0.443940280930365 0.0178750975123639
-0.0129648939435405 0.0044724930601253 0.121208264689833 -0.185391228727551
-0.00542195929554937 -0.00315417281321273 -0.157241307489617 -0.148390618354444
0.00853841323069077 0.00890683762427109 0.122579889252426 0.0804774969205738
-0.0231752051490265 0.00172580816765939 -0.136217185181801 0.0538405756746887
-0.02186152839671 -0.0166717871878458 -0.372706424015185 -0.2429908009388
-0.00760519993938676 -0.0436215440200477 0.0645398182342079 -0.55955079484837
0.0318287259775399 -0.0364100327893579 0.785962603697274 -0.176124601618219
-0.00800090869026122 0.0279850963665042 0.628074098015718 0.709503758869249
-0.0294366601261241 -0.0181060685488309 -0.0677559390104734 0.673304455371047
-0.0178259928759939 -0.0294115879768118 0.0764709620977885 -0.00893764798267618
0.00474652025192539 0.00406988159458163 -0.164674168875174 -0.632306696728523
6.50828494454161E-05 0.00783026069950244 -0.875492920810111 -0.211272392900513
-0.0209171726132576 -0.0196825245192059 -0.494873396455337 0.691709564980831
-0.0464070601250099 0.00496253864938213 0.37599000789675 0.562141693205257
-0.0194276728538073 0.0261838405451774 0.438079607308775 -0.00957007123869891
-0.00356891246490728 0.00507675871704572 0.106922438907406 -0.195066975033143
-0.000636600366976613 -0.000860382589064578 -0.157955073464258 -0.152975991021704
0.0162636086267911 0.0093589992405707 0.12387574308321 0.0791221160504033
-0.0118209724441581 0.00340945387675345 -0.138956897457497 0.0489837907890952
-0.00751443793844166 -0.010357886308189 -0.36768208965039 -0.248601179168519
0.00135704257894369 -0.0385991962161906 0.0836405525775901 -0.556613083869166
0.0369091067106506 -0.0387594100800571 0.795542288325104 -0.152836355977302
0.00461617132426364 0.0316694321426999 0.609798598309194 0.730228000432341
-0.0250037646585847 0.00427305662634215 -0.0818800863369119 0.669247520334096
-0.0192490066744927 -0.00187131750002761 0.0739619688089413 -0.0168098484490708
0.0179821515908332 0.0169544940560794 -0.17874625537993 -0.629450539814398
0.0123012262216368 -5.4876263638981E-05 -0.88041048716374 -0.187664624262815
-0.0181061632242963 -0.0225236747947777 -0.476304096025374 0.700822181666521
-0.0351011889927229 0.00749928482337566 0.384840664463694 0.550014931800015
-0.00432245087376415 0.0266057124315322 0.436773674052307 -0.0180965535747089
0.00803051387876629 0.00366408686457669 0.10068563120683 -0.197525339478735
0.00688973560536334 0.000610924952930017 -0.159036578334597 -0.155794492086403
0.0236830111536163 0.00963223588308464 0.125267336321055 0.0818151601069964
0.000972567834477038 0.00537128365487737 -0.135627921009561 0.0537320785841403
0.00663181058673973 -0.00340378492174516 -0.372467415746516 -0.237899809823203
0.00695546619934683 -0.0301545825791184 0.0660226954085355 -0.559628910390674
0.0396943823935994 -0.0431772780923611 0.785261184055892 -0.183855394621112
0.0201682640298317 0.0342259745863005 0.629522248367998 0.704677027289793
-0.0184221280392002 0.0292559384774713 -0.0707028626309479 0.670810797229236
-0.0199183400393202 0.0237024478352504 0.0716639067814652 -0.0110361668643451
0.0306770523441116 0.0297640927966561 -0.165827756412707 -0.635439007915584
0.0234450099138366 -0.00495583019090534 -0.877572719118974 -0.219804388231596
-0.0129981864121381 -0.0260054251298787 -0.505303186140455 0.683145901888397
-0.0249704881073326 0.00970329462916281 0.365716229366925 0.559585979362103
0.0084972860725533 0.0262388370839044 0.43838599522653 -0.00448679551826668
0.0172684752076841 0.00361558974258715 0.106828416114251 -0.190869473291028
0.0129706285713763 0.00222343695681755 -0.158170702795081 -0.153385270682578
0.0298854019690937 0.00899257771007725 0.126456457430575 0.0889773418699844
0.0118669638292387 0.00562979684269858 -0.126021045201282 0.067438498600454
0.0180821612185974 0.00114516631773823 -0.384168639713454 -0.208380632887225
0.0106402020967845 -0.0234193571452799 0.0172791154482425 -0.564154533592623
0.0401667029683141 -0.0472434592476583 0.75445778731183 -0.261059446240244
0.0353288764999186 0.0335898701924679 0.684170717796101 0.635168801282072
-0.00910264085096292 0.0481736135028391 -0.0287093787141858 0.673442704221536
-0.0201145239780735 0.0461184859406904 0.0691917138224558 0.00568864053347834
0.0407068258186021 0.0435302111374435 -0.127344083022747 -0.646201592257284
0.0346957928252854 -0.00754743182674734 -0.863806233005372 -0.301274698629742
-0.00692779677986421 -0.0289165166209605 -0.573161481837999 0.639074369825118
-0.018204384627389 0.0109329384814499 0.319096440966431 0.589400416989989
0.0176005509401817 0.0277083090996754 0.443260068993791 0.0305567166350463
0.0255575673337547 0.00452443928526078 0.121499753311065 -0.176928734577192
0.0181376956142178 0.00227842309500041 -0.157333037086738 -0.147017936620958
0.034494097977536 0.00783090051924551 0.127953967672082 0.0982237077993098
0.0198135885067901 0.00397624329277487 -0.111419613148154 0.0866089792424914
0.0255928538412258 0.00253061896314267 -0.398194352148961 -0.166699316560268
0.0113267401698074 -0.0180314540130236 -0.0571935000979904 -0.56256448860709
0.0359133315858057 -0.0526375472364374 0.699118258610031 -0.367369278176563
0.048680414763482 0.0275880092268007 0.751467425469658 0.526808255563304
0.0030209683016263 0.0577095289942737 0.0320146213445652 0.674798718604899
-0.0195727356076697 0.0603664199211253 0.0682837985446415 0.0330109872461713
0.0433167630228219 0.0554432446389418 -0.0676523604685363 -0.653745990061791
0.0445682720751024 -0.0041629715830542 -0.83281835537462 -0.419651678531575
-0.00126513402919658 -0.0302247345459816 -0.665897942379534 0.562093552582682
-0.0160118444349159 0.0121191854829341 0.243683220282697 0.625342877938041
0.0213007112444688 0.031180615945226 0.445912556133252 0.079485756409835
0.0305266421406139 0.0072503180498499 0.142327630928366 -0.156494731367862
0.021241734649452 0.00361192750925488 -0.154680339679656 -0.138161895495049
-0.00178402008564547 0.00591407047485988 0.111519943893302 0.111417142661948
-0.0329994274821149 -0.000393091210761384 -0.101029651772293 0.104376225047404
-0.0512206752341164 -0.0114697500869929 -0.396480143239846 -0.140760608604467
-0.0431040033425999 -0.0350159815561633 -0.125059324329007 -0.555883642473028
0.00371832452443724 -0.0387361320740128 0.628637725393388 -0.427747566329235
-0.0149257962876935 0.0213651793317937 0.773057584469327 0.429304278706702
-0.0414957649861061 -0.0418823692894151 0.0784990409063705 0.665433450299512
-0.0101100147728876 -0.0764241814638339 0.0754472250674102 0.0710723858515956
-0.0104693427043506 -0.0378738321644672 0.0276712703964783 -0.639259033256909
-0.0300559537919279 0.0149020877968809 -0.746029072494241 -0.552793572840391
-0.0214647734825575 -0.00769720181175469 -0.753670845424043 0.432790489608123
-0.0603441513256367 -0.00962703089696922 0.136792391631458 0.666744705474592
-0.0506808039777967 0.0134577265148448 0.428603091391147 0.138354320539124
-0.0245073470294187 0.000370252194043743 0.171518292681268 -0.133551737903814
-0.0152955031588104 -0.00715688254122498 -0.138768239938717 -0.135410698960601
-0.0010816126102129 0.00644881481213087 0.112682057313263 0.10074266091301
-0.0344021080247507 -0.000832983930494077 -0.11792274363877 0.0796849566693432
-0.046746715236486 -0.0160631755032072 -0.383622006901128 -0.191689959078888
-0.0325127490970739 -0.0422953735973228 -0.0371604609048295 -0.56257910583154
0.0107408235035123 -0.0397325500019662 0.705905066497007 -0.316169979238277
-0.0168505821847088 0.0201341314714018 0.709909485531198 0.559335331744441
-0.0388061062270739 -0.0419638184805701 0.00502665965001445 0.669443126969855
-0.0111974273733514 -0.0696915676837533 0.0765668643232448 0.0394051007676339
-0.0116775410645267 -0.0276583632028055 -0.0418730660344725 -0.642321692036662
-0.0254963854142988 0.0157557131750558 -0.808978500327245 -0.420797779575422
-0.0228029552281784 -0.00939555072522585 -0.659900249526612 0.541133247079129
-0.0561743316873064 -0.00226797674240872 0.233422553443272 0.632775851177083
-0.041413429393755 0.0193404317748376 0.435383302126881 0.0848170493393173
-0.0186509758598011 0.00133394145631257 0.149309780260469 -0.158147782981452
-0.0125670285611846 -0.00556608407437435 -0.142269146711163 -0.145432645971644
0.00255102117668743 0.00707443571809574 0.11503076736467 0.0908367117690865
-0.0305457853693101 -0.000718495334134825 -0.131128538124049 0.0587639359797641
-0.0363712147368608 -0.0170917913799464 -0.367551791910427 -0.231642631966109
-0.0208158866607552 -0.0449757646496867 0.0381986740904798 -0.559909326145442
0.018328697307387 -0.0399975566554211 0.752792789406582 -0.211071482290673
-0.0137789778022543 0.0198409131033813 0.63647066732434 0.657543338055746
-0.0335270772999667 -0.0325282930726516 -0.0556315942139269 0.666933051734444
-0.0136679956961429 -0.0532753055502586 0.0761665588904604 0.0123618095294412
-0.00727143460944319 -0.015564447783636 -0.101907731989024 -0.636941238648275
-0.0168870023402449 0.0139260251466233 -0.843822879499161 -0.310303656324003
-0.0219954587893715 -0.0107782878211908 -0.573483478931045 0.6162504045704
-0.0481895730046099 0.00452894371929513 0.301935448089534 0.597081473318949
-0.0282849619324627 0.0236292185405121 0.431310140698438 0.0392895092896181
-0.0105453058282448 0.00228653400960289 0.128205339817396 -0.175716350211521
-0.00792658287881296 -0.00272720410819443 -0.144816535341636 -0.154632860940365
0.00816958035508492 0.00729625442546963 0.116151046563764 0.0863151788230927
-0.0221959019171229 0.000859442067023776 -0.137935219256499 0.0461378487847319
-0.0228430428844291 -0.0131931562413666 -0.353261914634682 -0.255950594845698
-0.00995994436116799 -0.0429203398981289 0.0912887993249782 -0.549986354219108
0.0255976743443611 -0.0418565499675129 0.777082331181442 -0.139976647000703
-0.00608499134928734 0.022265824375493 0.583985366039665 0.720024284193597
-0.0297612185849687 -0.0151451800185202 -0.0960369907328741 0.660154625882171
-0.0162757377517902 -0.0306427825477433 0.0746173503583403 -0.00768309304945001
0.00241534748084404 -0.00176311707624537 -0.140974644726082 -0.630999152415561
-0.00713020304494265 0.00850063863437311 -0.857683583253807 -0.235616311369987
-0.0210255105470151 -0.0141928799461986 -0.514242251206832 0.661831449604651
-0.0375525847353404 0.0102046966354847 0.344051098077478 0.568831306566484
-0.0142026791826864 0.0256817665446125 0.428488852123743 0.012289298645859
-0.00119868778664126 0.00202272917148829 0.114986951365118 -0.186141558315805
-0.00235089231488805 -0.00127175713959552 -0.145905044267202 -0.160024020715232
0.0160813688585835 0.00842692038513667 0.118488021724418 0.0846067226860204
-0.0113072396300164 0.00396538699444478 -0.139333563877299 0.0404272686176186
-0.00875546070557914 -0.00533984084878236 -0.348296213064543 -0.262867495821625
-0.00121336866411167 -0.0369660978558677 0.109228561361538 -0.544594312553258
0.0311537428243731 -0.0438675610527069 0.78490294715351 -0.118207635346143
0.00694965764739875 0.0261834960155393 0.562053454614051 0.740978539148658
-0.0262198321437884 0.00920997261717285 -0.107234491925012 0.658770021201823
-0.019322090646428 -0.00386726676635228 0.0731775341388253 -0.0139982792536196
0.0154519318568347 0.0120995854487232 -0.156082456271146 -0.629744491557284
0.00529095315416016 0.000745047400999663 -0.863168169178433 -0.214879609684457
-0.017890634832126 -0.01822958134617 -0.495084626465026 0.672820805439495
-0.0254021561149548 0.0137961964257434 0.35288468065272 0.555101681947833
0.00162826488386152 0.0263699475852773 0.426410878063949 0.00284976460902888
0.00956084315849833 0.00152120551642266 0.109099065828406 -0.188414794013789
0.00417492813922206 1.89608459481294E-05 -0.14587561747128 -0.161577886431583
0.024813924076799 0.00841299081783732 0.119826001240135 0.0875920641410071
0.00120227599725127 0.00693700301231192 -0.136978390758172 0.0457776267579088
0.00477351779409527 0.00164274096186363 -0.353485391477856 -0.253479063297695
0.00335749617029885 -0.0289665168137559 0.0917379769969335 -0.549117943313126
0.0338524712403597 -0.0465526213613039 0.777420226139774 -0.149897305164203
0.0215997957040436 0.0296251168195026 0.58464253481506 0.714784076025721
-0.0215769786098541 0.0331035315499527 -0.0949781047556394 0.661019768821633
-0.0215684366590959 0.0218858921958855 0.0707264811454122 -0.00870784398452202
0.0271274123189637 0.0252989686031399 -0.142746953626023 -0.634058613888377
0.0167048373696187 -0.00329599720058026 -0.859270203135148 -0.245497070993339
-0.013497412416169 -0.0211737693954456 -0.522800580905122 0.653015136340584
-0.0159251071213575 0.0165884407837002 0.335664948574182 0.565940605382654
0.0139685360679042 0.0278332979206592 0.428779455284391 0.0174159436949495
0.0195429241765458 0.00147920968026468 0.114011132764745 -0.182068861440921
0.0105852385278911 0.00179894239398453 -0.145818774463958 -0.159424525750884
0.0306535931973635 0.00906593638480372 0.121112741804103 0.0952915241289596
0.0128860372387916 0.00725150058393097 -0.129222990204402 0.0587497794741716
0.0164409736926656 0.00698959130795045 -0.366368917533306 -0.225982242257963
0.00644351500277444 -0.021834233080105 0.0427638848922207 -0.555127251413301
0.0340437700841086 -0.0507520399996985 0.752724441889217 -0.22723846255296
0.0366870088822302 0.0290426473789235 0.642113300048545 0.648955789625239
-0.0124271778101162 0.0527443185012912 -0.0566833535551891 0.664395642090436
-0.023067877961668 0.045511537380193 0.0676338423092312 0.00851075118909309
0.0360882869526507 0.0388084657653451 -0.103793085415408 -0.642431240000147
0.0287295352849098 -0.00597888425709629 -0.843056655806155 -0.326577820026737
-0.00825010014447396 -0.0231431177686582 -0.585621970129636 0.609607793671413
-0.0098457776268725 0.0190979011634865 0.287765403874662 0.593995291317828
0.0232363456120333 0.0294375197503937 0.431944015555378 0.0519095610267278
0.0286830203122719 0.00311435803534876 0.12795526155457 -0.166417097470831
0.0158187306835911 0.00314779896952929 -0.144692757772351 -0.152778874559482
0.0335189183842761 0.00842826215522264 0.122016001522806 0.103799891358612
0.020884903944442 0.00581161606296205 -0.115667778619974 0.0777571895704331
0.0247479013912304 0.0086235677376275 -0.381055539618555 -0.186016696629554
0.00701608073293577 -0.015595409759624 -0.0304278451038306 -0.559258035397563
0.0299093713013466 -0.054046053284974 0.701000806068802 -0.33371424851923
0.0486612159213677 0.024037498369198 0.709840926271451 0.546336037799542
-0.00164004734185165 0.0630090297501127 0.00569126502259086 0.668277948614545
-0.0239517251485873 0.0599630494869547 0.0658798464887429 0.0353350043526307
0.040315873138405 0.0519129237999718 -0.0446085737510257 -0.648450422292006
0.0386243145450852 -0.00327304004401816 -0.808440060927022 -0.44155051299237
-0.00256024975262433 -0.0250148684239314 -0.674815212949521 0.526300418121841
-0.00847119972217197 0.0210075683252843 0.212497119932446 0.627437194348069
0.0265742910151526 0.0336958654771809 0.433300704550696 0.0992182587059237
0.0336720647804291 0.00592941400287611 0.148099897161837 -0.145091015025437
0.0185594158688254 0.00428475660488776 -0.14289307340968 -0.143214154962195
-0.00205845134981464 0.00601067946789197 0.111608838409964 0.110391511216339
-0.0332675180884461 -0.000710892192104243 -0.100275548257783 0.102083148373474
-0.0506121319854624 -0.0113877142326011 -0.393662230816675 -0.140284549839362
-0.0424800229251506 -0.0353302494990611 -0.123269945307411 -0.549145841525064
0.00271729821416527 -0.038705416741895 0.624590191323121 -0.423262212315542
-0.0151252945639465 0.0220823516293098 0.766346675803448 0.426871845643519
-0.0416072636266771 -0.0421756662768286 0.0782761064615594 0.660721648948107
-0.00956417073491577 -0.0763793653878654 0.0739992927487487 0.0702373980269156
-0.0100983830083284 -0.0377886545215641 0.0301446566603038 -0.634240764575159
-0.0288108350090894 0.0148505567980669 -0.73928453420245 -0.549343210504513
-0.021056925800586 -0.00735586886517159 -0.747633361117245 0.428199869747839
-0.0602696533591561 -0.00959199730618425 0.137107969547758 0.659006333938396
-0.0495795860608176 0.0131525812299833 0.425194590296669 0.138195631195743
-0.0238251844656711 -0.000860233843889148 0.170279813875436 -0.132225322200574
-0.0152974177477381 -0.00689322369792664 -0.137267182998532 -0.134465699830931
-0.00106109356755137 0.00641397054302413 0.112332219053149 0.0994471532101598
-0.0341810685450117 -0.00130912370767864 -0.117290258490979 0.0776202250850896
-0.046389853899855 -0.0161996691660266 -0.381401572746673 -0.191377085155008
-0.0321197164720015 -0.0423822219292411 -0.0362915306943855 -0.559829208677107
0.0103082105290665 -0.0393654732295287 0.699034494591862 -0.314430365914879
-0.0172180142833987 0.0203827100168453 0.702768352871906 0.553714406683598
-0.0380976782925165 -0.0428289061247314 0.0051789546155396 0.663610269149895
-0.0120321594005532 -0.0695284122159923 0.074975889523118 0.0385714683694457
-0.0116785114441371 -0.0279382441786549 -0.0421214606142346 -0.63672239519759
-0.0250886296301126 0.0166127875051161 -0.801795131143397 -0.417555093021656
-0.0224808490406133 -0.00815209831446231 -0.652978996902381 0.538290443446323
-0.0562149529358106 -0.00263102105237861 0.231336835345135 0.627251917308466
-0.0411727023167545 0.0189789494541991 0.430190372710852 0.0835297129349075
-0.0187441706557272 0.0012034563045636 0.147543287964177 -0.156884975139699
-0.012420210693645 -0.00560573720001877 -0.140600370135628 -0.144393773616422
0.00248242622666075 0.00601126687205067 0.113826715144041 0.0901943337249173
-0.0306367175550929 -0.000300204142538455 -0.129893250790829 0.0578453378989181
-0.0360615317311461 -0.016615667579469 -0.365894445413409 -0.230342014022602
-0.0201659245454515 -0.0458072883860979 0.0382805009723252 -0.554578451285822
0.0180376403507715 -0.0401449767200443 0.746845981464024 -0.211620081343429
-0.0138601512159037 0.0199645104619555 0.631782791432381 0.651855012912727
-0.0336541070035772 -0.033188185538358 -0.0543128194260922 0.661422964647344
-0.0141428918317105 -0.0528892014077829 0.0753594360902144 0.0115103025451806
-0.00723571377607615 -0.0153868821515918 -0.0995663042624264 -0.633288974563616
-0.0164614391294509 0.0141160467473831 -0.83718106034336 -0.307892497833859
-0.0223734661946509 -0.0108208699598598 -0.569230035960716 0.612702800422714
-0.0479801066350859 0.0042625143761745 0.29888176647559 0.592478031623533
-0.0283397666176677 0.0234364229923913 0.429471443283277 0.0379930801889451
-0.0113183832974089 0.00179689110606675 0.127225552819775 -0.174426401755089
-0.00837464040729936 -0.00295474963767446 -0.14358082252933 -0.153347780354124
0.0089302786786153 0.00696839120847399 0.115114608132695 0.0856687308372522
-0.0228573017700828 0.00130255694135036 -0.137166953411995 0.04435216437852
-0.0232685887848836 -0.0134592657509598 -0.352314906066729 -0.25499772969511
-0.00919870591333407 -0.0431032121563839 0.089997762371877 -0.545955471388048
0.0252712708184924 -0.0411846098440677 0.772470920539705 -0.139890561673796
-0.00563683087425454 0.0218504646801738 0.578291053255523 0.714517314921694
-0.0296694584404655 -0.0151687113837996 -0.0959787900544381 0.655585324172977
-0.0162438777413138 -0.030389714233394 0.0746253160821832 -0.00757227296722551
0.00234918810860852 -0.00209225345953214 -0.138797449955055 -0.626194544737355
-0.00468147523864679 0.00840146597001377 -0.851604042255289 -0.235823031843604
-0.0217080229414267 -0.0136840685469189 -0.510156591521 0.655093180361366
-0.03620697770646 0.0101337531073631 0.34132249521233 0.563399566671315
-0.0128952145444381 0.0254618880171157 0.424734646659977 0.0107362254244086
-0.00109723542115081 0.00186856763972588 0.113217286150618 -0.184664335845047
-0.0022628861153851 -0.00115945782593615 -0.144136698520046 -0.158768481834763
0.0160855001544456 0.00770103507748012 0.117734338002648 0.0841057739532315
-0.0118459905286971 0.00509228091326606 -0.139418572923836 0.0401302149509661
-0.00927294213026945 -0.00654392753903839 -0.346516844582913 -0.261785742372068
-0.0018113881048414 -0.0370892048015059 0.107795525015071 -0.540428915206956
0.0304382772190245 -0.0432229666690289 0.779683665667075 -0.118372573628987
0.00639948479595877 0.0258025277062444 0.556483003652775 0.734343461778115
-0.0265067418167156 0.00870810862813064 -0.108700339144167 0.651543247149605
-0.0187513384433388 -0.00406472828427694 0.0722121203870314 -0.0141306719358056
0.015358542624891 0.0110506340637829 -0.152813132585025 -0.624530488231219
0.00525881956816506 0.00196430890901828 -0.854697468251045 -0.212389252641017
-0.0177193376167105 -0.0169337570609545 -0.491159938201654 0.66656673361599
-0.0251932830380544 0.0134261189163951 0.351092193238715 0.551837878910872
0.00126291096297386 0.0264110406021426 0.42382885759181 0.00213075158556396
0.00959790579187186 0.00130952613067363 0.107962563260333 -0.18605247881971
0.00381185359747006 0.000304023391006545 -0.145262646640584 -0.160439935020804
0.0235978227460887 0.00871497049885517 0.119503751890224 0.0869347718969837
0.000686709172866508 0.00682678993627542 -0.13595173962925 0.0436396466189412
0.0043173083192722 0.00180404090707108 -0.350953688044574 -0.250379658144642
0.00331315638449611 -0.0297718094280803 0.0914472142583137 -0.545463283992749
0.0333510127423182 -0.0461990470455535 0.772058143461586 -0.149697804733406
0.0213631941732505 0.0293859680389705 0.581109703390055 0.710146996088411
-0.0217783735201388 0.032572345651478 -0.0947750525683386 0.653680983393199
-0.0210561256135485 0.0220525936358036 0.0698300539889374 -0.00828526766837918
0.0277152114817785 0.0239029311566513 -0.139393822850046 -0.629555886001261
0.0180493426078148 -0.00399167973970638 -0.85100881910893 -0.243635212653945
-0.0133081563543268 -0.0203579262621468 -0.518526860408059 0.648450141954796
-0.0158002413995375 0.0160657179968451 0.332783122605386 0.56123264442418
0.0145939054393622 0.0265581311876383 0.425843522926539 0.0176771548859719
0.019098229223161 0.000924233584276451 0.113770837888244 -0.179153898232064
0.0101865524018754 0.00151776022337654 -0.145025308013039 -0.158258965881812
0.0297989409442776 0.00833104910545043 0.120200148765554 0.093716990622142
0.0116786679563186 0.00793196234932549 -0.127893615836744 0.0570096455101313
0.0152430093446796 0.007291636995021 -0.365739682516147 -0.223337278778378
0.00611576611608776 -0.0219704253613401 0.0440680564168325 -0.55131456563728
0.0333570813022185 -0.0508262439491635 0.745570023501709 -0.225491437546559
0.037076347832884 0.028286557476047 0.634689570185016 0.644610324046741
-0.0124586444811128 0.0519673719924655 -0.0561538987923731 0.657745635560909
-0.0234845135509872 0.0446574286934645 0.0676442970470423 0.00839702707344438
0.0362687574987144 0.0378385220568582 -0.102187311728425 -0.636766007798632
0.0295509554153222 -0.00557233042055563 -0.837582225968295 -0.322754827015676
-0.00730739149277508 -0.0235322983371763 -0.581623009042374 0.602686935284128
-0.00947833035118271 0.0181082143542195 0.284610274443241 0.58830904096976
0.0223955325025131 0.0294493895340443 0.429198917863665 0.0507158736462782
0.027913566145704 0.00302567432646795 0.127313053749242 -0.164810854632459
0.0163529381388618 0.00262407331775752 -0.143762279863608 -0.151651038281157
0.0342139391266461 0.00729473975297316 0.120566656756172 0.103057354921361
0.0197929708120636 0.0061452087854352 -0.114732939847872 0.0768345083339374
0.0241410633939137 0.00896411180194667 -0.380308887329142 -0.183602674869775
0.006996173821482 -0.0163668177763801 -0.03130372111274 -0.55445622573112
0.0289649169368288 -0.0537909655372705 0.695279104321789 -0.330237889533461
0.0486193402700036 0.0240054783322862 0.704543245967825 0.54169904811324
-0.00171938112084894 0.0619660418870712 0.0061618371936208 0.662533005825394
-0.0246083591449627 0.0592592071372745 0.0644689044626085 0.0351371090859337
0.0399124758628867 0.0502990605617906 -0.0435905460701596 -0.643171572076292
0.03844737299409 -0.00293216808685841 -0.80073334778575 -0.438055169594911
-0.00314159245911538 -0.0246447801127246 -0.670264512997759 0.522684932204508
-0.00913407923061603 0.0210082174483249 0.211652697736146 0.622067487706553
0.0260580558414299 0.0330882944236965 0.430974781719259 0.0982185841763329
0.0331017290953669 0.00549773754871819 0.147273059983732 -0.144906956650898
0.0193533542977898 0.0037019530763073 -0.142461859366604 -0.143161084585674
-0.00218481554731618 0.00479432276159256 0.110166740561713 0.109647092403883
-0.0336650992263781 -0.000955768040126615 -0.0998130394335851 0.100041926595164
-0.0509183759448039 -0.0112900501227664 -0.391327329270252 -0.14020038667619
-0.0415979750482696 -0.0363185333713633 -0.122975781418474 -0.544851468545338
0.00270319083784588 -0.0382833813947708 0.620676906112239 -0.417403894593054
-0.0145080424587491 0.0211283517139941 0.761099622326853 0.42546046302717
-0.0412968538213726 -0.0425784073805389 0.0776385732247106 0.655372537806547
-0.00980424995063797 -0.0765937049135348 0.0733708929424007 0.070287166730202
-0.010384699103315 -0.038377813278576 0.0319671736109194 -0.628545327341757
-0.028696219838922 0.0145299496788968 -0.733378439807236 -0.546972203789699
-0.020961747096258 -0.00751054024401318 -0.74379512790611 0.426719206268923
-0.0598083963949602 -0.00885734720017345 0.135227198013543 0.655655515120984
-0.0492935883768486 0.0134405331719765 0.421988960648298 0.138283082580805
-0.0241308230732465 -7.6147682254479E-05 0.168475632669394 -0.130460789753127
-0.0150829935121991 -0.00717510131380662 -0.136855518356326 -0.133967555563769
-0.000688489445641513 0.00579663457084007 0.112016124433087 0.0992435180331958
-0.0345037734146607 -0.00151290542858041 -0.117385034117079 0.0761765103950654
-0.0460785890791719 -0.0164291866467435 -0.379482997355585 -0.190256381604334
-0.0320466012766842 -0.0428933383778085 -0.0341808658126293 -0.554634293475988
0.0101470316331841 -0.0391140237582757 0.69458862813465 -0.309523555516582
-0.0172927508018161 0.0201614969087422 0.696454476374712 0.551766501770668
-0.0383724362728926 -0.042241476639176 0.00487027490337844 0.658266908157039
-0.0120400249901421 -0.0694093249430511 0.0760325085320722 0.0379192856261344
-0.0115195181801101 -0.0284362649775268 -0.0391869312821597 -0.631675247763423
-0.0243754209963688 0.0155712590564286 -0.795904290162605 -0.417096065521667
-0.022593953148941 -0.00854567397375216 -0.651044992853872 0.534116360622283
-0.0559619180757029 -0.00227491697108305 0.228122338010306 0.62283833010775
-0.0415263747387812 0.0185575566886852 0.428172648959099 0.0822169481745457
-0.0189104927175233 0.00107633006427509 0.145727756783764 -0.155008707542689
-0.0126086812021043 -0.00539622833317257 -0.139662403990923 -0.144052406615239
0.00318580424767096 0.00559783136170732 0.112936689150465 0.0899501130195323
-0.0312670525049897 -0.000610036176310789 -0.129581169852956 0.0559228151512269
-0.0358469546328102 -0.0170728852598017 -0.363437508973576 -0.22791053854213
-0.0205932901789258 -0.0462554853295225 0.0393645579977458 -0.548755638619127
0.0173947448704605 -0.0391267247826213 0.74328118520913 -0.206651335939358
-0.0133350806634587 0.0193369215513454 0.627378468475231 0.650166784151708
-0.0334822636588988 -0.0335655656415777 -0.0563500374637147 0.655476037217029
-0.0143496256874192 -0.0537236997040104 0.0751796976618483 0.0114499834139164
-0.00656821337198481 -0.0160712287412011 -0.0983740366154566 -0.627423788436875
-0.0156144822904474 0.0139603135319173 -0.830894739927228 -0.307533233257597
-0.0222807740181095 -0.0110548861828898 -0.565186654313688 0.608417622720354
-0.0478978386578079 0.00407389920479611 0.296841194612582 0.587875769707035
-0.0280938949969847 0.0230198792345892 0.426424531921946 0.0387011666123887
-0.00989528614305453 0.00200327402475779 0.126761704027266 -0.172868310270438
-0.00825940051311173 -0.00361306206919534 -0.142284947830604 -0.152809889483017
0.00798578027499678 0.00685963093638251 0.114264310787116 0.0850305234798257
-0.0234877682121802 0.00178796273131499 -0.136816433362267 0.0431896561769695
-0.0232444399653136 -0.0137885605954559 -0.350117482981849 -0.252758843734226
-0.00921018691635365 -0.0433937507508655 0.0903260493908113 -0.54007734303632
0.0242331418967527 -0.0404417669350359 0.767138562582176 -0.137273337228452
-0.00502981486184072 0.021411857192678 0.573730602367886 0.711278559037471
-0.0302813982009075 -0.0155487639571161 -0.0945391936609189 0.648986823828802
-0.0166096254219115 -0.0308209784980115 0.0740432930907432 -0.00674113979509487
0.00230490023019494 -0.00267513509265985 -0.135656235024509 -0.620952524530545
-0.00555597895427716 0.00878840450239893 -0.845184235486895 -0.235152974798706
-0.0206585600793317 -0.0143433707676922 -0.506823175027925 0.649956842954796
-0.0364199532217246 0.00946827527580085 0.339141566043789 0.55895844265744
-0.0136266425163065 0.0248162775182647 0.424106022124152 0.0124154000224268
-0.00111148445365331 0.00112249295539379 0.113380649579633 -0.182867129667619
-0.00300959515327012 -0.00119909016247794 -0.143206281040062 -0.157964964483928
0.0156553519523043 0.00710991681583888 0.115527362256353 0.0834803509077135
-0.0123344330830884 0.0048440026323122 -0.139991015415281 0.0376251900695375
-0.00915499918251466 -0.00633705771393012 -0.345409190590066 -0.259539386945641
-0.00161633857826793 -0.0377409043882166 0.110386659007229 -0.535876594020167
0.0302215778525125 -0.0433912463582742 0.774561747700255 -0.115011611120114
0.00721235212251012 0.025287381450793 0.552416452734705 0.731431462424172
-0.0274578983178292 0.00801101622906197 -0.107876240918478 0.648048569552402
-0.0189353784979319 -0.00446472603407893 0.0720197154827083 -0.0132478736796429
0.014506566741533 0.010334439369228 -0.149658029747122 -0.621455931976875
0.0064913591496584 0.00184318743443931 -0.849114464300167 -0.213272745006622
-0.0178667467825701 -0.0169688163994152 -0.4884379018612 0.661541477891324
-0.0253003875480001 0.0136059295853169 0.348744423194798 0.54679215554025
0.0013642643395514 0.0256654576928013 0.420771777041445 0.00281450426574421
0.0093688442769083 0.00178997590228901 0.108414808778385 -0.184120271601515
0.00354326977230387 0.000236420324059008 -0.143435388043835 -0.158858593950459
0.023449145671233 0.00758940200386213 0.117121210070318 0.0867854992814721
-9.03172271056114E-05 0.00714486221728534 -0.136310963939354 0.0417069186226462
0.00418120515470997 0.00138542722702754 -0.350772621357088 -0.25060363800187
0.00293323728128195 -0.0303669848281572 0.0931935202606682 -0.540872823862301
0.0339346154459034 -0.0456898739633649 0.767300416049283 -0.145984761589999
0.0216025254992272 0.0287329638258662 0.573086976990861 0.705029431978439
-0.0212123547489503 0.0325246786642419 -0.0966557862351204 0.649676203674622
-0.0208883687111086 0.0215015263240421 0.0688765561590069 -0.00833618468324505
0.0266689977503191 0.023872236625421 -0.137772752094284 -0.625872176690324
0.0187382946806331 -0.0029566518743797 -0.846112197064713 -0.243564546361898
-0.0127384653957482 -0.0206435416877516 -0.516385951762317 0.644160346864617
-0.0156297253636138 0.0164420016566333 0.329653849587934 0.558993668369265
0.0137510654421094 0.0271160177891837 0.423434767277296 0.0175551117354443
0.0193261559932876 0.00177390072972583 0.113896521568352 -0.177944134024181
0.0100041546418307 0.00201976404987852 -0.143648255019264 -0.157139600386996
0.0297363157891661 0.00732817272318558 0.119228140820418 0.0933698701221096
0.0111344250210176 0.00863685889452896 -0.12847556826632 0.0555318691253255
0.0156692777766162 0.00637772551402323 -0.363140449583864 -0.222637962815812
0.00614830832955835 -0.0224406222234526 0.0447367080988965 -0.547815777769786
0.0331729177201653 -0.0493957630399567 0.74124415260144 -0.222205159876769
0.036741697698869 0.0285904647597239 0.628740569186212 0.641269658499824
-0.0132970416545656 0.0516056224254892 -0.0567695349483479 0.654227811883427
-0.023589715827238 0.043598893981158 0.0666266405021358 0.00857717072924841
0.0363471258185334 0.0379260755995251 -0.0998222241221998 -0.634308059621491
0.0296565535800055 -0.00496823733280454 -0.830379383112623 -0.321957901621053
-0.0080576339809586 -0.0220028346780619 -0.578115601231151 0.597737676347505
-0.00983640234608531 0.0195465574810408 0.284561015012125 0.584134585598863
0.0226652295613095 0.0291696402408851 0.427884412732637 0.0509211859007629
0.0272330224254604 0.00323346787324752 0.127216862228216 -0.163350463774572
0.0152741893092979 0.00282492124014931 -0.142280746999032 -0.15109057586222
0.0335843486373474 0.00715496083144565 0.119667686984916 0.102693327328899
0.0192067899911348 0.00644346390069475 -0.11497249061534 0.0756120971012439
0.0235462048146851 0.00836917623050391 -0.378447402764838 -0.182746592439445
0.00662773815535002 -0.0164237653656647 -0.027968129442949 -0.54922056435386
0.0288188878831602 -0.0533173182614144 0.692122013447976 -0.326537751803259
0.0480341523648013 0.0238545525503644 0.700082352577552 0.53958910481341
-0.0019009923680016 0.0615708532524192 0.00517852127385237 0.655901612496964
-0.024546075426507 0.0589330581666389 0.0643280285070915 0.034849914000297
0.0387917140103297 0.049418950393082 -0.0393194794086222 -0.639154570933522
0.0390379049406588 -0.00394307032098228 -0.795980698990156 -0.43704369864171
-0.00271788559234106 -0.0240036752613131 -0.666361725997247 0.518680095158049
-0.00970659467941185 0.0210433297452191 0.209486152637398 0.617124450289299
0.0259530868975073 0.0336761026454061 0.427635967953864 0.0981667031042117
0.0325209865851587 0.00536507686013177 0.146063492829122 -0.142186661744793
0.0180486576622715 0.00418287478941372 -0.140605072629811 -0.14149894188657
-0.00170215751598714 0.00492827220637417 0.109834902046734 0.109793856300595
-0.0338966664703947 -0.00119247828569692 -0.100249645472192 0.0979431336959666
-0.0502918229196245 -0.0116210414041991 -0.390683046878685 -0.141330648843675
-0.0415819010740057 -0.0370054500635235 -0.119490490105511 -0.543605320164067
0.0022442626645173 -0.037710422213009 0.620013668200775 -0.413699639982556
-0.0145954426503376 0.0210499836634292 0.754307307676647 0.42593208005965
-0.0407980251612454 -0.0423763098511351 0.0740796462373548 0.653111489214654
-0.00919386489372574 -0.07615687988803 0.073278481159638 0.0695059659828126
-0.00917451565567729 -0.0383703982694206 0.0344550378643629 -0.626361184571931
-0.02833511160607 0.0145442688342519 -0.727937617194683 -0.548063195840354
-0.021049088627968 -0.00715127390575204 -0.741859571076819 0.422066596477686
-0.0592506003579365 -0.0100961228015273 0.13320279697838 0.654141916473665
-0.04906182474499 0.0125322443435885 0.420573355250883 0.138246916586052
-0.0240543410398519 -0.000729983317128088 0.168394831453549 -0.130145988038098
-0.0149831054246304 -0.00686808427915987 -0.135310039394868 -0.133787168512563
-0.000341491074455055 0.00459192347344867 0.110613218437639 0.0986377374579884
-0.0359417892205512 -0.0010644135473501 -0.117817367494698 0.0742555807876223
-0.0466852330061816 -0.0168226383947842 -0.378653481860891 -0.191647823125306
-0.0306085922746173 -0.0434736487554029 -0.0334292208511752 -0.55131033804176
0.00974365339001024 -0.0390164400731747 0.692726544856995 -0.304824300797304
-0.0169292357348164 0.0196699322924904 0.691918244705586 0.550485288364874
-0.0380901930038062 -0.0424479005157107 0.00206937105482188 0.655441681608964
-0.0112253846337994 -0.0689940709579288 0.0744696522273974 0.0382136257756866
-0.0107549122734904 -0.0289536275592227 -0.0354784055616329 -0.629156483188312
-0.0236343840227493 0.0158548266940422 -0.788831316732374 -0.416295440832167
-0.0225804968686219 -0.00822691151355825 -0.648769525943601 0.529781269338289
-0.0559561068753292 -0.00274211962914394 0.226852283744675 0.620540432621993
-0.0409498287512121 0.0182413678817202 0.42589815724512 0.0849155778631557
-0.0181301451061639 0.000733833450733504 0.146032816267831 -0.153728878458536
-0.0123521678541373 -0.00523993582660575 -0.139243769666502 -0.143765959159551
0.00248652314688785 0.00455609974827241 0.112088546336566 0.0900985524930697
-0.0327124092355566 -0.00104176539798805 -0.129793414096311 0.0546513849535934
-0.0357805169589498 -0.0179227171233384 -0.363415500976502 -0.229289364939947
-0.0195273908983655 -0.0465654435190288 0.0412779177253687 -0.546532231767223
0.0180497799497025 -0.0395490746365716 0.74167315192595 -0.203227987376268
-0.0135871314406926 0.0191648413184797 0.62144539557465 0.647067036441459
-0.0342529690083862 -0.0342806174181279 -0.0574421770945942 0.651566992220321
-0.0145421831872788 -0.0527717571409736 0.0739462010735889 0.0119506712177496
-0.00691317973072012 -0.0164655104178972 -0.0941137736103723 -0.625558283376064
-0.0149235972703157 0.0146761680391094 -0.824593503389957 -0.310047660750447
-0.0223000353778178 -0.0107612617175107 -0.564852090589918 0.6047317013571
-0.0481605279603772 0.00441269625452615 0.295455550505636 0.585341418643901
-0.0281174941644846 0.0219454343179865 0.42464602516147 0.0395612936423657
-0.0106676742513892 0.000870216100242904 0.127122774419238 -0.170633636142571
-0.00861650143673643 -0.00370421947869163 -0.14094616086976 -0.152872889394444
0.008668391904965 0.00565444788646988 0.113419518737929 0.0851517814359467
-0.023909067647705 0.00159945081558564 -0.137166816360065 0.0408232655623932
-0.0231401284627288 -0.0137182951634839 -0.349005008948945 -0.252326544733805
-0.00859962306820864 -0.043743932618999 0.0921877564960973 -0.538381598764008
0.0242317003296487 -0.0407649545268991 0.763769486824866 -0.134050616585949
-0.00533393127905526 0.0213843977475375 0.567991555754158 0.708824301454029
-0.0300280500962712 -0.0157106919996012 -0.0975647892246345 0.645572163557565
-0.0169539401670604 -0.0305985548651069 0.0734342950303958 -0.00653100481061274
0.00276947293726389 -0.00375848835403209 -0.132046451354654 -0.619465839846547
-0.00495301480736712 0.00897869080939137 -0.841016023553714 -0.23738002569933
-0.0206067634015726 -0.013412499377939 -0.505394158389899 0.647350368290427
-0.0368055876356384 0.00963722155982462 0.335071409796895 0.556658794191563
-0.0132260394867651 0.0249775478474313 0.420799416137319 0.0124196575283006
-0.000687127053526599 0.0011261931579803 0.113379979309933 -0.181244710045911
-0.00278003919482749 -0.00116823587413805 -0.142276852346421 -0.157528159129339
0.0154408164324252 0.0065127455736313 0.115421681740357 0.0836245196467017
-0.0129786585392144 0.00420282488970956 -0.138962918457481 0.0373371060627007
-0.00984118762890773 -0.00662485823408302 -0.343054153070893 -0.256901773257567
-0.00118914350089999 -0.0381228540416628 0.110499322226641 -0.533945494327664
0.0300048074771031 -0.0422141562146525 0.771490060000527 -0.109989131861002
0.00723021497574189 0.0261138694578038 0.546668877342852 0.728737966075299
-0.027120598374716 0.00712997382064883 -0.110789504458681 0.642189604933859
-0.0192847216264148 -0.00488799669216747 0.071367109914681 -0.0136223890127895
0.0143743956948585 0.00986482517959958 -0.148391456628656 -0.617977699191792
0.00675936272911503 0.00170246148012591 -0.845370219742589 -0.215453373602621
-0.0177909407176743 -0.0167127454464867 -0.489798104239588 0.65761568146669
-0.0256005180459866 0.0141640338593677 0.346776694264819 0.546553936292487
0.00143282740441463 0.0255862061065297 0.419617876637209 0.00278693549976254
0.00927162125336591 0.000601212058264492 0.10869098947107 -0.182717921213729
0.00335973194335423 0.000119822567213681 -0.142365272734216 -0.158739009771643
0.0227852157901968 0.00644961991862011 0.116448806497974 0.0860114516685835
-0.000563037935179078 0.00776135200403602 -0.136401695397771 0.0411189903652867
0.00404721944531865 0.00138804344782605 -0.349562616438141 -0.248656898348272
0.00305464401330611 -0.0308185796076525 0.0945643086826937 -0.538439405931818
0.0331009427044629 -0.045537149257703 0.765056822538667 -0.14277212954065
0.0215699159715871 0.0289398920970895 0.567797017099925 0.704238716748848
-0.0221809553057473 0.031671260937011 -0.0971034181923566 0.645362387795301
-0.0216783811301718 0.0205771232771228 0.0683453669623002 -0.00779577833970822
0.0267818004435915 0.0231407429683976 -0.13413059156329 -0.623426029621699
0.0183718907545307 -0.00352803171610697 -0.839813655122129 -0.24543107823045
-0.0122673003688722 -0.0203753463916487 -0.514882311227349 0.640247624719422
-0.0162726762898176 0.015753826190077 0.328104435446947 0.555620488050186
0.0133646645178969 0.0271095123081461 0.421072618642794 0.0184058768138224
0.018532572870342 0.00151916786458578 0.113222878809307 -0.176060182435345
0.0101318334541458 0.0019773619945068 -0.143153076837628 -0.156718133454964
0.0294914877185096 0.00649327199578914 0.117727744929701 0.0924076312077432
0.0106860198492164 0.00909858502680297 -0.128531082040133 0.0543000149789737
0.0149835210149386 0.00668958877163122 -0.361954226596708 -0.221851629184257
0.00627615061119021 -0.0228973239515988 0.0450328221953035 -0.545568115720832
0.0328257891509289 -0.0490385565960359 0.737945912561256 -0.218592775753318
0.0356614059578158 0.0288832418670096 0.624672160598027 0.640761565705895
-0.0133817826730178 0.0503449379890724 -0.0577696948902849 0.648591061791029
-0.0234428263471857 0.0430260209908245 0.0659957101173483 0.0089634694864782
0.0353023665649095 0.0364297544407926 -0.0968174909215405 -0.630753658479581
0.0307298889733863 -0.00561694428509314 -0.826240669604274 -0.323417523650838
-0.0076482022461022 -0.0228003213424068 -0.577225581318752 0.593985182675393
-0.00983651955209569 0.0192383531464349 0.281078525186745 0.581150937674314
0.0227426109471957 0.029529265683648 0.425239702223136 0.051900673880585
0.0270488576097324 0.00312969411267415 0.127634522278396 -0.161660485176595
0.0151980677976436 0.00275971992035584 -0.141123826487422 -0.150517476741985
0.0335114482926621 0.0054662339015111 0.11828033576891 0.102500827937691
0.018454073054906 0.0070871482851279 -0.114977010827415 0.0735329753449465
0.0228381911455669 0.00831925380849738 -0.377238460077955 -0.183215656716571
0.00673064603527732 -0.0171658750327025 -0.0268272813096305 -0.546980498080161
0.0290953021833175 -0.0525631318344594 0.689778796178543 -0.324340246292899
0.0481761105810186 0.0235641641380213 0.693273049972646 0.53980950586778
-0.00245814456626601 0.0609712287213018 0.00219524595919623 0.652172968250884
-0.0245448385316859 0.0579697140279883 0.0635052452559206 0.034569319701491
0.0382511128540766 0.0487689658796308 -0.0365368006024469 -0.637386054105354
0.0394692769290961 -0.00340942344536192 -0.791755317194422 -0.436562053495739
-0.00222634427824416 -0.0240507969336724 -0.663925077741008 0.513316223703211
-0.00909097082883044 0.0211557264498979 0.20702548739837 0.61422311813031
0.0253824626056053 0.0326929992916895 0.425220626072758 0.0993468116735287
0.0322636906002907 0.00559128776807973 0.14628105383874 -0.141480787330789
0.0191500945413969 0.00410269631367289 -0.139702506312636 -0.141324296033867
-0.00172315704112239 0.00405260337664462 0.109030977625548 0.10953437455072
-0.0341939525051979 -0.001305731841134 -0.0997757281516307 0.096277942548011
-0.0516965516544029 -0.0120356188109082 -0.389606382947123 -0.142015687096864
-0.0414842972009796 -0.0372023104820007 -0.116465557610554 -0.540742862024783
0.00204644612497924 -0.0378828449098761 0.618872241541087 -0.409925494443836
-0.0145858239185464 0.0205542906950314 0.751611884198553 0.426680230449045
-0.0413807473360332 -0.042849236708496 0.0719274898553517 0.649683191040704
-0.0098309524763683 -0.0757370915743111 0.0722226171210612 0.0698289672329577
-0.00868452208759788 -0.0388837335204856 0.0382634447085702 -0.624480945332495
-0.0266676935341427 0.0143051524021594 -0.723751673980699 -0.548295126257738
-0.021039869648076 -0.00716195654492736 -0.739312592672553 0.418599772132408
-0.0597376042052626 -0.00998452798942214 0.131931099868036 0.648220322348348
-0.0490250284467421 0.0119465082664908 0.418331227017429 0.139424903297123
-0.0239933979101621 -0.00170784957763082 0.168495509611945 -0.128624378756605
-0.014963605814448 -0.00771164242328705 -0.135361993597803 -0.132995321083112
-0.000642265405401877 0.00434038659341647 0.10996943979881 0.0987834043114738
-0.0359960890043708 -0.00152697582405674 -0.117824130529047 0.0728328993878134
-0.046509418855458 -0.0172097318259791 -0.377802562327454 -0.190821136858937
-0.0308927916428027 -0.0441071353255109 -0.0302008736263486 -0.550070273494458
0.00964717704870374 -0.0381635947025103 0.692116404762207 -0.302285200791481
-0.0165715643929426 0.0197773613233047 0.686222406551494 0.552059469434363
-0.0375580605748911 -0.0429240245609157 -8.5153225652914E-06 0.6528297848331
-0.0115463721787827 -0.0685895128385287 0.0735245058786511 0.0388991900745399
-0.0110244014056843 -0.0292829988006497 -0.0315505836986169 -0.62717236058691
-0.0222617937975013 0.0159131467328749 -0.786839986590616 -0.418482785026425
-0.0221647103210451 -0.00804152022980138 -0.648223654220676 0.525673825979809
-0.0565192327025386 -0.0022556196931392 0.224167490018489 0.618941581068421
-0.0405625798828701 0.0177477543482561 0.423871326477831 0.084887732658156
-0.0186721471245704 0.000397677284774432 0.146496502837211 -0.15244819318315
-0.0128682664706231 -0.00533517819410596 -0.137834414810675 -0.14400091474918
0.00288477912413276 0.00412452800678606 0.110684120099943 0.0902751956020838
-0.0326193225561897 -0.00058798840356247 -0.129919420840383 0.0527190110686846
-0.0363642822153425 -0.0171831653535221 -0.362178312792927 -0.2298060041881
-0.0198408661332249 -0.0462368033573468 0.0440989201821253 -0.544286666214874
0.0172489608755652 -0.0394275450621001 0.74064110587552 -0.201049331419736
-0.0138433525331412 0.019830853834382 0.617496495736712 0.648405963404044
-0.0339382448708292 -0.0341005716068704 -0.0597944690117989 0.649452856167756
-0.0139463907628576 -0.0530366257187622 0.0738359462566248 0.0124997033737238
-0.00641989714784649 -0.0175416901547828 -0.0897962750052927 -0.623648026846831
-0.0143296901307398 0.013903447817781 -0.821681541731118 -0.311009111306125
-0.0222361774801342 -0.0106549341559143 -0.565538005361686 0.600720907034538
-0.048250008347273 0.00475684176218286 0.29338280777764 0.583720978728181
-0.028268638007982 0.0220672587730664 0.422454208458826 0.0401912365486837
-0.0111914351886064 0.00106192521069821 0.126289451755914 -0.169085296908818
-0.00826450338188989 -0.00304660610434726 -0.140467971427169 -0.152227362794293
0.00834698095640935 0.00488299058138286 0.112372890296915 0.0847645025032124
-0.02487463753601 0.00157412040806122 -0.13742992599809 0.0404025696393432
-0.0239376063918158 -0.0141612754159706 -0.348223648325296 -0.251834803618029
-0.00890752374353266 -0.0444087538064241 0.0950900224365152 -0.535762979605033
0.0240842757181184 -0.0398037853473965 0.761959420818051 -0.129807493924686
-0.00539452619457943 0.0210861310094721 0.563858400814648 0.710485288755049
-0.0295514499599075 -0.0155865837760679 -0.0991153246750728 0.641788900489399
-0.0165055989090151 -0.0310040054937261 0.0730817673922826 -0.00614220676001313
0.00182347078165652 -0.00446619320907092 -0.12833014689931 -0.617671312074048
-0.00402726278716016 0.00853057755523182 -0.836362046890041 -0.240251579151715
-0.0201086765430371 -0.0131899250722274 -0.505662453797104 0.644245438270582
-0.0367114969384104 0.0104595330347042 0.333433382935234 0.555359189301823
-0.0130507924128884 0.0250494267052299 0.420899514368276 0.014031404742032
-0.00116488033667779 0.00121681304268446 0.113398136936456 -0.179552662045831
-0.0031382268849191 -0.0013932103157053 -0.141558335177656 -0.157033813041264
0.0152584237739353 0.00527692827394613 0.115230420302084 0.0839222565522027
-0.0136913671160259 0.00519882649830651 -0.139650817140173 0.0352752555034381
-0.0101684654905753 -0.00606008512791504 -0.344216705757401 -0.259260786326316
-0.00149293548803395 -0.0392573327746613 0.112573623960329 -0.532770522368617
0.0300647372706805 -0.0421257391111617 0.770477680182604 -0.108868102096492
0.00717643112963302 0.0255924492326651 0.543472540624288 0.728850824088977
-0.0269244441542688 0.00702548829802664 -0.113286158390516 0.638990016039152
-0.0192700696478894 -0.00486828309647381 0.0715046977866556 -0.0131715132656731
0.014389784308096 0.00933595032253607 -0.142265343264628 -0.617742247738379
0.00759101720306257 0.00141436021878616 -0.842462493053799 -0.217989994882777
-0.01721909546425 -0.0163086138282084 -0.487951012993757 0.653538998771097
-0.0252876261680062 0.01372663787315 0.344970350099192 0.544598894286117
0.00190648026913255 0.0255223296324916 0.418987781875403 0.00409428471601697
0.00924274253062055 0.000960264602688201 0.109179073730795 -0.181182568276135
0.00369751518111974 0.000471257056218826 -0.141703508899762 -0.158740542646412
0.0224146764592735 0.00621174054496303 0.11506997074129 0.0863417652435525
-0.00179125147605124 0.00793424246571932 -0.137041137588968 0.040263486470476
0.00372300299293044 0.000782809163066341 -0.348764455649772 -0.248401743044499
0.00321252466904518 -0.0309019924103222 0.0948313882023979 -0.537136922930938
0.0327495083845641 -0.0449109100673016 0.763459792423863 -0.139733488924223
0.0216178946352057 0.0289096218168835 0.563420892475067 0.704151779981671
-0.0225876359125776 0.0309247672268872 -0.100616891453811 0.643255503652498
-0.0226887351080899 0.0208801604931565 0.0684476758010508 -0.00765397906878195
0.0263840037521758 0.0232433207697865 -0.130265507246547 -0.621792030420974
0.0191371833427338 -0.00335321232334369 -0.837434780548633 -0.247697233611272
-0.0127552836676567 -0.01947113741793 -0.514717852292697 0.635810633119602
-0.0158386965175453 0.016331033406938 0.325386971233627 0.553637708186173
0.013463697733605 0.0265602059220884 0.421401567519181 0.0200427932678348
0.0190305368489426 0.00109786057525446 0.113483064759008 -0.174410099965286
0.0103848513650296 0.00235116327888332 -0.141959545234976 -0.156716470371535
0.0288725756502137 0.00651385714306253 0.116408743245987 0.0926870902593473
0.00971462408462083 0.00906203846402747 -0.128982658999458 0.0533890098931546
0.0151387131164538 0.00624469017222733 -0.362024037869379 -0.222441342990616
0.00582028100243215 -0.0235300175362515 0.0481715503067202 -0.543467242506467
0.0328120762960368 -0.0489157327811794 0.736195599757648 -0.216599284806172
0.0358512506608028 0.0287174103415772 0.619851508279022 0.640777985417498
-0.0144538269164852 0.0503381273563609 -0.0619130637207838 0.645499260601459
-0.0241201743833819 0.042459384693989 0.0642460525299168 0.00908578878753534
0.0351697324894097 0.0363059279518057 -0.0923644728509408 -0.628743420026064
0.0304634365959307 -0.00541878630227464 -0.823362087655551 -0.324843088215709
-0.00722389552912332 -0.0221330694317063 -0.577792771340022 0.590722855134542
-0.0105160172986635 0.0195528263662952 0.277784003306518 0.581392836010567
0.022736459183145 0.0291257976147921 0.422912166322773 0.0524931302156977
0.0263579829343678 0.00291657547819983 0.127679951936579 -0.160439910170534
0.0151213381257488 0.0028865487357724 -0.140333053063061 -0.149848760901237
0.0325797394291599 0.00528245006024161 0.117509289030458 0.101828540875415
0.0183253781044281 0.00717112508352615 -0.116010849743374 0.0718221349049602
0.0224346402958205 0.00808854942158204 -0.376723463605781 -0.181930838638618
0.00642632717439886 -0.0176359428531213 -0.0228060638658634 -0.546535047570538
0.0284437548447571 -0.0522796498672666 0.689179921838656 -0.320787608399345
0.0478300004273449 0.0235107679926533 0.687936600270447 0.539254751797307
-0.00375405644184238 0.0597917862675381 -0.00110989250167404 0.650323035250109
-0.0255929908743954 0.0575586465951002 0.0621067505545596 0.0351750989905731
0.0377672487005381 0.0487392865461184 -0.0347543042098499 -0.633753617069825
0.0389232048199536 -0.00362750654775157 -0.785430378649261 -0.438456029104395
-0.00267569330742621 -0.0234730743644278 -0.66383653671374 0.510292090032244
-0.00957319931096174 0.0210527546374732 0.204124518185184 0.612766041425544
0.0253293123110113 0.0326707462903999 0.423550504669533 0.0988466638486378
0.0320436039690958 0.0053377287465476 0.147066671000281 -0.139517860086485
0.0181507934740715 0.00371685691899535 -0.137919004824281 -0.141054727381516
-0.00134127741921985 0.00322418462823749 0.10929189348059 0.110374703892706
-0.0354058982811634 -0.000894459965546622 -0.101353294408327 0.0942901595811104
-0.0505285737048201 -0.0126286709449446 -0.390174688923821 -0.142698759828093
-0.0412238486769339 -0.0379041717438697 -0.114291997433274 -0.538937756528428
0.00236269950911972 -0.0369994154198125 0.620090148448005 -0.405347932091696
-0.015127710627222 0.0210059902779057 0.747937216862999 0.429225721649596
-0.0410435691707303 -0.0431119785775852 0.0685980406002146 0.6489365037607
-0.00954667714948937 -0.075991178419553 0.0716866672723938 0.0693286465831983
-0.00892249750526689 -0.0400868933070675 0.0392402603461589 -0.622336978960256
-0.0272125008883948 0.0143089193424038 -0.719505785426209 -0.550793413329926
-0.0213304538084533 -0.00730494963532211 -0.739234929925936 0.415520051263398
-0.0593790378141271 -0.00993898937486419 0.130167829825243 0.649973937441104
-0.0491959955335639 0.0115650559461186 0.417022795488082 0.141470212748796
-0.0238835556549845 -0.00160436970917423 0.168551437891828 -0.127721040378136
-0.0161040909219943 -0.00736768866278217 -0.133953797666458 -0.13346572324465
-0.000623141332367351 0.00358270018432599 0.109449077347689 0.099307483633204
-0.0364493697066695 -0.00131895765496945 -0.118836162042867 0.0715118815991665
-0.0466830349208183 -0.017623679846619 -0.37787143964024 -0.193608346100813
-0.0309085680852234 -0.0446329867649267 -0.0280853838651725 -0.548081435630967
0.00944645679645001 -0.0388008503509904 0.692730535904448 -0.299304837764088
-0.0168988101345033 0.0195339439409153 0.684398277177499 0.553756952204627
-0.037997756304584 -0.0435363642818421 -0.00356512792220382 0.649724937801216
-0.0114155846437201 -0.0688753446124697 0.0733659455454128 0.0380410113479547
-0.0106162690199826 -0.0298518245268379 -0.0280367840079339 -0.626354792673084
-0.0223879988414009 0.0155082755108314 -0.783754417464438 -0.420715907707919
-0.0220148698221958 -0.00827330268994443 -0.648675319626199 0.52226225194431
-0.0560796172789667 -0.0032130276380037 0.222254484728573 0.619804649576876
-0.0407123181422542 0.0172789589171428 0.422876521464242 0.0873655312203346
-0.0192152293575924 9.72118410404316E-05 0.147276797142293 -0.150840385164363
-0.0128389132793992 -0.00551675878427598 -0.137534436696844 -0.143929749644473
0.00269900642501057 0.00349918461527069 0.110490001318232 0.0906201078837194
-0.0330067408203446 -0.000639956347501679 -0.130994387722304 0.0518181968354134
-0.0363429435523721 -0.0192161460020251 -0.360595450075768 -0.229984212089659
-0.019148561328675 -0.0474119136742579 0.0462946069922192 -0.542862425092578
0.0168613035075992 -0.0389003021397522 0.74060473838239 -0.198492439188833
-0.013193290442277 0.0190250816770027 0.612858016430818 0.649479828549503
-0.0332317818261419 -0.0345458244902192 -0.0626286437199824 0.647412170584263
-0.0138473063091192 -0.0532407557998572 0.0735681387912683 0.0122034280746733
-0.00654459312311082 -0.0173374111799437 -0.0867776088735891 -0.62282409680171
-0.0139923237603046 0.012892464941253 -0.818721960111184 -0.314668957717001
-0.0219538661133537 -0.0104366533947191 -0.566375197511603 0.59713843835724
-0.048156439932142 0.00367825348861665 0.290013345947778 0.582960929318841
-0.0279035609775418 0.0220295398138473 0.422736709585378 0.0425416837879219
-0.0110633398354904 0.000825360568954011 0.127460923252684 -0.167956556401419
-0.00883005873247096 -0.00339844258641902 -0.139174873002127 -0.152198590151779
0.00802564749484443 0.00431698473876285 0.111211898180262 0.0851825014249694
-0.0255241538102986 0.00157946495402416 -0.138399079565614 0.0388234641170536
-0.0240868699913881 -0.0142483261758289 -0.348041611299868 -0.253233044763329
-0.00849331361017989 -0.0447641785619335 0.0965809398529859 -0.535546197149912
0.0240917532921932 -0.039465172186944 0.76241597245576 -0.126362783298612
-0.00525288167675393 0.0210018961791535 0.559472766827005 0.710456285525544
-0.029923415057612 -0.016535439144547 -0.103407856462405 0.640118810052133
-0.0169620835687001 -0.0312559210651673 0.0721917456755837 -0.00549502075752321
0.00172095153669321 -0.00483039854527719 -0.125638002507476 -0.617740265277201
-0.00364222501862242 0.00859024856758042 -0.833705364272836 -0.243926064952821
-0.0208089064565094 -0.0140890866119714 -0.509116690681488 0.640741018141087
-0.0372172335981822 0.00975596254597682 0.331400151137425 0.555502400132961
-0.013336820406075 0.0247098499467971 0.420954921530964 0.0147558592159418
-0.000725336682396783 0.000976202997436197 0.114596216532522 -0.178214709072098
-0.00272708967629516 -0.00176804066424225 -0.140047197865519 -0.157941926064764
0.0145833957707001 0.00530718187028794 0.114563338892743 0.0841305039959521
-0.0136064294404999 0.00532843257726233 -0.139878275389934 0.0345002942712607
-0.00985595002302575 -0.00639383897776701 -0.342422741609687 -0.259452709936871
-0.00148204926131182 -0.0389888945426002 0.114522341705083 -0.531230525183745
0.0296260771749798 -0.04136549772328 0.770502405754836 -0.104630389376295
0.00682815881468147 0.0260616039666231 0.537703633150304 0.730117575987907
-0.0273356042942496 0.00617666492167615 -0.114540115415176 0.637923332292944
-0.019835575844023 -0.00540735086002974 0.0709554426913351 -0.0124240437210649
0.0144398726398177 0.00849950748412431 -0.13956431809922 -0.618743482938928
0.00809189568106374 0.00172472377668162 -0.839703109162508 -0.220533808753702
-0.0169956725798006 -0.0165307678752027 -0.491622160027375 0.650853109390414
-0.0256036455974038 0.014026786095925 0.342198726187643 0.543150629804519
0.00111375519850425 0.0260379439037894 0.418990008000555 0.00716106272081138
0.00865474800450573 0.00110335360203746 0.109208324511517 -0.179839863454585
0.00364164271465997 -4.76915903122686E-05 -0.140663974839048 -0.159452317412278
0.0221215859766379 0.00603479069540907 0.11501752816831 0.0871196064656446
-0.00196617903852445 0.00827876446624714 -0.137920742598231 0.0386983764012394
0.00323514513184375 0.0011081223974455 -0.348555110915285 -0.248365585052433
0.00411008796641362 -0.0321918667892044 0.0993070999739404 -0.536260014223997
0.0331861600479074 -0.0443067529666988 0.760997451053237 -0.136694551922512
0.0220471531890009 0.0281430449847979 0.558984975647013 0.704043249316586
-0.0223012950082022 0.0303583260277381 -0.102482366779832 0.639458905096133
-0.0224846441635745 0.0206024082739581 0.0681005203209832 -0.00718037678688532
0.0257336799592413 0.0226896071698013 -0.12592595771529 -0.62199446046821
0.0195265786572195 -0.00365262379962997 -0.835583746956738 -0.252075598274607
-0.0129103212281602 -0.0193617260772174 -0.517677913606295 0.634447777449859
-0.0159960594180154 0.0160092537544669 0.322446545539736 0.553312461342817
0.0128362818229885 0.0261948086457954 0.42066059073713 0.0218066360578096
0.0182773150019663 0.00167487370228355 0.114836055465676 -0.173104206704145
0.0100550670392757 0.00191259776598223 -0.140826783660046 -0.156400439305756
0.0282725592924972 0.00611777379033263 0.115843351400119 0.092525029746762
0.00907760302468802 0.00917147085830365 -0.130103432012794 0.0518564480111077
0.014220679378568 0.00658499488597093 -0.360012397723563 -0.222969171249476
0.00602472768246392 -0.0236191913639498 0.0497578866525875 -0.542105701511219
0.0326624241261384 -0.0485371140216281 0.736821397038915 -0.212939910516163
0.0361138343431384 0.0284979736253079 0.615973113926911 0.640285290189884
-0.014942063473817 0.0494936838771648 -0.0637976691898497 0.642744630172585
-0.0243884611593915 0.0415289185211055 0.0650555061647813 0.00917688503545891
0.0341577792456333 0.0360626280267925 -0.0904739505082537 -0.628734475420051
0.0313196167799227 -0.00535492008974062 -0.819231237971756 -0.328972574651669
-0.00732242007251476 -0.0218306081185694 -0.576432387316622 0.587778666645604
-0.0104690281107991 0.0192614721711808 0.276721069641244 0.580842097098309
0.0225850816541255 0.0286609623985174 0.424871543407974 0.053811801963866
0.0268846811685981 0.00264951414700209 0.128892185854741 -0.158466898462484
0.0156202125454909 0.00345112603551513 -0.13963849431266 -0.150333274933469
0.032434520552817 0.00471778176175076 0.11714368499706 0.102119343296348
0.0172672598677873 0.00805023834347855 -0.117866170767745 0.0714967203228966
0.0213846663009296 0.0081919945648079 -0.377437496516982 -0.182252895519381
0.00607863835748357 -0.0182513547354143 -0.023599413635143 -0.545480904061815
0.0285742261519888 -0.0511867075132214 0.689120874455115 -0.317455354618376
0.0478505288906198 0.0243408911535088 0.686044292650905 0.541070732232674
-0.00438544551367776 0.0599806375387088 -0.0036260204844236 0.648613211786797
-0.025844153668193 0.0565266693203134 0.0617405075724195 0.0354770617044591
0.0370685468555978 0.0476972634109648 -0.032583221856084 -0.633151934771204
0.0401138305763311 -0.00366744584128897 -0.782813317742732 -0.441440418150397
-0.00260564711417599 -0.023394079846175 -0.663886541221389 0.507830115474455
-0.010404750321962 0.0216372573342049 0.201840690385774 0.612449545644008
0.0255495842740482 0.0331933514662663 0.423940209919137 0.100142897029401
0.0318002109895098 0.00550527392474442 0.148403804046008 -0.138506259847272
0.0181808279898168 0.00517205277388889 -0.137846756817425 -0.141399967897401
-0.001794605927103 0.00294463352181806 0.108810252694682 0.110227042047808
-0.035776024283797 -0.00174436006339384 -0.102761699889692 0.0926889709171304
-0.0508210929263038 -0.0130532545514114 -0.389613154890228 -0.144328939297871
-0.0405273273895515 -0.0377894083213023 -0.112156483320376 -0.540994279313706
0.00195386329720989 -0.0380945871646126 0.622930829871218 -0.40345622600797
-0.0143424860582389 0.0204290951067219 0.745323365503036 0.43095604256094
-0.041079333519968 -0.0440952654688759 0.0655284700099094 0.648470784366742
-0.00852413765739924 -0.0765252294101347 0.0711979338061987 0.0690054848743578
-0.00868984508136665 -0.0398871230237774 0.0433905164512625 -0.622379720921166
-0.026278270944523 0.0141137093620133 -0.7184427269393 -0.552877414680321
-0.0212157744435228 -0.00680303634155457 -0.742140988324937 0.412204449563054
-0.0597339888698979 -0.009597772999942 0.126557833514302 0.649134060680546
-0.0491262942319731 0.0112442925409919 0.417521798580288 0.141321408256276
-0.0239843747974206 -0.00242523435665738 0.16999718994837 -0.126376741063955
-0.01562878180471 -0.00785056225376779 -0.133937461951955 -0.134411169638956
-0.00123984619739655 0.00305320062031413 0.109460494701733 0.100293437354662
-0.0369045882362049 -0.00199180206493417 -0.119330066806793 0.0702943702348128
-0.04639239074625 -0.0178162916138914 -0.37930770525731 -0.19513134377438
-0.0303185915468425 -0.045217827131597 -0.0252705261701711 -0.548288932542797
0.00967250388623212 -0.0382297280806028 0.693905781099694 -0.295518548696516
-0.0171418832159701 0.0190050985204618 0.682116640474911 0.557384219726884
-0.038231124116183 -0.0445278449451778 -0.00577379257904206 0.651076349856525
-0.0103837210016528 -0.0689363026754635 0.0729923993724188 0.0389238979971763
-0.0100766163420319 -0.030231105048998 -0.0244949856071467 -0.626290026341491
-0.0227093999144276 0.0151682481931879 -0.782449596949639 -0.424767481094243
-0.0225731504279718 -0.00858334881639772 -0.650932586663861 0.519989331591034
-0.056134547936057 -0.00243532112833085 0.218816731094606 0.617149701119747
-0.0407023576569828 0.0173986700204953 0.423613392307174 0.087984504311676
-0.0185368967702411 -0.000273404390116361 0.14757260257539 -0.149709946386774
-0.0131341063422315 -0.005788705763428 -0.136935742569488 -0.144202673424006
0.00209612505002126 0.00349449263209637 0.110411254726693 0.0913075189353193
-0.0337446673596613 -0.000769632065716217 -0.132218306166516 0.0506847542315316
-0.0372193717289048 -0.0182562156318371 -0.363267017453175 -0.230550056496701
-0.0196105641235857 -0.0481897926783787 0.0496287354139836 -0.54325918326468
0.0169311307113443 -0.0387200109180291 0.7394623459125 -0.193196962364295
-0.013659090940566 0.0191779688632923 0.610068222031267 0.652540497045137
-0.033809636107083 -0.0346396580037261 -0.0645822639147097 0.647179125557882
-0.0138812237351321 -0.0535171049166139 0.0729472281468883 0.0131265741792696
-0.00667198628768248 -0.0183849975417523 -0.0834457693359359 -0.6231571429436
-0.0141649884495889 0.0128587863846281 -0.818762772059311 -0.317208980112773
-0.0218844712994284 -0.00987901123359719 -0.570117012546823 0.593233893698166
-0.0486238157905073 0.00443261679967397 0.288225567758199 0.583289631418412
-0.0274537283388921 0.0218264792065413 0.423407106804255 0.041864104162751
-0.0109345568150096 0.00047144790236105 0.128338993966329 -0.16723269174647
-0.00881867304982473 -0.00354764256984425 -0.139141311597721 -0.153686259515245
0.00756214554548441 0.00398224107736075 0.110888639225139 0.0854142681794234
-0.025848016038958 0.00168125987101729 -0.138855201751175 0.0377717801138984
-0.0241910082531997 -0.0146812857238856 -0.348430565712858 -0.253824026309182
-0.00885541066690096 -0.0458337673597274 0.09902262264581 -0.533995527719285
0.0245722041078618 -0.0392109192468273 0.764315422571323 -0.123073822098417
-0.00523677990572439 0.0213800377060369 0.556934882461809 0.710692006047616
-0.0302249940369427 -0.0170523653428406 -0.105123363653864 0.639504923506923
-0.0169805326110263 -0.0312199351900132 0.0726322681774396 -0.00471062244287416
0.0024451356434346 -0.00488149625882851 -0.121635828001314 -0.61931841008978
-0.00305937143679105 0.00794118742429761 -0.834056184735071 -0.247666084360176
-0.02020724172275 -0.0134557556249497 -0.510241903870432 0.639384999565491
-0.0374023748770419 0.00981046068479661 0.330686524856981 0.557558579725475
-0.0132650082854185 0.0242074720137801 0.420183672758289 0.0156391625979565
-0.00127584877646936 0.000851581456434842 0.114595333043957 -0.178480265627376
-0.00317425942378619 -0.000792349576711487 -0.140389700012125 -0.157888826482581
0.0146630504797311 0.00470510029856817 0.113594257124025 0.0843434387148001
-0.0142005796321025 0.00594921606571971 -0.141199996013578 0.033376575777011
-0.00986947645353312 -0.00734970802956799 -0.343697193953223 -0.259113107960317
-0.00139628149506882 -0.039640810939366 0.116936853844922 -0.531335428315514
0.0297594130054997 -0.0411702452331983 0.770472666572215 -0.103290342556058
0.00666012930342163 0.0254462215599706 0.535660180257728 0.732015697567866
-0.0274125432664222 0.00635559095791157 -0.117845531209046 0.637106681146139
-0.0204319045001149 -0.00547187034302101 0.0702454419479398 -0.0124644465369009
0.0133543085138519 0.00841960928913737 -0.136346575888613 -0.618317923412646
0.00854140905796653 0.00172564960550265 -0.838232188857459 -0.224926847246923
-0.0174949808157349 -0.0165087933319004 -0.494278267215902 0.649015381757912
-0.025784244804175 0.0140681713551793 0.340049694131455 0.544484182341074
0.0013292226516077 0.0251745569195192 0.418721765162135 0.00768392264177167
0.00926228490560091 0.000447170802578184 0.110256558155724 -0.179936592468996
0.00374353154202372 0.000406699294964816 -0.140676239092838 -0.159421135433816
0.0217872825085927 0.00569631490476934 0.114360826487825 0.0868576033701092
-0.00249068243264539 0.00876488122255948 -0.139034143550033 0.0384869013742847
0.00314239912036604 0.000605917885896674 -0.348113221642614 -0.251119634820308
0.00414521543996751 -0.0321402639376374 0.100485664164194 -0.5356708046231
0.0334601327187076 -0.0448265143796108 0.762896225024077 -0.134396756134991
0.0216526178002038 0.0286799686462288 0.555743161637497 0.707273131235549
-0.0230823566147081 0.0294220593901257 -0.105589941479645 0.638713489989953
-0.023042235704843 0.0202707789439334 0.06773834668922 -0.00696865062948223
0.0253575947508027 0.0216974083117634 -0.123213507125902 -0.620484392054488
0.0201647553365604 -0.003916605559401 -0.834555199641983 -0.25516896489652
-0.0127475575418032 -0.0196640096937181 -0.519243014726627 0.631412580859628
-0.0166429989128796 0.0168765894827792 0.321382545502082 0.55528234595533
0.0132832525369744 0.0264678258470493 0.420249271876171 0.021535409260075
0.0177929990496373 0.00174017788192148 0.115422595586678 -0.172967759141814
0.00948390708269418 0.00222655226954604 -0.140257638169543 -0.157522301953323
0.027396682061717 0.00517924316058365 0.115501228064531 0.0930856472197305
0.00909673325024602 0.0103015607260562 -0.131692738257156 0.0511844400623213
0.0140391639147188 0.0064342015337394 -0.361234846438583 -0.224061040974798
0.00542419734406499 -0.0245516377928612 0.0521546736789561 -0.544547056974589
0.032698982121408 -0.0476390765423035 0.737849543164121 -0.210864069803314
0.0358610510205926 0.0280330445985288 0.613692820117495 0.642144796933261
-0.0154214783419989 0.0491652726639926 -0.0660987322196847 0.642810594729183
-0.0254351169121238 0.0413386604721307 0.0638311547407441 0.00925262849221022
0.0340590209367274 0.035078272644095 -0.0858780238811652 -0.629329602327116
0.0319127801695909 -0.00551234390265931 -0.819691549538799 -0.333790017146017
-0.00729513854250772 -0.0221982886463758 -0.581278542520354 0.584675626496272
-0.0111104197055206 0.0191028297218647 0.274482819124547 0.581937424184631
0.0217773158438045 0.0289999928928765 0.424187596405881 0.0543769264912743
0.0262728795604582 0.00303703743623142 0.130096755921393 -0.157555352073862
0.0157932552304119 0.00287551140449659 -0.139292320367942 -0.150731735952603
0.0324393600146271 0.00441231285307381 0.115924332106469 0.102155820319126
0.0176758907532325 0.0086419089649716 -0.118439653271691 0.0702526214321823
0.0214944446318774 0.00816630185701252 -0.376889029185057 -0.182249368678949
0.00649553280176242 -0.0181647779251034 -0.0195983704331104 -0.54562057448449
0.0288737579379033 -0.0509592408217149 0.691266411056291 -0.3149457200064
0.0472555980024239 0.024412765089134 0.684030253375475 0.544570863645628
-0.0045669577398489 0.0603445981665461 -0.00664434403599412 0.647481171208427
-0.0261999699792555 0.0565541076508363 0.0611466662676521 0.0357387330844674
0.0368469094615303 0.0478662376701082 -0.0291792600774164 -0.633274458900789
0.0405808586601721 -0.00356477061703476 -0.780978191296271 -0.44420892625055
-0.00213969701253268 -0.0234379559014605 -0.666113775842045 0.505265839980338
-0.0103261617040531 0.0213433644458077 0.200499400185241 0.612682712207759
0.0255100325843873 0.0327602003105481 0.42307428807741 0.102314580640528
0.031436817293151 0.00534474242337976 0.148904222580305 -0.137496760244782
0.018604995817876 0.00428392887930494 -0.137548610837703 -0.142031458381406
-0.00146306141656516 0.00192291626302371 0.107902252652761 0.111081799782096
-0.0369374336639539 -0.001947690154323 -0.103266797103229 0.0916114364577537
-0.0509339700311798 -0.0137430427485896 -0.3920311382419 -0.145600715005566
-0.0406460089046818 -0.0390155493279609 -0.109597833672116 -0.5414005306904
0.00162290240952531 -0.0378191054740731 0.625393607132401 -0.402247072875777
-0.0147167941028392 0.0203403971437889 0.745070403540858 0.435916008756603
-0.042052982104617 -0.0446365636660474 0.0629691454380581 0.649708046083888
-0.00864330295535602 -0.0762769393614287 0.0708162349891437 0.0695714004286407
-0.00897540719541251 -0.0410572174321753 0.0468417813207303 -0.623507144521984
-0.0257795627645702 0.0141365144422273 -0.716050100068324 -0.558553091066505
-0.0215148400452758 -0.00678213551799143 -0.745966080292334 0.410528809174993
-0.0604812169167602 -0.00945990335857088 0.125627110132732 0.650388523741006
-0.0490327850685568 0.0117420256433741 0.418442420284991 0.143861217113654
-0.0240287571594831 -0.00214002323343753 0.170417961089773 -0.125867443376341
-0.0164049768057671 -0.00801635958699345 -0.133089667479474 -0.134782312685924
-0.00162725711662132 0.00256856084133859 0.109216608160384 0.0995446742904358
-0.0377575774142982 -0.00200670673103212 -0.121138633867909 0.0691200243312398
-0.0466941218556635 -0.0190723511944156 -0.380028309048871 -0.194088377859234
-0.030741932666498 -0.0458045276768108 -0.0221233599029718 -0.548972283140844
0.00915988830276683 -0.0388042922597591 0.696011886505558 -0.293279075063278
-0.0166800211013466 0.0189819349689362 0.680031255059413 0.559946657032169
-0.0378165999020843 -0.0445074617944166 -0.00848213986340621 0.650895651707458
-0.0109228743272928 -0.0697542481184463 0.0737724958471963 0.0387315277830529
-0.0107000265967215 -0.0312102706881449 -0.0223975514676247 -0.626584248193039
-0.0210001151536902 0.0150555365494292 -0.781783800088739 -0.429781111939585
-0.0223360837030714 -0.0075975549321888 -0.655762741915936 0.520773267643313
-0.0568460976532583 -0.00271350108884105 0.220431785477243 0.61948465397094
-0.0410026828800214 0.0166681625417947 0.425059349157858 0.0893964939840785
-0.0187402262602131 -0.000239065501904659 0.149025571984333 -0.149658033395222
-0.0135037855109541 -0.00535195836294846 -0.136111415818452 -0.144988060019595
0.0030097547808168 0.00237269318527572 0.109618945812745 0.0906891545767995
-0.0334011218437561 -0.000957916838015845 -0.133333164228072 0.0494227805777585
-0.0368254289557565 -0.0185621093956787 -0.363397504139453 -0.233170121953593
-0.019321553871607 -0.0491041864371494 0.0508369398377663 -0.544440779686334
0.0170301309243207 -0.0384606164150789 0.742406773805254 -0.190092333135198
-0.0135799572094001 0.0182858248131982 0.609383320910965 0.655400398054184
-0.0337979525779066 -0.0350779212986968 -0.0689783616869308 0.64652166804026
-0.0137159041908529 -0.0533403502982176 0.0732633980084627 0.0130823315584964
-0.00691083118298765 -0.0192514834320275 -0.0796415932815412 -0.625542136320468
-0.0135322621054584 0.0134644031947401 -0.817112250545104 -0.321576272476083
-0.023038121059475 -0.0100363528099872 -0.573820512926854 0.59503468116549
-0.0479363872659672 0.0044519585276588 0.286916510405712 0.584873092695054
-0.0278842862126878 0.0213486605767026 0.425413330278795 0.0450466911151785
-0.0111638343245428 0.000269611285774199 0.129188958236541 -0.167437123451535
-0.00882913527891704 -0.00309189898463843 -0.138738950922923 -0.154578472455226
0.00713829420888136 0.00330340699286808 0.110672164989726 0.0861753190686899
-0.0265095735191449 0.00164527972399188 -0.141366838712008 0.0370146025703353
-0.0244576436520296 -0.0148408191047523 -0.349653604194905 -0.25540005720385
-0.00834542683342723 -0.0463932528153742 0.102137018534007 -0.535164817781776
0.0240733297121513 -0.039489242350906 0.764260265224428 -0.121180024848901
-0.00535803041590851 0.0208578834676119 0.55591207157082 0.715511905466014
-0.030671119573824 -0.0173605088779987 -0.106499178756039 0.63839333155777
-0.0172675681707708 -0.0318702184851004 0.0720047122322906 -0.00521730288624125
0.00226543977454086 -0.00574301375230969 -0.1192833572578 -0.619716484718779
-0.00268970162134714 0.0081349739499363 -0.834294701795498 -0.251024129092712
-0.0206376464157703 -0.0130674987805081 -0.514528357542938 0.638264341035249
-0.0374995969400228 0.00971812128630149 0.328705628738156 0.558476646884728
-0.013651657215252 0.0243907430017771 0.421234262798633 0.018034916084178
-0.00193046717133623 0.00122493653274801 0.116912442131857 -0.176825107472705
-0.00335841198064895 -0.00130045199762503 -0.139285491545161 -0.159281429669408
0.0140102002004087 0.00402505867454044 0.112919535005422 0.0848509739076601
-0.0155845033814509 0.00650729887961794 -0.142380309041881 0.0323310157657274
-0.0104390606772899 -0.00736981628366095 -0.343615008313202 -0.260415234875116
-0.00145523171012883 -0.0404845326163956 0.119393713715679 -0.532632367994335
0.0301588908124351 -0.0408195848817279 0.772317859213498 -0.099401618419217
0.00711032517410894 0.0251255947723062 0.533554363905836 0.734327572395706
-0.0273311186651407 0.00544486957774237 -0.121263731653911 0.636475484988462
-0.0206528631766897 -0.00597974397701547 0.0697697291403632 -0.0122299656385904
0.0136845111170731 0.00759205761162552 -0.133078374436409 -0.62047719363133
0.00923465225967357 0.00147378874291697 -0.839829366366993 -0.229882081720326
-0.0166172623791605 -0.016368352409949 -0.496183661714431 0.649649629148053
-0.0247491177425943 0.0131215055395881 0.338592301624464 0.546446978372847
0.000806670672717501 0.0260813301788161 0.420353596937299 0.00832064373827538
0.00811556138888875 0.00108195879826675 0.111402096018367 -0.178998517188807
0.00371603405754235 0.000730667010384652 -0.140823624906696 -0.160102828835528
0.0213518583698616 0.00512689818828229 0.114016184013721 0.0874310076837044
-0.00297398190048495 0.00953586237674926 -0.141014462027763 0.0372855500127562
0.00193840425538673 0.000544872417856619 -0.349102353590176 -0.251339768405733
0.00321132801701737 -0.0328018930881136 0.102203353026894 -0.535167740045152
0.0329850815177093 -0.0436650392591528 0.766140627416624 -0.131530925042437
0.0209587031010924 0.0284603911183334 0.55475765995341 0.710095106182786
-0.023466700220169 0.0295062885708356 -0.107910911610293 0.640208662725494
-0.0232918871167672 0.0196071014980122 0.0677593574173203 -0.00587110148374042
0.0247327323806147 0.0216297856875389 -0.120432702094384 -0.623255968478725
0.020942067522914 -0.0042717814274958 -0.835415681777632 -0.259005288451791
-0.0124322633264031 -0.0192038083827514 -0.521784314072039 0.630004593930287
-0.0164916711682376 0.0163096784046625 0.319198060576875 0.556867748130883
0.0132404493813783 0.0264292154655655 0.421835662167989 0.0231230474086712
0.0180525934681785 0.00149584811037686 0.117246024337115 -0.172110095545368
0.00984087957733521 0.00216333781320161 -0.139964766975231 -0.157449226508901
0.0282629878806345 0.0052881800717867 0.115119888601184 0.0942215132755423
0.00820595243163568 0.00983481565654951 -0.131921184643737 0.0494305364452821
0.0133064608215786 0.00644149933494098 -0.362822892920105 -0.225218883262651
0.00496602585158685 -0.0248364496499726 0.0552782154670025 -0.543940009745157
0.032950322333648 -0.0476105402910429 0.740711520187303 -0.207385753775072
0.0361846531301314 0.0289208406184513 0.611540593272909 0.648305114231909
-0.015823726068756 0.0487526006811138 -0.0686345023258256 0.644384390530521
-0.0255655831865764 0.0414261573488177 0.0640534495357841 0.00980668746937367
0.0331173403386986 0.0356661222512231 -0.0835090914592318 -0.630766598394931
0.0317506617687754 -0.00596250197695383 -0.818758217667435 -0.337055333208795
-0.00727754056247801 -0.0217548843777568 -0.583382081834948 0.584126386954544
-0.0109578358751793 0.0193867846729977 0.273107440289548 0.58312286502192
0.0212950530705267 0.0287706317728546 0.424961691068232 0.0574874013481292
0.0258477836495299 0.00318794388395447 0.131394443604688 -0.157027731844954
0.0157512095204024 0.00369577870150008 -0.139540404895465 -0.151077778518612
0.0316595268223749 0.00455032925900703 0.115971965300283 0.102816743928681
0.0160676129165203 0.00845261263729932 -0.119936611174618 0.0693945565849003
0.0206600254737812 0.00811310178916812 -0.378896914360939 -0.184171631954139
0.00652324309768141 -0.019169889893892 -0.0175177129768611 -0.547229051638925
0.0290329758218621 -0.0514311147859407 0.692553793991983 -0.313422281562391
0.0479686742787199 0.0239005208847141 0.681573161826999 0.546451622391806
-0.00530903320624019 0.0600483894397419 -0.00849019594362144 0.649181645657307
-0.0269021443055919 0.0558985423934806 0.0607278136174427 0.0359347420084463
0.0365734798215811 0.0472573182043631 -0.0252309123684012 -0.635348017759851
0.0410469921632147 -0.00317174400498441 -0.780565630114875 -0.449727641115713
-0.00169306157317877 -0.0228411097082678 -0.670613726316717 0.502899873696222
-0.010012166246784 0.0217548226366528 0.198254717728187 0.614299766682783
0.0253003018848096 0.0331104504193673 0.425910324412425 0.103525592194171
0.0311840615542488 0.00567029408620927 0.150230377501842 -0.136449478926033
0.0185426217552293 0.00439559347966632 -0.137258822659154 -0.142884221942823
-0.00252962266713168 0.00166534972088238 0.108442930513222 0.11185532432539
-0.03778916093059 -0.00204390376082249 -0.104585125500799 0.0905278137525711
-0.0516388828652893 -0.0145004066573321 -0.393042392405768 -0.146637441430883
-0.0405619867213964 -0.0388444263984908 -0.108306990221662 -0.544099224566266
0.00106133717754419 -0.0378767833987857 0.630725631383378 -0.403160102424777
-0.0151723060939799 0.0198190748013706 0.748538563934492 0.440844964451559
-0.041572285968173 -0.0451127816453038 0.0613083833433192 0.651605336914535
-0.00841388562085808 -0.077171476918691 0.0705169198923795 0.0701428722475024
-0.00878303940160146 -0.0410373294619955 0.0498430309183006 -0.62593173546139
-0.0244754045256042 0.0136266002856317 -0.717573735177583 -0.562086759514632
-0.0212255171071249 -0.00653702872875446 -0.748240869743313 0.41004206435371
-0.0613026002679299 -0.0100866752804042 0.12491502199942 0.652846761520515
-0.049346120841941 0.0102893456886959 0.419913135886434 0.145484869452994
-0.0241383445046376 -0.0028006815048915 0.171553451857511 -0.125435723936614
-0.0166408062670137 -0.00750988953704279 -0.1331594018078 -0.136842713041423
-0.00185738370989303 0.00266341164859779 0.108856755391011 0.100463550490522
-0.0389304545550754 -0.00194741340308147 -0.122207753183608 0.0676083987431776
-0.0469506886377516 -0.0188869381026381 -0.38085194659256 -0.196657973324625
-0.0307254583990367 -0.0462848032296205 -0.0214866781434381 -0.549558954711199
0.00913929603486981 -0.0382965556146845 0.701076897405403 -0.291977174895943
-0.0176840247000596 0.0188105094602595 0.681818963211727 0.564349553195155
-0.0389490608595285 -0.0447346725285344 -0.00955896739212287 0.65359774333911
-0.0109955738210363 -0.0701626450204224 0.0725238596840007 0.0396044707952154
-0.0108052433981367 -0.031668863849942 -0.0198666340080478 -0.629863435519524
-0.0202746821940909 0.0154568364164709 -0.7839335861356 -0.432837139140539
-0.0227071554767995 -0.00769181887591807 -0.659749866519012 0.520276985384658
-0.0561044912115878 -0.00297550616333434 0.218442055138572 0.621717392242833
-0.0409758886468254 0.01616925984536 0.427868000360628 0.0917325533660988
-0.0192245156348463 -0.000875530492543991 0.150660293842695 -0.149276417012423
-0.0135980191490546 -0.0050535933090013 -0.135876842157857 -0.145440828837826
0.00163720771781467 0.00241758940148868 0.109214307765851 0.0919229149001233
-0.035654330085805 -0.000525425525777951 -0.134438573387343 0.0489037917111686
-0.0375447531598179 -0.0192772544461139 -0.3658209334215 -0.233319777316179
-0.0194268842381869 -0.0483346945504193 0.0527204578074842 -0.546087284502174
0.0164466539136434 -0.0383385159058655 0.746918472066854 -0.188204642989914
-0.0139903358271339 0.0189019020211015 0.609732733125803 0.661143310041042
-0.034557502220213 -0.0349157447124409 -0.0711451960928702 0.648646246757765
-0.0135324946199439 -0.0540062775688453 0.0726480226991012 0.0133835932236022
-0.00600510942530301 -0.0202279586245331 -0.0784632234428986 -0.628206077549508
-0.0126562701157499 0.0130767704762908 -0.820449488174638 -0.326489642741067
-0.0227722660987755 -0.00979204849114403 -0.576658430285045 0.595723144495537
-0.0489175922847373 0.00355148384197091 0.287359440138014 0.587003835098936
-0.0282043265137517 0.0219588267677787 0.426955349745154 0.0457768561667945
-0.0109417656005383 1.21947095860463E-05 0.130329987349271 -0.167470408890991
-0.00866518890899719 -0.00375745237553448 -0.138564055205686 -0.154686382244904
0.00728612675148428 0.00240878400715666 0.110733111938109 0.085958248321966
-0.0267702584121828 0.00260183623580455 -0.142767548502907 0.035167229732326
-0.0247753105858292 -0.0143934162699459 -0.351631371793371 -0.256013048671994
-0.00920490440459048 -0.0460955464235226 0.104630047036299 -0.53581879250373
0.0239215626676754 -0.0390877743755764 0.769597160089986 -0.118407080607376
-0.00618964906733041 0.0209280152398708 0.553438686698753 0.720947395644531
-0.0308107017811611 -0.0178431865659453 -0.109351159049271 0.641059709776971
-0.0165702575770258 -0.0318447204124846 0.0723724476077072 -0.00530994353127494
0.00182043111065536 -0.00643628421473765 -0.116003705744669 -0.623097523648494
-0.0019862953693445 0.0083024588853124 -0.838161841485194 -0.253578060584003
-0.0213357399080961 -0.0129405439537756 -0.518255427014721 0.638509263820088
-0.0372308578787082 0.00914344939505539 0.328091977582742 0.560316363013786
-0.013436430926961 0.0240026117836483 0.42399438219422 0.0181844569377137
-0.00160004207187129 -0.000153600088504496 0.118119543286072 -0.176777158046614
-0.00318407880122701 -0.000352158818437582 -0.140159694390437 -0.160042666613255
0.0140736608715273 0.00416734770257205 0.112627768123557 0.0852081344974986
-0.0161413055479512 0.00647767507120073 -0.144137186791756 0.0315473516164441
-0.0105467619257646 -0.00735819286516497 -0.347649047196762 -0.262072984500437
-0.00129402441799958 -0.0412729433192761 0.122914661213435 -0.533679407664507
0.0303545982842582 -0.0408533794100053 0.774853535999739 -0.0968825891020833
0.00647648889198761 0.0262042351157047 0.531868129144604 0.740213163181702
-0.0283735231390227 0.00624562574520491 -0.123487392111832 0.638569991668405
-0.0205356065600759 -0.0064972224228074 0.0704779569249309 -0.0114024982029415
0.0130612567556834 0.00782073399597175 -0.131338987514371 -0.6212286163196
0.00967611502883911 0.00118591788206144 -0.841227593601059 -0.233724529476085
-0.0167470775697051 -0.0152414912457603 -0.500175550761812 0.649481822296572
-0.0267819725819305 0.0135546439850923 0.339466109550666 0.548742997986896
0.00125892729384514 0.025726630034303 0.422904048574605 0.010999247203692
0.00872554545460503 0.000215793052211834 0.112984680213382 -0.178314095395121
0.00288540924329094 0.000325349072495368 -0.140363147394334 -0.160953540986313
0.0212680819390587 0.00519364911489638 0.114002810544819 0.0874884428652787
-0.00345357870276948 0.00955538029754421 -0.141782364609295 0.0360370486012831
0.00163905124927967 0.00124547001252412 -0.352157310102427 -0.252098255776697
0.00322903772192212 -0.0328406583646052 0.1061934385859 -0.537480318017162
0.0328257864170089 -0.0438211250228125 0.767460005147067 -0.129915072629318
0.0216117187882739 0.0287335771090863 0.553522875297736 0.714818871044133
-0.0240404863986586 0.0294572831485776 -0.109570388017506 0.640320944203958
-0.0236924119624117 0.0197924645377684 0.0676839641281483 -0.00583321437331535
0.0250661908173575 0.0210440931551975 -0.118557071068475 -0.627857506713603
0.0211832340353479 -0.00491635208103387 -0.837842706422069 -0.263640537020141
-0.0124797123423706 -0.0192434641191537 -0.527501331642849 0.632558276197445
-0.016188716669225 0.0168792521133636 0.320494157184596 0.559700040556892
0.0132722976483643 0.0269114812249234 0.424184727948179 0.0241979125658959
0.0179949780325857 0.00131617695601516 0.118925048357895 -0.172534279335869
0.00917289526679345 0.00241136428148279 -0.140493363905818 -0.158617059164913
0.0275702566917242 0.00491411922431999 0.114964052295685 0.0939051820129403
0.00691146850904955 0.0104338319436407 -0.135358924404265 0.049859338919209
0.0135276848799579 0.00690961494632758 -0.364796476423059 -0.22493953827707
0.00537522269555959 -0.0258845237027512 0.0559964364955931 -0.54668010037717
0.0327631294466094 -0.0474548538082248 0.74312462620207 -0.205393668590312
0.0362105057859151 0.0286068386657556 0.61150821424078 0.65165048484051
-0.0164130446724436 0.0489181363930144 -0.073167475602054 0.646293313915316
-0.0271038439941099 0.0407809175919708 0.0635804250134904 0.0112610578978725
0.0331304341693189 0.0349165266262639 -0.0816058628720373 -0.631616541155578
0.0328914353609309 -0.00732733815461815 -0.821185662120731 -0.341954078028779
-0.00696389506549548 -0.0217387559232401 -0.588792323982848 0.584734066102009
-0.0106885703809021 0.0210424887542501 0.274838472264138 0.58798661934767
0.0217162166847857 0.0301867652011249 0.427546685788467 0.0584053371417154
0.0257985285382967 0.00366547932061868 0.133168545654969 -0.15784894640043
0.014068056961918 0.00362483225072647 -0.138285531806186 -0.152843512308951
0.0313360647674419 0.00429690632430801 0.115476387757581 0.103038828770732
0.0165552811085007 0.0100927663194195 -0.121787370674643 0.0681890051397781
0.0200998361657355 0.00814701488134048 -0.380379454247566 -0.184412740477816
0.00562997189418535 -0.0198392315009699 -0.0163762968608577 -0.549042775058192
0.0286114871397669 -0.0516339830547107 0.695188208044917 -0.31276867847399
0.0482117043418458 0.0246679381951161 0.6828468893747 0.551130370661264
-0.00633784023444491 0.0595271247028028 -0.012190825135327 0.651664923437544
-0.027494242265627 0.055654139285174 0.0610328116933599 0.0363004710292905
0.0361019441761719 0.0472815657343787 -0.0232484782201337 -0.63804267414651
0.0419134844725455 -0.00294980125816081 -0.782343778560337 -0.452340249697062
-0.00158455749550205 -0.022834502403605 -0.675585294002444 0.502911046109272
-0.00993459569696725 0.0215167523724709 0.198605593176244 0.618260236639353
0.0248788180799291 0.0330369075562419 0.426150145781915 0.106089775633305
0.0310562218302899 0.00572023858714643 0.152487088468197 -0.136868075601579
0.0181803049756866 0.00466785002806486 -0.136590310206776 -0.143190419298086
-0.00251128636165636 0.00188854564644822 0.107871011526653 0.111878728284711
-0.0387837219928552 -0.00177306698033589 -0.106677297688723 0.0906219303216162
-0.0517798211926574 -0.0147173470777403 -0.395651513576474 -0.148818556052952
-0.0406297220631148 -0.0402926551451134 -0.108500176320952 -0.545868570009266
0.0016975077068985 -0.0376196945973218 0.635126563985199 -0.4011647215621
-0.0152148887024539 0.0202823339969398 0.750157401210924 0.443143070438572
-0.0418944491389893 -0.0453265544195828 0.0606231738837203 0.655408334941228
-0.00895967729423972 -0.0776329919372944 0.0702974194626544 0.0702793371528619
-0.00886165907367711 -0.0429833552359861 0.0528606148469518 -0.627427497755444
-0.0248403320886092 0.0137392024687104 -0.721112619434846 -0.569403758968412
-0.021656050330014 -0.00671978267684578 -0.754518949809276 0.41034989182479
-0.0609325814431743 -0.0098135217365481 0.123167465308087 0.655572564039589
-0.0496719612323233 0.0109599201056494 0.422308359074483 0.147003005579479
-0.024594229320117 -0.00267355168489649 0.174133791967363 -0.124675995338604
-0.0167310293269221 -0.00693677819796333 -0.133931246427189 -0.137119856102579
-0.00237782771927248 0.00176688052947959 0.108433778126756 0.101685760741205
-0.0407873745074838 -0.00252065864487419 -0.124441176634042 0.0675628087960353
-0.0480092821220751 -0.0190198493353048 -0.384500515584656 -0.197681639954721
-0.0303902770215036 -0.0478222431627699 -0.020063341444312 -0.554495746688591
0.00859112364946513 -0.0379208061071075 0.706018422897172 -0.292156973781068
-0.0179321490947779 0.0185139963652321 0.683101035407766 0.567132078273909
-0.0385359551738867 -0.0461689126999203 -0.0134404391345616 0.655729700687725
-0.0108524630031019 -0.0704500808934612 0.0730116646523188 0.0396022525493116
-0.0108917744158096 -0.0325339029367625 -0.017053848718136 -0.634786113692086
-0.0207723921934032 0.0153463953273611 -0.786345538452895 -0.438462273395183
-0.0229722692635326 -0.00770882875407473 -0.666156213434993 0.523192288191881
-0.0573772298055325 -0.00282078911502696 0.217753994551055 0.62422780838059
-0.0405234536462908 0.0164122147902407 0.4289616593253 0.0917094111123351
-0.0198105158581734 -0.00135543478283832 0.151891421918097 -0.149404194611725
-0.014161180734516 -0.00523060847177725 -0.137036827700109 -0.147086939341102
0.000977396342341772 0.00178826831055036 0.109672302906282 0.0924962512938218
-0.0365966357748171 -0.000251224952622702 -0.135807637283372 0.0474801127448798
-0.037903358227975 -0.0195082145089139 -0.368342723512971 -0.235644829319857
-0.0190043352240149 -0.0500823170142455 0.0544618244164417 -0.548256563882951
0.0166821907131314 -0.0381383181480305 0.752863828332351 -0.186856548611195
-0.0143103519724061 0.0182372551076738 0.609739324026156 0.663518920936909
-0.0345924931594342 -0.0358707493001203 -0.0726826743216223 0.649469386865206
-0.0142347745356369 -0.0542165973203331 0.0733331255032811 0.0143927035198203
-0.00706830521569861 -0.0203986272378602 -0.0758591477208513 -0.631829603167888
-0.0120543261758776 0.0125845541936083 -0.823600905841457 -0.331174284672023
-0.0229809465509005 -0.0099315672929705 -0.580897412206938 0.597773453256539
-0.0494122644616481 0.00438765633715404 0.289199416266672 0.591237259852256
-0.0284029194926367 0.0217789868166329 0.429739667145841 0.0489405751651302
-0.011967048952874 6.59165215575585E-05 0.132209499364536 -0.166393465054485
-0.00983312211739807 -0.00300911463762612 -0.139356307427578 -0.155307179014693
0.00742743669904558 0.00317415260340443 0.111145456629001 0.0875235837433651
-0.0279063493021935 0.00228599768374228 -0.143779433343762 0.0352475465527898
-0.0248873390580168 -0.0153381483093692 -0.354333846989568 -0.25715473972405
-0.00913608520858433 -0.048069489646775 0.106460412149715 -0.539724914252558
0.024379458519595 -0.0389428582332315 0.772966583872886 -0.115276243323662
-0.00536684986557691 0.0211772043388269 0.553375380852308 0.726664949642219
-0.0315498528028424 -0.0181996682769864 -0.112218178179651 0.643125009263828
-0.0175578249079067 -0.0323339687917704 0.0726040695333679 -0.00350941026239765
0.00213768720915715 -0.00680919014980531 -0.114214871225922 -0.628172655457638
-0.00206408412081015 0.00763058509581715 -0.840550981674357 -0.258772371343656
-0.0203424477177758 -0.0122541057850653 -0.523830980195685 0.642059634992672
-0.0377970355578003 0.0101349589571227 0.330168436901868 0.564369543105688
-0.0131189547654859 0.0240930467782087 0.425432262547739 0.0199674128475316
-0.00214132797187259 0.000201121723448694 0.119520083384732 -0.177037458352131
-0.00360764505905864 -0.00118537020751561 -0.140143848801605 -0.161166387823988
0.0139005437104842 0.00380905227240685 0.112464664953091 0.0856405042111745
-0.0166440078449893 0.00683677289316303 -0.146171139737076 0.03097066279985
-0.0106704733727721 -0.00741176616019658 -0.34959367418947 -0.263587020822486
-0.00236046433252667 -0.0416477073856138 0.124459328687546 -0.536280045079246
0.0300023976036497 -0.0409476296024497 0.779397996992561 -0.096003005901866
0.00657659672338085 0.0255620007845956 0.533244362079979 0.74562782575359
-0.0290764120614267 0.00573479787968171 -0.126216305551462 0.640153583625973
-0.0212485989544818 -0.00694667241129367 0.0701041664151755 -0.0112155066785099
0.0131496749395969 0.00654696834828892 -0.129193259378635 -0.626302101140133
0.00952111538489775 0.000677689133679368 -0.845899077739967 -0.237382576026665
-0.0169179305856194 -0.0159922172998198 -0.503421340242795 0.652402594554693
-0.0265922461218254 0.0139002875886996 0.340731875494118 0.552794588221054
0.000762897790739871 0.0256708512160834 0.424925510485067 0.0108744570865825
0.00793537212886949 0.000311500819523036 0.114020607955375 -0.179015912463084
0.00324516201884165 0.000450144794380276 -0.140590221822318 -0.162475920211935
0.0204764500054645 0.00466554454571816 0.113808272240182 0.088717670538553
-0.00349331474271626 0.0104114352003776 -0.143882806749155 0.0361394843557125
0.00140175680254477 0.00106957083660057 -0.353475270108545 -0.252453799001775
0.00258259786135755 -0.0336491403200362 0.106241063675154 -0.541164787864573
0.0330466439021608 -0.0432186608853035 0.772395612906599 -0.128415673012046
0.0214027669814084 0.028853252603264 0.553904230966383 0.720011297780299
-0.0248456640522289 0.0297894594181313 -0.113710099891223 0.642927196418418
-0.0245337958814483 0.0191075847640739 0.0680301447038804 -0.0051231569312563
0.0245486025077527 0.0209578858727913 -0.116104940905965 -0.629799554318284
0.0218738370943226 -0.00414949467321443 -0.841929867540048 -0.267867604750909
-0.0123693940671471 -0.0187004587412887 -0.532705919117758 0.634196299980143
-0.0173605237015144 0.0170358652283439 0.321220437921461 0.563900135010881
0.0134813983277012 0.0263514616534488 0.426540910820028 0.025957177410126
0.017299794055829 0.00160979097229699 0.120475426856893 -0.172278150174983
0.00927142349100131 0.00258409525116131 -0.141366912355186 -0.159560641035588
0.0270301168546812 0.00407940781487683 0.115213008261449 0.0946921915920282
0.00733912309595075 0.0117639426199068 -0.137055967516456 0.0488264005704489
0.012877379641026 0.00610255763598766 -0.367009310848078 -0.226490376420256
0.00485361493196752 -0.0255880370785835 0.058909167136133 -0.54779065423229
0.033394656473627 -0.0471256714971067 0.748256854155951 -0.20595399057745
0.0356863533211076 0.0287641569003546 0.612899583256167 0.655923021550016
-0.0173433425846287 0.0491377091380108 -0.0740849073090827 0.648182499533396
-0.0264947743741317 0.0414571904798353 0.0644385371682641 0.0115159282030924
0.0330957190500505 0.0348190693716198 -0.0797251356246441 -0.638727603451946
0.0334231069484935 -0.00657491793336795 -0.8251735261883 -0.345846901854583
-0.00687478081571188 -0.0212521215197283 -0.592414125380764 0.587333128643168
-0.0113168158179998 0.0196029529830209 0.273239830054554 0.590199623259164
0.0223504096504914 0.029354408427022 0.430327029397759 0.0595115330463821
0.025325720500076 0.00350884343904748 0.134071809753616 -0.156867896077917
0.0145989685839321 0.00360629706773697 -0.139245402507079 -0.153284772962135
0.0314457576634291 0.00401429510801532 0.116034705449453 0.104551626360101
0.0159943507215574 0.00957036090064608 -0.123697098836755 0.0685509557132037
0.0206603897182111 0.00812917391358531 -0.383400014120735 -0.185731534864202
0.00568609973022716 -0.0199551491203434 -0.013769295874505 -0.55368981338741
0.0288330560065233 -0.0511747547569442 0.701217892447667 -0.312520544983341
0.0484008814270514 0.0240375338686991 0.683568341938787 0.557162981612343
-0.00674090103970721 0.0599175022509208 -0.0144602972173279 0.652972495234009
-0.0286378946731713 0.0558965091836182 0.0591693054566199 0.0379547827554149
0.0359395329941408 0.0468668785082249 -0.021271402166781 -0.642720061525472
0.0431965937467851 -0.00417841189660285 -0.786083689470951 -0.457993607990274
-0.00163785894135787 -0.0226847682921018 -0.679121976290183 0.503642224600754
-0.010862515742965 0.0214284411875626 0.197843924902724 0.620601379120596
0.0251722652437463 0.0334059694058049 0.428304192971955 0.107323411409941
0.0310264042398001 0.0062712840723815 0.153844815268101 -0.1366101860515
0.0182342614113555 0.00533203600428689 -0.137052081101222 -0.143442122559089
-0.00348136998910252 0.00202553637319057 0.10832532646963 0.113236454116454
-0.0388439418724348 -0.00224236857499828 -0.108155015259801 0.0900062461578514
-0.0526844623253224 -0.0147909400075647 -0.400010656119164 -0.149129077335178
-0.040482640203353 -0.0408397785062161 -0.108272393852796 -0.550172438914923
0.0010631356847703 -0.0378903458097873 0.639340855914271 -0.405200230289243
-0.0158121255378508 0.0200260433807845 0.752888852697255 0.447399735176813
-0.0432051029677967 -0.047038751564845 0.0594238156963627 0.659739291435421
-0.00911455580453879 -0.07854016637586 0.0708851606725451 0.071129989905732
-0.00866840549727736 -0.0433364516036673 0.054011052397625 -0.632440774276247
-0.0251076372151018 0.0136245804089479 -0.724972844248433 -0.57331156479517
-0.0217232873952682 -0.0064282936520026 -0.761171210720982 0.412071926358659
-0.061269274200178 -0.00990171929024908 0.124442234350135 0.660597965370526
-0.049936973572281 0.0102796753775591 0.425813504693139 0.149710371756403
-0.0257075336270753 -0.00364769599780544 0.174638675694914 -0.125039610877434
-0.0168760905155805 -0.00724595388611598 -0.134257928288932 -0.137546365804363
-0.00243660637892845 0.00167807479088795 0.109067484402552 0.102467356952409
-0.0407862388118627 -0.00154059516663928 -0.126091035842366 0.0672550457542207
-0.0487484327202075 -0.0191437591067606 -0.389169164761506 -0.198393636471786
-0.0310933781919 -0.0485027157695661 -0.0187870749429006 -0.557714267620669
0.00902659436112896 -0.0383477997438848 0.71060448645855 -0.291827116499961
-0.0175915553193626 0.0187824686046627 0.687144514260633 0.574113577920224
-0.0392681807258339 -0.046566828141925 -0.0138318671455507 0.659223529844932
-0.0109036885030955 -0.0709614769380133 0.0729199408733095 0.0403598832709109
-0.011188563633935 -0.0332195147143064 -0.0164072899120335 -0.637987339590517
-0.0204228340946815 0.0148452569092559 -0.789902185680647 -0.443765401457189
-0.0228105843204972 -0.00737264507056666 -0.669592741464274 0.524445953919956
-0.0576631922793279 -0.0030664954313046 0.21773835268461 0.630309125722909
-0.0410688516780734 0.0165032478829449 0.432233428810022 0.0941228937040513
-0.020154770853458 -0.00166847402004272 0.152699816183006 -0.149352481992712
-0.014460457623758 -0.00540217694319715 -0.137462759797671 -0.147931808390325
0.000290610422930333 0.00156278099173721 0.110501530878792 0.0931304549756787
-0.0370529562721304 -0.000600300932132606 -0.138232530979442 0.0467413262497295
-0.0381830264502162 -0.0195414086542272 -0.369932239971019 -0.23811445423898
-0.0195485579510432 -0.0511058213444159 0.0572075750466767 -0.553367920824414
0.0166664140958482 -0.0387142483744639 0.758770282803355 -0.186900870998961
-0.0139709328865486 0.0184481290980645 0.612320148235155 0.670490737675223
-0.0349786750635792 -0.0367773741352114 -0.0745330272075099 0.655769556025569
-0.0146316756702002 -0.0550095731581625 0.0739862961898689 0.0146980773688189
-0.00692148921204865 -0.0212911640057182 -0.0749606377399253 -0.635474474448972
-0.0110894435841037 0.0127010620335825 -0.829029388748261 -0.335133880823414
-0.0220364169871321 -0.0099698471841831 -0.587906689706689 0.602584975967453
-0.0494592802391046 0.00425281948059259 0.289857015168352 0.595601391859666
-0.0285880957085372 0.0209808783688765 0.432420589329796 0.0481389512508793
-0.0128755542579895 -0.000507239812802183 0.133581798422237 -0.167337160632766
-0.00942741398025238 -0.00308580873819163 -0.140376976228452 -0.157085758585899
0.0058231764927726 0.00274113737015914 0.110599925139467 0.0880371526061881
-0.0281302204327573 0.00304067502368364 -0.145907552188771 0.0346914427627072
-0.0253548591169007 -0.0159720474499341 -0.35757362781011 -0.259529741498853
-0.00922851876106689 -0.0490690425502098 0.108224211783507 -0.54273955041259
0.0245370631692037 -0.0390586573067821 0.779745045603137 -0.116142478759894
-0.00551375727542596 0.0210981405756877 0.556760293702458 0.731764420844752
-0.032387619977806 -0.0190890797350632 -0.114311438143598 0.646861822831342
-0.0178923471235281 -0.0328676020348257 0.073155517501068 -0.00411108137362602
0.00130307529186654 -0.00707374012667649 -0.112740666066222 -0.631041579242656
-0.000936763016865049 0.00695245321622626 -0.846454134942173 -0.262719351759955
-0.0204513318595538 -0.0130831179558877 -0.528030087171435 0.646504403605165
-0.0387751844298169 0.0102291463500207 0.33088553464183 0.569415363097296
-0.0136394341518052 0.0241808305960821 0.429992006057395 0.0194486114214841
-0.00268189491250226 0.000105333929360588 0.120516734930702 -0.178138502953224
-0.00372636478391769 -0.00134627220422625 -0.141219858865997 -0.16198031031319
0.0127756276466633 0.00362685325711578 0.113172730618614 0.0865497786179388
-0.0171442757288067 0.00825602737081577 -0.148046742315723 0.0309894001790047
-0.0114136444711433 -0.00673845625291734 -0.352125817413894 -0.265561606043833
-0.00147755605632254 -0.0432125940475468 0.126600646319385 -0.540366514267127
0.0301949873933772 -0.0403607953399353 0.785411885732881 -0.094751482014079
0.00647138471262759 0.0255333810116703 0.53560413518695 0.752074898727025
-0.0287066444711064 0.00482682873567193 -0.127397444585042 0.644750464417985
-0.0217370120445628 -0.00651861730209447 0.07114497311596 -0.0107379336224154
0.0132396272620781 0.00627662201601823 -0.127664935086949 -0.632206952752441
0.0108140995866694 0.000886248968365796 -0.851929692344279 -0.239845165852844
-0.0168758825712691 -0.0157505575768699 -0.509894892238691 0.657394850045067
-0.0263623261765871 0.0140428787736449 0.342481320220366 0.557127956743964
0.00119512252986323 0.0256651525541551 0.428347114800571 0.0114223618051375
0.00781553737401172 0.000670981006372367 0.115864787309945 -0.179533662104861
0.00273095775137646 0.000922049265966224 -0.141936203857706 -0.16352567900777
0.0204568679174524 0.00400667098844646 0.114073211232179 0.0893637580175654
-0.00476808401732159 0.0107386542150796 -0.145718852605923 0.0353550849367775
0.00185223778284722 0.000583396809981828 -0.357663061017986 -0.254626264248641
0.0023628763192469 -0.0342838432459523 0.109414178312212 -0.544984779386642
0.0337288696935416 -0.0436272977129633 0.778150699152569 -0.127526745263707
0.0211525629112524 0.0297622510430828 0.556311997645162 0.725868032351364
-0.0253439906624408 0.0295454050392261 -0.115491198898052 0.646219841958768
-0.0248553923344498 0.019439524178456 0.0679394773152139 -0.00530902574087071
0.0238600547689843 0.0205306575707542 -0.115385622485737 -0.635842142858051
0.0226882252817181 -0.00494605668444154 -0.848440569715473 -0.271812262003137
-0.0119951841392894 -0.0186896566802028 -0.534453487704774 0.639628298080463
-0.0168431068363286 0.0173639958571584 0.322885685836304 0.568270087777889
0.0129679679729811 0.0268685142240774 0.430812054020836 0.0265799839895827
0.0172325333467125 0.00112950596447841 0.121168136682595 -0.172769496500917
0.00902081478158865 0.00300167694250606 -0.140912647849762 -0.160778861874125
0.0268925198921463 0.00400234453095369 0.114767036274375 0.0961881816632355
0.00716007569429242 0.0123855047204656 -0.138915363914051 0.0488173815637649
0.0129692189769555 0.00690298356927909 -0.370780641595908 -0.225019012542579
0.00475325123662008 -0.0266056993807618 0.0593760416590787 -0.553289929082791
0.0336252456289689 -0.0472638874125522 0.754795189323959 -0.205381837613627
0.0364274023825037 0.0283559357616337 0.617453358229028 0.663469952258113
-0.0169058283866323 0.0492338262133953 -0.0763000484022369 0.651090269479515
-0.0272493711149632 0.0418516925567546 0.0638224879656371 0.0117260099564081
0.0326702699966948 0.0347574774994386 -0.0778750939066306 -0.641613047946047
0.0346062389652248 -0.00723434983314028 -0.830880389420187 -0.351867691662487
-0.00637558652044645 -0.0215397136978137 -0.599766316654657 0.58934690564863
-0.0115010968591026 0.0202421760164432 0.274411624644147 0.593883106947425
0.0217964012847338 0.030125359222996 0.432237391577905 0.0597154361909166
0.026068304130587 0.00316887916696978 0.135582415351356 -0.158063107856419
0.0139730483647055 0.0047817603870881 -0.140032862412551 -0.154198959368732
0.0311397704801778 0.00354743976505701 0.115487016870367 0.105370509589455
0.0152131847902785 0.00991303307306366 -0.125160512195972 0.0683710960103452
0.0204058431422227 0.00890089157815316 -0.3877313369265 -0.186399130974436
0.00552669432708082 -0.0205163285826897 -0.0135575621086674 -0.555147314093558
0.0297276758985012 -0.050699026358428 0.706762750972406 -0.314692956186954
0.0488486101942015 0.0241667103170882 0.687813543620252 0.56192024471926
-0.00697179803928986 0.0601323960294227 -0.0152952464260117 0.657970717897268
-0.0288638628402444 0.0565016445263509 0.0601998836521884 0.0374423421333254
0.0351878950244606 0.0469957623979039 -0.018785831880005 -0.644833399158212
0.043594910683687 -0.00368151271782856 -0.790812405634196 -0.463478977888984
-0.00103055580768449 -0.0221101991421863 -0.684172848834439 0.507512474466102
-0.0106824568957838 0.0222420218904827 0.198706686820099 0.627182469592754
0.0255737898398904 0.0334152224393349 0.431882206060114 0.107909638810401
0.0309905449996948 0.00601269224267193 0.156040390295655 -0.136943899552902
0.018104292129584 0.00579456806238867 -0.137856618893421 -0.144652694835625
-0.00413069454839827 0.00109582578394123 0.109810620834404 0.114160038655478
-0.0405570942950328 -0.00183615291866609 -0.110209399884556 0.0891882073001194
-0.0529685837962046 -0.0150787638847329 -0.404533317312464 -0.150319928260601
-0.0414211074831476 -0.0421250337808316 -0.10745937153739 -0.554653489945589
0.000369015429993226 -0.0385540058376063 0.644736837408261 -0.407019235431991
-0.0161194572583572 0.0200521339846525 0.760696814492379 0.451254247029851
-0.0431318408990592 -0.0467968173689481 0.0578645933535508 0.6642704858452
-0.00915528597334316 -0.0789118689993506 0.0713637257653101 0.0716352324485685
-0.00836522583506788 -0.0449757553406432 0.0553044129308634 -0.637443514311022
-0.0246358728137466 0.0133329396110173 -0.729062742927061 -0.579975193988621
-0.0219769128606453 -0.00645022632251954 -0.767820635188074 0.416208843313081
-0.0618794921226575 -0.0102612113640847 0.123840155454657 0.666311475573234
-0.050320858122198 0.0104757688562767 0.429196075500473 0.150443677887422
-0.0259336083919905 -0.00415065163103471 0.177229901552735 -0.126085052328931
-0.0170763955554491 -0.0067660528316877 -0.135090784429219 -0.138268127588335
-0.00259130076871146 0.0012270266384744 0.110128368778901 0.102696648571665
-0.0415365513392394 -0.0014550812926863 -0.127877312818291 0.0670953944886895
-0.0488894548474526 -0.0199356784719381 -0.392776778909359 -0.20027179419069
-0.0311933440069081 -0.0490723530115903 -0.0196141980178896 -0.561198232853289
0.00911092155015034 -0.0385770323777826 0.719084709788073 -0.29415991148944
-0.0182123983231873 0.0187108990758646 0.691542874380777 0.575794192852524
-0.0397826817741324 -0.0468462783351222 -0.0149888793943994 0.665840318062782
-0.010688936003635 -0.0720895071103956 0.0731405296286406 0.0409253597567682
-0.0111205192599418 -0.0348813697799079 -0.0148056251241059 -0.642777156244349
-0.0200460120027545 0.0145810473784969 -0.79712903694421 -0.448671006989303
-0.0226777343444391 -0.00709214300314114 -0.675501677551811 0.529581096516478
-0.058598049406331 -0.00225708646160849 0.220591886362766 0.635346392457718
-0.0419082660253569 0.0162942253442312 0.437135412213104 0.0958293900814138
-0.0210833632596257 -0.0013199830423803 0.15485179078271 -0.150695359701334
-0.014695369532917 -0.00477719455842912 -0.138446994242147 -0.148480492975046
0.000398937288785447 0.00140001697770948 0.111829558264357 0.0930727186020666
-0.0381811488520249 -8.6271403319045E-05 -0.140547323192586 0.0470433310058436
-0.038734385600845 -0.019402627150201 -0.375651984463035 -0.23744840917198
-0.0197533958799943 -0.0522090141247291 0.0575305273786954 -0.556491125209461
0.016898384423459 -0.0388775290485493 0.763423810134209 -0.189330560149945
-0.0145538458411984 0.0187752707320242 0.616078512197666 0.675541061463891
-0.0349484941501966 -0.0370955368922214 -0.0748440142543045 0.658242435067061
-0.0158559069482383 -0.0563285090992069 0.0738724418754277 0.0144247329870257
-0.00768767928825771 -0.0212845886934921 -0.0749288286112507 -0.64194091913209
-0.0116615464719598 0.0128833533152106 -0.833201786003145 -0.337326370828404
-0.0229143808807919 -0.00942846275462739 -0.591519501926688 0.607693603801732
-0.0498794093811623 0.00565529476175264 0.292439055088031 0.600362127648409
-0.0285829819199857 0.0216676004345483 0.435860185249215 0.0496883113635437
-0.0127639723964268 -0.000125671154762462 0.135371100498092 -0.168053841674609
-0.00925927358162302 -0.00350642100895106 -0.14125034103715 -0.157863104427688
0.00572520238875461 0.00243257445711339 0.11163302639102 0.0883751713812154
-0.0307842456492945 0.00312586553045149 -0.148225528902666 0.0343556632526486
-0.0258571611475792 -0.0154463508681552 -0.361460981818292 -0.259640379774767
-0.00927666467946276 -0.0494828491845726 0.109540776854333 -0.547407858266481
0.0242830416434569 -0.0391255826221716 0.786141869742066 -0.117633765708279
-0.00604918568130567 0.0218266224130616 0.561704124411977 0.737389632909896
-0.0322915730712126 -0.019279383470066 -0.114614873332679 0.65228388255748
-0.0176822880759314 -0.0328704853432921 0.0728121368477876 -0.00380059175187137
0.00129932282936403 -0.00748328480994008 -0.112202256503705 -0.637753449664427
-0.000740125497758409 0.00682390347410319 -0.853321606806085 -0.265810508241908
-0.0211501526162752 -0.0119908561813732 -0.53183732498168 0.651458534943769
-0.0393978770214122 0.00983076534603853 0.33372605769867 0.572855607501794
-0.0138545007992907 0.0243183297977834 0.433606944559942 0.0206381458300687
-0.00337078195778389 0.000450499477749434 0.121936755988446 -0.178576096289857
-0.00431149051988752 -0.000176200436779305 -0.142383865320202 -0.162894250075906
0.0132835793219728 0.00332760413882803 0.113938214241845 0.0874387834683966
-0.0170353925413264 0.00819667313222876 -0.150016458229995 0.0310645351163178
-0.0116600172636496 -0.00723960573965743 -0.355864823961961 -0.26609583701297
-0.00262993931139473 -0.0435116701165249 0.127161363818688 -0.544922170340658
0.0302365171012651 -0.0410198609465334 0.79186823979688 -0.0958196816296904
0.0061044501587722 0.0259608788436414 0.539235828960376 0.755760623603753
-0.029783250723931 0.00496447987720598 -0.128493462070148 0.647965115079334
-0.0212834027172853 -0.00660932276066065 0.0715358581670594 -0.0102293425592128
0.0130808256587251 0.00597243613379802 -0.128843361997129 -0.636992278767734
0.0112695933697721 -0.000194598403568703 -0.860156069231429 -0.244547638607936
-0.0175342472224362 -0.0155809821663299 -0.514936319462234 0.663990754950813
-0.0271558670944237 0.0140275949721861 0.344900516195415 0.561668152662648
0.000942968920042343 0.0253602363009117 0.432292770881073 0.0108226628885219
0.00682389880123815 0.000209199394888322 0.117259773354346 -0.180598833073477
0.0029759254979986 0.00124956677898625 -0.142595023770527 -0.165145030881411
0.0205112729628659 0.00417839050962181 0.114668434080859 0.0896547498699918
-0.00487345658303682 0.0118336004142159 -0.14837947998353 0.0362838654352762
0.00194599227335926 0.000739996718025437 -0.361239879844476 -0.255551872013245
0.00239319453345916 -0.0349304240987117 0.109112503228352 -0.549655798670326
0.0342738278614198 -0.0440610955676679 0.78565514638361 -0.129618956246001
0.0215697185540656 0.0293077905733551 0.560572280317185 0.73226874450025
-0.0259692072744137 0.0302251542656849 -0.117505646958814 0.651000759450587
-0.02519857155531 0.0189243818196938 0.0682987221665738 -0.00509964514405714
0.0242439106503044 0.0203224805937143 -0.115573002344988 -0.641373547790157
0.0237401573170452 -0.00543671983760536 -0.853992525526916 -0.273952486736111
-0.012064074029353 -0.0191937768105264 -0.54162920810085 0.642221161904549
-0.0177295097041371 0.0177345692376695 0.324943944831085 0.572591222538415
0.0140022626527894 0.0269760796359326 0.434965950536454 0.0266343999462133
0.0169829165640953 0.00159700079390648 0.123992392046017 -0.174241790408919
0.00963105281933939 0.00250409394504777 -0.14335287170891 -0.16233139422404
0.0269434520294579 0.00388935772680316 0.115534049630315 0.0964717984973274
0.00654290987242418 0.0129737564223213 -0.14046079442522 0.0494675675667459
0.0129299091112208 0.00710289579564982 -0.376007350280179 -0.227454317447867
0.00454854790063255 -0.027300262866761 0.0587540298541342 -0.557521797941886
0.0334990681140205 -0.0480577216380293 0.760457612188371 -0.208314544590308
0.0365966657871603 0.0299400874837269 0.621223566928826 0.667858056551668
-0.0177875141074379 0.0494634036721562 -0.0765427559861782 0.656579859735812
-0.0278165962046492 0.0416343730619691 0.0639042362855917 0.0120627174647316
0.0320908295977693 0.0341303867583409 -0.0772813365571061 -0.646563569036537
0.0350297120888878 -0.00704754548516951 -0.836975370569958 -0.353178930288158
-0.0077336584622228 -0.0206004503829627 -0.604098281543657 0.594309784559353
-0.0118127398927577 0.020214622480541 0.276942457403334 0.598561162820537
0.0224151892380055 0.0292525375914494 0.437080111788231 0.0606075320285732
0.0254262808894123 0.00351450240761495 0.13776577104044 -0.158783247710032
0.0153591413279172 0.00425799271361691 -0.141347853498376 -0.155134494014229
0.0307496263616133 0.00319438568146424 0.116591393518376 0.105511679195955
0.0153721381222332 0.0114003341232694 -0.126920713594641 0.0683035768408486
0.0199475311267042 0.00868355021045176 -0.391327392968163 -0.186686374902105
0.00601293222789872 -0.0204303685022977 -0.013633872159965 -0.561666161402159
0.0300864153184584 -0.0517997116678462 0.712123687313868 -0.315814881607771
0.0485779230634461 0.024250700637113 0.694209070162606 0.565835643994358
-0.00661110568628148 0.0603769289595759 -0.015206694698631 0.662909114961531
-0.028960996866148 0.0563187581945308 0.0604850880956204 0.0383514858720564
0.0352471086619637 0.0473117356161832 -0.0198672075609055 -0.652609755465023
0.0437280660090347 -0.00463028329151514 -0.798195648883019 -0.467064822167019
-0.00101867640356125 -0.0223384382693304 -0.690557809830128 0.511444898306396
-0.0102499285635853 0.0223914004376183 0.201854657073207 0.630441256940221
0.0256163717472539 0.0333164111306215 0.436094039578652 0.108481982059716
0.031770393047189 0.00763963274869123 0.157037920126014 -0.138675541525324
0.0181253823730262 0.00594124529979595 -0.138883544293667 -0.145603706629767
-0.00407759404131247 0.00135520272776601 0.110248605464865 0.114322197966073
-0.041788784600313 -0.00161465097944524 -0.11141840158236 0.0902556361980772
-0.0540552517764673 -0.015054298034329 -0.410866573482129 -0.149877275593637
-0.0428541955375223 -0.0427105499249703 -0.110686522218236 -0.558972542665462
0.000665483082653118 -0.0377454504248821 0.650514925278003 -0.411934607229553
-0.0159851650440764 0.0196936908047577 0.769361411925733 0.454395030787629
-0.0436969690529132 -0.0478739394584768 0.0608041756676548 0.669187852702112
-0.00956953384716462 -0.0801224606422574 0.0717141452400097 0.0725693373023533
-0.00873279651861608 -0.0452320221425491 0.0551843665611884 -0.643732991054852
-0.023954444487616 0.0140753713972102 -0.737277544478179 -0.583710568987787
-0.0220464299329544 -0.00532361944373184 -0.773516668087183 0.420489539735058
-0.063433737454884 -0.00977916891564126 0.12786887602373 0.67051694068729
-0.0505367782094019 0.0105357530859197 0.433209866171743 0.150673377647388
-0.0261927955851479 -0.00317781714671916 0.178866251632415 -0.127568621855963
-0.0180477905580457 -0.00720023434642982 -0.136530499975719 -0.139463121826856
-0.0031968955577972 0.0013565652768423 0.111129069765836 0.103548382738431
-0.0430969132594847 -0.000600278071846982 -0.129700285305976 0.0667595979130138
-0.0493270187667641 -0.0199348618591063 -0.398079725291085 -0.20036390175858
-0.0322198853652728 -0.0504293029899701 -0.0195532441522243 -0.567665218964795
0.00832453674174972 -0.038481618764972 0.723755375886163 -0.298694588968767
-0.0182691793759788 0.0188835610498964 0.699770584826459 0.581123449408514
-0.040204033284434 -0.0476953877529593 -0.0129008305847092 0.670511516814802
-0.0121767738914809 -0.0718270958962598 0.073434797074256 0.040810758706485
-0.0114549538979134 -0.0355982983987798 -0.0168118179651537 -0.649109890129051
-0.0195867745823579 0.0141369112439626 -0.805048164030419 -0.450727224187285
-0.0227791034762913 -0.00727620793052884 -0.68200555488194 0.535805653209219
-0.0593098847555474 -0.00182671213388816 0.224025588528899 0.640212702850355
-0.0419748614401337 0.016430449591677 0.440865058164391 0.0942657557710736
-0.0215277239979513 -0.00179935987185931 0.156152544358134 -0.151437895876165
-0.0160011813210533 -0.00501654495373794 -0.139729696358203 -0.149066751776456
0.000513468615626684 0.00153055343006471 0.111731842720137 0.094817022546939
-0.0391043805409426 0.00131795707469865 -0.142464389730154 0.0475445700639459
-0.0401719569660975 -0.0201189288824211 -0.380994674107147 -0.238507411802432
-0.0205118119172426 -0.0528601696136412 0.0568842700973321 -0.56144200018455
0.0167589292750415 -0.0390200015077492 0.770213659380578 -0.192321347865362
-0.0148385388820419 0.0185602222787824 0.625126428142139 0.679973273981961
-0.035755921166492 -0.0379044117227467 -0.0752844064982604 0.665136705885947
-0.014695434337944 -0.0558310861217241 0.074455758831419 0.0143688312559735
-0.00773448115106353 -0.0220466675251485 -0.0767542396698714 -0.64710043284045
-0.0107765252180699 0.0123046151166882 -0.844484369205741 -0.339742660354139
-0.0230021592937899 -0.00905140066180765 -0.595367922828589 0.613379505798871
-0.0504415093882156 0.00499493922265574 0.295805072512329 0.605698730708615
-0.0292733348182075 0.0211184410565225 0.441386235280929 0.047936728789039
-0.0134070914687995 -0.000494377739968934 0.136319707369872 -0.169554061704036
-0.0108099128448279 -0.00223195613987756 -0.142302883493958 -0.159430802941164
0.00537423362160968 0.00261420953487764 0.112245360691494 0.089902524879513
-0.0305545170565562 0.00517059767833028 -0.15032505166281 0.0347380800530138
-0.0262630810193204 -0.0153178899000089 -0.366844001875425 -0.261336779992377
-0.0101764372673807 -0.0503220158959304 0.108619524286722 -0.552462504285964
0.0244304760927872 -0.0389036326048547 0.791521485358651 -0.118450818194984
-0.00607717269001738 0.021477646943975 0.567045067843775 0.742457620858386
-0.0327114249590411 -0.0197780344607344 -0.115920724656466 0.655979601663284
-0.0180491118977523 -0.0339633846314902 0.0742550697855446 -0.00306307192772361
0.000433365475353956 -0.00854028425263875 -0.114599567790521 -0.643218602826322
-0.000285683669319386 0.00662647716511872 -0.861184281584594 -0.265786809117305
-0.020830773529738 -0.0124010312119662 -0.53667933997382 0.659135798474065
-0.0395284269457077 0.0113620136411108 0.33986163430107 0.577249321966747
-0.014138469024833 0.0246752266063083 0.439539230013154 0.0194877433775387
-0.00327915598079639 -0.000407952901929196 0.12295293348077 -0.1804676895289
-0.00422078482805946 -0.000164413517253109 -0.143529767132645 -0.1648229482284
0.0125561577353269 0.00305357524145683 0.113819719125427 0.0872463420578625
-0.0181429434924563 0.00934694587235241 -0.152767836138392 0.0305042768695044
-0.0118995824196267 -0.00754703486498442 -0.360768452195562 -0.265616940326998
-0.00244676836340068 -0.0442220907590356 0.128301066996078 -0.548803328056155
0.0308365508471609 -0.0407688979790297 0.799189050554594 -0.0964127032788082
0.00640937335731332 0.0256198115719703 0.544296152417519 0.76211898376652
-0.0299145972301437 0.00542264742851719 -0.128456444160667 0.654715863463292
-0.0218825265721957 -0.00689334071791998 0.072417735472399 -0.0108801798370353
0.0127574765657155 0.00601443411568402 -0.130348882365461 -0.64335008780556
0.0108410252207718 -0.000219009331560091 -0.86583827486455 -0.24450174534991
-0.0164763271340628 -0.0151733818222429 -0.519118232332682 0.668829559669507
-0.0275453729956297 0.0148814973838795 0.350437921281062 0.56600187739197
0.000821895031693969 0.0257678203332775 0.437063353451578 0.0100946968278657
0.0067383986614339 0.000442367598071019 0.1188915483895 -0.182095287971637
0.00255163212439443 0.000998400898795826 -0.144987963655013 -0.165920876479143
0.0204800718557859 0.00412068460996506 0.115331834055751 0.0903845664195271
-0.00481867572897897 0.0128807412630506 -0.150939992965008 0.0370104284383247
0.00125457000289675 0.00106432025932642 -0.36656740668046 -0.255840207020188
0.00194245769964299 -0.0353774213088822 0.110531314234641 -0.554117036376618
0.0347244899695272 -0.0443953399854091 0.792098534614161 -0.130129724962261
0.0211363779295349 0.029316311104653 0.565988352675646 0.737601131202749
-0.0267714451577996 0.0294478724784684 -0.116674267034875 0.655505403243738
-0.0256536728889175 0.0192428972580434 0.0679939536679376 -0.00520675456300127
0.0243752230304459 0.0196931685959237 -0.11723167150219 -0.647486095031487
0.0239586248498654 -0.00496418666270999 -0.862147164566351 -0.275360143703466
-0.0120609687480746 -0.0185082999315497 -0.543783263969336 0.652149587517989
-0.0173048767049453 0.0172627486415116 0.329371873038026 0.576262185799514
0.0137671807329279 0.0272205460727288 0.438867923008175 0.0261527989336084
0.0174649487925617 0.00105677286257878 0.124507832173236 -0.17544519053249
0.00925060345750563 0.00235186625899056 -0.143779539417346 -0.162920897538744
0.0263013658617284 0.00398985084791488 0.116957375070307 0.096684485731125
0.00772196901726487 0.0140773188305341 -0.142868648029102 0.0495808308654319
0.0126127976035572 0.00642000749523239 -0.380278592038161 -0.22792232518073
0.00469216544623807 -0.0272556392664712 0.0604029287349173 -0.564087344478735
0.0345292848031345 -0.0478816382993403 0.766299263688508 -0.209890011062511
0.0362744653662078 0.0299132982854586 0.627687183074714 0.671723526454152
-0.0189831870309738 0.0498246936007712 -0.0763731023281203 0.66178915141132
-0.0285438064481127 0.0421746534662089 0.0650396930637257 0.0122228347462199
0.0326822552030297 0.0348020554093351 -0.0803795428090532 -0.652962785124204
0.0354817715111235 -0.00737159305369509 -0.845257505218449 -0.355356375503267
-0.00614853659958804 -0.0214173439389095 -0.607963345252457 0.602962430521415
-0.011939339664469 0.0204844354906585 0.279535379980519 0.604183062843321
0.0229137228729208 0.0296675715853438 0.441911443531015 0.0597002146704404
0.0257939459889878 0.00395214897632397 0.139526186253935 -0.16103184657467
0.0151494646876033 0.00429232927352708 -0.142984627832885 -0.15651982836464
0.0307362119566442 0.00320041661240916 0.117792834425986 0.106517651073888
0.0148802726418407 0.011991478807309 -0.129692444368577 0.0695739054378387
0.0202060289973636 0.00926015153597896 -0.396090986823288 -0.185150259807085
0.00513654629553762 -0.0212503415807951 -0.0143059858743516 -0.567106262596175
0.0303159235080977 -0.0515556702533708 0.717675851388679 -0.318737957669799
0.0491950940681562 0.024217537631821 0.701690487980767 0.56986871941734
-0.00714796547348225 0.0603305607120015 -0.0161217898180915 0.66775573650373
-0.0301362768279045 0.056518475897243 0.0604776729803429 0.0388240234976616
0.0356344517229064 0.046962357107578 -0.0210661658261463 -0.655873703426832
0.0450222562791435 -0.00498214021141768 -0.80587764358997 -0.471590435625428
-0.000353968711097954 -0.0224480396624386 -0.695596364860907 0.517473776426672
-0.0104837107927118 0.0231113387194452 0.204377728832297 0.637186316887073
0.0257936583977422 0.0339841498178083 0.441285537072582 0.107874012941124
0.030003654844636 0.0061964913651457 0.159157096023731 -0.138901055049034
0.0180831413579538 0.00574676908052954 -0.13999202673493 -0.1465113525588
-0.0040527728656828 0.000981503143738593 0.111832009120831 0.115562196088849
-0.0426975396773227 -0.000558458375264742 -0.11305446232373 0.09083759794325
-0.0545522176906897 -0.014804072968679 -0.416535179805354 -0.150084756816208
-0.0428915906854762 -0.0433210984870931 -0.113128190433406 -0.563852444617228
-0.000206316114033154 -0.0387251324567264 0.656749879009354 -0.417824574476342
-0.0164369296816736 0.0201595042277062 0.779581468598103 0.456660093979758
-0.0445024261345669 -0.0483322885331575 0.0627514211850176 0.674136359168971
-0.0100184551917499 -0.080679842132515 0.0722946137378842 0.0730442015831326
-0.0100875768432949 -0.0459785498287694 0.0549245623097151 -0.650576976727702
-0.0237264338766078 0.0130894710027572 -0.746379323395157 -0.588339643965957
-0.0222073606165446 -0.0051343805511228 -0.780758277027796 0.427757392385331
-0.0637634570785237 -0.00947504204351411 0.13240886176552 0.677676707564582
-0.0511682557104509 0.0107169363130795 0.440406696555259 0.150888700015584
-0.0267355148233529 -0.00372929272943912 0.180163286462106 -0.129038312945531
-0.0181184271391657 -0.00642996894832278 -0.137724351831627 -0.140364325685046
-0.00305789696434631 0.00111856528070908 0.112826104978793 0.104214810833896
-0.0442242687622271 0.000299187417779302 -0.131944323578755 0.0670946228920717
-0.050201656900978 -0.0199009355624808 -0.403087907809834 -0.200404775925056
-0.0327549850214824 -0.0507943768841936 -0.022247029695818 -0.573038323897685
0.00766609542753328 -0.0388725375278696 0.730075131934328 -0.303800424410299
-0.0190727718266051 0.0184758758237891 0.708083175615517 0.583418316273766
-0.0410088912831084 -0.0482699887884117 -0.011282028348183 0.676613419510928
-0.0118653954414516 -0.0725203345342991 0.0748155260368512 0.0410991292718731
-0.0124833280781672 -0.0362005956311843 -0.0181468249608439 -0.65454210102973
-0.0191222237772412 0.0143411486779627 -0.814142444382168 -0.453948318021507
-0.0232258966341897 -0.00653195445508311 -0.686987134971152 0.544132012470699
-0.059681164411923 -0.00156126756162549 0.229795352353082 0.646498442556721
-0.0426433584476256 0.0168287506296086 0.446748663146025 0.093136017947783
-0.0223714862092427 -0.00174563301107965 0.157599119464781 -0.153444738749274
-0.0162774438788381 -0.00450007048195929 -0.141908996005339 -0.150618828031467
-0.000577366074697136 0.0018331419232197 0.113037934643278 0.0943669418235629
-0.040242830846773 0.0011015647023738 -0.145102528639425 0.0477334763907999
-0.0402159688722285 -0.0208147673929378 -0.387287719593066 -0.237948290352996
-0.0211341654612042 -0.054262391597023 0.0557822956033077 -0.567716477319433
0.0165947980295811 -0.0386296544569671 0.777215690469289 -0.196380216788081
-0.0151734935123186 0.0188605931872092 0.633118119880713 0.683130837393786
-0.0367652430828158 -0.0387419291221167 -0.073635243249642 0.670464095872538
-0.015378598417312 -0.0562880580097735 0.0747576061394531 0.0155074541734913
-0.00875359579930537 -0.0227035718002224 -0.0774188917414453 -0.653451317082231
-0.0104756458290156 0.0117742801682077 -0.851783655331612 -0.341073711393563
-0.0232139334231803 -0.0086662000620939 -0.599548567374979 0.622388549720997
-0.0507951328104649 0.00493949871871401 0.301672749188471 0.609081147225358
-0.028776653923159 0.0218146396948432 0.44554176216075 0.046366276483813
-0.0140574811855502 -0.0007991387363998 0.137740846006209 -0.171736949865405
-0.0106928938376143 -0.00271357551285837 -0.145393379936917 -0.159701049018481
0.00509384776628957 0.00238404038219647 0.11424191183003 0.0895564338232067
-0.0308555475623396 0.00531020395933481 -0.152833263972302 0.0349393584269691
-0.0268488934103 -0.0157179348374661 -0.372017801300582 -0.261497288578965
-0.0108481063823345 -0.0513750610144384 0.108853974784318 -0.55903406387186
0.0241491453507338 -0.0394633491128334 0.7997144900393 -0.124216138245289
-0.00591255304309215 0.0215088383611404 0.574988570693569 0.747673228130055
-0.0331473911787662 -0.0201592916842859 -0.115209528072353 0.662018317585173
-0.0190506526533486 -0.0335537355640592 0.0743762542029158 -0.00377758808083799
0.000706439439124948 -0.00865759050074474 -0.117764184925444 -0.649013532763156
-0.000303486500189363 0.00608949365461137 -0.870721832781775 -0.266762680306082
-0.0205062031409255 -0.0120929280335718 -0.539529899383264 0.667682295401252
-0.0397692779240835 0.0112503812829685 0.345023779429849 0.581148800866767
-0.0141271054936578 0.0248696617181549 0.444018359272859 0.0171555522394917
-0.00430750725514849 5.88320232033229E-05 0.124235122975486 -0.182289448988434
-0.00466725220676727 8.26331515828612E-05 -0.146375132106599 -0.165153708234535
0.0124623535102244 0.00298623514329478 0.115374468773846 0.0885185456323639
-0.0183970099049472 0.00971500520523835 -0.155324382035439 0.0315495008782357
-0.0122812047106575 -0.00832006745766113 -0.367231381165143 -0.265717195207712
-0.00310122941205558 -0.044954260831039 0.127504663983875 -0.556560048329331
0.0307322696262793 -0.0414083960222349 0.805151243071816 -0.102293137765338
0.0058590697286414 0.0259375247318724 0.552516771034251 0.767818926776976
-0.0307195025456303 0.00422818218485665 -0.127554561644766 0.660362210982562
-0.0222851068988862 -0.00662836018629895 0.071856955977405 -0.0110806304004452
0.0122317343115885 0.00565328767900688 -0.132370530208372 -0.647667856039439
0.0128879863952112 -0.0014504059446781 -0.877116979704897 -0.245413116379019
-0.0166983374550784 -0.0152487104851399 -0.520133056308235 0.679269677891302
-0.0272351433473342 0.0155236121328673 0.356466749590975 0.570275816374276
0.0012206963317674 0.0254756812527369 0.442654252465904 0.00816833329990654
0.00671988662027538 -0.000314426479196177 0.119061007348228 -0.183778129995465
0.00231859602228115 0.00150292197947604 -0.14680795361555 -0.166367916993718
0.0203060336129871 0.0034551293713489 0.116104213749952 0.0911433735568288
-0.00568020255114693 0.0134466073442241 -0.153244266430113 0.0376293730931492
0.00156538826647201 0.000629114589749008 -0.370313469953915 -0.255387609838565
0.00161490715027653 -0.036796280704997 0.109949150856439 -0.560412895415149
0.0339373613318033 -0.0443536850152852 0.799070753402399 -0.136940509793219
0.0218642693180267 0.0293920442709288 0.57497505710809 0.741406863069898
-0.0271238123905886 0.0300376910040362 -0.116347752310669 0.662400210042477
-0.0260976109280452 0.019367755900404 0.0686864493969558 -0.00487706514722692
0.02465864243411 0.0202070223903935 -0.122002598618433 -0.652891315907097
0.0238128482434388 -0.00604695335837331 -0.871635056047495 -0.275703797243932
-0.011540582037125 -0.0182010436292729 -0.547421711251401 0.659590796695958
-0.0177781908420223 0.0172901534153848 0.33617101634723 0.580463267487366
0.0142736775763341 0.02761691301499 0.443855557362778 0.0236438097292038
0.0167096349673812 0.00211693164559779 0.125940603444484 -0.176155400127147
0.00919183457913276 0.00321526554403856 -0.145602280361082 -0.163979907145657
0.0262786014095928 0.00392167549119646 0.117354539639545 0.0973427825796415
0.0064430967559334 0.0143084615439094 -0.144674743819932 0.0510894463584529
0.0126606520539582 0.00727596021636776 -0.385393738912664 -0.227079897442067
0.00324406309938514 -0.0281116860539799 0.0593715339975655 -0.569484265681583
0.0347767731275094 -0.0481061291624093 0.772485740925546 -0.214922169144372
0.0367202822303214 0.0296069219572005 0.636436773148849 0.676157605130393
-0.0189376401733212 0.0503633768844583 -0.0756388276674058 0.666773039437611
-0.0285947480073098 0.041814618804579 0.0650480637567355 0.0117018226202133
0.0321356285733539 0.0345282092295824 -0.0823879304174012 -0.658524515169066
0.0361058389012797 -0.00865273519982685 -0.854342928669615 -0.356467962792221
-0.00630936376045472 -0.0207133402179405 -0.612050679048278 0.611288955521059
-0.0111048286702306 0.0212740380301367 0.286036315645171 0.607640893658225
0.0235937992282673 0.0299438268188628 0.446832710462035 0.0574509501544613
0.0250962275697897 0.00268313442845401 0.140292015876711 -0.161281786034006
0.0148925548471826 0.00412155948194571 -0.144482785692234 -0.157501946684272
0.0308359576172684 0.00311341757738837 0.118930001496764 0.106779781245558
0.0147074921695379 0.0129572770338015 -0.132017291976554 0.0705073764274646
0.0196433218972661 0.00891763340607478 -0.400912132351037 -0.185266694099668
0.00485062203765101 -0.021509914915676 -0.017822288692605 -0.571494902318759
0.0301857561776158 -0.0526534250417204 0.723158930381414 -0.326947310803667
0.0492248731850554 0.0237767109952762 0.708599444863217 0.572217892938556
-0.007458146663115 0.0611001475004294 -0.0142387100839564 0.673781484459946
-0.0298454779355498 0.0577187642119722 0.0611150518174998 0.0392486270267904
0.0350096353460071 0.0469940765998966 -0.0223427218481114 -0.662839111625962
0.0457112386836542 -0.00647726708905848 -0.815900501917027 -0.474390379990484
-0.00111907435194293 -0.0226600065039681 -0.70094895573709 0.525388911758009
-0.0104627040499584 0.0237573437440443 0.208891731186272 0.641577080695178
0.0265414248793888 0.034131946807284 0.448129488315705 0.106561278682534
0.0310917420306914 0.00677182689182346 0.160919213820839 -0.140863857700149
0.0182221486419022 0.00636300007810763 -0.141157096983402 -0.147107722796583
-0.00489758211172119 0.000931359800587385 0.112697101564184 0.115554305900329
-0.0430337299328171 -0.000499609654373899 -0.114876717471709 0.0917330688210761
-0.0558370118571547 -0.0147435291183083 -0.421412450513981 -0.148570860368482
-0.0436000515902734 -0.0438829581493799 -0.118078177079446 -0.568381547398794
-0.000901204580875276 -0.0380239260855087 0.660159973487016 -0.425658894678585
-0.0170362805564846 0.0198927372521428 0.788717071030611 0.454217678521889
-0.04548655368287 -0.0480557362824975 0.0671064233092912 0.679364436560974
-0.010469092506314 -0.0813384893366383 0.0733639648041585 0.0726848420069982
-0.00986673690772917 -0.0466006518129473 0.0530357224373214 -0.656442935595316
-0.0235064519993214 0.0131633117860675 -0.755682320929365 -0.588267891105476
-0.0226242380397791 -0.00441089088811632 -0.786993968328551 0.437426068465692
-0.0636595450890961 -0.00858465937137176 0.136518507866304 0.6830974802586
-0.0517013894018088 0.0108802500447345 0.445170562676898 0.149038901620788
-0.0277241324760373 -0.00428338305452131 0.181926401007576 -0.130792202439264
-0.019541154633721 -0.00688731290552361 -0.140290065715608 -0.140342449761103
-0.00388995705698455 0.00145664593310709 0.11379980031007 0.104078719550985
-0.0452641985336268 0.001076403279138 -0.133667662980909 0.0685837344286122
-0.0514003028485593 -0.0194480751432411 -0.410057338181656 -0.198945936677611
-0.0336769839338399 -0.0518214280106749 -0.0255977154442565 -0.577402536232674
0.00799513336907341 -0.0387663241379498 0.737556069499942 -0.310891796732387
-0.0191036850924785 0.0192473691000756 0.717468757964182 0.585965436937309
-0.0422121283786635 -0.0483829494355501 -0.00725078192979853 0.682082058416251
-0.0127322285019711 -0.0737298691787172 0.075564458283083 0.0412092959245706
-0.0125091982420374 -0.0362229957760638 -0.0203675469542812 -0.661130528914904
-0.0186863051054252 0.0151690196033044 -0.824553255318176 -0.454220580782375
-0.0235604828363624 -0.00628594915656087 -0.691323940505119 0.553398467138107
-0.0608034319022512 -0.00118908762467095 0.235109129981698 0.650298152286308
-0.0429589568453361 0.0166927428223402 0.451344127270652 0.0921510124844838
-0.023313588567188 -0.00173437099341365 0.159220271996523 -0.155048404389461
-0.0161399445854336 -0.00475630643224824 -0.144438391539996 -0.151274626876586
-0.000592638589793992 0.00138497312740471 0.114157628317668 0.0949327703760392
-0.0409703675634158 0.00246875682070548 -0.146909204532245 0.048993942841919
-0.0410206683749669 -0.0199386079027945 -0.392074917425299 -0.237751315016832
-0.0213084408073086 -0.0545199215853108 0.0531403661825371 -0.573242860281592
0.0161106665061604 -0.0395988310598528 0.784684522357254 -0.203230962158602
-0.0150074452156807 0.0188193882465576 0.641283266655768 0.689176899636172
-0.037543416814384 -0.0384614839050588 -0.0712573907287165 0.676636337490989
-0.0157650465013225 -0.0574172563690289 0.0756891317360053 0.0144746342522933
-0.00887435622892658 -0.0230423695169227 -0.0825652037050375 -0.659853328596501
-0.00986186754175136 0.0119236049734114 -0.864773820032998 -0.339771370194086
-0.0231942021926051 -0.00855508775218955 -0.60295568811839 0.633653692408751
-0.0507949846379673 0.00570325471008673 0.310267806422985 0.612624642054307
-0.0296294870121857 0.021719290596276 0.450771509103581 0.0436111681904949
-0.0153729956663922 -0.00117374154840958 0.138428543218837 -0.173697892162494
-0.0118682503686049 -0.00224260050280709 -0.146949985216817 -0.160426760691154
0.00503280339287238 0.00189217027233972 0.114873148289981 0.0898129860257097
-0.0317041246533216 0.00617420129269934 -0.154695536749514 0.0375368772625593
-0.0272298712334443 -0.0155312946954031 -0.379174308417241 -0.259531227223171
-0.011756104946179 -0.0519953149946989 0.107913500189076 -0.566456943717423
0.0242276609168102 -0.0401646896629605 0.805854785376986 -0.130484371893236
-0.00595433306446651 0.0218485094251369 0.583655906153671 0.750823491055188
-0.0340751421391869 -0.0194578871663761 -0.110432305510983 0.668735794496641
-0.0199227985081124 -0.0338746241252357 0.0750201737262117 -0.00381018287264502
-0.000308986616090925 -0.00970222716321332 -0.123494681555132 -0.655248350803151
0.000487052621761511 0.0063986820216627 -0.879975036499669 -0.264493078511809
-0.0210377990279448 -0.0107535399264169 -0.541755328264298 0.678521990707745
-0.0398368573473032 0.0116290858361625 0.352805144803494 0.584894313748518
-0.0139646896865819 0.0247928656155232 0.448433731965282 0.0151011272155777
-0.00448258559622203 4.3464317461701E-05 0.124479472553058 -0.184440753907415
-0.0046733305151193 -0.000142630715366533 -0.148305799608407 -0.165395489000934
0.0120170545076699 0.00351488001007234 0.116399931180606 0.088583943875059
-0.0196001621034041 0.0106242653452985 -0.157433298750875 0.0333843896245269
-0.0125809600669627 -0.00786101446840604 -0.372283868080995 -0.265400152070913
-0.00400439098187632 -0.0455428152551721 0.126781844698336 -0.562105888274087
0.031147664164343 -0.0422880599684468 0.812447434632972 -0.106891361429005
0.0056579325467999 0.0266377628042149 0.56106627235423 0.77095406762934
-0.0311768811687293 0.00462446674866377 -0.127710368333297 0.666663279486652
-0.0232382475938186 -0.00765295806318566 0.0729214126093639 -0.0118968393399547
0.012299680813135 0.00547897646681337 -0.138257408174472 -0.654256007350944
0.0121728500919527 -0.00125296648492981 -0.887828039178685 -0.243548652048189
-0.0172485586332637 -0.0148936493345747 -0.52149446419364 0.690076520724298
-0.0273908638770975 0.0155556651966169 0.363378630922619 0.572875396612884
0.00145666188482653 0.0254806881791142 0.446506261873129 0.00604016187207909
0.00587418278668456 0.000749742856747289 0.120164899219204 -0.185974670223964
0.00238033519391952 0.00180438110048137 -0.149309110258753 -0.167329522023162
0.0195715410149106 0.00342866418899904 0.117182540745581 0.0905447563867785
-0.00591602746746092 0.0140780872188721 -0.155008790944471 0.0385934614227259
0.00135982892825441 0.00104031854424603 -0.377909436985605 -0.25400773569167
0.00106394083169416 -0.0378028045499102 0.106523543096791 -0.566308271130568
0.0348629920492375 -0.0443742062026549 0.805591145297711 -0.14132984868222
0.0219340653370006 0.0301648129112021 0.584756104105089 0.747315066542877
-0.0267545457478145 0.0300568203800117 -0.113159990128979 0.668883039340159
-0.0262905555322388 0.0197376254929236 0.0695846243127375 -0.00505076465148279
0.0241551759376361 0.0191629607078057 -0.125112603280455 -0.658763395028517
0.0254020909456679 -0.00634696212646628 -0.882319108456664 -0.274842142025289
-0.0123785296138408 -0.0180410932845317 -0.548726628679139 0.668841046364409
-0.0175057655868919 0.0191825009134277 0.343373036925064 0.585414282367357
0.0141543423544007 0.027098803100296 0.448919229509139 0.0212133297132765
0.0168987798956939 0.000681718842885797 0.12586399639367 -0.17940396255993
0.00928757924741304 0.00379644136946499 -0.148137528984749 -0.164749829215084
0.0262714050730952 0.00332408757098773 0.11792707033042 0.0974572285612727
0.00749333501505318 0.01572283167039 -0.147876271647728 0.0525788831722472
0.012432756359104 0.00741827366623407 -0.390542025536133 -0.225862695492294
0.00278104769054078 -0.0284238982025795 0.0550356658934407 -0.574929776637568
0.0339046252070004 -0.0490219717946968 0.778144139214009 -0.22191342528615
0.0373319961675423 0.0295364759528438 0.643504350485491 0.67834997575999
-0.0186817967429943 0.050350868090922 -0.0743616436413323 0.673299758900151
-0.0288593987097887 0.0430983574181634 0.0663331525326383 0.0128357064983027
0.0320708173119233 0.0341985124484361 -0.0878929761575115 -0.665143050470217
0.037171020396881 -0.00871811401643391 -0.866018813475807 -0.35587390282668
-0.0066633322050998 -0.0209214059645013 -0.614106942305453 0.619875209730513
-0.0111656171464657 0.0215330812504764 0.292434127780827 0.612985232901361
0.0233989687703276 0.0300885624287649 0.451883419602138 0.0558397869926603
0.0250661122256639 0.00346558224923514 0.141988313020272 -0.164003491434498
0.0151330932201536 0.00447428157909129 -0.146281856143363 -0.157502700537937
0.0307711130590772 0.00307396449367111 0.119739977243168 0.106238877394995
0.0151170391131315 0.0138139792836618 -0.132926722508509 0.0711252320312866
0.0202754809701636 0.0085354556917962 -0.408128384341943 -0.182874535558263
0.00380110810576883 -0.0221744687875625 -0.0226296135623018 -0.579502707059808
0.0305133159853869 -0.0531617550449591 0.726998245855646 -0.332385764280825
0.0493755354893051 0.0241083486495968 0.718819964552713 0.573805304690402
-0.00727685600133393 0.0612806240242989 -0.0104851898011133 0.680355918356013
-0.0304450147843392 0.0577083715899406 0.0622944047450133 0.0396635451143076
0.0354432896143684 0.0461674232915285 -0.0263809126928685 -0.669707591033399
0.0466458154856099 -0.00641937819704694 -0.826628689761738 -0.474637754173162
-0.00110632435287071 -0.0226264141846443 -0.705289191534161 0.53441282884459
-0.0108955673354818 0.0241029455516223 0.214728923908455 0.646963071062652
0.0265437556568938 0.0336653300997465 0.452083239945295 0.105331533600141
0.0311903334419683 0.00641118506060054 0.162557248488316 -0.142507406292145
0.0181603442980783 0.00658547155414689 -0.143934075176669 -0.147620103440707
-0.00495525960581471 0.00137030694240149 0.114451324964104 0.116257188110048
-0.0447614451056818 -0.000142078102046241 -0.115931145803093 0.0930808516950554
-0.0562916527406242 -0.0152313450009884 -0.42894192086612 -0.144885496223402
-0.0448721938258399 -0.0446459223650637 -0.124048783636415 -0.572539947865826
-0.00190251769641149 -0.0388436671828134 0.665179127462003 -0.435611050227238
-0.017175673025719 0.0205154792071025 0.800015628622344 0.453801589659872
-0.0465452998166407 -0.0494930158068485 0.073847298242624 0.684780146661339
-0.0115874834958315 -0.0825463469149733 0.074920254836407 0.0738444256363811
-0.0116637409935217 -0.0477341403914546 0.0472626759623469 -0.664594668883846
-0.0245085152168066 0.0135330842776987 -0.769066933313552 -0.589106915399496
-0.022176542769927 -0.00418090654636843 -0.79252692913395 0.44890043091755
-0.065110633939708 -0.00832275358535581 0.143364044604537 0.688641665710758
-0.0523538408809165 0.0108592290844944 0.450350462140361 0.147235014945273
-0.028697100637209 -0.0036172207367538 0.182767622028316 -0.133556490006343
-0.0198823689488864 -0.00629455302082285 -0.143392277501247 -0.141054352758427
-0.0044152501037054 0.00204083289953291 0.114617821876192 0.104276957079836
-0.0460873773009068 0.000586101370218071 -0.136044816683871 0.0698737468026074
-0.0519963408881197 -0.0192090729411492 -0.416326408924352 -0.197021061789107
-0.0355507424406557 -0.0521817818930684 -0.0315532400567169 -0.585061787623603
0.00764832187602883 -0.0397048205373143 0.740330553772623 -0.320297778484655
-0.0194306609339691 0.0189515851168702 0.729794977751193 0.584133259986016
-0.0427698762711784 -0.047997709749681 -0.00176159694499037 0.687438789498626
-0.0143296259209291 -0.0735306624967692 0.0768683690795516 0.0412609456715147
-0.0123339561033167 -0.0373098129901136 -0.0259105335612958 -0.668099400576633
-0.0182561217133399 0.0149022981336465 -0.835544768989709 -0.453064941880156
-0.0242171667132966 -0.004898780117884 -0.693229121065284 0.563485985819327
-0.0615540175944795 -0.000467695123654188 0.241309148815168 0.654756472423863
-0.043473504234732 0.0171159902784838 0.456852100732307 0.08919763758898
-0.0232951241152143 -0.00176691245605991 0.159456794658315 -0.157889446106068
-0.0165071609857841 -0.00421816013610224 -0.146690091609252 -0.152045462339411
-0.00125500843596417 0.00153790762240695 0.116008640900892 0.0958486171690636
-0.0414026954983038 0.00262274724726194 -0.149418352988625 0.0498479150751992
-0.0412454814898399 -0.0204608465208088 -0.398594998978606 -0.23562894650234
-0.0229249010198194 -0.0562452857705408 0.0491616404069889 -0.579737038779035
0.0162490933917646 -0.0399341735760458 0.789498750736768 -0.210303648663808
-0.0156122949280094 0.0186254221594363 0.651748361363401 0.687514243292898
-0.0389198122708441 -0.0390828347709154 -0.066468551898471 0.682460248714055
-0.0170656146726313 -0.0578615871028778 0.0760406236567049 0.014073189599567
-0.0100831536309508 -0.0235076869044312 -0.0863764125707314 -0.66610960387145
-0.00968501719097594 0.0123926747776213 -0.873615085559472 -0.337263898911315
-0.0231701060984866 -0.00882969466289881 -0.603047298552377 0.644379994762121
-0.0521375100217509 0.00536065909343009 0.31645871411141 0.617768385759908
-0.030233163331416 0.0219110103575076 0.456447389478902 0.042214965282242
-0.014909948215561 -0.00114642675727885 0.138980202017794 -0.175955656927955
-0.0112702793792464 -0.00264938375106423 -0.149954278381039 -0.160557139680282
0.00494264739299187 0.00249712631453764 0.117248831689434 0.0904064066817171
-0.0321469795353542 0.00776343567498047 -0.157073110564582 0.0373056315904548
-0.0279209983590406 -0.0163862910773506 -0.384190497548574 -0.258750514978632
-0.0127799421374205 -0.0528062843973044 0.103283655230962 -0.572527638963727
0.0244392296917165 -0.0400625053347697 0.813026528951344 -0.137136903179572
-0.00700178350479426 0.0216801672830454 0.594560412950133 0.753998446646017
-0.0343791158033704 -0.0213659307088338 -0.107798332445044 0.674959191201111
-0.0194780857475024 -0.0336747413582254 0.074919325048977 -0.00399945938589534
0.000870520274636816 -0.00954194909831849 -0.129093115513368 -0.660971217876685
0.00154505938065646 0.00598245109465261 -0.892224076517848 -0.260444956442857
-0.0211518792783013 -0.0121737553047567 -0.540046733938551 0.688310190775075
-0.0395920486938913 0.0116841891463793 0.35979457778468 0.585653295613359
-0.013614014008354 0.0247456094356539 0.452760176688116 0.011549999274676
-0.0050771648327345 -0.000344560980495739 0.125012116368237 -0.186494356093264
-0.00550420412333108 0.000278471516550907 -0.151095376518754 -0.166159177184411
0.0122938993969905 0.00246728651710476 0.118776810473353 0.0877366081974071
-0.0197101148374868 0.0110924924403893 -0.159208835100355 0.0355568466190849
-0.0129407949785502 -0.00761937910625121 -0.379277986483951 -0.263674330305081
-0.00546246725152753 -0.0457772341117334 0.122546514134442 -0.568902747181277
0.0314712779190759 -0.0417182367930085 0.821290758665329 -0.116159038907017
0.00649936038638714 0.0265733986785665 0.571466621847758 0.77469690183334
-0.0316167175040666 0.00456821365214715 -0.123580985242603 0.673344454476891
-0.0242347770175465 -0.00651417930842568 0.0728559595139008 -0.0111831147033232
0.0119572918425101 0.00464729590599175 -0.143838079493965 -0.659897726991532
0.0135262117128308 -0.000786142758410401 -0.898130068922948 -0.237943540056551
-0.0171186484708492 -0.0147826671838128 -0.520839991587046 0.699677925980976
-0.0275151362309816 0.0165949283509013 0.371718726114014 0.576765298916413
0.00124659122494147 0.0259193323227526 0.451059935319804 0.00234777872150906
0.00536940951276618 0.000227480948431894 0.121062954705198 -0.18881014334909
0.00205863270193127 0.00145003297710797 -0.151984862601954 -0.167093127585057
0.0199190776081371 0.00420401476257958 0.118928101288293 0.0916495331638733
-0.00473637040677054 0.0150816383918226 -0.155836803812536 0.0400637415500371
0.000314051276912013 0.000469544690227825 -0.383539610828104 -0.252879351556761
-0.000573497365068621 -0.0383088998901904 0.102925151159187 -0.573693833637917
0.0343241999862782 -0.046178538437113 0.81102063440321 -0.147546386066201
0.0222052644826701 0.0307261992860341 0.594001393735479 0.748918098621776
-0.0286856562668831 0.0299657379474646 -0.110629488832504 0.675751843924711
-0.0260295232283928 0.0200277579154619 0.0694929478201967 -0.00542633388011299
0.023910689023369 0.0189449364147961 -0.131477346682468 -0.665040522896948
0.025182942922899 -0.00728139348776429 -0.894606233626189 -0.270601624515532
-0.0115713864387127 -0.018142053368555 -0.550390013292114 0.681171690389743
-0.0169436449978755 0.0193727920712774 0.351086369177015 0.58596327376483
0.0150753155393494 0.0268040251192957 0.455850854412686 0.0176019567322699
0.0165207270644493 0.00188745572296306 0.127381634748445 -0.181349693244623
0.00868626748219202 0.00254620202167066 -0.151498196303045 -0.164487538135211
0.0264275024462465 0.00380477058419173 0.120401689300764 0.097254793393391
0.00607138660310732 0.0163535212926463 -0.148773923368264 0.054149159678323
0.012821093284679 0.00733974758492205 -0.39769205359494 -0.223622426878617
0.00309008902447268 -0.0297714531177279 0.0518331885061503 -0.581273015103109
0.0346291163817877 -0.0495445290754014 0.784954119337822 -0.229304809289397
0.0374471428922704 0.0291001415880472 0.656611878904619 0.68189280365101
-0.0197936538950596 0.0511366937277698 -0.069087607143627 0.681270116344349
-0.0286545548694809 0.0436311139163589 0.0667621504620473 0.012332619688345
0.0334104547463495 0.0341662130805636 -0.0939470730829825 -0.670419254091869
0.0362628536432636 -0.00935597426069962 -0.876121173295258 -0.352768963373757
-0.00571359355955534 -0.0214364792592809 -0.615468907972376 0.632294024797781
-0.0112959709437767 0.022479489388565 0.30167081367282 0.617281666885477
0.0244442657280185 0.0294665283228388 0.458149000722685 0.0522597700701762
0.0256086427092442 0.0037301432191766 0.143506863421452 -0.166791873393184
0.0145680536321019 0.00570636190366783 -0.149568252528897 -0.157966102673572
0.0310806650646681 0.00225238121598163 0.122096549367189 0.106804922097208
0.0150142842112116 0.0147391914752411 -0.134869114268801 0.0742518249295413
0.0201679094021213 0.00865155594636127 -0.414225195696438 -0.180128556582468
0.00311729343900982 -0.0229561784255835 -0.0278009031126406 -0.582928564849733
0.0297260665453128 -0.0539793925962165 0.734437735223617 -0.342543602841913
0.0504232241740995 0.0239678656964897 0.728587600507666 0.57310560593788
-0.00820320367173866 0.0615203938356243 -0.00553398135758139 0.685558775719425
-0.0300871616815258 0.0583281985522163 0.0624075498130245 0.0399597975639446
0.0349963169310967 0.0471016659870844 -0.0315969720614004 -0.675759927726557
0.0462461747379029 -0.00744306376467713 -0.83891227683685 -0.472290954381529
-0.000728535052834114 -0.022103195882171 -0.707920724752927 0.544157226195214
-0.0101589996224641 0.0252548297224418 0.22221512144204 0.651612629779266
0.026286423611358 0.0333054049102186 0.458642142122167 0.102535701292232
0.0299046126932813 0.00641801242050182 0.165501423087193 -0.145252051378988
0.0196167390305059 0.00596240678740935 -0.145758372121518 -0.148796389648271
-0.00484394863772953 0.00122033934892249 0.116629058885947 0.116027825243657
-0.0456477473220862 0.00151037416765148 -0.11711680512571 0.0944276731534313
-0.0574984262676757 -0.014884560816662 -0.436278025108005 -0.142628170683673
-0.0462461493710257 -0.0446509152614853 -0.129759120229238 -0.578090702802466
-0.002217719242519 -0.0385681235215798 0.667231257750121 -0.446833546460623
-0.0169157025711212 0.0208970456913018 0.811592633336188 0.450377944473462
-0.0487734091120235 -0.0488707914529319 0.0811679890008004 0.691625333992574
-0.0126902650461928 -0.0828937048634769 0.0757321617331234 0.073618987823023
-0.0117687230164673 -0.048005920716293 0.0426508198714361 -0.671286686255036
-0.0230162296601097 0.0136474516064883 -0.780769061289832 -0.588603825505521
-0.02247720844913 -0.00365198164002386 -0.795079026184024 0.460904806443142
-0.0658877130798682 -0.00671854192221805 0.153751519724392 0.69300298036732
-0.0524125356714691 0.0115481365792388 0.456630557790777 0.142871681260008
-0.0291468158732153 -0.00453982294987844 0.184641337152425 -0.134786515326943
-0.0198147035241837 -0.00581454476906281 -0.145370359024584 -0.140338555606679
-0.00451606293445062 0.00174014771844571 0.116944465234237 0.103587868828701
-0.0468566952829669 0.00266584312954535 -0.137188534285369 0.0717335788822393
-0.0522069848184105 -0.0185030514667726 -0.422375627860014 -0.193238194169295
-0.0359899676640338 -0.0530196150910818 -0.037795877757709 -0.589157280307903
0.00741117500048686 -0.0394056633155646 0.745700859412964 -0.329797529160346
-0.0196655969910262 0.0202214828820484 0.743487370793471 0.585419886496338
-0.0440917462786635 -0.049651541090678 0.00386840655436281 0.693784224087732
-0.0148689677992426 -0.0750679959913754 0.0774368827764064 0.0414180537914902
-0.0146036586444032 -0.0376055628383916 -0.0304732975044649 -0.673830100208505
-0.0185881540312835 0.0141945335469765 -0.849069131034879 -0.450463211782708
-0.0242195502425489 -0.00504359606554179 -0.696667194985624 0.575898462368942
-0.0610315777166511 0.000421959307821324 0.250525922305278 0.65887901305672
-0.0431377875582233 0.0182597112772183 0.4630746436865 0.0844379426549061
-0.0240875553327022 -0.00212701637788888 0.160921544518162 -0.160222759977622
-0.0174683205446762 -0.00384902649803922 -0.149726076303511 -0.151663517992305
-0.00139076754398038 0.00159499137305179 0.117226450787983 0.0952870950242387
-0.0426284071596656 0.0042818109352835 -0.151065442827905 0.0519874772743122
-0.0422943494627402 -0.02041206732981 -0.405285368270271 -0.233189477928401
-0.0248088329149248 -0.0561072864977057 0.045162990682984 -0.586601348177642
0.0161042241777766 -0.0400077817697908 0.79641696616956 -0.219975815792402
-0.0158283502635044 0.0205869842524071 0.665261340684762 0.689874872429686
-0.0401123557201705 -0.0401100549730605 -0.062192883902514 0.688015398818165
-0.0169407594459986 -0.0581242441955624 0.0776235230325067 0.0137923122251849
-0.0101689818464274 -0.0242767547893519 -0.0933434758991747 -0.671940058430485
-0.00930577922826058 0.0113569059439353 -0.886995915431245 -0.334369989146819
-0.023299904432509 -0.00738180796977914 -0.604213860529214 0.656747570261393
-0.0527756367896012 0.0075014891479006 0.324455771699521 0.620034678503257
-0.0302110705681112 0.0228505356200763 0.462162931155192 0.0351517276293434
-0.0159000244213799 -0.000248917307772441 0.139686171682063 -0.17887332334462
-0.011887465240015 -0.00172360530059538 -0.152084519976859 -0.160638030269941
0.0040972886609287 0.00207459648754389 0.117678157566916 0.0899360361064826
-0.0326677647226763 0.00780808364263956 -0.15874182543593 0.0398041006115818
-0.0279665638350571 -0.0159443611356321 -0.391127117568427 -0.256965804810848
-0.0139685841308968 -0.0534556598880147 0.100812444974609 -0.578518537850676
0.0239166800040913 -0.0411681301730298 0.820315116708162 -0.145935842582859
-0.00657201988697562 0.0222188371669133 0.607565482310254 0.755030445365864
-0.0360760230156448 -0.0206409608499763 -0.104529978850312 0.68150144798895
-0.0209272581856616 -0.0345407759871614 0.0769329687635645 -0.00496180349268777
-0.00102840625070416 -0.00990975211169199 -0.135242847585481 -0.666055889017843
0.00101250404072525 0.00497472634622115 -0.903448573864106 -0.254849754176828
-0.0211983786265832 -0.0109821625651342 -0.539736523848838 0.700455159718515
-0.0403862749428682 0.0125036737471274 0.36938917174548 0.588842934306881
-0.0137666567406352 0.0251023424912555 0.458158455885045 0.00711129333162377
-0.00517680837003425 0.000601608365071902 0.125759550831336 -0.189399596011453
-0.00559242116690989 0.000698202415822368 -0.153471946888572 -0.166104330097555
0.0116967799073857 0.00281527751612582 0.120139550493418 0.0881048913916473
-0.0199071222389613 0.0127207255143831 -0.161390886707891 0.0370219936384601
-0.0126776838480827 -0.00783141809906066 -0.385954633861751 -0.261593289505563
-0.00598334372911495 -0.0470112590416589 0.117915434222847 -0.576102464841576
0.0317034826561689 -0.0421725135162113 0.82724437079723 -0.123283486075595
0.00629952506656281 0.0268434479999174 0.586265192202242 0.776590891445619
-0.0322226698780814 0.00521272157455421 -0.118939711335777 0.678912678293806
-0.0243743098625836 -0.00711600894258045 0.0734301969532707 -0.0120032628149889
0.0110340121812701 0.00423628507395998 -0.151578567867112 -0.665768624863298
0.0131521246225003 -0.00187342979957621 -0.908037452395828 -0.23433481820957
-0.0170032281716723 -0.0145738876580971 -0.520954149588138 0.713256890158628
-0.0281621964870445 0.0173021829747694 0.38076086000966 0.57664490987375
0.00204960173277374 0.0263747246960287 0.456425281566037 -0.00399081737389225
0.00585496887516107 0.000375360846069697 0.120928182786008 -0.190386170352219
0.000949057257578229 0.00250671480103968 -0.154488399973604 -0.167640252083884
0.0196409342403915 0.0027469609989182 0.121083467978333 0.0900387901732061
-0.00575747748517061 0.0158922617228317 -0.159309481124311 0.0428472080539023
0.000912957991433098 0.00109510389249001 -0.390204593807622 -0.250238777909808
-0.000688650369846347 -0.0388775665653857 0.099204917018192 -0.580279108201946
0.034341117809315 -0.0461762747614649 0.817369938937623 -0.155731495763191
0.0224296998619531 0.0299741906979249 0.607497355177398 0.750206103991865
-0.0284625260255166 0.030456450712309 -0.105111965164235 0.681645135058046
-0.0273707395847541 0.019724093050485 0.0706872084713237 -0.00550293811011728
0.0237698593153056 0.0193133708471464 -0.136641108594953 -0.670035609524311
0.0255803412014444 -0.00841583013200688 -0.903968807877667 -0.266867833756347
-0.0118873969974694 -0.017811739322391 -0.548936719332261 0.692914430531646
-0.017414895046495 0.0197672062144242 0.361002494248459 0.590909790938073
0.0150039806717943 0.0272930212386924 0.460492041069492 0.013196127494988
0.0169216626484131 0.00143569451846038 0.126940463460938 -0.184576874365366
0.00928131037076986 0.00330888436618377 -0.153977226775035 -0.164663065104831
0.0263615498140527 0.0023756621893927 0.122439220398783 0.0971785005291553
0.00652474935342989 0.0172853705480169 -0.151068949122208 0.0556908481455935
0.0123028238663836 0.00715190985245688 -0.404138219819898 -0.220449020525154
0.0015071357098115 -0.0301997978076305 0.0461212510162615 -0.587470609261045
0.0343057436182635 -0.0499792694483518 0.790466433100941 -0.238122992573604
0.0383661959491697 0.0300792770814294 0.667116847233976 0.681211750041403
-0.0190536007529474 0.051138732881403 -0.0647385261141341 0.686646136092006
-0.029483220305501 0.0436404074917337 0.0669068390198038 0.0125861779112627
0.0330471634502266 0.0332070447446127 -0.100313513895795 -0.677362401868776
0.0376314000819031 -0.0108742243789464 -0.889235473922576 -0.348286517429094
-0.00608618768467152 -0.020970333046928 -0.61725541028163 0.644084971589483
-0.0111942286693946 0.0227903878011071 0.310721712632813 0.620337784852367
0.0240909749136946 0.0303005434549493 0.462167168272591 0.0484254244485463
0.0257554264087559 0.00327120825413888 0.143829113418075 -0.169555465885846
0.0149118555178435 0.0046051990242121 -0.152113611530772 -0.156788278441956
0.030617711980256 0.00167486756752855 0.123592173902527 0.106666199077132
0.0156303512490224 0.0144570235015867 -0.136168556522132 0.0759824603735353
0.0201784539034106 0.00871206579059911 -0.419703802071457 -0.177174917331279
0.00257172621886619 -0.024133399012101 -0.0325498377002894 -0.588623299296526
0.0300468248122851 -0.0540933186037881 0.736966004895595 -0.351568275901297
0.0500433981942272 0.0244933744385507 0.742731921340167 0.572085117280001
-0.00889786831248809 0.0628706993604528 -7.05167430485109E-05 0.691217174418298
-0.0315238088889867 0.0584296774022869 0.0633190764367381 0.0397357761558636
0.0364762829016287 0.0460970359308822 -0.0380685604576745 -0.680576530218558
0.0477422728816822 -0.00817625912277773 -0.849299419828925 -0.469760490674621
-0.000585267872031659 -0.0225528199017292 -0.710463558108909 0.556665256812197
-0.0104630976429246 0.0250124951415913 0.231546419577517 0.655178401827521
0.0275724003336142 0.0342691255604158 0.464493586852117 0.100046432396747
0.0314713649963963 0.00660154064874524 0.165347507731748 -0.148717168112689
0.0181867005415738 0.00640673975750127 -0.148700831422296 -0.14768200559457
-0.00523682167219954 0.00142236053208181 0.11880980222284 0.115043104365164
-0.0464335016475643 0.00252295502095797 -0.117928935751267 0.0964343026518035
-0.0579100785777613 -0.0143792450730546 -0.442321828094047 -0.136659844984953
-0.0468434498620161 -0.04493431938294 -0.136819192190826 -0.580330913714946
-0.00210573876220978 -0.0386249837546523 0.668342983573413 -0.455767534447318
-0.017865462968406 0.0208439596965849 0.821522442220764 0.443686938246456
-0.04949806441384 -0.0490638161574233 0.0888682529885284 0.693166624013966
-0.013287360527672 -0.0830634757910315 0.0769680702613812 0.0734172639218331
-0.012683140860505 -0.0484664031278471 0.0365958348483439 -0.676309943882271
-0.0232701544678138 0.0139978261732839 -0.791618069060291 -0.584492322718458
-0.0228987129828606 -0.00311287883149389 -0.797378078661158 0.473539710142399
-0.0666524728352784 -0.00703268418325222 0.161289884742372 0.698371565633977
-0.0527234437034951 0.0123065874301736 0.461729315940448 0.13904873375096
-0.0300279950592437 -0.00361162896766905 0.183979552863739 -0.138397963760229
-0.020436673558127 -0.00486672725691529 -0.147766206603947 -0.139207032800711
-0.00450357245496075 0.00119854495282385 0.118869944434586 0.102985110772982
-0.0479834480719735 0.00390136066981537 -0.138046738852201 0.0728448388997565
-0.0534697409088808 -0.0197130133052792 -0.42973244484212 -0.189686461927967
-0.0370429060595739 -0.0528807132845063 -0.0437579125926747 -0.592961769761518
0.00588930531357487 -0.0394568744622774 0.748051643436798 -0.340962367957308
-0.0203079687734407 0.0201399730503005 0.753798899595321 0.58147550100969
-0.046015337853449 -0.049045432354029 0.0111310508034499 0.69805987390457
-0.0161670697939734 -0.0755476370220745 0.078568303843183 0.0410445706745498
-0.0145566762414984 -0.0380719169321264 -0.0376546535346893 -0.679003219102198
-0.0179717338041324 0.0146558703801802 -0.859796967047322 -0.444455340704566
-0.0234121142788958 -0.00478543576085702 -0.694457716591755 0.589804747299263
-0.0615185322026015 0.000618378825938036 0.261667077189042 0.65984207828047
-0.0433694121101766 0.0179803900796071 0.468556698836671 0.079862431545529
-0.0244728393338995 -0.00189283285899523 0.160864059055973 -0.163400076319171
-0.0175065920747727 -0.00286412220194269 -0.151785792749494 -0.151063425255887
-0.0013907309223204 0.0017197243650888 0.119054116027255 0.0941636472453155
-0.0433231094466314 0.00531188796258841 -0.152467502319483 0.0543683262365364
-0.0428395535873246 -0.0200096657814835 -0.41264700854223 -0.229820924798438
-0.0253960913776607 -0.0566403354251265 0.0374054087280471 -0.59120694132806
0.0150908582026795 -0.0399647671818069 0.801182437075073 -0.232664069014261
-0.0165166727905208 0.0203601274564586 0.677580271309985 0.687008544294625
-0.040387027452369 -0.0396766572721608 -0.0553156139059311 0.693769845745877
-0.0182147626351812 -0.0588531064119191 0.0784281878154313 0.0131196393742623
-0.0107205730231747 -0.0253996766627143 -0.100675440459314 -0.674787311601843
-0.00905979578233813 0.0107438005480698 -0.899199911969616 -0.327108092977216
-0.023664900307767 -0.00662100807976929 -0.602663979065285 0.66786241861239
-0.0531058846647562 0.00790003070682456 0.335851478663484 0.622021173857115
-0.0302374696791979 0.0229158031563202 0.467751676097653 0.0304186815949683
-0.0164239755992422 -0.00043181236541409 0.139052560080211 -0.181173963686797
-0.0128886660139945 -0.00106713928389512 -0.155464687399518 -0.159842302075468
0.0042932952397841 0.00194526917578393 0.119568959478415 0.0886970425753484
-0.0332895919184167 0.00928022252276488 -0.160815110011687 0.0421071456305421
-0.0288280403157081 -0.0156290709764419 -0.39792855320457 -0.251890005699373
-0.0145472129904288 -0.0542730183932052 0.0935863992053714 -0.58456895426365
0.0234245100833595 -0.0413395264995823 0.825575205763977 -0.155947280856007
-0.00656042375403264 0.0225784976156076 0.618637378144312 0.754509999426882
-0.0373604010268453 -0.0203611980437095 -0.0974168733779494 0.687187020334799
-0.0215979720556406 -0.0350928060549283 0.0768591814635406 -0.00501194937397735
-0.00148713568694742 -0.010378322801388 -0.142462260871593 -0.669342908471081
0.00233421371966018 0.005396509040273 -0.912949694331996 -0.250026838089015
-0.0204298731421334 -0.0099579957335176 -0.537026847404211 0.712763388692618
-0.0409389172951748 0.0136475084789183 0.381000453717787 0.590395722949697
-0.0133306804422901 0.0253247174366776 0.46313650340386 0.000744076899363432
-0.00587270370380484 0.000190772512515884 0.124654476047694 -0.191407496958323
-0.00556754763858637 0.000986229957183345 -0.156824885399418 -0.165896375294357
0.0115463010059529 0.00210990939362039 0.120906419476858 0.086781302353638
-0.0196891334702896 0.0132142347100447 -0.163557857505688 0.0384633254011535
-0.0136392520456139 -0.00758356021045535 -0.392107537547781 -0.257013007119668
-0.00730847714758879 -0.047402222652918 0.113212921651428 -0.583256030047536
0.0303390266594152 -0.0433965495680163 0.832164817327244 -0.134006909449755
0.00702173743859591 0.0270340306334247 0.597748620589569 0.776194471941878
-0.0325283493914124 0.00412503460783845 -0.112516740912919 0.68515459719511
-0.0247991195845916 -0.00724144496841179 0.0749544997326282 -0.013136680000006
0.0116810741997066 0.00465495534484899 -0.158057669713015 -0.669681226063508
0.0127686517856425 -0.00296207235451896 -0.919484221584773 -0.224633847353704
-0.0171123942735945 -0.014513472339675 -0.516418696378795 0.725471902343803
-0.0271927876292 0.0175583599591928 0.391811291545458 0.577399692170993
0.00241877277406814 0.0260188746385591 0.46184140745191 -0.00917763306171774
0.00498940516666311 0.000794024244855339 0.120188207705893 -0.193893248293701
0.00203795339448991 0.00293806630787529 -0.158139661544872 -0.166915483542309
0.0195042252479882 0.0028006491396711 0.12201655452029 0.0900355796404266
-0.00532808961437514 0.0171110449348103 -0.160303363545876 0.0451042833701498
0.000693711973173972 0.00148553080006685 -0.397499814396424 -0.244437026823489
-0.00212086929213238 -0.0392805673574496 0.0937504786718319 -0.586244986125753
0.0342008064888256 -0.0467911411294383 0.823524478299794 -0.168291948722114
0.0227566714193671 0.0302808550090822 0.620590576719354 0.749300069820548
-0.0285157272421818 0.0306798182565061 -0.100211964078938 0.68605419054565
-0.0272232255919326 0.0205707209731777 0.0713330501627579 -0.00611509526680614
0.0238515637421713 0.0187312237894125 -0.146179753982927 -0.672774509300231
0.0255024640157408 -0.00884156219092035 -0.915652530478976 -0.256947776054837
-0.0119679251750004 -0.0178795272061406 -0.543807215077108 0.707410380779477
-0.0173126424305918 0.0194833801432985 0.371301367187231 0.590472596206527
0.0156207628043123 0.0269439891629179 0.463140633637727 0.00657386159938623
0.0157803098372425 0.00221969589957556 0.127573308486999 -0.187304129561846
0.00866165202705946 0.00371301458419694 -0.156938656822853 -0.164155878543668
0.02627654391603 0.00204137248317254 0.123675195527335 0.0968249857940618
0.00707627815967519 0.0175990025220293 -0.151824508472921 0.0588100590467697
0.0120284290764307 0.00682260643241881 -0.411720662562677 -0.216844039705274
0.00113016984939487 -0.0305294371699945 0.0401435353786644 -0.592761342659791
0.0343266063168876 -0.0505104950083488 0.793069309610182 -0.248370126648619
0.038351680183857 0.0295876868765504 0.682146755243239 0.680330378457852
-0.0190504893647911 0.0519356198152275 -0.0579278543655528 0.693294555227464
-0.0297059489534923 0.0448219105435793 0.0675467317697466 0.0119921536779014
0.0331449489431711 0.0337110459776664 -0.108085809325828 -0.681550430389473
0.0375858509744205 -0.0114014319515449 -0.901375641584546 -0.342290352140928
-0.00614745758143088 -0.020471631901411 -0.614476345090351 0.656991123302256
-0.0108858242455206 0.022595017857201 0.320934722814796 0.62057975227358
0.024017924607275 0.0298074817899981 0.469730561048935 0.0440310453231508
0.0250244984486798 0.00342089034574727 0.143547134214428 -0.17225871010684
0.015729322131544 0.00576379755799925 -0.154786854869966 -0.157354022385258
0.0311477867481237 0.00104944371125088 0.124978207123453 0.106550710978046
0.0160410101318413 0.0153281402161248 -0.137751964439286 0.0781219780299387
0.0202243249499261 0.00854331440933773 -0.425468662976244 -0.172080530735767
0.00206821413054788 -0.0238874348051191 -0.0403611295760041 -0.594017491204531
0.0294802953589328 -0.0543293494457199 0.738908673862746 -0.36330565506961
0.0509532262642425 0.024082166483116 0.755920306831051 0.568865002754134
-0.00751910743518868 0.0628146377007139 0.00694958304496633 0.695461622892377
-0.0304143001779362 0.0591147958337385 0.0641872213827292 0.0393966583357652
0.0366251199545069 0.0465396359298737 -0.0472958402038454 -0.686692277103992
0.0486284836477072 -0.00929713664545067 -0.861798465819603 -0.464213249465953
-0.000651589645842988 -0.0226458086286477 -0.71057207924552 0.569418900948095
-0.0106617144089163 0.0253291290522781 0.240472456351091 0.659333493083144
0.0280180151907512 0.0345727764491569 0.468695253592359 0.0947093186439731
0.0310743151389286 0.00588131993712228 0.166435193001644 -0.15059417026003
0.0185992245004586 0.00614188312124511 -0.151372181968523 -0.14741047819935
-0.00572615818812415 0.00289085138007121 0.121250986965033 0.114383272280771
-0.0479718916764833 0.00317439060705487 -0.119694952235485 0.0975605382473724
-0.0594325770293318 -0.0138591075743718 -0.447420613703454 -0.131053854575455
-0.0485995065940029 -0.0448878881117193 -0.146014133078221 -0.582332863078804
-0.00347307679631686 -0.0391546833704385 0.665418660634035 -0.469640269937768
-0.0180991485378517 0.0212044831354924 0.83491755426813 0.436068644440996
-0.0501843804615273 -0.0489666710394973 0.0973291035449195 0.697082596097471
-0.014601445957627 -0.0837152728027974 0.0790039807039499 0.0725521129710925
-0.0132694096590664 -0.0492770876397771 0.0278142033069656 -0.681315628277739
-0.0229440202932285 0.0128166966679175 -0.807458367507379 -0.579229886588577
-0.0226264477437485 -0.00300732457751566 -0.797215726794587 0.488293199621828
-0.0665368633495073 -0.00539830474501182 0.171411343591249 0.69984700176237
-0.0533805193660929 0.0122984771682147 0.468802499576189 0.134625587430274
-0.0306738631797119 -0.00300076517179155 0.184322713368473 -0.142434008208208
-0.0207806251899387 -0.00484175204764661 -0.15066779406116 -0.138246752325758
-0.00478994416892618 0.00166324266549154 0.120588047504837 0.103598303568124
-0.0486910330725756 0.00441825642761679 -0.13983715809113 0.0750368532838541
-0.0542934832920476 -0.0178521425376393 -0.436491752969043 -0.183824146094359
-0.038339396808879 -0.0534437744652016 -0.0508990191822195 -0.596413966800519
0.00522701431364016 -0.0403786971129188 0.748397393596395 -0.352681998685178
-0.019719092744405 0.0197021540124135 0.765646035347209 0.574000479449989
-0.0474864504474789 -0.0492915125603303 0.0189325592648354 0.702508462151341
-0.0160138113303195 -0.0762938597178309 0.0788463451606735 0.0392915723685101
-0.0148535001674102 -0.0394680591186645 -0.0460574634649786 -0.684418032127243
-0.0180688416160598 0.013980627774494 -0.871816944913471 -0.436396190977895
-0.0243399638978555 -0.00370655823630206 -0.692324199059273 0.600970105262976
-0.0628278007177834 0.00214551456824114 0.272114809321592 0.660942759055583
-0.0442065172336484 0.0187409959278543 0.473415450193138 0.0743462414602437
-0.0257689194954924 -0.00174347232806169 0.159698058003948 -0.166538844279697
-0.0186000888184576 -0.00286501618779539 -0.155593061556014 -0.150231219723785
-0.00188377771562004 0.00173906714593241 0.12015311028206 0.0940210239310668
-0.0436187806246564 0.00688666546757388 -0.153370964804777 0.0557907555961402
-0.0440160025118911 -0.0192625127913777 -0.41945821441358 -0.223024520700553
-0.0265834515298012 -0.0564111929656058 0.0318698774482105 -0.596409138054426
0.0148105865210416 -0.0400247912149332 0.803392028994646 -0.243303988241863
-0.0166444025440056 0.020242439775288 0.69053053581921 0.682295846651203
-0.0422042076165484 -0.0387997345757492 -0.0481332576046849 0.699918838959195
-0.0193663693193729 -0.0583997156474334 0.0793643124300199 0.0124370020934159
-0.0114921297722673 -0.0244124568769191 -0.110496467096399 -0.680783545686682
-0.00928704679752889 0.0114695356323857 -0.907052973653496 -0.318076770896078
-0.0232731118485677 -0.00596042042404019 -0.599967577799951 0.681002485483994
-0.0531425150185437 0.00912701792300977 0.347542215501308 0.620330893716035
-0.0287758285029682 0.0231756425260983 0.468993450617049 0.0248246915362565
-0.0169779035489271 0.000116168894245004 0.138877425335286 -0.183589219301606
-0.012220715884431 -0.00107737382541062 -0.159127884226312 -0.157987700189681
0.00389464931947549 0.0015827360308831 0.121458328431966 0.0881695917606144
-0.033762249424914 0.0104274461607014 -0.162709149339302 0.0440209560793048
-0.0295245079549927 -0.0150350885874126 -0.405460740619104 -0.248639966912634
-0.0160651313564896 -0.0544784611756505 0.0854610022213035 -0.589298219757933
0.0228186084764134 -0.0407986757389682 0.828818723067304 -0.167453951055966
-0.00728819230118577 0.0227767758287323 0.632421021286617 0.75165798500164
-0.037289650102779 -0.0202656439157034 -0.0893508090118162 0.693355319648262
-0.0221275652130022 -0.0355425760722025 0.0778232019814611 -0.00653177322259896
-0.00215340384523932 -0.0100392192146927 -0.151942692534806 -0.673399087220316
0.00157775826275978 0.00492001825566583 -0.922879655731876 -0.238914138837981
-0.0207505066848435 -0.0101434805574993 -0.532280201345861 0.726424317724327
-0.0407458205017519 0.0141230446019696 0.391530804054638 0.589203340436872
-0.0138247367983503 0.0256860324197915 0.466877897756436 -0.00540901174293323
-0.00711594695206218 9.10209161529736E-06 0.123560164086249 -0.194466949184917
-0.0056892764082647 0.00107124343327895 -0.160073257530918 -0.164185176450832
0.0118025430816932 0.0031247287439279 0.122992163773699 0.0866794337340832
-0.0203643657892851 0.0148793979563281 -0.164755129855269 0.0408733207430477
-0.0143968262497035 -0.00742782313836303 -0.397914051820224 -0.252651894696014
-0.00782808998897121 -0.0478343312666504 0.106388542714889 -0.588505885035449
0.0301252259822111 -0.0437117129486595 0.836081931679219 -0.145195239694445
0.00724666426553451 0.0275271324713182 0.611700491298047 0.773854101589558
-0.0336459091732938 0.00534408962525408 -0.10484651174848 0.690917949663833
-0.0254493431258412 -0.00756750845762962 0.0738707679376625 -0.0142427209600991
0.0108331002963243 0.00341855697911697 -0.167522253107564 -0.672780282568639
0.0136293402675993 -0.00272441944027003 -0.927801989965495 -0.215823498853158
-0.0173297241948818 -0.0139558420434204 -0.510177275446618 0.736027294061838
-0.0280957221229426 0.0178209088258725 0.402802985204495 0.57708086337357
0.00260874830926977 0.0262189185086602 0.464500256983163 -0.0141302969805471
0.00532410294625143 0.000370649443289982 0.119468312978006 -0.196973881636144
0.00108906411413232 0.00193042996008726 -0.160137020155498 -0.165249403888671
0.0188492578627795 0.00304999157263512 0.124273775645228 0.0893469022082263
-0.00508319687411572 0.0173366664048453 -0.161395314494069 0.0465097462931167
0.000691964194706299 0.00129705723906295 -0.403019632808879 -0.24122398403442
-0.00330206281154911 -0.0391195108474693 0.0870634632171856 -0.591546415462492
0.0345661548349367 -0.047150353006498 0.82688599911654 -0.180254047966355
0.0234319440983865 0.0301525098401231 0.632681457606143 0.746078166476277
-0.0284873035284853 0.0312731899837451 -0.0925790027297047 0.692810254169755
-0.0280149797768223 0.0205562806754249 0.0708076014187388 -0.0068653580307861
0.0240086220027388 0.019082941369278 -0.15522074709878 -0.67703159085081
0.0259209017229462 -0.00946172621011442 -0.924521441466697 -0.249071537056407
-0.0126146461129634 -0.0174904345776113 -0.540531223623115 0.718682401941737
-0.0171283551230485 0.020566805698691 0.382534217548661 0.589525664001908
0.0151888041970864 0.027273333363823 0.467600607859688 -0.000307936816237351
0.0162282125729862 0.00172804531029686 0.125651621329717 -0.189501299073043
0.00963560154354242 0.00448847840445614 -0.160143497726573 -0.162798327996118
0.0261477428811049 0.00210629792974593 0.126528846404605 0.0955867005336675
0.00687788718658922 0.017672702528167 -0.153402991246663 0.0611165066838177
0.012903460265332 0.00668243991658382 -0.416242064411893 -0.211192100376845
0.00043596414844602 -0.0308488565104715 0.0322496881912046 -0.596869831967519
0.033709946092623 -0.0515984807958672 0.79722510032637 -0.261261019107377
0.0394262429673416 0.0296361030260754 0.693713878590391 0.674881456850491
-0.0190594918576008 0.0522894627612878 -0.0510123340949921 0.69775287228435
-0.0300693500753673 0.0444496905299523 0.0669102108339793 0.0114985546963361
0.0328021343210163 0.0331587371951217 -0.116312180535109 -0.684588554290577
0.0382648483891234 -0.012948384051068 -0.911196098356047 -0.333244478542689
-0.00664843662693837 -0.020198542652113 -0.610284071640945 0.669134453601023
-0.0103778135444884 0.023026532203115 0.331039511337941 0.62115893344838
0.0246325271850332 0.0296654856063793 0.47291664955689 0.036175019096834
0.0252949434741983 0.00261707033057865 0.142894810024952 -0.176164165880415
0.0161650227944997 0.00560638652638274 -0.15713586719064 -0.15687084533833
0.0310589824303515 0.000886044551459249 0.127434461437354 0.105681961388652
0.0153869931570033 0.0156642456558354 -0.137891838629206 0.0805264768682297
0.0200858784623402 0.00867788708735058 -0.431164830452094 -0.165419231070137
0.00151882690069288 -0.0237087826055195 -0.048384833734679 -0.597692946950744
0.0290056693578007 -0.0559159869256121 0.739328723288295 -0.375734594459886
0.0515114037062242 0.0230812464125089 0.767686968288375 0.562529184436416
-0.0072068630643612 0.0628029437400845 0.013383908979296 0.699988305910387
-0.0298838793440911 0.0602234890570165 0.0651176063146111 0.0396055542524988
0.0366932402951003 0.0464202648868193 -0.0535025010255032 -0.691681142163182
0.0485597153135189 -0.0108821974092656 -0.874859649647194 -0.460075424502213
-8.35571709982413E-05 -0.0226345200298091 -0.706221811073131 0.582867219359676
-0.00882718694882545 0.0259097337846433 0.25084565027791 0.65945307482892
0.0286546109957457 0.0350758521051156 0.474773165025908 0.0887164759590424
0.0309865233954758 0.0067368216783643 0.165609053143539 -0.154547052125468
0.0187553246141499 0.00679376429926417 -0.153498797186228 -0.146149271201788
-0.00630245888933497 0.00337423661787468 0.122626324908246 0.114148015106536
-0.0486652763482373 0.0048468948197185 -0.117644313779321 0.0999737353093105
-0.0588109136009792 -0.0134626628376854 -0.452098486582668 -0.121789215285077
-0.0500544790402714 -0.0443422200757738 -0.155621017902062 -0.584427088273412
-0.00397749020636727 -0.0387541968074299 0.663660280899312 -0.479828173605551
-0.0187016534253074 0.0223477535800393 0.843276583507969 0.426553852800742
-0.0522280778927724 -0.0494654058095487 0.107357237746872 0.697907652375283
-0.016065745065355 -0.0838454177749041 0.0802886641500642 0.0726206872083567
-0.0146175918734482 -0.0498693324834578 0.019615287188873 -0.685581465940463
-0.022234192856195 0.0140630789647724 -0.819151608436921 -0.572596005068303
-0.0229773444642405 -0.00198712821187378 -0.79384972443813 0.500103724628245
-0.0671104947664005 -0.00428418507333057 0.182603117250603 0.701161018757131
-0.0528417676516725 0.0134301713885487 0.473440963371225 0.128968008676953
-0.0306501473075555 -0.00340235904237006 0.185018089731595 -0.145412922908038
-0.0208237859558152 -0.00343490255132706 -0.152805308263439 -0.136646912177002
-0.0059536513556372 0.00125320907224894 0.122204237094045 0.102411709128293
-0.049365302598846 0.00620220026637223 -0.139543408474628 0.0777447644463697
-0.0558442508791776 -0.0183378641233725 -0.441352234098439 -0.177290846141457
-0.0396833275152634 -0.0533233527026784 -0.0598926793269694 -0.599162797801096
0.00523684942110197 -0.0392167958967047 0.747598556581599 -0.365316802384375
-0.0204475918305507 0.0208626994693661 0.776044614035843 0.566791588780574
-0.0486181883825355 -0.0497738647762379 0.0285887797878855 0.704806914640369
-0.0184976036476403 -0.076838726382618 0.0796837491513124 0.0393880006236149
-0.0162731826215152 -0.0391703244934827 -0.0560055683098085 -0.687274274417098
-0.01741329922425 0.0145844615985312 -0.881930062361326 -0.429244205263228
-0.0237029469002556 -0.0029416514103115 -0.688866422127204 0.61506719132369
-0.0637500787539169 0.00305884815902129 0.284464111485499 0.659449255965029
-0.0439616401729201 0.0194395236419807 0.477089042074208 0.0678124824751238
-0.0259433548272281 -0.00200400511610056 0.159425221845441 -0.169440038864215
-0.0173455478697209 -0.00082564625633136 -0.157614263135443 -0.147665757221698
-0.00270655883873567 0.00231657632510994 0.121192281129356 0.0933282456472884
-0.0435925776291387 0.00809360143513603 -0.154880050402078 0.058250803228962
-0.044630379696202 -0.0191006379600292 -0.424844430955891 -0.217671969284018
-0.0284889145168231 -0.0571815189881049 0.0206748684041504 -0.6004744715075
0.0145468476865123 -0.0404419954821171 0.80379823791239 -0.254578715113287
-0.0162909044306542 0.0217515510129307 0.704221877764052 0.675528658889683
-0.0422334171341667 -0.0396093113213032 -0.0368263367694098 0.70394834179234
-0.0197819118584633 -0.0597634453586694 0.0791154060473492 0.0112894797221759
-0.0125184484883034 -0.0249544519566857 -0.11839133243397 -0.681111154866117
-0.00951911650406348 0.0112047407986067 -0.918199475938311 -0.306258867776024
-0.0229271732109771 -0.00676239240520825 -0.592471043289651 0.694794119635289
-0.0528743454029437 0.0111584843853969 0.357588833443458 0.618148658171967
-0.0300866582357103 0.0237305971854513 0.473936999183229 0.0172874012210762
-0.0170917296267414 6.70047228128069E-05 0.13788916142043 -0.186669491208327
-0.0150995005436105 -0.00143415471604506 -0.161341747591402 -0.157235850025741
0.00509431518246689 0.0018797835812853 0.123003230353405 0.0869601521560607
-0.0341212651767396 0.0121976252939385 -0.162637387615903 0.0477682907452453
-0.0307033820117357 -0.0139039395074469 -0.41220092174929 -0.241549390189174
-0.0179704938063963 -0.0549524008846452 0.0788081225177251 -0.593882591710012
0.0228142981950668 -0.0420735329193019 0.831218078505785 -0.179301664141919
-0.00696344455726576 0.0237247051594262 0.647280034012794 0.745514038766128
-0.0385675498275192 -0.0203952469349577 -0.0820898591059783 0.697845544850432
-0.0231203753306044 -0.0351826121937498 0.0774076001591446 -0.00699635116878104
-0.00134349724588607 -0.0117869706863482 -0.16322544311191 -0.673899059784426
0.00176093875565216 0.00398943395125354 -0.932050975347678 -0.227041252472672
-0.022030845959964 -0.00914815554750664 -0.523235371283592 0.738064742387198
-0.0409591029586391 0.0153376408174578 0.402902106139616 0.587384666237781
-0.0140892097508766 0.0254600923633087 0.468546009200578 -0.0120479196367474
-0.00615272408965158 0.000329921850098608 0.122483682482119 -0.196874547055443
-0.00629536530275431 0.00196874914358644 -0.164032071081384 -0.163043610658385
0.0113848806137896 0.00273994105839809 0.123037313923676 0.0856021197952657
-0.0199301023036805 0.0160973772486731 -0.165259525471832 0.0444904284598147
-0.0142557742536185 -0.00813530494303114 -0.406277694246242 -0.247433911323553
-0.00925439378933992 -0.0483150735276952 0.0983363989186607 -0.592380718464479
0.0296936550984949 -0.0442535894840643 0.84017691618991 -0.156322432808927
0.0059332672936991 0.0256965844532059 0.624957463533653 0.769674790723119
-0.0338054685281589 0.00500652380350359 -0.0972771076714226 0.696557317845285
-0.0263260991507362 -0.00727581319845168 0.0749571501209233 -0.0134225640140949
0.0110409584464727 0.00440256517563198 -0.177661435879783 -0.672917670635142
0.0139692922364152 -0.00445533930169261 -0.93713511124107 -0.203897405984238
-0.0169310623993616 -0.013014235531914 -0.502505475932043 0.747207991736258
-0.0278265922887431 0.0174762046207057 0.413352071593609 0.573105590167139
0.00186842094131985 0.0244602532009125 0.468040292869855 -0.0224327833025225
0.00438175129528872 0.000861991030754136 0.117785491076504 -0.198748092967143
0.00138121773267544 0.00381799043551656 -0.16304970487751 -0.16489527779355
0.0197521682157996 0.0025420980298834 0.124342730038396 0.0876705297032517
-0.00591640744662941 0.0185204388792356 -0.162429527747667 0.0500096875348208
-8.86547106094902E-05 0.00107845498817168 -0.410420817253186 -0.234920247516405
-0.00527930149067387 -0.0392429135970261 0.0768091501384653 -0.597230112273876
0.0328747100282122 -0.0477678121508863 0.82729113822665 -0.190424878635816
0.0238532393631928 0.0303109680055402 0.645829266844599 0.74273948527842
-0.0284817476106174 0.0317605632540027 -0.0837337733856885 0.698538103280105
-0.0281699600676853 0.0208013280485726 0.071286865119947 -0.00740356857769771
0.0237827489264742 0.0180816182101908 -0.164984281554925 -0.678096140533423
0.0261076539373362 -0.0106555599360561 -0.933902569390388 -0.237581491978736
-0.0126393657943601 -0.0177106005494667 -0.531382255066645 0.730467526476906
-0.0168799989254204 0.0208305295451286 0.393908860369192 0.588082147369839
0.0157012818443495 0.0265651598251329 0.470003133051137 -0.00671649437549479
0.0151595608827985 0.000818753894696198 0.125349247886974 -0.19218561966705
0.0101332964266472 0.00459300485830608 -0.162676581636453 -0.162154617978294
0.0267620858214476 0.000605739148459636 0.127915728689237 0.0941056967911364
0.00740847089818203 0.0187568145189667 -0.152729659659781 0.0630317608178697
0.0118770286664562 0.00614405988335077 -0.422591124279532 -0.204283411133577
-0.00118981898880285 -0.029989535627929 0.0256893552234798 -0.601252179058222
0.0330265108071072 -0.0521856408900914 0.795643816207149 -0.275493082303769
0.0393231431626852 0.0288920197703163 0.70578656919863 0.669217155361839
-0.018630890042172 0.0517102143594461 -0.0397665405026074 0.701960924552182
-0.0302075068379586 0.0443861538201745 0.0683763519348748 0.0113255892043304
0.0336637273801152 0.0325141865188195 -0.126164039121371 -0.687151080589571
0.0382236492055286 -0.0134155375804321 -0.918666179608068 -0.322528875402283
-0.00623057719077006 -0.0205013810474162 -0.60386669208263 0.680270299932884
-0.0103674798641736 0.0224288872514559 0.34265434679405 0.620197675467622
0.0260943008792124 0.0294308045727558 0.476521091105885 0.0295083345003264
0.0237431469121206 0.00350506129426217 0.142669377451402 -0.177544216582369
0.015370049778778 0.00530572056848321 -0.160433303308994 -0.154407511858529
0.0297017414392045 0.000785472720818836 0.128486084176656 0.10440301112463
0.0174088223617312 0.017375823966601 -0.138729930645668 0.0826530149605232
0.0200008967849421 0.0086140612690446 -0.436194102613772 -0.159448079591677
0.00156078294716209 -0.0252235198624427 -0.0575426562256653 -0.597923499010163
0.0288836425829112 -0.0564034028036501 0.738248731998362 -0.385672681095617
0.051916500593698 0.0229140471596984 0.77904754650647 0.555401453266444
-0.00885490390599625 0.0629334361879574 0.0243292887715872 0.701918831480048
-0.0299883352272428 0.0608970131497034 0.0673916521665931 0.039066710888756
0.0377059894848478 0.0472883176767947 -0.0658118244107475 -0.693256864675079
0.048466357660173 -0.0126103157038876 -0.885481362445527 -0.448180080514878
-0.000523662615092142 -0.0221224880142347 -0.705436636351317 0.594296004763604
-0.00902798853819086 0.0262934210551299 0.260051046828687 0.65945323589412
0.0291200248511307 0.0340867465748079 0.48032826075032 0.0805427720951918
0.0315527478299245 0.0060082137497294 0.167066075384873 -0.15773365883048
0.0193078532074445 0.00643305667368387 -0.157250724371089 -0.144795005467512
-0.00581400800820855 -0.00331952351763053 0.0542039926378891 0.161181123580508
-0.0436165974067364 -0.0186691204351638 -0.15254716339037 0.0319381292464234
-0.0439363566170024 -0.0345087093911528 -0.339300974570219 -0.324301389102479
-0.0272447935084438 -0.0562617603722988 0.137973984798589 -0.590962715965475
0.00399897565392429 -0.0408546075281333 0.812946049118234 -0.108629927352228
-0.02349475157153 0.00437063250496899 0.535946277772893 0.782802271704585
-0.0217475876490986 -0.0630107715898489 -0.242811735253009 0.664765640622596
0.0269153509505225 -0.0832503951494241 0.0352162979577715 0.100221817860372
0.0070181756776795 -0.0550081455670128 0.337442053205394 -0.591224443781279
-0.0333424866867713 0.00194802992925412 -0.449085798481768 -0.880417032736016
-0.0218298904567963 -0.00689449679754435 -0.932801295447463 0.0651074765169303
-0.0502688627257294 -0.0265509568400366 -0.178237285211678 0.701983935502634
-0.0486680056252255 -0.0114134980070427 0.355132510935028 0.343353942264298
-0.0242133155338364 -0.0196197382573476 0.236174680539076 -0.0369859335221583
-0.0179954704075586 -0.0132918920197554 -0.0636298483516727 -0.198027130961733
-0.00525023495567388 -0.00324695557173777 0.0596074804710708 0.14982268437029
-0.0446705711475881 -0.0174772940559702 -0.160504641585251 0.00190042278777801
-0.0386576060374472 -0.0361153277690083 -0.304684434930795 -0.365611327338726
-0.0153471226510761 -0.0604551385211845 0.230192666013486 -0.559478180401053
0.0136124326951572 -0.0392261491129005 0.834070762994318 0.034290728088612
-0.0237370744140447 0.00280122555743814 0.410106204975625 0.873876478029476
-0.0181181181988202 -0.0613562676729075 -0.315870818801291 0.631333075733392
0.0212816151348272 -0.0768920087198924 0.0515188590988671 0.0717634621620036
-0.000435837376290629 -0.045141158280863 0.272668162457964 -0.628814283768437
-0.0296240884097503 0.00552275574448138 -0.570657689442949 -0.783834746536406
-0.0211482473011569 -0.00880256490044675 -0.893369479821337 0.215548616360087
-0.0490527860468766 -0.018497590812515 -0.0707459631145046 0.715217882258112
-0.0428398017642494 -0.00281698983465067 0.388932327474278 0.291626352429863
-0.0206510449251271 -0.015833895602489 0.226505132056983 -0.0700765694675377
-0.016327339559089 -0.0101512957560939 -0.0620934480176532 -0.210689311260214
-0.00196640804064215 -0.0015641889608729 0.0640394755991445 0.141201985005089
-0.0405661585475875 -0.0120816522693248 -0.16486945101804 -0.0210569599521422
-0.0282215845759667 -0.0319471100514912 -0.271013212091008 -0.39391163232667
-0.0043072826894892 -0.058930993714439 0.304735301032723 -0.519713269611765
0.0235166447035801 -0.0370994589174564 0.829843251220797 0.157422800803896
-0.0190030490370885 0.00563601453334635 0.290167741390131 0.93520722406606
-0.0191170052345777 -0.0489799242648573 -0.371640408465945 0.598622611560319
0.0102705566989712 -0.0637586125291701 0.063867115114755 0.0470450613462581
-0.00345969153897495 -0.030563256827206 0.213134403820451 -0.654415706954763
-0.0196888309839558 0.00763494335043666 -0.65842339003899 -0.694067286587967
-0.0185577795836534 -0.0108979069598249 -0.846089853524716 0.329535355397837
-0.0428144213855474 -0.00842069976924118 0.0150566875220379 0.714264839597519
-0.0327423875107123 0.00730795804121214 0.409216941119996 0.247867067433517
-0.0130972045614034 -0.0110291007905579 0.215295405286569 -0.0966103715989111
-0.012771484410602 -0.0051170475116774 -0.0610207908228295 -0.221182483560074
0.00270879982312206 0.00136028614828517 0.0669042257750113 0.136652759588087
-0.0339333040959163 -0.004254759849621 -0.166906211372466 -0.0362727555722671
-0.0180637266466452 -0.0213252991027177 -0.24724058969525 -0.406957594417808
0.0029676104702061 -0.0527858271003718 0.35279849344982 -0.489638477912247
0.032454508937916 -0.0346410291555211 0.820280109838437 0.235449087312894
-0.0111604751745817 0.0129413784080448 0.205178974258646 0.967060986151781
-0.0245324318721749 -0.030722334026886 -0.40861339941538 0.57163741317517
-0.00338092336653365 -0.0428406667151807 0.0708852039689669 0.0301396543262799
-0.00175134123484948 -0.0128816751255313 0.172732605404739 -0.666850033293506
-0.00635518862977725 0.00706250236757475 -0.706879217736896 -0.632536637738741
-0.0147813825267184 -0.0133144494057659 -0.807534258569694 0.399893254036423
-0.033958007890999 0.00092773104272547 0.0698566705239281 0.70661039363337
-0.0193598794505242 0.0161905381280649 0.418533564022879 0.218791694131055
-0.0046297690332861 -0.00570682128432836 0.206832592281846 -0.113744837539055
-0.0067193304352292 -0.000785097985140858 -0.0597927767243686 -0.226894462481922
0.00891290276531388 0.0054393577599884 0.0698352837487113 0.135311994722939
-0.0236354811141105 0.0057368171372995 -0.16828708479392 -0.0404967870870567
-0.0083585090149995 -0.00638965262378843 -0.238866199546134 -0.410948524719337
0.00705643732627701 -0.0433601541401205 0.367027904630468 -0.478231019071081
0.0406483691351963 -0.0340663712200109 0.814391281158104 0.259866441705614
-0.000790352051201417 0.0234753253341959 0.176070908484161 0.978977721288181
-0.0332122514202321 -0.00536323050069354 -0.421053224461157 0.562743827865518
-0.0196811083754686 -0.0197221810149492 0.0709290943686384 0.0227011206457146
0.00312287409459834 0.00575321185417927 0.158014299923367 -0.674983951851367
0.00750637751176159 0.00575865770942452 -0.72232843516161 -0.612140846865461
-0.00891454509556094 -0.0146720908336756 -0.793031393149873 0.418906366286118
-0.0239350277007877 0.00921116535941153 0.086015404266115 0.700422120934991
-0.00584667681694285 0.0246461210854915 0.42293020172096 0.209255523045423
0.0049426050233106 4.62968948331775E-05 0.2046191936088 -0.116720588216517
-0.00100958245108852 0.00414018111176427 -0.0598745181004381 -0.229100458353639
0.0160550459707821 0.00887387403262563 0.0691398696394034 0.138539563298588
-0.0118354980663381 0.0153823579913821 -0.168401651456436 -0.0346213420467202
0.00109344812895223 0.00749910558155933 -0.24802412075587 -0.403123815487547
0.00802497825424305 -0.0323555023340648 0.35274383179975 -0.490925440813371
0.0449762090867428 -0.0348573094106163 0.821564968460481 0.224711608469109
0.0120725295998689 0.0332067139270922 0.210920120460841 0.964347707937351
-0.0402554442648059 0.0206212367843769 -0.409420821957182 0.570657874897041
-0.034989441308332 0.00463935310355802 0.0664260155162867 0.0271241965873001
0.00757593918185922 0.0250726250291576 0.171168339424182 -0.672366661782158
0.0218494338876097 0.00552526999839466 -0.703760063472984 -0.640152179910675
-0.00259809532496396 -0.0152662889532825 -0.81056307545881 0.389229826362384
-0.0155228099159887 0.0174127906745668 0.0605512001515465 0.702425016666583
0.0058707762389109 0.0317506054630546 0.417548235384479 0.223818790104158
0.0148800377204586 0.00581762920857287 0.206766309514447 -0.107429611859233
0.0056218309588588 0.00850381937342064 -0.0601110716329869 -0.226950001221247
0.0217979177012075 0.0112467208484095 0.0672432552637284 0.144736724946169
-0.000814435575540162 0.02178283322878 -0.167977011044795 -0.0179464731369098
0.00946700294165157 0.0188372852415302 -0.273382401687909 -0.381990215261514
0.00661538504671586 -0.0231318556477492 0.308090841891943 -0.520779867813887
0.0460376421640034 -0.0375387364543665 0.832157326152603 0.136774148428433
0.0261068355410747 0.0393635852863858 0.296765220386822 0.928169108964405
-0.0413083646013121 0.0435522009449449 -0.373483678029755 0.595068058076447
-0.0482134506071991 0.0259472241188579 0.0544300852075833 0.0425672118318915
0.0100905088265582 0.0422308549710927 0.210697532740859 -0.66242298856268
0.0335251434715812 0.00784149547012337 -0.652551591849652 -0.709624882241391
0.00313285257739273 -0.0158032642686678 -0.850251403437209 0.312088719587187
-0.0119587350628917 0.0229103702620658 0.00170136188743703 0.708149598056673
0.0133340165835087 0.0391110691880385 0.404669219956658 0.259419279302475
0.0220521979928505 0.0121056510635823 0.215246270792224 -0.0858286032555212
0.010083147973236 0.0133567921765279 -0.0622477484382466 -0.218011414316276
0.0268739151551118 0.0122677613286202 0.0637069943295684 0.15460861650835
0.00903332334276753 0.0231011202609599 -0.163335188357535 0.006344150613682
0.0171397955331936 0.0234700889276958 -0.307605716844499 -0.349801049354877
0.00544232143641424 -0.0157425691791419 0.234116317824071 -0.559346767297239
0.0428057224973741 -0.042362747424731 0.833672181944802 0.00752901030530615
0.0387824757142041 0.039712319462687 0.415648116876126 0.863152643421129
-0.0357335178010229 0.0589569203355789 -0.317313458317101 0.628564735796226
-0.0560916558823237 0.0392086984580128 0.0391757913603392 0.0661591927678164
0.00721152719653499 0.0547479695672137 0.266551781221746 -0.639173917288217
0.0414508557797796 0.0130290010468688 -0.563026502204966 -0.803580291684115
0.008591109133194 -0.0150559201280035 -0.897545599109771 0.191049000607832
-0.012231463123861 0.0268616174153792 -0.0870620373685918 0.704782782493203
0.0142330711711248 0.0458518088163609 0.382506413802937 0.305800868724713
0.0265939342711467 0.0176485943590202 0.225418231544765 -0.0564184988561919
0.0132128585275147 0.0157900984404242 -0.063712530544556 -0.207242209081241
-0.00596458741526529 -0.00402336454398332 0.0561795163130937 0.160104857536061
-0.0443997810264952 -0.01787302502333 -0.153604427243352 0.0333080452826249
-0.0450826007760345 -0.0335258229191217 -0.345297464164884 -0.317926961243795
-0.0285057829810179 -0.0571004843123172 0.129360393741363 -0.593988458697388
0.0038738964259353 -0.0413641783056536 0.813256402363966 -0.121807623103421
-0.024162003484001 0.00487443126238499 0.54834162384992 0.774808916053373
-0.022293244497308 -0.062900491001874 -0.234169835813407 0.668445499216983
0.0258469694759301 -0.0838652543186783 0.0363999853037361 0.0996181339446398
0.00564357754865473 -0.0557693956006111 0.329636986210512 -0.597067989547232
-0.032977958894386 0.00171459222283172 -0.46174844635546 -0.87678990274765
-0.0218335333755744 -0.0069231751189154 -0.934906768900515 0.0792438782278997
-0.0518881972151632 -0.0254119358220071 -0.167793698337347 0.704868424392612
-0.0486313328958318 -0.011088422379156 0.362776219209276 0.337834877427031
-0.0248184579935556 -0.0191026955452162 0.237529540774568 -0.0393260001789821
-0.0191823488657684 -0.0124046730595565 -0.065556647142965 -0.198153406993646
-0.0052518778515563 -0.00347872488397543 0.061131498003008 0.149399655648329
-0.0454634170648097 -0.0165903207963037 -0.16150115055023 0.00393400802050044
-0.0392833080491467 -0.036041784887061 -0.312065885988872 -0.359769438946574
-0.0170485620390126 -0.0606679364513471 0.221959395121253 -0.563242641528561
0.0132108936399402 -0.0393509556273336 0.834322211797595 0.0211112733083735
-0.0245037674741227 0.00338784754018077 0.422052964727195 0.869641403343928
-0.0199218320183563 -0.0611636924667678 -0.306284158645465 0.636763247413814
0.0204347219952503 -0.0778004740657288 0.052748452815293 0.0709442758681424
-0.00104185738840243 -0.0457938769762653 0.263716285432934 -0.634539565926646
-0.0291553790982623 0.00595394478978153 -0.582793292669976 -0.777191462956283
-0.0214342643386778 -0.00826207148773757 -0.892726945893747 0.231628980873282
-0.0492310912005795 -0.0176721136777919 -0.0588920872406958 0.717463450935967
-0.0433601715515131 -0.00216708172301781 0.394172882237496 0.287026542899088
-0.020617914045995 -0.0158332343810484 0.226199691441937 -0.0740697664658643
-0.0171068786714795 -0.0095596676897457 -0.0657550569538051 -0.210196049959333
-0.0022635906269095 -0.000626454291161381 0.0659045306643424 0.141127523835291
-0.0422334395037378 -0.0116998688832924 -0.16549210808436 -0.0189162554663442
-0.0292696118933378 -0.0318700389334834 -0.277971659446241 -0.389393212509484
-0.00607117172177139 -0.0590553295602773 0.296011397319945 -0.525912991987973
0.022342931559034 -0.0380413236135804 0.83587316756277 0.144625625258191
-0.0197449457201432 0.00656772119054824 0.304939968955056 0.930956534018929
-0.0203557634446828 -0.0495184830767551 -0.363934791811899 0.60369106186509
0.00984410292950807 -0.0639671244555669 0.0639529140558147 0.0465574795590874
-0.00372945586249867 -0.0315093948099948 0.203926248514842 -0.658511817447693
-0.0190386483641675 0.00826184713317417 -0.668533969743514 -0.685495477013413
-0.0190031507461754 -0.0103975905995392 -0.842628974035402 0.343430889870387
-0.0427504674817868 -0.00865954606975448 0.0263590137867544 0.714477006449966
-0.0325659438672294 0.00749009361724785 0.413364990358544 0.242055968128093
-0.0139450099571458 -0.011153910306466 0.214650024771923 -0.0993631157421098
-0.0130353089511865 -0.00526718387484013 -0.0640482843284704 -0.220501125800172
0.0024810617978948 0.000840553246960434 0.069111830849453 0.135852261541697
-0.0335704631263014 -0.0034700440767338 -0.167977649832334 -0.0345085953366265
-0.0187133304314197 -0.0212670165148267 -0.254873219977051 -0.403672851185781
0.00202327644895862 -0.0526380657053234 0.343888053655333 -0.496158736916289
0.0322843902416211 -0.0353441189714539 0.825059708762663 0.226045953753805
-0.0110111079236766 0.0134450276061336 0.222970270697128 0.96731679830875
-0.0252129254321594 -0.0297930768170515 -0.400963027559299 0.577957181186692
-0.00435299786840259 -0.0430636876897683 0.0715744591281663 0.02930892978584
-0.00218165088677713 -0.0138439948420139 0.164513048374871 -0.671460192826564
-0.00682949254460111 0.00735598536713956 -0.71760490984064 -0.622431526935047
-0.0145202417090166 -0.0123038616663669 -0.803104765240684 0.413469022953436
-0.0338206281720887 0.0015039726655433 0.0802700209223999 0.706399757531767
-0.0185590846149122 0.0165579357039975 0.425180003615997 0.211785246171305
-0.00516324154150296 -0.00557365459881237 0.206170326338432 -0.115461568497071
-0.00757096088264102 -0.000835680544885878 -0.0630099414175102 -0.226727098448374
0.00879774053763282 0.00524889560406648 0.0722680428935612 0.134930409001323
-0.0238513298946803 0.00689287699279589 -0.169313139353589 -0.0382927985797385
-0.0083693223746719 -0.00706341123700164 -0.245841602397725 -0.406802146792775
0.00605983785007624 -0.0438309378880546 0.361402985264874 -0.485465895165721
0.0395395363880924 -0.0346535664691687 0.822659770557781 0.248651980256789
-0.000749968966268579 0.0234538810758804 0.191717099101934 0.976157308935261
-0.0331290144402775 -0.00547799814566402 -0.410639315816471 0.570126597160869
-0.0202220538970307 -0.0195075203740767 0.072301075568555 0.0226257897721074
0.00362768214085589 0.00601488708090162 0.147744831704805 -0.677809284133956
0.0077138158446339 0.00546159153324319 -0.733186183206123 -0.603277466335182
-0.00905508477631296 -0.0137322536496987 -0.788839493568607 0.432200095770189
-0.0238038680082676 0.00990265143512017 0.0967470976288717 0.701907884718672
-0.00517820817137053 0.0246939776495518 0.426834705774676 0.202742097271063
0.00417415360979585 -0.000453503286558623 0.203445462645275 -0.119082329308437
-0.00108212343224001 0.00436629817006363 -0.0630802031371091 -0.227383359536994
0.0155761001940311 0.00851657782594616 0.0715777344541306 0.137272531258726
-0.0115009070626598 0.0159029223998913 -0.169811160821897 -0.0318241147257097
0.00124641157072454 0.00749729750430325 -0.255127492082131 -0.396879554694264
0.00729093470597421 -0.0330511442086653 0.347572276482932 -0.498133865134953
0.0448091236451063 -0.035598970280637 0.826712108838736 0.212367623229809
0.012472586488114 0.0331703700101027 0.224552807793131 0.962348867649873
-0.0405959453993066 0.020690146168587 -0.401954914512167 0.576103085038644
-0.035703021003855 0.00561226173158294 0.0659787073332771 0.0266570470538834
0.00766967403267171 0.024113142716079 0.162260462433178 -0.676362307093224
0.0220115909267843 0.00461067857158948 -0.714878117698147 -0.632575240588277
-0.0027579708108767 -0.0155761076397371 -0.808043713864574 0.400862738988429
-0.0155911541286312 0.0183563663335458 0.0733078306224542 0.705803941541568
0.00557391365691533 0.0318766081817547 0.423229267932377 0.217786278802464
0.0146480696546567 0.0051423110272619 0.206052831245327 -0.110408793316301
0.00512617131514375 0.00871100855591318 -0.0637095602276892 -0.225029145760298
0.0222490801776143 0.0108756147742474 0.0696584121001996 0.144130287763219
3.06413503159994E-05 0.0224460635825453 -0.16863600049389 -0.0157320450289363
0.00968094537081532 0.0180012223276574 -0.281468276716671 -0.377301012065397
0.00661978855395562 -0.0232316016725383 0.299374631520192 -0.529092044026727
0.0457304528035886 -0.0394085442789163 0.836924181918105 0.123186754230243
0.0266043009617832 0.0397928271385798 0.310284387315173 0.925281115799095
-0.0416803678161195 0.0435081730273042 -0.36601809131595 0.600515974642463
-0.0482746195574246 0.0257800307644117 0.0548395666176367 0.0419835651868728
0.00949301012358617 0.0414874144462302 0.200758977883648 -0.664861743430295
0.0341026312248973 0.00691890987413557 -0.664699748105608 -0.701321642757657
0.00367176218831168 -0.0159798886417972 -0.847337041059876 0.323974158020642
-0.0110575039420933 0.0236225467792567 0.0131022912743211 0.709254096331507
0.0133664211087918 0.0393401816125757 0.410935864269379 0.25215006856661
0.0220685219682575 0.01210583716897 0.215460627726911 -0.0890181970336052
0.0102585562902981 0.0125809202919429 -0.0651841940335704 -0.217374719488869
0.0267118072334997 0.0118345953447197 0.0657289151830781 0.153931980152638
0.00908203526930464 0.0244507509125459 -0.163957122999212 0.00811764346577087
0.0170401777957405 0.0235443171000175 -0.315112654761739 -0.344222734417174
0.00465215111250154 -0.0154245919054984 0.226706374340586 -0.564815764698161
0.0424286518652198 -0.0423800087670378 0.837215701456773 -0.0040082565560973
0.0388876947490215 0.0389375396165254 0.428100111722971 0.856625984528249
-0.03427123592641 0.0591842023709958 -0.30889056529147 0.632133866475561
-0.0558282158387411 0.0396921013393401 0.0398105913931809 0.065356805680115
0.00741788352638737 0.0545932617721527 0.258063885659954 -0.643584421483348
0.0422999659426855 0.0118593271880034 -0.576782287542677 -0.796569649082755
0.00771255210139471 -0.0149073175463436 -0.897604047606501 0.206753458495387
-0.012775683917599 0.0278024752362013 -0.077317593291961 0.70836591289084
0.0142989877140896 0.0450735193065143 0.388103669847244 0.300756298026845
0.026326737812271 0.0178633581132302 0.225284785219745 -0.058258966772831
0.0131658565465016 0.0158751226194634 -0.0667199283393879 -0.206230000025644
-0.00522636092626003 -0.00217458509580109 0.0578800244888015 0.159801217579366
-0.0455300612987123 -0.0180999407651919 -0.153893526116425 0.0360359616474262
-0.0437923859300133 -0.0340015098803646 -0.3497662527074 -0.31318457862395
-0.0290413407402946 -0.0578987236154674 0.123491675993649 -0.595342061927643
0.00147392659580553 -0.0402103266746664 0.810962576432354 -0.131260504423194
-0.0228148186171393 0.00462241238102285 0.561358773859473 0.766908701788431
-0.0256172516573887 -0.0626037281241247 -0.22579183565333 0.668855479701105
0.0233035874443605 -0.0827656549755147 0.0380974650716392 0.100958490489097
0.00507459688538013 -0.0540530477457754 0.320307356767204 -0.604096356016645
-0.0333755331522962 0.000916641252786524 -0.472569709547623 -0.868185434181403
-0.0238362774272717 -0.00592271808136093 -0.933380164913422 0.096665165862536
-0.0537132831633262 -0.0243856495470818 -0.157140121687993 0.709273545411474
-0.0479446072528525 -0.0109479929873075 0.368480455435368 0.333163780261917
-0.0237830945534338 -0.0210124579652407 0.238798011021896 -0.0438196545499728
-0.0210658276873311 -0.0124656182787139 -0.0696453456958333 -0.19705058958607
-0.00746767740524389 -0.00398888123740904 0.0650678508607031 0.149453588050156
-0.0449239058959206 -0.0133520438000496 -0.16103133650206 0.00342575153636556
-0.0372546039584198 -0.03555875908647 -0.319901112424491 -0.353219402084343
-0.0174450003974121 -0.0623533454861053 0.214770745453348 -0.565003428513969
0.0132194848061682 -0.0410855048022893 0.836928370924434 0.00876884274432623
-0.0227839220936793 0.0042139351634556 0.43714399868459 0.864345635222661
-0.0202394001615078 -0.0625033951537124 -0.294086763453246 0.638372577075185
0.0211008611416481 -0.0789239363101476 0.0508254847075957 0.070756239023398
-0.00184624532182819 -0.0441608877998941 0.251915919049771 -0.636656794732132
-0.0295144910645374 0.00808597229288991 -0.596784297547545 -0.770944922001234
-0.0217307403401293 -0.00538768801161955 -0.889189146260835 0.241241692920853
-0.0504782030396541 -0.0182282144720119 -0.0445575452832338 0.719828445351262
-0.0413384176876576 -0.0031020067790542 0.399745063034455 0.280689793624903
-0.0222798234840142 -0.0145738900384537 0.224740317848496 -0.0778542236827182
-0.0176670650894294 -0.00760818848954509 -0.0667126638794532 -0.209363524042824
-0.00370841251293737 0.000110478930026314 0.0707151062266366 0.140211978676176
-0.0405670617528571 -0.00939742179211367 -0.167199665465259 -0.0198281993477134
-0.028575062090439 -0.0316738196895457 -0.283932122186152 -0.386334767223374
-0.00789487862457638 -0.061722982490272 0.291166820684441 -0.531824452879434
0.0236374823169644 -0.0367927533875619 0.840434730711289 0.132172977245578
-0.0185682251811379 0.00842288703246668 0.31926923123477 0.924937654153815
-0.0209944026946098 -0.0480331172988108 -0.352205141387506 0.606437391385029
0.00829119703716244 -0.062366019451223 0.0669061561638314 0.0472908260558564
-0.00344975755426966 -0.0329108119555378 0.192860572672923 -0.659081973312285
-0.0213603982944137 0.00660126874860583 -0.678778993426001 -0.674855901032034
-0.0208946064256225 -0.00808882815820696 -0.84121258978807 0.354228324411678
-0.0420247434672875 -0.0060615809856744 0.0401042650026252 0.715854597763532
-0.0346993577037095 0.00895049002404495 0.418749284577224 0.235481464990473
-0.0140862525937373 -0.00969632153562727 0.211750563126309 -0.102567856387759
-0.0118923094090182 -0.00431176099355947 -0.0683090877448029 -0.217905837015787
0.000891991779999352 0.0024431711677374 0.0697393453179109 0.137070169358479
-0.0343509675655277 -0.000423502885868802 -0.168146715321524 -0.0311119487596723
-0.0173321160111077 -0.0208683162923287 -0.26087176339012 -0.397737498629308
0.00150425184801437 -0.0545563787747554 0.336984193002892 -0.503026225888704
0.029972658316474 -0.0355160495681729 0.826306295957578 0.212566505960342
-0.0140410568090954 0.014023066974768 0.236117552873529 0.962652752791952
-0.0255747639022194 -0.0323874180525442 -0.39040827334243 0.58322177402982
-0.00314315618564202 -0.043183288382441 0.0714398316325472 0.0259367029255356
-0.00102327568232248 -0.0161489273088928 0.151721692607077 -0.672815410582025
-0.0044158336209345 0.00915587527514888 -0.726456915211897 -0.61082583379365
-0.0144075090557138 -0.00949857996083077 -0.797520181514973 0.42646352118728
-0.0325839556764501 0.00059757181258082 0.0887050355986881 0.702718262634036
-0.0177658814782081 0.0192011219332599 0.432489509964036 0.205639429706857
-0.00693491378153929 -0.00489779129805803 0.205117650923613 -0.116933558448969
-0.00853760135322083 -0.0022953144628072 -0.069440736619519 -0.225545751909157
0.00935483445007389 0.00668687697698326 0.0722771741160223 0.134451436244044
-0.0256060130508175 0.00848550662075538 -0.171676000659205 -0.0339845723678214
-0.00936707024536429 -0.00902511922999464 -0.253943373629853 -0.402417002585333
0.00658176529506701 -0.0450291875745261 0.353010949613832 -0.489135762201485
0.0404971701389316 -0.0370426300069659 0.824292525969974 0.237866519425657
-0.00207063636307972 0.023926294362443 0.207772390869746 0.97564313890515
-0.0346628098147737 -0.00282659683484266 -0.402983130154031 0.574595205969167
-0.0221759743681481 -0.0206936576218248 0.0704191573396559 0.0211636377401972
0.00424173477833622 0.00591381597914372 0.13573028670687 -0.680913460581272
0.0105224061329093 0.00599506235935179 -0.743596534161467 -0.59267345246844
-0.00829390449066649 -0.0150910289171281 -0.784916825986003 0.444228639607328
-0.0210377746751044 0.0102264768207664 0.106339483892096 0.696864936111478
-0.00353945586704435 0.0236694518372155 0.433667114844785 0.19556896848664
0.00291261441455534 0.00103987224076921 0.202189537775891 -0.121541112101878
-0.000676539150395963 0.00667883542811797 -0.0675446703872161 -0.226258276899545
0.0166319750092308 0.009892845136894 0.0707939862954196 0.136503920580489
-0.013539508895441 0.0174091441307106 -0.169431626637289 -0.0267839881464593
0.000367571626863306 0.00849100730321306 -0.259476267893342 -0.391284233069777
0.00790462741249786 -0.034405975170216 0.336088203925781 -0.504227993363568
0.0413227426760416 -0.0356346934896407 0.828695392349085 0.199638190325273
0.0140280717549853 0.0351476404512592 0.236797648327093 0.955920002156404
-0.0421470969848229 0.020747332364574 -0.394639954259376 0.581468776551293
-0.0346030340267006 0.00282645617812997 0.0681531437298647 0.0245025214978285
0.010345165898059 0.0233359820935586 0.154213181576258 -0.679137238391345
0.022714938483933 0.00180348130015667 -0.721989666265997 -0.622026159139044
-0.00417493849525793 -0.0135038953548238 -0.802787313640843 0.413977434443794
-0.0161903371006962 0.0208006984283024 0.085509592588767 0.701441095204193
0.00470291797029002 0.0329773377014639 0.430083307760669 0.209407596828385
0.0116820498489677 0.00619200841970225 0.208463729640483 -0.112396440178596
0.00278429771284393 0.00946483466246264 -0.0645609453451263 -0.222745201411051
0.020579016479849 0.00854760534237516 0.0689450645391269 0.143102642296951
0.000697773393816876 0.0209259064818181 -0.167320961600652 -0.0113372625764223
0.0109298583858356 0.0185877583599899 -0.287438827551728 -0.370312792021729
0.0063853528027281 -0.0213085704751183 0.290066183499974 -0.53541768091807
0.0470205982129516 -0.040027938071841 0.835649092686349 0.11353061651445
0.0251167468190474 0.0401393927830925 0.32510122916401 0.922117099618693
-0.0416509266988252 0.0415533599831737 -0.355559819780392 0.606295601510233
-0.0486028736689663 0.0243489604220326 0.0529564561976062 0.0405062848774669
0.00847860806129128 0.0401079807427166 0.192623434764003 -0.667807755073256
0.0329287273502162 0.00788005273721335 -0.675564300203542 -0.690026891823745
0.00379154558622702 -0.0180995330139287 -0.838920301667909 0.339767206504751
-0.00896715658814879 0.0233376858423214 0.026867483409593 0.708892146089668
0.0141826987130636 0.0408156649737606 0.414058800648987 0.244411880106209
0.0232809515578194 0.0116861034612766 0.21234346568094 -0.0908632817809026
0.0112855246913079 0.0156266720018882 -0.0672568961759588 -0.219426874813499
0.0282117477719934 0.00940717396207693 0.0703272693343033 0.152159157958743
0.00695172798980119 0.0239271040310161 -0.165680709075987 0.00897089467621412
0.0178678502636216 0.0216161520307482 -0.322384609688588 -0.340172685280086
0.00463133017487983 -0.0136136871301491 0.214464695610017 -0.568034728970883
0.0424812182866141 -0.0437505813507744 0.835045333722204 -0.0176166728502738
0.0381890325919112 0.0373272508824131 0.44182339246814 0.850260190185086
-0.036309809896134 0.0591056346359439 -0.299354212192806 0.638504381072083
-0.0567557295639542 0.0395675937280689 0.0403159533528864 0.0635928697653553
0.0088973924440133 0.0561590294829303 0.245107091986088 -0.645969967508344
0.0411576105227062 0.00902500344481491 -0.586648638246043 -0.789797063121882
0.0103419289523793 -0.015516524736763 -0.896859939632365 0.220662604657263
-0.0118869508014664 0.0258271711528589 -0.0677676341231122 0.707962138831321
0.0155427816965754 0.0433889976539375 0.394554906721317 0.293621119129196
0.0285262813159783 0.0168441626161405 0.224942906689639 -0.0647982249621693
0.0143224997062719 0.0169526075619578 -0.0702433572522051 -0.203300948123723
-0.0070392065316053 -0.00320347345089677 0.0605682147660415 0.158265724040283
-0.0459485742407084 -0.0149269630648901 -0.152531783608519 0.0365091333523334
-0.0465090533036876 -0.0331837393306119 -0.357407330576918 -0.306918855802197
-0.0313062920863782 -0.0559848523936689 0.113885574817705 -0.596501408612457
0.00221004681947581 -0.0405687358090801 0.812610881913002 -0.145120406674558
-0.0249507906776157 0.00609104001130422 0.569907675332514 0.757619834262944
-0.0252778632209101 -0.0622363518814245 -0.214141172120938 0.672016586413197
0.0227246255824383 -0.0845997529571993 0.0397527823591594 0.0990325843045405
0.00423568974216546 -0.0553869321819683 0.312794900982609 -0.60718720870052
-0.0325393176365113 0.00265825394396491 -0.48668647623489 -0.862635424582648
-0.022138476513159 -0.00501078040858361 -0.929999975241199 0.107830359008623
-0.0526579808823308 -0.0241902090795677 -0.144819303915477 0.709423502890823
-0.04997138981571 -0.00962848082338269 0.370331167770023 0.327609888840939
-0.0258922454420478 -0.0195230001544153 0.237840268473837 -0.0456484531301889
-0.0203487677983153 -0.0108976445079845 -0.0706650305984515 -0.195471262918672
-0.00628893979753614 -0.00372281464199542 0.0649236564056818 0.147183551838377
-0.0470560700046822 -0.0141251650708581 -0.162042827050019 0.00744528947443848
-0.0405274969501215 -0.0355474039190737 -0.323835594331861 -0.349606293518713
-0.0198393901273499 -0.0605671964848615 0.205871727353981 -0.569376955166255
0.0116200260690569 -0.0395935854938577 0.835690972015554 -0.00182038615777788
-0.0248737137993496 0.00463543113439099 0.448373686641108 0.856209134220973
-0.0225974397899627 -0.0611321659095436 -0.286784418795941 0.643405793221022
0.0174620448665924 -0.0788121067315676 0.0542564116753475 0.0692760892338599
-0.00294968307227198 -0.0467381435875454 0.245526821002353 -0.640862510158039
-0.0284893572922323 0.00585757988333829 -0.605652003087224 -0.75964400786499
-0.0219567934456424 -0.00658079953632857 -0.885544030825705 0.25640714184722
-0.0508195498205646 -0.0163391341811849 -0.0350234032121564 0.717698007458234
-0.0436058867840659 -0.00109187123370922 0.403124200924335 0.273373812572642
-0.0226938310515221 -0.0159161577854174 0.225781694456431 -0.0792606023096546
-0.017704058716961 -0.00830439110458508 -0.0703728488761872 -0.207606012998702
-0.0027222009758303 -0.00148994075636384 0.0695115146050192 0.137977695460155
-0.0426725170356159 -0.00923875930888408 -0.167428316479053 -0.0155553588487573
-0.0306429548525413 -0.0314897130923771 -0.291014585448691 -0.379610734737295
-0.00914565061406485 -0.0600128535919401 0.281221000534771 -0.534819777679202
0.0211067210971058 -0.0376516898510414 0.840080492913477 0.119684760246824
-0.0205947610770599 0.0063877040390329 0.332213787787581 0.921248466955208
-0.0224073977461374 -0.0499635057189496 -0.34677071192758 0.611205618267098
0.0072004515924283 -0.0641382878444346 0.0655170502871731 0.0451079827871394
-0.00518665777676028 -0.0319049122173656 0.186280001284422 -0.663464178069389
-0.0183198731562609 0.00794849527916102 -0.688956329062867 -0.667068988972637
-0.0192933238589136 -0.00889027609543213 -0.832950354477803 0.370706506235889
-0.0437242501767332 -0.00713012349375372 0.0488958555457332 0.714332173025999
-0.032519725027167 0.00797714441575559 0.422642236026914 0.227428263639732
-0.0158402444806226 -0.0111098799604101 0.213021766320355 -0.104397818652643
-0.0138831514835083 -0.00429380421534292 -0.0700792121519374 -0.217887961231764
0.00149537466477408 0.0009488399007315 0.0724028408359399 0.133453925984068
-0.034685897299612 -0.00107756317647799 -0.170511408484742 -0.0295558714193208
-0.0201124974337017 -0.0208030174240019 -0.268399626818702 -0.393937578835217
-0.00050103231637264 -0.0539016695086282 0.330088900246524 -0.505761605185711
0.0309651019994207 -0.0360123044994355 0.830123384758041 0.200048405702774
-0.0115937617592751 0.0129944309943557 0.247802602988607 0.958943972036742
-0.0269056845570404 -0.0297495298115249 -0.383997108800371 0.587322125637805
-0.00587772381855083 -0.0442326749058915 0.0716426889114273 0.0271038366628631
-0.00263743354666689 -0.0142078821719046 0.145776683709172 -0.675798919875427
-0.00598334471514349 0.00683478025251217 -0.735289528969563 -0.601443609017702
-0.0145242827972484 -0.0107694847337883 -0.790365173874402 0.437544262406725
-0.03446161516488 0.00274205445630306 0.102168589975696 0.704471108198551
-0.0186889841049433 0.0171180350464228 0.432133805081139 0.19941212389045
-0.0068907856552227 -0.00497350907850255 0.204612194041831 -0.120724646871194
-0.008343911509965 0.000426166845866554 -0.0698365379320843 -0.223592256779791
0.00907347688303166 0.00327430151184107 0.0749075704697369 0.131839410734682
-0.0236901432314467 0.00834426869263689 -0.171687851775314 -0.0334109824736322
-0.00903171868113877 -0.0064088465982499 -0.258908101718295 -0.397111138567345
0.00405820269676832 -0.0443681427830185 0.346762881894407 -0.495252934198572
0.0384744895076744 -0.0352636033354213 0.826988433169704 0.223897363005874
-0.000993435985373769 0.0238060906348514 0.21807532791533 0.970101520555325
-0.0345144931639788 -0.00425737956029039 -0.395526345711006 0.578469176020937
-0.021939943143836 -0.0189545354491188 0.0721669287806664 0.0209403703659072
0.00238553494946655 0.0047998541557791 0.128416408098227 -0.680167326253901
0.00926038452702175 0.00450780173644343 -0.74953423744975 -0.582396436367968
-0.00869959483010811 -0.0133592956206907 -0.775899801858901 0.45328346506253
-0.0233823394767211 0.0109480560254167 0.11865993556637 0.698849856854405
-0.00466936531714874 0.0248930941726611 0.434504079160267 0.190029780232427
0.0036546225611745 -0.000717955621230202 0.201805124224203 -0.124600737560778
-0.00198610911014804 0.00473690480388913 -0.0698920437787328 -0.225025063361621
0.0155065961120273 0.00772549537522941 0.0746244401016297 0.135197225162179
-0.0113421611628924 0.017411594644408 -0.172080078442766 -0.0268857627276907
0.00045197127490849 0.00679262279004129 -0.268139355634654 -0.388724800915493
0.00408694105546545 -0.0341457897103584 0.330129545412982 -0.506948198665206
0.0436940739470945 -0.0366508480949674 0.832930659183402 0.189019671021157
0.0131005384475905 0.0329732532322264 0.252458018262661 0.954369720280226
-0.0408182735070051 0.0219601758624641 -0.383199481005423 0.586644710976014
-0.035296649792375 0.0051454150746045 0.0661037280498424 0.0253283241257178
0.00795199729857388 0.0231148470523547 0.141911033696361 -0.680127852540777
0.0226770124912219 0.00298954961330327 -0.733505287353939 -0.610104395088114
-0.00269949042447813 -0.0147481553620997 -0.795258886204785 0.425359832994068
-0.0149305831905574 0.0185020423416158 0.0957453552601692 0.701337039338695
0.00697876310693388 0.0307306099845182 0.43054524738649 0.205261970187546
0.0132987679435939 0.00541643200074278 0.204723593883896 -0.115212283973292
0.00507081717835597 0.00877452349040964 -0.0704222551040573 -0.222764455194589
0.0219692784122456 0.00982188015477334 0.0726999407770813 0.140840412212315
-0.000372751752368335 0.0240403258985515 -0.169549346837195 -0.0107252922048039
0.00979376390169322 0.0182289537728724 -0.29397118715267 -0.36604153744454
0.00467334671891337 -0.0238794322934387 0.283888070347487 -0.53564053497441
0.0445799441660432 -0.039831957217925 0.838149242496449 0.100833273847949
0.0268966429633576 0.0390376989854012 0.336250476138532 0.915493264864056
-0.0408253883479486 0.0446524969100616 -0.348027044715386 0.609400286895214
-0.0480961705718603 0.026581097741179 0.055859876832171 0.0401240714821573
0.00995842962698587 0.0409839089546475 0.181236300664969 -0.67235709713528
0.0345379895800193 0.00489749588662759 -0.684861767732049 -0.684169807763509
0.00329490727244117 -0.0162099147081926 -0.838736148929703 0.350891882536048
-0.0108867990231828 0.0243674487932561 0.0349470648267445 0.70915292522676
0.0145035030621677 0.038116332117727 0.419502068357419 0.240094508402025
0.0220320380763821 0.0112318151772491 0.213731952688518 -0.0944707855317475
0.0104300612281546 0.0127915639685942 -0.071751376136603 -0.214722217793459
0.0264859696581514 0.0107844866796803 0.0697435559956154 0.151108482929557
0.00922061438027958 0.0248932263619176 -0.16371065736092 0.0128048430465292
0.0167040527092653 0.0225374772326101 -0.326852516355418 -0.331763380904037
0.00309816937809732 -0.0160713470397056 0.208216867024878 -0.569608845035211
0.0407696000967409 -0.0439980454400132 0.834067224071301 -0.027377560348316
0.0402006489936824 0.0381409503793623 0.454843998993289 0.843403895964615
-0.0345976451979886 0.0592981930755675 -0.290962308046615 0.63998384795608
-0.0555095397981219 0.0404472413422886 0.0414888034568339 0.0647690390378283
0.00883365672371727 0.052941918073664 0.239064647734075 -0.650204373029429
0.0424835072703856 0.0103303435380445 -0.600213369302222 -0.780093707019076
0.00905818261043037 -0.0147723898214565 -0.888185580023279 0.231845506585233
-0.0111936773545669 0.0278937868764176 -0.0543591382025057 0.709868434979312
0.0161318970772708 0.0442505460571134 0.399299487360103 0.28902987955907
0.0259033057564141 0.0170040351871006 0.226124214220887 -0.0649602474247311
0.0134303816490912 0.0155829259083693 -0.0722822359164988 -0.203894045443546
-0.00666066493697355 -0.00333336248704847 0.0623168673939068 0.15696327155283
-0.0461379329641064 -0.0143356848531538 -0.151931647329688 0.0372344668618954
-0.0467468646895709 -0.0321577268697936 -0.360006895062682 -0.299382758403372
-0.0322895239743388 -0.0559466220179412 0.10329932557054 -0.597463160364499
0.00123124107963803 -0.0411626331456764 0.806176048218172 -0.154336333904459
-0.0248626724764467 0.0065135822736313 0.578518478515117 0.747575625097594
-0.0267068002668475 -0.0625132357654851 -0.204870852452399 0.671853217315064
0.0220304054505493 -0.084898213304755 0.0405238131133275 0.0976090709860572
0.00292394090992943 -0.0564043556073622 0.3035715393505 -0.606995908639858
-0.0318209145755622 0.00278693719665239 -0.496556678775362 -0.853530927489916
-0.0218163438728195 -0.00448730813402651 -0.925818651639443 0.121016250323455
-0.0526042357426254 -0.0224996545798616 -0.135195904014765 0.708955637823179
-0.0493521371146733 -0.00871681838325826 0.376191005631753 0.319316359983174
-0.0270607665080518 -0.0191459073504814 0.236436611987623 -0.0479521186813621
-0.0202077631341655 -0.0103911094301159 -0.073195495749831 -0.193344850350052
-0.00621801751727515 -0.00333186777832861 0.0666781396925523 0.145981419129575
-0.0469246516522375 -0.0128022797918889 -0.161496305252705 0.00920231965689952
-0.0408662228871149 -0.034913735229505 -0.328694379120443 -0.343610243966117
-0.0210796988821827 -0.0607314504058141 0.194404231561375 -0.570392464938552
0.0110144548109206 -0.0390998230361718 0.834225516731249 -0.014989944278852
-0.0253525988521351 0.00533884390033506 0.458794521278083 0.847587651484995
-0.0241508828762829 -0.0613996563939598 -0.27951720517074 0.64398018434468
0.0166534369754322 -0.0784259789118869 0.0538118755133848 0.0694089251844015
-0.00341359218560957 -0.0468619524939145 0.236834403945793 -0.640724595547887
-0.0281621346370299 0.00598811431925442 -0.61319776134886 -0.748936077779946
-0.0210674899917357 -0.00607706594109619 -0.87787061379989 0.268372801747271
-0.0498952870147072 -0.0150373739336109 -0.024444770938222 0.71726181354736
-0.0430168684923861 -0.000510839451034115 0.405915864529773 0.268161609170892
-0.0234852083307799 -0.0153084506756386 0.224519634286613 -0.0811451720104254
-0.0181137719676816 -0.00774915152395637 -0.0731903748579336 -0.205530430775773
-0.00286828062471955 -0.00228856528893382 0.0716228631156713 0.136377336605615
-0.0433309598623121 -0.00881243501257465 -0.167590698572144 -0.0140650833269098
-0.0309568709393666 -0.0308215207062893 -0.295177932150359 -0.372132298596304
-0.00981474502275435 -0.0600149982368465 0.272584749074391 -0.536928043407749
0.0212954080132232 -0.0376915931458869 0.83769064076624 0.109077393803235
-0.020275992365395 0.00675265766076897 0.344333959924605 0.912227122007528
-0.0236702355890464 -0.0494808929860489 -0.337261628215144 0.614402902483868
0.00602010016813352 -0.064395689221771 0.0652716831737601 0.0438998878124534
-0.00633301557508083 -0.031700400396681 0.177223505219053 -0.663613338333864
-0.0180898597240461 0.0075538612921866 -0.694626420274821 -0.657098137442009
-0.0181663809749343 -0.00761240611817701 -0.824304550789271 0.379695015135655
-0.0435702042468692 -0.00649362564683899 0.0604156531434381 0.709308052712737
-0.0322900243867119 0.00842048279703632 0.424283130460925 0.221482109466253
-0.0165567597942139 -0.0105871317093075 0.211600626778967 -0.107060283334524
-0.014009336426843 -0.00380192283121381 -0.0731071044586842 -0.215805381911348
0.00162035030901415 0.00031460063375476 0.0735918739318801 0.131390046921234
-0.0352168459645524 -0.000466296255186028 -0.170326014965516 -0.0279522698472313
-0.0204460376273831 -0.0211716670843991 -0.273165908196856 -0.387230109268723
-0.00156777930590011 -0.0536534404519789 0.32133434683235 -0.507479899355203
0.0299386332900271 -0.0361480228125155 0.830921412873506 0.187442327573731
-0.0118026803112929 0.0142859548409048 0.260383660860265 0.953093473108447
-0.027762582596851 -0.029485420231611 -0.375024418200983 0.589716059510613
-0.0069337862491189 -0.0441640230483602 0.0718976601351628 0.0258566963504919
-0.00309228601144095 -0.0139789569877973 0.13640246695532 -0.674403073938286
-0.00599607603695331 0.00629438078575453 -0.740636094917274 -0.591770956984703
-0.0148999448784763 -0.0105426978694857 -0.781092629648398 0.447243609792682
-0.0342862928959023 0.00288271101149568 0.11436729486375 0.701756024731414
-0.0178654082254806 0.0168140846780484 0.434773184354976 0.189396567659385
-0.00736800826197693 -0.00561249215488655 0.202627056079209 -0.122670567178422
-0.00855584328028017 0.00105714297570794 -0.0719805236828526 -0.222424243326784
0.00820485175598282 0.00412963954551773 0.076432690622939 0.130272665479552
-0.02393349391838 0.00926116444146953 -0.171364294724256 -0.0324617854937687
-0.00927164896514642 -0.00667588296085284 -0.263332805302934 -0.390920640700944
0.00287410075618923 -0.0443669769428526 0.338717498335764 -0.497796419022718
0.0382390567721182 -0.0354473746556033 0.825741297496269 0.213204941558129
-0.000416929646047918 0.0242825283388307 0.23186550522339 0.962448482050362
-0.0349038037878165 -0.00430568796558678 -0.386295061972356 0.580335080219134
-0.0221919296591439 -0.0199011952078078 0.0722362061240988 0.0197129299043821
0.00254917467737065 0.0043526839670662 0.120096763254767 -0.680383653160035
0.00848211211315124 0.00445458895605647 -0.755073105848317 -0.571020974900742
-0.00866448007721421 -0.0135673323184225 -0.767272857185157 0.465325370920713
-0.0232711239958622 0.0112777655701377 0.128423378682165 0.694553692518042
-0.00413325019091409 0.0244218140609566 0.436561003241671 0.182044187174984
0.00300001447872411 -0.000432102578536315 0.199318455789021 -0.127251303763944
-0.00150525526012776 0.00567892125560186 -0.0728776818347482 -0.223778177347973
0.0155246430739819 0.00661404196562947 0.0754388413814179 0.133070507935109
-0.0113860749433295 0.0185945277064764 -0.171879819594828 -0.025021584936574
0.000611820680159317 0.00767768543180663 -0.272795123699544 -0.38288609377729
0.00359229604835127 -0.0334859081368163 0.322842639384149 -0.511045834532932
0.0437952983223739 -0.0371086278897299 0.830796207232542 0.176662273210742
0.0127841349889474 0.0332130604763143 0.26458624414027 0.947245024358713
-0.041150294311317 0.0218582055824975 -0.37631487339297 0.587468024266904
-0.0361868982318819 0.0051711246883469 0.066016141406197 0.0242921654289974
0.00790734020801479 0.0227104109191817 0.132747365714701 -0.679110182218502
0.0219733521368736 0.00248501714784779 -0.738823525119899 -0.599751776086392
-0.0022252144124213 -0.0145492127568105 -0.785824721465029 0.43540152615232
-0.0146111927024139 0.0183334532272146 0.106357445098522 0.697389355795532
0.00774441782384301 0.0315155978430058 0.432577997766258 0.198543471452488
0.0136295883563573 0.00548663793372754 0.203767041175341 -0.117765331605583
0.0046784509116467 0.00963518983332745 -0.0727826863789514 -0.221076157871297
0.0217162715554004 0.00958217630385423 0.0738563127707243 0.139656332065577
0.00101330749678006 0.0242173785607456 -0.169849458683788 -0.00983464222355277
0.00933338922213051 0.0170383084167177 -0.297332152140866 -0.36030246177315
0.00298622968498997 -0.023895159875815 0.276024870909192 -0.539252165278664
0.0439267002442649 -0.040562604683812 0.837315087966116 0.0883579069465465
0.0272611694696452 0.0385857506577841 0.349571500260914 0.905461107969514
-0.041159132420258 0.0446937944009063 -0.339017049815916 0.611128476948521
-0.0476650196272539 0.0263763906290857 0.0563057151157938 0.0397771829421794
0.0109097063162443 0.0401417553305118 0.169978205557538 -0.672026599460487
0.0343839016177552 0.00443282393581917 -0.691662376785946 -0.670807093943058
0.00345656610996368 -0.0148005794204873 -0.829397805004648 0.361313249235673
-0.00945914560852788 0.0243289023941673 0.045804404314389 0.706917205961148
0.0145176052673208 0.0378473323874335 0.422388424538222 0.233447043488081
0.0204667141811496 0.0111319588993457 0.213162832952648 -0.0968093838511537
0.0103874399783402 0.0133992629674728 -0.07392466020677 -0.213361992174391
0.0266655811238047 0.00918058102966741 0.0722602444019396 0.148770726079808
0.00934003236961946 0.0249012174173767 -0.164224699623163 0.0141719924264021
0.0163927333471486 0.0214591184287036 -0.330330048365892 -0.325721309385687
0.00258763604579232 -0.0162260759511891 0.19949460142591 -0.571293867867703
0.0401351386453985 -0.0439898286075055 0.831662863287112 -0.038484303811103
0.0399956656196213 0.0379859089771018 0.463010617789039 0.835588594520964
-0.0338348443747075 0.0592379012915832 -0.281395650585029 0.641310027702623
-0.0555672122830857 0.0407971112269914 0.0414235945090424 0.063905853079766
0.00925878935013097 0.0525123675189446 0.229057616174792 -0.650647730780854
0.0420822605250156 0.0091780077837984 -0.607250542540912 -0.770230550412735
0.00820572544830286 -0.0153062572026705 -0.884215884520748 0.242843252602367
-0.0113462135772695 0.0278078139824032 -0.0451784952063361 0.708449908168299
0.016317510099411 0.0444478492858114 0.402010706441587 0.281941808709705
0.0254190340440388 0.0174156523467887 0.225444205114809 -0.0674780450005337
0.0126823853325414 0.016802668428785 -0.0752174332040038 -0.202232960055251
-0.00719226814437542 -0.00176608663151863 0.0631694811795533 0.155682445653997
-0.0478025089980543 -0.0127743402108208 -0.151564611709357 0.0400099906636716
-0.0470794537881355 -0.0321408314809368 -0.365127294633961 -0.292569615620722
-0.0323163112804105 -0.0558231584159099 0.0955032779615706 -0.596237362265352
0.000241579628895696 -0.0397388521546456 0.801770317735567 -0.163787650905386
-0.0254986620986657 0.00789171185627156 0.587358218101296 0.735140417542062
-0.0271008148319017 -0.063381959604488 -0.193675107106271 0.671889003147304
0.0202908354561426 -0.0855646911672912 0.0416731222628226 0.0974713303077194
0.00219661896698579 -0.0563140941104682 0.294746895450661 -0.60795441377182
-0.0318860744517974 0.00235232895063266 -0.505614440856286 -0.842352987813273
-0.0212752125839598 -0.00353903240271307 -0.920823862439022 0.130071419202784
-0.0528686802225448 -0.0211252289060044 -0.126128543411217 0.706577079311334
-0.0490560672114893 -0.00986420860463957 0.378682437785586 0.313741831122616
-0.0275214823371514 -0.0184135227829238 0.236942073017243 -0.0502539367494454
-0.0211963899664394 -0.0105785656155943 -0.0765954360969728 -0.191523476507443
-0.00442035710224846 -0.00177232143768587 0.0675377697442706 0.144553235808257
-0.0479072857209974 -0.0107292554735813 -0.161137177739977 0.00995280167138161
-0.0409574104840804 -0.0338634112356353 -0.332630224065656 -0.336879267894641
-0.02239751263504 -0.0591498138752928 0.188089241739147 -0.571837337634614
0.00953437410901509 -0.0384203040053926 0.830247746215567 -0.0249028367381187
-0.0255607962040352 0.00621125217771513 0.467941123835735 0.835409558761715
-0.024020482740143 -0.0612425938960234 -0.2689830747526 0.643228023119373
0.0148671070329718 -0.0784042546078548 0.0549937847516197 0.0681962163771845
-0.00415842989549968 -0.0469783943948262 0.226830892612089 -0.642003759527797
-0.0298595064710484 0.00718895690906642 -0.620618993437648 -0.740935833908447
-0.0204538347688917 -0.00401468054131161 -0.87320819534916 0.279372245044772
-0.0487375250615607 -0.0152440057835088 -0.0153741563705744 0.7144185828509
-0.0441611242251346 -0.000311804026295128 0.408731355069443 0.261552684143177
-0.0245677791483041 -0.0151168523385093 0.223226694974383 -0.0838462292679109
-0.0182394510516444 -0.00682856618408419 -0.0752101398653403 -0.203889534881211
-0.00436149325910622 0.000560749327584989 0.0722161011559716 0.136080043893767
-0.0430899898060349 -0.00689579000999335 -0.167499162410512 -0.0117627602859832
-0.0327408962743594 -0.0299079686605214 -0.29980032792871 -0.366238520992024
-0.0109233620527544 -0.0592796431589576 0.262674678720312 -0.537116659006491
0.0208331877842807 -0.0375911169177371 0.837302844140916 0.0974754547492225
-0.0213372907345937 0.00842839139036703 0.354467267106753 0.904289342309253
-0.0254431757197626 -0.0512394893256379 -0.326304121880743 0.613756826301262
0.00474535142767714 -0.0646785579318579 0.0654851703164856 0.0429497542991686
-0.00612253905406842 -0.0320486502810165 0.167629023085469 -0.661551398816972
-0.0176043916629893 0.00779824549417348 -0.700657547493322 -0.644596983557824
-0.017562782205957 -0.00759248921353113 -0.817691339303578 0.388837281028796
-0.0438130634506363 -0.00544066892016884 0.0693783320985561 0.707043714964324
-0.0326337929698507 0.00861817209126959 0.424232622699048 0.215556878177752
-0.0165648565854874 -0.0109971018702153 0.210912882307965 -0.109364215835065
-0.0151456299385694 -0.00253608407036289 -0.0762675532945468 -0.213579660132781
0.00103140138308434 0.00145440547600041 0.0751374585211169 0.129120804127573
-0.0349933065425793 0.00170303489646357 -0.171333404904255 -0.0256264967993167
-0.020938453440702 -0.0206827368557746 -0.277459534714651 -0.38192134400768
-0.00248414409876236 -0.0535550395277849 0.313249502689265 -0.510301668062259
0.0293967988752455 -0.0364059118591357 0.829743342445913 0.177215482099811
-0.0116438825290334 0.0146170956605107 0.273855214980377 0.945270721135112
-0.0279933493544539 -0.030225118240735 -0.365737493556351 0.589330353294735
-0.00778315074279544 -0.0436398215358383 0.0720568904671369 0.0260454860295639
-0.0038308744671732 -0.0147153335102011 0.128579140236873 -0.674858792863446
-0.00595223793070986 0.00597528766075933 -0.74686722663471 -0.580380237527882
-0.0147605872699652 -0.0106464394129666 -0.771586993035466 0.456609125367463
-0.0336143231644557 0.00407963743263918 0.123601478342878 0.696237923790736
-0.0185289740918067 0.0169080086170873 0.436733309222699 0.185404335810506
-0.00726485117725861 -0.00527180779013844 0.201160761094975 -0.125214484461894
-0.00851087868408662 0.000831636327792618 -0.0754878756527293 -0.220922844372241
0.00812843954405781 0.00402961492463642 0.0748702506726051 0.130184252861572
-0.0230882162505567 0.00928882460943029 -0.171766826493254 -0.030652760877559
-0.0101777151087494 -0.00619369453672742 -0.26870769450617 -0.382678428991933
0.00215421135565845 -0.044098686291885 0.330067504017122 -0.500731986131537
0.037412717334417 -0.0358043671914854 0.826599855415852 0.199420254452138
0.000884743561046548 0.0251838125652642 0.244196546156283 0.953247582441604
-0.0357874503557462 -0.00408247489481087 -0.379082739949902 0.580937017405659
-0.0231373250312763 -0.0193287758825289 0.0735736117053584 0.0182074981918318
0.00162488497651309 0.00408012750906374 0.111777105809772 -0.678098437348005
0.00817146302635937 0.00328938157119423 -0.759311982144549 -0.558264708507912
-0.0087379122238501 -0.0127465650503757 -0.758730235495396 0.473543845957301
-0.022814717678803 0.0114355867114674 0.139352971890099 0.690473102080325
-0.00348614976941034 0.0246809076663779 0.437918255542102 0.175814583539171
0.00271036708937655 -0.000614654362254741 0.199159099639932 -0.128055216575794
-0.00226494644709396 0.00646149995231303 -0.0745418432641494 -0.22169867191384
0.0146376013585796 0.00705598877866116 0.0772575786206013 0.131580201820219
-0.0107306126141525 0.0183920382128831 -0.172269153626159 -0.0237211614478639
-8.15776467831281E-06 0.00766620078348066 -0.277229213495581 -0.37518987927129
0.00300695702714187 -0.0336732728043775 0.31355998547407 -0.511457930856167
0.0433499416560101 -0.0375929691655695 0.830001999053483 0.165958311160261
0.012626573865252 0.0331769779037676 0.275815478716544 0.940628649656347
-0.0416700937809533 0.0221160984369429 -0.367086210953359 0.590216922150165
-0.0355315270212075 0.00558217483825825 0.0647529860015735 0.0238069318709442
0.00764514598104627 0.0220319770615214 0.124436197183574 -0.676668774086969
0.0229419120102599 0.00254626058247198 -0.743666456638685 -0.589035404354372
-0.00316936516117641 -0.0146172065813 -0.775514994942441 0.444572828496312
-0.0142763900268969 0.018457948322414 0.114598957137921 0.694926705438847
0.00753444347816232 0.0312896647342056 0.435048817671439 0.19119173762035
0.0131585919758787 0.00555977019114639 0.203107314484632 -0.119952654740989
0.00553654858047663 0.0094701737509562 -0.076452858076273 -0.220186268949106
0.022755483058663 0.00911055345573802 0.0752334106559363 0.137215830412904
0.00125218518921843 0.0249546701559841 -0.170333929365388 -0.00724589793276771
0.00866717216817299 0.0159087666508852 -0.301137366581274 -0.35292911557024
0.00300221070677284 -0.0239223671971462 0.265287657922122 -0.539689463211618
0.0436259492265099 -0.040476993887321 0.837010121170809 0.077832686406458
0.0283175522491473 0.0382962051818704 0.360148852575132 0.898827410460261
-0.0408153134396617 0.0450790264253331 -0.330144120305594 0.611998062945862
-0.0473910138170446 0.0262450164457205 0.0556081691420494 0.0378434554592561
0.0100570519248139 0.038224508487082 0.162792034036223 -0.667513345114607
0.0356297715124917 0.00474747064511886 -0.696820235460319 -0.66002548652509
0.00303853161876909 -0.0152993483355339 -0.822580052602325 0.370017396876758
-0.00955606696354865 0.0241418765680326 0.0555203960378867 0.702563569370067
0.0158357869033274 0.0375039884456207 0.424903055909192 0.226968811235221
0.020304968311547 0.0108816427248656 0.212413148075507 -0.098655812461582
0.00931155339598697 0.0130499737032996 -0.0763357065061581 -0.211035788165656
0.0259978806421849 0.00871927511257907 0.072934522210955 0.148816489304261
0.00994102092552891 0.0255841323196661 -0.163833331663035 0.0157107762164497
0.0167199873004618 0.0225324147190351 -0.333742698956175 -0.319249786600958
0.00219656343290353 -0.0166651158648324 0.191793791028074 -0.571992453586188
0.0397576942795004 -0.0438292340953402 0.828362469789579 -0.0496461294035446
0.0407896948315031 0.0381360697581541 0.471742123810946 0.824231406299502
-0.0348909080209023 0.0598291531573314 -0.272514487615585 0.639921667955585
-0.0544276622996693 0.0414214559819319 0.043260231882452 0.064209680068876
0.00891979390839039 0.0526744529952109 0.220168071137641 -0.650800551072477
0.0417521392876504 0.00876402650102014 -0.616329471357291 -0.760464380547881
0.00881848113303317 -0.014829172489448 -0.878086163677118 0.254190297550363
-0.0109933727034266 0.0280348077510925 -0.034510204865453 0.707954298185278
0.0168129139470218 0.0439047024831894 0.405288467033721 0.274721870944417
0.0262152533580744 0.0163785199709071 0.224480337208029 -0.0698411634830133
0.0140930663153294 0.0165246354900493 -0.0773723487273192 -0.200584079267789
-0.00652038577578637 -0.00322462606285493 0.0643667716134689 0.154336765468398
-0.0474644475293033 -0.0124408973834224 -0.149987646027305 0.0393791647382139
-0.0481554739121071 -0.0312762120231486 -0.365873087186084 -0.286349292351993
-0.0339648319762916 -0.0555555495148372 0.0869350778914858 -0.593971663467758
-0.000479733597345582 -0.0395180966723971 0.795116572929373 -0.174888751066148
-0.0254706843567807 0.0069374361858226 0.592453446317962 0.724028741958901
-0.0282342330630154 -0.0614335421301013 -0.185077004549916 0.668914561398285
0.019237229621481 -0.0856200480996021 0.0429747232675702 0.0967273401709004
0.00207329153857927 -0.0566546022009164 0.286464700052751 -0.608717576526137
-0.0311539546085297 0.00318616686155391 -0.512878034491786 -0.835177100105331
-0.0212252598635791 -0.00262893142731853 -0.915212948006416 0.142338970233362
-0.0525927501560292 -0.0212341391663513 -0.115809081978493 0.706195679478474
-0.0497406140136313 -0.00808098169771711 0.382650574242332 0.307894359112929
-0.0285223955833241 -0.0186815526552316 0.235309718056287 -0.0528433027416155
-0.0209762385757179 -0.0087243124282897 -0.0763634440645616 -0.189860290999798
-0.00674212165901961 -0.0034778057423315 0.0691063595447271 0.142479557498484
-0.0480888943738528 -0.0102866602730168 -0.160129199298507 0.0120133052005399
-0.0423046737373709 -0.034370994218853 -0.335475597805864 -0.329145993114668
-0.02333794457786 -0.0595850187719284 0.180295486653725 -0.570420024422032
0.00946574148365854 -0.0386262010118308 0.826732805931848 -0.0345754608736305
-0.025779763713222 0.00647726146872891 0.47474691146308 0.826614559102123
-0.0258205270139214 -0.0604990639084797 -0.259073049692416 0.642962845824969
0.0139404854925482 -0.0791183998481511 0.0554567030804508 0.0669203443922379
-0.00467112879691213 -0.0475419638611301 0.217835252738746 -0.641994553396684
-0.0268369578591908 0.00664562480273752 -0.626267487828921 -0.728820081317721
-0.021469679425901 -0.00481656099797293 -0.864379552492684 0.28787994703315
-0.0503597746404092 -0.0140195182355018 -0.00664565820457357 0.710776890591301
-0.043002313464117 0.000312900367522871 0.410131225903735 0.253833732115702
-0.0246360652970206 -0.0149022088744156 0.222316323992077 -0.0864191203646329
-0.0196023622774238 -0.00704523112110606 -0.0776467899752208 -0.201877557056848
-0.00370639869375469 -0.00144198524084198 0.0733591344573038 0.134363941195873
-0.0435931078275645 -0.00538667496282841 -0.167586731212537 -0.00971167943466494
-0.0324530456693314 -0.029847384419934 -0.304141639614129 -0.359939979957294
-0.0120077199914322 -0.0596820029654294 0.256062549727939 -0.537993082678837
0.0194934506818131 -0.0373891761069645 0.834804262044207 0.087563997726711
-0.0207265472086694 0.00835301581980455 0.363443530451434 0.895560501885528
-0.0255472325437046 -0.048813098491715 -0.318988863547176 0.613061528308464
0.00392081596502107 -0.064725179607475 0.0655080591564316 0.0428549424180135
-0.00667865236732793 -0.031848138328541 0.160379067584764 -0.660791401448771
-0.0184232782870871 0.00774574839222461 -0.706166024298569 -0.633047409946682
-0.0187212006944893 -0.00722818063752115 -0.806897466627977 0.39800188233779
-0.0432215533219727 -0.00480888226029395 0.0780357661925577 0.702659109576778
-0.0319852045218651 0.00905079317482335 0.428316845596958 0.207188526250734
-0.0180580780262329 -0.0101907493519414 0.209312308496463 -0.110692381398312
-0.0148915086292931 -0.00246502611392948 -0.0776585417238133 -0.212394939683899
0.001180028287678 0.000516032263388339 0.0760401373802312 0.128081749878311
-0.0346474248367666 0.00157224995490779 -0.170690394043687 -0.0236314931701798
-0.021757745695442 -0.0193830749204024 -0.281480363467085 -0.374458233027848
-0.00383850873068362 -0.0532017731792592 0.304014628738599 -0.512224050435742
0.0298458722212985 -0.0362282123333245 0.82882921096563 0.166466475057146
-0.0123579946650325 0.0147350012942156 0.280603756447616 0.934576525147549
-0.0292375599384467 -0.0294000769781129 -0.357236492656515 0.591311386710521
-0.00858358585208583 -0.0434991125416549 0.0713566180662749 0.0252159798970333
-0.00414372473618378 -0.014958078191283 0.118182399125789 -0.672748467893374
-0.00576001962722764 0.00586722038303405 -0.749432043982929 -0.567095242749859
-0.0142011980729186 -0.0100500845838012 -0.763496392275868 0.462585651875709
-0.0337511074099544 0.00347432130842244 0.130557490105781 0.690770031791949
-0.0179270402586112 0.0161934428111996 0.437384378880771 0.178051864189225
-0.00766220489608298 -0.0052626471232548 0.200016633316576 -0.125999608982362
-0.00904322681941897 0.00197452880052861 -0.0771627667396262 -0.218428637240633
0.00830241113426667 0.00352950745579163 0.0778352490724182 0.126643313151857
-0.0234013161457777 0.0112503934447662 -0.172292087493258 -0.0278818077819119
-0.0107482336917287 -0.00631578642053303 -0.27293168289629 -0.378593452611204
-0.000146257510843441 -0.0447011594460679 0.321807539441624 -0.500821393014977
0.0367976134025128 -0.0360910381851231 0.824460767898724 0.189671246857765
-0.000158613548091528 0.0239732975585311 0.252988114981845 0.946936606215518
-0.0361407637730098 -0.00387011708935035 -0.368285832928766 0.581789544130339
-0.0230831499738895 -0.0186452611717787 0.0715550999366239 0.01787923495215
0.00180939973360167 0.00363718113633308 0.103150523834664 -0.676297629210271
0.00858295902007561 0.00275096140462511 -0.763243240183273 -0.547848669890726
-0.00930938072823917 -0.0123533519400391 -0.747607896231227 0.480710400598346
-0.0230492432259911 0.0108697283377332 0.14755186642006 0.685302551686674
-0.00400023109155559 0.0243859187740114 0.437728686312861 0.168823428365139
0.00246292603748909 -0.000759014547674962 0.196086970906471 -0.130347133120806
-0.0017345683169106 0.00659020790923093 -0.0773362573897915 -0.220597014866135
0.0146680900127932 0.00618851707203318 0.0775702472439505 0.12978901638139
-0.0108630038282038 0.019842426967341 -0.171835661843571 -0.0218463940891864
0.0005564242602435 0.00698334924471621 -0.280377695796591 -0.3687061008171
0.00203202673709403 -0.0334150112080357 0.30730179813418 -0.51338232608945
0.042530003834371 -0.036801047918854 0.828845359965853 0.153660830602188
0.0134118765047275 0.0331670856307675 0.283939098885454 0.931890495874395
-0.0401123257193418 0.0222306216856649 -0.358813148403182 0.590409996931825
-0.0365326393940974 0.00531251418366006 0.0657008487358581 0.0228836927397877
0.00710954180282384 0.0217472420441266 0.116792285501344 -0.675549373494422
0.0225567766514479 0.00111530446622659 -0.747468774591611 -0.577168093343253
-0.00245514636939592 -0.0136510332234761 -0.76697104488695 0.452586073118948
-0.0134802198263337 0.0183002847432687 0.123105550004978 0.68906739079103
0.00796901465376087 0.030936533681325 0.435224013875401 0.184486235224419
0.0123357114785599 0.00543433265889815 0.20041674682438 -0.122042950389675
0.00459205141058213 0.0101002354211823 -0.0775506131217469 -0.217025325395636
0.021508831864758 0.00809473363421981 0.0770198110670263 0.136024418246768
0.00129333013968896 0.0249494425893292 -0.169189462392897 -0.00616985113094856
0.0089387614262799 0.0169797567556126 -0.30533866157221 -0.346686031442903
0.00152415749558721 -0.0235869055927033 0.257849941035775 -0.540568473586449
0.0431132288519671 -0.0412036302672685 0.832916024584349 0.0657181323758184
0.0276508912678507 0.03757149662544 0.367125960609621 0.889903725192217
-0.0403558637174872 0.0456929340072832 -0.321397193666172 0.612016488497637
-0.0478106683711153 0.0271439590751522 0.0555757547108332 0.0385363533308183
0.0109272044579159 0.0388733391672461 0.153667304294804 -0.668163602985976
0.0347954683731447 0.00245040120770874 -0.702565842797302 -0.649283437520216
0.00325525915310766 -0.0150412392577971 -0.814555119372291 0.38043380492051
-0.00992393352545475 0.0241466998716428 0.0632267941041532 0.698487899332293
0.0154819900638498 0.0376868625339901 0.425346046428852 0.219952484258504
0.0199581410268427 0.0105471142803297 0.211255808949458 -0.101742467151572
0.00918895262251285 0.0133410538811155 -0.0781581850907136 -0.209515830537185
0.0262099603978106 0.00787730322172138 0.0741739853707245 0.146575821836244
0.0100251962884687 0.0262483270578841 -0.163688093848422 0.0180177016220254
0.0167413196872782 0.0211161811007858 -0.336987091555375 -0.312167901258264
0.00146682855147419 -0.0161039514618168 0.184113104341134 -0.571253159941783
0.0391916807114141 -0.044738777353863 0.823449338934753 -0.0600813744492989
0.0409617285697014 0.0375100567965167 0.478653486145681 0.814605173419849
-0.0335316240062313 0.0594213782241015 -0.263086822523011 0.64013829788509
-0.0542624327348741 0.0409647433886103 0.0428149758964475 0.0635455040166431
0.00994563983329733 0.0520141327542475 0.21249084207177 -0.649157723906041
0.0420660619074174 0.00692533203495487 -0.619837930004163 -0.749698080539396
0.00843818574053104 -0.0139616399076405 -0.870004325839286 0.263257996160523
-0.0103966452443195 0.0284478143563979 -0.0264354522899961 0.705779532015668
0.0177854735699027 0.0439240653680612 0.408036110506665 0.268856052286041
0.0247534574071922 0.0167119270230633 0.22378881124376 -0.072623783688313
0.0127694505804346 0.0159907234858619 -0.0783922754154057 -0.198064731047262
-0.00695892038641146 -0.00312670507250287 0.0661356340930363 0.152504485473755
-0.0474358460959044 -0.010604879787353 -0.149753712589986 0.0397236546666836
-0.0485883170698348 -0.030474756233007 -0.368417612485381 -0.279674929605965
-0.0350410224659826 -0.0544715919089975 0.0799909703520657 -0.589658258988472
-0.000742916223644454 -0.039313591002197 0.78830549479491 -0.180479820272637
-0.0259899747210014 0.00813805247620475 0.597702131111674 0.714707394813588
-0.0299459027954928 -0.060979607942164 -0.17782207093648 0.667031269130514
0.0177527907765087 -0.0848921418848898 0.0432230059400511 0.0951797317664831
0.000990986616635811 -0.0568665403413966 0.278671922707649 -0.609518229263305
-0.031307936482104 0.00308550167526676 -0.518297629001259 -0.824990342042101
-0.0205287486747706 -0.0026474198105374 -0.908119799446939 0.152344414808898
-0.0533693006195416 -0.0201596504702946 -0.107342527124868 0.703204930023201
-0.0485883694672258 -0.00707234791306794 0.383539022372255 0.300624215594377
-0.0292929631841895 -0.0187894221890803 0.234009796437679 -0.0552841719450198
-0.0219590750515877 -0.0086304778644616 -0.0776310406377029 -0.187365076276809
-0.0060674826397334 -0.00349530431738854 0.0706411683137885 0.14135273005139
-0.0481072117838299 -0.00922495747625217 -0.16015388567863 0.012535470270364
-0.0428133000376806 -0.0328612217471599 -0.337583778474396 -0.322922804788758
-0.0241360884346065 -0.0596482736865973 0.173180614617326 -0.569632588378339
0.00888830975026103 -0.0383501674128514 0.821090353509804 -0.0437769532723761
-0.0260087194953604 0.00684339165496413 0.481913939535574 0.817102375582581
-0.0266575990956559 -0.0597415562216396 -0.251961400693803 0.640397760811203
0.0124250188319483 -0.0790133662703261 0.0550751680728424 0.0660891506244194
-0.00530513211360139 -0.0472782007247049 0.212565702869137 -0.638469184518096
-0.026741494976193 0.00639120024479401 -0.632116670728396 -0.718384038365555
-0.0203270630255665 -0.00449419915815863 -0.856624428814396 0.296188192811991
-0.0503527415750893 -0.0127631346944446 0.00225188105692257 0.707618114651479
-0.0427963576162967 0.000228571403752379 0.410749251255817 0.248268638537471
-0.0248390606131812 -0.0146172370723846 0.220292665715012 -0.0866894919775919
-0.01950798731416 -0.00563788713522359 -0.0789566520744403 -0.20019877212274
-0.00381815609322774 -0.00252438473528352 0.0744657810754664 0.13242679476544
-0.0438891553210721 -0.00481146718421782 -0.167930363406969 -0.009305331240656
-0.0333784747578741 -0.0299518743837639 -0.306046843922301 -0.352746367033007
-0.0141762800017506 -0.0587876510244914 0.247521629850089 -0.53636990353299
0.019299658961966 -0.0371414765171197 0.830894292241679 0.0768599174630326
-0.0209770228431792 0.0089046271776047 0.36963529881238 0.885160443659461
-0.0262083400729977 -0.048447324261071 -0.311458138974184 0.612461908510028
0.00316544217671199 -0.0646979955429793 0.0656825680834025 0.0413579482186032
-0.00731598064992538 -0.0322122502666521 0.1539253331344 -0.659439365804822
-0.0175206804132044 0.00745967006342221 -0.707036174887825 -0.624165502851903
-0.0182178517090332 -0.00719035513228002 -0.798975396743933 0.404788863707022
-0.0430420204495278 -0.0037513215769172 0.0856169839967116 0.697976146982195
-0.0318753916086146 0.00937614824617256 0.428456347356572 0.201860628731846
-0.0182421817852699 -0.0103515865189814 0.207659408224448 -0.111999874975273
-0.0148486926177943 -0.00134705677200306 -0.0788929774278554 -0.210376746625863
0.00084222046407967 0.000190199801076407 0.0763493976744907 0.126130884013464
-0.0354083490714941 0.00273951324476316 -0.170874296381428 -0.0222672073335882
-0.0214092210286449 -0.0195541190697415 -0.285180120646796 -0.369509565342337
-0.00535753107540761 -0.052969570840337 0.295920884257982 -0.512344975941307
0.0286814780354509 -0.0361178158081016 0.825438363704303 0.157295214392346
-0.0120704810259972 0.0157943890431007 0.289584447655566 0.927305921808614
-0.0301598444421553 -0.0285368396238648 -0.347663768215476 0.59196587772573
-0.00862976937007944 -0.0440176802538385 0.069958817573291 0.0233927319214698
-0.00398975892586376 -0.0148893945714262 0.110580891514087 -0.668340048375478
-0.00385587359379261 0.00530597484780972 -0.750941558588618 -0.557766822632358
-0.0138854411387034 -0.0093666415755964 -0.754890308486133 0.470154543016278
-0.0339577563297377 0.00463652384596882 0.139243845866497 0.68631782603441
-0.0169894173330796 0.0169593724378504 0.436607058274563 0.172077648153366
-0.00940265328855206 -0.00548225151445719 0.197574895044546 -0.127119224039827
-0.009036246832153 0.0026351288229431 -0.0787380484165968 -0.216092982564931
0.00735646613584965 0.00375768702839799 0.0785560848570352 0.124918527782782
-0.023619200880919 0.0118310628409894 -0.17198365269628 -0.0261036813415652
-0.0108277461386868 -0.00642244503316174 -0.274912083912959 -0.372193294419648
-0.000632798634306412 -0.0433964263884382 0.314470509113697 -0.502717488933166
0.0367995220534076 -0.0362915820145687 0.822328228960791 0.179482846929139
4.79599821115988E-05 0.0246107804260732 0.2619233013727 0.937540058248685
-0.03715684725581 -0.00367074045182658 -0.361163782888501 0.582836562655994
-0.0234219597740884 -0.0195423887348676 0.0705462027631213 0.0176602730584198
0.00216081444415265 0.00357628671455733 0.0958651386129666 -0.673058927641874
0.00901146944915243 0.00263295966844428 -0.764570648128576 -0.538183557404928
-0.00873071790078168 -0.0116861948019665 -0.738429826694069 0.486857112596808
-0.0231600210400879 0.0117064957610535 0.154477098761293 0.679426551042562
-0.00359888253888665 0.023952035127924 0.437750516735036 0.162878396782267
0.00200239985088915 -0.000568362726833409 0.194233783118389 -0.131314893590555
-0.00251043708645327 0.00632368368912625 -0.0794554781651529 -0.217870033200553
0.0145599411745427 0.00609268325978726 0.0788158607348108 0.127627062881211
-0.0101398512926751 0.0205201919540828 -0.172296908851477 -0.0199173917848514
-6.50542639629844E-05 0.00636459866497591 -0.284269639802761 -0.362925686566663
0.0015248980234395 -0.0336033955091907 0.299515314490797 -0.514597961448214
0.0416456278808088 -0.0376022098118267 0.827054999930268 0.145339412564552
0.0134035779931008 0.0338346005414576 0.292888011185778 0.921731115242522
-0.0412274426769531 0.0227837004968561 -0.351354970738756 0.589276494784468
-0.0369337260166127 0.00586485254209083 0.0655255113095073 0.0223129059505739
0.00781359115246321 0.0214076447159274 0.108264958933524 -0.672411360902872
0.0228666014880657 0.000874337880682793 -0.748771126796674 -0.56709383523655
-0.00255382425932939 -0.0139456904018417 -0.758302254096191 0.458054344081018
-0.0134173338576048 0.0184311244569831 0.130453235969011 0.684134445126868
0.00840134124625275 0.0305185493888737 0.434249761076991 0.178634488563324
0.0118728097248023 0.00529243069581116 0.199044155773006 -0.123148469832774
0.00530079066687369 0.0106213935995828 -0.0800207563006127 -0.214901990764292
0.0204589698705869 0.00711290280215966 0.0779131384303107 0.134815090982588
0.00092298231885712 0.0257780260505466 -0.169415302790967 -0.0038728766517781
0.00894014148875871 0.0170550405725839 -0.308381277480552 -0.341338954651409
0.00117221302862716 -0.0234522048323538 0.249851603341799 -0.540018731895803
0.0427895419346046 -0.0410795897654732 0.829120780151271 0.0568473779412043
0.0282852161089782 0.0384068749703159 0.373991281785591 0.881118271024183
-0.0404783745545108 0.0448317761467301 -0.313753593832546 0.611217601148761
-0.047511141535734 0.0263725234165882 0.0559358564541252 0.0375501206676246
0.0110095270794291 0.0388305068954329 0.147162541654524 -0.666318308512357
0.0342821880995146 0.00118959615856636 -0.704530415570759 -0.63940044268094
0.00373116643596256 -0.0140799241826872 -0.80452359446896 0.386302254784443
-0.00933552922012808 0.0243680781312449 0.0724535018463012 0.694952778050207
0.0159381978762577 0.0369394135514307 0.425336011823724 0.213349310810831
0.0198046683707642 0.0110466942003947 0.209723590735553 -0.102351253476526
0.0103073008150623 0.0137753274166198 -0.080152040578124 -0.207060052707546
0.0253409073739479 0.00805917294281626 0.0756127569348429 0.14418922052217
0.0102996275277967 0.0258327604008833 -0.162924467850834 0.0184680307634447
0.0160910688919241 0.0214070864063777 -0.338705050354512 -0.305994915503388
0.00098261746187548 -0.0161502495797753 0.177063244848611 -0.569288852274263
0.0386096546448723 -0.0444307928445148 0.819993238838979 -0.0693346476313174
0.0404530700696117 0.0372576774944348 0.485961904334022 0.804534548615388
-0.0332463039708425 0.0590466735215125 -0.256374437458724 0.638650491480695
-0.0542195387103599 0.0407305083564551 0.0428673393039545 0.0625933864995605
0.0102112328833619 0.0511135040485104 0.203545992305487 -0.648615714633648
0.0425326401698705 0.00645994935855524 -0.626879598923274 -0.739559179538895
0.00830919969947906 -0.0148462052201612 -0.862273516238427 0.271727826846479
-0.00991120631309552 0.0277305173149815 -0.0184832180546535 0.699519181158437
0.0180109145729221 0.0440834882098251 0.407577231860781 0.262229926993895
0.0245807634396868 0.0153227551338321 0.222340431174171 -0.0742098897508834
0.0133727149755694 0.016916907916724 -0.0799320487853298 -0.196966954921227
-0.00709666746186266 -0.00368605334106779 0.0671539267610909 0.150604584677549
-0.0474130357815265 -0.00982993626313263 -0.14897899585709 0.0404750926981592
-0.0486069120883039 -0.0306450596815793 -0.369593662707265 -0.273551712952718
-0.0359790162471602 -0.0536896990085553 0.073908441394527 -0.587872640329496
-0.00126047878507555 -0.0385243345731195 0.783042789679234 -0.18762076549554
-0.025884371838114 0.00828179095972903 0.598935025370653 0.701229601040843
-0.0296817134942427 -0.0610067418515251 -0.171087455416597 0.6634928026333
0.0164283820339355 -0.0850250490316553 0.043009083101668 0.0949740552746285
0.00022121446111821 -0.0568198750604311 0.271526366352311 -0.607272160642223
-0.0302684167652186 0.00248763691621269 -0.525346174802616 -0.815434740393492
-0.0207141629407297 -0.00195452400101111 -0.901696599636248 0.160585065780685
-0.0532120541631719 -0.0193926253846474 -0.0988104966757358 0.700481960734946
-0.0493247694683907 -0.00629355449484136 0.385774567677564 0.295850734857756
-0.0294867409572766 -0.0183503239606321 0.233698881003532 -0.0571445643337095
-0.0226981881448579 -0.00773953623653332 -0.079428705225237 -0.185069783162694
-0.00648096708252149 -0.00354271170126277 0.0705973183150674 0.139111509090017
-0.0486205589279142 -0.00843994461045202 -0.160031758825992 0.0137832940602549
-0.043148727147935 -0.0326897359212477 -0.340684284883773 -0.31713903764078
-0.0252430475080451 -0.0590271347416068 0.165672041640761 -0.568357131334257
0.00796592279831602 -0.0379032823587457 0.815854241850989 -0.0529913066483092
-0.0260865069774227 0.00733556070839832 0.487492698038644 0.806115645906686
-0.0273769293630158 -0.0593485434120631 -0.244738098830448 0.639573117619507
0.0110378482794067 -0.0792673569427918 0.0562806942761397 0.0654633562277449
-0.00595115794334609 -0.0471141620875414 0.205641822246735 -0.636298644740565
-0.0264386037369093 0.00626778676470417 -0.634625087759874 -0.708663646534782
-0.0199471116849119 -0.00376909100673531 -0.84904820989666 0.301670155221555
-0.0500571794519222 -0.0119999654029739 0.00933944493471518 0.704473858485872
-0.0419425461430639 0.00170346038081053 0.412670967214599 0.242017982232534
-0.0260307686523529 -0.0149154357601663 0.218902946775595 -0.0884388976095727
-0.019659241959427 -0.00444326973285483 -0.0805894300361567 -0.196677958646401
-0.00467633390504535 -0.00169208042351628 0.0747804203441244 0.130569392180096
-0.0443379568542321 -0.00470295081086388 -0.166442545949767 -0.00745410983942219
-0.0333948542521387 -0.0294751325448892 -0.308966122237221 -0.347017038564674
-0.014120675434887 -0.058346758762362 0.241495746560894 -0.537528141753638
0.0188194358478794 -0.0368444436692377 0.82595658276369 0.0680422445965096
-0.0208390120756764 0.0096394786305654 0.377345659854469 0.876309686926515
-0.0288388616826409 -0.0464245093546828 -0.303876936973577 0.612554805953163
0.00190219510285071 -0.0645812452170888 0.0656537590128163 0.0412646209088656
-0.00745478273164235 -0.0319867156677387 0.145925588097171 -0.655966468903718
-0.0178067904248728 0.00732729752285448 -0.710290871813394 -0.614398961510709
-0.0181587195940219 -0.00630484516139477 -0.789862560587615 0.411487403883235
-0.0431626841389591 -0.00416717726368716 0.0929826799339155 0.693469893433602
-0.0314294648782987 0.00943026965775842 0.426791973914913 0.196148144971395
-0.0184826002785551 -0.0100971175589787 0.205161938778581 -0.112810195998413
-0.0151220759480358 -0.000652846362958223 -0.0806797236833424 -0.208308668059724
0.000661061035687659 0.000248514276405356 0.077246289063052 0.124740087361566
-0.0351568622582332 0.00356056588290812 -0.171078038335817 -0.020524886441669
-0.021886774282829 -0.019995223867474 -0.287931573097388 -0.363975581011615
-0.00614464068331828 -0.0524195947125595 0.290538536577932 -0.512767918747216
0.0282212989204766 -0.0362691641511585 0.821550708858574 0.14852178402936
-0.0116638547158063 0.0156513057585777 0.29678805369911 0.919691831282599
-0.0306426212974269 -0.0285311146237879 -0.341505323747201 0.590071603131914
-0.0107053045430345 -0.0439301056332758 0.0706911822984887 0.0237206631068334
-0.00466921983857831 -0.0156078741063454 0.105641375205178 -0.66501302895818
-0.00544578626315872 0.00572063651213711 -0.752133326536519 -0.547215336573152
-0.0130120288877024 -0.00882685136074094 -0.745481745661216 0.475119621658033
-0.0334933447290058 0.00430848035448798 0.145531234059106 0.679612438953103
-0.0169618545401344 0.0169124776924717 0.436104345254228 0.166765504739381
-0.00930695192207808 -0.00463395961822429 0.19635064604906 -0.128940495517404
-0.00928820315625376 0.00347120658773441 -0.0799195718147151 -0.213570150789993
0.00773987453758866 0.00239952310967465 0.0788543167871571 0.124798040352949
-0.0234320172327796 0.0128054085673671 -0.171132700317037 -0.0225224873464221
-0.01080237027755 -0.00604477599144868 -0.278108291375454 -0.367387559485829
-0.000627584685541914 -0.0436196320920266 0.307136781586035 -0.502744661230098
0.0363437544661543 -0.0363040127766341 0.818813157838004 0.170883711719188
-0.000979230042297274 0.0245884820431915 0.268924220316088 0.930416110272924
-0.036620900761459 -0.00222839681487595 -0.353345244884057 0.582961226017666
-0.024123992354162 -0.0189944995885762 0.0716482184152641 0.0170027746483879
0.000456582277783057 0.00303226775546345 0.0902096025357856 -0.670403345418025
0.00869632063490487 0.00188768277444047 -0.765444923618618 -0.527006987761438
-0.00806180759996705 -0.0118238267575514 -0.729406684732839 0.491978731061271
-0.0226112454917866 0.0117776641595494 0.16008518554134 0.67403931218903
-0.00338951853202009 0.0232075370948598 0.437195964900993 0.157424372075147
0.000303204950852868 0.000473060706172748 0.19298553671603 -0.132034841718599
-0.00359601378570894 0.00698729820335181 -0.080622151927333 -0.215542757240013
0.0140622103669546 0.00538676839872496 0.0793658045407873 0.125600600939569
-0.00941677909607582 0.020898621746135 -0.172459640678612 -0.018111050418991
-0.000289502871310859 0.00645553172215306 -0.286542648758936 -0.355954605270034
-0.000797081255215051 -0.0329375726920281 0.291824484448304 -0.512440989962178
0.0417446834683835 -0.0397949950926711 0.821567498081507 0.137202388611578
0.0138784251090547 0.0340295676740409 0.298516794504112 0.914051525551384
-0.0401318084906361 0.0228909761374209 -0.342850337493828 0.589520263447615
-0.0362230673140188 0.00538827550157342 0.0651704390663989 0.0224088453127527
0.00822977939530194 0.0210384954843196 0.10282938754181 -0.669020316370224
0.0220838744207783 0.00014796013425096 -0.750482296573906 -0.556395889100832
-0.00265499678556924 -0.0145855740664076 -0.749287350736395 0.46234613163689
-0.0125830424308618 0.0179737539662299 0.13706988197913 0.679409418896058
0.00852985460234658 0.0295090618975388 0.433953900529818 0.172659775809343
0.0108612299499518 0.00581828913700536 0.197923894348774 -0.123776465925363
0.004324407141794 0.0108719599594264 -0.0815609965294394 -0.212646085323669
0.0198722348883809 0.00686986252945588 0.0786971456112184 0.133404794245416
0.00123515728334992 0.0259517829731796 -0.169008170560347 -0.003325841185285
0.0090192567776526 0.0176551417620267 -0.30944684239339 -0.335517211940696
0.000507693210094948 -0.0229992634286594 0.244216198995104 -0.539742917420478
0.0417601865726249 -0.0411428358039171 0.825511661573181 0.048229158441601
0.0280826155528969 0.0381728770457801 0.382076095132313 0.871134596821314
-0.0403231728514984 0.0456261200564731 -0.306358916662422 0.609400962197851
-0.0480136278140745 0.0270710196171279 0.0559957221617504 0.0374637077350786
0.0113484725864527 0.0375754335658517 0.138418101172198 -0.664089623824117
0.0338459813939208 0.000919364160400879 -0.706078826148661 -0.62899638834921
0.00347389081139305 -0.0142734652890797 -0.794970180562902 0.393403282221582
-0.0089697205591498 0.0244775909827439 0.077699238913384 0.688944132435273
0.0162979623363777 0.0366833051268096 0.427051623548787 0.207302823541615
0.0191879087337952 0.0116933184882149 0.20870438869899 -0.104281176028018
0.00992661819532209 0.013897549820538 -0.0813608910179738 -0.205361861337081
0.0247923815064903 0.00719519956727713 0.0762100413947595 0.142496059666517
0.0104879078484792 0.0264493121447901 -0.162378555692009 0.0198122320749503
0.0166524938732066 0.0211802414020228 -0.340108061732371 -0.299846083558641
-0.000417104517332591 -0.0161067213294285 0.168215671376873 -0.56815896813656
0.0381853981396806 -0.0447256361969264 0.814559083346376 -0.0762829207495027
0.0409058670189717 0.0367400894757686 0.490027766400608 0.794574170169009
-0.0314620792698736 0.0597497744463692 -0.247006470264912 0.635729187524826
-0.0536566500739881 0.0411610220144772 0.0427542142971135 0.0612546030524894
0.0103042500482911 0.0502289777507783 0.198008001361674 -0.645346502785778
0.0425425046753862 0.00581301603525728 -0.631022688927789 -0.728689603840829
0.00916783292809784 -0.0147121199703284 -0.855108271213503 0.278606344064524
-0.00997981639851165 0.0281518176881074 -0.00873220304096226 0.697901149367747
0.0182024231124922 0.0435581482069162 0.409353910893412 0.256829615621103
0.0245900522587524 0.0158728571216587 0.222170262025499 -0.0761287770409798
0.0134205448223163 0.017196402819113 -0.0823837839557458 -0.193758549448553
-0.00705236553999859 -0.00326991992196276 0.0684413856210533 0.149558285166797
-0.0480112177561358 -0.00929758963473469 -0.149986949194025 0.0416520271002577
-0.0489533850985907 -0.0302682730692673 -0.369391591749636 -0.267558508566485
-0.0360301378740341 -0.0545566676869918 0.0671343162792712 -0.583695051022625
-0.00218736728511807 -0.0377253766181957 0.778946982531681 -0.193313052005032
-0.0257359580272861 0.00829198962178815 0.602338153208141 0.692194435233691
-0.0315879493071173 -0.0611615737938206 -0.164895760425353 0.661170346780164
0.0150133240510243 -0.0852595765135855 0.0442764183475856 0.092857628133543
-0.00105990690960274 -0.0560038440016732 0.264552886223459 -0.604287117074617
-0.0304384499464385 0.00261365723439236 -0.526950919537848 -0.807326594986814
-0.0198037622198334 -0.0017214770212275 -0.894495881791753 0.165366027384902
-0.0529738805460751 -0.0188241543448429 -0.0891981341085808 0.696731314336579
-0.0488633290190449 -0.00520844631402952 0.385766123427882 0.289865002930446
-0.0301730033142813 -0.0184922969616722 0.232023812864004 -0.0568779727120393
-0.0215235381758515 -0.00696901892594384 -0.0803338667272082 -0.184255016086424
-0.0068672549564493 -0.00335843127173527 0.0720948756677816 0.137735303230954
-0.0483144086338757 -0.00731928104207305 -0.161562832093444 0.0137181743369335
-0.0438027512656533 -0.0313780784039182 -0.339985950014377 -0.310360922600853
-0.026220839944138 -0.0583937937764441 0.158326576630042 -0.566717093207815
0.00923445834250369 -0.037960515872123 0.812374053672909 -0.0584424858643169
-0.025485940189315 0.00736630779406656 0.490420690341726 0.796130465145745
-0.0289339809131357 -0.0594935717381487 -0.23783576618153 0.636454290082934
0.00929263455115028 -0.0782113650584455 0.0557754487533104 0.0630213545228298
-0.00651523361052165 -0.0486463464522793 0.199473367693653 -0.633778949303847
-0.0266043897282454 0.00476385149428703 -0.635602036958228 -0.697637958075376
-0.0198797311112468 -0.00415002303617295 -0.841916919517258 0.30990029746132
-0.0504349804120126 -0.0122304898769851 0.0156117733377819 0.698887115668948
-0.0417956442140906 0.000688464497704624 0.411653855051721 0.237881315568885
-0.0256154270769109 -0.01484158292967 0.218966386390911 -0.0900250443206098
-0.020168238903397 -0.0040361697418198 -0.0817448608565098 -0.196597081402638
-0.00444129833886994 -0.00210602943170258 0.0751545992872161 0.128572358037585
-0.0439584822990762 -0.00325897922354863 -0.166577944345828 -0.00735099023500128
-0.0345418686346215 -0.0278714740895124 -0.310618158342482 -0.341493404041446
-0.0146784627870931 -0.057012163239163 0.234423236096322 -0.535992055360637
0.0183901631442903 -0.036805055910866 0.821837381860823 0.0628611155398994
-0.0216214084183663 0.00952671739585942 0.380898099329041 0.866179741550264
-0.0274368440209234 -0.047508987807707 -0.296336597624471 0.609525375593287
0.00120376444651753 -0.0638921515179575 0.0656893235156704 0.0400568491523986
-0.00849686182238717 -0.0333154735250762 0.140446745481863 -0.653091354053834
-0.0174636042596873 0.00579340943928083 -0.710703695600291 -0.605473286507807
-0.017572859869394 -0.00678709853172703 -0.782705845079852 0.413418744317904
-0.0442667355536092 -0.00287844599216584 0.0985279702056773 0.686086873705257
-0.0315981726668128 0.00922324589075313 0.427787796150572 0.190698881727055
-0.0195562543119668 -0.00893942138758336 0.203763830253747 -0.114323755393835
-0.0143430963598418 -0.000171807463883324 -0.0818872170187313 -0.207261528854239
0.000983048151238973 -0.00136385452356555 0.0779447746554977 0.124141240227564
-0.0350042556017868 0.00395231319301609 -0.169434409878304 -0.0199690359839817
-0.0232484250642815 -0.0176042898781104 -0.287664860980297 -0.358237874301252
-0.0071214959507597 -0.0518735768324759 0.284071618293597 -0.509892143826489
0.0287108610058582 -0.0356596951691231 0.817623952242867 0.139358776693942
-0.0119017943801245 0.0163729098476588 0.303234954524546 0.910120101499214
-0.0307958763274758 -0.0276795533224668 -0.335393756825074 0.588466773580138
-0.0109665777486496 -0.0423846886800501 0.0697315610977523 0.0235889562198599
-0.00451506279234262 -0.0159815202481614 0.100234266827951 -0.661127457170892
-0.00451807464518776 0.00402323808305118 -0.752026120969963 -0.538331210655138
-0.0140053758608799 -0.0089794709997194 -0.737088328203995 0.478353255227091
-0.0334334934244173 0.00518248737538994 0.151556796401012 0.674489148128204
-0.0173930869798865 0.0177867546903008 0.43625187534513 0.160975952336183
-0.00996799872280956 -0.00462233428307466 0.195139982936515 -0.130286937870668
-0.00927675809104748 0.00303259797224806 -0.0817317970528293 -0.213384223996218
0.00675852322443882 0.00367566189585642 0.0795636613621006 0.12126124916366
-0.0228920030609713 0.0132072769021685 -0.172102410013282 -0.0230259346346397
-0.0106153848498535 -0.00598242049928267 -0.279024481410947 -0.360770051931337
-0.00302319492892696 -0.0430076922992974 0.301811982370782 -0.502424004046593
0.036530526399679 -0.0376874702391846 0.8161525942751 0.162429924079356
3.83286093978349E-06 0.0251911349022656 0.27390625441841 0.922099152082262
-0.0370036405227713 -0.00256750869645819 -0.347890538499326 0.579734339637126
-0.0233707807041194 -0.0189288915963238 0.0703942811307057 0.0167625576233001
0.00122085534053239 0.00332721191033355 0.082584950202733 -0.666892025868499
0.00860085645704605 0.00273716185687545 -0.766008331276355 -0.515744583846778
-0.00761415681548325 -0.0105893857435784 -0.720905675276988 0.49405037331227
-0.0221658067122866 0.0122601235290494 0.166417731011572 0.667380834753109
-0.00346587299308106 0.0237366929504971 0.437128193665935 0.152299138680246
0.000619880118847756 0.000140864430054115 0.191387390386816 -0.132963983907263
-0.00227311687225249 0.00711730056680605 -0.0824549605539934 -0.213785238937689
0.0144963783046649 0.0047270076871511 0.0801376723436601 0.123040698833461
-0.00987120884570944 0.0213612579198581 -0.173092245827553 -0.0175239349533498
-0.000719975452249432 0.00723648683006925 -0.28879930775923 -0.350629802220601
-0.000275245009093654 -0.0324918866621739 0.285632393273626 -0.511912239598122
0.0410046052136842 -0.0378770957259123 0.818840077727909 0.126920753667932
0.0141169764369901 0.0333479558835475 0.303354522569387 0.905517776579191
-0.0408723430263255 0.0231381878693813 -0.336169054855764 0.589582486353474
-0.0364512321866064 0.00599284585744425 0.0662056303146882 0.0222973173638211
0.0079814828396359 0.0196978194681369 0.096937073478985 -0.665928993645791
0.0207679564326044 -0.00184553110010739 -0.751236781256442 -0.548130102939285
-0.00278729573435007 -0.0137599333016513 -0.743442261635741 0.467041613408003
-0.0133186699510432 0.0184561706321043 0.142478095977579 0.674911150743041
0.0088665576802123 0.0298822591568663 0.434072388283808 0.168747486183083
0.0109715076867831 0.00617418695305895 0.197072890498348 -0.125034004531921
0.00500642672133122 0.0106935573311795 -0.0824938297266665 -0.209679927604978
0.0195681484419709 0.0082180807632859 0.0792384236024825 0.131527962144962
0.00231623361688837 0.0257096174014717 -0.16973399019589 -0.00174151082095996
0.00780510728996618 0.0170665166168744 -0.309820442339537 -0.32938220878638
-0.00152310398891903 -0.023541510505377 0.239564092508982 -0.537945544433706
0.0420828428231272 -0.0413215040903953 0.819927736016556 0.041922153281932
0.0274869167272746 0.0385488582843658 0.385129898139453 0.86322191588545
-0.0414456811619649 0.045416264786082 -0.30094256379312 0.607376799342249
-0.048379329972152 0.0268133349387732 0.0556364234494606 0.0380706166114211
0.00953343238289701 0.0367365420720052 0.133002007603821 -0.658343452647265
0.0336096808984182 0.0014605886173666 -0.71097612303681 -0.620182960158623
0.00417848044143211 -0.014617006883415 -0.788819989740833 0.396848377638105
-0.00837765412477116 0.024026623546045 0.0854672731547351 0.685361508957969
0.0158934517016967 0.035094170134207 0.427696137777694 0.200835409948198
0.0192087290663116 0.0112656953314934 0.206513915611725 -0.106217003496574
0.0103284489757223 0.013722082453043 -0.0810329433487545 -0.203356209807228
0.0248455892611224 0.00743981752393933 0.0771708305931907 0.141798307257232
0.00940636979689515 0.0265932859918672 -0.162874513854713 0.0218890029714598
0.0158773289926562 0.0210986490697855 -0.340160539665157 -0.293156384514518
-0.00139186590202724 -0.0153342675744893 0.16317594415244 -0.565298007535535
0.0369871344646718 -0.0451321607665811 0.809052445834873 -0.0833019696270019
0.0409399798126698 0.0357473594365241 0.493084725157536 0.785364196451801
-0.0323223551650145 0.059556352467776 -0.241684452300046 0.633701540838755
-0.0529528831417055 0.0414629315202376 0.0434860697005374 0.0616099216900272
0.010364388096884 0.0500908682212763 0.188389839703891 -0.64186661689218
0.0426407263898535 0.00576728111994515 -0.633997847796758 -0.720939647700596
0.00922845507453379 -0.0152191049095374 -0.846752032426315 0.284271973702199
-0.00971546560361782 0.0284946901215607 -0.00222112368436083 0.692699813473879
0.0187111777580583 0.0422411011083085 0.409498972996711 0.251873341322149
0.023556041900335 0.0160448750838683 0.221618192461157 -0.0789000944137296
0.0133768301381382 0.0162628521710542 -0.0829025760618679 -0.194105416231214
-0.00711481732479133 -0.00321316405059081 0.0682927118766314 0.147954784818273
-0.0484624613360893 -0.00853938080889701 -0.14832481676763 0.0413353168243947
-0.0501302754797829 -0.0294933394354393 -0.370215044295395 -0.262994694366598
-0.037400409684594 -0.0532666597519528 0.0630994500873238 -0.582185877972656
-0.00183085235302335 -0.0375238177114671 0.771937146120355 -0.198927076019445
-0.0264075440672405 0.00980094571518151 0.604034699510927 0.682662184659289
-0.0319055359405425 -0.0597642665490987 -0.160364884321608 0.656008910556842
0.0142848541613461 -0.0846369893815573 0.0445324583608891 0.0918155429688013
-0.00112469085770583 -0.0566497183192715 0.260084210803658 -0.602613119058856
-0.0302459700434196 0.00310011189852172 -0.52834424747615 -0.800312458886867
-0.0196608973316479 -0.00128308348019802 -0.88879563765192 0.172935422230824
-0.0534136257540121 -0.0178534172271952 -0.0845214529511295 0.694498615215686
-0.0486406268553722 -0.00582359356852541 0.385190235977256 0.286471497127393
-0.0306028110394835 -0.0178813894648338 0.231443098186312 -0.0592711855293831
-0.022977300889972 -0.00602889056886121 -0.0805074041250679 -0.182301162632759
-0.00778124919305676 -0.00333312815055893 0.0718056274995773 0.136601829463364
-0.0481987449490589 -0.00694732894780765 -0.159114982173139 0.0145867275994372
-0.0438995738406163 -0.0318641800719119 -0.341708215948733 -0.306026944472671
-0.0271423855371591 -0.058678997639373 0.154606950529352 -0.563907974293461
0.00806269036621618 -0.0377426944621818 0.807093582443771 -0.0646506689006913
-0.0263195732405684 0.00827710877769925 0.493574276675292 0.787745172950333
-0.0295653102196951 -0.0581950320248351 -0.232445206711015 0.632660524976044
0.0100966394980537 -0.0779131545830074 0.0562707124428551 0.0634891201093131
-0.00702995736088334 -0.047107086784593 0.192826080621817 -0.633252141251803
-0.0261989131237164 0.00609006790404246 -0.638632303743094 -0.69035205295948
-0.0197512452544651 -0.00278194018494906 -0.834521004836301 0.314198570699394
-0.0501823318082994 -0.0118694666506496 0.0209700752368294 0.693488747759024
-0.0423845044588295 0.00187604229713691 0.411633435976484 0.232387106736884
-0.0264602479294171 -0.0138355352600407 0.216801804692861 -0.0903751577913722
-0.0197609981456061 -0.00332695593148843 -0.0820311106090642 -0.193540560329575
-0.00437018290167839 -0.0026338902430702 0.0752319854061699 0.127249227892698
-0.0435994999430194 -0.00146267285164434 -0.166383009926162 -0.00617609928160381
-0.0344148481737327 -0.0277507096902702 -0.312108005657141 -0.336354158160975
-0.0161574038673232 -0.057435468945072 0.229928874215083 -0.534851822321657
0.0180714604552644 -0.036671880121761 0.817014290033767 0.0541004530497432
-0.021012289240745 0.0111483672082235 0.3853539964993 0.860056302220483
-0.0285235999517067 -0.0463316053315987 -0.291443435428563 0.607643877680349
0.000414977155025348 -0.0643238994725398 0.0651389917727055 0.0399729747242879
-0.00813753313076137 -0.0329700747256472 0.134761585515873 -0.650998053615192
-0.017316676897955 0.00643208618923899 -0.711177739824557 -0.596036819524006
-0.0172579166762737 -0.00547985760492202 -0.775490361965991 0.417188971257498
-0.0431831178610063 -0.00328542023803147 0.103864696622692 0.682357546166863
-0.0311425359500734 0.0100170285005329 0.426997846495502 0.185716452768533
-0.0204124094201 -0.00876535140241844 0.203155875454063 -0.114050563927383
-0.0155168097503616 0.000503759030998512 -0.0824220273181434 -0.20436030368041
3.12169925007501E-05 0.000425519312350443 0.0777659728023569 0.12195393145116
-0.0350207433148952 0.00517591079449432 -0.170934432644467 -0.0189286790988945
-0.0230046145254008 -0.019062175454355 -0.289544874711459 -0.351178294019831
-0.00782197684233608 -0.0521551316109727 0.278830003559017 -0.509291332060501
0.0283621102889218 -0.0357570334865287 0.814644802587404 0.131742218888349
-0.0113510344603846 0.0168662986071326 0.307507542580617 0.903335398540908
-0.0313173587035082 -0.0274148684197084 -0.32886950314943 0.585770945346121
-0.0113945794277743 -0.043446024232668 0.0701684983006667 0.0219626417359651
-0.00467791280028943 -0.015261312685193 0.0956299222101385 -0.659564620761681
-0.00472391051423482 0.00465602033146711 -0.753584968835699 -0.531468394877572
-0.013396095671923 -0.00802498305421097 -0.728445835487873 0.482603769044762
-0.0331863780766083 0.00507186080172088 0.156281243548094 0.669200305586326
-0.0171031500266088 0.0169625910309823 0.435040166790429 0.157376599653073
-0.0107410104719389 -0.00447498616279222 0.193494475323536 -0.129755617838896
-0.00987539468780735 0.0045972431175207 -0.0828911537978151 -0.209957900439983
0.0065496124491598 0.00255965618161696 0.0795354040308895 0.1206820160165
-0.0227352991467777 0.0134450121871861 -0.171721945508332 -0.0219399983462428
-0.0114595256126735 -0.00607607761567105 -0.281466852814148 -0.355548223937232
-0.0033169677476719 -0.0431823670866002 0.295831543094132 -0.50065482666831
0.0357125661529091 -0.0365879446635559 0.813002563876134 0.156138329695705
0.000164287326298257 0.0255309134006317 0.279955721635289 0.914303414896476
-0.0372699566102552 -0.00273034399091008 -0.342860558948178 0.579119824765198
-0.0245354333159743 -0.0191415362242971 0.0694754964464932 0.0158500981636485
0.00112432038082811 0.00191804972594912 0.0792570568183221 -0.665118495682359
0.00822798798843745 0.00148809886856571 -0.763379960895662 -0.51080353698925
-0.00850609642610807 -0.0112812037913042 -0.713873822172412 0.497929467179141
-0.0218145513105587 0.0125797593523388 0.170857226508475 0.66344011240472
-0.00294822869663857 0.0236153977582455 0.436507853476878 0.146994550586106
-0.000639442890605808 0.000611858038515494 0.19055355995339 -0.133551389590427
-0.00264381844503013 0.0075526931993933 -0.0834320363032712 -0.211293068982824
0.0135041054379313 0.00517407638537972 0.0801637490782929 0.122788737783256
-0.00993723028985732 0.0214941178066861 -0.171861554516117 -0.0154266905591785
-0.00102242207455195 0.00691632655392304 -0.289115938548753 -0.346698365837925
-0.000768917716256359 -0.0332394159912375 0.280165946956149 -0.51267975915402
0.0407503653100399 -0.0382793180444294 0.815303948745624 0.121300911148541
0.0138970084627787 0.0333851953628336 0.30872814581993 0.897884343371616
-0.0409047520417656 0.0236339781225725 -0.331554845277686 0.58592703803821
-0.0378609431702515 0.005808494980099 0.0645765830253666 0.0212467136656673
0.00672899172924031 0.0199601609409629 0.0901902666733764 -0.662160671425358
0.0217539304959139 -0.000743403467005986 -0.749942705315317 -0.540408483839166
-0.00229475390976394 -0.0129326944494625 -0.732989482505154 0.469899594777786
-0.0136853335489988 0.0188928569450658 0.147786795776529 0.668506735777704
0.0086284529313291 0.0290217122308957 0.433386361015863 0.163627543274193
0.0102438325323443 0.00603214064586031 0.195425178683336 -0.125298575675237
0.00477357977253144 0.0114618066008351 -0.0836314980994142 -0.209086532804459
0.0192121258905626 0.00618373037465947 0.0789938125894081 0.12984283439258
0.00190330096020742 0.0269524797986116 -0.168213308937546 -0.00048711615188025
0.00760117673951222 0.0172754390465378 -0.311021436925521 -0.323144045276058
-0.000272547588663013 -0.0223215131365465 0.232474227456855 -0.534981621761981
0.0413363866181946 -0.0414740834716196 0.815543429114633 0.0343526049144399
0.0284252007660701 0.0381628089875214 0.390401984173189 0.854240408762467
-0.0395333447536376 0.0452617078745707 -0.294162984829286 0.604626902605942
-0.0476863141487126 0.0271462451181753 0.0559012772426709 0.036653769824189
0.0111321705181571 0.0365125238685216 0.128202749551293 -0.657707828778678
0.0332823937247181 -1.0078851026267E-05 -0.709115864959077 -0.61355124560282
0.00378648809510604 -0.014483835669507 -0.780474151477193 0.39973479897049
-0.00866006174719429 0.024338103832656 0.0899196706983544 0.68106689028374
0.0168756424244936 0.0357398748848748 0.426456497701386 0.197849506416127
0.0184414252881529 0.0111927312083301 0.206486357493605 -0.106134753682174
0.010362629278228 0.0145247862692312 -0.0839324205231184 -0.201440429280192
0.0244434853751467 0.00606566621040594 0.0767365486267531 0.139784655424975
0.010666073336981 0.0271302489926692 -0.161035574753557 0.0213579849837362
0.014873994554864 0.0206445182189215 -0.341173464335272 -0.288117462657891
-0.000389721612025704 -0.0155398645341059 0.157467596884819 -0.562404372969917
0.0373432021090651 -0.0445194776471912 0.803369711595304 -0.0868593766866589
0.0415219332905807 0.0367214185316225 0.496317273085899 0.775135300660193
-0.0316961957130877 0.0597235491120542 -0.235994260387573 0.631967613846745
-0.0540384627633662 0.0410734872554617 0.0434105145806257 0.0611414832497091
0.00987115093438527 0.0485599169029944 0.184169676056503 -0.640396015612865
0.0410238625609565 0.00446916416497595 -0.63447048000727 -0.712008328449263
0.00906378800487216 -0.0149967809388692 -0.84090944964319 0.28795257333328
-0.00863565257948498 0.0284050690436146 0.0017013220821212 0.688742059403795
0.0183383740406777 0.0419122254017346 0.409568905756736 0.247710580084592
0.0237760172301134 0.0165724639006116 0.220510379328574 -0.0782307616895114
0.0131412865116265 0.0174606851253786 -0.0836061813112524 -0.190571919927207
-0.00708044565716142 -0.00337083265199106 0.0690138769390845 0.146947326165955
-0.0486233462863601 -0.00702006049058143 -0.148158704836306 0.0407349971411434
-0.0508413490124398 -0.029187044352572 -0.370894626551476 -0.25744979872075
-0.0379645458511826 -0.0533687651732733 0.0568495631205007 -0.578399495984154
-0.00218325216869814 -0.0373304017251575 0.766882778193044 -0.204174975996684
-0.0259084483553441 0.0105934833478264 0.604394037605134 0.675911385110967
-0.0333338428652089 -0.0587362663468357 -0.154191359637844 0.653234597021103
0.0137171008219675 -0.084226729531099 0.0448685767953937 0.0915648757400559
-0.000832412323969318 -0.0568110454325137 0.253767290225511 -0.600368557734958
-0.0297914513464466 0.00252826330981181 -0.532061012024392 -0.792194024480393
-0.0198708444857798 -0.000443101343672193 -0.883163198585744 0.177381558022055
-0.0536488820852786 -0.0180861365013623 -0.0799038644751924 0.690989837825041
-0.0485484638983313 -0.00566505087079527 0.387608039368686 0.281383778180991
-0.0315163976734567 -0.017328997466136 0.230483551845663 -0.060380144022062
-0.0231141039877559 -0.00484108947611364 -0.080419373856856 -0.18041691491583
-0.00755604766623029 -0.00301645200883807 0.0725076605383608 0.135009867561581
-0.0484068259624806 -0.00566198733026733 -0.159324538878189 0.0151777448556594
-0.0453057702760989 -0.031644305075121 -0.342310864467412 -0.300888084874049
-0.0274721674265158 -0.0575477792364945 0.148876585014566 -0.561226571640408
0.00807208885215838 -0.0369503626970483 0.801909352382885 -0.0684773720638945
-0.0261514704898181 0.0091662288677134 0.496064187634434 0.780032547331096
-0.0299372994741068 -0.0582310973842434 -0.226198231248709 0.630500455995867
0.00918540009680248 -0.0780726573962905 0.0567414804068702 0.0635352253279014
-0.00712763699749085 -0.0477156570811671 0.18854577262633 -0.628742837568851
-0.0260820578635394 0.00558413008818053 -0.638712878145359 -0.683595653439249
-0.0195383555816096 -0.00318719859791364 -0.829018606105336 0.317695475353949
-0.0505517677379138 -0.0107744530448762 0.0270034125442011 0.691233968635
-0.0421532245418048 0.00141792176647936 0.411919150919603 0.228055160189046
-0.0276284008911063 -0.0138508002323661 0.216745378060019 -0.0911503891449045
-0.0202662954273229 -0.00346105125153257 -0.0825427778722954 -0.192051295691699
-0.00466541287196692 -0.00214429616216736 0.0758211224649449 0.126056175260349
-0.0435917561881477 -0.00164079775047988 -0.166086500724997 -0.00578413013827737
-0.0347303764288563 -0.027998826721885 -0.312471699774928 -0.331338535930143
-0.0165739213632779 -0.0567850234893775 0.224640782737282 -0.532382511103127
0.0183510406973887 -0.0360422990926732 0.813238027077824 0.0488766477965609
-0.0203748009333179 0.0114332700834643 0.389266856418751 0.851810202449518
-0.0288271464227372 -0.0466233435063144 -0.286308687155561 0.6052564290748
-0.000338196486406617 -0.0636343111391157 0.0653757034530324 0.0390354081341807
-0.00936528183098921 -0.0329863061664185 0.129541145645508 -0.647883554653848
-0.0167001685982619 0.0073468801954093 -0.711341773113223 -0.589838547440442
-0.0168967241209413 -0.00535098276586256 -0.769399743095677 0.421996094104346
-0.0435520652278386 -0.00194122936381289 0.108993423969178 0.679116243615994
-0.0311128602691272 0.00955926835126495 0.426771287486701 0.181739615711306
-0.0205505688121089 -0.00899924140144594 0.202392708851921 -0.115481524610702
-0.0164392823344922 0.000882052432933204 -0.0834391192652722 -0.202066808519964
-0.000231121863139763 -0.000257346733350222 0.0775571429224522 0.120694722277769
-0.0345606181914256 0.0060616922607656 -0.170357494923158 -0.0182769249727969
-0.0236706436650872 -0.0187788832113971 -0.29260693780306 -0.347177094571538
-0.00862648408000384 -0.0516041249236032 0.273685130305747 -0.508483516520686
0.0274493722931328 -0.0359003142192627 0.812012551873398 0.125355590251172
-0.0114469062365439 0.016589765101419 0.313293166890221 0.893867104948189
-0.0322785941099245 -0.0269887522485007 -0.324433956345817 0.584344635344306
-0.0120208110704555 -0.0429488668631132 0.0700363475730602 0.022084022187045
-0.00578801218402271 -0.0157108482869123 0.0905344676070029 -0.655811701787789
-0.00482889935499103 0.0049335634750018 -0.751526671160539 -0.524079083959745
-0.0133449763235095 -0.00798445103810986 -0.721842592164394 0.482488656076618
-0.0328494152050294 0.00572547571310594 0.161146150123374 0.665114485833641
-0.0172228010438022 0.0172185021825988 0.43387722757407 0.152485935957226
-0.0112246856680267 -0.0038122056641374 0.193592347161211 -0.13059909298562
-0.00913309075630638 0.00487599783546113 -0.0841731349857349 -0.20830758836329
0.00606166501045789 0.00256303259124293 0.0804735676159842 0.118901387350302
-0.0226688471125525 0.0141590013973549 -0.171951505889887 -0.0207190210357505
-0.0116704592670889 -0.00530330080641711 -0.281766156229633 -0.351410963482686
-0.00320033764092105 -0.0426034254047868 0.292653600713474 -0.499978936019696
0.0356987189766379 -0.0365266606195064 0.809555184125472 0.148188978680176
0.000153377538896231 0.0249843846966435 0.281692426051839 0.907652551404034
-0.0371277446043644 -0.00203260075178287 -0.33559768656417 0.57708205164129
-0.0254737489096494 -0.0191877272135079 0.0695750849369509 0.0153177515139293
0.000655462597667925 0.00173377580979982 0.0739352249445759 -0.661495914388462
0.00886552546549959 0.00180431378841266 -0.763899111083195 -0.504192417524068
-0.00764135574566387 -0.0110311018819661 -0.706246920216662 0.499687472567182
-0.0217733620353635 0.0126357708754565 0.173786972522423 0.65832004066019
-0.00250058063816687 0.0229560501576123 0.434666569163957 0.143688368307819
-0.000490108482055206 0.000971413525205566 0.190193338248292 -0.133679126414842
-0.00238993033343265 0.00836063180631516 -0.0850501270672751 -0.210050042071858
0.0126894381083312 0.00493891562568468 0.0792566042838063 0.122237170611296
-0.0098723974400572 0.0222623494704078 -0.170455378193903 -0.0146626762787711
-0.000968437763036458 0.00740111712498346 -0.290430233903483 -0.340330282914613
-0.00202304058604118 -0.0327835492037162 0.275708928334167 -0.509726156424158
0.0402427699504307 -0.0383430404393936 0.811964961050278 0.117438654757819
0.0144779223957644 0.033880109696517 0.31322568265354 0.889882375836922
-0.0415192357952885 0.0238192747008849 -0.325220803685189 0.584742432090138
-0.0383385010518429 0.0054318369280273 0.0642703480216363 0.0207267493051562
0.00772643628164517 0.0193970674690978 0.0855738835752789 -0.659481717724257
0.0212152251781654 -0.00148692569007536 -0.749337372597863 -0.532387977378539
-0.00231166535660891 -0.0129854976502866 -0.727834004100371 0.47170342279177
-0.0125338874632759 0.0193762208328107 0.151944854172961 0.663979108542084
0.00899073072186586 0.0290512205233448 0.432667953081592 0.159498127464146
0.00926747902290758 0.00573425450463682 0.194458923167519 -0.12608164825509
0.00552507321094045 0.011681255818028 -0.0853524819809602 -0.207798174917997
0.0189688750833028 0.00615796658900195 0.079034101080116 0.128362718045152
0.00180423089339717 0.0270545918753053 -0.168144579246587 0.000206016445723693
0.00776837113362227 0.016325904392423 -0.313452524944114 -0.31790271232332
-0.00107510896888362 -0.0225948435021511 0.228621011369513 -0.533810541492121
0.041148730873353 -0.041464591994666 0.812026418163698 0.029234462766389
0.0285357017630728 0.0378386979371404 0.393140627754652 0.845057242159411
-0.038923636597706 0.0452791185162557 -0.288256129819572 0.603387007379718
-0.0475469466424717 0.0266011807012219 0.0556018473264364 0.03687202292805
0.010743662437091 0.0359515300040077 0.123224155452747 -0.653003827026127
0.0335559266037744 -0.000568238374013791 -0.710568207845452 -0.605248765037629
0.00336150332501134 -0.0145346908010333 -0.773638565100447 0.403768463682167
-0.00875090656946031 0.0247398270195015 0.0958731639167828 0.675188794343805
0.0164015082527623 0.0352837996922751 0.425913585222786 0.194368177771256
0.0178686413550186 0.0115844473081002 0.20523504304244 -0.106851168850987
0.0111909848577461 0.0148677889332222 -0.0856386060415606 -0.200144752459233
0.0232607484359786 0.00593962844098528 0.0772446271919722 0.138342919576612
0.0107303096255572 0.0272681858425894 -0.161375341209022 0.0217704905520498
0.0145143014868618 0.0205715938497191 -0.342021784178352 -0.283036341819147
-0.00106574983438233 -0.0157153139141283 0.153392682350344 -0.559669243822575
0.0369314886672891 -0.045121094792363 0.799926261562961 -0.0924128509368286
0.0410697591907761 0.035975611275783 0.499731876697083 0.769575459501506
-0.0323781493412462 0.0601414303006052 -0.230532124586702 0.629348993426542
-0.0529866571794482 0.0409305487372094 0.0432671233275043 0.0604341374675152
0.0101244719470843 0.0479637421922461 0.179160382519239 -0.637168012362013
0.0412633434677462 0.00342114865545774 -0.634791636074123 -0.704064903538381
0.00955476835244718 -0.0141104380130119 -0.835330316033826 0.291746799564349
-0.00924342311010177 0.0282768648278025 0.00724263889926484 0.685272319110979
0.0182071709388888 0.0417151982564346 0.410276046000836 0.243377598465428
0.0232116052908059 0.0159852679954712 0.220115474722464 -0.0802612857076727
0.0135770413641089 0.0178690524794071 -0.0851703389417864 -0.189657913933463
-0.00789215065566315 -0.00326071109570892 0.0700764436670777 0.145708376089852
-0.0484506698713244 -0.00597122974343494 -0.147812214919568 0.0404548684749192
-0.0507330711892281 -0.0289686298445364 -0.371087043069035 -0.254198096018996
-0.0387633391021031 -0.0519551221800594 0.053913447667893 -0.575702139786925
-0.0021658557496387 -0.0368045966406939 0.761872936520634 -0.207936482670965
-0.0263365511419456 0.01111940482057 0.605910947521224 0.667500148400666
-0.0334154986947975 -0.0593018437177216 -0.149907040361449 0.6483333489476
0.0128710648344049 -0.0843715778233064 0.0451925563802646 0.0909827587536423
-0.0020781578945935 -0.0572056984443034 0.250976869257624 -0.599174383953226
-0.0302161160395787 0.00219520104675566 -0.534206029523248 -0.7836023561745
-0.0194878384917634 -0.000144620106010997 -0.878558140563453 0.180802035022008
-0.0532649448566459 -0.0166080119314035 -0.0750424801327545 0.687255825668127
-0.0481603701324538 -0.00524780929881184 0.38700189131452 0.277257698162096
-0.0315952918043161 -0.0172997127892353 0.230036747361152 -0.0607707435380809
-0.0226981488761968 -0.00407606289327392 -0.0820120133038685 -0.179444322131215
-0.00743998570805026 -0.00331141243880711 0.0723737207336298 0.134096541686071
-0.0488580784302107 -0.00458879883937691 -0.158267012490317 0.0149829667848833
-0.0453468777306062 -0.030981215659334 -0.342519780368562 -0.296195044967759
-0.0278869873355173 -0.0569748373069083 0.144438921932467 -0.55923985363075
0.00697550423849546 -0.0368509641998491 0.797309609626608 -0.0760730167908785
-0.0255570541583323 0.00961714459267751 0.497365017075823 0.772976054834384
-0.0314249609599097 -0.0573929229143428 -0.222103908220426 0.629155528365236
0.00760168480240216 -0.0780192288381906 0.056687608446549 0.0622248585394197
-0.00752087356223044 -0.0475139986976599 0.184639212207786 -0.628667779126679
-0.0260370546227801 0.00586109920314368 -0.639344376996535 -0.676857145917844
-0.0188873383484731 -0.00186531367939831 -0.822126158261791 0.320995674824835
-0.0496246947753666 -0.0105237000396321 0.0301202974235213 0.686941387260043
-0.0419698419632268 0.00096961623794304 0.411149577316418 0.22511214728673
-0.0277728696807221 -0.0134095246944532 0.215409482399937 -0.0917724850518924
-0.0201229252710875 -0.00241334352261375 -0.0834913270552426 -0.190947022676488
-0.00490790766520158 -0.00231306403323331 0.0757551585991283 0.125257213196504
-0.0444324978048189 -0.000568634799332306 -0.165832048803992 -0.00513969223301878
-0.0354325327456574 -0.0278950209813149 -0.31344460039773 -0.326318975319618
-0.0177588418939159 -0.0566129535241575 0.220695793979745 -0.53133340716948
0.0176381204103338 -0.0364640528639689 0.80899237598448 0.0425006309161346
-0.0203907003985806 0.0112661135057091 0.390893800350657 0.843889104394682
-0.0302157930227186 -0.0457617242571301 -0.280703525745802 0.60365742061004
-0.00144054222599694 -0.063542054639249 0.0650435639606633 0.0384292408307716
-0.0088373910474624 -0.0327542878558277 0.126321822208819 -0.645031630713108
-0.0166785679143646 0.0065368331840909 -0.711040418726643 -0.583470301370494
-0.016839028112266 -0.00392796612847716 -0.76289240036152 0.424142149115392
-0.0427869739456647 -0.0020099828639919 0.112157781568385 0.674110703273323
-0.0305005374654561 0.00942953814831026 0.425251274659331 0.177455337701603
-0.0211495585993202 -0.00856083315307943 0.201357665425243 -0.115424124877019
-0.0154290897028685 0.00201833955809833 -0.0839341872237411 -0.201803306750489
-0.000706995101499557 -0.00030848085112789 0.0779504013956507 0.11985295733377
-0.0349475501566317 0.0066816708375687 -0.170647331014298 -0.0165476666578687
-0.023327946570256 -0.0180647357262478 -0.291479819125517 -0.343341210485283
-0.0089419274230988 -0.0508994499805868 0.268405556837943 -0.506454946162963
0.0279246158936266 -0.0361262381498797 0.80709805438513 0.118764800414647
-0.0114022800070601 0.0169978166999596 0.315252041440663 0.88744748715502
-0.0320706067922405 -0.0260654311814198 -0.318331961435033 0.5830015979108
-0.0132803437467039 -0.0430044695343383 0.0689987276582937 0.0222905980717982
-0.00590967282116765 -0.0162568567974831 0.0856298592245009 -0.654274734481444
-0.00475773701540949 0.00481082125210174 -0.751473477788469 -0.51741676241895
-0.0128567163613439 -0.00714718181290676 -0.715118065029805 0.485853203777649
-0.0328719198222189 0.00578665325159402 0.164165691001717 0.659637311793742
-0.0164971158380091 0.017234260769523 0.432784479903839 0.149334162373712
-0.0112671590702324 -0.00332722007559321 0.19201631002708 -0.130824810779172
-0.0093734782784323 0.00601540370762573 -0.0851431443329973 -0.208185774490522
0.00601624299009067 0.00185243925141876 0.0798462285812431 0.117122362589431
-0.0225953671807657 0.0153746557618566 -0.171330327496818 -0.0208701778940271
-0.0125541747115258 -0.00530449453541872 -0.283475816680207 -0.34640998279614
-0.00411315399800237 -0.0421857960895122 0.286894991280962 -0.498944770423078
0.0347501843448933 -0.0367554800562386 0.806346746975788 0.144681173415445
0.000309476058388916 0.0258649418014662 0.287428167320913 0.899971263695674
-0.037685141967531 -0.00159866553753392 -0.331267727688342 0.576539615312821
-0.025862564496478 -0.0188565655350857 0.0694270163184643 0.0150458862644462
3.74107974353312E-05 0.00184967138978687 0.0694037735706884 -0.657433900387818
0.00811658739781276 0.000516251203527496 -0.765046350816167 -0.496870848888282
-0.00776940606143397 -0.0111675930400945 -0.701404537744521 0.501171397980497
-0.0216984273855986 0.0126379970980067 0.17894195992462 0.653487545821604
-0.00289420573763539 0.0232028795015588 0.434580022967042 0.140262855090692
-0.00133066754125797 0.00100464591188514 0.189163241606823 -0.134876986698927
-0.0022252377653389 0.00849607288301541 -0.0859988743897038 -0.208315056613191
0.0123026937073363 0.00483483198613865 0.0797024197708792 0.120855761086538
-0.00948476210946729 0.0220244966029982 -0.171170590209017 -0.0141051963082116
-0.00182619696659204 0.00742747020650202 -0.290558394367644 -0.336958907579039
-0.00264330541903848 -0.031599686058544 0.271207717420623 -0.508170606837762
0.0401139240760331 -0.0390900518198148 0.808498450256977 0.110488030290993
0.0147332768592557 0.0335831459553705 0.317055003967006 0.883620089111407
-0.0413332388215749 0.0232112868529351 -0.322275606049102 0.582293110766377
-0.037834188176923 0.00566234628735393 0.0634966928781758 0.0205822651557643
0.00674343793101939 0.0191417577146038 0.081767720849435 -0.657464630033748
0.0220165677702707 -0.00186562254518818 -0.750581400438837 -0.525080935613894
-0.00215837042430572 -0.0129453293495653 -0.720694629352153 0.475589880383268
-0.0130092387713409 0.0192653092973578 0.15756365459033 0.660501584910975
0.00937670024958348 0.0287269449289848 0.431896355460757 0.154809359588517
0.00868761439297237 0.00587496928591449 0.193683264389323 -0.126732479078297
0.003956433388836 0.0118067172588768 -0.0862124042162624 -0.205440434982113
0.0186203844255687 0.0061973738231787 0.0787697041292657 0.12743041097931
0.00214733285909108 0.0279621940268828 -0.16768185613898 0.00180723002261981
0.00704504282153607 0.016859115030031 -0.312899509601786 -0.314746294834822
-0.00161327391873592 -0.0219333911162127 0.22291496217453 -0.532061805838565
0.0409372809660226 -0.0416655462258606 0.808702048811013 0.0243975160309627
0.0288478487770369 0.0380683936988577 0.397164411313146 0.837536108676922
-0.0397871440623179 0.0458128926868314 -0.284801438485672 0.602215100563445
-0.0473885087508699 0.0270377194663517 0.0553972258968615 0.0359830748889827
0.0111676709567662 0.0350743201506578 0.117948378351172 -0.65027476910986
0.0336559820086378 -0.000698646429967462 -0.710707508803915 -0.596957524741544
0.00413044169031673 -0.014568821476244 -0.767361658647379 0.406799712936397
-0.00827475613678415 0.0245970881206284 0.0986509859409593 0.672681043738331
0.0169175998976985 0.035185576518541 0.426098928748366 0.190445548274307
0.017546751959362 0.0116929952750814 0.204153992410582 -0.107539445258347
0.0101279154628112 0.0150040093056427 -0.0855094180271544 -0.198397150637077
0.0232808672861186 0.00607484962649835 0.0777470984591035 0.136752822190784
0.0107972922145613 0.0273810056929875 -0.161197808899813 0.0229454066112705
0.0141436263157291 0.0213332685421269 -0.342411140125556 -0.278601445216504
-0.00161914086268257 -0.0154051496482646 0.148851848332045 -0.558235138377082
0.0361640930701061 -0.0448660970611924 0.794911942424549 -0.0983945408265652
0.041417831177395 0.0364991513148856 0.50165384948915 0.761400228098244
-0.0317280850881085 0.0599603853058046 -0.22603310369577 0.626323148909415
-0.0534103446283687 0.041105665695807 0.0433360370305415 0.0597964550073372
0.00939794936908954 0.0479598271572134 0.175411375800154 -0.634175948016362
0.0414773597737081 0.00373893759729859 -0.637322160753701 -0.6991705440516
0.009236738702685 -0.0146660098278727 -0.828089625352506 0.296136306920743
-0.00895005999570915 0.0282745819057608 0.0123149156907742 0.682814092498009
0.0189786009808277 0.0407265535584962 0.409291256938787 0.238306191977339
0.0227169838991715 0.0165909761358234 0.219300932655655 -0.0810521991278323
0.0137369231382984 0.0175528332917606 -0.0850543281451488 -0.187113537061519
-0.00786104055057726 -0.00375132433136395 0.0697045974830587 0.145277454020408
-0.0486407829974323 -0.00584067756386103 -0.147435882922442 0.0408940967223435
-0.0508390320533479 -0.0273974132215861 -0.370676705515257 -0.249875370912519
-0.0390569669610856 -0.0520095680772234 0.0508600047144814 -0.573370662647853
-0.00203625106493604 -0.0366086812187632 0.75652724585925 -0.210750244359971
-0.0262008536761348 0.0114414718338503 0.604565607080802 0.659132274430768
-0.0337895496661296 -0.0586031963121286 -0.144377328538001 0.645151316620726
0.0119560693180006 -0.0839514936100538 0.0454615240687534 0.0907088037949588
-0.00274810782458822 -0.0568680113086194 0.247112355672334 -0.596754634839118
-0.0299400616339092 0.00238394564151425 -0.534352052631734 -0.77902743548496
-0.0190556258655987 0.00021945308769266 -0.874503414485215 0.186329273000375
-0.0529016806504945 -0.0160794628044682 -0.0706515107285151 0.685336679190317
-0.0481265968095806 -0.00498944874503827 0.386866398063189 0.273164306640091
-0.0319056808315588 -0.0166221776216775 0.22986492307518 -0.0615772387775602
-0.0234385687940925 -0.00348115379548205 -0.0814148866541184 -0.178081476080592
-0.00812941469599368 -0.00335659959196356 0.0722160515451391 0.132622093838248
-0.0489442360794796 -0.0038360707647764 -0.158178216159126 0.0157583399075494
-0.0456062264422719 -0.0299289423408493 -0.342835621215337 -0.292453193242191
-0.0292615141849006 -0.0570202045763417 0.139949260153257 -0.555605681561713
0.00755853580779221 -0.0364907474535398 0.793045908122213 -0.0785524450027479
-0.0260017917117461 0.0103042542770414 0.498749410530131 0.763126848182173
-0.0312841678934139 -0.0565507200820621 -0.218592351583108 0.624548091498702
0.00628897512102055 -0.0779287744006608 0.0564245876121156 0.0621850285540541
-0.00788697261516929 -0.0474233799865147 0.17988615737349 -0.624878258020734
-0.0261127203073776 0.00630145536203894 -0.639855894805854 -0.671434776197492
-0.0184762140212079 -0.00197222598991454 -0.816933667689758 0.3236746023381
-0.0505733468789685 -0.010012800264512 0.0360557766698554 0.685147520515062
-0.0417414206014676 0.00153652049555899 0.411345016880031 0.221186513479359
-0.028881356631194 -0.0132806377398773 0.215034064300953 -0.0924825443652071
-0.02033817406507 -0.000704155838420813 -0.0837324644108222 -0.190001866316268
-0.00541364453446935 -0.00183326960628451 0.0762412692785603 0.124577506054435
-0.0437967333136329 0.000248231888129794 -0.166212729886582 -0.00417592315197905
-0.035739447021283 -0.0268602785862512 -0.314434439178419 -0.322798905985732
-0.0185503923425581 -0.0562170481582785 0.217120046211052 -0.52993466936912
0.0180472018698317 -0.0369512633424177 0.805807261285049 0.0388897366185275
-0.0206988436817511 0.0114742684639272 0.393396159518925 0.83785550258455
-0.0298480158284086 -0.0453581981479 -0.277083320379116 0.600791055061979
-0.00210472899989875 -0.0634660992971238 0.0645598168612597 0.0383881569777067
-0.00957920216401722 -0.0332154330161256 0.123270892714824 -0.641199911361086
-0.0167764262588612 0.00604344754261342 -0.712535566035304 -0.577065097666086
-0.0166181970862252 -0.00427247194894622 -0.75688005107947 0.426962515588542
-0.0426317104062653 -0.00175285687636733 0.116821884336373 0.67161438175634
-0.0302516485376665 0.00972615720351572 0.425171627396087 0.175572475333972
-0.021997475426895 -0.00844716207776011 0.200956398861771 -0.116724866943646
-0.0156676959564497 0.00231554510490686 -0.0854068066401375 -0.199284591568464
-0.000850023449695177 1.86936326221434E-05 0.0787058842666895 0.117929875102228
-0.0347510136019919 0.00696489258039088 -0.170215795213797 -0.0165717940056349
-0.0244059966764788 -0.0178298954657267 -0.292565255453668 -0.33845034813566
-0.00990234907357142 -0.0512286316592962 0.265241929318614 -0.506291792398681
0.027455521165456 -0.0359613048380108 0.803861630777863 0.115136359220375
-0.0108434699293856 0.0175987138850247 0.317466525539007 0.882310012770591
-0.0327361573853649 -0.0258972066808034 -0.314740513825291 0.580637648752466
-0.0139693284390106 -0.042905220091304 0.0689153780198496 0.0221979939482108
-0.00627775562714154 -0.0162285101848447 0.0824082357805333 -0.65055685232657
-0.00552091630651119 0.00400392435546154 -0.750864508435407 -0.509473886499065
-0.0131605206364595 -0.00730489714620528 -0.709137114561688 0.4881119380957
-0.0326358951832964 0.00559410025343537 0.167946998795041 0.656414340992525
-0.016756529240558 0.0165478689879227 0.432126504398724 0.144550164007346
-0.0127722740895476 -0.00371194071637767 0.191649922912064 -0.13185843699759
-0.0096381931642379 0.00602568504876702 -0.0855754625770951 -0.205266712631759
0.00539131959712338 0.00235124048187493 0.0801592744658945 0.116006893460687
-0.0222950348748055 0.0156786250661757 -0.17201216427749 -0.0194099115105314
-0.0128306946168981 -0.00583871580846088 -0.284016373944212 -0.343152118136033
-0.00467321099468743 -0.0420878654898437 0.282025796204115 -0.497187010733177
0.0350202851851384 -0.036501878480074 0.802243986559412 0.139304677035028
0.00128591946932178 0.0255660454484833 0.290243507638069 0.894722477485135
-0.0374769323454127 -0.00150416669476355 -0.328325745675048 0.575052260880167
-0.0264154737104282 -0.0188938716010094 0.0691199763531593 0.0155644155388607
3.91874303289873E-05 0.00114269480038016 0.0666405975990784 -0.653778947027082
0.0083100777363055 0.000990770547776625 -0.762565738795854 -0.489794084232172
-0.00711462350249991 -0.0100410636102593 -0.695150341184385 0.502860921554751
-0.0218220066202172 0.0126955669164916 0.182188265271077 0.650098050080683
-0.0027951461674394 0.0227358220983433 0.434263056977123 0.136642962773232
-0.00193331066166992 0.00148389237516776 0.188248443385599 -0.135200320709098
-0.00209825863088431 0.00920149118651624 -0.0870145648384626 -0.206668329324811
0.0124057477176294 0.00497693893159584 0.0801225175282605 0.118775395782887
-0.00995598954439686 0.0235289623209771 -0.171179775289351 -0.0135605463389021
-0.00175114348987399 0.00765922908895771 -0.291937874085266 -0.332387734638591
-0.00306264199152264 -0.0314869700920922 0.265464316566876 -0.506916981635018
0.0399874398192282 -0.0388727823978442 0.803707537572739 0.105160079657848
0.0154295574395017 0.0335604361731415 0.319735996322129 0.875533247538815
-0.0413604291971243 0.0235548796840341 -0.317460672335393 0.580819559478887
-0.0373961931498477 0.00575983215869313 0.0633569080485103 0.0203204554646852
0.00619463609437955 0.0184075311384653 0.0795059708807426 -0.653421038000675
0.0215472194613309 -0.00209538340299956 -0.749496948604601 -0.517755211454323
-0.00188848528468858 -0.0126229431753585 -0.712568009512043 0.475890470966674
-0.0130175987711731 0.0193433527149374 0.160331024463387 0.655324110492462
0.00896264630963437 0.0279285131688546 0.431389793377728 0.150568680522206
0.00833428216500461 0.00685266867031367 0.192726937373036 -0.12794754758168
0.00490404572035412 0.0130874143923408 -0.0862993636828897 -0.204197369210372
0.0181293002473639 0.00577430846366835 0.0797791792771929 0.126172253077738
0.00249107836940122 0.0277154485053819 -0.168473927769039 0.00163885827178685
0.00722228435538405 0.0173453413036674 -0.312766464437044 -0.310429342359129
-0.00211511191001366 -0.0215761667830104 0.217945298815153 -0.529905187493431
0.040258814168032 -0.0417820201052266 0.804726024599471 0.0198031756904451
0.0295476062983986 0.0375982181840737 0.399293423138181 0.832745879798466
-0.0394004757277898 0.046111612984885 -0.278157045531071 0.598845417659878
-0.0477594755634489 0.0267764628394361 0.0544732378386268 0.0361528586261495
0.0103798113228334 0.0347364408525042 0.114701273887597 -0.647493881353939
0.0331821826868005 -0.00152530414506389 -0.710819788968193 -0.592063158113227
0.00421141142189194 -0.0139499909201638 -0.761533266328889 0.409474606517073
-0.00769593976149186 0.024393523296713 0.101981957868956 0.669249066229849
0.0167014590351827 0.0344186097611447 0.425469379812662 0.186361268427419
0.0169125863708275 0.0120456559867602 0.204296525615824 -0.109109757355363
0.0111589490470548 0.0156072374600785 -0.0863672514068906 -0.196988832023173
0.0224740386094251 0.00626019555783146 0.0775909763912654 0.135216355669583
0.0116300622563095 0.028006272609236 -0.160881942043175 0.0226743202517643
0.0138587001362244 0.0211621278582362 -0.342264480912078 -0.273732213396759
-0.00207337160558357 -0.014159299020907 0.144959414806346 -0.557594495112328
0.0363831357765232 -0.0456752948695999 0.789314526742855 -0.100468646775612
0.0414614346387628 0.0360057642037678 0.501927744170824 0.754162055890014
-0.0321874911748332 0.0595186929886585 -0.222811726639432 0.624500291939141
-0.0539643585357742 0.0405496221800102 0.043347173715706 0.0597798813097701
0.00983147547223172 0.046520450501877 0.170020040551761 -0.633120823690472
0.040771873673578 0.00274852482740488 -0.638070671089673 -0.691891526385148
0.00858268206590823 -0.0136553506889828 -0.823649944212876 0.298002680645417
-0.00888842246182287 0.0285623030896238 0.0171557954846261 0.677353727853954
0.01864448424637 0.0415097569573463 0.409043390017047 0.234880298382153
0.0222364399162615 0.0178469041963965 0.218748048309687 -0.0824569224972685
0.0142581275163828 0.0182282971702994 -0.0853121468204568 -0.185720874970471
-0.00817943447533712 -0.00359501571360066 0.0708623816261107 0.143768426385728
-0.0490681379086212 -0.00500711334536354 -0.147255778969661 0.0410035753393092
-0.0516974349905478 -0.0270955040735492 -0.371421173162466 -0.245300398207507
-0.039582367610152 -0.0516578288451309 0.046185751882953 -0.57107008904457
-0.00281545183892124 -0.035563366997898 0.751558125771027 -0.214081686562068
-0.0265533561658522 0.0127924770527114 0.606446239094021 0.652474566854727
-0.0349147450111127 -0.0582713246249728 -0.143722615900468 0.64453792094824
0.0111772555023671 -0.083566101771538 0.0453877516408123 0.0892148406263902
-0.00314118678928595 -0.0566713995834243 0.243282732449137 -0.595489622538988
-0.0292922191318375 0.00237544100131756 -0.538342381091277 -0.774381317091534
-0.0186331779635964 0.00021053369637377 -0.86937010187107 0.189934330611881
-0.0535003501248457 -0.0155732364725652 -0.0657417268830529 0.681879728976103
-0.047416444803191 -0.00484598009628393 0.387188984030651 0.270964084535356
-0.0327506990135683 -0.0162920292577928 0.229267923826755 -0.0633642344759368
-0.0225846315717299 -0.00303242344858711 -0.0825819310064912 -0.176958061299443
-0.00838716918263867 -0.00357505067691534 0.0733344184219386 0.132754100131231
-0.0488193473328242 -0.00300415774469717 -0.158990947108929 0.0159616883250796
-0.0458019905363032 -0.0291274737566142 -0.342999288448707 -0.288819460898951
-0.0295754171803289 -0.0562865400007529 0.137168246324639 -0.555962725601333
0.00709992058860932 -0.0369260374015575 0.788025280936866 -0.0824413585139488
-0.0265625553302437 0.0109541833845044 0.4998287240731 0.75723629931722
-0.0319864076101772 -0.0565050467640019 -0.215543198086203 0.623159487785695
0.00603991812041496 -0.0770035370515961 0.0569682434930077 0.061241845457739
-0.00815268857550889 -0.047248142999735 0.176308878347657 -0.624163009175188
-0.025243312688864 0.00583966523442188 -0.641502466022595 -0.66494884450591
-0.0185689032345778 -0.00119190779058998 -0.811769240839225 0.326798789730817
-0.0500101246885259 -0.00947807905140955 0.0389729525487844 0.681557697364601
-0.0415758090975323 0.00164756356452402 0.412217325262961 0.217032915900075
-0.0293089393787297 -0.0127988283316174 0.214484643938984 -0.0931530457651736
-0.0205322934277111 -0.000572370048837919 -0.0851995792006272 -0.188801153841794
-0.00511327113987281 -0.00245304736501158 0.0762800501611455 0.122882016150607
-0.0438692998442792 0.00128523258502557 -0.166593457214778 -0.00402678527392575
-0.0356114077862194 -0.0262978626613229 -0.315067467231859 -0.319704261249437
-0.0194724564768003 -0.0557966338314382 0.213242972217764 -0.528239219388964
0.0176584197155471 -0.0360713750613682 0.803006612413164 0.0344600224626396
-0.0201071160612769 0.0127784424414412 0.396730580476194 0.830816333934616
-0.0306702515494371 -0.0450397345194613 -0.273227155475467 0.599138439147296
-0.00278306705977929 -0.063614005990866 0.0647686443609898 0.0386033579595691
-0.00961589028292192 -0.0326919092337918 0.1203267373174 -0.640655559258856
-0.0167245864537954 0.00644699405481557 -0.711421294336091 -0.570831320213321
-0.0163790834572749 -0.00408517469194674 -0.751365439804355 0.42813941603186
-0.0424952354678677 -0.00189249616649485 0.119954186556108 0.666520888879983
-0.030935149597846 0.00972837435806559 0.424328824937845 0.171724127217318
-0.022381961546316 -0.00785770046327438 0.20064888516387 -0.117056920434056
-0.0158188414239904 0.00225579913295034 -0.0858253617206685 -0.198353545997013
-0.000690954788829077 9.25633919997254E-05 0.0779854592182392 0.117651662033445
-0.0342797596380446 0.00738317375242858 -0.170718973779748 -0.0163974482377272
-0.0246384212095316 -0.0172254179600409 -0.292775658412184 -0.335237153818924
-0.0103332217536379 -0.0501226041084968 0.261686484674386 -0.504501880435288
0.0269753230459403 -0.0360507357989262 0.801203196071612 0.110849375010291
-0.0108500623366627 0.0179672313172816 0.321236467210981 0.8752067802548
-0.0338102687615805 -0.0261439332853962 -0.311270300257581 0.577529851039938
-0.0147535055393291 -0.0427393561381422 0.0694725366661606 0.0214245030505036
-0.0065862475314837 -0.0162076700131999 0.0793266542743297 -0.647792469801557
-0.00475027629177912 0.00354844676859157 -0.750479577803669 -0.503968824652576
-0.0120790248492802 -0.00719640479896291 -0.705690135218325 0.48924412474172
-0.0327116850082541 0.00650244601320143 0.171010069083673 0.650678625794886
-0.0168154647342729 0.0168321511413089 0.432983863102844 0.143554587045637
-0.0129342440799387 -0.0029237839707317 0.190482574327424 -0.130990135794284
-0.00908427148259586 0.00591881603257304 -0.0863970396872806 -0.204283603151711
0.00552592041465755 0.00290110340952161 0.0796762343650526 0.115648026154479
-0.0216405369120812 0.01634169686229 -0.171611441515838 -0.0192407049800834
-0.0128559893809128 -0.0047553081727313 -0.28606369211202 -0.33862526494561
-0.00577402962767266 -0.0418409422598045 0.280132826821416 -0.497087585442556
0.0347009038940937 -0.0367109059465893 0.801244850812534 0.134196826740227
0.000916873085365606 0.0265077371033885 0.294481945260055 0.888309958876923
-0.0379642017730935 -0.0013860149473705 -0.322338203105539 0.572532085865826
-0.0264409499701694 -0.0182918560884323 0.0685490136629751 0.0155794226272287
-0.000406517384296166 0.000898432904569715 0.06441170985402 -0.651272679359112
0.00848407086817659 0.000623653811544465 -0.762881648858469 -0.482835929149983
-0.00785448756668723 -0.00989679882576595 -0.688348294601595 0.504061153131853
-0.0214524266571936 0.0131365371928983 0.185324453395026 0.646635432594207
-0.00272497556899523 0.022592409809397 0.433659801743975 0.133138927738725
-0.00216860868396812 0.00148573780952661 0.187727213549683 -0.135227945916701
-0.00202260239708412 0.00997255031319876 -0.0872770110678486 -0.206190625241698
0.0115384531040864 0.00448429496344109 0.08030416942114 0.117961777264587
-0.00904509664839422 0.0238550790174902 -0.171242216025493 -0.0130846948962683
-0.00174768039528287 0.00755434307077283 -0.292797470253842 -0.329367621362898
-0.00334363969703182 -0.0311827707590792 0.264100174474359 -0.507072116037352
0.0396666989134384 -0.0389538908250457 0.801647727248245 0.100225316210914
0.0150234966040177 0.0335688327277012 0.322808569400355 0.869277828192395
-0.0408971712293568 0.0246938366987276 -0.313889794477265 0.578957819656656
-0.0385167441145607 0.00569402625595417 0.0633887931726182 0.0200431394086649
0.00643265640892429 0.0181041707235024 0.0750303352498319 -0.650363611742744
0.0206969539313127 -0.00234782472910486 -0.750347550591323 -0.513623423079339
-0.00135197085987275 -0.0124244711545274 -0.709998736979526 0.479085245907961
-0.012885675414082 0.0188356674902727 0.164252446321044 0.653465677280403
0.00895500098575031 0.0280386253526141 0.431472151504317 0.14804288250268
0.00760490505624535 0.00734857945871746 0.192502263541757 -0.127830717447952
0.00561040707445877 0.0124629229545325 -0.0877945270678529 -0.203418762596586
0.0176388395379963 0.00556854862876988 0.0797434992429656 0.124972007818359
0.00315689122209167 0.0279645328208449 -0.168229629587997 0.00233264755005768
0.00669867992057376 0.017859497092662 -0.314459946548858 -0.305262303270763
-0.0027570541692184 -0.0217010974032036 0.214993241023223 -0.528702818910753
0.0404055376766648 -0.0421669886101251 0.800517722697583 0.0159325079910415
0.0297596354086426 0.0377836071360218 0.399745224777689 0.828044517990346
-0.0398065006640986 0.0461600521940102 -0.277082593207936 0.598946565571954
-0.048268287586572 0.026539140933998 0.0539726481568941 0.0356992267494967
0.0105836114785004 0.0342248923485421 0.111705233495607 -0.645227276021649
0.0328001197239887 -0.00244634649023012 -0.711380357919273 -0.586561125094222
0.00361494028860394 -0.0142405091207799 -0.756931519953608 0.411981177726372
-0.00786493312126681 0.0245225696117903 0.10619560892726 0.664742347104321
0.0173527957487835 0.034438506654782 0.425062393421293 0.183763891767264
0.0163732813400195 0.0121936469247097 0.203761791716357 -0.11040139062367
0.0111275145662804 0.0151602045814394 -0.0865952104136988 -0.195664465162876
0.0222310996954444 0.00611021887301017 0.0782591338649063 0.134113139352133
0.0119411782666495 0.0281829418195271 -0.160915209997726 0.0235499234770468
0.0138461436430635 0.0218837020434524 -0.342729494676901 -0.271004076104042
-0.00286219512234677 -0.0140210526916675 0.141468672559601 -0.554183242348357
0.0365510836564499 -0.0456859161229867 0.786040157960038 -0.105573428853524
0.0413834744422106 0.0356806480151789 0.502400748018596 0.747164305151701
-0.0315492461626872 0.0589697685968666 -0.219264405711844 0.623206347893243
-0.053881444404169 0.0406102105786524 0.0432246318907769 0.0596298390626128
0.00946810107662475 0.0459921377543672 0.167127309708787 -0.630255887899245
0.040294782369107 0.00224897495945679 -0.638995611595951 -0.686007563829956
0.00890679436232734 -0.0141442493028048 -0.819642856587263 0.302496162529407
-0.00825329727646852 0.0283697772608366 0.0195855472240498 0.676530573312252
0.0194200158137676 0.040632447488048 0.409054455742714 0.230377056222956
0.0220566363023596 0.0172143209727756 0.218759980753676 -0.0836153829857298
0.0145202430177751 0.0185488391358647 -0.0867266135613017 -0.184734628068071
-0.00841907064734475 -0.00344193362564799 0.0709119856887456 0.142996135243946
-0.0491020302932946 -0.00402453159092894 -0.146998956388716 0.0400736333716989
-0.0516254788713281 -0.0263718303084824 -0.372134113896962 -0.242840027389919
-0.0404510795888941 -0.0503358686718997 0.0422605234341739 -0.569887511596522
-0.00279356834579454 -0.0354094165932987 0.750217187577637 -0.217838050945433
-0.0260913705405579 0.0126842242571709 0.607323245600366 0.648749511836021
-0.0355300250125211 -0.0572175642340475 -0.139930880693739 0.640423689759075
0.0100696582925659 -0.0834765394165815 0.0456209856512596 0.0889081936597912
-0.00340394734421562 -0.0575218777054561 0.239595905861948 -0.594575904815489
-0.0294975744029503 0.00195031890008777 -0.540005043423703 -0.768263036869342
-0.0184611898617045 0.000931543904742805 -0.866395395933741 0.193127184944519
-0.0532644802672261 -0.0148167019560834 -0.062241332063426 0.678973864040157
-0.0476519290097975 -0.00485822985272227 0.388636695325502 0.266457885505537
-0.0338551378087866 -0.0166031815363622 0.228926098240952 -0.0638762038768527
-0.0232947782232218 -0.00233407431283271 -0.083474139135825 -0.175700908729447
-0.00854416898382431 -0.00340052104887395 0.0740877397620791 0.131927569638533
-0.0491449233868101 -0.0026875148147608 -0.158619550504867 0.0161802353596741
-0.0459205292873568 -0.0288269311986574 -0.34363429233219 -0.284897827009878
-0.0306699946668254 -0.0550894651338912 0.132433124938654 -0.553651639754011
0.00725371863116648 -0.0366183184197585 0.786772661076477 -0.0876158583116814
-0.0261169573243194 0.0118660273857756 0.502705510522914 0.751782352562565
-0.0327911406252257 -0.0557015595421033 -0.210477652156867 0.620840950800555
0.00574264720207323 -0.0773945518324703 0.0568434055573094 0.0615521853145251
-0.0086654781750515 -0.0477671291028087 0.173767508287652 -0.621727313911495
-0.0254004064442488 0.0054649506449614 -0.642701433119982 -0.662106654015724
-0.018409806419895 -0.00103839218580519 -0.806130731144894 0.329861224870703
-0.0501495871067631 -0.00884775161609774 0.042870417139266 0.678231345287619
-0.0416267481980648 0.00213648031094302 0.411579179817103 0.21533765384319
-0.0302135002256536 -0.0126315245986835 0.214421028542726 -0.0934433452323193
-0.0206359939166371 0.000724572157627364 -0.0851441298807689 -0.18769681702035
-0.00571969919260696 -0.00207156821226108 0.076214031704487 0.122763016156718
-0.0434899648173428 0.00178192703921483 -0.167279304491301 -0.00383304976418193
-0.0355979578997062 -0.0256886410742668 -0.31499229690503 -0.316040408723443
-0.0199909773626877 -0.0550707662690686 0.208522624066752 -0.526511909902696
0.0173289695504576 -0.0361646224754215 0.800835876105226 0.0289737824409782
-0.0202777911698354 0.0133784314084509 0.397546895088472 0.825323037761056
-0.031815944678414 -0.044396223161553 -0.270281403600423 0.596096097538573
-0.00398491380147026 -0.0634192931786861 0.0634685387910144 0.0374129215359501
-0.010343376797067 -0.033540723608369 0.114607658955856 -0.637610312021216
-0.0164028351023791 0.00580575513980262 -0.713011363711522 -0.565078668454181
-0.0162079332593649 -0.00431906202439698 -0.746612105093858 0.431539317566726
-0.0427490184457692 -0.00157809607369198 0.125258994491869 0.664465331930348
-0.030086209749821 0.00964715213208583 0.425617507585494 0.168513111907873
-0.0225940287565834 -0.00769858990841395 0.200041551323349 -0.117326669608352
-0.0154508527894005 0.003131592118355 -0.0871027567719455 -0.197463363356022
-0.00126129818152715 -0.000269312446831148 0.0783968127647568 0.116204746109491
-0.0344557024254651 0.00823901568772074 -0.170918445229475 -0.014947582310844
-0.0247302574502209 -0.0168092835309438 -0.295251605947603 -0.331700633324317
-0.0113190347632046 -0.0495047385910529 0.25692542942223 -0.503605181432566
0.027086528608714 -0.0370764883622953 0.799522118753022 0.106572501929155
-0.0107260008998186 0.0182522274116718 0.323983214733647 0.870373803671842
-0.0339282163123797 -0.025669291254058 -0.307097738124673 0.578625020101804
-0.0149276924665411 -0.0425065591872148 0.069075130095927 0.0211370504143321
-0.00702454168245452 -0.017465100683172 0.0777549921923034 -0.645667025627892
-0.00524981943431749 0.00422603970859416 -0.750117706288545 -0.49833324749646
-0.0124893083356111 -0.00766644542688997 -0.698279966533749 0.490733062949332
-0.0330762282787813 0.00610046343181662 0.175686254709796 0.650148292800552
-0.0162475999207917 0.0167882694950934 0.431802918587527 0.139145862592008
-0.0131282283998108 -0.00258019559837784 0.190217103813412 -0.132162858108201
-0.00901487445640602 0.00662092874492758 -0.0875370919587029 -0.203221909988815
0.00525003479889758 0.00208216690603107 0.0799477343491542 0.114979374892601
-0.0216874678962568 0.0161624383089773 -0.172418389499594 -0.0182913555034194
-0.0124798142820546 -0.00441878827221147 -0.285175247820476 -0.335501307238381
-0.00684787245554724 -0.0406047340488297 0.273169207165037 -0.496470356748065
0.0348065357252838 -0.0371615611450126 0.797251445326092 0.131186682201941
0.00124391639358094 0.0265548387340253 0.296386550970662 0.882783614170692
-0.0377494521991632 -0.000367663771536509 -0.32019509838783 0.571817073674401
-0.0274447353608666 -0.0184289595219337 0.0680885296576574 0.0155046449669424
-0.0001559845822766 0.000808849903959501 0.0609452245946355 -0.649813552114659
0.00764522890358676 0.000133136957419469 -0.763803527519275 -0.479962824742055
-0.00700099429861331 -0.00961866371430456 -0.683225982080967 0.507825049937879
-0.0210928781504587 0.0131000530389174 0.18952769767462 0.64287105406764
-0.00287403990782339 0.0220298278073195 0.433032682830893 0.129527335768682
-0.0030391159323805 0.0019837080617332 0.186646282478014 -0.136420358897344
-0.00176728819427461 0.0102423272626473 -0.0880566712608378 -0.204727398109568
0.0117203230092662 0.00516013011010172 0.0804841040734149 0.116635813197023
-0.00882704381854236 0.0241574399861075 -0.171986715803401 -0.0117345800344925
-0.001762124553237 0.00834476668127163 -0.293573956003823 -0.326115022289511
-0.00373018540901735 -0.03030927460171 0.258815868406424 -0.506627789465464
0.039639192718764 -0.0391290464552252 0.798170262842365 0.096705527017355
0.015352443403583 0.0340485106660506 0.325309449132879 0.866723286099264
-0.0415756156442567 0.0248000197595206 -0.309778575739567 0.578021675596923
-0.0391019618211785 0.0059493187232752 0.0630177457919542 0.0202713919551878
0.00623523258806948 0.0182606637821987 0.0721788213697614 -0.647928708942838
0.021282980086511 -0.00278845650742003 -0.750303764854895 -0.507838600376832
-0.00108393389633513 -0.0123203484508859 -0.705242992438698 0.480835098051232
-0.0127762757789921 0.019796557856162 0.167254071194362 0.648542883042971
0.00913052120555057 0.0277055922838958 0.431595304478143 0.144519341586139
0.00765731558438067 0.0077192630636467 0.191877470456189 -0.12928045166047
0.00542416536827824 0.0129135565050425 -0.0879490930562742 -0.201802629142921
0.0173401204284015 0.00586618342194917 0.0797125665637935 0.123583967386003
0.00293547589830639 0.0285609597242842 -0.168674257145525 0.00295059285738295
0.00729864999781993 0.0171941740061735 -0.315391951144476 -0.302864494092826
-0.0023486034652912 -0.0213770065619991 0.21171805588375 -0.528660208945054
0.039804609533418 -0.0427084614040314 0.796916843769777 0.0113263908476481
0.030209135611345 0.0375479868154556 0.402544453375259 0.821703947973542
-0.0393432444486387 0.0460685274255915 -0.273600858856154 0.595955516020633
-0.0474590478783832 0.0266178193802825 0.0546124324834337 0.0355118227874686
0.00965525603877584 0.0335369719721824 0.107850780127712 -0.643545127093453
0.0331281720469572 -0.00235846910523908 -0.711649198158755 -0.580450364117333
0.00473016437994084 -0.0144955926198471 -0.7536671523181 0.414881366122605
-0.00791372305931833 0.024671504942551 0.109968157503316 0.662129492973081
0.0177782711900733 0.034408783558524 0.424715004987157 0.180260471235038
0.0162064008281131 0.0123182341325628 0.20336429068498 -0.110940872779902
0.0111591859393548 0.0162931013934522 -0.0880298344907909 -0.194292102707956
0.0215237578362258 0.00629851855711841 0.0779518421229486 0.133513670817957
0.0118778394468474 0.0284316316416909 -0.161136815147233 0.0233281632580929
0.0143168536567644 0.0215443861467425 -0.34245646435961 -0.266762511202682
-0.00257100416880554 -0.0142968151924801 0.137860919412828 -0.552108973099268
0.0356983424135035 -0.045623371845847 0.782858669883611 -0.110929942378221
0.0418146865968619 0.0356821541172697 0.505549958114005 0.741729159860864
-0.0312909477208817 0.0589929731222838 -0.215544166325086 0.619017304142304
-0.0539870387708946 0.0408094104070367 0.0440173875250768 0.0594615348884257
0.00915749027607506 0.0460575636922554 0.163072421950794 -0.629430192665323
0.0401933507764453 0.00215799894721284 -0.64194677299879 -0.680472790615021
0.00936083955754208 -0.0137763927092058 -0.814425410777721 0.304669072326079
-0.008523434831615 0.0286763691699477 0.0231113587437169 0.674014041115362
0.0195048206821745 0.0400935090247255 0.409478665063828 0.228365046769434
0.0220352719776269 0.0177640554786935 0.218004382606445 -0.0857618888871378
0.0146968580120058 0.0186554350623616 -0.0876597380979248 -0.184374878194937
-0.0084631479413709 -0.0027226597827574 0.0710246397379899 0.142427175272209
-0.0496522954762299 -0.00345854653441643 -0.147907129606089 0.0400106206416091
-0.0522577213485597 -0.0248165925197569 -0.373527904266258 -0.238091791240178
-0.0403277633095719 -0.0507103208241327 0.0407260530616512 -0.567930402276141
-0.00241957361198914 -0.0356778784156339 0.748690235191703 -0.220569530016615
-0.0258257869317712 0.0131787378534588 0.608581367002353 0.643456726530997
-0.035744950405021 -0.0579895222804616 -0.137311011978409 0.640332912749508
0.00971343683143787 -0.0838102723177743 0.0458608612565892 0.0890706348399865
-0.00401815347015816 -0.0567871904192244 0.236294883116775 -0.595763067682863
-0.0304126505848567 0.00246943649274985 -0.542678194873246 -0.765460308245786
-0.0185363249463625 0.00142457014001947 -0.863523307614176 0.193391211266241
-0.05431223405742 -0.0148862840628497 -0.0600720040698679 0.67914230745055
-0.0478194393764861 -0.0042533593846351 0.38770576516396 0.265779377630092
-0.0341365049291849 -0.015430016823234 0.229278492125798 -0.0656646682782127
-0.0227412094824288 -0.000773505508882366 -0.0844742041517629 -0.175482246821621
-0.00846900999010212 -0.00319064482673513 0.0738012129508071 0.131198883639743
-0.0494739825132859 -0.00175174653601259 -0.159098781884452 0.0160701299591124
-0.0462517533724361 -0.0292075601547175 -0.345225922017853 -0.281675743220333
-0.0305729040792578 -0.0553910356746593 0.12969427485533 -0.553298143913988
0.00724507875578914 -0.0367637069396806 0.785454623010248 -0.0895355755898129
-0.0259366749159418 0.0117728928320213 0.505631692684839 0.746717841698693
-0.0331338109990949 -0.056611192765452 -0.208812375115398 0.618435415313395
0.00421884351454228 -0.0777923578221648 0.0561857006096105 0.0600680511422391
-0.00973815225745615 -0.0474451156682599 0.172038288927015 -0.621192914990571
-0.0253584908275638 0.00609148514150853 -0.643942669910847 -0.657921234042523
-0.0181676883885039 -0.000725683145872333 -0.804399489728949 0.333858258566631
-0.0497579984455965 -0.00876090445368606 0.0452730959187266 0.676103379488419
-0.041620373067344 0.00174981422227927 0.41206714071809 0.211969457154673
-0.031518939740686 -0.0119925187211889 0.214807959729843 -0.0942086251588662
-0.0204980117241753 0.000876032137561666 -0.0861151013688564 -0.186246008771264
-0.00648232429951858 -0.0023066475586783 0.0761430729024679 0.121327166747133
-0.0442909750509557 0.00206335436179051 -0.167133853979293 -0.00341271476169702
-0.0363795931098086 -0.0249957132490908 -0.317206585559589 -0.312720067289417
-0.0205524911936248 -0.0550209071311794 0.204989246142059 -0.527737249942506
0.016904634726631 -0.0360643532876014 0.799436447717684 0.0254506196774461
-0.0196688838376114 0.0135711856304577 0.401939402331788 0.82479843422307
-0.0314694154229521 -0.0445005309500654 -0.267486768066558 0.595632262278772
-0.00465257425536337 -0.0635519173450292 0.064213152544769 0.0377549421145627
-0.00997630106731067 -0.0342850706009459 0.115305315521003 -0.636814982989808
-0.0160818030455827 0.00583509033085359 -0.714330424076294 -0.561420007969201
-0.0166793450636725 -0.00287160515052511 -0.743227596783812 0.433557834211584
-0.042824731492219 -0.000846082711743218 0.127319346441736 0.662665518461251
-0.0298292012182591 0.00945031585445382 0.426342888226781 0.165974251937223
-0.0239221509427478 -0.00731238843278238 0.199637055742032 -0.118677783003606
-0.0159248889132605 0.00391018653261681 -0.0880367197187012 -0.196607378246407
-0.00127006625444767 -0.000101456245151673 0.0784992827415478 0.116444503276029
-0.0349157779862996 0.00873271192915678 -0.171058155700498 -0.0143118612576647
-0.0244762571259246 -0.016714617482594 -0.295109588613252 -0.330199713780791
-0.0116952276367118 -0.0495607749856993 0.254945203893383 -0.506194090621622
0.0272456475564636 -0.0364493041878794 0.796049764489097 0.102197895580045
-0.00995828325915127 0.0187052344410294 0.326931974675756 0.867165522767015
-0.0336127022688541 -0.0247204038712791 -0.303319115987312 0.578503131396652
-0.0150701776545971 -0.0421003198998243 0.0694579996976255 0.0213037541139296
-0.00793195609486409 -0.0158632697419763 0.0751840901343462 -0.646193034828563
-0.00459621879297355 0.00338647195292451 -0.752103741485743 -0.49491194682856
-0.0120441485030472 -0.00728138972336806 -0.698644198604603 0.493062148734489
-0.0320657190380172 0.00617605270896714 0.177870532507038 0.646378704050025
-0.016335735089273 0.0161767776341983 0.432892542940202 0.134843907914003
-0.0141826714328792 -0.00168739523694909 0.190404298969856 -0.133754486813039
-0.00920203252853212 0.00728064313599048 -0.0884801143593421 -0.202965709826191
0.00406042271890402 0.00212732540187584 0.0800389478859684 0.114048144489712
-0.0220828915262195 0.0162018035114846 -0.173453204549224 -0.0175447274668449
-0.013525778848429 -0.00370455742002605 -0.286895273849392 -0.333455060680405
-0.00656112680368208 -0.0410666784505767 0.272501166262913 -0.496035175837065
0.0338238488088325 -0.0379139838596433 0.795510285514269 0.12553498673221
0.00211902596967202 0.026578060043841 0.299091564381355 0.87805995700698
-0.0385657879231901 -4.50279282943316E-05 -0.317767007286942 0.570862042817992
-0.0286749206005545 -0.0183772630514677 0.0679692515206739 0.0155641943590734
-0.00050207516387292 0.000302987120043018 0.0586792049529441 -0.649679654935774
0.00779752599958271 0.00013446602515136 -0.765569055074389 -0.474405925979319
-0.00684268842961128 -0.0110632770901431 -0.681693361121722 0.50805797715661
-0.0217104337779455 0.0131618742520058 0.193079972082205 0.641464692940414
-0.00240286240776657 0.0219272051776795 0.433724905155346 0.126827046750343
-0.00330486803459065 0.00352862415835192 0.187430602295347 -0.137589851784012
-0.00142292562080709 0.0108262204315124 -0.0895633499236897 -0.203918341704824
0.0104100366213762 0.00487576275907641 0.0800835462815134 0.116835289755112
-0.008762267402 0.0245247243943539 -0.1728785634024 -0.0113504704781702
-0.00270966176486812 0.00849450865841029 -0.293692638182331 -0.324191252489426
-0.00422614095643101 -0.0292903972353865 0.256839774256565 -0.506543382555935
0.0391647141282433 -0.039723281988954 0.797604656187733 0.0945905343309392
0.016117644671745 0.0340422430617109 0.32732866440241 0.865098381615966
-0.042336493410672 0.0251268065526292 -0.306587941026529 0.576140133246114
-0.0400411451552644 0.00651332545865708 0.0637355820726748 0.0206033917960779
0.00534142413292829 0.0172224175668372 0.0695085261804669 -0.647148997694664
0.0205341582738963 -0.00247401449146938 -0.753984664031924 -0.504823093698954
-0.00106492181745525 -0.0124278338727385 -0.701586896174829 0.483217609250503
-0.0120978027424567 0.0196667514660399 0.169501603546109 0.647058001969596
0.0103680867524933 0.0279616476395091 0.431212197562532 0.143081855564484
0.00698030873151386 0.00740722626015088 0.191250845670557 -0.130256330061144
0.00502092102465064 0.0138171679714532 -0.088596786367498 -0.201390770301645
0.0175063397814585 0.00541664348794296 0.0802785628361628 0.123132638458049
0.00374531239644649 0.0293764137653513 -0.168609270096394 0.00404980897127946
0.00704427251728061 0.0179735655274091 -0.315400054726185 -0.299914978045697
-0.00395662679618231 -0.0207369264893486 0.209655521664578 -0.528415655493083
0.0399268776344718 -0.0432178822398711 0.795879285920515 0.00805618416954406
0.0302025089870619 0.037587427630809 0.405692459973443 0.820250862595683
-0.0393622950333576 0.0460277120466471 -0.269827042631199 0.596213230935069
-0.048894274413567 0.0271613225519198 0.0551185523799033 0.0360210946455599
0.00965381971518829 0.0339079833920428 0.106404209256892 -0.643478916004395
0.0321973314559283 -0.00298676138312733 -0.714162723236801 -0.575271874490598
0.00497143932969995 -0.0146253350537116 -0.751678599265391 0.417397796075846
-0.00677643219932025 0.0252025384502993 0.11199350530443 0.662359295210217
0.0182197592475205 0.0340443150443194 0.425083949097066 0.177295187566533
0.0155006778660123 0.0138359913694364 0.203671236045064 -0.112620567060051
0.0127252706026122 0.0169741006336197 -0.0892527056441632 -0.194562031703687
0.0221336318165051 0.00603723157969478 0.0785216724273879 0.133948705555218
0.0119719365462451 0.0295296746910173 -0.161670121995022 0.0238098947399874
0.013783886316661 0.0216132914073814 -0.343869375463518 -0.262675472899723
-0.00324204869615998 -0.0131553957902024 0.133815390941285 -0.553598674748116
0.0358572712892332 -0.0459194524715117 0.778864140421896 -0.111829226109777
0.0431767385454134 0.0357713375858775 0.507756717027478 0.740707789723172
-0.0320215517733052 0.059279219654797 -0.213134504959266 0.619839145308534
-0.0538873788153499 0.0412733665364826 0.0433884554562072 0.059556207885065
0.0095257315362894 0.045659920091391 0.160825949197773 -0.627550895436346
0.0403263542341212 0.00154291800211626 -0.642704848233805 -0.676889689806243
0.00951271315933934 -0.0139730385747508 -0.815354648460896 0.309858277290417
-0.00692678371645133 0.029379149461886 0.027267813177301 0.672526385267375
0.0195442992985144 0.0403613952750475 0.412139070587164 0.225060278639103
0.0206913752965254 0.0183275704388051 0.218074492481667 -0.0873599814279691
0.0151623639257487 0.0192409497626849 -0.087438729777571 -0.183935597974732
-0.00889785748153198 -0.0034343228015884 0.0717070127422119 0.142392023606014
-0.0490260923321453 -0.00263046197113783 -0.147097275428909 0.0398621722958463
-0.0527439791863697 -0.0248541120871271 -0.373816719608996 -0.235243713559141
-0.041296809366957 -0.0504873738163913 0.0369154203933495 -0.565046078105454
-0.0034490658979857 -0.0351864728718965 0.744263992966793 -0.225571061993741
-0.0255073309809973 0.0138540624978325 0.609229963578357 0.636641391908467
-0.0359349696574962 -0.0568415139527904 -0.134540685190728 0.637691857916959
0.00890210941602915 -0.0836227065811113 0.0461012689810641 0.0880683405212085
-0.00449654679063203 -0.0582638942466331 0.233130166819294 -0.593630650685348
-0.0297694652297341 0.00285848493971258 -0.545082503263508 -0.760693079385362
-0.0181861874190086 0.00226570278193305 -0.861584734115628 0.197917537730166
-0.0535643238288062 -0.014760784913248 -0.0562287181460578 0.676973291073732
-0.047370584004176 -0.00452132402107499 0.388386818750426 0.263233829539016
-0.0355692988995708 -0.015019178650459 0.23021816421219 -0.0662542730651519
-0.0230697553256099 -0.00123967915519317 -0.0846769564882769 -0.174384835848685
-0.00838828230122137 -0.00314577267126204 0.0740649303727627 0.130375132431411
-0.0488896139637369 -0.000850570107814862 -0.159833523223924 0.0167563981685493
-0.0472671712632852 -0.0274128201534343 -0.346727170691805 -0.27898942636909
-0.0318585051345199 -0.0558084633374373 0.127233226176742 -0.552716471357116
0.00745714551397666 -0.0366474677287319 0.782123330706219 -0.0943583158953907
-0.0258058894063054 0.0122013158066216 0.507391477496921 0.740442581545633
-0.0340128574463994 -0.0556810631145859 -0.204854185828472 0.618481383224166
0.0033301650764246 -0.0777246715334963 0.0567450608336037 0.0607055761818452
-0.00981745683090716 -0.0478346728513959 0.167740804027886 -0.619226808005957
-0.0258341476475874 0.00587534153953669 -0.646121580523197 -0.652441390155222
-0.017469929674963 -0.000360124748386922 -0.802192897401192 0.336855471503932
-0.0506864644696697 -0.00811912250320946 0.0511749109294297 0.674484047289135
-0.0414110314364497 0.00215257254209204 0.41185224380523 0.209091487617821
-0.0314057378688617 -0.0115799012018285 0.213833770140615 -0.0958005887915201
-0.0196119407078586 0.00245332438211873 -0.0864682022935138 -0.186244781619822
-0.00593265000938993 -0.0027118365827908 0.0764616466717574 0.121728536553286
-0.0433219674420633 0.00261700782994328 -0.167515111239905 -0.00230541281968986
-0.0369500730545715 -0.0251215111266898 -0.317206641358658 -0.309446237190701
-0.0210542957933832 -0.053869771175112 0.201432404836917 -0.527484339750077
0.016885476888836 -0.0359062113831547 0.794851600719344 0.0216025993955101
-0.0200965583024001 0.0147545868022635 0.403583652428605 0.817952614749823
-0.0326619406731302 -0.043821907073316 -0.264256807949647 0.595657487551957
-0.00517492862812723 -0.0631032904242061 0.0645484753329608 0.0373583309004557
-0.0114060687892983 -0.0332322393944721 0.111182347584526 -0.635931599701274
-0.0166281294212722 0.00560096793296277 -0.715986022631078 -0.557173222465361
-0.0155284226010366 -0.00286288185458568 -0.740154273969963 0.43539676564993
-0.0432213769650556 -0.000926938587200235 0.129835523032495 0.658312837383132
-0.0305266300836966 0.00986750477344485 0.425987068570603 0.164230653437514
-0.0244922687340194 -0.00707053653261325 0.200104676443696 -0.119695154970227
-0.014823184193794 0.00489826875944721 -0.0888484666688352 -0.195802656009049
-0.00213931608288437 -7.04679403044039E-05 0.078411459659153 0.116179830588752
-0.0332749057120329 0.00959392765370739 -0.171702350824887 -0.0138200546538682
-0.0252634837346491 -0.0156196066585782 -0.297516032185527 -0.326291903443277
-0.0124224247128863 -0.0494363558145221 0.251748758422709 -0.503811730246683
0.0265515877231974 -0.0365660780383539 0.795819513633653 0.0969999057270627
-0.0104459774832855 0.0187361354978021 0.328805461833424 0.860856571085323
-0.0341363093401641 -0.0238089940468875 -0.300176497029174 0.577006307497208
-0.0153198045878989 -0.0418089856506004 0.0687084110076203 0.0206655044503748
-0.00776773825820854 -0.0177482908699144 0.0703007914316836 -0.644342511741578
-0.00405472204552728 0.00387684251302659 -0.752274114742242 -0.490986887987809
-0.0129779534014874 -0.00618187740393572 -0.692274043491662 0.494985478427913
-0.0324880859198416 0.00650709198200961 0.180256225844149 0.645145335957273
-0.0161926226325261 0.0167027904607425 0.431788490946252 0.132521062062729
-0.0148743933757708 -0.00217368668948649 0.189105260073267 -0.13354440876483
-0.00925715365555322 0.00820095693599603 -0.089447591011789 -0.202569853056221
0.00424232756567993 0.00213234146043956 0.0796439924962136 0.113622324731429
-0.0220531996208992 0.0173052600386442 -0.173075423204189 -0.0167732758365121
-0.0133266133892559 -0.00307543502435054 -0.287245132958875 -0.330154645951795
-0.00747900181084807 -0.0397782830100494 0.269141227571774 -0.495754749578413
0.0344269417268811 -0.0386170715606651 0.792275229364722 0.120911288298636
0.00233905450395365 0.0265000535611337 0.302672514508295 0.873144929444036
-0.0381625078644382 0.000841239021291632 -0.314599709929109 0.569313554253825
-0.0282561610858519 -0.0182587886348396 0.0676104265766244 0.0147913199800597
-0.00149935830953993 0.000292566203776067 0.0543758119768783 -0.64739516336375
0.00785263190384683 3.74994721108329E-05 -0.766689696269967 -0.471293295560054
-0.00685173244558098 -0.00894227859653802 -0.676204907102248 0.51181423059696
-0.0212158294676952 0.013726162833403 0.195024909987354 0.637056797259758
-0.00196138011625989 0.0219060177782662 0.434153797332641 0.124465691730883
-0.00392355903663182 0.00346118235548162 0.186467253216751 -0.137801569753022
-0.00164253544153647 0.0109523990225075 -0.0907846710598882 -0.203695969781491
0.0107864890512471 0.00490172432873629 0.0810271217980171 0.116509159859564
-0.00771788023690437 0.0256351665130688 -0.173191884006701 -0.0108353732964042
-0.00261766500800031 0.0091174987838107 -0.295850940710565 -0.319270984589728
-0.00491741841137651 -0.0302860716005491 0.254519230771735 -0.50543655075246
0.039358617804982 -0.0397999096854111 0.794752148550222 0.0890858904489679
0.0167501885886444 0.0333603658342733 0.331197389704559 0.860272265468127
-0.0410036769967424 0.0249432509195137 -0.302225806523342 0.576750033065032
-0.0393630839217794 0.00615949998038963 0.0627851545442227 0.0214674028401101
0.00487061568780682 0.0168422294797446 0.0658379356692089 -0.645893107588219
0.0204284203480002 -0.00315230977067354 -0.754583531166814 -0.500897276331748
-0.000877649681008216 -0.0114500256827989 -0.696925160270164 0.486205917699779
-0.0122185198766195 0.0195940533050655 0.173130194307456 0.643531490572463
0.0100504507535496 0.0289766924397344 0.431076492153271 0.13922576825215
0.00684333645616722 0.00895284815807731 0.19163628952528 -0.13065719980915
0.00538184639010728 0.0136237670324403 -0.0908973458124469 -0.199530929321772
0.0166585711490391 0.00628619844939794 0.0804078007743137 0.122184076003219
0.00373790937551824 0.0290555963933228 -0.170162379689643 0.00356343128072139
0.00763085619352578 0.0183357407430335 -0.316184449753394 -0.295921059134648
-0.00303295992574174 -0.0209565962996599 0.205861894162181 -0.525965374137438
0.0387387646696421 -0.0427348405148651 0.793966696312056 0.00506295806733117
0.0302780727586001 0.0380896305055358 0.406411955133764 0.81467406632831
-0.0394781948375059 0.0460891260747407 -0.268007212616386 0.596718239411071
-0.0490839299045542 0.026614747301987 0.0543475111053823 0.0354486375024679
0.00932561749979346 0.0329305958178877 0.102349800697686 -0.640414981335811
0.0326360554616902 -0.00208236682579327 -0.716071098163077 -0.570660844979219
0.00493172692968991 -0.012967984153313 -0.74608748975733 0.419881783248448
-0.0076448776954181 0.0249652069517867 0.116486667334159 0.659018816740348
0.0168656819684925 0.0338917766749065 0.42626568511962 0.174731499644895
0.0160162199898549 0.0132870311190142 0.202737042555081 -0.113672080387746
0.0111936371052148 0.01654152768602 -0.0901678902111702 -0.191440112004349
0.0218021261560127 0.00634106294880955 0.0791874025435371 0.132061459443521
0.0121997837857791 0.0296284072875338 -0.162841133406721 0.0243245689175647
0.014072027557979 0.0224114374915872 -0.344272959928299 -0.260434685687287
-0.00359392800761499 -0.0126049523174068 0.130286137898038 -0.551002728069939
0.0349390725427846 -0.0464535290006665 0.777684785706402 -0.114833477005411
0.0428313358497556 0.0359562625911859 0.50787808683173 0.733878967353532
-0.030855096411005 0.059676196543386 -0.210087353527152 0.619448569531843
-0.0543522304233813 0.040950595264019 0.0435275141909185 0.0585519558840661
0.00946584215857993 0.0453591252935708 0.157030292605131 -0.626750650939014
0.0401600641653616 0.000386083245247838 -0.64527387682067 -0.670440279900049
0.0093475354360412 -0.0135898219550604 -0.809375528282059 0.312488183296658
-0.00743241988516959 0.0293427944256063 0.0310388405368148 0.670346668361683
0.0191657636586986 0.0399244658504595 0.411331950904165 0.222193978020818
0.020905076804597 0.0194120108053585 0.218430145064009 -0.0874427219302564
0.0148371615438531 0.0197916361565189 -0.0886315833430075 -0.181348016866435
-0.00847614613176477 -0.00413660653268615 0.0730864899485928 0.140661039650161
-0.0499691355508201 -0.00154341344622037 -0.148232592827682 0.0402966151773422
-0.0532603264305613 -0.0243345711304158 -0.374096386161676 -0.232553095623661
-0.0420556213099585 -0.0503773932292846 0.0341462756541171 -0.563065551963735
-0.00315258498274665 -0.0347519156506641 0.739507916440751 -0.229945421549523
-0.0247526764438218 0.014659078638707 0.611292347723727 0.630743930853246
-0.0377898402969367 -0.0562624311410259 -0.131993058637414 0.6360749864675
0.0075166777674667 -0.0830462186712952 0.0471816038365183 0.0868009940794599
-0.00483471297466427 -0.0582597340326371 0.229460826174575 -0.593926648624653
-0.0296363743286332 0.00136958194673516 -0.548543005318747 -0.757463436007353
-0.0180432006590472 0.00179469488188664 -0.856269178463538 0.203066917497809
-0.0541720283260747 -0.0144286132842476 -0.0507218357888674 0.676191796117755
-0.0474483866808431 -0.00419729951172231 0.389940606000303 0.259524423814399
-0.0357673821646901 -0.0144293682108288 0.230011331058104 -0.0684084394035472
-0.0225580636230425 9.43368068682428E-06 -0.0849636197411548 -0.173653886740852
-0.00892603150632443 -0.00240426994132254 0.0746367187324159 0.130770826693651
-0.04833054137961 -0.000618829554713803 -0.160379787509005 0.0163099262172233
-0.0469626137668286 -0.0272134633019125 -0.347430409849027 -0.275559884130812
-0.0326432377265794 -0.0535182408023401 0.122917173768998 -0.550532184784554
0.0064692126755692 -0.0364155629804882 0.779103690951088 -0.0979174280193038
-0.0249201800386067 0.0129474977053323 0.508392464633517 0.735069417096345
-0.0346504063210589 -0.0544944680915555 -0.202992460007189 0.616701330737624
0.00262017560707895 -0.077121881184932 0.0573937386230091 0.0604437973178036
-0.0102754796705971 -0.048304371727692 0.164425104457301 -0.618079810963561
-0.0241547211373448 0.00504355834308363 -0.650274037913128 -0.647869632179861
-0.0175157386314899 7.06167800024193E-05 -0.799065411789536 0.339358897201555
-0.0499020005147234 -0.00755688803588714 0.0516768405857575 0.670351277754975
-0.0408036077364176 0.00190815859220736 0.412059573534079 0.206618964484105
-0.0323532119235396 -0.0115029389423441 0.213703999930672 -0.0970050229359715
-0.0204585268232422 0.00196137832397112 -0.0875784582369687 -0.184886190653973
-0.007424396808436 -0.00151713442559143 0.0778826091748747 0.119666003279038
-0.0437630404743157 0.0031845070115221 -0.168549870748809 -0.00194312429951994
-0.0362248941034948 -0.0240802601883024 -0.32045243515832 -0.306509873998377
-0.0216209824384879 -0.0537316362600785 0.197470031055552 -0.525483644659704
0.0167314337611325 -0.0368845074672335 0.793577630034723 0.0170632213033996
-0.0188754454020404 0.0145592804541476 0.4065178873529 0.813026081976451
-0.0326498906064328 -0.0431164716621439 -0.260201593086883 0.594924057680085
-0.00628893983841466 -0.0617708553455812 0.0642849620940124 0.0362421707155621
-0.0115702999585379 -0.0336026749913113 0.1075905290202 -0.633824516332372
-0.0166088578454643 0.00596071767768894 -0.717350916333759 -0.551747458666574
-0.0153246241908328 -0.00266342134396191 -0.73554890927265 0.43905869489131
-0.0431039323635293 0.000555839976962638 0.135008308522853 0.656888027981816
-0.0302208905487603 0.00967038830194875 0.427129609293331 0.159399992407217
-0.0247453236219144 -0.00537675089971621 0.199707493826353 -0.119967782717912
-0.015447191554383 0.00498763749322978 -0.0898274546334982 -0.194095802693161
-0.00217891979284897 0.000613899086906849 0.0787900568707304 0.114280519398175
-0.0341976903884285 0.0102269038310591 -0.172543709493698 -0.0137394055509386
-0.024826542274013 -0.0147712646620144 -0.299369892265892 -0.322774188379906
-0.013193936877878 -0.0489146540179456 0.248487403586861 -0.503996639602456
0.0261056998003156 -0.0374456666994045 0.793702219578056 0.0957461708761762
-0.00943192867049354 0.01924827686565 0.331933551446186 0.856385932064708
-0.0348329094338229 -0.0231456840879003 -0.297300504865219 0.575691591186426
-0.0174013143885543 -0.0423468778577281 0.0682893960452296 0.0210194517366475
-0.00817646771752437 -0.0183140339316402 0.0666570958543159 -0.643514205430753
-0.00480482802195057 0.00300154783968234 -0.754455766450445 -0.485535271861309
-0.0114234925357515 -0.00537276523526495 -0.687391268068944 0.496693549531687
-0.0328196123175805 0.00723779249606738 0.183460551866143 0.640873626570987
-0.0165103651857466 0.0161114594437167 0.433067394962734 0.130630743388128
-0.0150168337369297 -0.00127278691726583 0.189089690151001 -0.13501322206886
-0.00883091032241078 0.00875303160759225 -0.090322331631935 -0.200516319639836
0.00352107103001586 0.00225022460020811 0.0810560249944478 0.112123169309248
-0.0209809445192848 0.0182012103753478 -0.173809602007733 -0.0157007433556057
-0.0134326913399597 -0.00366883394060387 -0.290586201790916 -0.326181664110504
-0.00839718043883562 -0.0393786493005754 0.266409607905518 -0.495248958299535
0.0337481577782094 -0.0380856403572512 0.791114076630928 0.116947945396087
0.00246543996022117 0.0267878473919131 0.306235598798859 0.870154044356214
-0.0392810283982484 0.00104575142756612 -0.310881611312364 0.568775316046814
-0.0288057488168921 -0.0176267795736479 0.0676364587658864 0.0149737809438393
-0.00112846720231146 -0.000669011821952033 0.0523267301568227 -0.646267738755309
0.00785865754521755 -0.000255028082943046 -0.767588195006303 -0.464467112140737
-0.0066783878598905 -0.0092934705803974 -0.672340019799173 0.514140535764469
-0.0215735252369538 0.0142520086230699 0.198867937867466 0.636641934627082
-0.00195014062290833 0.0230099315431161 0.432664515900512 0.120970836813897
-0.00414156495630485 0.00388755507115362 0.186633064514126 -0.139461637067534
-0.00125374971236852 0.0110719307449859 -0.0922715258973489 -0.20178226478471
0.0104528533273382 0.00482462826901396 0.0813430870363232 0.115234625128209
-0.007412285569075 0.0250410568789214 -0.173088028707802 -0.00900402424591952
-0.0022681336133286 0.00828010989906553 -0.297050367349858 -0.315850456603074
-0.00599573452516784 -0.0296741425986637 0.249642923669055 -0.504383908652616
0.0385303196578231 -0.0400054499576516 0.792563233312093 0.0839411966442211
0.0162032322210942 0.0342037288334377 0.333384136316529 0.854744400201058
-0.0414317149992774 0.0253940746771932 -0.299272689774816 0.575882536870551
-0.0408464371459885 0.00674833350881857 0.062297704610849 0.0204012319264283
0.00479537147823297 0.0167382897198283 0.0625072643684633 -0.645182892500203
0.0207153475075775 -0.00309719506205673 -0.754030931274526 -0.49579930692614
-0.00146435791990691 -0.0121089709547656 -0.691938996525872 0.487486267469784
-0.0115876898516085 0.0210625066822689 0.177351149515718 0.642942528288735
0.00973198482473513 0.0270732725869385 0.43153438346563 0.135799349863537
0.00674691445589033 0.00910866323752378 0.190520629284943 -0.131693354924097
0.00596440647739911 0.0137067205175493 -0.0917091006050201 -0.198351070543524
0.0162692074259791 0.00553789718064491 0.0807269206764704 0.12119228496394
0.00440818875164728 0.0302698314878862 -0.170199935869747 0.00421439879062258
0.00716078119892644 0.0186605325592405 -0.316900253515651 -0.294265841756423
-0.00371475246840062 -0.0200605462853715 0.203529481991286 -0.526468663370212
0.0395798025482198 -0.0436931469161125 0.78967291974639 -0.000376177631196315
0.0309633310325645 0.0373764461657408 0.409633062977755 0.809780303330154
-0.0392317946155479 0.0472203499140001 -0.263415339799751 0.595445409910109
-0.049108782397842 0.0275880468527074 0.0546366212658065 0.035293724881749
0.00917762982223261 0.0329676485853298 0.0981276108503281 -0.639125305929236
0.0323344562435758 -0.00330062974322764 -0.716850985066189 -0.563904261843666
0.00505515378960769 -0.0137256601938086 -0.742112530153936 0.42199549175178
-0.00717005616051097 0.0252403929350499 0.122324829340535 0.657064182861085
0.0180104095415812 0.0336445308817705 0.426861437347521 0.171478455308949
0.015511289086002 0.013612638383104 0.2017457796757 -0.115180582337487
0.0118220436638314 0.0168078745066701 -0.0904536236857074 -0.191455141844023
0.0207184148410085 0.00549055881994169 0.0801044820226538 0.131411103608529
0.0122209939295544 0.0297052925080036 -0.162134743738316 0.0252781007264357
0.0136899869199783 0.0223373827444642 -0.345712385119471 -0.257081862980032
-0.0036535884381071 -0.013190780045908 0.127417753816141 -0.550049461287453
0.0344232045583375 -0.0462985809281618 0.775427792941343 -0.119038872415868
0.042979780034138 0.03585409884061 0.510660760395908 0.727762380762413
-0.0324145915266694 0.0607685151779712 -0.206391877351525 0.618406101452151
-0.0547869788548821 0.0411120630429883 0.0438646644696689 0.0592478257352831
0.00797350226027022 0.0443330438646331 0.153361879547326 -0.624704386509782
0.0405644417608013 0.000748504693554919 -0.646865103840494 -0.665701784603617
0.00916127044001473 -0.0142523436177171 -0.807405024620078 0.31533303940486
-0.00768203045624115 0.0295243311433788 0.0352086976999425 0.668039411964945
0.019711968649762 0.040440694298788 0.413534384243197 0.218236389128632
0.0208255599848965 0.0188794093809173 0.218725070402043 -0.0887337449300679
0.0152760446876 0.019191225535632 -0.0886874544092042 -0.180832418156961
-0.00985849572113962 -0.00340596579969732 0.0734931321062721 0.141204468274368
-0.0490615725120611 -0.000779920195063646 -0.148870751930321 0.0412113106509611
-0.0532532306613179 -0.0245284398124195 -0.376104966501262 -0.229503308191372
-0.0436993862761932 -0.0488998386793812 0.0298026300148895 -0.562198755516546
-0.00310121402758047 -0.0351116311044128 0.735036357361556 -0.231992946280212
-0.0255110032630576 0.0156881533189589 0.612386344261057 0.625326745349055
-0.03756071437917 -0.055645078578213 -0.12713476203801 0.634371585312574
0.0070040284683433 -0.0827580942379044 0.0464762082605201 0.0873400665592029
-0.00497762220326571 -0.0581023632384406 0.225779819572758 -0.592175945496157
-0.0289696600908222 0.00282970526220364 -0.551393666202428 -0.754044189333574
-0.0170781768200932 0.00189918586970741 -0.854491011136058 0.204798188933687
-0.0545185009051305 -0.0127834150811791 -0.0446336537424126 0.67461424393596
-0.0475328360697274 -0.00367493276797957 0.390455990330429 0.255898172562057
-0.036344448960933 -0.0146755115163677 0.22945815499557 -0.0686184640217735
-0.0222878338024801 0.00123548374914539 -0.0855528194984459 -0.172834291455015
-0.00918320061605485 -0.00310815106288386 0.0754385777540254 0.128912463898752
-0.0493759878261442 0.000720891381785107 -0.161015232183384 0.0179431539322538
-0.0476607181932964 -0.0267406894809535 -0.349312123767385 -0.273340179659773
-0.0334817711359244 -0.0532667274537807 0.119443929841435 -0.550544771495457
0.00663513805768093 -0.0365240155961867 0.777624318416537 -0.100832939874163
-0.0244330816203862 0.013371812273267 0.509943735609866 0.730638003198232
-0.0352656693019412 -0.0537224056505908 -0.198657862506781 0.616107715143984
0.00169831810301563 -0.0766696041028796 0.0566855221801451 0.0593103619509252
-0.0112357776697033 -0.0491275467934654 0.161379686295693 -0.617311350159033
-0.0257579122961242 0.00542766400905649 -0.650443540346901 -0.644715464804223
-0.0172160656781286 -0.00057596846794282 -0.794737547457449 0.342803067260954
-0.0501421813630822 -0.00601868222440564 0.0577981523076222 0.669246805352407
-0.0412837923099489 0.00194856827059856 0.413820523247126 0.202628010009747
-0.0321483366282303 -0.0112054126327678 0.213795430830467 -0.0983636998360926
-0.0200085584567794 0.00259962924637998 -0.0882294266382143 -0.183600233685178
-0.0066618983279539 -0.00223042526695167 0.0777924835369306 0.119121079843426
-0.0446253469136032 0.00394482215167481 -0.168331936977343 -0.000381765596240922
-0.0379136637117233 -0.0237808000951426 -0.32060233240627 -0.303122508641085
-0.0223213741552406 -0.0534286932999864 0.193850687225828 -0.523873264510558
0.0161127690900251 -0.0367830654540033 0.792111300901965 0.0120779955083427
-0.0190031530310661 0.0145828503795084 0.408365862678368 0.808244663058645
-0.0335325940082892 -0.0418272119966337 -0.25754102080693 0.593906443713686
-0.00673409844430652 -0.0629462234564654 0.0650606077165499 0.0362659029509411
-0.0123498106227869 -0.0342044645055357 0.104292501416918 -0.633731807236879
-0.0170321243953938 0.00545579471525563 -0.718376590024349 -0.545626876440047
-0.0158087592170714 -0.00284148932456906 -0.73183528158776 0.442926194739554
-0.0426781366016119 0.00122654430173683 0.139551176499671 0.653688465736841
-0.0306104834940157 0.00977857922812461 0.427831974451742 0.157174387347155
-0.024675993388986 -0.00595863146465253 0.198680481140544 -0.121118030492427
-0.0149259655494816 0.00613421598390628 -0.0904045167770656 -0.193698694812392
-0.0024812422951023 -8.41417252637004E-05 0.0794296795103174 0.112770135486326
-0.0335434397635592 0.010799596316147 -0.173539185328581 -0.0119870066342276
-0.0249730166352696 -0.0150674142543545 -0.298907390694575 -0.318022172456985
-0.0141163037243619 -0.0485880533463331 0.244441352438223 -0.504526820739365
0.0262608197256578 -0.0366385951598614 0.791449886949383 0.088133314303556
-0.00906692157172914 0.0195732601103863 0.335920958560385 0.8520241940462
-0.0355071897054969 -0.0235123976973876 -0.29413981797603 0.576222937041341
-0.0175662004616381 -0.0418407053362332 0.0686854158010548 0.0206992903682629
-0.00920535519934385 -0.017534190816515 0.0649102341824447 -0.641797600208673
-0.00489473182789619 0.00341861074117798 -0.755543552822363 -0.481531007722819
-0.0117742955894391 -0.00638568039325781 -0.685595173100684 0.500565175528643
-0.0322225844798132 0.00761728709240868 0.189698044500329 0.639381898942487
-0.0160230781630108 0.0169629232242883 0.432727892101523 0.126313138565449
-0.014945739438782 -0.000771841021013707 0.187914429875215 -0.135666557290616
-0.00840372087119206 0.00922884682977038 -0.0918945606327248 -0.199320654114717
0.00323424698597873 0.00275338013895515 0.0812011269272588 0.112185058256057
-0.0210941905149124 0.01923063095112 -0.175560275871276 -0.0148874863001528
-0.0126366311698426 -0.00285032882585253 -0.292669211016963 -0.323040199948904
-0.00769832173042807 -0.0392940634576198 0.261997890739744 -0.495215518191659
0.0338289162635692 -0.0389939578444327 0.789214185914424 0.114203983358894
0.00334747152843444 0.0270757872832513 0.309909058741118 0.865209031099382
-0.0391028530858935 0.0017093310021861 -0.307544329773127 0.568390181479097
-0.030504616888364 -0.0177176832484567 0.0676854937331662 0.0151299479100892
-0.00203334009588122 -0.000309540984702413 0.0482111839599189 -0.644464358446349
0.00775202323855885 -0.000711963222229842 -0.769867556579267 -0.460252002278826
-0.00561219334319255 -0.0093878497881408 -0.668445453739569 0.516525414745117
-0.0209674843877152 0.0139272398091557 0.202933073284026 0.632645706504705
-0.00278627348054959 0.0222449380860288 0.433740115849949 0.119143477852536
-0.00485346663435519 0.00457837385444976 0.185943684408943 -0.139878633127437
-0.00112253472457383 0.0132280459584126 -0.092315876143636 -0.200824317459535
0.0101115763895315 0.0056758922198076 0.0817325272286804 0.115167384767565
-0.00690811053291167 0.0249148684313711 -0.174288596208416 -0.00767172504842767
-0.00172047595106066 0.00929297417942661 -0.29748016049959 -0.31300785747214
-0.00578693236271448 -0.0294951268066919 0.246700997726826 -0.5040812635159
0.0380011059274666 -0.0404186897843712 0.790953875868569 0.0818577633455939
0.0178364302591018 0.0340430351439372 0.335894585276963 0.849845608497495
-0.0415630738780202 0.0254852019556539 -0.295843343277557 0.575335573299971
-0.0416232826466073 0.00671116920606979 0.0623239200744019 0.0198934243840315
0.00467120366036343 0.0167309082999363 0.058407132047551 -0.644427424429384
0.0205768222037647 -0.00372675375168635 -0.756106693388929 -0.488269862431827
-0.00161110203219725 -0.0121718454401246 -0.687843700487608 0.490270115599674
-0.0121208965950644 0.0203048885288485 0.179527494074883 0.638948196411759
0.00946829116913085 0.0277227483286312 0.432689310549203 0.132342278219349
0.00566002607548942 0.010300851992272 0.190448189960046 -0.132598600173335
0.00661693640123214 0.0150448656387707 -0.0917053934966441 -0.197299812331519
0.0156728843041351 0.00606358218254803 0.0806499465270426 0.121129486356443
0.00402108411350747 0.0294845970154976 -0.170693083400537 0.00552249461810028
0.00782010622495742 0.0178543362439338 -0.319069120585372 -0.289530552129664
-0.00414468853981188 -0.0192255004329721 0.19879966960396 -0.525157151661395
0.0390533654675625 -0.0437076504514484 0.789070413338099 -0.00320475991279562
0.0316541037994812 0.0376558399898399 0.412893130841693 0.806758317027991
-0.0397354295445529 0.0468504858819952 -0.260503732034503 0.593662974339332
-0.050937814018612 0.027713007381758 0.0550927027458579 0.0354809267715363
0.00883542756254513 0.0321254392056116 0.0955763231344627 -0.638511485815508
0.0325855553686619 -0.00393795727045095 -0.71974367727904 -0.561411304634301
0.00489434272203255 -0.0140693468343803 -0.739797432145043 0.425322716963846
-0.0070472381252649 0.0249482938913882 0.126560932318321 0.655361873454766
0.0174484532333429 0.0337980416523516 0.426648814844247 0.167257396677849
0.0153362567344861 0.0149712909916949 0.20200077401347 -0.115976991638599
0.0117674546873404 0.0168162308173516 -0.091997494278116 -0.190531263404898
0.0204615361814439 0.00563146372369943 0.0800689228117113 0.131190719762361
0.0128885973845328 0.0301039892814235 -0.163087766715066 0.0259384736222458
0.0145904013751353 0.0235901053704353 -0.345058710193641 -0.253251171535966
-0.00371115221319661 -0.0122809086354924 0.123047590124293 -0.549440496432008
0.0353358618023372 -0.0467237029417305 0.771717714756291 -0.123316392111183
0.043279833084771 0.0355832664706764 0.513372089552004 0.724080564836477
-0.0305713644694633 0.0605325238519171 -0.203491220178112 0.617266773493005
-0.0552704720019167 0.0411496601243174 0.0433814028172494 0.0582918290908634
0.00782268228559901 0.0442314141566693 0.149356842074306 -0.623854770482427
0.0395135740891575 -0.000169699563430561 -0.649731375865447 -0.662218622809341
0.00913682574407255 -0.014434785774376 -0.804138096226671 0.318238236459416
-0.00711590220691547 0.0295179483374484 0.0387535029742739 0.666930331014072
0.0211101420631689 0.0391555701900762 0.413300545188017 0.216118717939167
0.0208831941213376 0.018245285806666 0.217394898923042 -0.091605454515367
0.0147767651366439 0.0199420427741946 -0.0896177886444857 -0.17962981088816
-0.0109179670562024 -0.00496782257850057 0.0443796121513253 0.153215104289295
-0.0460008168227088 -0.0116309513573835 -0.155103700470406 0.00765207417592415
-0.0410971096915065 -0.0358656227403517 -0.315995123076552 -0.30083488628981
-0.0273752635367094 -0.0485591200419599 0.143933655997914 -0.543987365580698
-0.00459918259713765 -0.0274849645157279 0.763968405806659 -0.0794715986389351
-0.0318984888314346 0.00522221197848001 0.466270955926013 0.741381619276471
-0.022007014149252 -0.0615963117792004 -0.264940963603311 0.595828689498526
0.0234955513588211 -0.0811855136338016 0.0256080970801339 0.0947582643346262
0.007112444599473 -0.0563261066183147 0.347306482886099 -0.530542708759864
-0.0298118405548428 -0.00181613928654507 -0.370317376463131 -0.850103336868548
-0.0162568204659403 -0.00117629735702219 -0.876890599377301 0.0161597251966055
-0.0425645124382777 -0.0226960120694179 -0.196817819261481 0.649400914391388
-0.0420631349294919 -0.0160962933868609 0.330751667450412 0.33668257562529
-0.0336287371351297 -0.0244188165989094 0.244345743136375 -0.020018550999631
-0.0223110915465835 -0.0041220473809557 -0.0463689684657192 -0.194223802962494
-0.0110151839238498 -0.0054779333491603 0.0474531430477357 0.142424370665651
-0.0448803869284371 -0.0105833121911298 -0.161875237769119 -0.0174957486024695
-0.0343337125979698 -0.0355006963063142 -0.280315241462913 -0.337977123559362
-0.017774477356513 -0.0500771426502393 0.229251787914463 -0.512532612609532
0.00324397444356578 -0.0284165654822911 0.776954758805533 0.0579170285579285
-0.0302347480129311 0.00329093335935214 0.345121733184388 0.823909205982886
-0.0208530263540302 -0.0580808658776474 -0.330636750835948 0.560533462894355
0.0172551069842294 -0.0758088497194345 0.0412995873476348 0.0704567242266242
-0.000839384052356056 -0.0490960836285756 0.28964897574797 -0.568463021266028
-0.0265259876963868 0.00252507804568727 -0.488964378814299 -0.764562492574726
-0.0157166891402434 -0.00265521347917733 -0.848461360589532 0.165083265181632
-0.0417224124035825 -0.0157020515847609 -0.0934350365268714 0.669027671664778
-0.0373490926665862 -0.0078066924462485 0.363287058732098 0.28882719676402
-0.0299747588059629 -0.019349154551828 0.234823304648539 -0.052574044238211
-0.0214840920343711 -0.0011915986696924 -0.0462479023417761 -0.205536436258861
-0.00871250857844568 -0.00339163496666695 0.0526774451721997 0.132968939481841
-0.0408838599822995 -0.00530719509722674 -0.166429425816024 -0.0377399962494186
-0.025448885156107 -0.0317086976816282 -0.248936935392593 -0.359897606467055
-0.00925897245594091 -0.0475876805289441 0.299785355091635 -0.471429016051407
0.0118406214505098 -0.028178071824689 0.769861580619254 0.173337885945648
-0.0242988758887702 0.00445591410090639 0.231504244168813 0.880083356196961
-0.0216828426966283 -0.0466817544273286 -0.383642218506966 0.52544092305568
0.00592598000889105 -0.063320891257303 0.0545652778891121 0.0503891288448765
-0.00438581035088277 -0.0347172265447665 0.237902884104602 -0.595778682987632
-0.0184648172217514 0.00540847795562861 -0.575564345517203 -0.685483421747394
-0.0131272927355644 -0.00583002731464907 -0.807347938684525 0.273576061821216
-0.0362647656626014 -0.00848865942711314 -0.0103014811124561 0.670908848465777
-0.0290062195590379 0.00157000444187988 0.388337174939338 0.24606575552991
-0.023836414364092 -0.0130323626329498 0.224945669115085 -0.0782873961265237
-0.0162965466018498 0.00329322145565918 -0.0463157738379065 -0.215712936767222
-0.00493212598432618 -0.000122999053141761 0.0556242144010257 0.128427242887117
-0.0328568132130721 0.00271511763739392 -0.168434520758643 -0.0483464684281059
-0.0150413496945654 -0.0194955599072907 -0.224366032334683 -0.372590523887782
-0.00212983766970189 -0.0403265063503223 0.341812591185187 -0.442010334068903
0.0218717415639949 -0.0271908120275421 0.75271297337687 0.2471093629404
-0.01579651568054 0.00984816494910916 0.146759307308817 0.907302360519483
-0.0264585320270249 -0.0283216245573593 -0.416714332149596 0.500246674128231
-0.00946125860505236 -0.0448674809610233 0.0620213014861656 0.0351523547403946
-0.00492764147193683 -0.0169879314014728 0.200704593237193 -0.612163446484678
-0.0057998596022729 0.0050799953012793 -0.624959519925257 -0.631794374643502
-0.00849281552748084 -0.00777021412045787 -0.774379431521236 0.339945827564438
-0.0273641241563612 0.000794892224450575 0.0415875465584017 0.666008712344315
-0.0170359446675467 0.0109396876000007 0.400669697942052 0.218345939160864
-0.0157241603850041 -0.00575198226175329 0.218308456892457 -0.0953741283119269
-0.0108574406905999 0.0082641726272089 -0.0464034703080577 -0.222654481789659
0.000754293632268726 0.00293407891066895 0.0580368536850622 0.12644439739915
-0.0221617690591362 0.0124314903719677 -0.169723289504059 -0.0496942755821744
-0.00551424695992188 -0.00476321530907974 -0.215356238789278 -0.372785596209983
0.00146701170755928 -0.0314286505157476 0.35727150226679 -0.430486230641557
0.0294261480180977 -0.0275689165146599 0.7456091036227 0.271406561973377
-0.00468537446657813 0.0199742063390421 0.120829122105504 0.913322061761353
-0.0354729888034509 -0.00496481271886253 -0.429606493617946 0.493157012859228
-0.0265573377226549 -0.0240812592886491 0.0616875469353434 0.0300917440219056
-0.00234805106232158 0.000509846860353014 0.185130271651881 -0.618272800064481
0.00778450792722192 0.00416294976873069 -0.643742819951813 -0.613657540666622
-0.00322817460148226 -0.00933538211873791 -0.761332551355374 0.358189346262645
-0.0186812633267931 0.0092495283138725 0.0571557160381862 0.664959881241973
-0.00474209650195199 0.018988254449696 0.403979108629587 0.210438053705485
-0.00596617101751065 0.00134283179943848 0.215707946723169 -0.0995049852263291
-0.00385816118281606 0.012314069738595 -0.0462825790713835 -0.223583141342211
0.00613753092491634 0.007757309613323 0.0574966430747435 0.128891785804261
-0.00965171470135711 0.0210848977169308 -0.171085189522674 -0.0435666473101547
0.00241466407705176 0.00837964211469266 -0.226006953231683 -0.364313322672522
0.00281045096634655 -0.0202931387036254 0.342971316071772 -0.442836302650399
0.0336597870122682 -0.0287229738184224 0.752924921607926 0.238660784764207
0.00778806629814883 0.0301667664138689 0.149752265765253 0.903611377913528
-0.0425738343147538 0.0183824835683333 -0.420024124497391 0.500476744490057
-0.0426992386685474 -0.00230874397618655 0.0565732148239098 0.0339211201028836
0.00102403158575771 0.0182806818139369 0.195882421954338 -0.613517627677757
0.0203635878535923 0.00416978104358301 -0.623538736524896 -0.639459112329565
0.00299020543323784 -0.0113116599244169 -0.773496414548723 0.330228795717382
-0.0108431298275213 0.0166416403241988 0.0361627007351407 0.666139451818443
0.00507175225017159 0.0279044258653812 0.399846624500781 0.223960282144663
0.00410484540594415 0.0093647130432936 0.219327324258708 -0.0923831486336845
0.0029706646152409 0.0167661382082688 -0.0473342028510823 -0.21980875068584
0.0124247881938204 0.00887528389361898 0.0567554848895518 0.135467084014554
-0.000164653683418116 0.0280794821259243 -0.170913818449582 -0.028571946230331
0.00950842755065969 0.0192176637828263 -0.250444357443853 -0.347531982332207
0.00187175831767795 -0.0117946188476825 0.302521941027955 -0.472642157456653
0.0363230567174161 -0.0301682361718423 0.769055292356898 0.156443763396001
0.0199634510403826 0.036514661446682 0.232345208869011 0.876559463813827
-0.0448688088543144 0.0400844082901784 -0.389403822532708 0.526896288041922
-0.0552436168260099 0.0160788877324986 0.0457322590614184 0.0466871976592281
0.00097896143107018 0.0348080494836683 0.22909142533472 -0.601201980997155
0.0311413120988498 0.0055826416120761 -0.570997767699597 -0.700745452532054
0.00851427176397104 -0.0115394598363378 -0.80972422261781 0.254905978831739
-0.00662323972670937 0.023597010473457 -0.0232318762025484 0.669375185222895
0.0122832189662058 0.0358699555746576 0.385576521760441 0.257329919097078
0.0109541745598317 0.016872534916597 0.227730256072127 -0.0721797055858739
0.00878254555057495 0.0207505160821819 -0.0483770384925857 -0.212773947991137
0.0163563729384644 0.0093392904776357 0.0535505348379286 0.145187682415214
0.00836807460217805 0.0297253840861227 -0.167769120858333 -0.00622686664747701
0.0149101488252222 0.023631658413702 -0.283418683910462 -0.316643007755926
0.00213632147855576 -0.00466316555054986 0.231757659139815 -0.509913360598165
0.0336060665258646 -0.0323824822092214 0.777142730328337 0.0371278486029768
0.0317469520491285 0.038189804850321 0.349006452416081 0.817714903219269
-0.0389798656860668 0.0537887226329669 -0.338048800376312 0.562670610616569
-0.0634368495334544 0.0290397348498947 0.0302775476952582 0.0655896485407442
-0.00191500869674935 0.0457863686119417 0.280969323391409 -0.574916553768793
0.0373011198195629 0.0107357898046915 -0.481230451924868 -0.783322337865949
0.0131900088721971 -0.00998968450806591 -0.848891499723258 0.137425971773129
-0.0079698751245176 0.0277193320576474 -0.110238872465846 0.662078379182422
0.0144279199417165 0.042690024060821 0.36384010633445 0.300962620957785
0.0162864015203147 0.0230544011479989 0.237608875200035 -0.0448239488068866
0.011028090875283 0.0237426022187769 -0.0479262286714782 -0.201993952353672
-0.0110227229746009 -0.0051368102123659 0.0450883415751699 0.152723463798745
-0.046623995033056 -0.011227803489132 -0.154458712243742 0.00744999787493546
-0.041015932527084 -0.0344569753156812 -0.316331469678852 -0.297591883692758
-0.0274119667831189 -0.0482764790003711 0.139796117291905 -0.541158793015631
-0.00515612625144608 -0.0271712752801998 0.760949520569082 -0.082794921324901
-0.0315205386687021 0.00653613083684735 0.470185209366793 0.73584614067245
-0.0237568891195358 -0.0614011210584951 -0.261903333210294 0.594648077470029
0.0231357805133903 -0.080383619855829 0.0268089595297608 0.0941509259824386
0.0059174270767373 -0.0566045397176534 0.344487567002701 -0.527895435889498
-0.0301919085207247 -0.00126805697985601 -0.370577794338685 -0.844991818873006
-0.0166247138524081 -0.000580853616421264 -0.87459292821773 0.0247943473921214
-0.0437765293523755 -0.0215819791970706 -0.192338096550353 0.648355687479306
-0.0416942465051034 -0.0153737018971106 0.330869308143072 0.333577351745828
-0.0332885486689278 -0.0235538623755238 0.244808909081655 -0.0217555903716705
-0.0226153357790288 -0.00350828267656326 -0.0478478088873021 -0.192875060488013
-0.0112284479744874 -0.00483898493749316 0.0494215554365546 0.142014384887725
-0.0452891520487834 -0.0098372213291344 -0.162378761160939 -0.0166481989312976
-0.0345515850391076 -0.0350252059699733 -0.282438808745939 -0.334799062316911
-0.0177583686488722 -0.050009969425962 0.226918764357239 -0.51125138283252
0.00372251344686987 -0.027861084276824 0.775364253793231 0.0512841919147772
-0.0304866981846517 0.00344387727177638 0.349174295550059 0.816909274776568
-0.0208898965000092 -0.0581422460180628 -0.328208110514559 0.560537280674565
0.0166494935010186 -0.0750419236814985 0.0422525661920359 0.0702821236021293
-0.00175749861550873 -0.0485420401039447 0.286951060388825 -0.566566997879761
-0.0268044831291404 0.00287515617031151 -0.492991181301589 -0.760111548819869
-0.015074484378748 -0.00231293029748172 -0.845018784097608 0.169001997148168
-0.0410770619051775 -0.0164618378564685 -0.0880084132735816 0.667170441463739
-0.0377670615008467 -0.00790993863753085 0.366088502539495 0.283662510562295
-0.0300633684950704 -0.018762596584328 0.234663882642512 -0.0541279139899888
-0.0208225712623286 -0.00072816810188586 -0.0479130927270572 -0.205117200071049
-0.00859402965513536 -0.00344779648050491 0.0530870968341956 0.132669900660057
-0.0408217318966468 -0.00554044332854043 -0.167826881886676 -0.0360268986221083
-0.0255178118812908 -0.0305971340948639 -0.248915383319938 -0.356567123600121
-0.00983912946764793 -0.0468211883153897 0.294234982512727 -0.471793987799752
0.0119905907141169 -0.0284801688929704 0.765661693631978 0.167794120648268
-0.0239182005920124 0.00458805920773777 0.233781222213189 0.873765444541243
-0.0213375791851434 -0.0458485529990836 -0.378560445262057 0.526785041617032
0.00489088719514069 -0.0624540380575358 0.0542823077703435 0.0494671253345825
-0.00501109298373612 -0.0346224531344369 0.234629949286937 -0.596035412579821
-0.0181052189876997 0.00492959396460095 -0.576962761232113 -0.681752406072411
-0.0125255482523771 -0.00506541081345034 -0.804132501896396 0.278005907310476
-0.0363271309994845 -0.0076877885720381 -0.00604384860217549 0.669178509028718
-0.0286629201657759 0.00169838318579935 0.389739294260406 0.242773731760999
-0.0238261257651549 -0.0126504147118636 0.225227695384055 -0.0802510107340875
-0.0158605167939557 0.00407876509308134 -0.0468837856959226 -0.214484135699237
-0.00481591533889335 5.48901290741864E-07 0.0561695694466714 0.127685170374847
-0.0329477068410151 0.00342161283426914 -0.169259913325358 -0.0470938792019349
-0.0154720806242132 -0.0191875904891797 -0.225751171348281 -0.368893361642021
-0.00248573768274829 -0.0398917047174543 0.338535815390076 -0.442630863648933
0.0211429058751851 -0.027955584955947 0.751027110791667 0.241838553710111
-0.0144439637611451 0.0108984041572106 0.15196359095232 0.903731215933092
-0.0273347383632292 -0.0274762292963853 -0.414573027274808 0.501390039438608
-0.0104666813778228 -0.0443830705366887 0.0616766128688491 0.0345229355841048
-0.00514459526141199 -0.0180741725797056 0.19588862016189 -0.609124366670446
-0.00513475391105431 0.00440107385446729 -0.626298258616446 -0.625029780046843
-0.00883785652324824 -0.00763114307455729 -0.768704132370759 0.34466701578845
-0.02690826235576 0.000538042089806821 0.0461934107756593 0.664863900959329
-0.0167958121282919 0.0105110191226958 0.40075139617717 0.214628225489376
-0.0161581258969623 -0.00543492754376465 0.217153261774487 -0.0966270999926352
-0.00999395515256686 0.00807933194697968 -0.0477497006530252 -0.221156917763751
0.000297330495176502 0.00350983487221297 0.0584168510093076 0.124790906247952
-0.0212844464686855 0.0121545552969093 -0.170046065922366 -0.049826327798117
-0.00548603202407068 -0.00517710007929625 -0.217668764765338 -0.370447656029641
0.00107530873343669 -0.030633283292739 0.354416319865073 -0.429437932052262
0.0286820921814782 -0.0276539874452132 0.746107952756265 0.265443797918266
-0.00395758436321351 0.0201097973242375 0.123717238505805 0.910048819976698
-0.0355172242643775 -0.00471850582850899 -0.424697173334263 0.49081232454728
-0.0272317204895952 -0.0237761953238924 0.062387791004277 0.0290483463402754
-0.0028932135938775 0.00100467044571203 0.18210471583 -0.616411511984776
0.00720568717187701 0.00374104364563055 -0.643922448128906 -0.607818018492513
-0.00247727077544693 -0.00952977773493146 -0.757064070696577 0.363126999318407
-0.0175501182757281 0.00981607479316619 0.0630029699623924 0.662975155651309
-0.00467438066232309 0.0192880194905692 0.404050911009253 0.207738368505533
-0.00611371086834369 0.00225014819213918 0.216613820371657 -0.101627161273717
-0.00347636386837005 0.0123228696112979 -0.0485211281858006 -0.222453722910604
0.0061544799817708 0.0074416497113127 0.0580985321176586 0.128063876456686
-0.00985860092569427 0.0222053975971532 -0.170813482565373 -0.0422083036505482
0.00196004161763995 0.00926178306142592 -0.227133185366056 -0.361822743743416
0.00207600587801488 -0.0203583867351759 0.339417693908444 -0.441849957726072
0.0338891530693022 -0.0290025696382134 0.751288029543521 0.234501924103288
0.00791448247820977 0.029898246537758 0.154719668580758 0.902415047004223
-0.0430500508171352 0.0184502707582491 -0.415614432102088 0.499863635540701
-0.0426129554454694 -0.00189354894442239 0.0562319834535921 0.0332291851440355
-0.000214359146734613 0.0186362842723812 0.192227009697798 -0.612771078751251
0.0194844066084617 0.00294643910834248 -0.625715654123457 -0.632486659171216
0.00284779450715314 -0.0105693700541198 -0.770374449005196 0.332994940981188
-0.0103315917913469 0.0168922949575918 0.0403381592583075 0.664944807671923
0.00530818729588368 0.0276745531621629 0.399845884350672 0.21955726678877
0.0032454965787623 0.0103179177863155 0.218505716929616 -0.0930712004282628
0.00307350335325988 0.0164130715593551 -0.048663510659864 -0.219703357210736
0.0117686338965466 0.00853779497409456 0.0568453717396116 0.13484210827409
0.000434634541636564 0.0284658384121159 -0.170993117491068 -0.0275452421935514
0.00972545515504007 0.0190667331774312 -0.253056534340998 -0.344573783822637
0.00162705043158857 -0.0109622128455838 0.298420454644405 -0.469933144324723
0.0359514145670041 -0.0305565520375882 0.767258453965901 0.151223067504611
0.0209733200011946 0.0367044233883711 0.237161924243358 0.871925379339906
-0.0441882359764841 0.0401126642506283 -0.385228789572687 0.526417966004342
-0.0558722851411359 0.0162916039428902 0.0450223797197563 0.0454732735247526
0.000601370529260941 0.0335964641036383 0.225010199603361 -0.600236780086074
0.0308200816139267 0.00513780251826504 -0.574395237519172 -0.695407692942936
0.00859779439716893 -0.0121937560815896 -0.806652864205303 0.259714976872336
-0.00713178876804773 0.0235217313430253 -0.0176309840088548 0.668496189567378
0.0123502600254076 0.035637246514267 0.388157361640396 0.252847395883984
0.0115262701837907 0.015997055444311 0.227088497258224 -0.0734759285050809
0.00783200471357959 0.02031639301537 -0.0498263850066527 -0.211158116455021
0.0162364566710366 0.00923734827251422 0.0545335516546322 0.144046898360569
0.00847989265870477 0.029595168925656 -0.168577017765784 -0.00571305839987945
0.0151496834083655 0.0233978469162421 -0.284818468513921 -0.312956527963038
0.00148323451312277 -0.00548416891281659 0.228513500610549 -0.510328820835139
0.0336730435601785 -0.0328641895814186 0.773284539403931 0.033548548559326
0.0320687109883891 0.0377000970082039 0.35125428157378 0.812654645619238
-0.0395387170925628 0.0539322571761561 -0.33477121430774 0.56166933900533
-0.0633794045275511 0.02923935606392 0.0299305045404229 0.0648653179264662
-0.00278387293240072 0.0455720336204343 0.276260254877112 -0.575417340676113
0.0375199716041037 0.0106285630003163 -0.48565069447809 -0.778787906934468
0.0128114503762328 -0.0111714980797688 -0.845730610649445 0.140428613643101
-0.00812171724312791 0.0279648529980571 -0.10581513872039 0.663037606191607
0.0139203205763338 0.0427176719435485 0.364645530437648 0.298486049422426
0.0161596236853103 0.0234353627194947 0.238408712227738 -0.0459271461572993
0.0122447113924918 0.0236273980457725 -0.0496328019624934 -0.201076177923209
-0.0109587820210564 -0.00509910156923782 0.0462276720658866 0.152106469322349
-0.0457547997891514 -0.0104641641506563 -0.155316096665742 0.00836950394348925
-0.0418556121886172 -0.0346740097091512 -0.319474518944465 -0.29420026000339
-0.0279898004302989 -0.0472477301858802 0.136736918294985 -0.542182266722087
-0.0050659793768122 -0.0271818163027916 0.757139162083529 -0.0869378153584023
-0.0312736414399026 0.00735248126576785 0.470604087993735 0.729288955500034
-0.0242799804551252 -0.0601265394334293 -0.256786037807828 0.59279799831594
0.0213383224090092 -0.0801130812529613 0.0268208609544718 0.0934817565886963
0.00568433917374255 -0.0575562226043917 0.340651013964754 -0.529655466681567
-0.0294940151705337 -0.000835106777414357 -0.375130548026086 -0.839019800135495
-0.0157885925745797 -0.000286473855999198 -0.870988863526874 0.0278098473957074
-0.0440557162480085 -0.021218657319982 -0.188158503219863 0.648753840039054
-0.0419439901101642 -0.0154021246949426 0.332839919150352 0.329470471327316
-0.0335490320382343 -0.023311695853131 0.243962639596839 -0.0233388486281252
-0.0230484516016803 -0.00180364242058966 -0.0482395877969961 -0.192453029393548
-0.0114076305061351 -0.00391830749317966 0.0507218554557555 0.140954577075576
-0.045522555374461 -0.00935436283587629 -0.163068007574543 -0.0161634738592717
-0.0348477226538878 -0.0354007475030216 -0.284972940604829 -0.331114453633292
-0.0188719173738935 -0.0497224391966337 0.220433852417063 -0.510926387627098
0.00295729192044402 -0.0283521460692752 0.772629990273973 0.0483556722143645
-0.0298881679526345 0.00451350854460266 0.351447335450011 0.8131138045157
-0.0218433453244244 -0.0578524633532042 -0.322415931015917 0.558329689162225
0.015788337661292 -0.0755993591331512 0.0423757603108142 0.0703264564901055
-0.00160322293649882 -0.0485449071308221 0.282918259271905 -0.568142934693981
-0.0262321398284229 0.00283995872790928 -0.493976175429793 -0.756774989306471
-0.0152612051528414 -0.00262183391727965 -0.84023544418924 0.172793534641046
-0.0424354574189451 -0.0155412731102803 -0.0846308926505321 0.665212118615307
-0.0375929525196216 -0.00729458203061103 0.366297597837261 0.281546489413113
-0.0312676105780548 -0.0179993456087956 0.233863930583121 -0.0554241589538298
-0.0207488445537803 0.000955480889242353 -0.0485401914128615 -0.203323123913005
-0.00934753254949231 -0.00312203465943761 0.0544770028124877 0.131553466989491
-0.0407789814885809 -0.00461180803453995 -0.16806908925832 -0.0349498452559702
-0.0261262487532277 -0.0298671463705202 -0.251655221577097 -0.354867666654896
-0.01014938551517 -0.0458957099281057 0.288719349023087 -0.47206799906327
0.0125117914315378 -0.0282605559305403 0.76406676489614 0.162712202685683
-0.0235814561007715 0.00580174366628666 0.237259048249299 0.870031149951937
-0.0218571736005184 -0.0462013452255954 -0.375108574622506 0.526318932667201
0.00344683660262442 -0.0631862897519222 0.0549130118036245 0.0489381540815781
-0.00588461916514482 -0.0345508634510342 0.230713324005652 -0.594319786479415
-0.0179891897321301 0.00464829997710663 -0.580529442301126 -0.675085877232609
-0.0122656867847456 -0.00450760326571764 -0.798508391442593 0.280862605377482
-0.0357591594644815 -0.00810580773850712 -0.00140582727678427 0.665708140429867
-0.0284981026679374 0.000258673724776157 0.388483618508735 0.240181469721929
-0.0247901622617189 -0.0117185783653675 0.225133479717288 -0.0807720633825145
-0.0167986134732991 0.00503144495214945 -0.0486396639724401 -0.21414375385872
-0.00544919575245152 -0.000411402167472264 0.0563268114798458 0.127164364267876
-0.0325311150214254 0.00417602438203997 -0.170617625341498 -0.0467602375444336
-0.015658752659875 -0.0185328076758974 -0.227479760518145 -0.366736636272425
-0.00282512240959916 -0.0395850675741335 0.333410101299028 -0.442340854740923
0.0212360092736409 -0.0279427268715065 0.748382801769151 0.236095147857948
-0.0146018571022865 0.0115459981528313 0.156489000371284 0.897813443919643
-0.0268384654384823 -0.0271650526724342 -0.408301494162821 0.49969673869586
-0.0114184400102613 -0.0445832054512599 0.0614104112171541 0.0349827347122227
-0.00542928547876764 -0.0182777222213193 0.192316251066291 -0.607580513845655
-0.0053457730568148 0.00511452005772527 -0.627403631469432 -0.619862087336084
-0.0078789889052324 -0.00705593583353739 -0.764951665743718 0.346439802361927
-0.0272039277896401 0.00124574042991614 0.0509256382582329 0.661184252155652
-0.0172281550547813 0.0110010913864659 0.400773882886715 0.21141698830004
-0.0167441687591377 -0.00524680715241706 0.216977740453054 -0.0973314965541088
-0.0107020021501412 0.00846466884369316 -0.0482721008008771 -0.220914006599729
0.000606266211027401 0.00459915009977426 0.0587658386520241 0.124372192724242
-0.0213817133694423 0.013627068681312 -0.171648555749213 -0.047618088297441
-0.00563944961884252 -0.00466896511004735 -0.220959595856662 -0.365931480026727
-0.000121193452999698 -0.0299620164234692 0.350584469115959 -0.430080219742428
0.0281707064407676 -0.0279680289942526 0.743369075111306 0.260407998343412
-0.00376605869844013 0.0196831518018728 0.127200830132905 0.903718360682119
-0.0356197667239037 -0.00439609463115152 -0.422903823754351 0.491051180141768
-0.0277674107955463 -0.0235956068389086 0.0615094747364524 0.0282682260250652
-0.00269887575618046 -0.000496334562866234 0.177244889639944 -0.61512229391905
0.00810228923299394 0.00412971917358447 -0.645139666328657 -0.603348352173554
-0.00328311183747877 -0.00882359716446979 -0.752799229074833 0.367926160644975
-0.0176664156091722 0.00901466970465899 0.0658385008423562 0.65941319507787
-0.0042915780642169 0.0184458515357025 0.403875798017022 0.204472754244001
-0.00707986503082856 0.00300591566693514 0.214421814797319 -0.102930655166511
-0.00317290763306453 0.0131939844089825 -0.0499814708062734 -0.221295826892073
0.00678068130345921 0.0072116715540813 0.0589641554094728 0.127679376634225
-0.00939045831300996 0.0226402947223871 -0.172126480302072 -0.0407737865952602
0.00204553959569427 0.00998282452448078 -0.229183534696487 -0.357929682254216
0.00145478797072594 -0.0196202280627987 0.335375511162038 -0.441643450409345
0.0328871194383159 -0.0290755077880497 0.751358896724206 0.228122823761386
0.00834278981230687 0.0295689743561066 0.159129614431218 0.89658219138793
-0.0421633138218969 0.0189067477461494 -0.410310232811553 0.500251443700167
-0.0435407057506998 -0.00158413072765587 0.0559410506424844 0.0331303081884549
-0.00067497214638514 0.0175623506169126 0.186240413489765 -0.611584451042659
0.0195965530821144 0.00300467943868787 -0.627427058104697 -0.629555465893756
0.00359848240312933 -0.0106248431031062 -0.766459790916911 0.336192864772617
-0.0102989954550202 0.0166211668780492 0.0437556662139417 0.661589231642107
0.00578806895106736 0.0272198035691884 0.400398209661584 0.217838243623761
0.00279660469613126 0.010985855391094 0.217671280536178 -0.0940758208773401
0.00320098950350269 0.0174251033020279 -0.0495801072256116 -0.217803203100817
0.0115876089502404 0.00941681705153198 0.0576286182584825 0.133378622541304
0.00124619595415432 0.0291394299667961 -0.171896629572564 -0.0258021212821812
0.00978462811973293 0.0197930445208833 -0.255338422804037 -0.339383433518652
0.00137467395165967 -0.0105177493415237 0.293780900924555 -0.471250757507316
0.0358547442376904 -0.0307173158132836 0.762876644826689 0.144662858766548
0.0209928856463056 0.0362403072861578 0.240768575428091 0.864965903902332
-0.0442784841081019 0.0403800279137728 -0.379293111749456 0.527325395884493
-0.0557752434693935 0.0164113308422193 0.0449949744662614 0.0451725595901536
0.000543686577104945 0.0336319618368335 0.219858325342145 -0.599341694188845
0.0312715557063473 0.00595730903863698 -0.576342825578865 -0.689484562299156
0.00946299913110772 -0.012050492949232 -0.801706993054252 0.262625451347507
-0.00594869779065507 0.0237849335087139 -0.0129030783591595 0.665116317543914
0.012364096599208 0.0348792108032168 0.388222099269369 0.250244551607124
0.0109529700009535 0.0169745532172612 0.226292935248856 -0.0750071863039833
0.00892844260434661 0.0205485426351252 -0.0506933572421483 -0.210382422762388
0.0154576820919075 0.00931720646005739 0.0541311995762162 0.144154462124221
0.00937454219543005 0.0309736937792184 -0.167177643641602 -0.00433680201991616
0.0157993936764209 0.0232349770194754 -0.286972969947685 -0.309404030933534
0.00143474660138748 -0.00441949195093361 0.226518537085347 -0.509858509303785
0.0324112035995228 -0.0330245291637822 0.77211750327154 0.0276754437675396
0.0320861352364857 0.0372258739795818 0.355318491565977 0.808638011816917
-0.0390322409801992 0.0535157686587908 -0.330492092492306 0.560389171631727
-0.0637642718791537 0.0296844819683921 0.0304185398311485 0.0657681009576686
-0.00261318150755376 0.0454157992811975 0.271444898433458 -0.573577465753476
0.0378502186371174 0.0109267128310432 -0.489789969627191 -0.771591400027529
0.0139649343434675 -0.010746831187452 -0.842643954775353 0.14707242468228
-0.00754351035197041 0.028223386062404 -0.101389191717732 0.659463030334346
0.014313053331184 0.0412961043596555 0.366231707233176 0.295932661240943
0.0153546109347263 0.0234130587816511 0.237349423847686 -0.0474088219433842
0.0119217080558333 0.0235757779293522 -0.0522479803099042 -0.199416639059399
-0.0115539773707455 -0.00440698948973633 0.0474084449588735 0.151335099440401
-0.0452249203756983 -0.00953069631504703 -0.156349599701404 0.00819374663815919
-0.0424669185674278 -0.033394562344355 -0.320858929109978 -0.291109363182356
-0.0282235816466471 -0.0463149433959963 0.131323631119422 -0.539620284295075
-0.00505378403685091 -0.0271398807343333 0.753960170307075 -0.0911852797761411
-0.0308048073824974 0.00778069546509125 0.47372554149933 0.722766906678266
-0.0253186322637185 -0.0590161820607528 -0.254174911776539 0.59159721454972
0.020784223560276 -0.0798787409122019 0.0276903977982786 0.0930476390437542
0.00473507525104869 -0.0574855897103958 0.334275728310121 -0.528353008608973
-0.0292027178794757 -0.00114181025523346 -0.380340184570013 -0.836325345848506
-0.0157862873888986 -0.000222229088538115 -0.868534202731613 0.0323451986305248
-0.0435764464399817 -0.020896919629778 -0.181946412454546 0.646050118505354
-0.041712891582956 -0.0149390085924745 0.333993928875223 0.326663709833223
-0.0345838747762331 -0.0224214356469978 0.243027282400856 -0.0255085711244856
-0.0224070888756829 -0.00113033262703706 -0.0500369073880903 -0.190875422789924
-0.0120254469415063 -0.0042767615093119 0.0503732133831268 0.140244495283173
-0.045429347009384 -0.00800087160416064 -0.163444367061862 -0.0163936955736754
-0.0353928490545063 -0.0343493796439018 -0.286034230661688 -0.329100908265065
-0.0193403183540346 -0.0493496188087579 0.215522805904569 -0.511031448175093
0.00249890024214216 -0.0277633892028921 0.769212143462275 0.0422987728952922
-0.0295428954950011 0.00433112394728897 0.354665799116935 0.806831244321579
-0.0228969512822667 -0.0572278852838725 -0.320281588974062 0.559034438757228
0.0149316760065677 -0.0746558408918516 0.0425242070847415 0.0689703823066726
-0.00187915634424526 -0.0489160380128358 0.276591627029792 -0.567559236158222
-0.0261086979655775 0.00233181506529445 -0.497043809981726 -0.749794163974903
-0.0147429359631455 -0.00197609753289473 -0.837631375728 0.17689969693939
-0.0410726218549746 -0.0150733034259897 -0.079669910892517 0.662907467282458
-0.0376015941066747 -0.00830123718419164 0.368476930923641 0.278140203666905
-0.0330156889152897 -0.0173226136969361 0.234474614623905 -0.0565840569537589
-0.0207031589769882 0.00134244663452151 -0.0502958903924547 -0.202183950924419
-0.00947097459128694 -0.00257812314234371 0.0546757854933177 0.130883411514909
-0.0402998469413622 -0.00399348496561893 -0.16893068515742 -0.0334192196160574
-0.0266113495431875 -0.0286397257252501 -0.254370577267904 -0.35042547720394
-0.0102509722992963 -0.0461640696739239 0.28526731507441 -0.470752438051453
0.0125246311194411 -0.0283709478815784 0.760340622914208 0.156719571919978
-0.0230721440750256 0.00643290390818123 0.240408763708799 0.863637771988605
-0.0238813928052695 -0.0455355862987438 -0.370867866116119 0.526111816819478
0.00279398424223355 -0.0619684643365971 0.0546817748817506 0.0491535467952392
-0.00701550063216172 -0.035497856332252 0.227362606960747 -0.593145258347195
-0.017618129241213 0.00561806739155475 -0.580693614200235 -0.670702481996041
-0.0120446562501469 -0.00400847471734547 -0.795939809050481 0.285018625183331
-0.0364942169632184 -0.00664714329902051 0.00290927665343493 0.664858634187816
-0.0285452879646803 0.00169759110131796 0.389364023373182 0.235020244121337
-0.0249473578515224 -0.0114343590825682 0.224326270540643 -0.0829514375015176
-0.0162217131303644 0.00480713617212206 -0.0510072155707621 -0.212733799726903
-0.00587575310425593 0.000103952638978082 0.057338581116244 0.125611450471498
-0.0324486830148236 0.0037258409083164 -0.17089539196714 -0.0450449923070844
-0.0159738739049718 -0.0188147266789601 -0.231966220519576 -0.362974910368724
-0.00353291460488876 -0.039147536988335 0.330519604692457 -0.442269969217093
0.0206950859854114 -0.0280923748915249 0.749001930595142 0.232510621816373
-0.0142607239409639 0.0114391434144426 0.160664502808785 0.892163915576825
-0.0274077365378348 -0.0263973939936627 -0.405422875475619 0.500834130856579
-0.0120022959761959 -0.0440390934550233 0.0620542646367228 0.0334170971140254
-0.0063239862093802 -0.0181971741906401 0.187817588204657 -0.607443679232923
-0.00544327227992954 0.00443201314754563 -0.630346758177117 -0.613208428305789
-0.00800871928043822 -0.00685789811438081 -0.760880427212509 0.35097189270327
-0.0277883845038244 0.00156952305393612 0.0551895255213774 0.659433266053821
-0.0168048042594975 0.0114694958040498 0.400868146531232 0.206632783026371
-0.0165292484266902 -0.00358162731804785 0.216374438181204 -0.0993279203156671
-0.0100508243952182 0.00980324274416845 -0.0500383374515695 -0.218944172309738
0.000699672747387928 0.00331985736429778 0.0594749029855212 0.123825616602943
-0.0206714542229242 0.0146738337712734 -0.171515452456852 -0.0469956887371274
-0.00574186087512435 -0.00464946197784825 -0.222237074385454 -0.364235756496106
0.000123733615589363 -0.0291749425352699 0.345350997795941 -0.428483886486892
0.0282240820887869 -0.0288906353454319 0.74165069563184 0.256552454135292
-0.00338784984605563 0.0216587006758147 0.131327785137791 0.900006353533034
-0.0359750870457472 -0.00303759391359935 -0.417201757563836 0.49119101904211
-0.0282755778028945 -0.0229055550789695 0.0611870908520277 0.0278208929145422
-0.0036350147190133 -3.51234785069786E-05 0.17288826759171 -0.613459708832645
0.00790704723015133 0.0033998555167144 -0.647856373876262 -0.596717604807369
-0.00222060362554243 -0.00937791169016742 -0.749295827838438 0.369871207514842
-0.0170876184846716 0.0093996930436105 0.0718867224217372 0.655957431559954
-0.0041695733669427 0.0192754240273537 0.402763188078795 0.199352995506856
-0.00661258669255296 0.0026066080910322 0.214068788450932 -0.103952438007571
-0.0028545238656684 0.0144504917434199 -0.0506591063964336 -0.220422557023735
0.00572003578149719 0.00792528716104314 0.0591147850833753 0.126242671189347
-0.00841293837097072 0.0232979150503348 -0.172170929921567 -0.040125645423769
0.00221631525998377 0.00946888599384946 -0.230739148723263 -0.354604015203396
0.00126605327758346 -0.0199240923454489 0.330378143583301 -0.441585289957137
0.0332951978747358 -0.0297792807093076 0.747658258549504 0.223727110005634
0.00879456018974938 0.0288528741665941 0.161672362865003 0.892595125599829
-0.0431969976759841 0.0200667136221004 -0.407419944155297 0.500782155023102
-0.0435460101268081 -0.00139393552505177 0.0556714117112668 0.0327872602455497
-0.000554356246767401 0.0173120539969063 0.183525677456733 -0.610097131988872
0.0198095938869295 0.00322466023423415 -0.6296306790996 -0.621815592520066
0.00284123648299546 -0.0108081695683287 -0.760939852034709 0.340824023521873
-0.00964970780658766 0.0167225199067344 0.0483331494753737 0.658775880374042
0.00604702535567027 0.0274903655124546 0.400392672547457 0.213221162398537
0.00316189713137394 0.0105131054848187 0.216815760481428 -0.095358872579179
0.00290913851387738 0.0180266361525746 -0.0512835407915755 -0.216113160948944
0.0105120087738008 0.00923420114576138 0.057682669501647 0.133809232408585
0.00153963885175689 0.0286966975369371 -0.171612545999787 -0.0263342538324862
0.010386898292385 0.020507118644109 -0.257142448724857 -0.336363756832947
0.00118840450614851 -0.0110240195257446 0.290286383022395 -0.471462846160038
0.0347701068100614 -0.0308129438448939 0.760459973979738 0.142563422012725
0.0216165589107613 0.0365755519817407 0.244232344413761 0.861243510964344
-0.0448546727669113 0.0397921731777513 -0.376964271997313 0.525761078315996
-0.0561664558282221 0.0180229960485545 0.0457911436204338 0.0455080437211374
-0.000100014717342108 0.0344831675999714 0.216774792620008 -0.598606459565193
0.0307624808930693 0.00422430493437155 -0.579473149144923 -0.684215542501629
0.00858401157009974 -0.0108622779747506 -0.797821508204228 0.266539512010183
-0.0057319489525275 0.0240174431205331 -0.00918037103263091 0.662260266151373
0.0129066519913753 0.0346743167183366 0.387731478773568 0.247445059187803
0.0108781579803277 0.0170564413229653 0.225149163814751 -0.0771367162584928
0.00953075910826853 0.0209098751389143 -0.0517853609857535 -0.209313312104229
0.0162141057099871 0.00958184001606005 0.0560581807829551 0.141745315596987
0.0099796513976863 0.0304474425433385 -0.169922727487305 -0.00285004967776404
0.0154952093002512 0.0240696683230147 -0.288416626318192 -0.30609897999108
0.000904708781828636 -0.00350779043785784 0.220456278147095 -0.508599652398307
0.0327328204612487 -0.0331062384424896 0.768013624860157 0.0233069655938603
0.0321404925133423 0.0382475633449587 0.358873212450956 0.80254949044959
-0.0384249355784192 0.0546286874361632 -0.324869303461907 0.560610699107215
-0.0638067253600751 0.0299678334226707 0.0306769264827603 0.0652706481338311
-0.00227628935983394 0.0447406824404936 0.267614628572134 -0.571683068740004
0.0370282575935489 0.00891638915311543 -0.493866312686003 -0.765714754593742
0.0129689079717322 -0.0104961998066697 -0.839425129432097 0.151848411794346
-0.00680436749395354 0.0282879925890046 -0.0959536967812217 0.660781509820253
0.0146855060195111 0.0415718976518945 0.366739249272246 0.292440045698208
0.0167031998077206 0.0241680894931234 0.236254074321447 -0.0486318587057468
0.0127209842079213 0.0248365497535301 -0.0528625734506398 -0.198750136988993
-0.0120180296451045 -0.00512727266230374 0.0476853073780969 0.150314237104269
-0.0455237636951405 -0.00910183157540755 -0.156229029095689 0.00946106579090829
-0.0419429350091172 -0.0334354994993315 -0.321782743895438 -0.287853619310667
-0.0296011596330178 -0.045538179289206 0.126621461163445 -0.53747890095735
-0.00525003441150814 -0.0272249267120762 0.749481297694648 -0.0955630191945865
-0.0304259292151092 0.00756949694225925 0.474097376629753 0.717557149014565
-0.0258349283436174 -0.0588500215616226 -0.250270196823113 0.588455975735294
0.0200184346578596 -0.0790750721379282 0.0276044270776718 0.0919108732941272
0.00321703908704623 -0.0575919575734651 0.332366113698859 -0.526702992182488
-0.0303495967888832 -0.00111137648106147 -0.382284794524437 -0.830903063179504
-0.0160709532842308 -5.59711326761081E-05 -0.865426010350822 0.0369324082834416
-0.0434989000497381 -0.0197533650050423 -0.179351390460334 0.644514165459131
-0.0424775065002439 -0.0150226012057379 0.334620578316538 0.323988599338234
-0.0351532248722883 -0.0220833812606484 0.242768740545397 -0.0266048323102731
-0.0232143192639063 -0.00118779034439417 -0.0496763825508792 -0.188787556536849
-0.0113419832029239 -0.00405144869289305 0.0522254711879217 0.13968233175555
-0.0452121196498423 -0.00754390031078741 -0.164508959793512 -0.0152540985230765
-0.0349362958895726 -0.0338479120246321 -0.288012389426676 -0.324314946311665
-0.0204787831761781 -0.0486858547081703 0.212673810369572 -0.507515924795753
0.00263470388180384 -0.0276647893532085 0.765480917820366 0.0379027527271107
-0.0293585201790234 0.0056946357960607 0.355941928979734 0.801059063347356
-0.0230172169165162 -0.0563067395508069 -0.314552135339421 0.556250954521174
0.0134674688219399 -0.0744538784406513 0.0425476053042829 0.0678919177838512
-0.00239811389376278 -0.0481062650136141 0.27476572898388 -0.565462787162588
-0.0259468246666055 0.00222012533190792 -0.498515873540296 -0.745434442317773
-0.014419979439606 -0.000975292567169182 -0.833300798127956 0.182933053791579
-0.0420705370241619 -0.0146643473832351 -0.076669091511601 0.659983191566475
-0.0366260175748917 -0.00753178150961988 0.36839890478402 0.274701345110882
-0.0326512978083566 -0.0166950506639106 0.233300306728085 -0.0582793935067985
-0.0200465159022896 0.00244425188925504 -0.0514880383130263 -0.20192816312782
-0.0100721086521992 -0.00242757461621244 0.0557532786903149 0.130583997353238
-0.0403556190049806 -0.00277238471891174 -0.16812782789385 -0.0333927950286992
-0.0250171366932996 -0.028706468569958 -0.256063533883801 -0.346608590340615
-0.0113443165018127 -0.0448823490034889 0.280106898617143 -0.470729991667102
0.0111849718468503 -0.0282072236300847 0.758226667318459 0.152491632600452
-0.0219545506832153 0.00679987348347527 0.241625809151293 0.857437885784769
-0.0233924101426051 -0.0441997127459383 -0.367593397255001 0.523778093388278
0.00210038316480704 -0.0620152653386934 0.0543059680230581 0.0491167105036958
-0.00606119657345666 -0.0356668325338938 0.220833481755643 -0.590415557704954
-0.0174234965412414 0.0052408427614063 -0.583391667130227 -0.664622453754692
-0.0112891192957049 -0.00415109363658994 -0.790777824757114 0.289203980701334
-0.0353818790416475 -0.0063104493510027 0.00736292383036733 0.660941624832756
-0.0285340246930247 0.00151057151929981 0.390648460706559 0.230874077072838
-0.0267781410253099 -0.010888398388635 0.222433211860631 -0.0831812116300916
-0.0153979282561405 0.00509630273189244 -0.051764318240819 -0.210558080417303
-0.00550831048863369 0.000328654150148374 0.0575224143822132 0.124640467977039
-0.032143799381999 0.00561067354006354 -0.171897761122381 -0.0440577788403318
-0.0157580270061597 -0.0173289267753341 -0.231151746187564 -0.359424954330256
-0.0043711715017393 -0.0383593651788695 0.325155431185357 -0.441731099678649
0.0199492507509938 -0.0278824277885189 0.744663371525543 0.228893346677844
-0.0133772290262613 0.0114879996270621 0.162016320668119 0.886634562002717
-0.0284545176040922 -0.02598822279729 -0.400758254642048 0.499765374544399
-0.0134334119572854 -0.0433715931579579 0.061544368526865 0.0339997768859603
-0.00649243635363601 -0.0188668832729354 0.184762848751873 -0.605063667476708
-0.00607159465970037 0.00453164423289261 -0.63155344986354 -0.607566211301274
-0.00792653389102007 -0.00662433074505409 -0.755463188091427 0.354194345673304
-0.0271443678683241 0.00132284042508105 0.0581266868224963 0.656327951299367
-0.0159380278987627 0.0110346812983942 0.400831489651527 0.203435168422536
-0.0179071846544995 -0.00350706994266688 0.214831007259755 -0.099691234061185
-0.00966565567681552 0.00974011275012909 -0.0517032291009399 -0.217559230422918
8.2030911076939E-06 0.00408304255167537 0.0599115335662053 0.122920998992617
-0.020573270731072 0.0147876588133426 -0.173284067864228 -0.0461521398395235
-0.00568941949358384 -0.00383093138670636 -0.224763129044565 -0.360608563924731
-0.000115469318145235 -0.0289684681770487 0.341307854958994 -0.42895406586973
0.0278705574609784 -0.0287749090200239 0.739252872896727 0.252330462809628
-0.00303443783805629 0.0203669401057353 0.135900299537375 0.894900947092422
-0.0349898246131794 -0.00378769359091373 -0.412784232941117 0.490275063167009
-0.0291689569122091 -0.0222616378886282 0.062389007432669 0.0283626029162521
-0.0039934825268724 -2.44072629903298E-05 0.168250173427229 -0.610545360020879
0.00770161155985429 0.00263852507728094 -0.647783061096603 -0.590534491153675
-0.00280673917432249 -0.00842604046523807 -0.742540009464246 0.370782731966289
-0.0184194796257111 0.00919066107592863 0.0755546848215333 0.652555187893278
-0.00409308970344303 0.0190121039214039 0.403964773136352 0.19612765669846
-0.00788017011453504 0.00402838394300522 0.21246546732027 -0.104752140266174
-0.00241428579579928 0.0144421209341195 -0.0526082683301056 -0.219959341483641
0.00575288079844955 0.00719414148461017 0.0600253657936874 0.125000990238916
-0.00881167312546946 0.0237044309654037 -0.173799589452232 -0.0393102403466052
0.00303844332237248 0.010005268379362 -0.232362848448889 -0.350524157394505
-2.27419699453628E-05 -0.019054026562561 0.328269132284158 -0.441164219690876
0.0332044370145635 -0.0295072173649445 0.74531912281666 0.220018456390884
0.00938188160806491 0.0304278935038361 0.165777985929711 0.887593588628042
-0.041105703869821 0.0202334368797673 -0.402983254887023 0.500278319267522
-0.0442491790635789 -0.00169038418910517 0.0552601735239323 0.0326586188662429
-0.0010884232067521 0.0178860282271944 0.179949218526089 -0.608121380498068
0.0208771667374682 0.00237566931401437 -0.631276835962744 -0.616597986670817
0.00257017983915005 -0.0109372990541903 -0.756920874115328 0.342883787787026
-0.0101745028416244 0.0170951449571329 0.0533056533344705 0.656603685225583
0.0066746647791341 0.0266142910900531 0.400492837506871 0.209808187297556
0.00252919550304472 0.0111755702706255 0.215910361401786 -0.0972579245567435
0.00308329705400587 0.018527671660124 -0.0527921966590975 -0.215007841306813
0.0107533177379103 0.00888056268782514 0.0590598500283647 0.131765896789154
0.00170770510976037 0.0296686392580649 -0.172077962816717 -0.0234059762395988
0.0101928480965428 0.0193787578477758 -0.257570219878586 -0.332581178770233
0.0017506655230039 -0.0100711300466873 0.285168029432364 -0.468743168231319
0.0341873214465764 -0.0325345315167681 0.759208668679281 0.137809807002163
0.0222099678559393 0.0365485320250195 0.246433983264485 0.854443574599642
-0.0432338072816717 0.040759801609159 -0.372428683852823 0.524665220216739
-0.0569313568817567 0.0183515550915482 0.0447303966666689 0.0458096483017182
-0.00028645408503958 0.0331711994996493 0.21186040115197 -0.596169564609447
0.0302740892109722 0.00434425422045701 -0.58103342529389 -0.677464608327656
0.0105578255403599 -0.0108478063823008 -0.793388841326223 0.268906595635788
-0.00580747782034031 0.0238779768996753 -0.00327527787662388 0.660639975150896
0.0126372156770114 0.0358324509951038 0.388055224482473 0.243611531438025
0.0103083582315179 0.0183936484435997 0.224301558334506 -0.077685753966644
0.00929959547609033 0.0219261361690606 -0.0550129135199524 -0.207137264808027
0.0151442971901399 0.010163714869807 0.0576847487020428 0.141823004251213
0.0104918527528806 0.030076859838467 -0.168843395576502 -0.00314291989203548
0.0160754278637927 0.0237740230154825 -0.289838798372682 -0.30232625842694
0.00127593483113544 -0.00362017262524896 0.217232544238532 -0.50558198209886
0.0322271811731546 -0.0328894765537275 0.761688004583857 0.0184416791921552
0.0332484103455839 0.0368987522041605 0.361005008717574 0.798259572163005
-0.037712781559512 0.0544588348110982 -0.320943603556689 0.559243142400087
-0.0637036084418948 0.0306162303367315 0.0299723661661084 0.0658511805276791
-0.00340691695121168 0.0445382111422951 0.262197419391447 -0.571686815387607
0.037451369513103 0.0100149464500261 -0.495343874015061 -0.76135004556323
0.0135377484779813 -0.0115719595263545 -0.835013060933039 0.155784196433095
-0.0061182473962346 0.0288826786598927 -0.091621137226921 0.656748606258801
0.0145602159795227 0.0418256777369304 0.3691136131697 0.28896759927834
0.015878502282114 0.0237285015661854 0.236277060472146 -0.0512865079908494
0.0124046601155029 0.0251117010325592 -0.0540414183204298 -0.197663105918456
-0.0115989161409441 -0.00349794880858235 0.0491826061611751 0.14948188871944
-0.0457182630550078 -0.00884292966835626 -0.156558740559189 0.00959418286196514
-0.0416635681645978 -0.0325299417712946 -0.321826354678064 -0.283595394312501
-0.0293041033923994 -0.0455590456525775 0.122672921028808 -0.53511075665529
-0.00579978912634255 -0.0262315386191746 0.745485229443426 -0.0972281395688654
-0.0297079453914694 0.00884343395355254 0.47545563381134 0.710327405167265
-0.0257318822463424 -0.0584458847791141 -0.246442247765975 0.587331092000256
0.0187948892361646 -0.0796201758567799 0.0277563467169142 0.0916906373057412
0.00345431265032904 -0.0580762626451874 0.326566394249694 -0.527224592169314
-0.0299279908707155 -0.00183840977777614 -0.383107285182921 -0.824400955004576
-0.0149008412362813 0.00118268347317051 -0.860249611929264 0.0401770634117124
-0.0443969427337337 -0.0193845410528895 -0.173710591618646 0.642636841283161
-0.0412655767247562 -0.0149749372661494 0.334869265833274 0.318866150332979
-0.0354636907707857 -0.0213709258601085 0.243030763850837 -0.0290182660151413
-0.0222458664721616 0.00039459191546778 -0.0519048614046301 -0.188597064168075
-0.0117981120454364 -0.00436261362674878 0.0541266242273589 0.138733722617808
-0.0454041758146072 -0.00719098701804846 -0.164889885242952 -0.0139555324915059
-0.0363399819812397 -0.0328695513217724 -0.28825756510788 -0.320297314786319
-0.0202716113195862 -0.047635009919342 0.207442146213833 -0.505330453630139
0.00267394589077418 -0.0278773912858804 0.760927335417434 0.0344693474785675
-0.0286298046421838 0.00579823987657606 0.357264118132457 0.795095550207611
-0.0231965300544628 -0.0556787610508411 -0.31123893373573 0.555067562958138
0.0121257643926706 -0.0735306535380853 0.0428706477712834 0.0677882743687431
-0.00404236669192524 -0.0490129244751552 0.271074141564726 -0.562033101458427
-0.0256457662632776 0.00349567564876881 -0.500513089654548 -0.73923717149028
-0.0143551085974079 -0.0011878389636404 -0.829844708387936 0.185453984318849
-0.0421385913931719 -0.0143994494401408 -0.0716895508802481 0.658205203360029
-0.037498441994076 -0.00671407766024918 0.368430035706839 0.271215949106191
-0.0326661311277099 -0.0159863034002197 0.23233694761781 -0.0593394089586426
-0.0198881410992439 0.0015105365070093 -0.0528969688134399 -0.200034813189344
-0.00971363539732914 -0.00235920376497888 0.0571583679715487 0.129547561303427
-0.0400957071949975 -0.00220933004569654 -0.169315843267715 -0.0317343014744298
-0.0256713768787358 -0.027925412728549 -0.257532363697869 -0.343682711028013
-0.0114250176877336 -0.0448465297900521 0.276798612915588 -0.469202988751202
0.0120384056353151 -0.0285838779857447 0.755952731662728 0.14895389271688
-0.0222239613548498 0.00569247405558997 0.246109517376652 0.852108029805138
-0.0234399520276789 -0.0440726436794487 -0.364595376352492 0.523429550684366
0.000907283944829709 -0.0612331033842456 0.0540441889585803 0.0473824342004857
-0.00701040763219472 -0.0350795642387189 0.217574247431273 -0.590073461585543
-0.0176257779839843 0.0054426927990047 -0.58487095031092 -0.658617576552794
-0.0118360231790674 -0.00347663040291633 -0.785978585218038 0.291429934507029
-0.0355841060974767 -0.00652950816688012 0.0105658005681096 0.659446836233267
-0.0281091944233833 0.001483769824218 0.389978557155559 0.228594164289541
-0.0261400081126936 -0.00956029278806999 0.221779009122453 -0.0843316910996973
-0.0155093423188014 0.00592394671007078 -0.0528389354854316 -0.20982983191127
-0.00563629798671021 0.000604809921983226 0.0588108352576033 0.12310607094575
-0.0315502662796088 0.00536753460208097 -0.172116259945825 -0.0423830268631428
-0.0154416134336674 -0.0173467680805519 -0.234508276945289 -0.355328668695872
-0.00431043237956631 -0.0380822703071508 0.320719095553965 -0.439792117664488
0.0201707685048157 -0.027765555754985 0.74084854096534 0.224026072038257
-0.0123590010806755 0.0116876914520539 0.166061417267893 0.88091468815657
-0.028903495321587 -0.0252427541925066 -0.39768061455873 0.50025737517276
-0.0137857160930814 -0.0426931752101361 0.061342723928754 0.0334619222709388
-0.00696832145940327 -0.0187615860178773 0.180714071362797 -0.603731150359825
-0.00513348854360013 0.00496797667366652 -0.632829112818199 -0.604110767215044
-0.00788889260953438 -0.00696355382271311 -0.750991059413862 0.355108576642108
-0.0275728251211923 0.00163441209675296 0.0613844874060659 0.653106890857752
-0.0169835279840485 0.00964701325093955 0.399612457767185 0.199462747226828
-0.0174971746447663 -0.00240893361791257 0.213483052880008 -0.100806736657699
-0.00924649564404745 0.0105856223486772 -0.051867966318055 -0.21697930836592
-0.000649915947203389 0.00418283486543619 0.0596658231760374 0.122006290671302
-0.0206441042757351 0.0150515715090823 -0.173083811403261 -0.0445983312862869
-0.00598696318806528 -0.00356268913200153 -0.224592626332857 -0.355979877967524
-0.00100317936571467 -0.0285228061329917 0.337506833481059 -0.42797147186846
0.0269294792606691 -0.0289231007419889 0.737160390154928 0.246857078492399
-0.00223667662986033 0.0212256636205604 0.138320751512855 0.888454632372888
-0.0356795054126953 -0.00275842668995588 -0.409191831291856 0.488433026894699
-0.0292785635022174 -0.0220479201844137 0.0615205169384197 0.0284914727010649
-0.00421105450911984 -0.00169051318373484 0.165283020807729 -0.609301074218102
0.00748289622733055 0.00306143831702062 -0.647610859604981 -0.584334225069868
-0.00207324991068384 -0.00843956183451041 -0.737072367124515 0.374114484421926
-0.0175666870867351 0.0100469888710131 0.0785377086781996 0.649680814336644
-0.00379905456289416 0.018604240505653 0.402550668578009 0.19205439697002
-0.00759521036922713 0.00439364226285492 0.211451072973473 -0.105216880410283
-0.00309128469816155 0.013912560500608 -0.0532198828793205 -0.217615784823343
0.00546222243066903 0.00762744610785028 0.0602748410162555 0.123862270441372
-0.00788565748701867 0.0234757034729799 -0.17344349227357 -0.0377183638341201
0.00236839292234836 0.0100711058286357 -0.233677880292632 -0.347373842853129
0.000632294557129801 -0.0187061961818253 0.325303858071072 -0.438294204495088
0.0325928666417976 -0.0300212087067335 0.743310887681573 0.215547051139811
0.00939127689068878 0.0293398147269969 0.167625651787219 0.881937714829161
-0.0419939825326954 0.0200060239252324 -0.399403876908345 0.498913913294995
-0.0439188554428997 -0.000246756538072227 0.0556164498749674 0.0327057478719661
-0.000702300871001035 0.0170132767403358 0.175571362062806 -0.606346380190319
0.0193671233444402 0.00164184871837392 -0.631482992202853 -0.609024250280549
0.00386805152326399 -0.0107651697361401 -0.753058086793657 0.345836458411964
-0.0105861471425943 0.0176268765319912 0.054242807247608 0.652649491959485
0.00630206044011823 0.0270887501745337 0.399571006750527 0.206765017318071
0.00291387335923914 0.0121237102985788 0.214680937771628 -0.0989278783094227
0.00353236914343656 0.0188948749132179 -0.0537605594553848 -0.214069532668326
0.0111125387622374 0.00824124167301273 0.0597522261067425 0.130211149951742
0.00267077106859308 0.0292391715005498 -0.172170921695533 -0.0220346641076506
0.0102125572306712 0.019767907857431 -0.258202674288769 -0.328589340474963
0.000888999364571423 -0.009007359384029 0.282620599007399 -0.468039841286569
0.0341504328705595 -0.0319291004416964 0.754553445415314 0.13324560798361
0.0227123573343611 0.0357182343464998 0.249522832622655 0.851257551346904
-0.0432586623024163 0.041195638221387 -0.366966387717465 0.523097766000875
-0.0567720676463668 0.0178610926212597 0.0454555381832383 0.045471872723692
-0.000822432810550921 0.0325522647866144 0.20933398152848 -0.592979370223832
0.0302812143907457 0.00394577587943409 -0.581168335033094 -0.670972825750184
0.0100119926481731 -0.0106862474129925 -0.788956022361229 0.273747704401339
-0.00528171909105032 0.0236967616402263 -0.000930519802803247 0.65814934145163
0.013308303245891 0.0346696861906677 0.389262894944224 0.239229012225793
0.0105538973325041 0.0184562594465447 0.22325227482066 -0.0795441056872036
0.0109627255440952 0.0228786378628 -0.0542905331546432 -0.207413286217643
0.0152275133414666 0.009842317806113 0.0576475745204242 0.140000779707883
0.0109537408771946 0.0302678013888174 -0.168844309689539 -0.00109551631727022
0.0167868804370888 0.0242835584340889 -0.291647346970738 -0.299050404186738
0.00147216659890296 -0.00385577979444684 0.21311266470598 -0.504842868936989
0.0316504273223287 -0.0338978953556863 0.760537056614985 0.015360182765161
0.0336902595340677 0.03715590059968 0.362256013031069 0.790822130228674
-0.0374136067304087 0.0542927954363989 -0.318607079173225 0.557100024794469
-0.0639233566380291 0.0299456826633423 0.0302606697485952 0.0654342711371822
-0.00272685504058604 0.0439881584705256 0.25758174609058 -0.569821151518905
0.0368071596624642 0.00890162315830407 -0.496190220448235 -0.754813723637422
0.0142038053521534 -0.0110813556231176 -0.831818186478425 0.157788058975841
-0.00716247764731305 0.0279591911808106 -0.0884986009025285 0.653684346116971
0.0146564165067988 0.0420719617173049 0.367166628603997 0.283431347960249
0.0161564495012398 0.0254454929464558 0.23449856942761 -0.0533170964316693
0.0135222675406751 0.0251857721373638 -0.0543750791691106 -0.196757210156741
-0.0114672175575864 -0.00420560348858863 0.0500499727358602 0.148118181436669
-0.0449327533368994 -0.00757872856855523 -0.157230485010754 0.0100098960760522
-0.0417911374333254 -0.0317670259363951 -0.323755852843302 -0.281187416059693
-0.0297553863270568 -0.0443719619947249 0.12022943098311 -0.532257971269583
-0.00579608614621705 -0.0261848625925432 0.741805769655567 -0.100708497060257
-0.0291531192711384 0.00934256386914071 0.476014920928261 0.703962979835454
-0.0270250521344165 -0.0571630879990272 -0.243963633201513 0.585053930708986
0.0174836157540074 -0.0786121440531148 0.0278562960699459 0.0908113392303966
0.00252116362690521 -0.0581982169310409 0.323798205326476 -0.525726602408844
-0.0299903351759633 -0.00077804491396273 -0.38672655804251 -0.819049820377088
-0.0148360289519713 0.00129800109684691 -0.857191957991566 0.0472465445686392
-0.0444123965533081 -0.0187948200662563 -0.171346034370426 0.641039469228754
-0.0413776446380336 -0.0145161369945212 0.335482171134537 0.316606804286755
-0.0357389456221807 -0.0204851756468029 0.242645981254419 -0.0298726362979941
-0.0221665732825714 0.00100152152316855 -0.05299489549323 -0.186741352660485
-0.0119970803997561 -0.00359740915774325 0.0543164071171092 0.137108756754451
-0.0454923037802598 -0.00561102142160421 -0.164220634444219 -0.0132926154768486
-0.0358827985554974 -0.0327040831911826 -0.290482353742476 -0.315922921043306
-0.0208326070419196 -0.0470891314025645 0.203365442466325 -0.502888283366811
0.00258089572506773 -0.0279076401981129 0.757246108591494 0.0325569086361681
-0.0272673122472207 0.0056406629941254 0.357799650793547 0.787354792321817
-0.0239267706113414 -0.0543469163852093 -0.307499560937863 0.552608276548229
0.0113546222609482 -0.0738461139799759 0.0428794669797464 0.0680735587821002
-0.0038401672345859 -0.0496080448337127 0.266950505339511 -0.560838161761579
-0.0254671536031112 0.00300288576789149 -0.501443757184968 -0.732799798859704
-0.014274762064518 -0.000547279598409826 -0.823599793400222 0.187624791271837
-0.0417884150535913 -0.0137060635783634 -0.0689967962671796 0.654847255540159
-0.0369245645519074 -0.00794013918071894 0.368349581508982 0.266864469194742
-0.033688537178622 -0.0160865211976215 0.231317997031923 -0.0599526586367738
-0.0199034967167946 0.00299179935638376 -0.0527984091260235 -0.199122316286647
-0.00980448980706493 -0.0015654382017581 0.0563692991146004 0.127996218360509
-0.0403772770056879 -0.00209666479276997 -0.16985003795797 -0.0306640584575767
-0.0257821270740369 -0.0273576831947655 -0.258369103131274 -0.338964037918577
-0.0111228036576313 -0.0443448473575823 0.272770852097535 -0.467282437526413
0.0109842995456254 -0.0283032224867159 0.751515126936407 0.144788136683738
-0.0216986323242472 0.00657768089108502 0.246902771740808 0.846325574375066
-0.0233209799012611 -0.0434810693662939 -0.359570533530888 0.521454989188775
-0.000356973165924181 -0.0603760680393138 0.053623447241887 0.0474093385303971
-0.008391859986548 -0.036006717410907 0.214098946434904 -0.588425848175092
-0.0172478455147232 0.00465917985834683 -0.585227366368983 -0.653651984960877
-0.0112799273648919 -0.00318916272912182 -0.779317784825145 0.293839099638968
-0.0357343450272 -0.00606699834018341 0.0131211638765477 0.654670179266402
-0.0279335767793615 0.00103742002613823 0.388791919349481 0.224882564229777
-0.0261002160713095 -0.00998081763730867 0.220812190620351 -0.0849769954315145
-0.0156651076510648 0.00716834496508681 -0.0533876497725301 -0.208487425805403
-0.0057601278165135 0.00141612328332295 0.0593730917114859 0.123177989258962
-0.0314140984607805 0.00568579899499527 -0.171644325198789 -0.0418949152753003
-0.0156288720047985 -0.0168008154217125 -0.235069058771129 -0.350927147298441
-0.00428215534261471 -0.0374238373897966 0.318600276440087 -0.43861789681683
0.0197531292089914 -0.0280556953193891 0.738676484103587 0.218994497334419
-0.0126945269808964 0.0117442621972218 0.168845849494696 0.875829623122702
-0.0282466108672453 -0.0243138960650028 -0.39228231379524 0.497745036187986
-0.0143277789457924 -0.0430709625383102 0.0609000724190861 0.033372532945707
-0.00810860260732134 -0.019125926374479 0.177523543368127 -0.601416425339818
-0.00545806813017601 0.00474562783251265 -0.630620697744607 -0.596447455606171
-0.00732482544500047 -0.00607901850774845 -0.745501215521331 0.356695728100691
-0.0270959159961087 0.00218539768593053 0.0646265983277867 0.649626845227423
-0.016643272134857 0.0105389372858206 0.399196684861487 0.196159434278578
-0.0174125993088905 -0.00206057060450009 0.212783588591556 -0.102387995328492
-0.00879121582533529 0.0113810363972752 -0.0542328418328983 -0.215749006006598
-0.000769530555437307 0.00360370971519832 0.0611786350780106 0.12135939913798
-0.0203139310393982 0.0152027363870419 -0.172518805115193 -0.0429234566234115
-0.00590903661592708 -0.00318328831981355 -0.22544435936549 -0.352730080228895
-0.00150950977132466 -0.0280175059845598 0.33411274278384 -0.425818961963443
0.0279479348768118 -0.0291301166056842 0.733496130731467 0.243305348369798
-0.00145301502846591 0.0210493819419776 0.140875156318807 0.882603823774283
-0.0353767736134984 -0.002143318007035 -0.405792817262905 0.489469991233082
-0.0305325099160703 -0.0218371038313651 0.0611028209490173 0.0276005897493061
-0.00482344908654182 -0.00106033425044643 0.162776392908026 -0.608015981515165
0.00728247237602436 0.00252268961527073 -0.6476893307207 -0.578439547061001
-0.0021183831700022 -0.00936176458815058 -0.73144323092579 0.375526758479471
-0.0170857943334352 0.0100345257306694 0.0804724336443914 0.646416657641358
-0.00366976846949992 0.0186584155620384 0.403936830101258 0.18950190281855
-0.00696404374856492 0.0054406457244603 0.21013188641134 -0.10617673088962
-0.00233617507843299 0.0150598373790152 -0.0544539710555483 -0.217268082960201
0.00556383689631455 0.00747345960676444 0.0611490528031916 0.123036168812734
-0.00736532654514193 0.0237775122349045 -0.173417185032356 -0.0360899322675282
0.00306702546846729 0.00984758585704288 -0.235822168897705 -0.343999996085368
0.000515757014884241 -0.0178983988667822 0.320684910885495 -0.438703746781963
0.032486814040508 -0.0302823122979772 0.739776286138638 0.212315503793583
0.0101734245682122 0.0294135759683623 0.171193755874811 0.87521579952503
-0.0421950635144194 0.021115668191995 -0.395454364630114 0.495354193283889
-0.0451543835817757 0.000417814512075384 0.0555763713543511 0.0329322425239997
-0.0019384217095559 0.016702948172843 0.170906177933942 -0.603316617903534
0.0198177255195551 0.00132510497925997 -0.630713897557967 -0.604488039302238
0.00432963872396367 -0.0106104701880885 -0.74815332759751 0.347868426956413
-0.00963277812302412 0.017727227363156 0.0567349397919616 0.648970817301095
0.00686523714985845 0.0263595241031923 0.400117808327075 0.203570046719422
0.00261846125481374 0.0119294633355976 0.213623314956009 -0.0998057499271152
0.00434808607130225 0.0190859896862378 -0.0552009388736489 -0.213248013907213
0.010408975660384 0.0100429197618055 0.0599454301564332 0.129847019335962
0.00279991841398406 0.0295299332072314 -0.172312478909825 -0.0211760395938571
0.0102813776988571 0.0197584185032348 -0.260257574097748 -0.325389441373183
0.00112722216084587 -0.00939877951711978 0.280045483174368 -0.466929899141885
0.0334897247805826 -0.0317047321382286 0.751463165912631 0.13137206966129
0.0230228496706784 0.036245175427746 0.252914671136586 0.845371345078183
-0.0430475467278621 0.0412060422512747 -0.363776273758988 0.52270563633983
-0.0573763459483794 0.0184168111562511 0.0454151503249944 0.044734137284893
3.61298319455951E-05 0.032370648545266 0.204766352497196 -0.59042068173822
0.0302265130360042 0.00331775079985844 -0.580922292249224 -0.664874693251637
0.00962833937777724 -0.0116436957217469 -0.784373894042977 0.274701773491268
-0.00526429748956773 0.0237758647393808 0.0020385881476952 0.654939593035609
0.0132154614729067 0.034411038970758 0.389267123876393 0.23625354977181
0.0110094669728072 0.0186663141777448 0.221875858509775 -0.0811073299336534
0.0103127611396364 0.0220541706982566 -0.0552567862204343 -0.205087918692285
0.0143300460619117 0.00971940497753256 0.0582003505092698 0.139248230980059
0.0102222855605664 0.0306480002222605 -0.168961173660425 -0.000600978714667083
0.0159256218175477 0.0241121389219077 -0.291984024190404 -0.294068651919998
0.00136898681423645 -0.00307511785959452 0.209877789483216 -0.501862040403292
0.0312685642243546 -0.0344912358357651 0.755120397707134 0.0128739579724002
0.03402587809516 0.0363088621543608 0.36306119099202 0.785203585054105
-0.0375394293890763 0.0546254586235004 -0.314833615002118 0.553996030604305
-0.0644148823994075 0.0308751803022661 0.0309706041765598 0.0648892739883461
-0.00318421650264198 0.043371337024686 0.253459550476443 -0.566562811178095
0.0373546157745727 0.00879725755067881 -0.499429244184836 -0.748795173766621
0.0135779759202058 -0.0111251292586117 -0.827366632092179 0.159835103431361
-0.00577258015301986 0.0278997526622346 -0.0838625741246808 0.65142311768945
0.0145655664258045 0.0411271805910958 0.368901586029113 0.280237164073018
0.0159173270696882 0.0245138726925971 0.233632065712067 -0.0540856598112987
0.0134057083525326 0.0252958317443761 -0.0562958606439618 -0.195814372560063
-0.0112971492630429 -0.00366358734603626 0.049933464292422 0.147722766585513
-0.0454788782410731 -0.00757329992201983 -0.157294037225869 0.0102580217889296
-0.0420931970716668 -0.0312295912393261 -0.323545020133939 -0.277949833619201
-0.0306320985679514 -0.0437340679619132 0.115921683348056 -0.528511325539987
-0.00532592177063767 -0.0263773275415351 0.736742653697756 -0.102804875951832
-0.0291426987492271 0.0096777387999059 0.474023825147134 0.701601519885381
-0.0263393710976255 -0.0567019449540187 -0.239822007779731 0.580744524651078
0.0161648603249298 -0.0790127801337655 0.0282092288907302 0.0909802447587785
0.0025891019549305 -0.0571379390966185 0.320156156470593 -0.523700787917402
-0.0298078232229149 -0.0011622913989425 -0.386348884806643 -0.81431670854646
-0.0149712431530963 0.00122919852905579 -0.853589698262073 0.0482090587110707
-0.0437901224409383 -0.0190185277826267 -0.166539090304544 0.638328820375066
-0.0414514605358166 -0.0147364511847579 0.335375613564422 0.313426375603511
-0.036987802040663 -0.0207374509996153 0.241907924197421 -0.0308660635524912
-0.0221837201800826 0.00154776781119706 -0.0528343379749794 -0.18648213481007
-0.0118491550137145 -0.00418234145328095 0.0546474638233211 0.136287992945036
-0.0445962195202048 -0.00547306778493832 -0.165045365163458 -0.0133525506862248
-0.0356243252903247 -0.0318621552445757 -0.290951462521123 -0.314163443278139
-0.0217446231374169 -0.0462763648082844 0.201743465702647 -0.501152506537336
0.00148057903328164 -0.0272630417323927 0.750928993826644 0.0299795501525854
-0.0270847194091598 0.00647756477098506 0.357841819263548 0.782474858289155
-0.0236266361573067 -0.0530907298516828 -0.305810771043112 0.550728045877822
0.00998039865638016 -0.0738254049769243 0.042973975132091 0.0666237655956301
-0.00516503773416615 -0.0496168503623281 0.262437099451039 -0.55924514343279
-0.0253924538806575 0.00241307837792823 -0.501748803587984 -0.72941527648715
-0.0135917505168529 -0.000763234859795792 -0.821335821275424 0.187650341744598
-0.0412113466459045 -0.0135414415217015 -0.0652879869135666 0.652072596271412
-0.0370388873828091 -0.00762414234876451 0.367385804961547 0.265755876149634
-0.0343694713894336 -0.0158324967639571 0.231202436800882 -0.060843458151926
-0.0192698387752632 0.00347776775072351 -0.0545305151066491 -0.197664983595771
-0.00961885257367233 -0.00161563545867847 0.0569446982602317 0.127145783236311
-0.0396649337561461 -0.00140255038735128 -0.169574909130932 -0.0308775427645007
-0.02585351822794 -0.0272508172782185 -0.258261088901281 -0.33639875860846
-0.0123956429041793 -0.0430844436585919 0.270361183267969 -0.464404078514814
0.0113613611998762 -0.0278345300027401 0.748146226785345 0.14358755391432
-0.0216345724104773 0.00691709276966993 0.248780856513992 0.840862335607505
-0.0237586267677329 -0.0425721716969644 -0.356720252749984 0.518351161283808
-0.00104968156378638 -0.0606105954064842 0.0532189145404487 0.0480624882390347
-0.00843152719217913 -0.0355952779498748 0.211398457260507 -0.585521886989028
-0.0171248268921766 0.00474056160718419 -0.58345771977996 -0.648102016681607
-0.0108704456520944 -0.00251488463721285 -0.776367564835921 0.295628204619179
-0.0357487026357111 -0.00539207839406857 0.0148986684685108 0.651696242139302
-0.0281487890916697 0.00143478740231064 0.387743660063964 0.222180119770806
-0.0272130447304371 -0.00827469913884125 0.219854393631047 -0.0861014820580307
-0.0148186613642402 0.00809574439803629 -0.0544286033617169 -0.207082733604449
-0.00602759915509476 0.000618198376602865 0.0596752519593382 0.121895097051284
-0.0307345244788063 0.00659239180733399 -0.172437696756302 -0.039966992060559
-0.0156309461868573 -0.0168828577967076 -0.236152946251335 -0.348262331768419
-0.00510363550510444 -0.0369506800897591 0.315591313989081 -0.436366635030851
0.0197083499428929 -0.0287825590587009 0.735948190842331 0.217714329942665
-0.0123771079276116 0.0114421529485852 0.169028405184518 0.869004776610303
-0.0279089648514375 -0.0243007260489681 -0.390962786037774 0.494916468105815
-0.0149809408335726 -0.0425045845511168 0.0600927338263815 0.0338895066504628
-0.00850728755191393 -0.019378407737444 0.176004393063458 -0.599305851724669
-0.00463329902447175 0.00356838757004966 -0.629661208596948 -0.591975599094375
-0.0073171643932406 -0.00637173666199925 -0.741387534089697 0.359094142530873
-0.0266796592136699 0.00291334787570394 0.0665600124071803 0.645436744648854
-0.0159917828019277 0.0106302344428349 0.399682263704576 0.192995687793881
-0.0186121031343491 -0.00133000446534994 0.212830437949213 -0.102647670999164
-0.00874708803268401 0.0116301421083271 -0.0542867465704071 -0.214229776897367
-0.001199415634641 0.00495072419881124 0.0611210613063209 0.119712946932475
-0.0194855102405085 0.0148659402573641 -0.173994590987081 -0.0422649070819655
-0.00555548485739006 -0.00342336584868536 -0.22740948810863 -0.350039128402908
-0.00155117865230214 -0.027129807710496 0.331142216829331 -0.423025080102596
0.0270855545170912 -0.0292803737977492 0.729548292208966 0.240756632871492
-0.00206162599779329 0.0199462556382113 0.14257855998223 0.878917496051161
-0.0352738110888516 -0.00237511457498649 -0.402297799134964 0.486655912887054
-0.0312156911047801 -0.0209059842932823 0.0613713804591955 0.0288930363367208
-0.00578199885027036 -0.00133239272165498 0.160177100249451 -0.602787007748315
0.00853945282400134 0.00275904697065275 -0.645415428422817 -0.575367717027543
-0.00160972946964699 -0.007995942925663 -0.726480847174257 0.376859855007703
-0.0167145604090854 0.010734713816051 0.0819982111776365 0.64266425816552
-0.00452239436233267 0.019124197540729 0.401683918773938 0.186681729632958
-0.00722618999076883 0.00589461087846399 0.209357193228656 -0.107089122807626
-0.00235356394873123 0.0161436083257427 -0.0552436204183328 -0.215926800856101
0.00505563985650421 0.00742161662276146 0.0609886491185528 0.122429713251924
-0.00784800404501422 0.0245398148007707 -0.174210601689458 -0.0349308594284585
0.00326965292495927 0.00987732054330644 -0.235450780830382 -0.338764641706723
-3.95743848972505E-05 -0.0181996078343482 0.318424227590328 -0.435266183573158
0.0314530013954637 -0.0310660573382465 0.735133213365946 0.21057823196205
0.0105931418619254 0.0290795350930926 0.17230236663938 0.870658382341711
-0.0412966954003108 0.0210482938468978 -0.391992437047472 0.495910422488909
-0.0453694313312743 -0.000330493942193711 0.0560318961176087 0.0329039811510241
-0.00213357222375524 0.0163999717420766 0.169840554153397 -0.600229936832635
0.0195526608358202 0.00178899068660402 -0.630241505766826 -0.597567713397315
0.00477850733601567 -0.0105915678802686 -0.743842905361921 0.348291204737647
-0.0093294452092056 0.0175679548502976 0.0600985276583234 0.645839562073175
0.0068832441066006 0.0265768628337208 0.399302613040746 0.200729940340384
0.00310390059077561 0.0122062108250899 0.212276063900702 -0.0995454568219611
0.0053057025563652 0.0198824497549842 -0.0556200370759225 -0.212364408305727
0.0106102783745993 0.00981474022386479 0.0602279109639644 0.12902258976484
0.00339315727902246 0.0302148377592177 -0.172872030480905 -0.0203397134037205
0.0105519455111808 0.0203306442896287 -0.260407435538314 -0.320988394776722
0.00157842111948798 -0.0090761243965044 0.27621210891252 -0.462802237226913
0.0336424315637115 -0.0320533731574475 0.749209175767229 0.127439742549609
0.023135194409337 0.0359081063177294 0.254394477819617 0.83853564252073
-0.0424566202184121 0.0412200970429058 -0.361646530324807 0.520534763899392
-0.0569722116967493 0.018682544335399 0.0449124798773435 0.0448651580744089
-0.000930795864480831 0.0322515353700663 0.200771645501286 -0.589512273615064
0.0306202947941595 0.00267960712661988 -0.583925692254953 -0.661383616179797
0.0104228254694969 -0.0111216459146716 -0.780427519482292 0.27750592830011
-0.00497402743381197 0.023976258100276 0.00602925652286668 0.651631908835515
0.0134284634137569 0.0343898915021726 0.388761531947643 0.232811467373775
0.0105144679713016 0.0190539698588788 0.221144305089828 -0.0811523469961666
0.0109943718046161 0.0221757436413452 -0.0565111457699335 -0.204227426680174
0.0146851826047271 0.00972016585376363 0.0585101157794808 0.137671270908157
0.0113119080956686 0.0313146452286447 -0.16756385670114 0.000169851795788855
0.01578856751207 0.0241364901853788 -0.291803491091225 -0.290632142568771
0.00101374814006047 -0.00294981753638935 0.207878752465337 -0.500396029597084
0.031380817591684 -0.0335808185305746 0.75258689826058 0.0105660877123151
0.0345846198003771 0.0362752722059538 0.363816213360591 0.78107005569021
-0.0374636587982681 0.0545126441677056 -0.311120678471838 0.552203670578585
-0.064922052904679 0.0308456690185795 0.0315862537072078 0.063988620908673
-0.00414377413124081 0.0439130360696754 0.250982794701483 -0.565743751180963
0.0369211958418406 0.00758961440227172 -0.496930331658571 -0.744501142170785
0.014556376845272 -0.00994400298985823 -0.82302489890936 0.163791307000989
-0.00563764241603659 0.0287773319885456 -0.0823837054899619 0.650342051167099
0.0148733081358073 0.0404803556401286 0.367969835304428 0.276991456188948
0.0157417935830134 0.025686840058945 0.233422582531473 -0.0553384827187146
0.013849150148925 0.0264668401407207 -0.057293353409026 -0.194200209820221
-0.0114859952075109 -0.00366328544802576 0.0512492463793286 0.145815061947056
-0.0450764728556451 -0.00557616180251221 -0.157252194048476 0.0110485068838524
-0.0417630646734411 -0.030631932094854 -0.324029252566835 -0.274867525104452
-0.0307366321641892 -0.043299683048553 0.114909632935715 -0.528070326916188
-0.00596056749734504 -0.0257729783523016 0.733501457008218 -0.102463607013164
-0.0281553532736316 0.0100006819522255 0.473654990627404 0.694648939009447
-0.027301975142989 -0.0554145570791523 -0.238924218349858 0.578576166283931
0.0161511562497145 -0.078341747442449 0.027494658752478 0.0905576517429087
0.000992620137933017 -0.057788119967554 0.318179623629207 -0.52285170727143
-0.0295595529671566 -0.0009569018733704 -0.38814737735222 -0.809127752048832
-0.0138873971804644 0.000633413236227579 -0.850464050616213 0.0492031852074021
-0.043360558503813 -0.0183800505305749 -0.164557577303069 0.635676545060955
-0.0421928871241679 -0.0147377386791635 0.334981319174189 0.310062213617353
-0.037621724334303 -0.0194725845701038 0.241812569192568 -0.0312270747960869
-0.0213854689171258 0.00275410240955724 -0.0532984880267951 -0.186034735335662
-0.0120992716268981 -0.0032605832140349 0.0552599981090712 0.13640944610883
-0.0451831746361611 -0.00502830590620306 -0.165249146171991 -0.0120415024840166
-0.0352928748169107 -0.0309766495935421 -0.291364303144717 -0.309547475775903
-0.0220689906030955 -0.0453194894308647 0.19894190604256 -0.497821757495574
0.00210593618706082 -0.0273109747173407 0.749488284188814 0.0273640447127068
-0.0273897219286088 0.00697745495601554 0.359118808670022 0.777411960883191
-0.0245967918849439 -0.0535804024476106 -0.30313221357905 0.54753247537289
0.00986248080103473 -0.0713662220512567 0.0427268018766896 0.0668912059129473
-0.00508176872951602 -0.049391252311498 0.261692282579278 -0.5567608067763
-0.0257083238064498 0.00323860079023169 -0.501872228583529 -0.723218624286386
-0.0133660984729936 -0.000203968154920135 -0.816134529007994 0.190101952734722
-0.0412621543320634 -0.0122413921017928 -0.0634891373887525 0.648865247699718
-0.0370675990893825 -0.00786152599403969 0.365993405668784 0.261622227801544
-0.0343335839269099 -0.0140154975024127 0.22958756014282 -0.0620998552349207
-0.0185491377262027 0.00475102722500685 -0.0547733323781884 -0.197286800959936
-0.00945191396708327 -0.0014259817322239 0.0573418928010863 0.125775167179305
-0.0391908230065361 -0.0010050290415021 -0.170087924211652 -0.030129439247205
-0.0259606859590605 -0.0262869238463948 -0.259856620745418 -0.33327249923623
-0.0121838338695522 -0.042351055575625 0.266268910539341 -0.462811250686576
0.010395045221341 -0.0279867054287947 0.744289218189342 0.140856292858499
-0.0211040554801721 0.00737335843522571 0.249706846686545 0.837128815009544
-0.0241535405835835 -0.0424388671990869 -0.354473173307415 0.51604012648055
-0.00144891825178108 -0.0597535819723721 0.0541081172357405 0.0473677911719189
-0.00838648154544877 -0.0351985215656495 0.208904506851553 -0.58337553033866
-0.0170311388340731 0.00454396601382265 -0.583250407021211 -0.642736643907154
-0.00996210667869959 -0.00325121736735823 -0.771173927437175 0.297270086475543
-0.0358629157155364 -0.00490623495380052 0.0177967944873039 0.64764551185289
-0.0288693715848566 0.000933322556027898 0.387247631026509 0.220101171806413
-0.0274834252590749 -0.00837105930531247 0.218805923068953 -0.0863333619390261
-0.0142677406658062 0.00778199674620135 -0.0556624978880212 -0.205806999766904
-0.00630093631597268 0.00158578665382297 0.0605729955172737 0.121082863054609
-0.0308457565412207 0.00654982832119577 -0.172207549030077 -0.0401701448182859
-0.0151480142431597 -0.0166915921211837 -0.236997912159859 -0.345078230317928
-0.00511493943146259 -0.0360095274552644 0.313026208753496 -0.432311044762303
0.0194282901236489 -0.0284274949740542 0.731539661242738 0.214367082876653
-0.0118101461854303 0.012163531446374 0.170970790638521 0.8657785216387
-0.0279717525044838 -0.0234950279231682 -0.38705817849186 0.492507771727721
-0.0157579514402297 -0.0413517730010889 0.0605695004372257 0.0339505647441245
-0.00792334047534191 -0.0190761064329711 0.172241151295201 -0.595163921201179
-0.00472490715281933 0.00422973486843894 -0.629194089807817 -0.588658226893595
-0.00679125181640135 -0.00587378229172184 -0.73653495559018 0.358528786130034
-0.0272759235559752 0.00273287776741762 0.0683850031634749 0.642405214359009
-0.0164732105197894 0.0103681191460163 0.398088203593933 0.191379482732738
-0.0183301086039379 -0.00136315508681705 0.210805196357753 -0.10233908874922
-0.00858197003769642 0.0124935305859163 -0.0553950682741316 -0.212231733874985
-0.000496782035130534 0.00464562937923664 0.0616907759221538 0.118808044899436
-0.01866302775135 0.0164924443460015 -0.172232120387118 -0.0405947478315727
-0.00554702408667788 -0.00244894979139948 -0.228660582379804 -0.344306045550303
-0.000920053204732508 -0.0268056310352909 0.328113655685735 -0.42111749370456
0.0266272239115894 -0.0289161134869335 0.725924708511363 0.237659222510135
-0.000890807246585287 0.0198216267942614 0.142573080267955 0.874213312352269
-0.0348155348582573 -0.00138192780214239 -0.399451478433509 0.483993454517092
-0.031341409277055 -0.0209916186278313 0.0602718619610907 0.0280112305004861
-0.00556826868388374 -0.00123834461110939 0.157110829676397 -0.600828604439533
0.00755964534483173 0.00202344536852339 -0.645710692870573 -0.568243276798957
-0.00124375609110006 -0.0087778336309423 -0.722039445714285 0.376367761256577
-0.0167206175932144 0.0105164659210669 0.0841727964990508 0.639836901137253
-0.00435263886591474 0.0183961012087103 0.400612453114405 0.184689027779632
-0.00823935135936262 0.0070375981308628 0.208364128893445 -0.107113837588485
-0.00160909039283997 0.0157784145578409 -0.0565871796896149 -0.21355749240041
0.00450508284106905 0.00854007658527236 0.0605858428816843 0.121097346456312
-0.00785931655035104 0.0242636918171169 -0.173634432120086 -0.0333265389432539
0.00271016237473664 0.0104737642996213 -0.235999493130208 -0.336420695645248
0.000570236140365753 -0.0167208205173028 0.314836705560554 -0.434377161728113
0.0312429473983953 -0.0297695404900489 0.732059867789395 0.208316998295091
0.01096221022523 0.0288596464954639 0.173792638076594 0.865112143747928
-0.0407655075876712 0.0220823418664744 -0.387418046367508 0.4937538345788
-0.0451174785848215 0.00118608822275352 0.0554694231831265 0.0322184629666012
-0.00260220048453384 0.0157123559290829 0.166571552837288 -0.598106452608603
0.0193824386539699 0.00119763612460426 -0.628522700126332 -0.596481099484353
0.00444886977812783 -0.0102898904842325 -0.738356018976756 0.348848158829597
-0.00920691935391888 0.0180426222236111 0.0625037249528051 0.642688576993595
0.00655568771242628 0.0267820259336449 0.397531996987567 0.197695290250488
0.00226718882628569 0.0130395500689984 0.212246681137995 -0.100754811092187
0.00586537819898867 0.0190265968931801 -0.0572817996528091 -0.210329040886167
0.00966186997694067 0.0101426288208795 0.0604035677834635 0.127083886606251
0.00450056048347834 0.0301442435123109 -0.172361551239421 -0.0188723261750913
0.011539869040869 0.0207619129949311 -0.259897578933627 -0.318288351652032
0.00090567674204362 -0.00910561630980217 0.273603238252615 -0.461653418349822
0.0330292723516519 -0.0323868232793866 0.745155742444417 0.126370220017296
0.0230481836142391 0.0347563884090358 0.252012329865161 0.833655391959428
-0.041934464234547 0.0407888699168189 -0.359294807421425 0.516966229950417
-0.0574233186441423 0.0191713726500062 0.0445770674043199 0.0443452435508591
-0.00151460148080005 0.0322563863536433 0.199929228318897 -0.587285883770933
0.0296991320963929 0.00272029922259256 -0.579594301595728 -0.65641855307272
0.0100644554175548 -0.0116350005931109 -0.776180079802934 0.277534788002937
-0.00423889662620841 0.0240360756356081 0.00669485701202041 0.647208973046035
0.0124128723730282 0.0343078044574186 0.388044190277833 0.230093199804538
0.0103978866851224 0.0200670969749034 0.219925004941209 -0.0817743227218542
0.0102098743078209 0.0228288626990132 -0.0570958925111009 -0.203714876557345
0.014620528576367 0.0102126391088596 0.0590507408644701 0.136909946442566
0.0112292853925977 0.031900117721941 -0.168761607040397 0.00137680182547376
0.0172381350711286 0.0244176477529683 -0.292450336054407 -0.288223165122335
0.00160485721506387 -0.00316077325880649 0.203915280248037 -0.497296608178415
0.0315572496682823 -0.0340275172262286 0.748515610486894 0.00775434790384802
0.0347060204654289 0.0357279727148452 0.363094183420225 0.774958936823731
-0.0371744518689692 0.0542281568793574 -0.30850845011984 0.549781336227769
-0.0639383717199199 0.0307602253389677 0.030513727450448 0.0646109127664233
-0.00386442122154872 0.0432085408304328 0.247884539932923 -0.562010655217463
0.0370315027435325 0.00779289581136649 -0.49778835642765 -0.738891027222888
0.0152316477496757 -0.0103601961309016 -0.818480557489761 0.163520396292385
-0.00545165239393412 0.0280516472140961 -0.0785621082386869 0.64539181310513
0.0155108331949689 0.0403206145365067 0.366877237136569 0.275254013693884
0.0166044568170946 0.0265465775283024 0.233378308289606 -0.0567736691056704
0.0143524191519312 0.0257631416316233 -0.0570895164296777 -0.192344748980926
-0.0120061990842255 -0.00326906933750438 0.0523771532772446 0.146106385440397
-0.045233866101737 -0.005951342742504 -0.157079845324916 0.0106117485532687
-0.042831572772768 -0.0293328240862471 -0.323060860823758 -0.271753232961765
-0.0303858538750453 -0.0425904048306255 0.112506164661777 -0.523520391127926
-0.00689877973409003 -0.0258793529764793 0.727279938133637 -0.104869762952185
-0.0278079232594034 0.00998084583367463 0.470614625713878 0.689879069480614
-0.0290941551843459 -0.054675529182561 -0.236620483020918 0.576008659798303
0.0138301060236508 -0.0769756429684024 0.0271120481778395 0.0897857367683359
0.000503798880745077 -0.0576528950590983 0.314172184080297 -0.519146567470367
-0.029387346855108 -0.00112785370812748 -0.386971367321317 -0.805093285399048
-0.0138110201708693 0.00137002595021937 -0.844095366154967 0.0510120882926463
-0.0437889746975349 -0.018259190961428 -0.162323950860844 0.632259438700635
-0.0409365398726044 -0.0154626430492781 0.333346387589814 0.307672904309088
-0.0374165631783481 -0.0192228852378045 0.240689852552866 -0.0321010669431539
-0.0217729823198754 0.00272370792393033 -0.0547212487028677 -0.183976750236976
-0.0120300461671488 -0.00311615724513576 0.0559622600787506 0.13392772227369
-0.0446319628160559 -0.0053211892223053 -0.165827395021543 -0.0120968526405366
-0.0352247044315718 -0.0305030250027472 -0.291008972439591 -0.306959419226103
-0.0221453639425619 -0.0451815779184021 0.197416584598398 -0.496343158756212
0.00164754948712905 -0.0274776429999499 0.74474488454472 0.0263823937278514
-0.02636002313281 0.00675979410417877 0.35658453675553 0.7726158952111
-0.0246008704907366 -0.0519361049008694 -0.300220262914524 0.544226077658669
0.00868581522881606 -0.0712919771267738 0.0426079133913558 0.0663515544371097
-0.00591530298294273 -0.0491435867254357 0.259705097234238 -0.554613294585672
-0.0254908560570619 0.00329442860070158 -0.500586159221449 -0.718316272405422
-0.0132749168276442 -0.000218354204066417 -0.811247444587424 0.191496427916175
-0.0414471083840042 -0.0125615974916509 -0.0607805096277205 0.646021258867951
-0.0366898093012915 -0.00749887736922958 0.364840367267825 0.260312728651528
-0.0346799924408667 -0.0141751250157267 0.229076069183629 -0.0629101902316029
-0.019544064446254 0.00425704622031366 -0.0548807986186193 -0.194773849752057
-0.0101447603263224 -0.00140184335772092 0.0589976737001183 0.124697300646372
-0.039474556659452 -0.000319295484618253 -0.169674767634338 -0.0291982701417999
-0.0257881700781911 -0.0261196121046831 -0.260312133599036 -0.330574535937976
-0.0129735226157497 -0.0413362068549016 0.264724226939819 -0.458814755617492
0.0104257547901935 -0.0287085527629608 0.739428933535098 0.138051444791164
-0.0201541159822319 0.00741849444026523 0.247408561322341 0.82938488626958
-0.0242326549463047 -0.0416643185448763 -0.351303499394136 0.513224606752977
-0.00231235510095913 -0.0597297717093402 0.0535532028378298 0.0476453247311204
-0.00940915813186951 -0.035395507006316 0.207072919403525 -0.579421275388783
-0.0173256016997731 0.00454479204234598 -0.581285836844712 -0.638869226581236
-0.0100949946343324 -0.00285998969650315 -0.768948166212696 0.295559513750083
-0.0348822185890873 -0.00390930538704453 0.0196490726876388 0.644373679834157
-0.0285342401787553 0.00154220109564903 0.386444860402872 0.217639205860215
-0.0277353780258522 -0.0071037863397214 0.218577053208407 -0.0870675087599556
-0.0137291501770837 0.0086229809148132 -0.0561058524489218 -0.204823400553981
-0.0061546648889895 0.00170990936796082 0.0601152362473166 0.120578399033649
-0.0309160400339875 0.00700371246855333 -0.171860433945302 -0.0378985672342797
-0.0150169996513104 -0.0156536053410006 -0.23556346110239 -0.342594068364438
-0.00566442862270729 -0.0356538682915956 0.309383650490508 -0.431383965687162
0.0195886798189748 -0.0282460202363624 0.7292587247235 0.214484036205453
-0.0115172922739144 0.0111759407799516 0.169052820263619 0.859527310306985
-0.0271044952003053 -0.0230218462566863 -0.383675979112092 0.490006471886787
-0.0165540695566894 -0.0412674316756387 0.0598646955991887 0.034200656597244
-0.00812990709886421 -0.0185550840780445 0.170098665555449 -0.592453627432711
-0.00468799432448118 0.00317558584799959 -0.627803057209316 -0.582798292639413
-0.00666046944880737 -0.00575851723742721 -0.731059976784842 0.360014328924271
-0.0270739120996674 0.00275210705470969 0.0711243917599492 0.638211206254602
-0.016719982886553 0.0101201029022781 0.396066803552045 0.18870975299743
-0.0186180655177793 -0.000761922011022102 0.210029425016231 -0.102323025587333
-0.00793901567511552 0.0133014222392518 -0.0561062755372515 -0.211707990290061
-0.000888906087749637 0.00503581375829352 0.0620040393183178 0.118064692481016
-0.0182810406642603 0.0159808925369091 -0.173262891252283 -0.0394337987461382
-0.00525875434687788 -0.00286310891291895 -0.229079689854122 -0.342896057204922
-0.00155494901412678 -0.0261977285639362 0.324955767479761 -0.418743113484047
0.0261308056137367 -0.0288273157116466 0.723207414246396 0.236152243052773
-0.000759400188458211 0.0204360715042247 0.142426010100192 0.868409926289474
-0.0347353630776755 -0.000976265983078138 -0.397451786996198 0.480071507337739
-0.032261680243763 -0.0198249610419502 0.0604630561767712 0.0285402260858161
-0.00578165982054543 -0.000565368002280572 0.155350293160013 -0.598881876059424
0.00722670267954739 0.00216381450761915 -0.643071222594489 -0.566347394395391
-0.00205421618689011 -0.00796305930769723 -0.718692561483613 0.376941491459862
-0.0166424904367147 0.0104441569103053 0.0859719194162928 0.637112837106968
-0.00401287719036116 0.0170880255082598 0.39958289639924 0.182516834601034
-0.00799503825385937 0.00648008820694488 0.207378230075348 -0.108116706713689
-0.000406827166856515 0.0167432396334637 -0.0562329271496794 -0.212483533631535
0.00490544623127193 0.00874055444129515 0.0612481010727501 0.120179773239048
-0.00725005043696347 0.0257308656545805 -0.172914234951852 -0.0331600770354851
0.0043944069219779 0.0104528085760834 -0.2364717201231 -0.33412514315574
-0.000190954755054516 -0.01661644211681 0.3129562654178 -0.431988737854056
0.031457388666816 -0.0301216046941204 0.728909251986983 0.205261364471577
0.0103659900682658 0.0288115612205737 0.172456917481184 0.861335265870628
-0.0412247515235022 0.021597542952385 -0.385432639754662 0.490232708445158
-0.0459951573132696 0.00162334318872103 0.0551199709312724 0.0315818840493714
-0.00290807052859342 0.0161034101497387 0.165040023244536 -0.592940749601081
0.0205092708541339 0.000738775453694798 -0.627701118378745 -0.592682216467025
0.00487383861287406 -0.00987033919828912 -0.732560116792924 0.34859913373524
-0.00956970382853531 0.0183066134948719 0.0642007213475799 0.638508388898028
0.00642206620976399 0.0255255422700181 0.395849817882993 0.19671119780376
0.00158667724819215 0.0127978376737498 0.211634081770141 -0.10125317826035
0.00566229209744996 0.0197692984445186 -0.0576940276466324 -0.209877721747202
0.010454145766909 0.01051598537851 0.0609661383442204 0.127010240426111
0.00352786276045538 0.0299667421139306 -0.171771802832497 -0.0179610653974586
0.0112264084823849 0.0205494862177726 -0.259336015640742 -0.313223869208886
0.00169797973284319 -0.00803967903985898 0.271258081439073 -0.459751300075354
0.0328441508765325 -0.03258590137966 0.740724549303116 0.123648991475816
0.0239445794854168 0.035259169059733 0.252965426627909 0.830352104687935
-0.0417240404153213 0.040282729741972 -0.356356382652029 0.514833147606579
-0.0573300865895641 0.0200070436697364 0.0457204007733856 0.0440103291998535
-0.00143599392470374 0.031274947119331 0.196350969304636 -0.582092620866896
0.0295575490611455 0.00270857719518619 -0.578466533944717 -0.651432400756103
0.0111575139826516 -0.0109711826427348 -0.771263594965019 0.276967374261858
-0.00458181816840022 0.0235289146055339 0.00860849470106139 0.64532213441359
0.0131181451696862 0.0337395248661468 0.386655993708361 0.22876142395274
0.011073314718339 0.0206569809486234 0.219122541351706 -0.0836054563638883
0.0120319346611676 0.0231787310455021 -0.0583294364057554 -0.202211360149007
0.0146133382416864 0.00998789528979178 0.0586596525157672 0.135990497381603
0.0125329754587695 0.0310399479314859 -0.168821375617567 0.00196620624017073
0.0166094399889218 0.0241465916122395 -0.29066896943767 -0.284147798455215
0.000999415278811769 -0.00164509256555604 0.20391675241917 -0.495061003510193
0.0309885506675996 -0.0336869822723918 0.743542967939931 0.00749957044346995
0.034744757955614 0.0359093168083219 0.360359062176048 0.770570081781212
-0.03632648669364 0.0544293157267853 -0.30540359258584 0.547865342940209
-0.0644318305548182 0.0318555156907977 0.0306478269213669 0.0636351465896279
-0.00459028029413321 0.0427362253418775 0.244676869102271 -0.557194282017979
0.0355918454662556 0.00717916350616123 -0.496090801209759 -0.734029009412865
0.0143932951167038 -0.0113253554032085 -0.815525640195167 0.164929928189579
-0.00539820834702757 0.0281094875313186 -0.0755243284338644 0.642006301284163
0.0146455690308754 0.0399384352883595 0.366611465239352 0.271626804538479
0.0161397821496058 0.0266193915498028 0.231235960868163 -0.0571808792805036
0.0150810803232429 0.0265503531082165 -0.0578526025135621 -0.191554566025333
-0.0121195874361886 -0.00273178373750209 0.0532514566489886 0.144932467389985
-0.0457596483723707 -0.0056804836831014 -0.157740620080359 0.0110140672459964
-0.0415939447651737 -0.0292105298768307 -0.323577292654285 -0.269482787706215
-0.0300805919845661 -0.0416041179028116 0.111083804341783 -0.51985807186669
-0.00615220319503136 -0.0246214590238812 0.724015926499227 -0.105133209695152
-0.0273988169984169 0.00989200709417382 0.469602564379685 0.686823527238656
-0.0287215064971732 -0.0548252413576522 -0.235890516344689 0.572648382990986
0.0142800292351584 -0.0755203324163826 0.0277230294563848 0.0894843120088754
0.000856866975950403 -0.0575188316310791 0.311634109882776 -0.517505674097158
-0.0285857157023339 -0.000624444289574741 -0.385829250840629 -0.799886769860411
-0.0133030584102154 0.00241061715935775 -0.841509368677481 0.0516473426433759
-0.0432478455722868 -0.0170126368620266 -0.159904390958662 0.630701502086725
-0.0415943723836681 -0.0148946416940675 0.333398474492086 0.305056830725346
-0.0384729574141132 -0.0185560209693308 0.238523836566395 -0.0325858493879687
-0.0213240409812148 0.00378510372127476 -0.0537635487893148 -0.18327155868303
-0.0129440464897865 -0.00304789516468028 0.0562823541772347 0.133226718441401
-0.0444296464596484 -0.00380759185112062 -0.165022619755042 -0.0111143388066991
-0.0354029448217595 -0.0303595496443195 -0.292049437379506 -0.305635488986813
-0.0218168339328216 -0.0443929893454432 0.195714021240775 -0.492904400920322
0.00120483509441159 -0.0271557334012357 0.742685083999175 0.0276767740363582
-0.0261296387316419 0.00672507479047849 0.355147225409992 0.769896444184722
-0.0241129362695036 -0.0523222756845484 -0.299065364319951 0.541503630201772
0.00790919987692273 -0.071193614333436 0.0421028932539721 0.066489648997489
-0.00629149594219881 -0.0501644875082842 0.257430506800518 -0.550240990183153
-0.0250368659296378 0.00242556466957742 -0.499217833172196 -0.714268272638765
-0.0124107738661351 0.000396756253560334 -0.809719995450288 0.191416517772379
-0.0407848783435068 -0.0123499026952581 -0.0603722666516522 0.642980128182294
-0.0372877657578358 -0.00776950768711345 0.364983270118817 0.258026239118553
-0.0349248749666474 -0.0127862402675964 0.228203603936753 -0.0629339558460366
-0.0181871417664526 0.00526780469292492 -0.0558529330244863 -0.195130307726546
-0.0102672089324516 -0.00043795584238169 0.0586841489354032 0.124351979332849
-0.0387538172404647 -0.000136766468664084 -0.170697253997889 -0.0294916277349095
-0.0257513180831933 -0.0259760021073068 -0.260105085254257 -0.326962774187844
-0.012013469101783 -0.0417508886685244 0.262163055046971 -0.456837781171549
0.0104180830475708 -0.0279449394493878 0.736314053570437 0.138566242557164
-0.0196587336446802 0.0074460669488191 0.246552797834257 0.827508890787773
-0.0234105176624975 -0.0408401035586194 -0.349862177094204 0.509744335526496
-0.00252139218910366 -0.0573036904052132 0.053376791581255 0.0464074924045739
-0.00995821454532035 -0.0359316331639109 0.204677411221944 -0.576448596352171
-0.016749802840487 0.00492467409751795 -0.578192247132145 -0.636789486788912
-0.00970701237107346 -0.00226828974177406 -0.764158698099311 0.296317754615535
-0.0349117484988937 -0.00437973198854957 0.0209861075438024 0.641380061147368
-0.0277998583308129 0.000778355227629292 0.384665393973623 0.215512502548688
-0.0280450907646181 -0.00677724617001398 0.217957463992094 -0.0873509273394574
-0.0144823687111775 0.00916535875496137 -0.0558862108579977 -0.204226632403419
-0.00580500898231359 0.00159415804502973 0.0607880815681802 0.119703800081075
-0.030032736395895 0.00786144236313877 -0.17151356562275 -0.038870207812667
-0.0143162563634862 -0.0151817850468679 -0.237058787692252 -0.338658485231391
-0.00498701269522519 -0.0350177154728858 0.307363466676064 -0.429541455217514
0.0184511912154333 -0.0288924896872669 0.725096528095182 0.211638972215153
-0.0110285195322741 0.0119228695566012 0.169464412965596 0.856501222955962
-0.0278741481476062 -0.0230238172071074 -0.383006782836182 0.487549389191669
-0.0171195228560357 -0.0402883814655638 0.0604346631645526 0.0328232736299609
-0.0100474203687808 -0.0196728806660783 0.168514159150604 -0.589034880323662
-0.00540485731148238 0.00217096119157233 -0.623714750396318 -0.580191068335019
-0.00535848316915949 -0.0057828826276813 -0.729545329345095 0.358263543962008
-0.0260726113691993 0.00329325818904331 0.0714076846243655 0.634642562920369
-0.0167580768775763 0.0101332945561669 0.395986834197423 0.1864962041206
-0.0190344680523981 -0.000346686657062964 0.20991622294195 -0.102190721884286
-0.00740334670728562 0.0126471847027188 -0.056380002215059 -0.209712418143458
-0.000631225832896526 0.00553180881840146 0.0622037731672499 0.117046269472353
-0.0187041359299101 0.0156305470318723 -0.173558123147289 -0.0391797121162658
-0.00455709027363876 -0.00207964927415501 -0.22828048189289 -0.338666977167091
-0.00127040744742602 -0.0263483982265649 0.3240142087546 -0.41662310847978
0.0258916608851008 -0.0295084346212529 0.71923666073668 0.23645837491336
-0.000500236737453998 0.019982368798382 0.14304318127244 0.864011171380946
-0.0345931575522852 -0.00101668546915091 -0.395162885574868 0.477844974124804
-0.0322479997147868 -0.0199330917512018 0.0604272741431498 0.0287517225891137
-0.0063912315867741 -0.00234162309702226 0.153795293764432 -0.594815639194606
0.00691026259198234 0.00168493957036528 -0.639930987064263 -0.56363009834018
-0.00107945891593282 -0.00831021899149919 -0.716403442289375 0.376516068949293
-0.0166623957066782 0.0110578934217924 0.0858134779277975 0.63322167035089
-0.00359815074253367 0.0169461925420542 0.398733991122885 0.180421300565076
-0.00872671956393127 0.00707840078242544 0.206881949721829 -0.108127017695773
-0.00109368455825071 0.0168345628445914 -0.0582257117646003 -0.211348033365333
0.00518124285488405 0.00885410974691659 0.0627946726424547 0.118794834347985
-0.00675269016069764 0.0248017194257632 -0.172669469461813 -0.0320219921449864
0.00457597012221591 0.0103706242278511 -0.236919615519606 -0.330373361069942
0.000917369031372754 -0.015752552414044 0.310934259236877 -0.429306654155755
0.0305538881577738 -0.0307262367889828 0.724671412540386 0.20601307858993
0.0117260962503455 0.0283016899368989 0.172125833409226 0.858879952249864
-0.0408623007322493 0.0213475643093481 -0.384762120977877 0.487993074666563
-0.0463443758553449 0.00212768445609192 0.0548256349931529 0.0317183639237899
-0.00352262793396291 0.0154018368685594 0.162185374204334 -0.590142370518556
0.0199616309205207 0.000721239524004578 -0.625225549061722 -0.586629283465141
0.00562879279725117 -0.0103669760193184 -0.730108846114528 0.346447215737416
-0.00928978782753357 0.0181906224083155 0.0643715842203165 0.635240633817706
0.00537719634819134 0.0260851582991494 0.396217549128852 0.192576491263639
0.00271089391955654 0.0143445066376897 0.20969569944338 -0.10072504815784
0.00632149198152041 0.0202087540261586 -0.0567993507618451 -0.208985252518015
0.0104291667164382 0.0106283295849402 0.0612654333669975 0.12559926638567
0.00449635898843723 0.0303536687258362 -0.171887654775777 -0.0182966393227438
0.0110832517236313 0.0201895989243384 -0.260031074041365 -0.310583562931372
0.00224009333064933 -0.00868009500818149 0.270064172537997 -0.456776482695274
0.0324348388413258 -0.0317095458794616 0.738436806199423 0.124239684012696
0.0242927292873118 0.0340184310570139 0.251489494995716 0.826442632471516
-0.0416335553848636 0.0412231730043754 -0.353658430358274 0.512041763973625
-0.0581938887728539 0.020115793290276 0.0454387542800035 0.0442613452803763
-0.00197334929024833 0.031856323180113 0.193907630694988 -0.578775830637121
0.0298798099041056 0.00188658656369087 -0.575372619771055 -0.648702341353427
0.0116986302996992 -0.011240298543885 -0.769381956774499 0.277237933218553
-0.00410878004150651 0.0233646801333847 0.00873323446265277 0.642290386478081
0.0140017391076152 0.0334590434571371 0.384730670420792 0.226287527879859
0.0102945304696923 0.0212446267769067 0.218333932040842 -0.0843751191314631
0.0111544742727585 0.0235632272542721 -0.058494142844213 -0.201027257034709
0.0149639416623455 0.0107485234726994 0.0599024682728675 0.134670969799798
0.0125375561048718 0.031360313521431 -0.168448168210548 0.0025793947011068
0.0176119875327477 0.0249824754288615 -0.288501791921483 -0.281410067938889
0.00204191416179613 -0.00211154616803699 0.201561216527695 -0.491607863731186
0.0301432194971124 -0.0338521950940815 0.740508916326046 0.00692588368711843
0.0358744884199973 0.0352129618363529 0.360600142260241 0.766983976240177
-0.0364654041957788 0.0544982174435234 -0.305509046169145 0.543674910458992
-0.0646010397757009 0.0322061634135587 0.0303276255459654 0.064070980796465
-0.0050343848885077 0.0414505565087599 0.24431517720312 -0.55551199496524
0.0364135196848517 0.00717159068146903 -0.494478893628326 -0.729935716877778
0.0155540446174874 -0.0111142622273093 -0.810765807698737 0.166119177119358
-0.00461746404417116 0.027790881797425 -0.0765961084098192 0.639344900624999
0.0150803989629806 0.0404282726662936 0.365705938914711 0.269753844352572
0.0162246809234055 0.0268633549693362 0.230507873019218 -0.057787231043138
0.0149159533512267 0.0270301467482508 -0.058428561267488 -0.191041329369772
