TRXV5
3
4
4
9
string Extension=J
integer IsArchMeasurement=1
integer IsSpherical=1
string Generator=SPM
string GeneratorVersion=1.3.1 Dev
double ArchRadius=0.449999988079071
integer FrequencyAxisIndex=0
integer AzimuthAxisIndex=1
integer ElevationAxisIndex=2
Frequency
5 201 800000000 900000000 LIN
Azimuth
7 8 0 2.74889357189107 LIN
Elevation
7 15 -2.74889357189107 2.74889357189107 LIN
Polar H Real Part
13
Polar H Imaginary Part
14
Polar V Real Part
13
Polar V Imaginary Part
14
Polar H Magnitude (dB)
12 0xC0000002 0 1
Polar H Phase
7 0xC0000003 0 1
Polar V Magnitude (dB)
12 0xC0000002 2 3
Polar V Phase
7 0xC0000003 2 3
0.0278735688072521 0.00508505826297301 0.263294749250553 -0.346522241534268
0.0404447897696792 0.00537245231317 0.174347020656323 -0.279132801224927
0.00979146197246374 -0.00110214071248447 0.15873954030974 -0.16384388612197
0.00542609689385428 0.00717124446778068 0.176151408384073 0.0124896606118108
0.00441702461329991 0.0155090025413761 0.13784249854499 0.221126849943645
0.00091235703583286 0.0266049885264634 -0.0535439590763592 0.256266046780795
0.0177562232398502 0.0328064686542534 -0.384892530624834 0.119973496218563
0.0260730873887041 0.0227991119452041 -0.597780525823144 -0.040239631388268
0.0241941548787129 0.0265016922497282 -0.574904051543557 -0.145815233578165
-0.0058990481938284 0.00852499433760485 -0.419528018941179 -0.117191549188589
-0.019593727258871 -0.00163950950534456 -0.242175291959666 -0.105670738890769
-0.014196042539735 0.00142269294971435 -0.0800011742096454 -0.138184563359152
-0.0213986718223718 -0.00412409149911799 -0.00448118470818131 -0.193368963511592
0.00404949000383919 0.0103432802663578 -0.11673409132139 -0.353050252585706
0.00434691849218003 0.00312193386970119 -0.359538096877595 -0.491062813110768
-0.0350269503774451 -0.18868698227828 0.249678502961491 -0.298412590021291
-0.0163187551006453 -0.179026773653448 0.159370119647556 -0.245996536923222
-0.0198073353673332 -0.217639522397114 0.133019130107017 -0.133439845630539
0.0578732131726917 -0.20392619948734 0.139938444764354 0.0209181695473438
0.128091900879543 -0.167211560978943 0.112545848099048 0.21237811345466
0.186956867181711 -0.105741382627292 -0.0568524044721496 0.242751588985231
0.237603000338259 -0.0177467876743072 -0.341335571055357 0.112947770377324
0.250740258161012 0.0342322118624568 -0.539333419384733 -0.0384942043232324
0.238782116403713 0.0536482131006662 -0.54052051933027 -0.138323823432822
0.177221126268579 0.0203560234905664 -0.412626154763827 -0.11630868336779
0.156682303717457 -0.0183611192854172 -0.260511755552193 -0.11957428167561
0.137173932345119 -0.0392600232679665 -0.0973732504458944 -0.150825371402308
0.0796202208339243 -0.0997865060810537 -0.00672734089766193 -0.20475291532285
0.0889639277847918 -0.125257085974323 -0.136727103734567 -0.369501273635217
0.0308333301191032 -0.168587801885276 -0.382477087283582 -0.487041270079245
-0.0853286205306505 -0.348806401239634 0.266386171485419 -0.196030929951695
-0.0475606071802237 -0.334768288378483 0.179301401395499 -0.167124869456759
-0.0195350176000684 -0.399843505371589 0.130663638036191 -0.0772022653418797
0.131243118005518 -0.381102338568966 0.120748641816765 0.0367922285626553
0.256787556927744 -0.316862584807371 0.105915416606945 0.180890466933801
0.358578962346843 -0.206839885089715 -0.0205889430304244 0.196402834942534
0.424266499629545 -0.051588453263249 -0.227416193215709 0.0910007347062917
0.437909146820073 0.0427888363770106 -0.401127883565563 -0.0287507394243691
0.432328181043775 0.059608952236883 -0.447651101550464 -0.110249021505605
0.360892633838681 -0.00024994012567247 -0.380546308268264 -0.100890553456826
0.342430933452923 -0.0788768823631158 -0.285705442892873 -0.131994554267046
0.290718222758385 -0.128368643425229 -0.138785752422977 -0.168533921162446
0.162879037719929 -0.228240685484677 -0.0501694702181434 -0.211774145126657
0.145342939897538 -0.272049640803269 -0.198037336322075 -0.358552583098932
0.0402067712991397 -0.328225795829782 -0.424080834168393 -0.426053226910505
-0.105188244310107 -0.451078706575535 0.295789904618866 -0.0480732781006065
-0.0289510864668584 -0.433508056452681 0.215037280618372 -0.0473671727406524
0.0333706043009172 -0.507116122751617 0.136080828474435 0.0033115069162798
0.23409106214607 -0.47316808669389 0.11562858412581 0.0598204057702949
0.383245284826957 -0.388653052706287 0.123727785027468 0.134396293199097
0.488247921507579 -0.241595145772564 0.0602445310094494 0.128424681505396
0.548101863083415 -0.0546578407140324 -0.0577013962324297 0.0628805452390586
0.560244387711901 0.047473106754639 -0.19912629506129 -0.0169977897523123
0.575358242438313 0.0356265277089382 -0.293990202311878 -0.0806803557795415
0.511301374322864 -0.0703004003126131 -0.309087507380686 -0.0940009114556623
0.48775479053474 -0.197894089892701 -0.299127669262913 -0.145503221452848
0.393938587883282 -0.274912913626798 -0.195268144985008 -0.173123508379917
0.186632491344629 -0.379763046580906 -0.121196578540545 -0.185664947349118
0.145217667121698 -0.411226426760043 -0.275446389786327 -0.296894835636583
0.0204913030572734 -0.448319553658181 -0.462836935236093 -0.30558982786623
-0.093875484104767 -0.475068949013214 0.320514731747015 0.119935913450363
0.0296477743760194 -0.455401816744205 0.235548018097821 0.0975454129283509
0.122078408813597 -0.506972131202788 0.125308968550124 0.0971315059446856
0.33146069496473 -0.442248108019829 0.112733543932731 0.0906395929488367
0.461755059443936 -0.34944535913494 0.160258588686879 0.0927803579645872
0.537455513369975 -0.200153375471614 0.173393580357337 0.0712455076886743
0.582424909948269 -0.0271287505102426 0.139796741605933 0.0475928201240203
0.59845780469786 0.0491031591497888 0.037269692064584 -0.00334596637097472
0.630437508874823 -0.00830896040318209 -0.0986740890677449 -0.0687121668113542
0.569976583438894 -0.160313797118794 -0.19716788845131 -0.11647939485842
0.527610754720235 -0.325201594771738 -0.287871396956407 -0.16762324792189
0.388785802918222 -0.413476643897353 -0.245043965320188 -0.152207081455583
0.132345772841769 -0.488766288219374 -0.187633232953553 -0.113812775568113
0.0884483070766452 -0.49363247979151 -0.330482310595354 -0.175487556777678
-0.0194908588980445 -0.502691917582089 -0.476266233539441 -0.145808993200798
-0.0664027184896761 -0.422617662362053 0.330022698016461 0.282545550010875
0.0869560887712257 -0.389924135370128 0.222466397574192 0.235813639736201
0.185754621906338 -0.39612122476417 0.0855638932358685 0.174580114648731
0.35917162929089 -0.302595647424304 0.0998830268010188 0.122396758130947
0.439914536593049 -0.226975700893139 0.197574419587799 0.0760463459440335
0.478073539081435 -0.112994840302923 0.284024760178505 0.0505350713415414
0.518302767861003 0.0123886756202413 0.327306936722464 0.0564734026194719
0.542533743668258 0.0464958558434981 0.271695492149255 0.0107974874903467
0.58004014420817 -0.0457099032664652 0.102106354108412 -0.0821125558273601
0.512453866132024 -0.215657089119017 -0.0767381376498306 -0.170609703540038
0.449189220181224 -0.381240888978727 -0.258891002350121 -0.199288077047352
0.292227783147717 -0.453702998741473 -0.267077017079001 -0.11390093321837
0.0421209399754045 -0.492141589650781 -0.219601431291779 -0.0161686407460036
0.0143458745635661 -0.480128769113627 -0.3328534258771 -0.0301920441140559
-0.0555659361117507 -0.475524234203032 -0.453972166506477 0.02990467479781
-0.0468022486619914 -0.30606608067601 0.321523683981358 0.413522513938161
0.0985146989502547 -0.269210494624839 0.182088662794878 0.334745731187742
0.177875593769942 -0.235296302567553 0.0320242205004697 0.213596856870612
0.288110147451154 -0.142532041544423 0.0776760388833139 0.143588076751937
0.317496483751219 -0.0980503158328991 0.216568903441451 0.0830522569305257
0.329830037439707 -0.0329481772633071 0.360464062216558 0.0703148382975934
0.373040099196856 0.0365222451185184 0.468531253476027 0.0872502767333552
0.405582412162775 0.0391774604830644 0.467310479387957 0.0236033998670266
0.433466983005532 -0.0555003402337324 0.267633772255961 -0.110810504375555
0.367868013963326 -0.202398784760846 0.0157532656508691 -0.232317177796505
0.303717656959505 -0.328181105040568 -0.225087865674659 -0.230804412572185
0.174840617024502 -0.372406912111438 -0.259754303954908 -0.0752061929849296
-0.0222183504298668 -0.386262581096516 -0.215199932048582 0.0717243090937423
-0.0314391907856171 -0.371528052324676 -0.290393545390515 0.0996127943742694
-0.069223173292387 -0.367149738568329 -0.404009775113599 0.185715241929212
-0.0502394893014129 -0.150887278397089 0.313845984429136 0.495928616127277
0.0543916602569858 -0.133293749040596 0.147824529628909 0.385377315036312
0.0997808644722494 -0.0983360666594033 -0.00575220045380421 0.221433005672444
0.158560284186134 -0.0418558398231552 0.0604797775980967 0.152802038455808
0.151647735123341 -0.029571287127541 0.220047992602276 0.099090782638562
0.144718923132639 0.00103162322209055 0.391618615965753 0.104685315976962
0.179665259159595 0.0327496382942204 0.551352451504076 0.123216076965319
0.209650644252184 0.0289058360506181 0.59424276051684 0.0285857382743095
0.225284092341623 -0.031658724007931 0.373497412000617 -0.137742003153084
0.184858367748865 -0.122440825398313 0.0680459558108424 -0.277725208379713
0.154474335701779 -0.190937176528274 -0.196487069184879 -0.251173458416328
0.0891835042967084 -0.205441439581627 -0.235238045584635 -0.0490852526312564
-0.030066180547595 -0.209467034243701 -0.196400411332063 0.130320040897217
-0.0299688815824298 -0.204090913935662 -0.234172797356492 0.188295294700757
-0.0459531341463937 -0.200973489362983 -0.348968721459067 0.295866253908223
0.0280500846689621 0.00446381739468578 0.259955882469723 -0.352358392723944
0.0402861854024704 0.00490038472421651 0.172343545465906 -0.282061390651604
0.00953669444040425 -0.000831062978126743 0.157907753770061 -0.16508774669245
0.00488573346066661 0.00756535022820424 0.177271722617336 0.0110734245261956
0.00459750287132752 0.0156615249806716 0.141175259586073 0.219707890721409
0.00164295448602974 0.0261010247152449 -0.0514912575775664 0.256138133579969
0.0186584909052704 0.033218492053665 -0.384997772367562 0.123974682855492
0.0267757307558766 0.0227858836937624 -0.599115149354862 -0.0343810862554627
0.0251590802959894 0.0261228603963036 -0.578956610570181 -0.139190877219866
-0.00587349463181422 0.00937660170311673 -0.420929348161584 -0.112949990255469
-0.0197005771435523 -0.0011659419991409 -0.244495933891291 -0.103361401763003
-0.0144289225020683 0.00156442929288403 -0.0820494021546502 -0.138003671828343
-0.021890689518248 -0.00355912670590507 -0.00554455969831189 -0.193402884412198
0.00425161732526392 0.0101724026699235 -0.122113583381819 -0.351050644079813
0.00443397449839903 0.0033967996664971 -0.365453058005255 -0.488383529445854
-0.0381224959447817 -0.189194514290939 0.247992530229826 -0.303042562645707
-0.01854379548083 -0.179438930307954 0.157430511515466 -0.249138087693928
-0.0229918919210412 -0.217151854382218 0.132814708898539 -0.133934336442412
0.0551541770134016 -0.205581622340326 0.140818703543951 0.0202075428665363
0.126196559669243 -0.1691130802904 0.116312906847156 0.211505426968588
0.186855110264731 -0.108117986741705 -0.0539811440097938 0.243189509151396
0.238475394091563 -0.0194871721081483 -0.34157151611591 0.118194409478236
0.251859156160395 0.0310560001186076 -0.541937663208666 -0.0305692513357492
0.240367737973231 0.0507650285390448 -0.54445461046656 -0.131993320556862
0.17753376887522 0.0196388948185235 -0.413859682290057 -0.111857729235801
0.156327693518833 -0.0196611595947188 -0.262772048797321 -0.11640328825866
0.136843876139918 -0.0410749678354829 -0.0991569525081045 -0.150485420650692
0.0783552205936737 -0.099566398563746 -0.00857005918215101 -0.205220925517979
0.0882159930084767 -0.126421673096155 -0.142580058015817 -0.368561929908375
0.028751526454773 -0.168711608363827 -0.389175418981481 -0.483943044593279
-0.0902087383152368 -0.349085063893063 0.267040530515766 -0.200359349853258
-0.0519469995765495 -0.334623283456548 0.179073294178273 -0.170667468792965
-0.0249338650218034 -0.399688964029625 0.130910919440127 -0.078724058946562
0.126493603223578 -0.382309258758278 0.123143819430057 0.0359091220180578
0.25373848366156 -0.320953799494908 0.108515089002426 0.180320793136487
0.357033464578729 -0.209970727169592 -0.017865988165421 0.196281974800051
0.425286012653477 -0.0554123646179941 -0.226147073985868 0.0933509419239813
0.439999091505629 0.0388901633294585 -0.40240089768554 -0.0241518627016759
0.434280685178361 0.0549995735732077 -0.449910004770799 -0.105384472484578
0.362227564875266 -0.00403963045246752 -0.383608477402177 -0.0978484804127316
0.34107346576531 -0.0812862694754972 -0.288394677699837 -0.129058171658146
0.290124772474211 -0.13226354602804 -0.140845603733358 -0.168221520737495
0.160333130647358 -0.229150568499996 -0.0514748796692831 -0.212797887869079
0.142883700915821 -0.275085162574539 -0.203230865432001 -0.357137017505042
0.0365510416610095 -0.328853770409454 -0.430318774989143 -0.421118817801715
-0.111743729345189 -0.450194980526682 0.297744720001612 -0.0523488960257923
-0.0326083704106307 -0.435206370955024 0.216208240341027 -0.0503015205173695
0.0273074354563818 -0.508750439491054 0.136984531148222 0.00138074607366358
0.228780242800267 -0.4764700330531 0.117442432339568 0.059104813507273
0.378612981386285 -0.394316488140807 0.126413060197795 0.133704037385355
0.487298647326473 -0.246965014881553 0.0624450559156197 0.127586421679818
0.549355181310238 -0.0601256576049512 -0.0559229143759858 0.0629661350596641
0.562556842102889 0.0419919120024763 -0.199936576941911 -0.0144407865450443
0.577220674115953 0.0290734463942615 -0.296207924852436 -0.0769474651012598
0.512444321181953 -0.0757456370108724 -0.311072613987655 -0.0899602917852118
0.486844601000246 -0.202958270230338 -0.301974820081727 -0.141672441274393
0.392541584531131 -0.280717166445057 -0.197409786951463 -0.171929983921933
0.181794702009783 -0.380987279369859 -0.122341488227332 -0.186340487609384
0.141256149150219 -0.41435129375819 -0.280746117497535 -0.293753213591712
0.0145283891790443 -0.449569643205052 -0.46882999711706 -0.300359499346942
-0.0998368121049313 -0.476152556398737 0.325445309453759 0.115636440202893
0.0253907867806482 -0.455410772736067 0.239345810399799 0.0946449736891355
0.115699511770598 -0.507583470464125 0.128132533602062 0.0952640916650015
0.328120738474869 -0.446586250526913 0.115289755014308 0.090299376791511
0.458541577664592 -0.355924928883841 0.161906146762537 0.0920249320369888
0.537188419437238 -0.207621026848667 0.174287715766507 0.0689540695478287
0.582689378298521 -0.0324662904083962 0.142034234055267 0.0464370503673425
0.6005621558395 0.0427222821433397 0.0373193129021086 -0.00309020496570084
0.632650840456479 -0.015655588373881 -0.0993672016115764 -0.0670560711044682
0.57105437404076 -0.167465723397175 -0.198737165884342 -0.114113687412153
0.526526587520726 -0.333247798912175 -0.290939995251668 -0.163746567649909
0.385229308759355 -0.41996890456617 -0.247082918970305 -0.150223007395013
0.127878680827763 -0.489486693197996 -0.188630688424131 -0.11409629734454
0.0832921831729538 -0.495803155942813 -0.334404219166281 -0.17251566165507
-0.0251820579245218 -0.504381341263536 -0.479428974565578 -0.138475386583767
-0.0712295506118024 -0.423288769903188 0.335148832529495 0.279029276045393
0.0824927993238044 -0.392998449603326 0.227407200459598 0.232944747503755
0.183011101024874 -0.398094151019638 0.0887034291913259 0.174429536541281
0.358141319511783 -0.30764866915625 0.102097302348225 0.121722183716238
0.438368398681497 -0.23135539588679 0.1989348214071 0.0747879362359813
0.479109577368764 -0.1175184906312 0.28562859867482 0.0476939494807317
0.520228964799898 0.00607514134856164 0.329662181878876 0.0533381625490713
0.546497252328117 0.0409342013769396 0.272885070414246 0.00827490346055138
0.58180364343719 -0.0518254250019029 0.102410834727108 -0.0834738499603236
0.511711496904971 -0.222613392742882 -0.0790558261591462 -0.169311270099254
0.445425195206193 -0.387419030026649 -0.261626432346331 -0.196040812286866
0.288510976635896 -0.460541724724424 -0.269290279919227 -0.111392288958548
0.0359359309435202 -0.49299548476213 -0.220160450747078 -0.0157921514751943
0.00893878785751238 -0.482128664739819 -0.335697124294543 -0.0260394953248542
-0.0625638041026765 -0.47522842584894 -0.454772727371263 0.0361327057895982
-0.0501090722492988 -0.306121791929 0.327435875443215 0.410861943318871
0.0963808296029768 -0.271515437799363 0.187188596116706 0.331830469210445
0.175879760339723 -0.237716353827204 0.0354152506480459 0.214223172860383
0.288569666430331 -0.145101839653602 0.0805855826439916 0.143036621582985
0.317546408277759 -0.101148254338637 0.2175120772473 0.0812752493024582
0.330188606591036 -0.0373207879075326 0.361184909982621 0.0659690661142915
0.374560038942573 0.032254764703504 0.471547802963743 0.082745761760437
0.408170303554455 0.0348356261183339 0.469142367403131 0.0178764042034609
0.433862373182237 -0.0602254804439176 0.268725632646879 -0.113215412373148
0.366940896487592 -0.20644645048751 0.0137873327974642 -0.232980806037461
0.300205944775545 -0.333422380569957 -0.228461315013534 -0.227813322598811
0.172121930620652 -0.377037633654013 -0.260696808960914 -0.0731980052042323
-0.0268754433408882 -0.385609250746271 -0.214963026040431 0.0728619323625166
-0.0356984645914951 -0.371860057482273 -0.291479978939401 0.104048569433164
-0.0741579533667137 -0.366893539250537 -0.403990241264667 0.192415204973797
-0.0521185328046924 -0.150794406911653 0.321164973392332 0.495525928033541
0.0534978674281855 -0.134500287950683 0.152988436355027 0.383059498472229
0.09942252136404 -0.0993827554449554 -0.00295558776575362 0.222130053620078
0.159297130222314 -0.0440979344412183 0.0625399022887767 0.153081783913059
0.151373172028438 -0.0308476565422826 0.220754617322761 0.0974409132335578
0.144836038762254 0.000203181430807629 0.391951070368868 0.100570261675944
0.18063232499828 0.0308853040757808 0.553149554872541 0.116490412693496
0.211662430218329 0.0266210932161611 0.596247460386102 0.0215454665571784
0.225872105727619 -0.0344997986786184 0.374040021278559 -0.141838633500029
0.183813750116284 -0.124983690050308 0.0657732819984761 -0.278654279688387
0.152264154678907 -0.193453165378012 -0.199776489062033 -0.249249689529917
0.0872805510704016 -0.207921977392422 -0.23636350022964 -0.0468379917125553
-0.0325108450280074 -0.209441847480727 -0.195600989337054 0.13167333964935
-0.0319795833677235 -0.204538851473404 -0.234049839355532 0.192462118790937
-0.0486427777570485 -0.201445691734001 -0.346792000243134 0.302972535636184
0.0278625283178219 0.00414625156809018 0.257025383866464 -0.356838643147231
0.0400590867746156 0.00472083531497487 0.171009046624725 -0.285351096195352
0.00949552881087028 -0.000968265783375184 0.156286904795619 -0.167185777251947
0.00481582030472383 0.00772052475028792 0.178446762825679 0.00945625617939594
0.00458246735787942 0.0155079478604353 0.144631552560127 0.218735378569205
0.00217940272317654 0.0262514209182812 -0.0479251384380814 0.256036649174292
0.0207223822867739 0.0334040620054654 -0.385304577563529 0.128703518965583
0.0275687861382026 0.0223559198961456 -0.600873439878345 -0.0253384220703805
0.0261375458778909 0.0259396239310905 -0.582789940234432 -0.131761869638029
-0.00531495439364285 0.010116170654264 -0.424347497474736 -0.108676938515785
-0.0200170150693343 -0.000553052022850276 -0.24642451568124 -0.100397650621983
-0.0145042329493903 0.00190491656953248 -0.0840267034087658 -0.137834993915007
-0.0222611340594746 -0.00262856573581143 -0.00719365850956479 -0.193549647692149
0.00439071723975225 0.0102063456646115 -0.125746087282436 -0.349748546766136
0.00476070850178474 0.00387147006030579 -0.374461847278026 -0.483801936886425
-0.0403298080538888 -0.188974151112212 0.24610941026372 -0.308087401462317
-0.0201977314668488 -0.179940479839078 0.156131582253552 -0.252418063711206
-0.0258909925354169 -0.217105536568863 0.132360890365311 -0.136029603951158
0.0524784086765982 -0.205979147099763 0.142068028897806 0.0186574979525872
0.124287588581502 -0.171186386934647 0.119076157173801 0.210862466226381
0.18632854092135 -0.110786442992177 -0.0509706347611709 0.242676835363697
0.239518250988773 -0.0216166620901276 -0.341595745908242 0.120120521043527
0.253633584648342 0.028636115158357 -0.543300839141848 -0.0243328487681143
0.242031498386639 0.0479192619041802 -0.547749388266969 -0.125403617083393
0.177992604785156 0.0175018668476276 -0.417568709145754 -0.106827839520144
0.156074060845291 -0.0216657090510279 -0.264993861103095 -0.113646951514292
0.136195540206831 -0.0428520822185366 -0.101516126650915 -0.149547871595477
0.0762702259125248 -0.09975334184592 -0.0098307833917087 -0.206537701740035
0.0872746945086571 -0.12748073597199 -0.146744346418809 -0.36730187087713
0.0264057523017435 -0.169507124478358 -0.398760477302901 -0.479392797414413
-0.0946487825058422 -0.349811784538675 0.265069636177566 -0.203222376750209
-0.0550222539907777 -0.334532336259689 0.178872777318053 -0.174053511478227
-0.0289112129985605 -0.400483841576296 0.130515215556933 -0.0799126177130716
0.121670472728994 -0.385177801195397 0.124031126175576 0.035302107347656
0.249933832661548 -0.325171228855912 0.111071541821766 0.179263952554051
0.357304838267594 -0.215406994609747 -0.0159965221392488 0.19518727717414
0.426806223503836 -0.0587957579796855 -0.224601497559817 0.0950666824983739
0.442497214747784 0.0334245066930385 -0.403373710328098 -0.0192796400865174
0.435314842233843 0.0508547569771924 -0.452300984345328 -0.100109886251103
0.362788606283434 -0.00781787785807782 -0.38549945853396 -0.0930398212508253
0.34101577604151 -0.0861903895164688 -0.290725206663358 -0.124800342242632
0.288912929697542 -0.13607728319382 -0.142970256510866 -0.166814146769124
0.157460681339006 -0.230347886113318 -0.0528353638910858 -0.213911543760852
0.14018819834491 -0.276942153914523 -0.208054928724182 -0.355147273996278
0.0317001767954013 -0.329403196147691 -0.437378598988153 -0.414939641175257
-0.118193518600118 -0.449301511634866 0.2995114919029 -0.05589018568562
-0.0386359932120401 -0.436097563645039 0.217143828079247 -0.0529574147932252
0.0216160523525506 -0.509180002637634 0.137993118863568 0.000396977788548723
0.224873084565663 -0.480385930233899 0.119015596954629 0.057772300005423
0.375046187666789 -0.398447685533049 0.128480700939456 0.132306649142997
0.486230503015609 -0.254679452280061 0.0637431180203875 0.126409899332308
0.549766592357126 -0.0656635324423811 -0.0542235908071521 0.063006043095816
0.566717795885601 0.0356453619877979 -0.199909006365533 -0.0119411601938432
0.57871978486527 0.0224249551461981 -0.297959713437426 -0.0727027894829391
0.512275428381902 -0.0813523089342596 -0.313183303642151 -0.0856980141518831
0.484603410814835 -0.208741349613683 -0.30417217958273 -0.137650017787282
0.388911400215623 -0.286647411191603 -0.199656500750266 -0.169725684802002
0.177693328414286 -0.38223670222789 -0.124006330384861 -0.187049554229516
0.136625163893717 -0.41628414672241 -0.285882067595527 -0.290357714714629
0.00963684448307548 -0.450952966872236 -0.47359365095135 -0.296132652754118
-0.107501190426812 -0.474829344097709 0.328750525076356 0.112215638261325
0.0200387148403634 -0.457843272615704 0.241428056412423 0.0919796557310774
0.110585140729961 -0.510535605961016 0.130037489897294 0.0942302335706813
0.324253483515411 -0.452179875819528 0.116906683471052 0.0889708150298899
0.454672540535084 -0.362389978909662 0.16380559469916 0.0907101598690809
0.536922264182747 -0.214868423140506 0.175502789959077 0.0661725312635486
0.585070179471596 -0.0384907086254517 0.144358586633856 0.0437880900720799
0.604887704435271 0.0362693420438218 0.0377309282268193 -0.00447290065480754
0.635089706619008 -0.0230233798652957 -0.100253414019176 -0.0655805143042809
0.569310815466327 -0.174392869615398 -0.20038307969132 -0.111405050401853
0.522083974177645 -0.339105579739876 -0.29370475263349 -0.160086309557034
0.381344311721371 -0.427212559700771 -0.249047972046821 -0.147835795483947
0.120972473115209 -0.490560198160617 -0.190030190125624 -0.113788459725078
0.0783579792367001 -0.498864412173617 -0.338578664645595 -0.168221993192403
-0.0313774896557734 -0.504093629604028 -0.482362426778771 -0.133251154797182
-0.0771131905007879 -0.423237603567098 0.340031813107279 0.276695835917587
0.078205219148444 -0.394866825172947 0.230480871421463 0.230998163038452
0.179564874488144 -0.400503057281855 0.0916192151536562 0.173445057418337
0.353994069824603 -0.311672770539275 0.105050172109847 0.121760784650834
0.435900956059903 -0.237237642885728 0.199739503077473 0.073004670965781
0.477356092838571 -0.123653494724566 0.286207980899452 0.0443274398577709
0.522225845978718 0.000517912300657997 0.332047013470011 0.0491429921511955
0.548534484310937 0.034942976148759 0.273782840518605 0.00479111063192741
0.582981906215306 -0.0592501027857715 0.102236389358404 -0.0836914457848738
0.510639308952572 -0.227796244792567 -0.0806672346544625 -0.16795273437476
0.441189520369326 -0.393735873420342 -0.26501084050565 -0.193121675359746
0.282888391215122 -0.465837586252086 -0.270527119498511 -0.109097451658922
0.0307550937291462 -0.493523685951094 -0.220327595983423 -0.014641273739737
0.00334542844324247 -0.483388484759667 -0.337946551864124 -0.0210681718771368
-0.0688089142549713 -0.475573063334893 -0.456156560772101 0.0439888848917968
-0.0543591813101856 -0.306653888401712 0.333952698611834 0.408101974983266
0.09369510790455 -0.27334324524239 0.191389783534859 0.330081724988654
0.173835561961925 -0.23974182237363 0.0382201142582704 0.214192558704304
0.288197036260475 -0.148640447821745 0.0825475455065524 0.142738137573939
0.316646761460397 -0.104910308265223 0.219216112703003 0.0794322671531471
0.329441446007625 -0.0391489630684336 0.361156216955543 0.0617172071329662
0.374795253334147 0.0284620735091899 0.474990199199067 0.0768324967503899
0.410789042446245 0.0302308064667171 0.471913673844867 0.0118654731435591
0.434292877270576 -0.0654517113358149 0.269285449315885 -0.116213705137501
0.365628276580666 -0.211659843577569 0.0117164897013988 -0.232923910023488
0.297247391930765 -0.338040310152633 -0.231375173945166 -0.225219817172653
0.166927285984899 -0.37954712358289 -0.262053974636 -0.0709052122882572
-0.0320384090885169 -0.384918646969486 -0.214707340010554 0.0741310939179601
-0.0406155349329756 -0.373617155091647 -0.292660125970139 0.108816403365503
-0.0777956528204285 -0.367325020734817 -0.403306589210224 0.199801794439401
-0.0541831131206674 -0.150182401024374 0.32843915867036 0.4918611966373
0.052556564913274 -0.135605342618234 0.15772929858221 0.381343407756
0.098820584031764 -0.100528545556646 -0.000183340976133963 0.222621374229778
0.16049498265344 -0.0465889322536449 0.0645949852122433 0.152440970842926
0.151394583862234 -0.0325376426698726 0.22215702703943 0.0956906448273318
0.145406606612531 -0.000978589906865328 0.391931385038272 0.0965388563544176
0.180870629711897 0.0288161193353245 0.556977882242826 0.110222133125011
0.212922162312283 0.0240319299733109 0.600173006517355 0.0135870520104092
0.226094135344016 -0.03669454084381 0.375327911762674 -0.146866761532517
0.183051023940195 -0.127081952055313 0.0628826886409942 -0.279616230466884
0.150411707718372 -0.19591921944969 -0.202870763701689 -0.246628058413986
0.0851213571408102 -0.2103756015622 -0.237585533726025 -0.0447620882462384
-0.0349963767561235 -0.208452873684888 -0.194275402710245 0.133148767160031
-0.0343970633473939 -0.204694816234115 -0.233983043538084 0.196725280915508
-0.0507062589507338 -0.201397473311076 -0.344677720399955 0.30915348890055
0.027230664043439 0.00383656841595929 0.253305516747668 -0.360436341025931
0.0403057425243243 0.00337265987963761 0.167658298215314 -0.288165237067061
0.00897371377065528 -0.000673038421569582 0.15542257575099 -0.168230359446219
0.00484285664999356 0.00753440207578711 0.179224797660393 0.00677776120664121
0.00469001396358917 0.0143914291582674 0.148038167460742 0.21721222343347
0.00286317266551432 0.0266207181656378 -0.0454275044972165 0.2553340837508
0.0216283197509293 0.0333390898205574 -0.385296210840195 0.133571776991475
0.028279278450857 0.0219720178870548 -0.602014779396663 -0.0163505090000768
0.0270167841050557 0.0256960790085934 -0.585478208169389 -0.124490695223394
-0.00518383350693606 0.0103650960761903 -0.425312612687725 -0.102727028704621
-0.0206625811309213 6.93727719656709E-05 -0.247921630488482 -0.0968956189428037
-0.0147028292090939 0.00166375420919317 -0.0862057034450718 -0.136486991084819
-0.0231882126985071 -0.00176232137792333 -0.00933051546915763 -0.193511360054492
0.00483320953770685 0.0100277217744998 -0.130687551420449 -0.348751443839314
0.0048778833472293 0.00423914422613442 -0.381949551150104 -0.478463759315971
-0.0438201828839516 -0.188804591642205 0.243192720323955 -0.311307386129347
-0.0226584147346793 -0.180053436627962 0.154106522748891 -0.25472131962014
-0.0292190547727704 -0.215754005353819 0.131074143389488 -0.136902036628746
0.049837646024264 -0.206846905310706 0.143030517102983 0.0168112009593791
0.121832761482535 -0.173137865791176 0.122821558943337 0.209455997516744
0.185460855270984 -0.113424899294921 -0.048025340926789 0.242220192153374
0.240223422439042 -0.0243470906027533 -0.340405236837772 0.123649864150886
0.254368630985334 0.0258478545765402 -0.544381322271436 -0.0173641133072587
0.243022833397286 0.0453342115215582 -0.548857112878217 -0.118491559724924
0.178348909730216 0.0159953829409836 -0.418444380631302 -0.100568811822401
0.154728998639007 -0.0230710813407448 -0.266285905567383 -0.109639301739596
0.135602729622421 -0.0441915253521592 -0.103291228023692 -0.148494013575951
0.075295287141845 -0.100195350705408 -0.0117154141557896 -0.206543978781083
0.0857105805308588 -0.128694004167205 -0.153156101369459 -0.36324316745019
0.0244278197535786 -0.169175760915318 -0.405798697581952 -0.472768105726857
-0.100001946344481 -0.347445365264965 0.263598963234593 -0.208970344682588
-0.0591345373973195 -0.33501683932865 0.176724362224613 -0.17648644449674
-0.0361274276252944 -0.398403499731749 0.130841169869822 -0.0809595281188567
0.115521986147132 -0.387019104714819 0.125136793040042 0.0336789562028932
0.244755191979027 -0.328913904033562 0.114458286336935 0.178234811760002
0.354542211171708 -0.221296778916173 -0.0130538881012376 0.195079304374992
0.425299673952221 -0.0637913687875975 -0.223632956586645 0.0974426080682949
0.444458729670645 0.0278010783814531 -0.403956720214426 -0.0142036204231145
0.43771014898747 0.0445633872268272 -0.454919944514168 -0.0951680346634518
0.36272952897929 -0.011537309757116 -0.386474229132496 -0.0882146927441077
0.338364344557657 -0.0904282189207536 -0.292960961983597 -0.120890342980094
0.287765244476035 -0.140260681839661 -0.145350632126235 -0.165141150830478
0.15414401481315 -0.231117780039548 -0.0549842438677115 -0.21435106965576
0.137375228200751 -0.278903916070388 -0.214010314542037 -0.352182926148955
0.0278563092639258 -0.329180420240079 -0.444497031182504 -0.409963510703068
-0.123419733082677 -0.449061513755561 0.29861087800104 -0.0607565502471502
-0.0418146821951051 -0.435503634112002 0.217730822584646 -0.0570913091746554
0.0157959832489323 -0.508565833533598 0.139024397444776 -0.00191589398888002
0.218535454375332 -0.483856517960303 0.120423451405777 0.0568076451426858
0.369509692824229 -0.40375481098439 0.130183601373122 0.130968943686511
0.483748728632314 -0.26051413386078 0.0654934491210257 0.124919224748538
0.549102652653018 -0.0715453983178056 -0.0522459630601854 0.0628949088545141
0.567507492492498 0.0298123825005478 -0.199778252896775 -0.0089981346351725
0.579721331179486 0.0139079777688141 -0.299297636545687 -0.068584995262567
0.51089087962112 -0.0879150108245046 -0.313711938911538 -0.0812144620014827
0.480951546253291 -0.215304246995154 -0.306587139490999 -0.133463665041283
0.387297485026767 -0.29252784287976 -0.201811027107844 -0.168007912519712
0.172573130640882 -0.382780061355287 -0.12546051749798 -0.187492558428167
0.131725473531572 -0.419065469628778 -0.289713561627931 -0.285699685454529
0.00189259659046722 -0.450376916231871 -0.477804953496125 -0.286741018169453
-0.112441193366795 -0.474143947296651 0.331061635300182 0.107807543698362
0.0136713332402219 -0.459000750713447 0.244027064683104 0.0888097324608704
0.104638207530316 -0.511532229812077 0.132153246585611 0.0916567677880414
0.318458584170066 -0.454779154087999 0.118855054204629 0.0878206408655108
0.449296175736106 -0.367466327991259 0.165298320976273 0.0892564074344429
0.533407381616818 -0.220775402836189 0.176514823437444 0.0636474715355001
0.583848703321239 -0.0463095317047393 0.145887660134543 0.0416729239129994
0.605284153635219 0.0290676765014619 0.0380865173939618 -0.00388534842202855
0.635324925490693 -0.0314406033218407 -0.101024982404143 -0.0640016059039346
0.567747251866676 -0.18011531518136 -0.201041468678246 -0.107957192450954
0.517940532953621 -0.34637128046337 -0.296707248590198 -0.155752127109006
0.375035277323469 -0.432833275479895 -0.25078303465122 -0.145364527806208
0.116063961711245 -0.491603706008098 -0.191075739774537 -0.113490026058263
0.0713921519009606 -0.499565629130108 -0.341590466346493 -0.162557547731268
-0.0384852143662565 -0.504203162273773 -0.484710130435631 -0.125550579008013
-0.0825187549875327 -0.422262107166874 0.343709959911494 0.272191260885554
0.0751066828920592 -0.397746159277337 0.234583585913028 0.2264396724844
0.174078510654129 -0.402350726036183 0.0945523998932599 0.172894856460532
0.351243459284263 -0.316277485664054 0.106747328604027 0.121151799161802
0.433329005918792 -0.242673564133429 0.200701274181389 0.0711651630682238
0.476572201179546 -0.129105036470387 0.2859176489127 0.0408093396568352
0.520820342011112 -0.00596260565749736 0.333117003391319 0.0451421227358599
0.550981691531995 0.0278284038003554 0.274823123602652 0.00151126454443612
0.582182050310385 -0.0675624563154925 0.10185204085723 -0.0849740166566808
0.508895874689401 -0.234960511227103 -0.082806999000605 -0.166847846879402
0.436814921119538 -0.399586972481877 -0.267560055234436 -0.189172632404807
0.277356311434439 -0.470535027326176 -0.271843166355976 -0.106425327407689
0.0245844965194811 -0.49183117115968 -0.219987114570324 -0.0140702787259787
-0.0019915470927145 -0.483909297948461 -0.339455896008289 -0.0164508210034843
-0.0754907986229346 -0.475806159663056 -0.457002368520337 0.0506312715516863
-0.0584171679269166 -0.306070451267129 0.340198240216925 0.404544857601323
0.0903264462363399 -0.27532873922693 0.196146499767316 0.328691310188506
0.17107229673058 -0.241530135483753 0.0427182459318231 0.213580466172706
0.286834580658933 -0.152628048113918 0.0851444206353842 0.141975063581246
0.314561439210732 -0.108484416202601 0.220066971943063 0.0774552785704015
0.330039338532063 -0.0428191001784844 0.360357153231272 0.0574954198274371
0.375520126626937 0.023800861174462 0.47713388627151 0.0705397755156833
0.412201016878984 0.0249686918181033 0.472223074807099 0.00645539905196337
0.435391087432696 -0.071191927314027 0.269460863695382 -0.119481878278237
0.363221499898974 -0.216464467290042 0.00878240649373763 -0.232777891376304
0.292484120878826 -0.342508179355252 -0.2353601814526 -0.221298157187189
0.162618929150942 -0.383565301270184 -0.262873298125684 -0.0682798071439807
-0.0361966090044803 -0.383261581695537 -0.21391506130405 0.0755989161920581
-0.0452899640054584 -0.373141960055513 -0.292856189194321 0.112926677425153
-0.083233098930381 -0.36634462702808 -0.400856169235155 0.205787175636458
-0.0557160294690824 -0.149492905435361 0.336612801285077 0.48705561845827
0.0509196554563252 -0.136700075019639 0.162789170451437 0.379274964778097
0.0974423315382989 -0.101923471000012 0.00327161555875506 0.223483596508199
0.160211193965151 -0.04870549068396 0.0671022383217811 0.152433319094708
0.150467949532655 -0.0340180245158216 0.223190794480478 0.0933868359149826
0.145375524460888 -0.00172440018931998 0.394097108403553 0.0916147887110301
0.181229857031318 0.0260721409574386 0.558495124306919 0.103530710638707
0.214289850603939 0.0214606281357126 0.60106284215232 0.00492561124844263
0.225993041312809 -0.0397899288154791 0.375997128916338 -0.150607940522204
0.181407697324559 -0.12944524615327 0.0599648775390069 -0.279561272862366
0.147461885845674 -0.198340431799675 -0.206567170771161 -0.243695623424358
0.0825320670351096 -0.211928404263182 -0.238284157262967 -0.0428506777995013
-0.0373296459097878 -0.207107501600358 -0.192721290116245 0.135136681468598
-0.0370256358853991 -0.204417187484885 -0.232613758718201 0.200391684110285
-0.0537405562334285 -0.201130321157266 -0.3422986609888 0.315903159401322
0.0275902863127006 0.00334757084561754 0.248345298333366 -0.364606550888397
0.0398549588814916 0.00304730277740092 0.164705919154066 -0.291072872089427
0.00852368054603065 -0.000392657355594593 0.153832488294603 -0.169280559257114
0.00433723302654451 0.00819732776738313 0.179653357384193 0.00522519727744311
0.00457258494927932 0.0146460563463198 0.150911968288274 0.213930779498065
0.00387920079362135 0.0263127873634925 -0.0419838818934415 0.253674204793282
0.0231101887248895 0.0331238973171077 -0.384498482595252 0.137381179026385
0.0290430203327356 0.021460688936742 -0.601648097504473 -0.00783263769024807
0.0278490130771875 0.0247085785202814 -0.586747541867469 -0.116986989126894
-0.00519032759889334 0.0105602075485418 -0.426636590299806 -0.09667636444112
-0.0206502722750912 0.000449546546181245 -0.248339002152459 -0.0935721183915606
-0.0148038952537194 0.00234042210005637 -0.0879528187056214 -0.135742806203477
-0.0231299004744484 -0.00109078380207426 -0.0111493367530064 -0.193034676246574
0.00503947329443936 0.0102121393175252 -0.135767553579634 -0.345999055591395
0.00476148694622603 0.00468622316570164 -0.387392266661797 -0.472150881256352
-0.0464727445059044 -0.188236612531931 0.239025351970169 -0.315403229829203
-0.0249207255686124 -0.179293361877657 0.151271761400866 -0.257851274790667
-0.0320242099778361 -0.215337685469854 0.13025809418492 -0.138157350719344
0.0468586395505236 -0.206768851531731 0.143764240428931 0.0154264737992082
0.119125889669235 -0.174910939697946 0.125822016692622 0.207272891794417
0.18422871585347 -0.115631810188023 -0.0448129910902885 0.241213276774234
0.240571019856875 -0.0271946327860542 -0.339008330343487 0.127610114408862
0.25513969526338 0.0224117806609529 -0.544553430079876 -0.00978325681655767
0.243854628930712 0.0423276030197826 -0.551292256914498 -0.111626122270487
0.178226801137071 0.0144460748986085 -0.418229639440766 -0.0950964243054232
0.154040123831009 -0.0243360673502202 -0.267754858871213 -0.105699424832426
0.134486299144405 -0.0459450089878778 -0.105293015727254 -0.147306921334842
0.0731846147221241 -0.0994468887189438 -0.0134308934520828 -0.206810952215294
0.0845752176022807 -0.129843733934048 -0.158378880231421 -0.361309146529325
0.0224673213402989 -0.16969385558303 -0.412333254863087 -0.465686917465739
-0.103546518307392 -0.346460742439875 0.261579955730667 -0.213590078105906
-0.0641244028145227 -0.334437135535421 0.175441882989182 -0.179162015624381
-0.0407911278248476 -0.396619307017057 0.130433974100921 -0.0824692563838728
0.112253488760116 -0.387917299861535 0.126086701973198 0.0319703597751591
0.241577625033893 -0.331871650059806 0.117679967422163 0.176410632239871
0.351949351961621 -0.22584672439046 -0.0107355286372671 0.193341970594726
0.425995616532078 -0.0690918971391247 -0.221543169060882 0.0990948052944115
0.444330054397761 0.0218439998919722 -0.403478138542222 -0.00926176453349488
0.437446498146798 0.0379445503119512 -0.454874925280671 -0.0879261650160791
0.361408840461328 -0.0151201797849425 -0.387249517000617 -0.0814395015923998
0.336680346092653 -0.0938154118736986 -0.294155578076229 -0.115725691741417
0.285497434235235 -0.1441701671039 -0.146920073254781 -0.16339057204766
0.151304678280211 -0.230604650955148 -0.0564762368328391 -0.214538900125528
0.133943829302174 -0.280422572403248 -0.218644432917479 -0.347987104556898
0.0231723030311628 -0.329041688024271 -0.449221144700854 -0.402820915209668
-0.130412280872858 -0.447340470826022 0.299384720109037 -0.064989692442622
-0.048500908623473 -0.434853331551504 0.217729081744901 -0.0597026521279249
0.0097103504668291 -0.508015584129135 0.139986108671733 -0.00307657171392619
0.211741982824961 -0.484583504269265 0.122162091627906 0.0550606586780358
0.363897180161191 -0.408537205169954 0.133603797420392 0.129384711669901
0.479857164042757 -0.266402966799066 0.0670865231750577 0.122978106554235
0.548756429526368 -0.0785379206374251 -0.0509126577734135 0.0633438419082835
0.568612463930741 0.0213681045497191 -0.199855767745473 -0.00605996742108587
0.579701434902196 0.00728142529777754 -0.299706902689568 -0.0643030535107017
0.509787057278523 -0.0926235380414116 -0.313957217693595 -0.0772457386509706
0.478989609748338 -0.221397281014812 -0.308133260345197 -0.12876834129686
0.382420213542819 -0.298486496266008 -0.203808935262046 -0.165867743467612
0.16762681002689 -0.383519643333267 -0.127238210643388 -0.187290001189691
0.126837632361099 -0.420189392554461 -0.294809629130755 -0.282534191899707
-0.00337237860894791 -0.449273062103354 -0.482099099719542 -0.280258163546415
-0.119674395681019 -0.472490662270988 0.333336881032267 0.104089803768906
0.00902224107116373 -0.460104427815819 0.244943320773017 0.0849347339219238
0.097374888470137 -0.511269446037287 0.134219627819846 0.0906908940413688
0.312484678206679 -0.457917273276553 0.121615917183504 0.0864262732524864
0.444047026583455 -0.372821033114668 0.166732582388618 0.0869904321446532
0.530562767965756 -0.227261152919747 0.176428101680627 0.0606937596908908
0.583633857270565 -0.0529949355346933 0.147672732906817 0.0392368126820654
0.606271690370349 0.0205222581223111 0.0386569457391778 -0.00466383115955874
0.635011913031381 -0.0400216224806272 -0.101253860960053 -0.0623579922536417
0.563524444316902 -0.187015290095007 -0.201720166148022 -0.104490153995003
0.511861971684842 -0.353101697343932 -0.29818244877049 -0.150742909867321
0.369831360124494 -0.438571235897811 -0.252238120582102 -0.142360826205101
0.108561302994646 -0.489753087212418 -0.191653285311194 -0.112692579679373
0.066154124015407 -0.500833385826572 -0.344744103541667 -0.158550552301268
-0.0448091899384829 -0.503735741225757 -0.487368646826673 -0.117126071171492
-0.0883908396992761 -0.42162486779127 0.347850931363949 0.267872971134662
0.0696155120977906 -0.397113037230743 0.237195033583473 0.222839192829741
0.169148525434868 -0.404173958812721 0.0983453193324248 0.170973735089758
0.348990225750612 -0.320027071812545 0.10884225372739 0.118971753708416
0.428448832890636 -0.247621532109054 0.202308043184675 0.0686616855552776
0.47455507578935 -0.135285441756706 0.285655387766367 0.0355713771644799
0.519518034811353 -0.0115971842628933 0.335150589478526 0.0401676955295479
0.551845005867395 0.0206275720789788 0.275609747727563 -0.00253685298173589
0.581099787275467 -0.0727076776629985 0.10155752990232 -0.0855921987992341
0.504194459670969 -0.240317647585089 -0.0839203785683381 -0.164923321999806
0.430386478234797 -0.405493363403649 -0.269956279963229 -0.183872413032778
0.271015730200606 -0.475014033901523 -0.273208887092139 -0.103463218612134
0.0194506123260225 -0.491297496490135 -0.220371270235979 -0.0131407058183418
-0.00839511594264934 -0.482169986189819 -0.340720511973458 -0.011438863297518
-0.0815670302153051 -0.474155707326721 -0.456109773811441 0.0575458676698126
-0.0621616813877053 -0.304454655479503 0.344611697301542 0.400155342785898
0.0880123557298038 -0.276583995479025 0.20148292150713 0.324153811018582
0.16842089595755 -0.243422488310057 0.0453235710925572 0.212942275594872
0.285865306455999 -0.155807739970163 0.0871636845879964 0.140917749112773
0.312508236422624 -0.111704485653827 0.220635141249319 0.0745599194445487
0.328592315851002 -0.0459220921083097 0.360558342858963 0.0530066667068116
0.37498542287723 0.0197475707113347 0.477801624783299 0.0645158022545684
0.412976276214699 0.0194532044234287 0.472763996252473 -0.00057866907262162
0.434284578364928 -0.0761393588959076 0.268636814187381 -0.123106110812874
0.359750922889989 -0.22076087268378 0.00630909079868991 -0.231582418540018
0.288587693690128 -0.346598985351353 -0.2378572541592 -0.21724926651006
0.157023373126749 -0.386014773283499 -0.263507159596375 -0.0653327898388499
-0.0405594121226912 -0.380703341595072 -0.212871421895813 0.0767781631227975
-0.0491728199555446 -0.373373218304231 -0.293057336212349 0.117321647675806
-0.0882719199532281 -0.36543037972427 -0.398530264892998 0.213410790617619
-0.0578906785033136 -0.148095852754455 0.34252054106148 0.48312847999694
0.0501417587573962 -0.137330263533206 0.167564964429917 0.375372886657272
0.0967833424242495 -0.102497851395705 0.00682495592790511 0.222633492309549
0.160085386906647 -0.0506553658889945 0.069606041781995 0.151510423181906
0.149505951672517 -0.0353901843678974 0.223599956661767 0.0910479636120811
0.145696564024362 -0.00282704747163819 0.392729599959992 0.0874564061843525
0.181305099592588 0.0240666852646886 0.558350379694763 0.0963795506995677
0.214692717619422 0.0178405859861 0.601748794146045 -0.00162932189939438
0.225670178985776 -0.0425376868603157 0.375445033854896 -0.156716307448758
0.179834982354012 -0.130931875689929 0.0567196516259807 -0.279346484306205
0.144369113389806 -0.200680773864475 -0.209874711265355 -0.239963338541917
0.0801436497779488 -0.213850734496023 -0.238005863392297 -0.0400282356252102
-0.0397959844184837 -0.206052228216957 -0.191781610108856 0.136207550595824
-0.0394941401926522 -0.204129969800658 -0.231732813732777 0.204131771491879
-0.056838556842659 -0.20039058372855 -0.339312352016536 0.321343328277024
0.0273557511536414 0.00296962911811405 0.243901289861088 -0.368692524027085
0.0396285007253117 0.002174077487235 0.161031833850414 -0.292508897160278
0.00852680742808572 -0.000420305134989481 0.1520021962026 -0.170763227320563
0.00400969061349792 0.00834610875568319 0.179469461804318 0.00349934545972591
0.00440910887356709 0.0141205099124904 0.153674237175729 0.211518293906476
0.00484163360153331 0.0266995337854047 -0.0388940398267195 0.252262162057025
0.0242274372475918 0.0324707221056845 -0.382798734550641 0.141000478292185
0.0295522318517118 0.0213418273172366 -0.601179017895287 0.000422031138909298
0.0287514588001095 0.0241330810462283 -0.58817688196827 -0.108789136727089
-0.00457695143792927 0.0114060461222731 -0.426944544175325 -0.0911498980105252
-0.0207366817905974 0.00128421345198755 -0.24939066125407 -0.0900880541643223
-0.0153321288371188 0.00243658775176119 -0.0898328854345386 -0.134100802241902
-0.0239795434926364 -4.68665895270864E-05 -0.012503572551153 -0.191870559714738
0.00503892168122923 0.0102248657285967 -0.139585058305512 -0.343163444308231
0.00523297447078202 0.00510067497884571 -0.393925339983708 -0.466156896827296
-0.048859501790091 -0.186964561950524 0.236025913287764 -0.318390751577256
-0.0270538294536606 -0.178823119845564 0.147998630908522 -0.258915472103607
-0.0352085290325306 -0.213999109606086 0.128964703719867 -0.13913844666657
0.0438964103679948 -0.206907242796978 0.143775054439708 0.0137856842499884
0.115997132705503 -0.175705671815822 0.129189633139549 0.20524054300549
0.182709873212804 -0.117821695865577 -0.0421152683590152 0.240033344133456
0.240471640793752 -0.0293575412949537 -0.336607149033415 0.131048770229684
0.255583029168108 0.0194040538764183 -0.543339321374512 -0.00260808361404575
0.24497871140604 0.039438662843338 -0.551927933324435 -0.105985145288663
0.177507273915709 0.0126154876263844 -0.419067450029982 -0.0889577402445415
0.152947824717517 -0.0261189195064214 -0.267924586389519 -0.101720325798014
0.133273280525364 -0.0474722387452608 -0.106233408216446 -0.145617215013556
0.0717811016027823 -0.0992118830345802 -0.0150584782618415 -0.206784555458269
0.0832340126662266 -0.130585228482989 -0.162040350573776 -0.358519010386672
0.0202399005119809 -0.168537045008569 -0.417536135408342 -0.460993863364655
-0.109213786221154 -0.344449490698372 0.259621690701183 -0.21586761908321
-0.0674364407379092 -0.332201046395594 0.174069252323038 -0.180986736614338
-0.0463191352410386 -0.394764830392523 0.129508693632568 -0.0832906438719473
0.107350733934056 -0.386977079910395 0.126762687963258 0.0303442195952343
0.236055929639677 -0.334939071161469 0.120141583727153 0.175117935432802
0.346657777901936 -0.22982725902906 -0.00834502269449924 0.192085477920388
0.423963708233351 -0.0735751031256523 -0.219754086266579 0.101207377467745
0.446330626915095 0.0169718817327223 -0.402915448206181 -0.00402890343288712
0.437290943509932 0.0318991096976512 -0.455598463804054 -0.0816216053258489
0.360300461182032 -0.0186745445639993 -0.386551831043022 -0.0764251197774783
0.3344725117652 -0.0983819995029339 -0.295298441533218 -0.111766243385389
0.282182502896978 -0.147408122951786 -0.148990944574131 -0.16139166423056
0.147159036013571 -0.230988584167754 -0.0583365889247816 -0.214889508880821
0.130316442977029 -0.281483775480569 -0.221776748533303 -0.344018638991392
0.0189394799377698 -0.328471568237643 -0.452888677449957 -0.394335462285861
-0.136895715720328 -0.444806327782632 0.298907542439893 -0.0681068957940367
-0.0536274338842034 -0.435074228372559 0.216529965270626 -0.0628487296880072
0.00322754080015799 -0.507388890771508 0.139861366510549 -0.00485989009560473
0.206018689520603 -0.486085242162567 0.123266803029741 0.0534023806595214
0.357531730274614 -0.412861249874219 0.134590267031714 0.12765580106014
0.475749790282613 -0.27299530658522 0.0678013134852024 0.121200798854341
0.546881114571688 -0.0835354185513052 -0.0484319134210397 0.0627379272945976
0.568243155553384 0.0161225404482169 -0.199011964952933 -0.0034799396707343
0.578612032220358 0.00012532654234434 -0.299551336013977 -0.0600189260945558
0.506414910335618 -0.0978824738862216 -0.313883561400771 -0.0718046101161683
0.472058869609064 -0.227114427089278 -0.309407850643542 -0.123121934623534
0.377339444777461 -0.302882544052276 -0.204682316646312 -0.163552781638176
0.161742090936466 -0.382085334813415 -0.128596919029046 -0.186883523077841
0.120493927108494 -0.420941136587036 -0.298193572929376 -0.276672547240264
-0.00947381098814252 -0.449190955771663 -0.484233109015663 -0.272849653388581
-0.126204586206992 -0.468392471129836 0.335155161310788 0.0987792298732386
0.00314469635080158 -0.458428737930748 0.24673268509498 0.0818835028638077
0.0922666922292993 -0.510985969679935 0.135191107099048 0.0880675259075394
0.306812538881727 -0.460465959121082 0.122657721609943 0.0844686332702662
0.437098855970166 -0.377488373883717 0.167670313344072 0.0856317059136171
0.527348398646448 -0.234601737402316 0.176527637586306 0.0574306942130803
0.581305890702655 -0.0595673514776787 0.148793884716237 0.0365895437135491
0.60466654949819 0.0141969622641119 0.0387743864583491 -0.00469463503634249
0.632491091799494 -0.0469938354234961 -0.101281557746229 -0.060348066106135
0.55938841641422 -0.193372760109911 -0.202581469194592 -0.101128812731006
0.506105053662748 -0.35890324721078 -0.299571178093826 -0.146018757136251
0.363450544380296 -0.443377961027076 -0.25381130784292 -0.139921973916847
0.102729057724328 -0.489336563847315 -0.192529412398861 -0.112274108583966
0.0594520925229341 -0.500927782595362 -0.346570778240848 -0.152759352119523
-0.0523655995324939 -0.500640544307758 -0.487726841594054 -0.110149968391649
-0.0935568026786262 -0.41832960308735 0.353034246613579 0.261908561633831
0.0654658306122133 -0.397713491613966 0.240545846658846 0.219368391336574
0.1641070205336 -0.403606095344513 0.100839950635354 0.169341384659187
0.343716319285914 -0.323599456919519 0.111053353563169 0.118452419695652
0.423998165313303 -0.251815192209335 0.202656652637552 0.0668448269149645
0.472347298727945 -0.140850764602561 0.283901500432159 0.0320532231215319
0.518086738721756 -0.0177421812182315 0.335556236278359 0.036878681812734
0.550461062386074 0.0140742980677228 0.2751765082593 -0.00594072475840235
0.579308193138484 -0.0811237052074304 0.101089466478387 -0.0860877297395769
0.500179810512681 -0.246039220013377 -0.0853930315516158 -0.162777601957932
0.423386526704998 -0.409827118199557 -0.271787067064618 -0.179337090949956
0.264072101501578 -0.478058397707755 -0.273162469424434 -0.100568972321338
0.0130612780550104 -0.488899612046457 -0.219874807183751 -0.01201157773364
-0.0147571378828167 -0.482846786355707 -0.341337523887009 -0.00676275108012822
-0.0879816862812904 -0.472243830602228 -0.454638938047352 0.0661354711229723
-0.0662885259256256 -0.302992421726476 0.350170393492818 0.394852072119274
0.0850606282911865 -0.277183610133149 0.205314352865522 0.31981321277503
0.165421793868085 -0.244081586348147 0.0488759965575288 0.212211339687335
0.283838464860428 -0.159049391021049 0.0890177705395316 0.139755727151687
0.309896493474868 -0.115347053587844 0.220292607645394 0.072857609423207
0.327635824740155 -0.0501776964213996 0.358645147520984 0.0493364170609152
0.373491886349227 0.0158883477103697 0.476690920544898 0.0599413569974606
0.412573082549314 0.0148751483967646 0.470560845321192 -0.00741335500826016
0.433097655005341 -0.0818289366442411 0.268289107045967 -0.125814379487308
0.356130306452863 -0.222994495827833 0.00423989645233381 -0.230690129224783
0.282467255482453 -0.347974325561887 -0.239576924034146 -0.213263225391394
0.151094298586762 -0.387604269826911 -0.263189526788968 -0.0617848406688527
-0.0458959407476783 -0.378690731854095 -0.211777079710212 0.0777824428204034
-0.0542065134520005 -0.371945229524086 -0.291578062825134 0.121239904026001
-0.0931040195535129 -0.363215651945144 -0.396070676702314 0.218224514450625
-0.0593493283428157 -0.14691309320162 0.348741003396409 0.477876990439358
0.048479132810296 -0.13796231792168 0.172081232185065 0.371679901614347
0.0953453938324225 -0.103496552331408 0.00998270910320906 0.22175952922605
0.159431167091631 -0.0530379330387374 0.0715677665598394 0.150585065646127
0.148639719312394 -0.0373406611715327 0.223868189894735 0.0881720216239643
0.145268061082863 -0.00419862309097888 0.39110829319531 0.0824030045320861
0.180758440882634 0.0221053673322456 0.557740261592631 0.088054981733466
0.21524607777099 0.0142604785286246 0.59915902454609 -0.0103758898396935
0.225173845747822 -0.0450906308498746 0.372964282397705 -0.160235293047377
0.177653315569213 -0.13305761291276 0.0537516394310024 -0.278958657117716
0.141306384556044 -0.201943741933353 -0.212340647363692 -0.236620052295669
0.0763070210892677 -0.215232234795765 -0.238356026894273 -0.0370137966166182
-0.0421453739628992 -0.204083892807624 -0.189468725017351 0.137708639851387
-0.0422636954459496 -0.203560035293186 -0.230141963405216 0.207991568088016
-0.0592925857588976 -0.19918631079443 -0.333710282327123 0.3260910326917
0.0269842438999056 0.00258160330570183 0.238752239531132 -0.371649738836306
0.0393600295878255 0.00180273659940175 0.157476076470856 -0.293844722669631
0.00849839251221719 -0.000108455818298922 0.149408191548812 -0.171612770878661
0.00389072976644783 0.00831468492361527 0.179177932137951 0.00152635277959318
0.00443833924733065 0.0137619177022239 0.156122967899706 0.20832613402994
0.00518977045346711 0.026428247387095 -0.036585663746242 0.250451372655275
0.0255160656633461 0.0321962681723296 -0.379739149593014 0.146030365859512
0.030329802855768 0.0208731958519432 -0.599880366889895 0.00714164583744248
0.0292067802101122 0.0236598122617052 -0.587071006612671 -0.101002624294476
-0.00421888615828619 0.0111515761831061 -0.426867898932311 -0.0858689125133899
-0.0212179789652256 0.00200622100142127 -0.249360971186893 -0.0864846102313841
-0.0153075771607082 0.00254107910008952 -0.0917013610703978 -0.132866190444287
-0.0242723998952472 0.000427232007156695 -0.0138846409901594 -0.191521514700071
0.00528580884720256 0.0100368134714265 -0.14357345152322 -0.338924440181987
0.00572540016027299 0.00496309764770141 -0.399393272530546 -0.458857504494565
-0.0514556253330754 -0.185541484443255 0.231156662386325 -0.321334810217026
-0.029141041530802 -0.177977057398825 0.145419956835225 -0.260808411623819
-0.0375870801086781 -0.212005586893113 0.127416187937502 -0.139985273698791
0.0410751817559651 -0.205885728016266 0.144034694702627 0.0117305372132634
0.113519879345624 -0.176971665869031 0.131832908937304 0.202823749316362
0.180509756483146 -0.119393723224752 -0.039129002630467 0.238167760822969
0.239723127105637 -0.0317269996019308 -0.333287227223355 0.132820754618317
0.255608153035043 0.0166091867342754 -0.541528871065219 0.00434798805148274
0.244257464083059 0.0362003623898455 -0.551103733395903 -0.0973261139142397
0.177425202785813 0.0116253090377816 -0.418574512782225 -0.0847007238990209
0.150870828079511 -0.0272730249954577 -0.268581630492428 -0.0977061362622598
0.131518831414772 -0.049377190391776 -0.108477462269038 -0.144079468212412
0.0702323047329942 -0.0984324020932694 -0.0162082881066105 -0.206604159374874
0.081236525605285 -0.130744727265183 -0.166126356839913 -0.354167160539646
0.0184136979610423 -0.16774005341408 -0.422696377356759 -0.452240368938426
-0.113193640367709 -0.342143164502614 0.256435854009797 -0.219693600168877
-0.0708197439245371 -0.330786465900934 0.171760199812046 -0.183155380992875
-0.0503935037080974 -0.392742429268608 0.128865615151517 -0.0846484289554481
0.101932208582206 -0.386870957757711 0.127537211387393 0.0286577334724556
0.230958008034111 -0.336323031364967 0.122361982565209 0.172047081347947
0.344277421658456 -0.232926805928666 -0.00588920867269398 0.190207711364448
0.423025479629461 -0.0778341769455269 -0.217017260156031 0.102550359294322
0.444274203260763 0.0123562409277653 -0.401903010427991 0.00178095918778142
0.436958241798051 0.0286446194781686 -0.454017041368514 -0.0761522431416035
0.358479749401681 -0.0228868750425861 -0.386547460139089 -0.0710062111551618
0.330909119088149 -0.100859041434397 -0.294884294013906 -0.107032379537477
0.279485070279734 -0.150778036739292 -0.150222694808481 -0.159249772852902
0.144669312621535 -0.229697335910153 -0.0598673411297335 -0.215109833584883
0.126691722479853 -0.281528081161895 -0.226555858694596 -0.340412123906875
0.0143393743204632 -0.32680651028173 -0.457205662272668 -0.387154325606688
-0.141678663949316 -0.440363075619839 0.297822375775484 -0.0728910642648994
-0.0583718219566564 -0.431524408032695 0.216502735726662 -0.065781011673529
-0.003947439115048 -0.50420641157711 0.140441748910088 -0.00636182488796576
0.19965698610707 -0.48688157239788 0.124272317012544 0.0515242525917854
0.350227381330116 -0.415302686924049 0.136634008598008 0.125240695027075
0.47015283575608 -0.276895534355046 0.0694202478166803 0.118536930862919
0.544491889514372 -0.0895706608320721 -0.0470233192932604 0.0621928371600576
0.568825979112825 0.00870336572483696 -0.198440756844311 -0.00128243300221596
0.577596617113179 -0.00644094739940983 -0.298904016450935 -0.0557620724625631
0.502298057496807 -0.102894024191805 -0.312803352233863 -0.0672266646214085
0.468436307010896 -0.231597301077877 -0.309643763264982 -0.118555000101473
0.372492342683877 -0.307472576690174 -0.206350624439472 -0.160339387764042
0.157869587287304 -0.381072807243091 -0.129755470929176 -0.187104590044076
0.117050377392516 -0.419951365836458 -0.30029252509722 -0.272008121183604
-0.0155303588744848 -0.446306120532513 -0.486709941623584 -0.265337492342314
-0.131429497092988 -0.466154221740699 0.336109531043737 0.0948328756267527
-0.00211243903799025 -0.457268035527326 0.248024769781712 0.0782849292084041
0.0858680670512073 -0.509267916463663 0.137017339192017 0.0868293392350687
0.300830893122623 -0.462208063463087 0.123913556994119 0.0831833929898
0.430124719570221 -0.38067283770997 0.16882053855675 0.0833333201587066
0.521393813382495 -0.238957744473288 0.176244217678449 0.0552729685031577
0.577063363148024 -0.0664401561967498 0.149400549260756 0.0343184608242458
0.604885138953188 0.00630039176833077 0.0385569577304386 -0.00523844541057457
0.631158757791213 -0.0533438593781771 -0.101220923331591 -0.0584115076667471
0.55608688392747 -0.198888905518402 -0.202809539929928 -0.0977197237665317
0.499617722725359 -0.364426000014221 -0.300757862742644 -0.14070929070017
0.356290092738532 -0.445668085230787 -0.254006190314016 -0.136528943458666
0.096413129233932 -0.486354030283035 -0.192731433514127 -0.111413436613133
0.0537907545248927 -0.499842455600812 -0.348031096357798 -0.14779273644568
-0.0586357409233713 -0.498174158418189 -0.487315801704473 -0.102196974826791
-0.0989543606346619 -0.415493606563431 0.355522387124864 0.257505735395852
0.0606445646585559 -0.397081613101948 0.243825587276737 0.215129593622552
0.159732849026457 -0.403345206438119 0.103403247370481 0.167111338436742
0.33951885957042 -0.325090714659662 0.113271127734138 0.115922492184307
0.419276415652545 -0.255790922080783 0.202361992996226 0.064289622287162
0.468416198066816 -0.144668343201365 0.283231137522592 0.0287223147679239
0.515648822495629 -0.0229886939705725 0.335638707962957 0.0319845195170872
0.550559681768813 0.00756633038993849 0.274555929198807 -0.00974662175774356
0.576209056998012 -0.0878107100341899 0.100357837749802 -0.0871156607762564
0.494963525399232 -0.25140284294853 -0.0868551958676786 -0.16016115599094
0.416988363646824 -0.413216635251542 -0.272668975866057 -0.175193358664882
0.25748183147148 -0.481121041451492 -0.273507841821352 -0.097696879977103
0.0074030627948537 -0.485448786901791 -0.219065656464541 -0.0116840232341638
-0.0195350924996702 -0.480402326805719 -0.341554626877666 -0.00161331919790615
-0.0942687698026263 -0.469315821089375 -0.452283707179743 0.0719470142417055
-0.069114109608043 -0.300893886122785 0.354910201480996 0.389112630060125
0.0814222140436791 -0.277771045058945 0.208912490533317 0.315418591289729
0.162402331088909 -0.244798844939697 0.051842793044434 0.209920530491877
0.282021630555432 -0.161448620529013 0.0910814172036015 0.138587074930377
0.30671021025152 -0.117971379798733 0.220520795462746 0.0700991380330009
0.325633902159851 -0.0532993608968771 0.357843251558615 0.0457267655830415
0.372788578952266 0.0114808937089998 0.476356638366791 0.0521347374087325
0.4132074058221 0.0105185878051007 0.470269573640212 -0.0139129127294988
0.429756015575927 -0.0870586920552592 0.267206649058202 -0.128210798811314
0.352539206934701 -0.22687449809217 0.00179007527830299 -0.22913059190875
0.277412066382603 -0.351928845593369 -0.241392476428289 -0.208582870187894
0.14675850665858 -0.389443077845306 -0.263724554778821 -0.059605965079511
-0.0488693713014482 -0.37612175363808 -0.210361045498347 0.0786000986601917
-0.0584868339026189 -0.369321364422996 -0.290306152659302 0.124989850918042
-0.0974569897291865 -0.361741335827192 -0.39184818404231 0.223608762663505
-0.0606579912300085 -0.145580902995899 0.35377207077916 0.469914928783124
0.0465956056711985 -0.138578565807992 0.176168011765371 0.367544769354907
0.0939222209068786 -0.104414407769672 0.0130353481832573 0.220288584038311
0.159107368115977 -0.0552191504021266 0.0727148339354672 0.149618699746172
0.147541637697374 -0.0385354278312366 0.223554103974713 0.0859609463099281
0.14480980562782 -0.00533126568554157 0.389277460913799 0.0782318496182763
0.180345997639047 0.0200572657317304 0.558786223870728 0.0824632040141147
0.215268838761337 0.0124701955571005 0.597174530597896 -0.0190088525529324
0.2237937595622 -0.0474580444125571 0.3724416541097 -0.165094772639375
0.175426041505739 -0.133984063706073 0.0505600324889367 -0.277736475380609
0.138258049870213 -0.203662348321232 -0.214274913010745 -0.232011151249204
0.0736316719106417 -0.21582774338218 -0.238031148315391 -0.0350582535081858
-0.0442971025511909 -0.202366603696784 -0.187760156403552 0.138324207638172
-0.0437829432994975 -0.203028541276915 -0.228104846879239 0.210705303459029
-0.0617065860132687 -0.19770769649311 -0.329427000483462 0.330180761428061
0.0267236272691364 0.001869851267936 0.232650131364687 -0.373276216747542
0.0388978982675262 0.00109902836811659 0.154150766844621 -0.295075690254337
0.00790797738567917 -0.000168172388215183 0.147939834334148 -0.171893935272665
0.00399902832062572 0.00870069851426063 0.178885635946146 -0.000286733619715519
0.00430881637077731 0.0135239241694776 0.157882316201717 0.20620236825131
0.00579218621766533 0.0259820050403888 -0.0339157655548814 0.248106684031221
0.0263852260681482 0.0320160280704505 -0.37778685978761 0.14886016298084
0.030606125513882 0.0199978921503593 -0.595829761798188 0.0146638293006944
0.0301625724899395 0.0228290826101718 -0.586674095468314 -0.0934281579098964
-0.00388457412254262 0.011638860622109 -0.425393919314241 -0.0802937374319784
-0.0211718612415193 0.00201498593824072 -0.249365416167255 -0.0832519137447669
-0.0154298983779207 0.00259599003084383 -0.0927454732686052 -0.131266560636614
-0.0242433305531354 0.00132658846785104 -0.0151824432946807 -0.190389343122006
0.00573768191773402 0.0100262833212058 -0.145912346651098 -0.335157618583314
0.00553261003181102 0.00539422245234178 -0.401861505829958 -0.450903520784331
-0.0536282737703246 -0.184644592642863 0.227235429549056 -0.323279987232323
-0.0310999941296867 -0.176518557794353 0.142251162083042 -0.261316368097272
-0.0398483318874256 -0.210268645187741 0.126006378903679 -0.140665392321096
0.0382034232661815 -0.205586526912989 0.144409123912794 0.0108918151642695
0.110810104266595 -0.177064929860909 0.133909669290161 0.199644208530426
0.179259224961898 -0.120856535476925 -0.0362430526995214 0.236231457782017
0.239486570161574 -0.0339611143868005 -0.332171552427704 0.135591870423222
0.255695510638876 0.013919008589069 -0.540054943520392 0.0102104156517756
0.243959570501066 0.0332059854055902 -0.550358569472656 -0.0914811940583115
0.176698589414716 0.00950100186581045 -0.416949888432111 -0.0792867474304337
0.149579808051853 -0.0286110144957324 -0.268175980271397 -0.09354395536849
0.130255343474575 -0.0505849168115257 -0.109627142728517 -0.142345228730901
0.0682027096787191 -0.0975558328099492 -0.0183282610133283 -0.206231794846652
0.0798205743861134 -0.131154001682117 -0.168904505699001 -0.350656248312998
0.0160743446754566 -0.167096397112804 -0.425201379949378 -0.443974343085569
-0.117769744462133 -0.339949922147891 0.253470203057053 -0.221165765758822
-0.073671157881592 -0.32772028260547 0.170344353119017 -0.184039365295297
-0.054875095976515 -0.389700972961494 0.128157838873336 -0.0861346561569557
0.0976292777054864 -0.385998931104005 0.127488899890777 0.0268470256343054
0.225887593994764 -0.33623202372413 0.124566905464885 0.169751017797501
0.340323624164128 -0.23555680344917 -0.00407373922132186 0.18869570899331
0.420230504393995 -0.0803169672015081 -0.214338797517892 0.103370174779689
0.443180873045811 0.0076157544917489 -0.399862680228688 0.00627807190193981
0.434376648362303 0.0229728952487638 -0.453177344188942 -0.0693504558431806
0.356215839962018 -0.0254465047639749 -0.385238968032247 -0.0654094069004052
0.328019304180589 -0.103440847573666 -0.295144481964912 -0.103107200878707
0.276343383947566 -0.153435494048834 -0.15109110965841 -0.157535029055979
0.141471915805371 -0.229182236346733 -0.061477677123917 -0.214834848630136
0.123552000179747 -0.282113608010743 -0.229571071753818 -0.334921443554604
0.0100238856668759 -0.325614532610359 -0.460084773084106 -0.378799187647731
-0.14492764687775 -0.436899186150296 0.296741178573854 -0.0762159310286955
-0.0622886541777099 -0.429168808203894 0.215986128689674 -0.0679859900099934
-0.00934472178042358 -0.500792402810116 0.140983355724959 -0.00755422948637659
0.192957333035871 -0.487619022946403 0.1252009159361 0.0499721804589488
0.343277642595564 -0.416300284149575 0.137702831762275 0.123708463512702
0.466098567687135 -0.281352729910271 0.0698815263302825 0.11642921613531
0.54027875493906 -0.0942517437715456 -0.0452361113497159 0.061834267236237
0.567044621585823 0.00319840286545115 -0.197202723703005 0.000873174486336517
0.575063634103766 -0.0128999811048836 -0.297873086893167 -0.0523946089628527
0.499542045289905 -0.107262886572778 -0.312383485540735 -0.063238879586278
0.463304408975471 -0.234608805424704 -0.309763712078524 -0.114251584967521
0.366107746747014 -0.310235768134098 -0.206643042458097 -0.157768213291001
0.152381162343576 -0.380118861538195 -0.13112315101722 -0.186309128983314
0.112241233481582 -0.420132168028632 -0.303887579323495 -0.266073518959168
-0.0203274027037308 -0.443870959649032 -0.487557387733238 -0.257054700247595
-0.136306979288536 -0.461257205839955 0.336369656430995 0.089439388772405
-0.00606370075322952 -0.455255995697849 0.247742972337615 0.0744417496007555
0.0808567376100735 -0.508073803091567 0.138643854699987 0.084320450627177
0.296011767188797 -0.462576561207781 0.126007181070274 0.0806842129494675
0.423336643535613 -0.383142908422862 0.169936970602997 0.0805903829300443
0.51654745225402 -0.242996942411634 0.175715084964398 0.0525762038613287
0.574669799870941 -0.0711129992464594 0.150615614822664 0.0317953163800091
0.603624086722535 0.00114388862366764 0.0392148827861144 -0.00593960493547706
0.626496548182129 -0.0614091787871212 -0.10121608693142 -0.0567351332880284
0.550581577755649 -0.204093605294358 -0.202354459851387 -0.0944206453576545
0.492504818525527 -0.367536022304648 -0.300360443008388 -0.135961820949467
0.34940304438145 -0.449053467019435 -0.254215180609854 -0.133767169220037
0.0912931918919859 -0.483951404234624 -0.192856462536065 -0.111378111321726
0.0474463554867867 -0.499180974595419 -0.348755859785944 -0.142555911860365
-0.0633651715298436 -0.495360728527786 -0.486797744959934 -0.0963673919512139
-0.102954924415778 -0.412774576042552 0.35703435440122 0.252225078613415
0.0565961290551921 -0.39694250880829 0.245758095673236 0.21155612147102
0.153895328692484 -0.402769991426159 0.105488112135325 0.165087304958245
0.33480072308633 -0.327973835819573 0.114766818450452 0.114497563135581
0.414744394972508 -0.259320629057707 0.202305277484387 0.0622621500362787
0.465420134136417 -0.149027174257839 0.281586490772466 0.0251536505287773
0.512534237296731 -0.0278175681903022 0.334653483951851 0.0272816499190637
0.548996209584811 0.00183726698883706 0.273230064932083 -0.0127448867318212
0.574480726917932 -0.093195722645069 0.0998001035655972 -0.0875545396633765
0.490317174640706 -0.254782022724222 -0.0879525354641655 -0.158123992102284
0.411101694780563 -0.416075897752551 -0.273411349206167 -0.170015695002322
0.25089795334468 -0.480900992697867 -0.2728498890179 -0.0947036828645554
0.00249870033091434 -0.481716408701564 -0.218741960653508 -0.0108850859736294
-0.0253601453980313 -0.478425344356142 -0.341156389692248 0.00303910803451327
-0.099141745055069 -0.465791267810488 -0.449771501261629 0.0772867915990302
-0.0716434777216575 -0.298932486481397 0.356991177556529 0.382124187543136
0.0788266102706971 -0.277754731635768 0.212146959707904 0.310972582090094
0.158959974263384 -0.244953799687457 0.0550407550585008 0.208290098301737
0.279258314427555 -0.164167312654913 0.092007803597767 0.136318005884215
0.303123548143061 -0.119589267876037 0.220166316180662 0.0684538409621774
0.324673252366011 -0.0555852183695617 0.354650430067936 0.0412902888623184
0.371491463826321 0.00752922326923545 0.473810211171366 0.0460293470391446
0.411984691126024 0.00551377148843464 0.467785469822006 -0.0196817055004338
0.428027434931921 -0.0906017094570059 0.265473420221913 -0.130559015785079
0.348234540287029 -0.230114685647651 -0.000324258316304892 -0.227591609543361
0.271810251942272 -0.352844189326661 -0.242577829832061 -0.204389819580319
0.141131806138561 -0.389790154869698 -0.26293790381433 -0.0571449996387293
-0.0525561281214453 -0.372466349880048 -0.208426702480836 0.0790447010953592
-0.0621330181721245 -0.368059146415425 -0.289036289671074 0.128829725204698
-0.100873215923313 -0.358450845264042 -0.388153989652153 0.229200862488276
-0.0623462615222626 -0.144146782749646 0.357453370315979 0.46497846609468
0.0457372855952311 -0.138543680790697 0.179166486949087 0.363642932624904
0.0925881542192662 -0.104393399260751 0.0161105195455304 0.219187836245613
0.157919244173834 -0.0565051504170878 0.0749355108710202 0.148042364568855
0.145726027708895 -0.0394665930628498 0.223418052857267 0.082945173251028
0.144276463894116 -0.00596041698814061 0.388302370669802 0.0741708452262997
0.17965156005568 0.0179552109048891 0.554716446517608 0.0761590063644634
0.214615609594666 0.00958361366758875 0.595265753263449 -0.0253751843819963
0.22314331275147 -0.0498689987345584 0.370511239530645 -0.167858584584916
0.17290161075206 -0.13509155131779 0.0479220441453224 -0.27626262268126
0.135302659468326 -0.204080626303541 -0.215767013144644 -0.228220954570448
0.0709337498393714 -0.216309551816145 -0.237109103828136 -0.0328794139509392
-0.0461685619210104 -0.199979181097866 -0.185886365954233 0.138586724802305
-0.0460651455864518 -0.201735426097845 -0.225773774575201 0.212864661076878
-0.0639365746157716 -0.196804126812388 -0.325087661667788 0.333716056978276
0.0261540207226327 0.00174943195884684 0.228302410141579 -0.37358541630152
0.0392052426790475 0.000912521098145429 0.151045662138717 -0.295400642764596
0.00774907782675256 0.000286824460472131 0.14614116001081 -0.171626828499883
0.00350209180840693 0.00865638887199919 0.178587522729988 -0.00175297864366884
0.00405176631582094 0.0134339804559688 0.159849033572961 0.202845536481918
0.0066868107945568 0.0254739643435078 -0.0318159187381366 0.245612148643746
0.0274598803886801 0.0313029793536692 -0.374755706419195 0.150868672936149
0.0310590328429295 0.0198198686639043 -0.59277353477507 0.0224726608213361
0.0305779322421327 0.0218204514005828 -0.584473158498826 -0.0879749129390443
-0.00342823288109393 0.0125874070179888 -0.42318121769143 -0.0752737115245087
-0.0215758201861483 0.00323684710009676 -0.248639531645372 -0.0800666418169137
-0.0158546475717068 0.00314615145864459 -0.0937656867894131 -0.129632894265172
-0.024419409508338 0.00223978247137966 -0.0159813423299861 -0.189477543184435
0.00584049228095189 0.00997121466066589 -0.148796213674145 -0.332290522809013
0.00576733081644672 0.00544501577657325 -0.405739642363029 -0.444147780708293
-0.0559622127810559 -0.183003191796576 0.222976832467663 -0.324364267936416
-0.0321423938591262 -0.175645625228981 0.140392564085624 -0.26205322348246
-0.0422527360379447 -0.208401425219405 0.125051166914483 -0.141163099032971
0.0364414086647135 -0.203919117587325 0.143696063675488 0.00906040750574325
0.107819815922996 -0.177317631695904 0.135843141737993 0.19731028258633
0.177106229480445 -0.121908819142197 -0.0348862596589443 0.234280434488869
0.238363128633814 -0.0356968646034333 -0.327305075308748 0.13753936281852
0.255264897193836 0.0115674996911882 -0.536686218858635 0.0162738731088286
0.24341990839076 0.0303326110517215 -0.547921558148987 -0.0854662163034469
0.175885309339911 0.00837630900546118 -0.414881743638323 -0.0737810135835054
0.148149401086368 -0.0292280199763137 -0.268076749968037 -0.0904227443898845
0.128550836635448 -0.0513976459097122 -0.110445105971114 -0.140538184413439
0.0670449439742505 -0.0963441084910665 -0.0196569077460636 -0.206057727954935
0.0781759240741519 -0.131349934392009 -0.171695030970134 -0.346148279349642
0.0142997878556478 -0.166219994574138 -0.427031582861163 -0.438350194988931
-0.120815641917881 -0.335862380826196 0.250562456523893 -0.223079958445958
-0.0760095283340423 -0.326254041914086 0.168009419796316 -0.185963385902978
-0.0574739478638888 -0.385862387908594 0.127612280594601 -0.0864604445991146
0.0930829305460716 -0.3849881261722 0.127687910846012 0.0257185083756339
0.220497512939572 -0.336287421686931 0.12637667937584 0.167840679966938
0.335746505026996 -0.238132633405364 -0.00212842182209026 0.186759266317422
0.418136052465727 -0.0841627596106459 -0.212405019871332 0.103449095807154
0.442797438702965 0.00363758511893967 -0.398155991063603 0.0100690443802418
0.434115364878743 0.0200325464759381 -0.451371520086476 -0.0656198344196683
0.353805214538697 -0.0285449111973262 -0.382617143020376 -0.0613540818886506
0.324266769768437 -0.105836743784593 -0.294396115316381 -0.0982577108230094
0.272836083197938 -0.155302119751003 -0.151299048855535 -0.155110636647371
0.138431959243354 -0.227726578309976 -0.0624921989146248 -0.214538870575342
0.120350873067393 -0.281779751213598 -0.231571253254539 -0.331136180238459
0.00739365501495777 -0.322820767285352 -0.460536010427919 -0.372451680911337
-0.1502072306946 -0.432237090683814 0.29641485071007 -0.0794443355465351
-0.0656400290015833 -0.427237257321241 0.214247033893027 -0.0697814502933488
-0.0138729031885694 -0.497970412128924 0.140616302594486 -0.0092013058342783
0.188792631139221 -0.484361435187768 0.126202138585925 0.0477112670166958
0.336764319686308 -0.418233759988899 0.138916086137502 0.121775947478125
0.460489517846351 -0.284486437204271 0.0701561605323965 0.114391050379134
0.536946981679064 -0.098210835814314 -0.0437274481975877 0.061123196898407
0.563598646050727 -0.00280932937480413 -0.195633147301234 0.00311991072958945
0.57057193371479 -0.0187143254765423 -0.297179544840728 -0.0487800869176124
0.496134678180534 -0.111590500073253 -0.310892338055676 -0.0590494266362937
0.457204306339062 -0.238192296041318 -0.309435845479954 -0.108860276666019
0.361315456248989 -0.312253943367504 -0.207440897923021 -0.155224558397036
0.148871840724754 -0.378354649874016 -0.131648390569109 -0.186075469288495
0.107689141047301 -0.419285145752005 -0.304658106669441 -0.261571590698926
-0.0232015981317208 -0.440794997401325 -0.487789195228754 -0.250136261491542
-0.140850398153776 -0.458537134796989 0.336557761151899 0.0862724326773051
-0.00939226238208792 -0.453556671270944 0.248251849701727 0.070974834024654
0.074520598561407 -0.504170882335612 0.139851898807421 0.0824348358622169
0.289703242678974 -0.463181635187744 0.126466724504555 0.0791030091919969
0.417702429472404 -0.38548067083091 0.169523442262829 0.079081877046847
0.51187138382076 -0.247662392005672 0.174631991173814 0.0501219303972359
0.5711303628014 -0.0751965666810166 0.151016569003162 0.0299545111653722
0.600978196198749 -0.0049333548485494 0.039309388083342 -0.00650007555143085
0.623520770747291 -0.067150199323521 -0.100969371514646 -0.055059109097289
0.545866257134685 -0.206885291550145 -0.201727886788744 -0.0916082862179258
0.48685369806277 -0.370078595052606 -0.300353549122578 -0.131350806739274
0.343921556819079 -0.450968052576605 -0.254607141379073 -0.130765438769752
0.0872578238486548 -0.480719328968728 -0.192934567661719 -0.110959370577038
0.042836831676414 -0.496452352726378 -0.350028876304562 -0.137466848575992
-0.0697437766626968 -0.491361367550281 -0.48497918676314 -0.0888406672027064
-0.106674562249059 -0.408515512440631 0.359383115763941 0.246783885767087
0.0526490610946218 -0.395634186705092 0.245899306454137 0.207419893429965
0.15119201938689 -0.401476783091609 0.107711835755975 0.162179206248579
0.330450207753082 -0.328595531327139 0.11598840728881 0.112609579207468
0.409038044199612 -0.260041042822729 0.202476389569432 0.060642388435542
0.460944427812317 -0.151641992275274 0.27922010097141 0.0230083101010438
0.5092059713384 -0.0319028913494698 0.333546622815652 0.0239820886207578
0.546683861800523 -0.00308243883597469 0.272053075966566 -0.0153331367290782
0.570456908832681 -0.0974219149231572 0.099357159420543 -0.087758776067872
0.485235861029785 -0.257153907691627 -0.0882315517358962 -0.1558343372068
0.404128921679482 -0.418334609985849 -0.273604448356428 -0.165782362285369
0.244329811942806 -0.482285343184778 -0.27228815755486 -0.0924154370169257
-0.00226165978472143 -0.478540364218572 -0.217586126460015 -0.0106241313483156
-0.0286751710026289 -0.476461452780779 -0.340202071586284 0.00644619883310093
-0.102838866342144 -0.462445286411532 -0.447248267221144 0.0824970067284435
-0.0746929900187311 -0.296394412247775 0.360051084968938 0.377354089286226
0.0768274059353542 -0.277701345630939 0.213226273468779 0.307540865547764
0.15615542013976 -0.244824282317749 0.0571957711285252 0.206405087413148
0.276738589071651 -0.166256763040736 0.0937757013487885 0.134702608734346
0.300398612206181 -0.121513184102117 0.219208217708272 0.0662639603278656
0.321410325657328 -0.058110668545803 0.351804721778355 0.0388259182619422
0.368408862212334 0.00363542670881468 0.473622425653198 0.0440450639995955
0.410887106531916 0.00134103326164504 0.465921137632404 -0.0240418595643907
0.423572463301598 -0.0934191964189466 0.263876604982416 -0.132113501816233
0.343503504833322 -0.230378341116034 -0.00196591387689136 -0.225219037010913
0.266886313199714 -0.353673508699987 -0.24331725752427 -0.200013240143554
0.136389477037992 -0.390365612304485 -0.262173426331592 -0.0550561186217667
-0.0552651416001717 -0.369166581024689 -0.207385363309386 0.0786960816556091
-0.0653397259641127 -0.365044288004937 -0.287083207881634 0.132143721012621
-0.104359507248996 -0.355671107480408 -0.384034291594403 0.232665330772662
-0.0630751036208755 -0.142680808596895 0.361165014886291 0.458282881682732
0.0449279709944535 -0.138651768587695 0.182008190770272 0.358893059309837
0.091251762097464 -0.104577506386489 0.0185001419742164 0.217041396516089
0.15682361654613 -0.0587388157032282 0.075878811059445 0.146480070972596
0.144649429024211 -0.0401791144130639 0.222720679910535 0.0812853749472187
0.143877024418646 -0.00713038735897594 0.384859921959622 0.0709188598092093
0.17807188749256 0.0161409546597788 0.55349192699239 0.0706257803979208
0.214343439111039 0.00717283168685504 0.591633644609191 -0.0309753516199372
0.221510581391849 -0.0513529839560375 0.368503157365983 -0.170213539452716
0.170698300484231 -0.135076058157466 0.0455814273505076 -0.275079077853843
0.132284960009246 -0.204805815143887 -0.21716459484359 -0.223666895210973
0.0680505378796026 -0.216716171747546 -0.236163095382779 -0.0311485746656798
-0.0468683159116375 -0.198143048004531 -0.183936820477958 0.139221680639071
-0.048237183609917 -0.200190972312977 -0.223421839975597 0.215125175083509
-0.0657247260060084 -0.195202625138483 -0.320169285158607 0.336932220919417
0.0254408502813495 0.00201556639930823 0.225369744312628 -0.374716805160952
0.0383777252962617 0.000527350455419476 0.148880176624563 -0.295370315075578
0.0077157953310063 0.000166365755751793 0.144861000554332 -0.17230447690038
0.003363843833275 0.00906222930178512 0.177586371316567 -0.00298093501633
0.00395415124224629 0.0134025813304382 0.160998162449722 0.199821367414557
0.00725426025257791 0.0259720285441646 -0.0301799461462459 0.243216463230546
0.028475016267433 0.0310233664603981 -0.373031608751989 0.153714916710792
0.031625803655643 0.0190253479810468 -0.588722119970583 0.0271326969033695
0.0308555714350204 0.0214747623629837 -0.581594380019442 -0.080718025563264
-0.00299870015423503 0.0124480463524779 -0.421929966920053 -0.0715090089176138
-0.021580581795468 0.00321551815511141 -0.247340848522916 -0.0771975019703323
-0.0157982352973284 0.00334689230747497 -0.0947741459269521 -0.128209340021439
-0.0244730435560815 0.00287642370847847 -0.0168640709809095 -0.188386004447404
0.00596464313545696 0.00953073588606466 -0.151231890563419 -0.327866396486146
0.00560056206036503 0.0056537337330672 -0.408094667185541 -0.438098571233817
-0.0576853601394795 -0.181552458341063 0.218982998086156 -0.325977493227136
-0.0334344322927961 -0.17420175936119 0.138552132704163 -0.262036629134375
-0.0431704437761379 -0.206173873527225 0.124609475688429 -0.140980129504214
0.0341903295951752 -0.202994917655707 0.143962290136631 0.00763892489393791
0.105978920720753 -0.177350550110783 0.137259610327518 0.195227399462091
0.175808140097788 -0.123097605230692 -0.0333752029743361 0.232372783365775
0.23802808144509 -0.0374536623896766 -0.325697145580441 0.138305357423256
0.254627118808407 0.00919857697572311 -0.533350470354156 0.0212438215864595
0.242667298979356 0.0278236561141921 -0.546570334854152 -0.0789740026432154
0.175027484890256 0.00740395014491448 -0.414254459081054 -0.0703632112429542
0.146389299906599 -0.0298963188864713 -0.266491469969815 -0.0873131485273481
0.126925660576069 -0.0520904327845823 -0.110788515829447 -0.139021438222341
0.0653641612315501 -0.0955534745225014 -0.0203792833147087 -0.205324124046692
0.0767759617595689 -0.131341003585342 -0.17395593016205 -0.340911297032742
0.0128088588397426 -0.164713019237837 -0.429528185892568 -0.429594825561108
-0.123070694286939 -0.333849688016742 0.248793966133671 -0.224509638999753
-0.0794542646539049 -0.323655030268344 0.167086522068758 -0.186563916187151
-0.0608036476980463 -0.383097348503049 0.127102986622627 -0.0872211544398412
0.0894019920391131 -0.382628469277831 0.128321146182853 0.0245563298428323
0.215639088687751 -0.337646514999797 0.127539281745448 0.166140135773589
0.333452169700138 -0.2395970076714 -0.00124532225577237 0.184675449946601
0.415528591268034 -0.0863466395890277 -0.209812728300746 0.104610738232995
0.441126374451818 -0.00030813984929497 -0.395141496693226 0.0137028098628888
0.431304725120321 0.015409936200251 -0.449745021529892 -0.0613206986262097
0.351863396283116 -0.0305649564577815 -0.381827736111637 -0.0572275360830373
0.320939666682925 -0.107667378934615 -0.293574645809866 -0.0950740731995136
0.269676427974106 -0.157423869479544 -0.152267032875634 -0.153309184590855
0.135734012601885 -0.226173448374061 -0.0636496663507592 -0.21427060965037
0.117526087223054 -0.28155774747894 -0.233926550026839 -0.326973626680417
0.0042388934522462 -0.321115761746392 -0.462131371851803 -0.364989826904756
-0.153902241128842 -0.429353738669212 0.294600693356846 -0.0812630000006269
-0.068606611039635 -0.424283127081245 0.213616417559538 -0.0716507137222171
-0.0184212978769105 -0.494628025112067 0.140735439094798 -0.0104320121108663
0.183776282472721 -0.484441019180736 0.125811916621951 0.0462568708983201
0.332490109266454 -0.418251126514104 0.139821257555741 0.119604865485507
0.456444198643516 -0.287071890555144 0.0706569550621781 0.112660839272857
0.534097748707216 -0.101553847247187 -0.0423434272855856 0.0596331641539779
0.561619554424442 -0.0069862290417093 -0.194362306241284 0.00458070729945816
0.56778601595143 -0.02317714853014 -0.29530376608607 -0.0452562531649903
0.492557040738528 -0.114697570555082 -0.309338861005476 -0.0558186037699214
0.451987099226542 -0.239920777814076 -0.308054142742396 -0.105252233572011
0.356770453875357 -0.314268274178486 -0.207062684918208 -0.153053842717992
0.144961318859082 -0.375210821193065 -0.132247345772639 -0.186401081874853
0.103656469087435 -0.41883825483455 -0.306479657334805 -0.257142775232808
-0.0285965549851822 -0.438260636929831 -0.488768064142775 -0.243219144450814
-0.143793576960988 -0.454173685568577 0.335715376347581 0.0817062230645652
-0.0120887126602634 -0.451635138143666 0.248014092765051 0.0681784461515544
0.0708743839592176 -0.501826954850797 0.14027862340065 0.0804041386600779
0.285744955826958 -0.463447552048092 0.127010687303128 0.0768483605509815
0.410949059601171 -0.385382496262819 0.170084062406651 0.0774896828281312
0.507589482567186 -0.2496511574083 0.173814003298132 0.0475936798640267
0.567352464346368 -0.0800358273698656 0.150943223786867 0.0271235238218773
0.597954875748221 -0.0104820469636262 0.0394119219152695 -0.00650228942820523
0.619256902703846 -0.0719849993329199 -0.100359969406846 -0.053668100825465
0.540037015307264 -0.210986685001146 -0.200926653232901 -0.0882729845480347
0.480730553556185 -0.372491232449317 -0.29971519035072 -0.127284317959603
0.33689068924208 -0.452853151050859 -0.254211750465948 -0.128981803371528
0.082391206408866 -0.478384054595679 -0.193329484015777 -0.110698024329989
0.0381392567024057 -0.494011588004035 -0.350136955467655 -0.133179946673295
-0.0737972101146137 -0.488820292561251 -0.485029815286646 -0.0833500626280539
-0.11033075025058 -0.405505624901856 0.360297975095607 0.242343506973004
0.050117524829608 -0.39464833487601 0.246829252444886 0.204117819847677
0.146225600393815 -0.401017790886694 0.109068708537091 0.160699117686546
0.327570550776703 -0.329111361169458 0.116573988246775 0.110462281135694
0.403154754991106 -0.262293068008165 0.201792077671425 0.058811454545643
0.457622886886511 -0.154305344192852 0.277122281555587 0.0207692874510962
0.505702833746454 -0.0363384201143662 0.332323846359194 0.0196568960761723
0.544755940305944 -0.00781179812159973 0.271464539853093 -0.0172907366629591
0.565951554883446 -0.1023597928839 0.0989789248732872 -0.0881233747798406
0.480017713182614 -0.260305050633438 -0.0885612770034618 -0.153502500612914
0.398082833016813 -0.419659579576305 -0.273310022554018 -0.161239274625944
0.238875973581274 -0.483204951406092 -0.2713198450995 -0.0898471446073058
-0.00532989648382139 -0.474175387344386 -0.216815655664558 -0.0108893151422563
-0.0315465051621506 -0.473531609686014 -0.339816418065776 0.0106333485023435
-0.105836058909822 -0.458113340988977 -0.445267412122624 0.0868636235716838
-0.0770646797649868 -0.294022104566513 0.36307076116721 0.372477374892227
0.0739198192628043 -0.27676070463253 0.216089111755244 0.303248951171651
0.153744599494809 -0.244983106657726 0.0595607936480942 0.203764701659843
0.274899411283367 -0.167262625912168 0.0949087519607138 0.133698314798982
0.297389315762152 -0.122906286914968 0.218785575374917 0.0649031339099172
0.31919786367923 -0.0607938847844069 0.348556045976478 0.0369836308459391
0.365594710100706 0.00174334671288407 0.471073680867915 0.0379402393792955
0.409211997587663 -0.0021831874211653 0.464263317987362 -0.0281792668447638
0.421831349265764 -0.0971699396107039 0.262383033840993 -0.133970161119526
0.339821153194558 -0.231110682869672 -0.00303742803834576 -0.224188838646473
0.26139043884459 -0.35503152393033 -0.243250423102155 -0.196262707092102
0.131400393573387 -0.389822851085207 -0.260510387723565 -0.0532439933257634
-0.0572177331011115 -0.365760083334887 -0.206531166731008 0.0788481557846215
-0.0677565666191906 -0.363051346435994 -0.285693167753741 0.134909420832107
-0.107772034048002 -0.351919144505725 -0.3803866396633 0.236629203925369
-0.0640105334640052 -0.141153277118321 0.364171369148274 0.453690374128196
0.0433266668078043 -0.138849934909835 0.184161122654898 0.355300189582757
0.0901737776033385 -0.104797090399941 0.0205989558528366 0.215259631187919
0.15617102671009 -0.0598740497858228 0.0771157195959838 0.145196130709492
0.143502680563685 -0.041013426784271 0.222392903380766 0.0795998043245975
0.143094551648957 -0.00763779651637897 0.382435334238406 0.0678536271276114
0.177014367003423 0.0148363253641491 0.549942144099561 0.0654437278164513
0.213330276510986 0.00480342733755251 0.589224546284403 -0.0352712595318683
0.219874325806872 -0.0533340029813596 0.366204806587105 -0.173782469263816
0.168606749161859 -0.135817807604382 0.0434458802385495 -0.273013031251973
0.129508646114011 -0.205117291173208 -0.218068058064092 -0.220127281151422
0.0652585616775749 -0.216507579396751 -0.235821796900726 -0.0295833546370276
-0.0480941053553774 -0.195852782961508 -0.182422326442283 0.13919695790277
-0.049105182796003 -0.19903114552613 -0.221862469461707 0.217029553074028
-0.0671757407648791 -0.193433677703495 -0.315485272203722 0.338421903258877
0.0226404772921949 -0.0100753011290889 0.0977163351834592 -0.425633825894178
0.0352440527851791 -0.0154096038423961 0.0499304269781037 -0.325448722571715
0.00666071104662382 -0.00362417581157375 0.0853027742753598 -0.207455944526702
0.00764918576779998 0.00697144259657629 0.168248658072915 -0.0576767711787032
0.00952065196107379 0.0127756584968011 0.212288114526928 0.140349817232273
0.0144838245740808 0.0246669840862528 0.0458501373196506 0.238190836077322
0.034995049578473 0.0216830424997143 -0.304207777926243 0.264890304429259
0.0325187666681011 0.00935403819522155 -0.54511484919104 0.213510294816569
0.0351595511312728 0.00991280136901762 -0.572585188504797 0.101043118955863
0.00242967279827477 0.0143373728451113 -0.418952097041338 0.0588005887093784
-0.0192645133528881 0.00983736458970604 -0.254470562040993 0.00356712607339118
-0.0138218879749178 0.00817365493860432 -0.126625779414664 -0.0926826165615693
-0.0228969446247129 0.0112139675811435 -0.0715003976111497 -0.173282548538978
0.00986746150502881 0.00998956598061303 -0.239791015813855 -0.265751466941763
0.010251789549414 0.00530646695089963 -0.50562341391496 -0.292591497765563
-0.117898605614607 -0.159599883084553 0.115416459053622 -0.375802917363829
-0.0919445733350175 -0.15835691760432 0.0602880842940875 -0.288738032263059
-0.109712749557781 -0.182202253733042 0.0885368180366071 -0.169908400256127
-0.0358613375850564 -0.202225829127806 0.150809975008179 -0.0313222541994464
0.0452487994135358 -0.198232478927234 0.195580880472763 0.149841559705271
0.126093483853064 -0.166715972853099 0.0429391293209559 0.236509319247991
0.214589366300255 -0.109195202832032 -0.269406022839664 0.239793552588379
0.237904035323597 -0.0670921167785317 -0.49526448604623 0.195328952036667
0.235637673594724 -0.0485385779267993 -0.538426874480819 0.0962330026746429
0.16785064471618 -0.0445547117012928 -0.413917457752051 0.0600715269132009
0.127974969218356 -0.0730452242767445 -0.277933436326404 0.00419156896927824
0.104152515306767 -0.0880541217815329 -0.148280474095546 -0.0965185986132216
0.0324566798230436 -0.10850838090957 -0.0828651176634986 -0.187608084335231
0.0336456371356318 -0.145237375170462 -0.268941469405574 -0.270991117339821
-0.0327894989429351 -0.160042597581108 -0.52941987089785 -0.277352459596756
-0.230483335954073 -0.282989408828213 0.181589770826523 -0.286632808087532
-0.183769504634779 -0.285237034166957 0.11892703839081 -0.222911218094966
-0.183715785766537 -0.343164529637184 0.118534804704493 -0.117788957295813
-0.0466789300864014 -0.390159188619739 0.150675871129474 -0.00382542946511396
0.0985188309159154 -0.383594752360209 0.182180604400198 0.132414015363624
0.237241336915686 -0.32533928513762 0.0607487357972244 0.188740389650825
0.370403631148913 -0.212221704400222 -0.177457669667314 0.172337893500592
0.4100446553456 -0.131912503092169 -0.369822807362061 0.149161060223673
0.408819571255874 -0.118261476972413 -0.443835371652276 0.0863371025918294
0.322483650388659 -0.135094232666461 -0.383161040391507 0.065094799756371
0.267963785233084 -0.199700467812286 -0.307624461218536 0.00940835610819591
0.205483624670209 -0.230442690208644 -0.192945619263361 -0.0943081059094243
0.0592838287195624 -0.252368858435656 -0.129440954397458 -0.181633710586159
0.0259924798767964 -0.299201196186057 -0.32349125156489 -0.236151090414107
-0.0875456513085626 -0.307142403570408 -0.545192203087175 -0.204561311487029
-0.288686258304442 -0.366291506372711 0.273439484496308 -0.164172196909042
-0.206929706668858 -0.384748003949959 0.202378061883618 -0.125104826510258
-0.178145033182959 -0.463589315497556 0.160362772687793 -0.0449884694101009
0.00895856567330749 -0.516669731339982 0.15873382474206 0.0253681408410807
0.182437974266247 -0.49556407385429 0.181623633736666 0.0912611526491778
0.339654496807838 -0.408467149486122 0.106023285291285 0.103445463473208
0.480249378286471 -0.2650236323163 -0.036698703123723 0.0774721470919348
0.522688220357213 -0.174890321105953 -0.185806458943377 0.0779289899309002
0.525234275165533 -0.196504757349395 -0.293639813111246 0.0553766456803977
0.428268444638766 -0.256551671164602 -0.315584658608789 0.0492571197569124
0.350443387385232 -0.366000447202978 -0.325740505522063 0.00950062862006086
0.240392366188678 -0.404762883748699 -0.245492679976487 -0.0748047937578895
0.0231803802350746 -0.395416588624299 -0.187727471163988 -0.13178774526906
-0.0298345021279104 -0.425009453644592 -0.373085144883934 -0.148582012845268
-0.153185923516612 -0.410090808342017 -0.536110991174595 -0.0790502831625031
-0.28763301665624 -0.392273005614952 0.364953923489261 -0.0194741314837544
-0.161569446729057 -0.428792736068968 0.277733481791626 0.00123809556644146
-0.0963767898047959 -0.49884623902419 0.186647404144805 0.0476280954644125
0.111148066195712 -0.530088609361194 0.16707873017032 0.0594496891663599
0.267810620272319 -0.490864563980153 0.194362455502343 0.0447246413193741
0.399203537612645 -0.389667208100355 0.181101910918947 0.0117750643039098
0.520864568016299 -0.254419764787248 0.134392203771541 -0.0161147180989914
0.555840962776577 -0.1906975541438 0.0297067612428536 -0.00587559567990757
0.557697169201935 -0.256957629776794 -0.111673208593574 -0.011150263991279
0.444585213187188 -0.363065699584541 -0.223142818067597 -0.0119724282142106
0.334264343410252 -0.498133692540706 -0.322120812769179 -0.0105183369838738
0.180218521260923 -0.530503287127091 -0.281627688393793 -0.035112048086309
-0.0648418312829315 -0.472292145498251 -0.22241214199637 -0.0397544882440242
-0.114076568626391 -0.478367887414714 -0.378925524062815 -0.0164469004308347
-0.210785247795901 -0.445417342975924 -0.487797811417382 0.0713171389189434
-0.236483158127518 -0.356956639082301 0.433304320837239 0.125319851513905
-0.0817805532681879 -0.394396599850396 0.314040532746582 0.132041344463419
0.00890852352474363 -0.428761967021841 0.174171072131932 0.135104707817571
0.195701545846437 -0.421394654351468 0.157850392347804 0.0949944804225633
0.298564357993602 -0.371399120483687 0.214614556993005 0.0163625571785336
0.382438560059531 -0.285007523067301 0.267403905391608 -0.0488862342678051
0.474671391611839 -0.194306520734971 0.305793307295538 -0.083730794069725
0.508464182658298 -0.17242257667215 0.243578754257024 -0.0922419710379171
0.499015623383159 -0.269857872471803 0.0656476723795501 -0.105468639210313
0.372460440073119 -0.390460138178837 -0.134604978487236 -0.106675405600347
0.244011518205081 -0.51623577411354 -0.305860860656664 -0.0512028391168959
0.0769485869162634 -0.529779849519678 -0.284287859305366 0.00708502359633799
-0.147143943682685 -0.442124236568377 -0.213392220278463 0.0629212014910014
-0.176473828189021 -0.438230857736659 -0.325426705802102 0.117294513174243
-0.235378551978792 -0.407858503085841 -0.399629769807258 0.22031150430613
-0.166291573263262 -0.259116461383638 0.470385537739866 0.246109730924532
-0.0181980261236353 -0.290010981661213 0.30727632069724 0.23244868286931
0.0676005235731384 -0.28152737659908 0.130412873608332 0.18892331948386
0.201400087488079 -0.250596581141181 0.135992469212756 0.117755183431976
0.24281266668362 -0.208331692774616 0.227633809308295 0.0100086005490556
0.285024630834885 -0.152765493689525 0.339116041550539 -0.0640061711230242
0.354133919180707 -0.113713379627517 0.445120646043902 -0.111846050952562
0.383504496744137 -0.126602802160741 0.421567559707264 -0.165621830470602
0.365898781685349 -0.220922374950256 0.205653915697392 -0.20145274552783
0.249018251024374 -0.321573783774164 -0.0728071710028973 -0.200824002466507
0.137186694168648 -0.414847572000649 -0.286776929636373 -0.0964722995325447
0.00567739738758853 -0.40841052144415 -0.261501341435039 0.0356143471391578
-0.16350685363365 -0.324793977773473 -0.174582832151231 0.143146371764577
-0.17519510539241 -0.323881255076214 -0.236147182954368 0.218413007785875
-0.205681522017118 -0.306854073634343 -0.296123086001333 0.340134878269841
-0.102707240345512 -0.115880899333156 0.491879470276323 0.320762346211865
-0.00134287647119564 -0.147375645844739 0.288623405506488 0.28662098007836
0.0528843490308906 -0.128126240622259 0.0901014243006962 0.205257030713717
0.127197253377657 -0.109087491324174 0.118510122141508 0.124826007020829
0.124128944596486 -0.0827027410807482 0.234087271147933 0.0156493021358035
0.13702698093251 -0.0493067121388286 0.380967435732659 -0.0503730620273966
0.179116678136149 -0.0415531633088997 0.534726767897789 -0.11398424135156
0.203839587264906 -0.0607794563633247 0.539036696206768 -0.218090945670835
0.190677193941065 -0.117894388445758 0.292371643601066 -0.273089767081939
0.116265831939418 -0.178809760529648 -0.0411032910390321 -0.265942154141199
0.0582187209084875 -0.233214619479206 -0.270583313683166 -0.132535817847546
-0.00458382582847062 -0.225146217103801 -0.230645588898915 0.0460529678691891
-0.102939632825754 -0.168018162371376 -0.131460061090772 0.190089080549983
-0.106735946248802 -0.174831430219762 -0.148260977161887 0.275111277236409
-0.120468890254323 -0.167671047212917 -0.203659617154506 0.413051006032825
0.0226145849783925 -0.0102358197005733 0.0941635661496121 -0.424450471464919
0.0348486282190436 -0.0158229779158328 0.0478168007534383 -0.324752197092076
0.006369114897945 -0.00318313143461941 0.0847037155114136 -0.206603000648897
0.00719735089607648 0.0074268673079005 0.167367004996068 -0.0584726074294782
0.00946865975429956 0.0129042310814812 0.213120026731084 0.137485834750478
0.0144685774995878 0.0239181446709569 0.0458811479291766 0.235500013150246
0.0356523601275487 0.0209470751389242 -0.302216689682579 0.264251499149205
0.0333763092527989 0.00881260560505044 -0.539758754212809 0.215418662001201
0.0352477601847013 0.00922277206639463 -0.569154545482306 0.106273069970818
0.00279219296655587 0.0143197411693268 -0.416288741438723 0.0612014062039615
-0.0191277273481901 0.0103854632693372 -0.252665656849424 0.00513190217354589
-0.0139978310037523 0.00865631427968113 -0.12737300838536 -0.0914208818752773
-0.0229242435571669 0.0120029383099408 -0.0714693556332356 -0.172489714034751
0.010019047077041 0.00988046316934307 -0.239911893528544 -0.262417341614622
0.0107810638327108 0.00531302320377195 -0.50502512220429 -0.287399208185886
-0.11929029901516 -0.157562573844485 0.114260153731145 -0.374846274604626
-0.0925252328418571 -0.157037505227005 0.0589934991233376 -0.28807179137329
-0.110160752178733 -0.179933070187931 0.0880889889265201 -0.170205904490122
-0.0370753231301761 -0.200617379157827 0.149945262268722 -0.0314640571216413
0.0432953240248135 -0.196859108010019 0.195463223111112 0.147023605642087
0.124481157682367 -0.166781500488647 0.0435202472442241 0.233821078161529
0.213889232419964 -0.110904560053273 -0.269114366493286 0.239831417414226
0.237243359207463 -0.0682047219824236 -0.491890039189927 0.197323416206422
0.234322482613226 -0.0497787286487685 -0.535894372158648 0.0989978138038492
0.166499199928646 -0.0449255476724761 -0.41023353065438 0.0631172483067734
0.12621180813382 -0.0731383164784837 -0.275790232675464 0.00544795684637663
0.102457825380021 -0.0877727106579797 -0.147974368102522 -0.0948432613529523
0.0322434977044635 -0.106721434513654 -0.0833601349862145 -0.186917412544494
0.0326136324992921 -0.144473708315131 -0.269247130921848 -0.267672991542854
-0.0337967885257312 -0.158588595003235 -0.527190536113384 -0.270515822941405
-0.231881309915536 -0.279169251703078 0.17953649739143 -0.28673577758333
-0.184455591856382 -0.282749434858185 0.117501573440879 -0.222832317096558
-0.184804876139357 -0.340313494257954 0.117525910889993 -0.118239229435384
-0.0483654992132903 -0.387777828328162 0.149774145532087 -0.00459797033209084
0.0964359196869241 -0.380904282004685 0.182697909964283 0.129805054888006
0.234352460928295 -0.32496034246 0.0608032472514202 0.186932670459453
0.368320892681888 -0.213591688444471 -0.174960907659702 0.171459208734889
0.407500702481639 -0.133391146806911 -0.366280856801212 0.150326126684118
0.405022165850076 -0.120262838318132 -0.440895487374121 0.0885578815909299
0.319355407084257 -0.135530195541755 -0.37949955272118 0.067055022760886
0.263964454365685 -0.199583256515436 -0.305777928272184 0.0124560995924948
0.202944277126822 -0.230440465019427 -0.192291225769161 -0.0926039750884912
0.0587890400854773 -0.249559796626473 -0.129736575857115 -0.181625369123963
0.0245076103572612 -0.298260797721136 -0.32287571470916 -0.232705153436535
-0.0887782013363956 -0.304823069920793 -0.543033967317918 -0.198610510521888
-0.290559266721457 -0.361388352705185 0.270998579437821 -0.164362882008185
-0.209403326732928 -0.381592007290897 0.201357785210935 -0.125496825195739
-0.180124903825459 -0.458536752429374 0.160051627666713 -0.0456209285683922
0.00454244235330641 -0.513766449939627 0.158836379951218 0.0237714609028741
0.178096518444399 -0.49318841468352 0.18167433309245 0.0892893858352663
0.334664355865033 -0.407607394450699 0.106254144814785 0.10216167983163
0.475651023898288 -0.265677077868645 -0.0356578196634112 0.0758827975889209
0.519712243595051 -0.176540742085917 -0.183867625141517 0.0785665144763597
0.520222081944341 -0.198616223763974 -0.291695382488002 0.0572879081831409
0.424738833376322 -0.257352124277363 -0.312514338475084 0.0508830073049077
0.34590522820463 -0.365028437066183 -0.323370540413951 0.0121128528607888
0.237769400718521 -0.405489419155937 -0.245026930936431 -0.0733751950946416
0.0217412342683645 -0.391658410958719 -0.188135751160083 -0.131831688014994
-0.0316949521256089 -0.423473379047525 -0.37288579040514 -0.144335678773184
-0.154666390130833 -0.405698145208654 -0.534027237678675 -0.0747596703989759
-0.287993942630003 -0.38875323310639 0.362163513020342 -0.021629119034607
-0.163260670967309 -0.425468603311121 0.27680228372586 -0.000921920949225314
-0.0980643611021036 -0.496169060170041 0.186110734912938 0.044824121769201
0.107381781979933 -0.528652918732409 0.166694869890042 0.0581297876854907
0.263133818487002 -0.489529147678285 0.194098634596495 0.0437704368102549
0.395806674761327 -0.389481072297742 0.179494047280125 0.0103775276914721
0.515612524421172 -0.255380232952082 0.133995554398202 -0.0180264197688744
0.552636534715194 -0.191845097254897 0.0296533169468033 -0.00639078400628535
0.552983423002643 -0.258827466395142 -0.110786396359805 -0.010357635861621
0.440198196295267 -0.362666903680295 -0.221270708155752 -0.0105432271056765
0.329928820212387 -0.497544876043152 -0.320030845427644 -0.00730098438317539
0.175460956769357 -0.52868430292188 -0.279723810952415 -0.0339072855399779
-0.066954499582906 -0.467454870119626 -0.222716609233252 -0.0400797899985115
-0.116159513837104 -0.4753764678127 -0.376912796209769 -0.0131513736212922
-0.213738741103404 -0.440953525867887 -0.485093319746423 0.0749492304770307
-0.237820712187114 -0.353048167963742 0.432712809282615 0.12172965172944
-0.0828916001087317 -0.393478505604087 0.313266107377998 0.12764592772908
0.00698721306807043 -0.42546087882013 0.174638844281302 0.132545350460756
0.193623040097592 -0.419813984257306 0.157945685288684 0.0929568624798118
0.294400096321929 -0.370355710406863 0.213358581775907 0.0145012813031681
0.379713162548273 -0.285133824486612 0.264917394255139 -0.0503224547286165
0.471084072843049 -0.195288536990087 0.303669265884728 -0.0859671030966678
0.505134869168309 -0.174123105636781 0.242259862055216 -0.0929800370937437
0.495429290148996 -0.271926016693854 0.065342111886464 -0.105439182699537
0.368489630506037 -0.390088003165978 -0.133787856186694 -0.104932429077354
0.238240113772803 -0.515282340594938 -0.303946184198637 -0.0476232387109786
0.0738096290591583 -0.527773887071801 -0.282628248913389 0.0077972274973378
-0.147378827255562 -0.4378514229004 -0.213283307748435 0.0622935578648619
-0.177655888294031 -0.434814317263235 -0.323675953610873 0.120015832380352
-0.236806159564728 -0.404230150375252 -0.397173282137961 0.223296868985453
-0.166447175984766 -0.257193966413956 0.469209711975104 0.241052989532218
-0.0195432724837949 -0.288085999684533 0.307953142697608 0.2288165688268
0.0655321844083693 -0.280207204823021 0.131415380184541 0.186186256254588
0.200141079210581 -0.250547955139193 0.13648672362914 0.115351970187348
0.240291239196764 -0.207901847049317 0.226400766954195 0.00855675004556643
0.282711018764648 -0.152834282345617 0.336373191883142 -0.0645040181762015
0.351891105615834 -0.114782271060348 0.4432600712047 -0.115189612539478
0.381277882956266 -0.128734596252291 0.418897586913177 -0.168195228839635
0.362638430046129 -0.222335519190615 0.204581690655117 -0.201341083110961
0.244647530932111 -0.321172505259078 -0.073042508509816 -0.198737818976406
0.1324337016416 -0.413275961199497 -0.285676966493404 -0.093437986950466
0.00238167550353125 -0.405977609629271 -0.260040117456167 0.0365274249698919
-0.163032135535754 -0.321264618309729 -0.173225413252439 0.142042842192514
-0.17626941544207 -0.321588244894166 -0.234054308224408 0.219492320205436
-0.206104984508791 -0.304375941174909 -0.2923756295076 0.340479177794022
-0.102173266500498 -0.11441063979234 0.490320690504651 0.314618140788012
-0.0017918268972522 -0.147027886677176 0.28905569857446 0.282543080475458
0.0521447602312461 -0.127469189561865 0.0912737146459337 0.202496954255461
0.125533424304638 -0.109687433176659 0.118746423327333 0.122992672003368
0.12262605338284 -0.0826874100389065 0.232747051096619 0.0145911883804927
0.135949783140645 -0.0497681238570472 0.377090112913571 -0.0508899479698744
0.177472106343597 -0.0419070590864099 0.531223164155865 -0.116779718953804
0.202396280568881 -0.0626826757913933 0.534532010740971 -0.219474333971356
0.189281387970269 -0.118513976007175 0.289876618830532 -0.273997679878957
0.114767764386865 -0.178401137164348 -0.0416410866674783 -0.263661657192255
0.0558759512678652 -0.231484540727081 -0.269103586422529 -0.129273888241794
-0.00635938864801203 -0.223902594633636 -0.229561128344955 0.0469063022536215
-0.102653708488574 -0.16687639526643 -0.130509205100213 0.189352512988273
-0.107283926460799 -0.173667596143134 -0.14656882992249 0.275811865926181
-0.12142267782676 -0.16593049977532 -0.199798062254555 0.413781610419856
0.0219921287087333 -0.00982431255533164 0.092183503014068 -0.423600492770076
0.0347704621246902 -0.0160189054891961 0.0460391007511039 -0.323822470001173
0.00641567901290493 -0.0031946059677028 0.0838305250808758 -0.206341519364598
0.00727993024138986 0.00736808976869324 0.166382200767214 -0.058960579048836
0.00923154234003217 0.0128628062032134 0.212567135565891 0.135713926438327
0.0145982022736046 0.0236467436369709 0.0457462630786643 0.232874970286828
0.0362943845592897 0.0202900215268304 -0.300014738151107 0.264332621443693
0.0332251843503961 0.00839073418303273 -0.534227313460422 0.218565047349201
0.0351878097459354 0.00873490866886791 -0.565510004064903 0.108317312983294
0.00326726730204326 0.0143690402860143 -0.412532113609677 0.0635378918682632
-0.019505021262057 0.0108333256670567 -0.250895013083829 0.00677726717756938
-0.0141287774303206 0.00856882807171387 -0.127441800115717 -0.0908727450704
-0.0224683881966937 0.0126331350328996 -0.0713419801081857 -0.171919150347382
0.00994823886094324 0.00943728966791225 -0.239196005056455 -0.258131161709549
0.0109539669953404 0.00564839559971747 -0.503985196357839 -0.281754781034764
-0.119620611773056 -0.156173863878926 0.111094687943297 -0.373538398662714
-0.0927899988726785 -0.155662748491943 0.0573845038266788 -0.287873735948624
-0.110175970877746 -0.178320858594262 0.0868344501318103 -0.169947457084787
-0.0371781810495729 -0.199009101506404 0.148905858263627 -0.0329842645637895
0.0425088640674182 -0.196034098511788 0.196056561847582 0.145299259823229
0.123441777893304 -0.166899995091956 0.0438141712068151 0.231663384739372
0.212047728956605 -0.110656579059803 -0.265469575558936 0.240098701028296
0.236149922004457 -0.0698390573686754 -0.488567439393347 0.199675890057536
0.23280336748796 -0.0511250377632911 -0.532600896097813 0.101426585489677
0.166052669584266 -0.0447877409497088 -0.407989667293642 0.0643719254521194
0.125137045849241 -0.072396688146862 -0.274407830528717 0.00730001896906198
0.101238182018203 -0.087313755508034 -0.147532481960657 -0.0933199015905971
0.0318427164966426 -0.105425316179404 -0.0834130266930013 -0.186549346844671
0.031699743014815 -0.144063907352257 -0.268752225307524 -0.26450357696677
-0.0340797140898928 -0.157447916577683 -0.527189028508041 -0.266135603768987
-0.231922637283866 -0.276832930772017 0.177603330188046 -0.288567769204554
-0.184966331004648 -0.280523026440569 0.116184685808022 -0.223002056936276
-0.18524016739685 -0.337014008697162 0.117004563776532 -0.118766020863606
-0.048944294595714 -0.38473056376758 0.148905967707817 -0.00625415713634668
0.0928293862118823 -0.379637971763539 0.182934638547886 0.128174892402342
0.231416172227729 -0.324371084030536 0.0608433293307339 0.184887201975295
0.366317293325453 -0.21427772363433 -0.1736553480367 0.170570354386654
0.405941149704913 -0.135266591418249 -0.363187514403753 0.150328133402509
0.402610717327329 -0.121354870177428 -0.437811565073311 0.0906177800986677
0.317460525886494 -0.135483460220608 -0.376539545902093 0.0695644522958574
0.262581174318531 -0.199147608919629 -0.304010742515474 0.0134847306454055
0.200606540929319 -0.229891003644395 -0.191759052731496 -0.0919746085495603
0.0581536850885236 -0.247376906763737 -0.130641111935074 -0.181054524025816
0.0227728775811303 -0.296852961201043 -0.321865874441181 -0.229553683948549
-0.0893274035904237 -0.301996595477095 -0.541285647454464 -0.194077621718115
-0.291785860609435 -0.358645114994864 0.270056326603794 -0.166572029719578
-0.207560193700397 -0.379489245624011 0.200359852547756 -0.127564709315736
-0.181046766139489 -0.455470865568249 0.159557783955154 -0.0469020551155992
0.00351526440986331 -0.511628105071785 0.158349497145801 0.0228808023219554
0.173939467041221 -0.491609790036387 0.182074871799011 0.0879252890122291
0.331703229886745 -0.406104614224744 0.10516005422483 0.100197228738584
0.471786567428027 -0.266381353916893 -0.0346284404774072 0.0750148035380449
0.517190425176558 -0.178850073540057 -0.18233127283579 0.0788275401324682
0.516565871857316 -0.199960032532586 -0.28909204955973 0.0579943689804144
0.420281323707924 -0.25728713476571 -0.310036232154672 0.0526841851040143
0.342826965059581 -0.364955119645924 -0.3212452052367 0.0142096968839611
0.232884863645603 -0.405063985140888 -0.243739365812542 -0.0717687616515457
0.0212406408103449 -0.388534406739438 -0.188685890247005 -0.13207847893352
-0.032661021809083 -0.421058124330295 -0.371431943661593 -0.140883347292416
-0.156714415039253 -0.402267271545183 -0.530286305161909 -0.0703576248229667
-0.288530862364344 -0.38410684637556 0.362085380932684 -0.0247915221101355
-0.16514784771955 -0.424020529785278 0.275966894318274 -0.00274656704196653
-0.0997472906668766 -0.492961283949222 0.185965062977723 0.0431088857815685
0.105295830361045 -0.526547507644613 0.166877698525797 0.0563128043764066
0.26007970234397 -0.487682351246739 0.193396478080977 0.0426261444502049
0.391863273784153 -0.388346328838983 0.178205446192742 0.00983210347362505
0.511582564309217 -0.255240901797524 0.134094079578974 -0.0192861826279175
0.550917238429428 -0.195115927761157 0.029545282385879 -0.0065742365149374
0.550039685959856 -0.260754646814793 -0.110190296998159 -0.00979754905829587
0.436030408243782 -0.36173767341523 -0.219479882679033 -0.00858203123068169
0.32605103612947 -0.496135366856848 -0.318374292759455 -0.00499220218476658
0.171021512288553 -0.527733475319622 -0.278866973999693 -0.0326197618625228
-0.0662355223275085 -0.463923891471137 -0.223078369243816 -0.0411221799325814
-0.11761403458299 -0.472849612265397 -0.375474812207571 -0.0104557469121218
-0.214427083605627 -0.437368147362253 -0.481225298607637 0.0778219393301609
-0.237585500724027 -0.35046111649836 0.43067690748654 0.117879121450305
-0.0845528350064229 -0.390957091233679 0.312491528109848 0.125575290897114
0.00459462078103314 -0.423316028429319 0.175158147549019 0.130744612860589
0.192088549780654 -0.418896659222423 0.157683458830096 0.090927983493918
0.290957057354332 -0.369759799727799 0.213051822734404 0.0141589682663341
0.376370231944889 -0.285664088118604 0.262823995463418 -0.0507281137291238
0.467664728536229 -0.195711610833752 0.302259229210954 -0.086087897820777
0.501991729852053 -0.175883721838222 0.24081898236451 -0.0938932803866245
0.490056905256584 -0.271853735501686 0.0652287524228409 -0.105362248980132
0.363521826728685 -0.390190764985372 -0.132935476405822 -0.103155208209305
0.234909922213803 -0.513290788117122 -0.301718120952024 -0.0458844364668305
0.0707763601150304 -0.526334475475115 -0.281578115823318 0.00823175973434064
-0.147593659885396 -0.433389030581056 -0.213096694411156 0.061356720124717
-0.178157622865267 -0.431918366274848 -0.321767687629518 0.122404590006618
-0.237607183675519 -0.40063822339043 -0.394243647508811 0.225431872974671
-0.167573268672716 -0.253993493272092 0.46990633630871 0.237991714400402
-0.020754198158762 -0.288092533774224 0.307612417859225 0.225310867075933
0.0644276395447819 -0.279155992449002 0.13189369141397 0.183537938026889
0.197728026311103 -0.250509409138918 0.1365304183294 0.114219847491122
0.23865203353321 -0.207203364263695 0.225129821668555 0.00802864629730795
0.280096253341227 -0.152877812330757 0.334068977882219 -0.0646572766567757
0.3495439680284 -0.115141722581933 0.440058619603838 -0.117619707153737
0.378641569189643 -0.129489082457154 0.415566450863536 -0.169870508822906
0.361024348791858 -0.221605122214526 0.203656191181485 -0.20202185403295
0.24394935749193 -0.320841470938879 -0.0729111065927858 -0.19718209940576
0.129254769675091 -0.411508133550817 -0.284654280180093 -0.0906401351567355
-0.000767007728295062 -0.405550356728307 -0.258866771810877 0.0369639002867473
-0.162829251556686 -0.318823659616706 -0.173289658362698 0.141752117197882
-0.17672557521837 -0.31894418012891 -0.232240801302367 0.221299631999804
-0.207857742812432 -0.300942265151837 -0.288331838656885 0.342405189052118
-0.101797046670562 -0.113257344590513 0.488699305214681 0.308935829739259
-0.00255172713500289 -0.146459537972022 0.288356168980253 0.278704200916069
0.051365681238414 -0.126706020892987 0.0919206541322536 0.200632539239271
0.125008356205529 -0.109861173459199 0.118753313054433 0.121562638937133
0.121512386953752 -0.0818055548667348 0.231979843816212 0.0138905074178366
0.135455850315552 -0.0498588136874631 0.37423304092257 -0.0501557162328982
0.17623342146888 -0.0422320856709974 0.528372887544312 -0.118892708799663
0.201215224828071 -0.0635857368189867 0.530742987076542 -0.222841862930429
0.187926852559526 -0.11899229276297 0.287437581975758 -0.274672470772738
0.113413418392537 -0.177790959304287 -0.042115243271942 -0.261199227371827
0.0543758052493626 -0.231305916899126 -0.267998493671412 -0.125836385805282
-0.00792591556032384 -0.223552987394598 -0.228025792058813 0.047300056221229
-0.102134887879052 -0.164644012975133 -0.129788121967829 0.188575940711502
-0.10765807061904 -0.172252263905593 -0.145388487343253 0.276283189947477
-0.121592313167125 -0.164308407200311 -0.197624178645216 0.414249233153906
0.0213809805650033 -0.00957490339118308 0.0905555360521598 -0.422978429362821
0.034496053644973 -0.0161536587238337 0.0453193387299755 -0.323657657532118
0.00644959969005282 -0.00303463522292524 0.0837809216540986 -0.205645800399157
0.00746663670947833 0.00732546476377864 0.165708318383983 -0.0591838721170404
0.00881772069146028 0.0129512515197225 0.212731677284949 0.133530348690226
0.0149740550724219 0.0231645289890586 0.0457117185154264 0.231175509825316
0.0366407756682062 0.019209154455698 -0.298346351768969 0.265862466929098
0.0336171007222467 0.00779919648462437 -0.532004107722302 0.22030698142552
0.0353501251000962 0.00780753479820515 -0.562679073296635 0.110192919008913
0.00359260027848113 0.0148516515453869 -0.41073163448888 0.0651859896518135
-0.0192091308977354 0.0114741790149985 -0.249354230201793 0.00728724346787353
-0.0142683824267039 0.00860684384635646 -0.127301767411228 -0.0892895391808483
-0.0223463017476636 0.0133992299311151 -0.0714833746122683 -0.171540470353181
0.0100112480485702 0.00905570161114438 -0.239247438741967 -0.25607881853209
0.0108616385961771 0.0060939767808958 -0.502748108481441 -0.277360294328535
-0.120245026162384 -0.154777872541903 0.109547755421165 -0.373317184764202
-0.0930938967962457 -0.1547272820135 0.0567143345789837 -0.28734411279548
-0.110504365287342 -0.176288546089517 0.0870273753358244 -0.169521848784369
-0.037820009764282 -0.198290328229993 0.148819271325402 -0.0329120011897598
0.0416095778597538 -0.195255642568814 0.195862998541096 0.143186655198435
0.122173677843945 -0.166571136823253 0.0434535790989062 0.229024382749345
0.211851994138642 -0.111658898408201 -0.263378706193514 0.23983782535035
0.235314794415364 -0.0703995757749317 -0.485175298658323 0.200899789887515
0.231522812489604 -0.0516488755361553 -0.530088704954098 0.102628929103149
0.165477382331455 -0.0451195520648651 -0.405475510079146 0.0652472152726811
0.123604684265735 -0.0720530228730372 -0.272492370460541 0.00824415483644004
0.100226966540139 -0.0870785964119794 -0.147512640113133 -0.0926784041980226
0.0316850292852656 -0.103802928001269 -0.0837250609531469 -0.186896856724038
0.0311253718143911 -0.144099931869204 -0.268181743666501 -0.261599302795949
-0.0347826941258882 -0.156017641026141 -0.524326000914005 -0.262024987161246
-0.233411553846801 -0.273850504781544 0.175904594854268 -0.287661686440815
-0.184552582028147 -0.278907374065291 0.115657459663939 -0.223913019503158
-0.185089419769932 -0.33382121189873 0.116838358753916 -0.118977836215239
-0.0498433419241398 -0.382406720742355 0.14854890800958 -0.00745537771049965
0.0918845867430393 -0.377327237779951 0.18299574389522 0.126066055594621
0.228246014255814 -0.323083843470605 0.0611770139399249 0.183431339996965
0.363018153501229 -0.21373023241678 -0.172546548274493 0.169989876508199
0.404845945518106 -0.136977307506448 -0.361368367150879 0.15100348459271
0.400921147147604 -0.122303345897581 -0.435932581882705 0.092292859606132
0.315659639684592 -0.135460932603887 -0.373756575074745 0.0710966268401284
0.259501756453774 -0.198771816594276 -0.302105994784849 0.0154138847178097
0.198599354693124 -0.229340154456937 -0.191579355637048 -0.0909451967081367
0.0575287370121413 -0.245093787631006 -0.130849924045193 -0.181421545201711
0.021800705781414 -0.296144820039814 -0.321374409190689 -0.227003574171868
-0.0909939550697898 -0.299855886264171 -0.539027469162699 -0.1891591885484
-0.29161413170875 -0.3558329202379 0.268886710328223 -0.16670469456096
-0.207920262284007 -0.37763340494366 0.199879324507297 -0.128146596085693
-0.181906157712926 -0.451623057380858 0.159198624924455 -0.0479389835801289
0.00363375731819213 -0.50900998300932 0.157881790618778 0.0207343091535097
0.171570835879807 -0.489439323189531 0.182080053253909 0.0856847788568277
0.328421155248132 -0.405957258092063 0.104924824505038 0.0988318525560348
0.46921012144553 -0.265760919205339 -0.0337516108526822 0.0735352278462577
0.514920158523675 -0.180658109540892 -0.180578343731659 0.0796064294811655
0.51446865994163 -0.200251993787596 -0.287768761910488 0.0593338626663286
0.41854349286975 -0.256826769243113 -0.308332038289315 0.0535097296446072
0.3383721449387 -0.364171472170154 -0.319427174925009 0.0161965455230665
0.229791733155572 -0.404109663072356 -0.243228384343624 -0.0707638779283867
0.0208512566840248 -0.384772248476408 -0.188106334951323 -0.132556985017188
-0.0341481346268844 -0.418929448302372 -0.370807146114014 -0.13806626111691
-0.157974160761561 -0.399481731459922 -0.528633611894692 -0.0674007759062055
-0.288195718710381 -0.38241372250848 0.360537598474435 -0.0269050715839316
-0.163823229888734 -0.422464357225876 0.275446774236386 -0.00472585908162852
-0.100230291402579 -0.489718823751342 0.185970013042213 0.0413533368489426
0.102570387445474 -0.525070029177098 0.166249359742621 0.0553395863488367
0.255796581240591 -0.485078023604519 0.193987440695987 0.040680443187509
0.38728104423489 -0.388671634987679 0.177971975718613 0.00902348027145804
0.507864742118364 -0.254901284623294 0.133516848111111 -0.0206953213650387
0.547650012893788 -0.195551827272643 0.0299409042615617 -0.00692590129649412
0.545309918249691 -0.260412081402812 -0.108856026102068 -0.00906308979458799
0.433161563494252 -0.362018814203114 -0.217708141531865 -0.00730914172142189
0.322247072109958 -0.495926473004487 -0.316488300191948 -0.00329421390592498
0.167356345932884 -0.526996385369494 -0.277770017353552 -0.0318317186862564
-0.067094640167909 -0.461056972042254 -0.223311181811989 -0.0415160347852448
-0.119193996159299 -0.470420364656391 -0.374560060277538 -0.00690194442841156
-0.216377478262201 -0.434393592106726 -0.47857156662583 0.0808207499192175
-0.238129294542133 -0.347850975405368 0.429707866190342 0.116047733350833
-0.0856665049388639 -0.388920180172447 0.312511267516588 0.122165172156291
0.00458565551782109 -0.420666017348766 0.174825978136174 0.127532827805109
0.189103468764627 -0.418756152759573 0.158051768208325 0.0902319025189767
0.288428472984684 -0.367964151884716 0.21232886515084 0.0133233717413161
0.372985385509541 -0.284483048215406 0.261581639407138 -0.0508627507070958
0.466576604261396 -0.195608203145623 0.3011700461456 -0.0880418259065518
0.50070417241726 -0.1778730730483 0.239505484460943 -0.0946889454499347
0.487083136729724 -0.273817982393075 0.0647801129312726 -0.105018758232265
0.360260430244972 -0.388956623185978 -0.132070549398904 -0.101740930621459
0.231939308154053 -0.512839018910736 -0.300285229027796 -0.0442035133192045
0.067117484714853 -0.5237763475676 -0.280531034771638 0.00938164252663638
-0.147377352439319 -0.430559365575246 -0.213173398852289 0.0603639672878126
-0.178935986092409 -0.429993276046682 -0.320351064550008 0.124154054302441
-0.238390318310133 -0.396540955046601 -0.390653831237009 0.22671618790551
-0.167214191944785 -0.25266257442637 0.469057942383034 0.234776620455724
-0.02208613961521 -0.286970794446855 0.306691025396189 0.223455012613889
0.0635171196969546 -0.277698357061734 0.132328645509768 0.18159939545311
0.196656149938992 -0.250534563267061 0.136699053675738 0.112777083340191
0.236292396196338 -0.206958842227123 0.224582523944598 0.00827501586473406
0.27826162756853 -0.153352027236119 0.330924039481784 -0.0638787421211265
0.346992595151224 -0.115051281038936 0.438604256689575 -0.117958060418306
0.377497502383094 -0.131726896562233 0.41356334543433 -0.170100210505316
0.358378713351664 -0.222327899737726 0.202640371647425 -0.202229823368426
0.239425648977835 -0.319726390652613 -0.0722506113291756 -0.195578933948162
0.126167060733489 -0.409278709654842 -0.282690598659145 -0.088339965746807
-0.00299759132499326 -0.403534382106272 -0.257608659933402 0.0372282227090216
-0.161613347391683 -0.315332140223599 -0.172975785693354 0.140188092632927
-0.177108718097895 -0.317742903655086 -0.231184553267481 0.222369075697925
-0.207784965149412 -0.298891051899103 -0.285452641527342 0.343246995135482
-0.101704906793746 -0.112375886027835 0.488203761995798 0.306699333655991
-0.00304531838094815 -0.146666302143225 0.287461506159564 0.27631100305078
0.0509110250450006 -0.126143587666166 0.0921342124978072 0.198230207731793
0.123995801355103 -0.11059804461823 0.118943702777516 0.120711762881672
0.12056023239075 -0.0816806909088205 0.231148764567575 0.0133488077159322
0.134539387143765 -0.0494488767484188 0.373800110711588 -0.0501382546715629
0.175169322218467 -0.0425185635070098 0.525180744781903 -0.119309056856861
0.200474810383894 -0.0645203524905262 0.52587500175011 -0.223533287727259
0.186618896275246 -0.119212208262613 0.287011332050201 -0.275390135988492
0.112315729889035 -0.177022078033742 -0.04191256037547 -0.259903193898625
0.0528406435376087 -0.230244174344044 -0.267080155371952 -0.123954658953757
-0.00944952691464581 -0.222176607336373 -0.227002818582803 0.0476471626375613
-0.101659460104226 -0.162810954295381 -0.129231372576914 0.187925448889381
-0.108180199296423 -0.171058400253474 -0.143523035223774 0.277044565995992
-0.121829629566229 -0.16289929926142 -0.193731390573938 0.41346641135167
0.0209876354705863 -0.00950767431237008 0.0881901886732055 -0.422407288989032
0.0342376253921043 -0.0158321104030651 0.0452010809476881 -0.322965135391708
0.00591613046706998 -0.00288578179195997 0.0832171605688491 -0.205319084614911
0.00727555188618867 0.0074689319181708 0.165180056823891 -0.0595013097871845
0.0086992135729818 0.013064343300802 0.212218665819068 0.13141046084526
0.0151770556511947 0.0226743551137372 0.0451802578586039 0.229420556410415
0.0371420495027058 0.0188890399625549 -0.296970914729357 0.264605797656438
0.0333796155658772 0.00728617076182585 -0.528025734083779 0.220916297580497
0.0353946888640306 0.00761449607828712 -0.55985381826844 0.112053536886199
0.00416065523740725 0.0147044933298614 -0.409269978026719 0.0653544385360765
-0.0192498496478674 0.0117219875354026 -0.247967964088641 0.00832235349376014
-0.0143590931248066 0.00879244123418113 -0.127369037194676 -0.0889108214995876
-0.0221620365587229 0.0140478072999232 -0.0714953449298868 -0.171062889704006
0.00996194169942145 0.00858425224502848 -0.239292383847812 -0.253696951020051
0.0111068036692392 0.00581014815434289 -0.502446730652047 -0.274638093370628
-0.120738163801796 -0.152708725957371 0.108426081849651 -0.373067028983234
-0.0932678526032033 -0.154043122019651 0.0565821116434721 -0.287042126577484
-0.110705585255658 -0.175228305357107 0.0868427974463367 -0.169458544927838
-0.0380189011255107 -0.196721595005617 0.147807302133756 -0.0343860492258716
0.0399658788920499 -0.194349072407023 0.196412769956601 0.141639285392362
0.121012891166229 -0.166544316704329 0.0433197882703807 0.227867288375039
0.21150523388412 -0.111806850715155 -0.262587050007814 0.237114850677757
0.234691436607352 -0.0714176174922374 -0.482411810198887 0.200309344069784
0.230955022077999 -0.0527207449887746 -0.528040631272417 0.105395811492598
0.164550053984393 -0.0449173862620398 -0.402339362416861 0.0670082709119845
0.12285124043318 -0.0709633342579277 -0.271108756091787 0.00975795847037565
0.0989667870986518 -0.0871260237409325 -0.147786273453332 -0.0921950160570382
0.0317483562010964 -0.102710965938987 -0.0840142893063831 -0.186502185281307
0.0307170361237797 -0.14342226105407 -0.268188479130645 -0.259420170723955
-0.0352486626832495 -0.15514849349986 -0.523797465681682 -0.25856525726877
-0.232926137151872 -0.273066053668343 0.17523767995797 -0.287896709311185
-0.184620133119365 -0.277686737702984 0.115491497867105 -0.224299588680933
-0.184889197044528 -0.331297094823133 0.116816197017169 -0.120195440103058
-0.0504659570505392 -0.381383160033077 0.148049871561948 -0.0081975477764855
0.0899217283253894 -0.376624583276966 0.183043886782632 0.124855900282651
0.227196855093954 -0.321887918500445 0.0609268237188082 0.181339308630247
0.362945600580691 -0.213615462334809 -0.171234047993676 0.169014449842296
0.403266197061416 -0.137283874332642 -0.358897898848523 0.1518641634652
0.399325956702721 -0.123159516773944 -0.432548328314125 0.0933830307799248
0.313801147937508 -0.135663125492657 -0.371695093622975 0.0722632604513607
0.257582643935077 -0.197791830789421 -0.299751691625537 0.0162369858112319
0.195523095840475 -0.229097407476979 -0.190716394086384 -0.0903358003000447
0.0575966082017875 -0.243009142764612 -0.131791382865117 -0.181919415252943
0.0209177236220374 -0.295250660808239 -0.322124143900241 -0.223702833762804
-0.0916423813618656 -0.298140810647873 -0.53763203787163 -0.186267631285146
-0.292991456697044 -0.352255101462317 0.268507136177494 -0.167161458864969
-0.208702796335639 -0.375654126605652 0.199126460317019 -0.128970936949688
-0.183428664247022 -0.449235406597197 0.159802789358726 -0.048904494413456
0.000652176150550274 -0.507660588804964 0.15770117561184 0.0197473443013017
0.169224881316998 -0.488003560684609 0.182009247875211 0.084856195504194
0.325197334535612 -0.404241590477626 0.104960458045815 0.0976622800377388
0.467296378876664 -0.266447015686584 -0.0340464820581702 0.0722910670627591
0.513001858008962 -0.182152867510349 -0.179804802137961 0.079409179762006
0.511394543216634 -0.201521063824585 -0.286258854528925 0.0605236970660456
0.416113583081682 -0.256196116059763 -0.3051405455521 0.0546100422627141
0.33526097022109 -0.363163380955235 -0.317736704948732 0.0186144934743494
0.226272510776446 -0.402035628196455 -0.242552636834205 -0.0701343360369049
0.0198781776998779 -0.381950173218048 -0.189802655095185 -0.133621749627092
-0.0359877948609976 -0.417952286262705 -0.370341642593597 -0.134974162949935
-0.158419446821209 -0.397474511941598 -0.527445405876494 -0.0638151739946156
-0.289166334114744 -0.378111533378005 0.361368890933657 -0.028615234809188
-0.164851857522598 -0.420057988232966 0.275475564717459 -0.0065368365185994
-0.101128336114432 -0.48605947119804 0.186324891978675 0.0398224255730955
0.100954809557854 -0.522428219130026 0.166682275860743 0.0536850496527517
0.253693803440789 -0.483839054202515 0.193579295867055 0.0405521936528532
0.384270578060892 -0.387580214941968 0.176865909968088 0.00808433047022406
0.507183474440918 -0.256098322912521 0.133559724207444 -0.0224458478855956
0.54699707848966 -0.197699971374239 0.0294595431317061 -0.00720597155585032
0.542580952027659 -0.26220754221634 -0.108381191473225 -0.00899382704251734
0.429595009620217 -0.360727766012536 -0.216013443704465 -0.00605330238968494
0.318295147557148 -0.492920381595958 -0.314288427570472 -0.00100583362396531
0.164988273395398 -0.525689143979996 -0.277006448692047 -0.0313492688379148
-0.0672438896332981 -0.457507378371762 -0.223933709557939 -0.0423807042283653
-0.120026185463308 -0.468089373546587 -0.373344697628313 -0.00501036357083971
-0.215995928582193 -0.432077575153952 -0.475782420073683 0.0838332173959533
-0.238002699743873 -0.34404420492742 0.429450567614849 0.112987753514165
-0.0855643124920511 -0.388341327954905 0.312010165170216 0.120966135591515
0.00307973382568515 -0.417898263731183 0.17551132306728 0.125246479540014
0.188163555514587 -0.416771010723754 0.158691502022312 0.088164946617577
0.286119607080244 -0.367080900707223 0.212103555623426 0.0127253309794691
0.371208832647474 -0.284114253006461 0.260435324658399 -0.0504853695327824
0.463394393094511 -0.196161760858899 0.299877081153428 -0.0896647953575315
0.498335974813297 -0.178426563147724 0.238200045800151 -0.0955913234119246
0.485389267592956 -0.274256653501677 0.0646799676237549 -0.105448598222191
0.357589208837433 -0.387999450013622 -0.13092858800371 -0.100639711854891
0.227911770265857 -0.510603091261523 -0.299078274225508 -0.041423411424314
0.0636864974594488 -0.521841261510445 -0.279309097268702 0.00927194641496095
-0.146787377198809 -0.42788249179728 -0.213457840653436 0.0594744285804299
-0.18039415119773 -0.428419287319642 -0.319955996761799 0.12622694732792
-0.239375523745148 -0.39311874533966 -0.388575213689223 0.227732633425509
-0.167427868624022 -0.250855059474239 0.468214603532161 0.231618492872613
-0.0222306706969083 -0.286684176148395 0.306694716177079 0.220436654943069
0.0634449421107521 -0.27622888051103 0.132287649185286 0.179115241983616
0.195644840142867 -0.250139799130437 0.136519123984919 0.111845027743508
0.234368630511041 -0.206099037829246 0.224301336478263 0.00816781571004656
0.276714265250731 -0.152937355706606 0.329620027224491 -0.0627376712141422
0.346012436776909 -0.115097629299195 0.437119655284539 -0.119043413275224
0.37621213514849 -0.132015625513217 0.411681561969083 -0.171091692635703
0.355718960760663 -0.223932287982029 0.201863439826821 -0.202490215534768
0.239035502239582 -0.318113581223531 -0.0715468191589715 -0.194216126913912
0.124797902250931 -0.408917504080175 -0.281123696467849 -0.0867429399075136
-0.00407553405091231 -0.401820110544677 -0.257084100327107 0.0370852653120582
-0.16125054782266 -0.313157071032587 -0.173004061351476 0.139572753370997
-0.178361653978646 -0.314913653138023 -0.230144658010912 0.224136374100687
-0.20895923637341 -0.296599277448682 -0.284444669234255 0.342950062149971
-0.101873179805528 -0.111247214341679 0.488190653052191 0.302778686606353
-0.00344642229160163 -0.14676268137969 0.288052867188548 0.273899523181834
0.0509002143313949 -0.125887457605755 0.092232918106589 0.196808396973174
0.123436945847725 -0.110719318703975 0.118902973153812 0.119900007383242
0.120159560657961 -0.0814025018333802 0.230344482537842 0.0134774652097168
0.13427916608085 -0.0497754557058736 0.371036878570016 -0.0507069736893638
0.174448764151007 -0.0423863910421492 0.522193973077656 -0.119994651440628
0.199537101421103 -0.0652301948641134 0.524770322621016 -0.224765078323135
0.185913562710399 -0.119690971262256 0.286556665187381 -0.275623453368372
0.11141990429926 -0.176598053239581 -0.0421627273522441 -0.258439528658911
0.0513823954240691 -0.229572568974897 -0.266489881660115 -0.12256533530245
-0.0104137774859558 -0.221909280682314 -0.226568480724196 0.0477435127475561
-0.100923370720812 -0.161569662705523 -0.128854318306431 0.187534896347859
-0.108293898881007 -0.17040051442407 -0.142374501518932 0.278352124395317
-0.122449243515148 -0.161733042609461 -0.192627066043669 0.413854369594635
0.0203940377407875 -0.00889959558511294 0.0873060031720408 -0.421368990969723
0.0340949176689557 -0.0160335762943723 0.0447178203087833 -0.323489670190737
0.00594873376107704 -0.00261362240885723 0.0841091140538236 -0.205123413021936
0.00734950771349815 0.00773355009165561 0.164686855335305 -0.0603214722188974
0.0083003964443238 0.0126772750199069 0.21231149419246 0.131215187468385
0.0153103984052977 0.0221316011394641 0.0440842260561585 0.22807417991145
0.0379902325563853 0.0175419861507061 -0.296154845198068 0.264917565234074
0.0341272047558996 0.00669630890331676 -0.526814465031386 0.221881316897235
0.035155068448516 0.00649909317424141 -0.558597890090835 0.11342096664131
0.00391804966031658 0.0148210448269023 -0.406353520989562 0.0663237581091917
-0.019488727007376 0.0124867067302166 -0.246665095143255 0.00855196145991588
-0.0142468591999185 0.00918020532480592 -0.127515783032008 -0.0880017468666061
-0.0218191500377408 0.0148397601362335 -0.0708362352175279 -0.171487066167941
0.0102032840471418 0.00866031734444729 -0.238498498014741 -0.251847261962137
0.0111318507634077 0.00599482298989928 -0.502318644532843 -0.272610724844737
-0.120289661856872 -0.152152771514654 0.107521647443585 -0.374841818928132
-0.0932628585504516 -0.153435807533583 0.0567982188819813 -0.287264760039252
-0.110281943898894 -0.17404057041973 0.0867382119415822 -0.170645440433474
-0.0381110276461253 -0.196739890647232 0.147884070914352 -0.0345170883802462
0.0400587590965351 -0.194136594263652 0.195891710350282 0.14027458796724
0.120663380642286 -0.166215975489703 0.0428085470340021 0.226290863503633
0.211517809861254 -0.111898259482649 -0.26177879122401 0.237411147871072
0.2348338092104 -0.072159093957308 -0.480065562611132 0.201401650666926
0.229914740779788 -0.0535265092750806 -0.526450378193924 0.106368807933116
0.164247366488699 -0.044897077037897 -0.40118981951405 0.0674737584991576
0.122452733832179 -0.0704973833927655 -0.269512741271241 0.0100899132993557
0.0982407240095339 -0.0865553605273745 -0.147408159146331 -0.0914997317305744
0.0320988930174109 -0.101525682803824 -0.0842589867819767 -0.187144098563156
0.030773599594849 -0.14335817390821 -0.268666794977278 -0.257505814915638
-0.0349600866235552 -0.154147069959009 -0.523477755073076 -0.255320400358612
-0.233596366421049 -0.270877121555596 0.174101178966301 -0.289298006043775
-0.184449121930893 -0.276879618193373 0.115354108406132 -0.224107887616454
-0.186198519889819 -0.328811069009107 0.117174653716074 -0.120646496019852
-0.0513625321680474 -0.380851048441546 0.148167396918049 -0.00867792486314526
0.0894044073137261 -0.374983221175119 0.183777038725204 0.123105395892286
0.225485089619221 -0.323181421842158 0.0602051957209119 0.180537531282358
0.362263267909228 -0.213586995986938 -0.171075881221634 0.167350477135943
0.403205176294823 -0.137784580702881 -0.35770862611017 0.151996345760531
0.397691655038563 -0.123843518786572 -0.432332066703571 0.0937239820805701
0.312839223305949 -0.135011973482225 -0.370349055852768 0.0731580455584678
0.256679572327488 -0.197107246907215 -0.298813057641946 0.017252722030646
0.195136681978329 -0.22877995196895 -0.191301473845496 -0.0899754321194517
0.0578512190806103 -0.241626229355718 -0.132291836743946 -0.182657510612722
0.0207258417873791 -0.295039837474481 -0.322229533034305 -0.221815542915958
-0.0920098405750847 -0.296589799944005 -0.536907672384563 -0.183208644596758
-0.292634755575381 -0.34983453371489 0.268518317767087 -0.168381454936303
-0.208711242831512 -0.374145985556705 0.19987390266347 -0.130030461361027
-0.183110921577873 -0.446122990567819 0.159976551309842 -0.0500274753534303
-0.000484666657545743 -0.505725138923026 0.15811137188284 0.0183747953853133
0.168702203765415 -0.485903223838645 0.182713530237082 0.0833875380228084
0.323678705134959 -0.405495264074406 0.10434189006155 0.0968086523393187
0.46754218409141 -0.265595061714495 -0.0330478771197292 0.0707877925824592
0.512950115905405 -0.18182824064926 -0.179175779139786 0.0797168809407004
0.51026146527881 -0.201436901691559 -0.285388048713343 0.0606201081777545
0.414036670578706 -0.256606121639345 -0.305026351316379 0.0564106238757286
0.334525201238466 -0.360688718434149 -0.316128154482487 0.0188043975882305
0.225639523814031 -0.403066994899245 -0.241990992420721 -0.0699626342421307
0.0213975617409465 -0.381189640383235 -0.190494021680983 -0.134367507678127
-0.0365879857965253 -0.417350398307528 -0.36998204391623 -0.133108711216229
-0.15911515033548 -0.395613336566321 -0.525343513984784 -0.0619993678826508
-0.288905991891054 -0.376069518816344 0.36007234333506 -0.0300072819436731
-0.16668825162497 -0.42005952739379 0.27527655819252 -0.00706548094424078
-0.101405760635842 -0.485143908775603 0.186018889261163 0.0389215820706867
0.101496468846387 -0.522448542587107 0.16615388079473 0.0520656087000958
0.252690460683462 -0.482069819053001 0.193967535639689 0.0393320029278237
0.383599590025321 -0.387301904216209 0.176017793409223 0.00780655369083523
0.504958828805821 -0.255211625189704 0.133890261866444 -0.02361751554489
0.545660074958424 -0.198296717462432 0.0301495654482071 -0.00714374165518875
0.54166970086756 -0.262327618185892 -0.108291795088171 -0.00897984516126255
0.427700856632987 -0.35971280472769 -0.214757971134171 -0.00557074693025145
0.31675425849766 -0.493347098969079 -0.31366311814508 -0.00011500224844417
0.163007177404951 -0.525123780017886 -0.276782537479196 -0.0314099996296575
-0.0657572612637253 -0.456078812584581 -0.224934868988715 -0.0437023540752501
-0.12089691293864 -0.467234608791444 -0.37317894080519 -0.00338918656702986
-0.217305723257693 -0.429997766530981 -0.475078787724312 0.0844132210731845
-0.237955426247746 -0.34433605173771 0.43042372510356 0.111339950772795
-0.0864680267778841 -0.387900228605018 0.312974587233245 0.119229136159397
0.00351800376899168 -0.418090441514995 0.175337094404244 0.124189667236895
0.18665495769099 -0.417449609440938 0.157866955169898 0.0880614901296936
0.284683217415017 -0.365736493553108 0.212273516406318 0.0121785351254801
0.37133428440703 -0.283125720260037 0.259117826195165 -0.0509312509788479
0.46194088709475 -0.194970628981402 0.300542613406586 -0.0903296994724237
0.498093887130181 -0.180593634535105 0.23788199869627 -0.0956495825968015
0.484416009012304 -0.273103572619795 0.0651112765914574 -0.10554489529718
0.356232845939322 -0.388152792969702 -0.130421046694531 -0.0994963572834096
0.226215894603985 -0.511308004669149 -0.29796055117663 -0.0403604511999815
0.0625597971168477 -0.521526813914012 -0.279183258256656 0.00909707166350602
-0.145567274790139 -0.425775615918702 -0.21444455761769 0.0583361823125701
-0.180171783382981 -0.426646003927573 -0.318928528711575 0.127914959023592
-0.240366791534802 -0.393455479579934 -0.388620294763169 0.229094677947333
-0.167437762419283 -0.249904253776652 0.469491522827334 0.229423049359383
-0.022681604220077 -0.286511676922215 0.307204616152174 0.21852226353137
0.0624038810647621 -0.27604626982588 0.132473519102729 0.178075085607175
0.195125623926861 -0.250369325716283 0.13622022903391 0.111288089107296
0.234288629774731 -0.204793690984025 0.224870616153043 0.00775960211895487
0.275651795483728 -0.152630479948959 0.329591116458884 -0.0636655957186611
0.343577127685171 -0.114393179815934 0.435339631029987 -0.120294164457767
0.375279043784965 -0.132868385718159 0.410148494899723 -0.172151750196278
0.355067956585234 -0.223568724583118 0.201710105588242 -0.203205938813525
0.237240651525461 -0.31851070078814 -0.0717763234026376 -0.193052903710487
0.123022124720779 -0.407491125920934 -0.280440503740887 -0.0851867721243139
-0.0061584050691773 -0.401889523676615 -0.256704319803056 0.0371218863202012
-0.160412749323394 -0.311436328000173 -0.17359754606113 0.139062556571217
-0.178142622641492 -0.315342770774865 -0.229796973913527 0.225428828951913
-0.208693509014174 -0.294934896092222 -0.283343149911086 0.345220901673972
-0.101477224374908 -0.110829641934605 0.487405841504811 0.300732957772207
-0.00392889837864862 -0.147112782050047 0.287907589742577 0.272436010175075
0.0509121229730172 -0.125174870953411 0.0921221077899724 0.195504249164588
0.123078139723121 -0.11133595408926 0.118502410684722 0.119693202928576
0.119540773192759 -0.0810479919760672 0.23008657345411 0.0137320501270033
0.134072196065952 -0.0495224668813787 0.370459571576142 -0.0503779770656935
0.174316635463179 -0.0428244946163656 0.520526631560968 -0.11992551386153
0.199304182371942 -0.0661819447794743 0.522899158941222 -0.22547724435414
0.18537563234 -0.119857217429633 0.284820436617304 -0.276176635049631
0.110812603064881 -0.175934195262102 -0.0417371307300165 -0.257226654363995
0.0504228442128089 -0.229134869931197 -0.265537796163083 -0.120653469945064
-0.0110250026151381 -0.221676346740047 -0.226580036183769 0.0474664473091478
-0.0999908061932625 -0.160679264309428 -0.128938706015994 0.186906880003462
-0.108596507033647 -0.169968214550631 -0.142262508842691 0.279752313910061
-0.122634816447033 -0.160861086120922 -0.191644650220073 0.415064101726643
0.0205544857155937 -0.00853724474043566 0.0869748504808927 -0.421657323927266
0.0339498529535874 -0.0162981386319364 0.0451030629729952 -0.323878561435026
0.00564074105432672 -0.00262411306683026 0.0841107411089721 -0.205386718986613
0.0071765009813636 0.0073938905016605 0.164539810027881 -0.0596213923159615
0.00838669401021394 0.0128641326327759 0.212468445455739 0.129679425612753
0.0154592856744633 0.0218869860820128 0.0429647689588383 0.226526659772829
0.0382291141515881 0.017415933584759 -0.297179509358668 0.264417239013625
0.034173679157042 0.00634573215506194 -0.52429385850573 0.223442994058571
0.0353393312865487 0.00634105962493444 -0.556720959446995 0.115027058289124
0.00477513856574039 0.0145425299365609 -0.406133266486054 0.0672378459612603
-0.0195153690625295 0.0128634699346694 -0.246146011098379 0.00921906959020061
-0.0146802796353683 0.00970467508872695 -0.127738764805124 -0.0879931390915701
-0.0213901601879064 0.0152780991044099 -0.0708601757506746 -0.171897671630693
0.00979370092492773 0.00855809881897514 -0.238269465373392 -0.250148674364185
0.0111724396480543 0.00616394728285689 -0.501065432515416 -0.269147167676311
-0.12177990944791 -0.151008406664507 0.107009445307168 -0.372651903598632
-0.0932091198943532 -0.153492861634846 0.0568712600619472 -0.288171516671946
-0.110019811509018 -0.172962366241703 0.0869850016126414 -0.170616739832694
-0.038584359510173 -0.196579734560157 0.147312273117996 -0.0348053416242251
0.0394158326315251 -0.19388023413025 0.196754516123531 0.138968006218548
0.120459542223974 -0.166710764829947 0.0416669576439131 0.224953048207053
0.211619724952144 -0.112162892456734 -0.26153829518115 0.236628427944918
0.235105579918575 -0.0726462387323248 -0.478230357462968 0.202469295379742
0.229784755575808 -0.0540482431375494 -0.525146295389415 0.107363047503151
0.164099273763085 -0.0444961286247255 -0.400071338541575 0.0678283238175397
0.121527871651503 -0.069919164588553 -0.269128156224269 0.0111310479615387
0.0978537269535997 -0.0867345457333775 -0.14771303602231 -0.0913112594601733
0.0323189515680512 -0.100351417119583 -0.084295612039757 -0.18780718287416
0.0307296244014083 -0.14362449368922 -0.267966690694131 -0.255288231714764
-0.0356214371391899 -0.153514811556543 -0.521692301352081 -0.253443798555902
-0.233613813595799 -0.26919118468911 0.174020137285987 -0.289948218990888
-0.184634073453715 -0.277005672011892 0.115541301622738 -0.22515686821209
-0.18566361014086 -0.327870498275363 0.117479649660708 -0.120427473126387
-0.051522197778959 -0.379872407600837 0.14746878646476 -0.00989626447217804
0.0893778904507779 -0.373995009160661 0.183851816781339 0.122065153799381
0.22573398574172 -0.322160833695188 0.0597944508111192 0.178694466748805
0.361235459466447 -0.214233776219993 -0.170466554202197 0.16705648296355
0.403183150860727 -0.140425594699906 -0.356867163501079 0.152672083657199
0.397009379225096 -0.123913880526063 -0.431593196434342 0.095245004549644
0.312297552393401 -0.135240465944718 -0.368504407747916 0.0729942463600857
0.255296112093371 -0.196779503248518 -0.29770971840767 0.018257205578597
0.193511680523432 -0.228621265539148 -0.19069166318649 -0.0892747185228432
0.0587004607321218 -0.2400229243521 -0.132567324753186 -0.183759795211948
0.0202721714670328 -0.294838726904783 -0.321750987001488 -0.219682188586668
-0.0923137592608273 -0.295957898848952 -0.536464735093671 -0.181807108429419
-0.292947394488421 -0.349048660462023 0.266878728677059 -0.170243034623491
-0.209350027087731 -0.373372753642011 0.200447232971087 -0.131180005832776
-0.18153168195236 -0.445149577519099 0.15958908837407 -0.0511997239678382
-4.11126594443093E-05 -0.505756925404898 0.157227776388477 0.0182068937606016
0.167432214702096 -0.48505970469607 0.182734847891409 0.0821987292330625
0.322316935293772 -0.404283659800722 0.10406241881009 0.0963374108086595
0.467001612816633 -0.266103291597721 -0.0328034712388402 0.0695078488449738
0.511856474624156 -0.183150400454415 -0.178449506029714 0.0797632997990297
0.50838591578928 -0.202906488715156 -0.284863789616764 0.0616356818237741
0.413200046486948 -0.255232617759274 -0.302681622573018 0.0564575411179971
0.332397593299871 -0.360855363479022 -0.315035867885291 0.0197767231537767
0.22177341519523 -0.401623355529755 -0.241658472083236 -0.0698716548701253
0.0222364188841484 -0.37862077913137 -0.191172469433765 -0.135949014852942
-0.0369832779296239 -0.416800791997832 -0.369435124286848 -0.131123312391903
-0.158985564636422 -0.393853617076028 -0.524745570216328 -0.0601692147631354
-0.288986168123194 -0.37458140671242 0.360512295036446 -0.0319440517125704
-0.166849492910462 -0.419583845638281 0.275346354797809 -0.00846270688891543
-0.101783720466064 -0.483342990897469 0.186394905298405 0.0373265041217219
0.100983390563935 -0.521783548157528 0.165921490008261 0.0519341967941226
0.252858155623855 -0.481472050841107 0.194252534499944 0.0385955394950672
0.381713079790292 -0.386801239090932 0.175798708234696 0.00756097949979436
0.503231274088409 -0.255443670801957 0.133838209660384 -0.0248990823506577
0.545509899775965 -0.199464251225501 0.0301812689945072 -0.00760690568193573
0.539439247234267 -0.262183721123011 -0.107168598145615 -0.00849674375404677
0.427573913540687 -0.359742163570136 -0.213625376867286 -0.00457578099033042
0.315090097794779 -0.491781524443807 -0.312381304888621 0.00101840008814786
0.161277634045456 -0.523813344393012 -0.276299715714394 -0.0314620121154805
-0.0652289820591568 -0.452735589761856 -0.225609782385863 -0.0447169856409933
-0.121870960665397 -0.467410551464 -0.373489415394151 -0.00120695400827835
-0.21721224663752 -0.428998240660686 -0.474373829619321 0.0875891496280387
-0.237683724951821 -0.342636283892603 0.430036798558996 0.110649531451606
-0.0868458839988123 -0.38872877829999 0.312610550508305 0.117088117275043
0.00248545133307349 -0.416250923254363 0.174537291574489 0.122706066635009
0.186557884383574 -0.415227555689145 0.158383259794838 0.0862763682448082
0.28389282993518 -0.365483793674729 0.212253314345117 0.0119654978032552
0.367941379664334 -0.282818540761299 0.259517824916281 -0.0510402397122064
0.461071143398211 -0.195292939718543 0.29972983106654 -0.0913124394594272
0.497205176488883 -0.180905944944281 0.23703479506617 -0.0958961665100267
0.483226102531104 -0.275584489323681 0.0649959840552773 -0.105290769575232
0.356475076514062 -0.386819143762036 -0.129163252950826 -0.0989762006020715
0.22425321114717 -0.508678682483989 -0.296884387018584 -0.0387256543225166
0.0610172233001794 -0.521104113672279 -0.279165691009185 0.00956090818490031
-0.14520268207682 -0.423974168671353 -0.215598521296262 0.0576687077488663
-0.18140886630313 -0.426334343931587 -0.318673395346005 0.129762880392203
-0.241406226159424 -0.390836197302824 -0.385669277838637 0.230825996465781
-0.166829898372144 -0.249181804778358 0.467846803403132 0.227446687500198
-0.0230711662579152 -0.287205939868072 0.306221090273116 0.216194507908868
0.0624342526408883 -0.275176573867386 0.13231029033853 0.176232523849811
0.194827159186292 -0.250218220799023 0.136535882603871 0.110120084671522
0.232660197937241 -0.204169729404222 0.224422924103666 0.00774438944683334
0.274804639943247 -0.151896957430295 0.328458338358771 -0.0633826940769506
0.34380512338594 -0.114972336301128 0.435106995212862 -0.12133573649712
0.375230750348463 -0.133103673044172 0.408854449960178 -0.172577286028941
0.354043946783702 -0.223447815261969 0.201489629835452 -0.203320346009375
0.235640048100711 -0.317488114098518 -0.07087848629595 -0.192185400286511
0.12182559420824 -0.40696181311965 -0.279630246968709 -0.0834810676995279
-0.00726045479973371 -0.40054246844265 -0.255959832889205 0.0369470611471178
-0.158846670730179 -0.309895830673692 -0.17479207545103 0.138196885282741
-0.17885939444922 -0.315077120828199 -0.229040160925811 0.22681742990955
-0.20941784931149 -0.294463665866651 -0.281169094238514 0.345435271475036
-0.101334292069898 -0.110368462432202 0.487120257976441 0.299613698100742
-0.00420583971236279 -0.147146507063763 0.287152235897538 0.27017735793389
0.0512242277415525 -0.124357635389255 0.0921660020704009 0.193951668134224
0.122762746243607 -0.111345389518373 0.119141098318592 0.119110560996573
0.119401005442382 -0.0806621955095509 0.229995987983781 0.0129424278765799
0.134132912998584 -0.0494727914096235 0.369361345501028 -0.0493860534610486
0.173514825984541 -0.0422762941644097 0.520685199739821 -0.119889772851376
0.198866557641259 -0.0666741950120608 0.521065661027662 -0.224925078385898
0.184798373410375 -0.120232315224 0.28384599107354 -0.277251409404171
0.110805227580334 -0.17548261466056 -0.0410957417102061 -0.256058853593141
0.0495052749739027 -0.228336257180128 -0.264902354679815 -0.11967932501974
-0.0116854699222173 -0.221357250238954 -0.226563204867495 0.0474801975729414
-0.099297919425688 -0.160096554328719 -0.129031784327478 0.186352990516156
-0.108721298278129 -0.169824740709157 -0.141888079771716 0.280278895386511
-0.122928134577768 -0.16071416360224 -0.190267447863863 0.416411704107237
0.0199285970870123 -0.00808773631951016 0.0855628454725069 -0.422751544342873
0.0342794080777901 -0.0162242266928774 0.0446661064145113 -0.325293517716535
0.00528230081004166 -0.00203325842436799 0.0844534142601528 -0.206208820898092
0.00730422866218441 0.00792188429268632 0.164879849754312 -0.060185146691235
0.00798178966208739 0.0131467656941571 0.212171663720683 0.129534774803554
0.0157431630306058 0.0212340510477839 0.0418229320953457 0.226299586550785
0.0389434027992821 0.0165900449904559 -0.296483561681597 0.265557925227278
0.0347560472881561 0.00599947238998483 -0.523947158567227 0.224003937095889
0.0353909064731177 0.0055442766664951 -0.55666550359712 0.117018219450387
0.00518768825986037 0.0149792277215687 -0.405928403779017 0.0681172843330937
-0.0194966015785478 0.013902308298189 -0.245397091571799 0.00940492530191871
-0.0145553296353833 0.00990174771263721 -0.128163815287554 -0.0875925081277251
-0.0217253287239943 0.0157479314769709 -0.0710536662101186 -0.172454846922953
0.0100418862788469 0.00811408604399684 -0.239125362431176 -0.249685187313231
0.0112274603023752 0.00702880438565554 -0.500411334004197 -0.267759791673289
-0.121907633746774 -0.149556595177724 0.106857571589623 -0.374042508605614
-0.0931149414479999 -0.153793728643893 0.0566746265053744 -0.28863777087865
-0.110974118344868 -0.172406877148682 0.087910079211341 -0.170942022947506
-0.0389334429231069 -0.196572416993771 0.147286839298328 -0.0347291690737706
0.0385965858972393 -0.193671536137626 0.196553774867734 0.138367761035195
0.120510105503465 -0.166840737302317 0.0415811946738156 0.224093409272683
0.212709551853567 -0.1127309517563 -0.262822822079103 0.236127182754408
0.235534249769224 -0.0738268436173183 -0.478560777918252 0.203745705636442
0.229750934655375 -0.0545946830749785 -0.525730318545998 0.10888476778326
0.164160394711968 -0.0449656115217177 -0.398341084133483 0.0699193323098839
0.121387494641007 -0.0694584994876001 -0.268289674531683 0.0110250863013263
0.0967392097090419 -0.0863954780924762 -0.14776111785004 -0.090681510694149
0.0326575207574279 -0.09919810274835 -0.0848235725482953 -0.189076592844939
0.0303181319888951 -0.143946206217233 -0.269116766903198 -0.254271324911379
-0.0356921332227495 -0.152802770432057 -0.522429395373384 -0.251297901491235
-0.234188403887939 -0.268455563376263 0.173667117760651 -0.289931746942529
-0.184111924114784 -0.275965188305335 0.116328687537202 -0.226283563769483
-0.185786375980068 -0.32820342602201 0.116925727611222 -0.12162938941642
-0.052012598324365 -0.379244994294684 0.1475533441878 -0.0101094463228446
0.0892239653831564 -0.374182670971161 0.18452092282342 0.120957629342585
0.225260109848674 -0.32224439263747 0.0596005378033872 0.177776761515472
0.361617169343586 -0.214863763195264 -0.171103516162172 0.166131753806349
0.403751056553103 -0.14055967363053 -0.356394303467252 0.152817038156415
0.395619238326635 -0.125133737974348 -0.430630823956038 0.0956927574991272
0.311355835427755 -0.134858183592497 -0.36788322654464 0.0748037760265043
0.254139746312864 -0.196072708230915 -0.297332700495694 0.0192039159039311
0.193701730956526 -0.229022765464435 -0.191672150910256 -0.0892416382018434
0.0588736224566066 -0.239328973820225 -0.133804372364789 -0.18494031140737
0.0194498251865616 -0.294803515584774 -0.322504136207505 -0.218539825749671
-0.0928693798446522 -0.295069955371066 -0.536789696197436 -0.17877253872419
-0.2940634216879 -0.348019968699354 0.268073085780189 -0.171624157268853
-0.210588464226891 -0.374565886531886 0.200149867463164 -0.13160835359305
-0.182391803512011 -0.444137933049055 0.159801099374152 -0.0526935459066329
-0.000525161619987852 -0.505352308428885 0.157805346909412 0.0168998395953704
0.166577312111022 -0.485157395167812 0.183118649569003 0.0818841822879385
0.321053622393735 -0.40498872484981 0.104112834155059 0.0958733543823981
0.466602423174442 -0.266086475507993 -0.0330658393265514 0.0680444218515364
0.512279989760184 -0.184218802962879 -0.177676081779606 0.0796813354158582
0.507897819040881 -0.203733009937066 -0.284473764281794 0.062290674982558
0.411815263531236 -0.25566689170155 -0.301538038329739 0.0573264656260783
0.331394876854777 -0.360005622665009 -0.314424938094342 0.0207711175025093
0.221002617167723 -0.401907704366355 -0.242113976324367 -0.069504260632679
0.0233163822805317 -0.37814816900691 -0.193307477984487 -0.137031842077948
-0.0374811094854793 -0.415853643965457 -0.369808505496649 -0.129666002158995
-0.161057278417009 -0.393092494360792 -0.523485034268123 -0.0581521289774192
-0.289113138336109 -0.373208999584512 0.361602547788422 -0.0340166475123194
-0.165827913928798 -0.420585385627474 0.275721867873489 -0.00995000493643657
-0.102308695625315 -0.484639740544862 0.186237842087594 0.0359355404704027
0.102188529627714 -0.522135952539046 0.16615121446839 0.0500500435812289
0.250757721437409 -0.48066328696756 0.194930973802416 0.0379655836772599
0.380726642495503 -0.387118983368707 0.175925770013508 0.00757900576821561
0.504215505113837 -0.254407285467712 0.134136387761724 -0.0262493621951772
0.545626288210916 -0.200400246381269 0.0303791641752865 -0.0076701690989402
0.539907081314346 -0.263792584413725 -0.106973133853431 -0.00837128426730777
0.425266095544839 -0.359927379447292 -0.212890582751933 -0.00370236386064674
0.313690830524758 -0.491839545551118 -0.311688983292809 0.00280795832644714
0.159974455958688 -0.524971654319603 -0.276764453267422 -0.0313448579755968
-0.0644886865254274 -0.452441442960996 -0.22774752890604 -0.0457255383273046
-0.122594540119892 -0.467220217474345 -0.373197067451535 0.000613116963043124
-0.219362842268867 -0.426830761665215 -0.472873018301448 0.0894499458485873
-0.238559292974254 -0.341525100727086 0.431176589091601 0.109233819163024
-0.0879235806785333 -0.38924557633082 0.313909457177703 0.117213332362725
0.00271880852651378 -0.415974919366902 0.175292413233088 0.121617374194139
0.186855064353709 -0.416238565125819 0.158796544454615 0.0857072193762297
0.283993800938415 -0.364127667962169 0.212670741902863 0.0115377654130814
0.368533999569001 -0.28317370162202 0.258701737747727 -0.0507579500159809
0.461376156570636 -0.195345352847094 0.300515307990717 -0.0926030918665648
0.497508155333753 -0.182544296480806 0.237420761495626 -0.0967938107086576
0.482273250995963 -0.275826571631868 0.0650216027179528 -0.105462769323028
0.354615965208544 -0.386413478683582 -0.12811375089789 -0.098207779739411
0.223799156534955 -0.508735382455457 -0.296011070377786 -0.0381803123264441
0.0588126116517513 -0.52083234181928 -0.279362299672526 0.00909329131142214
-0.143387862304793 -0.42431030769641 -0.21736841497361 0.0566062088064336
-0.183017483002207 -0.42693544090455 -0.318525217148648 0.131703459986625
-0.24155037990926 -0.39031502512896 -0.386271826741875 0.232807993525776
-0.167666946730664 -0.248071329950197 0.470780665114557 0.22605797721056
-0.0238566153809027 -0.287921307765534 0.307332630790689 0.216238341838868
0.0625116835335943 -0.274808551995854 0.13296796588169 0.175337525038561
0.194759811521274 -0.25133064634573 0.136126927073518 0.110081231823833
0.232779383938684 -0.203830157970598 0.224402111831271 0.00745741020070067
0.274764916552867 -0.152072056086705 0.327412177762975 -0.0624602709750165
0.343270757141551 -0.114515939261127 0.436147421483756 -0.121788563006402
0.3755389449576 -0.134289878594614 0.409283447997156 -0.173421048402623
0.353589271839857 -0.224552983493522 0.201609229001918 -0.204020940603485
0.235809009762154 -0.317183808009219 -0.0699732895926118 -0.191481122889402
0.120713309623521 -0.408129022391525 -0.279431192540179 -0.0826919972934716
-0.00824350692981009 -0.401463578043452 -0.256651397267991 0.0366707706375933
-0.158529382003805 -0.309759864649616 -0.175650039379606 0.138192120558438
-0.17892897683335 -0.315115301356717 -0.22921736219097 0.228261045828004
-0.210221399703336 -0.292890016518809 -0.281642696383376 0.347320783405304
-0.101436521681447 -0.109777947592338 0.489081329646569 0.298214834150052
-0.00459854364813111 -0.147524089973973 0.287819442380655 0.26879636117358
0.0509114293590849 -0.12451931802431 0.0924832746041455 0.19362335746436
0.122528879389747 -0.111728270669305 0.119254616252314 0.119059625963071
0.119046872226787 -0.0801290480117818 0.230666859985561 0.013473515561835
0.13447104142363 -0.048987496182846 0.369222839936812 -0.0482352144956218
0.173639086842945 -0.0421570552509278 0.520755327768838 -0.121054535974953
0.198821884242041 -0.0674994952783336 0.520883127239681 -0.226291323957948
0.184539087077476 -0.120380239267941 0.284895922133206 -0.277704430992925
0.110997214345013 -0.174974367423301 -0.0400523906104527 -0.255590305671832
0.0488594871839609 -0.228615756052291 -0.264298283928719 -0.118569195026274
-0.0125597863760601 -0.22146938443603 -0.227092244268217 0.0476356916774457
-0.0986819634142292 -0.159745720644238 -0.12967631170499 0.186493390381688
-0.109389798267092 -0.169623463329503 -0.141064452694604 0.281374874307604
-0.123312520597491 -0.160028309962473 -0.189683576246531 0.418255262443536
0.0199035337528135 -0.0078839131267855 0.0850479879827772 -0.425067114794091
0.0341933525251086 -0.0166848838465829 0.0453888009035007 -0.326155964965542
0.00521310424509066 -0.00192248180151831 0.0854016902455972 -0.20606132683401
0.00727085993625612 0.00770902310481736 0.164971864237272 -0.0608104052419537
0.00793634064608474 0.0130865698047563 0.213659503287623 0.128852034503014
0.0158100760631503 0.0212276719048488 0.0414470122636349 0.226065500280094
0.0396306318284904 0.0156719697945824 -0.29754895101871 0.265781212401145
0.034907532989472 0.00545290495423827 -0.524680334493301 0.224517082604634
0.0357911383599794 0.00505243641093758 -0.557207165372122 0.117742775453202
0.00560067767986594 0.0148148577000108 -0.404968242872643 0.0691202171447311
-0.0192890767919598 0.0141684205444839 -0.245186828188317 0.00967304002457091
-0.0146966431703544 0.0100947829262066 -0.129139560217063 -0.0875842233010161
-0.0212612952033162 0.0169220981443352 -0.0710238952884697 -0.173457159086709
0.0096966593974372 0.00830905050905041 -0.239130065902681 -0.248179033360529
0.0111895823968086 0.00679299629227271 -0.502661589628908 -0.265152968888565
-0.122115103578378 -0.149652518551721 0.106428163912866 -0.376985883431365
-0.0933190101306782 -0.153757625009199 0.057295761600156 -0.290464827316462
-0.111393400337986 -0.171708165474676 0.0879631088786192 -0.17181724346243
-0.0392330048146068 -0.196161406589279 0.147093128125234 -0.0355604072427021
0.0385946689153958 -0.193980470215541 0.197626956392447 0.137227057054329
0.120029776088571 -0.167517655498493 0.0409894837369024 0.223818252122121
0.212060900180914 -0.113440348331889 -0.262223289322215 0.237122581821345
0.236431610658057 -0.0745320342725041 -0.478048653364656 0.203628636120003
0.229775507102673 -0.0553751326986951 -0.52517424587356 0.11062264208724
0.164398761957355 -0.0442228013197582 -0.399664220860939 0.0705312217438436
0.120726180802461 -0.0689042290141864 -0.267678269213689 0.0113764167820089
0.0969009514875201 -0.0865568558645034 -0.148522121398387 -0.0912279783546989
0.0333160987383906 -0.0990162725337698 -0.0861799100190162 -0.189725162089713
0.0300115178367657 -0.144493759476839 -0.269195710311974 -0.253947193189757
-0.0362784316711632 -0.152999928294181 -0.524018681079785 -0.250543699090306
-0.23570003556498 -0.267331256513295 0.174231639873863 -0.292676489129455
-0.184964619384545 -0.276970702441588 0.116538003593193 -0.227867392925797
-0.185542594531407 -0.328111880457171 0.117295754126463 -0.12272760219349
-0.0515352532305228 -0.379670417544273 0.147604317181293 -0.0105084794907073
0.0869747538403635 -0.374534200014478 0.185032833643334 0.120197818288437
0.224103254257379 -0.323390488405422 0.05915197391735 0.177744193045288
0.36166637306349 -0.215903865704913 -0.17107115152051 0.166013093733969
0.405061120705801 -0.141621855241744 -0.355455572854211 0.153733228785202
0.395826536069475 -0.125053981112679 -0.431261587862193 0.0976158424225539
0.311922375728954 -0.134836247613214 -0.366942044379917 0.075863655720538
0.254473614426595 -0.196222081736316 -0.296770922575669 0.0198498943193346
0.192035504490126 -0.229341099160017 -0.192142968943819 -0.0889557283504
0.0601856252383335 -0.238513043884472 -0.135046278088151 -0.186395939964354
0.0191655681374907 -0.295713203757601 -0.323707029288496 -0.218079976603314
-0.0938301188841017 -0.29443052915324 -0.537295207935084 -0.176842912863544
-0.294477002668077 -0.34650681497497 0.269229764999282 -0.173004663369711
-0.210482516260465 -0.3745007727253 0.201044288987176 -0.133545231392554
-0.183360128700422 -0.444411005366269 0.160271225433574 -0.0535723577498873
-0.000506876268572053 -0.504770602984312 0.158375004532102 0.0157431345035136
0.166583643144403 -0.486043678728736 0.184020508744119 0.0806950430570025
0.321141495998953 -0.405881353030141 0.104007740185709 0.0946958462165021
0.466302743124401 -0.267392288002497 -0.0329453064632339 0.0673069013573933
0.513656748577935 -0.185352139093589 -0.177262388284644 0.0801527179704811
0.507332714653508 -0.204659609558187 -0.284015261044299 0.0634056061354345
0.412731489567115 -0.256912912417004 -0.301974277723414 0.0582324348244001
0.33041224365417 -0.361232206756842 -0.314168996487636 0.0223836937873909
0.221197104597291 -0.404049263137054 -0.24379506261648 -0.0692885745941834
0.0238208050642582 -0.3781805590009 -0.194311266599806 -0.138369854450768
-0.0387736201640188 -0.417735152833517 -0.371584485965073 -0.127912748054658
-0.162220017331268 -0.392513437566178 -0.525538580820583 -0.0550010088246003
-0.290952302701212 -0.373408548460594 0.361994056419585 -0.0335911591321633
-0.167195839606902 -0.420724108028018 0.277173797252649 -0.0115146030086575
-0.102213103233396 -0.483442444488503 0.186844515953349 0.034603024129627
0.100356945743766 -0.524201496236647 0.165936272645104 0.0498463559608961
0.250727654518153 -0.481981271130804 0.19512280313839 0.0372752606506286
0.380966284573543 -0.387778530896425 0.175692514065514 0.00642960010730181
0.503973187116066 -0.254832663842432 0.134002201534425 -0.0275647888461749
0.547179311733903 -0.20199109810533 0.0307621400369185 -0.00831849184331264
0.539235552187227 -0.26466769659835 -0.106740400615413 -0.0079206915821478
0.424594881935477 -0.360199728194751 -0.211946580011304 -0.00256873036180209
0.312712495328112 -0.49284849744633 -0.311379214345586 0.00383126160012131
0.158632979077917 -0.525688126205478 -0.277403751215374 -0.0311546169585184
-0.0645284360828351 -0.451951666688468 -0.229837345457561 -0.0469073133330403
-0.122851601098937 -0.46784976992181 -0.37432194184888 0.00236316966771226
-0.22170788659073 -0.427608269862422 -0.474418570151108 0.0920558887865522
-0.239823390275286 -0.341354676736995 0.43293787454218 0.107147762567692
-0.0889919991526056 -0.389933478610593 0.315674835231292 0.115936362563108
0.0029270545523173 -0.416640762782875 0.175901629723611 0.120416132903383
0.187202548274291 -0.417840335349526 0.158973556503815 0.084873299855721
0.284118171829364 -0.364702729835523 0.213419597163412 0.0108993829877804
0.367477882244552 -0.282635369550384 0.259577915328591 -0.0509004924247863
0.460956534490493 -0.195063589049701 0.29969109790552 -0.0946094513570341
0.498158154847815 -0.183530225149853 0.23765425056979 -0.0966710385805107
0.482445394406211 -0.276548926798097 0.0652671777892677 -0.105949087533062
0.353428480857514 -0.387901021973428 -0.128249350182601 -0.0974285822722973
0.2224421242207 -0.509869126066693 -0.296219059885132 -0.0365101605329343
0.0570092035883242 -0.521286072726824 -0.279631704832886 0.00945481070187185
-0.143481621525701 -0.423343098745003 -0.218791857589789 0.056567670487076
-0.18349660611024 -0.42689293706324 -0.31882780244277 0.133645813964725
-0.244013495671473 -0.389580450348951 -0.385727792412807 0.235777853154069
-0.168178702623757 -0.248460065990165 0.47132706847857 0.225622924035405
-0.0250874469008047 -0.287914424829589 0.308586273359864 0.215270119388946
0.0632172323182442 -0.274286570221641 0.13298010716864 0.173774015510127
0.194817611426024 -0.25155064633641 0.136931456943452 0.109590355212411
0.233049500787897 -0.203864453149115 0.225059419762989 0.00722699674063329
0.274913388082308 -0.152079308542228 0.327341935436371 -0.0621839605832192
0.343717751738205 -0.115535359962857 0.434847336943509 -0.123050140920333
0.375530520627902 -0.136062636471979 0.410055934956764 -0.173848948701988
0.352619460151634 -0.225357835750749 0.20229932851972 -0.204993450812785
0.235194934170141 -0.3184278412509 -0.0695378960379052 -0.191157185032139
0.120343356326238 -0.408416743810278 -0.279196417989592 -0.0817040477968627
-0.0106371097211263 -0.402452796429085 -0.257237995930024 0.0371433071856866
-0.158350897227361 -0.309117864074112 -0.176788731893518 0.137959374299119
-0.181497225693289 -0.315358410190602 -0.229159160431477 0.230641437194033
-0.211872091776996 -0.293287301361754 -0.280232089160933 0.350985787082048
-0.101198735579219 -0.109481271699698 0.490176586877415 0.297480694354396
-0.00513296501961276 -0.148573734892779 0.288482896121895 0.268656045003931
0.0512910139205149 -0.124578046529076 0.0923866959502825 0.192511094930417
0.122753758304332 -0.112688688577086 0.119530780423956 0.118865026153124
0.119063632058013 -0.0802206929370225 0.23095758806925 0.0131905967580716
0.134630643066106 -0.0491069543433819 0.36888294981608 -0.0478767366402845
0.173896850135288 -0.0426951190827617 0.519216007106803 -0.123203812253889
0.199068488842193 -0.0681929433499248 0.521164638542369 -0.228031660804114
0.184595864507991 -0.121265114433353 0.285784726054297 -0.279213285740952
0.11079760337607 -0.175612168711475 -0.0397045390341658 -0.255730443105836
0.0483232635355473 -0.229187592851795 -0.264475322794675 -0.11740732903539
-0.0135707741057451 -0.221430210079023 -0.227005990514522 0.0472319892108054
-0.0984389601318683 -0.159611648292231 -0.130276130208383 0.186971262610276
-0.11014203036427 -0.169987427813472 -0.1407827024781 0.283524681319766
-0.124324873808908 -0.160006755705927 -0.188914076289819 0.421163449241945
0.0200186733818832 -0.00719540127863933 0.084457385992808 -0.427349314112069
0.0341330076631038 -0.016360423216261 0.0450180294727044 -0.327717048789469
0.00503886233275713 -0.00161213324764206 0.0853064074821794 -0.207214752962873
0.00688332129722623 0.00751143093145972 0.165344069587415 -0.0612686305159271
0.0078092323288843 0.0134980202579178 0.214335667491286 0.127654143942018
0.016159242854092 0.0210302322300381 0.0409047290962555 0.225865223508122
0.0401335960204486 0.0151753398553826 -0.298522998931689 0.266792725790083
0.0353976127449608 0.00523553541112675 -0.522316905049176 0.227214027920253
0.0359371642407149 0.00458284258555475 -0.557279602983816 0.119808456663995
0.00589022058344327 0.0147301630015089 -0.404856046834892 0.0718276224876906
-0.0194188716950019 0.0148928290633068 -0.245332842070964 0.0102289988520395
-0.0146923772582582 0.0103022354296987 -0.130120376479422 -0.0871268247238467
-0.0209011984114371 0.0172625577899304 -0.0717859726971148 -0.174032674915156
0.00977289566351025 0.00776358158050803 -0.240721427703181 -0.247147146524378
0.0117030718234034 0.00702827359798546 -0.504280932502062 -0.264617615758898
-0.123660428433428 -0.148869264522432 0.106441960466585 -0.378601480519555
-0.0939430709047419 -0.154321954322466 0.0564166034406277 -0.292046934101631
-0.111992848733187 -0.171745000192492 0.0881823152765524 -0.17337599358031
-0.0398218355665806 -0.196698067876978 0.147604726776792 -0.0361035192382229
0.038265355339481 -0.194104788459569 0.198538875943143 0.136693767201602
0.119801357046105 -0.168261598659201 0.0408925284786294 0.223523765849255
0.213569711297937 -0.114638173285411 -0.263383473246127 0.237729197720396
0.237343847744374 -0.075715336222538 -0.478045272805828 0.205452198492048
0.229755790575447 -0.0559749311149784 -0.525581703601024 0.112269070895354
0.165166971233051 -0.0445646421193543 -0.397909024559942 0.0725841550744358
0.121021126143213 -0.0685423851724508 -0.26828950118569 0.0127677191269805
0.0966796304265162 -0.0866537061612665 -0.149404286247811 -0.0909639455894852
0.0339117154914688 -0.0984501969561028 -0.0873304347122854 -0.191445612146982
0.029329124699686 -0.144736533062924 -0.270531866899522 -0.252365455402908
-0.0367273978403084 -0.152566437354904 -0.525424164020179 -0.24624784008829
-0.237288374143528 -0.266985268775363 0.174473328772404 -0.293962801739998
-0.18598397881508 -0.277507089945357 0.116742290339795 -0.229977745852467
-0.187471175458485 -0.327118014502757 0.117848320405732 -0.12376097068406
-0.0529296705760473 -0.380752249549602 0.148122949122725 -0.0115043143605501
0.0875264374159115 -0.376265073728479 0.186450391701026 0.118785714533099
0.22359123881205 -0.324324345988944 0.05942268819838 0.177410720426691
0.364196986405283 -0.216150608193101 -0.171290082962291 0.165948806239923
0.406738010137368 -0.144177508171914 -0.356359934943209 0.154654147403389
0.396577772646202 -0.127430053346099 -0.431934111652116 0.099632787372218
0.312653491637533 -0.135627231316204 -0.366234041031196 0.0765449154559027
0.253747226660887 -0.196500151314057 -0.296812182692165 0.0208557788981261
0.192242313216236 -0.230076543519172 -0.193129413052374 -0.0893638127688334
0.0607805266779898 -0.238555412024247 -0.136709732949149 -0.187956427336735
0.0180827240938267 -0.296532077122841 -0.325380578334929 -0.216669344237908
-0.0946234387043035 -0.29481538768004 -0.537478668808169 -0.175041006399503
-0.296741579275845 -0.345943244620325 0.270220382103499 -0.175027486090429
-0.211078826212759 -0.375426845662545 0.202350653270389 -0.13543009689149
-0.184320379239501 -0.444495282248959 0.160831458919939 -0.0548557029474952
-0.00151389461303521 -0.508280704203393 0.158036422784507 0.0155993799912808
0.165116652313717 -0.486998413143351 0.185037467898441 0.0798572991480622
0.319912412308847 -0.406512052146821 0.104159824744481 0.0944147086288256
0.468376727388902 -0.267526140236568 -0.0328071029599179 0.0662606292408567
0.515510147677198 -0.189444905401858 -0.177702458240975 0.080558528026542
0.508582403678612 -0.206321722185321 -0.284620518322995 0.0643601186758966
0.412550663319564 -0.25737077658671 -0.301250280983956 0.0594221835405981
0.330609214480849 -0.362815879263934 -0.314545244515179 0.0231741025448038
0.220284888229641 -0.40530631919819 -0.243773393384132 -0.0695210943566542
0.024362580035406 -0.377518973678165 -0.196836868255915 -0.139558292595438
-0.0397524877804355 -0.418963275813442 -0.372824326608835 -0.12633395254756
-0.163834584475048 -0.392968604643863 -0.526558839748725 -0.0535264051114008
-0.293036462642459 -0.372725843993592 0.363910734903271 -0.0356873946453153
-0.168973051627521 -0.421467716502832 0.279214281927047 -0.0128430243808589
-0.102713038514023 -0.482819462047619 0.187636725963422 0.0333600219475373
0.0993676251687105 -0.524854830370879 0.167108405806513 0.0489157607831299
0.249636590100907 -0.482748154093669 0.196222629504729 0.0365729249598545
0.38118532888609 -0.388198268494868 0.176310483233323 0.00593888476643425
0.505851417562063 -0.256221184388809 0.134802695449913 -0.0293537285466566
0.548628972849713 -0.205514666458165 0.0311439751697127 -0.0082448250486687
0.541320844870638 -0.266643439459353 -0.107035263600204 -0.00790095738091469
0.426244843597496 -0.360502407276532 -0.211734670659457 -0.00245976825630139
0.311568906046314 -0.494192318302927 -0.311449271931537 0.00525091666578451
0.157073718531627 -0.527500964601209 -0.278452112416424 -0.0314753772832142
-0.0635620782793153 -0.452774952919735 -0.232082270450817 -0.047527212816022
-0.125202460538117 -0.468574755230861 -0.375398432955086 0.00419664911664362
-0.222421061690566 -0.42672279227731 -0.474132343130904 0.0937863998777818
-0.24106649064611 -0.3411535091087 0.434626386466514 0.105558834925645
-0.0905476623809728 -0.390858563954445 0.316408783415531 0.114163200552839
0.002597414183775 -0.416924723484951 0.176455344732848 0.119134661943893
0.186907075215879 -0.420021851922089 0.159305944615153 0.0849113184142944
0.282652510493104 -0.365726541063648 0.214273985209454 0.0107447249670896
0.36737853461408 -0.283805305760643 0.259883640065961 -0.0509269376301737
0.4615455597157 -0.196157258638387 0.300064470727584 -0.0965081734693641
0.500140873133952 -0.18587808124214 0.238095546482145 -0.098220077495517
0.482928480168016 -0.279417911429304 0.0657152458898952 -0.106683650499466
0.354343327380696 -0.388526960441443 -0.127436246033086 -0.097061173226746
0.22115217609984 -0.512995429837021 -0.296462159453749 -0.03474052040005
0.0565295885933789 -0.524302727148511 -0.280850073144446 0.00921431744844419
-0.142909912675129 -0.423542871523433 -0.220923985737048 0.0559820179206664
-0.185151156263574 -0.42780067980469 -0.319534167956181 0.135975380023517
-0.245486836641945 -0.389751107650068 -0.386707791787996 0.237391359265251
-0.168733190534831 -0.248126983539274 0.474155629764648 0.224203340124028
-0.0260787807068608 -0.289874678519444 0.311279756890898 0.214050642123727
0.0628652538988329 -0.275703662540077 0.132939766701529 0.173541609429191
0.195748059478889 -0.253585821346184 0.137421295385239 0.109505697288305
0.232763253683659 -0.203983077842568 0.226526261569276 0.00724631120427501
0.275321228359996 -0.152640147166781 0.32898281575921 -0.0630034291017621
0.344312224157 -0.115586807045228 0.436108792874597 -0.124487552205158
0.376736562261367 -0.138894447493654 0.409417754190061 -0.17520890723138
0.354338809965562 -0.227558807790705 0.202061522098274 -0.206448771663993
0.235720352115958 -0.318741247304881 -0.0692220024397109 -0.191199020450658
0.118912124420663 -0.408886518735372 -0.279262242095048 -0.0803913681287484
-0.00999627942901503 -0.402586095528467 -0.257802132771503 0.0369453343240809
-0.158367947123425 -0.309840227627873 -0.178415154125955 0.138155687609595
-0.181954419566642 -0.316284197825802 -0.229252249605274 0.23367943100259
-0.213511729855092 -0.292882336906363 -0.280107445309037 0.353445982477869
-0.101553920802912 -0.10971076670173 0.492882414934118 0.296868294829592
-0.00570440502617313 -0.149387846424623 0.289802899196757 0.267496084323038
0.0520331285813944 -0.125103395284847 0.0923201721345647 0.192191764366251
0.122983957360536 -0.11364334995453 0.119718740156673 0.119613753357597
0.119388073626544 -0.0803447120279237 0.231817106206939 0.0129716045328067
0.134916190478018 -0.049578086937059 0.370405534696228 -0.0479181696006026
0.174674164245378 -0.0426245972513738 0.520353452145437 -0.124652419256604
0.198993421317018 -0.0697942219530774 0.521614508108399 -0.228501670255176
0.184866373813728 -0.122353245877876 0.286666503938133 -0.280952942976705
0.110785101020296 -0.175711331409938 -0.0398789440068824 -0.255954302717922
0.0473305130800903 -0.229544060667856 -0.265144850853903 -0.116070883250476
-0.0142072248978428 -0.222813610569206 -0.228277195661636 0.0477910872944209
-0.0980597729181273 -0.159808863498795 -0.130760596819534 0.187436811927142
-0.110968837934036 -0.17024692344851 -0.140711121466209 0.286203454867022
-0.124830560339735 -0.159406587933578 -0.187840776386502 0.423765191587835
0.0195221891576721 -0.00727348441876806 0.0833153906838151 -0.429040748308685
0.0341031568243282 -0.017026392825921 0.0440394790602448 -0.330607529654167
0.00482423103309254 -0.00172219684376264 0.0856687132552572 -0.208634577840594
0.00707211564227419 0.00795703084436884 0.166014889154341 -0.0615558943120927
0.00759762862332983 0.013455555491912 0.215474021583021 0.127277965997222
0.0164491921742635 0.0210057296921649 0.0406120992143393 0.225812617657237
0.0407244867550833 0.014589002946604 -0.298145567807109 0.269532578909444
0.035330983220637 0.00453822552207637 -0.523841985995502 0.229744462331974
0.0361824785593618 0.00379304954862984 -0.558546387483892 0.123662515661285
0.00626807275666942 0.0146392054198155 -0.406013086220686 0.072684200877894
-0.0195312602050603 0.0155611591137097 -0.24578373275199 0.0112176381835651
-0.0151350314567647 0.0105279385137842 -0.131460247232293 -0.0865241948040716
-0.0208429103685571 0.0179056254792712 -0.0724136824550641 -0.175277429755089
0.00941577360346297 0.00753102529431382 -0.242701163918165 -0.247614259819675
0.0119204054117877 0.00718216097292403 -0.507010019387133 -0.26178954994329
-0.124765041162639 -0.148699537296191 0.105770808932116 -0.380957401881093
-0.0949635811762323 -0.154696388446897 0.0566244298693539 -0.295142825938036
-0.113108912047339 -0.171179438795959 0.0887313859551329 -0.174812134150902
-0.0403059500499753 -0.197173915479715 0.147932489784339 -0.0369932590776242
0.0375018045480942 -0.194938678101296 0.199820012993386 0.135780955095811
0.120192323506309 -0.169024759195516 0.0408277003759548 0.223660487511088
0.21452000572207 -0.116593870106041 -0.263954584754478 0.238713735321004
0.238191491607668 -0.0778017609081984 -0.478300762000921 0.208598745264241
0.230218621894413 -0.0576860787412728 -0.527173527206626 0.114809990443987
0.165743309117939 -0.0452735622817511 -0.399472059969537 0.0742188172527235
0.121138647213047 -0.0685433294488983 -0.268133737685016 0.0139352779678826
0.0962658965194241 -0.0868105241296967 -0.150390794629653 -0.0905944955601434
0.0346897386850446 -0.0985290224497053 -0.0887314647315478 -0.192659730433279
0.0291828164635081 -0.145853896676086 -0.272539581033759 -0.252414714884912
-0.0371499819913204 -0.152920239392535 -0.527355543319278 -0.245559026459142
-0.239010185288939 -0.26567914853426 0.174312842485578 -0.296841448419189
-0.187439168745427 -0.278210839914642 0.117248636825719 -0.232150717780842
-0.188805877456138 -0.326554744897504 0.11860113140737 -0.125237571939072
-0.0538248121728496 -0.382556835917898 0.14758792120725 -0.0120374765928976
0.0876432841324221 -0.376330486660489 0.187139002042093 0.117809411446563
0.223978785642197 -0.326345929052079 0.0596798199490528 0.176498937537728
0.364389278177276 -0.218646013164197 -0.171966429419791 0.165274353326874
0.408379696184461 -0.146403599961713 -0.356912505741761 0.156483809289512
0.396593363641371 -0.129118393940917 -0.433768803019917 0.102433217114183
0.313515078170719 -0.136900648814218 -0.368281720369617 0.0791484781767417
0.253872045272638 -0.196987484244889 -0.297428497561906 0.0221270836938729
0.191480665931448 -0.231041702507616 -0.19415647167754 -0.0891773075804902
0.0614417406810153 -0.238795742871741 -0.138884526143719 -0.189021867366174
0.0174197811933075 -0.297700421371258 -0.325909975858749 -0.214475516581704
-0.0965951561413938 -0.294923586501874 -0.540226945664598 -0.172297273753815
-0.299142809670104 -0.346198636696131 0.271112699418298 -0.177737310233006
-0.21310025666075 -0.377620074014295 0.20332950371881 -0.138065992610082
-0.185349027216808 -0.445376343794546 0.160962444601704 -0.0567901477101357
-0.00179206554569052 -0.508419539637952 0.158704102533607 0.0138321463517786
0.165094589380722 -0.488219999775876 0.18606754394673 0.0780549881753808
0.320455744300059 -0.408925387388632 0.104307705559482 0.0941732914865957
0.469287403273018 -0.270035360320601 -0.0327639257877011 0.0652391993237457
0.518071456693965 -0.191708620554006 -0.177337090333405 0.0811427034091814
0.509489062625269 -0.208171948218227 -0.285423332809644 0.065510617801537
0.413272177153691 -0.259395311752375 -0.301264411107994 0.0616757389191717
0.32925417209868 -0.364181320745931 -0.315119075535775 0.025491649458887
0.21936723141907 -0.406138039488719 -0.245738125382207 -0.0690463671195271
0.0247060159907092 -0.378463234393766 -0.199211091253829 -0.140637828090037
-0.0411688661695893 -0.419340531949657 -0.374573823684681 -0.124701277301643
-0.166282632887882 -0.392417619702155 -0.527649895818077 -0.0507612028695737
-0.29504659868444 -0.372852234435597 0.365139761240826 -0.03798382162634
-0.171063458522289 -0.423267122073365 0.280442676811381 -0.0155367631576421
-0.104066407505292 -0.483507951064631 0.188700607987846 0.0316950782210458
0.0986438057070599 -0.52596541994941 0.167917774194882 0.0478215440492734
0.249682821129159 -0.484388258771162 0.197531374542464 0.0350994022961942
0.379495274896498 -0.390639185467172 0.177128878592512 0.0053087542401656
0.506378219796601 -0.259064161504549 0.135663063821617 -0.0309962918411864
0.552290291151865 -0.208117234191629 0.0316316628783995 -0.00840132217206253
0.540404058811597 -0.269908716966284 -0.107201419857715 -0.00684779729421698
0.425847699099924 -0.363180650645036 -0.211736430933545 -0.000930278554025771
0.310819754517382 -0.496565220892218 -0.311689462363326 0.00720451080932367
0.154680487418037 -0.529670234836699 -0.279762479225711 -0.0308399459727796
-0.0640900309350115 -0.453536764665001 -0.235005816553544 -0.048071604907395
-0.126908314623681 -0.471025078504225 -0.376858381450691 0.00711141882993089
-0.225710511714944 -0.42672024181697 -0.475130332792115 0.0959917930601696
-0.242074972738292 -0.341679762097937 0.436995465565036 0.104537854933916
-0.0915063009925939 -0.392913174843952 0.317901714225652 0.112883255538368
0.00137447461256164 -0.417935340238917 0.177316698145713 0.117893089442717
0.186644498844839 -0.421854904453314 0.160337098548564 0.0844886728315548
0.283246012167538 -0.366726871724768 0.216033608611698 0.009469817825832
0.367182898834316 -0.286364597672948 0.260235673706734 -0.0518331534528112
0.462888111346565 -0.198586880429457 0.300895291042817 -0.0975063942377964
0.502427652311748 -0.188622002911332 0.238796739031339 -0.0997911215718043
0.484801998165946 -0.282120954755039 0.0656429477998042 -0.107339453997854
0.353941828132233 -0.392221880470418 -0.127881881976002 -0.0965923337687337
0.220796094931133 -0.514439559996018 -0.296968314807043 -0.0331237961836919
0.0535495991887087 -0.525441705449983 -0.282060000366715 0.00989555263494366
-0.143096533254163 -0.424475136592952 -0.223303398140123 0.0562586697424741
-0.18744579304627 -0.428783183556792 -0.320676751109535 0.139199740568303
-0.24833672442439 -0.389086589990934 -0.386092754301943 0.241919041430009
-0.170092475268154 -0.248742094185579 0.477016439989668 0.222186043679922
-0.0270855486512741 -0.291603179859121 0.313090213894731 0.21363396976146
0.0630500018153322 -0.276439932014873 0.133663751851143 0.172639627000656
0.195792884129199 -0.25507454590292 0.138990791433426 0.109482138021066
0.23318742795383 -0.205523073613454 0.227717123436115 0.00597889692291061
0.27536084022821 -0.153207890820226 0.33083605356952 -0.06305684519193
0.345027738676559 -0.116078408581106 0.436831521774556 -0.126897624342531
0.378266416031476 -0.14092278672522 0.410768486565996 -0.177898432206848
0.35368056295436 -0.230420279755571 0.202591983576747 -0.208083867760167
0.235365451508512 -0.320945825386987 -0.0691214960626608 -0.191439257323276
0.117757268418443 -0.410253747100391 -0.279629046041046 -0.0791200530071789
-0.0124738974162046 -0.403801157881545 -0.259501814489188 0.0376037119559704
-0.158876675619403 -0.309551400055962 -0.179494208039264 0.139043994204128
-0.18486601995232 -0.316004743437217 -0.229238850508285 0.236601570652071
-0.215219905077041 -0.29248931508515 -0.280466163000629 0.356913523150707
-0.102199517172318 -0.109705105210152 0.494526900850863 0.295090470285302
-0.00633469049923173 -0.150544193606722 0.2915153315909 0.266476622170796
0.0523790099647826 -0.124942820373187 0.092968102756187 0.191464160222938
0.123026238230042 -0.114927463482428 0.120774412877545 0.119478297387981
0.119088284730972 -0.0804911482851765 0.232819320568114 0.0126409404215543
0.135485186863136 -0.0496627181485924 0.370836941232207 -0.0491521212670891
0.175400046635673 -0.0433378139808107 0.5211134252488 -0.126955200707114
0.199513548862481 -0.0709254575056857 0.521911436491837 -0.231214604694783
0.185352756677476 -0.123623528514234 0.286614954851387 -0.283377007133844
0.110843454101748 -0.176988999322791 -0.0404402985999248 -0.256334005908654
0.0464826187171083 -0.230419431145591 -0.265746816967694 -0.115046375534558
-0.0150123206383264 -0.223151629847761 -0.22908839037118 0.0480673777222761
-0.0982150513334297 -0.159981561363357 -0.131139694703513 0.188494364888122
-0.112077128669932 -0.17089936443279 -0.140570527945268 0.288868763413126
-0.126219126913942 -0.159423148752295 -0.187408763476232 0.427878888353778
0.019769610100035 -0.00654841795252938 0.0815256906656366 -0.432020564757807
0.0340673122291312 -0.0175379634540209 0.0432448907174167 -0.332575894725199
0.00500852124274129 -0.00155467646616053 0.0857939250957479 -0.210734439899293
0.00679470102424369 0.00796186413635491 0.166845410043061 -0.062874111286518
0.00735588800249121 0.0132042384666776 0.216876044262781 0.126705010801092
0.0164267947348946 0.0204355326314373 0.0410147496721675 0.226774849006991
0.0418518577205205 0.0137506533107105 -0.300924803530627 0.271707585826207
0.0359967106284828 0.00388429151735694 -0.524425403286465 0.233236655315326
0.0361233631777671 0.00323756182630167 -0.560413730124266 0.127159947543688
0.00688829959716957 0.0146194107242048 -0.406548266041322 0.0749679645359199
-0.0195270527711155 0.016277965960318 -0.246186412584869 0.0121687383583115
-0.0152486573914763 0.0107282234142499 -0.132976766464773 -0.0864154783164089
-0.0204380181301449 0.0182841148116183 -0.0743027536093794 -0.176359706513598
0.0092526122176584 0.00757135696668461 -0.244622010042156 -0.246306634780097
0.0117680868727673 0.00756104460954318 -0.510662147190554 -0.259189077480398
-0.125865675865148 -0.148489140243156 0.104607600577745 -0.383630554708432
-0.0955455187959239 -0.155103558611348 0.0558616274948317 -0.297869657790755
-0.114103882278066 -0.171715285288994 0.0889489365945606 -0.176453170307683
-0.0416755596717964 -0.19847688591049 0.14875970182161 -0.0376424628930231
0.0374222699415876 -0.195420897836266 0.201907830660743 0.134530124238781
0.119757893205033 -0.170654030449531 0.0408706195649158 0.223736203870417
0.215336959306207 -0.118450712367659 -0.264598421546341 0.241107301651677
0.239270684541438 -0.0792601630719426 -0.479567431850313 0.211691310292578
0.231070370447848 -0.0590695033045564 -0.528570404224271 0.1194094383302
0.166083037853063 -0.0465766184461802 -0.399642284008447 0.0762019003801786
0.12104678551147 -0.0686371734941845 -0.268445795029572 0.0145815698169521
0.0960518851559504 -0.0872078736554826 -0.151761544630289 -0.0902255541535239
0.0353168874528452 -0.0981118094293615 -0.0910068956201773 -0.194295970800715
0.0286382160388042 -0.146800817217618 -0.274831723753544 -0.250212854835564
-0.0380352141962308 -0.152926014565094 -0.531556593349813 -0.243028674027533
-0.241653280988431 -0.265666986549766 0.17394532169501 -0.300777392277878
-0.189900690299791 -0.279187618257779 0.117056474964105 -0.234968445588881
-0.190725124239867 -0.32762762839816 0.118282370263074 -0.127593562876429
-0.0549931688359379 -0.383970769389538 0.14884331375557 -0.0134975548624969
0.0860664891786683 -0.379418514460923 0.189356677683737 0.116628381574937
0.223310048033751 -0.329048670311854 0.059629268656307 0.177061608287823
0.365776558412928 -0.222011699108178 -0.172589913369361 0.166217373269725
0.409685011355177 -0.149156173052933 -0.357418032124883 0.158350042011872
0.397549604698088 -0.131454314163749 -0.433670620615016 0.105405130235839
0.314269345794972 -0.138107734969299 -0.367447573853684 0.0814744983516981
0.253501748035248 -0.198090472407045 -0.297928382842981 0.0239900545969465
0.190694429866978 -0.232803067042886 -0.195101007791927 -0.0884516312208278
0.0620923245403106 -0.239131506292481 -0.141510867603602 -0.190890495591766
0.0161843134556274 -0.298936401078396 -0.330131269831347 -0.214154620609835
-0.0983544243632146 -0.294402599903566 -0.543030291794883 -0.170629855079962
-0.301279797009209 -0.345045549426033 0.271545046432989 -0.180372231229674
-0.216052563379096 -0.378570678166326 0.204280489473942 -0.140969776933495
-0.188214675709362 -0.445847988409288 0.161537175977097 -0.0586968024507386
-0.00426630057077332 -0.51116980182826 0.159341428259706 0.0129147725838551
0.163863888949274 -0.491167952665644 0.188027820012826 0.0771388421312155
0.319499451028331 -0.411371276674659 0.105020502669008 0.0930699440200323
0.472048069067264 -0.273006820518194 -0.0328489204629969 0.0650743991007227
0.52039034617461 -0.195675321698398 -0.177757308820899 0.0824967562584192
0.510731682654772 -0.21158975964982 -0.286123138854084 0.0678790693821226
0.413822026996724 -0.262518283590843 -0.301252056413329 0.06309378775347
0.330214587217922 -0.366363493776741 -0.315793582543036 0.0267526314577207
0.217517596226101 -0.410438109268817 -0.247440595805565 -0.0679589126653192
0.0249707719228532 -0.380412182558911 -0.202623030909324 -0.141619843650169
-0.0433086014102803 -0.42078143202745 -0.37692277145171 -0.122384630928029
-0.167417407332849 -0.392622665731303 -0.529955624198704 -0.0479152432013877
-0.298508913769878 -0.37167055225149 0.368501373499011 -0.0412053190979134
-0.173373839979225 -0.425559654507056 0.282712201591022 -0.017761465576421
-0.105723072772411 -0.485307043553387 0.189325638031684 0.0299784036196282
0.098981511114691 -0.529865123531924 0.168327911518375 0.0464426730176342
0.248792764976492 -0.487352301990871 0.198899967587432 0.0338919452773517
0.379847269431906 -0.393249736803833 0.17710921016246 0.00453175675982273
0.508368343634294 -0.261543069588958 0.135621534924292 -0.0330046017946426
0.55453911934077 -0.210988023817561 0.0315422897778713 -0.00897751196719512
0.54345002519735 -0.274114332385181 -0.10807751756875 -0.00629580921013484
0.42635830066054 -0.36669144658453 -0.211497206299141 0.000247526175120088
0.310880742291174 -0.500096998908081 -0.312777700250465 0.00875377219568012
0.152498084425299 -0.53343352511009 -0.281484589398979 -0.0299953394983966
-0.0635127573433213 -0.454919222366522 -0.23765001199386 -0.0486721556474535
-0.130867861531051 -0.471826775765382 -0.378424547918843 0.0105897325102229
-0.228304369562951 -0.427207976831801 -0.477536875644842 0.100265242101997
-0.244816945291303 -0.341074217995748 0.439734664746286 0.101462453162779
-0.0944763452032151 -0.394579752721651 0.320701408714618 0.110797300612837
-5.53724178064246E-05 -0.420066137822477 0.178162340220105 0.117165867576834
0.186266526311625 -0.425399867908454 0.160932455149829 0.0836764272471965
0.283310821200365 -0.369798352169148 0.217174388933097 0.00876834410207316
0.367624712386484 -0.288129003460005 0.261219296320988 -0.053417807128344
0.464286637253612 -0.200472922997405 0.30232579639761 -0.101346154578381
0.503824625706395 -0.192638783171466 0.239407318600226 -0.101051059433906
0.484484198245494 -0.285173768620742 0.0657717260214976 -0.107778054335112
0.353685900465745 -0.393187200900994 -0.127259343889972 -0.0956244038500425
0.218566023313661 -0.517756568198927 -0.297754638417682 -0.0312053094758634
0.0500808860883848 -0.528654483378656 -0.283662701884091 0.0107130418356411
-0.144752839279046 -0.424478006442178 -0.225311779159877 0.0568770459276004
-0.191007040776511 -0.429491103727024 -0.321420342079332 0.143008682448695
-0.251480840143554 -0.38906172661871 -0.38620084310166 0.245070117366988
-0.171784120560009 -0.24824139263789 0.481197967699026 0.220832886901229
-0.0287472957632459 -0.29284384001546 0.315415585713552 0.210504839446529
0.0627227547866998 -0.277375152457762 0.134524754226691 0.171448304776913
0.195733106870041 -0.257688437929589 0.139346503710962 0.109635650671959
0.23354186058118 -0.206509150256045 0.229092450851666 0.00515540615513376
0.275750641400956 -0.154263725365716 0.330988555466802 -0.0651761107994429
0.347452795265803 -0.117991056804062 0.438830496064608 -0.129852128984992
0.38014102247128 -0.142871163559632 0.411335230771099 -0.180175020010629
0.354986203391202 -0.233114362566736 0.203046774401633 -0.21064416803326
0.233715677489245 -0.323337754390608 -0.0700682327341276 -0.191126892209134
0.11637301766683 -0.413580134377812 -0.281124012570515 -0.0771534925726695
-0.014335021220029 -0.406049249928813 -0.260575690088052 0.0384856064750659
-0.159332385195058 -0.310113142171739 -0.181279932047238 0.140144608610116
-0.185585353298912 -0.316951459931012 -0.229973562088291 0.239630568838954
-0.218369186470758 -0.292609561310882 -0.280156793634125 0.361506947597399
-0.103173720461266 -0.109523536637652 0.500234846934707 0.292508128457199
-0.0077053627868091 -0.151615678845368 0.295060548118715 0.265697822835098
0.0525169110227659 -0.126330806365849 0.0932300010534508 0.191587455055683
0.123404380042285 -0.116461663366975 0.122279940665412 0.120005912578042
0.119427138757682 -0.0808612800694584 0.234180153812176 0.0115019626121163
0.135924957570225 -0.0502566398838692 0.372852381209731 -0.049554777555085
0.176039000380334 -0.0444111903369311 0.523016497456774 -0.129548847304576
0.200206640677019 -0.0725600314883724 0.523651078723836 -0.236283370313014
0.185065812737481 -0.125113214042435 0.286947096501397 -0.286390298748866
0.110783834481795 -0.17833185024368 -0.0403388595939663 -0.256216762660275
0.0452225922221372 -0.231508993064287 -0.266859345487404 -0.113665580825485
-0.0165495720524303 -0.224264247940973 -0.230326711843463 0.048876880237313
-0.0983991731692509 -0.159996488819022 -0.131907351268349 0.189437170286843
-0.113729406664733 -0.170889710778112 -0.138898476139919 0.292064939738308
-0.127654854153289 -0.158892447277451 -0.185844981786984 0.432087229824852
0.0195739876837352 -0.00654883997479475 0.0794214050901816 -0.434299373384905
0.0343999496642241 -0.0180482235826953 0.0418760941825845 -0.33597526052571
0.00486339758618637 -0.00107535197408058 0.0855809848761621 -0.212884310732667
0.00700565890582995 0.0079707100022026 0.167165963225092 -0.0637925401420418
0.00706218212361922 0.0132076362097371 0.219529924398494 0.125227397702028
0.0164983616252096 0.0200702923567291 0.0409683612143246 0.2270017525477
0.0417453516458166 0.0128293354197217 -0.300610437756033 0.274307344449455
0.0362985492667825 0.00304085410270676 -0.52556409434498 0.236584342517343
0.0361853882522491 0.00270615987743902 -0.562599246671326 0.1319732929345
0.00772301723967552 0.0147763748413915 -0.40700320744585 0.0773631652124033
-0.019171423889939 0.0171680298823383 -0.247440729029842 0.0128829337733364
-0.0154219452154039 0.0113104634306918 -0.134153744085953 -0.0860814922854829
-0.0205034786398133 0.0191876960409261 -0.075406168935457 -0.17738674564864
0.00928163560239401 0.00729501349878917 -0.24719228559541 -0.245264049897512
0.0122020671901718 0.00776022286080263 -0.513690833384063 -0.257850014142677
-0.12733031580356 -0.147215862821291 0.103589941139378 -0.387954089821601
-0.0966251970610219 -0.155520797973742 0.055284987547951 -0.300632630776975
-0.115215699689775 -0.171371381879206 0.0881448081027365 -0.178294528297613
-0.0425921657570294 -0.1981976504476 0.149158823667841 -0.0390034452385674
0.0364855147462361 -0.196435178240584 0.203417921296563 0.133602842528302
0.11969311095627 -0.171806549294714 0.0411877325709479 0.224357569181667
0.216646707349903 -0.120170859943967 -0.265368462920633 0.243507164961317
0.241128751159934 -0.0814033694605609 -0.480528981820264 0.214392360517501
0.23154185252534 -0.0607809833834115 -0.529332386391683 0.122997016684447
0.166923300446046 -0.0469030930228348 -0.400381775759494 0.0796259834924446
0.120808718232299 -0.0686486498566581 -0.269224740588907 0.0160050268792525
0.0958009349789622 -0.0881110881355537 -0.153609903490535 -0.0896495546137477
0.0356247260084449 -0.0984594607436588 -0.092737271529254 -0.195457076233798
0.0279815096932164 -0.147652813465148 -0.277808695832804 -0.249367262659507
-0.0392439318798621 -0.152733713754426 -0.53500290386754 -0.239733385495465
-0.2445123421566 -0.264840445807889 0.175261004657143 -0.303717622451975
-0.191950594052924 -0.278834028309401 0.118072613775763 -0.238480193319891
-0.193065750863049 -0.327693114222655 0.118675674356038 -0.129483613613951
-0.0564128601708614 -0.38525291843816 0.148994746987298 -0.0148452248654878
0.08310722970928 -0.380868058280879 0.190440429884831 0.115199941267403
0.22217270750251 -0.331009870189969 0.0605981268722681 0.176751406034115
0.368407541034835 -0.223525487138187 -0.172698146158735 0.166575088764357
0.411946424694892 -0.152503331104533 -0.357969269801894 0.160473553833141
0.40044437718177 -0.134683502113065 -0.435780127192514 0.107424141566136
0.315045163169475 -0.139541792140843 -0.36760097701277 0.08327738405145
0.25364007224053 -0.199811478760156 -0.29878269364545 0.0260918144574565
0.190243887352522 -0.234692196834636 -0.197330285332863 -0.0880411464472619
0.0617744863455511 -0.240000848683951 -0.144031722418066 -0.19146960654331
0.0149326047981119 -0.301652858841013 -0.332142831837994 -0.212424779531974
-0.100337751033678 -0.295176847569893 -0.546639403268688 -0.167182795596029
-0.304889376164973 -0.344360090306664 0.27336488744156 -0.183863659161217
-0.218405609343991 -0.379257824125267 0.204610718606304 -0.143587611332379
-0.189907524791778 -0.446365233106361 0.162231839749668 -0.0609447340683019
-0.00720200108305774 -0.513785090376627 0.160095593328352 0.011784821383315
0.162849799905715 -0.493750049312374 0.189136703692619 0.0753152891394813
0.320065061624951 -0.416210428419199 0.10557754787744 0.0925933259920709
0.473194076293822 -0.276327734880529 -0.0326140435714163 0.0638314452164403
0.522676161738576 -0.200741603536306 -0.178165902646877 0.0830209167240509
0.511839757158636 -0.215574014696211 -0.286897317462309 0.06989736253121
0.414671523821769 -0.264034933462022 -0.301266561976568 0.0658524069235123
0.329440585781912 -0.369732859800327 -0.316613441171701 0.0295049767380253
0.21607627099163 -0.413304159774739 -0.24935996275316 -0.0678142039643242
0.0246969329165834 -0.381986524612326 -0.205990463160239 -0.142395932852168
-0.0450548738287583 -0.42402399002765 -0.379858413737921 -0.120686531363661
-0.172564406315239 -0.39357718749962 -0.532245052131781 -0.0438775663970209
-0.301509390065734 -0.372417460055118 0.370141916659664 -0.0438245496820465
-0.176499835033867 -0.425934000928368 0.285188815061669 -0.0203205184343978
-0.108265747057049 -0.487400879312665 0.190596007854222 0.0276341253780449
0.0967709533138388 -0.534043229324196 0.169017685806594 0.0460294803782838
0.247743031074864 -0.4905467221771 0.200005555261195 0.0323432296212276
0.379405430576764 -0.396060368786555 0.178379736799403 0.00281326364213955
0.511105916175495 -0.266082651109031 0.136273233790752 -0.0351264010286687
0.555463454852026 -0.215679480571191 0.0320739701761257 -0.00933906390927819
0.541555202957525 -0.277973980401604 -0.107839130791906 -0.00540193774657372
0.426193096778288 -0.370666269434971 -0.211836605200692 0.00185787742955273
0.307880248441176 -0.50369506522647 -0.313785657545243 0.011878028558437
0.149894070059334 -0.537964826115877 -0.284174358099835 -0.028867860499117
-0.0653456877623819 -0.457158371881758 -0.241164915069944 -0.0480245786974415
-0.132960402723246 -0.474098332954194 -0.38045990835357 0.013199562190109
-0.232937971205958 -0.427008141205868 -0.478816460980983 0.104977380073776
-0.247843235324295 -0.34114023118413 0.442961392605395 0.0995286566719842
-0.0957727062919238 -0.396981534153662 0.323993824392837 0.107716332359848
-0.000566171088396098 -0.422063502596813 0.178962638550532 0.115488209069048
0.185528741685955 -0.427553469644035 0.162364297063556 0.0831132106261694
0.283214413293339 -0.37249100506897 0.218376656497201 0.00686658022123321
0.367820775736855 -0.290343812220241 0.262255387122218 -0.0550651427095896
0.466299344464963 -0.202887548434311 0.303761278472444 -0.104889930742202
0.506736643942244 -0.197258227182057 0.239948768575512 -0.103610583744352
0.484934713363279 -0.289527255561961 0.0657719911629539 -0.108502726598178
0.353668151112298 -0.396601465868095 -0.127599378235035 -0.0949615961415649
0.218271108409887 -0.520031473420661 -0.29813840638859 -0.0296703191105059
0.0488834107453468 -0.530614645370168 -0.285872660655628 0.0113619291614081
-0.146812571352424 -0.426364707660326 -0.228483313347673 0.0579953918945147
-0.194224245810632 -0.43191272705084 -0.322403340256418 0.146988964978516
-0.255226529399755 -0.389635643937606 -0.387701533521042 0.249902446006699
-0.173699428693708 -0.248362554578926 0.483808982981781 0.217955693356652
-0.0305289314433016 -0.29523433840355 0.319005852941832 0.209768512047443
0.0623645314835708 -0.278882218290807 0.135436266934854 0.170929482992158
0.196703813687254 -0.260602894637873 0.140694070099631 0.109692175186512
0.233635611905256 -0.207765373458874 0.230734976573015 0.00394737816143851
0.276361681635935 -0.156554650250058 0.332746717765649 -0.066196494412618
0.348170664506581 -0.120849046415436 0.439524961626335 -0.132845233750365
0.381585626584267 -0.146916862428192 0.412726432858059 -0.183531408122286
0.355471583607476 -0.235427250170906 0.202892409527143 -0.212177421713309
0.23472151039554 -0.325916338343208 -0.070515608949182 -0.191431413154778
0.113616801372365 -0.415679579225436 -0.282523916227102 -0.0754560964932362
-0.0177992062047526 -0.407908512295379 -0.262556824426013 0.0398147215433239
-0.161243064306905 -0.311316463507788 -0.182277740207328 0.14156524459734
-0.189715747105167 -0.317831785107513 -0.229274406708696 0.243596960768885
-0.221253984116049 -0.291204227055136 -0.280219979930596 0.365809383492072
-0.10403700662329 -0.109337931133958 0.505393269025228 0.291223885769333
-0.0094109190827716 -0.152864327781387 0.297673740308731 0.264039169484793
0.05281771192341 -0.126962216743942 0.0939147068980602 0.191682093400985
0.123488476723248 -0.118234627640319 0.123555377106901 0.120414415767097
0.119824405999583 -0.0814999526817415 0.235841891779697 0.0104823275130926
0.136613844291285 -0.0512394563452738 0.373579392654903 -0.052298571093904
0.176658131518233 -0.0450067882005427 0.525179048798734 -0.134757658601398
0.200745371052544 -0.0743219159089493 0.525741163968821 -0.240520675395922
0.185890975749296 -0.127193490047435 0.286836785560371 -0.288738923079592
0.11053152831351 -0.17920967774775 -0.0408745587350837 -0.257841003483071
0.0442120632329406 -0.232879641875385 -0.267910203842401 -0.112088094328947
-0.0188596504065788 -0.225547688526128 -0.231843876195023 0.0502419207743865
-0.0991314711366469 -0.160666880507686 -0.132376160059604 0.19141556183847
-0.115016441977313 -0.171467423633921 -0.138562504759839 0.295241128763091
-0.129356803619375 -0.158746200726486 -0.185756688259702 0.436842894702481
0.0198463807628826 -0.00576602287301034 0.0769820829432149 -0.439320716356552
0.0343838767350427 -0.0183610083307108 0.0405573101356569 -0.339065228341029
0.00454834940987203 -0.000842104856078763 0.0852818964737893 -0.214672471147544
0.00659707879677867 0.00797686747063186 0.167783767048915 -0.0656760655993717
0.0072660025650039 0.0133834710579621 0.22162227501548 0.123741320820658
0.0164063472213833 0.0202172613661922 0.0415141791764644 0.227832219700396
0.0427892470453225 0.0118443887523697 -0.301879385577011 0.277895570370439
0.0370270108476244 0.00245720377821553 -0.526461850177226 0.241579139888139
0.0368244112048661 0.00205902680306133 -0.563466523263057 0.136638636111192
0.0080376890981052 0.0145924572847646 -0.408495578580122 0.081134029453308
-0.0190790620890715 0.018106449564138 -0.248152895439426 0.0149771309189773
-0.015653033820223 0.0115584280276816 -0.136027321634683 -0.0850117104068838
-0.0195370698822896 0.0199394290552423 -0.0772906337133495 -0.178666359831541
0.00913496922759931 0.00717215594142589 -0.249810031105394 -0.243751838445275
0.0128834031553791 0.00819704041466961 -0.51815957599441 -0.253566309376935
-0.129355747865144 -0.147194532462796 0.101111467900063 -0.391333430711605
-0.0985518899844666 -0.156020507691534 0.0536489237210713 -0.304093883692722
-0.116609537874182 -0.171118902433196 0.0880312628402 -0.180977712029697
-0.0446631442141366 -0.199487110863861 0.149106708215244 -0.0401739365389842
0.0350804068688064 -0.198046502621429 0.205733083994205 0.132288897778035
0.118484337677138 -0.173081509952044 0.0423286660432271 0.224372946049583
0.217641615534206 -0.122490202052616 -0.265354151534823 0.245723980540527
0.24194152927431 -0.0841548204320335 -0.480884052637493 0.218192007302895
0.231975973192019 -0.063118874515519 -0.531777770202558 0.12731737109156
0.167354158075632 -0.0482447599381213 -0.400897983448656 0.0824939514006399
0.121311857493163 -0.0691877853990897 -0.270503720210479 0.0179943633593912
0.0954784388820502 -0.0885670541090526 -0.154908259814874 -0.0889304235176935
0.0358784190029931 -0.0981972529399188 -0.0947420493111598 -0.196374670144425
0.026455175722338 -0.148558299019989 -0.280473994207052 -0.248070272737868
-0.0397054157740858 -0.152607109828194 -0.539170415788291 -0.236963502355796
-0.248460350950416 -0.264165325725642 0.174330412435819 -0.306677967417609
-0.194597846760179 -0.28027722696867 0.116300202028805 -0.241931398826687
-0.195549287015514 -0.326180829094791 0.118615787463698 -0.131934965730719
-0.0598346993563867 -0.388022653775431 0.149261927420402 -0.0155618841594588
0.0826945549802361 -0.383681737783113 0.192512399238346 0.113481925309298
0.220490176287752 -0.333397578876634 0.0612364353972908 0.176022785594359
0.368112370767829 -0.228334594866023 -0.172659395461818 0.168244618605025
0.413325244594881 -0.156938077800933 -0.358656340407 0.163475002120084
0.400327458253582 -0.139332845707095 -0.436854410513902 0.111838848231563
0.315340970460945 -0.142570216935276 -0.369010524510353 0.0867994169145195
0.253477571134366 -0.20198146931309 -0.299360419353063 0.0278663290101162
0.188722791967329 -0.237157320300758 -0.199098418731031 -0.0867410449573935
0.0617891559254734 -0.241707974524616 -0.147938757891737 -0.192332464364277
0.0126590230260693 -0.302575647267002 -0.335757392399876 -0.209342248849322
-0.102854575996664 -0.295650663636898 -0.551346007467348 -0.162959699777569
-0.308201172625338 -0.343231172415714 0.272726267022182 -0.188067232438503
-0.222794457368244 -0.379931747987185 0.205581584841093 -0.147535584271657
-0.194396390039731 -0.447204385246283 0.162472477936529 -0.0630854150812823
-0.0110125042856699 -0.517087769062099 0.160473265621072 0.0107638183633374
0.159753585693665 -0.498107363141906 0.190403756904129 0.0740398160194928
0.318518121474613 -0.419733065589061 0.106348804960822 0.0917278478815181
0.472642390816133 -0.282324484967439 -0.0325959479074548 0.0637152767986719
0.524844455198932 -0.2044437077744 -0.178194221159109 0.0841484695389474
0.512525812136542 -0.220915477284379 -0.287963012209487 0.0737274883560928
0.4142824140229 -0.267723168823143 -0.301900280545631 0.0682830329586669
0.327487094198534 -0.37277005565377 -0.317288661834452 0.03214258992251
0.213201844279895 -0.416348335441194 -0.251448959068559 -0.0659662116291871
0.0224776519151353 -0.383160828829564 -0.209474062430018 -0.142237326958071
-0.0497328681320536 -0.425384369848661 -0.381957205197715 -0.116767396680712
-0.175846394364176 -0.393121380339537 -0.536494871679814 -0.0408074633915351
-0.304903640939986 -0.370687698957067 0.372348086234946 -0.046547179480583
-0.179346158558911 -0.428715854567379 0.286550884403865 -0.023813287406564
-0.11137932447683 -0.488883121598063 0.190761903413563 0.0259234129760131
0.0932339982003257 -0.536988011634733 0.170728848146744 0.044236889164533
0.24506092692828 -0.49445516837028 0.201721887194735 0.0308555586692637
0.379339749063964 -0.401210352466006 0.178730570371994 0.000794932474939533
0.512134000487067 -0.269328365299435 0.136709707993668 -0.037426905964234
0.556863370867896 -0.22099689349364 0.0324821467967667 -0.0101169510593361
0.543828573691442 -0.282751812288619 -0.108205257195084 -0.00434187588439554
0.425350464762446 -0.374510339402737 -0.211940326776263 0.00348008232424061
0.306252959930206 -0.508085913517903 -0.314100234263326 0.014198557095
0.146172295551007 -0.540373000930985 -0.285885132108994 -0.0273403004695808
-0.0678201341022087 -0.458145292993216 -0.24406424151373 -0.0472830661474759
-0.137805647693642 -0.475982923200466 -0.382684935155678 0.0178788064546623
-0.237468154267 -0.426949892692172 -0.480306311771898 0.110021798846358
-0.251357464671982 -0.340097537633892 0.447134478952582 0.0970068720821204
-0.0998460261275577 -0.399577033417701 0.326043875993682 0.105612617064566
-0.00320913665118736 -0.424271956699982 0.180735854405488 0.113828487699831
0.183811652499619 -0.431818446184102 0.163795412938553 0.0825192404346743
0.281834259914021 -0.374278425513331 0.219561785379902 0.0053094568206837
0.366402723183545 -0.294700151118295 0.263145035680071 -0.0568767985999437
0.467794672058444 -0.207256447944263 0.304907875793828 -0.108619113121361
0.508635200049081 -0.20191272337906 0.241158636892527 -0.105800160564981
0.485077965126881 -0.293307632427065 0.065138839796129 -0.109437256226136
0.353413146794355 -0.400571256953242 -0.128209646122828 -0.0944073401279521
0.214071980491542 -0.523623970764198 -0.299629627593233 -0.0270613712622128
0.0439672513547796 -0.533909432422789 -0.287166523251023 0.0130611327233121
-0.147838310244935 -0.428200058959436 -0.230500247435812 0.0594029178073908
-0.198829241805557 -0.432236646995212 -0.323013485447213 0.151133509842756
-0.25859319699077 -0.388330851028989 -0.387378917834887 0.2554453272864
-0.176011650989332 -0.248151061819148 0.488398409015521 0.2157068190511
-0.033098717113451 -0.296284470053667 0.321362059415234 0.207530026178955
0.0611577067923216 -0.281830888741172 0.136672104174547 0.170677890085431
0.195612790968636 -0.263933401601042 0.142112192665348 0.109354997604959
0.233708917757093 -0.20982635466023 0.232003428010139 0.00209618883889565
0.276858255009238 -0.158263215068274 0.33451688588616 -0.0681679267305285
0.347769632910409 -0.122764137624239 0.440907545308221 -0.136639084977447
0.381461419652044 -0.149449526312037 0.413592475297886 -0.187269922207141
0.355719383517758 -0.238717885273451 0.203122732161612 -0.214887874583757
0.233820885205735 -0.328623319487278 -0.0705982386381236 -0.191548202972941
0.111517204886775 -0.418840871088308 -0.28320191230416 -0.073214741508105
-0.021599168496348 -0.40956166073256 -0.264186716971533 0.0418790949272778
-0.162316158778061 -0.311435862215834 -0.183680121331244 0.143337691983867
-0.192694823276849 -0.318296518637256 -0.227947122546346 0.24746377204308
-0.224924903147895 -0.291308521227529 -0.278425317889708 0.371408386442131
-0.104898357340833 -0.109562938410264 0.509136307515462 0.289634749070185
-0.0109981051329966 -0.153869204241571 0.30130065766065 0.263672301008571
0.0530644219544054 -0.128374067067799 0.0952562622335903 0.191898348434418
0.123295933041938 -0.12023126729395 0.124918987334214 0.120517574198951
0.119564650650981 -0.0824454684222749 0.237301479071514 0.00925586722737363
0.136942152305465 -0.0519093271993642 0.375968647477908 -0.0543914520419182
0.177411858309641 -0.0469774393958432 0.527541834266463 -0.137319857713282
0.200949588586223 -0.0766761789059898 0.525379437436385 -0.244439428131078
0.186015998382382 -0.129338837962753 0.286086678720209 -0.293984603892839
0.109972615205464 -0.180791647167033 -0.0421355592125046 -0.257903228097
0.0422190359454419 -0.234122950011646 -0.269591712757728 -0.109981199769933
-0.0208428695685708 -0.226493708859739 -0.232369709907783 0.0521229633431146
-0.0994865338153916 -0.161376604807401 -0.132298871669524 0.193222362193449
-0.117297464466782 -0.171600817993955 -0.136923425105409 0.299065785489493
-0.131126446270286 -0.158207522101142 -0.182669423961481 0.442416063162376
0.0199692610295676 -0.00553892573399656 0.0739297846511043 -0.442894739265783
0.0345765360098231 -0.0187019712774791 0.0379531855538449 -0.34148096463467
0.00447032682231194 -8.93170282101341E-05 0.0846190950043864 -0.217116746267892
0.00670962073134586 0.00840786204025561 0.168137000920526 -0.0668318991473301
0.00715945396482578 0.0136355611257231 0.223969009672349 0.122635724861131
0.0169158500669727 0.0196074587585779 0.0423458596755864 0.227570412859139
0.0429884520344925 0.01099155984569 -0.300866818986794 0.282148902532197
0.0373745524032068 0.00174691992356861 -0.526377710467149 0.246812621381336
0.0366565027373916 0.00183677792826337 -0.564005866698909 0.142501352735189
0.00844484394087561 0.0142931796487012 -0.409040325812365 0.0862990102882942
-0.0185288404921974 0.0188468913270066 -0.248545468303205 0.0168478299550452
-0.0153630069467657 0.0116109220705252 -0.137732467631596 -0.08421867240373
-0.0189393586621974 0.0201896645802413 -0.0795917836170912 -0.179560661619063
0.00918543006369987 0.0071174804607864 -0.252942795598148 -0.241905878610851
0.0128892351853003 0.00855935123119259 -0.521824310768726 -0.249273984779665
-0.131186982145052 -0.146522568585184 0.0979729001831931 -0.39494243317988
-0.100455092854875 -0.156602717217663 0.0516782054028952 -0.3073622138962
-0.118729394577297 -0.170236256975408 0.0874431511988579 -0.183261223997431
-0.0457233651937353 -0.200035268505453 0.149637458443078 -0.0413103670820389
0.0340704231523225 -0.199272754515884 0.207332840872612 0.129794690962088
0.117787556517974 -0.175169102374112 0.0433236712303706 0.224534327284223
0.217967791088459 -0.125027188148737 -0.265462273289619 0.248904757247259
0.242566734401415 -0.0875060081830721 -0.480753957597442 0.223656803434404
0.232719716944596 -0.0652672923057086 -0.532998343360823 0.133632411086696
0.167863222323677 -0.0495161523330345 -0.401068962289741 0.0862347942201445
0.121136215569654 -0.0697290713701913 -0.270612095338126 0.0201786167909821
0.0951085242204353 -0.0898686827911298 -0.156958936583532 -0.0878889543147638
0.0361338140163007 -0.0990708917045643 -0.0978932515338043 -0.197436592854409
0.0257700346960649 -0.149564072697135 -0.284655087268406 -0.246339094584378
-0.0413122923739198 -0.152704623479355 -0.543924585297795 -0.231717150977221
-0.250848627061165 -0.262885987540083 0.171941219201758 -0.310660134153735
-0.196967277356526 -0.280281276197133 0.115590423293413 -0.24555500749201
-0.198740631514948 -0.326724779409456 0.117916140935433 -0.134689473414638
-0.0629079467993912 -0.387636007779122 0.150025450920144 -0.0177833598457301
0.0807212981076082 -0.387133517404345 0.19389829135311 0.111416975443872
0.220005393726748 -0.337005338726344 0.0623764439822395 0.176320441916249
0.368934717643098 -0.231499010104824 -0.17294426038491 0.169738756804269
0.413973979464171 -0.16265175822897 -0.357714720668297 0.167066982703809
0.401016395774394 -0.141603329323204 -0.438472424163416 0.116746734936245
0.315996892387509 -0.145266864754093 -0.367972243843273 0.0909109623211793
0.252429429660008 -0.20380505128259 -0.300187931177448 0.0309983661454505
0.186948507110588 -0.239869703244805 -0.201489319169715 -0.0854116647996558
0.0614387531883344 -0.242140488035432 -0.150902881732364 -0.192677289369415
0.0104411406360429 -0.304165672165315 -0.338211586462617 -0.207398611905083
-0.106200210317807 -0.295398991000688 -0.555404339301677 -0.157457733522974
-0.312298280145806 -0.342362071969051 0.27386941883719 -0.19163804034893
-0.226179325831958 -0.381650108070309 0.205971094682919 -0.150951480192491
-0.197170128417749 -0.447280304973144 0.162753417291492 -0.0657854386079867
-0.0141757469089554 -0.520075078214452 0.160751283715583 0.00901766392516985
0.156843254841403 -0.500355641884122 0.192293148632674 0.0715361103581094
0.316317152771272 -0.42258323029231 0.106865572904913 0.0900013117310151
0.474436541268368 -0.285549314275298 -0.0326349766086915 0.062886324051035
0.526623169350133 -0.211770679590959 -0.178224649688235 0.0860819331142175
0.512569021455409 -0.226000195644376 -0.288182675376914 0.0759456328783301
0.414165392902248 -0.271747194199144 -0.301158519239679 0.071232588261896
0.32620753382243 -0.377096758446881 -0.317750723556701 0.0350512378321004
0.210108281113523 -0.420295552059159 -0.252946954830955 -0.0643979103945728
0.0223653796070818 -0.38509725807271 -0.214098325935401 -0.142114022818143
-0.0532861229310458 -0.427212205861843 -0.385253981113463 -0.113366514446344
-0.180232316331212 -0.393384918298359 -0.538933892636034 -0.0333344746129656
-0.309384244761229 -0.369602422584708 0.374325604585898 -0.0524559142546678
-0.184370766995151 -0.428939819427309 0.287785664463577 -0.0279113903061072
-0.116329359158492 -0.489777379768636 0.191224824318903 0.0234402793302318
0.0901254213000078 -0.540781472492062 0.171142999746039 0.0429898515964362
0.243471171356556 -0.497896100611489 0.203585751611228 0.0285369911694678
0.376794530378341 -0.404869944309272 0.179184024338798 -0.000468446545864964
0.513113362425388 -0.275651952042477 0.136315618144749 -0.0402578715118945
0.55855373629984 -0.227172516822267 0.032988314337415 -0.0107953842838293
0.542718954144838 -0.289387976683459 -0.10891924661375 -0.00299345861237715
0.424262427335182 -0.379278253103903 -0.211950540199873 0.00583085543280284
0.304452209198144 -0.511477581950003 -0.314629779543306 0.0173692307836338
0.143125189872615 -0.543555129127788 -0.287409704816648 -0.0254115123002935
-0.0699317818983867 -0.459788006949616 -0.247571809081234 -0.0461448863491186
-0.142117198069181 -0.477203123599417 -0.384494082892664 0.0221647397845427
-0.241870957155532 -0.425720354502562 -0.481815770178861 0.115515715902681
-0.254201013655533 -0.340794874285611 0.450073855810535 0.0912479567914863
-0.103666686954884 -0.401067343196365 0.329280543641469 0.102120546767076
-0.00507579127261434 -0.425572895450457 0.181708904618232 0.111528232048505
0.181775582104313 -0.436317547309355 0.165017440436425 0.0805487529826047
0.281409010495257 -0.37944542959514 0.220777322442314 0.00335364919406277
0.365643729349648 -0.296404567139002 0.264624363283722 -0.059399712616947
0.467795055607402 -0.21107260736041 0.305110928787011 -0.112111099169652
0.508833051086959 -0.207506982495507 0.24170408559479 -0.108219949718228
0.484118460548899 -0.299178482279052 0.0647606696224626 -0.11028418247423
0.351356045514441 -0.406019740630293 -0.128393539873605 -0.0931614690018657
0.21034671904777 -0.528817478369664 -0.300515863864151 -0.0240820038389239
0.0387212774699307 -0.536628814968568 -0.289242852891547 0.0156461406976812
-0.151342486706771 -0.428157737947313 -0.233208596398126 0.0610340235998054
-0.203706904720996 -0.432966450333162 -0.323007849118134 0.155728269836558
-0.263668991458335 -0.386058158022363 -0.386690542154038 0.260957238141828
-0.179377372716411 -0.248301700427732 0.49273673370921 0.211695218435204
-0.037412758077408 -0.298642885130925 0.325242366155354 0.203920065546919
0.0600799565057115 -0.283235950342069 0.137545765716671 0.169392719930988
0.194712465023131 -0.266937517283914 0.143723672990316 0.108545306656193
0.232958424363054 -0.212640746586068 0.233570628106836 0.000114246010739239
0.276400327853576 -0.161149326402803 0.334897890814134 -0.0717912433363216
0.349062440825232 -0.125689328313607 0.441842050780626 -0.142383836651234
0.383727812222825 -0.155038502338705 0.414369530967998 -0.191851671980771
0.354652217929362 -0.243231158301557 0.202189914459225 -0.217053544565435
0.232471507966354 -0.332443885932132 -0.0712523689514646 -0.191118015786524
0.108661183114329 -0.421002543506924 -0.283970344132779 -0.070969243070522
-0.0245661157221758 -0.41156849346932 -0.265884172616405 0.0430246548705141
-0.164256191444769 -0.311282264589108 -0.184904793878944 0.145535387012832
-0.196314673536936 -0.317859101584694 -0.227233747131427 0.252277677618961
-0.228278677429967 -0.289875617472332 -0.276020917464893 0.377029050327437
-0.106370197261465 -0.108493793604735 0.515338983944847 0.285626997799241
-0.0127972020287326 -0.154406748359242 0.30517061954271 0.260179225913224
0.0520501556210107 -0.129731817856439 0.0963728206730836 0.191572451850014
0.122914161062893 -0.122811600007446 0.126436922028421 0.120677767320332
0.119999264572338 -0.0835374755137734 0.238419883737749 0.00693803738218376
0.137229084229073 -0.0532381849202273 0.37722939312203 -0.0562959653724232
0.177869549312153 -0.0485073403884816 0.52794014962428 -0.141544039524425
0.201324213423505 -0.078912612041699 0.525029219112324 -0.249698128171768
0.185302985862613 -0.13249259122606 0.28589597897504 -0.297676199419989
0.109106056673132 -0.18269429307854 -0.0434610544442093 -0.258317084235302
0.040251731053159 -0.235313777795583 -0.270621049717375 -0.107698007145353
-0.0228548645880385 -0.227569084803666 -0.234070336430843 0.0537370178510586
-0.100146356866305 -0.161191204576808 -0.131810258815741 0.195384379522797
-0.119350599569763 -0.171460312387792 -0.134757511380964 0.302550301360289
-0.132924824052412 -0.157419014544945 -0.179294605979702 0.447339654094993
0.0199080651213417 -0.00539069797385685 0.0702755377631366 -0.446484662073404
0.034527978745917 -0.0193787509997462 0.0346897750575752 -0.34456796311977
0.00430820899565253 0.000299224910637141 0.0831575657011438 -0.219562914565389
0.00611723999662762 0.0081714131773149 0.168282850115911 -0.0682490874036797
0.00734715894008288 0.0134568807129566 0.225540215385592 0.120164383913004
0.0174656314837333 0.0190976301369511 0.0439801767678849 0.228341078496483
0.0438376670417803 0.00961897520300243 -0.300646348237501 0.285623174714762
0.0376148998309566 0.00098629202188695 -0.524851032027725 0.252438841878823
0.0365796997388146 0.000670084230296249 -0.564939544348898 0.149214875031109
0.00944568257425879 0.0145617579836125 -0.409299272296975 0.0887331159300077
-0.0185211860288847 0.0196215741301109 -0.249319792211353 0.0184381356180261
-0.0155036299801938 0.0121266965518901 -0.139857842369363 -0.083003876292384
-0.0186716552778215 0.0209310476157852 -0.0821622656202729 -0.179715432851247
0.00904861068604739 0.00703006096799024 -0.25621048649267 -0.240078373301914
0.0134704450040024 0.00885846509999262 -0.526385761228739 -0.243672530829884
-0.133183403237035 -0.145101351691032 0.095315897291711 -0.396892906708769
-0.101779438376333 -0.155909155451749 0.0493593299906395 -0.310259488655226
-0.120713531518872 -0.169864553042423 0.0862884385745161 -0.184811403734573
-0.047803406822736 -0.200754408864819 0.149778049401737 -0.0429612540739353
0.032182141906385 -0.200035599711897 0.209401741298068 0.127779984218087
0.116674223640516 -0.177563251661031 0.0446171882880426 0.224806060410201
0.218695998573517 -0.128240434039638 -0.264860792449445 0.251964168513394
0.243401298619391 -0.0908273338299149 -0.479945821800783 0.228996857538617
0.232863393519007 -0.0680756798866954 -0.533390703297971 0.138664435745061
0.168599570102369 -0.0510386941738685 -0.401670462208354 0.0901689685122526
0.120675579630849 -0.0703359673199791 -0.271365885722686 0.0230367686276123
0.0939872780370258 -0.0906883972900799 -0.159100373025777 -0.0866969139394951
0.0360867538776661 -0.0993058004553926 -0.101214665801183 -0.197792133820576
0.0244705395469626 -0.150787484956024 -0.287929941255218 -0.242989548476715
-0.0427537115034416 -0.152175433865498 -0.547718022005383 -0.22722815775641
-0.254552649816278 -0.260637482491258 0.171032734077128 -0.316076380689605
-0.20075999205781 -0.280042915571245 0.114155554772828 -0.248883713604084
-0.202078607978978 -0.325040671831166 0.116767011294139 -0.136822113881991
-0.0670355312822473 -0.389839231679876 0.150085544480491 -0.0190478277785431
0.0759992187642181 -0.388235189361959 0.195852383987918 0.109326242528202
0.217189143979252 -0.340982432632171 0.0631303870316167 0.17594251941573
0.369087124636127 -0.237760668213328 -0.172519907304906 0.171432377618266
0.414823695142791 -0.16770550387434 -0.357661525231963 0.171020506307708
0.400966573308316 -0.146417284185067 -0.438392101155604 0.121526516956965
0.316175907281603 -0.148422815335704 -0.368384389272635 0.0937064731538808
0.251495730409788 -0.20659793127148 -0.300216339141515 0.0339626165540381
0.18569102340778 -0.241674566168513 -0.203215232063281 -0.0839104407203147
0.0609572940917745 -0.243752233113432 -0.154648503603824 -0.192873662102591
0.00683175684274835 -0.30606461757245 -0.344051879158028 -0.204206165119429
-0.109492052930687 -0.294483565144176 -0.55822341168583 -0.152123885268855
-0.317852851593395 -0.340421850853848 0.274634947132565 -0.195687006535171
-0.230639395604011 -0.37974224624871 0.205527025444952 -0.155529982234165
-0.202356421926705 -0.447752761456834 0.161884700910866 -0.0684703669220927
-0.0188500952118055 -0.52127333406034 0.161644004708955 0.00721250737922891
0.153810885738129 -0.505028866251728 0.193871436421809 0.0690172830411716
0.313350809216715 -0.42717800331584 0.107806854438426 0.0894574079805925
0.473461564437445 -0.291888377271941 -0.0326916807093063 0.0623013202810102
0.525858701823888 -0.218643517447745 -0.17749975503846 0.0880545361308029
0.512337130111863 -0.230907297083182 -0.288320827487977 0.0795624872891995
0.414308797298082 -0.276836244850862 -0.301045146657572 0.0746298008884869
0.32384170772056 -0.381005706818973 -0.31813086293393 0.0389752091539704
0.206241322115514 -0.423258886710674 -0.254627593496296 -0.0625093192814585
0.0193739054917119 -0.386690377905437 -0.21761721536778 -0.141425288166642
-0.0575984051692198 -0.429813011471672 -0.388544021763589 -0.108277843657406
-0.183859459260455 -0.391266351846744 -0.540721849601171 -0.0271046343168135
-0.31492350549306 -0.368750615417447 0.377010197316675 -0.0573671656524197
-0.189088914713818 -0.429844311679274 0.289127493065428 -0.0325350323223182
-0.120143566838118 -0.491126542217627 0.192477973913513 0.0211542097872573
0.086101831859019 -0.544772936304357 0.172244365905003 0.0413025294986787
0.239660672915439 -0.502692699284708 0.20455368489892 0.0255387103100638
0.375395697780168 -0.409724975084702 0.179761227809522 -0.00313056819220405
0.513276504011795 -0.280152851352941 0.136653002616137 -0.0422627306607187
0.561178797052516 -0.234664642928761 0.0327527768806418 -0.0116228502346241
0.541133055093016 -0.294650829750035 -0.109206782987404 -0.00169801600532732
0.423199832997671 -0.385282579402128 -0.211915313859068 0.00808984560831403
0.300304775283384 -0.516801906907919 -0.315045435762082 0.0211575213920468
0.13685548064282 -0.547452179405606 -0.289374809810948 -0.0229432703504542
-0.0741931341157747 -0.461341401941316 -0.251433367494016 -0.0443730012149192
-0.14826536754639 -0.477006491940375 -0.385882738729239 0.0274406335473423
-0.246453776908949 -0.42416912007808 -0.481407006606374 0.121774912162271
-0.259138809750109 -0.338929871939122 0.453686086001177 0.0860264246334972
-0.10790719771185 -0.401765520256575 0.331810747643279 0.0971977489696949
-0.00879766958478919 -0.427185718484359 0.182572239125734 0.109457756460528
0.177990883584181 -0.439540741320734 0.16689544811459 0.0796289764254091
0.278823305946059 -0.382155819277287 0.222305321514336 0.000466655185078582
0.365045709086075 -0.300827395414472 0.264490702662386 -0.062455512187392
0.469033786662638 -0.216567328994329 0.305285821332477 -0.116573296376844
0.509615365576856 -0.215163160514693 0.24080405331453 -0.11164713091369
0.483158660874778 -0.306133818807332 0.0640263581135108 -0.111216692883734
0.347821537271401 -0.410520012732036 -0.128694380803589 -0.0919571350618194
0.205410032619489 -0.53164704280428 -0.300873473426306 -0.0205316172904912
0.0324650010058212 -0.53935765723678 -0.2908622508314 0.0184108138708987
-0.153909834570728 -0.428533275073278 -0.235383735924042 0.0633852763301874
-0.208509817458589 -0.4331282406536 -0.323221674794895 0.16049387929481
-0.268906839589189 -0.385255591571387 -0.385873054208415 0.268208644681611
-0.181529291977402 -0.247593443948522 0.496894112098028 0.208353270735548
-0.0403743832011609 -0.299705300790175 0.328467056480108 0.200701734767039
0.0579056265195572 -0.284763051102803 0.138983245434569 0.168851147519436
0.193695724632429 -0.270919929959801 0.145770820735122 0.107991592796063
0.231967082073758 -0.215123479166686 0.235261239179433 -0.00199712014050572
0.27605699285655 -0.163656657941435 0.334439721903366 -0.0748289083400669
0.350521801417643 -0.12999026635007 0.442415664685454 -0.146846038762364
0.382782811290504 -0.158678127567091 0.41364253587325 -0.195872009781068
0.3545884956944 -0.249017415815017 0.200550968089766 -0.220139244070546
0.230258418956913 -0.335535102730914 -0.0727395291342178 -0.191264194689405
0.104200238379571 -0.42418919020444 -0.285299416696373 -0.0675504312774175
-0.0294145804424028 -0.412751882263219 -0.266768048145804 0.0458261298829171
-0.166645623639169 -0.312308057393631 -0.185624024138513 0.147652717353291
-0.200476674157086 -0.317771684966296 -0.226006891426323 0.256248353786747
-0.231899417428806 -0.289269574693145 -0.273317364594887 0.382384850714991
-0.107270974365538 -0.108058424144662 0.521132406277228 0.280996621393892
-0.0152034356387012 -0.15539840427 0.308217017863559 0.258559043229757
0.0518450743307447 -0.130976820785682 0.0972904257591257 0.191792915062024
0.122234250771205 -0.125261322941611 0.128600364488944 0.119927361600193
0.119573420030035 -0.0850653416669929 0.239585307946312 0.00494263776684204
0.13732392015784 -0.0544268712194594 0.377528300847892 -0.0594583825121353
0.178528748974992 -0.0502633848408078 0.527372015848754 -0.147935719212365
0.201650134813155 -0.0814253172072281 0.525610462965832 -0.254281210675405
0.184796319889154 -0.134147933927834 0.284408246202775 -0.302555357850262
0.107982819549993 -0.18476727119286 -0.0451295708140052 -0.258174453859171
0.0383212837633144 -0.236447949793781 -0.27226858663826 -0.105105550902416
-0.0259855412750916 -0.228540350448149 -0.23539572858818 0.0560460196651385
-0.101875420468283 -0.161213533440523 -0.131384764708943 0.196810883248782
-0.121466587126886 -0.171244959608866 -0.132941524145535 0.305685359618469
-0.135142887461666 -0.15658074279665 -0.175687643673864 0.452793620395194
0.0201485358652868 -0.0050281924615768 0.0663679485270279 -0.449703757521454
0.0348139585835226 -0.020305541523602 0.0307539108375508 -0.347621165927958
0.0045612414049148 0.000327273704935994 0.0814663901964727 -0.221696945468926
0.00656082205489164 0.00831598544653857 0.168311853525195 -0.0707364242152223
0.00753777738063386 0.0137957372351812 0.227585620436215 0.11784272072078
0.0177148549038078 0.0190492677165415 0.0451274493381969 0.228612738137316
0.0438960161468763 0.00838642418958782 -0.297876776985282 0.290875603214027
0.037745636267753 -0.000273490173964039 -0.524874784941655 0.258969336950677
0.0366996063105031 -5.45369658890432E-05 -0.564658170540113 0.15602674724938
0.00940359713565632 0.0145295281886095 -0.408002649699183 0.0943878129148097
-0.0179536836535286 0.0204022353840179 -0.24975456530962 0.0213404072444998
-0.0153390062045225 0.0122147166336699 -0.141647116725194 -0.0812511147169158
-0.0182472811874848 0.0215637853727393 -0.0849782234471049 -0.180278931147701
0.00898611566783779 0.00667364586260941 -0.260062631723314 -0.236831599131935
0.0134983551902436 0.00879337106668069 -0.530656151292742 -0.237742594401024
-0.135706782260759 -0.143661216289938 0.0912129954908559 -0.400453677552355
-0.103970601144557 -0.156628177818228 0.0456208616788875 -0.313418548407618
-0.122819208416329 -0.16833049593932 0.0844852002871159 -0.187692248730485
-0.0496401819225499 -0.200511105965973 0.149919011065004 -0.0449060903656245
0.0307445886073611 -0.20088149432242 0.211283686237814 0.125028796614904
0.115623709858779 -0.1790566301499 0.0461805694643995 0.224381984800507
0.218030053011755 -0.131760364695834 -0.26361649548984 0.255629168163868
0.243805866544673 -0.0941537891295232 -0.478420106156856 0.234651536893051
0.232832541387144 -0.0708010697622766 -0.532990047474429 0.146696371125371
0.168409587613455 -0.0527706661944729 -0.400035942992322 0.0945498638138259
0.120923389584781 -0.0708961407331403 -0.271422252331111 0.0261368830293968
0.093067868032272 -0.0919337543794492 -0.161026146735431 -0.0852181439408838
0.0356975305514817 -0.0997452963580275 -0.104169290577747 -0.198006919262052
0.022357914282428 -0.151580185300146 -0.291586028274306 -0.240917657505244
-0.044282390835502 -0.151921156657914 -0.552787521564134 -0.22009491087898
-0.258603740408459 -0.259806807716866 0.168405010495468 -0.31896631567403
-0.204939690743268 -0.279249720999238 0.111984430264623 -0.252646153683389
-0.205749017459424 -0.324162500397777 0.115761833748186 -0.139726277965476
-0.0717442502647785 -0.390805376912877 0.149922474836787 -0.0203607530060634
0.0725095113764551 -0.389695834250102 0.197211855541123 0.106998286278079
0.213825443000581 -0.343683070327939 0.0647266735730514 0.175175532647846
0.368747086596922 -0.241343226194356 -0.171650719318278 0.172985375273608
0.415216701347249 -0.172726109113708 -0.35734662123161 0.175405106308231
0.400505552628924 -0.150256445073367 -0.43889134018666 0.128437522883876
0.314928610086539 -0.151782563389537 -0.366451041750149 0.09882101895855
0.249896920190468 -0.209073470747878 -0.300956122113666 0.0378261735077537
0.18255423873156 -0.245101169406652 -0.205524846267945 -0.0814662897416294
0.0592932517209996 -0.245268310223734 -0.158865068891058 -0.192639066406372
0.00369629031254532 -0.307292491335795 -0.345509377898326 -0.200275184247261
-0.11241004756177 -0.29360339613918 -0.56182008718691 -0.145430610459497
-0.322692256091628 -0.336519919293944 0.272461869807133 -0.20167726742609
-0.2356792472138 -0.380276957324513 0.204716836497223 -0.15942332095709
-0.207703728860106 -0.446101385837844 0.162052374936774 -0.071142542846317
-0.0242634505782745 -0.524279560890744 0.162040189689112 0.00514992306040379
0.149646854375147 -0.506983282952719 0.194977822102801 0.0659359076469052
0.309524467981629 -0.432536613262487 0.10867355368767 0.0880796922341189
0.472808782977808 -0.298322536990091 -0.0325986538815176 0.062206347589614
0.52676423907194 -0.225008143990962 -0.176900205228785 0.0896480172561589
0.509717357621754 -0.236125937045297 -0.288221417341671 0.0838769030346549
0.410358385379164 -0.281777838259681 -0.300229759529761 0.0789245381354053
0.32016294888521 -0.38505235689435 -0.318403806062583 0.0428359003006776
0.201793250418777 -0.427411848581581 -0.257520846243947 -0.0596140840175965
0.016844894852678 -0.387935600722232 -0.221338277583284 -0.140454171019899
-0.0636863413467758 -0.431007303259803 -0.391834257496044 -0.103453486475715
-0.19002178573032 -0.390595918042462 -0.542316344473523 -0.0202900691479318
-0.31973823866061 -0.365642609989251 0.377452386250225 -0.0624527154980284
-0.194868393727917 -0.43050662312694 0.291197474840425 -0.0370959637968916
-0.124862846283688 -0.490950950134518 0.19282119351001 0.017830482432214
0.0809612414740875 -0.548023596397188 0.173106146339369 0.0394793662363976
0.235951869235101 -0.506103426041245 0.205186501549029 0.0235044988759336
0.370684649758379 -0.415100464385145 0.180337232324155 -0.00477138324787367
0.510544519867306 -0.287109885941251 0.136190844588985 -0.0448293202412558
0.559997350671924 -0.242683739687336 0.0331851042458918 -0.0124534403399981
0.540613443076876 -0.301515785872505 -0.109031132719599 0.000214791394590868
0.420401031934149 -0.389637659597385 -0.211666585109359 0.010825158123824
0.294726944161727 -0.52177093574442 -0.315858568134859 0.0253242511953155
0.130570316221993 -0.550810176118004 -0.29157434469931 -0.0201251557581354
-0.0766961412094929 -0.462494041471295 -0.254541218499759 -0.0424029978379575
-0.152971958507972 -0.478643854420013 -0.386943405333024 0.0325200138856931
-0.252853570558151 -0.422122227670703 -0.481871151446801 0.129573816525016
-0.262991756884362 -0.336006832838541 0.4573118707555 0.0809212472227948
-0.114011450319789 -0.403115469404182 0.334025225984417 0.0931754122923842
-0.0129464641133279 -0.429512935029519 0.183318746034133 0.10796720281759
0.176305638823269 -0.444037963493258 0.167914922320247 0.0784913621966014
0.276548545668352 -0.38660970040235 0.222608035182651 -0.00237111195851676
0.363029518752136 -0.305856057414539 0.264017088290555 -0.0656070999720812
0.467973376202198 -0.221640679598449 0.304260528038755 -0.120684755869097
0.509447110182965 -0.220099459856075 0.241206576594854 -0.114620051761315
0.481662518807847 -0.311327214358411 0.0636554346433208 -0.112059559500855
0.345157749231805 -0.41543390484107 -0.129427255175732 -0.0907576096411342
0.200617270202884 -0.536042365004551 -0.301359852262978 -0.0166963111346441
0.0262030519591075 -0.542169504505443 -0.291878054586411 0.0211310723240749
-0.158244332138965 -0.428963768546796 -0.23719951966492 0.0663539213378251
-0.214285908422445 -0.431837345379956 -0.32180948872182 0.1660326140846
-0.274464470989191 -0.383009085015375 -0.38366869375771 0.274205889635449
-0.184492226009326 -0.246356754135906 0.502394350162775 0.201696260002834
-0.0443224244128656 -0.300735959224638 0.332722757997931 0.196667645331957
0.055630681765828 -0.286723659364689 0.140241056542814 0.167541325516572
0.191023745274816 -0.274272894903805 0.147577734044035 0.107497037313273
0.231192970652601 -0.218125622222639 0.23530194078263 -0.00482274153936097
0.275081539695067 -0.166726392229303 0.335360632453648 -0.0780376289152489
0.350181536740099 -0.133853020724367 0.44109114079899 -0.152498906785141
0.383434231012089 -0.163921385983302 0.413787810503875 -0.200880434357315
0.352497138701648 -0.252155716701325 0.199841822857084 -0.223501611820777
0.227695794027108 -0.339486015552656 -0.0742010339516687 -0.190935792016372
0.0999476899621133 -0.425921569692226 -0.286125308237977 -0.0644949117664877
-0.0352598154441123 -0.413319377279598 -0.267609675652147 0.0486064150866758
-0.169599338065354 -0.311425581639826 -0.185606823009007 0.150407226904172
-0.205214539084391 -0.317503726977168 -0.223672335253156 0.261439958714651
-0.236483843034565 -0.286573363481014 -0.269712695502598 0.38963888131979
-0.108969970074236 -0.107090067749155 0.525824130967739 0.275331924706329
-0.0175617128414116 -0.156157378005937 0.312864367812183 0.255535485453363
0.0506473948808261 -0.132296537951461 0.0989069095359594 0.191506701303221
0.120993674665503 -0.128176590817626 0.130539184675312 0.119924702808035
0.118637361367304 -0.0858930838467095 0.241185325676691 0.00263742848920596
0.137009158528363 -0.056018909162656 0.378577009677982 -0.0634287732910297
0.178744534011878 -0.0527962513942042 0.526881310791497 -0.154083151720314
0.201079213958818 -0.0845492431167553 0.523942677253467 -0.262454324112904
0.184007258512148 -0.13728562585287 0.282386335432059 -0.306452908291967
0.106944823066571 -0.186346358577313 -0.0468521862423518 -0.259026514654326
0.0354758418461494 -0.237359852046616 -0.273309770833892 -0.102108460420785
-0.0286457892274963 -0.22886919010579 -0.235852998880325 0.0585053157973796
-0.102563243976685 -0.160879728966855 -0.130355857827786 0.199206441547012
-0.124438826191904 -0.170798881495004 -0.129721222431118 0.309699679988404
-0.137311478401471 -0.155243500620595 -0.172492487749594 0.45790074362731
0.0201755433585245 -0.00505862114390137 0.0607967122505342 -0.452708586765435
0.0344197527090185 -0.0210850286365941 0.0268102233354824 -0.350063821113366
0.0045075240248808 0.000790767317775963 0.0796356754336916 -0.223743932353455
0.00629596102393278 0.00842524666156126 0.168199250967348 -0.0725739647749102
0.00757672409289815 0.0136092843720285 0.229755060115313 0.114940382380955
0.0182128135421236 0.0184084101856184 0.046801488211237 0.228066796843782
0.0446338829980137 0.00754483829860698 -0.29626595864092 0.294767386999989
0.0377513630200504 -0.00140479100219851 -0.522375935396083 0.265474877222353
0.0368161918209465 -0.00111332916625556 -0.563485452752397 0.164486541721145
0.0103179603409439 0.0140393842793066 -0.407167405445505 0.0993198390720073
-0.0175394096319699 0.020944637285443 -0.249557379157803 0.0243287054834179
-0.0156076707617274 0.0128700465469085 -0.143357181880823 -0.0790871739806846
-0.0175923287473752 0.0225130194380046 -0.0874804202467513 -0.179836460168461
0.00899178875839239 0.00685754364855963 -0.263526064671191 -0.233222940205359
0.0143186812781032 0.00892725761017082 -0.534065478066642 -0.230784920568243
-0.137271019428448 -0.141895828003787 0.0881005333377989 -0.405162760695464
-0.106043938730536 -0.155551431443024 0.0426736654730988 -0.315243043621963
-0.124413294159584 -0.166971695831809 0.0820335638658433 -0.189445643715767
-0.0523048280280333 -0.201064810335344 0.149703637940853 -0.0462453983602271
0.0286410893805615 -0.202145480579383 0.213534458350127 0.122572330103919
0.114022574525117 -0.181262247176517 0.0473867929110711 0.225094263421227
0.217300367454306 -0.134841417163553 -0.262050179210695 0.258754480094424
0.243239626563955 -0.0976385940402673 -0.477027387659554 0.240247050143713
0.232400863430813 -0.0737138997126968 -0.53176865488894 0.153967948711789
0.16806237448734 -0.0546334722406083 -0.399418304225933 0.100416514059512
0.120308469650882 -0.0720727623409188 -0.271594900396029 0.0289236507322913
0.0919527623104703 -0.0929987048369727 -0.162454342721236 -0.0826800648841677
0.0354746004036067 -0.0999794577958879 -0.108137724157462 -0.19724107261924
0.0206117275133245 -0.152396632054393 -0.295324752757435 -0.236572440679622
-0.0458908846997935 -0.151406202828696 -0.555693894961849 -0.214035467719439
-0.26196163583415 -0.255836014982538 0.165517324760974 -0.321322580369795
-0.208668388615942 -0.278164950208743 0.10912987259087 -0.256416333240198
-0.210673785626485 -0.321808915638201 0.114530123915368 -0.142019116402838
-0.0752795791098783 -0.391943719424562 0.149906767699017 -0.0225998566942526
0.0691443603300454 -0.391982270590246 0.198620101542546 0.103858081708046
0.212090584828218 -0.347466454365311 0.0656220652120939 0.174151586585024
0.365850333881965 -0.245755591710937 -0.170753693813444 0.174681824835659
0.414994111762782 -0.17865530439409 -0.355799333164328 0.179512378244222
0.400102420452975 -0.155769537703644 -0.436449575433035 0.133864437094392
0.313716780304565 -0.155183792509827 -0.366588727080843 0.103638928584907
0.248291466091094 -0.211592705782344 -0.30058247725812 0.0409913808787843
0.179262221636254 -0.247624506243448 -0.206453028954985 -0.0789127235644593
0.0578515466652694 -0.246368422866832 -0.162550377203678 -0.191866624725978
5.01302636462704E-05 -0.308032023728561 -0.349342157372965 -0.195573005190315
-0.115662423819467 -0.292353859001424 -0.563887314429344 -0.138571307541744
-0.327697953343206 -0.33334662225232 0.272481345679615 -0.204703214011533
-0.240504136423249 -0.379600182152956 0.203631057609971 -0.163840821706763
-0.212394959267192 -0.443946896988367 0.161402251113654 -0.0743156955172128
-0.0290102373753482 -0.52432160054287 0.16238600773072 0.00296723278423152
0.144819985438562 -0.510984957667571 0.195371046425043 0.063554266461072
0.305690911225652 -0.436339733314244 0.109603439520977 0.0860123881815363
0.471032250049577 -0.303683401805328 -0.0323515937533026 0.0623601741533949
0.526250535930388 -0.232075779439954 -0.176483457989966 0.0917365116025399
0.509142971637341 -0.244392303305089 -0.288251307324247 0.0879941800551833
0.409236675421128 -0.285066689686149 -0.299023280580569 0.082188531813489
0.317350847060778 -0.389967940125569 -0.318083759190808 0.0470061668210582
0.197007273817704 -0.431388752113265 -0.258688561735066 -0.0565787483543427
0.013900827192927 -0.389700918395143 -0.225477137809573 -0.137999772463955
-0.0685043380804128 -0.430483464978745 -0.393141484628268 -0.0978282835120079
-0.195400568184309 -0.387397902962534 -0.544338318610058 -0.0134706790041214
-0.324023484993888 -0.362279345062241 0.377617216274542 -0.0686267691446853
-0.200583609568018 -0.428960706458452 0.290600113490628 -0.0423876753368807
-0.13007677478167 -0.490647017285424 0.192734996845356 0.0155230712666224
0.0765588932427734 -0.549540291935395 0.173469343029909 0.0372478465052869
0.23060314574281 -0.509580532590621 0.205613669675035 0.0198850670727889
0.36701059880668 -0.418533914275388 0.179953029619278 -0.0075207463802298
0.508726851432863 -0.294494100867757 0.135649056433365 -0.0472403087495769
0.559720577247962 -0.25110240136844 0.0328978646522519 -0.0128903841896986
0.537617383700396 -0.307670662713276 -0.109491567944519 0.00177811364541498
0.415882845315259 -0.39404743150584 -0.210238062594071 0.0137825778697795
0.29190314053278 -0.526716469364628 -0.315359645693621 0.0287848472487303
0.124173822473425 -0.552607712599421 -0.292291287341408 -0.0161375392804006
-0.0804204907505 -0.46256800540089 -0.257631958851694 -0.0394441320223221
-0.160030933980403 -0.477936019146447 -0.387652294372526 0.0389196081715911
-0.258017829267725 -0.419611959992908 -0.481706592571831 0.136808759292788
-0.267201646288656 -0.334880413684557 0.458408501911717 0.0750323863396339
-0.119306203899367 -0.402605601419171 0.336833112349501 0.0876823758665249
-0.0177785314016556 -0.429284483544725 0.184854178655908 0.105262707373124
0.171967648351348 -0.448423853029092 0.168669477956914 0.0769055100627619
0.272031580443094 -0.390329834817732 0.223370440519585 -0.00476417912430544
0.359391965545676 -0.309159691664172 0.26450941105739 -0.0684182544959136
0.467343841573611 -0.226878523731763 0.303449196521408 -0.125466032553305
0.509610025686433 -0.227961286046439 0.24014781398584 -0.117562191514496
0.479314404169203 -0.318292825109942 0.0624364083489348 -0.112760205836887
0.341551568241144 -0.418856129272305 -0.129526192480169 -0.0892185453302879
0.195257253872502 -0.540462975055236 -0.301696357448499 -0.0130905946926389
0.0217189584012538 -0.542411120203058 -0.292763532928818 0.024359567963344
-0.161059811390284 -0.428368617647861 -0.238762668915287 0.0685543889401238
-0.220545144292887 -0.431282220323658 -0.321349347578507 0.172040259664918
-0.279593589270951 -0.379871786636834 -0.381480662040675 0.281087554955449
-0.187865689681184 -0.24426711973278 0.506656842154271 0.195386388250858
-0.0484179896362535 -0.300563617118001 0.336591011756579 0.192298448460682
0.0532604652560844 -0.288438938558673 0.140986549692979 0.166525153485196
0.188772154239965 -0.278389749014034 0.149135551034128 0.1061044202248
0.229333404467509 -0.220518828840532 0.236280013925451 -0.00773329022299592
0.274383444911185 -0.169257599812404 0.335591702936438 -0.0811509078867483
0.349918688325742 -0.137399491123527 0.440946190161342 -0.158534605765067
0.382704570719842 -0.169703549492166 0.41233748705795 -0.206959345260432
0.350708112497022 -0.257361521314213 0.198026000321093 -0.226858326193119
0.223514047129971 -0.342350826607405 -0.0752877322774696 -0.189765683266279
0.0959410936758467 -0.428047068157335 -0.286647915984656 -0.0609027161804275
-0.0391422989590364 -0.415317766948275 -0.268519676635243 0.0521219645282315
-0.173246963281299 -0.310878201947242 -0.185619518186221 0.153366272913084
-0.2096893716636 -0.31583506959327 -0.221273924682267 0.266077958368028
-0.24036511135735 -0.283485540042499 -0.265171636416955 0.394819344487262
-0.110075547480607 -0.106247484162208 0.530486687028982 0.268909682489966
-0.0201520741422889 -0.156359676376465 0.315577700590087 0.251431426490845
0.0494484084215 -0.133305255513995 0.100602520498415 0.190696538685182
0.119873276026854 -0.129792453083349 0.132961177398432 0.118934990617426
0.118162034782693 -0.0874426403017245 0.241599334804535 -0.00103172379596917
0.136842803973303 -0.0577612949051342 0.377770329899255 -0.0671045425033388
0.178995977285532 -0.0550844837547116 0.526378816365996 -0.160364387145812
0.20028248288083 -0.087199423815619 0.523589223571088 -0.268305052499499
0.182349601000195 -0.138987961897968 0.280916994486558 -0.311599380567832
0.104626296271668 -0.187932266695149 -0.0487755530372808 -0.258332537880374
0.0325600861118072 -0.239016654931028 -0.274655098676377 -0.0987145581409836
-0.0310803428032855 -0.229463015850153 -0.236350619474107 0.0610588808697529
-0.103988566264378 -0.160643652501412 -0.12868217130354 0.201327317131774
-0.126878634117515 -0.169745747747224 -0.126662478324791 0.313234468407348
-0.139535319092789 -0.153945779545195 -0.165651890262919 0.463548029043681
0.0203893390729307 -0.00524160155232773 0.0545576948086137 -0.45481550596336
0.03431518717661 -0.021660345394551 0.0230934422000183 -0.351690231639384
0.00459234506606749 0.00133258808741156 0.0772309875995262 -0.226056868847525
0.00661410739231376 0.00839268877139214 0.167229909485913 -0.0747856278807724
0.00777805616206875 0.0134092735165098 0.231331386226059 0.112344613584012
0.0183131235262167 0.0180287730842223 0.0489497673815499 0.228559218440012
0.0449095434838959 0.00618424120083554 -0.294220606329374 0.298657361533041
0.0382127375453142 -0.00238431519524369 -0.519201575361117 0.272307599963206
0.03699651712275 -0.00168081426005227 -0.561953054149686 0.17144585569401
0.0104184573029085 0.0137497493217048 -0.404991784815903 0.105319169512898
-0.0169004825797559 0.0216719998462817 -0.24954905196714 0.0272227312659631
-0.0158635576447395 0.0133041329780269 -0.144803344045193 -0.0769865527435819
-0.0167843377123428 0.0226794956846076 -0.0904148005895189 -0.179667078752564
0.00904348751384516 0.00657189964198462 -0.266163837836676 -0.229460394530776
0.0146460662648633 0.00909473400352604 -0.538146472319823 -0.224696521649503
-0.139525257511816 -0.139932971589672 0.0828551752199149 -0.407081550706484
-0.107930421720868 -0.155754651279013 0.0387139657263681 -0.318098726159329
-0.126258882209774 -0.165762794970244 0.0796549050498079 -0.191802067679356
-0.0550411678588984 -0.201010765064907 0.148849912810265 -0.0481564719014747
0.0260085902666345 -0.202547956725936 0.214656138991106 0.118879371457902
0.111926381391244 -0.182802780030662 0.0495281041009424 0.2241086401656
0.216549443951762 -0.138402135547826 -0.260213706048784 0.262370104109025
0.242679014462376 -0.101785272275252 -0.474542856585419 0.246271118566444
0.231862822864489 -0.077227149751263 -0.529903586397413 0.161353357261248
0.168543929268357 -0.0565665918756672 -0.398293955935055 0.104681836117646
0.119492196422148 -0.072977076112384 -0.271541802060686 0.0322860481970987
0.0911014043469829 -0.0935958930749065 -0.163788785163427 -0.0804596127489268
0.0353170702668097 -0.100385899181894 -0.111177383603791 -0.197225601775838
0.0188704987714756 -0.152761659243315 -0.298371659964277 -0.231457438108146
-0.047454378908358 -0.150768437542449 -0.558771739201746 -0.20632246328393
-0.265972173498978 -0.25291567560879 0.162632625251928 -0.325951825556957
-0.211939601740422 -0.276543592999836 0.106262878573238 -0.259723399647663
-0.214033362661355 -0.320053078778331 0.113136169969974 -0.144262563643953
-0.0794587664041909 -0.390217795979883 0.149474776316115 -0.0247535349482499
0.0644202995184138 -0.393196635658899 0.20036356800812 0.10096414555528
0.207278535661966 -0.349509009619068 0.067509287268881 0.173372492567855
0.365281849211217 -0.251608860658895 -0.169642856183068 0.176540981049479
0.413856045502532 -0.185016561385758 -0.354366222175488 0.18414275950493
0.397786944261183 -0.161399624947753 -0.435230557145454 0.140067369067615
0.312856074223685 -0.15880953877636 -0.364796703129945 0.106737544258428
0.24660725056856 -0.214298710097957 -0.300739752818981 0.0451290019143222
0.177280531298784 -0.249497108925975 -0.208425925238706 -0.076712397943495
0.0555497617900557 -0.247068393270674 -0.166490837578717 -0.190353802359861
-0.0037785196444464 -0.308797807810564 -0.352740977453325 -0.189263564800895
-0.119555440622228 -0.290982912791009 -0.565803424874148 -0.129593654331123
-0.331227125883439 -0.329232969027578 0.270345198981524 -0.210560150073398
-0.245582256387364 -0.376860356660756 0.202456917276535 -0.168481156656917
-0.217649686179552 -0.442539345886201 0.160410454835479 -0.0765525081664447
-0.0344491576861751 -0.526398892263583 0.161954570216885 0.000688634251840413
0.138999181183305 -0.513257515729997 0.196356704212942 0.060133639707395
0.301042984102723 -0.440374804401662 0.109742994072604 0.0842841745344201
0.468954245854591 -0.309259962932719 -0.0321101778007431 0.0611182284815903
0.524603346867871 -0.239640629444781 -0.17570817518716 0.0933533462823368
0.506562298083092 -0.249347880417509 -0.286930416279949 0.0916213435832934
0.405357628904995 -0.29123700267601 -0.29741547253432 0.08644570502263
0.312967073281926 -0.392596993658378 -0.317811204051269 0.0509454401691501
0.191174499456032 -0.434254429609079 -0.260216169654014 -0.0536739235332743
0.0113937644113143 -0.390630043448215 -0.229643852376269 -0.136222285502751
-0.0726958931724063 -0.431021105398244 -0.395439994449291 -0.0926259415165582
-0.199362576440111 -0.385153239442808 -0.544067424391748 -0.00547089980033649
-0.329583316517076 -0.359130176491103 0.378732176435004 -0.0733818607308083
-0.206856819251422 -0.428832904009463 0.290768930775597 -0.0465971239897201
-0.136392771187894 -0.49092617134471 0.192609435538242 0.0123593908678224
0.0696983580735222 -0.553780682566323 0.173572637875201 0.0347111565551112
0.2255654596608 -0.512951050877778 0.206601433592898 0.0169181700298033
0.362356834445687 -0.423658251657085 0.180604980167068 -0.00990553170836345
0.50649680277252 -0.300879859853248 0.134822965894152 -0.0501077559472616
0.558294299102909 -0.258195500847867 0.0330856828504178 -0.0132111525318315
0.534513426077638 -0.315050330636042 -0.109028564644365 0.00353086876703639
0.412702721763777 -0.399215377559992 -0.209646360761824 0.0159452979646826
0.284297874103822 -0.530081555156791 -0.315213575593305 0.0339145530626678
0.116862657062877 -0.555808142740235 -0.293718943335952 -0.0136280481627362
-0.084510388402962 -0.462422741054656 -0.260050988360125 -0.0364630448715753
-0.16715792843704 -0.476321115172661 -0.386838880173662 0.0448321470676539
-0.263815526781803 -0.415873386723749 -0.480546238655604 0.145102903734098
-0.272007546691084 -0.332228827160731 0.46239417201008 0.0681897294727732
-0.124657174236741 -0.401235247188106 0.338735486674652 0.0827669742355374
-0.0219213379908438 -0.431057324502181 0.185256856334536 0.102923444360198
0.167813722615351 -0.451966210469185 0.169995126574481 0.0752139383539725
0.268738831284719 -0.393431892117837 0.224099813855876 -0.00843462820719493
0.357261540334133 -0.313814038615446 0.263466637735578 -0.0722734689805529
0.4649489665838 -0.233129399858672 0.302160976192161 -0.129913124686043
0.506624121716709 -0.235322343259087 0.239616804205728 -0.121114931482112
0.47548933235846 -0.324720020673229 0.0618366718380594 -0.113390638658468
0.337350501467729 -0.424159160984033 -0.129422127446235 -0.0876816806334783
0.189219364291719 -0.54277044097808 -0.301223470041861 -0.00881620330369734
0.0124619840178142 -0.543361179887083 -0.292939399084712 0.0278607993241844
-0.166115844892745 -0.427213604094904 -0.239608269540211 0.0720062247379274
-0.226411943818252 -0.429252816175088 -0.319588244002778 0.177269299550455
-0.285149129092886 -0.376925331466162 -0.378037331052385 0.287678164462652
-0.190945210391569 -0.242443421322389 0.51069885851947 0.187625237855248
-0.0526058028219932 -0.301584016463418 0.338176863313491 0.188524339784411
0.0507477515327347 -0.290320685865574 0.142276416580386 0.164358847566598
0.186293214413123 -0.281310770236966 0.15085175025269 0.10425864555263
0.227420597805389 -0.223453456657555 0.236743166569378 -0.0107168456633158
0.271835603802606 -0.172152390119104 0.335445507243513 -0.0857290926738734
0.348827774202995 -0.141561848824444 0.438760432818537 -0.164135778460671
0.381318905292967 -0.175967875450981 0.411663241308115 -0.213016638390684
0.347510991145496 -0.261659934028371 0.195764526411514 -0.228980824767382
0.219527466829609 -0.345040313392946 -0.0762375279995212 -0.188900553995736
0.0903309118293653 -0.42954541732089 -0.287066370763016 -0.0568604249911159
-0.0444144935754616 -0.414824223758901 -0.268527937603568 0.0545599731614355
-0.175840833847115 -0.308966694581943 -0.185379143906022 0.155936385744341
-0.214311851442856 -0.313297765873638 -0.217644359418765 0.269763210997298
-0.243833211409327 -0.280686426827302 -0.26112571319508 0.400466592998467
-0.111399501084672 -0.105228255853316 0.534318051467428 0.262708229590047
-0.022904638671956 -0.156456557381735 0.320549452984091 0.248203563455649
0.0482385833469793 -0.134751580495626 0.102494735824385 0.1903198799592
0.117900859674137 -0.132735906617501 0.135289804334649 0.118406919246214
0.117210511617066 -0.0889208290660779 0.241533401147044 -0.0032852002574839
0.136861381217477 -0.059223780612312 0.377661327775552 -0.0710497465106358
0.178229361328841 -0.0573340208040375 0.525403177074415 -0.166544821887659
0.199928141949145 -0.0901312370103738 0.520301862646463 -0.275324639958946
0.180936494930902 -0.142053907408383 0.277246799363263 -0.315308481932179
0.102607656223257 -0.189767944215752 -0.0504231472522983 -0.25832688822068
0.0297254442747206 -0.239039640815851 -0.275580068328764 -0.0956961111176894
-0.0344639907910553 -0.2295237673516 -0.236524369024659 0.0636060761969432
-0.105743814513488 -0.160281150158708 -0.127172373409759 0.203541850206982
-0.129463202504855 -0.168542115771367 -0.123353476749312 0.315715186830605
-0.141221153187348 -0.151892950355578 -0.16056024083207 0.468740193223095
0.0202767707312051 -0.00480577543109318 0.0497060978702973 -0.456222622861024
0.0339596303109485 -0.0226479422838585 0.0171460751004522 -0.353474407467466
0.00520523675934299 0.00179396227975011 0.0747156837199616 -0.227597400819685
0.00659628740578477 0.00866497489760191 0.16670752203801 -0.0764055508255486
0.00779889255437004 0.0135113303317859 0.232922620603518 0.108742020188083
0.0187685437017458 0.0172793608093311 0.0503337282180584 0.227741985784701
0.0453331437220229 0.00444206163343512 -0.291238927299398 0.303232286272722
0.0381387351736454 -0.00369707075653775 -0.51458634177098 0.278626389434205
0.0368660576687879 -0.00261423482388831 -0.558476973498339 0.179255959605147
0.0112917209477354 0.0134048008291275 -0.404300122895755 0.110293197018881
-0.0162488888013986 0.0228153107276162 -0.248981499400853 0.0302055143943834
-0.0156977486244853 0.0133408348231352 -0.145883917181355 -0.0745856118841247
-0.0162555381324562 0.0231185001954812 -0.0928329250460806 -0.178707769854235
0.00898253015685095 0.00646533307606035 -0.269351383362434 -0.224941057467492
0.014888301569379 0.00883548385089604 -0.540455719603528 -0.215562210140008
-0.140662816498202 -0.137910390787023 0.0770107263241649 -0.409262785268724
-0.109409684557589 -0.153967478133488 0.0345327948423445 -0.320197244253835
-0.128095896858673 -0.163083190077649 0.0778872472909938 -0.193520429908121
-0.0577300988475843 -0.200153000978873 0.148139928612061 -0.0498424711335934
0.0232092462063386 -0.203145778819867 0.216241965345683 0.115600662814112
0.109794629779815 -0.1841634038596 0.0518746205982114 0.223286485746125
0.215139976897122 -0.141377937621252 -0.257613608209253 0.265696046889986
0.241439538862771 -0.105449820861525 -0.471804039934819 0.251896147296553
0.230997242831752 -0.0796985167497369 -0.527756514682389 0.168135381190768
0.167663227072669 -0.0587352902812932 -0.395375443862146 0.110698036089323
0.118989924467653 -0.0736634958591215 -0.270128984880527 0.0358545447582578
0.0893290580796334 -0.094825217468035 -0.165017448142946 -0.0784349108973885
0.0345494003113941 -0.100716467369803 -0.114555192101192 -0.195514491866321
0.0170156280441831 -0.153334480075615 -0.300455639685401 -0.226731788720609
-0.0494303641554955 -0.149681322954144 -0.560633353614708 -0.197919683460167
-0.268591147273769 -0.248050307285245 0.158075233267647 -0.328886308016272
-0.215287588287723 -0.274028385721577 0.102419048909109 -0.262119405326082
-0.217858956655188 -0.316794627904633 0.110991265361659 -0.146059766960951
-0.083842416473765 -0.38953923132225 0.149197121377189 -0.026802198067577
0.0593851517322649 -0.393852306072866 0.201311709134448 0.0967926292872676
0.203310915586022 -0.352422872178521 0.0688765368438858 0.171744903185584
0.362104648209401 -0.256711624698815 -0.168084719853936 0.178417085420245
0.412173992463407 -0.191369829527941 -0.351393870620487 0.188175264361319
0.396116644534207 -0.165115349883701 -0.433226700503198 0.146639608515169
0.31076008761147 -0.162144199120065 -0.361542924284337 0.112640600287781
0.243404897734003 -0.216572220549166 -0.299636059801259 0.0490334338426592
0.173203827172972 -0.251008343509538 -0.209002296231928 -0.0739319396404923
0.0538100518975019 -0.248202354356107 -0.170814023179665 -0.188571620632153
-0.00775830206744024 -0.309088389092245 -0.354790349657734 -0.184885700905607
-0.122769001926153 -0.288976214499693 -0.568596955193812 -0.120599774249225
-0.336417338863314 -0.325030759662002 0.268106241531083 -0.214988925610606
-0.249835232607375 -0.373944836480246 0.199763229833625 -0.173006664010198
-0.223005600505203 -0.439456018074331 0.158679541950179 -0.0791247009120175
-0.0411999632188412 -0.526059675464073 0.161375507272786 -0.00126535644808006
0.131837053508833 -0.514971996342748 0.197001522964956 0.0570395567233075
0.296030522518599 -0.44251944901726 0.110605195377107 0.0823853855364376
0.466426944105679 -0.315900219273997 -0.0321635670158306 0.0607870305823491
0.522545248414465 -0.248939142489053 -0.174467446685237 0.0954221830417544
0.503124980891686 -0.255513315981372 -0.285090477258775 0.0959777016700621
0.40192328498372 -0.295350681355612 -0.294955306187425 0.0903671628536343
0.30708006788606 -0.396829609068922 -0.316439020819641 0.0561446334668377
0.184296124655844 -0.436552526591299 -0.261384731116135 -0.0498056688820024
0.00830719373084907 -0.390489725110689 -0.232910835732659 -0.133097752993739
-0.0798447305251559 -0.429758565700932 -0.396321418233234 -0.0855801999845149
-0.204558989053967 -0.381546649851803 -0.543209357203727 0.00390396030779704
-0.333549178270223 -0.354319232569608 0.377968897147913 -0.0800227325645234
-0.2127751015458 -0.426045975409006 0.290470523672145 -0.0523737703636607
-0.14194199615251 -0.488146370650536 0.192240828195616 0.0098063514299864
0.0622901347852722 -0.554888283181389 0.174465806914944 0.0327190293543333
0.220581967005698 -0.516144110530855 0.205696045597255 0.0133534978723979
0.357471120040387 -0.427398271151391 0.179903737851609 -0.0120650388999513
0.503972479525919 -0.306545583846216 0.13405228729386 -0.0529887782135134
0.555192056605798 -0.266683007395646 0.0325348377569065 -0.0147130500167093
0.529322355601273 -0.321707178479947 -0.108684757302411 0.00544334680000002
0.405697471531097 -0.404541230593088 -0.208138477891132 0.0193867210434639
0.276947097218108 -0.53309827579607 -0.314213153831029 0.0381403264016283
0.108675353464226 -0.556336308538518 -0.293864260763593 -0.00949236055874033
-0.0900605237817338 -0.461325115945622 -0.262769320875582 -0.0331527997286063
-0.172606971663228 -0.474024684493605 -0.386502270821967 0.0511184136913765
-0.267986498061197 -0.410627178193252 -0.477978092036622 0.15191693628774
-0.276186880010835 -0.327047193637813 0.463993821136012 0.0609562846185393
-0.129405910818571 -0.401102358722485 0.340042180998236 0.0755797209066406
-0.0278725920849425 -0.430620417318035 0.185501026455699 0.100417485528909
0.161813715037697 -0.45507833555285 0.171383653530707 0.0728892589548123
0.264036126214199 -0.395488662418893 0.223872027455739 -0.0122211887375898
0.352595177655767 -0.317502855140793 0.262555206383634 -0.074808232595623
0.462033487831691 -0.238452981836805 0.300126744729847 -0.133227963106192
0.504659151526445 -0.242944843201014 0.237702070231338 -0.124038390824309
0.470242903265168 -0.3300573757897 0.0606904055811154 -0.113933683986294
0.330838403774071 -0.427168233489885 -0.129471217143646 -0.0856217515169178
0.181590492017114 -0.544190327861006 -0.300513965734755 -0.00406417110943977
0.00767264393619983 -0.544698273070559 -0.29388872631134 0.0312715100641915
-0.170286884409299 -0.425348135632507 -0.24022001322628 0.0752851912250659
-0.230674200361432 -0.426608141669815 -0.31699426866189 0.182428092123475
-0.28901905259305 -0.372489814973132 -0.373879439333732 0.294154434972577
-0.194022893565549 -0.240316646074437 0.514040327323001 0.181745990580584
-0.0575902278970386 -0.300198601039528 0.340604750929742 0.181130192836688
0.047058289529694 -0.290563450537226 0.143899686775588 0.162995388068007
0.182658408053034 -0.284627707361272 0.152810798221735 0.103270424231543
0.224511770325441 -0.225585573754322 0.23656698803162 -0.0143952222874711
0.269744734053607 -0.175179071205743 0.333616248752546 -0.0879343798141396
0.346901799110357 -0.147659383153075 0.436122129804701 -0.171286215283198
0.378626109189517 -0.180767194489093 0.40658805316724 -0.217160418198004
0.344566770005086 -0.267240976182357 0.193503442818544 -0.231686708982068
0.215227275330793 -0.347454963247792 -0.0770335261678345 -0.187821493898834
0.0854656091277257 -0.43054840154542 -0.286884372981288 -0.0534551168729859
-0.0504734315378242 -0.4135799825271 -0.268233924162502 0.0579245939782386
-0.178575992430005 -0.307567668415982 -0.184056002419859 0.158223487420957
-0.217670122219802 -0.310718211166428 -0.214257729962887 0.274190522597013
-0.247131838739427 -0.277204001596498 -0.254878393860883 0.405297560045914
-0.112343559260673 -0.103961633051 0.537158169687086 0.254599057059523
-0.0253507546172561 -0.155923895368529 0.321908459123641 0.241667085809926
0.0464213422213728 -0.135695292476126 0.104399476224604 0.189391338340942
0.116412594235195 -0.134783971118818 0.136651331045727 0.116404587073312
0.116749301652119 -0.0898766206668774 0.241653142183225 -0.00628437278961251
0.135945049767545 -0.0608797358748505 0.376779129707028 -0.0749091322564888
0.178351109429904 -0.0602366608249242 0.522444850874489 -0.173616867047728
0.198278225605381 -0.0933760000129641 0.515690461548842 -0.282057062180606
0.17847491102174 -0.144820469449551 0.27286486467617 -0.318512977174991
0.100309881491572 -0.190635449267144 -0.0526173924151567 -0.257571111294811
0.0262882043576606 -0.239363613852995 -0.275818861109417 -0.091482481432289
-0.0379475479007416 -0.229375742119376 -0.236422066895624 0.0669378863988827
-0.106931595104746 -0.159442110043309 -0.125743831585312 0.204965582729105
-0.131501992998118 -0.167245344518749 -0.11847977925845 0.318360285432231
-0.14301487682863 -0.149920171094088 -0.15410212223961 0.471764691856621
0.0153070791389462 -0.0160136737248906 -0.00461740173433733 -0.452794734944325
0.0258322574837419 -0.0347205791399108 -0.0244877527022868 -0.350064882478947
0.00388635230118452 -0.00329682513656793 0.0463546670106905 -0.234094929937124
0.0101260785711364 0.00533510490499015 0.155388173461206 -0.0956775364843493
0.0154932526749863 0.0122874621365842 0.243462728900139 0.0797470809852995
0.0244306525199374 0.0195102659055895 0.0746847818268296 0.217814162197001
0.045286663969817 0.00494675553968374 -0.255143790562636 0.333810318057824
0.0347052427111736 0.000602194990021416 -0.476152917751334 0.331020047524857
0.0344432554875865 0.000196629319383752 -0.538317036798691 0.230832797588548
0.0146948396453911 0.0169485021566134 -0.393782676910525 0.14635957248323
-0.0125529018180318 0.0270463877138938 -0.244334788059192 0.0521425999203056
-0.0145224130491319 0.0178081116347253 -0.152128359639439 -0.0615765970716926
-0.0147073870434721 0.02731886450947 -0.108820361569104 -0.170069972730003
0.00950332739333308 0.0100688066966867 -0.289842012452977 -0.20004580099407
0.0157630345056783 0.0131078330569863 -0.551862268779973 -0.169207241122596
-0.162040440559753 -0.124584866043963 0.0379724112671547 -0.413864117957664
-0.133083503301909 -0.143803182288272 0.00377571928302269 -0.323225293702264
-0.150505141278699 -0.147876164979301 0.0645461714811758 -0.202828047567434
-0.0829632682489562 -0.191204195385993 0.152244325441913 -0.063171574483127
0.00384803696153349 -0.20287254336244 0.236001153038415 0.0927470667809617
0.0904216876465819 -0.18979704272205 0.0801079852770584 0.218598673197329
0.197899813453886 -0.165257966084337 -0.231585895514288 0.299148120586292
0.223527909211622 -0.122261741448132 -0.435805134546249 0.304306119459766
0.218294286061049 -0.100625974456809 -0.508913474912659 0.219118799045827
0.161989576370528 -0.0732906934498994 -0.387014294729731 0.147611290096819
0.109446453402962 -0.0831625920848348 -0.266198564911256 0.0626195155998312
0.0774840946997808 -0.102755349807857 -0.174492909274329 -0.0600582269216361
0.021736724693911 -0.101011400703713 -0.135152837126183 -0.182263151828567
0.000734794589030873 -0.149349631063982 -0.326530992700999 -0.197663120639865
-0.064736509122762 -0.138842172665045 -0.574761620278098 -0.145044882307639
-0.302215352016733 -0.216353703190408 0.133419462377776 -0.347174613677309
-0.251739461425923 -0.246405190186041 0.0853729784725799 -0.276643609049712
-0.257596436665032 -0.288178878583233 0.112774855820667 -0.160963264859977
-0.136186262968057 -0.375833624883354 0.164897852664628 -0.0360232311247932
0.0160655967095972 -0.396446412887697 0.226928223054698 0.0804267600152729
0.162543996260092 -0.366773394287134 0.096237841090494 0.171807594521199
0.332187080872915 -0.30226739233323 -0.158199603613141 0.208456124483403
0.382287510637316 -0.226554853625865 -0.323973961121187 0.23149852859499
0.373079581722669 -0.207635243026362 -0.416793423774423 0.189725178430022
0.291894983006247 -0.193745935001367 -0.3549476383032 0.149269486934195
0.215096317953794 -0.238858018720029 -0.293886673772918 0.0820540941763557
0.142258054654898 -0.268665005561485 -0.219511806764522 -0.048344530534939
0.0252354750947331 -0.248412730430858 -0.192096383769227 -0.166218680112513
-0.0396501203431248 -0.300442873076508 -0.37974696895759 -0.148845810155875
-0.151956936229999 -0.270123241509722 -0.576007112102631 -0.0655937153987407
-0.375007011069412 -0.282026672386238 0.258705924865304 -0.2476904208216
-0.297884697609092 -0.339603777683014 0.197919293018485 -0.199344881881322
-0.278914871928812 -0.408511347129705 0.174590482990263 -0.0974626224715796
-0.112399591220807 -0.515766176472564 0.18571540739221 -0.0061308972648541
0.0705365152825634 -0.524928137441105 0.222226938869106 0.0458650922728937
0.242472955213191 -0.469139244793728 0.128530190930178 0.0836066651964381
0.427493413541988 -0.378353139072954 -0.0398135009317337 0.0795636137170323
0.485562053902934 -0.298157355911789 -0.159262992905281 0.12269697931784
0.470486420134147 -0.312739860217234 -0.273862834689102 0.127538646465503
0.367266245473267 -0.338928971005783 -0.291434687270171 0.124547161102214
0.256693824848523 -0.422894288353519 -0.310226417475303 0.0933974979195748
0.132484957436706 -0.454813578398193 -0.26940636128359 -0.0151635755835191
-0.0349523182129946 -0.384663165099103 -0.249616136294219 -0.101723136417812
-0.12286906265396 -0.413545284131521 -0.415454301335155 -0.0436596372397507
-0.240640780381518 -0.355431864206398 -0.545073965557738 0.0583225121711092
-0.373463074471719 -0.308836821463937 0.382983720916582 -0.128141223353645
-0.26456411818648 -0.393828726282377 0.302932723089998 -0.0887801804202689
-0.203088194153429 -0.467550711039901 0.217880993945952 -0.00892601062819126
-0.0131174369868163 -0.55741184738474 0.200840089793058 0.0316783899197086
0.158199758383677 -0.537547045270838 0.224868323620459 0.0044142152935927
0.305216066224941 -0.4642291258133 0.184348914718257 -0.0159416744578688
0.466964323438589 -0.376881863740775 0.109655625435597 -0.0518405181904106
0.517520327806864 -0.321805296353196 0.0323804563095575 -0.0079826806001631
0.491032842092064 -0.385005547509374 -0.106945262981926 0.0196257845764991
0.357496146768419 -0.448590546163313 -0.209696213003808 0.0475970081503507
0.211335327398465 -0.555679163240951 -0.307505400100498 0.0769998319247402
0.043353179626509 -0.565429005705534 -0.29634781494201 0.0307661279605554
-0.137886106102788 -0.443430381075715 -0.268344035901437 0.00418961701476103
-0.218351370281938 -0.448917399702411 -0.393744857337309 0.0952659232139467
-0.307725569384568 -0.379371980065121 -0.466865974762388 0.202042485225182
-0.30958524568744 -0.291248240495637 0.48056488580906 0.00347358579529871
-0.177623938122194 -0.379577701365341 0.364806335682339 0.0365383943755433
-0.0807010430381615 -0.423457997574041 0.216767081720255 0.0865337643564687
0.0988828908076694 -0.472479830385714 0.19485713671269 0.0735454462341627
0.217193480314518 -0.425310104425444 0.234091976457502 -0.0213986285283678
0.314687958883295 -0.357117527748151 0.254830782816121 -0.08797429372323
0.436959490930183 -0.306255215854386 0.265135330652545 -0.154173373148796
0.472216748652257 -0.295984487803547 0.221451263520992 -0.139212622752992
0.430377113704108 -0.388284145273962 0.0510701856957357 -0.115378653976872
0.278637860031843 -0.463617823395127 -0.138849261032915 -0.0647314265385372
0.114260993382204 -0.556110084547368 -0.296609768435627 0.0335378831848094
-0.0595301278940101 -0.541176402157986 -0.289768677020673 0.0716734715287873
-0.211848013887788 -0.401792417885032 -0.23387139982 0.110021395428334
-0.270599759252662 -0.396501486531741 -0.310185567701648 0.222287217304321
-0.323063838572399 -0.338851280550558 -0.350765659938066 0.334791993554872
-0.213667265225527 -0.213916643259901 0.538800381764223 0.115587940519589
-0.0903740383839638 -0.288221069947033 0.372522144829144 0.140769742422426
0.0107016465816481 -0.293564529851693 0.174657338170725 0.153948025953431
0.14324839144641 -0.307039586576013 0.171940164488778 0.101748448458021
0.198756905235084 -0.252360447771846 0.239284984358082 -0.0293371984704109
0.251250045919553 -0.210002869211234 0.318836603876847 -0.114834005554528
0.334349586947023 -0.20012937486014 0.399130751711321 -0.209602809835879
0.356077953930934 -0.225306383933463 0.377055647134418 -0.252261056362709
0.310494001334338 -0.311570170339128 0.172211125604615 -0.246081596976425
0.172426217019151 -0.371717716897031 -0.0944381867676567 -0.173575995183742
0.0313294586691437 -0.431964344787444 -0.286310209601361 -0.0184501107615495
-0.0990707605267404 -0.40482052797378 -0.261140704914865 0.0918750964113362
-0.207410734295415 -0.284428800007736 -0.168712042311405 0.18489618008679
-0.246352665170224 -0.285339239846535 -0.196212391201864 0.303556579632684
-0.271401683532596 -0.250601447921343 -0.223452710833803 0.433726104205367
-0.112736509562049 -0.0888805248684612 0.564057121985071 0.184691008484027
-0.0385390437188796 -0.148723920434074 0.354335351994851 0.201414217340006
0.0316099494828959 -0.139615309490071 0.130692861502208 0.180820810448156
0.0985453994699754 -0.149389207668057 0.152692960702032 0.108935357478616
0.108961441401243 -0.10488437451459 0.241244509826046 -0.0293870777871504
0.134552415201982 -0.0822193755337768 0.361309432137412 -0.11158481874863
0.175995876969445 -0.0919128386913987 0.48913464841493 -0.22766656794588
0.187935310789601 -0.121428146376524 0.477424398267298 -0.330261237450101
0.159683646824438 -0.171111479345326 0.242840675665831 -0.340944634868911
0.0742524924434518 -0.201648264000462 -0.075230222642408 -0.249076176898969
-0.00368568849664078 -0.236688111123875 -0.280194805415631 -0.0612693001252372
-0.0638970634881206 -0.221832952763606 -0.228587772270547 0.0930658476095291
-0.119759390565676 -0.146219940247254 -0.105855215805824 0.220999818100282
-0.145176299087434 -0.153474555777201 -0.0931922607609642 0.335604221803004
-0.153367844142823 -0.135123297958885 -0.115474356815077 0.488274619792655
0.0155648963255999 -0.0156878490187872 -0.01187532762351 -0.452821440951077
0.0256717842309346 -0.0352938074023655 -0.029244108240031 -0.350086501014281
0.00417229817232988 -0.00287512101574985 0.0434764802196891 -0.234711360519802
0.00983304262853028 0.00545360841661663 0.153795509756646 -0.0969335230454289
0.0151913743656707 0.012401550259705 0.243516986832025 0.0755806091242798
0.0244915129533073 0.018585344090661 0.0758138317859441 0.216773498726475
0.0454098116033445 0.00364153751127708 -0.251403266131951 0.335294479308157
0.0339781387590217 -0.000545300920355953 -0.469502632454231 0.33608398362038
0.0342655207538316 -0.000885346603881954 -0.53272417116758 0.237622617043917
0.0151135875292866 0.0163841171705758 -0.390535967256225 0.150305674835405
-0.0118827640306038 0.0278197994413142 -0.242058389979447 0.0545213069793264
-0.0142780418073507 0.0182628415909292 -0.152581606177981 -0.058834366386151
-0.0141040438927798 0.0273948694884536 -0.11127933781462 -0.168254603653986
0.00974553941362041 0.00977056233657261 -0.291118167448787 -0.195122847000754
0.0163328676592256 0.0130842298252897 -0.552460742635518 -0.160220737114921
-0.163201962457722 -0.121737401340406 0.0320670040355831 -0.412936577680522
-0.134344003601974 -0.141726876552733 -0.000259978480058011 -0.323841892948902
-0.151315654540945 -0.145410640504208 0.0618748462722352 -0.203696217674863
-0.0849902124064117 -0.1893181050404 0.150626197717016 -0.0652665880511658
0.00164174531835537 -0.20248391362804 0.235921569369097 0.088709507244718
0.0881834468586684 -0.189780687454637 0.0817392977389265 0.217135682250384
0.195139517368498 -0.167890657205756 -0.227608995236659 0.301468693188465
0.221325618944914 -0.125486576109615 -0.429996779107006 0.309345086058129
0.216146490989799 -0.102952568236741 -0.503569333924019 0.224776566565976
0.160973372160912 -0.0745344571573866 -0.383336135620203 0.151802746092481
0.10811597724305 -0.0840666512331147 -0.264117547459717 0.0649087266094933
0.0750445344399655 -0.102825297261374 -0.173878932624435 -0.0574893750433489
0.0212314698212225 -0.100778511390915 -0.137642519975446 -0.179898231562309
-0.00127279571118052 -0.148843486389322 -0.328485780053054 -0.193095145168659
-0.0654387378886525 -0.136945676220702 -0.572906361246361 -0.136575770266373
-0.304107275840748 -0.211810727185947 0.127560130494542 -0.347888423489768
-0.255019745104102 -0.242387777267337 0.0819743214385763 -0.277786630196519
-0.260247960940604 -0.283468844349551 0.110162955025486 -0.162586269545241
-0.138798045688114 -0.371460479173459 0.163924743847992 -0.03814726411575
0.0112735333197849 -0.394690580150077 0.226307590025618 0.076679971536732
0.157339134183041 -0.36812884215423 0.096714461437409 0.170126754158572
0.326581204535554 -0.306380334277226 -0.155318009048624 0.208791885860675
0.377926889927547 -0.231492375763899 -0.319195404752949 0.233990122851585
0.36947122733316 -0.211831749810658 -0.411291964892575 0.195450611564849
0.288699881824331 -0.195885881600976 -0.350651868665997 0.153904039800107
0.211876983775238 -0.239785497971633 -0.291887720077662 0.0848903169841281
0.137545614156734 -0.269470966470579 -0.219562951397303 -0.0448108171840906
0.0234114604214765 -0.247696297148343 -0.194977348127869 -0.163404871185028
-0.0434097838581944 -0.299305625688169 -0.380907879035365 -0.142333436105756
-0.154293479502886 -0.266980756359707 -0.57512422895172 -0.0577622939251983
-0.377191176397891 -0.276617580590248 0.253989482584406 -0.25209243248449
-0.300885487587626 -0.334545907284944 0.194083698678643 -0.202514541320239
-0.283258954362285 -0.403595709824728 0.172294763450763 -0.0997495147774808
-0.117002150970189 -0.512566354162352 0.184871496626619 -0.00837585823659998
0.0660761270102567 -0.523510502320254 0.220716404284143 0.0418926923314386
0.23550103959704 -0.470817323418442 0.12844313283151 0.0809956866256386
0.423299895984578 -0.382664197008659 -0.0397780943628757 0.0788899333090292
0.481217777046181 -0.303214377539047 -0.157477083347692 0.12359628741253
0.464387551205658 -0.316065757829125 -0.27076799269005 0.130258078815522
0.362347873590827 -0.3401805219213 -0.287374171689223 0.127198604659095
0.25220616287308 -0.424991415963254 -0.307436588672873 0.0964209727519383
0.126472899879975 -0.454080778551943 -0.269238898873753 -0.0117790773416216
-0.0387305622937737 -0.38330607988342 -0.251609662776525 -0.0980560390680606
-0.127949100871248 -0.410990212046767 -0.414046990171597 -0.0372222187364634
-0.244748649716637 -0.351391428201187 -0.542204217854001 0.0665303041380516
-0.376726971329978 -0.304389827620342 0.380429704978148 -0.133502788409003
-0.270197514551288 -0.390426971557455 0.300530825623835 -0.0928543715979721
-0.208339661730778 -0.462715164961036 0.216642772328784 -0.0117340379355569
-0.0185963894692973 -0.556579886580163 0.200101311803274 0.0296225590504597
0.151534598107381 -0.536220470673917 0.223982208621028 0.00126693129259657
0.298874329735989 -0.466121803848782 0.183166298434918 -0.0186247316221039
0.462251001349845 -0.379734231121026 0.108016368044032 -0.0541945024641951
0.511198735288614 -0.328018758495582 0.032241010389786 -0.0084530153551912
0.482707177930313 -0.387654665853106 -0.105487259221225 0.0212770251242642
0.351059854513092 -0.45124483796812 -0.207759080098666 0.0497232471220475
0.203040751243948 -0.556272846659473 -0.304458567888307 0.0813054756770677
0.0352344782622521 -0.565065371124129 -0.295407987884721 0.0347970306412292
-0.140910907009468 -0.442486435473089 -0.269222892474035 0.0076152519620749
-0.223147537242055 -0.443970104779531 -0.391236288265157 0.101403921266746
-0.311686943711855 -0.375190632286114 -0.461858853328515 0.209415183660902
-0.311460361291091 -0.285924460884784 0.478643802960359 -0.00465583870000576
-0.181385120919726 -0.3760643071171 0.363243675023743 0.0293123044274996
-0.0861880357473533 -0.421325196530257 0.216606060493501 0.0839007777708046
0.0927135655697263 -0.472461630082556 0.195440340044601 0.0709361004644874
0.211692006849991 -0.426839189748059 0.232383092096706 -0.0251291218963381
0.309379491647457 -0.360195186794697 0.252775617684645 -0.0902863220308782
0.432819383526616 -0.31084348628032 0.26174046218211 -0.15751685482978
0.466547309723094 -0.301813218851307 0.219928908221009 -0.141988275913517
0.422983360928958 -0.392255163771865 0.0501434483780177 -0.115151098353051
0.271516511240619 -0.464797886884472 -0.137429862259362 -0.0626054698767566
0.107153660059652 -0.555847961845864 -0.293857201862176 0.0375489745509989
-0.0638131460135482 -0.537738803797607 -0.288093011199904 0.0743056698342308
-0.216782156177259 -0.397722471095068 -0.232729063876221 0.113037025788535
-0.275820526741765 -0.391421563993503 -0.305849156169231 0.226718864568865
-0.32682119637936 -0.333886969643101 -0.344213709639148 0.340378612848991
-0.215441476649951 -0.210881927769678 0.539086043929994 0.107427962142986
-0.094438718726701 -0.285723057767879 0.372663361430488 0.134886367836722
0.00755287480032783 -0.292824225929747 0.175337088820099 0.151555933367492
0.138221328037033 -0.308483147939657 0.17328663164382 0.0997427572206648
0.195547198453005 -0.25324499654493 0.238348323109604 -0.0327607635437602
0.248316734951326 -0.211533395612677 0.317536409886173 -0.117227923033271
0.331917938120154 -0.204228985797482 0.394442947013582 -0.215417918696978
0.351502550021671 -0.228495679842393 0.374071341742477 -0.257052739541058
0.305210650035699 -0.31456240493458 0.168256327368373 -0.246624334187309
0.166060191050057 -0.372415130315968 -0.0951309288693557 -0.172256095762685
0.0270765380894524 -0.431208386650704 -0.285006772159371 -0.0155135402652397
-0.104761281002991 -0.40179978989737 -0.2595321249241 0.0947855072013635
-0.209094398957986 -0.281393049285452 -0.166773292885986 0.186289477888567
-0.250355247430648 -0.281901429685844 -0.191016126721479 0.305965562999731
-0.273032660709153 -0.245493729261626 -0.215053392339742 0.436476427398126
-0.1132447995545 -0.0872119473197854 0.565235451964153 0.176024808251178
-0.0407595457317084 -0.147608566339075 0.355272865105421 0.19589311020251
0.0302356398046061 -0.139806611913162 0.131808779231484 0.179479682961399
0.0959067780445953 -0.149930506279224 0.154486514354282 0.107246690954796
0.107606359883676 -0.105487308162334 0.2403544192361 -0.0320814732679185
0.133235583775492 -0.0825700125933227 0.35901989215473 -0.115004263518291
0.174456258750029 -0.0941222985060465 0.484564442353152 -0.233743574182682
0.186097878702019 -0.124084222395098 0.472472897102738 -0.335564143257749
0.156563253119404 -0.172970055373122 0.236962121092174 -0.343886029435888
0.0719377959563282 -0.201973246250649 -0.0763128317853014 -0.247381700724519
-0.00687188245189205 -0.235770961120494 -0.279106457949468 -0.0572493268249738
-0.0670645885770826 -0.220675840150982 -0.227212072799132 0.0954943461688957
-0.120779773588371 -0.144842285330623 -0.103041049489038 0.221586143255274
-0.146758690410149 -0.151100940956355 -0.088677902068033 0.336730645416908
-0.154317152249381 -0.132071550936419 -0.10754817452418 0.488257723093681
0.0155980857693596 -0.0159640215650431 -0.0167894341884114 -0.451231172438797
0.025116016768604 -0.0357687744084983 -0.0339703029949977 -0.348498706691538
0.00460543241889602 -0.00257001197166569 0.0404220076934791 -0.23452462319259
0.00995856493863706 0.00545676827155442 0.152443924093553 -0.0981988563140223
0.01516664967417 0.0119945403338512 0.243296380025044 0.0717132380117285
0.0245654273014743 0.0183028161389687 0.0769906150385168 0.214728239620991
0.044843110593794 0.00236828912016111 -0.246822191798628 0.337811719536704
0.0335932909415049 -0.00168028466209497 -0.463958137477871 0.339511948761726
0.0338730403588607 -0.00116065136133657 -0.525209957205727 0.242107137725128
0.0154465269624433 0.016247800142738 -0.384849020917182 0.153312065774367
-0.0112027169342123 0.0279459928915277 -0.240377288702531 0.0570283983831062
-0.0140715160736158 0.0179845301223945 -0.152617396513846 -0.0562818430911059
-0.0128828816955249 0.0276875084980893 -0.113108621182884 -0.166479535527406
0.00969442151329529 0.00951372060490711 -0.291518495590288 -0.190434564127774
0.0170741244091277 0.0131819392017531 -0.549551568049226 -0.152086074715656
-0.163760197974106 -0.118298593911053 0.0275332841931218 -0.413417259570165
-0.136001356878581 -0.139612412890518 -0.00453567638898063 -0.323070435848374
-0.151436053578275 -0.143145149078934 0.0589251306415341 -0.204078260502135
-0.086419219384703 -0.187632065994306 0.149366147836227 -0.066468225188303
-0.000957998017013849 -0.201786084374243 0.235787433610921 0.0845993228933404
0.0853553318581153 -0.190303765462376 0.0828836958247875 0.21477394229085
0.193143195410326 -0.169495705086453 -0.224194271117369 0.302206815943901
0.219084302908824 -0.128120742220765 -0.424840360695558 0.312487195111049
0.214306826061702 -0.104958110752267 -0.497946729223037 0.230700002824223
0.159723167313463 -0.0761050439262865 -0.378606995477038 0.154932473559475
0.107021013622005 -0.0840802007561814 -0.261835332152701 0.0676816802897128
0.0730764806600796 -0.103100375057605 -0.174433311141998 -0.0549214646111519
0.0207989994997202 -0.100631271665619 -0.140071108015426 -0.177870798255062
-0.00301227544075953 -0.148076769484428 -0.328098299380484 -0.187356560576217
-0.0662165145708883 -0.134794702061724 -0.571713232317919 -0.128887690289414
-0.303694023650615 -0.205353552767483 0.1242334106527 -0.350078956780957
-0.256036565961758 -0.239373287925603 0.0773762626613076 -0.278760143497589
-0.261039169305997 -0.279287182874158 0.106759253900405 -0.163443861597083
-0.143230922118896 -0.369225230112237 0.162266837505141 -0.0391955838130384
0.0071417915220872 -0.3932208094597 0.225362214739218 0.0727210997781806
0.153214204550733 -0.367011144999492 0.0976081063496874 0.167790231034853
0.323003262576906 -0.308737007014451 -0.153199818614865 0.208707140817729
0.375231958844357 -0.23496964951649 -0.315675294468879 0.236285741897596
0.364695850305754 -0.215109106686081 -0.406262456098506 0.198567286343068
0.285161781528696 -0.198005156360597 -0.345731871640406 0.156166972358292
0.208514993512511 -0.240992465571692 -0.289184143059859 0.0886628641299869
0.133942306812465 -0.268996910723232 -0.219662053946929 -0.0420492717025941
0.0217694815077562 -0.247352158102065 -0.197290767529255 -0.160827063109756
-0.0464945503473035 -0.297297858292826 -0.380638539463797 -0.13569150647807
-0.15612889225522 -0.263386430672493 -0.572501873252037 -0.0484148597088905
-0.379498342346535 -0.270706393673558 0.250601360050325 -0.254237914322735
-0.304636726067789 -0.330833095465019 0.190016512482142 -0.205199939716202
-0.286087600820894 -0.399133713521809 0.1692943518242 -0.102097519722982
-0.122180215402934 -0.508445264527821 0.184016528773247 -0.0109427732887995
0.0593403717503523 -0.522076845916187 0.219553495255916 0.0385302505232721
0.229033304981355 -0.470694139255823 0.128145180532715 0.0792806128062685
0.418043063990243 -0.385359328618418 -0.0391786981377456 0.0779212832831249
0.475145791917669 -0.308621847078168 -0.155185514653718 0.12461421647011
0.459307208662704 -0.321723442638388 -0.26787770059003 0.133079372714537
0.356234599701347 -0.342859242365854 -0.28398297974329 0.129757180997774
0.246625233775806 -0.425109561826532 -0.304616147526286 0.0997790546656227
0.120096562969278 -0.453291525590605 -0.267971092159386 -0.00877599545355848
-0.0420876869812075 -0.381203895986638 -0.253138303842081 -0.0941407220302453
-0.131654979197182 -0.406948024308171 -0.412723469256436 -0.0305201167017317
-0.246899444988016 -0.34657297312996 -0.538022333923216 0.0747454255114517
-0.376230332653799 -0.298351407122361 0.376807816323508 -0.138719391713761
-0.272188727043042 -0.386288150946348 0.297141094065038 -0.0980776260298492
-0.212347890449773 -0.459481351532451 0.215053891486442 -0.0137444080871897
-0.0245109403003377 -0.55380604828384 0.199558717945239 0.0266665993059263
0.145199098161123 -0.535992675843987 0.222369278676725 -0.00131750559348598
0.293222652534169 -0.466434748872592 0.181140038476278 -0.0205346088150912
0.45564897130309 -0.385267838672067 0.106404761867844 -0.0559203448331601
0.506232422688639 -0.332424002799818 0.0321533006214789 -0.00924044168747302
0.476330144243567 -0.391773279369325 -0.104163043905453 0.0234165985426141
0.344059151709178 -0.452895867582536 -0.204436199170157 0.0516185258874313
0.197110638942607 -0.555685728175762 -0.301968930861608 0.0850262382675735
0.0279894560970513 -0.562089778387649 -0.294243045018892 0.0384508360232317
-0.145315107256304 -0.438936329226911 -0.269254340018432 0.0108590445773149
-0.228284535580052 -0.439395830850771 -0.387649411798351 0.106388163414049
-0.313927079071239 -0.367202215194252 -0.456441483715049 0.215313055618725
-0.313840438846907 -0.281129790677276 0.47738875200718 -0.0113982078160775
-0.185725625221516 -0.371895413383544 0.361560372366881 0.0237698413985237
-0.0891115499744095 -0.418364078169784 0.216027082262586 0.0804543022217665
0.0879179962041173 -0.472752044977545 0.195204349109022 0.0683276285947984
0.205258145872469 -0.426806919904053 0.230778960943567 -0.0283531540726811
0.30425381389806 -0.361840764326826 0.250157288881466 -0.0929229549163788
0.425763441217863 -0.314226885511281 0.258478418725269 -0.159877874683788
0.461769162344971 -0.305578499601908 0.216789049093835 -0.144427332783761
0.41654755298212 -0.395503927496328 0.0485843387196651 -0.114597946992019
0.2653593482011 -0.465888930673633 -0.136551495429467 -0.0607023457567258
0.100383740397272 -0.554356424959814 -0.291757389399851 0.0408434550967828
-0.0714157846468112 -0.535749991297672 -0.287069740222138 0.077449274293899
-0.218718755615554 -0.395759949322534 -0.232254587331122 0.115504268894384
-0.280350512136542 -0.387428310865981 -0.301360522344798 0.23009671847784
-0.328176790940107 -0.327767685724454 -0.338718437335698 0.344407817261949
-0.216578348500962 -0.2071680816465 0.537272638172981 0.0995119389624794
-0.0982367703595198 -0.283562918337157 0.371896674836642 0.128862083076276
0.00386656915090276 -0.29228246506249 0.17566384687491 0.149791005958838
0.134343667224183 -0.309265969854528 0.174088840387477 0.0974754218427186
0.191727014207383 -0.254399505387778 0.236743067751616 -0.0349029673513297
0.244529914556859 -0.212302254539895 0.314188315884864 -0.11973888762754
0.327685102699757 -0.206852231038389 0.389623307947554 -0.218072867150964
0.347785726005058 -0.232682183761757 0.368064411374295 -0.25834842877992
0.300436469715615 -0.31799841634705 0.165411375339673 -0.247536660255991
0.160785865003274 -0.371945666485314 -0.0959124975116356 -0.170216608201021
0.0209930080968002 -0.429042888948155 -0.283227142308819 -0.0118352164552916
-0.109207937333176 -0.399073839915667 -0.257871382598572 0.0977081849835429
-0.211017515287466 -0.279024451151121 -0.164595358422357 0.188137286671128
-0.252022201266786 -0.277689433851146 -0.186417296271674 0.308034305538936
-0.274459735121833 -0.240499761846355 -0.208784322647474 0.439151811443936
-0.113593269393065 -0.0859539423612508 0.564839766347981 0.168175845413938
-0.0427479043796099 -0.146183103109115 0.356091934990186 0.189694408910344
0.0281561221577854 -0.139716187042084 0.133367860056766 0.177783625976986
0.093293524041108 -0.150996129929874 0.155998644691426 0.105061379572183
0.105777717587277 -0.105680663557948 0.238874122438448 -0.0350174754341289
0.13171557307753 -0.0841742813464866 0.355297018643046 -0.117810435005777
0.17232556661711 -0.0960174311517655 0.47892073816922 -0.236831437137204
0.183631019610212 -0.125642185181951 0.465884918266342 -0.340144590701518
0.15399707039638 -0.173877215291888 0.23268566182676 -0.34635102864471
0.068932387387676 -0.202306897837222 -0.0778959462763573 -0.245819476792587
-0.00936626140538103 -0.234430281563739 -0.277533950890788 -0.053865837854933
-0.0694327585015713 -0.218725074128137 -0.225872805600781 0.0978170983542803
-0.12169877660765 -0.143738266614976 -0.100480220890385 0.222235415090908
-0.148483644347054 -0.148722386165334 -0.0840162069631817 0.337334144532341
-0.154364504869215 -0.129647071106408 -0.10081085065244 0.489175460434684
0.0159037000664171 -0.015111313870392 -0.0222926245397676 -0.449596859090856
0.0244832039438311 -0.036387475292917 -0.0376762591891737 -0.34766679181757
0.00457002053868641 -0.00261704819339206 0.0380957408165757 -0.234067926871038
0.00985949387124256 0.0059036997809583 0.150397048501775 -0.0990713718112749
0.0150923376592429 0.0119994134310187 0.242188238216896 0.0682123998802016
0.0248801712629318 0.017503405135945 0.0777661988124393 0.212583943482493
0.0446889658599285 0.00151055933478041 -0.241819041256682 0.33896167146157
0.0333624138801345 -0.00229264512687855 -0.457201671283726 0.341903656646135
0.0340179543407266 -0.00223667267115579 -0.51881489514762 0.247732714011684
0.0160888859758806 0.0157062234679296 -0.380821963667298 0.156557009283925
-0.00982908275458059 0.0285665439680504 -0.238652829257941 0.0591420036446405
-0.0138718453763764 0.0189217847746856 -0.152755729096116 -0.0536790776257155
-0.0122183752505834 0.0277612983158362 -0.115570215122244 -0.164469982933555
0.00979226588758504 0.00944080805036019 -0.291497168731671 -0.18543383792591
0.0174531754149023 0.0129898127400761 -0.548592724492584 -0.144140035360715
-0.163131771957975 -0.115766091272462 0.0221587706967633 -0.411815400881899
-0.13605540622564 -0.138239771504727 -0.00951697466336776 -0.322650366345035
-0.151877755629113 -0.139830811530378 0.0564790752026474 -0.204128839349871
-0.0881176559019239 -0.185716107063691 0.147586900150111 -0.0673062701772869
-0.00292504657883826 -0.200768394679216 0.234994072282393 0.0816323329949983
0.0829431971857611 -0.190473147713438 0.083462577479396 0.212821616480923
0.190137572101983 -0.171217513562595 -0.220248878735766 0.30289049981184
0.216549882651082 -0.130438909184208 -0.41877979081527 0.315330730778224
0.211949390742504 -0.106804796850383 -0.490757659200852 0.234146258983695
0.157685060072453 -0.0769396350220811 -0.373501150973845 0.15790120101972
0.106310934502927 -0.0841039723364526 -0.259719538269814 0.0702711038381928
0.0720871262863114 -0.102808308377653 -0.17384104762643 -0.0524103597271055
0.020395535574434 -0.100410089897741 -0.142172835680292 -0.175453469837429
-0.00459612129369843 -0.14695746809599 -0.328049321239659 -0.18126275663616
-0.0668443430865258 -0.133422323610397 -0.569950793600102 -0.12134912199775
-0.304559561757102 -0.200767470057534 0.119551706708005 -0.34957158732628
-0.257446581175195 -0.236090735792047 0.0737025254085855 -0.280018955305071
-0.262110106264109 -0.274289161741917 0.104427744721913 -0.164143312101062
-0.145430294810224 -0.366233861197417 0.161562346370138 -0.0408435420273869
0.00379850619647641 -0.391797012631777 0.223637484313601 0.0692276932814228
0.14851155880465 -0.367222658523011 0.0975706562715206 0.165491784405756
0.319062024659854 -0.310673622885048 -0.150464116752381 0.20920804510289
0.370874527253584 -0.238826357581731 -0.311304000152228 0.237897832904724
0.359350782759303 -0.216307235436651 -0.401992881175657 0.202600058542992
0.281701649609401 -0.199745683977281 -0.342717717388326 0.159214775935659
0.205870152260048 -0.240784486813244 -0.28652142589682 0.09059283062407
0.129725885192738 -0.26780063403301 -0.218662231903247 -0.0391189600688691
0.0200155039649255 -0.246709314437875 -0.198956610454465 -0.157458301891511
-0.0488660543030514 -0.295722152523897 -0.37950453933203 -0.130248452285715
-0.15718542719999 -0.259769098426894 -0.570197080320908 -0.0406073479264845
-0.378106311713283 -0.264941034276964 0.246337561676848 -0.256676401373881
-0.304942509995414 -0.326305093153793 0.186564509979656 -0.207696927624132
-0.287313147290915 -0.394321023400326 0.166942797257047 -0.103094595563703
-0.126464267172739 -0.505608056174926 0.182310311643971 -0.0125350289244442
0.0537782748787863 -0.520203772750322 0.217957660322768 0.0354674697067669
0.222566995848045 -0.469483957939821 0.126864105756082 0.0768681922733811
0.410841391863879 -0.3881819130002 -0.0383253006235272 0.0771423623896393
0.469414991284694 -0.312792344538977 -0.153363685801559 0.12523332652337
0.45224508546441 -0.322577275477606 -0.26416711363497 0.135660098012458
0.351420237253021 -0.344631575023988 -0.279383083600134 0.131317288921418
0.240374044546893 -0.424841881267943 -0.301510138447604 0.102854187135368
0.114041775405506 -0.450973615838666 -0.266602775078731 -0.00542301082262787
-0.0444091062140343 -0.379301067262159 -0.253972422343284 -0.0911245564512371
-0.134781873150905 -0.403877820773461 -0.410000636381713 -0.0252260795825648
-0.248634651506282 -0.341114125167594 -0.532812111720236 0.0789627502638757
-0.376925379158509 -0.291991017626222 0.372692212878743 -0.143923443453358
-0.274974228813788 -0.381073360404408 0.293616825848516 -0.10223091406262
-0.215614438974108 -0.453953230820401 0.21321697748693 -0.016327640950732
-0.0305957233291914 -0.551932257748158 0.199431439286386 0.024709799756005
0.138170535734243 -0.534620750693727 0.220079783783179 -0.00408045952405305
0.285700279500918 -0.465740873113483 0.179750192130912 -0.0223955199881417
0.449253808697324 -0.386336260134124 0.104900927239377 -0.057098880921785
0.500779211387324 -0.33736062503074 0.031802040849378 -0.0100848354583706
0.469418088749297 -0.394679371461675 -0.102978999702524 0.0245774153787678
0.337816856734719 -0.453532898662104 -0.201776616207073 0.0533781026278834
0.188976817948557 -0.554582900899442 -0.298342548738368 0.0879705490663819
0.0212522369237781 -0.55772634484245 -0.291828284769328 0.0405138297013636
-0.148204550042546 -0.43579916762493 -0.268827031599372 0.0142427205767311
-0.231382390153131 -0.43487108446211 -0.384164431401596 0.111643603798293
-0.315010977142998 -0.36131555621722 -0.451785267896366 0.220731085969185
-0.314614970175767 -0.27656606386325 0.473290158104639 -0.0168932003741544
-0.188652803103858 -0.367803873925518 0.358917981364092 0.0186543731869473
-0.0930995243785528 -0.416110553664685 0.214815807265287 0.0783282888531824
0.0821612104313351 -0.47153285891505 0.195662802098577 0.0660699134304409
0.199902530604098 -0.426752264892885 0.229166794725493 -0.0306159908463577
0.297735821121763 -0.360333213505731 0.247572857920083 -0.0947101318506572
0.421389468315931 -0.316268681093474 0.254298781491327 -0.163182936731479
0.454719123619256 -0.309975864940525 0.213927414155488 -0.145800028436615
0.40952333872014 -0.395917335165046 0.0475405178910822 -0.114479240891871
0.259078371471331 -0.465237175658461 -0.135429757834494 -0.0596388909057194
0.0949673794549894 -0.552011974338674 -0.288825316921766 0.0435604400069821
-0.0772651803665489 -0.530900339663728 -0.284753970189106 0.0796740640349213
-0.220263750160396 -0.391644127412896 -0.230559120452762 0.118195572444477
-0.282469337253963 -0.381698452137115 -0.297450513140585 0.233579411069079
-0.330050792511586 -0.32076669502499 -0.331264149991024 0.347453681564317
-0.217053144669131 -0.204257878357212 0.535465037373949 0.0914060254145364
-0.100684212199447 -0.28079360068214 0.371194083846813 0.122756340465765
0.00125515501939105 -0.29108335525697 0.175647405617946 0.147291498769946
0.129993992012511 -0.309239289814133 0.174781299326512 0.0946765650971234
0.188727955828898 -0.254658196852871 0.234745668709789 -0.0376477417349979
0.241375898639597 -0.213753628798642 0.310994424203607 -0.12173835280403
0.323518026061824 -0.20817398450935 0.385394384761238 -0.221221460272675
0.343525128127558 -0.235634548083288 0.364226593378247 -0.260933634256666
0.294688024439127 -0.317708167965562 0.162411294940159 -0.247617706546047
0.156264325390804 -0.371184253752563 -0.0956974215732998 -0.16814316244584
0.0161320126516612 -0.427400680972916 -0.281081400630027 -0.00784514230830284
-0.113649286229802 -0.394977470711401 -0.255524232734537 0.0995546335032853
-0.211559116629862 -0.275818190892906 -0.162517131158968 0.18904899626683
-0.253870706672518 -0.272531905708295 -0.181731027736433 0.30938655324363
-0.273748770189305 -0.235172985819923 -0.202253220751217 0.439940310547118
-0.113417653750169 -0.084049738643096 0.563230222400391 0.158976933843792
-0.0441561545086073 -0.144642967209965 0.355710228253115 0.183831089138837
0.0266889962020195 -0.139648670431384 0.133829922542867 0.175772252135396
0.0907532036349819 -0.152022046533653 0.157356071008164 0.102794990713172
0.104537656178908 -0.106166687014857 0.236288857079814 -0.0375635000453537
0.130139930105301 -0.0849528134565838 0.351597746563612 -0.120115264744163
0.170446720159431 -0.0976565726708631 0.472583499902791 -0.240930756253829
0.180775741197298 -0.127137054434644 0.460405329548389 -0.342366842245514
0.151136814304656 -0.174215614158879 0.228834764741962 -0.346557622876574
0.0661443456236231 -0.201353322160784 -0.0791589179058945 -0.244016118597847
-0.011757503206181 -0.233195354843235 -0.275851694322204 -0.0509841966288472
-0.0711187263699289 -0.217035278396594 -0.224264253609758 0.0996448799148148
-0.121587706869184 -0.14231587998594 -0.0980159519106856 0.222719363578776
-0.149591889380059 -0.146340053282009 -0.0802874084540429 0.336813283056465
-0.15494672572761 -0.126712673740416 -0.0933917404274606 0.489243541344497
0.0158401587996103 -0.0150513595409638 -0.0263516282668979 -0.447611869428491
0.0237343553773972 -0.0371722295383759 -0.0406028135207354 -0.345807546538719
0.00491027320975897 -0.00263402039386919 0.0349606440908743 -0.233360213451728
0.010031401637807 0.00565135198496033 0.149143250787718 -0.0995574628284847
0.0149497929794544 0.0116544392492302 0.240807435582406 0.0652329169089932
0.0245883457912117 0.0169119635776082 0.0781795316337317 0.210344925062714
0.0446255787964451 -0.000192171376134375 -0.237104523891233 0.339245114618924
0.0330815391723816 -0.00303186748395608 -0.449472737351282 0.343980899370955
0.0333623892063352 -0.00240707565573405 -0.512312042442759 0.249923589950431
0.0166851977222774 0.0148864433435452 -0.376493482429999 0.157975633939791
-0.00911290205446126 0.0285507930065476 -0.236497471515007 0.0610041844427651
-0.0138984564018058 0.018683074833887 -0.152359933444035 -0.0517070185726629
-0.0113380643856866 0.0275629917154152 -0.116325234648615 -0.162106286729259
0.0100682187730872 0.00935060299542579 -0.290820973910076 -0.180021959447149
0.0178681953637255 0.0129751731951965 -0.545876482742127 -0.137775138573205
-0.163191140423854 -0.112903203589615 0.0187462636593736 -0.410551913239947
-0.137659378522646 -0.136921158081505 -0.0127768372589589 -0.32071060005749
-0.151946972630365 -0.137628836866818 0.0539798133238238 -0.203835286353333
-0.0885091535829696 -0.183905724483607 0.146517399394739 -0.0683167597818155
-0.00449313433393045 -0.199607031237344 0.233933484266639 0.0790462361945912
0.0807001231105541 -0.190066438156345 0.0838761575085001 0.210184861978435
0.187467933222522 -0.172883641794631 -0.216420717770915 0.302743603245745
0.214073837107747 -0.131968346499978 -0.412819863320941 0.315074837242536
0.209747882310634 -0.108043075961806 -0.486003167022455 0.236842888509365
0.15620422650995 -0.0781177041434389 -0.371008174580496 0.160389784258771
0.105140631714283 -0.0841021152742824 -0.257093795751845 0.0718092594477957
0.0701634554079512 -0.102415741705059 -0.173785508148236 -0.0501172286057357
0.0197623278944066 -0.0999943331517467 -0.143835230007723 -0.172609069434098
-0.00580075634726996 -0.146108793750213 -0.327195245585784 -0.176497310980595
-0.0669867752893301 -0.13170007834559 -0.565996588604499 -0.113930212145072
-0.304216669618053 -0.196199409216705 0.115060238380569 -0.350644574162518
-0.257777569799017 -0.232293951989173 0.0698205592418848 -0.280018123418555
-0.262930413804859 -0.270305318929713 0.101731516374009 -0.16387246122919
-0.148028032261983 -0.362310477952666 0.159716116687195 -0.0416132418797234
-0.000710971918616113 -0.389102930375561 0.222347221427705 0.0666778639376131
0.143624028335592 -0.365931248704426 0.0976846687885739 0.163385059799208
0.313792070672661 -0.312042093617344 -0.148401893980023 0.208793092675217
0.365788615021624 -0.241331956505056 -0.307809044782623 0.239254128155994
0.355098797391575 -0.217935559299353 -0.396810665280757 0.205276942105807
0.278017272774259 -0.200663688980889 -0.337573308704302 0.160111846581157
0.202214258591741 -0.241008917148307 -0.283439635271632 0.092388879315605
0.12668112125992 -0.266925333636063 -0.217373123028672 -0.037002215270629
0.0180066926217812 -0.245400557851126 -0.20006313190958 -0.154463488465619
-0.0515173578840658 -0.292929050102797 -0.378248007325612 -0.123406722465369
-0.158665293204271 -0.255746592653613 -0.565272218548147 -0.0356873082287578
-0.377930404148812 -0.258816223344579 0.242803802281874 -0.259988847315495
-0.307190914385378 -0.32080845191292 0.183249206130872 -0.209407705330814
-0.288380995134734 -0.388879908461768 0.164507184612155 -0.104212179419301
-0.129527635857007 -0.501496691593893 0.181151423591717 -0.0138883513855818
0.0487360029713269 -0.517897312687157 0.216021692880381 0.0326238008176436
0.21837321762779 -0.469367979989989 0.126348103671277 0.0755969696603571
0.405854182450013 -0.390413762877723 -0.0381792069356442 0.0762426234528374
0.464317278383876 -0.314955653570874 -0.151177567386966 0.125206045556366
0.445799323773029 -0.323271393466115 -0.261031614575095 0.137566039825186
0.344854574479095 -0.343881578614629 -0.275371342957845 0.13353021813253
0.235189305867613 -0.423212234992612 -0.297800325634996 0.105662444589552
0.109773130753953 -0.448069449460409 -0.26532734700968 -0.00364448448935765
-0.0463365742112229 -0.37775589690343 -0.255299845483615 -0.0877059476028822
-0.138126636899709 -0.398859308531114 -0.407637769131445 -0.0201905481606572
-0.249897053074373 -0.334495534919676 -0.528217282132531 0.0855562104152774
-0.376871818789795 -0.28725830134009 0.370298863921722 -0.145843013784934
-0.277749827109132 -0.376456927575719 0.290907223239981 -0.105471246367866
-0.217992989872596 -0.448511409309315 0.211042515560911 -0.0181702627099685
-0.0352685285177587 -0.547556801230683 0.197871533401184 0.0227383131056954
0.132823535674761 -0.53255633233425 0.218678158206179 -0.0066065879760373
0.28009995592997 -0.464968817089387 0.177513396741001 -0.0235237186696279
0.443272080621724 -0.388499753175716 0.103069503518832 -0.0590513047125242
0.493968169734081 -0.340779217988018 0.03127473344376 -0.0103496468067126
0.461311944595384 -0.395759127672149 -0.101694550519794 0.0261079435709175
0.33057495783205 -0.450444312052469 -0.198317243360673 0.0548276558055321
0.183651383061072 -0.551555126636958 -0.295225740369654 0.0900935015847716
0.0162316150649758 -0.554662342560549 -0.290422735260684 0.0431156920765741
-0.14922431891432 -0.432000234012275 -0.268587586173704 0.0171505969141599
-0.233840056727057 -0.42994384165874 -0.379861611917672 0.11630862552542
-0.315588603836535 -0.355019576418807 -0.445245200649704 0.222954095453528
-0.31399957221787 -0.272236999533656 0.472061701246137 -0.0225593860044225
-0.191169342877208 -0.364589785805074 0.356789947798059 0.0156556601216719
-0.0966092887813819 -0.412590957875012 0.213834763084315 0.0764311387065324
0.0775377872623129 -0.47060288288028 0.195337917905467 0.0644605771363421
0.195888020898173 -0.425176168932123 0.226369533646132 -0.0323969410323541
0.293451319318669 -0.36111796667692 0.24458364010834 -0.0959198351134918
0.415444984915163 -0.317977771847897 0.250849743978975 -0.164395125200738
0.450634074268812 -0.312498694663075 0.211081200964633 -0.147143050119052
0.404189539721997 -0.397354563712949 0.0466889173575433 -0.113446061709739
0.253545577145891 -0.464981730684182 -0.133979085842968 -0.0578983621580634
0.0888860733169815 -0.550152412171057 -0.285893124853254 0.0464548418503844
-0.0816627430513285 -0.526654217615345 -0.282222473415348 0.0816969857112253
-0.221198450007462 -0.387297703272155 -0.229014837796135 0.119598032656103
-0.284914743324668 -0.376929160400625 -0.292947532980292 0.236074679867564
-0.329996924454197 -0.315810168686898 -0.325880692468301 0.34993648961762
-0.217756068795453 -0.201031720117793 0.532538296422547 0.0854226031602611
-0.102664397872274 -0.277037323946298 0.368681973383689 0.117368797607359
-0.000943622562036628 -0.288959204168081 0.175076640323763 0.145533320163697
0.125122176050153 -0.309271857523975 0.175814871278315 0.092524634817456
0.185264700281118 -0.25398546185975 0.232901613640581 -0.0398823447084801
0.238097581456178 -0.213275542681339 0.307824895594693 -0.123202175826688
0.319301425541565 -0.210091590630024 0.37937531274871 -0.222989339906726
0.339151896871511 -0.237428056133475 0.359587841658129 -0.264373528970171
0.288859041735098 -0.317768172596382 0.160087327965473 -0.247479475491398
0.151610810928333 -0.36943149572045 -0.0949070539560005 -0.16666938840282
0.0122843055008082 -0.425310214771159 -0.27869215279335 -0.00572313674407557
-0.116644840499518 -0.391311654809132 -0.253254042686085 0.100709219157126
-0.212549113486696 -0.272269807023906 -0.160580366116432 0.19006034050385
-0.254499835800372 -0.269132389790689 -0.177664919539272 0.30996068098133
-0.274249712512409 -0.230569661059636 -0.194665282760059 0.439770577665478
-0.113176801057558 -0.0831168949481182 0.560198694150648 0.152289147043936
-0.0451759207627136 -0.142300828070237 0.353741216425076 0.179212466354048
0.0252167806880262 -0.138968856696765 0.134424867033621 0.174956171697499
0.0882234109157066 -0.152205308162989 0.157409162385574 0.100874008336613
0.103179730192877 -0.106230214315337 0.234908487869553 -0.0393379205256732
0.128535312670728 -0.085146673543876 0.349029042203845 -0.121562560379582
0.167899283942155 -0.0986054359430265 0.467103863307925 -0.242669367084631
0.178580416143321 -0.127931253182444 0.453751182470115 -0.343456043314629
0.148050157394584 -0.174806120558147 0.225260044402844 -0.346171751716853
0.0638083074678754 -0.200753897432643 -0.0797675702861331 -0.241573965153492
-0.0141604602658998 -0.231535199659093 -0.27398710684245 -0.0476051786592185
-0.0736035220564606 -0.215208802042768 -0.222548124259067 0.101356524638824
-0.122288765915863 -0.140599514750277 -0.0958147052388888 0.222064454203669
-0.149911416375598 -0.14387702838452 -0.0752881032375988 0.336476317471612
-0.1543802951736 -0.124408286579772 -0.0875114630275883 0.488846698359966
0.0160011121460732 -0.0146986591807163 -0.0300121684885708 -0.445141516137673
0.0234611566545183 -0.0373404401053266 -0.0436789611774227 -0.344224340536519
0.00524072621465821 -0.00215583427767128 0.0332673235362272 -0.232882356827931
0.0101737538073708 0.00599697049049836 0.147755710317788 -0.100154526182898
0.0146696799194573 0.0115089492709702 0.239676998797863 0.062795170676178
0.0245667068049517 0.016339680597753 0.078311341730987 0.208589004901722
0.0441931048630456 -0.000513649992530021 -0.234295077915944 0.338514660256228
0.032730655501923 -0.00376486924602456 -0.445082687574874 0.344913014513194
0.0332013390112259 -0.00343226727662727 -0.506653791387364 0.253372112934917
0.0165076481241414 0.0145232882845213 -0.372564068388466 0.159990321285859
-0.00816627911077411 0.0287782795171058 -0.234178205291231 0.0618050529221218
-0.0133690159690805 0.0192385248023017 -0.151484680414875 -0.0496602650666733
-0.0110168300498622 0.0272957455843342 -0.117018691742453 -0.160769735578911
0.0098806753085357 0.00907088950248536 -0.290336844822048 -0.17593774595142
0.018333732247602 0.0127865005952923 -0.543165836203483 -0.130730583188094
-0.162405998111522 -0.110893002356388 0.0146508411805337 -0.410179621795528
-0.137225986240632 -0.135298817445703 -0.0157198688428659 -0.319829631677372
-0.151389048373991 -0.135460764888883 0.0518968639173805 -0.202849101720302
-0.0898887146700113 -0.18204589684813 0.144912268034114 -0.0682746986117861
-0.00573570349842946 -0.198108178202728 0.231323022827162 0.0762016906923585
0.0790066633008135 -0.189507063360392 0.084017156354435 0.20778264996287
0.185592682370994 -0.172846513177559 -0.213815434986477 0.301689144323886
0.211715543599421 -0.133475712619533 -0.408651458191745 0.316470027622325
0.207273524786795 -0.10865888016189 -0.478758354698903 0.238759469720346
0.155006599167027 -0.078741719129565 -0.365299346158814 0.161319039414372
0.103996239349534 -0.0839172795169361 -0.254606592297706 0.0730263808395567
0.0685759906921118 -0.101630360100681 -0.172614423016067 -0.0482276535994561
0.0198279207123055 -0.0995361113436288 -0.144981942413932 -0.170699619966866
-0.00642500520738553 -0.145074333253584 -0.325676310413914 -0.172040805734548
-0.0670377552489055 -0.130332920370949 -0.562156433114899 -0.107264052802114
-0.303777307026125 -0.191717885504795 0.111678797229435 -0.349584250320606
-0.258038023612353 -0.229977705036234 0.0666049498797442 -0.279469722734052
-0.262019630038343 -0.266891477001104 0.0996535750449404 -0.164699655271577
-0.149081688529721 -0.360602778698744 0.158090719530601 -0.042487145601733
-0.00283802623336402 -0.387463985151551 0.220421022440143 0.0646448459497603
0.140480407771059 -0.36544905131272 0.0971518520001803 0.161418788363973
0.309262867306238 -0.313156442506139 -0.146538415566622 0.20799088333156
0.362611363225787 -0.243753129808795 -0.303767218851556 0.238978397818001
0.352069343793774 -0.219504212281715 -0.391393930790637 0.207619355704735
0.27494478001287 -0.200187214563278 -0.333097860622172 0.16170164602995
0.199006119355402 -0.240408173762358 -0.28062806080285 0.0945923031103892
0.123405468899236 -0.26560093769554 -0.216539845330955 -0.034815125380566
0.0171204086305737 -0.244123599044712 -0.201361124244635 -0.151848918828558
-0.052979339986931 -0.290608490542776 -0.375971355418642 -0.120523074148341
-0.158002729866843 -0.253024669622312 -0.560907848009069 -0.0299333342969304
-0.378289028843301 -0.254507437350977 0.238373517117558 -0.260445465944371
-0.307016730423334 -0.316668988954282 0.179876519951255 -0.210728731373283
-0.288140537999616 -0.383196257581813 0.162155985467572 -0.105923942311393
-0.133317518755812 -0.499578424399451 0.179478796454856 -0.0150596988654059
0.0460801423283009 -0.514808032905797 0.214136664585582 0.0307790041083987
0.212425644189834 -0.467287116135729 0.125486664771672 0.0739218615031427
0.400366563312601 -0.389037547328383 -0.0375244931710572 0.0752831802524214
0.459800680229973 -0.316717784715418 -0.149110999193923 0.125213331163524
0.442090519810101 -0.325062174321181 -0.257179114957627 0.138929240582124
0.339861673257549 -0.343961914309703 -0.271513402573625 0.133562285569715
0.230980599658064 -0.421920625031418 -0.29473798381694 0.107265346999395
0.105949709557626 -0.446596268751528 -0.263657432069154 -0.00159213318010955
-0.0485628141052183 -0.375576087760388 -0.25515773815062 -0.0846709626873173
-0.139312640558638 -0.395773796485028 -0.40515741511881 -0.0158249751542958
-0.250140436173551 -0.330558191718415 -0.524178974141023 0.0902940369161559
-0.376797052147485 -0.282032913250611 0.366632858468552 -0.149269624489821
-0.278193901351337 -0.371636819501029 0.287104303409729 -0.10795123211582
-0.218162255079222 -0.444917364786686 0.208522204217342 -0.019452103772822
-0.0378622429416753 -0.545200147717104 0.196450718091137 0.0210513203715405
0.129816510941608 -0.530115465317465 0.215970003283059 -0.00846081903504785
0.27522119332647 -0.462939967013641 0.176012693537211 -0.0247879814525236
0.43848018714097 -0.38976125011461 0.10131005881086 -0.0599643802970811
0.488474367321164 -0.342198121730454 0.0311211323501876 -0.0108000524582877
0.456621003265752 -0.395309414531309 -0.100057763826811 0.0262415854285022
0.326786469841144 -0.451309112016158 -0.196496087449786 0.0550194561521827
0.179990845168326 -0.549502324117668 -0.292003621900712 0.0919031675930104
0.0109508263567444 -0.552239611461575 -0.288191667215602 0.0447457673603183
-0.15027213343528 -0.429959457138049 -0.268147432737959 0.0194347109877146
-0.235965399992811 -0.425794577867854 -0.376641759460869 0.118951409665722
-0.316021262616949 -0.349475710268226 -0.438994751898369 0.226538431995194
-0.313721030807193 -0.267727218574424 0.468057732328758 -0.0286184880807282
-0.193509238770471 -0.359880734589647 0.353664568372531 0.0102844970602884
-0.0981594641504652 -0.408361064870527 0.21237651452089 0.0745417615641267
0.0727260770242191 -0.467752295941846 0.195744841767461 0.0630014573440303
0.192356834702719 -0.422881531822074 0.224171773541387 -0.034203925325033
0.28892816960946 -0.360967670102164 0.242415701607082 -0.0970897414055759
0.410769105939996 -0.319774784842438 0.248105246634374 -0.166676194445187
0.445459420175892 -0.315628932610946 0.208823671432438 -0.148116083014948
0.399147071711757 -0.396720235233414 0.0462082843306467 -0.11314595092559
0.248074840420377 -0.46252523837474 -0.132204178165082 -0.056723077865988
0.085430385895721 -0.545760390377489 -0.283454542165789 0.0483008634622313
-0.0853762068915997 -0.522015911268688 -0.280594080081385 0.0833150979391684
-0.222673272846584 -0.384107110060815 -0.227844029188184 0.121272649046026
-0.286421722277822 -0.372045850909211 -0.288764477799006 0.237958943643594
-0.3285072409355 -0.310383289999456 -0.321197019109327 0.350588967649983
-0.21743675450208 -0.198281188848704 0.528916451298774 0.0788400026615394
-0.104738404507836 -0.274271948638406 0.366573184045878 0.112749067763545
-0.00287725531088982 -0.287449309654643 0.174378189963984 0.144286578841793
0.122374659826027 -0.30877349041342 0.176055107010395 0.0911165926999164
0.182411629356172 -0.254323477614822 0.230289676199059 -0.0413831971414952
0.23479435132068 -0.212411025639669 0.305357045170369 -0.124390544621477
0.315197479803939 -0.210813467835111 0.375128008555358 -0.225283662539079
0.335564247252679 -0.238343551733602 0.356122776897584 -0.264386591247478
0.286304426638979 -0.31870352096885 0.156897809466777 -0.247347321513224
0.14812210842072 -0.36784815802029 -0.0944607399870462 -0.165111272102068
0.00959027230177945 -0.422229275678989 -0.275966242924209 -0.00320228174510897
-0.11933256374136 -0.387600587104845 -0.251667520810666 0.102020829141286
-0.212591539620351 -0.270712461333638 -0.159409231872162 0.1905762077859
-0.255114282329002 -0.265473744637827 -0.173331899281089 0.310413118013217
-0.274761233999293 -0.226828656141209 -0.190103903741246 0.440445308479514
-0.112996496914943 -0.0822516046422343 0.556527173942965 0.145681981820003
-0.0462024189509745 -0.140830910296459 0.352458446448162 0.174826150700765
0.0242795107347354 -0.138008022060125 0.13511148210664 0.173400698959273
0.0858328193665508 -0.152521639647905 0.157976141219978 0.09895785498939
0.101989090475727 -0.106123161067391 0.232307090781526 -0.0406656020528701
0.127320544080384 -0.0853382623018209 0.345987308968745 -0.122513621631429
0.16592209312613 -0.09953734490575 0.462672086629325 -0.244063371996563
0.176366765731741 -0.128620494727511 0.44773614012771 -0.343771452513055
0.145965163076389 -0.174584466870587 0.220266825282389 -0.345276917116622
0.0622766886624186 -0.200145381884494 -0.0796102102897095 -0.239497270086487
-0.015882087977136 -0.230142926014146 -0.271721801864141 -0.0457520565541161
-0.0744288500072884 -0.213008244004769 -0.220521861016846 0.101747668495477
-0.122438248774277 -0.139571710694107 -0.0942234884958303 0.221718842771217
-0.150245961959796 -0.141421017968922 -0.0728513708487838 0.336171912762918
-0.154110995181274 -0.122573625015956 -0.0822305102738731 0.486631345551425
0.0160275008405537 -0.0147728991485333 -0.033205267304426 -0.441780197999241
0.0223561012101353 -0.0376944595309397 -0.0463250559917718 -0.34219805844379
0.00570625568179918 -0.00215200176687528 0.0316426096278609 -0.231837964075238
0.0101755599078028 0.00605609232559586 0.145867800761661 -0.100077378784555
0.0148538015660095 0.0113506242668475 0.238114622828562 0.0602315840019881
0.0246250705448023 0.0159240304383312 0.0778600295600999 0.206445808495348
0.0438140508442992 -0.00157412314466426 -0.231731417086203 0.337878890002802
0.0325306316206209 -0.00446921272523152 -0.43955394456051 0.344073718805115
0.0330375663004837 -0.00351252618035514 -0.499922198942705 0.25400696054035
0.0168061275457054 0.0139642320005561 -0.367973987203922 0.160310234178151
-0.00785113654730974 0.028546192885892 -0.232330471339403 0.0627935840051797
-0.0135082311337321 0.0190221299978028 -0.151166594479801 -0.0476457239726081
-0.0102988134990318 0.0270141538303494 -0.117633101245498 -0.158606476884668
0.00995268449484789 0.00877253371091967 -0.289047957603221 -0.172556588612357
0.0187932390175191 0.0123531831048116 -0.539149549421538 -0.125773191022046
-0.162255614670578 -0.109031839131565 0.0116023864152338 -0.407922668794232
-0.136972873385619 -0.134109931386807 -0.0180844545163827 -0.318747890880024
-0.150826799316889 -0.133566696090761 0.0505214579715097 -0.202574048622394
-0.0900437645817307 -0.180529237598621 0.143798541028434 -0.0688146094718296
-0.00677041205376415 -0.197343015325369 0.229413076394416 0.0734816142919512
0.0776444506393256 -0.188691269243757 0.0832690179159272 0.206329268847588
0.184180626015824 -0.173408209573139 -0.211522221296862 0.301360203920613
0.209833785173979 -0.134212036002761 -0.402140957063223 0.31686572545158
0.205290376522557 -0.109295489912092 -0.474891511733303 0.240847697562886
0.15374554660934 -0.0787826079787591 -0.36112983025012 0.161163320406977
0.103022658180343 -0.0833818114448387 -0.252004732151535 0.0741936344946064
0.0672480977435411 -0.100709799490508 -0.171874329060953 -0.0465642175340552
0.0198984004100433 -0.0993268496540757 -0.145680797577666 -0.168431481260841
-0.0074660092873113 -0.144004701172135 -0.324314585789071 -0.168124380990995
-0.0666444520817129 -0.128679625432194 -0.558176171422202 -0.10257648599215
-0.302251777501902 -0.188085243262571 0.109600848412627 -0.349611608313126
-0.257750804353052 -0.227498382896385 0.0635048654679126 -0.278792729759921
-0.262078872239836 -0.263927160012553 0.0974466015562063 -0.163847708987739
-0.149448582374832 -0.357114792754854 0.156597503860205 -0.0429533866476302
-0.0047149273635102 -0.38529363257388 0.218954477880489 0.0622737794752776
0.137286871543198 -0.362942243161299 0.0963272222317707 0.159236254927842
0.306576737777645 -0.312556216301986 -0.145491279106169 0.206261421145383
0.358619717141983 -0.243892582020289 -0.300366361865216 0.238632421494546
0.34762033778541 -0.219270500240225 -0.387487871250955 0.208418479627744
0.272198147570612 -0.199916796411169 -0.32937626044938 0.163051783326696
0.196312640623372 -0.238624526369178 -0.277836491643736 0.0953601727880587
0.120863253964189 -0.263934698372395 -0.215035254888246 -0.0332484857030243
0.0162777573360217 -0.242835582461577 -0.201618851693961 -0.149256240825434
-0.0546906217215178 -0.288558249293835 -0.373704366187028 -0.116027150460812
-0.158325480812008 -0.249496932628233 -0.556287705155683 -0.0256594401924481
-0.37563615955936 -0.248362246910205 0.236438642721609 -0.26187839607714
-0.306780389910383 -0.314587018340376 0.176112138394347 -0.210834950574857
-0.288498372410998 -0.379371017263514 0.159704708062261 -0.105502252990541
-0.1338321904351 -0.49467232866643 0.177935200811436 -0.0159744627601907
0.043371620856304 -0.511076195673832 0.211828862500896 0.0289245213056381
0.20943753272098 -0.464765753726728 0.124186067474345 0.0721876546610126
0.395886550620672 -0.389615715236252 -0.0375525903091734 0.0743540260481486
0.455710475581105 -0.319037348830485 -0.147838696157108 0.124874093848619
0.437295124574066 -0.324922878537746 -0.253412329565743 0.139687998808312
0.337197054500805 -0.342727996955371 -0.267930693307865 0.133626810522007
0.226340092912029 -0.420880489605903 -0.291237762170653 0.108564881858175
0.101905027676908 -0.442684891962197 -0.262453592891174 0.000174909114806173
-0.0491176653777256 -0.372296589749901 -0.254811951283567 -0.0819945794156359
-0.141360174431349 -0.392489608050575 -0.402232295772837 -0.0119604011615751
-0.249835731852737 -0.326162935967757 -0.518479498567315 0.0934184973274806
-0.37542463737425 -0.277942095654772 0.363015067596529 -0.152431182004455
-0.279062276566088 -0.368568574311628 0.284436822650156 -0.110029037962315
-0.219599189278724 -0.439957808867058 0.206471255515264 -0.0210783446288745
-0.0418657721369083 -0.542473167362598 0.195878350099375 0.0204517394568711
0.124895366948136 -0.526842616823392 0.213963339090026 -0.00965690633983581
0.271386402077892 -0.461145113653566 0.173599367637193 -0.0261480995554826
0.432527790196069 -0.388383187998492 0.100275430791421 -0.060959213031414
0.484232238596914 -0.34380354965154 0.0305855021556324 -0.011411149748271
0.449940157247974 -0.395710390314604 -0.0986479096543709 0.0276794138170968
0.321748741091482 -0.448264572231147 -0.19321821915718 0.0559643400578624
0.175148835321822 -0.546959912277185 -0.289001420507351 0.092759623729351
0.00770150464297734 -0.546525511829752 -0.286191382014868 0.0459157063963483
-0.150812603508031 -0.42623960142622 -0.267468749446896 0.0212076117693421
-0.236118341989902 -0.42125647036123 -0.373270438901415 0.121923691942291
-0.315057511735502 -0.345425639075303 -0.435239913283793 0.228486043504864
-0.313877866825927 -0.263382750803128 0.465453591512925 -0.0308737724810405
-0.193888666206073 -0.356185914067696 0.35121305105576 0.00678149566659315
-0.0992596857059269 -0.405435163205752 0.210791543401644 0.0730136811836333
0.0697461151428102 -0.465710917636766 0.194819552773157 0.060903035627501
0.189161655862255 -0.421170248150737 0.222142481733463 -0.0362151922199842
0.285003818905451 -0.358369034787561 0.239314834559589 -0.0974301867069413
0.406010527465449 -0.318607878599451 0.245480397257975 -0.166393292438284
0.441264740644965 -0.315583943100582 0.206709556281976 -0.148210313716123
0.393219242358085 -0.395561091279491 0.0457538447699146 -0.112266795888872
0.244009438087432 -0.459988972117411 -0.130402832099485 -0.0560166522756729
0.0810760003675784 -0.543184300205997 -0.28036554154293 0.0497064911933538
-0.0875591111826865 -0.517393836378544 -0.278705146142195 0.0839951150316002
-0.221410948536962 -0.380492532899055 -0.226921208401685 0.122130850715648
-0.286358587035532 -0.367778136356706 -0.285002024351416 0.239159185137034
-0.328495982616261 -0.306456089026742 -0.315578174162267 0.351214549341522
-0.21713563609146 -0.195888488684593 0.52597371199406 0.0750273515486283
-0.105299669905564 -0.271560236645981 0.364990399403776 0.109039158333767
-0.00410709507486126 -0.285596236670005 0.174548452805681 0.142505025469352
0.119629372242766 -0.308151249774484 0.175573559116096 0.0894923582389444
0.180508236815399 -0.252348140027418 0.228015108259024 -0.0423206936497034
0.23229111470989 -0.212220377606197 0.302450991665767 -0.123456552414641
0.311968026019103 -0.213055546184817 0.371573610108775 -0.224833729115495
0.331136869407184 -0.239639655157766 0.352298892788163 -0.264798976909523
0.281966977725205 -0.317073569965334 0.155161355743572 -0.2462322387735
0.145444771558646 -0.366121624386558 -0.0937947871231535 -0.163934240426051
0.00699359929692938 -0.419692456302045 -0.273380497756306 -0.00148663558326133
-0.120885536188722 -0.384784700293683 -0.250169213723104 0.102733459018211
-0.21232546600398 -0.268309662778062 -0.157362515843352 0.19000131411865
-0.255624757199556 -0.261663191312233 -0.170475885359162 0.310478724611519
-0.273042789775012 -0.22277222522562 -0.185520572863994 0.440252834097302
-0.11229576690203 -0.080832165687663 0.554098799689903 0.140550847854469
-0.0463583415536614 -0.138894325307638 0.350786736042118 0.1690110362997
0.0228453299541729 -0.137764467251585 0.135209882712717 0.172429868974174
0.0834773500229456 -0.151724884044687 0.158688868464925 0.0969867722133911
0.100998118821232 -0.105527239159798 0.23056554822319 -0.0419351762268482
0.126017762806462 -0.0851402161991107 0.343067826190083 -0.122835859691822
0.163773414423575 -0.100042398516821 0.456219923520928 -0.244443871348442
0.174123403032285 -0.128918240865126 0.444705523231671 -0.345020451741922
0.143746016249323 -0.173792859590143 0.217613872734828 -0.344142084573954
0.0602044998985233 -0.198566155594608 -0.0799704108894163 -0.238235517884694
-0.0167629587809345 -0.228323708623077 -0.270067471406389 -0.0439197477169234
-0.0755382886054616 -0.211222136037845 -0.219220533612495 0.102644080047728
-0.122227760727754 -0.138659703729664 -0.0928237315489203 0.220642647719349
-0.150280200731322 -0.139619634098394 -0.0700078593231812 0.334217971348506
-0.153096422575122 -0.120316259254262 -0.0775934718523555 0.486155019214197
0.0163533371629234 -0.0139838270301913 -0.0341113151654696 -0.4406744322952
0.0218590330155694 -0.0379916202133251 -0.047153867490981 -0.340096685265723
0.00567219934858465 -0.00205738051255378 0.0302537737046946 -0.231113653345555
0.0104314451824034 0.00604274385982402 0.144677038261646 -0.0997021915913742
0.0144848544993708 0.0112172633765748 0.236529244329396 0.0582954421603483
0.0239242490999057 0.0153097838429025 0.0770934671080912 0.205151918862491
0.0438067001751701 -0.00244202534777657 -0.229392746081241 0.337332345272027
0.0316817326287871 -0.00503772576229182 -0.435283490162842 0.344153337376971
0.0328996233781142 -0.00401247332250309 -0.494555537974145 0.253557976264418
0.0167774305851928 0.0136594628013495 -0.363564749668553 0.160701135761612
-0.00670365435485044 0.0288554225877768 -0.229850744970825 0.0628288398722313
-0.0129250349300652 0.0193471256145181 -0.150386901898002 -0.0461113456300444
-0.0097042097073262 0.026704381434421 -0.118403864652636 -0.15661369680405
0.00984271188439799 0.00885942006515747 -0.287377651783396 -0.169099999701935
0.0191235182915696 0.0123588544219354 -0.534644625617565 -0.122200437118512
-0.161150609837929 -0.106957062178239 0.00927617844262971 -0.40572346502948
-0.137295794689491 -0.13296734307977 -0.0196815158082371 -0.317136965383397
-0.149870552152287 -0.132383825341144 0.0486608436577256 -0.20225518681697
-0.0896907868658938 -0.179149016568299 0.142496436896137 -0.0694345466744746
-0.00771322632148458 -0.196053189135805 0.227615805101818 0.0720726992702832
0.0759446032765579 -0.188296017855268 0.0829077763321135 0.20469720228834
0.181759137736736 -0.173447901085204 -0.209072399626258 0.299872345762793
0.20801723890392 -0.134984665819215 -0.39879133249895 0.315036864349169
0.20347550230961 -0.109099756228175 -0.468744696658762 0.242448959938975
0.152466634191012 -0.0790373120034761 -0.356591438612947 0.161404904290983
0.102535549045165 -0.0825411676016156 -0.250280016486107 0.0744221703815478
0.0663171489374113 -0.100159077168452 -0.171214867418821 -0.0452302503429219
0.0196000353361541 -0.0987329934413406 -0.145854185168617 -0.16638327951815
-0.00727395005459651 -0.143087891533259 -0.322926033083794 -0.164068342475778
-0.0660317270045832 -0.127213724387784 -0.554603190421011 -0.0985266679053428
-0.301646345020299 -0.186060811003659 0.10667710639395 -0.348487692948531
-0.25646376781578 -0.225067023997048 0.0610857667844776 -0.277889156864074
-0.260351270721891 -0.260818655670651 0.0957269080517029 -0.164072242877641
-0.150347171665216 -0.354662149327673 0.155751761181171 -0.0432455651061997
-0.00576494487811061 -0.383472296559669 0.215898739758816 0.0607372795572197
0.135875331978516 -0.361415070283344 0.0951287485849342 0.157884071072389
0.304977752553078 -0.312946229699198 -0.144265109629701 0.205073928168317
0.35537354423878 -0.244933860688982 -0.297462775083964 0.238545087629799
0.344104785418046 -0.21847335895465 -0.383064629726048 0.208039285799044
0.269159844213279 -0.199158249882968 -0.325992904089851 0.161846681300764
0.194267814718764 -0.237741257430092 -0.27496566369155 0.0956251554190892
0.118733835483716 -0.261855606027868 -0.213904388182522 -0.0315888143693455
0.0155737600069271 -0.241257448893307 -0.201884128918851 -0.147016811855145
-0.0551954161496993 -0.285787778331718 -0.372265803038094 -0.11206092755456
-0.157213931003349 -0.24673622753788 -0.552450570817512 -0.0219713120852578
-0.37556982699017 -0.24609469110845 0.23309623626502 -0.261385656478254
-0.305902877084013 -0.310800785174474 0.173795886753677 -0.21119501290099
-0.287211234879243 -0.375520357847105 0.157314910549131 -0.105479617807725
-0.135838566089208 -0.492045075460103 0.177030676311191 -0.0161773551027091
0.0419007967549275 -0.509093237306919 0.209115938070331 0.0277693799119837
0.205859147582143 -0.462164416660257 0.122862202986744 0.0710002084435324
0.391979313546366 -0.388469654292646 -0.037626394225765 0.0727312271327527
0.45069621542771 -0.319647188736226 -0.146486998418363 0.124149577195859
0.431225805859849 -0.323747888794278 -0.251065672421992 0.140042248834148
0.333084179843612 -0.340981560864866 -0.264374931172637 0.133278926924178
0.224052209314597 -0.418224526689236 -0.288759697862134 0.109426578500755
0.0980020166837144 -0.441204185021918 -0.260520599085734 0.00148264659850343
-0.0500548774431679 -0.370765400315884 -0.254907138567566 -0.0798765794056011
-0.142151306981087 -0.389640591299857 -0.399202304757529 -0.00885108035113424
-0.2491644205627 -0.322199216659382 -0.514147454698543 0.0960425677434817
-0.373751874306217 -0.274229400474374 0.359211221983574 -0.153729305121241
-0.277779180209072 -0.364504075939516 0.281445622552288 -0.111674006777821
-0.219299499845009 -0.437138651765124 0.204803947856822 -0.02106229270911
-0.0425250023167561 -0.539435980978619 0.194859892607549 0.0186949484173945
0.122901205768816 -0.523976125605599 0.211251692918046 -0.0106186201943141
0.267339633883723 -0.458827395625246 0.172036301970227 -0.0259624782896931
0.429076389431125 -0.388201051039785 0.0991816727392902 -0.0619416761572047
0.479114762933583 -0.344845432200454 0.0301832358150347 -0.0120027552019615
0.445552835519564 -0.394163217192019 -0.0972031068120221 0.0278692066384602
0.3182587806038 -0.444500410793709 -0.190304708988794 0.055402618938461
0.171274506571764 -0.544159193984323 -0.285999222132283 0.0943221882497015
0.00576325196196294 -0.543837202510475 -0.28522081560296 0.0469731801714914
-0.151916552235612 -0.42341148172978 -0.266461045057049 0.0228844899449476
-0.237108036746309 -0.417470736965024 -0.369725796225059 0.123932875936416
-0.31412767514355 -0.340923184978537 -0.429943532189656 0.230956406943599
-0.312360822117676 -0.261788162905592 0.460090291572033 -0.0333675182420756
-0.194636243920212 -0.353276180202565 0.347334023725882 0.00481164711354399
-0.100777560223554 -0.403262373072008 0.208972978579496 0.0720397966203647
0.0672388805332067 -0.464520106553261 0.19384979721962 0.0595210332017389
0.18608595131166 -0.417694557023386 0.219907900466757 -0.0362672812599996
0.281610443685118 -0.357552479014478 0.236568481030013 -0.0973955749361543
0.401661120806187 -0.318252999450503 0.24219189822384 -0.167320918005426
0.436602254900224 -0.315930810573906 0.204336906930647 -0.148314883231772
0.388122425656004 -0.395097411248105 0.0455981480639608 -0.111118160513306
0.239875148246199 -0.457436441897375 -0.128852392791973 -0.0555746829916503
0.0780075006878567 -0.540488948725793 -0.277462719263826 0.0505557655655705
-0.0906581076671752 -0.5138371105094 -0.27656982339446 0.0848903086419616
-0.22177591631457 -0.378245373857072 -0.225898357001304 0.123085494225956
-0.285198685437132 -0.364430716636003 -0.281236949059098 0.240433498306583
-0.327584416419685 -0.301958188407548 -0.310226347431624 0.35174720810768
-0.215990438685423 -0.193655662821163 0.522825631405259 0.0704973232759908
-0.105756561793171 -0.269016190029324 0.361392413014386 0.105161941302379
-0.00560780696617005 -0.284113317018353 0.174004785339 0.141628545572687
0.117126596536694 -0.306870985576311 0.175806957200901 0.0880607464610746
0.178712296107766 -0.251630314582818 0.226576843327203 -0.0434143134253764
0.230556805929337 -0.211470646946024 0.299685507815323 -0.124542289068345
0.308977941434379 -0.211378732919083 0.368063585577724 -0.225066736809263
0.327995245015599 -0.240575748452606 0.349433123920236 -0.264918799206197
0.278635236191948 -0.3160139280448 0.153774859049149 -0.245368527263737
0.142353209318949 -0.364259230670563 -0.0927348180336087 -0.162853135380364
0.00513459727692636 -0.417024271634995 -0.271585813391717 -0.000609373298372507
-0.121687713827329 -0.380988691949619 -0.248567163264828 0.103057338126855
-0.21128396995131 -0.266139649537762 -0.156033615929483 0.190160419871738
-0.255156042051485 -0.258998655196474 -0.167594087703437 0.310328779591706
-0.270886114266485 -0.220438685730907 -0.180870430910427 0.438491832335536
-0.111817541447529 -0.0799131901307986 0.549640719205981 0.137085329264728
-0.0469056831387985 -0.137150369503079 0.348290948892289 0.166550543611613
0.022527656150502 -0.137078353875927 0.134953275603011 0.170983945434859
0.0818381721598285 -0.151859249268366 0.158797391523791 0.0959304427014667
0.100389566141645 -0.104975553915094 0.228347328306416 -0.0427496749737564
0.124959136342382 -0.0847223066221437 0.339959517774176 -0.123045202870785
0.161842988662798 -0.100388363679361 0.451996908387703 -0.244284838557379
0.172533798147169 -0.129188463961495 0.439184422709402 -0.344818968054697
0.141472781097459 -0.173346047626346 0.215910805663653 -0.344123090831851
0.059404597319872 -0.197674595133177 -0.0789786540021571 -0.236711093813181
-0.0174828147351046 -0.226876711474932 -0.267756823145136 -0.0422331805002958
-0.0767716009595485 -0.209741442575002 -0.217687436915164 0.102790871671549
-0.122029203469032 -0.137604914623861 -0.0915040089030821 0.219673957312899
-0.150128148611809 -0.138264933597848 -0.0680051017918025 0.333941709829766
-0.152656445391258 -0.118870920381484 -0.0744739429400085 0.484718341286896
0.0166098186039496 -0.0141096442379331 -0.0352009632406667 -0.437936126165742
0.021681526127027 -0.0380979745053144 -0.0485770806253059 -0.339042673203769
0.00588175245371604 -0.00232254474654755 0.0290152764820968 -0.230345362874828
0.010590437709062 0.00622316784768211 0.143976635607916 -0.0996385828366855
0.0142948962670914 0.0114012431755673 0.235396463005073 0.0568268281466241
0.0238522161871833 0.0150583280179678 0.0762170359458326 0.20384419021457
0.0430385687658282 -0.00300588236617382 -0.227654242843247 0.337528606088425
0.031947613049684 -0.0060217874150351 -0.431905383620501 0.343306223140072
0.0323096418913097 -0.00421120229433984 -0.490832197829749 0.253556878968426
0.0172551118024514 0.0130224802234891 -0.360332442284315 0.16071294646547
-0.00617621738867619 0.0286397176624835 -0.228358650974943 0.0626617237092052
-0.0132143366931509 0.0192365200689943 -0.150068849198314 -0.0450929634786629
-0.009406202572353 0.0267731631147114 -0.118637844540083 -0.155831689928973
0.0102766065534798 0.00838170512566425 -0.28669650602529 -0.166716875611987
0.0195415968443303 0.0124790144872398 -0.531262504397689 -0.118506223058567
-0.160215121451954 -0.105543070520165 0.00834773669580576 -0.404419216095276
-0.136485936313629 -0.132347981932781 -0.0211212599719723 -0.316244425270157
-0.148493177010693 -0.130799360502169 0.0471352961752444 -0.201438473331341
-0.08948573174959 -0.177570709033069 0.141254372544997 -0.0688404395429742
-0.00794118707059159 -0.195105879874681 0.225946639084321 0.0704660887424472
0.0753978237926054 -0.188293892365891 0.0813400868636849 0.20321399866627
0.181043329508445 -0.173758432245253 -0.20797056893648 0.298146469663815
0.20594457125476 -0.135233875324618 -0.396719540198304 0.314960933172552
0.201818151227666 -0.109380221029778 -0.46391580819841 0.241835422684652
0.15114245296378 -0.0783674673050987 -0.353101851937525 0.162339604201607
0.102002784255353 -0.0822933101760222 -0.248095852679842 0.075134017732098
0.0661265721178131 -0.0989089711954721 -0.170857067199803 -0.0435017749988615
0.0198592564826871 -0.098336019245542 -0.146491112361541 -0.16514431847082
-0.00772897579152092 -0.142491296580041 -0.320967299974298 -0.161631397368197
-0.0657193463465831 -0.126112307641705 -0.551565442454635 -0.0958492701470281
-0.298534115496267 -0.184050618143153 0.105043563372549 -0.347736116807873
-0.255841370529101 -0.223474717253375 0.0591404587227386 -0.277483049979395
-0.259602519116905 -0.259472365572779 0.0935824106363471 -0.162980289402625
-0.149943286986829 -0.352754499335462 0.154482783605471 -0.0437972625613254
-0.00645935625624047 -0.381045393782544 0.214336439207822 0.0592447811242288
0.133881855670933 -0.359954684992058 0.0941201177900359 0.156840280497098
0.301721314628756 -0.310884896655431 -0.14334353486154 0.203787663238772
0.352021244842312 -0.245328975985827 -0.294768724265354 0.237464901221842
0.341283054316447 -0.21672613484657 -0.378806740084084 0.207886911420631
0.267472013306883 -0.198640722272384 -0.322415143064055 0.161443304899174
0.193450495521333 -0.236478438753494 -0.273040616646827 0.0963140160546708
0.116919487481574 -0.260307722004181 -0.212583888292304 -0.0312272988652997
0.0157785398816694 -0.24072522871833 -0.202307394818762 -0.145359582767094
-0.0558076895559796 -0.284622330797699 -0.36922307279203 -0.10968714749685
-0.155841235100085 -0.244006467007444 -0.547869661381943 -0.019334631650378
-0.373315325910959 -0.24305526133481 0.231034137385669 -0.261894389482877
-0.305547446838105 -0.309423733728073 0.170561761915949 -0.211828838506246
-0.286012184189974 -0.372535375712493 0.155545129751893 -0.105886102169812
-0.136250812407177 -0.490239658689687 0.175593503423444 -0.0168101822831926
0.0405052093689425 -0.506539672709597 0.207600765868444 0.0268932579337016
0.203999520424654 -0.460867727924154 0.121214159331906 0.0707852057588545
0.387846268022277 -0.387723726942525 -0.0380183574174681 0.071803291692316
0.445992041797257 -0.3204869339237 -0.145060469077315 0.124160680855572
0.428089359807676 -0.321692286131982 -0.247970544564412 0.140426573642463
0.329406555994141 -0.338805487826282 -0.262020886489154 0.133104172798903
0.221193281954805 -0.416752244425366 -0.286273915508355 0.109105508897804
0.0959097789476015 -0.43687698252928 -0.258913797369989 0.00193175886781295
-0.0488318195743833 -0.368205970521251 -0.254776247817538 -0.0791344401510828
-0.141930394390904 -0.386695044522534 -0.396870508546996 -0.00613231875571866
-0.246849210946099 -0.319600687115056 -0.509283903816314 0.0975172917256069
-0.373197748213279 -0.271277025878587 0.357721308453182 -0.155137485161619
-0.27822295908382 -0.362289190364031 0.27854355506292 -0.113041486908342
-0.219755689480338 -0.434503754210406 0.202993754322582 -0.0216428253149571
-0.0440589764282538 -0.537071563033002 0.193655394500044 0.0186784816308824
0.121557199930982 -0.522145048195236 0.20916397881573 -0.0114631465598009
0.264232267008265 -0.457268490065936 0.169693296720508 -0.0265900016703752
0.425693150389297 -0.387521392201628 0.0969387397512425 -0.0622906081647026
0.475843495243406 -0.344113307118863 0.0299385210697188 -0.0121136169101072
0.443554877812009 -0.392369505472393 -0.0961508378710928 0.0281305882817293
0.315368645147341 -0.443092160072589 -0.188313685640037 0.0548614805210609
0.168916425787143 -0.541079614064364 -0.283053144337561 0.0942493949680921
0.0031759588042174 -0.538722963295007 -0.282785094189071 0.0471293629560647
-0.151201481718082 -0.421077962589706 -0.26593241790369 0.0239256129482638
-0.236703133564603 -0.414780668102166 -0.366627378341306 0.125699489953638
-0.312477665048946 -0.336327226259936 -0.424849758685292 0.230809601521457
-0.31121942200239 -0.259192028195279 0.458252329287604 -0.0365941539115013
-0.193797971736189 -0.350967618635255 0.344873465350773 0.00246162666079323
-0.100241956147499 -0.399537876794561 0.207785612321179 0.0713860189707413
0.0658564640026835 -0.462976077324167 0.193570423558584 0.0583748919304332
0.185323147261339 -0.416250037906376 0.218600326425166 -0.037008803220865
0.279121777792085 -0.355153796443698 0.234653568017565 -0.0967367577545846
0.398845639832779 -0.317450658068879 0.240438039096381 -0.166908577100508
0.434433064175657 -0.315907588862296 0.202678436202859 -0.148781990473658
0.384658099882215 -0.392262062096044 0.0456391940844055 -0.110720818143599
0.238021060802888 -0.455331674633907 -0.127397811516954 -0.0554320587042891
0.0753086954639084 -0.537069741446268 -0.274815104833884 0.0516811976036064
-0.0898960467920425 -0.509576865971845 -0.27594927394719 0.0844384065507892
-0.22050226210264 -0.375206233221308 -0.225113621950118 0.123442325361823
-0.284878416120841 -0.360511802903716 -0.278542708036792 0.240597503200739
-0.32542509091131 -0.298464408912344 -0.306597722149464 0.352038437546266
-0.215722356906938 -0.192207051176972 0.52077608070707 0.0686738816257002
-0.105794799907653 -0.266580287504639 0.359549976745677 0.102434819244275
-0.00642260297301861 -0.281957642060859 0.173114429347918 0.140767723745277
0.114675992465401 -0.306368954768307 0.175331874480724 0.087236989939524
0.177666237463747 -0.250734944434086 0.224032656328861 -0.0440485313454749
0.228214615222072 -0.21098375595508 0.296939940173479 -0.123872898612775
0.306625358338306 -0.211496390892779 0.364272995619452 -0.224785045438769
0.325357139916604 -0.238607351650131 0.34584398516333 -0.264278842109593
0.275557831510521 -0.314659700821458 0.152555203078025 -0.243997474263436
0.140846416773294 -0.363288940229967 -0.0915607327951262 -0.161969626683546
0.00340421483073354 -0.413810456320821 -0.269053420565298 0.00102153879485942
-0.122229621261391 -0.378393755678585 -0.24719298226494 0.103062510680505
-0.210916226981804 -0.264901367511105 -0.155879692937909 0.189753848613334
-0.25422078998973 -0.256594479538482 -0.165545641286952 0.309692041201681
-0.269553134042677 -0.217227746417183 -0.177222071674599 0.438648676078596
-0.111611154179239 -0.0792675262165674 0.547274830807571 0.133034017044413
-0.0470774167598953 -0.135865043197515 0.346829666571334 0.161722439173316
0.0218593528588334 -0.136581369362762 0.135013819172715 0.169987823851185
0.0799706056462361 -0.151216890806658 0.159177254515321 0.0944463350951278
0.0997199766119342 -0.104186241335287 0.226655839220525 -0.0434257040385215
0.124227704246029 -0.0843347728651759 0.337781926893852 -0.123167051101302
0.159881654820208 -0.100351440461927 0.448396618817018 -0.244795396828966
0.171185872168499 -0.129006265966602 0.435586762269584 -0.34325178022029
0.140613793423722 -0.172502825140324 0.213398292673492 -0.343035547052167
0.058419602103494 -0.196703918374741 -0.0784441654944091 -0.235619994375209
-0.0183233423906269 -0.225278467798054 -0.265664670415194 -0.0409205664003969
-0.0773123247630808 -0.207594210743482 -0.216567921226408 0.102882905115768
-0.121711915725406 -0.137097449078767 -0.0909314070055412 0.218848942106796
-0.149486304501406 -0.136599019293138 -0.0663862880310738 0.333115505717896
-0.151462134244333 -0.11756178458111 -0.0713383994289786 0.482692172937871
0.0174757668238275 -0.0138270587013498 -0.037757867193489 -0.437055032934775
0.0209441636335238 -0.0383573458064955 -0.0496524211717658 -0.338093872129238
0.00642570084530524 -0.00200076672758229 0.0285468541634438 -0.229359096041308
0.0108849659084494 0.00679236912061167 0.143571374626105 -0.099468456451519
0.0140385314678264 0.0115476141714415 0.234050628366194 0.0559949838035818
0.0237041714091744 0.0148525635518638 0.0751232534845009 0.20290696742825
0.0426064136406118 -0.0038277711681257 -0.225731407094935 0.336272643589079
0.0312717533556194 -0.00609413231689675 -0.427821428755195 0.341658394586908
0.0321284850378944 -0.00474232846101059 -0.48665880136016 0.253680777293052
0.0175133244072172 0.0126020172081619 -0.357803866818696 0.160174318755041
-0.00543480794117134 0.0289289261362675 -0.226555973712004 0.0626553886144063
-0.0126641918255487 0.0196221425858062 -0.148836967153246 -0.0441671575272426
-0.00900855829113435 0.0267178230304372 -0.11864613152824 -0.154713821196806
0.010161722014814 0.00836301293760782 -0.284428491534756 -0.164954827425435
0.0201650638582039 0.0117991489811229 -0.528119488596728 -0.115914269093636
-0.159233305656735 -0.104520315312497 0.00784533705021079 -0.403262936208682
-0.136570016623645 -0.131801852011975 -0.0221443584482173 -0.315380342083452
-0.147475296342384 -0.130015652639016 0.0464875755362265 -0.200409958687835
-0.0889936574336737 -0.176960748511438 0.140653368733059 -0.0686266429720664
-0.0083351969885874 -0.194512485828935 0.22430383662755 0.0692806827150661
0.074625357767692 -0.18685207483042 0.0800350374145085 0.201873945283605
0.179696800050227 -0.172875538593335 -0.20735699816288 0.297814556541828
0.205325553243642 -0.135627585730326 -0.3927720499188 0.312929049687569
0.201125600170478 -0.108545863071511 -0.460501211269774 0.240304470250406
0.150447302074157 -0.0780792605910023 -0.35091017342083 0.161150404111976
0.102354039600617 -0.08145339939032 -0.246317499087824 0.0738058002401175
0.0652471533287405 -0.0981751448094293 -0.169667252711269 -0.0430968396522808
0.01993107167361 -0.0982402752116963 -0.146678743788445 -0.164253622185053
-0.00787927549266302 -0.142003692694375 -0.319097717546482 -0.158876040767094
-0.0648426809901404 -0.125182138450218 -0.547854746826291 -0.0939735411273041
-0.297115393546104 -0.182009857998379 0.103436004434695 -0.347215144943425
-0.255533558332093 -0.222339876276929 0.0575172492980059 -0.276983441929398
-0.257633246275222 -0.257244537722714 0.0922696703042308 -0.162699749168273
-0.150034993546202 -0.349866385532434 0.153608398424835 -0.0434506313080861
-0.0071230652697664 -0.379715770616801 0.212061640187599 0.0591305615762843
0.1326632943504 -0.357222357713157 0.093080507344959 0.155154871152561
0.299532190079527 -0.31119409810499 -0.143502628951303 0.202513485396355
0.350697488391643 -0.245168575245236 -0.292938023335274 0.23621978315552
0.340691679326089 -0.216985519022151 -0.376058804656479 0.207897860019924
0.26597290926361 -0.197616048782224 -0.3188848494873 0.159930445139733
0.191935506297874 -0.234893159719699 -0.271458238610194 0.0958776458793617
0.115367294035537 -0.258265116137657 -0.212431120042804 -0.0302306412284684
0.0163553354156735 -0.239336202409879 -0.20193674015086 -0.14423578370035
-0.0555641368428651 -0.282640590460405 -0.367750498190762 -0.10699985568137
-0.154863507573039 -0.242140306434667 -0.545009835350164 -0.0170709623001191
-0.370643859579451 -0.24096217701252 0.229254219765399 -0.26192459371672
-0.304311487965171 -0.306699399733159 0.169409780396373 -0.211977192575032
-0.285994728462415 -0.370951390572371 0.154540031474823 -0.104901232556652
-0.135296199199924 -0.487383721233441 0.174697066059751 -0.0172035481848319
0.0392709893356645 -0.503931301455025 0.205874795853989 0.0261183613514229
0.203120535825897 -0.458195190840485 0.119427196762625 0.0699163699819988
0.386814063085185 -0.385614391319987 -0.0385523137369942 0.0706128376568845
0.444889114119668 -0.318812465025969 -0.144120554132531 0.123029070320645
0.42543812836833 -0.320651319123312 -0.245927195753462 0.14002507503838
0.32699656246053 -0.336452581672556 -0.259551880315244 0.132052713816952
0.220338793139772 -0.414015201980508 -0.284194544008503 0.109526200201966
0.095104171525315 -0.433556318550827 -0.257660806142191 0.0024205292076394
-0.049101217065164 -0.368156944534925 -0.254308198632145 -0.0771924882141816
-0.142188672767606 -0.383653750192102 -0.393685493824696 -0.00451251325911217
-0.245025252287484 -0.317017601121862 -0.506507406398501 0.0992990138960788
-0.370115123640126 -0.270139971959135 0.354713000754314 -0.154491978514892
-0.275791241964924 -0.360174218549156 0.275731271995516 -0.11371080397794
-0.216992802973809 -0.430624635502689 0.201322570844788 -0.0222334326919918
-0.0453027235323744 -0.534655482019777 0.193176377635202 0.0187453590954857
0.12041587492543 -0.519270768198878 0.207247999817122 -0.0119759588645427
0.263335834564199 -0.454745235159043 0.16800310589181 -0.0266931749838992
0.423503569087419 -0.384644942860724 0.096237113616231 -0.0632574457351812
0.473486049467389 -0.343660982575774 0.0296633044595019 -0.0121646473693288
0.438121242425044 -0.388897740779107 -0.0946289578164636 0.0288610747655919
0.312032251643495 -0.440463371626761 -0.186252690246888 0.0545969698221796
0.167673840851342 -0.536134230085182 -0.281293279873085 0.0945071210467761
0.00311600771691863 -0.535641720239434 -0.281608876486071 0.0471445383170759
-0.149771989073205 -0.419719912753078 -0.265884694545146 0.0245464585043835
-0.236411317181214 -0.411450005230919 -0.36378491736656 0.126499496235844
-0.310331104711577 -0.33416954363596 -0.422244648901863 0.231525973797538
-0.309753934544925 -0.256423541629203 0.455615173919112 -0.0371920957145302
-0.193332289542824 -0.347602627339637 0.342705724465878 0.000682433762002381
-0.100083865229186 -0.397830258557932 0.206612239114562 0.0712290661520706
0.0638913226715903 -0.459792232884707 0.193189918607826 0.0576773427292781
0.184005466515327 -0.415387341920737 0.216347516126203 -0.0368723200226115
0.278918932898746 -0.351782261188176 0.232990899047788 -0.0968985587416925
0.396096117794162 -0.315661143391053 0.237996444049063 -0.167228181155481
0.431371691863349 -0.315973237300203 0.201301543461521 -0.148295529579146
0.38260692415427 -0.391464689900226 0.045292933738022 -0.110092899544055
0.236571879765667 -0.451497434885464 -0.125576470326787 -0.0560846101260676
0.0748766509407067 -0.534891370819128 -0.273688294723775 0.0517750391560349
-0.091380402880074 -0.506403693382796 -0.274337906132372 0.084522977120143
-0.21952884668808 -0.3751460777872 -0.224585155778337 0.123680213444294
-0.284099747338714 -0.359050884035164 -0.275839505210981 0.241014338103746
-0.322723575624096 -0.295355935752759 -0.302384922230081 0.351144463682529
-0.214552499831458 -0.19102325431221 0.517104886061221 0.065337799034665
-0.105245700914691 -0.264908589892217 0.356121226764649 0.100978535262845
-0.00581993195340763 -0.280868697092512 0.172164014295117 0.14017127216224
0.113046029703823 -0.304964617553566 0.175138103246092 0.085424833796142
0.176473830274128 -0.248889884960321 0.222491829267157 -0.0437289021093561
0.226829614958797 -0.209060927479028 0.295533509917809 -0.12360324044841
0.303431126933376 -0.210435432261471 0.362479363551276 -0.22472900785239
0.323561702809879 -0.239863303013194 0.343184566001705 -0.264140657321939
0.273447993453069 -0.312465886148651 0.151742331822845 -0.243170757238082
0.139964891892283 -0.359962679395864 -0.0904840827823032 -0.161503038979678
0.00337498277616718 -0.412192839995966 -0.267088019533626 0.000845550152186714
-0.12262566964758 -0.376558744487985 -0.246908086054163 0.10326118212602
-0.209771657034195 -0.263735687757041 -0.155119794946912 0.189496157667779
-0.253849407955996 -0.254304534848178 -0.163529114448904 0.309656034393449
-0.267418803908944 -0.216198834554373 -0.175230204780995 0.437730836749483
-0.110678181015311 -0.0791002449980316 0.543804337941214 0.130249300348691
-0.0467668182537397 -0.134427450557265 0.345492651852886 0.161131843541348
0.0211971742504093 -0.135664512010749 0.13483726117807 0.169651299523847
0.0786811951827511 -0.150816908782461 0.158847123753632 0.0931215062213521
0.0996442760752958 -0.103889133675456 0.225029631464374 -0.0441028657314764
0.123386504384505 -0.0843032769000292 0.335136291418891 -0.122020054382447
0.158476353466899 -0.100257554449478 0.444930824356477 -0.24243094828533
0.169721331684146 -0.128780277047456 0.432465420591684 -0.343063162347857
0.139019212962996 -0.171485480637915 0.212093252444631 -0.340681774365399
0.0579701694067874 -0.195158736557911 -0.0771544511282124 -0.234745866846404
-0.0183378967887001 -0.224251594132567 -0.26406251695249 -0.0404978861172389
-0.0771324873032129 -0.20670983442107 -0.215996292553435 0.102600686854751
-0.120517526835913 -0.136548125519132 -0.0907614839077859 0.21776302328316
-0.148969192958587 -0.135580352580789 -0.0658541531340699 0.332864733208137
-0.150156904979657 -0.116921997780748 -0.0690272920944515 0.481572063814313
0.0175245181591755 -0.0130886598741062 -0.0369220714801056 -0.436822700566879
0.0205393690280197 -0.0387854615494747 -0.0499230845288398 -0.337220358618629
0.00659609193462042 -0.00197029149027085 0.0280827244933471 -0.228976629068915
0.0113353720486606 0.00657906279672284 0.143104989647872 -0.0994350301830479
0.0141199995173361 0.0115155923110776 0.232485886502841 0.0554086412513585
0.0233456881000655 0.014504880743299 0.0741643372899421 0.201953444581863
0.0428655293387978 -0.00436191575129671 -0.225459511550722 0.334497356906358
0.0312164488411666 -0.00661151646811431 -0.426371760408797 0.338988733025891
0.0325277112146269 -0.0048685863915448 -0.484201498320558 0.251519412178265
0.0175386281435962 0.0120175213400735 -0.355703647813185 0.159346978289898
-0.00488699950652126 0.0290540444585636 -0.225770174627223 0.0619080906277603
-0.012900612799396 0.0195625565794997 -0.148746259588715 -0.0432980133047514
-0.00861648276626261 0.0261192894211832 -0.118660664830183 -0.153765220855364
0.0102442033690914 0.00790934487572355 -0.283580649178833 -0.162528410293295
0.0203166681195974 0.0117304470334025 -0.525447427418355 -0.115088290448961
-0.158010622804847 -0.103528148356311 0.00669255106666423 -0.403823418519814
-0.136164059471888 -0.131744400884544 -0.022967078702454 -0.314887124666588
-0.146535305852465 -0.129897411218113 0.0453989478058039 -0.200193356520326
-0.0889766437060507 -0.176189045712552 0.140584418960681 -0.0682757053180181
-0.00819773793602536 -0.19353681296133 0.222595470835476 0.0689656962133973
0.0738861448491944 -0.186391075122547 0.0790954042140615 0.200960049887996
0.179459823527482 -0.172766879008312 -0.206960930274897 0.296441825427064
0.204151570414128 -0.135821760995906 -0.391481645842298 0.310684751111651
0.199575632684821 -0.108282857940418 -0.457930906438064 0.240048495920618
0.150160743662292 -0.0783332686180427 -0.349066061706102 0.160353682265291
0.102185140332262 -0.0807613505963685 -0.245491767370284 0.0740589223831896
0.0648504674451084 -0.0972854755150196 -0.168734927408468 -0.0429568019944856
0.0201827695948167 -0.0978040045411917 -0.146605046611891 -0.162594661939359
-0.00759992154974925 -0.141621067844573 -0.318168116681736 -0.156630943960228
-0.0639974300834989 -0.124681214657654 -0.543550576039692 -0.091094872574335
-0.295342111216935 -0.180797172937421 0.102501375328713 -0.347592931764628
-0.254043824098276 -0.221393447440824 0.056593213589674 -0.276762762792781
-0.256332117798755 -0.255878091185227 0.0914479069286556 -0.161952809591652
-0.149771150699442 -0.349794214598933 0.152716187270746 -0.0427130045566227
-0.00781604708876759 -0.377317337609686 0.210351367256368 0.0581220966805079
0.131592977008781 -0.357615090052693 0.0912917015716697 0.155060386316017
0.297419782330755 -0.309762680260483 -0.143232373818485 0.201756020607877
0.3485204156521 -0.244954801968551 -0.291835290384885 0.23513616247165
0.338346339552512 -0.215822011115905 -0.373668761113536 0.206702237546566
0.264532667694769 -0.195904048366199 -0.316394634538996 0.159142725126598
0.191282905550204 -0.233286112933633 -0.269679696967456 0.0958039012151319
0.114943833082848 -0.256118199507212 -0.211605714960013 -0.0298181892452814
0.0161229983244637 -0.238893834239976 -0.202560413555688 -0.142942208692884
-0.0545282025625341 -0.281787525888613 -0.366330267380077 -0.105752257836491
-0.153694873795774 -0.241105167620072 -0.54160811344831 -0.0166840349895965
-0.3695922052687 -0.239504991281349 0.228203616578418 -0.262421753963268
-0.303387125079595 -0.306110892335534 0.167630472694997 -0.211711073010408
-0.281740744054533 -0.368726848881008 0.153002168835531 -0.1058316629423
-0.135134206078687 -0.486518667636582 0.173809666442628 -0.0171011622227901
0.0391503974697285 -0.502362470582342 0.203746701201338 0.0259177099856943
0.200700471767918 -0.456466586171012 0.11864748895741 0.0698098268536711
0.385287609236109 -0.384713799365544 -0.0390823675847871 0.0695451727628168
0.442704597174622 -0.320266155880364 -0.143764517529867 0.122291116605028
0.422681431225527 -0.318436477676401 -0.244420137214776 0.13941225534243
0.326943234632077 -0.333757539776935 -0.257570938154316 0.130755418923589
0.219607422861659 -0.4124217368549 -0.282694828625772 0.109191693710537
0.0942892152781713 -0.431278735450283 -0.256851067498846 0.00225539804278341
-0.0471019636731309 -0.366488259328224 -0.254699676762884 -0.0768635332450047
-0.140790363995819 -0.38339442041065 -0.392395164049169 -0.00319247571890104
-0.243419999614114 -0.31395284398135 -0.50346628385155 0.100311025894314
-0.369189645582317 -0.268598969665222 0.352646130183976 -0.156091118306471
-0.276073894158445 -0.358413663463263 0.274479177941829 -0.114773734836415
-0.217627613640097 -0.429403952703115 0.200131832491968 -0.0222818563588675
-0.0451059986067683 -0.532941633767205 0.192363647139531 0.0182724161907577
0.120301700109806 -0.516764412109724 0.205371421601231 -0.0117128746014735
0.261900059545212 -0.451453837367883 0.166970294714206 -0.0261060474585258
0.421623580004256 -0.382985473372182 0.0953271855192018 -0.0642059319298314
0.472061033314709 -0.344081284931491 0.0290754832496544 -0.0126911221345774
0.437639998110776 -0.387163840490305 -0.093654190793394 0.028441027996504
0.311822913442833 -0.438870328756327 -0.184570232440746 0.0539957750076151
0.166554726810095 -0.535015432877852 -0.279497869206264 0.0946284854783822
0.00184434315198286 -0.532851508214922 -0.281200112440542 0.0473229474354405
-0.148171431900618 -0.418189698410322 -0.265283202349223 0.0249037990499424
-0.236254455198098 -0.410438171254375 -0.362193643389918 0.127792466455882
-0.308444159461514 -0.331806951746714 -0.419937180593647 0.231635049829415
-0.308670008660366 -0.255583919300231 0.453336941692511 -0.0389626509184076
-0.193983372442886 -0.346749664638888 0.339396343259417 -0.000370384622489971
-0.0992991547866563 -0.396677127358389 0.205622689289454 0.0707930839783904
0.0650339496784192 -0.459041606444378 0.192659958388519 0.056919496501638
0.183013662322508 -0.413125136755208 0.214639504883674 -0.0371738380034957
0.276303835921761 -0.350707032284357 0.231801160462831 -0.0960668585234467
0.39469369130019 -0.314973256344527 0.236039010244157 -0.167084742027176
0.429299387738406 -0.315092349588714 0.200111537959097 -0.148167940801215
0.380910017309924 -0.388955843697167 0.046136095020791 -0.109210090118421
0.236472798777012 -0.449469337451381 -0.124219623728717 -0.0561161142934166
0.0743585044772032 -0.532355071895891 -0.271646212855914 0.0519727526243838
-0.0913771149542303 -0.50417143209693 -0.273580462457953 0.084420108384231
-0.218168030001815 -0.373774952618315 -0.22438024955586 0.123593690374112
-0.283588753617579 -0.358559619334926 -0.27475747989208 0.24107805619924
-0.321863873769999 -0.29440383035774 -0.302219419101225 0.350913576258144
-0.213484372507897 -0.190627122421418 0.514597110874984 0.0647843562477382
-0.104544253189404 -0.263097854701094 0.356004152461746 0.0984672117360217
-0.00603874045013673 -0.279439849428451 0.171478865747857 0.140214664396083
0.112068818429579 -0.304288460035191 0.175569292366616 0.0849067385780389
0.176366508341131 -0.248612646153653 0.2208709390751 -0.0441135199141272
0.226364326510682 -0.208095521453185 0.293907980248133 -0.12147639759566
0.302131907654853 -0.209326867039329 0.360120611991718 -0.224507486064711
0.323018497251056 -0.238818363407213 0.341673366984776 -0.263857449115027
0.273260160644158 -0.311092592421272 0.151724160595089 -0.24252261094929
0.139662636542633 -0.358821990602451 -0.0893034690424298 -0.161583961163965
0.00302063070838751 -0.410561033201243 -0.265637340740406 0.0013247094064989
-0.122297220764743 -0.373502035510256 -0.245988946528819 0.102709019091016
-0.208552337854091 -0.263500140243992 -0.155323551582541 0.188546137752431
-0.25347188421452 -0.253244056889067 -0.162198938423102 0.309611686325714
-0.266315478575759 -0.215428773044432 -0.173112264908535 0.436851248841865
-0.110004994943846 -0.0788057861733653 0.54125165237951 0.129018801807109
-0.0468403571544598 -0.133427840102149 0.343173638295001 0.159044451003498
0.0211912477605729 -0.135309956868381 0.134615831612137 0.169535159472848
0.0775228277479928 -0.150270606931653 0.159005432163138 0.0925378645809947
0.0994167155237889 -0.103558459490519 0.223454418613355 -0.0434641891979963
0.123131269715896 -0.0839566807386278 0.333687868073571 -0.120211633146672
0.157607280531239 -0.100491022990473 0.442033164674652 -0.242167958613119
0.168852820719752 -0.128892717835644 0.42987627287348 -0.342018352354027
0.138659274575993 -0.170792683972141 0.213464839125445 -0.340778859063682
0.0574532811626203 -0.194461077465266 -0.0759640860146334 -0.234291816607783
-0.0188190101810658 -0.223582781603966 -0.262552940775353 -0.0401647384778986
-0.0772197674674881 -0.205891033552985 -0.215488846173543 0.102808119285279
-0.12018351735303 -0.136435769403242 -0.0904484973619482 0.216856262713871
-0.148959946845659 -0.13477193544606 -0.0648962029715763 0.33214133932824
-0.149119871441361 -0.116547881245767 -0.0679723481428354 0.480500604065488
0.0180694260037383 -0.0128987067257812 -0.0365109783287857 -0.437017556820352
0.0202337573045179 -0.0391062390439367 -0.0507492014802936 -0.33666579943688
0.00720250970851856 -0.00184371752615383 0.027906638351142 -0.228874632069649
0.0110273452699681 0.00687592514780335 0.143030972412538 -0.099182393164678
0.013621534054725 0.0115555478807205 0.231706790633033 0.0545920831261308
0.0234388177020244 0.0142734915518266 0.0721675566552129 0.201804985832335
0.0424532614877117 -0.00471688945768769 -0.224455352669148 0.33476216823333
0.0308121529741471 -0.00712290386889534 -0.424833137053838 0.336314246232334
0.0319537601755133 -0.0056392435688494 -0.480919148562155 0.251225826927425
0.0176912993804506 0.0117610211641178 -0.354357375896139 0.158687727787354
-0.00422940545454939 0.0290621073079955 -0.225285477636959 0.0616303758001391
-0.0129316148370147 0.0197167671568632 -0.148352628596934 -0.0432187836704965
-0.00814064766270177 0.0262537475394475 -0.119068139019646 -0.153982038077279
0.0100163018569759 0.00787598063924615 -0.282435076549222 -0.161109394606007
0.02070242588382 0.0119238083465795 -0.523683675849536 -0.114851164435752
-0.157490515410662 -0.102767543880889 0.00743455080143416 -0.403369093258966
-0.135586364983983 -0.132099928272948 -0.0237545109995997 -0.314952964855976
-0.146006372859477 -0.129178470913249 0.0450291064681888 -0.200171605071814
-0.0882816910916003 -0.175748606458217 0.139516856181162 -0.0684203080996233
-0.00861663580422075 -0.192953378353665 0.221609850298322 0.0682069904217904
0.0742860085630873 -0.186052080812941 0.0778442931967108 0.200920708312208
0.178770562733563 -0.172872908471937 -0.207240707111192 0.295619893752919
0.203393227930051 -0.13609325765606 -0.39018259530867 0.310769651657368
0.199084157165258 -0.108068593032636 -0.45510615225582 0.239068113426962
0.150186827710468 -0.0776086798718372 -0.346354759255022 0.157885839796954
0.102015044764641 -0.080234817774465 -0.244679333346436 0.0734681546474535
0.0646017828633076 -0.0963811590175544 -0.168640917768463 -0.0421128114487402
0.0206606121384114 -0.0978948410413796 -0.147036852619845 -0.162431304897503
-0.00729385946643466 -0.141511837948927 -0.316686107329777 -0.155788203531225
-0.0634988004104387 -0.124334839509077 -0.541846374671674 -0.0907891823151361
-0.294834688485289 -0.179744589402779 0.102403474791795 -0.348043835555126
-0.253407136788789 -0.22160585513926 0.0557188539054076 -0.277291209026495
-0.255798366311483 -0.255165461828845 0.09120003749481 -0.162616063514246
-0.150125473751275 -0.348307675591286 0.152469464732352 -0.0431629788752559
-0.0062205973963947 -0.376676464070359 0.208780911705497 0.0578550121171347
0.131796421367453 -0.356013329487642 0.0895737228229412 0.154647687434862
0.298333156684923 -0.309077828050156 -0.144513678063 0.200207442205108
0.347728894936046 -0.245633271439071 -0.290880277745044 0.234361970330438
0.337864553705911 -0.214853871573782 -0.371707821161642 0.206702527589414
0.26393811571851 -0.194972588527709 -0.315243271174236 0.15813636988428
0.191270682059922 -0.232289101544993 -0.268621310539089 0.0954519949243846
0.114121028000705 -0.255301650109023 -0.210861126645991 -0.0299683291961502
0.0166519061235601 -0.238731248997677 -0.202409762431373 -0.14274437851256
-0.0544034308933492 -0.281474565939384 -0.364442909353181 -0.104436076895497
-0.152872717231567 -0.240775103180121 -0.540115388516506 -0.0142886627134436
-0.368179026010824 -0.238983931408314 0.227432295865552 -0.263000141432088
-0.302394255681651 -0.305765451852731 0.165440712922675 -0.212881096969544
-0.281192997248815 -0.368987387068735 0.15191867717071 -0.105448745715638
-0.135325784729021 -0.484590643644796 0.173248140133558 -0.0171057223603577
0.0397119777528842 -0.5013106577134 0.202089093981254 0.0263649653528961
0.200802740526458 -0.454378752889503 0.117501633152515 0.0691421984476966
0.383969098882847 -0.38309576251877 -0.0402130950508732 0.068235975496567
0.441482152936544 -0.318018303098345 -0.143641820557451 0.121517612700378
0.42298249288338 -0.316640850987774 -0.243123219041656 0.139595906480005
0.325654116153634 -0.332778411409376 -0.25614601933663 0.129959492044806
0.219208818849814 -0.410095141030696 -0.281590180506872 0.109156684833379
0.0941821969829775 -0.430212698157708 -0.256720804939157 0.00274795619065649
-0.0472751186467756 -0.366116856597184 -0.254155996656317 -0.0762618342554661
-0.139700307520718 -0.38153631159065 -0.390551113650564 -0.00145207396659725
-0.242133186827745 -0.31365058877814 -0.501526152542394 0.100025210332775
-0.368223430982329 -0.268740468000446 0.35212799217561 -0.157552995391634
-0.275790657299642 -0.358616704764463 0.273258391092335 -0.115130610498405
-0.215424640915566 -0.429080621388224 0.198582637600493 -0.0221002672778284
-0.0445442118630395 -0.532620481594102 0.191966760270184 0.0173193352932851
0.121236112973318 -0.516620220178597 0.203805925692601 -0.0114920744116504
0.261041340801155 -0.450584160093693 0.165705032046241 -0.0259033613147122
0.4216732525491 -0.381023355374289 0.0944674250298517 -0.0650565251008215
0.470116211795611 -0.343417712571046 0.0287426653693958 -0.0130249456826761
0.436693990238252 -0.385167217497816 -0.0929531333142864 0.0289501842282052
0.311427422349431 -0.436050009363382 -0.183375423888595 0.0531129455981125
0.166604123560146 -0.534678617973004 -0.279005139829954 0.094992902486249
0.00232833649587749 -0.530331409249665 -0.280865919186139 0.0468523132593299
-0.146835999078076 -0.41850164774552 -0.265839994032333 0.0255786514749104
-0.233412240065536 -0.408829372408415 -0.360783317936738 0.127732781975459
-0.306608816086755 -0.330928617709589 -0.418256134047321 0.232924878591947
-0.306909264852252 -0.255089550487794 0.45280799854383 -0.039553975235225
-0.191604871982433 -0.345326738818713 0.338393372597442 -0.00131284100307512
-0.0984118324166455 -0.395066296386696 0.204601214483807 0.0710094193394891
0.0630225787417901 -0.45980118039689 0.19238010877745 0.0576167134149744
0.184125358039169 -0.413261249100443 0.212800069604348 -0.036965208833981
0.27680199399319 -0.349398723154757 0.230930135259845 -0.0951729974978044
0.393948802072132 -0.31404887712639 0.235547916615285 -0.167319563225167
0.427286303145677 -0.315571929513495 0.199945096302757 -0.148290773557401
0.379196375432633 -0.387420204384447 0.0466261044961483 -0.108836030437086
0.234574284333458 -0.447491535110697 -0.122607080742481 -0.0564424799346369
0.0737902160989454 -0.532428369451123 -0.270057957645026 0.0518271222903608
-0.0906843448931636 -0.502833623806427 -0.273786565542174 0.0844027622353699
-0.217178832931712 -0.372762092446065 -0.224589719762015 0.123513751292031
-0.282452053301202 -0.355380537670242 -0.273267900155862 0.242016629172396
-0.318653162280859 -0.293275227622789 -0.298880885717727 0.351138447923623
-0.212412989847568 -0.18988592519448 0.512899854433577 0.0636642849246093
-0.105020805477474 -0.262528073227359 0.353363398663658 0.0977946222568038
-0.00597911000974834 -0.279023978668591 0.170718194443737 0.140533001385292
0.110957204043229 -0.303997435888878 0.175782507996352 0.0841647478865412
0.17623530732513 -0.246884614327247 0.22022780673909 -0.0439921775614912
0.225966404712659 -0.207185311528523 0.293475830634651 -0.120927471760447
0.299779703669848 -0.208582216687665 0.358205253375302 -0.223028980199112
0.322247006721884 -0.23892518638134 0.340284874374598 -0.262682417464676
0.272199378181308 -0.309916462752024 0.152014158358714 -0.242038166589614
0.139610465559971 -0.356737529461471 -0.0879935585258111 -0.161806242154794
0.00382615510738389 -0.410401259546462 -0.263975754069555 0.00110111537417725
-0.122811754714943 -0.374330969834185 -0.246182227450399 0.102538951576656
-0.208056228340516 -0.263211382228965 -0.155208453604695 0.188741202227778
-0.252032648840496 -0.252053493651174 -0.161303479189227 0.309587247700438
-0.264341697120993 -0.213920492764072 -0.17155114433573 0.43656895176967
-0.109716593424422 -0.0791947538741038 0.538915445942233 0.127623962410109
-0.0462342610128826 -0.132823399974784 0.340874734203938 0.157573808698869
0.021458026929833 -0.135071602486467 0.134487678059404 0.16971999379981
0.0765597696298742 -0.150302783807157 0.159365968767409 0.0917538885443987
0.0995151487473742 -0.103018216775182 0.22264139439279 -0.043525838917207
0.123471264163018 -0.083353883181346 0.332529798303778 -0.119169657726443
0.157087332541945 -0.100309976733837 0.439537371065758 -0.241635696233803
0.168607131858369 -0.128262844002251 0.428624592794163 -0.341540707338374
0.138648817649918 -0.17043322169174 0.211717452798309 -0.339343210533396
0.0573376033332017 -0.194153162896754 -0.074788649280094 -0.234068669784068
-0.0186528457357427 -0.22329878864043 -0.261113542215877 -0.0398556803269393
-0.0771033026083338 -0.204951224575475 -0.215641686153108 0.102114230584785
-0.119891357405016 -0.136964060502837 -0.0907967568675909 0.216497342369207
-0.148274320046326 -0.134382056958611 -0.0645972380472545 0.33256677082763
-0.148452475397545 -0.116157675434327 -0.0679164574771096 0.481592959762231
0.0189219068507285 -0.0126858772185064 -0.0362007470148549 -0.437253599922581
0.019685273528178 -0.0393426028994691 -0.0505064167654795 -0.337597543706858
0.00713044348224228 -0.00194068072841122 0.0283661070382797 -0.229157113226483
0.0115874416990299 0.00626673497886377 0.142834079784394 -0.0989869751770706
0.0136108164924787 0.0117793275767754 0.231122698037106 0.054674706941735
0.0232996962505124 0.0147085272725568 0.0712213762135551 0.201909970341879
0.0421499073846688 -0.0056734432017953 -0.226395385874512 0.335458160681515
0.0308551953415945 -0.00756922211878393 -0.424288726048612 0.335697254109504
0.0320075002471092 -0.00573601428861058 -0.479584763044321 0.250377041418373
0.0176329629323802 0.0111391498001278 -0.353277867388547 0.157793081584503
-0.00384644365716423 0.0287918392153811 -0.224861022163939 0.0609693519749624
-0.0124993370342053 0.020298632207223 -0.14834052797588 -0.0429775962866187
-0.00806641947163523 0.0258379664405111 -0.119049432536946 -0.15342365197532
0.00988732868127045 0.00775805626822048 -0.281498490939306 -0.160589598066952
0.0211394248073104 0.011690227325613 -0.52328008858765 -0.114066371505171
-0.156926601890239 -0.102591151555083 0.00769192598293436 -0.40456033432492
-0.135541059701026 -0.132374174411768 -0.0240163275201561 -0.315228895639886
-0.144802299922204 -0.129292807836509 0.0446487798059591 -0.199844385251357
-0.0876453439613073 -0.175821936619077 0.139891595621175 -0.0676318749780006
-0.00791551900954431 -0.193373881001439 0.220372738778122 0.0686447785445339
0.0743142872546814 -0.185818870143441 0.0759560139517741 0.201276664778733
0.179032338189242 -0.172899140195086 -0.207832312547494 0.294745121165697
0.203238563832313 -0.136488618128078 -0.389535879486155 0.308867634329013
0.19921017803992 -0.107385187154249 -0.454405782722745 0.238032576021123
0.150327949521541 -0.0774084693574041 -0.345245689640896 0.157067483546894
0.102642292809659 -0.0797583163887937 -0.243655467011052 0.0732496803916393
0.0643380445006399 -0.0956589238904579 -0.168134140337946 -0.0427226745187696
0.021139838208043 -0.0976601935178881 -0.147530313617674 -0.161732174491618
-0.00742761023179242 -0.141609078835206 -0.316130463847183 -0.154446629992481
-0.0624592138315426 -0.124310790475182 -0.541294363007904 -0.0900594888446378
-0.294036691770378 -0.179434952179009 0.101948364447312 -0.348020918621941
-0.252801382458696 -0.222640620892087 0.0546471034056105 -0.277379502346785
-0.254127601484183 -0.255324277595402 0.0908223193147737 -0.16209884843775
-0.148226455423324 -0.347972054051794 0.152508744547438 -0.0433898812619289
-0.00585904160991638 -0.376626076004042 0.207885053249877 0.0589306870600471
0.13214794734644 -0.355296625375594 0.0887782310887376 0.154587155249887
0.299565926060349 -0.30884983470893 -0.145255608346483 0.199567081884415
0.348225628929258 -0.245189949126345 -0.29142273399422 0.233563469117174
0.337720188119133 -0.214479652330269 -0.37030248102858 0.206054911872034
0.264801140672883 -0.193551785624212 -0.313418204776171 0.156794637735521
0.191791788695317 -0.231617592371276 -0.268118930564367 0.0948733234183405
0.115284778651514 -0.254456172514999 -0.210721437134866 -0.0297836502445771
0.0177060385374658 -0.238801707109756 -0.202555353033968 -0.142472483801045
-0.0534480804991281 -0.28135436767663 -0.364219214586305 -0.103041439144316
-0.151647415875172 -0.240363976081789 -0.538535319781247 -0.0154905263636482
-0.367207909386387 -0.237924754478331 0.22785008027244 -0.264353999063324
-0.30077125597046 -0.306462067605678 0.16546543236909 -0.213571759025795
-0.279997184109224 -0.368078974726387 0.151121470113123 -0.105318703759752
-0.13322053313445 -0.485476830769109 0.172700389455401 -0.0170525922085883
0.0399515190341586 -0.50141517734979 0.201150865638015 0.026446454756021
0.202050932206954 -0.45429454431769 0.115757093576115 0.0697554325562478
0.385385095154831 -0.383742636676248 -0.040584994204621 0.0678172040939443
0.442722844612361 -0.318562580436379 -0.143871230009612 0.121005915915681
0.422338852472423 -0.315300363771452 -0.241851345300495 0.139399978571992
0.32662841202452 -0.331252790320299 -0.255032894509244 0.129266039788041
0.220311460940092 -0.409480270954671 -0.281180436986406 0.108741540734861
0.0935168710411022 -0.428546106308355 -0.256470935944126 0.00225921665721753
-0.0467953180619718 -0.367397997040622 -0.255425548256692 -0.0763808282017879
-0.140228101624938 -0.381951712172979 -0.389916903588045 -0.0010259759559899
-0.24188925113473 -0.313834655125216 -0.500063305560228 0.101712306014047
-0.366855762753919 -0.267262043370777 0.352193118375011 -0.157714967822749
-0.274686108350844 -0.358066032570946 0.272055975791292 -0.116203375781893
-0.215269077843143 -0.429507833192798 0.198840158852965 -0.0213929642407987
-0.0454232328341531 -0.533064474753393 0.192071381258251 0.0177490057528369
0.122449082614319 -0.515527785226503 0.202425894981697 -0.0117890961841091
0.262329091214527 -0.449127036503602 0.165996264085101 -0.0248589732841302
0.420274559507384 -0.382065515843509 0.0934111355143854 -0.0653758428514364
0.470043890323587 -0.343389139465487 0.028842864299449 -0.0131150901545347
0.438345883167176 -0.384575487589674 -0.0919029414396324 0.029101442761783
0.30981024604205 -0.434461499681901 -0.182245346195284 0.0527595249885365
0.166760863025847 -0.532813634811984 -0.27723091550195 0.0946748834259235
0.00226235705296566 -0.530151665177849 -0.280975615851238 0.0466610690160426
-0.146117433856903 -0.418893478538367 -0.266334335292066 0.0254366460846094
-0.233854961219371 -0.408181651239454 -0.359990725819986 0.129086099016574
-0.30556035492222 -0.33065110787587 -0.416580820717478 0.232847451690887
-0.305405689898235 -0.256187617626302 0.452608066123513 -0.0402515576317663
-0.192210146818944 -0.345905257732057 0.337135309188978 -0.00184046092024532
-0.09810932325355 -0.396440262138971 0.20403136688689 0.071688950108692
0.0635613179615921 -0.459134475785765 0.192646998679472 0.0570107902795031
0.185201159142708 -0.412571230051463 0.212323459172568 -0.0367877820016463
0.276883734398887 -0.348409594352397 0.230605365520395 -0.0945340228858118
0.393313334293958 -0.312244127634186 0.235275219987737 -0.166873445786022
0.426860262058302 -0.314535985124126 0.199161350919935 -0.148620645438221
0.380037742963416 -0.386343931008605 0.0474502270732114 -0.108233369829502
0.236017396028531 -0.446397593596312 -0.122167299911515 -0.0569995939946808
0.0750925776691497 -0.530927565095153 -0.269461463230699 0.0522212953702177
-0.0902227987976886 -0.50327850856345 -0.274282245713548 0.0840082132835136
-0.216099064644072 -0.373969515546349 -0.225343950029736 0.12349470789638
-0.282143238631147 -0.356404889705495 -0.27278470546908 0.242216979359664
-0.318088758258372 -0.293014768552239 -0.29824233936678 0.351789371625164
-0.212609490272116 -0.190909807971002 0.51154378959654 0.0634149755077051
-0.104081496019135 -0.261607195634252 0.352200119049929 0.0973121906892756
-0.00568387276541354 -0.279062804871386 0.170431187097039 0.140833769977621
0.110383330564254 -0.303742350508822 0.175967221646956 0.0843468289195947
0.177104452529164 -0.246936247154801 0.219430121213479 -0.0436793959820328
0.226221014241475 -0.206038061770278 0.293446431971692 -0.120170349943549
0.300430319384405 -0.208754022185658 0.357549750663161 -0.222749987862331
0.321463986028428 -0.239337776746643 0.339564568999477 -0.262158697341316
0.272743517525161 -0.307943006958081 0.15294239320478 -0.241639857392089
0.13979641695916 -0.35644370511536 -0.0868084673989926 -0.162265485866719
0.00366074341488042 -0.410340875904407 -0.263771930700002 0.00116446469810204
-0.121705408146232 -0.371669627899726 -0.246495345330552 0.101551520897317
-0.207540484737908 -0.263921365703273 -0.156040863226548 0.188601488300885
-0.253529192728374 -0.252690930205886 -0.161221031936322 0.310907748270351
-0.263362707523037 -0.213965336667359 -0.170799254839831 0.437138548498857
-0.109459141415595 -0.0789367394099494 0.538320816708775 0.128193596223744
-0.0453812406061182 -0.13268298611159 0.33952058179545 0.15700807844302
0.0216357986523272 -0.134188826593945 0.134605683632234 0.169795221811935
0.0760874647930453 -0.149758296676226 0.160070317197514 0.0913975080816334
0.100224532936329 -0.103186349503273 0.221608451792448 -0.043607508906985
0.123250287747779 -0.0829078256161193 0.332492230504263 -0.118735296075739
0.156530197441573 -0.0997504932587521 0.440267793825135 -0.240012600419233
0.168511371699418 -0.128454038916576 0.427320679920234 -0.3404552487797
0.138839006589643 -0.169080892498563 0.21203283001977 -0.338813930781336
0.0575458878868532 -0.193302936580069 -0.0738534186941502 -0.234600044348187
-0.0186153345722577 -0.222793526187436 -0.260516015642893 -0.0399861068432837
-0.0771305690394881 -0.204536065747621 -0.216034456329219 0.101952299876739
-0.119611434714151 -0.136902544006884 -0.0913777212748488 0.216570626307718
-0.147934806153131 -0.134514207541247 -0.0642094064627497 0.332734640048034
-0.147384200239921 -0.116111035279009 -0.065666212981148 0.481769707256917
0.0192364029132426 -0.0127430385240953 -0.0369946792631076 -0.438733682419744
0.0196307895581199 -0.0397016791658479 -0.0498906102044695 -0.339035911592867
0.00724743663170125 -0.00222361837516649 0.0282182752202277 -0.229670113703932
0.0114401463376586 0.00677176149030005 0.143477818304598 -0.0993648233701619
0.0134941144901519 0.0117757702775791 0.230271698994082 0.0547692182821597
0.0232541228607674 0.0141326472990792 0.0700164455827094 0.202308312397062
0.0421679990012804 -0.00613105169781947 -0.226896512393203 0.334535220532353
0.0303094041945938 -0.00809460982984525 -0.42397367324514 0.334887868707303
0.0322883984912352 -0.00552961966931518 -0.47946522246834 0.248578773863325
0.0180679847834599 0.0113210809085821 -0.352095457862173 0.156971792267543
-0.00312450830456967 0.0289970179479832 -0.224753357372211 0.0606323506220755
-0.0126640937783888 0.0202658532084666 -0.148295626639241 -0.0426485920419828
-0.00779204575872 0.0262054227979367 -0.119414924871218 -0.153804342250204
0.0104097798348551 0.00734773118154329 -0.281548964882964 -0.159805756840015
0.0217539402777707 0.011761894345406 -0.521231712314585 -0.11333235367367
-0.155637593016354 -0.102977232923057 0.00705531752422218 -0.405730571540124
-0.135400276559435 -0.132783276563512 -0.0244781639415563 -0.315737263146566
-0.144888277041453 -0.129792672895149 0.0445975441261479 -0.199662362085611
-0.0874678667468825 -0.176484292780444 0.139959236710793 -0.0680989137168917
-0.00765978387023554 -0.193355463013951 0.219893174487425 0.0691014295423219
0.0748956676357557 -0.186276725618102 0.0741982195196244 0.201608923115822
0.179734862696007 -0.173498941217554 -0.209118042517945 0.295159051287877
0.203487403031582 -0.136766677261092 -0.391271767722221 0.309574926246062
0.19917719834359 -0.106879423236434 -0.45331174400452 0.237215992768789
0.150567606035277 -0.0772568941205336 -0.345130350359258 0.156693178341718
0.103221837848064 -0.0793120573426597 -0.244043915283187 0.0720909128426966
0.0644739974482291 -0.0951249514571438 -0.168290534260448 -0.0419501177835756
0.0214486137411373 -0.0981432851158161 -0.147842610614164 -0.162036058083035
-0.00694977355264527 -0.141860748464042 -0.316150252395382 -0.153845252359171
-0.0620275072064002 -0.124310909799227 -0.539841770567773 -0.0900250875336169
-0.293640955332931 -0.179763323751232 0.102499335947514 -0.349171214381299
-0.25280239631892 -0.223570593880564 0.0546265611953972 -0.278917808934684
-0.252625358639142 -0.255380326603611 0.090293668939121 -0.162254594580576
-0.147903110165598 -0.349496133091611 0.15234679994006 -0.0427266675695165
-0.00529980577109627 -0.378504072198784 0.206833330349328 0.0589569408047688
0.132504936300439 -0.355364735278741 0.0875310976405467 0.155139363981769
0.299462883251244 -0.308185707915477 -0.146004593454401 0.199037859937291
0.349033809550938 -0.244720849647163 -0.291617544860237 0.232814009640134
0.338569579375805 -0.2124101624007 -0.370531910625128 0.206062504682801
0.265295084365038 -0.192937092284792 -0.314084758361668 0.155908146659755
0.192196856235269 -0.230524434839771 -0.267933860374708 0.0946900587381402
0.114845817262385 -0.25270565888135 -0.210542834495532 -0.0302094990634233
0.0182903965380611 -0.239009034731135 -0.20349661776477 -0.142858429518623
-0.0538509463206013 -0.281439367741427 -0.363367750414804 -0.102470545478104
-0.151064045305625 -0.240479189511642 -0.538551032646653 -0.0149814219867308
-0.366342435089359 -0.238453542678808 0.227947668530318 -0.264827828436989
-0.300768750339398 -0.306805526024239 0.165207251655761 -0.213723998287919
-0.279458147524405 -0.369647955233024 0.151027259979415 -0.104894796227014
-0.132600739913147 -0.487429301032555 0.17297878606766 -0.0168389929397405
0.0416629150746626 -0.501891363106933 0.200169703895372 0.0267295223359373
0.201539300104794 -0.454490248448159 0.115143086578392 0.0702444815029075
0.385982488667355 -0.382702691539982 -0.0415232653603613 0.0666812825741194
0.44251947987352 -0.319335796137751 -0.143809028828194 0.121198091712624
0.424221136956736 -0.314445000382254 -0.24150336128866 0.139098525628578
0.327972504870039 -0.330418059206693 -0.255018745710734 0.127863759733035
0.220415476106131 -0.409156009594318 -0.280907753809637 0.108780525915462
0.0940312923500788 -0.427131582456801 -0.256696930761383 0.00184828787970566
-0.044812013006016 -0.36624414137792 -0.256461934067753 -0.0766512796417731
-0.138572746293488 -0.382835543118648 -0.390422978533457 0.000154441432878253
-0.238966119684825 -0.313477705901048 -0.498895276474525 0.100969912683929
-0.366828278027949 -0.268304592249094 0.352567003624017 -0.15863418515037
-0.273642610375654 -0.358288305429639 0.271801497470188 -0.116459577335024
-0.21417848855638 -0.42900022789362 0.198010478309425 -0.0214046583524884
-0.0439012308375037 -0.534074627674492 0.192182297702874 0.017871192164978
0.124139149988472 -0.516178840433809 0.201677956790499 -0.0110511821351368
0.262370700020329 -0.449073943323689 0.164082170335275 -0.0246508884958724
0.420990694849137 -0.381513726173632 0.0931634867567052 -0.0658004669740343
0.47100530246964 -0.34340513070974 0.0285037314335654 -0.0131221676630146
0.437173600652984 -0.383019145887511 -0.0915879404213918 0.029058895146954
0.312711441105369 -0.433754140452939 -0.182617835367271 0.0514726427637447
0.168272348019704 -0.53372140939188 -0.277550663344008 0.0950100740307101
0.00359919282107709 -0.529563659177257 -0.28119569084552 0.0457153514406973
-0.144843578505295 -0.420014169330939 -0.267703381626752 0.025177764815139
-0.233087334209687 -0.4091366227425 -0.359562084774385 0.130438063627936
-0.303244003633877 -0.33083156472545 -0.415937843214389 0.233325904260723
-0.306509289804641 -0.255949224336091 0.450323620433749 -0.0409317011070906
-0.191194464411297 -0.346244479936661 0.33622830742268 -0.00180020926761957
-0.0962354640091022 -0.395805557100401 0.203760963318935 0.0716780094197089
0.0624031370922051 -0.459546305731851 0.192955837637721 0.0566209893632498
0.185506687327449 -0.411726345035129 0.211133517368204 -0.0364261726340865
0.277418414529353 -0.348325567206972 0.230947644918572 -0.0935627065148031
0.393450446863522 -0.312109103592031 0.234658073343856 -0.167317888896038
0.428742394256482 -0.31441030131797 0.199172961498173 -0.147950338540733
0.382147518125286 -0.384996090175238 0.0483467618732457 -0.108553629987167
0.236610425736666 -0.445232473434608 -0.121195765412742 -0.0579417965354733
0.0765053224309513 -0.530686492150809 -0.26893334197435 0.0517926503717474
-0.0907097977807399 -0.500329161914628 -0.274774380737227 0.0832907544639655
-0.216135741696669 -0.374502457363479 -0.226229333410905 0.124213697016603
-0.281049364469411 -0.356910068324153 -0.27239006522045 0.243726861275028
-0.317280236595872 -0.292962159434015 -0.297716285303744 0.353358639588039
-0.212100890653441 -0.191373419399482 0.5121231817491 0.0630871892047897
-0.102684197787457 -0.261264554197212 0.352503040962092 0.0967386839122592
-0.0050693091545728 -0.278819209364599 0.171027839657756 0.141200610649756
0.110789433888354 -0.303546426353031 0.1762574916043 0.0836832398989971
0.177908118325239 -0.247165615836708 0.218421166663608 -0.0433592605362878
0.226958773324699 -0.205830968980014 0.292796334603555 -0.119150528015823
0.300430341604553 -0.207607633533085 0.3576079849047 -0.223198892217943
0.322899825177898 -0.238923198617794 0.340461519828386 -0.262871251802311
0.273882035797653 -0.308663007311047 0.153697356911632 -0.241249228718848
0.140209678572337 -0.354893671350605 -0.0858911682379722 -0.163201438025733
0.00418787461638619 -0.409986648025067 -0.262975691677525 0.000853865173382025
-0.121706998642932 -0.373136384058634 -0.247078754355432 0.101600563929965
-0.20631054148481 -0.264759790655009 -0.156979458606931 0.188456356608734
-0.251850009582263 -0.251790404928938 -0.161087666757736 0.311728939446303
-0.26333299456822 -0.21450358928845 -0.170713998638884 0.438823797986393
-0.109372023317609 -0.0794106237612054 0.537899769727627 0.127499705734324
-0.044995983952815 -0.132337597867752 0.339776143203281 0.15542880913914
0.021635684165638 -0.134755457848313 0.134896108935419 0.169986597419232
0.0755098581964662 -0.149943618880729 0.160103967624821 0.0909858104529157
0.100411433658437 -0.102926513868253 0.221028438364903 -0.0427819651704477
0.123871767256149 -0.0828683640946834 0.333280311478314 -0.117793009663514
0.155669781556151 -0.0994451595445546 0.440292921698714 -0.238629196396679
0.168655035224694 -0.128387436894063 0.427585052170436 -0.340098872091123
0.138916153866024 -0.169224996675279 0.212974745068609 -0.339711341666274
0.0581331372771569 -0.192891721558176 -0.0725359250917243 -0.235683374636956
-0.0185774231487821 -0.223202767073914 -0.259871066879341 -0.0407101133220339
-0.0767965162343633 -0.205148873150342 -0.217036639605462 0.101796350704063
-0.119862022281007 -0.137378222339995 -0.0921425513604569 0.216362599955804
-0.147465888749059 -0.134603363758528 -0.0643800150953171 0.334219747330629
-0.146901992873758 -0.116836368609422 -0.0657496074342538 0.483003021304642
0.0195784556244419 -0.0126015217557293 -0.0364321236684846 -0.440405882552968
0.0192313515500797 -0.0400087666397418 -0.0509202646050316 -0.33943013737535
0.00774482788146113 -0.0020105420652539 0.0281833666653274 -0.230162897294706
0.0124133153301615 0.00717064776036196 0.143951318233862 -0.0988605358382258
0.0134142360255444 0.012178561406202 0.231002532114527 0.054770225782966
0.0234531108145488 0.0140606621743047 0.0686737315147487 0.202733736574359
0.0420189202933628 -0.00657794194433619 -0.227949608546155 0.335433321466157
0.0301009155958599 -0.00821672951087551 -0.425441370059531 0.334447526897164
0.0324195021282029 -0.00605557944388604 -0.479099577548048 0.247572207497587
0.0185030006126908 0.0110545224907424 -0.35253401724236 0.155685277596585
-0.00275068131056047 0.0293070088533235 -0.225447718603079 0.0603268073144321
-0.0125292224866362 0.0206465057200449 -0.148495270601774 -0.0427718051667098
-0.00793864177131233 0.026248783975095 -0.120002344394174 -0.153670545723124
0.0103658052311625 0.00718204517469902 -0.280706581534188 -0.159336286591585
0.0223413075832898 0.0115403365798611 -0.522418312038918 -0.114070331231194
-0.155672004955389 -0.102665913267349 0.00800828559270546 -0.406857855789425
-0.136319837771074 -0.133539562052975 -0.0245813619310308 -0.317410492517957
-0.144466060436347 -0.130124235913882 0.0441745047683244 -0.200730952977665
-0.0868867850626183 -0.176999757517591 0.140254011916051 -0.0684053602290557
-0.00762424622111714 -0.194424859172741 0.219570093115304 0.0698143476706516
0.0747075224141825 -0.186151533696309 0.0733087154022609 0.202156361311022
0.181026358118494 -0.173503361984788 -0.210541122220844 0.295510235313694
0.204264024812663 -0.137004905206339 -0.390465239281185 0.308520428799311
0.199978956803702 -0.106769692905811 -0.453946475604995 0.237105284200156
0.151346870062826 -0.0769221187359799 -0.345775908254458 0.156186433054573
0.103697590759781 -0.0789191479001715 -0.244438648902319 0.0720730323828937
0.0651257426283317 -0.0945399882333064 -0.16907697688575 -0.0423141864018374
0.0219688546526213 -0.0982486808782778 -0.148406250758966 -0.1628898000317
-0.0067991648986998 -0.142402903351199 -0.316078458715123 -0.152717378165149
-0.0610316194799339 -0.124763100962872 -0.54139821758163 -0.0899399312386409
-0.293672499114291 -0.179626851991611 0.103606184404056 -0.350677439105518
-0.253227852009969 -0.22461952869665 0.0540921376638903 -0.280441916202374
-0.253675305101866 -0.256961723030424 0.0900424660705283 -0.1624016120329
-0.148282024088066 -0.351167550345479 0.152318290726308 -0.042983760147787
-0.00471944643139327 -0.37782897652937 0.206504056173993 0.0596369781790399
0.134222132193209 -0.356277863353836 0.0861681713556629 0.155670478277667
0.300599681211468 -0.307836922229421 -0.147254716544303 0.198892822737091
0.349105701444033 -0.245341555083895 -0.292690838201088 0.233041803751643
0.339553788293647 -0.212416321788177 -0.370610917088736 0.204909537908209
0.266711876546067 -0.192482462185014 -0.31428904747971 0.155159601472698
0.193339835896808 -0.230826243913108 -0.268377533572562 0.0953597365150683
0.115400654230799 -0.252607587808961 -0.211133668445649 -0.0303741532744193
0.0193869317832229 -0.239437940157907 -0.204644625855929 -0.143087089411834
-0.053354230582417 -0.283197042989195 -0.363516667788113 -0.101846829001623
-0.149781440477611 -0.241091269427683 -0.538823039721444 -0.0139157982947031
-0.367763108853905 -0.239547690239834 0.229299920656314 -0.267444463930556
-0.301168997044951 -0.308902534466179 0.164454313457758 -0.214927795327435
-0.279571919359649 -0.371655040327493 0.150413818057114 -0.105092353933619
-0.133733190430404 -0.48857883240478 0.173320241899266 -0.0166585656143179
0.0424958034701764 -0.504053885698077 0.19975423735065 0.0271863863610222
0.20240157584811 -0.454268879939442 0.114352528198582 0.0708623374816404
0.386870552903458 -0.382933887649112 -0.0423542536578956 0.0661900591304922
0.444516194131748 -0.320655669713424 -0.145075921363294 0.120446452982756
0.424645126705053 -0.313712102106701 -0.24164431638175 0.138808837658032
0.32869146249593 -0.330617995610764 -0.255085214384406 0.127505843340569
0.222284190968996 -0.409653891007715 -0.281188119199184 0.108470423821104
0.0960251593622013 -0.428741241426022 -0.257774117143329 0.00164856257998159
-0.0448173649791361 -0.36702368124958 -0.25798146865531 -0.0764916300099852
-0.139332053479565 -0.384133377367456 -0.390633377208093 0.00067623257259247
-0.239750889426671 -0.31412160408762 -0.499515113157412 0.101858092284667
-0.366762274245501 -0.268926555186574 0.353997625875529 -0.159478191922498
-0.273621825673891 -0.359638835494635 0.271790630021201 -0.118153737753202
-0.213842802373409 -0.43032287931323 0.198155961974824 -0.0211084333496491
-0.0432318955863152 -0.534990950603354 0.192270672495879 0.0169322273210349
0.124933837582126 -0.517064239131978 0.20157538461607 -0.0105118069833448
0.26406309511354 -0.449339665902491 0.164189464351934 -0.0241583433200981
0.422404405182393 -0.380590115148849 0.0925252036094377 -0.0676534862617651
0.471897031937945 -0.345393680944962 0.0281120818223458 -0.0136846703203642
0.439105028010458 -0.381836987017023 -0.0907561638146532 0.0291638718263961
0.314280525390167 -0.433479218665839 -0.181771794869101 0.0506093448198202
0.168347499168843 -0.534251769460827 -0.277798147938542 0.0946105763649808
0.00467920928938312 -0.529614884013632 -0.282415455581738 0.0453815863949329
-0.143808450769306 -0.421781648387994 -0.269379140072499 0.0256721743260913
-0.231822273607447 -0.410033871970621 -0.359359987036194 0.131303730307835
-0.303861959647925 -0.331494686963609 -0.416655141123171 0.23459920950769
-0.306784522172521 -0.257385118182682 0.451994758404657 -0.0403047978996436
-0.190642654286335 -0.346314290941166 0.336658241193515 -0.00325312801042924
-0.0958534724650112 -0.396973931906329 0.203798100881117 0.0724429251246824
0.0633420201534899 -0.460692995748189 0.194153447982957 0.0566104535365719
0.186826396558171 -0.413157746424662 0.211473850891924 -0.0360402305713679
0.278419003253641 -0.348632668990865 0.230428062441128 -0.0930000046441149
0.39478824784825 -0.312019267425135 0.234583891434335 -0.168253742035958
0.430581807362059 -0.31585595117736 0.199518073082113 -0.1486150965683
0.382333501854458 -0.384661087101997 0.0492154761917877 -0.108624928213101
0.238341209714128 -0.445926403109656 -0.120604306741555 -0.0590084827807984
0.0762082715982329 -0.531981649138164 -0.268955616427195 0.0516609169555979
-0.0896321495587607 -0.50234469108019 -0.275972928366693 0.083232627675613
-0.215083981574534 -0.376979465694662 -0.228006403582493 0.124489978439158
-0.281911390907431 -0.357356987663592 -0.272401027597273 0.245387736264768
-0.316906996450738 -0.293200805456843 -0.29766258935891 0.354264135442816
-0.212489651182992 -0.191354410326505 0.51230988842471 0.0616613197328502
-0.102777927943609 -0.262563834044309 0.351800264296568 0.0957768797177224
-0.0044752667561653 -0.279088404950911 0.170951352788717 0.142261990751054
0.110585345617828 -0.304432424862795 0.177455460417075 0.0839458060306645
0.179412472425075 -0.246818557577576 0.218456879087558 -0.0431776715496202
0.227822346917349 -0.206019140594358 0.293261593308213 -0.118290632717429
0.300370496104761 -0.207619997679668 0.357620424482431 -0.223402648362765
0.323437393102607 -0.238811254155282 0.340656096835926 -0.262585029919862
0.273592144291052 -0.308057247557175 0.154398570702312 -0.24202633564923
0.141662387529678 -0.355474528806152 -0.0848618460950214 -0.164025590313597
0.00415305028552831 -0.411117238816332 -0.262923818619011 0.000425469259934245
-0.121313289112753 -0.373567553329859 -0.248515555921468 0.101744810760039
-0.207551306219913 -0.266506153545211 -0.158688935680548 0.189196895530665
-0.252487306092099 -0.252716452161952 -0.161100039609444 0.31261247024059
-0.262591042655277 -0.214928717008147 -0.170242479401443 0.441180512922001
-0.109902535702934 -0.0799588530052094 0.538898720661126 0.127159482993463
-0.044395208793272 -0.132200972169842 0.340384489739992 0.155360517070704
0.0215328750058524 -0.134609674405025 0.135688837683467 0.171002039919482
0.0750690838646654 -0.150071664621775 0.161021442575761 0.091029266969853
0.101262130990518 -0.103207041328165 0.221256966684657 -0.0430904986207439
0.124166141023233 -0.082456000418677 0.33526680888441 -0.116137009921681
0.155791051083591 -0.0994491993925858 0.441520708528777 -0.238059332777932
0.168581444878247 -0.128977094872095 0.429333081045558 -0.340178174092426
0.139641699958373 -0.16937931255868 0.215022487232126 -0.341004025432114
0.0581811128699163 -0.193302837519966 -0.0720260702293417 -0.236519555256257
-0.0183352228038158 -0.223252320895662 -0.259911939030304 -0.0408038325968003
-0.0768684670770999 -0.20566324866001 -0.217975563678334 0.10203952482701
-0.119629181075771 -0.138639391265919 -0.0933318100017905 0.216839498261248
-0.148211467301061 -0.135100379347937 -0.0650135131482748 0.335215184589743
-0.147001085738852 -0.117221261607566 -0.0645833245681316 0.48681545984634
0.0203734725565936 -0.0123536998721524 -0.0365055812747288 -0.442290863016433
0.0189087238459835 -0.040613578034906 -0.0513804894195893 -0.342010435583348
0.00770100654687292 -0.00234660190081036 0.0282792236755291 -0.231603588918427
0.0123797799472448 0.00679511066483978 0.144644377895555 -0.0994938319016938
0.0135643706704648 0.0122545860018025 0.230838578760649 0.0549444293360851
0.0231475188134833 0.013668120288201 0.068233269462358 0.2045244835895
0.0424632345404558 -0.00691192230875093 -0.230257306131524 0.336695119891505
0.0298728624595248 -0.00914309149401159 -0.425771943536928 0.336278381892051
0.0324647104985608 -0.00626315804559763 -0.481117214152117 0.24879948122272
0.0187763538311734 0.010555735654868 -0.353842477745663 0.156756226462782
-0.00207588837931043 0.0294444714682907 -0.226200052747924 0.060134219378635
-0.0126173532289936 0.020729778008796 -0.149191503066402 -0.0423269129118784
-0.00736580766633336 0.0261975479132792 -0.120846204954193 -0.154722361362054
0.00990356129692579 0.00679652694647203 -0.281678234816755 -0.158772072323967
0.0226581177065726 0.0115510848389434 -0.523892343373505 -0.113362501877232
-0.156236300382561 -0.102828286931719 0.00761724272976335 -0.41010326626846
-0.136637568758597 -0.135301262930793 -0.025551653979361 -0.31918887765065
-0.144714490411606 -0.131087136236363 0.0447485353814508 -0.201400650009219
-0.0874223359852273 -0.178062348867151 0.140633981207114 -0.0678841000397575
-0.00725970550454224 -0.194970480491788 0.21970662645957 0.0694574545643405
0.0751689653047595 -0.187154065573563 0.0729235913006775 0.202916330396006
0.181404895270853 -0.175123239102759 -0.212208427066351 0.2970804098154
0.204427313628299 -0.138351601033578 -0.392742391344637 0.308400160740788
0.201425365502532 -0.107391005702131 -0.453842376099816 0.236141394487273
0.152130333481876 -0.0768983046288489 -0.3470864494032 0.154674094333739
0.104869383439084 -0.0787022545816204 -0.245281424355246 0.0725141974407996
0.0651631662037839 -0.0939611032038677 -0.169589812617316 -0.0421075667671787
0.0222556893516613 -0.0984909149774148 -0.149940583251567 -0.163395406702463
-0.00679629331474254 -0.142991318363518 -0.316456334027675 -0.152536352994058
-0.0607322344740848 -0.125310204539988 -0.541464909921814 -0.0893903633178235
-0.294958489184786 -0.179657576676216 0.10314697435389 -0.354321792163736
-0.25452712512159 -0.22538152147236 0.0541800843315486 -0.281327681906394
-0.252787351035463 -0.257694350663973 0.0903806888255285 -0.163160729887839
-0.147547461935367 -0.35305684967937 0.152761945149427 -0.0429135646707415
-0.00419115512426351 -0.380436563966356 0.206089788035146 0.0596043150495999
0.134709471572619 -0.35703364885644 0.0855704687466373 0.156592273207111
0.302885484297418 -0.309342903018983 -0.149121381264765 0.198504376298825
0.351167551041816 -0.248407054542769 -0.294237924941929 0.233469425692409
0.34042373712726 -0.213050444931549 -0.37192701451316 0.206937299560573
0.267236340352054 -0.192997221418072 -0.314938081366221 0.154376280409655
0.194570089290901 -0.230844422605694 -0.269649255515877 0.0948201032132385
0.116030726384689 -0.25251655639066 -0.211686705859847 -0.0304583591970019
0.0203341808911369 -0.240384705958291 -0.206173600499414 -0.143672309270895
-0.0529114000384422 -0.283780667617273 -0.364954801780609 -0.100669286450624
-0.149869169571159 -0.2421899165842 -0.541295312515139 -0.0128819267536887
-0.368913084743172 -0.241302781539021 0.229844778368871 -0.268732678034662
-0.30243171172659 -0.311204260117797 0.164673729234704 -0.21671873537368
-0.280126338479922 -0.37189356956553 0.151342673978458 -0.105727746253199
-0.133738063055931 -0.491581151944045 0.174140935479055 -0.0167137846135719
0.0437849070272368 -0.504901863605048 0.198786974774341 0.0276470151270298
0.204651876494118 -0.456462765428721 0.11385557534186 0.0713599416298294
0.389173839434765 -0.384061548541507 -0.0439428198629671 0.0655607065105458
0.445281425042855 -0.321895655389339 -0.145526724244756 0.120744144622121
0.427785155069142 -0.313605634018584 -0.241617122310833 0.139186970689408
0.330297803055727 -0.329906087287457 -0.255111053408282 0.127127788577432
0.223979229015254 -0.410230507276685 -0.281857376528778 0.109387529517678
0.0950623738195871 -0.42911821715386 -0.259001977315154 0.00109659517711881
-0.043051481164061 -0.369012135400294 -0.259529668937136 -0.0769980906784522
-0.139306161981851 -0.384355223055195 -0.390993409933986 0.00264790919666844
-0.239558240543987 -0.315122823814703 -0.500487658793938 0.102739403173053
-0.368807384440472 -0.269063947751299 0.355401931694576 -0.161521409502603
-0.273836510692497 -0.360865063024081 0.271698164248939 -0.119015658933663
-0.212226268721263 -0.432114184563362 0.198429850878518 -0.0208990638422688
-0.0439646659330437 -0.537335306930337 0.194099715325312 0.0173826942777635
0.126513038875478 -0.51975443527135 0.20099208708732 -0.00999796793887574
0.265277867970774 -0.450574980537835 0.164297896308595 -0.0241486447548177
0.424777818907738 -0.381519063659837 0.0923248801195765 -0.0684141354813078
0.474464962385129 -0.34600553761425 0.0281088268128638 -0.0136988788747494
0.440815733724087 -0.383580414064475 -0.0909055477864759 0.0292413681239721
0.3161908127161 -0.433870089109166 -0.181454729879942 0.0502086307941617
0.170527538015289 -0.53587304170065 -0.278377235519219 0.0950716491439666
0.00414860259884887 -0.531238101822227 -0.283820589898635 0.0453385550051233
-0.144544487805339 -0.423213495797901 -0.27119586863202 0.0258537384905278
-0.232954714678918 -0.412116060453042 -0.360346873619024 0.132785287852076
-0.304080207948595 -0.332055323961008 -0.417269848828942 0.236069896727878
-0.30756394722555 -0.258457985349908 0.454742247877248 -0.0425405419308311
-0.190787676935945 -0.348645243316866 0.337484270577358 -0.00417969390392248
-0.0958993551459732 -0.398933162604985 0.204720156174652 0.0730280675398372
0.0647938301724876 -0.462799848908639 0.194434816822954 0.056564644133817
0.188891984195759 -0.41441860176678 0.211266389465012 -0.0357037991475405
0.28023942064446 -0.348082976028551 0.231186906194024 -0.0929060548437216
0.39470004428056 -0.313349713159169 0.234935071265213 -0.169321011992068
0.432553381820986 -0.317088025946133 0.199741038154569 -0.149758373077068
0.384393146821909 -0.385373061024125 0.0502044298575715 -0.10917319203566
0.239963946002218 -0.447003576738707 -0.120247428746269 -0.0599747057124271
0.0782414776746263 -0.532991197482845 -0.269090562854276 0.0516676562765575
-0.0897305143911852 -0.503975854717563 -0.277781343129884 0.0830295392023031
-0.215917210658752 -0.379087289926542 -0.22939737602489 0.124715100793051
-0.282615756439363 -0.359326693088523 -0.272949894496112 0.246738753073043
-0.317504067427609 -0.293983369129582 -0.29824305434262 0.356688459608923
-0.213508628843979 -0.193008791950368 0.513623986141776 0.062194486853149
-0.102014460188565 -0.262699637933129 0.352571625737987 0.0955656659742067
-0.00363454067010383 -0.28008574205149 0.172028049711937 0.142220108992506
0.110511993524053 -0.305368387668337 0.178990963238306 0.0834404160664236
0.180678947806379 -0.248470375088839 0.218345198518092 -0.0436379146412344
0.229306423331156 -0.205943600943784 0.29497243564082 -0.118654293276521
0.301185074775043 -0.20801268067688 0.359388742848759 -0.222810456855572
0.324934140659415 -0.241051072302172 0.341697409112388 -0.263579959512593
0.276109263144015 -0.309376910251773 0.156275596977054 -0.242732519359015
0.143712731255314 -0.356012449884435 -0.0845792563531757 -0.165654662500864
0.00591132697897632 -0.411845326539295 -0.263548448922578 -4.29586391599248E-05
-0.121264696564055 -0.374074068358947 -0.250001048197523 0.102192185496818
-0.207719059025139 -0.267432827163578 -0.160118675122871 0.189899678681728
-0.252756930676054 -0.254696809046996 -0.161669261830197 0.315177713286343
-0.262739177254759 -0.216020216564449 -0.169511909929523 0.442946642869338
-0.110522365164449 -0.0802727590488498 0.540388675647881 0.127569020205769
-0.0438981571000809 -0.132770278163185 0.340469216172421 0.15540762903063
0.0221042772813454 -0.135069193933024 0.13639789067843 0.171949958652868
0.074877074796533 -0.149803255405988 0.162719785988482 0.0904570417665011
0.102035907306105 -0.103924658579663 0.221336194200433 -0.0426859068743486
0.12490730173286 -0.0828230981686002 0.335581488583638 -0.11743716282913
0.155567529547166 -0.0995183603967957 0.441306574786319 -0.238307546719118
0.169678788819437 -0.129313954274018 0.430326117090753 -0.342298856939426
0.140859548737097 -0.169954939831507 0.214769237299321 -0.341800070248603
0.0590818918324781 -0.193159513624412 -0.0714072594350915 -0.238308241009569
-0.0187860124588116 -0.2243717587833 -0.259957075294983 -0.0412396607300424
-0.0771915941679002 -0.206587075761035 -0.218964300776068 0.102365364143789
-0.120018198129294 -0.139465372023644 -0.0941843229166156 0.217511711020366
-0.148435122098937 -0.135457725140472 -0.0650036649978685 0.33696858243729
-0.146818474803446 -0.118100487567983 -0.0648090295718006 0.488867867921424
0.0207215344056036 -0.0125492752577319 -0.038233051988342 -0.446927013054268
0.0187579131910613 -0.0411428192983774 -0.0523491006680267 -0.34457252323292
0.00797374731662166 -0.00221165510865162 0.0280499355933257 -0.233250760282928
0.0124202083835908 0.00695402245210628 0.145573045238941 -0.0999731715529569
0.013351907876366 0.0125637415662233 0.232327567740316 0.0551116136732277
0.0233636627767501 0.0135199413157114 0.0670666767235171 0.205773348920024
0.0426202703786759 -0.00775288716765927 -0.230542881107935 0.339181817684941
0.0300317209360748 -0.00906169681326752 -0.428469345635401 0.337068615392901
0.0327905674350128 -0.00665972599172159 -0.483095036149259 0.249897145108082
0.0190260684784824 0.010321381321213 -0.354528513527362 0.156316465233355
-0.00159174602296795 0.0296605930119684 -0.227278812840512 0.0601366342936308
-0.012521966132275 0.0214752719477585 -0.150287277851851 -0.0422371876902543
-0.00741818196677819 0.0263148435673918 -0.12212390385783 -0.15503651536992
0.0100681838659228 0.0067220344922829 -0.283049027226987 -0.158735578170818
0.0232939783940024 0.0115834898905556 -0.526424253446429 -0.113036388783329
-0.156133862458465 -0.103348492281541 0.00697672177906869 -0.414170753366106
-0.137610817072729 -0.136040775480281 -0.0268252308507575 -0.321814155077011
-0.145188256036186 -0.132140385434931 0.0443899045908253 -0.202622330269754
-0.0879647001018243 -0.179310745084034 0.141500261409475 -0.0682855586349032
-0.00704300260812227 -0.195653743019243 0.21999390548981 0.0704821222025417
0.076223264218605 -0.18786855918519 0.0722302441996928 0.204606647787873
0.182898832361019 -0.175740802881261 -0.213831733501888 0.298072831050897
0.206160303141121 -0.139571642285313 -0.395043803174457 0.309391282169268
0.202893499863955 -0.107759413353033 -0.456499250784132 0.23759206631369
0.153126844874194 -0.0778912732254464 -0.347996569390342 0.157141885342008
0.105991505573555 -0.0788158965675596 -0.246674197160592 0.0725388197264007
0.0657999245754939 -0.0940820468467629 -0.170086612662735 -0.0419099776880382
0.023177759620187 -0.0987235338084098 -0.151218655118282 -0.163763786572662
-0.00659187542348506 -0.144183066276663 -0.317784984340931 -0.151904865439519
-0.0605733210894673 -0.125784826245466 -0.544035050089058 -0.0890457854782086
-0.296417908652615 -0.181107385525971 0.103659539432489 -0.357688339680305
-0.255216223008416 -0.227764850050677 0.053117720334189 -0.284024576671742
-0.255129581099773 -0.259233155619624 0.0903935033830512 -0.164145481182428
-0.148539973158818 -0.35497666308008 0.153705683587982 -0.0432040690815324
-0.00344920266812379 -0.38278737561367 0.20603987889972 0.0606787663353963
0.135416639271786 -0.359861933800402 0.0845015038200378 0.15742007743763
0.304049909500471 -0.311214338473989 -0.150697189751183 0.199837211884519
0.353006637661408 -0.250070756339116 -0.295634227895889 0.234294244630653
0.343127395960169 -0.2128670866055 -0.373103882949779 0.206954500363147
0.269694566571118 -0.193091171008493 -0.315702511543509 0.154816242235371
0.196487721826942 -0.231593510034028 -0.270717139453173 0.0956365409414341
0.116887677287322 -0.252995119018073 -0.213254326190338 -0.0306222083188031
0.0205955111130592 -0.241796900826468 -0.208268670102591 -0.144479383446067
-0.0532704852016637 -0.285966103362561 -0.366133329433772 -0.0999713300377795
-0.15062443153057 -0.24329345939733 -0.542369279310007 -0.0124092389836511
-0.369994900810855 -0.241692433652943 0.231751020340032 -0.271423703291049
-0.3035639523758 -0.312298900217339 0.164454324070337 -0.219187370606228
-0.280438269662109 -0.374208626625482 0.151324811162369 -0.106122074486354
-0.13408606767924 -0.495172868575978 0.174760554589406 -0.016794973106527
0.0443133609993454 -0.508615005930911 0.198850110817406 0.0282548137949417
0.20491968183622 -0.4581996908533 0.113684644161721 0.0720457633955377
0.391457871871332 -0.386016155732894 -0.0448337901623087 0.064736639550194
0.447814200494346 -0.324310085900589 -0.146917030947902 0.121488659852761
0.429785335291206 -0.315167955822077 -0.241962959627516 0.139869594109263
0.332915807131779 -0.331454147511604 -0.256036171445882 0.127237859003521
0.225100258505971 -0.41225910657066 -0.283162526609413 0.110071013319489
0.0963750054097115 -0.43001067429823 -0.260377531308282 0.000864836467340988
-0.0428971062099315 -0.372042354937709 -0.261490301626203 -0.076760418659369
-0.140246043616248 -0.387831626584699 -0.392459725752893 0.00361072129304709
-0.240102239936867 -0.315659913018633 -0.50290034199401 0.104745753420955
-0.37035906613059 -0.270899059470477 0.354873499549434 -0.163288812633952
-0.275596046333079 -0.363321009058829 0.27186190309923 -0.120678167817019
-0.214121600654724 -0.434237686002799 0.199903303462977 -0.0209735753531919
-0.0432467276246826 -0.541606732073912 0.194250658844504 0.0166262518060003
0.127744218334618 -0.523486523954587 0.200646200530473 -0.0099158666744726
0.265440357535982 -0.451945735271244 0.164756210146707 -0.0232891063074236
0.428618694204291 -0.382877148246909 0.0916357317568422 -0.0699908088927675
0.477595155036772 -0.349354097352392 0.0276038698065872 -0.0138379880038366
0.442849670428729 -0.385376939980235 -0.0906187820502005 0.0294982601619047
0.317724438977191 -0.435894884201887 -0.181764863825528 0.0495694609739006
0.170780859522117 -0.538319937333918 -0.278919555961863 0.0958920691126811
0.00449167559317876 -0.533788615655002 -0.286115758194656 0.0458354719308153
-0.145688836507777 -0.42609917041795 -0.273571746793856 0.0262175639847709
-0.234017065672256 -0.414388639861929 -0.36175262309931 0.134592237420115
-0.30519252012909 -0.333772265732694 -0.418589417343192 0.239205433119124
-0.311192937411869 -0.25940518778301 0.456311110160329 -0.0441567449948621
-0.191109737715973 -0.350514572598917 0.337948737386686 -0.00481870324245441
-0.0958682119521105 -0.399452491044563 0.206224324907114 0.0731395809458181
0.0641775699933906 -0.465476680602174 0.196183834593998 0.0566069698061317
0.19004302996731 -0.416834772390337 0.211660281203457 -0.0358726717510505
0.28203930822856 -0.349156634613703 0.232310886819169 -0.092427600995244
0.397791957112996 -0.313022876729244 0.23488836208204 -0.170470745994476
0.434656935300829 -0.319329677594447 0.200446083257943 -0.150243103974293
0.386921571804739 -0.387300808263086 0.0507769122291957 -0.109372624715849
0.241610149814209 -0.449316936114658 -0.120511756937261 -0.0610623819849625
0.0778896980113085 -0.536017186193703 -0.270264862926927 0.0524641382312014
-0.090131575242044 -0.50625073738371 -0.279439522084988 0.0834593892733158
-0.216930450938549 -0.380777512564767 -0.231765204624225 0.125442109480141
-0.283935517656597 -0.361014604529169 -0.274227620702297 0.249919856596956
-0.318143999638393 -0.295935287382637 -0.300804792730745 0.358558404162149
-0.214849471623411 -0.193575570836571 0.517126395314209 0.0614061846588488
-0.102476317977795 -0.264208187488317 0.352645699524493 0.0956685964700248
-0.00338616251562072 -0.28149854593561 0.173092824376863 0.143681829662469
0.110150550107975 -0.307301074717021 0.179828954269004 0.0831201129624128
0.181948268857828 -0.249666551472918 0.219150869466321 -0.0436716645330621
0.23011260073922 -0.206284427568623 0.296391738587124 -0.118185205789753
0.302192658376971 -0.208212297813798 0.360300146914736 -0.224014617021957
0.326098814606083 -0.243622699565801 0.343069832930026 -0.265094246805117
0.277698883221182 -0.310648982743419 0.156947101764986 -0.244612221506615
0.144183378974618 -0.357006046698298 -0.084171147741693 -0.167500500288424
0.00424644881867136 -0.414996851358302 -0.264584304433122 0.000455518946967866
-0.121980562033781 -0.375256723814048 -0.251479228463281 0.102459936877435
-0.208478754178554 -0.269583672669213 -0.161316711281141 0.191255554488365
-0.253928803226528 -0.255647656689113 -0.161775579427746 0.317583716386386
-0.26412202689824 -0.216930563566199 -0.169637907773023 0.4477590092697
-0.110818676038473 -0.0809976322504202 0.542187339252158 0.127451992868032
-0.0440710015733015 -0.133312999068438 0.341047696908342 0.155818966196197
0.022561428143767 -0.135897583044906 0.137630285764199 0.172889008898052
0.0743833304851869 -0.150280251004419 0.16411340152602 0.0902804045870851
0.103004042898183 -0.10402870699592 0.221888549730819 -0.0429735369479286
0.125881383007185 -0.0833712336633142 0.33681564068493 -0.115588466638132
0.155650450215317 -0.100120515516825 0.443838101520949 -0.238134615473877
0.170066360330333 -0.130273554215508 0.43220964904178 -0.343072580485985
0.141589796011174 -0.170710587016305 0.217079403678533 -0.342965887253741
0.0593343833019929 -0.19464434026479 -0.0711097040308421 -0.240106118322655
-0.0184534217716432 -0.225986842638516 -0.261462783959421 -0.0413713500812644
-0.0776536326168474 -0.207326405418591 -0.22141232549068 0.103301450066912
-0.120660930708799 -0.140313723583835 -0.095460185326169 0.219063445783937
-0.149308179871671 -0.136026685476973 -0.0655449893164136 0.340014759667153
-0.147114788587727 -0.119143097574973 -0.0649735141074179 0.493917644086437
0.0217663834236817 -0.0128873464622028 -0.0395508860910837 -0.450327610055032
0.0182475275583408 -0.0416214800643159 -0.053502206727832 -0.346663959808556
0.00814584402212737 -0.00253047523720521 0.027546172179141 -0.234869749795085
0.0129729126452166 0.00670263129889012 0.146368762676354 -0.100724526437845
0.0135697049417733 0.0130152200087723 0.233942542527335 0.0546146866832208
0.0237558134775762 0.0140343097674073 0.0667647780689382 0.207356177188858
0.0420417359456265 -0.00902312966883127 -0.233332901625216 0.34280392363578
0.0294220759045325 -0.00989844466268516 -0.43076841493521 0.340001219097134
0.0325697843839839 -0.00706654853345184 -0.484518221634457 0.25081828520744
0.0197343500370582 0.00988507717445377 -0.35580276267132 0.15794492332081
-0.000848748921447381 0.029955326675665 -0.228311058113564 0.0607297027555081
-0.0126136890162284 0.022051080746916 -0.15123379830172 -0.041979037201119
-0.0069569194492786 0.0265824212876832 -0.123514532576082 -0.155800561040207
0.00998578837552171 0.00656162045453313 -0.284529166414025 -0.158184214760569
0.0234607720704297 0.01125688350719 -0.528425675529671 -0.111916050716133
-0.157109002173174 -0.103379225836659 0.0056769955160293 -0.418596572959354
-0.13874395988327 -0.137605980321873 -0.0271974463666475 -0.324609857385106
-0.14585170629959 -0.132348640259456 0.0441515062159066 -0.204632749023742
-0.0877981165118868 -0.179859903885074 0.14209401576568 -0.0690911274436872
-0.00782290321188864 -0.197782598801523 0.221047666420372 0.0709294977835128
0.0762455835433328 -0.189546170467052 0.0713906762793915 0.206383400718481
0.184261472233949 -0.178040763152271 -0.215746467947607 0.300431198421767
0.206989508982424 -0.141389699922577 -0.39603627071179 0.312916388115034
0.204284529946729 -0.109177681063248 -0.458774929156168 0.240182273047382
0.154462292580013 -0.0782540723611323 -0.34911768277559 0.15735008536984
0.106745900550266 -0.0791774018860524 -0.247825613209342 0.0733109925297153
0.0660498023757809 -0.0945209552197928 -0.171760249565472 -0.0421124126843858
0.0236147582050212 -0.0994745861989508 -0.153189309192007 -0.164680177905429
-0.00727589716618416 -0.145339296966996 -0.3196352183569 -0.151090662244237
-0.0605899776593166 -0.126775566744995 -0.547064045883019 -0.0879216286933587
-0.296306367057538 -0.181589818481692 0.104820159694207 -0.362049879123588
-0.258099933074092 -0.229849261343162 0.0522532448328236 -0.286820188166723
-0.25622522909099 -0.262057115288194 0.0902349983372494 -0.165476913943061
-0.150057581504918 -0.358099458034615 0.154237580546269 -0.0433283216654701
-0.0034184202016325 -0.385761144503721 0.207566594073966 0.0612856337899556
0.136017092797424 -0.361807592207655 0.0845098497579154 0.159041525855269
0.306945643521517 -0.314151931405257 -0.152869322231089 0.200606850319435
0.354266749775114 -0.253282302812014 -0.297819900044995 0.235972757155187
0.346233827038378 -0.214498882873458 -0.373902522900876 0.208171314157608
0.271260795879567 -0.19468826954272 -0.317397777852736 0.15619510883435
0.197441835952712 -0.232726238480516 -0.271552811764426 0.0962446767754275
0.117221094184193 -0.25404152643241 -0.215216759030788 -0.0303668894508876
0.0212002676334152 -0.243612509141048 -0.211200019046977 -0.145066675508911
-0.0538086738350066 -0.287905014272528 -0.368330944185945 -0.0990715165143878
-0.151230451292172 -0.244399663945459 -0.544159787254295 -0.0108679663802885
-0.372298324691447 -0.241899307698677 0.231462936701382 -0.275313513184169
-0.306431883492821 -0.314749797147847 0.164610900724052 -0.221733993913591
-0.28176236300403 -0.376853709507461 0.151386005364025 -0.107164928124895
-0.135707098022848 -0.497429969978741 0.176275975932627 -0.0175249139043004
0.0449686957666112 -0.51190514389598 0.198826836135916 0.0291589670916603
0.205865693294383 -0.460506187407528 0.113655945552496 0.0727775225816134
0.395069568698072 -0.388923762998691 -0.0463356567432773 0.0648698688654048
0.449924487127501 -0.327975568947818 -0.147609629526428 0.121980887911857
0.432724358134024 -0.317264172243588 -0.242941827294359 0.141016642273801
0.336318827625044 -0.334064026717659 -0.257045536168981 0.12760145495823
0.22563580625538 -0.414498107889964 -0.284223402401182 0.111352322259079
0.0965360388627034 -0.432366465103968 -0.262447704602276 0.00168601290556957
-0.0439606032003353 -0.374066346267449 -0.264438629805418 -0.0773971864921705
-0.141266942916543 -0.389425403474034 -0.393552421547963 0.00516288986279145
-0.240998490198 -0.318318985874135 -0.505781533141485 0.106523704892616
-0.37242242730097 -0.273415165975024 0.358216299589642 -0.165794037961218
-0.27781093598284 -0.367056003132202 0.272958376490213 -0.123172530314383
-0.214237748063585 -0.436884242965882 0.200224915964008 -0.021489350442084
-0.0446873327252307 -0.545008129900238 0.19591932668906 0.0171289683482948
0.126798385403639 -0.527392862696338 0.20173500612879 -0.00981971545630535
0.267743600000689 -0.454255467527677 0.165385582863733 -0.0234886957743688
0.430723298300639 -0.385982512368556 0.0913660330908728 -0.0709800936438581
0.479354651490797 -0.354073170924205 0.0271966616502669 -0.0141035686169522
0.446150406250727 -0.386687969815107 -0.0903702435131915 0.0295091333439398
0.320490622353378 -0.437686422040853 -0.182188129440484 0.049529453316909
0.172875673954504 -0.541532423488864 -0.280157623773015 0.0970770566679767
0.00435492899819185 -0.535724681899948 -0.288194473104879 0.0458080686483236
-0.145826782488309 -0.429316503997879 -0.276679073712559 0.0266700297093807
-0.236156134313007 -0.417026145494972 -0.363257788823796 0.137537532759345
-0.307584434084608 -0.335423411199864 -0.420009063283595 0.241230689364065
-0.311586659213032 -0.261104828372273 0.460433921001137 -0.0472406169208089
-0.192422101879095 -0.352190341729319 0.339660147648119 -0.00701361689209646
-0.096585522207867 -0.402919626293587 0.206920812351973 0.0732336893708736
0.0636903082940383 -0.469274725504162 0.197795446042594 0.0557901246049986
0.191327761998884 -0.420545312250276 0.211783822199955 -0.0359609665870763
0.283440731981818 -0.351492976435649 0.233412147726205 -0.0926154920983104
0.400468001169091 -0.316014008373621 0.235573888532051 -0.172649638626982
0.436870091572947 -0.323032013427783 0.200836046295486 -0.152100195851077
0.389006813491642 -0.388700177593217 0.0518674539128654 -0.110635663254633
0.242765267944528 -0.450558191662165 -0.120340133972243 -0.0620346536469424
0.0776119127442771 -0.538243458669958 -0.271268151669671 0.0533281880687641
-0.0916362419497051 -0.509587778044114 -0.282028236810557 0.0842320867657899
-0.218213480772657 -0.383428992196666 -0.234030903677113 0.127155096947898
-0.285101580168771 -0.363383535422077 -0.274312330494669 0.252191740576442
-0.320210099673625 -0.297710950060941 -0.29903418424288 0.363533107213625
-0.216882857679839 -0.194887749273542 0.520907477964688 0.0599181772781791
-0.103040996220061 -0.266082307824526 0.354464789478722 0.0934747854396994
-0.00359582317635645 -0.283436157438908 0.174559317531343 0.144493772053844
0.110681869624116 -0.309317959781646 0.181619868546898 0.0827266415604613
0.183110061974742 -0.251907356515616 0.219671615929968 -0.0440176161643402
0.231511659275191 -0.207827341416586 0.298472885581978 -0.117845471942602
0.303929255187073 -0.209416386519349 0.360885979671373 -0.225672497460707
0.328678509542229 -0.245198483867298 0.343327322557163 -0.267604947418518
0.280060900217702 -0.311654793290596 0.158789986888897 -0.246776999909924
0.143289357038474 -0.359993543445392 -0.0842955717566806 -0.168739874959499
0.00249706425973182 -0.417799682291451 -0.265671035635208 0.00136571353881081
-0.123180173874186 -0.378999911350864 -0.253944906367336 0.103770747062388
-0.210114367102254 -0.271389707787372 -0.16293422026848 0.192718529619389
-0.256458202017638 -0.257569127274453 -0.162108042259905 0.321258919208738
-0.265156076097857 -0.218378178140042 -0.169868185848663 0.450188379556562
-0.111563748720967 -0.0815065978713022 0.546569207500749 0.126526099822317
-0.0437000012415999 -0.134007857019389 0.343373602297445 0.154702360013977
0.0228885624543252 -0.136326414565814 0.139009569576391 0.173810162297747
0.0750172122533236 -0.151473328051793 0.165849134492616 0.0894912161085967
0.104051105370282 -0.105638332792914 0.222392891265714 -0.0433638883925725
0.126489781010014 -0.0836224233074749 0.339791272348458 -0.116208525958699
0.156098715145049 -0.100396709315992 0.445604092220194 -0.240327549523625
0.17116643025053 -0.132122931222995 0.433517607806722 -0.347088040282511
0.142776718018408 -0.171923914284677 0.2182959189494 -0.347666269213627
0.0594844502057511 -0.195307368762646 -0.0708744073840027 -0.242401069236807
-0.0192789203088402 -0.226923243887558 -0.262977259115203 -0.0412738567858235
-0.0783249094575412 -0.208630915551207 -0.223124854664769 0.104218379706675
-0.121616508220504 -0.141721903522654 -0.096500749726326 0.220471893611288
-0.150665802340221 -0.136864855387516 -0.065437349288744 0.342682678530043
-0.148056314537887 -0.11970819652149 -0.0622378696440927 0.496776976629323
0.0223448268979203 -0.0127916044457572 -0.0415173022363263 -0.45489082027603
0.0179186841427756 -0.0422387339699481 -0.0551023021516375 -0.350437362276312
0.00843374682218015 -0.0028401664829524 0.0270327497224112 -0.237407166208954
0.0134809530134911 0.0069177679626358 0.147851749704822 -0.101726742068107
0.013721642735672 0.0133483991271184 0.235095022116701 0.0540230255113305
0.0239343898383004 0.0139726150988543 0.0670910110245556 0.209223131360118
0.0424336768165488 -0.00897267375956665 -0.233413572331192 0.347065485371805
0.0297192275882345 -0.0104397132706365 -0.4329649396338 0.341741982519287
0.0332934977765049 -0.00750143939541114 -0.486833338332899 0.253726523725434
0.0201461094525949 0.00948572818233793 -0.357389630784283 0.159674242919591
-9.05895224076877E-05 0.0302013167173367 -0.230340778596105 0.061168319218319
-0.012483652351727 0.0226358894346345 -0.152748563947665 -0.0416531777005113
-0.00677888614684933 0.0268609274553955 -0.125565918387934 -0.156612516101494
0.0100537586165466 0.00652011272554461 -0.286957748462726 -0.157770539700647
0.0241969282534001 0.0113259183793597 -0.533120270219272 -0.110176708581077
-0.158025566464262 -0.104174383990031 0.00469486825029488 -0.422288882486859
-0.140423070691603 -0.138484822968191 -0.029494470133728 -0.327458923928603
-0.147503058758161 -0.133684244201496 0.0434091870047314 -0.20646225247415
-0.0894354856153426 -0.181830651031893 0.142981027240458 -0.0700686866732746
-0.00787515904470647 -0.199278765793387 0.222067693452945 0.0711944326928343
0.0767433601111514 -0.191160364133643 0.0717809062176467 0.20830131831383
0.185059249926643 -0.179803369464493 -0.217299185248123 0.303436411573679
0.208098236977374 -0.143541742748043 -0.399524111031212 0.314975437018883
0.205376300591368 -0.110379524010275 -0.460694548207935 0.242476930714863
0.15574527089853 -0.0791878122146991 -0.35055557502352 0.158653256622349
0.108402654774841 -0.0801695600354109 -0.249626883720169 0.0738671873000424
0.06666565257255 -0.0940388679770259 -0.173199785858309 -0.0417189618322183
0.0235821325918222 -0.100484938029637 -0.15537609583877 -0.165982066459554
-0.00743448744942003 -0.146863038406801 -0.322007937697091 -0.150693659106505
-0.061291134194571 -0.127541219587306 -0.551862113892626 -0.0869424754824268
-0.300052410614283 -0.182281839411083 0.103503843226973 -0.366377568820053
-0.260340536350921 -0.230966558487697 0.0511077720279555 -0.290126749039015
-0.25805229943731 -0.263215487647676 0.0894262053981928 -0.166938921490041
-0.151795252489738 -0.361250656637426 0.155260019857711 -0.0442769872309823
-0.00460225519547804 -0.389711956970807 0.207798623465935 0.0621485111340992
0.135678027173902 -0.365372578659446 0.0851680903432016 0.160649601238486
0.308396087822118 -0.317683876867617 -0.15395500497846 0.202450638398504
0.356948916655911 -0.256650893345766 -0.299575905601253 0.238560703755111
0.347737871940204 -0.217221502567603 -0.375670109363247 0.211352338250571
0.273184610851384 -0.196585790870533 -0.318556543480705 0.157353109983434
0.198477022079115 -0.234988072757179 -0.273298524540769 0.0978314805673144
0.117589764797897 -0.256132932881192 -0.217012608763472 -0.0299286689934347
0.0207275632556512 -0.245288213679102 -0.21341484970905 -0.145609824338778
-0.0550522849368772 -0.290432753245367 -0.370446387672494 -0.0975515844208546
-0.152004857704664 -0.245590517348362 -0.547515525776432 -0.00944222972815723
-0.375506130141087 -0.243477244722246 0.233104663818685 -0.278622218959715
-0.309947702083748 -0.31861156869187 0.163962968879337 -0.224658891474373
-0.285644329255448 -0.380086127927964 0.151946477161548 -0.108493349327398
-0.137231648791454 -0.502117421127495 0.176563258979779 -0.0180213290594552
0.0444015905992496 -0.518096625171388 0.200005103275368 0.0295905073761578
0.207466723592008 -0.465890616403978 0.113810829169196 0.0741899194548175
0.398095224940421 -0.39291946531954 -0.0475897248990221 0.0645383679600428
0.453731437965976 -0.333879080568119 -0.149263750093045 0.122899259468374
0.436339042977313 -0.32036296945919 -0.243787162374569 0.142837342869725
0.336783223034745 -0.336629193437079 -0.25807243669866 0.128489379978781
0.226928486590581 -0.417528461496851 -0.285950197295289 0.113214495840799
0.096008525622361 -0.435631615695467 -0.264939874476833 0.00166709465838287
-0.0438091114440826 -0.378266887560285 -0.268414512263221 -0.0772339156762702
-0.142855477552385 -0.393203515348876 -0.397090078098645 0.00755622330787785
-0.243710367935399 -0.319736412038989 -0.507325702854734 0.10970187921876
-0.376642946627073 -0.274007212174998 0.361032658040936 -0.170335328813769
-0.280215532374202 -0.369528039562427 0.274016514284007 -0.125955295866889
-0.217374401175557 -0.440395209488906 0.201577917041751 -0.022139634130748
-0.0469133966507693 -0.549980880267367 0.197270572440279 0.0160860465897724
0.128230176173577 -0.531771970156623 0.20236086670823 -0.0100735410582448
0.268540927317301 -0.460180035138367 0.166668265570756 -0.023501639923242
0.433046839585659 -0.389289413888939 0.0911426096944171 -0.0732442585736258
0.482838808123188 -0.357726939014073 0.0274093831177856 -0.0151358454898712
0.450212173837484 -0.389809658708021 -0.0900226384512937 0.0298301876141012
0.322236708281847 -0.440770202158751 -0.183190324247079 0.0492915533209368
0.170937803174552 -0.545961343243209 -0.281637625960753 0.0983575653418019
0.00241671006317759 -0.540651516528418 -0.291262016002281 0.0469859767511653
-0.146624869814621 -0.433678507504967 -0.280632343285012 0.027613583426523
-0.239795859318429 -0.41969501735577 -0.365545974960399 0.140716699082068
-0.309085616317646 -0.337484243344416 -0.4214723264595 0.24473346948387
-0.315404489087961 -0.261601947572827 0.463349396788427 -0.0493963013053298
-0.193952503255442 -0.355551703497824 0.341735862868983 -0.00926583912538377
-0.0986697730066123 -0.406418889913134 0.208039749881916 0.0737974765448277
0.0631241438639427 -0.473188816218549 0.199430283936015 0.0548279323122177
0.192171361149907 -0.424314061153151 0.213213072361361 -0.0363398057436118
0.285369366439158 -0.354418198223333 0.235590350110566 -0.0936662868385078
0.402948663346854 -0.319249778741561 0.236736281071713 -0.174863771121824
0.43983278165692 -0.327698456432936 0.201995590599931 -0.153822002577923
0.391845516767111 -0.393147506906998 0.052625618043639 -0.111784836996803
0.244987436522775 -0.454510627229948 -0.120898064566059 -0.0627647019964317
0.0772304357603476 -0.544534272649526 -0.272864533264627 0.0544915122168997
-0.0931359486909256 -0.51264940854036 -0.285018327925045 0.0858927369116343
-0.220201747644149 -0.387448174753013 -0.236515988308355 0.128397623099018
-0.289573023578049 -0.364830145112618 -0.275326136976352 0.256285925307995
-0.323312000174049 -0.298063969963182 -0.300008415902008 0.367708179538835
-0.218919285141334 -0.196169560838325 0.523539470593654 0.0577994034533677
-0.104314653079188 -0.26755980369863 0.357137505337828 0.0934280383157047
-0.00390041008541843 -0.285419933045609 0.175833492093868 0.145118978046466
0.110224363216891 -0.311260193158589 0.183513121698632 0.0823047796821719
0.184915327614382 -0.2539208933927 0.220240435617181 -0.0448469425926411
0.23342233750367 -0.209662475722223 0.300541932477837 -0.119549480300013
0.305326681321497 -0.211480474437246 0.364051697462298 -0.228761469699868
0.330138385817046 -0.248032507530184 0.345480308246509 -0.271134290532635
0.280835978046044 -0.315213585163954 0.159940523609154 -0.24982204797995
0.144465562483275 -0.362628559731885 -0.0848442668550895 -0.170888277356665
0.00276981445381695 -0.420790830718406 -0.267695635357173 0.00200667600023253
-0.124971835503463 -0.381687728758585 -0.257090243878051 0.105037592900904
-0.212723358134875 -0.273523613552698 -0.164568831877488 0.19492119257006
-0.258752184959618 -0.257462940365529 -0.161432821383475 0.324605837178547
-0.268010491904621 -0.21981282889808 -0.168035738139566 0.456309626179932
-0.112717045512849 -0.082073974678862 0.550831633085923 0.125085376014641
-0.0441164168181653 -0.135051248615669 0.345029711511833 0.15482254524687
0.0229103964953996 -0.137472258554051 0.141212217587197 0.174938049149606
0.074388598650881 -0.152366841900255 0.167497981026507 0.0892928810401122
0.10504385361855 -0.106743634966087 0.223028136056686 -0.0442332030237142
0.127195451022408 -0.084796774789678 0.342310915140461 -0.118763483686053
0.156380380186933 -0.101359860886809 0.447440583646316 -0.243156365588117
0.172316171568081 -0.133657009217998 0.435979658510075 -0.350194447365072
0.144286086780072 -0.173138883710444 0.220168683092805 -0.352153735033233
0.059548274717785 -0.197084267038878 -0.0717984794104345 -0.24480196172634
-0.0201309308840586 -0.228567053881858 -0.264914872196175 -0.0410069744778384
-0.0795328331626327 -0.210213040522762 -0.22524387447002 0.105847447884698
-0.122766160258006 -0.142693307947656 -0.0972406962869053 0.222298720944435
-0.152343389925431 -0.137739120494228 -0.0643830353042206 0.347408557046071
-0.14914439467417 -0.120552247871745 -0.0612285023965667 0.502183801032404
0.0232575900429654 -0.0132377164636972 -0.0434623987713114 -0.461049866807894
0.0171639255017703 -0.0433881504905602 -0.0584156963789807 -0.354229454186429
0.00843254203698944 -0.00278946934075381 0.0264441764203134 -0.239887080984017
0.0140051269306718 0.00739330431989017 0.148924187364466 -0.103950488282193
0.0138585209661358 0.0135180991709459 0.23777810467129 0.0532912153213303
0.0243397659696745 0.0133845060954532 0.0679510194310262 0.21138846129746
0.0428469726681198 -0.00954203851886688 -0.234469295547202 0.350913154692592
0.029387088840248 -0.0108332939660452 -0.43349137287728 0.347449313862448
0.0333820248084592 -0.00826552824577418 -0.488388423462001 0.258546047465952
0.0204372507306531 0.00914462302947222 -0.359051633292212 0.162002446760897
0.00083412014990688 0.0306469939851186 -0.231764776213921 0.0627926320051478
-0.0124359212876397 0.0233933485411139 -0.154544948724284 -0.0408070727184579
-0.0065380934554563 0.0270073778470992 -0.128037403047256 -0.157736780059093
0.0101243550317061 0.00616672308015628 -0.289091268107656 -0.156236998373031
0.0249011908062867 0.0114828958485313 -0.537592776781032 -0.109210637369437
-0.15900859334074 -0.1038290377048 0.00216605009199583 -0.428540437679315
-0.142910138786957 -0.139084031049206 -0.0310793161998908 -0.330972374682682
-0.148848460769913 -0.133664981932681 0.0430072360704087 -0.208622837838185
-0.0907174316863146 -0.183277866444925 0.144180167796556 -0.0716898849616999
-0.00901090941261912 -0.201177393839967 0.224062374362797 0.0713103062107127
0.0765632208168153 -0.193185345932033 0.0718971659140444 0.209741582925679
0.185382007276527 -0.182484217586313 -0.218291644990869 0.307799947006124
0.209150146898124 -0.146461453975891 -0.401278836612378 0.3193633699213
0.207042223250687 -0.112150055703617 -0.463087564275425 0.245974740486458
0.156816663991767 -0.0804417741042658 -0.352499468848049 0.161058762934244
0.108952268880802 -0.080507020979234 -0.25098134957475 0.0755812846069107
0.066853851140698 -0.0946120378752671 -0.175290340035292 -0.0412243688808232
0.0238457743314037 -0.101070999450843 -0.158229386561619 -0.16618430514427
-0.00821668462104721 -0.148045862519122 -0.32480812985815 -0.149640616580588
-0.0616681567070895 -0.128773374370475 -0.556521065296725 -0.0842634450446183
-0.303013085421561 -0.181658531637553 0.101945806430497 -0.371493565740222
-0.263702927096155 -0.232302950037426 0.0489416593837086 -0.293684738830075
-0.260919620752937 -0.264164108434288 0.0892666036737222 -0.168864148764909
-0.154673549542245 -0.364590885782051 0.155808002266457 -0.0452313290039161
-0.00693311836993782 -0.393890185497877 0.20889895549979 0.0626857433442313
0.135520702974314 -0.368178224398395 0.0850409919050011 0.162353343640907
0.311384334661743 -0.321797368589989 -0.156019039715942 0.203986753185935
0.358870673229599 -0.260998906070386 -0.300791201720968 0.241454005844349
0.350836228436539 -0.220053218650893 -0.376793387569229 0.21369786139243
0.275047979584696 -0.198823032232237 -0.319769472063102 0.159336988169723
0.200010775686995 -0.237123584788442 -0.27534590317217 0.0995215366944715
0.11758868709808 -0.257425327602927 -0.21881192259509 -0.0293242572049719
0.020588981281004 -0.247943075432276 -0.21703353339493 -0.145384587144303
-0.0560442456623272 -0.293347449699177 -0.373284276542961 -0.0955786664777205
-0.154168136307163 -0.247421200045153 -0.55239557297768 -0.00642922750863166
-0.38008710551886 -0.243778251960682 0.233838345094055 -0.284793690216363
-0.313014682475872 -0.320453195916181 0.163307622790907 -0.228027460622001
-0.288352955016644 -0.382931626092314 0.152469799576041 -0.109358938964197
-0.140178560725639 -0.505373067057559 0.177843668949358 -0.0197348736507021
0.0430777589035336 -0.523636369156476 0.200488616046959 0.0299109215591973
0.206992258838376 -0.470735067407814 0.114357833125974 0.0741315610224912
0.398379752895447 -0.398581785703193 -0.0491594785290767 0.0646992912004316
0.456799649296397 -0.338051993311491 -0.149706441688691 0.124441821935626
0.439061332995507 -0.325507523154869 -0.244706116988729 0.145081328904897
0.338214252030056 -0.339220256466919 -0.259315812065131 0.129787385943602
0.227112609720261 -0.42120936143336 -0.28720049549163 0.115830344131092
0.094518648469825 -0.439514826490364 -0.267927265729389 0.00310934136487771
-0.0467545652350953 -0.379688304663845 -0.271980264531668 -0.0759264960790883
-0.146202242320776 -0.396258182755803 -0.399285458388623 0.0106692123441286
-0.246306950643878 -0.321539374114908 -0.510818211071852 0.114218370413896
-0.381141948426947 -0.274073427750996 0.363769876383834 -0.174580336987144
-0.2836547189363 -0.37145160428802 0.274868414973118 -0.129868547205311
-0.220790180440694 -0.4439485836633 0.202610277688306 -0.0233135979957771
-0.04945218041372 -0.554882962284112 0.199339834063593 0.014679294641333
0.127128487106221 -0.537281411003492 0.203380315897487 -0.00996806272878197
0.269536523343127 -0.463287502423957 0.167313376253836 -0.0240996709633742
0.434093482444116 -0.394988007914113 0.0903207070163011 -0.0743703114534957
0.485108159045495 -0.363131158125703 0.0271478481888221 -0.0156367711059754
0.453485311884458 -0.394719447659402 -0.0903540520538456 0.030383266709904
0.324377637215628 -0.446140796297569 -0.184386147245052 0.0498242767864798
0.170686980232404 -0.551457202094464 -0.28335353881543 0.10153965989485
0.000521744626948279 -0.545345472060199 -0.293937847928056 0.0487244357620681
-0.149956149664254 -0.4366388696405 -0.283729796026638 0.0296202248008728
-0.243594429343015 -0.422227037882101 -0.366658343580805 0.145328467945721
-0.313574022412511 -0.337934967833867 -0.422022295597078 0.250424017742333
-0.318910956174111 -0.262616671479453 0.466892754262049 -0.0526869651531025
-0.198437658034084 -0.356854760335164 0.343426323519478 -0.0114548208193611
-0.100193543082501 -0.409180924198147 0.210251210564674 0.0741000662496972
0.061102292821113 -0.477756157340331 0.201876532351119 0.0538689549992551
0.192191394356514 -0.429897202177015 0.213315335697807 -0.0365099580273536
0.286539345311239 -0.358449678585178 0.237126052300915 -0.0947041231719635
0.404807203454576 -0.323286085658156 0.236898463544265 -0.178109840844655
0.443209805932908 -0.33378100446001 0.202096775415796 -0.156173920192692
0.395364346536133 -0.397849770435388 0.0527500000799276 -0.113141175235452
0.244465799435109 -0.460483192007765 -0.121663811942057 -0.0635012301719522
0.0746791089679789 -0.549337800019918 -0.274490976580262 0.0566539487421804
-0.0971431661422981 -0.516486506432196 -0.287264195427621 0.0878747094617692
-0.222863078480444 -0.389945522382453 -0.239359422270278 0.13120990656924
-0.293368480002594 -0.367494105021187 -0.275922288625121 0.260798956183032
-0.325678536047516 -0.299819632316024 -0.299228524166624 0.373953393637073
-0.222515917786665 -0.196413683709047 0.528640195669866 0.0561729550623752
-0.105063175964385 -0.270531537275728 0.3588488768099 0.0912090127988357
-0.00477412128634546 -0.287938091616358 0.178812241085319 0.146176264367886
0.109446300381519 -0.314933777929579 0.185971452677974 0.081034207238732
0.184883672823373 -0.257702440449458 0.221312828584338 -0.0456017021476694
0.234654364089527 -0.212121276257384 0.303478784837462 -0.121053057650881
0.307163862718777 -0.214865984346724 0.365081273156922 -0.233507622303313
0.332720227200126 -0.252013040590175 0.346284997839109 -0.275182330577555
0.282792731627707 -0.319563629280308 0.160291112844252 -0.252841419724837
0.145733817242014 -0.365771124215829 -0.0861897733018272 -0.172904040254689
0.0007245487491757 -0.424540356675712 -0.269156443648246 0.00279432315470154
-0.12805720942973 -0.38453980202913 -0.258932868814886 0.107538721479983
-0.215057046983233 -0.275930659384519 -0.16641961557891 0.197710211041177
-0.26235414571398 -0.259482749144265 -0.160876820688222 0.329082743416468
-0.270022981827005 -0.22038623463198 -0.166738763161623 0.46194887744946
-0.113758943252973 -0.0823365706722863 0.555267588563528 0.122375244601351
-0.0445605251460625 -0.13586135419687 0.347252046914919 0.153629878602983
0.022748605584064 -0.138923942002639 0.143604412913332 0.175600352103156
0.0739328988425177 -0.153551131220914 0.170031745253736 0.0881321418068106
0.105573952350571 -0.108389382664809 0.224501081126733 -0.0454685175731864
0.128531966496965 -0.0856075624522218 0.345682915550045 -0.121169319842245
0.156516336375265 -0.102407205071389 0.450518688791346 -0.246439120982106
0.172681983448732 -0.135642345455359 0.437580143155017 -0.354870623200527
0.145065822667152 -0.175842362002215 0.220279433231923 -0.354890222681427
0.0595065737346083 -0.198615386386712 -0.0727489565667026 -0.247854097018327
-0.0214807886520152 -0.230803752327672 -0.267197071310524 -0.0396789950887319
-0.0811728295151719 -0.211706070203105 -0.227184154614479 0.107753521382617
-0.124649807805133 -0.143527725305162 -0.0979356004325251 0.225079796105507
-0.154376288628013 -0.138189136430948 -0.0635778253062622 0.351519035112784
-0.150736079508909 -0.121624447249132 -0.057305430995833 0.508221840028121
0.0154879872181414 -0.0171055008185037 -0.0636271696201034 -0.459709812518558
0.00582581821977326 -0.0463305033238276 -0.0736936227537101 -0.351443045388133
0.00536444869382496 -0.00542230030600697 0.0132107583396272 -0.240832406882984
0.0155436074377641 0.00284874647568601 0.142742376177354 -0.110892121954428
0.0187452677316952 0.0104664977947517 0.240537680099231 0.0396575755319852
0.028505281462303 0.013025144710672 0.0780205715374074 0.209501205631474
0.0414519530047384 -0.0108930850208597 -0.214101734132502 0.371086318648035
0.0284446821837158 -0.00917594581793742 -0.416275266001456 0.377663035807488
0.0322032453024457 -0.0115956022730345 -0.485054244786115 0.29402977530588
0.021893363514922 0.00323452429562797 -0.361840969120094 0.187634186575381
0.00382305152665133 0.0267859734744453 -0.235416047854496 0.0778148073596765
-0.00837490896636288 0.0225011130616069 -0.162514661092152 -0.0340343894014047
-0.000864403060615304 0.026565293818547 -0.141739808712288 -0.156266743061093
0.0156782349327162 0.00191643047990668 -0.307477093200856 -0.144999021404214
0.0291237487024848 0.00291344702045223 -0.55436230516497 -0.0888549619482571
-0.172548596016578 -0.088898340985947 -0.0069820185643613 -0.441006987103192
-0.160411422263371 -0.126946731551381 -0.0398240084580376 -0.338734807587878
-0.162636164690182 -0.120251565442457 0.0440948954878391 -0.222530237635823
-0.106875251280899 -0.174424078209168 0.156802262849726 -0.0826787037977346
-0.0215799151430949 -0.200520114116745 0.242892805471106 0.0574996972408839
0.0661360351305081 -0.196396106695187 0.0923327896235339 0.212129415795425
0.169962691680089 -0.199105040475188 -0.199942204328822 0.341607398334987
0.19813526213675 -0.154416398791459 -0.379771984412031 0.349146630739303
0.19608378150665 -0.129595109031187 -0.458576920701077 0.28050221228892
0.151486538267781 -0.0967615574189931 -0.357567195253202 0.188517218410844
0.102133754368559 -0.0921518175359016 -0.254576613907644 0.0961085551785817
0.0610262005823779 -0.102669791040629 -0.184348519882193 -0.027181444401051
0.0201829345215596 -0.105719985919318 -0.174181670816577 -0.157447601438551
-0.013661568725956 -0.156167178070409 -0.348724670499437 -0.1263601794857
-0.069038425692184 -0.136611512796054 -0.574683659228551 -0.0534346005217781
-0.319175303165702 -0.152419548171103 0.103505467151292 -0.399151393269233
-0.286668300952741 -0.209411017459816 0.0493744730725873 -0.311773879058798
-0.285485175395935 -0.238961489702205 0.105301697053906 -0.193059783784061
-0.188012119036874 -0.34830813145158 0.186678716779105 -0.0582305929866066
-0.0355356881770141 -0.390765946388289 0.240281817353485 0.0502305303549806
0.113194065659393 -0.374957346871071 0.11163785681167 0.167009475351548
0.281110037169028 -0.352663960122848 -0.143963587740707 0.248368573489598
0.340695562720232 -0.277214875243025 -0.279657162597765 0.265363308256911
0.329461964580518 -0.248664059329595 -0.373460590204213 0.241989260556501
0.260134285638317 -0.223966732312512 -0.324350769236239 0.189244722383291
0.179219708265722 -0.254903433231293 -0.277237547797319 0.12699376997859
0.0979692099722194 -0.270489323316555 -0.227805589668364 -0.00716817228528939
0.00611193431679426 -0.253794190877106 -0.232164247577516 -0.126076071780891
-0.0732510000211831 -0.302112946970304 -0.398652991738224 -0.0587988997548181
-0.171584355991356 -0.254104490333819 -0.566837556079377 0.0359359171592138
-0.398497858713257 -0.207450963509714 0.242447163791157 -0.322200842693228
-0.340382412450345 -0.291641920055983 0.17271596947696 -0.254855567033138
-0.323086577436069 -0.354139256368626 0.181470489882037 -0.138632082521876
-0.189766983870134 -0.490219057937377 0.221065473158491 -0.0289033575033021
0.000917708224607201 -0.524595548148321 0.238239202099928 0.0219698591667317
0.176254027965706 -0.482297156273653 0.14146431901638 0.0813306316964065
0.363959900105575 -0.438130850329618 -0.0471486630009986 0.108828670305374
0.432318802888259 -0.360979403309158 -0.133310916523799 0.139011896156264
0.407971077670502 -0.360240965719763 -0.242059001301714 0.164093665606165
0.312365695505114 -0.368944053403199 -0.263275483335091 0.158610917016798
0.191826821554229 -0.44030584640219 -0.286166024432668 0.147359178653153
0.0593218505474142 -0.450332822326221 -0.27223612254111 0.0347850460504241
-0.0718717950488047 -0.382697510207656 -0.280456744722961 -0.0457210303954911
-0.172751579996948 -0.402829631164695 -0.418055734568012 0.0616855963289224
-0.272592170935382 -0.323568382363785 -0.516570837281107 0.164989721258567
-0.400278087072527 -0.238661114565811 0.379908820276366 -0.215783504014683
-0.314139238852912 -0.348200607089706 0.292353512473765 -0.15857650548343
-0.260562056870964 -0.421257779211158 0.240880087547895 -0.0481820981608636
-0.102050453741327 -0.547177428813243 0.245413623187836 0.011566766825125
0.0853206360706682 -0.545071736489695 0.238743270192316 -0.0127585029544429
0.237658346989936 -0.481452537695877 0.188092290410843 -0.0166341033878795
0.399263421867535 -0.439590242807754 0.0819303723415622 -0.0377486084716242
0.460502798403611 -0.389350856503629 0.0360025465639061 -0.0132559087964284
0.41654405434534 -0.432640720011463 -0.0908107038154856 0.0377101697372099
0.289300776435606 -0.473581861937362 -0.188753911363601 0.073115418937324
0.125874313311462 -0.564230410797767 -0.279165623569193 0.134009261429494
-0.0448209130739529 -0.549778111066336 -0.291720756002393 0.0849398492811146
-0.182560231569589 -0.432268179190264 -0.281461852745408 0.0652381612606782
-0.278348919952285 -0.423775983370939 -0.371852720446661 0.202517503778592
-0.344526781465279 -0.336929722055638 -0.417994748300605 0.304531693825707
-0.337214229237882 -0.234569093350917 0.487187254742966 -0.0941806338411677
-0.224961340135677 -0.340628490857156 0.365263957481782 -0.0398108626535964
-0.137593334136193 -0.397821939054671 0.250986443644806 0.0584068526709481
0.0141340758867799 -0.480116646162255 0.242454688800651 0.058312234527038
0.159026811457683 -0.444367745496608 0.240724821873295 -0.0361352951430325
0.261038005007816 -0.379679873080857 0.248479571369738 -0.0908085073653433
0.375838420886016 -0.365635018807529 0.219866524026186 -0.156603599419207
0.419343514787419 -0.358111541614818 0.201649374243105 -0.167098582366473
0.358238743350405 -0.428603454539051 0.0475505662168951 -0.118503328423119
0.209825327411695 -0.478753394775931 -0.129202122296768 -0.0487231561064921
0.0309786285919892 -0.554877907620501 -0.270923614584057 0.0857681942500942
-0.140611957220707 -0.513974219691092 -0.280518108339296 0.122179561150107
-0.253625343546652 -0.380330580883081 -0.227304645175548 0.164680009091708
-0.328920382268633 -0.361509244910753 -0.266105107430498 0.316359436626909
-0.357867153401214 -0.29417867954322 -0.284211428622406 0.422711144289525
-0.233744356284673 -0.178736072552756 0.549429490845884 0.0191443056070175
-0.123867091482503 -0.262144039423166 0.381841179792237 0.068462523669987
-0.0293176475491298 -0.286085793984204 0.211367935305088 0.138955102788197
0.0797973733618953 -0.323836370059101 0.213938035970322 0.0860906377196239
0.165068300270168 -0.274048154168149 0.236114625196733 -0.0458117613907951
0.220295618686054 -0.231574528193729 0.306912542245528 -0.123871705760817
0.289843508487615 -0.248155050537561 0.345181765651638 -0.229508184499541
0.315220804607427 -0.273201015987473 0.336261940650553 -0.29722878168759
0.255562689961481 -0.341188837236368 0.148952984557508 -0.268715047513342
0.117369336388948 -0.377033781709458 -0.0973278042151335 -0.166352222931841
-0.0318981995282074 -0.424861932868911 -0.269367604200259 0.0263340895997116
-0.160663964040729 -0.377773752649605 -0.250984352636991 0.135929970189708
-0.239217100704109 -0.264190970069134 -0.148315997725151 0.224140311130079
-0.291107286780327 -0.253077819778367 -0.14187824674687 0.373661234905882
-0.29769734515301 -0.213934376907662 -0.144099826562109 0.503554534952257
-0.11525148316333 -0.0767366203935595 0.5693333181346 0.0927170012633954
-0.0505415891516865 -0.134994315072451 0.364088074365381 0.133435511663255
0.0122902659378598 -0.140419878246635 0.164990774104597 0.171251727046285
0.0607194304232948 -0.159915104516911 0.185788959586132 0.0877572134364838
0.0982256105875693 -0.119649070734913 0.229357772460253 -0.0515308452164296
0.123629271511681 -0.0993712365610061 0.343570634450819 -0.131560600383305
0.149815024246629 -0.121199912828132 0.432036509710858 -0.263374588468006
0.163235710873113 -0.148509002078848 0.420105592303558 -0.384704890754476
0.129441877806444 -0.187382705475569 0.20345883309812 -0.377702495165232
0.0461505575296368 -0.202504838813468 -0.0880290953279947 -0.247738364097825
-0.0385102032091303 -0.22987001928523 -0.272852308634115 -0.0215131278154703
-0.09954375830657 -0.209346154813211 -0.222838017840679 0.130063703879497
-0.139349649931603 -0.137540789524267 -0.0818240134422464 0.242989407314544
-0.173101141265073 -0.134575994088526 -0.0415176838711183 0.381468680051491
-0.16894190693578 -0.117855248694486 -0.0334765335827819 0.536729062543922
0.0158978447104859 -0.0174552751696592 -0.0679118178735047 -0.463879606488334
0.00515560595633594 -0.0468611964244672 -0.0777084685304817 -0.354907509557148
0.00544108056952513 -0.00560027226114226 0.010814027968183 -0.243585948254132
0.015904230108832 0.00244993876927994 0.142823614506646 -0.112626063432644
0.0189965148790865 0.0106712308482509 0.243095793120423 0.038119714384347
0.0288663116852078 0.0127786633456918 0.0796022696973718 0.211435141416691
0.0416841130115634 -0.0116889012451702 -0.213052338144244 0.376000741152233
0.0282922004631792 -0.00965761782446012 -0.414927604027806 0.383587998052059
0.0323041565084695 -0.0124358011433442 -0.486916598417807 0.300407395559283
0.0222828090999356 0.00293250349058892 -0.362778158629883 0.191634558015634
0.00473480235542988 0.0274698649602735 -0.23702744677746 0.0802680227468844
-0.00857293859199197 0.0228646021131041 -0.164043346425671 -0.0321675052260175
-0.000287724273504833 0.0268469875095259 -0.144892710357703 -0.156134490055626
0.0158056329439742 0.00165237767660732 -0.311148422081148 -0.143202689571574
0.0293518308211169 0.00245511651813903 -0.560870612963395 -0.0849235440721526
-0.173877752839997 -0.0877062303734255 -0.0110087544115941 -0.447352302611411
-0.162731879542387 -0.127649921638014 -0.0432996229515052 -0.34261039915905
-0.164964489734709 -0.120305054262375 0.0428648375756817 -0.22576965553656
-0.109500957082175 -0.175408024360631 0.158066877651719 -0.0842304808875429
-0.0231092474892809 -0.202203389928856 0.244733217718699 0.0560552111267597
0.0658089624228149 -0.198859352355743 0.0939962719773983 0.213652922471142
0.16978656797955 -0.202801227588084 -0.199943805726571 0.346368046110739
0.198463657919827 -0.1580878101144 -0.3790157922716 0.355595372807351
0.196870686505006 -0.133082679550053 -0.459642437829749 0.286613805646926
0.152066649776262 -0.0990432598276807 -0.35696812755724 0.193488368137439
0.102709112658292 -0.0934813664054036 -0.255772798150671 0.0994448896835836
0.0608531408958455 -0.103707930857724 -0.186001876524444 -0.0258691744798672
0.0197742706277924 -0.106438572249367 -0.17774413058306 -0.157248549786378
-0.0145505774876918 -0.157882011859738 -0.35206924932991 -0.124225148694812
-0.0699777793697211 -0.137088533640849 -0.578534902207553 -0.0487087115426908
-0.323420098254436 -0.150667699350265 0.0998752927983755 -0.404829439071375
-0.290928558254848 -0.20967182418059 0.0463744816589793 -0.316336699896702
-0.290934806561822 -0.239328604247524 0.10404994968763 -0.195956815573842
-0.19313269323917 -0.348871958422128 0.187063727038942 -0.060384908653138
-0.0386625168566848 -0.394981295236976 0.242078677166947 0.0497606457425536
0.110774643869531 -0.379357089331275 0.112924299570049 0.16796261524313
0.28101323562734 -0.358841266592266 -0.143926439631492 0.251779009915982
0.340041338896538 -0.282478175030532 -0.279962669001562 0.269818430231272
0.330751344916211 -0.254549192199781 -0.374393883213342 0.248007604789284
0.26074130753586 -0.228089040456395 -0.325524100123306 0.193391276575621
0.179834483867964 -0.258393610464766 -0.278075254282321 0.130161327547715
0.0973866326902947 -0.273055845864102 -0.230472994345591 -0.00493310176468173
0.00451596995586417 -0.256057017749025 -0.236826050033069 -0.125211454491691
-0.0765381827740272 -0.304105524008986 -0.401316347086539 -0.0550829357863283
-0.174744811266552 -0.254196843103561 -0.570376058768175 0.0426279454514794
-0.403979405075741 -0.20596360051888 0.241242168283201 -0.329355437196764
-0.347338746334007 -0.291740616848743 0.170928150049266 -0.259325257993354
-0.329968391823873 -0.354373110712034 0.181831315279872 -0.141343484780595
-0.194418580765387 -0.493121984265121 0.222489846123869 -0.0322278703590037
-0.00279920049622737 -0.52987262979118 0.240353471776333 0.0209689018414391
0.173876592716571 -0.487261581250773 0.142396287899172 0.0813288637830753
0.363524956812093 -0.445576538939264 -0.0476028619499933 0.10992012653209
0.432704295162354 -0.368980000690732 -0.133980393354358 0.141171532703911
0.409504748814831 -0.366255506807296 -0.241937066195157 0.167206415000256
0.312801143269837 -0.374367224743249 -0.264021409898761 0.161115861666661
0.190255290009158 -0.446271025875041 -0.287102594120195 0.151282715346817
0.0574024713508521 -0.455823807949564 -0.274689974422635 0.0369837163274436
-0.0751652100121182 -0.387720557203509 -0.285032862691966 -0.0442975029013672
-0.177515783111335 -0.404962188424813 -0.420472931048201 0.0664801989777399
-0.27828063432379 -0.324756302958049 -0.51964921167543 0.172314929209844
-0.406157689441221 -0.23748232027459 0.379740090962971 -0.223248115815232
-0.320196836105734 -0.348112169870223 0.292069551652106 -0.163763629018125
-0.266270014085729 -0.421557948313862 0.242706087210594 -0.0505077175900133
-0.108241151097935 -0.552294457977861 0.247329684183111 0.00961491947308906
0.0815410314713441 -0.551881620960232 0.240530577839884 -0.0134398573467492
0.236815952698319 -0.48793450235383 0.189555384277349 -0.018135929617288
0.400573403066375 -0.446465576987449 0.0807246874729934 -0.039593315104512
0.460303739638183 -0.397801817602079 0.0359710682002667 -0.0136189630927824
0.418248946995676 -0.438442068114698 -0.0902543707830634 0.0383105501787672
0.287968701020419 -0.479658137277044 -0.189978635053996 0.07439594536864
0.122288120484071 -0.570011387230409 -0.280206142300217 0.137766239828309
-0.0479917315517738 -0.554657366363937 -0.295163984828148 0.088180365586566
-0.188312293568897 -0.434916844616727 -0.284854226072881 0.0684251593986704
-0.284672600412193 -0.42480349434151 -0.372701564936398 0.208850016934854
-0.349728959735472 -0.336254864680637 -0.418573750524825 0.310273478458532
-0.342851450247666 -0.234424186022802 0.4908978053564 -0.100533362682992
-0.229348882176175 -0.342641311188768 0.366878519451122 -0.0440506679581611
-0.140279755040865 -0.399542962503824 0.253161695741272 0.0565156209428374
0.0109921565657616 -0.486450675681608 0.244404124769722 0.0559168851968123
0.156832148347108 -0.449965357536454 0.241564778973465 -0.037519234715384
0.26019753438725 -0.384726499002969 0.250499134786045 -0.0937530073420381
0.378010178874589 -0.371822009849788 0.219532823439363 -0.160477221438268
0.418790148802101 -0.365607956286353 0.20181801732298 -0.170148873175082
0.358497462997333 -0.435897960055448 0.0473173846304399 -0.120220657273514
0.208663609673745 -0.484234147854039 -0.130550652199152 -0.0489078738325176
0.0268763021361093 -0.559180307743157 -0.272458881732567 0.0890266875815372
-0.144889160360388 -0.516470081785047 -0.282943665968256 0.125387431561888
-0.259463977701588 -0.382309030689429 -0.229197870430475 0.168088530110947
-0.334549499727103 -0.362440886763439 -0.265733879621227 0.322283464421414
-0.363097079914299 -0.294462004829235 -0.283092666930475 0.430864004336725
-0.237438013946153 -0.178618399056956 0.553348564685961 0.0143015537009194
-0.126229775466423 -0.263824994705458 0.384296517866815 0.064258196912908
-0.0322446147458178 -0.288433667474909 0.214606969457118 0.138442271232577
0.0777247808591686 -0.326727657267874 0.216085226273645 0.0847384017610381
0.16487395086087 -0.278140189753576 0.237289412619485 -0.0476574234298704
0.220560251640578 -0.235039469415899 0.308980781089858 -0.127956323177962
0.289219812797942 -0.251858258141236 0.344848439873352 -0.234533641471889
0.315266896124632 -0.2794952629325 0.336620720704863 -0.302179705954173
0.255222763730251 -0.34648303783017 0.148549276523658 -0.272297685678909
0.116037460233386 -0.381608043199212 -0.0993573690284603 -0.168136341623066
-0.0348541150990911 -0.428043102916905 -0.271322764416509 0.0294726991899391
-0.165277551426788 -0.380239036163593 -0.252901617986857 0.13953500778461
-0.243701386401251 -0.265319413698032 -0.149589117185515 0.227380469713674
-0.295955552094922 -0.25264698066061 -0.139787563526261 0.379709494437988
-0.301032330926308 -0.213804625622367 -0.140634095145356 0.509780769194043
-0.117311543660464 -0.0764690314668584 0.572987058744605 0.0885622249355621
-0.0513299978409802 -0.135688483972595 0.367727046861068 0.131555963926974
0.0120317874524345 -0.142178442424908 0.167762532599908 0.170742784678006
0.0596054800064745 -0.161551709469163 0.188001201632751 0.0862621133427915
0.098700927240108 -0.121886621723025 0.230302287082557 -0.0534491450102436
0.123929342961749 -0.101462859883974 0.346477155811192 -0.135018849959059
0.149483482222761 -0.123164892774506 0.432995595282799 -0.266303890001682
0.163406871426496 -0.151233285219557 0.420115367867463 -0.390555265160034
0.129545647632589 -0.19057480479874 0.202091275882512 -0.383090251265007
0.0451725514382481 -0.203908816895925 -0.0907297278880232 -0.250610688089365
-0.0407762769557635 -0.231565066187399 -0.274911590591769 -0.0191997967441713
-0.102707540219638 -0.210253585392573 -0.22409777164365 0.133717845249188
-0.141430566389322 -0.138080465803303 -0.0817697902993289 0.246177581914077
-0.175614527688778 -0.134410555194103 -0.0382201909001036 0.386055274080227
-0.171343910729862 -0.1180986124666 -0.0286325201553719 0.542730286165842
0.0165464595233671 -0.0180473129035169 -0.0738807705493657 -0.469317800977691
0.00409931001483217 -0.0476810555496818 -0.0826704919202497 -0.358436537362433
0.00508982520470831 -0.00556057143535113 0.00840833771343645 -0.246298403285842
0.0162561959059664 0.0021624650489138 0.14363991230859 -0.115624789601739
0.0193198804526582 0.0106285103123987 0.244995958429874 0.0351659061399663
0.0292886101587897 0.0125920099831963 0.0819651096795223 0.213179887796286
0.0414361494674205 -0.0127295747137124 -0.212109952754105 0.382369452746541
0.0275349514460481 -0.0104860993287006 -0.414432820939525 0.391276085830656
0.0323723967085767 -0.0133294053348931 -0.485693914111907 0.306222582198793
0.0226490196829471 0.00226654259421106 -0.362436863779841 0.196823223377888
0.00558693828813608 0.0277740494463016 -0.237745211347424 0.0831342146126013
-0.00818156921325584 0.0238316373231542 -0.165840602508344 -0.030462898301793
0.000253746593000995 0.0269129898706779 -0.148538474364296 -0.155542096697038
0.0155589014512161 0.000867606619302788 -0.31416514376847 -0.139302824869492
0.0297770212191669 0.00234206385953169 -0.564671832935401 -0.0785644191585612
-0.176059310679383 -0.087138930536527 -0.0168674016108812 -0.452141286830495
-0.16602851086506 -0.127746305260945 -0.0481396111255606 -0.345789717196889
-0.167592691727541 -0.119449577279038 0.0402547774155036 -0.227412531427509
-0.112450289033756 -0.176634187197616 0.158481282495235 -0.086205587788209
-0.0256065112746247 -0.20407910218109 0.24733910761997 0.0547082610202046
0.0642670740870974 -0.201318864616981 0.0960935895371473 0.214974196953504
0.169432225317515 -0.207118381515405 -0.199396709874776 0.352058211317937
0.198474209185261 -0.161666532076096 -0.378602212340665 0.361846026461998
0.197676866931744 -0.136102336991823 -0.460770967674712 0.29269398651817
0.152584082558543 -0.101327767399748 -0.357071635595422 0.196952739607644
0.103735344210095 -0.0950559609044303 -0.256949754970438 0.101840339349978
0.060720242828605 -0.104521236091659 -0.188495831061716 -0.0239125314374069
0.0195568530399398 -0.107484722939472 -0.181581520933337 -0.156772134384094
-0.0167047760417862 -0.159286941047681 -0.355883771030238 -0.120102454967824
-0.071675933608839 -0.137866538017262 -0.583376851144255 -0.0416459880375803
-0.326583307152575 -0.149277129399686 0.0960253130517873 -0.411766296599445
-0.295763308042574 -0.208783663402159 0.042692514465453 -0.319786627573783
-0.294665236946211 -0.238537438965005 0.102482013314729 -0.199336850235023
-0.198837778058106 -0.350335308030334 0.188581786681348 -0.0627182708087736
-0.0434096420328367 -0.398733055467818 0.244545542247412 0.0485802100438936
0.108323849514737 -0.384647025208092 0.115287234466616 0.168945399435123
0.282163444152603 -0.364322271988434 -0.143811078810562 0.25485950746073
0.340212416082038 -0.290065473711278 -0.279459842704511 0.275050265571952
0.331822574642541 -0.259725039758609 -0.374037942711811 0.252576288054246
0.260881205277059 -0.232463097709404 -0.325499294085837 0.197387935666419
0.178772063531996 -0.262135896354823 -0.278828926110965 0.134170286075912
0.0955303108035663 -0.276056020814644 -0.232417284323355 -0.00280331978253379
0.00235952286062152 -0.25888792213676 -0.240884035839553 -0.123668639211982
-0.0806566624225793 -0.306728144196733 -0.404044044987136 -0.0492100281123639
-0.178531470843969 -0.254798671542759 -0.574010053901575 0.0495030832368726
-0.409026170130499 -0.202798899617243 0.239923496631153 -0.33651905472108
-0.352401785894705 -0.292335327740152 0.168620799608651 -0.263777771692907
-0.335436278428236 -0.354273830960472 0.18166031629587 -0.144094855430487
-0.200977984252234 -0.49639962465367 0.223667495965165 -0.0336838394539528
-0.00680647458893506 -0.534302492735085 0.242102362440808 0.019340660612262
0.1700279207925 -0.493471082945539 0.144312461149579 0.0807508360217921
0.364221467393599 -0.452045547581446 -0.0484996376328257 0.110578215824079
0.433832027511807 -0.378033199544812 -0.133835472960881 0.143626007682479
0.41057816258098 -0.373588310764489 -0.242263532181488 0.170479669217485
0.312139881628018 -0.380915535245012 -0.263990711439943 0.164645039538222
0.187634692160897 -0.451568690355668 -0.287641686051267 0.156361944249557
0.0535327970883612 -0.459093407820947 -0.276434615189663 0.0401939881265028
-0.079129851249704 -0.390145438787404 -0.28899090820463 -0.0402600245062151
-0.184332854732734 -0.407682709175911 -0.421964884439692 0.072843067796514
-0.281964252442654 -0.32355228779867 -0.520322092849452 0.178675459687633
-0.412446744649584 -0.235127989928774 0.380417325195692 -0.230355643376951
-0.326196927090727 -0.348423223851042 0.29179594544165 -0.168715181573417
-0.272553469825326 -0.424715464835291 0.243196275083148 -0.0529749618541573
-0.11388578200059 -0.555752340380893 0.249308956597546 0.00625239018472818
0.0765081810286882 -0.558618454919764 0.241941500698623 -0.0156605850050643
0.234233754542051 -0.493102838522212 0.190657030293612 -0.0192120922091551
0.399894030846761 -0.454129714557026 0.0797501728559643 -0.0416065116374318
0.46097911711933 -0.405617141531938 0.0356244957739482 -0.0142585349053803
0.417247397504774 -0.446891296632793 -0.0903306783111906 0.039542695753207
0.286798183815686 -0.486717339217741 -0.190500227788028 0.0762557604574658
0.119174088292619 -0.575777072403956 -0.280780187369831 0.141922970955697
-0.0553589434595588 -0.558218231428836 -0.29676592931518 0.0918229149485875
-0.192637233577653 -0.438155777403525 -0.287951213463089 0.0729719673975065
-0.290203333124585 -0.425351624578775 -0.372076738402253 0.21511712872671
-0.354528986706887 -0.336583147968987 -0.418367894992897 0.318605464223064
-0.347710972290161 -0.231985239908941 0.49350023316939 -0.108375262005291
-0.234711145645243 -0.343149242194845 0.36923042976046 -0.0488919760937578
-0.145478053660478 -0.402248413291903 0.255637244901513 0.0549023636747246
0.00648455783713649 -0.489944764738865 0.24735644664306 0.0526562081461932
0.155786545079764 -0.456765335505753 0.242839643847741 -0.0393104583868625
0.259596202394306 -0.390702219439246 0.251563128118206 -0.0963701295413425
0.377509686370962 -0.377712616858429 0.218925843085546 -0.164011608057881
0.420234394214672 -0.374664081372628 0.201310817406343 -0.173695084319872
0.36019339888976 -0.443819812360496 0.0471572813493436 -0.122223911540886
0.206025442716383 -0.489839810723104 -0.131444146031759 -0.0490237594772864
0.0210468107840181 -0.56404069830772 -0.272868526583936 0.0925241586452745
-0.151456518085422 -0.519209100891392 -0.284460470413368 0.129738379138714
-0.26568243209928 -0.383947049116848 -0.230502121081373 0.172869815771755
-0.341630695881422 -0.362581329510656 -0.263364857929756 0.328963732961799
-0.368234927598782 -0.292849990269856 -0.279092837452338 0.438275468171188
-0.241723275048337 -0.177569204048781 0.557327101174134 0.00643977138039801
-0.129881976174791 -0.264297400034727 0.386631537220979 0.0597423736325087
-0.0344257193151557 -0.290842977944576 0.218071178025313 0.137525080274923
0.0747023737412995 -0.330299731436829 0.218913847684453 0.0823063638574528
0.163570624506686 -0.282762828842533 0.238874290953985 -0.0501520345767098
0.220552509335952 -0.239310108568313 0.309460117019769 -0.131782313972907
0.289588658581595 -0.256259571410998 0.345371391828081 -0.239370251192536
0.314590723121291 -0.285004785652259 0.337385627146586 -0.308633644265198
0.25332749110767 -0.352467930104326 0.147800627208895 -0.276413861141613
0.11399747027198 -0.38503865727104 -0.101330458575037 -0.16969811744518
-0.0402382638331861 -0.431605152894211 -0.272660513520597 0.0323847959767778
-0.16931135548783 -0.381604718874636 -0.254290668856068 0.14326495442647
-0.248534593496964 -0.26545396143737 -0.149600063418737 0.231560036052306
-0.301246941484237 -0.252197609068752 -0.136467306287224 0.385025796407158
-0.305390119782443 -0.212144519259425 -0.13535472475637 0.516951456347303
-0.118778079408241 -0.0758487328937527 0.579132648177164 0.0808172012106223
-0.0528798186303725 -0.136673291605903 0.3711672345132 0.127907635818401
0.0107266145634434 -0.14342794073827 0.171886352563231 0.170631038798179
0.0583896268763487 -0.163071510421158 0.190573150903958 0.0842122692426505
0.0984145667282399 -0.124245026830791 0.230860891287533 -0.0558153211823586
0.124253732801335 -0.103338708792111 0.346452851501566 -0.140068304296
0.149381264039878 -0.124801717470392 0.432968069446736 -0.273706763741904
0.163264057454088 -0.154519595078502 0.418299651107607 -0.397717928184364
0.129069196316875 -0.192921730470621 0.201250125251604 -0.389817589980095
0.0436115218112892 -0.206478058341734 -0.0937670099192156 -0.252506700221168
-0.0432040340206119 -0.233366221201711 -0.277124493552322 -0.0165741499361667
-0.105921752163834 -0.21108822790318 -0.225229047852904 0.137260302280911
-0.144104760398318 -0.13781182690109 -0.080370378203854 0.249774800334126
-0.178677682582343 -0.133853253643283 -0.035017190534555 0.390830040037521
-0.17375428097726 -0.11798605083614 -0.0212235453800097 0.548843626892084
0.0171178857481264 -0.0185440952496017 -0.0813818279145841 -0.474114601879229
0.00282587993181769 -0.0479895297169354 -0.0878526098224956 -0.36035692699753
0.00566489431296827 -0.00553335211845946 0.00510672584881748 -0.248569190282861
0.0166009536338201 0.00206352249487808 0.143401052661636 -0.118409708185623
0.0195433997324902 0.0107958803927559 0.247466615718082 0.0328820561454856
0.0299341070951422 0.0119513073182294 0.0844835407110972 0.214186163708468
0.0413465917302503 -0.0138066630801399 -0.207955354510372 0.388332431261337
0.0274013422346653 -0.0107834069557218 -0.412616629264757 0.397636691952341
0.0324667088010117 -0.0144291944096987 -0.486591407005352 0.314824535090676
0.0230903666866731 0.00135931209060138 -0.363422781776395 0.202438097411026
0.00674749946417582 0.0275971555102914 -0.239018703227247 0.0862345539620667
-0.00748263229254261 0.0244067415594976 -0.167540480643453 -0.0284373120133485
0.000766294207825476 0.0265218826958523 -0.152130788867363 -0.154745359418911
0.0154371006661715 0.00109615806731274 -0.317868374399104 -0.135977915193045
0.0307867115009419 0.00176414773007939 -0.569660976118146 -0.0721724275981852
-0.177901080281927 -0.085606043398913 -0.0230713231521976 -0.457388000836255
-0.16998908966491 -0.127063640505405 -0.0532513869981647 -0.348577457317088
-0.169774837914112 -0.118780223947561 0.0373650524065251 -0.230144173230602
-0.11511852083837 -0.176537657480452 0.158620231275671 -0.0897360980952942
-0.0288638902159209 -0.205763856110165 0.249530733766321 0.0527359292383768
0.0625300029940685 -0.203973565270683 0.0987690816473392 0.216284921992903
0.168051378796032 -0.210881179303059 -0.19710649531591 0.35792540222888
0.197749071721358 -0.166375227742658 -0.377877100238004 0.368044684509971
0.197336879694479 -0.139893817528597 -0.459755575208392 0.301560531284093
0.152722673582966 -0.103924702826558 -0.357817338357147 0.203808229342657
0.103951339203611 -0.0971851715438854 -0.257995676444318 0.105667663888987
0.0601277423224737 -0.105316757600943 -0.190446482835367 -0.0221374708581511
0.0188516387037702 -0.108938461670865 -0.185504016762204 -0.155284312398017
-0.0189204778227487 -0.160723784366054 -0.358712873032263 -0.115633595635565
-0.073354118436282 -0.138273124764822 -0.588525247130611 -0.0341433222989154
-0.331106520133679 -0.145966434726957 0.0915639104252323 -0.417510447630737
-0.300828140031768 -0.207188058855776 0.0383397573836297 -0.323927703613766
-0.300165176508998 -0.237298566959529 0.10059204560407 -0.200927427195231
-0.203642852866 -0.350161391267985 0.18937414690944 -0.0657395426636352
-0.0481782402833568 -0.401814755605857 0.246413872569216 0.0468592563358569
0.105287335134292 -0.388772856848586 0.117563181417291 0.169461992495004
0.279368718061972 -0.371545360312869 -0.143510981024948 0.258992981505905
0.339952610254232 -0.296023905178305 -0.278634183658484 0.280548562618152
0.331692266687171 -0.266478834767992 -0.37358698575825 0.259031293009216
0.261254934272726 -0.236713300154718 -0.325289459175524 0.202178424824972
0.177903304861319 -0.266185072406569 -0.279715483177548 0.138001499107506
0.0930955451973574 -0.278368984309384 -0.234820277738917 0.000343690515680171
-0.000197131123570879 -0.260948776217553 -0.245078949970793 -0.12133405560203
-0.0854981739738766 -0.308473901222109 -0.407054044264784 -0.0438166876182906
-0.182450455510377 -0.254792262302185 -0.577575687861052 0.0590072294291122
-0.4145365758183 -0.198991374435352 0.237115042619736 -0.342898837782808
-0.35995851753388 -0.291200588983441 0.166162481003826 -0.268667950176276
-0.340966673937108 -0.353672963003573 0.180185560421278 -0.147053952472577
-0.208831597148348 -0.49838577135073 0.224817936851862 -0.0369842749256155
-0.013601245965238 -0.538865872577669 0.243371286400073 0.0176968349609523
0.167237839437237 -0.499539847724311 0.145447579605117 0.0806125470388651
0.362290749398085 -0.460843404284683 -0.0488720310456192 0.111624418440147
0.432430630905946 -0.385486273811684 -0.133260979259395 0.146256387975106
0.409598409472141 -0.381403048434377 -0.241103772068219 0.174560313915414
0.312326430457174 -0.387554578585619 -0.263646303511495 0.16811058670618
0.18389292521406 -0.457427382108517 -0.287578243711196 0.161051338186551
0.0481255630921606 -0.463747623787165 -0.278952494242523 0.0438104378967431
-0.0846105054806602 -0.392431640905811 -0.293059209098353 -0.0373970220846987
-0.189667913109959 -0.40812740577942 -0.423184579185547 0.0786509430211148
-0.287525460619275 -0.32353890626064 -0.521919166851413 0.187992492913414
-0.418864202072645 -0.231042376666325 0.380821701258624 -0.239095128562895
-0.333678982913923 -0.348948239938018 0.291297158646694 -0.174593962141335
-0.278467950476858 -0.424720962715729 0.244274451123797 -0.056114346740558
-0.122160091316812 -0.559790099773063 0.251650588496349 0.00385982138358688
0.071369778621299 -0.564189747080353 0.242939049042443 -0.0175810941154538
0.230074540229401 -0.499125685719164 0.191400604250846 -0.0210624782816224
0.397236739743575 -0.462413334189859 0.0787446384194187 -0.043221720938846
0.45994788027923 -0.416735829086282 0.0355168106383301 -0.0147694258035173
0.415443032774181 -0.456059953761594 -0.0900491439441474 0.0408639110347268
0.283628785962799 -0.491837429040011 -0.190467911091685 0.0781968284810085
0.112036257763297 -0.582350193538099 -0.280904976507104 0.147103476315992
-0.0610580680907531 -0.560199337992467 -0.29874353890011 0.0959655032856356
-0.198772904196453 -0.43988951160495 -0.290683068975405 0.0770474520993215
-0.298918739456511 -0.425454764710555 -0.371294360322426 0.22272808597183
-0.362028681402721 -0.33373295245065 -0.416088437667722 0.326727351873823
-0.353697728139633 -0.229304254541465 0.495018669806531 -0.116589437375447
-0.240136086054372 -0.344055169659023 0.369499130212249 -0.0544343362296438
-0.151394881645548 -0.404579062263652 0.258372018406582 0.0526319316328218
0.000741113346770402 -0.493102489467689 0.24969741454347 0.0493077014996664
0.150255159000478 -0.461756211430139 0.243967972793901 -0.0420623650206239
0.25695486031905 -0.395471177161591 0.252566568412079 -0.0993431834087677
0.375646129789956 -0.385814264756816 0.217611098434452 -0.168572694301935
0.417947110131532 -0.383090853082995 0.200509976171104 -0.177401451067447
0.356910534561366 -0.450875087252405 0.0473277305983183 -0.123920770338469
0.202901470717499 -0.495498897454283 -0.132948148058031 -0.0484164945331178
0.0163072757306777 -0.570031255774617 -0.273940225122331 0.0970460224633753
-0.157819960774617 -0.522997916015365 -0.285564791353503 0.134542090927718
-0.272397774489697 -0.384170421026438 -0.231826667818757 0.177838470200227
-0.347945758009391 -0.361760499778678 -0.260800584302648 0.335331921296446
-0.37559002009908 -0.290969284886874 -0.274490124310829 0.446593730288005
-0.245394612703401 -0.175367870455602 0.561137794062799 -0.00217347892618838
-0.133829158108129 -0.266366416567317 0.38865802966009 0.0556027912046166
-0.0383284322236639 -0.292914993412304 0.221833446501179 0.135954401811863
0.0713384411314147 -0.333678358964356 0.221522936537931 0.0795023104234372
0.162060831500435 -0.287520535124435 0.23890490743954 -0.0526413690845956
0.219733446319445 -0.243264489654197 0.311380507594502 -0.13568191924706
0.288133908894323 -0.260948312939984 0.342782336196434 -0.247120179345525
0.31392520838496 -0.290596049792754 0.335472640661557 -0.315002245970204
0.252579734216879 -0.357918418200337 0.146207831417037 -0.280997693543089
0.110733848174963 -0.389809412861023 -0.104121222111233 -0.170560699130201
-0.0463126206493194 -0.433828573443494 -0.273781234172798 0.0360380996172114
-0.176018469821558 -0.382166521164856 -0.254879371210516 0.147660775635428
-0.252836014462734 -0.265304144236314 -0.149179082005073 0.235225919594434
-0.306663874985386 -0.250449358907482 -0.132294943242926 0.390320892547298
-0.310256127994512 -0.211480195158475 -0.128476648358194 0.522643502352775
-0.1207936936703 -0.0749303396323131 0.58306164337288 0.0740771253377652
-0.0546038571981865 -0.137324062547007 0.374121391480838 0.122771312513476
0.00944700960157476 -0.144612360696256 0.175069537859754 0.170193674266666
0.0560172060328909 -0.165047063053873 0.193510516674771 0.0820416578568262
0.0982837077296606 -0.127168544143947 0.231706307252745 -0.0584840418200972
0.124548426799693 -0.105470796487367 0.348067765953349 -0.144029859279226
0.148059743460962 -0.127418627206745 0.432902380143842 -0.280775866259792
0.162315208074002 -0.158306349712177 0.415476251365347 -0.406445679200018
0.12786650929673 -0.196511833424909 0.198882609769393 -0.395217459749062
0.0415334009444633 -0.207943837778924 -0.0972870901153275 -0.254047705299725
-0.0464937924067172 -0.23499159777935 -0.278717916906796 -0.013350938698125
-0.109421588607901 -0.211914341907888 -0.225221504592826 0.141574334198816
-0.147075092713929 -0.137891661230796 -0.0791522513355053 0.252990315356369
-0.181947609547222 -0.133172815603486 -0.0299360359542355 0.395973597003589
-0.176614339192648 -0.116953417240183 -0.0141869906378189 0.555206600288246
0.0176648912921268 -0.0195316235185264 -0.0895182929307584 -0.477450408334518
0.00194416746568361 -0.0485365314559049 -0.094148932821017 -0.362572631125612
0.00521701567280234 -0.00579767803465941 0.00224191873150971 -0.251179360089155
0.0167783759173145 0.00185172143364435 0.143191934871813 -0.121268557268894
0.0198516240823664 0.0107453762047531 0.249027450813167 0.0290847606654408
0.0299222482596675 0.0110867238389355 0.08706186142478 0.215419727411391
0.0409051516952117 -0.0148558767783895 -0.204885862834902 0.393941777095466
0.0268200684338861 -0.0116827207867524 -0.409848365976815 0.40582947832422
0.0326465048679639 -0.0151696255900479 -0.483926075239675 0.32231876174827
0.0233944623174002 0.000510642759964743 -0.361454012930169 0.207731805845138
0.00818566329860443 0.0278270792896677 -0.239278975628883 0.090192303093863
-0.00650646485855574 0.0249977695368443 -0.169327875774985 -0.0260956049009748
0.0014199646344324 0.0272329171558282 -0.15626158921451 -0.153806940450501
0.0152917487385664 0.000778788494857 -0.320430611908075 -0.131167458746934
0.0313160575162277 0.00136958024564604 -0.573542223297606 -0.0629748812177626
-0.179469488347446 -0.0838413262629663 -0.0313270442845853 -0.462117274234635
-0.173239162139774 -0.125487607564663 -0.060012018774579 -0.350918791869706
-0.172451065558113 -0.117366274048094 0.0340001900444002 -0.232297258787533
-0.118172258021214 -0.17678340634627 0.158488263816034 -0.0921553047178059
-0.0310179111765138 -0.206689081295848 0.252156424720529 0.0497833728578857
0.0598497904328743 -0.206700744465018 0.101466512544129 0.217298831335873
0.167013963034695 -0.214814960122429 -0.194158404338279 0.362380810762257
0.196246600637411 -0.169883543077069 -0.37470699759351 0.376397193766447
0.19733555975786 -0.144030629627916 -0.459118880511214 0.308157115504514
0.152324857775226 -0.107285291006345 -0.356902130022517 0.207338410905993
0.103894241744801 -0.0986681746467805 -0.257591811097506 0.110035282654798
0.0595146529509393 -0.106094114521292 -0.191908985691411 -0.0190021424936064
0.0178846142518112 -0.109833026260261 -0.189998747927465 -0.15353662061405
-0.0216467625186658 -0.161703296719119 -0.361681108074449 -0.110406291075625
-0.0754676104164748 -0.138172050623195 -0.590876547061856 -0.0268342182192898
-0.334976687755009 -0.143075916698179 0.0843170330274893 -0.423966159481581
-0.30652727266336 -0.205234973185981 0.0327142601922435 -0.327656457339868
-0.305880935244709 -0.234613284487901 0.0980494082667984 -0.204226026561749
-0.210828293974327 -0.35146558283348 0.189758583543186 -0.0686186156073673
-0.0548267005599918 -0.40439504533897 0.248754463433223 0.044672035825674
0.100298008853201 -0.393624050638281 0.120067064691378 0.169802007054341
0.277505909746353 -0.37803862242102 -0.142041007333671 0.262680363467433
0.337184177926479 -0.304042916239286 -0.276671078947107 0.285315569522523
0.331105403108826 -0.271527566463841 -0.37112878294331 0.265522609847602
0.259524207587442 -0.242135477102032 -0.323788524503256 0.20676505526799
0.175874955248374 -0.270073949893668 -0.279357559306766 0.143304885560127
0.0905915542188231 -0.281342374426621 -0.236141883842938 0.00348602143393047
-0.00319061390948074 -0.262850360775154 -0.249907565316921 -0.118481686899301
-0.0900637069335789 -0.310092754111126 -0.409255912763723 -0.0369771252327886
-0.186828286571779 -0.254221900629183 -0.57941980627085 0.0666758099500472
-0.419728397464888 -0.19506553157571 0.233211986259662 -0.351221397072493
-0.365850927511641 -0.288499696530097 0.161693264195808 -0.273777948779532
-0.348375608893745 -0.351263908013026 0.179610389848703 -0.150705305933577
-0.216890219744382 -0.499944407844979 0.226051372297831 -0.0400782650375151
-0.0216343266713186 -0.543150415622698 0.245168824426966 0.0157606794457967
0.161328304187008 -0.504576394556031 0.147255324828718 0.0801912707356468
0.358294349991182 -0.468955287531338 -0.0491880682393971 0.112894959963395
0.428955227712296 -0.394364666658084 -0.131812228962802 0.148823255309495
0.407752066324358 -0.388871148569498 -0.239475782308078 0.179098118619792
0.308775750623233 -0.393124258174875 -0.262729306664049 0.171794260692901
0.181738418966683 -0.461294421377005 -0.287228270708162 0.165578598626609
0.0433589480165402 -0.465789171770101 -0.280749266098431 0.0478749171689329
-0.0885170579482626 -0.394985884066347 -0.296873776889129 -0.033248625809552
-0.196878398896088 -0.408805458563686 -0.423890175455429 0.087057432385831
-0.292795350752382 -0.321219051912901 -0.522086820658997 0.196978506265188
-0.424949967376669 -0.227848457383577 0.378910957887719 -0.247717524839887
-0.339883452814008 -0.347367383851436 0.288882305083594 -0.180791861382424
-0.286598018240787 -0.424050001907083 0.245062530374972 -0.059474276470741
-0.131645673436113 -0.56263671832547 0.253856563452336 -2.34953864032339E-05
0.0636040912824468 -0.570310594666302 0.244089894107445 -0.0194621895476157
0.225800287357053 -0.505870513970874 0.192738328138811 -0.0234327686040107
0.395590080518479 -0.470561559108602 0.0766954301722151 -0.04482073745429
0.456565992402699 -0.425429581630953 0.0348879263477948 -0.0158195440670624
0.413051602843566 -0.463328471581084 -0.0891555584230428 0.0421243689697109
0.280309162503644 -0.498515158028493 -0.190226355348324 0.0802503699364591
0.10602251101109 -0.58869225351941 -0.280299954460153 0.151774401800849
-0.0689045290553468 -0.563437077163055 -0.299498550950141 0.101289689172983
-0.205497427541153 -0.440221945685539 -0.292801478172766 0.0818607641272861
-0.30746664144577 -0.42521481815509 -0.369786346194038 0.231157118968597
-0.367424459283256 -0.330760620801935 -0.413702140195131 0.335567881010754
-0.359163821107093 -0.226654442414163 0.496827042729792 -0.126025267165893
-0.245875454955389 -0.343264258587033 0.369995764102502 -0.0604816849332217
-0.157609705140254 -0.405134843057062 0.260603398030926 0.0497854884711418
-0.00689648193377735 -0.498450582618445 0.252265608845429 0.046450665504608
0.144580413266506 -0.46866079943534 0.244855465903973 -0.0446892844054992
0.254457160937583 -0.401409573034077 0.253272886324559 -0.102865977772303
0.372705107671275 -0.391942910281161 0.215898357454165 -0.172772524742992
0.416334214108005 -0.392082885616102 0.197991477028467 -0.18144004390355
0.353835576469008 -0.458699129506953 0.0463007439082576 -0.125769930172267
0.19779176169361 -0.502457655556254 -0.134063561118435 -0.0479962874054426
0.00739284387521497 -0.574930588099466 -0.274102010285525 0.101384861585417
-0.166357350261099 -0.522928501271088 -0.28612941768385 0.139243475039553
-0.27828875840926 -0.382505804246625 -0.23192434437831 0.182413080899156
-0.355845547025197 -0.359740608767376 -0.257319763538988 0.342315321114901
-0.379928120506135 -0.288220202848396 -0.269092904218851 0.452621294382953
-0.249553612200946 -0.173430705232167 0.565231764153307 -0.0114196777369578
-0.137435972475671 -0.26696700621198 0.39106405622815 0.0493149650494416
-0.0420183206553118 -0.29428571192499 0.224691961561369 0.133596840755616
0.0663128318953104 -0.336909343387816 0.224523518342189 0.0762338579103135
0.158871209990035 -0.291727041453518 0.239898574469131 -0.0551853048854768
0.217904975416987 -0.247191019645928 0.312136940517176 -0.140207900123635
0.2868288318277 -0.266421730281669 0.343032565898836 -0.252261415585573
0.313017818116785 -0.297726789628073 0.33122453001335 -0.321486895888296
0.249543359540999 -0.363488813447404 0.144315486563728 -0.28524234997953
0.106991162033317 -0.39305154464196 -0.106620187084212 -0.171303942386
-0.0515777442008506 -0.436768437208756 -0.274764655423473 0.0397875178864913
-0.182179081742606 -0.383309788762604 -0.255626710612838 0.152310407173363
-0.258784881968326 -0.2636718748759 -0.147694193165555 0.239720509008984
-0.312057620553071 -0.248257070830735 -0.127279090284146 0.396337451806086
-0.314300143672763 -0.208412984959631 -0.121100514094326 0.530164926749049
-0.122883481121852 -0.0737138924620942 0.58947873929494 0.0660626572677358
-0.0565124512111034 -0.138215213980209 0.376893259007498 0.119176514476275
0.0078080080010757 -0.146017266903731 0.178849891783827 0.168570344866934
0.0545564959370429 -0.166628565023299 0.195924983579123 0.0784514735410371
0.0972507818900527 -0.129508327280335 0.231270654669302 -0.0613801265562711
0.124336355907482 -0.107797049323277 0.348210057020147 -0.149858349391087
0.147401269011742 -0.129237222758045 0.433008650356151 -0.287433316421042
0.161710516576023 -0.161663281404408 0.41317590644625 -0.414433213058348
0.126216456572716 -0.199729296143793 0.193342919936271 -0.401609069337425
0.0398141740759206 -0.209950862182977 -0.10062040458387 -0.255715518975748
-0.0498898982792837 -0.235723791589168 -0.280523373387742 -0.0102192674673829
-0.113091747536107 -0.211588080830643 -0.225408225954699 0.145674335523807
-0.14992265594537 -0.136903312421746 -0.0769312076982439 0.255820759430328
-0.18509935974314 -0.131690250834781 -0.0246265968971085 0.400116277673275
-0.179167214285225 -0.115880677665946 -0.00430325688440548 0.559909232642596
0.0178500690697666 -0.0201619281809423 -0.0984359682205176 -0.478986284766374
0.000118177263415172 -0.0486872686034554 -0.100651165380454 -0.363983727927903
0.00536465834808902 -0.00582822712947625 -0.00187668241145711 -0.252432515714109
0.0170661142106856 0.00149469575703586 0.142690160599484 -0.123917959162716
0.0202132359072833 0.0106626447070985 0.250822911128596 0.0253410218816644
0.0303599174296673 0.0108474884025759 0.0894557892555774 0.215951957296847
0.0411623455664054 -0.0162887154643788 -0.199630496481533 0.39942910592142
0.0264161422236593 -0.01219835698782 -0.405859459987411 0.414056763725146
0.0325603284578485 -0.016124640002091 -0.482244290089396 0.330806890067449
0.0232213290592059 9.73612797205183E-05 -0.360066892432621 0.213419338370314
0.00894404208570066 0.0274300085380659 -0.239717896431755 0.0935779592881772
-0.00630274568340541 0.0257615117488777 -0.170888598197586 -0.0228180877663889
0.00172374991002292 0.027280121118835 -0.159508005120387 -0.151880334637304
0.0149382345063897 0.000366964880484535 -0.323118821874691 -0.126672999052655
0.0316352541404633 0.000554214693716585 -0.57776584010607 -0.0548451861340338
-0.181909661584804 -0.0819583276337329 -0.0381673091957567 -0.465842298313246
-0.176374030173137 -0.124247042397342 -0.0654600039129872 -0.35214331043876
-0.175527160623326 -0.11599313662526 0.0306121182439704 -0.233960749684453
-0.121284934278661 -0.176215556472207 0.158305473101161 -0.0946569225292981
-0.0347008217257494 -0.207633919942119 0.254561860437201 0.0466985241290408
0.0574580725451971 -0.208472141057109 0.105098402162004 0.217960694639613
0.1646444047823 -0.219321716306123 -0.189848052336747 0.368212963889953
0.194726081934309 -0.174775099075065 -0.37141191056094 0.382533505824269
0.196297619904755 -0.147614002893982 -0.455779738569224 0.316665618121982
0.151804963383737 -0.110400125192252 -0.354541862996971 0.21424382138767
0.103655547358088 -0.100638871915953 -0.257977485201435 0.113546810154793
0.0587025419923758 -0.107114153626591 -0.193416586380106 -0.0160250535419472
0.0165971295632181 -0.110633990584168 -0.194283935983399 -0.151461493743804
-0.0245521512479342 -0.162484054375557 -0.363611593377558 -0.104618173928869
-0.0775237754368756 -0.138100889539151 -0.594234105051659 -0.0172424513124014
-0.338320261131629 -0.138586610094633 0.0785629597793705 -0.428317627423027
-0.31073452482986 -0.202930443291472 0.026628666953468 -0.330460359795181
-0.310218248779209 -0.231612247645229 0.0952840511036612 -0.206487081558564
-0.216350313636877 -0.350330228248911 0.189600507261789 -0.0710758749868069
-0.0597633748967005 -0.40642154981918 0.2509351490821 0.042226700160268
0.0959002256493527 -0.3961925906726 0.122191144273153 0.17008953965247
0.273688778380275 -0.383712014440213 -0.139702447671021 0.26539541541256
0.334777214932357 -0.311078078002936 -0.273885996992638 0.290599854440655
0.329159398773505 -0.278959889570371 -0.369437157935762 0.272500898065591
0.257459363141709 -0.246894504913996 -0.322704008847899 0.212401592116919
0.173388717101977 -0.273638205078183 -0.279062340463646 0.148318735845025
0.0878535150830968 -0.283270569559285 -0.237861421847937 0.00689340151436737
-0.00629958125219704 -0.264809419076851 -0.254312377636222 -0.114590365559226
-0.0955790452956648 -0.310751043534233 -0.411602733367304 -0.0303695241280604
-0.190931395651423 -0.252874430057085 -0.580376968003387 0.0764353112842422
-0.424123738875463 -0.190415513909516 0.228934938325011 -0.356891166096333
-0.372409317367928 -0.285881164825163 0.158280384844388 -0.27860947727826
-0.355837853526247 -0.348113277769469 0.178377405865829 -0.153237371358872
-0.224996824028226 -0.500231608974842 0.226092321027797 -0.0442327939026575
-0.0300470257987861 -0.547461259790609 0.246621138810976 0.0136878386756241
0.155663237265457 -0.510002626988447 0.148496881419812 0.07874580297465
0.35297379445158 -0.47663732891235 -0.0488639618246655 0.113716314683676
0.425960172175569 -0.404035207873868 -0.13112952846012 0.151345306498351
0.40565053874428 -0.396516920400837 -0.237793688731989 0.18366387336058
0.304445224354057 -0.400018343602286 -0.261282070951791 0.176631998724714
0.174290861946948 -0.467056939477131 -0.286320606434935 0.171002847875533
0.0373055829644265 -0.46886152446858 -0.282207412896075 0.0525488064184484
-0.094878237892648 -0.396449067185018 -0.300641609838271 -0.0281917191440445
-0.204867445427758 -0.408514932494096 -0.423478819273284 0.0950220712133225
-0.299961479893914 -0.319178043444798 -0.521333984615217 0.20673568733135
-0.428978240367638 -0.222648252325872 0.377392330816551 -0.256411603834737
-0.346261315779109 -0.343918897237327 0.2869648600305 -0.186141179735825
-0.29398738541519 -0.423485528620811 0.244900780872337 -0.0631391033812208
-0.140118305735561 -0.563815279338921 0.254498556973109 -0.00372665168375089
0.0562360795424934 -0.575030423012173 0.24461349241401 -0.0222881116544428
0.219869030946086 -0.512504628751673 0.193303872025025 -0.0257719742287724
0.39071605991882 -0.479054967855279 0.0752650567601642 -0.0468204847334161
0.453760971197667 -0.435098234427905 0.0350527487429115 -0.0164452606939851
0.409454389369857 -0.472282674412227 -0.0884299573557032 0.0429060685905542
0.27552441028729 -0.505636870863725 -0.190047665946959 0.0829730306817749
0.0990790823884028 -0.592587669028158 -0.278815150195163 0.156940263750719
-0.0776183069473903 -0.565390074172141 -0.300933201494745 0.106194300342436
-0.212391226158438 -0.441807419118366 -0.294418662768523 0.0876052698116898
-0.314680363252271 -0.422169254725941 -0.366861539415913 0.237876342976626
-0.373892133479894 -0.328094796598844 -0.40960143448371 0.344101409370745
-0.364829045952981 -0.22218929486646 0.497074832606493 -0.135279092162263
-0.25197531455469 -0.342784956527897 0.369960463845316 -0.0679094546920498
-0.163229351963343 -0.405559239693469 0.262604007235147 0.0458845584121196
-0.0141953562592139 -0.500203546074754 0.253954335992451 0.0421447648146868
0.139197198343959 -0.47311683041251 0.245133158748273 -0.0475701468123382
0.249306635474274 -0.407275479916179 0.252807075592913 -0.106945143196936
0.370117378090729 -0.399273140325128 0.213166184988661 -0.177403342108495
0.412430447545051 -0.401047983254471 0.196469196321751 -0.184868544948934
0.348667947579666 -0.465657837459744 0.0453917525540944 -0.126966138984774
0.191034861823727 -0.506291744502844 -0.135493177915514 -0.0470044698683704
0.000522642116607537 -0.576778387983617 -0.27336158406624 0.105621041924426
-0.173776073497767 -0.523579056465928 -0.287051546896424 0.144286464529952
-0.285771970579351 -0.382689729714234 -0.232120672458563 0.187410435382021
-0.362764639626899 -0.355841553108054 -0.252358081117236 0.348995215805079
-0.386276689223072 -0.284526235436126 -0.263845120485797 0.460665862510438
-0.254135409226804 -0.171036239509389 0.567609362642279 -0.019639483331719
-0.142058423530571 -0.266106022331932 0.39299446418792 0.0427983658822286
-0.0456174737227924 -0.295765844819725 0.227909832979665 0.131516651676101
0.0625105261400304 -0.339913760948028 0.226360677223501 0.0731462781365198
0.156093912922514 -0.296209736736956 0.239200722798148 -0.0582464630086108
0.216638629711657 -0.251959838253662 0.312086932152434 -0.145033835395977
0.284688845361282 -0.270835703007861 0.340088270795327 -0.258048047059777
0.310032343691806 -0.304845973043252 0.328297679662834 -0.327693890257256
0.246839711192626 -0.369471157980672 0.140675310965517 -0.289724696027324
0.102525570365373 -0.396687185832785 -0.109661685207718 -0.171415702880224
-0.0592683197578948 -0.439462638963322 -0.274939720808139 0.0445753298045688
-0.189383516915463 -0.382587322964114 -0.255468857637285 0.157451174952104
-0.26297062354786 -0.262305659543247 -0.146452487219434 0.243438217656923
-0.317385827628354 -0.244122903603559 -0.120832166686659 0.401734047973066
-0.318845480801993 -0.205562617289583 -0.111865974440946 0.534413696840309
-0.124688289792496 -0.0723653727642115 0.592123612064366 0.0561210233630067
-0.0584567007251324 -0.138704136137638 0.380400649498257 0.11424782823684
0.0061664944213109 -0.146876255305844 0.182924798825933 0.166638449243399
0.0525625813396749 -0.167818454398204 0.198213568019883 0.0753607170151223
0.0956164274982162 -0.132221548974065 0.231429292104281 -0.0643135574200162
0.1235272560896 -0.109896704247501 0.349817095820672 -0.156620845142672
0.14679287753216 -0.131424312604867 0.430081719223084 -0.295255282957008
0.160334492738806 -0.16498454835294 0.409024246540138 -0.421485091726631
0.124569509097589 -0.202978178007762 0.189962119133088 -0.407147475119649
0.037143415475044 -0.211501743873977 -0.104741567457963 -0.256444319332227
-0.0540446160487937 -0.236651918225005 -0.28201273460936 -0.00621713819667606
-0.116980142984 -0.2111069534138 -0.224747757467464 0.150043837504092
-0.152377049016088 -0.135347352514702 -0.0745853500704503 0.25884300894279
-0.188581841273543 -0.129663304940071 -0.0181714870432705 0.403933157722395
-0.181421093388156 -0.114383657022093 0.0048186624855225 0.563330301281428
0.0178747543787026 -0.0210824646268092 -0.10697654295534 -0.479989009865919
-0.00139292677986916 -0.0490483158843584 -0.107669330259636 -0.364196302254377
0.00480440298120986 -0.00572739552149074 -0.00623643047993446 -0.254334408434312
0.0173311015055916 0.000985958399809926 0.1417225349032 -0.126898596882287
0.0205318465348149 0.0107714954164266 0.252054285872351 0.0205702555574255
0.030867283206678 0.0101064034994786 0.0930610642402763 0.215873410339306
0.0406459942280498 -0.0171201379935026 -0.193789972574774 0.405312961847743
0.0259387022017924 -0.0124305169370285 -0.400001054493997 0.421375680197392
0.0323844634771023 -0.0172790448870622 -0.477267503170611 0.339368697137017
0.0229981172954231 -0.00100634894747843 -0.35704630654086 0.218758443924435
0.0101615076114809 0.0274216064747718 -0.239180649875526 0.0978825706971555
-0.00555815805917833 0.0263747685711948 -0.171387749658012 -0.0202501567127494
0.0025544361321127 0.0274361582914786 -0.163345497570042 -0.149365549981854
0.0147866323209866 0.000255287353006483 -0.325322301195621 -0.121115760910518
0.0322238517241595 0.000307265315368142 -0.579681598434717 -0.0432543146504013
-0.183041904182234 -0.0793627256350123 -0.0472769712069537 -0.468051169344134
-0.179854816747688 -0.122256423798772 -0.0730143234188216 -0.353797299229622
-0.178179425892631 -0.11339224956725 0.0272884470130203 -0.235490291970992
-0.124711379175069 -0.175582332350042 0.157557780985751 -0.0974281431657749
-0.0379930075156914 -0.207982424384775 0.255938208719143 0.0432612787972546
0.0541255990561347 -0.210553292950049 0.108049181653207 0.217644711463505
0.161661488806016 -0.223343240451437 -0.185698772577164 0.372701995338348
0.192166740102332 -0.177828285943117 -0.366311857280555 0.390378863130235
0.195037712236622 -0.15158239934895 -0.451223020761887 0.324716183642063
0.150618002102448 -0.112998483617268 -0.351902841976485 0.220169959342457
0.103106830420489 -0.102672437101602 -0.256873698581128 0.118657430224944
0.0572825914172007 -0.107922681948792 -0.194517689006412 -0.012832285891622
0.0154338600108236 -0.111579196158643 -0.198691205212973 -0.148055472336601
-0.0276598569200227 -0.163025662267593 -0.365465143481814 -0.0977651008935904
-0.0791977068190027 -0.137398459623882 -0.595204328839481 -0.00724403948154005
-0.342239669448218 -0.132640949245545 0.0707615766610908 -0.432953273567611
-0.316651189483334 -0.198950585583493 0.0204988521544152 -0.332069683960801
-0.315381500611067 -0.227777947303952 0.0926437301448029 -0.209245478319762
-0.223812690022096 -0.350149734929091 0.189045268570295 -0.0740883179706775
-0.0672783392896259 -0.408536906433795 0.252196989894172 0.0389882557666589
0.0900775094347979 -0.400176322825719 0.124979118997248 0.169288092168655
0.269602819833801 -0.390662262283874 -0.137058815752771 0.269486674655896
0.33211369994842 -0.317801424682068 -0.270382911010324 0.295935604570351
0.327143435793864 -0.284667242679453 -0.365054084120696 0.278723133074329
0.255049779096497 -0.252259813917167 -0.319966149953975 0.217490843307044
0.170400107044438 -0.277643085175233 -0.277390678177181 0.153298213997989
0.0835738348944199 -0.285071598998543 -0.239132845760422 0.0113028194470076
-0.0101310163135132 -0.265867949609876 -0.25835448431726 -0.110629264766463
-0.101281675513456 -0.310412863453943 -0.411436898696996 -0.0224019469004756
-0.195164699762846 -0.250667487868102 -0.580177977568273 0.0873987930913707
-0.429816077024419 -0.184042053767577 0.222584860309408 -0.36470971766481
-0.378482290451983 -0.281575709728732 0.151807386039852 -0.282195242627184
-0.361135189573379 -0.345817730952951 0.176171270263553 -0.156594417564025
-0.235702805167763 -0.498319578093398 0.226267044487617 -0.0480474578963668
-0.0384186634186214 -0.550633701428812 0.247068309501914 0.0108975199434275
0.148068000731745 -0.513921236310237 0.149893905668939 0.0774776086566713
0.347151715133647 -0.483864390507416 -0.0487061150042047 0.115027890157315
0.419361744204821 -0.413303346749268 -0.129043846957962 0.153993499278314
0.401291326634543 -0.40534824346006 -0.234510041702162 0.187917528540753
0.300303296819965 -0.40574654764522 -0.259486526381668 0.180386404609307
0.168309037438359 -0.472202106597249 -0.283911101121785 0.176579034842318
0.0311432466985859 -0.470065389628342 -0.283290276600833 0.0572241395520273
-0.100729633080257 -0.397331230420775 -0.303641637331521 -0.0231505604649393
-0.211681460794121 -0.407852547538347 -0.421944234768145 0.103440883364769
-0.304881133285403 -0.31587836846955 -0.519002244434613 0.216330074040848
-0.435381545334923 -0.215930273628779 0.373598910082057 -0.265248646188237
-0.352998033814962 -0.34069317597854 0.283081835323986 -0.192332249233229
-0.300214666294221 -0.419774319558557 0.244452817706299 -0.0677247782202494
-0.149892830498626 -0.565057399549726 0.255175749898809 -0.0081417245809769
0.0474270008728943 -0.578514654543808 0.245012909096824 -0.0251364801941941
0.212420720822843 -0.517518098023844 0.193032987796117 -0.0285695453404214
0.384765378545557 -0.487708967654444 0.0731401394845658 -0.0484773766394187
0.448001403724047 -0.445329776066991 0.0342912946765077 -0.0169089490083367
0.404201782461071 -0.481171374163917 -0.0873274388650845 0.0446090092630755
0.269885918838883 -0.512330600646781 -0.189426791322567 0.0855453769156676
0.0887751221085338 -0.598379888480833 -0.277568912144208 0.16234199203044
-0.0863840132762596 -0.565665526449583 -0.300487994250553 0.111524783837954
-0.219754633456714 -0.439949382823412 -0.296250065482883 0.0930687036795168
-0.322589977589135 -0.419054241549993 -0.362952102936455 0.246125584273252
-0.380428585988049 -0.323191142658821 -0.406317087604287 0.353095535860187
-0.369997382767172 -0.216937790479495 0.496753991243738 -0.146437399967688
-0.258178540208602 -0.340735223229298 0.368552424287387 -0.0744726635737866
-0.170257885628041 -0.405278898946643 0.264079754163398 0.0427668990368424
-0.0227037041757501 -0.503102816919781 0.255946534261462 0.0385414496642547
0.131204015524431 -0.476883934600297 0.244767827019451 -0.0511577350710252
0.244766754484164 -0.41210288977705 0.2517402910278 -0.111128368036814
0.366574255996659 -0.404656895913627 0.209585690783928 -0.181888670869213
0.407365974510711 -0.40883083414749 0.194001449035329 -0.188890409292253
0.343343942181086 -0.474163775287119 0.0437755706894482 -0.128488878962767
0.185190766748771 -0.511841303041455 -0.136436737577455 -0.045678244750802
-0.00930188468309152 -0.581327837448815 -0.272361657141403 0.111277971730571
-0.182386097490389 -0.523664231417415 -0.28663038318632 0.149525717912051
-0.292194265571953 -0.379547514677673 -0.230427023292459 0.192496300199196
-0.370394977922416 -0.351349471692599 -0.24578675703373 0.354946761975356
-0.391271656369206 -0.279666165988134 -0.255481209381048 0.468006471003707
-0.257728027091887 -0.167296582992851 0.568631737624025 -0.0309831099778245
-0.146602652751722 -0.265581983610894 0.393589071246892 0.0376527207575877
-0.0503415004645696 -0.296172025427629 0.231438595044485 0.128318412915412
0.0570578680641868 -0.341984698363803 0.228419267250389 0.0683957971939023
0.150683359128729 -0.300969402248215 0.239023283746549 -0.0613850079168456
0.213609586448701 -0.255164482340115 0.311339743260333 -0.150912444348815
0.281336308482409 -0.27578658125416 0.336149601737034 -0.264828712260551
0.306728283752636 -0.310927579621233 0.324208567130419 -0.333370623144946
0.243612615886744 -0.375931024277504 0.137029963126725 -0.293945106722697
0.0974696564769653 -0.39926223382919 -0.112769481244185 -0.170942687978181
-0.0657251640159339 -0.439951542025304 -0.275237307835264 0.0496417323971268
-0.194995346099837 -0.380890706310923 -0.254701759468174 0.1620055525774
-0.268456184492489 -0.259625226768861 -0.143634708305729 0.246870005981455
-0.323374324423462 -0.240457395470716 -0.114311156445323 0.405206474410699
-0.323050968037716 -0.201141494172745 -0.102805173170998 0.540334231796191
-0.12632983219784 -0.070506504119405 0.593443363704201 0.046691335084956
-0.0605143392659963 -0.138604446942235 0.382049156072814 0.106501331833666
0.00423600913386604 -0.148085502652494 0.185919967512884 0.16413008533541
0.0503515915721948 -0.169284021874121 0.199610144197387 0.0714077596530033
0.0937068501787979 -0.134699340325416 0.230575159114818 -0.0682988248555324
0.122625680726613 -0.112492320620844 0.347389911355423 -0.16244151267947
0.144897305169628 -0.133651898358611 0.425565746537738 -0.302585647783098
0.157966992729454 -0.168316142045784 0.402047708778885 -0.430202924136622
0.12164122652818 -0.205534030045523 0.183073125897767 -0.411391966203587
0.0343080373120635 -0.212231801306545 -0.109296122558659 -0.256596533528918
-0.058398370459324 -0.236811917900213 -0.28259997209364 -0.00193515831515802
-0.121288123514469 -0.210188466320847 -0.224378159284599 0.154284154757348
-0.154663136951567 -0.134170524424696 -0.0717400735743099 0.261734364369192
-0.191001264999907 -0.127250932744963 -0.0110664722476391 0.406747358978047
-0.184116908863108 -0.111963477055729 0.0158841173938025 0.56669562721308
0.017918393910086 -0.022015379416457 -0.11620073748059 -0.480280259821632
-0.00277823208634381 -0.0492460888215688 -0.114886368426337 -0.363425331320073
0.00449623621867712 -0.0059614876753014 -0.0102088625521454 -0.254723353842339
0.0173900183143497 0.000893224054945661 0.139961887661545 -0.130040350023943
0.0208940334760419 0.0108549253410753 0.252509582012372 0.0162941151965587
0.0305116817701783 0.00961245696515826 0.0963655221854891 0.21508402748838
0.0402589808188466 -0.018239762832235 -0.188163056840109 0.4089635162209
0.0256972001900242 -0.0128849921241223 -0.394005293601852 0.426744846340875
0.0317672453736143 -0.0185082759996278 -0.471114160888098 0.34665709921293
0.0229868117016059 -0.00189273950160697 -0.352524593162192 0.224932209094559
0.0111841148255783 0.0271069604667948 -0.237747129822818 0.101335583917554
-0.00501717673628653 0.0270708296973973 -0.172362466677812 -0.0164933175523592
0.00339373057734667 0.0273093775461134 -0.166464811876868 -0.146570455963587
0.0141467200541939 0.000160835519640821 -0.326609634091486 -0.115315949641277
0.0323979111749274 -0.000508633886468865 -0.579625572912987 -0.0340290130403749
-0.184965996832338 -0.0763297323009101 -0.0557035238514985 -0.468621701058404
-0.18280508783725 -0.119337700440616 -0.079620888623852 -0.352915594776563
-0.180664708141488 -0.110339450354992 0.0229260023739641 -0.236684225970012
-0.128176308016356 -0.17364589617495 0.155875561713206 -0.100535331516267
-0.0421226967412292 -0.207172038201168 0.256381303200432 0.0392777126262409
0.0508228476817682 -0.211904503038793 0.111827299479113 0.21696357470034
0.158198402972846 -0.226764314836103 -0.180617926325566 0.37646144911065
0.189273066200759 -0.18217622979235 -0.361524645460055 0.39577558450229
0.192596853306312 -0.155427987590943 -0.445562589344057 0.332555101592089
0.148442349657301 -0.11546598259565 -0.347920657471461 0.225860459806075
0.102291097948523 -0.104479064844371 -0.255045181972522 0.122786027476814
0.0562004716818152 -0.10862955403267 -0.1948797251842 -0.00907892330406802
0.0140495249061378 -0.111894352218475 -0.202229254449506 -0.144405424762215
-0.0310733896461112 -0.162607378239634 -0.367023588061526 -0.0908021110447369
-0.0818903838551251 -0.136157662764728 -0.595248612934846 0.00452301814199191
-0.344512460061651 -0.128792374274196 0.0619288004955583 -0.436925072256579
-0.321222109879812 -0.194213492690012 0.0141364359263815 -0.33372849537815
-0.31943260907565 -0.222240570708468 0.0884498545186007 -0.211183662510045
-0.22963856658077 -0.346474221088579 0.18804814657819 -0.0781699611124831
-0.0745672744945813 -0.407072805072777 0.252819903889344 0.0355783852926311
0.0837760861626042 -0.402146416691168 0.127899797326714 0.167588975075431
0.262148205364057 -0.395645235563452 -0.133901130040409 0.271708835655277
0.32565959511688 -0.324796964142019 -0.2653878854397 0.301022646182642
0.321705561511906 -0.291759408668596 -0.360586295153576 0.286004928721332
0.251539329176646 -0.256411636471263 -0.316153572344343 0.222205384137128
0.16684294787496 -0.280334080001145 -0.274573568958942 0.158475032950131
0.0796515830669564 -0.286219768895568 -0.239238788400622 0.0154257541928686
-0.013800403847629 -0.26594721035943 -0.261646224482018 -0.105882811930872
-0.106826244803517 -0.309565830742871 -0.411318072437903 -0.0154070493772512
-0.199297847424589 -0.247670976624554 -0.57903720569738 0.0961572607976005
-0.433294182652133 -0.176521385272599 0.216298169669638 -0.370513344299454
-0.383296515956748 -0.27584431008562 0.147143559052776 -0.285812071626438
-0.367350147922317 -0.339593007776167 0.172712586613173 -0.159523416447416
-0.2430733607012 -0.496007289806608 0.225668158714888 -0.0520307978281929
-0.0480763790810235 -0.550640849739664 0.24766674377044 0.00821853442585113
0.139499339753156 -0.516759591696455 0.151751430937817 0.0756793962043676
0.34092618249347 -0.491900057839757 -0.0488942213851146 0.116053256514117
0.413234289185925 -0.420790262955039 -0.126338769208097 0.156555867943743
0.395264082329134 -0.412337820279266 -0.231373850844219 0.19188226519921
0.29546928712494 -0.411350901441248 -0.256298542396816 0.184337967975011
0.161759445147366 -0.475300121454874 -0.281512946630002 0.181904016839815
0.0231296863785443 -0.471972632419585 -0.283261581995865 0.0623172127957086
-0.1068327301532 -0.395334788284584 -0.305977570734939 -0.017249238063408
-0.220297741717976 -0.404313024575917 -0.41979388534814 0.111554399017024
-0.31008875149296 -0.311429524951643 -0.51477677821058 0.227033739731612
-0.439823461050385 -0.208435003962669 0.368639969124944 -0.273085724379133
-0.360434659973526 -0.335855584534691 0.278679121916739 -0.198003162327249
-0.30849050484529 -0.416288512254522 0.24375558591411 -0.0710671186126367
-0.159385413884209 -0.563355681245344 0.255314558221856 -0.0127743777721271
0.0381563183983774 -0.58062580762577 0.245314768802568 -0.028022165316206
0.204037932693507 -0.521734631474448 0.193033858510234 -0.0305888373180653
0.37723864280096 -0.493579677581247 0.0709971626739773 -0.0505422210549874
0.440009829336252 -0.454184338130593 0.0341416531280265 -0.0173019985414352
0.396954409286637 -0.487896748831233 -0.085611071267737 0.0459633113446758
0.261356157370171 -0.516519151305348 -0.188020559787367 0.0881691846486973
0.081142826835061 -0.599805244194814 -0.274168628426477 0.167815172006788
-0.0948225448253054 -0.564937501443079 -0.300078717956018 0.116286977351207
-0.226972523840218 -0.43750435998996 -0.296363895452342 0.0991824625060861
-0.330634883346347 -0.415039129695747 -0.358074946841041 0.253658453356542
-0.385070315718506 -0.316939364728397 -0.398319986498799 0.361265059423061
-0.374229778677735 -0.210800426781009 0.49402220036322 -0.155351426011167
-0.263888474947334 -0.337233488628594 0.366184125859124 -0.0806615609995807
-0.175919352927153 -0.403453384758171 0.264457134483571 0.0382723804950313
-0.0307241923305369 -0.502040751321111 0.256652903148026 0.0330777321556843
0.124578784821069 -0.48064653118574 0.244209801644439 -0.0537533336605729
0.23868898564294 -0.41664692966831 0.250503051966952 -0.114795792687087
0.359090099844769 -0.413545355980682 0.205865667658398 -0.185561747138903
0.401009633653647 -0.417824239408012 0.190405907608973 -0.193036745273133
0.337806223469146 -0.480572534903174 0.0425397920178688 -0.129875351385009
0.178113805295122 -0.514704745307889 -0.137539919846634 -0.0445741428826605
-0.0170237887848197 -0.581529793118102 -0.269869447396217 0.115497574378099
-0.191333175003055 -0.520444020263828 -0.285102812436745 0.154599338010437
-0.298464089880817 -0.377089771272151 -0.230068204648713 0.197701023756961
-0.376427575958527 -0.346550990372226 -0.239506412973563 0.360571650691731
-0.395067043166981 -0.272430783158708 -0.246693563912544 0.473247156957568
-0.261246916692981 -0.162798370068439 0.566330707125018 -0.0424038037354121
-0.151384242064566 -0.263981182484506 0.392797409450175 0.0298208543580671
-0.055014795686231 -0.296074056098888 0.233216120272478 0.124298134339712
0.0508747013026412 -0.344054140280834 0.229528206406705 0.0640380067716935
0.146447046712612 -0.304132631780488 0.237831639783667 -0.0648539196945761
0.209847896377321 -0.259581949609575 0.308819329475336 -0.155857706183742
0.276466818499541 -0.28033690248172 0.330967031584781 -0.270562058106
0.30142454335359 -0.316875681411419 0.318048095382073 -0.339229814775505
0.235831240919909 -0.381016832210194 0.132984528307372 -0.296699604298309
0.0910450197051642 -0.400652153574591 -0.115511893638737 -0.170672492016625
-0.0724611089956945 -0.440393818505451 -0.274481492794683 0.0540388919999912
-0.201303790736686 -0.377675102585475 -0.252995738817519 0.166790856643041
-0.272618101616947 -0.255788998692482 -0.141150779760478 0.251165592470925
-0.32753903831858 -0.236326572046869 -0.106523739109071 0.409754770802975
-0.327197157348803 -0.19620960646448 -0.0929362493382489 0.544414103954976
-0.127642374776986 -0.0682141481734495 0.595170880262678 0.0355325669638603
-0.0627503072612712 -0.138322752112866 0.382757259309368 0.100229568979142
0.00186638757515399 -0.148553601191174 0.189264754794578 0.161326457204146
0.0466250802374653 -0.17040676722198 0.201916827838975 0.0675115075243559
0.0915703281541267 -0.13704198764938 0.229084003728159 -0.0715658204655353
0.121204712227653 -0.114566507925064 0.345938099985115 -0.168154589024697
0.142595356888365 -0.135834660703408 0.420361500738158 -0.308756839365622
0.155735133420607 -0.171313787866908 0.396701759248403 -0.437496443402372
0.118938901679565 -0.20880446610143 0.176656034600258 -0.415050109550198
0.031484936357135 -0.21350978412771 -0.113669556524783 -0.25627409624777
-0.0623098465790651 -0.236387989994968 -0.282649158297042 0.00327308638025667
-0.125257422684333 -0.208287326018125 -0.222274124719733 0.158713063282632
-0.157507477204262 -0.132074478999241 -0.0683423942728313 0.26406020495955
-0.193651318284698 -0.124264005438145 -0.00391833433307715 0.408754038689649
-0.186381993375373 -0.109732561781513 0.0273587628281566 0.569749791835951
0.017760553760181 -0.0226956707903539 -0.125943994118038 -0.479586999261774
-0.00435471313124022 -0.0483229931397494 -0.121426998391725 -0.3618630700289
0.00455081721723444 -0.00571427070055757 -0.0145852041804659 -0.25465681175574
0.0177425133096129 0.000434280213380168 0.13797510623047 -0.132084080388759
0.0209934035491746 0.010693755493659 0.252012915009201 0.0110909485099772
0.0308788632386398 0.00907155288043555 0.0996695394980687 0.214026663954291
0.0394053957116702 -0.0194063790558092 -0.181506352768341 0.413188377843011
0.0249538338048496 -0.013348551261248 -0.386645653795511 0.433075513148713
0.0309465492088788 -0.0195694761132898 -0.463692703400915 0.355444786281817
0.0225661494866806 -0.00260209929981065 -0.347495457237752 0.230374543021216
0.0123049220110048 0.0263475837996575 -0.235854039772065 0.105401282123347
-0.00381482584483309 0.0273955796758637 -0.17263007920891 -0.0133925486171151
0.00411250552932275 0.0273715590382412 -0.169469387861735 -0.14375892773133
0.0140144566193781 -0.000145694030942708 -0.326559430066161 -0.10888950610951
0.0328306277982539 -0.0011043878660988 -0.57871394046923 -0.0229327896272862
-0.1852518752056 -0.0731195295337365 -0.0652642072313271 -0.469111810635171
-0.185221727719425 -0.11650241080345 -0.0861949132779297 -0.352590458883516
-0.182332461190952 -0.10665657553756 0.0185130104365529 -0.237097565000888
-0.131120185919537 -0.171449199706781 0.154516562618402 -0.102588921571783
-0.0460992624287641 -0.207276391164019 0.257575860404644 0.0351405885353681
0.0476509527570162 -0.212804983398872 0.114106474089676 0.215644095443282
0.154354863693148 -0.229747088456543 -0.173856785546153 0.380216743634841
0.185879132058951 -0.185173219150939 -0.352802150865089 0.400334996909386
0.189880002822954 -0.159127227496134 -0.438510308122447 0.339615969627458
0.146851851993338 -0.118413897772903 -0.344194881736472 0.230984420204932
0.100982119890204 -0.105982627206743 -0.252869200610697 0.127083684580258
0.0553636412020175 -0.108660069761102 -0.194820631458487 -0.00574490535894855
0.0125275551976678 -0.112021311530013 -0.20492315575031 -0.140297057750723
-0.0342629877667886 -0.162064762723831 -0.366494898302952 -0.0838921168515289
-0.0835649732576449 -0.134633461144656 -0.594453219879156 0.0157422547448391
-0.346997548832616 -0.121929044893626 0.0538948806294552 -0.439892298862836
-0.324948198775533 -0.1883927652191 0.00766204538916485 -0.334094622648238
-0.323091840462019 -0.216441741370116 0.0850779565910566 -0.211971829689149
-0.235353842005789 -0.34386395908023 0.186278559215228 -0.0808158862491022
-0.081614994519548 -0.40678998496009 0.253905360164456 0.0318594563335257
0.0772919218089333 -0.40300824901301 0.130130007071066 0.16620023837495
0.256068418464188 -0.400292326787081 -0.130746908269679 0.274054937201373
0.319782298692696 -0.331178793861917 -0.260030530561279 0.304095475943783
0.315851479467796 -0.296315754684066 -0.354527069831047 0.290774980308956
0.247119418719152 -0.260715717456761 -0.31105739906312 0.226711007289763
0.162676044009314 -0.283305425505596 -0.272094273127999 0.163017373905163
0.0749079027487851 -0.286772786810475 -0.239369995523181 0.0198134759847613
-0.0177645145606271 -0.266044921677973 -0.264639155737929 -0.100715693463336
-0.112147154462882 -0.307645601144754 -0.409819360438346 -0.00656864536894095
-0.203008180528915 -0.244234355902325 -0.575508573211406 0.107737712590692
-0.435615857850022 -0.167719011448767 0.207652384672563 -0.375781975700548
-0.388536112461906 -0.270549426683117 0.139790632089021 -0.288477039589067
-0.373524609754176 -0.33343840323524 0.17044293691706 -0.162135467755111
-0.253114989646149 -0.492859040142479 0.224681964262948 -0.0550209226977905
-0.0570363775936719 -0.549615401127863 0.248250724185313 0.00470302709655495
0.130457416201169 -0.519067561910683 0.15258131357124 0.0740052083365685
0.332232589502191 -0.497225763412239 -0.0481448055499768 0.116431557053287
0.406027416876919 -0.42777496214063 -0.124164796346336 0.158530185344799
0.389088293024732 -0.419646050433043 -0.226852430703802 0.195866362734694
0.288012917271669 -0.415740148279375 -0.253171128066135 0.188146213908479
0.154080119695568 -0.477675701711824 -0.277375284206269 0.186788721556692
0.0147876607981664 -0.470040851871306 -0.28176580682257 0.0670814506942579
-0.112384289066008 -0.394707370939552 -0.307016965742199 -0.0116378193542453
-0.226374688537312 -0.400528471399451 -0.415953001970231 0.11944455293507
-0.314590608921951 -0.305421114077413 -0.509052930929622 0.235063799371206
-0.442363399132226 -0.200851116989384 0.363652740703397 -0.280597795750654
-0.365721932531011 -0.329299445665322 0.274296844400275 -0.202906342521639
-0.315761117362988 -0.410931050932304 0.242050273098489 -0.0745646899040166
-0.169137995172888 -0.561183188538324 0.254468658467732 -0.0167111934154567
0.0269690881293708 -0.581559519542944 0.244109956408413 -0.0310215167996597
0.196305344356001 -0.523588824377333 0.191940064861984 -0.0338091321793646
0.369261827472379 -0.500165469425096 0.0683658232724384 -0.0515113398420051
0.432813441391015 -0.46308167277983 0.03292319129957 -0.0176693640461949
0.38903883939449 -0.493547047984024 -0.0844426812611579 0.0471368125688616
0.253082750195021 -0.519480092754126 -0.185803569712275 0.0904433409584462
0.0703902424686304 -0.601635005489034 -0.271044435351204 0.172192767987178
-0.105202254671253 -0.562949114830479 -0.298419849545453 0.122037635388792
-0.233689523135157 -0.434261315639775 -0.295643157860127 0.105234076290885
-0.337581427456544 -0.4088368360196 -0.352427355984283 0.260538287820564
-0.389824374297449 -0.311233043981578 -0.391017715417293 0.368114099664974
-0.377722558792551 -0.204159960584629 0.489331186058421 -0.165398906470585
-0.268598616499842 -0.333144699858793 0.363156450605707 -0.0876570957360432
-0.182919317224329 -0.399651760935828 0.264904465327482 0.0340513966557893
-0.0396326043081044 -0.502949992454509 0.256394559024463 0.028426193318682
0.115665694854997 -0.483196885350178 0.242307327524742 -0.0567477575535057
0.232463567126718 -0.419758149992712 0.24858005312392 -0.118590645774549
0.3519586244076 -0.418590029862819 0.200997966932798 -0.18929884961182
0.394011689525925 -0.425009998201696 0.186338225798957 -0.195117456945913
0.328810545429168 -0.486530984670282 0.0403643887917452 -0.130941006366126
0.170108384253819 -0.518077296894491 -0.138336637161379 -0.0428717947573766
-0.0287536131284646 -0.581765279542391 -0.267307492627629 0.120747834298095
-0.199920028594274 -0.517080799753738 -0.283213224949012 0.160037275492143
-0.303743450319665 -0.371663216928188 -0.227830938669604 0.201655829644504
-0.381366255587146 -0.339258656569476 -0.232107091953114 0.364706123251549
-0.398900609572756 -0.266367776121872 -0.238945340099937 0.478301971114583
-0.26337771179297 -0.157411433836249 0.565805459025305 -0.0521778966989335
-0.155146002772044 -0.261860997930596 0.39207187834075 0.0230554769147533
-0.059798230594504 -0.295420706889298 0.235406974313672 0.120083589566837
0.0448910975978449 -0.343983561666323 0.230774793373159 0.0593501623989797
0.14173088934248 -0.307331562851349 0.236073289237125 -0.0674622559262289
0.206011724470686 -0.26238033650289 0.30648892633578 -0.16115565578378
0.272726052210406 -0.284715195043574 0.325562444529802 -0.276182379013321
0.295236632734327 -0.323172847628598 0.310570665385239 -0.34352990616945
0.229568017781366 -0.384907454882429 0.12804799899139 -0.2988103873447
0.0854403643719974 -0.400912597610677 -0.118090541060984 -0.169336760064813
-0.0797468064684256 -0.438311311213341 -0.272532362822068 0.0582251057563693
-0.207599772479637 -0.374801779058977 -0.250672158831824 0.171367143781082
-0.276627059466296 -0.251228462098896 -0.137746359364655 0.254043934714281
-0.331582369168604 -0.229560612797343 -0.0991822660103641 0.411560438400572
-0.329711876439673 -0.190981401942563 -0.0821529412822913 0.546054719184059
-0.128433400792542 -0.065899305322205 0.59323622903564 0.0243888693836076
-0.0647912780710239 -0.137633318072123 0.38326060312175 0.0936104675064378
-0.000308419933665049 -0.149014846704613 0.191594921504325 0.157440621013341
0.0437924600907038 -0.17079200216001 0.202398055572836 0.0635470365317038
0.0890123390399097 -0.138853784946932 0.227796625428272 -0.0751586089151601
0.119742119701643 -0.1165379527122 0.342549310498845 -0.173666463961026
0.140545991747763 -0.137459617652694 0.414577524711003 -0.316710235424173
0.151937532980209 -0.174185612426847 0.387746825650394 -0.442931000885531
0.115677372083342 -0.210457887332634 0.170802653274873 -0.419476295221122
0.0280053208341361 -0.213310215667577 -0.11768134198527 -0.254282376879477
-0.0664415010894381 -0.235182879391849 -0.282112161708245 0.00822057346472862
-0.1287244128516 -0.206294509515735 -0.220210304342178 0.162699356896374
-0.159830892518547 -0.129285625740402 -0.0642972424023467 0.265510537634587
-0.196042525457106 -0.120778759952597 0.00349424744472554 0.409914356466389
-0.188493539665392 -0.106358082937769 0.0375813589277555 0.568593537193486
0.0177675669840283 -0.0234065267747774 -0.133449747025291 -0.477490438241027
-0.00591163016904533 -0.0481647523396834 -0.127215402912767 -0.359820040440879
0.0042117859478484 -0.00541221807879568 -0.0191905541427717 -0.254292992483793
0.0177151136149865 8.20019596008848E-05 0.135935284610025 -0.134777194714402
0.0208493856926509 0.0106540460038492 0.251500286972397 0.00693588215442193
0.0306191547855565 0.00821058552531929 0.101793691420004 0.212462153395138
0.0385986979855725 -0.0203311761041228 -0.173097496347877 0.414976535582422
0.0240573290995582 -0.0136701088282465 -0.378678656106116 0.437836563645519
0.0300725071245049 -0.0201991169708898 -0.456178262291592 0.361155355583593
0.0224951901607383 -0.00365913262162646 -0.342288429405998 0.233611328224696
0.0134477357656019 0.0259547726288056 -0.233635502584255 0.108509237609508
-0.00331473975650667 0.0277795449944106 -0.172057105942192 -0.00986676607563229
0.00472447402262998 0.0270434397453468 -0.171829146272272 -0.13987215809024
0.0136747689312229 -7.75123752745233E-05 -0.326828900678559 -0.103128663087588
0.0332095565519673 -0.0016837560543977 -0.576547392922551 -0.0140333834325572
-0.184969550329601 -0.0701893135380787 -0.0740447551877444 -0.468911564178408
-0.187634435726416 -0.113036873134644 -0.0929401283792687 -0.350131819313396
-0.183407229635832 -0.103432645322781 0.0144622434272455 -0.237300523125246
-0.133220630703053 -0.169340434773028 0.152559638684361 -0.105131248135276
-0.0486102204669401 -0.205907840353163 0.257335825955472 0.0310191952389351
0.0436814896603261 -0.213299525778864 0.116944096077498 0.213624221693188
0.150610959289072 -0.232858790479763 -0.168127951327647 0.382586941356851
0.181661235223102 -0.188287967382907 -0.344810025070358 0.405347618008875
0.186828709786603 -0.162134252436529 -0.431150584961247 0.344798107262822
0.144621639019538 -0.120677610148609 -0.337091835230497 0.235424942309997
0.0994594776405621 -0.108176023379479 -0.250348740686494 0.13014383400967
0.0537522387824862 -0.108760286812383 -0.194434163219775 -0.00238652835747846
0.0112622157040195 -0.112138411910205 -0.207641658704789 -0.136298837874549
-0.0370798962335488 -0.161224881581568 -0.36564094924016 -0.0759547932013798
-0.0850947307645779 -0.132900863750463 -0.590489170919495 0.0245273589125265
-0.346869834896093 -0.116399365220749 0.0450546777342816 -0.439617294150682
-0.327641240417214 -0.184074662411933 0.000489430381824148 -0.333666973355506
-0.324755259365819 -0.211460315772406 0.0812078406590021 -0.212292739074647
-0.239907080736323 -0.338432672442594 0.184593943235438 -0.0836802581197921
-0.0888149792058514 -0.404223743550246 0.253830377453486 0.0283661248156745
0.0702074325918342 -0.403354268452009 0.13174413564159 0.164259384493933
0.250259567358874 -0.404351992042264 -0.127189006534006 0.275984368890768
0.313379853391413 -0.334817592224223 -0.254516361857116 0.307402011743816
0.312010444350736 -0.301292136066622 -0.348464432519387 0.296661497489341
0.242423317924652 -0.263577237393727 -0.306291693515422 0.229499242852147
0.158058811727505 -0.285648567620051 -0.268183726124316 0.166937159870185
0.071124914178165 -0.28642559638366 -0.237933422534316 0.0235899709748192
-0.0215449789556897 -0.264994549577104 -0.266074953001959 -0.0957889898563705
-0.117627753009399 -0.305033022852014 -0.407528683004534 0.000524714953742381
-0.205662469947818 -0.240324423703792 -0.571235275017463 0.11787141612266
-0.43678809843841 -0.159564439958782 0.200399034656603 -0.380126929794194
-0.393358726857208 -0.263843919919108 0.13424005028207 -0.289618826611447
-0.377464701832036 -0.326801107286339 0.166880365017244 -0.164354377716233
-0.259899415270513 -0.487625139735388 0.222735376544526 -0.0588635130320856
-0.0662804088907777 -0.547787187970971 0.247711324200807 0.00226434220915774
0.121846033520322 -0.519180129678737 0.153227217726889 0.0711543019401856
0.324713339580246 -0.501538809395414 -0.047841455699277 0.116617703257778
0.399390814161567 -0.434414345894574 -0.12119729980024 0.159591379994486
0.380756463744458 -0.425224720701378 -0.222253844323056 0.198136087037871
0.280985239303545 -0.418270828318617 -0.248769797719559 0.190485879100502
0.146696833695042 -0.479144291126974 -0.273250418548426 0.191261430235602
0.00852546380023376 -0.468686845893623 -0.280822892601431 0.0722524289695355
-0.118333046731795 -0.392529238775608 -0.307668220499445 -0.00553007844103297
-0.233659774115788 -0.396211333645074 -0.411185306178958 0.126101607642719
-0.317964970516492 -0.299209941523854 -0.502758682871582 0.243215719695578
-0.444334315195142 -0.191775949514297 0.356074540161434 -0.287933762635202
-0.369694146110411 -0.323412402981801 0.26827068207823 -0.207214630945873
-0.321371437420951 -0.40562267544546 0.240386029756289 -0.0786184858471072
-0.178328049942616 -0.556608206675844 0.253533918877446 -0.0218480003425894
0.0185110802000464 -0.582064544893343 0.243161335583387 -0.0337714632543299
0.187206677447871 -0.525860511766961 0.191211739706434 -0.0363096884721332
0.360722274375501 -0.505001807124046 0.0655292268729621 -0.052744914838615
0.424008275708633 -0.46821455538035 0.0326652229274214 -0.0183242321517729
0.379021513651361 -0.498934193921101 -0.0826401043014466 0.0477115201953575
0.243800092611733 -0.522677076926626 -0.18418890910821 0.092368385525588
0.0615311131091655 -0.600625738770205 -0.266302486297365 0.176576234189639
-0.113064558489879 -0.560176241084657 -0.296277835672832 0.126732779768291
-0.240597091804779 -0.430155879976495 -0.294701656788604 0.110738298420612
-0.342727720062181 -0.402398010749244 -0.345584036760738 0.265602262831754
-0.393601415160897 -0.303825416229822 -0.382884684805923 0.373808171048823
-0.380031866616043 -0.196609570806833 0.484157978769568 -0.175217253335278
-0.275100721160341 -0.328017139212863 0.359574090043174 -0.0935979853866184
-0.189640004950075 -0.395718903501984 0.264947936773653 0.0294111544149143
-0.0480854050223125 -0.500766137370818 0.256014816236718 0.0241308747217763
0.107276486653913 -0.484998598012238 0.241018865119374 -0.0599895803433776
0.225795219858078 -0.421787251718923 0.245507094949232 -0.121947359084336
0.343733343365299 -0.421090576520152 0.196404025876613 -0.19208020742742
0.385266327345815 -0.430396227467909 0.182014192457617 -0.197689028182943
0.321451848581461 -0.489876911274552 0.0389845326332377 -0.132221549258424
0.161191939213713 -0.519576670684602 -0.138653779690427 -0.0409229857654242
-0.0384335561846873 -0.578656201540959 -0.263937388185087 0.124795763508523
-0.208720340358146 -0.511514445239994 -0.280154596072314 0.164293122397312
-0.308781577477642 -0.365860710973131 -0.224454792980442 0.206708476400433
-0.38750406684838 -0.332744417462742 -0.224591837137459 0.368384178152149
-0.401980890664225 -0.258240890745585 -0.227509246232918 0.480503435916832
-0.26572263247825 -0.152631856793401 0.562257824703761 -0.0634157418509716
-0.158901936716182 -0.258911081280831 0.390596049166397 0.0158005250831783
-0.0640320496096424 -0.293767819655304 0.237120419914685 0.116245308791924
0.0394147808888419 -0.34456307853921 0.230509679461794 0.0550928769613525
0.135939056681566 -0.308660693976274 0.233913883336656 -0.0713098511825271
0.202192502650905 -0.264797871120956 0.302206882155806 -0.164903788350152
0.267778271387157 -0.286923074018002 0.320401985574329 -0.279821489999303
0.28963084923424 -0.327524544608427 0.303597261920987 -0.346677848387929
0.223949741711513 -0.386771684225199 0.123027413709171 -0.300786954299912
0.0788075218178219 -0.402218305850103 -0.120812849018145 -0.167192085523203
-0.0870774240369091 -0.435533520987287 -0.27023537763519 0.0622034718833876
-0.213665868797192 -0.370404933311878 -0.24791061561553 0.175274860604998
-0.279935149355686 -0.247157408063585 -0.134791912259305 0.255930530759202
-0.335511091702552 -0.223841842854748 -0.0907532075197012 0.412850135710351
-0.331591637873642 -0.185246060480235 -0.0709180371487432 0.547425100406182
-0.129270310219703 -0.0636442039879921 0.590906940621699 0.0136434711935905
-0.066782059010322 -0.136715971720961 0.382727878453375 0.0862543499763778
-0.0023759049636153 -0.148466558007893 0.194213478128406 0.153241764947934
0.0407048471093439 -0.171035011495792 0.202140480289489 0.0591849357397549
0.0865242731682423 -0.140296227607509 0.22525596760768 -0.0772585627709082
0.117537577752425 -0.118298998869991 0.339930629286897 -0.178373813186148
0.137865631373258 -0.138874606514045 0.408881008109275 -0.320825811156036
0.148677937393269 -0.176794271115199 0.379188181412622 -0.447180698679752
0.111404850451797 -0.212875874919873 0.161602410341634 -0.421296216262646
0.0249010766784013 -0.212828763762562 -0.121760505723876 -0.253013915469117
-0.0699349526248012 -0.233466937315612 -0.28030880157015 0.0125131676193055
-0.131521882894513 -0.203382632117218 -0.216828307350172 0.166539222318172
-0.161156821083574 -0.126706703256208 -0.0609744305692969 0.266537280822187
-0.197801345980292 -0.117279988004592 0.0105350432184542 0.409389333233059
-0.18938427622627 -0.103680018118629 0.0488343855759414 0.568675493289954
0.0177214168647409 -0.0241749469311406 -0.141745614724687 -0.47344955223906
-0.00782276099748688 -0.047381131045307 -0.132953227491142 -0.356356581325678
0.00425547342065548 -0.00550897726480646 -0.0230027259839647 -0.253436977049956
0.0172083366996041 -0.000144933970907994 0.133050079010089 -0.136342973777284
0.0214240655574166 0.0109037100824911 0.249666350024224 0.00243846957150861
0.0304586909194446 0.00812798468380973 0.104212186999404 0.210403846450126
0.0374500106576233 -0.0215832096370279 -0.166229857947081 0.41576235471625
0.0238180335081943 -0.0139257400502548 -0.368604873738067 0.440428474401877
0.0297989474059786 -0.0212977236944278 -0.44732472271806 0.365749749754309
0.0221637634858299 -0.00445972866932168 -0.337064461288334 0.237915803246486
0.0141876187365914 0.0251782600913168 -0.230557162011339 0.11200844369104
-0.00256110001503938 0.0283131568404241 -0.171219327458831 -0.00717564102021243
0.00547096271801081 0.0269823680108766 -0.173618498620148 -0.135196301357041
0.0131726403832001 -0.000448907222451934 -0.325701177022118 -0.0966144204565729
0.0331273171259307 -0.00246456369789674 -0.573839125775568 -0.00378198330294237
-0.185762390706366 -0.0674876320548239 -0.0820649416282536 -0.466795372143247
-0.18888567202414 -0.109319082499852 -0.0990910980065208 -0.347348924407343
-0.183969435701959 -0.100523792491909 0.0107233454788464 -0.23624386260239
-0.135767724077085 -0.166910535604047 0.150416614129416 -0.107041683447237
-0.0523515073752091 -0.204451691416019 0.256167860379976 0.02686493877402
0.0405381429425107 -0.213218940653987 0.119227278925437 0.211581366931062
0.14616690259096 -0.233897864582219 -0.162422964000837 0.383314807802857
0.177720661638906 -0.190582310264941 -0.337163141048815 0.408092293212962
0.18281388133873 -0.164899187019647 -0.423585232406178 0.350131749850393
0.142055956518922 -0.122507249898812 -0.331494596634659 0.238175372156565
0.0976386790117522 -0.109192628163334 -0.24674915066584 0.134409954479691
0.0524073797377249 -0.108807292287964 -0.193957858843268 0.000714284144882928
0.0093604230077607 -0.111786411391299 -0.209278659312281 -0.131822458408501
-0.0397158281935273 -0.160011862254575 -0.363884427788249 -0.069602744222527
-0.0864911071925909 -0.131148167921909 -0.587066034260244 0.0343399334651522
-0.347170542872152 -0.111087690902696 0.0368727397062712 -0.440455851353804
-0.330212952701568 -0.178851497591223 -0.00543147185326868 -0.332093291173529
-0.327763423900506 -0.205690864375516 0.0772859292278131 -0.212724031338249
-0.245442190489141 -0.333724577848092 0.183068851165732 -0.0859700655810631
-0.0940958011831328 -0.40174949466515 0.253543448132009 0.0252339612772797
0.0638007004592788 -0.403709272207064 0.133621435768272 0.162291631992052
0.242390824541986 -0.407417706388912 -0.123043909609218 0.276602386376774
0.305936064728718 -0.338463470406373 -0.248679503518041 0.309500305528803
0.305505947425343 -0.304484664263411 -0.341097109936555 0.298060321975308
0.237501453087495 -0.265500911617146 -0.300898077661905 0.233427992422608
0.153300937179367 -0.286532836604382 -0.264311737932072 0.170456038167948
0.0672122181679756 -0.285565985412787 -0.236635845671242 0.0273654124151509
-0.0247655721518554 -0.263825055204362 -0.26773922391439 -0.0905309752560984
-0.122339896769656 -0.301806285905207 -0.40415878785315 0.00820327080601726
-0.207966162207533 -0.236047109968801 -0.565671821987448 0.12544450666226
-0.437464024064084 -0.152561932966848 0.192564413457082 -0.382271934498441
-0.396080289280497 -0.25646858770245 0.127505482155915 -0.291338236450983
-0.382142902901326 -0.320204180107869 0.163506713719277 -0.165643402943095
-0.266674311508354 -0.481842117240726 0.220479261329203 -0.0618327960750004
-0.0753910754489874 -0.544536088330463 0.246929870676368 -0.00137533574214823
0.113664841822103 -0.518362559937717 0.153092981251605 0.0691924741874637
0.316086654854003 -0.504463191456493 -0.0471702038109536 0.117376088659078
0.388876298555109 -0.439547521229944 -0.117905189238641 0.160350003802942
0.373048492310772 -0.429576091753258 -0.217899782675453 0.200237306568856
0.273474984197142 -0.41984768668227 -0.244123439548226 0.19238478894527
0.139300061149134 -0.480588544393871 -0.268812618676333 0.194513592680055
0.00143551462529702 -0.466626149580169 -0.278448594506534 0.0764570195342842
-0.122928742584508 -0.388616123036333 -0.30743830604752 8.7378271002418E-05
-0.238616263472119 -0.391459247515036 -0.406268933271687 0.132910491522519
-0.320517861952781 -0.293574180740262 -0.496058455393471 0.250320489509308
-0.444860888818648 -0.184554814173934 0.349434403243902 -0.293726934565067
-0.373364178498261 -0.31655911908372 0.263038033451719 -0.21092851174413
-0.325252468858783 -0.399498772498536 0.237232662686684 -0.0812424019116894
-0.186915693319187 -0.551840298758368 0.251523334971725 -0.0254996184802389
0.00843278102711122 -0.579796276458102 0.241735093561367 -0.0360026616029952
0.178512247965455 -0.526137793436977 0.189828624047427 -0.0383927840315454
0.351802837503325 -0.506791055403547 0.0632287263490601 -0.0538364591000857
0.415033543438649 -0.474073149968085 0.0316485131201506 -0.018910575064544
0.370766099799718 -0.503730975656469 -0.0805943647716028 0.048706175940536
0.234998465515162 -0.523464776116458 -0.181633727670987 0.0944757889978226
0.0518935472881367 -0.598927836377542 -0.262062390809482 0.179939011600826
-0.121031965512478 -0.555736237535833 -0.293677654992304 0.130856082156199
-0.244472399454549 -0.425918093188434 -0.293019027378589 0.115762547969752
-0.34821074980405 -0.394803148832556 -0.338212289789788 0.271081944418031
-0.395385058841337 -0.295616675502265 -0.373707891784776 0.378638689696598
-0.379884760232925 -0.18886247722443 0.478703200103069 -0.183020503910605
-0.278018954527285 -0.323055118629204 0.355522873239298 -0.0992316893281685
-0.194529962368995 -0.391726218366642 0.264269393141293 0.0262966465627496
-0.0559931694071999 -0.499489659380654 0.254890901329027 0.0194329988999977
0.0983007770354667 -0.485984828050007 0.238373989739005 -0.0621323299102541
0.217663128110282 -0.423554527832426 0.243307245743127 -0.124923891880856
0.336481117837789 -0.4249559139675 0.190899750836554 -0.193994126690465
0.377512672322498 -0.435848692473717 0.177907838443424 -0.199676673354151
0.313179615934386 -0.493989557566894 0.0372033899535957 -0.132234359101875
0.153651793745112 -0.518806548776593 -0.138338756890202 -0.0393849088049686
-0.0459059360336148 -0.575911135135139 -0.260053347132739 0.128372949100167
-0.214427640476656 -0.506485797003552 -0.277298116888591 0.167957480601181
-0.312839489879764 -0.359745795937344 -0.221461261972107 0.209968510042223
-0.390503862982021 -0.324786373771393 -0.215437865563674 0.370953920109962
-0.404720603367 -0.251007094582169 -0.217836203403187 0.48315636585154
-0.267049871075638 -0.147164429786361 0.557339273373321 -0.0732846175167823
-0.162209600241088 -0.256384584414196 0.38732300413804 0.00950983976163196
-0.0677300975626876 -0.291651357013821 0.237242052002118 0.112270369936491
0.0329004093227387 -0.343437162730384 0.230085759092642 0.0508567378691631
0.129644680677154 -0.310322949484596 0.231496071798026 -0.0731839205097704
0.197104418128404 -0.266263076253886 0.29921512976276 -0.168364675590949
0.261721347950323 -0.289348619589072 0.313712117036816 -0.283156788097245
0.282914262684768 -0.331550889218446 0.296313093472059 -0.34981466895109
0.216539172600152 -0.390014100250154 0.118076478505877 -0.301762190954436
0.0726609471564165 -0.401146853619629 -0.122563139964829 -0.165293844928903
-0.09304010908299 -0.432495911782667 -0.267622334912276 0.0669296319361043
-0.218184053184568 -0.365775897759619 -0.244953060409735 0.179339696027912
-0.28267546485156 -0.242058676742363 -0.130754894672979 0.258217944313459
-0.336948018661075 -0.217333342795858 -0.0831479950402488 0.413548862779639
-0.332769691547764 -0.179733383069729 -0.0607909589019007 0.545549164525794
-0.129335883671355 -0.0608634868243732 0.588470042373372 0.00383936080188349
-0.0689595835682678 -0.135321255611669 0.381133757384637 0.080268614334367
-0.00459271153483592 -0.14837507343936 0.195130959164261 0.149770371487536
0.0374600304668502 -0.170835537452548 0.201991093943985 0.0553356887787543
0.0834053551152465 -0.141544174768791 0.222115800558583 -0.0798823894861649
0.115441690625979 -0.119883042161779 0.334516478975029 -0.182173544019765
0.135137563149922 -0.139618273278588 0.401671670335811 -0.325730990919879
0.144824024437824 -0.178180010834401 0.369925862923334 -0.448514945079938
0.108231212650153 -0.213147894357888 0.155161103095917 -0.423741753285178
0.0221870245443451 -0.21203769556846 -0.124870288334565 -0.250409322342185
-0.0738592009964142 -0.231435358679276 -0.279194921644827 0.0168070552939966
-0.134467684542055 -0.200715780224891 -0.213952757027863 0.169073338277448
-0.16176234978079 -0.124345719745081 -0.057559411156532 0.266879646953506
-0.198837030257519 -0.113296821328078 0.0180556974897436 0.408766372543591
-0.190542949242145 -0.100512769936691 0.0580999043120078 0.565636160301737
0.0175468444265429 -0.0247932358744653 -0.147792975732532 -0.470568041473809
-0.00891294988700117 -0.0471163442697588 -0.137866199341005 -0.352826904377735
0.00413193361256159 -0.00480718001754204 -0.0261673913765914 -0.251756483812041
0.017611844818296 -0.000501889909955757 0.130384630967111 -0.137459622936931
0.0217158583880874 0.0106062940970492 0.248441624601941 -0.00195170038680528
0.030338000968383 0.00709480571906184 0.106102277469136 0.209025242388433
0.036788800886512 -0.0223826964230762 -0.1594210193345 0.415387060269621
0.0230289597880488 -0.0141300832185315 -0.360682558036237 0.440658531261741
0.0286816512960776 -0.0212042097351039 -0.438605580049884 0.368459836417092
0.0212225220594118 -0.00492201596421095 -0.331008941574336 0.239792871455566
0.0151864675963301 0.0243827934608935 -0.227392877046049 0.113804832594465
-0.00166075685846563 0.0284204512071236 -0.170402392946753 -0.00456136572329495
0.00602940802094513 0.0265583814227331 -0.174907783839997 -0.132112832872109
0.0129508802368354 -0.000547940264044942 -0.323557879232259 -0.0911696511815432
0.0333001136761372 -0.00322341444836685 -0.569076619271364 0.00423311565920102
-0.185284361153981 -0.0649693260555906 -0.0896257944174397 -0.463885497589575
-0.190271685080802 -0.106771601333787 -0.104211949175114 -0.344041759519383
-0.184036084890054 -0.0973183035585832 0.00743168498242214 -0.235022160057959
-0.13720451437417 -0.16427447493882 0.148165329077706 -0.108037076397862
-0.0546945569609081 -0.202107699395159 0.255188110863604 0.0233238673815856
0.0370207619586488 -0.212190932792436 0.121012948145571 0.209656307599626
0.142217938641372 -0.235502315800865 -0.156478344697774 0.383167074109434
0.1741032562622 -0.191960336498955 -0.328774793303786 0.409095530931354
0.179307277770951 -0.166326685902849 -0.414591279508035 0.352496218845159
0.138947612827509 -0.123653126641101 -0.326639638883959 0.239785397227484
0.0963375204042762 -0.110093162097377 -0.243340930237473 0.136445235082007
0.0513327085505694 -0.107932485363919 -0.192365357272447 0.00387450941650987
0.00881904629106479 -0.111398204927689 -0.210874626903965 -0.127503293940282
-0.0422825157059194 -0.158211758066812 -0.360608024840637 -0.0641457957144739
-0.0869660229746274 -0.129580032513048 -0.580258006818007 0.0423660812949184
-0.346245485312374 -0.10363215286737 0.0297178101655329 -0.439067375267445
-0.331365000417539 -0.173043167112177 -0.0108934192573662 -0.329931571131048
-0.328057171645579 -0.200123224076613 0.0743992306918685 -0.212632819678068
-0.248821057281528 -0.329735143884836 0.180328644454035 -0.0871573086941668
-0.100276967209824 -0.397874484263725 0.25308889085642 0.0217309823192219
0.058483404184065 -0.401481325908812 0.135149312299382 0.160189620726995
0.235564919772354 -0.408772784649903 -0.11950493242413 0.276814534461836
0.299643887636481 -0.341544168893173 -0.24320896638086 0.310640224006554
0.299551234227743 -0.306821809538646 -0.33287051520857 0.300356592869282
0.232154933357632 -0.26737783169427 -0.295630430752927 0.234959459569123
0.149295630528935 -0.286762420806344 -0.260314991430712 0.173310029159169
0.0631280873390621 -0.284717594430778 -0.235290733067884 0.0305965645572499
-0.0279901156646153 -0.262161638541186 -0.267983615193115 -0.0853883821831526
-0.126181381577852 -0.298656585074309 -0.399791999493788 0.0143666016983562
-0.209166912919885 -0.232115253872036 -0.558309265760178 0.132577261379276
-0.436651541773701 -0.146193895821357 0.184591391431757 -0.383935435147222
-0.396656046055143 -0.250216892124984 0.121572672695134 -0.290841370820105
-0.382764234433328 -0.311915709229573 0.160118699107111 -0.166727626699216
-0.270259492505123 -0.475330474906423 0.218317117316409 -0.0645673761564783
-0.0813682767549114 -0.541326200356908 0.246063769592652 -0.00330618969852368
0.106685383485146 -0.517720519361128 0.152770049743495 0.0670498236087384
0.307596946321367 -0.50515681842843 -0.0469351765451331 0.117266316858043
0.381558723373064 -0.442985695642586 -0.115507519612891 0.160679298722362
0.366035138003204 -0.43109083668104 -0.212613017371958 0.200949768267568
0.266850722335896 -0.422232443044959 -0.239773569347308 0.194032000389367
0.132857784933093 -0.478133615469928 -0.263905818889442 0.197186984153797
-0.00360505804331099 -0.462641144162069 -0.276273181367068 0.0792029356707308
-0.126843319453399 -0.38490666057867 -0.306596081944377 0.00517969622392557
-0.242217469942117 -0.385103238563822 -0.400309512616598 0.138594627335127
-0.321669107196508 -0.286911848808024 -0.487667643904272 0.257342295140544
-0.445236710083289 -0.177306700665417 0.341136754974871 -0.298179979963745
-0.3751222593448 -0.311040918554628 0.256866691969075 -0.212969039875812
-0.327827747914541 -0.391442367423413 0.2351010492365 -0.0839266028850014
-0.193557240029196 -0.547696693434403 0.249936810069238 -0.0286801588916036
0.000571423870073804 -0.577234590267344 0.240373520516182 -0.0383883103710091
0.170964965335971 -0.524652982362459 0.187595279342141 -0.0400959642968977
0.342451930946826 -0.508980814753947 0.0603031171303276 -0.0536837644288434
0.405483750716105 -0.476188391199193 0.0311573446564361 -0.0195389873708844
0.363314975994917 -0.506099914340037 -0.0788952031744419 0.0487383179615872
0.226965962733526 -0.522628467142476 -0.178940368879753 0.0956100951974931
0.0436816027576179 -0.596465588640844 -0.25759517040332 0.182775846107719
-0.126791543646632 -0.549762890179021 -0.290807030095924 0.134179879346583
-0.248297081200046 -0.419995633523478 -0.291109310183307 0.119960286851985
-0.351142988234004 -0.387790380784294 -0.330708854918052 0.274096474517173
-0.396818165880079 -0.288612873971679 -0.3645005228717 0.382555067198336
-0.380578448516796 -0.182946351141594 0.471972150774833 -0.189411852214553
-0.280922018804916 -0.318563570395343 0.349877618118087 -0.103356177751579
-0.197573392858875 -0.387291212871283 0.263056740139707 0.0223439732120664
-0.0627391803423702 -0.493898341715495 0.253124555079506 0.0151540001680231
0.0916870727802467 -0.484161228613377 0.236568750826654 -0.0639103819202086
0.211414276002776 -0.423867903002402 0.240594210175206 -0.126779829839705
0.329504861442733 -0.426768248103162 0.186316040469783 -0.19529956197104
0.36944210653962 -0.43803570429941 0.173853182180201 -0.199933214148235
0.303217023286547 -0.495134484287223 0.035959964635647 -0.132312614341125
0.145978382935571 -0.516834548776262 -0.13803131245205 -0.0382721735534416
-0.052637028108408 -0.572548057087414 -0.256082660111261 0.131179180964807
-0.220346347261201 -0.500602118568619 -0.273431101439059 0.171532302959616
-0.315524185469507 -0.35459509811688 -0.218703424476992 0.212984409129302
-0.392740677402312 -0.316582148349497 -0.208529520743526 0.372474525437273
-0.404118708964172 -0.245374255578958 -0.207901874669987 0.483597675714498
-0.266507674804432 -0.142375191200383 0.552500254177762 -0.0808777063571107
-0.16459618610697 -0.253107807220717 0.384315957122503 0.00382153533461028
-0.0710997521317339 -0.289703603038408 0.237369588268207 0.108824733686152
0.0281366707888102 -0.341526372472007 0.228887708381057 0.0464620081858317
0.124381020488288 -0.310519489084765 0.229587678012765 -0.0750437452195414
0.191948971531898 -0.267880320432511 0.295176806899619 -0.171062406414044
0.256158344860764 -0.290882311330551 0.305776509069455 -0.284749914882928
0.277032531187905 -0.332335298406202 0.290587358595419 -0.352023800172064
0.211103931626884 -0.391234753687422 0.113919414632656 -0.302404382680961
0.067490330377039 -0.400489074649903 -0.124327283290017 -0.163109333622107
-0.0984012509597978 -0.429355424085321 -0.264389708794901 0.0694410083295222
-0.221359814347188 -0.360300554336295 -0.241027588603185 0.181175171607771
-0.283089664898218 -0.23737450475318 -0.128062599663314 0.258699691326628
-0.338453183717957 -0.211362116896119 -0.0762358909721421 0.412965282852716
-0.332942902433275 -0.174181346917122 -0.0516092840773169 0.54321159337173
-0.129428766802976 -0.0586617994571514 0.585074374010769 -0.00477438961918929
-0.0701191478067866 -0.134396305149324 0.378448731404427 0.0747964908739695
-0.00663758210689775 -0.147566712568289 0.196562405838395 0.146423640320576
0.0348615652011533 -0.170238935403563 0.20125059290904 0.0509400035454454
0.0803948502089026 -0.14241638384529 0.21949401762141 -0.0815967191619836
0.114084692038988 -0.120419076346065 0.330463142060662 -0.186005075431064
0.132004476973811 -0.140060438509971 0.393936334406744 -0.326441491947593
0.141513167964328 -0.179777275722593 0.360217069272284 -0.451407696648235
0.104313076342385 -0.213617202191872 0.149615266365695 -0.423008214374958
0.0196037542657805 -0.211098639535546 -0.127908480821051 -0.247782545527263
-0.0761951589560477 -0.229348876155732 -0.276818621319767 0.0198280812953615
-0.136227635756495 -0.197588383654046 -0.211088126797218 0.171122259412107
-0.162729603974988 -0.121643208214603 -0.054232745988705 0.267407122073781
-0.199426513583278 -0.110261338333077 0.0242597451262841 0.407103871949683
-0.190858834108217 -0.0976975182937414 0.0682386727197099 0.562447677881715
0.0171832256487633 -0.0252436018728886 -0.154596642158985 -0.465616366350961
-0.00958839154519826 -0.0460062331223945 -0.141690989051594 -0.349654452310089
0.00373340974837776 -0.00470553054295933 -0.028961693963863 -0.250282622183725
0.0175842107265999 -0.000907795544266509 0.12867262099564 -0.138258030314771
0.0216481365385925 0.0108091577487594 0.245858253154991 -0.00480662809103372
0.0298785988182918 0.00685983386038248 0.107634453418722 0.205880341031186
0.0353868310148162 -0.022861519669318 -0.152755540291212 0.414772500879132
0.0223536135782171 -0.0143730403645927 -0.352625245034342 0.441732772679952
0.0282467259564234 -0.0226281204004904 -0.430061936030135 0.370547606396169
0.0210986321358872 -0.00536726515129537 -0.324661994993178 0.240715770747722
0.0162800868881244 0.0237225752031132 -0.224562207882803 0.115325889354476
-0.000996486647899105 0.0285114560073362 -0.169239256412031 -0.00202263296242363
0.00646633967122445 0.0263896442463059 -0.176129690161822 -0.128710391453538
0.0125090995433281 -0.000538789238887323 -0.321483388473539 -0.0859140730228031
0.0337265607350245 -0.00392018189818572 -0.563004701325722 0.0116797899720104
-0.184136848058225 -0.0624158930856909 -0.0950139909444004 -0.459813448899319
-0.191008547108695 -0.102984162469232 -0.108181818786712 -0.341023412010254
-0.183735388071445 -0.0934429009217652 0.00476065944035543 -0.233608139943433
-0.138447937289123 -0.161537711244241 0.146001522490171 -0.109326930571091
-0.0569030618290449 -0.199588641094955 0.254016085400252 0.0201525749058364
0.0339821977562683 -0.211281611605701 0.123209520752255 0.207259794213527
0.138064276572397 -0.235814969069648 -0.150527660861915 0.383502052276697
0.170388576242481 -0.192820573082594 -0.322249624408005 0.409428639019182
0.176227244726001 -0.167335076885236 -0.406587789207701 0.353949903854348
0.136491559271883 -0.124425148027697 -0.320699735253003 0.24076539855124
0.0949827156763152 -0.11088088008214 -0.239990218874739 0.138217237120399
0.0496366779341119 -0.107618836720717 -0.191386326281152 0.00672378108096585
0.00776325250800568 -0.11066250410944 -0.211966838256325 -0.123671007048508
-0.0438476848654748 -0.156683840341251 -0.357430822593523 -0.0578417180484142
-0.0875015246597456 -0.127713809277837 -0.57560208456977 0.0497576901663735
-0.344495269588519 -0.0992530007457947 0.0228929925891421 -0.438444796455347
-0.331711998050349 -0.167772100092751 -0.0159997531216542 -0.327589978627664
-0.327361942198887 -0.194206000486841 0.0704976556858807 -0.212246554697938
-0.251261856183168 -0.324579698711253 0.177900252774435 -0.0894909990801717
-0.103709683521533 -0.394182248200263 0.251771342253688 0.0192212593151066
0.0529646262694394 -0.398180104458873 0.134934128419522 0.157669640518046
0.229339352999318 -0.408949961649902 -0.116669338347716 0.276979526633103
0.293307468889433 -0.343073724683257 -0.23729539828155 0.311129106523796
0.293814679199044 -0.308542530011667 -0.326419552657622 0.302822486967574
0.228074779208228 -0.268088561287838 -0.289966402857901 0.235212209693371
0.145360258818897 -0.287357190274308 -0.256219949117146 0.175108212778169
0.0597094272205653 -0.282524827464185 -0.233435110583197 0.033675162218462
-0.0297293960475901 -0.260051119235067 -0.268501627336969 -0.0809590738576684
-0.129787563919012 -0.294432057949116 -0.395405150353708 0.01945540680931
-0.210046602491942 -0.227538053055795 -0.551274146661522 0.139103661860487
-0.433914357166733 -0.138927627975755 0.176464794862327 -0.385762745410815
-0.397816603004664 -0.244991882131001 0.11642937098711 -0.290643788484427
-0.383093470888041 -0.306401336740365 0.156567197243638 -0.16733132596823
-0.276751094877513 -0.469932109088244 0.215856835794171 -0.0664371471531014
-0.0888196623981389 -0.536076834410649 0.244226178509028 -0.00597029854656015
0.0992282677114962 -0.515364429652009 0.152641927833615 0.0660479116506691
0.298100964397151 -0.506804567766181 -0.0461434493924087 0.117982242684375
0.371665576730616 -0.444587816339181 -0.112431697814093 0.161237188535199
0.357760829257394 -0.43249792472535 -0.207660155404825 0.20219870072884
0.259820819985087 -0.42092547011532 -0.235047203643821 0.194440552925694
0.125496866790863 -0.477029500690563 -0.258827005176562 0.199185517173097
-0.00962693472280575 -0.458891393665378 -0.273405855635254 0.082808443627364
-0.130265609648279 -0.380931924683714 -0.305804403080578 0.00986631147880257
-0.24606859493259 -0.379513550976601 -0.394205391124855 0.143188027643419
-0.32246281514141 -0.282428645443132 -0.480773650655219 0.261243259974939
-0.443606789682889 -0.170505731684378 0.335443896877308 -0.301730393372715
-0.37715135373295 -0.305308669411581 0.250855077344918 -0.214600149252822
-0.331547383042667 -0.38628127498301 0.232737285362638 -0.0850192428841574
-0.198004810245504 -0.541425893733353 0.247497897091057 -0.0315180428317085
-0.00719085618403672 -0.573089579974557 0.238662921580862 -0.0398135768544717
0.162951054339179 -0.523072398063662 0.186285505752238 -0.0418376044666876
0.335144200995633 -0.508692961844901 0.0576084060924468 -0.0541661098580944
0.396972249746894 -0.478364975023934 0.0304628155890708 -0.0194950194010205
0.354641732035194 -0.506751205569896 -0.077062132226654 0.0492623157206249
0.220799957300377 -0.521756662085907 -0.176727578172204 0.0963941098349116
0.0362951941208518 -0.594752036517912 -0.253266486065764 0.185081962314245
-0.132631613587313 -0.543757202487977 -0.287401310093479 0.137303072546248
-0.250373554465116 -0.414282095505497 -0.288188044901304 0.123830108801459
-0.354460253454924 -0.380094722850539 -0.323681780421485 0.276963427619621
-0.396114931620399 -0.282173503170527 -0.355838962107307 0.384297849199721
-0.380400671758639 -0.176293397464458 0.464677153226654 -0.195474586341611
-0.2842468464606 -0.31283819588612 0.345000426840016 -0.106759093388876
-0.200631972864924 -0.382588357342884 0.261441676699528 0.0196146565525344
-0.067965550876262 -0.491589970011134 0.251211544515479 0.0119912236524598
0.0846728229963827 -0.482482608304845 0.234775752037581 -0.065153051740929
0.205669650031739 -0.423026487168413 0.236896371093824 -0.128581057409948
0.320626386786343 -0.426485400369599 0.180933868947912 -0.195929731020408
0.360318397642307 -0.441386645936362 0.169867552749955 -0.20010390266329
0.295492515936669 -0.494491511944656 0.0349959276712681 -0.132376387426631
0.138532223079941 -0.514971304889496 -0.138026780749571 -0.0367745460053583
-0.0591812448023436 -0.567898970838351 -0.251924767607831 0.133379938440555
-0.224315691624094 -0.493307066843204 -0.270207576259756 0.173435726037995
-0.317060452935549 -0.349270510450981 -0.216096482399245 0.215402802697087
-0.395139651851708 -0.309334156996754 -0.201142592030594 0.372887485965214
-0.404209200839098 -0.238518231555559 -0.20010557375683 0.483281219749064
-0.266692619798837 -0.137701853385053 0.545806284831084 -0.08844183442087
-0.166441273255171 -0.250093514064742 0.380687851505256 -0.0013431528174153
-0.0739153311695009 -0.287312527797173 0.236513914229549 0.105002105188066
0.0229920974488813 -0.33910786237089 0.227512507089358 0.0427764455247662
0.11955481372644 -0.310559094458465 0.226454981945213 -0.0762876168475999
0.188338235144659 -0.267804981754305 0.290832403965608 -0.173889210264836
0.251456765118306 -0.290638063980703 0.299638534615942 -0.286649386979415
0.270397582336419 -0.334746525666695 0.283172748067019 -0.351299419187007
0.203732757366931 -0.390540822743793 0.109412660017433 -0.301930695408805
0.0631634037836879 -0.398381255780481 -0.125594349507107 -0.161134812016029
-0.10386765188648 -0.425101968089595 -0.261295131551834 0.0722959701263366
-0.224804953245966 -0.354961550807315 -0.237949807458709 0.183416104284459
-0.283692585666082 -0.232132742314317 -0.124561435671378 0.260139055921438
-0.338583091494278 -0.205218634554355 -0.0688785477661253 0.411321331370157
-0.33282565579426 -0.169257967485977 -0.0433966073292357 0.540944842975223
-0.128892700602107 -0.0564054119768106 0.578843081687854 -0.0141676968979904
-0.0712520229256658 -0.132943051905892 0.376412653207464 0.0689476128450866
-0.00807167480704041 -0.146792705966754 0.196463301632999 0.142733321140708
0.0321515931621745 -0.169448973465621 0.199898395459843 0.0479681473771523
0.0778041224294905 -0.142598957592466 0.216415113661307 -0.0832586226277749
0.111488074017371 -0.121553913445032 0.325074249119326 -0.188182969644695
0.129327271782346 -0.140366965606731 0.386680752643219 -0.330110136056869
0.138217630346279 -0.180235575008707 0.351464313535103 -0.452059962234587
0.101044342806633 -0.213699091852303 0.141598961169291 -0.421151034186375
0.0174031222989187 -0.209938034044522 -0.129208814526513 -0.245275954881769
-0.0787920458685263 -0.22659045273741 -0.273980820708203 0.0233238178936611
-0.138044135523754 -0.194317344627538 -0.207553004834867 0.17303687567557
-0.162629152486246 -0.118965958894645 -0.0514938344995042 0.266837332488536
-0.199421496156452 -0.106745483984741 0.0306159806565395 0.404608426788001
-0.190334564829948 -0.0944237904384424 0.0760527017528952 0.557289317831121
0.0166283914192896 -0.0256642016375221 -0.158855870198189 -0.46020836570306
-0.0110677581284201 -0.0451034235559554 -0.145039513033656 -0.346202016526094
0.00418263867204779 -0.00440243829392371 -0.0319499414581733 -0.248247104796269
0.0173584426386278 -0.00129267970839265 0.126688263168345 -0.139087061053686
0.0215392251672543 0.0107760351020524 0.242984008285046 -0.00773762887592323
0.0294638618167597 0.00661467997890245 0.107925096192309 0.204555765559942
0.0342838004347021 -0.0234558305668788 -0.147581229263599 0.41506223948402
0.0215482597564343 -0.0141509611663839 -0.345142590942251 0.440310216363353
0.0269549789175147 -0.0229946025996872 -0.42181751253289 0.371332233364989
0.0206257224090887 -0.0060228196824381 -0.318910239105923 0.241421046693504
0.0164942594058536 0.0230781083329222 -0.221836487562137 0.117090401622475
0.000344100279219749 0.0283695129574224 -0.168153550136963 -8.08797244980148E-05
0.00729166568437717 0.0263600664756049 -0.17667074366916 -0.124934517328195
0.0122617583729962 -0.00012489866181872 -0.317894383372899 -0.0818199654930535
0.0333187431886604 -0.00409027285643414 -0.55740275712064 0.0176754763746888
-0.183745701368394 -0.0599603984296745 -0.100010419043451 -0.456162122928732
-0.191177603762174 -0.10048678917312 -0.111466351180449 -0.337443292372304
-0.18329483772903 -0.0906557793344064 0.00218854927203143 -0.231912227304388
-0.139263426133769 -0.158717427633095 0.144078685467577 -0.109892147602995
-0.0586973737559194 -0.197407567342055 0.252077083022238 0.017070102985235
0.0316017263851588 -0.210326091382361 0.123465301085326 0.205416780402373
0.134196881849742 -0.236501720661842 -0.146411776279762 0.382286638638822
0.166712527697412 -0.193222776425882 -0.315493459030487 0.409004757976005
0.172205845152822 -0.168235802783801 -0.397741835364905 0.354345271164317
0.133543300237982 -0.125150755291577 -0.314369231955654 0.242170720933046
0.0930319887503481 -0.110925839708673 -0.236209116426933 0.139861045027078
0.0488894754590336 -0.107078108810127 -0.189611383205267 0.00838137425747372
0.00716911152809038 -0.109837576651679 -0.212195847733712 -0.119796736182474
-0.0460507689689678 -0.154567400247694 -0.354178940726768 -0.0537316041820941
-0.0880391433261439 -0.125777291383461 -0.568541553859149 0.0561147246275146
-0.341955838844171 -0.0949894379683265 0.0158473664275784 -0.435884597405421
-0.331563467743271 -0.162978796933651 -0.0199980949996938 -0.325371142227195
-0.327160625829737 -0.188980506811662 0.0684231589603051 -0.211137904089739
-0.251896793389893 -0.319472570086474 0.175741122649736 -0.0903804324056327
-0.108418554808272 -0.390849039306252 0.250506522694417 0.0175841917900487
0.0471025868343859 -0.396724942373614 0.135736145070188 0.156138463254654
0.222607961744979 -0.40858039922913 -0.113174336579078 0.276226817730144
0.287178459115642 -0.345012671932361 -0.232155266318531 0.309534391345352
0.288376202669845 -0.309989117521326 -0.320256471676748 0.303115054305678
0.223086212621029 -0.268328242968092 -0.285106317014054 0.235793016739222
0.141445662182081 -0.286418337269496 -0.251954649727198 0.176426039954256
0.0569225925335727 -0.280829328367876 -0.231535322343926 0.0363964109860956
-0.0323666089752107 -0.258056757060121 -0.268382759769053 -0.0757343911246913
-0.131924318490813 -0.290968295179987 -0.38985681558167 0.0239118542263785
-0.210538822821809 -0.223623777190182 -0.545141863889376 0.144241046252748
-0.433182453294249 -0.13315425176331 0.16985125967753 -0.385515991361761
-0.398302068852281 -0.239047407262322 0.111028879180199 -0.289512559236828
-0.383501849377255 -0.300624272144721 0.153832107525038 -0.167545014537232
-0.279917865826584 -0.463944416015356 0.21353118142372 -0.0676505118188435
-0.0933942152049131 -0.532440881539374 0.242841203062184 -0.0073615629218798
0.0936926754297297 -0.511059811803317 0.151649767543875 0.0644178684279247
0.291066418682325 -0.506129983755028 -0.0463484763611997 0.11741870913919
0.365021096968962 -0.444920677042288 -0.11031711145136 0.16051713585317
0.349226702292704 -0.432727811288931 -0.203153366402793 0.202579645549869
0.25242805735194 -0.420416401493032 -0.231527335143573 0.195286780015148
0.120791941579602 -0.474510987070769 -0.254508140145614 0.200778242393227
-0.0125225859118331 -0.454983946773728 -0.270963281233171 0.0846696218286786
-0.132577859342667 -0.377580214487027 -0.304722414206715 0.0144163914696492
-0.249641177886738 -0.3725663597092 -0.38686062693752 0.147023106813696
-0.322103085043211 -0.275762030241788 -0.472872481993182 0.265021699096604
-0.441506539303357 -0.163532863769727 0.328001412160786 -0.30360765602196
-0.378363711622801 -0.29943243666496 0.245605969978005 -0.215639864664926
-0.332679313524047 -0.37935766821556 0.229799531233214 -0.0870034436104489
-0.203431191958832 -0.53458055167123 0.244423155758762 -0.0343930833345624
-0.0128558943682822 -0.567639126719706 0.235980215030887 -0.0414454277501817
0.157103918382803 -0.519612101305745 0.18429393302826 -0.0431099970813329
0.327224033147583 -0.508460323563447 0.0547609884384109 -0.0538138403059907
0.386828586996563 -0.479919430750067 0.0305279841872674 -0.0193259466975303
0.345716232276627 -0.506390180300444 -0.0749481625151454 0.0490854161642838
0.214175309930236 -0.519816762517499 -0.174189938527503 0.0965615689371062
0.0301549857124037 -0.588467672324124 -0.248261111766134 0.18577313936515
-0.136434582380264 -0.537682134994471 -0.284461442755798 0.139041422894267
-0.252739493940189 -0.408815112943468 -0.285999101032515 0.127339433736834
-0.355665345854339 -0.37344656503762 -0.316475012527864 0.278107786369295
-0.395071502154386 -0.275797969536274 -0.347945670549488 0.385279243374087
-0.379451403185962 -0.169183317185704 0.458023789797349 -0.200024158913781
-0.284860125195068 -0.308532388495179 0.339548135016418 -0.110025909051807
-0.202467637117576 -0.377726491541262 0.25944917567367 0.0164476058625332
-0.0737287523474972 -0.485970119157875 0.249158884914538 0.00912786868937894
0.0786835310445532 -0.47979167059069 0.232274455026703 -0.0661411305136926
0.199172167691634 -0.421128756542447 0.233610323468882 -0.129385502954846
0.315102703384282 -0.426398213267879 0.175910649451397 -0.195643911079485
0.353584969802606 -0.441892408905298 0.165817562713841 -0.199825950370758
0.288010101902426 -0.493515424362859 0.0337400420771425 -0.132515030869133
0.133090155357738 -0.513096299364319 -0.137093369948918 -0.0353277028252525
-0.0653314820878067 -0.56290881584237 -0.247900956287058 0.13514795234361
-0.226517379979763 -0.487086662223671 -0.266695398391716 0.175178796729535
-0.317580392049396 -0.344649633391986 -0.213018558438833 0.21706196118763
-0.395170997065074 -0.302513518144833 -0.193692185703528 0.372267651772845
-0.402890382604238 -0.231517823206358 -0.191866976167874 0.481679969102753
-0.265587908382425 -0.133691468196613 0.540144176743144 -0.0940082883263084
-0.168297843708289 -0.246214076714428 0.375896810800435 -0.00566140719682191
-0.0763409097212033 -0.284318920104313 0.236733358304798 0.101346593356724
0.0188745238363385 -0.336648247148459 0.225524396200746 0.0400296784650473
0.114499078564949 -0.309482761930877 0.223322167340791 -0.0772870235689225
0.184999856382354 -0.267877039714343 0.286134869970605 -0.175185837309487
0.246183433615995 -0.290878575214424 0.292923838938252 -0.286275085609377
0.264042497545971 -0.336159715782576 0.277390516563844 -0.350761462350281
0.198254538155284 -0.388873858105872 0.105554580797027 -0.300999025611362
0.0582140806207904 -0.394630107464581 -0.12628901475121 -0.159184952810222
-0.107402096239307 -0.420788722080254 -0.257692398290997 0.0749799235564974
-0.227003258158596 -0.348766361231003 -0.234293698292544 0.185282388327516
-0.28407525634379 -0.228392704123584 -0.121673430761366 0.260450991823438
-0.338641047736258 -0.200167222406933 -0.0635188678557373 0.409880512329026
-0.331105308167871 -0.164691074548645 -0.0354106720873854 0.537582593596806
-0.128287055751815 -0.0542888584012558 0.573169343035748 -0.0189482239150907
-0.072723617387239 -0.131534018234335 0.372755986123239 0.0631848830668782
-0.00946072307758862 -0.146319172041281 0.196220942094226 0.139586541881953
0.0297474905296775 -0.168038937878623 0.198806001584037 0.0449521847869365
0.0751365454822143 -0.142466124658398 0.213481972123353 -0.0837685922062207
0.109691851569732 -0.121763395651466 0.320140839651086 -0.189360998786447
0.126693256707863 -0.140093704781475 0.379553400579619 -0.329383338978276
0.134670126187693 -0.180804333120396 0.344378395427736 -0.449952464631969
0.0985612426804468 -0.213677119460639 0.136126396560695 -0.421237142907054
0.015165646237276 -0.208360334241651 -0.131792877344864 -0.24213140606648
-0.0806071268435144 -0.224139263376823 -0.27132063826404 0.0259295525778252
-0.139108509683036 -0.191245264701384 -0.204846866077223 0.173795816279479
-0.162507940159533 -0.117169486693437 -0.0487856371290897 0.265649873955874
-0.199480150324464 -0.103242547865604 0.0352914388024756 0.402157803639389
-0.190073515625562 -0.0923437076004362 0.0829727937424918 0.55356445305355
0.01620663931341 -0.0262185449273215 -0.163550969370927 -0.456141272863123
-0.0117607378615739 -0.04396832585873 -0.147125586613975 -0.342581365893547
0.00428842165053426 -0.00380889533986685 -0.0338296399061811 -0.246706790154222
0.0171633042061848 -0.00120200414300045 0.12438767327291 -0.139546256779441
0.0220503370942918 0.0109124907741242 0.241030183412243 -0.0102074827115484
0.0290767954320188 0.00622558616871373 0.108929280531391 0.202278902223695
0.0337599474975132 -0.0239932138042301 -0.142089963664601 0.411838987110107
0.0209964879159277 -0.0143579343954627 -0.338602535382893 0.438913748878437
0.0260455513158083 -0.0230883180065827 -0.413756616243827 0.370917115114526
0.0197636155134365 -0.0061130499882214 -0.313297835676581 0.241048873759402
0.0172636126715034 0.0222874838972848 -0.218282137921952 0.117481793291873
0.000743014226289207 0.0283169462682569 -0.166472436115833 0.00176646737493061
0.00795570999899197 0.0255418694452854 -0.176652215224972 -0.121845148576794
0.0116732634758843 0.00023287849075178 -0.315139287424979 -0.0777908365456391
0.0334416451397682 -0.00440177391259475 -0.551447628121065 0.0233356749467791
-0.182177199979842 -0.0577641414180625 -0.105345351970577 -0.452015729508538
-0.191233710697633 -0.0978514357501104 -0.114300033996405 -0.333848896332629
-0.182714517150973 -0.0884009014118072 1.5267085836007E-05 -0.230063214512387
-0.139822893503457 -0.156285603889861 0.142114694781167 -0.110254873387329
-0.0600589199989899 -0.195530859709287 0.250004538598851 0.0150017694083648
0.0294697008021763 -0.208715504233784 0.124320144538528 0.203012474931302
0.130457846403163 -0.235941946964654 -0.142393268771514 0.380970653620769
0.163304218767753 -0.19302115202521 -0.309714425489615 0.407829794723533
0.169320318965419 -0.168840696391026 -0.390928654211174 0.35421922209259
0.131290347680884 -0.125183609162326 -0.310552983726236 0.242362418401447
0.0918542212752942 -0.111363884680877 -0.233459350702385 0.140553277028447
0.0480067233357129 -0.105789109806771 -0.18784639116993 0.0103447745732806
0.00626162576805016 -0.10947813602101 -0.211832426694498 -0.116249030999789
-0.0470286038953379 -0.152281691312304 -0.349987158281211 -0.0499237763029631
-0.0877923480626839 -0.123785553136328 -0.563407757127042 0.0617843092516359
-0.341265192395805 -0.09049175547371 0.0117559115959052 -0.434851051054764
-0.330771943799894 -0.159419262666156 -0.0230767244639144 -0.322674505756578
-0.325621207147438 -0.185157779983101 0.0657092845695335 -0.209786374816205
-0.254012075574984 -0.315544866835408 0.173170979414517 -0.090440221633397
-0.110078148563963 -0.385975639168285 0.248533281981784 0.0147733978312349
0.0441079001788351 -0.392929397429832 0.135712916802215 0.15412728927162
0.218139987176052 -0.408261603192784 -0.111039758377589 0.27520362047575
0.281832722527969 -0.343524516384505 -0.22718378511842 0.30935558144738
0.283452904336086 -0.309577937810883 -0.314167579990283 0.302023768489129
0.219050886203329 -0.267906034877553 -0.281019319904296 0.235799182981155
0.138332599668254 -0.28564012657086 -0.247913075254319 0.176895562908967
0.0552392926615889 -0.277882127779212 -0.229612398294431 0.0378458001544675
-0.0338799714149923 -0.255881757161033 -0.267632975844703 -0.0729345242350243
-0.133498647807429 -0.28752931596579 -0.385851134514836 0.0283136532048608
-0.209836959531777 -0.220319263239994 -0.537905641914369 0.14876363232312
-0.430440043628754 -0.127654275753086 0.164320156447883 -0.385422784403285
-0.398240748905109 -0.233860719265222 0.106730324358658 -0.288502338597557
-0.382050697910047 -0.293832149314235 0.151051379902771 -0.168016791358778
-0.281381527387302 -0.458570969850692 0.210855983019517 -0.0690695330269205
-0.0978766259401353 -0.527708210198048 0.241434049142682 -0.0084481586863258
0.0880891575966997 -0.508402840877308 0.151400540569539 0.0633940335554688
0.284291940269478 -0.504209176815332 -0.0459955089205701 0.117823759891041
0.35750508009859 -0.446031538988964 -0.108297152498931 0.159940452925662
0.342407842205381 -0.43376305762104 -0.198988950332482 0.20157635376446
0.247710588422918 -0.418628197179985 -0.227658511548876 0.194344192844102
0.115247520330869 -0.47150758346719 -0.250461634795258 0.20159029449815
-0.016787066323619 -0.451379309552021 -0.268535172632259 0.0863784765627147
-0.134264246023452 -0.374114328768083 -0.302741776663299 0.0175278942106281
-0.24979254631277 -0.36783026197157 -0.381358372175589 0.149776467181136
-0.320486934887391 -0.270350630904193 -0.464285451492572 0.266845995895584
-0.43865745565287 -0.158369656961833 0.320580960322689 -0.305812679659452
-0.378177633382335 -0.293938072925146 0.241004551695108 -0.216004383787814
-0.332222722959842 -0.373642407796961 0.226997896141469 -0.0881799034589998
-0.207039691098354 -0.528379199018942 0.241558253730114 -0.0358268467735053
-0.0182078671186121 -0.564665060488582 0.23425987748309 -0.0419044975891089
0.151176880766243 -0.518015312588274 0.182165362211922 -0.0433194370450299
0.320045908285856 -0.507446831969112 0.0523098438478028 -0.0535613760266957
0.380219097599116 -0.480873480229276 0.0293096267330236 -0.0199553915863624
0.340048261043894 -0.503999515455626 -0.0734922408011079 0.0486514418190501
0.20815187177322 -0.517469842780184 -0.171761363374351 0.0969063727850949
0.0255753575805621 -0.585704679016644 -0.243950708504888 0.186741819769079
-0.140497880768579 -0.531926239417891 -0.281097393965397 0.140221984807013
-0.254266407423667 -0.405417081007448 -0.283485962936693 0.129836945401931
-0.356471427791002 -0.367668990001581 -0.309770353751272 0.279106424255068
-0.39422189661878 -0.270649250135051 -0.341272601693239 0.384950884928933
-0.376251093161396 -0.165376752400874 0.450887739886453 -0.203845924801775
-0.285266451332014 -0.303435718534387 0.334875432556082 -0.111998092658881
-0.204399535347782 -0.37245789938783 0.257964732547216 0.0136467659221476
-0.0781227070827831 -0.481713740277891 0.246687699248078 0.006355506761618
0.0747192384499205 -0.476890740234147 0.229565729689527 -0.0664981372523343
0.19524765440247 -0.419035657914382 0.231284324256695 -0.129470531164994
0.30781187594416 -0.426064599896136 0.171439888095479 -0.195230465809691
0.345102841192163 -0.442392487956982 0.162560727222513 -0.199954443690915
0.282304501583361 -0.493247506736875 0.0322499348118976 -0.131913242030858
0.128159688133337 -0.508395184049678 -0.136243806123372 -0.0348654376909701
-0.0705414211418584 -0.559041586524092 -0.244197565592063 0.136428866902359
-0.22848156838891 -0.48098954567696 -0.263808137339965 0.176104081598943
-0.317254611589503 -0.339059349040051 -0.209881453196064 0.218223743107454
-0.394977361652042 -0.297033851036909 -0.187997018786597 0.37139265581013
-0.401600091217563 -0.227049314956922 -0.185451442708062 0.480823831431032
-0.26487801903582 -0.129808787589988 0.533358684223086 -0.099192300921471
-0.169245905890351 -0.242625528786401 0.371580208879656 -0.008477973592592
-0.0780272868916937 -0.281205028706508 0.235219733847436 0.0984010600791137
0.0158069796936421 -0.334643680866821 0.223726442999086 0.0368042090870906
0.110863624073754 -0.308506521442697 0.220780837651096 -0.0775994996588789
0.180889135270227 -0.267329590446363 0.282712248969458 -0.176051551766352
0.241731777291269 -0.290133188263561 0.288259129898417 -0.286737024176907
0.259867666429941 -0.335493690529285 0.270716439030395 -0.349094510253778
0.194707972131189 -0.388956438883616 0.101989287629151 -0.3003289396663
0.0551459526738128 -0.393135162710841 -0.126859082500768 -0.15727152843241
-0.110621397843212 -0.41775840786317 -0.254613124291098 0.0771240415581743
-0.228274276562104 -0.344059384287729 -0.231583797816038 0.185440895880145
-0.283300903282684 -0.224630231008523 -0.119720980357254 0.260402584237986
-0.33732409709635 -0.194619726591792 -0.05786472091457 0.406991462403271
-0.330113112344992 -0.16051620944869 -0.0291849328162751 0.534637566507653
-0.127052260605233 -0.0524985948229057 0.567357880261298 -0.0261190859151025
-0.0735166584826501 -0.130088048466576 0.369540298646706 0.0613940538058698
-0.0109648212046798 -0.145243911599916 0.195991532431733 0.136653119149169
0.028065710087909 -0.167163921913065 0.197315731840166 0.0420536589977933
0.0724297143786137 -0.142129898628142 0.210031827760231 -0.0840365209273006
0.107794895105214 -0.121984939329901 0.316390062651031 -0.189782565778446
0.124771641339838 -0.139286837256198 0.374222941966736 -0.329840763909316
0.131286400187704 -0.180618156604711 0.33739240693742 -0.44942726811656
0.0954442690922961 -0.212824270216888 0.130252625982912 -0.418079994179772
0.0137487368136561 -0.207074513196684 -0.131954164396888 -0.239632364746387
-0.0822286420813609 -0.221282759221753 -0.267759286805467 0.0285331069112888
-0.139701203851406 -0.188557152457795 -0.201439579384614 0.17500647375089
-0.162281805519782 -0.115278368794449 -0.0466650692858261 0.265595624295489
-0.198877445222746 -0.100941156735496 0.0398198683062991 0.399672038790863
-0.189771453545388 -0.089984059492819 0.0883871468100759 0.549889375445664
0.0162094256969191 -0.0266786735762072 -0.165441367659248 -0.452326259574061
-0.0123308444321264 -0.0435764725670484 -0.149823752847613 -0.339723882719305
0.00411418387975986 -0.00378034305173856 -0.0348515333472082 -0.244609722117261
0.0170320247826649 -0.0011955173770568 0.122546300586399 -0.139787732877038
0.022221178279877 0.011310433959029 0.239188581620078 -0.0122174462209639
0.0286844282897454 0.00601137124569901 0.108763708014003 0.200622542572925
0.032675877050527 -0.0242392791335771 -0.138537771097475 0.409969699641422
0.0206211375603238 -0.0142015986800005 -0.333900205525135 0.436473543104246
0.0250157319814616 -0.023622667650896 -0.407162077569415 0.370014994476338
0.0195064655776303 -0.00626101172513185 -0.308836119193177 0.239791353456793
0.0178606375835278 0.0212616763609784 -0.216152191367332 0.118080462871809
0.00136496366612783 0.0285232001375051 -0.165072763650165 0.00297141709805439
0.00830888455512591 0.0255147580718937 -0.176719751774727 -0.119282983216262
0.0115439890894578 -2.99840467324394E-05 -0.311867397847353 -0.0745809536745713
0.0336932220478863 -0.0047709880294531 -0.546097430493917 0.0285072710084749
-0.181227854421609 -0.0561686374340511 -0.109714476549512 -0.450649388368969
-0.191165413493583 -0.09518338473516 -0.11643622993445 -0.330349077600838
-0.181632121214707 -0.0861112170761142 -0.00107612248545632 -0.228966296603926
-0.139630433228655 -0.154364662478557 0.140374928985639 -0.109806027462982
-0.0610093653573099 -0.193388985296295 0.248735522903917 0.0128476118198615
0.0273395310114679 -0.207237868739108 0.124422105680549 0.201250170794298
0.127845311006281 -0.235362858214461 -0.13796253735728 0.379074466817445
0.160407153852612 -0.192857525437311 -0.303881687533808 0.404212962962145
0.166263953935318 -0.168693743252022 -0.383900131790294 0.353625176766214
0.129261445672084 -0.124936080884329 -0.304227225802332 0.240971708579434
0.0909006443866397 -0.111366661119777 -0.22977905084641 0.141178599123721
0.0481492568273142 -0.105179634924385 -0.186305625929668 0.0117358049191325
0.00619742114662274 -0.108825550012482 -0.212480202065822 -0.112805721995746
-0.0484000998739857 -0.150680029870983 -0.346433452705983 -0.0464154517518485
-0.0877390430564639 -0.122504329067932 -0.556460619484405 0.0658130951036548
-0.337997944810833 -0.0879982224104004 0.0057674773144596 -0.432599078265138
-0.329776757637468 -0.156014179475069 -0.0258254487232311 -0.319748672723756
-0.325061647414591 -0.180561932305776 0.0638334572933442 -0.208687327082309
-0.254421271953251 -0.31098087454777 0.171718613048588 -0.0905644036751313
-0.11218769511174 -0.382385010037612 0.246964210728274 0.0134795452881593
0.0409756241075435 -0.391177660887282 0.13610109959952 0.153132401223888
0.212871725133321 -0.406965892655999 -0.109319936486824 0.274671847939034
0.275973133424583 -0.343591619458085 -0.22285697180245 0.307835308226192
0.278049621331446 -0.309433682911535 -0.309057476219963 0.301532861065785
0.215274667007817 -0.26651280687319 -0.276447984568428 0.234490556074416
0.135196930085972 -0.284560107035592 -0.243826820019546 0.177949906871909
0.0533275886645014 -0.276073124036306 -0.22807464957176 0.0395468831006118
-0.0344013479447365 -0.254061398000338 -0.26684089183965 -0.0686921126047558
-0.134955372750247 -0.28348843782174 -0.38008579778954 0.0307667181185082
-0.209251823409907 -0.217638911019009 -0.531413376529496 0.150425049170214
-0.428134519910286 -0.123923448280945 0.159453198878642 -0.384442009708993
-0.397431956298032 -0.229577361856928 0.102953549755888 -0.286920059239239
-0.382549183000411 -0.288509293749531 0.149288694648057 -0.16720274031387
-0.282888672530868 -0.453442743222981 0.20851154097221 -0.0697167914168277
-0.10068850284669 -0.522683570158821 0.239951166207108 -0.00972502408937626
0.0843455865466244 -0.505306012647356 0.150772221039777 0.0621400530626913
0.277674609044504 -0.502261397706629 -0.046304298629379 0.117092601526101
0.350000645511091 -0.445598731345495 -0.105704803029199 0.158285928230333
0.337241131755363 -0.431877504094847 -0.194866496959623 0.200812343321471
0.242953861812305 -0.416103430516895 -0.224677068672645 0.193866858726301
0.111473732697344 -0.470045185888186 -0.246521410582512 0.201761916402179
-0.0192288847307591 -0.447054783757008 -0.265734141854027 0.0877323744353035
-0.134645896973856 -0.371346560101759 -0.30168668647696 0.0210837663936857
-0.251014179521024 -0.361658639264724 -0.375613441735404 0.150994159332708
-0.320403501597999 -0.266418022529927 -0.458054664179536 0.267747036422264
-0.436761728109195 -0.153727193002796 0.314455753960825 -0.307254958363593
-0.377073542947674 -0.289469729058912 0.236127628021443 -0.216245162285999
-0.331536814721833 -0.368080450036782 0.224751587275388 -0.0891695224316148
-0.209241491293602 -0.526605569391701 0.239203109652267 -0.0365493422776178
-0.0224843164020242 -0.561194529394189 0.23273918238144 -0.0416471443870124
0.146882768374535 -0.513946772265868 0.180719476940521 -0.0435569905455429
0.31454578314573 -0.50525748295837 0.0503832219955153 -0.0526176531487718
0.373523537308811 -0.47998558268825 0.0286668365159362 -0.0198485117499872
0.333139164183749 -0.503020337915224 -0.0719894462339022 0.0480536073629779
0.203752415571101 -0.514380364488605 -0.170026359387156 0.0965411446562436
0.0211748302407446 -0.581606264526647 -0.240742836418095 0.187774592534874
-0.140755502810299 -0.525911223228235 -0.278562098246822 0.141524564711481
-0.254536288538346 -0.399975043197811 -0.281211022178474 0.132120002357583
-0.35570778604194 -0.360966286124944 -0.303794953346042 0.279180120451133
-0.392246128412171 -0.266338264578315 -0.335045338484661 0.385158619542698
-0.375415682797293 -0.160481865526766 0.444970097243816 -0.205608713334239
-0.284654594848835 -0.299935059371097 0.330108138020215 -0.113527644126605
-0.204823903897235 -0.369520795325336 0.255491918042383 0.0124123496850977
-0.080920504809767 -0.478251630701508 0.24409214735685 0.00474081243246671
0.0684555341231002 -0.473770154574789 0.227227834568499 -0.0658270617967358
0.190237315329276 -0.415903471646154 0.228189334822617 -0.129941575959755
0.303483129552964 -0.423217503543982 0.167545982818803 -0.194110995520805
0.339488179883508 -0.441373117898874 0.159928255489983 -0.19884192447825
0.277380815733813 -0.491332560796216 0.0317478580661962 -0.132324048243326
0.125023981656253 -0.505806935307547 -0.135614479518345 -0.0341165318098676
-0.0737072236444538 -0.555395774257069 -0.24090025682033 0.137081102261703
-0.229485445674892 -0.476502833046921 -0.261457183700104 0.177767755734902
-0.318058049235853 -0.335196984258963 -0.207974743008152 0.219465857985422
-0.393729584930018 -0.291147180002831 -0.181974994474993 0.370043186402582
-0.399161288491733 -0.222398234366016 -0.178415979839003 0.478124628564209
-0.262585505800628 -0.126358292204851 0.528258053967036 -0.102800364240724
-0.169473120668153 -0.240812100972602 0.36777218260091 -0.011193112186698
-0.0790660440319504 -0.278959932473396 0.233726476147042 0.0965455933514202
0.0123719479665231 -0.331568162618519 0.22194673457478 0.0347685385569253
0.106840933593287 -0.306529159468769 0.218603398741682 -0.0773790225516667
0.178688900993755 -0.266040765125491 0.279006136019127 -0.174902270023827
0.237774393477007 -0.287965210064101 0.283197219660495 -0.285395041583007
0.254758370070328 -0.335212905530133 0.265718268481784 -0.348505595524994
0.190081467558586 -0.386731138598755 0.0987371045014613 -0.299478710722946
0.0520759802717808 -0.389382180087631 -0.126280249991114 -0.156011533842028
-0.113068387446394 -0.412536781561072 -0.251303549336838 0.0775192165819724
-0.228740132028461 -0.338764962616735 -0.228644026640985 0.185957253506669
-0.282506763724587 -0.222301331241871 -0.117959894177088 0.26024994768803
-0.336834302551552 -0.191328203872135 -0.0539128275164103 0.404976759860131
-0.328669479485381 -0.157577395504458 -0.024306711787456 0.531068009509205
-0.126659458502457 -0.051451325617878 0.561224036823969 -0.0302238432431627
-0.0739047484329362 -0.128919868636532 0.367173463447876 0.0568280511367789
-0.011950323138901 -0.144372217777566 0.195924141135665 0.134033061733396
0.0259190297896536 -0.165693543995938 0.195623348411018 0.0398172194019521
0.0709252638801682 -0.142438374747048 0.207972209689337 -0.0838837945242644
0.106397424452235 -0.122112019849408 0.311910713484115 -0.190053551845764
0.122810730350739 -0.138642109882301 0.367389333577284 -0.328774027725787
0.128914493690261 -0.180250886272576 0.33123713306861 -0.446265523281705
0.0929473449218738 -0.212394447420276 0.126310343900466 -0.416132478607819
0.0129065509092312 -0.20535139010982 -0.133248270355962 -0.237160748496026
-0.0833844004234443 -0.219259329928269 -0.265470338260744 0.0302219685023277
-0.140660670483359 -0.185930209055079 -0.199317687083463 0.175201288833712
-0.161860347163028 -0.113555267698797 -0.0449236280318904 0.265052737841707
-0.197878412064843 -0.0985684711510582 0.043030406702509 0.397102493285735
-0.189207051783831 -0.088091900511764 0.094844391484661 0.545206348366771
0.0156152101577632 -0.0266739730731348 -0.167651405868572 -0.449362773186084
-0.0131971224259815 -0.0422754160216109 -0.150913029312411 -0.336871365566044
0.00437996195072907 -0.0031590743612207 -0.0361395967693424 -0.243419212696248
0.0169737856572563 -0.000769466599227927 0.121549728326032 -0.139960675371929
0.022425733927724 0.0109936483896149 0.236273169049044 -0.013850030190727
0.0287465369816511 0.00573255468520079 0.108950672582849 0.198967057049328
0.031699142783773 -0.0244614419180518 -0.133485316756716 0.407911682853387
0.0199703111251501 -0.0143635977305043 -0.327428345783454 0.434815180946676
0.0244954676923653 -0.0235754118226055 -0.401362978645956 0.368313427842433
0.019072611561099 -0.00651572671259102 -0.304506483450423 0.238385165212506
0.017941263914417 0.0206785094299407 -0.2137862737212 0.118065657964723
0.00223994454369563 0.028492735984205 -0.163808155619133 0.00415511654242265
0.00859826929802492 0.0253923629598922 -0.176153978546289 -0.116630542928539
0.0112001818142811 0.000455054307503576 -0.308429253892051 -0.0724291990832127
0.0336153350940589 -0.00547737418736019 -0.541364746210244 0.0310682506234931
-0.179892325524363 -0.0539485711615859 -0.111565233965678 -0.447419707103476
-0.190741866567881 -0.0934148549952142 -0.117952900962196 -0.328095833973637
-0.18054615962752 -0.0844626126308785 -0.00252655029681036 -0.227704208945364
-0.139750122995013 -0.152332499572495 0.139058671748908 -0.110740856819473
-0.0617384495996593 -0.191652880698107 0.246047225777889 0.0117751837717248
0.026314061487 -0.206183531260726 0.12437198334201 0.200121597331251
0.125086860860155 -0.23463749215589 -0.135041251191169 0.376643194202392
0.157838556653893 -0.192470826094067 -0.29946690490108 0.403322434101172
0.163871564846746 -0.168940074636481 -0.379788801871849 0.351689371780559
0.127379656272414 -0.124673994409654 -0.301066058842117 0.240028770153196
0.0900945157945875 -0.111362586051169 -0.22761739220956 0.141508247831906
0.0476215720224731 -0.104232069888663 -0.184892158303069 0.0124488943687525
0.00604778607217889 -0.107888172769821 -0.211534942391734 -0.109885443432841
-0.0489755985524116 -0.149065802102582 -0.342843893588507 -0.0439959733414878
-0.0873740751124717 -0.121332660255461 -0.550807093544036 0.0668426983071756
-0.336083473722043 -0.0858724259992923 0.00246220449274539 -0.428757954510734
-0.328305178919871 -0.152948167349738 -0.0286654970629831 -0.317536792225033
-0.32323729587988 -0.177362794224226 0.0623145772719675 -0.208305541442555
-0.255087444950215 -0.306521558417603 0.17033930363993 -0.0909684400822195
-0.113641461263117 -0.379534813017675 0.245700735119865 0.0125014951709002
0.0386764588576101 -0.388331198284696 0.135354133310983 0.151478299934698
0.208635508532065 -0.405413447517564 -0.10797021582896 0.274254219986256
0.272155425856916 -0.342089471172664 -0.220403255116422 0.305817513642944
0.274876856498208 -0.308427415294669 -0.302663066269482 0.299840513420522
0.212541131870866 -0.265899014439143 -0.272434371857364 0.233448399839592
0.132945984573964 -0.283503470843616 -0.24170701369005 0.177706014542018
0.0517231773506869 -0.27377988133394 -0.225927444891456 0.0404905635463512
-0.0354363855744831 -0.252373485229283 -0.265896393375102 -0.0655936144260224
-0.135488790460985 -0.280887849227813 -0.376230607507412 0.0330320635681852
-0.208336961435356 -0.214491132897009 -0.526368780033129 0.152536571239978
-0.42495756172424 -0.119377147797127 0.154840697373618 -0.383728661146707
-0.39569077030005 -0.225286042184055 0.0996475452007396 -0.285516616591105
-0.379647396816112 -0.284270324499443 0.146592639313831 -0.167095467942102
-0.284804717448007 -0.448847408030427 0.20682309831823 -0.0702564808500984
-0.103393693921151 -0.517811332619823 0.238228190176649 -0.0105078282011214
0.081231984722334 -0.501291004777553 0.15018127560182 0.0615212768495345
0.274545614526459 -0.500970383586137 -0.0469359702152818 0.117647689803585
0.345320750817962 -0.444128233152665 -0.10441828680008 0.157508322973661
0.333270966715536 -0.430162288454514 -0.19197930781412 0.199596180680197
0.23919870972618 -0.41422566606326 -0.221807421632919 0.192733810458734
0.108289948588174 -0.467111848863026 -0.24353420206039 0.202128798270612
-0.0210962967089187 -0.443395255647022 -0.264004159223297 0.0892035339358728
-0.135615591819748 -0.369190350522462 -0.300243118456971 0.0237903559472775
-0.250603204291101 -0.358015368781452 -0.370124917708451 0.151865531003317
-0.31792198432002 -0.262554280179599 -0.4528532313936 0.269011598862064
-0.433301967877497 -0.14980667950381 0.308953721240888 -0.307015130634399
-0.377287415081895 -0.285959300716184 0.232167029507963 -0.21598202083158
-0.33112105903953 -0.364136191159316 0.22255955728188 -0.0891311676367237
-0.211328377724324 -0.519805762509381 0.237910081334807 -0.0379191479120509
-0.0262194488529784 -0.556237224295568 0.231485165380363 -0.0419896597132919
0.143758413347362 -0.510956218331169 0.179309017715714 -0.0432125932876946
0.310327455614576 -0.502761653484135 0.0483174442979179 -0.0526222947968275
0.366872795111251 -0.47943411851902 0.0283111958111324 -0.0198338726942771
0.32789205902941 -0.502444206193847 -0.0705714434557014 0.0472168652069336
0.200285689329316 -0.511905822313982 -0.167899304036727 0.0959602889070584
0.0180145807965596 -0.577955539713632 -0.237092951360815 0.186974285261081
-0.143051611128002 -0.521123272942206 -0.275961198035664 0.142401993561312
-0.254052394619928 -0.397366588964198 -0.279843431143256 0.133736372877719
-0.355003116904415 -0.356723884812687 -0.298298805392839 0.279022396286663
-0.390518600395917 -0.261749947118816 -0.328319033148826 0.38473767923416
-0.3728060751884 -0.157872509503122 0.439125355959283 -0.208189739901938
-0.284597884563345 -0.296634613425416 0.326011303135528 -0.115023346979843
-0.205231532614985 -0.3651668845131 0.25353671486419 0.0115021130851658
-0.0825597179634837 -0.475157362523898 0.241926710237348 0.00340783048109215
0.0662241351605294 -0.472282111779813 0.225221703729192 -0.0659453650396726
0.188012915102319 -0.416204272251081 0.226542133263569 -0.129249302606954
0.298704992389465 -0.420700188416376 0.164759407687168 -0.193491028656441
0.33404237799788 -0.44146871657005 0.156906528007589 -0.198239042164008
0.271980716462628 -0.489291472039708 0.0314666023207518 -0.131941173190194
0.122224964393135 -0.502115756655607 -0.134711291967188 -0.0335882093647028
-0.0765294886402794 -0.550740860467634 -0.237204214984389 0.137368636389943
-0.230824585472473 -0.472213062748903 -0.259045493467322 0.178039355890367
-0.316900313225257 -0.331740721670401 -0.205910473336316 0.219638990367581
-0.392414361201155 -0.287140277905875 -0.177495774512828 0.368024699538018
-0.397021712171229 -0.219745323281681 -0.173711059091266 0.476216120560113
-0.261724094146656 -0.123709863549844 0.520292843215807 -0.106109956302062
-0.169433008371898 -0.239050395452849 0.363092027994612 -0.0129382288112496
-0.0801966493074563 -0.277123887124521 0.232922016776378 0.0941545781782773
0.0106552254305647 -0.329512182930518 0.219951841508477 0.0325817776996503
0.104621737702667 -0.305357919508097 0.216374495314414 -0.0771568083302033
0.17609422061418 -0.265525925566244 0.276842632355221 -0.175069641642257
0.234047931719943 -0.287056014323219 0.27724472047133 -0.285105277289605
0.249661077307162 -0.333956491543363 0.262587557608087 -0.346568591236881
0.186044395060658 -0.385734062118226 0.0966837228162677 -0.297550730551731
0.0517484914608335 -0.387832073132672 -0.127025593203547 -0.154709853038831
-0.115162107451835 -0.410337592129493 -0.24875865509507 0.0782935889352029
-0.227090020348173 -0.335398671987628 -0.226416036302149 0.186482612032835
-0.28133034361036 -0.21915902301666 -0.116115143519909 0.260439510279566
-0.334441638036356 -0.187762198293716 -0.0505157525301414 0.402773780268371
-0.32645950410577 -0.154457572101795 -0.0195246851446777 0.52849605527211
-0.12561643363802 -0.0500999019818915 0.555095291903221 -0.0348400586149595
-0.0744514238385519 -0.127887586271117 0.362624740262101 0.0546959425971995
-0.0126436940425098 -0.143443696650238 0.194848799177626 0.132310779374492
0.0247413593942254 -0.164577943790456 0.194107449914159 0.0381369449598222
0.069193811154565 -0.141699680171806 0.205742389126701 -0.0837715013507296
0.105006727378056 -0.121849034626505 0.308490215241567 -0.189794778595891
0.120900542848336 -0.137885551367271 0.362796187977488 -0.328084871023043
0.126437024439586 -0.179516231199899 0.326810448838864 -0.444498621481657
0.091086824050196 -0.211370453420772 0.123176538982131 -0.414867258407141
0.0125513287861497 -0.203843335717964 -0.133313691762326 -0.235825257395407
-0.0842959789635695 -0.216814229509728 -0.262741691475692 0.0315104681977371
-0.140206583865497 -0.183888018660086 -0.197139598003497 0.175552062319708
-0.161218348907751 -0.11192145044864 -0.0437607534107128 0.263857608811694
-0.197640898523203 -0.0962916177103853 0.045285263712837 0.394436063409216
-0.18801659050076 -0.0865777263117655 0.0991674496073567 0.540904378515999
0.0153699107811166 -0.0271391166577261 -0.172132073354576 -0.445339602921251
-0.0140559962429237 -0.0417420742643302 -0.151934352127866 -0.334803795267987
0.00470591943044639 -0.00337681825203344 -0.0373293389065235 -0.242033010531243
0.0165962226865363 -0.00139627274322642 0.120390623289893 -0.139692169013825
0.022793269866821 0.0110826162635341 0.234526829473704 -0.014790845623418
0.0285993295809684 0.00571362472313988 0.108781119946462 0.198031144735426
0.0305505598416437 -0.0247937650219461 -0.131552426958033 0.406258424004515
0.0198662983021263 -0.014374710337754 -0.325163920866078 0.43114971136184
0.0240540812999654 -0.0243226413444119 -0.397298622790678 0.365399598838004
0.0184102787971127 -0.0068798169666752 -0.301266223769526 0.237564017369672
0.0186090175193883 0.0197067079776059 -0.21210110696621 0.117966271982293
0.00305781964499465 0.0285493287516944 -0.162761181873145 0.00548766117410878
0.0089794915358701 0.0250269141577506 -0.175619847674375 -0.114509177577203
0.0109354765330657 0.000642346199116968 -0.305884791292654 -0.0698352465323113
0.034007639410188 -0.0052689916090057 -0.536319484313239 0.032139468207638
-0.17921927109027 -0.0538067430886675 -0.114636271673487 -0.444319983133657
-0.190032463441252 -0.0916648398119674 -0.119428498801305 -0.326004244468363
-0.179317539717301 -0.0830794092192234 -0.00317470053959541 -0.226550658696246
-0.139471237794125 -0.150645170222211 0.137951847334462 -0.110402834032985
-0.0619667800303474 -0.189787743075789 0.24514078566353 0.0105125878667383
0.0251969574154551 -0.204681659713913 0.124214609522102 0.198590234095309
0.122977560837085 -0.234061339567547 -0.133695719487911 0.375767305126334
0.155703583911042 -0.192451077149967 -0.294744739984853 0.400140939505427
0.161900046062698 -0.168567968189174 -0.374351188776655 0.350277291009675
0.125746466144477 -0.124196513515476 -0.296855437206815 0.238030963026159
0.0898195744325579 -0.11149088645645 -0.225402395228615 0.141534678656993
0.047107867488726 -0.10312011658152 -0.183669709315696 0.0140346528205798
0.00581896452088098 -0.10747696089448 -0.211310395245858 -0.107541420215255
-0.0495993660547328 -0.147520455175261 -0.339399304500462 -0.0418230259958084
-0.0869827361328749 -0.120027363353452 -0.545984398909645 0.0699781692826978
-0.334236660057063 -0.0836187934476429 -0.000799167093904956 -0.426968560235243
-0.327605049177939 -0.151416237832099 -0.0309719519579491 -0.31520305004596
-0.320582688502261 -0.175248895113617 0.0603836733201598 -0.206706573933757
-0.255319767337717 -0.3039806736307 0.169142994213579 -0.0910693193240447
-0.115701810640713 -0.37707789289536 0.244586784752978 0.012163946552901
0.0375102919716193 -0.386209883473112 0.135095363988185 0.151395734340112
0.204650080301126 -0.403564070461103 -0.106533544685531 0.273435671795687
0.268730608662538 -0.341664274656192 -0.217642507228835 0.303002397034296
0.271533945046763 -0.308300957147698 -0.298104181323796 0.297756949542901
0.20928997627868 -0.26449541213628 -0.26905905384819 0.232055518924716
0.131389476399514 -0.282776505150257 -0.238338799008407 0.177832287324695
0.0518301353844425 -0.271432047726246 -0.224635521904755 0.0410286111774268
-0.03522856731627 -0.250791139581429 -0.265358804920922 -0.0636737793733307
-0.136116047094298 -0.278206165362319 -0.371893862403718 0.0343067280835356
-0.207849052119899 -0.212558851305749 -0.521168535880213 0.154560599145516
-0.421879986889753 -0.117607978573501 0.150226837742074 -0.382648268719942
-0.394122437910209 -0.223311061363868 0.0965592492975375 -0.283602121424729
-0.379263505770644 -0.283168669138915 0.14535513753415 -0.165910626989599
-0.284275134074374 -0.444711554219271 0.205399464226772 -0.069841388562061
-0.104637406542792 -0.514209808532092 0.237461669191338 -0.010393239376415
0.0796810439587971 -0.498636086688997 0.149607891993579 0.0618575104578627
0.270961111060935 -0.499433402281122 -0.0475781511272346 0.117257617034147
0.341198215044972 -0.442664747267731 -0.103538644557957 0.156509156175651
0.329229923915843 -0.427717747192942 -0.188727550400028 0.197917893078089
0.237004543708113 -0.412176143887107 -0.219240446695133 0.191437549301185
0.105465094938131 -0.465311990349929 -0.240396281373631 0.20165664854285
-0.0211722476103976 -0.439749000612419 -0.262050221408124 0.0892321510580019
-0.13556615503495 -0.366831678237258 -0.299087194698242 0.0255070650032664
-0.250796894325443 -0.354831637888679 -0.365722501774794 0.153044221235577
-0.316751393614801 -0.260323965434498 -0.447626689463891 0.268797499922855
-0.43195671975825 -0.146387019417401 0.305071036690026 -0.307961086565511
-0.375372128751136 -0.283480127325733 0.228835062888382 -0.215464932724198
-0.330426156734073 -0.361425475892097 0.221342518186828 -0.0889533370067712
-0.211211789460103 -0.516488545449413 0.235473333009501 -0.0385002671360414
-0.0279511318992213 -0.552268183469924 0.230109886728334 -0.0420394205388373
0.141723580474987 -0.507452882642036 0.178098384715973 -0.0437319647768233
0.305830801663068 -0.500993366517859 0.0463177942097538 -0.051322316754965
0.362730259894749 -0.478590520563463 0.027560987688889 -0.0201204631217775
0.325193442399791 -0.499497810583631 -0.0691974782962505 0.0463606727971701
0.19733766441222 -0.508659679430044 -0.166462719833324 0.0957340855034928
0.0156196173168824 -0.574709942708867 -0.233443799977718 0.187238746974422
-0.143926074534823 -0.518101332601344 -0.274127119652269 0.143265294773665
-0.253188598773415 -0.393758379685293 -0.278450816785552 0.134864068482984
-0.353885658066067 -0.352173323659723 -0.293509622758966 0.278037261563195
-0.387840725836288 -0.258941830228953 -0.324257161290288 0.383873706785396
-0.370053341150795 -0.154282164793217 0.433263204584296 -0.209366534948226
-0.28538063004182 -0.29331527056325 0.322409494706403 -0.115497782939622
-0.205506898580302 -0.363250261860223 0.251875111809761 0.0106998321702325
-0.0842933118441555 -0.470743881790074 0.240144693858869 0.00204956621816661
0.0627498545872201 -0.467544724636525 0.224449794797665 -0.0659196143715444
0.185260058861626 -0.413724770205901 0.224186806228022 -0.128319303314423
0.295320331402546 -0.418506019334547 0.161481468056503 -0.191923671123254
0.32973288346514 -0.439630567226871 0.154968657997128 -0.197512474050235
0.268467610632931 -0.487362957357032 0.0308605297165427 -0.131781108136438
0.120464569818757 -0.498588286033321 -0.133944256749495 -0.0336116810831503
-0.0779656224091599 -0.546782980005491 -0.234942187226767 0.13774811347985
-0.231176324340027 -0.467914779805239 -0.256943131564127 0.178018030847025
-0.315221821205317 -0.328589673742669 -0.204684380841107 0.220925080154949
-0.391302668399941 -0.282202562771914 -0.173580728833716 0.367000216853321
-0.394622904566994 -0.216292457473175 -0.168560764552027 0.4749788181356
-0.260394322845094 -0.121776948107949 0.516253644325387 -0.107517467811993
-0.169548716885692 -0.236179433952754 0.359441127664138 -0.0142938022347606
-0.0804931028702096 -0.275387007135489 0.231507262162288 0.0930985989913568
0.00898725857155923 -0.32745948543687 0.218421473986382 0.0317287975697712
0.102281994861989 -0.304178972940651 0.214773241452023 -0.076712105100734
0.174478426206728 -0.26370042982529 0.273551647352119 -0.173552058881767
0.231980666605437 -0.285711741477153 0.27470916785852 -0.28261427187419
0.246216510634745 -0.333296822991264 0.25874370632122 -0.344085257936227
0.1835102806834 -0.384373319938047 0.095104664958663 -0.296989542004191
0.0497542462207132 -0.385060513854447 -0.126701337791343 -0.153258385970053
-0.115456581803558 -0.407350157746444 -0.245812027082336 0.0790189716952621
-0.227361613615319 -0.33162478156556 -0.224753619066358 0.186323111118807
-0.280795563488739 -0.217670473602029 -0.115056556226701 0.260496222532851
-0.333256355885513 -0.184524175901355 -0.0472056420529845 0.400736429913718
-0.32504450967686 -0.152450058392018 -0.0162579978258731 0.525136559168051
-0.124497343239455 -0.0495546445114081 0.549804078354076 -0.0358255625611598
-0.0745228216954756 -0.127089752223959 0.359618565382052 0.0527048405024413
-0.0130250018455576 -0.142505012183749 0.194091351886582 0.130214773082178
0.0237868968858743 -0.163409249318922 0.192471642282759 0.0367126882812209
0.0676502373566194 -0.140911097835145 0.203966496762452 -0.083077761400999
0.103871699741914 -0.121516958491058 0.306116969078965 -0.189481395058218
0.119210016827557 -0.137067973921513 0.357749142810775 -0.324944460420298
0.124591650258875 -0.179492456877838 0.322888899049046 -0.441287312762195
0.0899269174748247 -0.210516027897799 0.119759209314649 -0.413308144318408
0.0116852028809414 -0.202563992474335 -0.133050045427802 -0.233535002100226
-0.0847796238251586 -0.215543460800921 -0.260334252651829 0.031642151344115
-0.140037573276437 -0.181821931883301 -0.195564647795207 0.175527791902346
-0.160385109110838 -0.111346068922508 -0.0427270196662452 0.263628887692552
-0.196447496627306 -0.0948281084915437 0.0478795260982655 0.392591273132725
-0.187402634899631 -0.0856797303608282 0.101460442279814 0.537529527974615
0.014897074995552 -0.0275042118668221 -0.172522399172337 -0.443941991726988
-0.0142127795230874 -0.0407163410341127 -0.152100900060123 -0.333055574732631
0.0045648044906752 -0.00254243773583738 -0.0371119961082121 -0.241687612447766
0.0162835335620648 -0.00136340057762963 0.119404202998287 -0.139501230096308
0.0228570283114933 0.0114721300130214 0.232852757630924 -0.0156541763615573
0.0279182871880906 0.00565836428438949 0.107831482767415 0.197931157818618
0.0300459475375104 -0.0250436961984662 -0.130216249787831 0.403060333522361
0.0197422426045491 -0.0140804037738306 -0.320911947506681 0.428990915804587
0.0230381205002336 -0.0242110737741698 -0.394542425479474 0.364970787699445
0.0184693043130663 -0.00658394307549193 -0.298554793873972 0.234703910777945
0.0188142727699135 0.0191129483644721 -0.210748302073413 0.117740500243971
0.00361674532810297 0.0285416324406945 -0.161756471594183 0.00561016291879025
0.00925875278225109 0.0247777877818159 -0.175814265463233 -0.113147491217011
0.0106870774088999 0.000951247621335496 -0.302689946516506 -0.0690245957838264
0.0338467970568048 -0.00563703893891107 -0.53308305163313 0.0334533875968886
-0.178389093292837 -0.0534378545742432 -0.116651291290404 -0.443443392577721
-0.19007538219112 -0.0903629906699862 -0.119367964555475 -0.324723261630981
-0.178602787511239 -0.0818013368746269 -0.00341427527108209 -0.225912066020807
-0.1393969920335 -0.149401668817404 0.137321096176528 -0.110256839795263
-0.0622046533856742 -0.188362235979333 0.243904590783658 0.00925530473722064
0.0242511102980419 -0.203802178949796 0.123665433369331 0.198035459961326
0.121706521444818 -0.23342380701362 -0.132428123007506 0.374237912024326
0.15395295631121 -0.191764360510121 -0.293682718667801 0.397213292674848
0.16021843164537 -0.168177635446051 -0.371408784228726 0.348017954738647
0.12476153881836 -0.123609575825 -0.294952908768018 0.236375116136365
0.0888719662457987 -0.111314640488326 -0.223739422801556 0.140345168646965
0.0476968540811814 -0.102574028968458 -0.183070126035103 0.0140298525918326
0.00606028167995509 -0.107217349054662 -0.211092435635243 -0.105575406784341
-0.0496404181779742 -0.146559613674958 -0.336544639847721 -0.0405699461126916
-0.0860476580602994 -0.119547090145893 -0.542409798634538 0.0699495539007128
-0.332442480324425 -0.0813816778337703 -0.00382210424531939 -0.426359621803363
-0.327275312901891 -0.149399776413335 -0.03150523569555 -0.313921957235824
-0.319782358427117 -0.174635563740235 0.0603043070950106 -0.206419409480223
-0.253133368928325 -0.303569491402753 0.167380696202505 -0.0909804664313353
-0.115294753632171 -0.374676499601392 0.243749503474918 0.0117124566495406
0.0364914421475517 -0.38406183197291 0.13482070702292 0.150833957743023
0.202988197362815 -0.402273244629321 -0.106080444746432 0.272522110117134
0.266663774622316 -0.340341273505612 -0.215643372812719 0.302633910253772
0.26894807880904 -0.30727616137178 -0.29677885930959 0.296740861750593
0.208197691332392 -0.26342894436239 -0.267011560202708 0.231062620153491
0.130256113671253 -0.281294267447487 -0.2371256073233 0.177304630301847
0.0512219308143512 -0.270220744564885 -0.223600866183914 0.0415691337041758
-0.0354415255328487 -0.250371254151007 -0.264868209101997 -0.0616843931969952
-0.136356240253607 -0.275877348608797 -0.368101859108845 0.0351569203528874
-0.206399293764861 -0.211393287310061 -0.517095942945508 0.153986427879653
-0.419881598740416 -0.115930569269994 0.147511220710259 -0.383116769233064
-0.393457052232055 -0.222250056023419 0.0946923888343667 -0.282874023012937
-0.377514566597569 -0.280854667583823 0.144506212270384 -0.165470262335904
-0.283315528553165 -0.441750886921303 0.204000499793614 -0.0703794967626591
-0.106912268475038 -0.512276089784816 0.237152031054947 -0.00964020571727
0.0781008962933128 -0.495420351751917 0.148991506822783 0.0610559332256498
0.267558129162978 -0.495961878663436 -0.0477802957663679 0.117446536565837
0.33852515295328 -0.441514452630548 -0.102732318423065 0.155171851317367
0.325605021286911 -0.42704828764914 -0.186444540702705 0.196812506128751
0.234878139359759 -0.409781042442021 -0.217630561574581 0.190123569246323
0.104251524959106 -0.463253940812341 -0.237792365058275 0.2010667398923
-0.0222023881406891 -0.436959474452369 -0.260880515998536 0.089587660801225
-0.135216218904223 -0.364079543730265 -0.2986317244374 0.027710377993022
-0.250761086854292 -0.351945534505091 -0.361470408515673 0.152347605097498
-0.314909573786249 -0.258409265306717 -0.443164876366448 0.268504253802528
-0.430693376471775 -0.143817356769719 0.301910026954459 -0.307159345951361
-0.373949666856557 -0.280011994293312 0.226035982909302 -0.214976509207294
-0.329393656726631 -0.359701326812398 0.219660098067079 -0.088852904598419
-0.211669610738476 -0.513219399596331 0.234071030989291 -0.0389998616501638
-0.0288061816012084 -0.549914347707777 0.229477270883515 -0.0413754573884512
0.140307817420173 -0.505741791847338 0.177498580015458 -0.0430062362736957
0.302574577358686 -0.499279415834329 0.044720071768713 -0.0504230587798294
0.358196232996779 -0.47653439025463 0.0275908402705524 -0.0198814725978973
0.32143047946465 -0.497577729693328 -0.0677049216859491 0.0458043410962912
0.195637558464281 -0.505747971773598 -0.165785441238795 0.0949353105195855
0.0133097844239088 -0.571698376517929 -0.231358467040861 0.187354479803012
-0.143018011206219 -0.514004515074202 -0.272831391619705 0.142790216099014
-0.253816235754561 -0.392085149916514 -0.277303369454564 0.136796842106247
-0.354078623607683 -0.350777884808728 -0.290517251594949 0.277904489996651
-0.385492379405352 -0.256774729028266 -0.321108548705449 0.38272122851874
-0.36902869513771 -0.151768255804404 0.43144626901573 -0.209568735834783
-0.284802094397062 -0.291373655449985 0.31946518829584 -0.115487846773837
-0.205652272461747 -0.359444594569426 0.251837204422205 0.00980338881042385
-0.085866002940217 -0.468735610982012 0.238673938086753 0.00170126166772951
0.0613865161638382 -0.466640291653241 0.223579979559571 -0.0648529529650405
0.183394640476486 -0.410460096777445 0.222790883715493 -0.128337606370705
0.293536823974151 -0.417265149709796 0.159041445196689 -0.190944998067055
0.326150879676455 -0.439671264257558 0.15373468149982 -0.195787272805831
0.265856498900632 -0.48530610289418 0.0308575089943498 -0.131994238272176
0.118312626767715 -0.497379359164474 -0.133310492024782 -0.0330740165044219
-0.0799134079010708 -0.544351051941627 -0.232253183787872 0.13755196564566
-0.230424295147491 -0.464641978673058 -0.255848254893121 0.17842455537319
-0.316190583575558 -0.327792227399133 -0.204354442156441 0.221789464561763
-0.390088762070151 -0.280107405376051 -0.170399568686916 0.36539336151908
-0.392591182317823 -0.21508458057242 -0.166073541660249 0.473085918502159
-0.258753655758396 -0.120204239123096 0.511219105500189 -0.109541362779397
-0.169432881988488 -0.235491050719881 0.356759538107688 -0.0145996444978384
-0.0808617472997503 -0.273927452654883 0.231204752857258 0.0924998740753942
0.00782656465047712 -0.326003248110542 0.216435132434657 0.0311251205450687
0.099778030470796 -0.30250626180788 0.2133850116948 -0.0756513825963038
0.173514122479878 -0.263028610098118 0.272814584305618 -0.173171315393005
0.230215353312386 -0.283050980255216 0.272395156855638 -0.28059918579177
0.244487048337545 -0.332823374864621 0.255549684525129 -0.343397155205866
0.182384341245632 -0.382770631358013 0.0942270129951971 -0.296301316270974
0.0498682881223755 -0.383380098914633 -0.126228702608632 -0.153054379632208
-0.116914492251797 -0.405229541161938 -0.244243033294838 0.0792580757201496
-0.228367528247645 -0.330524476941724 -0.223349371444039 0.186426013519791
-0.279402158648146 -0.215915615704346 -0.114186581473766 0.261152616378321
-0.331449828999559 -0.18264488760897 -0.0444827956469343 0.398905656284579
-0.323431108898255 -0.151381032245738 -0.0131256550619101 0.523224422490854
-0.123741745760264 -0.048302348874685 0.546176599358579 -0.0374004912971123
-0.074900050960094 -0.126620429070551 0.357245491914217 0.0515065623326562
-0.0135366865287428 -0.141957341506137 0.193301832990511 0.129361858062636
0.0230354321570874 -0.162246039314967 0.191122615373732 0.0362681464158592
0.0663782493134931 -0.140233381342408 0.202963142764914 -0.0818285536657609
0.103197767634949 -0.121777063593337 0.304272483608879 -0.189533501221541
0.118601279604347 -0.135915631076843 0.355399431075009 -0.324829874114365
0.123045615064741 -0.17853739275681 0.31838888499478 -0.438664215193929
0.088854668948261 -0.210126197052277 0.118071304639974 -0.411666585839158
0.01179638176333 -0.201460844692748 -0.132787369770915 -0.232989418624147
-0.0853260588007268 -0.214501634256759 -0.258758556651979 0.0321635224699924
-0.139977672383546 -0.180871459033185 -0.194537100231899 0.175184196591024
-0.160230644735458 -0.111197162511862 -0.0424611417308217 0.263838279896015
-0.195979562536674 -0.0935058159896188 0.048997134560468 0.391535888072957
-0.186826527220311 -0.0845421826635516 0.104061639908536 0.534997699601731
0.0144154782392943 -0.0279338108682278 -0.172542741812682 -0.442329701881497
-0.0145380987386147 -0.0399390558008883 -0.152959929071267 -0.332018453233493
0.00487279557447399 -0.00213258594865244 -0.0376265767664313 -0.241459624771513
0.0165933308990834 -0.00139910077921509 0.119238554977779 -0.139616114686932
0.0229968370870848 0.0119824504399477 0.23055160429862 -0.0167804916509805
0.0281442169155682 0.0055226581964364 0.107638582591808 0.197036413295126
0.0287963616317836 -0.0251171781393137 -0.128418771363388 0.402302149059853
0.0191129632879859 -0.014099762088121 -0.32017917248958 0.426599638490498
0.0224444760987667 -0.0242777976710235 -0.38914611154179 0.362791778210976
0.0179118278244788 -0.00721097715906015 -0.296897440758582 0.23452637707268
0.0190712266137565 0.0183835629280987 -0.209574247326791 0.117080908529512
0.00435130968803835 0.0285213302543111 -0.161479254326252 0.00678630791597477
0.00998103543977015 0.0243609526713985 -0.175881601291471 -0.111364511203832
0.0107736883562073 0.00115330260183992 -0.300810685344021 -0.0681754852511449
0.0340770868419749 -0.00545760602546823 -0.530210860221162 0.0345091990321562
-0.177448095103645 -0.0529518647463488 -0.117795307549992 -0.44150345534653
-0.190249342157089 -0.0896435246961195 -0.119816183031539 -0.323067606439149
-0.177594662150062 -0.0810590233155867 -0.00442986430487543 -0.225806992088016
-0.139900207893655 -0.148257800322553 0.137512135382769 -0.110099031530518
-0.0616771317034234 -0.187093804969199 0.242936688393794 0.00928521134327567
0.0241774460560269 -0.202969048293142 0.123507075310295 0.198367287235031
0.119796536751921 -0.232875315720185 -0.131406890614356 0.373691002181474
0.152388718490687 -0.191366578830267 -0.29140662697551 0.395764428916856
0.15918151474882 -0.167937873665103 -0.367377692638731 0.345759563636601
0.123752861672243 -0.123141371620272 -0.292579341071702 0.234693880331667
0.0885665788285835 -0.111642992566841 -0.222102794560237 0.140468662826323
0.0478563627680065 -0.101976560090141 -0.182312260339313 0.0147470459747585
0.00648018031580231 -0.107092048703951 -0.211138270050083 -0.103628096423951
-0.0500013181634944 -0.145277988358111 -0.3333923617611 -0.0398092194545498
-0.0857039342164078 -0.1189567651203 -0.539292908154042 0.0708153564033173
-0.330094738577437 -0.0816510395496472 -0.00541297887078142 -0.424487394662978
-0.326170967275476 -0.148292415114413 -0.032493465957733 -0.312821210588367
-0.31854449722433 -0.171737709603433 0.0594815109647288 -0.206302752331564
-0.253684260844567 -0.301475136579713 0.167283797442748 -0.090349634908769
-0.115149763906751 -0.37284235392733 0.243481544530717 0.0111686770472965
0.034998412434277 -0.38249861081243 0.134442165329661 0.1501113740768
0.201743970087804 -0.401950570723426 -0.105811147313151 0.272330651137153
0.264204833881406 -0.33944279161358 -0.214550115788389 0.299957503827539
0.266549675566939 -0.30616619596397 -0.293566523661988 0.2951207213131
0.207357940390843 -0.261907862574422 -0.265345236746662 0.228872080446636
0.129870653126006 -0.281103181096109 -0.23559138435598 0.176273981683873
0.0508673164245584 -0.268423336424486 -0.222350300433305 0.0416527580453182
-0.0350056683505873 -0.249462643063876 -0.264771144807363 -0.059395269319584
-0.136797188373801 -0.273743865649931 -0.365144819671605 0.035980311418057
-0.204883642014005 -0.210310471264057 -0.514369111975955 0.156066061231172
-0.417834672413508 -0.113747583288305 0.145360070504142 -0.382457965745884
-0.393966277581516 -0.218643696408585 0.0931613915362205 -0.281912239931391
-0.375956929866334 -0.278222134934712 0.143367226541448 -0.165315031082189
-0.283374978835495 -0.439491300563632 0.20311201394919 -0.0707985355974635
-0.107186733492282 -0.510081123370447 0.236689051845431 -0.0101337597822784
0.0763385010616016 -0.493827604726806 0.148206965878676 0.061590466765015
0.264813437828568 -0.493441962031075 -0.048153515718995 0.117805861502072
0.335653040555907 -0.441056013050154 -0.101914810296724 0.154561494786336
0.324269112724852 -0.425865994777382 -0.185042439221324 0.194739869462733
0.233531420882221 -0.408240652809059 -0.215662272852604 0.18854163146882
0.102964517407164 -0.461986239940572 -0.23645289778938 0.200847328004925
-0.0222195123114421 -0.433600641537924 -0.260399518235641 0.0896566994019855
-0.135385243118299 -0.362538673035829 -0.297683283462047 0.0294815700967906
-0.249911346875318 -0.348761197502284 -0.357974710315488 0.152488757642509
-0.313589558124923 -0.257577770086828 -0.441031248074645 0.269035178438292
-0.427895010012152 -0.14228032385378 0.298271975369159 -0.308816055946629
-0.373474238516778 -0.279687583221694 0.223967880534634 -0.214450074224718
-0.328843318267165 -0.357012974431682 0.218695446278164 -0.089348945578584
-0.212204429714685 -0.511510579448654 0.232531537559381 -0.0390058354369222
-0.0303728521469175 -0.547375101993124 0.22909489361042 -0.0409124291656016
0.138910081951497 -0.503464183987247 0.177280912920586 -0.0426403384478564
0.29946801980162 -0.496940789161644 0.0437509175432796 -0.0492102964492088
0.357028439662366 -0.476569811157632 0.0266810634752624 -0.0198933425728724
0.31908538314124 -0.496228923629028 -0.0667934068963141 0.044833898798936
0.195327398590379 -0.503302291897885 -0.164663188511294 0.0940601557906163
0.0119511984300548 -0.568637972726759 -0.228949910873256 0.186897648638451
-0.14211727652458 -0.511891555462835 -0.272506059401492 0.143406448087134
-0.251740155202792 -0.390990163220174 -0.276885777357252 0.13803106420319
-0.35261464702215 -0.348542771425422 -0.287396156809367 0.276805558815719
-0.38407207207137 -0.255471616861913 -0.317233042805488 0.382184045836931
-0.367430586119445 -0.15014746897749 0.426395309862362 -0.211396153698938
-0.283279326947445 -0.290378302313795 0.316545732620729 -0.114927895848206
-0.204284122495144 -0.359135481429578 0.250373274800598 0.00937927317229337
-0.0863224823149871 -0.467047904809381 0.23753627785508 0.000777632828487348
0.0593583879258067 -0.464058443873113 0.222443772954861 -0.0638433147138112
0.183264447431737 -0.409300400423101 0.221830112951556 -0.127398832222928
0.291054995041244 -0.414674910647861 0.157132419020231 -0.189382390604299
0.323337646784666 -0.437999512816635 0.151701081893468 -0.195247152367413
0.265094888032214 -0.483974830819121 0.0307620688871945 -0.131929424206754
0.118099836308157 -0.494907670777155 -0.132585105965299 -0.0335615582695465
-0.08031053623239 -0.542632395279855 -0.230743129026342 0.137378022591438
-0.228843054652556 -0.463784424445543 -0.255275422985366 0.177874017319216
-0.314386293988366 -0.325844361978406 -0.203381349440265 0.222594152955319
-0.388185554367769 -0.278029213145502 -0.167545099974307 0.364351383313685
-0.390900405946349 -0.212892163836882 -0.163866698420035 0.471235163363203
-0.257432161371243 -0.118423088575545 0.507747669998587 -0.110808690718843
-0.16973239054005 -0.234660175660212 0.354215839709039 -0.015046456839963
-0.0809705982481129 -0.27294094204923 0.230398060980406 0.0916476276822337
0.00659386984732146 -0.324412356571431 0.215485621736783 0.0304347429745671
0.0985788728818097 -0.301485931323773 0.212782099667562 -0.0751058609890061
0.171995734563725 -0.262913593559374 0.272122786148087 -0.173312824305619
0.228529016358758 -0.282401116959936 0.268370484923341 -0.279074832854338
0.24207724612357 -0.33182552898359 0.25403206216229 -0.341141940991611
0.18064118150941 -0.381661859723346 0.0932966218172334 -0.295974941738865
0.0492131305611977 -0.381555402821402 -0.125828870194125 -0.152209789078553
-0.116759002286474 -0.403274775980805 -0.24171011376861 0.0791786068642235
-0.225496156669974 -0.329219854727203 -0.22308632847583 0.186605989035266
-0.278297228693683 -0.216604630080253 -0.11405145449193 0.261524460658462
-0.331236851253031 -0.181288282359321 -0.0420961408845923 0.397735862828329
-0.321750524549129 -0.150164876516099 -0.0105006787952982 0.521343212502706
-0.122711086969992 -0.0480459772665504 0.542560301453898 -0.0397449378490351
-0.0745462320978878 -0.125774775122787 0.354651639058892 0.0508856044169227
-0.0138843937892962 -0.142025991412289 0.192219044530345 0.128691727469594
0.0221160989959697 -0.161442636902689 0.189841245796881 0.0353623412265864
0.0654083390278905 -0.139698269478938 0.201902643798733 -0.0805883849432709
0.102313619278213 -0.121514369844808 0.302423740722116 -0.18718652134485
0.118330613250398 -0.135057703007314 0.353474783368228 -0.322583212426326
0.122172204805273 -0.178407722727824 0.316683357533118 -0.436357816301109
0.0879601956192395 -0.20941491461283 0.117130253119819 -0.409642957852341
0.0117999530541208 -0.201144671194596 -0.133201780686914 -0.23243177219975
-0.0858355272114878 -0.212684322306857 -0.25653663621758 0.032352275984199
-0.139788543624507 -0.179661861904272 -0.193750499170335 0.175654262815626
-0.159544194333011 -0.110926329485785 -0.0426098741844089 0.263533748520898
-0.1954436915749 -0.0925450700615457 0.0513291932515753 0.390473994658123
-0.186360855270388 -0.0844487277721602 0.106133091114876 0.533705417911273
0.00830748023775364 -0.0311297173167442 -0.262397581550851 -0.417561246662267
-0.025790759443786 -0.0335967939166833 -0.216988286542375 -0.309222760894306
0.00276090686405174 -0.00399543167122706 -0.0829771189362422 -0.234806872449728
0.0155628973271519 -0.00710701307920795 0.0945202065106689 -0.16138660331403
0.0266007844975423 0.00415616200265273 0.227288092709926 -0.058699534458364
0.0305565175284179 -0.000585170784767182 0.143773459954669 0.179208336414834
0.0238467991687082 -0.0265911311290769 -0.0535416664794232 0.421330934530444
0.0163072841110125 -0.0137872484131107 -0.235300388669353 0.476925781345439
0.0139224963631248 -0.0238904673286619 -0.322293328960556 0.435504902391136
0.0122312310864621 -0.00867852880206914 -0.253383060473941 0.294343701580593
0.0184806240543416 0.0140870482707077 -0.18735864078221 0.159726541138928
0.00764323062357871 0.0248400810272405 -0.161239458871604 0.0390228771195467
0.0132618264194191 0.0188475649117316 -0.200424749049394 -0.0752641408582295
0.00875974384770771 -0.00509447093941079 -0.315673970326661 -0.00494094855885566
0.0251899962762783 -0.0157263000231027 -0.525751176094324 0.137003156062039
-0.177735435587478 -0.0195569847025953 -0.212695290704073 -0.437230773101409
-0.202138481874247 -0.0475055404512238 -0.185538695975378 -0.315258960823373
-0.185157306050941 -0.0433193991430505 -0.0504587001716611 -0.240582330943882
-0.162891010567037 -0.114644372195585 0.124020245345422 -0.151414777900613
-0.0928514702083426 -0.170274887879132 0.250075069660723 -0.0496652892412672
-0.0104468552549001 -0.200710311429514 0.169069200953778 0.168966220661008
0.0678691254313466 -0.243662555260372 -0.0429219337363023 0.396679709420523
0.114757878494869 -0.207514175486955 -0.211807433256175 0.443799560655475
0.119831605783434 -0.185321151824578 -0.304049460080416 0.417171562024029
0.0938774195870374 -0.139569781562167 -0.249008395954098 0.29794182993367
0.0618407360864914 -0.120236591801023 -0.194142067797242 0.186644955679133
0.0257444116418031 -0.108328171994883 -0.178468525932444 0.053446404436727
-0.014251359345194 -0.106086514568467 -0.228743756068952 -0.0588186816039376
-0.080120811180625 -0.135943541924584 -0.335331527021583 0.0353868453308209
-0.11406232824853 -0.103752677765687 -0.518131193945352 0.178472537690956
-0.325623064344829 -0.0192993191977237 -0.100133632106306 -0.450524899573437
-0.343307091146443 -0.078526456948956 -0.096755118235389 -0.329254107882708
-0.336368061369705 -0.102412159341779 0.0163368970351251 -0.246458663340598
-0.302890278249324 -0.235482173502857 0.16610808220861 -0.150718364122889
-0.179555381252697 -0.336700443991221 0.258972233207395 -0.0595029639061956
-0.0333103328348649 -0.374755955632207 0.180516256101457 0.113259613939401
0.111149507124935 -0.420316715084775 -0.0207549213491743 0.296114014192682
0.196985085811427 -0.371029094913528 -0.153386118347024 0.336881559528572
0.199676800995625 -0.337624677484715 -0.242531676519984 0.353899452891047
0.149707014112137 -0.288093071521747 -0.220989487844568 0.290569763252018
0.070897854298597 -0.287274100503321 -0.195724873076425 0.227057081344666
-0.0017388569223249 -0.268191247664021 -0.209758641174186 0.0906090362926104
-0.080432993142375 -0.234743298611602 -0.267554430306818 -0.00392632820187445
-0.191049542536842 -0.24362806674397 -0.343144290759425 0.121665732287179
-0.248799561103658 -0.168923023338365 -0.468004060586314 0.257821472604039
-0.415103299711389 -0.0344619499341578 0.0587292496759525 -0.440556636247314
-0.420776308806507 -0.135075917117657 0.037881577551532 -0.325773770140811
-0.410735159510253 -0.192533334529953 0.112408782259928 -0.230664021682212
-0.358342463059826 -0.36145091829577 0.215216616731491 -0.143791053715527
-0.196595818741785 -0.470050637514243 0.256168257725434 -0.0857799166195661
-0.0138437632311061 -0.491655587106433 0.184536913350058 0.0206444576541684
0.153040607363584 -0.52473272536845 0.0167219567100533 0.13722213248151
0.249755812771658 -0.482064770656923 -0.0683984291519604 0.17264183264685
0.233813935282568 -0.463227339970517 -0.152895167939565 0.235825265971726
0.149492933333706 -0.434289055324004 -0.17776602206061 0.24499281449328
0.0138013199477908 -0.453842165453924 -0.188887871036231 0.251353756775733
-0.102908332032499 -0.414776036957486 -0.23351590707117 0.146456715033154
-0.197547291880599 -0.324299275327257 -0.276880247298365 0.0895254136047048
-0.318642579830957 -0.293846220852742 -0.304733361238186 0.237928830511139
-0.365036894037626 -0.192425185424052 -0.365866794743451 0.356271131595361
-0.42663023293837 -0.0596981679639048 0.228748575290058 -0.396475723659019
-0.414084779251647 -0.196548259282955 0.186006960705223 -0.28240544348579
-0.379102214062905 -0.276316752210098 0.209342410728288 -0.169271827574833
-0.304916556239115 -0.444105007592422 0.258137607903854 -0.115282158292864
-0.13216045207786 -0.521257647417752 0.248766739061319 -0.113163081799804
0.0429037767255596 -0.51177137317055 0.197085654693058 -0.0856002384871834
0.185851421314993 -0.535137198608265 0.0776629721334095 -0.0413968939228259
0.263583490920723 -0.519765022908746 0.025654734022321 -0.0230697959804522
0.219414799629642 -0.531790960713237 -0.0642914730784141 0.0638113857090018
0.0967760839001331 -0.51949371215945 -0.142256614623116 0.140199247011244
-0.0889070653863654 -0.54015635698685 -0.182369144757771 0.234898005238189
-0.233674146455094 -0.466468526132985 -0.232256462725385 0.200597864396563
-0.315880724788148 -0.327541571025835 -0.23127011776755 0.190336405645682
-0.417497006704332 -0.270114333105295 -0.202029966203304 0.343621194573706
-0.432427881859645 -0.174928858033879 -0.21842183745652 0.443224195831115
-0.371731543921573 -0.0781701088095201 0.381158716440797 -0.320797055271943
-0.328527681803769 -0.225477990294007 0.302415452975762 -0.196605987552893
-0.26177512907694 -0.302413781247809 0.264954536655271 -0.068322284170848
-0.175706177309059 -0.42741660058383 0.270371280157485 -0.0639411499856865
-0.0302095917034717 -0.458476779278004 0.237720356079853 -0.125811006548368
0.100748518381032 -0.430904329915756 0.224270550033047 -0.173434686062217
0.193114156699489 -0.456171869206553 0.159257116178396 -0.198468429820084
0.238426363568744 -0.479330594046852 0.116144494929884 -0.218592758022353
0.169088181420608 -0.509990919124813 0.000739619795915535 -0.131942611680105
0.0248818067658277 -0.498339867059624 -0.133967401968318 0.00413868933833385
-0.172316078336874 -0.499212028554914 -0.193579509512277 0.183252093891195
-0.308381883766782 -0.403082547077382 -0.208144823412498 0.229671238339777
-0.362768356017817 -0.253820142599277 -0.141933214417211 0.256462044576156
-0.437731926387695 -0.192247380498351 -0.0643694447480634 0.401960493093097
-0.429730672768231 -0.129498533800981 -0.0467701910501638 0.50211700081457
-0.262720513717776 -0.065993570293964 0.48803622233611 -0.228309550275365
-0.206964141876043 -0.194582166221664 0.360141633699768 -0.0961083073947575
-0.127315534288257 -0.243757501391097 0.261114260939146 0.0294604283517322
-0.0578381492806154 -0.309976485578638 0.245994692997506 -0.0194729411981753
0.0374704029124369 -0.310079874936549 0.21901094423182 -0.124212826605956
0.117406202612436 -0.287960799129347 0.256558774721323 -0.222527130814929
0.161489501208532 -0.318046844311743 0.242182821889438 -0.311396289087238
0.177113710259621 -0.363682322249864 0.188541619108968 -0.381576642731514
0.106343466244897 -0.400029367591935 0.033337094218943 -0.308202723814045
-0.0208347802765477 -0.378715737213129 -0.15119710928531 -0.120899405032241
-0.183621363672015 -0.362222389775391 -0.219689140739073 0.12617959660679
-0.280720842155574 -0.275790765201304 -0.177330042744244 0.230474368224934
-0.308422123500565 -0.153670019528638 -0.0495430531582407 0.277681079325552
-0.362443496920613 -0.10743007330183 0.0624394564960769 0.407146493627354
-0.348350076592654 -0.0789500493966812 0.111081712976326 0.52210473930315
-0.122575183497174 -0.0231746323820223 0.539837249517273 -0.153263161650848
-0.0946313749657418 -0.1092945528915 0.371373470417354 -0.0222289613563374
-0.0392166886602152 -0.132700391308218 0.225469796160199 0.0842570138654774
-0.0098230783370631 -0.158908246418941 0.209287225452036 -0.00330284585092844
0.0358519380543267 -0.149206975140885 0.196578519021139 -0.121724402962174
0.0747880080036797 -0.139902935531943 0.277130680395259 -0.241606467502211
0.0855836161829374 -0.155694542991959 0.304266682158993 -0.373709440766877
0.0871611790948636 -0.19569410931801 0.231905964025347 -0.48705850900502
0.0482009325653104 -0.220057845047714 0.0378558049498568 -0.430434194263403
-0.0247380085950444 -0.198856542090832 -0.176382224017654 -0.20403990562913
-0.12064201132077 -0.187452416191321 -0.24666435192726 0.0828292761722781
-0.170275534002117 -0.146968918984461 -0.153481238981679 0.213948753562275
-0.174951184528609 -0.0743577498116867 0.0176821334052035 0.269130676053212
-0.21291205598551 -0.0466024298179883 0.146935430585634 0.380282406931027
-0.201338644699541 -0.0396242174047823 0.221811225975681 0.513268854802343
0.00812842408309901 -0.0311585191766083 -0.264239269984102 -0.417412138713975
-0.0259288077524871 -0.0327940058605631 -0.217436492977839 -0.311023821708549
0.00291083614776484 -0.00383881536276258 -0.0836302889681551 -0.234695927769247
0.0156868583866267 -0.0073563962924038 0.0942331646857785 -0.161594294162293
0.0266696596466179 0.00376016876418565 0.225925228499208 -0.0588660013778573
0.0306622486086882 -0.000396758118640657 0.143971002071863 0.17927226802221
0.0231239250682547 -0.0265405039173093 -0.0516736861954686 0.421765702643074
0.015905340413828 -0.0136759137048846 -0.235656001924552 0.476081277211831
0.0135484296073744 -0.0236099246692904 -0.320660573073046 0.433651733366665
0.0119769812679408 -0.00831863918242395 -0.252294980992237 0.293179652245423
0.0186063473708745 0.0140911987034177 -0.186911727186572 0.159233314765562
0.00846616382964358 0.0247750876286418 -0.160690711533005 0.0396633098739789
0.0138007420325161 0.0185305977528327 -0.20009232992582 -0.0744053360922255
0.0085788151448715 -0.00514694002420199 -0.314720534430191 -0.0051837827987468
0.0251159815695298 -0.0163306998750121 -0.523949650257685 0.138029280546709
-0.177255879643772 -0.0192908303029297 -0.213798401342772 -0.4356088848391
-0.202724074931792 -0.0468450369561081 -0.18625993124193 -0.314984232406313
-0.184792696448164 -0.0430235455453726 -0.0506880096096007 -0.240703593491024
-0.162457969336014 -0.114569818623317 0.123974365611272 -0.151926929614747
-0.0928125495203609 -0.169911028555639 0.2505475820238 -0.0504337236487713
-0.0111821141643445 -0.200168624132896 0.169190562374763 0.168881515626936
0.0674130560124048 -0.243161679479622 -0.0427775488678703 0.396961234622719
0.114353514358135 -0.207616356315136 -0.211497841771155 0.441618598875005
0.119402780386432 -0.185214605961913 -0.303383007380137 0.415000410600197
0.0933103617616861 -0.138936708297013 -0.248374804184026 0.296911049096505
0.061870570264006 -0.120770531197763 -0.193155230637672 0.186894029390642
0.0264794722549506 -0.107994646427139 -0.178142651082816 0.0541561019262285
-0.0138967270374288 -0.106604243648579 -0.229216866090197 -0.0578415625210391
-0.0798449830084347 -0.135019478376571 -0.33341394421046 0.0349232901009755
-0.113603962009896 -0.103811316182604 -0.517196298709972 0.178582306320583
-0.325044035827297 -0.0167609156927308 -0.102552838536063 -0.45053318108373
-0.343625419542889 -0.0780065508948122 -0.0974523166998636 -0.328412009520322
-0.335318976447704 -0.103615202476581 0.0165044856702589 -0.246838270653718
-0.301678013051231 -0.234986759433323 0.165505284880732 -0.150981777263343
-0.17914193752236 -0.335447895244917 0.258450902094724 -0.0604386203814115
-0.0327938286417231 -0.375784356621035 0.180422792641884 0.114115639605178
0.110282966559767 -0.420066094742005 -0.0208589697203124 0.296151009990308
0.196181194527609 -0.37138956720411 -0.152880011532028 0.335554210854636
0.199847216544882 -0.337945667783984 -0.241535841556404 0.35193172805383
0.149566963599055 -0.287032606405858 -0.221084731935532 0.289758950127343
0.0702712608013009 -0.287049267332388 -0.194447131182482 0.226973620475457
-0.000538986748997133 -0.268297548073972 -0.210225518552883 0.0909412812211267
-0.0804214310875985 -0.234682535162123 -0.267651874213787 -0.00155152996681491
-0.190532970013062 -0.242567611972791 -0.341361347274428 0.121326289844801
-0.248138438468385 -0.169325650531305 -0.46683942455327 0.258126697228577
-0.413125799744962 -0.0339170377916744 0.0552512490041687 -0.441132722997512
-0.420061925736593 -0.135179908140574 0.0364301776051509 -0.325890697322854
-0.410634037170637 -0.19115196203329 0.111795593795967 -0.230610645817431
-0.359858842653513 -0.360452425068582 0.215008892034321 -0.143756253746253
-0.198085992240966 -0.470329115426098 0.256996169902399 -0.0853005878000895
-0.0142076538750123 -0.489592464582708 0.185073435701916 0.0206620446948021
0.152411015966646 -0.523663139124819 0.01607723029954 0.137712994978789
0.247930184267275 -0.482137661978935 -0.0688220042272729 0.171900257814316
0.233346248432802 -0.462574955638847 -0.152640560707459 0.234812393375765
0.149739983295477 -0.432866389017937 -0.177504469593102 0.243851038305835
0.0137705378171493 -0.453318679091724 -0.187431747502889 0.251431781109526
-0.101544200546886 -0.414632554862055 -0.233949067103895 0.146779190603006
-0.198308146691004 -0.324338832050168 -0.276914355548856 0.0914257970972258
-0.317178597342355 -0.292303812280538 -0.302520413801517 0.237351915976466
-0.363297838572844 -0.192014971761808 -0.365645467873169 0.355456663550464
-0.426795731711781 -0.0585954046545367 0.227502181423989 -0.397374082150162
-0.413522293011682 -0.196336313722791 0.185167286688845 -0.282124737153921
-0.380180424027571 -0.276438473274378 0.209022653525549 -0.16942203383349
-0.305885310743959 -0.444681705527961 0.257468990597791 -0.114773646676682
-0.133855900355292 -0.520308529435317 0.249347935222689 -0.112416217211472
0.0423496505012154 -0.510952969169199 0.197050247915121 -0.0852712237996484
0.186254330666893 -0.53390029453654 0.0772357100524014 -0.0403740269747713
0.26098165901523 -0.519406129836911 0.0253917160506547 -0.0228607999071497
0.217631585314794 -0.530028467314621 -0.0637929695696166 0.0628011048026374
0.0966433440571998 -0.520089187650919 -0.142356444601806 0.139781217742898
-0.0901651469762296 -0.540091513506638 -0.181302329951271 0.234216657505578
-0.232808070650164 -0.465264961991181 -0.232447341187587 0.200851898839771
-0.315099869014922 -0.328907610509741 -0.231445394597527 0.191686676058299
-0.416139794181407 -0.268336589204355 -0.200312983686948 0.342972561374354
-0.430381244892601 -0.175168700080018 -0.215696299978252 0.443687078333512
-0.37132678462837 -0.0774271661838501 0.37996079787852 -0.321062327656449
-0.328366329163692 -0.226383717525304 0.300686695392697 -0.196756536989428
-0.262634460438603 -0.302389067265854 0.265107687163729 -0.0683566895452029
-0.176572817219606 -0.425935838850358 0.270131006607471 -0.0647726965149662
-0.0308300934771052 -0.457679009646652 0.238140855012709 -0.125322638800694
0.101676887405842 -0.430049382718617 0.22355256278435 -0.17274313731178
0.193614731577741 -0.45510877057321 0.158237040054943 -0.197060579909503
0.237000626791867 -0.478772934654561 0.115560634225488 -0.218114395515166
0.168890271789148 -0.511144170633468 0.000611635659875594 -0.132603752946491
0.0258652216153996 -0.498269181752053 -0.133827232491856 0.00321723985928331
-0.173155227511498 -0.499255500104679 -0.192786774571536 0.183366895849537
-0.308202621867225 -0.402832289478438 -0.20858527336564 0.230194074129275
-0.363125479608681 -0.254225358896344 -0.141990122445922 0.258099306322947
-0.43682505375689 -0.191033439253292 -0.0624781303791268 0.401380085040059
-0.428707727414836 -0.129781320132082 -0.0452480924405166 0.501829824895626
-0.261785571178824 -0.0655743796827411 0.485193459308044 -0.229595392767764
-0.207058769488421 -0.194509213508974 0.358500064566056 -0.0959166775537162
-0.128069055231854 -0.244219334628548 0.260939669394325 0.0296477739942776
-0.0589508026836807 -0.309965469922866 0.24522654660833 -0.0198617392200535
0.0363391770533037 -0.30933543223045 0.21950691955379 -0.123513056110724
0.116188398265469 -0.287856487175253 0.256247175561921 -0.222146219239647
0.160940179429098 -0.317322992249891 0.241864000036559 -0.308358054848779
0.175917572864082 -0.364170756939294 0.18786711087788 -0.381154518558239
0.105826187020667 -0.39964526529407 0.0330930729367394 -0.308802482727591
-0.0204980651615483 -0.379427818198897 -0.151777045572677 -0.120956434469243
-0.18421485468226 -0.361626652305149 -0.218612134800521 0.126311950211964
-0.280870512200581 -0.275859148528819 -0.177098747866501 0.231048802040167
-0.307667392055192 -0.153678733816983 -0.0492436068943443 0.27912648304417
-0.362099782529384 -0.106483541524175 0.0642684281341408 0.407138300347976
-0.347715867075049 -0.0795238058507132 0.111759764532292 0.522059218215585
-0.122287155657306 -0.0230335846466853 0.538499011126709 -0.155539998515927
-0.0949710357784868 -0.109305314212975 0.37033456111133 -0.0226359437603681
-0.0391615712937071 -0.13240059623033 0.225545809000705 0.084394882765637
-0.0103528869660382 -0.158564095977435 0.208743912614997 -0.00386054432095678
0.0352988642022462 -0.148465245859883 0.19688770665319 -0.12073256183179
0.074413204225672 -0.140427278535415 0.275909986548957 -0.241228150240598
0.0853295841547186 -0.155157718290282 0.303858079297978 -0.372439320942773
0.0863456708245885 -0.195159339036618 0.230583591144579 -0.484961447843249
0.0474066987156216 -0.219787867944712 0.0362232463922631 -0.429551987605381
-0.024362055147986 -0.198654624192124 -0.1767313607395 -0.204037999524998
-0.120541137780169 -0.18724478443246 -0.245840321707916 0.0821431259076949
-0.170807286647839 -0.146842851422526 -0.153168448286372 0.214210964398231
-0.175236617636777 -0.0747559284353246 0.0175562467895072 0.270078930811367
-0.212488505587869 -0.0461114803745815 0.147744652165814 0.380285197853913
-0.201238036518156 -0.039470822922439 0.222943949088631 0.51338511467742
0.0076214191360889 -0.0308202020896478 -0.264539694329014 -0.416208343546197
-0.0259878083797935 -0.0320765682699471 -0.218909238255276 -0.311180267495926
0.00343955912860795 -0.00320138486810311 -0.0839769120344345 -0.23587009309562
0.0155636191359458 -0.0073213176308356 0.0938131603930209 -0.162366249377119
0.0273832397741606 0.00412233443125468 0.225776551486355 -0.0591076028444173
0.0303665086124516 -0.000682285174171938 0.144173378661942 0.180114870197323
0.0225561086425731 -0.026821161010071 -0.0506011476943997 0.421691264078335
0.0157808978144614 -0.0136034729372793 -0.235872753794514 0.475962639258025
0.0130816646186407 -0.0241172377911954 -0.320438908131325 0.432655251830093
0.0120421872147224 -0.00900579031615057 -0.252427726995866 0.29083965475206
0.0189035016459679 0.0131100158925241 -0.186760780913776 0.159372200488644
0.00893804455410978 0.0246042273828481 -0.161231212033235 0.0402003172356772
0.0141055404145766 0.0183400266587263 -0.200399551656595 -0.0740293075113133
0.00878099779616769 -0.00494855376874546 -0.314073723078249 -0.00503753582070522
0.0262908176686861 -0.0164066610918493 -0.524996341993564 0.138794712720647
-0.177187065517887 -0.0194700148096653 -0.216343077879615 -0.437823699327872
-0.203179600777275 -0.0461217653415587 -0.18762213547154 -0.31645453676297
-0.184784271820417 -0.0426705846736555 -0.0513231909523237 -0.242021495852594
-0.162800480069797 -0.11436804998035 0.123788070515826 -0.152298413111801
-0.0927319445015078 -0.169768836774793 0.250375553148153 -0.050708103561933
-0.011375005922331 -0.200285635567078 0.169646482167613 0.170159265933508
0.0670813403150377 -0.243867735483993 -0.0420317696348114 0.397737210516063
0.113794219035545 -0.20798338867142 -0.211961333651147 0.442715310689423
0.11800837911366 -0.185187728575613 -0.301934588952387 0.415085923691368
0.0939077985495147 -0.13852562339763 -0.248870672773994 0.295434746415122
0.06186171604065 -0.120855974735793 -0.193103863804423 0.186821443713018
0.0271649889604765 -0.108272201913956 -0.178464197105538 0.0545989355295744
-0.0134952239533237 -0.106910007913445 -0.229709428371472 -0.0568889423653575
-0.0801166666059956 -0.134903008184883 -0.332601052830152 0.0352320051474309
-0.113243273103677 -0.104159913941475 -0.516485213763835 0.17903449248354
-0.325937810043267 -0.0176044345554782 -0.105829545952268 -0.45155572713197
-0.344436796391576 -0.0768767952548421 -0.0982694537451537 -0.329146040845722
-0.335407473562005 -0.102975001819174 0.0157342301062916 -0.247825127730212
-0.302683926966289 -0.234601268007038 0.165509880975001 -0.151435958022302
-0.180171006245676 -0.335861565954662 0.259731133589155 -0.0601655360343859
-0.0336080486783634 -0.375289916069364 0.180976831480882 0.115009697708476
0.109942379545823 -0.421366396231319 -0.0210319283291672 0.297262657346684
0.195458108253894 -0.37276364692386 -0.152945285708946 0.334659704086793
0.197962943447954 -0.337385639356756 -0.240044284149561 0.351689613877383
0.149538286020792 -0.286979043136345 -0.221057271465333 0.289455644390766
0.0702563786176509 -0.287288191345885 -0.19453925187534 0.227084015958191
-0.000549963869485906 -0.268344864202953 -0.210116834496521 0.0913055071895075
-0.079917275319877 -0.235831769657785 -0.268347690383843 -0.000158922235905607
-0.191383489865501 -0.24261466311258 -0.340563920443707 0.121384883745454
-0.247868853335503 -0.168999862008268 -0.466507966623955 0.257543997598332
-0.413940602019232 -0.03259174787173 0.0526974222878336 -0.442122773337208
-0.422042632940788 -0.134700689798461 0.0358290747124322 -0.32548406223323
-0.409574648317066 -0.190752947956459 0.111318663474327 -0.230924351707196
-0.360591626909418 -0.360939193807802 0.215506882120673 -0.144140893124373
-0.198334863402737 -0.469648494997165 0.257723060501522 -0.0857429775228847
-0.0153990665276998 -0.490060963554128 0.185345874471001 0.0212905524607205
0.152278458297291 -0.523040242772241 0.0150739720310772 0.138851454035511
0.246412935578649 -0.483188424385976 -0.0690616558585743 0.171603167470941
0.233384968180899 -0.463617726975966 -0.15166834157965 0.233556198704748
0.150247521969966 -0.433762037063619 -0.177663192147665 0.243243395818995
0.0144792978159978 -0.454131245441348 -0.186841261689918 0.25136436748749
-0.100836440747806 -0.415090462827959 -0.23435553651348 0.147623084750489
-0.198064650004022 -0.324723602481027 -0.277532202858645 0.0929032185863446
-0.31757320138561 -0.292494884225393 -0.30074694438312 0.236255659720793
-0.362874676980776 -0.192319043569419 -0.363775364535035 0.355927719078007
-0.427041238302318 -0.0579410623769456 0.224940621658924 -0.398370086397018
-0.414524820156904 -0.197020282263408 0.183617502514326 -0.282593991198962
-0.378784476681462 -0.277351064187522 0.208607237078359 -0.169478482891529
-0.306309917333838 -0.44377670993373 0.258158729749766 -0.11490430451361
-0.133872701824514 -0.521306387834577 0.2505693833886 -0.111811147415064
0.0424152657950712 -0.511432047045581 0.197481617443687 -0.0846020470759909
0.184735867502059 -0.534035292358372 0.0761343615177584 -0.0396704373504527
0.260156177044277 -0.519473328778139 0.0251757341177315 -0.023082688512291
0.216544859308214 -0.531356705448521 -0.0637410785540316 0.0620106964036579
0.0978287354036407 -0.519512188695199 -0.142361437555553 0.138948576953271
-0.0907481874535695 -0.540891175915728 -0.180457204510352 0.234523402792083
-0.233473816071007 -0.465660219641187 -0.232667932305212 0.201521278594224
-0.315958492991096 -0.329931692337571 -0.231361186823174 0.193868117583788
-0.418168428425283 -0.267668639832168 -0.198907707900424 0.343091783609565
-0.430753245687547 -0.17486430977108 -0.215701076945755 0.444427206477277
-0.370537776701206 -0.0755405730734591 0.377022390979542 -0.32280536542305
-0.328713643901266 -0.225662882555336 0.299567581784501 -0.196546997192085
-0.262512482121954 -0.302100807925819 0.26568663256381 -0.0688372519732273
-0.177457370567074 -0.426858629160081 0.269857460782731 -0.0639748808104295
-0.0323921244569772 -0.457628113373414 0.239351426898443 -0.12517526639057
0.101094056599198 -0.430311425300918 0.224206628406742 -0.17244322001025
0.194432774650226 -0.455240652740104 0.156845771005579 -0.196424150273161
0.235272039488218 -0.480326785936852 0.115415588823753 -0.218155651977098
0.167539765280809 -0.512275608685977 0.000731960850769177 -0.133332787156893
0.0265480956856995 -0.498501874536522 -0.134569137740393 0.00297160600288342
-0.173716135628041 -0.500503972078576 -0.191821298020521 0.183236742656619
-0.307348463117355 -0.402954606894052 -0.208570078681862 0.231084100720563
-0.363816027281442 -0.255001607369824 -0.141378737161754 0.260363972803212
-0.438389092937954 -0.191345475658663 -0.0611624786151981 0.401378757863262
-0.429201619478172 -0.130033641156808 -0.0430550418871465 0.5026759456536
-0.261579246281897 -0.0654277042252141 0.483385410634281 -0.230713868512131
-0.20727624259635 -0.195103299927932 0.3576804383044 -0.0966038677979311
-0.128526059822476 -0.243826306416801 0.260984945041597 0.029361477282409
-0.0592793200459606 -0.310159375535678 0.245011599791429 -0.0200108841500029
0.0357613631599796 -0.309485299395404 0.220119302180474 -0.123174892564748
0.116377359281666 -0.287579657228825 0.256758149463121 -0.222593841672845
0.161250954124073 -0.316543610011499 0.240707155793982 -0.308252828905246
0.175324195795876 -0.363559046190294 0.189064451527902 -0.379951083712468
0.105272644951411 -0.400163473750692 0.0322710721734912 -0.309248319168644
-0.0195683703468342 -0.378549783928253 -0.151802820466752 -0.121916098478241
-0.185205486836466 -0.361726404641395 -0.217796120394632 0.12619898835298
-0.281022836259964 -0.274912045214502 -0.176729426085645 0.231653224086853
-0.308656541494055 -0.154606835261685 -0.0487516202333932 0.280606801950704
-0.362132869763039 -0.106436367767412 0.066398676121816 0.407430025290327
-0.348269146325571 -0.0790675730264069 0.114708585594801 0.522864116914355
-0.122339551625723 -0.023125272638832 0.537797948214806 -0.155212606707234
-0.0952240780620623 -0.109337703414667 0.370241211233211 -0.0233133596281628
-0.0392126792646634 -0.132576028470965 0.225684951609786 0.0846112487373651
-0.0105676755699313 -0.158956164316924 0.208716143122333 -0.00393860693551371
0.0342573674097109 -0.148971929815031 0.197224467709731 -0.12086893223373
0.0742046192440163 -0.140442485858341 0.275539815929438 -0.241135920784104
0.0855460391012431 -0.154670462208956 0.303934679946473 -0.370256691386615
0.0858725941597542 -0.19571384602163 0.230438970289251 -0.484625227925089
0.0471085422152441 -0.220354312434218 0.0351937219976373 -0.429956851510769
-0.0243429519936616 -0.199352052791734 -0.177462845036954 -0.204583626529164
-0.121643075135987 -0.186931376660095 -0.245835336251394 0.0824649550418087
-0.171613852822833 -0.146469455971944 -0.153329258414038 0.215236890191102
-0.175661671477625 -0.0746701872269513 0.0179556459085569 0.271007197861275
-0.212466492951119 -0.0455932465567951 0.149521472140744 0.381023453906742
-0.201265022362606 -0.0391915845989582 0.226313651341918 0.513350528788771
0.00773737252004957 -0.0314846389220049 -0.267834776450799 -0.418514211827014
-0.0265363285022132 -0.0313758073787768 -0.220822877217074 -0.312425185746828
0.00401119602085346 -0.00310115600476571 -0.0855304650328923 -0.237295226680424
0.0159996370643134 -0.00686138928557588 0.0943272758815893 -0.163465204277335
0.0279522627894175 0.00457384864678829 0.225677619129267 -0.0598730837727371
0.0309085504669912 -0.000265826196279855 0.144646417026455 0.180983972152311
0.0221008756006885 -0.0267921124389583 -0.0511836841475472 0.423314913438691
0.0153527818569706 -0.013582728158436 -0.237052418997492 0.475997066600703
0.0121868766648532 -0.0238258983718657 -0.319486246356513 0.431986659763471
0.0116382956822622 -0.008630779820036 -0.251791334754783 0.290318884965105
0.0187521973862672 0.0125541726923155 -0.187461507285423 0.160242439981833
0.00945786560123514 0.0242873176842993 -0.16154307419268 0.0411040971173681
0.0142779726986472 0.0177040932710347 -0.200837277853156 -0.0723377939920038
0.00886783964905579 -0.00424226744272587 -0.313840486318997 -0.00465009104338175
0.0263015023932202 -0.016804778050418 -0.524745909485564 0.139884197102
-0.177696678920781 -0.0193517121790172 -0.218686670534855 -0.438628931777011
-0.203854490560285 -0.0455264303079795 -0.189393403141194 -0.31717248391828
-0.184940329034528 -0.0423294603974888 -0.0525932419750158 -0.242898430902722
-0.16322453562726 -0.114129304956715 0.124349295746415 -0.153189930583847
-0.0929633128317914 -0.170075351623244 0.250941181906836 -0.0509335050641051
-0.0112433383359408 -0.200666197290754 0.170510705365886 0.170820561533377
0.0664535927160135 -0.244361540527625 -0.0417376324203275 0.399071661776261
0.11344161160233 -0.208399616936234 -0.212141636295493 0.442621511596773
0.118085775446109 -0.185900056569955 -0.30124247224246 0.414285946990626
0.0930340799357064 -0.139031289208583 -0.248292399851845 0.295010810909174
0.0614593676610422 -0.121759455299539 -0.193198624391547 0.187388812798529
0.0276746247126807 -0.108834955738818 -0.178853835017588 0.0557358469781781
-0.0136308212034459 -0.107444928326015 -0.230573437358729 -0.0553509557734897
-0.0803136902969575 -0.134936325738383 -0.332249377129507 0.0353663237192043
-0.113453919258581 -0.104516552216234 -0.516044756286519 0.179466102792887
-0.326028964293175 -0.0161626035427633 -0.107515867965916 -0.454257345871415
-0.34572061480932 -0.0763677922172357 -0.100080082862537 -0.329628223889023
-0.336838798886152 -0.102634541174974 0.0155961848536478 -0.248143021364875
-0.30275603113988 -0.235216196715063 0.16555062390861 -0.152057882455778
-0.180528708390752 -0.336758742483739 0.260975348527852 -0.0607325873726595
-0.0338337896543334 -0.375647142694601 0.181944383196149 0.115156011414681
0.109057289875024 -0.421994025222324 -0.0216332905057694 0.298859614976497
0.194424003466164 -0.372854928505746 -0.153435052726703 0.335471547609752
0.197956881481959 -0.338459793974945 -0.2398309923458 0.351682836079141
0.149409988354999 -0.28735472931396 -0.221164702388056 0.28963636945084
0.070071961270672 -0.288887520951008 -0.194418823745723 0.228532212104036
6.19745651367805E-05 -0.26867633661952 -0.210613872645783 0.0920216163359908
-0.0807223752209939 -0.236684900115005 -0.269163099674683 0.000958817172820036
-0.192011142648886 -0.242255916741014 -0.339126746926695 0.121512872398924
-0.248116544847148 -0.169742281763354 -0.465457778542048 0.259712764375798
-0.414843248321664 -0.0324063141795521 0.0514014204493192 -0.443003135403865
-0.423256458226912 -0.134397189352481 0.0346538082688653 -0.326860802292413
-0.41085251763687 -0.190973134132954 0.112017596731881 -0.231982902796686
-0.361592128372947 -0.361284605261565 0.215212623429081 -0.144724410519065
-0.199203187907259 -0.471014532665285 0.25916263270874 -0.0861788122520667
-0.0151263861862373 -0.491658815897303 0.186836515605265 0.0215901446030135
0.151726976323447 -0.526061298704867 0.0148389387789847 0.139953051670627
0.245791284694227 -0.484442298748705 -0.0692534741344872 0.171555719977923
0.233296540528732 -0.465149438266556 -0.151780686224855 0.233367141715079
0.150593385085882 -0.433814229322751 -0.17802808306312 0.243309748269877
0.0133270555541221 -0.455616471988513 -0.186377840544028 0.252607835625338
-0.101184460502689 -0.416170878759522 -0.234630724143066 0.148745478102235
-0.197923482707544 -0.326839846583369 -0.27838948685324 0.0956200076432769
-0.319295142533296 -0.291874910002815 -0.299708579032225 0.237008057999442
-0.364209840174468 -0.193790724688135 -0.362706359956657 0.358285655600261
-0.426841450870444 -0.0568454573298197 0.223382347128821 -0.40147713949463
-0.414735439417472 -0.195292923952795 0.182734822950574 -0.283729650010726
-0.382339093324414 -0.276202114117719 0.209269506267512 -0.170352394242513
-0.309947203790433 -0.444091729841218 0.258060001758884 -0.115805165782786
-0.134548484446366 -0.521409788897255 0.250986374915329 -0.112132137581817
0.0432715657750036 -0.511882969697215 0.198581678360655 -0.0851136319841474
0.185699669176156 -0.534903550234533 0.0756333525428543 -0.038528481861907
0.260049225928776 -0.521783704072845 0.0248149647390407 -0.0231935146553914
0.21753506463824 -0.53240905305777 -0.0638748873842121 0.061076453508619
0.0965030126201324 -0.521161198984434 -0.142657285716775 0.138891543011912
-0.0923287510482858 -0.541707257138836 -0.179380213074284 0.235211166568887
-0.2332402628956 -0.467434584106073 -0.233862232657166 0.203169804255695
-0.317158657176377 -0.330348131086147 -0.231853081439801 0.196638461902022
-0.418843001563381 -0.26711010271709 -0.197512135255211 0.343525486462178
-0.43295443798279 -0.174677436229067 -0.213358842648924 0.44649995929426
-0.371496882555915 -0.0748565192881602 0.376006462591087 -0.325419355781889
-0.330573059546498 -0.226005491530735 0.299217988768701 -0.197797892095887
-0.263171609555207 -0.30175005331356 0.265493432617877 -0.0693412341469917
-0.179809443105672 -0.426953804086646 0.270377403442897 -0.0648563722423696
-0.0333027526958599 -0.458969661053919 0.240184654732455 -0.124640951493537
0.101376718676555 -0.430900132007926 0.225559077853716 -0.172966545973363
0.193149641037571 -0.455081081506673 0.156446807016871 -0.196249646632442
0.235422241380044 -0.480633876876091 0.115314052052966 -0.218439645787488
0.167487378612092 -0.513082409658746 0.00010940102088516 -0.134167288201563
0.0259760033437631 -0.499967516539385 -0.135072521119644 0.00285722073123284
-0.175965440038042 -0.501533810525248 -0.191176557320045 0.184379922637037
-0.309431692522704 -0.402722821401049 -0.209117511530686 0.232007996253928
-0.364926875336596 -0.255547508969296 -0.142213101324695 0.262640220895268
-0.43937162085446 -0.189528999911244 -0.0593552799120337 0.401878939161848
-0.42943414039425 -0.129887627800817 -0.0422175721870149 0.503832310309095
-0.262429097677917 -0.0645718998116645 0.48443361822749 -0.232622534103157
-0.208109554618924 -0.194891643157967 0.358139973916996 -0.0968224919118848
-0.129057002636942 -0.244443841303331 0.261802201653954 0.0290946175425484
-0.0602007341314539 -0.310551771899967 0.245194226941714 -0.021044185593054
0.0350761343592113 -0.310386147896734 0.220535724524572 -0.123116701785218
0.116646447241044 -0.288886210034337 0.258746053095055 -0.221932521666501
0.161470141884146 -0.31690598268117 0.240924545890462 -0.307669408227173
0.174683446605442 -0.364927098680895 0.187540737123501 -0.379947027717808
0.104847888440378 -0.401407585275838 0.0317346822814923 -0.311049106270778
-0.0205651536954111 -0.379087951657544 -0.152463809013144 -0.122032906062256
-0.185915424606726 -0.362960337012854 -0.217022562590756 0.126750749282363
-0.281991052278642 -0.275149884092245 -0.177458564163995 0.232732606722725
-0.310272392038775 -0.154444297010958 -0.0487845499631608 0.282590552013611
-0.363030288282775 -0.106443386230915 0.0674598856218215 0.407881714414288
-0.349023252911965 -0.0785403382140033 0.11677002138221 0.52426468487075
-0.122270160125162 -0.0230092492591412 0.536622472631312 -0.155770996924609
-0.0960933910528405 -0.109335507735514 0.369957892322846 -0.0233683326496213
-0.0396888197795416 -0.133106114651462 0.226539882292867 0.0841910509455484
-0.0110117900331416 -0.158402206757123 0.20898263501173 -0.00460071962015815
0.0340350862951701 -0.149066414944917 0.197676399034412 -0.120401412859197
0.0741330514564966 -0.140990639178202 0.276012628610565 -0.241110231877291
0.0860399434019805 -0.154388040859481 0.304821342360179 -0.371174127147339
0.0853661720969642 -0.195784680943257 0.230929151060147 -0.486168780046886
0.0459287546486202 -0.220982381948225 0.0339704706261904 -0.430737551065364
-0.0242111628330018 -0.199763906934363 -0.177989168127041 -0.205141065635423
-0.122501264756285 -0.187078014416504 -0.245321279599455 0.0825392505196159
-0.172154907699152 -0.146467618651819 -0.153976582755182 0.216304223187136
-0.176748216462249 -0.0753476170655725 0.0183643599749518 0.27317978253798
-0.212476765069798 -0.0452328937190805 0.151675317400739 0.381641082363426
-0.20217023765883 -0.0393276418772164 0.23013116053235 0.51457905484871
0.00753789296011714 -0.0318141433139391 -0.271133921389757 -0.420873199031439
-0.0265763427043247 -0.0308837255995735 -0.223491117838593 -0.314222244899734
0.00406491239288968 -0.00302119896863437 -0.0871954869564047 -0.238912318302349
0.0159285343025192 -0.00748356924454465 0.0937478730946155 -0.165310003130184
0.0285693369768517 0.00430596874790521 0.225974377816591 -0.0600840431641587
0.030788811442776 -0.000357579942238544 0.146284456632374 0.182478210190104
0.021194455592877 -0.0268709207864861 -0.0500910836973894 0.423054294464483
0.0155318061914207 -0.0136289569320806 -0.237477400715988 0.477877889721362
0.0120259070726901 -0.0243404988072383 -0.319270365760901 0.433871349673115
0.0117390973796445 -0.00888532233960989 -0.252792103545236 0.292707087056018
0.0191133944985279 0.0118509807701649 -0.187824375642947 0.161067811134416
0.010092144220669 0.0245637916554501 -0.162129320008401 0.0421022534035994
0.0146956664207211 0.0172816643863004 -0.202041664400919 -0.0712688048252628
0.00875888088117194 -0.00425880657873762 -0.313877569446213 -0.00399651303131958
0.0263417900950963 -0.0176629965117589 -0.524430434120716 0.141776209940698
-0.178215429562424 -0.0189713162808758 -0.222171790907608 -0.441151197888572
-0.205331369480093 -0.0449767535731215 -0.191240487895573 -0.318419406404376
-0.185101020243298 -0.0415158116247387 -0.0536139516471235 -0.244166841781098
-0.164402713902875 -0.114218190700563 0.123746671663771 -0.154466946114038
-0.0935689662325133 -0.170139968021009 0.25175254352323 -0.0518865548843587
-0.0121052369409761 -0.201283417221932 0.171720815466007 0.172195049219539
0.0654571722323764 -0.245335084881829 -0.0409380405377364 0.401091891466659
0.113694007523532 -0.209529905327639 -0.213754464631196 0.443420076861923
0.117773555572183 -0.186941187909328 -0.3024740084382 0.415637304973578
0.0934691270751077 -0.139208463419725 -0.248667801454003 0.296053982933711
0.0613589026068136 -0.122817399913325 -0.192980912345558 0.188743098794371
0.0279700612269867 -0.109007090095423 -0.179680926760657 0.0565689643673373
-0.0138987845132112 -0.10833734454007 -0.231420662226029 -0.0534776218558317
-0.0812213982887782 -0.135033215057475 -0.332630188535905 0.0365454802341959
-0.113903228378029 -0.105155401766482 -0.51838956871676 0.18252934793985
-0.328241626595184 -0.0159426697311405 -0.110132918737444 -0.45542944948635
-0.348433934884615 -0.0753954219245864 -0.101536242456976 -0.33099394555703
-0.338045230101399 -0.102233313612459 0.0145291123824807 -0.249705888608255
-0.305557867284 -0.236304070704843 0.166424391814761 -0.153063088710652
-0.181460936920392 -0.337530405215684 0.261455059329147 -0.0613873002346999
-0.0354174482170048 -0.377251673591689 0.183647636090966 0.11586263880679
0.109193193861536 -0.424577354455659 -0.0213889347007151 0.301071176459121
0.19515909859392 -0.375535776659504 -0.154111331023364 0.335831976888497
0.198014639172629 -0.340537978219983 -0.2408109408734 0.353202146327521
0.14961125496591 -0.288436809244296 -0.221137709561108 0.289958157767609
0.0696474504388843 -0.28995874919486 -0.194444231349186 0.229194682749773
-0.000264164714055557 -0.269578043799821 -0.211471093247106 0.093003093996331
-0.0810106727368987 -0.238113002884928 -0.270472435595732 0.00333121509316678
-0.192672888601074 -0.242263705308122 -0.338809298268093 0.121886887429991
-0.249158688011183 -0.170303703048868 -0.466632746235816 0.262163318320917
-0.415570684325396 -0.0307237597691071 0.0477249359964555 -0.447028821100974
-0.425020957648828 -0.133385450394378 0.033243603195355 -0.328263285965817
-0.412347292995183 -0.191558613416751 0.111438885137094 -0.233885972922061
-0.363129143665039 -0.361508496394881 0.215640153365263 -0.14607040123251
-0.201755558153675 -0.472361089414146 0.260691172168637 -0.0870442369723352
-0.0164908648999181 -0.493250301541145 0.187778105321172 0.0218154821450651
0.151905453695988 -0.528134309111981 0.0143706045257405 0.141670804668571
0.246400469917947 -0.487343519945442 -0.0695616924353991 0.171748379673749
0.232198021661224 -0.467400983806061 -0.151487972200238 0.233540541204431
0.149942802933866 -0.435400353988577 -0.178139862115131 0.243578820281004
0.0114649767667944 -0.457408898126635 -0.186400760036268 0.253739998883009
-0.102368039473123 -0.417327603050665 -0.235869100120215 0.150189700223399
-0.199793962010099 -0.328941073369587 -0.279966089704666 0.0977637372024332
-0.32074487755867 -0.291860282995452 -0.29959856722203 0.238343421847543
-0.364744791514334 -0.192853380403133 -0.362503003626553 0.360502996329762
-0.429202897371723 -0.0557990925709371 0.221400852496246 -0.402474134732313
-0.417997366346593 -0.196066093230368 0.182266047652407 -0.285501840789527
-0.382288789410576 -0.277502061032996 0.209718509158212 -0.171566728598573
-0.311696161032173 -0.444693128263707 0.258945276802909 -0.116619970630506
-0.137972462643952 -0.523786864114355 0.253442090078127 -0.113340231556652
0.042840884624473 -0.51494940619534 0.200240305867316 -0.0856993726432566
0.184692057388733 -0.536364457319636 0.0753477554180882 -0.0378381711409407
0.25928326974742 -0.525133379984854 0.0243981080581536 -0.0238320211906447
0.216172731507998 -0.533558345266138 -0.0633399622988742 0.0606465431847081
0.0962209335596087 -0.522023966429604 -0.143094463935037 0.139085447828067
-0.094201866031491 -0.544047768573205 -0.179337990036167 0.236425954609339
-0.234314662030098 -0.468898337735512 -0.234897770390297 0.204433140511094
-0.319551893353605 -0.332363482416869 -0.2325658940258 0.199094939031404
-0.419859540204612 -0.267788426457007 -0.19617400494405 0.34397788236276
-0.434544431718385 -0.175239359923813 -0.213177046570966 0.447970651230437
-0.372801546513348 -0.0744726940777895 0.37473200099959 -0.327692699927039
-0.331368929365906 -0.226724397842032 0.298792035330635 -0.199177343552696
-0.264658370897813 -0.303092855516507 0.266553908479488 -0.0698309572578156
-0.180326516230933 -0.428879637346341 0.271477866602346 -0.0655212007032937
-0.0346168394256238 -0.45980295308172 0.242251467754988 -0.125467466230654
0.101852819387756 -0.432443006887461 0.226772170326113 -0.174080004747533
0.193756417590339 -0.457069276796775 0.156201069072904 -0.195951001495144
0.234641907974405 -0.483902766932749 0.114332172758606 -0.219481657528934
0.165986162804494 -0.51593098791826 -6.85052765841863E-05 -0.135697605853569
0.0262368312863328 -0.502537718098981 -0.136054851767291 0.0021962622289171
-0.17846990160183 -0.501342879308116 -0.190636847835639 0.184584402504848
-0.31113024916178 -0.404074261421429 -0.210286418173706 0.233804446926258
-0.366918463781509 -0.257099902809023 -0.142349194522673 0.265543186619286
-0.440756248623721 -0.190335708004715 -0.0581181327327043 0.402992183897313
-0.432454433848323 -0.13042606448963 -0.0407097635050224 0.507085564841449
-0.262933241349957 -0.0644041783307092 0.482539091183749 -0.234197405176707
-0.209685742409469 -0.19615651082614 0.358265936892325 -0.0985106948809202
-0.130270123999683 -0.245462951466007 0.263042963956681 0.0289370245835368
-0.0611848203601437 -0.311425219236991 0.246347131008149 -0.0212403372899627
0.033551873801976 -0.311332887612155 0.222510915061057 -0.123711779184599
0.116027113347911 -0.290412812557728 0.259714956916864 -0.223427138376099
0.161972465302092 -0.318051861020309 0.240768221013773 -0.309243674190999
0.173431373973679 -0.367735379583552 0.188724499520514 -0.3814401597222
0.104151211624258 -0.403149960734261 0.0307959629975313 -0.312761167077779
-0.0203805845817551 -0.381699022736491 -0.153179432966032 -0.123358997370729
-0.188825532951558 -0.364350163320457 -0.217682990847407 0.127078892233878
-0.283358851993523 -0.275066408521298 -0.178215211172908 0.234348532145896
-0.312460395428111 -0.155445829196382 -0.0476675650873913 0.285743285904078
-0.36443334116905 -0.105325691944038 0.0698275793137005 0.409239234391111
-0.350384868831012 -0.0793887918681463 0.119887898317372 0.526293020861636
-0.122708433467912 -0.0226233089940748 0.537207004928746 -0.158139839370907
-0.0965902596440578 -0.110285918823874 0.370734877169871 -0.0246344418986606
-0.0401122622212666 -0.133658868436062 0.227725811473819 0.0840103494441798
-0.0121255101195668 -0.158733840762471 0.209054722253847 -0.00527706506127161
0.0331168844037788 -0.14909776558711 0.198795315356794 -0.120987966200836
0.0739424461924471 -0.142191118462464 0.277427524816276 -0.24259936776003
0.0863392263566632 -0.154543402123686 0.304427918653968 -0.372712261538396
0.0845208749682663 -0.196439090429095 0.231884114883174 -0.486764361259601
0.045957884702495 -0.221717337355528 0.0336483813772845 -0.433133948231755
-0.023965168144479 -0.200773143482428 -0.179533625179655 -0.206536754708152
-0.123508026703958 -0.187472716112549 -0.245982602195734 0.0833076447861044
-0.173288600093506 -0.146897188035648 -0.154323265600016 0.217801875836348
-0.17692840726643 -0.0759007469938908 0.0189077409482165 0.27529012457823
-0.213448926699282 -0.0445092954285718 0.154480790709093 0.382740072720726
-0.202918950276996 -0.0393821177601279 0.233366646359189 0.516814604162146
0.00682717678969665 -0.032093943902759 -0.275126209760153 -0.421688307401441
-0.0274930938720573 -0.0300406103311347 -0.226924426104328 -0.315592197550932
0.00475607970740842 -0.00267583551925025 -0.0889835920172372 -0.240278617858969
0.0160022038553564 -0.00752816304703826 0.09326811869978 -0.167047582147165
0.0294902139283999 0.00446171292808664 0.226225798152374 -0.0616245617886343
0.0309375552892222 -0.000341659894318305 0.147841389918381 0.183310520789911
0.020641099728001 -0.0267599776673747 -0.0481153524474792 0.426818490504236
0.0153395526907392 -0.013354788674086 -0.236535884754143 0.479223466573029
0.0112569961609306 -0.0244334197311579 -0.319440770325688 0.436301830284598
0.011575670338168 -0.00878489502011371 -0.252461720323395 0.293399541707901
0.0194227276357555 0.0115236544789277 -0.187939914025145 0.162257942448028
0.0110063227464786 0.0241816830828945 -0.162739886266513 0.0432712169538018
0.014902366731052 0.0175214461227372 -0.20296731702898 -0.0706444573651563
0.00854548383720805 -0.00436981034793102 -0.314503784852454 -0.00248637515116384
0.0266037908480778 -0.0178886939629933 -0.526507112025879 0.144726432771795
-0.179148785709615 -0.0181312481084099 -0.226988602983427 -0.441406441630422
-0.20689340583975 -0.043414389998263 -0.194552285957938 -0.319703165481074
-0.185705890649964 -0.0408809158574109 -0.0559907281684332 -0.246153246608952
-0.165236532572818 -0.114362667243785 0.124260433350994 -0.156132432778897
-0.094045805390418 -0.171183390298513 0.252389983602124 -0.0527779056819675
-0.0125159789377217 -0.202115395222846 0.173649902211948 0.172853945677146
0.0641443408680353 -0.246945391874968 -0.0393647973485266 0.403238290226782
0.11283859000139 -0.21109924589582 -0.213594661740071 0.445488992397352
0.11690272930228 -0.188025105511509 -0.301257835476918 0.416927026086644
0.0936294711542838 -0.140210480457021 -0.250252575326649 0.297160932156533
0.06128733911875 -0.123793467877919 -0.193181008401727 0.189810632367433
0.0286442172843426 -0.109715396588331 -0.180956222941375 0.0575020076596602
-0.0137512299905588 -0.10926449078779 -0.23305618791701 -0.0523091868220513
-0.0824007789787906 -0.134861236852699 -0.332213111347122 0.0373469926479665
-0.114530557849001 -0.105657726698878 -0.519636720908228 0.185800588070665
-0.329775671889293 -0.0143590151599117 -0.114549336243072 -0.45746040063939
-0.350356158457187 -0.073902617236461 -0.10475231259145 -0.333184952483652
-0.338282489968885 -0.101247690631251 0.0124030629053866 -0.251809448815004
-0.308610735580669 -0.23541994731488 0.167292693232238 -0.1548808534091
-0.184486052112446 -0.338878563967985 0.263266102505836 -0.0627783913503763
-0.0360814890383412 -0.379160721007862 0.185568716776586 0.11618465456186
0.107146613156887 -0.426979270303916 -0.020138358541612 0.303427895307706
0.193620443461993 -0.379076365610508 -0.154197917400652 0.337538937961299
0.197816096161115 -0.342317369444024 -0.239174411569921 0.35414192338301
0.14975558332149 -0.289942266450605 -0.221968564029967 0.291008260955697
0.0687963888177963 -0.292193778299092 -0.194550070895396 0.230962482623825
-0.000285836150658607 -0.271445924744246 -0.213005758547543 0.0952840918857516
-0.0822172839441397 -0.239577227631686 -0.271555274960469 0.0055120754089133
-0.194452139510905 -0.243006643561301 -0.3390427381424 0.124219322671558
-0.251141606829379 -0.170780761732157 -0.466376045731662 0.264749958995431
-0.417600247311754 -0.0292348283769394 0.0450035473989243 -0.450658538346322
-0.427929399818987 -0.132389629562218 0.0313016651975301 -0.32989199430193
-0.41592076945167 -0.191365169155651 0.110472262015604 -0.236741411975194
-0.367040660506762 -0.362233368982315 0.216650259507789 -0.147890239539654
-0.204508999133212 -0.473334338264799 0.262412185675396 -0.0888659254887083
-0.0174967751697525 -0.494020345536254 0.189906146634749 0.0213116935430309
0.150421411045217 -0.531520414346577 0.0148728192192765 0.143276946049063
0.244230164751445 -0.490069994012823 -0.0693918606517036 0.172461734507407
0.231636818713534 -0.469577628713484 -0.150798848904673 0.23448614274693
0.150178542426233 -0.438842398907986 -0.178778997275242 0.244227164138908
0.0101566038311239 -0.46011103219258 -0.185836543067054 0.256060100078864
-0.103137260596166 -0.418594635170278 -0.236846933626052 0.151760375319764
-0.201068489190375 -0.330574050472161 -0.280681326390602 0.101164545091047
-0.322934658490409 -0.291600982513634 -0.297809601131256 0.239642031949113
-0.36854309632097 -0.19423816528959 -0.361153481288956 0.365172781445369
-0.430180025366342 -0.0541537089943355 0.219223904342443 -0.406946890364219
-0.421664473710553 -0.19461570278791 0.18071376500102 -0.287798156288107
-0.384536817494778 -0.277854819192584 0.210018665754317 -0.173740514710305
-0.316104036816625 -0.445900689629226 0.259838734159018 -0.118849033408557
-0.139759278499653 -0.526088395050486 0.255499923908205 -0.114212600234926
0.0411040388242647 -0.517070827709941 0.201427099856646 -0.0862392443066021
0.182810302666571 -0.539100725351596 0.0747801300140186 -0.0374091446002911
0.257992337508935 -0.528813287527006 0.0249145206300736 -0.0243186052042577
0.215688180287343 -0.53678060904722 -0.0633683657473309 0.0598610771164041
0.0974006081736673 -0.524753088860076 -0.14352818388146 0.139350378177923
-0.0968455735869054 -0.547389800599613 -0.17828257333321 0.237852808148588
-0.237458094209631 -0.4700420313376 -0.235717433653054 0.206865689110585
-0.322933529906985 -0.334033020064222 -0.232766558129725 0.203190040036259
-0.423057568557007 -0.267439554947402 -0.195197894547239 0.345945738287685
-0.435786220443839 -0.175174533749994 -0.210731771112409 0.450906647893192
-0.374790253705424 -0.0729988531728239 0.373833311741305 -0.332128959041561
-0.335142490638134 -0.225978391187893 0.298721115184054 -0.201648946045895
-0.267442985242042 -0.304403102233935 0.267926561450472 -0.0713721638111195
-0.184549467492065 -0.430985005298466 0.272107226782628 -0.0670410597312536
-0.0371903855927056 -0.462283959280625 0.243585267911509 -0.126773406783542
0.100017268146309 -0.435960091913253 0.22746138958078 -0.174724056929932
0.193060818836324 -0.459646503696006 0.155566841040475 -0.196669990078239
0.232535308891374 -0.487031750477784 0.114538406808602 -0.220439318671733
0.166479494305649 -0.518166171066064 -0.000754263489878119 -0.137408043199365
0.025013654728044 -0.505090245090728 -0.136515071391873 0.00226657157737766
-0.17991146097811 -0.503084084629443 -0.19012008382195 0.185686881712069
-0.314204520964492 -0.404790110050176 -0.210846874259686 0.236520056906086
-0.370312578626068 -0.257059440896296 -0.141286243445189 0.268652678480866
-0.443152913881618 -0.189411315366954 -0.0555361082258874 0.405105549117266
-0.434703036800416 -0.128608287713067 -0.0370087594056526 0.510274769611228
-0.264124381551382 -0.0635456916560752 0.48275695474378 -0.239287182339396
-0.211761257375002 -0.195758188917018 0.358741237946206 -0.101197395602794
-0.131856857347532 -0.24635808222834 0.264968053549419 0.0280915787858282
-0.0639918051967889 -0.311960676400693 0.247046015975107 -0.0219485747663581
0.0318873070911146 -0.312549320287639 0.223675529541877 -0.124336100154286
0.11586512409462 -0.291618501761515 0.259689303987264 -0.225962611203903
0.1620794304763 -0.318925556391268 0.239924856303903 -0.310653057801016
0.172183664872285 -0.369957021109991 0.187792874112999 -0.383586755484144
0.103271732537644 -0.407086729756913 0.0291889935459602 -0.315038868121106
-0.0207570772602338 -0.38364427969326 -0.154969468639517 -0.123832211161381
-0.191015978224515 -0.364621291326666 -0.2177339597796 0.128166070270696
-0.286382237235681 -0.276227488496145 -0.178418045778467 0.236939009370949
-0.315222578858241 -0.155426201117713 -0.0464859222162281 0.288702005523616
-0.366649304110169 -0.104174347579227 0.0727118838063044 0.41117054847161
-0.352861464860294 -0.0778171548956074 0.125110183443631 0.529527547724121
-0.123152417922093 -0.0227347907980407 0.538975800716322 -0.161739774813077
-0.0975837955034096 -0.110624560388988 0.371868820760688 -0.0266345454388051
-0.0407997444225585 -0.13426455496387 0.229470603563393 0.0839707513860047
-0.0128793168909855 -0.159758325698227 0.209887680069049 -0.00567265666622962
0.0319622132446285 -0.150052561889413 0.199645269004703 -0.121006624180744
0.0733292816483043 -0.142970338053844 0.276858048195999 -0.244614606192771
0.0864107400320155 -0.155195146559997 0.304964004925629 -0.375097062844381
0.0841152473584239 -0.197639307149615 0.23075264335729 -0.489397636785798
0.0447965005382802 -0.223202171927266 0.0311513258658573 -0.435398491015338
-0.0250081976231099 -0.202173733802288 -0.181112957656244 -0.207215954545775
-0.124860519099988 -0.187515154817597 -0.246546602202521 0.0844047598130927
-0.174849097644315 -0.146743274896298 -0.154759528636575 0.219963973739323
-0.17932127543232 -0.0756983970913562 0.0204601593398734 0.277594707227823
-0.214645133601143 -0.0435715134456339 0.157066298632405 0.38515784112253
-0.204134491056618 -0.0385959861037302 0.237887152793742 0.518464950032448
0.00695523856979494 -0.0327888095539703 -0.281542277988864 -0.423748639810317
-0.0276679309972329 -0.0296155459522045 -0.230702548531139 -0.316865155696033
0.00470313215772482 -0.00260716917817072 -0.091847793291607 -0.241465924004531
0.0163703232108199 -0.00784864277031793 0.0928627888442375 -0.1692153687984
0.0302106343758583 0.00404110822688227 0.227158226675391 -0.0632991299072544
0.0310684605587878 -0.000142235333816647 0.149809089728763 0.184398275008885
0.0199644344303595 -0.027139871644974 -0.0452404561899862 0.429538366995737
0.0150316279969354 -0.0136155405859257 -0.236375050374006 0.48426291455821
0.0108179127055743 -0.0246213888249822 -0.317264254592309 0.439322505990644
0.0114413112300538 -0.00913877287625895 -0.252567574486311 0.294516108921049
0.0195679648460095 0.0110521245573544 -0.188417758378485 0.163839660986904
0.0118807726902124 0.0239068286710124 -0.163296605883446 0.0452145366358266
0.0153658968156081 0.0167992890793522 -0.204645971358569 -0.0684965967008436
0.00860103153606467 -0.00388581779340946 -0.314657760726092 -0.00153898977883428
0.0267555184276859 -0.0186447322419632 -0.528847960006749 0.149770215341681
-0.180034379889148 -0.0172162822986471 -0.23224535988461 -0.443747462710624
-0.208667936729378 -0.042358662458913 -0.198566786119822 -0.320644182167755
-0.186421496145149 -0.0400830029519657 -0.0577702477640039 -0.247873386331578
-0.16733231501641 -0.113970075283063 0.123949606939216 -0.157749291726725
-0.0953168306774706 -0.171558954312609 0.253594942041626 -0.0549292658306506
-0.0135087520158587 -0.202747637032746 0.175662900366224 0.173329557770847
0.0633423784753645 -0.248811151590629 -0.0376053187401669 0.406533791482587
0.11204826215858 -0.212458285830005 -0.212977252084984 0.447853618045423
0.11609997473927 -0.189697305856687 -0.300310387816441 0.4194522660547
0.0934193607537265 -0.141381560270337 -0.249212582950749 0.299167890492217
0.0609495712033373 -0.125335017547551 -0.192709613877242 0.19238685607544
0.0290664678093362 -0.110924428831228 -0.181507551323311 0.0594954627910309
-0.0142068822377125 -0.110067098045067 -0.234456631311805 -0.0495681165774673
-0.0831353785954744 -0.134693066209889 -0.332989832610443 0.0393937573805445
-0.115898598202278 -0.105952205092759 -0.520529078151166 0.189036078454778
-0.330159636690136 -0.0123624689783517 -0.120504073383078 -0.4605310594689
-0.353518443953982 -0.0724635373156454 -0.107942917662173 -0.334124836335826
-0.341757742747262 -0.100224488395145 0.0110895258671961 -0.253238512477233
-0.311485237973036 -0.235419371843359 0.16680011745846 -0.156751560834026
-0.187370786533053 -0.341072578221518 0.265024945468021 -0.0648731332599481
-0.0380946741587234 -0.380892517926717 0.187654358045249 0.116331011211039
0.10602216024834 -0.429825908845748 -0.018689914021433 0.306265778525029
0.191978233469724 -0.380873829270243 -0.153281070751041 0.339525576614394
0.195997310256354 -0.345077136845424 -0.239617883325797 0.357796723557561
0.149724205640043 -0.292062674258085 -0.222002583885006 0.29267771666991
0.067336884143929 -0.294531145636075 -0.19351462076519 0.233663075480975
-0.0010489072679428 -0.272908485922075 -0.213778071629981 0.0969425670814865
-0.0842306247721783 -0.241054040431517 -0.273198796023497 0.00879046219584961
-0.196517600759765 -0.242588530925793 -0.33891325136879 0.125883995191026
-0.253320364800968 -0.170687719940218 -0.468011781170564 0.269095299119436
-0.419358681905506 -0.0272649218590861 0.039840385396664 -0.453522609444823
-0.432414451378938 -0.130994681876079 0.0283459772476694 -0.332644321981804
-0.417862063474161 -0.19005452229681 0.109748849464588 -0.237980863288218
-0.373128152228059 -0.362029770363567 0.217484735843943 -0.149857821563985
-0.208309516892624 -0.475025722982103 0.264304091660735 -0.0905943245248144
-0.020767025803263 -0.498081221657122 0.191826972791948 0.0209201004910025
0.149060047258865 -0.533904804893295 0.0149542834259461 0.144896665299997
0.242433677345576 -0.494626763702749 -0.0694733361030071 0.173386155824659
0.230151640059209 -0.47326220609427 -0.150872625064221 0.235332909626009
0.149399167003101 -0.441073793567492 -0.178441081930924 0.246098452293865
0.00766330358056842 -0.463263427702341 -0.184328662072944 0.258335489343777
-0.104947810398519 -0.420624954077095 -0.238282717159792 0.154577762912883
-0.205742444466765 -0.331509118631084 -0.281287856612228 0.105662695671338
-0.32631291642948 -0.292151074868056 -0.297132577021839 0.242313363565552
-0.370810719981519 -0.193232102268646 -0.361512645014103 0.368614179366284
-0.433164596455721 -0.0512742908558842 0.21646060461602 -0.410886577411983
-0.425617007600902 -0.193999703238202 0.179499187673616 -0.290716486351777
-0.389185769500974 -0.276299400160513 0.210310882412495 -0.176086664788147
-0.319817144610972 -0.446753185861551 0.260859478673858 -0.119690189417321
-0.143741517179806 -0.527684136049382 0.25677721006284 -0.115932755886294
0.0382132767391751 -0.519124337209189 0.203203566402105 -0.0878223485069131
0.181819639096486 -0.543329039632966 0.0742857349796324 -0.0362901796410925
0.255241117986685 -0.533285504438594 0.0239570201329287 -0.0245000941782991
0.213213687689143 -0.541498342988999 -0.0639286634583128 0.0598011187081445
0.0947560584291569 -0.528642893510967 -0.143841155602237 0.140305408161304
-0.0998752872535329 -0.54886602223416 -0.176913237118932 0.240187505047204
-0.241184272416751 -0.470917667135348 -0.235556942264951 0.209805776975725
-0.327261725632114 -0.335589534898345 -0.233049722633834 0.207722911278327
-0.426039897840522 -0.265906279075408 -0.193053299667305 0.348179960300763
-0.440665354227387 -0.173392509831586 -0.208302846636634 0.455442445846591
-0.376539848525623 -0.0695189727055596 0.372852544113419 -0.335413318931225
-0.33779155012892 -0.225919937155108 0.298758840743322 -0.204042959848375
-0.270466567179994 -0.305060326791099 0.269376817479199 -0.0727527925829273
-0.187221084213429 -0.431233056663631 0.273304363026367 -0.0690229918441401
-0.0416606044329808 -0.464183992700404 0.245343261168701 -0.128444114537284
0.0986749822141046 -0.438819219511291 0.228469867177364 -0.176880886759832
0.191903048318386 -0.462235577413486 0.154803468982988 -0.197576130004612
0.229869911936106 -0.49156035510151 0.113651135714191 -0.2223611343867
0.163275275206428 -0.522421811087922 -0.00180780917321738 -0.138792489392608
0.0224140698500257 -0.507031563050052 -0.13727927588191 0.00208628400281625
-0.185093620613084 -0.505048029575457 -0.189508930591937 0.18747116877076
-0.316978592885886 -0.406283729788294 -0.211339853323295 0.239418982261501
-0.373843323907092 -0.258442280985104 -0.141342860912738 0.273108379191961
-0.447484815718464 -0.186703057819369 -0.052189387349865 0.407353651312818
-0.436998313978738 -0.128440731275729 -0.0325309903333293 0.512644072861384
-0.265755459029925 -0.0622066242887736 0.483784175039746 -0.242691140997959
-0.214253339846147 -0.196161988046987 0.359210799168756 -0.103273641596525
-0.1334785003831 -0.247385863288101 0.266045202746327 0.0270935778710556
-0.0661638628683874 -0.31342491551079 0.248373113001134 -0.0230949675740989
0.0295947239478056 -0.313875830017331 0.225227795381489 -0.125630588296641
0.115145719240476 -0.294194442790825 0.260639682740719 -0.227519637174928
0.161602628958064 -0.32108337631122 0.24035465274596 -0.312392146078058
0.171160367079617 -0.372578293491181 0.185694468810403 -0.386933935969706
0.101655468797727 -0.409061476332526 0.0274724908202126 -0.316984078662974
-0.0227695771973856 -0.385420509158283 -0.156681892611393 -0.123822719785292
-0.194003289365834 -0.364770947614059 -0.217304355007662 0.129659967053925
-0.289702163304301 -0.275949399972501 -0.178422946543384 0.240432560759696
-0.317792287306141 -0.155303078004116 -0.0454194048780854 0.291639503448446
-0.368590639432027 -0.101439528468347 0.0763187984387719 0.412421997817205
-0.355433108059494 -0.0771369623158072 0.129383330366847 0.531227682826907
-0.123606106427289 -0.0222262707102945 0.539086561034038 -0.166352580665143
-0.0994699264055927 -0.110555330402383 0.373240733138078 -0.0285684681636524
-0.0419466356637212 -0.134668883299059 0.231160904072483 0.0827604774676745
-0.0137529767682333 -0.160207921418703 0.21158036325156 -0.00734390885375231
0.0309790836118891 -0.150807443342193 0.200728946537298 -0.122376073780512
0.0725696586359128 -0.14456556608284 0.277124305611996 -0.247103516045918
0.0866491554605725 -0.15589952950533 0.304783453614332 -0.377103627924081
0.0835994482543068 -0.199368366254877 0.231031070749705 -0.492223668113293
0.043398183458711 -0.225136570332893 0.0281152564007879 -0.436996594898158
-0.0258127184885087 -0.203516694995156 -0.183333869979988 -0.208118136361657
-0.127400261025729 -0.187828814007461 -0.247122784424164 0.0864254856488381
-0.176887355736054 -0.146904965556448 -0.154654079571547 0.222916783107945
-0.180645861125362 -0.0752299612454599 0.0227685860623025 0.280176036639667
-0.215679690734892 -0.0426087404259752 0.161736116335367 0.386726279662613
-0.205661560867354 -0.0378788724539409 0.245010808640051 0.520312502719204
0.00601214833099404 -0.032616334632321 -0.286763380590539 -0.42448205566692
-0.0280458741809645 -0.0289053171916165 -0.234783634022454 -0.317115518124359
0.00513791569639821 -0.00231864684965025 -0.0943463940186783 -0.243061814037281
0.0163948626615308 -0.00764291660705766 0.0923671172088022 -0.171400723119037
0.0308381928916617 0.00381103081694428 0.22728895539412 -0.0654403469532918
0.0311438843339313 -0.000461109126997507 0.152352164439626 0.184937570216149
0.0195661395489714 -0.0273856411376057 -0.0428478753132078 0.432625057303224
0.0152808795047471 -0.0136915052147825 -0.235144009273018 0.486980886629368
0.0101177077339555 -0.0247721815127377 -0.317044513041359 0.442482220201712
0.0114196881034613 -0.00924842911195653 -0.252320125158693 0.296363513587364
0.020172377857666 0.0107089109983362 -0.188464881963249 0.166372202864083
0.0125960802821667 0.0235785950981808 -0.164203305553423 0.0469543687330615
0.0156518974459077 0.0165552767777578 -0.206347652392452 -0.0670413303974716
0.00907459767185911 -0.00394730371348394 -0.316427740874749 0.000137770381070148
0.0273410946424268 -0.0192036600149355 -0.529049718685133 0.154189340922818
-0.181009499693679 -0.0157794108442058 -0.238996281746817 -0.446147372323716
-0.210098414179976 -0.0405043083436375 -0.203212307864464 -0.322441229314051
-0.187663683044968 -0.039047251057985 -0.060837202585736 -0.248926658890382
-0.169000931912459 -0.113730076716923 0.123112484697329 -0.160109573921176
-0.0970179887055431 -0.171589007325253 0.254622145104641 -0.0569451215244353
-0.0150816268784111 -0.203721978513923 0.178805100425695 0.173706538223573
0.0614057759807086 -0.250714793778694 -0.0344002838449736 0.409529165276524
0.110657437803145 -0.215206372317972 -0.210915098026982 0.451532414514052
0.114921250069238 -0.19174155207782 -0.299142307350609 0.423494143994076
0.0929613436651392 -0.142505583900768 -0.248011054509316 0.300404885123724
0.0603831038462369 -0.126878689389906 -0.192761737685937 0.194539249178226
0.0287439855279597 -0.111998958073134 -0.182173692663175 0.0616665411477469
-0.015152395528844 -0.111194051896272 -0.236010761188562 -0.0473542543057956
-0.0844006495764779 -0.134890482558797 -0.333942745952567 0.0412631333136255
-0.117194933729675 -0.105919844891792 -0.521593775217218 0.194553497420158
-0.33221495793506 -0.00997784075935855 -0.126243350511581 -0.463724050447171
-0.356258427123167 -0.0706919646296146 -0.112909749244595 -0.336475147780588
-0.34414571510308 -0.097514152730964 0.0090785871106363 -0.255780483731631
-0.315876082043621 -0.234314991445605 0.167423893626555 -0.159213191877053
-0.190163849900672 -0.341375798678879 0.266941729450514 -0.067435444911973
-0.0405784778609651 -0.382530144622359 0.190061183951195 0.116133627817636
0.103284722796121 -0.432953843359352 -0.0172966042505347 0.308314994180915
0.189800970407281 -0.385625326819803 -0.152555667645657 0.341692081907248
0.19409959187842 -0.348275942867067 -0.23787081336024 0.358734384279458
0.148276777054358 -0.294687500332286 -0.221193398501736 0.294626935307656
0.0652710265329091 -0.296901570763857 -0.192445222568116 0.236503552783982
-0.00190716519403507 -0.274792342474921 -0.214745509824582 0.0991233191250454
-0.0867263501405255 -0.242772275301352 -0.275062575296858 0.0120071898916553
-0.199714533016515 -0.242613093319099 -0.339429478296279 0.128813118006373
-0.255865489130154 -0.170279890319552 -0.466866913422595 0.275149771024321
-0.420964916958179 -0.0232367794139045 0.0352381176821486 -0.458102904310438
-0.436716800994606 -0.128038481632424 0.0257909496136357 -0.334500780716223
-0.421333631956636 -0.189173085220193 0.108049674789074 -0.240275839030557
-0.378213172089954 -0.361907091711024 0.218072319420284 -0.152413824352163
-0.214024743192963 -0.476465604403359 0.265973049842709 -0.0925182935043392
-0.023322287148839 -0.500617848071377 0.193305265217846 0.0192078185237994
0.145719540906584 -0.537688950160609 0.0157481538733787 0.146545153338682
0.239421849744753 -0.498882853074826 -0.0693571478021449 0.174403182181401
0.227012994628043 -0.477135899553995 -0.149499165093053 0.235956060041973
0.146920063256944 -0.444951062436585 -0.178267897238906 0.248011618406264
0.0040909974169202 -0.465863609652109 -0.183041508058568 0.261004702978389
-0.108975247806448 -0.42314629957163 -0.238472759356393 0.157301534742106
-0.209298759486134 -0.332633712949385 -0.282560405098192 0.109002739509745
-0.329472583011468 -0.290644552144281 -0.296269544067441 0.244695435425487
-0.374135216585401 -0.19354200082408 -0.360259534488437 0.373458067579817
-0.436685580575081 -0.0480736310559587 0.212347231790922 -0.416091472026238
-0.42993980669878 -0.193173284640359 0.17780982484795 -0.292808720669352
-0.392786852749839 -0.276166027107349 0.210038147199282 -0.17878401878361
-0.326317258042559 -0.448323649670285 0.261699820803333 -0.122450594930638
-0.14940205014544 -0.530357040261804 0.259390784466927 -0.118825838933565
0.0368668113349485 -0.523124580182099 0.204137218134782 -0.0897516539576592
0.180558933411101 -0.547059722113459 0.0738151711270232 -0.0364402047287238
0.252397234193547 -0.539008545126828 0.0236038531002467 -0.0249366102743186
0.211313993201294 -0.547318492454704 -0.0638275807994192 0.0597074797233959
0.0922384951138753 -0.532737613964577 -0.144039807897917 0.141624442059585
-0.105920087145066 -0.551871333937376 -0.175612361341296 0.243130570190712
-0.245427277534912 -0.473874820231862 -0.237179060746445 0.213577509155295
-0.331381728784504 -0.336300184484399 -0.233396057417643 0.212280699207038
-0.430560823572929 -0.264686720754145 -0.190622552941615 0.351285674139933
-0.443182552141557 -0.171681847841382 -0.206415460354007 0.460860700250439
-0.37863489873882 -0.0668694424189628 0.371017423759144 -0.342184546610348
-0.342361383511644 -0.225716622713998 0.298197836164306 -0.208057515404861
-0.274239963471118 -0.30418285320657 0.269631019049899 -0.075552680142874
-0.194345126844693 -0.432339968024177 0.274571195775203 -0.071342471025763
-0.0441717283659683 -0.46759913137751 0.24663164149113 -0.131048223631556
0.0962714162438549 -0.440911616580986 0.229004319462812 -0.179978626701046
0.191243250528333 -0.465651358562217 0.153400975352906 -0.19893237871035
0.22755592028778 -0.496017359752902 0.112020716899336 -0.223922330818906
0.161263521117865 -0.527194349343725 -0.00318159560927331 -0.140605251833934
0.0199937504082762 -0.511235618238936 -0.138847081181788 0.00309031177562945
-0.19071735147427 -0.507147368605327 -0.18858345964311 0.189966542318081
-0.321495019320826 -0.407187939309233 -0.211151743868639 0.243108600434683
-0.378407839999372 -0.25769945973628 -0.139473843467151 0.278033400597111
-0.450892457286501 -0.185742757076982 -0.0490854755318197 0.40904733762574
-0.441309647800252 -0.126662190681284 -0.0270498723320905 0.517761789046426
-0.267248490575008 -0.0597958162547335 0.482971411893409 -0.24833563391743
-0.217721412012641 -0.195668096017654 0.360053048099195 -0.107036862951641
-0.136382717800437 -0.247985645079085 0.268563093543969 0.025015252990805
-0.0702344420182661 -0.314666862699331 0.249195610215891 -0.0248854439118237
0.0269027811201177 -0.316137543291315 0.226317158230469 -0.12764982360954
0.113789419090072 -0.296466586841824 0.260338026902051 -0.230910270395987
0.160378006484642 -0.323578473870381 0.237816854740333 -0.314949924712654
0.169197411135783 -0.375487820927704 0.184537333983258 -0.389244845317848
0.0984579899251598 -0.412864293866722 0.0243061940319325 -0.320093274067023
-0.025912881153318 -0.388527689467085 -0.158859154879494 -0.123897245979596
-0.198729798633795 -0.365863361684007 -0.217151069278286 0.132262588054872
-0.293781645529164 -0.275796230204252 -0.178206064135702 0.243254059414745
-0.321583473682939 -0.154178722751831 -0.0435906919798456 0.295223005872956
-0.371711842081425 -0.100142986388021 0.081658529305803 0.415034978060353
-0.358701121658101 -0.075164409233212 0.136105474804803 0.533996353020311
-0.124573343082392 -0.0210586293952817 0.540483239338637 -0.17053015687114
-0.10106113629686 -0.110805595398059 0.373834929897255 -0.0318700773497293
-0.0435240972566801 -0.135554214009576 0.233501186274495 0.0819864142128725
-0.0162187995315943 -0.160454296329955 0.21213386872204 -0.00839951375095918
0.0301239760210265 -0.151303739266977 0.201869453052977 -0.124210290529697
0.0720332787381276 -0.145687725831527 0.278118982902176 -0.249971157245213
0.0864596509966058 -0.156648733972975 0.303763490044348 -0.381999263384314
0.0823105765488881 -0.200967064357412 0.228021233106131 -0.496601757598128
0.0424911998274287 -0.227155183520928 0.0252619697833323 -0.441198098418099
-0.0273796323822597 -0.20430650114364 -0.186285497870502 -0.208424844286537
-0.129510735223967 -0.187878946678591 -0.24786446565132 0.0886644684708505
-0.179078446194638 -0.146500278389005 -0.153669255561157 0.225607323912311
-0.183054446359477 -0.0747598606532007 0.0254723206496152 0.282754909948356
-0.216815703831148 -0.0408194334376345 0.16718061948655 0.38806941908073
-0.207617694035808 -0.0368456270425459 0.252312580653257 0.521620123297515
0.00586106924349506 -0.0330031616432621 -0.295168640274789 -0.424251816354286
-0.0285935861935917 -0.0276492150127095 -0.241168277509389 -0.317945401434679
0.00535504058092698 -0.00193736850061416 -0.0983423605253747 -0.243512877760597
0.016200011798552 -0.00819161651717644 0.0905240375678803 -0.173496520301253
0.031664029588281 0.00379673958486903 0.227456860686908 -0.067755439405631
0.0317193625970191 -0.000604308754611578 0.155319745381941 0.185845294458072
0.0185153910369469 -0.0275163651008057 -0.0386808743722594 0.434468102742982
0.0150072705578469 -0.013668903864614 -0.232143496045474 0.491171685155027
0.00893469318626954 -0.0248275708593613 -0.3144412032987 0.447420805783405
0.0110612428277695 -0.00960119603984801 -0.251322604917181 0.300156455527474
0.0201646458134835 0.00996948701326607 -0.188335734304899 0.169145148692335
0.0132120212691453 0.0231267700169283 -0.164921885485276 0.049445800023142
0.0159410089432096 0.0163831156329527 -0.208346691349139 -0.0646731240575956
0.00932739047248163 -0.0035989650603219 -0.31662790362386 0.00317605298278033
0.0275316988886542 -0.0198496350718899 -0.52914875055762 0.161649540477432
-0.182048355891144 -0.0141300215847547 -0.246948870602719 -0.44713151241419
-0.212462881582887 -0.0379326785589405 -0.208384157949461 -0.322729397639953
-0.188447774502522 -0.0372491724188333 -0.0643643755102608 -0.25031399342114
-0.171160343907762 -0.112958830155617 0.123317605244588 -0.162831877380146
-0.0990363389560451 -0.171675269540011 0.256064742017606 -0.0596764750224256
-0.0170117901220199 -0.204714530770194 0.182324392021295 0.173821683880956
0.0587354179976724 -0.252100632741366 -0.0303542988852527 0.412595968286274
0.108664098437246 -0.217143688754218 -0.209233516255892 0.456111831193639
0.113434624041839 -0.193404123899986 -0.297160871408141 0.427056842702981
0.0920969216209531 -0.143996394489875 -0.247460104964572 0.304409100790905
0.0597318639873434 -0.128277814248053 -0.191836864308438 0.19774632505447
0.028255389994287 -0.113364797302882 -0.182484884386548 0.0642582509453453
-0.0159587250446791 -0.112336519443905 -0.237787196025908 -0.0440569550798043
-0.086166984762915 -0.134390034351154 -0.333982999882395 0.0444303912487694
-0.118637266108751 -0.106176020528113 -0.522195437234017 0.201850369128197
-0.334238159710967 -0.00768931285666051 -0.133817242769372 -0.465421555557387
-0.359152792839916 -0.0663099538711277 -0.117345347246197 -0.337794769079682
-0.345561792157601 -0.0958941317781411 0.00557608056632588 -0.257081686203149
-0.32047531031993 -0.23258387791568 0.167151776987189 -0.161980131229571
-0.194998536937848 -0.34056018024048 0.26784551801132 -0.0703281656543306
-0.0438345879763791 -0.384305622401995 0.19271991993602 0.115265025370754
0.099740173723932 -0.437069187671353 -0.0141685674758664 0.310869100872544
0.186936787193611 -0.389142719492543 -0.150777845258787 0.3452264513114
0.192569459097166 -0.351342360485049 -0.235131182583035 0.361439669842793
0.146499419518982 -0.297645628579272 -0.220024802711959 0.29812195767044
0.0629863600450227 -0.299219438715751 -0.191160918317234 0.239448213642738
-0.00453425998869898 -0.276912728847501 -0.215709320486299 0.103071410297679
-0.0890330513124342 -0.244048300885627 -0.276462993697398 0.0160260706194812
-0.2031621030298 -0.24229580783145 -0.339161384867181 0.132966876410422
-0.25904644576949 -0.169336569142819 -0.466094020587823 0.282002845861888
-0.422463550384792 -0.0189834220683068 0.0292166424543453 -0.461109661626888
-0.440630008348676 -0.124792194463269 0.0216988483869563 -0.337305247219502
-0.425096320701318 -0.184908954671165 0.106700514193277 -0.243341652232145
-0.384154721140181 -0.361030833281652 0.217564343833272 -0.155135980211679
-0.219615664449376 -0.477289115296619 0.267123099261675 -0.0963568387200976
-0.0269458363217117 -0.503943392975351 0.195575491800424 0.0180333854855003
0.140341364436725 -0.542021991076435 0.0170511244041708 0.14848631471224
0.236118775994593 -0.504986613970136 -0.0682951284386806 0.175834854608812
0.224560268856539 -0.48318509716136 -0.14843574828566 0.238213886061164
0.145153255968951 -0.4492400821744 -0.177748810831655 0.25013778786116
-0.00209883477637681 -0.469353728187655 -0.1808995010773 0.264661317188275
-0.111904754498267 -0.42404733050544 -0.239025115670339 0.160654233995202
-0.213192659496166 -0.333570074455128 -0.283718404146425 0.11370884422862
-0.333650355498818 -0.28900723042839 -0.29514700087942 0.248969146618204
-0.377980411382868 -0.190925271392904 -0.357010752641417 0.379792728049161
-0.438054686274527 -0.0433612069753835 0.207316685911633 -0.422593847189455
-0.433888375645978 -0.188152328676994 0.174974518655635 -0.297204896906355
-0.398059222344889 -0.274616941059879 0.209082336945403 -0.181860338004353
-0.333284588598195 -0.447115470393002 0.262071813305441 -0.126377017626463
-0.155677653511511 -0.532635500563334 0.259982552343962 -0.122454809257911
0.0321946220835377 -0.525067343719547 0.205393204475019 -0.0919560946271357
0.175771455577869 -0.552252155699673 0.0736490444578158 -0.0361000122557223
0.247414322048529 -0.543287192985083 0.0230991483084599 -0.0256920178745608
0.206881828103281 -0.551155665246041 -0.063624492497479 0.0593732629322899
0.0884972828444914 -0.536657349127136 -0.144283823902602 0.143136068806807
-0.112211018688917 -0.554298953056424 -0.173321359589473 0.245658195473838
-0.250492361390409 -0.473574166632579 -0.236763107507795 0.217262820154648
-0.335554852652359 -0.335805457648389 -0.232659861794017 0.217252784034223
-0.435146261884737 -0.261946173329903 -0.187537362153014 0.354531926871817
-0.448321306212978 -0.169338953506352 -0.200928174674883 0.465778200917928
-0.381922800989198 -0.0633459619576058 0.367851246641345 -0.347320005909639
-0.34641997657006 -0.22321475743654 0.296904416724443 -0.211775172907254
-0.278339328816225 -0.304021645082041 0.270762644734263 -0.07909642283278
-0.199543330056108 -0.432410233729603 0.275501055685613 -0.0747193395525823
-0.0492581391465814 -0.46936031721384 0.247479921354637 -0.133867208936179
0.0930146095722394 -0.443835684005195 0.22966982732196 -0.183198554932492
0.187993783531699 -0.470044436065932 0.152553739050454 -0.199812542972533
0.223590529177699 -0.501608753694135 0.110468105302686 -0.225985988036232
0.155896180200373 -0.532014098299628 -0.00475098167988564 -0.141805906857708
0.0159889220774103 -0.513967385231121 -0.139659219398075 0.00370237086171854
-0.197219620367 -0.507332678033082 -0.186215185833562 0.192427534182046
-0.327687884535197 -0.405333973842204 -0.21070742980079 0.247465816703356
-0.384018412161331 -0.256296216282298 -0.137835198807364 0.282117275461322
-0.453434396779099 -0.180252105252492 -0.0443906070255066 0.411259195656855
-0.445107544708045 -0.122557442228995 -0.0211077692226003 0.519826899411598
-0.269259682273199 -0.0577778076804871 0.481815679725321 -0.253710604183697
-0.220675646693372 -0.195021733433095 0.360015862603226 -0.110571775806674
-0.139136844164144 -0.248314093624665 0.270610522934735 0.0227552412058993
-0.073202406070094 -0.315084724398724 0.251107696122973 -0.0276975060492348
0.0243329643184057 -0.317884437474102 0.22717592243908 -0.13053112538866
0.111721580274953 -0.299508765455819 0.260022776119069 -0.23412289144876
0.159763674647271 -0.325654546022125 0.236137416323993 -0.316519681303355
0.166344173908857 -0.380241426899421 0.181975480841901 -0.392644309241127
0.0953907290301686 -0.416089144727088 0.0211149879847429 -0.322212095332747
-0.0293183371446164 -0.390216172928678 -0.161462221535762 -0.123657584157764
-0.203486511597994 -0.366168003442717 -0.216125049288046 0.134512750748184
-0.297410449287203 -0.274191782268775 -0.177323428537227 0.246872503106348
-0.32533545543721 -0.152946305522729 -0.039701864865776 0.299248816702811
-0.374058030874483 -0.097170323430584 0.0866572131998412 0.415886604322994
-0.361138328130819 -0.0726858017648984 0.143468440258902 0.53682921602438
-0.124791380450517 -0.0199716178447613 0.539743145609917 -0.177093543418793
-0.103293119743237 -0.110814282127984 0.376218407644895 -0.0359221734512659
-0.0451694815158727 -0.135871374272089 0.236216237555296 0.0799554534434947
-0.0178443041992247 -0.161082084955343 0.212903133949006 -0.0111039198593073
0.027891237576772 -0.152452750361613 0.202008814869506 -0.126815800919933
0.0710307369898273 -0.147410576870256 0.276694829320199 -0.25443088168183
0.0862972859043196 -0.15812316467634 0.302275871753429 -0.385812031296986
0.0802106837397462 -0.202671983515782 0.225478973371289 -0.499266415751354
0.039622098031575 -0.228784354247149 0.0214140275653801 -0.443102129819504
-0.0293794293519803 -0.205885312889161 -0.189562258405801 -0.208650683614605
-0.132391448989413 -0.187175122496129 -0.247450959895144 0.0907392276078973
-0.181596314640049 -0.14497913093042 -0.153055714500757 0.228841597023401
-0.185426404814872 -0.0737213121503671 0.028363584867809 0.285054986725238
-0.218311622941351 -0.0389452707677902 0.172455945155065 0.388749419578688
-0.2094366514439 -0.0353609623383498 0.260598608722339 0.522377610510687
0.00473043268766927 -0.0332929129847192 -0.302320093183301 -0.424798794788876
-0.0286840958550426 -0.0270596354681783 -0.247321375622055 -0.317540370101102
0.00624180902126952 -0.0021498927197738 -0.103151693606821 -0.244406933381017
0.0165467323984986 -0.00833738556774959 0.0891607071583249 -0.175914743688543
0.031957469067204 0.0030990645697929 0.227515634287587 -0.0704569317106319
0.0313866862240667 -0.000888408627971817 0.158661280559047 0.185374351237093
0.0176820640219955 -0.0273228590977922 -0.0344057859871681 0.437809272469846
0.0149552411843402 -0.0135269807593628 -0.229342338659663 0.495571835026843
0.00819801439441166 -0.0253911935460508 -0.311585480642343 0.450969945296903
0.0112765766620867 -0.0096267729157638 -0.248417015559513 0.302384053736104
0.0203659273153495 0.00909600646393603 -0.186684023507442 0.172424201732742
0.0142904419886224 0.0229493869758002 -0.164893863183555 0.0519766732207479
0.0169261165978032 0.0156107447495552 -0.210307821004825 -0.0621039185064383
0.00944515709758856 -0.0038957748617818 -0.317968872794164 0.00718264182386445
0.0275212475418411 -0.0208363399536944 -0.530432264139767 0.168348337887803
-0.18339752243268 -0.0119899285943841 -0.254295000062473 -0.447286670948625
-0.213695321459641 -0.0357297707129939 -0.214568712601501 -0.322645246355955
-0.189218947499267 -0.0352848966879615 -0.0679702736784954 -0.251348941136167
-0.173557143334097 -0.111599845553555 0.121717260635522 -0.165182777442456
-0.10090972370699 -0.172165709855149 0.256661297036905 -0.0630224150043067
-0.018852765780339 -0.205366420325512 0.185390173644322 0.172956191666287
0.0560770460930812 -0.254396736973469 -0.026259853672306 0.415292093624646
0.106792518493004 -0.219142639077744 -0.204958853843999 0.459739742961231
0.111359056303518 -0.195454490939747 -0.293344412218856 0.432753295991188
0.0909698816675152 -0.145909612785121 -0.245294255303649 0.307181873826303
0.0581588136510897 -0.129840914014962 -0.190038029557692 0.20102093155773
0.0277280004444821 -0.114155640510282 -0.183425374709054 0.0671677602087586
-0.017122381208325 -0.113130260041948 -0.239969209885034 -0.0410394606754533
-0.0881651495766116 -0.133988586154512 -0.334614093728376 0.0481016137830738
-0.12062931734735 -0.105699782066999 -0.520795915398773 0.209397564742906
-0.335329137002425 -0.00255325886169922 -0.140922370725673 -0.466521147927223
-0.362543412011544 -0.0620296156824934 -0.122525178450759 -0.339137218975584
-0.348481939062435 -0.0926801659731183 0.00214212101886597 -0.259444745408405
-0.324516628424787 -0.230077608339194 0.1662282971295 -0.164421643790653
-0.200415647385415 -0.340665776185073 0.269733559155092 -0.074179016320883
-0.0483269025108059 -0.386247870484765 0.195719387712195 0.113827353622545
0.0944435240197874 -0.439982930664191 -0.0111578196038461 0.313518900291392
0.183395653605563 -0.393355007332278 -0.148454032964221 0.347262630814909
0.190070225666232 -0.355808753128704 -0.232899660382477 0.366080611469898
0.144160130450024 -0.300048741544239 -0.218305933731597 0.300865795941262
0.059918626679273 -0.301422170560893 -0.189536313804855 0.24316769693588
-0.00672924746985086 -0.278419861425454 -0.215617449467244 0.105350884354818
-0.0923396635907529 -0.244410067223041 -0.277626104639884 0.0206486987407323
-0.207325491549523 -0.240233479930224 -0.337377146386783 0.136181999242416
-0.262346330597762 -0.16795921702736 -0.464585641798415 0.289196078721272
-0.425645661700651 -0.0133528142239526 0.0217651881345003 -0.464432534684917
-0.444400768040577 -0.118704642055934 0.0167584938860216 -0.339607007217813
-0.429986210944415 -0.1826185472002 0.103906902704948 -0.245806514536142
-0.39044204886436 -0.358617839502996 0.217492707855795 -0.158390462658052
-0.225584219054994 -0.478168217374504 0.269037677995203 -0.0998096277701121
-0.0324955155962242 -0.50590324720839 0.197523494969127 0.0160732056147571
0.135818965034798 -0.546627133662333 0.0183978086789057 0.149913639870431
0.231328551397322 -0.510316472802415 -0.0672282948073661 0.176605938898886
0.220982914501576 -0.487454849197041 -0.146593514495365 0.240143514132142
0.140841849355449 -0.451936385708624 -0.175991340450175 0.25265509334947
-0.00631839268878822 -0.469586906703253 -0.178030745457175 0.267813314676228
-0.117376812031711 -0.425943190307678 -0.238792676290691 0.165354765494612
-0.219691631479642 -0.333586774560816 -0.283278080808269 0.119398835877264
-0.338945492795125 -0.286972363621311 -0.292949245250473 0.253099306966982
-0.382434048135623 -0.188346441734125 -0.35403873435746 0.38661828846235
-0.439557898635033 -0.0384705405775336 0.201461059014222 -0.426678154612154
-0.439085511579118 -0.184678883456246 0.17101970698361 -0.301201130438271
-0.402790630901873 -0.272123529749507 0.208080570661925 -0.18480467705434
-0.339723291698934 -0.445169809757416 0.261755281178492 -0.12995643716164
-0.16153775508317 -0.532839121137832 0.26069597074402 -0.125749581778789
0.0256917285997353 -0.527868775006936 0.206304247433217 -0.0950653593851084
0.172165328343227 -0.557313106598899 0.0733686200125807 -0.0355822571806372
0.243165288780013 -0.548830903512682 0.022688512341299 -0.0262218615338411
0.202694641227653 -0.556517037236794 -0.0636658709296503 0.0598018390646147
0.0828548658817989 -0.540197504440148 -0.143811660425531 0.145125664359584
-0.119055146009617 -0.555834201661753 -0.171109270141989 0.24883255693149
-0.256392127858418 -0.473585508481062 -0.235934717911665 0.222197679101939
-0.343011281613959 -0.333834684180509 -0.230750058478778 0.222285070546953
-0.440505479844796 -0.257570707293515 -0.183326883445001 0.357594377785269
-0.451062075355393 -0.166301601839176 -0.195399848769581 0.470661149475224
-0.38381692575623 -0.0595325509899455 0.363022143706505 -0.354300044699029
-0.351209266605345 -0.221250878675216 0.294769643304336 -0.215966955982348
-0.283216767691747 -0.303344652276338 0.271816902933624 -0.0821333499136162
-0.205514888084289 -0.432743024414138 0.27551128567613 -0.0774241756680394
-0.0557067721046008 -0.471247063759286 0.248112835076883 -0.13680523065741
0.0902898299106961 -0.448716464605939 0.229842083842748 -0.186274095971351
0.184414514939207 -0.474501845312479 0.150720224064223 -0.202025058750456
0.219555532334263 -0.506680746855037 0.108428754765364 -0.228619007591383
0.15101051531161 -0.536253417700322 -0.00715605218714957 -0.14385765989737
0.0105398927899316 -0.517066251738574 -0.141025945702027 0.00487403416954179
-0.204357985529857 -0.508604010345403 -0.185162074108312 0.19538793100535
-0.332544523821949 -0.405078909071003 -0.209526484034375 0.251553552886014
-0.389572029352764 -0.252279320455855 -0.134505500875819 0.286127146079926
-0.457915882605789 -0.17761414018772 -0.0393546776496513 0.413550378502272
-0.448226753660337 -0.117786683943752 -0.0130703592463745 0.522799002733025
-0.271102209047917 -0.0546422000906772 0.479604432264126 -0.260937462404998
-0.224627829530581 -0.193867619865012 0.36027215026449 -0.115277741899416
-0.142524848208037 -0.247982001124502 0.272561013627878 0.0197546899054193
-0.0780252125067051 -0.315728405808046 0.251952669335219 -0.0304641032803824
0.0203564304722968 -0.319090909140724 0.227135365887157 -0.132965215393006
0.109088583128752 -0.302329301547357 0.259159723003269 -0.238335605325114
0.157343673746404 -0.328923547384011 0.233887091857879 -0.321543232799142
0.162032513035708 -0.383517048554951 0.178259672318475 -0.396283950069321
0.0911966594199191 -0.418717160323831 0.0172868408778358 -0.324999561704459
-0.0335046962141788 -0.393534821779686 -0.163834493460211 -0.122745180962779
-0.20992327460927 -0.366131995466821 -0.215415332733438 0.137341773192022
-0.302650549544805 -0.273071725993208 -0.175942873852306 0.251078926928458
-0.329617838164457 -0.15073479324622 -0.0370279214913316 0.302434013750836
-0.37617136340145 -0.092919503729738 0.0927532857681462 0.416845733832592
-0.363654998309192 -0.0690808047684115 0.152552831327485 0.537260177861531
-0.12620505441463 -0.0188577972268807 0.539208512504076 -0.184465902330552
-0.105423611687984 -0.110294800726139 0.376511933408549 -0.0408028711794837
-0.0471782196342889 -0.13634941236986 0.238597105560711 0.0776461174710201
-0.0197551837522993 -0.161194512439383 0.214556338530312 -0.0134731606025237
0.0257590190638181 -0.15312103297369 0.202512149312673 -0.129409634433482
0.0695593192306227 -0.148936293524998 0.275408694989385 -0.258153712378502
0.0854056325954539 -0.158883309244944 0.297948135425404 -0.389865274627342
0.0781807092959326 -0.204027509367423 0.221052880236566 -0.506069499986652
0.0371948429441075 -0.230063581318316 0.0153181864201245 -0.445441349503107
-0.0317224880681289 -0.206519082002877 -0.193221515499277 -0.207598909967706
-0.135081497480371 -0.186753245725174 -0.247227121041209 0.0939683928907565
-0.184299955747414 -0.143964385423769 -0.151118472728843 0.232498678960507
-0.18755130372386 -0.0721104080240731 0.0320221267727425 0.287399271859034
-0.21957737042324 -0.0367314246288215 0.178657428725889 0.388924475992519
-0.210755733140842 -0.0335087631955766 0.269972310424766 0.521920103280021
0.00451346416839882 -0.0335446452094814 -0.309593429603754 -0.422048840770796
-0.029109210255246 -0.0259137398368457 -0.253904799310789 -0.316691049082214
0.00725656566151164 -0.00147475375347835 -0.107308187289624 -0.245155936293397
0.0171068578604805 -0.00869883899858365 0.0868886685473093 -0.178498600599478
0.0330127358258011 0.00241838171646632 0.227016876141731 -0.0733695178594889
0.0323988268254509 -0.00117519933058168 0.1621849703021 0.184351114782559
0.0173058416937594 -0.0273716880207082 -0.0277698680888793 0.439513096826854
0.0147768128865075 -0.0139725996947852 -0.223770037358873 0.498434272940493
0.00762447267312683 -0.0254761559909372 -0.30627763210936 0.456840390987627
0.0106887520729467 -0.00978190744225576 -0.245667657409495 0.306906937887081
0.0204183066483912 0.0084530326631666 -0.185747204491649 0.175237110406059
0.0149341695903795 0.0222510504317982 -0.165351497372159 0.0552328545747865
0.0174398717204919 0.0155649360400741 -0.21155200074212 -0.059293461668747
0.00943282399422206 -0.00385400402495535 -0.318402649457478 0.0109209814977434
0.0276366079377189 -0.0216435315383768 -0.529708535224689 0.176343139132844
-0.183742197764841 -0.00949847237159389 -0.264573359569225 -0.446208222121913
-0.215664661229627 -0.0321537762994972 -0.221043918971302 -0.321768966124089
-0.189886980117281 -0.03252279728462 -0.0727943566785937 -0.251549231279683
-0.175468805629837 -0.109365281688518 0.119620994013445 -0.167894925472893
-0.103770913620785 -0.171514550479999 0.256470085205892 -0.0667303587832108
-0.0217303044635335 -0.206425897716336 0.188737388524842 0.171694420398034
0.0528519373065598 -0.255944558105999 -0.0205419176898309 0.418303751204655
0.104290436049947 -0.221845767078472 -0.201814814009229 0.462981077088982
0.108818542392278 -0.197180305332777 -0.2893119573783 0.436498159567575
0.0896365163398046 -0.147417591814262 -0.242836719889596 0.309581023199566
0.0567449879039757 -0.131659514470872 -0.188057304746911 0.204262868469273
0.0266196900920269 -0.115271275574699 -0.182991168199776 0.0699706007068185
-0.0187847781552013 -0.113832066521178 -0.241038500705209 -0.0361636092391615
-0.0902591183486859 -0.133083623472512 -0.334131714501923 0.0522782998705691
-0.122781297525468 -0.104917023453452 -0.519826099362546 0.217491608741825
-0.336443817606833 0.00200854665046851 -0.149347395166667 -0.467535287048187
-0.364518841743108 -0.0578531081713652 -0.128553009151029 -0.339195319274031
-0.350557883261738 -0.0883256239941709 -0.00177222223598825 -0.260457451647735
-0.329581637573687 -0.227146900331527 0.164890978548913 -0.167394647141588
-0.205685694698169 -0.340336435090036 0.269730208325744 -0.0778833906139012
-0.0533063406886222 -0.385893015960616 0.198871666228338 0.111848733339721
0.0889729534234296 -0.442652782336585 -0.00684777044154274 0.315968607498871
0.178608896507835 -0.398179598746505 -0.145481715651765 0.350174138326943
0.184765590949665 -0.359475127943199 -0.229212465907498 0.367448480637773
0.1414909450213 -0.303058715295401 -0.215460587308221 0.304238672998885
0.0559726935933518 -0.303833199683006 -0.186827559353367 0.246643657922749
-0.00977132418431708 -0.279576583337964 -0.215734234026829 0.109583968781926
-0.0960544619254782 -0.24518389217691 -0.278887855095671 0.0259024684517778
-0.210757077249234 -0.238794195244422 -0.336955591219054 0.140888903093377
-0.265894304211517 -0.165897070187003 -0.461912052670265 0.296566282665382
-0.427559266571235 -0.00797035037444299 0.0140442231084209 -0.467185076595767
-0.44739438752553 -0.114110469466251 0.0113101978419984 -0.34189262681631
-0.434035198479067 -0.177470885420373 0.10070675398621 -0.247923067459838
-0.396836587834964 -0.355310710670216 0.216551582590995 -0.162156862073031
-0.233705866488384 -0.477601042038947 0.269436900399102 -0.104282118576835
-0.0380903257782238 -0.506600968221661 0.199459361033086 0.0130947122018272
0.130183055554 -0.55024817259105 0.0202376843662273 0.151336600043225
0.224213358070388 -0.516767490808667 -0.0658754159505855 0.178132214852715
0.213626649779775 -0.49161307150111 -0.144155567948689 0.240977396277162
0.136282823238112 -0.455428510377868 -0.173517893243057 0.255103720582296
-0.0139684584607387 -0.472507070400485 -0.174841999851019 0.271118793968681
-0.123306088786127 -0.425412794608226 -0.238047489434563 0.16963476772099
-0.224581197461102 -0.332807885593209 -0.282894407080406 0.125083413298528
-0.34384800648118 -0.283972508646907 -0.289336704739774 0.257044933855284
-0.385849544997343 -0.184178254628698 -0.348583873877514 0.392662499623767
-0.442382641360865 -0.0332719880823258 0.195537724846374 -0.432159450778931
-0.44415473763063 -0.180776710891254 0.166373369669463 -0.304279194115276
-0.407250098315684 -0.26781832845009 0.206573845868001 -0.189051992753141
-0.34785543173666 -0.441785782003966 0.261889076860297 -0.134011471827398
-0.170707721221564 -0.533422307223509 0.26112393173324 -0.130305068765236
0.0181883431060028 -0.531819646012415 0.206959627595766 -0.0978605097355234
0.164722587958551 -0.560196953553983 0.0730332660562282 -0.0362371073595666
0.235704571985995 -0.556159813114777 0.022063773892763 -0.0263870823553828
0.196127691649546 -0.562259452072131 -0.0636308444560586 0.0595365509418866
0.0775581722673111 -0.54199863758504 -0.142889889109774 0.146670169991923
-0.127830077774455 -0.557109060897851 -0.167506170496803 0.251871561980814
-0.263415569873995 -0.472359670565407 -0.234607559484104 0.226812241655644
-0.349465742034082 -0.331338981010987 -0.228265134241615 0.228059048589487
-0.444154436539898 -0.253512524391644 -0.178998283846638 0.360523439697039
-0.456269294948085 -0.160682218234893 -0.188378123978975 0.475870294135219
-0.386029026978232 -0.0540363199344223 0.359047338482246 -0.360494711324408
-0.356013448627443 -0.21738169770423 0.292163449760487 -0.221350622813806
-0.288685267442634 -0.30231583548606 0.272124024527426 -0.086239784435651
-0.212858892375748 -0.431525909415734 0.276426098705203 -0.0811999909343336
-0.0625665469337892 -0.471446118207079 0.248710451803565 -0.140538443483174
0.0841826073758464 -0.451382157497671 0.228724753573127 -0.190172631734556
0.178504829626435 -0.477190635132279 0.148375471469561 -0.203472387965929
0.212315046457659 -0.511804266156121 0.105406188657351 -0.230408287166101
0.145023734269385 -0.540037389900813 -0.00912224598109118 -0.144978798405513
0.0046860552260104 -0.520617428519997 -0.141989502057063 0.00607450106243411
-0.212816933596547 -0.507672265554259 -0.182003059177129 0.198420449432571
-0.339260756820306 -0.40223097572636 -0.207795406838476 0.25593428132815
-0.395536604241813 -0.249798967582699 -0.130815501767062 0.291403954086553
-0.462729322184542 -0.173021293919506 -0.0336778060879485 0.415940260041403
-0.452588661020019 -0.113996443610423 -0.00504051615501 0.527139047748189
-0.272496046786353 -0.0510638150986546 0.476904085387181 -0.269125045998836
-0.228738528519601 -0.192382310876246 0.359177388742981 -0.120755277832427
-0.146900573900822 -0.247505452835616 0.273864561693117 0.0165218068251551
-0.082914880676298 -0.315719665539658 0.251706229405904 -0.0340140674477178
0.014486031487036 -0.32011214140176 0.228060046310462 -0.136849476883266
0.105514536046187 -0.305096418016501 0.25732198802545 -0.242297312490251
0.154245655651714 -0.331163478760373 0.230264673576521 -0.324952096085834
0.15682049545274 -0.387041265550759 0.17419955052956 -0.399205147299427
0.0857669724871526 -0.421847237381533 0.0128832964148645 -0.326829874864522
-0.036763952150147 -0.394228570861171 -0.166426546283226 -0.121973477987211
-0.214577728988856 -0.364449109177481 -0.214224629973261 0.140057844222063
-0.306771592178348 -0.270694444283593 -0.173815725652186 0.254826466626807
-0.333601937764308 -0.147266971595515 -0.0321810162322689 0.305420414702868
-0.379106980955196 -0.0883279859490095 0.0991426495139225 0.417407181438477
-0.366391900538308 -0.0643367701659977 0.16288095281487 0.538154242457556
-0.125994416274442 -0.0172749729481026 0.538772251233192 -0.191941194694141
-0.10721075730581 -0.109493481265011 0.377516706970771 -0.0452945581039789
-0.0489853880068579 -0.136588941046071 0.240723781563822 0.0750701650240925
-0.0224887826881599 -0.161448597929099 0.214934212046631 -0.0164661845671336
0.0239181550064422 -0.153479502595655 0.201474880032382 -0.132686169658128
0.0674438548394279 -0.15039034480335 0.272788722262929 -0.261324385588852
0.0842783498993136 -0.160049978938721 0.296028270501414 -0.39506600992259
0.0754667035019229 -0.205822887370941 0.216221195277144 -0.508837922028171
0.03425455873095 -0.231873123404906 0.0079682525019857 -0.447602924865868
-0.0341515589457517 -0.207568779680596 -0.197701991469203 -0.206180341521521
-0.13853640006406 -0.185690810214112 -0.24736954739229 0.0970023875537413
-0.186350110218914 -0.141712999432102 -0.149431602777613 0.235349757061692
-0.189862317786074 -0.0702149495276914 0.0367675395175779 0.289072733445187
-0.220539402219717 -0.0339044771481742 0.185654568282662 0.388844994894267
-0.212692918225984 -0.0308030101192628 0.279911570409875 0.521821268303225
0.00403430873571789 -0.0339328391703096 -0.319330832824049 -0.419910484117692
-0.0293905430737669 -0.0245919007551834 -0.260527961694639 -0.315104553090408
0.00762788468364291 -0.00165157707490624 -0.112192626820737 -0.24451651511181
0.0169731401342744 -0.00915176502833868 0.0839372780228135 -0.180880164273966
0.0335276343438862 0.00162609461348006 0.226515704830158 -0.0771853737112044
0.0324970066863169 -0.00139300287149231 0.166240801584845 0.183390975010715
0.0162551477674439 -0.0275303752235989 -0.022484963114534 0.441600344720473
0.0143545407942039 -0.0142342505776014 -0.219529500920697 0.502903585750464
0.00686174145959287 -0.0250455419979598 -0.300540041167291 0.460512384530742
0.0106547474899376 -0.0103015380781469 -0.242926528181968 0.30997189407576
0.0206762390814187 0.00766181391959959 -0.183594685838699 0.178157415726686
0.0156052567318255 0.0218690805281693 -0.164360150446889 0.0585058645483331
0.0173494505551955 0.0152083502036928 -0.212711033393162 -0.0555971135930029
0.00919339316630668 -0.0039553798331487 -0.317841457412269 0.0155179624056116
0.0272988653892941 -0.0224389972221182 -0.527787389798463 0.184985900738745
-0.184705102228927 -0.00694348659850547 -0.272999237860979 -0.444717782355292
-0.216454430499672 -0.0282461937437506 -0.227252096384145 -0.3203234056143
-0.190888460224825 -0.0307347530182181 -0.0776744897939848 -0.251959021298825
-0.178020194434479 -0.107098023638176 0.118124894100445 -0.169732795789969
-0.1061420237195 -0.170764645297433 0.256667428784883 -0.0703613379644064
-0.0243298004374634 -0.20663091417937 0.192708895945623 0.169306739813407
0.0487131784129848 -0.257629395470399 -0.0140976785555539 0.419866050794025
0.101221027180807 -0.223626557263712 -0.195412030116239 0.466129136945587
0.105917196763899 -0.198880768901718 -0.283845790826362 0.440046375466598
0.0876979298124668 -0.148496451570864 -0.239338191349857 0.313346007730962
0.0547933286883848 -0.133080263909833 -0.186182221365606 0.207919649081227
0.0255044416503418 -0.116364954074912 -0.182834361780971 0.0735025417744897
-0.0209653232475919 -0.114635984840626 -0.242676335773425 -0.0323330007571956
-0.0924401708678644 -0.132472203288491 -0.333409586588866 0.057357689252942
-0.124116616217863 -0.10354785391638 -0.516942376335834 0.225655874214076
-0.336554506933698 0.00689251314953219 -0.159879415425968 -0.468161157585331
-0.36756604898077 -0.0525320215934176 -0.135291854839859 -0.338148758500921
-0.352383526438554 -0.0829510438195163 -0.00679767571134957 -0.261635744724733
-0.334228391795005 -0.221837810521952 0.163187692828887 -0.171138562750193
-0.211108983868981 -0.33838866596865 0.270031974858691 -0.0823604854400812
-0.0583346753490731 -0.386165545164748 0.202150844006436 0.108970742123265
0.0826982398180076 -0.445162994531786 -0.00196224285150385 0.317302798473348
0.172968487519649 -0.401997130162417 -0.141655160878542 0.352302857331313
0.17987928225841 -0.362650413067356 -0.224571807373882 0.371522183049688
0.138533676356575 -0.306014561084949 -0.212359953716013 0.306406608016765
0.0511227237599563 -0.305785147744623 -0.182827053568333 0.250035618482152
-0.0136679365127075 -0.280102094181053 -0.214741611253636 0.113981890684911
-0.100092165847313 -0.244622709568446 -0.279046685939859 0.0307998313708059
-0.21446492820569 -0.236117608113137 -0.33462939199768 0.145769769371764
-0.268861665781212 -0.162048083692522 -0.45781114538317 0.30440204643078
-0.428982117150122 -0.00141320112288377 0.0048919805652272 -0.469722864142279
-0.45206997387824 -0.10838956846093 0.00536369032451275 -0.342933088121297
-0.437541896448047 -0.172403525955283 0.0965790835194878 -0.250723401146738
-0.404405528714795 -0.34915742962324 0.215185503524877 -0.166030452407487
-0.241117877208592 -0.475569392216775 0.269769225320551 -0.10869609319048
-0.0455322149571367 -0.508438626921505 0.201031595839561 0.0109218628106064
0.122687328860984 -0.553881255107067 0.022192849874492 0.15253938849667
0.217468168409782 -0.519945397298381 -0.0643618733192686 0.179293367201271
0.207731070286435 -0.496756837340691 -0.141558785657227 0.24307374743869
0.13010318927606 -0.458738064902744 -0.170740459968791 0.25769832449914
-0.0206182000561522 -0.473600817162651 -0.170738792752361 0.274777305999055
-0.128435452543536 -0.425196557199023 -0.23706642588177 0.174106998423206
-0.23063460640993 -0.331159545207984 -0.281816226367855 0.131251473859401
-0.348488572039874 -0.279808494188803 -0.286001850094316 0.260832572199982
-0.390084142507086 -0.179412781461172 -0.344100840234764 0.399010575426107
-0.442510506991167 -0.0258530556366997 0.187336994574924 -0.436610829631761
-0.44803462006269 -0.174461877559272 0.162113796040241 -0.308201908965444
-0.411901724350187 -0.263158477440649 0.204070345310678 -0.192659780649021
-0.354085677254698 -0.438780149678649 0.261567607985935 -0.137765528367789
-0.17898323296768 -0.532147770549858 0.261328148297357 -0.134210381823813
0.0120425515374625 -0.531682616067765 0.206580828586081 -0.101605135415116
0.158840810196531 -0.56384917379589 0.0718864029464645 -0.0359555451648053
0.227847509228991 -0.559709484250213 0.0210931015839007 -0.0269721914571655
0.188156867944773 -0.56568165772935 -0.0633233116758695 0.0595408564002132
0.0692943434881212 -0.54610295027291 -0.141451176362538 0.148782376401922
-0.136599030136141 -0.556762488103526 -0.163851614980059 0.254686628993531
-0.270491713044327 -0.470899240919211 -0.232970975214607 0.231074471318681
-0.355346952830105 -0.328228667848664 -0.225722278790732 0.233854002016852
-0.449173586423094 -0.247485496231556 -0.173663765099358 0.363239342709953
-0.460282277324217 -0.155362185493385 -0.180270473431184 0.480634368416969
-0.386913407830155 -0.0485609345835514 0.352740266534628 -0.367257543533181
-0.360776107808278 -0.213144619130175 0.288610735028366 -0.22587226352274
-0.293512968704085 -0.299076899500807 0.271057414593405 -0.0906827965159231
-0.21955042091576 -0.428577933614659 0.27630321384618 -0.0857959939125772
-0.0706583866853794 -0.471549299009826 0.248681531044595 -0.144805974965846
0.0778704499461524 -0.453005430079246 0.227410969113359 -0.194315687102771
0.173507227928335 -0.480785565838676 0.145686243207492 -0.205572023966807
0.205160040798228 -0.515147920607306 0.102445142913467 -0.232291800128648
0.138274079512003 -0.543693286504767 -0.012012105756389 -0.145601179949402
-0.00149769623217171 -0.520641504429529 -0.142670303610971 0.00738329325262611
-0.221139679124952 -0.505514545729238 -0.179220991534232 0.200802593028896
-0.346914600818284 -0.39903322235502 -0.204612604724403 0.260829830807012
-0.400148011185642 -0.245219901504411 -0.126593036315762 0.294934836371341
-0.465372645575455 -0.165689552605921 -0.0267476681496152 0.416964880260288
-0.455904970900005 -0.107880878403811 0.00501801936996297 0.528035014841238
-0.273137850856121 -0.0463795703699997 0.473360005371483 -0.276595165850548
-0.232244411367006 -0.189573178611644 0.358243152220311 -0.126389898872831
-0.150567618505269 -0.24679974019629 0.275336598232931 0.0121198263708808
-0.0880629594316773 -0.314034869720621 0.253120015447776 -0.0380328515805617
0.0101445854788145 -0.321024428243566 0.22691730101674 -0.139993458862618
0.101274144486455 -0.307321786107332 0.255354536129863 -0.246864688726201
0.150660042351941 -0.334349866386855 0.226732285031574 -0.328400026177361
0.151650676856425 -0.390226138979511 0.168964695022368 -0.401685002803586
0.0796531372805828 -0.425288887676592 0.0071703975474364 -0.327855827872305
-0.0437003118721655 -0.394421979082705 -0.169037401112581 -0.120368005924723
-0.221752675621971 -0.362153679794336 -0.21252024834016 0.144001824651082
-0.311521113529103 -0.266909510142485 -0.170962960451935 0.258734310356716
-0.33777566303462 -0.142579664135276 -0.0272740103176973 0.308027000800419
-0.381364910865599 -0.0840775486722273 0.105923651430326 0.417625709860438
-0.369308336950003 -0.0596816799398394 0.173627759531098 0.53773056447493
-0.126267522868086 -0.0152674772992819 0.536218724555942 -0.201648810716395
-0.109404501715393 -0.108246495921018 0.377101364546717 -0.0514962402001383
-0.0515326619645355 -0.136673937135594 0.243141417296464 0.0716129470523783
-0.0249617151156633 -0.161043869632005 0.215602041264706 -0.0192633179230471
0.0211122659802431 -0.153657468123927 0.201101429073922 -0.135562423464947
0.0652112644446565 -0.151643093304494 0.270723987453431 -0.26622421515028
0.0829756860863003 -0.161515112242424 0.290440947673803 -0.399368011603583
0.0728230161905767 -0.207376756488216 0.210083753925144 -0.514090378305774
0.0303856771312431 -0.23289177428201 0.00128024261394197 -0.447982100217228
-0.036691941161241 -0.207883818024891 -0.201364739733374 -0.204984793901977
-0.141842530856065 -0.183724944680224 -0.24629804687154 0.100867610038761
-0.1894896391221 -0.139436820773985 -0.146719978347027 0.239166247184112
-0.192021867684568 -0.0678184102425752 0.0413769438949466 0.290593226411395
-0.221351001739352 -0.031153317164745 0.192510084217676 0.387240223483316
-0.21374801855955 -0.027841244124496 0.291722148937976 0.518872839098562
0.00317198556327373 -0.0339324829082043 -0.32916228053878 -0.415869172122917
-0.0297297783588886 -0.0237963102899541 -0.267496688161227 -0.310952996837331
0.00829662460079905 -0.00204903170130058 -0.117064938592879 -0.24255896399745
0.0168451227592455 -0.00953948076781081 0.0809228413864792 -0.182091790118524
0.0341489053187572 0.000430120860140784 0.225138073666175 -0.0802283179211842
0.0323842427598334 -0.00151458323952114 0.16934301139028 0.181010267715886
0.0149441310624891 -0.0274998212642374 -0.0141913204052405 0.44284798123473
0.0139054939418862 -0.0140016884337671 -0.211785461784905 0.506240989108023
0.00590864971404276 -0.0249820518698847 -0.294244693407245 0.463992933540092
0.0103966394962199 -0.0105754558901377 -0.239035007291547 0.312126998843593
0.0206332111832126 0.00686389158789059 -0.181359448027828 0.181549236873105
0.0162908603880841 0.0216937338131225 -0.163530007931113 0.0617762980153164
0.0177263988739729 0.0142452756515207 -0.213304929872512 -0.0512554500662274
0.00947934869036544 -0.00382680963671436 -0.317502606575698 0.0198396827073052
0.0271751055879797 -0.023267436542625 -0.523992990333704 0.193435229456557
-0.18447620491324 -0.0033414188943571 -0.282705320939041 -0.44055171591968
-0.217221537672785 -0.024475804866366 -0.234220217878599 -0.317162455679094
-0.190754715049993 -0.0270620917504796 -0.0824783802015599 -0.251151007587692
-0.179639191381906 -0.10465576416859 0.115110363299306 -0.172480397557284
-0.108606639561051 -0.169708357593765 0.255828021012803 -0.075020941514154
-0.0274562787466255 -0.206121991473187 0.195933208519668 0.167129603705485
0.044608441191618 -0.258366808734609 -0.00753637695812618 0.421212259666687
0.0975756323877805 -0.225213059628574 -0.188318771886192 0.469159763843451
0.102510244036318 -0.201159335178357 -0.2764696783121 0.443775177101274
0.0853068335165569 -0.15015046772668 -0.234769165481639 0.316084613520013
0.05237866896252 -0.134083807305942 -0.18283316510117 0.210547889888676
0.0242565454944657 -0.117080957106958 -0.182204826210624 0.0773916967573948
-0.0230187239793982 -0.114126373478851 -0.24234603806904 -0.0277059478335741
-0.0945908758952459 -0.130718977089696 -0.331974343206881 0.0619859612074586
-0.125839111587233 -0.102176401641772 -0.513150044154786 0.234538608657906
-0.336308359657179 0.012476478546307 -0.169198582140285 -0.465988122732974
-0.368562754535698 -0.0457630962782274 -0.141797645356928 -0.337798565520015
-0.353644760969368 -0.0782203197763173 -0.0117056866333341 -0.261982951227087
-0.337781931314095 -0.217272840653027 0.160656825222646 -0.173777188964862
-0.216579443410629 -0.335049703605391 0.268892761971365 -0.0867094511563127
-0.0640240029304494 -0.38548450529291 0.204693427084316 0.105990199616292
0.0762918599016498 -0.447661096811023 0.00291325581662608 0.318437139575898
0.166914109493513 -0.403684773195762 -0.136865463574113 0.354154524334313
0.174091407654288 -0.364956049558005 -0.218945472114187 0.372682651095242
0.133400895125113 -0.30792957270068 -0.208607636590974 0.308671759548404
0.0465407701578047 -0.306086287904422 -0.17866890810855 0.253015683221946
-0.0171442194451959 -0.280850445097483 -0.213782293635273 0.118033289808689
-0.104777643693514 -0.243836141343853 -0.278368743962509 0.0366416250103191
-0.219051457812731 -0.232945748300112 -0.33120011647245 0.150540561607596
-0.271651661553557 -0.158400174696184 -0.452741818343744 0.311471517502721
-0.42737937850667 0.00579329868184486 -0.00474453442433108 -0.471953709224707
-0.45435071210316 -0.101207707885312 -0.00127020885985096 -0.343418663783708
-0.440200390527336 -0.165422762460894 0.0922601764638387 -0.25244901451486
-0.410611948630663 -0.342573353262566 0.212814819686905 -0.1693758073737
-0.24799439150173 -0.473026225304774 0.268679573177285 -0.11284340983119
-0.0533871653763626 -0.50661911038926 0.20226121043497 0.00767593904639785
0.113421399143871 -0.556679768825359 0.0248436711566788 0.153198057434017
0.207917102463649 -0.523938016534234 -0.0624426662991518 0.179857246271343
0.199686751180272 -0.499193221209785 -0.137913816716904 0.244749188815902
0.12440522291509 -0.460803793056775 -0.167639734562013 0.259674865947277
-0.0284240455775615 -0.47356552191152 -0.165540030848135 0.277228722778678
-0.135432747153873 -0.423323554319545 -0.23492858867995 0.179025372051412
-0.236488844499008 -0.329886383236211 -0.279769522826484 0.137484067786142
-0.353946855038281 -0.273635131968953 -0.281159750420353 0.265518458873568
-0.393817536628475 -0.173236217729618 -0.335475441248827 0.40644700319998
-0.443061356388793 -0.0181562731848201 0.178284099987642 -0.440753432878535
-0.452334616463269 -0.168362660634213 0.155828836417656 -0.310783103253817
-0.41659890282455 -0.257132596691266 0.200982167545013 -0.195616294823435
-0.363343240649795 -0.431859333547012 0.259220663729722 -0.142627865862064
-0.188023325250519 -0.52881100919101 0.260327273821875 -0.138916061402006
0.00421991149418097 -0.532984647435199 0.206060939232765 -0.105132958509589
0.150463916204457 -0.566055732640551 0.071517924421688 -0.0361587759161227
0.21858140360672 -0.564956859514992 0.0198550795484986 -0.027573122717569
0.178253396862668 -0.568575230003724 -0.0629750242908993 0.0600928699460372
0.0611774307913606 -0.547068728605701 -0.140014668719499 0.150226684265357
-0.145962265723485 -0.554150895022113 -0.158652285384462 0.257292039004924
-0.278066961413238 -0.466250866938975 -0.228901025386514 0.236024508899676
-0.361684157266511 -0.323800934456237 -0.2215674787038 0.239036091046343
-0.453207940553967 -0.24005602836543 -0.167227085530988 0.365936457596442
-0.462257206474509 -0.148674860989643 -0.17211422111289 0.483979511595757
-0.387996577171763 -0.0415119708972247 0.346246704589255 -0.3738494734954
-0.364984160238411 -0.207447911732509 0.285202628137295 -0.23075929819496
-0.297190223528586 -0.294750777989862 0.270224606755296 -0.0941899580870083
-0.227827232128843 -0.425260540500055 0.275604853156248 -0.0899840179641327
-0.0779104801228794 -0.471469881482443 0.246907032410693 -0.149466834805457
0.071577119790494 -0.454953989325726 0.225269498348414 -0.197891382191507
0.167957510280972 -0.482773363132582 0.142538571354683 -0.20717268670699
0.196274848485383 -0.519152233009866 0.0987270414039704 -0.233414542819524
0.129238439502443 -0.546815147948541 -0.0149152900746238 -0.146286768116185
-0.00922137193135791 -0.521052590041421 -0.143250365671327 0.00949942750320022
-0.22952668470522 -0.503493798191662 -0.175315260647421 0.20374106132095
-0.352986789627196 -0.394309465821421 -0.201315495507403 0.264918766110419
-0.405738122406349 -0.239357326391296 -0.121601959889084 0.299211664929237
-0.467255171463632 -0.159617192057355 -0.0195390106442812 0.416781894626315
-0.45723378574301 -0.100732031586564 0.0141244274912578 0.528533973156268
-0.27326516391215 -0.0423167985084604 0.467368364853584 -0.28498239473235
-0.235055463561424 -0.18650652030567 0.354911072225756 -0.131998986398473
-0.155261504210177 -0.244196453211123 0.275713451159423 0.00757975045638078
-0.0932620011498768 -0.313207740380342 0.252794470261864 -0.041754518488407
0.00469612061229736 -0.321023926507855 0.225624139031017 -0.143721723127708
0.0967481003970924 -0.308841692864512 0.252044780468986 -0.250879602480303
0.146225923391033 -0.336254476836755 0.221789835422989 -0.331846176737057
0.145348830099112 -0.392425109219399 0.163289292995084 -0.405407056187804
0.0732142436465092 -0.426030738569826 0.00110673002139028 -0.328556170360826
-0.0489591769555717 -0.394242329799103 -0.171711334727894 -0.117997162455671
-0.228078384712344 -0.358086012027581 -0.209496548815624 0.146153111501328
-0.316609046714721 -0.262072492007136 -0.16736070893974 0.262129972984769
-0.34028926815057 -0.138290475758863 -0.022142641903516 0.309213558612489
-0.383021249587014 -0.0775976012713314 0.113576980104789 0.415880442791773
-0.370751083468683 -0.0544684144684373 0.182661691915471 0.535172861572018
-0.126513186646169 -0.0135547965323135 0.530771836749978 -0.208412031934204
-0.112200249380471 -0.106866118814041 0.376131501077473 -0.0576475137628872
-0.0536726369749518 -0.135699783960541 0.245008147376585 0.0678155350772956
-0.0283879876866957 -0.159887955185954 0.215396263451231 -0.0230554530030865
0.0185608734581145 -0.153427719271227 0.19920215789756 -0.139216187070725
0.0627140916829516 -0.152888936404275 0.267321401672761 -0.269421036043823
0.0811905415179281 -0.162861945665994 0.283466463786537 -0.403408296002211
0.0692556253678893 -0.20870416186459 0.202185589138714 -0.515782810311392
0.0267196352816311 -0.233798630520591 -0.00612607988166642 -0.44992103587661
-0.0401369893221828 -0.207549561980985 -0.204825186785794 -0.201997748889104
-0.144510595065988 -0.181288356961188 -0.244140750645118 0.104057945474404
-0.19197595662979 -0.136327172906106 -0.142806392468851 0.242246768487405
-0.193502597163231 -0.0649540033966904 0.0468747056359569 0.290768644472919
-0.22146453944593 -0.0270762366157174 0.199823441343306 0.384333154599471
-0.214953886583244 -0.0245163075678767 0.301704344820264 0.514949713017538
0.00231713958035425 -0.0336270831819351 -0.337449707477815 -0.40911564584547
-0.0298009863783238 -0.0223195793415812 -0.274189327847171 -0.306354919599089
0.00860503164202826 -0.00236260710615665 -0.121362506748511 -0.240376025186247
0.0168054048291006 -0.00997838533738078 0.0770115195856562 -0.183048137932893
0.0346114004518106 -0.000299125892956758 0.223888313613919 -0.0838251134646406
0.0328568441857424 -0.00222223409451464 0.172821681909921 0.178891109815788
0.0141151634380267 -0.0270360081431488 -0.00693825618992384 0.442442498240492
0.0136599091806502 -0.0140128202192753 -0.20377203158302 0.507308770474383
0.0047242256199673 -0.0250225930272096 -0.285113569037289 0.466962107942628
0.00998252282538471 -0.0104534311988891 -0.23340318015965 0.314312536664556
0.0208809607103593 0.00651897639307496 -0.177655677910435 0.184421146789424
0.0169640258732643 0.0204760963309119 -0.161963762508228 0.0649447077928911
0.0179315714691219 0.0133494672390953 -0.214096886336592 -0.0469775697719204
0.00924794075705575 -0.00364853373285686 -0.315900662940951 0.0247356223872668
0.0270283496334737 -0.0240419996935973 -0.51972543141206 0.202819602549555
-0.184330937847455 -0.000466987977162957 -0.292095083267135 -0.435785536781874
-0.216866721180339 -0.0199549843709888 -0.239979661946573 -0.313680831374018
-0.190324277123141 -0.0237371503964493 -0.0877454360735506 -0.249213576897095
-0.181427026488272 -0.101754161825979 0.111549716720985 -0.174566378523834
-0.111406353733623 -0.167676675305788 0.254610196432173 -0.079558381289784
-0.0299768582385418 -0.205490292056748 0.199558211300141 0.163435997770907
0.0397031210714133 -0.258527632561302 0.000354884887063911 0.421042946430371
0.0931659691696076 -0.227102202137211 -0.182536211534642 0.471279197661037
0.098342414111267 -0.201945921505231 -0.268517151930621 0.446081364891268
0.0831033468771765 -0.151026899674383 -0.230463817577246 0.319603683983161
0.0497950934870747 -0.1345420507342 -0.178538610763122 0.213103867518669
0.0227026657407033 -0.11722045163916 -0.18013614825607 0.0815985442738624
-0.0240246807510108 -0.114244906389599 -0.242572854988709 -0.0225768209871891
-0.0964286184141988 -0.128380363785051 -0.329922889394824 0.066717132301638
-0.127383857068632 -0.10000004037183 -0.506443877579244 0.243308105946997
-0.334893114122243 0.018711577547333 -0.179621203297608 -0.463644564498572
-0.36935583407028 -0.0396303634366637 -0.148659109446469 -0.334355841400959
-0.354443293594931 -0.0728656561637061 -0.0165599276788668 -0.261293146020584
-0.341167325287307 -0.211150900851016 0.15760722393183 -0.176331679173327
-0.2227654917553 -0.332280915769528 0.267918346664061 -0.0913718851094046
-0.070348342539771 -0.384361457606667 0.206652610953817 0.10278113403892
0.0686827818788179 -0.446587485695372 0.00813635366724502 0.318924146138888
0.159646328819469 -0.405412353738653 -0.130868849058434 0.35520744749542
0.167470978451625 -0.3674821323768 -0.21289426810887 0.375433892479236
0.127957279637384 -0.309356903320498 -0.20341131133151 0.311125683690835
0.0403608803199366 -0.306575640574302 -0.173659330473501 0.25566180858611
-0.0215758995491579 -0.280230061290662 -0.211422391936682 0.121916190848973
-0.10821331804493 -0.242450445550554 -0.277002649221966 0.0424052134033196
-0.221254344078246 -0.228765995212972 -0.327771829042288 0.154852104921149
-0.274159719330247 -0.154070055920218 -0.44414585685233 0.319798167470914
-0.426789357479095 0.0118199135930654 -0.0146530727374306 -0.470144529750982
-0.455556574512705 -0.0934511532110982 -0.008106478392212 -0.343131785468118
-0.441642040615324 -0.158382951781194 0.0874512990657288 -0.253990103238387
-0.416145631610356 -0.335782978624724 0.210066312843167 -0.172824743478138
-0.256732150250406 -0.4681152624364 0.267569763943161 -0.118014887021143
-0.0614233366743168 -0.505094443579844 0.202809459669987 0.0036844664692194
0.104558163161615 -0.556179098584089 0.0280125779149431 0.153404121325723
0.199673415128752 -0.526064463780769 -0.059669759732255 0.180633369766941
0.190723176201526 -0.501440832259331 -0.133719033788903 0.245555427237715
0.117467138744187 -0.461951625562165 -0.163187198285244 0.261601100927098
-0.0372334537741923 -0.473508937692152 -0.160506690052846 0.280087766069616
-0.140876254081013 -0.420969209294184 -0.23174079841644 0.182633662343904
-0.241054481305178 -0.326218140623475 -0.276680751067751 0.143482642507671
-0.357514268156478 -0.268770628446364 -0.275077567523685 0.268499215020637
-0.395914670846513 -0.167001704989792 -0.328649440869607 0.410334129901394
-0.441829460876728 -0.0108015065261222 0.167938052140868 -0.44317831249471
-0.453609145357924 -0.16027404811963 0.149660757874785 -0.312872012844879
-0.421103698477861 -0.250144885359031 0.19792122236106 -0.198895180400543
-0.369876179214414 -0.425613213840129 0.256576387994524 -0.146439998394687
-0.196531329269754 -0.525219989016568 0.258713905963963 -0.143324008980577
-0.00336255122428031 -0.531907103192589 0.205174210678832 -0.108554583908548
0.141383035038887 -0.566905590196641 0.0711309662618084 -0.0361587365730294
0.208796380811527 -0.567087240813144 0.0192221056443079 -0.0277349010822496
0.169080764209766 -0.570400170465297 -0.06176326634116 0.0600280767153355
0.0536270397955909 -0.548460648534633 -0.137852989408234 0.152442818407779
-0.155758468832108 -0.551205078691449 -0.153833436573352 0.259154841430275
-0.284518303464475 -0.461537522885267 -0.225840273369978 0.240500353179669
-0.367429205800925 -0.31758124449425 -0.216531012050336 0.243219824342038
-0.456497679417566 -0.23278512572755 -0.159771250675485 0.367249010281951
-0.465379751111783 -0.140942281434722 -0.162093149727712 0.487002456969618
-0.386844617055584 -0.0355150959567083 0.337843787583126 -0.379527108436502
-0.367832600138509 -0.200831590342436 0.279447731971579 -0.235560822571478
-0.303005985357833 -0.288505939846665 0.268407133814027 -0.099016963530042
-0.235102067142938 -0.420598709304157 0.274079478091826 -0.0948534012953204
-0.0855732630951909 -0.468067530133146 0.245375366125633 -0.152915876066456
0.0643460860610442 -0.454932732876016 0.222626439525769 -0.201906742445461
0.158858716033535 -0.48483806140971 0.138739563162724 -0.207665956092605
0.186901322735243 -0.522401040580285 0.0946343582143934 -0.234699726612114
0.119558728156683 -0.547807980924555 -0.0177641732439571 -0.146508168803359
-0.0179195351488765 -0.520693411072191 -0.143052792673325 0.0112561459889383
-0.238726465004538 -0.498083482848249 -0.17149409578916 0.205991673916015
-0.35801616974448 -0.38743497654743 -0.197588395444558 0.268843702937045
-0.409895116254783 -0.233696976222708 -0.115779865200128 0.301673612945622
-0.468417475862493 -0.152357163966758 -0.0125006870954942 0.416176451739156
-0.459156707672113 -0.0926069282490653 0.0251322106035578 0.527423130264633
-0.273085077923319 -0.0377099207768984 0.45967753761898 -0.292776873759857
-0.239507353426742 -0.181761421602227 0.351211227270841 -0.137717053282269
-0.159212798713648 -0.241433824825732 0.275362232465478 0.00340831381573294
-0.0988983975653056 -0.309901675901357 0.252110962409625 -0.0462623138380391
-0.000934328328368284 -0.319071650973035 0.222969751811489 -0.147179938863398
0.0910671846376222 -0.309527017754215 0.248201224025691 -0.254963592485814
0.141723020177736 -0.337683103576787 0.216461196436382 -0.333876083612512
0.137641629844756 -0.394073381892093 0.156131075895723 -0.405190128366102
0.0659035939215163 -0.427128715759608 -0.0045525460156343 -0.328480649064717
-0.0541235713025179 -0.393827223776655 -0.173875552792047 -0.115592607643151
-0.233366602212101 -0.353310408778137 -0.20613055484798 0.148986103218537
-0.319488659558361 -0.256209234388538 -0.162894630324825 0.265399544421685
-0.342830655555288 -0.132387154341231 -0.0160843091957082 0.311077657781832
-0.382743028672751 -0.0715564321726237 0.121465236662364 0.413393891890391
-0.371042955752043 -0.0480552227415523 0.195058625402771 0.531413099910437
-0.12595155638058 -0.0111566598622226 0.526009475367202 -0.219351795458392
-0.114158558378697 -0.104301165817503 0.37406768586337 -0.0647295115031187
-0.0560550444550336 -0.134247154108436 0.246005257700761 0.0632114761293503
-0.0310976279163864 -0.159306649921632 0.215033919287835 -0.0266495434169689
0.016214027107428 -0.153314679593506 0.197734777375479 -0.141927295907221
0.0597794220076775 -0.153410830809227 0.261342282378953 -0.27447516065807
0.0785642644895461 -0.163109986554012 0.27742230284305 -0.406940566277795
0.065449933547841 -0.209548183905861 0.193832991944959 -0.51746097664661
0.0220662259617075 -0.233389259200761 -0.0133619306719548 -0.447715382430434
-0.0435840644148663 -0.206631245226186 -0.208580710216037 -0.198950420358335
-0.147675763293207 -0.178326032245798 -0.241851002496855 0.107604067229685
-0.193999711442024 -0.132523950177055 -0.139314458893937 0.24440752372421
-0.19507356670228 -0.0617677695183395 0.0521149198507981 0.290781087881949
-0.221210918199866 -0.023700798502264 0.207980887348351 0.380808556716458
-0.215452897226884 -0.0211709278372568 0.312513509846073 0.509472079855332
0.00133300534999673 -0.0334866969742289 -0.344359887663649 -0.40144836924366
-0.0296991061263315 -0.0213338161642963 -0.279168628882313 -0.301458517016064
0.00942722651909618 -0.00225351357037598 -0.12568176037369 -0.23780507932593
0.0161101111354641 -0.0102522566935909 0.0736200750489664 -0.184217617424152
0.0349199594426275 -0.00121170717582274 0.221133697066531 -0.0869170464974256
0.0329006535021963 -0.00295687504031482 0.17533573939856 0.175391444602011
0.0130875837950973 -0.0268538334200691 0.000988932879588347 0.440400929173806
0.0133006077944285 -0.0142096950864395 -0.195565315936044 0.507334405310739
0.00402033036447757 -0.0246236599056167 -0.276347830716552 0.468158728476304
0.00958390340423945 -0.0109239483629771 -0.228329393968139 0.316670825251814
0.0206365816608472 0.00563768857603531 -0.174312850176234 0.185914725891141
0.0175325715681795 0.0199731833261302 -0.160059648947071 0.0678461768358879
0.0179685016249673 0.0129855467550799 -0.213520864831296 -0.0427894145271283
0.00947674939384303 -0.00359050644672719 -0.312907083885689 0.0297688874653462
0.0267202987442291 -0.0246075064499161 -0.512365972548137 0.210355503445539
-0.183709971992695 0.00303260708758064 -0.299848836401334 -0.429592832602668
-0.216654678485509 -0.0160217582332434 -0.246465503608056 -0.308568187722495
-0.189335968510793 -0.021360719889422 -0.0922815807111085 -0.246717461083748
-0.181600960670318 -0.0980828944242304 0.108742947125562 -0.175959870154259
-0.113574248015645 -0.165485034573021 0.252212208690192 -0.0829481174592172
-0.0332830603339608 -0.203192782452055 0.201940141068309 0.159465967275174
0.0352849154357894 -0.257409158491908 0.00686837746107262 0.419152186274481
0.0894965086123273 -0.22722995808534 -0.176175506188917 0.471051314865767
0.094387497254938 -0.202266974045163 -0.260365544088756 0.446539256225102
0.0804661756985268 -0.151480092877103 -0.224357333851616 0.320113663862999
0.047040761329859 -0.135189455814424 -0.174153014303914 0.215779799977821
0.0210187052099742 -0.117650883639127 -0.178033169045087 0.0846871623991021
-0.026393283964787 -0.11374034695261 -0.241676945290762 -0.0174855870962497
-0.0979029830469443 -0.126245227664171 -0.326224019952418 0.071649761065234
-0.12852719613926 -0.0976911694551994 -0.499563065869745 0.249893465035014
-0.332470037283541 0.0242561586659521 -0.189251214256817 -0.458978909660955
-0.368225051414867 -0.0328449710374835 -0.154545720471365 -0.330728226694785
-0.353090346888048 -0.0660219412125526 -0.0217816947566961 -0.260155391547785
-0.343271994635796 -0.20373324669998 0.154458968641447 -0.178591018758506
-0.227096365894473 -0.327538668197875 0.265965198798826 -0.0961882155373332
-0.0747644184133676 -0.380910597476087 0.208059687821885 0.0981572574439254
0.0605577407655752 -0.44587689140269 0.0139795580714337 0.317475673226666
0.1524299379207 -0.406717889567792 -0.125656997250055 0.355341321440832
0.160309580814312 -0.367896634439856 -0.204915997120443 0.377032720739728
0.122938662159696 -0.309867865203721 -0.197892661537519 0.312125928445833
0.0352981306982799 -0.306371587940914 -0.167966754086056 0.257304265993445
-0.0252430583177387 -0.278629305737501 -0.208118973296377 0.12515014454934
-0.111753507947272 -0.240220396417846 -0.274796669014837 0.0482378739272405
-0.224511584823026 -0.224282337143417 -0.322339409859339 0.15898458870558
-0.275897202806635 -0.149471028535896 -0.436885668705332 0.325450902541714
-0.423064598586147 0.0201999687768212 -0.0246487578922824 -0.468458117483199
-0.456652486103411 -0.0845561999948903 -0.0147144410916995 -0.341977670067305
-0.442790749541497 -0.150614302021471 0.0831632294436109 -0.254377015496784
-0.41911724999677 -0.326898692174748 0.20688888705158 -0.175701931695315
-0.264408595944424 -0.460848419842997 0.265019444668874 -0.122509842921634
-0.0681299367669843 -0.500993713886227 0.202950618370594 -0.000263498061835471
0.0959848833759618 -0.555973551745032 0.0294281096080909 0.1534837052493
0.191245466321812 -0.526292013433462 -0.0572036135360566 0.180027027150815
0.181630827197405 -0.502565749829535 -0.12986094045967 0.245551208206463
0.109734808882161 -0.461656739047554 -0.159390751508449 0.262095740302629
-0.0447920770493438 -0.470243610584747 -0.15421626989684 0.280679566127357
-0.147323228029317 -0.417022870271927 -0.22767249206373 0.186260521708803
-0.245928585199841 -0.320519418237036 -0.272688375872074 0.14828555784936
-0.359262594343475 -0.260982553189927 -0.269107377897175 0.271464354933357
-0.397540601873403 -0.16027100312113 -0.318562055378005 0.41480453151033
-0.438914916823936 -0.0031617665956644 0.158651098256045 -0.444644677006009
-0.455155331369566 -0.151029623708355 0.142410585174108 -0.314223922030156
-0.422958957659679 -0.242714598365423 0.193093979445232 -0.20101934938305
-0.376312618100831 -0.416666670560352 0.252934802136561 -0.149862013522279
-0.205342855385898 -0.520096745872183 0.256416281872083 -0.147149097866721
-0.0118462953187358 -0.528692497121966 0.203442148310382 -0.112341574432619
0.13137038947696 -0.567686472181115 0.0698347592604544 -0.0359800065702473
0.197706848687614 -0.56783324471515 0.0180810785857922 -0.0275643284315379
0.158739438863872 -0.571074306408352 -0.0611554640977471 0.0600631709731301
0.0446358501682327 -0.546686310757096 -0.13551677473612 0.15366426195376
-0.16417503471991 -0.545470935352652 -0.147818807357365 0.260251317481117
-0.290453127284392 -0.455258224226071 -0.22139494248918 0.244223335263395
-0.372573293443997 -0.31179827656901 -0.211086709871568 0.247953571093896
-0.457419830082874 -0.22414015590917 -0.152433503855189 0.367367661442361
-0.464770852923679 -0.132615918673239 -0.151979599749486 0.487496512608392
-0.38451117502555 -0.0285554577161834 0.327450151695661 -0.384002443373942
-0.369598129872961 -0.195186292202131 0.273459770820164 -0.238923666677999
-0.306894846906863 -0.282022982790546 0.265268756113788 -0.102804263098973
-0.24089532877196 -0.413533298615815 0.271178939065901 -0.099244679756369
-0.0942292363830416 -0.465025763050946 0.242450187919013 -0.15683377356027
0.0572549149065313 -0.454053826238679 0.219186854196302 -0.204141275640437
0.151683724975995 -0.484225240684778 0.134744559387705 -0.207974107403216
0.177060599692862 -0.522074067038011 0.0905542037679494 -0.234522192664036
0.109083633761394 -0.546548487248163 -0.0208067449799674 -0.145973734003453
-0.0257110471622897 -0.518374043360576 -0.142771275815112 0.0130552026221278
-0.244547251546998 -0.491388101143005 -0.165850917985756 0.206808206879565
-0.362427461855015 -0.37959869802017 -0.19239633753441 0.270985748035094
-0.412453246225967 -0.225793903608191 -0.109421174452961 0.303686860994698
-0.468927942223684 -0.14285355313301 -0.00470108765498753 0.41331409416419
-0.460068651450078 -0.0858274115421076 0.0354262289833226 0.525206415073094
-0.271694777511525 -0.0323812654956143 0.452727738360871 -0.298389346506391
-0.241038731619211 -0.177638890999096 0.347227556115641 -0.143540112403244
-0.16250908941211 -0.238106918737929 0.274910862025211 -0.00127090527009871
-0.104075788174326 -0.306085666092369 0.250059651374148 -0.0501607835444439
-0.00642428513872923 -0.317386771603107 0.220826677271901 -0.150071891921109
0.0859208318960063 -0.309514424441714 0.242478069019809 -0.257503599091902
0.136327450466219 -0.337982924041584 0.209728611559915 -0.334963968498026
0.130767462934877 -0.394607433852106 0.149911539325946 -0.40686188939099
0.0592407154346005 -0.425320410454857 -0.0112285668477849 -0.327219820792564
-0.0614091971574568 -0.390864855500473 -0.175184156150445 -0.112122717881023
-0.23847388630298 -0.349020187164306 -0.202192511171725 0.151778069963154
-0.322427338389996 -0.250114202692271 -0.158264084766278 0.26703386992705
-0.343448127368064 -0.126203237010554 -0.0104097150773003 0.310894076383873
-0.380922212229228 -0.0641264032624301 0.12809905800425 0.408675764678713
-0.37047498529537 -0.0422158758687415 0.205868450232761 0.525951472574798
-0.125951525144407 -0.00871947063895379 0.518454402359304 -0.225779379553988
-0.115735576889303 -0.102268926525293 0.371345653056881 -0.0704175854753737
-0.0584553965042584 -0.13302396898715 0.246173753777113 0.0588067686713437
-0.0337893324289899 -0.157424221439952 0.213502078830901 -0.0307986573565777
0.012662627395606 -0.151840592541806 0.194551435291801 -0.144223849134878
0.0567375441851631 -0.153695347107059 0.257041637092828 -0.27617353182661
0.0763811545552794 -0.163283947514433 0.268930059346438 -0.408957262589861
0.0616175752636765 -0.20924707402537 0.185471222734967 -0.517786100042333
0.0179612346599527 -0.232544704809074 -0.0214182251341653 -0.445072303205854
-0.0466018571959719 -0.205682506774666 -0.21132648415155 -0.195017983434948
-0.149836526853647 -0.175050623634751 -0.238643545753878 0.111355350497636
-0.195074075601059 -0.128349353932507 -0.134408819329986 0.246243365901534
-0.195401028857594 -0.0582661259245249 0.0574054852949892 0.289507069727326
-0.220097609349959 -0.0201551918487956 0.213992637330916 0.375276018964564
-0.215180495438732 -0.0181947597877849 0.320617266913371 0.501032021853693
0.000743170791946111 -0.0329279574952937 -0.349854898090897 -0.39456966411626
-0.0294514566902344 -0.0200307510167677 -0.283813941107074 -0.295421077618582
0.00978328660153839 -0.00267360802151761 -0.129789139675125 -0.233557391418007
0.0161553619474082 -0.0107312786370319 0.0702769809789669 -0.183732084517298
0.0349697981501042 -0.00168767178033295 0.217824396839867 -0.0901335707178843
0.03277632501839 -0.00324327908331966 0.178527436357595 0.171578653527677
0.0122416560290056 -0.0265949869929209 0.00881577186603581 0.4367179957222
0.0128648845835531 -0.0143892924335206 -0.187855450287718 0.508040493646527
0.00297244393060929 -0.0240691651571206 -0.267527197394789 0.46809538809218
0.00938609880655606 -0.0108745997492919 -0.221026191776253 0.316176788743595
0.0202315516005606 0.00475123553960908 -0.170337618249353 0.18837919740194
0.0179418018340191 0.0191472406584039 -0.157512780672273 0.0710401899029127
0.0182716839174307 0.0122423200136397 -0.21289715900814 -0.0384901048064525
0.00933082737880097 -0.00365194805063261 -0.309545764532337 0.0339603162534105
0.0262698157123078 -0.0252092379656688 -0.50523011901315 0.218177797157488
-0.181942726283199 0.00554664610248118 -0.306710004804997 -0.423036874768039
-0.21514316057305 -0.0116522146779733 -0.25099725425712 -0.303035572316552
-0.187788110873905 -0.0181121717537246 -0.0961173377452841 -0.243827340530251
-0.182270058516295 -0.0943201424538486 0.104827920876302 -0.17629416979248
-0.115205125148674 -0.162719899581429 0.249233352145958 -0.0868950031935792
-0.0357968454794561 -0.201773745341403 0.203768370654196 0.154718508700202
0.030352830220565 -0.256181091867316 0.0139330072690397 0.416009377827515
0.0845125806137678 -0.226903124258706 -0.167354716215238 0.470355440839427
0.0897411511106145 -0.201774250997759 -0.252073750375171 0.447125799844966
0.0772683354953369 -0.151544358157392 -0.217747635280948 0.320669667733645
0.044545386880416 -0.134991225948464 -0.169697049398502 0.216732626786179
0.0193466623358171 -0.117508621155053 -0.174967554166878 0.0868577501112284
-0.0280657978879238 -0.113362723108365 -0.240559691720837 -0.0128787077154694
-0.0995621725047747 -0.123878204759482 -0.321774210950124 0.0764052609701263
-0.129333745128197 -0.09502064826068 -0.490119595580296 0.257808618268864
-0.329705133091949 0.0295790976414304 -0.196724727092248 -0.453823754338955
-0.366579020098229 -0.0260168976818773 -0.160350699343976 -0.326315178224461
-0.352351197640253 -0.060871970540112 -0.0259115513028314 -0.257830500208456
-0.345182841198241 -0.196501080838114 0.150455690633826 -0.180275499896527
-0.23158278697179 -0.320403601263007 0.262579251001692 -0.100037180768376
-0.0810457469397152 -0.377565438027624 0.209492886489195 0.0940174484951144
0.0536815455365682 -0.44367031429869 0.0191395611236741 0.315792320418471
0.14318748099264 -0.406766227398257 -0.120366086120752 0.355110358674859
0.152879014665309 -0.367188854666757 -0.198352232426844 0.376973540267147
0.117720098168812 -0.309017429791114 -0.191744878566087 0.312655516570847
0.0296873956149305 -0.30389240085921 -0.161973855948474 0.25850224788311
-0.0287624417496239 -0.276591935866466 -0.205092914432509 0.128018755791057
-0.115378795121294 -0.236978136144226 -0.272207105407213 0.053324185297273
-0.226470375197759 -0.218703850836318 -0.316826112646869 0.162820490108233
-0.276159334337117 -0.144032166185951 -0.427363224558699 0.331055470278584
-0.419954829151858 0.0275009239610809 -0.0343378619052451 -0.464819204678633
-0.454414350170383 -0.077302672232915 -0.0214880489925592 -0.339144877954165
-0.441923806709597 -0.142868082781825 0.0776537909530136 -0.254059325691339
-0.423147114350497 -0.316986433494964 0.202784189821881 -0.178625716456073
-0.270736529194966 -0.454349892311466 0.262455851670099 -0.126330224733199
-0.0748302129286506 -0.496413498952892 0.202175244299764 -0.00411882884490911
0.0867972262452031 -0.553230758597072 0.0321641232429821 0.152582766288471
0.179046674723306 -0.525884077794196 -0.0545038461161566 0.180257253524612
0.173550212045719 -0.501201458100287 -0.124867231869794 0.244567219218263
0.101734186446461 -0.460190668568757 -0.154214063316552 0.262699224004839
-0.0525683388365758 -0.466001637913301 -0.147739884668512 0.281138451709332
-0.15269092996955 -0.411172135294765 -0.223595529022705 0.189907564222609
-0.249874753818856 -0.3154085991472 -0.268403745536088 0.153327465484697
-0.361313843786216 -0.253306570197883 -0.262050421293568 0.272849034715697
-0.397573451570454 -0.15286022651758 -0.307831424346365 0.417505539294589
-0.434923538527603 0.0042381532068954 0.147408702677867 -0.444618980888805
-0.455065430539931 -0.142787063055419 0.136165625441153 -0.314427831190778
-0.422831797186667 -0.233422710669101 0.187545288478593 -0.203411863388089
-0.382513804369345 -0.408180137347718 0.249974758565807 -0.153538252639374
-0.212164548853826 -0.514324574955428 0.253369953405957 -0.150377347913353
-0.0192164577203513 -0.525668323004938 0.200626708475785 -0.114902680422991
0.122465149497262 -0.564346335506787 0.0685080334212712 -0.0358038844729245
0.186472222846147 -0.567601028046566 0.0169762239868075 -0.0275927170187624
0.148633819450662 -0.568595944922158 -0.0603138240434953 0.0599402517183127
0.0364995190824764 -0.543971839820809 -0.132236675217964 0.15399437867058
-0.173358685538628 -0.538461156573442 -0.141625073984667 0.260589250629473
-0.296479050441304 -0.447157743226868 -0.216191729202961 0.246415276867102
-0.375364947758352 -0.303303188466591 -0.204714785783356 0.250722552904631
-0.457883171796851 -0.215296949504659 -0.144775616152229 0.366871974662118
-0.464309903679742 -0.12457878176169 -0.141327583691285 0.485697310277374
-0.38239342322767 -0.0210070200787256 0.316713927604823 -0.38661727472832
-0.371015606407046 -0.187720830206003 0.26600088989286 -0.241520436258597
-0.309678637556453 -0.275043214363072 0.261976409126576 -0.107503073618639
-0.246757104600032 -0.406495097606281 0.268396672902429 -0.103383698004311
-0.101697931069917 -0.458430785361685 0.239018658783843 -0.160202814010765
0.0502357489147871 -0.450239834853216 0.214720850344953 -0.20707583762582
0.145670162973102 -0.482921258468814 0.130363359359852 -0.207883939196963
0.166838383102512 -0.521436415129634 0.0855195980965699 -0.234360614752056
0.100394252003642 -0.544376047566971 -0.0237846437375508 -0.144905129429004
-0.0328458077204755 -0.514370553443253 -0.14236919118415 0.0151659032188712
-0.253353940061665 -0.484719546998301 -0.160999829424186 0.208130315584944
-0.366538452455377 -0.372652187764835 -0.186828992344317 0.273792525873322
-0.415084899998995 -0.217566709958706 -0.103262120141341 0.304970196321825
-0.468162613709623 -0.134443681361041 0.00299939888523031 0.410724155527235
-0.458415807683576 -0.0768367870448522 0.0460869447505233 0.521135247279431
-0.269997026581163 -0.0277129267439973 0.440928478578199 -0.304967459073202
-0.24373232888618 -0.172894929825107 0.341484808048607 -0.147356879402539
-0.165530985402183 -0.233692735604051 0.273193442045861 -0.00551154958975017
-0.109206179617918 -0.301820711417642 0.247814904646235 -0.0545386298542746
-0.0114988332104175 -0.314700360457542 0.217216822834786 -0.15274744543188
0.0810159386931669 -0.308905326037934 0.23793585900258 -0.259644342998238
0.130384762448517 -0.33755190331522 0.202752519043335 -0.334976010378679
0.122932083671829 -0.393034375581312 0.141941442274913 -0.404467304994492
0.0507849386793301 -0.423832025906508 -0.0165302839480177 -0.324355280389926
-0.0668040189326321 -0.38792047298263 -0.176149942296447 -0.108819983681364
-0.242187873577544 -0.340633181164321 -0.197041699412304 0.152898878827955
-0.324894946580831 -0.243676461501118 -0.153617229016293 0.269193583973441
-0.344307562732705 -0.120548037785034 -0.00454915516124143 0.310017241987965
-0.380375251142218 -0.0577420808547121 0.134625048670147 0.403734924978928
-0.369014727836546 -0.0354088284807407 0.213827154903182 0.518206177602388
-0.124467202079653 -0.0071237671115924 0.510212910741036 -0.233877387485377
-0.117412205746414 -0.0995607344351988 0.36649647283248 -0.0765492474739963
-0.0606272596411276 -0.131459350421496 0.245584726160065 0.0540614788797073
-0.0360351909715634 -0.15543010902957 0.212119975335768 -0.0343482299505576
0.0101812028833702 -0.150839055466797 0.191145712836576 -0.145937091615461
0.0537727849038085 -0.153796655566383 0.249814357311776 -0.278273026608904
0.0743522131543342 -0.163856714187129 0.260859215358022 -0.408934611542444
0.0579423771385331 -0.208815823172529 0.175754722430827 -0.515283715395484
0.0138753432211261 -0.231509055072124 -0.0286357331951735 -0.442376291580378
-0.049400419583412 -0.203730404058031 -0.213090235906666 -0.190402491798714
-0.151664883982432 -0.17116309043674 -0.234728258341883 0.113943807871287
-0.196485236776462 -0.124288535819507 -0.128970418301396 0.24731655213856
-0.196019060575262 -0.0545299536416182 0.0621391045351616 0.286828266383391
-0.218443234841694 -0.0166368781992041 0.219969616007272 0.369618486752866
-0.214691684285762 -0.0143233674263046 0.330206518106884 0.492357390196591
-0.000104854975753639 -0.0329242582816415 -0.35482333871003 -0.385198762744988
-0.0291775234591585 -0.0188098766982145 -0.28728097827745 -0.288824770457477
0.010354998170557 -0.00304667986240641 -0.133288267162023 -0.229492918779474
0.0152956133490098 -0.0113266649439908 0.0668074686239269 -0.183818305160475
0.0349596613699488 -0.00315049125765462 0.214596960265236 -0.0925668920442519
0.0326151299995431 -0.0037549681680766 0.179668901859731 0.167983517108595
0.0113961472050206 -0.026186124301087 0.0155118617021454 0.432689678139151
0.0126613915709888 -0.0143363447739812 -0.180303230508334 0.505089519473131
0.00199369440822218 -0.02342690514299 -0.257963469474272 0.465048454751979
0.00865474223123593 -0.011037353652851 -0.215159654730212 0.316883819367611
0.0199578724442735 0.00414213373390158 -0.16574180049849 0.188934870871433
0.0187208489585782 0.0184067081468175 -0.154797809635936 0.0727965607094748
0.0181151889885153 0.0115537002368608 -0.211389371684423 -0.0342893835371238
0.00913181086157358 -0.00344322563069912 -0.306211949627562 0.0385238960674968
0.0257191027692929 -0.0259184068094934 -0.494965602392094 0.225236815700724
-0.179962364219046 0.0086683882632282 -0.311901165212426 -0.414003419487474
-0.213254770376238 -0.00778278968005924 -0.254956361950192 -0.296623243246447
-0.185583487586705 -0.0154113190013972 -0.100211222919547 -0.239334283709027
-0.1823175971299 -0.0911886777651154 0.101624851734731 -0.17696080903627
-0.116612022561657 -0.159699953304647 0.246064728816313 -0.0895296309254609
-0.0382396140614784 -0.199533718419227 0.204898311884238 0.150767678175131
0.0260914394085593 -0.254093052832665 0.0210934062026607 0.412104684806144
0.0801403674626075 -0.225644713089518 -0.159406677359355 0.468212055782125
0.0857558432974048 -0.200503037871152 -0.242555176111475 0.444716973181943
0.07430983417614 -0.151240440086582 -0.211313717844922 0.320090655961815
0.0420245042017325 -0.13481215357071 -0.164372273477503 0.217262004478788
0.0178560726877645 -0.117283321329573 -0.17195458218748 0.0895467978558448
-0.0294736569095383 -0.111985018188063 -0.237807211866039 -0.00816004530407054
-0.100556896009798 -0.120599206249087 -0.317070099591417 0.0796225191504522
-0.129724729412484 -0.0925669937521976 -0.482521901525755 0.263406709145061
-0.325625002237569 0.0342430195021431 -0.204378346178933 -0.446119460390487
-0.363952992861523 -0.0203997959975597 -0.165249593643625 -0.321053992407688
-0.34935822890806 -0.055202856106034 -0.0302899944079546 -0.255592559757955
-0.345688239488505 -0.189821596521105 0.147059972757061 -0.181416225843291
-0.233394472201093 -0.314397087532606 0.259143270192563 -0.103695813183924
-0.0854223831395705 -0.372322815589757 0.209707510928981 0.0900073137790806
0.0469712460341451 -0.439808191478318 0.024057145879743 0.312943154189854
0.135408677233823 -0.405986539298854 -0.114363373800047 0.353250269335311
0.146717532107394 -0.365218927928642 -0.191043579817491 0.375004950182795
0.112130230207853 -0.307981431113902 -0.185985223296938 0.31225881879924
0.0244766747970503 -0.301863771297216 -0.156437983401689 0.258066835191941
-0.0331356073051667 -0.273649566787593 -0.201394447617942 0.131698150566875
-0.118046541774977 -0.234165616447773 -0.268212828236131 0.0579455928233213
-0.22756084130667 -0.212868756795939 -0.310619223594687 0.165802194810512
-0.276067420800019 -0.138577212350361 -0.417510357872781 0.335029811035416
-0.414375312326516 0.0332082981877045 -0.0428177602399264 -0.461461573405347
-0.451200256603158 -0.0696491137780108 -0.0278817488401153 -0.336265743033697
-0.439695315946218 -0.135337145472521 0.0721878317930524 -0.252737150191087
-0.42406649930648 -0.308824084083135 0.198500142573388 -0.179759309478485
-0.274555836297331 -0.446331733999316 0.25841726219344 -0.129405099831987
-0.0826194228154381 -0.492013367429324 0.201754960566549 -0.00794667771699633
0.0787331101619603 -0.549160479340739 0.0345894444962036 0.151387178971491
0.168685001657261 -0.524338796823199 -0.0523280981586181 0.178985498108874
0.163926487207611 -0.498034642850711 -0.120772863922574 0.243452219694933
0.0948197329726911 -0.456864541023467 -0.149839972802018 0.262049144095783
-0.0601726552899848 -0.460943982276393 -0.141351956745297 0.280648026384222
-0.157340209462321 -0.406589906085557 -0.219700057411248 0.19233830889314
-0.253815195583356 -0.308962323717421 -0.262395164738291 0.157522188194175
-0.361017027030135 -0.245878576883232 -0.254742903338586 0.274061795762666
-0.396148984406869 -0.145596679235788 -0.296773067136538 0.418500004780192
-0.430803511899496 0.011405175472763 0.1388176221283 -0.443030140627064
-0.453089040632194 -0.134537096477905 0.128072872773659 -0.313474143799055
-0.422983390546034 -0.226528109647022 0.183530703610786 -0.204186193284416
-0.385001339732285 -0.398172820822921 0.24660039003285 -0.156605379155893
-0.218307252562396 -0.505077701103943 0.249369626526906 -0.153739807349482
-0.0271032076823767 -0.521081234825949 0.199035984452247 -0.117467006515945
0.112904356877526 -0.560872516333702 0.0676692966693636 -0.0360204261259231
0.176415055269237 -0.564998798740277 0.0161926651119945 -0.027796441415304
0.139312613106229 -0.564817167470504 -0.059455746809364 0.0591820996402713
0.0297507139342613 -0.538918672986459 -0.129309218875733 0.154420089946893
-0.179663774788322 -0.531017485382689 -0.135431383766268 0.259872155382537
-0.299803104955737 -0.438955310432538 -0.210734961778469 0.248495944237571
-0.376934265456543 -0.294882337492499 -0.198413111607577 0.252753159035218
-0.456841825423394 -0.206454776056535 -0.138103606567084 0.364975352613635
-0.462797609695954 -0.116357265352857 -0.13034661159317 0.485081173073669
-0.378492371183561 -0.0146793752696511 0.304970069512494 -0.388400831800546
-0.372070707677747 -0.179778753829485 0.259437234682413 -0.243319500976014
-0.30966747428287 -0.269966478058244 0.257739079694126 -0.110133572210426
-0.251919644837963 -0.39899742353733 0.26486932862504 -0.106555311692445
-0.107263282154528 -0.452881226875611 0.236008524939915 -0.162261477417609
0.0432776928749418 -0.447159103500036 0.210727320126592 -0.208533583382076
0.135813782812879 -0.480367522509681 0.127061377813212 -0.206702904323359
0.157330771415464 -0.519248961732675 0.0812109546997422 -0.232626443907073
0.0903560443037967 -0.540663765894537 -0.0265738827878527 -0.143629472587072
-0.0401459446619751 -0.509108358941848 -0.141103066072565 0.0166792549111986
-0.258250277950384 -0.476399968129179 -0.155509225497501 0.208235017645901
-0.367764644583861 -0.362857410807509 -0.181348190581181 0.274354020510301
-0.41553628612681 -0.209913144964479 -0.096603830694666 0.304858374465798
-0.465976727743115 -0.126925123966149 0.00910439612420652 0.406193498503185
-0.454818269150359 -0.0689032857873178 0.05562569546957 0.514938642170927
-0.267394827399839 -0.0233239659139045 0.431920595357153 -0.309090126171262
-0.24464871870082 -0.166821532596965 0.335713487981155 -0.151594877445896
-0.167723803201967 -0.229411527854347 0.270534454137372 -0.00973693107348613
-0.112800713998786 -0.29606999712385 0.24498977684158 -0.0578227538340573
-0.0172892212196376 -0.310926624417799 0.213643575767388 -0.155188930656276
0.0757780292366009 -0.307048365164172 0.232620158146105 -0.261281446367345
0.125767983380958 -0.336267558719678 0.196767308668867 -0.333971616078048
0.11597947203791 -0.392782742080201 0.134200616870591 -0.403014681541662
0.0445159599307102 -0.420428055854694 -0.0218954451835819 -0.322003471380918
-0.070944901078947 -0.382985067379201 -0.176868031640947 -0.106377741175876
-0.246831448765029 -0.335110570715527 -0.193016323448565 0.154117690699012
-0.325555615887871 -0.23615873934297 -0.148491723649344 0.269316945924004
-0.343733254136873 -0.114249526811136 0.00119796335876411 0.308150659527262
-0.377029430016992 -0.0526282140552577 0.140414516030243 0.397544471635947
-0.366638142391995 -0.029324881337401 0.222570041698097 0.509991966259908
-0.123064764043376 -0.00462497662099889 0.501698675190601 -0.239292327302239
-0.118389052591982 -0.0966425351501221 0.361681669709334 -0.081640093561136
-0.0619061509990181 -0.129118596213312 0.244750762094763 0.0492887963866064
-0.0386501789942751 -0.152243557525971 0.209844572437813 -0.0376041565607802
0.00753992201791072 -0.149129725556346 0.18714054923227 -0.147802138752503
0.0508416516224499 -0.152923027180371 0.243790107976055 -0.279024315872615
0.0717973486560546 -0.163440863640065 0.253186208430319 -0.409090637485741
0.0537016402134208 -0.207230945908898 0.167395595852509 -0.514147983532254
0.00956075962860176 -0.229458480639065 -0.0352535102981863 -0.437535611698619
-0.051757761719435 -0.201537905739273 -0.215015629090889 -0.186323306449624
-0.153242536781654 -0.167133061373767 -0.230785464308605 0.11581128674474
-0.196298614069611 -0.120078134140765 -0.124611239497971 0.247492354603838
-0.195007743820694 -0.0514570352638953 0.0666334828669062 0.284148196542959
-0.21641046423106 -0.0134269587245786 0.223791034640857 0.363016208309324
-0.212839046132282 -0.0106554185746123 0.336507301106012 0.481622574491194
-0.000299669332175088 -0.0320419397706066 -0.35821502258475 -0.378375095987887
-0.0284911115560833 -0.0171607216262108 -0.289584423653458 -0.281946581887865
0.0105876028775444 -0.00342038825464969 -0.135875185554745 -0.225369249635226
0.0151890687540196 -0.0116007499165603 0.0630103461713132 -0.182679669766064
0.0347568704368516 -0.00356536818289584 0.210512530168702 -0.0944461472549745
0.0323541669153339 -0.00407601673150943 0.181302855846211 0.163340459110548
0.0107607015255516 -0.0253825777926536 0.0213792942818654 0.427359345537777
0.0125250378437658 -0.0139570798996739 -0.171233729901085 0.500698717101023
0.00131472649171104 -0.0228997083025685 -0.249363495887524 0.464073454027749
0.00815412495575793 -0.0111816084709944 -0.210365446146274 0.315656563309766
0.0196141241250187 0.00321655572873582 -0.161832455890423 0.189191530532613
0.0185877777546725 0.0172610782290242 -0.151774860635339 0.0749891229351214
0.0179372292521289 0.0109893052029957 -0.209082827366098 -0.0307935407216204
0.00895989210462394 -0.00350679670470622 -0.30080703724153 0.0417893445557913
0.024997134898003 -0.0263296099970228 -0.486061578075814 0.228513491837276
-0.177302608703391 0.0112990357854055 -0.317163060923931 -0.404875842672408
-0.210884532478176 -0.00424996029893251 -0.257785034622838 -0.290342676774757
-0.183342406696917 -0.012420374641468 -0.103230087894126 -0.235725899472395
-0.181714272408897 -0.0867270902787223 0.0982880657703362 -0.176493360599983
-0.117822060820552 -0.155865452692489 0.241530124340541 -0.0924204672580089
-0.039961861018886 -0.196614480951621 0.205494888605817 0.145995739521321
0.0220725486182262 -0.251386973371536 0.0266178398376455 0.407199490948715
0.0764545709006992 -0.224887523069473 -0.15117014127362 0.463752304276328
0.0820974143038362 -0.199036463377027 -0.234679455867328 0.441979256266963
0.0716262195344887 -0.15039693017676 -0.2044859516307 0.317500438857491
0.039316742069977 -0.1337712478522 -0.158914206654953 0.21703454720333
0.0163403455001343 -0.116278639936783 -0.169475306195572 0.0916411444438305
-0.03099830100958 -0.110453580830725 -0.234731322024632 -0.00359662643129464
-0.100411843895439 -0.118067472260389 -0.31185577470177 0.0826985262805992
-0.129710596167778 -0.0899287538959378 -0.471711581184803 0.266650923163533
-0.321607129487027 0.0388123385161925 -0.210185069041792 -0.438667878690945
-0.359868587617323 -0.0150486768081562 -0.169589710209939 -0.315811456341364
-0.345633555283747 -0.0502775053499685 -0.0341524470450705 -0.25195672996296
-0.344768060217972 -0.183190474080941 0.142965593469613 -0.181636564925471
-0.236359056322509 -0.308206609619298 0.255658961741852 -0.106370379241447
-0.089169418064899 -0.36813179754199 0.209106221740167 0.0852513262782165
0.0399059269648803 -0.43583742744639 0.028320830400577 0.309888986747595
0.128727476023057 -0.402966595141332 -0.109185269728853 0.350835951662974
0.140119244332432 -0.362317630434206 -0.183321969187087 0.371323707885734
0.10778041211491 -0.3059235905087 -0.180114754895622 0.31014642752803
0.0199033758225479 -0.29909767470585 -0.150813290558147 0.257524186878638
-0.0359739641274739 -0.270682379650478 -0.19757859564299 0.133497917988038
-0.120201219559037 -0.229947958751128 -0.264146143309724 0.0619259197381686
-0.227633328801162 -0.207312332082047 -0.304598099130049 0.167023836944935
-0.274704569371475 -0.133123029787257 -0.406735214551056 0.33775483872057
-0.408974285129721 0.0391024005276482 -0.0525229168292025 -0.456024022348297
-0.448385080673887 -0.0623494142135038 -0.0338129990329816 -0.332041494495322
-0.437404042844966 -0.128411248793146 0.0676864207749488 -0.25121092600588
-0.424228735666555 -0.299170625578463 0.193782421133935 -0.180670100982715
-0.278010212269535 -0.438083045735431 0.254753351016677 -0.132919529028601
-0.0868363914210106 -0.484634160709474 0.200023526322377 -0.0110494155944366
0.0695453818563246 -0.544579839938935 0.0367553503620244 0.149938615250527
0.159820244909508 -0.521244624762003 -0.0500256212082905 0.177911348255839
0.154364841816275 -0.495284140950586 -0.116036862640634 0.241361847697523
0.0883213741625791 -0.452650948800269 -0.145103405051925 0.260266215502519
-0.0646783479983433 -0.454124730658609 -0.135940530160442 0.278781896826233
-0.160343663445691 -0.399863676242958 -0.21407472848048 0.194236756677717
-0.255178959705807 -0.302444243229959 -0.256923124369803 0.16024327652144
-0.360884792379001 -0.237720764429417 -0.247190948188311 0.273810344519266
-0.394232775785529 -0.139213503902343 -0.286187068690198 0.417520537320904
-0.424386750085086 0.0160523589426171 0.128214988285651 -0.440971222005122
-0.451661326360077 -0.125686414921265 0.121408101724778 -0.311433597770782
-0.421904771307278 -0.218492567549777 0.178282406835903 -0.204546501985993
-0.38660173910207 -0.388073857472342 0.241786658219929 -0.157997287018864
-0.222642249014929 -0.495923628573431 0.244986954672233 -0.156169332652904
-0.0323332535309603 -0.514602581262612 0.195671437871337 -0.119841464003496
0.104627169987638 -0.555969846253789 0.0666537079865801 -0.0353501681762704
0.16522989244851 -0.561049573318862 0.0154816795064754 -0.0273610148056227
0.129250099356197 -0.561013570496887 -0.0591491162343947 0.0591602015465175
0.0209965892026816 -0.531979936348125 -0.126168331762811 0.153923188007696
-0.1845501893598 -0.523956495870094 -0.130065549104414 0.257722966936361
-0.302176504198909 -0.42995539506325 -0.204872184437368 0.249080575694306
-0.377038654121822 -0.287282311833323 -0.192029509997509 0.253816063094907
-0.45328534026122 -0.198912280791006 -0.130823695707053 0.362458174757344
-0.458608048712247 -0.109188152309068 -0.121904968617781 0.481028961804751
-0.373282755524028 -0.00846482671848669 0.294764117432794 -0.388676065162578
-0.37021868715958 -0.173370648105163 0.252782427294041 -0.243253660821487
-0.31037254664074 -0.263694063090328 0.254025753653046 -0.111712167490483
-0.254980883357285 -0.389589939026607 0.261061156472215 -0.108995022669824
-0.113129681724869 -0.446437861569014 0.231178960078831 -0.164100692759222
0.0367785854208169 -0.444410077707672 0.206343218706463 -0.209359824775306
0.128733219867631 -0.476649712034443 0.122306208296592 -0.205485849359106
0.14798491364007 -0.514697522419341 0.0769731869469254 -0.231210861194339
0.0829283013671859 -0.534974183617552 -0.0291592892433568 -0.142257207572705
-0.0457282855602918 -0.504044047603257 -0.13973754416767 0.0180770755708202
-0.261499351507905 -0.467108350042833 -0.150559433105465 0.207339019106387
-0.36899709137982 -0.355239134024404 -0.175812480508632 0.275189069084747
-0.413398132074 -0.202956751527147 -0.0903768306117075 0.30411722616407
-0.46213171153927 -0.118887076551347 0.0158372513667655 0.401289891458871
-0.450667481721669 -0.0634883414711416 0.0633661978030042 0.508692220975137
-0.264286439901178 -0.0195843832857677 0.420992157714904 -0.31136526437456
-0.244423018966614 -0.162156790696577 0.32908874996731 -0.154194863958752
-0.169389758745972 -0.224387406815497 0.268398953462756 -0.0132737913291155
-0.115585628738148 -0.290920862914163 0.242398419885732 -0.0607713847722649
-0.021414347102115 -0.306674125463426 0.20988076409926 -0.156363421204602
0.0706225261764001 -0.305116176413438 0.225812378096976 -0.261245910182369
0.12056477818157 -0.334147016492166 0.189318581914536 -0.332036110450433
0.108155359062724 -0.38998331634957 0.128275459514201 -0.400005388870602
0.0382588030224845 -0.416467753194332 -0.026695226208178 -0.317497077515693
-0.0753358680541657 -0.378317938310563 -0.176883991783671 -0.10302562844314
-0.247418899057959 -0.32836500497399 -0.188775990747069 0.154728921760394
-0.325148781020111 -0.23048982571088 -0.143591099037765 0.269145010566371
-0.341800168789308 -0.107995020615265 0.00619034879422391 0.305611589542975
-0.373056251713224 -0.0467638456501033 0.144980967340753 0.392236915730761
-0.364021700467804 -0.0238427892220252 0.228196982983581 0.501949818802237
-0.121119924737421 -0.00312916063616982 0.491843155228844 -0.242653728066537
-0.118302921607546 -0.0936786055869237 0.3558562607746 -0.0859790974762793
-0.0635184445090975 -0.1267113263365 0.243255633895809 0.0456198156333249
-0.0407700809493808 -0.149994659641778 0.207745541605447 -0.0404078654923396
0.00548604230354366 -0.147346605736377 0.183830199483678 -0.148901963008391
0.048122914289302 -0.151509719304264 0.238578425961643 -0.279436475352602
0.0694678431454971 -0.162075576108947 0.24364592311403 -0.406286028915067
0.0506232336346486 -0.205763581159081 0.158803021868671 -0.510201415081826
0.00647196717666772 -0.226536285915988 -0.0425047561827267 -0.432022780661477
-0.0534349686716427 -0.198761936100361 -0.215392791653813 -0.181471768857826
-0.154021713027431 -0.163191271257222 -0.226530311709261 0.117905564205278
-0.19569236131566 -0.116494191457166 -0.1198098380176 0.247034079529251
-0.193985996124652 -0.0480170517354403 0.0700969641324335 0.280813166974793
-0.21371712300701 -0.0105255306606144 0.227477391801392 0.35658848395308
-0.211259926464839 -0.0078875588214126 0.341818881013954 0.471573439389925
-0.00107368035132969 -0.0317515905197393 -0.360104232771869 -0.368878044223632
-0.0276510729394701 -0.0162419235619413 -0.290485322298306 -0.275425478291412
0.0114155011215914 -0.00317799211089689 -0.136842344675522 -0.221107861572252
0.0146806676616842 -0.0114393916664263 0.0606178585487744 -0.181098060866231
0.0343747794296557 -0.00418651999938657 0.206521472969541 -0.0955520703736851
0.0322164721588253 -0.00440744605540612 0.181285957069571 0.158749997068429
0.0100313512989984 -0.0252049112927308 0.0257555069599342 0.420900113880005
0.0118733589738357 -0.0138671627152807 -0.165389629113525 0.49637903602413
0.000469484499482468 -0.0220085857920592 -0.241083281496123 0.459924987887342
0.00774116894057345 -0.0107121108152037 -0.202984214707695 0.312002548449223
0.0196330693608547 0.00285588320615661 -0.157737742669105 0.18853005552342
0.0190397337371491 0.0169468846767467 -0.148677644527412 0.0763559059905429
0.0176895704419784 0.0103911807270947 -0.206386064562362 -0.0274515589687964
0.00869529962126752 -0.00365942161496037 -0.296509277235743 0.0439618284287323
0.0248914414538779 -0.0269439500368727 -0.477267807614487 0.231558126185693
-0.175329538058066 0.0132595108314387 -0.318280774993156 -0.395991411328373
-0.208517451799494 -0.00143611431831761 -0.259469242969578 -0.283969629512125
-0.180507893185173 -0.0111168723964186 -0.104662840416787 -0.231731474281585
-0.180799641558347 -0.0842676754215453 0.0958455654040878 -0.175673302991415
-0.117985104507331 -0.153676563898383 0.237822047335399 -0.0936826023664951
-0.0415367821041727 -0.194103921663424 0.205269230515792 0.141708629768039
0.0194601436284962 -0.248015416600569 0.0307738013521789 0.401758721063117
0.0724566838919639 -0.222963953938537 -0.145871489344706 0.460881616517483
0.078657684095345 -0.197182541994777 -0.227589643742568 0.437346176098928
0.0691282825998805 -0.149136700316977 -0.199263455894522 0.315876070882056
0.0373519375764407 -0.132565478927299 -0.154287213441432 0.215927814361044
0.0153153546643473 -0.115174752027623 -0.165798566738653 0.0929873725300449
-0.0321067711320432 -0.108889634774814 -0.23169469050455 -0.00104492006793591
-0.100697049425468 -0.114792987555275 -0.306357393433301 0.0845066474565673
-0.128666966591945 -0.0879020612646829 -0.462359768507217 0.268696032998475
-0.316095022376154 0.0413816387176503 -0.214228291160267 -0.432312003076976
-0.355567005912801 -0.0101105312340843 -0.172063824715861 -0.310013009533936
-0.340806652434031 -0.0462069672022562 -0.0378843612456419 -0.247919929473466
-0.34181828274825 -0.177469353859383 0.139835184793356 -0.180803331067974
-0.237064924297185 -0.302161885111823 0.251896264345564 -0.107955777536451
-0.0902681303877948 -0.363135156524967 0.208166709338653 0.0815358907656905
0.033379092526186 -0.430943652108131 0.0319719426080292 0.306145214288761
0.121757740377431 -0.399470132033185 -0.10540314648568 0.34761506799523
0.134307539434242 -0.3594237860645 -0.178117162796051 0.367647502405973
0.102524143843592 -0.302660644326986 -0.175479429555107 0.307506686784946
0.016258411282319 -0.295629222728541 -0.145992439429167 0.255872496499687
-0.0379862577738551 -0.267014248637586 -0.193433006293783 0.134176634249027
-0.121520834299631 -0.22602999318524 -0.260460141987501 0.0652139772074689
-0.226587142323498 -0.201992900575365 -0.298515256751316 0.167731939497028
-0.273170577298833 -0.128390478364694 -0.396087653195564 0.338096522764015
-0.403521685531049 0.042992817718957 -0.0576370637937193 -0.449319923836424
-0.443877347322595 -0.0558703751582834 -0.0369711657483613 -0.32744902643758
-0.430808504099303 -0.121056782187806 0.0631856571068199 -0.248927596138127
-0.422132741927558 -0.29106463344753 0.190427312356831 -0.181662690313225
-0.279612305216014 -0.428656612306145 0.250397428515935 -0.133829529131692
-0.0900220426066545 -0.479800013481866 0.197866630141394 -0.0133330894257157
0.063285261890974 -0.536980090545462 0.0381971499786858 0.148484119600469
0.153265939857154 -0.51648292681712 -0.0481854070729491 0.17548301308162
0.147585330865306 -0.490433145871056 -0.112543586828093 0.238474106568638
0.0827857435475744 -0.448126616710832 -0.140869182199817 0.257872709748587
-0.0698658527766282 -0.447922025546668 -0.129742701165785 0.276716366098454
-0.162807242798078 -0.392574716394669 -0.209057157504665 0.194723678437557
-0.255689716039326 -0.295905575945716 -0.251631523923571 0.162103042582359
-0.359643583498351 -0.231125303726622 -0.240469349961797 0.272025149337915
-0.391534019084951 -0.133116760894995 -0.276653705481298 0.415966313955744
-0.418776796803423 0.0216149014125962 0.118821779151036 -0.436039684532417
-0.4474702306834 -0.119757432089509 0.116098650894267 -0.309419527533942
-0.419770998177002 -0.210905924821223 0.174109259010686 -0.204395615585378
-0.385427807981297 -0.379132805330317 0.236955051280054 -0.15968414527564
-0.226504982921152 -0.487013217030925 0.241071748213989 -0.157582281803147
-0.0366485922283191 -0.508166880806188 0.191726716189569 -0.121186807199996
0.0983771715965552 -0.549650710922572 0.0661923765752946 -0.0350818820493573
0.157273768839841 -0.555850707979717 0.014183620297007 -0.0272020959441303
0.122106735764323 -0.554171138458673 -0.058196292145742 0.0582585108219376
0.0166256297362496 -0.526704295454526 -0.123503892653655 0.153002351311738
-0.189257138830022 -0.514694934292974 -0.124550223604424 0.256571377529984
-0.302741121113034 -0.42241874974234 -0.199921034075438 0.249155183180343
-0.376572268071298 -0.279886579868907 -0.186049710593767 0.254143712346426
-0.450922085722122 -0.191658099458917 -0.12405091263397 0.359136958619471
-0.456017349913826 -0.102014663533851 -0.112507305447374 0.476309320855945
-0.367433088001861 -0.00554633801474842 0.285826128785607 -0.387707178406395
-0.368507090064804 -0.166610679398571 0.245759609120013 -0.243312146449509
-0.310332094416262 -0.255088862079374 0.249826053446752 -0.113881100510362
-0.255952142454211 -0.381632984832316 0.256882727620486 -0.110356648054064
-0.115924280883003 -0.438351003603856 0.22749385616571 -0.164923203588709
0.0322699379456182 -0.438744854328902 0.201266506656395 -0.20948093569562
0.123359916391561 -0.472231188188576 0.118559115385546 -0.202973097956257
0.140611918589593 -0.509825043685399 0.0739016796975851 -0.228484966866131
0.0761913844288589 -0.528611755681501 -0.0307102568469578 -0.140484577504746
-0.0495203956955771 -0.497435160434466 -0.138232529005588 0.0193743912830113
-0.263587091789735 -0.45844784749724 -0.14559640346615 0.205888398703801
-0.3675717532327 -0.346331849563499 -0.171214689306867 0.273551163907978
-0.41121529154864 -0.194980282352632 -0.0851784087962626 0.302203939505332
-0.45692396115525 -0.113962905084996 0.0204840770269154 0.396163069420589
-0.446051610768866 -0.0577340652654479 0.0708712987112226 0.5011431997952
-0.260487570109339 -0.0164291716626819 0.411019665794455 -0.311824296486135
-0.243918298642261 -0.157476300104357 0.322897780815575 -0.155824447536887
-0.169947301300458 -0.219629299777802 0.26495308227741 -0.0160910733426366
-0.117900375762908 -0.28487582838593 0.238786805122255 -0.0632401722952901
-0.0241041912314374 -0.302019588097494 0.2059365956759 -0.156847372521355
0.0665755625388115 -0.301464973370672 0.221493743563032 -0.259936485918863
0.116303906445477 -0.331035470877088 0.184494251498007 -0.329531316748921
0.103295776494464 -0.385366020735266 0.122334801831001 -0.395732386348128
0.0327665022020267 -0.411313611713484 -0.0308541348671044 -0.313217821641635
-0.0777730786386667 -0.373519039216271 -0.17633471216026 -0.0999940516211897
-0.248538303152992 -0.320152529042672 -0.184390101154115 0.15430270778517
-0.322107994402463 -0.222797042957624 -0.138185940371009 0.267521792733243
-0.339474935443508 -0.1029261720543 0.0104663043259739 0.302381088517222
-0.368704629664239 -0.0419850899210412 0.148267236367489 0.38555355444069
-0.359935644596564 -0.0207778060046191 0.233565364243135 0.492630755120799
-0.119105166144589 -0.0018816427735298 0.482252186954941 -0.245810644984477
-0.118468412641766 -0.091049073047169 0.349912661292192 -0.0890214495922685
-0.0646991156266825 -0.124406471035322 0.241386264876895 0.0421928763723997
-0.0416208221612586 -0.146803312017343 0.204497377988847 -0.0420890363488449
0.00376608867255117 -0.144822545820809 0.180080143121571 -0.148964898778817
0.0456009208730974 -0.150231118914301 0.23224581032457 -0.277847618638299
0.0673430811041723 -0.160788978125376 0.238180806661005 -0.402836870208436
0.0477708151363934 -0.203083139820655 0.152611166834111 -0.504765236957474
0.00357822912694994 -0.223432487738953 -0.0457222321191399 -0.425632531841831
-0.0549669845413763 -0.195312610663234 -0.214978358031059 -0.177338409502039
-0.153531280869252 -0.159014628656718 -0.221651500680059 0.118309145159849
-0.194661609386884 -0.112273884475879 -0.116060254946682 0.2458313075259
-0.192580366199013 -0.0454990896973152 0.0728507168835569 0.27755913059203
-0.211560421261373 -0.00841948935085195 0.229580491955242 0.349884426763875
-0.209236482527978 -0.00533744313256421 0.344931005593083 0.461276632274326
-0.00133164085027298 -0.0307523932383924 -0.359023139095585 -0.361381165599199
-0.0271544268174877 -0.0154140230914187 -0.291806824408491 -0.269012601295659
0.0118600349402521 -0.00393436247957155 -0.137846342382163 -0.21646944301814
0.0143762463053372 -0.0113280630198042 0.0580524242451756 -0.179699513843479
0.0339217892322483 -0.00517784392173197 0.203184234193737 -0.0961907482011246
0.0322939058952214 -0.00470712811985031 0.180456477806963 0.155312375464007
0.00896148942047908 -0.0238590810356249 0.0299172709474814 0.414894375654254
0.0113826141324881 -0.0136641178358447 -0.160636365641532 0.489770379154263
-8.18236975932227E-05 -0.0210734995414784 -0.234173929259358 0.453324443342936
0.00777748101278807 -0.0109736435062399 -0.198738130161542 0.308864326362966
0.0190962934945445 0.00233152432820011 -0.152800636508979 0.187211192552251
0.0190550388733571 0.0157837525835152 -0.145612061400108 0.0769856451025251
0.0173515776467664 0.0101206760090944 -0.203589824714438 -0.0253244329182618
0.00846785400522096 -0.00317099195395332 -0.291530460502337 0.0459986468337096
0.0241184549596886 -0.026806369321282 -0.467623981588064 0.232628590157079
-0.172034696410944 0.0148160493230124 -0.320525108544432 -0.388399013357325
-0.205522603659654 0.00100063399151464 -0.259313792126665 -0.27749372470019
-0.177869374259772 -0.00952012101422044 -0.105757287717213 -0.227569981678878
-0.17846580957766 -0.0815402501051089 0.09249129243864 -0.174259843359608
-0.117723337476698 -0.150697990669079 0.234074491399939 -0.0952563334491285
-0.0417592087732542 -0.191090526862181 0.20392863033151 0.137569158097252
0.0166677969770837 -0.244376432597268 0.0346417520877452 0.395539963989997
0.0695004559502014 -0.219514304401297 -0.141247288013396 0.453859958534997
0.0752959765330754 -0.194390087684868 -0.220358729016872 0.433136830469682
0.0671766334775686 -0.147465962998635 -0.194748906833435 0.311662312908446
0.0354623256005292 -0.131259704275221 -0.15023417196069 0.214262529691194
0.014322776959351 -0.113972044464472 -0.162448225239039 0.0935636009845137
-0.0326240271131702 -0.107558107900017 -0.228557359978003 0.0021392371971691
-0.100771420779933 -0.112410876031243 -0.301191119084458 0.0860447221122402
-0.127848975714661 -0.0853434989306477 -0.451690403770892 0.270455441015713
-0.311497032656943 0.043815548492032 -0.216802785602407 -0.423360686160623
-0.351219095880523 -0.0065365207352589 -0.173395699927229 -0.30438504343637
-0.33692430777941 -0.0428756434892049 -0.0391940769334848 -0.244506368264658
-0.339672032397274 -0.171924298899986 0.136502215902284 -0.180384037596236
-0.236731486848714 -0.296466654098109 0.247929473616382 -0.109232364073585
-0.0925192495333845 -0.35679564497785 0.206337185174562 0.0778719769970795
0.0295890224157554 -0.424144701630936 0.0343685867387877 0.301755764642263
0.117285884841033 -0.394870154037953 -0.101868638622823 0.342988132868036
0.128426147428662 -0.35442681742634 -0.172502269070933 0.363250813187565
0.0995611809078356 -0.299885475666438 -0.171460890702685 0.304492664911002
0.0131983521171623 -0.29082816612708 -0.14051543952264 0.253864928218253
-0.0396263840210433 -0.26354470704007 -0.189645511533344 0.134890604947806
-0.122444201174412 -0.222277693575529 -0.255005332865686 0.0680402539610803
-0.225981866472291 -0.197523610526576 -0.292360782211767 0.167869890869283
-0.270535777382896 -0.124495024219807 -0.386954551610532 0.336288391874955
-0.396190042517642 0.0458066360390432 -0.0629676682772112 -0.443502443832487
-0.438672492833219 -0.0518021201978969 -0.0410027817364662 -0.322660085668919
-0.426523742470039 -0.11685087525994 0.0603488778957737 -0.245171162334523
-0.419400772343632 -0.282580167215909 0.186225821364006 -0.180883537363854
-0.280125242215532 -0.420959688191195 0.246625395016007 -0.13504444439306
-0.0919474183420669 -0.471354399663038 0.19544907755916 -0.0160807890603689
0.0571779577036645 -0.53050814233563 0.0395937411050328 0.146730825391357
0.145381644644986 -0.51066134897512 -0.0463703280647818 0.17358616422699
0.142200486113293 -0.484329520951085 -0.109670817764056 0.235929877971793
0.0783936759094021 -0.443070800822915 -0.137938316362689 0.254926663930067
-0.0731966724527411 -0.441418080500142 -0.125067509150928 0.274010161568791
-0.161775254093969 -0.386630556906051 -0.20502507320817 0.193729302295503
-0.255142398814018 -0.289864203136799 -0.245775847344275 0.163533878771304
-0.356027556595779 -0.22470785868977 -0.234897938059843 0.26954735284894
-0.386309300284569 -0.126551281502011 -0.268319488858537 0.412050557761667
-0.411307771556273 0.0253424992681229 0.111620491050639 -0.431374597071957
-0.443409571285663 -0.114384970948698 0.111311798121802 -0.305559389278284
-0.415062481799215 -0.204895595839878 0.169401377387123 -0.202271932610546
-0.384842385607222 -0.369527565837458 0.232750559940863 -0.159441373869111
-0.227867521270519 -0.477921835626703 0.237632405394412 -0.158272130982456
-0.0404531887555166 -0.499806981845746 0.189459151224471 -0.121604003318735
0.0926798994865237 -0.543760549796728 0.0652641360421433 -0.0341284673729432
0.149686943808164 -0.549154715174743 0.0135813741418595 -0.0264030063396831
0.116082967315785 -0.546651517112703 -0.0573615672171851 0.0569686159794612
0.0115976428071036 -0.518804379021797 -0.120863318856914 0.15168842674648
-0.192082350659332 -0.506124461377033 -0.119863599265942 0.253419509835765
-0.301945049195338 -0.413854972657121 -0.1959283774307 0.247931258603401
-0.375073144865193 -0.273558962093094 -0.180393999350586 0.253466310262523
-0.446038103925447 -0.185705211676798 -0.119086624211507 0.354389692447519
-0.451158479396892 -0.0976460534844475 -0.106037618001023 0.470044515380349
-0.361898538975161 -0.00178101987452719 0.276986988960508 -0.383742158444195
-0.365606115098518 -0.160840406405531 0.239732389681684 -0.241905050380304
-0.308639961800314 -0.249231705228329 0.245773455208651 -0.1134726181095
-0.256716057720713 -0.372475501398269 0.253039082255369 -0.112032195146523
-0.117909089453232 -0.431715905955727 0.22359226429364 -0.165283397813476
0.0290891426851824 -0.432926023398822 0.197848570998228 -0.208693353815169
0.118372243908308 -0.467293986369437 0.115508424733248 -0.200928196946833
0.133724026368879 -0.504264280363323 0.070547820163954 -0.225696559111914
0.0701212453353306 -0.523271771434067 -0.0325196969116647 -0.138450628509242
-0.0536318534557815 -0.490675133359043 -0.136899353771774 0.0201276195901766
-0.26527394842179 -0.44869656981211 -0.140732065277498 0.203598967907599
-0.366072597837691 -0.338946678689161 -0.166391500730253 0.272215505970801
-0.408174197218772 -0.188950219451628 -0.0804173481064245 0.299848909397251
-0.451320459242189 -0.108044437469294 0.0230381861468328 0.390375536064815
-0.441517795662901 -0.0525971494389229 0.0753538135316098 0.493124325507116
-0.255974946277562 -0.0134853389418309 0.40206777500839 -0.311593940139985
-0.242643400048152 -0.152695832965808 0.31594331268394 -0.156379656543238
-0.169466699542813 -0.214851793639043 0.261421898579373 -0.0186320517908877
-0.118711215308924 -0.278883857978499 0.235390676007572 -0.0646765000415364
-0.0267626234423245 -0.296958225178145 0.202539948986877 -0.156845474063701
0.0639553005323428 -0.297961679543797 0.217167345713192 -0.258380768916322
0.112137481277043 -0.32663633883914 0.178911292083983 -0.324735751647527
0.0979616042743151 -0.381002876909444 0.117106222991972 -0.390333915224981
0.0288900731325535 -0.405722274220891 -0.0336771770495296 -0.308233232674711
-0.0787054173329279 -0.367303437354781 -0.174876904614122 -0.0973502696845383
-0.248903497070915 -0.313782158839677 -0.179446527293658 0.153507298556095
-0.320887824546234 -0.217336131505506 -0.134492426637325 0.266543626407706
-0.336481228912601 -0.0981359662908746 0.0133798468562439 0.299078110651624
-0.363246246212311 -0.0392446488527453 0.150386076168929 0.378506915254635
-0.355347598813998 -0.0161368789889096 0.237938024400677 0.481561933535155
-0.117086192904792 -0.000711711465165896 0.472358456949922 -0.246573169246127
-0.118465079085516 -0.0882342583033829 0.343679866684157 -0.0913485053499311
-0.0643810442324123 -0.121985119239589 0.238272457729263 0.0390602364727828
-0.0425472406331299 -0.143493866891546 0.20171511345873 -0.0443758773140126
0.00224706221682497 -0.142132738496115 0.17646693465118 -0.148595515883994
0.0435490627213043 -0.148266193164505 0.227463979630813 -0.274768690929181
0.0657914239759753 -0.15909822553493 0.231921445529021 -0.398706393256562
0.0450944467846452 -0.201059064275328 0.146238154908276 -0.49861191821097
0.00108755473719158 -0.220198851684338 -0.0498080281476111 -0.419161281320234
-0.0555877334171219 -0.192617259776288 -0.214095159706686 -0.173035810585322
-0.153121540759904 -0.154905408089086 -0.217006647918857 0.118290710611145
-0.193470243525176 -0.109373207321847 -0.112683441837511 0.244215412072385
-0.190682307680458 -0.0426963383892089 0.0751230142298321 0.273437452250863
-0.20821156184179 -0.0067948033190033 0.230690096919703 0.342996430394971
-0.206953818388735 -0.0031538986547847 0.346229760702184 0.450798394098538
-0.015142490779954 -0.030032432690447 -0.410049512008412 -0.295349792371901
-0.0337415927804487 -0.00701290377106894 -0.332190310116734 -0.221099559572887
0.006837775806423 -0.00499658529998187 -0.168046829766706 -0.192324319786247
0.00833546636474314 -0.015622214468497 0.0324872144316349 -0.186225268142353
0.031326225100223 -0.0138365013238034 0.188264656789202 -0.125560129252581
0.0330853924786253 -0.0108337388710766 0.202688076734798 0.128584632877953
0.00980627350322307 -0.0237800308262031 0.0855692552224187 0.410131227789686
0.0125299710326061 -0.0118843684261446 -0.091567096945858 0.504402450781496
2.29868312527325E-05 -0.0179409788477948 -0.168133528287037 0.482786638200143
0.00576932513819703 -0.0089301717267438 -0.149578812172436 0.335506145265605
0.0182099905566001 0.00244696348679406 -0.122303076539177 0.207580843747424
0.0184438443237417 0.0132765738020338 -0.131363939111195 0.097722868396847
0.0159765802710974 0.00728949145498089 -0.20347660260293 0.00720447473363287
0.00329466466439016 -0.00460279134176133 -0.275611748207763 0.0894218120992062
0.0149541299693672 -0.0236282615363802 -0.423084758546681 0.289958811215484
-0.174495447434104 0.0307948041714499 -0.383401046951625 -0.327723645943758
-0.203502698274059 0.0297900631789203 -0.30905407390161 -0.234968626874185
-0.174941802938901 0.0118069151991883 -0.150751581981681 -0.211008542888381
-0.184311637061523 -0.0566816678483339 0.0588043607325809 -0.198373820423936
-0.13207289384065 -0.135521480880285 0.210341500741203 -0.140308181813691
-0.0605179463024673 -0.183552810062059 0.220365981920125 0.098652447352908
-0.0109059750743466 -0.2376904626171 0.0940553890864925 0.381229038063795
0.04652548256468 -0.219230243109208 -0.0754139717100007 0.466430954340076
0.0534914803135615 -0.195891899312002 -0.154922512484333 0.46478771176895
0.0473417722434853 -0.149617733173964 -0.142008735667432 0.340613378961396
0.0212282452433683 -0.128280068594006 -0.115098293927785 0.234139964996662
-0.00175751003085195 -0.113041175195335 -0.144403406482698 0.118671052688945
-0.0450076036964543 -0.100831660467868 -0.222387114599445 0.0357814245568618
-0.11629100341548 -0.0961535398785553 -0.274414361147479 0.129050424922925
-0.14055363509612 -0.0641680896999481 -0.402244045461682 0.321565467779753
-0.303683534324389 0.0717527641347375 -0.295447962746752 -0.375145054567963
-0.343950074184928 0.0393931686669528 -0.233559036764651 -0.276576869189297
-0.33056865660054 -0.00255347287463347 -0.097890312830842 -0.243124200010985
-0.349520819025477 -0.121716258881382 0.0946313073209601 -0.223146692638044
-0.263975850061895 -0.259987712801714 0.215199179004871 -0.167967464674068
-0.130299404186416 -0.338648370608759 0.212993603618406 0.0314350882701113
-0.0207315938356623 -0.413559267121613 0.0873097825223299 0.27947404548763
0.0728892572455095 -0.393953721616141 -0.0500490625839267 0.350885617639433
0.0863362564910582 -0.359749134316467 -0.117676360094615 0.391903967470149
0.0610595243447804 -0.302571702301847 -0.116043280020189 0.331662305867883
-0.0159684633479418 -0.281481174637967 -0.098686475482359 0.272399606955529
-0.0722215727758608 -0.252985090204442 -0.162957463765084 0.165597141497084
-0.144114635474448 -0.201859395418781 -0.237961657424338 0.102399566120299
-0.248788587606204 -0.162313255655378 -0.250339816804494 0.206208180589974
-0.284166131662557 -0.0863895097852225 -0.330195827774491 0.376314437819217
-0.383385461384932 0.0806781698248659 -0.153786212665441 -0.419519072042913
-0.432945094398824 0.00511935145803068 -0.108680466649862 -0.31711564886153
-0.425084446468125 -0.063715469174913 -0.00461154364531282 -0.266954344808508
-0.439770239284818 -0.218108127595131 0.144405731732612 -0.241769278619536
-0.321330620120342 -0.373844750802008 0.2088738191448 -0.202093197037508
-0.145267735574237 -0.450845776932134 0.188962228178299 -0.0654396744126153
-0.0083943984137873 -0.519686536250632 0.0755062213209568 0.120458807582441
0.0869244966481617 -0.511241258323764 -0.0166754300944553 0.176011703193191
0.0839666034466697 -0.489036123831753 -0.0715016099978375 0.259170077012457
0.0230501818645753 -0.440891292883332 -0.0865079028029638 0.27948365567276
-0.114044978954697 -0.418744614039663 -0.0793703202096557 0.290240716750428
-0.208071697252304 -0.359171490827574 -0.165396984069745 0.228457932294164
-0.279177352596839 -0.252290523601655 -0.214194023300255 0.19143903301203
-0.377997696032196 -0.170810375931114 -0.176630352522679 0.294366715681234
-0.396197502812251 -0.0755462439237039 -0.203675909320061 0.43397706860594
-0.396733594885186 0.0605790617736385 0.019131790814938 -0.437462423650957
-0.443067880418792 -0.057936418495572 0.0437622491688139 -0.326418306437464
-0.42247445883327 -0.149686409998185 0.111022004317452 -0.245888314086353
-0.417417391228255 -0.305196855251975 0.199611157081447 -0.231236538015069
-0.280298604526808 -0.435952047303353 0.200584266953975 -0.226398923881474
-0.0983857946512509 -0.485378921488838 0.170619675275035 -0.170958320476187
0.0208443397394157 -0.535921514661996 0.079231345192382 -0.0631595190250636
0.0858101049814133 -0.550948631698757 0.0158495593227894 -0.0293617194869728
0.0491002562036068 -0.548097854387318 -0.044240516826163 0.0755368762024706
-0.0497946768794648 -0.509792191277088 -0.0839584402061537 0.173029672736863
-0.234827874525684 -0.469384339244469 -0.076772322769041 0.268937109430263
-0.348504182137394 -0.368236747386431 -0.145407807534416 0.278671441419017
-0.39272987610633 -0.223081847225845 -0.137551249656287 0.268668205098244
-0.46043703783653 -0.120059242558987 -0.0514747493171395 0.356477725372378
-0.453746519681524 -0.0383018407925098 -0.0358364866060296 0.468795511672431
-0.34823352574827 0.0276241519558981 0.190351724562651 -0.418140074169164
-0.373672787302546 -0.114829489348122 0.184791793995809 -0.284831183991217
-0.324067449292759 -0.205205728633417 0.207723316035664 -0.171938289193038
-0.293672168752471 -0.326376429147531 0.233484809610488 -0.181616125163078
-0.167882007933721 -0.403306024590575 0.192757094615245 -0.227192398142622
-0.0241809341157451 -0.427252665436374 0.169695846810427 -0.254400574969445
0.053891770030462 -0.466616078607974 0.107482921379814 -0.232331113153624
0.0742484003018491 -0.505485568172368 0.0444382827489904 -0.233404758894182
0.00564163588070513 -0.520080000495395 -0.0469172001421282 -0.122955283790018
-0.112021007476086 -0.472489365799389 -0.119501476497605 0.0435271611270762
-0.302431783270144 -0.409962939068472 -0.105294258400826 0.223275772553062
-0.402211193854725 -0.286967523809614 -0.112342549726517 0.296914694986273
-0.41700558963052 -0.137484689448446 -0.0341303926474088 0.299474894979459
-0.452018685140702 -0.0440634360450393 0.09140977005366 0.368216602541702
-0.437485179161372 0.00271156713633842 0.142323474393976 0.466942906569776
-0.24562456113236 0.00454249577093058 0.328334806159145 -0.36811856620719
-0.253033854883099 -0.122544365459353 0.278023250773311 -0.211737785461902
-0.186011499531375 -0.189390140082099 0.246615428928858 -0.0753941913599417
-0.149918529197003 -0.254387128931647 0.228074124417168 -0.120837123660098
-0.0641656242584892 -0.285670245809128 0.177523925789241 -0.205378872291003
0.0240728759569071 -0.300093600405403 0.181963028848842 -0.299399810600342
0.0652999870203318 -0.331920639220324 0.150624799650508 -0.360021703621511
0.0525122859292323 -0.382549029342023 0.0677147488434771 -0.402626247692296
-0.0232455344344431 -0.401222475617725 -0.0737373422101274 -0.293837485909306
-0.124031942633987 -0.350336938374157 -0.178542952810676 -0.0681419627631887
-0.272819800735845 -0.278536102289858 -0.150534810516639 0.179465561592076
-0.342474935525973 -0.17213837911261 -0.0842062234551483 0.283690792284666
-0.335278855380532 -0.0574254241166471 0.0576269449885669 0.286619292398013
-0.357556084533337 0.0121709517418402 0.210232662570436 0.338963310658969
-0.346452709450329 0.028462036171943 0.298625937774525 0.435274803962609
-0.108756633321027 0.0017053321743903 0.413104315461681 -0.315170834244382
-0.124477762336806 -0.0764747238217382 0.320200488803709 -0.148041645962776
-0.0738684230421036 -0.11179569292803 0.238685769171529 -0.00677867969567913
-0.0594165910758409 -0.135470649341359 0.196613245420875 -0.0843665489680495
-0.0174586741486439 -0.140381994161957 0.153770361487329 -0.182374199110921
0.021631582907969 -0.15208523142768 0.189659372281498 -0.310297675708435
0.0408262631122504 -0.16492921588122 0.187116546139497 -0.433585137796539
0.0192443535489424 -0.20297008297392 0.0797030335776665 -0.511379553900817
-0.0281666703752094 -0.216270999715645 -0.108348584835349 -0.404828266725974
-0.0804246555344073 -0.182754140103303 -0.233800953075449 -0.137953295437498
-0.164980553109956 -0.133617617153299 -0.194495408705034 0.149641585103533
-0.204442732350347 -0.081444268957638 -0.0698134676238651 0.257391435439626
-0.188349163443313 -0.0190522773438756 0.114378292860678 0.254160834227658
-0.201488919606143 0.0246585422658404 0.281234938157044 0.294212195960694
-0.197612312697207 0.0240740745729168 0.400569015448726 0.391474926768736
-0.0150212055199288 -0.0292566546151921 -0.404656541684986 -0.289445336904396
-0.0325984582612333 -0.0063081181314761 -0.330254258566749 -0.216716334408631
0.00686819477085568 -0.00497705587286481 -0.166120340740309 -0.188823894638949
0.00826475455754356 -0.0149536466058465 0.0316894036027268 -0.184275647230456
0.0307254292721329 -0.0138784534606099 0.1849823233715 -0.123898699750554
0.0327270273200396 -0.0108772397291327 0.200855584707135 0.125093136251858
0.00912852215446799 -0.022948910789786 0.0863913655297188 0.403496957289838
0.012524041412032 -0.0115426709619852 -0.0892651319709805 0.498630660388262
-0.000174887316506318 -0.0167048871650391 -0.164794106490807 0.474895712583122
0.00536782010057705 -0.00843609889008586 -0.146589742958849 0.330734357341723
0.0179900862452844 0.0020862630071088 -0.119792365457585 0.205141457111275
0.0183106557042081 0.013067124887156 -0.128504741873613 0.0970812631386685
0.0157945118007791 0.00687237428616548 -0.200570204058558 0.00830568933941457
0.00363196341798416 -0.00423905059612271 -0.270090367324192 0.0887603048706059
0.0150500231190215 -0.0239884182821964 -0.415575735442172 0.287385973143245
-0.171399572425493 0.031304220284739 -0.3812539433773 -0.320235261259751
-0.199688395667912 0.0306314673996763 -0.306796986122213 -0.230366482236458
-0.171962190747278 0.0116590446656036 -0.14966580989798 -0.207104246699663
-0.182039942525584 -0.0551264075457279 0.0569853760858805 -0.196383720456889
-0.130353521124294 -0.133032007339359 0.206508451337257 -0.13938696418326
-0.0599508604823671 -0.18127885500454 0.218140953396037 0.0954967669267835
-0.0117392434928888 -0.234316445317929 0.0941286638861593 0.375846243424974
0.044308143739599 -0.215840051572814 -0.0736268780536321 0.461597997179015
0.052077703119058 -0.192726460912062 -0.152178592606517 0.458129826977031
0.0464513578499834 -0.147227770758439 -0.139610689523311 0.335497251526192
0.020278707581782 -0.12627916678477 -0.111803805521223 0.231467820592339
-0.00194031098348282 -0.111580336644572 -0.141220799905382 0.118197597992692
-0.0447151408269964 -0.0992159594732004 -0.218740318368879 0.0362990645970751
-0.114882470363491 -0.0940840064032956 -0.269921795621807 0.127679699642321
-0.138717110664084 -0.0630034431546949 -0.394155647319506 0.317612565517166
-0.298641936843726 0.0711961704024497 -0.294400949757431 -0.369967063679774
-0.338923510746657 0.0403357163301269 -0.233056872497578 -0.271572674535705
-0.325193559341833 -0.00156709904882438 -0.097864993012023 -0.239306568136211
-0.345227046906123 -0.11851178558895 0.0929956502876886 -0.220670708435917
-0.260869865108241 -0.255503347887573 0.211730856801026 -0.166920065721069
-0.128408152452155 -0.333753900113273 0.210077560522578 0.0293690926468926
-0.0216131659817533 -0.407739273502095 0.0870816075988468 0.275583440198151
0.0708341038446238 -0.388459242948001 -0.0491285844206489 0.346178096182489
0.083907245712349 -0.356167131935626 -0.115100151272983 0.387210955945412
0.0600228715106485 -0.298386666292906 -0.114533217582499 0.326918348232821
-0.0169324036891359 -0.276960917440093 -0.0965988308463878 0.268340928967047
-0.0719732562753257 -0.249438058283161 -0.159254761301903 0.164641662561663
-0.142338795871889 -0.198523362496832 -0.233583366137959 0.102186906803029
-0.2465141969566 -0.159521951712383 -0.245706255631401 0.20294499079346
-0.28119279522999 -0.0842910100428759 -0.321725326492893 0.371836323925542
-0.375901916891787 0.0804961335537486 -0.156223828284131 -0.413548477742367
-0.426757644759323 0.00611480359495177 -0.109587405705317 -0.311988766838224
-0.418940194826387 -0.0612249455207063 -0.00617583035865584 -0.262527147358022
-0.434136922107749 -0.212580626818494 0.141712429900034 -0.239194660590319
-0.318391538974172 -0.367349075474241 0.206080934569771 -0.200687449142784
-0.143469016713918 -0.443270028904445 0.186721249131968 -0.0662347884586156
-0.00988797668790826 -0.51244777607914 0.0751941344355012 0.118889063425728
0.0835925997713459 -0.503943025588392 -0.0166252570737647 0.17399154863804
0.0810075093510073 -0.481365999533586 -0.0700716920956934 0.254859888710195
0.0225567464688848 -0.434816812970657 -0.0848949092154885 0.275032434578154
-0.114358768795605 -0.411806802160276 -0.0763636495615256 0.286180555996288
-0.205406065542861 -0.353648211754558 -0.162409098084125 0.225538480644538
-0.27744314849068 -0.247536687455207 -0.209524691696659 0.190621878571805
-0.372356147733021 -0.168352575004278 -0.173125659326984 0.290056042873509
-0.390853729031333 -0.0733607662243985 -0.198405643332662 0.427987510798897
-0.390176126938741 0.0604345392871914 0.0149500105293841 -0.431858908573645
-0.437473754391186 -0.0561101979675771 0.0411902111003961 -0.321241968930888
-0.416280978362588 -0.146890411479294 0.10921687993796 -0.242676416412935
-0.411789561509787 -0.299117579664271 0.195911508328673 -0.228913906325489
-0.27637298037265 -0.428573041838644 0.197501144712648 -0.224371222264328
-0.0978436403242568 -0.478303561438718 0.168106060336342 -0.17038939095445
0.0198810014578697 -0.528854760973744 0.0784618585427183 -0.062041957632083
0.0838222165879626 -0.542330352296159 0.0149689413321883 -0.0290193201628806
0.0462383609042083 -0.539988823511297 -0.0437641903032009 0.0744911872446125
-0.0514127574548428 -0.501744559286301 -0.0822476060307057 0.170782336083321
-0.233697493635235 -0.460378692975462 -0.0738247814129414 0.264388972715994
-0.343406302112933 -0.362030943959728 -0.14179567643314 0.276162396427264
-0.387879355921877 -0.217931028643413 -0.13435182854901 0.266262447313482
-0.452850288288784 -0.117431238364968 -0.0492622053400251 0.351328790764723
-0.447276030113729 -0.0380199914721011 -0.0334722206395137 0.460229332434342
-0.342504180155171 0.028488508629249 0.183696034318345 -0.412504089338309
-0.369743008241803 -0.111092251314456 0.180606130341077 -0.281285416538238
-0.319901541248251 -0.201706850669177 0.204441118887741 -0.170174940540895
-0.291079730749746 -0.31963009148399 0.230034032969764 -0.180903607596034
-0.167956122878838 -0.396523736954638 0.19013206916714 -0.225093602979443
-0.0243383674715656 -0.420777431032813 0.166657516683639 -0.25257923638605
0.0531536030270378 -0.459128290642605 0.105314546145157 -0.229076893025227
0.0719290301434664 -0.498930720726398 0.0430732609491023 -0.229628342932186
0.00366476696747131 -0.511369741844994 -0.0472458190940429 -0.121388826789205
-0.112352469970753 -0.466400997631106 -0.117897825707641 0.0433445049991838
-0.299304675233835 -0.401786993469495 -0.101994531819309 0.21959378362888
-0.396928732011935 -0.28208267622444 -0.110095309558491 0.294223825906752
-0.409931796374371 -0.134066575093924 -0.0318427676980848 0.296039043691776
-0.446265302969303 -0.0422315066388559 0.0919273994604818 0.362568146863847
-0.432277685692673 0.0040571449264023 0.143455696511313 0.459475354289039
-0.24098966400728 0.00475086030838236 0.320752762112324 -0.362986329761338
-0.250877299745225 -0.119111623495777 0.273272785594943 -0.209322651536804
-0.183613777787756 -0.186221179117479 0.243330537548972 -0.0753007403390341
-0.148628764552853 -0.249794797286426 0.224447267607447 -0.120516242341189
-0.0643364152867794 -0.280376124320172 0.175087158413748 -0.203640640544235
0.0225425928525753 -0.295728704184363 0.179261313647326 -0.295972485669313
0.0639307437068561 -0.328198080809888 0.14839410454935 -0.353557583427798
0.0507661905031921 -0.377054826561995 0.0664118232667153 -0.396757943647353
-0.0242096913511373 -0.395665145298658 -0.0744692505409087 -0.2893217615177
-0.122866541141833 -0.346414023762706 -0.176836258650473 -0.0669126416873727
-0.270344465071437 -0.273741582324681 -0.1475010279736 0.176104583424918
-0.338203668598304 -0.169410001697507 -0.0818419705398268 0.280739356866121
-0.33160852363297 -0.0550230591723081 0.0582246805765453 0.282047659370966
-0.352377598593657 0.0128735257311037 0.209519880872961 0.333227854490566
-0.342298835064453 0.0295337709069496 0.296956242250719 0.426783894470245
-0.106580763682728 0.00203245494858504 0.405582476458412 -0.312413445202586
-0.123463967915315 -0.0739158953294912 0.313958607235183 -0.1471657573761
-0.0727637432036618 -0.110042900603213 0.235621041604462 -0.00807895397046894
-0.0588303847881547 -0.132599037837271 0.193503007042291 -0.0836203882099667
-0.0174667387646794 -0.137631441219891 0.151358264999266 -0.180192612279094
0.0207440536166772 -0.149935662788122 0.185998161233285 -0.307981142382444
0.0403708560058931 -0.163036881431257 0.184047115710775 -0.428559998984398
0.018328728384203 -0.199572751873961 0.078050959160975 -0.50495432712766
-0.0283176533083455 -0.212702906158006 -0.107892364423089 -0.399215459978397
-0.0790775780867013 -0.179964813138132 -0.230875100221313 -0.135542676992309
-0.16322999268244 -0.131286952937252 -0.190672506965192 0.147712048043006
-0.201923966536759 -0.0794271765696 -0.0674299808159057 0.254339063351566
-0.18600178790564 -0.0175148652892571 0.11395809412448 0.250540748454015
-0.198454604939898 0.0250871966696074 0.2788072885459 0.28899553896379
-0.195418043389452 0.0249928837499185 0.39726886148918 0.382086300927676
-0.0149178619879517 -0.0285167091174604 -0.402719235669807 -0.284880144730622
-0.0318497912674679 -0.00616467422576258 -0.327754198733917 -0.213574490226274
0.00721648391956882 -0.00569520617991106 -0.164307106845258 -0.185625668541458
0.00801117520449273 -0.0148627340071468 0.0313045797247506 -0.181779774507846
0.0301623978986688 -0.0140412335410212 0.182578114338941 -0.122682139180955
0.0325517880825365 -0.0110270037503468 0.198724789783134 0.122864565624044
0.00930329009333711 -0.0217453797041342 0.0844956308832044 0.397347254030408
0.0119322727366785 -0.0111720106000273 -0.0895418469491571 0.491152764440626
-0.000325919487381282 -0.015838477038161 -0.162583176485817 0.467882292098769
0.00517479446650033 -0.0087658657058284 -0.145101092439014 0.325468522515782
0.0172655444446398 0.00212072966451232 -0.117540255967186 0.202291526603977
0.0182294933926359 0.0126356679877609 -0.126086681628637 0.0961372213246776
0.015380477139122 0.00656370065041998 -0.197126757734519 0.00859676047800176
0.00352414781251527 -0.00421385615137629 -0.266594031516269 0.0874247654208961
0.014816043486125 -0.024100271187869 -0.408397612359014 0.28396433847172
-0.168984484973791 0.0314582663224503 -0.379203957830104 -0.315790404345624
-0.196221638763491 0.0302533850649634 -0.304891175621595 -0.227494762732444
-0.169380305438646 0.0110029911017777 -0.147943988763436 -0.203834727435256
-0.179620437018579 -0.0541367779953545 0.0568352972138815 -0.19385702601935
-0.128823014333621 -0.131340118192182 0.2040382681881 -0.138017581874321
-0.0591436761302287 -0.178900048814355 0.215418156877475 0.0941875850365357
-0.0114449486070453 -0.230515694447732 0.0940017344965899 0.370413731191064
0.0441899847682574 -0.212761064314491 -0.073317980072531 0.453355517315912
0.0510310122775944 -0.189120370102041 -0.151130743665208 0.449865127994332
0.0457200414202564 -0.145096055939431 -0.138066490404862 0.330539465599208
0.0198997590669329 -0.124793106134767 -0.110107107836971 0.227866208955272
-0.00155391991169409 -0.110153902370108 -0.138866084839142 0.116935975026506
-0.0445701991453932 -0.0982583386967133 -0.215319723246344 0.0365439713257812
-0.113029684766247 -0.0928523977659838 -0.265691530948001 0.12551534435063
-0.136550375187141 -0.0616236746769961 -0.38763923212251 0.313996830390927
-0.293183256250392 0.0713869763382961 -0.292501178300737 -0.365083734608071
-0.334721216723106 0.0407557188286571 -0.231358531519857 -0.267138249012151
-0.320621578291689 -0.00182904140463154 -0.0975407802068671 -0.235765519236234
-0.340250234819913 -0.117538165045703 0.0924930201902551 -0.218036336987412
-0.257385370598849 -0.252102746210314 0.209033208402862 -0.16512735775763
-0.126645800128267 -0.329925404120605 0.207922191575919 0.0280646643952615
-0.0211605916620156 -0.401681265817461 0.0864924230299906 0.271940602983121
0.0697756815061537 -0.383157385331993 -0.0484248901452959 0.342154307694987
0.0827996081420655 -0.34935355257973 -0.113419217117409 0.3797965201027
0.0585096475046983 -0.293856716679422 -0.11322745971528 0.321660653505728
-0.016480314125048 -0.273006013209268 -0.0938575268504887 0.264831877245653
-0.0703381733429507 -0.246036555736559 -0.156922775902737 0.162873242524491
-0.140892276228894 -0.195597447179154 -0.229448463303645 0.100980646113581
-0.24264166961993 -0.156530312276174 -0.241507335269086 0.1997354155437
-0.276792272730621 -0.0830810409956063 -0.317088988704735 0.365681802904232
-0.369949461239342 0.0806416941270575 -0.155366971855037 -0.406271589454772
-0.421780717163568 0.00759500248947166 -0.109572969803233 -0.307240020890071
-0.413537827227371 -0.060767915957967 -0.00605048314554707 -0.259006873991788
-0.42839017153648 -0.208941411579712 0.139741963118829 -0.236824656796326
-0.314369784713845 -0.362403740290565 0.203230020260118 -0.198634013116353
-0.140855788252111 -0.437086029857154 0.184313650533888 -0.0667751185295925
-0.00954019940526883 -0.504985143653376 0.0755567184064481 0.117637950825312
0.0821073196975633 -0.497501544563617 -0.0166901282813566 0.171926284385232
0.0794363043900047 -0.474789808094306 -0.0698801964317457 0.251027494289915
0.0214646944733372 -0.42904587367762 -0.0842434481905379 0.271271233913963
-0.112650826955019 -0.405802088244937 -0.0744662005575918 0.281383777216048
-0.203450782177075 -0.348990846671055 -0.159764972008472 0.22399370224023
-0.274044704592836 -0.244384348121206 -0.206275792053298 0.188649488100916
-0.367758091087848 -0.165562112244264 -0.170077476094119 0.285572889241878
-0.386750015441586 -0.0727062244494125 -0.193483105770079 0.422334934107578
-0.384266683835207 0.0596267497630692 0.0132128767852337 -0.424867647704546
-0.432055336868317 -0.0542811962601851 0.0399644304615002 -0.316682544817639
-0.410313149057227 -0.144172641130139 0.107550087443801 -0.24010477700578
-0.406419202172621 -0.293837801001598 0.19351692087854 -0.226467606349397
-0.273100799102822 -0.422780771479737 0.195710334236184 -0.222389292592558
-0.0964560237734816 -0.471049863806178 0.166236140283121 -0.168069745210135
0.0200839492276405 -0.521206421196369 0.0780423009972057 -0.0602238341855071
0.0814564247538521 -0.534802711752435 0.0144683323238554 -0.0283308670403955
0.0449291423592054 -0.532656853594968 -0.0439147387129732 0.0731641498398642
-0.0497735583607498 -0.494166057253794 -0.0813784583505553 0.168497283511643
-0.231658284419071 -0.454801147376319 -0.0720004868143787 0.260900497129905
-0.338600971531856 -0.358412720075896 -0.140015401406268 0.273503149734869
-0.383002595578158 -0.215321257119165 -0.131696641475192 0.263391003284303
-0.447044369226 -0.116447917140222 -0.0477427721850863 0.345652414966099
-0.442030489212241 -0.0360281077595024 -0.0305313223224929 0.45452456826529
-0.336272832272321 0.0282730115739439 0.178852473695832 -0.40661939287176
-0.364182199743191 -0.109529722272719 0.177356513721463 -0.277169798425492
-0.315696334642162 -0.199747840091466 0.201678028733276 -0.168006077612614
-0.287489070978326 -0.314512775091455 0.227326395372807 -0.178780171951003
-0.16644426975492 -0.39062795144684 0.187507004059477 -0.222577484493064
-0.0249148920314403 -0.415294993441415 0.165172737592594 -0.250056389796435
0.0531591581435574 -0.455283812956119 0.10482372381246 -0.22442665308795
0.0692121539534744 -0.492075585351836 0.0427358625875676 -0.225748960577802
0.00360340560318064 -0.504750992623622 -0.0474492333989422 -0.119583288464694
-0.109318979876333 -0.461394649288751 -0.116959232309096 0.0426254113967653
-0.295999310668816 -0.394984431107882 -0.0996421972294536 0.215808940378254
-0.391597812766774 -0.277691547708702 -0.107357878953174 0.290830006352165
-0.405166467117003 -0.132900694301028 -0.0301243394973936 0.292495270820936
-0.439950662023334 -0.0424371647502085 0.0911471699500261 0.357116165934036
-0.425898329263244 0.00515836794015985 0.143818608351699 0.451167848266517
-0.236719988384823 0.00445275517776976 0.314415966508901 -0.358972888642308
-0.246812892663016 -0.116992415331465 0.268703082977295 -0.206739832325103
-0.181474752340998 -0.182683635023644 0.240549208852886 -0.0754170947817868
-0.146454779108138 -0.24511327570839 0.221860935592557 -0.119733424995728
-0.0635639281311759 -0.276347490378394 0.173048737793683 -0.201008080093577
0.0222255270397201 -0.291504000205691 0.177231121544706 -0.29255155128324
0.0635591168022165 -0.323537072835335 0.146273314884962 -0.349343796132373
0.0481894285554427 -0.371113741792163 0.0643845029163952 -0.390729748211812
-0.0224903218735287 -0.389646032740544 -0.0734655319313516 -0.284893150590679
-0.121012577322472 -0.342249524670399 -0.174486257391427 -0.0662160664297206
-0.266690448688217 -0.268664765126157 -0.145353264393192 0.173010132371271
-0.333635000835657 -0.16661111786054 -0.0802500683487055 0.277907789584433
-0.327225960416378 -0.0540783476723966 0.0588501824359711 0.278822285859254
-0.347732406857237 0.0125242155615251 0.20725208977396 0.328399540951961
-0.338055956773012 0.0295355923006743 0.295780610226441 0.419724543398751
-0.104548399007999 0.00166896050553544 0.398674438885339 -0.308129078511805
-0.12172026827504 -0.072891755976902 0.308930405792039 -0.145613047466663
-0.0723159346498757 -0.108232053077387 0.232869302951145 -0.00820930597972886
-0.0573506821489893 -0.129557743385729 0.191124250768619 -0.083886302120586
-0.017282979216795 -0.135429759131388 0.149033200351784 -0.17799666993943
0.0203701678246629 -0.147976092556018 0.184182470612393 -0.302669414088028
0.0401017251027894 -0.16074781301398 0.181467259874853 -0.421474490882713
0.0177040692548999 -0.196647123375557 0.0765959986645117 -0.496597052890077
-0.0283347962567727 -0.209313274504555 -0.106543315309356 -0.391464151303331
-0.0782237502571714 -0.178107302309188 -0.228350995240545 -0.133452784009655
-0.161002791328599 -0.128609090888784 -0.187916293686704 0.145455959993822
-0.198605990049595 -0.0786174140208587 -0.0667553244288579 0.251541735148066
-0.183525953801144 -0.0170093131386774 0.113351897602456 0.247465776870234
-0.195903623040455 0.0242512194063506 0.276635915833303 0.285313436524365
-0.192981578551435 0.0254009637266818 0.393788182998885 0.37628058358174
-0.0148121070532184 -0.0277766601989398 -0.397930186362205 -0.282121297031459
-0.0307969233459389 -0.00541044552967291 -0.324550883163314 -0.211203824720014
0.00733282923061874 -0.00562997725623267 -0.162512526141392 -0.183521129638076
0.00755229797179577 -0.0145367114513466 0.0308066229457342 -0.179839483436159
0.0303917957810253 -0.0141432267344745 0.180029398472207 -0.120799740257849
0.031861697686406 -0.0107235484730077 0.195920097442293 0.122170066071565
0.00897851874098578 -0.0210337827386445 0.0839704628519519 0.392293840207047
0.0117523664777404 -0.0112520108190727 -0.0899510051614853 0.484792259099828
-0.000865457966761077 -0.0148076480449223 -0.162292215592425 0.459670433620515
0.00482973998153007 -0.00812018866795755 -0.144813230763064 0.320272088339661
0.0170597375968423 0.00182642936395373 -0.116492932211123 0.199646745554873
0.0179808549714957 0.0122578045461438 -0.124078435332673 0.0947758062479156
0.0154020881879962 0.00626366011020201 -0.195070347150597 0.00851322647193142
0.00359225129632872 -0.00380897622691116 -0.262823682899655 0.0853958095211131
0.0144383030860666 -0.0243493534812175 -0.402031789372775 0.28050026322917
-0.166212919625426 0.0312613262184654 -0.374457147337681 -0.312767332489302
-0.194586533341174 0.0301188599621617 -0.302396660186635 -0.224789756624645
-0.167160657801539 0.0101681466744915 -0.146689815093891 -0.201291574898418
-0.177620083242473 -0.0537709805959229 0.0562989630735139 -0.191720205043466
-0.127041164256878 -0.130104493052572 0.201783884136722 -0.135694048617135
-0.057645869720565 -0.177136605694955 0.212905866594766 0.0930983195708631
-0.0111213149649198 -0.227156476103657 0.0918905290352709 0.365126136666258
0.0436704879116173 -0.210224363318015 -0.0751488853714735 0.447887866497784
0.0502605002313736 -0.185989469789178 -0.150152500216843 0.442485427699401
0.0463406900371722 -0.142909352469149 -0.137595587603307 0.324751632207059
0.0196881153015298 -0.12332864688538 -0.108942382602021 0.224977356629116
-0.00163521235922163 -0.109034146654548 -0.137007374456563 0.115197062175734
-0.0435629099298668 -0.0971086790899023 -0.212768105630973 0.036234782077299
-0.111010144494744 -0.0917143563185901 -0.262026367060233 0.12270072826517
-0.134894277490218 -0.0615807616051078 -0.383065521796108 0.309723214077048
-0.289531369111074 0.0694674291587592 -0.29163828249323 -0.35979507379179
-0.330594561227208 0.0396987223597474 -0.229024903255464 -0.263793445168769
-0.316065001126255 -0.00307158987930142 -0.0957857798581673 -0.232349897201782
-0.335503373745047 -0.116079453487022 0.0917245353397038 -0.215503375382361
-0.254543303560858 -0.249267257356109 0.206994907690258 -0.163043531405728
-0.123014099226985 -0.326074603172719 0.205196241363246 0.0274637688118645
-0.0197325748527159 -0.39669282693167 0.0855406798329688 0.268067927695593
0.0698129813194931 -0.37817354807711 -0.049263097185598 0.337608412614313
0.0822756898458296 -0.343260591770854 -0.112871687728535 0.37308143353119
0.0592931289331415 -0.289910146581611 -0.112432529125426 0.316647558233922
-0.0160769625971535 -0.269457313348212 -0.0928354929263682 0.260264262588641
-0.0688654329850285 -0.243168540065187 -0.154743455769038 0.161100796056997
-0.139210938920893 -0.193883386342253 -0.226693911056647 0.100145435599502
-0.239184304231656 -0.154750364696209 -0.238064011328723 0.196878381339224
-0.273555359780295 -0.0827777320192563 -0.312160313698418 0.361915333839142
-0.365050992393438 0.0778963989788692 -0.154420918986154 -0.403025362523067
-0.41579983860503 0.00584368951943856 -0.107928799331519 -0.303438520092981
-0.408368297467396 -0.0612551761938714 -0.00534671922518357 -0.255415008317271
-0.423262175315421 -0.20789642004178 0.139650284903019 -0.233528194312726
-0.309861173361723 -0.358437673857918 0.201277393240272 -0.196342754194711
-0.137899973772223 -0.433350839053536 0.182540203592571 -0.0662607982278936
-0.00772327594520544 -0.498238041669112 0.0746874871337938 0.116501502301727
0.0819426811105747 -0.490529083419378 -0.01713210348322 0.16957941155013
0.0793760532591386 -0.466702478457975 -0.0698447777790442 0.247134044316802
0.0234101212129497 -0.42243642329467 -0.0847955716740111 0.267023214554651
-0.111129862108739 -0.401251309312483 -0.0730695142146244 0.277307149691294
-0.199977206011372 -0.344880164953446 -0.158004736977453 0.22178501101425
-0.2700882050954 -0.243493111175247 -0.203039110693254 0.187150397732664
-0.363426766340104 -0.164218089344233 -0.167975581071433 0.281348950091588
-0.382123575912632 -0.0732251289559274 -0.191443582717266 0.416302090590825
-0.378629930038612 0.0578594927464545 0.0119675279717798 -0.419278264993262
-0.427084516539068 -0.05424749989132 0.0392713075793868 -0.312950483848895
-0.405682508856696 -0.14427163458955 0.106653722947173 -0.236794683585981
-0.401126698092447 -0.290451958277106 0.192114613192662 -0.223748792154997
-0.268934423895399 -0.417520351440783 0.194114097306498 -0.219995423607908
-0.0936866945338368 -0.466267664807447 0.164303819610212 -0.166622809866576
0.0219884171113384 -0.514453897245527 0.0779996973521928 -0.0590954930719457
0.0810503177475636 -0.528159476505202 0.0140696165605214 -0.0275593234092738
0.0456058568766166 -0.52615091333779 -0.0444574364667535 0.0717364541318504
-0.0472210974346177 -0.487716699418079 -0.0815131067393308 0.165981489316733
-0.228702092020453 -0.449712395425042 -0.0707928615361342 0.256271171260163
-0.333708177285837 -0.354757055697448 -0.138408750832016 0.27085466584279
-0.378938567481413 -0.214066400554084 -0.12919210841576 0.260321869542562
-0.440760827793187 -0.116056042033119 -0.0477465904140694 0.340323293301647
-0.436380739483863 -0.0374225894018706 -0.0301235028718989 0.44840689770324
-0.331718908583167 0.0263841196257198 0.176276231828793 -0.401847994777253
-0.36047614606391 -0.108616989007938 0.174955192078805 -0.273951554106356
-0.311133174066436 -0.197543602535633 0.199382151337957 -0.165684810789464
-0.282831855486875 -0.31030160443408 0.225331249264621 -0.176685339280769
-0.164148791513065 -0.386139882824806 0.186408473833292 -0.22025525958089
-0.0237170727924595 -0.410235954436854 0.164455100140071 -0.247043109758257
0.054454187053359 -0.447640023339285 0.104546054777202 -0.221486625050799
0.0697455512651635 -0.485343289553215 0.0421565141513133 -0.223120115796538
0.00527630576389385 -0.497631809175577 -0.0473226809052995 -0.117818094854702
-0.107217627473838 -0.455806440418717 -0.115709123134999 0.042125670950424
-0.291103689257944 -0.390701908556748 -0.0980592323493677 0.212003196710934
-0.385806926056279 -0.275649520354515 -0.107000368916094 0.287668466798369
-0.399870298994324 -0.131599503157707 -0.0294602028678822 0.288652505166242
-0.434459978454875 -0.0431221332892676 0.0892988833762852 0.352408905338982
-0.421027350596859 0.00337447341806242 0.14283988762458 0.445376178282201
-0.233002801450546 0.00409251506507023 0.310352162101568 -0.353538739154837
-0.243791821197798 -0.116027476737576 0.264636872098209 -0.203950318733656
-0.178422134245366 -0.18105088861918 0.237876542286719 -0.0731691228773514
-0.143938574042132 -0.241819938215396 0.219563373626169 -0.117659976876969
-0.062014960128237 -0.271645249018943 0.171386850544157 -0.198645028078513
0.0227765433834434 -0.287092971028372 0.176047932657913 -0.288745267447273
0.0642753008445061 -0.319063817358454 0.146012936110628 -0.344186581090629
0.0486834232107169 -0.367396724244401 0.0675078781582964 -0.38551586247904
-0.0221521368678598 -0.383407673427073 -0.072443481945649 -0.281159676347302
-0.117995227025002 -0.337321167817894 -0.172730314624364 -0.0656146971980541
-0.263499930456226 -0.265976378551731 -0.143851325555674 0.17008234739995
-0.328405881325013 -0.165742525979723 -0.0801579571283993 0.27433437839289
-0.323377725087704 -0.0538525246812539 0.0581122901212188 0.276065369313259
-0.343762924519677 0.0108412375968572 0.204995458819465 0.324150979544012
-0.334366589136199 0.0288850439885784 0.292412219887934 0.414064068641133
-0.102861183390093 0.000890476952288603 0.392008606031384 -0.302267742104863
-0.120427283984936 -0.0713003599886835 0.304581090715306 -0.143474666844318
-0.070948734785213 -0.106936959813073 0.229848577165309 -0.00803937486072742
-0.056441040025848 -0.127589169230782 0.189248196062347 -0.0829428921131058
-0.0173909682861363 -0.133539346522029 0.147711282927377 -0.175673987823711
0.0202944370980461 -0.145879863847769 0.182975687570976 -0.297476698636127
0.0404389171795183 -0.15887851676834 0.180385250717234 -0.415300548724872
0.0185907089761001 -0.194289245499793 0.0774512931573998 -0.490300496621998
-0.0277007294201594 -0.206835506195131 -0.104569762966428 -0.387089389324837
-0.0763661246004798 -0.176075626168707 -0.225883020068333 -0.132397679714747
-0.158798006061312 -0.127505823050295 -0.185744885244908 0.142580048135308
-0.196357567355532 -0.0777739614131574 -0.0659348138173893 0.248998577052943
-0.181564485776894 -0.0171403617623027 0.112050883361032 0.24444276913168
-0.192937632407299 0.0228586770651321 0.273259523252028 0.282280755031044
-0.190922078342885 0.0244548715205378 0.390830881745443 0.371947038722989
-0.0141453444841261 -0.027230400969392 -0.395048613967499 -0.280909796911016
-0.0302312624905095 -0.00542277716388088 -0.321626577719226 -0.209445962851186
0.00757878710832976 -0.00590084813524285 -0.160276594578113 -0.181565908597155
0.0074308311883584 -0.0143241354160754 0.0314674425151006 -0.178294885115351
0.0299247441985806 -0.0140383989414416 0.178820198403534 -0.118503312141111
0.0318894913698343 -0.0107273286197662 0.194393765494331 0.12070715244843
0.00900552921590782 -0.0205395933471313 0.081653491686473 0.388746831585052
0.0117195151910676 -0.0107926285035359 -0.0923400477655322 0.480324483763186
-0.000601438642357626 -0.0144609562015003 -0.162975763786602 0.453339383779743
0.00471565426687226 -0.00814281257164036 -0.145088573962458 0.315248622706506
0.0168880183086907 0.00162536440843965 -0.116253427779272 0.196671452801564
0.0181160535413479 0.0120634879071469 -0.122514435893217 0.0933391040686816
0.0147773695618173 0.00608721154666837 -0.192466941371959 0.00806284934320997
0.00346641944732343 -0.00360889314121865 -0.259906996054021 0.0832890417841695
0.0144112719707605 -0.0242490553077887 -0.398316606894625 0.274153257098296
-0.165127014034151 0.0298111405208666 -0.370406010071424 -0.309484878288779
-0.191838088988445 0.0297951052379464 -0.299259178558829 -0.224120788054022
-0.164944486052614 0.00846966619138767 -0.144223372036089 -0.199930873716329
-0.175531893371563 -0.0536716495325387 0.0572195638334392 -0.189983661348461
-0.125458493999164 -0.129218403954223 0.200441956099103 -0.1343476236882
-0.0557806559308096 -0.175841006481161 0.210501538239186 0.0919576600288756
-0.00964092208246695 -0.224523933901522 0.0894837142443899 0.361305062738535
0.0437045461092466 -0.207283852835494 -0.0777894905296466 0.442089845402543
0.0509996106194373 -0.183151296979287 -0.151672179793305 0.435296654601272
0.0454758719236237 -0.141574324719596 -0.138936623356902 0.320464895600454
0.0195715046590324 -0.121707211647055 -0.108941101724056 0.22156931212859
-0.000923429966757179 -0.108080320009831 -0.135363886627163 0.113590795627546
-0.04334526316973 -0.0964271018155905 -0.209809448979656 0.0358808660213799
-0.109766657537283 -0.0908443350276753 -0.258851282845605 0.120125357037671
-0.133096818084187 -0.0614227098584525 -0.37822943232605 0.304875660786963
-0.28632322735198 0.0675092216558313 -0.288096667725851 -0.357795210079039
-0.327585639219949 0.0379863806254293 -0.226379091644954 -0.261844916536033
-0.312701685064072 -0.00527229772287687 -0.0938092152318016 -0.230154045106963
-0.331606192782668 -0.116082378330063 0.0913950284458429 -0.213793067677999
-0.251166563348153 -0.247084698069788 0.205568362024316 -0.161126869590555
-0.119742027423752 -0.322771815111194 0.202828532186074 0.0272295537031316
-0.0174507132877725 -0.392813416496861 0.0839761039939274 0.266221401675201
0.0697541805218801 -0.373723527037963 -0.0508881157306454 0.333327471132466
0.0837080550146024 -0.338134857132612 -0.114208662687654 0.367579593141159
0.0603371764041023 -0.285781219373928 -0.113686811086332 0.311749115108378
-0.0152590466001452 -0.266162017921827 -0.0930510783217579 0.257096422479926
-0.0668188642383104 -0.240948317082195 -0.153760381767307 0.159604941642508
-0.137716384085494 -0.192171568235027 -0.223508391124912 0.0988255925165594
-0.235695759771485 -0.154179860505802 -0.236015532596814 0.192751383280111
-0.270012902832308 -0.0823517049029347 -0.30835107237629 0.355092702494633
-0.361178096980497 0.0757305852679689 -0.153449108066809 -0.397236242973353
-0.412402394971001 0.00412450984912489 -0.106396778614978 -0.300773453402013
-0.403598915559092 -0.0631533858926752 -0.00450882790506999 -0.252307681869006
-0.419327170941 -0.206172993194709 0.138796172180061 -0.231160960982467
-0.305360628307718 -0.354551777818548 0.200628448131885 -0.194298072327326
-0.133384424123989 -0.429743945553376 0.181152985902241 -0.065227515724929
-0.00499838232619934 -0.493069296760631 0.0733363164330525 0.115924270084253
0.0825386173411701 -0.484741842770774 -0.0184134639244063 0.168101053535336
0.0815101583385153 -0.461344507416938 -0.071287341967522 0.242922695846477
0.0256982422128113 -0.418338083378682 -0.0853156793268051 0.263427867324797
-0.107929936873704 -0.396452592215262 -0.0733430394390523 0.273170518321256
-0.196179511285629 -0.342743591837533 -0.157402210656102 0.218765869388357
-0.267012348464651 -0.241676881590506 -0.200902930740551 0.184898097032281
-0.358362715019678 -0.16435813268906 -0.166829077806908 0.276856129466642
-0.377040769047332 -0.0724844005949757 -0.188840046452798 0.409970202997684
-0.373977768156011 0.0555400573356308 0.011704899907881 -0.414253564903843
-0.423411117260414 -0.0562824807810732 0.038783571823396 -0.308956020102126
-0.401133857206337 -0.144608979571328 0.106721053025713 -0.233396741428103
-0.396522023867022 -0.288466228267192 0.191606271180236 -0.221476466762524
-0.265712148683058 -0.411893782466636 0.193034374525628 -0.217579751708266
-0.0898663949305586 -0.460949120116925 0.164324779463119 -0.165645068686143
0.0238767670507194 -0.508996588342513 0.0784191529119003 -0.0577768801480608
0.0830619427950978 -0.522415523223491 0.0144525274488437 -0.0269108739131302
0.0481107872844586 -0.520026691393168 -0.044770963206074 0.0706830106998545
-0.043572123305656 -0.484074229561834 -0.0817098482622049 0.163676221002082
-0.223632271709987 -0.444666610096274 -0.0696211196437723 0.252554413288416
-0.328794001876637 -0.351411066964326 -0.138220422153277 0.26745873645188
-0.374765851275751 -0.212867960628879 -0.127574879438412 0.257509399854623
-0.435707127579581 -0.116443449513156 -0.0483227251527399 0.336243313429644
-0.431628188050382 -0.0389772490586677 -0.0300951161260242 0.442519739503626
-0.328538873108817 0.0245740335319895 0.174270163545722 -0.396238631718968
-0.356861062545772 -0.10840606652499 0.173311909984209 -0.269971497207665
-0.30717650290656 -0.196898616192043 0.198497912424039 -0.162702162409406
-0.278060669599756 -0.307197557906391 0.224078126583563 -0.173994598804853
-0.160711584428636 -0.381737762533475 0.185880062785137 -0.217620150995583
-0.0213355771054919 -0.405626281244367 0.163865670171058 -0.244358336000285
0.0552613775403906 -0.441820535466685 0.105481587103221 -0.218140718415701
0.0707802718033503 -0.479174580085455 0.0433690330181902 -0.219694555138999
0.00746326243729383 -0.490804835486863 -0.0467805805659158 -0.116605120991259
-0.103066920735682 -0.451108337843875 -0.11490221559251 0.0409624924867517
-0.286895915849392 -0.386952371997269 -0.0974171500801553 0.208541453167675
-0.380692170391037 -0.275375285554088 -0.107369470417978 0.284755415554551
-0.396744893696083 -0.132142354346843 -0.0300372094372984 0.28610022356742
-0.430684633530871 -0.0445455990061686 0.0881855731455841 0.349169581637074
-0.417291310637845 0.00305591225976744 0.141084936976463 0.440977285632052
-0.230384644029934 0.00230240666280768 0.30838072807051 -0.348240883827524
-0.241262869424142 -0.115092161444449 0.26198715365872 -0.200316847645605
-0.17535330944732 -0.179851827657953 0.235694093197238 -0.0717269399253959
-0.141326124760822 -0.238586977663353 0.218101750545686 -0.116604737483543
-0.0604206313939853 -0.268365416390833 0.17023249765377 -0.195382093343252
0.0240704954502731 -0.284005064577531 0.176021996369452 -0.284477221510059
0.0659036020008811 -0.315051938989503 0.147144559014332 -0.337989636147985
0.049116778529385 -0.362879854899051 0.0676509962975924 -0.380243822422598
-0.0197070261000611 -0.378551754677512 -0.0709810937452013 -0.277650955480645
-0.114846163600682 -0.334675163226379 -0.170446339285709 -0.0656297718379253
-0.259366188448907 -0.263589611620763 -0.141760293501401 0.166849241318174
-0.323923874428333 -0.165569836120092 -0.0806219069777048 0.271716467410484
-0.320100671472571 -0.0547674109594594 0.0567090058661094 0.274096242913631
-0.339968241944357 0.00819415157319925 0.201488077374016 0.321608517949171
-0.331035206778129 0.0271122802015103 0.28835076608341 0.410886636916498
-0.101431960588821 -1.84733806759818E-05 0.388727236496603 -0.297931442414287
-0.118881983865845 -0.0709470889121158 0.301611542525741 -0.140603903617757
-0.0697322272272207 -0.106062222478354 0.228350696481766 -0.00701412042046796
-0.0553623778676874 -0.125839120007328 0.187325617477997 -0.0814096530663325
-0.0161980988478895 -0.131543478341223 0.14721271233754 -0.172780715622655
0.0207813988561905 -0.144210075543914 0.182998483996522 -0.292716787340587
0.0414747410841219 -0.156890923102624 0.180774662414242 -0.409161882689938
0.0186986467047883 -0.191416569120985 0.0807280624245225 -0.48414105887981
-0.026224435083547 -0.204452444398878 -0.102343484353842 -0.382474841542921
-0.0749686705095828 -0.174952901029674 -0.223017691358525 -0.132353779840248
-0.156545281722844 -0.126552777408095 -0.183936335777881 0.139642954135499
-0.193761511930984 -0.0774691380120055 -0.0666112420501329 0.24672613934817
-0.179748501640861 -0.0173764646503356 0.110418671255428 0.24338329307348
-0.191367039908852 0.021649002014755 0.270794352974938 0.27985662890735
-0.1891059714075 0.0236275042722503 0.386441933434343 0.368559442745594
-0.0137655221105632 -0.0268550865381293 -0.391572994584376 -0.280338129024406
-0.029387762529788 -0.00536034275716403 -0.319032625092818 -0.209802634349934
0.00781365614686361 -0.00685641954994585 -0.15786753670456 -0.181095683332448
0.00727811158306167 -0.014201656812921 0.0324037877021081 -0.176734381734751
0.0299663451612025 -0.0137802353677186 0.177347481232141 -0.11683189578306
0.0319780218532943 -0.0108273223091785 0.191715822799108 0.120374849907835
0.00865169601679652 -0.0201134371266374 0.0789167756844632 0.385288643593092
0.0117469183790268 -0.0103032302412705 -0.0954327655630801 0.47466245586517
-0.000844938315649092 -0.0138477104970927 -0.165486777355142 0.447473141359955
0.00455009349936288 -0.00776011203464447 -0.1467354697958 0.310068778257472
0.0164684515452276 0.00132521386717304 -0.116056022434842 0.193624389884643
0.0177414079648885 0.0117374655761694 -0.121725659545582 0.0925571661829834
0.0149213710255201 0.00646034107206421 -0.190889561397426 0.00743440170232833
0.00357918182860032 -0.00334951814554302 -0.257033639801102 0.0806461423214196
0.0142746482159039 -0.024158239561879 -0.394305457591135 0.269743760560793
-0.162954634297183 0.0285217078035492 -0.369402638716579 -0.309238307421468
-0.18978088368338 0.0282958284536775 -0.29677816444345 -0.222841577864001
-0.16316840838781 0.0070508127655657 -0.142442462057085 -0.19863790617506
-0.173938793879021 -0.0549447905199226 0.0576443128401764 -0.188132798642836
-0.123288171780642 -0.128986919787233 0.199190554104891 -0.132217098889301
-0.0537515427895415 -0.174771248032179 0.20856538952649 0.0918693209907766
-0.008186641407882 -0.222079968054789 0.0871541845659348 0.358358783926661
0.0446620935090659 -0.205320268743408 -0.0796144235868724 0.43847972828339
0.0516688956392898 -0.180349646250595 -0.154046995721398 0.429643728917826
0.0466970860454618 -0.139493397511421 -0.139723730828409 0.31587435961804
0.0199427039434102 -0.120425635006205 -0.108220029504469 0.218570734027139
-0.000258042256975381 -0.107183826484337 -0.134512354593528 0.112890466550444
-0.0422696539139259 -0.0958494219061756 -0.207749007987084 0.0346951860213337
-0.108259643710955 -0.0900592599619158 -0.256646634345804 0.116559049876268
-0.13205130017245 -0.0620897120127582 -0.375797846265883 0.299420024988843
-0.283586766570075 0.0652225161279145 -0.285593663934258 -0.354663088280826
-0.324447830251989 0.0354248403677575 -0.224587046754106 -0.260071933669926
-0.309919215096297 -0.00722298946312968 -0.0915782774838292 -0.228794683507132
-0.327737165571909 -0.116117721707037 0.0923532747364582 -0.21153579803496
-0.247150520270125 -0.247042835032848 0.205163275381224 -0.158601287579081
-0.117517945595375 -0.321950025559985 0.201075701172692 0.0274407471562764
-0.0153829822759804 -0.388528629780091 0.082058967068895 0.263796509789998
0.0708275498431893 -0.369502606024389 -0.052908240765051 0.329907551364025
0.0851118453366237 -0.333927955776737 -0.115796796637976 0.36274063140536
0.0617121120028105 -0.282999209536288 -0.115204806358511 0.308200238816733
-0.0139193828012229 -0.263182731074445 -0.0926617580984187 0.253610624950138
-0.0645511659521608 -0.239528984141248 -0.153142102201054 0.157202660133531
-0.13496714546569 -0.191239060293101 -0.221840188764576 0.0969431505117107
-0.232467766621035 -0.15450273556253 -0.234674529225255 0.189570853875425
-0.2667700703382 -0.0834521049630327 -0.306364179644943 0.351027207212394
-0.357573372658376 0.0728160787898366 -0.151274436463767 -0.395336507511648
-0.408658694048649 0.00264774980660499 -0.105009482891145 -0.298609945638592
-0.399380451618322 -0.0654038264110172 -0.00281785516853441 -0.249589107403477
-0.412404196322805 -0.206293383930493 0.138972773253473 -0.228735311645815
-0.299697700248149 -0.353692218855137 0.20032575731354 -0.191819148696579
-0.128312531570238 -0.426401512797307 0.179708902837865 -0.0651495286768453
-0.00205684185706555 -0.489026259135782 0.0731423847357436 0.115612308466812
0.0837556775691056 -0.479325388279095 -0.0197283246370538 0.166310018646314
0.0842803651439432 -0.45589480152422 -0.0728469731056825 0.240140543028119
0.0284220609422882 -0.413954241187294 -0.0868918700386197 0.260530690781412
-0.104878107384887 -0.392857854754812 -0.0736417590144103 0.269486939708657
-0.191349535445536 -0.341031742837384 -0.157418581433751 0.21652792775247
-0.264388023531487 -0.241863641500621 -0.199849016353963 0.182964113612937
-0.354490296016547 -0.164793844878095 -0.166419386346448 0.272468042539189
-0.373771378131086 -0.0748334366792259 -0.188465447769103 0.406698789512278
-0.370580006298902 0.0526692962730139 0.0130070427947397 -0.408796749433768
-0.4185488952261 -0.057525470071581 0.0397388405564523 -0.305499935161305
-0.396423950078098 -0.146053505370627 0.10710899121602 -0.230835200644678
-0.391144524134512 -0.287693064874272 0.191667116297935 -0.218914641579245
-0.260246593426664 -0.411100423271757 0.193583042716001 -0.215336391767635
-0.0859840149379234 -0.458470535028015 0.163965614865458 -0.163763960988989
0.0273956852990391 -0.50260644605135 0.0784156196897432 -0.0565842783575062
0.0843113199864883 -0.515441857672265 0.0141861843158014 -0.0262056700448915
0.0520081955801758 -0.513967802728432 -0.0455380655047507 0.069241104991694
-0.040790364674453 -0.480090945621519 -0.082418052374569 0.16145667588985
-0.218885465570416 -0.441429552714649 -0.0704889060124715 0.249122863651121
-0.323596447216494 -0.35052531655112 -0.138205355880355 0.264784845772615
-0.370752977527396 -0.213655389839364 -0.127366487082256 0.255016000496945
-0.431086552828434 -0.118649476543273 -0.0493663600351164 0.332568699583071
-0.427551362280853 -0.0408851755504583 -0.031515013491097 0.437562121779253
-0.324166416513492 0.0213864254521618 0.173449927190951 -0.390804157584231
-0.352858044539579 -0.109196133885415 0.172073037653699 -0.266103244020665
-0.303556568817509 -0.19777712332469 0.198372809136828 -0.160099096762899
-0.274202786077887 -0.3052409216564 0.223320452009618 -0.172101946666871
-0.156718080943372 -0.378093095617038 0.186250310858811 -0.215087392983585
-0.0175237980532793 -0.40186333800304 0.164688709845297 -0.241685587712804
0.0582956424044395 -0.438136434184623 0.106196711435573 -0.214377135031592
0.0720192504527343 -0.473621425024412 0.045083887822134 -0.21670082724585
0.0103962671153666 -0.487229783651752 -0.0462293507334247 -0.115541062342661
-0.0977176742200532 -0.447349346280048 -0.115068146775355 0.0393627391896952
-0.282182303443473 -0.385122979851248 -0.0966787173441912 0.20511563840106
-0.376639124491708 -0.274648388656348 -0.107742631753105 0.2821617947204
-0.392325848451625 -0.132709130796967 -0.0302276499789254 0.284028153790518
-0.42532176157717 -0.0464013734925941 0.0853933571329348 0.345027234211433
-0.41347885614756 0.000556731488881206 0.138874072907561 0.438047038488476
-0.227227225418592 0.000535406102448432 0.305233900048888 -0.343810481052506
-0.238590558508708 -0.11513244271693 0.260433059188144 -0.197379512837962
-0.172888509218897 -0.17922154596035 0.235171595789012 -0.0695329370134064
-0.138364698892459 -0.236593729155097 0.217451124933444 -0.114860081862718
-0.0584338010880295 -0.265985459813044 0.171052895040449 -0.19280591707896
0.0255801139635964 -0.280971177154335 0.176799948575164 -0.281158672642858
0.0676073438875119 -0.312156015972841 0.148776553876264 -0.334137601020354
0.0512720180490897 -0.358774800491715 0.0689256612394792 -0.376304714542501
-0.0178248659028762 -0.37650579034025 -0.0689812662645432 -0.275142249863141
-0.110634079763222 -0.332148406742863 -0.169171642912898 -0.0668760884330757
-0.256140512748319 -0.262273363971523 -0.140802888324741 0.16381301239897
-0.320525003603596 -0.16643872684844 -0.0815537583718987 0.269944382914761
-0.317628937578239 -0.0560680132413134 0.0556401614330246 0.272007013835024
-0.33640091294839 0.00631293170277088 0.199301591097943 0.31979191895004
-0.328326094113763 0.0252517899151064 0.283714371395216 0.407422035108461
-0.0995367091273781 -0.000831774708380521 0.387223682656991 -0.294121059489134
-0.117317082650182 -0.0701718257514443 0.299163892174028 -0.138434616440344
-0.0680222557576516 -0.105824773676909 0.226448340610815 -0.0057041895261772
-0.0538042125451065 -0.124348356612799 0.186454165919319 -0.0808491089876268
-0.0149024790398285 -0.129827098339646 0.147209522544847 -0.170515791159569
0.020870299155795 -0.141919273323816 0.183379609825864 -0.288775646325787
0.042109523668433 -0.155727102849254 0.182137592482999 -0.402713993294966
0.0196676000271816 -0.189611458007259 0.0839885264853264 -0.47999627031343
-0.0247596950305914 -0.202051902631136 -0.0992063090365172 -0.379186820899633
-0.0726515604140403 -0.174018637699317 -0.221084987130162 -0.132187356856681
-0.154419962829636 -0.1258913496188 -0.182776404100998 0.136486876414127
-0.191534502839205 -0.0782502812778749 -0.0677321526967209 0.244699214869975
-0.178366976406476 -0.0183588045824687 0.10852991599487 0.241633080440913
-0.189733887267328 0.0197442471457569 0.267190717506576 0.279466775930385
-0.188622647241279 0.0228391376172398 0.382974301644881 0.366334963032569
-0.0132927644619354 -0.0263702812290364 -0.389012704926661 -0.281114961684011
-0.0280620812998055 -0.00515107370492646 -0.317147674534947 -0.209818331582541
0.00809185377609812 -0.00679970779354765 -0.155978971455957 -0.181406584678532
0.00733750167694005 -0.0133164555755516 0.0332490883268341 -0.17528053711725
0.0296197265452596 -0.0135461828758931 0.177066970880108 -0.114320242223411
0.0318068609919707 -0.0106153621205716 0.190073994657943 0.120810835655497
0.00863855388067846 -0.0186983164973958 0.0745443550148772 0.381794482870594
0.01159625265571 -0.0103449863401779 -0.099709223888278 0.470639439508706
-0.00087157662353156 -0.0130120474473136 -0.167187616685675 0.442704689283194
0.00422998667265315 -0.00786953041435765 -0.147967885107542 0.306628670471867
0.0160792097104003 0.00122884121696957 -0.116632185581832 0.191925260356899
0.017450615122281 0.0115817702314505 -0.121013182321837 0.0905206393981408
0.0142989000105023 0.00631870362448162 -0.189581768555171 0.00598789394889571
0.00382096729712237 -0.00299353136220831 -0.255630008534323 0.0786402917884468
0.0143997269228321 -0.0244527506830438 -0.39247274591885 0.265110423154049
-0.161840256145047 0.0274451532007903 -0.365692009251374 -0.310572836583761
-0.188598533944528 0.0266148590645654 -0.294634988861848 -0.222547854763006
-0.161682083508886 0.00545503017953362 -0.139568715508585 -0.198134806578608
-0.17200989029344 -0.0548053660601089 0.0589431278103119 -0.18682765557239
-0.121754940603171 -0.129004107366339 0.199190206533308 -0.12961755542752
-0.0523491417868659 -0.17424797950904 0.20615615227737 0.092405809728637
-0.00646267660329174 -0.220345490533222 0.0837527564425352 0.356317735419808
0.0455425729477491 -0.203493038785618 -0.0830557286844254 0.434767686077143
0.0525185504714188 -0.178073679267927 -0.156569273150288 0.42570130075304
0.047008134395542 -0.137727926963761 -0.14209688674606 0.311829837858445
0.0204604777312328 -0.119132311076583 -0.108740979937317 0.216279349544122
0.00107033173123954 -0.106652690312943 -0.134160577716524 0.111203669612766
-0.0414150487530662 -0.0949906187357109 -0.206457583868535 0.0333174580723682
-0.106679526550746 -0.0905173444199957 -0.255386197549135 0.113641782969294
-0.130242358491456 -0.0628094760493023 -0.374669656813322 0.294728772773289
-0.281370002817808 0.0624945502283771 -0.283433575534523 -0.3542335611242
-0.322703627998548 0.0333310651503834 -0.22193975537174 -0.259610210444012
-0.307043844308371 -0.0100259274420106 -0.0899369588433226 -0.227377293617759
-0.324768982663072 -0.117935155348187 0.0932964927059134 -0.209947472157049
-0.243415304301825 -0.24715068124279 0.205472316761193 -0.157411576475104
-0.113555376231918 -0.320279056048021 0.199386834485955 0.0279528698990648
-0.0112302200540871 -0.385260250485574 0.0797041420609782 0.262097305794504
0.073049864089551 -0.366670924654653 -0.0563274166816892 0.3272292001847
0.0870757876502327 -0.330352128587535 -0.119173138110255 0.358901843074348
0.0636708932097704 -0.280091104369191 -0.117022903181703 0.304659605178967
-0.0119485100090075 -0.261185643617535 -0.0934660887922497 0.249716819021634
-0.0622866075243351 -0.238138208819685 -0.152448967448434 0.155165643953179
-0.133089528776297 -0.190732403045935 -0.220173123324762 0.0954183992855576
-0.229489086645344 -0.154818626331878 -0.233915425521239 0.185774417392037
-0.264662886940489 -0.0855166189080616 -0.306640039486923 0.345606970221473
-0.353953151115834 0.0696609714860557 -0.149487654224865 -0.392032153881754
-0.405881352492932 -0.0010485058005268 -0.102962707865706 -0.296487975872745
-0.39589822894775 -0.0679489635685585 -0.00118712097169338 -0.248163550276216
-0.408775139749439 -0.208061311984772 0.140655107096219 -0.227405074859041
-0.295773811007142 -0.353166396511104 0.200339441662408 -0.190056568480649
-0.123882869012831 -0.424170273470658 0.179767833839096 -0.0640222567821671
0.00281143258123327 -0.484734438554944 0.0718179459657249 0.115226164909617
0.0863002785540201 -0.475362878594709 -0.0212656876195449 0.165618854922158
0.0873150595320589 -0.451377140045531 -0.0746990520949777 0.236888502202903
0.0324475824272995 -0.409836969061877 -0.0882985269309193 0.257673866827805
-0.102450929292673 -0.391154229503092 -0.0743591646163478 0.266582925942769
-0.188190010948367 -0.33838556669397 -0.156972612258397 0.21420223282455
-0.259135606455631 -0.241035378809487 -0.198746046289403 0.180307227921273
-0.351658850974061 -0.16634296306531 -0.166870558610463 0.269115253131078
-0.371507805768896 -0.0771531560735883 -0.189842258157417 0.40110608695711
-0.36740734954452 0.049373214100245 0.0133952347994317 -0.406551945997556
-0.415817023511351 -0.058892454225532 0.0407795640174432 -0.302820036621592
-0.392738753435037 -0.148631445731788 0.109004522715234 -0.228086840004155
-0.385604321714261 -0.287785742520185 0.191796696804406 -0.216241720151697
-0.256232258648667 -0.408158879363941 0.194622394463153 -0.212766935504414
-0.0818009501055475 -0.455499120544438 0.164286698412722 -0.162670623652226
0.0328086692622938 -0.500577945674463 0.0789594535962976 -0.0549690622468607
0.0869450711344709 -0.511480425692939 0.014200114041468 -0.025674341517408
0.0568469755478403 -0.508856799506698 -0.0466875610833427 0.0683181470899369
-0.0352536953591915 -0.47621905466762 -0.0833124970954446 0.159951972582169
-0.214127987644461 -0.440615280959096 -0.0712304833628052 0.245990063103326
-0.317483721207211 -0.351814057314648 -0.139302335044169 0.262531054857469
-0.366663360384123 -0.214371605016659 -0.127591663001574 0.252955404325025
-0.427913524240601 -0.121942516695595 -0.0510003302852101 0.329382678977067
-0.424730677936463 -0.0435091253819118 -0.0333895308022937 0.434348939950478
-0.321484133487268 0.0201430531244375 0.173605024754384 -0.386022486262143
-0.349788726369156 -0.110611028913074 0.172416032893348 -0.262384361174153
-0.299020328352292 -0.197713994283884 0.198562084090509 -0.157818543920015
-0.27004067704977 -0.30495038104821 0.223780558257528 -0.16995785835615
-0.152206679971656 -0.376032169783586 0.187180562954916 -0.21267798056766
-0.0150582924068332 -0.398833485048153 0.165540918449505 -0.23962091982896
0.0627054500298824 -0.4334412354745 0.107598166278959 -0.211534410987522
0.0753876731170125 -0.469650720716108 0.0461727053177103 -0.214731912440867
0.0149736808540235 -0.484009697705098 -0.0455857745580863 -0.115069777296779
-0.0947498284613056 -0.445736395718029 -0.114257783886128 0.0383262515690717
-0.27808481983343 -0.383822635386108 -0.0976284322186374 0.202448539498305
-0.370939352859358 -0.276319777493517 -0.109034475238283 0.280600348422195
-0.389449142559258 -0.13575667147064 -0.0311005070417303 0.282277548755343
-0.423577605485953 -0.0504570189620744 0.0832622887104869 0.34380240209238
-0.409596960331497 -0.00317032796036364 0.136046668451313 0.433932317583938
-0.225114227142708 -0.00136255502939182 0.303711756817205 -0.337973989812385
-0.236167170504606 -0.116266509169119 0.259105661358111 -0.193982472304853
-0.170212612343163 -0.179200577998552 0.233838475288093 -0.0676703438928167
-0.135447638898775 -0.235453150039029 0.216796408805194 -0.112964107465107
-0.0558380442097946 -0.263687270798997 0.171684306617673 -0.190787060841823
0.0276853068210099 -0.27905518424208 0.178012605748155 -0.278054479477546
0.0713484211859781 -0.309719308460916 0.150142852795411 -0.329985465774935
0.0529622930137735 -0.356331083701777 0.0729874625062179 -0.372294155107547
-0.0144518429110863 -0.372685638805666 -0.0659741081170661 -0.273317078135496
-0.107956893226737 -0.331238194043568 -0.1677738370128 -0.0673124585331518
-0.252447786183025 -0.261934179191268 -0.140769993140193 0.160903408211513
-0.317248014484265 -0.16755763079996 -0.0825598373647929 0.267899936395464
-0.314873795687614 -0.0581724427384811 0.0537715910252724 0.270294790229983
-0.334552680856935 0.00303508482831731 0.196061661960731 0.318618028983507
-0.326368656039307 0.0230333899481703 0.280842778101195 0.406286978822313
-0.0990060281423621 -0.00183740302642919 0.385606965688579 -0.287362537236754
-0.115975035214723 -0.0705702997162272 0.296898152001981 -0.135781264657191
-0.0667889627588188 -0.105275180854561 0.225417769180954 -0.00488248307566203
-0.0520051020612371 -0.123610607941134 0.185871235938035 -0.0796828686809355
-0.0143869252617233 -0.128582841303311 0.147739029734631 -0.168096369481469
0.0217217752345061 -0.141298395369753 0.18471429463679 -0.285081995853485
0.0438382058973058 -0.154439225673017 0.185104940461573 -0.399068278291841
0.0205782462178822 -0.187848893327469 0.0877280213085338 -0.475360826231992
-0.02353482142048 -0.200746390369784 -0.0954127952302349 -0.375821910512635
-0.0710496846183132 -0.173370549343935 -0.218208726774385 -0.133203676654415
-0.152388201141702 -0.126083715918849 -0.181910975955327 0.133313799467655
-0.189393366666769 -0.0790737012431751 -0.0682839288481066 0.242631760096436
-0.176980199582256 -0.0191780949782104 0.106376539266809 0.240947515371948
-0.189320117066141 0.0176320868013013 0.26485176282958 0.279367605909402
-0.187151219229136 0.0218575213767906 0.37935174903246 0.364713618878493
-0.0129231951261545 -0.0260790580068927 -0.385907161908274 -0.281273820385425
-0.0276055294574578 -0.00575456558798452 -0.315530138438231 -0.211316826946112
0.00862475503998295 -0.00709002755856167 -0.153799506778661 -0.181970250137196
0.00690430924411378 -0.0130594591672164 0.0346464088433696 -0.174835748263138
0.0297620420610344 -0.0136137235538833 0.177182910987455 -0.113149128506754
0.0321347735780634 -0.0103153163928408 0.188284058557504 0.121487636702533
0.009212548118654 -0.0185102032854173 0.0708876002893551 0.380070369895742
0.0113317844565431 -0.0100084802247165 -0.103318006785607 0.468115923514176
-0.000586976577942983 -0.0124877170705287 -0.171086095988273 0.437429529533914
0.00399061850189397 -0.00759344278303559 -0.15077810032551 0.303385776462833
0.0156636731424884 0.00145263177691526 -0.11776116610483 0.190086277896712
0.0169988312802099 0.0110442430117849 -0.120541717892178 0.0893760644856592
0.0146358142683796 0.006401881717216 -0.188603249577411 0.00506274593573764
0.00382336907069566 -0.00275482105752022 -0.254377963465604 0.0746424813940159
0.0142904994250765 -0.0245719385251311 -0.39362315442513 0.259855682635319
-0.160673809715939 0.0260137371021432 -0.362970900277079 -0.309993272120088
-0.18775133571608 0.0249175675579216 -0.293053143365457 -0.224200907372746
-0.161376085444802 0.00367587263295002 -0.137721435814148 -0.198926506792204
-0.171249820228905 -0.0558677845670517 0.0603259592750858 -0.186136385417893
-0.119894737024272 -0.129008296330026 0.199242314684997 -0.128040846340382
-0.0504069295046837 -0.174267759931908 0.204941812594948 0.09318095803226
-0.00434846196607246 -0.219636096752582 0.0803456088204617 0.355008703621951
0.0469989152209602 -0.201461917696493 -0.0866623078148688 0.432530016304914
0.0536440485557214 -0.175898866772898 -0.159247129700862 0.420833437112462
0.0484973124190841 -0.13647989170297 -0.144842629516497 0.308241669172453
0.0215957535681923 -0.118002124854913 -0.110032624106615 0.213706545312778
0.00181345371268054 -0.106031091899601 -0.133441760916943 0.109453894682431
-0.0406012525158934 -0.0950271736581058 -0.205729133066821 0.0314800602693952
-0.105122081324984 -0.0911225891334144 -0.254819189741849 0.110765184128439
-0.129371197616864 -0.0638267326898977 -0.374257930577658 0.289599496732623
-0.280349830430718 0.0597767344411101 -0.281467024679869 -0.353168244861536
-0.321505777822533 0.0307263589655083 -0.219954904234884 -0.26026089858966
-0.306402488261565 -0.0131737549956121 -0.0872004960103341 -0.227312887807205
-0.322693808195896 -0.119780313780814 0.0955393524282789 -0.209094976047442
-0.240480879053425 -0.24778334045675 0.206439109082357 -0.155118550917839
-0.109010109458082 -0.320627275481842 0.198305177086759 0.0290333079459279
-0.00805997436754271 -0.383716024724269 0.0773039917217367 0.261700592702687
0.0761589552364636 -0.364413320264997 -0.0591891403503073 0.324924627580416
0.0897890567910649 -0.327487973019851 -0.121529698102413 0.354694619054018
0.0664228118859727 -0.277993466647813 -0.120526179529034 0.301814058862701
-0.00942186207080141 -0.259680318093172 -0.0950034600602286 0.24813199862435
-0.059391595420962 -0.237916968034367 -0.152645688429632 0.153147080239064
-0.131173786887358 -0.191223889070807 -0.219645088693447 0.094015649432603
-0.226933455400504 -0.156284394137407 -0.23404097619015 0.182348075907308
-0.263174551226653 -0.0870905957345434 -0.307218129199742 0.341845733757531
-0.352616204815749 0.0649051823003648 -0.147787157358003 -0.391242918928434
-0.404631752689835 -0.00318666534183934 -0.100850970663191 -0.295809508527595
-0.393533462561647 -0.0717052478877646 0.00121981564450674 -0.246863383244804
-0.405322887831799 -0.210027214739209 0.142254613129721 -0.225454071149933
-0.292790739941455 -0.353635412665521 0.201870176395931 -0.188244260004768
-0.119464705069125 -0.423682278872667 0.179560043230999 -0.0634654797202763
0.0076932342281208 -0.482853893776003 0.0714222090977224 0.115563726375511
0.0902793101600503 -0.472770540227405 -0.0228011626116297 0.164134942654384
0.0909240980145471 -0.448482283586945 -0.0768440763051349 0.2348455572564
0.0362724864280436 -0.408645056219687 -0.0904879264208235 0.255309203980865
-0.0970533991180112 -0.389756606769366 -0.075547472747916 0.263650740345504
-0.182734759372859 -0.340220299931415 -0.157618471915774 0.212486486285702
-0.257839792135893 -0.24143734077438 -0.198777905751166 0.178678299423717
-0.347948613086667 -0.168897202822439 -0.167571139463849 0.265439535811093
-0.367881710607789 -0.0798481570864967 -0.191467963499634 0.39636372580311
-0.364938493177199 0.0452698595591551 0.0150814117516094 -0.403350208855199
-0.413361675761915 -0.0630775141479661 0.042912501659461 -0.300481980799339
-0.390936253881733 -0.15082894266933 0.11054914263917 -0.225985885448175
-0.382165869218563 -0.289518944955302 0.193493976359593 -0.214792908721219
-0.251298616228883 -0.408822559177607 0.195841648277446 -0.211316346338675
-0.0766368654473702 -0.453478889423399 0.164958403593282 -0.16137361217143
0.0371645776866411 -0.496638450084729 0.0794998053823618 -0.054042653905033
0.0903770818432916 -0.508039391962105 0.0144221001236362 -0.0249870441807454
0.0612507561745349 -0.505127377143859 -0.0474519885650321 0.0675138451877485
-0.0300422325715813 -0.475203319207576 -0.0849218205443144 0.157528709313286
-0.209446267050741 -0.439251078911956 -0.0720786133863116 0.243358449749125
-0.314131827624022 -0.352770341772131 -0.140452761966813 0.260785286841082
-0.363772374659042 -0.216489451308953 -0.128416806886872 0.251003547946698
-0.424247929156602 -0.125799666976917 -0.0532970119764537 0.326824306409214
-0.422669626092516 -0.0469890965199269 -0.0355430601005853 0.431868219868694
-0.318288588911445 0.0157111761599607 0.174029513607398 -0.382068790756329
-0.347307840047517 -0.113834878112858 0.173795918115263 -0.259106648678622
-0.296506257649982 -0.200664075484539 0.199578702102051 -0.155287138143314
-0.26579629522986 -0.305704061374907 0.224226365981936 -0.168185934915812
-0.148358199943682 -0.374526617834343 0.188607631213262 -0.209955263671756
-0.00985278462053212 -0.397702256907978 0.167248514861094 -0.237474260773403
0.0664850588222927 -0.431757445070155 0.109521916537455 -0.209006663316267
0.0786422913999043 -0.466648702103115 0.0486266694951448 -0.213144035984545
0.0199766301833822 -0.480895765023795 -0.0453741462468276 -0.114464835003076
-0.0880404238238209 -0.444811629871753 -0.114577471874459 0.0371733850492683
-0.272076257517897 -0.384396007926849 -0.0981057538634297 0.199799690381497
-0.366103938975194 -0.278407584580658 -0.110692380919731 0.278536552148451
-0.387421508390704 -0.13839450828316 -0.0327394596763348 0.281210749390119
-0.420834549090577 -0.0545706779252075 0.0801224513449716 0.34242038572813
-0.408434332713018 -0.00637944502975426 0.132375636576504 0.433239905366035
-0.22372223265908 -0.00409451700872716 0.305083105443592 -0.333802573828116
-0.234008319418588 -0.117004406644325 0.259508122534637 -0.190182447996493
-0.168138492632637 -0.179670233877282 0.234232484837828 -0.0657987182928599
-0.13251782270837 -0.234956760106012 0.216635644414403 -0.111175984436086
-0.0535332602444951 -0.262119733729773 0.172702261971341 -0.188375248653119
0.0302066168166555 -0.277514232356995 0.179754321821094 -0.275493387004431
0.0731198684649179 -0.308246039506607 0.153509788433387 -0.326747163470181
0.0560006204952148 -0.353143086252517 0.0759969909380371 -0.369873189231783
-0.0110954865708396 -0.371429711787471 -0.0640792595808447 -0.272373756654143
-0.103440729727909 -0.331026874321223 -0.166638537012484 -0.0683188190877735
-0.248783090000924 -0.263934958084913 -0.141345397158889 0.157723455554363
-0.31399906180385 -0.170280616201698 -0.0842336245458599 0.266344214264972
-0.312884491686852 -0.0604677186995659 0.0518765208337592 0.269983571442463
-0.333586065131037 -0.000369114057530076 0.193179075338311 0.319436997173712
-0.325722234387943 0.0207413631460489 0.279290786292132 0.405602205901388
-0.0981869641615385 -0.00306265059451913 0.384112504194012 -0.28329450554799
-0.115472497392879 -0.0707793049404935 0.296127398705713 -0.132551356838277
-0.0659654463003605 -0.105290431335879 0.224848193601332 -0.003214965128894
-0.05070716135005 -0.122956617119145 0.185830940491251 -0.0779912745208587
-0.0130660455947924 -0.127673426647186 0.148878409995358 -0.165905158384872
0.0229700719828235 -0.140183695611921 0.18675959307852 -0.282095190949254
0.0450429457219885 -0.153432782186071 0.18838889663924 -0.394600937550984
0.0224120764719335 -0.186577071510745 0.0904374316582422 -0.472047423836767
-0.0210825479931785 -0.199802069317937 -0.0918430753054474 -0.374935233498403
-0.0689400613494419 -0.173475891490779 -0.216448726204105 -0.134626400748903
-0.15071909947607 -0.126791382420013 -0.182385617764108 0.130475347628162
-0.188019399291657 -0.080325937413379 -0.0703237683216997 0.241309783588204
-0.175897095017025 -0.0210175679236511 0.104350877821126 0.241341100068343
-0.18859857994951 0.01551556371281 0.261444969849083 0.280189555189948
-0.187074675893262 0.0208150125146061 0.375074006223904 0.365345469236789
-0.0125043423226481 -0.0262419938044382 -0.385805651702174 -0.28499845479413
-0.0274046072095592 -0.00549647250722703 -0.314420985762214 -0.213431096159927
0.00851704386891996 -0.00754799042223867 -0.152732986657435 -0.182761668054471
0.00732006011374804 -0.0127889919039875 0.036439720048703 -0.175246641580682
0.0304708488995446 -0.0134548300398525 0.177591828739266 -0.110508425848571
0.0320516003353722 -0.010462900264682 0.186876916705509 0.122760494195758
0.0089812183623134 -0.0176137041594052 0.068784784984324 0.379151924967159
0.0115038717277196 -0.0101096651069531 -0.109222720739468 0.466015509228359
-0.000622050395770369 -0.0113171430173968 -0.176045847925002 0.432657683286363
0.00401164856118914 -0.00750449404426382 -0.154418136962148 0.300592279012737
0.0157230249286042 0.000996541156493518 -0.119308809071748 0.188140721334866
0.0173792086731446 0.0113067653202004 -0.120841458925735 0.0885172514907691
0.0142483751731538 0.00634796458399905 -0.188319181611149 0.00373458843262691
0.00410408449007931 -0.00235049241217358 -0.254242319974334 0.0724423395843899
0.0143348568076506 -0.0246212937997035 -0.393313050267502 0.256171095251724
-0.160454940619791 0.024796018068118 -0.362682394821346 -0.313699205034294
-0.187759482398366 0.0236759805088376 -0.29156495981434 -0.225742517930537
-0.160755789941976 0.00154848067306418 -0.135984786369125 -0.199522000612105
-0.170225194031392 -0.057432487833108 0.0620558067318313 -0.185849739523922
-0.118454413072863 -0.1301817625544 0.200102507360409 -0.126362685798256
-0.048086791987226 -0.174104537452781 0.203719621151086 0.0945151542778217
-0.00243875893226232 -0.218366034516289 0.0773265691269273 0.353948451402344
0.0487404260860663 -0.201059854312171 -0.0920268762336546 0.430753052350571
0.0554567085321 -0.174842156334309 -0.163885088945285 0.4170046596624
0.0494516358053978 -0.135612969441477 -0.147854053648265 0.305738429149201
0.0224336800141507 -0.117145311190606 -0.111279897131571 0.21204241628708
0.0028278609452293 -0.105988297707571 -0.134209935699626 0.108525506147116
-0.0392356036056576 -0.095127049024989 -0.205077390517586 0.0302012888357447
-0.104099484614018 -0.0913969387759779 -0.254403894517385 0.10739575145767
-0.128382570174198 -0.0651175013719421 -0.375108121487459 0.286084757021717
-0.280119865137625 0.0568996923402635 -0.279438695610149 -0.355833453070832
-0.321101739458251 0.0277149571561277 -0.218715751534653 -0.260939823873017
-0.305659728264873 -0.016270425671843 -0.0848822240437809 -0.227442042956259
-0.321127040758763 -0.12216082951692 0.0971776077833552 -0.208572298064691
-0.23780690887154 -0.248903817549809 0.207271142517419 -0.153836694853775
-0.106211287667076 -0.321454700753163 0.197951690914763 0.0301591167685384
-0.00391861152473467 -0.383406581405702 0.074873961690081 0.261780228300519
0.0786617887891613 -0.36241384813566 -0.062586198177366 0.324552588823286
0.0922698535988032 -0.32497276605872 -0.125283357567414 0.352675834694054
0.0696000186818051 -0.276760390308868 -0.123831002335769 0.299515804857727
-0.00724654443662584 -0.259038531636478 -0.0963577320285747 0.246945532515373
-0.0568564910140007 -0.237921279105287 -0.154127358999011 0.152511840925023
-0.129155969844161 -0.192315685810354 -0.220021895571343 0.092220961520957
-0.225258268169072 -0.157891407626682 -0.234222053115765 0.178992567001503
-0.261456192330642 -0.0893887394181317 -0.308602587304734 0.338022204914307
-0.351854245893396 0.0612728047476776 -0.144563096502571 -0.391688936733333
-0.404461420615892 -0.00811779015160818 -0.0986821281587241 -0.295628309665376
-0.391665606304815 -0.0756073065954604 0.00348574286359378 -0.245979910554846
-0.402214874621519 -0.21293552612911 0.144651235286328 -0.224210541379151
-0.288483596795568 -0.35610829625695 0.203621151440519 -0.186629037289156
-0.114773164251238 -0.424878528137212 0.179487348424448 -0.0622146717738735
0.0114014909538563 -0.481328596568643 0.0704011728883784 0.115656443889874
0.0945154777810399 -0.469056924428094 -0.0247171684802155 0.164134353500065
0.0951048589989279 -0.445451548438473 -0.0794770922257488 0.233342254608107
0.040672903769077 -0.407422703338175 -0.0937577056885696 0.253325846045736
-0.0945290475643886 -0.388058409056336 -0.0771157455808017 0.262698026305907
-0.178769249035285 -0.342211163088994 -0.159481194534922 0.21083728848879
-0.254951592297827 -0.244009768241427 -0.199268836662243 0.176717660902298
-0.344987018649395 -0.17244728007444 -0.170037355101177 0.263206381264663
-0.366572938208421 -0.0822082739940408 -0.192926709908592 0.393979837303689
-0.363615182899805 0.0411731651276884 0.0168048238528111 -0.403200105147994
-0.412654593651969 -0.0661176687995493 0.0441485171932072 -0.299145713310551
-0.386412203423778 -0.154487023740464 0.111972866597354 -0.224331313363067
-0.378318558228694 -0.293244457014109 0.195373836530172 -0.212663620220647
-0.246168669873319 -0.40918603553837 0.197986568875332 -0.209644802809451
-0.0714599384595719 -0.453672044523059 0.166355446669579 -0.160942541816822
0.0437082267779546 -0.495373373413653 0.0806041411428215 -0.0530165629533873
0.0940820170516687 -0.505113280569847 0.014627152348118 -0.0250079125283238
0.0663439219121525 -0.503027955028027 -0.0482422131780942 0.0664604709879592
-0.0253554414378839 -0.47373570930872 -0.086469890699617 0.156645209366704
-0.206668884726956 -0.439317650649427 -0.0733986761701782 0.241272840769427
-0.309862940417093 -0.355787619991565 -0.141942151814195 0.260002934834856
-0.36154830318194 -0.220360422996724 -0.129642106058849 0.250129794154119
-0.4225599968913 -0.129146336338426 -0.0550027843703561 0.325947394446717
-0.421386972896684 -0.0502008624196565 -0.0370321007599665 0.429508253910203
-0.317908952591778 0.0132481458720039 0.177256805319714 -0.3795847724239
-0.34611984414045 -0.115991658990492 0.17500018392904 -0.257220531935477
-0.294377013251842 -0.2031711231567 0.200531984947665 -0.152727795662688
-0.262421789974589 -0.306532276765359 0.225921427028994 -0.165931100736475
-0.144205778356927 -0.375902085948373 0.191005391176534 -0.208343466378554
-0.00557723074016363 -0.395597300255232 0.169044572937111 -0.236191448536851
0.0708241906451079 -0.43099049770057 0.112172175761954 -0.20811299762164
0.0822096981016522 -0.465359296160374 0.050314883378473 -0.211968034945045
0.0243087644341071 -0.479274828216697 -0.0440758035957973 -0.114408814413445
-0.083533115582466 -0.44569706900499 -0.114961124285429 0.0361625509333676
-0.269242116147854 -0.386058415835322 -0.0993576085541929 0.196846674993454
-0.362496620249637 -0.282561646423439 -0.112999956812522 0.277807178094411
-0.384562419761141 -0.141087309106849 -0.0346265140898383 0.280936607805671
-0.41927282116576 -0.0593527408084448 0.0770874320620175 0.342376810258427
-0.406835039209725 -0.0110941404499486 0.129245515333089 0.433017330613504
-0.222508265958462 -0.00601907285040352 0.30629617662828 -0.330457735996617
-0.232669050532549 -0.1188267036957 0.260058821259093 -0.187405965855389
-0.165643717991105 -0.181571400783536 0.234509599445945 -0.0633851520546681
-0.129912944889354 -0.234275571396176 0.218398953571297 -0.110095078694905
-0.0507579754055277 -0.261769058658798 0.174701451717769 -0.18687794319326
0.0327789501993985 -0.276274533663813 0.182344032707616 -0.273085005247163
0.0766953126085387 -0.306318451428636 0.156315266878344 -0.323776825229595
0.0586102330130636 -0.352072015391461 0.0792201016318801 -0.368851008011341
-0.00704626026611763 -0.370691379322972 -0.0615262522222856 -0.272171547376494
-0.0997484613130251 -0.332358006136659 -0.166371304604242 -0.0698741925110457
-0.246610211574272 -0.26440911147431 -0.141438176678712 0.155407764503234
-0.311529146755764 -0.173228455981487 -0.0864289665786995 0.265765810104882
-0.311731125150818 -0.0633913523353455 0.0501047852157241 0.270390588442542
-0.333501505962008 -0.00390480469814879 0.191242380908296 0.320423629894449
-0.325356440361593 0.0179807050448467 0.275545457563358 0.406804942638815
-0.0973406580207395 -0.00431265284557065 0.385777465566986 -0.279342817641442
-0.114129106288225 -0.0712668195412696 0.296103914454389 -0.129951142403114
-0.0643611810476592 -0.106267200486671 0.224972131178538 -0.00102542750459815
-0.0491894508695486 -0.122651124709045 0.186316270044295 -0.0770884474681282
-0.0117399942173381 -0.127085552674395 0.150271934597211 -0.164263037359011
0.0239362162258837 -0.13933124816381 0.190117181811597 -0.279947632124676
0.0470278350665822 -0.153275806573298 0.192055714865032 -0.391378828714988
0.0236472830256778 -0.185855402899303 0.0975047594907946 -0.469124368411597
-0.0192985090166987 -0.199412230343987 -0.0872590255153957 -0.374583418547916
-0.0669259876016255 -0.174274530550369 -0.215320546800438 -0.136571472494883
-0.149268522364836 -0.127393784405229 -0.182809954302274 0.127886877299655
-0.187291346005536 -0.0818675415910663 -0.0721105702536246 0.241021377226353
-0.175160833779387 -0.0223712913757872 0.102633502792017 0.242285181426265
-0.188833810319895 0.0133989316338617 0.260173409302468 0.282406086568362
-0.18740843879259 0.0189413075735644 0.372872164113432 0.368232800053532
-0.0119942347957708 -0.0257451885570397 -0.38371876265262 -0.288405054898973
-0.0264948790457593 -0.00542473187480231 -0.314326096896483 -0.21556982946362
0.00896000500111296 -0.00796682444428086 -0.151181968107712 -0.184460796143684
0.00744513200724435 -0.0125208662929807 0.0378907625871302 -0.174719948994263
0.0304727125147223 -0.0131351382497591 0.17875058969992 -0.109690933524817
0.0323617244761556 -0.0103997044302446 0.185790798105207 0.124099572159566
0.00897368074529253 -0.0172466021823914 0.0643049164005073 0.380131945022444
0.0111666663839805 -0.00949257856254404 -0.113860882433707 0.464994326120652
-0.00055882682228345 -0.0111930940630216 -0.180790551764815 0.430068318836778
0.00425340323941193 -0.0073800406189015 -0.158030278832309 0.29822045091055
0.0151751778089856 0.00109735632086671 -0.120794565314885 0.187337703972105
0.0172326905097201 0.0114177297312413 -0.121351884380422 0.0879465093038089
0.0139116768952066 0.00635423842320231 -0.1881022257204 0.00220213324902462
0.00424824510644894 -0.0023660595237371 -0.254729497405031 0.0696805765222634
0.0145195974966758 -0.0248487862157674 -0.394312145546737 0.25234848865121
-0.160274615529936 0.0231322645117106 -0.360472312238678 -0.316831704260976
-0.187632848544049 0.0221404556307984 -0.291699897493993 -0.227971744152775
-0.160922686880509 -0.000351872996708136 -0.134009427528013 -0.200389725523296
-0.169566258696118 -0.0582294490968273 0.0641573376239619 -0.186088361928869
-0.116928568230788 -0.131618971400448 0.201557183996697 -0.124924563329503
-0.0461668727251881 -0.176033893280002 0.20344861443945 0.0957072888407171
-6.51986217928592E-05 -0.218191160869379 0.074061909079157 0.354815898600076
0.0504313831532485 -0.200682908233127 -0.0961552010126115 0.429847997466101
0.0571154512259854 -0.173621590221046 -0.16873935572279 0.413884878459821
0.0508145452935709 -0.134614255425663 -0.151821935497206 0.303193348649628
0.0232053633980934 -0.117343044758978 -0.112946642588915 0.210565415649271
0.0041417841098207 -0.106362448609578 -0.134888366743027 0.107432819530319
-0.0391586200252272 -0.0954964527484185 -0.204753186015706 0.0292044780064191
-0.102922161240152 -0.0925294049658477 -0.255002778318182 0.104650074625031
-0.128260276407706 -0.0666395641957832 -0.376197427970761 0.282170867630948
-0.279730449693735 0.0538925853885785 -0.278868007718133 -0.356991679931941
-0.321487931559646 0.0252029637903645 -0.217556780599545 -0.263465867915775
-0.305635718522959 -0.0200330206645644 -0.0826213086133651 -0.227882536127241
-0.320352479097132 -0.124978319562544 0.099629136890536 -0.208517299485967
-0.236163848725909 -0.252371569865027 0.209339166640488 -0.15221736245351
-0.102041762179179 -0.323587686183191 0.198382829158793 0.0308103975978421
-0.000386294563867396 -0.38324519853135 0.0734149947495039 0.262975164598327
0.0824220770240897 -0.361649944847479 -0.0661914701613655 0.323829731763343
0.096447487976923 -0.32354010788354 -0.129741925865002 0.350059807259182
0.072121813189066 -0.275596128529153 -0.127415120600961 0.297868598194426
-0.0053055092111104 -0.258586271371445 -0.098058464070931 0.245082948944943
-0.0543408480787727 -0.239030045535042 -0.15502551722604 0.151633199777176
-0.127290154895345 -0.193141042417151 -0.220150343039876 0.0906069007209121
-0.223878307481809 -0.160075443016398 -0.236318787850199 0.17655944526384
-0.260723690330535 -0.0917212597185851 -0.310555419075379 0.33444304625963
-0.352608396322463 0.0579931141086023 -0.144236472427262 -0.392627387184087
-0.404400610269648 -0.011375163393702 -0.0977392528154285 -0.296449427255452
-0.39171923572888 -0.0811480082506636 0.0059682653013133 -0.246232593851804
-0.401143556239032 -0.216507360107794 0.146663924988891 -0.224013404193362
-0.285781896668771 -0.35867616530677 0.206041351357628 -0.185914877633293
-0.11094925212818 -0.42656697923885 0.180240749069816 -0.0615996445734241
0.0162720271387115 -0.481522327871697 0.0699432481549728 0.116183335500079
0.0983967127012166 -0.468932464956709 -0.0262345814276991 0.164550306682428
0.100663762659928 -0.44437468799305 -0.0825507319505768 0.231778467946634
0.0449402506881708 -0.406924934816555 -0.0967844657146424 0.252470846896229
-0.0914795668079117 -0.388894115157447 -0.0785903851522804 0.260746336563528
-0.175275002195604 -0.343609296299086 -0.161471610616752 0.209742122317274
-0.252970683919117 -0.246475793888589 -0.200072273146386 0.175267074295844
-0.344484999100221 -0.175461324776261 -0.171413056267287 0.261043360556923
-0.367098818683906 -0.0857500773074507 -0.194808662117841 0.392445841790918
-0.364038781109138 0.0378575724137159 0.0187857892773759 -0.4017889131795
-0.41261936350576 -0.0690847637314648 0.0477724518865158 -0.298717116889292
-0.386974781917442 -0.159206306744858 0.115211304739498 -0.22326512341192
-0.376741785919816 -0.294645404779748 0.19793900982551 -0.212559530959508
-0.241444321604843 -0.411867938722285 0.200676341994199 -0.208295870950197
-0.0662060168446391 -0.455932875988863 0.168251152948531 -0.159893333059183
0.0473859467359766 -0.495056503005872 0.0812608184525206 -0.0517487343229034
0.0994537576009329 -0.504444222354813 0.0146022863425426 -0.0243774156438448
0.0718168942706872 -0.503001249410456 -0.0495258752137064 0.0663785109667166
-0.0194569806174248 -0.474809367888093 -0.0885352602110421 0.155906796656035
-0.203173399487492 -0.440664317463585 -0.0745848045768275 0.240039512873209
-0.306398105395235 -0.360337876148509 -0.144539597807507 0.259281784675368
-0.359706328585574 -0.222707317334995 -0.131297731989637 0.249291803852314
-0.42227979882235 -0.132882079918419 -0.0585887892556741 0.324277838291587
-0.42082843109403 -0.0547070316982531 -0.0410294809730441 0.428803049067358
-0.317391215511128 0.00881610970326771 0.178715197304513 -0.377553409897587
-0.344473280975134 -0.118389491775513 0.176538244880647 -0.255866910852511
-0.292476278174491 -0.205746651493327 0.203011717597042 -0.151018448583428
-0.259743968852488 -0.308099816679872 0.227761866530388 -0.164975673618261
-0.141405277259078 -0.376386358217272 0.193040219620642 -0.207535268901271
-0.00115009737385201 -0.397191391229172 0.172266558639065 -0.235993430396041
0.0760035331904188 -0.430424145632088 0.115179891880531 -0.206730635355001
0.0861493508414049 -0.464889798580073 0.0528876970013319 -0.210984583661699
0.0293156969605255 -0.478455521857427 -0.043724451300454 -0.114821986338014
-0.0784676449280101 -0.446378448317427 -0.115799811804688 0.0348166154930027
-0.266699890154285 -0.387963619530225 -0.0999916103401157 0.196118033302271
-0.359815981501558 -0.286533802888559 -0.115487804263583 0.27761384089633
-0.384530334001529 -0.144899730598605 -0.0363035184349694 0.280791726390644
-0.419847479900731 -0.0639714661208887 0.0747688604556913 0.343280800946285
-0.407666764528545 -0.0139610811673069 0.127296306650463 0.434016190228861
-0.221189687780086 -0.00903034614003154 0.309058551863897 -0.327850488334397
-0.232300905106733 -0.120355458538071 0.261606070555553 -0.185564128298742
-0.164453559711967 -0.183207360796086 0.236164894206182 -0.0617314945968214
-0.128219996188566 -0.235374074325817 0.219216300347296 -0.108496837680765
-0.0481375966869432 -0.261232449579471 0.177185949657493 -0.185074974422425
0.0352857306235368 -0.276349932184062 0.185743611542761 -0.272135863152624
0.0804531834838906 -0.305932738480344 0.159137042464175 -0.322788697807941
0.0628701513541143 -0.350820486599926 0.0844241815459864 -0.367126523547083
-0.0040029224026613 -0.370446696804232 -0.0595804438992504 -0.272378611336716
-0.0970061047453738 -0.333367418659649 -0.165485186890639 -0.0713271276401661
-0.244487973345172 -0.266483198390657 -0.143322670004126 0.153052074508499
-0.310661834988157 -0.176696588598798 -0.0887496179592243 0.266074815588448
-0.312004755153624 -0.0655861713501164 0.0476805156084208 0.271645749793549
-0.333713009633063 -0.00766004032583828 0.188463299864726 0.322664502234314
-0.326612795813851 0.0149446118937846 0.273717323359913 0.409880221703728
-0.0967849782992005 -0.00630182324759817 0.388088352165565 -0.27599251015065
-0.113867669696451 -0.0720262760867014 0.296112217970571 -0.127099864854262
-0.0635401563487769 -0.106413255420989 0.225716021443971 4.37706694067009E-05
-0.0483318047086572 -0.122751244369 0.187588848672222 -0.0756705440463788
-0.0110547113091523 -0.126730692597371 0.152634758973544 -0.16295593563145
0.0253420829513115 -0.139092948371508 0.192830311741478 -0.278124243439393
0.0485893626027583 -0.152856877369256 0.19713140116909 -0.389307230789064
0.0253906177360548 -0.185293073480968 0.103214875986216 -0.468801980717365
-0.0173429370182017 -0.199692331184068 -0.0846493244247678 -0.37653221096255
-0.0655733515473234 -0.175392971544399 -0.214614334562803 -0.138313660341682
-0.148407938358009 -0.128718086208864 -0.183838488674579 0.125756314982189
-0.18670228281495 -0.0840584510153384 -0.0744177528109768 0.240980270898276
-0.175640100431539 -0.0239871329563214 0.100778100825924 0.243293174135789
-0.18969498102117 0.0109681124850385 0.25855443619606 0.284843984736389
-0.18786500688298 0.0183357440220585 0.371828607301818 0.370499619688884
-0.0117893365509654 -0.0259034638005765 -0.384851071211734 -0.291788958959913
-0.0259160866509183 -0.00585148952839282 -0.315705386412023 -0.218438644380188
0.00907673977420883 -0.00781432390177197 -0.150184479177783 -0.186323966332469
0.00739419812755659 -0.0118386144613981 0.039428172349703 -0.175711321384595
0.0306861446807663 -0.0130998047116819 0.180491322160018 -0.108498402034305
0.0325500946134953 -0.010601324138391 0.185810833308939 0.12616698866508
0.00902086085025959 -0.01676947199276 0.0609177433345467 0.381131236570645
0.0113103612954884 -0.00965815593964046 -0.119376655327392 0.465873847057617
-0.000534447717388439 -0.0102965040500588 -0.186055838487365 0.429178125175664
0.00431755738621379 -0.00692971965157932 -0.161692924964268 0.297657934512442
0.0149767477147968 0.0011515407379222 -0.123107109593767 0.186626000872137
0.0167381191198155 0.0111374386146906 -0.121798660655359 0.0872571428291927
0.0139655358247542 0.00696784559576794 -0.188784591070721 0.00124709272205174
0.00450683701838681 -0.00213231528423512 -0.255779147031177 0.0674367953065721
0.0143708166566326 -0.024980468164248 -0.397501409150585 0.248877523547401
-0.161120293031089 0.0214823979363648 -0.362137395779312 -0.319357868258967
-0.188464605415384 0.0209836274412062 -0.291850049469892 -0.230898256508895
-0.16145973296834 -0.00260087037571912 -0.133263862374561 -0.202307122796558
-0.170362259070697 -0.0602120985553449 0.0662460897066167 -0.186394526197004
-0.115735919667189 -0.13278555939338 0.203506134530279 -0.123491755820991
-0.044317052642232 -0.177150224710986 0.202782479943554 0.097507678657236
0.00214334964226156 -0.219506491023798 0.0708987101933983 0.356191567032765
0.05249687588355 -0.200986803360495 -0.102392678463241 0.43017699966612
0.059134549631777 -0.173171051427989 -0.173564405016198 0.41239183046623
0.0523378893591098 -0.134658027347025 -0.156088178685735 0.302986205270348
0.0241877628123171 -0.117794328906199 -0.114786196482686 0.210509039288645
0.0056682432189578 -0.106838465834118 -0.135928738162606 0.106681389472961
-0.0382813775112863 -0.0964535716738407 -0.205839059600686 0.0284157477879341
-0.102806042745037 -0.0934453626394657 -0.256634559973455 0.102734446089538
-0.127668061077861 -0.068196139768187 -0.379189448450788 0.280248059325255
-0.281181782127973 0.0515289587999661 -0.278878561464265 -0.359960479072628
-0.322891505476704 0.0225048597812001 -0.217667068281858 -0.265586689506127
-0.30631170301795 -0.0238400674150828 -0.0809209774236072 -0.229634922396909
-0.32028482310636 -0.128143554812023 0.102222824859376 -0.208534302858355
-0.233810173238251 -0.254033038214991 0.211642233815569 -0.15166642215091
-0.0992387531232908 -0.324262818990743 0.198285678254375 0.0320100488790775
0.00310691169649655 -0.384121726739904 0.0708083033777894 0.263836152768651
0.085028826094258 -0.362571248929648 -0.0698798630929548 0.324719501567498
0.100379296367199 -0.323363409255124 -0.134317816075457 0.349313935270493
0.0759017630737411 -0.275695739882118 -0.130895182604994 0.297527560324833
-0.00319561760555759 -0.259432243197261 -0.100029154491821 0.244500648469807
-0.052471349304121 -0.24028974716247 -0.15672258438611 0.150959342898863
-0.1268583465077 -0.194949287754117 -0.221125787734698 0.089601543010324
-0.223395703784365 -0.162303445992609 -0.237355828280012 0.173869637199745
-0.260972666174082 -0.094296245065968 -0.314829461687177 0.333703459769499
-0.353011119172665 0.0540672588357349 -0.142421072652714 -0.394325806477595
-0.405544190269861 -0.0148129972203999 -0.0957949620969737 -0.29812305486903
-0.393098064707751 -0.0841599758189886 0.00896022592725168 -0.24716871859352
-0.400753510978424 -0.220532582584246 0.149929467937796 -0.224277608855182
-0.282998890509262 -0.362613201326668 0.209196988689458 -0.185150960358836
-0.105532256699327 -0.429837661577087 0.181841560652435 -0.0610321290765509
0.0222902176198744 -0.483279717523689 0.0692272614976399 0.117950232789609
0.102888236538651 -0.46930756387886 -0.0282765204660129 0.164602353440683
0.105340413159438 -0.443157955792339 -0.0854508857685166 0.230621675374777
0.0492061868904772 -0.407975938420588 -0.10012034383419 0.252267590917369
-0.0878790460803801 -0.390608579894517 -0.0807130021755454 0.26007572989574
-0.172371946542358 -0.346797613972756 -0.163320908354639 0.209542715347953
-0.251855654353042 -0.249383985887711 -0.201747444910527 0.174759009597533
-0.34368147650157 -0.179524995700725 -0.174202012330056 0.259405461679597
-0.366665015139743 -0.089441541516427 -0.198613015991933 0.391963000603405
-0.364260753254649 0.0340258293847785 0.0201364979155778 -0.402269608201797
-0.414052845588769 -0.0740163330292365 0.048927666818776 -0.298562818476864
-0.387097539331661 -0.164179484217582 0.118119437659962 -0.223306286114234
-0.375431156304701 -0.299768224067922 0.201416378009662 -0.211746235396864
-0.239513206203634 -0.414622341074639 0.204014898243085 -0.207996729521509
-0.0624788931655692 -0.458029954768916 0.170626626023689 -0.160318231558165
0.0532189885157921 -0.497423051580421 0.0830008214935931 -0.0509735224919903
0.103741408888661 -0.505084814203021 0.0154239528838254 -0.0240756335844661
0.0761173912046129 -0.502894976140163 -0.0507772990108725 0.0658135375286451
-0.0147682416090437 -0.477494473784835 -0.0906131424323509 0.155437362969579
-0.198528012764658 -0.443909111753885 -0.0767643390144489 0.239055727101267
-0.303032086733013 -0.364953618742941 -0.147286707535003 0.259768293771838
-0.358272130916579 -0.227673094066025 -0.133284272195172 0.249188729015897
-0.421740862353235 -0.138706332937074 -0.0609661881001515 0.324369977589844
-0.422702155249443 -0.0580929818936975 -0.0425114668801587 0.430023114533289
-0.318229370342339 0.00587139868577162 0.181441675237054 -0.377778289049219
-0.345225891445309 -0.122667084919618 0.179484743663505 -0.254197275850806
-0.291539505447514 -0.209746174594022 0.205973946442277 -0.149974106988853
-0.257359870765139 -0.310551460877544 0.230931234440579 -0.163679479826768
-0.137947200731173 -0.378011348337054 0.196546162098205 -0.206692536773389
0.00262027498441388 -0.399076651248867 0.175513961756969 -0.235319778950719
0.0808926086969778 -0.429956063079601 0.11769801274143 -0.206069855830983
0.0906604996811597 -0.464596533720625 0.0553406357452068 -0.211472053456939
0.0327989887186091 -0.479320673033131 -0.0429425637599802 -0.115517595808295
-0.0745093336644295 -0.448630762898293 -0.116758504523746 0.0339973789253165
-0.26354572843209 -0.391996748182628 -0.101939819083789 0.194178033129849
-0.359949698092096 -0.290171072857959 -0.117817453941459 0.278237383697841
-0.384537679847065 -0.149543659296148 -0.0386017417478248 0.281718522885767
-0.420866281848848 -0.0679635685844336 0.072681739768598 0.344934643978456
-0.410338937567749 -0.0168740300004612 0.124850195351005 0.435820978656404
-0.221996318585813 -0.0117946521619761 0.310993337244803 -0.325203632857513
-0.231908921594207 -0.123254070543024 0.26343025997294 -0.18375247001931
-0.16308701075206 -0.185438625859832 0.23805510539669 -0.0600569920080093
-0.125551439094067 -0.236446809200436 0.221849873029024 -0.107878524611183
-0.0457769805894923 -0.262109041262469 0.180483616269459 -0.184671303250984
0.0384271397396578 -0.276684169296837 0.189675098200934 -0.271949769742801
0.0841329034981073 -0.306031301854083 0.164664944442483 -0.321646691763387
0.0655228823471847 -0.350891907086833 0.0882860994758986 -0.367312559821581
-9.9744037245636E-07 -0.371661277270925 -0.0572540595449799 -0.272958969529658
-0.0934285145307413 -0.336016631662585 -0.165970490598896 -0.0731180637590706
-0.241955751838027 -0.269243302409284 -0.144274018433336 0.151269178621557
-0.310189055717716 -0.180556654080187 -0.0919441071769448 0.266863012017399
-0.312514657842831 -0.0689468859572571 0.0460442004188005 0.273053248156097
-0.33545720729743 -0.0108030520546885 0.187366580251578 0.324628081715414
-0.328087216741215 0.0121587130942205 0.273368028097846 0.41247120971717
-0.0964704471717396 -0.00732852928625418 0.390824867996901 -0.272823416375192
-0.113853969443894 -0.0731652686700833 0.298372380087454 -0.124684350610353
-0.0627295648051088 -0.107833937193084 0.227012537931232 0.00174134499708366
-0.0467442050395489 -0.122890069219959 0.188576277626715 -0.075758825634636
-0.0095151920705513 -0.126885040583357 0.15435817094707 -0.161920153967228
0.0261062888606528 -0.139037814932552 0.196907756235336 -0.276558127574078
0.0503311891928337 -0.15324848427627 0.203183130805265 -0.389680212865514
0.0271272781314654 -0.185343224017855 0.107704973076472 -0.469025959977839
-0.0154636445512047 -0.200247881291233 -0.0801037926359491 -0.376665062998468
-0.0640962349279917 -0.177333197362075 -0.214368415612699 -0.140699476235723
-0.147171307028727 -0.130321116394058 -0.1857691740518 0.123522461378912
-0.186648390695398 -0.0860310329451946 -0.0765804628184847 0.241416862501732
-0.176270753323899 -0.0255439007108348 0.0992474504962882 0.245528994291967
-0.190671703615089 0.00948978053904537 0.257779952745772 0.288014318504502
-0.188439294142133 0.0168770431932245 0.371498009920299 0.374257512946596
-0.0111266802138655 -0.0260919682024823 -0.386538169846653 -0.296991780395762
-0.0253647184300021 -0.00574603767911623 -0.316903018552326 -0.222432076604097
0.00946211406529518 -0.00821848433758928 -0.149605323457216 -0.188707052960888
0.00757723316442201 -0.0116678686540004 0.0421851306323766 -0.177239490435622
0.0313886801132412 -0.0130887594972335 0.182849250780915 -0.107481740873344
0.0330014337658744 -0.0104863199732321 0.185816651216281 0.12785596103462
0.00891515620007562 -0.0162788633517746 0.0584196363924336 0.383229669760722
0.0113292856457222 -0.00963045803529609 -0.124887608220107 0.467330481757003
-0.00055833544255332 -0.00981907518608714 -0.192211921133891 0.428329709355819
0.00382193619076044 -0.0071841774799032 -0.16633447084591 0.297313634162212
0.015076778099753 0.00107804259363573 -0.125581749013391 0.186303511063581
0.0169593818183084 0.0112205930589886 -0.122922110467379 0.0868671348340196
0.0143064777932749 0.00674562054007082 -0.189891912084777 -0.000223919151025812
0.00460922350847101 -0.00195004926490571 -0.257342221514457 0.0658248918878573
0.0147447828013346 -0.0256556361762136 -0.400738850008618 0.247561373668261
-0.161607825819382 0.0204064436187911 -0.362881287290201 -0.325127615100179
-0.189521839790957 0.0192576194472949 -0.292737178285701 -0.234678276458317
-0.162382185123287 -0.00389587338077066 -0.132198667286505 -0.204967392843391
-0.170762985258796 -0.0615165282770743 0.0689072013536003 -0.187838649399732
-0.116526946293001 -0.134760806408245 0.205881120650478 -0.122732362896366
-0.0429941015537868 -0.179066664008908 0.20322807872668 0.0991009695941073
0.00415852610624002 -0.219660874056005 0.0683563374030382 0.358463920702457
0.0540013194385325 -0.201171030108069 -0.106408478204822 0.432737437006856
0.0614128939771303 -0.172321550904046 -0.1798165391522 0.413945429049874
0.0540442774188042 -0.134767062171236 -0.160865953245775 0.303029701046574
0.024903050746194 -0.117610675556213 -0.116985531960419 0.210608297858117
0.00626538837823945 -0.107997370867484 -0.13717684657891 0.106236869049539
-0.0376002374983771 -0.0970949397481263 -0.20749099734479 0.027057558228132
-0.102140476358258 -0.0944316384626842 -0.258655342022818 0.100701361445011
-0.127830386245692 -0.0700122195685115 -0.38378283993916 0.277854522843589
-0.282869432236146 0.0488770370250326 -0.279631640647583 -0.365397056134256
-0.325727368330695 0.0196868696272352 -0.217228108726448 -0.26852965100871
-0.308192412196693 -0.0264577527753177 -0.0793627212487469 -0.231796286581132
-0.321337109726339 -0.13157834224848 0.105303737464272 -0.209983858888856
-0.233129653004676 -0.2574052773074 0.214216547898562 -0.151203182321764
-0.0975509271723276 -0.328522869156738 0.199120005584496 0.0336549114279572
0.00654626049477283 -0.386564376034582 0.0690698903050513 0.265430805582596
0.0885665076123527 -0.363660446311965 -0.0733661097192121 0.325824560015324
0.104152690352225 -0.323710805601209 -0.138516790370474 0.349264182760112
0.0790903543900568 -0.276413596700846 -0.13557977669569 0.297318041035724
-0.000618300853711042 -0.260467743562283 -0.102234975006248 0.244398299782597
-0.0499201544297986 -0.242453555038395 -0.158567838133186 0.150367985028047
-0.12575718776999 -0.197583382773952 -0.222904019766454 0.0890516946514823
-0.222640330802563 -0.165623373805516 -0.240091919662746 0.172506285549473
-0.262167494964511 -0.0978488553794776 -0.317068848833877 0.3322975583456
-0.356035757852409 0.0513103552175502 -0.142014541172969 -0.397708179072675
-0.408517699489664 -0.0181544413791561 -0.0946049395946128 -0.300177594752953
-0.394497740264184 -0.0904748290685467 0.0110762407288675 -0.248078209154935
-0.401180633926979 -0.225207428367399 0.15327849588571 -0.225076219397973
-0.28193450586642 -0.367372124867464 0.212605576600494 -0.185754076490663
-0.102332277869489 -0.433485718009617 0.183448646493219 -0.0611553228388187
0.0278111051525364 -0.485887271626155 0.0692647378913952 0.11886029784759
0.107225861793347 -0.471077669645646 -0.029687912695582 0.165655038792444
0.110808520390474 -0.445167376871865 -0.0888767718521772 0.231403202714546
0.0542601360216078 -0.409908479573246 -0.103392503006683 0.252626487789137
-0.0850190196405999 -0.392366964860495 -0.0819078654298674 0.260281395216926
-0.170409964736811 -0.3505744693328 -0.165925413237049 0.210047652158014
-0.251624226149827 -0.254297598469276 -0.203714722128761 0.174734396887105
-0.343981130139556 -0.183223435014036 -0.176697387061298 0.259378665799427
-0.368667941748445 -0.0933468385735771 -0.202272416053207 0.391178357919615
-0.366304201055344 0.0295644098456069 0.022479782484948 -0.404126010691707
-0.416722313772885 -0.0780141813772425 0.0513446224310515 -0.299763331620564
-0.387060247024494 -0.169655488375903 0.121102300376655 -0.22338570090572
-0.373515050755858 -0.304643910030883 0.20426353864 -0.21221333724138
-0.238645609411932 -0.419449833005863 0.207816618212413 -0.208425503610904
-0.0578845471698062 -0.46175119266462 0.173223905905044 -0.160224820798672
0.0597214324556967 -0.499699420058676 0.0839181481534649 -0.0505423676965363
0.107467937193009 -0.50776289903396 0.0155832332684899 -0.0235652332866518
0.0823874185443762 -0.505251797196677 -0.0522331409471887 0.0655900762909534
-0.0100336920215419 -0.480641141894882 -0.0931363321322144 0.155938283181204
-0.196122977264767 -0.449075729791952 -0.0787728494841879 0.239028989787079
-0.30180493023627 -0.368817869797013 -0.150438608271496 0.260180784126005
-0.359921958164633 -0.231108120500704 -0.135309963287593 0.249892759887276
-0.42363058138226 -0.143682070238889 -0.0636289973895614 0.325909767075586
-0.424955590575299 -0.0621896475839031 -0.0451214509455031 0.430154995550173
-0.318576734806229 0.00158261713815172 0.184788968453358 -0.377574679918621
-0.347184464450896 -0.125874024730135 0.181746208345758 -0.25448190764943
-0.291856120409679 -0.214484570225283 0.209030286244386 -0.149388344236672
-0.255803973553643 -0.314063666099143 0.233615645132327 -0.164183036261436
-0.135500550887323 -0.381015525177225 0.200349161223695 -0.207436286490395
0.00636734963558134 -0.400851060810885 0.178855726974265 -0.235945521664698
0.0863811911307081 -0.432054017453628 0.121251508369575 -0.20607273358
0.0950483210534239 -0.466319623189872 0.0579796483813477 -0.211461134149891
0.0393007116367623 -0.482164178871798 -0.0425283016790876 -0.116293117024938
-0.0707663937490392 -0.452865054808678 -0.118214654601972 0.0331952778691848
-0.261300644704481 -0.395050325140888 -0.103727934927006 0.193390690200401
-0.359088085835793 -0.295089417960551 -0.120907294331652 0.279670327948101
-0.385761187429681 -0.154280075393837 -0.0400411888379069 0.283915456163535
-0.423881648699005 -0.0721266200563587 0.070705932834808 0.347295879178786
-0.41253169771535 -0.021555934581277 0.124214497113279 0.439062848126651
-0.222697866027526 -0.0141041059401664 0.316326074028326 -0.323925972560481
-0.232286892392285 -0.125657753145411 0.265564152039209 -0.182951333659871
-0.162858287342438 -0.188453981651669 0.24093556918999 -0.05853383276249
-0.124304494586285 -0.238497101229103 0.22440175709763 -0.10754180092114
-0.043757879928092 -0.262883387276197 0.183235826566025 -0.18457566737753
0.0405467674349071 -0.277956649471586 0.193741910844645 -0.272663873024465
0.0877082808766408 -0.30773876227371 0.169904434573551 -0.322230881178046
0.0678803556545812 -0.352501023833275 0.0930821700366528 -0.368050366114197
0.0031971493623911 -0.373483084024521 -0.055100431246302 -0.274675447484604
-0.0906704746760083 -0.339679507692151 -0.16702433678219 -0.0751231412145952
-0.240791141727994 -0.272549187133568 -0.146139508651695 0.149919995356527
-0.310911127326411 -0.184723053258469 -0.0942073972287669 0.268856255765422
-0.314654359093894 -0.0723205537726374 0.0444008417238573 0.275793403557205
-0.337639686059994 -0.0142359378143709 0.186456452874393 0.328048716961134
-0.330396097052628 0.00988213801678976 0.272100023758372 0.417114344377507
-0.0969393924405372 -0.00900519709653006 0.393704750466157 -0.271728089251292
-0.113498843448707 -0.0741241923900116 0.300217330789767 -0.12329862587347
-0.0621398256453732 -0.109424223406316 0.228787455298437 0.00317002517270825
-0.0457115382704311 -0.123639182258116 0.190374804567981 -0.0756174162866045
-0.00853166050277 -0.126873129382528 0.157655602018403 -0.161877234432873
0.0275719251656141 -0.139245519376993 0.201215712122297 -0.276772377377365
0.0524891603347356 -0.153980600846002 0.208007817464775 -0.388977578649268
0.0288271738795358 -0.186282110778382 0.11355803471137 -0.471934622786623
-0.0134362996555809 -0.201320482211112 -0.0780167557055054 -0.379647161977954
-0.062893356198755 -0.178675782576623 -0.214395125772744 -0.143186978354898
-0.147173553016937 -0.131913420609173 -0.187302526629672 0.122204278634301
-0.187030727336464 -0.0883994781128347 -0.0795070476651677 0.243199902605101
-0.177237254795059 -0.0270370638965316 0.0979602105310081 0.248351269106727
-0.192255309741325 0.00738655506146436 0.258023029926645 0.292211633773168
-0.190339961622432 0.0155660717538225 0.372057071541814 0.379492116364198
-0.0106735535873917 -0.0262130622504475 -0.389275371449149 -0.30223248730687
-0.0255187742860681 -0.00605082039633989 -0.320687906306654 -0.225204467555968
0.00956526462787501 -0.00895894505894849 -0.149933863761114 -0.19170745735759
0.00752055443511434 -0.0113291639169266 0.0432071531740024 -0.17856158126292
0.031856117212005 -0.0133490666140598 0.184821734393907 -0.107717236837066
0.0332859411150476 -0.010491298150408 0.18728378342557 0.130090365829274
0.00978987071967595 -0.0159627526220569 0.0567497254698606 0.386406488640613
0.0113075387535877 -0.00942635030485837 -0.130606881772848 0.470771219621599
-0.000430797825329839 -0.00941691274722121 -0.198020038450454 0.430141746501813
0.00407186807132694 -0.00678903638817687 -0.170628735018014 0.298118969162051
0.0154481388662416 0.0011605910896223 -0.127809730347107 0.186623150116233
0.0170164332026251 0.0115186446261383 -0.124176410030903 0.0867905511905015
0.0143517778525553 0.00736890187938103 -0.19126818104969 -0.0013145032269499
0.00461518098363731 -0.0020172202986323 -0.259443383656349 0.0642281131538404
0.0148418191072583 -0.0259084803703796 -0.405510259943946 0.246927211350002
-0.162398263375598 0.0196259234207733 -0.365973700900579 -0.329581030651758
-0.191494856801547 0.0184169585337402 -0.295400195216099 -0.237734210803527
-0.164098391364996 -0.00563635535222003 -0.131897855105557 -0.207357734499363
-0.171840598283374 -0.0630410734568405 0.0704841502688256 -0.189909835945272
-0.116374186178448 -0.13661469548369 0.208937453370854 -0.123017798094786
-0.0421708403722755 -0.18080235534478 0.204344757865158 0.100881583791733
0.00548559883954568 -0.221026462880531 0.0662866993124123 0.36207105954983
0.0560242112112454 -0.202448974879486 -0.111950525859504 0.435287831422101
0.0635033597759401 -0.172317450526125 -0.183911745704312 0.413422001753137
0.055536264927492 -0.135587456219216 -0.164320305957609 0.303600254363274
0.0258958212533492 -0.1184959406007 -0.119317505237732 0.210410384578297
0.00730385085680963 -0.108697344335553 -0.138754619426519 0.106609068894994
-0.0374940507098019 -0.0978264918746081 -0.208751711705991 0.0260295660160699
-0.102555816805887 -0.0957683407044015 -0.260763373934286 0.0994856458715799
-0.129140421718603 -0.0714156814600604 -0.388043651446165 0.276810378599993
-0.285078504131132 0.0472923117108525 -0.28110157098175 -0.369304315433009
-0.329227242071527 0.0177375059281337 -0.218310805795849 -0.272023496926352
-0.310776275127489 -0.0295808256527009 -0.0784060026215397 -0.234226250541346
-0.323039078777671 -0.134346591560732 0.108001945581017 -0.21228862937069
-0.234211288975969 -0.261508944874061 0.217527214680546 -0.152515253592844
-0.095216700673498 -0.332949775915839 0.200660749279377 0.0338858272724131
0.0104805641052126 -0.389257300553546 0.068147104025402 0.268166504738853
0.0916144221585548 -0.364593406063275 -0.0769289246355373 0.328449661073029
0.107915879904324 -0.324984049837273 -0.143123079462302 0.350301807245224
0.0815910229597892 -0.277469302675719 -0.139209570558131 0.298753138434587
0.000599967804707365 -0.262483666512378 -0.104532537486162 0.245179113767046
-0.0480757161922808 -0.24493171599685 -0.160574765409519 0.151105405123997
-0.125541252418268 -0.199768252307901 -0.224479316477691 0.0888174540627452
-0.223631397241008 -0.168601241446184 -0.242569794656578 0.172482620442789
-0.264062833203717 -0.100239295402645 -0.321051225722792 0.332535479756399
-0.358953488660834 0.0481864581310725 -0.141937748901355 -0.401275919475549
-0.411808273547929 -0.0207026682254474 -0.09440917281072 -0.302698261400893
-0.397590659960433 -0.0936625614585715 0.0130523531885467 -0.250524161431295
-0.40460603051909 -0.230652146508844 0.156264591919145 -0.227052046882198
-0.282127113512068 -0.371466492624771 0.21630766916081 -0.186760815035569
-0.10029365708542 -0.437888657012095 0.185235128435826 -0.0606856437033386
0.0314148894502412 -0.488639881376269 0.0693605935980376 0.119938967812139
0.111332278284882 -0.473984657986128 -0.0311074598860018 0.166860761078857
0.115519702813281 -0.447061068645809 -0.09188591459756 0.232605462746967
0.0572254362696769 -0.412493619845974 -0.106877461212919 0.253759948645388
-0.0835519703294233 -0.396846983604639 -0.0846429725392416 0.261587223656996
-0.168404818026278 -0.355577228941687 -0.168980535706976 0.210734963712952
-0.252375992747567 -0.257299152226585 -0.20621553237404 0.17496365344946
-0.346165761355258 -0.187644370203596 -0.179920506937729 0.259533482518378
-0.371866267026094 -0.0963703710636975 -0.205195851006383 0.392739109312469
-0.36952226292654 0.0281271131350233 0.0246707062353754 -0.406701932804267
-0.420108592536672 -0.0816077509296947 0.0535361978676 -0.302155221587672
-0.389755961453952 -0.173974060366417 0.124615237152383 -0.224482692169737
-0.37496088735047 -0.307829754352095 0.208473660813269 -0.213689477878219
-0.235687871786223 -0.423603079050078 0.211608171819159 -0.20964437470681
-0.0547507773436578 -0.466620837579029 0.176588090861077 -0.161342142221739
0.0631362428538801 -0.502322746042534 0.0860570693743202 -0.0510609604058447
0.111734897696798 -0.510223718269118 0.0164869511865977 -0.0235513951534606
0.087222543707317 -0.508814693494669 -0.0539589034973559 0.0657994634035006
-0.00655668101422003 -0.48563611914387 -0.0954157898889054 0.15651464770666
-0.194253074055305 -0.453515671552038 -0.0802651869153086 0.239159797966881
-0.301798371718562 -0.376191964323247 -0.153093501140933 0.262261598411113
-0.36224324839728 -0.236168897794355 -0.137288645937016 0.251864201794734
-0.425356833786115 -0.14684345073508 -0.0659334093508213 0.327627883267473
-0.427638352042917 -0.0669255176677415 -0.0487027523195692 0.433844244035418
-0.320838155482816 -0.000766470054339691 0.186953673973754 -0.379356277537011
-0.350002869804826 -0.129054927000655 0.184595052699855 -0.255196890301774
-0.292860637804941 -0.218632284731575 0.21194158641015 -0.149131400391394
-0.256120323927178 -0.317932574897704 0.237264054876944 -0.165376455533677
-0.133450874625663 -0.383984442394281 0.203974616258043 -0.207787151546442
0.00922492266146745 -0.404301080132492 0.183324194105011 -0.237353546258609
0.0915431898309302 -0.435971856143657 0.124237150416558 -0.206314037015835
0.0993196526116905 -0.469263251912973 0.0605430049976779 -0.212707639260609
0.0439645287167588 -0.486208071235586 -0.0425046836536885 -0.11739451858089
-0.0675108068290969 -0.457800955658023 -0.119737073745835 0.0326063510136355
-0.26162990893888 -0.400187503974477 -0.105057728525859 0.193110428665758
-0.360143111001284 -0.302326625019379 -0.123552141775499 0.282059886021101
-0.388789807753224 -0.15681534298648 -0.0418413476193673 0.285865815783542
-0.427394259180402 -0.0760575342250254 0.0697013402987679 0.350556948690526
-0.417300124576376 -0.0235953908589395 0.123316841055209 0.442869815230838
-0.224349814261202 -0.0167150991874642 0.319562227692679 -0.324440914150023
-0.233695360278395 -0.127995183474418 0.268544952867881 -0.182090480758515
-0.163194339053033 -0.191390368385919 0.24399188710254 -0.0577169653792409
-0.123290512432871 -0.241075322760632 0.227062192499736 -0.107964480523015
-0.0423687783284478 -0.264942853548502 0.186450291791827 -0.185583957871722
0.0432878729650003 -0.279361530137543 0.197950239251021 -0.273547994695379
0.0918291418265057 -0.310131568251957 0.174409676865665 -0.323746623303137
0.0711586281371647 -0.354705515810718 0.0973061787159706 -0.369761800768822
0.00653625710848476 -0.376677262279735 -0.0536878552507515 -0.277322006417927
-0.0892959270100902 -0.343618466712009 -0.168021149404309 -0.0770333495523849
-0.241960523188429 -0.277182470397798 -0.148331811614259 0.148988120976106
-0.312139821025526 -0.188503009433106 -0.0967741787726494 0.270659415597657
-0.317096731522343 -0.0755129655694578 0.0437504560501641 0.278637052415808
-0.341061081647288 -0.017830652252995 0.186612849104671 0.332208602535273
-0.333101310445172 0.00841169929023645 0.274129001788387 0.421046532214302
-0.0976626256026298 -0.0102800828047082 0.398658435906219 -0.271106254455162
-0.113679040151532 -0.0754717935843383 0.302969710025123 -0.122660407820672
-0.0621020024533478 -0.111201895129116 0.231983053829249 0.0046105825195827
-0.0450275534230405 -0.12414858068561 0.192812151250424 -0.0755594916140799
-0.00769861510825425 -0.127868665206822 0.160021829879086 -0.161890316143265
0.0282992844694883 -0.140537049047939 0.205967842758153 -0.277685966928447
0.0545068990653772 -0.154925476429052 0.212756328847662 -0.390839881085868
0.0301332016313301 -0.187359954557437 0.119040251117269 -0.473205492920601
-0.0125962303723723 -0.202941072349868 -0.0748190920005189 -0.381742819354951
-0.0621926715256296 -0.181001404127963 -0.216175354051632 -0.14645469446715
-0.14797773200666 -0.133639093629979 -0.189717060006383 0.121284733668915
-0.187991401216583 -0.0905098101603323 -0.0820493504600499 0.245264707436822
-0.178791466229887 -0.0288120640449927 0.097134318338054 0.251512639380586
-0.194454694241508 0.00589458696930698 0.259461993435576 0.296439518533863
-0.192068480558364 0.0148824002189963 0.374611145152923 0.383789896049304
-0.0108549991335689 -0.026657769500888 -0.39382657353082 -0.306308123033036
-0.0255684465764812 -0.00584114057086536 -0.323558885033074 -0.228914606714144
0.00994507164117329 -0.00930725653219184 -0.150728260236485 -0.194502014506563
0.00757860974587622 -0.0107283753492209 0.0442415839695119 -0.181096167300425
0.0326072777786662 -0.0136875829724154 0.187203552732495 -0.107031589073314
0.0336147623008528 -0.0106518833998062 0.188484883597106 0.132573967570783
0.00980942679414093 -0.0151897834258913 0.0538715388898677 0.390588730153676
0.0116902025150622 -0.00920514001409632 -0.136068284451358 0.473438614016352
6.36192929671757E-06 -0.0085775125650154 -0.202281122055505 0.432042264572223
0.00349712271749819 -0.00662772296706402 -0.175093382380181 0.299578439719597
0.0151438386007286 0.00135399177854593 -0.130301469051668 0.18793962014077
0.0174115121654894 0.0110610698459012 -0.125927703738042 0.0866266191831979
0.014620751810432 0.00723461691065854 -0.193206699878153 -0.00129381894541447
0.00413058400729346 -0.00151843420021152 -0.262363055785106 0.0638648782389907
0.0150203912987246 -0.0269285780624769 -0.409794934276053 0.246934593104688
-0.1640159763705 0.0180214983038919 -0.36974210365017 -0.333843902276516
-0.193241682544467 0.0169839686090007 -0.298452361274018 -0.24141419054531
-0.165433551630461 -0.00739763270954791 -0.132020614954406 -0.210153621076756
-0.173308757668275 -0.0642627987353071 0.0720217340069449 -0.192099427617082
-0.116364314536982 -0.139119734517233 0.2120594050315 -0.123726871447829
-0.0412777223578988 -0.183856081277759 0.206331072951985 0.102885362727397
0.00746784674915752 -0.223228632091624 0.0652013584978551 0.365406344440042
0.0573592749267588 -0.204014414553127 -0.115536895528032 0.439585696405946
0.0652041968445782 -0.173381168909535 -0.189780579321668 0.415539833510461
0.0566496015365215 -0.136323919663114 -0.169897314367629 0.305673135583831
0.0268137830995287 -0.119439047173792 -0.121674228855256 0.211545052658002
0.00835974518212156 -0.109901500813314 -0.140584128435638 0.10693061083587
-0.0369843774010753 -0.0992629549713371 -0.21151744865221 0.0259828988358799
-0.10300302548455 -0.0975573996005465 -0.26429504619688 0.0992428680181853
-0.130072900465957 -0.0726290558931979 -0.392750499061771 0.276798116879835
-0.287996352702127 0.0457172044683039 -0.282791773271092 -0.373235591720742
-0.33250925489285 0.0158910025871206 -0.22060696102582 -0.275490659925238
-0.314300383551151 -0.0323259650646506 -0.077910304604845 -0.236775222496751
-0.326104439731594 -0.137472676874387 0.110277692109164 -0.214337067817138
-0.234769033707324 -0.265859995404449 0.221499390553351 -0.153639695897239
-0.0945616263751843 -0.337631955228521 0.202574858776907 0.034509054789528
0.0132805425491145 -0.393341402742252 0.0678578511476554 0.270920309581762
0.0945039762602305 -0.368625294540066 -0.0803320374182106 0.331342750626802
0.110794962034801 -0.327339504547786 -0.147000397758014 0.352446716776277
0.0846339317810368 -0.280063175876156 -0.143212453877402 0.300781134463171
0.00235071481475311 -0.264291542266674 -0.106446047156134 0.2465365555749
-0.0470925002343373 -0.248337074587753 -0.162988802998335 0.151868236897565
-0.125770931278968 -0.203025350950499 -0.227385724158396 0.0895999907159133
-0.225707060455672 -0.171097333362951 -0.245719955439932 0.171785946898589
-0.26632072291826 -0.102820380727891 -0.325100455472291 0.333342528985697
-0.36220039316734 0.0456417414294741 -0.142779448930611 -0.404976724655851
-0.4161840107339 -0.023854748791648 -0.094463771367674 -0.306464200430138
-0.401621306263343 -0.0984401228980853 0.0152147052228865 -0.253193291106529
-0.406579684248488 -0.233853889691147 0.159608240114607 -0.229717606218265
-0.28251807347746 -0.377293632864496 0.219795207551848 -0.188074716565803
-0.0986483806702418 -0.444043460110652 0.187293461707505 -0.0618750087493898
0.0352839648537969 -0.493550046825051 0.0696852017822296 0.121411380628559
0.114885382292049 -0.47874676831971 -0.0329398283954601 0.168890058107746
0.119246632829478 -0.450344970647145 -0.0947074974951026 0.233885030983269
0.0617330976614929 -0.41631613702932 -0.109838158631144 0.25589184486341
-0.081583642669339 -0.400947486066611 -0.0862519802251989 0.262645551335981
-0.167472337992268 -0.360550732998882 -0.171658551506376 0.212672681198389
-0.254445650007647 -0.261862655152382 -0.208354193897091 0.176303908159169
-0.348669334133006 -0.192100135759718 -0.182576098894865 0.260827788155788
-0.374997865663382 -0.100392238272764 -0.207812994302738 0.395681346852154
-0.372553225075266 0.0238582873488227 0.0250626730489863 -0.410922181095616
-0.424067796445936 -0.0851090120648138 0.0545154284276793 -0.304837568222542
-0.394164618281311 -0.177979163511601 0.127527049836779 -0.226060058411524
-0.377119389913699 -0.315316152099048 0.212438781281719 -0.21546347239513
-0.236829975441983 -0.430147576340172 0.215293464355363 -0.211755053787767
-0.0521036220097574 -0.471431470067375 0.178919992376888 -0.163375894591229
0.0681332445869252 -0.50629925162595 0.0876921306243049 -0.050722741392214
0.116801898570379 -0.514903003441172 0.0163272375803579 -0.023805148531473
0.0902992325419409 -0.512696665687546 -0.055127198170548 0.0661190171574049
-0.00248316426699733 -0.490064420088768 -0.0976811673242518 0.157516031851529
-0.193858067089702 -0.458753658546253 -0.0815854332085721 0.240097061056471
-0.302022921709206 -0.38126414225993 -0.156618128234379 0.264785578742535
-0.364894915020195 -0.241059481203437 -0.139842508669119 0.254146707679973
-0.431223800385827 -0.15183598493626 -0.0676054741526339 0.330223122599704
-0.43230914015466 -0.0681985868821251 -0.049421830932181 0.437935168161221
-0.324131570840981 -0.00438456721273277 0.189890246521982 -0.381334610917898
-0.35208917911307 -0.132941861377846 0.188075557072561 -0.256136125130708
-0.293992784781792 -0.221942852626889 0.216456020173122 -0.149361282286819
-0.256692222400287 -0.322528109203617 0.241512770000903 -0.166420084367231
-0.132842701701767 -0.388314940761359 0.207814483748304 -0.209983015115461
0.0116125311529004 -0.408908374122898 0.186804235741697 -0.239982445689958
0.0946218382517259 -0.439090975875154 0.127447088639438 -0.208079553363057
0.102754462743298 -0.473418848490461 0.0624399464384958 -0.214507836657553
0.0466291807364477 -0.490307302795234 -0.0424541354631374 -0.118327071655657
-0.0647045768829203 -0.46354156223195 -0.121078345031742 0.0323927715045128
-0.262367631668109 -0.405934097611036 -0.107100504184219 0.19341564569303
-0.362212272579344 -0.309434475435869 -0.126899820361133 0.285055429670598
-0.393468775996933 -0.160921887687106 -0.0430558618226212 0.289242592344933
-0.43274493571751 -0.0804466052185927 0.0692840517742697 0.35439866745807
-0.42145386352898 -0.0257199368648747 0.123654691615883 0.447143832858051
-0.226007702153849 -0.0193135212090287 0.322216590017364 -0.326580512889653
-0.235641328158357 -0.130755524777749 0.272089658906264 -0.182497514569522
-0.163515201719963 -0.194951154861923 0.24796771206765 -0.0573157594730112
-0.122471198319508 -0.243277775586944 0.229990890588062 -0.108916740175621
-0.0411115792930328 -0.267019553818342 0.190492632969179 -0.186637619980444
0.0449244348270794 -0.28275541665474 0.20256350525087 -0.275126242999235
0.0947008849257277 -0.313035935886158 0.178378916954809 -0.326033311873217
0.0735710460402014 -0.358250988916244 0.0999088802405176 -0.375011847559644
0.00948267152996279 -0.381217463062485 -0.0528987457950899 -0.280034206086419
-0.0874713400004442 -0.347698932752824 -0.169538604604245 -0.0785381434059143
-0.243080831457342 -0.28062714627473 -0.150485543963706 0.148718880983049
-0.31440889970066 -0.192723855678539 -0.0985134482672447 0.27365818022097
-0.320755371147045 -0.0775602488126155 0.0432780779041778 0.282223537138721
-0.345524960923103 -0.0201386118339757 0.18775283545355 0.336933446161237
-0.336961194126446 0.00677877970909236 0.275896071797808 0.426577366054956
-0.0985180292565394 -0.0118451243177174 0.403115241715903 -0.270886623707974
-0.114522696477171 -0.0766024689972512 0.305882953400575 -0.122822195426425
-0.0621825378448943 -0.112858566663047 0.234888133710472 0.00465090163159653
-0.0444588790819759 -0.125645385765912 0.195085626076822 -0.0762503901116079
-0.00661365123100265 -0.128540655845952 0.16326942361362 -0.162726108998226
0.029248297130062 -0.141684778521809 0.209976183685408 -0.279424967124269
0.056074422455274 -0.156651754884633 0.218724406951314 -0.394260158973574
0.0316361899612939 -0.189040438577501 0.123316492531702 -0.479130107138821
-0.0113616322309877 -0.20465809463733 -0.0738704171981622 -0.386835045046797
-0.0617317649522465 -0.184336609668224 -0.217608107557912 -0.149343836312388
-0.148829334941933 -0.135997586582679 -0.192658558694201 0.120422056608742
-0.189738014717633 -0.0927307531403669 -0.0838722549723879 0.248006093653114
-0.180623297927568 -0.0300541913481088 0.0977853830086904 0.255318545857858
-0.196744937243569 0.00468864288351965 0.262165650523173 0.300932607094396
-0.194199507018422 0.01460554626851 0.377515233137264 0.388671623338553
-0.0101311251265176 -0.0266846592697993 -0.399102183809837 -0.310723869266649
-0.0251646862967395 -0.00658740499911899 -0.328338427545694 -0.232039849365196
0.0103436690856993 -0.00975723519782745 -0.152310441800697 -0.198009958137695
0.00809999783651146 -0.0107409457365623 0.0454592013353235 -0.183688677456784
0.0330220409195697 -0.013548725490338 0.190220712548191 -0.1083888859201
0.0337701815486709 -0.0109558378271673 0.190934088586131 0.133886651001888
0.00985779419477075 -0.0152423267767956 0.0524644628991909 0.395249139084845
0.0117171923111923 -0.00954215009644668 -0.140011872558082 0.479537816148657
-0.000250608896253585 -0.00847485213825523 -0.208943565171925 0.435583192389671
0.00361465630705601 -0.00659262575554673 -0.179268797649615 0.302036570286099
0.0145672254525454 0.00122431304003117 -0.132001303653887 0.189607912909334
0.0175560027485973 0.0114617655773441 -0.127292928323698 0.0878159278304563
0.0148266870391014 0.00715891308780577 -0.195233358426281 -0.0017351271807374
0.00457526859940451 -0.00135337768949874 -0.265257665342314 0.063038925329804
0.0148575734106187 -0.0270430972885826 -0.414762235698898 0.248911838196538
-0.165303800990409 0.0177011287570643 -0.375201345277623 -0.339069034242429
-0.195591432646941 0.0170287238849972 -0.303283657025684 -0.245526509452537
-0.167338358215345 -0.00890651839993156 -0.132976598265765 -0.213552844871846
-0.174975337850149 -0.0654512125823776 0.0737862740732357 -0.195160006964549
-0.117213270621428 -0.141069168984349 0.215450492915993 -0.124595793234446
-0.0408061650753467 -0.186583006294314 0.20812092764113 0.103905693366294
0.00866587960145706 -0.225591893468714 0.064340432199454 0.369821383101225
0.0588439251796543 -0.206343312801409 -0.120620547174359 0.444245361835421
0.0669413316369997 -0.174661813255552 -0.193806627112311 0.419029169814104
0.0581002231591167 -0.137282301835448 -0.173195290687266 0.308372752233328
0.0268779704680757 -0.120430037983519 -0.123374949596693 0.212718335168667
0.0091902573714383 -0.111259207621402 -0.142479483806663 0.1076486583947
-0.037424767212017 -0.100639695921652 -0.21319827099133 0.0260304867326605
-0.10427033186315 -0.0991690777490724 -0.267009358633824 0.0989888198765216
-0.131816060781688 -0.0740836131879946 -0.397713783945866 0.280286461036852
-0.291243986820384 0.044930613198211 -0.288073307102963 -0.378592265475192
-0.336544283154966 0.0151432103759078 -0.224120109070014 -0.279766957895406
-0.318044430331848 -0.0343160075545786 -0.0774439917837007 -0.240211256768057
-0.329390861776309 -0.140518223142925 0.112598752162725 -0.218283230308714
-0.236833687921899 -0.269200090107302 0.225024591975737 -0.155366268838069
-0.0936266694745216 -0.343140492070934 0.20480733731157 0.0353975204792723
0.0152979265608929 -0.397404595044908 0.0675092437569599 0.274053021152049
0.0960831058721849 -0.372855420360501 -0.0827855933045578 0.335267126267263
0.113977364906852 -0.329813081805723 -0.151411445959019 0.35561723069958
0.0862278175958754 -0.283540730768404 -0.147132704087564 0.303507308292758
0.00321861232459534 -0.267843727748189 -0.108011951677189 0.248297942821978
-0.0463523611195802 -0.252271613832607 -0.165202248595534 0.153567421565618
-0.126796975545058 -0.206021334990617 -0.229818318903013 0.089956690923341
-0.228080963461886 -0.174028080157104 -0.24853347462195 0.172680147966579
-0.269483607146952 -0.105130912272389 -0.329740412642264 0.336740574186785
-0.367166124025923 0.0443407669579692 -0.146070455292191 -0.410115436096825
-0.42256126669565 -0.0256903448492651 -0.09528748999662 -0.310953659517207
-0.406229913845275 -0.101205139071507 0.017036459886283 -0.255871803365121
-0.41140591156101 -0.238473060898249 0.1628032308035 -0.232773733578225
-0.284271590245756 -0.382266291575662 0.223956668527059 -0.190616550774117
-0.0972923750108726 -0.449860560091593 0.189611012272935 -0.0626875365901494
0.0372101855221998 -0.499436747788931 0.0702947654296904 0.122989153442897
0.117297408614714 -0.483147707699699 -0.0339052051901841 0.170680984809563
0.123960894738625 -0.455388752484137 -0.0975399948479564 0.235972858258097
0.0647962083336583 -0.422073541438104 -0.113184035336984 0.257764350575473
-0.0820513813099585 -0.40629609909978 -0.0879396681582957 0.265037483319637
-0.168962440628713 -0.366287643193338 -0.174251710329417 0.215207990838991
-0.256399275590243 -0.266119934215097 -0.211334732008862 0.178594690757502
-0.353085062620567 -0.196420929080103 -0.185281907681418 0.263485151697462
-0.379830364924437 -0.101582041504976 -0.211660071853818 0.398417802461079
-0.377720285790355 0.0228780257762899 0.0253713105411854 -0.414259524299642
-0.429250747452547 -0.0867673754509616 0.0563488511937397 -0.307969059231692
-0.397160184686985 -0.183187981841153 0.130878975195527 -0.22869953117759
-0.380082534790592 -0.31840660091161 0.21598403142269 -0.219204771088781
-0.236932234081218 -0.434979460441979 0.219269898907624 -0.214295346000229
-0.0503373151712232 -0.478533331701431 0.181785095690363 -0.165610519162491
0.0706244692660092 -0.514859995766143 0.0893268419085004 -0.0511881427623969
0.11827657736905 -0.519752379969169 0.0171954576631377 -0.024020094012263
0.0949827534259001 -0.519504714820303 -0.05670112841709 0.0669903863599243
-0.000703972942014381 -0.497159013329952 -0.100063238427857 0.159260441128654
-0.195015205711447 -0.463732183495794 -0.082920553978207 0.241784673979356
-0.305101661944159 -0.38875173771675 -0.158847228771538 0.267844384608017
-0.369312228498809 -0.245592075072422 -0.141486005502242 0.257329408020028
-0.436286392497087 -0.154800169800953 -0.0692155760707154 0.333400963548454
-0.437194781775028 -0.0705845515768743 -0.0511042945071068 0.44245197678066
-0.328139370579698 -0.00607726136787073 0.191871042190147 -0.384989379459962
-0.357394429170291 -0.134697319647784 0.190694745417683 -0.258988209197136
-0.298181729199624 -0.227538298250518 0.220468524492773 -0.150729482351442
-0.25842605919764 -0.325946814792538 0.245539038317821 -0.168844694175854
-0.133220824033665 -0.392184677964126 0.211640161984841 -0.212273755933176
0.0142963493608089 -0.414321605293188 0.189613979817873 -0.242911821998161
0.0982298765362736 -0.444490757783435 0.130662292748828 -0.210137550757214
0.104102831293431 -0.478171772593258 0.0650409741262355 -0.216542091404919
0.0498323530528968 -0.496512042043749 -0.0427972360479803 -0.11987634051783
-0.0632852230760154 -0.469553278873119 -0.123537662184475 0.0321995768818621
-0.264191686300636 -0.41202639765439 -0.108579106263189 0.1941811276331
-0.365332634343714 -0.314427797242307 -0.129088730523396 0.288894821096793
-0.397890719844907 -0.164570168152934 -0.0436023796095321 0.293308645752778
-0.436918034622829 -0.0827427681575427 0.0691128626515988 0.359087365251917
-0.427085723289972 -0.0266799256662373 0.125017670126531 0.453479788561657
-0.227997425625274 -0.0208563428431865 0.325891589099431 -0.32828412478778
-0.238238961733121 -0.1328091124219 0.275139661743608 -0.183840305003215
-0.16483537495889 -0.198319447074827 0.252136626419494 -0.0573018410801952
-0.12277265432533 -0.245663188337813 0.234085674087005 -0.110431089254788
-0.0402481336887824 -0.270167783953442 0.193666701335692 -0.188446594819277
0.0469696628922739 -0.285699880882034 0.205626059460315 -0.278808908667158
0.0977339190483785 -0.316452243115577 0.182447440243371 -0.329879795421628
0.0761853140750619 -0.361284714105191 0.103532206916966 -0.377711730821653
0.0112480166133931 -0.384755309642292 -0.0527161732874823 -0.282637035195761
-0.0870109413884849 -0.3532438389379 -0.171944385195334 -0.0802255113278613
-0.244967689383061 -0.284338979363107 -0.152307726842293 0.149214606252781
-0.317517685174018 -0.196951268231376 -0.101129715367956 0.277436527856493
-0.324559459442581 -0.0795063165255802 0.043513240837452 0.28686565008869
-0.350290173408647 -0.0218037287356095 0.19017493081582 0.34206828349462
-0.341583887110436 0.00646651242549239 0.278740808090461 0.432369884044906
-0.0991679575072951 -0.0129170124250378 0.408300939264766 -0.273734344570645
-0.115756598337441 -0.0775450955464121 0.309749605682051 -0.123242233530784
-0.0628063595308336 -0.114726249370069 0.238612426727007 0.00498496471575697
-0.044179168104882 -0.127263354033861 0.197711294809551 -0.0774566474221188
-0.00643528641061636 -0.129378655477674 0.166325729976072 -0.164659715080772
0.0298378855451209 -0.142875864168676 0.214232325276364 -0.281605466104362
0.0573995920176915 -0.158556473103241 0.223059880601462 -0.396442770739555
0.0323955235473658 -0.19069307071675 0.129133541893765 -0.483756973000069
-0.0107396573430138 -0.207954337768475 -0.073905391705856 -0.390769554236492
-0.0620685653258539 -0.186988426299495 -0.220568014108684 -0.151517895306765
-0.149660375886207 -0.137390068835169 -0.195776512347743 0.120121675990471
-0.192190207027573 -0.0942334048739562 -0.0849172350373307 0.251069177943396
-0.182959832335664 -0.030863437220736 0.0983419687300816 0.259333975115751
-0.200106516092191 0.00365398038365578 0.265779478009406 0.306192237562597
-0.19729881849465 0.0147692077376033 0.383358817149105 0.394843054713051
-0.0105052029955181 -0.027389467811815 -0.40719611758842 -0.314608218864633
-0.0248910918729644 -0.00627898222167126 -0.333982958294918 -0.234480834191425
0.0104151846596459 -0.0100690110635696 -0.154741216313774 -0.200994380933758
0.00804926681324537 -0.0106168236104719 0.0464519670054968 -0.186742227252053
0.0338980867879503 -0.0141690370141774 0.19285680735006 -0.109968573994758
0.0347035016851982 -0.0116035929128301 0.193662697950696 0.135924247053746
0.0106067530264108 -0.0147983324414198 0.0527082398880687 0.400099937477907
0.0114309280113602 -0.00970754956062373 -0.143646311483579 0.485327801557382
0.000196987973507499 -0.00796148878602168 -0.21303308854545 0.440138673558199
0.00353120120500362 -0.00656594830523893 -0.183391068072024 0.30585303239956
0.0147166953260688 0.00080884598856847 -0.1338957005015 0.192285705391404
0.0177232879551804 0.011406079095572 -0.128885190057551 0.0890863279028375
0.0150304838953105 0.00720709536138391 -0.198165356188801 -0.000807847691395978
0.00463721381253402 -0.0011224216215163 -0.268839002774115 0.0637163991192765
0.0144071515441255 -0.0279116876915532 -0.41929345168363 0.253023253393744
-0.168020614228831 0.0179065817765478 -0.381496584349135 -0.34197443305022
-0.19845309498069 0.0168693753027965 -0.308191209973476 -0.248324394644397
-0.169963378196171 -0.0096490949173669 -0.135608349194986 -0.216928482190471
-0.177702260255321 -0.0659109744356973 0.0755207265933837 -0.198480873235918
-0.119041913040382 -0.142909295250522 0.217745336062402 -0.126769682121274
-0.0409739166929569 -0.189818148966651 0.211250484407617 0.105467439105694
0.00956173893048276 -0.22932082294919 0.0647827049192171 0.375207380008223
0.0598518861198084 -0.208818409467661 -0.123520702189624 0.451968355365091
0.0690203059052515 -0.176467325688295 -0.199265441372807 0.424457787586586
0.0592852448881331 -0.138818891548947 -0.176741602388192 0.311971657111289
0.0269113480891018 -0.121901239068504 -0.124945839511796 0.215724581324954
0.00889185052760946 -0.113251404508839 -0.143846311248917 0.108871459682982
-0.0376423564793769 -0.102398513641661 -0.216106778040979 0.0270797598064397
-0.105356298190527 -0.100432662520506 -0.270454391524217 0.09995698817355
-0.133316517054442 -0.0756643997079926 -0.401983613671647 0.282619596538692
-0.294527026149861 0.0447128319044089 -0.293845305281171 -0.384578180515699
-0.34174329459594 0.0151438839323079 -0.22741464572236 -0.282266223627858
-0.322987961836192 -0.0360707010776327 -0.0787833284720064 -0.243863111165575
-0.334097805620668 -0.142060631876501 0.11420666309792 -0.222020233760709
-0.239583404618626 -0.274573283055451 0.228301212135236 -0.157648415939688
-0.0949842289390351 -0.348270887478712 0.207814651964079 0.0355080299958262
0.0166061289282525 -0.403437641823813 0.0684038295215604 0.277592446549274
0.0982774144966299 -0.378219604998164 -0.0845455149144641 0.339793621175967
0.117175455394524 -0.334111969801301 -0.155063136394188 0.359326252487267
0.0888564655757378 -0.286963637855384 -0.150431547641655 0.307235412380751
0.0031505291522262 -0.270712341865078 -0.10933671401318 0.251223292459906
-0.0466418329056661 -0.256080436993064 -0.16744160886141 0.155368966352223
-0.128677387776185 -0.208214691988377 -0.23283337114317 0.09180219055069
-0.230433852993798 -0.176345049330492 -0.252201418750249 0.174056951895149
-0.273672342628382 -0.106441719869685 -0.334429809907947 0.341347489399137
-0.371100756985084 0.0443623182966167 -0.149435582806805 -0.414473952221237
-0.428565071817713 -0.0256385009949752 -0.0976289406204886 -0.314439878580909
-0.412463206446188 -0.103828170209844 0.0174258404499675 -0.260106333662988
-0.41657763337493 -0.241415973970922 0.165839034854415 -0.237433106747826
-0.288748501445646 -0.387259918974055 0.227498030446729 -0.194895979327194
-0.0982158447502613 -0.458048337447754 0.192742788511591 -0.0646496640054678
0.0399314989660501 -0.507208245109264 0.07130870024067 0.124474908982535
0.120199057974042 -0.489467953196201 -0.034818789016771 0.173038217341269
0.12619216534708 -0.46117531334724 -0.0999495428231904 0.238719200803513
0.0657549545221183 -0.428326949164911 -0.114850269240873 0.262454548238554
-0.0827449670641097 -0.411511528346839 -0.0884978240730891 0.267651918235105
-0.170722293008859 -0.37228172463851 -0.177018047649671 0.218288195847719
-0.260597801512563 -0.269677641522771 -0.213271336350241 0.182157140005374
-0.358450789621878 -0.199424397467244 -0.187706205990958 0.266370617845663
-0.385462382561374 -0.10422224373042 -0.212864486899587 0.40487859737282
-0.38226287231518 0.0219872364955233 0.0237191815676335 -0.419263676140821
-0.435795515197256 -0.0883892393003714 0.0567124663758764 -0.311970622998628
-0.403393417444413 -0.186242128919063 0.133445159903851 -0.232344892764386
-0.385005593521616 -0.32275361112857 0.219175076916251 -0.223246254137347
-0.240693110508618 -0.440404036180979 0.222714719834595 -0.218331762452522
-0.0499510058262209 -0.485975617773468 0.184724892472318 -0.169053953511227
0.0737733204386419 -0.521351200564853 0.0912873707208122 -0.0518407408528431
0.12093046365322 -0.526457093269095 0.0176641245171947 -0.0242082449535704
0.0979109515876185 -0.524831261779395 -0.0582935122787345 0.0678410017458718
0.000727706512813182 -0.504615256212616 -0.102158681035774 0.161793402811452
-0.198373546393032 -0.471344196695955 -0.0836141351465148 0.244513583218034
-0.308140496196189 -0.394763268932577 -0.16135006707856 0.271614782596715
-0.374706309328614 -0.249472941885828 -0.143045674091945 0.261749713319586
-0.442469957978121 -0.158658226765341 -0.0698732280647354 0.338110006927151
-0.444008218937561 -0.0721280141482547 -0.0494447256225558 0.448114474594
-0.332220321957738 -0.00796705931722451 0.194395815575096 -0.389380803972945
-0.362165111970447 -0.136710910384483 0.193492295459983 -0.26204048686739
-0.301297157812473 -0.231079493204051 0.224373535526571 -0.153359414324564
-0.262263788194727 -0.330344268648306 0.249032070926766 -0.172264644872918
-0.134816725330218 -0.397597485053322 0.216317017200731 -0.216399272192802
0.0149156320592679 -0.419194985667102 0.19289427595176 -0.247280002928822
0.100670855797071 -0.452204939606008 0.133098969868143 -0.212795023634986
0.1070331072733 -0.483792045264921 0.0673040562259466 -0.219796983572
0.0523370079690781 -0.502928024853675 -0.0435998060063589 -0.121106827864715
-0.0627767138755578 -0.477822497071331 -0.125299686683344 0.0330130224773219
-0.267080116371852 -0.415955075298585 -0.109608396244553 0.195484500107521
-0.370173637714613 -0.319185431546022 -0.131141284122247 0.293123964577477
-0.403612069371855 -0.167143691925779 -0.0437180883124752 0.297431072092101
-0.443824146055938 -0.0858371450230527 0.0701345969733885 0.363620452544726
-0.432868267753816 -0.0264993573792509 0.12907149622623 0.458069887692133
-0.231526816862904 -0.0223401156549536 0.330106558521517 -0.332780394341234
-0.241835790298994 -0.135141178289085 0.278875449415041 -0.18606888227717
-0.167619935601043 -0.201079444534488 0.256694414675662 -0.0583456649475082
-0.124522453361925 -0.249367692807816 0.237625653407882 -0.113386632250408
-0.0401096657976188 -0.273000479274636 0.197223195929657 -0.191681781939054
0.0482662796872936 -0.289905707130545 0.209692414998974 -0.282584892241959
0.0999155282482869 -0.320933705801743 0.185574763725789 -0.333091699326611
0.0776197265989103 -0.365464827900329 0.107876932722321 -0.38368471314416
0.011659315826163 -0.391278945967207 -0.0528870126457155 -0.286808102353428
-0.0870846478079694 -0.359252903561179 -0.17439503448577 -0.0813876885720903
-0.249020080083302 -0.288061127321849 -0.154490656579254 0.149587140043693
-0.321921087994916 -0.200660919609832 -0.10303370570178 0.281470678325746
-0.328739170046819 -0.0815159226375474 0.0445350163928923 0.291174986938202
-0.356009273298998 -0.0234432556189659 0.19281068331341 0.346628007431739
-0.346474243886025 0.00679938368189156 0.285151801906751 0.43669738500659
-0.100472561779365 -0.0141840131855551 0.413688442163222 -0.276041317643982
-0.117254238729522 -0.0787583254338612 0.313009352808135 -0.125136503202156
-0.0638067149809892 -0.116879127001176 0.242574533897674 0.0046808101368879
-0.0447098150538054 -0.128465506459675 0.200202694135526 -0.0804946979008398
-0.0060715424648981 -0.130880384543328 0.168934778755645 -0.167105922279098
0.0296756036568416 -0.144348446811038 0.218498083605922 -0.285331093323702
0.0585414433575214 -0.161134940027833 0.228037271426262 -0.402698516514683
0.0329176100694601 -0.193615059113109 0.130748268142168 -0.489809739227186
-0.0103416512387141 -0.210148600367458 -0.0721561844430955 -0.396417739882466
-0.0626057223732535 -0.19011767509173 -0.223431522021571 -0.154132466211574
-0.151896254953737 -0.139286325490922 -0.198958400733254 0.120620316457234
-0.194907308048092 -0.0962065361714072 -0.0869529358188933 0.255044846036912
-0.185818123381169 -0.0317656716479505 0.10068247549491 0.263915538554554
-0.203459185920625 0.00362062891035811 0.270513112159367 0.310418848918044
-0.199660437300414 0.0153079019667917 0.390635659573051 0.398888138769024
-0.00970455464703386 -0.027607404699409 -0.415632094363922 -0.317116920635397
-0.0251605842456576 -0.00633642994945358 -0.341092782318782 -0.236537188928255
0.0104234044224828 -0.0108529304948645 -0.158503153217437 -0.204196905663085
0.00833062641299414 -0.0101893764863055 0.0466944259684327 -0.190272385588246
0.0344197249430661 -0.0142760580975214 0.195165133085945 -0.112302596728831
0.0351379272210857 -0.0119706119595651 0.196599988123453 0.13669101464123
0.0105323170407283 -0.0148248337555544 0.0542336301677952 0.404903828398421
0.0115412229371216 -0.00933598709226141 -0.145049026973283 0.493626981348254
0.000177398809806221 -0.00745473199557874 -0.216769472481738 0.447110649396282
0.00309581875944972 -0.00624811476702865 -0.18580524665483 0.310377871280994
0.0149252766072034 0.000709793881229189 -0.135901382640436 0.194132478858533
0.0182854055177283 0.011473547963132 -0.130011948328755 0.0904573056367431
0.0151227016405879 0.00724539647086688 -0.201059757719524 -0.000317403231536871
0.0049177471578883 -0.00117815029363964 -0.272052971300315 0.0655377744894406
0.0150396004882342 -0.0281169668573746 -0.424310775602688 0.25643350170179
-0.170173942367746 0.0182613459232428 -0.391057990243097 -0.346217823753763
-0.200845941335333 0.0177548620579839 -0.314912507703555 -0.250030611212732
-0.17253987436863 -0.00974719551979832 -0.138031601973075 -0.22022515383549
-0.180478593493908 -0.066216689682262 0.0760129715333107 -0.202843156389576
-0.120891381669579 -0.145571705394499 0.221779275893575 -0.129670385806222
-0.0422773448824894 -0.193357458948897 0.214847345397084 0.105994494075389
0.00931976126991029 -0.232589478676336 0.0665599956556301 0.379921750378521
0.0599612934605712 -0.212716062433168 -0.124796547496818 0.457941001767642
0.0700429420183041 -0.178487152749816 -0.202667098425962 0.429063900512048
0.0597617937714182 -0.140904204853735 -0.18003382002444 0.31623750582476
0.0272021399192235 -0.123843557350562 -0.126270002540012 0.218587910718109
0.0091803875685708 -0.115486083201652 -0.145649862273207 0.111655042735766
-0.0383952040121253 -0.103663757703576 -0.21924235704136 0.0288508831521892
-0.10727521432501 -0.101238497939999 -0.273436949968426 0.101110253133392
-0.13572041731004 -0.0766212301579264 -0.406849381178867 0.288263479948159
-0.299245805538348 0.0456975539467038 -0.301892016869087 -0.389393679489153
-0.347134059148354 0.01632165246904 -0.233161296757539 -0.286147949928377
-0.328461729932648 -0.0363012320021918 -0.0802854755177577 -0.247644938375201
-0.339584015423042 -0.143430959608951 0.115853457541301 -0.226792181181198
-0.244255570347791 -0.277509537784531 0.232341027216118 -0.161759859423427
-0.0955329596903513 -0.353685188109201 0.210780654466356 0.0348119985260977
0.0182709097992239 -0.410100541088708 0.0695321980329411 0.281768065799256
0.0991384797803723 -0.384172152478627 -0.0854302578551429 0.345453981859066
0.118669118482456 -0.338541520957468 -0.157918594065839 0.364584840080162
0.0901117916110321 -0.291712903712509 -0.153057372599365 0.312048788227643
0.00261526983917567 -0.27462005322539 -0.110008862748769 0.254302741144378
-0.0477661574506745 -0.259498902150895 -0.169106474844869 0.158517505161081
-0.131504297654821 -0.211496723004026 -0.23561569701326 0.0944712412240013
-0.235016906331091 -0.178784948518598 -0.255024826779199 0.177275394553632
-0.277548241584585 -0.10802834368622 -0.336748242395208 0.345638022819868
-0.376903540232385 0.0452111806611092 -0.154181725771533 -0.420165496922666
-0.436831281131228 -0.024803723928405 -0.100534701349615 -0.318231639997943
-0.421271367690609 -0.104724638595482 0.0182205762209603 -0.263818322236003
-0.422218626714338 -0.244154985730747 0.167881223956583 -0.242370988835937
-0.294709923992528 -0.393366850925935 0.231345000296155 -0.198806669974777
-0.0992947582011218 -0.464182461720774 0.195268354905226 -0.066609071833525
0.0401493793690488 -0.515298627732824 0.0730739047433414 0.126342696751034
0.119938913762086 -0.496786355620033 -0.0345425655591066 0.175739692716775
0.128193007138207 -0.468058490423456 -0.101866314003581 0.242581839132899
0.0677428123182357 -0.434774620358783 -0.117132179506521 0.266259864533435
-0.0848929770385229 -0.416954076548363 -0.0888495464771902 0.270494334852325
-0.173721841481836 -0.377830503765096 -0.178856297240586 0.222429273884023
-0.264956041843848 -0.2743364255504 -0.215602917826334 0.184846731023651
-0.364503508971283 -0.200966096447288 -0.189371468611082 0.270225122092519
-0.390362520244125 -0.105021731401443 -0.213193922821309 0.410350694857013
-0.387327038347868 0.0229245374442601 0.0222869226935875 -0.425068777813513
-0.443243374485455 -0.0894879168187798 0.0565344433109476 -0.316476424395338
-0.412236515246277 -0.189513486954007 0.136175290079517 -0.236366902805629
-0.392255132448016 -0.32685376624198 0.222933920173988 -0.22808930745145
-0.245511735928083 -0.448123468883979 0.227303938687414 -0.223476638865266
-0.0511102118497618 -0.493015941149901 0.18695707764745 -0.172953299215922
0.0755373949598311 -0.52937383886306 0.0930066689720279 -0.0523138477310664
0.121789170745813 -0.535275094084033 0.018104069128712 -0.0245251100690214
0.0993706184495121 -0.53379394314752 -0.0598020338414206 0.0690317140731082
0.000804999287912189 -0.511825031698979 -0.103402658835828 0.164296305481105
-0.20211512271257 -0.477247553638457 -0.084413789364614 0.246797827963034
-0.31400998061778 -0.402204211032205 -0.162990336493166 0.276921476430499
-0.381358153101906 -0.251847568906104 -0.143992645832477 0.266149940845108
-0.450115906486666 -0.161034992801649 -0.0701284956713204 0.342928310130941
-0.452167764216468 -0.0711830798089296 -0.0484030516628934 0.455192153737315
-0.337609256881764 -0.00787332376470285 0.194434147562378 -0.394748239084569
-0.368200169429119 -0.138709851399533 0.194951504339888 -0.26605535805109
-0.306501096005223 -0.23467672873797 0.228737368494289 -0.156571836571961
-0.266123383377915 -0.335618240163328 0.253501948689074 -0.176514301018215
-0.136430255818372 -0.403859143741738 0.219725419291095 -0.221179443652644
0.0140532820832086 -0.426930651226211 0.195896836684371 -0.251834984244768
0.102894137072841 -0.459321774930787 0.135364276671427 -0.216168405874406
0.107003769721746 -0.491218523476398 0.0677591916316998 -0.222619643475897
0.0516396895885728 -0.510910479865213 -0.0444191062033337 -0.122032742788491
-0.0639312181034177 -0.485939401509624 -0.127294165559691 0.0334542933930175
-0.272536205664146 -0.421986468061191 -0.110687442865046 0.197241376921878
-0.375722373345292 -0.324085514481552 -0.132691288275424 0.298387515785783
-0.410452770136482 -0.16887662191294 -0.0434703839481101 0.302551460282331
-0.451907089222522 -0.086400126749104 0.0726276077568386 0.369396423454744
-0.439807514791395 -0.0276752989093048 0.133431964357559 0.464854689462672
-0.234671499013717 -0.0231492665409295 0.334073091793696 -0.337670562840592
-0.246358527243657 -0.136303809264445 0.283007483881261 -0.189687060340038
-0.170736375968422 -0.204534904268468 0.261557877704655 -0.0607053537597061
-0.126314910566953 -0.252397818766196 0.240931718755404 -0.116457030996103
-0.0408634310616599 -0.276339405314514 0.20028069605478 -0.195645553141864
0.0483551414145723 -0.293790502991608 0.213437411473346 -0.287915931361121
0.101298167515847 -0.326456651645063 0.189053899525237 -0.337767931385144
0.077760938304211 -0.371330414788799 0.109362707595571 -0.389860468527351
0.0117606145472724 -0.397058008829801 -0.0540822150221164 -0.290188382765525
-0.0892347533581251 -0.365897281079177 -0.177975052096069 -0.0821940338121862
-0.252899085484078 -0.291644496796604 -0.15634949160733 0.150883211353134
-0.327148453951259 -0.203638646931012 -0.103303673765016 0.287039732723273
-0.334779913890266 -0.0816754301592744 0.0465448477461206 0.295366331679467
-0.36212076474475 -0.022419582843286 0.198350376558066 0.351243920442148
-0.351885107421882 0.00768640268637989 0.291375456391318 0.442206593323953
-0.102182709510118 -0.0146846688946007 0.417371016448467 -0.281167250667288
-0.119755218384417 -0.079614935216871 0.317128336491891 -0.127667099823703
-0.0654603460009001 -0.118396405337218 0.247280093930873 0.00270404784529699
-0.0450956121326109 -0.129606512607389 0.202975166360303 -0.0828289850991954
-0.00625102859610573 -0.131835719191345 0.171380557505276 -0.169780174983488
0.0299494587847298 -0.146655718919979 0.22162929821146 -0.290722747293957
0.0597490192291708 -0.1640127603901 0.230631544539667 -0.40938812071944
0.0334938146560695 -0.196078475466989 0.132403771866314 -0.498503606490131
-0.0106426372959335 -0.213616953703746 -0.0741789115770596 -0.400763943574483
-0.0637574689443803 -0.193436093550178 -0.227664801250881 -0.156095243741397
-0.154484771982272 -0.140922236975465 -0.201291355484981 0.122113160823702
-0.198219626163538 -0.097191828591491 -0.0873562035682166 0.259214513651168
-0.188722864767879 -0.0320486416946777 0.102424762784789 0.268521637792289
-0.207292401478443 0.00389304622362443 0.276528216790286 0.31463210377463
-0.203183595914733 0.0162187918279464 0.398521509719228 0.40362849427376
-0.010208320383353 -0.0281643172397845 -0.425182240554351 -0.32058677526245
-0.0251948534175064 -0.00662835098630469 -0.350170692838889 -0.238109103749007
0.0108485212065312 -0.0113307904947158 -0.16179181157622 -0.206798517800025
0.00879716726609206 -0.0102570774591096 0.0460021500183939 -0.194573371839485
0.0351507403662307 -0.0153887422657281 0.198555564211916 -0.114671218197306
0.0355147994181419 -0.01248640764627 0.200570976401704 0.138011343920927
0.0107865905541217 -0.0145848206991945 0.0566117440099039 0.410892667842355
0.0113542670036021 -0.0095473993860387 -0.148453195845755 0.502336056858224
0.000311638578342779 -0.00677122054017813 -0.219639128958487 0.452919048226127
0.00308031723330739 -0.0065745193037536 -0.188718302891228 0.315977475399232
0.0149917506839972 0.00098286147095393 -0.13701919344403 0.198269588086877
0.0189068661866165 0.010728687611356 -0.131621070826497 0.0929687669528888
0.015378453373732 0.00727562108836964 -0.204060678815249 0.000932517320404527
0.00482364648455297 -0.000649201679893827 -0.275138174784766 0.0670603855875459
0.0149798404573289 -0.0290786978500677 -0.429328691012683 0.261079085803165
-0.172276764174205 0.0189189904416257 -0.40087056669273 -0.350564816079186
-0.204404954532642 0.0181944707757859 -0.322532440700983 -0.252867893440043
-0.175738116724513 -0.00932556412851185 -0.140965999146869 -0.222885221272092
-0.183649273064256 -0.0664766886415026 0.0764721174046449 -0.207121936050925
-0.123363878290384 -0.147141070983669 0.224788253167263 -0.133204853556133
-0.0434435119715458 -0.196391969412836 0.218514417127254 0.106598315386126
0.00856397115815302 -0.235908566055865 0.0687301962933579 0.38496829589051
0.0599884839645266 -0.215824625550944 -0.126849073091758 0.466338501088526
0.0709423472466428 -0.180848757928827 -0.205090173679763 0.435812326135649
0.0603679746268051 -0.143021721514156 -0.18227512375281 0.321822870838681
0.0271322785724284 -0.125072985570479 -0.12743678131418 0.22227573458139
0.0088381062339267 -0.117122449298241 -0.147296848682615 0.114267594748347
-0.0393568336044973 -0.104671735320025 -0.221809663352409 0.0305764290390383
-0.109120220821264 -0.102195945449862 -0.277016362265324 0.103801304731252
-0.13802614526549 -0.077045756568461 -0.41022122044987 0.293262688243849
-0.303255341458435 0.0471288422579494 -0.309386624384004 -0.392286875081731
-0.352487911066086 0.0173939523043879 -0.238767847539642 -0.28983421429484
-0.33420094964397 -0.0362688536889867 -0.0820633429130585 -0.25097349356558
-0.345437915685616 -0.14490596817816 0.117005445176867 -0.231377486424634
-0.248674625251633 -0.282142443773063 0.235636730532458 -0.165412388990503
-0.0983064994401628 -0.359634370074651 0.214113129072812 0.0335018816283855
0.0160958077218127 -0.416898515599343 0.0718832635264762 0.286246796977036
0.0985924019851201 -0.390187675343316 -0.0861036166048323 0.35079490903179
0.120102871459752 -0.344131540398542 -0.160044436306271 0.370018035664514
0.0909734659048582 -0.296127744918342 -0.154519578079654 0.317346765429443
0.000816119632027611 -0.278019578066467 -0.110079449172984 0.258682352353608
-0.0492389014213972 -0.264290233882503 -0.171536732592344 0.161999438524759
-0.134485336839789 -0.214551707591538 -0.238763838079008 0.0981164216604355
-0.239339921516695 -0.18077053736477 -0.257845198551704 0.180124898420782
-0.282171839539686 -0.108075636352598 -0.340414311713314 0.352424317111154
-0.381506765774532 0.0474606389428712 -0.160784575580632 -0.426045609289465
-0.444001447771647 -0.0237938581777527 -0.104560342656673 -0.322770464638905
-0.427194354605782 -0.105049320678304 0.0176076659350801 -0.268542637807091
-0.430713578685902 -0.245573950282561 0.170504435212783 -0.248487330290477
-0.300296710595161 -0.39710186284558 0.234499342149621 -0.20420230523308
-0.103394175778456 -0.472469626919736 0.198186379779749 -0.0697275717786427
0.0386203652440531 -0.523414036326748 0.074731245587261 0.12798763118679
0.120087000767687 -0.504948620321486 -0.0351235258827115 0.17828188907394
0.127940363368824 -0.475921645843699 -0.103074272534165 0.246445354443727
0.0669338918909315 -0.441993856864185 -0.11882028756582 0.270947214357184
-0.0880570828331586 -0.422234401873926 -0.0887591539186255 0.274286197511503
-0.176621543064687 -0.384622608112409 -0.181068525098363 0.227374721182724
-0.271000996968874 -0.27680868016612 -0.218261266300155 0.189704343576863
-0.370869709338792 -0.203803693798258 -0.190848282413053 0.274727760428344
-0.397345223165334 -0.103724273703881 -0.215253167642697 0.417413006993206
-0.393534671454343 0.0231793979966854 0.0184321339894615 -0.431993678534801
-0.450645347791105 -0.0881539071682485 0.0547761117757439 -0.32150584101293
-0.417965798803165 -0.19161544240162 0.137897139472924 -0.240641982372648
-0.400140079347906 -0.330141832847095 0.225933708717204 -0.233761258067249
-0.25146346010714 -0.452068715262801 0.230095174871708 -0.229596675120259
-0.053304391222494 -0.502223097799551 0.189856669534008 -0.177194229852326
0.0755175661480454 -0.538568406026646 0.0945873711243218 -0.0537886264129239
0.120532338435838 -0.543230254457336 0.0186050564358456 -0.0250348669980575
0.0994823280770474 -0.541841486338568 -0.0608694165818908 0.0700292450373459
-0.00113311960305321 -0.520584749248317 -0.104892928494203 0.167330592054653
-0.206212221028921 -0.482627655861902 -0.0838627522659574 0.249400453135442
-0.319272869238992 -0.406317580394126 -0.164496319055954 0.282674054861506
-0.388392492162457 -0.254313382564258 -0.144467266663663 0.271116308220896
-0.45911825290173 -0.162296138459636 -0.0695191412407481 0.348242297803144
-0.459042338966009 -0.0702226325928419 -0.0463544837318072 0.4614561325689
-0.342549375938949 -0.00759449579486804 0.195562792493053 -0.401294702710233
-0.374917599080657 -0.139342256827511 0.196134856744343 -0.270882361125322
-0.313546751617147 -0.237926344741485 0.233136639158649 -0.160237390675559
-0.271046168722751 -0.337646941936734 0.256843374519365 -0.18202190376286
-0.140493267435161 -0.407894219085958 0.222451901487473 -0.226459894603314
0.0142733966240245 -0.433691919424334 0.198881484680473 -0.257972596659624
0.10321120217602 -0.466843478336506 0.137230888976356 -0.220393926086812
0.106216025478644 -0.497991908475803 0.0680457016513608 -0.226611880392963
0.0520838887340811 -0.518695487663802 -0.0463508840654773 -0.123786293495596
-0.0672655720574482 -0.492569812583339 -0.129295010728929 0.034917373755642
-0.27912894346155 -0.428538475979942 -0.111173751494614 0.199754395650979
-0.383847373632007 -0.328441760891038 -0.133085339234311 0.30449808408147
-0.417983641828609 -0.170398011767314 -0.0425054865702379 0.308453939614279
-0.459848659522939 -0.0874257497854291 0.0756908352736611 0.373991018385618
-0.446952658007737 -0.0249445515581668 0.138919537432801 0.47168908384387
-0.238522204318937 -0.023606267982841 0.336466766413993 -0.343891326460813
-0.251043303687733 -0.137741029034338 0.285977810312417 -0.194009362514197
-0.174447785893042 -0.207371749512674 0.266204486982935 -0.0633073838796406
-0.128818425307947 -0.255246682592783 0.243984732909641 -0.120116384350426
-0.0425874199670171 -0.279554615910928 0.203741943171593 -0.199774801415308
0.0475730352183791 -0.298743832854398 0.215541143611649 -0.293990870161313
0.101325220732286 -0.332943112241181 0.191399574054404 -0.344310437585252
0.0774541521191257 -0.377442907091212 0.108972693205679 -0.396119254439293
0.0103511429400451 -0.402686967248017 -0.0555391932145966 -0.294406968878536
-0.0915407009625601 -0.370840316026117 -0.180860933827988 -0.0826166838675646
-0.258612835301283 -0.29486882269346 -0.158566446312404 0.152724158770451
-0.334498428737851 -0.206290647884748 -0.103758175328528 0.292599583800095
-0.34115250937353 -0.0823314517007724 0.0485796410968504 0.301260803118777
-0.369001350792393 -0.0223472377656331 0.203174404266588 0.357162367891775
-0.357511498045543 0.00951886153396445 0.300692926506978 0.447218995453702
-0.103713540038834 -0.0150113969428694 0.422710640969397 -0.287899063060854
-0.121747415405899 -0.0796849710402169 0.32105548969976 -0.131150805638737
-0.0672867065130791 -0.120535857666136 0.252042649824695 0.00149128573601909
-0.0459434994957544 -0.131130585995773 0.205866267587779 -0.0863609183721083
-0.00668300850043179 -0.133524423335934 0.173830618501226 -0.173562695142566
0.0297454695683963 -0.148595968436611 0.22468284221908 -0.29650665635295
0.0597010376626823 -0.167109173060852 0.234286486983115 -0.415762451786586
0.0329734640296085 -0.198780371121618 0.134393701555848 -0.507255458098158
-0.0113695106692253 -0.216679292338914 -0.0778585209307496 -0.407169259480539
-0.0659426259645126 -0.196212971790931 -0.231869242591452 -0.157518515143313
-0.157009556159515 -0.142351796024103 -0.204272104670318 0.123683593966007
-0.202025474961122 -0.0983663650450466 -0.0878936752285034 0.264229449356125
-0.192019215023144 -0.032188882439072 0.105754605609681 0.272882368481688
-0.210979766551018 0.00441261238403077 0.282903667467116 0.319000930448408
-0.206555886020245 0.0177152364656803 0.408353289268987 0.407245458471103
-0.0100206342533393 -0.0289213880380501 -0.436580857340516 -0.320320489679616
-0.0252175997177106 -0.00694095641737591 -0.357761067607248 -0.238425734837587
0.0110250673267747 -0.0120956460781933 -0.166571374940631 -0.207980425052569
0.00916006724580475 -0.00988940616496037 0.045751350763531 -0.198050997560286
0.0357359959584628 -0.0161826947405977 0.200397474003397 -0.118503809089302
0.0361472605031883 -0.0136093733866768 0.205120382909661 0.138014765987928
0.0111619803172126 -0.01404423308928 0.0594366016814312 0.416559797746881
0.0112033093105536 -0.00954495344713435 -0.146311725406047 0.510897018433964
0.000641525950576762 -0.00639051614375276 -0.221229626276827 0.461153231350456
0.00300562477752287 -0.00636004711705187 -0.19047335029073 0.32151478484644
0.0147594964977242 0.000749765001417225 -0.137810229495942 0.202356308918961
0.0188272776768818 0.0105411363257949 -0.133011638302524 0.0957384586962191
0.0156566198455959 0.00732121363943976 -0.20716658996554 0.0034161436648969
0.00496470511950176 -0.000844957342595813 -0.278873181876444 0.0702869914271148
0.0142915703205832 -0.029703977950102 -0.433497645491649 0.269045596671516
-0.174771402137857 0.0201337056631607 -0.412360450531724 -0.351030676968045
-0.20742948576178 0.0207653176017638 -0.331218639600702 -0.252562853146095
-0.179049322521369 -0.00946079670305965 -0.144953697129871 -0.225399254377028
-0.186654530395153 -0.0657642962879923 0.0757524520275866 -0.211966043524762
-0.126358241961375 -0.148779630625358 0.227617746737501 -0.138243462583363
-0.0459694982808581 -0.19985099882556 0.222591530615984 0.105799597577906
0.00768299308654478 -0.239205290214798 0.0729159640649882 0.389906114194266
0.0588341053656075 -0.219611368482041 -0.12596989484436 0.473350797439688
0.0715502495585246 -0.183844581605525 -0.206555079812193 0.44276008268506
0.0599773673369575 -0.145898495062838 -0.183414521590118 0.328181030135024
0.0261898952102468 -0.127378857351294 -0.127180437751454 0.227087097136678
0.00812313048084642 -0.119311792225049 -0.14875028526104 0.117101421461513
-0.0412238537206428 -0.106622832620538 -0.22494688931221 0.0334459466922847
-0.111983224131265 -0.102601188966826 -0.279658745759039 0.107201891553678
-0.141031125753138 -0.0776954384316628 -0.414038177781279 0.300880912359163
-0.306875321076856 0.049692139510526 -0.31879669161174 -0.395992108982258
-0.359138065213866 0.0205476749754995 -0.246011072916143 -0.291736536384309
-0.339850823740029 -0.0349556755154451 -0.0853038783524511 -0.255015432861307
-0.351647585624428 -0.143324612436553 0.116747246367678 -0.237195540807412
-0.255264066683288 -0.283843509129843 0.238151342569442 -0.171055596201895
-0.102670985797579 -0.365468741668218 0.217562176521694 0.0318281809984167
0.0136994253780871 -0.423873069715593 0.0753447230328804 0.289654556463056
0.0978459281942202 -0.396733099553692 -0.0854945834500202 0.356990878910745
0.120045470029831 -0.350277783899047 -0.160362020116508 0.376034852546255
0.0903026099537666 -0.301241824322018 -0.155576314564421 0.323337135892639
-0.00149709714541114 -0.282370455614667 -0.110063637133398 0.262819533918556
-0.0521947676999029 -0.268858135521352 -0.172564614508637 0.16631759925311
-0.1384528809254 -0.216800748598309 -0.240419950867648 0.101491494105643
-0.245387588183075 -0.181306824404119 -0.259905307704747 0.185129859765371
-0.288098601814604 -0.107613275516153 -0.341542476955882 0.359592940911836
-0.387475609900256 0.0495971221455199 -0.167533783271446 -0.430345214122885
-0.45198956230346 -0.0212693699031091 -0.109455465053689 -0.326447098115496
-0.436494106299897 -0.104307801881005 0.0160043861942286 -0.273768000633324
-0.439558251411742 -0.246967245138634 0.170762701073002 -0.254396895205508
-0.306539107731056 -0.400888716457466 0.237047697344015 -0.210559537567856
-0.108606056984256 -0.479992305062277 0.200835610511929 -0.073358024999541
0.0373282954790368 -0.531950201729314 0.0773054021860056 0.128844241657787
0.117663236229893 -0.514189139692942 -0.0341127415631559 0.181350838628413
0.127640845398601 -0.484619846191289 -0.103912560186872 0.250745600643993
0.0661830293738325 -0.449031593701299 -0.118756277271708 0.275997179326889
-0.0932081833607481 -0.427269716922941 -0.0873695075623868 0.277557072386104
-0.183279828595334 -0.388898264075892 -0.181821752430999 0.23264695259377
-0.277272693561875 -0.279025892261621 -0.218873015753799 0.194970831650382
-0.378804532378269 -0.204179409673444 -0.191600194818116 0.279836349836419
-0.405439759996878 -0.103517699837218 -0.214690349836186 0.426381762973789
-0.399083172708136 0.0247007301157646 0.0138638239426981 -0.438080865812111
-0.458430640651306 -0.0869227731877277 0.0536661234006916 -0.326619552703937
-0.426720392112961 -0.19198737500818 0.139150760067902 -0.245837408101273
-0.408408315028317 -0.332466695375351 0.228253382196394 -0.241292196199008
-0.259223548870433 -0.457285559657249 0.232933731511002 -0.23546920279205
-0.0582398047697922 -0.509749166244001 0.191485190339679 -0.182928331488278
0.0723213986465773 -0.546528134051284 0.0960256819641091 -0.0558130914794999
0.119526177605072 -0.551820703793435 0.0184944545535196 -0.025211526027157
0.0974697076533176 -0.552571659762285 -0.061738037797982 0.0723262449244487
-0.00364219080881811 -0.529264723038766 -0.105635958087993 0.170823956996469
-0.213698179041824 -0.488523043045506 -0.0824674168702938 0.252566518145623
-0.32819267157788 -0.41216251956113 -0.164857045109477 0.289465090805319
-0.397361473948112 -0.255711493116452 -0.143709743799182 0.276965498756636
-0.468336318520909 -0.16084888104933 -0.0669406992835662 0.353770818760123
-0.466731430505002 -0.0678131274408939 -0.0413301711880313 0.468498641248947
-0.348027855183242 -0.00638437233059288 0.193712892204192 -0.408847066970538
-0.382634894851051 -0.139765276854848 0.197130548014302 -0.276806798574195
-0.321135997303241 -0.239475898090712 0.23591329484026 -0.165032734025841
-0.277831840387372 -0.341539985745075 0.259609753176374 -0.188054395861698
-0.145127722302375 -0.412372402317338 0.224742899072167 -0.233299660102803
0.010116363159876 -0.441154097257723 0.200019579725759 -0.264308963027911
0.102037152178069 -0.474690331523403 0.137555877314124 -0.224884064943249
0.104032934707659 -0.506963842437626 0.0686833066559714 -0.230608179324718
0.0491764838279411 -0.52770502323563 -0.0480800643824728 -0.125041158346379
-0.0716612056366559 -0.500985096796081 -0.13157047469775 0.0365296884739879
-0.287250056746929 -0.432064501735607 -0.111104422508751 0.202291690673269
-0.393255807835759 -0.33172243252883 -0.132035928884567 0.31089512766079
-0.427950238400934 -0.169536387092354 -0.0399803484087654 0.313887969319134
-0.469514394109787 -0.0842934300987083 0.0813919974713309 0.379552313921418
-0.45569782371175 -0.0216052007237383 0.1450570705808 0.476385078167975
-0.24219376818243 -0.0229706486864956 0.339546534000764 -0.352443827870784
-0.256733012462785 -0.137009774371151 0.288477441937548 -0.199541831611628
-0.179346288787429 -0.209536676610166 0.270912472795894 -0.0675659512945344
-0.132069306362966 -0.257254201786886 0.247068596929618 -0.126037392877674
-0.0451430112347639 -0.282939321762189 0.205216573762383 -0.205263019657351
0.0463842185003721 -0.303885143852169 0.218045362324651 -0.301321453955327
0.101812021751279 -0.338411324232464 0.193320963970665 -0.350902644418304
0.0748432130137987 -0.382978425355106 0.109572415763116 -0.403412511319599
0.00832302623129866 -0.409989053864104 -0.0588652282919963 -0.2976745311363
-0.0960788248803517 -0.376874712225692 -0.184521020059596 -0.0824934005050177
-0.265161106373077 -0.297458632608687 -0.159693195928032 0.154607194901466
-0.341226771557082 -0.207596998524281 -0.102947790261134 0.299007661295198
-0.347197221589544 -0.0811492684167693 0.0517206179108257 0.30609300129139
-0.375774025596224 -0.0196375872398686 0.209961403988695 0.36090190019577
-0.363902381223629 0.013839720603777 0.31175503747331 0.45129177274937
-0.10560571411784 -0.0156114010090166 0.425649385242734 -0.295402233694862
-0.124442556238893 -0.0803869576910762 0.32424052589787 -0.136293177507394
-0.0696204874165839 -0.122048614284099 0.256797741986048 -0.00128541678121981
-0.0476017110146049 -0.132283972205432 0.207727856640352 -0.0905868983915043
-0.00764222159971979 -0.13495261752209 0.175649381754789 -0.177836148545255
0.0285888724266036 -0.150931688880324 0.226203989557567 -0.303058277147129
0.0595302649759994 -0.170613112021734 0.235719016821386 -0.423393722128206
0.031882756593243 -0.202209248334203 0.132725164301914 -0.517335274058081
-0.0133245169611961 -0.219757998319584 -0.08018184067864 -0.412034097024918
-0.0684472053333346 -0.199744175523849 -0.237871913505189 -0.157839089246627
-0.160673300424758 -0.142818465404825 -0.206900884523721 0.126528428548037
-0.206286071827945 -0.098335558183158 -0.0872499798161407 0.270030539230934
-0.195731830228273 -0.0312734661096488 0.110075578713856 0.277001424225849
-0.215161589390524 0.00642048673270325 0.291620495270182 0.321648389078646
-0.209793981475747 0.0202561900358028 0.420186256196065 0.409282800554249
-0.0103079152930911 -0.0291199990997769 -0.448419076455948 -0.321080387789896
-0.0249672807811615 -0.00629648546096694 -0.367460497130666 -0.236768652982177
0.0115787025742523 -0.0128246976292593 -0.171484546372635 -0.209965482174097
0.00959411806118449 -0.00960984261040182 0.0436410161418234 -0.202515802961675
0.0363511785332042 -0.0170449756861719 0.202588823134021 -0.122513106756357
0.0362109251885858 -0.0143431918925804 0.209587416596722 0.137602550756009
0.0110321103273685 -0.014379136443349 0.0653456092883854 0.422518763824197
0.0111131913667537 -0.00974394790514488 -0.14560892853816 0.520253505116848
0.000630593092563228 -0.00572902802169264 -0.221819440670163 0.469649398718181
0.00289868230364602 -0.00620956630468497 -0.190430156906391 0.328180033022724
0.0151772512040026 0.000941541787068083 -0.137761226495492 0.206725863315516
0.0197367247687237 0.0102908594759932 -0.133469683763089 0.0988085493417512
0.0164007332776318 0.00671347456125557 -0.21057999092314 0.00665828393191985
0.00513823513042939 -0.000495364353721411 -0.281640022779771 0.0748261556280971
0.0139448904329346 -0.0306933837765597 -0.43514867547602 0.278767815426536
-0.176579806350548 0.0216434274324322 -0.424393901365002 -0.350765755501218
-0.210543295988618 0.0233804077178191 -0.340509017230062 -0.252016306097739
-0.18135700764574 -0.00792986539755369 -0.149578417189119 -0.227830247513558
-0.190163498014981 -0.0646466174721547 0.0743844391216345 -0.216598447421983
-0.129214422556441 -0.149726585757513 0.230048437550652 -0.142605204963572
-0.0484987029056844 -0.203401788788272 0.227291552864158 0.104347012561544
0.0053869866704731 -0.243185407304565 0.0774141040632975 0.395413601771661
0.0571823030604771 -0.22340568109671 -0.124582630223991 0.482731196176533
0.0708633515632006 -0.186661451681472 -0.20649608177852 0.45218918394558
0.0594469368597573 -0.148719395719574 -0.183627647854975 0.334894088641907
0.0246441151569617 -0.129147954539879 -0.126718946424894 0.230924817746714
0.00731933357793527 -0.121521725893323 -0.149236195108519 0.12115773593656
-0.0424582103501038 -0.107725539144242 -0.227693625196508 0.0371770899589183
-0.115090364084604 -0.102809746933479 -0.282424905638344 0.111728993156915
-0.14383478105159 -0.0772782046902673 -0.416184751238517 0.310252923036836
-0.311501957545139 0.052917230341317 -0.330309484248405 -0.395695070456027
-0.364600792992683 0.0256965170650043 -0.2542276001962 -0.291678879354157
-0.346261202206234 -0.0326277923786146 -0.0885873709841799 -0.257971988601251
-0.358773020637524 -0.142172132539397 0.116072913553461 -0.243077302250945
-0.263108345565157 -0.285494524810099 0.240037767901891 -0.177160317295343
-0.108868669149293 -0.370057970886648 0.221239163495905 0.0288981264826418
0.0106121216702362 -0.430432987569055 0.0795602672698981 0.29221385795503
0.0943414922476417 -0.403487991712902 -0.0834055453434653 0.363322356007856
0.118742372229348 -0.355846036524905 -0.160212825192782 0.383626340885313
0.0875211425741698 -0.307033629323274 -0.154737091263962 0.330237802146111
-0.00472468081505215 -0.285567078250129 -0.108468202648013 0.266890215354269
-0.0558692846458829 -0.272433020570054 -0.173162542953033 0.171064252877142
-0.143452064538017 -0.218494969615514 -0.242807762244332 0.106003510347713
-0.251115261110199 -0.181032501126457 -0.260977055169825 0.190294925073362
-0.293360058925017 -0.106293978608418 -0.341504745556092 0.36989596080408
-0.392906042876598 0.0537859684378357 -0.177848744241246 -0.434174031160467
-0.459563794722536 -0.0167420423824614 -0.115073193351925 -0.32995309287563
-0.443540198599053 -0.101628023297569 0.0139665982866737 -0.277888593513859
-0.449598337779444 -0.244304015592064 0.17077090326073 -0.261435601323133
-0.316820136356733 -0.403322653369574 0.238623038875758 -0.217104561610389
-0.11438363751214 -0.486214899221832 0.202548001370994 -0.077536076251226
0.0332470227839536 -0.541029546911182 0.0796982666928738 0.129839040080127
0.113891272841514 -0.522653458698291 -0.0330164133896908 0.18475705272642
0.124739663383047 -0.49379672223057 -0.103293983427994 0.255278393573885
0.0620517107922162 -0.456684243436591 -0.118747170337227 0.280977852731407
-0.0985548260470403 -0.431903639001587 -0.0851905381730851 0.281773244892204
-0.189419206871233 -0.394477038927105 -0.182269401123172 0.238283960782636
-0.285538299945089 -0.281263036058342 -0.219697472993716 0.201265623327452
-0.387452538625142 -0.203368636521717 -0.190556166989073 0.285736532935777
-0.412324122877153 -0.100532443184431 -0.211535279031337 0.433616135147885
-0.404697143978604 0.0282245644260197 0.00904566425327504 -0.443936052274866
-0.467722084636953 -0.0820848531442345 0.0500287599410809 -0.331894071406761
-0.435573157380086 -0.190475701484778 0.139317713153963 -0.25168366360651
-0.417492360386129 -0.331744218495543 0.228522396426509 -0.248104518872308
-0.267111972344085 -0.461032857857647 0.233592660680618 -0.24309102395473
-0.0645058765291023 -0.517434875093541 0.191729203911247 -0.188949333434676
0.0694116744456006 -0.556908243543183 0.0973261790139801 -0.0575392739325435
0.113652942055123 -0.560755612981748 0.0190551805734877 -0.0260055861388
0.0932910111682325 -0.560719592310752 -0.0622951789286192 0.0738312288886041
-0.0095988419589058 -0.537266718710479 -0.10569997352177 0.174575050307195
-0.221876831136844 -0.493044901283553 -0.0808923969514509 0.256096529082103
-0.336931129608128 -0.415848887831775 -0.164277576745793 0.296075043787696
-0.407107403352638 -0.256293839087359 -0.142153068769162 0.283837724631349
-0.477933754118569 -0.160044331077711 -0.064240508489401 0.359885014650736
-0.475239140345008 -0.0643641274249168 -0.0356873778995523 0.476182603193295
-0.353486213470448 -0.00429076785057868 0.19132578782958 -0.417180710370191
-0.391577381169754 -0.136993233204116 0.196976683366527 -0.282770702367701
-0.328395811879809 -0.239332835314205 0.238980540186402 -0.171393662121135
-0.285024104883865 -0.343333815460795 0.261043684659116 -0.19432149321814
-0.151610608197988 -0.416609107585312 0.22607416315496 -0.239702109534598
0.00620318821429965 -0.447721499509602 0.200689013616098 -0.271527532539659
0.100286553209796 -0.483934606254443 0.138042156993084 -0.230329177171485
0.0994809956614286 -0.515726128923211 0.067462351496933 -0.234607744245068
0.0447029782200856 -0.536465369671066 -0.0498478259581418 -0.125523066109582
-0.0779632336476541 -0.508205795444986 -0.13310397030132 0.0387614879566291
-0.29625485065667 -0.434212003544487 -0.110968149980896 0.205027876309565
-0.402570397294082 -0.334284380076646 -0.131375422835631 0.31803489381424
-0.434899679170059 -0.168331259332368 -0.0369080974734129 0.319541835265145
-0.478438901234277 -0.0804004833910528 0.0871313519952509 0.384844513316913
-0.462848895141411 -0.0155114188743253 0.155006279094512 0.481381597678917
-0.246241636418564 -0.0219075158722957 0.339034838481883 -0.361793976624383
-0.261635863553744 -0.136532678120898 0.29024518415801 -0.205871269670303
-0.1844955702402 -0.211640802305715 0.275401250098465 -0.0722285149753381
-0.136512922352861 -0.259252693069996 0.249024631945065 -0.132168904836608
-0.0487456638054177 -0.285359623519021 0.206768169693349 -0.211557794193
0.043419902275817 -0.308052672799535 0.217794744744067 -0.308323518196241
0.0997338216882904 -0.345758850585246 0.192632132094476 -0.357881668090564
0.0716039247273282 -0.389468580928275 0.107339496249823 -0.409676051684571
0.00357633328696725 -0.415459882718661 -0.0627017481087647 -0.301090295730487
-0.101775154800787 -0.382198931596006 -0.188399197424973 -0.0816140276608221
-0.271997521387262 -0.298652129061787 -0.160963114378929 0.158027563398528
-0.349438556811715 -0.207934608783173 -0.101719598207337 0.305273586192994
-0.353800191992307 -0.0788065588307249 0.0575898997266056 0.310352314107898
-0.382703384583091 -0.0156565149977119 0.218471958321396 0.363944481598843
-0.368686405804703 0.0180950688345571 0.322808104767079 0.453933663481435
-0.107335260734359 -0.0158909361019015 0.427798004544763 -0.304972891258646
-0.127414417868923 -0.0797897800265457 0.326711001240237 -0.141712197660224
-0.0728235676985571 -0.123226381346682 0.261823861100677 -0.00511497881729926
-0.049346393630907 -0.133613577140279 0.209779736547811 -0.095256614377365
-0.00861983950089967 -0.136365008487461 0.176523182496573 -0.182890193436641
0.027150984346999 -0.152734907102913 0.227557817750483 -0.310584128134347
0.0593278349259666 -0.17402449392067 0.235197733766159 -0.432541263449868
0.0301098322791009 -0.204770762822693 0.129770107254299 -0.524901431060882
-0.0159113611271157 -0.222377735560668 -0.0852715992517815 -0.416723215237166
-0.0716662602160861 -0.202044762712759 -0.24360361510693 -0.157395481546647
-0.164592253110813 -0.142857184659506 -0.208764585608308 0.129262573048233
-0.210659003398565 -0.0978534194729903 -0.0847317009632116 0.275835630948961
-0.199063821918814 -0.0294482602697543 0.115224409519622 0.279973643661901
-0.218973162547486 0.00851793632264575 0.300984725291841 0.323572145155482
-0.212629096899994 0.0232870597886436 0.432948987156045 0.410348584320091
-0.014582501216316 -0.0284838024486583 -0.374028817837423 -0.406611480486813
-0.0279845223552467 -0.00770996166471316 -0.320212383630966 -0.30735578294297
0.00998023544257741 -0.00995399081998365 -0.127359159520469 -0.243425609929455
0.00846180668649609 -0.00892252716784635 0.0855699596725749 -0.194779728504142
0.0379359276859735 -0.0134783745385079 0.228672484033899 -0.0835974060130262
0.0416827238032621 -0.00775003473649299 0.183616252451287 0.178829906805603
0.0149051155753062 -0.00929411241446185 -0.0188854903733662 0.437438198632273
0.0140104865786262 -0.00286937897282258 -0.253774803613929 0.491322374175065
0.00224197669912274 -0.00545487584473212 -0.317290433125327 0.424974989857134
0.00305043161850896 -0.00334397086149506 -0.255890272353935 0.290666480866937
0.0127756118371988 0.00596250747172333 -0.177754088626241 0.178532074091722
0.015007085671527 0.0144337219343239 -0.153398144068682 0.0710484740340907
0.0127817665947554 0.00878562078089432 -0.21155416574043 -0.0345597776419827
0.00131669647579731 -0.000256938780588606 -0.292922157549188 0.0162287229024043
0.0178503686351903 -0.0244678261225471 -0.495135838422234 0.182176142464175
-0.188611888202332 -0.0168941220324305 -0.352350646149963 -0.431072806135093
-0.214361997051324 -0.0181262578646649 -0.295540318586329 -0.317672495078636
-0.178546547453874 -0.0481240851794965 -0.113691136789259 -0.256506437532596
-0.173955199572039 -0.102942959296511 0.109147753396551 -0.211546011486767
-0.0946627878530886 -0.179637809742745 0.249930104418434 -0.105108440617342
-0.000843181887809205 -0.213350062625763 0.206064358730736 0.144190987410182
0.0579176096058083 -0.235523014906084 0.00497592692009634 0.407440078093335
0.111266282807491 -0.202713197642368 -0.222857166774916 0.45665232155021
0.112435344635708 -0.168003889573381 -0.297305044304814 0.415119837767179
0.091256742259407 -0.131768115111214 -0.24950824442937 0.301810110890944
0.0549186998837465 -0.120709195517838 -0.172520176924673 0.208069778500639
0.0308954713989971 -0.119966013051863 -0.170616981557952 0.0968439991152529
-0.0184454571093118 -0.119658380599997 -0.233025227035915 -0.00398122375044388
-0.095557034489848 -0.129603936748704 -0.29624293620317 0.0575890196512403
-0.132792261784702 -0.110660741975477 -0.476709836681988 0.223912512854551
-0.325879994769961 -0.0189135677073075 -0.255173437692931 -0.456176122534633
-0.365151640946236 -0.0502897449411138 -0.206057841303891 -0.340281499809518
-0.333165310499927 -0.109662341374362 -0.0565282136282392 -0.277003293578892
-0.320984712179925 -0.212879985796675 0.147981713143952 -0.238323769353082
-0.195278603948648 -0.341061037713958 0.259682282493924 -0.14423954858119
-0.0229058314915694 -0.391582749935154 0.215017501433495 0.0631446110407176
0.102199847877665 -0.419290566671765 0.0318462436353883 0.29988948725584
0.191639199185052 -0.372237896795779 -0.157881761108076 0.345400065291133
0.197878340357613 -0.324437283433894 -0.237011064935138 0.359095982072895
0.155754112531252 -0.282267758626583 -0.217617218486935 0.30661101506641
0.0638040566037227 -0.2836385598299 -0.16037354281524 0.253120179231746
0.000499615697765047 -0.284012876777935 -0.198705550606972 0.149114847824001
-0.0914650564239283 -0.25413542701469 -0.259812787923974 0.0654807722441687
-0.213125529036054 -0.238867641630058 -0.285220991049231 0.142921081698722
-0.277711967095501 -0.175838969340804 -0.409873077572076 0.304202336583307
-0.403395963082246 -0.0386841519121392 -0.100172408058298 -0.462173986579352
-0.448523909039445 -0.113146776336441 -0.0624927677073409 -0.351729702286502
-0.411408369403998 -0.200199498040833 0.0450081646559361 -0.280141519175875
-0.388210728866908 -0.331995393264859 0.204071466942013 -0.255010536118415
-0.222893745106221 -0.468368110669915 0.262836654129749 -0.190720063604563
-0.00402089284910661 -0.509183349196503 0.217902426262706 -0.0502888251761737
0.148282091986428 -0.523957853362051 0.0693375561935927 0.135357419279224
0.239494288215833 -0.485912668667068 -0.0701472212739242 0.176876324182465
0.235542719741494 -0.457183395778639 -0.152388386641582 0.244627587023113
0.163598598440883 -0.439023493721992 -0.168992157132612 0.267775060171787
0.00565085886896934 -0.45336045507554 -0.137652584193255 0.27789387766855
-0.108310608362242 -0.434190931196724 -0.211291961476238 0.219256212951576
-0.219096260127515 -0.349545155562914 -0.251168263820032 0.165939200025715
-0.343694635338348 -0.289763913820028 -0.22934441545239 0.25234549858474
-0.400472893522321 -0.196908217181255 -0.287611302473553 0.399397957660206
-0.408271623453555 -0.0698718928521743 0.0845401229001684 -0.434634654928038
-0.44138102069114 -0.181934455031277 0.102177915882134 -0.322980971436416
-0.383246959242655 -0.285566978185926 0.164781414638728 -0.234831569736015
-0.339055894099644 -0.410059453590132 0.263292872856611 -0.233842685198516
-0.163052567564299 -0.512934131633187 0.265614112848075 -0.220436501217168
0.050541624335387 -0.528787360586952 0.231153551999534 -0.164140088818143
0.186896390820233 -0.532172908849273 0.126071348952753 -0.0499681934402199
0.24880905037659 -0.525293835689837 0.025921625569897 -0.0222265578815821
0.218720355122945 -0.532302092873889 -0.0732029692157315 0.0720650459080977
0.111945270937752 -0.534715716137521 -0.131940342552818 0.163185660468258
-0.101735315977397 -0.545181645069726 -0.124512483621078 0.254725432599875
-0.252103983617453 -0.485456293040011 -0.196307511834854 0.278414485530686
-0.346125944006403 -0.354640167870821 -0.187336714837885 0.263605129628916
-0.443039109790373 -0.265246692838975 -0.114945339708073 0.350245525625419
-0.471132597233218 -0.17552581906269 -0.119160659022338 0.48002083718853
-0.346250019715177 -0.0916642480189501 0.258143002802353 -0.370943346410043
-0.352846557588428 -0.219854801962604 0.241058916826363 -0.247135005064116
-0.266496336014136 -0.309846894348614 0.253245522978247 -0.136989849230685
-0.207733736660147 -0.393853094005624 0.293429994743029 -0.171089101854736
-0.0602439094578079 -0.44393857933726 0.264228153225381 -0.217430147623973
0.10415029632132 -0.445339805692645 0.257552322282708 -0.242895153181585
0.200473584516305 -0.454410627571235 0.201350575350703 -0.212505523793271
0.223488596582132 -0.485336050131042 0.117576039268815 -0.221628144773411
0.164947883078576 -0.519045144126563 -0.0200099691759258 -0.126833948820401
0.0364524750795639 -0.522405972656424 -0.132075063358252 0.020669394320716
-0.188237228194548 -0.504986466711937 -0.141558161119254 0.196429951370539
-0.333180558349492 -0.417799545170169 -0.165722884516454 0.300520801212388
-0.394347847320706 -0.272138684102586 -0.0881080219197125 0.317960212574279
-0.461153298021929 -0.185717948186614 0.0301296994121596 0.402705609043884
-0.468061315485982 -0.12455899317549 0.0699716806726372 0.524763805799203
-0.235714598850623 -0.0876712735086492 0.395502895250405 -0.286022251467913
-0.226671521419768 -0.192748310248908 0.321963996659674 -0.15087100868381
-0.131958456530416 -0.24993295490304 0.278126101657778 -0.0300765545895455
-0.0796898890910163 -0.282932636662352 0.274908250228667 -0.101435463903202
0.0119094473310371 -0.293563800229393 0.244691002658866 -0.185597912016973
0.109813757826 -0.298625172421795 0.283040970353906 -0.272377740256723
0.171942245172373 -0.319560983981596 0.278406903020673 -0.327201390395684
0.164991051628364 -0.368605047816168 0.194545324788439 -0.387802191160705
0.0977169995655845 -0.409783369757636 0.00151402378899952 -0.308353493396576
-0.0159637817570332 -0.403787696618193 -0.165103972534743 -0.113352568394216
-0.199039717233218 -0.363808480939356 -0.182949730992249 0.135089593872372
-0.308005665905868 -0.280168452416245 -0.13871094180001 0.28872312179627
-0.335186788832085 -0.163021468133399 0.00482850035146628 0.324921178412475
-0.378730766946107 -0.0984538484732596 0.159803663668875 0.405492049269041
-0.378693214555882 -0.0666514498779805 0.240769071584073 0.53038743557358
-0.100098827694088 -0.0509841278345656 0.476952723856081 -0.212033003551369
-0.107076452658431 -0.109697056090317 0.349122084749835 -0.0789676853450314
-0.0417700835448213 -0.13957785556561 0.25705544994773 0.0387158786278325
-0.0205333202759982 -0.142964342582317 0.229648409316541 -0.0631112572542871
0.0186826163575191 -0.138819025890921 0.212129109050139 -0.155158438301215
0.0590538765523331 -0.148870020637314 0.291601067355803 -0.268119568328474
0.0950147962470201 -0.160842139606702 0.331749471992771 -0.390107439304767
0.0788821769214922 -0.197821279740117 0.240280518131995 -0.497853072793179
0.0351642215662802 -0.223947460223254 -0.000674149166621928 -0.431384942469416
-0.0274156783193656 -0.218344721563814 -0.208485650441745 -0.201908091340886
-0.130795520431954 -0.182562100077778 -0.228793230626325 0.0924871285236521
-0.192924286101636 -0.140956630272395 -0.126316376768817 0.258569676119664
-0.192590915787477 -0.0752638694191933 0.064707508138907 0.304065777445817
-0.219885938343633 -0.0353851110357365 0.242891827222524 0.38078694746384
-0.217958221202663 -0.0237181530003334 0.351812856328266 0.506790620474705
-0.0155034438407168 -0.0287626517029185 -0.388019928524102 -0.405893683493915
-0.0283532625537165 -0.00731945198463903 -0.331387210870547 -0.305129488592066
0.00998527381037256 -0.0105132139679713 -0.132885904678773 -0.243870260411782
0.00825037304894337 -0.00891791891644278 0.0834266827262869 -0.199281574650386
0.0383926315256531 -0.0144800270429322 0.2302942946499 -0.088843048443959
0.0419978222058851 -0.00859970401248993 0.188685437796643 0.176830492263813
0.0149891012726087 -0.00963715424392646 -0.0123115920586393 0.442760947468722
0.0139775163275534 -0.00254169749555161 -0.250242961697655 0.499543875524703
0.00255144621413846 -0.00458236397390832 -0.317279090889225 0.435129588355667
0.00250414891825125 -0.00312508247519957 -0.254957696335512 0.298511844299729
0.0133023617609817 0.00556846450635516 -0.176849609137267 0.183341727058639
0.0154878348263013 0.013981189224341 -0.154237862097803 0.0745535677111497
0.0130918353206077 0.00829333101454152 -0.21390297147113 -0.0308403549432342
0.00114451610651319 -8.88849814784584E-05 -0.295609634180822 0.0215330335294178
0.0173324820474011 -0.0255717423102026 -0.497635218019737 0.192058444813279
-0.191222825178345 -0.0144734199931399 -0.364190407149768 -0.428475688939504
-0.217816332954162 -0.0146965956280552 -0.304982154060071 -0.315545778134058
-0.181613690971043 -0.0464249436677561 -0.119352317068268 -0.258056401138226
-0.177079587415938 -0.101089165022543 0.106912402487175 -0.21653666957853
-0.0984862960908954 -0.180447682198703 0.251860332409622 -0.110790599720434
-0.00381446418897421 -0.216438064497182 0.210983213033471 0.141935653076637
0.0549185582363627 -0.239783567081303 0.0118681443699174 0.411245768057005
0.10910316553525 -0.206535840094733 -0.218801963962762 0.465685423513023
0.111182545675276 -0.171340186575904 -0.296242972448583 0.424546769207508
0.090350513765122 -0.13460727648831 -0.248251465196288 0.308968469757267
0.0533139118420836 -0.122788204046402 -0.170791865744631 0.213607281412175
0.0295001902907256 -0.121756272589223 -0.171502792761794 0.100912246877731
-0.0206008195335043 -0.120547099538468 -0.235651337382874 0.000513707489569758
-0.0985545767889251 -0.129454047881974 -0.298190428399017 0.0633919621627513
-0.136369190128655 -0.109727164775633 -0.477907709678106 0.235902961250597
-0.330025400594755 -0.0139506519767558 -0.268657047347545 -0.457585200054754
-0.370759984768028 -0.0449781613320603 -0.214644959561484 -0.339985823144893
-0.338662927677712 -0.105557452564671 -0.0614724395164811 -0.279548984720516
-0.328397293912358 -0.210194239940168 0.14587853447965 -0.245671974315378
-0.203279068759602 -0.340903456669569 0.260599405548254 -0.151422979262697
-0.0309471823888387 -0.397974654147537 0.21795222840457 0.0596156620269736
0.0966192568978041 -0.426214006158067 0.0373338810090863 0.302943699893
0.186534203315564 -0.380181485229408 -0.154680174180641 0.352100016341119
0.195677331379677 -0.331436917922755 -0.234653120435709 0.366912029843847
0.153521287862595 -0.287916822156005 -0.216662939583069 0.313340179126896
0.0600967117803001 -0.287565036195042 -0.157315864553939 0.257324974174773
-0.00417753082159003 -0.287571178493119 -0.198562119989679 0.154859021598262
-0.0969944127689409 -0.255600516818173 -0.260811372153979 0.0709530575065789
-0.219766854638004 -0.237971968938478 -0.285664690020959 0.149176321096996
-0.284671962018449 -0.17274558990297 -0.407618199173021 0.315480635574701
-0.408764766346018 -0.0331792238610259 -0.110637918842072 -0.465090197058747
-0.456080768466769 -0.107276289216185 -0.0694046648181879 -0.35443646212651
-0.419827612065677 -0.196033876830062 0.0413889662767989 -0.284770047142019
-0.3974473329143 -0.329620799821599 0.201271254935175 -0.262571538516471
-0.233768008944809 -0.469975581722864 0.263459604363789 -0.198446237832137
-0.0121473683138137 -0.516678835647336 0.219673076021042 -0.0551377727178316
0.140478454610512 -0.5318467641371 0.0724331396476814 0.134916291763191
0.233653345147648 -0.494922481805449 -0.0678559376861522 0.179801854888497
0.230259067267324 -0.467189657530532 -0.150985903018783 0.249800157565823
0.159048876169089 -0.446979339605999 -0.167169422145432 0.273276498872504
-0.00128724003277421 -0.457536766825769 -0.134165783273921 0.282448975165059
-0.116144655177783 -0.437894918948209 -0.210430101845259 0.225569188683065
-0.227208864380349 -0.350312354923308 -0.251379275377504 0.173267060180466
-0.353701650679475 -0.287293950007405 -0.22734364357045 0.259364644831418
-0.407171016011511 -0.192995264455073 -0.284229041014847 0.408599550911249
-0.412769565788643 -0.0643323937242762 0.0752408186584566 -0.44035051078647
-0.450470927777583 -0.176890904398083 0.0972850147368676 -0.328776214796671
-0.393323733040347 -0.283634215254361 0.163468227260422 -0.240865122046787
-0.349588033875563 -0.410065035503059 0.262988792781841 -0.242906164396263
-0.173038125184179 -0.516377667893354 0.265590486505208 -0.228660307666545
0.0428202380242106 -0.536000169067958 0.231566140067703 -0.170910459952914
0.18041504542514 -0.54210680920127 0.126962001826285 -0.0526218466643337
0.242724838900545 -0.534984033977756 0.026045916829685 -0.0234838111726941
0.213149972749087 -0.543270993346345 -0.0732241813209645 0.0741460605447948
0.104920560306714 -0.543739920705628 -0.131398043822755 0.167873169703708
-0.112936837186218 -0.549269267537234 -0.121314995618978 0.259242570785717
-0.262287904481733 -0.488808249231293 -0.194181474665912 0.285503597831419
-0.356300231506572 -0.352321638945477 -0.18428192087962 0.270325931448062
-0.453297705242315 -0.26089688396305 -0.109874975240507 0.355936489684676
-0.480121349301782 -0.169211328447167 -0.111153892964819 0.486951477028097
-0.351879559346902 -0.0884259428294045 0.253345089126213 -0.379581774056546
-0.36148160218124 -0.217407384014054 0.238774611704247 -0.253562287473794
-0.275940021245524 -0.309964547786445 0.255449599637955 -0.144295367217759
-0.215406418247443 -0.394278836873332 0.29444869347149 -0.179431706734179
-0.0676635464150258 -0.447812237813038 0.264187884962182 -0.225259991199898
0.0985442917108658 -0.451884018616654 0.25691502044284 -0.25127280816901
0.195809217701025 -0.462977518240804 0.201179904212817 -0.218082335913718
0.218775407769944 -0.494581931980313 0.115986882553125 -0.22541763039079
0.158644588833613 -0.528962514954972 -0.022460067060486 -0.12741269917675
0.0281560193075769 -0.530414139342216 -0.133484353982444 0.0231055761507836
-0.200373136476891 -0.507088588417288 -0.139698992288843 0.19993810453533
-0.345231297764425 -0.418899512688579 -0.162817398256742 0.308144062557871
-0.405774221231744 -0.269202342837994 -0.0837800054870977 0.323750383288993
-0.470623570961172 -0.181697359535756 0.0377412132700855 0.406792536829984
-0.475445145521482 -0.116781539144505 0.0828530008819939 0.53016953570885
-0.240091621738476 -0.0858396213991409 0.395010087205283 -0.29556442779862
-0.232749541443307 -0.191380875564146 0.322301525256392 -0.158429345664538
-0.137858546171218 -0.250783143243171 0.281829513872211 -0.0360539253441239
-0.0848541520298453 -0.284452897277193 0.276653766234129 -0.109043510794632
0.00755125752147028 -0.296224929197492 0.244962837569824 -0.192350293280121
0.10537738695174 -0.304106892086872 0.282248172254873 -0.280553443819974
0.169284010133082 -0.32650504341189 0.2760645264191 -0.336271114192098
0.161180765615308 -0.375810601390132 0.190423710741594 -0.396210394639126
0.0927639209664387 -0.415930410361885 -0.00321507964978957 -0.311145660936467
-0.023477442122467 -0.408496929577475 -0.169199593999137 -0.111559200819172
-0.206992866092035 -0.365602753484274 -0.183002492860111 0.1385492585252
-0.316506239260377 -0.279153430283246 -0.135922344230899 0.29484423266937
-0.342370606607086 -0.159129594288849 0.0114928877122272 0.329366023332913
-0.385535837164509 -0.0933855386510555 0.169478005890644 0.4077918120227
-0.383981313713944 -0.0607170812521972 0.252895763630163 0.53159426750585
-0.102212864215976 -0.0506303959794798 0.477701716717341 -0.221278196808311
-0.110310508495541 -0.109421427868243 0.350959932275859 -0.0853608029318252
-0.045247755857528 -0.14055059839873 0.261842717740384 0.0332671090867039
-0.0226832629677146 -0.144275457369402 0.231080827346233 -0.0692790867757784
0.0172864233632762 -0.139928248766661 0.21219810678255 -0.160842681541319
0.0569842592429187 -0.151425936257432 0.291101126372616 -0.276669249151284
0.0936043101310258 -0.164301876675898 0.32887032567919 -0.400474014135055
0.0768134411355333 -0.201670784022937 0.236363430607977 -0.50791004242246
0.0320110768957267 -0.226731581607008 -0.00756563433350759 -0.436681752262905
-0.0319305938862638 -0.220715386569505 -0.21451702514688 -0.200899297573241
-0.135862075278074 -0.182745799864621 -0.230280232583414 0.0964246587458547
-0.197927840896231 -0.13959598531349 -0.124401630421767 0.264294452624836
-0.19616957277092 -0.0732485910305424 0.071489494266812 0.307592581306913
-0.223846387344619 -0.0324988528674301 0.253169774443913 0.382169350512157
-0.221382535486229 -0.0196709051839572 0.368446243595028 0.50485608526184
-0.0157908448600031 -0.0287431919683972 -0.399968514040053 -0.401490054072186
-0.0280630031704311 -0.00661301018221579 -0.341211406963628 -0.300970074979282
0.0102547748980541 -0.0111570885756119 -0.139671255779123 -0.244211972517918
0.00879377518919045 -0.00882086917913844 0.0803250532625017 -0.203213147113819
0.0389308498599514 -0.0157848226613974 0.231060463835315 -0.0945272976637422
0.0416827115743678 -0.00980424615415941 0.194168303700229 0.174814808656652
0.0153861790654935 -0.00924279650830624 -0.00372558031944092 0.447342989763148
0.0139132877877878 -0.00266806363765448 -0.243964623213046 0.510570676035234
0.00266565234754903 -0.00450027529458085 -0.312268260375945 0.443797450066267
0.00213667994517069 -0.00265027126898389 -0.253209122747515 0.30507739651628
0.013194854562415 0.00551182151406332 -0.17544642859624 0.187872327597557
0.0158015704650739 0.0137576440247722 -0.154174330127375 0.0786561709697615
0.0133566359514128 0.00798291330269068 -0.216515451755777 -0.0263345743691589
0.00145058991980103 0.000359677534434898 -0.29764327023715 0.0266793618543111
0.0170368626321923 -0.026212246415737 -0.495676054638703 0.202540728133206
-0.19293015950284 -0.0116464336769296 -0.378059724617679 -0.426553122752292
-0.22005410911301 -0.0109085669064492 -0.31559593628898 -0.311827417869273
-0.184643918469315 -0.0437780020440571 -0.125555471156169 -0.258634453340932
-0.180504952719396 -0.0986518270700663 0.103728132325203 -0.221454264973013
-0.102963855649673 -0.180758232064875 0.252971556346687 -0.117686423579454
-0.00818579466185906 -0.219016346528973 0.216196625326417 0.138437604596878
0.051356750455148 -0.242207308434039 0.0183903544523589 0.415407819566691
0.105462849156352 -0.210544110808866 -0.213617074912357 0.473309441279098
0.109471204448944 -0.174391983795381 -0.292633265915485 0.434063360174014
0.0889601490847924 -0.137007774311141 -0.24632415366547 0.316980686208283
0.0514350292957516 -0.124619813879752 -0.168114503515906 0.21788950794642
0.0274419197092106 -0.124030736712368 -0.170558401467841 0.105157447563536
-0.0229800695249954 -0.12176483179372 -0.237536031420316 0.00615521407074264
-0.102122831757904 -0.128581843924397 -0.299483955096049 0.0684766684624033
-0.139492585794283 -0.108454494814242 -0.476711562903206 0.245773796280414
-0.333309387706853 -0.0088428681449884 -0.281006604305255 -0.456673947490033
-0.375846508830782 -0.0383638270267091 -0.224258833605899 -0.339051463924339
-0.344634647654397 -0.101180712275168 -0.0663237247333851 -0.28140819893708
-0.335572345729635 -0.206513959629482 0.142495667779541 -0.251331781048887
-0.211146774004216 -0.342327599386168 0.261250510189819 -0.158512111472676
-0.0368720477487697 -0.401182343201656 0.221290804230599 0.0550991950989171
0.0900844025045903 -0.431634231774142 0.0435707073985695 0.305078508829758
0.182100584243982 -0.386095532482771 -0.15087683838838 0.358424390441491
0.191632263509586 -0.337700111588594 -0.230532719452221 0.374579586439086
0.150084538951456 -0.293610404296806 -0.213499130079768 0.320311708423171
0.0553853839862568 -0.290431044605496 -0.154256313399809 0.262206798882583
-0.00905279186873961 -0.290602493876442 -0.197419032957838 0.160410078325549
-0.102879967290803 -0.256144513260254 -0.261961827124978 0.0773189330443418
-0.226879250777848 -0.235698991909462 -0.284854335040225 0.155791953200744
-0.289696552996923 -0.169054042807217 -0.405303499199959 0.324840873307274
-0.413893738643723 -0.0271718591746798 -0.123243155188731 -0.467766444200094
-0.461993209156652 -0.100739535114036 -0.0777056727817339 -0.356141768124677
-0.428771949501245 -0.190591690585757 0.0372984923013811 -0.288773927248954
-0.407638954274213 -0.325287240316313 0.199166898166877 -0.270126973745635
-0.243835259229979 -0.469596146932608 0.262877022884799 -0.206675720451679
-0.0215646652786289 -0.521345120559951 0.220447891369405 -0.0606947475348465
0.133562906333727 -0.539439312206567 0.075711777114542 0.134529225041626
0.226243916418916 -0.503506062441892 -0.0659602641901375 0.182758699777284
0.226153944074093 -0.475008673059659 -0.149083310849794 0.254488074674059
0.153233389211444 -0.453594976558209 -0.164243407145613 0.279373989281566
-0.0102068269960962 -0.461726291514544 -0.129607512172987 0.28604818235536
-0.125357306057316 -0.441241755023993 -0.208123224026117 0.232596112822173
-0.236795163795621 -0.348791291762038 -0.249688164588373 0.179880563557956
-0.363329934169777 -0.284921526290583 -0.224158753851554 0.265808522751213
-0.416030364521458 -0.186987821654016 -0.277277389353399 0.418068364759502
-0.418402615886298 -0.0580614656505632 0.0654588320406909 -0.446285205738056
-0.458869094914277 -0.170444788969672 0.092016733779033 -0.332726710555472
-0.403270391867159 -0.278385161818214 0.161450137379037 -0.246421403202457
-0.359346235661534 -0.40632397810128 0.260449345044068 -0.251358653282575
-0.184087512668318 -0.517853442392562 0.26439810842507 -0.237748519308691
0.0341212450039636 -0.542505227277674 0.23028806349528 -0.178220591861482
0.172734064098766 -0.550164302940659 0.128046589486219 -0.055552413167446
0.234968956170166 -0.545120297911679 0.0256308985084657 -0.0242885938831337
0.205807695134583 -0.551238699058783 -0.0734349842852302 0.0764782288705185
0.0967397830120358 -0.551830054210365 -0.129883665953849 0.171991308107933
-0.123381631201869 -0.551292563142401 -0.117276330589651 0.262217220003706
-0.274071636816821 -0.48914390524104 -0.190695507700646 0.292462701588058
-0.366774105524532 -0.349508222752054 -0.18083362768718 0.277068106457299
-0.463831666073271 -0.256396108376127 -0.103762888092234 0.361247707774577
-0.487886252560508 -0.16163136253459 -0.0996775242139377 0.49371500180773
-0.357499662915477 -0.0836900843938228 0.249558302117537 -0.387684858654715
-0.369664269978577 -0.212300092360742 0.235918603037556 -0.260596272726818
-0.284702721121666 -0.307914609547909 0.255922208111428 -0.15076999812068
-0.224874714256526 -0.394079018810517 0.293976615857334 -0.188009009132922
-0.0767319197710681 -0.450709142542385 0.263147287341522 -0.233160186538647
0.0912337138616634 -0.457826164125436 0.253965400059746 -0.258721540717495
0.190148925534932 -0.472156781636429 0.198933503296868 -0.224409840964709
0.211732807219148 -0.502607527921567 0.112959679729862 -0.230530321120135
0.1517466750342 -0.536727229365455 -0.0256348891846601 -0.127301353455957
0.019770920480364 -0.536183641897664 -0.134765260010565 0.0261268381422366
-0.211731807640039 -0.507653364211046 -0.136878172546206 0.202568096541773
-0.357264544672345 -0.41718505284254 -0.158592988788258 0.315475413168361
-0.414144308755385 -0.263642174720424 -0.0774539894724229 0.328689247112785
-0.479248994152462 -0.174085578606476 0.0459214142088116 0.410104392352072
-0.482131953881876 -0.10882145780228 0.0939027183198969 0.532932818147562
-0.244379487861019 -0.0831336207131873 0.391108344492832 -0.306252710269921
-0.239336542226716 -0.189433032672647 0.32191843166614 -0.166390668112311
-0.144733973013769 -0.251621997990519 0.28457467758795 -0.0432614553951278
-0.0903706215833661 -0.285022187883354 0.277143017349878 -0.116781516798624
0.00308446797355659 -0.298473554012042 0.244800544163456 -0.199894247214734
0.100960528441448 -0.308209043757694 0.279951378297587 -0.289088193365653
0.164191202956681 -0.332892563747648 0.272893828101684 -0.344346573278098
0.154474487923156 -0.381510990370997 0.186220037730724 -0.403641100672929
0.0868179094048269 -0.421630208571567 -0.00936115860506534 -0.313052265783538
-0.0306659468301317 -0.412692464791748 -0.173485966504352 -0.109338658767544
-0.215992694018363 -0.363193815432619 -0.182178249857356 0.141870014265733
-0.325291714447343 -0.277130319942123 -0.131274245214705 0.301186289005193
-0.348819452609517 -0.154587312333895 0.0178322533184501 0.332788508728534
-0.392168614595864 -0.0872493270030874 0.179964344451854 0.409059091893509
-0.389497995710796 -0.0532155033752502 0.269306750342258 0.531142020166413
-0.104133321148757 -0.0504756555139824 0.476900825189352 -0.23275643671757
-0.113325992890209 -0.107271955450169 0.351827748101138 -0.0935987005945244
-0.0490571073757796 -0.141088917040817 0.26559921883216 0.0281058500394094
-0.0250249664526422 -0.144809631715845 0.23187393430398 -0.0756544628509243
0.0150998208789783 -0.141089019280268 0.211555321996266 -0.166655679511636
0.0543225321092623 -0.153151880906462 0.289620173206722 -0.284760899024198
0.0918691784238976 -0.168166498267756 0.326496174022445 -0.410397433630807
0.0734949545189737 -0.204354690229514 0.229833557292483 -0.515586599302164
0.0280299131931853 -0.229399058770855 -0.0140722298135311 -0.440122393032668
-0.0359632085197552 -0.222405868293683 -0.220151463143364 -0.198734170064035
-0.140040126210726 -0.181377791509441 -0.231525158784918 0.100895913507029
-0.202990405712201 -0.137157352080644 -0.120495315698821 0.269335991301595
-0.200104984420918 -0.0702050161151574 0.0781602264931864 0.309639454912927
-0.227056861914207 -0.0286312807441157 0.264639315733194 0.380861337015848
-0.224471486898879 -0.014942295717954 0.381953737264226 0.502985593175495
-0.0162026840326689 -0.0283393353374004 -0.412562573815494 -0.394822153771728
-0.0283234900633849 -0.00654048738984204 -0.350997542237818 -0.294555794926057
0.00992806116340741 -0.0119176405804385 -0.145819425860035 -0.243242809629212
0.00923795076049667 -0.00882217265899839 0.0764141277724431 -0.20692026958096
0.0389961773299977 -0.0173531707265588 0.230472726870892 -0.0997985066252863
0.0417300688713642 -0.0112259517864314 0.19917719644802 0.171374043554152
0.0155612215417342 -0.00942498029172675 0.00399502872101723 0.44926099676468
0.0138556079697302 -0.00284421400735847 -0.236128593748391 0.520078256025337
0.0027735306420488 -0.00367696197464948 -0.307510354819395 0.452618373490511
0.00219971729485302 -0.0027896132811988 -0.249505650987451 0.312060475131948
0.0133578036565345 0.0052773141333881 -0.173305102335403 0.192757451014625
0.0166033863606297 0.0132680548828152 -0.153208081192719 0.08254844479171
0.0137526197025693 0.00762408357370557 -0.218595468083502 -0.0211295349298987
0.00148546921252351 0.000575398273518657 -0.298043498131663 0.0338092531508408
0.0165851337179947 -0.0272895847235023 -0.495247554829562 0.215273143218329
-0.194165212681137 -0.00825100321728069 -0.391493365639171 -0.420084272452111
-0.221697684494488 -0.00623683487380742 -0.32502574284949 -0.306531578972529
-0.18742296388422 -0.0408206959083733 -0.131115596807584 -0.257300812266921
-0.183484931032313 -0.0959088342790032 0.0999159892125326 -0.225964253731912
-0.106502253682522 -0.180030775348449 0.252478556829328 -0.124099309963015
-0.0126129903936144 -0.220444341680414 0.219783229794405 0.134536351272148
0.0470692912373399 -0.245320411359162 0.0266838403421222 0.417295217265626
0.101906842996598 -0.213982513191845 -0.206793700306511 0.479150266819427
0.107724105915051 -0.177632906200186 -0.287124111400153 0.440192012460552
0.0865013074035008 -0.13932563409861 -0.242263092894403 0.323551415659123
0.048797011097706 -0.125942798276476 -0.165350848276682 0.222138158897408
0.0255650141451616 -0.125868854183412 -0.169736468123912 0.110064394017696
-0.0259935232515637 -0.121523620864472 -0.238390647843634 0.0113540129951389
-0.105500496464258 -0.126774538614524 -0.299505765806097 0.0756484733516826
-0.142806098203505 -0.10620479584108 -0.474324382012865 0.256645886663179
-0.335992072983115 -0.00259320619668533 -0.29429634528835 -0.452261671884927
-0.379148452769102 -0.0311359906342712 -0.233411674624263 -0.335811067674532
-0.35025166300804 -0.0952156357882656 -0.0729926011807436 -0.282327135911657
-0.342356675041431 -0.200719423503943 0.138646455818681 -0.256945299155943
-0.220288000300808 -0.339435587421059 0.260018811633376 -0.165766946405748
-0.0456387883734393 -0.403392063345285 0.223933005082937 0.0505861711165948
0.0820875792436876 -0.436478569419312 0.0502363417768997 0.305520791730315
0.175654157495858 -0.392849008184293 -0.144869903752776 0.363489570851789
0.187055644557581 -0.343490296752985 -0.226517966925788 0.381349760349084
0.145163151535672 -0.298609575947269 -0.20907125630974 0.326920545897085
0.0494390157951193 -0.293356350739086 -0.149951311840887 0.266206769134391
-0.0146703771754186 -0.293197084713225 -0.195248992659929 0.165776737314965
-0.108859927794298 -0.255912155132105 -0.26120660421139 0.0844183573874926
-0.233193642289742 -0.232261797774229 -0.282996309255651 0.161700807943797
-0.295300193439051 -0.16434620686793 -0.399618696447778 0.33455049233177
-0.416369341609129 -0.0203683331124155 -0.136201280751025 -0.467178382086911
-0.469082982658266 -0.0906534015794131 -0.0861167488494279 -0.356694015733311
-0.436666375896998 -0.184458437173858 0.030905350692525 -0.292019300876765
-0.416779923469143 -0.318949323856994 0.195454936857979 -0.277156461016802
-0.255390767036326 -0.469162464578292 0.260514983529704 -0.214597419851997
-0.0315312143741745 -0.525409555069073 0.22071633108283 -0.0672241821896989
0.124404564827789 -0.545631607706231 0.0789178929359669 0.133781693562092
0.217458763488727 -0.511716526233605 -0.0626276065182968 0.185531702754318
0.218997584293799 -0.483057954926727 -0.146167209587944 0.25857183202288
0.145686883130942 -0.459960495658171 -0.160260609484086 0.284284282373952
-0.0203365136489012 -0.464205979371571 -0.124865250666297 0.289441385809313
-0.134894452125575 -0.441930291284233 -0.204761040283151 0.238743971131282
-0.246296616769581 -0.347416843114304 -0.24658554701833 0.186759119527583
-0.372083779478114 -0.279340201271661 -0.21942029259601 0.27126042396582
-0.422510434726015 -0.17982499403497 -0.269335253758731 0.425106675070625
-0.421777119599171 -0.0510588645867559 0.0553408645551284 -0.449690046924368
-0.466413628374436 -0.162870360457824 0.0849396004904512 -0.336935250671636
-0.413637841914725 -0.274499036648099 0.15849659809552 -0.25205309267934
-0.371067575491919 -0.401117969950246 0.257801146618396 -0.259990531515373
-0.195725334855117 -0.515752563250673 0.261915101281276 -0.245279273149224
0.0231287422395292 -0.546451040170515 0.227838838389001 -0.185365501859629
0.165047320739127 -0.558409658894005 0.127585509445455 -0.0581001799148322
0.226086890909854 -0.551442535796081 0.0263912590236501 -0.0251338896683431
0.198298978900353 -0.560207547700342 -0.0731769311102833 0.078614220339626
0.0871572591459527 -0.557147820971558 -0.127504009640388 0.175799878385244
-0.135740304982406 -0.551321787727425 -0.112054617224755 0.264248695307268
-0.285401764060051 -0.48875077716767 -0.186425735783693 0.298860454473637
-0.376188345869765 -0.345502667121818 -0.175347562006223 0.28318286070602
-0.472032675679067 -0.247616684841581 -0.0966261345247284 0.365164136056373
-0.49437523067387 -0.151489026418479 -0.0895789980119942 0.498570142969842
-0.361954465699953 -0.0788839729220811 0.23999314007584 -0.395530560438355
-0.377987998884 -0.207044591025524 0.231354273366296 -0.267168236801512
-0.293444010844022 -0.304615144221143 0.256682357208161 -0.158123205231641
-0.23291592966665 -0.392122978167279 0.29202724704744 -0.196643399668689
-0.0863305543942462 -0.45096834271413 0.259921510313326 -0.241338595288686
0.082477398921875 -0.462691712377373 0.251198084664082 -0.267365336111999
0.183557335458026 -0.478983744602058 0.196222360283857 -0.229588421299313
0.202176850284868 -0.50945282985285 0.110091574006976 -0.234444995037872
0.142483624151605 -0.543547485951484 -0.028678609379809 -0.127604202896311
0.00980096956586286 -0.541656463916607 -0.135123094436502 0.0292961390736157
-0.223056763058035 -0.506299036838896 -0.133628534620618 0.205457575509914
-0.367463386384303 -0.4132938930725 -0.153882320711336 0.321544314837741
-0.422720781068432 -0.257965064500752 -0.0704408517886968 0.33296231989792
-0.487145874257073 -0.164861643587389 0.055837930353696 0.410875562813325
-0.487843355696287 -0.099225715784535 0.107826680501353 0.533412056204994
-0.247492058863187 -0.0796057050462184 0.385980437778373 -0.316690630009962
-0.245201635351825 -0.185298205414255 0.32021808341333 -0.174389370785387
-0.151231587568227 -0.25034218567286 0.287117782826792 -0.0501705978799832
-0.0963977797372856 -0.284867804697801 0.275824370351227 -0.124329032875036
-0.00285904735087911 -0.300184070937629 0.242387571332292 -0.206723798663471
0.094831504661931 -0.31250394048484 0.276584097652147 -0.297666646578859
0.159973489530668 -0.339043745384756 0.268372578318633 -0.351184827693807
0.148694076609708 -0.388087301866186 0.179497804295918 -0.408813470516054
0.0792731096531088 -0.424586824523941 -0.0150757980907505 -0.314253638738127
-0.0392566717483751 -0.415594074986725 -0.176768368243671 -0.105984872878843
-0.225461440983567 -0.362310430939344 -0.180965261197403 0.145506187326585
-0.333071688083987 -0.272311359941307 -0.126154971243449 0.306210890970501
-0.354652674341309 -0.149068861439334 0.0252519069910244 0.335146347613787
-0.396943864261789 -0.0802318124419585 0.190400109052015 0.407903531196444
-0.392697353142496 -0.0455525263380832 0.282994986109004 0.527596060198098
-0.106208547078983 -0.0495348470916708 0.474225473876552 -0.244847586364275
-0.116301067573391 -0.106338262020958 0.352071833651623 -0.102247783980173
-0.0530057797704454 -0.141010732990703 0.268969707828857 0.0211833845788981
-0.0280345303020709 -0.144665415300061 0.231467499945442 -0.0820908228041331
0.0122992633744019 -0.142202329728849 0.209726134939234 -0.172147853997461
0.0513291254978055 -0.154993099284497 0.286289072034598 -0.292495719239408
0.0888291479571286 -0.170705519217127 0.320185080170213 -0.419595779367107
0.0698753565782361 -0.207316575314062 0.22262548181093 -0.524224593864775
0.023761190227479 -0.231341314959128 -0.0231374119335687 -0.441126453240035
-0.0410829337517788 -0.223305167575295 -0.226011790045086 -0.195804672875596
-0.144509183634413 -0.17952561210181 -0.23129575425875 0.105490550133046
-0.207764883652461 -0.134257242014216 -0.115425940523097 0.274606584411598
-0.203054073470347 -0.0665741854215468 0.0856526913849849 0.311205584496385
-0.230094727374931 -0.0237686598281906 0.275371082564411 0.378734795020342
-0.225949753275302 -0.0102999350582436 0.397967199638987 0.497852619355259
-0.0170156788987457 -0.0286863802565091 -0.425732304247241 -0.386768853526633
-0.0283610489505766 -0.00608140445498052 -0.358969612101143 -0.287321119594809
0.00987152253715161 -0.01259784815071 -0.151534626018956 -0.241261547381342
0.00943971533736051 -0.00891565642871624 0.0721449788629263 -0.210020177981116
0.0388444480992931 -0.0185587953902719 0.229944776150833 -0.105803622069785
0.0418040548738315 -0.0124205000701924 0.203565273100273 0.167245003979465
0.0156285737834549 -0.00907792610399081 0.0130693155665702 0.449601148629307
0.0136315507333788 -0.00269239043206851 -0.228392413880902 0.525886619842343
0.0033793381039416 -0.00337551449369211 -0.302581273555813 0.460255642891151
0.00208736892844047 -0.00251781480462161 -0.245075910064888 0.318682084014221
0.0136096393187872 0.00509577646675599 -0.169936588735231 0.196868879553516
0.0171378743913927 0.0122863542182928 -0.15231112220788 0.0864491384075394
0.0139199711345346 0.0069847736551556 -0.219653243269152 -0.0159783981715496
0.0017063039014948 0.0006703896052388 -0.298749089680229 0.0404320818797747
0.0158374344667625 -0.0276796939984807 -0.491642931398194 0.22562791636524
-0.195117259311296 -0.00454914738427756 -0.402489579110575 -0.413130576013074
-0.222617641467161 -0.00195312117345556 -0.334354074741446 -0.299418331971982
-0.188674684493395 -0.0381647597815733 -0.137566501963988 -0.256441056486572
-0.185550929652448 -0.0922892955339949 0.0950608156013452 -0.229056741169595
-0.110728029298725 -0.178723960812597 0.250936743404744 -0.130864159955948
-0.0172830018337225 -0.221916244533878 0.223471092411419 0.129692321227267
0.0428550553790853 -0.246753330780763 0.0350795878589221 0.417819074917524
0.0982894631076432 -0.216299968413959 -0.198317471827229 0.485854315979886
0.1047141905149 -0.179670243379568 -0.280903027445282 0.448793309703174
0.0838942829542216 -0.141504126872192 -0.23678057542447 0.329631356117133
0.0467631884595299 -0.126995496485644 -0.16118956340648 0.225897179718008
0.0228945632559798 -0.127330194383896 -0.167716663134865 0.114264884716633
-0.028496829460468 -0.122122002817924 -0.238895360803775 0.0174857087618547
-0.1087070754421 -0.124875813102997 -0.297962444389715 0.0817246290384718
-0.145188184831933 -0.103879488317514 -0.471080360569207 0.269144112909581
-0.337304239276618 0.00348797635475334 -0.308936351067658 -0.446826666365446
-0.382046248209786 -0.0237826717323557 -0.242856746709898 -0.332560924485497
-0.353559894131854 -0.0897235194230073 -0.078944401781117 -0.282848913403315
-0.347177381789019 -0.194183356498647 0.133873459504923 -0.261648094801427
-0.227481330496348 -0.336231418550019 0.257867294610569 -0.173020863841236
-0.054373700300823 -0.406326862454445 0.22537807742387 0.0449155060256639
0.0751427029186114 -0.44043559289754 0.0560248512153019 0.305577442577617
0.167431890697219 -0.397040585831821 -0.138226207442578 0.367365328401889
0.181763694374998 -0.348367402699594 -0.221278820009257 0.386276618565201
0.139972517039579 -0.301910641211893 -0.203770951503085 0.331623435503002
0.0438290255604044 -0.29513059671672 -0.144912488239368 0.269461308653591
-0.0211646432813207 -0.294940781608134 -0.193124400485785 0.170993720267426
-0.115434690169275 -0.255023614423202 -0.260045513112044 0.0908919567482601
-0.239434440437496 -0.228720590514311 -0.280318763090235 0.168600572532446
-0.300263044711763 -0.158488511850429 -0.392902168291152 0.34496053117395
-0.419517311385602 -0.0119588267899037 -0.148147462440887 -0.465086894937552
-0.472751084929159 -0.0815904841747836 -0.09488679469345 -0.35646407834521
-0.443378462627564 -0.176784508422356 0.0264934760231958 -0.294699532966957
-0.424917270798507 -0.310487241351852 0.190425026886938 -0.283535858266405
-0.265489860812944 -0.464774847867248 0.257302491715499 -0.221692078718026
-0.0432219022709107 -0.52768765992925 0.219595064931073 -0.0734220933453919
0.11488971681072 -0.5519349600862 0.0820401532010732 0.132861895057512
0.206634742836929 -0.517951612244309 -0.0594865945135204 0.186992234145013
0.21024660721648 -0.489050158211975 -0.141673742045377 0.263284833626885
0.137863676433815 -0.464789565230143 -0.155984214725286 0.288620648064616
-0.0277312089219324 -0.464819525086605 -0.119339375021399 0.291585715445897
-0.144467892530956 -0.442229875815166 -0.20064212248099 0.245145662223169
-0.255171583809596 -0.343494583464261 -0.243115320964518 0.193609069643006
-0.379820279733483 -0.272758272093992 -0.214186687275824 0.276820757979066
-0.426916750105723 -0.17315459919174 -0.261334477152764 0.432692152932015
-0.425850927334084 -0.0439348973665338 0.0456737887899321 -0.451217697871972
-0.472489892710867 -0.153945186281789 0.07833693105364 -0.339979892310225
-0.420902440306412 -0.265998145495318 0.154417107420644 -0.257383922042779
-0.381215683105738 -0.39558995107046 0.253037293274376 -0.26730030756892
-0.206813142096622 -0.513801648969116 0.258166863957888 -0.253042077322344
0.0120572742094055 -0.550722350059282 0.225232841304379 -0.191561409503332
0.153800710294022 -0.56331546638264 0.127780142273295 -0.0610808339607652
0.215160250381858 -0.559544459603307 0.0256052088034037 -0.0260365178511171
0.187932226848008 -0.566144203108989 -0.0723248220400541 0.0808533890721421
0.0758478757426084 -0.561703015809618 -0.124634038921068 0.17938947550709
-0.147235920730004 -0.5511206545742 -0.10685163236945 0.266109928479647
-0.296971744792004 -0.486381711587676 -0.180486616392217 0.305363939849069
-0.38576454592915 -0.338721037110781 -0.169094927772142 0.288171844571879
-0.481445014648375 -0.239386672049555 -0.0888121050147555 0.369156434892929
-0.500125450006396 -0.142712698095717 -0.0780630822790901 0.502046724993097
-0.364858119089133 -0.0725628961416025 0.231653950902728 -0.400456643434446
-0.383389514942145 -0.19893510965383 0.226772223391388 -0.273633615612853
-0.301569700503048 -0.300672463038953 0.254388366363814 -0.165227407884308
-0.241935801981176 -0.387843190735666 0.289294825290242 -0.205232328047154
-0.0956491632068634 -0.450088755508664 0.256768903574899 -0.248297534359132
0.0725517024005339 -0.466894880668145 0.246877728485921 -0.274241968590967
0.174770395903317 -0.484863005296464 0.19271748689285 -0.234677321791064
0.192232841340846 -0.515932943736186 0.106293542168613 -0.237356304029043
0.132532246736898 -0.548469758046817 -0.0310238881725746 -0.12691915225525
-0.00165441350523287 -0.543924271153901 -0.135058568705687 0.0322191549460956
-0.235279142999195 -0.504837122536371 -0.130467999454866 0.207700218847109
-0.379895073386823 -0.408655272576678 -0.146765073433335 0.326606230333088
-0.431868574623744 -0.251092344772594 -0.062958066675583 0.336514720009756
-0.493973644490324 -0.156151680980353 0.0654327097656044 0.411927303836169
-0.489880287152749 -0.0894468737887131 0.120852935950354 0.533285267087361
-0.251184657691675 -0.0763629840044758 0.381334531632055 -0.324852677580679
-0.250805577586427 -0.180907977201604 0.317160931701183 -0.181639024625038
-0.15784901759831 -0.24872767141949 0.287696850469765 -0.0575986528577916
-0.102017374409861 -0.283085377036034 0.274320625966922 -0.132033162975525
-0.00890899219195611 -0.300383252643561 0.238975788271967 -0.213084157682702
0.0891898886093537 -0.315341285424862 0.271961874595767 -0.305987627408898
0.15414678658287 -0.343553019993633 0.26379426666014 -0.358260508950438
0.141028179433004 -0.391876734465101 0.173330360847009 -0.414856968729114
0.0699438465670575 -0.429828155229152 -0.0211123387472096 -0.313823808561072
-0.048167376613348 -0.417238198252879 -0.179441148970199 -0.102530690510484
-0.234121907484033 -0.357668371730584 -0.179145701865852 0.148557076121737
-0.34102576236335 -0.267549932886834 -0.120161652297345 0.311003279666431
-0.360153866475276 -0.142400696967031 0.033654447645115 0.336453490960577
-0.402070756176252 -0.0720338376579362 0.201487718543897 0.405778075874987
-0.395370612705977 -0.0362316309571549 0.297465880040916 0.524667646991473
-0.108055856093727 -0.04822220288373 0.469608403741239 -0.255120609773684
-0.119523743245327 -0.103805857071978 0.35015474580475 -0.110379650648052
-0.0568595382986631 -0.140801421654671 0.270964655452066 0.014149352446292
-0.0306958362626411 -0.144333147518131 0.229482691821953 -0.0886311177840309
0.00970894189454311 -0.142039914767682 0.207020332179164 -0.178096468831919
0.0479569858190171 -0.155836019359751 0.282111055029131 -0.300619406945723
0.0859646612915566 -0.173743712239608 0.313545775819773 -0.426790550597507
0.0665878353348083 -0.209042384605685 0.213705717279555 -0.53164152538446
0.018955981591238 -0.232692071710556 -0.0328873553952206 -0.441893718109052
-0.0460212370148371 -0.224027617229161 -0.231429262094519 -0.191021840613622
-0.148978833981678 -0.177333731094072 -0.230564123551276 0.11009983368808
-0.211424463529651 -0.130083377209575 -0.111015267386597 0.278805757149086
-0.205684753136315 -0.0628284996954011 0.0931898668085938 0.311042258874689
-0.232206897634724 -0.0191418184606441 0.28603445707102 0.373864480514878
-0.226980781519279 -0.00513305510723307 0.411573715096543 0.489674459214379
-0.017098106277765 -0.0281059360479774 -0.434622836198975 -0.375926296162139
-0.0283024387569616 -0.00568455139033346 -0.366807520572154 -0.278028309729201
0.00973846691826303 -0.0133590381394112 -0.156788641866027 -0.238049233528904
0.00977806683785107 -0.00908215759491679 0.0674806370925558 -0.21270209989907
0.0388375889237925 -0.0197243822338127 0.227644451220334 -0.111211458004324
0.041157732536623 -0.013542678408148 0.20732664941499 0.162515447169747
0.0157621844507963 -0.00921548790267211 0.0220162317977945 0.450195938076386
0.0132246572270292 -0.00272318636687655 -0.218439217964452 0.531771546229395
0.00403830811120836 -0.00281058138052687 -0.294285457546868 0.467197642734466
0.00166398876020789 -0.00251306768555337 -0.239016748386058 0.323274996769501
0.0134867336970566 0.00486383160595835 -0.1658078403901 0.20088036860573
0.0172147861783883 0.0116731785296301 -0.150426229816733 0.0901231119716683
0.0137830195479966 0.00628492628157964 -0.219833253414418 -0.0101135312668823
0.00130248678697964 0.00110270780750331 -0.29633419648903 0.046363568596566
0.0149851748359773 -0.0282441238276618 -0.486691235119934 0.237782171053189
-0.195703960994305 -0.000714156914689634 -0.415583156132285 -0.403946749345403
-0.223035307973753 0.00269462072142504 -0.341740678397565 -0.292219278030066
-0.190459069914065 -0.0348387686966897 -0.143180924793146 -0.253796195642072
-0.187591117716707 -0.0881853892925483 0.0904957725946691 -0.232630485698914
-0.114574363388199 -0.177372529878463 0.248577835172503 -0.136706306098515
-0.0224445131903309 -0.222496792877802 0.226392212869758 0.124089636970359
0.0384026822261623 -0.248256594255624 0.0432322829291653 0.416836965115732
0.0930572610904253 -0.218451750031925 -0.187516504696954 0.49220052977392
0.10164461826983 -0.181681380150169 -0.272611262309496 0.453617054716893
0.0809801544857554 -0.142653060473959 -0.231542714310966 0.334930352126431
0.0436590725285883 -0.127648833900528 -0.156873703131536 0.228764320781492
0.0199893815187179 -0.12770280131219 -0.16557971832893 0.118121837395943
-0.0310480049698945 -0.121707944392649 -0.238764605315969 0.0234565368778421
-0.1111692835274 -0.122354702874525 -0.295919611496372 0.0882199268248603
-0.148071531551157 -0.100816975784062 -0.462967002906443 0.278842926254483
-0.337002985775833 0.00998213761908953 -0.318988007966518 -0.438755551564041
-0.383455770128697 -0.0155941582878277 -0.250504182566401 -0.326003883476693
-0.356580642068382 -0.0826834389824188 -0.0841692257207651 -0.281305729622082
-0.351863939214838 -0.18691407121814 0.128255131803485 -0.265879631907825
-0.234747993147891 -0.333241210059662 0.254631870272107 -0.180630666020947
-0.0628525875577025 -0.404964050054838 0.22611643164458 0.0391110435797303
0.0661472702758081 -0.442433126530867 0.0627572885424829 0.304428477271411
0.158560226851874 -0.40105273585974 -0.131245915088111 0.370545754321244
0.175391802842316 -0.352060869461147 -0.214311572917652 0.390744824040388
0.134133570625061 -0.305264181335172 -0.197679352241082 0.336522009341525
0.0375484236644728 -0.295559819568325 -0.139204427852793 0.271732019926882
-0.0269226468320469 -0.294816612508674 -0.189691997315341 0.175973816042104
-0.120919418825401 -0.252669725739512 -0.257592802391184 0.0970498124703222
-0.244619330363154 -0.223186192513647 -0.276455148530524 0.173476568619112
-0.30303442807116 -0.152525624618697 -0.385065715120674 0.353199972171192
-0.419622363865751 -0.00441876820003027 -0.15802612984139 -0.462185966990872
-0.475031688990824 -0.0721253836246374 -0.103427654614271 -0.35380912228043
-0.447440418028621 -0.16788499033612 0.0202786624162309 -0.296008644425336
-0.431412655795753 -0.302983365473289 0.183707280537273 -0.289099166598733
-0.275508791673506 -0.45947023798597 0.25338546302408 -0.228996867385651
-0.0544493946390972 -0.527621839428437 0.217857323155279 -0.0788718054673603
0.104017354714603 -0.555046640919537 0.0847986219487451 0.130711706112116
0.196367753836361 -0.523264343270395 -0.0556461069444226 0.188587769391631
0.200879674979628 -0.494412665140771 -0.137408373655415 0.266487100500241
0.128144377667499 -0.468434295348734 -0.150296438458931 0.292555986725787
-0.037976810067119 -0.464031593864123 -0.113483284324309 0.293380905335063
-0.153652654694266 -0.439730083329533 -0.195765126311457 0.249794991278541
-0.262964843897925 -0.339850054290672 -0.238315559818631 0.199562834522163
-0.384986524093006 -0.264367222792115 -0.207887795342394 0.28080982388967
-0.430402743049197 -0.16298203567936 -0.249120825156753 0.438181218749539
-0.427031773683702 -0.0362641401139229 0.034658874041337 -0.451715923697704
-0.476582612509372 -0.142762682768014 0.070035479138388 -0.341944778947035
-0.4283147814075 -0.259125854782515 0.150062466142 -0.261736201755027
-0.388560209149439 -0.386616289876421 0.247415132582948 -0.274717863609775
-0.217115167120288 -0.510640621146326 0.253289261470984 -0.260734309189189
0.00243178408451825 -0.551087283480076 0.221091499864282 -0.197545303912586
0.143117004175894 -0.567239600310003 0.126217736554649 -0.0643335372558941
0.203101432522845 -0.563081014980165 0.0249852062316704 -0.026769955773099
0.175897627791586 -0.570623785217947 -0.0713426751275707 0.083155660734008
0.064486091230338 -0.564067601764271 -0.121152965854139 0.182656969411091
-0.159003706307249 -0.547446958003659 -0.101781174027057 0.267208831005274
-0.307982916988896 -0.481848877190309 -0.174157894186843 0.310189645097082
-0.393897801578879 -0.331437078170332 -0.16256875860401 0.292933524469725
-0.486300302421851 -0.229468461143518 -0.080840693754919 0.370780557244363
-0.502274933832684 -0.131996678506844 -0.0666472543977074 0.503087148974414
-0.367030167297237 -0.0654424364571109 0.222264714197262 -0.406618228689322
-0.38955236244149 -0.189665037827538 0.220596898728737 -0.278133808786402
-0.309039956728529 -0.294813276830314 0.252453840135587 -0.171279807792175
-0.249968950522328 -0.38281842473336 0.284617877523646 -0.21326034034624
-0.104251457996822 -0.447313838898595 0.251846552424089 -0.25514297744277
0.0638808102306352 -0.468296128415471 0.240938291934329 -0.281141062594876
0.16386170491731 -0.488600164558179 0.188761590091109 -0.238978236188288
0.183149099945971 -0.51822011244743 0.102172579460013 -0.239858490157126
0.121185656219785 -0.550658164428362 -0.0339260507038484 -0.125374505885238
-0.012381389338237 -0.544162182456433 -0.134835948191481 0.0351253484327529
-0.244945098247232 -0.498424649815665 -0.126055559935189 0.208649000384887
-0.387941923383591 -0.402590534131372 -0.140495189582483 0.330776910335641
-0.436912507062862 -0.242079676684068 -0.0560611872628294 0.339094713683863
-0.497243217093417 -0.145981164537705 0.0748910093872188 0.410144091797387
-0.494557034487096 -0.0781414939949208 0.13441345258533 0.529338246202507
-0.253107185923162 -0.0713882517287139 0.373075248517781 -0.333041121439858
-0.254518695589634 -0.175227715742866 0.313104898025893 -0.188699345710668
-0.164352729126181 -0.245436319042273 0.288063460227856 -0.0651754434856235
-0.106933274553124 -0.281570448216748 0.27151303446023 -0.138801173938639
-0.0144457443326121 -0.300115165805262 0.235107200447691 -0.218750729188568
0.0823782312727367 -0.316805767357155 0.266061205747618 -0.311611051643676
0.146909840596265 -0.347611377679117 0.256263789043875 -0.363776026628686
0.134693748173149 -0.394930936984089 0.165086740034507 -0.418975659970814
0.0613748707009385 -0.430832167315761 -0.0278688961366808 -0.312933762038853
-0.0565175671477365 -0.416492691822893 -0.182086860596205 -0.098518371690503
-0.241640062302832 -0.3526863223337 -0.176439646989266 0.151303622614862
-0.347550277609957 -0.261327466507441 -0.114318167173178 0.314386124632853
-0.364032546002853 -0.134527250903634 0.0405013786425941 0.336710283647539
-0.404099719166387 -0.0633135676468509 0.2112993331791 0.401194552588658
-0.396470389808806 -0.0274639808640205 0.310896942168749 0.517126388692277
-0.109940845092553 -0.0466849858004394 0.462916478802668 -0.265894254955052
-0.121618140109443 -0.101251422032605 0.347792741767897 -0.118805065472055
-0.0600549947804829 -0.139351213792094 0.272377017852813 0.00665886255285994
-0.0335027916163486 -0.14374786179455 0.227356865158964 -0.0942725472913111
0.00701724772387683 -0.141990079374692 0.203066335504378 -0.182581352939585
0.0445828261651785 -0.156418253057818 0.27576126230476 -0.307239223593762
0.0822449876822576 -0.175457017131641 0.30332540988661 -0.433784528011684
0.0617651745901042 -0.210388090392955 0.203424173895223 -0.536286270348878
0.0147042746992208 -0.232735314431843 -0.0416247695337776 -0.442288058662714
-0.0509546009632658 -0.22384212932361 -0.235539733524747 -0.18570647667288
-0.152281756267119 -0.173939045348861 -0.229254713096617 0.114340066846248
-0.21506707888721 -0.125642438559412 -0.104554085931528 0.282103528866544
-0.207695348177563 -0.0587345882883854 0.100068418099421 0.309713054846973
-0.233300377863258 -0.0137616499166837 0.295992593784481 0.367683197838487
-0.226841128125546 0.000409793753129547 0.421948834833772 0.47994932746689
-0.0179375308960205 -0.027722700766598 -0.443546032417765 -0.366480500857913
-0.0276371013366165 -0.00513612497800163 -0.373642229935682 -0.268323947924217
0.00932238247455404 -0.0139161027712711 -0.161232171337321 -0.234257233567031
0.0102178341383315 -0.00906748020262055 0.0629144764838012 -0.212970899834373
0.0381982673819205 -0.021023857452628 0.225271582790482 -0.115920197388451
0.0405508991495073 -0.0146806670285786 0.209480172103611 0.157101813218735
0.0164770786996227 -0.00926253006090638 0.030289103221399 0.447258988496645
0.0132285422136543 -0.00274282122410845 -0.20756787071323 0.534910607060872
0.00429507356873819 -0.00241124988332752 -0.286006968434581 0.470855396912199
0.00170606035050941 -0.00236444842892382 -0.233300045388642 0.328443746543054
0.0137405679908709 0.00437944295467 -0.161888442666718 0.203176441858523
0.0171631874477207 0.0111551010205556 -0.147782065343576 0.0934172970599568
0.0142108157758453 0.00634763880535222 -0.220018058170004 -0.00522186381328314
0.00201384687179584 0.00133975947332263 -0.294794130338347 0.0530155785458163
0.0142861985394036 -0.0288195740081245 -0.47956161359866 0.247373532236832
-0.194698147251633 0.00316630910345196 -0.424772889251851 -0.393015914400418
-0.222467109793838 0.0079481907864534 -0.347779686704289 -0.282403945281408
-0.190696845907824 -0.0309196702796526 -0.14795880181948 -0.250542539683044
-0.188574368459058 -0.0842314004797847 0.0844662967147825 -0.234790598444148
-0.118110569769554 -0.174655195401873 0.245093907632552 -0.142744899570735
-0.0269340726139618 -0.222245342994701 0.228536486300753 0.118467611589041
0.0332269592544126 -0.248357031396568 0.0515578024343726 0.415042504118778
0.0883618783782171 -0.219125715910083 -0.179328423851674 0.493467464324335
0.0980877137934525 -0.182794865348287 -0.264740218895092 0.458259928818202
0.0778804747463987 -0.143901842360518 -0.224611429067803 0.338432242214423
0.0412282896332586 -0.128206847718928 -0.152175663528492 0.231133779155826
0.0174000527720873 -0.128712241883017 -0.162438192448126 0.122601349427506
-0.0337086566175215 -0.120769337146117 -0.237129741947925 0.0294340711298482
-0.11347885602029 -0.119156181864268 -0.292565064429293 0.0938828434900986
-0.1495374238236 -0.0975026921788199 -0.455581650330014 0.287774421706245
-0.336869190977719 0.0162096870066371 -0.329118445214694 -0.43007695164228
-0.38317078722032 -0.00718458509223927 -0.257960484484872 -0.319612621440686
-0.357810204473508 -0.0746989456385813 -0.0900034428414372 -0.279542686714684
-0.354603011939585 -0.179864294733616 0.121218827478727 -0.268986484382991
-0.240188960246405 -0.32673423238163 0.250884107557135 -0.185751191299285
-0.0713265461738492 -0.402962700269106 0.225830005535981 0.0333871587726952
0.0570586763559503 -0.44299260812592 0.0685224424449684 0.30222700410891
0.150417277738097 -0.40212454764564 -0.12412215214104 0.372292279211138
0.168985808898415 -0.35436230282584 -0.207398320719656 0.394732506866881
0.128038511692867 -0.306807980256398 -0.191486527940751 0.340063835519283
0.0312032042737904 -0.294722590974237 -0.132886410308185 0.273038132160081
-0.0331537837969816 -0.294302818248038 -0.185181668848015 0.179490574159174
-0.125617094751932 -0.249327771881668 -0.254348108226534 0.103083841500744
-0.249013716094632 -0.217110178494339 -0.27156100213704 0.178675641966777
-0.30579153435013 -0.146233961099522 -0.37615681246599 0.359923306730085
-0.418863749404803 0.00400075972931184 -0.169235205628569 -0.456859855796787
-0.476756426443742 -0.0620133121138205 -0.110989397170779 -0.349905368046248
-0.449677577299169 -0.15821387538526 0.0143396355912565 -0.296012590097139
-0.435804584348891 -0.29337448361969 0.177327922710792 -0.293291719340479
-0.283734078128826 -0.453051484313495 0.248212658046591 -0.234950521301328
-0.0649122562059452 -0.525110271985658 0.215100213680946 -0.0841436099361285
0.0930671631710522 -0.556318413775351 0.0872700695537468 0.128641574558019
0.184465636486582 -0.524044735998322 -0.0522544275125264 0.189009522399759
0.190336721487775 -0.497887720079143 -0.132684861796393 0.268913946116455
0.118736980143163 -0.4697759791452 -0.144069644320697 0.294910051449852
-0.0478473923167953 -0.461029618618484 -0.106283634852989 0.293555821923544
-0.162513984977981 -0.43667369203607 -0.190231109010757 0.253859748714416
-0.269366942692418 -0.332673444383633 -0.232452772972834 0.204882029782111
-0.391380659799816 -0.255568618106512 -0.201305775501265 0.283912552066481
-0.4333674090739 -0.153795708430875 -0.238199389067623 0.442085639567157
-0.427284038619107 -0.0277280015511275 0.0234654290495913 -0.451082854851228
-0.479394140248159 -0.133652416626237 0.0626963194033487 -0.342083908032377
-0.4318411756191 -0.249296810571609 0.145136029184523 -0.264949169372228
-0.395599871256954 -0.377538658642117 0.240874651138958 -0.280561226297382
-0.225700931541716 -0.504821765504172 0.248069238311871 -0.266267018474974
-0.0114708020497832 -0.550451778153552 0.215895040003301 -0.202974744526558
0.131098573345674 -0.569658797369324 0.125103928042011 -0.0670009211193664
0.192674008925282 -0.565885932806418 0.0243618439706965 -0.0271705310718477
0.164766257079106 -0.572826214234283 -0.0700525254892229 0.0848931175095848
0.0534078866065424 -0.564275159985945 -0.117430080731604 0.184674934811975
-0.169542505042942 -0.542048603978409 -0.0960082408100461 0.267228509391864
-0.316874120220936 -0.47473374241391 -0.167396248019561 0.313901793464484
-0.401095879286774 -0.321130054798929 -0.155407489793143 0.295337691314544
-0.491321460329655 -0.218845993319166 -0.072417953185524 0.37079880284131
-0.504217785120811 -0.119685322601632 -0.0542410823886403 0.502365792997652
-0.367860036056544 -0.0590208379281955 0.213142666921594 -0.409520016559956
-0.39253812963424 -0.183418155613734 0.2142545716006 -0.282315358486217
-0.31539020443798 -0.287776622679952 0.249079486961211 -0.177408617094252
-0.256244604609238 -0.376381391709175 0.279360626927101 -0.219608226616801
-0.111976656148479 -0.444293446685242 0.246216874986243 -0.260847693627583
0.0535135119987192 -0.468973135050183 0.234501804365651 -0.286166064644684
0.155005817406366 -0.49125786781364 0.183743822657076 -0.242122210253518
0.171514902086354 -0.520399889204371 0.0965541680099601 -0.241314491240021
0.108840735397488 -0.553107201953672 -0.0367515767297356 -0.123358709650523
-0.0233126634144161 -0.54453618137414 -0.133862062097466 0.0383767500646593
-0.253762009931667 -0.491715938586225 -0.122045989859965 0.209048798256192
-0.396659542973232 -0.395361936113552 -0.133482538658946 0.333844780595942
-0.440803810139687 -0.231896794950484 -0.0474404914543931 0.33944988602875
-0.499773889389314 -0.135499560600851 0.0832925573767985 0.407152139806971
-0.494175783872665 -0.0672296511932764 0.147556305329234 0.525735226447312
-0.254939588252002 -0.0674963310731679 0.363285753406132 -0.340393126272294
-0.258263893361742 -0.169550294167591 0.308180534535419 -0.195476344372178
-0.169595132451683 -0.240891197386474 0.286533592954117 -0.0722318007232788
-0.113054967192988 -0.277804772061382 0.267274752708001 -0.145945909266115
-0.0197712867501683 -0.298438031093738 0.230217972653974 -0.223999364950166
0.0758232343550731 -0.317473852664391 0.259259609351542 -0.317588819757076
0.139384878600069 -0.34958586787597 0.2479427675604 -0.368860564412263
0.125631132435565 -0.396454670652621 0.157590903919268 -0.421312658024296
0.0526105049770589 -0.43220657325497 -0.0330994406628021 -0.311178243952359
-0.0647820507459613 -0.415555499662931 -0.183905663538368 -0.0948310965009184
-0.24775382883297 -0.346759675338391 -0.173565535413408 0.152717723664187
-0.352345672098468 -0.254057710431375 -0.107316919709717 0.316751378885983
-0.366545066491694 -0.126868116545686 0.048769044992547 0.335892021607619
-0.405942630667732 -0.0550793002222637 0.220386663304706 0.395965921359518
-0.395632647764718 -0.0189251981150782 0.322610134972125 0.507720744434381
-0.111210584746607 -0.0450629474279879 0.454969797716271 -0.27439240535234
-0.123632703330757 -0.0981019768058892 0.343808927340829 -0.125146265415684
-0.0637972559632144 -0.138084791454269 0.272169931653912 -0.000107277836428733
-0.0361801328091448 -0.14268192863396 0.223771568291272 -0.100001217095602
0.00440587563624965 -0.141361137314455 0.199080815238013 -0.187003728760377
0.0408059099771812 -0.156235931938583 0.26969061305945 -0.312764796018472
0.0784860355310556 -0.177065493186848 0.295890452064208 -0.43967636058088
0.057870694199921 -0.211153584387392 0.192240383916521 -0.539215173673776
0.00974515368005885 -0.232907947970835 -0.0490298073934569 -0.438169943348476
-0.0549439820722602 -0.222150145205926 -0.23883797920746 -0.180001127671369
-0.155088105747306 -0.17019465673729 -0.227219803911322 0.118309831934512
-0.21720602003378 -0.12077946818892 -0.0989456489046499 0.28375107789034
-0.208783132814877 -0.054234485677273 0.10712605047041 0.307223704565913
-0.233906968852476 -0.00873739143762695 0.304739427856585 0.360268839206868
-0.226304380834043 0.0057754526848927 0.434274873335788 0.469084813504643
-0.0178415542467093 -0.0274126536381933 -0.449888511948919 -0.354761088123793
-0.0276330885717098 -0.00479027604168381 -0.377237369244755 -0.258685952475462
0.00893633240742239 -0.0145658580949673 -0.166227091663811 -0.23020755404256
0.010437050149676 -0.00941311979821964 0.0583706396214362 -0.213924355866392
0.0374914672428798 -0.0225486660130542 0.222054190152122 -0.120465465334242
0.03961810504968 -0.0155142107701789 0.211764248689547 0.151409071426088
0.0160729347777956 -0.00952630526444319 0.038284254394159 0.444218031060268
0.0129818853504953 -0.00247597007153934 -0.196273792894379 0.53608564715125
0.00450523007737276 -0.00244990983337283 -0.277076313185286 0.474164665606048
0.00181991071202651 -0.00185428648227352 -0.22579642051984 0.331172220243814
0.013411979068949 0.00406789765429505 -0.157514449842336 0.205849813498594
0.0171894944214417 0.0103225779044645 -0.145325644674011 0.0963745848720411
0.0140484057192621 0.00554316049554186 -0.218417317834956 -3.45211812838622E-06
0.00218065651696751 0.0011530199773778 -0.291853664303722 0.0581734522634651
0.0133389626782271 -0.0294288507409873 -0.470842850128929 0.255378754521549
-0.194136422042954 0.00641315542257895 -0.43177605856979 -0.381002395481019
-0.221666508913526 0.0119131698089384 -0.3519541017405 -0.273569604055025
-0.190819607387911 -0.0276445090932795 -0.151850634248595 -0.246580523085945
-0.189288954089537 -0.0802853052773648 0.0796744042726316 -0.235779485995095
-0.120641065750046 -0.172085347464231 0.241453322137081 -0.14769134058653
-0.0313808606542533 -0.22045697916361 0.228818478616667 0.113089860860026
0.0290363772274753 -0.248160324926987 0.0590491885527448 0.411570917539753
0.0839246987449587 -0.219885427063145 -0.168617594638955 0.494344259771247
0.0949832530668358 -0.183470349536162 -0.256030310717233 0.460898649320105
0.0752855116649572 -0.144606644733296 -0.218056172506115 0.340846874193631
0.0378389111601182 -0.127558965282716 -0.145943128424073 0.232727586321069
0.0147480728970269 -0.128892792097864 -0.159048549493838 0.12506974686838
-0.0361146264954006 -0.119491192348786 -0.234658629404675 0.0344967094722056
-0.115015492737741 -0.115459931019338 -0.288382678048151 0.0993077221306071
-0.150772114473643 -0.0951293969402894 -0.447530040846226 0.295710525277853
-0.334529222989698 0.0221015435369792 -0.338191366960152 -0.421328407528445
-0.382297696360705 0.000836660794703174 -0.263269214151942 -0.311703846486621
-0.358617585156491 -0.0686755663269107 -0.09502143776522 -0.276551227244776
-0.356080430320994 -0.171241885523254 0.11596074981995 -0.270699071939661
-0.246362914514547 -0.32043114882231 0.245704915840407 -0.191398527220882
-0.0785480278268663 -0.400809871203524 0.224986802466859 0.0279099169788569
0.04889745569345 -0.441815505409364 0.0735072960128289 0.299213235528733
0.142691336462606 -0.401940506743272 -0.117176853541574 0.372983083692537
0.16153176725463 -0.355810695415502 -0.200008022309058 0.396027994275494
0.121481408440514 -0.307568828884899 -0.184761971555538 0.342301118121663
0.0255341334614902 -0.293063685264579 -0.127417295484364 0.273806742749905
-0.0391289927349759 -0.292562614936368 -0.18055172498843 0.182993794569503
-0.130408620580857 -0.24580432686555 -0.25024030246359 0.108192989743058
-0.251564818286552 -0.211146727504638 -0.266251065543919 0.182612388376414
-0.306993036149673 -0.139293034093964 -0.366555314668832 0.365080978746757
-0.416682952977123 0.0104317604521501 -0.179530442837158 -0.449749995883356
-0.477345036859469 -0.0519727889652593 -0.117913879485695 -0.346134626080948
-0.452141725228692 -0.149242231947544 0.00956510974867542 -0.295682652552761
-0.439226164303953 -0.283347010492819 0.170513705325764 -0.2965774007473
-0.291170806057525 -0.444747325369913 0.242524635131236 -0.24015289540251
-0.0751976457563875 -0.52205154265337 0.212217500141553 -0.0895463249551777
0.0822532254505895 -0.555430026745745 0.0890360658040729 0.126243267867313
0.173777417145106 -0.525781678525086 -0.0486827409678256 0.188966826850528
0.181969788071913 -0.497422552629322 -0.127171344641329 0.270265519095348
0.109163648850872 -0.469142870526954 -0.138065727648675 0.296642037966144
-0.0558325008082179 -0.456805171900807 -0.100522184727621 0.293237421258612
-0.170216098752687 -0.432299927388901 -0.184382910056475 0.257054832742883
-0.27415046454588 -0.325215096764547 -0.227250747177091 0.208617624325804
-0.393354389259139 -0.245909974926362 -0.1937648304268 0.286116576990805
-0.433960999328382 -0.144031158098694 -0.227699272894748 0.444384599490257
-0.425986789930391 -0.0202869947917074 0.0131399077604628 -0.44802461979169
-0.47860143887176 -0.123108870286726 0.0545059889426494 -0.341177916719257
-0.434980557772307 -0.240866718935935 0.140075186030356 -0.268120992330706
-0.399422850793699 -0.368070422872707 0.233894187415182 -0.285269266278056
-0.235622304739537 -0.497939181409519 0.241415744859565 -0.271446322904101
-0.02024882537473 -0.548314900513834 0.20987920846227 -0.207423374497786
0.120791628464279 -0.569559853304051 0.123115567226935 -0.0686953157423178
0.179929063741217 -0.564665539657362 0.0236854921191336 -0.0277662157842957
0.153173522409919 -0.572475665601714 -0.0680591010751695 0.0864739136767583
0.0429148631900579 -0.562592040989897 -0.113655090353643 0.185983295543115
-0.180493427987832 -0.534671101721046 -0.0906319796260339 0.266449357854833
-0.325311155660414 -0.4679135980988 -0.160917287492293 0.316398958758329
-0.405076011180381 -0.311614143507589 -0.148145092984535 0.296794658464248
-0.493949685956038 -0.207651526618901 -0.0637597669635134 0.369251516379307
-0.503726413901547 -0.110133004429528 -0.0423029123471091 0.500868579548651
-0.368534916558673 -0.0516991599898468 0.201375151106428 -0.411329333795864
-0.39496503701101 -0.174041266015675 0.207025219326338 -0.285069219323126
-0.320523542812801 -0.280549576843557 0.244656226292762 -0.183514948927917
-0.261714741039381 -0.369181838153605 0.273102363910667 -0.225528120679904
-0.119478535347423 -0.438905369877432 0.23997058697774 -0.264942706079624
0.0434974657486227 -0.466623251377575 0.227686437836356 -0.290609985679932
0.14625971068507 -0.493011222236373 0.178284533557939 -0.244168772553823
0.160782770032848 -0.521474055483248 0.0924485063470978 -0.242220554643271
0.098598092996855 -0.552223185261656 -0.038695892886647 -0.121496728270871
-0.0332746674649876 -0.541502491890216 -0.132499826881206 0.0408989417370845
-0.263108307507046 -0.483534229082357 -0.117896766653278 0.208890493223494
-0.403006013450069 -0.386239101808863 -0.125708905831211 0.335824752519935
-0.443618027291132 -0.222643134574727 -0.0404911582614533 0.339183607771121
-0.501499515364205 -0.125055079575633 0.0925849795897968 0.40339006536075
-0.492563381091475 -0.0567593482756292 0.157434489834705 0.519225299397427
-0.254956050829257 -0.0627225952336845 0.353682063105599 -0.34418728754197
-0.260055423952777 -0.163519044296585 0.301900981929401 -0.20085198849299
-0.174195959892453 -0.237374154245207 0.284292287856824 -0.0791476669963275
-0.116714600629816 -0.274394602436706 0.262790060669996 -0.151120474615717
-0.0255724729238838 -0.296005877402236 0.224583281847911 -0.228625897001632
0.0687285102909697 -0.31708966864599 0.251573632657434 -0.321524632792565
0.1326436893791 -0.350765114392895 0.240971047726594 -0.371543677684114
0.117056580872349 -0.396574098928157 0.14903918160646 -0.421474874670078
0.0441008626453662 -0.431514070313849 -0.0390968818438499 -0.307986305013743
-0.0729352155395652 -0.413001601235122 -0.184628951747017 -0.0906103576205477
-0.25363322938549 -0.339709306369755 -0.170743101920311 0.154423664276526
-0.356255625187953 -0.246590587868654 -0.100759915774371 0.317827037779641
-0.368418668315478 -0.119451546921492 0.0562812366940762 0.333401312105856
-0.404665984951433 -0.0461631860744904 0.228418016334241 0.389168976982721
-0.394143659090279 -0.0103049472105277 0.332745048479636 0.497258713991302
-0.112249436585767 -0.0431804796224845 0.445683313092271 -0.282501166338649
-0.12537485977254 -0.0952496045853871 0.338455051944415 -0.132273551144529
-0.0666210759998983 -0.135199668393002 0.271088552154488 -0.00753921654945554
-0.0385269075047444 -0.141334994204396 0.220029947552966 -0.105128528248595
0.00194647308050355 -0.140431177351634 0.194558785554573 -0.190489938239698
0.0376080009646234 -0.156077297865883 0.262165407607321 -0.315969942988224
0.0741906098764802 -0.178252351105539 0.286897543093581 -0.442485474153814
0.0537476036687722 -0.210762663101026 0.182769104734573 -0.540509071764959
0.00552724436755708 -0.23217851729868 -0.0569368748113206 -0.434363777102391
-0.0594877363863234 -0.220367478366472 -0.241133605535554 -0.174841967207172
-0.157830886554399 -0.166253970581571 -0.224657991144755 0.120922703826411
-0.21827514764266 -0.116231799420433 -0.0928890834398989 0.285135718620567
-0.208879263356008 -0.0503227190869614 0.113837983740279 0.305024976700305
-0.23299269741055 -0.00419368650617867 0.310929107756172 0.351748783810144
-0.224782909801421 0.0104618231131116 0.443790684879226 0.456816807627082
-0.0184747654119832 -0.0272580616603071 -0.454591322568938 -0.342790344194655
-0.0272399056175301 -0.00464604971665927 -0.380066540219733 -0.248805861045255
0.00842565179952953 -0.015031914309859 -0.168933355703262 -0.225674184860705
0.0106745216677422 -0.00900981736493221 0.0532377801782022 -0.214360735668868
0.0369706667228082 -0.0234244948182959 0.218003865135358 -0.125032936664749
0.0388839136718207 -0.0166523681761898 0.212726430997442 0.145877836376495
0.0159587805577336 -0.00969592377855587 0.0449545439327811 0.440331169444368
0.0128112696580401 -0.00269984102884322 -0.187407261253586 0.536747360593477
0.00533051053960279 -0.00205741677612189 -0.267864767252211 0.476592816334121
0.00159397171133329 -0.00169316107690243 -0.21957469966602 0.33256503884717
0.0137830209630745 0.00371838151725178 -0.1522106042085 0.206757755906639
0.0172323529771015 0.00956175479889691 -0.142318112248968 0.0988274992288655
0.0140756734452552 0.00492403026907611 -0.216938481584633 0.005333289528981
0.00268415195075869 0.0015549588493151 -0.288093591316601 0.0631699295164196
0.0125465581264858 -0.0296182116338743 -0.461981206471445 0.261826334294008
-0.191991839691549 0.00934431558950449 -0.437286434440204 -0.36932105664976
-0.220403898943488 0.0154249223523073 -0.355629250570305 -0.26456888825425
-0.189866566749474 -0.0242975002587527 -0.155771421829197 -0.242218693637934
-0.188497093057 -0.0760033396824341 0.0748784540125538 -0.236014710366769
-0.123368508820472 -0.169086132254309 0.237435812077218 -0.1515605922283
-0.0348125800523488 -0.218775228262947 0.229585949371601 0.107005286468881
0.0245048195855763 -0.246533931429093 0.0655802180498371 0.407759729097751
0.0787907124011984 -0.219810350620639 -0.160665696170787 0.492451471489654
0.0921191808749245 -0.184203547196012 -0.248177080666317 0.461062320015401
0.0721158192470062 -0.144296797095689 -0.211279526834783 0.342691752907451
0.0357247003440817 -0.127292784446156 -0.141817235812182 0.232419803141082
0.0122449623976014 -0.128468224761694 -0.15572522435972 0.127843693717209
-0.0379370917330394 -0.118488824796388 -0.232012404437958 0.0394225859848686
-0.116053020993447 -0.112546121607729 -0.284371731195942 0.103945418678819
-0.150817649044754 -0.0915715200643963 -0.437874330943639 0.300547400525104
-0.332384745950032 0.0276119274237329 -0.344188581368509 -0.411083385918313
-0.379479485378368 0.0079322439030288 -0.267243417513308 -0.304458302341453
-0.357862622200957 -0.0622123609899535 -0.0992895252472055 -0.273445415878602
-0.356511236047297 -0.164226993392876 0.109729130030392 -0.27195258365713
-0.251179878423147 -0.314124810584377 0.240089555124245 -0.196083333944887
-0.0855052071459443 -0.397308320785828 0.223257497100241 0.0226629451749451
0.0426720235459489 -0.441519866507351 0.0774785748129816 0.295679388541447
0.133296875424953 -0.40282929734783 -0.109776624061806 0.371777587471876
0.155220810599958 -0.355831160108277 -0.192173186953277 0.397089951461638
0.115525074125476 -0.307436631457511 -0.177667577919712 0.342924323787374
0.0204156191541689 -0.290659077566489 -0.12167522255805 0.272919204466683
-0.0432289768836037 -0.290232478176721 -0.176528905190784 0.185420241582401
-0.13398738774227 -0.241092123547107 -0.246169716615943 0.112323659817293
-0.252900797850751 -0.204691640846603 -0.260686519936102 0.18564098255572
-0.306870038035013 -0.13265649214929 -0.356661988125061 0.368247581889166
-0.414110171427421 0.017450694954806 -0.187977571257038 -0.44154175847716
-0.474408702512509 -0.0427395328625598 -0.123855361629734 -0.341661831960775
-0.452303341826635 -0.14113835890971 0.0046940725112269 -0.294690860757439
-0.441224836669393 -0.272941360816638 0.163399811513093 -0.299462830831048
-0.297165618457196 -0.43620835045664 0.236253393844533 -0.244204220904689
-0.0835068766446395 -0.518301242854213 0.208404711619579 -0.0927012275177258
0.0740821331967494 -0.553955668327599 0.0904467141553191 0.123921055597527
0.163613907647738 -0.523278191703201 -0.0454234660254315 0.187616003190129
0.172881366803693 -0.497543372306846 -0.123072317931371 0.271134525882751
0.100196598375342 -0.467602078730631 -0.132245505951007 0.29697700460804
-0.0638325596783193 -0.452828149525495 -0.0949159500341373 0.291033652378442
-0.176241022559851 -0.427341237610164 -0.178368293800818 0.2596254181473
-0.278613543670818 -0.318496134550521 -0.220726574267923 0.211729539094849
-0.394447738751259 -0.236920437265327 -0.187284068831622 0.286565818785955
-0.432697824828346 -0.134672520994552 -0.216252264282869 0.444226976908842
-0.423454358831503 -0.0144695689529075 0.00406922930269848 -0.444126176614485
-0.478357892281169 -0.11332937486103 0.047964636017796 -0.340087240106676
-0.438502195143656 -0.230821311056801 0.134293177471499 -0.269003884565293
-0.402677647884363 -0.358280344938574 0.22751070568007 -0.288496680180844
-0.241640912521487 -0.490447776591363 0.234960610545184 -0.275038065622829
-0.0295540176485722 -0.544223962259199 0.204247084473097 -0.210691045173374
0.110477615177451 -0.567666421829535 0.121042566307076 -0.0707243320616425
0.168798132828221 -0.564686126731912 0.0230016606108094 -0.0280541305678826
0.14320150260087 -0.571400786414553 -0.0664896411031612 0.0872889076879378
0.0328070083245621 -0.560850728613977 -0.109600244701451 0.186940865983797
-0.187552122561035 -0.528067629689419 -0.0860369245070187 0.264394984310939
-0.332408716048787 -0.459814658441489 -0.153959261152075 0.31822247163515
-0.40775781679812 -0.303070410310579 -0.141207254737471 0.298893434617198
-0.494413214232677 -0.197531504782693 -0.0564593934380876 0.368098229315842
-0.502960695120218 -0.100531639995553 -0.0319604233970193 0.497185742246659
-0.367281644422862 -0.0459656623002948 0.191111301950971 -0.410764871723441
-0.395203892563197 -0.164566067642321 0.200169868061905 -0.286479976213025
-0.323124997283082 -0.272849456691182 0.240319334065811 -0.187499949835165
-0.265391820184866 -0.362504357535552 0.266737661911825 -0.230109838624121
-0.126249014203422 -0.434503088881821 0.233556518269929 -0.269433903154112
0.0350086123956626 -0.46458280156473 0.220974985945483 -0.293460824080842
0.134520316949749 -0.493080618831279 0.172744579927311 -0.244772069070214
0.150744395041537 -0.520995417645289 0.0873112313912904 -0.242284348905769
0.0890772198710474 -0.550716888152739 -0.0407412645174054 -0.119422915429989
-0.0427939053383109 -0.537896608768745 -0.130704412017244 0.0431462099581209
-0.268853721504672 -0.47540123095493 -0.114347106128754 0.207972213870438
-0.406618932687443 -0.377227581783282 -0.119435609435268 0.336301024992642
-0.444987324169692 -0.212646580683673 -0.0322790021746285 0.337360949715338
-0.501414663704372 -0.115917289027725 0.0995856916431395 0.398886870130742
-0.489652046533029 -0.0470434250067713 0.166713426564648 0.510693352640115
-0.255115016519478 -0.0582928704168629 0.344184789080396 -0.350487872008351
-0.261882766595108 -0.157479360850452 0.294863980568947 -0.204793298079249
-0.177678036232382 -0.231953914761661 0.281336361019722 -0.0853550299957114
-0.120336590934044 -0.270010751971307 0.256818655239874 -0.156541100265599
-0.0295717881014658 -0.292494869975036 0.219379563731244 -0.231628436433164
0.0626181666986353 -0.315348400216945 0.243811391976373 -0.324893372088447
0.126025946701352 -0.350774755883349 0.233120073768546 -0.372363954464861
0.109691156057843 -0.395958372696994 0.140043952828773 -0.421576251658178
0.0373083145700223 -0.428515198195843 -0.0433050149281381 -0.304493278864006
-0.0795556070325559 -0.408926232646098 -0.184941139707242 -0.0861570314978549
-0.256681215442087 -0.333301111190853 -0.167755525359864 0.155317728217062
-0.358536392557801 -0.239123491329489 -0.0942037252970731 0.318269812803604
-0.36731699567406 -0.111652369874265 0.0617045602466055 0.330411253643927
-0.403848288729584 -0.0388518553042314 0.234461439198135 0.382214733299463
-0.391110847546086 -0.00272981021846829 0.34127824897513 0.487624358789204
-0.112628009342262 -0.0414754127050842 0.436109817518263 -0.28796241728733
-0.12592237214915 -0.0914684740951936 0.332472905440194 -0.137809111917472
-0.0696468385843673 -0.133161382950261 0.268897752258136 -0.0138447226389547
-0.040322839102754 -0.139754316908182 0.215784211114167 -0.109200965284571
-5.90358174887892E-05 -0.139047803376517 0.189356047963091 -0.19282042411506
0.0341202286241377 -0.154489593904686 0.255615708227736 -0.319446088042978
0.0711544356899737 -0.178094010053961 0.277037101897086 -0.444751361800461
0.0499827697168735 -0.210227945805921 0.173108310619688 -0.539797010622324
0.00165985252413511 -0.230737995798267 -0.0636208777606445 -0.429900368227276
-0.0633220594625065 -0.217740806614931 -0.242977109384047 -0.168888826655755
-0.159082117582132 -0.16250616901243 -0.221665196007933 0.123924919527688
-0.219552967156259 -0.111451625931802 -0.087003626689625 0.285727171766054
-0.208781284730855 -0.0458213397125911 0.118757291646976 0.301410898300773
-0.231900210478527 0.0003580109673092 0.316772487447991 0.344070964338598
-0.222349858165663 0.0147205346058603 0.449475148260662 0.444179306644428
-0.0187151012669148 -0.0266693736023333 -0.458420058746709 -0.331095123898584
-0.0270880536913891 -0.00438043951904069 -0.381835219040896 -0.240141054715139
0.00835714663670949 -0.0156965823237204 -0.170772462301813 -0.22157363152815
0.010996650682024 -0.00950014038174193 0.0496571171803513 -0.2132336476269
0.0360891112650468 -0.0241837849347128 0.213578007732471 -0.127198400769346
0.0380200104471364 -0.0169892241924089 0.212482901151588 0.140303218401516
0.0165413538508778 -0.00959526222455408 0.0513485329498864 0.435052081239659
0.0123679408868441 -0.00237516108749891 -0.178434113877691 0.534485418014977
0.00557478481542147 -0.00217064242819751 -0.259526149113486 0.475772719997521
0.00122325632631336 -0.00135672431814977 -0.213005100830672 0.332744166027172
0.0137219832667097 0.00359597611467434 -0.148451613776229 0.207320259809467
0.0165792257292753 0.00884500554427772 -0.138969772017316 0.100361096881783
0.0139264904991445 0.00428081976525121 -0.214807639434862 0.00959160351233305
0.00254301644922698 0.00189379480842901 -0.283443849070317 0.0673554773068072
0.0118654033286787 -0.0297063688135821 -0.452088694626653 0.26753747604283
-0.190405655253992 0.0118237210065715 -0.440333501873806 -0.357632637076655
-0.218290823826502 0.0191584022441281 -0.356911010404396 -0.255356798985629
-0.189096701134961 -0.0215570274879136 -0.158031365837047 -0.2386881626714
-0.187816195423176 -0.072329782870928 0.069682673517542 -0.23565030064829
-0.124132366384299 -0.166103360264093 0.232021326058432 -0.155187793728273
-0.0386374282707539 -0.216858134872974 0.228264862949099 0.101680156837946
0.0207592237563984 -0.244974620189358 0.0709826934768204 0.402564145613274
0.0745865489344835 -0.218275129411706 -0.151978029176552 0.491283021448206
0.0889505400456901 -0.183600358590455 -0.240921339026783 0.460324800203614
0.0696959540850312 -0.143687814843176 -0.204286681192861 0.342884213077195
0.0336380969376403 -0.126150207583889 -0.136385054966553 0.232695190264325
0.00991068333106743 -0.127916376527361 -0.151770215053486 0.129256270388838
-0.0395766836612936 -0.116484421682241 -0.22868071119484 0.0430936549049603
-0.116949158726315 -0.109457237196169 -0.279527831557444 0.107137477993031
-0.151367268288444 -0.0882865874109803 -0.426700951038112 0.30490071248549
-0.329113220106897 0.0313776746512082 -0.349284112521952 -0.399969905078305
-0.376462449248019 0.0135262066900865 -0.271043000761399 -0.296119827368522
-0.355833423572515 -0.0565734717587549 -0.102427394723494 -0.26955410196643
-0.355026395090403 -0.156980845536398 0.103819480193421 -0.271690220957468
-0.252455508704366 -0.307828873693685 0.23531911617944 -0.198607322262816
-0.0911982319652709 -0.392222983820715 0.221004549003314 0.0186318026380375
0.0345007423153706 -0.437057753800802 0.0818015491822063 0.291334463717249
0.126305887121983 -0.400616413171478 -0.10456787379136 0.369621609054565
0.148628365439523 -0.355167091466084 -0.185642833123678 0.396144522799042
0.109539823129949 -0.305798063797528 -0.171628049542713 0.342828534533445
0.0159625045199216 -0.288134386684347 -0.116739801161753 0.271523985677383
-0.0485743897557737 -0.287161861223776 -0.171557929044874 0.187198401560383
-0.136827497350056 -0.23697336049714 -0.241355634562081 0.1163105548036
-0.254025080008881 -0.198005744888861 -0.254748364804651 0.18717718125684
-0.306552147078658 -0.126770791531827 -0.345942646387637 0.37126574955172
-0.411616834541268 0.0224206386120752 -0.194269004122173 -0.433666644424257
-0.471996743454935 -0.0341749635413429 -0.128152589070504 -0.335443305558751
-0.451830632564347 -0.132794208991402 0.000729877688437606 -0.292697688931307
-0.440625187976731 -0.263070060369204 0.156835459034103 -0.299903911247717
-0.30104122719785 -0.429135883182109 0.230450820157138 -0.246858047086653
-0.0904707507559453 -0.511897194410683 0.20427862116232 -0.0965213052621107
0.0652998118157164 -0.549943811293259 0.0917158186367446 0.121538462131488
0.154003937853835 -0.521370724772585 -0.0425030648835739 0.186270235338855
0.163469324614903 -0.496134944543293 -0.118842152427601 0.270415664569832
0.0933704214024553 -0.465305103435388 -0.127093588172252 0.296568363407965
-0.0692888876340003 -0.446713882449774 -0.0896251256724751 0.289460840731117
-0.181868392871922 -0.421651898994041 -0.172686473278644 0.260529527166481
-0.28222291889047 -0.311095044418245 -0.214325612251569 0.213176181288619
-0.395817647364364 -0.228603519770641 -0.180608570676748 0.286175544778169
-0.430941943862372 -0.127309815554179 -0.206524857515592 0.442868455361484
-0.421245796875254 -0.00802051934796316 -0.00445613556448303 -0.440559727072943
-0.477419879234538 -0.104199613295517 0.0417300725764591 -0.337895347584595
-0.438847742074782 -0.221844679086847 0.129693732727056 -0.270107475520266
-0.405262608911049 -0.34979386801164 0.220305780284511 -0.290853302918562
-0.247277018672376 -0.481585629021411 0.228096459382791 -0.277262978736703
-0.0387282630929038 -0.53901547955307 0.198563882603618 -0.212835660845284
0.10220472553645 -0.565303959105665 0.118828421863875 -0.0717705863461321
0.15802126708563 -0.561759280900753 0.0220666226532081 -0.0283786233229302
0.133486873354469 -0.569073077492565 -0.0653065407229883 0.0879486720297805
0.0250667947226924 -0.555541854657475 -0.105904457885394 0.187305800462416
-0.193714218726108 -0.519753830207526 -0.0812156952596052 0.261949382735237
-0.336384252925093 -0.451753660147828 -0.14762219438839 0.31876205354607
-0.409926798833067 -0.293724057391267 -0.133683316515496 0.29804368370004
-0.493238035286939 -0.188778668011402 -0.0495227576499572 0.36453930018349
-0.49838569841696 -0.0919380179603597 -0.0234966693333973 0.491984367974689
-0.36568273476623 -0.0402135542434451 0.182023335792435 -0.409504436389451
-0.394644905461808 -0.157772051801297 0.193083852968822 -0.287697402665049
-0.325543897199353 -0.265443285562175 0.23564371816726 -0.190716619676308
-0.268417430933683 -0.353955064132437 0.260387619771638 -0.233763255145266
-0.130767465346671 -0.427480864606129 0.227747977320031 -0.270841515626013
0.0279585684154533 -0.460738576606914 0.213619573081772 -0.294785949855263
0.127744064907827 -0.489792738135464 0.167724530904962 -0.245376735029286
0.141788714062994 -0.518014659639487 0.0831541592105086 -0.240978039005058
0.0804497649166816 -0.547707642766225 -0.0415204933657936 -0.116636979289522
-0.0486435083113757 -0.532931261527978 -0.128896710098135 0.0451682187077585
-0.273633753453289 -0.46671362855393 -0.110467852609256 0.206708460127228
-0.409621762957502 -0.367292363271038 -0.11269144324717 0.3365197848735
-0.44548296007761 -0.204535114868431 -0.0267325410203715 0.335404540352128
-0.498100568914111 -0.106086796591084 0.105509420055164 0.392556300793168
-0.48592882334084 -0.0382654252606075 0.176225840064513 0.503481810714787
-0.254486767103723 -0.0542796545469573 0.333878765440004 -0.351082397598262
-0.261983485423204 -0.151515068478916 0.288908301572536 -0.208268593968669
-0.180737397048651 -0.226752212847594 0.277368017709817 -0.0903492849350219
-0.122681223612974 -0.26553635598898 0.251863687894882 -0.160318160252313
-0.033203936073911 -0.28917833115391 0.21353693122609 -0.233367718441995
0.0570057231694526 -0.312229985449273 0.237557310658496 -0.325979328744063
0.119542936498143 -0.350155238603515 0.22532116412485 -0.372722517574986
0.102285996468199 -0.393709758651681 0.13315235167996 -0.419591394694103
0.032346469242078 -0.425835179855518 -0.0472338458665482 -0.300898287822309
-0.0848638824717302 -0.404047013299292 -0.184784075204448 -0.082535372095369
-0.258974624369058 -0.325059301630568 -0.164499958414186 0.155191584321667
-0.360396641797691 -0.231226860343326 -0.0886315840959489 0.317424413542774
-0.366546227959904 -0.105457542832771 0.0671108154342698 0.326706606891681
-0.401964144447861 -0.0313111981483307 0.239857265903777 0.373957214283511
-0.386877421514758 0.00331955342775607 0.345968856414604 0.477635818153634
-0.112980709715564 -0.0394866448532633 0.426523353386322 -0.291876766640678
-0.126475013244757 -0.0881851612559651 0.326741705030679 -0.142456345498207
-0.0714661857687582 -0.130625838862153 0.266772298834269 -0.0193783177783804
-0.041941756590189 -0.137518035046886 0.210932958576093 -0.112503083625222
-0.00188661315687791 -0.137868750715995 0.184360703113678 -0.194704101939048
0.0313320431801251 -0.152589057206314 0.248622852821009 -0.320059433219727
0.0675916520116044 -0.177452434079381 0.268286230987541 -0.443688998599122
0.0465797656494747 -0.208786287562035 0.163914061614837 -0.537023434031753
-0.00246038684251792 -0.228160411000054 -0.0677711363645088 -0.424396799091232
-0.0660855770449024 -0.215733250052326 -0.242892855754379 -0.16257740409412
-0.159805987185723 -0.158084898274518 -0.21869582777744 0.126050308542473
-0.219836005406807 -0.106717237489657 -0.0821986005889211 0.284799570618532
-0.207987937647225 -0.0423107857258685 0.122749117285394 0.297249353548686
-0.230898220839852 0.00450344527871855 0.320973301967111 0.335945907116932
-0.219734095648247 0.0183343569276102 0.454496888206513 0.43237734171525
-0.0187462048885524 -0.0264224028056629 -0.457588504717225 -0.31952053634718
-0.0266699157579582 -0.00444408586868039 -0.381353358792254 -0.231058858269142
0.00760489261242489 -0.015907696707074 -0.172472737325746 -0.217418588401473
0.0109449276087972 -0.00974982424736193 0.0463964937218926 -0.212283190707222
0.0351781714411729 -0.0251786859465957 0.21008335915439 -0.129931520219129
0.0370872448102455 -0.0174798141276507 0.211841672438699 0.135757666471002
0.0165194952897796 -0.00941289502746477 0.056154082433536 0.429771784062319
0.0123547529303002 -0.00216730658762213 -0.170522413446505 0.53159297131962
0.00602846801087846 -0.00193233311135582 -0.252236956855236 0.47320651922682
0.00135782385720475 -0.0010945550126133 -0.207285973046106 0.331757735262895
0.0138986268866781 0.00321799705625769 -0.144630111950216 0.207127806614843
0.0171389791555949 0.00829186981740428 -0.136182413543078 0.101462654427231
0.0138717984661545 0.0037182743862057 -0.21223603505889 0.0131915206044479
0.00299572983203787 0.00210205773637179 -0.278812130426511 0.0701178325876316
0.0110872765234745 -0.0297573873254996 -0.444109281329888 0.269675842273514
-0.18872749899405 0.0139512510348676 -0.44120710155979 -0.347461245044671
-0.21550490595245 0.0217134913817164 -0.357717364789119 -0.246081471452348
-0.18771837290578 -0.0194471530583517 -0.159368233035064 -0.234035554044846
-0.186652821281651 -0.0697345832985867 0.0663551546407545 -0.234158700175626
-0.125494589981615 -0.163502815910974 0.22816142550852 -0.15718888929449
-0.0410351027136804 -0.214099033016715 0.226724032744624 0.0974902835597661
0.0179740840414209 -0.24337005960272 0.0747641145151838 0.396546030596492
0.0711638586607698 -0.21660527639482 -0.146232585054234 0.4898916180537
0.087061854178288 -0.182425633857689 -0.23325229338487 0.459450779404676
0.0672072280687811 -0.142631643016974 -0.198592966027204 0.342265748494636
0.0313549398415374 -0.125343042683974 -0.13295968258782 0.231894458542846
0.00811685126232164 -0.12677865786404 -0.149319925056065 0.130360885394329
-0.0413459241074569 -0.114774237113321 -0.225722658203082 0.0466007728465173
-0.117075971250845 -0.106434951576958 -0.274216695468196 0.109924996502266
-0.151038519363123 -0.085629695841584 -0.418588795598624 0.307090315808103
-0.325751047935359 0.0349173959987465 -0.353244259020185 -0.389744262670861
-0.373420325273952 0.0182307871825078 -0.272813512471439 -0.289335036032804
-0.353783749988397 -0.0513160202089344 -0.104533706775538 -0.266480877699133
-0.353405015306527 -0.15128303606424 0.0992381858286291 -0.27136361147008
-0.253894768739879 -0.301785303559322 0.230166905985289 -0.200453595164862
-0.0950852330644155 -0.388441449371429 0.218728458027364 0.0147400966757629
0.0287281556161302 -0.434227117126467 0.0837685354034768 0.287654545060592
0.119503217680493 -0.396905213598424 -0.0998457015929126 0.367395833513253
0.143759179066976 -0.353110215175011 -0.180681759301011 0.395346049507954
0.105171305678557 -0.304641485450895 -0.166094354818499 0.341494210076238
0.0121347293169462 -0.28506658504577 -0.112351838924521 0.269764892306973
-0.0513077701618344 -0.284738737042882 -0.167624651879274 0.188185706506709
-0.139163232581425 -0.232696395016956 -0.236281620376826 0.118383047008804
-0.254203450519666 -0.192516533242373 -0.24957788134196 0.188978140778317
-0.304257689799267 -0.122241072239046 -0.336462879363518 0.370851810249838
-0.407048606417234 0.0274126942692152 -0.197406385955738 -0.425181922645373
-0.467662573179399 -0.0287044707803101 -0.132064814382886 -0.330112804466211
-0.449799665425292 -0.126338209617556 -0.00321778920270537 -0.290780866915207
-0.439530150471373 -0.256005062388108 0.151018851948492 -0.299581284661637
-0.303060985261723 -0.420846399345225 0.224784212329358 -0.249252152762063
-0.0951744012416403 -0.505881623446756 0.20015860054862 -0.0991366115016278
0.0563428484236307 -0.54620376568093 0.0920776398978758 0.119143702927492
0.145702537278638 -0.517943282907843 -0.040673760125328 0.185503419782648
0.157077477372831 -0.492830740704235 -0.114843905901763 0.269622660287322
0.0874173242825721 -0.461685871031468 -0.122541690238367 0.295089006846525
-0.0741947177528339 -0.440405374889832 -0.0854929888711838 0.285670996667593
-0.185781299084732 -0.41527915283292 -0.167946480523763 0.261641013083896
-0.28291835418986 -0.305310292010974 -0.20901135853123 0.214276424804589
-0.395303230094727 -0.220889371410511 -0.17447668900077 0.285319515463545
-0.428562412541408 -0.121203020593547 -0.197997937291773 0.441280370913845
-0.417583787412997 -0.0038814117269459 -0.0114122691580466 -0.434405441565684
-0.4747972160973 -0.0966711009369652 0.0364763315211363 -0.335201254994255
-0.438174699093125 -0.214328424469697 0.125096274307223 -0.270594621822208
-0.404651610036773 -0.340694275416364 0.213400316403979 -0.291909970657023
-0.250394726404595 -0.473916095207195 0.223154030472315 -0.278306002981263
-0.0453828667084769 -0.533267097644714 0.193623304317709 -0.214349430395625
0.0955387145691911 -0.561595089221607 0.116897896381456 -0.0722469094202628
0.14919388254172 -0.557725115608467 0.021230220652559 -0.0286154113672824
0.125360266328861 -0.565665021044415 -0.0635773856394658 0.0890569051624997
0.0179783017308904 -0.551067010267354 -0.102334484294972 0.186761995626844
-0.198986164429827 -0.512177202336003 -0.0779050385460012 0.258941617583404
-0.339144227646434 -0.443010939472257 -0.142273702733571 0.317810087321376
-0.410269888275149 -0.286174367149187 -0.128553925226773 0.297219676198147
-0.491909090096679 -0.179056261310273 -0.0437824575261481 0.36048691085058
-0.495802524828517 -0.0835617319009177 -0.0146237924331053 0.486840059179526
-0.363236746169793 -0.0369020491355869 0.173423726931995 -0.407662572859245
-0.394037689283459 -0.150456748014153 0.186931369095354 -0.287591361203831
-0.325489250832104 -0.257949402349515 0.231323507454847 -0.193908577339445
-0.270083497806791 -0.347075887203639 0.254306422435207 -0.235851311762784
-0.134954730875052 -0.421156055049851 0.221559256158834 -0.27254094387513
0.0221628645618199 -0.456122208507116 0.20730891147344 -0.295386905410597
0.121077863604562 -0.487936977114736 0.162939727404852 -0.24557816598855
0.133483820277356 -0.514026658632278 0.0796158204912544 -0.240117906149425
0.0734245896395824 -0.543168087824464 -0.0424523108003088 -0.114182264268503
-0.0556022443624781 -0.527873338868981 -0.127044784421084 0.045964825550092
-0.277130561053076 -0.457779942754095 -0.107762014717795 0.204927774452331
-0.411554512189545 -0.359220222139565 -0.107224434866951 0.336013445590231
-0.444266232646794 -0.196324628676312 -0.0210624241809819 0.331904266409357
-0.495704131704445 -0.098232313787194 0.110635525341793 0.387240027808885
-0.48090513349912 -0.0318740778134432 0.181379655887537 0.495346133229463
-0.253882190787246 -0.05117717406099 0.323993759381011 -0.352026298149856
-0.262088038282351 -0.146052539217208 0.282826995325423 -0.210523873855825
-0.182003163540545 -0.221870663056167 0.274064213680142 -0.0951864973574283
-0.124472592243783 -0.261258369218721 0.246495530747644 -0.162930397656613
-0.0366710740441161 -0.285118175869179 0.208373481892742 -0.234433111366154
0.0530886700635742 -0.309887921151402 0.229965453059993 -0.326637235985625
0.114016595634058 -0.348488840413115 0.218919916995895 -0.371732442676447
0.0967729529899466 -0.390373163236713 0.126358903384858 -0.416052931316158
0.0251549288781358 -0.421240103450243 -0.0502068409478204 -0.296585616469456
-0.0883093340422248 -0.399733200073019 -0.183773876551709 -0.0792351873728213
-0.261557153060977 -0.31924630137814 -0.161539177239288 0.155367085772211
-0.36015802432049 -0.225344982366905 -0.0832569607358933 0.316813975706554
-0.364329039704511 -0.0994194701477522 0.0712096787987836 0.322562414004415
-0.39843400438027 -0.025696119917568 0.243691075042346 0.367250009690929
-0.383057687946677 0.00905670515952396 0.351096119965537 0.467541875093943
-0.113250993282836 -0.0378419354859867 0.416601752122462 -0.294229147252545
-0.126316471774907 -0.0858645562575831 0.320806269303027 -0.145547291169595
-0.0728566094716268 -0.127572637139122 0.263836118455844 -0.0246902027639832
-0.0430244810395789 -0.135543966790761 0.206698724209651 -0.115074964804686
-0.00359695447858747 -0.136131929444292 0.179861020003952 -0.195214839278086
0.0290084464997167 -0.150952325571893 0.242239202393594 -0.32036600500952
0.0646054017399234 -0.177244342555224 0.261335049609613 -0.442396777573257
0.0435941340437283 -0.206970193396421 0.15590971352673 -0.534402021281312
-0.00473900870507245 -0.226321531867138 -0.0730103247800484 -0.419504299869434
-0.0682779473785 -0.212352408265103 -0.242615024138986 -0.157876185517896
-0.160309553908441 -0.154500169607333 -0.215390103780784 0.126470081114598
-0.219216953586527 -0.102795953516353 -0.07732835149069 0.283674336369191
-0.206714880180162 -0.0392110947425678 0.126575447504962 0.293003111157655
-0.228757372335716 0.00781648103968208 0.323414112080185 0.328159648683732
-0.216499680529511 0.0213372272777834 0.457756423099617 0.420664123879573
-0.0187035211878363 -0.025886011556089 -0.457958720067967 -0.31121886407717
-0.0263320661944163 -0.00406007593691891 -0.379278216212563 -0.222995891259542
0.00743595680668757 -0.0163018672046579 -0.172588582116571 -0.213377244594854
0.0112071200092728 -0.00962237430045268 0.0432930908499899 -0.211055706002346
0.0343217339936428 -0.0255985388049474 0.205898345280711 -0.131083494610827
0.0360240251689369 -0.0179983671740922 0.210337024992775 0.131630739915146
0.0161523663723429 -0.00962477602510625 0.0592445010624498 0.424478276820145
0.0119902434432746 -0.00171422482701248 -0.165214627109025 0.528560398633784
0.0068039788923484 -0.00171346902762655 -0.246481138334037 0.471575974323388
0.00146339152375217 -0.000952491251929519 -0.202443089408893 0.33125718658975
0.0133785125146852 0.00290545326819349 -0.141033467693299 0.20661350903052
0.0166963283541555 0.00808655239349346 -0.13344596788996 0.103035338350666
0.0137142470479538 0.00339646346670135 -0.209284101484188 0.016148786075617
0.0032218815619126 0.00225760367271199 -0.27470972685918 0.0730939239388645
0.0106861196683286 -0.029807686091827 -0.435665074819502 0.271280431316642
-0.186783471857217 0.015828724176379 -0.44179242872607 -0.338274321970504
-0.213506446678719 0.0236259730511672 -0.35722199806549 -0.239082567850525
-0.186527785967037 -0.0177088921821151 -0.160066421651593 -0.229761736593329
-0.184908971461072 -0.0671587706431469 0.0626162580983964 -0.233335697415738
-0.125656333114061 -0.160773906206835 0.224337459992752 -0.158700816254178
-0.0428456526347443 -0.211779589612923 0.22430666120833 0.0932241617044825
0.0156470152075488 -0.240815001030369 0.077767650071831 0.391259954762989
0.0684607121955719 -0.214520880592926 -0.139858232284419 0.485076368522463
0.0846067279632383 -0.18199155172534 -0.22852425051807 0.45760724912158
0.0647874944776832 -0.141470271627109 -0.193423256481066 0.341095455210122
0.0299292513490646 -0.123710769706137 -0.129353018931055 0.229920131775355
0.00671838997721445 -0.126143292575378 -0.145959102610838 0.131529072739722
-0.0419463516973331 -0.113164258709406 -0.221860627439014 0.0489069990106861
-0.116293710313455 -0.103913566372909 -0.269747420713997 0.110714497749247
-0.150079155661264 -0.0831473519412669 -0.408910061760313 0.308086033049707
-0.322583121244151 0.0370974936903908 -0.353782196422841 -0.381026681087251
-0.369079756351679 0.022606101393095 -0.274204311517925 -0.282811373490251
-0.35127147621795 -0.0473778344252498 -0.106336820691848 -0.263023097869731
-0.35110477991812 -0.146524620167611 0.0945479233088546 -0.270487348221579
-0.255629073409436 -0.297567002479678 0.225132095914607 -0.202127224059443
-0.0970791903030759 -0.382527081163987 0.214987911289108 0.0115598339006184
0.0247364937641958 -0.429320668916531 0.0858764983801681 0.283552921036458
0.113830912538856 -0.395505797703593 -0.0951243336911024 0.364531533288549
0.139024080921416 -0.350943012730989 -0.175616971162098 0.393273423146102
0.101375912863085 -0.301772040068488 -0.161481756783186 0.339372228795164
0.00859430169320746 -0.281334827068365 -0.108534303839764 0.268099028496434
-0.0541491793888931 -0.281359082303417 -0.163492010228778 0.18829084376918
-0.140209060739947 -0.228553870694719 -0.23206463225587 0.120369604178824
-0.25393286840477 -0.187827441108883 -0.243632227893595 0.189034891494256
-0.302562398910277 -0.117632441686636 -0.329018724709853 0.37154083997576
-0.402283790741888 0.0301486997578192 -0.203750217286934 -0.418094160515166
-0.463279068573318 -0.0217570207339394 -0.134433287469954 -0.32471036135071
-0.447883715166692 -0.119371206063617 -0.0066167799066131 -0.288801192787832
-0.437640953647808 -0.24822743307906 0.145811076246454 -0.299332966770356
-0.304796916475641 -0.412791464959019 0.219339892451947 -0.249473349480753
-0.100879306457457 -0.500093665930442 0.196488951452522 -0.101293071629208
0.0503002859445793 -0.539948670739287 0.0920414110478907 0.116479401753687
0.138914662721754 -0.513265338560517 -0.0382707042094688 0.183504313533214
0.149769474571148 -0.489382252810814 -0.110996774882079 0.268198083653299
0.0816931876192351 -0.457729794682723 -0.118727078489486 0.293131137235381
-0.0779460730089692 -0.43492649779404 -0.0819985108547828 0.282667382057241
-0.188608034334422 -0.409848135474264 -0.162990787875827 0.261337581467322
-0.283726409425087 -0.296526059608544 -0.203368203307939 0.2139854123189
-0.394273589010824 -0.214055238013193 -0.169052191105476 0.283734369437429
-0.424871252296523 -0.114688029910217 -0.18986403919437 0.438276990811938
-0.413700136251999 -6.51246173174365E-05 -0.0174883810854994 -0.428396525919624
-0.470833263948415 -0.092415524421785 0.031752302776405 -0.331692683033617
-0.437063877757842 -0.208496007154272 0.121347614335837 -0.269915228627896
-0.404697707603323 -0.332297191536103 0.207699378051234 -0.292813450417461
-0.252478618038634 -0.466741572100853 0.216733028168414 -0.279283133592128
-0.0504211958272275 -0.525711376963222 0.188235548121563 -0.215325652513608
0.088837907882369 -0.556691861430631 0.114611288997479 -0.07308231168715
0.142936839552282 -0.552355073791149 0.0209137566230697 -0.0286700261223874
0.118750271447691 -0.560774527276605 -0.0621773918684145 0.0892812168908755
0.0130148980748378 -0.546585167250851 -0.0999084798759746 0.18638085427462
-0.201119335715176 -0.502245467593736 -0.0747857103642181 0.255660270241437
-0.340594693807121 -0.436320187303294 -0.137466254131054 0.317160133426336
-0.409124740609064 -0.277809840657936 -0.123355022500637 0.295092074281462
-0.488633952865788 -0.171765294007136 -0.039589013030731 0.357272315097519
-0.490889816018032 -0.0769783928228752 -0.00651024419089427 0.481789333291152
-0.360918301453961 -0.0321158225515153 0.166459557691728 -0.405503058414313
-0.392311661366543 -0.14452934293132 0.181433480365109 -0.286221678907949
-0.326187381221667 -0.25167305066265 0.227174914423679 -0.195343499726431
-0.270214665985207 -0.341143583837019 0.248462559820833 -0.237152648013229
-0.136127762609021 -0.415076330211754 0.216218048845603 -0.27265740279602
0.016708358361373 -0.450845840764657 0.201412010649041 -0.295784234541447
0.115544233038435 -0.483990783171066 0.158701534193288 -0.243948977793428
0.126755261434994 -0.508400192110631 0.0766570459905345 -0.237942257188238
0.0679246962797747 -0.537448637649882 -0.0430406273768775 -0.112502339806233
-0.0603169284767273 -0.522352375322565 -0.125248539337232 0.0472932859208329
-0.27803943838601 -0.450357997964638 -0.105443015379698 0.202734876936573
-0.410443041961636 -0.352521358895841 -0.102675721956242 0.334054806371966
-0.442793931759091 -0.190275320128054 -0.0174523054430072 0.329328748929534
-0.491499216935653 -0.0917787912696539 0.113900989861617 0.380962380757461
-0.476185449916453 -0.0262209647874468 0.186588946422802 0.486550301196562
-0.251949710290471 -0.048532441570712 0.315963741086656 -0.350793596734678
-0.26113912569871 -0.141575123625062 0.275764818020051 -0.211367339921963
-0.183361862570228 -0.217578518969922 0.270158398299686 -0.0979344077928762
-0.125231839277061 -0.256786497272242 0.241293956163499 -0.164450415901792
-0.0385187478522984 -0.281762433554541 0.203671509631623 -0.234903196029873
0.048763992562038 -0.306278220377795 0.224319034734622 -0.32539138362597
0.108844661693485 -0.346152793697134 0.213373813895898 -0.368687328251355
0.092881260439335 -0.387491809866467 0.122121991062049 -0.414435683751272
0.0210518652386657 -0.419018093979768 -0.0519628626223303 -0.291507607703075
-0.091862924681292 -0.395036284118769 -0.182568509034278 -0.0760416373982374
-0.261474659008896 -0.312178156946649 -0.159501788560599 0.154427445358025
-0.359454749695877 -0.218443927147022 -0.0782098836826658 0.315137374941484
-0.362526650705169 -0.0942800956121919 0.074806208702683 0.319047135626707
-0.395314599245284 -0.020909255796837 0.245976714386282 0.360453663146249
-0.378018145613618 0.0126621785243951 0.354301223871659 0.456595156758192
-0.11340512527173 -0.0367507150935425 0.407397824681282 -0.295881557157403
-0.126064653842382 -0.0833236724523231 0.314410811328249 -0.147921106793041
-0.0741195704789969 -0.124979753816232 0.260511313553025 -0.0288867687932099
-0.0438249558758624 -0.133693678593361 0.202299916231309 -0.116421773508056
-0.00484118632087435 -0.134200414969214 0.176284796195154 -0.19501201362679
0.0270479797323844 -0.148860572191799 0.235986038503712 -0.320068021718415
0.0620277074889262 -0.175877976099182 0.253697608526192 -0.440153210657309
0.0410952148536224 -0.2052420309085 0.150536097514082 -0.530430143659846
-0.00714356599650039 -0.223856621152411 -0.0753188415832869 -0.412608028286376
-0.069681903936705 -0.209803454474136 -0.241378862798397 -0.153398662247735
-0.159842354226382 -0.15098354013109 -0.212780717017207 0.127380307098967
-0.217900818576011 -0.0997727301458788 -0.0743050053063193 0.282611061240296
-0.205272586731218 -0.036571117474875 0.129177136932708 0.288803133384947
-0.227037691854242 0.010553429452973 0.32540852946938 0.319988314563906
-0.214105562491293 0.0237850417911863 0.458473400029921 0.409578571323015
-0.0183847431320172 -0.0254553562962825 -0.456710663560341 -0.303042223473567
-0.0265084373312107 -0.00424072202273928 -0.377667683078735 -0.216742016134796
0.00731790889819186 -0.0166192763204799 -0.17301699027408 -0.21042899194664
0.0114732578172023 -0.00992202572245118 0.0411987529237222 -0.209566811700413
0.0337220598621081 -0.026225975224098 0.202481829017561 -0.132206725805359
0.0354766578624752 -0.0182269166058142 0.20877909912742 0.127275077919342
0.016697558207462 -0.00935597671702999 0.0620753595679255 0.418135643099635
0.0122352520565558 -0.00154832758366296 -0.160881485838994 0.523414300207161
0.00729140852903779 -0.00182118557892489 -0.241256855828388 0.469169750740685
0.00120964575672783 -0.000735494944555109 -0.197712283098816 0.329505576548979
0.0134900674005504 0.00263897975627875 -0.138016440089134 0.206051495577878
0.0166010238578561 0.00720834390405484 -0.131303462663879 0.103105866328381
0.0136437759561069 0.00296921208712545 -0.206515885319655 0.0185108136741123
0.00326494496020419 0.00242142721634882 -0.270302067038152 0.0743261067288224
0.010072044873072 -0.0298183130106311 -0.426738184453663 0.272812825823345
-0.184502097829383 0.0168225978702581 -0.441879643138555 -0.329312885806237
-0.211177720470924 0.0249014912196987 -0.355264331310526 -0.232599866117566
-0.184830141171205 -0.0165108261383016 -0.160640438038227 -0.227094929127535
-0.18305002550303 -0.0653197120068575 0.060129460877502 -0.232269379417521
-0.125807143552635 -0.158358632347149 0.22001192260284 -0.15992726487274
-0.0445693235547195 -0.209223432674087 0.222363580206277 0.0897531557395394
0.0139384471492972 -0.238655103657542 0.0797322027271237 0.386708579572505
0.0651586218155628 -0.213279727306656 -0.135958762586166 0.482260028116279
0.0828148899595567 -0.180217952488986 -0.221174493583101 0.454235598973165
0.0632182866404273 -0.140470768470906 -0.189521591676914 0.338261750270346
0.0285214446754364 -0.122542635366782 -0.126158378544895 0.228122417992554
0.00537098100250769 -0.124693543034713 -0.143036297843041 0.131932953275696
-0.0425801241721649 -0.111718289087918 -0.218526633903958 0.0512668314420075
-0.115834745786393 -0.101237282969004 -0.265595444906828 0.111761665208806
-0.149118675116329 -0.0811344577427718 -0.401184961991644 0.307076823946922
-0.319029915958248 0.0396461140333923 -0.355575246251316 -0.372594384506829
-0.365706969218814 0.0256534480320244 -0.27368214788815 -0.276384057755966
-0.348535350534069 -0.0449586922523943 -0.107538790730867 -0.259608439693559
-0.348658381888744 -0.142156154850576 0.0911699932560911 -0.269437222898886
-0.253682726290088 -0.291244666871116 0.220575130945667 -0.203309760348928
-0.100933407629405 -0.378908280056506 0.212430677532264 0.00874071757551695
0.020896278330354 -0.425825282228793 0.0867091840541672 0.279691394616266
0.109193868330505 -0.390573619954242 -0.0923931306203128 0.361579142647315
0.135282582555945 -0.348749477262507 -0.171357904147179 0.390505444704131
0.0980586661506536 -0.299178506591476 -0.157212777797557 0.337449341897606
0.00679926453503095 -0.277506527508114 -0.1057034890437 0.264961455096962
-0.0558454971727385 -0.278209113471323 -0.160606472870129 0.188769625487434
-0.140556772342924 -0.225110008862752 -0.227971896585049 0.120940463552796
-0.252552672123162 -0.183007344459645 -0.239444447549311 0.188040924458435
-0.300056869485261 -0.113808757376494 -0.32143472649279 0.369010312141318
-0.398358652770581 0.0327014497225938 -0.205581081157105 -0.4101453345731
-0.4603043275403 -0.0190104178378287 -0.136795177573462 -0.320320402265816
-0.443461579602612 -0.114597316086083 -0.00822129357526696 -0.286084831556138
-0.435431275953373 -0.242163095623007 0.140991807784232 -0.298710646430103
-0.304852317912151 -0.406631995822724 0.215293182608242 -0.250149235141661
-0.104095206906156 -0.493677076815329 0.192575893605334 -0.102275528556169
0.0477773170358917 -0.53561810173409 0.0923088953089836 0.114692744721353
0.132693772837365 -0.509538989168242 -0.0368077344287295 0.181936095417596
0.145914779171295 -0.48546170918197 -0.108786923211087 0.267000114836051
0.0775057841863598 -0.453151001340731 -0.115275978671442 0.29157697319263
-0.0800659677925784 -0.42774472670031 -0.0793829233377562 0.279646439642645
-0.18994908806657 -0.404514686672137 -0.159340727888297 0.260115546355934
-0.283338861862428 -0.291316574652647 -0.198323601968952 0.213331621341727
-0.391203263434346 -0.209268942969583 -0.165006030254466 0.281348088306501
-0.420213665468989 -0.110679740092594 -0.183543564370042 0.435142701118679
-0.409305595707705 0.00300153442351078 -0.0222525258274551 -0.42196439216499
-0.467036149037942 -0.0858093794951159 0.0284742113412307 -0.32803089861591
-0.434246638246904 -0.202592981920712 0.118352849652195 -0.269118976086735
-0.402623538126977 -0.326552253081336 0.202329185324003 -0.292330686088633
-0.253108049834344 -0.458366672358804 0.212442120652072 -0.278993974582497
-0.052807679581144 -0.520941871466292 0.18429807368623 -0.215109535824649
0.0822620806746535 -0.551086969721938 0.113423527382625 -0.0727795343825903
0.136119676342312 -0.547221571638656 0.020631458717613 -0.0282732390138389
0.114902202207729 -0.55574832400471 -0.0607376182184279 0.0892486935804208
0.0081477878998296 -0.540065200591066 -0.0969683729899627 0.18506260148821
-0.202820826760358 -0.494062587974374 -0.0723232269783429 0.252499635522602
-0.342202293799858 -0.428903128849368 -0.132841305023345 0.315945378548499
-0.407605872534047 -0.271582353963515 -0.119032548034767 0.292583902969721
-0.485859825244422 -0.165648692511064 -0.0351932684083276 0.35317394702515
-0.48493794017818 -0.0722898568046435 -0.00182678320054521 0.476152120277259
-0.357391588479884 -0.0303386510378537 0.159196889149922 -0.401098816132704
-0.389215748699414 -0.139321867885051 0.17653130352245 -0.285663182695138
-0.325877589216159 -0.2477962990726 0.22346054917354 -0.196105254056405
-0.269466155121938 -0.335624636846291 0.242810487896277 -0.237635022757788
-0.13867965778503 -0.408719735810053 0.211207653951857 -0.272307608659135
0.0133755630389079 -0.444749178524905 0.196536428279173 -0.294814520161076
0.109836761338566 -0.480258594631279 0.155220074573652 -0.242521308523827
0.120789669001341 -0.504596739888725 0.0735992902234184 -0.236429117814292
0.0625277626520449 -0.532582391978147 -0.0427059621111458 -0.109688500109515
-0.0636688400919376 -0.515721037700298 -0.122963827953459 0.0475972729608442
-0.27790202268183 -0.443066817265017 -0.103812365864418 0.199752524269143
-0.409673994272694 -0.346788842047608 -0.0987252244018225 0.331721343725287
-0.439171002533945 -0.183255563644491 -0.0134008739854297 0.32568366809211
-0.488228341244023 -0.0871620055938694 0.11703835751121 0.375635544800363
-0.470828472360832 -0.0221158592854992 0.188998673140482 0.480393270511738
-0.250315494520311 -0.0458255309631549 0.307852096676199 -0.349683734817018
-0.259669292614554 -0.137597251001127 0.270470304406549 -0.211462547431155
-0.183850016970837 -0.213102833144415 0.266881378328715 -0.100925541996397
-0.126014657669043 -0.253299052820625 0.236346189627414 -0.166321614037015
-0.0402351864058061 -0.278227808301251 0.199385356745906 -0.235023858327412
0.0455472229571844 -0.302476344976983 0.218662086851273 -0.32449811687883
0.10524058116826 -0.343445305443083 0.208200283634221 -0.367009742010178
0.0881259131090089 -0.38356252344478 0.118914006170739 -0.410106250021846
0.0173298949937108 -0.412982234174666 -0.0522469067768231 -0.287288163683402
-0.0940750106698315 -0.390675019374057 -0.180684247079557 -0.0736899369183135
-0.260288986648455 -0.306954251145031 -0.157547352029245 0.153105150560304
-0.357202665263312 -0.214176283571215 -0.0755165379285752 0.313411332636929
-0.359456408187134 -0.0902700842073756 0.0768839874749645 0.315067942441025
-0.391589192693734 -0.0169713766437658 0.246954300144264 0.353933610253473
-0.373628252052868 0.0160674095880626 0.355319111102323 0.448965300490722
-0.112609584330846 -0.0357135331183359 0.400198842942947 -0.294438728429451
-0.125383906345407 -0.0807091109191036 0.308489218956037 -0.149099813261332
-0.0748868288659558 -0.12239986087532 0.257108970457643 -0.0323953870857524
-0.0441988366251373 -0.131990400985804 0.197942502438862 -0.118254110556661
-0.00532720855570167 -0.132431368929315 0.172282734949341 -0.194891904733056
0.0257202318243958 -0.146852125894345 0.230385841138838 -0.318812765273555
0.0595862274345618 -0.174829001660972 0.248092567811813 -0.437698208047358
0.0393507573145312 -0.20355931317977 0.144501944718038 -0.525513906368866
-0.00854140233444199 -0.221343762848602 -0.0766105760933603 -0.407141298058302
-0.0709034571038227 -0.207326471966687 -0.239879046567068 -0.149378684079006
-0.159204743109391 -0.148347327837816 -0.21030107907984 0.127334504351537
-0.216751615171913 -0.096582400834966 -0.0703753087030847 0.280521635972183
-0.20364996048987 -0.0345412617099622 0.13018463800412 0.285230529645569
-0.22467444149797 0.0123344407517852 0.325418349111609 0.313109164816586
-0.211130336016093 0.0253808031766028 0.45769009980714 0.401031526512157
-0.0188498814056571 -0.0255907207214991 -0.455328795940061 -0.296355626399698
-0.0259748601224275 -0.00411803807354228 -0.375502512752454 -0.210743306429336
0.00685849142016102 -0.0170308789152024 -0.172144369601001 -0.207599059956215
0.0116129036027653 -0.0102098491131383 0.0389937983580984 -0.20782081617811
0.0331935960584982 -0.0262948871256342 0.199411189538467 -0.132470981045972
0.0344446927258284 -0.0181585217409301 0.206468661686089 0.124529943767957
0.0172766764038614 -0.00957977559785622 0.0626274785191485 0.413466478829761
0.0119190012758218 -0.00131243466932059 -0.156798151598216 0.518175442201217
0.00770512645365078 -0.00182399657455684 -0.238086469955967 0.465337483682358
0.00155608277670714 -0.000548678104587652 -0.194952345047645 0.32745236787902
0.0136977641560358 0.00268721570519425 -0.135561557442651 0.20430111085413
0.0162211719905257 0.00690989269618531 -0.128688409424123 0.103472177583362
0.0134544026353889 0.00245120223435617 -0.204015958077026 0.0202712540963674
0.00344956505691819 0.00263850142984891 -0.265580347518235 0.0751529112968511
0.00971229349581776 -0.0297059933588252 -0.419615031429707 0.271807572087152
-0.18269477230802 0.017914324114965 -0.438595252225481 -0.323305883833875
-0.209028587718205 0.0258876215304272 -0.353705399079114 -0.226658610493443
-0.183148255216513 -0.0153976019295619 -0.16015764525356 -0.224059075141814
-0.181794281791021 -0.0640996453130621 0.0576717903805567 -0.230754233971186
-0.125983513340577 -0.156252850664015 0.216271884102936 -0.160719649151882
-0.0455023066478855 -0.207123026746297 0.219637511757301 0.0867649823196295
0.012675443533715 -0.23632467798476 0.0802028713178276 0.382154444893055
0.0639040840340394 -0.210563881086103 -0.132785716010852 0.477180661199339
0.081272910881381 -0.178759778132996 -0.218448053150445 0.451895036363597
0.0623073061042317 -0.139499964016785 -0.185785824842358 0.336024172675374
0.0278312723112056 -0.121112916514895 -0.123702428195338 0.226238051822181
0.00417954651633882 -0.123707987845509 -0.140386191105103 0.131435865179866
-0.0426390379251835 -0.110325862995445 -0.215650753403501 0.0528517865009894
-0.11500194592697 -0.0995223390737325 -0.261467235290846 0.112394598698012
-0.148065212469924 -0.0800882484331434 -0.394329765664922 0.307669258872923
-0.316141090886495 0.0403668945509449 -0.354499322250251 -0.365413536572961
-0.361937663585499 0.0277732518933577 -0.27287101927203 -0.271409869440571
-0.345652722265249 -0.042173827639731 -0.10789203015329 -0.256990688601192
-0.345174859217938 -0.139212282090578 0.0883096636876094 -0.268081021108531
-0.254189010520988 -0.286382131653291 0.216678621523702 -0.203605397586483
-0.102114079312624 -0.374520618055521 0.208883363489251 0.00680608985434092
0.0195174766413534 -0.422248069329032 0.0867953781828124 0.27591809828694
0.10662107094047 -0.387295596907974 -0.090047683752709 0.358594466515447
0.133456277850433 -0.346310296463936 -0.167906349557176 0.388034124618485
0.0963316273886246 -0.296522305012911 -0.154269877595881 0.334814454742949
0.00551682192321236 -0.2743019940951 -0.103180375026834 0.262000517811394
-0.05712733465214 -0.275466866175264 -0.157293225029108 0.188376291370927
-0.14050509879451 -0.222262443184516 -0.223882905112586 0.122059971377013
-0.251075278306178 -0.179339522005028 -0.234943310351891 0.187620327153981
-0.297190649050527 -0.111083318657664 -0.313747180740312 0.367545407882809
-0.39542658085412 0.0346052008696826 -0.20732017329031 -0.404579038772668
-0.455702294925327 -0.0151649156831477 -0.137412515803905 -0.315685472631575
-0.440517560299659 -0.112794631901425 -0.00978160982494426 -0.283930571173856
-0.43042171832604 -0.238542857358909 0.137489447520627 -0.297065782251393
-0.303560123360251 -0.400165190899285 0.210845062131757 -0.250334705118492
-0.105220577865227 -0.488957578373587 0.188543095816968 -0.102348032084158
0.0439847642508912 -0.531772654674143 0.0917094512270119 0.113058102777154
0.129048405895177 -0.503437499813426 -0.0357313048185515 0.180057854055902
0.142319487110073 -0.481257732190132 -0.106955499166156 0.265116849711924
0.0746863925655073 -0.449983561774171 -0.112504205376827 0.289396873153924
-0.0815956223781696 -0.423475252477881 -0.07739677928648 0.276127071011944
-0.190184438936688 -0.399959780652707 -0.156548323178268 0.259605890784086
-0.282529285677195 -0.286962313138304 -0.195135243736393 0.212816637342219
-0.388633979538167 -0.203676515413366 -0.160360493469576 0.278697574788746
-0.416925635235526 -0.106639063063593 -0.17834168378962 0.430238767611636
-0.406719576251814 0.00613197386541729 -0.0254724017646424 -0.417928688907794
-0.463039503290306 -0.0828461977808296 0.0259888514820011 -0.324771443906197
-0.431411898063571 -0.198023620915488 0.115649491431028 -0.268465467080876
-0.398935066146595 -0.321289007829692 0.197904709371835 -0.291587267068547
-0.252389012228934 -0.452546418738797 0.208266615693115 -0.278704505227438
-0.0557652473255745 -0.513760189148717 0.179811858383679 -0.214750793646687
0.0800170677441625 -0.547844523956725 0.111725490010606 -0.0723829431341345
0.132704939706878 -0.543337365476019 0.0197562444198025 -0.0281126540788554
0.110910796988523 -0.550841458962982 -0.0596249150690504 0.0892813216700798
0.0054878294861701 -0.535427524266199 -0.0950269896158585 0.184176147628207
-0.202388769542387 -0.488726438293659 -0.0712145995845041 0.248967033014567
-0.341203853484502 -0.423265609571 -0.129803305895187 0.314989305860984
-0.405161836742248 -0.265682961011134 -0.115096886841032 0.290879909309673
-0.481898267350808 -0.161688117351883 -0.033039696705364 0.34884268034535
-0.479753880991567 -0.0690496901607764 0.00141702521115246 0.470210795266033
-0.354860670842907 -0.0279680602085119 0.154197043793366 -0.396733994710681
-0.386241086631286 -0.135433127596757 0.172170707535636 -0.282942833466283
-0.324548882936157 -0.241997985459326 0.22053165553418 -0.196956632090667
-0.267631075407253 -0.3301828154552 0.238149268021272 -0.237901556885875
-0.138769565232245 -0.403923053250342 0.207239851503227 -0.271466416233441
0.0108191899246422 -0.440838333445239 0.191949579131701 -0.29385616791073
0.107258107454612 -0.475601144189994 0.152562466819364 -0.240581830033182
0.118241467724421 -0.499659132279157 0.0723079138349363 -0.234047299535275
0.0592104772057465 -0.527148168584455 -0.0424135639841778 -0.107956700320682
-0.0650235622455175 -0.510699993580534 -0.121472022484413 0.0478652405232882
-0.278235729149084 -0.435781560642863 -0.101863456515692 0.197285463088729
-0.408866921524442 -0.341125887654267 -0.0956120690351157 0.330901177361602
-0.436196624765182 -0.179429945851801 -0.0111139034597863 0.322971796889899
-0.483399543628805 -0.0830033139380595 0.11794555882612 0.370641284623841
-0.465690328761344 -0.0195127229734797 0.191677596710799 0.471929674147615
-0.249089435117343 -0.0448216766926406 0.302179086825421 -0.347128276620054
-0.258365778958052 -0.134613194861683 0.266189490097598 -0.211752415540769
-0.183605525212628 -0.209694446130606 0.262976114737492 -0.103421537502067
-0.125498374046185 -0.249671096646986 0.232101654763272 -0.166566547891952
-0.040474861063142 -0.274169307161166 0.195422345953342 -0.233709207709122
0.0437545022409278 -0.299566659734546 0.214888844214695 -0.323443137355077
0.102565092181906 -0.340854065626734 0.205153833180073 -0.365918894854194
0.0864239282911255 -0.380498338153167 0.115174145670757 -0.40715461294543
0.0159973520123379 -0.409896696719782 -0.0529226701303373 -0.284158509850113
-0.095408038180177 -0.386175387178991 -0.179607268643109 -0.071687996135183
-0.259589349519093 -0.303248441308515 -0.156365366833995 0.152108216252934
-0.355971364800474 -0.210080501071452 -0.0726056110656727 0.311727963725086
-0.357047495951148 -0.087408054917769 0.0784235777869569 0.311691952532347
-0.387979386597103 -0.0152077268990347 0.247144079044014 0.348060794401853
-0.369207019738525 0.0180445225284821 0.356573839856034 0.440703566277456
-0.112546043243314 -0.0350051338948482 0.39209893980888 -0.294507122000732
-0.124601070150733 -0.0788594634859853 0.304239725980261 -0.149887281803137
-0.0748885969489486 -0.120499913084008 0.253774346705995 -0.0355310361666251
-0.0446718558977853 -0.130152802989608 0.194460484115929 -0.118837398266405
-0.0062678635065941 -0.131302911458538 0.168657003025937 -0.194121154815345
0.0246126609436243 -0.144821781626619 0.227070663794851 -0.316662298577631
0.0577456936073715 -0.173275285636783 0.244282675459076 -0.43490759853612
0.0378263706539609 -0.201446972189031 0.140254754548772 -0.52099324950664
-0.00997134923402341 -0.219359054947834 -0.0773932565099484 -0.402275759718419
-0.0717366702996691 -0.205173890322193 -0.238811658246541 -0.146398883397058
-0.158048361525872 -0.146009175627058 -0.20878429903961 0.12747595778364
-0.21549574050002 -0.0944140110194875 -0.0682892961727997 0.27935376667996
-0.202262358176567 -0.0328821896491011 0.131929355252406 0.28176174942499
-0.22261306677573 0.0142534511808855 0.325484105892825 0.307343644178533
-0.208112382115801 0.0266039971025569 0.458354112616271 0.392427995002566
-0.0182455207922743 -0.0255451767438854 -0.454096867031324 -0.29148363644616
-0.0254156497441271 -0.00426345854707715 -0.37238070818756 -0.206124830488181
0.00663487617725599 -0.0173776225503509 -0.171983857538368 -0.205490818466229
0.0117799483435078 -0.0101726476687221 0.038118723481655 -0.2069604017752
0.0322456348073294 -0.0264066266862948 0.19659329707222 -0.132975388080738
0.0341988433453955 -0.0185688185894121 0.204026538131208 0.122214052547247
0.0163179282593904 -0.00953550155012861 0.0618797928723637 0.410192114733569
0.0122490598941184 -0.00108227311595466 -0.153691182439513 0.515653963797364
0.00814669774847207 -0.00203516696866251 -0.236393454789472 0.462193690115053
0.00154698583204885 -0.000189677854818718 -0.192497286077186 0.324899457936572
0.0133476991709019 0.00213416622282533 -0.132946261620453 0.203595561458251
0.0158438815980507 0.00632739928964123 -0.127236463533463 0.103924543810266
0.0132315358623639 0.00233494804230291 -0.201452418027149 0.0221000309499934
0.00378431971117429 0.00245977054983147 -0.262606598096806 0.0757440224473604
0.00942499014083095 -0.0298363402018896 -0.414202702588911 0.271466631111005
-0.180885710839013 0.0177315488933422 -0.438142943555368 -0.317656640546448
-0.207281388017953 0.0269690347311784 -0.351794083375096 -0.222982629323072
-0.182616223123539 -0.0145502808312736 -0.159829054450754 -0.222371543168267
-0.179823150161409 -0.0628220150554801 0.0558503109374868 -0.229650447916631
-0.125431506885242 -0.154889134041751 0.212790484806949 -0.161314298774159
-0.0464060365000968 -0.205906379012215 0.217182632555353 0.0851732346897896
0.0119863863036851 -0.234412452427716 0.0802815827681899 0.3779641430001
0.0628033286045917 -0.208441390758562 -0.128938848850522 0.474790748999282
0.0806304759303513 -0.177696712652049 -0.21603778335269 0.447302775064062
0.0615494424656029 -0.137700786488685 -0.183403670854915 0.333322476860713
0.0274161929097287 -0.119804891379633 -0.122185104924735 0.22460924270374
0.00350695150503735 -0.123157253314896 -0.138771812633116 0.131464281325549
-0.0430255128662061 -0.109260068520164 -0.212628391942753 0.0540581930920286
-0.113854403210357 -0.0979264010749613 -0.257654972061242 0.111320964834664
-0.146764911154116 -0.0786162646872692 -0.389115376034811 0.306380882215552
-0.312662182736058 0.0415657871378315 -0.354180539313313 -0.359332447255629
-0.358939508077827 0.0290123539544244 -0.271792663537029 -0.267398668175885
-0.34399674375472 -0.040874603287353 -0.10739268088736 -0.255377977695077
-0.342712757214081 -0.136644974312659 0.085744519372873 -0.266358513342359
-0.252836545576464 -0.284581373170811 0.213975600411974 -0.203635941762691
-0.10127679287447 -0.370242887855167 0.20600599456836 0.00567228959727036
0.0174734930799689 -0.419520295210052 0.0871348152716036 0.273473849588335
0.103280847424617 -0.383219593703267 -0.089305034051981 0.35509843231461
0.131569018664596 -0.343241882278896 -0.166290093225416 0.38534870998903
0.094271646417823 -0.29421958274606 -0.15206901935216 0.332270894291474
0.0045535551838526 -0.271626414580749 -0.101445340754614 0.25958982625736
-0.0582014223825485 -0.273102356276159 -0.155190131804612 0.187733147291378
-0.140580374870254 -0.218792318286518 -0.220990901110814 0.121872806785209
-0.248961707075994 -0.176886834939935 -0.231649838961884 0.186270121035543
-0.2948991125364 -0.109258957806416 -0.308571806738681 0.365499541446408
-0.39255924234635 0.0347392838419715 -0.208199245135936 -0.398979491718854
-0.452491883376653 -0.0126740354470331 -0.138013941303251 -0.311373387861072
-0.43789454880983 -0.109588624553856 -0.0098673203971519 -0.282636446924512
-0.428727062178857 -0.23437003859512 0.134407843265012 -0.295796855678331
-0.302031245660458 -0.39580941499078 0.207277929124433 -0.249722964480186
-0.106778911074667 -0.483875344942447 0.185783597268976 -0.103440202965577
0.0422997773602625 -0.52785488603399 0.0910278052760944 0.111855564216537
0.126616021309822 -0.498551731080738 -0.0360390893654781 0.178447147869722
0.139749957493059 -0.478147249287891 -0.10492236790968 0.263713223535284
0.0730909857369439 -0.446292127422138 -0.110839756686759 0.287193179113338
-0.0825083056842553 -0.419077246830411 -0.0759160199192568 0.273305557839037
-0.191205350973553 -0.396286576582667 -0.153603373590834 0.258410676044296
-0.280589019868907 -0.284603621412452 -0.191841720775111 0.211943042595711
-0.385795656549295 -0.201004674313762 -0.158446014539069 0.276375680235427
-0.4130875946353 -0.103573291826169 -0.172797582296023 0.426145663681215
-0.402968791003287 0.00598416820700184 -0.0276825371898417 -0.412182147449698
-0.459602703872394 -0.0796246402384217 0.0235872674475395 -0.322089177759572
-0.428599510013392 -0.194765874073267 0.113419066360017 -0.267143053705759
-0.396381244330353 -0.316921498615828 0.194133693089048 -0.290385382198833
-0.252550251090196 -0.446509099884708 0.204797666209584 -0.278097743440399
-0.0566424820434828 -0.509766560745535 0.176281619193993 -0.214283525225035
0.07633825918333 -0.542579599241248 0.110601087622058 -0.071904875918692
0.129458362735244 -0.538718756746343 0.019344064223716 -0.0282110108378455
0.10820772715442 -0.546713096967612 -0.0587368182121394 0.08945182207273
0.00345331464708299 -0.530186368551807 -0.0939811004280517 0.182349004333929
-0.20257232240762 -0.483520295535507 -0.0707384553307831 0.245881367898993
-0.338254481315826 -0.419707017947536 -0.127462210424982 0.313180520639154
-0.403854033576218 -0.261799316709598 -0.112416595902765 0.288658605986962
-0.476923328964918 -0.158316112515754 -0.0311404009135153 0.345508216942925
-0.474906989620162 -0.0671018515884969 0.00512842014994932 0.465831041558506
-0.351356345457142 -0.0266960742301878 0.150620034598977 -0.392698153921363
-0.382762513448703 -0.13311205796295 0.168930688470585 -0.281143871017658
-0.322558526424373 -0.238749744091215 0.217744333478922 -0.197415350924441
-0.266203840497151 -0.326023809630123 0.234482442249064 -0.237640657288517
-0.138223792679266 -0.399454715458919 0.203990477667041 -0.271054361205848
0.00982333285050724 -0.436510294398957 0.188393979473311 -0.29162083227565
0.104127234667004 -0.472561232630617 0.15048947459145 -0.239458951013901
0.114782326772584 -0.495167270643172 0.0712233158217378 -0.232362431700809
0.0568394130759958 -0.52257672437967 -0.041880751214285 -0.105788610160268
-0.0668626056478346 -0.506509265242858 -0.120550359423628 0.0479070805598845
-0.275820641508863 -0.430238188900824 -0.101691124112698 0.195162891461344
-0.406820038082906 -0.336059299467849 -0.0932792880613606 0.328751886571243
-0.4329498637783 -0.176247124263904 -0.00970827433408396 0.319697478484051
-0.480121317995044 -0.0799876624990819 0.118907097034552 0.366363715519568
-0.460412882359856 -0.0165623537032857 0.193846006288203 0.465652766465009
-0.248085246960241 -0.0435006492133122 0.296696133803894 -0.343937640322685
-0.25654507450769 -0.132103797533096 0.262225485553905 -0.210438193635666
-0.18312697220198 -0.206377127318806 0.259499710481716 -0.105676014232243
-0.12513330885942 -0.246850156191487 0.228282165136456 -0.167063355713126
-0.0408378485909826 -0.271351393323066 0.191980762484242 -0.232697739171513
0.0423945279196654 -0.295368179819384 0.21049443869118 -0.320675297836207
0.100215008812631 -0.338328412113517 0.202382986937693 -0.361622590501041
0.0836459037686648 -0.376753442117145 0.113794223301768 -0.404260197863748
0.0142973526795934 -0.405899314010945 -0.0523198001397096 -0.280825713838027
-0.0958504084908143 -0.382617078994722 -0.17815115387482 -0.0704433494511235
-0.257748263083508 -0.298558838700062 -0.155570967514641 0.150484990594452
-0.353587891484511 -0.207111947067939 -0.0705791162650198 0.309905492553847
-0.354400675707764 -0.0854772123169833 0.0797232032319355 0.309297654431866
-0.385628952029226 -0.0123697499650466 0.247711130456699 0.342931916090141
-0.365302639720171 0.0197267109254253 0.356077367540096 0.433988800274411
-0.112429744995977 -0.0342296393649873 0.38615667176385 -0.292653904955433
-0.123441586325845 -0.0776992496427599 0.298697560020709 -0.149850423762009
-0.0751771891173732 -0.11849430680287 0.251145157411736 -0.0383880306510509
-0.0446094278549879 -0.128800682563193 0.190917243335344 -0.118578310112814
-0.00618224995477287 -0.129277109757433 0.166562137144151 -0.192858916561895
0.0239586257120396 -0.142289042815626 0.223561819146117 -0.314762991792139
0.0567998736257195 -0.17177844711528 0.24142460216764 -0.430947434601769
0.0367631957320665 -0.200003713397305 0.139437446726692 -0.517323149718804
-0.0107583952675514 -0.216975800336789 -0.0772672961485798 -0.398717771654492
-0.0719997737411494 -0.202777936082023 -0.236277153010084 -0.143924844689722
-0.157121807124636 -0.144523699759614 -0.207214565718789 0.126951771104869
-0.213907325485769 -0.092942916249169 -0.0668174748748175 0.277730762995709
-0.201212480572538 -0.0317339834279361 0.132436756260734 0.279341567523687
-0.220747348472532 0.015253506758859 0.324401965223373 0.302273584507563
-0.205376864676381 0.0271972271983902 0.456873765430228 0.384679857484523
-0.0181260475600143 -0.0251192580807887 -0.450874817115469 -0.286140782526943
-0.0256356782677936 -0.00405565302827767 -0.371463120925439 -0.203172863507713
0.00639076232809875 -0.0173375080243883 -0.171066742499091 -0.204713284851281
0.0124039156098536 -0.0108579655973231 0.0367590129250426 -0.20559944205568
0.0318185346705189 -0.0267041799189331 0.194186906602719 -0.1328446781777
0.0335238000756817 -0.0182434512916224 0.202601803168085 0.120323374673012
0.0170633777026421 -0.00959732171629317 0.0621490461253404 0.405744636979482
0.0121881976038686 -0.000480435842264344 -0.152688430738385 0.512216860236302
0.00879807910342727 -0.00223520522247092 -0.234956420562772 0.459139056518403
0.00160887238596826 0.000178476830183574 -0.190687038629788 0.322913305160971
0.0129959143730864 0.00187714723769357 -0.132341454648205 0.202876269105288
0.0154720962577911 0.00625967363552447 -0.126029099987596 0.103610861507989
0.0129351770846536 0.00214268527142472 -0.199538470922912 0.0231237815759116
0.00412975725928472 0.00248879753037387 -0.259658787162683 0.075833262669744
0.00888582953372415 -0.0298243071967044 -0.409479698542242 0.26953890888967
-0.179849401301089 0.0174354972227409 -0.43700558550453 -0.311570820175544
-0.20560733050862 0.0271657543163877 -0.349548054794666 -0.219726322825201
-0.181171697477268 -0.0144541690127359 -0.158908330396341 -0.22077346453905
-0.178185923891705 -0.0625687562805877 0.0548696394295138 -0.228188382175267
-0.124783618920127 -0.153493835482043 0.211028778990245 -0.161589754654365
-0.0465074794697716 -0.203849403201311 0.214679678829149 0.0833834192816795
0.0116842566757819 -0.232938638827339 0.0803673441190894 0.375414907715404
0.0618550987517342 -0.206966760361045 -0.129683323556241 0.47089835102314
0.079994473592834 -0.176777828669085 -0.214812212626028 0.445497789772842
0.060772152547642 -0.136127378126119 -0.18170673717452 0.331641804801368
0.0266160889611193 -0.118681468979226 -0.120505263082225 0.223545399179716
0.00280886795261095 -0.1220914335064 -0.137071299736592 0.13101527625707
-0.0432559653691108 -0.108558009397094 -0.210046910620769 0.0544488157732465
-0.112857419097026 -0.096491651486233 -0.254884371468323 0.111114193729909
-0.14561565182928 -0.0781872903710035 -0.384562815229093 0.303044652079028
-0.310808482499923 0.0411517678017084 -0.353670356335294 -0.354411814912371
-0.356721077434163 0.0297773631726252 -0.270476622263366 -0.263919619827941
-0.341819371211085 -0.0405387863138101 -0.107086948016201 -0.253982438776053
-0.340186229025401 -0.135340652047174 0.0843015454590513 -0.265497639079659
-0.250881572800174 -0.28094258120521 0.210809093854119 -0.203826757349382
-0.102116247629047 -0.368149845947409 0.203425710064656 0.00502803106432754
0.0181543392371483 -0.417110699254113 0.0866197628577658 0.270773119171431
0.10231827742153 -0.379384759478534 -0.0880968509677154 0.352910051395674
0.130517258336559 -0.341023914712405 -0.165260540461028 0.382499188739394
0.0931338803728591 -0.291854383942622 -0.150450490838412 0.330644788394439
0.00413734829641906 -0.268752510230675 -0.100579527490385 0.256970838067656
-0.0578332904714119 -0.271490892878395 -0.153768499455035 0.187095244172857
-0.139582149485299 -0.217157245261713 -0.218466231930239 0.121824686234831
-0.246723370362724 -0.175052689955672 -0.229359435711101 0.185333139312807
-0.292661246372627 -0.107525698807576 -0.30560713704108 0.362113860025404
-0.389145135704792 0.0355289530884326 -0.208649349547061 -0.394244687355001
-0.448658536204378 -0.011930853470361 -0.13753109457277 -0.30894643934967
-0.434928345759468 -0.10788730018337 -0.0105945452202566 -0.281117655422479
-0.426132969797648 -0.231886501842479 0.132250189880042 -0.294600125216785
-0.30022011809005 -0.393287106732929 0.205091320660761 -0.249163296232569
-0.105177364440438 -0.480389790936848 0.18312961481165 -0.103317879148642
0.042118720138782 -0.523582563455063 0.0904152501497395 0.110785528924663
0.124893982158555 -0.494703424689171 -0.0357651146262183 0.176922507335927
0.138623681890443 -0.475971510050171 -0.104634446932931 0.262368178301728
0.0718368316231994 -0.442165856407483 -0.109595622479782 0.284905140790194
-0.0817260345377489 -0.414726664614493 -0.0761358665687866 0.269879866260674
-0.190673026047614 -0.393221422762151 -0.151295821783085 0.257411958309445
-0.279442380110237 -0.279996958148828 -0.189673672037997 0.210421355250564
-0.382943855626406 -0.19851047986332 -0.156118815330226 0.274479102951047
-0.410753416315617 -0.101782657582911 -0.170559981014784 0.423765556997509
-0.400806823831363 0.00662741125669074 -0.0302579131688316 -0.408169258511599
-0.456552914438372 -0.0774150490438922 0.0218664028763801 -0.31901011912383
-0.427352583240319 -0.191798096617918 0.112112236182416 -0.267063167744069
-0.392917136131395 -0.313537936746703 0.191712300111351 -0.289593090150487
-0.249418584475198 -0.444004523121641 0.201632255512701 -0.277633089384051
-0.0563895808983148 -0.50529710036889 0.173591505787768 -0.213172364185531
0.0768629002796943 -0.539870981540834 0.109426186949231 -0.0714474462479811
0.127648714283677 -0.532388596787804 0.0188640200742394 -0.028124470129507
0.106329687102831 -0.542947301142919 -0.0586627925214291 0.0895404332911909
0.00419896509449611 -0.526522591826526 -0.0928744590685288 0.181112734463388
-0.201528258795807 -0.479111762089424 -0.0706339865351487 0.243059989960715
-0.338053258725312 -0.416943163819316 -0.125828536461699 0.312206882014119
-0.400711542992457 -0.258868752448625 -0.110616443615213 0.286158279252801
-0.474933318119314 -0.155785103089813 -0.0295324999780579 0.341934499704461
-0.471860939446916 -0.0650420731630625 0.00716649315681921 0.460558719769175
-0.349845347108369 -0.0256949785936713 0.147314915592814 -0.389486051533255
-0.380438581195023 -0.130166334832517 0.165900924487396 -0.279741891713348
-0.321944396775007 -0.23592678752391 0.215729377188801 -0.198302356177579
-0.26408546764238 -0.323642080692537 0.230745940381251 -0.237572287984142
-0.137338461353854 -0.395579212020175 0.201487043978815 -0.269927791093546
0.00844893055948219 -0.432972299438486 0.185993891643301 -0.290105646865047
0.102918098850826 -0.468498043003182 0.149628299428354 -0.237175120678603
0.113551267357618 -0.490917420595757 0.0706982584988675 -0.2304364760444
0.0560943028454551 -0.520077263397213 -0.0413776719532383 -0.104957306534788
-0.0663039505307697 -0.503188306227828 -0.119026078753331 0.0482996545672327
-0.275413812626683 -0.427219892230587 -0.101699073278833 0.193155149937408
-0.4050769153067 -0.334724175537246 -0.0920150159140999 0.327675904504887
-0.43064868052446 -0.173953727867748 -0.00844724458597543 0.317401575031064
-0.477858500837691 -0.0785016262614787 0.118887407359315 0.36313269773818
-0.45710343812537 -0.0163139194298575 0.195373319768304 0.460783567455223
-0.246437261909372 -0.0429437321487183 0.291683033882262 -0.341557399208796
-0.254549473707585 -0.130406051686624 0.25854055624171 -0.209658237966217
-0.182336031088561 -0.203907775372531 0.257277673966869 -0.106789574538162
-0.124461657789555 -0.244897396217041 0.225133323763614 -0.167019644760235
-0.0406643232848237 -0.268999628050873 0.190142962430087 -0.231783743025952
0.0415199814613035 -0.292563117087726 0.208196165343722 -0.319100180506125
0.0993055208719043 -0.33580802658127 0.199871044671954 -0.358855217711335
0.08242153776075 -0.374464505508348 0.1132808915766 -0.401117376617412
0.0130003658155998 -0.403228641645375 -0.0513725223152492 -0.277787436454806
-0.0956107452097238 -0.379588028557173 -0.176272288889042 -0.0695688389276509
-0.255799456809752 -0.295653927222153 -0.154882865379331 0.149214971227133
-0.35229841516401 -0.205297450728565 -0.069746106130271 0.308588127126861
-0.352739641047254 -0.0835482179972358 0.0806169690395932 0.307328587136887
-0.383452864895763 -0.0111964122750341 0.246980156701119 0.339605971593709
-0.362187025333616 0.020270719706834 0.355024835267507 0.428894193996187
-0.111979372569773 -0.0335752755920484 0.3814068206797 -0.290476781506981
-0.122842859719539 -0.0764402220345423 0.295236487176626 -0.149572648579876
-0.0750170516714008 -0.116852198430279 0.248421975360092 -0.0398111984995084
-0.0446074010526411 -0.127604802687545 0.188155102680915 -0.118976494947007
-0.00635094534074657 -0.128336448187048 0.164455033205372 -0.191706614367782
0.0235455375154962 -0.140615713734554 0.221883839111377 -0.312323200516268
0.0558410458652564 -0.170415045829828 0.237515410855187 -0.427625190683915
0.0363452709056418 -0.198227072861139 0.137855662516275 -0.513386033405013
-0.0104200962070635 -0.2151550933309 -0.0751672268667106 -0.395123090694863
-0.0717018448697596 -0.201428042958341 -0.2347249706754 -0.142857639607326
-0.155520815621189 -0.142295071523558 -0.205850603837192 0.126100131136165
-0.21287017709175 -0.0915897754054467 -0.0652087344320557 0.276192897773785
-0.200233308785065 -0.0312227111646118 0.132746730468463 0.277091041863701
-0.219435831318937 0.01603602081527 0.324276676122666 0.299339969369981
-0.203753298464421 0.0274629875969095 0.455706432703577 0.380200955312273
-0.0180442307093421 -0.0249715735182338 -0.450729277848123 -0.282652724270123
-0.0257957778817839 -0.00445940665822629 -0.368824886574009 -0.200889672804931
0.00597107766610128 -0.0179130393485675 -0.170579700830799 -0.203181749601172
0.0122358177385476 -0.0108336185342456 0.0361959913076821 -0.204924164881508
0.0318051378135362 -0.0270751290125895 0.192577086765334 -0.133065176027311
0.0332279614619033 -0.0183228884006019 0.200905976787565 0.119277261190428
0.0172390377110962 -0.00965607230533998 0.0610837904778543 0.403044667563199
0.012143607663316 -0.000748775748904287 -0.151738997008424 0.50923558218396
0.00912785868927883 -0.00239629110162549 -0.234002517190141 0.457590013908084
0.0016747034770498 0.000316158298595149 -0.189456885052523 0.321644145785333
0.0128802865697591 0.00161616102945946 -0.131020530152194 0.201832322992361
0.0156789861827978 0.00603524106702503 -0.124754420201781 0.104052372611904
0.0127861940054458 0.00164901352323378 -0.198063827041912 0.0239508390122395
0.00439304549065369 0.00276111974968097 -0.25754172157607 0.0754997448884119
0.00856466022124035 -0.0298589402529642 -0.405739868355808 0.268593808197503
-0.179136807718346 0.017550999122842 -0.434571871835821 -0.308172746021558
-0.204541547882201 0.0271433496925244 -0.347669156267224 -0.217226392016027
-0.180742047335757 -0.0145210032238446 -0.15843697785282 -0.219649574785785
-0.177229823462903 -0.0618054255932163 0.0529978547498545 -0.228129764329879
-0.124276327044925 -0.15318416305874 0.208879664889657 -0.161239825910928
-0.0461316147262589 -0.20270326664038 0.212885258488931 0.0825861098875684
0.0122592673823246 -0.231638413719659 0.0789232049217168 0.373214022198136
0.0614168540856993 -0.205326836164425 -0.128270409890406 0.468422539540584
0.080233129452032 -0.176026682352236 -0.214375081452991 0.443323125255628
0.0606087100669081 -0.13530852845745 -0.181113029818926 0.33021857847725
0.0265344249010008 -0.117800261640204 -0.120658477229818 0.221470362604034
0.00290897608957219 -0.121532586674695 -0.135870900233146 0.131221970996223
-0.0428785872358267 -0.107357354808601 -0.208045864870041 0.0546814666409996
-0.11144628707217 -0.0956178549633094 -0.253134342727291 0.110420877416599
-0.14487801684745 -0.0780945519320414 -0.380624680089325 0.302499923270774
-0.309373916181796 0.0408925496037352 -0.352520599489989 -0.350955023382386
-0.35454970228618 0.0298196376984423 -0.26928314008506 -0.261571243715005
-0.34046037170845 -0.0397564076710435 -0.107041423698797 -0.253085396371246
-0.338069579723109 -0.134612123813192 0.0824912205538431 -0.264927439610136
-0.249179980907759 -0.279913592127524 0.20951330090275 -0.20341160250942
-0.10198088595134 -0.365911015355497 0.201019869298338 0.00414359621359007
0.0173356182324891 -0.413358127164532 0.0859347947801434 0.269529749593388
0.102658402012086 -0.377409668000047 -0.0886158612045063 0.350146767508275
0.129908182886728 -0.338906156060712 -0.164477021946467 0.381449321668332
0.0930943144019483 -0.289312135345133 -0.149830600499052 0.328380386868837
0.00462736430457954 -0.266565724637737 -0.100846774108242 0.254916762551842
-0.0577637229051248 -0.269467992305234 -0.152255768503533 0.18733016990808
-0.138936881560784 -0.215380041298757 -0.2161392336411 0.121259244609051
-0.245814139928915 -0.173254495026019 -0.227497868669404 0.183500945544086
-0.290797761631459 -0.107498625704146 -0.302550073857511 0.359717435598945
-0.388096701014642 0.035088052075127 -0.209464982304821 -0.390701235972247
-0.446408555272514 -0.0114032450995128 -0.138356601191736 -0.307035632687447
-0.433754631734876 -0.106381479627372 -0.0112158640914429 -0.280625208937325
-0.422605607068658 -0.230118318943214 0.129778672831125 -0.294078801662157
-0.29901834999089 -0.390923747726439 0.202798872996853 -0.248956803438284
-0.104192021021459 -0.477501989152444 0.180573523567872 -0.102813675629282
0.0419596696388162 -0.520912556202621 0.0901574589041933 0.110308388464991
0.124103075496448 -0.491031902615677 -0.0361924169483445 0.176327118750811
0.138468563547302 -0.472468354513434 -0.104119222949013 0.262061381224848
0.0711641186783418 -0.439987469694733 -0.109061209782341 0.283369569244047
-0.0814595641993808 -0.411270311901958 -0.0758873589380618 0.26734836736856
-0.190184919770702 -0.3908671704449 -0.150285002945878 0.257197496665526
-0.278043902165807 -0.278039725537189 -0.187744101893118 0.209733129539033
-0.381147286722372 -0.196379402957734 -0.154728613814528 0.272289683231451
-0.407933782883746 -0.101218363281817 -0.167641207111124 0.420661118621344
-0.399742615423182 0.00607562248481067 -0.0306978035189743 -0.404889419369693
-0.454705420375901 -0.0762424795140319 0.0212881326875598 -0.317572580573999
-0.424634626833333 -0.19011933720529 0.111487482989871 -0.266649559506056
-0.391748516749958 -0.311097347896055 0.188699979492952 -0.288859870868492
-0.249048817509053 -0.4402916426076 0.199960197362938 -0.276949493324603
-0.0561514407193454 -0.502428974020822 0.171144553614851 -0.2125441184962
0.0754338845655486 -0.535467049068603 0.108865891349073 -0.0711635646688456
0.127416772566812 -0.529467433616202 0.0184724682683005 -0.0282010379622529
0.106584371833124 -0.540202907092604 -0.0579076634912566 0.089239812882806
0.00393656694603533 -0.525238051034371 -0.0924612030575902 0.180300330806171
-0.200333555338285 -0.475070551053183 -0.0706058415474412 0.240656454126528
-0.337533730303319 -0.414415914857659 -0.124206271301822 0.31117093711352
-0.398763699387206 -0.257622978498513 -0.109699019903729 0.284609384322996
-0.472222314849115 -0.154951879005378 -0.029199019029756 0.339722925642579
-0.46908691829483 -0.0645565910801961 0.00781490809474836 0.458444902245939
-0.348783971665936 -0.0250669735265951 0.142752011220927 -0.38705062692101
-0.378688216425958 -0.130111617106171 0.16472604947141 -0.278179976666995
-0.320242515864558 -0.233630143033213 0.21385731397774 -0.198716178900974
-0.262267320170118 -0.321718328144446 0.228437819095076 -0.237229509721348
-0.136601350998932 -0.392963738745775 0.199429631355504 -0.269466512052395
0.00841950161608775 -0.43037772773229 0.183756319336228 -0.288846827459845
0.10260889776872 -0.466583237132613 0.149356250197389 -0.23571187726093
0.112055747480132 -0.488721782545355 0.0698154989300461 -0.229467313254515
0.05651507464672 -0.517458512466856 -0.0414005935374538 -0.103698419760064
-0.0663699923512461 -0.500389161495723 -0.118404759652935 0.0480364067213703
-0.27286832200831 -0.424200033162994 -0.102104064195338 0.19153480172683
-0.404075652584942 -0.332066226059104 -0.0905131641705575 0.32624856471023
-0.429685133426083 -0.171811040201869 -0.00787575055381037 0.315405209209243
-0.475252774710231 -0.0776053025599069 0.119102577853857 0.359915981617005
-0.453445081785949 -0.01544690546828 0.195702411438295 0.457074887333494
-0.246023214861461 -0.0427259232654169 0.287363475184029 -0.339724120023492
-0.253192531072919 -0.128331878735113 0.256314721851957 -0.209007986723988
-0.182366509482987 -0.201773741306185 0.255170303221407 -0.107929696361208
-0.123283405477423 -0.243119610521137 0.222330243834897 -0.166935822007544
-0.040286391794559 -0.26764741057544 0.188062770684972 -0.231399865378689
0.041892572190596 -0.290101218650852 0.206104060832915 -0.317328825986736
0.0983397580966119 -0.334404969102628 0.198620963002481 -0.35662883533363
0.0816002034886975 -0.371865128391067 0.112519819711039 -0.398424255429562
0.0127420120233208 -0.401358730601778 -0.0507140368102856 -0.275555483476074
-0.0953324535891284 -0.378787523038909 -0.175579037926395 -0.0687290744066851
-0.254722331898218 -0.293259503949141 -0.154885118559745 0.147714333832524
-0.350696332003879 -0.203595564750717 -0.0687269048690477 0.307539521813261
-0.350885956113222 -0.0829785996754693 0.0799408878247308 0.304936423248345
-0.380988389249252 -0.0108286141322957 0.246790181751298 0.336580579986787
-0.359264054525456 0.0200105079958036 0.354862342090798 0.425032871490484
-0.112029611457785 -0.0332735770450723 0.377764050075383 -0.287644218991718
-0.122202931485651 -0.0754515908598969 0.292253408548363 -0.149225200057938
-0.0749728140450497 -0.115189823300791 0.246057045787552 -0.0417366253896242
-0.0442150370082943 -0.126991855486334 0.186076508650564 -0.119352990022295
-0.00626636101808768 -0.126968394494174 0.162549434418569 -0.191007437298925
0.0238942043325301 -0.139060145136801 0.219393473218814 -0.311669642822472
0.0546525679295159 -0.169568437012744 0.237087551195507 -0.424035643303392
0.0362729159618897 -0.196764628924424 0.13700701125518 -0.511048499119871
-0.0106499621432256 -0.214451603796712 -0.0745777252049954 -0.392149380724345
-0.0721158927782941 -0.199963849202692 -0.232988754279457 -0.141175485619976
-0.155048419436306 -0.141240490694505 -0.205060015133267 0.125537064411604
-0.212334368915154 -0.0908538597965751 -0.0649580475685514 0.275915874386863
-0.199158572057407 -0.0306029436716537 0.132271058212992 0.276190610017517
-0.218172056859042 0.0167146706277099 0.323277614717493 0.296475311927672
-0.201729899976148 0.0273707675373153 0.45588828792668 0.376308418833021
-0.0177831087061026 -0.0250799214951585 -0.447744775800463 -0.281626502145211
-0.0255935469289194 -0.00416673728059786 -0.367013392883723 -0.199873662056289
0.00568244376640926 -0.0181727837585029 -0.17038047011548 -0.203122963111432
0.0124529213356578 -0.0108372930950904 0.0353789970659034 -0.20469459378924
0.0311564255874781 -0.0268512976561764 0.191015240875288 -0.133100552554055
0.0324840106965234 -0.0181655248545319 0.198722849085371 0.118329541875449
0.0174211764680547 -0.00963870905325158 0.0599883370738151 0.401327464912149
0.0123150704245092 -0.000272744725285479 -0.152511716388222 0.507813723760444
0.00964622747734714 -0.00232950696870541 -0.234279274721728 0.455874524617462
0.00139579375351581 0.000208393410876149 -0.189581087335909 0.319714953363799
0.0134112903140212 0.00152889031309565 -0.131485687077544 0.20056667079459
0.0154992358273493 0.00608669828487558 -0.123640726875264 0.103810612422575
0.0124959905989427 0.00145586911852727 -0.196590764387772 0.0251995576202661
0.00470969838290684 0.00307058816659078 -0.25515456964368 0.0750913977523697
0.00875276512098292 -0.0299925739328779 -0.402932947215423 0.267172342555431
-0.178441819950313 0.0175378432671051 -0.435003786423604 -0.305456168690916
-0.204103985051626 0.0271393340418343 -0.345956983715966 -0.215872885822055
-0.180100223082641 -0.014727617000722 -0.157158416292926 -0.21998647708835
-0.175822978969196 -0.0622944385871763 0.0534111296390996 -0.227962538397542
-0.124024749950145 -0.152762123603393 0.207668862737753 -0.161147679273809
-0.0455869212779351 -0.202603918365281 0.210380265738951 0.0821840595810889
0.0127261762702126 -0.23142841251503 0.0778886473701251 0.371882395806049
0.0616221975990101 -0.204116705474428 -0.130071580263804 0.466714500792323
0.0807261237467138 -0.175300189195701 -0.215109150211373 0.441100228563075
0.0603843111883908 -0.134387604614762 -0.180937528915888 0.327978078544323
0.0264996712897721 -0.117020546815277 -0.120189348686874 0.220676475892059
0.00273506774337895 -0.121396201163011 -0.135199021232182 0.131361541327966
-0.0427719910153478 -0.106589356399767 -0.207411234276929 0.0551186313220222
-0.111151859217466 -0.0953093004717812 -0.25123899083747 0.110021344718419
-0.14422045955435 -0.0777863853002958 -0.379016751025046 0.302028087998332
-0.3085588788093 0.040727405173806 -0.351880254868789 -0.347949177138019
-0.353682394779683 0.0300524972030049 -0.269097732096388 -0.260152551995586
-0.339493384314315 -0.0394276269126842 -0.106301783862992 -0.252980977349201
-0.336425182727786 -0.134302659405461 0.0819117867851905 -0.264405748963269
-0.248744888425307 -0.279050474819669 0.207630957874801 -0.203985849080699
-0.101378766142258 -0.364762869685013 0.199874273675668 0.00473303003789932
0.0177270532250966 -0.412690661379361 0.0854489103734538 0.268829582411005
0.101963229371693 -0.375962730829836 -0.0891123238552397 0.34940670113472
0.130424516830199 -0.338532700699428 -0.165029573800319 0.380013293436403
0.093373902464834 -0.288439914391198 -0.14998407609316 0.326679764743545
0.00438658324092009 -0.265262991659495 -0.1009849764798 0.253613224433636
-0.0584138281264762 -0.268282406907026 -0.150915020772943 0.186995030991154
-0.138560006643181 -0.213912041866314 -0.215011192544643 0.121569269423154
-0.243656129272089 -0.172686555385368 -0.225702699202816 0.182326171473416
-0.289068550992871 -0.107702616534528 -0.300646610477276 0.357889558856739
-0.386655086708964 0.0345908354355416 -0.209007758905721 -0.386722514413101
-0.445040247166919 -0.0113889494114948 -0.137880683017171 -0.305141874572804
-0.432096931661082 -0.106916562725026 -0.01140550659625 -0.28048393336367
-0.420566955579636 -0.229373938241392 0.129141599224771 -0.293532216561615
-0.297204300616324 -0.388466575589609 0.201025306878986 -0.248675559139748
-0.104725351845232 -0.475347182975079 0.178976521636116 -0.1029945245135
0.0424666035015692 -0.520107973225933 0.0892949136713587 0.110165966586322
0.12441495583678 -0.488922239085436 -0.0373102768147015 0.175313939028882
0.138923109557728 -0.470065585728411 -0.104387677861941 0.260400470633868
0.0720332965581773 -0.43753053104519 -0.109336211928046 0.282023669186176
-0.080207823597476 -0.408602917249311 -0.0766835483074795 0.265527809696277
-0.189650204376149 -0.390005003246679 -0.149889297835267 0.257393261009316
-0.276846437551495 -0.276898166092229 -0.1862760464045 0.208752071312743
-0.378603042146915 -0.196194915096469 -0.15457517708751 0.270065313726525
-0.405353960297551 -0.102829351032164 -0.166891934957043 0.418134457569245
-0.398474914515868 0.00545158447166578 -0.0322402057580968 -0.4026574166011
-0.453364144224999 -0.0760008127003847 0.0212176075703133 -0.316620823474255
-0.42371921361004 -0.189745941766554 0.110699593697404 -0.266769755677894
-0.388809130074807 -0.309917057593835 0.18744235976435 -0.288793772902025
-0.24669481934657 -0.438181418733939 0.198755042024476 -0.276129461473396
-0.0551247798863795 -0.499779811151816 0.17016295119599 -0.21162459316042
0.0767936889586532 -0.533756864500547 0.107972996389775 -0.0708353718951011
0.127197568685943 -0.527947333981902 0.0182531903677735 -0.0275609297122562
0.10801920095954 -0.537300585593849 -0.0577243660212204 0.0893728844033297
0.00460548022733118 -0.521454234005247 -0.0918288104679676 0.179524539089114
-0.198688454511501 -0.472601776154456 -0.0715741405918359 0.238426839657634
-0.335951589920982 -0.413011192944333 -0.12400333568433 0.310530182544003
-0.397097619823112 -0.256429776019008 -0.109042177524858 0.283627701245704
-0.470821500396931 -0.153501059444151 -0.0287825045673837 0.337722503119219
-0.466085229990776 -0.0649595918097359 0.0094963330499172 0.455346684977312
-0.348106242924016 -0.0260564848886285 0.142676065115495 -0.384473932893819
-0.377364610693492 -0.128667307025349 0.162872083174553 -0.277123758605798
-0.318892185562541 -0.232823444196407 0.212767926600726 -0.19967757813288
-0.261312552219746 -0.320794503261147 0.226716926271828 -0.236696552921346
-0.135772977145573 -0.391682841285451 0.198483919926156 -0.268559118295403
0.00922360141695455 -0.428145653028884 0.182901840566137 -0.288034218604346
0.103185678936499 -0.464996010057319 0.148526570450154 -0.234037453213406
0.111664041495343 -0.484672818534023 0.069862352223785 -0.228433174292903
0.0567335356087381 -0.515967829568916 -0.0403071161255499 -0.101964295717177
-0.0650840151507355 -0.498828798762276 -0.118250400039516 0.0475511880519264
-0.271287010470253 -0.422401266698327 -0.103313541957255 0.189516454969074
-0.402986543601132 -0.33111881921963 -0.0904344657116575 0.326212933616012
-0.427854876972565 -0.171367330450889 -0.00683461330826817 0.314679775073215
-0.472705183601155 -0.0771942511155625 0.118502440909873 0.357949165931392
-0.451464763354885 -0.0168542117469678 0.194897528645365 0.454474164020307
-0.24543223847252 -0.0423811590474655 0.285161041535538 -0.33701705744456
-0.252690692461781 -0.128185179950371 0.253996987031845 -0.208222035515437
-0.181061036450348 -0.201038532700802 0.253291772535787 -0.109579974293644
-0.122781455210075 -0.241711754572361 0.220989039737585 -0.166842818237868
-0.0396822071318521 -0.265543308708283 0.187144583452673 -0.230613208804622
0.0422594210698159 -0.288292162448353 0.205882131335163 -0.316164846104461
0.0974206012825646 -0.332712567160771 0.199545282589069 -0.354726003868714
0.0816632772296056 -0.370290750763631 0.112857772127083 -0.396379757928237
0.0134702278293524 -0.399681031839871 -0.0496843445719616 -0.27456258616167
-0.0942542682467596 -0.376771178596923 -0.174410127500439 -0.0687754829288633
-0.253806385520558 -0.292695156358893 -0.15519220193941 0.146809035984776
-0.35000402151257 -0.202735715750453 -0.0683046306215236 0.307482473459495
-0.349869218172828 -0.0821946246888716 0.079918556702314 0.303842494583858
-0.379400348990628 -0.00981601039775037 0.246187599306524 0.334828061535338
-0.35804628828246 0.0200031460004818 0.355109047267078 0.421472501680282
-0.111966104088876 -0.0334474028079853 0.374128199118571 -0.286045338771169
-0.121529060678451 -0.0748776535573635 0.289954064171683 -0.148986666507133
-0.0751747858485886 -0.114011114359148 0.244676041315653 -0.0437361588168917
-0.043706852912848 -0.126105666696945 0.184087047775418 -0.1187057855255
-0.00606943485701892 -0.126285799708577 0.16147055156196 -0.190270093181608
0.0238291090255322 -0.137486784911483 0.218622404402153 -0.309681272820375
0.0551845872030269 -0.168954375324319 0.237252552135156 -0.422235182319262
0.0362281343972504 -0.196216291791301 0.138392295493107 -0.50686086409164
-0.0103344512499323 -0.213760460709133 -0.0732706432596768 -0.390076826585135
-0.0719498034725259 -0.199222999444143 -0.232366343952747 -0.140955791452512
-0.154200983097319 -0.141031961005557 -0.205153479866864 0.125557344717553
-0.211329989990102 -0.0908619468301755 -0.0640743640550994 0.275505670362927
-0.198719755190082 -0.030517993480855 0.132218014958883 0.275204041625226
-0.217042390114885 0.0172773124311407 0.322828148896386 0.294402224615445
-0.201063430123685 0.0277083764106316 0.455102468126247 0.374073227320826
-0.0176559137082671 -0.0250749557276684 -0.448852935474651 -0.279716166681057
-0.0254617977876951 -0.00474078946737691 -0.366169673062884 -0.198601683783076
0.00580235184154773 -0.0184549645837725 -0.169980869454637 -0.20303340876352
0.0126002140755998 -0.0113268610432983 0.0356187864058172 -0.204647141567116
0.0310935335736383 -0.0277584761388155 0.190660255087774 -0.132987576731197
0.0322625034930625 -0.0183876136915764 0.197493896589403 0.11794971583005
0.0175992948284641 -0.0100953173766353 0.0589552609224255 0.400536865792205
0.0127691731196755 -0.000106486774871082 -0.154299190505744 0.506735594143186
0.0099613784802551 -0.0025682785335218 -0.233997091414503 0.455138601143845
0.00144792375079742 0.000726072213964518 -0.188990642497847 0.318664948045255
0.0131105381083613 0.00121653162249218 -0.131201572254334 0.200742242237881
0.015638977031685 0.0056919255001971 -0.12279357872248 0.10388141355532
0.0122349794235411 0.00125641537126038 -0.195496617304209 0.0259178404107218
0.00521178296720017 0.00306673764873603 -0.253731883667395 0.0749150459739028
0.00856444965147019 -0.0301404108019474 -0.400061528220677 0.266158291148559
-0.178129980679334 0.017588040933295 -0.434491243595106 -0.304535210103913
-0.203546334566819 0.0270350413870056 -0.34597637743133 -0.214797862530772
-0.179943685939686 -0.015163170218115 -0.157416553778409 -0.21980971247937
-0.175446531650021 -0.0627080851060774 0.052740101723592 -0.227257830833102
-0.123589274788059 -0.15292642059833 0.206304771071073 -0.161816613685941
-0.0456750681000934 -0.201851539290366 0.209525413572599 0.0818789485736428
0.0131954428227653 -0.231017495006063 0.0767191401781846 0.370471043290643
0.0615730366373547 -0.203498800394755 -0.130047486858711 0.4648604792227
0.0810924923194141 -0.175369862311593 -0.216717707921325 0.440576381585685
0.06062329036725 -0.133536437741455 -0.181320375256557 0.327283013128053
0.0270937659903713 -0.116679914931551 -0.120309727474938 0.220085518156715
0.0027407466764301 -0.120745740590398 -0.134269161026337 0.131840619509044
-0.043010921425503 -0.106588179765832 -0.206117552867873 0.0556719108000174
-0.110727355273112 -0.095286925984868 -0.249848605609472 0.109242503822238
-0.14405450713903 -0.0781906084169632 -0.375791703559619 0.301175883430234
-0.30817462664484 0.0403129247021537 -0.353205259331793 -0.345272612787061
-0.352868257047469 0.0298523232014727 -0.268341359582053 -0.259413903736216
-0.338599236207967 -0.0396371650183275 -0.106536395951629 -0.253172981086888
-0.335734369980149 -0.134506367681542 0.0816922544971848 -0.264176059936774
-0.248179715607205 -0.278878104001553 0.206605926992396 -0.203564084692972
-0.0998294773755602 -0.363205280885185 0.198283351086384 0.00419247446891728
0.0188278353760807 -0.411361357546795 0.0840206583142848 0.267998710895345
0.101490227048934 -0.37507424958949 -0.0907801731454185 0.348539083203433
0.130392801693663 -0.337732073762787 -0.165613442761 0.37935343901314
0.0940220133120992 -0.286839580676126 -0.150267968664527 0.325482257899817
0.00498340584892075 -0.26431468071908 -0.101437747670951 0.252099320612494
-0.0580852846430638 -0.268637310532357 -0.150661067276181 0.187403750082086
-0.137620446309575 -0.213290354003931 -0.213513136648469 0.121006281854809
-0.24326434560872 -0.171963114480215 -0.225283837486966 0.181496727470603
-0.287907839618971 -0.107796931669464 -0.297711972619532 0.356891941761931
-0.386458541232912 0.0333840833785482 -0.209826271145336 -0.385567210076132
-0.444713695344704 -0.011562824860701 -0.137813096995044 -0.304417142450392
-0.432446282196478 -0.106175322758805 -0.0115804823537701 -0.281225433644157
-0.419790091287911 -0.231003935166906 0.128247677309724 -0.293594120789755
-0.295839529072746 -0.388119595660518 0.20027696815378 -0.249585080979383
-0.102767488428698 -0.474336056427356 0.177611800405024 -0.102749528894418
0.0427774235250449 -0.518426163688282 0.08907696010753 0.110111323258429
0.123175143420466 -0.487995413369111 -0.0374488592178231 0.174991765081931
0.1389212395283 -0.470105920262621 -0.104547986683952 0.260148662046354
0.0732963233716177 -0.436266542779548 -0.109818309892467 0.281451132181297
-0.0783525704161408 -0.407798859241494 -0.0773205390679669 0.263893313312246
-0.189442509169324 -0.38973745530288 -0.148948250938564 0.257485808361405
-0.277041709939606 -0.275025708664507 -0.185494580794941 0.208536026354932
-0.377510933074381 -0.195398724034255 -0.153776649306702 0.269153398939681
-0.403835434655614 -0.101812856134335 -0.165500394337162 0.416657513207412
-0.398839534695136 0.00574107028350532 -0.0333789669362963 -0.400715462960663
-0.453459294487567 -0.0754809219876963 0.0198615536191108 -0.3155325168852
-0.423454609180051 -0.18961489302282 0.110123895296775 -0.267376658701014
-0.387621960184373 -0.309676677624467 0.185942971818073 -0.288785876822933
-0.24545488615831 -0.438015345341269 0.197565922614942 -0.276253033484918
-0.054631686364994 -0.499027717687084 0.16840611450662 -0.211519262925992
0.0759360309528849 -0.534654044469677 0.10849313878158 -0.0702956365287153
0.127479584487014 -0.525624412846575 0.0182200709316774 -0.0277089134060774
0.107630123978274 -0.536168342531376 -0.057268089958157 0.0899496838943405
0.00534468707918193 -0.52115133973923 -0.0925745463519375 0.178728248243284
-0.197044903117039 -0.472072459152127 -0.0727746191757908 0.237642490753688
-0.335493607532916 -0.413491975320136 -0.12333902016801 0.311291826313065
-0.396019437778278 -0.255534295569022 -0.108897737086413 0.282821678295461
-0.469495987762671 -0.154218090827254 -0.028876483386906 0.336252156482394
-0.464504575087911 -0.0666333963833502 0.00937960323475739 0.453324732307114
-0.348860573367511 -0.0267166300501902 0.140930907565573 -0.382471560032727
-0.377878161677295 -0.127817598070553 0.162740611539473 -0.276809991012628
-0.318146077780383 -0.231397534135258 0.211738889765077 -0.200570096097942
-0.260067223302675 -0.319865940833034 0.22515190382548 -0.237647359639312
-0.134777439928756 -0.389547142634519 0.197068398294117 -0.268584312502631
0.0110953713439258 -0.425795318253605 0.181978422012995 -0.287250714203115
0.102245625502394 -0.463709834421931 0.148580413296303 -0.233218445204318
0.112042676160829 -0.484807432438664 0.0701983480200193 -0.227757983235732
0.0579367976862807 -0.514058453653022 -0.0395078042617707 -0.10218196495766
-0.0638321276638711 -0.498042567597964 -0.117981158369235 0.047420762950112
-0.270077051147396 -0.421340834903229 -0.103886236264443 0.188685882198839
-0.402228688322909 -0.331519849484179 -0.0897538603256325 0.326132251533938
-0.426111996998215 -0.17154601225302 -0.00722860009778871 0.314016327966403
-0.472598655158357 -0.0765782417944306 0.118791707218468 0.356124125349072
-0.449499449761847 -0.0163398630928831 0.196641742899201 0.452098844651506
-0.245632814465293 -0.0426046905417369 0.284420686600705 -0.335907903185092
-0.252508380884214 -0.127664762138157 0.252627464396023 -0.208652022283742
-0.180726297621275 -0.199566243742663 0.252351228042352 -0.110285482203998
-0.122128661910438 -0.24153966762193 0.218929162355939 -0.167666627935692
-0.0392692924902947 -0.264473094448123 0.185866855602245 -0.229883487465216
0.0421369559701271 -0.286528423048303 0.204683249073501 -0.315614236102732
0.0980880840400504 -0.331586482806778 0.199298381190512 -0.354084316758339
0.0825147763938143 -0.369045693025007 0.113650270300887 -0.397001513690339
0.0140178250240039 -0.398885705611043 -0.0483264103393662 -0.273239837904226
-0.0947314018417752 -0.376590415485477 -0.174079283376731 -0.0688939738529806
-0.252171041825561 -0.29196497928779 -0.155863021412454 0.146021944031542
-0.349896015186099 -0.20363132017036 -0.0677606160134015 0.308024330915607
-0.34970142633963 -0.082219035985926 0.0803402965615886 0.303087139569141
-0.378727698591321 -0.00994069652397963 0.245959897442711 0.333295034774802
-0.356346485849193 0.0190852139469458 0.356884674494639 0.420023201023371
-0.112409903885424 -0.0330842961127544 0.373109811711975 -0.284427060422642
-0.120897156451782 -0.0742780987941333 0.288352419058964 -0.149000816161157
-0.0747929931222179 -0.113660359674722 0.242945882756684 -0.044593557058579
-0.0437149575852849 -0.125924550844047 0.181737131469363 -0.119340018597922
-0.00580843745161027 -0.125653363918999 0.160808832986165 -0.18959670248637
0.0239538749210987 -0.136331390010707 0.218538674464685 -0.308905785449095
0.0549354934272507 -0.168237540200526 0.238447169930403 -0.421416449399815
0.036570301424846 -0.195687198539973 0.139337324208201 -0.506988023732406
-0.0102237838739761 -0.213270657059594 -0.0712771847114918 -0.389164180735459
-0.0713668187081652 -0.199175839042743 -0.231450434606903 -0.139905675963555
-0.153786768934261 -0.14100962061334 -0.205683453839234 0.125105550582668
-0.21114162527604 -0.0903038449053342 -0.0637984366169582 0.275690175131239
-0.198541033626533 -0.0303164020739675 0.132531446333231 0.274638149288648
-0.217104815210948 0.0166643477269296 0.322231357175622 0.293622750388689
-0.199949413317151 0.0271691467302115 0.453897546219267 0.371917762095021
-0.0176033333918015 -0.0250106851456985 -0.449678473709093 -0.278670274998339
-0.0255494617609532 -0.00457920635311199 -0.364978944204708 -0.197184661334483
0.00541206774554978 -0.0187735235919409 -0.170267635430675 -0.2041358452883
0.0130180415239447 -0.0114913168177948 0.0354264985580568 -0.204860409425878
0.0304061411034899 -0.0277507197045148 0.189507000859218 -0.133240647631402
0.0321244187158787 -0.0182794104887536 0.196491749556559 0.117698306917121
0.0180680886434852 -0.00995596697981628 0.0582682500370623 0.400136482546856
0.0130769008885132 8.27527794545419E-05 -0.155665405321024 0.506468433425357
0.0101606885971574 -0.00279385806079408 -0.235200013816322 0.455137908025138
0.00197704633556533 0.000749165178091571 -0.189879333298081 0.31823294687077
0.0129270703588559 0.000937338043902986 -0.131423875673729 0.201084824394389
0.0153359423647438 0.00509712023184014 -0.122747848025836 0.104123579483728
0.0122629439479984 0.00166643573607015 -0.195048338771496 0.0262912272968612
0.00533703629215303 0.00327435432794622 -0.2532229852212 0.0743867230868469
0.0081288132434623 -0.0302585622387601 -0.399324034309354 0.265837576323127
-0.177876374336391 0.0168952422535011 -0.43401373839173 -0.303119630966697
-0.203649103214546 0.0269214918103201 -0.345189165875547 -0.214622764365495
-0.18029565442808 -0.0158451455932206 -0.15720680890629 -0.220847463214263
-0.175027683209765 -0.0630947423069214 0.0527306047322889 -0.22802533162499
-0.123249626610374 -0.152999597046229 0.205924877604566 -0.161542468799989
-0.0452637215361556 -0.20181658779868 0.207970109454576 0.0822062455965566
0.0134582134366635 -0.23110630940579 0.0765542498768942 0.370264587765577
0.0618839548269989 -0.202665816061296 -0.132643071967112 0.464262027408193
0.0818163562052195 -0.174859204946773 -0.217162880788296 0.440120642469573
0.0610090134562557 -0.133096255775793 -0.182437263056264 0.326540745385118
0.0269485734238165 -0.116128164881773 -0.120590014157541 0.219593736242904
0.0028285210509155 -0.12065682148448 -0.133700804641387 0.131832743011244
-0.0424226475597394 -0.106512338421227 -0.204974248757191 0.0563602927762807
-0.109625834251709 -0.0947345853739895 -0.24922917343992 0.109395056016019
-0.143801531302587 -0.0789741214201726 -0.375327194793011 0.300077256731942
-0.308373041420896 0.0391888594003456 -0.352722128398392 -0.344463076345906
-0.35263876671908 0.0295824730388901 -0.268447647878922 -0.258810730721355
-0.339103653891773 -0.040431543942544 -0.106502522613997 -0.253642660129207
-0.334961602233329 -0.135359518967708 0.0812862275523376 -0.264281761845946
-0.247084384311683 -0.279168747813185 0.205643304200997 -0.204041165196603
-0.0987973710999147 -0.363558466567921 0.196924012834731 0.00400903113222191
0.0195051127119245 -0.412581508758896 0.0836335760408548 0.267956722058955
0.102830880343729 -0.373313026852482 -0.0910881515324856 0.3478763762024
0.131335827318878 -0.337100737526878 -0.166545762131908 0.379084966326107
0.0946788860945202 -0.286223321880476 -0.150800817492338 0.325353965764724
0.00509899945652017 -0.263408722214034 -0.102127134031643 0.251523911424337
-0.0579386646074248 -0.268343812876854 -0.150521656525348 0.187152798893416
-0.138593427805097 -0.213279937598104 -0.212911033418869 0.121546649758379
-0.242589225787707 -0.171862535880502 -0.225184374745192 0.18115630626402
-0.287639354124531 -0.107890120818323 -0.298108092366948 0.355981021892465
-0.385869281511227 0.0333085508168067 -0.210059224226661 -0.384447316868301
-0.445216236692897 -0.01230357408954 -0.137950377951446 -0.303813495601994
-0.43150898689689 -0.106371188296227 -0.0114435791997773 -0.281581244210578
-0.419554742350466 -0.231374067363603 0.127338784978493 -0.293998726968982
-0.295419624900187 -0.387835576757589 0.199065689559377 -0.24996004381084
-0.102032791101669 -0.474231186786418 0.176410760500449 -0.103013130326509
0.0437974729375879 -0.518543029228131 0.0885438467860129 0.110573939788795
0.124192570366997 -0.486362870016051 -0.0379264931101497 0.175099959008185
0.139557355151443 -0.46965512397224 -0.105285809576077 0.260498767416994
0.0748741034353463 -0.43584021107485 -0.11088002349402 0.280859736396219
-0.0784555431958984 -0.406446510505005 -0.0779261254979824 0.262719164161371
-0.188896867929725 -0.390189420017802 -0.149105911370012 0.257483096364365
-0.276386604922781 -0.276099744511406 -0.184774810155432 0.208462076232029
-0.377594296349929 -0.194629603123652 -0.153361841891258 0.267742293298349
-0.403188273610961 -0.104115364211018 -0.163315101845663 0.416099303772804
-0.398122806313886 0.00449947891230871 -0.0335815365424355 -0.399544079502897
-0.451848888814274 -0.0757698523334713 0.0200229083876792 -0.315677339363021
-0.424013501328175 -0.190333337286429 0.110799072886141 -0.268561676104359
-0.385932396979469 -0.310823275996916 0.184988614369571 -0.289053532684335
-0.245139004668933 -0.437696807693892 0.196941290404248 -0.27672366854894
-0.054600662311892 -0.498677962476153 0.168440967244249 -0.211063790313563
0.0774999203706828 -0.53318395666811 0.108470975764416 -0.0693560647725214
0.127605219358878 -0.524982179821489 0.017917476875004 -0.0277593251325702
0.10871767784383 -0.535370009833252 -0.0575448613855835 0.0897825101204486
0.00557144052921881 -0.521016397272744 -0.092714838784951 0.178170463062638
-0.195576122085158 -0.471985649691285 -0.074082286202631 0.236236344334479
-0.334072930638559 -0.413177178895526 -0.123272531591491 0.311599758279886
-0.395493966969779 -0.256668925082795 -0.108592573235786 0.282455121401803
-0.468433344327863 -0.154800299362479 -0.0298957787693704 0.335307835402867
-0.463432191301702 -0.0670786097027376 0.0101616318582963 0.452137503990503
-0.349040833648787 -0.0268248155823717 0.140237918764049 -0.381751472842121
-0.376211616146 -0.128221261611431 0.160972291639518 -0.277063175037709
-0.317493528562673 -0.231565051843007 0.211152935422807 -0.201034606227389
-0.25899282981283 -0.319065833302001 0.223379768566368 -0.237015122634626
-0.133931321578365 -0.389910939663063 0.197703028692209 -0.268931140370466
0.0110504124169543 -0.424837082434456 0.181014784623105 -0.286610961864961
0.104076441322399 -0.462945321504333 0.14906062907667 -0.23292262970837
0.113790178726353 -0.482966254579589 0.0701862626604494 -0.227961193924892
0.0567649205607741 -0.513817292425848 -0.0382032594385209 -0.10126874513731
-0.0635930156426843 -0.498572233429737 -0.118170826468057 0.0473131081502519
-0.269689432940893 -0.42113947976432 -0.105133100423243 0.187393459594605
-0.402007657029551 -0.331780554921044 -0.0898680024836327 0.327062624826519
-0.427266913261787 -0.17161478437347 -0.00725623835122468 0.313675361227046
-0.471459166371854 -0.0761514189302958 0.118575740791581 0.355674775900078
-0.44903703414026 -0.018325064165513 0.195273331889757 0.452243931994152
-0.246094103624826 -0.0426970992264087 0.28274096709002 -0.334443665696353
-0.251461631687296 -0.127765829236994 0.251502781435392 -0.207826427088104
-0.180788352046272 -0.199093458921161 0.251365052936112 -0.11153023023288
-0.121444065441759 -0.241033055613908 0.217694440321962 -0.167453031839938
-0.0383758432512411 -0.263968302975368 0.185882166801943 -0.229949802550534
0.0434036197884625 -0.285499454100912 0.205025152782876 -0.314943620107852
0.0981173299573781 -0.331394771459516 0.200570338536253 -0.352623483744012
0.0821195884230344 -0.368900503019711 0.114655868047991 -0.395865185651576
0.0146137037057012 -0.398067754937711 -0.047137249631125 -0.273273812097137
-0.0935699650427506 -0.37670316235254 -0.173885027537185 -0.0685705100207834
-0.251736053615971 -0.29285000037413 -0.157697715595312 0.145957168349883
-0.349235161449507 -0.203860632627482 -0.0680572063785918 0.308312051369969
-0.34940514079674 -0.0820146939637654 0.0807290884765867 0.302905227540512
-0.378980163578303 -0.00980815585586658 0.245838975138413 0.332992618959555
-0.355536520282004 0.0190213491876764 0.356357065733207 0.418384292069109
-0.112954349966097 -0.0335734297795426 0.369879465899692 -0.281659734627673
-0.121040476351205 -0.0742686474870158 0.286551630221106 -0.149402708854074
-0.0745720255820836 -0.113086456459264 0.241491822323527 -0.0459322002436361
-0.0436395050117033 -0.125404359955307 0.181957598556885 -0.119429559971214
-0.00562126586961091 -0.12543456037046 0.1606779126813 -0.18880982269968
0.0249028231461289 -0.134634524171649 0.218125113946306 -0.308233543391126
0.054891249616306 -0.16814255204546 0.238254890433824 -0.420933598127521
0.0369344068175657 -0.195349509282203 0.139754120814268 -0.506896892573301
-0.00990304473695813 -0.212780408218131 -0.0709154009826888 -0.38829442676716
-0.0712322352731135 -0.1992046157739 -0.230767263564256 -0.139823801174471
-0.153074706485559 -0.140930440332723 -0.20598285436207 0.124351087026321
-0.21111363276534 -0.0901421292712212 -0.0637037176372044 0.276474503901953
-0.198908707098693 -0.0304831650376051 0.132992767354138 0.274820962327385
-0.216863669724213 0.0169881279042018 0.323735199163356 0.292978663713742
-0.199631392606867 0.0266388077998601 0.454735851579832 0.369788037750633
-0.023557174969794 -0.00694759202800466 -0.526358057360018 -0.0676981615104535
-0.0218318132865427 0.0123766519485467 -0.417076161611551 -0.0222855125573243
-0.00342446470794666 -0.0156788663452155 -0.241070034568327 -0.112487277332373
0.00448132504453078 -0.0140912411942326 -0.0562107320151586 -0.20227746061523
0.0123923980916069 -0.038250080096062 0.112277428592307 -0.204107350036921
0.0212965211638726 -0.0318889909778198 0.227704261896736 0.0207076750184327
0.0120819863026931 -0.0160822907120148 0.224950170597554 0.3381463164319
0.0146533484506277 -0.00768073423340106 0.0767362022541378 0.527250075881418
0.00754994898543371 -0.00559251157598768 -0.0174131895117205 0.513596214680129
0.00274787136974759 0.00136550371248323 -0.034645554867681 0.37065083669277
0.0128975837713782 -0.0037857146776209 -0.031798963492626 0.237403042922231
0.0145846032071917 0.000350940160222885 -0.0658468998011389 0.14758365316391
0.00900887406308323 -0.00433950742533911 -0.162901042892237 0.10750754194079
0.0030692212901408 0.000704923370555496 -0.197008734768768 0.173029482845317
-0.00906918360165617 -0.0294580496661136 -0.250328841749283 0.408550193501769
-0.154276084461832 0.0941112836711449 -0.525286024413963 -0.0884904160994832
-0.170178321438011 0.111562167512849 -0.405173772824188 -0.0411630658502437
-0.170501579360112 0.0604857538689508 -0.239565719117789 -0.124603838107975
-0.183864305939413 0.0159166771727389 -0.0591928469827731 -0.225208191934216
-0.177580656980476 -0.0887111206157406 0.10691989429021 -0.233069632440366
-0.124764677920997 -0.166509163860649 0.217045406082069 -0.0177157972040264
-0.0819158856880984 -0.213938791014414 0.22422303668766 0.295427739931198
-0.0221424981175953 -0.215717624556303 0.0826424259661757 0.477953115368601
0.00236707864578057 -0.193567547569512 -0.00438453539608471 0.493371110647217
0.00156224256630734 -0.146126538801283 -0.0197110433605999 0.372742618136206
-0.0229417726825867 -0.118280887025809 -0.0102249670470497 0.249665563976414
-0.0507247265767332 -0.10801614669841 -0.0566292640247682 0.172001380967041
-0.0865889055569592 -0.0807409617253058 -0.155837500351301 0.135531160649278
-0.144199505492137 -0.0397263919557092 -0.174910347544734 0.196892406968033
-0.172551439241937 -0.00563716197682318 -0.210758741505448 0.421947336522237
-0.265514096659306 0.164260141497256 -0.470657311517435 -0.157133396998679
-0.304341725881408 0.173095938704291 -0.355063990552989 -0.111018887754131
-0.325160045047326 0.102046828799206 -0.211573060159693 -0.169385818516905
-0.355005000231447 0.0166004426869594 -0.056874644205974 -0.267029039083124
-0.340293704520585 -0.151860512066703 0.0817987037618568 -0.268942369601276
-0.241582208147354 -0.291310204030206 0.169202304625247 -0.0844917009409954
-0.150487303809891 -0.380442550200214 0.184268239148147 0.193039106883189
-0.0543654177181571 -0.391240631964833 0.0704991404345712 0.353030191000607
-0.01811446905527 -0.363492781904433 0.0186389886477351 0.415715611841668
-0.0311422586425709 -0.300982155339569 0.0115888827375606 0.357200714759486
-0.103724713805337 -0.245465795539618 0.0258184141912815 0.268352856316289
-0.168284568147974 -0.215052563859606 -0.0407529075294997 0.220339461928091
-0.219401140612684 -0.138502644729614 -0.131709598354782 0.192164287354806
-0.298808054705112 -0.0521236936495574 -0.119558222990651 0.2445074798541
-0.318749142470152 0.0323781675203172 -0.113492666031007 0.433345066300758
-0.342307568792692 0.188145502247191 -0.357516600595326 -0.248178806167719
-0.405118875009225 0.172856707374161 -0.257845727542505 -0.205592477875115
-0.437451487846359 0.0772631538859066 -0.141693879121063 -0.231670672635491
-0.46922071364703 -0.0346760722256875 -0.0337763320187308 -0.313791384035786
-0.427492458115339 -0.229279709771953 0.0504981487804821 -0.306743976750983
-0.28993409405157 -0.388641986673543 0.10205033923399 -0.174330705718003
-0.172771396486523 -0.485961621289645 0.120106528457481 0.0436910776489042
-0.0791905691505196 -0.503273724117135 0.0438727405792967 0.171914104315912
-0.0640676142224131 -0.488625452583366 0.0255639528130898 0.281208051599533
-0.112161440416156 -0.429847178996828 0.0321647044195519 0.295750547663223
-0.242478502805977 -0.343407567195014 0.057034402175981 0.263918686374351
-0.337612212939074 -0.269480930988855 -0.00749320896283583 0.271223867032319
-0.374548107766427 -0.137942313498389 -0.0680321588191372 0.25255463564024
-0.432202243977788 -0.0161530357273989 -0.0183647855912452 0.287418240250787
-0.422385097978324 0.0902854104254395 0.0341635242307457 0.425311491990453
-0.366108434484272 0.164776692529662 -0.204788309298946 -0.334615543198448
-0.44033581446261 0.115358475226403 -0.120837224130702 -0.283975987454475
-0.462236765806104 -0.00245376758968619 -0.0305881073897312 -0.273344336083131
-0.472948871829666 -0.119474864796562 0.0187506205612519 -0.338007415571731
-0.40183583467688 -0.294337610836802 0.0359840132872276 -0.332981137200403
-0.256469214966429 -0.430371781474336 0.0483092782098093 -0.269840869499823
-0.146557164872401 -0.514315018472921 0.0622073858188692 -0.129649909580812
-0.0922314571788831 -0.538367295769882 0.00771605122432356 -0.0359995618873194
-0.121165268746965 -0.538498140050232 -0.00438678560020659 0.105000919337238
-0.208949926713153 -0.480265792770451 0.00535417526164352 0.192685528648166
-0.376723332373629 -0.354538039849746 0.0509475490195012 0.232604966330084
-0.480142847834617 -0.22767323732887 0.0357853811309729 0.299200920886242
-0.476893556207706 -0.06775900205869 0.0302787502631585 0.282171748145801
-0.497849454533191 0.0626746566090967 0.120026022641084 0.291880541631228
-0.460351880033906 0.150662281370175 0.206988551795903 0.382054771852865
-0.335253758487954 0.113991505686953 -0.038181733936107 -0.392729498764202
-0.394373453882115 0.036459806991936 0.0225915244887244 -0.310496293808101
-0.38423791551213 -0.0837458791201009 0.0882546390019616 -0.260446341707415
-0.363065307733561 -0.180609631616361 0.0800828097803201 -0.313012381057528
-0.282054324774531 -0.295333724306175 0.0431320908896401 -0.328782191474183
-0.167600302345567 -0.3893758675623 0.0299199721554947 -0.344144206483529
-0.0944145692655599 -0.460333216339994 0.0314770789927591 -0.293274945092785
-0.0905351253115306 -0.494344098313667 -0.0307294240121078 -0.240253036563272
-0.158380067131104 -0.498219012004417 -0.0703227991450705 -0.0774001059847189
-0.264344321941903 -0.431626074440186 -0.0759791718680593 0.0839615223726524
-0.42468313561706 -0.277531174575807 -0.000343131643834474 0.200093856531769
-0.503889611507515 -0.124990319068977 0.0645603047514662 0.297657621763183
-0.46908930966869 0.0235248505232294 0.130439536550983 0.265813999264885
-0.464962367900516 0.135746958125 0.258496988182475 0.248156730709385
-0.423737467834261 0.189248527568335 0.37380475972152 0.304409436397446
-0.249304387006533 0.0571790061840737 0.111352264194778 -0.413157160615832
-0.282269230990907 -0.0144665614884126 0.133254673978685 -0.289505450183622
-0.246594273562023 -0.109788156428446 0.165455024103758 -0.202546294569481
-0.208919709472624 -0.166087301802779 0.111559191374416 -0.249552924464243
-0.145424836583436 -0.2212588665123 0.0568933905749263 -0.290199879530656
-0.0805547780399114 -0.276400873296745 0.043411603414825 -0.377989604243253
-0.0457761169704175 -0.339633581084218 0.0281923845337544 -0.419867902810986
-0.0737866887822628 -0.374229376503948 -0.0643211982323798 -0.410355711706934
-0.149876953217309 -0.374361707839613 -0.154337201203901 -0.229240367213309
-0.24327692040983 -0.307080026282625 -0.179596894548592 0.004372270199826
-0.355888344338176 -0.16513156917275 -0.0702651912804753 0.186080364862497
-0.402959158658259 -0.0323210085121513 0.0706286305546778 0.279096395902212
-0.359192826183489 0.0735159675766856 0.20225709858294 0.223553384647729
-0.350095876056196 0.15698314282031 0.361536484411868 0.180001070878243
-0.318386829704355 0.181327032626777 0.502043574368896 0.212297285438596
-0.124629819517934 0.0124978431012056 0.217508015686925 -0.405890243123883
-0.143235238640778 -0.0196822014542338 0.192949461138124 -0.254124197621536
-0.115231957514417 -0.0740600741331135 0.190571562616208 -0.142687111981538
-0.0925364137272535 -0.0941171478319693 0.106456700452341 -0.188793144125457
-0.0591077314105187 -0.109639274536547 0.0579749831362472 -0.241676310968187
-0.0354820149199826 -0.132725668019219 0.0625458162984634 -0.375148442023361
-0.0187346121763135 -0.174024710954015 0.0360369926981278 -0.491208824607889
-0.0468708437697279 -0.194365989100675 -0.0897688665165055 -0.521101943392166
-0.0964051486630511 -0.193354509580079 -0.227774057308231 -0.323688295346763
-0.149616796207438 -0.153019823381541 -0.265792538679827 -0.0313291236868415
-0.201612285620101 -0.065690192584138 -0.128540855141947 0.193301027588143
-0.229130507252702 0.0118573116927001 0.0575262859050122 0.260803909672946
-0.196168983475362 0.058736899755169 0.236187176515603 0.181840293083201
-0.188589293883102 0.113387552334836 0.414862935813806 0.11820778107557
-0.16937386760648 0.116987027610294 0.571422105116375 0.136293141412288
-0.0236903715397528 -0.00732573314567891 -0.527880881448184 -0.067475584201839
-0.0221141809379985 0.01226060508835 -0.417602792647135 -0.0217303097203401
-0.00364842222557496 -0.0157236639518719 -0.242744390316679 -0.113198911793618
0.00453165277979405 -0.0141694097709068 -0.0571431910764363 -0.203200466164389
0.0121593796727835 -0.0383868926737537 0.111906527174821 -0.204673324718131
0.0210216624385628 -0.0321979566904141 0.227850354296604 0.0213045420843096
0.0122617029341683 -0.0164213897438754 0.225710524875313 0.339061890870004
0.0152083710360415 -0.00720359320743374 0.0780113501653917 0.528733518975525
0.00719070829907581 -0.00578343473497215 -0.0172253988854858 0.517392586201194
0.00309252358145184 0.00125711734481619 -0.0345031320323212 0.371392872712449
0.0125881663506252 -0.00381884604338023 -0.0317431086700102 0.238681470861369
0.0147143464566671 0.000277939768282688 -0.0652346156698001 0.148176127035836
0.00908053518768406 -0.00453074593109548 -0.161938212260421 0.10833653764867
0.00364528685740142 0.000535401660321021 -0.197126156165029 0.173879859510085
-0.00897540252004231 -0.0296354232637514 -0.24924009814277 0.408735938204766
-0.154449890303055 0.0939715064413372 -0.527260347955183 -0.087844026079801
-0.17047228758178 0.111991554578885 -0.406414742391946 -0.0411943874407753
-0.171220189292777 0.0612046390100467 -0.240887522411376 -0.124817140991399
-0.184394893521581 0.0157126213260057 -0.0600753959821347 -0.226261000027849
-0.178174260227828 -0.0889618476629103 0.105516481401461 -0.234128613819195
-0.12541243695577 -0.166869897310282 0.216876354730375 -0.0176566205653382
-0.0820524183444448 -0.215296528605229 0.22492771390364 0.296548372982952
-0.0218368996007912 -0.215812094896329 0.0816040661473846 0.479772913705592
0.00251297989383598 -0.194425697460633 -0.00463595627974885 0.495494874002654
0.00241337708541193 -0.146077074632117 -0.0200565240535927 0.374100818420599
-0.0230479261833449 -0.118293887070273 -0.00993714830506864 0.250692984647401
-0.0510562212269358 -0.108223606308789 -0.0562475543133358 0.173316240394347
-0.0865013596439369 -0.0809019099451557 -0.154781348194344 0.136231115895593
-0.143966632708365 -0.0394551921815261 -0.17519233822905 0.19736584241632
-0.172341252801737 -0.00555867315170995 -0.209768534772499 0.421929294629769
-0.266307098945978 0.165417139131983 -0.471945515307821 -0.154621591326958
-0.305239390900868 0.174279416757603 -0.356471755944485 -0.110991294110205
-0.326204268062843 0.102407615520878 -0.212877851921592 -0.170380372106293
-0.356569919987526 0.016436411745468 -0.0579966224834441 -0.268521173467835
-0.341489399085692 -0.151651870316868 0.080219272061991 -0.270430632907317
-0.24204375743546 -0.29162670726532 0.168909094006336 -0.0845521320905903
-0.151405986086679 -0.381079983249548 0.184428194153604 0.193866475836372
-0.0531418336515671 -0.390763686366263 0.0700862729703955 0.354525916428131
-0.0176262910280447 -0.364839903780644 0.0187702312097174 0.41797272050903
-0.0306804910954826 -0.301550716175937 0.0115957560428084 0.357722148606216
-0.103673205616863 -0.246003973823783 0.025558514614531 0.269170472806851
-0.168727298353405 -0.215618959818534 -0.0402451101324459 0.222480864496511
-0.220483674962024 -0.138674991147684 -0.13078700858516 0.193054086921707
-0.2986409344771 -0.0525236300032063 -0.120023778962232 0.244896526688616
-0.319714179035317 0.0331504917266452 -0.111638740150229 0.433543087128397
-0.343166346458419 0.188408626385277 -0.360425112015749 -0.247006126143591
-0.407259687981686 0.172816391815738 -0.258885936915301 -0.205355781387783
-0.438098267781687 0.0779027049205399 -0.143293761579515 -0.232995604970996
-0.47031427654837 -0.0355362791459158 -0.0355174746385129 -0.315236143922277
-0.429107585546917 -0.229438152183978 0.0498073582821554 -0.307960865653634
-0.290475420919377 -0.389544873284446 0.101501750645929 -0.174715851280695
-0.172113349779865 -0.487848589226409 0.120519568841224 0.043856670421489
-0.0790969147682531 -0.504394652822625 0.0439393424250021 0.172897099636336
-0.0636789105585982 -0.491491397238431 0.0251602650250169 0.282387022146138
-0.111910328988281 -0.431591885699075 0.0326951388455619 0.296900873491298
-0.241515936446802 -0.343754262130564 0.0564406927855444 0.2648247511891
-0.339766756908181 -0.269627337687024 -0.00615141207252372 0.27246954722765
-0.3751232204601 -0.138261507529487 -0.0678982083476247 0.252648104051367
-0.434683212605709 -0.0153480372222428 -0.0180997374114241 0.287939267665429
-0.423457265412012 0.0895116714664352 0.0350752659993428 0.425823608801842
-0.367319194261351 0.165619562576295 -0.206865506981038 -0.334744425850099
-0.441442944043161 0.11622838413424 -0.122345877099308 -0.283712698995436
-0.463486786056329 -0.000516210567092286 -0.0314861541866738 -0.274333836289069
-0.474370597970792 -0.119781516050893 0.0174004310196205 -0.339283926626437
-0.402657625375499 -0.294931671397901 0.0348887498684925 -0.334110577204093
-0.256328629430239 -0.431875322555983 0.0472992946346561 -0.270992256227881
-0.147464877816562 -0.515734617244571 0.062816206012624 -0.13031521475041
-0.0927598498940229 -0.540360366688282 0.0076214482463492 -0.0363673819701658
-0.121141339256998 -0.541178546581257 -0.00375380661032795 0.105491198989343
-0.210350629231265 -0.482413491104453 0.00505571672144396 0.193615963677301
-0.37841783353897 -0.3554525195753 0.0501520563525828 0.233597761942333
-0.482889169376608 -0.227352799290927 0.0370217293110679 0.300017433735021
-0.477388187331702 -0.0683229934525271 0.0305949212953792 0.28262697456462
-0.499741231388419 0.0632039422328443 0.120738423005042 0.292170116562579
-0.461995222767202 0.15068033704822 0.208956536324751 0.382086425109969
-0.337932262668387 0.115522157092967 -0.0388880060250976 -0.392297688069382
-0.395529743692824 0.0373959457792381 0.0210034787659408 -0.311307031371697
-0.385911338353765 -0.0823888276721092 0.0865813355911118 -0.262485078880898
-0.364105576320559 -0.179716236839261 0.0785644340794838 -0.313836653683275
-0.281850336308843 -0.296816887306722 0.0427720796753709 -0.33038354566505
-0.166945914864105 -0.389975306267389 0.0294454202854414 -0.344927962815947
-0.0952137631286912 -0.462416066429312 0.0315514282449782 -0.294418002409102
-0.0912272811789657 -0.494915741146127 -0.0310973256536914 -0.241153755673862
-0.158661542586977 -0.499187567657317 -0.0701596802809708 -0.0777775778245728
-0.266272137787201 -0.432906627483905 -0.0764512041299925 0.0841423720906628
-0.425109394027341 -0.278659065555016 -0.00161788311981941 0.200305689628786
-0.506975706839658 -0.125149393373477 0.0660171613862515 0.298769620213866
-0.470589729436108 0.0237566565892008 0.131009178022396 0.266890346138725
-0.467592409679873 0.136215426305 0.260017583749487 0.248711290801856
-0.424663869460668 0.190898535333939 0.376133293791103 0.30339539907637
-0.250386605107705 0.0582831387843918 0.111409523059059 -0.412189815991291
-0.28285188410532 -0.0140463034779075 0.133090938087949 -0.290207590403407
-0.246950454691949 -0.109134038373575 0.164579446090328 -0.204239300899272
-0.209430684218956 -0.165917635348802 0.11002151058222 -0.249996221247747
-0.145419820118983 -0.221307074359045 0.0560330144788932 -0.291866635571373
-0.0801152241055193 -0.276708697451952 0.0430418769751839 -0.378426695392335
-0.0454383732611602 -0.340422206412569 0.0288476009076436 -0.420909956705462
-0.0745203026692536 -0.374770287614433 -0.0641531013795617 -0.412742382610797
-0.151629080436595 -0.375649973987566 -0.15383594051122 -0.229780981184553
-0.243872337218545 -0.308120545320403 -0.180581308543619 0.00484264200032891
-0.356628391887446 -0.164624361847423 -0.0711010659490446 0.187280169472001
-0.404206419975545 -0.0311755229452691 0.0713026855948693 0.280526043310667
-0.359405420182076 0.0741500574068902 0.202865420401448 0.223833816462914
-0.350984468652829 0.158768200120281 0.363227971566228 0.179490272496894
-0.319666995829319 0.181165940665767 0.506270177772199 0.210189474473299
-0.125052419505785 0.0128491463338365 0.216923798875246 -0.406466151006337
-0.143455754948507 -0.0190005416747443 0.192373155092108 -0.254673256415439
-0.115180414088506 -0.0733748889314556 0.189088654893987 -0.144191112951532
-0.0930862874529182 -0.0938109051421066 0.10474701461198 -0.189176898573123
-0.0597362730320591 -0.110115777440149 0.0575158122734652 -0.242217440202803
-0.0353381567668249 -0.132078984902619 0.0624315314529346 -0.375068513665895
-0.0188533011913194 -0.174477975179138 0.0360973471546525 -0.493005087845781
-0.0474165388169844 -0.195236182166436 -0.0892993202448694 -0.522576630297832
-0.0973258732956863 -0.193872638737118 -0.228117052041277 -0.323837022517398
-0.150307021439947 -0.153029047852712 -0.266143142803666 -0.0315263056780562
-0.202135060800136 -0.0659313832298132 -0.129193768232751 0.194425637959792
-0.230115417995238 0.0119407987791161 0.0581509676744314 0.261899512963856
-0.19715141303141 0.0592090763665066 0.238179086167837 0.182362975866377
-0.18832393740472 0.114308977541372 0.417054784127646 0.117474114260155
-0.169544378894998 0.11707962108588 0.573040461514126 0.132981873436654
-0.0235150740014107 -0.00756652888352481 -0.531347101719147 -0.0644542565836283
-0.0221645587200893 0.0124223588087616 -0.419477128688558 -0.020669448756848
-0.00368231448688587 -0.0158447324050982 -0.244567078444343 -0.113689395730177
0.00428888657916474 -0.0148985630871183 -0.0585670707719713 -0.2041951813403
0.0116084816273181 -0.0387552011028035 0.110485467097963 -0.20595410952557
0.0209625226192924 -0.0322449240944353 0.227178827363469 0.021035064686419
0.0124619401622967 -0.0168234258317599 0.226417414951321 0.339934760719093
0.0155564767382097 -0.00732435329919638 0.0782335062634857 0.531802475830992
0.00779195887827327 -0.00634582942279269 -0.0169473777996233 0.519196317176209
0.00340136284703725 0.00208407885721325 -0.0343230075862274 0.373147826302244
0.0125446543014714 -0.00385551563883634 -0.0311982809712688 0.240017088067097
0.0145112065271627 -0.000555347039071845 -0.0646533323868177 0.149826906294971
0.00879282344317498 -0.00451933566925614 -0.161579718987259 0.109767654622169
0.00383004559032702 0.00035854342826119 -0.196698136596427 0.174850490955577
-0.00998489554534356 -0.0303727400815851 -0.250519612732694 0.411454205585002
-0.155159199056761 0.0944119229985892 -0.529828890246034 -0.0846401884428979
-0.17133597440282 0.112869197892758 -0.408398421929246 -0.0393599236118366
-0.172610810179432 0.061823942625033 -0.243169880663168 -0.125140182945477
-0.185041227780495 0.0157690090007915 -0.0614824309554596 -0.227325877397459
-0.179410065266858 -0.0892580562571243 0.105048241904523 -0.235175780986681
-0.126366999238626 -0.167509230887849 0.21740303901328 -0.0177152888376401
-0.0827620646405715 -0.216145676006056 0.226086658210206 0.297955153294477
-0.0220428994584497 -0.216459270939124 0.0818332207932155 0.483239386674264
0.00286797746633493 -0.195574442020591 -0.00312257044229569 0.497596123536957
0.00228887674036845 -0.146716869794757 -0.0197209332681787 0.375823821779088
-0.0230527103407712 -0.118073394748373 -0.010219801262304 0.251760203616991
-0.0515222580333923 -0.108914177629984 -0.0558050220703731 0.174358627793674
-0.0871506838019219 -0.0806326746760096 -0.15450375035695 0.137463565477508
-0.144072744043376 -0.0394775636624681 -0.174929858733755 0.198099181419887
-0.173872618830099 -0.00603356772590654 -0.208430207746419 0.424372102883131
-0.267118658827279 0.166135112458926 -0.475246291155558 -0.152986902730821
-0.306021361525446 0.175557699577514 -0.358186033205284 -0.109970399258909
-0.327538251552496 0.103228030998412 -0.215029661554699 -0.170973417149313
-0.357747507300174 0.0168107414466321 -0.0596532684054714 -0.269494987250143
-0.344460257586955 -0.151471322810867 0.0788190254173455 -0.271639198801332
-0.243005101590532 -0.293565953394311 0.168558235846141 -0.0847659121420508
-0.152721225430534 -0.384144298537277 0.185539487313073 0.19429018700375
-0.0549256889035396 -0.392537744045109 0.0695852707263752 0.356754150112271
-0.0184720312223836 -0.367177531432733 0.0198279270529416 0.420133164859729
-0.0309028189863025 -0.302913774980224 0.0118874927399584 0.359745286920061
-0.104374410124524 -0.246088878326523 0.0256508612304501 0.27024265231871
-0.1703501048234 -0.215975828707259 -0.0395053541912968 0.223435503464295
-0.221380121976006 -0.138329818823832 -0.130783391871219 0.194077624484155
-0.300232622428276 -0.0524813481829174 -0.120046412142848 0.24575787219823
-0.321304604261661 0.0329875106881689 -0.110653892056163 0.434918299184496
-0.345638612656864 0.190315779134863 -0.362989619876612 -0.245692007948961
-0.408474095292012 0.174858728675971 -0.260923011964783 -0.205465871965031
-0.441165379958201 0.0786066515889018 -0.145575602693856 -0.234140762251305
-0.472225854593767 -0.0343100448826425 -0.037310848101621 -0.316649997503254
-0.430728330872471 -0.229702111936866 0.0484430095195518 -0.309857089110403
-0.291963134272343 -0.390931600063434 0.100840207821132 -0.175101651400572
-0.17260081864752 -0.490516098027034 0.121490996665542 0.043649899647165
-0.0808163694293577 -0.506080162741203 0.0440063859823402 0.17380440757967
-0.0652810235958262 -0.493696823128831 0.0264330907808609 0.284264460902665
-0.111527139044159 -0.433029730986727 0.0320923212592458 0.298096646844873
-0.242912961220414 -0.34511117189076 0.0559696983587595 0.265664962797108
-0.341806324742705 -0.270417039092267 -0.00462762057822553 0.274201238434135
-0.37705613893329 -0.138063539290715 -0.0670389878576256 0.2543842153416
-0.43534107192637 -0.0140672214185007 -0.0176628389946635 0.28859178037399
-0.425057529063078 0.0912946954533221 0.0369699063117507 0.427610846279133
-0.369356164124711 0.166826070023435 -0.209036732823775 -0.333517694883791
-0.443302008218858 0.116623516654909 -0.124500089510092 -0.284148895165545
-0.46570102719458 -0.000921720970343003 -0.0330196787915687 -0.276312106233432
-0.477178524700148 -0.119979564290716 0.0152153113083914 -0.340958266534332
-0.404500995117675 -0.295062633542071 0.0339185677145404 -0.335881211185028
-0.256745015039236 -0.432543063752549 0.0462094195715278 -0.271381717394166
-0.148457942847747 -0.518470148194749 0.0629051068384362 -0.130528658817985
-0.0938099518224469 -0.541528574062711 0.00739516493071917 -0.0359933283150395
-0.121213104683061 -0.542539599795638 -0.00322233155538208 0.106297880959043
-0.211887103629505 -0.484188169446755 0.00547695315079926 0.194697351341529
-0.380137216931962 -0.355571769441631 0.0495559810852557 0.234261837494595
-0.484336563855434 -0.22811985314741 0.0379959403212553 0.302602725841005
-0.479488972515598 -0.0670841621469187 0.0310909193672658 0.283593261556383
-0.500324691448506 0.0651599900685479 0.121953351907944 0.292788366513938
-0.463739756925479 0.152662641130349 0.211966219238878 0.38194851559585
-0.338567683920481 0.116116843259654 -0.0421983957123547 -0.392182016305004
-0.39692811843566 0.0378796008012059 0.0198140411195818 -0.311923923385338
-0.387038249342518 -0.0823198751657013 0.0854583080772486 -0.264116164532905
-0.364807615195935 -0.179930280030208 0.0774971287043372 -0.315285661122006
-0.284110918988243 -0.296503749529893 0.0413917668357361 -0.331230249629772
-0.167537789844697 -0.391601467567311 0.0288273079141293 -0.346120510851897
-0.097238281571735 -0.463001875934921 0.0316558994769967 -0.295446191813112
-0.0913582612012971 -0.497606259993773 -0.0315387866453839 -0.241874987020037
-0.158835189267698 -0.501401869781453 -0.0701277746490157 -0.0779401945356785
-0.268924009619411 -0.434306932954547 -0.0764357578962233 0.0848206588118595
-0.427722904754504 -0.279426473005773 -0.0023354384775477 0.201983861586912
-0.510020773755174 -0.124873633466202 0.0681624552633199 0.300760003206933
-0.472524275841616 0.0244889075126893 0.13229314296801 0.268194869631526
-0.470023275314334 0.138565254025484 0.26157139765428 0.248687157327788
-0.424962173218643 0.191872378093455 0.379550899955142 0.302254558911066
-0.251561110108815 0.0590845465303287 0.109800113204349 -0.412366381201251
-0.284655774644984 -0.013068852329037 0.131666042340625 -0.291176074104058
-0.247899142477225 -0.109056761525676 0.163786630787492 -0.205958428399899
-0.210723047746347 -0.166656027430151 0.108818548887425 -0.251306190488595
-0.145935148260548 -0.221683480620549 0.0553565765514954 -0.292370223903169
-0.0809552906917911 -0.277399928833745 0.0423888251940763 -0.380212425769625
-0.0470850165495756 -0.341900645506791 0.0289275842286199 -0.42271628713107
-0.0743298032354111 -0.3769514075628 -0.0639741296715992 -0.414158801870849
-0.151094597213941 -0.377480881916585 -0.154663673561364 -0.231132159332284
-0.246021821927041 -0.308775433921114 -0.180908098790055 0.00532592149163447
-0.35779283357688 -0.164362230490644 -0.0721949256977323 0.188534078622561
-0.407172060901287 -0.0307630733431194 0.0741045510646955 0.281965752455538
-0.361727563667151 0.0751733254556602 0.205057395256242 0.224958646916731
-0.352739959317808 0.160029721872438 0.365256015288807 0.178517846320451
-0.320061934556983 0.182797608363348 0.508345941145825 0.209048493403061
-0.125945292708355 0.0133805154354587 0.216304976971696 -0.407294769032036
-0.144217285653849 -0.0188034154020046 0.191064102135712 -0.255922646940886
-0.115675977854652 -0.0731830180139332 0.188136986848302 -0.145852360301779
-0.0934040955781217 -0.093803367386589 0.104017148239064 -0.190293478264565
-0.0594750110954938 -0.110016055096194 0.0574346665965027 -0.242518327931532
-0.0347745108427987 -0.132016095876906 0.0618664002014618 -0.377431854638032
-0.0190187508276298 -0.17450530258421 0.0359341720817333 -0.495814019247373
-0.0475425941906229 -0.195566130458088 -0.0904868614211762 -0.525976532553974
-0.0982017305674015 -0.194936317157127 -0.228397173963078 -0.326301722337796
-0.151060514194774 -0.153240647463301 -0.267044139821698 -0.0316082430251056
-0.203144540004873 -0.0657204353306183 -0.129849478115619 0.195708763334553
-0.231489218799141 0.0125281221915698 0.0606182518145899 0.263250517753314
-0.198151564898355 0.0603748404773872 0.239708330411365 0.182925538197457
-0.189752965059955 0.115005517788926 0.419112419532326 0.116383549509737
-0.170075017443446 0.117829443236832 0.577130589871321 0.131663135538687
-0.0233437842613769 -0.00763610960591524 -0.535736621526419 -0.0627295432432147
-0.0220812426747472 0.0127560457308652 -0.421161847082359 -0.0188630614941111
-0.00422611566515214 -0.0161336807636794 -0.24763442449529 -0.113768751683708
0.00459812293837717 -0.0153597773769271 -0.0598162729540134 -0.205271177854061
0.0115231189549226 -0.0391308074285662 0.109420515752345 -0.207633464219059
0.0210433315477241 -0.0321326219325132 0.228155497336676 0.0204526778650494
0.0125478299935049 -0.017113413339878 0.228972771045995 0.34231907665374
0.0159395833701919 -0.00772460458182275 0.0797045712344183 0.535670241352849
0.00793691883633044 -0.00685016951003049 -0.0163259335804204 0.524074593008437
0.00373419411373634 0.0015080183706271 -0.0340008398708692 0.374846020719299
0.0125602589241393 -0.00428318083551257 -0.0310966027166787 0.240941727318763
0.0146386928297462 -0.000611769265178285 -0.0635605727573725 0.151177509972754
0.00862270683802333 -0.00477611272174672 -0.161042494023694 0.111234609551593
0.00420391126458073 0.00011378615802525 -0.196648883869234 0.17557442992329
-0.0103132622300972 -0.0302590633277119 -0.247652698385349 0.412530013500268
-0.15537023905241 0.0954079219326965 -0.53296238785907 -0.0831721725594058
-0.171918026629173 0.11426300111946 -0.410629008275423 -0.0378719704959741
-0.173395771985453 0.0627107445162303 -0.245809296341088 -0.125876907301436
-0.186013652007116 0.0160294562547764 -0.0631201970272789 -0.22869054375856
-0.180415408979873 -0.0893097716861515 0.103270345313042 -0.237008812695961
-0.127498527265304 -0.168235612700105 0.217964158880748 -0.0182795036032442
-0.0843595460890802 -0.217563696188962 0.227709017080944 0.298780863881804
-0.0224080537676643 -0.217419733999824 0.0829190766243075 0.486237244387359
0.00258887222981124 -0.197097784690553 -0.000947152456932939 0.501019331000976
0.00246330026228255 -0.147354432836937 -0.0193972114669171 0.378676208099727
-0.0235081001294162 -0.11906755361761 -0.00931526470554338 0.253618636086215
-0.0525010126721867 -0.109550162738904 -0.0548637515059217 0.175821926562785
-0.0876826468830679 -0.0805909698079901 -0.15400347603369 0.139288988645377
-0.144902924419625 -0.0396230017669492 -0.174443451396132 0.199177783077697
-0.17454027583891 -0.00558391238009911 -0.207890228408111 0.426160013297214
-0.268063934640944 0.168138887354287 -0.478608031305968 -0.151084062601646
-0.307409565791362 0.177763301927521 -0.361010758144445 -0.10872980881973
-0.330162569918794 0.104838290413798 -0.217638523674607 -0.171904575180591
-0.359966508335883 0.0178763593300255 -0.061644538644081 -0.271226867489775
-0.345216067548235 -0.151902877407861 0.077801593493248 -0.273755414318477
-0.244636215659724 -0.293423217332159 0.168653477271373 -0.0852910743268919
-0.153328812522926 -0.385138447291917 0.186857004264155 0.195043652159614
-0.055785843538144 -0.394208172648362 0.0707705181808718 0.35884928129181
-0.0191879585045027 -0.369150508638884 0.020857665519167 0.422479395615788
-0.0312875795924497 -0.304061571677046 0.0120637619839568 0.361581472987014
-0.104880202828687 -0.24706663036951 0.0255676860679836 0.271966259251583
-0.172589516420612 -0.216890388915505 -0.0384660188349308 0.2254562718315
-0.22255307957597 -0.13887889487058 -0.13052075108087 0.195752670629519
-0.30155064019972 -0.0520467282003236 -0.118893780759235 0.247585557461277
-0.322760420110707 0.0336466666052966 -0.109591075604068 0.436131715785265
-0.345551087040049 0.191694426784138 -0.366575621376991 -0.244629488131761
-0.411644680773961 0.178160464509023 -0.263569467608824 -0.205038492063164
-0.443894312085549 0.082034914190406 -0.147614647494199 -0.235350813092095
-0.475152730419337 -0.0325764657030256 -0.0392249154482736 -0.317905927103562
-0.43436243367034 -0.230326350710226 0.0468857948802074 -0.312718304049206
-0.295608531840044 -0.392540169148944 0.100261298429876 -0.175731981016948
-0.176813858442181 -0.492346302627425 0.122342768984866 0.0440988835779773
-0.0822858812839972 -0.508430075706961 0.0438730083096345 0.174768608027092
-0.0663509455802951 -0.496652466209911 0.0271843713661964 0.285957191983692
-0.115053193030493 -0.435076546394792 0.0334719453052244 0.300036010184185
-0.244005570070628 -0.345168721429027 0.0565110940514581 0.266728491927009
-0.344727194902929 -0.270768617926917 -0.00296258876836564 0.276902134072013
-0.378695954681674 -0.136079202880328 -0.0666016506236512 0.255216294073241
-0.43772865373707 -0.0127981625145766 -0.0161884099107018 0.289786237890383
-0.426588387208509 0.0916253470635891 0.0399139576772752 0.427510818440902
-0.371459339439741 0.17004538364911 -0.211381735457745 -0.333685767013333
-0.445589933975746 0.119544003209479 -0.126705308576014 -0.28483382924125
-0.469249245850853 0.000573309268215838 -0.0360629751137404 -0.278476360079856
-0.478702178402685 -0.118824478959203 0.0127756716987495 -0.34299570159684
-0.407465202240613 -0.295659384368116 0.0316266749703184 -0.338179581855389
-0.259987480092277 -0.433648389209493 0.0451895439432692 -0.272735775812767
-0.151025357565601 -0.520704166432014 0.0631414997268949 -0.131342017745411
-0.096280036178562 -0.544421550588324 0.00696167175128222 -0.0357133260510924
-0.123748047301515 -0.545750197676402 -0.00314600878749503 0.107251273015435
-0.214911660382181 -0.486527422764607 0.00571064818889493 0.195821097548361
-0.382499499631114 -0.355963504278323 0.0491586955039673 0.235303353894604
-0.488470748565735 -0.228815978872637 0.0403407255082 0.305170010931506
-0.48318050345827 -0.0664177601154645 0.0327736831981949 0.285365790201038
-0.50392194563708 0.0662100323363617 0.123032293436424 0.293666616685842
-0.465763707930284 0.153515770272947 0.215243169158008 0.381960331440476
-0.340427741026942 0.117546436133323 -0.0437566174125845 -0.393719472613265
-0.399085669607971 0.0400723211110186 0.0180490283842318 -0.313869469132192
-0.389532061415449 -0.0806968358879021 0.0837728195724308 -0.266773743650891
-0.367572367790093 -0.179280095092291 0.0750849724074782 -0.317359046064497
-0.285278602181274 -0.298571032718164 0.039762138053785 -0.333143355511296
-0.168294464236992 -0.392361751405754 0.0276689124691219 -0.348029393701119
-0.0981711827287205 -0.466055375812245 0.0311557864616191 -0.296895315282577
-0.0937682969100167 -0.500540401045858 -0.0321691822119646 -0.242914342572716
-0.161472870334316 -0.504231193042866 -0.0699338871664014 -0.0780024736660149
-0.270301759122072 -0.436573612345916 -0.0766564051356044 0.0857784603901225
-0.431291056962218 -0.278207080473539 -0.00290964961065849 0.202986517119982
-0.51502345081502 -0.123596945449014 0.0707347944360396 0.30310887576878
-0.475378508304246 0.0263989178289083 0.134476701342419 0.269193913603678
-0.471400279732155 0.141039765635168 0.263387870792335 0.249076081692519
-0.427142511050322 0.194069387129507 0.384414604907635 0.300612842898817
-0.253266764597378 0.0606408200975229 0.107813975844456 -0.414067491064624
-0.286020130168425 -0.0119294583586211 0.129882218583289 -0.292836502078353
-0.249751233922946 -0.108349224532229 0.162545909737258 -0.208187373819926
-0.212009323781015 -0.16603532673169 0.107755860970295 -0.252835556399706
-0.14634247239313 -0.222112587896784 0.054157628794384 -0.293472620124656
-0.0807373500096877 -0.278240403910838 0.0411155114811396 -0.38217893157817
-0.0475692837948602 -0.343471656462971 0.0284540867635552 -0.425071622764442
-0.0751172775039189 -0.378898027305884 -0.0659030097376723 -0.416767302614338
-0.153470927078349 -0.378180945115855 -0.155044302138708 -0.23225915495111
-0.248414796962065 -0.310468096981094 -0.181698870998638 0.00590321329361785
-0.359184408258368 -0.165091170582108 -0.0729338141321256 0.190274556328724
-0.410447965471225 -0.0290656229386522 0.0754358615137839 0.284245007636476
-0.363301906763376 0.0767263807973419 0.206958927283914 0.22564176013805
-0.354150402886103 0.16240471535565 0.368112062410616 0.177241495903651
-0.321334375769333 0.184234051871818 0.513677164858295 0.206131687153086
-0.127140949191938 0.0142061113208017 0.215223102298314 -0.408508806008277
-0.144456746358795 -0.0181967625261887 0.189958476434466 -0.257293688871261
-0.116196618223975 -0.0725194993146426 0.186870581450774 -0.147527087436364
-0.0942507507697041 -0.0938826286705012 0.103023215301251 -0.191502961227336
-0.0603509571918962 -0.110107504473046 0.0563206432293752 -0.243957650811554
-0.0343277390881991 -0.132725693696159 0.0607675846882871 -0.379341632339149
-0.0199178641536408 -0.175485865454301 0.0354450173350853 -0.498530837242975
-0.0488081829010867 -0.196255803105355 -0.0915496984581361 -0.528867945144673
-0.0989949073751748 -0.195277650181787 -0.229116284827456 -0.327491385592126
-0.152907772033676 -0.154112940532195 -0.268572011378191 -0.0300836758648254
-0.204116088096892 -0.0655870213300429 -0.130898400861512 0.198167075234943
-0.232886630287974 0.0138178715102954 0.0625012412132221 0.265396275953387
-0.199387840683518 0.0616429228796549 0.242073938041576 0.183048960322422
-0.190195476974166 0.116895849061277 0.421345620231879 0.114444237873473
-0.170512136899626 0.118265036388645 0.581494537698194 0.128548359825478
-0.023279069248037 -0.00792035334191253 -0.539103293398032 -0.0579715372785581
-0.0226429699629386 0.0128422050117204 -0.424059335557121 -0.0172263271910784
-0.00457590087906015 -0.0163573655861547 -0.250300503739206 -0.113131916692197
0.00451571782133758 -0.0158981839524334 -0.0614212582572169 -0.206896043956286
0.0109676896393763 -0.0398061526075621 0.10849594515729 -0.208814683070832
0.0209438209977819 -0.0325105226723669 0.229527030662945 0.0201010788744271
0.0125169501104749 -0.0174875851843471 0.229833044049531 0.343123073273768
0.0162900273843346 -0.00780123574552837 0.0822149504372528 0.539453732816567
0.00781819697849333 -0.00726172404234016 -0.0143450502814203 0.52787856926559
0.00393382799566101 0.00183241496367246 -0.0327053012954263 0.378159874208891
0.0122039295079053 -0.00472316906594652 -0.0298415091209583 0.243009309903161
0.0145618528552251 -0.00064436356510327 -0.0626363865569537 0.152567500117928
0.00892642205744664 -0.00486789981041422 -0.161102252453702 0.113176198220899
0.00457526145482961 -0.000163463196789639 -0.195866310605091 0.176863566413927
-0.0108194181424525 -0.0307793812241652 -0.245565644411513 0.416627828834278
-0.155467433800192 0.0965236769559778 -0.538512068166832 -0.0797603579573082
-0.172739869016146 0.115801176194838 -0.4140426285685 -0.0361397067963617
-0.174916890172561 0.063982357065832 -0.248952723321034 -0.125669564348115
-0.186815522363023 0.0168113326028042 -0.0655130115494583 -0.230407357845603
-0.18299092337552 -0.0892031331752265 0.10201517563484 -0.239314627408043
-0.129511267720979 -0.169324555396957 0.218338169660871 -0.019006086094878
-0.0854921731423003 -0.219031387231031 0.229521769766053 0.300042858063587
-0.0228907971032253 -0.218570058860446 0.0853451243634303 0.488853340817665
0.00145685712235197 -0.19863658110778 0.000567521294077784 0.504499100223085
0.00243301296246954 -0.148137289630195 -0.0180781331224101 0.380567313928803
-0.0240758232393684 -0.119402091062072 -0.00866722620351302 0.255138737278844
-0.0532683894447413 -0.109317614473445 -0.053551322980642 0.177696983782976
-0.0885122165868484 -0.081213208791455 -0.153980801375197 0.141228555030933
-0.145237176053863 -0.0395148601247503 -0.174172121033162 0.201189144497589
-0.175903036676729 -0.00520307616934083 -0.205494020452727 0.429727895639873
-0.269985276406398 0.170312980613861 -0.482329888497804 -0.149234759661492
-0.308729490211793 0.180934025669899 -0.364349581576239 -0.107331215042336
-0.332440965493059 0.107110134409345 -0.220644515815079 -0.172494109610617
-0.362834308636279 0.019033104836618 -0.0647302529269893 -0.27304121247772
-0.348908758437147 -0.15107192614771 0.0756266206266947 -0.275959698241259
-0.247746020077612 -0.295546660656914 0.168902422603909 -0.0862064084880492
-0.157007623239898 -0.388012476944353 0.188930898777051 0.195683358851914
-0.0583985616828658 -0.396536012523825 0.0723543036374582 0.361872475726463
-0.0206378282763063 -0.371966676651774 0.0224808557779455 0.425719623604396
-0.0323853484019819 -0.305824345363276 0.0138408306976696 0.364517301122031
-0.106492164618823 -0.247559012979139 0.0268248633857159 0.273311199760834
-0.174252315746147 -0.217051851301593 -0.0368918674806426 0.227300815695483
-0.224260960650397 -0.138264408173466 -0.129467726836109 0.198159544443598
-0.303625489243903 -0.0506139744887569 -0.118550876249126 0.24880504933915
-0.324634112246609 0.035309687867588 -0.106965001928055 0.43939929361597
-0.34841179543149 0.196005975773871 -0.369192029844196 -0.243029818055769
-0.41172292535834 0.180628509456813 -0.267969501312062 -0.205657396520248
-0.446570633984529 0.0853424611540716 -0.150889401353674 -0.237284944136802
-0.478424706221976 -0.0322727250344008 -0.0421413217502356 -0.319811011616934
-0.437064593017042 -0.229468219501146 0.0442248914993257 -0.31428486157474
-0.297443610234049 -0.394539119447498 0.0986278996161561 -0.177089971162227
-0.17927612692603 -0.496042097751466 0.123332696858455 0.0435424304905392
-0.084618868995445 -0.511123409130008 0.0443961262091049 0.176362277843986
-0.0695807182715976 -0.499279497997192 0.0288053187083004 0.287940695477904
-0.116854090909365 -0.437735069842796 0.0340914853561099 0.301923656033249
-0.246993281527777 -0.3467985300881 0.0569635247383445 0.26835426498809
-0.349448007754681 -0.270918488950119 -0.000544027519133912 0.279431916849918
-0.383125189572774 -0.13572743503457 -0.0660635269702203 0.257717462118346
-0.439893597325487 -0.0105326672692296 -0.0156788501180364 0.291374618607709
-0.430357955340501 0.0947396700774559 0.0431900678920216 0.428155162872329
-0.373714309930913 0.173253643535127 -0.215489707635076 -0.333074137306052
-0.448354051654888 0.122646832076448 -0.129467086587871 -0.286080540920934
-0.472568276495978 0.00349185379112777 -0.0388307994416989 -0.280457939444153
-0.482328782189474 -0.117721725969127 0.0105546976818709 -0.345683413668589
-0.410839604176895 -0.295064837354909 0.0301591904337898 -0.340690800138048
-0.26182887292483 -0.436848421670446 0.0435307952027721 -0.274080709473209
-0.154316453551615 -0.523614637119529 0.0639627338274792 -0.132438244103048
-0.098014032537564 -0.546523711429818 0.00728517635065534 -0.0362170729165764
-0.126997003694716 -0.549731184476593 -0.00179601209760317 0.108127189547868
-0.21738965825479 -0.488976129276615 0.00620268674236337 0.196810587714466
-0.385927081760191 -0.356618247966115 0.0492882909833085 0.237118083960888
-0.494267497823119 -0.227114166816366 0.043456106539085 0.307348889599046
-0.485939538839782 -0.0637700783377391 0.0343514976877914 0.2868630414424
-0.507767880806767 0.0696796032323092 0.125280346441271 0.294479335135952
-0.467500227419198 0.157516076753855 0.219424064693669 0.381847313965174
-0.34252329031219 0.121329899545964 -0.0460782560603865 -0.393907161169196
-0.40274403568304 0.0420589655811732 0.0153142905264771 -0.315925744230908
-0.392880405496834 -0.0801082220227012 0.0818791310637813 -0.269589829445925
-0.370618360459855 -0.178976151710927 0.0725646099447186 -0.319768196259354
-0.28764004531952 -0.29790751276583 0.0382755225869757 -0.335532200145334
-0.171612300848711 -0.394667988594554 0.0263539788080967 -0.350157780490442
-0.100922590089655 -0.46890858060691 0.0307312858370923 -0.299789131767535
-0.0964256317406892 -0.502465722844989 -0.0330587560518452 -0.244334234986287
-0.164663411766615 -0.505852858096287 -0.070123939515421 -0.0782400192194007
-0.273975351665084 -0.437689597692039 -0.0769508475465335 0.0865764465371593
-0.434625934292557 -0.279024068263391 -0.00305025095055121 0.20516283978804
-0.519688614357755 -0.122929102087342 0.0732000646823538 0.305451534314281
-0.478385991260873 0.0294601180192303 0.135807936913307 0.270200480259518
-0.474980208144841 0.145232747379697 0.266509817303482 0.248542950735386
-0.428895104872366 0.196415976004309 0.387635175298241 0.299390682656547
-0.254719741670871 0.0624195843967224 0.107740515146866 -0.415422168720791
-0.287556627734048 -0.0110346182021996 0.127991387404666 -0.294797598507588
-0.251686275895281 -0.107046205098751 0.161189152100734 -0.211152164294626
-0.21347422004425 -0.166350692824835 0.105996578022087 -0.254572067572131
-0.148290883818869 -0.22315901934326 0.0530185352125742 -0.295437757622905
-0.0811523331391715 -0.278824611873682 0.0398734358563727 -0.383938566976829
-0.0499101059323116 -0.345443948160012 0.027352983934624 -0.427623635519341
-0.078375477939073 -0.380834264295646 -0.0677224144114865 -0.419733943648283
-0.15578171147628 -0.379959183223121 -0.156788578888614 -0.233271664290764
-0.251934758887293 -0.311328497429237 -0.18289940886387 0.00689966164663535
-0.36329159989154 -0.164549425265185 -0.0737917501173071 0.192851969083362
-0.413575641750209 -0.0269100122372544 0.0783787327318976 0.286060870398968
-0.365934615287356 0.0800494780692935 0.20964063314227 0.225938869486746
-0.355289767013667 0.165021650157254 0.371964526623114 0.176182816843428
-0.322416422678196 0.185575727923021 0.518085254178419 0.203045731341282
-0.128188567848326 0.0153653034251002 0.213165884695487 -0.411325787247792
-0.145360925792448 -0.017579698202817 0.188413038547305 -0.258953660945437
-0.117532837143215 -0.0717937458111636 0.185208791915197 -0.149453994856158
-0.0953130027864056 -0.0935260982775036 0.101792372223958 -0.192383586861689
-0.0608046732616176 -0.110385107487961 0.0554734315128081 -0.245409839663777
-0.0343715880045409 -0.132699207786958 0.060265643435432 -0.382199612279538
-0.0207348787457911 -0.175975978117488 0.0330283544801585 -0.500749247695882
-0.0497850905733436 -0.19759227307029 -0.0948650341834278 -0.531614938656785
-0.100500234827301 -0.196288352581503 -0.231605090328585 -0.329538624137253
-0.154288869104029 -0.154045439083489 -0.270181239139984 -0.0290506701616004
-0.205855743928549 -0.0653300304987413 -0.131136856403298 0.200341640598929
-0.234247105984518 0.0152314833913695 0.0646087115350613 0.267301226817685
-0.200581297130654 0.0634185785619764 0.245775449628981 0.183250070459731
-0.190442528847683 0.118420944804765 0.425579824220671 0.112677863920805
-0.171164653456845 0.119640427777437 0.586146251025098 0.124707599006533
-0.0233725719807678 -0.00776499071885712 -0.543496019146419 -0.0544176177084538
-0.0228799731625971 0.013492378003938 -0.426794529432155 -0.0132619430553645
-0.00511368951922224 -0.0165837740324957 -0.253599553854256 -0.11228241157253
0.00423693264874613 -0.0162293825879495 -0.0637075988113098 -0.207659390412899
0.0103528456080904 -0.0400639476036586 0.107069281397271 -0.210710606225939
0.0206351503125847 -0.0330799006391571 0.230409928923032 0.0186558525927885
0.0126681443858047 -0.0180574011238114 0.232734566374098 0.343422238824882
0.0167233228894904 -0.00821741105496442 0.0858867850408976 0.542079333470288
0.00817615623480734 -0.00781504118943266 -0.0114513947584573 0.531673922510057
0.00424762513201018 0.00172175442851462 -0.0304544273445185 0.381131154146232
0.0123574451644019 -0.00485576267050596 -0.0281356320533612 0.24483294258816
0.0146389550295938 -0.00104872161307365 -0.0607995286674899 0.154260683601773
0.00865517228300309 -0.00510790336623889 -0.160307784783486 0.115661231559644
0.0047641608287967 2.10134681580959E-06 -0.19479201150829 0.179825614624786
-0.0115995068379959 -0.031267028698473 -0.243732889626465 0.420738997948502
-0.156208043869218 0.0984077211712758 -0.542106785348504 -0.0741748808945626
-0.172908888824993 0.117992044727869 -0.41693363077898 -0.0326544310806794
-0.175988549261276 0.0655564002644471 -0.25281056597091 -0.125202661784311
-0.188903271540894 0.0176879970002178 -0.0682048941573043 -0.231513271976357
-0.184585288061616 -0.088785978329161 0.100029355349683 -0.241109373124341
-0.130620817835129 -0.169523558988262 0.218732953884797 -0.0200364151663904
-0.0882182157835179 -0.220803698515111 0.232794628379806 0.300428618251317
-0.0243468998563969 -0.220109821084654 0.0886545933688655 0.492700621870504
0.000139424011210108 -0.19984861713748 0.00300615077823511 0.508925894876319
0.00175780972499319 -0.148650358344409 -0.0159406978707311 0.383036842358759
-0.0251111561044 -0.119904611456136 -0.00725990045618141 0.257354950191294
-0.054664539675642 -0.109429685660801 -0.0522071028082468 0.179419797486188
-0.0897135865989843 -0.0809304160746057 -0.153120028799665 0.143916549308483
-0.146551938673554 -0.0389842634083042 -0.17343086094244 0.203276561379192
-0.177713382835957 -0.00436198034422743 -0.202993897084148 0.432924991191185
-0.270234653700419 0.173925429089729 -0.487997008348414 -0.143333146226648
-0.310051717669858 0.184497982655791 -0.368383729474245 -0.104915618217035
-0.333878067914878 0.110200042867175 -0.224348420690619 -0.172319173558087
-0.36482432012194 0.0216787010857869 -0.0673324904366943 -0.273683082342201
-0.352018932224844 -0.149977706346287 0.0730647821975428 -0.278032054676685
-0.251785569937668 -0.295177918148797 0.1683946723557 -0.0872052618618549
-0.160206056152263 -0.390786369128292 0.19138947217722 0.195728145690539
-0.0600768831460632 -0.39899881742884 0.0740353951286404 0.363980931581449
-0.0233286025387761 -0.374735611208058 0.0262896788020916 0.429489970164992
-0.0339679293705343 -0.307108061425513 0.0156359196086269 0.366659217641634
-0.108153381404355 -0.248168682981244 0.0276284489156488 0.27538706804681
-0.177064620759926 -0.217351946040497 -0.0344466138228902 0.229482509410279
-0.226882230707518 -0.137404203855387 -0.128748671777259 0.200695656702889
-0.305343055443541 -0.0498006525055727 -0.117600387089012 0.250694494578551
-0.327140601945284 0.0366543647296468 -0.103599827634857 0.442103573622455
-0.348428028158621 0.200131997049273 -0.374692831800469 -0.239590017791697
-0.413432814820972 0.184845110320572 -0.271056368202324 -0.204150841042892
-0.449285793964504 0.0881022964284969 -0.154221657858377 -0.237877942158334
-0.481124496645056 -0.0297937973350713 -0.0454938906997384 -0.322375964562307
-0.441955585302256 -0.229037620162518 0.0416020573041448 -0.317422522013126
-0.300250867798123 -0.394624790334532 0.0981359117718705 -0.178032844288751
-0.184871721039457 -0.498784870899449 0.124701745292043 0.0434677087047401
-0.0890915833690721 -0.513989035231981 0.0453085795666012 0.177713584494385
-0.0722053851064147 -0.503005837398455 0.0305154718479974 0.290347790512066
-0.119281997601468 -0.440437714325326 0.0363929294005058 0.303664146120905
-0.249573310545772 -0.347403997448351 0.0582498632324885 0.270100662755505
-0.35385924481145 -0.2700939196113 0.0019600227073158 0.281769296730553
-0.384922998126251 -0.133484105706883 -0.0647055595900039 0.260618150166295
-0.442543391761413 -0.00873035690980496 -0.0138566390425037 0.292722802402236
-0.432114715458211 0.0972561672307344 0.0473442918433161 0.430284687343138
-0.375188920831512 0.176977255222027 -0.219236023546404 -0.33091098559544
-0.45019626575513 0.127908730205691 -0.133716436056662 -0.286812461989232
-0.476358316482233 0.00734717300693988 -0.0417973776619285 -0.282473018510336
-0.487702228999969 -0.115373545280345 0.00720684668133289 -0.347419364802931
-0.414979307349402 -0.294018832800632 0.0269705311839063 -0.342088580783039
-0.26540921499548 -0.437589192680943 0.0416003528262486 -0.275693679394786
-0.157802373862333 -0.526607967315256 0.0630185388204574 -0.133393724232807
-0.102840226693857 -0.549833413031364 0.00644247400397983 -0.036487618183318
-0.130383336404719 -0.552764808747508 -0.000733856800669006 0.109323056444461
-0.220515885858133 -0.490729168143753 0.00720673402521953 0.198263800987311
-0.391431501705529 -0.356701091288202 0.0502847685391675 0.238613816055301
-0.499527995228138 -0.226355183770602 0.0465732788466355 0.310192642597852
-0.488628986711856 -0.0612104942992162 0.0360576802595522 0.28835608109484
-0.510518396144442 0.073533371335813 0.128469889699714 0.295547119769782
-0.471092376349716 0.160778504300171 0.223628802012905 0.381511936117845
-0.344554263609078 0.12505130043477 -0.05018359617884 -0.395483575551754
-0.405113384013943 0.0471173562364929 0.0126774051962735 -0.317074325252316
-0.397265484776371 -0.0764588749669346 0.0788219232440689 -0.271779403393149
-0.374697695992835 -0.178578326414895 0.0699341925546198 -0.322816586365404
-0.291894102537049 -0.298154773631071 0.0354860021219817 -0.338078371681325
-0.173259452418132 -0.39653772490772 0.0230720975457505 -0.352102856782226
-0.103515465736189 -0.471549418361936 0.0293762650079607 -0.301705232038485
-0.0996611626769444 -0.504974399747574 -0.0350115745693216 -0.245900664808711
-0.168814978622891 -0.509225728395029 -0.0705795324576024 -0.0782001453755442
-0.279451765338852 -0.439633823201389 -0.0769710078570194 0.0880790986498286
-0.438679062075396 -0.277410207034468 -0.00322262640648813 0.206546579692358
-0.524687233687469 -0.119193808327793 0.076740154559765 0.307845793252647
-0.480577115933271 0.0332959579969698 0.139651737330458 0.271702738413777
-0.476501944398555 0.148308970279951 0.270234548199634 0.248469283605724
-0.430635557991464 0.199540055982816 0.392399619724572 0.296845593110441
-0.256094200391729 0.0650957890516285 0.103485014859454 -0.418253053441725
-0.289539516138869 -0.00852457349130936 0.125926696141677 -0.298187320386765
-0.253993751559328 -0.105205927642792 0.15880862254648 -0.21397523879669
-0.216284797471836 -0.165430809795136 0.103329883603124 -0.256451941154589
-0.150245659973835 -0.222056448442164 0.0509069910376802 -0.297117769610018
-0.0828530693693183 -0.280313813476604 0.0388675959922415 -0.386705038639147
-0.0529391949193293 -0.346526400818659 0.0248442448963249 -0.431378738927064
-0.0813794727054769 -0.382088835263608 -0.0713244319428389 -0.42144407686875
-0.160560780212794 -0.383024443631219 -0.15846780742602 -0.234070298099068
-0.255517198856085 -0.31160555813304 -0.184015460208159 0.00796967248251186
-0.366289016365635 -0.162380903473122 -0.0736690519472226 0.194915438578036
-0.416423791057556 -0.0249475310768428 0.0816738333594633 0.288356422923441
-0.367638565679516 0.0829385340261361 0.213161508475455 0.226511628253079
-0.356790182609981 0.169606781070765 0.375415929559441 0.173576548156393
-0.32353305730058 0.188883764762373 0.52311522412379 0.199019085941079
-0.128903868986948 0.0168737888385035 0.211500381814382 -0.413747102590165
-0.14642282500617 -0.0165262897909702 0.18646261617013 -0.261608681155081
-0.118179130884924 -0.0709081814715932 0.18418199891085 -0.152193044910497
-0.0960753782562121 -0.0928950477652622 0.0997407698440723 -0.193707028931305
-0.0617785908533534 -0.110146549259588 0.0540537984040705 -0.246362202758935
-0.0348705978006819 -0.13280568400342 0.0581648828124595 -0.384038146442569
-0.0212998126571374 -0.177135268849825 0.0310795985796488 -0.504451819528732
-0.0517227895887635 -0.198432190462948 -0.0983467797246064 -0.534696572029767
-0.102659354122046 -0.197125115638032 -0.234731721866091 -0.329724529896264
-0.15673132200495 -0.153725044945612 -0.271869942571575 -0.0273640498775964
-0.207729844826044 -0.0644971308799109 -0.130934343025381 0.203914735361715
-0.236243864530586 0.0166447133706972 0.0676449652724457 0.269428126401294
-0.201348435196889 0.0653063508450085 0.248830812273686 0.182824794702811
-0.190692467999244 0.120556195237593 0.429475296815002 0.109415385297518
-0.171404673762757 0.121248047417019 0.590928703685675 0.118591681058353
-0.0237420400388915 -0.00817673597456644 -0.548297963546638 -0.0485660831950249
-0.022751186039455 0.0136375176947156 -0.430329874439059 -0.00922373525732202
-0.00540302872932519 -0.0170085917873673 -0.257090662434888 -0.111049303151767
0.00399277547787295 -0.0167111166376586 -0.0671960186819573 -0.209191217607376
0.00960236777438617 -0.0405610057247298 0.105086251108823 -0.212795212883649
0.0202212581840515 -0.0331797308279635 0.231626746195029 0.0168049058239924
0.0123031385925725 -0.0184295303728592 0.238146668195367 0.343066962233754
0.0170206150143374 -0.0086028909724542 0.0896146990268913 0.544843828993893
0.00807729862604924 -0.00816217655421432 -0.00809238809965381 0.535226506402639
0.00493298150210154 0.00181817388631479 -0.0282280124378535 0.384349497430385
0.0118842149122999 -0.00524762962738366 -0.0257137324307204 0.247134496183538
0.0142025258812485 -0.00176561151419629 -0.0587728859261382 0.15583382531884
0.00861836215645491 -0.00515258799935088 -0.158933092404083 0.118366408332861
0.00497449335825539 -0.000682081669385434 -0.194158896489341 0.182259710685075
-0.0120449747585247 -0.0311500978651816 -0.239992506009877 0.42323675555534
-0.156260523234653 0.0999731915732212 -0.547506506547423 -0.0687962881641544
-0.173056567478314 0.120618326499203 -0.42042584548281 -0.029309618628881
-0.176783372006442 0.067606092449618 -0.25656211179911 -0.123866189740783
-0.189674755428306 0.019084844859093 -0.0714525309269885 -0.232499705562373
-0.187010054484138 -0.0877555480639954 0.0966775672649252 -0.243810143010033
-0.133192284303937 -0.16957995030275 0.219685432014217 -0.0217303735598834
-0.0902377274533371 -0.221171733735774 0.236777349345802 0.300018332769832
-0.0260276058834419 -0.221123691961235 0.0922363734018734 0.496094304880856
-0.00107533598330095 -0.201810140512986 0.00726595565358005 0.512592151795864
0.000912937626786074 -0.14996381003893 -0.0129759742202539 0.386375134528405
-0.0259870478240005 -0.12012847397593 -0.00500741119257711 0.258491813369937
-0.0561575007938144 -0.11013483835723 -0.0499006707550973 0.181407789573404
-0.0909245732107885 -0.0801854175663382 -0.151912810957144 0.146073387626334
-0.147309522941446 -0.0381351944490239 -0.172200587882385 0.205983674881435
-0.17909238845541 -0.00275829927516907 -0.198985294888769 0.436747279249396
-0.269939643015084 0.176871749614773 -0.492164354189753 -0.139156261860946
-0.310771161101183 0.18824037705539 -0.371835280777618 -0.101763238230892
-0.334899061712998 0.113584058571287 -0.22809474925579 -0.171020087933355
-0.36657999146408 0.0245045669950746 -0.0713528030049695 -0.275421641147625
-0.355698022508408 -0.147923728236996 0.0702108026558128 -0.280274798853686
-0.255172911432684 -0.295988037047087 0.167795169892299 -0.0890162069227417
-0.16556092068526 -0.39128961068322 0.194482246710737 0.195295405748884
-0.0638722471994999 -0.400157877350085 0.0777269905923961 0.366063449283212
-0.0269062080765451 -0.377525629379978 0.0288953209703405 0.431589384894182
-0.0368701356015312 -0.308939219120769 0.0184944227818339 0.369262385698135
-0.111091473906548 -0.248422472598635 0.0306521123022835 0.276734828247013
-0.180868335584002 -0.216396529787422 -0.0321786103315462 0.231667105063035
-0.228894661634061 -0.136094609479788 -0.126868425372993 0.203237925896509
-0.307213699699777 -0.0471141899394974 -0.115234024998084 0.252880824338543
-0.329227019755643 0.0392980385156351 -0.0991172436345559 0.445545379219329
-0.348647873496986 0.203770489905545 -0.379279273406995 -0.237528938485649
-0.414595137742806 0.189954487929786 -0.275744161589779 -0.201939103848091
-0.451936407416869 0.093151676323943 -0.158297605218394 -0.238082869105316
-0.485938329661065 -0.024499082706304 -0.0495432787550373 -0.32329753578467
-0.446119287902333 -0.225825275930071 0.0381631300514252 -0.319229141647047
-0.305560437528389 -0.395858403570591 0.09644845400404 -0.179662460404584
-0.190057547612579 -0.499720786014445 0.125879502437306 0.0423411500481092
-0.0924043102792307 -0.515836450641243 0.046968497286912 0.178886985400389
-0.0767851923385141 -0.505434474626088 0.0338854180840214 0.291724246485857
-0.123140123881581 -0.442006230751275 0.0385940705320973 0.305529805189863
-0.254563991736274 -0.34742400473801 0.060224540219555 0.271917467705753
-0.35852511820253 -0.26867353933482 0.00533484355187908 0.283503183802827
-0.387790598061198 -0.131238359526908 -0.0622351690767988 0.262400511243614
-0.445261742969393 -0.0046555039223632 -0.0113447945743172 0.295090273086337
-0.434525707052218 0.101470917958099 0.0522735099320813 0.432064177683893
-0.375192697527384 0.18087411207155 -0.224507035558465 -0.330754204669527
-0.452554613892189 0.132396916776589 -0.137900384846189 -0.286504520894888
-0.479528173336056 0.0126006542922454 -0.0454263542050667 -0.28427046739585
-0.490422948017347 -0.112050561720972 0.00270683611792671 -0.349855901229175
-0.420226872408765 -0.292488369246154 0.0235785863341896 -0.344976385644814
-0.270365417795047 -0.439228617137464 0.03850601076463 -0.277799808624932
-0.163200869668083 -0.528709559065384 0.0623711681148068 -0.135034182215119
-0.107078254486333 -0.552523177727131 0.00580934673774304 -0.0361595431830297
-0.136062804083965 -0.554935451255611 0.000635768654348111 0.109954544337267
-0.22677768168611 -0.492122752864786 0.00840087065911156 0.199777928724101
-0.394761862416825 -0.356539512895637 0.051357988412991 0.239954047218982
-0.505301894782247 -0.222079687259733 0.0510174583003961 0.311797407193912
-0.493478075042635 -0.0570420521144391 0.0394811811424678 0.290898890957107
-0.512868567493012 0.078062462704424 0.131424230179987 0.296344109355691
-0.472136280797543 0.165779199875247 0.228869904519732 0.381165875406949
-0.345732463856582 0.128060951039136 -0.0554940966182316 -0.39433904792561
-0.406781691894557 0.0508327881921096 0.00863496165994465 -0.318446948123996
-0.398945037339969 -0.0729037895708126 0.0755839396427268 -0.274452316426188
-0.377671425316128 -0.176973479318913 0.0664370018197278 -0.324378572515592
-0.295004301364196 -0.29723796563346 0.0320003770421876 -0.340207590074931
-0.177389880361642 -0.397907383777234 0.020249969883541 -0.354343960557879
-0.108640678544167 -0.472808547906423 0.027540521660006 -0.303894732221291
-0.104373620178741 -0.506620968618276 -0.0374078974642944 -0.247190172211036
-0.173963179043916 -0.511053124546651 -0.0708351501084274 -0.0784699808498187
-0.284422238096922 -0.439408801021611 -0.0766385890526631 0.0890353771745888
-0.442371318312433 -0.276361458318438 -0.00232497767943117 0.208926021651444
-0.529284662692126 -0.114580442558246 0.0812924860340228 0.309324899434888
-0.483707137229495 0.03692950258768 0.142268931135557 0.272375866891378
-0.4780937069113 0.154763420658063 0.273753680443587 0.247100561691148
-0.433319029033413 0.205260708444993 0.399129171430051 0.293786677114364
-0.257415896472732 0.0683670895924506 0.100005326960414 -0.420365878176135
-0.291417750337953 -0.00563003118580995 0.122912949581437 -0.300391794353059
-0.256370747620693 -0.102991108813384 0.155751545396027 -0.21719637743081
-0.218803555720802 -0.16454490472422 0.100960956013747 -0.259002985152425
-0.152612452647613 -0.222671476084555 0.0485886121566638 -0.299620780349521
-0.084596869802407 -0.280601912372237 0.0346505565797866 -0.389507395863084
-0.0558822482226535 -0.347827814764242 0.0219926200831231 -0.43504388087533
-0.0846867695434088 -0.384334640100464 -0.0756216537883107 -0.42414388892702
-0.164897651696058 -0.383773108522181 -0.160858111726774 -0.234381683783478
-0.259542272606078 -0.311821763477382 -0.185016786330563 0.00953559291780649
-0.370300310831307 -0.16054870901106 -0.072569682482363 0.197789301731897
-0.420839350537653 -0.0212717424659623 0.0858553889296067 0.29015045832507
-0.36964525260359 0.0874629311888546 0.216745692104821 0.226300155071283
-0.357732719535045 0.174110731009049 0.380162642795083 0.17219403803528
-0.323818306945644 0.192944159890602 0.529697726803268 0.194030054635252
-0.129893393277052 0.0182342676273781 0.207836555673904 -0.415803427794155
-0.147092671674972 -0.0149469753167166 0.183418979039703 -0.264806878893092
-0.118952789653227 -0.0697216032551962 0.182008419594612 -0.15534779047525
-0.0974915025471032 -0.0925660200358548 0.0980089252492083 -0.195877860917497
-0.0625593403405077 -0.110223423880263 0.0522200349316191 -0.248620855671229
-0.0350481596467479 -0.133124736224838 0.0558145601402581 -0.388020503551648
-0.0239313791591476 -0.177521733418315 0.0280726042164564 -0.508174409273663
-0.0533578804517394 -0.199424871283272 -0.102841590623419 -0.53852796573262
-0.105508584663744 -0.197187786394493 -0.238446424286999 -0.330290728871658
-0.159217741366893 -0.153808418176795 -0.273601661090048 -0.0241455080003458
-0.209368038378092 -0.0626903277735968 -0.130015847320074 0.206699861120823
-0.238176159129163 0.0191907293029597 0.0716679271459511 0.270773655443095
-0.202176739864275 0.0680078072839477 0.252486256063271 0.181587714582072
-0.190711619148117 0.123663835461544 0.434169652386127 0.105565250600205
-0.171323557067481 0.123262770609826 0.595319593931579 0.111886260569409
-0.0237904848488204 -0.00818994460766027 -0.551390909977421 -0.0418431355868566
-0.0225324475569858 0.0142504450803295 -0.432620950268594 -0.00452828194104865
-0.00591462479004162 -0.0171848159581301 -0.261043951759849 -0.109072801661661
0.00354314824479428 -0.0168043275842329 -0.0698308811134137 -0.209741768717996
0.0091975342026101 -0.0409116294843026 0.102179075826067 -0.215368549158923
0.0198247543325021 -0.0336436216419682 0.232065993649791 0.0149645795394858
0.0120252909077763 -0.0186289133082394 0.242807817736124 0.343634083603758
0.0175651296916879 -0.00866773962478305 0.0968054165586288 0.548618531342683
0.00852298666802475 -0.0087118552292631 -0.00129097814138206 0.539606107926223
0.00524104874606456 0.00177843811449846 -0.0243776324547526 0.386195307763823
0.0121981006726661 -0.00568794445160619 -0.0229497897634746 0.248968079370457
0.0142457950363307 -0.00188561642141761 -0.0569296607182905 0.157394843568228
0.00827610333115022 -0.00559799877411755 -0.157838781049581 0.12102526543163
0.00514154457620126 -0.000711137743386776 -0.191545632564792 0.185167094884943
-0.0128783587392125 -0.0314688604757748 -0.235651100969517 0.427714068811333
-0.155745918910151 0.101855906365574 -0.551849587509888 -0.0623164343077798
-0.172489335320599 0.123353269994974 -0.422971456095406 -0.0240253916441655
-0.177303568663744 0.0696952173017339 -0.259623758014716 -0.121530015954916
-0.190477607516781 0.0211105323793187 -0.0748600182195546 -0.233261074238585
-0.188925830401182 -0.0864038919250366 0.0947915067148005 -0.245567268262079
-0.136096053025665 -0.169407507428126 0.220731241463806 -0.0237107073458475
-0.09345478471215 -0.221528172560405 0.241305655010104 0.299327092933684
-0.0277082323176739 -0.222009500214852 0.0980362687568145 0.497877648771466
-0.00319242212424918 -0.203148213905659 0.012742694113858 0.516436717171131
-0.000299214795035828 -0.150606322329227 -0.00996522612811282 0.388896994290841
-0.0271948710587487 -0.12054635599176 -0.0022762320289782 0.259979963142123
-0.0577911249207465 -0.109855706649527 -0.0476785720720676 0.183327566936922
-0.0920082246791961 -0.0796568819951823 -0.150109683911634 0.148917868583213
-0.148171640303365 -0.0368884240197164 -0.170104588846311 0.208460860729764
-0.18023576163039 -0.00109159253163094 -0.19465617712863 0.440757722035908
-0.269889160853167 0.180702391138118 -0.497022216984279 -0.133282933616965
-0.310202429799056 0.193254884055104 -0.375082159749277 -0.097793951467882
-0.33550949983918 0.118407394538093 -0.232423165059517 -0.170349372848782
-0.369188550055404 0.0280932421451631 -0.0756731641595399 -0.276452777363983
-0.359215765533339 -0.145047956186631 0.0664736376186764 -0.282576976150919
-0.26012177015909 -0.294512009372478 0.167173929296865 -0.0906151770152667
-0.169403653471435 -0.393690670909315 0.197352511761809 0.194479616789629
-0.0684462658034296 -0.401626311663888 0.0815753774478198 0.36746333872148
-0.0310877735802479 -0.37971247730895 0.0330571283821995 0.433849793124113
-0.0387851510727794 -0.310453246188014 0.022235084270566 0.371243956480937
-0.113319867502309 -0.248344884865757 0.0328741032723574 0.278360628436854
-0.184402313320807 -0.216317714125463 -0.0289396285693277 0.233571021609909
-0.231239947334432 -0.134347998905121 -0.125447163810186 0.206130815823529
-0.309314755829208 -0.0442295880059412 -0.11256289168387 0.255793270702331
-0.330914217813422 0.0429793615162843 -0.0936905627432112 0.447793508602019
-0.348844024876112 0.208548524036793 -0.383937666006733 -0.232689387871008
-0.415028738130176 0.195494507115557 -0.279414665819117 -0.199851936039182
-0.453603045063796 0.0989337255028669 -0.163176995148386 -0.238327656765031
-0.488157417876784 -0.0210186412531969 -0.0542762458740231 -0.325188506835059
-0.450235147709981 -0.223113328703375 0.0336007000362802 -0.321030884997109
-0.311566696395819 -0.394960823797757 0.0947754318493047 -0.181473879185179
-0.19607371377653 -0.501705037051926 0.127151931076152 0.0413755197649235
-0.0994624082861238 -0.51793636775862 0.0484393920921205 0.179963914489111
-0.0828311285271072 -0.50730039092617 0.0372085551790151 0.293645858601135
-0.128091312285344 -0.442804276338674 0.0417798371441846 0.307761036339304
-0.257948131399244 -0.345268701236363 0.0623426254242995 0.272581972595052
-0.364210588148962 -0.266344211826455 0.00973701667267451 0.285710000297004
-0.39124789487464 -0.127527325199595 -0.0594005637543036 0.265573710077199
-0.448094736285215 0.00019339585121295 -0.00779595924049169 0.296468990213311
-0.435575026776736 0.106058030529245 0.0569325093127454 0.433031772112957
-0.376150746124253 0.186257548061985 -0.229659260372934 -0.327728073241434
-0.453194364782763 0.138599841823761 -0.142789051522736 -0.286269353593398
-0.482218632697627 0.0182207005225903 -0.0502638454334613 -0.285763247026288
-0.493728573476609 -0.107683269816509 -0.00202699045151531 -0.351462207826663
-0.425681713261081 -0.289160315441738 0.0190730348129749 -0.347129179940369
-0.275640327192933 -0.437825784628923 0.0359392244721454 -0.279909673355423
-0.169523334550848 -0.530004255552858 0.0620053698964602 -0.136743698704425
-0.114407441804265 -0.553415794710599 0.00526012782010485 -0.0361405174988024
-0.142471593861882 -0.557256846609359 0.00212956489309478 0.110769338697307
-0.232478500070386 -0.492725860771725 0.0103328852531186 0.201278841587189
-0.400359188521611 -0.353606692336455 0.0534493998054184 0.241195107118101
-0.512224242003497 -0.218161188085597 0.055466906558867 0.314011090751801
-0.496529054479554 -0.0519455412689981 0.0428079142959586 0.292665625045006
-0.515382760051642 0.0850559138242612 0.135297816939762 0.296436224599246
-0.473326991173498 0.171441689964972 0.236461731914897 0.378378886045803
-0.346258817595474 0.132513249711643 -0.0598580682253115 -0.395019454667094
-0.408532932548815 0.0549926576005516 0.00380385582350766 -0.31944351964284
-0.402714674711781 -0.0688447747928484 0.0715610911408725 -0.277689236784852
-0.381753294256097 -0.17217185912631 0.0618632150603077 -0.326630284541004
-0.300058540458188 -0.293876405177809 0.0284926976168688 -0.341637121527134
-0.181850342498961 -0.39737390367295 0.0167666900714852 -0.356000141909614
-0.115042342599903 -0.475269150636506 0.024961972133057 -0.305776205872128
-0.110132520156211 -0.507358092962581 -0.040473522192085 -0.248947986080374
-0.180795800177834 -0.513052599840753 -0.0717080515992763 -0.0777191756044882
-0.291301863282299 -0.440235167191607 -0.0764134422849102 0.090744070765603
-0.447679774381508 -0.271973219665868 -0.00124583775852864 0.210377730151675
-0.534531783254309 -0.110139892671058 0.0863872802087275 0.310706062131794
-0.486367181511756 0.0431328023609357 0.14642338296478 0.273075255108082
-0.478996869908631 0.160569625210871 0.278842451485505 0.244620596006077
-0.433661755413647 0.209713300255454 0.404761203600677 0.28986224934865
-0.258512215089983 0.071795692223329 0.0950477372549519 -0.420751355927997
-0.293419571937926 -0.0024940862031079 0.119544689881606 -0.302600951186869
-0.258640682657255 -0.100331902807599 0.152645162330271 -0.219838430363388
-0.22120916781372 -0.162456177205565 0.0975614286354962 -0.261144204236053
-0.155190168777997 -0.221883909991061 0.0451709770774612 -0.301209717108069
-0.086705444325183 -0.280940784737747 0.0313647133975083 -0.390910121786697
-0.0594342477758389 -0.349140194265087 0.0176706130605248 -0.436707074864883
-0.0893522068072774 -0.38524598152702 -0.0791250646015084 -0.426701594185846
-0.168693742317776 -0.383812652665752 -0.16309683531686 -0.233796922004488
-0.264592541660443 -0.310736817877943 -0.186060170828693 0.0125628477934476
-0.373492322213961 -0.158548624256731 -0.0725651915362339 0.200861758965314
-0.423415318055363 -0.0161657693820714 0.0907174908944654 0.290741661031446
-0.370393700601033 0.0913448994827322 0.220666071436057 0.226021333151064
-0.357545076047097 0.178454495803706 0.384808503808657 0.168326829998752
-0.323129091753521 0.197042367990789 0.534122811588289 0.186387737778715
-0.130545822275993 0.0203403289634478 0.204767229031444 -0.419186337649074
-0.14805345985434 -0.0136684661228131 0.180460429909087 -0.267013197520352
-0.120398034812217 -0.068551212101601 0.179977729290825 -0.158092464069504
-0.0992081476327508 -0.091407146232059 0.0952174286628851 -0.197551499936265
-0.0639320980316998 -0.109733984682638 0.0504001559641304 -0.249626789534893
-0.0358249114349674 -0.133215063841255 0.0521992230027221 -0.390514669163756
-0.025839102779232 -0.177858891459999 0.0235922285550685 -0.511287091661826
-0.0565346280042338 -0.199336745325944 -0.108549709514665 -0.541430530629533
-0.107758293243877 -0.196963908057281 -0.242321490907417 -0.329681467921124
-0.161874887387667 -0.152657787655003 -0.274973880777897 -0.0220518803913474
-0.211053946377808 -0.0609262923758609 -0.129135694714983 0.209901734748297
-0.239365835114267 0.0220853792143971 0.0760407428845024 0.272371503489608
-0.203078650439335 0.0708955309454283 0.257162252489745 0.179693293945383
-0.190716977566678 0.12683761130518 0.438779249215719 0.100652030751398
-0.171014971440288 0.125176476172301 0.600480114208751 0.104314094919703
-0.0238425012369534 -0.00818863308894188 -0.555091725700836 -0.0335268478269534
-0.0228857301046762 0.0149905434896702 -0.434432625849263 0.00140550206174849
-0.00681941710411458 -0.0173524565497014 -0.264469778812476 -0.106198087640501
0.0031596051039474 -0.0177837184096803 -0.0737279989886022 -0.210429333208401
0.00820439760295941 -0.041324205700066 0.0988952431241841 -0.21752074264226
0.0192809398939952 -0.0341836520635556 0.232871835721516 0.0129065341859077
0.0119762494546614 -0.0196182242346134 0.246386528352105 0.341338390476089
0.0172272313649377 -0.00950470498829554 0.103585814766487 0.551499684756845
0.00822941553813155 -0.00958530242925684 0.00435104400461155 0.543175783807435
0.00538330608612758 0.00147602931115198 -0.020271679604239 0.388448599362942
0.0116613262726412 -0.00604410874333007 -0.0194581846961937 0.250286096205998
0.0141390399255816 -0.00192175192309644 -0.0543335424589057 0.158858391698589
0.00817857155691114 -0.00573917904674577 -0.155504522071092 0.123659090041974
0.00535717119082743 -0.000707564733966253 -0.189292374315155 0.187651140965851
-0.014174463777588 -0.0312801219838741 -0.229328202334656 0.431278279351178
-0.155308774654987 0.103979814171985 -0.555410737917051 -0.0542278616205995
-0.172124136757692 0.126172253389807 -0.42472326853684 -0.0180152113008553
-0.17789808566184 0.0724740911124281 -0.263609125892128 -0.118716783787087
-0.191293498531594 0.0232012409498672 -0.07851543136128 -0.233465157502211
-0.191184658492582 -0.0845008083526583 0.090962687128499 -0.248060647569626
-0.138158468507228 -0.16900771707904 0.220432867688455 -0.0266424354218422
-0.0966367727720838 -0.221901396838895 0.245464061930893 0.297670043343474
-0.0308717863690822 -0.222886525387868 0.103586585523889 0.499379937945335
-0.0056700725908792 -0.204177025724338 0.0192062245571453 0.519355076539108
-0.00083084505417933 -0.151488885813902 -0.00534302669073568 0.390937659144231
-0.0287385820182954 -0.120623610147644 0.00158508342746246 0.261635974092295
-0.0590610525900703 -0.109594501877858 -0.044189050409044 0.184722644797802
-0.0928547465132899 -0.0789949545703016 -0.148585602682414 0.151672288969275
-0.149045352442902 -0.0356922935866816 -0.167751149398368 0.211856747946849
-0.18109762880488 0.000871819012241489 -0.189123122847323 0.443649025082767
-0.26892475377989 0.184653675483131 -0.500066667271961 -0.124423274632543
-0.309741169487977 0.198105510953845 -0.378379678483216 -0.0927903975141641
-0.336382604572543 0.12326286393107 -0.236510320940472 -0.168016619825074
-0.370375752081905 0.0326011076347247 -0.0805534717974291 -0.276481660623703
-0.363555525888247 -0.141787182222639 0.0624351615867538 -0.284793817859583
-0.264520961662621 -0.294455482947277 0.166794298133455 -0.0927098045459528
-0.176139862657986 -0.392279073571295 0.20034137431811 0.192793313112763
-0.0733389362138069 -0.402400094037002 0.0845977489736054 0.369056203625666
-0.0351972722632048 -0.381138712837208 0.0387681464470655 0.435820674531925
-0.0425224307076277 -0.311299600363074 0.0258641733949732 0.37273286140774
-0.116791752534366 -0.24765234506579 0.0361767111712959 0.279619224264844
-0.188308607849127 -0.214938964800705 -0.025145749184207 0.235269856552883
-0.234092644900387 -0.131935235593054 -0.122320961910378 0.208331568207982
-0.311141045353511 -0.0406407910347228 -0.109868617607042 0.258134243621304
-0.332052356163987 0.04709323592393 -0.0867047370223115 0.450347767795993
-0.348567719160189 0.213292188515889 -0.390004696037115 -0.227112264644091
-0.414442641086184 0.201210316923643 -0.284133849844568 -0.196189119657107
-0.454271712301061 0.104277180728519 -0.167511161515964 -0.2381059635799
-0.490553404364453 -0.0161111516460514 -0.0600303976464043 -0.32573275699501
-0.455550147054772 -0.218982738354786 0.029716516253388 -0.323312475883287
-0.316152091970715 -0.39283936695152 0.0923177767961847 -0.182605959111122
-0.202698952333297 -0.501344835419144 0.128496366195498 0.0396157189045183
-0.105628981048392 -0.519142942127019 0.050252982739387 0.18050764235084
-0.0895138307845503 -0.509203101388666 0.040681739732051 0.294717167771424
-0.133175511849647 -0.443697127687956 0.0448075682185356 0.308755818217613
-0.263014231475779 -0.343712227158174 0.0650626676312422 0.273614379830096
-0.369930080857129 -0.263159796446149 0.0142576251592227 0.287682696036221
-0.395223838931223 -0.122695134463531 -0.05599653298309 0.267185591303122
-0.450159623084269 0.00534737758569197 -0.00412052519559857 0.297894974286007
-0.436114807951084 0.111735084781329 0.0636631392513635 0.433284959550778
-0.375278990732618 0.191621452728448 -0.235196170815685 -0.326175096726236
-0.453966827393001 0.145787268244029 -0.147012391465469 -0.284890558156983
-0.484756510918415 0.0252667847589324 -0.0554629053370421 -0.286826995679938
-0.498006479462582 -0.102772879840491 -0.00753119166057261 -0.352387118567723
-0.428135712642808 -0.286513431674986 0.013960811661744 -0.349150333989959
-0.283281032649911 -0.437948351899633 0.0319993554847858 -0.280499529681836
-0.17658857766742 -0.530111616130385 0.0611170190610144 -0.138364749575705
-0.119909183499979 -0.555179630827546 0.00465172353801757 -0.0362252262636056
-0.150353122362315 -0.558518820487958 0.0036958172910583 0.11167150646022
-0.239126387026759 -0.492568032309827 0.012570482420391 0.202522233080524
-0.405623020344974 -0.350580207341369 0.0554885490775093 0.242240769208449
-0.516971006801486 -0.213380176505148 0.0606171029860652 0.315058616915641
-0.498779908691001 -0.0453371895144512 0.0465869342313502 0.293496716858126
-0.516140313506038 0.0914063817970012 0.139796244825711 0.295434689894046
-0.472406185555786 0.17686583989955 0.241565478992461 0.375784744579784
-0.346339193872846 0.138658677162838 -0.0664407677820914 -0.394676594606134
-0.411143485146246 0.060138461568616 -0.001027632757074 -0.32025715232848
-0.40520972142063 -0.0628067041525728 0.0668050476566995 -0.279962749781598
-0.385851560380664 -0.16844600638242 0.0569356039836856 -0.328755449149104
-0.303936404982636 -0.292642942086004 0.0240080613444076 -0.343588088321825
-0.186113683064912 -0.396193350845025 0.0125906938032745 -0.357371565020009
-0.121106816351529 -0.475791864846242 0.0217673631432515 -0.307695987485048
-0.115833753606534 -0.50948689929646 -0.0433870610831258 -0.249292867655449
-0.18851822602745 -0.513716827070839 -0.0721877242462148 -0.0767288087700351
-0.297909580517977 -0.437694111799739 -0.0758060460504785 0.0924928252937736
-0.452410935853273 -0.267967337309094 0.000681760001254792 0.212043119966886
-0.538730308607662 -0.103541226419879 0.0916114155596107 0.311445183681922
-0.487598515022697 0.0493259148774131 0.150772818710121 0.272940341164516
-0.479231643426017 0.167464573795617 0.283143900573616 0.242100162181912
-0.431880497948768 0.216070724511656 0.411990862580148 0.283922354074183
-0.259372706061725 0.0758794273418044 0.0885257519911296 -0.423835813950832
-0.294475482123687 0.00174787040360316 0.114721759777448 -0.304058076981063
-0.260814684632032 -0.0966662553047136 0.149265670065671 -0.223182250779666
-0.223942258472931 -0.161152531559786 0.0936379999369864 -0.262581098942199
-0.157762106542202 -0.220397883394657 0.0418362840239134 -0.302857679597021
-0.0901353889765058 -0.281203275835729 0.0269103532403986 -0.393036676040512
-0.0638494034748746 -0.350093410115459 0.0129651115794226 -0.438599209066832
-0.0939073354946936 -0.385394410941932 -0.084752775354246 -0.426793671774908
-0.174281977745191 -0.384293126620536 -0.166121792630027 -0.233006046314919
-0.2696954180778 -0.308579618478992 -0.18684595395502 0.0146750412500754
-0.377509956760241 -0.153748227105807 -0.0699838990576871 0.202647170147412
-0.426705668054221 -0.010789282323681 0.0957272615383317 0.29128698558963
-0.371502665292234 0.0976498109621261 0.225277430189276 0.224478410685107
-0.357324785168982 0.183981600776998 0.388631218409262 0.163225204411059
-0.322830976006242 0.201469834507737 0.538614493746365 0.176779195785258
-0.131135461614939 0.0219086747879723 0.199577114549583 -0.422861353617321
-0.148819572264335 -0.0116833486214346 0.176866511882908 -0.269741541629496
-0.121056967857597 -0.0669595407305708 0.176999073206814 -0.161489519671283
-0.100438395684871 -0.0903494717469982 0.0923816681612882 -0.198671704028463
-0.0652542594246017 -0.108979763853175 0.0477688927584494 -0.250659132458281
-0.0370709071276363 -0.133303420984085 0.0474926974221736 -0.391649775494638
-0.0279775538132837 -0.177895194380768 0.0195529179693462 -0.514213073531255
-0.0588742642917162 -0.19990314085223 -0.115214403684581 -0.542643940469521
-0.110795514044418 -0.196493506943456 -0.246832945768271 -0.328208358399911
-0.164612152223031 -0.151235916114562 -0.275929461917525 -0.0181222848297043
-0.213063093722286 -0.0584093134186843 -0.126975213358914 0.213233478173375
-0.240011584478496 0.0255432375340612 0.0803702646804145 0.273068987218564
-0.202535574054713 0.0742066861139496 0.261177989674106 0.177740442667487
-0.189920476346768 0.129678807644075 0.442144547368791 0.0947526923905588
-0.170628740990568 0.128030129802845 0.605844533355768 0.0943433309145717
-0.0238491047469449 -0.00839228077625977 -0.557360737453058 -0.0232781259083885
-0.0226288096009251 0.0152434182816963 -0.435953749248858 0.00715577747146306
-0.00724431226530798 -0.0174854286894962 -0.267617747065264 -0.102530508984223
0.00308109096323372 -0.0180762618385134 -0.0776920342012475 -0.210449897880375
0.00727922269172744 -0.0417802508982354 0.0952627340611778 -0.21954974491002
0.0185142335224329 -0.0345381144983429 0.232989379859285 0.0100670256915698
0.0114837040558407 -0.0196874645682631 0.251480771230642 0.339038272666862
0.0173089970293509 -0.0097738566042396 0.11088864027204 0.551407139185423
0.00847449833303131 -0.0097293440713804 0.0107180924111771 0.545085251573243
0.00613829562617548 0.00143620631623018 -0.0152802426871932 0.389783032106365
0.0109843707515719 -0.00629053449998636 -0.0154583865608441 0.251862546893475
0.013910094507147 -0.00225336562126866 -0.0513822548384028 0.160188468953162
0.00771167965879669 -0.00578499648339898 -0.153177608977007 0.126242934726354
0.00581667129310738 -0.00106148696053203 -0.186518570487213 0.190351040689443
-0.0148647272914844 -0.0314497744862315 -0.223939990566131 0.43490403279025
-0.154368193943891 0.106259104564113 -0.556635437549204 -0.0452811860293985
-0.17081564711922 0.129256371330572 -0.427023580933969 -0.0113062899323651
-0.177210829542299 0.0750023500799412 -0.267264004996781 -0.11571282252121
-0.191222529455951 0.0254365298340286 -0.0834160656013856 -0.233313490517533
-0.19293625237511 -0.0821306982461695 0.0863566145963173 -0.249659855094743
-0.140823006554466 -0.167575371368788 0.219992593794108 -0.0288363676116629
-0.100074711152156 -0.221766964361909 0.250044538173534 0.295309180742714
-0.0339209813085624 -0.222665645437021 0.109971339811009 0.49901262359522
-0.00826642109342618 -0.205292965083141 0.0255609957186435 0.51984017918514
-0.00304935030243721 -0.15140723045087 0.000231034512205758 0.392263111747415
-0.0304565826974644 -0.120327299185307 0.00481316282766565 0.262408330523833
-0.0613774067506579 -0.10858309235821 -0.0415694257813615 0.186166953101306
-0.0943306829409398 -0.0777287408885593 -0.145471511115708 0.154464688531207
-0.149495576253371 -0.0337532272185983 -0.164055664322793 0.213696764178076
-0.182296866857593 0.00321836132585511 -0.182267400360811 0.446939917842937
-0.266166496435048 0.188813467608039 -0.504688562991933 -0.117690167664736
-0.307160427141608 0.203234831029631 -0.381454752151331 -0.0876162032326959
-0.336509928931865 0.128649754999923 -0.240604352891421 -0.165600680388939
-0.370924527557221 0.037345191524052 -0.0856999527232712 -0.276385163058082
-0.365762273142177 -0.137059829399929 0.0572813995362483 -0.286389561273776
-0.268733737149613 -0.291357849942853 0.16523255286746 -0.0947674489000986
-0.181632987063094 -0.391899424176234 0.203952448254399 0.190516478925148
-0.0781918101675184 -0.402848922788891 0.0898350248167687 0.369588934976617
-0.0399556949740762 -0.382129021240033 0.0452987184807183 0.437236246752224
-0.0463164888850913 -0.311339741889228 0.0305492644098577 0.373823175427776
-0.119639119852671 -0.246524159054 0.039694765177513 0.280092787850172
-0.191703291621623 -0.212609076131309 -0.021152758899277 0.237028269980945
-0.235354203808513 -0.128680535563223 -0.119404770544411 0.211789157543639
-0.312604255059031 -0.0363594983879691 -0.106833740401526 0.260212224821755
-0.333129952836177 0.0514111862347039 -0.0797794529626477 0.451940136586764
-0.346455553204237 0.218722925099235 -0.394639533504974 -0.219962405921218
-0.413261345933959 0.208481381577516 -0.288008646900668 -0.192783753072239
-0.455828357475869 0.11229623158134 -0.172623256785944 -0.236014795385996
-0.49274211087945 -0.00807003679636928 -0.0655892035764684 -0.325691500810239
-0.458844129506761 -0.213236167544087 0.0238456899199218 -0.324281546428616
-0.322982461489503 -0.39029965101741 0.0896213115002035 -0.183472317770896
-0.209767277976343 -0.500401873422319 0.129453817751448 0.0376565062984013
-0.113785715413387 -0.517639228694328 0.0530575622836878 0.180788758345283
-0.0963653997628392 -0.509881511697529 0.0452343750656241 0.295147160997398
-0.139733718436782 -0.442521134003425 0.0489802804725701 0.309353681936639
-0.266598107267532 -0.341735853426326 0.068236958173619 0.273839289881525
-0.374637534233058 -0.258461983210978 0.0191556703628752 0.288578588163298
-0.398024995750081 -0.117930765416876 -0.0520769359834299 0.269387169327549
-0.451866800425335 0.0124444070981668 0.000396692974031512 0.298478248326262
-0.435103852204494 0.117012072033085 0.0705152780067221 0.432123322705118
-0.373759978119771 0.198495414098085 -0.241419639550473 -0.320823551414502
-0.454627792875236 0.150948448810665 -0.152503989159481 -0.282853392745175
-0.484349837091367 0.0310294289746154 -0.0608765437755968 -0.286627097348915
-0.500264436035027 -0.0970530989964885 -0.0132361250865904 -0.3538824328188
-0.434994310367005 -0.280788683231904 0.00876094684969501 -0.349498476814394
-0.287319444830657 -0.435427287995533 0.0285236098771311 -0.281288809706858
-0.184980364114514 -0.529174464358682 0.0594060855421291 -0.13983696353524
-0.128070548234108 -0.55448754307032 0.00386918940894928 -0.0365006538049061
-0.157427662509045 -0.55770588222692 0.00601794644017359 0.111748431979048
-0.247417901774794 -0.49012981128256 0.0151004080059274 0.202597758717966
-0.410548966907923 -0.345014909169578 0.0582493852507852 0.242409946968694
-0.523762774194189 -0.205816523891877 0.0666640872330506 0.315018846989607
-0.500472800174392 -0.0388458648316299 0.0510141834600849 0.294895923247749
-0.51559068657547 0.0994078855244209 0.144497699159409 0.293810111851704
-0.472584297013786 0.184992231397238 0.248321623946002 0.371830575518642
-0.345797541254559 0.144462578690013 -0.0719808457035972 -0.393430408861747
-0.410379923929605 0.065958687777508 -0.00639407670145856 -0.321038074586655
-0.407329407593156 -0.0574586447807265 0.0618403889278493 -0.281339507448914
-0.388948761752729 -0.16475225476964 0.0516703313904224 -0.330318112871718
-0.308057441711763 -0.289482815484763 0.0194154735704907 -0.344682202861308
-0.190321453373638 -0.395349688824591 0.00700705108626408 -0.357996964881616
-0.128005609654952 -0.475392315991166 0.0176652223854897 -0.308556925406906
-0.123338441870532 -0.50838061019759 -0.0466237194012894 -0.249071366868897
-0.195278697198389 -0.511228835103261 -0.0725559349569573 -0.0767696085855616
-0.304221594210049 -0.436098899195399 -0.0749533423896135 0.0939604916180439
-0.4566610635839 -0.261661077079309 0.00267818362290954 0.213286162691601
-0.542180641417082 -0.0963797564122056 0.0973758301263738 0.311992777210312
-0.488898412518981 0.0565117929598995 0.155304189379157 0.272309257684955
-0.478374788533538 0.174921916622019 0.287520219573404 0.2389952881405
-0.429447433427748 0.222466940529199 0.41664101277118 0.277100222961655
-0.259133836334993 0.0800956612532171 0.0823259357528104 -0.424721376044123
-0.295069061612138 0.00649022937741792 0.110097942499863 -0.306319562611409
-0.262867637267483 -0.0933117352048597 0.14485995665039 -0.22607270022171
-0.226537122919515 -0.15773603870847 0.089256716250248 -0.264631819193712
-0.161001920891562 -0.218935960475566 0.0384390103574672 -0.303675539752033
-0.0929772064949299 -0.280555456913653 0.0220668903691239 -0.394157831904133
-0.0686774685233806 -0.349732359110461 0.00699991507714081 -0.440915709050078
-0.0997844615727606 -0.38592540621459 -0.0906725642860948 -0.427978704763165
-0.181203532049535 -0.381816106762085 -0.168837180242372 -0.232456904784722
-0.274072300269896 -0.305597902158154 -0.186691592007632 0.017901166372684
-0.37901108347946 -0.149611469726551 -0.0684001921903809 0.205278933698577
-0.42807025497323 -0.00519263643018063 0.101069824931359 0.291775275172025
-0.371055654711751 0.102970446827491 0.229476846453634 0.221964886384157
-0.355947625198079 0.190315435540604 0.392019492990011 0.158026615504726
-0.320628801154298 0.206310225896607 0.542896017695967 0.170461776876769
-0.13114449128604 0.0244675289120689 0.192961619454801 -0.4256855526899
-0.149236563726057 -0.00931478524659856 0.172346381379791 -0.271991248496405
-0.121930643715928 -0.0651444392904703 0.173714528041598 -0.163821288054448
-0.102023346625545 -0.0887173357057739 0.0890047933260144 -0.199695090350292
-0.0661899400372316 -0.108212057948652 0.0447464706071358 -0.251867263074345
-0.0380983285765297 -0.132964003837876 0.0430387558128025 -0.393639973820986
-0.0305221503681091 -0.177809188469288 0.0123258477163726 -0.51467022298588
-0.0612393210710107 -0.199652084149388 -0.123051763958682 -0.542858767066358
-0.113791270009603 -0.195503228561322 -0.250632703882686 -0.326323379615531
-0.167255299511702 -0.149175653427649 -0.276998209123014 -0.0152117223906032
-0.214462371396011 -0.0558238964865387 -0.124662100869673 0.217078150808915
-0.24112085843633 0.0291427297431037 0.0856886254711517 0.273805812019614
-0.202169391079615 0.0769936962790695 0.26546163913118 0.174743409751623
-0.188377281645519 0.132543884655697 0.444889313396137 0.0880591533766895
-0.169847983315436 0.130036666545971 0.607746968140974 0.085184586901409
-0.0239339419466176 -0.00837518433955891 -0.558634153812711 -0.0152895148214884
-0.0223168301036026 0.015619335254497 -0.437022194101284 0.0139839942048751
-0.00775587810699578 -0.0174874657158035 -0.270781011674377 -0.0988832881324821
0.00289780319603112 -0.0180283520049342 -0.0811198472650981 -0.20991732253918
0.00638373649188734 -0.042035604804656 0.0917998544651448 -0.220408793055828
0.0177863733891413 -0.0348057033640293 0.232432524321026 0.00732785937444529
0.0112354414790335 -0.0200167673806457 0.255310808545792 0.336449929575622
0.0180616386978094 -0.0100421577633367 0.118848343249438 0.551324286653475
0.00830690702764672 -0.0103551514029694 0.0196544201073278 0.545408903671176
0.00627308518922386 0.00110205682433733 -0.0102590332529478 0.390730872830304
0.0107873658494092 -0.00646968266905307 -0.0115166100364164 0.252463674269125
0.0133695391614919 -0.00283617761606378 -0.0480074105371516 0.161120444932326
0.00726733547594756 -0.00613458847620607 -0.150133662362111 0.129593088783477
0.00593086588326563 -0.00148484012996421 -0.182904912402008 0.193253198016465
-0.0157788982020625 -0.0311756463169561 -0.215827086725678 0.437366824044518
-0.153086666227191 0.108111618858321 -0.559827401955428 -0.0354686051145328
-0.168891259210831 0.131882815859196 -0.428294741508376 -0.00543404365990314
-0.176477803875617 0.0774110392559243 -0.270807840280028 -0.111980476040854
-0.191775985190744 0.0279162302601332 -0.087727788657942 -0.232801194393654
-0.194512288635631 -0.079520337856387 0.0823500194329545 -0.251300547320767
-0.143685964850807 -0.166340210490433 0.219622804709755 -0.0314395175205366
-0.103310992057018 -0.220793025734781 0.253996689688758 0.291637317839482
-0.0363214764216339 -0.222643449831194 0.115797999634326 0.501221001308735
-0.0112482036332785 -0.205954428200341 0.0329783371747435 0.521562027378609
-0.0043419223834569 -0.151732331060089 0.00429095847614983 0.392949385455112
-0.0319726174276982 -0.119892158596623 0.00856594457174947 0.26286190587075
-0.0628260432358785 -0.107942706624098 -0.0376791578708613 0.186901028429591
-0.0958852745056198 -0.0767501590981436 -0.142402656339329 0.157440179349614
-0.149818493310102 -0.0317876471582557 -0.16088192178957 0.216165836394935
-0.18287378226348 0.00573478656265555 -0.175313218535 0.448475880437157
-0.264892065300542 0.19253631635687 -0.508022813354772 -0.108188170339409
-0.305548462699968 0.207928705991355 -0.383475893055932 -0.0814158971298943
-0.335301708142285 0.133249549134835 -0.24416007159117 -0.16173045498256
-0.370967715804856 0.0421922796116737 -0.0897338004426018 -0.275746841874964
-0.36754661022127 -0.132385016933731 0.0524376608374826 -0.286987820331036
-0.272759296707466 -0.287794852341426 0.163708904308377 -0.0965869295007062
-0.187891254268958 -0.388954810814963 0.206733924005959 0.18773675728693
-0.0832624687868758 -0.401818219540597 0.0949373353300904 0.369566479553748
-0.0456238106591867 -0.381984493359761 0.0518159273905671 0.43735667647015
-0.0499938487195757 -0.311181295221309 0.0358288815341316 0.373928814653875
-0.122695022244187 -0.245047928743958 0.0431879282982456 0.279749823066983
-0.195100002069382 -0.210306223611946 -0.0173984466875386 0.237713973969376
-0.237150239058792 -0.125627896125887 -0.115796208459237 0.213451535537824
-0.312971929788043 -0.0324964670180734 -0.10208578321365 0.261305232625028
-0.332554371251529 0.0566564027564828 -0.0741519028043999 0.452172137151199
-0.343079588578216 0.22419281671999 -0.398909492592551 -0.21383569139551
-0.410662708668716 0.215445117592163 -0.291933520701933 -0.188334006267773
-0.454043507890874 0.117790243687873 -0.177451581046651 -0.23376004430661
-0.493507163687069 -0.00155850025971208 -0.071495217311692 -0.325125431369182
-0.463524534426526 -0.206744983636068 0.0187853617980819 -0.324437065796076
-0.329605230533729 -0.387661317305528 0.0867543709161203 -0.184709383383637
-0.21709437020448 -0.499128969951233 0.13030992129595 0.0358735393041605
-0.119284816609482 -0.51719535270329 0.0547541541310482 0.180604740478913
-0.101999512359566 -0.509561094947202 0.0497793589102718 0.29508395403795
-0.145308307648714 -0.442496887578058 0.0523282463639097 0.309551360529544
-0.272080288397964 -0.337827933902535 0.0716078354917635 0.273627176716964
-0.378897136746834 -0.253114362203407 0.0240474906428706 0.289045003177799
-0.399153152367274 -0.111309941269349 -0.0478989383241878 0.270969125454665
-0.451257337362569 0.0185532863945142 0.00408913215866705 0.298407638191181
-0.4354475593544 0.123291206170322 0.0771381529875157 0.430386847708383
-0.372350659070448 0.202951142701514 -0.246000323953556 -0.316366740415772
-0.453561456505143 0.158756200200013 -0.157865906544966 -0.28011465663924
-0.486163250542623 0.0385292146111109 -0.0662197888886377 -0.286376571853888
-0.502343305761195 -0.0890265529291679 -0.0189819664219812 -0.353594432787389
-0.438075921474623 -0.275601582088844 0.00318559849851781 -0.349592543529534
-0.293322343243671 -0.431369549837716 0.0241453484657303 -0.281707049074411
-0.192734645044382 -0.527555804193215 0.0579963748117719 -0.140506761369479
-0.134821588144803 -0.553116848391902 0.00317056455816238 -0.0360436575612219
-0.164985506714116 -0.556388085052428 0.00764720432201321 0.11153653076588
-0.252793195325909 -0.488502811924115 0.0178516267335976 0.20362783726189
-0.414855114506592 -0.339271204364066 0.0606151501242755 0.242657456228151
-0.526893479748979 -0.197646813115311 0.0721931132747425 0.31477768780556
-0.501976628402666 -0.0314848264431171 0.05563566749693 0.295090350673676
-0.514956019879511 0.106522845936061 0.148735475779089 0.291908737810124
-0.47013055849139 0.189810605998961 0.253867335284231 0.367541504269557
-0.343274203359367 0.1495742404457 -0.0783625301035081 -0.391511861723091
-0.410140666114168 0.0726413132982233 -0.0113689665599988 -0.320438090825267
-0.408563240401334 -0.0519860192375393 0.0572363770525001 -0.28315373496202
-0.391477606706634 -0.15913996610035 0.0459064418340123 -0.330338662745302
-0.31198529369516 -0.28603394805575 0.0136627681599303 -0.345154486651291
-0.196381640144416 -0.393946774944793 0.00240135902607722 -0.358166221029896
-0.133590954835199 -0.473629130051151 0.0141601513443053 -0.309146983881894
-0.130093840533175 -0.507835956115776 -0.0504256539353233 -0.249047433073215
-0.201013274581999 -0.510140574112769 -0.0736812144534203 -0.0755300661137873
-0.310322406659865 -0.431334555012046 -0.0734603122948134 0.0952467447705938
-0.460791480017288 -0.256222965934077 0.00499107171686661 0.214519886600603
-0.546409754825661 -0.0886790775272863 0.103284618015733 0.310853264834002
-0.487535878274697 0.0627778621353936 0.159485067581998 0.271120920324339
-0.47679899314104 0.181173068909815 0.291620005180376 0.234839847817129
-0.427984047598837 0.227719052884844 0.421673902679471 0.270094576205144
-0.257898462235666 0.0841152459225877 0.0766885274847029 -0.424059262931029
-0.295752117563501 0.0109527715570513 0.104306937160972 -0.307434014509571
-0.263411981476671 -0.0888463942024812 0.140663567089252 -0.227165364368027
-0.229025136520861 -0.15431349205943 0.0845658310824925 -0.265816732152703
-0.163996645843997 -0.216823194697569 0.0337982698725733 -0.30385187939476
-0.095833637675519 -0.279557525779013 0.0164989679830253 -0.394940488701532
-0.0737630670001104 -0.348713915438447 0.00235190347529575 -0.44118783614939
-0.104564106059355 -0.384919751076384 -0.0968726486600864 -0.426219946489493
-0.185434322786722 -0.380868466604217 -0.171639824808398 -0.229937165094736
-0.279323726021083 -0.302987310038959 -0.186356660829767 0.0205822168423158
-0.381929923526602 -0.144549194417247 -0.0662622123959769 0.207687587510589
-0.429265589132318 0.00200159932739801 0.106573975023609 0.2906768512612
-0.370195256946502 0.108475771511435 0.233259900110936 0.219973131121689
-0.352975907803363 0.195350832747769 0.39552444617201 0.152098883261789
-0.319207305956191 0.210728229935654 0.548043864154922 0.159809914278231
-0.130857171071944 0.0265338210311938 0.187005925212119 -0.426385976243363
-0.149334620262877 -0.00747219804521324 0.167453833925607 -0.27503453626714
-0.122771597813528 -0.0627933703645369 0.170355961386295 -0.16613285015491
-0.102893676929314 -0.0871251928951512 0.0855653586290343 -0.201469437003393
-0.0675754882148034 -0.107232466668351 0.0411349763989399 -0.252488909664503
-0.0388045864248197 -0.132438701481231 0.0381761486875382 -0.39582911170253
-0.0325349580627971 -0.176976970979787 0.00446964917942747 -0.5161973610734
-0.0646467987140241 -0.198937906042514 -0.130638543046245 -0.541702056112072
-0.116788216957772 -0.194296511195297 -0.254765263128012 -0.323656028597973
-0.169508306892083 -0.14698510171722 -0.2765091143407 -0.0102168595418734
-0.215235410624964 -0.0530786796806958 -0.12215334631991 0.219261661129407
-0.24078450322763 0.0331854178636945 0.0904602887504533 0.272618849510278
-0.201454102621235 0.0806372150201648 0.26825455270138 0.171307822045111
-0.186438079464639 0.135904828857132 0.447586119797687 0.0802914361544477
-0.16814316729657 0.132620955284821 0.610096881977368 0.0750867911774342
-0.024500221497202 -0.00870388730133693 -0.557661431284188 -0.00488858985718924
-0.0220182206434503 0.0161201239356087 -0.436223685774352 0.0208475639841795
-0.00838713935923751 -0.0172516092554188 -0.273061346950941 -0.0946054348555662
0.0024839844254264 -0.0186102349498391 -0.0853624347008268 -0.208610408267859
0.00536591579565272 -0.0420295596072636 0.0875701376131396 -0.220901271150686
0.0171133319870155 -0.0349017042124338 0.232227692090008 0.0043266423509936
0.0109542540063924 -0.0203744626728792 0.259873440377213 0.33231364123982
0.0179423730313536 -0.0105627857151419 0.124621603489706 0.550328289529051
0.00823983884644906 -0.0106466738100132 0.0271535394335875 0.543833264626713
0.00637745371345276 0.00112298478163986 -0.00445390117703945 0.391270964815449
0.0107970132270679 -0.00669891611788919 -0.00778295500520875 0.251917584460967
0.0134928691094175 -0.00334201009401507 -0.0450263593623682 0.161639250183091
0.0072731071089352 -0.00595998331364532 -0.14681722467613 0.131764801343784
0.00595118181822209 -0.00189516087561919 -0.17832667452408 0.194832090616386
-0.0167327079237726 -0.030858639761733 -0.208396695594733 0.439379164765528
-0.151435897397444 0.110194848176759 -0.559371299088463 -0.0252227099407529
-0.167151976527649 0.134880648845343 -0.428141158831603 0.00189371273034326
-0.175774229319794 0.0799187305783342 -0.272475235231078 -0.108031660372717
-0.191232273941588 0.030828510557568 -0.091689307352583 -0.230830630918616
-0.196257112659439 -0.0770458539416043 0.0773943609952085 -0.252070560065508
-0.145922902932737 -0.164021272865181 0.218364247087543 -0.0345885730625153
-0.10701227569767 -0.2193399844968 0.257480863742577 0.288017628272008
-0.0393298612391224 -0.222293489151356 0.12455763823324 0.498767230809253
-0.0146755969296939 -0.205729982386049 0.0420090171372231 0.520792776229863
-0.00607953461421985 -0.151712729793373 0.00915028102351869 0.39286502025326
-0.0338027809456742 -0.119075864916973 0.0122158557145539 0.26227572204898
-0.0645459947363948 -0.106890000712793 -0.0345858514232334 0.187240355078224
-0.0965600551770425 -0.0749795894909593 -0.138865274623258 0.159360682646875
-0.149866958274943 -0.0294490334706321 -0.156775270603658 0.217481125433027
-0.182533493139993 0.00819597151996806 -0.166316373922914 0.450401698337287
-0.261692200545226 0.196271184203624 -0.508188366654354 -0.0987447294600392
-0.301590335232747 0.212868849523375 -0.385213543066779 -0.0753463681343882
-0.33320474829238 0.138381970600362 -0.24788736439571 -0.158456328922471
-0.369647768923859 0.047099062387302 -0.0954210149655159 -0.273942497630735
-0.369564967166492 -0.127072604801934 0.0471204727727055 -0.287779371843903
-0.276655135283152 -0.284992880197427 0.162162837983698 -0.0984829388938066
-0.19364590064382 -0.387143840014069 0.208941115443937 0.184855397493395
-0.0892178850809197 -0.399300348779123 0.0995653803214975 0.368027860147008
-0.0511743243006366 -0.38093819947178 0.0576894056736463 0.436832877592856
-0.054083670435799 -0.310443425517315 0.0399680145468667 0.374386437210122
-0.12618316035761 -0.24228459655984 0.0468860075598375 0.278749864302713
-0.197629491676939 -0.206207373196723 -0.0127223159876098 0.237909703845754
-0.238641202500196 -0.122270443604784 -0.111989869918788 0.215407555662371
-0.312705349062511 -0.0275404212273404 -0.0980766238735075 0.262412120055599
-0.33131728207492 0.0613113429147803 -0.0658694800158688 0.451977219115699
-0.339364579953179 0.229366076415232 -0.401519272722645 -0.20592178722227
-0.407071274053019 0.222804010097044 -0.295494757631827 -0.182956941361042
-0.451967657593459 0.125664701126293 -0.181993791974179 -0.230975348651229
-0.492830846186012 0.00467385140047087 -0.077389356296951 -0.3234211536077
-0.465975118952275 -0.19956703566427 0.0130649131418625 -0.324745207689773
-0.33370345782794 -0.382647346005012 0.0834678563141414 -0.185908007303526
-0.224433396081109 -0.493514008866284 0.130900264464935 0.0339169645161654
-0.126291417174045 -0.513118228371807 0.0567302895633817 0.180238021659455
-0.109102704631216 -0.508453699109073 0.0541507969105754 0.294606494439847
-0.150805767091295 -0.438823998687563 0.0567491794060923 0.309101191198136
-0.276038789110245 -0.333292967909155 0.0748358153167507 0.27265027625607
-0.382638452617899 -0.247645907985703 0.0290846150628499 0.28848142245375
-0.399872321267249 -0.105357696722133 -0.0431999327210295 0.272043925828517
-0.449989739937057 0.0243291350520451 0.00933460915043427 0.297756505058605
-0.433268348393681 0.129207167693671 0.0841439591939443 0.427582012914494
-0.368620701985995 0.208403581699669 -0.251902258464533 -0.311370887900198
-0.450335487781878 0.165882680511961 -0.162693852159221 -0.276590052034612
-0.483683454203037 0.0470342345077192 -0.0717660202424465 -0.285006808332277
-0.503895687102793 -0.0828607294916848 -0.0256607422346224 -0.352670196121401
-0.44061326312812 -0.269559524666026 -0.00208351875064775 -0.350302813685621
-0.298987620481412 -0.427304192481543 0.019755944503541 -0.280692596510197
-0.1992868495816 -0.523893749128994 0.0560888248504286 -0.141634251259238
-0.144215355664564 -0.551224944498946 0.00212557472916781 -0.0359488859037222
-0.172598432552209 -0.553644409795656 0.00965636418280651 0.111834031578026
-0.258892540400882 -0.484641930665218 0.0203011968248429 0.203160074507718
-0.420201753988523 -0.333007313756343 0.0634209628174332 0.242046450191937
-0.531341784644367 -0.191706445497997 0.0788226534803015 0.314275231205286
-0.501134065268988 -0.0243712721892312 0.0605349347709407 0.294427457781614
-0.51390288967489 0.114245566688064 0.153315870584805 0.289375252190032
-0.46725773696164 0.196867878568232 0.260719100935693 0.362164623326637
-0.341157425026191 0.154946920168573 -0.0845714800006869 -0.387543063527767
-0.408539978178569 0.0795043409887131 -0.0175003043494682 -0.318853905275548
-0.408101828348419 -0.0437678406272806 0.0510555049821719 -0.283614356497001
-0.392375785363047 -0.15328846596735 0.0398420848480428 -0.330518527864096
-0.315049259394066 -0.28065542183646 0.00861975606459046 -0.344451714252584
-0.200431919745355 -0.391798940522995 -0.00307845531258606 -0.357609943536425
-0.141106198475648 -0.471299286624374 0.00958998815550556 -0.309584995291203
-0.138057732821817 -0.505198410813241 -0.0543340047379556 -0.247632567166055
-0.208977579803541 -0.506377493222659 -0.0738772820713712 -0.0748429547202711
-0.316166738523451 -0.427625070117271 -0.0722332013141747 0.0969702414065177
-0.464357963447467 -0.250880285705449 0.0072406561676009 0.215308061131607
-0.547519619813938 -0.0800347385724502 0.109302553753018 0.309751186469454
-0.48617063140756 0.0713629867030964 0.163392314051438 0.269228325831646
-0.47378032290367 0.189441051746968 0.295288828625014 0.229356659601239
-0.424732768132634 0.234215442162813 0.426375546656925 0.261742118123662
-0.256632935033559 0.0881101827193961 0.0690428084210703 -0.423583650517701
-0.295432292489412 0.0155868830169168 0.0979677423053921 -0.307284010712232
-0.26440735115747 -0.0847161969552313 0.135320832545009 -0.229403328348362
-0.230655373565448 -0.1508504251881 0.0793113961079863 -0.266435740680817
-0.165928928548383 -0.213894447215796 0.0294400325131017 -0.304019516336021
-0.0988666144776064 -0.277861580374085 0.0105179595914244 -0.394734799992023
-0.0777713999126736 -0.347134859003207 -0.00382227010372213 -0.441421356518665
-0.111593400353791 -0.38120838916584 -0.102023540030173 -0.425341074047884
-0.192349551716838 -0.376765703633697 -0.173743072351604 -0.227569457888863
-0.283035085906534 -0.298384700597813 -0.18575458478083 0.0237925528211236
-0.383666518888342 -0.139321228354726 -0.0639709795729556 0.209119921788166
-0.42977194711196 0.00799665030605787 0.112186881917661 0.288991577267138
-0.367788871860331 0.11416274967065 0.237073653476186 0.216724843056557
-0.350182239978643 0.201012989401223 0.397434848271646 0.145263425637039
-0.315615584327137 0.214846600166868 0.549535832311109 0.149179829874669
-0.130715037676024 0.0288579050477494 0.179577385356288 -0.426788558925465
-0.14914482318541 -0.00496553912090651 0.16149756577991 -0.275617598672717
-0.123269326113994 -0.0608839821043703 0.165962949743062 -0.168346024049914
-0.103701088232542 -0.0848370626829878 0.0819349935318269 -0.201336624750003
-0.0687799611012412 -0.105525432490645 0.0382525299186502 -0.252269520574031
-0.0398456859845672 -0.131971309060548 0.0333183855469407 -0.39510678015335
-0.0349608521586493 -0.175809130571706 -0.00131597325427664 -0.515232846718631
-0.06766447726342 -0.197849923868616 -0.137828736901522 -0.540155906213811
-0.120361979432627 -0.192054725055837 -0.257868560778357 -0.320568985281945
-0.171379452052273 -0.144177050467446 -0.275911281528241 -0.00624418353995737
-0.215837518069504 -0.0494052824457947 -0.118296714505504 0.221491145496585
-0.240367615705141 0.0373027044237515 0.0954554129838792 0.271017099672015
-0.200356278125479 0.0837907027069866 0.271811794059547 0.167342432787654
-0.184453745803146 0.138671849270328 0.44875172321642 0.0726982330460472
-0.166046563827768 0.134713536189105 0.612356992942149 0.061979133937076
-0.0241718960398413 -0.00882504369678635 -0.55714031795719 0.00452344527868101
-0.0217439535687856 0.0167015562578591 -0.435216900394492 0.0276667710828014
-0.00928953346830426 -0.0174055521885423 -0.274724232426434 -0.0903948843137598
0.00158756765871367 -0.0188528698070267 -0.0894143425494505 -0.206571684498134
0.00436043975607353 -0.0417117211027176 0.0829804101612701 -0.22107080226503
0.0166744317009872 -0.0352138683581124 0.230722490384554 0.000829183812651942
0.010367110069324 -0.0207294271404961 0.264026820758876 0.328296778323072
0.0178152921278176 -0.0113590903476181 0.13314323765421 0.547677890123643
0.00803786986039843 -0.0111772235555963 0.0357010474004095 0.543246265284559
0.00689224741504055 0.000563684246748579 0.000750827122871584 0.389741606375987
0.0101764481500081 -0.00725732768700404 -0.00349710782578868 0.251973964393831
0.0130877461171911 -0.00351798512493987 -0.0416872568481044 0.161781529450944
0.00691198004512659 -0.00642848890701446 -0.143205234711714 0.133383453720395
0.00610849302223648 -0.00197659040710994 -0.174459521507422 0.196479050523065
-0.0177484625262483 -0.0303428106643426 -0.199320561008728 0.440583147585099
-0.149353035839405 0.11128191057809 -0.559340128447495 -0.0155292398788926
-0.164511976325478 0.137231447705837 -0.426733222697429 0.00773522427618295
-0.174099385383787 0.0827563327949533 -0.27448082609534 -0.10326741666248
-0.190419966524073 0.0325056191392517 -0.0960200851008198 -0.229106674110511
-0.196287091028684 -0.0739617197338095 0.071956515804949 -0.252033270360768
-0.147931770619509 -0.162280165997956 0.216737444462117 -0.0372877775948638
-0.109857024318152 -0.216749713510928 0.260634831238186 0.283072095081372
-0.0425904893050849 -0.221028572877248 0.12928918309 0.496223800659412
-0.0174031907052673 -0.204882874369374 0.0489249676379114 0.518139763712377
-0.00774410612285788 -0.15083022321603 0.0148782202780716 0.39121195060636
-0.035219823271707 -0.117549518842465 0.0162703839668373 0.261359721435585
-0.0661602081675869 -0.105278129904452 -0.0309740068758786 0.187152263481972
-0.097188666039512 -0.0734702077900685 -0.135043184658343 0.161053186875013
-0.149838830377045 -0.0277020233287422 -0.152199251823587 0.218968501614544
-0.182597013247898 0.0108748360737505 -0.159191179454025 0.450228924809232
-0.258290866353918 0.199638203055675 -0.509262823138695 -0.0876904112479529
-0.298096322043692 0.21685992785037 -0.38501735389221 -0.0683321228026634
-0.330615420092539 0.143536467812709 -0.250588052155867 -0.154138654880666
-0.368415708935936 0.0520299275407373 -0.100143299527149 -0.271179860995147
-0.37048228117719 -0.120696045474535 0.041518682903303 -0.28687933023202
-0.278757611745071 -0.280240700545348 0.159366144365396 -0.0996442318491828
-0.198030527437684 -0.384185006562481 0.210722014535707 0.180705994617234
-0.0949727740031987 -0.397628341969673 0.104470092335788 0.3665005864643
-0.0563860809344135 -0.379072494840091 0.0638615780247882 0.434205946966468
-0.0571063318583389 -0.308262875137032 0.0446238348178354 0.372381966184368
-0.128894262573782 -0.239661496276945 0.0504795561720268 0.277744255253831
-0.200960388936994 -0.203009683254652 -0.00800613809740269 0.237752945468996
-0.239557277839802 -0.118330781859548 -0.107557448911673 0.216926098921887
-0.311889006637464 -0.0230367887724026 -0.0934014885038946 0.262553030925267
-0.329617502650453 0.0657517623361881 -0.0582748398974277 0.449261264160545
-0.334875539678801 0.233498055148508 -0.404239147195251 -0.197492247770577
-0.403687909202057 0.228771988095954 -0.297517321252671 -0.177180349780351
-0.449492492095379 0.132038884487693 -0.185894320521461 -0.227628390855128
-0.491300933045567 0.0104241189554276 -0.0826663422586196 -0.32125411164316
-0.466395726537894 -0.192181538691055 0.00724930422234851 -0.323187177207881
-0.338330576432691 -0.378141873911089 0.0800575404741702 -0.185550221471874
-0.230884384984524 -0.490003841275856 0.13072730353119 0.0318408180154895
-0.133045115064766 -0.510910881692203 0.058990488224849 0.179194060696339
-0.117744276853881 -0.505630737170935 0.058526219102601 0.292780461137693
-0.156140053310377 -0.436058970749492 0.0608228537568689 0.307252541541327
-0.279636130631031 -0.328140017852004 0.0780798995799943 0.271615045934299
-0.385553643139272 -0.240911014650204 0.0348547289010419 0.287661685881327
-0.400160755586703 -0.099908414313585 -0.0391018946371587 0.272407427460838
-0.449072410917993 0.0323360274002025 0.0142917216721626 0.29626408246273
-0.430591468611992 0.134985811694194 0.092133527307516 0.42475903502682
-0.364430190973245 0.212889279435911 -0.256417901502625 -0.304359079274237
-0.446418471520121 0.171919916270223 -0.166812181817918 -0.272429803540581
-0.482859393181935 0.0540736538461437 -0.076246615928506 -0.282907342159765
-0.502831661124393 -0.0752976511000506 -0.0323828843204267 -0.35096626138855
-0.443321217036568 -0.262578266381104 -0.00808126465206381 -0.347889695132054
-0.303501992026409 -0.423129532321644 0.0154271115671441 -0.27969529341191
-0.20621275879676 -0.520477383257962 0.0540856636366017 -0.142349353082795
-0.149624452353912 -0.545812615716397 0.0016536593337066 -0.0351371146256423
-0.179652717917788 -0.550565320988883 0.0115619417264554 0.111415142531527
-0.265470115129228 -0.478946414397601 0.023204833589413 0.202750883740002
-0.421533536211919 -0.326367860853857 0.0659208966425274 0.241302816038784
-0.531915022228852 -0.181010303030018 0.0834990378910839 0.312037771582301
-0.499418825900027 -0.0165969429506115 0.064507638801727 0.292936757004579
-0.510551074521613 0.12094224277216 0.15735584289565 0.286349486544638
-0.462980871396893 0.201900330597405 0.265086256305402 0.354940735295047
-0.338344713604997 0.159547249471249 -0.0918581166446056 -0.383022869118888
-0.407050830519363 0.0855660606054581 -0.0232552513625058 -0.316710895342178
-0.407942056600637 -0.0384606598508208 0.0455923459208075 -0.28305583856445
-0.393787079510559 -0.147858928606282 0.0336000709386428 -0.330174487460194
-0.316759887588084 -0.275009445959401 0.00315593211487369 -0.343344268165043
-0.204245040289135 -0.3871714421062 -0.00804167051370354 -0.355420565624549
-0.145900760380347 -0.467097498488353 0.00580987574031192 -0.309189804773136
-0.144963167828547 -0.500846863987307 -0.0573577917529194 -0.245811394981461
-0.217302999540305 -0.501972036513608 -0.0739268957323266 -0.0733654888813708
-0.321627635187495 -0.422073527377508 -0.070633078895892 0.097777108054636
-0.46642922141142 -0.243294171738442 0.0097404111762641 0.2156779475475
-0.547328803507946 -0.0711949396065419 0.114585947186344 0.3067103753658
-0.484319045996658 0.0769115905579416 0.167369652805879 0.266594559387377
-0.469669614666789 0.195477910730479 0.297314398652228 0.224574245254467
-0.419667492555655 0.239174188683974 0.428916056624498 0.252750367494266
-0.254365436633519 0.0922040375716209 0.0625813282388723 -0.420760393315853
-0.293599965624217 0.0208211089159318 0.0923978088735073 -0.307185598351322
-0.26431564483265 -0.0798166756417184 0.130225435547704 -0.230673637870071
-0.23166695005096 -0.146156276067535 0.074640387439196 -0.265714980428447
-0.167706780420375 -0.210349374056808 0.0251029018293872 -0.303009661362932
-0.101906913486013 -0.276037521372589 0.0054942681098835 -0.393856642629517
-0.0833044363052277 -0.344949838203941 -0.0101218214377718 -0.440061301376446
-0.116267858229485 -0.378676744838666 -0.108094751431034 -0.422690038177777
-0.197311795358676 -0.373628201799257 -0.175963402062157 -0.224416760493736
-0.287229246749051 -0.293471732207714 -0.184866600126577 0.026664715168017
-0.384993411415458 -0.13316524781786 -0.0603297981353269 0.210440595258461
-0.428770664448537 0.0156424255710468 0.117088838871113 0.286642530027705
-0.36550173012004 0.119012110110886 0.239960959109679 0.213169329104043
-0.346242051691837 0.205389757062958 0.398849601205653 0.138658058993688
-0.311960066831818 0.21888615099427 0.549423530731864 0.138747092811051
-0.130172349545308 0.0306443792962355 0.172367743187367 -0.426754412685619
-0.148573397091467 -0.00269265843835611 0.155886827482318 -0.276456955391339
-0.122972575000876 -0.0584258921880514 0.161479164937535 -0.170008478448407
-0.104703615643451 -0.0827594771855553 0.0774519353453312 -0.201802533955301
-0.069550894317971 -0.104074279039076 0.0341750367570037 -0.251647037733769
-0.0411614156303778 -0.131292810606785 0.0270441124748679 -0.393891779619135
-0.0376592928405375 -0.174677609026773 -0.00837274581718817 -0.515297586404557
-0.0708593038122025 -0.195847270821628 -0.144874606233526 -0.536194357487562
-0.122533072920683 -0.189534804922307 -0.260899903460789 -0.316005013902281
-0.173147671276483 -0.141362533078559 -0.275048405109684 -0.00217173564967439
-0.215879094411188 -0.045988017360741 -0.114502845440103 0.223858113763666
-0.239752198567979 0.0408508031937498 0.100223708654297 0.269369369416407
-0.198381464013414 0.0864527130161229 0.27413969560524 0.163100073284761
-0.181499387266052 0.140797356541816 0.447982281817552 0.0651338941318848
-0.164271102312693 0.136581798653159 0.609571869678634 0.0516196882935896
-0.0243695169551569 -0.00874349373943711 -0.554963348415895 0.0141069698681208
-0.021630737282108 0.0168091904154244 -0.433178889773546 0.0337465205049051
-0.00953310327882723 -0.0173995218330021 -0.275597438894906 -0.0853047130565946
0.00150434088558066 -0.018878031022004 -0.0926039792867757 -0.204230906877786
0.00381346437227559 -0.041573181526681 0.0785270664893293 -0.220287012653243
0.0157363644264119 -0.0350986919431387 0.229097457702494 -0.00201741105578334
0.0098996578759949 -0.0207323572286478 0.266169013916334 0.32378788955532
0.0182012140645753 -0.011671072045303 0.138116540346549 0.542866596527425
0.00776793804691614 -0.0118630245823367 0.0419428381421425 0.539291841640458
0.00698855963664967 0.000440371316944911 0.00581636323783473 0.387310691781583
0.0093659609270798 -0.00761287747279792 0.000385228656024968 0.250316441534004
0.0126245388260176 -0.00433896830258226 -0.0387354888779014 0.162051880785918
0.00633594584016046 -0.00685723237028549 -0.139158152031927 0.135357349611077
0.00603842433456447 -0.00273322065014171 -0.169933115976883 0.198105594166095
-0.0180378051871489 -0.0297755089358772 -0.192077943714276 0.43938248489312
-0.14708904309613 0.112808748783816 -0.555672496589748 -0.00623872486188898
-0.161844510595755 0.138779859048833 -0.42498835069169 0.0153919355820093
-0.172728258419787 0.0843754594551413 -0.275623610089696 -0.098427256846561
-0.188932254599516 0.0351363221749449 -0.0996119459943506 -0.226390534343437
-0.1965539110873 -0.0711238930217298 0.067679272759448 -0.250748039435608
-0.149552524406467 -0.159224698055096 0.214856570298568 -0.0391375939856752
-0.112258333342129 -0.214482563929312 0.262819653216324 0.278080404633086
-0.0443682741230654 -0.219712185280752 0.13702772881641 0.492521516865147
-0.0197519762380093 -0.204221462199347 0.05497943394725 0.514860233656299
-0.00914858189732761 -0.150124974329123 0.0203123215695048 0.389953329637657
-0.0366798728720508 -0.116517288474349 0.02025537806765 0.260187486097356
-0.0671502698995484 -0.104244479891286 -0.0270060213120747 0.18706495463253
-0.0977673221876449 -0.0718770225346028 -0.131240385566733 0.162607310994232
-0.148976813610189 -0.0254739052435285 -0.147435909111833 0.21908266374876
-0.181581428493309 0.0140100875075115 -0.151166522127051 0.449496139439243
-0.254270850980452 0.201665091440578 -0.507958703597326 -0.0793369930940013
-0.293491013106929 0.220458619644016 -0.38548085201268 -0.0616926501863797
-0.32623914180434 0.146962229176139 -0.252714453684357 -0.149454948513397
-0.3665281651852 0.0568985837858272 -0.104626057906875 -0.268203720568064
-0.370128204848235 -0.115100606459922 0.0365949912920717 -0.286000439007296
-0.281971106460377 -0.276601568259862 0.156668907763385 -0.101242676048268
-0.202839601854939 -0.377681289969877 0.212241389627132 0.176559665765395
-0.0986539139639392 -0.394666107291972 0.107791860549763 0.363925800854179
-0.0615623963097332 -0.376783637859184 0.0690504659111446 0.431421226544029
-0.0606137135645626 -0.306159231979625 0.0497494158637796 0.369623178366525
-0.130644126435538 -0.23595484406067 0.0542831845883671 0.275824017429456
-0.203247402819015 -0.198695119584028 -0.00381795690688388 0.2365516666495
-0.239533530318824 -0.114455094778968 -0.102864601245248 0.217882200152348
-0.310431210165357 -0.0188101361366276 -0.0883846326646616 0.261816234237006
-0.327443883101654 0.070178055327733 -0.050887158917812 0.44690228846017
-0.330031526955675 0.237576275264019 -0.404845585789762 -0.188000656169695
-0.39821435673715 0.232824299376187 -0.299737920016151 -0.171206955905259
-0.444898716846693 0.136839673583351 -0.189498821802295 -0.223770410244693
-0.489869166085717 0.018685030495469 -0.0877488573592132 -0.318286664394652
-0.465747682190553 -0.1854499960513 0.00220771143286722 -0.321550533104893
-0.340846692798789 -0.371838053739158 0.0770521054426156 -0.185641260900049
-0.236720916144109 -0.485153724574641 0.130363698253867 0.0293853602027
-0.139849797128584 -0.505458956865686 0.0609794606579725 0.178093881243436
-0.122819449522292 -0.501397501039602 0.0623799922766775 0.290604077571942
-0.161815812026161 -0.431822287742897 0.0641754840858145 0.305267535978592
-0.280534768792341 -0.32178043866899 0.0807418703303474 0.268972940443874
-0.387344227709969 -0.233885700346334 0.0389465443259823 0.285490998263572
-0.39892606077735 -0.0940563104341556 -0.0344048887025245 0.272019323142575
-0.446389159756578 0.0384282514534945 0.0183799241332468 0.294371908664114
-0.426860771547904 0.141226529075125 0.0976799840817041 0.419138792648036
-0.359264980308273 0.218354872112583 -0.258379763162186 -0.297607012358751
-0.441482852519993 0.178498255686765 -0.171481213076349 -0.268228371966596
-0.478573242055818 0.0609121801128504 -0.0811110551551018 -0.279973021628796
-0.500656818310241 -0.0677366554958942 -0.0380649916410711 -0.348245424761743
-0.444063566742305 -0.253296977413551 -0.0136329151174015 -0.34620281726453
-0.307159496317946 -0.415927447854904 0.0110575354689033 -0.278827853684435
-0.211316181458161 -0.513209954493145 0.0515318230147119 -0.142272974023936
-0.15753868343209 -0.5424660842512 0.00102587824205454 -0.0349908010284835
-0.187817782812375 -0.544145675156589 0.0133667443788116 0.111054287968255
-0.2700709928242 -0.473371029832287 0.025822738112241 0.202034125323762
-0.423238931871225 -0.319338495558974 0.0680718824956365 0.239577928056062
-0.532143783760412 -0.173042076092641 0.0887671323093434 0.309429390946866
-0.496952357697619 -0.00980327796531177 0.0682074527275968 0.291264320218103
-0.506089908689205 0.127938209456571 0.160645320530636 0.282167932293524
-0.457627319082566 0.207886696365422 0.269120207763105 0.348603274909759
-0.333079812390929 0.1634825667155 -0.0968483807507021 -0.378779196503477
-0.402936927623233 0.0913777236582281 -0.0289823827973739 -0.313795958922335
-0.406434862426803 -0.03152347195222 0.0401862155547929 -0.282253923916944
-0.393329187950909 -0.140154097974375 0.0277487772914111 -0.327966994884871
-0.317731862265139 -0.269656797181002 -0.00136812779789544 -0.341716120861822
-0.207768213013383 -0.381986893492351 -0.0123241567735893 -0.353847153437907
-0.153193448385326 -0.462067505700814 0.00139436189633756 -0.307817323810597
-0.150201486086676 -0.496953382457641 -0.060602101814535 -0.243366622819551
-0.221863900349897 -0.497414683598655 -0.0743076490262559 -0.0721504292934064
-0.325303540183941 -0.414426918292162 -0.0688333618459314 0.0984922105469418
-0.466724091621023 -0.235092013562492 0.0122029029421714 0.214740070133115
-0.546766479527928 -0.0642701159657804 0.119820509729144 0.304697345186563
-0.480203942495617 0.0850482522993942 0.171353779090074 0.263531998761348
-0.465276560840381 0.201087707663433 0.299488256874459 0.218970171097701
-0.414185516663725 0.24397897106388 0.42981804158848 0.24276625611036
-0.251843357286017 0.0959207708124969 0.0554623059333414 -0.41938688792107
-0.292102384461331 0.024577658562078 0.0858462482547881 -0.305889922616001
-0.263686882254541 -0.0748481834252675 0.12482840304675 -0.230605527830294
-0.23241286653751 -0.14234841183413 0.0692492462294408 -0.265105151770643
-0.169251964241436 -0.206636129214346 0.020872018039532 -0.30155773051023
-0.103928259504904 -0.273567000539483 0.000629088081136059 -0.391896205482178
-0.0867235051521777 -0.341011078733255 -0.0157736364548766 -0.436909098318723
-0.121356171658554 -0.374887677184946 -0.113616896721288 -0.419140549868718
-0.201286591252982 -0.368927847164265 -0.177961834826908 -0.221191901130424
-0.288860181044621 -0.287915106595368 -0.18341915262422 0.0292995186931611
-0.384469114264276 -0.126804901874539 -0.0574575272767106 0.210891310523234
-0.427427560942044 0.0216798016783425 0.12203566450778 0.283653153275717
-0.361869895888881 0.123983908484774 0.24301334913173 0.208591063309314
-0.341342682711694 0.209604056774572 0.399280731688845 0.131521305960679
-0.307401404507218 0.221997032442393 0.548634088463096 0.128230919553671
-0.129004592372719 0.0329249310874177 0.164897844146894 -0.425190801355166
-0.147836648623323 -0.000171170302677825 0.149525543216455 -0.276156077297789
-0.122974797861565 -0.0558146656020689 0.156536939696607 -0.17117170582212
-0.104417065779809 -0.0808830049284749 0.0737662079654747 -0.201390156022213
-0.0703897269438401 -0.102254801489787 0.0314528119925292 -0.250796312270696
-0.0416734958527372 -0.129685339892503 0.0227493447967569 -0.392199514243696
-0.0390756832361849 -0.172395547410615 -0.0150937861369323 -0.511407120837282
-0.0732749619361271 -0.193121166332754 -0.151513717014518 -0.531534238754865
-0.124654403837371 -0.186818736536805 -0.263634915985512 -0.310676113030174
-0.174173698379391 -0.138083737192515 -0.272743794862463 0.00224426137703932
-0.214917085240172 -0.0429959710044201 -0.110710390088951 0.225150166986655
-0.237969661806485 0.0442587695916936 0.104260714115139 0.26668855805609
-0.196196418800376 0.0896831532034799 0.275742170735814 0.157906816852476
-0.17869520258566 0.142679571087105 0.448243025833283 0.0580708928346671
-0.161373201346916 0.13849570841427 0.608555451894633 0.0407370369623087
-0.0244568802973283 -0.00897351435552811 -0.549951862740527 0.0214804532301876
-0.0211559831191647 0.0173814063468033 -0.430084624606786 0.0397195846450501
-0.0096672031217102 -0.0170268951306265 -0.276240361818939 -0.08077266350394
0.00114566845788282 -0.0190074908375264 -0.0955311552001073 -0.20197178983489
0.00284926047166323 -0.0413900420541153 0.0743901443955737 -0.21922816355523
0.0147021148101531 -0.0352722487349271 0.22734164021123 -0.00402219011301094
0.00914566246793969 -0.0210098657493468 0.268799408876859 0.316110646933441
0.0173219128829993 -0.0120951253113621 0.145143450293451 0.538266032453622
0.00755872091224382 -0.0119801008963659 0.0486561196078571 0.535433146778984
0.00736320370192994 0.000133760459094833 0.0107156625164084 0.384905693404594
0.00936673501085433 -0.00729726820998274 0.00431026218671486 0.248281795301472
0.0126880406190727 -0.0044857845881935 -0.0358762563047926 0.160814842852552
0.00636554466159878 -0.00683955341707062 -0.135589847782813 0.13622416715249
0.00641080255641922 -0.00248705527734033 -0.164849532475781 0.197675710873413
-0.0189987637438284 -0.0293259043570828 -0.184350732978564 0.438563278376282
-0.144875958917296 0.113844202696969 -0.553265113347735 0.00290963629385291
-0.159032876050492 0.140310351365604 -0.422597786378033 0.0216811475347401
-0.170665482610123 0.0863247781298057 -0.276580609186725 -0.0938631171459545
-0.186946232140133 0.0373727036551787 -0.103002913483436 -0.223542652127542
-0.195888272985165 -0.0680137148428864 0.0631313864754749 -0.249759155872629
-0.151279863976334 -0.156761559765751 0.21231050155421 -0.0413486399937892
-0.114464343882442 -0.211581823526698 0.264087699386561 0.272463032825395
-0.047074943463713 -0.217433236059422 0.140899938708036 0.487730485266073
-0.0227753730759412 -0.202842279591073 0.0608804518396284 0.51188396122814
-0.0109689292103542 -0.149391056485274 0.0242661217197247 0.387394111102798
-0.0376863711920738 -0.115078182454496 0.0238074695140599 0.258306013704651
-0.0686644132195703 -0.101926627716165 -0.0234882157483713 0.186043798732325
-0.0973666286649655 -0.0699696349286233 -0.127171911390732 0.163575823509041
-0.148447022797185 -0.0237463752309622 -0.143048477275019 0.219625610780317
-0.180252403122788 0.016150495329861 -0.142755795931273 0.446096386955511
-0.249740420530953 0.203776071532149 -0.505820015278282 -0.0706384396797813
-0.288617480691256 0.222959495340478 -0.383849902633575 -0.0557492845701155
-0.322157915476788 0.150628642899517 -0.253845206977939 -0.144983280489777
-0.362951228854121 0.0612233743635155 -0.108354776725661 -0.265248911930608
-0.36850097674937 -0.11028940149961 0.0315440535079778 -0.284000792831559
-0.282994872020537 -0.270725604443441 0.154297865145242 -0.101748071842787
-0.205477567014647 -0.374786904329344 0.212210751338424 0.172747031343158
-0.104233038639975 -0.390040080089282 0.112131566444302 0.361014000568377
-0.0660636730106301 -0.374327194740086 0.075144081611707 0.42775493220387
-0.0638275776129561 -0.30329813388587 0.0538201941723715 0.367242839444964
-0.132751596926509 -0.232499640115106 0.0573685548653729 0.273363171919786
-0.20419109472931 -0.194893927814864 -0.000345950645030494 0.234849989717427
-0.23843716142539 -0.110603456334462 -0.0990667412811556 0.21788293234153
-0.308994010659477 -0.0152549090064211 -0.0840647715813196 0.261163243636205
-0.324006437305612 0.0735533854559571 -0.0444791147926135 0.443144683332201
-0.324776719200688 0.240353688121098 -0.405525353823389 -0.180265586633151
-0.392186540359879 0.237937392446402 -0.300527656777983 -0.166149990666218
-0.441129267078404 0.143096888404051 -0.192393604187384 -0.219222413479101
-0.4859645651371 0.0241859069165417 -0.0931063675794008 -0.314805470787615
-0.465435784578709 -0.178924861067901 -0.00207278027191358 -0.319433320129086
-0.34358548954079 -0.365403100591512 0.0745153587838488 -0.185447503951001
-0.241091340506421 -0.478164250721476 0.129984723072106 0.0271222615883056
-0.145401998538551 -0.501563716328957 0.0621682821281263 0.176731498895266
-0.1286700956095 -0.49676997336203 0.0659880391071487 0.287752591486265
-0.164500873558802 -0.426731114996102 0.0672453458824386 0.302483503697972
-0.283216816712725 -0.315828240508063 0.0835190589538662 0.266644482376819
-0.388235525737766 -0.226796099105321 0.0435564108543127 0.283977231205867
-0.396910316764234 -0.0881962310771496 -0.0301096956179111 0.27094882956654
-0.442546729869089 0.0428587754841876 0.0226457621710498 0.291890595771146
-0.422538270289554 0.144887986356209 0.103327840581518 0.414254288786097
-0.354536077911533 0.222089360815314 -0.261347287306631 -0.290847576088225
-0.436295282576159 0.183355230379385 -0.174059567447222 -0.263379481989994
-0.474779363763365 0.0676683675788676 -0.0854386584856798 -0.27690681290749
-0.498789654376691 -0.0607424378871783 -0.0431499472860431 -0.344625194779567
-0.444097353671732 -0.247682719861187 -0.0178158544732862 -0.343148350635805
-0.309131951219198 -0.410858047497337 0.00795316244515256 -0.276970344814822
-0.217762483110453 -0.507273556565468 0.049630682646857 -0.142591440937886
-0.162345368804789 -0.536283516139228 0.000358332913708588 -0.0342916288749066
-0.193811019067747 -0.538088274604798 0.0157872320993302 0.110222506511931
-0.274097084391272 -0.467579926477927 0.0278800993309659 0.200879380091751
-0.424191398288619 -0.310311566008048 0.0704279101895407 0.237423679015469
-0.532136225028684 -0.164586050888751 0.0934729119909899 0.306611191742276
-0.494487419780733 -0.00279808158067005 0.072569114501578 0.289676354558865
-0.500704137852762 0.134902695183018 0.163487221490493 0.277486368304604
-0.45178640048252 0.213728045543256 0.272244221657431 0.340762876941083
-0.330542398984362 0.168380672643824 -0.101277708664026 -0.372742598683849
-0.399292092018922 0.0963762753704981 -0.0336777120955101 -0.310170059228857
-0.403057215945391 -0.0251343967670236 0.0340798931696781 -0.280166018783968
-0.391221727497761 -0.13506330641929 0.0221002904018756 -0.325855728853812
-0.319125372006018 -0.263166593529508 -0.00597721261063339 -0.338982160125391
-0.209922255251028 -0.37749009067794 -0.01664033094461 -0.351177226804753
-0.15780665439256 -0.456926514467224 -0.00144515091449617 -0.30634217337114
-0.155557574069099 -0.491134673361242 -0.0639041406775515 -0.241178139366059
-0.227704863589303 -0.490827470103011 -0.0739987295218011 -0.0709121956523312
-0.32827375995159 -0.409245918565452 -0.0671025695551103 0.0994356669204642
-0.466218589590423 -0.227527475994965 0.0145294708326566 0.213889382422562
-0.544370260901381 -0.0549661717245774 0.124214588242794 0.300680896261441
-0.475839128271469 0.0906133136644384 0.17394957684926 0.260377385947387
-0.460208709535153 0.206088516956459 0.300549417693663 0.213289036218492
-0.408844220660301 0.247644320305511 0.43052267949059 0.2347709822817
-0.249224065436307 0.0988362460453603 0.048824316541205 -0.415097882574443
-0.289866420236246 0.0286404802253197 0.0801806024069987 -0.303865147287678
-0.262326094783466 -0.0708524001896379 0.119149698068347 -0.230225009398367
-0.231755722049472 -0.138516611268561 0.0649215744267832 -0.263658750358301
-0.170210869737475 -0.203585630298288 0.0170866973796508 -0.299963328659949
-0.106221814271627 -0.270049872280405 -0.00417153763482475 -0.388889615375089
-0.0903171764581497 -0.337222601705769 -0.0207075695291799 -0.434397955712648
-0.126349412939829 -0.370681360965071 -0.117121893379365 -0.414567964433474
-0.205891745243415 -0.363760452197601 -0.178693829666697 -0.217612321041817
-0.290722790043542 -0.282788676953535 -0.181009573546184 0.0319215288002589
-0.382645145254031 -0.12016330198412 -0.0542222741715406 0.21127743474918
-0.424982851740935 0.0273733305365685 0.125513681515958 0.280398185556071
-0.357995705472624 0.128215144363064 0.244164808036864 0.204283920646875
-0.336261198602238 0.213387389349694 0.398473682853144 0.124704123237156
-0.302525786927133 0.224372376278514 0.54701100969841 0.118820336602322
-0.127352336362814 0.0348033404781967 0.158143738323855 -0.423233222024566
-0.146872951366751 0.00132149489862408 0.143846875199202 -0.275488757750217
-0.12213766662682 -0.0535655607927025 0.1522880434491 -0.171420126592982
-0.104921690095748 -0.0784968220450657 0.0700158435545542 -0.200093254890394
-0.0713640232438907 -0.100425470398316 0.0273305786158157 -0.249747866103879
-0.0424298781034966 -0.128669582244803 0.0175023484444526 -0.390170085998806
-0.0413447161165702 -0.170539303060761 -0.0210370995050399 -0.507602665879391
-0.0756209116160491 -0.191203994522709 -0.157329385607444 -0.525374668791624
-0.126161548854071 -0.183689042314893 -0.263754565385766 -0.305667152059784
-0.174508568951324 -0.135163339937926 -0.270797379687451 0.00599039556191719
-0.21402407795362 -0.0394397881082279 -0.106384814830829 0.225732703413061
-0.236172569096335 0.0477755306056424 0.108726935668561 0.263879766873876
-0.193630206027787 0.0919070254707752 0.276758320615916 0.153278016948493
-0.175383993814786 0.144119334693494 0.446015747433123 0.0505809686685261
-0.158743776844439 0.13981252533755 0.603534702714541 0.0296653379174318
-0.0243859403389363 -0.00895748752507551 -0.546351355223571 0.0293440001493905
-0.0202938746576942 0.0176432408728212 -0.426369032898793 0.0450177367980778
-0.010651029042641 -0.0169712290954707 -0.276127091410705 -0.076322507238971
0.000627279767157127 -0.0186515672934868 -0.0986280722465381 -0.19892357741221
0.00186553513745895 -0.0412024784037997 0.070371600592298 -0.217748832900747
0.0139949321380036 -0.0352476401134384 0.225282765875398 -0.00633539292015396
0.00882795813089164 -0.0209706712195412 0.26907176920658 0.310829509832828
0.0174937988115552 -0.0125781264039826 0.149197987478477 0.533746740248318
0.0072221962425577 -0.0127042937388014 0.054846039779908 0.531243489806168
0.00762415573544375 1.82774823961323E-05 0.0146642037838152 0.382362858033684
0.00881429974342674 -0.00748779117254804 0.00732455710125254 0.246603258434364
0.0119710276460878 -0.00445422425581789 -0.0324530759980167 0.159985118711824
0.00615328611915614 -0.00703755907577494 -0.131646390152385 0.136638769404731
0.00637089908228257 -0.00322945102356091 -0.16046981364342 0.197482789842492
-0.0195530796605459 -0.0288279352221873 -0.175855137083802 0.434782553649166
-0.142170237123189 0.11411274863292 -0.54815802304197 0.0116389769553404
-0.155719790822977 0.141281468010217 -0.419312392694888 0.0271252107806472
-0.168627639784597 0.0872945363287198 -0.276321259979401 -0.0899151526526747
-0.185636035922788 0.0390494290586692 -0.106153640533665 -0.220378096674217
-0.195771320928123 -0.065422123420302 0.0584525301006811 -0.247929839390607
-0.151305771582133 -0.154122477054692 0.209742492159873 -0.0429321748876896
-0.116131994029501 -0.208782190838213 0.264742993833716 0.267304005239067
-0.0490068435601239 -0.215460080205368 0.145630289258559 0.482593293894629
-0.0249239957610297 -0.200936897636111 0.0668732431612886 0.505403306301142
-0.0118251767405954 -0.148228257825921 0.0285449567633058 0.383800732173788
-0.0389138854417072 -0.113305389027914 0.0263775786612999 0.255759954406275
-0.0691376381198166 -0.100913499547002 -0.0207043019999487 0.184442534021135
-0.0977181469707571 -0.0685581439528216 -0.123463261798229 0.164382805443552
-0.147169969755227 -0.021683593856523 -0.138365528517824 0.218507206552434
-0.178801595598288 0.018139570343448 -0.135271484364378 0.443316805361976
-0.245333643718121 0.204781359366407 -0.503105182437453 -0.0620684671642906
-0.283476409918275 0.225283043215293 -0.382142083956878 -0.0500047624282369
-0.318654061755572 0.153430816973932 -0.254435540737238 -0.140500219112928
-0.359138235331742 0.0648371181946445 -0.111462717467122 -0.26157570113263
-0.368299576625155 -0.104309385056401 0.0270263231204709 -0.281609687052817
-0.284012760338297 -0.266217443438366 0.151864252863384 -0.103388499125738
-0.209248149236688 -0.367602425081821 0.212608513376453 0.168097187714721
-0.107028272631198 -0.386204544478303 0.115277461971042 0.356909037395584
-0.0694821369134915 -0.370211658503282 0.0793765596029685 0.423262801491051
-0.0664486805473508 -0.300137658283984 0.0572104600930105 0.364110139998369
-0.133553234706024 -0.228625457462414 0.0602499608326418 0.270926875230403
-0.205231262248548 -0.190210465060736 0.00359836946272966 0.232956363305214
-0.238131033895246 -0.107082191150893 -0.0945689700287835 0.217348276603465
-0.306096912809908 -0.0112622506948805 -0.0800104071308823 0.259723810445988
-0.320519318927148 0.0765745265749028 -0.0373162951991608 0.439439272238783
-0.31967966096301 0.241615622798501 -0.405083279799304 -0.173084294676163
-0.387054750904194 0.239605696308258 -0.300832805037187 -0.158980845462416
-0.435345194504072 0.147490872492338 -0.19375332626582 -0.215196507119308
-0.480989572997107 0.0304903468841261 -0.0970771801168809 -0.309863021174012
-0.463398003329179 -0.171675316512624 -0.00775085933455009 -0.316248391385469
-0.343716865142794 -0.358937318867122 0.0704390154046089 -0.184016520760314
-0.245486323485972 -0.472955067982672 0.129353987797142 0.0259050752666578
-0.149891219264173 -0.495717427676006 0.0638980760977351 0.17543898264168
-0.133268745062037 -0.491277045633372 0.0686186292924975 0.284921493898152
-0.167909233602061 -0.421440430168083 0.0697715666792646 0.300493216619594
-0.283079435562666 -0.31027560903897 0.0857957130469234 0.263746028967049
-0.38797681074969 -0.21995833658575 0.0481659334221884 0.280451691105287
-0.393868975732898 -0.082968651498294 -0.0253826332731661 0.269801220121504
-0.438290510912327 0.0485517485653299 0.0262133939848514 0.288564813004025
-0.41682009341439 0.148991000527542 0.107594719407657 0.40691501700139
-0.349086061968049 0.224564269986457 -0.263791868893677 -0.282922161665804
-0.431331659339561 0.186874250163194 -0.177289746173372 -0.258186947737011
-0.470932118142234 0.0726819770649663 -0.0892220097017734 -0.273400699913652
-0.495189049653743 -0.0549018204617646 -0.0479147980254405 -0.340966276089981
-0.443330310803929 -0.240352170128452 -0.0223073523081167 -0.339701865893817
-0.311666953160678 -0.403763699251978 0.00417072378419843 -0.273674700061256
-0.222228626698353 -0.50082853478373 0.0481956659424412 -0.141938392857442
-0.16841733951845 -0.530770365307316 -0.000293686704423782 -0.0335011250203006
-0.197992331205345 -0.531681892377924 0.0170895402615989 0.10883634414447
-0.276241406297774 -0.460944548513458 0.0294154015286181 0.199293300056475
-0.423184330634776 -0.302985989065532 0.0726024640126057 0.235246197414416
-0.530098785304056 -0.157320749005112 0.0981852526965911 0.303326477130996
-0.490520165160623 0.00287928344382356 0.0762996785673719 0.286884874475554
-0.495518654033458 0.138800636317337 0.165766900180336 0.273333907420257
-0.446120572831653 0.215144482044083 0.274173689897139 0.334637556480357
-0.324667362916843 0.170029617966506 -0.10526120438367 -0.366517217600819
-0.395612212445291 0.100842105289409 -0.0380195466509746 -0.307230827655107
-0.400436030767535 -0.0196498523151641 0.0300088357783268 -0.278383901518901
-0.390080723523714 -0.128312690439143 0.0172884352122323 -0.323108098337955
-0.319363207603444 -0.257440783867004 -0.0101103562997598 -0.336431347145987
-0.211095342917514 -0.372236606877941 -0.0210566254325061 -0.348072354876363
-0.160915510502647 -0.45173449558976 -0.00539543894434206 -0.304112664909808
-0.16109183815082 -0.484918438694292 -0.0658194847964733 -0.238223624785063
-0.231513035203316 -0.485274934169757 -0.0735811673031694 -0.0694516270042164
-0.329217172657672 -0.402185965817995 -0.0656316884743663 0.100005182612331
-0.464160731654914 -0.21993000426786 0.0164637829269858 0.212836087740181
-0.541949926800554 -0.0469844269177267 0.128165560968247 0.296489262663643
-0.470560638793776 0.0947960029583002 0.175697444440153 0.256213821322811
-0.453663778765634 0.21023780358913 0.30143257044995 0.2071311506135
-0.402981754018792 0.250029769238878 0.42956904678492 0.224508330307724
-0.245959612437574 0.101615078368359 0.0437788614520412 -0.409729265187669
-0.287023587849529 0.0323966953482059 0.075176823816816 -0.301086802381682
-0.260253651053907 -0.0667840759426013 0.114004168659989 -0.229471239729867
-0.231508364174427 -0.134089484209668 0.0601522883176123 -0.261607674549503
-0.170885283513817 -0.199409835939856 0.0131111262905342 -0.296429384330736
-0.107029247668695 -0.266904151380208 -0.00827093437081254 -0.385797874558715
-0.0933765410458358 -0.332796235958747 -0.0246261222414975 -0.431125721146822
-0.129007989391515 -0.365791252153704 -0.121457421549158 -0.41009336253606
-0.208320577411069 -0.358886379105589 -0.179054507032777 -0.21374923825343
-0.291127479014278 -0.276994578939388 -0.178817164443602 0.0339059615294276
-0.381460256557295 -0.115625566827938 -0.0515364122416597 0.211240073022489
-0.421285300580771 0.0331847015921306 0.129557099524169 0.276851603003181
-0.353667690203995 0.131378789096147 0.24495103594234 0.200721314875424
-0.331065936980392 0.215883247524521 0.397795846549937 0.118081036387653
-0.297307304959478 0.225611450469809 0.544372030364233 0.108301544973034
-0.12598545802077 0.0365682808934511 0.151479370044048 -0.419295172320066
-0.145281715310359 0.00337335055699475 0.138015399343443 -0.273472658323244
-0.121117138285093 -0.0517313693420915 0.147411716162577 -0.171755081990642
-0.104549864882223 -0.0763712069631954 0.0666054693997665 -0.198946944089617
-0.0709909498005264 -0.0986775167006856 0.0257576410618125 -0.247715242732435
-0.0425231504253725 -0.127157189823768 0.0131395324867262 -0.38718884255181
-0.0418944701309768 -0.168186358677607 -0.0262312464333381 -0.504100240124966
-0.077216603535696 -0.188017940746911 -0.161499576714336 -0.519908433219079
-0.127769300779911 -0.180452210178964 -0.265556658781333 -0.30010956340576
-0.174874599879385 -0.13179842410652 -0.267717075874187 0.00935199736751772
-0.213189240321576 -0.036692260612486 -0.102749611530201 0.226532209038468
-0.233342713975929 0.0501535238372487 0.111664896654662 0.26010706071178
-0.190866073681048 0.0934404154199361 0.277413574162235 0.148785258461272
-0.172498794838402 0.145448660005831 0.44347837496313 0.0440353235844904
-0.156122502914897 0.140128507426816 0.599375852672214 0.0207458721989579
-0.0244600697596631 -0.00875294534654049 -0.540742476367756 0.0362483785615335
-0.0196408020101661 0.0177077865412342 -0.422682694663404 0.0493246635545945
-0.0109408647047914 -0.0166584149662797 -0.275300033161976 -0.0726637403273973
0.000385070111823348 -0.0188685408272561 -0.100162765822263 -0.196318358765995
0.000987638031156146 -0.0409294737542902 0.0668010073841765 -0.216144412919271
0.0136055674388385 -0.035088381393881 0.222528804561691 -0.00839216922708328
0.00856308820142473 -0.0205370808194269 0.269263747875223 0.306363665636099
0.0173548479867675 -0.0128822088486984 0.154357384426664 0.52767579208445
0.00701466008866955 -0.0127365574900667 0.0592918466314955 0.525460979851337
0.00787131777180174 -0.000581634410030061 0.0175500640813331 0.378473122926852
0.00834923991084763 -0.00747342586923128 0.0106742730905809 0.244202018968805
0.0118928808668916 -0.00472563901344545 -0.0298959282772447 0.15896189180909
0.00545047744639829 -0.00727552094521809 -0.127518163065146 0.137121068787428
0.00640904375142695 -0.00348511582289145 -0.156316490024301 0.196671327780357
-0.0197646612556217 -0.0282307754071909 -0.168724595723119 0.431986717462366
-0.139907981532662 0.114040157030661 -0.543579685363255 0.0173318304823474
-0.152986422201452 0.14181609312452 -0.416255701914164 0.0312415795870626
-0.166389134700979 0.0883251688195465 -0.275393237561696 -0.0857862413507641
-0.183801609059528 0.0404459071748348 -0.108066110697254 -0.216810330310341
-0.195016171907139 -0.0629120543951313 0.0547567293534157 -0.245872530386308
-0.151818955731192 -0.151682399768514 0.207147455221868 -0.0443898200954138
-0.11706923372986 -0.205764099539635 0.264458420424861 0.262812978865575
-0.0503859507485605 -0.212704561697136 0.147878449669354 0.477592627562697
-0.0262425353308668 -0.199025007581044 0.0715695714555194 0.500468543937732
-0.0124628773384138 -0.146767254248134 0.031593649322379 0.380336620427106
-0.0393030014545441 -0.111790090839273 0.0289090365724977 0.252930113294651
-0.0692917838122089 -0.0985025119332262 -0.0180700365238305 0.182775606200123
-0.0976399561259563 -0.0670610750832904 -0.119036273886885 0.163717684003544
-0.145918222033873 -0.0202243213422245 -0.133863358014379 0.217099753287143
-0.177120289812901 0.0198710166936231 -0.127989572449639 0.43908237102267
-0.241117239275665 0.20508490818451 -0.499208159162788 -0.0544076790645501
-0.278970855976818 0.226036490974921 -0.379335007513574 -0.0450217805390565
-0.314369722345541 0.155166249550512 -0.254679034636794 -0.136260879935154
-0.35566386514453 0.0677459034565277 -0.114177715563357 -0.257698937681014
-0.366337282608275 -0.0999255933203415 0.0238672750101289 -0.278551932905988
-0.28503762844888 -0.261608401792261 0.149045401271785 -0.102766829119546
-0.211166472957833 -0.36233914235396 0.212463736071208 0.164755517038028
-0.109556035970526 -0.381044338492543 0.117146835498868 0.353495688704437
-0.07288164459593 -0.366350243661663 0.083236616218125 0.418725338816412
-0.0676275624863437 -0.296909258010523 0.0591222186919211 0.360556592783732
-0.134114582464931 -0.225300455972418 0.0620743472467925 0.267814969590177
-0.205252790283131 -0.186304139010452 0.00698917572247202 0.230895251495478
-0.236318253502514 -0.103701391171856 -0.0902420190269799 0.216977245682003
-0.303648380000553 -0.0081734224265778 -0.0758312368241555 0.257593847104351
-0.317028409989555 0.0794956282147619 -0.0325549211148572 0.434029067796975
-0.315085262114352 0.243125363010944 -0.403297120666894 -0.164686001574075
-0.381098652257646 0.241718466816347 -0.299998761756787 -0.154592264811954
-0.429431201796543 0.150259031855026 -0.195174837588824 -0.211183458962999
-0.47754215469396 0.0344449873094687 -0.0996908087029589 -0.306331241749532
-0.460282425820886 -0.166700871367975 -0.0114753115620539 -0.3127834674906
-0.343654391994837 -0.351471430236372 0.0681352173076576 -0.182913261238492
-0.247331048119366 -0.463730890899817 0.128450541804125 0.0235631658840543
-0.152807239765087 -0.488645970126486 0.0647730937888694 0.173487911290056
-0.136522363991355 -0.484989777768147 0.0713135846917855 0.281623594110575
-0.16993526759068 -0.416528401616791 0.0723907632343547 0.2969488536314
-0.283578987111133 -0.304144462071629 0.0869148498192446 0.260248471926061
-0.386667949422105 -0.213559576730762 0.0511540531730517 0.277752383547857
-0.390964100668241 -0.0771646480267218 -0.0222719847105754 0.268048551123911
-0.432955583307716 0.0515599058759061 0.0286193114066736 0.285449768520831
-0.411868948735038 0.150716026292773 0.111191828202596 0.401823124293209
-0.344303480948103 0.226839159076344 -0.264204958650464 -0.275830723228249
-0.425028919812816 0.191621259870731 -0.177948887789695 -0.252820270611119
-0.465018658876411 0.077756923548656 -0.0922024584660945 -0.270120768274706
-0.490265578580272 -0.0495155572078538 -0.052555698183538 -0.336741431846089
-0.440752807919781 -0.233446775285892 -0.0255894594789784 -0.336361901039705
-0.311285201543098 -0.397315875035534 0.00218642847493614 -0.271542019961351
-0.223117642718073 -0.495080213723037 0.0463144648540503 -0.141582377624827
-0.17158887407841 -0.523028490450983 -0.00087753413411582 -0.0324856967601155
-0.201129548128854 -0.524874142779725 0.0182412642617617 0.107495924060733
-0.277901603732868 -0.453316942204219 0.0313645990776006 0.197596786841444
-0.423039431485244 -0.296209328280349 0.0742344886727308 0.233430281984069
-0.526343723010404 -0.149764860863275 0.100841838880905 0.299123096691111
-0.485828333034776 0.00692535176963293 0.0793632899597755 0.284516943069715
-0.489157803191563 0.143191304981338 0.167664377500511 0.268700156872316
-0.439876692772424 0.21774166700073 0.275547996586266 0.326701931793926
-0.320535835576889 0.1719724822664 -0.107559289585135 -0.360848844741143
-0.390656494584799 0.105178498878263 -0.0419217656852812 -0.302458418928782
-0.396163946223327 -0.0148903934078603 0.0256879668497793 -0.275152775724328
-0.387040394456439 -0.124858484686528 0.0135407464954288 -0.319732531051811
-0.318151203868136 -0.252188780477818 -0.0129703557354413 -0.331886173438246
-0.213009076337991 -0.36718307032146 -0.0231957982313594 -0.344971985383978
-0.163183480377944 -0.444995936501531 -0.00754293986608517 -0.301310294978961
-0.165219532932832 -0.478547049357742 -0.0674439494145827 -0.23527144811932
-0.233110771555721 -0.477897257541179 -0.0732215056142243 -0.0684083694320545
-0.330415053360981 -0.395200023805202 -0.0633157945104613 0.099442693049643
-0.462207796146403 -0.213162462586291 0.0185776455012495 0.211630716706343
-0.536035451359617 -0.0416076065785891 0.130577992267876 0.292424657837869
-0.466431045796262 0.0982074949243646 0.178200275145467 0.253462695736217
-0.44727882061539 0.213369838894611 0.300399092993881 0.202514018244537
-0.396159502491903 0.252056585341296 0.428627378916682 0.217764269917353
-0.242093607535281 0.102831005745659 0.0388700725867899 -0.404655666423221
-0.283790503966206 0.0352147001947535 0.0706123233613969 -0.298759367331262
-0.257833315881986 -0.0633562941139433 0.109705888909985 -0.227532722256584
-0.23045368479492 -0.130094640288008 0.0565367581645224 -0.259306658458196
-0.16993159412844 -0.196403630057354 0.0106876672690319 -0.294426284951064
-0.107386396702409 -0.26385239302815 -0.011542774004143 -0.381703472751136
-0.0953802127687818 -0.328732325839949 -0.0273821084227392 -0.426292094757267
-0.130639233191918 -0.361783149079332 -0.12402692007664 -0.405195504777129
-0.209272080579212 -0.352483133193468 -0.179097347351882 -0.209968034192709
-0.291359781807741 -0.271828510877853 -0.176914893947588 0.0360044788186999
-0.377868636634666 -0.110495176502644 -0.0484227502481882 0.210847872618353
-0.417547243348769 0.03775384595322 0.132152593208946 0.272799585203843
-0.348578786920552 0.133594394385956 0.246026244863364 0.197007497838364
-0.325726422131798 0.217076602800053 0.394665161742296 0.112827521024509
-0.292870894346275 0.22651467560426 0.538904523051518 0.0988568231535792
-0.124586083488761 0.0374660486435168 0.146003939644478 -0.41527385325534
-0.144114219739216 0.0052510138849794 0.133854046356482 -0.271338367346259
-0.120246437657722 -0.0495418607721974 0.143177681211597 -0.170858805970574
-0.103606492692203 -0.0742110491064615 0.0633886742087899 -0.19675624137328
-0.070807859445258 -0.0966576447783921 0.0223798447707407 -0.245353239042601
-0.0426957954894935 -0.125882663613659 0.00935550334346524 -0.383645029932178
-0.0431921263952049 -0.166367341083927 -0.0294460848714066 -0.499053782305062
-0.0778913391230443 -0.185543130125962 -0.16463900331245 -0.51441650102785
-0.128340053003767 -0.177130178217485 -0.266220446527522 -0.294569785582265
-0.174119527621884 -0.129001726757387 -0.265124828394693 0.0123399999302303
-0.211550771089148 -0.033972631241168 -0.0989544066599476 0.226048054034066
-0.231091223594497 0.052236362505821 0.114114936539498 0.256403167731418
-0.188182068808755 0.0944887631647012 0.277199867966951 0.145263080125096
-0.169005816458039 0.146077507210277 0.4406807223335 0.0384474284567379
-0.153252319845784 0.140517461145998 0.592458765019402 0.0116593483803659
-0.0243748482695182 -0.00891384442879196 -0.537511166490735 0.0401292582093897
-0.0192257837213722 0.0181419540560802 -0.418738483283227 0.0529629433748942
-0.0112875306093048 -0.0164888186367953 -0.274113020438787 -0.069205966264383
0.000434115074052192 -0.0188039490232057 -0.102046623444345 -0.193304001233823
0.000721296128636784 -0.0402511311266008 0.06294336131587 -0.213560828741774
0.0128821435657629 -0.0346990697957604 0.219676865206633 -0.00945434453608121
0.00822817486130042 -0.0206453416223677 0.26895808401463 0.301207869411745
0.0172100307600589 -0.0132753955578513 0.15524808133455 0.521931738112019
0.00673390514871844 -0.0129275238893168 0.0621052870608874 0.520227280746445
0.00770049043815525 -0.000827684363202395 0.0212148406152953 0.375013862702453
0.00783506412919563 -0.00748849044709551 0.0129293572472927 0.241561585096306
0.0110852681436511 -0.00514575439273036 -0.0280118575935986 0.157475468895556
0.00540127453677884 -0.00743237737261163 -0.124544247937112 0.136791503481755
0.00625029948165794 -0.00365506766100226 -0.152598857342851 0.195237076160807
-0.0200320696927865 -0.0277658322498264 -0.163709702485864 0.427213180783458
-0.137696692833265 0.113515002953553 -0.539239200320773 0.0228840645962909
-0.150535787041534 0.141771161964 -0.412215404668482 0.0341200671746296
-0.163822828770015 0.0889595149448513 -0.274716900431838 -0.0817802065406892
-0.181875210995632 0.0410433625186145 -0.109282528857337 -0.213782999110449
-0.193724020056349 -0.0613123357244923 0.0515145597763694 -0.243104260847557
-0.151346162645568 -0.149210812714001 0.204516517878213 -0.0454498314549546
-0.11787457173992 -0.202753031571522 0.263802870960418 0.257683953151116
-0.0517031063805513 -0.210697269693508 0.14970415481161 0.473502396924688
-0.0278695994497477 -0.197044730167287 0.0732155018901883 0.495844103494124
-0.0128699527569887 -0.145320324600909 0.0335862200832033 0.376702880911581
-0.0391906920077765 -0.110056403292046 0.0309503978350096 0.250300468704184
-0.069497817345789 -0.0973478048956766 -0.0156620434904837 0.181149788056215
-0.0965160099744067 -0.0655903283786902 -0.116163851389119 0.163046595790409
-0.144377292194775 -0.0189132445452348 -0.130916249729573 0.215764953156977
-0.175913658947858 0.0210790073727756 -0.122567961077073 0.43608018284914
-0.237508750045988 0.204744282017651 -0.495172132250131 -0.0482826788870776
-0.274720156247659 0.227174648437966 -0.377143249919411 -0.0406356745721429
-0.310638691206799 0.155964723425391 -0.253767039989761 -0.132828974222157
-0.352335364679289 0.0689504170685639 -0.115577777328642 -0.253739942090809
-0.361928601382534 -0.0967673956843335 0.0201923566857201 -0.276152484002015
-0.2837025734973 -0.256977861930586 0.146353233873373 -0.102868396863909
-0.211562009889672 -0.35696676889517 0.210825566653477 0.161180096331326
-0.111447834894892 -0.377059294792973 0.118143684112764 0.350094338444511
-0.074754560767731 -0.362038234601859 0.0848943527762393 0.413558682094249
-0.0688601212779908 -0.294023996111572 0.0614264642373645 0.35714269535776
-0.133984330140782 -0.221871033551063 0.0635846624820649 0.264680756029734
-0.204444892145384 -0.182208968175902 0.00948701340859511 0.228584225027303
-0.234459391246231 -0.10097745951705 -0.0869981888022837 0.216002034333317
-0.299728281525081 -0.00580884479383736 -0.0728373885901941 0.254917058419625
-0.313254475994882 0.0812948405100628 -0.0273767711156431 0.42954594007616
-0.310108016954364 0.242062959518708 -0.40091767973714 -0.157954664625743
-0.375471092426659 0.243491754499007 -0.299281845241634 -0.149198418340486
-0.423751554547252 0.153517530505308 -0.195741462998416 -0.207297484496237
-0.472347119987699 0.0376906239686855 -0.10140663173841 -0.302039886184328
-0.457332711323753 -0.162250773020278 -0.0135031425146424 -0.310101041772856
-0.343605454932928 -0.348245356061049 0.0661879740027439 -0.180840858577
-0.248063773717203 -0.459885661822414 0.127017167910819 0.0225243779257485
-0.153425058993666 -0.484024850286525 0.0648077587574601 0.172660169409117
-0.13874455970367 -0.47861578889141 0.0732273886517135 0.27772051161429
-0.170156065145368 -0.4117169311284 0.0734527059796176 0.294852343862006
-0.282535710532507 -0.298547012289922 0.0880879764055022 0.25812245673765
-0.384774738454198 -0.208139132688808 0.0534352653143184 0.274119547305951
-0.386863328791005 -0.0738177987533351 -0.0190068804920563 0.266063035239184
-0.429204286433665 0.0546483180029165 0.0316953253893272 0.28224395324861
-0.407444037360329 0.153222616636145 0.113974103328426 0.396011047651846
-0.339179104436076 0.226563232021344 -0.264044980374501 -0.268795046848124
-0.420657107641556 0.192800683397526 -0.179348249541894 -0.248198085204827
-0.460113667732714 0.0802300097003344 -0.0945754625570094 -0.266691627754476
-0.486180516266254 -0.0462221450265088 -0.054603415367034 -0.333095532332565
-0.437025105289626 -0.228859294910322 -0.0281874277940249 -0.332532018778576
-0.310439772163133 -0.392294003736928 1.65008853382846E-05 -0.268209924857167
-0.224324938873875 -0.487979775226515 0.0446470604522752 -0.14062721795068
-0.173306714054197 -0.516144125320512 -0.000800133941567889 -0.0318601840917541
-0.204057661642205 -0.519620112332115 0.0197581475244318 0.10619967374733
-0.278735655674953 -0.448009370805315 0.0325574704762584 0.196273639313694
-0.41998714682333 -0.291270618352801 0.0744139638714042 0.230979066678902
-0.522849216658558 -0.143842064330478 0.103003505151779 0.295140267339954
-0.480168625362656 0.0111330443442497 0.0812833472907949 0.281590472035167
-0.485109231418509 0.144933600364424 0.167655416387255 0.263891721997645
-0.434995692380732 0.219711475041195 0.275552299998807 0.319063043286643
-0.31491163542877 0.172741801927822 -0.110056816515277 -0.354287393450388
-0.386374074883712 0.107966579529263 -0.0439319285536491 -0.297760316971789
-0.393175205957515 -0.0116486546846408 0.0223090013726667 -0.272468407861483
-0.384393459848678 -0.120332570593676 0.0105071922770409 -0.316402885130529
-0.315871797010575 -0.247253614839863 -0.015583470697931 -0.328513492301911
-0.211933773224293 -0.362926338337642 -0.0252657805237861 -0.341100452177132
-0.16370049815892 -0.439578373969696 -0.00978554849733545 -0.298041992582486
-0.165684545815657 -0.471503979575788 -0.06861731985863 -0.232268944597926
-0.234794078582652 -0.471152255147725 -0.0724704430789169 -0.066961369117607
-0.32979511501505 -0.389722748667209 -0.0621173180165651 0.0997294835689087
-0.458071807633318 -0.208152824005474 0.0193796738936066 0.209838220022482
-0.533583768519275 -0.0369916996789661 0.133168511458474 0.288361244617371
-0.461073889827768 0.100827515600651 0.17905486100141 0.250651464178366
-0.441075282769415 0.215392224286142 0.299641715029303 0.197421780653172
-0.390543430057585 0.252439191741701 0.426122591597623 0.209387189398375
-0.239229975969453 0.10431424237549 0.0350683032527599 -0.400022544822748
-0.281336179184695 0.0372709461524278 0.0670760934592514 -0.295010588337463
-0.25620221040542 -0.0604619910318336 0.105744859536088 -0.225947609779696
-0.228473523062495 -0.127157563347689 0.0537642710468655 -0.256292381565611
-0.169322400898861 -0.192548147827467 0.00880560993482791 -0.291508757283992
-0.107712110888987 -0.260504563448611 -0.0138976774362688 -0.378599191333409
-0.0963859101347724 -0.324160315760808 -0.0308860582591763 -0.423282831963547
-0.131874804876538 -0.356160747879465 -0.126183792706996 -0.399938702276027
-0.210189128173523 -0.347618105809156 -0.178001980068839 -0.207576070608569
-0.290158750411142 -0.267409366089046 -0.174650373442421 0.0370247331985122
-0.374697866074301 -0.10708366219486 -0.0461020077130389 0.209536041364713
-0.413247736447349 0.0408755425909416 0.134305383755558 0.26935902454083
-0.344111603839305 0.135118755817686 0.2457476245222 0.1933049556824
-0.321864603718407 0.217392266159029 0.392944031599208 0.108563200582844
-0.288456005465905 0.226971893985994 0.535565977489613 0.0919005235328503
-0.123083683082643 0.0381412236293311 0.141647802834891 -0.411189336398869
-0.14235094732334 0.00640087626562039 0.128765130019436 -0.26929916240568
-0.118916999893332 -0.0485144028411464 0.13948311276829 -0.169411661519775
-0.102995003004106 -0.0726629887479919 0.0611793527564144 -0.195456559882731
-0.070587351926936 -0.0952149820606482 0.0211127728016074 -0.242750794212669
-0.0422572220203266 -0.124338211548215 0.00714819117021944 -0.380475825243063
-0.0433986553259143 -0.163472794847875 -0.0323313338666356 -0.494449132541655
-0.078874190040179 -0.182847235960531 -0.165959907529418 -0.507218515625226
-0.128857324799177 -0.174626486262761 -0.264112103353756 -0.290071213286087
-0.173733186072219 -0.126180997575903 -0.261321643816536 0.0141842625117637
-0.209675936872545 -0.0323829471012866 -0.0965769437872536 0.224810189318876
-0.228639103387156 0.0540978862142555 0.115264462268561 0.252980530792917
-0.185702540804312 0.0947050514400327 0.276086007478549 0.141638626329426
-0.166495777645175 0.145408227953082 0.436375236652276 0.0336625003775306
-0.151500796290266 0.140672722684742 0.587768272653 0.00628564127707677
-0.0247741643104033 -0.00905502965857845 -0.53074084541438 0.0445474214201892
-0.01896483530082 0.0183989876749007 -0.415296375844597 0.0550562161408891
-0.0117229676505954 -0.0162079712386465 -0.272411492974223 -0.0663172255213535
-0.000196168309499816 -0.0184969467183253 -0.102803681439387 -0.190480428774651
6.49620456902136E-05 -0.0397437146304991 0.0617867378704601 -0.211251497564151
0.012396605424086 -0.034301324157314 0.216831523857662 -0.010327040824682
0.00795675826001968 -0.0206160406525017 0.266111640427293 0.297389722532894
0.0168518454261946 -0.0139230728053131 0.156141675413166 0.515708278956279
0.00639524966013631 -0.0130607141250523 0.0649844558420139 0.51450432048839
0.00825969711462343 -0.00150322427007484 0.0223161884735982 0.370826292695476
0.00745680903512506 -0.00755268859327965 0.0141259519826178 0.238896153459375
0.010935409634533 -0.0056512290183026 -0.0258366659799763 0.155927860984002
0.00477951670303321 -0.00698447014994999 -0.121249869146386 0.13593415171489
0.00649585975840013 -0.00363412001318768 -0.148965873041103 0.193472245750613
-0.0204711560170678 -0.0271865462677755 -0.15684974623529 0.423242081958243
-0.136364568558577 0.113160572120834 -0.533044529362822 0.0290111171167603
-0.147581036218638 0.141633119662236 -0.408051714864691 0.0378936391100283
-0.16209536285526 0.0888612045139213 -0.273348409150114 -0.0784749413193547
-0.179797184441077 0.0415510359344503 -0.110812480256913 -0.210694673088963
-0.192432089316056 -0.0594126516262809 0.0489106845887881 -0.239914616538115
-0.15123637267365 -0.147534977897561 0.201719513377222 -0.0456769911609542
-0.11747767057556 -0.20037759761192 0.261854465973405 0.253115649919235
-0.0519932738785001 -0.207886906441192 0.15065461524221 0.468126612427788
-0.0284467543338828 -0.195221527533033 0.0751221501328628 0.490297446171014
-0.0135060468534584 -0.144127683514802 0.0357137653594886 0.373149548653371
-0.0393197175669862 -0.108731693228822 0.0325493952952109 0.247620869987674
-0.0694706559710634 -0.095750899508793 -0.0139438909691031 0.179653763440945
-0.0959369029092449 -0.0647598513581786 -0.11298384838955 0.162545948979299
-0.142713834360672 -0.0186247273004518 -0.12706207676802 0.213656527366638
-0.173878316688357 0.0219178199238012 -0.117935908426795 0.431219149083599
-0.233809324546115 0.203656779389639 -0.490437844950517 -0.0432645841851167
-0.270360400594851 0.226236871984523 -0.373713176061898 -0.0367495829638981
-0.306327918690796 0.156805632897541 -0.252989866485675 -0.129008435753204
-0.347996911301559 0.0710980086490532 -0.116644770267351 -0.249750158813524
-0.35981058293807 -0.0947999843003632 0.0175846494971582 -0.272599301705605
-0.282733318512235 -0.253796119995462 0.144414896492965 -0.102397448972518
-0.211290739181372 -0.352204983512626 0.209172834955609 0.158195228287217
-0.111880749878991 -0.373660288220731 0.119446846618266 0.347011883988409
-0.0761584262916325 -0.358075836203093 0.0867503217057412 0.409136423925602
-0.0690958102630962 -0.290393521800157 0.0625822288065402 0.353947379174793
-0.133252416623931 -0.218319237064988 0.0639692599329942 0.261656845488794
-0.203604923069502 -0.178828017868788 0.0112227793001043 0.226479952461571
-0.232244574465295 -0.0991920298039188 -0.0843413134856584 0.21430104253523
-0.297231902435743 -0.00412965481620421 -0.0698854084179882 0.25213712220088
-0.310470797075188 0.0821830121466615 -0.02418518106815 0.424617431544462
-0.305082425150671 0.242220847449246 -0.397074692269494 -0.152983304980084
-0.371452796926323 0.243705933067566 -0.297721048491309 -0.145122829855825
-0.419091627602665 0.154079315265894 -0.196072425956254 -0.203516665495389
-0.466646257127733 0.0391414341693243 -0.103404089614041 -0.29805825103448
-0.453856498008955 -0.156880421025077 -0.0159298305022058 -0.305517995801827
-0.342046724272745 -0.343501328896884 0.0644163858310004 -0.179180201786967
-0.247554591334978 -0.452642264037534 0.12556855195114 0.021036071393866
-0.156445439738071 -0.477153466342052 0.065491888915415 0.170482067145498
-0.140416395334842 -0.474075422649114 0.0737054413724554 0.274847533002061
-0.17017712827768 -0.406846900748575 0.0741024215107316 0.291704524403974
-0.280476152865064 -0.293926054465546 0.0881951165858684 0.255246169283361
-0.382143481017173 -0.203546502088785 0.0555272799184152 0.271820109960908
-0.383716508031872 -0.0716600984226221 -0.0164855663745999 0.264219770135766
-0.424002104827368 0.0565030155891771 0.033089590410937 0.278613442611481
-0.401778753457247 0.153083437267601 0.115688815983122 0.390193804987087
-0.33467103658899 0.226326686041269 -0.263145413136088 -0.26250430481977
-0.414570963367645 0.194390549164366 -0.180178285417992 -0.2434206406543
-0.45449701248554 0.0812202837649226 -0.0961480840437645 -0.262701259548995
-0.481506417809959 -0.0424584734994643 -0.0570305702117908 -0.328890328372111
-0.433928389025608 -0.224105194210896 -0.0299595532774856 -0.329232674428648
-0.309846639722926 -0.386968220373302 -0.00158163742486143 -0.26556338587139
-0.225427381792828 -0.481806184180425 0.0436615862005655 -0.139897198482811
-0.174691006199422 -0.508058274040186 -0.00138063684509856 -0.030773199656353
-0.203447432268176 -0.512293113286057 0.0200214391014799 0.104912476790363
-0.278205347442433 -0.442231637561908 0.0330808259906917 0.194097059749404
-0.416655619952854 -0.285277102940423 0.0745106636232575 0.229051244055917
-0.518720817232062 -0.139310197655385 0.105085139270538 0.291691156840046
-0.475307251751731 0.0136724073121434 0.083110288331712 0.278999274138692
-0.477619189789139 0.147222709790827 0.167770554849978 0.260314431262355
-0.430070775061897 0.21995393325753 0.275000282048542 0.313402909268011
-0.311664478020596 0.174787719355269 -0.111453112027386 -0.348292181505948
-0.381876752138272 0.108425550565449 -0.0463364209253037 -0.293973222410825
-0.387251585842856 -0.00919312600244192 0.0194480306493024 -0.269028956823837
-0.380748707999866 -0.116572907112966 0.00787657931236822 -0.312130618125697
-0.313091026849508 -0.24369898213494 -0.0164192941660944 -0.325415283854821
-0.211310984837858 -0.35766605742439 -0.0271788232884317 -0.337157085132115
-0.164757550257903 -0.434257244127132 -0.0106102859694999 -0.294901625369751
-0.166419369802364 -0.466333150077956 -0.0687128793773298 -0.228682693841201
-0.236359673466683 -0.464252001094875 -0.071102034060039 -0.0659035406998534
-0.327855749419415 -0.383259106608366 -0.0609607553795453 0.0994844392395036
-0.45453890525623 -0.2042025442704 0.0204388529055324 0.20912399718062
-0.527553271453152 -0.0325592794908006 0.13473307213022 0.284167414278527
-0.455844645608033 0.102770132419225 0.179707200398245 0.247578499846724
-0.434038697064788 0.216100900582735 0.297582950719693 0.192942723492749
-0.386342623020742 0.25148670012906 0.422630586947641 0.204350565917533
-0.236227988633781 0.10489316948469 0.0312783309262117 -0.394256875294967
-0.277230763163068 0.039167975268431 0.0629054217893699 -0.291258917494948
-0.252779469408264 -0.0580834234191749 0.102056689833782 -0.223431416049236
-0.226649970758749 -0.124288679870904 0.0507862384321618 -0.253075238506153
-0.167863167527599 -0.189626463792822 0.00733910240613291 -0.288701279447428
-0.107186378471486 -0.258356461278287 -0.0152623031050565 -0.375138994616414
-0.0971800178862488 -0.319800739844034 -0.0320045888442573 -0.41815646793135
-0.13350632077811 -0.351122518623578 -0.126281888663265 -0.394652516666759
-0.20881339481489 -0.342745919238545 -0.176454952920292 -0.204322115485903
-0.289017756551894 -0.263550328426543 -0.172099421152667 0.0380558087751803
-0.372147784986103 -0.103383521452759 -0.0448282355870093 0.208995934377189
-0.409232458220085 0.0428143626378093 0.135363307006151 0.265183349378445
-0.340345960886389 0.135584767864749 0.24577871743252 0.190883210114804
-0.317176827508119 0.217611900392916 0.390017799649237 0.10441023260336
-0.284659171313036 0.22667705193809 0.530136875765826 0.0871969641811237
-0.1210444993682 0.0387196840441055 0.137785937779425 -0.4066802572565
-0.140397122121095 0.0075458009150893 0.124652738044031 -0.266011347009958
-0.117488297502642 -0.0472036449999287 0.135932243829193 -0.167989373197423
-0.102067988406927 -0.0707090297541004 0.05913408811778 -0.193411664148554
-0.0699235770590303 -0.0935231967919269 0.0196182840848535 -0.240503263026005
-0.0421709632092056 -0.123462223310533 0.00525249148864032 -0.376751557087243
-0.0435926066688207 -0.161139000751198 -0.0344659823975286 -0.488701569062628
-0.0793765296310118 -0.180304369291782 -0.166709729497709 -0.500837168127851
-0.128383270315073 -0.171323885957213 -0.262455047382651 -0.286482682293668
-0.172309428486956 -0.123838112718857 -0.258509998745164 0.0162508352019639
-0.207333905792537 -0.0308533831049956 -0.093080009339384 0.224140441093021
-0.226155473596103 0.0553914941677495 0.116842268690447 0.2492997242059
-0.18307730240163 0.0955494343897935 0.274997299893589 0.138452939845908
-0.163837359179957 0.145238349158726 0.433025731709095 0.0296578925905928
-0.148978610906086 0.139923607323283 0.581031307063226 -0.000593314858973499
-0.0247090720722443 -0.00891373253005252 -0.526091149572181 0.0465247385585223
-0.0181025023926917 0.0183731816509632 -0.411084296863227 0.0566152932369844
-0.0118637292850885 -0.0163041116098813 -0.271506542495279 -0.0634611698052091
-6.49498958740944E-05 -0.0184648798895423 -0.103615339430242 -0.187346671038886
-0.000287567797755133 -0.0393669672729312 0.0589168452297172 -0.208422515921982
0.0118361960625926 -0.0341349817431076 0.214373936124311 -0.0104614503072085
0.0077266989535551 -0.0206760001981509 0.263077226562877 0.292196679195527
0.0166639574692629 -0.0137386471537771 0.156832133306059 0.510833669111867
0.00596213684271316 -0.0130729177445589 0.0657743746349714 0.509552461548186
0.00835474947740415 -0.00175564292153191 0.0232940186277256 0.366629610117202
0.00734089993264465 -0.00747254835815187 0.0152438425783313 0.236078400122793
0.0104630165442403 -0.00561332759121552 -0.0243140955355419 0.154213959363658
0.00450990944534587 -0.00718839689914528 -0.118781551216708 0.135098042023788
0.00660411306988981 -0.00407300282267875 -0.145886216612755 0.191526038873854
-0.0203855175169735 -0.0268653607187274 -0.153588878305769 0.417625038734899
-0.134360273580509 0.112127552919992 -0.528234719741367 0.0325503398236238
-0.145636432298363 0.141482796657216 -0.405089789028169 0.0400096090620296
-0.16004878614512 0.0883458683955596 -0.271889076800501 -0.0761813216299506
-0.177897086027199 0.0414589514542451 -0.111430113597692 -0.207868874318631
-0.19067331979371 -0.058092235152295 0.0468741246922329 -0.237565048337853
-0.150312916183859 -0.14540312147791 0.199463314649483 -0.0456373666044606
-0.116995484337526 -0.197516271904136 0.26012813824273 0.250116704896732
-0.0520274814433796 -0.205942514720208 0.150723519991855 0.464070152659811
-0.0291005608619632 -0.192874712904549 0.0765524277211691 0.48481583072792
-0.013510505872035 -0.143253494961814 0.0358657585976924 0.369517212005602
-0.0390148382928151 -0.107182819761674 0.0335112335724116 0.245210841880615
-0.0692068803033414 -0.0947768076499883 -0.0122733952348831 0.177713522629737
-0.0953906529284449 -0.0639945436001543 -0.109841538955351 0.161180080473167
-0.140970539216522 -0.0178899345775968 -0.124135652429942 0.211454007879495
-0.171901379434467 0.0222295228717261 -0.114981182319311 0.424905603893826
-0.230789097152932 0.202380330989507 -0.485543836268516 -0.0397121833331877
-0.266526776651319 0.225458199546931 -0.370533527998348 -0.0347055755032706
-0.302523724304067 0.155726134886459 -0.252255041756322 -0.126639443800704
-0.344500337241453 0.0714633653520506 -0.118010201731322 -0.246533813170629
-0.355777350015 -0.0916435286908641 0.0162038429701701 -0.269008501657236
-0.27992945628149 -0.250631780696515 0.142163966685377 -0.101463287288039
-0.209746581290757 -0.347568222545398 0.207959320231748 0.155864679380597
-0.110788126895066 -0.368780367620101 0.118259473547231 0.342466107742607
-0.0763517268882391 -0.35428607384686 0.0874224889002314 0.404682141405363
-0.0681539269744147 -0.287433746122967 0.0630861962765871 0.349991630670339
-0.131860577004592 -0.215240380819151 0.0644935933522319 0.258848389505746
-0.201950104443178 -0.176448460737118 0.0125279410044243 0.224180546528554
-0.229798155049116 -0.0967200606443107 -0.081386576130149 0.212780148975057
-0.294154909349186 -0.00315220064245983 -0.0674153151039995 0.249206880861593
-0.306529806810775 0.0826533292494378 -0.0215499020588044 0.419329593958088
-0.302038032301763 0.240685380049876 -0.394922729774566 -0.14784666447878
-0.365421784112577 0.24164913160563 -0.29559457419096 -0.141857546010567
-0.415890352256603 0.154021316905183 -0.195951939636698 -0.200169847233536
-0.462825806995143 0.0408949652153764 -0.104969108296544 -0.293591262896279
-0.449897843259558 -0.15429179311178 -0.0172220377630275 -0.302326371722102
-0.338811654695908 -0.338725275882994 0.0630244559242759 -0.177502209395525
-0.246942530076211 -0.446287821461362 0.124430185368423 0.0201183445598777
-0.154257470747743 -0.472591154644364 0.0646039887902112 0.169637007471885
-0.14110706357902 -0.467817133551528 0.074489579681835 0.271997781140709
-0.169156567694503 -0.402039504480273 0.0738946999237699 0.288857269973742
-0.277253062032471 -0.289987354588921 0.0875819623638829 0.252041708788687
-0.379396345366089 -0.199552921869972 0.0569142594115782 0.268187877990289
-0.378981978940894 -0.0690817930858811 -0.0146258418902758 0.261876911783731
-0.418977714651236 0.0569401197676457 0.0339538647557101 0.275210749556687
-0.398575236640727 0.15391619714926 0.116048114256593 0.383934463940956
-0.329611427801428 0.225828366113723 -0.262070297860891 -0.257413817506164
-0.409598848552863 0.194389232041436 -0.179480549678402 -0.238989300046268
-0.449797863933467 0.08325435947462 -0.0971219109882382 -0.258873003325605
-0.476656666693239 -0.0407125508511503 -0.0582464453813128 -0.323958852054305
-0.429027761871167 -0.220767688719343 -0.0311869907473388 -0.325598702346501
-0.307006571901739 -0.383285927896382 -0.00278998488064069 -0.263715288521736
-0.224237578354315 -0.475304682726992 0.0424380206080807 -0.138870014786989
-0.174932251090137 -0.504033425067961 -0.00147955955229596 -0.0300214356419123
-0.204461667117951 -0.506129153323823 0.0212908722174854 0.104190238163006
-0.276098460676113 -0.43617119582063 0.0336153900745024 0.192951321121251
-0.412902301427452 -0.281337517727071 0.074088638729137 0.2271856084208
-0.514706982384863 -0.134780877412003 0.106660345659791 0.28845708545329
-0.470898723103658 0.0141933862219272 0.0834757033310324 0.276366618790572
-0.473002189968302 0.146708486898866 0.167628590313845 0.25736569235906
-0.423607479675872 0.218814061776445 0.273417239823636 0.307074474561216
-0.307036388263863 0.173886778627331 -0.111483781319475 -0.342103016422341
-0.377610135095393 0.11078867109097 -0.0481841312915037 -0.289232864524184
-0.383114174749455 -0.00707346611106747 0.016825774288536 -0.266226626992061
-0.376797212706217 -0.113916143023648 0.00562059403706074 -0.308523959401286
-0.31038224113992 -0.240414114082098 -0.0180209086427965 -0.322076999821275
-0.209603119883114 -0.354862079242509 -0.0275386379061418 -0.333979363594352
-0.163779031838588 -0.428934642273451 -0.011335923620459 -0.292584065230905
-0.166502639388728 -0.461007556600233 -0.0691818024955465 -0.225934166145889
-0.234204092056461 -0.458952094092376 -0.0699653427805062 -0.0652596201532308
-0.324570760564105 -0.378586651568755 -0.0595642891266362 0.0988650260948496
-0.450114690502373 -0.199701649115306 0.0205872175935274 0.207351777526946
-0.523416337242654 -0.0294585449016359 0.135728359164202 0.28065925251761
-0.45088964605821 0.104018506375594 0.179392689710811 0.244713440537399
-0.428619453343223 0.215660162133303 0.296082619028535 0.18976340260618
-0.381383458981087 0.250838488238596 0.418753868102091 0.198870444269921
-0.233136663183408 0.105162143314899 0.0300382213494297 -0.388540337496428
-0.27442744293994 0.0401883840766733 0.0597823619758735 -0.287444215390731
-0.250003481933301 -0.0562606855825862 0.099380999787539 -0.221152062606388
-0.224156159820537 -0.122093540206047 0.0484327159503792 -0.25038408464783
-0.166638223968962 -0.186682601869645 0.00662281701922299 -0.285779803702225
-0.106260501697068 -0.255267112612808 -0.0158859330448349 -0.371118661658622
-0.0963418526837708 -0.31599503046478 -0.0341037221558572 -0.415050977924646
-0.133848173320746 -0.346893165241052 -0.125897506605196 -0.38987044079666
-0.209045701757373 -0.33786259507609 -0.174798846790749 -0.201896994104225
-0.286469737712809 -0.259605137433644 -0.169617232295995 0.0385601294890768
-0.368522558576695 -0.100476938578914 -0.0428116754205364 0.207154779772555
-0.405306409818672 0.0444791306740345 0.136013577220763 0.26169856078106
-0.33602609822282 0.136168342801664 0.245595478703559 0.188302677636477
-0.312559722902261 0.216849521522878 0.386968968340174 0.100738487091426
-0.281125211517298 0.22528442547175 0.524695589644036 0.0816417161793235
-0.119766977029965 0.0390209101641898 0.134758535739185 -0.401417707127527
-0.138891218512843 0.00799450457202093 0.120594442748004 -0.262938251506646
-0.11632039138996 -0.0460898070952514 0.132830786503796 -0.165931121624272
-0.101292049912919 -0.0698014585234263 0.0572834432316672 -0.191018240839223
-0.0690352249492105 -0.0922820785627452 0.018958940965838 -0.238708544781413
-0.0411942878626557 -0.122498178368867 0.00496609470376683 -0.37314682191635
-0.0429789790782602 -0.159299306347145 -0.0359869671553423 -0.484196038440821
-0.0796618706442765 -0.177745786925581 -0.168217324904384 -0.495610832329759
-0.127661861736689 -0.169284451640162 -0.259279382630611 -0.283136525744673
-0.170905038238056 -0.121677381874692 -0.254932651192867 0.0168719922088685
-0.204835590981767 -0.0298224238458807 -0.0909758459345802 0.222806856370238
-0.223908349911457 0.0562454087501091 0.118236785120649 0.246816617612141
-0.181019558852551 0.0957207001186662 0.274076739175739 0.135582572485234
-0.162159667646153 0.144655148332533 0.429830168186465 0.0270920951047282
-0.147552661215212 0.139456959153486 0.57541626262897 -0.00317538515079332
-0.0212454844393284 -0.00589538793827498 -0.524704611244059 0.0190365414755123
-0.0155816552911263 0.0203817935653213 -0.408724803158854 0.0359609498991461
-0.0108321590617854 -0.0136928114438572 -0.263275599352374 -0.0755118435118146
-0.000426770617332217 -0.0164923126361886 -0.0950123770777859 -0.18971944309128
-0.00139027704847149 -0.038172017994216 0.0645540509442451 -0.201606054722971
0.0130316832800772 -0.0346653319237249 0.208612827099492 -0.00120290114603194
0.0106954253860398 -0.0171239635241422 0.248698580669607 0.297848235492329
0.017609656642768 -0.0118619938453843 0.137391185044107 0.50985924631217
0.0073983019899624 -0.00856524271626785 0.0481053583352496 0.504610632526365
0.0097687008378247 0.000865792918978015 0.0109123465567887 0.3634746279525
0.00854307445128786 -0.00590467902879792 0.00678143407303848 0.233096280041983
0.0106129711554588 -0.00297412584919322 -0.029653615349666 0.150710227917001
0.00260184748215793 -0.00547133301814543 -0.12096616384629 0.125975501228894
0.00370586760258991 -0.00137781983369129 -0.15221621971507 0.179909860609879
-0.0192231810199209 -0.0220009085203671 -0.173773405368908 0.397988242113409
-0.140068075732107 0.108412232732525 -0.522329838189094 0.0103426557496904
-0.150391608930304 0.134896680210105 -0.396909030936114 0.0230275464010236
-0.165850804924006 0.0813596913339382 -0.258805220189065 -0.0811880316959503
-0.178102792342512 0.0322297588399576 -0.104162529411597 -0.202326620736571
-0.186960432450932 -0.0675594865543566 0.0479155038062602 -0.223810592198164
-0.141664965139561 -0.153647690049788 0.190618666284617 -0.0344944422248697
-0.102941110890411 -0.199385997299601 0.239333827026388 0.254673210330986
-0.040868320695561 -0.209333615951085 0.131404749090145 0.459537867940044
-0.0204297701476758 -0.190489093141753 0.0608918262066653 0.479785753437255
-0.00616953070911048 -0.141656170937434 0.025636998349273 0.364326113114008
-0.0341166448981864 -0.107682121942875 0.0264941175848008 0.239199447063064
-0.0638297244012998 -0.0929741356951427 -0.0189919557892124 0.168911306769509
-0.0940962277706765 -0.0659990649854642 -0.114329692819276 0.148515481653794
-0.142359487701853 -0.0203684172938884 -0.132873172254286 0.196196898092273
-0.170151786516105 0.0228913971439533 -0.13851902905365 0.403281819685735
-0.245123470597374 0.193319274923426 -0.474042240719842 -0.0520505158740364
-0.276947240798004 0.210648733010144 -0.355783817095535 -0.0445426824477198
-0.313296625980889 0.139367038737339 -0.23415069017753 -0.122429461771106
-0.343103561222313 0.051831865334436 -0.112231555677304 -0.234644923990659
-0.348102664011749 -0.111185564076822 0.0128715307892474 -0.250998737712621
-0.264480472690818 -0.264516833712673 0.132875005875737 -0.0902700658045818
-0.186851576821402 -0.354604310977157 0.186973311372788 0.15862955220957
-0.0915704487784972 -0.376415401388597 0.104483914288945 0.338613053524588
-0.0606251844069698 -0.354389991566903 0.0770972347666284 0.400747585360565
-0.0559930112701196 -0.289574989681231 0.0551500715011267 0.344406718198595
-0.122234841498121 -0.220355678258509 0.0589318611363642 0.249939934691614
-0.19000586431203 -0.177978652010791 0.00165170131861032 0.208001241075035
-0.226092487405602 -0.104179003055575 -0.0906877136494476 0.196218596383792
-0.293527794305183 -0.0106186945264537 -0.0798474915729608 0.232137561298218
-0.304568622296839 0.0785688415356555 -0.0489833823381397 0.399143590656109
-0.319964520741851 0.225961580892189 -0.377019148751339 -0.151438687358988
-0.377941236404377 0.222149341564069 -0.276152898381182 -0.143329827230597
-0.425268032867877 0.129434888214426 -0.176365083059654 -0.187653654302294
-0.456378111153669 0.0153953792465792 -0.101042262348336 -0.276990093045698
-0.435677139594071 -0.177669622718109 -0.0227848048256189 -0.283415464888497
-0.316639222351486 -0.35420162068437 0.0556650166427606 -0.167691353113231
-0.219300575423987 -0.456969623748539 0.10811582961997 0.0206093036515199
-0.129528659914639 -0.48321909731185 0.0563271682236452 0.163468869333922
-0.120885733845125 -0.472219397507662 0.0704873926568252 0.266986751447102
-0.15206902518344 -0.409459561946802 0.0690550181352024 0.281042732699583
-0.266060812263984 -0.300936201458518 0.0824603967911813 0.239264559566003
-0.362701882956836 -0.207728631124877 0.0371889325740112 0.246683571196564
-0.375368412267974 -0.0823099281319363 -0.0311764352707857 0.243688513802634
-0.419694085243231 0.0451950959989117 0.0162957528630395 0.259524012728298
-0.395757489740733 0.145286584207833 0.0836763940898211 0.370504701452629
-0.350023067957562 0.208316233708683 -0.240094441103389 -0.251866817280052
-0.420182368494087 0.170017870292188 -0.158086340100413 -0.23192658081183
-0.456100497469255 0.0552246311730536 -0.0790695617702875 -0.238480272812507
-0.466935081846602 -0.0642098402499861 -0.0575521754408864 -0.306646827220823
-0.412566210521741 -0.241282618442259 -0.0372712811964273 -0.309757433341851
-0.284716858617004 -0.395816001440524 -0.00460451196920735 -0.254903697207679
-0.19524100365865 -0.485447607488331 0.0341489423837723 -0.140520675417445
-0.145345903608182 -0.517164795076066 -0.00258536457642316 -0.0359654282700625
-0.181875481050556 -0.515559549360479 0.0233222122926648 0.0991557051112387
-0.257997006025638 -0.447387685404677 0.0316900394699303 0.182250256096277
-0.401253791534526 -0.298473900517089 0.068149133893895 0.209467020971303
-0.497182074215128 -0.149489315971886 0.0781020197695685 0.266697952962165
-0.468048398835163 -0.00214461037521708 0.0602749739720864 0.262100484844584
-0.474693299374183 0.132871699353471 0.145913810954687 0.24756872594247
-0.422721190290887 0.2078257306019 0.240185430301073 0.304584788072946
-0.324982088915491 0.1565347088927 -0.088321586126412 -0.328802907350944
-0.383920395919596 0.088019136249692 -0.0285704038239357 -0.275276574978828
-0.385107898094538 -0.0330203852627935 0.0289526507689517 -0.24121311182251
-0.365207380673629 -0.131453924196692 0.00496838589786187 -0.29251990183778
-0.293491125974408 -0.252719227877434 -0.0219361740670085 -0.310248250603353
-0.190101473438906 -0.361417841674385 -0.0241641956555792 -0.328055479720182
-0.138789615177618 -0.435759834750077 -0.0113581388268072 -0.294207749933563
-0.142123595325088 -0.474600258469314 -0.0623499761655147 -0.230296990594819
-0.215470590210482 -0.470280459036777 -0.0620447955747836 -0.0716370117419227
-0.312336524434863 -0.392377264736691 -0.0584404670975419 0.0866715463534898
-0.443313211178831 -0.217985749469448 0.0132215475798272 0.188028148571574
-0.51161775481917 -0.044968472767415 0.103829053923487 0.264314203787434
-0.451730998166959 0.087183077916749 0.153763851914161 0.238234988943533
-0.431804113900762 0.200352967554919 0.27320357177272 0.189844516331105
-0.38044647876076 0.239463999080789 0.388235898789826 0.208897752422256
-0.246755980660954 0.0914483581690042 0.0537625696915113 -0.370289760583829
-0.278298302270059 0.0248881497243725 0.0754907931590643 -0.271267470278075
-0.248159672739009 -0.0731853163306868 0.104941109716568 -0.198479761454361
-0.215116510426286 -0.131676899885754 0.0492599413534627 -0.240242732902651
-0.154780265479728 -0.19198171824967 0.00635838071119941 -0.278030877685991
-0.0929554669299253 -0.257950972450034 -0.00684508547664943 -0.364655708042952
-0.0777174457844053 -0.321834319671856 -0.0237469114965306 -0.41407930046517
-0.113875319106634 -0.357121259775293 -0.113226159568013 -0.393430731071372
-0.197779876501073 -0.350459861904501 -0.161852843949398 -0.209631747533849
-0.278728511330974 -0.271437908278301 -0.166508512217586 0.0253133332302344
-0.365011080360114 -0.114710550774596 -0.0517786039091809 0.189780296905362
-0.398166093462717 0.0310150769454166 0.106463923901417 0.251642205192712
-0.337299436787449 0.123298686893923 0.221630396213088 0.188633946202664
-0.313723816450039 0.206063137838028 0.367611910028405 0.110293368243143
-0.280187033355097 0.214018649775327 0.49938259673491 0.103914874366022
-0.128607519558053 0.0316746817855233 0.155782572932854 -0.383278666035055
-0.142106496704604 -0.000340783027003336 0.132498428179542 -0.247762660930974
-0.114600064469923 -0.0548621567442191 0.135013123389935 -0.149933824121187
-0.0965277614656772 -0.074083742846676 0.0597828359941049 -0.183269854809459
-0.0649750789981117 -0.0929110577366386 0.0231862148846783 -0.23266816825583
-0.0359062696952802 -0.122895341523476 0.0174401730462435 -0.365322160660289
-0.0341952203494739 -0.164165868478544 -0.0189159672235783 -0.480918972198954
-0.0697848391260986 -0.18412069100979 -0.148022861239899 -0.49653862021773
-0.123173225559346 -0.177126540331908 -0.245073797907317 -0.28952579624283
-0.16919512513954 -0.128125195235728 -0.250976580358467 0.00443171457325225
-0.20473160924133 -0.036156908762691 -0.0995339114821663 0.208857341789107
-0.219757530562254 0.0501903312536579 0.0959724556601912 0.242287836757307
-0.18116445721824 0.0891091034554199 0.256385804732886 0.142567210387753
-0.15960964031214 0.139335862545381 0.416494110723899 0.043981345094722
-0.145016611542307 0.13155482560598 0.558209216456066 0.0253728528410837
-0.0213315365350024 -0.00626964981792196 -0.519813637560716 0.0195993712668174
-0.0149833474042229 0.0204533256596395 -0.405699978850604 0.0360098409267496
-0.0112338156209984 -0.0134730270973281 -0.262749219759814 -0.0739582338152474
-0.000356047146856981 -0.0165077719619947 -0.0948380050831494 -0.188107108755449
-0.00141264421672496 -0.0376605966469401 0.0634398563013353 -0.199514845792015
0.0126257799924385 -0.0345646983766225 0.206298350188294 -0.0010649352474056
0.0105660683454034 -0.016997669711685 0.244684301289441 0.295388064656533
0.0174605482916926 -0.0118835199967723 0.136267668387067 0.505384278726636
0.00731471206141758 -0.00904472100575617 0.0465711226468187 0.500161579656216
0.00992876041527714 0.000573488339963605 0.0108776193436243 0.36060530857063
0.00808549377733715 -0.00593300139876831 0.00690849514105838 0.230490819893339
0.0100619303400717 -0.00280232204617927 -0.0285207802343137 0.149507297765529
0.00252721092854345 -0.00589324053214444 -0.118781546217812 0.125170048630972
0.00355114146768043 -0.00155333620712754 -0.149424864344918 0.178107707368759
-0.0186558839948881 -0.0217174704754681 -0.17166148728273 0.39313144645244
-0.139164180777893 0.107363847337369 -0.516784123141388 0.011324661754157
-0.148778953604107 0.133909605265069 -0.393288428181252 0.0231045870410942
-0.16523384028895 0.0806677393892521 -0.257596059344079 -0.0802576898383921
-0.176859566643234 0.0315682312850346 -0.104391166848916 -0.199726156018967
-0.185713739911027 -0.0669193328060508 0.0467253267754346 -0.221161627401049
-0.140400860097369 -0.152941153018678 0.188784274726313 -0.0338244882369689
-0.10216304610025 -0.198215972127575 0.236862174014581 0.252805512709198
-0.0400403785449427 -0.207815258491235 0.131025745177398 0.45521252492755
-0.0200057204246101 -0.18915175865199 0.0601875245309121 0.475606132946448
-0.00542919004492 -0.140567401932014 0.0253582019351287 0.360871452934107
-0.0331095653520756 -0.106772905365975 0.0262243527651453 0.236993470764479
-0.0632057429795331 -0.0918259309742402 -0.0182712175571481 0.167378052302203
-0.0930721455308839 -0.0651039966045988 -0.112428690013989 0.147519980493125
-0.141063150284396 -0.0201741369976834 -0.130480024416555 0.194714809589505
-0.168699139296895 0.0222832860058341 -0.136134673177967 0.398244556025202
-0.242959022064993 0.190813130588262 -0.469165857523598 -0.0516709231554241
-0.274997052630845 0.209343320954567 -0.354169792110134 -0.0430312853203444
-0.310891299891042 0.138116835870061 -0.233089366125806 -0.12125471596974
-0.339839985246941 0.0510950265697338 -0.112478355688116 -0.231761195514874
-0.344238596266326 -0.109642228753957 0.012403101548333 -0.248605313721354
-0.26285091082498 -0.2623533057203 0.13164222802315 -0.0892779507510105
-0.185341729047611 -0.351698510935639 0.185662844721714 0.157018464038318
-0.0899335120979934 -0.373343451853165 0.102912482009379 0.335629685149365
-0.0603065571191933 -0.351140081217018 0.0760133704382547 0.397117983419021
-0.054783537038262 -0.287683250621591 0.0538485710342969 0.341499417300681
-0.120546125016199 -0.217857319603552 0.058240249853102 0.247531672390454
-0.188908286887976 -0.17645083997794 0.00230847538250871 0.205756114212531
-0.223711133504273 -0.103503176684308 -0.0888629276831272 0.194586648975898
-0.290979194640556 -0.0106929893926435 -0.0787629850981033 0.229973712156177
-0.302215616275907 0.0780197533127987 -0.0483621200775603 0.39528496831367
-0.318151003774559 0.2243785527988 -0.374192186883721 -0.149248230057085
-0.375800329130457 0.221108153664911 -0.274585621582101 -0.140842728737102
-0.422937110907015 0.128050373021825 -0.175172672753059 -0.185012595631168
-0.453274426957513 0.014534002914626 -0.101165180351254 -0.274056448836277
-0.430798502256616 -0.175747299791814 -0.0227998479958452 -0.280934305754382
-0.315182589116545 -0.352482830133163 0.0547584120326744 -0.166150434402947
-0.216492675347962 -0.453034548210813 0.106926662277329 0.0200400583774374
-0.127174957951862 -0.479246959446926 0.0564201751077592 0.162694642907154
-0.119527445685672 -0.468884370749572 0.0696294777936677 0.265021148272825
-0.150354027284872 -0.40551526512828 0.0681161528896028 0.279406773372407
-0.26242790619698 -0.298504741659674 0.0811074753945384 0.236532850187149
-0.359997612245807 -0.206154381287359 0.0381207784226087 0.244402716986843
-0.372671046906966 -0.08218117551223 -0.0297872183405543 0.242547917192374
-0.415627213129795 0.0449752445892577 0.0165207434646146 0.25607804808592
-0.393030411292056 0.143608264673248 0.0837817421445445 0.366035742779812
-0.346255349208189 0.20727614432964 -0.238666007824933 -0.247273183647715
-0.417289422830269 0.169467260103889 -0.157408164558488 -0.229265244826207
-0.452734336539323 0.0547868236914296 -0.0792550428432171 -0.23540299800984
-0.462695768768768 -0.0650069166146246 -0.0574733197398552 -0.303241758639231
-0.40843425999242 -0.239264324710621 -0.0372604815650672 -0.307104602681689
-0.281364959905829 -0.393161786416088 -0.00489177441595727 -0.253781076582519
-0.193217596738266 -0.480056776843235 0.0342857242207534 -0.139728255680451
-0.144347032614977 -0.513055052161049 -0.00223484595484995 -0.0346671421009737
-0.179978610617911 -0.511792506636831 0.023120691115445 0.0981570505652284
-0.255403392296547 -0.444814978506688 0.0311687764468771 0.181300422621781
-0.396820723682292 -0.295502668449934 0.0672513788034234 0.20791364014906
-0.493925481911459 -0.148116214437226 0.0783597360779165 0.26390809931503
-0.464753207200025 -0.00300095690919583 0.0610280667671805 0.260392119336353
-0.470378584376713 0.132012965593909 0.144782168261562 0.244627688088922
-0.419256178279982 0.206191373770063 0.23875702626975 0.300623351759725
-0.321793167615594 0.155227046494137 -0.0876148182540799 -0.324406136494239
-0.380627630193205 0.0879313831725474 -0.0295489843761191 -0.271989190684672
-0.380930545169904 -0.0316472255733333 0.0274607816850343 -0.23888450243704
-0.361346261457099 -0.130300884237681 0.00450830986706576 -0.290612673023456
-0.289661762869008 -0.251151682612734 -0.0214607912477854 -0.30787808843723
-0.187328754534505 -0.359089177461606 -0.0230303802488519 -0.325328216357082
-0.136239590756529 -0.431981068929766 -0.0103811105618651 -0.292388334392707
-0.139803032820915 -0.468573513904412 -0.0621188848253582 -0.228370198297991
-0.21413008125522 -0.467219867564737 -0.0605466206547134 -0.0712360377045413
-0.309265650645232 -0.39027167641323 -0.0576123958483247 0.0863040636505679
-0.43917212858888 -0.216912170609924 0.0127748419143191 0.186978459410681
-0.507278901112729 -0.0454358724212588 0.103788576449581 0.261434427493517
-0.447493974036927 0.0860940805661149 0.153699699547893 0.236667182455729
-0.428212160574957 0.198874446108688 0.271690881298884 0.1877967744739
-0.376731431395261 0.236049116173313 0.385986274843613 0.2050443364901
-0.244016084509333 0.0909283443377466 0.052411195316866 -0.365766600983825
-0.275944551659108 0.0244520181321106 0.073797536664342 -0.267771510740185
-0.245438237200111 -0.0723051974849199 0.103231502445085 -0.196628239229286
-0.212263590105062 -0.130360908365586 0.0476828206152712 -0.237739786722515
-0.15275214871055 -0.190504697717162 0.00685650444193201 -0.275874214602517
-0.0908462607508191 -0.256693466976834 -0.00650262123031478 -0.361857338447478
-0.0763863311542134 -0.319071167462868 -0.0226921209448731 -0.410475886450588
-0.112785134642403 -0.35437464336598 -0.111739997654882 -0.38861663787425
-0.195321487635689 -0.346226262228356 -0.160141870923581 -0.208081662824964
-0.276154599982049 -0.269095571646966 -0.165082101336123 0.0253253311715663
-0.3621581270203 -0.11443109273979 -0.0512322355396661 0.188880156666649
-0.394480565538197 0.0322542422260203 0.106437080288996 0.249865745579779
-0.334652173982967 0.122341669576358 0.220613690505469 0.187479768447093
-0.310872819856738 0.204669256950211 0.365355474715723 0.108570934664055
-0.278106977342576 0.212673910948418 0.496792027844081 0.101283581783239
-0.127609709312152 0.0314260541441808 0.153432374265565 -0.377793257285612
-0.140551164793702 -0.000103289272158821 0.130532884691963 -0.243809512021072
-0.1135086856621 -0.0544148163889897 0.132911506172207 -0.147928642145523
-0.09550656091052 -0.0728029489041349 0.0594724126045986 -0.181631514912725
-0.0636877318546509 -0.092233253901726 0.0237263822243206 -0.230691769465777
-0.0352405076358579 -0.122362377602103 0.0175942615571075 -0.362795132021111
-0.0330972770520909 -0.162183402181155 -0.0186511462179411 -0.477495999520163
-0.0690947838491349 -0.181897684393418 -0.145941664932192 -0.49104254764682
-0.122351397305836 -0.175274181703745 -0.241212105987744 -0.288999444379027
-0.167909780666103 -0.127519396570828 -0.248498902808452 0.00441532904798139
-0.2027716195098 -0.0363185062592218 -0.0977407901471805 0.207657666210164
-0.21772564393709 0.050172357715848 0.0957009775891855 0.240361583532682
-0.179394469570885 0.088964586464905 0.255252270579826 0.141396437341912
-0.158677066166581 0.137832548377341 0.412861211400059 0.0421422418065063
-0.14399842719334 0.130961402608338 0.553437281768006 0.0236914914628135
-0.0213300409624727 -0.00620445445547964 -0.516990943866982 0.0197647782761234
-0.0149337598198477 0.020506269956401 -0.402822805616999 0.0362395647985436
-0.0112256318985221 -0.0135219401051074 -0.261102335859326 -0.0739056056717233
-0.000101422979202845 -0.0165641241966516 -0.0945874094446545 -0.186126488190302
-0.00138938266552609 -0.0373368474746042 0.0629596291528622 -0.196576122100372
0.0120088388322193 -0.0343430827351034 0.204440343026737 -0.00031114265033008
0.0103263987458303 -0.0168235405511459 0.242294906924922 0.293324604970486
0.0174661970682718 -0.0122550758326759 0.134738453425502 0.502343382164665
0.00683918811731997 -0.00914829343815067 0.0447651785702436 0.49791043445885
0.0100327749534215 0.000605072728843891 0.00984247022580186 0.357197091302851
0.00794583270285455 -0.00597323178993913 0.00687839932045605 0.228392229440839
0.0103655373945254 -0.00310136587017633 -0.0281977610793135 0.148099924874421
0.00211232214135586 -0.00517242570434247 -0.117380142429756 0.123613309923537
0.00388645223191334 -0.00169665092163754 -0.1482022911762 0.176098285664931
-0.0188844824206058 -0.0214240125218659 -0.170138538556048 0.389247120546221
-0.138314655100244 0.106370634374567 -0.513910446234905 0.0111935853461639
-0.147621524602692 0.132659425807562 -0.39116842278975 0.0225070923689207
-0.163898293076771 0.0789472360119073 -0.256485431587887 -0.0796674951708879
-0.175387150386836 0.030693723885465 -0.103579725784876 -0.198513366079679
-0.184228676641054 -0.0673993321751928 0.0461280430811195 -0.218570658424674
-0.139499618410813 -0.152462612726609 0.18668352153741 -0.0329710740321607
-0.101257982379896 -0.196566201956095 0.233785381041761 0.250855586169217
-0.0393271866987423 -0.20629580033297 0.130101648888974 0.454501518557397
-0.0191486072213904 -0.18753505753785 0.058839627546014 0.472985105159019
-0.00461480227067158 -0.140051071555317 0.0239793831302001 0.358441380935618
-0.0326777763061255 -0.10569351902693 0.0260536341489009 0.234652233202179
-0.0624695959060857 -0.090617956351754 -0.0173941357880443 0.166085268410357
-0.0919582414427054 -0.065373235912126 -0.110683333443267 0.146220446511424
-0.139597960507865 -0.020460203754795 -0.128908926174535 0.192134243543159
-0.167376778019466 0.0223398033828387 -0.135711945610147 0.394151518234753
-0.241808925485879 0.188469681247182 -0.467228648215958 -0.0497189151954889
-0.272389138065495 0.208035023841579 -0.351699291215402 -0.0429979189521073
-0.30875604492051 0.136512549998436 -0.231978221243575 -0.120383021713864
-0.338081363113708 0.0498802037964584 -0.111531043425477 -0.229797074198973
-0.342571837703711 -0.110455893317817 0.0125864734959782 -0.246459199794499
-0.259686436764899 -0.261833094237265 0.130185975115223 -0.0878220523829766
-0.184260032889843 -0.350738596934675 0.182963249184289 0.156107600966568
-0.0881046109898083 -0.370459285918583 0.101584785007933 0.334459249769734
-0.059410493071784 -0.348352481469109 0.0745010773378199 0.394051233374297
-0.052930660731422 -0.285573010557507 0.0525970704123305 0.339488241762786
-0.119068636649398 -0.216266240513505 0.0570915639173462 0.246264321636917
-0.187020710884816 -0.175029229747496 0.00234524616395703 0.204822208928821
-0.221816927296088 -0.103486182437623 -0.0876561756765412 0.193443277432485
-0.28869276755005 -0.0109448958171039 -0.0776218904542764 0.227245234258878
-0.300094229022126 0.0765255741885343 -0.0474624095251727 0.390688177842106
-0.315302786059231 0.22153237905488 -0.370364684820176 -0.145813692821183
-0.372889867434575 0.218889134865785 -0.272524422692838 -0.139964342488946
-0.419719667226084 0.126614629561636 -0.174561425291186 -0.183285051451621
-0.448748896509547 0.0135939914342383 -0.100427751582212 -0.271980240243905
-0.427331721386424 -0.175407870716022 -0.022774485371253 -0.279031023128865
-0.311550862495456 -0.350687852382093 0.0548483291665605 -0.164943712873296
-0.213852463692712 -0.450815693275798 0.105868277849915 0.019644546097146
-0.125509070973491 -0.476028541693121 0.0549576372435211 0.162573060076093
-0.117962209477455 -0.465539685822724 0.0685961134959381 0.263309884914944
-0.147687046677659 -0.403562707117689 0.0669602749974615 0.277759008182402
-0.259073508601138 -0.29744039660756 0.0798880600103531 0.235820976817843
-0.357870551662839 -0.20484306634722 0.0380735796911126 0.243409767209638
-0.368403129776832 -0.0825457748397915 -0.0287648409986526 0.241609863109976
-0.412548422812784 0.0432599858158373 0.0164720561542396 0.253940598497876
-0.390954232939898 0.142583709853533 0.0832471818269362 0.36246234843106
-0.344781629816934 0.204359032738708 -0.236668227657414 -0.244358272578281
-0.414360194271272 0.16834780936876 -0.156604009173596 -0.226283633816408
-0.448749503814157 0.053706089269506 -0.0791107673620092 -0.232857806558261
-0.459121863773839 -0.0649290552026532 -0.0568412018927703 -0.3009963322645
-0.403964313163352 -0.237884773904003 -0.036173136842119 -0.304266928673954
-0.277353996841299 -0.390525930476728 -0.00437272025377376 -0.251991378284477
-0.190053268564907 -0.477194741132649 0.0338965080979657 -0.139162099112317
-0.142577822874691 -0.508943140961536 -0.00238257304201578 -0.0339767511254325
-0.17756700416562 -0.507208584622526 0.0238066606467339 0.0969489393491586
-0.251333129628458 -0.442616767931632 0.0308610110552087 0.181008957753479
-0.393921595234395 -0.294844139752159 0.0659877136520708 0.207273673956174
-0.489629133614702 -0.147124221790673 0.078210425875622 0.261946435543436
-0.460641359108376 -0.00399356263193395 0.0610096705888981 0.259078404074104
-0.466353353585513 0.130247084881968 0.143356255023516 0.242364137142637
-0.417506225408457 0.204811461452003 0.237183241492074 0.29776488891026
-0.320071152172622 0.153106370653157 -0.086282496727864 -0.320369079473223
-0.376889151901389 0.0871166758822309 -0.0289025219680171 -0.269197633981682
-0.377959242451755 -0.0323360905925603 0.026990260315938 -0.236362917173758
-0.358493892747376 -0.131350181988656 0.00479115585052205 -0.288123400225141
-0.287107456723183 -0.248990954814848 -0.0205604070636309 -0.30612976161683
-0.184068325120111 -0.357568891193221 -0.0222716737010551 -0.323441215085734
-0.133610616238933 -0.428521720473534 -0.00984407327018074 -0.290802800382166
-0.137903506402747 -0.465010666852199 -0.0604609459713744 -0.226310784224348
-0.211311216658066 -0.465182327061076 -0.0593933773813716 -0.070879847795668
-0.306524933966035 -0.388725218118042 -0.0571110645541506 0.086183864117849
-0.434951217950049 -0.216837739433947 0.0124752844553449 0.186438769122104
-0.503205708140224 -0.0454937831175138 0.102937612865572 0.259661153084193
-0.44439000657184 0.0838687995945709 0.153752860955441 0.235265518548143
-0.425344989388833 0.196343065707228 0.269585286376162 0.186318757032416
-0.375281835504208 0.234389199267458 0.383080817191596 0.202618770353148
-0.242204972562455 0.0898709187382635 0.0523850220521985 -0.361516018838221
-0.273760666228012 0.0239322326077358 0.0725112796585394 -0.264412783099092
-0.24340738828037 -0.0719677238646398 0.101914743358736 -0.194207101359609
-0.210328857184572 -0.129629621159986 0.0479544490252455 -0.234974488003019
-0.150727983544565 -0.189266240448668 0.0072416936286521 -0.273745517734318
-0.0889332830416584 -0.254696405795082 -0.00494399477495641 -0.359540343935341
-0.0740058965243739 -0.316117953485649 -0.0209091323356847 -0.408003088248288
-0.111405770512314 -0.351598154352666 -0.110325489914493 -0.385271949429275
-0.193314196391895 -0.344540265319623 -0.157214504738199 -0.206952299137441
-0.273608614216486 -0.268725637478227 -0.163403102842884 0.0253678001647099
-0.358718428505994 -0.114255594323688 -0.0507756588444078 0.188043259775554
-0.392006575690268 0.0314422686534095 0.106337773420818 0.247824049087048
-0.332721320153702 0.120873702557106 0.220381799650866 0.187405693291051
-0.309309703864177 0.202174198058589 0.362610432646534 0.108169776644753
-0.276704933506836 0.210620590681961 0.492751003170792 0.100331356004058
-0.126531813865679 0.0317401787669961 0.15405495967187 -0.373613641595575
-0.139796606503851 -0.000128982803508639 0.128748871353081 -0.240618406326381
-0.112361321394388 -0.0546037567029342 0.131402288901226 -0.145771157800089
-0.094298350235058 -0.0722512638961368 0.0585449852354411 -0.1805299652329
-0.0623936587479604 -0.0914686409127969 0.0241108250461067 -0.229682137881012
-0.034115213030375 -0.121712413749595 0.0191946055399519 -0.36066117635204
-0.0316307159862857 -0.161406113150854 -0.0175984430063692 -0.474642340669751
-0.0684675414411798 -0.180557418398497 -0.143836379784401 -0.489010182513977
-0.120989063931852 -0.173897061962873 -0.23790604273936 -0.287249129395647
-0.165888864407369 -0.126831993369899 -0.24559383989135 0.00424322370541047
-0.201738723165536 -0.0361431206849645 -0.0966392632507137 0.206803104393666
-0.216366350913035 0.0496272188300494 0.0952624807482194 0.238568962617485
-0.177895377204117 0.0878990322903483 0.253910469358242 0.140461042306972
-0.157613544953635 0.136796034184168 0.411198885684598 0.0415301091828976
-0.143165908695559 0.129427806904116 0.549117313681565 0.0228575766956697
-0.02120589005175 -0.00649307481460716 -0.514704540087169 0.0189024272314109
-0.0147820026633974 0.0203091731051432 -0.402130371397483 0.0355783397621924
-0.0112723078765929 -0.0135491723203839 -0.260563180958186 -0.0731843307559647
-4.14332955881239E-06 -0.016641748685111 -0.0944446807837438 -0.184631572444206
-0.00146517921958728 -0.0371776148449392 0.0627304427389215 -0.194808173307206
0.0119557296123074 -0.0336605189794667 0.203112923051795 0.000519052497352265
0.0104290254816064 -0.0166684274155479 0.23960070011326 0.292651564959446
0.0175198837885109 -0.0124355096481382 0.131609277692832 0.499796660524685
0.0072921661142279 -0.00947095200298085 0.0430268171939349 0.495393073740519
0.0103318789792558 -0.000299054376128539 0.00786614319402073 0.356168642154976
0.00788538508969491 -0.00584682638114183 0.00658537682613995 0.226915103739443
0.0098812964835273 -0.00295935657851273 -0.0271498636638401 0.147279223818173
0.00178664306317802 -0.00539808202711877 -0.115961811765092 0.1232646983165
0.0039900523079295 -0.00202847036759087 -0.147320474460381 0.17401816469683
-0.0185551634879104 -0.0211246139838171 -0.170619119622997 0.385096493327417
-0.138577418029527 0.105212659195983 -0.510862143123682 0.0104819605685504
-0.147180500502914 0.13202358695311 -0.390493036425649 0.0227411118049724
-0.163983724320267 0.078334813664178 -0.25618289478631 -0.0792568525342702
-0.174642358954135 0.0299185336858157 -0.103508092432261 -0.196973137856174
-0.183281632759863 -0.0673517908616103 0.0459413896994775 -0.216720190109875
-0.138490639295402 -0.152099729342021 0.185444485026479 -0.0319860214619447
-0.100045075983534 -0.196065858628233 0.231411224911593 0.250243634355901
-0.0377620966762787 -0.205783470780729 0.126147841570891 0.452640037425097
-0.0187800209425706 -0.186765327054035 0.0564244504253048 0.469953227890688
-0.00398300629691066 -0.1398117972898 0.0221726940556393 0.357224740666723
-0.0317167380050173 -0.105234271333778 0.0249887068814477 0.233521398870547
-0.0621820301781993 -0.0904963631375155 -0.0175823261966156 0.165045896185098
-0.0913820338946906 -0.0651602841509021 -0.109754300221483 0.145850665203251
-0.13852911896635 -0.0207745384350238 -0.128782497222783 0.190215801428297
-0.167110725398126 0.0215879772560822 -0.1361373009494 0.390988125366386
-0.241016066462776 0.187436498066131 -0.463750670493131 -0.0500125426464202
-0.271764761838918 0.206174278852927 -0.35046159211614 -0.0426466387725792
-0.308322113931769 0.134783337680536 -0.231415433569179 -0.120193102885899
-0.336204510962363 0.048108667916822 -0.110876845684774 -0.228259968258698
-0.339452723427027 -0.109230370099554 0.012348062402737 -0.244772999796503
-0.258794407932216 -0.263368795659626 0.12986467996877 -0.0872234349799859
-0.180882461211234 -0.348697597373122 0.181366605264252 0.155460948316441
-0.0863247054452782 -0.369259355757133 0.0993389856502642 0.333571103961509
-0.0570409906826421 -0.34741171419958 0.0722990285272652 0.392286667817831
-0.0509966546195303 -0.284961636639213 0.0512269832071307 0.338651807335337
-0.116871732690465 -0.215627699207598 0.0557988306234551 0.244979324585655
-0.185369235053804 -0.174248733581687 0.00223847832935431 0.203406535101078
-0.220072189547386 -0.103850129619073 -0.0867185599497461 0.192995416293796
-0.286194141018239 -0.0125432470273732 -0.0776531009174445 0.225154449298928
-0.298778866090687 0.0751280110082378 -0.0494874210906262 0.38788965936787
-0.315252998345944 0.219531478483666 -0.369104940943886 -0.144849571698439
-0.371962869962701 0.217424271357176 -0.271578054461886 -0.139157537179639
-0.417250990608549 0.123865770964794 -0.172800263735123 -0.182366117936689
-0.447551216838686 0.0124159831466972 -0.0996360798634197 -0.270381425898033
-0.424751174703911 -0.176258674908924 -0.0217187273007276 -0.27693045999353
-0.30899507350826 -0.35129458593894 0.0548804386575386 -0.16394588961479
-0.211200616949554 -0.447898608958132 0.10529918093128 0.0195809166245479
-0.123138834274095 -0.47324733127731 0.0542952646228103 0.162723474861306
-0.114647546779827 -0.46259764105199 0.0676179058183937 0.26185317269606
-0.144199828900252 -0.402529946661228 0.0652820376804311 0.276611322070971
-0.255763834702113 -0.295735361847911 0.0783723040789964 0.235029812221919
-0.355230370991364 -0.20436818795949 0.0380261244158896 0.241179344433132
-0.366415400848534 -0.0842290463530105 -0.0283552576352097 0.23978505253792
-0.411236059132313 0.0432972387951986 0.015901092213464 0.252303019103207
-0.388113746855872 0.140113702379212 0.082582567406554 0.359431882980842
-0.343825510233878 0.20198842940108 -0.234483109135079 -0.241942664227269
-0.412775200888424 0.166210779378661 -0.155899665678923 -0.224702809370065
-0.446054266989382 0.0516459091440343 -0.0786964668742619 -0.231809548496711
-0.456398356588111 -0.06686765308409 -0.0557196034476382 -0.299128265872345
-0.399982008156511 -0.238506882315001 -0.0350631764392592 -0.303131319706166
-0.274919926818069 -0.390782287736768 -0.00281529886411215 -0.250633361530573
-0.186576224358856 -0.475756331291441 0.0340372207640423 -0.138481789689895
-0.139790146745374 -0.50663550700945 -0.00200806063759539 -0.0331610163009696
-0.176030516274745 -0.505164354803123 0.02375005482638 0.0963945781887205
-0.249165912036964 -0.442720640955198 0.0300645174685808 0.180389678918136
-0.388647649646743 -0.293894155654282 0.0643653066155151 0.206528641284364
-0.487393568316324 -0.147307665445945 0.0780384049057209 0.260366577221547
-0.45794643629298 -0.00566937990413348 0.0607604142175549 0.258567770887584
-0.463484486377897 0.127775452972571 0.142298406261761 0.241304242088877
-0.416281964064119 0.200715269525784 0.234724868253921 0.295642110847414
-0.317897711164168 0.152529242888716 -0.0853416252215409 -0.317585992631669
-0.376103245265716 0.0857755123043264 -0.0289852071092084 -0.266929233939399
-0.37472877837708 -0.0328154503138545 0.027060252797098 -0.23474052846375
-0.355919246565907 -0.130781460149251 0.00518214294846446 -0.28587139542965
-0.284337931280384 -0.249479474049006 -0.0192181318619423 -0.30434141435667
-0.181469895880184 -0.357073791504797 -0.0208679711171011 -0.322027028331852
-0.131392567769744 -0.427213765499208 -0.00850848175874521 -0.289231838688257
-0.13594798687289 -0.462714042357672 -0.0598273332439933 -0.224747171506426
-0.209102384394192 -0.461448366905384 -0.0577409145168268 -0.0714580524224707
-0.302898419779795 -0.388243229601381 -0.0566668015936163 0.0858061723508343
-0.430973889579363 -0.216214564690806 0.0117303710024482 0.185511319154719
-0.50072679268944 -0.0466503906937395 0.102464218238908 0.258463828527484
-0.442889302425743 0.0829747237169826 0.152209155615523 0.235879891092622
-0.423303520719813 0.195081829613076 0.268224443541345 0.18516628092992
-0.374632781862881 0.232248338849483 0.379733985580376 0.201102668095565
-0.24113974119009 0.0894635038365577 0.0531433007921494 -0.356657201886713
-0.272026545364819 0.0239304968510893 0.0722707840614508 -0.261522161176295
-0.240966669264631 -0.0723923839295367 0.100919760416126 -0.192878400668207
-0.208104117322639 -0.129297959194313 0.0483007474660984 -0.233862967774402
-0.148599821534155 -0.188293873318816 0.00856144094639889 -0.272624722046126
-0.0872435618255958 -0.254247510488163 -0.00356273837192097 -0.357878427789185
-0.0717501548456556 -0.314138181920653 -0.0186324942117261 -0.406421075808116
-0.110521949105961 -0.349463275394553 -0.107553903725372 -0.384520709112481
-0.191515007486791 -0.342513561227085 -0.154788409222733 -0.206745182172723
-0.271210849283522 -0.268263519962516 -0.162232807398898 0.024417859765969
-0.355456007542373 -0.11460038191424 -0.0509689742993612 0.187599680097164
-0.390021673661105 0.0304454922783976 0.105748433584251 0.246401539996807
-0.33152539527852 0.118787425781708 0.219027016046725 0.187411474260414
-0.308487943212893 0.200515912681667 0.360800053508852 0.107114454851167
-0.275945071976129 0.209367457915718 0.48908390230713 0.0976399071611989
-0.125762040200971 0.0305485504363493 0.154830007919787 -0.369950017065123
-0.138286997804149 -0.000449841275590935 0.127317119169346 -0.238415902775852
-0.111523294841338 -0.0541045058821123 0.130522899012146 -0.144379132507384
-0.0934384129981012 -0.0717111596262697 0.0584517144945831 -0.179019528740613
-0.0615291010840218 -0.0914636542381652 0.0249754614522369 -0.228631128229286
-0.0331336299436037 -0.121694803830299 0.0202632824619411 -0.359021090367114
-0.0307103155686251 -0.160484049718681 -0.014653341205408 -0.472303723433867
-0.0668695019700648 -0.179651096964726 -0.140287736599442 -0.486968193463198
-0.119904159086361 -0.172984321232587 -0.23515102571715 -0.286825669464014
-0.164847007200983 -0.126591684035778 -0.243550448884177 0.003162135872788
-0.199966102840003 -0.0366743028651099 -0.0962139853669576 0.205827499862647
-0.215246716415812 0.0495974773322432 0.0953838624758014 0.237816532059027
-0.177320779353108 0.0869428531907272 0.253391962678591 0.141091062980994
-0.157245695535869 0.135820323705215 0.4093351476441 0.0419920750050594
-0.143083780469504 0.128528166349547 0.544926257420849 0.0222445516035631
-0.0211371550555885 -0.00665733793540972 -0.512461707941396 0.0188823751884763
-0.0144455089714384 0.0206388988411229 -0.400786920813613 0.0343918898718977
-0.0117132887195892 -0.0135687845451625 -0.260286175017568 -0.0735075643952801
-8.42747615367933E-05 -0.0168393556877017 -0.0939831021034076 -0.184111622488747
-0.00151278389056531 -0.0369491039346649 0.0629704718480758 -0.193080426935807
0.0116541626223958 -0.033618217329896 0.201811491850642 0.00194382502170075
0.0103190981931925 -0.0168190301335157 0.237409048219486 0.292650152245356
0.0173198506641585 -0.012649468014111 0.129238308017825 0.499986472871549
0.00692947162199111 -0.0093942723308039 0.0416970053920906 0.493696395859906
0.00990760059665605 -0.000117959370267471 0.00575992335737018 0.355095257172484
0.00772252229989629 -0.00552069738313419 0.00625773311700672 0.225874217354626
0.00947001040382464 -0.00309494024475043 -0.0274246025475357 0.146542832166236
0.00172462990148627 -0.00541294668464019 -0.115145868544171 0.122058044259521
0.00353514215869353 -0.00198102454106743 -0.14633414528404 0.172316871200616
-0.0187784742750917 -0.020535652902964 -0.170474839782767 0.382084306993334
-0.138168120598816 0.103560448036506 -0.509538046847441 0.0106096874294981
-0.146902712701401 0.13113710781361 -0.389868313804064 0.0219812787148286
-0.163840241390383 0.0776325358517281 -0.255261651132244 -0.0792904367494732
-0.174046633997609 0.0289076512619733 -0.103278226314888 -0.196073796570126
-0.182314647662862 -0.0681773488868968 0.0460293018790328 -0.215332058662717
-0.137594151800495 -0.152634912736904 0.184992251040689 -0.0308429009079848
-0.0988256031221273 -0.195967205325459 0.22900769918643 0.249974686272513
-0.0372441013653798 -0.204895853856076 0.126002832510107 0.452643081348861
-0.0176367023462723 -0.186208995460265 0.0538553398197483 0.468621261003101
-0.00329066113385815 -0.139374330465029 0.020764938737922 0.355848577464218
-0.0312003220334547 -0.104638311813224 0.0238211204352842 0.232064381215242
-0.061620031366264 -0.090069941581313 -0.0173214907104045 0.164305986564165
-0.0908239335918812 -0.0656308982608811 -0.108894666438733 0.14441034565621
-0.137528417237009 -0.0212165256709716 -0.127851608863574 0.188033040797812
-0.166420053393635 0.020911323948744 -0.135000708054356 0.387154849659295
-0.240918034377392 0.185133017256138 -0.462724766227878 -0.0492972463953214
-0.271567766699813 0.205151895749074 -0.349381574330845 -0.0429543414028452
-0.308075218163478 0.133080600518768 -0.230434742686515 -0.119813701010877
-0.335712249071735 0.0470849722412731 -0.110528466390168 -0.227732815535663
-0.337901847657371 -0.112178155464538 0.0130280612831938 -0.242808346837654
-0.256347261899973 -0.263065211184825 0.12899470139496 -0.0865234975907926
-0.179304244815859 -0.348118749722368 0.179807720229273 0.155640244593245
-0.0834466339903482 -0.367106658681378 0.0980686321695173 0.33389975517838
-0.0553441042402624 -0.345671260913781 0.0709163660716004 0.390856513386545
-0.0486159021600375 -0.283889929261397 0.0493606310997056 0.337446707253106
-0.115275358578912 -0.214328038336728 0.0547987492485264 0.243963172276699
-0.183612258295421 -0.173724448955613 0.0025758882276145 0.202824278325743
-0.218447398054149 -0.104179522441533 -0.0857905384058826 0.191378685761125
-0.285720420933145 -0.0134440699262514 -0.0777216858507113 0.223400841334887
-0.298114868911823 0.0742251329413989 -0.0493632960739928 0.384510947508305
-0.314796579554776 0.217835853666886 -0.367145840946617 -0.14348223119767
-0.371560923572448 0.216039636796712 -0.269930252670285 -0.138002653215243
-0.417165369966144 0.122744351381394 -0.173010381122167 -0.182277488895447
-0.44613452471997 0.0102535479977754 -0.0987486193796836 -0.269199958670581
-0.423067230380291 -0.178156988931747 -0.0215509269177184 -0.276811517110104
-0.306624895462281 -0.352374534514549 0.0548543662463627 -0.163617166683682
-0.208277608144012 -0.446953375314137 0.104450715726897 0.0195574365210106
-0.120765308299049 -0.471309577787747 0.0537101928670693 0.162704741718773
-0.113350784752019 -0.461873405426763 0.0664860665152866 0.261104549580177
-0.142780311664469 -0.401848641803644 0.0642583448995593 0.277186498211418
-0.254305165736061 -0.29693014689384 0.0773289420659835 0.234725804594421
-0.353024978236596 -0.204819305933936 0.0376630304029908 0.24054867535955
-0.363883398165368 -0.0849311847556483 -0.0284838626222133 0.239552108199049
-0.410269172233519 0.0414573997861067 0.015120793365541 0.251014931176073
-0.387851450035455 0.137013729826847 0.0811689212813391 0.356871491107568
-0.343617685583699 0.199912925656976 -0.232762987823527 -0.239680868335932
-0.412359970542553 0.163976191890788 -0.154729598863339 -0.223332555791881
-0.445050701094625 0.0499281207113432 -0.077934587013511 -0.230735170373224
-0.453208654694397 -0.0675734964026091 -0.0552067828676344 -0.298274218983925
-0.39784088412942 -0.239174360512811 -0.0342848284523648 -0.301753035101636
-0.272890981681405 -0.391724075730864 -0.00270178445969326 -0.249803277461916
-0.182669688457099 -0.474319917984214 0.0346479315623581 -0.138384680581296
-0.137206589486583 -0.50461993944481 -0.00152676337299331 -0.0323849303690715
-0.172137455243757 -0.504100237603725 0.0233493500396193 0.0960997006133963
-0.244837374549338 -0.44204568109879 0.029309388303361 0.180603152707646
-0.386393987796038 -0.295839037039132 0.0634088471048114 0.20673032121114
-0.486112285212929 -0.148449168422213 0.0775697017482824 0.259743855187731
-0.456599120532286 -0.0069715259872921 0.061060747966914 0.259044580032311
-0.464105971629652 0.126551886411679 0.141521159330039 0.240618195547183
-0.415927755201361 0.198962508823144 0.233851950121016 0.294102647949291
-0.318073553600201 0.151028895969074 -0.08356483593466 -0.313999742060268
-0.375295153048855 0.0847545905782204 -0.028869922161312 -0.264104320936408
-0.373317622109918 -0.0345209351960996 0.0271744109796628 -0.232610962937576
-0.353748460917616 -0.13145201405151 0.00577784383522286 -0.284541204316344
-0.281451370206614 -0.248276793034779 -0.0180197571205693 -0.303241113084394
-0.178776861200466 -0.357693600238028 -0.0196206419737154 -0.321171035892787
-0.128360966209865 -0.425349951253828 -0.00703400687748841 -0.288673398171664
-0.133459710721201 -0.461668013238273 -0.0575724747749508 -0.223703945148941
-0.206394219318645 -0.460083639179337 -0.0571247194010288 -0.0714241969567521
-0.29916013195331 -0.387336950473273 -0.0564393831736896 0.0857911975625054
-0.428827358757049 -0.216877790692218 0.0108881459724644 0.18616844385437
-0.4999307679501 -0.0469223486975408 0.10251293851538 0.257935956777522
-0.441744214798205 0.0798430525665006 0.15197848360356 0.235720055158321
-0.423360589569756 0.192411379793046 0.266583770914572 0.185890538110016
-0.373067855141584 0.230531998727377 0.377966431513418 0.19972105987351
-0.240696980335265 0.0882962224639002 0.054053105874012 -0.354218034834218
-0.270751894896844 0.0231682591380985 0.0724457231747281 -0.259044982599282
-0.239269567524152 -0.0724755326769162 0.100964260633039 -0.190992210775165
-0.206661984853016 -0.12937708965845 0.0483790082728957 -0.232419060610494
-0.146418732855063 -0.18852529378076 0.00950619006512194 -0.271662456750343
-0.0851412894029067 -0.25443399762282 -0.00196009659433031 -0.356798583642055
-0.0703200160916446 -0.313584424779716 -0.0169815193906389 -0.404736159493637
-0.107781953202875 -0.347743503073848 -0.105136594195854 -0.382868759918377
-0.188683771289852 -0.34184190670026 -0.15242185427255 -0.207135183667323
-0.269112862138595 -0.268369007150448 -0.160642618565487 0.024311093101007
-0.354406057255048 -0.114838012055546 -0.0511028784720352 0.18704210299369
-0.388661109048332 0.0299712508737806 0.105612767502727 0.246335891680024
-0.330721775029514 0.117491739899078 0.218982355521651 0.187475661712218
-0.307913522234447 0.199355420666594 0.359868657431346 0.108022572199314
-0.275309242532407 0.206766481643206 0.486002594443038 0.0982335020846927
-0.125687845147506 0.0306238443256928 0.15447927162621 -0.36639823354531
-0.137583736194436 -0.00074209067996285 0.126723526137665 -0.235337064337367
-0.110425575251352 -0.0544839553690191 0.129910706192825 -0.142667837424762
-0.0920082391724281 -0.0713957634652878 0.0583424611022625 -0.177750245921404
-0.0603114030379628 -0.0911324995393415 0.0254125152491361 -0.22791755365693
-0.031847442974214 -0.12222484981727 0.0212628255962033 -0.358224908704013
-0.0289348750730672 -0.160130400700917 -0.0120736764734284 -0.470904264523933
-0.0659723353609901 -0.178686588603156 -0.137685736925469 -0.48338935927299
-0.118697128933886 -0.172645140263655 -0.232116913336499 -0.287197178978055
-0.163699172210875 -0.127101063319835 -0.241866918454941 0.0024860750784954
-0.199040284670683 -0.0376837349558564 -0.0960378638542993 0.205035295359082
-0.214488457445818 0.0488842643096754 0.094780832293101 0.236579115172151
-0.176657040485194 0.0858463043726909 0.252592775379343 0.141582152293694
-0.157592507277007 0.134870958432861 0.408595119861077 0.0418996800359781
-0.142860188625754 0.127764272545444 0.543399704819644 0.0226383968708817
-0.0215599962760825 -0.00679243989182866 -0.5114739248313 0.0174536354979396
-0.0139422054976257 0.0206881937244162 -0.400692236074583 0.0337358350561107
-0.0119266098940939 -0.0134592446104854 -0.260538301587595 -0.0736332194867888
5.60984409348035E-05 -0.0171283332670774 -0.0938534298119846 -0.183653667143925
-0.00155788333113902 -0.0367149844785487 0.0635578464982064 -0.191971313584368
0.0114855063429777 -0.0334673596404229 0.200982395190522 0.00285560963747134
0.0106172146407746 -0.0167384235393047 0.234066670699559 0.292974457374305
0.0171920363814014 -0.0129245748744809 0.126463607147325 0.498559764594558
0.00686191580802805 -0.00921281278351696 0.0384372029728029 0.491986595218819
0.0101140005468484 -0.000966559207427166 0.00441868429495017 0.354144115725162
0.0077882141771898 -0.00565425515665548 0.00486119471484691 0.224960567554649
0.00943076078847878 -0.00299505819318339 -0.0273456489952763 0.146067917800639
0.00147169287676931 -0.00572388563968594 -0.114527053837396 0.121191758515774
0.00394648443837493 -0.00214543983794193 -0.145827526528997 0.170134760272108
-0.0190331582832772 -0.0209140123078151 -0.170372561912906 0.38068634586145
-0.138380556483223 0.103038174545643 -0.508498001618114 0.00991748143770207
-0.14643578339621 0.130709538474237 -0.389658714598991 0.0216624766877281
-0.164433461344796 0.0769021534444027 -0.2556343851583 -0.0796313433033576
-0.173647808790055 0.028100367122375 -0.102621880462903 -0.195552852284274
-0.181626250986602 -0.0683182550920766 0.0467902651373541 -0.213555813934303
-0.137092144864003 -0.153107384717706 0.183863260888187 -0.0303920845223306
-0.0975197179980836 -0.196068369736216 0.227059716173785 0.250462663747872
-0.0361449393282064 -0.204928455942278 0.122688844940868 0.452430586915989
-0.0169318932966157 -0.18575275258422 0.051546259385541 0.46854446420305
-0.00198100571944723 -0.139439929746718 0.0180981042984311 0.356096451691585
-0.0303551143806918 -0.104194389001037 0.023074804157844 0.232138197585081
-0.0609461090361536 -0.0901551960584192 -0.0174823783864991 0.163794829519255
-0.0905774987063999 -0.0660310973432623 -0.107991957787402 0.143908352889949
-0.137122558344796 -0.0221820684372684 -0.127459868129186 0.186427247211903
-0.166370245046479 0.0205386472588706 -0.135587847441057 0.384381832252218
-0.241375514676093 0.183594275011668 -0.460290393330906 -0.0492591893567182
-0.271633387465072 0.204329096241702 -0.349454245174859 -0.0428358565424424
-0.308206268736694 0.131974003144818 -0.230268679313832 -0.119961843926437
-0.334546087583674 0.0445751853094167 -0.109563272965726 -0.226507320529502
-0.33747029281071 -0.113212170621569 0.0139925059946956 -0.242132961555187
-0.254958102666366 -0.264570060533457 0.128869995229858 -0.0855747860889447
-0.176520705214581 -0.348412427511575 0.177983633874029 0.15537600322069
-0.0825755565568636 -0.366984310694041 0.096266269957153 0.334009537493501
-0.0539728297596255 -0.345124119565378 0.0688290091374083 0.389523751300057
-0.0470147432021302 -0.284515138418233 0.0474924809351514 0.337368868988897
-0.113235530775773 -0.214431608952796 0.0536410709036323 0.243340739390952
-0.183019436084999 -0.173780672511211 0.0024036644929694 0.2023378091906
-0.217840016785602 -0.105291004410225 -0.0857616495374223 0.191361919191874
-0.284259951649302 -0.0146202849596521 -0.0783691077981944 0.222184451285628
-0.298141237942576 0.0724972886959058 -0.049732696370594 0.382668024543374
-0.31503800594927 0.216458389743702 -0.365381028267575 -0.143849770133305
-0.371395777848286 0.213359026930111 -0.27024010111648 -0.137445620331153
-0.416373860252259 0.120538091530551 -0.172229232888996 -0.182434461176656
-0.444117718809264 0.00764194922541558 -0.0982368793370587 -0.268568790400113
-0.421455672141236 -0.179535301195729 -0.0205834460902477 -0.274748359314632
-0.304097688804716 -0.353358003105926 0.0560502449865777 -0.162757212301297
-0.204398910554991 -0.44802911470157 0.103729874764976 0.0197703267979578
-0.118031990986222 -0.47081952234158 0.0526721203431456 0.163071551583641
-0.111991206988506 -0.461279627174055 0.0658940318238648 0.260518935659422
-0.138812112512683 -0.401621953320402 0.0624042786166459 0.276704837289253
-0.250893313520705 -0.296116365733817 0.0756473119538028 0.234652244545062
-0.350681135368196 -0.205467488529626 0.0373997366476589 0.240316402631448
-0.362553927927443 -0.0869543022049116 -0.0286326404768664 0.23987101332266
-0.40943575183774 0.0387471570690506 0.0141317686746276 0.250307575107248
-0.3879883850972 0.136344839960609 0.0799869903911346 0.355747580486816
-0.342909445115342 0.198749713093847 -0.231433380203638 -0.23920526006068
-0.410859666124007 0.163174920451994 -0.153841726368555 -0.222309865202054
-0.445081239005235 0.0477174403623829 -0.0774208905331555 -0.230089967061037
-0.452969172638586 -0.0703347390281654 -0.0545865695211127 -0.296971782935615
-0.396045951531445 -0.240839755282882 -0.0328957114395445 -0.301468880127243
-0.269684798804268 -0.393314616092255 -0.00136687581720474 -0.249648463134579
-0.181280084759062 -0.474768845086599 0.0350858678455948 -0.138158605584015
-0.133786142295179 -0.503758870071405 -0.000964299572920902 -0.031690081121704
-0.169550301218212 -0.503383458856835 0.0233419624818975 0.0960581607167493
-0.243551870160743 -0.443182050903283 0.0289612930338829 0.180979806732249
-0.383134020236962 -0.295300603857306 0.062201267187665 0.206689173371054
-0.483077397950787 -0.149891203894203 0.0772113453159306 0.259772720191075
-0.455618809160033 -0.00910299206559861 0.0608147411342325 0.258840945639646
-0.462953281646323 0.123604388367695 0.140080823808486 0.240671936011075
-0.416442567678777 0.197077469943892 0.232097033081696 0.293632301847813
-0.317103709198411 0.149075585200955 -0.0824516944993818 -0.312512562759092
-0.374199048576908 0.0830964507256868 -0.0279835231040856 -0.262425520338731
-0.372392754218151 -0.0353227527761365 0.0270896263605574 -0.232034917638369
-0.351223487710837 -0.132639650330615 0.00584767792461745 -0.283265427891969
-0.278197256030893 -0.24997802968481 -0.016760017673293 -0.302780268580099
-0.176493190104337 -0.357722246166047 -0.0180364893863491 -0.321375161639969
-0.125506643139115 -0.424761451921398 -0.00629947550088654 -0.287714673604603
-0.130723759965613 -0.460379322561551 -0.056423919411775 -0.222404748461245
-0.204479414517235 -0.461111635804171 -0.0561757646680926 -0.0718919306275843
-0.297822418836688 -0.388833625812736 -0.0564003085157664 0.0856315215860183
-0.425612292355201 -0.218762574375219 0.00976827762490373 0.185974376801227
-0.497791864067699 -0.0491524264501802 0.101912518087522 0.25706289746604
-0.441254092148563 0.0784574146269598 0.152191602781956 0.236785465050882
-0.422499624723154 0.190807078715942 0.265728471611882 0.185507310236191
-0.373938081918906 0.228199936511806 0.376714222486492 0.199796276075158
-0.240148219211325 0.0866667287003914 0.0553419325888351 -0.351603731373507
-0.270427037231291 0.0220180338224586 0.0717674493246593 -0.257166597055603
-0.238272794570516 -0.0733583533398491 0.100758194717063 -0.189264116649782
-0.204794534902129 -0.129584698418296 0.0484893627483262 -0.230870600262731
-0.14483911300898 -0.188403741811893 0.0108711116784536 -0.271404463161431
-0.0829521768563137 -0.254739327658247 -0.00021955481203613 -0.357221717582189
-0.0673970521628392 -0.313019460393752 -0.0155062748776461 -0.40528511008385
-0.106014802362235 -0.347049436567645 -0.102549236541842 -0.382296778504882
-0.186597408083923 -0.341229253701917 -0.150844042501845 -0.207903044958096
-0.267280770192966 -0.269033498406912 -0.159821213104109 0.0235127523984223
-0.352349241100884 -0.116747615231174 -0.051179357459917 0.187135555980814
-0.38842544569444 0.0289098196777847 0.105061551990919 0.24535275715648
-0.330376819467001 0.116131731208748 0.219252123071738 0.188137113884603
-0.307957053658071 0.197964086478121 0.359127307252265 0.107860730106379
-0.275908172503402 0.205919331789026 0.485836688176919 0.0990905064151718
-0.125149394325174 0.030483102232428 0.154990702603822 -0.363347572653695
-0.1374844817401 -0.000868565730055156 0.126040282373155 -0.233476005780981
-0.109431039495085 -0.0554281766796718 0.129043923723804 -0.141738559527868
-0.0912218657396779 -0.0717566445639828 0.0584165410990625 -0.177377571973546
-0.0592125794449547 -0.0909823094273868 0.0263442553409935 -0.227279466751933
-0.0310373379652203 -0.122129816437624 0.02335486318444 -0.357747234227501
-0.027615187810726 -0.159571527253934 -0.0101438453657784 -0.470418511900157
-0.0650519968828297 -0.17786495164094 -0.134978020772506 -0.484579812262113
-0.117761667926874 -0.172246905089346 -0.229906199304897 -0.288115837244743
-0.16256774138938 -0.127522376635757 -0.240539780937199 0.00139111473387974
-0.198208684099382 -0.0383958429858454 -0.0960022186641341 0.204950939922441
-0.214224645803405 0.0480842232559718 0.0945121142818161 0.236362484481899
-0.177432363721156 0.0850825307735525 0.253005682106874 0.142018464177883
-0.157873512310843 0.133922248294656 0.407601659252172 0.0427783071638613
-0.14313489909515 0.127450552988528 0.541832390082227 0.0238035044690788
-0.0216628150814454 -0.00721354970223871 -0.511391830560416 0.0163932725717549
-0.0134928608720557 0.0209385899178082 -0.402055866916646 0.0326720538898969
-0.012116357329163 -0.013612461177662 -0.260623196607717 -0.0738627073443147
7.67593463933255E-05 -0.0171313403907902 -0.0940122615048329 -0.183902938118314
-0.00156535028750311 -0.0368099060315176 0.0637712867807847 -0.190685688649171
0.0115004422121424 -0.0334288650593432 0.200426613660131 0.00413204615295317
0.0105680122352042 -0.016787680109807 0.232678724824921 0.294053059076764
0.017531433966274 -0.0128254105421476 0.123023910539541 0.499320118697433
0.00684016185407991 -0.00947470986896174 0.0356683591109374 0.491898721915058
0.0103069723392336 -0.00106456076889572 0.00220199872313927 0.354184860931999
0.00751813167952067 -0.00539917305148248 0.0038002171969749 0.224846865683656
0.00926956760481923 -0.00333338344670497 -0.027532098953612 0.145990467226392
0.0013024143379772 -0.00575529940054507 -0.113864507377554 0.120434866989228
0.0043005386096455 -0.0026515681417676 -0.145501020283289 0.169078152151237
-0.0190834236897777 -0.0203360855280625 -0.171201332653375 0.378206250903214
-0.139324482595986 0.10268526866076 -0.510444773450396 0.00969486657223778
-0.146855704723371 0.130387625067893 -0.389610856207119 0.0209050403181925
-0.16473136142314 0.0760167192016581 -0.255672314375446 -0.0797563653619926
-0.173740056418561 0.026979678914161 -0.102564489177231 -0.195571692638309
-0.181993495372757 -0.0694390594879468 0.0475864771759108 -0.212390804542845
-0.136707834060932 -0.154102722555528 0.183511668763568 -0.0294453334785755
-0.0960644213273648 -0.196539555333041 0.225023356699367 0.251490315830191
-0.0346416034078872 -0.204911463741539 0.11978571413629 0.453468373359393
-0.0162564857512619 -0.185437569059988 0.0498527537904324 0.467345012044837
-0.000871616388642886 -0.140040844446957 0.0165052056700477 0.356472315788308
-0.0294955419279312 -0.103970239902347 0.0221225936848045 0.231446069003543
-0.0609051721672998 -0.0901063828108229 -0.017586060182616 0.164054172057831
-0.0902727822708087 -0.0665351062879241 -0.107518263408515 0.143603073331835
-0.137103157910318 -0.0224235007611767 -0.127434160778105 0.185314841618864
-0.166089637984348 0.0197085962334628 -0.136418891707423 0.383198250649121
-0.24220075805348 0.182851819232377 -0.460622392010527 -0.0495041296008792
-0.272538654344754 0.203257163360721 -0.349506858676106 -0.0427837780170372
-0.308446427068973 0.130234815060592 -0.230698517135261 -0.12052920434285
-0.334985411037264 0.042914781161371 -0.109692086850527 -0.22700511920779
-0.335581859006227 -0.115320496488489 0.0141610894363053 -0.241383188392272
-0.253565714127861 -0.265623893506853 0.129035673771318 -0.0851352394983766
-0.17472721338022 -0.350335618494501 0.176390179763292 0.156133263169957
-0.0794662702957022 -0.366959218812142 0.0946145910049867 0.334887160818037
-0.0519007649888349 -0.344940305327152 0.0673341823871558 0.390005929443065
-0.0453824153405478 -0.284445001098621 0.0457864861920767 0.338324694388862
-0.111761939653697 -0.214591786694194 0.0520792140704381 0.243543516769276
-0.18223859150195 -0.17463591532176 0.00195356869671109 0.202296443637233
-0.217168025320884 -0.106342289167589 -0.0854902258031242 0.191042554813425
-0.284459528352734 -0.0155311790415682 -0.0782424942346921 0.221449161964406
-0.298249035729409 0.0719113127698201 -0.0507677573315581 0.380776150277017
-0.316779278375896 0.215386088447016 -0.364697324834313 -0.1422712142321
-0.371810893859563 0.212710062721269 -0.269273550595478 -0.137608267868692
-0.417727247259748 0.118755355029417 -0.172236636877831 -0.182229987823458
-0.445977456985453 0.00570951445529045 -0.0975151678941193 -0.268724185358227
-0.420199476278292 -0.181362050420908 -0.0196412578419449 -0.274796871857627
-0.302868797074679 -0.354243963472517 0.0562138397777579 -0.162703598028551
-0.202311932033238 -0.448029410601965 0.103094307974127 0.0198264478756247
-0.116180057941005 -0.471035051642924 0.0525248897311366 0.163725182051927
-0.107889143616209 -0.461947928832646 0.0639825245163694 0.26062881194389
-0.13714813152164 -0.402671046273801 0.0619247450616036 0.277590153006583
-0.248637636981867 -0.297006156877632 0.074324477706958 0.235347330739657
-0.350838990715325 -0.20703796328382 0.0373259285406472 0.240489049724647
-0.362787317946478 -0.0886622204191524 -0.0281716552959192 0.239557753206418
-0.407868368739981 0.0378323757217945 0.0134160038928652 0.249205232102548
-0.388810072875882 0.135810461325469 0.0785903877392612 0.355374716001455
-0.343928613018529 0.196682660345974 -0.230554545620171 -0.238154145336643
-0.41253573567298 0.162003206537531 -0.153881921051351 -0.221715352626727
-0.445161936217922 0.0471491141458432 -0.076845142709113 -0.230147873885515
-0.452148738467708 -0.0723194075599585 -0.0536488525644147 -0.296467209343452
-0.393803038826691 -0.242404227472648 -0.0319384860165964 -0.301987564053258
-0.266943877212265 -0.394878629600088 -0.000200761766216189 -0.250219807449552
-0.177672064952657 -0.475476742102929 0.035307226691491 -0.138054101722395
-0.132312430167157 -0.503997477214754 -0.000887795267087304 -0.0314876012530812
-0.167476506471809 -0.504030078554975 0.0233779843132073 0.0955861071876568
-0.239550101538948 -0.44331929221091 0.0284553285065313 0.181434996348063
-0.379950065521876 -0.297715676091687 0.0608914481086172 0.207831288674239
-0.483899352502951 -0.150477629658343 0.0772565235206574 0.259680915774728
-0.455435546009426 -0.012088667649735 0.0615117790178134 0.260387714830271
-0.463490066652076 0.121558420700002 0.139699299098584 0.240115887788502
-0.41596225736545 0.195976528876192 0.231361761775303 0.292215005629682
-0.317070549802419 0.14815015714275 -0.0811905257530906 -0.310896071672568
-0.373815569960282 0.0828377140433661 -0.0272192655197464 -0.26102982238833
-0.371685777911677 -0.0365827483289486 0.0278512965958162 -0.23143071771786
-0.351219973767146 -0.134768360502528 0.00681788119141433 -0.283407337027912
-0.276426056117507 -0.251575164893358 -0.0152032337361579 -0.303389278648469
-0.174471440401073 -0.359736179657918 -0.0170579637695529 -0.32225177010884
-0.122807254038988 -0.425224718495067 -0.00485857307289103 -0.288272866909543
-0.128611477499995 -0.460991053124139 -0.0548571204914736 -0.222527310527294
-0.201795902712424 -0.461190841275254 -0.0546241684468545 -0.0721801311309341
-0.295334734353352 -0.390742416467872 -0.0563307728672727 0.0857822524648372
-0.424942305205802 -0.220364721674999 0.00986012838409241 0.18698708142634
-0.498747047355707 -0.0501913850586679 0.101935749148517 0.257738586429574
-0.440798074426828 0.076974892428809 0.152602488648873 0.237734346716445
-0.424242418096727 0.189632767880476 0.265528013233277 0.185928080694237
-0.374947467196438 0.227540924152802 0.37633551307822 0.199746072306274
-0.24059910124306 0.0861796251002222 0.0572127992024384 -0.349844171229757
-0.270039919679133 0.0211956272641441 0.0723465768694253 -0.255382131754472
-0.237578758503369 -0.0743633357548305 0.100723057355889 -0.188086370599494
-0.204188275233527 -0.130139570806315 0.0486695573353445 -0.230887524081562
-0.142710348565596 -0.189413349939316 0.0117315681972369 -0.271688158527871
-0.0813642251379409 -0.255606423908888 0.00144851971258855 -0.357292032849917
-0.0651066304762362 -0.312711475750475 -0.0131139049875277 -0.405441426382421
-0.104111963758999 -0.34734156319644 -0.0991682257617857 -0.382021892198685
-0.185061273353731 -0.342821589149704 -0.149311599496758 -0.208595303080602
-0.265782009581079 -0.270662675652152 -0.159094241973484 0.0229586742593549
-0.351598485517674 -0.117722669983123 -0.0516424361100792 0.187818131126184
-0.387998881421712 0.0269557258356739 0.10439500171614 0.246055391216068
-0.331095496333744 0.114258271337835 0.218937840954615 0.1898574694741
-0.309099137311315 0.196180658372458 0.358943090285182 0.109271270158785
-0.27711026905041 0.204936723778093 0.484451478540112 0.0985143583031575
-0.125443906614486 0.0297621706914661 0.156902379453445 -0.362062329317621
-0.137090387200976 -0.00155282830686872 0.126394539309981 -0.231180558681423
-0.109427226844419 -0.0552428060023704 0.129036570799995 -0.140266269639276
-0.0908339333802517 -0.0719589986552333 0.0589592920921146 -0.177102755426089
-0.0581487454894547 -0.0912769583316246 0.0272864306903974 -0.227621104713905
-0.0297609914722157 -0.122797278382034 0.0254180510877958 -0.358171220031034
-0.0264536858803247 -0.159640996207889 -0.00737869526330872 -0.470765289651936
-0.0634668829181236 -0.178120684545856 -0.132583211129301 -0.48446245635737
-0.116909730141694 -0.172501326260728 -0.227246408521881 -0.289090332064671
-0.162027228353782 -0.127864924235003 -0.239761867088753 0.000323372611643362
-0.197279165475603 -0.0387662876136055 -0.0965882118111201 0.204293493133123
-0.214571583128461 0.0479168960489189 0.0938076775004796 0.23686231299662
-0.17769495277218 0.0845792181684834 0.252959041996846 0.142865137732712
-0.158379726252345 0.133355031354155 0.407614761391553 0.0442964896041392
-0.14384395890272 0.126805905980125 0.542031017820374 0.0251257591915809
-0.0218802319327327 -0.00770706209882635 -0.51361608426931 0.0152798605901337
-0.0133514186697489 0.020843657068206 -0.403474345731374 0.0320659672766819
-0.0123571421766984 -0.0137112356292084 -0.261908081048422 -0.0743289058730362
0.000375295362733464 -0.0174276416458826 -0.0936454178936525 -0.183410288655586
-0.00179259849362109 -0.0370183092042863 0.0649613868106628 -0.190228343061396
0.0116672253068974 -0.0336212332545535 0.200504462358009 0.00482813083042315
0.0106438562140119 -0.0167366954475827 0.230829475090074 0.295359511103945
0.0176551945209561 -0.0132385572380886 0.1221467854971 0.501837587248931
0.00701011291538859 -0.00992085781373359 0.0313846442416871 0.493092560543022
0.0104542934337883 -0.00101139121307414 0.000584120303326515 0.35555879953355
0.00789359234360065 -0.00583354231428492 0.00351919023228539 0.224671163566757
0.00891610038788226 -0.00318361014080653 -0.027878404809754 0.145879768233582
0.000862172350305371 -0.00569057276251683 -0.11380690255266 0.120342352906284
0.00427420413721757 -0.0023317321033934 -0.145596583892067 0.167871567867449
-0.019255605229064 -0.0205980692815854 -0.171242225373537 0.376206779060081
-0.139703614737673 0.101981527257937 -0.510394647048475 0.0084760280482504
-0.147504974680973 0.130637062475799 -0.39135901839368 0.0203547263518199
-0.165550541324938 0.0754032920575526 -0.256433626184643 -0.0807922273152457
-0.174524419792233 0.0264588070441823 -0.102732360176317 -0.195936974928321
-0.181696960654409 -0.0709196844819661 0.048136059463219 -0.21181762194214
-0.136451900777322 -0.155071988530942 0.184250859847366 -0.0285524107082858
-0.0953409952803513 -0.197106696664163 0.223743341063609 0.253073950961739
-0.0339687698419087 -0.205417055784656 0.117675437713274 0.456116159002162
-0.0151563198720495 -0.18537114866533 0.0471335323646934 0.468438144598165
-0.000283525047132558 -0.14051576931116 0.0147010876952354 0.357167006464267
-0.0288380916942165 -0.104080068523819 0.0210370065724763 0.231829332056451
-0.0605375230179344 -0.0905919373699661 -0.0171826608503281 0.163853733217043
-0.0900801258336545 -0.0669652323401642 -0.107152597586308 0.1433748978341
-0.13674062532504 -0.0235748199183365 -0.127986016547967 0.184169253239142
-0.166861458567581 0.0195493879355785 -0.138298328003709 0.382034079966798
-0.243197830472838 0.181827127709257 -0.460974888779823 -0.0500029098759121
-0.273262905595203 0.202939008367612 -0.3505077186207 -0.043825723335659
-0.309742115956714 0.12908245283343 -0.230943750044347 -0.121099713990205
-0.336444656648446 0.0414947476734631 -0.109523579484113 -0.227968863488254
-0.336201167793872 -0.116206130804191 0.0153560741436726 -0.241130685173336
-0.253504500038157 -0.267907514323102 0.129295948940312 -0.0849473317436391
-0.174247164851036 -0.350718899548905 0.175774134041121 0.156836374694498
-0.0780824915593021 -0.367922695270358 0.0938611835947536 0.33568332760949
-0.0509001959337251 -0.345908616251156 0.0646919675720302 0.390778039592676
-0.043615986671662 -0.28608871923505 0.0441518513701898 0.339895737630476
-0.110053146769291 -0.214866991752956 0.0511403220981676 0.243831391053499
-0.181732279622165 -0.175112888417563 0.00192506166759448 0.202171696116986
-0.217161006161641 -0.107650645764612 -0.084830732643601 0.191299937624071
-0.284435977267048 -0.0166729210667466 -0.078924157310237 0.220285093726311
-0.299360872597934 0.0708808206450983 -0.0512452443176543 0.380952443110304
-0.317115849148859 0.213786252961179 -0.36420809405042 -0.142758213728244
-0.373039870553522 0.21108108973683 -0.269963505557808 -0.137922353246474
-0.418196500689804 0.118104925333189 -0.172598958966612 -0.182899474410066
-0.446023506404844 0.00343952238699106 -0.0974827152072991 -0.269096652866826
-0.419692343075712 -0.184268093142693 -0.0181872044820759 -0.275508285502083
-0.301961638403399 -0.35866189263863 0.0572024777201045 -0.16286215643315
-0.201237023615045 -0.450052259593647 0.102993541421363 0.0199084720312721
-0.113148655096283 -0.471936535695586 0.0520679282421968 0.164948273990741
-0.106578545792365 -0.46230702604151 0.0637730939718232 0.261054057078535
-0.134797434657663 -0.405632541372699 0.0607185305654733 0.278808193351418
-0.246378032158964 -0.299349822900589 0.0729205600699471 0.235891695145608
-0.349395444436382 -0.208176342360506 0.0373122959889456 0.240919063222473
-0.362554193441172 -0.0910467088618357 -0.0277227057963536 0.240413415548471
-0.40893533445842 0.0357992874995424 0.0124552161879605 0.249300698002967
-0.389598814191266 0.134252147354509 0.078426092166005 0.3540934851213
-0.344858812605394 0.196627620822271 -0.229675321826856 -0.237488463843472
-0.41307881401346 0.161606610828034 -0.153222955367066 -0.220889523993595
-0.44494939529623 0.0445534048363596 -0.0771306813031827 -0.230596863364568
-0.452547009522752 -0.0747212191322749 -0.0539289584396391 -0.297014939412106
-0.392031898966271 -0.246311014041454 -0.0301622262831503 -0.302498358470897
-0.265283838516957 -0.398371659898323 0.000876890948842827 -0.250710568265234
-0.175914084373028 -0.475991686116257 0.0356992583762529 -0.138836358510013
-0.129615034158994 -0.504424309922183 -0.00031490715784883 -0.0311633729396158
-0.165215758729767 -0.505064265089904 0.0235029057017092 0.0959706526821688
-0.237625234731145 -0.445641235743895 0.0278191413893049 0.182195277895811
-0.379122927764004 -0.300314409991388 0.0597418176498541 0.208608419673314
-0.485093268796048 -0.153188404317758 0.0771983945435424 0.260372065519243
-0.455270214168419 -0.013819100965448 0.0612526051467667 0.261215910280747
-0.464290628912365 0.119582096719439 0.139320159509584 0.241320385176449
-0.418010165972071 0.195061683965566 0.230781644877722 0.292969353870234
-0.319358031319674 0.147453439848151 -0.0802346368677554 -0.31029585212164
-0.375093796513937 0.0804472595414758 -0.027440676039968 -0.260621282069513
-0.371792834474131 -0.0377300833035858 0.0277632992712415 -0.231011395314224
-0.351026527691726 -0.136731240714553 0.00740317090616012 -0.283134480124315
-0.274952003113466 -0.253701914116703 -0.0138473092226302 -0.304240249658669
-0.172683761623495 -0.361234144381778 -0.0146533864086866 -0.322721597707553
-0.119668957859044 -0.427004985229892 -0.00359149398561312 -0.288902424734374
-0.126030073293268 -0.461430923726607 -0.0532328669896105 -0.222701215099819
-0.198564649881058 -0.462176297708632 -0.0540980216016392 -0.0733118580758327
-0.293682625750335 -0.393093921743154 -0.0561180333306866 0.0859396196810496
-0.424149024699773 -0.223202375756457 0.00863594874759944 0.187730018939133
-0.498263980052528 -0.0533627995128436 0.101648772417186 0.258739174574214
-0.442180384822977 0.0747024738667882 0.153338811027904 0.238552050637092
-0.426433283412749 0.188519783574057 0.265320321165554 0.1871220740079
-0.377751557114495 0.226214292031295 0.376111375828701 0.200092587345454
-0.241273090138285 0.0855223019903694 0.0581318361949054 -0.349042185566791
-0.269903193838501 0.020891458227789 0.0722934253345437 -0.254386237789347
-0.237073408600034 -0.0753990767137213 0.101565887198345 -0.187274872176728
-0.203535789023233 -0.131083723748568 0.049655982676346 -0.230754704026578
-0.141495867674606 -0.19019706989233 0.0135066084806952 -0.272317326785014
-0.0800112518547771 -0.257167167132098 0.00316075627730413 -0.358549323588463
-0.0633919855181042 -0.313866182630638 -0.0126934810994194 -0.406073218673405
-0.102425294011665 -0.348245985721207 -0.098497277252398 -0.383777092944969
-0.184196369614691 -0.343703022042118 -0.148011327468928 -0.210267661281419
-0.26482601235862 -0.27269488739546 -0.159053753937503 0.0225389063867892
-0.35019146862812 -0.119634698855072 -0.0521447508582058 0.187802435653066
-0.389020493306225 0.0264563156313101 0.104591980141435 0.246638723074714
-0.332002589222454 0.113064613120481 0.220482566373027 0.190876762495892
-0.310512119476792 0.19559014086089 0.360041258584591 0.110058146214634
-0.279032024321093 0.203602143561511 0.485078616599908 0.0988884822207575
-0.125856846961924 0.0293957484086764 0.158990865959977 -0.359906839882395
-0.137363820721157 -0.00236393499567113 0.12616990512187 -0.230085616402609
-0.108731696709423 -0.0562367703770665 0.129101556063628 -0.139481487855785
-0.0904614265817372 -0.0716850144800637 0.0588562277743262 -0.177084629147542
-0.0574430367437999 -0.091851017793048 0.0282503271372043 -0.227951993366533
-0.0287221849819634 -0.123889580892575 0.0263349594272319 -0.35870442465542
-0.0249654765425771 -0.160025550396445 -0.00572257657488437 -0.471715324790859
-0.0631684230059893 -0.177991854361658 -0.128738689805699 -0.485007096197332
-0.116536876526925 -0.172709213050377 -0.225715386694739 -0.29073829099642
-0.161738358164459 -0.129203163447785 -0.239606695217687 -0.00115350763651128
-0.1977761632698 -0.0398532031034117 -0.0968001891653698 0.205093204575211
-0.215080741390202 0.0475336970742436 0.0936183714675549 0.23752789263069
-0.178542984677854 0.0838776767524805 0.253913752919671 0.144504608354488
-0.159047184515549 0.132750604788641 0.408208622843834 0.0442398002339472
-0.144673207257466 0.125961830489632 0.541817042077187 0.025372449579455
-0.0217598267847642 -0.00789560566225351 -0.515440923351836 0.015105204164356
-0.0128083715063594 0.0207685475440518 -0.406049855315958 0.031712302323985
-0.0126291119918925 -0.0136305625343265 -0.263474409861629 -0.0743310411831722
0.000326772514177836 -0.0173777834428082 -0.0946248735700805 -0.184603229207583
-0.00132680418880653 -0.0365883776976953 0.0657745315591949 -0.189795997276155
0.0111298670840454 -0.0333813197744148 0.200723067385669 0.00627612552855303
0.0106102549498452 -0.0165879191983006 0.22967455716373 0.297221998612488
0.0173130764037241 -0.0131883937151086 0.119746746186366 0.503897253906406
0.00696504387348097 -0.0100636387249408 0.0303093323972282 0.494610597979751
0.0110044720322448 -0.00159819019440165 -0.000708335190314661 0.356488931277226
0.00722423342267296 -0.00571327499842955 0.00307607061638365 0.225273396602204
0.00853795852973691 -0.00331661606927338 -0.0275896416035273 0.145919937207443
0.000722890008000751 -0.00573878670724095 -0.113782826182393 0.11996082449126
0.00440864073114124 -0.00306112823779747 -0.145850096899789 0.167251375965083
-0.0185567568792038 -0.0203769206470793 -0.172925556470843 0.375698109553954
-0.140816438047205 0.10134430448201 -0.511917557006782 0.00620126753118112
-0.147419864133834 0.13039167712437 -0.392988703161312 0.0195552687470968
-0.166534423720602 0.0750672076232921 -0.257916269180838 -0.0801855444524408
-0.174966696308694 0.0253875953077457 -0.102709462465756 -0.196383800288511
-0.18274667709715 -0.0718498931426039 0.0488683270789341 -0.212436191623443
-0.136736852713384 -0.15613426799546 0.184333593011996 -0.0276929653308252
-0.0941131559776066 -0.198475893598682 0.222678539743264 0.253951249337491
-0.0330915615534515 -0.20640407049812 0.11802611077939 0.456335778237452
-0.014633106836217 -0.186264978561151 0.0452603097593976 0.469726360405122
0.000432452931718022 -0.141528264686245 0.0138648565229207 0.358574477450434
-0.0278968507676323 -0.104146835162816 0.020282846454287 0.232221898635083
-0.0600271249446031 -0.0909212686726291 -0.0178656758497085 0.164374448610306
-0.090125929444435 -0.0675671998248844 -0.107414698906893 0.144159931866878
-0.136645985300909 -0.0245272614641971 -0.127977608989786 0.183976725357342
-0.167089858810575 0.0188909824642005 -0.13852742974595 0.382058730179027
-0.245313350514543 0.181511748944827 -0.462701504083434 -0.0505767551564488
-0.2749087943955 0.203043106848117 -0.351671055894056 -0.0443430205886674
-0.311893137490241 0.128679306030818 -0.231837194192675 -0.121125576540606
-0.337324698086727 0.0400197067115123 -0.1095599089667 -0.228197536545093
-0.337733410522658 -0.118614611483436 0.0157592071851718 -0.241332032639989
-0.253221349980407 -0.270804439278259 0.129571290741081 -0.0844679963902065
-0.172555103687187 -0.353104263109531 0.174954120922084 0.158002303739314
-0.0775973412132533 -0.369505203670691 0.0926662986749766 0.337762738717924
-0.0499174201925328 -0.346890698932341 0.063476658652075 0.39176845544742
-0.0421802290539533 -0.287096489328003 0.042857951669556 0.341613746551268
-0.108644154779847 -0.216210150786431 0.0500232502168945 0.246028661814787
-0.181740391934828 -0.176396546772345 0.00163108331409024 0.203404126185569
-0.217658216635803 -0.109501305618672 -0.084729650371293 0.191585573808585
-0.285373847301477 -0.0187144017769698 -0.0798199087887135 0.220432228239039
-0.299943632723604 0.0700355336690388 -0.0529613471090116 0.380539374673481
-0.319812258641825 0.213220232492761 -0.365800536321746 -0.142998553861195
-0.375381760930505 0.211484442483936 -0.271193205129527 -0.137776800710184
-0.42088919919806 0.11647307745214 -0.172938176772999 -0.184030426050703
-0.448111581733139 0.00122685673562919 -0.0970736961091628 -0.269879365049679
-0.420515165482275 -0.187101281973133 -0.0172395495939039 -0.276824188159839
-0.301112470043738 -0.36077076799366 0.057655730164559 -0.163423703712159
-0.198697420581568 -0.451849811045437 0.102853790239523 0.0204864644672321
-0.113012568534524 -0.474112888636085 0.0519595745909878 0.166130612979404
-0.105164242071107 -0.463915290877017 0.0628788898895946 0.261755185894129
-0.132974656262654 -0.407201519115518 0.0600409221542222 0.280811006205352
-0.2457524057322 -0.300648115643454 0.0723071113742523 0.237364917574585
-0.350572390413117 -0.210547894252783 0.0369812535439471 0.242032979232451
-0.363297637186143 -0.0918967866796618 -0.0276550526962292 0.241646356010706
-0.411243959675842 0.0335717208507762 0.0123978634397748 0.249855981205348
-0.391680578920375 0.134404118230834 0.0781950775905209 0.354622012681842
-0.347525093077329 0.196093381279943 -0.229649171724053 -0.237176186888698
-0.415174535886412 0.159883567228595 -0.153700279402226 -0.222279420715458
-0.448633058474918 0.043443848851396 -0.0770903688281347 -0.231008516222375
-0.453325465371574 -0.0767584836451278 -0.0526758714342776 -0.298545937632263
-0.392800645160558 -0.248421142612202 -0.0294929225498573 -0.304060040680207
-0.264815735284934 -0.400751628654807 0.00188741460213856 -0.252151044531692
-0.173574915572325 -0.478848789312725 0.0363869573527339 -0.139077439841355
-0.128360240209246 -0.507133736000045 0.000229574701489444 -0.0303110933208504
-0.163589281087677 -0.50785353238163 0.0233628455455793 0.0960174976042616
-0.237060743844544 -0.449946931830758 0.0274984647390491 0.183985479515683
-0.378702752268487 -0.30185052760916 0.0590144353151062 0.209876767079249
-0.484815786999168 -0.155017942552764 0.0766354777550985 0.260955271302262
-0.457290439281688 -0.0157214727091744 0.0628070359602632 0.262297527203863
-0.467807619927053 0.118906785995849 0.1388086555627 0.242072092173766
-0.420903804069711 0.194143560178203 0.23106663569926 0.292996409871171
-0.320832169931932 0.147097807619044 -0.0790500108651174 -0.309470404375829
-0.376795262746729 0.0805066952185037 -0.0272840554902854 -0.259796753611908
-0.372412017889805 -0.0396423855469646 0.0288085961305919 -0.231177100883173
-0.351770933359439 -0.138166627370747 0.00795754585516024 -0.284217590927339
-0.275117031289603 -0.255824238258797 -0.0127066314426154 -0.30528193639385
-0.171678634702978 -0.364028979248295 -0.0136610436296919 -0.324662376907632
-0.117764324370398 -0.429194098765927 -0.00198870047379061 -0.29084728490263
-0.125030264334249 -0.463914667796042 -0.0525306087917612 -0.223341949755189
-0.199052992114838 -0.464909037574014 -0.0536761433584292 -0.0737904080586124
-0.292158940655395 -0.3962789306916 -0.0561719048573358 0.0865892522540425
-0.423504504235088 -0.226213135758456 0.00811319312595584 0.189336754600818
-0.500184031695871 -0.0537176051056444 0.101693211999487 0.259045821741481
-0.443969048374824 0.0724185091549878 0.154274576651008 0.241009043538828
-0.427257136647734 0.188424591342168 0.26630286193864 0.187886713877817
-0.379388187322975 0.22559234810407 0.376711563029566 0.20057950119409
-0.241947970687668 0.0851649789157726 0.0597636997852499 -0.348104942666637
-0.270625695381318 0.0199305470999428 0.0724258664630143 -0.253917994662357
-0.237199033208387 -0.0764741142919432 0.101973722213902 -0.187278721816112
-0.203257310740017 -0.132109601764954 0.0499737774254542 -0.231253199129446
-0.140834957651053 -0.191251779106428 0.0139088002697457 -0.272896871810194
-0.0783667790340001 -0.259264899956568 0.00395309152886366 -0.360492516685032
-0.0614929225632249 -0.315368581458617 -0.0100773775027965 -0.407511915771481
-0.101743673683581 -0.348820263085366 -0.0966442266781316 -0.382966241724195
-0.183333172285187 -0.344565016608941 -0.147009669194632 -0.211874025552995
-0.264141226362591 -0.274707894619914 -0.158742463977945 0.0224421353634817
-0.350885145706146 -0.121894663434344 -0.0530923872741202 0.189136942325162
-0.390583088792226 0.0253605372851316 0.104997531766985 0.247220388987007
-0.333515585338939 0.112136006264692 0.221927423625598 0.192676639651574
-0.313048177218261 0.194805265060829 0.361297882883673 0.111596796747228
-0.280682093019515 0.20395819941714 0.486329434881593 0.0998161618337355
-0.125985844524182 0.0287341434000176 0.161260499160442 -0.360773506754025
-0.1377260522299 -0.00215306133944442 0.126615609263266 -0.229275323157821
-0.108880571716389 -0.0565648831010489 0.129474691078324 -0.139162459223269
-0.089717959914975 -0.0725788356134437 0.0589666933510636 -0.177967335078253
-0.0570390557362715 -0.0923329608983245 0.028977388638881 -0.228113399981382
-0.0281946129797076 -0.125004154707416 0.0287414020452107 -0.36065286302754
-0.023892452875777 -0.160865283196349 -0.00308812393663144 -0.472839696324032
-0.0622967385537032 -0.178788706480008 -0.127250637471885 -0.488345817293769
-0.115896174746731 -0.173984694735244 -0.224842448571307 -0.293701550514298
-0.162048834892967 -0.130490961598917 -0.239074910971492 -0.00176748598889825
-0.197903555292233 -0.0412445116093569 -0.097398983944161 0.205654792014597
-0.2157744573874 0.0472393678208281 0.0938791453210123 0.238772674273082
-0.179501283955982 0.0842475922553988 0.255744533014052 0.145338438308312
-0.161012417556732 0.13305643981937 0.411093502405939 0.0448297862521044
-0.145794579753113 0.1266128151402 0.543862366991543 0.025624921014846
-0.0220499749751812 -0.00808575862690359 -0.519929937557812 0.014294117576979
-0.0127055517422218 0.0212790889558117 -0.408722615781587 0.0312538465677191
-0.0130402919498569 -0.0138379425163719 -0.265214875096065 -0.0749141005537773
0.000254408783474431 -0.0178406325345368 -0.0946611367584238 -0.185578002542989
-0.00151879866075132 -0.0368394063180088 0.0660912378716564 -0.190206442412626
0.0112297170863972 -0.0332254895263079 0.201429453635345 0.00705475947713296
0.0108788815334925 -0.0164428515526303 0.228916381620146 0.298938103870849
0.0178071714151045 -0.0135894799696055 0.119379900985293 0.508079375818628
0.00724069211794963 -0.00978052284339184 0.0285538440146413 0.49746876777574
0.0105174688152386 -0.00179432917952649 -0.00215123960290732 0.358427485789162
0.00726336077838622 -0.00580435003233507 0.00255360741208355 0.226117084121261
0.00907032536025553 -0.00343241323864278 -0.0276935748780183 0.146775419520261
0.000391728605362995 -0.00598200160190737 -0.113692518002288 0.120830672703971
0.00440612072406663 -0.00282785784147659 -0.145941043514466 0.167103598606908
-0.018765599183171 -0.0206469015910545 -0.1739900164495 0.376552276967212
-0.141854223650415 0.101441554341903 -0.514589208606348 0.00720487209043728
-0.14877302883696 0.130872274276716 -0.396202709444487 0.0200114233960212
-0.168092144445156 0.0749162115224053 -0.25944615805123 -0.0815832150708655
-0.176236033611976 0.0245014449296059 -0.103020414103669 -0.197417810890156
-0.183186046973314 -0.0727171832251548 0.0498583600417682 -0.212346665910004
-0.137547829203824 -0.157890791714445 0.184774552948349 -0.0270334366131286
-0.0946951527867531 -0.200008260534516 0.221934138845081 0.255891695069357
-0.0325670407811322 -0.207817893584498 0.116409608336446 0.460620428364173
-0.0141426443436264 -0.187312477033409 0.0438286883168606 0.472635552956368
0.00155793522687721 -0.142376055068383 0.011929015003566 0.361343644709811
-0.0275717077460055 -0.105090228386394 0.0193097776376 0.233555794610401
-0.0603107225464774 -0.0913783125420154 -0.0174957630662939 0.165574316608043
-0.0909632160718121 -0.0683853799602636 -0.107251554197082 0.144230729984508
-0.13763207361888 -0.0245405065279181 -0.128385748366909 0.183369668500896
-0.167951593365617 0.019371885367116 -0.139998350046207 0.382309694125942
-0.246880759469481 0.181698702364516 -0.465844038454078 -0.0500039637392009
-0.27700698632902 0.203618076372687 -0.354235075539642 -0.0442023667253347
-0.314040157895625 0.128127136723878 -0.233756058575222 -0.122661639564164
-0.339802896506631 0.0390838765481068 -0.110156145233144 -0.229569593311171
-0.338388671293396 -0.11972292531687 0.0171315157102344 -0.242509089822561
-0.254214875190111 -0.272780540037737 0.130084231713017 -0.0848640716865727
-0.173168140750498 -0.355797223767869 0.174572198489511 0.158822062017212
-0.0768591692458749 -0.371649580989442 0.0917830003481378 0.340275723276637
-0.0482238891297012 -0.349106956765137 0.0626187901954502 0.394734297449256
-0.0415469311067547 -0.289146629663032 0.0419357595150527 0.343872904943395
-0.108496480787538 -0.216825583265959 0.049392662589527 0.246384834146948
-0.181636998648777 -0.177274577738126 0.0026173442905897 0.204767009982279
-0.218175042181145 -0.11037516709005 -0.0842971072998144 0.19275143303873
-0.286630607455195 -0.0187762693446366 -0.0797640424549465 0.220282819481784
-0.302637033102945 0.0696649873462986 -0.0525951477367416 0.381698680749742
-0.322205760594415 0.213729947872484 -0.367221953351955 -0.143670750145972
-0.378403445746914 0.213513555537422 -0.272818272119082 -0.138102025487426
-0.423433608804795 0.116341740646042 -0.17339470919194 -0.185047343655473
-0.44995607607484 0.000153179837870148 -0.0975483050651227 -0.270987243505402
-0.422009270478127 -0.190515660264672 -0.0168181848163624 -0.277783822771571
-0.301511761668134 -0.363743281239717 0.0584708581303707 -0.164347596818544
-0.198268368876691 -0.455680319326777 0.103071599668748 0.0208346987302655
-0.111493623638613 -0.476028562918364 0.0518552249265382 0.167579912675001
-0.103597545318101 -0.465583088331874 0.0627270322609452 0.263341561935217
-0.131591450829037 -0.410765755028712 0.0592365202321297 0.283011150856404
-0.244405039169623 -0.303425363800165 0.071243710510205 0.239213982015585
-0.351590953949051 -0.211031367723071 0.0376170790809069 0.243226120469851
-0.365413046653017 -0.0946421203926657 -0.0269673776756608 0.243241846138436
-0.413468711201466 0.0338411493374435 0.0121575418360988 0.25065676080416
-0.394939242974956 0.133802398098828 0.078476536888186 0.355492098245643
-0.34945994239992 0.196500937083433 -0.230187528964882 -0.237861389549413
-0.418205791290925 0.160207144982066 -0.155041276099042 -0.221969224480673
-0.450026185027699 0.0427251099205666 -0.0772812664942849 -0.232128954817562
-0.456254403068546 -0.0784450331584627 -0.0532073584253673 -0.299534661589617
-0.393628953751635 -0.251283908454635 -0.028585693106192 -0.305497556766356
-0.264035316244649 -0.403944674563905 0.00237528905386652 -0.253678142972398
-0.171972975706683 -0.481980915695572 0.0366823768842221 -0.139955574707499
-0.126650883018018 -0.509704454203709 0.000843335283310173 -0.0299405475208387
-0.162825084135477 -0.510677589914835 0.0234850281975251 0.0960978156211865
-0.234968040692549 -0.452957951211756 0.0272841936889074 0.185021510476599
-0.378469433997257 -0.30523966142391 0.058480592075178 0.211176968078528
-0.486880758097921 -0.157600742386396 0.0775826872732063 0.262413780812732
-0.459362732272351 -0.0174165550453682 0.0630867230196349 0.26481406074367
-0.470269473526233 0.118090110897525 0.139365786810745 0.243014987829431
-0.423768551254494 0.194354486741804 0.23155202936917 0.29383443103497
-0.322643526422824 0.14725771828899 -0.0784741489779133 -0.310453646782714
-0.378386695632316 0.0803788381403196 -0.0280378412179687 -0.260160071432973
-0.374664305941214 -0.0408258338856545 0.0285728694464873 -0.231813585319686
-0.352451704748621 -0.139920307802007 0.00808896119472443 -0.284938071403968
-0.273395529797472 -0.257851566194771 -0.0119492725477335 -0.306916877546649
-0.169945880076056 -0.367633718680225 -0.0129925147418388 -0.32649133674388
-0.116045217125886 -0.431978615455812 -0.00171812605994409 -0.292573417832732
-0.123411105647057 -0.466404208195023 -0.0514777983406653 -0.223848958739938
-0.197544026200243 -0.467942427843945 -0.0527547437938515 -0.0744028741884056
-0.292047907253643 -0.401299004020826 -0.0564797280997036 0.087190222290451
-0.423892451757366 -0.22685709709698 0.00785055529346113 0.190642593834729
-0.502313167723108 -0.0555236871605402 0.102348082655547 0.261012818953398
-0.447300048578431 0.0715342329578421 0.155595381782411 0.242799825861321
-0.430945406991543 0.187675450988638 0.267704707293123 0.189441549912329
-0.38278746890494 0.225603045204622 0.378917881982689 0.201796249861389
-0.243304297061173 0.0848671878086811 0.0615686609710788 -0.347879176051804
-0.271809176084587 0.0199554964455872 0.0731498745296773 -0.253503462401301
-0.238129860081209 -0.0772760682034682 0.102056803854809 -0.187223948515949
-0.203463928954675 -0.133390148972488 0.0501797476065485 -0.232643249921277
-0.140537111744655 -0.193007600728875 0.0150514669535545 -0.274569868608373
-0.0776978704443791 -0.260990918936747 0.00575679824873496 -0.362857962553748
-0.0601031109067682 -0.317438015014716 -0.00999948081015031 -0.410684791739992
-0.100546006379886 -0.351068741377485 -0.0960275181438502 -0.38639121890831
-0.182273158083569 -0.347256990997262 -0.146046329980509 -0.213681644304141
-0.264594630349149 -0.277252732843923 -0.158863035699154 0.0216607474798274
-0.352228222645299 -0.124438289960335 -0.0532493098689532 0.190402653844836
-0.392970115913172 0.0248059000202701 0.105482402719741 0.248699363342534
-0.336254586389356 0.112002919409586 0.223683342294388 0.194748758086615
-0.314600497747305 0.195838388387077 0.363154357332742 0.111885932841304
-0.282133068352416 0.20450673532234 0.489042261976501 0.100804739020776
-0.126962667801053 0.0290478620834492 0.163195773033609 -0.35996935215387
-0.138585413387967 -0.00248150984692919 0.127102448605851 -0.22874293881902
-0.109077182296565 -0.0571725413081602 0.129877371703593 -0.139254781755179
-0.0897999993928615 -0.0726720853862816 0.0593847035523167 -0.178166688890664
-0.0563306211163151 -0.0931953204026037 0.0299676383081121 -0.229807913787609
-0.0277442876032449 -0.126091525939176 0.0292652180224641 -0.362651562346229
-0.0235490528737308 -0.162003837021105 -0.00229167165763786 -0.475963627835272
-0.0621414027545303 -0.179169923845876 -0.126207720703333 -0.490774760733468
-0.115903649897178 -0.174103954776637 -0.223514465303352 -0.296075985237901
-0.162224887817392 -0.131585281520037 -0.239812746053286 -0.00221489306257616
-0.198642522215242 -0.0421979646481154 -0.0977773936183604 0.206647929119456
-0.216829454716162 0.0472621287279555 0.0937914710449364 0.240216994135389
-0.180437854539288 0.0837893469006546 0.257173651959547 0.146976455141682
-0.161619460190512 0.132849546450815 0.413407609884926 0.0454076096811288
-0.146827371157781 0.127109764165328 0.54683184793935 0.0253427051710553
-0.0224244234023517 -0.00853986305548718 -0.522523112724691 0.0137758090425541
-0.0124999914906775 0.0213433255519014 -0.412979988054032 0.0314813532037951
-0.0131829285229762 -0.0138023656337578 -0.267701014069408 -0.0744872427345364
0.000488702860923568 -0.0182607351571758 -0.0954860200578273 -0.186032479719638
-0.00170602116369161 -0.0372000563302964 0.0674812628344797 -0.190342034601132
0.0105551088125158 -0.0335018074643649 0.202421782772369 0.00796143949608782
0.0110567728304314 -0.0169932813191019 0.229503439290566 0.302164277218936
0.0175294809934007 -0.0136068786781779 0.120069704150666 0.511861954235317
0.00721281185138992 -0.0102048963062907 0.0283102178424453 0.499866604157853
0.0109136013421199 -0.00229334542464548 -0.00391390133902414 0.361673718251648
0.00713385462609706 -0.00593538178063264 0.00193439025871353 0.227645718630801
0.00827072376404481 -0.00337331426534501 -0.0277137674873003 0.14792761927971
-0.000111008596224546 -0.00580321087936861 -0.113817546450979 0.120922703192633
0.00468694871054545 -0.00271876475198366 -0.146853734910363 0.167422041061895
-0.0191144349666264 -0.0208427083470107 -0.175188931971776 0.378043908461862
-0.143245235030305 0.101572902209534 -0.519531949484933 0.00773185978444944
-0.149805603071163 0.131627973752097 -0.399433000749952 0.0197987391309928
-0.170096932412712 0.0758694858199252 -0.262358695817672 -0.0817558900437273
-0.17733596101723 0.0238944110549943 -0.103873095868354 -0.1983030437034
-0.184312328289141 -0.0742210270955637 0.0504648915457943 -0.213303124016154
-0.138765295442774 -0.159627096954466 0.185897548274723 -0.026374040167522
-0.0950103193391025 -0.201977133247017 0.221653314995121 0.258842823593511
-0.0319110863281211 -0.209564739599676 0.116102688257827 0.463905397536804
-0.0131833577839258 -0.188633518385246 0.0419162908001701 0.47611621204695
0.00163001103770863 -0.14356579783642 0.0110106377775866 0.364101941069463
-0.026536301676565 -0.105586166271413 0.0192218215280421 0.235098903605881
-0.0612178304131391 -0.091707058388616 -0.017337370992978 0.166348444790501
-0.0915981647836328 -0.0692044154072714 -0.107312863232245 0.144801526279249
-0.138214505855359 -0.0251597719417197 -0.129547288759671 0.183930822197706
-0.169256788871861 0.0189084688247746 -0.14108838635066 0.384368935911809
-0.249019027974582 0.182302483354047 -0.467666025110079 -0.0502810310423014
-0.27918629689651 0.20455438538279 -0.357014520778798 -0.0450399487910382
-0.316536284550312 0.128861367069918 -0.23574721995149 -0.12303592765876
-0.341888630697126 0.0388672366151087 -0.110793932135463 -0.230690237841425
-0.341686656284341 -0.123492596194537 0.0172679498585965 -0.244390700578888
-0.255037886837467 -0.275614958068295 0.131032411044165 -0.0853861079143594
-0.172125447995617 -0.35810438232917 0.175309346864834 0.160770125845444
-0.0760603859594739 -0.374266947002459 0.0919002746779974 0.343100276004251
-0.048439882496986 -0.350833483272342 0.061927022303073 0.39735850535338
-0.0409821015441798 -0.29141830205545 0.0413121681493932 0.347049989870409
-0.10755608750719 -0.219044221258864 0.048775409916413 0.248436406844051
-0.182784836745445 -0.179273676520936 0.0026475245661175 0.205447997539525
-0.220230097144067 -0.11192750125329 -0.0845141040997964 0.193654863601599
-0.288467743774752 -0.0195830345124055 -0.0805146010417517 0.220706112063544
-0.304456560533346 0.0698257633655054 -0.052885279446404 0.38190286589251
-0.324806493753703 0.214616936521421 -0.368749739585533 -0.142435845261878
-0.380735760079966 0.213961428754876 -0.274760718101273 -0.139112512364733
-0.425895715316345 0.115886194954061 -0.175463697449712 -0.185734866941871
-0.453198840229341 -0.00178662500711554 -0.0983286614311598 -0.273048172916597
-0.42470857328452 -0.193326405970838 -0.0164936434635547 -0.280035175670391
-0.30331960904684 -0.368457908541421 0.0584518264957771 -0.165650447757456
-0.199182216181637 -0.459913804204689 0.103006311072383 0.02083673180224
-0.10908720649287 -0.479566505484378 0.051972383732666 0.169294245597526
-0.102250723366404 -0.470392717165971 0.0622180027657873 0.264990791412084
-0.130743581543735 -0.414399884847229 0.0586758308139963 0.285559509371404
-0.244660613451034 -0.30560284455554 0.0709923948203475 0.241696435876574
-0.353170976251399 -0.213331830417944 0.0381807743417828 0.245110796502441
-0.367861293629589 -0.0963620106524738 -0.0260605477916826 0.245098066281578
-0.416356883007883 0.0339402955823912 0.0123822576036934 0.251672401490513
-0.397797308288287 0.134532560509248 0.0788281031691716 0.357220295659988
-0.352054051071519 0.196848580356828 -0.230323671761617 -0.237869773965932
-0.420595142940693 0.161332216930798 -0.155375200704677 -0.222801571930908
-0.453493503655566 0.0419021901971833 -0.0771650277367114 -0.233711362821673
-0.459154385767085 -0.0799275983967497 -0.0535222975135599 -0.301367854579929
-0.396361269052312 -0.254654663008176 -0.0278889160306461 -0.307631795736272
-0.265358142678969 -0.409379061882193 0.00244067797177301 -0.255740787759567
-0.171413502911617 -0.484580477232048 0.0367667271304528 -0.14141973349288
-0.125760062966548 -0.512793879385745 0.00119115047879198 -0.0304400797772334
-0.162012767224628 -0.515157498326109 0.0238707131367448 0.0970637248502075
-0.235356525049477 -0.458343455310317 0.027160844352467 0.187209569647329
-0.37977751130067 -0.3103936165797 0.0578959875457599 0.21397120002803
-0.490238766703403 -0.159584938097613 0.078503399299251 0.264210957166577
-0.463663704789516 -0.019662381661508 0.0639942593730442 0.2667829549564
-0.473283142292201 0.118334113103191 0.13994229593542 0.243781694227181
-0.426415994532809 0.194630863755307 0.232947151021899 0.294391989459016
-0.324986600820515 0.148375231039669 -0.0784204778356295 -0.310696262261028
-0.380891641742543 0.0805306238388661 -0.0274957622987047 -0.260995817023499
-0.377040520739251 -0.0428663391217274 0.0290947825920856 -0.232720950576376
-0.353284338173899 -0.141330608195861 0.00792263273877549 -0.28766307043403
-0.275405496984165 -0.260924224970408 -0.0107397659249248 -0.30916556043106
-0.170619978002213 -0.371075933336536 -0.0124249219479684 -0.329991748959408
-0.11508910269816 -0.434807471437165 -0.0011474994497324 -0.29495628255735
-0.123593588352683 -0.468861617491133 -0.0507346468116838 -0.225580446579135
-0.198122068517404 -0.470331408318227 -0.052178999547508 -0.075821800713786
-0.293959462441458 -0.404187687908845 -0.0565353882281743 0.087724198411851
-0.42550572912587 -0.23196589826503 0.00680936064702313 0.192821502206259
-0.506053145433035 -0.0557098367493997 0.10284375920536 0.262432669823985
-0.451146165814007 0.0707099068938535 0.158212920183071 0.245463662937121
-0.433909636248537 0.188188742181034 0.269023418709387 0.190368067963923
-0.386771428635383 0.225500145557444 0.380646074029495 0.201568770774025
-0.244880231544154 0.0850898746361194 0.0622035956441758 -0.349422918429103
-0.273653935695898 0.020004712499279 0.073745611992727 -0.253501293937058
-0.239322862621627 -0.078690440090515 0.102793541495984 -0.188184264197237
-0.203765635621282 -0.134650093040366 0.0503953158097879 -0.233303789833003
-0.140106359498079 -0.194905426964332 0.015381636476588 -0.276516528028388
-0.077043436066385 -0.264172597811757 0.00690624231762135 -0.365748406084333
-0.059209236275394 -0.319486018892505 -0.00801672854486875 -0.413612922362181
-0.100313299716967 -0.352491162135606 -0.094097130427658 -0.388868110294662
-0.181955765335315 -0.349922715710841 -0.146122842770823 -0.216081493351964
-0.265654414829997 -0.281265029243038 -0.158950024790733 0.0220022985409217
-0.354521628144654 -0.127711210460507 -0.0537461329155582 0.192097677610711
-0.396133925357021 0.0247301893297514 0.106682072927574 0.250666970592446
-0.339138979559334 0.111949469283712 0.225854235797364 0.196385208558623
-0.317592623288506 0.19694346233108 0.365588619708021 0.112488348175812
-0.285272146587757 0.205629435019689 0.492227183399013 0.099791885548145
-0.127871523739369 0.0291016113867656 0.164488835205994 -0.3603855699662
-0.139423161896646 -0.00265289161651583 0.127956169478996 -0.228860103146045
-0.109394330125806 -0.0576656374934675 0.130389641176792 -0.139396207578408
-0.0897846231737328 -0.0731475429043378 0.0588877322497315 -0.17932008600109
-0.0563435681817976 -0.0940891851507638 0.0305917883452722 -0.231371714881884
-0.0275763894687159 -0.127876069243444 0.0302551377269538 -0.3654588928146
-0.0223476249671364 -0.16310655221743 -0.000832334535069175 -0.480661468260944
-0.0616340255382839 -0.180388607504162 -0.124297072317888 -0.495644706825844
-0.116170438006443 -0.175687661142456 -0.223045710611429 -0.299085488663076
-0.162875765422943 -0.13282682330912 -0.240879744687664 -0.00285725053928215
-0.199312008111953 -0.0426429893160479 -0.0980437313938876 0.208080915305006
-0.218150433388308 0.0477385311701851 0.0956074401818028 0.241834902503647
-0.182328197115513 0.0840165847819133 0.259693479974873 0.148544610614098
-0.163527636684759 0.134013737159394 0.416329621289801 0.0457928328518425
-0.147888970333478 0.127462349034141 0.549830834191304 0.024463799564928
-0.022514288079919 -0.00891601964806214 -0.527935914311349 0.0148956428246969
-0.0114939312547969 0.0214694810976138 -0.416220258071141 0.0321201713591569
-0.0137379945716353 -0.0140493391891124 -0.270641767994084 -0.0751887946499002
0.000510081107943659 -0.0185107873463312 -0.0966573301215758 -0.187234707758021
-0.00201495370945379 -0.0370605997760643 0.0679884686317433 -0.191419682094083
0.010768804657204 -0.0331150080589242 0.203590006109781 0.00802851963532068
0.0109424576532325 -0.0165781191902469 0.229665086656626 0.304692106079323
0.0173646210465272 -0.0141677542034206 0.118374122636899 0.516238713992111
0.00708721757401069 -0.0104260104169599 0.0276667772815745 0.505343752255515
0.011020036641235 -0.0026622964069757 -0.00474334299683313 0.364809090999258
0.00721604383037155 -0.00580920401830286 0.00249347043274994 0.22886910397261
0.008214954407583 -0.00361164584373801 -0.0273497388389744 0.148905331715482
-0.00014321788490912 -0.00606385266936153 -0.114027984090988 0.121817522377276
0.00502882979664064 -0.00290417617823219 -0.14735601360375 0.167991309583961
-0.0188222117001945 -0.0204249411415089 -0.177016270239756 0.379479009402629
-0.144330269714972 0.102243360119422 -0.522853602766096 0.00919136802769905
-0.150435638323773 0.13276806978207 -0.403502179330863 0.0211176786085767
-0.171236626496498 0.076043598755628 -0.264861986671728 -0.0820171528794894
-0.179078468733197 0.0245637988054275 -0.10531241608193 -0.199864870640481
-0.185912638821309 -0.0744627811353961 0.0507383439035193 -0.214800876575829
-0.139969393158564 -0.16119081892367 0.187133410704507 -0.0269742266649115
-0.0953687637607081 -0.203807508803747 0.22298488416822 0.261022824486752
-0.0323261716853381 -0.21101198224766 0.117610410443316 0.468307006968601
-0.0132680943736988 -0.190504709273098 0.0422851177470477 0.479922624442351
0.00212715578140109 -0.145080124379987 0.0105361431466791 0.367004532273701
-0.0269618128454648 -0.106298202613376 0.018901880989396 0.236370947082754
-0.0613434149914143 -0.0925678789182208 -0.0167941310454602 0.167654926871632
-0.0919057806206983 -0.0697517518640886 -0.107149679668446 0.145867267586318
-0.138908571684703 -0.0252774973317728 -0.12988469062885 0.184270022627548
-0.170802413655969 0.0188707825646946 -0.141731119194493 0.386733389404132
-0.251085287130347 0.18390072262091 -0.471222957289692 -0.0479494500477489
-0.281016506296478 0.206890571433769 -0.360943400103695 -0.0436543872708006
-0.319809855299609 0.129455189624956 -0.238560821698191 -0.123620349204861
-0.344750687946583 0.0381014062621281 -0.112159514473955 -0.232223527513154
-0.344321853905139 -0.124439976768142 0.0174451582913557 -0.246090226256031
-0.257870413549172 -0.277879646723117 0.131298956704733 -0.08571992609596
-0.173245208534853 -0.361588948942369 0.175311150895807 0.161677101877121
-0.0762855879133917 -0.377207103262371 0.0927768335039909 0.34636667729658
-0.047648415777201 -0.353528883511442 0.0618066736779993 0.399860137905027
-0.0402304032798991 -0.294576171815242 0.0409797476390213 0.34993295251985
-0.107956414730786 -0.220235557704586 0.0492258454067142 0.250301138305582
-0.18386593373925 -0.179958598453998 0.00304273735862576 0.207321780704968
-0.221717932055644 -0.113500295689132 -0.0840965748976837 0.195796544650637
-0.289931422390581 -0.0199293282749033 -0.0811424574241815 0.221952671267062
-0.307007942758757 0.0704045472356366 -0.0522066529422783 0.383398128780222
-0.327249548302943 0.21653523392741 -0.371929699633442 -0.141858365665113
-0.383597938025922 0.21522015011507 -0.276882381762492 -0.139204271228606
-0.43096334534656 0.11671521259799 -0.176497077491457 -0.186961753151815
-0.457180514922089 -0.00164351833343023 -0.098979698208618 -0.274700325064179
-0.427669334608343 -0.194806291323997 -0.0163985696215168 -0.282249476290992
-0.306357407205647 -0.372837070176091 0.0589193581305235 -0.166915528342478
-0.199179022342256 -0.463744391656829 0.103399715965841 0.020224236586094
-0.110179298901628 -0.484555364973802 0.0526087018734748 0.170867291550305
-0.102490142364533 -0.473541031938953 0.0622099328017406 0.267260111814502
-0.131881747761512 -0.418441676921626 0.0592520282205835 0.288721234119625
-0.245993303598657 -0.307905355268237 0.0709844244923499 0.242841582587977
-0.355995085930666 -0.215641058082746 0.0392904023573597 0.246636643507092
-0.370635043916642 -0.0976367190495975 -0.0253394597865141 0.24729129987293
-0.419098653834198 0.0330048639917633 0.0121950125821298 0.253091712131112
-0.401014801313151 0.134507036629761 0.0796936265924783 0.358516269554163
-0.354442907087427 0.197711894911008 -0.232307861512791 -0.238069810393157
-0.424117087853801 0.162501497546151 -0.157314683987245 -0.223101012655036
-0.456312819517592 0.0427892960162902 -0.078295511662817 -0.235378541692497
-0.462733211468134 -0.0819185960913995 -0.0544184127401829 -0.303738226647051
-0.398028826894392 -0.257344566200445 -0.0285755617000221 -0.310528204356388
-0.266898947046229 -0.413582859542938 0.00266822707660607 -0.25869045492988
-0.170815053657468 -0.489604399015451 0.0370554729024959 -0.142502613277986
-0.126087494760221 -0.517865100064588 0.00155513847646467 -0.0300340962570145
-0.163413138643603 -0.519056784383426 0.0241891400564611 0.0973874165713536
-0.236250295919275 -0.462616133024304 0.0278840575398029 0.188883646887938
-0.381455133346609 -0.312051179791966 0.0581687049692724 0.216078816706154
-0.494022796856321 -0.159021292693432 0.0796485203617446 0.266263033403674
-0.467733536191328 -0.0199604227072914 0.0661727738944112 0.270178579353838
-0.477705746024688 0.119166576007427 0.141926606660099 0.245596003138612
-0.430536275011701 0.196757678551068 0.235727981654247 0.295744385705286
-0.326994686021833 0.148528323273548 -0.0786484094863907 -0.311809742205737
-0.383842804686632 0.0819421697255499 -0.0281133196181687 -0.261711543886223
-0.37907887331161 -0.042532932341872 0.0291650864375159 -0.233758694320767
-0.356120646998686 -0.143523938735542 0.00800255429085963 -0.289290134940049
-0.277339284562157 -0.262852443924218 -0.0111313263282745 -0.312128450427553
-0.171014233907106 -0.37516690805781 -0.0125224073062979 -0.333189690840935
-0.115379122160393 -0.438608602843219 -0.000985856917067971 -0.297464439300989
-0.123004780300197 -0.472224895359361 -0.0501967150159083 -0.226688466132881
-0.19821170930085 -0.474822768619386 -0.0519574552545079 -0.0762580772415321
-0.296218785177379 -0.408610555812807 -0.0560560494722036 0.0888279907027831
-0.428598405948205 -0.233835340664686 0.00699567255162709 0.194645377987959
-0.510979778109005 -0.0557584998331382 0.104563147855325 0.264747187997253
-0.454169538156817 0.0714211066840088 0.160900640878597 0.247472959456455
-0.438451521081394 0.191213821090334 0.271882323296933 0.191415800337323
-0.38976475116129 0.227456869891797 0.382818498938807 0.202331116121078
-0.246365143512729 0.0861812759058884 0.0636806718579287 -0.349996869051072
-0.275305733030004 0.0199755547210961 0.0730965315414697 -0.254968051948243
-0.240909335974711 -0.0795314002043689 0.103128249114832 -0.188854756755921
-0.204855034647233 -0.136188062506994 0.0499136837960065 -0.235167573813276
-0.140555210137999 -0.196984247604106 0.0159504880551031 -0.278794806615692
-0.0770458456325525 -0.266816344986121 0.00632740264905068 -0.369414179985921
-0.0584660239604288 -0.322351867351746 -0.007236544989818 -0.416772455000189
-0.10038002357451 -0.354872571288239 -0.0934128090274586 -0.392001082479554
-0.184322859041591 -0.351801283826328 -0.1461034698223 -0.218519663048999
-0.268674876863484 -0.284092261521782 -0.160323019779541 0.021844228753893
-0.356947900046222 -0.129156304278768 -0.0538159833080233 0.194514625830815
-0.399315579281095 0.0248035483982661 0.108063313228327 0.251980841450053
-0.342231323550352 0.112466757150475 0.229564624639632 0.198834675653073
-0.320043292294685 0.197974688306901 0.369626744910836 0.112746916989268
-0.288026775642695 0.207075927451186 0.496683426758011 0.100682713620755
-0.128529848374826 0.0295488509106082 0.166521605684219 -0.362569638629017
-0.140385215849791 -0.00234444120114501 0.127875411232006 -0.229286753154922
-0.110168599317237 -0.0581768549897997 0.130934234600464 -0.139973374719005
-0.089996708285432 -0.0739548584453904 0.0591439166902326 -0.180397767903101
-0.0559915977406574 -0.0949968881211895 0.0305733486177745 -0.233035180632504
-0.0270031556231909 -0.129437024510868 0.0304000953424116 -0.368810103236614
-0.0220063496907321 -0.164644283635651 0.000722300377900857 -0.484937779424
-0.061773519652955 -0.181290711971714 -0.124201883687673 -0.499326817966942
-0.116691079770445 -0.177007314919335 -0.224249459539784 -0.303017508144416
-0.164143933099804 -0.134369695881626 -0.241658073882312 -0.00347158880144799
-0.200742747439116 -0.0434727211380362 -0.0983374562562554 0.209470910780414
-0.219633796721068 0.0483970943099734 0.0961611692733255 0.243612409043218
-0.183746473830921 0.0853615414346207 0.263664686123556 0.149153444001814
-0.165129273592893 0.135060237442693 0.420429411225049 0.0447132348680055
-0.149144201262559 0.128652182283715 0.5538193213724 0.0235041209948645
-0.0229432845669086 -0.0091562136041621 -0.533284915796095 0.0166265105397672
-0.0111693968106913 0.021593498821321 -0.421256595960683 0.0342529924136545
-0.0143521536296522 -0.0138758549200929 -0.274383226960161 -0.074118038487785
0.000708696530939583 -0.0188412839149762 -0.0986795046086121 -0.188265610086485
-0.00199255824030156 -0.0374499307407066 0.0688277672815086 -0.192975799720794
0.0105977753444539 -0.0331106794135198 0.205371146779057 0.00847547595904776
0.0108282790614645 -0.0171330411888879 0.230993327233838 0.307636230874627
0.0178974675161472 -0.0146940111121512 0.120332451318173 0.521560326303439
0.0069669969024707 -0.0105917068817545 0.0271641742205429 0.510344369705067
0.0107896674735596 -0.00301800854286469 -0.00388848618969719 0.367941439988486
0.00705708568491746 -0.00596301004321889 0.00250105752136655 0.231002780802132
0.00748203695778928 -0.00364670727018851 -0.0265411587082535 0.150371226964823
-0.000327072471270078 -0.00554997709606052 -0.113722230165508 0.122858967429389
0.00478752786594776 -0.00326196710198084 -0.147602794339963 0.168502077234615
-0.0196146100007126 -0.0202546407223258 -0.176761592108846 0.381233753680603
-0.14594650038231 0.102951245836405 -0.529002520244483 0.0121231345048299
-0.151117582790201 0.134353844255192 -0.407992639378917 0.0231611062826556
-0.172985267413424 0.077032632501782 -0.268257586107958 -0.0811252104608428
-0.180577196453668 0.0242793492308863 -0.107057461605005 -0.201302226534019
-0.188187226784954 -0.0750631757828846 0.051288643711477 -0.216474605605723
-0.141864526435251 -0.162551254460654 0.188264605018766 -0.0269132608816512
-0.0963243279422599 -0.205110630718376 0.224430256698687 0.262942525387403
-0.0326635033754598 -0.212983483599741 0.117559285355828 0.473105140882351
-0.0132892096246326 -0.191933839483168 0.0433358988784697 0.484173187911357
0.00238332020490958 -0.146680383254872 0.0109896250330668 0.370768237522908
-0.026863162704308 -0.107074146105922 0.0194404363620113 0.238400322678773
-0.0616766511135781 -0.093085911471262 -0.0161462888073966 0.169394103617523
-0.0929818337427928 -0.0700000926968614 -0.107081210464909 0.147165865350029
-0.140248426372192 -0.0255756717859417 -0.130148785913432 0.185921060983918
-0.172117747341727 0.0193975175804071 -0.141171400345632 0.388245947569093
-0.253546392602836 0.185724952061698 -0.476434648157049 -0.0466553467140427
-0.283377669582794 0.209120182039058 -0.363632356072552 -0.04263025265778
-0.323325761507803 0.131650433481339 -0.241225272155612 -0.12406213407298
-0.348125897281627 0.038787827712054 -0.113686937763063 -0.233790045109684
-0.346888797823486 -0.125001601828396 0.017289129363182 -0.247934093856485
-0.260638358777849 -0.281326455598278 0.132811178461303 -0.0867891406766146
-0.174953553025299 -0.365327264251284 0.17692171139929 0.163305551492703
-0.0767653014368152 -0.380456494447823 0.0942908946155399 0.349618159102212
-0.0486401817139074 -0.356706612493657 0.0630255351163884 0.403168574616206
-0.0403693540378067 -0.297574589317376 0.0423207351266105 0.354076949512046
-0.107883934012984 -0.22285347969203 0.0493069807345325 0.252515093528319
-0.185990117239271 -0.18112032803426 0.00424336938568548 0.209185280196763
-0.223319647892736 -0.114230940803466 -0.0831773091407832 0.197199751906311
-0.292831104763166 -0.0193990031605126 -0.0806835845894252 0.222742217608904
-0.309776127209449 0.0718214174670074 -0.0525486253843032 0.386398739849441
-0.330750779550509 0.218675764716055 -0.374420752355583 -0.141556523448263
-0.386872363519008 0.218356459366731 -0.280374748681138 -0.138043366975328
-0.43416739958296 0.118524933210265 -0.179466399538878 -0.188565369434262
-0.461654950891591 -0.00082626134027466 -0.101281283039459 -0.277047529228431
-0.431049001734067 -0.197169911736497 -0.0173670817872625 -0.285217080291453
-0.308577639815437 -0.376185177320443 0.0588094427655321 -0.169145992307916
-0.200447665832883 -0.468533855310425 0.103637938068779 0.0206642870263374
-0.11063690689566 -0.487357381281884 0.0533475208235092 0.172951531315505
-0.10302536493966 -0.478320806523049 0.0637491816446921 0.269361590985168
-0.132640729188125 -0.422682049044275 0.0602123436667773 0.29242122078572
-0.246250582927536 -0.311076097479314 0.0718190923515732 0.245803333763014
-0.35956338761413 -0.215902384846048 0.0406473902145917 0.248710104632257
-0.375207498485756 -0.097730932836925 -0.0241296670553776 0.249702100925907
-0.423568280898769 0.0342865483386562 0.013205354629081 0.25465372969535
-0.404521319907109 0.136872871471227 0.0811013944725889 0.35988746905952
-0.358179480724587 0.200326485932623 -0.234283611653408 -0.238044653688084
-0.42886172902359 0.165119440272321 -0.159230154773144 -0.223744092636735
-0.46214241298299 0.0425228070567792 -0.0795965697999071 -0.236693324812745
-0.467789887564118 -0.0825810390634436 -0.0555542053142112 -0.306804909145727
-0.401498515098333 -0.258688815917031 -0.0290680567393165 -0.313592865934152
-0.26853417166724 -0.417039113007842 0.00267780482514376 -0.260876139583115
-0.172841027658575 -0.495482311103437 0.0368354350862369 -0.144079937813971
-0.127986322925051 -0.521339597190007 0.00253654234189724 -0.0302422447344137
-0.16428721751741 -0.523222024703888 0.0251684921801963 0.0972685742505627
-0.239863256191168 -0.466636869287527 0.0290876186478013 0.191099695495885
-0.38440958671942 -0.314610045128118 0.0588712371070791 0.218679802893715
-0.499171729925668 -0.161158019940695 0.0815873676392349 0.268652838459197
-0.472825362563139 -0.0184167614413559 0.0684040062630621 0.27192373785509
-0.481869380839052 0.12153511070131 0.143546857694072 0.247368170575837
-0.433757390876554 0.198866626694611 0.238926032932204 0.296868845498501
-0.329890187722686 0.150453319721092 -0.079104223476481 -0.312529355759887
-0.387118181751294 0.0832775191337384 -0.0289243693095775 -0.262853106736536
-0.383209956594102 -0.0425960153760576 0.028491571763221 -0.235729838799002
-0.358835338621527 -0.143207022847891 0.00672901176705526 -0.29128478753967
-0.279202535350819 -0.267131589555049 -0.0116021685425444 -0.315334581057441
-0.17110179368844 -0.379181173487149 -0.0132836384429607 -0.336229931843457
-0.116237724655133 -0.44256782985412 -0.00113770214890089 -0.300325831569794
-0.124778451227806 -0.476544743915314 -0.0499106289186252 -0.228785845217863
-0.200767848322416 -0.47920093567369 -0.0522669989956891 -0.0776143038917508
-0.298809055035804 -0.411821308647036 -0.0561605995583612 0.0900247635612665
-0.432226369951485 -0.236204116038238 0.0076692025883345 0.197156837628858
-0.515877141324413 -0.0559135480816646 0.107614476413791 0.266783569710835
-0.458453552337337 0.07266813497586 0.163795364131837 0.249515382391859
-0.442513545065229 0.192615427136166 0.274690129547804 0.192828230284378
-0.39324594559584 0.231564414414549 0.387328934445184 0.202557557126143
-0.248429311357531 0.0873513292184556 0.063904391794423 -0.352692349397086
-0.277617051753417 0.0202641516384151 0.0729539709926472 -0.255999637261396
-0.242597798625043 -0.0793491861158177 0.102989042179207 -0.190739180959204
-0.206926595815476 -0.136595825998174 0.0497934650563074 -0.237071541126524
-0.140889163082805 -0.199149635311509 0.015299855094346 -0.281672895830738
-0.0777444773696107 -0.270576532462161 0.00593362941840689 -0.37284011088253
-0.0586943498682663 -0.325961437658434 -0.00956529883135549 -0.421698503748191
-0.10103664420439 -0.358071202449502 -0.0949714565077011 -0.39403709075651
-0.185398879006119 -0.355480121781769 -0.14696994766313 -0.220651862329595
-0.270233118249209 -0.286412760223907 -0.160677603010143 0.0225063361635038
-0.35988087627167 -0.131072619490519 -0.0540827950666427 0.196724321618796
-0.402503250760442 0.0264958135767015 0.110199016189079 0.254448177821779
-0.345339788322175 0.114600171931566 0.232781856872028 0.2000381117285
-0.32334074165188 0.200795374786494 0.373592451730856 0.112772725093161
-0.289416534482883 0.209823672174487 0.500994219806442 0.0975370218244094
-0.129649265785782 0.03022087186713 0.167133305515412 -0.363929405869951
-0.141301424092897 -0.00178357780477882 0.128156630734679 -0.22968203397985
-0.110721842972044 -0.0587652829913649 0.13099817528172 -0.141397454003989
-0.0906951640318798 -0.0744137753193561 0.0586532357499163 -0.182023569374564
-0.0561325227457445 -0.0956118089629232 0.0302945492933731 -0.235908416445833
-0.0271255283975026 -0.131170826491229 0.0299695546332153 -0.373293347678073
-0.021447781782706 -0.166248596956272 -0.000401445684085184 -0.48902579042999
-0.0624632624102431 -0.182616458445902 -0.125221038280511 -0.502340719612176
-0.117658329887521 -0.178662222926996 -0.226212637496678 -0.305966178810859
-0.165698400639794 -0.13533218298089 -0.243281555702596 -0.00314888962014127
-0.202766936765617 -0.0437611668723885 -0.0985388976811963 0.212056023999907
-0.220916107560489 0.0496641951999755 0.0985518634539708 0.245746560941413
-0.185088801528571 0.0856742764070668 0.267299866091757 0.149897037102752
-0.166126712845123 0.137021842260911 0.424462901941634 0.0439434673833662
-0.15038493977851 0.13011079012023 0.559232367007542 0.02296038339189
-0.0234599877256795 -0.00925423570169737 -0.539920101270344 0.0201785542276152
-0.0108428747313608 0.022092431492066 -0.426485944174379 0.0373134691762804
-0.0146849563729465 -0.0137140323157584 -0.277672604087872 -0.0729482594325275
0.000665697191672225 -0.0190004846819065 -0.100682874078022 -0.189425484476281
-0.0022136293062244 -0.037761636064153 0.0692295059346132 -0.194279667861205
0.0103503375313269 -0.0332914585390442 0.206348900537823 0.0082637266073622
0.0110790878347515 -0.0172521356600051 0.233092528436835 0.31036950378243
0.0176459063836506 -0.0146968485883616 0.122987418121468 0.526881620015226
0.00730222880970319 -0.0109853850875914 0.028192201550574 0.514717761749576
0.0108343186082545 -0.00324250468050791 -0.00351141322417749 0.372139152555057
0.0071447546119412 -0.00599359810108795 0.00298927265763583 0.232712333284314
0.0079197472464523 -0.00341053886621964 -0.0259110501100891 0.151500495058044
-0.000928641985553168 -0.00616256176994085 -0.113596778162857 0.123982614410169
0.00517870403890995 -0.00371342860685115 -0.14765980684683 0.169845791203831
-0.0195221853928362 -0.0201481676158359 -0.175579632743416 0.384691617563701
-0.146927826092176 0.103779505140629 -0.533744607593952 0.0138596113611857
-0.152120758742563 0.136326479915886 -0.413015312459722 0.0249935016184059
-0.175160724793632 0.0781107533897981 -0.271685776361695 -0.080647962602143
-0.18267312190115 0.0249766018212569 -0.109800658458775 -0.201886164374442
-0.190922058467542 -0.0750328784020753 0.0509106694529925 -0.218024366668689
-0.143845780230409 -0.16345004898901 0.189256677514386 -0.0279685315077967
-0.0974697303932873 -0.206822355677868 0.22654884889604 0.264880193898136
-0.0333973646862279 -0.214648049613094 0.120243335229814 0.477245193886117
-0.0134561251355812 -0.193468856805949 0.0442789953591887 0.48804606619561
0.00161004532987635 -0.148555642115906 0.011854505233617 0.374532173563106
-0.0274024016992809 -0.107816966173001 0.0197725449880347 0.240050715752805
-0.0626549914134887 -0.0934635870575611 -0.015125909821566 0.170344054230222
-0.0946245208208372 -0.0705177862566354 -0.106044442972576 0.149000208375157
-0.14177089381402 -0.0253054001699444 -0.129650200530983 0.187127690067037
-0.173610599283917 0.0205867236877551 -0.14038170994582 0.391038919278727
-0.255679074595263 0.188198866244044 -0.480870441234366 -0.0440048185713294
-0.285126882007208 0.212871247265659 -0.368612258201573 -0.0405948703651473
-0.326222384839496 0.134127500377561 -0.24469569743289 -0.124195061042912
-0.351484608944782 0.040324458525237 -0.116474073771798 -0.235637901334881
-0.351872965016614 -0.125839239667669 0.016644108149688 -0.250629937688351
-0.265109108253059 -0.283262682468087 0.13289300819422 -0.0877695395103534
-0.176823660341218 -0.367916589494035 0.178480417660325 0.164061514161696
-0.0780873374863203 -0.383586347820815 0.095728846649327 0.353554299075934
-0.049199040326186 -0.359823173637589 0.0641922517975997 0.407148092802365
-0.0415727102520349 -0.300330946741185 0.0441553302628713 0.357420626245745
-0.109258922905755 -0.22415507242635 0.0506342571548703 0.254420920016286
-0.188104550521959 -0.182121236805747 0.00559569918252202 0.211371496758831
-0.226804828067307 -0.114621706278813 -0.081811040360704 0.199786475111088
-0.295697087822045 -0.0183842963805476 -0.0805472854423094 0.224856234730594
-0.312267819516311 0.0735600704379315 -0.0503502194688986 0.389081864668714
-0.332083855242976 0.221638076753932 -0.378536936421713 -0.140662676142332
-0.389514312326402 0.222393197657322 -0.283884035977403 -0.137759155536787
-0.438833633779275 0.121524672666782 -0.182074464345002 -0.189206698077011
-0.4651052687398 0.000367010735502842 -0.103613008709874 -0.278893822477481
-0.437668297008642 -0.197520228107443 -0.0182949124418275 -0.28790464454964
-0.31364113315811 -0.380243194117478 0.0585485268038355 -0.171155954191347
-0.20373581608019 -0.472280838716212 0.103992796482131 0.0204802397111906
-0.113813990380653 -0.493930100826864 0.0545175909226359 0.174452381050689
-0.106204998137693 -0.481774949990016 0.0649060127895518 0.271687040806896
-0.134940738844555 -0.42630669685533 0.0623575122268555 0.295285944583379
-0.249092993314634 -0.313620718783915 0.0729353796705127 0.248660360249164
-0.363666606693794 -0.216942755610251 0.0430690900969334 0.251143497621875
-0.379366653319278 -0.0976038321189362 -0.0218656030469883 0.252834314814729
-0.427177970286694 0.0365726627323327 0.014474307978007 0.256846655920701
-0.408917886517447 0.140444540332334 0.0844940573205894 0.361883415603005
-0.360853391210097 0.202957102838734 -0.237338173263789 -0.238178329276775
-0.431222570575881 0.169586102643305 -0.162121769808485 -0.224044245599972
-0.465521187789018 0.046062873465584 -0.08178018175903 -0.238660282086017
-0.471900460579122 -0.0813283682240977 -0.0576261636611123 -0.308633942067041
-0.405052620986064 -0.262671102977432 -0.0299847967721415 -0.31686879335586
-0.272212353854002 -0.421680579456737 0.00178516395827136 -0.264203346173865
-0.175684418979417 -0.499164420104617 0.0366405515100556 -0.145696466315017
-0.129589992518089 -0.526531885100269 0.00267440320479816 -0.0303066009171551
-0.167072050333236 -0.527904368018653 0.0260762089414411 0.0984717600139107
-0.242915744484721 -0.470234845201506 0.0303090089881252 0.193308254933078
-0.388568276001207 -0.318197526370185 0.05988072453136 0.221307442720011
-0.505079716321874 -0.159798268044138 0.0845820246439564 0.2710938586884
-0.47733118186969 -0.0180702313082083 0.071981000635091 0.274515978191853
-0.486668163066883 0.124715929786451 0.145817475653922 0.248251281013699
-0.438032962334265 0.202556026061833 0.242155959950464 0.297191146320794
-0.332530905275875 0.154141585926868 -0.0804995226146847 -0.314292233544194
-0.390650376999297 0.0863729480020791 -0.0309733688432978 -0.264250442199605
-0.386536374733383 -0.0414920507761842 0.027677193254133 -0.238204479799375
-0.362635745236618 -0.1443230222441 0.00534755843866075 -0.294021597889245
-0.281672261585732 -0.267819209370236 -0.0129331071714341 -0.317728249812272
-0.175728816459055 -0.382619102743501 -0.0135907467613353 -0.340029203525856
-0.117797631968464 -0.447106638833785 -0.00304059667287098 -0.303649443646353
-0.127072062568413 -0.48103994308695 -0.0505519354464574 -0.231368083648654
-0.203995378206323 -0.483107438467193 -0.0523183842019998 -0.0786137804534804
-0.302217428960942 -0.416347286495098 -0.0556860153424747 0.0913589258943796
-0.43586175779521 -0.237512196197476 0.00821623780680363 0.199650218935154
-0.521081015565805 -0.0534699481030538 0.110061693342295 0.26830696519919
-0.464251671948802 0.0743544172852014 0.167791833717593 0.251933119851717
-0.445641691458202 0.195372188445811 0.277896708615146 0.192534351306644
-0.396089289605062 0.235409050320677 0.392945941519172 0.200642183322561
-0.2502362879437 0.0886865060705442 0.0632993027112552 -0.354032655950253
-0.280272934878714 0.0222313218473911 0.0716456362145362 -0.25723331997833
-0.245425856758564 -0.0791708144584683 0.103434727369064 -0.192463519470521
-0.208643341047015 -0.137075967525324 0.0483655068376139 -0.240034518916099
-0.142427496390106 -0.20014740030852 0.0149423959564658 -0.284938096062282
-0.0790730065375711 -0.273202703209356 0.00463821133213663 -0.377380191110315
-0.0597161116893352 -0.32927914212161 -0.0102481034159552 -0.425576350575468
-0.102586080327083 -0.360511373459336 -0.0954437851652529 -0.398860870697251
-0.187945492980012 -0.357608126353304 -0.148345724926372 -0.223186605792902
-0.273765740985856 -0.288516628086292 -0.161625259329778 0.0228500013548886
-0.363420570352085 -0.130743571611532 -0.0532120964213372 0.199217856041805
-0.406225819388131 0.0284033137683235 0.112836926843535 0.256143420629332
-0.348811157015666 0.116469928189999 0.237148901633569 0.20118376689279
-0.325773495418184 0.204193921144982 0.378159623948449 0.111637115106879
-0.291324705056986 0.213271361684371 0.505855637406509 0.0953728033702997
-0.130735675924776 0.0308528385486873 0.1677959240394 -0.367218670819312
-0.142469021619741 -0.00132064831911788 0.127064902144634 -0.231402699687503
-0.112608662392332 -0.0592221684015194 0.131105452550081 -0.142679778382295
-0.0910742258745906 -0.0743625213816173 0.0575055846683975 -0.183954725764209
-0.0567446676559205 -0.0969636030902776 0.0302114986407693 -0.238330112273667
-0.0280936211851002 -0.132860329152123 0.0290641668116521 -0.376844334969798
-0.0222739459950672 -0.168774923273167 -0.00156611571336025 -0.494004268407279
-0.0628412023062815 -0.184078096470666 -0.127140289415283 -0.508669675503884
-0.119111933093887 -0.179465512825314 -0.228258951661483 -0.309412113577678
-0.167423668186282 -0.136456094378143 -0.24502748351513 -0.00325240614454093
-0.204670681302326 -0.0441338421986748 -0.0977390743678741 0.214711430806871
-0.222986258619046 0.0508822766919212 0.100262176321581 0.247438503780162
-0.186979103754521 0.087711363695914 0.271674084339626 0.150599211811231
-0.168034423937138 0.138800887392521 0.429672858245341 0.0417865686690984
-0.151430105625145 0.132441273958188 0.564660644150298 0.0197036499826609
-0.0239325288300746 -0.00943399992305054 -0.545645921881613 0.0246826422076688
-0.0101083304327126 0.0222394091925545 -0.430888093785855 0.040827013317014
-0.0151958611647201 -0.0133541291831817 -0.281489779404462 -0.071390964786957
0.000510005982426977 -0.0194269355396242 -0.103369131022146 -0.190325765584005
-0.00271903086232837 -0.0380891183823623 0.0681639458982395 -0.196812607599439
0.00965271357286066 -0.0334859503843685 0.208190663569223 0.00725996934369211
0.011099649617653 -0.0169567730603009 0.2365840521098 0.312016579599138
0.0174317469677291 -0.0153190547292597 0.126889797687441 0.530775739331825
0.00700994408598911 -0.0111856398755742 0.0309582895356646 0.520453675606518
0.0110405371559055 -0.00380487505483179 -0.00238670807903027 0.377033664417893
0.00724835018503832 -0.00614680676685108 0.00448200036411916 0.234778020032128
0.00740538822853725 -0.00345358275220528 -0.0248898965589302 0.153337768728401
-0.00126953323023967 -0.00574295024580791 -0.113249576868086 0.125827840568934
0.0056338790216495 -0.00364846664357125 -0.146845546498909 0.171928283443005
-0.0202403761916369 -0.0201231934900359 -0.175263103118415 0.388631005972872
-0.148580808840725 0.105679774334309 -0.538684769719648 0.0196142314242897
-0.152235976007927 0.138590483280944 -0.417648662056155 0.0299340336892756
-0.176828984721794 0.0804096002866377 -0.275906037825763 -0.0793550209003227
-0.183943563084008 0.0259801134710827 -0.112259786250061 -0.203139514108533
-0.193130928256301 -0.0753365239443899 0.0506225263981012 -0.221000037806041
-0.146200712850533 -0.164688899552041 0.191017205121563 -0.0293638133284216
-0.0995843238175948 -0.209093739860636 0.229494174259851 0.26635203849586
-0.0348987740226567 -0.217418916270132 0.123964693363088 0.48266051568837
-0.0144514702625891 -0.194967196523168 0.0458855683214054 0.492896630792422
0.00125852650163313 -0.150330636371417 0.0139985970540757 0.378919454733494
-0.0278767234543112 -0.10882441129307 0.0216863832613744 0.242486176577253
-0.064288711321479 -0.0940415920164986 -0.0138478953120061 0.172510418269935
-0.0962112602068579 -0.0709737667614373 -0.10556817349447 0.151011446252421
-0.143110004082239 -0.0249027864610655 -0.129799126051123 0.188377859993658
-0.175089094232282 0.0219148963851779 -0.138556566598949 0.394726496112802
-0.257668679392195 0.190947589674716 -0.48556491718514 -0.0411252810432931
-0.285911425517885 0.216558142034105 -0.372557710330629 -0.0375164107896985
-0.329245022001239 0.137589609269558 -0.248615521156132 -0.124238914251505
-0.355498947419047 0.0422050078708934 -0.119283741769183 -0.236862497205674
-0.355360738618141 -0.124822766687904 0.0157229703113614 -0.252843882663236
-0.269481946849229 -0.285798142016565 0.133827021048772 -0.0900430649049589
-0.180854102649144 -0.370821038989417 0.179955304962259 0.165257350513469
-0.0814460006478998 -0.387031653399294 0.09919366944644 0.356261902377821
-0.0512483193710971 -0.363698436453753 0.0665502458248906 0.410475448075354
-0.0431245232012301 -0.303416939952348 0.0460320068616618 0.360902090185476
-0.110450156199399 -0.226122699566585 0.0519436310364286 0.256991330972126
-0.19043393310229 -0.182264704215871 0.00741218270452128 0.213104181862158
-0.229760029451704 -0.11466331541665 -0.0807597313087271 0.202393876013899
-0.299032772079844 -0.0171568732504728 -0.0795951442430483 0.226989339263324
-0.314786550908962 0.0763946247335822 -0.0491994574026721 0.392120339604885
-0.334913214874803 0.22567675366265 -0.38350656029495 -0.138030961213513
-0.392251363851111 0.226863972171052 -0.288203069928326 -0.136007042326684
-0.4431391713365 0.124966997578114 -0.18549331765732 -0.189551073593431
-0.470309090726568 0.00223694475871286 -0.106615331631664 -0.280993938537964
-0.442103358955392 -0.19780216834096 -0.0201683779950635 -0.290898894511053
-0.317726487702164 -0.383150157174663 0.0584938607834777 -0.173797653367321
-0.208321786839622 -0.476318617662652 0.105186518904285 0.0204325013581278
-0.116349480736129 -0.497376395579419 0.0562910573050074 0.176227205106905
-0.1088075052148 -0.486809266924681 0.0668716419947813 0.27357786227132
-0.137771834133533 -0.430160582059714 0.0639825646991176 0.298114758859984
-0.253214916928299 -0.315325236782954 0.0745966239539937 0.250664121918086
-0.368679209313831 -0.216944503792777 0.0452385713300456 0.253046990450102
-0.384015182756709 -0.0970365479412575 -0.0192858653322696 0.25471959697087
-0.431450913342217 0.0386735075092446 0.0157586517477094 0.258143769516986
-0.411119667041204 0.142761929417789 0.0873518631935374 0.363736656622981
-0.36360453132689 0.20869500241334 -0.24026142389579 -0.237280621245246
-0.433940095688727 0.173729945911396 -0.165091045508246 -0.224138922195974
-0.470739604616571 0.0489280081827353 -0.0840207311659565 -0.240581217446867
-0.476974338336674 -0.0797631385076685 -0.060637091439889 -0.311461776808533
-0.41131402996744 -0.263798416397491 -0.0319559837135751 -0.319997221915791
-0.277144696276906 -0.425507739142026 -0.000611673647691105 -0.267420188623726
-0.179208076131165 -0.503693464279822 0.0357703266900346 -0.147577697285744
-0.133198134044594 -0.529426365980669 0.00306316385284062 -0.030282997182479
-0.170476160150059 -0.531973794163514 0.0274085788383394 0.0990571940614383
-0.246773676943201 -0.476120721422442 0.0316619368064896 0.195606337011696
-0.392813359501326 -0.318919804868421 0.0615067214280801 0.224009193621723
-0.512188048856886 -0.159591832795155 0.0873944463054701 0.27314806712306
-0.482600833790417 -0.0153579493261663 0.0752418735623668 0.277174386755829
-0.490555993810835 0.127933015962606 0.148762449543748 0.249956299314302
-0.441826179639814 0.206714169140512 0.245963267371604 0.297504686158935
-0.334703810957992 0.156384627775556 -0.0830983074639241 -0.315468258746084
-0.394355527006243 0.0900557304330663 -0.0332150841782771 -0.26521704800341
-0.391654879803741 -0.0393567285225907 0.0262674451861531 -0.240087749858928
-0.366483117959935 -0.143817159957542 0.0029619726590033 -0.297039972145386
-0.286021179710496 -0.270985532971344 -0.0145634945938867 -0.322060290953664
-0.178888023593882 -0.387835714484142 -0.0164055889652564 -0.344141919381407
-0.121104793640819 -0.451633930178113 -0.0045555380572467 -0.306384776121738
-0.129771069259555 -0.483313424931802 -0.0517629241075303 -0.232754554323314
-0.207334211508965 -0.486937668327392 -0.0532908296032883 -0.0790669110627813
-0.306944138970643 -0.420466791382615 -0.0555184016037418 0.092652366174261
-0.441692135738953 -0.23881296565749 0.00928144269638304 0.202387391266897
-0.527030850009689 -0.0520923281067168 0.113192387131556 0.270019357111943
-0.468761183058867 0.0777009231975344 0.172714809148801 0.253999034704403
-0.450253981380335 0.200091345780378 0.282751599975111 0.192702555170253
-0.397405816069399 0.24037448630068 0.398103899698615 0.198520486281405
-0.252004951812027 0.0910130948035017 0.0625887921052075 -0.356977884521498
-0.28257673111465 0.024232281987701 0.0709244348802681 -0.258630379907803
-0.247830920320208 -0.0788428280017694 0.102435129939035 -0.194456708630075
-0.210372265666374 -0.137080313013299 0.0470694798165538 -0.241896200578289
-0.144101062648165 -0.20265784700655 0.0126223501005737 -0.287319133446739
-0.0810152924245799 -0.27644552470024 0.00331989794347577 -0.381681331142334
-0.0610042768776478 -0.331901216421004 -0.0116502904524894 -0.429346720339747
-0.105150187806584 -0.363166855375134 -0.0967867182561684 -0.402353246851525
-0.191326104901588 -0.359769327004446 -0.150109659299419 -0.224618894867282
-0.278126352879811 -0.29129500878215 -0.162438609617041 0.0244161593996649
-0.366502740100376 -0.13064718585005 -0.0528200517573224 0.201931336688319
-0.409846771900954 0.0308528092866305 0.115731570230562 0.258549209156798
-0.351451807809941 0.1195367806873 0.242186924741346 0.201766499902932
-0.328034458022541 0.208790527194617 0.38262194451868 0.109768610214645
-0.293151617843506 0.216944468782643 0.511546681799023 0.0916628175025238
-0.132002755439105 0.0320414274968429 0.166317918378649 -0.3701533978971
-0.14411970482938 -0.000538669445033625 0.126861656029613 -0.232805231120819
-0.113204845710868 -0.0591212712528887 0.130886572407755 -0.144379587490375
-0.0920039050770522 -0.0748979475241064 0.0565835111594434 -0.18583720903648
-0.0573798876772618 -0.0979556031756115 0.0289507127810786 -0.240998448092215
-0.0285351732142599 -0.134400919556124 0.0273853263641393 -0.381172677627843
-0.0228318431777233 -0.170353270568715 -0.00505327404185004 -0.497662405553025
-0.0637286875368192 -0.185169535334613 -0.129678189175074 -0.513885590932957
-0.120994808162211 -0.180041049995215 -0.231626803656358 -0.311448155768095
-0.170208883709288 -0.137384866264664 -0.247305256347903 -0.0019801635794045
-0.206916355754031 -0.0435794396317167 -0.097296315025267 0.217479631444859
-0.225153630809853 0.0529164771831382 0.103118732786671 0.24934193454603
-0.188227363431692 0.0893479569733598 0.276145198686439 0.151297107088677
-0.168674601229739 0.141414583099833 0.434261762802095 0.0386606681709955
-0.151978016590497 0.1348419089417 0.570847295786374 0.0141123327681029
-0.0242158747099546 -0.00981089750279313 -0.551455717057111 0.0297606614499806
-0.00967339484743751 0.022601529112581 -0.43529829026661 0.0453570946585674
-0.0157755798274101 -0.0140902720940187 -0.285450912807256 -0.0699755806959296
0.000473402228753868 -0.020075290546246 -0.105907758572748 -0.191008891777632
-0.00287009234407724 -0.0381560526357944 0.0673983123344032 -0.198603078289952
0.00914933844767622 -0.0330870103991074 0.209740167206036 0.00622547281878755
0.0112223013414098 -0.0172853520017015 0.240118516764411 0.31398295577513
0.017848159384925 -0.0159602279519707 0.131414961938354 0.536186272163378
0.00691408961452016 -0.0112598531295401 0.0352091630379802 0.525931348561335
0.0114800401842141 -0.00403242067045268 0.000441465761203843 0.380394900323085
0.00711922483411113 -0.00626676932779867 0.00606074811016088 0.236307567059206
0.0070048526607298 -0.00391024665374728 -0.0229658544812957 0.154963139833969
-0.00153415746418889 -0.00569837814408493 -0.112770397598432 0.127951081595163
0.00569896967527651 -0.00380103494788523 -0.146888773210077 0.173336920586327
-0.0200330299127067 -0.0198301527110437 -0.173682096743047 0.392483556404075
-0.149283739739172 0.108149808649913 -0.54517891129956 0.0247482588593647
-0.152838214771088 0.141329080673027 -0.421508522844049 0.0341148409696623
-0.178225110869388 0.0830174014330786 -0.279076315504618 -0.0772418835084158
-0.185922466992076 0.0274233527212946 -0.115061177105937 -0.203346390025352
-0.195344248489078 -0.0743408826601715 0.0501659267796547 -0.223189108974876
-0.149753025093119 -0.165390881414319 0.192504469511157 -0.0309881589351669
-0.101640373869512 -0.209801268029954 0.232421611952999 0.268298639222486
-0.0367249198677745 -0.219305534529661 0.12884794508903 0.486942455597774
-0.0160229852837563 -0.196803258825807 0.0496092501291117 0.496995373636025
0.000172869793371789 -0.151869786453547 0.0162147967933935 0.382574859633185
-0.0289809600991676 -0.109842111984088 0.0235955683126039 0.244741660667294
-0.0655508835990649 -0.0943870066215953 -0.0123241755345502 0.174752676451565
-0.098249648968772 -0.0704897454043677 -0.104610524080772 0.153556585892737
-0.144747116546114 -0.0238554978552887 -0.12866062599536 0.190887552139108
-0.176588538476962 0.0237030829188656 -0.13655646323475 0.399585986258262
-0.258121043668546 0.194620387296652 -0.490658552591126 -0.0358699501773998
-0.287552731248397 0.221022092111556 -0.377465672763586 -0.0333895201073428
-0.33191044829934 0.14138173077203 -0.2525930865311 -0.122814468715132
-0.358727135530417 0.0444708195505786 -0.123203656824831 -0.237612079077673
-0.360390670336641 -0.123560613917692 0.0138393105997737 -0.255569541739373
-0.273802781899981 -0.286697886028674 0.133940472364988 -0.0922891324732284
-0.185029524831629 -0.375283625000626 0.182773907553887 0.165700935097414
-0.0856087451565971 -0.391330333415827 0.10293620723445 0.359650038466095
-0.0550126578918902 -0.366736954460567 0.070617199960564 0.413731941842956
-0.0455258620514583 -0.307340141339997 0.0485976201758822 0.36548631740154
-0.112423403743304 -0.227120819514484 0.0539390182333578 0.258961485967878
-0.193935495274547 -0.182615332280092 0.0102288085522436 0.214621752092047
-0.232764602493069 -0.114515838910749 -0.0791201349779666 0.204315277931629
-0.302017716125541 -0.0151371042420852 -0.0779555584846853 0.228457207034746
-0.316983816944132 0.079508570078442 -0.0465262335891719 0.395382680822872
-0.337329151719584 0.230616549694505 -0.386362153282566 -0.135287810380109
-0.395307920383248 0.232319828888839 -0.292141593926048 -0.134067982706263
-0.446865301703243 0.130170524668075 -0.189465155604648 -0.1900511112932
-0.476649188493891 0.00468999760098349 -0.110035179869286 -0.282644204416118
-0.446944782402269 -0.196743664926035 -0.0223466158018329 -0.294309572889221
-0.324748667502793 -0.384549283269246 0.0573193479226777 -0.175797855483893
-0.213642679819135 -0.479046671979155 0.105512322222217 0.0199926388318499
-0.121106443912853 -0.500548940355405 0.0581322575614688 0.177320126649933
-0.113412599110948 -0.490896425033832 0.0692337655778725 0.275709628698431
-0.14216731081262 -0.43534121732649 0.0669968747997866 0.301511272695733
-0.256820016061168 -0.317513954005764 0.0768874289190279 0.253752121845977
-0.373199667639006 -0.21607267956437 0.0482834471989332 0.255575090589759
-0.388892560280833 -0.0957631740652318 -0.0162015485701759 0.257371191659507
-0.434062442114497 0.0437093987541485 0.0178133611431136 0.259227513813908
-0.413720726958948 0.148412852409477 0.0912686244576739 0.365540438205644
-0.364950793168223 0.212426604054672 -0.243837065178173 -0.237127019409301
-0.436450514990873 0.178241301612324 -0.168665683593809 -0.224206958376429
-0.474263005016988 0.0523491820452782 -0.0876740037216526 -0.241612817247671
-0.481882252077768 -0.077490295935227 -0.0643909996762729 -0.313653602141842
-0.416141867111433 -0.26360346496976 -0.0346905169649065 -0.324482070870668
-0.283830795307911 -0.428830649469363 -0.00238979714608375 -0.271210324343389
-0.184899577830562 -0.508028130453674 0.0347264137538346 -0.14923425137842
-0.137925116822606 -0.533555233386499 0.00330348155740554 -0.0307491432683801
-0.176453904765495 -0.536155812918465 0.0283837994182436 0.0996442140221871
-0.254140036347424 -0.479039036748753 0.034322443803589 0.197940319771891
-0.398197830711935 -0.320453536536387 0.063890722981818 0.225968834770259
-0.516209405604289 -0.156058691211265 0.0904740072620128 0.275080495260461
-0.488595213269167 -0.0121440492786777 0.0801353465879402 0.279601385682348
-0.494874161204433 0.133859895258487 0.15250168177464 0.24997386349653
-0.445449210673945 0.212313791314578 0.251771675434693 0.29713004352888
-0.336384736750789 0.160136492592561 -0.085841290261872 -0.316506576925997
-0.396673060567248 0.0935579007872399 -0.0355298806237657 -0.266484251261776
-0.394993409103091 -0.0373451502994465 0.024948851787986 -0.242336439347757
-0.370894577121525 -0.141998614769919 0.00013891425168869 -0.299175015926303
-0.289730073885592 -0.272279809594719 -0.0174797792643092 -0.325114433663736
-0.183095043559818 -0.389853338128326 -0.0194008923685226 -0.347815489809954
-0.124416646053851 -0.455351558358083 -0.00676493906332485 -0.309922942591997
-0.132937763215395 -0.487520289975053 -0.0532388164081192 -0.235259952583308
-0.212509618880727 -0.490057501249453 -0.0533053861066773 -0.0800267381956398
-0.312326904948126 -0.422032144415151 -0.0547683951103668 0.093806817193323
-0.446762432598216 -0.239508682036936 0.0111669945037723 0.205059270648557
-0.532245611142627 -0.04810391626645 0.116952817284678 0.272107022224051
-0.473429470518691 0.0819072443273648 0.178002875230608 0.255626197108626
-0.453099958866405 0.207435350875407 0.287936033655229 0.191370144117384
-0.401013262660124 0.244752994954322 0.40325365673617 0.195737637685579
-0.253422773548929 0.0940590115773847 0.0601672748663808 -0.359290705112104
-0.284965035342772 0.0272468523366499 0.0691549633918232 -0.25993946972658
-0.250514245854127 -0.0775499493282706 0.101622574872579 -0.196370314793222
-0.212919803014983 -0.137136390814188 0.0443228527372755 -0.244114575665139
-0.146900187954943 -0.203645153286483 0.011138682841616 -0.290612424555763
-0.083169585650707 -0.27929920121719 -0.000584519246589999 -0.386362850398181
-0.0633011981256836 -0.335212298341677 -0.016251731070008 -0.434910684217404
-0.108717337522809 -0.365985438117151 -0.10139499757244 -0.407083509685697
-0.194824970996393 -0.361597716751731 -0.152774390242759 -0.226796605645819
-0.282941024292932 -0.292621521555885 -0.162956132578204 0.0249360355230231
-0.371318723197089 -0.130695611134627 -0.0510111347756829 0.205297876416544
-0.414228405956227 0.0344218808862821 0.119652964837096 0.260133306987228
-0.355029087210523 0.122871104639185 0.247610761235582 0.201884215923166
-0.330542195699299 0.213014427791949 0.388047639274016 0.106697607737613
-0.295189010629203 0.221274049455928 0.516401222825984 0.0876661635177671
-0.132545887871627 0.0332208327809883 0.166341627339417 -0.374654662362466
-0.145205029785278 0.000774674606938829 0.125199254455417 -0.23500232406662
-0.114842847218965 -0.0590352304384008 0.130714151119182 -0.146787412188303
-0.0929090027841188 -0.0750356435907483 0.0552673623320656 -0.188150354084333
-0.058060568136542 -0.0983896945338861 0.0272972749709115 -0.242973817759661
-0.0298620779647122 -0.136505250296536 0.0242298699508841 -0.385510586739162
-0.0238520821127003 -0.171971353329864 -0.00745878691292834 -0.504160021832466
-0.0656591885754358 -0.186203837722877 -0.133923128514958 -0.517684092580247
-0.122753369732739 -0.18094969913558 -0.234921158897886 -0.314447252632526
-0.172755714042314 -0.137460929522535 -0.248596684870657 -0.000667246943470581
-0.208839879597132 -0.0427987614002271 -0.0962669237291942 0.220984460671643
-0.226539178278294 0.0552612746005928 0.107062011011214 0.251143043713225
-0.189848229532943 0.0918903996072231 0.281390840324301 0.149526094423753
-0.169276997252737 0.144782797034862 0.439689611464454 0.0342036802704896
-0.152639054931139 0.137102377979102 0.575952680043348 0.00869591120137382
-0.0245967097919474 -0.00982310048378193 -0.557079391412374 0.0356159670279027
-0.00891839309564159 0.0220930389740598 -0.439724678419653 0.0505929921680978
-0.0164107280524874 -0.0133358044664821 -0.289634410059912 -0.0668628625508068
0.000145175651274608 -0.0201696497234894 -0.109612336496676 -0.191474166103307
-0.00329242884545698 -0.0386377062151099 0.0669935199975759 -0.201012898979275
0.00934384578118693 -0.033471402648006 0.211681696064955 0.00495450304178082
0.0112578980352389 -0.0178783493816259 0.244040391228048 0.315638137992062
0.0177082307121471 -0.0165071172532122 0.135158822229212 0.539819869217203
0.00704597187269874 -0.0118942131940293 0.0386812907994336 0.529905023100945
0.0110635697246553 -0.00460201693371158 0.00448033861968569 0.385068920966907
0.0071861517242915 -0.00664415037221606 0.00830695240359457 0.239134169133846
0.00692918799504678 -0.00352480112713493 -0.0214218324557945 0.156452908610669
-0.0019577299252206 -0.00531482239481661 -0.111664055737392 0.129721038597959
0.00555919148543942 -0.00399147973268816 -0.14536221900146 0.175254861641083
-0.0204122254948142 -0.0195451001197543 -0.171333210309474 0.397090002927916
-0.15035124820008 0.109914072603979 -0.550403755068978 0.0317034706900291
-0.152402617993435 0.14375976656044 -0.425881384987517 0.0386538613587571
-0.179919241578622 0.0851269364870716 -0.283537147736901 -0.0745152088095066
-0.187704132373592 0.0286763552232754 -0.11859073538574 -0.204238224018382
-0.198731433454945 -0.0731493083780685 0.0483195157960898 -0.225561009207977
-0.153185648981211 -0.165541993578522 0.193490213490996 -0.0321455547055305
-0.104339436079236 -0.211553029475414 0.236142446344708 0.26822495403584
-0.0386860335360985 -0.220933940743603 0.132972078343881 0.489011142995362
-0.0178323238134216 -0.199121301157656 0.0545395858101188 0.502620567164836
-0.000810659776226883 -0.153690082894138 0.0201131897654778 0.387867730705548
-0.0296369807351142 -0.110136268055525 0.0254471766294135 0.246264476975663
-0.0668167404609786 -0.0942398939927898 -0.00933119704826261 0.175495487992807
-0.100001571815321 -0.0700446296763152 -0.102641051096329 0.155470285921487
-0.145604601820406 -0.0231635599382663 -0.127884669712586 0.19270973962206
-0.178022472406767 0.025226288949275 -0.133997318912864 0.40154643978058
-0.260516965934855 0.198732519072338 -0.495493590819469 -0.0304626035813379
-0.287628206102713 0.225856289124145 -0.381592180972136 -0.0298881880414291
-0.334039881499995 0.145060862249506 -0.256706268318074 -0.120951446029779
-0.362218087979181 0.0476878613756452 -0.126350736173415 -0.239034895312443
-0.364787691674006 -0.122700696770929 0.0124926275268137 -0.258762456390493
-0.280134646875504 -0.288076083592479 0.134413612287136 -0.0941627198075948
-0.189864697286906 -0.377293960003887 0.184521322397284 0.166083718704949
-0.0885199571325872 -0.39389697495976 0.106565010626509 0.362510631722365
-0.0579069137183992 -0.369582589766697 0.0745689715197708 0.417182415200825
-0.0487375678106062 -0.310460231896203 0.0525900257972756 0.369554025320832
-0.115070987767693 -0.228509865653217 0.0561077132698051 0.261380765346124
-0.19730012554804 -0.182457002223934 0.0127190366932662 0.217016939483273
-0.236241727039742 -0.112900014891787 -0.0762783011036013 0.207153492913788
-0.304711330254141 -0.011955970847372 -0.0769834846445109 0.230562843473287
-0.320082440766363 0.0831842819820418 -0.043138822941064 0.398004323398455
-0.338504370205905 0.235321033327186 -0.392731387503562 -0.131316498906994
-0.395723235646087 0.238863689828071 -0.296585855078191 -0.131954166314704
-0.450934650499223 0.134955184496088 -0.193081247452418 -0.18996698508676
-0.480658595169109 0.00903327818180486 -0.11485267609129 -0.284524476956575
-0.454261693262339 -0.196111061247518 -0.0250105328761255 -0.296561870781031
-0.331333098768053 -0.387259976373517 0.0555871293879197 -0.178934031933581
-0.218348423286047 -0.482756904109975 0.106773345464864 0.0189906540252873
-0.126470615889298 -0.504427382159587 0.0611082256076115 0.179067176745959
-0.11802660535025 -0.494115324551381 0.0725757753625764 0.277494724404083
-0.146385055067887 -0.437239775143833 0.070597640540038 0.30495226734713
-0.260989551561538 -0.318487458222063 0.0792032352602633 0.255158965215533
-0.378951786487949 -0.215027342168752 0.0518953453364573 0.257491320497364
-0.393474512105164 -0.09296420206702 -0.0128018316748606 0.260218160216105
-0.438717632043691 0.0476488717405293 0.021300831920159 0.261284335119018
-0.417678824380505 0.154396208073276 0.0968709083821978 0.366374690593175
-0.367068887578657 0.218936631180105 -0.248067134476709 -0.235317274354546
-0.440405528178975 0.18499737422647 -0.172642193107577 -0.223894303489371
-0.479891243436087 0.0573618720530677 -0.0901972060999651 -0.242787048940572
-0.486979080032975 -0.0744782324314627 -0.0680562117923699 -0.315578450725931
-0.423553399067862 -0.262219597332625 -0.0382916470836415 -0.326765393272445
-0.289471687087001 -0.431410776899633 -0.00503747149531561 -0.273749543125566
-0.189033741297238 -0.512298554415717 0.0337351219284998 -0.150946594878985
-0.142581621968894 -0.538017531787699 0.00343813728012714 -0.030980243250986
-0.18116849151204 -0.539736550591743 0.0300308953928528 0.0994642109229445
-0.259758109650879 -0.482673805014402 0.0367217848152282 0.200050702596225
-0.404734793717458 -0.321088762091653 0.065831994969615 0.228331318829953
-0.522605519565112 -0.153091142797466 0.0949996380829386 0.275919165293152
-0.492944573228039 -0.00933732998091845 0.0852186381119438 0.282362761792422
-0.498205301318078 0.139463381528259 0.156121936050298 0.25092314261942
-0.44697262984517 0.219620650123357 0.257029057495996 0.295864768324328
-0.338446285352138 0.165003025501413 -0.0888424138083959 -0.316873771642466
-0.399690778104718 0.0982270435793397 -0.0389139098246591 -0.266943905407998
-0.399712361421166 -0.0345591282876107 0.0223450748214961 -0.244675619252482
-0.375661376971532 -0.141664811280124 -0.0026509980909484 -0.302384400147105
-0.29540435426559 -0.272368253042248 -0.0200758530186249 -0.329250590499009
-0.188264457871538 -0.39436689029121 -0.0233877026098438 -0.35158705026324
-0.127917849424334 -0.459212197947126 -0.00990074834777754 -0.312839881470426
-0.140315226427702 -0.4903620106091 -0.0547608243037032 -0.237193431164848
-0.219457186099508 -0.493542510131311 -0.0541121346801669 -0.081166801690261
-0.319379379861143 -0.424673535003813 -0.0533544889492474 0.0957237722536471
-0.452663097324476 -0.238283067360129 0.0134037983634658 0.207326194578896
-0.538900924255265 -0.0445482909636971 0.121570874434062 0.273808237324469
-0.477510040784701 0.0863969743592492 0.183658010756987 0.25612834031437
-0.455222904535333 0.212187339792582 0.292416954561265 0.190325727357534
-0.403376579537703 0.250488802430323 0.408831935538454 0.193280357317133
-0.254895113513022 0.0964754356058997 0.0574950185826604 -0.361797345433089
-0.287258649442866 0.0301925296395215 0.0667729858178182 -0.262055693622516
-0.253513982145584 -0.0763236207466401 0.101064847043624 -0.198840214023375
-0.215695976415566 -0.136578458397437 0.0420578270774121 -0.2468839017927
-0.149801528840837 -0.205258875085122 0.00880827735803984 -0.293111295077233
-0.0865330668912382 -0.28210454653152 -0.00450342291584157 -0.390151153252661
-0.0664094881631959 -0.338922675299654 -0.020304179407467 -0.438089005124499
-0.111370586715013 -0.369136415328284 -0.103019325300697 -0.408221572065215
-0.199860614766015 -0.364996497197981 -0.155119195792438 -0.228756274896759
-0.288383043452401 -0.29342258687931 -0.163957215362537 0.02654519130386
-0.376187663784518 -0.12891427849347 -0.0492334461954677 0.207915242891482
-0.417780273727271 0.0389500870379912 0.124105448672647 0.260381812139543
-0.357330072664185 0.127313175074905 0.253996734834653 0.201919729829978
-0.332386413641595 0.217787016219955 0.393597755412167 0.104150224980077
-0.296056139519556 0.226066848064937 0.522929224832541 0.0826633841161897
-0.133279568513971 0.0347573011229695 0.164896569748773 -0.37905681578147
-0.146362225386216 0.0024859296214369 0.12379973428683 -0.236477744275787
-0.116569091823444 -0.0585577494071354 0.130275735577815 -0.148666496244809
-0.094331547489221 -0.0750131307833466 0.0530784372021161 -0.190121914636285
-0.0596529859142846 -0.099461878368978 0.025188872779567 -0.245736845869226
-0.0312166233182997 -0.137917952389287 0.0205806226852344 -0.389956813038624
-0.0248348533885139 -0.174169144049978 -0.012126771238851 -0.509720126308402
-0.0671149979508592 -0.187638941812484 -0.137952791295927 -0.522956558917192
-0.125845128556357 -0.182101494481623 -0.238889367604598 -0.316018709900893
-0.176191002293473 -0.137470317073713 -0.249813251170196 0.000980895689789539
-0.211020841120561 -0.041786815221593 -0.0945062721706775 0.223280707398711
-0.22801211093207 0.0582218757059364 0.1106394627039 0.252427528186004
-0.190649484919027 0.0943410707445857 0.2872533571239 0.147745995333521
-0.170334495356152 0.147855383448635 0.444638104440107 0.0293369123290021
-0.152909282108573 0.140021563661793 0.582567008420225 0.000598833625345085
-0.0259364712277633 -0.00996996130711659 -0.562377460202501 0.042365675657023
-0.00811666984184011 0.02249398780866 -0.444424230946292 0.0574604323849568
-0.0168269959292495 -0.0131809083174413 -0.293274968862422 -0.0627336211267489
0.000325628571952715 -0.0208506244703616 -0.113054342380671 -0.191280979376451
-0.00364428893159905 -0.0386398267505859 0.0650173252561034 -0.203425152275022
0.008879507354153 -0.0331769609519067 0.212824851443907 0.00247593048386904
0.010961148478189 -0.0180211431563171 0.248495149328731 0.315665375925839
0.0175964579581871 -0.0169082011269474 0.143799512270343 0.542188002460513
0.00661945008367966 -0.0120633918507868 0.0443544982042548 0.534378767452282
0.011137092980835 -0.00475836110161797 0.00851638046006952 0.388456511254574
0.00676077700990714 -0.00685385323793451 0.0106769230790168 0.240556563979778
0.00669580996205512 -0.00351656934504906 -0.0192962743938497 0.157858806788438
-0.00228917741353582 -0.00541569929538127 -0.110325446564498 0.131888950236015
0.00534171207508527 -0.00414580047022917 -0.14414821409626 0.177661848683177
-0.0210783935135769 -0.0194788298856134 -0.166160452194923 0.400492033530777
-0.15052800777621 0.11199731126038 -0.553566152953809 0.0386119559496663
-0.151330060215895 0.146670324780136 -0.429383831445042 0.0451183383796658
-0.180788124565768 0.0879223131649148 -0.287429518918246 -0.0712499719050906
-0.188595368106045 0.030984468634845 -0.122875719283772 -0.204332043784013
-0.201267993106904 -0.0719127185882948 0.0459448883234202 -0.228364499246698
-0.155652504709095 -0.165019269353094 0.194112130536654 -0.034983653465553
-0.107863529674976 -0.212521205497266 0.239552377061783 0.268238326373122
-0.0412774675569383 -0.222541221807813 0.140040661527907 0.493674383562089
-0.0202007874785986 -0.200610235080628 0.0588127928700785 0.505229946564112
-0.00210717132816212 -0.155658387849253 0.0242723448688983 0.391085171590597
-0.0309938464023375 -0.111190648478049 0.0280838684782991 0.24824902251064
-0.0684121510941986 -0.0939876006887571 -0.0070559050745519 0.177765968288454
-0.101740617644852 -0.0698857837530373 -0.101089057969303 0.157889829019573
-0.147294470478201 -0.0215737197771283 -0.12628470369124 0.194520661723973
-0.179127213386762 0.0280119608535899 -0.12975190576112 0.405063403982643
-0.260397884823116 0.203152963031484 -0.500858092521847 -0.0249165241620781
-0.28803284383648 0.231424962891041 -0.386175159492685 -0.0244531725345895
-0.336374197520204 0.151174548930176 -0.260449011129034 -0.118333445078645
-0.36521857748914 0.0522156294649277 -0.131133876267134 -0.239043842233467
-0.370369821660458 -0.119712221220914 0.00871640973568854 -0.261071431528855
-0.285708653096868 -0.288098985294224 0.133547291655673 -0.0965501167050307
-0.195166110009874 -0.376680032716986 0.187742258054274 0.16527951700054
-0.0942530798819289 -0.396221863247181 0.111622264443403 0.364593200512252
-0.0622686666132983 -0.372468521098358 0.0789749267106949 0.419482939983835
-0.0518547388901735 -0.312527617941237 0.0572834710888164 0.371925913183711
-0.117514691167872 -0.229873817577182 0.0596533223117887 0.262920642541314
-0.201345678431147 -0.181638724186343 0.0162739220870711 0.218777351668555
-0.239585059924239 -0.111680976053672 -0.0731370610559354 0.209949130966685
-0.306965722121643 -0.00879315757990149 -0.0748408994731902 0.232809265615896
-0.321263095518389 0.0874388510724774 -0.0374191218256826 0.400034107289577
-0.338393678177656 0.240761100557645 -0.396184602531793 -0.126940206373813
-0.396363969085924 0.246121997961822 -0.300143744202226 -0.128162807847792
-0.454320719771515 0.142507623135827 -0.197535664461942 -0.189367591212592
-0.485268966304467 0.0147864854096605 -0.118947012116037 -0.285145889694846
-0.459747048359526 -0.192877867504053 -0.0279144556682902 -0.299760046369073
-0.338661162676686 -0.387686979461818 0.0541039376198126 -0.181233768378389
-0.224781532521785 -0.485669372263641 0.107128183812826 0.0184390008202128
-0.132408594064291 -0.507467865700597 0.0634353302507086 0.180004380858336
-0.123345420532053 -0.496781048937598 0.0765792726891475 0.278563986577724
-0.152310652564961 -0.441891594399711 0.0749991713137654 0.307277519263376
-0.265535310915706 -0.318920137280628 0.0823062990531821 0.256786195729111
-0.384631246512157 -0.212250528790957 0.0560847534694 0.258318894199301
-0.397579097968973 -0.089752739451947 -0.00873222107853081 0.262795107537208
-0.442151553703286 0.0522887211780705 0.0243572064654958 0.262061929045076
-0.419474047556581 0.159333042622857 0.101811841639679 0.367055334908794
-0.367639143677353 0.224383661846416 -0.251941040471221 -0.233531050783314
-0.44131059875125 0.191950770618287 -0.176468496822558 -0.222228587399279
-0.48276147832776 0.0639817718288817 -0.0941936116166227 -0.244008970311655
-0.492448286780561 -0.0707535525532502 -0.0727016599702093 -0.31722777590681
-0.429475299606613 -0.261629312915803 -0.0423346831184272 -0.330084206584403
-0.296919306975687 -0.432614333039658 -0.00880456767788138 -0.276909038614374
-0.196693898384239 -0.514752157627834 0.0323386111420509 -0.152556970873853
-0.150909477663979 -0.540577165958591 0.00355363172143769 -0.0310618444675138
-0.187901751181545 -0.543022195741527 0.032028268832489 0.0998426873855785
-0.26608183192905 -0.485864679391833 0.0402337127173055 0.201120931528632
-0.411478949639899 -0.319990700787841 0.069014993834896 0.230287314244997
-0.529748055525596 -0.149350393457866 0.0998583505641227 0.27743958634128
-0.49769067367928 -0.00385744616714336 0.0905179799901349 0.283031480251647
-0.500199764904386 0.147025626556853 0.160265428213325 0.250267429258938
-0.447593211435245 0.225078188642044 0.262651119038421 0.293702011496744
-0.339087883740932 0.170338515267411 -0.0929933403920918 -0.317061479696326
-0.402105633714096 0.104210413401818 -0.0422087089002273 -0.267420076447849
-0.403228035503236 -0.0303092148991616 0.0200391111864625 -0.2462619677071
-0.379448816998058 -0.138790796169466 -0.00715751956000191 -0.304130561268134
-0.299360795513871 -0.272624949022572 -0.023802838430597 -0.33159090981807
-0.192755934091611 -0.395777692294689 -0.0267551170914872 -0.354858555417766
-0.133368398029728 -0.462470762625438 -0.0132002745392241 -0.315764346216332
-0.145082258093175 -0.493198371768196 -0.0574446671459586 -0.238297191334161
-0.22516280664255 -0.494352663141432 -0.0545767405676294 -0.0822665504917861
-0.326933846181346 -0.425827536363966 -0.0523545631934132 0.0968148199392474
-0.458239264597307 -0.234436180331466 0.0155106179597633 0.209486384060999
-0.542880440202483 -0.0380258739438123 0.12645520907781 0.274189076138951
-0.481190875666801 0.0922879856465827 0.19018944691334 0.255804360209559
-0.456850338725415 0.220469306829774 0.297540645188457 0.187762299324891
-0.403653982206474 0.258169018482555 0.414832139794974 0.186822880648546
-0.255877234445998 0.100898375210372 0.0544918521331129 -0.365042638811855
-0.288999964988324 0.0341001803582829 0.0637308035762041 -0.263526301533242
-0.256026641860469 -0.0736517594995098 0.0986838175775552 -0.201119092223427
-0.218768911088765 -0.136094319930151 0.039445731641685 -0.24913710124565
-0.152185553285867 -0.205606046797612 0.00573654382632752 -0.296277729358418
-0.0898708578154716 -0.283684159699821 -0.00856560065786376 -0.394103909483757
-0.0703136505150622 -0.341238566299314 -0.0255872300617548 -0.442338419101793
-0.116009563493697 -0.370131433094331 -0.108275394699629 -0.413283580055403
-0.205443526520612 -0.365182861517537 -0.158890727093441 -0.228909210539099
-0.29350505281562 -0.293634423572915 -0.164034041086569 0.0283379650840819
-0.380156310586472 -0.126858690820155 -0.0467023721663526 0.210476901511045
-0.420697508800043 0.0438200561668029 0.127706729051496 0.261868706837573
-0.35946876427823 0.132128212569317 0.260132385659321 0.200578434692562
-0.332046407494566 0.224287278292994 0.397567348230758 0.099591321659444
-0.295943418298456 0.232188702408719 0.527949325280696 0.0749210202391
-0.133728953213033 0.0365387803166286 0.161906419912418 -0.383102619866742
-0.147131084851001 0.00438119266721133 0.121385624402349 -0.238401492088735
-0.118066058769866 -0.0575401693802576 0.12899196144442 -0.150689101298409
-0.0954016081395513 -0.0745293307873903 0.0502303306325789 -0.191929101915088
-0.060655775837125 -0.0999000118831758 0.022763062716594 -0.248123204239049
-0.0329128374917914 -0.139118941339883 0.0162523868832789 -0.393661311408533
-0.0268292757771445 -0.175233955359928 -0.0188943347047517 -0.513287154324647
-0.06902016097999 -0.188208332847419 -0.143426908321691 -0.525055060860214
-0.127934501359245 -0.18108035388312 -0.243818096884273 -0.31709823898825
-0.178810529718939 -0.137094868167232 -0.251664552831671 0.00330787767393104
-0.213248618973145 -0.0400198478717425 -0.0920525664720731 0.226205964733741
-0.228848212829143 0.0614537644290991 0.114746028640678 0.25367619846059
-0.19139532276264 0.0971137242745043 0.291894717758215 0.145746758846381
-0.170001581143002 0.151390651827165 0.448720082554916 0.0238044495132701
-0.15202904929245 0.143048236732209 0.586196686107736 -0.0065405399237618
-0.0263319162425983 -0.010021650410741 -0.566365283132461 0.0521402188034006
-0.0074422478118486 0.0221466799116443 -0.4467934168854 0.064739519461896
-0.0176522886361951 -0.0127852692544031 -0.297476686062993 -0.0581661840401397
0.000201690434949501 -0.020830010741536 -0.116889745637939 -0.190954803985869
-0.0043958179141284 -0.0385536095064804 0.0633740412702132 -0.206054777600397
0.00845760873528005 -0.0334693603379322 0.213674663173607 0.000519404557209267
0.0108940404198893 -0.0179218931211898 0.252447258638945 0.315480959887805
0.0167806802519947 -0.0169455815118401 0.149481572032005 0.546087087429902
0.00662634148821971 -0.0125266590532729 0.050460171347083 0.536982964330823
0.0108526853538961 -0.00589837407014586 0.0120065822938346 0.392032929276486
0.00676052817243995 -0.00737638131603754 0.014616044240853 0.241543673878343
0.00656617606287036 -0.00355569121104581 -0.0171255210476249 0.158483316727817
-0.00270705698172297 -0.00535689655790079 -0.108738903531331 0.134478531541378
0.00592010019209144 -0.00376016979301454 -0.142134944295731 0.179960837340587
-0.0206812468554106 -0.0193335032799453 -0.162135862253635 0.403881022472882
-0.150611074880991 0.114612102500087 -0.5593762796743 0.04672416288916
-0.15043985872431 0.149457346048731 -0.432039974257986 0.0527412274849714
-0.180970879508349 0.0910332164754289 -0.291132684622286 -0.0674679686073694
-0.190043510385449 0.0330009150407471 -0.126877339390155 -0.203884686337672
-0.203232434738451 -0.0704257681747211 0.0438635895784698 -0.231171697447587
-0.159459997333427 -0.164087741381272 0.194389048663159 -0.037651612400158
-0.110676616192965 -0.212963639708005 0.243951561688031 0.268169798669019
-0.0440747029502259 -0.223145893129175 0.146427233404871 0.494885403735677
-0.0223831080729746 -0.201478124026216 0.0638352456186163 0.508713397457944
-0.00390506961182549 -0.156663982271129 0.0294008408434313 0.393675657853103
-0.0320616671067442 -0.111075534418681 0.0309055466698655 0.249090885431204
-0.0698358338842642 -0.0933388807126268 -0.00431334191563886 0.178441958198513
-0.103277904410908 -0.068661066201119 -0.0983983974309126 0.159940857937318
-0.148051739545932 -0.0198991965477485 -0.124125719382862 0.196968349264341
-0.179609199295827 0.0305681981703977 -0.124713479079727 0.4087709171883
-0.260039474551115 0.207937085957797 -0.504453712381614 -0.0167132324789778
-0.28676833691345 0.236485709181718 -0.388884290457177 -0.0183071331108953
-0.336532238832833 0.156515606804833 -0.264847054702079 -0.115544992085013
-0.366756498721775 0.0569115062972515 -0.13514169547909 -0.238417405499172
-0.375396113768468 -0.11684851381686 0.00527030599531342 -0.263212313269836
-0.291762328270612 -0.286726049336484 0.132984155592118 -0.0989726477395573
-0.200201600906241 -0.378807271859351 0.190506235031597 0.164527856630848
-0.0995126225873268 -0.398379266878462 0.116636463165325 0.366426599480366
-0.0664997954767041 -0.37364492458709 0.0843235200508986 0.421531486842642
-0.0554663770353794 -0.314606906271594 0.0620160083561833 0.375105968992688
-0.121069866287131 -0.229825201410764 0.0628217110791994 0.264039897854588
-0.204671456570767 -0.179536925343059 0.019713131304532 0.219022501148298
-0.242810426633217 -0.109439271116548 -0.07021751982407 0.2124707324478
-0.309212087070332 -0.00500310449504425 -0.0718339731541897 0.234273888647926
-0.322663689915857 0.0927441848760611 -0.0319814731999707 0.402140174179096
-0.337978587283077 0.246458685175493 -0.400153848016047 -0.121179113644739
-0.39652579968152 0.253626165260529 -0.304844948941692 -0.124329863654345
-0.456077292707479 0.149310068560556 -0.202000199906303 -0.18810782920877
-0.487686421380304 0.0196010264501452 -0.124086201684557 -0.285754815698135
-0.464800298248917 -0.189579495013452 -0.0325702147172584 -0.301961787102231
-0.345346418677844 -0.38767843316515 0.0514973869380836 -0.183500254779135
-0.232747531699354 -0.48765025157791 0.108431421797557 0.0175639452251976
-0.139511580021687 -0.508845806740544 0.0666147025899689 0.180850592899354
-0.130160587719954 -0.498631117285444 0.0803948263292072 0.279939326014991
-0.160155826033422 -0.443236603141005 0.079992796484296 0.309060342451019
-0.270469724664129 -0.317838257089637 0.0854476198395734 0.257775437193964
-0.389522015005828 -0.209362726766088 0.0608735235246659 0.259749094111545
-0.402092560077489 -0.0848402543596658 -0.00365919444437357 0.265303494320501
-0.445088277352019 0.0591611902901428 0.0282868613360644 0.263187813241492
-0.419837960143654 0.167417524648576 0.107031261784664 0.366684535622582
-0.366765615941952 0.230976809248252 -0.256576191697087 -0.230484254768992
-0.442226622923943 0.198472366446347 -0.181941398403468 -0.219879809929117
-0.485434469783517 0.0703571725131412 -0.0985682737973133 -0.244031906045077
-0.495784710573365 -0.0651120982430686 -0.0778843607207567 -0.317981383755141
-0.436112922915438 -0.258769725529356 -0.045878010079671 -0.332622532685766
-0.304382228094485 -0.432508214679012 -0.0123902087136768 -0.279199679484114
-0.20351850485764 -0.517477092442159 0.0297022710326765 -0.154116680753865
-0.156936616288276 -0.542933444104969 0.00372285110997106 -0.0313867786949802
-0.196385569834915 -0.54395874511713 0.0332557994297713 0.0997443417951493
-0.274239434891159 -0.484988507060428 0.0429723598006351 0.203171029147714
-0.417277088448813 -0.317560846258289 0.0720888547326656 0.231386273815927
-0.535071484125408 -0.143266058281225 0.104774843526403 0.277972131731636
-0.501531648206031 0.00242193678680795 0.0964362344014816 0.283647478942674
-0.502664129779351 0.153810511201104 0.164676529193998 0.249650260258839
-0.449065912658225 0.23382365294323 0.269199429252888 0.29121999051862
-0.3390103302787 0.176387840525025 -0.096959322479756 -0.317140086886354
-0.402998994471179 0.110051989830834 -0.0465333436203356 -0.267676731869497
-0.406903744386357 -0.0236781688988619 0.0154544090555358 -0.248330970072913
-0.384169987346859 -0.135210640812089 -0.0116208193193671 -0.306170408163817
-0.304364642573156 -0.271488683847206 -0.027840252347158 -0.33429743837326
-0.198946995280712 -0.396260501768198 -0.0313411136623377 -0.35819380397718
-0.138807175544804 -0.464788375906422 -0.0177615600941568 -0.317853830370558
-0.150974604020977 -0.495114175407743 -0.0598127882077969 -0.239392604435697
-0.232435992330906 -0.495463178661124 -0.0551880439715107 -0.0826791915732834
-0.334672456812226 -0.424549420078725 -0.0507113352327987 0.0982272602325117
-0.464803835012146 -0.233265273573621 0.0183704496260824 0.211371040693027
-0.546173524011555 -0.0314444073700689 0.131221084228347 0.274064362297383
-0.484354693572978 0.0988403439826749 0.19666828400169 0.256037716914992
-0.457077163276506 0.227357104230246 0.301825963394659 0.184705763550745
-0.402378812869614 0.265540934069868 0.420568014008771 0.183252309669766
-0.255828414548208 0.104654259555797 0.0507536778396026 -0.366625152140038
-0.290477922499208 0.0383685783845559 0.0601678186729142 -0.265194407662847
-0.259064882088836 -0.0714359576886594 0.09613865890428 -0.203540501335706
-0.221321050024631 -0.134093716579576 0.0354367858492751 -0.250752891496952
-0.155618116990948 -0.205731089772442 0.00178846909193945 -0.298025559672224
-0.0938868341272458 -0.285448865643187 -0.0136568168885589 -0.396919269385935
-0.073357471938916 -0.343319536725256 -0.0304367623673494 -0.444725007234516
-0.122191331681054 -0.37156797683148 -0.112852233980803 -0.415032202851227
-0.210961050884408 -0.364722195640628 -0.161327554037766 -0.23016698061896
-0.299589758199914 -0.292540200270245 -0.164302381608259 0.0307753429890266
-0.384646706336342 -0.121759447192334 -0.0444065407242721 0.212013089174721
-0.422781624995421 0.0496517826569061 0.133022164560471 0.261549916527279
-0.360799907699113 0.137948026754777 0.26617431912178 0.19855854941348
-0.331826247701334 0.230524796309489 0.402730158926407 0.0940927016901457
-0.294636263316857 0.237003244079561 0.532959046684592 0.0675342972392411
-0.134387546084893 0.0386509257184707 0.159165754091753 -0.386425461238418
-0.148291669394427 0.00639968172551069 0.118243440708266 -0.240354424071811
-0.119448494963955 -0.0565628625565395 0.1269479696131 -0.15338141282835
-0.0966813688080276 -0.074004712158036 0.0479251682778874 -0.193222806923316
-0.0623985120682347 -0.100140402110114 0.0197377577011072 -0.2503956345321
-0.0348173139125131 -0.140535727335106 0.011440192751496 -0.397236497570049
-0.0287215075851519 -0.177091773114045 -0.0249390636483779 -0.516272134705157
-0.0718167462927132 -0.188102671815948 -0.151423231799621 -0.527446466591738
-0.13037216947577 -0.180904698631621 -0.248838624229652 -0.31670176597376
-0.181622411211232 -0.136272025153215 -0.252615982695122 0.00625011116895643
-0.21539972385641 -0.0381631681145651 -0.0895965798807946 0.22951825843539
-0.229526275092629 0.064954175714091 0.119676493193755 0.253510926009811
-0.191562440539613 0.100110187204505 0.297002156415742 0.143069765574842
-0.169547591727276 0.154767590232927 0.452960671580436 0.0168277586289735
-0.151509343369342 0.145959865834548 0.590831609834295 -0.0143542090057736
-0.0267832699962086 -0.0100727065992526 -0.570525989028588 0.0614019727513512
-0.00676480106941667 0.0220205312116456 -0.44924419354874 0.0721991215062585
-0.0180904246993779 -0.0125913678632286 -0.300074262837113 -0.0543070546586659
-0.000378553588062849 -0.0215044556550045 -0.120390773622901 -0.189867047130708
-0.00507641975706376 -0.0383776692689686 0.0600229532804169 -0.207982750679891
0.00791754680534454 -0.0331620978575692 0.214521223609223 -0.00165896360141471
0.0108376757891199 -0.0184273486484269 0.257378458797529 0.313719612326624
0.0169001298221193 -0.0177261966930524 0.158258585493381 0.54753169490625
0.00682055970367219 -0.0130645455677823 0.0574659905933711 0.539820707582883
0.0111609774729471 -0.00591010275924667 0.0175285091942508 0.394322239242328
0.00642292089977772 -0.00712578240210721 0.017674111275471 0.242948576272657
0.00651534748020514 -0.00344620444754978 -0.0138518012017101 0.160388278055887
-0.00273511063742253 -0.00482111377550572 -0.105585588761578 0.13623034546201
0.00571782982916021 -0.00469345340291487 -0.139709832060313 0.182016566474751
-0.0212727351486784 -0.0190138908055087 -0.156523499700665 0.407409338715296
-0.149921800828127 0.116720201887417 -0.561920660535501 0.0556598241617006
-0.149312637770753 0.152551636923956 -0.434675895557374 0.0597058585836008
-0.181241197965529 0.094540280243692 -0.294491219474603 -0.0634836314535592
-0.190504240863802 0.0362004720192958 -0.130395375678428 -0.203045583579229
-0.205911625437888 -0.0679290980579013 0.0407907129194904 -0.232703751875392
-0.163088281513328 -0.163457546129475 0.194805443729285 -0.0413066159480841
-0.113781787158646 -0.212693639613808 0.248414876525521 0.266728199737218
-0.0477305714797043 -0.224290592067846 0.154005389662253 0.497903831519499
-0.0253567964428484 -0.202539526858785 0.0730108915085923 0.50978096340714
-0.00622782789471786 -0.15800287454958 0.0348262378248068 0.396280885524682
-0.0333922885017445 -0.111438365668764 0.0346071363796606 0.250326818181959
-0.0718114544280074 -0.0926255874857477 -0.000884456723394139 0.179214288095737
-0.105099829493075 -0.0676455546332941 -0.095808553626708 0.162195139179178
-0.148991125064586 -0.0177828813165815 -0.121410174794286 0.199135690212967
-0.180578078147925 0.0334749591555231 -0.118819049023282 0.41202876421217
-0.258492900338373 0.212819981357091 -0.506015036309181 -0.00754500199962138
-0.285164241281763 0.242677641058164 -0.391540850459128 -0.0118756322342975
-0.337292136714711 0.162523125070264 -0.268872895765279 -0.112377541800564
-0.368122538197614 0.0615051909838809 -0.139837020675263 -0.237628622902539
-0.378611167395891 -0.1130544644122 0.00205416314050818 -0.265235035269163
-0.298206182137933 -0.28499603791231 0.132067112687814 -0.101426241000875
-0.207249371169291 -0.378444318504348 0.192577119300167 0.16322224977906
-0.104720267535948 -0.398877364110057 0.122116215318836 0.36668298726783
-0.0714070512588993 -0.375123504510825 0.0903514627118063 0.4224086750579
-0.0601056626458164 -0.315728118123245 0.067816719118121 0.376283223706821
-0.124346154752469 -0.230000663196613 0.066428061004832 0.265576500009419
-0.208168090291199 -0.178244919772026 0.0230046883853451 0.220458194642418
-0.246077598954799 -0.10677061987422 -0.0660329598499465 0.214101006828021
-0.310815835634214 -0.00057846659964222 -0.068724934967074 0.236150500512661
-0.322884044261044 0.098254996863258 -0.0256887504261763 0.404280832145521
-0.336972938824665 0.252792784143393 -0.402966130114106 -0.114751335073422
-0.394782642956968 0.258886145799982 -0.308127868677215 -0.118985318088859
-0.455636907614751 0.15611321357604 -0.206594136828084 -0.185050231281713
-0.491304065670188 0.0274698810966879 -0.129632387492182 -0.284257566431402
-0.471079228652805 -0.185355094646875 -0.0369745839148323 -0.303396380006294
-0.354438420227103 -0.385132834802806 0.0495978795432964 -0.185992315457259
-0.239800490000895 -0.486615622631849 0.10883129277606 0.0158098819803321
-0.146144143979933 -0.509650104064022 0.0695296349866161 0.180487196662502
-0.137366678154847 -0.499449823680159 0.084306511211893 0.279396744462321
-0.165336105274673 -0.444286640288924 0.0843328738068131 0.310275379323849
-0.276528326229619 -0.316933862539579 0.0895614850831548 0.258827191355244
-0.394270072180352 -0.204546786969417 0.065609127227292 0.259620454244681
-0.406953953498373 -0.0802721396358708 0.00210092731412092 0.265859429658765
-0.446133901877942 0.0651972815087941 0.0316555721061275 0.263947985158123
-0.419917333134326 0.173631413885149 0.113646312826364 0.365966592260899
-0.366913258455797 0.236849368073118 -0.261481021092377 -0.227561575421588
-0.442244935522736 0.207184961907423 -0.185358419533919 -0.218010456277602
-0.487352180588019 0.0777269919373922 -0.103091868539711 -0.243532140726307
-0.500447171632244 -0.0576730622573124 -0.083443301283488 -0.318837100639064
-0.44145042332904 -0.255216586916922 -0.0511880694510763 -0.333978429671008
-0.312297786919141 -0.432073502336911 -0.0162069495229279 -0.280958578413491
-0.210779150871185 -0.518003252840356 0.0278477507350922 -0.155349140316391
-0.165258974413014 -0.544598077963915 0.00374158853915332 -0.0317671300406823
-0.204067660472296 -0.543438673774939 0.0353258360683649 0.0993415161915137
-0.282330239356899 -0.48617851227318 0.046729609186331 0.203895859732364
-0.423633415723862 -0.314666954278401 0.0753619038080936 0.232679384253646
-0.540865370076571 -0.137396966904911 0.110561561947223 0.277108628063818
-0.506193368315122 0.00921979934395049 0.10335731836862 0.284379834184411
-0.50425033324062 0.161774913657469 0.169722678862349 0.249105018306801
-0.448672570727092 0.242148070230925 0.274173559906085 0.28720375534505
-0.337953693500789 0.181468330933453 -0.101284216014805 -0.317055208798753
-0.40350923186459 0.116777629964679 -0.051242826726703 -0.267128646509657
-0.40805866654093 -0.01960463769975 0.0116121389955023 -0.249846014814101
-0.38795710010182 -0.130633533317861 -0.0161933759081904 -0.307060365712896
-0.309294505507243 -0.268613902028036 -0.0319495790901056 -0.336969980961546
-0.206541582448286 -0.398185596563805 -0.0368327445483427 -0.359980742939776
-0.146849571211807 -0.466844136902431 -0.0223737469469629 -0.319491647276167
-0.159562362082428 -0.494111941934306 -0.0623261902926401 -0.24040358807802
-0.240418122691524 -0.495836243825596 -0.056671827969471 -0.0829419891930938
-0.342190925807647 -0.423948976918212 -0.0489201918223883 0.0993187439234412
-0.470970986302594 -0.2280598782197 0.0218090827735627 0.21289841597885
-0.551872575762016 -0.0242855393117541 0.136334716905568 0.273761449060594
-0.485597031082792 0.106610730072932 0.202849824162358 0.253623292659822
-0.457347729128705 0.235298030372176 0.306369843002932 0.181419314840015
-0.401619791178443 0.272642632180069 0.425711339064967 0.175870667076037
-0.256038053832051 0.108973707492527 0.0462272389691912 -0.368350806394146
-0.291159734893374 0.0422566809196732 0.0565659208943285 -0.265186550886996
-0.260984882749852 -0.0680351381701352 0.0935191945099354 -0.205022367914366
-0.224356592200941 -0.131888648857104 0.0319512590451955 -0.252054541252958
-0.159133689263067 -0.205639883323586 -0.00254797019444104 -0.300201602329604
-0.0984018691550282 -0.286631515638237 -0.0189896669416825 -0.400101225003022
-0.078211012906107 -0.344956803279094 -0.0370709404536354 -0.448102227191568
-0.125505715270239 -0.370870667130247 -0.119452059348729 -0.416291771768412
-0.216126447332776 -0.364215781559882 -0.165563480693434 -0.229797176497452
-0.305137846571176 -0.290544623358213 -0.163978096100549 0.0326378208767531
-0.387706988970919 -0.118655940697428 -0.0410403110782587 0.214760488507722
-0.424456434905283 0.0559779912639997 0.137631512895138 0.261152326915327
-0.361541993148173 0.143828061612786 0.27183022602937 0.195318022388121
-0.330734292749345 0.236488271166638 0.405976177020497 0.0882693070736947
-0.293673231814584 0.242749535879121 0.53668683776075 0.0599611923202085
-0.134222808989266 0.0403658482623141 0.154238684149767 -0.389918812843761
-0.148632661899446 0.00897188520250128 0.114725727378161 -0.242189809120371
-0.12076777469254 -0.0553279870091234 0.125693111950713 -0.155101506020051
-0.097713278348564 -0.07318592198834 0.0448305777007253 -0.195018149129628
-0.063558138836137 -0.0998561900840662 0.0163537234807803 -0.252187385224381
-0.0373445315326608 -0.141031060818855 0.00592609861742927 -0.400094346028288
-0.0309410012345579 -0.178279698305531 -0.0315073418508946 -0.519945614367121
-0.0738556875993181 -0.188606789981083 -0.15932270736807 -0.529838176649108
-0.133658505918984 -0.179556838853376 -0.254432362202154 -0.316810333602675
-0.185214224965228 -0.134848768619652 -0.253301712075491 0.00864168833664386
-0.217557775621063 -0.0362006393648215 -0.0856563111260959 0.231710344728933
-0.229347999137046 0.0686122856256975 0.124796739443081 0.253204611288365
-0.191620925959394 0.104224848852067 0.302297024445841 0.138983685600955
-0.168435475354576 0.158604383101809 0.456529260391197 0.00912905614345449
-0.150794727203181 0.14961044652044 0.593876034098582 -0.0241219542876173
-0.0143665041567235 -0.0162116714807832 -0.539778970966695 -0.220667920239192
-0.00989709533673932 0.0194872974554172 -0.435195924852819 -0.150966068544463
-0.00783670217529362 -0.0158308581674438 -0.238794073490914 -0.190903390079776
0.00913705244686553 -0.0162146154681166 -0.017515995825618 -0.226032562521795
0.0115556026117083 -0.0355846728013026 0.150493340072167 -0.15491576035255
0.0225550799726262 -0.0263163027003367 0.188037280999987 0.102452258423677
0.021069366308717 -0.00882818465536925 0.0729575439511778 0.39932319394164
0.025052965002027 -0.00597750030733225 -0.11830017010396 0.553730357634722
0.0154058556447106 -0.00657042540383035 -0.202629211580938 0.501512327253643
0.0143052672352926 0.00183313251708367 -0.167559831491332 0.353220987338181
0.00946871262487872 -0.00226147218093188 -0.0983847316096561 0.221111614232473
0.007772363964199 0.00244180697420437 -0.0888767240346139 0.133328426233142
-0.00153227522087554 -0.00440346735016908 -0.15983026992538 0.0682411261248567
0.0051233898722399 0.00125051760602237 -0.213161941752146 0.0914819946557944
-0.00950032094023328 -0.0253874210952234 -0.3456264635507 0.27822717305194
-0.185572629993802 0.0366223843227542 -0.526321750259604 -0.216978189124713
-0.199233825342713 0.0679678760601259 -0.409444931618307 -0.156143944519789
-0.205570797152637 0.000852296735577043 -0.223497492922651 -0.193506951113355
-0.184993952661546 -0.055734223211781 -0.0188053964638496 -0.236528295521596
-0.151380802380216 -0.157715426847554 0.141751104773648 -0.177342359341143
-0.0666151561879584 -0.223963668095648 0.185159577099443 0.063890260631288
0.00360404164559991 -0.241822693151495 0.0862104406399032 0.354911956953283
0.0677709686680442 -0.222287465400532 -0.100393197896222 0.50548345315242
0.076456371595996 -0.188872319572216 -0.174322652635671 0.482054779632844
0.0702243395150514 -0.141256029936233 -0.151846947215229 0.362117145797511
0.0237969691826723 -0.113716050176107 -0.0851107007143253 0.233197050263961
-0.0185319634282347 -0.112304182451857 -0.0861553313053951 0.153213071947403
-0.0614418981282963 -0.108757379100419 -0.161909963848542 0.0935891876094833
-0.125096876201621 -0.0839265326184254 -0.203824954856614 0.11147592545304
-0.173995967083957 -0.0544757973232876 -0.313593634867235 0.297243667418351
-0.329056277455526 0.0681923270094847 -0.441501056982046 -0.24470860950358
-0.364517545127567 0.0829109151910286 -0.331585493030433 -0.198822180693816
-0.377552053484188 -0.0133216248426569 -0.172266134474641 -0.221068273659236
-0.353615260945279 -0.11738279062816 -0.0104755657593021 -0.266619476630995
-0.280819689539645 -0.279094372377106 0.119353165358446 -0.216617766120464
-0.128052484482873 -0.396204006444703 0.157612424355869 -0.0164492855640407
0.000880540780123367 -0.43385588177077 0.0847867733317992 0.237331184244662
0.10129459308397 -0.405611340965136 -0.0679468214436956 0.376167133884679
0.116205977834641 -0.363175258530467 -0.115764426208813 0.413199276482028
0.0969885498032582 -0.306791692841376 -0.112296014272964 0.358992016631467
-0.000531175305073914 -0.260796520373791 -0.0624150929050037 0.258095725560494
-0.0972418508367808 -0.249606034700157 -0.084606872397807 0.195914971438088
-0.166295917738615 -0.210359871252909 -0.161055875166805 0.15002118488409
-0.275651701722497 -0.144527418158362 -0.173952802291989 0.167164370554654
-0.330855640514329 -0.0656189142002315 -0.226923127151648 0.336110125997056
-0.420553894132416 0.0670730037796106 -0.298888753840218 -0.286708054066842
-0.472863543400971 0.0462529592263758 -0.202230015434429 -0.252453807918308
-0.482731393241502 -0.0777103277149966 -0.0797504143758579 -0.25289110665253
-0.444792217434433 -0.205591833491608 0.0207733031597021 -0.299901660697788
-0.327915500437517 -0.387186335825336 0.0987089517836871 -0.265289668125657
-0.130285883863417 -0.510191978435959 0.122582217246629 -0.12818148860464
0.0216742079649466 -0.546801118245046 0.0811600731127241 0.0672037172058307
0.118349980787482 -0.527368523114999 -0.0277605833682439 0.187854123492047
0.116079247520569 -0.505695935842078 -0.0532488820392008 0.285456009849701
0.0623244621051157 -0.470575553807113 -0.0641411639452023 0.30688178022054
-0.093381572130751 -0.410282327768245 -0.0387611032917963 0.258051457472545
-0.247416166057656 -0.360683455294985 -0.0700497511596797 0.24622591738886
-0.319017955827718 -0.265131745994538 -0.128736119703319 0.225297245241727
-0.424660861905877 -0.149416584027927 -0.0987741196778127 0.238193113955647
-0.45244002290877 -0.0444638864603619 -0.0849117752320198 0.372487395719136
-0.441516056202258 0.0381590082441844 -0.117307171509787 -0.316970419538383
-0.49097707127554 -0.0228905760237016 -0.0456943340398064 -0.278922712605148
-0.474838799744707 -0.162333392162956 0.0369106173489672 -0.251779944742542
-0.41298129521593 -0.28425665251156 0.0742251343500583 -0.308052314360791
-0.267839655835805 -0.435172105099868 0.0978687092945692 -0.301293366158278
-0.0711875231294089 -0.53262160883218 0.109955674901661 -0.245314348005602
0.0603278165193705 -0.561517206560922 0.0925992468906339 -0.122107987295662
0.115886983958425 -0.565506902105431 0.0148120509345324 -0.0291790650067995
0.0779994140893426 -0.576400631044874 -0.0116490610320894 0.103294316578807
-0.0238125052646095 -0.561528006982415 -0.0476663851768366 0.19486114793257
-0.226158834796781 -0.47877184484755 -0.0405157270903872 0.224410510701459
-0.4051248431782 -0.369795253871725 -0.0444523164941664 0.281781580223756
-0.44901216778801 -0.234541196149963 -0.0513715773617526 0.289366751656308
-0.519354640781871 -0.0924856992156953 0.0298604873046834 0.291085548809749
-0.508978040814749 0.00198309531202858 0.0964000440062615 0.384513221546322
-0.391141927204062 -0.000115050375342009 0.0659344457846981 -0.320575888944963
-0.416258194120805 -0.084699497016562 0.0950019635348693 -0.256109577559691
-0.357510261073618 -0.212245654403423 0.137229244714862 -0.201646486995265
-0.281153161161795 -0.294453692777869 0.126451979109463 -0.269171401273054
-0.145438716763888 -0.383674070423517 0.115676838540063 -0.300832558636238
0.00560910803345717 -0.451042363993866 0.131608685520417 -0.326924488192001
0.0931819693871376 -0.486853472971009 0.128984636922189 -0.290607702963136
0.0998042750961582 -0.519789289629666 0.0543765222735229 -0.242395764893977
0.0212674348277182 -0.551197780645777 -0.00674878037141571 -0.0997012045272453
-0.106493919827583 -0.535483065845277 -0.0838588580881112 0.0582365956024325
-0.30857690683456 -0.425130071341478 -0.0810498404518521 0.182230825797458
-0.467304269006451 -0.276406298452951 -0.0223851787836275 0.292490201978552
-0.478089129313999 -0.138589393369882 0.0497582154704668 0.312866774515192
-0.511066056635436 -0.00577866714532758 0.182465909624214 0.299622164581056
-0.482359885493252 0.0521726559300814 0.285047468994196 0.364758826631552
-0.284233572273414 -0.0247489934659979 0.222262255626903 -0.297908974061063
-0.282503834311169 -0.097881764951681 0.184750599396757 -0.203519991217765
-0.202577087738293 -0.185684504665181 0.183821860315504 -0.126993193724988
-0.13662287696873 -0.219276652681842 0.143255288525471 -0.20211907186418
-0.0437347999118819 -0.255338581333822 0.129992539435141 -0.261474112411934
0.0478444930552162 -0.300911364543723 0.168880111004644 -0.357619123846572
0.0950372902658208 -0.347777156857358 0.177818560856778 -0.409993262548301
0.0671277074164621 -0.395771852854531 0.0884049996794876 -0.421775466982796
-0.0221260256871255 -0.424073604095443 -0.0347453551676295 -0.279320234215699
-0.136581868470143 -0.399980573866037 -0.154515777181573 -0.0530431102230021
-0.288694499541281 -0.287907604852322 -0.138486018977683 0.157276579571049
-0.393663443469395 -0.147101678763495 -0.0144696688635565 0.286945705490933
-0.385552674459026 -0.0460323020991814 0.139603609689363 0.29785089449013
-0.398272762059583 0.0545275498453811 0.315540173298949 0.269437646008312
-0.373553873010754 0.0756135958977586 0.442849878717729 0.320822824594565
-0.143894195411145 -0.0269958655238017 0.327274012640651 -0.267949467678388
-0.139692843940979 -0.060991568053097 0.220453070311412 -0.156593556027583
-0.0840959907828835 -0.107553112161157 0.184685594548287 -0.0717092811794017
-0.0533820088547876 -0.109227541862954 0.129503846090936 -0.148843142593582
-0.0108273371044736 -0.117176149967022 0.129060770101373 -0.212956649544226
0.0314112096261461 -0.142895504481174 0.195171954759221 -0.346209120055836
0.0568950671940944 -0.177890383766939 0.220362223877205 -0.471070416796806
0.0242184659292351 -0.206121773489324 0.108319666137961 -0.539117623520068
-0.0360075969943318 -0.221562532769687 -0.072954163884769 -0.396456596518192
-0.102408328851539 -0.204573298184153 -0.222605860640301 -0.113413481065002
-0.17636752634731 -0.132577843092557 -0.185946219996049 0.156493450035009
-0.229759902517234 -0.0445981582581858 -0.0187877878604494 0.27795708825924
-0.216105854806815 0.000505730743925381 0.196250404132803 0.267350159961863
-0.217323559494666 0.0609090494216382 0.398731511497635 0.228896373522959
-0.202794580901746 0.0596364630620726 0.536001268525101 0.27789214546862
-0.0145229554867394 -0.0163146870941383 -0.54612564302514 -0.211506192890143
-0.00945126749761051 0.0202217020972503 -0.438665445941346 -0.144320432399116
-0.00823598544640926 -0.0156155764848813 -0.243472028142785 -0.187349072073774
0.00941956787557663 -0.0166121865720293 -0.0214341344137289 -0.226290252026297
0.0106897493182774 -0.0356501799684458 0.148186588885351 -0.157722295275936
0.0219727315208824 -0.0265742614462632 0.189874079487745 0.0995320486683936
0.0214642144019578 -0.0090502875658015 0.0777792422224579 0.400434910325821
0.0249120036351084 -0.00658704457473718 -0.110756838872775 0.557619342745666
0.015165426841817 -0.00669616913752719 -0.195554697901449 0.505922404819617
0.0145644201795294 0.00110720562610789 -0.163140668993294 0.356334160320635
0.0092960532979131 -0.00253395289158028 -0.0952680196199761 0.223085148465147
0.00723628498634186 0.00189993474163234 -0.0862765117480472 0.135077554580232
-0.0021628544195014 -0.00413128375163182 -0.158053454932911 0.0712084764607052
0.00555013300432791 0.00134058791751967 -0.211367453144593 0.0940552890381335
-0.00952602259764964 -0.0249859447184688 -0.342053704138647 0.28280340459925
-0.186288322110566 0.0389009082568852 -0.531275841437141 -0.207623061516623
-0.199054033461866 0.0713075439072843 -0.414045420584052 -0.148720287880311
-0.206084137511768 0.00421429762814452 -0.228357899128257 -0.190538541546022
-0.186620494705609 -0.053825926330472 -0.0229589108640598 -0.23627962598465
-0.153893127020969 -0.156396426717488 0.139466305291915 -0.179668531708629
-0.0700709844150117 -0.223122495916688 0.186581814132291 0.0618004044948106
0.000254586817951905 -0.242948275658826 0.0902944511553292 0.354802658487121
0.0649200684085577 -0.223660042625625 -0.09211849414506 0.508089094266634
0.0739968843504347 -0.190594421092307 -0.16762332675529 0.485069748435009
0.0685195323003178 -0.14261440644215 -0.147237550633701 0.365154346998632
0.0221796135510092 -0.113925763280244 -0.0821795861257057 0.234545088809127
-0.0206957666990812 -0.111523278600776 -0.083329259214065 0.155130488084397
-0.0633645045195374 -0.108066397755167 -0.160072894107611 0.0960786038374537
-0.126360870673051 -0.08206200700263 -0.201823712420658 0.114573740732208
-0.175217586777389 -0.0521044081154477 -0.308501869060324 0.302161560685809
-0.329630345269458 0.0731632906727132 -0.448735106602505 -0.237392547245724
-0.364775058135566 0.089463542485371 -0.335680700754955 -0.192900621405535
-0.379858229209118 -0.00763548447471315 -0.176737201291724 -0.219369196411117
-0.356539904438321 -0.112434947242951 -0.01517578358201 -0.266617026661323
-0.286552145996473 -0.275934077661064 0.11606878565519 -0.218822330317696
-0.134615571537579 -0.394516479529006 0.157357227378526 -0.0190684956566002
-0.00693446120882527 -0.43524507749249 0.0878023681270042 0.236823233642654
0.0964356538031845 -0.40846748506007 -0.0622575787850999 0.378906697113569
0.111271018845975 -0.36601706885018 -0.110362985613879 0.415499941433562
0.0919301729875928 -0.309126167599015 -0.107252364309108 0.362028667585282
-0.00415029245759496 -0.261591567725827 -0.0591556923015313 0.259837666768391
-0.101066399530434 -0.248930468287942 -0.0812901330757909 0.198049540281221
-0.169910950176929 -0.208644930463845 -0.158054337724982 0.153338233202657
-0.278167432731957 -0.140930863799688 -0.171165499442885 0.169171317167905
-0.332352542739902 -0.0602841360792021 -0.220774771859172 0.339256123090298
-0.421336795475095 0.0725195220658684 -0.30330519358982 -0.28266455475381
-0.47407982910579 0.0551363265591855 -0.207097359544289 -0.248635834517977
-0.485564659206639 -0.0698569647977651 -0.0846656752420691 -0.252451884335088
-0.448791139165503 -0.200345358842893 0.0153863559235989 -0.300723850770096
-0.334565728001775 -0.383769214019472 0.095310926983299 -0.26872048651035
-0.138014162363964 -0.510802529597229 0.121223907076433 -0.130852191476452
0.0136382377774131 -0.549181309012333 0.0814956794042248 0.0660448149312515
0.111517483891488 -0.529598526809721 -0.024657409022441 0.188808072772773
0.109131848790812 -0.507341688788136 -0.0484437508170961 0.286443661935988
0.0561381543635984 -0.472795058400552 -0.0598195284271801 0.308756874995559
-0.098705441927385 -0.410113142165097 -0.0356357152526331 0.259749244601986
-0.253169799011005 -0.358022471253974 -0.0662496188568637 0.24839563757302
-0.324054630244195 -0.261227053636098 -0.123804765701339 0.228259122796735
-0.426810176039587 -0.143472652141676 -0.0943767784749125 0.239778363583465
-0.453817857026059 -0.0374702001432946 -0.0786932347357316 0.37404655551728
-0.440953915883095 0.0443561557259045 -0.122352705380637 -0.314577480997562
-0.492802340969925 -0.0145855117492829 -0.0504750904143002 -0.277748286548449
-0.478579508316564 -0.155745440051824 0.0329301982095522 -0.252653719317107
-0.418291687178075 -0.279174212249999 0.0694636568917872 -0.309613385893345
-0.275557912769116 -0.43254602030905 0.0937936518725839 -0.303689808599479
-0.0777664501164119 -0.534069277974546 0.107113040339818 -0.247930318984989
0.0531445125615213 -0.564941390079711 0.0910637030698766 -0.123863038559653
0.10974622809565 -0.570260008126358 0.014616026304762 -0.029401612992975
0.0689998237675891 -0.579075897645653 -0.0096274071503134 0.104100524628733
-0.0290716968337779 -0.563870822361531 -0.0447815143664841 0.196275823949983
-0.233576806815791 -0.476070164258957 -0.0373947630246315 0.226581286394115
-0.411488254843632 -0.364325499092087 -0.039647866592403 0.282598354630011
-0.453655425191908 -0.228065175891709 -0.0451885792170063 0.290919093220503
-0.522440953240513 -0.0839124520146781 0.0345676335248842 0.290874082862611
-0.509244575663082 0.0090187818044006 0.103870663025281 0.382430281365199
-0.392542061058058 0.00627926254836442 0.0621790892909482 -0.321157179256129
-0.418528272289665 -0.0790393484914847 0.0904503230777026 -0.257606405564357
-0.361846878734007 -0.207628531678008 0.133550592035991 -0.204457782963405
-0.2847800402993 -0.291723685719918 0.121450253076988 -0.271374064446679
-0.150195416902668 -0.382808988200822 0.111609617470222 -0.303331856472515
0.000293345623595757 -0.4521446704258 0.126498661966271 -0.330579422625761
0.087513735587901 -0.488759909590002 0.12458349570041 -0.293267795522256
0.0923222033877956 -0.521741446959176 0.0518568743979988 -0.244642451257056
0.0123084634851709 -0.551600930447304 -0.00762171261535496 -0.100136834909836
-0.113237685597891 -0.535895821512408 -0.0825694999427821 0.0599570637344495
-0.316404064470569 -0.421141788395092 -0.0781707574898792 0.1844948081325
-0.472574744669324 -0.270574418498032 -0.0178146520367103 0.293473377952525
-0.481006677871069 -0.132035697860356 0.0562918112922781 0.31335135229567
-0.51419843886051 0.000865909110704105 0.187798965789362 0.297590956206595
-0.482187854883619 0.0589279683840579 0.291450279064505 0.359342079250165
-0.284604949327158 -0.0204531344064394 0.218100482375643 -0.300932282719786
-0.284101624023224 -0.0939694446275496 0.180436973307031 -0.205487775072519
-0.206095932261741 -0.182682629346697 0.181485641737975 -0.12970795613152
-0.139599254903453 -0.21771763433011 0.139975832930773 -0.204958623637685
-0.047587950802906 -0.255512511669253 0.126372631488772 -0.263729099456838
0.0434571362596313 -0.303026646741967 0.163555375957807 -0.361834988680363
0.0905601521548463 -0.350047924173716 0.173930999239795 -0.413672855405363
0.0627328058043294 -0.396483262079533 0.0814210404796095 -0.424517120496136
-0.0279758487395722 -0.424609630220242 -0.0378066238981651 -0.280408699003356
-0.14249225790407 -0.399831908044331 -0.155468189407106 -0.0509838750984896
-0.293520546542684 -0.284558981558134 -0.136156110035428 0.16034435194435
-0.397329035913423 -0.141040187262357 -0.00970068290242449 0.28784276306893
-0.387211712310004 -0.0408416773382844 0.145705502181775 0.297088976612803
-0.399468803319961 0.0599823071834837 0.321158752998961 0.264811417569343
-0.372477460325818 0.0809936841898285 0.448506304262103 0.312296330496267
-0.14486852775567 -0.0252101429977461 0.32359784664692 -0.272275538343278
-0.140750722019461 -0.0585441985408213 0.217956371477487 -0.158908344593379
-0.0859070615822116 -0.106439300099987 0.183280225430747 -0.0743880664903326
-0.0546040932690912 -0.108584467737165 0.126662599110557 -0.151314501164457
-0.0126142585697091 -0.117338661878407 0.125427941414544 -0.215066096601467
0.0293039059391445 -0.144308576885495 0.190669840725947 -0.35115146854904
0.0547535834794257 -0.179647043618037 0.214327727166549 -0.475756072177528
0.0219896449350591 -0.206588978921963 0.103510667882582 -0.542417166240302
-0.039204517871268 -0.221021706658584 -0.0781246409580046 -0.39776433210008
-0.106397893586001 -0.203718283932327 -0.223896603291172 -0.110626677483816
-0.178402709845679 -0.130591952208751 -0.183791768537597 0.160144184763383
-0.230507748425916 -0.0412801201792515 -0.0141576280527567 0.279492784797459
-0.216753355830376 0.00305719958059764 0.201851665546229 0.264591137827206
-0.216957369261786 0.0645596154651519 0.404457175749021 0.222425481754063
-0.202124063920556 0.0631838844009684 0.542906392321714 0.269995653816042
-0.015762832240483 -0.0169840673806651 -0.550356589400144 -0.205001831173228
-0.00805242820631919 0.020754966589562 -0.442357001075922 -0.137481378976895
-0.00798923370255176 -0.015758058112161 -0.247931440270309 -0.183412352825445
0.00963686325192336 -0.0175602016905531 -0.0261651702413058 -0.225933550838887
0.00963980569055012 -0.0355419732544423 0.145832937117077 -0.160478744288387
0.0211611377361859 -0.0265498441495128 0.191157258029239 0.0966393203989284
0.0216942057097227 -0.00843079019611014 0.0829175344037827 0.399689153887691
0.025130743369055 -0.00765990504577178 -0.10299540293503 0.55932429210098
0.014616915075907 -0.00646319992012422 -0.188941368728267 0.507893533425505
0.0144177810327419 0.00122212698637986 -0.157320136488188 0.360374075660825
0.00993459612134853 -0.00302193224360668 -0.093015950514717 0.225081807026221
0.00721622740057437 0.00245527753165433 -0.0839135578285616 0.136479570635004
-0.00202771855596953 -0.0035513476416894 -0.155934380573863 0.0749010909152285
0.00638403006781585 0.000762965290538006 -0.210420683700741 0.0959892056386948
-0.0104782047371722 -0.0248012797333946 -0.336760665711996 0.287931974358946
-0.186054435914395 0.0406231738780057 -0.53598511667115 -0.201461757364019
-0.197327616516198 0.0738144087730676 -0.417810971981528 -0.142760005920206
-0.207600689512454 0.00761663854634987 -0.231540076896472 -0.187343322997758
-0.187501612772515 -0.0509433670309683 -0.0265941853163956 -0.235112950000914
-0.156661242242848 -0.153949561727304 0.13528741802997 -0.182735168859798
-0.0737423884755331 -0.223433702992379 0.188225987402033 0.0577139307971858
-0.00431778803633324 -0.242832217140451 0.0932733800509743 0.353289843594828
0.0620802770957377 -0.225608150820343 -0.0845447639893437 0.509025641253603
0.0709705296792526 -0.190687075939353 -0.16189858059835 0.488101580393994
0.0664774660471297 -0.144732122971385 -0.143480538453059 0.367972551644697
0.0196358253668394 -0.113677863355106 -0.0789407491911207 0.235093384744951
-0.0216451511445036 -0.111404134256491 -0.0808405712122526 0.15776470118647
-0.0647762523182756 -0.107454586715996 -0.157229848613735 0.0983643243932707
-0.127069837066234 -0.0803183109385155 -0.199867758096548 0.116760598469906
-0.176267050020288 -0.0487923154353339 -0.304076914273893 0.307441979272237
-0.328276454045251 0.0789195091586768 -0.451264468995144 -0.229749259361749
-0.363846339255844 0.093852747821331 -0.340195894893799 -0.186228410421506
-0.381119381905224 -0.00158408722668111 -0.181196621939075 -0.217386381023887
-0.358066607069629 -0.10807315911169 -0.0206045021176934 -0.266817310135309
-0.289917689201444 -0.272698132336158 0.112802919404501 -0.221797257854319
-0.141221968201845 -0.394450644302549 0.157289078126262 -0.0221652173131802
-0.0133059695859083 -0.435509048220001 0.0912496481492572 0.236560136256378
0.0907223833461654 -0.408475596811345 -0.0577396234204454 0.37894491092529
0.106296744715544 -0.367810251921619 -0.103735799099024 0.418104204633048
0.0889618765070206 -0.310820582517972 -0.102199032558799 0.365061255388502
-0.00684549003475532 -0.260606960097572 -0.0554038145601435 0.261032767149384
-0.106030393321536 -0.247647856778903 -0.078455116238482 0.199966704657382
-0.173894296878951 -0.207094085869481 -0.154198373775888 0.156957303698375
-0.278934711566054 -0.136770394877315 -0.168742109455323 0.170811024725727
-0.334295262156846 -0.0554373206912375 -0.215841790306542 0.342688843232005
-0.4207836799442 0.0787208953812415 -0.308145579988335 -0.274703697358154
-0.474738111792023 0.0632276747821704 -0.21117783884864 -0.244212193835158
-0.486309192492707 -0.0620939049630357 -0.0899929482139766 -0.250962917478757
-0.45341472161525 -0.194169262726628 0.00998631925085208 -0.302047000984143
-0.339659923970791 -0.379250622397825 0.0916670256785781 -0.269827670444874
-0.145947524482732 -0.509961015008255 0.119525958678645 -0.133977582964896
0.00468612258614192 -0.549275330023155 0.0815836664504124 0.0647089512157012
0.103257010957605 -0.530243832712917 -0.0221290196036523 0.190213776383385
0.101099085016385 -0.510071081309837 -0.0446603578859 0.288473476849872
0.0499825153839409 -0.4743293293914 -0.054717465240493 0.311388142319819
-0.104911000680828 -0.409425009717076 -0.0319588447947637 0.262461132337781
-0.2586421211801 -0.353654216238418 -0.0617886885320193 0.247679819794889
-0.32857637328304 -0.256278634701599 -0.119275725791281 0.230551911722232
-0.429434409721398 -0.136476513792031 -0.0909422568647521 0.240180938084003
-0.455520649926828 -0.0312833229221151 -0.0726908454256728 0.373973537063185
-0.442528039263557 0.0507319654579168 -0.12869298917118 -0.311538482261033
-0.492219349866326 -0.00860593451535675 -0.0551189492097302 -0.276593971852635
-0.481280830243229 -0.148853787934965 0.0281773833971433 -0.253484954793108
-0.42262252234709 -0.275236152704819 0.0650194875377445 -0.31122608971527
-0.280997859781315 -0.429618300019624 0.0901435536126315 -0.30660899031474
-0.0854801251328939 -0.534465116589059 0.103625234125326 -0.250515569919169
0.0461457485428489 -0.56819166849247 0.0882846032873429 -0.124713003689458
0.102196999312778 -0.571432159003271 0.0139633010246562 -0.0286966094000261
0.0609725172198958 -0.582308928375955 -0.00812955497987025 0.103401338748261
-0.0386613952740732 -0.564887701155756 -0.0417091043020013 0.198087641960894
-0.240225044001584 -0.47486178290785 -0.0347928338998878 0.228405324274103
-0.416301332191786 -0.358415832068446 -0.0353310267229462 0.283009759076225
-0.45792558829013 -0.220220787600145 -0.039331420134536 0.293170324539778
-0.525637273668137 -0.0765120511108357 0.040187535732646 0.28983254304232
-0.511171174452409 0.0166042386771051 0.109950126050923 0.380707649918812
-0.393117764180296 0.0133234082266928 0.0577789986524457 -0.3220906398891
-0.419013089954689 -0.0715658834119448 0.0863904194822059 -0.259059233223688
-0.364642146200642 -0.200778162685338 0.130278673815616 -0.205138398051635
-0.290202324291598 -0.288235835340854 0.116189857301874 -0.273782477667811
-0.156283053071255 -0.382279682395512 0.107361865317128 -0.3068143674588
-0.00648317608975022 -0.453745370140202 0.122481392503758 -0.333162004680125
0.0801471885380883 -0.491543514573327 0.120811004624393 -0.295910743363052
0.0852006959036384 -0.524399966990381 0.0486672910931372 -0.246106671519401
0.00572035315169892 -0.552769523459338 -0.00931755728685587 -0.101325904147043
-0.121628183806862 -0.536451301211207 -0.0801202072564407 0.0614936963916715
-0.322860038536852 -0.415584274345867 -0.0751747996058014 0.185013909465166
-0.478011742640178 -0.264105266854273 -0.011152760721134 0.294760859137493
-0.483958063384732 -0.126401891407999 0.0641187732868458 0.313460506434989
-0.514703109376722 0.00936105920893487 0.192952454398023 0.293081794181785
-0.481923202507824 0.0668843604016704 0.298862993805182 0.353636563370583
-0.285476514547002 -0.0155511119258002 0.213944990782049 -0.304120577163914
-0.28641637177518 -0.0890900862216826 0.177916621256663 -0.207490919990609
-0.209314203133253 -0.180107786292081 0.180099492902063 -0.132203931074288
-0.142880056127659 -0.216526345246236 0.135272327612467 -0.206339112518168
-0.0507007723053708 -0.254328441578554 0.121601350548606 -0.265781560584838
0.0398781676793148 -0.304728404909431 0.157941091180413 -0.364064660576126
0.0866685014748471 -0.352245019403484 0.168185785711775 -0.417131764400838
0.0575684925465282 -0.397056520132324 0.0778521469281563 -0.425863560237664
-0.034284170253358 -0.423977908788367 -0.0411061116849305 -0.280258685006105
-0.148228488600939 -0.39774396651849 -0.155587883428064 -0.04814641658005
-0.298272380898603 -0.280495334488362 -0.132803757256779 0.162750284536307
-0.400293128677646 -0.134338841186891 -0.00424090779813141 0.289076878891579
-0.388352828855739 -0.0347202659609823 0.151898068710462 0.296084481741812
-0.39956289454787 0.0672612834627851 0.327155348192446 0.259583348328647
-0.371264133567966 0.0862878885002622 0.452931390811528 0.304804235088926
-0.145387995287325 -0.0230892145912912 0.319207414187068 -0.275488922278091
-0.141152880235725 -0.0569264887481664 0.214004591789198 -0.160423900993686
-0.0866497822414336 -0.104574304477233 0.182077697270465 -0.0776753075437108
-0.0553245816477298 -0.108204065753857 0.123788546548835 -0.154008370958544
-0.0141804809792887 -0.116920085639354 0.122533070649381 -0.217095159288875
0.0271930056262596 -0.144909653051573 0.184816857127732 -0.35419517330144
0.0528106826352222 -0.180829864160534 0.208475425830665 -0.47843282581497
0.0187474442837525 -0.207098455339364 0.0936181612647896 -0.545393692161231
-0.041074252031102 -0.220572082658865 -0.0839767051732601 -0.396999465294507
-0.109788885244108 -0.202270308475215 -0.225635033732135 -0.107390577580681
-0.179877940912253 -0.129194234500473 -0.180778532673978 0.162574646610759
-0.23044795059844 -0.0374296057835624 -0.00978226340878919 0.279645968092021
-0.216971549123256 0.00591874382353772 0.206181648457097 0.262310025288145
-0.216067638778754 0.0680964419473571 0.408189353251441 0.215268980174442
-0.200804488926311 0.0668726155756399 0.547983931832385 0.260382681548857
-0.0160252758091479 -0.0169475718893327 -0.555146450423979 -0.194269445564458
-0.00805734176959351 0.0205361953671745 -0.445937257669557 -0.129447535254641
-0.0094622131015925 -0.0152558352524286 -0.250536554229948 -0.178911914008374
0.00904164587671459 -0.0175763406578671 -0.028884687889312 -0.225144573932254
0.00987009054194156 -0.0357851014725644 0.143750769793291 -0.162234839815636
0.0211422090699248 -0.0261043399962833 0.19159139095128 0.0944532641474744
0.0210367695560486 -0.0093714767700553 0.0871755412722741 0.398665701159046
0.0240242268886848 -0.00710881988773025 -0.0960563969609057 0.561162274660291
0.0149673475241016 -0.00724364523498454 -0.182216810089356 0.511655368901305
0.0145545587858721 0.000253865924621527 -0.152938366055402 0.362094396618346
0.0088508235462407 -0.00330713373138107 -0.0887766777666701 0.225650668742083
0.00688287698085665 0.00162704250871289 -0.081730750348676 0.138184241343346
-0.00324511310234501 -0.00359558059099427 -0.154592873415049 0.0764090133307518
0.00567643397267725 0.00139536033353006 -0.206719703750435 0.0986617626665224
-0.0099824872527396 -0.0248895763241507 -0.330572706412524 0.290888119877569
-0.186063990625111 0.0436567428771218 -0.538854230482577 -0.19148862380986
-0.196651100257751 0.0772760485436635 -0.420281846411166 -0.134611054814701
-0.20659992003771 0.0101972602180609 -0.235300737402374 -0.182589546715043
-0.187954760059972 -0.0490812488712301 -0.031109042299577 -0.235107855850592
-0.158780273822584 -0.152420440435784 0.134293452351567 -0.184441672416068
-0.0773629312120549 -0.221343624916138 0.187236300943531 0.0554307255205218
-0.0067471411879467 -0.242715029056117 0.098423238756523 0.352222610193162
0.0592445928030402 -0.225434744429695 -0.0792854746047608 0.510709941842665
0.0691731638708306 -0.192496825321363 -0.155025486582972 0.490732836779688
0.065015412484066 -0.144896464171224 -0.137100047345065 0.370010123954821
0.0194624813007385 -0.114093710240657 -0.0752694146461638 0.237153765082268
-0.0236229527927158 -0.110533445155993 -0.0776495164569203 0.158087564236713
-0.0671393280488991 -0.105390056746003 -0.154901819970877 0.10155434708739
-0.128641797449734 -0.0777319334882468 -0.196520258110354 0.119263562172624
-0.176603064997445 -0.0465410618410722 -0.298213918184555 0.309751635652956
-0.328660795830512 0.0825796451438227 -0.456742641768808 -0.220568449352651
-0.362058137840255 0.100641432305059 -0.342769182696651 -0.180893650266308
-0.380702745647343 0.00382528529497748 -0.185032265867503 -0.213426285370479
-0.359584836547229 -0.102576646823378 -0.0233432562855724 -0.266024418542793
-0.294560195530981 -0.26975687411426 0.109824297434753 -0.223853688561545
-0.145564774866108 -0.392612432197212 0.155801943512166 -0.0242287146499937
-0.0180957104484347 -0.435677571013839 0.0931837632301156 0.234168384711559
0.0856621864006153 -0.411055871196554 -0.0523113489432736 0.380563520854283
0.101455608823208 -0.368134156381352 -0.0992639039975176 0.418687036114915
0.0846212609402431 -0.31232944984812 -0.0962267926842762 0.366422611848414
-0.0102963875587005 -0.261057126849251 -0.0523670202404209 0.261385568200295
-0.108470898952716 -0.244929471494478 -0.0741836987436855 0.200715476571164
-0.176963058107956 -0.203480311994155 -0.1506072178973 0.158262682482728
-0.280997587275002 -0.131919403719997 -0.164687839549027 0.173428747110844
-0.333639560235665 -0.050388908954154 -0.209370753001149 0.344180726672427
-0.419260991827831 0.0855795621719948 -0.312870028792227 -0.270693092662571
-0.4732037070724 0.0696082466143389 -0.216136869580393 -0.240715538398609
-0.488887746545111 -0.0563874162782717 -0.0934515718990298 -0.249486381148905
-0.454352434888925 -0.188115119286443 0.00525815445153041 -0.300648841173853
-0.345441463055224 -0.376036950812397 0.087761535175453 -0.271903328585399
-0.151832217511695 -0.508330543605011 0.116655005612929 -0.136084760691827
-0.000872369673704947 -0.550463306734318 0.0832284425221877 0.0638369802544676
0.0968345223917007 -0.531250649997436 -0.0190244058394268 0.190114924454889
0.0954937760554801 -0.511421726807768 -0.0407852462438577 0.287235811616822
0.043644702513397 -0.475553837045021 -0.050476328893578 0.312335858463744
-0.109746818323565 -0.407502666813851 -0.0283094419635469 0.262305969470535
-0.263944414377654 -0.350176601017273 -0.0573162218101744 0.250213163531665
-0.332692410445441 -0.252632623844122 -0.113676165088116 0.232655019686096
-0.432534562851448 -0.130330055612571 -0.0873336568960662 0.241372348001898
-0.455051161014808 -0.0239918850284554 -0.0656344752810087 0.373663676866577
-0.440741379166406 0.0572909250697809 -0.13189053649261 -0.308506756848872
-0.494117832150812 0.000336168502023069 -0.0605865117958205 -0.274060422434085
-0.482630231269407 -0.141760524287839 0.0246720592492865 -0.25408254204636
-0.4261291768696 -0.268613267767977 0.0596626734823539 -0.31169432953787
-0.286641471182548 -0.425267031772327 0.0851268836849161 -0.308455961011325
-0.0935058199745799 -0.53430953186012 0.0992910541527372 -0.252541902958388
0.0391711094042071 -0.567797445740936 0.0867556983967063 -0.126507773247469
0.0951518990041108 -0.571619931222047 0.0144786250585124 -0.0295897180526476
0.0534901185743949 -0.581487025279485 -0.00544619088683475 0.103439658711251
-0.0450081474403812 -0.564086379624398 -0.038601613680394 0.198525595525872
-0.243833803692751 -0.470629394954407 -0.0319521156575011 0.229176792966924
-0.423601410991432 -0.353050741795331 -0.0297388477978175 0.284219988808504
-0.462544682806128 -0.214589430297138 -0.0329784636777506 0.293032180426371
-0.524185475719972 -0.0690494410952926 0.0434145102744355 0.288890294434847
-0.510432279214697 0.0254050596811816 0.116852542350595 0.377052358567385
-0.39158356454448 0.0174665453026641 0.0521617825391105 -0.320289606925048
-0.419926755415407 -0.066162606780197 0.0807442461882676 -0.257503011593132
-0.367452444748619 -0.196369820191649 0.126768792078512 -0.207510547416664
-0.293567692997157 -0.284618152836871 0.112925634007269 -0.274497172503262
-0.160664500059171 -0.379821253914282 0.102357041282658 -0.307516826549509
-0.012873229836336 -0.453859793940218 0.116891435352949 -0.335928989808276
0.0754199818307755 -0.493224708208062 0.116156911293038 -0.297208970539132
0.0789973082851308 -0.52526636695174 0.0456345574206986 -0.246160116399502
-0.000546901322948118 -0.552287025849238 -0.00929148603800041 -0.100739420075925
-0.127228206892528 -0.534030644820375 -0.0796862729709907 0.0624570464085326
-0.326887724158806 -0.413443584184079 -0.073112905954578 0.187619126697698
-0.481794366240852 -0.256322797113914 -0.00739602525945119 0.294520766082193
-0.486483544407773 -0.118920683740939 0.0688144894298932 0.313452926143814
-0.514529513951253 0.0177191926817703 0.197975143327621 0.290682313927755
-0.480630304533963 0.0727366479891319 0.302550831503064 0.34746762248083
-0.28530493602709 -0.0123805781267149 0.208977604376467 -0.305200570357854
-0.286771863094129 -0.0848092988485915 0.172720369323965 -0.208526562542446
-0.211042115732571 -0.176502572388357 0.176333667800622 -0.134260035919975
-0.145015688138586 -0.213653792212407 0.132477404895569 -0.209147308891387
-0.0540521323704023 -0.254871877271442 0.118835609316638 -0.267242765531585
0.0349220733427425 -0.30568908229422 0.153544758319266 -0.366988457617856
0.0818996118807644 -0.353761026963527 0.161422618903255 -0.418297015160381
0.0528965741544655 -0.397455625323735 0.0724864014335975 -0.427722723742347
-0.0391457028666662 -0.422776854594684 -0.0443458633187466 -0.279747829327928
-0.15341500518411 -0.396611649623352 -0.155181429973386 -0.0465984712512837
-0.301783347487919 -0.276159827801912 -0.13120403693566 0.165429476191107
-0.401407803572228 -0.129384299545838 0.000348599944792003 0.288650923620555
-0.389822487329185 -0.0298938399672398 0.157533917212873 0.293837226421349
-0.397862706720437 0.072649655134106 0.329948790761984 0.254043532107165
-0.370251611683025 0.0926559292683966 0.459503508738637 0.297386520150504
-0.14486011798032 -0.0212284998462482 0.315403988011821 -0.280985895466339
-0.142381406042421 -0.0538349305293914 0.210735688953176 -0.162567588602512
-0.088738191072604 -0.103424791066139 0.17989544871612 -0.0791266548019967
-0.0571062371580679 -0.107142560296175 0.120880662907928 -0.155004548602567
-0.0152295320008252 -0.117535012178304 0.119404159688243 -0.218865759197676
0.0260437230602109 -0.145892784058852 0.179691833338178 -0.356846729887731
0.050224004640451 -0.181377154410339 0.200320024781253 -0.482182799496004
0.0167693204875399 -0.20703629428546 0.0879465709507732 -0.547138764853238
-0.0441284999682946 -0.219505780016088 -0.087488455969019 -0.395658847730918
-0.112154628357549 -0.201277093855035 -0.226355390163072 -0.104497369783955
-0.181931232002196 -0.12583272787433 -0.178102311037396 0.165694014878833
-0.231420556762502 -0.0343503846535123 -0.00549281213971786 0.280089582298792
-0.21677427523392 0.00975865419884099 0.211425348217284 0.259419082375241
-0.215427552642704 0.0717813321426936 0.412350672038294 0.20849130833577
-0.200425558906056 0.0692781433954009 0.551177649920937 0.253402484097072
-0.0166078312390927 -0.017252963207846 -0.557072636894729 -0.185120790575048
-0.00725607064756266 0.0199034908882706 -0.44661110518485 -0.122482927505025
-0.00943583275795122 -0.0146171859664787 -0.253520893730898 -0.174651151993834
0.00877389913017452 -0.0179721692298767 -0.0324037121226224 -0.223801328892605
0.0091803973382283 -0.0361303003497044 0.140778685122656 -0.163500607771344
0.0206528775942846 -0.0263270917429077 0.192272955446645 0.0914912476425263
0.0212336638596655 -0.00942175156454464 0.0914601015718128 0.395994386072744
0.0242867458730514 -0.00762960690454806 -0.0899886012061906 0.562825588970083
0.0148738322829885 -0.00766873471019904 -0.17540883858474 0.512720501549503
0.014452995035548 -9.24598900125689E-05 -0.148449072284604 0.363978295378951
0.00851731157623298 -0.00289208402513142 -0.0853321198168877 0.226482577584033
0.00657971457170662 0.00183089960698644 -0.0791829002550139 0.139338090911942
-0.00322445733236732 -0.00347316263492286 -0.152514497857295 0.0780776517973887
0.00609015201925814 0.00132475492752887 -0.203785276798838 0.101000133126556
-0.0102334954961688 -0.0240969827006669 -0.324540170391878 0.294857239032221
-0.185117998804131 0.0456860564605042 -0.541339744199421 -0.182626988202469
-0.194477079322014 0.0797509612189557 -0.421905316412694 -0.127727557442043
-0.206417936951121 0.0134081081730212 -0.237548899247553 -0.17814474720406
-0.187795983653073 -0.0470202064393987 -0.034566132741376 -0.233888118767485
-0.160786308040087 -0.149933246747621 0.130931173077464 -0.185669106546149
-0.0802311052120958 -0.219285643008894 0.187154639741412 0.0529628346064951
-0.009395185868712 -0.242329761294134 0.101855467871957 0.350291684993389
0.0556117388375767 -0.226303951173408 -0.0727747574797999 0.512316672531122
0.0663823028679994 -0.193217876960103 -0.148756540875658 0.490180352460812
0.0625736813408083 -0.146124990858664 -0.131164509532171 0.371897382883449
0.0179159804989528 -0.113921557972721 -0.0720714831513214 0.237414487899788
-0.0257141008657307 -0.108915162499343 -0.0749007699564383 0.158960203415673
-0.0689898420765198 -0.104202562220145 -0.152221886252901 0.103849485520603
-0.129048791562034 -0.0760385747962524 -0.19327928916884 0.121351785487684
-0.176289239003569 -0.0437985496426382 -0.291046483246603 0.312146932657722
-0.327543332677421 0.0865476680919346 -0.458741688061447 -0.213240976348659
-0.360294445704314 0.105175970124413 -0.345581820496707 -0.175247762905955
-0.380477786208105 0.00811239667922742 -0.188368104636603 -0.210083941112011
-0.360444087287101 -0.0985379820278103 -0.028167473965362 -0.264528668526245
-0.297346650336932 -0.264988753680853 0.106775049501787 -0.225116080263673
-0.150718138200087 -0.389789552905343 0.15438083759247 -0.0263820628103601
-0.0241842456259863 -0.434728709361736 0.0957765799671394 0.233091412097925
0.0802261369178212 -0.411044769912743 -0.0471672716333428 0.380517895490451
0.0968351369376633 -0.369201299212234 -0.0938766776670873 0.419001854738071
0.080318525576937 -0.313065363369644 -0.0910279010121922 0.367109731534183
-0.013692003225589 -0.260096220100959 -0.0490196831101294 0.261313146586888
-0.111721221586381 -0.242980782326678 -0.0705384906810378 0.20143559415822
-0.179130568089357 -0.200213929358087 -0.147213078530815 0.159731362664245
-0.282515479514241 -0.127588814943364 -0.161433328925659 0.174487734078679
-0.333347317038029 -0.0450212753544344 -0.202664166479115 0.345106254630295
-0.417745891447054 0.0897490769406983 -0.31605078772301 -0.263520965973939
-0.471274355222092 0.0757146814634533 -0.219617979959245 -0.236370222844826
-0.48830125548742 -0.0484327228114473 -0.0974568825512509 -0.247325116267298
-0.455930467357599 -0.182047731310087 0.000822955697299542 -0.300032463448107
-0.349603584432846 -0.371177608286406 0.083456098752994 -0.273651896268385
-0.158230197574777 -0.506766395770729 0.113978092368165 -0.137490433259248
-0.00698633389122157 -0.549929198106907 0.0829797721711907 0.0628486762653276
0.0904047851049819 -0.531548547926415 -0.0164644147025537 0.190395099083634
0.0896384532546164 -0.510318910811858 -0.0369839435395407 0.287210936174116
0.037731229503327 -0.475980328426134 -0.046222170800409 0.312928262001946
-0.113059590055034 -0.405093165843798 -0.0258588431777167 0.261969253138718
-0.268016809185986 -0.345288157192151 -0.0536063915141832 0.250589540977911
-0.335876084733059 -0.245168328781315 -0.108948874741059 0.233601774273839
-0.432141433585901 -0.123236198756887 -0.0826924616064958 0.241506265371517
-0.454373409063782 -0.0175914277190038 -0.0591038482493912 0.372188285582616
-0.43971449356674 0.062717032027127 -0.136128577310286 -0.304489190016472
-0.493564656680219 0.00737571738206333 -0.064804770420498 -0.271199966027591
-0.484057019280519 -0.13436751219373 0.0204808185686619 -0.253991398875563
-0.429829686549564 -0.261631423848942 0.0544569291930657 -0.311816144633757
-0.292041451956063 -0.422095806298079 0.080679073339832 -0.309074783582623
-0.100167633370343 -0.532105472901667 0.0954006911750609 -0.253461888041059
0.0316047623574613 -0.566837977377562 0.084671328566547 -0.127570595982146
0.087654806285453 -0.571273111855078 0.0142759769269424 -0.0294939658996521
0.0458318451256057 -0.579909542004358 -0.00404527211066389 0.103175017546111
-0.0519164088132816 -0.563659224989622 -0.0350847227578624 0.199312563828773
-0.25054964417868 -0.46780025819785 -0.0288607014230341 0.230014207464617
-0.4261730017461 -0.345032217924957 -0.0251796362455798 0.283949558351557
-0.464716675897143 -0.208452872101559 -0.0276477542845761 0.293256550214849
-0.525084117903153 -0.0613092041386564 0.0478056563307848 0.286890846904612
-0.508001938403348 0.0327991027232468 0.121808903714592 0.372834049588703
-0.390670127260418 0.0231030930237534 0.0472612354869096 -0.319161377504056
-0.421532138162622 -0.0590372346189323 0.0769908965305379 -0.25717300046675
-0.369510431669644 -0.190309646198824 0.12370304032183 -0.208588730028481
-0.296385899730218 -0.280787913145683 0.108220169206327 -0.275490840369705
-0.163840611543395 -0.376863334404949 0.0987616873066625 -0.308469113165554
-0.0180508451970987 -0.454729353467596 0.112163214154629 -0.337448875281094
0.0687777524685657 -0.492709776040436 0.112065090302015 -0.297533337078992
0.0722089635305088 -0.523758656200552 0.0429536696329244 -0.246241431710375
-0.00795656365869942 -0.551688782209504 -0.0103217641994901 -0.10049314735248
-0.134910628691127 -0.531677990486952 -0.0780374374472975 0.0639238010922213
-0.33089301064969 -0.407764570950312 -0.0702297075208548 0.188952829009496
-0.484647190437299 -0.249161221283995 -0.00262223914685421 0.293521128924348
-0.487230771464936 -0.112349058517532 0.0748711237151466 0.311066705366721
-0.512471989859291 0.0247293094696286 0.201965605785616 0.286594221034616
-0.479511962427397 0.0801247175560764 0.308321695627502 0.341045797527392
-0.284236354172771 -0.00851536513438971 0.203979174927279 -0.305530150454781
-0.287019675734156 -0.0802258221184458 0.16795552206953 -0.209172224833914
-0.213124318864286 -0.172792570336863 0.173597607084896 -0.136390427348761
-0.146990961901094 -0.211252834172966 0.12830359125443 -0.209594444685441
-0.0565667033480735 -0.253479729051105 0.114482059621752 -0.268339270826956
0.0322331020169061 -0.305959477506622 0.148073408282105 -0.369283348667501
0.077829675105674 -0.354402654830554 0.155923645037156 -0.420075337874876
0.0470124015812296 -0.395957588580126 0.068629407128496 -0.426569291917018
-0.0450041529772233 -0.42306416969449 -0.0469332082368355 -0.278875077315165
-0.158224935650553 -0.393967905768423 -0.155011257370644 -0.0448885922915616
-0.303583860984478 -0.27390762787726 -0.128380374419332 0.166973450184387
-0.402828223229892 -0.123593329356446 0.00509906681862294 0.288313647085504
-0.388833257422283 -0.0242721023705935 0.163094617487002 0.290667309944005
-0.39611283494489 0.0788179887845293 0.333971013228616 0.247908997923825
-0.368195543247826 0.0975759714573123 0.462339930520385 0.287975802291763
-0.14456455817955 -0.0188606869965457 0.310900490287727 -0.282426999374708
-0.142367379928938 -0.0513859366856485 0.206936741179609 -0.164215708941192
-0.0899935592576411 -0.101880072046534 0.177796231458157 -0.0812239632182949
-0.0585921747889215 -0.105977856685007 0.117920830966282 -0.155864810876688
-0.0168680421285721 -0.117008408123757 0.115686330442474 -0.22010048552146
0.0236547571171128 -0.145845503694412 0.174732078209417 -0.359243090482479
0.0477063947120808 -0.181646990959949 0.192741895605834 -0.483379641114121
0.0149876765382671 -0.206461753551255 0.0815043933672076 -0.547338621681124
-0.0464946150075021 -0.218431089953187 -0.0917081008831772 -0.394882989526594
-0.114430135452269 -0.199108294210216 -0.226260612458453 -0.101615642531529
-0.183000785422018 -0.123626748234197 -0.175651405682002 0.16792204728681
-0.230879325175249 -0.0307766679227859 -0.00078140351275156 0.280026068938515
-0.216789507266711 0.0127702453146061 0.216882962923293 0.25519906622567
-0.214366399690419 0.0747136909120908 0.415237472346535 0.20127958992678
-0.198891947940188 0.0716022492680337 0.553723054628285 0.241369091237147
-0.0172522044902623 -0.0171525761165762 -0.560092901927022 -0.17661342235154
-0.00649297048820426 0.0202157217246112 -0.448633179087226 -0.114358235667427
-0.0100751603081884 -0.0144772365146365 -0.255742066161386 -0.169526561531067
0.00890724449732941 -0.0182906530919001 -0.0360718024890255 -0.222093051975067
0.00879564234196729 -0.0358408656279447 0.137863351345622 -0.164846640593546
0.0205119750318014 -0.0256586141042371 0.191284846768613 0.0895298959290885
0.0210877954025496 -0.00977935610039552 0.0957179555012307 0.394331980478134
0.0237522166883832 -0.0081502859315404 -0.081866493923884 0.561707710453943
0.0141703289067514 -0.0081691402274694 -0.16956465281044 0.5128057740108
0.0141163744024569 -0.000456746477422326 -0.143022018356261 0.364924791554371
0.00789266851597704 -0.00303762167536659 -0.08185232315413 0.226247212586462
0.00605311243183469 0.00181746745698766 -0.0765619567790179 0.139869267308216
-0.00370115820731674 -0.00355409367840896 -0.149394094614357 0.0807225713868812
0.00580868413847032 0.000928368045474899 -0.200511222799796 0.103017841888024
-0.0100462229742426 -0.0238528769619594 -0.317981534087372 0.296859420289109
-0.184680769142563 0.0479151363197243 -0.543329991581792 -0.174234235136118
-0.192646446971694 0.0824049400739041 -0.423450751142745 -0.120620001822347
-0.205821859693482 0.0163103580994486 -0.240286398925813 -0.17368749559816
-0.188463881123348 -0.0447854819948566 -0.0380375128814576 -0.232556224298338
-0.162056872777927 -0.147930397844942 0.127782598541516 -0.187289830004673
-0.0827842962067996 -0.218157324185393 0.186840397897267 0.0507119308130696
-0.0125706050916102 -0.24126417357531 0.104974531068302 0.348059006432538
0.0525566506695516 -0.225702872399231 -0.0663197599783495 0.51044551504895
0.063712184246779 -0.192973406415966 -0.141498750301252 0.492196051488049
0.0607323624896163 -0.146706917733786 -0.126162149636139 0.373106068516083
0.0161862888380632 -0.113335104329316 -0.069388257855344 0.23817610936823
-0.0271558440298805 -0.108166478063956 -0.0719621783313154 0.159927205475698
-0.069736589926652 -0.102470044250437 -0.148685456873689 0.105723946636626
-0.129369944362581 -0.0736116817914194 -0.19032515404721 0.121986542126241
-0.175762017490977 -0.0418599421629376 -0.285523100709062 0.314047258941897
-0.32568568553946 0.0907452626218753 -0.460553402371613 -0.205186246967372
-0.357414383409484 0.109550418034652 -0.347943168889101 -0.16846109893973
-0.380585631543189 0.0135857841975514 -0.190757147661676 -0.206120677494071
-0.360736768695024 -0.0940176986443753 -0.0320546889429452 -0.263010098047462
-0.300059076406811 -0.260902350813644 0.103163829303648 -0.226269450439589
-0.156000984570866 -0.387133670963753 0.153138208299574 -0.028681513457607
-0.0295195490785755 -0.433073529636032 0.0978958684257307 0.231677380340078
0.0747206540776832 -0.41004527250266 -0.0418477494709055 0.380929798387086
0.0918672399625965 -0.369216252574112 -0.0883874959887649 0.418583270884848
0.0762050671237769 -0.313295068365151 -0.0858809179770457 0.367603908806816
-0.0162349282670561 -0.258598194540508 -0.046173525074038 0.261522545000175
-0.114503855151825 -0.239781116413476 -0.0672466383217812 0.202393225722444
-0.181242725314901 -0.197619825053277 -0.142842296003575 0.161719130326254
-0.282782180476478 -0.123176410207629 -0.157658349721783 0.175362099156066
-0.332709976229751 -0.0400733698927199 -0.196626017311011 0.345646042442782
-0.415786290462967 0.0945456302455418 -0.318856390128668 -0.257346353497053
-0.469658959968724 0.0838265703798017 -0.222356247421769 -0.230583991016347
-0.487557379911484 -0.0411190707620097 -0.101005137400534 -0.245134509116239
-0.458106970932848 -0.176244312553932 -0.0034754361880467 -0.298933723798805
-0.352549215015712 -0.366666453816849 0.0794595931519746 -0.274668443413604
-0.16570490523627 -0.503339499974574 0.111515258281722 -0.139622988295959
-0.014412657073293 -0.54784536581279 0.0830619518334759 0.0618190840778188
0.0835070769605946 -0.529693407561237 -0.0138026317081045 0.189847536517553
0.0825327255275995 -0.510011151063399 -0.0328882463683629 0.286671071088917
0.0319534968691009 -0.473606207117968 -0.0413268600481623 0.312885105378908
-0.117315360276065 -0.403273463570401 -0.0230533642680321 0.262522097162195
-0.272282563014663 -0.340657792383473 -0.0491290511065701 0.251118271559236
-0.337894293904443 -0.242010708113008 -0.104088492560563 0.234843100393351
-0.433331298757162 -0.115787221170347 -0.0788759447925888 0.241285436423496
-0.45247292591467 -0.0111671744185729 -0.0538628233466073 0.370608631742381
-0.435604624917515 0.0687099492597548 -0.139223877754834 -0.300492443898023
-0.49139526512609 0.0144476749833574 -0.0686594369087912 -0.268324065508213
-0.484671618214343 -0.12691453742025 0.016781990751985 -0.252765964327887
-0.430826523419099 -0.255678393434793 0.048511454906854 -0.311499888822772
-0.295223901152162 -0.417010804582223 0.0763163253418476 -0.310054912814426
-0.107117691950905 -0.530291031796878 0.0909907947389848 -0.254674586302938
0.0251796212981583 -0.565328581540215 0.0825768638639967 -0.128488645103369
0.0805760131669668 -0.569373399187446 0.0140044874608637 -0.0297020765873347
0.0384718647678496 -0.579254030395798 -0.00304574532044329 0.102452837603784
-0.0596959768392552 -0.562398477764441 -0.0321895462074203 0.198752495177849
-0.254757541661635 -0.463001296809254 -0.0259164440981112 0.229781512727695
-0.430674712262565 -0.33847858904628 -0.0201426429651249 0.283428043600602
-0.465949015320014 -0.201299669168107 -0.021288657502777 0.292874509335577
-0.52375862565766 -0.05300023984736 0.0514048873279774 0.285088755331601
-0.506929593321312 0.038259280928742 0.126700739648796 0.369485761874737
-0.388939997058491 0.0282562649371566 0.0434064095427657 -0.317622504425309
-0.420322917312368 -0.0527117437257224 0.0723126768966489 -0.256233026050108
-0.370847035434827 -0.184197305710111 0.119361511680493 -0.209675078446552
-0.298100648847135 -0.274589426767452 0.103428869908272 -0.275754088657161
-0.1690021042682 -0.37490713625913 0.0936419437861328 -0.308808281671112
-0.0224893302179907 -0.453230898774298 0.107645738164188 -0.338184156197038
0.0621835810350575 -0.492099630969005 0.107336899541069 -0.298732284400216
0.0646911567183558 -0.522822387874989 0.0399592738199912 -0.245926913158061
-0.0146154759767857 -0.550241781243177 -0.0109854550398911 -0.099988298486941
-0.139693697727895 -0.529981213028263 -0.076131673245273 0.0645703343473079
-0.33488225076149 -0.402244188412693 -0.0679597272128526 0.189630292542829
-0.484979489072912 -0.241129542886663 0.00167280062669061 0.293143936324191
-0.486766395374657 -0.103784494227957 0.080973298374949 0.309356381947587
-0.510335648836409 0.0318114858852152 0.204978731468159 0.281793608184031
-0.475864236726062 0.0868699327520375 0.312314065450383 0.333659157600445
-0.282226475391992 -0.00465349302728418 0.199093566010173 -0.307705613311198
-0.286257171494987 -0.0767835417954085 0.16416163650865 -0.209976548753288
-0.214402749799022 -0.169205356194064 0.171354647556858 -0.138837825912093
-0.148921394132394 -0.208602963548195 0.124534974334707 -0.210813478319872
-0.0598368491304097 -0.252148219750531 0.111028050183638 -0.269912069295537
0.0274488543752859 -0.306238516691628 0.142292697793033 -0.369051639938569
0.0737781842817863 -0.354176463206681 0.150567289466611 -0.419672209227131
0.0419960090518711 -0.395800626585174 0.061919208483865 -0.427582569256097
-0.0480783206319366 -0.420793332606995 -0.0496126533916869 -0.278263246185917
-0.162588323196466 -0.391415736692335 -0.154845976407183 -0.0425401481009782
-0.307330839166675 -0.268487842409261 -0.125546055470193 0.168633598996708
-0.402124374100673 -0.118290979387287 0.00857415951684553 0.287274506045374
-0.388575071134317 -0.018928685548029 0.168495955401815 0.287450662961443
-0.394487304813958 0.0829978146124878 0.336832319748821 0.24205237585482
-0.365784925395428 0.102079632412417 0.464790765054086 0.280315555549544
-0.143639549958182 -0.017375617944245 0.305493087189205 -0.284971725304545
-0.141719588060154 -0.0488774932945929 0.202944430897028 -0.165410485552609
-0.0910193346206591 -0.0998875954135283 0.175586896845113 -0.0831619822896056
-0.0594104679955357 -0.104973411308199 0.114217556347929 -0.157108626765817
-0.0181613168677337 -0.116526758397387 0.112622556416103 -0.220868338249649
0.0219073211431489 -0.146664423447461 0.16896408680509 -0.360428159745983
0.0458787491227046 -0.182149088878559 0.18717683611856 -0.483092982584325
0.0122718105203531 -0.205977223430004 0.0752797753923011 -0.546709919002719
-0.048861069783866 -0.216171416481065 -0.0958335454285914 -0.393604490606788
-0.116312516893141 -0.197570699116866 -0.225774276766917 -0.0986794951805914
-0.183591044171243 -0.121026151257721 -0.172009404506024 0.16946447011864
-0.230922843701054 -0.0269101457804084 0.00339875533294658 0.279325403988981
-0.216187711002337 0.015486245832089 0.220666757011012 0.250928565800313
-0.212954308542529 0.0779494710054353 0.416675781718884 0.194538554729136
-0.196677898910053 0.0741559222077448 0.55532701511657 0.232648305132889
-0.0177789896268118 -0.0169594582802598 -0.560071412482019 -0.166821167627694
-0.00594519412063327 0.0198902789786897 -0.449540551037812 -0.107264263092916
-0.0103380917568517 -0.0141750478686514 -0.257155095292587 -0.165141226113157
0.00824859332231555 -0.0186798718525215 -0.0392400599600185 -0.220661725566947
0.00844985613033023 -0.0357930193463046 0.13499672877246 -0.166053597969525
0.0197845834721317 -0.0253585107467892 0.191420519906855 0.0862637261600249
0.0209917248933241 -0.0100927842173706 0.0984937289243709 0.391921613625067
0.0233697678608038 -0.00843495237471772 -0.0758344520953606 0.560786713093491
0.0144521125161996 -0.00841399357650491 -0.163678760376262 0.513047783027697
0.0138822311215749 -0.00100412877860588 -0.137737867516266 0.365327432495329
0.00785549260115002 -0.00289988582955753 -0.0786935438900489 0.226454771587484
0.00588410852105718 0.00173763806886804 -0.0741277810004093 0.140799052890357
-0.00345792807195567 -0.00265632710510454 -0.147361431550399 0.0821047223347953
0.00625930805769309 0.0011640967403181 -0.197585946488022 0.104494393844046
-0.0102349037052916 -0.0234150472598447 -0.312917103058615 0.29820017950444
-0.184019825216317 0.0495763756053921 -0.544195906300722 -0.164653633895319
-0.190893561842281 0.0845462165730436 -0.423944383752719 -0.114103025833564
-0.205190817300913 0.0185066650453357 -0.242552157638549 -0.17014696172373
-0.1882779490195 -0.043434885315877 -0.0407476830798202 -0.230441797825341
-0.163161516946415 -0.145336778042729 0.124918806293478 -0.18874971105327
-0.0856394517188789 -0.21602965090526 0.186386114613385 0.047895093390466
-0.0151422354690646 -0.240285984135328 0.107967771522067 0.345932907722892
0.0501637896748013 -0.2251862057412 -0.0602650222413839 0.51113772652301
0.061519643732983 -0.193346004332681 -0.136128682884799 0.491300179173933
0.0592216250700697 -0.147078163515525 -0.120806774056771 0.373144768395668
0.0149164648409822 -0.113379265227063 -0.0659263633271629 0.237837051573334
-0.0284434028090883 -0.107051878164243 -0.0686361661850489 0.160287180604639
-0.0712238105516484 -0.101367018624742 -0.146012251442878 0.107307773252357
-0.128738428962839 -0.0711400984112235 -0.186998193868192 0.123181361058946
-0.175997897090032 -0.0388290360906391 -0.279600961615948 0.315498258695943
-0.323835807356844 0.0935439331354648 -0.462706637307817 -0.19753435789408
-0.354634995415098 0.114337853179626 -0.348374881697838 -0.162686158983193
-0.378020511094028 0.019238632336799 -0.193290808570767 -0.202565590520752
-0.360484542830297 -0.0896855653951073 -0.0347602424831884 -0.261824894170562
-0.302109318011243 -0.257441869753659 0.0992968404903497 -0.226955065023036
-0.160065209663449 -0.385334624799605 0.151221457031038 -0.0305897671638897
-0.0343891008496963 -0.43129135523573 0.10000746099272 0.228912660180657
0.0686781663694614 -0.409867656874147 -0.0372556965083873 0.379375426980059
0.0873237260054577 -0.368003245468925 -0.0830216336950676 0.417185916729296
0.0723195147587183 -0.313426919580263 -0.0809919176057474 0.367679544543473
-0.0186746879668949 -0.257687623337627 -0.0428269941191041 0.261004898222546
-0.117131449381085 -0.236955968650116 -0.0636557797388438 0.20271632803365
-0.183395867359101 -0.193880086861199 -0.138963353177523 0.162812132155991
-0.283297349009781 -0.118685005765678 -0.154035616935159 0.176101353995849
-0.331270156581344 -0.0360928773837331 -0.189824269804107 0.345694038688
-0.412374267567784 0.100148345676237 -0.321546482278381 -0.251079785944166
-0.467061422038236 0.0878820338874567 -0.224887444498715 -0.225963660117678
-0.486301667536776 -0.0353703029290952 -0.103680953131516 -0.243339202240337
-0.458623416874195 -0.170229766614901 -0.00747688033005308 -0.297794252711453
-0.355896630545858 -0.36101905783959 0.0752305295112706 -0.275284703632383
-0.170363019451783 -0.499934300819781 0.108823430200153 -0.140071008777078
-0.0206176450663365 -0.545554647280034 0.0831063479928308 0.0604131768209982
0.0768639735143258 -0.528660801544118 -0.0114506122917735 0.189354981446532
0.0762072416682494 -0.50878302273595 -0.0287306934340779 0.285121946781578
0.0256910960545618 -0.473646486513841 -0.0368822213178393 0.31273941400139
-0.122131478929379 -0.399499405592027 -0.0190802801507048 0.26223978456501
-0.274662122189374 -0.336019183172133 -0.0453287278586205 0.250544157883962
-0.339231973222087 -0.23696794457221 -0.0989545632937231 0.235106796508008
-0.433041628979793 -0.110931180066374 -0.0752000574624939 0.240581646100283
-0.450884248179173 -0.00522935021366691 -0.0477158237246863 0.368871040241706
-0.435333122790477 0.0728649490803796 -0.142373173819204 -0.295773494644823
-0.488873261323021 0.0203777591308434 -0.0724874123092086 -0.264806505622237
-0.482974853213021 -0.120496483139363 0.0131198592821867 -0.251830778637632
-0.432038602534744 -0.249055559104325 0.0453726305812221 -0.310366273497421
-0.299387816642605 -0.412194020498193 0.0724857684821951 -0.309895955480983
-0.111426812035666 -0.526915539612836 0.0874874619576688 -0.256229195154603
0.0199082121682621 -0.565142861875162 0.0806664021594621 -0.127998134904268
0.0739712282012395 -0.567934221643028 0.014051519400831 -0.0296775847970114
0.0331916904495259 -0.576426806013126 -0.000857001987215574 0.101994802438914
-0.0648514796080009 -0.560794229516516 -0.028637359020393 0.199105100223817
-0.258522950181413 -0.458884956666339 -0.0227748241761796 0.230210530923639
-0.433349569566722 -0.332001993124922 -0.0163374605253009 0.282871773877023
-0.466574214433348 -0.195384929134725 -0.0165297854797336 0.292109333451569
-0.522937984467327 -0.0466245554920743 0.0553325730611612 0.282562746321149
-0.504137655905146 0.0453324092208083 0.131903752176711 0.364245450253246
-0.38733606003436 0.0328659314140238 0.0385321254718319 -0.315588412263265
-0.418615046963727 -0.047046479303287 0.0681376917943884 -0.254288873992066
-0.371382302542982 -0.178441631523507 0.116312265142612 -0.209817915222798
-0.300544948683439 -0.270295792885204 0.099000411601269 -0.275607821790609
-0.172374382833927 -0.371482793152151 0.0898490114481837 -0.309897789208494
-0.0287370853368141 -0.452599678836792 0.102028110045391 -0.339247431625794
0.0572192765980046 -0.49156246292375 0.10322429583415 -0.298294382376276
0.0598132258311369 -0.520401492847879 0.037244640699463 -0.245643925160448
-0.0216567567408804 -0.547299820639558 -0.010845295434796 -0.100150088825809
-0.14608788866078 -0.526695634719371 -0.0745360284415472 0.0656137146799479
-0.338224671869633 -0.399263388669237 -0.0651844142981532 0.190939396790663
-0.487166418529703 -0.235215868017619 0.00632374485839532 0.291845099848059
-0.486282900271497 -0.0996767581426375 0.0853445470411456 0.307382746643481
-0.507955208284862 0.0386413097368988 0.207336834414315 0.277920965660813
-0.472636529047534 0.0906162040480453 0.315293839732502 0.328411563071427
-0.281568697247833 -0.00157415399997068 0.193995666373737 -0.307342545886951
-0.286311125508644 -0.071351722125013 0.160329595748102 -0.209515837581539
-0.215157864529444 -0.16563837420158 0.16791209395624 -0.139499599985257
-0.150395733477065 -0.205960877169866 0.121114473611236 -0.211368272883613
-0.0616334178278974 -0.250857581837079 0.107662752555877 -0.270430272372905
0.0243116024363134 -0.305613683396507 0.13673232296014 -0.370344430087009
0.0697992653397333 -0.35391599849455 0.144951688573393 -0.420205743289806
0.0377915164949173 -0.394065021992758 0.057075099572353 -0.426061256729919
-0.0530093217594987 -0.417662814957709 -0.052351320085058 -0.276788337217715
-0.165924140436025 -0.389016129689236 -0.153248682323043 -0.0401455322009767
-0.307557993782821 -0.264287537611121 -0.122538255505998 0.16987235629343
-0.402114783953181 -0.112493332421655 0.0128489891373432 0.285973952070511
-0.38788673020345 -0.0142732651095661 0.173111311338864 0.284040503801831
-0.390637766404378 0.0884942678213718 0.338509010702115 0.236843077346415
-0.363119444441819 0.106297116898859 0.467033488405225 0.272180063369211
-0.142903637713161 -0.0155043846626923 0.30100705300074 -0.286381882042315
-0.141506440242053 -0.0463034621227464 0.198900718459145 -0.165408789630716
-0.0920877603984443 -0.0982128449245527 0.173421712812611 -0.0852418277791347
-0.0603391794152568 -0.103524316779428 0.111430432304961 -0.157287422731425
-0.0196234029397326 -0.115884602967391 0.109365416511835 -0.221486582193883
0.0199907385480058 -0.146487941350594 0.163057687968208 -0.362492784298305
0.0433579184105899 -0.18189663358982 0.180204500686488 -0.484451009231013
0.0100141070246767 -0.204872430413047 0.0689492861208363 -0.546029513239104
-0.0511138437397274 -0.214491143582141 -0.0991471861072529 -0.390549408188828
-0.118661863520817 -0.195228930516923 -0.225644382830241 -0.0957146831309764
-0.18413929856131 -0.11905467539064 -0.169019723244257 0.171644875234261
-0.229449361164877 -0.0248163391300673 0.00725628664497552 0.27836243681626
-0.215141210319352 0.0181067965188363 0.224515783513226 0.247304829070315
-0.210997184821884 0.0803857243367971 0.418014784484204 0.186735667185565
-0.195389517515448 0.0772780222875786 0.557944718562339 0.223220420038009
-0.0187784962216886 -0.0169321921229962 -0.560779524847354 -0.15940334822103
-0.00512109772769711 0.0198555520477769 -0.449427123271739 -0.101055136828434
-0.0107890471791169 -0.0136401221117934 -0.258227078478153 -0.160274562255821
0.00832836263862344 -0.0195079572256816 -0.0415331069677317 -0.218799882007023
0.00793328447902464 -0.0354460163991641 0.132804685775346 -0.166784677757365
0.0191435658648029 -0.0252155810672144 0.191274475575828 0.0838969096150974
0.020697017307657 -0.00999930906743903 0.102185359722281 0.389801327531496
0.0233628794772697 -0.00851286339521107 -0.0695797753502247 0.559661826696936
0.0140414868723832 -0.00840257769577066 -0.157680022315595 0.512610111177763
0.0139055859679614 -0.00145553329537401 -0.133367368754753 0.365679636965648
0.00754155836950534 -0.00295407309147794 -0.0755818817112502 0.225992598026844
0.0057821034303008 0.00188702246583834 -0.0714358912625553 0.141483846855928
-0.0038320907282794 -0.00258924982428271 -0.144930834147442 0.0838088155947861
0.00651347179657982 0.000960640466489896 -0.194348250688764 0.105339486328778
-0.010165648011254 -0.0234657349075608 -0.306790299284075 0.29947560911479
-0.183107687625684 0.0516379612516429 -0.543685083191811 -0.155937050736466
-0.18885497617667 0.0861833756693751 -0.424120293742465 -0.10724694202043
-0.204521023184018 0.0209048252466818 -0.243645565145009 -0.16522204816119
-0.187602463235266 -0.0408957257872704 -0.043666792930989 -0.228511956167175
-0.16459347465933 -0.142783888776036 0.121825335482368 -0.189383118328324
-0.0879556290075802 -0.214008811541998 0.184954151030898 0.0457207274557686
-0.0174434502939065 -0.239400627578452 0.110731865414003 0.343848803298878
0.0473788197906514 -0.224905712562154 -0.0537299542096358 0.507787363919149
0.0590637696298194 -0.192495101424639 -0.129548806433823 0.490064275096919
0.0573287492802476 -0.146615306894459 -0.116637397687402 0.372914680032209
0.013737430255002 -0.112437140691216 -0.0629824551597692 0.236907510943071
-0.0294692998953052 -0.106029523383688 -0.0663882695195558 0.159936259145232
-0.0719675241493328 -0.0995934319146993 -0.14306126165501 0.107938869992524
-0.129102588100613 -0.0698163377238845 -0.184365654109512 0.12394181343852
-0.175183673375602 -0.0366194080015395 -0.273654924483117 0.315979906135616
-0.321936498201451 0.0969809115591732 -0.462839056064086 -0.189609225673434
-0.3518344906234 0.118545161737187 -0.349088804627305 -0.156691083688548
-0.376334787454804 0.0229258888642059 -0.19543275543515 -0.199590622244013
-0.360235122350919 -0.08536501952499 -0.0378015791033606 -0.259399600976378
-0.304023184052642 -0.252129767005689 0.096176753745063 -0.227695403687346
-0.162675724356588 -0.380723080799411 0.150270217436367 -0.0326512850768703
-0.0373577865865786 -0.429037609108242 0.100897060002446 0.226998652269209
0.0651603556594622 -0.407579685474326 -0.033846121536105 0.378273723873564
0.083461331671674 -0.367156354243895 -0.0780432162875538 0.415851622535842
0.0688791032299389 -0.313275236791421 -0.0769147636409 0.36784609919707
-0.0206540063789392 -0.256319671678682 -0.0404789711336182 0.260881946372302
-0.119361332655818 -0.234638011372542 -0.0597866003638865 0.202829059764514
-0.184811317402621 -0.190876537188395 -0.135004193711272 0.164029671487829
-0.282959869831832 -0.114916130628862 -0.151300885268278 0.175864363579523
-0.329797978605837 -0.0321308509257052 -0.184797100280312 0.346232539064342
-0.410917747074908 0.103643352079069 -0.321136618351476 -0.246030042677237
-0.463168285326469 0.0937018758806615 -0.227086164381543 -0.221487624524258
-0.485203070957333 -0.0301639584526749 -0.106781200233494 -0.240169021901637
-0.45855386367786 -0.164768325174072 -0.0107376064199219 -0.295775615189228
-0.359433395614802 -0.355733946866985 0.0715263947427866 -0.274833668414336
-0.173857010507445 -0.496537915433778 0.106553737270601 -0.141544779153329
-0.0256592744225255 -0.544113765515458 0.0832578142120838 0.0595385304044382
0.0712837259613321 -0.527691872479777 -0.00916562792006516 0.188580139654092
0.071022778983455 -0.50753424266251 -0.0259470505474971 0.283876821258414
0.0216511816598189 -0.472080849182384 -0.033849514842075 0.311543238980162
-0.12421449410251 -0.398151996958086 -0.0176329879649246 0.261732688676364
-0.277502966244193 -0.331302349472789 -0.0409692935843289 0.249592776363243
-0.341085763320405 -0.23124665628155 -0.0942740815851738 0.235025051933385
-0.431477353104555 -0.106205628554645 -0.0719328073590401 0.239745893431416
-0.447463401296821 0.000132008014988666 -0.0431603233919343 0.366248755651526
-0.4324037290078 0.077807578448592 -0.145544387952757 -0.291511557958783
-0.48659924497857 0.0262721556651658 -0.0754544267646301 -0.261674218168122
-0.484029972256642 -0.115067536132613 0.00948260881413775 -0.250551668345957
-0.432646301663274 -0.243745154004153 0.0409101696981151 -0.308783944482576
-0.301873645303479 -0.408486257030379 0.0683792934628079 -0.310636995349971
-0.116918878326015 -0.524759031809296 0.0838028967621303 -0.256074077937939
0.0145887651324565 -0.562205378388987 0.0785449025344023 -0.128434810101804
0.0682454099665913 -0.56480818930567 0.0142206610935334 -0.0299357530376168
0.0268627853976137 -0.574852996471595 0.000528051480354662 0.100585561336358
-0.0709293499242977 -0.558065459891335 -0.0263268513939731 0.198752433224321
-0.262582352557393 -0.454746025919438 -0.0210214906478388 0.229787500287573
-0.434261712620148 -0.325711221136266 -0.0129330803247563 0.281404056892952
-0.46731319688222 -0.189623168884504 -0.0112546928883486 0.290960683259933
-0.520321150972849 -0.0399335983736559 0.0581452935698912 0.280893244692382
-0.500982831526868 0.0506376367056147 0.135580576151237 0.359864900253685
-0.383718101208855 0.0370717590040455 0.0346949994976768 -0.3132623031292
-0.416631046793043 -0.0409248636583015 0.0643724603897574 -0.252905755587803
-0.37144810457181 -0.173693455710562 0.112894699578897 -0.210023924231563
-0.301386675553885 -0.267298530523927 0.0947090091111459 -0.275226548468419
-0.174924592791089 -0.368212155426568 0.0865344336386187 -0.309406344587145
-0.0321323663356248 -0.450862853091334 0.0981041053211252 -0.33941071837497
0.0533073923324326 -0.49147513656248 0.0993980723228335 -0.298075368657404
0.0539797230976889 -0.519048364339037 0.0353688545752838 -0.244797114906122
-0.0262338308878019 -0.544720781534537 -0.0115849692341875 -0.0998560319433223
-0.150902787253968 -0.524582886865924 -0.0732966628804072 0.0662519579862485
-0.340519478229783 -0.393200872993761 -0.0628620077933355 0.19145563700945
-0.486955790901382 -0.227731687894174 0.0100575912187946 0.290112304863946
-0.487229875445342 -0.0939988376335057 0.0906856201306555 0.305206495322348
-0.505168742045428 0.044407662836349 0.210540874226052 0.274176755223391
-0.469659238928612 0.0967319299949184 0.318622066777288 0.321832679103512
-0.279936816662292 0.00153501099954163 0.189502964825144 -0.306661268776528
-0.284837693935648 -0.0671751352775792 0.156230413219759 -0.208824141965634
-0.21602980718503 -0.162915900331254 0.165278824540308 -0.140228964064431
-0.151940841692647 -0.203423078367776 0.117302262267039 -0.211165923065432
-0.0645890641692161 -0.249393450401566 0.103328268351834 -0.269605184085218
0.0212622186618335 -0.304873661618585 0.131685750667303 -0.370985203783337
0.0658569217643812 -0.353453758663952 0.138415267947828 -0.419530691861902
0.0341868357920668 -0.392695612271374 0.0532249230283363 -0.424274666111503
-0.0560606636044379 -0.414677661531653 -0.0541265048056041 -0.275531649112251
-0.170357860290974 -0.385169023180205 -0.152393839395825 -0.0388596069040109
-0.308989614218857 -0.260775153377811 -0.120575127025921 0.171009251732269
-0.40141805958269 -0.107729420590594 0.0167465550381502 0.284803450265005
-0.386836178496181 -0.0106506230242408 0.176814045848219 0.28088211858479
-0.38913809192657 0.0923832918213216 0.34028806640274 0.230208403629506
-0.359872422046783 0.110218169972173 0.467976683771927 0.263042791123588
-0.142470786035876 -0.0137606576299327 0.295740770611918 -0.288765331228286
-0.141063195226698 -0.0444630729158832 0.195044897418532 -0.165949091902968
-0.092751621462075 -0.0966167094100436 0.171476597882901 -0.0867755052314897
-0.061224491167199 -0.102407122806989 0.108610592504702 -0.158227225303923
-0.0205361138742199 -0.115491750927618 0.106157287998139 -0.221369684965114
0.0183490704847752 -0.146078109157555 0.158223346892941 -0.361895189962568
0.0415647386017608 -0.182296191793813 0.174838485087419 -0.484053977007107
0.00851202754390244 -0.203498173550382 0.0629402434324775 -0.543714043331593
-0.052583629559563 -0.213602517860905 -0.101993145257951 -0.388310231324018
-0.120469849497521 -0.193333490990845 -0.22470588726911 -0.0929017307377459
-0.184825185424596 -0.116211250366867 -0.165899665866229 0.172764589567659
-0.22833330306657 -0.0220943866493146 0.0109390411245841 0.277158775874724
-0.214191850066683 0.0205893113886601 0.227421948686941 0.243105112066983
-0.209415091402132 0.0831127969997121 0.418988460796596 0.181081639483347
-0.193229357173851 0.0788929935388067 0.557004489476996 0.215596221549559
-0.0190417951231167 -0.0163404940417483 -0.561220354419147 -0.152617222704997
-0.00432318183842467 0.0194545217170587 -0.449449296979708 -0.0949550356257984
-0.0114483156367183 -0.0132207054354072 -0.259328187928442 -0.156421524532832
0.00794475992399214 -0.019561010599556 -0.0434690903787377 -0.217457023840111
0.0073103597887308 -0.0356116536861419 0.129420800853805 -0.167467564645062
0.019161585311494 -0.0252339927418429 0.190486991331057 0.081358039889312
0.0205786696456911 -0.0103539760687671 0.103626172458348 0.387646372460416
0.0227291858966516 -0.00861561076323296 -0.0646067445604278 0.556547992838633
0.0141168783455311 -0.00866345129193282 -0.153125739365696 0.51051534282717
0.0137733390177912 -0.00167510778019833 -0.128214355809075 0.365229864439647
0.00745542143447242 -0.00256116888390708 -0.0728925242513041 0.225595149105119
0.00562058219632464 0.00176696074695939 -0.0685410048579907 0.141633877289439
-0.00391848919353264 -0.00237076374215151 -0.142833816669188 0.0844853886531168
0.00696044443329666 0.00101817569353782 -0.191034174912196 0.106145146084677
-0.0103355518084476 -0.0229062065384151 -0.300097086696663 0.299517232780589
-0.182047083318149 0.0524752250624116 -0.543814254224151 -0.148450305799745
-0.186606529465299 0.0877169487401829 -0.423723337143085 -0.101627888762189
-0.203698956730555 0.0234159427842384 -0.244502388011615 -0.161376814713823
-0.187307056974984 -0.0391711150365039 -0.0461230908990907 -0.226865163494924
-0.16511238705804 -0.140831735378591 0.119319555757392 -0.189303378604654
-0.0889794631316755 -0.212405292200876 0.184172665219637 0.0431463436848901
-0.0194324678351862 -0.238698310555485 0.112609371877761 0.340647213196549
0.0454518822005889 -0.224573430987217 -0.0507981544185742 0.506207312679782
0.057359681545169 -0.19228011701565 -0.126122041998589 0.488696839839964
0.0555881127938547 -0.14694809099866 -0.112658306972484 0.372550207769372
0.0126112867474732 -0.111837116072982 -0.0603965548165499 0.236552175007293
-0.0304750663176186 -0.10492949979312 -0.0636939493474297 0.160184895814663
-0.0728544524183805 -0.0984273549911699 -0.139792377555198 0.109119224949907
-0.128537094309663 -0.0677817136517666 -0.181513536345647 0.124513323228433
-0.173932577263551 -0.0348290338404752 -0.267703962595315 0.316894051314708
-0.320329637393619 0.0996200143620207 -0.461260814805415 -0.182684932644696
-0.348860383443591 0.121864850958109 -0.350126315832926 -0.150565327096211
-0.375348427043399 0.0271878854643417 -0.197175694525288 -0.195989032577235
-0.360110364717593 -0.0814492961110976 -0.0403906341174538 -0.257383066379122
-0.305292847373871 -0.248246938973783 0.0932934941435834 -0.227431365490224
-0.166501110881424 -0.37798771278763 0.148579438836834 -0.0344462953304719
-0.0409506804851 -0.427314372105772 0.102062527977543 0.225037373762534
0.0611367408059687 -0.406958818559375 -0.0290778850023798 0.377046079715675
0.0796378316971394 -0.365618647403817 -0.074103186955682 0.414645923320649
0.0658946204812233 -0.312467398722245 -0.0726035493866013 0.366911218041117
-0.0230717519782613 -0.254493233383288 -0.0377749161438801 0.259843548917909
-0.121102361502569 -0.230986410281 -0.0570889990924508 0.202006036898552
-0.185576091107347 -0.188192432605618 -0.131571124280867 0.164352482200714
-0.28234965465313 -0.111353215567805 -0.14881865754796 0.176626591366267
-0.328432984389311 -0.0280741305048749 -0.179739461347588 0.3441007508693
-0.408026214405029 0.107372708355315 -0.322087774471712 -0.239457279184464
-0.459660565585652 0.0985456685239814 -0.228047890446347 -0.217012488475303
-0.483417810062835 -0.0246213793951504 -0.109547498122255 -0.237750931840657
-0.458662800339221 -0.159171627954661 -0.0147209591653642 -0.29346043387644
-0.359822650961256 -0.351398104835639 0.0687859444289875 -0.275421847176119
-0.179181404936573 -0.49347884917516 0.103451783249922 -0.14216703970115
-0.0305913717009175 -0.540786459792694 0.082900312627956 0.0581566612503371
0.0662297389495073 -0.525205258712293 -0.00745665168294322 0.187690571788879
0.0656390123705376 -0.504986136487102 -0.0231659825941174 0.282384310385572
0.0179215871560128 -0.470724452948523 -0.0303157314692018 0.311264307960115
-0.127427503257541 -0.394048037219127 -0.0148589017151147 0.261327305819181
-0.279399344195662 -0.326699013234012 -0.0376269306258888 0.249266262473839
-0.341358809155595 -0.227321023131166 -0.0901742741448929 0.235042773953354
-0.429797675023351 -0.100803653653667 -0.0687463043409197 0.238491806103228
-0.44545936221713 0.00456732354857114 -0.0383090815927552 0.363820850863851
-0.42908759679459 0.0815556683732118 -0.147347026410423 -0.287416947734856
-0.483991874260842 0.0316276317571176 -0.0784263145731425 -0.258498879905816
-0.482946114211388 -0.109157694972265 0.00656469880193201 -0.249269197013395
-0.432769875159466 -0.239274705403724 0.0377721598783468 -0.307887989142938
-0.304898986129277 -0.404301591665964 0.0653476073220612 -0.310399481467971
-0.121984092466401 -0.521364183896465 0.0804527002110034 -0.256606564594422
0.00815953239925795 -0.559905127575413 0.0766032295006846 -0.128302294172067
0.062170769703522 -0.562931467638875 0.0141151238064051 -0.0301637578163352
0.0213643962948473 -0.571642948029221 0.00209671269214718 0.0999265056920074
-0.0749408523947514 -0.554577053064298 -0.0240234379871578 0.198217495696566
-0.265204262997609 -0.450298564849935 -0.0188039522566791 0.230048929600737
-0.435316888714223 -0.319401745555344 -0.00945198799670289 0.280852998834198
-0.466819024485219 -0.18380408559941 -0.00673756278758701 0.289654589808378
-0.51831808416879 -0.0339248111076461 0.0619035820435483 0.2782855755677
-0.496818759202335 0.0566928943977906 0.139600168431292 0.355203623159282
-0.381615060768898 0.0398569132123757 0.0312201891916992 -0.311333131571255
-0.414649753738284 -0.0361205840620174 0.0603311940521116 -0.250538346788161
-0.372813892334429 -0.169364381772573 0.109859754670221 -0.20988819930878
-0.301886574841111 -0.262905840604241 0.0912218471545861 -0.274306665555675
-0.177012592670855 -0.366077322935643 0.0831946336411774 -0.309312904813234
-0.0377828666553554 -0.44774231989883 0.0940730998375534 -0.339176746588067
0.0484631849205679 -0.488524710513413 0.0960121044954417 -0.297372956461252
0.049565346111122 -0.517700083425725 0.033030367397335 -0.244103613948975
-0.0308555723256476 -0.541512556191635 -0.0123515115259647 -0.0998231699731665
-0.155589007450114 -0.520322442798999 -0.0713214287750962 0.0664330574035809
-0.341863698438379 -0.389143043112559 -0.0602079798096908 0.191897007879444
-0.486640497482172 -0.222325320075567 0.0129284339716682 0.288986529784649
-0.485548226442982 -0.0878672569669465 0.0949710917720964 0.301975736665673
-0.502812135728197 0.0495413134890535 0.212474864188555 0.269816983250407
-0.465822358546982 0.100569459919306 0.320433314685067 0.314855145120175
-0.277855007309955 0.00458903377034525 0.185905891394693 -0.306190024092097
-0.284209974518505 -0.0636195546727675 0.152671267433315 -0.208030274680494
-0.216103621770737 -0.158923150706682 0.163078366426443 -0.14102940202587
-0.152536696895226 -0.201058011575055 0.114076851334397 -0.211409696205011
-0.0662844569480965 -0.247792398958333 0.100802618174933 -0.269936715979767
0.0178518104596359 -0.304427000605636 0.127933262093086 -0.370500545329826
0.0625078135461486 -0.352680216200763 0.133723961578007 -0.41769554642202
0.0303775756300961 -0.390335302953979 0.0503166924383407 -0.422948027638156
-0.0600546082621369 -0.412290676202886 -0.0558736383586724 -0.274803372625017
-0.172089395026712 -0.382750866456968 -0.151834659773721 -0.0373302208850727
-0.310274022510341 -0.257357004145398 -0.117445907758457 0.1721326912274
-0.40029636600199 -0.104062859734179 0.0198397679400479 0.28321581615866
-0.385777772455723 -0.00615037134270986 0.180303858306433 0.27776606729499
-0.385853781147524 0.0969383118133561 0.340967379019841 0.225246853858704
-0.356831236620616 0.11304108923859 0.469253960265935 0.256104620630503
-0.141443319935414 -0.0124816973329576 0.291414897601928 -0.28969299736589
-0.140773973751448 -0.0424998872101111 0.191677429149532 -0.165982971594114
-0.0928813302097765 -0.0954493494419915 0.168716435149239 -0.086966389493889
-0.0615898513399822 -0.100885933611663 0.106062007177535 -0.158798303443022
-0.0217649391713685 -0.114681470945562 0.103421631482975 -0.221572111517266
0.0172023323038501 -0.145800322658202 0.153702510666741 -0.361982687599292
0.039727099784308 -0.182231654329745 0.168938779468441 -0.483049512503676
0.00700857273001929 -0.202510721500846 0.0574953388715946 -0.541593695152556
-0.0535261592558022 -0.211086808895348 -0.104228043360052 -0.385846178627198
-0.121358934686543 -0.1916722554787 -0.22405326433117 -0.0904866263443741
-0.184811385591518 -0.114330201323663 -0.163208790327978 0.173436033605994
-0.226750729669566 -0.0194969868744469 0.013845236968903 0.275986671879953
-0.212614435881519 0.0221797945920705 0.230207351734897 0.239741058665705
-0.207279316547285 0.0848811795156707 0.418602102863592 0.174119914666578
-0.191240647272067 0.0807436929826439 0.557318214077047 0.206962624643218
-0.0193977409690013 -0.016480960820509 -0.561206324314952 -0.145005807186856
-0.00346570713253098 0.018895014348091 -0.44871295099566 -0.0887045016539325
-0.011432078189838 -0.0132188261229725 -0.26022786473401 -0.152435714413999
0.0074923574819196 -0.019694905853522 -0.046142452199252 -0.21503461321091
0.00687235267117273 -0.035531048365003 0.12743983549402 -0.168094680879579
0.0191046161057091 -0.0251325740675993 0.189648706158258 0.0802556281182164
0.0203169033305123 -0.00993540677204743 0.106344328321637 0.385332175558086
0.0226052704090495 -0.00905154279345074 -0.0598936695187481 0.556980621814467
0.0136685894726093 -0.0088968813799553 -0.147278751795667 0.510015880734277
0.0131458110752518 -0.0019239671249789 -0.124476858388447 0.364574085492899
0.00668434846775148 -0.00264911022074878 -0.0710706703022196 0.225165303560946
0.00537793533165343 0.00279515380311632 -0.0662990961082755 0.141510388197654
-0.00449965723946521 -0.00207196276581058 -0.139643571417668 0.0861090767538067
0.0074073394702377 0.000882226835445274 -0.187955629899884 0.10627102104265
-0.0103200567112847 -0.02235956532723 -0.295473744407149 0.300690875809455
-0.18151184498215 0.054248511206645 -0.544301846565343 -0.143058664911927
-0.184716103350085 0.0889439583268137 -0.423393456972617 -0.0958887429516943
-0.202873923684887 0.0247592279209321 -0.245571023771252 -0.158883243337943
-0.187245581073103 -0.0381608131597423 -0.0482886775037036 -0.224748289859833
-0.165551506671942 -0.138682980305814 0.116936425628699 -0.189438752877607
-0.0907601836485448 -0.210804721432766 0.182830307794376 0.041609095567188
-0.021901984288079 -0.236746172473295 0.114561262787225 0.338911718655336
0.0438009402657742 -0.222664699925625 -0.0442136964225572 0.505648219736355
0.0547342540399208 -0.191455432779111 -0.120436879817585 0.486243290183843
0.0539692389586156 -0.146552343422541 -0.108261010460636 0.37208164944804
0.0117909066287897 -0.111338670571748 -0.0585770214025679 0.23594752269536
-0.0316185783679367 -0.103312861657048 -0.0611057002057792 0.160304937272711
-0.0737024840999645 -0.0962798257065067 -0.13734949114046 0.109896231028391
-0.127933522782168 -0.0658539125570354 -0.178508113918726 0.125578736378695
-0.17357927157386 -0.033377043769313 -0.262499816366944 0.316119643752267
-0.317873066474665 0.10154075067492 -0.462765703868244 -0.175790647831464
-0.346109140924454 0.124375900175269 -0.350024757490657 -0.145347306347855
-0.374018266354876 0.0296232408701316 -0.198115912211488 -0.192248912249163
-0.358967607870349 -0.0790701862110882 -0.0423742900350041 -0.255165880567973
-0.306199528008812 -0.24511530821899 0.0902411548952778 -0.227578216977587
-0.169764041717159 -0.374840700235915 0.14703239357574 -0.0355851174822398
-0.0456765408546572 -0.42692756706025 0.102511278879807 0.223918917952728
0.0574676422482452 -0.404730924511116 -0.0267180523597261 0.375514127416491
0.0756049678059989 -0.364501474734538 -0.0706133867624975 0.412615807714676
0.0635586171190159 -0.311791610517113 -0.0687417605491743 0.36572631009422
-0.024233263691915 -0.253479817456638 -0.0359507370422875 0.259199280845112
-0.122134154065561 -0.228756837157768 -0.0539963429353741 0.201631752537234
-0.186277842451893 -0.18496283308677 -0.128124232761451 0.165031133117971
-0.281679752437499 -0.107743741872358 -0.145307198914735 0.175479020939794
-0.326506748991007 -0.0257338264199303 -0.174933074975493 0.343176974945388
-0.404853423213462 0.111845543765701 -0.32302165440434 -0.23301585084557
-0.456442704342478 0.102187227399304 -0.229243995421016 -0.211988529415568
-0.481846038313168 -0.0202478524129093 -0.11121712865659 -0.235057165733421
-0.456674195976805 -0.155772478867754 -0.0173537193271674 -0.292143367838641
-0.361600580526541 -0.345171746224815 0.0650324522482466 -0.27470798744708
-0.181507387431654 -0.490067023157538 0.101298625704104 -0.142738593713004
-0.0343043581375271 -0.540157854341001 0.0826119637866796 0.0571452105144848
0.0615206189913963 -0.522918344431449 -0.00573683715290707 0.186164091515654
0.0619084020407265 -0.503048728540175 -0.0208575963629571 0.279894401066483
0.014511511317048 -0.469871319224544 -0.0276642849541737 0.310286823742526
-0.129579592512288 -0.39165110567339 -0.012298306855866 0.260374625068534
-0.281190831880434 -0.321975664809136 -0.0344026976180914 0.24879956049161
-0.342230490727469 -0.222058223945399 -0.0858607300675739 0.234136167294574
-0.427764608328536 -0.0967300145260676 -0.066284131342461 0.237378075000062
-0.443168755419212 0.00842285176266612 -0.0337977352957203 0.360498381506728
-0.426450840472786 0.0854465487680581 -0.150154866410674 -0.283327344440809
-0.481344810381156 0.0358115116903865 -0.0810101778191243 -0.255122627893962
-0.480675105368403 -0.103837833140268 0.00429034806981409 -0.248180276222044
-0.434485585865537 -0.23394975480908 0.0341804351626582 -0.306018142387752
-0.307068093800051 -0.400199757198824 0.061610569062683 -0.309868418399288
-0.125958344169818 -0.518666356476717 0.0774654301223363 -0.256555363471969
0.00429256670537905 -0.5579857406455 0.0751241384515776 -0.128079506586349
0.0575801110002264 -0.560354018813415 0.0142558600042604 -0.0303114143138411
0.0167612521671531 -0.568723841447418 0.00347433408327293 0.0991804180898025
-0.0792579188722724 -0.552166247900692 -0.0215262265126408 0.198018454909594
-0.26653432373077 -0.44504873758573 -0.017136616703427 0.229542198719564
-0.436360353963725 -0.314088192612512 -0.00574917127823145 0.279728936419397
-0.466932134339193 -0.179266964836844 -0.00204967681762932 0.28813512923847
-0.516187890701092 -0.0297387502219813 0.0639424198942347 0.2758375019485
-0.492939537219636 0.0605750783430505 0.142561447045463 0.350548045616579
-0.379615178462776 0.0436277792777209 0.0284459033877688 -0.30889305514976
-0.412580828200101 -0.0317678570080915 0.0575889047257697 -0.248345005268356
-0.37048030517284 -0.164377316385492 0.107717448525891 -0.209257460844408
-0.303168000729425 -0.257676094637823 0.0875950881846365 -0.274140671540364
-0.179901904377909 -0.361652064552109 0.0800291669969799 -0.309344938400173
-0.0398612970396438 -0.446128034509577 0.0901511540581447 -0.339252637107678
0.0449617869513032 -0.486553164263864 0.0924158369181332 -0.295985467118974
0.0461965726194431 -0.515038661951186 0.0310422401398844 -0.242828540804199
-0.0348375598660711 -0.538984233250222 -0.0122279143251011 -0.0995720502121373
-0.157712610074588 -0.517851969060347 -0.0701025513384289 0.0668760900704962
-0.344585986956149 -0.384752730462595 -0.0580166996543168 0.191994038966669
-0.487266865378838 -0.217368181047299 0.0163779787992999 0.287580686863986
-0.484511740385883 -0.0835421358615786 0.0986003575661086 0.299467739847012
-0.499948871057138 0.052746179607551 0.214031298435737 0.266701470171921
-0.46282027288304 0.104516266730613 0.320921224241971 0.309915604150905
-0.276651581415886 0.00612096949817524 0.181378283219625 -0.305367349649018
-0.282861759622248 -0.0603487452117362 0.149273957285866 -0.207017886243796
-0.216246977583337 -0.156422130301504 0.160158705613791 -0.141726880576831
-0.153578190058013 -0.198434332210311 0.110551934298407 -0.210916181325452
-0.0670769823114897 -0.245908907728352 0.0976246803040851 -0.269888472392137
0.0159579998208289 -0.303192504556811 0.123521605622983 -0.370662591286826
0.0601856114869345 -0.351925142073659 0.130124147512427 -0.418635439969657
0.026849121843552 -0.388667290113984 0.0460565068269209 -0.421743299853729
-0.0627036511433609 -0.409274190619174 -0.0572452134661683 -0.272906935150238
-0.174221069245355 -0.379804582023574 -0.150396292233855 -0.035167939908851
-0.310860890552163 -0.253260083676131 -0.114976940226159 0.172009588142305
-0.39882858471888 -0.0993052505467428 0.0226955503156822 0.281581471910878
-0.383581766695564 -0.00323022252882629 0.18358041719532 0.273909974148541
-0.383101015339862 0.0994998630695444 0.342216928802686 0.220744201747285
-0.35394184169945 0.115514335001766 0.469849747087745 0.250103579973746
-0.141392676599993 -0.0119064928417105 0.286010371766658 -0.288816817143077
-0.139705601604083 -0.0403596088027291 0.188451899211862 -0.165760604748947
-0.0934059158145153 -0.0939213192280489 0.166697884625245 -0.0879091720404083
-0.062049782546314 -0.0999927214434704 0.103265139841084 -0.159232152834005
-0.0224681402351547 -0.114025408790893 0.101127340657978 -0.221348982930247
0.0157611082312624 -0.145301072846316 0.149970439834268 -0.361262175665819
0.0380561316441768 -0.181179543564693 0.164676415721594 -0.480808914514089
0.00557974088596607 -0.201603000063103 0.0538411734494872 -0.540978203718914
-0.0543141568263275 -0.21020409010016 -0.106397008442206 -0.384421031379097
-0.122637655163659 -0.189262200647467 -0.222497631487098 -0.0882485025173182
-0.185101222114709 -0.112557040738835 -0.16006558726808 0.174277806914871
-0.226098115560454 -0.0171093204564743 0.016613633447797 0.274342989009286
-0.212069823319954 0.0238560306557359 0.232075495244717 0.236203982658757
-0.205631934310341 0.0870570743502183 0.419022322889187 0.168830752003988
-0.189747003170492 0.0818085618858765 0.556720230570886 0.19995989878449
-0.0200818646114716 -0.0159845957023715 -0.561614341813275 -0.137712850268203
-0.00311213064885863 0.0193467193382068 -0.448207957872653 -0.0837044275471033
-0.0114797648610078 -0.0126481014686266 -0.261103745451575 -0.149480666461887
0.00742932747973316 -0.0201670361028969 -0.0481116405192233 -0.213907389744365
0.0069018250331368 -0.0351741753573948 0.124924773744567 -0.167651517754757
0.0185988407549428 -0.024091938705639 0.188868002376575 0.07832766679269
0.0204008917647339 -0.0104095750365352 0.106916165034973 0.38288133478517
0.0225360281657982 -0.00880462679305956 -0.0569794270928865 0.554206727720815
0.0134953898401476 -0.00925839603023929 -0.142464502448713 0.508889530272427
0.0134620385633491 -0.00263544582768896 -0.121396855140446 0.363828892758601
0.00651349857526379 -0.00252023250066656 -0.0682602141410316 0.224264504855144
0.00505138713868741 0.00210226767427097 -0.0644255495137197 0.141768806797864
-0.00444313074985454 -0.00184071580463452 -0.137869401129744 0.0866034695255452
0.00754859395794016 0.000792368948608553 -0.185591820341331 0.10695411362302
-0.010416829310479 -0.0226982737558727 -0.291350041213814 0.300599226697172
-0.180585856010401 0.0553504684061738 -0.542712718827791 -0.135718147080845
-0.183070105600493 0.0904115775381935 -0.422258389239521 -0.0908000397815233
-0.201960099096905 0.026528464955581 -0.246024189346317 -0.154477099576475
-0.186860136853215 -0.036934241268854 -0.0496369656639777 -0.222788921458699
-0.166276185978346 -0.137003255319949 0.114733732346872 -0.190126522756583
-0.0919771528268644 -0.208641546540427 0.181947261722959 0.0397960790623568
-0.0228055755313249 -0.236351698552416 0.114668495017351 0.336979511151843
0.0412779215221149 -0.222669813389068 -0.0416028535041509 0.503626685267142
0.0538747254074458 -0.191130252551838 -0.117158031700375 0.485959001409409
0.0527106259357621 -0.147115789194847 -0.104520992274884 0.371469328963656
0.010828599222088 -0.110101333554942 -0.0562403766697965 0.235259422365914
-0.0322489109412639 -0.102329569864257 -0.0588802986044336 0.160045144514179
-0.0740033307886787 -0.0954182265654032 -0.134509630355232 0.110722774602553
-0.12779668374313 -0.0648294933280437 -0.175373612879757 0.125207256976203
-0.172777673368299 -0.0312814815577493 -0.257903890659067 0.316305170366803
-0.316439556699459 0.103942119047665 -0.461839366397904 -0.171090300681092
-0.343083112665674 0.126917242034751 -0.349830659936552 -0.141297915400932
-0.371090992667827 0.0329090126038921 -0.19898703196472 -0.189716309367361
-0.357801960149665 -0.0762733763971795 -0.045085847122156 -0.2539807923344
-0.306934012482249 -0.24270714615775 0.0876603205396776 -0.228030452761922
-0.171879129304663 -0.373101666951957 0.144774034847086 -0.0366566557324896
-0.047030775164843 -0.423751734119468 0.103808744952414 0.221830415292927
0.0558179118399835 -0.403028402406061 -0.0235216712018127 0.374464020985771
0.0735912057546544 -0.363650638142211 -0.0673620881626265 0.411572918117341
0.0602995846183811 -0.311365468542887 -0.0654591382630211 0.365678828896039
-0.0255991694366438 -0.250958903272489 -0.033732931245802 0.258576258499434
-0.123395661822306 -0.226467863798228 -0.0522401771656195 0.201580781894191
-0.188009448278926 -0.183020438416002 -0.124322208035962 0.164819336626773
-0.28000803020863 -0.105424113670641 -0.143003343190628 0.175160179860737
-0.325009058362513 -0.0230545132368298 -0.170778057787846 0.342320579220463
-0.403490455776646 0.113589670436793 -0.32440502653629 -0.228557484935406
-0.453263888735402 0.106525544449778 -0.230826624512955 -0.208150785459324
-0.480267847445594 -0.0161720019762098 -0.11295956131944 -0.232836365946556
-0.456806219710254 -0.151522424644284 -0.0199818785397507 -0.290165741106762
-0.363659374794637 -0.342761442301329 0.0634815905435094 -0.274904529894103
-0.186236797356524 -0.486596599993869 0.0996677286853056 -0.143382015209212
-0.0373578527041082 -0.537189672021823 0.0819151485095544 0.0565180837897969
0.0587134947444304 -0.521839959243212 -0.00450931743223678 0.186131737260979
0.0579032787441398 -0.500463280930224 -0.0183757479480057 0.279242826096295
0.0100509276650018 -0.46856418417111 -0.024237763179966 0.3096730453097
-0.131575572771452 -0.390263989587001 -0.0114545793348067 0.260246562900897
-0.282045184832115 -0.31813221611679 -0.0321211191729097 0.247793829255064
-0.342868527458328 -0.218675386729461 -0.0824372749905704 0.233543533937261
-0.426916661492326 -0.093415100326148 -0.0641758974903459 0.236765418298611
-0.441502706253736 0.0116370986593761 -0.0302827627893873 0.360029111515894
-0.423808392126033 0.0895714178991745 -0.150939694274522 -0.279334708232842
-0.478362467983189 0.0408318115238643 -0.0828080406283075 -0.252773041167061
-0.479933675368712 -0.0999929253212852 0.00170117864087225 -0.246461450833232
-0.432698065427724 -0.230609660709618 0.0306902996338925 -0.304600856953814
-0.307416025184974 -0.396147263591742 0.0587840480103062 -0.309792377038455
-0.128490581517505 -0.514671947699061 0.0750504199543951 -0.256264514815542
0.000816707604861118 -0.555373344354087 0.0737886565955721 -0.128040332073851
0.0534938696376448 -0.558122110551015 0.0137930816753206 -0.0298829651940583
0.0137382294638419 -0.567851285647664 0.00439687692348496 0.0986409563285883
-0.082956183295913 -0.549430015022877 -0.0196210915831468 0.197334434540687
-0.267682427559113 -0.442820235923237 -0.0153540580439257 0.229787617292036
-0.436621210472013 -0.309384718224651 -0.00315029020258121 0.278675838341658
-0.467220993044938 -0.175309798743905 0.00177578018408608 0.286665770996112
-0.514377682934437 -0.0249414283176914 0.0665364660625319 0.274096714724181
-0.49144920169075 0.0632982036165804 0.145127253566215 0.346997943120162
-0.377243085882869 0.0464558079878782 0.0263623284254819 -0.306442528481303
-0.411018537995727 -0.0280162054857714 0.0547387579256912 -0.246640983345381
-0.370272676322397 -0.161459582694846 0.104587799554837 -0.209488373588387
-0.302545259110161 -0.254926545679936 0.0844442775633154 -0.272858168104025
-0.181493776382771 -0.35982835010773 0.0768477036364401 -0.309018805288852
-0.0433010175878995 -0.444894394002533 0.0868113971780979 -0.338722706173537
0.0409120926575836 -0.485948601828724 0.0896930131530271 -0.295377606390272
0.0426500392544996 -0.512297328554094 0.0300829470382485 -0.242515446038646
-0.039090862587687 -0.535492221429559 -0.0119334343940175 -0.0994531140171386
-0.161689983569867 -0.514474515717036 -0.0687485488408835 0.0673410193386823
-0.344936618946061 -0.381519843560314 -0.0567597439853335 0.192359339751785
-0.486019680793401 -0.21234004517272 0.0189723978994994 0.28614767986507
-0.482422194262777 -0.0795516754819112 0.102588402748964 0.29781506544268
-0.497464817820208 0.0583883009030354 0.215734496624026 0.263060634751201
-0.460734879342295 0.107800711420029 0.322579095920706 0.304140337519408
-0.275143112443141 0.00849584766224403 0.1779085705881 -0.304077162344688
-0.281165994604719 -0.0572635042087472 0.146356875499898 -0.20589229920444
-0.216327531309778 -0.153820048511759 0.158244657886409 -0.141197526498698
-0.153997139009844 -0.19631020207839 0.108254529328841 -0.2106908965568
-0.0688084182611147 -0.244559205982187 0.0948252171713422 -0.269036752494909
0.0132316129586662 -0.302199501382177 0.11987105131692 -0.370167172315595
0.0572901434804647 -0.351171664644379 0.125393177820458 -0.415982283297408
0.025083589484813 -0.386669574477959 0.0428741540338391 -0.421346146570251
-0.065038405042538 -0.40749654194946 -0.057737005325996 -0.271852806878625
-0.177328730777088 -0.377590707457463 -0.149163739867211 -0.0343189344972395
-0.310977118251809 -0.250869361019372 -0.113051709485285 0.173149811484954
-0.39872084075212 -0.0954773589722523 0.0257671182968801 0.280594664515049
-0.383164089940341 -0.00110512446201311 0.186418021447973 0.271496701495692
-0.380565768725441 0.102845063987806 0.342229715052203 0.216297087638486
-0.351805472967829 0.117923880345408 0.469496683309103 0.243224641000383
-0.139916293193175 -0.0109482432207634 0.282986955734826 -0.289517978283298
-0.139018400615235 -0.0391360037889791 0.185263327508476 -0.16461146923587
-0.0939080953305674 -0.0925614142314053 0.164776330186982 -0.0885854567980409
-0.0625482543081441 -0.0987629406557781 0.100518541770146 -0.15860910353811
-0.0232553012564076 -0.113335868631558 0.0988197103306838 -0.221226224210707
0.014230658069077 -0.145249804916248 0.145985084066411 -0.361708646226829
0.036857869347683 -0.181227549797269 0.159679719746413 -0.480576715285462
0.00467482159421243 -0.200631051273388 0.0498914380900176 -0.537191869748646
-0.0556824479960938 -0.208711553060467 -0.108477395792084 -0.382787329954371
-0.123761325307246 -0.188034593997073 -0.22188075291971 -0.086808268714222
-0.185025758343487 -0.11084460685298 -0.157555802177365 0.17511451586052
-0.224478129567105 -0.0158286030022923 0.0199378157635787 0.273089905396118
-0.211223130372238 0.0251908182245024 0.23471098924902 0.232406412620289
-0.204176133221434 0.0880411856606584 0.418520846086783 0.163926780627468
-0.18797283266809 0.0830469098033402 0.557411495165958 0.192672716525993
-0.0210759036732029 -0.0156247522493435 -0.560199608624041 -0.133295002268741
-0.00265582445057284 0.0192106878010171 -0.447726228879017 -0.0798913048989577
-0.0118085494852418 -0.0121295445867566 -0.261249740821467 -0.145648274892726
0.00691262545113927 -0.0201297723648419 -0.0493858473380852 -0.212205253379112
0.00656951044723675 -0.0353394127092501 0.123593519795693 -0.168082290550433
0.0184710318196176 -0.0238298095049677 0.188700850504457 0.0769389209326459
0.0200154110721609 -0.0105386265492491 0.108588447002998 0.3805482381714
0.0220921524333935 -0.00896659814572027 -0.0527059707408687 0.551450555075722
0.0135083919425108 -0.00939145932658282 -0.138633859082717 0.508213763985106
0.013417550617253 -0.00279878071051089 -0.117687048431175 0.363130856765264
0.00643950057258153 -0.00258043392816882 -0.066473302230045 0.223401806596697
0.00474667913872544 0.00232038778256146 -0.0623909634014933 0.142006582058101
-0.00459509383118714 -0.00162786992243609 -0.13597717536549 0.0878297880742012
0.00768483344855807 0.00106358276837308 -0.182825517534793 0.106827007013836
-0.00999120088134651 -0.0225689523500929 -0.285974131126585 0.300743769236852
-0.180318573850933 0.056508870220421 -0.541886200911437 -0.130348020935837
-0.181422605459938 0.0912977343391846 -0.421847915724803 -0.0860530039196037
-0.201362722492133 0.0280981160643027 -0.246718266771675 -0.15159644717227
-0.186583185458724 -0.03557467009283 -0.0516122695702169 -0.221672868716418
-0.166128720065356 -0.135263563850768 0.11248355585176 -0.189818478403608
-0.0930621989984844 -0.206947827770821 0.181326355935435 0.0384242082489668
-0.0244929357999768 -0.234918188610281 0.116845133617992 0.335050596055829
0.0397102592335608 -0.221894207802201 -0.0378851115295577 0.50112394916129
0.0525666875508107 -0.190341093822809 -0.114283558623691 0.484219329674607
0.050955181523892 -0.146620628384896 -0.102141441198586 0.370934402318418
0.0101626940661723 -0.109331628176293 -0.0546963264713008 0.23457577509482
-0.0326511856033362 -0.101274687098893 -0.0565566736879855 0.160245805734796
-0.0748145192906644 -0.0943426307844908 -0.132288160035625 0.11134315589138
-0.127313532776036 -0.063439380022842 -0.174269051195639 0.125315695871692
-0.171584645107355 -0.0302430977606035 -0.253323611289572 0.314320773652235
-0.314500817990934 0.105764149897717 -0.46052889281148 -0.165462002972453
-0.34066982013631 0.129262040957346 -0.349747256245222 -0.136445549896632
-0.370548655828571 0.0355965614104358 -0.199903765147005 -0.186427577941479
-0.357432234459975 -0.074294719632849 -0.0469104111253657 -0.251783044800262
-0.307242440190695 -0.238295896909786 0.0857400108757115 -0.227597038055311
-0.174288533154049 -0.370109463400886 0.143769162243151 -0.0378040446645452
-0.0503209454186843 -0.421781317014764 0.104096153293433 0.220675010217854
0.0520021094118801 -0.401518611506894 -0.0205415102928335 0.372099713517059
0.0707378434249987 -0.36183714601362 -0.0644899097360537 0.409676319616112
0.0577794043785416 -0.31108437373891 -0.0627167480696929 0.364705260348393
-0.0272672467822596 -0.250031353696756 -0.0317255251883876 0.25812756743799
-0.124972095341257 -0.223786295743075 -0.0494488975980191 0.201365657105929
-0.188151580687634 -0.180070851141574 -0.121638524221855 0.164660207634563
-0.279322812505559 -0.102405464227826 -0.140832557784356 0.174993099234643
-0.323657903679772 -0.0200293203417055 -0.165248939949819 0.340977434573814
-0.401096108642602 0.115510460008097 -0.324790147831629 -0.224506310442332
-0.451436350199338 0.108682902202811 -0.232222069530802 -0.204514482188335
-0.478329002948003 -0.013083326860407 -0.114203153571976 -0.230992808717268
-0.457218169987113 -0.148682304535014 -0.0215350620695618 -0.288491432678731
-0.362960250164033 -0.339693668925402 0.0606453471225496 -0.27459991434252
-0.188462173678704 -0.483928303081303 0.0974425715815712 -0.144129724968264
-0.0405232727992861 -0.534588455620077 0.0820889066444342 0.0559466841129416
0.0533022015396247 -0.519008148931464 -0.00270465493609226 0.185206810601185
0.0557020322568299 -0.49838361431676 -0.016256031844574 0.27761695441354
0.00790626512840758 -0.466810164073679 -0.0215275757697599 0.308610519781717
-0.132643491477422 -0.387359483176547 -0.00908871711554196 0.259927786846704
-0.28246430749313 -0.314745243788412 -0.0293627430228352 0.247145299536605
-0.342913507122388 -0.216023310724542 -0.0783490233727012 0.233054948104314
-0.425038212734991 -0.0889110699681256 -0.0620172561973082 0.235574829589502
-0.437655824590424 0.0143898410073141 -0.0270984447898611 0.356837961082642
-0.422012846429694 0.0917207246826068 -0.152716721829091 -0.275827502696152
-0.47547652860747 0.0442294504880666 -0.08506018882333 -0.248653957591655
-0.478236961938151 -0.0965441843071385 -0.000871436880761323 -0.24575922387065
-0.432933681516022 -0.227427962375464 0.0277015625528359 -0.303646522610885
-0.30932259628155 -0.392000420767799 0.0565851141281326 -0.308771385769147
-0.131763625703982 -0.514297969637965 0.0722810466705777 -0.256294034244101
-0.00326245303242866 -0.55304758425562 0.0720518014036465 -0.12789347755503
0.0502416297526954 -0.555936217343803 0.0137475056982261 -0.0301638174819451
0.00980059243842974 -0.565536859349796 0.00524800562023733 0.0976697160575696
-0.0850992188419983 -0.547241133892625 -0.0175538814178594 0.197298576411128
-0.270487041272594 -0.438091451137809 -0.0136611807627604 0.229635984303276
-0.436845337541322 -0.304659983522498 -0.000589825510667759 0.277126008128645
-0.465168380336236 -0.170578322743155 0.00506452655272909 0.285508762018751
-0.511935405883489 -0.0209101699421398 0.0677482900382311 0.271547021974194
-0.488112219937096 0.0661686906298396 0.147533988415115 0.343499415569143
-0.37499621309118 0.0488415489525452 0.0232273113579241 -0.303939320579404
-0.408850488543204 -0.0247749503371006 0.0527058181165491 -0.24465746699206
-0.369363017868083 -0.157035152390572 0.102585116322729 -0.209226971942808
-0.303139846780142 -0.250865001139848 0.0813597937048609 -0.272468359025027
-0.182663559557085 -0.357424567246182 0.0744769372988065 -0.308739057469871
-0.0459072035464184 -0.44337871345949 0.0839060419989692 -0.338409946609126
0.0377519424314175 -0.483337095364656 0.0873769510482682 -0.294517149528217
0.0390374857576474 -0.510479606787695 0.0285671673500151 -0.241772584612746
-0.0411242778120074 -0.533331862284306 -0.012206052380048 -0.0995831206721616
-0.1648075359474 -0.512798204972704 -0.0673025299793992 0.0676468393766317
-0.345984591000146 -0.378416440719388 -0.0548389156798706 0.193277110812113
-0.485994230440707 -0.20794380214423 0.021487975712548 0.284999166198252
-0.48201799665096 -0.0756150405427799 0.10521553285404 0.295154602218222
-0.49377453735988 0.0613325783017922 0.215871210557468 0.259546901969506
-0.458862963025953 0.11107951459772 0.324966827483086 0.299335289263037
-0.273760758975695 0.00999976484987464 0.174397547436265 -0.303631651060208
-0.280343453863756 -0.0556422705751177 0.143691968031271 -0.204736326218888
-0.216312011663608 -0.15113537911237 0.156095447670601 -0.142078023572985
-0.154423209237725 -0.19421268519634 0.10565391061906 -0.210412101390953
-0.0703628068167879 -0.243162488697897 0.0932884189842421 -0.269523909532752
0.0117276941664318 -0.30166880978681 0.116268939090018 -0.36988393414519
0.055049217737009 -0.349358808881494 0.122713477269951 -0.414716038173741
0.0231394999924924 -0.384778021423546 0.041074311440373 -0.420189198091719
-0.0663636617381931 -0.405327084287939 -0.0590717902574664 -0.270550032437842
-0.178668106804526 -0.375365456280458 -0.148565938025036 -0.0333030929384204
-0.312225702854996 -0.248171623860419 -0.11070507048998 0.173616622040714
-0.397744930037894 -0.0921438303504826 0.0282391044474046 0.279354013371453
-0.38194010629654 0.00270724182990854 0.189384056765601 0.268448657379333
-0.378758925968389 0.10543866335501 0.343009873322511 0.211549331171675
-0.348517407510725 0.119837951754582 0.469613411315422 0.236973455005205
-0.139257935713887 -0.0102595181058859 0.278757009433539 -0.288139097814837
-0.138514383663229 -0.037697752428514 0.182352798626777 -0.164339389356727
-0.0935380942296056 -0.091486824006788 0.16298655576009 -0.0896971803407132
-0.0629627442688818 -0.097777056182884 0.0984629218611454 -0.158503921493736
-0.0235880527105022 -0.112697007742207 0.0970904918498959 -0.220934835456833
0.0133100408093801 -0.144874458406232 0.142015089119855 -0.361194576566023
0.0356167065730548 -0.180661923070294 0.15734854013345 -0.479666614247529
0.00349237565293635 -0.199805677122537 0.0467617593368192 -0.537104033731273
-0.0556709930957327 -0.207260041353038 -0.109338441040691 -0.380566235197547
-0.124485632343448 -0.185969877213685 -0.220847827519083 -0.0850112045461326
-0.184353360989014 -0.109279212200724 -0.155096873047998 0.175779057548489
-0.223449175237724 -0.0142249304137536 0.0216730846698972 0.272418030843952
-0.210422312143902 0.0268583488125708 0.236245187558744 0.229231116638323
-0.201682727237683 0.0896210828924506 0.417998765555083 0.159242471006854
-0.186304926655269 0.0845460443209958 0.556089783782008 0.18695412918517
-0.0214430381609426 -0.0155776378986303 -0.561360022497518 -0.127446046599248
-0.00205812777578144 0.0188209482803341 -0.44688098835411 -0.0747502699904006
-0.0119458823325029 -0.0119050034833061 -0.261489405409374 -0.143191765881289
0.00692903396320802 -0.020680436859995 -0.05025363182459 -0.210724406008957
0.00640174139325773 -0.0350113676917896 0.121615887622367 -0.168221197886166
0.0183815051962533 -0.023629739712305 0.187716996577958 0.075285843334017
0.0197998743999098 -0.010640600430913 0.109555570960574 0.379650443377685
0.0221925645626726 -0.00909464769828593 -0.0485607172967546 0.550603434255589
0.0132984303105475 -0.00974678081652257 -0.135877686779993 0.506831865768235
0.0129298223383423 -0.00298679450173394 -0.114934193938115 0.362486467028815
0.00601454485526172 -0.00207699728755603 -0.0646316362740899 0.223368707340516
0.00473598404107805 0.00246143456391998 -0.0606621002982947 0.142219924560325
-0.00474580476305849 -0.0013578207003286 -0.133777031538596 0.0882660438131337
0.00790528853341903 0.00071008505451247 -0.180434177381069 0.107326246473858
-0.00975612795454785 -0.0223262862565792 -0.281661115295421 0.300011367331815
-0.179684691837611 0.0577750307785693 -0.541235121916582 -0.125275116724249
-0.179579827590534 0.0923623549305582 -0.42137280561493 -0.0816201318662188
-0.200460816185148 0.0293874728003092 -0.24736187567963 -0.148500035198714
-0.185873431965991 -0.0348578459124829 -0.0532188804771371 -0.220298939740035
-0.1666938039264 -0.13359724437555 0.110465091026924 -0.190356757828665
-0.0940484775579229 -0.205987693277442 0.179948559562337 0.0367390290278767
-0.0259341446704335 -0.23386669087727 0.117165762458399 0.333532844967993
0.0383976221379828 -0.220955668093773 -0.0357681789210488 0.500804843916531
0.0510952298973656 -0.190176434658522 -0.110217064541078 0.48204396351923
0.0499208679632005 -0.146693631414588 -0.0980255733617963 0.370329086895828
0.00973621269138642 -0.109540622015541 -0.053192930853014 0.233894767846994
-0.0332424664644151 -0.10003168496058 -0.0545444520925842 0.160510990619165
-0.0747855973550736 -0.0930484763235818 -0.129931780930967 0.111841151696738
-0.126860580326285 -0.0621486132672323 -0.171166605033147 0.12490667083798
-0.170341764595532 -0.0288867786099578 -0.249146513285362 0.31456419290664
-0.313159714101325 0.107483875294294 -0.460086897887651 -0.160393106690437
-0.33787560531453 0.131162652838966 -0.350100935655633 -0.13186246775437
-0.368257643358543 0.0385432111521412 -0.201722231749138 -0.184125588012135
-0.357063025696971 -0.07174721275582 -0.0484181907837283 -0.250899612711864
-0.308463080627021 -0.237029637441818 0.0833612892206894 -0.227742544701209
-0.176174006349128 -0.368328879833071 0.142479752590757 -0.0389594180614904
-0.0522103706926035 -0.420441317978438 0.104795544193689 0.219147266750552
0.0499293098340756 -0.399645085779651 -0.0189018722342616 0.370968728371919
0.0689180981213475 -0.361502486125386 -0.0618328804404526 0.408608593444948
0.0565444970170245 -0.310271030869818 -0.0593909192306108 0.364315016335605
-0.0284326859196696 -0.248700233201993 -0.0306067480274005 0.257634234773389
-0.125475201306708 -0.222117838018934 -0.0473546788123638 0.201033335542526
-0.188889005119152 -0.178311111589188 -0.118890098785639 0.164862510176988
-0.278865464793178 -0.10030741592945 -0.138773264473064 0.175254031757626
-0.322002011611615 -0.0176465043168078 -0.161780793320337 0.340296134450949
-0.399047200095496 0.118372680397356 -0.324945004231857 -0.219757266924915
-0.447943805510534 0.111401828040148 -0.232465849860679 -0.201144854904956
-0.476713261105761 -0.00818917015655087 -0.11594907342277 -0.228860389254326
-0.455467124982019 -0.144205323464618 -0.0238517197152494 -0.287353408520098
-0.364975429811632 -0.336285089243738 0.0584312573002581 -0.274605249571849
-0.190581808149418 -0.48071840080618 0.0956488690710741 -0.144442937443306
-0.0437697491697574 -0.531091541981505 0.0816348353584122 0.0552342931927506
0.0508894282661065 -0.515961219964152 -0.00147893534242044 0.184451352472889
0.0516431771905937 -0.498294052256184 -0.014599774832165 0.276622454044246
0.00515082811404043 -0.465293671412966 -0.0194383184771809 0.308359489094163
-0.133617098471689 -0.384108041490165 -0.00790128568693798 0.259404120631269
-0.284083219529104 -0.310975409775185 -0.0269993694080995 0.246874526747144
-0.343199017863396 -0.212110516913401 -0.0750985154848969 0.232553665764757
-0.424562047191492 -0.0851629432314193 -0.0595970354325706 0.234630313620264
-0.436591785482099 0.0179218762060143 -0.0230417801799869 0.354037290852889
-0.419538389245278 0.0933481455731196 -0.153969209499173 -0.272259255817219
-0.47349096117998 0.047137760207669 -0.0860112577333892 -0.245833423585304
-0.477280991569826 -0.0933129832407521 -0.00236165206805766 -0.243854451145921
-0.433015435062138 -0.22435798931204 0.0256354207395491 -0.302372911434631
-0.31023619260615 -0.390609000975028 0.054308957668901 -0.309066897500144
-0.134018222625978 -0.511074783934363 0.069787747465958 -0.256344172879757
-0.00532265949029755 -0.551591961941462 0.0710208412688609 -0.127938739519388
0.0471352441314306 -0.55399186503247 0.0134513095876477 -0.0301724022655214
0.00692625832393791 -0.562297066750001 0.00582593812156441 0.096910556199495
-0.088357992628498 -0.547452792159858 -0.0159951129225313 0.19710946118674
-0.270507471597087 -0.435775276726891 -0.0123498907362784 0.229220836108573
-0.438009402576538 -0.301102804005205 0.00218828083720811 0.27646183843339
-0.466124607190455 -0.167063740556891 0.00879783158026324 0.283703134506389
-0.509468628818179 -0.0169906233324427 0.069271845912068 0.269373944340228
-0.485989386159569 0.0700373159742034 0.149747148963996 0.339729758111337
-0.372814479748488 0.0510897694047521 0.0209375683800603 -0.301762157808798
-0.407720440735076 -0.0204779643432672 0.0504195027948506 -0.242698812486799
-0.369411924987795 -0.154646845234265 0.100791120687407 -0.208571072983561
-0.303971721407985 -0.247725693289774 0.0794593134845878 -0.271670154176691
-0.184724596921462 -0.355251871901611 0.0726734484748554 -0.308018980054037
-0.0490533322101973 -0.441976277441219 0.0806825277105722 -0.338497928413148
0.0342321299793182 -0.48253395425861 0.0846569169232295 -0.29406250767033
0.0373043871312876 -0.506794900010893 0.0271788790387195 -0.241160525988944
-0.0434193156789457 -0.530790143460303 -0.0123973679815886 -0.0995093268331762
-0.165903377920709 -0.510703287899082 -0.0662251475052069 0.0678633369802897
-0.346908818433612 -0.375897470442209 -0.0534019954596003 0.192883480215865
-0.485037330432096 -0.203961043336529 0.024096074773289 0.283895627034333
-0.481958469532381 -0.072784111894751 0.109141450934969 0.292802146454506
-0.491697692437778 0.0646618214846006 0.217847806994194 0.256933719558041
-0.454400816959751 0.112429961006061 0.324976578180785 0.295543062419299
-0.271874158758541 0.0120870137698852 0.172200077509851 -0.302398487372987
-0.27823513098015 -0.0525441017118197 0.140732972578204 -0.203426965117587
-0.215963584977542 -0.148713742686762 0.154179664987238 -0.14242666490917
-0.155134643543519 -0.192103244866731 0.103039591248572 -0.210181802522544
-0.071464654621607 -0.241998427072699 0.0909086856910344 -0.268927400344029
0.0094806778223613 -0.301230665726206 0.113036773132283 -0.370402390021141
0.0530767985288688 -0.349048724309438 0.119381392920114 -0.414602914952131
0.0209237070775362 -0.382753314257494 0.0380453297995143 -0.418074912940913
-0.0687247304571087 -0.402978172408773 -0.0593811116794982 -0.270180814514999
-0.180454476513962 -0.372960152882587 -0.147484020381459 -0.0327188231838904
-0.311890778491025 -0.246319514601534 -0.109397781806576 0.17393136155665
-0.397027296772299 -0.0897352735035446 0.0310572469290356 0.278202402391267
-0.38036055875593 0.00520930555177001 0.191551434613754 0.265770240910158
-0.375935825311452 0.107574916417625 0.343279044497175 0.208184819632881
-0.346186412916302 0.121749989252554 0.470630846547216 0.232298823144002
-0.138614394159179 -0.00970038792751299 0.275411816571653 -0.289385123539712
-0.137406164380378 -0.0359313064235531 0.179831608803033 -0.163985367265706
-0.0940551758458036 -0.0900138909485869 0.161315514636848 -0.0902747801470185
-0.0632716773730966 -0.0964699184140103 0.0963743580276786 -0.158435966312991
-0.0242674412064074 -0.111797785434668 0.094843621220112 -0.221229415450175
0.0124166489712901 -0.144427778120126 0.138682156022178 -0.361403827759703
0.0345342460554413 -0.180389256234006 0.152656223868726 -0.478684326036931
0.00290569025248829 -0.199211193051421 0.0435793735403842 -0.535362876382131
-0.0568824212905186 -0.20590371354031 -0.110897291244985 -0.379102180256573
-0.125260921582298 -0.185329307399818 -0.219623537895729 -0.0837300442236807
-0.184857300440985 -0.108433741799048 -0.153082470614715 0.176517141754484
-0.222553173658046 -0.0128729686319796 0.0246556532563601 0.271518046741466
-0.209780974496791 0.0284669045105854 0.238300527383614 0.226426564516188
-0.20067801296998 0.0914998370643558 0.418417424891888 0.154701601255323
-0.184587543921771 0.0851451873831012 0.555656038326105 0.181264186650427
-0.0219870832106921 -0.0153678432832673 -0.561719005533914 -0.121913119029503
-0.00117542361294255 0.0186764664661956 -0.447116349035182 -0.0710537965141231
-0.0121068002098231 -0.0115360128082621 -0.261646925167267 -0.140222732147627
0.00634258259352451 -0.0211703599133484 -0.0519362646349529 -0.209232581332781
0.00629616557799908 -0.0352889440097948 0.120033168956653 -0.168006508623341
0.0182896145025715 -0.0232435042044325 0.186833302121824 0.0745083486713211
0.0196140072953836 -0.0105396208749608 0.111287549722301 0.377822090902871
0.0217897801058785 -0.00915423865097042 -0.0468029967372441 0.549275473093206
0.0127949240146445 -0.00963084377931357 -0.132321399769347 0.506090236089107
0.0125755049331066 -0.00317573195977856 -0.112542649672 0.362583024660224
0.00621206321100945 -0.0023291149317553 -0.0631219836973822 0.222348424333076
0.00447118006573693 0.00235765108289364 -0.0588858979086661 0.142371927115378
-0.00510810145606903 -0.00113929002539559 -0.131949849731453 0.0889663711297205
0.00801146327321531 0.000688749556432529 -0.178002734819604 0.107395133603245
-0.00977268627245994 -0.0223872168907596 -0.277361644254828 0.300302497564155
-0.17891292425091 0.0589484976651955 -0.541087371970527 -0.119260886497042
-0.178207345579785 0.0932636589239983 -0.42006304449409 -0.0773808819454618
-0.200101507301481 0.0307190346470511 -0.247382345728833 -0.146015664532536
-0.185899532448553 -0.034101111849722 -0.0541882063148441 -0.218799006304952
-0.167020044252334 -0.132584278320631 0.10901636889468 -0.190261651582402
-0.0948962022791547 -0.204690588286115 0.179217922436664 0.0356911236114264
-0.0272391227765668 -0.233240569638079 0.118479383426174 0.332009973733541
0.037263041791848 -0.220472292162878 -0.0327608816948525 0.498868507355268
0.0498148513138849 -0.189296263031246 -0.107659606768419 0.481396337190629
0.0490714866890341 -0.146597889632535 -0.0957160489383906 0.370164487482631
0.00905182938348083 -0.108274135929319 -0.0514513020192682 0.233849806074034
-0.0338381912055628 -0.099098738795347 -0.0522650374808752 0.160495356920388
-0.0756991568604252 -0.0920590038733 -0.127219689961454 0.112391286437402
-0.126235468219046 -0.0609713419551995 -0.168659966444871 0.125256583101299
-0.170243945268925 -0.0283144711485733 -0.245542633601599 0.314539658009735
-0.312670843987102 0.109769550947995 -0.460290144190213 -0.154925278908749
-0.336452928412804 0.133293297555493 -0.350273381089783 -0.12779007274495
-0.367688734882858 0.0406733905407083 -0.202474658367225 -0.181714447041671
-0.357105377510044 -0.0695910986185435 -0.0501731090778561 -0.248772426424472
-0.308290457582081 -0.235476417116605 0.0818498536462935 -0.227727186411339
-0.17658483733505 -0.36677915141247 0.140640199671402 -0.0398512322804185
-0.0539598617681332 -0.417952284284027 0.105264497924107 0.218068976447017
0.0474304587778248 -0.398916573415991 -0.0165650537259878 0.369947227818931
0.0666728663942294 -0.360454791404307 -0.0599530328103708 0.40689390852555
0.0543503384100402 -0.309727488035173 -0.0567288875718824 0.364078621975803
-0.0289948555923255 -0.247396689349224 -0.0292104414598291 0.257249920804974
-0.126325999659555 -0.220091024378151 -0.0454413584444311 0.200629270762867
-0.189887635544492 -0.175510554211596 -0.115618071551448 0.164994034699828
-0.277476806015797 -0.0978283122249197 -0.136819440246692 0.17443909068339
-0.320067679539668 -0.0157977912712839 -0.158603928263691 0.337920089934836
-0.396922285625487 0.121241631890658 -0.323511299830442 -0.215823752479424
-0.44631342991532 0.114667797231607 -0.233226530414539 -0.196949615427574
-0.47490868292224 -0.00570128433148453 -0.117724042864499 -0.226521414267725
-0.455830427265433 -0.141737183112009 -0.025945452231114 -0.285612524560961
-0.366029175588605 -0.333436668438498 0.0558730983043379 -0.274402085346541
-0.192680852127827 -0.479353633742174 0.0936099609476142 -0.145273877569263
-0.0465288795656322 -0.531154506827237 0.0815754040864945 0.0548258038442251
0.0486160825045696 -0.514379977671495 -0.000164661646692405 0.18382785755627
0.0499100563674803 -0.496107530875447 -0.0131873534900178 0.275170979564827
0.00195123455698439 -0.464348775484957 -0.0169004171568993 0.307952500388837
-0.135332926250173 -0.382818430994761 -0.00603825339793723 0.259200477290123
-0.284485492123383 -0.307783948891302 -0.0248855033172594 0.245646238240117
-0.343707357257664 -0.208982822069688 -0.071971938907046 0.231632857195165
-0.423147306431702 -0.0825215947238628 -0.0576881903691191 0.234053838680081
-0.434760144376014 0.0204936568236956 -0.019865258534154 0.351818736266587
-0.417559208400762 0.0964910884722626 -0.154469191074986 -0.269804140660987
-0.471497378138465 0.0510561169641457 -0.0877990675498482 -0.243490099174682
-0.475841550974393 -0.0895325007152918 -0.00401006423780599 -0.2430641372589
-0.432570163585006 -0.220825798185253 0.0232171067008163 -0.301185898539324
-0.312145939812616 -0.386776514361705 0.052644966285707 -0.308616815206183
-0.137345129760743 -0.509414147178801 0.0675168374560807 -0.256486167910883
-0.00874372552051401 -0.550054259898508 0.0696588014771458 -0.127355097023749
0.0442785483092344 -0.552261211306251 0.013339252071115 -0.0304048503281652
0.004454097923984 -0.560177827465519 0.00677543157765987 0.0956703765746782
-0.0904757929702404 -0.544179100198198 -0.0143906989008306 0.196365602806028
-0.271054053197206 -0.435146606787864 -0.0106465219926979 0.230471059379481
-0.437182059724246 -0.296374415583431 0.00420912386593964 0.275573846320992
-0.466178725996895 -0.163390512116174 0.0119910535250548 0.282292974434742
-0.5075564575701 -0.0129900603254482 0.0709504351987258 0.267902355452179
-0.483550996068068 0.0731128134272449 0.151925791133056 0.336188751410366
-0.37150267105191 0.0526126720762417 0.0186386802770489 -0.299450344002513
-0.406106467971092 -0.0192141582033142 0.048646329896735 -0.240761379931835
-0.368992274113419 -0.150846432605184 0.0985571625420473 -0.20836500712537
-0.304313836261664 -0.245701668274488 0.0763563265719089 -0.270761191092659
-0.185101797887085 -0.353184749874585 0.0703694365445759 -0.308249095006415
-0.0499519939787427 -0.441225994961389 0.0780861466153926 -0.337796582694315
0.0323592277155564 -0.481152183732034 0.0827675158436699 -0.293049454566519
0.0341499990492377 -0.506205306350336 0.0256365264834074 -0.240356008346053
-0.0462665597746256 -0.52928477942842 -0.0126693494373014 -0.0995998367997922
-0.16866165044214 -0.508327435634499 -0.0649338315698853 0.0680773963015461
-0.347863578609531 -0.372869070626035 -0.0521557180239956 0.193585680066263
-0.48481522919896 -0.200807417249623 0.0262427547093768 0.282998735560968
-0.481010738758605 -0.0704073531088996 0.111879884931397 0.291145604844611
-0.489324242414158 0.0673110585725663 0.218613191835005 0.253934379686742
-0.452048870896844 0.115786703965646 0.326186167935091 0.289791683155665
-0.271011176788097 0.0129178161431306 0.168964940495053 -0.301682570701846
-0.277735474991884 -0.0507990748198657 0.138468336088861 -0.202485362962168
-0.216080842281102 -0.146950318037879 0.152110332545307 -0.142589268264746
-0.155193236747675 -0.190219219825423 0.100539385605259 -0.20976221761875
-0.0724120098849517 -0.240604379399352 0.08854292065996 -0.268643048712091
0.0079353169144231 -0.300532121949353 0.109868317488759 -0.368986186235005
0.0511460764387561 -0.34879014056153 0.116836152780582 -0.413237940625708
0.0198493780640718 -0.381855928321173 0.0352916121731532 -0.417531732738003
-0.0705878612146916 -0.401572669260065 -0.0605625111716954 -0.26935430301516
-0.181966519269432 -0.371370150921837 -0.146478099786714 -0.0317558702404648
-0.311478449311279 -0.243149452353781 -0.107433779083611 0.175193749772765
-0.396011892136314 -0.0867389100850346 0.0323028507362017 0.276995904539377
-0.379304043530576 0.00760198087949701 0.193861208799278 0.262704831942927
-0.373616414382539 0.109806923462296 0.343519458555836 0.204416834921237
-0.343940660738942 0.123075691765865 0.470513165351567 0.226830870773807
-0.138142717852616 -0.00920051678514811 0.272890353613883 -0.289062764060046
-0.136657218228991 -0.0355841486400884 0.177545897618862 -0.16298048752891
-0.0940494752637228 -0.0889940935980388 0.159934250596822 -0.0909292609773619
-0.06378779154459 -0.0956706813651301 0.0943647009153882 -0.158894341296164
-0.0248568172138872 -0.111002168791294 0.0931539356829263 -0.220725646785543
0.0117560566731741 -0.144211219607446 0.136462939172586 -0.361043588083453
0.0336832416323867 -0.180247327219907 0.149238264602918 -0.476845477804694
0.00204904861377763 -0.198334839471537 0.0407923145046954 -0.533900862799682
-0.0574330909601352 -0.204753557447199 -0.111655060223395 -0.377111735381143
-0.125786203726942 -0.183472038777084 -0.218748950868915 -0.0823088520883384
-0.184574911981236 -0.106960434106515 -0.151130719169571 0.176799031275077
-0.221799301879504 -0.0116451588876364 0.026179987180745 0.270208456007605
-0.208990660651872 0.0292809018063256 0.239927142820521 0.223276529009517
-0.199462739270402 0.0923206344722309 0.417883215143108 0.150725361779226
-0.182983602883885 0.0858840559684809 0.554652518361764 0.175409866700429
-0.0226602164209801 -0.0148698724967183 -0.560162279945788 -0.118028675546836
-0.000811679939749824 0.0183782798816416 -0.446630465218343 -0.0669197711035675
-0.0124504752219731 -0.0113098967624185 -0.261922641147194 -0.137669407842184
0.00615335775417219 -0.0212539182369413 -0.0534768210378059 -0.207994188179975
0.00628079679842643 -0.0352403348781956 0.118555815842331 -0.168531530574807
0.0182620601228412 -0.0229034853131304 0.186197931777601 0.0733318263881926
0.0195837682281453 -0.0107843441247615 0.111956827887903 0.377345085825947
0.0214220193773579 -0.00910247500526411 -0.0423791241161839 0.548677481515837
0.0124811011281753 -0.00992191349340222 -0.128970091154757 0.505566248903012
0.0123105003529928 -0.00342686440033136 -0.110119362643308 0.361943879717827
0.00586646579846941 -0.00214552932524675 -0.0613275992954013 0.221698912809673
0.00464702404710671 0.00311677906619397 -0.0572074292102773 0.142634792363234
-0.00514635116393377 -0.000811381457695194 -0.130017198080638 0.0893618008929779
0.00884988175060019 0.000635317496007143 -0.175258671262143 0.107323882071286
-0.00965665844065571 -0.0222330685540944 -0.273554686921398 0.300214456339826
-0.17868696662931 0.0598264926618589 -0.539932450871158 -0.11472401485171
-0.176785527140796 0.0939041191053535 -0.420033133100556 -0.0737907009863044
-0.199347835044633 0.032013580528789 -0.248167462624906 -0.14378664540333
-0.186007676082181 -0.0331026862674179 -0.0558489866793331 -0.217791406315446
-0.167416124258629 -0.131427628967994 0.10658150723942 -0.190673999837097
-0.0962294558953558 -0.203206600757681 0.177928874311266 0.0344232207640724
-0.028721579099033 -0.232904708179213 0.119722540472913 0.331049565982304
0.0361374027484459 -0.220029667458895 -0.0298569359822453 0.497796556098737
0.0483787943697143 -0.188878947682137 -0.104251357256643 0.480598347322512
0.0476555736937005 -0.14656736199304 -0.0934773287509905 0.369700052711838
0.00867411366512133 -0.107688110392296 -0.0505167010901632 0.233469749657557
-0.0345307088944012 -0.0981528951863676 -0.0508677789659091 0.160477684150321
-0.0760485871925645 -0.0908320631580199 -0.125598691359575 0.112680125395864
-0.125650276095015 -0.0597729334736984 -0.167296830060523 0.125312932999167
-0.168565947798228 -0.0272513167691178 -0.240866248244981 0.314665706900627
-0.310477921640068 0.11131778203359 -0.459969954708728 -0.151208241319389
-0.333473030324132 0.134982687448467 -0.350164207317408 -0.124306768796905
-0.366790349901568 0.0431954686927343 -0.202890996162873 -0.179429525947824
-0.356731401478694 -0.0680521307800007 -0.051988049442395 -0.247178213579674
-0.308493006513693 -0.231289490699526 0.0797954373993951 -0.228097332015955
-0.178799892560177 -0.363901784803215 0.139532172988078 -0.0411438888617853
-0.0572281149583079 -0.417102233855981 0.105718406159722 0.217027933422512
0.0457271677588983 -0.397128552284454 -0.0144755241659453 0.36903040835219
0.0649358111613041 -0.359532519293621 -0.0578512341018338 0.405745083288863
0.0522107799921188 -0.309092961284294 -0.0541950382600474 0.363742367393878
-0.0304003214461675 -0.246629570559891 -0.028171622989321 0.257256237723344
-0.127307926860281 -0.217978966415371 -0.0426121920971912 0.200837164911428
-0.190125161466656 -0.174150284251331 -0.112868826459688 0.164920779872763
-0.2769041424908 -0.095836132549102 -0.134736045095771 0.174117040468035
-0.319477207296522 -0.0142207463511791 -0.154929117112563 0.336669954689223
-0.395995768265257 0.122283063021809 -0.323598997394603 -0.21180674086353
-0.443465062648094 0.116814949938486 -0.233866055401284 -0.193766162908893
-0.475000892120202 -0.0014900229785555 -0.11815382984718 -0.224826432170443
-0.454521625665436 -0.139931029211452 -0.0277955313599956 -0.28472975498748
-0.366583711188154 -0.331810731412783 0.0538169058162816 -0.274530165035751
-0.194055408846137 -0.477291513023266 0.0918073625541814 -0.145852414296906
-0.0497653868819775 -0.528698457190189 0.0813641910821928 0.0544823047113448
0.0460745006782954 -0.51306934994733 0.000589036535192169 0.182511223748149
0.0459048759842058 -0.494766227324085 -0.0114275319199578 0.273947079406596
-0.000225484340943277 -0.463955673525458 -0.0150250109251272 0.307694713363039
-0.136922890073572 -0.3814192910829 -0.00558452312447993 0.259514117020793
-0.286368126398401 -0.30478022870706 -0.022076423138731 0.245171518073071
-0.344759131089204 -0.206406192976292 -0.0692671670817417 0.231017692710988
-0.42177786130304 -0.0783670987580834 -0.0559894856171027 0.232325800540683
-0.432895210495995 0.0226855981734116 -0.0176286516529482 0.349746263341103
-0.416296917099635 0.098733386717311 -0.156086166647822 -0.266840995106354
-0.468793242177991 0.0538120036902417 -0.0889394091803522 -0.240616662506725
-0.474682319264057 -0.0860497017373661 -0.00567372842676264 -0.241855155748966
-0.433144506135009 -0.217401634172399 0.0213549299852795 -0.300552776630086
-0.312951956084183 -0.384397899334406 0.0500490870145512 -0.308756145440553
-0.138789955653653 -0.507681771416996 0.0655107711329918 -0.256967769704175
-0.0119452725686325 -0.549536694109735 0.0685984487060268 -0.127237248983669
0.0412129340526011 -0.550324657952604 0.0130827768639279 -0.030453592088277
0.00145066634189079 -0.558272085901599 0.00750532135571511 0.0947205985345385
-0.0937307411685381 -0.542263358170736 -0.0125405751492858 0.196352127322082
-0.273588703266071 -0.432572827924593 -0.0096649039733196 0.230093003026673
-0.438688548143656 -0.293232112700749 0.00685206799906041 0.275010247183959
-0.465626228796076 -0.160133721424902 0.0153102216692769 0.280829931208085
-0.505859972183906 -0.0109344809966146 0.0722176754132991 0.266378345364315
-0.481034717218352 0.0748606194074058 0.153716637783838 0.332894674541807
-0.370394369286718 0.0542005251690399 0.0170134186601126 -0.297996282054956
-0.40392650900503 -0.0153591753882881 0.0467646105464372 -0.238915998432016
-0.368950754982713 -0.147841850121727 0.0967667897401119 -0.207977865242876
-0.30377134033538 -0.243406787178741 0.0737382311217966 -0.270208811916649
-0.186007897728941 -0.351996359426525 0.0678335048355539 -0.307910770012323
-0.0530951595165056 -0.439942974015261 0.0755767358814813 -0.338187419584639
0.0316341028041933 -0.479787020479015 0.080799493526335 -0.292235485332083
0.0319178416380202 -0.504077412477934 0.024480713349314 -0.240265485257387
-0.0486055165030772 -0.527275281637006 -0.0124909360451243 -0.0995596673517125
-0.171028961268879 -0.506916994592588 -0.0636942048148443 0.0685580282882205
-0.348368169454052 -0.369824988130294 -0.0501439656703198 0.194143210102364
-0.48399189672095 -0.197444719902114 0.0280331852370274 0.282233570389746
-0.479634894736132 -0.0660011700876506 0.114810437088443 0.288908134488517
-0.487814480108434 0.0703535421396141 0.220443088897918 0.251976437341855
-0.448880934520683 0.117734774003536 0.32693070068979 0.286045438035517
-0.269218226986187 0.0143733505758292 0.16642669634847 -0.301391695194735
-0.276694690798406 -0.0482767378677477 0.136578230154655 -0.201414343434226
-0.216107452559564 -0.144945031384049 0.150826860816839 -0.142946921318495
-0.155679216819361 -0.188356427146047 0.098340151412686 -0.209533422001554
-0.0731671606541457 -0.239635403809412 0.0872027976813415 -0.26898040194954
0.00697869750878181 -0.300065310391556 0.107497830069006 -0.369178890254946
0.0494645124511075 -0.347745797992392 0.11365550832231 -0.412675327892662
0.017527126363676 -0.38047303806222 0.0337411526763882 -0.416196306911879
-0.0724326695031685 -0.399433372253047 -0.0611702241756642 -0.268218782415656
-0.183802470704112 -0.369958998192314 -0.145643696983642 -0.0309532720028757
-0.313201882171781 -0.24115512444011 -0.1056124280954 0.175308365113368
-0.395467932829368 -0.0843069517988357 0.0344161832693749 0.275916746002099
-0.37873848943111 0.00981879736492118 0.196197184035876 0.260115840467751
-0.371479890137522 0.112380320345176 0.343866641606355 0.201141789708846
-0.3421133673562 0.125357748638231 0.46982501563194 0.221258543769141
-0.137797522893004 -0.00875638808312143 0.269281890021957 -0.289708276620058
-0.135233283156088 -0.0340981185346209 0.175395797816618 -0.1624823857894
-0.0943977167992613 -0.0874777387769819 0.158122996606952 -0.0917387524625508
-0.0635349831457381 -0.0948183201747796 0.0927498285483426 -0.158577351351552
-0.0254073042581417 -0.11096899673841 0.0911818956303434 -0.220483958481498
0.0110240369160418 -0.144039420080903 0.133820952464917 -0.360405928461467
0.0324255959897506 -0.179892369425163 0.14706369493291 -0.476218016415163
0.00176741576168728 -0.197372722709212 0.0377922790090013 -0.532936482298095
-0.0573841841657308 -0.204267860326029 -0.112941517260963 -0.377090071809791
-0.126594243508132 -0.18279735263624 -0.217734081021617 -0.0813964899926489
-0.184805369024782 -0.105733654757091 -0.149571215355449 0.177564921706714
-0.221060176285446 -0.0106152549700928 0.0282749987936127 0.269771442933985
-0.208391072293678 0.0303076570987925 0.241421402607641 0.221010023785418
-0.197898074911977 0.0935645303998137 0.417889685845546 0.146306400877477
-0.181447644178864 0.0872233850912414 0.555172725172077 0.170716184848616
-0.0230334636688762 -0.0145866418210657 -0.562005896894985 -0.112272439412871
-0.000172755760732577 0.0180493967067445 -0.446407182676092 -0.0622799770388888
-0.0125125486863844 -0.0111600368886619 -0.262661051478938 -0.135200371904807
0.00590301073936104 -0.0215671749015802 -0.054872067065991 -0.20700041792197
0.00603044475171043 -0.035290889190688 0.116783746704825 -0.168223493822051
0.0182885267304379 -0.0225391397066124 0.185268516208952 0.0720856996295865
0.0195582945439603 -0.010716719933104 0.113349261655482 0.375801721097442
0.021849575613625 -0.00946355722858601 -0.0386349391770967 0.547118416260922
0.0126859956592529 -0.0099079042407519 -0.126145736645069 0.505417242253785
0.0121764254566984 -0.00334093289942742 -0.107879803062294 0.361835965587951
0.00575694175388547 -0.0013340465613745 -0.0598169158371682 0.221103460133849
0.00440918883927069 0.00328582790031627 -0.0553332855235924 0.143154058513652
-0.00545168065638988 -0.000501866762845651 -0.128220632800673 0.0903736624269869
0.00910161712156708 0.000808243161946245 -0.173684757133234 0.10706199226109
-0.00942340242851227 -0.0223810235328625 -0.269516143084895 0.300440262808365
-0.178565145048881 0.0604987162274694 -0.541090450723492 -0.109332116183117
-0.175489725080958 0.0945399881794141 -0.420111074478412 -0.0689249886470181
-0.199105085197492 0.0332343589206847 -0.247796206601379 -0.141600566821166
-0.186367855490592 -0.0321229042202713 -0.0566787754299645 -0.216270896861857
-0.168008915771477 -0.130197134831023 0.105334932003719 -0.191050833097668
-0.0967292113132151 -0.20176235011153 0.177165366195137 0.0335487906906641
-0.0297713445765285 -0.231866828901726 0.120297907382354 0.329886457804485
0.0352014207411073 -0.219579000612742 -0.0283165312088013 0.497091926250327
0.0472467226645728 -0.188917915183004 -0.102931565631382 0.479839311143127
0.0463086510270396 -0.146861606943519 -0.0908922296754311 0.369560403095827
0.00799973720359458 -0.107064874214922 -0.0489945104187843 0.232801214116913
-0.035108178299645 -0.097344199746861 -0.0487010560388875 0.160254304310526
-0.076372437430493 -0.0894141344147909 -0.122855064039227 0.113614745111476
-0.125214187677895 -0.0590566117393877 -0.164980319274443 0.125733298443562
-0.168879546694847 -0.0264991971947542 -0.237248700347192 0.314232608911593
-0.31007515855897 0.112521830068707 -0.460328871594739 -0.147157939325428
-0.331736646761325 0.136910397046011 -0.349488316219952 -0.12082207464512
-0.365418993812749 0.0454101026840035 -0.203972858024346 -0.177546530976438
-0.356721116190564 -0.0664235464836234 -0.0535347049387168 -0.246531210795288
-0.310174222780184 -0.230155338570196 0.0774923303286041 -0.22834010046568
-0.179345369680112 -0.362231902856555 0.1382290720883 -0.041933728707195
-0.0603973746084929 -0.416449937703893 0.106229987576362 0.216546141865824
0.0429689279300448 -0.397632668625935 -0.0125833897878765 0.367864285014568
0.0624290256992201 -0.359001500645373 -0.0553817168169227 0.404733515056924
0.049838722350134 -0.30921143816875 -0.0518193896772154 0.363275003326046
-0.0306384495536335 -0.245671917321801 -0.0265060835239795 0.257369965426131
-0.128008611689636 -0.216112439781252 -0.0408767379538605 0.200549400764435
-0.190972719969453 -0.172033027500631 -0.110858535699442 0.165026220783329
-0.276677999966326 -0.0938417339268449 -0.133015968189126 0.174334784863702
-0.31832832748443 -0.0121265762097104 -0.151362074569226 0.335848347114546
-0.394420146629297 0.124541251017702 -0.325746408088043 -0.207857235107037
-0.44064126515737 0.120295462805404 -0.234471779858328 -0.19061566004057
-0.474299428303597 0.000557567549130887 -0.119684547707537 -0.223215291924314
-0.455822653049632 -0.135654419907321 -0.0301835664027917 -0.283306890306237
-0.368759509243807 -0.328676428212372 0.051440126933105 -0.274662229854302
-0.197195872434259 -0.475904208612491 0.0900949701858491 -0.14630909125215
-0.0515944223075664 -0.527750901959899 0.0810518165702535 0.0537751075688433
0.0440270505079878 -0.511476591866067 0.000895862958289156 0.182544218077684
0.0436534548476583 -0.493321440507836 -0.00989167339450312 0.273155753305582
-0.00260072453127754 -0.462876493692483 -0.0128560763590554 0.307021067259356
-0.13895698388762 -0.37941971692228 -0.00391699436386859 0.259756526355299
-0.286945765858907 -0.301954234705544 -0.0200088498070039 0.244831434790458
-0.345117520345839 -0.203707911850192 -0.0654030113140701 0.2310223418638
-0.420649359866833 -0.0768316193157711 -0.0545385770191596 0.232258774328969
-0.43179362385928 0.026004909664958 -0.0142492392792953 0.348464908271503
-0.414289360051209 0.100406681510333 -0.156677344401237 -0.263665580006313
-0.467453712199375 0.0560921644856462 -0.0909443787354852 -0.238116537992098
-0.474934428514026 -0.0820643333222074 -0.00732333252735617 -0.241736917494805
-0.432901124032043 -0.214406724384941 0.0184851983845894 -0.299566715458707
-0.315436277476474 -0.382708424739354 0.0471541996128588 -0.308989006127306
-0.140855819331276 -0.506270516968728 0.0632705063566936 -0.257129817159739
-0.0142650626440188 -0.547023631708961 0.0676745090688194 -0.127657507275833
0.0399575396771614 -0.549176314352727 0.0130586110242712 -0.0305634958627066
-0.00171700153998802 -0.55675514344846 0.00851953305481463 0.0944245780283303
-0.0965719669959405 -0.541840586883686 -0.0105667829485881 0.195885752148539
-0.274297495307694 -0.429861144394901 -0.00832152520562245 0.230319322001658
-0.440206183360529 -0.290049469357583 0.00889704486687705 0.273859958230985
-0.465240698552672 -0.156958709467854 0.0183238405414362 0.27992358209814
-0.504392841797349 -0.00713535014311545 0.074415978492667 0.265150784849963
-0.479325600882476 0.0773041530564136 0.156013481190783 0.329818540517965
-0.368184844033455 0.0566068458823083 0.0149728212878667 -0.296223053178135
-0.401996964465195 -0.011906925908424 0.0442456185125315 -0.237586659025377
-0.368634517171024 -0.146067616974438 0.095055645600019 -0.207699248227706
-0.304708402795845 -0.2406511133299 0.0717328734152305 -0.269698045542659
-0.188186780103217 -0.350265961026316 0.066121669968366 -0.308551013347883
-0.0545289703932554 -0.440262266550036 0.0723165145654082 -0.338961548566196
0.0292684981789257 -0.480017941993398 0.0784679151015321 -0.291809369742308
0.0298662733799519 -0.503396212006124 0.022899900885669 -0.240005276975102
-0.0506609382326203 -0.525722457606834 -0.012783484533502 -0.100066830522886
-0.173085079790532 -0.504884029201152 -0.0625618134625935 0.0684056303321253
-0.349813955352031 -0.368216706764712 -0.048685572070012 0.194764615665585
-0.483855071400392 -0.193164449958027 0.0303914777042799 0.281634667895705
-0.479535779924595 -0.0620725353366479 0.117770502983409 0.286720454192462
-0.485319661233304 0.0732795883513905 0.221035839881344 0.249239054786779
-0.447422976866706 0.120509574236159 0.328233243767108 0.281103382241292
-0.268486318484032 0.0157246594258933 0.163471179735714 -0.29976004123683
-0.275626741838309 -0.0462510719280478 0.134396159893047 -0.200161425170556
-0.216798073248289 -0.14355082431876 0.149220559804015 -0.143326228202148
-0.155416210522754 -0.186965203848828 0.0961327134996543 -0.209786298892397
-0.0747637375134028 -0.238714737966525 0.085209303386091 -0.268693558854754
0.00485587337148507 -0.30013356908814 0.104304081585716 -0.369575870994279
0.0479361090592837 -0.347589440260778 0.111180155829657 -0.412710368274473
0.0168655951672233 -0.379694896292281 0.0312045116988859 -0.415065889627851
-0.0746599011403463 -0.398266373111151 -0.0620052753936099 -0.268124616091716
-0.186386949595766 -0.368897510297015 -0.14465181225802 -0.0300917703072486
-0.31310277983166 -0.238982903047639 -0.104206663744318 0.175840427243067
-0.394442631586437 -0.0823007518891373 0.0365164104269269 0.275468864219281
-0.378217119176056 0.0114419762976794 0.198771158765335 0.258012107939107
-0.369786642677693 0.114846401459562 0.344297273691356 0.197884106786573
-0.339981156389097 0.127160979699073 0.47058000025076 0.217078475365288
-0.137545629945105 -0.00814473238163436 0.266054524191438 -0.28978382726065
-0.134939811048672 -0.0333549797889988 0.173283907933537 -0.161536185593481
-0.0947187245600621 -0.0869008145297563 0.156920478989965 -0.0928212746272115
-0.0639760249612215 -0.0941023468685725 0.0903810566402547 -0.158700307000514
-0.0258442384837646 -0.11027060679955 0.0889205620972279 -0.221094247262718
0.00995631740972807 -0.143800411899616 0.130906495969891 -0.360414726733431
0.0309124239861293 -0.17981981701931 0.1428299946651 -0.475978713679717
0.000820305858374643 -0.196749007250421 0.035904281546535 -0.531044941975477
-0.0585688966825434 -0.203489116909996 -0.114255631652265 -0.375255532543999
-0.127595364064961 -0.181637895001475 -0.217261480234665 -0.0801652910110254
-0.184837488436193 -0.104666916456758 -0.147640224018015 0.178129361924912
-0.22056195743676 -0.00880573328515705 0.030562291688695 0.269079317749624
-0.208240447519893 0.0315737717800898 0.243727060738638 0.21776402607412
-0.196833801822793 0.0949024573224371 0.417864879709744 0.142501560477499
-0.179947312031189 0.0883367136343347 0.555077179701527 0.165218238796002
-0.0238362399825542 -0.0136472066458859 -0.562259311399044 -0.10704331962529
1.31251433101846E-05 0.0177469262917886 -0.448080411890499 -0.0593001897623839
-0.0126349655220927 -0.0107763165158738 -0.263665249411524 -0.133088772602277
0.00568709901740969 -0.0214133873661491 -0.05643390547608 -0.207139471628453
0.00594987022463467 -0.0355775698296964 0.115602125019477 -0.168758490505127
0.0181636941452421 -0.0223885780334854 0.185874168111279 0.0705591574370436
0.0193869086263689 -0.0108897660052703 0.114990121356078 0.376355055247481
0.0212344657236753 -0.0095527134396521 -0.0370720033649221 0.547361309085546
0.0119037730139059 -0.00998465424819227 -0.125001176705716 0.506285281811779
0.0119103471323903 -0.00366334909322305 -0.10486637021398 0.362287512406542
0.00606048486663713 -0.000872067239937986 -0.0586443073254899 0.221447028044256
0.00421614818643357 0.00369898520743713 -0.0537250914073093 0.143254636815418
-0.00577899784355211 5.58538220814253E-05 -0.126286716220091 0.0909485429116309
0.00922708715938395 0.000869998750828618 -0.171499220959982 0.106815966080716
-0.00972564255630419 -0.0227981653351005 -0.266092497892285 0.300087942220634
-0.178782098257361 0.0613552555868297 -0.540448008576456 -0.106034318759397
-0.175329736895115 0.0961867019561687 -0.421036899578043 -0.0663693621433843
-0.198887341759673 0.0344916193640023 -0.250045396118578 -0.139291950490387
-0.186315237524031 -0.031657842974746 -0.0584142797417103 -0.216030098484768
-0.168273539103117 -0.129534025645923 0.103808712255165 -0.19132499640975
-0.0979996184955155 -0.201874646883021 0.176185046829932 0.0326791915924591
-0.0308764299570334 -0.231335947979608 0.121728673882785 0.329564459536884
0.0339155572533561 -0.219182480651731 -0.0250938165142648 0.496722711258356
0.0470111196235508 -0.189223606703051 -0.0997896822457845 0.480084038763269
0.0460646027314814 -0.146900425368272 -0.0884488825637765 0.370300035542234
0.00731520041298821 -0.107405973784722 -0.0479738517320648 0.233276105716722
-0.0359487894830202 -0.0968056841931003 -0.0468738994204903 0.160975602187809
-0.0770798695828689 -0.0880507052046777 -0.121470420719687 0.114097659685119
-0.125121220072785 -0.0580300462248904 -0.163361519430242 0.126118066877808
-0.16878903436868 -0.0256737462509847 -0.234604874371171 0.314326987172076
-0.309712080382943 0.11440848432043 -0.46060950163959 -0.14382369424962
-0.331188859401042 0.139222936463438 -0.352010129500976 -0.119109730384408
-0.366180252184107 0.0466431653170092 -0.205265108871244 -0.175687658027148
-0.358026803020273 -0.0649486464495028 -0.0549103929398113 -0.246423206514596
-0.310978340450537 -0.229153228804128 0.0758063701849711 -0.229619496504365
-0.1826257643501 -0.360206326817511 0.138012706440915 -0.0425730542348357
-0.0613584436183876 -0.41635379469121 0.10666818961805 0.215923327036823
0.0409468196839538 -0.396935034678415 -0.0107689309443432 0.367113096561119
0.0616319014779473 -0.359452804427545 -0.0538357682222393 0.403927272139939
0.048799770994466 -0.310099411916087 -0.0491627550561045 0.363294870475842
-0.0318473866658189 -0.245415004083685 -0.0253892808799725 0.257509903215429
-0.128925405491813 -0.21513723506714 -0.0387663432752975 0.20071561011414
-0.192481616071719 -0.170696583845116 -0.108937652940719 0.165088956390712
-0.275798729012235 -0.09284013070153 -0.131394879281801 0.17429172687377
-0.318044335820052 -0.0109021337056503 -0.148150835483426 0.336716552979301
-0.393018186384482 0.127439641757956 -0.326302877331925 -0.204830559523144
-0.440604965702426 0.122983109537717 -0.236130887831496 -0.18883529519369
-0.473276123611532 0.00292127495675329 -0.121307260877999 -0.223009362664698
-0.456039265300722 -0.135516879971778 -0.0316523306550949 -0.282930336465487
-0.370829480502813 -0.325815334708331 0.0497766001263624 -0.275113919783121
-0.199503894493159 -0.475354370648642 0.0885786932268262 -0.147886094280387
-0.0538883184332568 -0.527967615281896 0.0815678646774451 0.0529547008993009
0.041792757572719 -0.512263334104064 0.00226469348049238 0.182511278879147
0.0415704549315244 -0.494516336615834 -0.00827675425868277 0.272880913022332
-0.00469369196443575 -0.462918302872582 -0.0104945491506979 0.307585318011484
-0.139733092832833 -0.379034818691111 -0.00245262787782671 0.26032061339406
-0.288821438514875 -0.2986908707828 -0.0176306961706354 0.245121674272413
-0.344199979334718 -0.202558091886889 -0.063721016570061 0.230569571307572
-0.420337567986922 -0.0736659846983153 -0.0523821907401057 0.231861413074577
-0.431438585064929 0.0282769114854807 -0.0116808280477601 0.346491008259523
-0.413913848654073 0.101968551905787 -0.158979562726719 -0.261794303825392
-0.46707105113555 0.0585855673343583 -0.0913931529214905 -0.236342319857131
-0.474460283506503 -0.0804928235841179 -0.00899001297853346 -0.241270859601809
-0.43440528103468 -0.213839001128626 0.0168459820170796 -0.299140551571745
-0.31783966273833 -0.381464197363804 0.0454790071503734 -0.30978561561272
-0.143404823479955 -0.50666354126737 0.0612724148286569 -0.257979414039203
-0.0160953456266432 -0.54825503508099 0.0662660225556209 -0.127150445467157
0.0365871868469228 -0.549363954415686 0.0132182855708082 -0.0305408977262477
-0.00524528183441188 -0.555984925517224 0.00895839386529809 0.0933215206238207
-0.0992535397604171 -0.540580909884889 -0.00936737131642216 0.19677993899836
-0.275212279815954 -0.428240566941454 -0.0073750540283184 0.231583006540248
-0.441488093102797 -0.28727725514887 0.0115766724282553 0.274297038376437
-0.466791577381074 -0.154187961476023 0.0208689020166581 0.278772486094869
-0.50342553866957 -0.00373372573897298 0.0756027191522793 0.264175998032387
-0.478102089343951 0.080000114570676 0.157944177894309 0.328248893306679
-0.367050491182201 0.0578053998789563 0.0133659052988829 -0.296103617963688
-0.402130466451369 -0.0102636110546235 0.0430373320350799 -0.237066410444109
-0.368349990523878 -0.143755484194203 0.0935037551310538 -0.208046601580179
-0.305290821275003 -0.238689142906516 0.0705827473048918 -0.270472726931585
-0.189927784490177 -0.350334843989977 0.0638858191546004 -0.309489205081909
-0.0567637376069138 -0.439236728472142 0.0699360826681093 -0.338794866640222
0.0258775484393615 -0.480474863372403 0.0775144826091949 -0.291712302034671
0.0284190712439864 -0.502907521239012 0.0227479891933519 -0.239721775738741
-0.0522470001184596 -0.525121540143665 -0.0123689779678952 -0.100854534431777
-0.175083192567996 -0.50374116565378 -0.0616994488817591 0.0688772980982667
-0.351607718420825 -0.366930461855496 -0.0476498184374958 0.195496652243508
-0.48635785994828 -0.190811530109924 0.0328071164249883 0.281376841636978
-0.48126211354824 -0.0594148153554433 0.120830200758746 0.285362283960672
-0.485901173049266 0.076620947954969 0.22307044141955 0.248442607314579
-0.447350621868163 0.122733590580432 0.329927039303268 0.279066693137237
-0.268050937625347 0.0164311648831785 0.161405703737543 -0.300800404467378
-0.275546058300597 -0.0445571272967721 0.13267411331508 -0.199955716264807
-0.216394240210976 -0.141608643314352 0.148114709850194 -0.144235900342843
-0.157251629376463 -0.186227816863635 0.09460122687735 -0.210149598122793
-0.075953792084703 -0.238519372448633 0.0833903823590967 -0.269088239313704
0.00348791468287414 -0.29960628779569 0.102021630919804 -0.370660523069117
0.0461634114572108 -0.347928825311985 0.109610412849336 -0.412080148916355
0.0153339975399303 -0.379277711669531 0.0294214412960363 -0.41562639437009
-0.075663911079071 -0.398421301521864 -0.0617086195600922 -0.269010519852782
-0.187331229852008 -0.368747622472398 -0.144393801149684 -0.0297265902878418
-0.313796213928816 -0.239121634545441 -0.103146920178175 0.176837609789181
-0.395782110510182 -0.0811128500657567 0.0380844017561053 0.275310453607158
-0.378644644040471 0.0146027804144906 0.201446993467601 0.256911428349324
-0.368641861744421 0.116702050962581 0.345993909341047 0.195525249016808
-0.339240128286098 0.128915516351107 0.472070617102474 0.21303225988805
-0.137319656436459 -0.00788180345351955 0.264741873281159 -0.289905490539967
-0.134772957365827 -0.0320021397900767 0.171652661931432 -0.161605747332482
-0.0952085645143581 -0.0859046332108977 0.155948525456684 -0.0927369661387308
-0.0637262495095703 -0.0932066991434571 0.0886868887310634 -0.15947510916149
-0.0265434297625831 -0.109995496539597 0.0879538174294283 -0.222010935746701
0.00934150785833894 -0.144258509324964 0.128222756114016 -0.362015771010789
0.0310521183392154 -0.180628571709458 0.141547944859846 -0.475330042324504
0.000903643977671013 -0.19652698662151 0.0341346791902594 -0.531252707781485
-0.0590248660187902 -0.202905950898523 -0.115561205046999 -0.375833944880575
-0.128578149020784 -0.180338364215159 -0.215923632783589 -0.079313917246517
-0.185322640916455 -0.104712608978042 -0.145795775567755 0.179056345128912
-0.220568704781685 -0.00827761024896096 0.0320740949068058 0.269056393664342
-0.208105722211047 0.0329095208125262 0.245996456474391 0.216385582073179
-0.195832363635229 0.0963209446664832 0.419546379815664 0.139068030808681
-0.179692283434166 0.0886800443461285 0.55718892224196 0.159091546844439
-0.0241238158282254 -0.0136478997603857 -0.562363930870154 -0.1014619826019
0.000588820100853167 0.0175274089599182 -0.448084603647973 -0.055909862621624
-0.0130553981102665 -0.0101616291617529 -0.264452344090118 -0.130426068912162
0.00554401507722512 -0.0217988328895471 -0.0575318742096751 -0.205878061320815
0.0051657000011686 -0.0356644546547487 0.114561487378768 -0.169553193027161
0.0186680052414395 -0.0219882102789764 0.185623231321323 0.0694893523665561
0.0196111068736682 -0.0110508499793186 0.116223555177124 0.374390976833834
0.0209690919423718 -0.00978959273001309 -0.0339104396000073 0.547060322388054
0.0122146684689775 -0.0103079504853863 -0.123181251545121 0.50521035227814
0.0113473088237587 -0.00404512244253883 -0.103081846415938 0.36241145639323
0.00563605489708294 -0.00126187103035339 -0.0573512650136056 0.221191583916832
0.00399910016303123 0.00362375694538871 -0.0512035823525412 0.144007380483625
-0.00586425065862911 0.000237006010818734 -0.125015214899316 0.0920372711946373
0.00955184009590813 0.000230795739176871 -0.169877792283118 0.107434680161038
-0.0092952045112713 -0.0226978715569768 -0.262680920750533 0.300240447663583
-0.178311728136952 0.0627509516246623 -0.540352572567176 -0.100802703520185
-0.173467160427702 0.0963949498262018 -0.420202265971997 -0.0596517911839369
-0.19840098279747 0.0358966508280865 -0.249717257836218 -0.136614492176759
-0.186421725522514 -0.0309748182053545 -0.0592632938504447 -0.215324174749501
-0.169447430857239 -0.128200057069969 0.102009752715817 -0.19217919713445
-0.0981825334905901 -0.20130534068558 0.175723595496584 0.0316824187481941
-0.0321535023940181 -0.231083944331437 0.123341204688723 0.328940654909268
0.0328766262704587 -0.219282950364794 -0.0233454902928676 0.495551721685361
0.045756969646782 -0.188846634228223 -0.0968674847448104 0.479471959841831
0.0445273448225522 -0.146773023176455 -0.0841611994820021 0.369933868989895
0.00712708037820832 -0.106220666428813 -0.0462662908384692 0.233712229302297
-0.0359660019394683 -0.0951452483228377 -0.0448888875462607 0.161348300536605
-0.0780618052758242 -0.0875691713792497 -0.119007130901963 0.114618218735804
-0.124847933035045 -0.0574059320901998 -0.161877156788199 0.125897987608893
-0.167913116497893 -0.0248186569803866 -0.230520473046929 0.315042902115395
-0.309451462339976 0.116251453706237 -0.461450927017339 -0.138126707784407
-0.329613244699596 0.140150462088954 -0.35020148886902 -0.113976477146852
-0.36536182109357 0.0497728827797824 -0.205696854876056 -0.174405436643747
-0.357670807067154 -0.0621774396072485 -0.0566195277009815 -0.244872240823154
-0.311761198128684 -0.226830592873869 0.0748444162263046 -0.229707392241678
-0.183875466582941 -0.359835584079979 0.135916033530919 -0.0435028036260392
-0.0623049984733757 -0.415344559344843 0.107094580849674 0.214991812304145
0.0384254636383525 -0.396808148662186 -0.0091021262508406 0.367421459585527
0.0604438967442619 -0.358087039769982 -0.0519377441673617 0.403809717337228
0.0466763974839029 -0.308948061535083 -0.0467778265937719 0.363762470881132
-0.0325595204430574 -0.244221351940566 -0.023796368051946 0.25823245117342
-0.129787820723589 -0.212869302451016 -0.0371359231248239 0.200647486614189
-0.192764568138739 -0.169029035945954 -0.106134508897899 0.165298672420764
-0.276258971690199 -0.0905174500124534 -0.129474974204483 0.173822117877585
-0.316579822829489 -0.00899608936143484 -0.145239034022309 0.335887573461949
-0.392257835895633 0.128965746637359 -0.326984433937789 -0.199239581268937
-0.438814738031965 0.125780774281027 -0.236361387700624 -0.185191354923196
-0.473201639876966 0.00551465903581077 -0.122495158682667 -0.221616172223814
-0.456738674699434 -0.13181681506124 -0.0343467851086261 -0.282654895115455
-0.371163498897467 -0.323189343751334 0.0475783921041679 -0.275194628942265
-0.202768082681921 -0.473300625805021 0.0870564846795675 -0.147910357137356
-0.0572686214688751 -0.526980872276117 0.0809541093347122 0.0530736097517584
0.0391551101028497 -0.511462293846835 0.00295674382839213 0.182288901257859
0.037981265258123 -0.493060249972206 -0.0071303910337268 0.272149054277853
-0.00729277279522702 -0.463117765957023 -0.00858059528445184 0.307547511792475
-0.141946143519113 -0.377568399135185 -0.00131647300375372 0.26084308017204
-0.289757580882729 -0.296432700351801 -0.0152613917089283 0.244684444087535
-0.345288586080733 -0.199873177719079 -0.0607259024293927 0.230355150776142
-0.419938915068497 -0.0708526784830101 -0.0510607842494944 0.231319398425626
-0.429683029232901 0.0302755797642111 -0.00865436055657179 0.345435637094984
-0.412276097033316 0.103979041009253 -0.160038776315875 -0.259228262226707
-0.464319281234079 0.0623363324014039 -0.0931732657350854 -0.233853238008909
-0.47421374560819 -0.0768315605929532 -0.0108213628511617 -0.240648625381251
-0.434731321147861 -0.209897172182278 0.0141239218132584 -0.298736479855478
-0.318748240736661 -0.378997098169465 0.0438118731851328 -0.310149168101724
-0.146672402942221 -0.505159565554064 0.0590541883201711 -0.258522696328233
-0.0177705045531588 -0.547631303814791 0.0654786161301541 -0.127589782932849
0.034545253241157 -0.548121394155081 0.0127839918577576 -0.0305687980681086
-0.00808640818868695 -0.555494198752069 0.01019491780654 0.092869789139449
-0.101743924219619 -0.540810182761395 -0.00789487172651843 0.196571325846498
-0.278246910197715 -0.427714719840126 -0.00536108354560759 0.23200211888891
-0.442352825886387 -0.283176118402816 0.0140955148242668 0.273867195042024
-0.466315016355282 -0.150233919669085 0.0231722739359373 0.277617119887006
-0.502739847473395 -0.0015133084756842 0.0772766438556797 0.2625898573054
-0.476236792177181 0.0827244170003514 0.160040374536991 0.32543755943269
-0.366036007110956 0.0603126963706091 0.0120162956086264 -0.293859372840511
-0.400111855677546 -0.00735190610735427 0.0407009977288793 -0.234667741977538
-0.368300957121225 -0.141494939343547 0.0924415747734141 -0.208782239724273
-0.305845289381623 -0.236162305529139 0.0673538562116911 -0.270179834440755
-0.191578708659108 -0.347709768633165 0.0615975535211685 -0.309067312911727
-0.0596020066131525 -0.43869624842828 0.0681387788854692 -0.341310060584912
0.0238888536066622 -0.480529755484856 0.0754765044401205 -0.291323872733039
0.0256866545475941 -0.50257958553648 0.0211160748059751 -0.239875639196913
-0.0564891545310984 -0.523844738147018 -0.0124837764227486 -0.100831237507289
-0.178901796967738 -0.502247838170238 -0.0606093688368544 0.0687190180164369
-0.352604482846738 -0.365023927096774 -0.0461666477266864 0.19603936468687
-0.485959153275849 -0.187009552996803 0.0352255413396192 0.280432642783418
-0.480340870936642 -0.0573684773316413 0.123721006906342 0.2844848792677
-0.483317559838455 0.07953324631227 0.224063538532559 0.245363099893798
-0.443907055534386 0.124090283840987 0.331906585452887 0.274240590154802
-0.267262254862062 0.0180700765062662 0.159257195619746 -0.29976379209158
-0.274107603908194 -0.0429592871020781 0.130845752487456 -0.198791447884228
-0.216913129340606 -0.139539498844672 0.146906777136789 -0.145096309453925
-0.156924851122216 -0.184446211259071 0.0923619093499014 -0.209693582254918
-0.0771904043295713 -0.237288104344592 0.0816478782459898 -0.269923804849528
0.00198811594540588 -0.300447442087533 0.098692893545396 -0.370422272017982
0.0443483755153067 -0.347854901946317 0.106934702855995 -0.411468606816248
0.0148327045096342 -0.379644871310942 0.0270990752544016 -0.415665514431574
-0.0767956657442715 -0.397821767805549 -0.0630497529428442 -0.268450053975393
-0.189140924877553 -0.36786964340415 -0.143636310737018 -0.028659816171973
-0.314752302739385 -0.238064277755337 -0.101062692686859 0.17797006707081
-0.395620750198038 -0.0769647656787821 0.0404481244693427 0.27415775194265
-0.379191943521888 0.0169508340111461 0.203891354375472 0.254010016028006
-0.366867252470595 0.119392585245707 0.346128332033672 0.191378340325336
-0.336629081949275 0.13038559212659 0.472542086262502 0.20837004844547
-0.136751694840114 -0.00745124961491758 0.262172603005481 -0.291182076702325
-0.134159583952443 -0.0317620623536199 0.170283338445991 -0.16123504300958
-0.0951767809633382 -0.0853618594586179 0.155369040312963 -0.093536430570131
-0.0644319256980592 -0.0920985456561619 0.0868733185184016 -0.159248200422964
-0.027068181981743 -0.109628001736972 0.0863721889867911 -0.221835604637948
0.00810765295411233 -0.144226296204618 0.124935120339192 -0.362516755056571
0.0293928110190862 -0.180089737059289 0.137991890763754 -0.475537585308233
-0.000189518192891125 -0.19664501799559 0.0313280026393287 -0.530741887963207
-0.0597429651916997 -0.202250580148546 -0.116341559287843 -0.375404445897317
-0.129669999439017 -0.180187177240341 -0.215130574020601 -0.0785836709830696
-0.18550181459286 -0.103452940214593 -0.144088642419215 0.179914711014566
-0.219736353246648 -0.00658752283239612 0.0351697489949977 0.26808557042589
-0.208144436591608 0.0343931204372454 0.247368157275441 0.213199808734243
-0.194631552590789 0.0979151078356132 0.420870921914949 0.134592270613851
-0.17801273396825 0.089708628705862 0.556116184930684 0.15497369326812
-0.0246579150746926 -0.0134368643376976 -0.563720764404978 -0.0966925247987447
0.00125108912092476 0.0172414740307136 -0.448377637713561 -0.0500322518456203
-0.01323173073785 -0.00993294325970422 -0.265461771367763 -0.12822481287772
0.00503506476171327 -0.0221742431782575 -0.0588438653683033 -0.204291289572505
0.00487994666245121 -0.0353895105035456 0.112592482580897 -0.169360642495287
0.0184267005127345 -0.0225152650985407 0.184665973529568 0.0682345228706486
0.0194566549863215 -0.0111179282775463 0.118473415623836 0.373992317166399
0.0209933675034253 -0.009798753970595 -0.0308495099199448 0.545193531128434
0.0119329056961726 -0.0103960343077462 -0.119710629240345 0.504983405646113
0.0113583493448274 -0.00393572099494329 -0.0997161926057134 0.362898923166951
0.00587240270100532 -0.00130010376769271 -0.05579206994006 0.220968622391093
0.00402397321567204 0.00397133739308899 -0.0493395358088932 0.144052937029541
-0.0061436303621601 0.000622306808329618 -0.122374050140771 0.0927413285980935
0.00970203678965468 0.000367635677386824 -0.167880913651102 0.107410855309915
-0.00926848604395439 -0.0229800029713901 -0.259478581308486 0.300827607327254
-0.177973727446554 0.0643429839102959 -0.541327717750323 -0.095046201347925
-0.172426118100876 0.0971406045131642 -0.420377135326918 -0.0568151982339964
-0.198599090475044 0.0375460544355941 -0.250116191302032 -0.133987853102031
-0.187021117837084 -0.029855768392014 -0.0603497223796819 -0.214304100898106
-0.169933845187195 -0.127482163126755 0.100682451823078 -0.19257934498379
-0.0998108460490497 -0.19926276134692 0.174715502477279 0.0298196158876545
-0.0336551670785534 -0.230732517020417 0.124767069856836 0.327493075747312
0.0315852906385396 -0.219167610336176 -0.0187958264317084 0.4953747182949
0.0446366284835478 -0.189030567830659 -0.0941436214780795 0.478884742122124
0.0433010680038911 -0.147136002070506 -0.08272213160182 0.370352413689465
0.00691672738667813 -0.105686304940696 -0.0449707065412394 0.233111963779833
-0.0362005243816612 -0.0946898921436993 -0.0429315490775161 0.161232082262768
-0.0783503625254344 -0.0865067842377048 -0.117436746802279 0.114968317765178
-0.124297018429901 -0.0567130329710313 -0.159656047702084 0.125826441279395
-0.167667207836813 -0.0236433814151522 -0.227164495635026 0.313470654460825
-0.307524993712732 0.118043412624776 -0.461451177712909 -0.135188886121686
-0.32749886195256 0.143793874911395 -0.351482785006017 -0.110082866505305
-0.364272333995779 0.0522476347288607 -0.206429129839291 -0.172175949160317
-0.357763356103714 -0.059258593454912 -0.0579930312194072 -0.244299349828354
-0.313586018339832 -0.225562987785282 0.0719904944100575 -0.229863087172003
-0.18571710927559 -0.35886467978535 0.134244756962099 -0.0449308344067101
-0.0648399564439601 -0.41332545898014 0.108317375485072 0.214259430647229
0.0368766098567444 -0.395010300122928 -0.00615888444269384 0.366373660948729
0.0576774568132024 -0.359105847512124 -0.0499325001859163 0.402957580809256
0.0444204388741953 -0.309460143687336 -0.0437003914374434 0.363657259387295
-0.0334573410162429 -0.243707533494327 -0.022567401509837 0.258089749250028
-0.130921995255699 -0.210546514796271 -0.0345434755340063 0.200644367069603
-0.19384667353596 -0.166923237072201 -0.103655565947545 0.165376221309891
-0.274934039751537 -0.087856790138714 -0.127899548767484 0.173884884666107
-0.316117606562632 -0.0073398621042893 -0.141438691742643 0.334602802612795
-0.391012402696617 0.131706884238043 -0.328357490363557 -0.196420059028594
-0.436262584222947 0.128719319173063 -0.237746931227394 -0.182166644851005
-0.472686215594875 0.00956914297967179 -0.124016545916658 -0.220596441356445
-0.456638429564428 -0.128381994119099 -0.0360710578070283 -0.282287414142912
-0.373319338145668 -0.321382564753702 0.0455771328694632 -0.276106394910022
-0.205197444022609 -0.472824228133145 0.0851601912148611 -0.148977737077939
-0.0586579037997732 -0.525725451155606 0.0809990360598947 0.0526257895430457
0.0365868031228454 -0.510166317981486 0.0036957109884946 0.181084418780651
0.0360887921806285 -0.49202043519335 -0.00502793069227317 0.271091366816545
-0.0111306226521748 -0.462009619617003 -0.00586727681530037 0.307341706685996
-0.14281845878087 -0.375864299811232 0.000545383390996813 0.261025491971532
-0.290779411742854 -0.293167363734053 -0.0135721421523006 0.244791059736315
-0.34677129741265 -0.19614781983436 -0.0579034203107238 0.229900741681857
-0.419368946590983 -0.0676735969438504 -0.0489106192664535 0.231523219029958
-0.428451058840452 0.0335570286904993 -0.00533949832809492 0.343173341335744
-0.410565247743342 0.108045914614034 -0.160711147196708 -0.25588083205012
-0.462716623058671 0.0652235636048901 -0.0944999729115051 -0.231950296042174
-0.473633813407436 -0.073241355447382 -0.0125902937427017 -0.240682606078342
-0.435502856507722 -0.207342749111686 0.0115127311273069 -0.298235979801364
-0.321210239485028 -0.376293854236797 0.0405471244949623 -0.31086840699464
-0.149282444804431 -0.503576456401606 0.0566063024549983 -0.258691086447434
-0.0218127649834023 -0.54633954791018 0.0645634060217967 -0.127269031276728
0.032103895119928 -0.547252013299886 0.0122262467672483 -0.0309426556183326
-0.00944539219116928 -0.554851443752953 0.0105962474541532 0.0921512926774699
-0.105447187228376 -0.539402847604292 -0.00575896605968761 0.196411356332592
-0.279792066905666 -0.425137091298372 -0.00411473043087898 0.232295725231493
-0.443266542763342 -0.281219986770091 0.0163639157901363 0.273588094828544
-0.467594972757795 -0.147111480640416 0.0268784141819772 0.276174702002231
-0.50170839137237 0.000643109056377241 0.0788289134834516 0.261860068414531
-0.475590410593361 0.0853349096309166 0.162700466775611 0.322154964079197
-0.364717476414041 0.0629225533360091 0.00967489855543287 -0.292108462092778
-0.399084146789567 -0.00467967970929353 0.0391493170334666 -0.233640908204253
-0.368278754280648 -0.139246272693869 0.0892745709160263 -0.208261683583425
-0.307046257573079 -0.233478415069018 0.0650936355532857 -0.270120162759772
-0.193756281580645 -0.346772903447834 0.0589108873395527 -0.30953444232298
-0.0606157612337181 -0.438361929339395 0.0655211135175057 -0.340922371324827
0.0216971189761917 -0.479958895383095 0.0733391979086907 -0.291148014205334
0.0242527920287763 -0.502033429174519 0.0192845797191455 -0.239229268212218
-0.0583382938190442 -0.522869962863015 -0.0132201005919499 -0.101547053628022
-0.181943198388071 -0.502350660406181 -0.0593253338148083 0.0696154066965957
-0.354225537472903 -0.363210404030728 -0.044204975920794 0.197260248901404
-0.486815426254546 -0.183802063783431 0.0371277351471324 0.280272476143092
-0.481176903654675 -0.0535789332453287 0.12631729094859 0.281919468975888
-0.481640510074801 0.0828222848794675 0.22523859587471 0.243268805719755
-0.44139193872336 0.128015552690795 0.333688423123597 0.270588402523987
-0.266767212336925 0.0188214113236458 0.15587097950485 -0.298937636489991
-0.273001608792339 -0.0403998838578112 0.129041624886763 -0.198718044094824
-0.217138139442856 -0.137745890648443 0.144859471414323 -0.145785407804491
-0.15774896291213 -0.183115675169066 0.0902359981674745 -0.21037702062525
-0.0777761753144867 -0.236771085726729 0.0793334994034269 -0.270425625747531
-0.000222464522656753 -0.299382607636209 0.0949891096003653 -0.371388673955726
0.0423056067140566 -0.347788005776308 0.1033758098022 -0.410907454914303
0.0120639400410215 -0.37817544587824 0.0240124503651191 -0.415744191048242
-0.0782453337981056 -0.396622253768423 -0.0642263011435384 -0.268146827773053
-0.192002167832585 -0.365405511719023 -0.142711085061981 -0.0280676297000327
-0.315468780489666 -0.235246122788478 -0.0992758268688448 0.179400948715322
-0.395398895838903 -0.0750576180291384 0.0424412505564965 0.273479603635613
-0.378379806105539 0.0193072339395477 0.206403992115191 0.25206583812757
-0.365682179308832 0.121258214884839 0.34675289404791 0.188566908479904
-0.335993281919542 0.132238885839628 0.473757713679441 0.20352734708839
-0.136817279088067 -0.00701899120028686 0.25877738340037 -0.291465078877367
-0.133177330261703 -0.0305724819097181 0.16801671991286 -0.161183895231432
-0.0953286412700207 -0.083806533690322 0.153374212791417 -0.0951929950625897
-0.0644908723381511 -0.0912504095755091 0.0850128959346124 -0.160003269641131
-0.0274724064567301 -0.109364949694478 0.084611019955695 -0.221933230229707
0.00741078793918146 -0.144002306493847 0.121536750229812 -0.363557494825063
0.0286153783533304 -0.180242253543496 0.136059231114619 -0.476256066806827
-0.000996502073969291 -0.19588531655277 0.0288087069389689 -0.529310271620139
-0.0601244688184627 -0.201885852353142 -0.117818326638842 -0.374466073636888
-0.130497373144909 -0.178842818974262 -0.215240768239418 -0.0771924856235606
-0.185766185647334 -0.102323185414809 -0.142468388105694 0.180773281050112
-0.219698599317408 -0.00593836143959534 0.0367257898209484 0.267350542471847
-0.207352819586311 0.0362265967944223 0.249320116142502 0.210617498914145
-0.193001078815575 0.099328325870295 0.420268032976224 0.131814501715764
-0.177278675319928 0.0905646473021369 0.557628132152646 0.150479620602878
-0.0248314762306578 -0.0127137400314799 -0.564900463043894 -0.0923644670695798
0.00159567425486095 0.0163958670453994 -0.447100101910535 -0.0454220573409033
-0.0129467885775971 -0.00928302907484519 -0.266200204814198 -0.125379452202511
0.00412637617587349 -0.022191318124337 -0.0607007634570803 -0.203187594806038
0.00447552857062505 -0.0356129894616485 0.111539305889214 -0.170219398281635
0.018552309300934 -0.0221511701104506 0.184474592561873 0.0670107634070318
0.0192838644746502 -0.0108158333035694 0.119776553404553 0.373066296625076
0.0209180882165459 -0.0100103535370606 -0.0277387837795611 0.544893000413028
0.0113686840818982 -0.0107764639046309 -0.116031015524969 0.506823983770982
0.0112368537479045 -0.00450013242812521 -0.0980079309016882 0.362080742649797
0.00599355317513988 -0.00108337842807437 -0.0543401002555519 0.221145653692508
0.00377507322163832 0.00418470917811815 -0.0482336885734135 0.144023974195381
-0.00654666277843773 0.000455408607094199 -0.12090874900955 0.0933664351708206
0.0104144219525555 -0.000368491604585089 -0.165369802912666 0.107669598439228
-0.00943496852578487 -0.0234188954404932 -0.255069167682783 0.300973071784741
-0.178017856005599 0.0654168451925641 -0.541509280032968 -0.0898162657363059
-0.171247210893667 0.0982360143055904 -0.420809612529513 -0.0521070340239741
-0.197939813930961 0.0392808003189733 -0.252200331461548 -0.131882063741106
-0.187562343731933 -0.0291646498432602 -0.0622877172442549 -0.213633555283276
-0.17087447196081 -0.126375348261212 0.0984766439104127 -0.192598400356104
-0.100261035120473 -0.198814764372832 0.173959697022372 0.0289021503126628
-0.0347259260770566 -0.230809556264706 0.125796001959463 0.326735972426935
0.0305796250976103 -0.218654091497917 -0.0174598088985023 0.495039840199582
0.0431185214985464 -0.189036395995081 -0.0911173034520809 0.479525776176274
0.042186622024309 -0.146820603508007 -0.0787774158753893 0.370811759058413
0.00608051593948816 -0.105492059218855 -0.0438588878772684 0.234296064695324
-0.0369705128530512 -0.0941580063539108 -0.0412219968588973 0.161577385511158
-0.0788925993424167 -0.0853904980209184 -0.115325866616425 0.115516253864448
-0.123843463735351 -0.0559534115599799 -0.157740639374593 0.126915771637328
-0.167307029928153 -0.0229054119848326 -0.223496502809808 0.313881565255508
-0.305982613306872 0.120315877870833 -0.460948212631746 -0.129223286138132
-0.325999079354699 0.145188513878532 -0.35123690289671 -0.105940295660145
-0.364317182385526 0.0535593307298992 -0.208410415404189 -0.169847280117683
-0.35731208643831 -0.0579846450546738 -0.060843784144249 -0.243422620826222
-0.313839705190145 -0.223026029817335 0.0698910286131531 -0.230723782059536
-0.188235510894658 -0.357276528925813 0.133620187774836 -0.0457778386320978
-0.067859321341049 -0.413870197894467 0.108383778053462 0.213609295049296
0.0334065944120863 -0.39528116599105 -0.00441274501679828 0.365961471012362
0.0547077204202852 -0.358311907506785 -0.0481051262430632 0.40263531502836
0.0422949807136175 -0.309503414558064 -0.0409376883949831 0.363360424223032
-0.0346431456057427 -0.242899529437176 -0.0212074005487281 0.258799390709535
-0.131981248194215 -0.209653136692042 -0.0326484383697752 0.200687323608183
-0.194585255176729 -0.164668025760135 -0.100637605403387 0.165672895954916
-0.274826417490159 -0.0862067455368541 -0.126020550442021 0.174903366385309
-0.314593462330942 -0.00547193474342692 -0.137869982491888 0.333343995654646
-0.389819009560293 0.134596177301026 -0.328635824804076 -0.192465551433774
-0.435984691050612 0.13106101140473 -0.238345734175655 -0.179474067552942
-0.471234344983118 0.0121535440121676 -0.126208737292562 -0.217688105357546
-0.458049918611658 -0.126037941307347 -0.0386431769414681 -0.280774306695027
-0.3754970362891 -0.319237535251306 0.0428752472275475 -0.277151931517821
-0.207628490765751 -0.471105236060072 0.0830382310884082 -0.149236424205244
-0.0621836855755161 -0.52425007936613 0.0810156269951276 0.052024829251658
0.033170178491331 -0.509992419053946 0.00467843114343836 0.18126218526103
0.0333452878985904 -0.492450347506835 -0.00361245735786612 0.270795128250373
-0.0143428145594718 -0.462087082544877 -0.00350156582885394 0.307730967603384
-0.144047482605428 -0.374666003801281 0.00230369649070182 0.261799759531847
-0.292993330476209 -0.291031751477439 -0.0109198880682782 0.244526060930099
-0.348165241534942 -0.193702105486172 -0.0548424344343094 0.229260388796459
-0.418277580772212 -0.0656536167886856 -0.0469717079805339 0.22985177819604
-0.426277827575946 0.0360982660226095 -0.00293606635014304 0.341730394984184
-0.409758659021349 0.10995519391565 -0.162659780749884 -0.254197976005761
-0.461229407199101 0.0687938852843348 -0.0961044227514735 -0.230104873719758
-0.474465547735627 -0.0709896014103123 -0.0145984913445458 -0.240062951442558
-0.435220754591549 -0.203790304307305 0.0094204079924617 -0.297204523608051
-0.322262118437442 -0.374002821547139 0.0386991111892778 -0.31146776102476
-0.151630000352312 -0.504437749144357 0.0539743457864715 -0.259432046470388
-0.0249594464993657 -0.546607456276834 0.0629863255127819 -0.127383773785312
0.0287919900895637 -0.5462861868522 0.0121602233491283 -0.0309538019381799
-0.0137037619827556 -0.552904891504267 0.0111777121052293 0.0915518336884659
-0.110019531377683 -0.538940461764912 -0.00393894720786361 0.196284750780762
-0.281302877081033 -0.42290916264581 -0.00250983908937511 0.233483650875304
-0.444602744117704 -0.277116441058973 0.0183898728056889 0.273291762691649
-0.468568162312387 -0.14399926963112 0.0304853870008807 0.275382514261598
-0.499852126393954 0.00627463432679653 0.0809147321360545 0.260034155495859
-0.473726905333784 0.0887383221905893 0.165043969074797 0.319644636728088
-0.363696650141724 0.064683096962696 0.00795080028378822 -0.290853057963671
-0.39839659083733 -0.00182491118429273 0.0373891761117422 -0.232109142359495
-0.3681828653275 -0.135566782930657 0.08852722266145 -0.208854825085586
-0.307977477983445 -0.230862478277996 0.0622800417607528 -0.270036561978966
-0.195491571314884 -0.344310158908776 0.0569746390027616 -0.31052931780425
-0.0648221235806948 -0.437917316684221 0.0614480931975905 -0.340681183441017
0.0186479152113516 -0.478748704918489 0.0714150707662849 -0.291009911195832
0.0214341464904403 -0.50098159226643 0.0179469181203568 -0.23959875564433
-0.0604535036473407 -0.521564552050092 -0.0131791439426645 -0.101830278269394
-0.183939072370219 -0.5007266516522 -0.0583277214373845 0.0698475670642947
-0.354853034690843 -0.360601889019605 -0.0425665402448021 0.19800984896646
-0.487529217262994 -0.179800345243209 0.0396099278491424 0.280240625953564
-0.481163703738353 -0.0494158394285082 0.129474458666672 0.279981487903685
-0.479861765642458 0.085451261923321 0.226642755600655 0.241377213962759
-0.44057928392378 0.131127277266695 0.335504510449177 0.266903299667875
-0.26611220127544 0.0206357071218991 0.153957335378766 -0.299828321170729
-0.272315160127733 -0.0393597792349473 0.126713068410002 -0.198180673141018
-0.217718895367125 -0.136123698687365 0.143410616599558 -0.146408157950969
-0.158055335202613 -0.181344526166941 0.087511975065614 -0.21042407132103
-0.0793810435034921 -0.236023749057448 0.0768515024475424 -0.271068191077633
-0.00193055473073008 -0.299853610257914 0.0923822952029011 -0.371533782930143
0.0407105466280246 -0.347616916033405 0.101221507958754 -0.411872221433607
0.0115982351647078 -0.377565702549543 0.0221257634671741 -0.414669890057087
-0.0802406487124633 -0.395564730463027 -0.0651769026450543 -0.268416593204659
-0.193577812340037 -0.364011170414091 -0.141903191353861 -0.0276561266597723
-0.316474202997 -0.233317827747607 -0.0978751081106254 0.179756348050577
-0.394830387977822 -0.0723744641295742 0.0445552118007464 0.27371769712818
-0.378389009175931 0.0221148477612807 0.20901885285142 0.248515828210925
-0.364612083461248 0.124721689869131 0.347843320167408 0.185878870959151
-0.333703771558549 0.134524073477116 0.473790654988331 0.198665254271311
-0.136838363427998 -0.00662326670400627 0.255339213237737 -0.291855946755031
-0.13311204244347 -0.0296005889942636 0.16580757433557 -0.161115618460835
-0.0955558498570691 -0.0828394767221208 0.15223824359157 -0.0959367876707714
-0.0652104616650346 -0.0905025592194742 0.0825503331693519 -0.16017570811961
-0.0276669661640161 -0.108411944974946 0.0822001931099552 -0.222513031605868
0.00662971320894736 -0.144407444873735 0.117908580881134 -0.363676342271718
0.0277988442415989 -0.17955600387665 0.133211787760833 -0.475645725258639
-0.00164343378164412 -0.195844609285037 0.0265305084257573 -0.528351017676435
-0.0608397391410783 -0.201430192454306 -0.119096092706891 -0.374104385522974
-0.130529395700608 -0.17820061944583 -0.213850391831177 -0.0756822273722427
-0.186638737119775 -0.101383037455824 -0.140147515104294 0.181917083716861
-0.219544304636415 -0.00379505117894567 0.0390443537672465 0.267381009770656
-0.207147329413157 0.0373095666247045 0.251593626842619 0.208004553934995
-0.1917543327936 0.100394919867502 0.42059296370504 0.127094611774549
-0.17573428181752 0.0915944175353787 0.558337233060525 0.144560623351411
-0.0155906214952787 -0.0219350166862999 -0.538632532642735 -0.203006051987042
0.00375396632431209 0.0108816593316572 -0.431032717255361 -0.131547320939365
-0.00740172455603994 -0.0137789527958422 -0.232522070935931 -0.176982343440795
0.0109322117462465 -0.0184605880197276 -0.0168627335573483 -0.211184138236103
0.011124876127228 -0.0311544178436434 0.142810656710936 -0.143129003774834
0.0216446220523557 -0.0181565618259922 0.16670770372514 0.10529768150008
0.022923462534897 -0.00770821617531853 0.0352649346733526 0.394551011773716
0.0234619533169239 -0.0062914661750351 -0.142748909816786 0.523691511971363
0.0138873244667059 -0.0091594991275253 -0.220940773670764 0.468268052726905
0.012839516606031 -0.00146092205803938 -0.173421683566718 0.330385460594015
0.00600503018067231 0.000732120207770665 -0.0997704046656193 0.203822549045852
0.00373086137413691 0.00606394091426853 -0.0776742297553087 0.131660569412254
-0.0066832542797633 0.00064510145555729 -0.138542076712343 0.0670512221168656
0.0104798081713045 0.00341180146397522 -0.187432179535671 0.0720102154714423
-0.00371728445185947 -0.0258030931240428 -0.325596585866915 0.243491146715449
-0.178429325162681 0.0212060543402469 -0.518580053192854 -0.195910909073989
-0.178105871262848 0.0568183731606611 -0.405074210361821 -0.141227524087089
-0.195346101414961 -0.00309002209661019 -0.217536873151415 -0.185020370922874
-0.169369495793448 -0.0632047610035909 -0.0169439706230057 -0.224705181909129
-0.138778588724107 -0.153880905761254 0.137647681916189 -0.1668357045564
-0.0570883816853853 -0.213941779520412 0.169235487123423 0.0660794192207754
0.0148093994122661 -0.231890627843788 0.0542060500762682 0.348643650757348
0.077006856439046 -0.210130358314868 -0.121821865574421 0.477670978712717
0.0845456415275422 -0.175101378151735 -0.190533033981358 0.447476569164308
0.0739653490745424 -0.13358013152155 -0.155701440979663 0.339660436230141
0.0295715797096009 -0.10083183945341 -0.0915709206022589 0.214759240532525
-0.0126263628145292 -0.0972066863762505 -0.0767568925212012 0.147074066407153
-0.0573042516614611 -0.100903753884827 -0.139839258373094 0.0873181352917333
-0.108282879298544 -0.0803378877621492 -0.184410576117394 0.0894274412374578
-0.158523960890448 -0.0608493466995995 -0.297295626290237 0.265477085596942
-0.313931959487649 0.0486575511014874 -0.433166008234151 -0.218454011945022
-0.335224793477942 0.074955181123216 -0.325499345386576 -0.186226571442704
-0.357870865022182 -0.0194348752809569 -0.167047678240793 -0.218884507440041
-0.326221930814415 -0.124264816762002 -0.0076236871451976 -0.257378191871755
-0.255940094348314 -0.27571112544701 0.119741895542157 -0.206881927559891
-0.108685226170277 -0.383680595338122 0.149256566837413 -0.0148107993022194
0.0179785699721158 -0.417105992683128 0.0642530125698054 0.232133974971971
0.118645375985834 -0.383601374531239 -0.0835828804537169 0.355279360345583
0.133766499849632 -0.336548907588731 -0.129692240985346 0.380924345429254
0.109322377267674 -0.291041359124379 -0.115946695088792 0.339383228544099
0.0211812696086742 -0.244373053132957 -0.0761329434825729 0.239474103337511
-0.0767953498172772 -0.230014480311396 -0.0801878359144715 0.183963857400864
-0.151761058220049 -0.205998843984207 -0.140203226998049 0.137675167677866
-0.247205298262339 -0.144131493210585 -0.164343605138081 0.142481556821035
-0.307794631226515 -0.0766961393320282 -0.215995177924408 0.306396417044403
-0.397032616163223 0.0471760542351906 -0.290690801206358 -0.254935050474358
-0.436730871045045 0.0419522707215871 -0.200509819012879 -0.238897032357291
-0.453165045996325 -0.080833539727111 -0.0750431165679746 -0.251704709951308
-0.405345454818816 -0.20653818648984 0.022544390801855 -0.291920631073308
-0.295679998005955 -0.379995966581934 0.103580118269664 -0.255604567530854
-0.103613354064831 -0.497574260925136 0.123206571368824 -0.125986246982574
0.0467255159233994 -0.524004295034332 0.073336019862269 0.0667385203662655
0.142869737571988 -0.495624405988222 -0.0351492751509433 0.177550692074329
0.142658927563988 -0.470597870476514 -0.058195770062727 0.260352017201198
0.0876019688781751 -0.450688901094611 -0.0672058613573304 0.289946037924619
-0.0561944458096399 -0.397010508963063 -0.0577957236629975 0.242630990273392
-0.210829891967057 -0.345351413256085 -0.0740876802573509 0.229094856132336
-0.293782685480654 -0.271282808385314 -0.112454550850616 0.208985910119766
-0.391027678565897 -0.155726928382884 -0.0995735785688879 0.213590854025634
-0.425831277699979 -0.062365673950145 -0.0821430835160193 0.344396604582789
-0.411149002089505 0.021690757577827 -0.115686345529156 -0.283378164045414
-0.45153873164758 -0.0213665861134111 -0.0480930787680007 -0.260856375850815
-0.440854947838885 -0.159224091125926 0.0392650354903033 -0.248913965147847
-0.368965068661262 -0.276971197821852 0.0736630585249623 -0.297766909444859
-0.2312269687132 -0.423390289866952 0.105199350650158 -0.28929911329356
-0.0421501066688293 -0.517672380123015 0.118175177443632 -0.238614957772369
0.085717830643123 -0.536516538120069 0.0968273253817453 -0.114298189015937
0.145013668847395 -0.532583588465482 0.016979533477445 -0.0265986401455914
0.110110041068194 -0.541569803189503 -0.00439331622120815 0.0887574295355465
0.0123442192536999 -0.546007715301076 -0.0443375553767221 0.179741674112474
-0.178895282287503 -0.474728517578851 -0.0609525338829312 0.213068579722938
-0.361288428606839 -0.366464053183063 -0.0564425530366895 0.263874395986929
-0.424086787732895 -0.251078036670637 -0.0423132766859867 0.274512455608293
-0.48761495671892 -0.106271871082675 0.0204689361959728 0.269678695403866
-0.48319927026364 -0.0194383309671011 0.0918452547338318 0.360686099772143
-0.359203685706037 -0.0109623404533807 0.0592849464595445 -0.286114079569124
-0.377329487167742 -0.0761247606610227 0.0856284673981606 -0.2342649813009
-0.326151329872661 -0.200681516913012 0.134270389249041 -0.195132676175408
-0.243843131688447 -0.277810201588854 0.12031262720791 -0.257124318430037
-0.11524802262076 -0.367642578990972 0.120222196885263 -0.286056397066133
0.0288705080813442 -0.434029769086002 0.139737618943856 -0.31652306638289
0.115783054906713 -0.463716886871874 0.139869480153236 -0.272680967789123
0.127286477749261 -0.489410212817333 0.0677075141988226 -0.227844077403264
0.0571396870771658 -0.519898525444231 0.0129967712017969 -0.104684686361414
-0.0713121286422341 -0.526185776230701 -0.0704667950998294 0.0454038635827653
-0.265653131408508 -0.430425672255863 -0.0943593747060059 0.171962291710965
-0.42359669181357 -0.283686782670943 -0.0384521691024523 0.279152656025507
-0.458493206323028 -0.161750473929472 0.0552470605181833 0.303078126026807
-0.484379586065924 -0.0245982916695108 0.168987433867639 0.282340951610864
-0.460440962532621 0.0280253823269623 0.275991967445219 0.347448808999096
-0.257333185782936 -0.0313407203099607 0.20674765751181 -0.264719908761863
-0.251684311567334 -0.0855677436855898 0.166514742231684 -0.177671378660516
-0.18243562351979 -0.170629598442751 0.174339753370786 -0.119051627362698
-0.112844369689849 -0.199778101725405 0.131291125525125 -0.191024692177155
-0.0274786837166735 -0.239546155322329 0.130595227643609 -0.24408489693888
0.0600434994960811 -0.288162283720106 0.173234558985391 -0.3412300152285
0.10787916867977 -0.330395383555114 0.194127296523232 -0.383810995046331
0.0904965637164995 -0.368788737388617 0.110414463764793 -0.398463475507091
0.0102222477232397 -0.401385327202646 -0.00294153597146603 -0.278256271462894
-0.108506003858521 -0.394915758962864 -0.131228115847597 -0.0645080354559991
-0.255580260506238 -0.298128997080055 -0.143006313401402 0.147072999030414
-0.360569396351602 -0.159527663955571 -0.0287946184142231 0.276675430263157
-0.373927313322956 -0.0686584161708776 0.143378926204647 0.291273734635394
-0.379379691198301 0.0376105923196758 0.30318547361639 0.25550074248302
-0.357814864301729 0.0556247592858032 0.43187629940992 0.311071627276778
-0.129136805208657 -0.0302693993869505 0.306285011088834 -0.238299108428851
-0.121106732048895 -0.0502672668713613 0.196564082889877 -0.128593200280128
-0.0760754835744077 -0.096253573137879 0.16948456459533 -0.0646570716091443
-0.0431384034686539 -0.0952089285460811 0.114245480116344 -0.140670907626226
-0.00426686983357641 -0.106717250898974 0.124798595582756 -0.199657383998095
0.0348388248906014 -0.136170348211843 0.19438028366049 -0.33001890267885
0.0611263930892238 -0.170026427483004 0.23748345896399 -0.44049731150818
0.0394083429405106 -0.192251070286765 0.137855783783598 -0.508221644591224
-0.0138154585570499 -0.208355288180187 -0.0335010581535076 -0.39085532746657
-0.0880518119729373 -0.199778603636181 -0.190947184177694 -0.124504046063961
-0.158767462347781 -0.140305706110583 -0.180690433335122 0.14368715862243
-0.206940794046946 -0.0540834018647694 -0.0273656214694232 0.272069534164338
-0.210086120891228 -0.0122111269935762 0.199165519607229 0.259888792227281
-0.206752870369582 0.0528452577524612 0.390042755959183 0.214726320615011
-0.19332716685353 0.0497878807612707 0.529172068157365 0.274026664725934
-0.0157901312444514 -0.0219604243131458 -0.540953619176678 -0.196557683961573
0.00426089841711846 0.0107249580334951 -0.432318999363955 -0.126405226979676
-0.00740208102114099 -0.0136867564427104 -0.233614127154378 -0.174019884662931
0.0102944517912272 -0.0188248116310646 -0.0194223019815341 -0.209798293465269
0.0111423904583573 -0.0309175170315733 0.141074737192365 -0.144004467694815
0.0214025565698919 -0.0178295076180306 0.166294715793104 0.10406909221833
0.0224855520011366 -0.00737488275280691 0.037765943890131 0.394656850306345
0.0233640492876545 -0.00656615974577959 -0.13978626438852 0.524898533402143
0.0137764342645309 -0.00949606999036829 -0.218617637375517 0.46869171009942
0.0128958148844461 -0.00202681459100112 -0.171828425952602 0.330014959236011
0.0058434487774744 0.00048519680089292 -0.098121118627562 0.204254955415014
0.00373167681360259 0.00559661025101908 -0.0755461834360517 0.132117012591964
-0.00658587574899298 0.00084266014006598 -0.136550149808654 0.0685721392316397
0.0106740737430471 0.00367798945798238 -0.1856418889344 0.0724964875470381
-0.00395220771264986 -0.0261353561503684 -0.321469711725613 0.244350441682823
-0.178667436290403 0.0226932231369986 -0.520168196746494 -0.190177727023071
-0.176355919007526 0.0578119069692129 -0.405286748145531 -0.135759954512964
-0.195371143124853 -0.00170880504029334 -0.21871753715539 -0.182857246895727
-0.169420267699507 -0.0622915012692947 -0.0186737161275431 -0.22367628245947
-0.139358041617476 -0.152693440351447 0.136063889615603 -0.167140905516575
-0.0583337782353043 -0.212814757327518 0.16853256192348 0.0649598647891209
0.0130616238987584 -0.231217407172068 0.0557845401091897 0.347268455800055
0.0757212725230193 -0.210245560524276 -0.118506149729109 0.476988381719429
0.0835240689299164 -0.175390900430404 -0.187303822494659 0.447486013905014
0.0725630071549459 -0.134158635976328 -0.153026072821524 0.340741753662934
0.0291962102408229 -0.100636976601378 -0.0902535663967414 0.215289980197235
-0.013381494887652 -0.0967132380525299 -0.0744914641174099 0.14714281491312
-0.0578514420900142 -0.0999817127478925 -0.137517194856322 0.087790239490027
-0.10778310265502 -0.0798972773312109 -0.182553288238326 0.0901873519254636
-0.158332202338815 -0.0598570597448778 -0.29275571614134 0.266994441984903
-0.313209094912052 0.0519570337351715 -0.435387193294275 -0.214174300162557
-0.333572029602654 0.0761912420970342 -0.327361099796448 -0.182716617388458
-0.358198105855414 -0.0172612563788056 -0.168408184408748 -0.216696786225383
-0.32616338806875 -0.12268748401745 -0.00963957505407941 -0.256643937270965
-0.257888307193936 -0.273859154574682 0.117528449798294 -0.207758090436038
-0.111949226269014 -0.383608718844348 0.148203017981749 -0.0161364454748907
0.0162770163117063 -0.415100821833508 0.0654709910490283 0.231704954068776
0.115962453288663 -0.383738530700928 -0.0820407301721268 0.354970958716133
0.130807455876213 -0.336604392650405 -0.1266433186675 0.380452943324653
0.107336273021268 -0.291175530323208 -0.113522078707915 0.339109963576031
0.0196966564592403 -0.243172205906296 -0.0747880082242445 0.24017478645633
-0.0783992105587006 -0.227984608225161 -0.078084949131042 0.184683119227993
-0.152673932222231 -0.204105924468671 -0.137785491057331 0.137907565792545
-0.247428744432912 -0.142488175298553 -0.162368077945469 0.142521743762135
-0.305958415493167 -0.0744472462405749 -0.212801075740357 0.305491661271736
-0.395996702250904 0.0500529351010263 -0.291856949394527 -0.250390893558841
-0.434644483042969 0.0445426147861508 -0.201281160135179 -0.236225896338982
-0.453777344330589 -0.077254696434622 -0.0772740987697359 -0.250896827045438
-0.40700096203722 -0.203601481359731 0.0198264704830978 -0.290722219038001
-0.296229883311411 -0.377936673111869 0.101462586181754 -0.256520239297185
-0.106320779852902 -0.496376076698846 0.121773720405513 -0.127518266999231
0.0441400360397144 -0.522686204187547 0.0735358271504424 0.0660663619090501
0.139934649894466 -0.497107213847748 -0.0344138466102611 0.1770067418747
0.138769602667788 -0.470702004229404 -0.0562267018007472 0.260411505072216
0.0843648371764213 -0.452348588385702 -0.064277234494249 0.289975891580721
-0.0581642403932987 -0.395336137711622 -0.0556916971763908 0.243730639136356
-0.213632110932786 -0.341994050928467 -0.0713069670830415 0.229779368250445
-0.295758888878743 -0.268068517768773 -0.109487623234967 0.20936444351755
-0.391835506386535 -0.15285605033187 -0.0973125174370232 0.213629107152275
-0.425114063999036 -0.0590390316137767 -0.0785988085785296 0.34328267680773
-0.409584682979928 0.0239007831209079 -0.11735592495193 -0.280854713706326
-0.449918318048273 -0.0187514120469447 -0.0500814817896865 -0.259819040126032
-0.439916311775888 -0.155691394717963 0.0378508912471949 -0.248283196022851
-0.372070493474232 -0.273992388621581 0.0708693776886091 -0.297222649235448
-0.23489568527773 -0.420752870541188 0.102318856845387 -0.29056462971059
-0.0456227726349593 -0.516935546273455 0.115002171993588 -0.239839370792274
0.0829446705459055 -0.536541282715574 0.0959525696150405 -0.113970577095565
0.141863598984183 -0.532615565393642 0.0162821008355749 -0.0269701610388281
0.105761887121025 -0.541116111232497 -0.00379290316894542 0.0880997624429965
0.00746329672592319 -0.54561390656566 -0.0424258079487739 0.180392612533864
-0.182392329123551 -0.471862086754413 -0.0592299225330523 0.213464796374739
-0.362425389593916 -0.36276063710338 -0.0536775921897638 0.264542537375391
-0.424375157943105 -0.247141219322971 -0.0387004310148177 0.273729330460835
-0.485405919318942 -0.102378690657313 0.0222691730812963 0.268685676399048
-0.481431048587955 -0.0156782892534235 0.0946621026301862 0.35843204348323
-0.358502714147977 -0.00839140343136719 0.0564390553653094 -0.284782531756326
-0.377489800819924 -0.0720148620959651 0.0837740579061372 -0.233982908481509
-0.327243079228469 -0.197528048470909 0.132256465267638 -0.195675936964805
-0.245139967962154 -0.274568973803927 0.11731875980173 -0.257012913394949
-0.117097728894342 -0.365964279772691 0.117634994734552 -0.286117579829499
0.0259598641214246 -0.434865401812185 0.136632030706337 -0.318049112714727
0.113443794728566 -0.46294288142158 0.1373904366076 -0.272868909922303
0.124716073992386 -0.488491557493737 0.0655239823092208 -0.227898518414605
0.0530666422405698 -0.520252189446288 0.0125824861742469 -0.104481169798157
-0.0739365060667397 -0.524163674496405 -0.0695822261707788 0.0461775057165601
-0.267345080693943 -0.427695641263244 -0.0928016161640018 0.173353072347988
-0.425266502508399 -0.280220936585662 -0.035732480132037 0.279117950242561
-0.458897268447986 -0.159052156518093 0.0583237691339746 0.301514779150748
-0.48370162897018 -0.0209501855871882 0.170885746669492 0.280313652253576
-0.459358819769562 0.0311690175424715 0.278635839423313 0.342850435529619
-0.257209218610198 -0.0305946378676641 0.202831451591976 -0.265462501590689
-0.251345825365376 -0.0839009136410941 0.164898846853341 -0.177816616813427
-0.182808417090807 -0.169506954896849 0.173109366679242 -0.119413403003891
-0.113277909961651 -0.197621340425208 0.129299732537038 -0.190798648740198
-0.0285693930940502 -0.238220740684828 0.127803565505229 -0.245795092722329
0.0579088635412099 -0.288476452348279 0.171011170084072 -0.342125343293371
0.106027505291823 -0.330176908138116 0.190785318026046 -0.383651262114326
0.0888068715219335 -0.368496451009877 0.107453246713793 -0.397049221698157
0.00869650869726706 -0.401104411639985 -0.00413161400508229 -0.278425864991953
-0.11139751576535 -0.393938175631876 -0.131175121474114 -0.063708253241766
-0.257440384698331 -0.295801184007751 -0.141085817931818 0.147572356944474
-0.361037999581942 -0.157317536032422 -0.0258114014186362 0.277150730301723
-0.373649174012528 -0.0645261243945397 0.146614581246717 0.288758800949236
-0.377821996357211 0.0410981876873642 0.304582608431203 0.252016658444369
-0.355838207561365 0.0589215415178325 0.433426481698929 0.306778954841899
-0.129178946968659 -0.0287919653192041 0.303820001634217 -0.240718171725161
-0.120355595063245 -0.0494141111290056 0.19372579896509 -0.129599605233256
-0.0766532011810155 -0.0945237279302942 0.168806644787229 -0.0657941681438597
-0.0431816364414073 -0.094845775741849 0.112267964134591 -0.141944687010611
-0.00479966991055372 -0.106536906552404 0.12291106154948 -0.19990895916364
0.0343293713544549 -0.136407190164883 0.190940296168674 -0.330539955692172
0.059663680955774 -0.169859547805977 0.23364005228534 -0.440778861563278
0.0384803357667414 -0.191926931074238 0.134402764086925 -0.507400638971816
-0.0149273450122921 -0.207406827902488 -0.0370175382372126 -0.390648146525396
-0.0899324482202867 -0.199022881117713 -0.190321305691672 -0.123504194989006
-0.159368167161277 -0.138984125660186 -0.178777547027435 0.14475443070046
-0.207377369037342 -0.0524055194932669 -0.0246785064604975 0.271947884785625
-0.210354085632113 -0.0106965120040554 0.201543417440651 0.257464038977583
-0.205699656398612 0.0546585732964284 0.390566192867028 0.211254677372029
-0.191785502777039 0.0508700541427455 0.531094265821223 0.267851701754924
-0.0165640147732843 -0.0208641720427437 -0.54141615511127 -0.190830294127238
0.00482695502206365 0.0106554967511911 -0.433502076792025 -0.121874655344739
-0.00782827535778796 -0.0128448500218763 -0.235246879874242 -0.171599784802259
0.0103064166251223 -0.0188867970097661 -0.0213190421532085 -0.210055730943772
0.0108897040472753 -0.0310512117370851 0.139131539273108 -0.145381200126169
0.0215958261365219 -0.0174931442413856 0.166057229758383 0.102750505702743
0.0223469883997712 -0.00777476898748876 0.0399160089163549 0.393904733675933
0.0237768994824853 -0.0068244881501737 -0.135424494933017 0.522989180914705
0.0137345030600013 -0.00955782708324981 -0.21378769464698 0.468841313233887
0.0129901843609481 -0.00194257776104021 -0.167818501985717 0.330742840690775
0.00637466101886274 0.000598201624132818 -0.0961920805022272 0.204510719689078
0.00365956080352276 0.00564709308084926 -0.0735448309042589 0.132473756796254
-0.00722812559645545 0.00149133737734973 -0.134917505706063 0.069159555799203
0.0114851947992192 0.00339807364434983 -0.182685174360326 0.0725516522391874
-0.00443928333205653 -0.0265901461010256 -0.317422951864894 0.246691500807392
-0.178130083471969 0.0245072972164045 -0.520013254050495 -0.185746741878624
-0.175078530943258 0.058620047273919 -0.405114214138452 -0.131436091211502
-0.194742435290625 0.000266557461770801 -0.219869180527234 -0.18058120878501
-0.170194721634086 -0.0604808798001658 -0.020540404739921 -0.223377761101682
-0.140176467114714 -0.15192718688044 0.133772726374583 -0.168249097564283
-0.060294458536719 -0.211958469868789 0.167656456597344 0.0634961150011839
0.0113207342092379 -0.231132395636788 0.05759340406427 0.347067619462303
0.0742472426940862 -0.210467259515608 -0.115916900663671 0.476742387872343
0.0824895257015283 -0.175467083074938 -0.18388603303551 0.44723030482146
0.0712404874041992 -0.134413810020623 -0.14967909876742 0.340406848331655
0.0287631833956075 -0.100442132480209 -0.0887159748861479 0.215701949237763
-0.0139613462712158 -0.0959533373510955 -0.071775166354692 0.147930777534954
-0.0586238581231787 -0.0989926687551155 -0.135399163610963 0.0887993750701822
-0.107273258557032 -0.0788766370756483 -0.180643706024733 0.0912346839871205
-0.157582945505864 -0.0592364711187419 -0.288012790929526 0.265460180774409
-0.312416458210751 0.0537330921617249 -0.43353593266283 -0.20949400404008
-0.331615851962946 0.0782429580743165 -0.327616156626597 -0.177814049222623
-0.357332075999605 -0.0149735561062613 -0.170332509828838 -0.214767863397649
-0.32570320164816 -0.120398459727895 -0.0121688263883162 -0.255675396981221
-0.259078890123701 -0.272086733546729 0.115730533451482 -0.208391229097539
-0.114437442216724 -0.382360837213657 0.146758562166269 -0.0178665032692444
0.0131483893082491 -0.414270189758624 0.0660589814455994 0.230107076856982
0.11403894591343 -0.382773044242176 -0.0796109632211959 0.354218282396886
0.128595308883301 -0.336065264396944 -0.123289979795578 0.380205631801852
0.104155996067678 -0.291683204718072 -0.109672764778722 0.339219218441039
0.018661829507081 -0.242523203685234 -0.0727572312747415 0.240411330508104
-0.0792717393032714 -0.225884938799074 -0.0751502720882638 0.184729509528042
-0.154037269478504 -0.20198546495898 -0.134702777365267 0.138205291797379
-0.24677678373947 -0.139457867292813 -0.160002113127986 0.14372432954024
-0.304939261184983 -0.0724542692920053 -0.206516562251415 0.305682252475589
-0.395126466629859 0.0528557403951905 -0.293008092118525 -0.246867448505807
-0.433013829968274 0.0481585805664489 -0.202553851208183 -0.232602685081754
-0.452559946144123 -0.0740327247064438 -0.0796216161634725 -0.249680665107794
-0.407093879423618 -0.201347123926785 0.0174169498968288 -0.290165112250321
-0.297748916881946 -0.375674958021141 0.0983021627087461 -0.257520721963215
-0.109470143861308 -0.495479346922897 0.119761901368542 -0.128412009027684
0.0405689359362284 -0.520998332594865 0.0729977254651595 0.0656816241303128
0.136290242726034 -0.495925988760431 -0.0335738786187999 0.1769483965946
0.134671546871931 -0.47018659957089 -0.0539597887173942 0.259325759271828
0.0799042456625562 -0.451408376530239 -0.0616007427719203 0.28997063061
-0.0606471432667565 -0.394238862826302 -0.0544936521963408 0.244836568773278
-0.215701078957384 -0.339740768722799 -0.0686169354989633 0.230118166331139
-0.297026454987135 -0.265645774095325 -0.1066617398609 0.20886790036158
-0.391182150847542 -0.149585006176126 -0.0953732001083876 0.21360047273611
-0.423976623074023 -0.0554656534905876 -0.0746575501918986 0.3418669552519
-0.407002159091058 0.0271812444890864 -0.119964881929464 -0.278088190231063
-0.448180129896539 -0.0149444996874222 -0.0519523756466368 -0.256879245884399
-0.440938545727676 -0.150978664143063 0.0351703250154567 -0.249013783141632
-0.37126473136444 -0.270461919451143 0.0680936205305423 -0.296806054326155
-0.235639613221214 -0.417779897536278 0.0993262188414374 -0.291663458966976
-0.0498391563666891 -0.515303163702008 0.112243649055032 -0.240495296280911
0.0801506298603386 -0.535230541298325 0.0936565885978943 -0.114107576561783
0.138320708377507 -0.53185205852573 0.0158475526681545 -0.0273234706684502
0.10321696613398 -0.539792890934649 -0.00298632650134841 0.0874569168503952
0.00547564678328535 -0.545726104871544 -0.0406152347831918 0.17999589818662
-0.183886131539987 -0.470188817395737 -0.0567396712748439 0.214874760495557
-0.363660018186114 -0.357982793133112 -0.0512920601468038 0.264956896789484
-0.425699322797306 -0.243313596660799 -0.0348297819415684 0.272632239553362
-0.485573221861455 -0.0980643171397808 0.0243298633533245 0.2684283914357
-0.480192239816923 -0.0118924969707273 0.0977191597328994 0.355225871927733
-0.357452613131289 -0.0058096727493631 0.0545586339232512 -0.284180962960202
-0.377507250341523 -0.0687712212056534 0.0808429504546583 -0.23241042533351
-0.327667277747858 -0.194712137720073 0.130694084787451 -0.196509949683275
-0.245962152368257 -0.271589160060081 0.114649635133225 -0.257375303739896
-0.119493512855057 -0.364994266247415 0.114770787960924 -0.286850355399521
0.0226618859377746 -0.43482556568473 0.133607030917999 -0.319061016534701
0.10819116618899 -0.462555979816433 0.134919301535116 -0.272414811138809
0.121529758302437 -0.487844595830017 0.063947381050213 -0.227353865961982
0.0508235853453867 -0.517987898679954 0.0123763226945327 -0.10585649397725
-0.0760891249843076 -0.523041986586937 -0.0683772931631169 0.0463319925917385
-0.268414571690125 -0.427102151092289 -0.0914718725941016 0.174393412387153
-0.425710795905951 -0.276607228562458 -0.0335549123722187 0.278308805969235
-0.458270936652296 -0.15502201517249 0.0609799645373009 0.29966252828584
-0.481391070980785 -0.0171984353869945 0.172780402106439 0.278387861578212
-0.458013612346556 0.0345065596163338 0.280115308393884 0.338218214911906
-0.256647424434023 -0.0284182642190896 0.200515739845192 -0.265362945247138
-0.250344315471946 -0.0812357995734756 0.162464060487878 -0.17783046905201
-0.18295642100451 -0.166331922137269 0.171107890001505 -0.121433457869222
-0.114485475317871 -0.196030983513818 0.127039150236303 -0.191084801251566
-0.0301055811101707 -0.237616301951771 0.125380211200646 -0.245915276883603
0.0550914949684307 -0.28891627553676 0.16685084173727 -0.343293318550366
0.103554916763236 -0.330707497466211 0.187430179077537 -0.383092956371749
0.086953788587321 -0.367824273627062 0.104649064898722 -0.396589814876067
0.0056155647871401 -0.400265417626048 -0.00518658129724533 -0.277112332136955
-0.113728058419657 -0.391943083389325 -0.130458404791075 -0.0627786343495626
-0.258361155519627 -0.293735769823633 -0.139398494216068 0.148893188368936
-0.360861822336751 -0.154324917485899 -0.0233998263436902 0.276950494125688
-0.374277649298205 -0.0621163245928391 0.149551385505628 0.286574909891408
-0.377120775752328 0.0450960562835619 0.306271356652825 0.248254621196855
-0.35411503082377 0.0610128966718026 0.43488413609942 0.299606637986154
-0.1287296562916 -0.0289846079448543 0.300017659161922 -0.240118994408391
-0.119813712786756 -0.048609331633172 0.191891673906042 -0.129216329659194
-0.0772795423287553 -0.0936936651408935 0.16733722143994 -0.0675732310315241
-0.0434721432962572 -0.0936155269948883 0.110369147945977 -0.142085123657418
-0.00554983015697532 -0.105699621802214 0.119921229650714 -0.199795639078475
0.0326601938229277 -0.136157368316461 0.187654611393746 -0.331235115522189
0.0584500216545286 -0.170790418164655 0.230130353377205 -0.440130051213841
0.0376363654138998 -0.192008468179457 0.131522598170425 -0.508041090467037
-0.015139627579497 -0.206999037583366 -0.0383921415327295 -0.390731439817237
-0.0909023600403779 -0.197277394122892 -0.189960496276901 -0.122554296756795
-0.160295931990725 -0.137689165431733 -0.176594307684084 0.146202831384314
-0.20665282490404 -0.0508777811934024 -0.0219377374158982 0.270979064318916
-0.209840948917277 -0.00891727618480046 0.20407103176967 0.254473461953864
-0.204300062648087 0.055915002381346 0.392324669815869 0.206255743372903
-0.190687397295727 0.0518635249802232 0.533156967892915 0.263014458268292
-0.0165754609478303 -0.0205988357089159 -0.54135595442113 -0.185196823190489
0.00515088601472713 0.00995195256007623 -0.43268214709045 -0.116856894378758
-0.00786168714337085 -0.0127249899129064 -0.236439255059128 -0.168634167608122
0.00980278221231536 -0.0192103102879173 -0.0222953892181806 -0.209268777791998
0.0103415686481657 -0.0313604029805693 0.137343250675971 -0.145677114424743
0.0216431208424133 -0.0177907255913831 0.165512082831349 0.100933068579896
0.0224437393797906 -0.00758364167359126 0.0424131154045778 0.392256322315865
0.0231655877656844 -0.00689723132085937 -0.131397624034554 0.523850943604411
0.0135271844457626 -0.00999692986277593 -0.210783599175136 0.468664739487227
0.0123870126799874 -0.00255658344130662 -0.164517606166738 0.331230404543893
0.00611101503455011 0.00084122751798684 -0.0944445525784796 0.204398384445347
0.00353807754916013 0.00619209081663 -0.071206090613741 0.132585661709627
-0.00717390932883998 0.00209374689759596 -0.133029082208044 0.0699239258817044
0.0114909391542346 0.00320644563193817 -0.180513533018046 0.0725639307113684
-0.00442070102979707 -0.026620564828222 -0.312340864737365 0.245824154218691
-0.178123706036571 0.0265804848285699 -0.519935868004801 -0.179120228179972
-0.174090465328703 0.0598689529893638 -0.406158608672524 -0.126908210018477
-0.194034888535642 0.0017281546800048 -0.220784776614423 -0.177677049097926
-0.170005338528502 -0.0602009516859484 -0.0220068097245131 -0.222125430583178
-0.140640118904942 -0.14978716651722 0.132615588199074 -0.168638273470958
-0.0607796436981675 -0.211116476189048 0.166435647532349 0.0614609932948393
0.010027355540466 -0.230429129921474 0.0591248500111381 0.346052884564538
0.0727962841505668 -0.210218250627133 -0.113353916967022 0.475721631734674
0.0807220115405655 -0.175142247897694 -0.180362474298668 0.446747816039546
0.0696801821892122 -0.134843529498359 -0.14717108251065 0.340658116595617
0.0289419441464748 -0.100105103837224 -0.0864990736232529 0.215361999842091
-0.0146413894994261 -0.0950537575245264 -0.0698439461706999 0.148193822246841
-0.059749129079818 -0.0975870960372467 -0.133374149152022 0.0890698835934031
-0.106963363942977 -0.0777011442977917 -0.178639616536953 0.0919495309537591
-0.157573884164851 -0.0580942510998939 -0.283751766419479 0.267271977540667
-0.311708542670682 0.0563818459296787 -0.435419122521436 -0.204757420311889
-0.329829796171325 0.0803007001594877 -0.32896857352592 -0.173975949847604
-0.355870192813723 -0.0114338853043637 -0.172120582353142 -0.212621349985566
-0.326859687755471 -0.11750837564538 -0.0142706503684881 -0.255182915589309
-0.259480773286748 -0.268940948556056 0.113160698973358 -0.209746947824003
-0.116221240057111 -0.380792281124446 0.144904283115612 -0.0187969367801957
0.0106724217417182 -0.414128831537832 0.0666795750039691 0.229987675525924
0.111554917820465 -0.382005636859213 -0.0766633233061399 0.353365551335201
0.127328327003871 -0.33575478670835 -0.121673680629483 0.379638276266788
0.102627022705351 -0.291451906035482 -0.106965258323784 0.339200860940355
0.0171252733216456 -0.241871476801068 -0.071547773233372 0.240724841011904
-0.0806584248086874 -0.224585497943562 -0.072897742836157 0.18511966910624
-0.155395155021152 -0.199332047407239 -0.132232220198503 0.138680452788161
-0.246228738858916 -0.137220905148911 -0.157929454730864 0.143744252734929
-0.304973421640719 -0.0704232285175704 -0.203489521453753 0.304977136726952
-0.392648074680577 0.0561269929207889 -0.294873424036586 -0.244090314358824
-0.43147612010586 0.0511271576289229 -0.204318742093142 -0.229198814383051
-0.453023395943571 -0.0701975669892527 -0.0814291857523208 -0.248809500149476
-0.408134215035407 -0.197265132948076 0.0151528648386514 -0.289487097341973
-0.298912586984082 -0.372201895570317 0.095838884894311 -0.257966834899241
-0.112777336688669 -0.493656444462842 0.117212179717337 -0.129311913199473
0.0372499997654252 -0.520766387278087 0.0735390627618372 0.0654859646917965
0.132018598894943 -0.494900260763065 -0.0329559946652034 0.176731313055084
0.13288388312408 -0.468982811279689 -0.0525795821050394 0.257816716841896
0.0777193430008816 -0.449937413108076 -0.058949851435735 0.289840340208898
-0.0634408041001501 -0.391907754096613 -0.052654963742974 0.24495969557564
-0.216904741702957 -0.335925875428812 -0.065906267809255 0.230346825965329
-0.299194293676814 -0.260982364250233 -0.102539100642431 0.208542072710423
-0.39056980175758 -0.145961526623947 -0.0931151275057739 0.213240897622
-0.422926998370902 -0.0519162609332451 -0.0708524916310082 0.340920890938122
-0.406902356350491 0.0293856707019257 -0.121440645600802 -0.275313677632895
-0.44661386277711 -0.00991239255414144 -0.0540291466725657 -0.254882408622048
-0.440023550498784 -0.148044900159417 0.0330612106996708 -0.248294884621538
-0.37145918741577 -0.266348987566737 0.0648828185812086 -0.29674938129797
-0.237554485391048 -0.415282220327865 0.0966990869936174 -0.29104130511151
-0.0523334890438046 -0.513721042829663 0.109450883712426 -0.241395117422652
0.0760273313015691 -0.534571208396187 0.0930962041177461 -0.114102938852912
0.133817928269383 -0.53088829172821 0.0153505796387132 -0.0267497703482871
0.100235674640989 -0.538061428630043 -0.00255884760972244 0.0866055738302513
5.95140787944754E-05 -0.54231293030831 -0.0381528370499 0.180073400190692
-0.185731148543484 -0.467430595343177 -0.055082388958099 0.215214778111202
-0.364861708634729 -0.355346170163218 -0.0475667124703099 0.264723361722071
-0.427011896782491 -0.239213936919377 -0.0315896963742128 0.271619304034523
-0.483059496836193 -0.0956301804272566 0.0266839224327156 0.266564021966913
-0.478226846364199 -0.0085882807972444 0.100974249742712 0.352702984338505
-0.355231527260757 -0.00395065254895928 0.051199490753122 -0.282719966274701
-0.375873509187282 -0.0650391452004941 0.0787127365463823 -0.231365253468773
-0.327667787852757 -0.191458717694258 0.128194069832175 -0.196930037868063
-0.24596073936869 -0.268529501979451 0.111785005695964 -0.257584082837597
-0.121608030389918 -0.362260845712005 0.111983702177213 -0.286633231766372
0.0194536334342768 -0.434512863703978 0.129211135399256 -0.319428237151803
0.10549729914953 -0.461551852377605 0.133463545536012 -0.272559544316879
0.118742755383872 -0.486061507404793 0.0621667559511307 -0.227073004106841
0.0464920354872377 -0.516796687064642 0.0117511842172348 -0.106005625354511
-0.080562479697632 -0.522044142049626 -0.0674871764491318 0.0468717750310367
-0.270715739805253 -0.423560628324761 -0.0893523107432927 0.174562135614838
-0.426822544634431 -0.271026077702402 -0.0300541950050818 0.278090100582005
-0.459266120600462 -0.150175372494494 0.0649564831375812 0.297147069232397
-0.479624570424166 -0.013818640030015 0.174512685189944 0.276179993322995
-0.45515477762564 0.0379641763399271 0.282260553491334 0.333455993404257
-0.256005719510656 -0.0270327400625698 0.196871752305072 -0.265277822350913
-0.250271757333183 -0.0789093959577761 0.160032548477654 -0.177960156458996
-0.184169123056722 -0.164303443391207 0.168983361582174 -0.121423741142136
-0.114545340960854 -0.194524389907782 0.123714093153982 -0.19125862889433
-0.0311481160496828 -0.236269769428623 0.1232747537764 -0.246998187540137
0.0528416496544768 -0.288367511761005 0.161956450894052 -0.343410904657385
0.101726877705036 -0.329901887439165 0.184387415349694 -0.382939785584041
0.0845436188730136 -0.367671389660309 0.101467243699556 -0.395704543126537
0.00292934444211007 -0.399079354157593 -0.00736503696465573 -0.277479285634077
-0.115817578758836 -0.389490641880652 -0.129049437713909 -0.0618958535594977
-0.259583390354257 -0.292623278176286 -0.137361543154004 0.150211040658648
-0.360973276332336 -0.150500795107937 -0.0215115775484852 0.275295499279321
-0.373520705451522 -0.058406065822451 0.151887286339315 0.28403923390499
-0.373952549006133 0.0463813967098585 0.30722102414352 0.244783508099674
-0.35211394063573 0.0624128517470396 0.437026056892121 0.296060607453269
-0.129244403538898 -0.0278824540399425 0.295748753061048 -0.240226410873887
-0.11974189947439 -0.047346510953136 0.188854575049094 -0.130205703445531
-0.0775304572734166 -0.0921084253721047 0.165819906275848 -0.0684659112796998
-0.0438348505548511 -0.0930060619795638 0.107445592222274 -0.142396367118185
-0.00643098937275576 -0.105491810657473 0.118032939181048 -0.200279185497955
0.0319433015789943 -0.136359524728387 0.183920603985863 -0.332135785460946
0.0570515337332892 -0.170445947516583 0.227095485155419 -0.441284473344166
0.0371163945586199 -0.191736174108458 0.127971494361573 -0.506413117190462
-0.0168782636770716 -0.205862504313032 -0.0396286510445866 -0.389043724194694
-0.0916768097461506 -0.196645030537032 -0.189025894572564 -0.12081254158964
-0.161057228127796 -0.136349931920564 -0.174234960969139 0.147515129497715
-0.205890947147386 -0.0489883414054976 -0.01927759707286 0.270863242135616
-0.209363620346926 -0.00716906129831935 0.20599950188057 0.251409767924232
-0.202789813119898 0.0569599519201775 0.391569145236233 0.201567009977508
-0.189465395646426 0.0530091650686114 0.535250512231052 0.255000305448331
-0.0172520985408807 -0.0203660345891318 -0.54171573871255 -0.177802546096684
0.00540652336485411 0.00931208963524629 -0.432808823019879 -0.113297891335289
-0.00823148331753539 -0.0127410604122461 -0.237097239161365 -0.165979907522551
0.00908805329708055 -0.019394751155679 -0.0238567656403606 -0.207342052067029
0.00980000786190801 -0.031364910854651 0.136431850069341 -0.145949152702348
0.0212386603990572 -0.0175759052988566 0.164502666632331 0.0991392853241484
0.0225100746711322 -0.00787606219401612 0.0443041551038541 0.391025166145373
0.0231334390588392 -0.00711432353527624 -0.127488370114105 0.520713407605223
0.0128028615958245 -0.009847252411466 -0.206409697724642 0.468558083204311
0.0124555146958547 -0.0023823629654368 -0.161291195198996 0.331938390759235
0.00623385590060155 0.00102984488136478 -0.0925300841391748 0.204131255647807
0.0033746841956036 0.00621494488198816 -0.0689133346758616 0.133480752246151
-0.00693502272819737 0.00205578293557522 -0.130629088238828 0.0708600608398549
0.0118485960196667 0.00276024852641247 -0.178907353140941 0.0737954929330727
-0.00487665981420786 -0.0267789274594886 -0.306920790649019 0.247181370982356
-0.177273644014799 0.0276813446607007 -0.522015023157306 -0.173661959749465
-0.172059281705762 0.0610750563860287 -0.405695118616428 -0.122202626405578
-0.193703222487353 0.00316233516215574 -0.221590074261316 -0.174972727273934
-0.170224940503684 -0.0581372908373486 -0.0240034866018892 -0.221875872174295
-0.141317535932016 -0.149078975851198 0.130547365434731 -0.169412311005282
-0.0617732392341932 -0.210431383967824 0.165692898352323 0.0601594087828415
0.00842881645547959 -0.229557447187963 0.0607612596940005 0.344712361042023
0.0714089569296305 -0.209647917495576 -0.109595995765222 0.474467285133406
0.0789668703485455 -0.174548768623 -0.176770142752378 0.44660278849473
0.0687776657739523 -0.134216788731225 -0.143651244844396 0.34128023762472
0.0277531704395176 -0.0999801046407401 -0.0849769758931077 0.215591330474049
-0.0152611573573948 -0.0941813967305946 -0.0675517205654416 0.148017323280282
-0.0603567449572248 -0.0964833857422113 -0.130752456650289 0.0906936700502106
-0.106009733605849 -0.0766182458848901 -0.176128307394535 0.0917661893512501
-0.157129936838521 -0.0575307838744603 -0.279326115450688 0.266859753177079
-0.309930182026911 0.0586804987644597 -0.434347065846702 -0.198741306973652
-0.32688952158724 0.0828851783435017 -0.329244005380737 -0.170530939413444
-0.355394876261335 -0.0094222042787486 -0.173495754175918 -0.209681283318253
-0.326580107091703 -0.114730061671143 -0.0166291204665803 -0.253113850080764
-0.260704066032472 -0.267295531506139 0.110705898525963 -0.209748706053098
-0.116895406897448 -0.378459435437429 0.144043678748663 -0.0208727373645631
0.0076610679097297 -0.412764449743404 0.0680544257080426 0.228998506634229
0.108331438650155 -0.382218171511116 -0.0753351232327919 0.352637264505391
0.123760489672366 -0.335330019159406 -0.117995004486953 0.378445089556756
0.0992511633271451 -0.291074588458598 -0.103454950251723 0.338714706750438
0.0151467655833404 -0.240642531162274 -0.0694185248607789 0.241020818402121
-0.081449439384984 -0.222576618200094 -0.071074941258209 0.18529206643028
-0.155945055081542 -0.197425500655348 -0.130076007666729 0.138990969676754
-0.246011174488114 -0.135709218234567 -0.155951284394846 0.143850856541582
-0.303436873492951 -0.0679652245574169 -0.198598121790757 0.304414169590793
-0.390703934211127 0.0591457337899413 -0.29580351505574 -0.238596754696843
-0.429320862986249 0.0544818109919389 -0.205040438436456 -0.225551430882643
-0.451243285853889 -0.066209339568792 -0.0825713239947555 -0.24705881631233
-0.406693533656601 -0.194117175135504 0.0124891255263861 -0.288133226792141
-0.301344562422007 -0.368541155960055 0.0929952497019685 -0.258339703374129
-0.114619336963588 -0.491062409433157 0.1151951401831 -0.130592883139275
0.0327029999829005 -0.519405203758092 0.0731083682495058 0.0647688825187919
0.129029889876696 -0.492855170102769 -0.0318154008687168 0.176196390666508
0.129117099160924 -0.467769380858107 -0.0509826765015903 0.257395024550504
0.0742504958385468 -0.449730187116614 -0.0562874130373131 0.28948948429066
-0.0641726712044558 -0.390078656792839 -0.0510504463993038 0.245020268618127
-0.218941137782833 -0.332954445469381 -0.0637276232207815 0.229752202217159
-0.299654099247227 -0.257667372953278 -0.100554463566074 0.208237532663182
-0.388184520533835 -0.143128481396546 -0.090363340718826 0.212996769316366
-0.420441975744788 -0.0502658532896158 -0.0669298677262298 0.338970184742958
-0.404886482565303 0.0325033835845691 -0.123206068998168 -0.272963753144345
-0.445731430709122 -0.00674123053661736 -0.0556495653844609 -0.25219897637957
-0.439884288320397 -0.143415855057199 0.0313714032088077 -0.247516094469973
-0.371843201144286 -0.262901729599258 0.0619579091096106 -0.296078586521679
-0.239315927466958 -0.412152571549306 0.0938735529708208 -0.291954043558439
-0.0558654548769894 -0.512068390492807 0.106780762152384 -0.241906287489821
0.0730060559147286 -0.532471259368282 0.0919384289746874 -0.11433324318294
0.130907575684703 -0.52939305001373 0.0155492759989846 -0.0272716725135362
0.0964532223204812 -0.537531216239437 -0.00164299726405978 0.0855932577596123
-0.00317374010304432 -0.541692253034345 -0.0368207234329857 0.179660198988952
-0.188390395596529 -0.464205480724417 -0.0539656015843836 0.215748021483956
-0.366663645937337 -0.351052319571485 -0.0449453880653114 0.264409491888444
-0.42727100080779 -0.233713116612877 -0.0288903650499613 0.270780247169318
-0.480918517001914 -0.0903435854416854 0.0287452422672114 0.265005301748543
-0.476296690640048 -0.00584995996586874 0.104286986622286 0.349674577286183
-0.354280350911563 -0.00161493479881622 0.0485853619817875 -0.280933427482367
-0.373437583438052 -0.0624634202817107 0.076490840064054 -0.229960694093127
-0.327106999372297 -0.187325045726356 0.126071877285331 -0.196633065636767
-0.247736136857211 -0.266586997033505 0.109133456469894 -0.257254480601729
-0.124454335543475 -0.360896404559567 0.109329199910232 -0.287867487873346
0.0164795871469758 -0.432500484934005 0.127107597709492 -0.31961188694904
0.10334561257102 -0.461569961052218 0.130364310148794 -0.271795930559163
0.115574979902603 -0.485396814810913 0.0604619763152837 -0.226508159924765
0.044103483597161 -0.514816337324317 0.0112771160274574 -0.106369675285936
-0.083124885239092 -0.51918454707086 -0.0664837987925152 0.0471692287793892
-0.272360364995286 -0.419874777284759 -0.0873944567668243 0.176205103531676
-0.426422550355632 -0.268521779908104 -0.027131484798262 0.277533240865111
-0.457788548614076 -0.145994922444319 0.0676289335010968 0.295261068491386
-0.477192030839032 -0.00987085619798572 0.175834513803968 0.273648028142299
-0.451357286914323 0.0416007199155388 0.284772442699825 0.330836664481891
-0.254740909122389 -0.0255169610640235 0.192696737402409 -0.265252277288723
-0.248738114727987 -0.0766564396707817 0.157116646355234 -0.176678342541751
-0.18394101746728 -0.16234851916443 0.167204543009167 -0.123266302478526
-0.115102713478941 -0.192804097058927 0.12129348720174 -0.191970626809467
-0.0322405128145117 -0.234754053214312 0.120535847378159 -0.246592628276935
0.0506259185368436 -0.287362106278944 0.159524815049572 -0.344613670438929
0.0989902912547206 -0.329411790818896 0.180446234027405 -0.382931658390965
0.0824817132170076 -0.367445023033359 0.0986628755065233 -0.394813291286949
0.0008046437812659 -0.39757217120024 -0.00828811643365471 -0.276480035598983
-0.118544340390644 -0.389191729043878 -0.128608955615009 -0.0616916930734311
-0.260972486893382 -0.289459334283733 -0.135827380835745 0.151038098369726
-0.3611671606491 -0.147294293106905 -0.0184447026733335 0.275277926699526
-0.372202653148951 -0.055839387490867 0.154601925637866 0.281283957178952
-0.372404362001163 0.0488675471266477 0.307496557485747 0.241144849683411
-0.350104270695003 0.0649719023758215 0.438079833860213 0.288692901754838
-0.12915914107273 -0.0275926004062536 0.292862105560045 -0.242073312560436
-0.119111261936817 -0.0460245604204535 0.186750560411855 -0.130351149783983
-0.0769983173734795 -0.0911155638211933 0.163966675038703 -0.0701519971383291
-0.043608368053585 -0.0917290678522334 0.105499875174823 -0.143374509907716
-0.00675583095585022 -0.104796144394148 0.116542904301928 -0.200088603961871
0.0299720677412275 -0.135969177627123 0.181136198165339 -0.331067740887045
0.0559411718090725 -0.170112966444928 0.222816414158986 -0.440931024930623
0.0360910621167074 -0.191141993910731 0.122819655452127 -0.506116627492032
-0.0178006332956895 -0.205597448778013 -0.0410683570445772 -0.389408012289794
-0.092907585759078 -0.195667483305477 -0.188568086793009 -0.120010247250066
-0.161022781952019 -0.135185585823219 -0.172064018828926 0.148429427373876
-0.205849314625654 -0.0475124858567421 -0.0166439597036417 0.269869045192102
-0.209215128650566 -0.00574112719437828 0.207883557695094 0.248699335561393
-0.201512508616513 0.058698918247133 0.393897695019769 0.197579900040829
-0.187935957167325 0.0543802333374561 0.534581629653863 0.250283229389908
-0.0175572394533128 -0.0196898455674262 -0.54194807145088 -0.17259566526928
0.00573504832971772 0.00890360640598593 -0.431330963793445 -0.107881498916057
-0.00908314820791243 -0.0122365283602286 -0.237043302956256 -0.163208360699773
0.00957807009752388 -0.0193049963106604 -0.0257265639292328 -0.206699591440843
0.00915726581994753 -0.0314611198193121 0.133993027256418 -0.147397735555812
0.0215833433263453 -0.0176043235735173 0.164554401958282 0.0977861676494866
0.0224974346107045 -0.00750015599101898 0.0457385907870478 0.390437534343562
0.0229493055814097 -0.00737890349835012 -0.125441815213417 0.520844437837665
0.0129153932958054 -0.00995874991159859 -0.202886475397097 0.468081030440042
0.0119190083464556 -0.00257551877035655 -0.158661296842332 0.332326096921534
0.00645990296165203 0.000782603936121236 -0.0903284559252638 0.204865391022052
0.00376051588014167 0.00648146970373252 -0.0666890776535449 0.133802685365747
-0.00710018019470765 0.00260313529865711 -0.128592640307579 0.0717951680267817
0.0123184155618818 0.00206068506108594 -0.175989733323954 0.0737345657432471
-0.00490816229518993 -0.0268626542194476 -0.302484062580524 0.247492922183444
-0.176849817979301 0.0290681614719561 -0.521220433255218 -0.168956408509787
-0.171137415662683 0.0616498959683223 -0.404247384702024 -0.118256551717104
-0.193367899853134 0.00446618807959674 -0.222643904935459 -0.172156647466795
-0.17042212747652 -0.057072322429211 -0.0252086970323893 -0.22051265934184
-0.141587307493187 -0.147989252220933 0.128448449313078 -0.169774141734702
-0.0629544706033478 -0.208857262029182 0.164538103873384 0.0581787096141814
0.00715710897855899 -0.228662977089641 0.0619735826111738 0.34347965832943
0.0698360249698992 -0.209993888356077 -0.106737327410877 0.473385990059122
0.0780794932850357 -0.174879017591062 -0.173715054588733 0.445446365633938
0.0673112609548638 -0.134141685437251 -0.140434363503927 0.340806047594572
0.0269953154810257 -0.0990370011898112 -0.0831142129553547 0.215879368292801
-0.0154796494773343 -0.0928877682614293 -0.0658022615230381 0.148516510989658
-0.0601763198682979 -0.0945813403798466 -0.128920629566809 0.0913440270127491
-0.106160467546867 -0.0754695077125938 -0.173757264471532 0.0920974563088293
-0.15716912982493 -0.0562223091608618 -0.275891190012926 0.267026022363188
-0.307695519234066 0.0608758153294831 -0.435405206897539 -0.193803107658682
-0.32695201106132 0.0836366853039117 -0.328562613991508 -0.165309607151669
-0.355244092844032 -0.00622644425651275 -0.17373454312693 -0.207858972568512
-0.326040182378777 -0.112000282432835 -0.0175294391719555 -0.252575810559185
-0.261062982742849 -0.264698875666467 0.108781943777974 -0.210808008390534
-0.119431972221038 -0.377576987885921 0.14160078059745 -0.0218565405200754
0.00559302887812387 -0.410704726307539 0.0680592667233849 0.227281982384338
0.106527832906555 -0.380805084293985 -0.0729119800666551 0.351774078617444
0.120985057339996 -0.335034478454971 -0.116174063955273 0.37690895177186
0.0970818525499038 -0.290314106918141 -0.100593528843342 0.338438691536698
0.0140971654644719 -0.239503333267212 -0.0677642584572324 0.240832131819366
-0.0829684457755863 -0.220504242854484 -0.0677916140370203 0.18512823318912
-0.156386135843035 -0.195000634092733 -0.127406616845743 0.139127508433246
-0.245075274156752 -0.132851372599864 -0.153364184716415 0.144076396320046
-0.302680676099378 -0.0660728761259406 -0.194755587133069 0.303575753867304
-0.389474825779446 0.0599931200242371 -0.295569155576738 -0.235721327255926
-0.426254542219199 0.0576362213983035 -0.204976263022018 -0.222843024804515
-0.449979322357434 -0.0626706080305148 -0.0850593824506056 -0.245437226920251
-0.408228706700392 -0.190559797791006 0.00945851946157623 -0.287333464333124
-0.30260748489652 -0.365544667257242 0.0904594109168878 -0.258430654171999
-0.11751043976667 -0.489204258571321 0.112433215615183 -0.131490633723932
0.0306751498071733 -0.517992883082364 0.0732817990892008 0.064097325258695
0.126919829207999 -0.491894710687597 -0.031367828002441 0.175708179941912
0.127070543089094 -0.466227897364085 -0.0497196951458463 0.255499363658829
0.0715047945294314 -0.447303553317495 -0.0538352786437156 0.288237162109317
-0.0665804776047428 -0.389167305533097 -0.0494007974428969 0.245393068423911
-0.219614908615413 -0.330698969686002 -0.0606408788406678 0.230093114056456
-0.299257662423064 -0.25504619797628 -0.0973399073162712 0.208064670603062
-0.387180181324764 -0.139043356835284 -0.0886757494087149 0.21222660046917
-0.418801067072243 -0.0464627759910274 -0.0636855179567171 0.337269623571653
-0.403011112159017 0.0348163988308497 -0.125085432812895 -0.269909735013663
-0.441104428075427 -0.00432741259816496 -0.0569238998475282 -0.25026255600872
-0.438207541935609 -0.14027501755757 0.0287579405070098 -0.247275354206687
-0.373179711050778 -0.259583872086522 0.0592570915477126 -0.294862537673688
-0.240612286940042 -0.410293815029625 0.0909952600500193 -0.291386486813661
-0.0584369146123757 -0.510861747874422 0.103706582901418 -0.242369992639693
0.0700491904698584 -0.531430265674789 0.090372060545245 -0.114483088358503
0.128956665591437 -0.528335394695221 0.0143824603306504 -0.0265220057836816
0.09223765250841 -0.535823112787173 -0.00120793312852908 0.0848519988514155
-0.00570769942301096 -0.541011001162852 -0.0346661959671587 0.179493832767883
-0.189246712538146 -0.463509568335965 -0.0521059477229252 0.216392911710806
-0.366382113546991 -0.346221290396666 -0.0428210022947993 0.263562136121911
-0.426420833247284 -0.231021058228263 -0.0259414755557579 0.268761713915832
-0.479767032200641 -0.0873854722926887 0.0304752192101874 0.26357404964333
-0.473506436417099 -0.00297874726627576 0.106139805512683 0.346039254143088
-0.353007612783867 0.00113278714734082 0.0463396550231128 -0.27934135813537
-0.371223277906499 -0.0587414121752588 0.0739872802794032 -0.228803120255443
-0.3264386250887 -0.18483064618697 0.123258122548353 -0.197201232220438
-0.245953546852727 -0.262397100363367 0.105683719700108 -0.256410650539097
-0.125116656433495 -0.358557072396195 0.106559033903737 -0.287568380340004
0.0143168787960426 -0.431866791881115 0.123421071342029 -0.320100588154222
0.100062167392724 -0.459465818827326 0.128270833017484 -0.271337813864305
0.113295744830846 -0.484191968046166 0.0588220946635071 -0.22588256951121
0.0419293267693076 -0.514178981697005 0.0105585457974373 -0.106416321588538
-0.0865305053734327 -0.516348657886366 -0.0649809511018052 0.0475600848639675
-0.274129968297249 -0.417472787779269 -0.0855550604811544 0.1766592810126
-0.42709890995309 -0.26515295319191 -0.0254601297928143 0.277078865995128
-0.457645007776653 -0.14282957497553 0.0704785359666959 0.29314323227952
-0.474679525480771 -0.00720820317464294 0.17722001981269 0.270738390149774
-0.450190081390927 0.0441687653662782 0.286382061267366 0.325900225702557
-0.254531267751263 -0.0234499157820011 0.190506751781007 -0.265493841161967
-0.247620893293887 -0.0744168078695203 0.155142896335272 -0.176275780694073
-0.183701814282124 -0.159779472405307 0.164792559016338 -0.124242802846404
-0.11485067232655 -0.190383153971205 0.118574059684287 -0.191155141615438
-0.0338319259499889 -0.23402148340077 0.11808997799188 -0.246611553772178
0.0491050482791179 -0.287383111839569 0.156064187521392 -0.344098742225949
0.0977439594819407 -0.329217096817259 0.177723008829033 -0.381626064287113
0.080615993897471 -0.365604916318272 0.0969366799887794 -0.393918710470979
-0.00105927367653852 -0.395761010403138 -0.0092093403616084 -0.276661193750359
-0.119944218787997 -0.387605329648313 -0.128267423606474 -0.0605644141772732
-0.261004065014882 -0.286692710011105 -0.133473410876979 0.151325500026631
-0.360064696056743 -0.143828303454923 -0.0158084620619613 0.274470701058812
-0.372197577503479 -0.0533468698980508 0.15700491180624 0.278826753586697
-0.369577645332816 0.0506287911398834 0.308339448029762 0.237551992659887
-0.347653174137499 0.0674176915749713 0.438672263117187 0.2838594434668
-0.128807137792022 -0.0264340217089845 0.288625743141055 -0.242307862991144
-0.11875476903123 -0.0453199724437213 0.183976306387688 -0.129818392624437
-0.0773846768759685 -0.0894993422932091 0.162284836213874 -0.07148672081549
-0.0438870973648923 -0.090858315694841 0.103626732141427 -0.142663423185887
-0.00740905812263654 -0.104154550178952 0.113272546233375 -0.200225048292616
0.029265002530868 -0.135847166430503 0.177501510279861 -0.331703732525877
0.0545127117328644 -0.16952792694903 0.219714179368595 -0.439584119975622
0.0351410913599533 -0.190565415685915 0.120698291170176 -0.504390084866529
-0.0186633074043616 -0.204947322742633 -0.0434955374440112 -0.387036903980031
-0.0936743243767449 -0.194086816099925 -0.187729661411146 -0.119213082797202
-0.161482516445981 -0.133409422464417 -0.170137146748077 0.148463613671903
-0.205299680050401 -0.0458427592650894 -0.0144896392815555 0.269918961528944
-0.208630699892526 -0.00405281202668052 0.2102302182682 0.245579693896181
-0.200297476349089 0.0596848437005161 0.392018356647643 0.193179160079611
-0.186285461844191 0.0548699727223044 0.534464909475472 0.243426349857909
-0.0173135897378596 -0.0192039759521237 -0.541567865810495 -0.168432579762197
0.00560728617228606 0.00868622336196137 -0.430527100341221 -0.104554496070452
-0.00878623097449068 -0.0121501746752172 -0.237817122904879 -0.16028330685914
0.00896518825872657 -0.0191253712871645 -0.026868315857544 -0.205054723586494
0.00912340436612584 -0.0314917006684472 0.132817946226315 -0.147200747730276
0.0214606177492317 -0.0180090528740879 0.163166735019889 0.0967088751853578
0.0221474194896209 -0.00737059170226226 0.0467654472522999 0.388389823060801
0.0227688377679902 -0.00784649935829271 -0.122899493323412 0.517876373509986
0.0125698989417142 -0.0102816464312927 -0.199070930520522 0.467564153125187
0.0118390081916132 -0.00243351808914768 -0.154910966067174 0.33051682168072
0.00667577423432213 0.00105760860356598 -0.0889653249882408 0.2041433482957
0.00374484501196287 0.00632903115379248 -0.0649822736783169 0.133614149008504
-0.00732361304955533 0.00325603222507238 -0.127057329305771 0.0724195372810408
0.0126943763596084 0.00205006153005054 -0.173112121785837 0.0736009359370284
-0.005488571249458 -0.0269776956592343 -0.298041261793382 0.24719046933658
-0.175880561373969 0.029963552909252 -0.519695231609644 -0.163292818105459
-0.169851041244189 0.061801152015842 -0.403811560665413 -0.112927596386328
-0.192204926205687 0.00619084331370536 -0.222867117317507 -0.170239433580334
-0.169708700908175 -0.056188338759169 -0.026836666448658 -0.219180269510362
-0.142372418917227 -0.146778774519354 0.126160356350504 -0.169622591602143
-0.0638367328033963 -0.207876665522371 0.163293938134977 0.0568416091468673
0.00662141873144821 -0.227873092948298 0.0637341811989106 0.341457931772568
0.0689018069568743 -0.209455155577663 -0.103501398254235 0.471704029631383
0.076973081173691 -0.173932465696113 -0.170628042962651 0.443549362303373
0.0661270455150137 -0.133934690134827 -0.137394196272925 0.339235321477325
0.0270866065452686 -0.0984623205157801 -0.0816113057493677 0.215729544935614
-0.0158026462101178 -0.0919920103420397 -0.06324218677345 0.14843991635801
-0.0611260520757913 -0.0935998012078574 -0.126927230801098 0.0917580642330634
-0.105621124853904 -0.0751013359435257 -0.170977834620967 0.0927250713113645
-0.156610024060905 -0.0560689353380587 -0.270081577895532 0.267046468010096
-0.307584846479399 0.0629737306214628 -0.434886915219384 -0.189647408353264
-0.323202146402612 0.0858620453942055 -0.327965394994331 -0.16117691528627
-0.352793756161793 -0.00360741054460589 -0.174610851195953 -0.206107024341803
-0.325773099716513 -0.110683191923848 -0.0199502180361157 -0.251515083853333
-0.261286690766406 -0.262217291976773 0.105863224024149 -0.210648487131683
-0.121208429668065 -0.374776777028253 0.139728377347573 -0.0226878728190421
0.00476966618831249 -0.409404493916384 0.0690880874032134 0.226151613719186
0.103987183988885 -0.380538724364721 -0.0711973587329266 0.350482415605019
0.119404719870339 -0.332969085622097 -0.113547768646166 0.375640294168881
0.0952645746832279 -0.289163945841879 -0.0979667269297037 0.337525521121056
0.0133089565455508 -0.237970282454351 -0.0660498212529629 0.240985932822368
-0.0838264488937864 -0.2183098495477 -0.0653993149671918 0.184917490039902
-0.156969491905562 -0.192569203701014 -0.125104716544863 0.13910069047609
-0.244469385843923 -0.131082014694436 -0.151475950680286 0.143995551567376
-0.300893700414357 -0.0637192365204576 -0.190553692432309 0.30265225143284
-0.387193376977862 0.0622323788287002 -0.296410270596863 -0.232296314781836
-0.424090187700832 0.058851149573841 -0.206107133354857 -0.21911608426774
-0.447771119310491 -0.0588975071064652 -0.0865376581513835 -0.243731688983056
-0.406379378065193 -0.188429280403326 0.00761563010911751 -0.286380905429651
-0.303081087396554 -0.363575418738259 0.0878509003195228 -0.258340798502656
-0.120496895602481 -0.486596712440823 0.110816715839579 -0.132002272338033
0.0288261308549676 -0.515893144796713 0.0728331548050675 0.0636084458183025
0.123964574520015 -0.490482411853306 -0.0302297652835033 0.17489162623582
0.123454533102021 -0.465059591144706 -0.0481906614948326 0.253673259514352
0.067882766455935 -0.445989447969753 -0.051457695777736 0.287881528630529
-0.0674946787057553 -0.386836020243241 -0.0475686636103579 0.245184017553178
-0.218636577108818 -0.326280405949917 -0.0585525273727848 0.229439858659593
-0.299171838566525 -0.250599974343821 -0.0949295222084072 0.207066462334446
-0.386122278733188 -0.136386186709731 -0.0870455589701745 0.211656060895928
-0.416731777364776 -0.0437341971585009 -0.0599433484747204 0.334363845051351
-0.400025183552536 0.0370993993692304 -0.126121345398325 -0.267156658330362
-0.440736475243759 -0.00181712225097032 -0.059071282329146 -0.247302681136496
-0.436908155153632 -0.136444343163668 0.0262130895524998 -0.246521204586877
-0.371378178281033 -0.256227651110985 0.0562356250155435 -0.293973120822751
-0.242429896685388 -0.406837585770282 0.0879990033004304 -0.291921320005341
-0.0611174657386505 -0.509242334594275 0.10017879497468 -0.242691313250987
0.0672773359383631 -0.528893232864113 0.0889506686128582 -0.113926139566389
0.125861371934333 -0.525835113451833 0.0140348189047896 -0.0267484425357356
0.090125717772221 -0.534440052344439 -0.00130844627035607 0.0837225931081001
-0.00886858108957787 -0.53757047805411 -0.0336165421407426 0.178999526683899
-0.190147251244885 -0.459196511328746 -0.0500960491113017 0.216618702614167
-0.367929698786402 -0.34229776203792 -0.0399253756380404 0.263472147524609
-0.426211945685846 -0.226690262960657 -0.0227796420165092 0.267805426060689
-0.477821707013677 -0.083986734849328 0.0322800998815419 0.262467498522068
-0.47129100853657 -0.000352345634986153 0.108701584997598 0.342334201169049
-0.351200776881654 0.00179969002025024 0.0430774728692716 -0.277795500676385
-0.369725721854574 -0.0566531585388972 0.0720190769934498 -0.227459223051875
-0.326977422045742 -0.181577167145785 0.120797462435469 -0.197224526457666
-0.247087344326264 -0.259250094048577 0.102718383219841 -0.256409917246698
-0.126856954838691 -0.355504076343377 0.104498415227443 -0.286967155626718
0.0119588694582768 -0.43070817789823 0.119934130191889 -0.319517234084614
0.0984815668000773 -0.458437301593957 0.126515455672334 -0.270543341688587
0.110104989127994 -0.482013931836512 0.057326498687924 -0.22492627368188
0.038815264306814 -0.509660525998456 0.0103372227705976 -0.107339928083191
-0.0898493110107763 -0.515068894910599 -0.0636524240016192 0.0473967730437472
-0.27480130278654 -0.414489832019299 -0.0838947928604758 0.176955101714086
-0.4272415763831 -0.260828364177163 -0.0225429713076424 0.276580916373429
-0.456948775070479 -0.139047883032673 0.0728611635164046 0.290714032317754
-0.471812320210551 -0.00434464788409451 0.178196143793231 0.268473634039049
-0.447353002847257 0.0459298782246397 0.287042600964469 0.321296041501186
-0.253068007173667 -0.0224148669529297 0.187333868707389 -0.264152756584782
-0.246821157807805 -0.0728071677120309 0.152259136913284 -0.176289974101085
-0.18380030152755 -0.15753844430601 0.163193884637255 -0.124753553398679
-0.115236561592686 -0.188429205170569 0.116326478008071 -0.191173601936569
-0.0347638596588763 -0.232457372858522 0.115681118697067 -0.246638702285881
0.0467671437906469 -0.286860317647456 0.152275352865284 -0.34373485367727
0.095387215078589 -0.32843272943846 0.175802035430528 -0.380327523131558
0.0791000991020053 -0.364925819121506 0.0938449393137361 -0.392329202493462
-0.00297045835750161 -0.394906912006098 -0.0107120525514768 -0.27603334337639
-0.121394968222159 -0.384322960554843 -0.127529795142332 -0.0602297505373471
-0.261592174788052 -0.284651722639647 -0.130982607684334 0.152212235397879
-0.359429132607564 -0.142276496234141 -0.0135925581800546 0.273613779322324
-0.371264899465098 -0.0502111815713515 0.159040983425637 0.275738253280301
-0.368254423240665 0.0530770832415375 0.308413286433022 0.234366793833432
-0.345799949765574 0.0691213520917994 0.439258191854123 0.278075123754657
-0.128622564918399 -0.0264124241032132 0.284939829404219 -0.241843193523422
-0.118093237695197 -0.0443964385071331 0.181425497736881 -0.130019561599474
-0.0776074438195056 -0.0885337632621473 0.160336350496633 -0.0725207823888611
-0.0440835142763136 -0.0902881801568684 0.100443890825869 -0.143199343584913
-0.00774897227512201 -0.103720919039493 0.111596105117863 -0.199966255680941
0.0283845075773282 -0.135409531866841 0.173774947504453 -0.331192076553346
0.0533267104377765 -0.169233822749417 0.21642043038315 -0.439572847021904
0.0343077181261825 -0.190157055190836 0.117987902856244 -0.503017629361346
-0.019959384675492 -0.204018912978277 -0.0447380253270122 -0.384695861829549
-0.094121960843437 -0.192708581464817 -0.186919634445635 -0.117751576631825
-0.162022621654373 -0.132082890869962 -0.167563774736068 0.149439020660515
-0.204666185396437 -0.0447931200180866 -0.0121144357304855 0.26840721482765
-0.207936903848953 -0.00276021578921139 0.211390246484162 0.24245155466375
-0.197929012895834 0.0607983340023179 0.392773743384334 0.189595796610656
-0.184529929165192 0.0558990589931715 0.534115599055087 0.236945578407451
-0.0177786172131905 -0.0189073594368515 -0.541898542855598 -0.163812517367036
0.00623390253690382 0.00775646857803246 -0.429386339067849 -0.0994338642837916
-0.00881735680916275 -0.0114605399774156 -0.237827467509632 -0.15830831006864
0.00861386030599992 -0.0196536024933286 -0.0276380542379506 -0.204020996368921
0.00886417116613965 -0.0314397782721608 0.130654876110665 -0.14721379189043
0.0215353523859998 -0.0177198036109254 0.162334656011557 0.0950714873539847
0.0222791142500597 -0.00784186878553777 0.0471162128609603 0.386538559649718
0.0226291303920047 -0.00762595296694442 -0.119686624851265 0.517422329189406
0.0125332001735647 -0.0107910375220511 -0.197113730313938 0.467012496113921
0.0119467122038914 -0.00292586382601596 -0.154453827997033 0.32920367087266
0.0064061003763857 0.000746400444847306 -0.0877342874756815 0.203898270985494
0.00358611022560141 0.00684029353784043 -0.0626101276259413 0.133251747648983
-0.00775762197743396 0.00315504340504531 -0.12496352864258 0.0727394258657492
0.0126032526144321 0.00188962287059987 -0.170908741077282 0.0741013668428051
-0.00581704225468387 -0.0273685152504359 -0.293271667774796 0.246148671026306
-0.175139773432993 0.0306177148164275 -0.519507115409126 -0.159464506889888
-0.168774945266959 0.0621281699180865 -0.40261785952422 -0.110508478360415
-0.191857353256911 0.00725318410612999 -0.222591082791128 -0.167993552739941
-0.169848651908933 -0.0556452433435432 -0.0278650027982639 -0.218365785859675
-0.142539979967131 -0.145872493355469 0.124751498208844 -0.170117390932323
-0.0644726776875294 -0.206683330098077 0.161859515689911 0.0560676082076011
0.00527229510295446 -0.227055492225212 0.0636930850883035 0.340249847515234
0.0680810699206302 -0.208781764877767 -0.101463562997084 0.469869516354729
0.0759003465604806 -0.173232092471117 -0.168255506305337 0.442578592118487
0.0653080447642951 -0.133134411441832 -0.135182744853461 0.338566994694469
0.0265564337130401 -0.0981963585931233 -0.0807182911070327 0.215414524614105
-0.0160674798401451 -0.0911775852579645 -0.0610372548410483 0.148667998489566
-0.0613002121967982 -0.0919978241729684 -0.124645015074702 0.0917725737737948
-0.104595402755056 -0.0738728331904266 -0.169366611201051 0.0925462731566858
-0.156186459417614 -0.055152222612984 -0.266905717044197 0.265357315177085
-0.305902137256701 0.0644185949447029 -0.433512972274711 -0.185989461352976
-0.322174041329762 0.0863373974488409 -0.327578351452683 -0.157869977185281
-0.352368634737497 -0.000774701912107849 -0.175603877357659 -0.204590051263969
-0.324343410901709 -0.108667681206977 -0.0210851600360562 -0.249890301948313
-0.2621850790799 -0.259613393163084 0.104357430338791 -0.210524845356702
-0.122404957519748 -0.372829090388332 0.137925259123304 -0.0235700180019424
0.00330044147725585 -0.407798685119343 0.0694327162838831 0.225740407504629
0.102540547131465 -0.378661751202308 -0.0698851231851107 0.349378858904115
0.117651241782987 -0.332329325297206 -0.112438479736888 0.373748961082604
0.0934078849039512 -0.288228523381123 -0.0947977903855009 0.336831058948637
0.0128308005544055 -0.237383815527062 -0.0652895542279763 0.241103432250898
-0.0835522152393023 -0.216271366575951 -0.0635374950609219 0.18471725181554
-0.157425734402509 -0.189458232830135 -0.122724790320896 0.138626070159159
-0.24287588781558 -0.129631736931964 -0.150191711836019 0.14352280056584
-0.299305234143389 -0.0632308985550361 -0.187060688601513 0.300659830658253
-0.384707008210685 0.0648354475061005 -0.295852566993586 -0.228524763488224
-0.421825827861481 0.0614429592497875 -0.206529382643039 -0.216749515972984
-0.447152760569339 -0.0570737874405165 -0.0877106062501003 -0.242107603964916
-0.405506109568935 -0.184928431641659 0.00606585590508838 -0.285003882405937
-0.302725239613847 -0.359550836594064 0.0862348485324749 -0.258490324133006
-0.122280389195613 -0.484828920696627 0.108035543487733 -0.13212376384358
0.0257268739790086 -0.513235810230942 0.0720259309005594 0.063164110945779
0.121668251557582 -0.489754739014759 -0.0301288641623736 0.174511564564535
0.121347146688994 -0.463639774003551 -0.047651954680588 0.252834283788521
0.0669107044442752 -0.444643399645575 -0.0494692656546439 0.287184234822121
-0.0675630069160885 -0.385349370619185 -0.0465457290209839 0.245211319429419
-0.221473647320038 -0.323085824628215 -0.0561673825478176 0.229120565953328
-0.298705641063447 -0.248513750842331 -0.0922843113317755 0.206143292860401
-0.384371904301323 -0.133984113148757 -0.0845515991612908 0.211478642915264
-0.413416871554992 -0.0421961541255669 -0.0571808264173327 0.332182205250626
-0.398667485156289 0.039265551337248 -0.127968778780442 -0.26551048876886
-0.438228178886457 0.000929274865855429 -0.0602194209322252 -0.245610165483444
-0.435037230176541 -0.13284510078257 0.0244679754324649 -0.245785669643118
-0.371209699848614 -0.253199509021388 0.0545603142114366 -0.293509519490406
-0.242825090204794 -0.404415598019042 0.0860180260505832 -0.291759371002187
-0.0626020535408805 -0.507114889488148 0.0983658143266334 -0.242735429018555
0.0655758448454145 -0.527645108797521 0.0884636148282675 -0.113595273726833
0.123556396952484 -0.524519136874716 0.0137509970724553 -0.0262934991601839
0.0874841555604477 -0.531817187040955 -0.00113225242129393 0.0828319166200612
-0.0110427770261694 -0.535403008484988 -0.0320278807407866 0.178525970087216
-0.192521575174176 -0.457055446686882 -0.0486349816410756 0.216879602643115
-0.366318474711707 -0.339668849049926 -0.0379449451374502 0.262591612916493
-0.424579231829055 -0.222437604579357 -0.0207184440017577 0.265640091304837
-0.474453448814372 -0.0815014788398288 0.0334077046405745 0.260669391375302
-0.468977822207769 0.00131794607448607 0.110275443119947 0.338833441291105
-0.349724558942004 0.00371213810835621 0.0417295083614348 -0.275905733108052
-0.369254425572768 -0.0532282498110657 0.0707774082738834 -0.225473702103657
-0.325588820596271 -0.178319521757093 0.119333699526913 -0.197011819438027
-0.246367888607654 -0.257798433470057 0.100289526022099 -0.255033303132134
-0.127680843987146 -0.353747497915579 0.101641478715245 -0.286678469752583
0.0108064232218561 -0.428373315752391 0.117427864785339 -0.319125195787326
0.0959192692631231 -0.456728572279252 0.125015550600413 -0.269124271525526
0.108120372672833 -0.480477633916567 0.0564567328801575 -0.223702101375417
0.0365755902516544 -0.509466936302811 0.0101894217989583 -0.107043601861956
-0.0909211297296041 -0.512669992270641 -0.0624107799822692 0.047412823310029
-0.274843840407128 -0.411815058367211 -0.0826111675767578 0.17778581628795
-0.425443818218154 -0.257354715385468 -0.0207871968042379 0.274963976486468
-0.456390275151054 -0.136973671695238 0.074978994834404 0.28864683005207
-0.469814091166782 -0.00169443273694043 0.177991593387097 0.266193794642542
-0.444603492904132 0.0471018122441894 0.28809628779083 0.316624126561765
-0.252273593166396 -0.0212485197023804 0.183331116258004 -0.263264227809821
-0.245711931288468 -0.0708640388505702 0.150475601157249 -0.174719276767548
-0.183289030411954 -0.155475678037027 0.161692357141852 -0.125292972275814
-0.115348914939615 -0.186984107203521 0.114178020673033 -0.191062962150358
-0.0350972807960646 -0.231716005091696 0.113514550330486 -0.245505607468237
0.0457362843707455 -0.285641794899267 0.148307233870489 -0.342231840253474
0.0940090330163792 -0.327811680693476 0.172788248116914 -0.380416990338888
0.0769129151164352 -0.363286324899106 0.0923759004672411 -0.391417474869405
-0.00424190578028495 -0.393904294129541 -0.0113830431558532 -0.274873034266639
-0.123381840337801 -0.382026978611828 -0.125964574522255 -0.0595011627906568
-0.261844747771831 -0.282346336787551 -0.129240231761101 0.1529172076041
-0.359231806425661 -0.139658355559971 -0.0112386564470905 0.273282424746132
-0.369069447337612 -0.0480761945623645 0.160824034175157 0.273235304277414
-0.36480396372454 0.0542374390955215 0.308363550290686 0.230704880127423
-0.342572076109426 0.0691763272685244 0.437314290532927 0.273661359821663
-0.128768368766882 -0.0257255648659811 0.280916824581938 -0.242309755092984
-0.116768244150832 -0.043156605536319 0.179205129863453 -0.129473512710565
-0.077406693556452 -0.0875882145654362 0.15861671253703 -0.0730790971928543
-0.0435191890901253 -0.0889997889877698 0.0994832064401008 -0.1428030837338
-0.00807979933176271 -0.102684535998626 0.110511358517359 -0.199380624957477
0.0270845229404135 -0.134948790755002 0.171071393215125 -0.330702636065558
0.0526388883716714 -0.168644682384361 0.214481423177096 -0.437527821457444
0.0336572629808134 -0.189361112239534 0.11448396770135 -0.500805923195973
-0.0202777799443974 -0.202973808951748 -0.0457192971138511 -0.385042833029231
-0.0948924741406754 -0.191343932157145 -0.185757776279691 -0.116916241524172
-0.161192803068915 -0.131483534610929 -0.165400645529 0.150392924097566
-0.203590777550122 -0.0434325308295705 -0.0102215517700496 0.267295684412219
-0.207305145792477 -0.00164201365184595 0.212686494637868 0.239649550159545
-0.196898448107993 0.0618118661649426 0.392650385284406 0.186570604484476
-0.183456221556878 0.0557999205331637 0.533861207103623 0.23310892985373
-0.0182054641673393 -0.0183660209495291 -0.542018509449372 -0.158110641153791
0.00633037263470998 0.00736218696986608 -0.428451491137644 -0.0961869814626448
-0.00907155208903829 -0.0110492472259404 -0.237945340203573 -0.155883641665882
0.00818304179459138 -0.0195724031837573 -0.0291356359464051 -0.20283535468228
0.00840542474508194 -0.0314793460685494 0.129019082613009 -0.147358290486705
0.0214483303753596 -0.0174756746179744 0.161146066118749 0.094254196577828
0.0220912827488712 -0.00741993773201679 0.0488016292407664 0.38568567241954
0.0226685463466255 -0.00777995703226557 -0.117543344808877 0.514763830302853
0.012367836718643 -0.0102701953135361 -0.193668985922019 0.464948032043394
0.0115394716125675 -0.00252538270548816 -0.150730017887849 0.329260145223031
0.00658696601687486 0.00073593273704298 -0.0862161808170667 0.203399388033901
0.00362981352386453 0.00683405239611539 -0.0607382706668852 0.133128641499121
-0.00746981170801243 0.00338493788149996 -0.123283897946751 0.0731730031123691
0.0132499736910514 0.00150830690142255 -0.168798518845219 0.0733071789641503
-0.00552131336333303 -0.0271773657323791 -0.288902337838455 0.245354490038228
-0.174565896214891 0.0316708071062085 -0.519609945856174 -0.155020239547021
-0.16713086328748 0.0618080120698263 -0.401057947692679 -0.10647947577604
-0.191019284554637 0.00860258108467701 -0.223050870975332 -0.165528434224135
-0.169770650373121 -0.05498836156398 -0.0287823778255496 -0.216803664750199
-0.142202941513839 -0.144440085361028 0.122164471681047 -0.170315224465679
-0.0647547342357591 -0.205998088433595 0.160685464691795 0.0546640738824812
0.00504126705557201 -0.22622620993378 0.0646140241500898 0.339300124104871
0.066943862115789 -0.207553089084283 -0.0994475769497733 0.469140530664835
0.0749527567708777 -0.173488971386162 -0.166455103415814 0.44205367244471
0.0641634669441393 -0.132960012487035 -0.132579136155117 0.337534510305834
0.0265325872345402 -0.0975751163316276 -0.0787811814464646 0.214966806453167
-0.0161546157789609 -0.0897657082980316 -0.059723213824373 0.148573703730096
-0.060862927318015 -0.0906010580386853 -0.122623886190487 0.0915375787522657
-0.103813547851426 -0.0733812122869207 -0.167132443217387 0.0927640370130337
-0.155313765259036 -0.0546752635729813 -0.2622741623622 0.265936839131986
-0.304364972060215 0.0656276162304296 -0.434062239203083 -0.182822856176927
-0.318948812725163 0.0875158356970598 -0.326557448967338 -0.155064654454115
-0.35033265352722 -0.000131670549712781 -0.176210175537995 -0.202384615657854
-0.323745481967942 -0.106739472531042 -0.0223848740665855 -0.249678159238492
-0.262019145822374 -0.258471576454269 0.10218519148256 -0.210736922296631
-0.123476631224375 -0.370768571515321 0.136086369361346 -0.0246104442722806
0.00187221921295007 -0.405445454174216 0.0696706038914767 0.224598593086097
0.101021472565382 -0.377511734371552 -0.0693804125429594 0.348780409349727
0.116350009713213 -0.330981950025722 -0.110445800399397 0.372184892963275
0.0912646245671807 -0.28779020264448 -0.0934880589863154 0.33572821021379
0.0121357203042464 -0.236356164013305 -0.0632127577296794 0.240486143144898
-0.0843957060935982 -0.214141724432918 -0.0612386336558925 0.184334854246794
-0.157371569846066 -0.187397029109332 -0.120476132089603 0.138688384571111
-0.241013659727551 -0.127321463294883 -0.147622334177399 0.142901044419427
-0.298601678722627 -0.0619084405027643 -0.183305600165042 0.299897589010202
-0.382533252244094 0.0662056790941206 -0.295928934496856 -0.225327232697644
-0.419057946870822 0.0634284417186757 -0.206584263666031 -0.213245601081997
-0.445284412667428 -0.0535850440105293 -0.0885606534060886 -0.240937793939499
-0.404829964102154 -0.183406151194479 0.00393638215161429 -0.283354608850731
-0.302289888018874 -0.358296710364766 0.0836348570674442 -0.257717134407924
-0.123197394719694 -0.482085582305758 0.105869016173214 -0.132313404657424
0.0255388232633976 -0.510945978756414 0.0718446197665024 0.0629232276910527
0.120330687161925 -0.487351302365804 -0.030110777211326 0.174106852673402
0.120218975090917 -0.461923938853548 -0.0475279741457956 0.250810288896251
0.0637301135951037 -0.442643601474412 -0.0479023018806613 0.28595345550628
-0.0702592678433643 -0.383147280350703 -0.0451899862551209 0.245149177425208
-0.220563648822234 -0.321058588096398 -0.054247809752664 0.228743466212783
-0.299356674038905 -0.246054150196801 -0.0897758858214713 0.205189502434499
-0.381715719241395 -0.132351461050944 -0.0830935997454192 0.209565528740241
-0.412323660186265 -0.0392862779983858 -0.0542659045600844 0.330033119658254
-0.397055058552387 0.0410526310591768 -0.128439297364238 -0.262070960794209
-0.434955417913664 0.00205998419651574 -0.0611111906289054 -0.242861817540458
-0.434640567350511 -0.130011265024677 0.0226026490573636 -0.245013236257707
-0.369710996034168 -0.250989746429041 0.0520731239918521 -0.291660042010708
-0.242913338266743 -0.401071897378378 0.0832377896536148 -0.291247343688733
-0.0644215505533529 -0.504156391284561 0.0956000044992145 -0.242456410412808
0.0636282004551307 -0.525157811577576 0.0876478297001746 -0.11327626581856
0.120801518319375 -0.521784342373274 0.0136315816175242 -0.0263060050761468
0.0849866419066709 -0.529528421345476 -0.000789785314254389 0.0817872166800813
-0.0135333422288287 -0.53227380933118 -0.0301028447269798 0.177612540761848
-0.192357792961609 -0.454164736324565 -0.0478094106215292 0.216912287131603
-0.366775606852634 -0.336068126175881 -0.0360748929084847 0.261811393330362
-0.424026432195626 -0.21962457122613 -0.0183585021288899 0.264048309511596
-0.472330442257602 -0.0792556219506109 0.0347183597508284 0.259518342151392
-0.46531036470308 0.0031616406175596 0.112699145798067 0.335820454030778
-0.347730849939581 0.00593169818795559 0.0396855757556469 -0.274448283100415
-0.367357773980025 -0.0521865200858324 0.0682955867530318 -0.224168224301253
-0.324580107406719 -0.175606822046652 0.117365037024068 -0.196455523521299
-0.245214180229948 -0.25437704906673 0.0981101925617576 -0.254285057745519
-0.127017456642712 -0.351362897239846 0.100432326351972 -0.286406991256836
0.009385353139955 -0.427147090482417 0.114363585940089 -0.318434460966379
0.0939712957137971 -0.456705468003639 0.123033827531028 -0.267873117467664
0.106956318917666 -0.479024538188157 0.0552858564618736 -0.222854351445714
0.0346977065848342 -0.507533477153844 0.00917872070231062 -0.106853710279535
-0.0917779872867402 -0.510159199967996 -0.0616681386612892 0.0469011498576105
-0.275675572256101 -0.409752498056039 -0.0804724471597393 0.177708990093018
-0.425439913229623 -0.253296634557542 -0.0187604580190403 0.274250380315084
-0.453619571149095 -0.133395840901112 0.0774015546637767 0.286581435745686
-0.466046364523593 -0.000692860634970515 0.179274092486276 0.263852713050648
-0.441508673322788 0.0495511523748813 0.287702262427008 0.31214755091153
-0.251903832008396 -0.0204540404358654 0.180232415205431 -0.261297784191817
-0.243615282680482 -0.0698400507648015 0.147828378380398 -0.174308829827545
-0.182743318254936 -0.153378938851752 0.159338016144434 -0.125501495485219
-0.115030333622913 -0.185856957845484 0.111905186182732 -0.190911899200872
-0.036056031620379 -0.229996402183717 0.111571518175032 -0.244957599430272
0.0437235782567757 -0.285021551887651 0.146926399759941 -0.342223332172856
0.0926072411360196 -0.325695828586616 0.17102709547852 -0.377939460773231
0.0763285911416134 -0.361646870041114 0.0914533650574335 -0.389247444098264
-0.00541754681306828 -0.390887685356162 -0.0122286451355772 -0.274205532912298
-0.123945677812918 -0.381338182658377 -0.125065772600535 -0.0587851506094747
-0.261325831754973 -0.280254779926576 -0.127651958207898 0.15324058625535
-0.357797508461167 -0.136541855122229 -0.00978939252524349 0.272194094943846
-0.368768356973455 -0.0456304371000595 0.162620415240914 0.270341476154018
-0.363872448600634 0.0556590942006995 0.308116069090476 0.228417558343634
-0.341022254911107 0.0709341015402216 0.43836135478554 0.269436661243054
-0.128627079550018 -0.0250214795621304 0.278185139447751 -0.241264203616709
-0.116715987926274 -0.0428604376060605 0.176597275369467 -0.12891658508889
-0.0780456850611536 -0.0862438321849308 0.15714019598834 -0.0741898941542947
-0.0433240829562793 -0.0885451471540349 0.0972854540245917 -0.142578572484938
-0.00860111714157365 -0.101948367437824 0.10794366561865 -0.198737085220302
0.025671109569553 -0.134245915489608 0.167927034307251 -0.330098402066661
0.0519437339209893 -0.168234750775826 0.211482695795874 -0.436173250506921
0.0332360095755479 -0.189231933577779 0.114668629396231 -0.498861342285809
-0.020431745144136 -0.202449234059645 -0.0454346797419223 -0.383456234822822
-0.0955327575974596 -0.191012747028977 -0.185160725232732 -0.116832747811871
-0.161158245303904 -0.129994227823799 -0.163294934239569 0.150077998464638
-0.202644105496764 -0.042848453553854 -0.00841524336152724 0.266838747495143
-0.206407234227556 0.000267879573329695 0.213389386390826 0.237344971222639
-0.195184659927881 0.0618828125564623 0.391089217306043 0.181937374274207
-0.182247005905357 0.0561262159048495 0.533920088862334 0.228484646392172
-0.0181655520552931 -0.0181702648044167 -0.539778543564831 -0.154171843912878
0.006653503331333 0.00679158785963133 -0.426764004721044 -0.0928449434679797
-0.00906587471083099 -0.0108341410765684 -0.237213568024698 -0.153651719209183
0.00808125484132286 -0.0192008551340565 -0.0294596662408708 -0.201246140712413
0.00810944155672456 -0.0314877858712504 0.127685416907871 -0.147585647226889
0.0213341069780014 -0.0171210593576364 0.159411336979662 0.092808059396136
0.0221469919046237 -0.00793768272894881 0.0489255236423082 0.382855236128661
0.0221816281011916 -0.00809767796370686 -0.11636196992282 0.513830768764646
0.0127330314070705 -0.010229057548642 -0.191174596885525 0.461942832879405
0.011180290243102 -0.00306358939346482 -0.148969296144517 0.328773088799341
0.00649984695374397 0.000827828783529451 -0.0842898192142306 0.202459431311008
0.00361656794614923 0.00707465936223605 -0.0592919784570587 0.132938777362727
-0.00743608262615089 0.00413578177497613 -0.120680711199626 0.0734837106637549
0.0133613417578107 0.000989485938537565 -0.166219538301577 0.0730752696659322
-0.0061542705671724 -0.0278670784301245 -0.285136599375771 0.244210073069612
-0.174036498044626 0.0317225386304792 -0.516898266935026 -0.151811886695977
-0.165630474230073 0.0620391622056496 -0.399477552737212 -0.103159296433044
-0.190264324565073 0.00907954818463185 -0.223404107805201 -0.163718230702011
-0.169220938909717 -0.053979307748801 -0.0300984790834209 -0.215186915532963
-0.14253547826439 -0.143494648170929 0.121396750376704 -0.170116262415478
-0.0652561057777041 -0.205307418480715 0.158808497505039 0.0541507986202247
0.00491819572577447 -0.225451338748656 0.0650273848036247 0.337952659319838
0.0661339545998644 -0.206986814281511 -0.0989999614599424 0.466277600688737
0.0742906020367907 -0.172900942523157 -0.164351219011073 0.438321245307508
0.0634466828835735 -0.132389853811056 -0.130580796317584 0.336076932223009
0.0262571281570538 -0.0970025316930485 -0.0776718883237608 0.214529287203744
-0.0159034397458142 -0.0890904576829664 -0.0581105826451137 0.14798035454027
-0.0610298477048825 -0.0894954266306716 -0.121169090468262 0.0920456075774725
-0.103077794335682 -0.0734394144005877 -0.164979978353132 0.0923861419936517
-0.15528854738649 -0.0536503371985278 -0.258759971951271 0.263724320314453
-0.303090785736279 0.0667351563354202 -0.431772855030604 -0.178488070766595
-0.316410486236666 0.0891142954918803 -0.325915682190514 -0.152200161512887
-0.349188284683682 0.0022317277579446 -0.176109556030314 -0.200255705391033
-0.32351763155463 -0.105493502530376 -0.0232032011345096 -0.247787204412752
-0.261309605869831 -0.256091501083857 0.100515702193262 -0.209946001797421
-0.123595475969178 -0.369238737362996 0.133890208066266 -0.0251113811714207
0.000260922878099147 -0.404493993468211 0.0696873534055262 0.223597732324767
0.0999121027293239 -0.375310058256339 -0.0680090012457955 0.347046808787239
0.114514823662804 -0.330227590112369 -0.109807326153529 0.370176793446228
0.0898934180648079 -0.28602098916692 -0.0910224377809079 0.333871972308861
0.0123724441224016 -0.234569862507967 -0.0627601634712573 0.239759033843637
-0.0842665644979578 -0.212272580832401 -0.0592444709741145 0.184303312019347
-0.156656938321287 -0.185474209939528 -0.117930122589981 0.138169369018958
-0.24024317400165 -0.126215245107734 -0.145446947040321 0.142554792756252
-0.296588071184782 -0.0608137074297116 -0.179983191244021 0.297923493880262
-0.38072125803042 0.0671259195684405 -0.29620040131547 -0.22184127348424
-0.416415505895449 0.0638561701265982 -0.206353914838029 -0.21049988027727
-0.443460565361667 -0.0525918051184037 -0.0892706352631513 -0.239420602576708
-0.402077459170233 -0.179904975171327 0.0025888770374071 -0.28292327532775
-0.301523833515662 -0.355462518884752 0.081252974735518 -0.257441981996103
-0.123440611254929 -0.480407548839912 0.103475413147444 -0.133195650632789
0.0237908853881535 -0.509037959082606 0.0719000986952009 0.0627896917114952
0.118063088862855 -0.485027203567919 -0.02958545061974 0.173690167951615
0.118268236472294 -0.459498967269387 -0.04615373557893 0.249706693743799
0.0621762593733902 -0.441560047850996 -0.0464233401778658 0.284344517630775
-0.069512040126071 -0.380443564705025 -0.0442992078450407 0.24555389262254
-0.220446821744638 -0.31806428869504 -0.0521088663219468 0.227742426319945
-0.298591156826437 -0.242581313220818 -0.0877033041091301 0.204163751534961
-0.37931300443549 -0.130192793959223 -0.0816714333760105 0.209521998365324
-0.409198757113481 -0.0390238281893312 -0.0509400637508747 0.327366965840997
-0.394641662951687 0.0411465164363274 -0.129660851252595 -0.258883864338162
-0.432586440176704 0.00401934736449969 -0.0615116649334917 -0.240379259734543
-0.431881067305583 -0.127765929335881 0.021359252011535 -0.244070374038755
-0.36832099350439 -0.247716955147862 0.0502474144607997 -0.290814518920944
-0.241591425989489 -0.398667157490926 0.0821380653932247 -0.290657969551263
-0.0669508222207603 -0.502195632763187 0.0934936778013123 -0.242072346501838
0.0625942851266651 -0.523615997107087 0.0863477711809297 -0.112447469855699
0.11985191157776 -0.520280690737597 0.0129132666048521 -0.025781314641632
0.08467923846913 -0.527575881525269 -0.0014053464457954 0.0805379440968825
-0.0144706240045649 -0.530316510422414 -0.0292118710167466 0.176941178955273
-0.192027480501487 -0.452997780164391 -0.0466165923833527 0.216878703837985
-0.366341928159491 -0.33292094980719 -0.0345224630189638 0.260525760007176
-0.423189968104578 -0.217237810227583 -0.0159172465142576 0.262770509832659
-0.470033726299178 -0.0772097125728831 0.0355354484933918 0.257713210990271
-0.462788850068772 0.00528531675278033 0.11459399557895 0.332349145721856
-0.345936112630314 0.00632667865033117 0.0368546444027758 -0.271851560086635
-0.364622720791841 -0.0504465603916829 0.0662459410386183 -0.222546370894746
-0.323182787788373 -0.172847208401897 0.116064918127133 -0.196877390664901
-0.244502726844075 -0.252972896049904 0.0961934547582923 -0.253792523721786
-0.128563754634361 -0.350156381490967 0.0978894413890387 -0.285482314285736
0.00696327024798973 -0.425603588164163 0.112714251872835 -0.317869151212566
0.0924364824523769 -0.45344716188931 0.121965252453123 -0.267722713360301
0.105942594341022 -0.476032350099017 0.0543226495976582 -0.22120800395968
0.0338945557134768 -0.504655260209938 0.00870577196949019 -0.107095422807378
-0.0934166356495691 -0.508229931986643 -0.0607681104809977 0.0464307005271689
-0.274998307475468 -0.406995242000028 -0.0793258387481838 0.177857393764348
-0.42446299886907 -0.250511166434183 -0.0169152828164801 0.273489796162124
-0.451787422983565 -0.130701393129738 0.0791158643997867 0.283966414932543
-0.463778248077198 0.0017183683472948 0.180067258756425 0.261444946290057
-0.439075453983001 0.0496911815126984 0.288998884179345 0.308441858495466
-0.250097732390407 -0.0201834215165622 0.177443157163158 -0.260255363717199
-0.242894732633764 -0.0684406472192047 0.145288328769371 -0.172824185550996
-0.182156564386526 -0.151650180718377 0.157249683942905 -0.126037250012081
-0.114000865219646 -0.184085460220988 0.109948576750478 -0.189653115532717
-0.0364231800486838 -0.228622228922517 0.109969311702086 -0.244255661031234
0.0427929553486602 -0.283812400233561 0.143520868592008 -0.34093201758668
0.0911982487747267 -0.324413868099136 0.169964903708891 -0.377109338816141
0.0763317028693785 -0.360363202676498 0.0898394471574083 -0.387078976945297
-0.00666742598481645 -0.388694675400524 -0.0128589821308821 -0.273029718155835
-0.124924611489718 -0.379436628126174 -0.124169880537943 -0.0589762419771337
-0.261790217539843 -0.278992886325776 -0.125462240812716 0.153564737171512
-0.356420849868244 -0.135176635931059 -0.00805412046787325 0.271207771415089
-0.367269838254806 -0.0441400598529186 0.164069943830093 0.267838112517995
-0.360942197568698 0.0575239133073892 0.308105517924935 0.22635835324723
-0.339302902678265 0.071054281952406 0.43687245190757 0.265306242470648
-0.128366207441944 -0.0249610287137782 0.274590609468885 -0.240710507432418
-0.115481641353668 -0.0422611272001708 0.174164596771084 -0.127395047137439
-0.0771285713765519 -0.0848110062279432 0.155661151295256 -0.0740379415479011
-0.0437563214210508 -0.0875359075641182 0.0956345833387893 -0.142206041481859
-0.00875830545753309 -0.101568517760629 0.10631582221444 -0.198065520604961
0.0252739691875731 -0.134282108782131 0.165679030053709 -0.327871371471327
0.0512373316314296 -0.167370207042606 0.21012847169515 -0.435125909862134
0.0330336898637268 -0.188566340055501 0.113011734753541 -0.49722017855114
-0.0210394986952472 -0.201346091995825 -0.0459043134456411 -0.381907283757001
-0.0952057544353556 -0.188856364880399 -0.18346986510932 -0.116327471225897
-0.160955430075163 -0.128812125279658 -0.161178127071107 0.149675941273453
-0.202002559700393 -0.0418260571368082 -0.00699379939451419 0.26578475851657
-0.205296445505708 0.00089718705008573 0.214034592717496 0.234351584043259
-0.193591744977679 0.0623027470030921 0.390714010626516 0.179006647162885
-0.18089880464111 0.0559874892601523 0.532543937037455 0.224871057364511
-0.0178693120629288 -0.0180466327667636 -0.539011922041605 -0.150973071718193
0.00683405202456587 0.00608592018821252 -0.426542821119034 -0.0904763803797988
-0.00931179939502229 -0.0107802717170983 -0.237191655626799 -0.152118852176909
0.00753273842956744 -0.019228650132432 -0.0301449698451544 -0.200521423181353
0.00768634205735847 -0.0315788933713489 0.125956451562645 -0.146763635918128
0.020944857337674 -0.0175143686140991 0.158077552189408 0.0923856360182968
0.0220919031769986 -0.0078046332570575 0.0493212017045477 0.381976191087515
0.0218813456112909 -0.00790281871019763 -0.113978125305734 0.510573835439933
0.0119467617894916 -0.0105437014807882 -0.191145775824503 0.46180872405442
0.0109960576038967 -0.00290031287097872 -0.146607651308042 0.326904417710746
0.00654181536079056 0.000239099845184125 -0.0842530335055403 0.202284878398423
0.0034544281691682 0.00684855814460604 -0.0572254806255148 0.132614454558515
-0.00720836116326384 0.00467591060446978 -0.119376029236388 0.0735992128902429
0.0135774865509075 0.000854214740985331 -0.164052364771593 0.0723192772996566
-0.00635401417623765 -0.0280793555280279 -0.281275515164196 0.243393029807708
-0.173661367948858 0.0331193874442394 -0.515291568185729 -0.147531259982357
-0.165148129996826 0.0618091657733933 -0.398452793170912 -0.101059949992867
-0.189533040426206 0.00984441817243826 -0.222423203822942 -0.161945372556957
-0.16893784718974 -0.0535645378908056 -0.0305704226212651 -0.214579684811859
-0.141922788249108 -0.1429273476239 0.120094634934357 -0.16967057000728
-0.0649057661260433 -0.204108689541844 0.156931460482449 0.0532387505048853
0.00347561342864206 -0.223915245994495 0.0652853219213713 0.33655039608351
0.0656805472244159 -0.206351344387506 -0.0968139058078208 0.466213526215932
0.0739651453327842 -0.172210941993173 -0.163424542342723 0.43788918105591
0.0629163146999423 -0.131958178150071 -0.129002647181051 0.335383077024283
0.0263837396785114 -0.0966543610229427 -0.0771915142312662 0.213300797497599
-0.0165230759348939 -0.0884317302205519 -0.0566963153561905 0.147570987681361
-0.0606664525640174 -0.0884389564006065 -0.11923985275404 0.0918662230387519
-0.102005131219511 -0.0725613293237248 -0.162923730392851 0.0915899474211926
-0.154282042820154 -0.0537215827138583 -0.254934260373087 0.261889426936907
-0.301342635450968 0.0668167636325402 -0.431473999520875 -0.176350919836059
-0.314979856547855 0.0881672614681426 -0.324247909313225 -0.149182933206785
-0.346987381157653 0.00247794543133042 -0.17655993556294 -0.199258906766445
-0.321511204509611 -0.103833743827 -0.0243338568094337 -0.245895159421813
-0.261043169711771 -0.25498542867667 0.0980238866733435 -0.209546806412564
-0.12441451695238 -0.368215217892363 0.132238036684572 -0.0257189720955582
-0.000415507182117285 -0.402777547231905 0.0691698567597906 0.222773954490193
0.0993468051801447 -0.374475924397404 -0.067304296010257 0.34588851098236
0.113517102534176 -0.327918474892661 -0.108624689317384 0.368468071918394
0.0892617068530335 -0.285036665520924 -0.0892910010065418 0.333044774459308
0.0119697968536577 -0.233861182838549 -0.0616744172586829 0.240186520170529
-0.083847392706747 -0.210626526469094 -0.0582287093773311 0.183926581644688
-0.156502199520657 -0.183761142032296 -0.11616840070436 0.137670551430963
-0.239018364740799 -0.125821277557599 -0.143581550382067 0.142109134132769
-0.295609048670199 -0.0604369908173237 -0.17692508227727 0.296213099458193
-0.378946718493802 0.0679564931279152 -0.295397368066145 -0.218733165887108
-0.413956682086211 0.0648865147506789 -0.206747050004187 -0.20809852065422
-0.441249445284919 -0.0500477323791836 -0.0904059602915677 -0.238020789586411
-0.401810826778158 -0.179229970623494 0.000688527111213619 -0.281071585134967
-0.300922671152825 -0.353797983804037 0.0799517411021232 -0.256746233956968
-0.124293962838849 -0.478165756504913 0.101573328669334 -0.132687230992449
0.0228235305366899 -0.506973775503915 0.0715766129530247 0.0626649683950556
0.117632147477971 -0.484044055823541 -0.0298322400790605 0.173318661745345
0.115974568935365 -0.457506735228552 -0.046094766317596 0.248065916284798
0.0610602305047738 -0.439166550141658 -0.0449988805604167 0.283111484820513
-0.0701990742150892 -0.379763422363482 -0.0429922650502851 0.245323417367096
-0.219970417066303 -0.314986553890805 -0.0502660056970903 0.227147641364602
-0.2972614315583 -0.239094542382246 -0.0860176576136899 0.203172195671041
-0.377945075906243 -0.128568031696667 -0.0800013630087927 0.20810888467917
-0.406993301034159 -0.0371291603673263 -0.0494973825992573 0.325040250869831
-0.39230909068969 0.0433690237518687 -0.129733170143511 -0.257307241955921
-0.429926780416361 0.00570920971435668 -0.0622005190100891 -0.238626836073598
-0.430115511593645 -0.126065471624 0.019635028656627 -0.242896945509992
-0.366909616575967 -0.24780447409387 0.0490122156374744 -0.289711914237684
-0.242368559017053 -0.397028418165957 0.0799707079611893 -0.289455789065569
-0.0662116098054108 -0.501504794065091 0.0909280167055569 -0.242028873509741
0.0608348808139721 -0.521231908595435 0.0860987782000708 -0.111776407299502
0.119670582861165 -0.517869691115953 0.0124269664408213 -0.0253723342162209
0.0828058583303743 -0.525433172799886 -0.00147689778022523 0.0799321781531644
-0.0154205296909199 -0.52898690567366 -0.0281901415521248 0.175834094141001
-0.191572107385187 -0.450171303535431 -0.0445022352516481 0.217131155980625
-0.365037974014696 -0.329020824058066 -0.0331061386133066 0.25962789986493
-0.422514689787341 -0.214064819198829 -0.0139356819465572 0.260937434980478
-0.466143905832297 -0.0759824522430928 0.0361600515046697 0.256606622170648
-0.458390532101751 0.00556824226901949 0.114855621154254 0.32978941039854
-0.344550814321238 0.00739239972332318 0.0353097875049853 -0.270512855537275
-0.361589062168455 -0.0505029876747345 0.0652541813085182 -0.220277537856286
-0.321796290416029 -0.171272644365042 0.114515167427723 -0.195871973496335
-0.243340736619771 -0.252073708878904 0.0944909430824457 -0.252021977542891
-0.127221434111443 -0.348639138273295 0.096433559783094 -0.285102582149368
0.0055515766191233 -0.423478942897034 0.109601150273487 -0.317071631283796
0.0916421363691993 -0.451662625730001 0.120589083508902 -0.266209230790704
0.103810545405669 -0.47493632784452 0.0539347462352698 -0.220259046482455
0.033288031893976 -0.502275601330736 0.00855320930402893 -0.107675496783652
-0.093991006143367 -0.505724402155868 -0.0597580858005292 0.0466364261603208
-0.274673442278954 -0.404465899329521 -0.078260337896633 0.177952142741521
-0.422552332696989 -0.248474719827732 -0.0158306966721631 0.271799815446161
-0.450889071181328 -0.127630558648658 0.0804734242416036 0.281766553495463
-0.462431888753913 0.00148780682186608 0.17955160934442 0.259555744251025
-0.436963690695381 0.0508174032759188 0.288980056777627 0.305213043563286
-0.249527885420319 -0.0192249673294934 0.175034717177494 -0.258589576261792
-0.241851892682443 -0.0673891614137554 0.143600188089649 -0.171158091744498
-0.181214702780301 -0.149944068872963 0.155955115529781 -0.125883929327304
-0.113435211610864 -0.182913856876615 0.108178380069233 -0.188963078920961
-0.0368689053364158 -0.227264634991913 0.108579348150342 -0.244064112944611
0.0414931740207035 -0.282596949999081 0.14008883894299 -0.34007179802845
0.0909051291144034 -0.3239331189547 0.168305842582661 -0.375387070255114
0.0753373007057736 -0.359681973018706 0.0890961057748962 -0.385145620775097
-0.00618685006241057 -0.38710644261696 -0.012106533838465 -0.272469268497536
-0.124508019656144 -0.377797536079054 -0.123174632366027 -0.059419139310076
-0.260559160857605 -0.276473577466636 -0.124475072139935 0.153516044056881
-0.355560136045424 -0.134077650937622 -0.00695662024021934 0.27007305518917
-0.364812670583985 -0.0430257953601607 0.163924051183023 0.265474852635507
-0.35902904254299 0.0569922671687232 0.307233710359053 0.223255388873002
-0.336552547496899 0.0714558877459303 0.437338171656457 0.262159460621466
-0.128088937933061 -0.0248110259782033 0.271509148656399 -0.238982558248115
-0.114918313278658 -0.041845784886983 0.172734677420515 -0.127320066076036
-0.0770342525812095 -0.0844172566042247 0.154023584907054 -0.0746888339336737
-0.043093338972984 -0.0869240808835614 0.0940567992696954 -0.141378723533556
-0.00930350485434616 -0.100923834491802 0.105048037099337 -0.196872203276199
0.0243623351080102 -0.133315262390707 0.162795585469542 -0.326641003748811
0.050550924122001 -0.166040118308766 0.2082682467776 -0.433327687541006
0.0328239636959345 -0.187301598458661 0.113210904313695 -0.494815424712795
-0.0212378537010249 -0.200488346361046 -0.0464649455158863 -0.379598589619183
-0.0950168738494593 -0.188021985636486 -0.182630438350964 -0.11545788690453
-0.161399148490389 -0.128169803510436 -0.159222561230992 0.149780334123019
-0.201151039281131 -0.0412280162487621 -0.00522730196600607 0.264557208647727
-0.204737096944619 0.00146750588266373 0.215038542657112 0.232588879134746
-0.19262618550435 0.0623200968781443 0.388542100349716 0.176537338084056
-0.180226027186197 0.0556582204502113 0.530767957782742 0.219929725677066
