TRXV5
3
4
4
9
string Extension=J
integer IsArchMeasurement=1
integer IsSpherical=1
string Generator=SPM
string GeneratorVersion=1.3.1 Dev
double ArchRadius=0.449999988079071
integer FrequencyAxisIndex=0
integer AzimuthAxisIndex=1
integer ElevationAxisIndex=2
Frequency
5 136 690000000 960000000 LIN
Azimuth
7 8 0 2.74889357189107 LIN
Elevation
7 15 -2.74889357189107 2.74889357189107 LIN
Polar H Real Part
13
Polar H Imaginary Part
14
Polar V Real Part
13
Polar V Imaginary Part
14
Polar H Magnitude (dB)
12 0xC0000002 0 1
Polar H Phase
7 0xC0000003 0 1
Polar V Magnitude (dB)
12 0xC0000002 2 3
Polar V Phase
7 0xC0000003 2 3
0.00485610961914063 -0.000186443328857422 -0.133140563964844 -0.0515975952148437
0.00607395172119141 -0.00569009780883789 -0.149887084960938 0.086883544921875
0.00902271270751953 -0.00103473663330078 -0.0326995849609375 0.155349731445313
0.0027918815612793 -0.00852584838867188 0.0396881103515625 0.0900421142578125
-0.00492382049560547 -0.00388479232788086 0.0318622589111328 0.02325439453125
-6.19888305664023E-06 0.00779867172241211 -0.00608730316162109 0.00461816787719727
0.00481605529785156 0.009857177734375 -0.0498619079589844 0.01483154296875
0.00240659713745117 0.00307464599609375 -0.0932769775390625 0.0311050415039063
0.00248813629150391 -0.0013432502746582 -0.139358520507813 0.0287551879882812
0.000101566314697266 -0.0025177001953125 -0.17742919921875 -0.0269012451171875
0.00190699100494385 -4.54187393188477E-05 -0.17559814453125 -0.10467529296875
-0.00348067283630371 -0.00130701065063477 -0.0978851318359375 -0.190155029296875
-0.0130100250244141 -0.00579738616943359 0.0471038818359375 -0.228790283203125
-0.00655746459960938 -0.0283622741699219 0.109710693359375 -0.164627075195313
0.008392333984375 -0.0359344482421875 0.129592895507813 -0.0923080444335938
0.00115966796875 0.0512504577636719 -0.123214721679687 -0.0555496215820312
0.0310821533203125 0.0428123474121094 -0.146926879882812 0.0775604248046875
0.0536537170410156 0.011138916015625 -0.0424652099609375 0.149337768554688
0.0355377197265625 -0.0394477844238281 0.0314407348632813 0.0943832397460938
-0.00658035278320312 -0.0456314086914062 0.0335807800292969 0.0311565399169922
-0.0372657775878906 -0.0221977233886719 -0.0026087760925293 0.00647926330566406
-0.0361595153808594 0.006103515625 -0.0448760986328125 0.0148048400878906
-0.0294628143310547 0.00535392761230468 -0.0877838134765625 0.0300521850585938
-0.0341472625732422 -0.00101470947265625 -0.13580322265625 0.0288619995117187
-0.0346164703369141 -0.016204833984375 -0.17510986328125 -0.0251007080078125
-0.0169734954833984 -0.0274829864501953 -0.174468994140625 -0.0999755859375
-0.000923156738281249 -0.0365333557128906 -0.103118896484375 -0.185150146484375
0.0249977111816406 -0.0191326141357422 0.037261962890625 -0.230728149414062
0.0309047698974609 0.0027313232421875 0.105316162109375 -0.170684814453125
0.0183773040771484 0.0155658721923828 0.134529113769531 -0.0971221923828125
-0.000854492187499993 0.0970611572265625 -0.114822387695313 -0.0505142211914062
0.0588150024414063 0.0837631225585938 -0.139877319335938 0.064910888671875
0.0942153930664063 0.0151290893554688 -0.0571136474609375 0.142135620117188
0.0607223510742187 -0.0683517456054687 0.0187911987304687 0.108810424804687
-0.00975036621093751 -0.081329345703125 0.0415573120117188 0.0516738891601562
-0.0700645446777344 -0.047027587890625 0.016026496887207 0.016148567199707
-0.0710296630859375 0.00386047363281249 -0.0227928161621094 0.0134468078613281
-0.0574760437011719 0.00744247436523439 -0.0697212219238281 0.0245285034179688
-0.0663909912109375 -0.00174713134765624 -0.121833801269531 0.0226974487304688
-0.0655670166015625 -0.0291328430175781 -0.161270141601562 -0.028106689453125
-0.0345535278320313 -0.0529518127441406 -0.16241455078125 -0.0987548828125
0.00470352172851563 -0.0697441101074219 -0.0973663330078125 -0.179580688476563
0.0624885559082031 -0.0289649963378906 0.0384979248046875 -0.22601318359375
0.0635490417480469 0.033966064453125 0.110809326171875 -0.1649169921875
0.0250816345214844 0.0644760131835938 0.140045166015625 -0.0869369506835938
0.00115966796875 0.13067626953125 -0.110794067382813 -0.0348281860351562
0.0852127075195313 0.107551574707031 -0.138557434082031 0.0609283447265625
0.1220703125 0.00775146484375 -0.07281494140625 0.144851684570313
0.0703811645507813 -0.0922012329101563 0.0113906860351562 0.133613586425781
-0.0198898315429687 -0.1021728515625 0.0596389770507813 0.0796661376953125
-0.0942306518554688 -0.0581207275390625 0.0488166809082031 0.0269126892089844
-0.09375 0.00310516357421875 0.0112400054931641 0.00893402099609375
-0.0774688720703125 0.00859832763671875 -0.0406990051269531 0.0132598876953125
-0.091278076171875 -0.00356292724609373 -0.0973968505859375 0.0125961303710938
-0.0888748168945313 -0.04180908203125 -0.136398315429688 -0.0329208374023438
-0.0442352294921875 -0.0775985717773438 -0.139907836914063 -0.09808349609375
0.0158157348632812 -0.0960922241210937 -0.081756591796875 -0.170562744140625
0.0949020385742187 -0.029632568359375 0.047454833984375 -0.212844848632813
0.0855255126953125 0.06512451171875 0.12066650390625 -0.149505615234375
0.0257644653320313 0.103416442871094 0.143447875976563 -0.0626678466796875
0.005279541015625 0.146453857421875 -0.111518859863281 -0.00936126708984372
0.100822448730469 0.110031127929688 -0.140159606933594 0.06927490234375
0.127891540527344 -0.00443267822265625 -0.0820770263671875 0.162078857421875
0.0628433227539062 -0.101577758789063 0.0175323486328125 0.166091918945313
-0.0301437377929687 -0.103141784667969 0.0888519287109375 0.105171203613281
-0.104751586914062 -0.0560531616210938 0.0899429321289063 0.0341415405273438
-0.101394653320313 0.00397491455078125 0.05078125 0.000347137451171875
-0.0852890014648438 0.00853729248046874 -0.00728178024291993 -0.000845909118652343
-0.10443115234375 -0.00654602050781252 -0.0646324157714844 0.000602722167968744
-0.098541259765625 -0.0535888671875 -0.10052490234375 -0.0363693237304687
-0.0434722900390625 -0.095123291015625 -0.107978820800781 -0.0920181274414063
0.0324630737304688 -0.10882568359375 -0.0599822998046875 -0.1529541015625
0.116165161132813 -0.0180282592773438 0.0572052001953125 -0.191482543945313
0.0907135009765625 0.0904541015625 0.129257202148438 -0.127693176269531
0.0185928344726563 0.126007080078125 0.141525268554688 -0.028717041015625
0.008392333984375 0.139434814453125 -0.114601135253906 0.0234832763671875
0.0983047485351563 0.0950927734375 -0.140449523925781 0.0912094116210937
0.112434387207031 -0.0117111206054688 -0.0744476318359375 0.1866455078125
0.0471115112304688 -0.0907974243164063 0.0384521484375 0.192138671875
-0.0339508056640625 -0.08709716796875 0.1217041015625 0.119194030761719
-0.0979766845703125 -0.046142578125 0.129890441894531 0.032623291015625
-0.0918121337890625 0.00427246093750001 0.0875778198242187 -0.0128936767578125
-0.08038330078125 0.00704956054687499 0.0262317657470703 -0.0153388977050781
-0.101402282714844 -0.0109786987304687 -0.0285167694091797 -0.01007080078125
-0.0903244018554687 -0.0609817504882813 -0.0606651306152344 -0.0344123840332031
-0.0289688110351563 -0.0985946655273438 -0.0748367309570313 -0.0765762329101563
0.0484466552734375 -0.0990447998046875 -0.0436019897460938 -0.130165100097656
0.114326477050781 0.00408935546875 0.060394287109375 -0.168792724609375
0.0737380981445313 0.10186767578125 0.13629150390625 -0.10687255859375
0.00508117675781251 0.125228881835937 0.134025573730469 0.00638580322265626
0.00740814208984374 0.1142578125 -0.117317199707031 0.0577011108398438
0.0768661499023438 0.072296142578125 -0.135116577148438 0.117355346679687
0.0839767456054688 -0.0086822509765625 -0.0550689697265625 0.207138061523438
0.0326194763183594 -0.0652923583984375 0.0645904541015625 0.205780029296875
-0.0288658142089844 -0.0616264343261719 0.148635864257813 0.122085571289063
-0.0761337280273438 -0.0311050415039062 0.160980224609375 0.02606201171875
-0.0700531005859375 0.00277328491210937 0.116737365722656 -0.0261764526367188
-0.0633888244628906 0.00474166870117189 0.0553512573242188 -0.0286064147949219
-0.081817626953125 -0.0130386352539063 0.00521850585937499 -0.0162868499755859
-0.0669288635253906 -0.0550422668457031 -0.0243148803710938 -0.0251674652099609
-0.0113754272460938 -0.0820465087890625 -0.0497322082519531 -0.0561637878417969
0.0520591735839844 -0.0688018798828125 -0.0353927612304688 -0.106796264648437
0.0862045288085937 0.0246810913085937 0.05865478515625 -0.154266357421875
0.0428848266601563 0.091217041015625 0.141326904296875 -0.0925750732421875
-0.00796508789062499 0.102653503417969 0.122482299804688 0.0363693237304688
0.00311279296875001 0.0750656127929688 -0.120552062988281 0.0858917236328125
0.0441055297851563 0.0461311340332031 -0.125396728515625 0.140655517578125
0.0501594543457031 0.00231552124023438 -0.03253173828125 0.219375610351563
0.0212802886962891 -0.0312576293945313 0.0876617431640625 0.208053588867188
-0.0162429809570313 -0.0328044891357422 0.167007446289063 0.117477416992187
-0.0437049865722656 -0.0175285339355469 0.180526733398438 0.0171051025390625
-0.0383872985839844 -0.000778198242187503 0.133903503417969 -0.0380172729492188
-0.0371742248535156 0.00206375122070312 0.0742950439453125 -0.0372695922851563
-0.0494117736816406 -0.0110549926757813 0.0302753448486328 -0.0186805725097656
-0.0352516174316406 -0.0358734130859375 0.000547409057617187 -0.0145235061645508
0.00206756591796875 -0.0475349426269531 -0.0363693237304688 -0.0395698547363281
0.038299560546875 -0.0306777954101563 -0.0350189208984375 -0.0915145874023438
0.042510986328125 0.02850341796875 0.0571746826171875 -0.148635864257813
0.0105171203613281 0.0600700378417969 0.146530151367188 -0.08544921875
-0.0149192810058594 0.0620231628417969 0.110237121582031 0.0577774047851563
0.00630950927734375 -0.00186252593994141 -0.138221740722656 -0.0444259643554687
0.00596284866333008 -0.00702333450317383 -0.14727783203125 0.100067138671875
0.00985431671142578 -0.00135898590087891 -0.020843505859375 0.160369873046875
0.00186920166015625 -0.010711669921875 0.0470657348632812 0.0881500244140625
-0.00591182708740234 -0.00359010696411133 0.0336360931396484 0.0201778411865234
0.000555038452148438 0.00767707824707031 -0.00643348693847656 0.00335454940795898
0.00633907318115234 0.00937080383300781 -0.0513267517089844 0.0186614990234375
0.00316715240478516 0.00320863723754883 -0.093719482421875 0.039337158203125
0.0018153190612793 -0.000732421875 -0.139724731445312 0.0393905639648438
0.000792264938354493 -0.00271964073181152 -0.182327270507813 -0.01409912109375
0.00220775604248047 -0.000318288803100586 -0.18743896484375 -0.0944976806640625
-0.00399231910705566 -0.000407695770263671 -0.115081787109375 -0.187179565429687
-0.0130777359008789 -0.00556182861328125 0.0315093994140625 -0.238388061523437
-0.00880813598632813 -0.0289039611816406 0.100936889648438 -0.176376342773438
0.00583267211914063 -0.0366554260253906 0.128547668457031 -0.103561401367187
0.0054168701171875 0.0518684387207031 -0.128753662109375 -0.04937744140625
0.0352020263671875 0.0416717529296875 -0.143692016601563 0.089569091796875
0.0574378967285156 0.00757598876953125 -0.0312347412109375 0.155746459960938
0.0340232849121094 -0.0438690185546875 0.0392227172851562 0.0927810668945313
-0.0104560852050781 -0.0464248657226563 0.0356903076171875 0.0280570983886719
-0.0402107238769531 -0.0209236145019531 -0.00300216674804688 0.0054631233215332
-0.0356407165527344 0.00872039794921875 -0.0454444885253906 0.0182876586914063
-0.0293083190917969 0.00879096984863281 -0.0885772705078125 0.0386428833007813
-0.0347042083740234 0.00155830383300781 -0.136543273925781 0.040283203125
-0.0362281799316406 -0.0136146545410156 -0.179855346679688 -0.0127716064453125
-0.0193157196044922 -0.0263233184814453 -0.18646240234375 -0.08978271484375
-0.00319290161132813 -0.03692626953125 -0.1197509765625 -0.182327270507813
0.0244102478027344 -0.0209674835205078 0.0210723876953125 -0.238723754882813
0.0309715270996094 0.00123214721679688 0.0966949462890625 -0.182266235351563
0.0199527740478516 0.0151290893554687 0.134574890136719 -0.109283447265625
0.00745391845703125 0.0996780395507813 -0.120193481445313 -0.0448379516601562
0.0666427612304688 0.0827484130859375 -0.138153076171875 0.0769119262695312
0.0992507934570313 0.0099334716796875 -0.047698974609375 0.149185180664062
0.0587539672851562 -0.075592041015625 0.0273361206054687 0.108604431152344
-0.0171585083007812 -0.0824203491210938 0.0449676513671875 0.0488967895507812
-0.0757369995117188 -0.0433807373046875 0.016845703125 0.0139799118041992
-0.072113037109375 0.00852203369140624 -0.022674560546875 0.0148143768310547
-0.057220458984375 0.0130577087402344 -0.0699577331542969 0.0311431884765625
-0.0684890747070313 0.00297164916992186 -0.121871948242188 0.033538818359375
-0.0692481994628906 -0.0238265991210937 -0.166183471679688 -0.0159454345703125
-0.0389442443847656 -0.0524406433105469 -0.174880981445313 -0.0890655517578125
-0.000305175781250002 -0.0720901489257813 -0.112930297851563 -0.17626953125
0.0616607666015625 -0.0339317321777344 0.0227813720703125 -0.234848022460937
0.0677070617675781 0.0310211181640625 0.102828979492187 -0.177383422851563
0.0302810668945313 0.0655784606933594 0.140228271484375 -0.09930419921875
0.0100631713867188 0.135124206542969 -0.115242004394531 -0.0290374755859375
0.0953216552734375 0.105377197265625 -0.13616943359375 0.0704193115234375
0.127784729003906 0.0005645751953125 -0.0631866455078125 0.153427124023438
0.0663070678710938 -0.099853515625 0.0212554931640625 0.135223388671875
-0.028350830078125 -0.1036376953125 0.0659103393554688 0.076324462890625
-0.101150512695313 -0.0524826049804688 0.0503349304199219 0.0223731994628906
-0.0957717895507813 0.00989532470703125 0.0119590759277344 0.00751972198486328
-0.077545166015625 0.0150375366210937 -0.0416984558105469 0.0171127319335937
-0.0942840576171875 0.00441741943359376 -0.0980758666992187 0.020721435546875
-0.0945205688476563 -0.0365371704101563 -0.140777587890625 -0.0232391357421875
-0.0503005981445313 -0.076324462890625 -0.152053833007812 -0.0893402099609375
0.00870513916015624 -0.100425720214844 -0.0975494384765625 -0.168548583984375
0.09588623046875 -0.0375442504882813 0.0318450927734375 -0.221939086914062
0.0932464599609375 0.0617141723632813 0.11383056640625 -0.16162109375
0.0341033935546875 0.1065673828125 0.145217895507813 -0.0746917724609375
0.014434814453125 0.150222778320313 -0.113822937011719 -0.00230407714843748
0.111885070800781 0.106712341308594 -0.13818359375 0.07977294921875
0.132736206054687 -0.01226806640625 -0.0718994140625 0.17120361328125
0.0572891235351562 -0.108695983886719 0.029510498046875 0.168487548828125
-0.0387039184570312 -0.103294372558594 0.09783935546875 0.100799560546875
-0.111900329589844 -0.0493087768554687 0.0935134887695313 0.026824951171875
-0.102989196777344 0.011871337890625 0.0515403747558594 -0.00428009033203125
-0.0857925415039063 0.0148468017578125 -0.00824737548828125 -0.00037717819213867
-0.108833312988281 0.00167083740234374 -0.066650390625 0.00582122802734376
-0.105293273925781 -0.0476837158203125 -0.105255126953125 -0.0301284790039063
-0.0509414672851563 -0.0957870483398438 -0.118637084960938 -0.085174560546875
0.0252914428710937 -0.114204406738281 -0.0734405517578125 -0.151947021484375
0.118537902832031 -0.02618408203125 0.0441131591796875 -0.19970703125
0.101043701171875 0.0876388549804688 0.124481201171875 -0.140068054199219
0.0276412963867187 0.130805969238281 0.145004272460938 -0.0405731201171875
0.017822265625 0.143020629882813 -0.11505126953125 0.0317611694335938
0.108779907226563 0.0913925170898438 -0.13763427734375 0.102142333984375
0.116195678710938 -0.0191574096679688 -0.0625152587890625 0.195953369140625
0.0420303344726562 -0.0965957641601562 0.05303955078125 0.193771362304688
-0.0408096313476562 -0.0869979858398438 0.132530212402344 0.1134033203125
-0.103912353515625 -0.0388031005859375 0.135520935058594 0.0231399536132812
-0.0936660766601563 0.011322021484375 0.0881729125976563 -0.0205841064453125
-0.0805740356445313 0.0130844116210937 0.0258159637451172 -0.0175361633300781
-0.104660034179687 -0.00238800048828126 -0.0287933349609375 -0.00812911987304688
-0.097442626953125 -0.0561065673828125 -0.0637474060058594 -0.03045654296875
-0.036468505859375 -0.100273132324219 -0.0829849243164063 -0.07171630859375
0.0419540405273437 -0.105415344238281 -0.0532302856445313 -0.129264831542969
0.117919921875 -0.002838134765625 0.0489959716796875 -0.177154541015625
0.0828628540039062 0.101608276367187 0.131881713867188 -0.119819641113281
0.014007568359375 0.131118774414063 0.139457702636719 -0.00335693359374999
0.0154800415039062 0.11724853515625 -0.116683959960938 0.0674819946289063
0.0844497680664063 0.0687942504882813 -0.130905151367187 0.1287841796875
0.0855789184570313 -0.0144271850585938 -0.0415802001953125 0.21624755859375
0.0296783447265625 -0.0692138671875 0.0817413330078125 0.206527709960937
-0.0334014892578125 -0.060821533203125 0.161239624023438 0.113739013671875
-0.0799713134765625 -0.0262374877929688 0.166778564453125 0.013458251953125
-0.07080078125 0.0081329345703125 0.116912841796875 -0.0369110107421875
-0.0636672973632812 0.00953292846679688 0.0540008544921875 -0.0330429077148438
-0.0840988159179688 -0.0064849853515625 0.0054473876953125 -0.0166311264038086
-0.0731277465820312 -0.05157470703125 -0.0260391235351563 -0.0236415863037109
-0.0181198120117188 -0.0836563110351563 -0.0548019409179688 -0.0525360107421875
0.0486221313476563 -0.074615478515625 -0.0436248779296875 -0.10565185546875
0.0911636352539063 0.0196990966796875 0.04718017578125 -0.161712646484375
0.0505905151367188 0.0935821533203125 0.138023376464844 -0.106460571289063
-0.000526428222656253 0.107315063476563 0.129127502441406 0.028472900390625
0.00778961181640626 0.0763626098632813 -0.118980407714844 0.09625244140625
0.0484046936035156 0.0441093444824219 -0.118209838867187 0.15234375
0.0520591735839844 -0.00120925903320313 -0.018035888671875 0.226394653320313
0.0206108093261719 -0.0339031219482422 0.105072021484375 0.20654296875
-0.0174674987792969 -0.0326709747314453 0.179092407226563 0.1075439453125
-0.0449485778808594 -0.0146446228027344 0.186630249023438 0.0029296875
-0.03839111328125 0.00265121459960937 0.133682250976563 -0.0500259399414063
-0.0375099182128906 0.00505447387695313 0.0740127563476563 -0.043182373046875
-0.0511131286621094 -0.00714874267578124 0.0310211181640625 -0.0214214324951172
-0.0396080017089844 -0.0351448059082031 0.000814437866210937 -0.0143489837646484
-0.000591278076171876 -0.0494613647460938 -0.0398826599121094 -0.0358200073242188
0.0372695922851563 -0.0335502624511719 -0.0428390502929688 -0.0902023315429688
0.0458946228027344 0.0278587341308594 0.0465545654296875 -0.1566162109375
0.0151481628417969 0.0625534057617187 0.143905639648438 -0.09912109375
-0.0115547180175781 0.0662879943847656 0.117691040039063 0.0520858764648438
0.0068812370300293 -0.00333356857299805 -0.13861083984375 -0.0360260009765625
0.00574111938476563 -0.00900459289550781 -0.13873291015625 0.109214782714844
0.012028694152832 -0.00275325775146484 -0.00970458984375001 0.159530639648438
0.00133895874023438 -0.00980091094970703 0.0526123046875 0.08221435546875
-0.00699949264526367 -0.00217294692993164 0.0338516235351563 0.0162696838378906
0.0012664794921875 0.00802135467529297 -0.00750970840454101 0.0023341178894043
0.00765132904052734 0.00847768783569336 -0.0507316589355469 0.0219306945800781
0.00422883033752441 0.0037078857421875 -0.09088134765625 0.0468521118164063
0.0024254322052002 -0.00017237663269043 -0.135467529296875 0.049102783203125
0.000395774841308593 -0.00330805778503418 -0.18115234375 -0.00222778320312496
0.00267362594604492 -0.000896930694580078 -0.192581176757813 -0.0802001953125
-0.00371265411376953 -8.44001770019535E-05 -0.126602172851563 -0.177444458007813
-0.0133810043334961 -0.00396823883056641 0.01519775390625 -0.238128662109375
-0.0117721557617187 -0.0277595520019531 0.089752197265625 -0.181442260742188
0.00444793701171875 -0.0371742248535156 0.124336242675781 -0.112068176269531
0.00940704345703125 0.0508918762207031 -0.129196166992187 -0.0429000854492187
0.0389518737792969 0.0385017395019531 -0.135566711425781 0.0973968505859375
0.0589141845703125 0.0040283203125 -0.0204925537109375 0.1553955078125
0.0313529968261719 -0.0459403991699219 0.0445785522460938 0.0875015258789062
-0.0134735107421875 -0.04541015625 0.0361289978027344 0.0239753723144531
-0.0408973693847656 -0.0179977416992188 -0.00467443466186524 0.00490951538085937
-0.0347652435302734 0.0107994079589844 -0.0450325012207031 0.0210609436035156
-0.0273056030273438 0.0105266571044922 -0.0855484008789063 0.0456161499023437
-0.0347576141357422 0.00481605529785156 -0.132011413574219 0.0490875244140625
-0.0368309020996094 -0.0109024047851562 -0.179000854492188 0.000106811523437508
-0.0209083557128906 -0.0256023406982422 -0.189987182617188 -0.0755157470703125
-0.005340576171875 -0.0360641479492187 -0.131088256835938 -0.172622680664062
0.0228176116943359 -0.0224227905273438 0.00486755371093747 -0.238372802734375
0.0307025909423828 -0.000719070434570313 0.0849456787109375 -0.18768310546875
0.0215835571289063 0.0152664184570313 0.129470825195313 -0.118217468261719
0.0129241943359375 0.098907470703125 -0.120223999023438 -0.037506103515625
0.0725326538085938 0.077392578125 -0.130622863769531 0.083221435546875
0.10101318359375 0.00339508056640625 -0.037261962890625 0.149261474609375
0.05389404296875 -0.0786056518554688 0.033233642578125 0.103553771972656
-0.0229110717773437 -0.08154296875 0.0472564697265625 0.0450363159179687
-0.0780105590820312 -0.0376510620117188 0.0150623321533203 0.0122747421264648
-0.0700759887695313 0.0131454467773437 -0.0229415893554688 0.0164222717285156
-0.0551528930664063 0.0167427062988281 -0.0683021545410156 0.03668212890625
-0.0675239562988281 0.00971603393554688 -0.119392395019531 0.0417022705078125
-0.0706100463867188 -0.0195159912109375 -0.165069580078125 -0.00601196289062499
-0.0416030883789063 -0.0499267578125 -0.179794311523438 -0.07513427734375
-0.00473022460937499 -0.0707321166992188 -0.124160766601563 -0.166305541992187
0.0597152709960938 -0.0365562438964844 0.00596618652343749 -0.233642578125
0.0697708129882813 0.0280532836914062 0.0909576416015625 -0.182754516601562
0.0345687866210938 0.0646286010742188 0.135520935058594 -0.108955383300781
0.018402099609375 0.133110046386719 -0.115501403808594 -0.0218505859375
0.10247802734375 0.0983200073242187 -0.130271911621094 0.0778045654296875
0.128913879394531 -0.0067291259765625 -0.0538787841796875 0.15386962890625
0.0608367919921875 -0.104904174804688 0.0292510986328125 0.131629943847656
-0.0348434448242187 -0.101524353027344 0.0693740844726563 0.0705032348632813
-0.104286193847656 -0.0454864501953125 0.0511054992675781 0.019287109375
-0.09368896484375 0.0163726806640625 0.0112514495849609 0.00611305236816406
-0.0750274658203125 0.0196685791015625 -0.0401802062988281 0.0211677551269531
-0.0930328369140625 0.0122833251953125 -0.0948562622070313 0.0277175903320312
-0.0965576171875 -0.0294952392578125 -0.141387939453125 -0.0140838623046875
-0.0554351806640625 -0.073272705078125 -0.155853271484375 -0.07769775390625
0.00186157226562501 -0.0999832153320313 -0.107070922851562 -0.159774780273438
0.0930023193359375 -0.0430984497070313 0.0157318115234375 -0.221572875976563
0.0966415405273438 0.0567703247070313 0.10186767578125 -0.168685913085938
0.0396270751953125 0.104888916015625 0.142410278320313 -0.0847625732421875
0.0245361328125 0.14849853515625 -0.113449096679687 0.00402069091796874
0.120140075683594 0.0986785888671875 -0.13214111328125 0.0862350463867188
0.132476806640625 -0.0204315185546875 -0.0611572265625 0.173110961914063
0.0505294799804688 -0.112770080566406 0.040496826171875 0.1640625
-0.0460739135742188 -0.100151062011719 0.102424621582031 0.0930557250976563
-0.11474609375 -0.0410690307617187 0.0941390991210937 0.0199661254882812
-0.100265502929687 0.0183486938476562 0.050079345703125 -0.00823211669921875
-0.08258056640625 0.0213241577148438 -0.00779867172241211 0.00168514251708984
-0.106781005859375 0.01092529296875 -0.06365966796875 0.0110092163085938
-0.108612060546875 -0.0411300659179688 -0.105873107910156 -0.02252197265625
-0.0559463500976562 -0.0925827026367188 -0.122734069824219 -0.0751190185546875
0.0169754028320312 -0.11474609375 -0.0830230712890625 -0.145965576171875
0.115974426269531 -0.03314208984375 0.0291595458984375 -0.200149536132813
0.1055908203125 0.0826187133789062 0.114578247070312 -0.147872924804687
0.035980224609375 0.12921142578125 0.143753051757813 -0.0510406494140625
0.02630615234375 0.141571044921875 -0.113418579101563 0.0384521484375
0.114120483398438 0.0836029052734375 -0.130477905273437 0.108467102050781
0.114814758300781 -0.025604248046875 -0.0503692626953125 0.1978759765625
0.036590576171875 -0.0983200073242187 0.0649566650390625 0.188323974609375
-0.04638671875 -0.0836715698242187 0.138526916503906 0.102760314941406
-0.105072021484375 -0.0303115844726563 0.134124755859375 0.0133285522460937
-0.0914306640625 0.0170135498046875 0.0856170654296875 -0.0274810791015625
-0.0787734985351563 0.0188827514648437 0.0240077972412109 -0.0185298919677734
-0.103950500488281 0.00592041015625 -0.0288009643554688 -0.00554656982421875
-0.101318359375 -0.0486679077148438 -0.0647773742675781 -0.0265350341796875
-0.0428466796875 -0.097991943359375 -0.0861434936523438 -0.0648574829101563
0.0365142822265625 -0.107070922851562 -0.0613327026367188 -0.124176025390625
0.117149353027344 -0.00994110107421875 0.035552978515625 -0.178070068359375
0.089569091796875 0.0970840454101563 0.123634338378906 -0.128105163574219
0.0224533081054688 0.130393981933594 0.140701293945313 -0.0129241943359375
0.0218963623046875 0.115737915039063 -0.112754821777344 0.0735397338867188
0.0886917114257813 0.0623092651367188 -0.121543884277344 0.135040283203125
0.0852127075195313 -0.01873779296875 -0.0277557373046875 0.216049194335938
0.0241775512695313 -0.0695114135742188 0.09466552734375 0.199188232421875
-0.0370635986328125 -0.0584869384765625 0.167495727539063 0.10211181640625
-0.0804595947265625 -0.0203399658203125 0.165542602539063 0.0011749267578125
-0.0692062377929687 0.0128402709960937 0.113082885742188 -0.0447463989257813
-0.0617446899414062 0.014129638671875 0.0516471862792969 -0.0356178283691406
-0.0838699340820312 0.000656127929687488 0.00476837158203124 -0.0178718566894531
-0.076202392578125 -0.0466537475585937 -0.0255107879638672 -0.0227546691894531
-0.0222015380859375 -0.0828628540039063 -0.05731201171875 -0.0473899841308594
0.04473876953125 -0.077117919921875 -0.0499038696289063 -0.100128173828125
0.0916748046875 0.0144195556640625 0.0353546142578125 -0.162673950195313
0.055908203125 0.0911636352539062 0.129348754882813 -0.115493774414062
0.00633239746093749 0.108375549316406 0.131179809570313 0.0200347900390625
0.0127944946289063 0.0759201049804688 -0.11224365234375 0.102615356445313
0.050506591796875 0.0414505004882813 -0.108535766601563 0.15765380859375
0.0519294738769531 -0.00421142578125 -0.0034637451171875 0.22418212890625
0.0179519653320313 -0.0347042083740234 0.117324829101562 0.197738647460938
-0.0191841125488281 -0.0310955047607422 0.184814453125 0.09393310546875
-0.0449790954589844 -0.0107765197753906 0.18402099609375 -0.0110931396484375
-0.0373458862304687 0.00570297241210938 0.129585266113281 -0.0587158203125
-0.0357437133789063 0.0073394775390625 0.070465087890625 -0.0480499267578125
-0.0512504577636719 -0.00376129150390624 0.0305423736572266 -0.0236625671386719
-0.0414047241210938 -0.0318107604980469 0.00180721282958984 -0.0141620635986328
-0.00272369384765625 -0.0485458374023438 -0.0399627685546875 -0.0313911437988281
0.0361404418945313 -0.0365524291992188 -0.0473403930664062 -0.0843582153320312
0.0479393005371094 0.024810791015625 0.03424072265625 -0.157806396484375
0.0187721252441406 0.0622634887695312 0.135475158691406 -0.109207153320312
-0.0061492919921875 0.06732177734375 0.120025634765625 0.0430755615234375
0.00648975372314453 -0.00476837158203125 -0.135513305664063 -0.032196044921875
0.00522136688232422 -0.00992012023925781 -0.131103515625 0.1112060546875
0.0121545791625977 -0.00398826599121094 -0.00305175781249999 0.155548095703125
0.000361442565917969 -0.00979900360107422 0.0540084838867188 0.07757568359375
-0.00719356536865234 -0.0014348030090332 0.0321445465087891 0.0127696990966797
0.00245141983032227 0.0081028938293457 -0.00917148590087891 0.00189590454101563
0.00847530364990234 0.00737094879150391 -0.0500984191894531 0.0242958068847656
0.00520133972167969 0.00332307815551758 -0.0871429443359375 0.0508804321289062
0.00225067138671875 0.0007171630859375 -0.13037109375 0.0536346435546875
8.34465026855468E-05 -0.00283956527709961 -0.176315307617188 0.00473022460937503
0.00264549255371094 -0.00132250785827637 -0.19036865234375 -0.0700836181640625
-0.0043184757232666 0.00037217140197754 -0.131591796875 -0.168441772460937
-0.0139083862304688 -0.00414371490478516 0.00593566894531251 -0.233047485351563
-0.0127677917480469 -0.0262718200683594 0.0822906494140625 -0.181488037109375
0.00317001342773438 -0.0362052917480469 0.120376586914063 -0.114433288574219
0.0104637145996094 0.0479011535644531 -0.1260986328125 -0.03802490234375
0.0390510559082031 0.0360603332519531 -0.129203796386719 0.100181579589844
0.0593643188476563 0.0016021728515625 -0.0136260986328125 0.150863647460938
0.029388427734375 -0.0464210510253906 0.0469512939453125 0.0827484130859375
-0.0153961181640625 -0.0438346862792969 0.034820556640625 0.0210800170898437
-0.0400962829589844 -0.015106201171875 -0.0052189826965332 0.00443410873413086
-0.0328121185302734 0.0123062133789063 -0.04437255859375 0.0231895446777344
-0.0252819061279297 0.0113868713378906 -0.0811309814453125 0.0498809814453125
-0.0336208343505859 0.00692176818847656 -0.126960754394531 0.0539093017578125
-0.0368003845214844 -0.0104141235351563 -0.174118041992188 0.00724792480468751
-0.0214252471923828 -0.0247592926025391 -0.188827514648438 -0.06524658203125
-0.00705528259277344 -0.0350074768066406 -0.135040283203125 -0.16290283203125
0.0220279693603516 -0.0223350524902344 -0.00480651855468752 -0.232772827148437
0.0302619934082031 -0.00070953369140625 0.0775299072265625 -0.187484741210938
0.0212745666503906 0.0145473480224609 0.125968933105469 -0.121246337890625
0.0156097412109375 0.0963058471679688 -0.118019104003906 -0.032928466796875
0.0735015869140625 0.0730667114257813 -0.124168395996094 0.085723876953125
0.100875854492188 0.00087738037109375 -0.03125 0.145706176757813
0.0516281127929688 -0.079559326171875 0.0360641479492188 0.099273681640625
-0.0253067016601562 -0.0791015625 0.0458793640136719 0.0407295227050781
-0.0782012939453125 -0.0323028564453125 0.0144729614257812 0.0110692977905273
-0.0678176879882812 0.0161170959472656 -0.0225353240966797 0.0178127288818359
-0.0526962280273438 0.0180015563964844 -0.0648765563964844 0.0401573181152344
-0.0652847290039063 0.0127677917480469 -0.113639831542969 0.0459060668945313
-0.0705795288085938 -0.015899658203125 -0.161605834960938 0.00167846679687497
-0.0424766540527344 -0.0478935241699219 -0.177886962890625 -0.0657806396484375
-0.00783157348632812 -0.069061279296875 -0.128707885742188 -0.158355712890625
0.0569534301757813 -0.0383453369140625 -0.00251770019531251 -0.228103637695312
0.0694313049316406 0.0258026123046875 0.0831298828125 -0.18341064453125
0.0365142822265625 0.0624847412109375 0.131767272949219 -0.112480163574219
0.0218429565429687 0.129966735839844 -0.112960815429688 -0.018585205078125
0.104621887207031 0.0930633544921875 -0.124710083007813 0.0800323486328125
0.127983093261719 -0.010345458984375 -0.047088623046875 0.152099609375
0.0561599731445313 -0.104484558105469 0.032958984375 0.126480102539063
-0.0382843017578125 -0.0985031127929688 0.0693893432617187 0.0657920837402344
-0.103515625 -0.040008544921875 0.0492820739746094 0.0161552429199219
-0.0902938842773437 0.0194015502929688 0.0105142593383789 0.00624561309814453
-0.0713958740234375 0.0220184326171875 -0.0381927490234375 0.0237617492675781
-0.089874267578125 0.0160675048828125 -0.0915145874023438 0.0311431884765625
-0.0963668823242188 -0.02490234375 -0.138069152832031 -0.00820159912109375
-0.055908203125 -0.0704269409179688 -0.155471801757813 -0.0684051513671875
-0.000961303710937509 -0.0976638793945312 -0.1103515625 -0.151565551757813
0.0897903442382813 -0.0442428588867188 0.00743103027343749 -0.216705322265625
0.0975875854492187 0.0540924072265625 0.094696044921875 -0.170303344726563
0.0441665649414063 0.102935791015625 0.1390380859375 -0.0889968872070313
0.0277862548828125 0.145065307617188 -0.110519409179688 0.00664520263671878
0.121795654296875 0.0926895141601563 -0.126457214355469 0.0878372192382813
0.131134033203125 -0.024169921875 -0.0536956787109375 0.17041015625
0.0468521118164062 -0.11151123046875 0.044342041015625 0.157928466796875
-0.0475997924804687 -0.0967941284179688 0.103126525878906 0.0864791870117188
-0.113365173339844 -0.0353622436523437 0.0922927856445312 0.0159072875976562
-0.097381591796875 0.0218276977539062 0.0490531921386719 -0.01025390625
-0.0796966552734375 0.0233078002929688 -0.0081620216369629 0.00345849990844727
-0.1033935546875 0.0153961181640625 -0.0615234375 0.0129890441894531
-0.108169555664063 -0.0352096557617187 -0.104423522949219 -0.01873779296875
-0.0583343505859375 -0.0893402099609375 -0.122421264648438 -0.0675582885742188
0.0136795043945313 -0.113655090332031 -0.0859298706054688 -0.138816833496094
0.113388061523438 -0.035919189453125 0.0204925537109375 -0.1964111328125
0.107673645019531 0.0789794921875 0.107711791992188 -0.149566650390625
0.0413970947265625 0.126548767089844 0.141036987304688 -0.0548553466796875
0.0290298461914063 0.138580322265625 -0.10980224609375 0.0406417846679688
0.114990234375 0.0774002075195313 -0.124687194824219 0.109878540039063
0.113441467285156 -0.0286941528320313 -0.042755126953125 0.194122314453125
0.0328903198242187 -0.09771728515625 0.0704345703125 0.181594848632813
-0.0479583740234375 -0.0804061889648438 0.139503479003906 0.095611572265625
-0.103828430175781 -0.0258865356445312 0.131851196289062 0.00807952880859375
-0.0883636474609375 0.0202865600585937 0.0825119018554688 -0.0298004150390625
-0.0750198364257813 0.0213165283203125 0.0228118896484375 -0.0182628631591797
-0.101402282714844 0.0106658935546875 -0.02734375 -0.00440406799316406
-0.101707458496094 -0.0434188842773438 -0.0633392333984375 -0.0238456726074219
-0.0449676513671875 -0.0948028564453125 -0.0864486694335938 -0.058807373046875
0.0318145751953125 -0.106826782226563 -0.0636215209960938 -0.117485046386719
0.115646362304688 -0.0123977661132813 0.02783203125 -0.1749267578125
0.0916595458984375 0.0949554443359375 0.116188049316406 -0.130714416503906
0.0273666381835938 0.128715515136719 0.138084411621094 -0.0187225341796875
0.02423095703125 0.111770629882812 -0.108482360839844 0.0751876831054687
0.089691162109375 0.0584182739257813 -0.115066528320313 0.134696960449219
0.083465576171875 -0.0218887329101563 -0.020751953125 0.212051391601563
0.0221290588378906 -0.0691490173339844 0.0990753173828125 0.19049072265625
-0.0378532409667969 -0.0554046630859375 0.167251586914063 0.092987060546875
-0.0783538818359375 -0.0163345336914063 0.161834716796875 -0.005523681640625
-0.0657730102539063 0.0152816772460937 0.108383178710938 -0.0488815307617188
-0.0582313537597656 0.0153732299804688 0.0490188598632812 -0.0362968444824219
-0.0825271606445313 0.00424194335937501 0.00562095642089843 -0.0176105499267578
-0.0771865844726563 -0.0430526733398438 -0.0256633758544922 -0.0213699340820313
-0.0238723754882812 -0.08184814453125 -0.0565910339355469 -0.0425224304199219
0.0421905517578125 -0.0777130126953125 -0.0518722534179688 -0.09381103515625
0.0910186767578125 0.0117568969726563 0.0269927978515625 -0.15972900390625
0.0587615966796875 0.0897293090820313 0.121849060058594 -0.118423461914063
0.010345458984375 0.107284545898438 0.130218505859375 0.014007568359375
0.0141677856445312 0.0728530883789063 -0.107612609863281 0.104339599609375
0.0505561828613281 0.0375328063964844 -0.101913452148438 0.156829833984375
0.0513114929199219 -0.00470352172851562 0.00399780273437498 0.218643188476563
0.0165748596191406 -0.0335941314697266 0.121978759765625 0.189056396484375
-0.01934814453125 -0.0295352935791016 0.184524536132813 0.0853729248046875
-0.0440025329589844 -0.00953292846679687 0.179244995117188 -0.0178070068359375
-0.0362892150878906 0.00603103637695313 0.124275207519531 -0.0625381469726563
-0.0334701538085938 0.00847434997558594 0.0672187805175781 -0.0496368408203125
-0.0502281188964844 -0.000957489013671881 0.0298328399658203 -0.0248203277587891
-0.0413894653320313 -0.0308418273925781 0.00216293334960937 -0.014683723449707
-0.004425048828125 -0.0489463806152344 -0.0397796630859375 -0.0270156860351563
0.0342521667480469 -0.0368614196777344 -0.049530029296875 -0.0789718627929687
0.048065185546875 0.0241737365722656 0.02606201171875 -0.155548095703125
0.0211105346679688 0.0623779296875 0.128135681152344 -0.112411499023438
-0.0031890869140625 0.06707763671875 0.120109558105469 0.03839111328125
0.00547170639038086 -0.0061039924621582 -0.13348388671875 -0.0319290161132812
0.00487327575683594 -0.0107555389404297 -0.12945556640625 0.11114501953125
0.0122270584106445 -0.00496673583984375 -0.00225830078125001 0.152374267578125
-0.000497817993164063 -0.0104427337646484 0.0537185668945313 0.0758132934570313
-0.00752544403076172 -0.00135469436645508 0.0316104888916016 0.0114517211914063
0.0019679069519043 0.0083770751953125 -0.0110359191894531 0.00106906890869141
0.00896358489990234 0.00727939605712891 -0.0503273010253906 0.0256919860839844
0.00582742691040039 0.00309371948242188 -0.0848388671875 0.0526657104492188
0.00213766098022461 0.00081181526184082 -0.127632141113281 0.054962158203125
-0.000722408294677734 -0.00323605537414551 -0.175399780273437 0.00611877441406251
0.00288653373718262 -0.00121903419494629 -0.189483642578125 -0.0675201416015625
-0.00497913360595703 -0.000134468078613282 -0.131927490234375 -0.165878295898437
-0.0135259628295898 -0.00361251831054688 0.00410461425781251 -0.230880737304688
-0.0125293731689453 -0.0258045196533203 0.08172607421875 -0.181243896484375
0.00337982177734375 -0.0357398986816406 0.121368408203125 -0.115341186523438
0.00954055786132812 0.0470161437988281 -0.124282836914063 -0.036773681640625
0.0390815734863281 0.0347251892089844 -0.126594543457031 0.0995635986328125
0.0613975524902344 0.0006103515625 -0.0128021240234375 0.14959716796875
0.0286979675292969 -0.0466194152832031 0.0460662841796875 0.0812149047851563
-0.0155181884765625 -0.043731689453125 0.033416748046875 0.0200099945068359
-0.0401191711425781 -0.0138282775878906 -0.00663471221923828 0.0041666030883789
-0.0322513580322266 0.0121269226074219 -0.0433769226074219 0.023895263671875
-0.0232925415039063 0.0111503601074219 -0.0794830322265625 0.0510711669921875
-0.0326557159423828 0.00844764709472656 -0.125030517578125 0.0542755126953125
-0.0368728637695313 -0.0100212097167969 -0.172866821289063 0.00726318359375003
-0.0211467742919922 -0.0249881744384766 -0.187713623046875 -0.0633697509765625
-0.00619316101074219 -0.0342960357666016 -0.135360717773438 -0.159088134765625
0.0220794677734375 -0.0221061706542969 -0.00611877441406252 -0.23065185546875
0.0306472778320312 0.0009613037109375 0.0767059326171875 -0.186996459960938
0.0215797424316406 0.0147991180419922 0.125770568847656 -0.121910095214844
0.0143890380859375 0.0957794189453125 -0.116584777832031 -0.0331573486328125
0.0744552612304688 0.0731430053710938 -0.122398376464844 0.08447265625
0.102684020996094 -0.00037384033203125 -0.030059814453125 0.1444091796875
0.0510940551757813 -0.0795822143554687 0.035980224609375 0.0976486206054688
-0.0257110595703125 -0.0780105590820313 0.0441780090332031 0.0405197143554687
-0.077484130859375 -0.0320892333984375 0.0141868591308594 0.0103940963745117
-0.0671463012695313 0.0165443420410156 -0.0225181579589844 0.0184211730957031
-0.0505790710449219 0.0177879333496094 -0.0626449584960937 0.0422248840332031
-0.0639533996582031 0.0150070190429688 -0.111038208007813 0.0470733642578125
-0.07122802734375 -0.0151748657226563 -0.159698486328125 0.00286865234375001
-0.042694091796875 -0.0489959716796875 -0.176132202148438 -0.062255859375
-0.008148193359375 -0.0677757263183594 -0.128005981445313 -0.154556274414063
0.0561103820800781 -0.0374755859375 -0.00401306152343749 -0.227157592773438
0.0694732666015625 0.0266838073730469 0.08245849609375 -0.1827392578125
0.0371932983398437 0.0636177062988281 0.132026672363281 -0.1136474609375
0.0199813842773437 0.129203796386719 -0.110969543457031 -0.0188217163085937
0.104766845703125 0.0918426513671875 -0.122276306152344 0.0782852172851562
0.129074096679688 -0.01153564453125 -0.04736328125 0.150238037109375
0.0563430786132813 -0.104354858398437 0.0328598022460938 0.125
-0.0392913818359375 -0.0972213745117188 0.0691032409667969 0.0649948120117188
-0.10345458984375 -0.0386581420898437 0.0489501953125 0.0158920288085937
-0.0897369384765625 0.019744873046875 0.0103340148925781 0.00772190093994141
-0.0699424743652344 0.0215225219726563 -0.0369796752929688 0.0248031616210938
-0.0889358520507813 0.0175628662109375 -0.0901718139648437 0.031494140625
-0.0965652465820312 -0.0230636596679687 -0.136528015136719 -0.00679779052734374
-0.056060791015625 -0.0715255737304688 -0.153564453125 -0.065673828125
-0.000610351562500003 -0.0975112915039063 -0.110824584960938 -0.148895263671875
0.0891036987304688 -0.0436782836914063 0.00576782226562502 -0.21368408203125
0.0990753173828125 0.0550918579101563 0.0931549072265625 -0.16986083984375
0.044586181640625 0.102287292480469 0.140510559082031 -0.090606689453125
0.02667236328125 0.143630981445313 -0.110054016113281 0.00682830810546875
0.121635437011719 0.09051513671875 -0.125503540039063 0.0860443115234375
0.132026672363281 -0.0246734619140625 -0.05322265625 0.167816162109375
0.0459976196289062 -0.111656188964844 0.0442352294921875 0.156494140625
-0.0485305786132812 -0.0971908569335937 0.102241516113281 0.085357666015625
-0.111930847167969 -0.0331802368164062 0.091583251953125 0.0147247314453125
-0.0956649780273438 0.0232772827148438 0.0475311279296875 -0.009918212890625
-0.076995849609375 0.0231399536132812 -0.00765323638916016 0.00353670120239258
-0.101593017578125 0.0174026489257813 -0.0597877502441406 0.0128936767578125
-0.108627319335937 -0.0336837768554687 -0.103660583496094 -0.0179290771484375
-0.0582427978515625 -0.0891189575195313 -0.122299194335938 -0.0647659301757813
0.0134201049804687 -0.113777160644531 -0.0849533081054687 -0.135848999023438
0.112571716308594 -0.0348663330078125 0.0186614990234375 -0.194610595703125
0.108367919921875 0.080596923828125 0.105972290039063 -0.149642944335938
0.04217529296875 0.126449584960938 0.142227172851563 -0.0580291748046875
0.028778076171875 0.137123107910156 -0.108360290527344 0.0395660400390625
0.114608764648438 0.076141357421875 -0.123725891113281 0.108612060546875
0.113304138183594 -0.0300445556640625 -0.04156494140625 0.1925048828125
0.0324478149414063 -0.0974273681640625 0.07073974609375 0.1796875
-0.0481643676757813 -0.0788726806640625 0.137886047363281 0.0926437377929687
-0.102851867675781 -0.0245285034179688 0.130538940429688 0.00627899169921875
-0.086822509765625 0.0215606689453125 0.0811996459960938 -0.0304946899414063
-0.0729827880859375 0.021148681640625 0.0225143432617187 -0.0171337127685547
-0.100395202636719 0.0126495361328125 -0.0263614654541016 -0.00389289855957031
-0.102561950683594 -0.042938232421875 -0.062713623046875 -0.0226211547851562
-0.0454940795898438 -0.095733642578125 -0.0850372314453125 -0.056427001953125
0.0323104858398437 -0.107582092285156 -0.063201904296875 -0.114265441894531
0.116226196289063 -0.0114593505859375 0.024932861328125 -0.17242431640625
0.0942001342773437 0.0944976806640625 0.114295959472656 -0.131210327148437
0.0284652709960938 0.127876281738281 0.138771057128906 -0.02020263671875
0.0241470336914062 0.112289428710938 -0.108039855957031 0.0750045776367188
0.0886764526367188 0.05712890625 -0.115303039550781 0.133132934570313
0.0838699340820313 -0.0207443237304688 -0.0197296142578125 0.209808349609375
0.0220718383789063 -0.0687026977539063 0.09967041015625 0.187942504882813
-0.037872314453125 -0.0553703308105469 0.16668701171875 0.0908050537109375
-0.0780792236328125 -0.0159454345703125 0.160369873046875 -0.00775146484375
-0.0647659301757813 0.0153083801269531 0.107040405273437 -0.0492782592773437
-0.0575180053710937 0.0156402587890625 0.0480537414550781 -0.0365180969238281
-0.0812454223632813 0.0063323974609375 0.00679397583007812 -0.0179519653320313
-0.0776901245117187 -0.0406875610351563 -0.0243587493896484 -0.0215034484863281
-0.0246963500976563 -0.0825881958007813 -0.05499267578125 -0.039642333984375
0.0420989990234375 -0.077301025390625 -0.0516510009765625 -0.0916213989257813
0.0917816162109375 0.0128707885742188 0.0232696533203125 -0.158340454101563
0.0607223510742188 0.0911636352539063 0.119720458984375 -0.120254516601562
0.0114898681640625 0.10748291015625 0.130439758300781 0.0128250122070313
0.0137557983398438 0.0723495483398438 -0.107498168945312 0.103111267089844
0.0509986877441406 0.037933349609375 -0.102783203125 0.156463623046875
0.0513343811035156 -0.00590896606445313 0.00448608398437501 0.215972900390625
0.0166873931884766 -0.0337677001953125 0.12249755859375 0.1856689453125
-0.0202274322509766 -0.0306377410888672 0.183578491210938 0.0824432373046875
-0.0430183410644531 -0.00919342041015625 0.177810668945313 -0.0198211669921875
-0.0354156494140625 0.00656509399414062 0.122413635253906 -0.0641250610351563
-0.0323276519775391 0.00834846496582031 0.0672721862792969 -0.0495719909667969
-0.0498695373535156 0.000247955322265618 0.0309238433837891 -0.0257701873779297
-0.0416412353515625 -0.0299034118652344 0.00425910949707031 -0.0152044296264648
-0.00474166870117188 -0.0502052307128906 -0.0379104614257813 -0.0243148803710938
0.0344085693359375 -0.0369224548339844 -0.0490875244140625 -0.0766143798828125
0.04766845703125 0.0252685546875 0.0236968994140625 -0.153305053710937
0.021697998046875 0.0629615783691406 0.125984191894531 -0.113540649414063
-0.00255584716796874 0.0676765441894531 0.119110107421875 0.03692626953125
0.00538730621337891 -0.00655269622802735 -0.134941101074219 -0.03369140625
0.00482940673828125 -0.0118417739868164 -0.132293701171875 0.113853454589844
0.0131540298461914 -0.00609683990478516 -0.00140380859374999 0.15576171875
-0.000338554382324218 -0.0109720230102539 0.0543365478515625 0.076873779296875
-0.0073695182800293 -0.000195026397705078 0.0301342010498047 0.0113277435302734
0.00346565246582031 0.00886249542236328 -0.0126056671142578 0.00100040435791015
0.00911521911621094 0.00662708282470703 -0.0515632629394531 0.0265464782714844
0.00708866119384766 0.00236129760742188 -0.0857391357421875 0.0558090209960938
0.00294375419616699 0.00110626220703125 -0.13067626953125 0.0566024780273438
-0.000982761383056641 -0.00299930572509766 -0.178543090820313 0.00703430175781253
0.00249075889587402 -0.0021660327911377 -0.19281005859375 -0.0682830810546875
-0.00407528877258301 0.000261545181274413 -0.134994506835937 -0.168869018554688
-0.0139989852905273 -0.00365734100341797 0.00378417968750002 -0.23553466796875
-0.0136680603027344 -0.0258769989013672 0.0843505859375 -0.185333251953125
0.00379562377929688 -0.0370330810546875 0.126319885253906 -0.118743896484375
0.00881576538085937 0.0484390258789063 -0.124526977539062 -0.0397415161132812
0.0395584106445312 0.0354194641113281 -0.128990173339844 0.102035522460937
0.0639419555664063 0.0005035400390625 -0.0136871337890625 0.152389526367188
0.0303153991699219 -0.0487289428710937 0.0468292236328125 0.0819625854492188
-0.0154991149902344 -0.0442237854003906 0.0326175689697266 0.019500732421875
-0.0402107238769531 -0.0148239135742187 -0.00893688201904297 0.0040740966796875
-0.0321598052978516 0.0118885040283203 -0.0454788208007813 0.0258522033691406
-0.0236339569091797 0.0109004974365234 -0.0798416137695313 0.0545425415039063
-0.0331592559814453 0.00856399536132813 -0.126548767089844 0.0558700561523437
-0.038116455078125 -0.00841140747070313 -0.176284790039063 0.00918579101562501
-0.0219745635986328 -0.0262260437011719 -0.1907958984375 -0.0632476806640625
-0.00666427612304688 -0.035552978515625 -0.137832641601563 -0.162521362304688
0.0225868225097656 -0.0226154327392578 -0.0067291259765625 -0.2353515625
0.0315017700195313 0.000698089599609375 0.0799713134765625 -0.191909790039063
0.0226802825927734 0.0149307250976563 0.132110595703125 -0.125709533691406
0.0124359130859375 0.0977401733398438 -0.117111206054687 -0.0359344482421875
0.074981689453125 0.074188232421875 -0.12554931640625 0.08642578125
0.107330322265625 0.00031280517578125 -0.03070068359375 0.14752197265625
0.0525894165039063 -0.0826034545898438 0.0351486206054688 0.0983200073242187
-0.0268783569335937 -0.0800094604492188 0.0441627502441406 0.0406074523925781
-0.0785064697265625 -0.0316848754882812 0.0125913619995117 0.0111684799194336
-0.0675468444824219 0.0156478881835938 -0.0230369567871094 0.0191707611083984
-0.0500297546386719 0.0171585083007813 -0.0629386901855469 0.044525146484375
-0.0648612976074219 0.0147895812988281 -0.113349914550781 0.047943115234375
-0.07220458984375 -0.0157394409179687 -0.162811279296875 0.00415039062499996
-0.0435028076171875 -0.0514373779296875 -0.179534912109375 -0.0632476806640625
-0.00702285766601562 -0.0695114135742188 -0.13055419921875 -0.157760620117188
0.0592613220214844 -0.038055419921875 -0.00552368164062498 -0.231109619140625
0.0733261108398438 0.0287094116210937 0.085052490234375 -0.1885986328125
0.0387001037597656 0.0654754638671875 0.138984680175781 -0.118064880371094
0.0183029174804687 0.133651733398438 -0.113410949707031 -0.0214004516601562
0.107093811035156 0.0947647094726563 -0.125328063964844 0.0787811279296875
0.135093688964844 -0.0120086669921875 -0.048126220703125 0.153213500976563
0.0584335327148438 -0.108787536621094 0.0323257446289063 0.12713623046875
-0.03955078125 -0.100257873535156 0.0687828063964844 0.0661430358886719
-0.105323791503906 -0.0388565063476562 0.0493354797363281 0.0159416198730469
-0.0905075073242188 0.0202865600585937 0.0112142562866211 0.00754547119140625
-0.069976806640625 0.0216751098632813 -0.0365562438964844 0.0271682739257813
-0.0893478393554687 0.01885986328125 -0.0907211303710938 0.0323562622070313
-0.09893798828125 -0.0232467651367188 -0.139350891113281 -0.00579833984375
-0.0582351684570312 -0.0750198364257813 -0.156661987304688 -0.0661468505859375
-0.000671386718750011 -0.0993194580078125 -0.111968994140625 -0.151809692382813
0.0923004150390625 -0.0439376831054688 0.0053558349609375 -0.219085693359375
0.103103637695313 0.0574188232421875 0.096954345703125 -0.17529296875
0.046356201171875 0.10565185546875 0.146087646484375 -0.0935211181640625
0.0245513916015625 0.1484375 -0.112106323242188 0.00525665283203127
0.123489379882813 0.0927047729492188 -0.128974914550781 0.0881118774414062
0.137313842773438 -0.0257797241210937 -0.0556182861328125 0.172698974609375
0.0486526489257813 -0.116165161132813 0.044830322265625 0.158920288085938
-0.0498809814453125 -0.0991592407226563 0.103134155273437 0.086517333984375
-0.114601135253906 -0.0340347290039063 0.0933914184570312 0.015289306640625
-0.0972518920898438 0.0235824584960938 0.0492897033691406 -0.0106163024902344
-0.077545166015625 0.023345947265625 -0.00614547729492188 0.00480747222900391
-0.104415893554688 0.0191268920898438 -0.0610427856445313 0.0135345458984375
-0.111991882324219 -0.0339279174804688 -0.105438232421875 -0.0171966552734375
-0.0608901977539063 -0.0929718017578125 -0.123565673828125 -0.0652389526367188
0.0140609741210938 -0.116790771484375 -0.0861358642578125 -0.138168334960938
0.117652893066406 -0.0350570678710937 0.0182952880859375 -0.197982788085938
0.11297607421875 0.0836944580078125 0.108169555664063 -0.154647827148438
0.0438766479492187 0.129989624023438 0.14776611328125 -0.0602569580078125
0.026885986328125 0.141281127929688 -0.111175537109375 0.0399017333984375
0.117118835449219 0.0776596069335938 -0.128196716308594 0.109725952148438
0.117889404296875 -0.0297622680664063 -0.0442657470703125 0.196517944335937
0.033660888671875 -0.101058959960938 0.071746826171875 0.182952880859375
-0.049072265625 -0.0816802978515625 0.142120361328125 0.0958404541015625
-0.104606628417969 -0.0253829956054688 0.134719848632812 0.00562286376953125
-0.0883026123046875 0.0220794677734375 0.083984375 -0.0315399169921875
-0.073516845703125 0.0206298828125 0.0240306854248047 -0.0177211761474609
-0.101776123046875 0.0130767822265625 -0.0258293151855469 -0.00433540344238282
-0.105667114257812 -0.0430526733398438 -0.0634880065917969 -0.0237388610839844
-0.0470046997070312 -0.099212646484375 -0.0859756469726563 -0.05767822265625
0.0339584350585937 -0.109779357910156 -0.0641937255859375 -0.116081237792969
0.120582580566406 -0.010406494140625 0.0250701904296875 -0.175308227539063
0.0977783203125 0.0997390747070312 0.116043090820313 -0.134490966796875
0.029327392578125 0.131752014160156 0.143722534179688 -0.0208587646484375
0.0225296020507812 0.115470886230469 -0.111213684082031 0.074920654296875
0.0896835327148438 0.0579376220703125 -0.120285034179688 0.136253356933594
0.0867462158203125 -0.0212860107421875 -0.0214385986328125 0.213912963867188
0.0240440368652344 -0.0697059631347656 0.101852416992188 0.192398071289063
-0.0378990173339844 -0.0562553405761719 0.17095947265625 0.0920867919921875
-0.079925537109375 -0.0154342651367187 0.164108276367188 -0.0077667236328125
-0.065673828125 0.0157508850097656 0.109771728515625 -0.0517120361328125
-0.0578460693359375 0.0149497985839844 0.0508842468261719 -0.0365028381347656
-0.08197021484375 0.00690460205078127 0.00743484497070312 -0.0185432434082031
-0.080078125 -0.04290771484375 -0.0232467651367188 -0.0221405029296875
-0.0246429443359375 -0.0856094360351563 -0.0554542541503906 -0.0398368835449219
0.0438385009765625 -0.0797805786132813 -0.0525741577148438 -0.0927047729492187
0.0961227416992188 0.0157318115234375 0.0234375 -0.160446166992188
0.0634994506835938 0.0950241088867188 0.121864318847656 -0.123497009277344
0.011749267578125 0.110275268554688 0.134681701660156 0.0128860473632813
0.0129470825195312 0.0753631591796875 -0.111640930175781 0.105377197265625
0.0502853393554688 0.0380821228027344 -0.107025146484375 0.1583251953125
0.053131103515625 -0.00488662719726563 0.00213623046875 0.222457885742187
0.0178813934326172 -0.0343074798583984 0.124313354492187 0.189910888671875
-0.0196018218994141 -0.0298900604248047 0.18768310546875 0.0836639404296875
-0.0441398620605469 -0.00942611694335938 0.181655883789062 -0.022430419921875
-0.0356407165527344 0.00730133056640625 0.125587463378906 -0.0662612915039063
-0.0323772430419922 0.0077056884765625 0.0683822631835938 -0.0503425598144531
-0.0491180419921875 8.39233398437416E-05 0.0322742462158203 -0.0261802673339844
-0.0435218811035156 -0.0305747985839844 0.00485038757324218 -0.0155458450317383
-0.00437545776367188 -0.0527496337890625 -0.0364608764648438 -0.0244026184082031
0.0358314514160156 -0.0374946594238281 -0.0500946044921875 -0.07684326171875
0.0508041381835938 0.0269279479980469 0.0213623046875 -0.157196044921875
0.0228958129882813 0.0659217834472656 0.127250671386719 -0.117156982421875
-0.0020904541015625 0.068328857421875 0.122085571289063 0.0380020141601563
0.00563859939575195 -0.00830316543579102 -0.140213012695313 -0.0338973999023437
0.00323677062988281 -0.0130453109741211 -0.135711669921875 0.121536254882812
0.0141735076904297 -0.00817012786865234 0.00120544433593749 0.164138793945313
-0.00120353698730469 -0.01251220703125 0.0575714111328125 0.0787734985351563
-0.00773906707763672 0.000310420989990235 0.0303840637207031 0.0101222991943359
0.00475072860717773 0.00873565673828125 -0.0150003433227539 0.00099945068359375
0.0110082626342773 0.00641441345214844 -0.0549812316894531 0.0295753479003906
0.00882720947265625 0.00266838073730469 -0.0874710083007813 0.061187744140625
0.00411891937255859 0.00157546997070313 -0.135162353515625 0.0613174438476563
-0.00106096267700195 -0.00308775901794434 -0.186004638671875 0.0111541748046875
0.0014498233795166 -0.00261545181274414 -0.202774047851563 -0.0674591064453125
-0.00361394882202148 0.000502586364746094 -0.144332885742188 -0.173614501953125
-0.0146446228027344 -0.00322628021240234 0.000701904296874981 -0.246429443359375
-0.0134239196777344 -0.0265026092529297 0.0864715576171875 -0.196319580078125
0.00492477416992188 -0.0388908386230469 0.133857727050781 -0.127342224121094
0.00820159912109375 0.050689697265625 -0.130615234375 -0.0421600341796875
0.0405807495117188 0.0367546081542969 -0.133682250976563 0.107917785644531
0.0674171447753906 -0.00204086303710937 -0.0120391845703125 0.159530639648438
0.0317306518554688 -0.0528450012207031 0.04986572265625 0.0847854614257812
-0.0172195434570312 -0.0463485717773438 0.0332183837890625 0.0192985534667969
-0.0429916381835938 -0.0144882202148438 -0.0113801956176758 0.00459861755371094
-0.0328617095947266 0.0130214691162109 -0.0474777221679688 0.0286064147949219
-0.0237541198730469 0.0106620788574219 -0.0815963745117188 0.059112548828125
-0.032989501953125 0.0102462768554688 -0.130538940429688 0.0616683959960937
-0.0410423278808594 -0.00884246826171875 -0.182708740234375 0.0130615234375
-0.0248699188232422 -0.0279903411865234 -0.20050048828125 -0.0619354248046875
-0.00742721557617187 -0.0371475219726563 -0.147125244140625 -0.16705322265625
0.0240802764892578 -0.0235652923583984 -0.0113372802734375 -0.245803833007813
0.03387451171875 0.000532150268554688 0.0811309814453125 -0.202987670898438
0.0249099731445313 0.0152854919433594 0.138778686523438 -0.135116577148438
0.0126495361328125 0.104293823242188 -0.122283935546875 -0.0386199951171875
0.0790023803710938 0.0776443481445313 -0.130126953125 0.09173583984375
0.11376953125 -0.00232696533203125 -0.0298309326171875 0.154922485351563
0.0540313720703125 -0.0885391235351563 0.037811279296875 0.102203369140625
-0.0284423828125 -0.0848922729492188 0.0463333129882813 0.0412483215332031
-0.0834503173828125 -0.0319061279296875 0.0113353729248047 0.0117216110229492
-0.0703048706054688 0.0181655883789063 -0.0241851806640625 0.0206470489501953
-0.0514411926269531 0.0172920227050781 -0.0634880065917969 0.0484275817871094
-0.066558837890625 0.0173606872558594 -0.116691589355469 0.0520477294921875
-0.0768508911132813 -0.013885498046875 -0.17022705078125 0.00688171386718753
-0.0471076965332031 -0.0527267456054688 -0.188873291015625 -0.06243896484375
-0.0081634521484375 -0.0723495483398438 -0.138748168945312 -0.163116455078125
0.0629043579101563 -0.0396003723144531 -0.009735107421875 -0.241455078125
0.0793609619140625 0.0286865234375 0.0869293212890625 -0.199234008789063
0.0419807434082031 0.0675735473632813 0.146240234375 -0.127426147460938
0.0196380615234375 0.141082763671875 -0.118682861328125 -0.0219345092773438
0.113334655761719 0.0967483520507813 -0.130393981933594 0.084228515625
0.143280029296875 -0.015350341796875 -0.048492431640625 0.161483764648438
0.059906005859375 -0.115837097167969 0.0343704223632812 0.132850646972656
-0.0429763793945312 -0.104972839355469 0.0724334716796875 0.0674896240234375
-0.110847473144531 -0.0394058227539063 0.0512466430664062 0.0171623229980469
-0.0936126708984375 0.0228652954101562 0.0116901397705078 0.00757694244384766
-0.0718307495117187 0.0232009887695313 -0.0367546081542969 0.0298843383789063
-0.092926025390625 0.021728515625 -0.0935134887695313 0.0359954833984375
-0.105606079101563 -0.0222396850585937 -0.145431518554687 -0.00350952148437499
-0.0631561279296875 -0.07806396484375 -0.1640625 -0.0667572021484375
-0.00189208984375 -0.104248046875 -0.118942260742188 -0.156646728515625
0.0988006591796875 -0.0470046997070313 0.00221252441406252 -0.229156494140625
0.110359191894531 0.0584716796875 0.0986480712890625 -0.1861572265625
0.0504379272460937 0.111198425292969 0.153610229492188 -0.102828979492188
0.02685546875 0.1575927734375 -0.117576599121094 0.00611877441406253
0.131858825683594 0.095184326171875 -0.134552001953125 0.093353271484375
0.14520263671875 -0.0297088623046875 -0.05657958984375 0.182388305664063
0.0494918823242188 -0.122947692871094 0.0480804443359375 0.166427612304688
-0.0532608032226562 -0.103378295898438 0.11053466796875 0.0897140502929688
-0.120475769042969 -0.0335540771484375 0.098052978515625 0.0137863159179687
-0.100746154785156 0.0256729125976563 0.0516166687011719 -0.0124740600585937
-0.0801010131835938 0.0239944458007813 -0.00551986694335938 0.00620126724243164
-0.10748291015625 0.0215225219726563 -0.0618515014648438 0.0146751403808594
-0.118621826171875 -0.032867431640625 -0.109725952148438 -0.0179595947265625
-0.066497802734375 -0.0988540649414062 -0.1295166015625 -0.0666122436523438
0.0139236450195312 -0.123023986816406 -0.0913543701171875 -0.143173217773438
0.124420166015625 -0.037353515625 0.0167388916015625 -0.207763671875
0.123115539550781 0.0865478515625 0.110733032226563 -0.164810180664063
0.04766845703125 0.136405944824219 0.155776977539063 -0.0670928955078125
0.027679443359375 0.150115966796875 -0.1180419921875 0.0425338745117188
0.123588562011719 0.07989501953125 -0.133781433105469 0.117034912109375
0.12481689453125 -0.0326080322265625 -0.04412841796875 0.207839965820313
0.0345611572265625 -0.106254577636719 0.0766448974609375 0.190261840820313
-0.0528640747070312 -0.0855026245117188 0.149505615234375 0.097137451171875
-0.10955810546875 -0.0239181518554688 0.140716552734375 0.0030059814453125
-0.0909194946289062 0.0244522094726563 0.0869369506835938 -0.0347824096679688
-0.07550048828125 0.0208282470703125 0.0264739990234375 -0.0184555053710938
-0.105194091796875 0.0165557861328125 -0.0266056060791016 -0.00492477416992187
-0.111991882324219 -0.0429000854492188 -0.0665664672851563 -0.0243415832519531
-0.052154541015625 -0.106025695800781 -0.0893783569335938 -0.0574874877929687
0.034698486328125 -0.116813659667969 -0.0659866333007813 -0.119613647460938
0.127601623535156 -0.0114059448242188 0.0230560302734375 -0.183700561523438
0.106025695800781 0.104103088378906 0.119888305664063 -0.145004272460938
0.032958984375 0.139076232910156 0.151626586914063 -0.026336669921875
0.0242919921875 0.1220703125 -0.117271423339844 0.079864501953125
0.0947113037109375 0.0600204467773438 -0.125320434570313 0.144943237304687
0.0919036865234375 -0.0241546630859375 -0.020721435546875 0.225204467773438
0.0242462158203125 -0.0747528076171875 0.108505249023438 0.200164794921875
-0.0401115417480469 -0.05865478515625 0.180801391601562 0.0926971435546875
-0.0838165283203125 -0.0152587890625 0.1727294921875 -0.012054443359375
-0.0678787231445313 0.0172271728515625 0.114456176757812 -0.0564346313476563
-0.059356689453125 0.0156745910644531 0.05352783203125 -0.0391387939453125
-0.0857696533203125 0.00812530517578124 0.00711631774902343 -0.0208206176757812
-0.0855865478515625 -0.043701171875 -0.0242137908935547 -0.0249748229980469
-0.0279693603515625 -0.091644287109375 -0.0566749572753906 -0.0405616760253906
0.0451507568359375 -0.0845260620117188 -0.054412841796875 -0.0943374633789062
0.101974487304688 0.0162582397460938 0.0206298828125 -0.169143676757813
0.0696182250976563 0.0991134643554688 0.124168395996094 -0.132827758789063
0.0140533447265625 0.11590576171875 0.141464233398438 0.0111846923828125
0.013427734375 0.0798721313476563 -0.117340087890625 0.113334655761719
0.052642822265625 0.0385704040527344 -0.111907958984375 0.168731689453125
0.0563011169433594 -0.00562667846679688 0.00515747070312503 0.23260498046875
0.0189399719238281 -0.0369186401367188 0.133651733398438 0.197158813476562
-0.0212955474853516 -0.0307235717773438 0.198501586914063 0.083648681640625
-0.0461997985839844 -0.00788116455078126 0.190032958984375 -0.02642822265625
-0.0369834899902344 0.00753402709960938 0.130012512207031 -0.0726852416992188
-0.033203125 0.00824356079101563 0.07196044921875 -0.0542373657226563
-0.05145263671875 0.00154113769531251 0.0343151092529297 -0.0292224884033203
-0.0467185974121094 -0.0313644409179688 0.0068359375 -0.0178623199462891
-0.00545120239257813 -0.0555877685546875 -0.037078857421875 -0.0237960815429687
0.0382041931152344 -0.0403823852539063 -0.0523910522460938 -0.0791015625
0.0537605285644531 0.0293731689453125 0.018463134765625 -0.164077758789062
0.0268592834472656 0.0697021484375 0.129859924316406 -0.126693725585938
-0.0012054443359375 0.0716629028320313 0.128738403320313 0.0381088256835938
0.00492382049560547 -0.00928974151611328 -0.146881103515625 -0.0297698974609375
0.00207233428955078 -0.0138883590698242 -0.136306762695313 0.135704040527344
0.0140056610107422 -0.010136604309082 0.00952148437500001 0.171981811523437
-0.00188732147216797 -0.0141925811767578 0.0645599365234375 0.0787734985351563
-0.00773334503173828 0.000771522521972657 0.0316982269287109 0.00786590576171875
0.00505733489990234 0.00864505767822266 -0.0186271667480469 0.00280189514160156
0.0118446350097656 0.0057830810546875 -0.0563163757324219 0.0352859497070313
0.00966930389404297 0.000689506530761719 -0.0868911743164063 0.068695068359375
0.00485610961914062 0.0017852783203125 -0.138626098632813 0.071807861328125
-0.00250411033630371 -0.00272774696350098 -0.195480346679688 0.021026611328125
-0.00054931640625 -0.00407958030700684 -0.217742919921875 -0.060516357421875
-0.00336313247680664 0.000226497650146485 -0.160415649414063 -0.175201416015625
-0.0153684616088867 -0.00235748291015625 -0.011627197265625 -0.25927734375
-0.0157260894775391 -0.0279312133789063 0.0808563232421875 -0.21234130859375
0.00275421142578125 -0.0422935485839844 0.1376953125 -0.142959594726563
0.0107383728027344 0.0549812316894531 -0.13812255859375 -0.03973388671875
0.0443801879882813 0.0366172790527344 -0.134666442871094 0.120849609375
0.0718154907226563 -0.00533294677734375 -0.00457763671874999 0.169845581054688
0.030242919921875 -0.0566864013671875 0.0558929443359375 0.0852203369140625
-0.0204200744628906 -0.04833984375 0.0335960388183594 0.0180549621582031
-0.0440597534179688 -0.0138168334960937 -0.0134506225585938 0.00565433502197265
-0.0346755981445313 0.0148830413818359 -0.0489120483398437 0.032806396484375
-0.0228195190429688 0.0116615295410156 -0.081573486328125 0.0661239624023438
-0.0338020324707031 0.0125503540039062 -0.134475708007813 0.071044921875
-0.0456504821777344 -0.00602340698242188 -0.19232177734375 0.022796630859375
-0.0279502868652344 -0.0288848876953125 -0.213882446289062 -0.0546875
-0.00908660888671875 -0.0393409729003906 -0.163726806640625 -0.168411254882813
0.0244693756103516 -0.0257701873779297 -0.024261474609375 -0.259811401367188
0.0373649597167969 -0.00102996826171875 0.0753936767578125 -0.21917724609375
0.0272579193115234 0.0154342651367188 0.143035888671875 -0.150955200195313
0.0146636962890625 0.111946105957031 -0.129478454589844 -0.0352249145507813
0.086944580078125 0.07635498046875 -0.132408142089844 0.104522705078125
0.120880126953125 -0.00778961181640625 -0.0233612060546875 0.165847778320313
0.0530624389648438 -0.097686767578125 0.0446395874023437 0.105010986328125
-0.0360794067382813 -0.0892105102539063 0.0503501892089844 0.0412979125976562
-0.0909194946289062 -0.0297927856445313 0.0111923217773437 0.0133228302001953
-0.0716934204101563 0.02203369140625 -0.0238685607910156 0.0245113372802734
-0.0526351928710938 0.02008056640625 -0.0619125366210938 0.05419921875
-0.0687675476074219 0.0216636657714844 -0.120010375976563 0.0608291625976562
-0.0823593139648438 -0.00955963134765626 -0.176651000976563 0.014617919921875
-0.0542259216308594 -0.0555000305175781 -0.201522827148438 -0.0561370849609375
-0.011260986328125 -0.07745361328125 -0.153289794921875 -0.164108276367188
0.0643692016601563 -0.04461669921875 -0.0222930908203125 -0.2532958984375
0.0859603881835938 0.0265426635742187 0.0821685791015625 -0.2161865234375
0.0481796264648438 0.0688285827636719 0.149993896484375 -0.143020629882813
0.02532958984375 0.150802612304687 -0.124603271484375 -0.0185470581054687
0.123710632324219 0.0979537963867187 -0.134407043457031 0.0965423583984375
0.152145385742188 -0.0234222412109375 -0.04241943359375 0.174179077148438
0.05859375 -0.127410888671875 0.0421295166015625 0.135932922363281
-0.0496673583984375 -0.108543395996094 0.0780792236328125 0.0680694580078125
-0.118453979492188 -0.0351791381835937 0.0535697937011719 0.0158958435058594
-0.0970458984375 0.0288925170898437 0.0121297836303711 0.0086202621459961
-0.07421875 0.0251388549804687 -0.0361747741699219 0.0339851379394531
-0.0965347290039062 0.02740478515625 -0.0953598022460938 0.041961669921875
-0.111366271972656 -0.0159988403320313 -0.153915405273438 0.00228881835937502
-0.0726394653320313 -0.0799942016601563 -0.175460815429688 -0.0613250732421875
-0.00762939453125 -0.111404418945312 -0.133346557617188 -0.160125732421875
0.10302734375 -0.054962158203125 -0.0096588134765625 -0.2412109375
0.123260498046875 0.0564727783203125 0.0950164794921875 -0.203109741210937
0.0590896606445313 0.114028930664062 0.15753173828125 -0.118621826171875
0.0326385498046875 0.16748046875 -0.123260498046875 0.0131912231445312
0.140151977539063 0.0962600708007813 -0.137649536132813 0.105125427246094
0.152816772460938 -0.039306640625 -0.049652099609375 0.195465087890625
0.047149658203125 -0.134117126464844 0.0586090087890625 0.17242431640625
-0.0624008178710938 -0.106864929199219 0.12066650390625 0.0891036987304688
-0.129150390625 -0.0300064086914062 0.103561401367187 0.00838470458984375
-0.10345458984375 0.0322418212890625 0.053802490234375 -0.0179443359375
-0.0827484130859375 0.028594970703125 -0.00246191024780274 0.00581455230712891
-0.110435485839844 0.0277938842773438 -0.064361572265625 0.0188407897949219
-0.126762390136719 -0.0268783569335937 -0.118522644042969 -0.0128936767578125
-0.0766677856445313 -0.101699829101562 -0.137260437011719 -0.0634841918945312
0.00858306884765625 -0.130142211914063 -0.101455688476562 -0.146347045898438
0.131881713867187 -0.0456924438476563 0.00595092773437503 -0.21771240234375
0.136146545410156 0.0857009887695313 0.109451293945313 -0.181106567382813
0.0568695068359375 0.141998291015625 0.1629638671875 -0.0800933837890625
0.0345458984375 0.16033935546875 -0.122589111328125 0.0502090454101563
0.132865905761719 0.0793838500976562 -0.136543273925781 0.129852294921875
0.131965637207031 -0.0417022705078125 -0.036346435546875 0.221527099609375
0.0320205688476563 -0.115325927734375 0.08929443359375 0.196563720703125
-0.0598068237304688 -0.0877227783203125 0.161941528320313 0.09344482421875
-0.116111755371094 -0.0202560424804688 0.147735595703125 -0.0057830810546875
-0.0933685302734375 0.030792236328125 0.089874267578125 -0.0427322387695313
-0.079071044921875 0.0249176025390625 0.0274753570556641 -0.0215187072753906
-0.109565734863281 0.022186279296875 -0.0282630920410156 -0.00547218322753906
-0.120635986328125 -0.0376205444335938 -0.0701560974121094 -0.0250053405761719
-0.0600051879882813 -0.110931396484375 -0.0950775146484375 -0.0562210083007813
0.0319976806640625 -0.126045227050781 -0.0753631591796875 -0.122589111328125
0.136077880859375 -0.0191726684570313 0.01361083984375 -0.19287109375
0.118171691894531 0.106796264648438 0.116836547851563 -0.159317016601563
0.0419769287109375 0.144683837890625 0.159317016601563 -0.0355224609375
0.0292129516601563 0.130302429199219 -0.123092651367188 0.0912017822265625
0.103370666503906 0.0586318969726563 -0.124801635742187 0.159561157226563
0.0970306396484375 -0.0305099487304688 -0.0101470947265625 0.240676879882812
0.022552490234375 -0.081024169921875 0.124313354492187 0.204025268554687
-0.0462074279785156 -0.0601463317871094 0.194229125976562 0.088165283203125
-0.087646484375 -0.0105819702148437 0.180160522460938 -0.0248565673828125
-0.0697822570800781 0.0204734802246094 0.117774963378906 -0.0649490356445313
-0.0611114501953125 0.0185089111328125 0.0554771423339844 -0.0455551147460938
-0.088134765625 0.0136337280273437 0.00701904296875 -0.023834228515625
-0.0925827026367188 -0.0411148071289062 -0.0277519226074219 -0.0255889892578125
-0.0355758666992188 -0.0955886840820313 -0.0590248107910156 -0.0394744873046875
0.0447616577148438 -0.0947036743164063 -0.0607147216796875 -0.09527587890625
0.110855102539063 0.0134658813476562 0.01220703125 -0.1781005859375
0.0806961059570313 0.102615356445313 0.123123168945313 -0.147796630859375
0.0194549560546875 0.121551513671875 0.150558471679688 0.00128173828125001
0.0155029296875 0.085418701171875 -0.119857788085938 0.12554931640625
0.056121826171875 0.0380058288574219 -0.110580444335938 0.184814453125
0.060394287109375 -0.00954437255859375 0.0177001953125 0.24407958984375
0.0188179016113281 -0.0393142700195313 0.150955200195313 0.199417114257813
-0.0214309692382813 -0.0301609039306641 0.213531494140625 0.0784149169921875
-0.0489921569824219 -0.00743484497070313 0.199050903320313 -0.0387420654296875
-0.03759765625 0.0108261108398438 0.131851196289063 -0.0844955444335938
-0.0345191955566406 0.00870704650878907 0.0730514526367188 -0.0606307983398438
-0.0541839599609375 0.00466918945312501 0.0346393585205078 -0.0334815979003906
-0.0511817932128906 -0.0299606323242187 0.00577735900878906 -0.0199356079101563
-0.0094757080078125 -0.060150146484375 -0.0382652282714844 -0.0239143371582031
0.0378837585449219 -0.0448760986328125 -0.0583038330078125 -0.0777435302734375
0.0595970153808594 0.0291023254394531 0.00807189941406252 -0.172805786132813
0.0326919555664063 0.0733718872070312 0.12896728515625 -0.142120361328125
0.00342559814453124 0.0758285522460938 0.138008117675781 0.03326416015625
0.00262546539306641 -0.0113716125488281 -0.152450561523438 -0.023284912109375
-0.00205612182617188 -0.0168437957763672 -0.132720947265625 0.150558471679687
0.0126571655273438 -0.0143575668334961 0.02099609375 0.176589965820313
-0.00502300262451172 -0.0146942138671875 0.0729904174804688 0.07470703125
-0.00888252258300781 0.0027456283569336 0.0302333831787109 0.00640106201171875
0.00646829605102539 0.00635099411010742 -0.017578125 0.00508308410644532
0.0120334625244141 0.00331878662109375 -0.0536041259765625 0.0395278930664062
0.00806188583374024 0.000887393951416016 -0.0820159912109375 0.0791778564453125
0.00624704360961914 0.00192689895629883 -0.137611389160156 0.0838775634765625
-0.00437521934509277 -0.00322699546813965 -0.1988525390625 0.037139892578125
-0.00226688385009766 -0.00420904159545898 -0.2257080078125 -0.0446624755859375
-0.00114035606384277 0.000656962394714356 -0.177291870117188 -0.16827392578125
-0.0156574249267578 -0.00381183624267578 -0.0308837890625 -0.264694213867188
-0.0173397064208984 -0.0292205810546875 0.0699005126953125 -0.223907470703125
0.00321578979492188 -0.0438423156738281 0.132705688476563 -0.160736083984375
0.0125083923339844 0.0566062927246094 -0.142669677734375 -0.03070068359375
0.0464439392089844 0.0332527160644531 -0.128562927246094 0.136085510253906
0.07366943359375 -0.0137100219726563 0.00964355468750002 0.177322387695312
0.0286979675292969 -0.0609855651855469 0.0635452270507813 0.0843353271484375
-0.0254669189453125 -0.0475997924804688 0.0363349914550781 0.0149040222167969
-0.0468177795410156 -0.0101432800292969 -0.0146932601928711 0.0102024078369141
-0.0343685150146484 0.0160236358642578 -0.0478744506835938 0.0353584289550781
-0.0239963531494141 0.0139446258544922 -0.077880859375 0.0754165649414063
-0.0334873199462891 0.0161399841308594 -0.133613586425781 0.0841140747070312
-0.046875 -0.00142669677734375 -0.195877075195313 0.0369110107421875
-0.0310211181640625 -0.0289573669433594 -0.224777221679688 -0.0396881103515625
-0.0132408142089844 -0.0424232482910156 -0.180618286132813 -0.160903930664063
0.0250301361083984 -0.0282096862792969 -0.046661376953125 -0.263351440429687
0.0385971069335938 -0.00448989868164063 0.060302734375 -0.233154296875
0.0292243957519531 0.0110874176025391 0.139968872070313 -0.167587280273438
0.025848388671875 0.115470886230469 -0.136398315429688 -0.0300750732421875
0.0916671752929688 0.074737548828125 -0.128776550292969 0.118690490722656
0.126274108886719 -0.0198440551757813 -0.0082244873046875 0.170547485351562
0.0471038818359375 -0.108627319335938 0.0528182983398437 0.102760314941406
-0.0429153442382813 -0.0906600952148438 0.0515823364257813 0.0404129028320312
-0.0947723388671875 -0.0263900756835937 0.0133352279663086 0.0131902694702148
-0.0750656127929688 0.0262451171875 -0.0207672119140625 0.0266876220703125
-0.0535812377929688 0.0213394165039063 -0.0582351684570313 0.0611648559570313
-0.0679817199707031 0.0285835266113281 -0.118850708007813 0.0722427368164062
-0.0838394165039063 -0.00161743164062499 -0.181167602539063 0.03033447265625
-0.0643310546875 -0.05126953125 -0.20904541015625 -0.0395660400390625
-0.0146942138671875 -0.0801620483398437 -0.170867919921875 -0.157699584960938
0.065032958984375 -0.0532379150390625 -0.0435028076171875 -0.260726928710938
0.0914840698242188 0.0209732055664063 0.068939208984375 -0.229095458984375
0.0553855895996094 0.0679893493652344 0.14495849609375 -0.159912109375
0.037353515625 0.153472900390625 -0.127677917480469 -0.0104522705078125
0.1337890625 0.0903778076171875 -0.130577087402344 0.106788635253906
0.155364990234375 -0.037872314453125 -0.0296630859375 0.182876586914062
0.0522994995117188 -0.135978698730469 0.0528488159179688 0.134574890136719
-0.0610198974609375 -0.109451293945312 0.0856704711914062 0.0631332397460938
-0.124839782714844 -0.0269317626953125 0.056488037109375 0.00958251953125
-0.100868225097656 0.0356674194335937 0.0122861862182617 0.00347423553466797
-0.0739288330078125 0.0301742553710937 -0.0320892333984375 0.0350894927978516
-0.0937576293945313 0.0342025756835938 -0.09393310546875 0.0493850708007812
-0.116989135742187 -0.00594329833984376 -0.155853271484375 0.0124969482421875
-0.0824050903320313 -0.0775375366210938 -0.18646240234375 -0.0470123291015625
-0.0175018310546875 -0.113883972167969 -0.149505615234375 -0.152725219726562
0.103355407714844 -0.0642013549804688 -0.0268402099609375 -0.246078491210937
0.129890441894531 0.0476531982421875 0.0799102783203125 -0.2159423828125
0.0695037841796875 0.11175537109375 0.156539916992188 -0.137985229492188
0.0445098876953125 0.178543090820313 -0.125885009765625 0.0182876586914062
0.15386962890625 0.0914764404296875 -0.131965637207031 0.120841979980469
0.15631103515625 -0.051422119140625 -0.0416107177734375 0.2049560546875
0.04083251953125 -0.143051147460938 0.073822021484375 0.172760009765625
-0.07208251953125 -0.110321044921875 0.132095336914063 0.0827407836914063
-0.136947631835937 -0.0198898315429688 0.104385375976562 -0.000236511230468751
-0.106681823730469 0.0443801879882813 0.0520668029785156 -0.0231094360351562
-0.0863571166992188 0.0320892333984375 0.000364303588867182 0.00530481338500977
-0.111892700195313 0.0369186401367188 -0.0651588439941406 0.0254096984863281
-0.135231018066406 -0.0168075561523437 -0.122764587402344 -0.00458526611328124
-0.0889434814453125 -0.102928161621094 -0.147903442382813 -0.053466796875
-0.000267028808593746 -0.136306762695313 -0.116775512695313 -0.1453857421875
0.134307861328125 -0.0525665283203125 -0.011993408203125 -0.224472045898438
0.146255493164063 0.0756683349609375 0.097991943359375 -0.193435668945313
0.06854248046875 0.140037536621094 0.16229248046875 -0.0986175537109375
0.04925537109375 0.164581298828125 -0.122543334960938 0.0607376098632813
0.14239501953125 0.0747528076171875 -0.12872314453125 0.144119262695312
0.130271911621094 -0.0522918701171875 -0.022552490234375 0.232650756835938
0.0238571166992188 -0.122177124023438 0.106231689453125 0.198715209960938
-0.0685501098632812 -0.08514404296875 0.174209594726562 0.0818023681640625
-0.123359680175781 -0.00653839111328127 0.151947021484375 -0.0171356201171875
-0.0965728759765625 0.034027099609375 0.0851364135742188 -0.0537567138671875
-0.0758056640625 0.0280838012695312 0.0259857177734375 -0.0235347747802734
-0.109840393066406 0.0289154052734375 -0.0282649993896484 -0.00402259826660156
-0.124809265136719 -0.0285110473632812 -0.0750503540039063 -0.0174713134765625
-0.0754241943359375 -0.109931945800781 -0.099456787109375 -0.05047607421875
0.0219192504882812 -0.134124755859375 -0.0841827392578125 -0.117507934570313
0.143478393554688 -0.02728271484375 -0.002197265625 -0.199966430664063
0.131057739257813 0.100250244140625 0.109298706054688 -0.175430297851563
0.0528717041015625 0.148361206054687 0.162353515625 -0.0524749755859375
0.03643798828125 0.133186340332031 -0.119850158691406 0.104339599609375
0.109664916992187 0.05511474609375 -0.119796752929688 0.17889404296875
0.096466064453125 -0.0401535034179688 0.0081329345703125 0.251358032226563
0.0180435180664063 -0.082183837890625 0.140106201171875 0.1988525390625
-0.050933837890625 -0.0590057373046875 0.2054443359375 0.07373046875
-0.091827392578125 -0.00525665283203123 0.181060791015625 -0.03533935546875
-0.0694236755371094 0.0301475524902344 0.111824035644531 -0.0790176391601563
-0.0608673095703125 0.0198478698730469 0.0540046691894531 -0.0516433715820313
-0.09130859375 0.0170440673828125 0.00697135925292968 -0.0236091613769531
-0.098236083984375 -0.0322036743164063 -0.0292701721191406 -0.0267238616943359
-0.046905517578125 -0.0954055786132813 -0.0649795532226563 -0.03802490234375
0.0384902954101563 -0.102828979492187 -0.0683364868164063 -0.0955123901367187
0.115768432617188 0.00424957275390625 -0.00347900390624998 -0.1815185546875
0.0896759033203125 0.0993881225585937 0.114395141601563 -0.163482666015625
0.0265274047851562 0.122459411621094 0.153610229492188 -0.00941467285156249
0.0242462158203125 0.0862884521484375 -0.11578369140625 0.138587951660156
0.0573654174804688 0.0335655212402344 -0.101821899414062 0.198699951171875
0.0595855712890625 -0.0139122009277344 0.0355072021484375 0.253952026367188
0.016937255859375 -0.0435218811035156 0.17034912109375 0.197052001953125
-0.0253314971923828 -0.0313625335693359 0.222869873046875 0.063018798828125
-0.0490303039550781 -0.00421905517578124 0.200927734375 -0.0575408935546875
-0.0343036651611328 0.0138149261474609 0.13043212890625 -0.099456787109375
-0.0320281982421875 0.00845527648925781 0.07318115234375 -0.0690536499023438
-0.0552330017089844 0.00630569458007813 0.0326042175292969 -0.0392608642578125
-0.0558128356933594 -0.0244789123535156 0.00437736511230468 -0.0240383148193359
-0.0134391784667969 -0.0609016418457031 -0.0405311584472656 -0.0202713012695312
0.0357170104980469 -0.0503501892089844 -0.06536865234375 -0.0742263793945312
0.0640487670898437 0.0246315002441406 -0.00601196289062499 -0.175796508789063
0.0402755737304688 0.0714340209960938 0.117813110351563 -0.153656005859375
0.00794219970703125 0.0741348266601563 0.14288330078125 0.026092529296875
0.00209617614746094 -0.00868606567382813 -0.15374755859375 -0.014068603515625
-0.00220680236816406 -0.0161581039428711 -0.117477416992188 0.159317016601562
0.0107336044311523 -0.0150337219238281 0.0380706787109375 0.174392700195313
-0.00853824615478516 -0.0118303298950195 0.0753631591796875 0.0675430297851562
-0.00787687301635742 0.00171852111816406 0.0272026062011719 0.00336647033691406
0.00282669067382813 0.00612354278564453 -0.0197010040283203 0.0075225830078125
0.0137948989868164 0.00215244293212891 -0.0520858764648437 0.0478401184082031
0.0103969573974609 -0.00301170349121094 -0.0758590698242187 0.0841064453125
0.00644350051879883 0.00032806396484375 -0.130477905273438 0.0951690673828125
-0.0030820369720459 -0.00225138664245606 -0.195098876953125 0.052154541015625
-0.00125205516815186 -0.00169825553894043 -0.227630615234375 -0.027862548828125
-0.00419354438781738 0.000381946563720702 -0.190521240234375 -0.153610229492187
-0.0125198364257813 -0.00191402435302734 -0.050140380859375 -0.262496948242187
-0.0178127288818359 -0.0281772613525391 0.0530548095703125 -0.23046875
-0.00202178955078125 -0.0458145141601563 0.122344970703125 -0.170486450195312
0.0160675048828125 0.0553398132324219 -0.142135620117188 -0.024078369140625
0.0486183166503906 0.0321769714355469 -0.11834716796875 0.14422607421875
0.073822021484375 -0.018218994140625 0.026580810546875 0.172470092773438
0.0214462280273438 -0.0652008056640625 0.06689453125 0.0754241943359375
-0.0285415649414063 -0.0465545654296875 0.0332202911376953 0.0114574432373047
-0.0500984191894531 -0.0095062255859375 -0.0133848190307617 0.0123624801635742
-0.0319576263427734 0.0180377960205078 -0.0435600280761719 0.0433807373046875
-0.0223464965820313 0.0116043090820313 -0.0683212280273438 0.0797500610351563
-0.0333271026611328 0.0172767639160156 -0.12457275390625 0.09271240234375
-0.0452156066894531 0.00249099731445313 -0.19122314453125 0.051727294921875
-0.0348358154296875 -0.0256996154785156 -0.22503662109375 -0.024566650390625
-0.0135421752929687 -0.0388526916503906 -0.19024658203125 -0.144500732421875
0.0225429534912109 -0.0289554595947266 -0.06195068359375 -0.256668090820313
0.0395164489746094 -0.00794219970703125 0.0456390380859375 -0.236328125
0.0303268432617187 0.0120220184326172 0.128128051757813 -0.183151245117188
0.031005859375 0.117134094238281 -0.136161804199219 -0.0213623046875
0.0974502563476562 0.0682296752929688 -0.11614990234375 0.124855041503906
0.125579833984375 -0.0300140380859375 0.00381469726562499 0.171585083007812
0.0401077270507813 -0.107742309570313 0.0579910278320312 0.09893798828125
-0.0491790771484375 -0.0850372314453125 0.052764892578125 0.0350837707519531
-0.0964813232421875 -0.01812744140625 0.0125179290771484 0.0129508972167969
-0.0698051452636719 0.0336189270019531 -0.0184154510498047 0.0307960510253906
-0.05157470703125 0.0252227783203125 -0.05108642578125 0.0631599426269531
-0.0660972595214844 0.0340309143066406 -0.112205505371094 0.079833984375
-0.0859909057617188 0.00622558593749999 -0.179428100585938 0.0427093505859375
-0.0664596557617188 -0.0464744567871094 -0.21234130859375 -0.0263824462890625
-0.0239410400390625 -0.0789260864257813 -0.182037353515625 -0.145980834960938
0.0627365112304688 -0.0563087463378906 -0.0599517822265625 -0.2552490234375
0.09442138671875 0.0144119262695313 0.0495452880859375 -0.233596801757813
0.0596542358398438 0.0644454956054688 0.136993408203125 -0.174331665039063
0.0461578369140625 0.156814575195313 -0.130073547363281 -0.00139617919921871
0.140060424804688 0.0816650390625 -0.12066650390625 0.118667602539062
0.15478515625 -0.0484161376953125 -0.0142822265625 0.183258056640625
0.04150390625 -0.141433715820312 0.0603103637695312 0.132469177246094
-0.0690460205078125 -0.105796813964844 0.0883102416992187 0.0584716796875
-0.127830505371094 -0.016143798828125 0.0559005737304688 0.00730514526367187
-0.095245361328125 0.0441360473632812 0.0145063400268555 0.00300312042236328
-0.0728912353515625 0.03240966796875 -0.0274162292480469 0.0381584167480469
-0.0923843383789062 0.04229736328125 -0.0917282104492188 0.0578842163085938
-0.116363525390625 0.00151824951171874 -0.156997680664063 0.026611328125
-0.0896835327148437 -0.0699234008789063 -0.18951416015625 -0.035400390625
-0.0225906372070313 -0.115974426269531 -0.15814208984375 -0.142913818359375
0.0999298095703125 -0.0715713500976563 -0.0455322265625 -0.2427978515625
0.135337829589844 0.0401535034179687 0.0653228759765625 -0.221939086914063
0.0756607055664063 0.108894348144531 0.145751953125 -0.151382446289063
0.058746337890625 0.172927856445313 -0.125137329101563 0.028961181640625
0.15826416015625 0.0762176513671875 -0.125358581542969 0.128456115722656
0.154144287109375 -0.0644378662109375 -0.018096923828125 0.20855712890625
0.0274658203125 -0.147308349609375 0.08197021484375 0.166976928710938
-0.0783462524414063 -0.101425170898438 0.13427734375 0.0720596313476563
-0.137649536132813 -0.00933837890625 0.103927612304688 -0.00627899169921875
-0.101593017578125 0.0479736328125 0.0504493713378906 -0.0270423889160156
-0.0806121826171875 0.0350418090820312 -0.000917434692382818 0.00461721420288086
-0.106613159179688 0.04461669921875 -0.0637626647949219 0.0268058776855469
-0.133140563964844 -0.00557708740234377 -0.12225341796875 0.000808715820312511
-0.0968246459960938 -0.0908355712890625 -0.14752197265625 -0.0438385009765625
-0.0102386474609375 -0.136810302734375 -0.124488830566406 -0.133834838867188
0.132957458496094 -0.06640625 -0.0270233154296875 -0.22174072265625
0.153976440429688 0.066986083984375 0.0811309814453125 -0.202865600585938
0.0772247314453125 0.135025024414063 0.154266357421875 -0.110931396484375
0.0589752197265625 0.163604736328125 -0.118194580078125 0.0681610107421875
0.14453125 0.062835693359375 -0.121063232421875 0.15362548828125
0.129005432128906 -0.0620498657226563 -0.00268554687499999 0.234329223632813
0.0164794921875 -0.124580383300781 0.119415283203125 0.1884765625
-0.0751266479492188 -0.0817108154296875 0.178512573242188 0.0705413818359375
-0.122749328613281 -0.00290679931640627 0.148605346679688 -0.0276336669921875
-0.0900039672851563 0.0433578491210937 0.0839309692382813 -0.0608444213867187
-0.077362060546875 0.0332794189453125 0.0260772705078125 -0.0287799835205078
-0.107528686523438 0.0389328002929687 -0.0288372039794922 -0.00198173522949218
-0.13006591796875 -0.0182418823242188 -0.0774688720703125 -0.0155105590820313
-0.0817413330078125 -0.105583190917969 -0.104026794433594 -0.0423965454101562
0.0142593383789062 -0.136032104492188 -0.093414306640625 -0.113693237304688
0.142471313476563 -0.0404815673828125 -0.0169830322265625 -0.195602416992188
0.140670776367187 0.088897705078125 0.0941162109375 -0.180877685546875
0.0604095458984375 0.140762329101562 0.158111572265625 -0.0645294189453125
0.0496368408203125 0.135177612304688 -0.114059448242188 0.110702514648438
0.112838745117188 0.04583740234375 -0.106170654296875 0.183258056640625
0.0959091186523438 -0.0470657348632813 0.028289794921875 0.244918823242187
0.0107498168945313 -0.0861892700195313 0.154739379882813 0.187469482421875
-0.0542793273925781 -0.0539283752441406 0.211181640625 0.058624267578125
-0.0894851684570313 0.00190734863281251 0.178359985351563 -0.051513671875
-0.067962646484375 0.0323143005371094 0.106460571289062 -0.0888137817382812
-0.05767822265625 0.0237922668457031 0.0479621887207031 -0.0559806823730469
-0.0878677368164063 0.0246658325195313 0.00583457946777343 -0.0256156921386719
-0.102828979492188 -0.02703857421875 -0.0306129455566406 -0.0254268646240234
-0.0540542602539063 -0.0945816040039062 -0.0641670227050781 -0.0307655334472656
0.0337295532226562 -0.104560852050781 -0.074249267578125 -0.0877304077148438
0.120536804199219 -0.00139617919921875 -0.0168609619140625 -0.179397583007813
0.099517822265625 0.09466552734375 0.099212646484375 -0.1690673828125
0.0368804931640625 0.122146606445312 0.155258178710938 -0.02166748046875
0.0279769897460938 0.0908203125 -0.1099853515625 0.145217895507813
0.0626068115234375 0.03375244140625 -0.088623046875 0.208465576171875
0.0608978271484375 -0.0175895690917969 0.0553131103515625 0.24822998046875
0.0138626098632812 -0.0441055297851563 0.182418823242188 0.18121337890625
-0.0282726287841797 -0.0291748046875 0.227630615234375 0.0440826416015625
-0.0508537292480469 -0.000167846679687505 0.192794799804687 -0.0699615478515625
-0.0378227233886719 0.0125007629394531 0.11859130859375 -0.106292724609375
-0.0317325592041016 0.0122604370117188 0.0653152465820313 -0.078155517578125
-0.0545539855957031 0.00888824462890625 0.0291290283203125 -0.0418777465820313
-0.0576629638671875 -0.0257720947265625 0.002349853515625 -0.02520751953125
-0.0207977294921875 -0.0628013610839844 -0.0414047241210938 -0.0171890258789063
0.0327682495117188 -0.0507164001464844 -0.0691375732421875 -0.0704193115234375
0.0699386596679687 0.0246810913085938 -0.0193634033203125 -0.17431640625
0.0442886352539063 0.070831298828125 0.105377197265625 -0.166717529296875
0.0128097534179687 0.0762252807617187 0.14410400390625 0.011810302734375
0.00213050842285156 -0.00927543640136719 -0.148971557617188 -0.00982666015624998
-0.00412845611572266 -0.014073371887207 -0.1064453125 0.163055419921875
0.0101985931396484 -0.0166091918945313 0.0478973388671875 0.168655395507813
-0.00733375549316406 -0.0140724182128906 0.0766754150390625 0.0625686645507813
-0.00837421417236328 0.00259494781494141 0.0255813598632813 0.00267982482910156
0.00487375259399414 0.00698614120483399 -0.0201911926269531 0.00942420959472656
0.0126924514770508 0.000562667846679687 -0.0470352172851562 0.0482368469238281
0.009429931640625 -0.00501155853271484 -0.0691986083984375 0.0857086181640625
0.00561428070068359 0.000204086303710937 -0.122596740722656 0.100151062011719
-0.00231170654296875 -0.00101757049560547 -0.187530517578125 0.05938720703125
-0.00203704833984375 -0.00230073928833008 -0.225112915039063 -0.0164642333984375
-0.00386357307434082 0.000147104263305665 -0.193588256835937 -0.14105224609375
-0.0140037536621094 -0.0018758773803711 -0.0617523193359375 -0.254348754882813
-0.0196075439453125 -0.0256099700927734 0.0418701171875 -0.227951049804688
-0.00465011596679688 -0.0438766479492187 0.1153564453125 -0.174819946289063
0.0196609497070313 0.056610107421875 -0.141265869140625 -0.0195159912109375
0.0490493774414063 0.0308151245117188 -0.1072998046875 0.148025512695313
0.071807861328125 -0.0222091674804688 0.03558349609375 0.167404174804688
0.0170974731445312 -0.0660629272460938 0.068511962890625 0.0716781616210938
-0.0307464599609375 -0.0465240478515625 0.0318508148193359 0.0119972229003906
-0.0500144958496094 -0.00432968139648437 -0.0144309997558594 0.0125255584716797
-0.0309333801269531 0.0180130004882813 -0.0409088134765625 0.043304443359375
-0.0216922760009766 0.011138916015625 -0.0626068115234375 0.08172607421875
-0.0294055938720703 0.0172309875488281 -0.117782592773438 0.097930908203125
-0.0438461303710938 0.00512313842773437 -0.183624267578125 0.0598907470703125
-0.0359115600585938 -0.0225830078125 -0.220474243164063 -0.0123138427734375
-0.0164451599121094 -0.0387611389160156 -0.19427490234375 -0.13348388671875
0.0230979919433594 -0.0312576293945313 -0.0726165771484375 -0.24945068359375
0.0383377075195313 -0.0100440979003906 0.0344085693359375 -0.234466552734375
0.0294532775878906 0.00857162475585938 0.11834716796875 -0.185760498046875
0.0373306274414063 0.114730834960938 -0.133102416992188 -0.0161514282226562
0.099700927734375 0.06500244140625 -0.107276916503906 0.129196166992188
0.123069763183594 -0.0349807739257813 0.0144195556640625 0.166885375976563
0.0331878662109375 -0.111724853515625 0.0598526000976562 0.0936965942382813
-0.0537948608398437 -0.083221435546875 0.0528602600097656 0.0321922302246094
-0.0975799560546875 -0.0112991333007813 0.0131721496582031 0.0138378143310547
-0.0676841735839844 0.0346832275390625 -0.0183944702148438 0.028656005859375
-0.0498466491699219 0.0250473022460938 -0.0473899841308594 0.0638999938964844
-0.0620384216308594 0.0337448120117188 -0.105644226074219 0.084747314453125
-0.0826568603515625 0.0108871459960937 -0.1729736328125 0.050994873046875
-0.0677146911621094 -0.0440521240234375 -0.2088623046875 -0.015625
-0.0261764526367187 -0.0763702392578125 -0.183425903320313 -0.13201904296875
0.0593643188476563 -0.0579910278320313 -0.0702667236328125 -0.244842529296875
0.0934677124023438 0.00786590576171875 0.0400238037109375 -0.232208251953125
0.0596275329589844 0.0595588684082031 0.12615966796875 -0.179397583007813
0.053375244140625 0.154449462890625 -0.126884460449219 0.001220703125
0.1417236328125 0.0766143798828125 -0.112510681152344 0.119789123535156
0.151504516601563 -0.0551300048828125 -0.00428771972656247 0.17901611328125
0.0312042236328125 -0.142044067382813 0.0639419555664063 0.127639770507813
-0.0746078491210938 -0.101600646972656 0.089019775390625 0.052978515625
-0.126594543457031 -0.00989532470703122 0.0556793212890625 0.00754928588867187
-0.0899429321289063 0.0460739135742188 0.0145711898803711 0.00331401824951172
-0.0696792602539063 0.0340995788574219 -0.0247611999511719 0.0368156433105469
-0.0877304077148438 0.0455551147460937 -0.0868988037109375 0.0606231689453125
-0.113693237304687 0.00961303710937498 -0.153030395507813 0.031463623046875
-0.091796875 -0.064483642578125 -0.184906005859375 -0.0275726318359375
-0.0285110473632812 -0.111824035644531 -0.160842895507813 -0.131881713867188
0.0974807739257813 -0.0755157470703125 -0.055877685546875 -0.234451293945313
0.136344909667969 0.0308990478515625 0.0543975830078125 -0.221343994140625
0.079193115234375 0.103668212890625 0.137603759765625 -0.155776977539063
0.0663299560546875 0.169387817382813 -0.121681213378906 0.0326461791992187
0.1583251953125 0.070037841796875 -0.116325378417969 0.130210876464844
0.150253295898438 -0.0706329345703125 -0.00727844238281248 0.20208740234375
0.019317626953125 -0.145828247070313 0.08685302734375 0.16064453125
-0.0833663940429687 -0.0967254638671875 0.134109497070313 0.065032958984375
-0.134849548339844 -0.00206756591796874 0.102836608886719 -0.0091094970703125
-0.0961685180664063 0.0505828857421875 0.0484580993652344 -0.029937744140625
-0.0778274536132813 0.03741455078125 -9.48905944824267E-05 0.00320744514465332
-0.103424072265625 0.0489883422851563 -0.0612983703613281 0.0302314758300781
-0.130859375 0.00122833251953122 -0.11962890625 0.00836944580078123
-0.100456237792969 -0.0865478515625 -0.147735595703125 -0.036590576171875
-0.0161285400390625 -0.135322570800781 -0.127174377441406 -0.124603271484375
0.128402709960938 -0.0721282958984375 -0.0361328125 -0.2149658203125
0.155136108398438 0.058013916015625 0.0708160400390625 -0.201705932617188
0.0816421508789063 0.131858825683594 0.146820068359375 -0.117019653320313
0.066131591796875 0.161422729492187 -0.114120483398438 0.0722427368164063
0.145843505859375 0.0568695068359375 -0.110595703125 0.156845092773438
0.126029968261719 -0.0678329467773437 0.00968933105468751 0.227554321289063
0.00848388671874999 -0.12359619140625 0.124771118164063 0.178787231445313
-0.077789306640625 -0.0770187377929688 0.177978515625 0.0611114501953125
-0.120246887207031 0.00550842285156251 0.1439208984375 -0.0330810546875
-0.0864944458007813 0.04571533203125 0.0776901245117188 -0.0620193481445313
-0.0745315551757813 0.033966064453125 0.0240459442138672 -0.029266357421875
-0.103828430175781 0.0423583984375 -0.0301494598388672 -0.000850677490234371
-0.12823486328125 -0.0115890502929688 -0.0766220092773438 -0.0121612548828125
-0.0890731811523438 -0.0992279052734375 -0.102882385253906 -0.0377578735351563
0.0070953369140625 -0.134346008300781 -0.095123291015625 -0.106674194335938
0.139747619628906 -0.04388427734375 -0.0251617431640625 -0.19061279296875
0.142807006835938 0.0809326171875 0.0819549560546875 -0.182815551757813
0.0661468505859375 0.137550354003906 0.151748657226563 -0.0731658935546875
0.0558319091796875 0.132484436035156 -0.106613159179688 0.113868713378906
0.110794067382813 0.042755126953125 -0.0953369140625 0.185623168945312
0.0929641723632813 -0.0500946044921875 0.0384674072265625 0.2388916015625
0.00604248046874999 -0.0872268676757813 0.160751342773438 0.17999267578125
-0.0575599670410156 -0.0513229370117187 0.208663940429688 0.04779052734375
-0.0898208618164062 0.00695037841796877 0.17083740234375 -0.0596923828125
-0.0647430419921875 0.0330848693847656 0.09869384765625 -0.0927276611328125
-0.0582008361816406 0.0255966186523438 0.0459976196289063 -0.0595245361328125
-0.0856246948242188 0.0293655395507813 0.00237846374511718 -0.0266227722167969
-0.101631164550781 -0.0210647583007812 -0.0330638885498047 -0.0223979949951172
-0.0588836669921875 -0.0908355712890625 -0.0633468627929688 -0.027984619140625
0.0284576416015625 -0.104789733886719 -0.075408935546875 -0.082122802734375
0.119476318359375 -0.00798797607421875 -0.0260009765625 -0.172332763671875
0.103118896484375 0.0874557495117188 0.0888824462890625 -0.171722412109375
0.0394439697265625 0.1173095703125 0.14971923828125 -0.0301361083984375
0.0329437255859375 0.0888519287109375 -0.10040283203125 0.149765014648438
0.0623779296875 0.0314292907714844 -0.0760345458984375 0.208419799804688
0.05926513671875 -0.0213890075683594 0.066070556640625 0.240875244140625
0.0113334655761719 -0.0450096130371094 0.185928344726563 0.169891357421875
-0.0288372039794922 -0.0273685455322266 0.223983764648437 0.0324859619140625
-0.0512733459472656 0.00272369384765625 0.184280395507813 -0.0802001953125
-0.0346908569335938 0.0149879455566406 0.110145568847656 -0.113128662109375
-0.0326557159423828 0.0109596252441406 0.0595779418945313 -0.0791397094726563
-0.0527496337890625 0.0120887756347656 0.0271263122558594 -0.0431365966796875
-0.0572471618652344 -0.0209388732910156 0.00225639343261719 -0.0242862701416016
-0.02410888671875 -0.0598945617675781 -0.0377655029296875 -0.0146293640136719
0.0311927795410156 -0.0548782348632813 -0.0698471069335938 -0.0622215270996094
0.0706024169921875 0.0190048217773437 -0.029632568359375 -0.168655395507812
0.0474166870117188 0.0672378540039063 0.093231201171875 -0.167587280273438
0.013885498046875 0.0743026733398438 0.14129638671875 0.00456237792968751
0.00201034545898438 -0.00972843170166015 -0.146270751953125 -0.00962829589843749
-0.00536537170410156 -0.0131607055664063 -0.099334716796875 0.1622314453125
0.00904655456542969 -0.0171995162963867 0.05322265625 0.16461181640625
-0.00892543792724609 -0.0135011672973633 0.0763626098632813 0.0597915649414063
-0.00906276702880859 0.00296974182128906 0.0238380432128906 0.00285148620605469
0.00455904006958008 0.0071110725402832 -0.0209503173828125 0.0101547241210938
0.0118656158447266 -0.00125312805175781 -0.0447196960449219 0.0485076904296875
0.00922107696533203 -0.00618457794189453 -0.06500244140625 0.085479736328125
0.00688743591308594 -0.001007080078125 -0.118507385253906 0.102638244628906
-0.00275897979736328 -0.000759124755859375 -0.18353271484375 0.062255859375
-0.00350308418273926 -0.00116634368896484 -0.222274780273438 -0.01153564453125
-0.00414180755615234 -0.00148630142211914 -0.19384765625 -0.13519287109375
-0.0128202438354492 -0.00236606597900391 -0.065643310546875 -0.250030517578125
-0.0203113555908203 -0.0256996154785156 0.03814697265625 -0.227371215820313
-0.00515365600585937 -0.0441360473632813 0.112319946289063 -0.177078247070313
0.0204277038574219 0.0565605163574219 -0.138824462890625 -0.0192031860351563
0.0482292175292969 0.0313491821289063 -0.1011962890625 0.147720336914063
0.0710220336914063 -0.024322509765625 0.0405731201171875 0.163467407226563
0.0146293640136719 -0.0657310485839844 0.0685997009277344 0.0689773559570313
-0.0324630737304688 -0.0441970825195313 0.0308456420898438 0.011871337890625
-0.050048828125 -0.0026397705078125 -0.0139656066894531 0.0142431259155273
-0.0308494567871094 0.0186595916748047 -0.0384979248046875 0.043731689453125
-0.0224323272705078 0.0105857849121094 -0.0595321655273438 0.0808639526367188
-0.0280818939208984 0.0182228088378906 -0.113471984863281 0.100196838378906
-0.0428314208984375 0.007476806640625 -0.180908203125 0.0629119873046875
-0.0375442504882813 -0.0208358764648438 -0.217926025390625 -0.00805664062500005
-0.0179100036621094 -0.0388679504394531 -0.194122314453125 -0.127182006835938
0.0227508544921875 -0.0326061248779297 -0.07623291015625 -0.245468139648438
0.0374870300292969 -0.0111160278320312 0.0304718017578125 -0.233627319335938
0.0287971496582031 0.00833511352539063 0.114852905273437 -0.189300537109375
0.0391769409179687 0.115676879882812 -0.131179809570313 -0.0151824951171875
0.100234985351563 0.0631637573242188 -0.102256774902344 0.128456115722656
0.122825622558594 -0.0379791259765625 0.0189361572265625 0.162826538085938
0.0295791625976562 -0.111297607421875 0.0602798461914063 0.0915298461914062
-0.0557403564453125 -0.08197021484375 0.0520820617675781 0.0312042236328125
-0.0960464477539063 -0.00757598876953124 0.0136079788208008 0.0138940811157227
-0.0666999816894531 0.0348014831542969 -0.0174446105957031 0.0285243988037109
-0.0500640869140625 0.0242691040039063 -0.0446662902832031 0.0634651184082031
-0.0599594116210938 0.0341796875 -0.102485656738281 0.0865402221679688
-0.080718994140625 0.0134429931640625 -0.17071533203125 0.0538177490234375
-0.0696525573730469 -0.0393905639648438 -0.206680297851562 -0.0119476318359375
-0.0286483764648438 -0.0762481689453125 -0.1844482421875 -0.127304077148437
0.0583992004394531 -0.0600852966308594 -0.0742034912109375 -0.240676879882812
0.0926589965820312 0.00479888916015625 0.035491943359375 -0.231155395507813
0.059539794921875 0.0589752197265625 0.122482299804687 -0.1820068359375
0.0568084716796875 0.154129028320312 -0.124275207519531 0.0027008056640625
0.141250610351563 0.0748748779296875 -0.107406616210938 0.121238708496094
0.149688720703125 -0.0574798583984375 0.000656127929687502 0.175064086914062
0.0276870727539063 -0.1402587890625 0.0654525756835938 0.125602722167969
-0.0757827758789063 -0.0992050170898437 0.0882949829101563 0.0516357421875
-0.126083374023438 -0.00463867187499999 0.0563507080078125 0.00639724731445313
-0.089508056640625 0.0468902587890625 0.0141496658325195 0.00196361541748047
-0.07049560546875 0.0342864990234375 -0.0237236022949219 0.0354080200195313
-0.0851287841796875 0.0466232299804687 -0.0840225219726563 0.0624923706054687
-0.111282348632812 0.013397216796875 -0.150604248046875 0.0345001220703125
-0.0946807861328125 -0.0614852905273437 -0.182907104492188 -0.02264404296875
-0.0308380126953125 -0.110694885253906 -0.160598754882813 -0.127151489257813
0.095306396484375 -0.07757568359375 -0.05987548828125 -0.230072021484375
0.135459899902344 0.027008056640625 0.049896240234375 -0.22021484375
0.079010009765625 0.101737976074219 0.134063720703125 -0.1588134765625
0.0700836181640625 0.169708251953125 -0.119232177734375 0.0337753295898438
0.158279418945313 0.0682525634765625 -0.111526489257813 0.131240844726563
0.14886474609375 -0.07330322265625 -0.00335693359374998 0.198989868164063
0.015289306640625 -0.14422607421875 0.0887451171875 0.15814208984375
-0.0858612060546875 -0.0936355590820313 0.134452819824219 0.06243896484375
-0.133270263671875 0.00310516357421878 0.102279663085937 -0.0107192993164063
-0.094451904296875 0.0516357421875 0.0473251342773437 -0.0303535461425781
-0.0789337158203125 0.0367660522460937 -2.80141830444383E-05 0.00196635723114014
-0.100265502929687 0.0507736206054688 -0.0589408874511719 0.0317230224609375
-0.129020690917969 0.00598907470703127 -0.119300842285156 0.0101165771484375
-0.103073120117188 -0.08306884765625 -0.146408081054688 -0.0330810546875
-0.0195388793945313 -0.135063171386719 -0.128005981445313 -0.121047973632813
0.12652587890625 -0.074310302734375 -0.039581298828125 -0.210769653320312
0.155364990234375 0.053192138671875 0.0666656494140625 -0.201385498046875
0.0817337036132813 0.130668640136719 0.1434326171875 -0.121170043945312
0.0703582763671875 0.161544799804688 -0.112098693847656 0.0738754272460937
0.146682739257812 0.0534820556640625 -0.106735229492187 0.156326293945313
0.124374389648438 -0.0703506469726563 0.0148162841796875 0.222412109375
0.00534057617187501 -0.121971130371094 0.126007080078125 0.174407958984375
-0.0790863037109375 -0.0738143920898438 0.1768798828125 0.056671142578125
-0.118408203125 0.00897216796874999 0.142303466796875 -0.03619384765625
-0.0849456787109375 0.04754638671875 0.0745925903320312 -0.0646209716796875
-0.0744781494140625 0.03363037109375 0.0228137969970703 -0.0318431854248047
-0.100502014160156 0.0433425903320312 -0.0293960571289063 0.000389099121093752
-0.12713623046875 -0.00760650634765622 -0.077667236328125 -0.0106582641601562
-0.0911331176757813 -0.0955352783203125 -0.10198974609375 -0.0357818603515625
0.00482177734375001 -0.134880065917969 -0.0948638916015625 -0.103546142578125
0.139480590820313 -0.0478057861328125 -0.0281829833984375 -0.185958862304688
0.143753051757813 0.07818603515625 0.077056884765625 -0.181594848632813
0.0665206909179688 0.136390686035156 0.148147583007813 -0.07611083984375
0.0584259033203125 0.132362365722656 -0.104866027832031 0.115554809570313
0.110816955566406 0.0402755737304688 -0.09136962890625 0.185211181640625
0.0913543701171875 -0.0504608154296875 0.0433349609375 0.235595703125
0.00432586669921875 -0.085601806640625 0.1617431640625 0.174530029296875
-0.0578727722167969 -0.0497245788574219 0.207443237304688 0.042572021484375
-0.0878829956054688 0.0101318359375 0.166976928710938 -0.0624237060546875
-0.0637130737304688 0.033843994140625 0.0942916870117188 -0.0937576293945313
-0.0579795837402344 0.0237808227539063 0.0424690246582031 -0.0607795715332031
-0.0836410522460938 0.0289154052734375 0.00209617614746093 -0.0263843536376953
-0.101112365722656 -0.0182342529296875 -0.0332965850830078 -0.022552490234375
-0.0615615844726562 -0.08917236328125 -0.0616302490234375 -0.0269622802734375
0.02655029296875 -0.105339050292969 -0.0744094848632813 -0.0791015625
0.120208740234375 -0.009613037109375 -0.0292510986328125 -0.168045043945312
0.103408813476563 0.0847549438476563 0.08154296875 -0.170867919921875
0.0412139892578125 0.116844177246094 0.146087646484375 -0.0332794189453125
0.0360260009765625 0.0891342163085938 -0.09783935546875 0.150970458984375
0.0615577697753906 0.0302314758300781 -0.0710296630859375 0.20831298828125
0.0589599609375 -0.0224571228027344 0.0697174072265625 0.23583984375
0.00975799560546876 -0.0448265075683594 0.187347412109375 0.16455078125
-0.029144287109375 -0.0272789001464844 0.220809936523438 0.027374267578125
-0.0493888854980469 0.00497817993164063 0.179153442382813 -0.0829315185546875
-0.0346240997314453 0.0148239135742187 0.104354858398438 -0.114570617675781
-0.0330104827880859 0.00976753234863282 0.0568389892578125 -0.0815277099609375
-0.0509376525878906 0.0127143859863281 0.0261001586914062 -0.0433311462402344
-0.056732177734375 -0.0188980102539063 0.00212860107421874 -0.0247554779052734
-0.0258255004882813 -0.0586204528808594 -0.0371551513671875 -0.0145339965820313
0.0303268432617188 -0.0556259155273438 -0.0695304870605469 -0.0600929260253906
0.0713424682617187 0.01849365234375 -0.03338623046875 -0.164077758789063
0.0487022399902344 0.0659217834472656 0.0864715576171875 -0.167556762695313
0.0138778686523437 0.0731964111328125 0.138671875 0.0023193359375
0.00240135192871094 -0.0100212097167969 -0.147216796875 -0.01141357421875
-0.00521183013916016 -0.0131587982177734 -0.096527099609375 0.165740966796875
0.00892257690429688 -0.0181484222412109 0.0567626953125 0.1651611328125
-0.0105009078979492 -0.0136175155639648 0.0768051147460938 0.059356689453125
-0.00901889801025391 0.00347137451171875 0.0226707458496094 0.00345230102539063
0.00533676147460938 0.00827503204345703 -0.0219860076904297 0.0116519927978516
0.0114212036132812 -0.00138092041015625 -0.0448074340820313 0.0499839782714844
0.00836181640625 -0.00734806060791016 -0.0635986328125 0.0868148803710938
0.00699234008789063 -0.00179958343505859 -0.117881774902344 0.105560302734375
-0.00191926956176758 0.000464081764221191 -0.185440063476562 0.0655517578125
-0.00379467010498047 -0.000546932220458985 -0.224868774414063 -0.00904846191406255
-0.0048222541809082 -0.001434326171875 -0.197006225585938 -0.13409423828125
-0.0134868621826172 -0.00389575958251953 -0.0686187744140625 -0.252151489257812
-0.0206241607666016 -0.025726318359375 0.03656005859375 -0.231338500976563
-0.00568008422851563 -0.0446891784667969 0.11376953125 -0.183975219726563
0.0216751098632812 0.0589370727539062 -0.139404296875 -0.0206527709960938
0.0489768981933594 0.0318984985351563 -0.098419189453125 0.149993896484375
0.0726318359375 -0.0253524780273438 0.044281005859375 0.1630859375
0.0139007568359375 -0.0668678283691406 0.0697593688964844 0.0682945251464844
-0.0336227416992188 -0.0450363159179688 0.0297813415527344 0.0127906799316406
-0.0507049560546875 0.000274658203125009 -0.0142383575439453 0.0152606964111328
-0.0316104888916016 0.0191535949707031 -0.0383720397949219 0.0444374084472656
-0.0236988067626953 0.0102558135986328 -0.0581893920898438 0.0828018188476562
-0.0280361175537109 0.0174217224121094 -0.112754821777344 0.104034423828125
-0.0428466796875 0.00856781005859374 -0.182769775390625 0.0663757324218751
-0.0385208129882813 -0.0193901062011719 -0.220504760742188 -0.00480651855468754
-0.0187950134277344 -0.0394554138183594 -0.19744873046875 -0.126815795898438
0.0224056243896484 -0.0347805023193359 -0.080474853515625 -0.247879028320312
0.0386848449707031 -0.0120353698730469 0.029693603515625 -0.23870849609375
0.029022216796875 0.00815200805664063 0.11651611328125 -0.194961547851563
0.0412445068359375 0.118072509765625 -0.13128662109375 -0.0161361694335937
0.102485656738281 0.0640640258789063 -0.100471496582031 0.130691528320313
0.125442504882813 -0.0397415161132813 0.02301025390625 0.162979125976563
0.028167724609375 -0.113327026367188 0.0616073608398438 0.0926742553710938
-0.05767822265625 -0.0825042724609375 0.0525131225585937 0.0323410034179687
-0.0980072021484375 -0.00471496582031248 0.0137786865234375 0.015559196472168
-0.0672645568847656 0.0367431640625 -0.0173816680908203 0.0285377502441406
-0.051727294921875 0.0247764587402344 -0.0439338684082031 0.0640907287597656
-0.0595703125 0.0356636047363281 -0.101272583007813 0.0895843505859375
-0.0804290771484375 0.0152053833007812 -0.172637939453125 0.0556488037109375
-0.071929931640625 -0.038604736328125 -0.208892822265625 -0.010345458984375
-0.0296249389648438 -0.0768356323242188 -0.186676025390625 -0.12646484375
0.0589179992675781 -0.0622596740722656 -0.07708740234375 -0.242385864257813
0.0941009521484375 0.0042572021484375 0.034149169921875 -0.2354736328125
0.0606193542480469 0.0594902038574219 0.12359619140625 -0.1885986328125
0.06109619140625 0.15728759765625 -0.125679016113281 0.00264739990234376
0.144927978515625 0.0755157470703125 -0.107025146484375 0.122169494628906
0.153823852539063 -0.061309814453125 0.003692626953125 0.174606323242188
0.0258331298828125 -0.142562866210938 0.0664825439453125 0.12774658203125
-0.078643798828125 -0.100181579589844 0.0892868041992188 0.0520858764648437
-0.12725830078125 -0.000976562500000014 0.0578041076660156 0.00701904296875
-0.0904693603515625 0.0493087768554688 0.0133218765258789 0.0021514892578125
-0.0727310180664063 0.03497314453125 -0.024139404296875 0.0352210998535156
-0.0857925415039063 0.0483779907226562 -0.0834884643554687 0.0650405883789063
-0.111846923828125 0.015899658203125 -0.153549194335937 0.03741455078125
-0.0966720581054687 -0.0598678588867188 -0.185699462890625 -0.0206451416015625
-0.032867431640625 -0.111846923828125 -0.16400146484375 -0.127487182617188
0.0972671508789063 -0.0809555053710938 -0.0623321533203125 -0.232177734375
0.137626647949219 0.0259323120117188 0.0478668212890625 -0.224624633789063
0.0802536010742188 0.104103088378906 0.134323120117188 -0.16424560546875
0.0739288330078125 0.173065185546875 -0.119911193847656 0.03497314453125
0.1629638671875 0.067626953125 -0.11102294921875 0.132835388183594
0.15118408203125 -0.07708740234375 -0.00109863281249997 0.199691772460938
0.014068603515625 -0.146469116210938 0.0914764404296875 0.1602783203125
-0.0882797241210938 -0.0946502685546875 0.136566162109375 0.0607070922851563
-0.134078979492188 0.00618743896484377 0.104591369628906 -0.012176513671875
-0.0955047607421875 0.0533599853515625 0.0459823608398438 -0.0315895080566406
-0.0807876586914063 0.0383987426757813 -0.000796437263488775 0.000718474388122561
-0.100555419921875 0.0511703491210938 -0.05938720703125 0.0329666137695312
-0.130386352539062 0.00867462158203124 -0.121589660644531 0.0120162963867187
-0.106758117675781 -0.0817489624023438 -0.14776611328125 -0.032257080078125
-0.0209808349609375 -0.136421203613281 -0.129615783691406 -0.121566772460938
0.129898071289063 -0.0775070190429688 -0.0424652099609375 -0.211669921875
0.158706665039063 0.0525970458984375 0.065277099609375 -0.204345703125
0.0827865600585938 0.132408142089844 0.144256591796875 -0.125152587890625
0.0745086669921875 0.16436767578125 -0.112983703613281 0.0757369995117187
0.149932861328125 0.05419921875 -0.105392456054688 0.159622192382813
0.127105712890625 -0.0736236572265625 0.0172576904296875 0.2236328125
0.00392913818359374 -0.123405456542969 0.129364013671875 0.177505493164063
-0.0808181762695313 -0.0747756958007812 0.179580688476562 0.055206298828125
-0.119468688964844 0.011962890625 0.143356323242188 -0.0384674072265625
-0.0855255126953125 0.0487594604492188 0.0736083984375 -0.06622314453125
-0.0769577026367188 0.0345001220703125 0.0215911865234375 -0.0331897735595703
-0.102020263671875 0.0446624755859375 -0.0298976898193359 0.000986099243164069
-0.127799987792969 -0.00557708740234374 -0.0796356201171875 -0.00981140136718751
-0.0945281982421875 -0.0950851440429688 -0.102630615234375 -0.0352859497070313
0.00270843505859376 -0.137405395507813 -0.0963897705078125 -0.103691101074219
0.143295288085938 -0.0505828857421875 -0.0305328369140625 -0.186431884765625
0.146896362304688 0.0775909423828125 0.07452392578125 -0.1854248046875
0.0678329467773438 0.138778686523438 0.1492919921875 -0.07958984375
0.0622024536132812 0.134925842285156 -0.105079650878906 0.11871337890625
0.11395263671875 0.0408706665039063 -0.0897064208984375 0.189224243164063
0.093963623046875 -0.0532455444335938 0.0462493896484375 0.235382080078125
0.00322723388671874 -0.0860214233398438 0.165191650390625 0.176101684570313
-0.0594062805175781 -0.0501289367675781 0.209381103515625 0.0396575927734375
-0.0889205932617188 0.0126800537109375 0.168197631835938 -0.0653228759765625
-0.0636558532714844 0.0347785949707031 0.09234619140625 -0.0963363647460938
-0.0611839294433594 0.0240364074707031 0.0411033630371094 -0.0626220703125
-0.0847549438476563 0.0307540893554688 0.00111579895019531 -0.0268135070800781
-0.102035522460938 -0.0167388916015625 -0.0344085693359375 -0.0223217010498047
-0.0637435913085938 -0.0885467529296875 -0.0620498657226563 -0.025909423828125
0.0254287719726562 -0.107978820800781 -0.0750808715820312 -0.0784988403320313
0.123497009277344 -0.0114593505859375 -0.0321044921875 -0.168243408203125
0.106460571289063 0.0856857299804688 0.07958984375 -0.173431396484375
0.0422592163085938 0.119499206542969 0.147369384765625 -0.0350189208984375
0.0388031005859375 0.0908966064453125 -0.098907470703125 0.154632568359375
0.0640182495117188 0.0317497253417969 -0.070892333984375 0.21295166015625
0.0598907470703125 -0.0225944519042969 0.0726318359375 0.236099243164062
0.00904464721679687 -0.045013427734375 0.191024780273438 0.164047241210938
-0.0295619964599609 -0.0265941619873047 0.222747802734375 0.0247955322265625
-0.0494880676269531 0.00666046142578125 0.179367065429688 -0.0859375
-0.0347976684570313 0.0157051086425781 0.102348327636719 -0.117172241210938
-0.0341949462890625 0.0100479125976563 0.054779052734375 -0.0835647583007813
-0.0517387390136719 0.0124397277832031 0.0262336730957031 -0.0455741882324219
-0.0579757690429687 -0.0186309814453125 0.000919342041015624 -0.0257701873779297
-0.0275192260742188 -0.0582237243652344 -0.036529541015625 -0.0138130187988281
0.0305709838867188 -0.0569801330566406 -0.0698928833007813 -0.0590667724609375
0.072906494140625 0.017578125 -0.037200927734375 -0.164413452148438
0.0498809814453125 0.0665512084960938 0.0837554931640625 -0.170013427734375
0.0133819580078125 0.0743026733398437 0.13970947265625 0.0012054443359375
0.00258159637451172 -0.0100765228271484 -0.151840209960937 -0.010772705078125
-0.00661087036132812 -0.0127391815185547 -0.0934600830078125 0.172012329101563
0.00834274291992188 -0.0199718475341797 0.0650177001953125 0.166397094726563
-0.0118789672851563 -0.0136508941650391 0.0815200805664063 0.0593109130859375
-0.00956821441650391 0.00452423095703125 0.022308349609375 0.00403404235839844
0.00569438934326172 0.00912094116210938 -0.0227985382080078 0.0141754150390625
0.0113506317138672 -0.00183486938476563 -0.0445747375488281 0.0531578063964844
0.00685691833496094 -0.00827693939208985 -0.0630645751953125 0.0918121337890625
0.00748062133789062 -0.00200986862182617 -0.11737060546875 0.11297607421875
-0.00156641006469727 0.000664830207824707 -0.190460205078125 0.073211669921875
-0.00484418869018555 0.000203609466552735 -0.232986450195313 -0.00308227539062502
-0.00596189498901367 -0.00170326232910156 -0.207183837890625 -0.132431030273438
-0.0142745971679687 -0.00417041778564453 -0.0775604248046875 -0.259124755859375
-0.0221328735351562 -0.0259571075439453 0.0326690673828125 -0.241592407226563
-0.00682830810546875 -0.0458717346191406 0.114730834960938 -0.194961547851563
0.0238304138183594 0.0603141784667969 -0.143463134765625 -0.0203399658203125
0.0520172119140625 0.0330772399902344 -0.0964202880859375 0.156005859375
0.0751113891601563 -0.0296859741210937 0.0514068603515625 0.16534423828125
0.012054443359375 -0.0692977905273438 0.0733108520507812 0.0693359375
-0.0364952087402344 -0.0447807312011719 0.0307788848876953 0.0137901306152344
-0.0517807006835938 0.00248718261718751 -0.0142288208007813 0.0175323486328125
-0.0326995849609375 0.0208969116210938 -0.03863525390625 0.0479316711425781
-0.0252361297607422 0.0106315612792969 -0.0572662353515625 0.08636474609375
-0.0282249450683594 0.0189380645751953 -0.111930847167969 0.111343383789063
-0.0430793762207031 0.0100364685058594 -0.187759399414063 0.0737152099609375
-0.0411567687988281 -0.0181350708007813 -0.228164672851562 0.00109863281250004
-0.0210723876953125 -0.0404205322265625 -0.206924438476563 -0.125350952148438
0.0227699279785156 -0.0368461608886719 -0.0888519287109375 -0.253997802734375
0.0397071838378906 -0.0131721496582031 0.0247955322265625 -0.248504638671875
0.0307254791259766 0.00868797302246094 0.116622924804687 -0.206634521484375
0.0460433959960938 0.122711181640625 -0.136161804199219 -0.0158843994140625
0.108352661132813 0.0659408569335938 -0.0985946655273437 0.136566162109375
0.130035400390625 -0.0461578369140625 0.0290069580078125 0.164688110351563
0.0260467529296875 -0.118576049804688 0.0652084350585938 0.094696044921875
-0.0625839233398438 -0.083251953125 0.0542716979980469 0.0333671569824219
-0.100578308105469 -0.00139617919921876 0.0163936614990234 0.0162944793701172
-0.0691261291503906 0.0402870178222656 -0.0169506072998047 0.0304965972900391
-0.0545654296875 0.0274887084960938 -0.0429878234863281 0.0671958923339844
-0.0605659484863281 0.0373611450195313 -0.100990295410156 0.095947265625
-0.0813369750976563 0.0187835693359375 -0.177200317382813 0.0639801025390625
-0.0759353637695312 -0.0367584228515625 -0.216354370117188 -0.00260925292968753
-0.0334014892578125 -0.0788116455078125 -0.196441650390625 -0.125396728515625
0.0602035522460938 -0.0670661926269531 -0.0851898193359375 -0.248580932617188
0.0973434448242188 0.0015106201171875 0.0298309326171875 -0.24566650390625
0.0640602111816406 0.061614990234375 0.124954223632813 -0.20050048828125
0.0672760009765625 0.163345336914063 -0.129287719726563 0.00417327880859376
0.152496337890625 0.0756072998046875 -0.105735778808594 0.128837585449219
0.158432006835938 -0.068756103515625 0.00808715820312499 0.177871704101563
0.023590087890625 -0.1488037109375 0.07177734375 0.131141662597656
-0.0841064453125 -0.100440979003906 0.0938262939453125 0.0528411865234375
-0.130577087402344 0.00383758544921877 0.0606575012207031 0.00667572021484375
-0.0917434692382813 0.0537033081054688 0.0131759643554687 0.00137996673583985
-0.075347900390625 0.0388107299804688 -0.024261474609375 0.0369224548339844
-0.0873489379882813 0.0503158569335937 -0.0837326049804688 0.0692520141601562
-0.113838195800781 0.020263671875 -0.158706665039063 0.04266357421875
-0.102104187011719 -0.0579605102539063 -0.19171142578125 -0.0159912109375
-0.0375442504882813 -0.115676879882813 -0.171737670898438 -0.127426147460937
0.0993804931640625 -0.086273193359375 -0.0698089599609375 -0.23773193359375
0.143997192382812 0.0228729248046875 0.0445556640625 -0.2342529296875
0.085662841796875 0.106369018554688 0.135574340820313 -0.174713134765625
0.080963134765625 0.179397583007813 -0.123023986816406 0.0385665893554687
0.170333862304688 0.0673675537109375 -0.11029052734375 0.139968872070313
0.155609130859375 -0.08514404296875 0.00459289550781252 0.204193115234375
0.010101318359375 -0.151321411132813 0.0978546142578125 0.164291381835938
-0.0942916870117188 -0.0948944091796875 0.142868041992188 0.060577392578125
-0.137336730957031 0.0111007690429687 0.108261108398438 -0.0151290893554688
-0.09796142578125 0.0593948364257812 0.0463218688964844 -0.0339012145996094
-0.0848236083984375 0.0424575805664063 -0.00155508518218995 0.00103282928466797
-0.102577209472656 0.0555953979492188 -0.0601577758789063 0.0356636047363281
-0.133621215820312 0.01287841796875 -0.127174377441406 0.016632080078125
-0.113487243652344 -0.0803756713867188 -0.153915405273438 -0.0292816162109375
-0.0269622802734375 -0.1416015625 -0.13653564453125 -0.121696472167969
0.132949829101563 -0.0841217041015625 -0.0485992431640625 -0.216751098632812
0.165573120117188 0.0501556396484375 0.0612640380859375 -0.21368408203125
0.0882339477539062 0.136322021484375 0.146530151367188 -0.1348876953125
0.0815582275390625 0.1693115234375 -0.115501403808594 0.081268310546875
0.156967163085938 0.052978515625 -0.10528564453125 0.167449951171875
0.131019592285156 -0.0806427001953125 0.0234527587890625 0.229476928710937
0.000556945800781245 -0.127861022949219 0.137222290039063 0.180953979492188
-0.0865020751953125 -0.074432373046875 0.18695068359375 0.05279541015625
-0.121864318847656 0.017486572265625 0.14654541015625 -0.0440521240234375
-0.0870590209960938 0.0537185668945312 0.0727615356445313 -0.0700759887695312
-0.0809555053710938 0.037933349609375 0.0210494995117187 -0.0353279113769531
-0.103988647460938 0.049102783203125 -0.0301170349121094 0.00206184387207031
-0.131736755371094 -0.00140380859375001 -0.0839080810546875 -0.00786590576171874
-0.101280212402344 -0.0947494506835938 -0.106307983398437 -0.0338973999023438
-0.00135803222656251 -0.142745971679688 -0.100914001464844 -0.104057312011719
0.147674560546875 -0.0559539794921875 -0.0360260009765625 -0.190536499023438
0.154998779296875 0.0770721435546875 0.0718536376953125 -0.193191528320313
0.072662353515625 0.143890380859375 0.1519775390625 -0.0872802734375
0.069183349609375 0.138923645019531 -0.107048034667969 0.1259765625
0.118820190429688 0.039947509765625 -0.0885009765625 0.1978759765625
0.0972213745117188 -0.0579757690429687 0.0531158447265625 0.241714477539063
0.000663757324218748 -0.0887527465820312 0.174774169921875 0.177734375
-0.0629730224609375 -0.0492973327636719 0.216659545898438 0.036224365234375
-0.09014892578125 0.0170974731445313 0.171127319335938 -0.0725250244140625
-0.0650787353515625 0.0388298034667969 0.0910491943359375 -0.101493835449219
-0.0638580322265625 0.0265159606933594 0.0393333435058594 -0.06597900390625
-0.0872573852539063 0.0336227416992187 0.000856399536132806 -0.0278587341308594
-0.106346130371094 -0.0149612426757813 -0.0372276306152344 -0.0222129821777344
-0.0696487426757812 -0.08978271484375 -0.0631217956542969 -0.0254440307617188
0.0235443115234375 -0.112747192382813 -0.0789718627929687 -0.0791702270507813
0.129783630371094 -0.01446533203125 -0.0377197265625 -0.1707763671875
0.112022399902344 0.0868148803710938 0.076416015625 -0.181167602539062
0.0447769165039063 0.123336791992188 0.150390625 -0.0402374267578125
0.043609619140625 0.0939483642578125 -0.0990753173828125 0.163864135742187
0.0670242309570312 0.03143310546875 -0.06744384765625 0.221282958984375
0.0631484985351563 -0.0260581970214844 0.0816497802734375 0.241500854492188
0.00902938842773437 -0.0467605590820313 0.200942993164063 0.165130615234375
-0.0313491821289063 -0.0264930725097656 0.230941772460938 0.019561767578125
-0.0503807067871094 0.00957107543945314 0.182113647460937 -0.09466552734375
-0.0363197326660156 0.0172042846679688 0.100959777832031 -0.124137878417969
-0.0370254516601563 0.010528564453125 0.0531387329101563 -0.0880661010742187
-0.0537147521972656 0.0141181945800781 0.0250663757324219 -0.0472030639648438
-0.0594825744628906 -0.0181045532226563 -6.67572021484405E-05 -0.0266819000244141
-0.0304107666015625 -0.0594139099121094 -0.0364418029785156 -0.0131454467773438
0.0295143127441406 -0.0593528747558594 -0.0724334716796875 -0.0581817626953125
0.0779495239257813 0.0173873901367188 -0.0428466796875 -0.167144775390625
0.0531044006347656 0.0675392150878906 0.0795745849609375 -0.178573608398437
0.0151214599609375 0.077362060546875 0.14361572265625 -0.0023040771484375
0.00242710113525391 -0.0101842880249023 -0.15716552734375 -0.00602722167968751
-0.00721263885498047 -0.0121831893920898 -0.08563232421875 0.182418823242187
0.00673675537109375 -0.0221939086914063 0.0775146484375 0.165878295898438
-0.013728141784668 -0.0135622024536133 0.0867538452148438 0.0564041137695313
-0.00943279266357422 0.00606060028076172 0.0214176177978516 0.00405120849609375
0.00701713562011719 0.0101995468139648 -0.0235385894775391 0.0178184509277344
0.0114736557006836 -0.00211238861083984 -0.04241943359375 0.0578193664550781
0.00609254837036133 -0.00857400894165039 -0.0579605102539063 0.0982513427734375
0.00754165649414063 -0.0030817985534668 -0.114151000976563 0.124534606933594
-0.000745296478271484 0.000968575477600098 -0.193222045898438 0.0869293212890625
-0.00467586517333984 0.00123786926269531 -0.240875244140625 0.00950622558593746
-0.00700664520263672 -0.00120830535888672 -0.219680786132812 -0.12518310546875
-0.0152511596679688 -0.00410747528076172 -0.0922698974609375 -0.263717651367188
-0.0243320465087891 -0.0265312194824219 0.021759033203125 -0.252456665039063
-0.00877761840820313 -0.0477142333984375 0.110198974609375 -0.210052490234375
0.0285110473632813 0.063751220703125 -0.149154663085938 -0.0160980224609375
0.055755615234375 0.0325698852539063 -0.089263916015625 0.16546630859375
0.076812744140625 -0.0353622436523438 0.0626220703125 0.165512084960937
0.00831604003906251 -0.0723648071289063 0.0793685913085938 0.0674819946289063
-0.0401573181152344 -0.04437255859375 0.0313892364501953 0.0130481719970703
-0.0524482727050781 0.0063934326171875 -0.0137805938720703 0.0200977325439453
-0.0325279235839844 0.0244712829589844 -0.0369873046875 0.0519981384277344
-0.026611328125 0.0136070251464844 -0.0538330078125 0.092620849609375
-0.0279884338378906 0.0208702087402344 -0.107681274414063 0.121513366699219
-0.04364013671875 0.0130996704101563 -0.190338134765625 0.08758544921875
-0.0437088012695312 -0.0151939392089844 -0.23553466796875 0.0135650634765625
-0.0245246887207031 -0.0406494140625 -0.2198486328125 -0.118133544921875
0.0216903686523438 -0.0399093627929688 -0.105148315429688 -0.257095336914063
0.0398406982421875 -0.0159835815429688 0.0127716064453125 -0.258331298828125
0.0326271057128906 0.00787162780761719 0.111557006835937 -0.222610473632813
0.0544586181640625 0.126731872558594 -0.140914916992188 -0.011688232421875
0.11566162109375 0.063446044921875 -0.0938568115234375 0.14508056640625
0.132736206054688 -0.0560379028320313 0.03851318359375 0.166641235351563
0.0208206176757812 -0.123252868652344 0.0718154907226563 0.0944595336914062
-0.069610595703125 -0.082366943359375 0.0575942993164062 0.0322608947753906
-0.10205078125 0.00534057617187499 0.0179538726806641 0.0166873931884766
-0.0690956115722656 0.0459785461425782 -0.0160427093505859 0.0324440002441406
-0.0555229187011719 0.0322380065917969 -0.041046142578125 0.0719528198242188
-0.0602455139160156 0.0415000915527344 -0.0971603393554687 0.104881286621094
-0.0828399658203125 0.0235977172851563 -0.180572509765625 0.076812744140625
-0.0806121826171875 -0.032440185546875 -0.223907470703125 0.00900268554687504
-0.0401687622070313 -0.0793380737304688 -0.209060668945313 -0.118484497070312
0.058990478515625 -0.07281494140625 -0.101089477539063 -0.251739501953125
0.101425170898438 -0.004150390625 0.0183563232421875 -0.257095336914063
0.0691909790039063 0.0604476928710937 0.118484497070313 -0.216339111328125
0.078277587890625 0.167678833007813 -0.133049011230469 0.00955200195312503
0.162033081054688 0.0714569091796875 -0.101829528808594 0.136398315429688
0.161849975585938 -0.0813140869140625 0.016845703125 0.18109130859375
0.0165863037109375 -0.15484619140625 0.08013916015625 0.131996154785156
-0.0934524536132813 -0.0996170043945312 0.0993194580078125 0.0496444702148437
-0.133018493652344 0.011505126953125 0.0638465881347656 0.0026397705078125
-0.091766357421875 0.0616531372070313 0.0140571594238281 0.00158119201660157
-0.0771713256835938 0.0444259643554688 -0.0223350524902344 0.0400619506835938
-0.0872344970703125 0.0570449829101562 -0.0814590454101563 0.0765914916992188
-0.115776062011719 0.0278472900390625 -0.162948608398438 0.0538787841796875
-0.109199523925781 -0.0533065795898437 -0.199264526367187 -0.00596618652343748
-0.045501708984375 -0.116844177246094 -0.184066772460938 -0.1221923828125
0.0990219116210938 -0.0943756103515625 -0.0841522216796875 -0.240921020507813
0.150436401367188 0.0167083740234375 0.0335540771484375 -0.245468139648438
0.0931243896484375 0.1072998046875 0.131210327148438 -0.190048217773438
0.093994140625 0.183181762695313 -0.126121520996094 0.04498291015625
0.179763793945313 0.061370849609375 -0.106826782226562 0.149337768554687
0.157928466796875 -0.097747802734375 0.014190673828125 0.209320068359375
0.0025787353515625 -0.15765380859375 0.108840942382813 0.165786743164063
-0.103225708007813 -0.0920944213867187 0.150619506835938 0.055419921875
-0.139739990234375 0.0206375122070312 0.111427307128906 -0.0223922729492188
-0.0966339111328125 0.067352294921875 0.0452194213867187 -0.0367431640625
-0.0865707397460938 0.04913330078125 -0.00130558013916016 0.00204336643218994
-0.10345458984375 0.0627059936523438 -0.0597572326660156 0.0408859252929687
-0.136482238769531 0.0220108032226563 -0.131889343261719 0.0258712768554687
-0.122055053710937 -0.0753173828125 -0.16009521484375 -0.0216064453125
-0.0352935791015625 -0.144454956054688 -0.146514892578125 -0.119094848632813
0.134735107421875 -0.0948638916015625 -0.06109619140625 -0.2203369140625
0.175033569335937 0.044219970703125 0.0518341064453125 -0.224075317382813
0.0976028442382813 0.137931823730469 0.144989013671875 -0.149093627929688
0.0940093994140625 0.17303466796875 -0.11517333984375 0.0900726318359375
0.165023803710938 0.0468292236328125 -0.09979248046875 0.178375244140625
0.130889892578125 -0.0914154052734375 0.0352325439453125 0.233978271484375
-0.00579071044921874 -0.13165283203125 0.150894165039063 0.179840087890625
-0.0936279296875 -0.072113037109375 0.195220947265625 0.0452117919921875
-0.123100280761719 0.0256423950195313 0.149703979492188 -0.053863525390625
-0.0870208740234375 0.0606613159179688 0.0701446533203125 -0.0758285522460938
-0.0825576782226563 0.0444488525390625 0.0184555053710938 -0.0368080139160156
-0.105293273925781 0.05670166015625 -0.0313606262207031 0.00323486328125
-0.136512756347656 0.00669097900390622 -0.0888519287109375 -0.00264739990234374
-0.110610961914063 -0.0916366577148438 -0.11102294921875 -0.029205322265625
-0.0087890625 -0.148406982421875 -0.108901977539062 -0.103195190429688
0.152481079101563 -0.0662841796875 -0.046905517578125 -0.193466186523438
0.164474487304688 0.072784423828125 0.06402587890625 -0.204421997070313
0.081329345703125 0.146942138671875 0.15252685546875 -0.0988922119140625
0.0792083740234375 0.142105102539063 -0.104316711425781 0.136146545410156
0.125442504882813 0.0359268188476563 -0.0811920166015625 0.210098266601563
0.0971298217773437 -0.0667343139648438 0.066619873046875 0.245468139648438
-0.00304412841796875 -0.0913314819335938 0.190444946289063 0.175582885742188
-0.067596435546875 -0.0474777221679688 0.225067138671875 0.0264434814453125
-0.090545654296875 0.0225906372070312 0.172027587890625 -0.0850830078125
-0.0652923583984375 0.0432472229003906 0.0875701904296875 -0.10870361328125
-0.0662956237792969 0.0316734313964844 0.0360260009765625 -0.0694847106933594
-0.0888671875 0.0391159057617188 -0.001312255859375 -0.0295963287353516
-0.110298156738281 -0.00852966308593751 -0.0409431457519531 -0.0213432312011719
-0.0775375366210937 -0.0879745483398438 -0.0653076171875 -0.0230865478515625
0.0186004638671875 -0.118095397949219 -0.084625244140625 -0.0769729614257813
0.134941101074219 -0.0218505859375 -0.04736328125 -0.172683715820312
0.120635986328125 0.0847930908203125 0.0679168701171875 -0.191238403320313
0.0508804321289063 0.126945495605469 0.152877807617188 -0.049713134765625
0.051055908203125 0.0957489013671875 -0.09503173828125 0.175949096679688
0.071014404296875 0.0293502807617187 -0.0588531494140625 0.233612060546875
0.0633316040039063 -0.0304679870605469 0.0951690673828125 0.244369506835938
0.00682830810546875 -0.0487213134765625 0.215621948242187 0.16015625
-0.0336151123046875 -0.0254230499267578 0.238800048828125 0.00787353515625
-0.0509757995605469 0.0124168395996094 0.18115234375 -0.107406616210938
-0.036468505859375 0.0198822021484375 0.095977783203125 -0.131568908691406
-0.03924560546875 0.0135879516601562 0.048095703125 -0.0932540893554688
-0.0555343627929688 0.0170974731445313 0.0232810974121094 -0.0512123107910156
-0.0617294311523438 -0.01507568359375 -0.00201797485351563 -0.02801513671875
-0.0343742370605469 -0.058685302734375 -0.0366325378417969 -0.011749267578125
0.0278167724609375 -0.0639877319335938 -0.077362060546875 -0.05499267578125
0.0838470458984375 0.0142364501953125 -0.05413818359375 -0.167892456054688
0.0582389831542969 0.0680961608886719 0.071258544921875 -0.188064575195313
0.0183944702148438 0.0797119140625 0.147171020507813 -0.00920104980468749
0.00269508361816406 -0.00984668731689453 -0.159515380859375 0.0019378662109375
-0.00799560546875 -0.0103206634521484 -0.07208251953125 0.187347412109375
0.00489044189453125 -0.0233421325683594 0.0900421142578125 0.1595458984375
-0.0153264999389648 -0.0123558044433594 0.0906906127929687 0.0501937866210937
-0.00953769683837891 0.00759029388427734 0.0219383239746094 0.00401496887207031
0.00958061218261719 0.010462760925293 -0.0220470428466797 0.0211601257324219
0.0111732482910156 -0.00277900695800781 -0.0382232666015625 0.0605316162109375
0.00476932525634766 -0.00902175903320313 -0.0506668090820312 0.102615356445313
0.00741004943847656 -0.00414896011352539 -0.1038818359375 0.133827209472656
-0.000550150871276855 0.000973105430603027 -0.187835693359375 0.102676391601563
-0.0044550895690918 0.00292015075683594 -0.241409301757813 0.0280609130859375
-0.00731229782104492 -0.000226497650146484 -0.229339599609375 -0.110671997070313
-0.0151834487915039 -0.00336647033691406 -0.110458374023438 -0.259307861328125
-0.0263748168945312 -0.0254898071289062 0.00537109375000002 -0.257232666015625
-0.0117301940917969 -0.047119140625 0.0973663330078125 -0.22216796875
0.0335273742675781 0.0638694763183594 -0.1522216796875 -0.00865173339843748
0.0588302612304688 0.0300254821777344 -0.0771331787109375 0.171234130859375
0.0748519897460938 -0.041534423828125 0.0752410888671875 0.159957885742188
0.00333404541015624 -0.07415771484375 0.0836029052734375 0.062408447265625
-0.0443153381347656 -0.0409164428710938 0.0314407348632813 0.0123062133789062
-0.0510482788085938 0.0105667114257812 -0.0120525360107422 0.0226154327392578
-0.0307712554931641 0.0268955230712891 -0.0334548950195313 0.0551490783691406
-0.0270576477050781 0.0155601501464844 -0.04656982421875 0.0972976684570312
-0.0267505645751953 0.0221920013427734 -0.0985946655273438 0.130287170410156
-0.042236328125 0.0168495178222656 -0.185791015625 0.103515625
-0.0449752807617188 -0.0111579895019531 -0.235595703125 0.0319671630859375
-0.0279159545898438 -0.0385704040527344 -0.229171752929687 -0.103302001953125
0.0193634033203125 -0.0418548583984375 -0.122421264648437 -0.251617431640625
0.0395736694335938 -0.019378662109375 -0.004425048828125 -0.263137817382813
0.0329532623291016 0.00602912902832031 0.0975341796875 -0.234878540039063
0.064453125 0.126640319824219 -0.143585205078125 -0.00407409667968749
0.121620178222656 0.0578994750976563 -0.08251953125 0.151412963867188
0.13055419921875 -0.066375732421875 0.048919677734375 0.163177490234375
0.0130233764648438 -0.126449584960938 0.0786666870117188 0.0911102294921875
-0.0760650634765625 -0.0778884887695313 0.0597457885742187 0.0297813415527344
-0.101219177246094 0.0139923095703125 0.0199775695800781 0.0153236389160156
-0.0667076110839844 0.0522308349609375 -0.0128631591796875 0.0347328186035156
-0.054931640625 0.036224365234375 -0.0349807739257813 0.075439453125
-0.0584373474121094 0.0465888977050781 -0.0895614624023438 0.112922668457031
-0.080718994140625 0.0306243896484375 -0.17767333984375 0.09173583984375
-0.0830841064453125 -0.0255126953125 -0.223312377929688 0.025482177734375
-0.0457534790039062 -0.0770721435546875 -0.21844482421875 -0.104965209960938
0.0554885864257813 -0.0781173706054688 -0.118972778320312 -0.246368408203125
0.102096557617187 -0.0105209350585937 0.000244140624999997 -0.261505126953125
0.07354736328125 0.0581893920898438 0.105224609375 -0.229034423828125
0.092193603515625 0.166229248046875 -0.1341552734375 0.0169754028320312
0.168289184570313 0.0630950927734375 -0.0920562744140625 0.144073486328125
0.157608032226563 -0.0947723388671875 0.0292816162109375 0.180892944335938
0.00695800781249999 -0.157440185546875 0.0893096923828125 0.1295166015625
-0.101631164550781 -0.0922775268554688 0.103584289550781 0.04461669921875
-0.132072448730469 0.0217514038085938 0.0656166076660156 -0.00171279907226562
-0.0871810913085937 0.0690383911132813 0.0145635604858398 0.00132083892822266
-0.0757217407226562 0.0508270263671875 -0.0198211669921875 0.0422744750976563
-0.0838623046875 0.0637969970703125 -0.0760498046875 0.083526611328125
-0.113761901855469 0.0371246337890625 -0.161270141601563 0.0686798095703125
-0.114006042480469 -0.0441665649414063 -0.20086669921875 0.00848388671874999
-0.054229736328125 -0.114952087402344 -0.193710327148438 -0.110244750976563
0.094390869140625 -0.102798461914063 -0.0999603271484375 -0.237213134765625
0.153167724609375 0.0059051513671875 0.016632080078125 -0.250885009765625
0.101249694824219 0.102699279785156 0.119674682617188 -0.202285766601563
0.108963012695313 0.180404663085937 -0.123435974121094 0.0534515380859375
0.186019897460938 0.050994873046875 -0.096954345703125 0.157073974609375
0.15252685546875 -0.110610961914063 0.0264892578125 0.209075927734375
-0.00759887695312501 -0.159133911132813 0.122024536132813 0.161361694335938
-0.110969543457031 -0.0851974487304688 0.155776977539063 0.0467681884765625
-0.137184143066406 0.03082275390625 0.110519409179687 -0.0311203002929687
-0.0918197631835937 0.0747909545898438 0.0424575805664063 -0.0391807556152344
-0.0847396850585938 0.0566787719726562 -0.00234770774841309 0.00265741348266602
-0.099853515625 0.0707015991210938 -0.0565376281738281 0.0449104309082031
-0.1351318359375 0.0315933227539062 -0.132530212402344 0.0369338989257813
-0.128677368164063 -0.0658950805664062 -0.162078857421875 -0.010040283203125
-0.0457916259765625 -0.144332885742188 -0.156143188476563 -0.1099853515625
0.131355285644531 -0.105842590332031 -0.07537841796875 -0.216598510742188
0.17974853515625 0.032623291015625 0.0363311767578125 -0.23101806640625
0.107536315917969 0.134628295898438 0.135482788085938 -0.16156005859375
0.10833740234375 0.1697998046875 -0.110549926757813 0.0980453491210938
0.16937255859375 0.0368804931640625 -0.0894012451171874 0.1866455078125
0.126380920410156 -0.102043151855469 0.0490570068359375 0.232955932617187
-0.0140151977539062 -0.132789611816406 0.16583251953125 0.172943115234375
-0.0989456176757813 -0.064666748046875 0.199737548828125 0.032257080078125
-0.121025085449219 0.0347137451171875 0.146774291992188 -0.0658111572265625
-0.0826034545898438 0.0679092407226562 0.0656280517578125 -0.0805435180664063
-0.0817413330078125 0.0509490966796875 0.0158538818359375 -0.0378684997558594
-0.101921081542969 0.0643692016601562 -0.0315036773681641 0.00540733337402344
-0.136756896972656 0.0164413452148438 -0.0910568237304688 0.00508117675781249
-0.118476867675781 -0.0837326049804687 -0.113418579101563 -0.0216293334960938
-0.019317626953125 -0.14959716796875 -0.115791320800781 -0.095367431640625
0.151336669921875 -0.0778961181640625 -0.0598297119140625 -0.19000244140625
0.171875 0.0621795654296875 0.048583984375 -0.20953369140625
0.0911102294921875 0.144393920898438 0.146957397460938 -0.110946655273437
0.0914077758789063 0.138938903808594 -0.097137451171875 0.145278930664063
0.128852844238281 0.0279388427734375 -0.067840576171875 0.216751098632812
0.0939178466796875 -0.0744857788085938 0.08154296875 0.242904663085938
-0.00884246826171875 -0.0919265747070313 0.2039794921875 0.165863037109375
-0.071502685546875 -0.0417709350585938 0.2279052734375 0.0106964111328125
-0.088531494140625 0.0296478271484375 0.167388916015625 -0.0977783203125
-0.0625572204589844 0.0485305786132813 0.0789337158203125 -0.114662170410156
-0.0652275085449219 0.0374031066894531 0.0304031372070313 -0.0720062255859375
-0.0872421264648438 0.0457687377929687 -0.00461959838867188 -0.0295448303222656
-0.112022399902344 -0.000389099121093773 -0.0437507629394531 -0.0175704956054688
-0.0851364135742188 -0.0829010009765625 -0.0666542053222656 -0.019195556640625
0.0105133056640625 -0.120590209960938 -0.0887832641601562 -0.070770263671875
0.136680603027344 -0.0311508178710937 -0.060333251953125 -0.168853759765625
0.127639770507813 0.0783004760742188 0.052947998046875 -0.197418212890625
0.0589828491210937 0.126190185546875 0.15057373046875 -0.061187744140625
0.0596694946289062 0.0936431884765625 -0.0849151611328125 0.185989379882812
0.07342529296875 0.02593994140625 -0.042816162109375 0.241104125976563
0.0627479553222656 -0.0363044738769531 0.11175537109375 0.239578247070312
0.004913330078125 -0.0496635437011719 0.227828979492187 0.147598266601563
-0.03558349609375 -0.0230216979980469 0.240036010742188 -0.008544921875
-0.0492172241210938 0.0167007446289063 0.173904418945313 -0.1212158203125
-0.0351390838623047 0.0228481292724609 0.0866622924804687 -0.138847351074219
-0.0397109985351563 0.0169639587402344 0.0410232543945312 -0.096649169921875
-0.0554885864257813 0.0208778381347656 0.019134521484375 -0.0535659790039062
-0.0640449523925781 -0.0109443664550781 -0.00468063354492188 -0.0281333923339844
-0.0394287109375 -0.0561370849609375 -0.0360565185546875 -0.00922393798828125
0.0242080688476563 -0.0665283203125 -0.0800094604492188 -0.0489425659179688
0.0860671997070312 0.00890350341796875 -0.066497802734375 -0.163253784179688
0.0634841918945313 0.0658187866210938 0.0568389892578125 -0.194107055664063
0.0220870971679687 0.0799331665039063 0.146743774414063 -0.0185699462890625
0.00295734405517578 -0.00999546051025391 -0.157363891601563 0.00834655761718748
-0.00800037384033203 -0.00954627990722656 -0.0588836669921875 0.1861572265625
0.00211524963378906 -0.0239028930664063 0.0968170166015625 0.148590087890625
-0.0167169570922852 -0.0107269287109375 0.091400146484375 0.0438385009765625
-0.00881862640380859 0.00857830047607422 0.0212955474853516 0.00440025329589844
0.0111246109008789 0.010340690612793 -0.0201244354248047 0.0234203338623047
0.0110797882080078 -0.00309944152832031 -0.0338554382324219 0.0626754760742187
0.00339221954345703 -0.00838088989257812 -0.0422897338867188 0.103271484375
0.00699615478515625 -0.00506401062011719 -0.0922927856445313 0.137649536132813
-0.000155925750732422 0.00121700763702393 -0.177703857421875 0.112960815429687
-0.00393223762512207 0.00419950485229492 -0.23431396484375 0.0419769287109375
-0.00753927230834961 -0.000759124755859375 -0.230178833007813 -0.093963623046875
-0.0156850814819336 -0.0031747817993164 -0.123046875 -0.247589111328125
-0.0274562835693359 -0.0233020782470703 -0.00918579101562498 -0.253692626953125
-0.0140571594238281 -0.0459938049316406 0.0824127197265625 -0.225509643554687
0.0375938415527344 0.0614585876464844 -0.150527954101563 -0.00291442871093753
0.0601577758789062 0.0278053283691406 -0.0653076171875 0.169464111328125
0.0707321166992188 -0.0463943481445312 0.0821380615234375 0.150741577148438
-0.00164031982421876 -0.0731124877929688 0.0851211547851563 0.0562973022460938
-0.0453834533691406 -0.0368423461914062 0.0311317443847656 0.0117740631103516
-0.0480270385742188 0.0140838623046875 -0.00982093811035157 0.023101806640625
-0.028594970703125 0.0290908813476563 -0.0283737182617188 0.0563583374023438
-0.0257740020751953 0.0168704986572266 -0.0381622314453125 0.0978012084960938
-0.0252304077148438 0.0230445861816406 -0.0881576538085938 0.132820129394531
-0.03955078125 0.0189590454101563 -0.175018310546875 0.114822387695313
-0.0444526672363281 -0.00754547119140626 -0.228378295898438 0.045928955078125
-0.0300674438476562 -0.0357704162597656 -0.229736328125 -0.0876922607421875
0.0165863037109375 -0.0437202453613281 -0.133392333984375 -0.240264892578125
0.0375785827636719 -0.0215225219726562 -0.0202178955078125 -0.2586669921875
0.0332565307617188 0.00480079650878906 0.081634521484375 -0.238677978515625
0.0720596313476563 0.121566772460937 -0.140899658203125 0.00271606445312498
0.123023986816406 0.051361083984375 -0.071685791015625 0.150985717773438
0.124267578125 -0.0736312866210938 0.0566253662109375 0.155853271484375
0.00527191162109375 -0.125221252441406 0.0819091796875 0.0849990844726563
-0.0789871215820313 -0.0715103149414062 0.0603523254394531 0.027130126953125
-0.0963592529296875 0.0193023681640625 0.0208511352539062 0.0140914916992188
-0.0613250732421875 0.0558013916015625 -0.0110454559326172 0.03436279296875
-0.0523834228515625 0.039581298828125 -0.0291366577148438 0.0766830444335938
-0.0549888610839844 0.048797607421875 -0.0803680419921875 0.115638732910156
-0.0757827758789063 0.034271240234375 -0.168060302734375 0.102859497070313
-0.0824508666992188 -0.0188980102539063 -0.217544555664062 0.03857421875
-0.049713134765625 -0.0723114013671875 -0.219024658203125 -0.089874267578125
0.0502777099609375 -0.08074951171875 -0.130111694335938 -0.23529052734375
0.0993270874023438 -0.016754150390625 -0.0156097412109375 -0.25811767578125
0.0753021240234375 0.0533905029296875 0.0892486572265625 -0.232757568359375
0.100860595703125 0.159713745117188 -0.130744934082031 0.0230789184570312
0.1689453125 0.0525970458984375 -0.0821533203125 0.144821166992188
0.149749755859375 -0.102813720703125 0.0364532470703125 0.173904418945313
-0.00233459472656249 -0.1563720703125 0.0955963134765625 0.122505187988281
-0.10504150390625 -0.0844802856445313 0.103996276855469 0.0394821166992187
-0.126373291015625 0.0290908813476562 0.0643081665039062 -0.00614166259765625
-0.0799026489257813 0.0735321044921875 0.0138521194458008 0.000303268432617192
-0.0712814331054687 0.0542984008789063 -0.0153694152832031 0.042633056640625
-0.078704833984375 0.0670623779296875 -0.0693740844726563 0.0863418579101562
-0.107841491699219 0.0432891845703125 -0.154037475585937 0.07958984375
-0.114097595214844 -0.0360183715820313 -0.195632934570313 0.020965576171875
-0.060089111328125 -0.108642578125 -0.195220947265625 -0.09722900390625
0.0875091552734375 -0.107688903808594 -0.111007690429687 -0.226318359375
0.151214599609375 -0.00177001953125 0.000732421874999988 -0.248428344726563
0.104011535644531 0.0976181030273438 0.105316162109375 -0.208145141601563
0.117950439453125 0.172576904296875 -0.118995666503906 0.0588455200195313
0.185089111328125 0.040771484375 -0.0863800048828125 0.1593017578125
0.143325805664063 -0.11798095703125 0.03704833984375 0.20318603515625
-0.0160980224609375 -0.155548095703125 0.127716064453125 0.153213500976563
-0.113067626953125 -0.0762710571289063 0.154693603515625 0.03753662109375
-0.131256103515625 0.0386962890625 0.107368469238281 -0.0373687744140625
-0.0848312377929688 0.0787887573242187 0.0396232604980469 -0.0401229858398437
-0.0807723999023438 0.0606765747070312 -0.00143051147460938 0.00296735763549805
-0.09454345703125 0.0749053955078125 -0.0529708862304688 0.0477218627929688
-0.130111694335938 0.0401458740234375 -0.12811279296875 0.0468521118164062
-0.130210876464844 -0.056060791015625 -0.158950805664063 -0.00059509277343751
-0.05291748046875 -0.138381958007812 -0.157440185546875 -0.099029541015625
0.123207092285156 -0.111984252929688 -0.0868377685546875 -0.207992553710938
0.179092407226563 0.0229034423828125 0.0214080810546875 -0.227951049804688
0.112129211425781 0.127410888671875 0.122512817382813 -0.16766357421875
0.117706298828125 0.161361694335938 -0.103775024414063 0.102317810058594
0.167877197265625 0.02813720703125 -0.077789306640625 0.187713623046875
0.117294311523438 -0.108375549316406 0.0599365234375 0.226318359375
-0.0211563110351563 -0.1297607421875 0.171951293945313 0.160919189453125
-0.100196838378906 -0.0564422607421875 0.19708251953125 0.0211639404296875
-0.11370849609375 0.0406036376953125 0.139396667480469 -0.0729217529296875
-0.0764846801757813 0.07147216796875 0.0586776733398438 -0.0816116333007813
-0.0772705078125 0.055267333984375 0.0125885009765625 -0.0370941162109375
-0.0966873168945313 0.0686721801757812 -0.031097412109375 0.0070781707763672
-0.132270812988281 0.0250320434570313 -0.0897064208984375 0.01239013671875
-0.121498107910156 -0.0741729736328125 -0.110794067382813 -0.0146942138671875
-0.027557373046875 -0.144760131835938 -0.117790222167969 -0.0867080688476563
0.145904541015625 -0.085235595703125 -0.0684356689453125 -0.181259155273438
0.171951293945313 0.0524139404296875 0.034088134765625 -0.208908081054688
0.09686279296875 0.138076782226563 0.136299133300781 -0.117607116699219
0.09918212890625 0.131721496582031 -0.0872039794921875 0.148086547851562
0.127914428710938 0.0210342407226563 -0.054107666015625 0.21734619140625
0.08636474609375 -0.0790328979492188 0.0923919677734375 0.2333984375
-0.014404296875 -0.089691162109375 0.209335327148438 0.15032958984375
-0.0720291137695313 -0.0368423461914062 0.222457885742188 -0.0029296875
-0.0831832885742187 0.0344390869140625 0.156692504882812 -0.10516357421875
-0.0578765869140625 0.0509529113769531 0.0701065063476563 -0.116500854492187
-0.0626068115234375 0.0406951904296875 0.0250625610351562 -0.0718917846679688
-0.0833892822265625 0.0497817993164063 -0.00654983520507813 -0.0287456512451172
-0.109832763671875 0.00566101074218748 -0.0446701049804688 -0.0132102966308594
-0.0869140625 -0.0760955810546875 -0.0646781921386719 -0.015289306640625
0.00363159179687501 -0.119110107421875 -0.0895462036132813 -0.0641937255859375
0.134750366210938 -0.0391006469726563 -0.0674591064453125 -0.160598754882813
0.130226135253906 0.070953369140625 0.0383758544921875 -0.195770263671875
0.0638046264648438 0.122489929199219 0.142333984375 -0.0681304931640625
0.0653076171875 0.0887451171875 -0.072967529296875 0.188186645507813
0.073577880859375 0.0216064453125 -0.0284881591796875 0.23870849609375
0.0591621398925781 -0.0401420593261719 0.121994018554688 0.228912353515625
0.00200271606445313 -0.04864501953125 0.2322998046875 0.132720947265625
-0.0359840393066406 -0.0192298889160156 0.2332763671875 -0.0224151611328125
-0.0465507507324219 0.0197715759277344 0.162704467773438 -0.128067016601563
-0.0325431823730469 0.0242595672607422 0.0754623413085938 -0.140129089355469
-0.0393295288085938 0.0193595886230469 0.0336837768554687 -0.0966339111328125
-0.0530128479003906 0.0232658386230469 0.0153770446777344 -0.0538978576660156
-0.0637435913085938 -0.00706100463867188 -0.00684356689453126 -0.0268306732177734
-0.0412368774414062 -0.0529823303222656 -0.0343875885009766 -0.00753593444824219
0.0206069946289062 -0.066680908203125 -0.0795135498046875 -0.0430831909179688
0.0866165161132813 0.00478363037109375 -0.07489013671875 -0.154129028320313
0.0656700134277344 0.0622367858886719 0.042144775390625 -0.19232177734375
0.0253067016601563 0.078765869140625 0.143157958984375 -0.026153564453125
0.00296592712402344 -0.00993251800537109 -0.154006958007813 0.0102691650390625
-0.00729846954345703 -0.00884914398193359 -0.0521697998046875 0.180755615234375
0.00119400024414062 -0.0236949920654297 0.0981903076171875 0.141036987304688
-0.0167093276977539 -0.00928306579589844 0.0890960693359375 0.0397796630859375
-0.0075531005859375 0.00967788696289062 0.0199012756347656 0.00579452514648438
0.0127573013305664 0.00962352752685547 -0.0185699462890625 0.0249900817871094
0.0106096267700195 -0.00323390960693359 -0.030487060546875 0.0610237121582031
0.00289249420166016 -0.00810813903808594 -0.0366134643554688 0.101509094238281
0.00583839416503906 -0.00543117523193359 -0.0842971801757813 0.135848999023437
0.000176429748535156 0.00168800354003906 -0.16839599609375 0.115615844726562
-0.00351285934448242 0.00513553619384766 -0.226348876953125 0.0472259521484375
-0.00818920135498047 0.000792980194091796 -0.224884033203125 -0.085662841796875
-0.0157861709594727 -0.00310420989990235 -0.125137329101562 -0.2384033203125
-0.0280265808105469 -0.022918701171875 -0.016143798828125 -0.247940063476563
-0.014251708984375 -0.0438766479492188 0.074859619140625 -0.223983764648438
0.0394706726074219 0.0589866638183594 -0.147445678710938 -0.00134277343750002
0.0597267150878906 0.0272865295410156 -0.058502197265625 0.165863037109375
0.0675163269042969 -0.0475120544433594 0.0828704833984375 0.142898559570312
-0.00309753417968749 -0.0712661743164063 0.0844879150390625 0.0523300170898438
-0.0455970764160156 -0.034576416015625 0.0310783386230469 0.0117740631103516
-0.0456733703613281 0.0147438049316406 -0.0085601806640625 0.0229473114013672
-0.0268688201904297 0.0284156799316406 -0.026153564453125 0.0548820495605469
-0.0249862670898437 0.0175724029541016 -0.0322723388671875 0.094696044921875
-0.0244235992431641 0.0225048065185547 -0.079833984375 0.132164001464844
-0.0368461608886719 0.0192642211914062 -0.1661376953125 0.116973876953125
-0.0426445007324219 -0.00486373901367187 -0.21990966796875 0.05120849609375
-0.0303325653076172 -0.0341758728027344 -0.224151611328125 -0.079345703125
0.0149154663085937 -0.0436744689941406 -0.135772705078125 -0.230133056640625
0.0356101989746094 -0.0219688415527344 -0.0267486572265625 -0.253204345703125
0.0330867767333984 0.00427436828613281 0.0726318359375 -0.235824584960938
0.07464599609375 0.11773681640625 -0.1383056640625 0.00353240966796874
0.122390747070313 0.0489044189453125 -0.066802978515625 0.148040771484375
0.119392395019531 -0.0751419067382813 0.0582427978515625 0.149139404296875
0.00180053710937499 -0.122848510742188 0.081939697265625 0.0810699462890625
-0.0791091918945312 -0.0672073364257813 0.0591583251953125 0.0257034301757812
-0.0919647216796875 0.0211715698242187 0.0207195281982422 0.0133457183837891
-0.0572242736816406 0.0562095642089844 -0.00962638854980469 0.0334796905517578
-0.0505218505859375 0.0399932861328125 -0.0254364013671875 0.0742416381835937
-0.0527153015136719 0.0489921569824219 -0.0728225708007813 0.115272521972656
-0.0724029541015625 0.0358810424804688 -0.159759521484375 0.106857299804688
-0.0798873901367188 -0.01519775390625 -0.209808349609375 0.0443878173828125
-0.0507774353027344 -0.0686264038085938 -0.214614868164063 -0.0815277099609375
0.0468597412109375 -0.080841064453125 -0.131973266601563 -0.224838256835938
0.0961227416992188 -0.0186920166015625 -0.022735595703125 -0.2513427734375
0.0747833251953125 0.0513839721679688 0.080047607421875 -0.229248046875
0.10382080078125 0.154052734375 -0.126998901367187 0.025146484375
0.166580200195312 0.0483551025390625 -0.0762786865234375 0.142593383789063
0.142135620117188 -0.104446411132813 0.0397491455078125 0.168304443359375
-0.00691223144531249 -0.152618408203125 0.0963211059570313 0.117607116699219
-0.103813171386719 -0.07952880859375 0.102775573730469 0.0362625122070313
-0.120674133300781 0.0314788818359375 0.0616722106933594 -0.0076141357421875
-0.0753860473632812 0.0730667114257813 0.0135374069213867 -0.000806808471679683
-0.0686798095703125 0.0556373596191406 -0.0131187438964844 0.041412353515625
-0.0756072998046875 0.0674362182617187 -0.0644683837890625 0.08636474609375
-0.103584289550781 0.0451889038085937 -0.146957397460938 0.0839996337890625
-0.1116943359375 -0.0308914184570312 -0.189041137695312 0.02630615234375
-0.0615768432617188 -0.104454040527344 -0.192108154296875 -0.089752197265625
0.0831298828125 -0.107902526855469 -0.11370849609375 -0.216842651367188
0.146591186523438 -0.0062255859375 -0.00679016113281251 -0.241683959960937
0.104225158691406 0.0938186645507813 0.0955352783203125 -0.206329345703125
0.121063232421875 0.1651611328125 -0.114830017089844 0.0591812133789063
0.181488037109375 0.0365753173828125 -0.0804443359375 0.156143188476563
0.134803771972656 -0.11871337890625 0.0393524169921875 0.196487426757813
-0.0200958251953125 -0.152191162109375 0.12957763671875 0.146316528320313
-0.1123046875 -0.07025146484375 0.151412963867188 0.033905029296875
-0.124687194824219 0.0409622192382812 0.101600646972656 -0.039031982421875
-0.0792770385742188 0.0791473388671875 0.03692626953125 -0.0408668518066406
-0.077362060546875 0.06201171875 -0.000918865203857427 0.00269556045532227
-0.0897674560546875 0.0754928588867188 -0.0498161315917969 0.0488548278808594
-0.124336242675781 0.0424270629882813 -0.122909545898438 0.0518035888671875
-0.127555847167969 -0.0498199462890625 -0.15386962890625 0.00289916992187502
-0.0562210083007812 -0.133125305175781 -0.15557861328125 -0.092681884765625
0.118247985839844 -0.11328125 -0.0882415771484375 -0.199508666992187
0.175369262695313 0.016632080078125 0.0138702392578125 -0.223403930664063
0.112648010253906 0.123817443847656 0.113754272460938 -0.166763305664063
0.119735717773438 0.154678344726563 -0.0993270874023437 0.101936340332031
0.163482666015625 0.0243072509765625 -0.0706329345703125 0.183731079101563
0.111259460449219 -0.108871459960938 0.0621185302734375 0.218353271484375
-0.024871826171875 -0.125770568847656 0.17218017578125 0.15313720703125
-0.0992279052734375 -0.0523605346679688 0.191360473632812 0.01544189453125
-0.108779907226563 0.0432815551757812 0.132148742675781 -0.0758590698242188
-0.071380615234375 0.0709609985351563 0.0541763305664062 -0.0815277099609375
-0.0741729736328125 0.0570831298828125 0.0112190246582031 -0.0364227294921875
-0.0930862426757813 0.07012939453125 -0.0310077667236328 0.00868225097656251
-0.12872314453125 0.0285873413085938 -0.08709716796875 0.0171356201171875
-0.119804382324219 -0.0688629150390625 -0.107582092285156 -0.0121688842773438
-0.030548095703125 -0.1416015625 -0.115676879882813 -0.08233642578125
0.141708374023438 -0.0887603759765625 -0.07037353515625 -0.173828125
0.170074462890625 0.0480804443359375 0.0253143310546875 -0.202987670898437
0.0966110229492188 0.134147644042969 0.129020690917969 -0.118484497070312
0.100227355957031 0.126014709472656 -0.0817413330078125 0.146102905273438
0.1246337890625 0.018646240234375 -0.048309326171875 0.212844848632813
0.0822219848632813 -0.0794677734375 0.0953216552734375 0.224929809570312
-0.0161285400390625 -0.0876312255859375 0.207656860351563 0.141754150390625
-0.070465087890625 -0.0325241088867188 0.21630859375 -0.007293701171875
-0.0792465209960938 0.0354385375976562 0.14813232421875 -0.106857299804688
-0.0536956787109375 0.0518608093261719 0.0643310546875 -0.114425659179687
-0.0604705810546875 0.0418701171875 0.0214347839355469 -0.0699920654296875
-0.080780029296875 0.0510711669921875 -0.00777435302734376 -0.0272598266601563
-0.106391906738281 0.00930023193359373 -0.0444374084472656 -0.00981521606445312
-0.0872344970703125 -0.070281982421875 -0.0625572204589844 -0.0138397216796875
0.00131988525390626 -0.117271423339844 -0.0878372192382813 -0.0597686767578125
0.131675720214844 -0.0430831909179687 -0.0703887939453125 -0.1529541015625
0.129707336425781 0.0672607421875 0.031524658203125 -0.190383911132812
0.063629150390625 0.118988037109375 0.136589050292969 -0.0701828002929687
0.0673904418945312 0.0850753784179688 -0.067047119140625 0.18536376953125
0.0714569091796875 0.0205078125 -0.022186279296875 0.233734130859375
0.0559234619140625 -0.0402450561523437 0.123397827148438 0.219772338867188
0.000347137451171878 -0.0478401184082031 0.229324340820313 0.12335205078125
-0.0349750518798828 -0.0167179107666016 0.225570678710937 -0.026763916015625
-0.0429763793945313 0.0199470520019531 0.153091430664062 -0.128021240234375
-0.0307273864746094 0.0238380432128906 0.067901611328125 -0.137550354003906
-0.0379981994628906 0.0205917358398438 0.0290298461914062 -0.0944366455078125
-0.052520751953125 0.0240592956542969 0.0120849609375 -0.0521621704101563
-0.0625953674316406 -0.00570297241210938 -0.00761985778808594 -0.0245628356933594
-0.0423088073730469 -0.050079345703125 -0.0320663452148438 -0.00720024108886719
0.0187339782714844 -0.0658302307128906 -0.0767288208007812 -0.038299560546875
0.0858230590820313 0.00083160400390625 -0.076873779296875 -0.14569091796875
0.0659980773925781 0.0595245361328125 0.0339202880859375 -0.187347412109375
0.024932861328125 0.0771865844726563 0.136932373046875 -0.0285491943359375
0.00421047210693359 -0.00957775115966797 -0.15313720703125 0.00883483886718747
-0.00632619857788086 -0.00809431076049805 -0.051513671875 0.178390502929688
0.000360488891601565 -0.0245437622070312 0.0961761474609375 0.137283325195313
-0.0178413391113281 -0.00977897644042968 0.0879058837890625 0.0382156372070313
-0.00832462310791015 0.00950050354003906 0.0199871063232422 0.00686073303222656
0.0135602951049805 0.00869655609130859 -0.0178623199462891 0.0253314971923828
0.010645866394043 -0.00308895111083984 -0.0299301147460937 0.0604515075683594
0.00223875045776367 -0.00776052474975586 -0.0339431762695313 0.0992584228515625
0.00516700744628906 -0.00572061538696289 -0.08111572265625 0.13525390625
-7.82012939453124E-05 0.00203633308410645 -0.164596557617188 0.116226196289062
-0.00315284729003906 0.0055079460144043 -0.222518920898438 0.047943115234375
-0.00832653045654297 0.000194072723388674 -0.222427368164062 -0.08447265625
-0.0159454345703125 -0.00385189056396485 -0.124832153320313 -0.235549926757813
-0.0281467437744141 -0.0219287872314453 -0.0169677734375 -0.245758056640625
-0.01300048828125 -0.0440483093261719 0.07281494140625 -0.222915649414063
0.0408401489257813 0.0595932006835938 -0.14599609375 -0.002716064453125
0.0600776672363281 0.0274620056152344 -0.05767822265625 0.16278076171875
0.0662002563476563 -0.0473060607910156 0.0815200805664063 0.139846801757812
-0.00513458251953125 -0.0704879760742188 0.0833358764648438 0.05120849609375
-0.0452346801757813 -0.0345077514648437 0.0306377410888672 0.0128517150878906
-0.0432929992675781 0.0140037536621094 -0.00847244262695313 0.0237178802490234
-0.0261383056640625 0.0289058685302734 -0.0260162353515625 0.0548782348632813
-0.0260009765625 0.0181179046630859 -0.0304946899414063 0.09271240234375
-0.0243263244628906 0.0222320556640625 -0.076690673828125 0.131034851074219
-0.0357131958007813 0.0197334289550781 -0.162124633789063 0.11810302734375
-0.0418281555175781 -0.00455856323242187 -0.216781616210938 0.051910400390625
-0.0306854248046875 -0.0338401794433594 -0.22174072265625 -0.078277587890625
0.0143585205078125 -0.0440559387207031 -0.134353637695313 -0.227859497070313
0.0348892211914063 -0.0218009948730469 -0.0274658203125 -0.25054931640625
0.0324993133544922 0.00495529174804688 0.0705413818359375 -0.2349853515625
0.0759658813476563 0.117607116699219 -0.136878967285156 0.00321960449218752
0.121513366699219 0.0493850708007813 -0.0651092529296875 0.144454956054688
0.11767578125 -0.0756378173828125 0.05755615234375 0.145172119140625
0.000213623046875002 -0.121780395507813 0.080780029296875 0.0798492431640625
-0.078338623046875 -0.0665664672851563 0.0589370727539062 0.0265998840332031
-0.0900726318359375 0.0213623046875 0.0202198028564453 0.0133094787597656
-0.0563583374023438 0.0556640625 -0.00971031188964844 0.0330848693847656
-0.0502510070800781 0.0399742126464844 -0.023193359375 0.0725784301757813
-0.0523223876953125 0.04791259765625 -0.0707244873046875 0.113212585449219
-0.0702171325683594 0.0358924865722656 -0.156509399414063 0.108184814453125
-0.07879638671875 -0.01470947265625 -0.205825805664063 0.04461669921875
-0.0505714416503906 -0.0685920715332031 -0.211410522460938 -0.080230712890625
0.0460586547851562 -0.0805282592773438 -0.131088256835937 -0.222686767578125
0.0953521728515625 -0.0185317993164063 -0.024017333984375 -0.249114990234375
0.0749359130859375 0.0520782470703125 0.0787811279296875 -0.228271484375
0.104782104492187 0.153121948242187 -0.126510620117188 0.0231781005859375
0.166030883789063 0.0490264892578125 -0.0750350952148438 0.140144348144531
0.141189575195313 -0.103302001953125 0.037567138671875 0.16644287109375
-0.0077667236328125 -0.151687622070313 0.0957565307617188 0.116630554199219
-0.103752136230469 -0.07830810546875 0.101531982421875 0.0365371704101562
-0.118797302246094 0.0311660766601562 0.0605316162109375 -0.0085296630859375
-0.0737075805664062 0.0723342895507813 0.0134115219116211 -0.000920295715332027
-0.0685539245605469 0.0567359924316406 -0.012664794921875 0.0405197143554688
-0.075592041015625 0.0671920776367188 -0.062408447265625 0.08526611328125
-0.101264953613281 0.0450057983398437 -0.143844604492188 0.085540771484375
-0.109840393066406 -0.0294647216796875 -0.1861572265625 0.0264892578125
-0.0615997314453125 -0.102989196777344 -0.189407348632813 -0.0888671875
0.0817031860351562 -0.108749389648437 -0.112533569335938 -0.214218139648438
0.145263671875 -0.00653076171875 -0.007843017578125 -0.23980712890625
0.102935791015625 0.0936279296875 0.093109130859375 -0.205307006835938
0.120895385742188 0.164749145507813 -0.113883972167969 0.058746337890625
0.18017578125 0.036224365234375 -0.079742431640625 0.154953002929687
0.133644104003906 -0.118270874023437 0.0377655029296875 0.194580078125
-0.0211181640625 -0.151199340820312 0.1298828125 0.145126342773438
-0.111137390136719 -0.0692596435546875 0.14990234375 0.0332794189453125
-0.121818542480469 0.039703369140625 0.100746154785156 -0.0391159057617188
-0.0778427124023438 0.0779495239257813 0.0357131958007812 -0.040435791015625
-0.0761947631835938 0.0624847412109375 -0.000700712203979497 0.00242280960083008
-0.0895614624023438 0.0757293701171875 -0.0489845275878906 0.049224853515625
-0.122825622558594 0.0429458618164063 -0.120887756347656 0.0543365478515625
-0.127006530761719 -0.048828125 -0.152236938476563 0.0041046142578125
-0.0560989379882813 -0.132644653320313 -0.153701782226563 -0.0921630859375
0.118095397949219 -0.113937377929688 -0.0871429443359375 -0.197479248046875
0.174118041992188 0.0173492431640625 0.011627197265625 -0.221038818359375
0.110809326171875 0.124130249023438 0.111282348632813 -0.165328979492188
0.119598388671875 0.153427124023438 -0.098541259765625 0.101066589355469
0.163360595703125 0.0240325927734375 -0.0701446533203125 0.182571411132812
0.108993530273438 -0.10821533203125 0.0607147216796875 0.215713500976563
-0.0243453979492187 -0.124397277832031 0.171127319335938 0.151763916015625
-0.0980606079101563 -0.0510635375976562 0.189620971679688 0.0160064697265625
-0.105705261230469 0.0422134399414063 0.129249572753906 -0.0742950439453125
-0.0694007873535156 0.0701255798339844 0.0521316528320312 -0.0806732177734375
-0.0750274658203125 0.057037353515625 0.0106086730957031 -0.0356941223144531
-0.0929641723632813 0.0697402954101562 -0.0308799743652344 0.00889968872070312
-0.126579284667969 0.0294418334960938 -0.0859222412109375 0.0198745727539062
-0.119461059570313 -0.0669097900390625 -0.106040954589844 -0.0117950439453125
-0.0306396484375 -0.1409912109375 -0.113578796386719 -0.0822525024414063
0.140373229980469 -0.0891647338867188 -0.0695953369140625 -0.172653198242188
0.168655395507812 0.0475311279296875 0.0238189697265625 -0.200241088867187
0.0953903198242188 0.135406494140625 0.125633239746094 -0.117012023925781
0.101119995117188 0.125045776367188 -0.081939697265625 0.14599609375
0.123214721679687 0.01885986328125 -0.0476531982421875 0.210769653320313
0.0802383422851563 -0.07757568359375 0.0930328369140625 0.223403930664063
-0.0155487060546875 -0.0866622924804687 0.207046508789063 0.140274047851563
-0.0692558288574219 -0.0329627990722656 0.213394165039063 -0.0070953369140625
-0.0764541625976562 0.0342559814453125 0.145553588867187 -0.105377197265625
-0.0521507263183594 0.0513191223144531 0.0620498657226562 -0.112548828125
-0.0608253479003906 0.0420494079589844 0.0202751159667969 -0.0692825317382813
-0.0806121826171875 0.0516204833984375 -0.00822448730468751 -0.0259876251220703
-0.105430603027344 0.00981140136718748 -0.0438728332519531 -0.00762176513671875
-0.0870513916015625 -0.0699081420898438 -0.061004638671875 -0.0143280029296875
0.000869750976562489 -0.116622924804688 -0.0856170654296875 -0.0593185424804688
0.131660461425781 -0.0435714721679688 -0.069244384765625 -0.149765014648438
0.128196716308594 0.0671615600585938 0.02838134765625 -0.188323974609375
0.0627517700195313 0.120536804199219 0.134147644042969 -0.06890869140625
0.0671615600585938 0.0844039916992188 -0.0664215087890625 0.184051513671875
0.0703201293945312 0.0199737548828125 -0.0213775634765625 0.232437133789063
0.0537872314453125 -0.0401229858398438 0.1212158203125 0.217300415039063
0.000312805175781252 -0.0478858947753906 0.226806640625 0.121978759765625
-0.0339565277099609 -0.0175228118896484 0.221771240234375 -0.02691650390625
-0.0414581298828125 0.0194664001464844 0.149612426757813 -0.126632690429688
-0.0300121307373047 0.0240745544433594 0.0656204223632813 -0.135414123535156
-0.0380020141601563 0.0208854675292969 0.0270614624023437 -0.0922698974609375
-0.0530357360839844 0.0241127014160156 0.0112495422363281 -0.0508384704589844
-0.0623054504394531 -0.00515747070312501 -0.00792312622070313 -0.0238151550292969
-0.0416030883789063 -0.049835205078125 -0.0317859649658203 -0.00856971740722657
0.0187492370605469 -0.0652313232421875 -0.0752410888671875 -0.0381393432617188
0.0864715576171875 -7.62939453125E-05 -0.0760040283203125 -0.14349365234375
0.0651626586914063 0.0598182678222656 0.030731201171875 -0.184173583984375
0.0235366821289062 0.0779266357421875 0.134536743164062 -0.0274734497070312
0.00622749328613281 -0.0100994110107422 -0.157394409179687 0.00657653808593751
-0.00622177124023437 -0.00908946990966797 -0.053924560546875 0.179534912109375
-0.000963211059570313 -0.0247287750244141 0.0966567993164063 0.138534545898438
-0.0194778442382813 -0.00873374938964844 0.0882644653320312 0.0393447875976562
-0.00802326202392578 0.0088958740234375 0.0204448699951172 0.00803756713867187
0.0138406753540039 0.00805759429931641 -0.0189285278320313 0.0267162322998047
0.0113525390625 -0.00313472747802734 -0.0306472778320312 0.0613250732421875
0.00140810012817383 -0.00742816925048828 -0.0343093872070313 0.0991897583007812
0.004638671875 -0.005157470703125 -0.0804824829101563 0.135986328125
0.00106126070022583 0.00101214647293091 -0.166030883789062 0.118865966796875
-0.00214290618896484 0.00628852844238281 -0.22589111328125 0.048736572265625
-0.0101490020751953 0.000532150268554688 -0.225372314453125 -0.088531494140625
-0.0172271728515625 -0.00435638427734375 -0.124237060546875 -0.24127197265625
-0.0284690856933594 -0.0221462249755859 -0.0162353515625 -0.251510620117188
-0.0120620727539062 -0.0458030700683594 0.075836181640625 -0.22845458984375
0.0420989990234375 0.0608024597167969 -0.149703979492188 -0.00425720214843752
0.0615272521972656 0.0282135009765625 -0.059478759765625 0.164108276367187
0.067901611328125 -0.0486106872558594 0.0829315185546875 0.14215087890625
-0.00531005859374999 -0.0722503662109375 0.083587646484375 0.0524368286132813
-0.04595947265625 -0.0350227355957031 0.0304393768310547 0.0144100189208984
-0.0432090759277344 0.0128135681152344 -0.00890350341796876 0.0244178771972656
-0.0250053405761719 0.0287303924560547 -0.0264396667480469 0.05572509765625
-0.0263309478759766 0.0191364288330078 -0.0304794311523438 0.0933761596679688
-0.0265274047851562 0.0232620239257813 -0.0767822265625 0.132225036621094
-0.036529541015625 0.0199089050292969 -0.163711547851562 0.120437622070313
-0.0411262512207031 -0.00376510620117188 -0.2200927734375 0.052337646484375
-0.0315074920654297 -0.0350837707519531 -0.223800659179687 -0.082183837890625
0.0140228271484375 -0.0456771850585937 -0.135635375976563 -0.233001708984375
0.03515625 -0.022857666015625 -0.0279693603515625 -0.256683349609375
0.0337352752685547 0.00415802001953125 0.07281494140625 -0.240203857421875
0.077911376953125 0.120925903320313 -0.140541076660156 0.000831604003906272
0.125373840332031 0.0511856079101563 -0.065948486328125 0.147003173828125
0.12091064453125 -0.0758132934570313 0.0565643310546875 0.147994995117188
0.000297546386718746 -0.124992370605469 0.0819244384765625 0.081787109375
-0.08087158203125 -0.0685195922851563 0.0599212646484375 0.0289535522460938
-0.0921478271484375 0.01934814453125 0.0202808380126953 0.0141773223876953
-0.0568046569824219 0.0553970336914063 -0.0105495452880859 0.0335655212402344
-0.052154541015625 0.042083740234375 -0.0229644775390625 0.0734100341796875
-0.0544509887695313 0.0485877990722656 -0.0714187622070313 0.114959716796875
-0.070953369140625 0.035491943359375 -0.157501220703125 0.111053466796875
-0.0792312622070313 -0.0138931274414063 -0.210128784179688 0.0447235107421875
-0.0518836975097656 -0.070159912109375 -0.215408325195312 -0.0837249755859375
0.0470504760742188 -0.082611083984375 -0.132034301757812 -0.228851318359375
0.0966033935546875 -0.0185165405273437 -0.0239715576171875 -0.254714965820312
0.0763168334960938 0.053375244140625 0.078948974609375 -0.2333984375
0.106338500976563 0.1568603515625 -0.130180358886719 0.0225906372070313
0.169479370117188 0.0517120361328125 -0.0772705078125 0.141082763671875
0.144882202148438 -0.105575561523437 0.0366363525390625 0.168411254882813
-0.00810241699218751 -0.154769897460938 0.096588134765625 0.118743896484375
-0.104995727539063 -0.0802688598632813 0.103324890136719 0.0385360717773437
-0.120391845703125 0.0308151245117187 0.0610198974609375 -0.00724029541015625
-0.0742874145507813 0.0732879638671875 0.0115470886230469 -0.000892639160156245
-0.0702476501464844 0.0580253601074219 -0.0127296447753906 0.0408706665039063
-0.0777740478515625 0.0690689086914062 -0.06280517578125 0.086883544921875
-0.101829528808594 0.045928955078125 -0.144699096679688 0.089019775390625
-0.112617492675781 -0.0300064086914062 -0.18975830078125 0.0264434814453125
-0.0630035400390625 -0.106086730957031 -0.19219970703125 -0.0918121337890624
0.0842819213867188 -0.110870361328125 -0.1136474609375 -0.219100952148437
0.148391723632813 -0.005096435546875 -0.00808715820312497 -0.244583129882813
0.104347229003906 0.0981292724609375 0.0947723388671875 -0.208328247070312
0.122650146484375 0.167678833007813 -0.115821838378906 0.0577392578125
0.183624267578125 0.03851318359375 -0.0822601318359375 0.1552734375
0.136985778808594 -0.119514465332031 0.036285400390625 0.198333740234375
-0.021209716796875 -0.154754638671875 0.130874633789063 0.148391723632813
-0.112068176269531 -0.0719146728515625 0.152191162109375 0.0351715087890625
-0.123870849609375 0.03997802734375 0.101371765136719 -0.0389175415039063
-0.0782394409179687 0.0785598754882813 0.03515625 -0.0418319702148437
-0.0791549682617188 0.063995361328125 -0.00174999237060547 0.00225353240966797
-0.091827392578125 0.0775527954101563 -0.0498428344726562 0.0503768920898438
-0.125205993652344 0.044464111328125 -0.122367858886719 0.056884765625
-0.128761291503906 -0.0504379272460938 -0.15411376953125 0.00305175781249998
-0.0562591552734375 -0.135391235351562 -0.155838012695312 -0.095703125
0.120933532714844 -0.117599487304687 -0.0885467529296875 -0.201690673828125
0.177566528320313 0.0184783935546875 0.01153564453125 -0.225662231445313
0.111312866210938 0.1295166015625 0.113937377929687 -0.16778564453125
0.122268676757813 0.157455444335938 -0.101165771484375 0.102447509765625
0.165969848632813 0.0267791748046875 -0.0725250244140625 0.185348510742188
0.111854553222656 -0.109092712402344 0.0601654052734375 0.221099853515625
-0.0246658325195313 -0.127365112304688 0.173980712890625 0.155792236328125
-0.0990982055664063 -0.0520553588867187 0.1929931640625 0.017730712890625
-0.106437683105469 0.0410308837890625 0.131027221679687 -0.0757369995117188
-0.070343017578125 0.0703277587890625 0.052032470703125 -0.0814056396484375
-0.07647705078125 0.0591278076171875 0.00963973999023438 -0.0366859436035156
-0.0960540771484375 0.0711822509765625 -0.0311832427978516 0.00927925109863282
-0.1285400390625 0.0293350219726562 -0.086395263671875 0.02191162109375
-0.121818542480469 -0.0677642822265625 -0.107688903808594 -0.0140457153320312
-0.030487060546875 -0.144485473632813 -0.115364074707031 -0.0843887329101563
0.144790649414063 -0.0916595458984375 -0.0697174072265625 -0.174301147460938
0.172637939453125 0.049957275390625 0.0237579345703125 -0.203842163085937
0.0947418212890625 0.140151977539062 0.128158569335938 -0.119331359863281
0.103645324707031 0.127166748046875 -0.0848846435546875 0.148712158203125
0.125274658203125 0.0215988159179688 -0.0496368408203125 0.214462280273438
0.0821304321289063 -0.0792388916015625 0.093109130859375 0.229202270507813
-0.017333984375 -0.0882720947265625 0.209609985351563 0.144561767578125
-0.0707931518554687 -0.0330429077148438 0.21728515625 -0.0063323974609375
-0.0761947631835938 0.0340576171875 0.146270751953125 -0.106063842773438
-0.0528297424316406 0.0508575439453125 0.06256103515625 -0.114372253417969
-0.0636482238769531 0.0440177917480469 0.0191116333007812 -0.06976318359375
-0.0828704833984375 0.0519790649414063 -0.00918769836425782 -0.0261497497558594
-0.107963562011719 0.00868225097656251 -0.0438499450683594 -0.00701522827148437
-0.0885238647460938 -0.0708160400390625 -0.0621910095214844 -0.0159530639648438
-0.000106811523437491 -0.119949340820312 -0.0855255126953125 -0.0616378784179688
0.135871887207031 -0.0455551147460938 -0.0699005126953125 -0.152069091796875
0.131568908691406 0.0700912475585938 0.027923583984375 -0.19012451171875
0.0616378784179688 0.125152587890625 0.136558532714844 -0.0691375732421875
0.0694122314453125 0.0857772827148437 -0.0692291259765625 0.18792724609375
0.0712356567382813 0.0219497680664063 -0.023681640625 0.237640380859375
0.0540657043457031 -0.0396957397460937 0.1209716796875 0.221923828125
-0.000537872314453128 -0.04937744140625 0.231674194335938 0.125213623046875
-0.0344753265380859 -0.0179977416992188 0.226165771484375 -0.0261077880859375
-0.0406036376953125 0.0183525085449219 0.1513671875 -0.126693725585938
-0.0297603607177734 0.0232734680175781 0.0660629272460938 -0.136390686035156
-0.0399932861328125 0.0213165283203125 0.02655029296875 -0.0930633544921875
-0.05548095703125 0.0254325866699219 0.0110206604003906 -0.0510787963867188
-0.0634498596191406 -0.00582122802734375 -0.007720947265625 -0.0236606597900391
-0.0418357849121094 -0.0507583618164063 -0.0320873260498047 -0.00956153869628907
0.0191192626953125 -0.0667228698730469 -0.0759811401367187 -0.0389175415039063
0.090057373046875 -0.0015716552734375 -0.07818603515625 -0.146270751953125
0.0665092468261719 0.0622177124023438 0.030181884765625 -0.185470581054688
0.022674560546875 0.08203125 0.135581970214844 -0.0255355834960937
0.00727367401123047 -0.0124988555908203 -0.165267944335938 0.00759887695312499
-0.00539779663085938 -0.00989913940429688 -0.05377197265625 0.187759399414062
-0.00182533264160156 -0.0260105133056641 0.102264404296875 0.14251708984375
-0.0217494964599609 -0.00861740112304687 0.092376708984375 0.0388107299804688
-0.00839805603027344 0.0114049911499023 0.0214881896972656 0.00979232788085938
0.0160331726074219 0.00671768188476563 -0.0184535980224609 0.0294952392578125
0.0121784210205078 -0.00367450714111328 -0.0312042236328125 0.06500244140625
0.000566959381103515 -0.00736713409423828 -0.032562255859375 0.102066040039063
0.00348758697509766 -0.00582313537597656 -0.0804595947265625 0.142532348632813
0.000890374183654785 0.00153517723083496 -0.169769287109375 0.126022338867188
-0.00292396545410156 0.00646352767944336 -0.234390258789063 0.0538787841796875
-0.0109529495239258 0.000477790832519532 -0.235626220703125 -0.08935546875
-0.0189571380615234 -0.00504493713378906 -0.133651733398437 -0.250503540039063
-0.031158447265625 -0.0232200622558594 -0.021881103515625 -0.261932373046875
-0.0137596130371094 -0.0484619140625 0.075408935546875 -0.23980712890625
0.0456733703613281 0.0630226135253906 -0.156784057617188 -0.00488281249999997
0.065704345703125 0.0298080444335938 -0.0600738525390625 0.1715087890625
0.0695037841796875 -0.0513801574707031 0.087371826171875 0.145782470703125
-0.00714874267578126 -0.07489013671875 0.0871353149414062 0.0526123046875
-0.0483856201171875 -0.0362014770507812 0.0330238342285156 0.0157585144042969
-0.0446243286132813 0.0133209228515625 -0.00862312316894532 0.0259437561035156
-0.0253772735595703 0.0298633575439453 -0.027557373046875 0.0595932006835938
-0.0276393890380859 0.0208644866943359 -0.0304107666015625 0.096405029296875
-0.0280857086181641 0.0249061584472656 -0.0764007568359375 0.137367248535156
-0.0372352600097656 0.0201416015625 -0.166336059570312 0.128753662109375
-0.0438423156738281 -0.00342178344726562 -0.2281494140625 0.05828857421875
-0.0345878601074219 -0.0352363586425781 -0.235260009765625 -0.0828399658203125
0.0127716064453125 -0.0478668212890625 -0.145370483398438 -0.242568969726562
0.0364456176757813 -0.024444580078125 -0.03338623046875 -0.267486572265625
0.0358161926269531 0.00400543212890625 0.073577880859375 -0.251708984375
0.0834579467773438 0.124710083007813 -0.147201538085938 0.0017547607421875
0.131240844726563 0.052886962890625 -0.0672149658203125 0.152435302734375
0.125213623046875 -0.081634521484375 0.05963134765625 0.15277099609375
-0.00181579589843749 -0.130264282226563 0.085479736328125 0.0839920043945312
-0.0846405029296875 -0.0706253051757812 0.0629501342773438 0.0292396545410156
-0.0950393676757813 0.0209808349609375 0.0208454132080078 0.0149803161621094
-0.0570297241210938 0.058349609375 -0.0108757019042969 0.0358352661132813
-0.0540771484375 0.0451393127441406 -0.0229263305664063 0.0747146606445313
-0.0562286376953125 0.0526542663574219 -0.0707244873046875 0.120376586914063
-0.0733795166015625 0.0377120971679688 -0.160507202148437 0.119857788085938
-0.0831146240234375 -0.0141525268554688 -0.217117309570313 0.049652099609375
-0.0559158325195312 -0.0724105834960938 -0.226043701171875 -0.0861663818359376
0.0463180541992188 -0.0885238647460938 -0.141082763671875 -0.236297607421875
0.100845336914063 -0.02197265625 -0.029937744140625 -0.26495361328125
0.0796966552734375 0.0559234619140625 0.0802459716796875 -0.244400024414063
0.114303588867188 0.161788940429687 -0.135025024414063 0.024566650390625
0.177871704101562 0.0535125732421875 -0.07830810546875 0.147186279296875
0.1502685546875 -0.111709594726563 0.0394744873046875 0.17437744140625
-0.0111846923828125 -0.162399291992188 0.101959228515625 0.123443603515625
-0.111228942871094 -0.0821533203125 0.109100341796875 0.0398712158203125
-0.123687744140625 0.032257080078125 0.0631828308105469 -0.00912857055664063
-0.0758438110351562 0.0767135620117188 0.0118427276611328 -0.000108718872070308
-0.072906494140625 0.0619430541992188 -0.0134696960449219 0.0417098999023438
-0.0795059204101562 0.0727462768554688 -0.0640716552734375 0.090545654296875
-0.105667114257813 0.0490036010742188 -0.14776611328125 0.096527099609375
-0.117080688476563 -0.028961181640625 -0.197128295898437 0.0305328369140625
-0.0689163208007812 -0.109352111816406 -0.202850341796875 -0.0940704345703125
0.085845947265625 -0.118438720703125 -0.121475219726562 -0.228317260742188
0.153701782226563 -0.008758544921875 -0.012908935546875 -0.254470825195313
0.109443664550781 0.101791381835937 0.0960845947265625 -0.218841552734375
0.131805419921875 0.17352294921875 -0.121795654296875 0.0611724853515625
0.192306518554687 0.0390167236328125 -0.0840301513671875 0.1619873046875
0.14019775390625 -0.126274108886719 0.0396728515625 0.20660400390625
-0.0248870849609375 -0.160629272460938 0.138580322265625 0.153076171875
-0.118309020996094 -0.0736236572265625 0.160690307617188 0.03533935546875
-0.127761840820313 0.041961669921875 0.104393005371094 -0.0427322387695313
-0.079833984375 0.0820541381835938 0.0349807739257813 -0.0437965393066406
-0.082000732421875 0.069183349609375 -0.00160503387451172 0.00225973129272461
-0.0955429077148438 0.0822067260742188 -0.0511283874511719 0.0530967712402344
-0.128700256347656 0.0470046997070312 -0.124397277832031 0.0636672973632812
-0.135108947753906 -0.0493316650390625 -0.161300659179688 0.00628662109375003
-0.061859130859375 -0.140975952148438 -0.163848876953125 -0.098876953125
0.124526977539063 -0.124755859375 -0.0939483642578125 -0.209320068359375
0.1846923828125 0.0166168212890625 0.007476806640625 -0.233810424804687
0.117637634277344 0.135169982910156 0.115737915039063 -0.177017211914063
0.130264282226563 0.162338256835938 -0.106452941894531 0.107147216796875
0.173110961914063 0.0264434814453125 -0.07421875 0.194915771484375
0.114273071289063 -0.114418029785156 0.06427001953125 0.230850219726563
-0.0285491943359375 -0.132926940917969 0.184677124023438 0.160491943359375
-0.104072570800781 -0.0533676147460938 0.201583862304688 0.01654052734375
-0.109657287597656 0.0437393188476563 0.134567260742188 -0.079986572265625
-0.0714797973632813 0.0729141235351563 0.0528640747070312 -0.0849151611328125
-0.07904052734375 0.063629150390625 0.00962829589843749 -0.0376052856445312
-0.098876953125 0.0770416259765625 -0.0318164825439453 0.0114288330078125
-0.1329345703125 0.0326385498046875 -0.0880355834960938 0.0261306762695313
-0.127281188964844 -0.068634033203125 -0.112197875976563 -0.0126876831054687
-0.0351409912109375 -0.150970458984375 -0.120872497558594 -0.08837890625
0.150238037109375 -0.0991058349609375 -0.0750885009765625 -0.181076049804688
0.180572509765625 0.0496063232421875 0.0200958251953125 -0.211700439453125
0.100341796875 0.147689819335938 0.131141662597656 -0.126029968261719
0.1097412109375 0.132553100585938 -0.087249755859375 0.15576171875
0.130271911621094 0.0217208862304688 -0.049346923828125 0.224960327148437
0.08404541015625 -0.0837326049804688 0.09844970703125 0.237060546875
-0.0192108154296875 -0.0926132202148437 0.221328735351563 0.147247314453125
-0.0730972290039063 -0.0335235595703125 0.22491455078125 -0.008148193359375
-0.0790939331054688 0.0347366333007812 0.150131225585938 -0.112808227539063
-0.0542106628417969 0.0522880554199219 0.0624237060546875 -0.119544982910156
-0.0650138854980469 0.0476303100585937 0.0178375244140625 -0.0719528198242188
-0.0863571166992188 0.056243896484375 -0.00976943969726563 -0.0252304077148437
-0.112380981445312 0.0111541748046875 -0.0442314147949219 -0.005035400390625
-0.0940628051757813 -0.0727767944335938 -0.0644454956054688 -0.0159416198730469
-0.00109100341796874 -0.126213073730469 -0.089935302734375 -0.0635223388671875
0.142379760742188 -0.0502166748046875 -0.0757598876953125 -0.156982421875
0.137771606445313 0.0717086791992188 0.023468017578125 -0.197616577148438
0.0649871826171875 0.133682250976563 0.139823913574219 -0.0729827880859375
0.0740814208984375 0.0876235961914063 -0.071136474609375 0.197555541992188
0.0750503540039063 0.0234527587890625 -0.0218505859375 0.2484130859375
0.0564422607421875 -0.0427169799804688 0.129135131835938 0.23162841796875
-0.000827789306640624 -0.0514564514160156 0.24298095703125 0.126510620117188
-0.0355682373046875 -0.0184440612792969 0.234100341796875 -0.0289154052734375
-0.0419464111328125 0.0187339782714844 0.155014038085938 -0.1341552734375
-0.0310211181640625 0.0241966247558594 0.0659637451171875 -0.142303466796875
-0.042022705078125 0.0245170593261719 0.0247802734375 -0.0962905883789062
-0.0582656860351563 0.0265998840332031 0.0106925964355469 -0.0523719787597656
-0.0675125122070313 -0.00523757934570312 -0.00730323791503906 -0.0231266021728516
-0.0450630187988281 -0.0520362854003906 -0.0323963165283203 -0.009857177734375
0.0198440551757812 -0.07147216796875 -0.0784225463867188 -0.0396804809570313
0.0941619873046875 -0.002288818359375 -0.08404541015625 -0.149642944335938
0.0694427490234375 0.0654563903808594 0.026763916015625 -0.193313598632813
0.0243072509765625 0.08746337890625 0.141143798828125 -0.02789306640625
0.00817584991455078 -0.0148553848266602 -0.172897338867187 0.013336181640625
-0.00552177429199219 -0.00927352905273437 -0.0482177734375 0.197662353515625
-0.00365066528320313 -0.0285396575927734 0.11260986328125 0.144012451171875
-0.0240802764892578 -0.00643348693847656 0.0971298217773438 0.0362319946289063
-0.00774574279785156 0.0128746032714844 0.0237026214599609 0.00970458984375
0.0169296264648438 0.00512027740478516 -0.0169162750244141 0.0320148468017578
0.0132122039794922 -0.00575351715087891 -0.0295066833496094 0.070159912109375
0.000603199005126953 -0.00711727142333984 -0.0300140380859375 0.106880187988281
0.00230264663696289 -0.00582170486450195 -0.0757904052734375 0.150741577148438
0.00108277797698975 0.00145232677459717 -0.1693115234375 0.139755249023438
-0.00157499313354492 0.00696039199829102 -0.241104125976563 0.0669555664062501
-0.0114336013793945 0.00118255615234375 -0.25006103515625 -0.083221435546875
-0.0216903686523438 -0.00460624694824219 -0.150680541992188 -0.256683349609375
-0.0328712463378906 -0.0231266021728516 -0.033966064453125 -0.273284912109375
-0.0155448913574219 -0.0503158569335938 0.068817138671875 -0.253875732421875
0.0528144836425781 0.0632858276367187 -0.165802001953125 0.000747680664062488
0.0706939697265625 0.0281753540039063 -0.0552978515625 0.180755615234375
0.070220947265625 -0.057525634765625 0.0967559814453125 0.148025512695313
-0.0123138427734375 -0.0774307250976563 0.0928802490234375 0.0511398315429688
-0.0529975891113281 -0.0351142883300781 0.035980224609375 0.0160598754882812
-0.0466041564941406 0.0149917602539062 -0.0080108642578125 0.0285930633544922
-0.0250644683837891 0.0315666198730469 -0.0261268615722656 0.064361572265625
-0.0286121368408203 0.02410888671875 -0.026092529296875 0.100814819335938
-0.0283336639404297 0.0276889801025391 -0.0730743408203125 0.14569091796875
-0.0376853942871094 0.0227317810058594 -0.16546630859375 0.142532348632813
-0.0455169677734375 -0.00159072875976563 -0.234619140625 0.0702972412109375
-0.0388298034667969 -0.0349273681640625 -0.249603271484375 -0.076873779296875
0.01055908203125 -0.0509185791015625 -0.161712646484375 -0.246978759765625
0.0366249084472656 -0.0266227722167969 -0.04693603515625 -0.277847290039063
0.0377960205078125 0.00317001342773438 0.0662384033203125 -0.266799926757813
0.09326171875 0.126129150390625 -0.154556274414062 0.00631713867187498
0.140457153320313 0.0505294799804687 -0.0635986328125 0.161788940429688
0.127586364746094 -0.0911102294921875 0.0685272216796875 0.156936645507813
-0.00830841064453125 -0.1365966796875 0.09295654296875 0.0840835571289062
-0.0916824340820312 -0.069427490234375 0.0680427551269531 0.0289840698242188
-0.0989151000976563 0.0254287719726562 0.0227642059326172 0.01519775390625
-0.0576362609863281 0.0614166259765625 -0.0102310180664063 0.0391426086425781
-0.0549201965332031 0.0507240295410156 -0.0205154418945313 0.078399658203125
-0.0575523376464844 0.0577278137207031 -0.0677413940429687 0.126853942871094
-0.0748672485351563 0.0427703857421875 -0.159835815429687 0.131881713867187
-0.087158203125 -0.0107040405273437 -0.223831176757813 0.0616607666015625
-0.0621795654296875 -0.0726242065429687 -0.23992919921875 -0.0806427001953125
0.044647216796875 -0.09527587890625 -0.158355712890625 -0.241058349609375
0.103134155273438 -0.026275634765625 -0.0433502197265625 -0.275482177734375
0.0854263305664062 0.05670166015625 0.073089599609375 -0.259674072265625
0.126785278320313 0.16412353515625 -0.140281677246094 0.0309906005859375
0.18951416015625 0.0485992431640625 -0.0763092041015625 0.157196044921875
0.152481079101563 -0.123825073242188 0.0467529296875 0.181686401367188
-0.019195556640625 -0.168716430664062 0.111061096191406 0.124519348144531
-0.119865417480469 -0.0815353393554687 0.116569519042969 0.0378799438476562
-0.128585815429688 0.0377273559570312 0.0651092529296875 -0.0115280151367188
-0.0755157470703125 0.08148193359375 0.0115041732788086 -0.00088882446289062
-0.073699951171875 0.0685195922851563 -0.0121994018554688 0.0440483093261719
-0.081268310546875 0.0802078247070313 -0.0614547729492188 0.0968780517578125
-0.107864379882812 0.055938720703125 -0.147735595703125 0.10809326171875
-0.123672485351563 -0.0243301391601563 -0.20306396484375 0.0408477783203125
-0.0759201049804688 -0.111686706542969 -0.215927124023438 -0.091217041015625
0.0836868286132813 -0.128379821777344 -0.13726806640625 -0.232666015625
0.15966796875 -0.0155792236328125 -0.0252227783203125 -0.264968872070313
0.118186950683594 0.102546691894531 0.0911865234375 -0.233108520507813
0.145278930664063 0.17535400390625 -0.126289367675781 0.0689926147460938
0.203033447265625 0.0336151123046875 -0.0821075439453125 0.173797607421875
0.142593383789063 -0.1370849609375 0.0488433837890625 0.21453857421875
-0.033660888671875 -0.166641235351563 0.150711059570312 0.155548095703125
-0.127151489257813 -0.0722732543945313 0.170150756835938 0.0312042236328125
-0.131195068359375 0.0480117797851562 0.106956481933594 -0.0488052368164063
-0.0804443359375 0.0866165161132812 0.0337295532226562 -0.0458946228027344
-0.0825347900390625 0.0757217407226562 -0.00211644172668458 0.00227570533752442
-0.0962753295898438 0.0909194946289063 -0.0499267578125 0.0574874877929688
-0.131767272949219 0.0549468994140625 -0.124763488769531 0.0714111328125
-0.143966674804688 -0.0454559326171875 -0.167251586914063 0.01397705078125
-0.0722503662109375 -0.144699096679688 -0.176071166992188 -0.0966644287109375
0.124664306640625 -0.137565612792969 -0.108139038085937 -0.213912963867188
0.194046020507812 0.010498046875 -0.00402832031249997 -0.243850708007813
0.127731323242188 0.138191223144531 0.113174438476563 -0.189971923828125
0.142776489257813 0.162277221679688 -0.106849670410156 0.116676330566406
0.182952880859375 0.0211944580078125 -0.069183349609375 0.2060546875
0.1143798828125 -0.124382019042969 0.076507568359375 0.238311767578125
-0.0361328125 -0.137840270996094 0.198974609375 0.160430908203125
-0.110481262207031 -0.0505294799804688 0.212127685546875 0.00970458984375
-0.112297058105469 0.04949951171875 0.135025024414063 -0.0888824462890625
-0.0718307495117188 0.077880859375 0.050140380859375 -0.0906600952148438
-0.0803756713867188 0.0704421997070312 0.00665664672851562 -0.0386619567871094
-0.100601196289063 0.0855255126953125 -0.0323505401611328 0.0142116546630859
-0.13848876953125 0.0399322509765625 -0.0890350341796875 0.032318115234375
-0.136054992675781 -0.0662612915039062 -0.117561340332031 -0.00787353515624999
-0.0442962646484375 -0.156524658203125 -0.129951477050781 -0.0876693725585938
0.152450561523438 -0.111892700195312 -0.0869445800781249 -0.185409545898438
0.189956665039063 0.0450439453125 0.0101470947265625 -0.220489501953125
0.110214233398438 0.152084350585938 0.1312255859375 -0.135871887207031
0.121826171875 0.131484985351563 -0.0860748291015625 0.166229248046875
0.137222290039062 0.0173110961914062 -0.0427398681640625 0.236968994140625
0.0846786499023438 -0.0896453857421875 0.112518310546875 0.24346923828125
-0.0248947143554688 -0.095611572265625 0.237167358398437 0.145156860351563
-0.0772171020507812 -0.0321731567382812 0.235397338867188 -0.0178985595703125
-0.0799484252929687 0.038360595703125 0.150466918945313 -0.122909545898438
-0.0546417236328125 0.0548858642578125 0.0592117309570313 -0.126373291015625
-0.06707763671875 0.0527381896972656 0.0151138305664062 -0.074462890625
-0.0884780883789063 0.0638885498046875 -0.0111007690429688 -0.0260696411132812
-0.118927001953125 0.0172500610351562 -0.0456886291503906 -0.00154495239257812
-0.100517272949219 -0.0715713500976563 -0.067626953125 -0.0139503479003906
-0.00572204589843749 -0.13214111328125 -0.096221923828125 -0.0631103515625
0.146438598632813 -0.0589141845703125 -0.0856475830078125 -0.15936279296875
0.147064208984375 0.07012939453125 0.0149078369140625 -0.206405639648438
0.07354736328125 0.13836669921875 0.142822265625 -0.0818328857421875
0.0810165405273438 0.0874786376953125 -0.06732177734375 0.210311889648438
0.078826904296875 0.0225753784179688 -0.0116119384765625 0.261383056640625
0.0576324462890625 -0.0461769104003906 0.14349365234375 0.237274169921875
-0.00392532348632812 -0.053955078125 0.259323120117188 0.123275756835938
-0.0373039245605469 -0.0181388854980469 0.243927001953125 -0.039947509765625
-0.0422515869140625 0.0206184387207031 0.153640747070313 -0.14642333984375
-0.0317211151123047 0.0254726409912109 0.06158447265625 -0.1502685546875
-0.0430488586425781 0.0273399353027344 0.0205917358398438 -0.10028076171875
-0.0600814819335938 0.0311393737792969 0.00827789306640625 -0.0545120239257812
-0.07135009765625 -0.00265502929687499 -0.00830841064453126 -0.0232067108154297
-0.0492095947265625 -0.0525245666503906 -0.0334529876708984 -0.00884437561035156
0.0173110961914063 -0.0755691528320313 -0.08294677734375 -0.0382308959960938
0.0984725952148438 -0.00821685791015625 -0.095428466796875 -0.150482177734375
0.0756301879882812 0.066375732421875 0.017822265625 -0.201004028320313
0.0274887084960938 0.0925521850585937 0.146743774414063 -0.0338592529296875
0.00853347778320313 -0.0189399719238281 -0.177108764648438 0.0234375
-0.00540924072265625 -0.0111074447631836 -0.0373382568359375 0.204864501953125
-0.00606346130371094 -0.0290412902832031 0.123092651367188 0.140380859375
-0.0253620147705078 -0.00597381591796875 0.100257873535156 0.0304031372070313
-0.00679969787597656 0.0137166976928711 0.0259532928466797 0.0078277587890625
0.0175657272338867 0.00195598602294922 -0.0143909454345703 0.0345096588134766
0.0127754211425781 -0.00856876373291016 -0.0266189575195312 0.0742034912109375
0.000308513641357422 -0.00674200057983398 -0.0238418579101562 0.109512329101563
0.002685546875 -0.00471067428588867 -0.06689453125 0.157318115234375
0.00119423866271973 0.0019381046295166 -0.162994384765625 0.151458740234375
5.57899475097649E-05 0.00795793533325195 -0.241104125976563 0.0839385986328125
-0.0141925811767578 0.00321292877197266 -0.26055908203125 -0.0711822509765625
-0.0227317810058594 -0.00378036499023438 -0.169174194335938 -0.254440307617188
-0.0355606079101563 -0.0214576721191406 -0.050323486328125 -0.278030395507812
-0.0181388854980469 -0.0524978637695313 0.0550079345703125 -0.264404296875
0.0592269897460938 0.059539794921875 -0.169906616210938 0.00878906249999999
0.0756072998046875 0.0238800048828125 -0.046234130859375 0.188796997070313
0.0689964294433594 -0.0643959045410156 0.108062744140625 0.144973754882813
-0.016387939453125 -0.0787887573242188 0.09722900390625 0.0470123291015625
-0.0559768676757812 -0.0337142944335938 0.0389671325683594 0.0134735107421875
-0.0475349426269531 0.0159912109375 -0.00546646118164063 0.0289440155029297
-0.0251483917236328 0.0307350158691406 -0.0240745544433594 0.0662841796875
-0.0279407501220703 0.0252952575683594 -0.0214385986328125 0.102897644042969
-0.0274467468261719 0.0308017730712891 -0.0642242431640625 0.151824951171875
-0.0380592346191406 0.025787353515625 -0.158935546875 0.155731201171875
-0.0474052429199219 0.0018310546875 -0.234909057617188 0.0853729248046875
-0.0420074462890625 -0.03302001953125 -0.259521484375 -0.06427001953125
0.00681686401367188 -0.0536727905273437 -0.181884765625 -0.241744995117188
0.0349159240722656 -0.029754638671875 -0.065216064453125 -0.281646728515625
0.0395355224609375 0.000896453857421875 0.0509185791015625 -0.276885986328125
0.104301452636719 0.121971130371094 -0.156814575195313 0.0158538818359375
0.147689819335938 0.04339599609375 -0.056060791015625 0.169647216796875
0.127296447753906 -0.101119995117188 0.078826904296875 0.156494140625
-0.016571044921875 -0.139091491699219 0.0995101928710938 0.0807418823242187
-0.100296020507813 -0.0662384033203125 0.0720901489257813 0.0265960693359375
-0.0999755859375 0.0301284790039062 0.0236167907714844 0.0149574279785156
-0.0546913146972656 0.0647773742675781 -0.00930786132812501 0.0412178039550781
-0.0530052185058594 0.05560302734375 -0.0163192749023438 0.08001708984375
-0.0555191040039062 0.0635719299316406 -0.06060791015625 0.133026123046875
-0.0724716186523438 0.048492431640625 -0.153289794921875 0.145767211914063
-0.0919952392578125 -0.00390624999999998 -0.22637939453125 0.077667236328125
-0.0685501098632813 -0.0693778991699219 -0.250381469726563 -0.067718505859375
0.0385360717773438 -0.0991592407226563 -0.17620849609375 -0.239288330078125
0.104232788085938 -0.0332794189453125 -0.0610198974609375 -0.27947998046875
0.0911788940429688 0.0531539916992188 0.060455322265625 -0.269287109375
0.138076782226563 0.158065795898438 -0.143814086914063 0.03900146484375
0.198013305664063 0.0373077392578125 -0.0684051513671875 0.164840698242188
0.148590087890625 -0.136184692382813 0.0586395263671875 0.18304443359375
-0.031524658203125 -0.171066284179688 0.120735168457031 0.12103271484375
-0.129554748535156 -0.0757522583007813 0.122032165527344 0.0328903198242187
-0.127983093261719 0.0471572875976563 0.0651092529296875 -0.0155029296875
-0.0719985961914063 0.0865402221679688 0.0115432739257812 -0.000114440917968745
-0.0723037719726563 0.074493408203125 -0.00945281982421876 0.0454368591308594
-0.078216552734375 0.0891647338867188 -0.0570526123046875 0.100921630859375
-0.106422424316406 0.0627365112304688 -0.141006469726563 0.120880126953125
-0.1275634765625 -0.0159988403320313 -0.206787109375 0.0543365478515625
-0.0871734619140625 -0.107826232910156 -0.228271484375 -0.0796051025390624
0.0766677856445313 -0.137519836425781 -0.153900146484375 -0.228042602539063
0.163314819335938 -0.023956298828125 -0.044097900390625 -0.26776123046875
0.126808166503906 0.101631164550781 0.0786590576171875 -0.243667602539062
0.158416748046875 0.168319702148438 -0.126434326171875 0.0781478881835938
0.209304809570313 0.02069091796875 -0.072906494140625 0.182022094726563
0.13824462890625 -0.149993896484375 0.061187744140625 0.2176513671875
-0.0462188720703125 -0.17059326171875 0.166061401367188 0.151199340820313
-0.136672973632813 -0.0642547607421875 0.176773071289063 0.0212554931640625
-0.132049560546875 0.055816650390625 0.104843139648437 -0.0559234619140625
-0.0770797729492187 0.0930938720703125 0.0317459106445312 -0.0484542846679687
-0.0813751220703125 0.0815811157226563 -0.00295042991638184 0.00355744361877442
-0.0944747924804688 0.1005859375 -0.0468559265136719 0.0611228942871094
-0.131019592285156 0.0628738403320313 -0.121246337890625 0.0818405151367188
-0.150558471679688 -0.037841796875 -0.168914794921875 0.0226287841796875
-0.083099365234375 -0.143692016601563 -0.186187744140625 -0.08978271484375
0.118804931640625 -0.149246215820313 -0.123947143554687 -0.21142578125
0.198287963867187 -0.001251220703125 -0.0194854736328125 -0.24993896484375
0.138984680175781 0.136947631835937 0.10357666015625 -0.200592041015625
0.1556396484375 0.157745361328125 -0.104316711425781 0.125076293945313
0.188507080078125 0.01055908203125 -0.0588836669921875 0.21435546875
0.11175537109375 -0.133926391601563 0.0919647216796875 0.241104125976563
-0.0465164184570312 -0.137855529785156 0.214614868164063 0.151260375976563
-0.115386962890625 -0.0472030639648437 0.218475341796875 -0.004638671875
-0.112480163574219 0.0557785034179688 0.133110046386719 -0.099151611328125
-0.0693359375 0.0821685791015625 0.0444107055664063 -0.0934371948242188
-0.0778961181640625 0.0766677856445313 0.00447463989257812 -0.0389785766601563
-0.0978927612304687 0.0941696166992188 -0.0312843322753906 0.017120361328125
-0.138832092285156 0.0477218627929688 -0.0868911743164063 0.0395355224609375
-0.143173217773437 -0.0592498779296875 -0.118553161621094 -0.00213623046874999
-0.055419921875 -0.159774780273438 -0.1385498046875 -0.0833206176757813
0.149765014648438 -0.124603271484375 -0.0999908447265624 -0.183517456054688
0.197891235351563 0.0369873046875 -0.0036773681640625 -0.22552490234375
0.120758056640625 0.152496337890625 0.125198364257813 -0.146713256835938
0.131866455078125 0.125267028808594 -0.0805511474609375 0.176666259765625
0.143035888671875 0.0106964111328125 -0.0311737060546875 0.2454833984375
0.082427978515625 -0.0967025756835938 0.128555297851563 0.242782592773438
-0.0317230224609375 -0.0948944091796875 0.250534057617188 0.134490966796875
-0.0802230834960937 -0.027557373046875 0.240158081054687 -0.0335235595703125
-0.0811004638671875 0.0435943603515625 0.143630981445313 -0.134262084960938
-0.0554962158203125 0.0593833923339844 0.0501556396484375 -0.133316040039063
-0.0652542114257813 0.0593605041503906 0.00983428955078125 -0.0758743286132813
-0.0867691040039063 0.0717849731445312 -0.0128803253173828 -0.0272388458251953
-0.119636535644531 0.0254440307617188 -0.0457878112792969 0.00139617919921874
-0.108230590820313 -0.06732177734375 -0.07061767578125 -0.0100860595703125
-0.0159530639648438 -0.135749816894531 -0.102760314941406 -0.0582733154296875
0.147125244140625 -0.0719451904296875 -0.0981292724609375 -0.154876708984375
0.154769897460938 0.064300537109375 0.000335693359375006 -0.208541870117188
0.08416748046875 0.139549255371094 0.14166259765625 -0.0906829833984375
0.089019775390625 0.0829086303710938 -0.0586090087890625 0.221221923828125
0.0847244262695313 0.017425537109375 0.00259399414062499 0.268234252929688
0.05633544921875 -0.0515708923339844 0.16033935546875 0.234283447265625
-0.00707626342773437 -0.0556411743164063 0.272140502929688 0.10955810546875
-0.0395431518554688 -0.0165519714355469 0.246261596679688 -0.055511474609375
-0.0418815612792969 0.0221633911132813 0.147125244140625 -0.158767700195313
-0.0315074920654297 0.0265865325927734 0.0527191162109375 -0.156692504882813
-0.0435256958007813 0.0281982421875 0.0132064819335937 -0.102836608886719
-0.0609664916992188 0.0358734130859375 0.00430679321289062 -0.0571136474609375
-0.0743865966796875 0.000289916992187506 -0.00878143310546875 -0.0250053405761719
-0.0539360046386719 -0.05145263671875 -0.0348167419433594 -0.00901794433593751
0.0121383666992188 -0.0767669677734375 -0.0863037109375 -0.03533935546875
0.100395202636719 -0.0143661499023438 -0.107681274414062 -0.14752197265625
0.0805130004882813 0.0637054443359375 0.00508117675781249 -0.204818725585938
0.0344619750976563 0.095306396484375 0.147232055664063 -0.0431365966796875
0.00749588012695313 -0.0209865570068359 -0.177444458007813 0.033660888671875
-0.00451087951660156 -0.00945472717285156 -0.02691650390625 0.209503173828125
-0.00551414489746094 -0.0267581939697266 0.133148193359375 0.135383605957031
-0.0260791778564453 -0.00230598449707032 0.102348327636719 0.0241775512695313
-0.0078897476196289 0.0154523849487305 0.0265769958496094 0.00990676879882813
0.0184078216552734 0.00251579284667969 -0.0134162902832031 0.0362091064453125
0.0130519866943359 -0.00880050659179688 -0.0205841064453125 0.075958251953125
0.00117301940917969 -0.00429272651672363 -0.0179519653320312 0.108978271484375
0.00133800506591797 -0.00451326370239258 -0.05535888671875 0.159393310546875
-0.000469475984573364 0.000270813703536987 -0.1514892578125 0.162384033203125
0.000749111175537109 0.00815105438232422 -0.23736572265625 0.0978240966796876
-0.0150966644287109 0.00218963623046875 -0.265029907226562 -0.0574798583984375
-0.0227775573730469 -0.00173187255859375 -0.184555053710938 -0.245452880859375
-0.0366096496582031 -0.0179328918457031 -0.066009521484375 -0.275650024414062
-0.0214347839355469 -0.05059814453125 0.0428009033203125 -0.268783569335937
0.0596771240234375 0.0575447082519531 -0.171478271484375 0.01873779296875
0.0789413452148437 0.019317626953125 -0.0357818603515625 0.190216064453125
0.0670318603515625 -0.0707321166992188 0.114578247070313 0.139633178710938
-0.02410888671875 -0.0768280029296875 0.0972213745117188 0.0438385009765625
-0.0570907592773438 -0.0290031433105469 0.03826904296875 0.0100593566894531
-0.0475006103515625 0.0186500549316406 -0.005462646484375 0.030792236328125
-0.0220832824707031 0.0324325561523438 -0.0159454345703125 0.0681991577148438
-0.0264034271240234 0.0297603607177734 -0.0126800537109375 0.104415893554688
-0.0277957916259766 0.0341281890869141 -0.0531158447265625 0.15478515625
-0.0343704223632813 0.0272254943847656 -0.147430419921875 0.166244506835938
-0.0470542907714844 0.00479125976562499 -0.228057861328125 0.100265502929687
-0.0437278747558594 -0.0307960510253906 -0.264862060546875 -0.0506439208984375
0.00490951538085938 -0.054046630859375 -0.195449829101563 -0.23248291015625
0.034942626953125 -0.0296611785888672 -0.0792388916015625 -0.277206420898438
0.0388717651367188 -0.00300979614257813 0.0362091064453125 -0.279800415039063
0.106819152832031 0.114646911621094 -0.155776977539063 0.0233306884765625
0.152862548828125 0.034149169921875 -0.046722412109375 0.170654296875
0.123146057128906 -0.108184814453125 0.0900726318359375 0.149276733398438
-0.023773193359375 -0.1422119140625 0.102554321289063 0.0739898681640625
-0.105712890625 -0.0625228881835937 0.0748519897460938 0.0216064453125
-0.09722900390625 0.032958984375 0.0256538391113281 0.0133132934570313
-0.0508003234863281 0.0684394836425781 -0.00565719604492188 0.0442619323730469
-0.0467987060546875 0.0572433471679687 -0.0135269165039063 0.0783920288085938
-0.0560760498046875 0.0679588317871094 -0.0524826049804688 0.134834289550781
-0.0715484619140625 0.0495758056640625 -0.14361572265625 0.152206420898438
-0.0909576416015625 0.00372314453125 -0.22161865234375 0.0868988037109375
-0.0749588012695312 -0.0689239501953125 -0.25701904296875 -0.0523681640625
0.0332565307617187 -0.1036376953125 -0.185775756835938 -0.22576904296875
0.0989151000976562 -0.0365447998046875 -0.0781707763671875 -0.277267456054688
0.0916595458984375 0.0473785400390625 0.0468902587890625 -0.272323608398438
0.148345947265625 0.149139404296875 -0.141494750976563 0.0449981689453125
0.203399658203125 0.0276336669921875 -0.06085205078125 0.164382934570313
0.145477294921875 -0.145584106445313 0.0670623779296875 0.18023681640625
-0.044586181640625 -0.167800903320313 0.127883911132813 0.114242553710938
-0.137306213378906 -0.0681838989257813 0.1226806640625 0.02264404296875
-0.128273010253906 0.0510787963867188 0.0646095275878906 -0.0191841125488281
-0.0712356567382813 0.0911178588867188 0.0127582550048828 0.000277519226074224
-0.0677261352539063 0.0804672241210937 -0.00717926025390625 0.0467338562011719
-0.073974609375 0.090911865234375 -0.052093505859375 0.105087280273438
-0.104949951171875 0.06695556640625 -0.133659362792969 0.126266479492188
-0.127334594726563 -0.00981140136718751 -0.204376220703125 0.065216064453125
-0.0907440185546875 -0.102027893066406 -0.232269287109375 -0.0671539306640624
0.0699234008789063 -0.140228271484375 -0.16632080078125 -0.221054077148438
0.164520263671875 -0.0330047607421875 -0.0559234619140625 -0.267303466796875
0.133392333984375 0.0948867797851563 0.06756591796875 -0.24615478515625
0.166900634765625 0.160354614257813 -0.121849060058594 0.0813827514648438
0.211395263671875 0.0123443603515625 -0.0656585693359375 0.184646606445313
0.135848999023438 -0.154266357421875 0.0763397216796875 0.217025756835938
-0.055938720703125 -0.1666259765625 0.169113159179688 0.138412475585938
-0.13873291015625 -0.058837890625 0.176406860351563 0.012786865234375
-0.129890441894531 0.0615692138671875 0.104827880859375 -0.0617904663085938
-0.0734786987304687 0.0961837768554688 0.0295219421386719 -0.047515869140625
-0.0760269165039062 0.0866241455078125 -0.00340604782104493 -0.000432252883911128
-0.0886306762695313 0.106407165527344 -0.0440902709960938 0.0664405822753906
-0.126068115234375 0.0708999633789062 -0.116600036621094 0.0892791748046875
-0.15081787109375 -0.0304718017578125 -0.170425415039063 0.03375244140625
-0.0893020629882813 -0.139732360839844 -0.192245483398438 -0.078704833984375
0.108551025390625 -0.15594482421875 -0.135391235351562 -0.203765869140625
0.201568603515625 -0.011871337890625 -0.035003662109375 -0.245452880859375
0.145645141601563 0.129974365234375 0.0959320068359375 -0.207229614257813
0.164718627929688 0.146759033203125 -0.0988235473632813 0.130828857421875
0.18646240234375 0.0023956298828125 -0.0478668212890625 0.216995239257813
0.106704711914063 -0.142410278320313 0.1046142578125 0.237396240234375
-0.0511932373046875 -0.134872436523437 0.21905517578125 0.14251708984375
-0.116416931152344 -0.0392913818359375 0.215484619140625 -0.01904296875
-0.109664916992188 0.0640411376953125 0.127670288085938 -0.106834411621094
-0.0671157836914063 0.0844268798828125 0.0414352416992187 -0.0938949584960937
-0.0774459838867188 0.0807647705078125 0.0016632080078125 -0.0370368957519531
-0.0909042358398438 0.0992965698242188 -0.0309085845947266 0.0198326110839844
-0.137649536132812 0.0563812255859375 -0.0834503173828125 0.0467147827148437
-0.1470947265625 -0.051116943359375 -0.120803833007813 0.00534057617187499
-0.0638885498046875 -0.156478881835938 -0.14385986328125 -0.0750122070312501
0.143905639648438 -0.131103515625 -0.108734130859375 -0.177825927734375
0.20416259765625 0.0276336669921875 -0.01611328125 -0.223831176757813
0.128265380859375 0.149093627929687 0.115646362304688 -0.15472412109375
0.139144897460938 0.118766784667969 -0.071380615234375 0.1793212890625
0.143508911132812 0.003448486328125 -0.016448974609375 0.25103759765625
0.0783462524414063 -0.100410461425781 0.139205932617188 0.23870849609375
-0.0406265258789063 -0.0958786010742187 0.260726928710938 0.120925903320312
-0.0839157104492187 -0.0259933471679688 0.2393798828125 -0.0465545654296875
-0.07574462890625 0.04827880859375 0.13616943359375 -0.138137817382813
-0.05462646484375 0.0621261596679687 0.040771484375 -0.130661010742187
-0.0625877380371094 0.0640411376953125 0.00244903564453124 -0.0787200927734375
-0.0830459594726563 0.0782852172851562 -0.0161914825439453 -0.0224933624267578
-0.122520446777344 0.0346908569335938 -0.0462379455566406 0.00281524658203125
-0.114891052246094 -0.0602493286132813 -0.06732177734375 -0.00858306884765625
-0.0219039916992188 -0.135978698730469 -0.104141235351562 -0.0558013916015625
0.145553588867188 -0.078521728515625 -0.108078002929687 -0.151290893554687
0.160491943359375 0.05828857421875 -0.00994873046874999 -0.21044921875
0.0931320190429688 0.138877868652344 0.138877868652344 -0.0983963012695312
0.0928497314453125 0.0742721557617188 -0.050018310546875 0.225143432617188
0.0854263305664063 0.0128250122070313 0.0184326171875 0.270599365234375
0.053070068359375 -0.0515251159667969 0.171218872070312 0.227203369140625
-0.0131111145019531 -0.05255126953125 0.276718139648438 0.094573974609375
-0.0385589599609375 -0.0162734985351563 0.243881225585937 -0.068695068359375
-0.0422401428222656 0.0219841003417969 0.137115478515625 -0.165725708007813
-0.03173828125 0.0254859924316406 0.0417633056640625 -0.158843994140625
-0.0430412292480469 0.0328178405761719 0.007293701171875 -0.103263854980469
-0.0603485107421875 0.0412254333496094 0.000457763671874991 -0.0534286499023437
-0.0757980346679688 0.00555419921875 -0.00818061828613281 -0.0230617523193359
-0.05859375 -0.0478935241699219 -0.0322341918945313 -0.00652122497558594
0.00821685791015624 -0.0787811279296875 -0.08734130859375 -0.0294189453125
0.100189208984375 -0.0225982666015625 -0.115570068359375 -0.139122009277344
0.0850372314453125 0.0598526000976563 -0.00701904296874999 -0.202117919921875
0.041015625 0.0942459106445313 0.146453857421875 -0.0471649169921875
0.00605392456054687 -0.0214939117431641 -0.175201416015625 0.039215087890625
-0.00609207153320313 -0.0123767852783203 -0.016265869140625 0.206924438476563
-0.0102863311767578 -0.0294952392578125 0.13494873046875 0.127204895019531
-0.0265617370605469 0.000232696533203123 0.101814270019531 0.0217666625976563
-0.00622081756591797 0.0143003463745117 0.02642822265625 0.00686454772949219
0.0169773101806641 0.00045013427734375 -0.00986099243164062 0.0374565124511719
0.0104618072509766 -0.0103673934936523 -0.0150299072265625 0.0742034912109375
-0.000156879425048828 -0.00574111938476563 -0.0126953125 0.108078002929688
0.000438213348388672 -0.00474166870117188 -0.0508880615234375 0.157608032226563
0.000637412071228027 0.0011519193649292 -0.14422607421875 0.164138793945312
-0.000152587890625001 0.0083322525024414 -0.231689453125 0.104537963867187
-0.0130825042724609 0.00624465942382813 -0.264694213867187 -0.0453338623046875
-0.0239601135253906 -0.00015640258789062 -0.191131591796875 -0.236343383789062
-0.0362205505371094 -0.0187835693359375 -0.0728759765625 -0.272720336914063
-0.0220146179199219 -0.0513038635253906 0.0337371826171875 -0.268661499023438
0.0627632141113281 0.0513534545898438 -0.1695556640625 0.0219879150390625
0.0770263671875 0.0162353515625 -0.0282745361328125 0.190536499023438
0.0637664794921875 -0.0718994140625 0.119804382324219 0.134262084960938
-0.0235443115234375 -0.0751190185546875 0.0996551513671875 0.0386581420898438
-0.0605354309082031 -0.0286712646484375 0.040313720703125 0.010345458984375
-0.0476455688476563 0.0193901062011719 -0.00199508666992188 0.0326938629150391
-0.0228424072265625 0.0328197479248047 -0.0157661437988281 0.0693168640136719
-0.0257072448730469 0.0274734497070313 -0.0110549926757813 0.100929260253906
-0.0259208679199219 0.03411865234375 -0.0466461181640625 0.153182983398438
-0.0353965759277344 0.0302238464355469 -0.138412475585938 0.167266845703125
-0.0467720031738281 0.00771331787109375 -0.223739624023438 0.10565185546875
-0.0457420349121094 -0.0286865234375 -0.264236450195313 -0.04107666015625
-0.000724792480468754 -0.0555686950683594 -0.201675415039063 -0.224456787109375
0.0327796936035156 -0.0307788848876953 -0.08935546875 -0.276458740234375
0.0407066345214844 -0.00170135498046875 0.02960205078125 -0.28179931640625
0.1109619140625 0.112220764160156 -0.15704345703125 0.0281524658203125
0.152877807617188 0.0286102294921875 -0.0397491455078125 0.171463012695313
0.117584228515625 -0.113777160644531 0.09210205078125 0.147689819335938
-0.0299758911132813 -0.136497497558594 0.104736328125 0.0723342895507812
-0.105255126953125 -0.0562210083007813 0.0755081176757813 0.021087646484375
-0.099609375 0.0392608642578125 0.0261001586914062 0.0144062042236328
-0.0519676208496094 0.0693893432617188 -0.00397872924804688 0.0428733825683594
-0.0477943420410156 0.0584526062011719 -0.00782012939453126 0.080078125
-0.0507316589355469 0.0701446533203125 -0.0479736328125 0.135711669921875
-0.0679817199707031 0.0539207458496094 -0.133056640625 0.156234741210937
-0.0896072387695313 0.00511169433593748 -0.214035034179688 0.096405029296875
-0.0770950317382813 -0.0609588623046875 -0.256561279296875 -0.0468597412109375
0.0286102294921875 -0.104995727539063 -0.194442749023437 -0.2196044921875
0.10186767578125 -0.0421981811523438 -0.0847625732421875 -0.270751953125
0.095611572265625 0.0450210571289063 0.037628173828125 -0.274505615234375
0.147842407226563 0.144821166992188 -0.139015197753906 0.0494155883789062
0.199844360351562 0.0225372314453125 -0.0542144775390625 0.169021606445312
0.138229370117188 -0.14898681640625 0.072723388671875 0.178054809570312
-0.0482635498046875 -0.168502807617187 0.129844665527344 0.110893249511719
-0.137893676757812 -0.0633468627929688 0.124725341796875 0.0199050903320312
-0.129112243652344 0.0584487915039062 0.0638084411621094 -0.0207786560058594
-0.0691986083984375 0.0906982421875 0.0120935440063477 0.00101757049560547
-0.0636520385742187 0.0811691284179688 -0.00420379638671875 0.0451164245605469
-0.0685806274414062 0.096710205078125 -0.0472412109375 0.106887817382813
-0.1015625 0.0721664428710937 -0.126937866210938 0.131172180175781
-0.129547119140625 -0.00516510009765623 -0.197616577148438 0.0711669921875
-0.0969924926757812 -0.100006103515625 -0.2335205078125 -0.059173583984375
0.06341552734375 -0.143707275390625 -0.1744384765625 -0.215042114257812
0.159957885742188 -0.037811279296875 -0.0648040771484375 -0.26422119140625
0.133712768554688 0.090484619140625 0.0601043701171875 -0.250076293945313
0.168258666992188 0.153091430664063 -0.121574401855469 0.086151123046875
0.211395263671875 0.0047760009765625 -0.057891845703125 0.187240600585938
0.128067016601562 -0.163543701171875 0.0786590576171875 0.212020874023438
-0.0620269775390625 -0.16253662109375 0.176605224609375 0.137359619140625
-0.140457153320313 -0.0529403686523437 0.179107666015625 0.0066375732421875
-0.12982177734375 0.06878662109375 0.0966720581054687 -0.061004638671875
-0.0719223022460938 0.0982818603515625 0.0254554748535156 -0.0490188598632812
-0.0741653442382813 0.089752197265625 -0.00192701816558838 0.000758290290832525
-0.0840530395507813 0.111480712890625 -0.041656494140625 0.066497802734375
-0.124542236328125 0.0748443603515625 -0.108039855957031 0.0900650024414062
-0.1531982421875 -0.021759033203125 -0.167953491210937 0.0370025634765625
-0.0956878662109375 -0.135841369628906 -0.193008422851563 -0.072509765625
0.104949951171875 -0.16119384765625 -0.139511108398437 -0.199844360351563
0.196273803710938 -0.0185089111328125 -0.0422210693359375 -0.242706298828125
0.148788452148438 0.1268310546875 0.0879974365234375 -0.2088623046875
0.166427612304688 0.140731811523438 -0.09588623046875 0.137008666992188
0.187698364257812 -0.0050201416015625 -0.041961669921875 0.219589233398438
0.0999755859375 -0.143341064453125 0.109817504882813 0.233917236328125
-0.0577011108398438 -0.130989074707031 0.226272583007813 0.134552001953125
-0.120399475097656 -0.0342483520507813 0.218368530273438 -0.0222625732421875
-0.108909606933594 0.0667953491210937 0.120445251464844 -0.106674194335938
-0.0658493041992188 0.087371826171875 0.0354080200195313 -0.0955734252929688
-0.0715789794921875 0.0843734741210938 0.00104141235351562 -0.036651611328125
-0.0886764526367187 0.102874755859375 -0.0291042327880859 0.0196266174316406
-0.135154724121094 0.0616989135742188 -0.0787734985351563 0.0462493896484375
-0.15118408203125 -0.0443572998046875 -0.119110107421875 0.00876617431640624
-0.0709991455078125 -0.153564453125 -0.14453125 -0.0715484619140625
0.139656066894531 -0.137100219726563 -0.114990234375 -0.171859741210938
0.2032470703125 0.02117919921875 -0.02532958984375 -0.220733642578125
0.136077880859375 0.146621704101563 0.114517211914063 -0.15740966796875
0.139488220214844 0.108589172363281 -0.066864013671875 0.1834716796875
0.143417358398438 -0.00103759765625 -0.012420654296875 0.249984741210937
0.0736007690429687 -0.102325439453125 0.147445678710937 0.234237670898438
-0.0422439575195313 -0.0911026000976563 0.261688232421875 0.111129760742187
-0.0827102661132813 -0.0201873779296875 0.235076904296875 -0.053253173828125
-0.0784072875976563 0.046966552734375 0.1309814453125 -0.14422607421875
-0.0497016906738281 0.0633201599121094 0.0388717651367188 -0.133598327636719
-0.0603141784667969 0.0672264099121094 -0.000343322753906253 -0.075469970703125
-0.0816268920898438 0.0811004638671875 -0.0154552459716797 -0.0239887237548828
-0.116958618164063 0.0364303588867188 -0.0430335998535156 0.00671768188476563
-0.112052917480469 -0.0581436157226562 -0.0691146850585938 -0.00689697265625
-0.0277786254882813 -0.131935119628906 -0.107131958007812 -0.0499649047851562
0.13983154296875 -0.0847244262695313 -0.111602783203125 -0.143539428710938
0.160202026367187 0.0537261962890625 -0.0179901123046875 -0.206298828125
0.0945587158203125 0.136505126953125 0.13372802734375 -0.103462219238281
0.0957183837890625 0.0694580078125 -0.04217529296875 0.226089477539063
0.0847244262695312 0.0120697021484375 0.02886962890625 0.268539428710938
0.0520362854003906 -0.0556793212890625 0.180404663085938 0.220443725585938
-0.013275146484375 -0.0531196594238281 0.281219482421875 0.0858154296875
-0.0412864685058594 -0.0135383605957031 0.238174438476562 -0.0759124755859375
-0.0401153564453125 0.0237045288085938 0.128921508789063 -0.166732788085937
-0.0331039428710937 0.0257701873779297 0.036407470703125 -0.155975341796875
-0.0405807495117188 0.0338897705078125 0.0038299560546875 -0.0999374389648438
-0.0583343505859375 0.0435714721679688 -0.00161743164062501 -0.0555381774902344
-0.07464599609375 0.00981903076171875 -0.00920295715332032 -0.0226917266845703
-0.05859375 -0.0490264892578125 -0.0331745147705078 -0.00594520568847657
0.005859375 -0.0786514282226563 -0.0886917114257812 -0.0275726318359375
0.09918212890625 -0.0247955322265625 -0.120628356933594 -0.134292602539063
0.0872802734375 0.0599365234375 -0.01409912109375 -0.199432373046875
0.0428466796875 0.0970916748046875 0.1463623046875 -0.0529937744140625
0.00520515441894532 -0.02423095703125 -0.176422119140625 0.041595458984375
-0.0072164535522461 -0.013178825378418 -0.011810302734375 0.209518432617188
-0.0125026702880859 -0.0318832397460938 0.139907836914063 0.126922607421875
-0.0269660949707031 0.0024261474609375 0.101509094238281 0.0203475952148438
-0.00507164001464844 0.0162105560302734 0.0275096893310547 0.0060577392578125
0.0155935287475586 -0.000210762023925781 -0.00699615478515625 0.0385589599609375
0.00771141052246094 -0.0110807418823242 -0.0135116577148437 0.0769195556640625
-0.000699520111083985 -0.00601482391357422 -0.00936126708984376 0.107002258300781
0.00193023681640625 -0.00362277030944824 -0.046630859375 0.160140991210938
-0.000236034393310547 0.000770926475524902 -0.1400146484375 0.167877197265625
0.0012507438659668 0.00826692581176758 -0.2298583984375 0.108444213867187
-0.0149116516113281 0.00701808929443359 -0.268402099609375 -0.0430755615234375
-0.0250625610351563 -0.000665664672851558 -0.195449829101563 -0.237884521484375
-0.036956787109375 -0.0173301696777344 -0.0807952880859375 -0.27508544921875
-0.02301025390625 -0.0524711608886719 0.031646728515625 -0.272171020507813
0.0622177124023437 0.0502243041992188 -0.171279907226563 0.0255279541015625
0.0784454345703125 0.014801025390625 -0.021881103515625 0.19244384765625
0.062774658203125 -0.07598876953125 0.124931335449219 0.135063171386719
-0.0269622802734375 -0.07464599609375 0.100440979003906 0.0362701416015625
-0.0618858337402344 -0.0255851745605469 0.04095458984375 0.010223388671875
-0.0483360290527344 0.02227783203125 -0.000438690185546879 0.0331344604492188
-0.0252361297607422 0.033477783203125 -0.011810302734375 0.0708770751953125
-0.0255393981933594 0.0299949645996094 -0.00838470458984375 0.101173400878906
-0.0237503051757812 0.0360565185546875 -0.04461669921875 0.154464721679688
-0.0348739624023437 0.0304489135742188 -0.136001586914063 0.171218872070313
-0.0457916259765625 0.00778961181640625 -0.223724365234375 0.112106323242187
-0.0478363037109375 -0.0257186889648438 -0.267318725585938 -0.0357513427734375
0.000396728515624998 -0.054168701171875 -0.206085205078125 -0.22515869140625
0.0319271087646484 -0.0333118438720703 -0.0949249267578125 -0.276229858398438
0.0394172668457031 -0.00461196899414062 0.026641845703125 -0.28497314453125
0.114830017089844 0.109947204589844 -0.15765380859375 0.0301055908203125
0.153961181640625 0.026702880859375 -0.03521728515625 0.172637939453125
0.117637634277344 -0.120018005371094 0.0967254638671875 0.150009155273438
-0.0331802368164063 -0.136032104492188 0.106681823730469 0.07177734375
-0.109321594238281 -0.0541839599609375 0.076934814453125 0.0175933837890625
-0.099212646484375 0.04296875 0.0263099670410156 0.0134296417236328
-0.0526199340820313 0.0705795288085937 -0.00234603881835937 0.0428352355957031
-0.0478630065917969 0.0611190795898437 -0.00667572021484375 0.0789642333984375
-0.0480270385742188 0.071685791015625 -0.044403076171875 0.136627197265625
-0.0685501098632813 0.056182861328125 -0.130966186523438 0.16009521484375
-0.0900344848632812 0.00625610351562498 -0.214019775390625 0.100494384765625
-0.0783767700195312 -0.0594253540039063 -0.259521484375 -0.0405120849609375
0.0270462036132812 -0.105857849121094 -0.20062255859375 -0.219680786132812
0.100227355957031 -0.0435028076171875 -0.0910186767578125 -0.274169921875
0.0971450805664062 0.0447235107421875 0.0351409912109375 -0.279281616210937
0.15264892578125 0.14337158203125 -0.140068054199219 0.0522918701171875
0.20208740234375 0.0180206298828125 -0.0497589111328125 0.170562744140625
0.136749267578125 -0.15606689453125 0.0767974853515625 0.17901611328125
-0.0511627197265625 -0.16790771484375 0.133064270019531 0.110862731933594
-0.139251708984375 -0.0608139038085938 0.127853393554688 0.0185317993164063
-0.126998901367188 0.0607757568359375 0.0626487731933594 -0.0197410583496094
-0.0685348510742188 0.0944061279296875 0.0122547149658203 -0.000132560729980463
-0.0638809204101562 0.0837478637695313 -0.00479888916015626 0.0451087951660156
-0.068359375 0.1005859375 -0.0441741943359375 0.106803894042969
-0.100028991699219 0.0749053955078125 -0.122268676757812 0.1346435546875
-0.131156921386719 -0.00150299072265628 -0.197540283203125 0.0756988525390625
-0.100723266601563 -0.0966415405273438 -0.237991333007813 -0.0559539794921875
0.060791015625 -0.146453857421875 -0.176971435546875 -0.212921142578125
0.160507202148438 -0.0403900146484375 -0.0717926025390625 -0.26348876953125
0.137245178222656 0.090301513671875 0.05615234375 -0.254608154296875
0.170196533203125 0.151412963867188 -0.120071411132812 0.0910568237304688
0.21160888671875 0.001800537109375 -0.0537261962890625 0.189407348632812
0.124099731445313 -0.167938232421875 0.0839691162109375 0.214431762695313
-0.064605712890625 -0.161209106445313 0.180587768554688 0.134841918945313
-0.14337158203125 -0.0498504638671875 0.18048095703125 0.0015411376953125
-0.127662658691406 0.0712432861328125 0.0959396362304687 -0.06500244140625
-0.072021484375 0.100555419921875 0.0251731872558594 -0.0494194030761719
-0.072174072265625 0.0926132202148438 -0.00290632247924805 0.00524568557739258
-0.0825729370117187 0.112770080566406 -0.0399589538574219 0.0667533874511719
-0.124008178710937 0.0798797607421875 -0.105445861816406 0.0961074829101563
-0.1553955078125 -0.0196380615234375 -0.166183471679688 0.0400848388671875
-0.101226806640625 -0.134033203125 -0.199234008789063 -0.069793701171875
0.1024169921875 -0.163619995117188 -0.144271850585938 -0.197357177734375
0.200225830078125 -0.01922607421875 -0.047027587890625 -0.245132446289063
0.152496337890625 0.127975463867188 0.085296630859375 -0.2132568359375
0.1666259765625 0.138656616210938 -0.0940399169921875 0.137489318847656
0.188705444335938 -0.0080413818359375 -0.0375518798828125 0.22222900390625
0.09881591796875 -0.147933959960938 0.115249633789063 0.234832763671875
-0.0622482299804688 -0.130714416503906 0.229904174804688 0.131195068359375
-0.122261047363281 -0.0331268310546875 0.218765258789063 -0.027435302734375
-0.108299255371094 0.0680694580078125 0.118705749511719 -0.109474182128906
-0.0657196044921875 0.0889205932617188 0.0327072143554687 -0.0959396362304688
-0.0706710815429688 0.0860595703125 -0.000541687011718758 -0.0361862182617187
-0.0880126953125 0.107948303222656 -0.0302696228027344 0.02069091796875
-0.13421630859375 0.0662002563476562 -0.0763473510742188 0.0483551025390625
-0.152114868164063 -0.0437774658203125 -0.120147705078125 0.00856018066406248
-0.074737548828125 -0.1519775390625 -0.148590087890625 -0.06744384765625
0.13739013671875 -0.14288330078125 -0.11810302734375 -0.1697998046875
0.203460693359375 0.019287109375 -0.02880859375 -0.221817016601563
0.138046264648438 0.148056030273438 0.110855102539063 -0.160781860351563
0.139877319335938 0.1090087890625 -0.0663909912109375 0.1871337890625
0.143722534179688 -0.00390625 -0.00563049316406252 0.251235961914063
0.0731124877929688 -0.105339050292969 0.15301513671875 0.234909057617188
-0.0432281494140625 -0.08953857421875 0.265350341796875 0.107757568359375
-0.0836563110351563 -0.0187149047851563 0.237045288085938 -0.0580902099609375
-0.0771331787109375 0.0516510009765625 0.127120971679688 -0.14599609375
-0.0517578125 0.0634193420410156 0.035064697265625 -0.132759094238281
-0.0597610473632812 0.0668373107910156 0.00107574462890625 -0.0725326538085938
-0.0792007446289063 0.0839385986328125 -0.0154457092285156 -0.0233879089355469
-0.118896484375 0.0391387939453125 -0.0406265258789063 0.00558090209960937
-0.116424560546875 -0.0558395385742188 -0.06890869140625 -0.00592422485351562
-0.0313186645507813 -0.134391784667969 -0.107765197753906 -0.0491943359375
0.1409912109375 -0.087982177734375 -0.114471435546875 -0.141983032226563
0.163803100585938 0.0526885986328125 -0.0240020751953125 -0.20562744140625
0.0987701416015625 0.139122009277344 0.132965087890625 -0.105949401855469
0.0941314697265625 0.0684814453125 -0.0384368896484375 0.229415893554687
0.086517333984375 0.0118560791015625 0.0315399169921875 0.271575927734375
0.0519294738769531 -0.0556755065917969 0.183425903320313 0.220932006835938
-0.0159454345703125 -0.0525932312011719 0.28460693359375 0.082122802734375
-0.0405387878417969 -0.012664794921875 0.240707397460937 -0.081451416015625
-0.0417289733886719 0.0251007080078125 0.125732421875 -0.1683349609375
-0.0327892303466797 0.0289287567138672 0.032867431640625 -0.157012939453125
-0.0409355163574219 0.0367240905761719 0.00180816650390625 -0.09857177734375
-0.0574569702148437 0.046478271484375 -0.0017852783203125 -0.0544281005859375
-0.0755386352539063 0.0101699829101562 -0.00824737548828126 -0.0225067138671875
-0.0593338012695313 -0.0462112426757812 -0.0330905914306641 -0.00685691833496094
0.00499725341796876 -0.080322265625 -0.0889663696289063 -0.0252685546875
0.100067138671875 -0.0260848999023438 -0.1234130859375 -0.130165100097656
0.0885009765625 0.0603485107421875 -0.0197906494140625 -0.200469970703125
0.0452651977539063 0.0971298217773438 0.14398193359375 -0.0556640625
0.00289154052734375 -0.027496337890625 -0.17999267578125 0.0466461181640625
-0.00826454162597656 -0.0149412155151367 -0.00534057617187499 0.214981079101563
-0.0150623321533203 -0.0329246520996094 0.14813232421875 0.12725830078125
-0.0272693634033203 0.00410652160644532 0.105735778808594 0.0191802978515625
-0.00444889068603516 0.0168628692626953 0.0285167694091797 0.00548744201660156
0.015380859375 -0.000884056091308594 -0.00542068481445312 0.0394630432128906
0.00647449493408203 -0.011439323425293 -0.0112762451171875 0.0791778564453125
-0.00171422958374023 -0.00527095794677734 -0.0065765380859375 0.10894775390625
0.00170660018920898 -0.00425934791564941 -0.0428466796875 0.163497924804688
0.000154733657836914 0.00102895498275757 -0.138824462890625 0.174652099609375
0.00103855133056641 0.00787210464477539 -0.234283447265625 0.11761474609375
-0.0158214569091797 0.00768566131591797 -0.275985717773438 -0.0381011962890625
-0.0256462097167969 -0.000772476196289062 -0.207534790039062 -0.2413330078125
-0.0385589599609375 -0.0172920227050781 -0.08935546875 -0.281402587890625
-0.0251007080078125 -0.0548439025878906 0.028564453125 -0.28118896484375
0.0637397766113281 0.0500373840332031 -0.174026489257813 0.0299072265625
0.0804443359375 0.0131759643554687 -0.0168914794921875 0.1978759765625
0.0614700317382813 -0.0804595947265625 0.132118225097656 0.135444641113281
-0.028564453125 -0.07501220703125 0.104888916015625 0.0360565185546875
-0.0639877319335938 -0.024322509765625 0.0424728393554687 0.0093536376953125
-0.0491104125976563 0.0239601135253906 0.001861572265625 0.0338935852050781
-0.0265846252441406 0.0354843139648437 -0.00907135009765625 0.0719985961914063
-0.0249099731445313 0.0313930511474609 -0.00529479980468751 0.103073120117188
-0.0232772827148438 0.0376091003417969 -0.0409088134765625 0.158233642578125
-0.0350532531738281 0.0316390991210937 -0.133285522460938 0.17669677734375
-0.0468559265136719 0.00944519042968749 -0.225677490234375 0.119674682617188
-0.0503196716308594 -0.0242919921875 -0.276260375976562 -0.030853271484375
-0.00215148925781251 -0.0563468933105469 -0.216751098632813 -0.227874755859375
0.0325927734375 -0.0352210998535156 -0.105010986328125 -0.2830810546875
0.0404472351074219 -0.00640487670898438 0.022857666015625 -0.294586181640625
0.117507934570313 0.110946655273438 -0.160232543945313 0.0343017578125
0.157241821289063 0.02490234375 -0.03131103515625 0.178192138671875
0.117713928222656 -0.1268310546875 0.103897094726563 0.150436401367187
-0.0383377075195312 -0.139457702636719 0.112167358398438 0.0720977783203125
-0.113960266113281 -0.0533294677734375 0.0800933837890625 0.016326904296875
-0.101737976074219 0.04681396484375 0.0279960632324219 0.0133781433105469
-0.052764892578125 0.0743637084960937 0.00107192993164062 0.0437164306640625
-0.0480422973632812 0.0643081665039063 -0.00431060791015626 0.080352783203125
-0.047515869140625 0.0755691528320313 -0.0422744750976563 0.140007019042969
-0.0681953430175781 0.0595207214355469 -0.128204345703125 0.165924072265625
-0.0929946899414063 0.00976562500000001 -0.21746826171875 0.10870361328125
-0.0824356079101563 -0.0589752197265625 -0.269210815429688 -0.0358886718750001
0.0242080688476563 -0.109397888183594 -0.21063232421875 -0.22125244140625
0.101585388183594 -0.046417236328125 -0.100433349609375 -0.279708862304688
0.099761962890625 0.0434494018554687 0.032440185546875 -0.288482666015625
0.155868530273438 0.1456298828125 -0.14337158203125 0.0569915771484375
0.206222534179687 0.0155029296875 -0.0457763671875 0.174911499023437
0.138092041015625 -0.165115356445313 0.084625244140625 0.182586669921875
-0.0566253662109375 -0.170700073242187 0.14093017578125 0.1124267578125
-0.145309448242188 -0.0593109130859375 0.132980346679688 0.0153579711914062
-0.129280090332031 0.0664138793945312 0.0639266967773437 -0.0220565795898437
-0.0701751708984375 0.0989990234375 0.0130376815795898 -0.000240325927734369
-0.0650558471679688 0.0875396728515625 -0.00317764282226563 0.0467529296875
-0.0672836303710938 0.105384826660156 -0.0418319702148438 0.110244750976563
-0.100128173828125 0.0798492431640625 -0.120315551757813 0.140914916992188
-0.133865356445313 0.00238037109374997 -0.201614379882813 0.0812225341796875
-0.105049133300781 -0.0971145629882813 -0.246627807617187 -0.05120849609375
0.0589447021484375 -0.153427124023438 -0.186874389648438 -0.21551513671875
0.163787841796875 -0.0458526611328125 -0.0803375244140625 -0.270233154296875
0.14276123046875 0.0909881591796875 0.0540771484375 -0.2635498046875
0.175201416015625 0.153228759765625 -0.121742248535156 0.09564208984375
0.216445922851563 -0.0028076171875 -0.0507965087890625 0.195587158203125
0.124740600585938 -0.176651000976563 0.092010498046875 0.219314575195313
-0.0709686279296875 -0.164505004882813 0.189849853515625 0.135910034179688
-0.148910522460938 -0.04718017578125 0.185943603515625 -0.0020904541015625
-0.129005432128906 0.0769882202148437 0.0981826782226562 -0.0676727294921875
-0.0730056762695313 0.105056762695313 0.0244979858398438 -0.0506591796875
-0.07196044921875 0.098297119140625 -0.00308656692504883 0.00574350357055665
-0.0810317993164063 0.119125366210938 -0.0383758544921875 0.0702781677246094
-0.125350952148437 0.0854568481445312 -0.103996276855469 0.0996627807617187
-0.161117553710938 -0.0154266357421875 -0.17041015625 0.0448760986328125
-0.107749938964844 -0.134445190429688 -0.20574951171875 -0.0673370361328125
0.10107421875 -0.171737670898437 -0.1517333984375 -0.200363159179688
0.205184936523438 -0.0240020751953125 -0.053497314453125 -0.250015258789063
0.15948486328125 0.130279541015625 0.083038330078125 -0.222000122070313
0.171051025390625 0.139419555664063 -0.0953369140625 0.144241333007812
0.193099975585938 -0.011260986328125 -0.0336761474609375 0.229080200195313
0.0980987548828125 -0.1552734375 0.1246337890625 0.240402221679688
-0.0672760009765625 -0.131683349609375 0.239837646484375 0.131149291992188
-0.125648498535156 -0.0301513671875 0.22393798828125 -0.03369140625
-0.108741760253906 0.0730133056640625 0.118293762207031 -0.113998413085938
-0.0664520263671875 0.0939407348632812 0.0309371948242187 -0.0989456176757812
-0.0709609985351563 0.091827392578125 -0.00174713134765626 -0.0362510681152344
-0.0868682861328125 0.114364624023438 -0.0292930603027344 0.0225296020507813
-0.136238098144531 0.0720901489257813 -0.0755691528320313 0.0515060424804688
-0.15789794921875 -0.0397186279296875 -0.12310791015625 0.0107421875
-0.0801239013671875 -0.154296875 -0.155029296875 -0.0664825439453125
0.137939453125 -0.151031494140625 -0.124847412109375 -0.17144775390625
0.210586547851563 0.0156097412109375 -0.0355224609375 -0.225509643554688
0.145309448242188 0.150131225585938 0.111297607421875 -0.168609619140625
0.143280029296875 0.108993530273438 -0.065093994140625 0.19488525390625
0.146224975585937 -0.0064544677734375 0.0014801025390625 0.259628295898437
0.0727767944335938 -0.1107177734375 0.16326904296875 0.239456176757813
-0.0463943481445313 -0.091400146484375 0.277069091796875 0.105743408203125
-0.0867919921875 -0.0175094604492188 0.241851806640625 -0.0660552978515625
-0.0775299072265625 0.0541915893554687 0.127151489257813 -0.151153564453125
-0.0529632568359375 0.0665817260742188 0.0327835083007813 -0.135650634765625
-0.0603561401367187 0.0712966918945313 -0.00159454345703125 -0.0723342895507813
-0.0801467895507812 0.0899200439453125 -0.0163021087646484 -0.0229473114013672
-0.121177673339844 0.0442733764648437 -0.0394744873046875 0.00685882568359376
-0.1217041015625 -0.0554656982421875 -0.071075439453125 -0.00621795654296875
-0.0349349975585937 -0.138412475585938 -0.112007141113281 -0.048065185546875
0.14263916015625 -0.0941162109375 -0.119979858398437 -0.141860961914063
0.170669555664063 0.051177978515625 -0.028350830078125 -0.209701538085938
0.10528564453125 0.142532348632812 0.13311767578125 -0.11309814453125
0.094757080078125 0.0666122436523438 -0.0355224609375 0.238082885742187
0.0893020629882813 0.0102310180664063 0.03912353515625 0.279510498046875
0.0522193908691406 -0.058441162109375 0.194839477539063 0.224227905273438
-0.0166702270507812 -0.0526695251464844 0.295257568359375 0.0777587890625
-0.0421142578125 -0.01153564453125 0.244720458984375 -0.0889739990234375
-0.0429801940917969 0.0270652770996094 0.125 -0.173797607421875
-0.0348129272460938 0.031005859375 0.0287933349609375 -0.159500122070312
-0.0413856506347656 0.0397872924804687 -0.0010833740234375 -0.0992202758789063
-0.0590248107910156 0.0496635437011719 -0.0025787353515625 -0.0563240051269531
-0.0789566040039063 0.012969970703125 -0.00782394409179688 -0.023529052734375
-0.0614166259765625 -0.0469779968261719 -0.03326416015625 -0.00704193115234375
0.00386047363281249 -0.0822067260742188 -0.0909347534179688 -0.0233993530273438
0.102165222167969 -0.0298309326171875 -0.129798889160156 -0.129264831542969
0.0932540893554688 0.0605697631835938 -0.0260467529296875 -0.20404052734375
0.0489654541015625 0.100242614746094 0.147232055664063 -0.0619964599609375
0.000570297241210935 -0.0298137664794922 -0.18408203125 0.054473876953125
-0.0108013153076172 -0.0157814025878906 0.00558471679687502 0.222854614257813
-0.0197639465332031 -0.0349254608154297 0.160858154296875 0.1240234375
-0.0275363922119141 0.00594902038574219 0.111129760742188 0.0151290893554688
-0.00298500061035156 0.0187244415283203 0.02972412109375 0.00437736511230469
0.015772819519043 -0.00158500671386719 -0.00244903564453125 0.0412979125976563
0.00508594512939453 -0.0114297866821289 -0.007049560546875 0.081787109375
-0.00202178955078125 -0.00491046905517578 -0.00188446044921876 0.11102294921875
0.00199747085571289 -0.00455617904663086 -0.035888671875 0.168975830078125
-9.03606414794922E-05 0.00166094303131104 -0.134017944335938 0.186111450195313
0.00132417678833008 0.00878524780273438 -0.236114501953125 0.133010864257813
-0.0159778594970703 0.00967884063720703 -0.288818359375 -0.027740478515625
-0.0274200439453125 -0.000360488891601567 -0.226547241210938 -0.242156982421875
-0.04083251953125 -0.0170326232910156 -0.105743408203125 -0.288543701171875
-0.0285835266113281 -0.0578422546386719 0.01983642578125 -0.294921875
0.0670127868652344 0.0497093200683594 -0.179336547851563 0.037506103515625
0.0829315185546875 0.0100936889648438 -0.00711059570312499 0.204925537109375
0.0584793090820312 -0.0872116088867187 0.144790649414063 0.133651733398438
-0.0329971313476562 -0.0764007568359375 0.111442565917969 0.033447265625
-0.0672950744628906 -0.021759033203125 0.0452003479003906 0.00789260864257812
-0.0502662658691406 0.0271835327148438 0.00333786010742187 0.0349483489990234
-0.0268630981445312 0.0392227172851563 -0.00520324707031251 0.0749893188476562
-0.0254096984863281 0.0346927642822266 0.000183105468750004 0.105178833007813
-0.0229377746582031 0.0401420593261719 -0.0350341796875 0.163467407226563
-0.0344505310058594 0.0342330932617187 -0.128631591796875 0.188308715820313
-0.0477867126464844 0.0125350952148438 -0.228897094726563 0.134353637695312
-0.0530548095703125 -0.0220260620117187 -0.2880859375 -0.01934814453125
-0.0053863525390625 -0.0585060119628906 -0.235504150390625 -0.228256225585938
0.0318489074707031 -0.0381393432617188 -0.12109375 -0.289581298828125
0.0409622192382813 -0.00843429565429688 0.013580322265625 -0.308197021484375
0.123252868652344 0.110946655273438 -0.16522216796875 0.0406646728515625
0.164093017578125 0.0194244384765625 -0.0228424072265625 0.184707641601562
0.115776062011719 -0.138671875 0.1165771484375 0.151702880859375
-0.045196533203125 -0.142837524414062 0.120109558105469 0.0701675415039062
-0.120109558105469 -0.0498275756835938 0.0846939086914062 0.01373291015625
-0.102989196777344 0.0537490844726562 0.0298366546630859 0.0139102935791016
-0.0525283813476563 0.0809097290039063 0.00308227539062499 0.0451812744140625
-0.0469932556152344 0.0698509216308594 0.000122070312499993 0.0823822021484375
-0.0452117919921875 0.0808639526367188 -0.0370635986328125 0.145858764648438
-0.06744384765625 0.0647392272949219 -0.123687744140625 0.177444458007813
-0.0954818725585938 0.0146026611328125 -0.220550537109375 0.122390747070312
-0.0883026123046875 -0.0556488037109375 -0.280258178710937 -0.0252227783203125
0.0194015502929687 -0.115898132324219 -0.228836059570313 -0.222381591796875
0.103004455566406 -0.0542068481445313 -0.116729736328125 -0.287017822265625
0.104057312011719 0.041107177734375 0.022735595703125 -0.30303955078125
0.165512084960938 0.146469116210937 -0.146026611328125 0.064300537109375
0.21380615234375 0.0082244873046875 -0.03857421875 0.183212280273438
0.1351318359375 -0.179443359375 0.09710693359375 0.185760498046875
-0.066619873046875 -0.174224853515625 0.15252685546875 0.110519409179687
-0.153350830078125 -0.0545654296875 0.139312744140625 0.0091705322265625
-0.131004333496094 0.0753173828125 0.0667266845703125 -0.0245552062988281
-0.0686492919921875 0.106788635253906 0.0144176483154297 -0.000173568725585931
-0.062469482421875 0.0954742431640625 -0.000160217285156251 0.0467147827148438
-0.0637435913085938 0.11285400390625 -0.0382614135742188 0.115158081054688
-0.0996627807617188 0.0878067016601563 -0.116653442382812 0.149856567382813
-0.139335632324219 0.00997924804687501 -0.205001831054687 0.093597412109375
-0.114059448242188 -0.0949478149414063 -0.25897216796875 -0.0425872802734375
0.054046630859375 -0.162322998046875 -0.202621459960938 -0.21722412109375
0.16754150390625 -0.0542755126953125 -0.0951690673828125 -0.278366088867188
0.151031494140625 0.089874267578125 0.04608154296875 -0.278106689453125
0.18505859375 0.153671264648438 -0.122894287109375 0.104438781738281
0.223495483398438 -0.0106201171875 -0.0433807373046875 0.204498291015625
0.121078491210938 -0.18994140625 0.106414794921875 0.223648071289063
-0.0803375244140625 -0.1676025390625 0.204437255859375 0.132675170898438
-0.1556396484375 -0.0421600341796875 0.193756103515625 -0.012542724609375
-0.129936218261719 0.0856094360351562 0.09918212890625 -0.0736770629882813
-0.0715255737304688 0.113136291503906 0.0231399536132813 -0.053375244140625
-0.070770263671875 0.105644226074219 -0.00176572799682618 0.00633382797241212
-0.0784988403320313 0.128707885742188 -0.037261962890625 0.073486328125
-0.126296997070312 0.093536376953125 -0.101348876953125 0.107063293457031
-0.167678833007813 -0.00788879394531253 -0.174545288085937 0.0532379150390625
-0.117118835449219 -0.134269714355469 -0.217315673828125 -0.0602264404296875
0.098480224609375 -0.183914184570313 -0.16546630859375 -0.201858520507813
0.212448120117187 -0.0328369140625 -0.06689453125 -0.257080078125
0.169509887695313 0.1298828125 0.0772857666015625 -0.235443115234375
0.17901611328125 0.139938354492188 -0.0937347412109374 0.154800415039063
0.19873046875 -0.0189666748046875 -0.0243377685546875 0.239334106445313
0.0955963134765625 -0.166259765625 0.141952514648438 0.244705200195313
-0.0751724243164062 -0.133644104003906 0.256881713867188 0.124755859375
-0.131614685058594 -0.0248947143554687 0.232131958007813 -0.0453338623046875
-0.109306335449219 0.0803298950195313 0.117759704589844 -0.122062683105469
-0.0655670166015625 0.100654602050781 0.0275039672851562 -0.102607727050781
-0.06951904296875 0.09942626953125 -0.0026702880859375 -0.0360374450683594
-0.084564208984375 0.124076843261719 -0.0292415618896484 0.0246486663818359
-0.137786865234375 0.0815887451171875 -0.0743255615234375 0.0549468994140625
-0.167388916015625 -0.0341644287109375 -0.127082824707031 0.0152664184570312
-0.09027099609375 -0.156600952148438 -0.163909912109375 -0.0622100830078125
0.137649536132813 -0.163970947265625 -0.136199951171875 -0.17169189453125
0.219635009765625 0.0071258544921875 -0.046630859375 -0.233489990234375
0.156845092773438 0.15228271484375 0.107772827148438 -0.180526733398438
0.150039672851563 0.108505249023438 -0.0608673095703125 0.2059326171875
0.150039672851563 -0.0120391845703125 0.0127410888671875 0.268524169921875
0.0706863403320313 -0.118545532226563 0.182113647460938 0.241989135742188
-0.0519943237304688 -0.0916061401367188 0.292877197265625 0.097259521484375
-0.0898513793945313 -0.0137557983398438 0.248947143554688 -0.078887939453125
-0.0772247314453125 0.0596542358398438 0.124130249023438 -0.160430908203125
-0.0524368286132813 0.0726699829101563 0.0266647338867188 -0.1405029296875
-0.0596466064453125 0.0777130126953125 -0.00463867187500001 -0.0739212036132813
-0.0787734985351562 0.09765625 -0.0178260803222656 -0.0226726531982422
-0.123886108398437 0.0523147583007812 -0.03948974609375 0.00808334350585938
-0.128684997558594 -0.0513763427734375 -0.073822021484375 -0.00441741943359377
-0.0410614013671875 -0.141616821289063 -0.118667602539063 -0.0441436767578125
0.145294189453125 -0.105697631835938 -0.130294799804688 -0.141250610351562
0.180801391601563 0.0472412109375 -0.039337158203125 -0.215988159179688
0.114120483398438 0.144882202148438 0.133125305175781 -0.122329711914062
0.0988922119140625 0.0664443969726562 -0.0287322998046875 0.249862670898438
0.0926742553710938 0.00738525390625 0.054046630859375 0.288116455078125
0.0522994995117188 -0.0635147094726563 0.213104248046875 0.225784301757813
-0.0194969177246094 -0.0523948669433594 0.309967041015625 0.0675048828125
-0.0438003540039062 -0.0100669860839844 0.249252319335937 -0.10272216796875
-0.0434417724609375 0.0284233093261719 0.122451782226563 -0.18505859375
-0.0357856750488281 0.0339927673339844 0.0226593017578125 -0.165130615234375
-0.0414199829101563 0.0440750122070312 -0.00526428222656251 -0.100425720214844
-0.0585670471191406 0.0551185607910156 -0.00598526000976562 -0.0580520629882813
-0.0818023681640625 0.0177078247070313 -0.00840950012207032 -0.0256748199462891
-0.0663223266601563 -0.0463638305664063 -0.0347213745117188 -0.00736427307128907
0.000564575195312506 -0.0859756469726563 -0.0959320068359375 -0.0203018188476563
0.10540771484375 -0.0355148315429688 -0.141799926757812 -0.1279296875
0.100204467773438 0.0608673095703125 -0.0359039306640625 -0.210983276367187
0.0552978515625 0.101905822753906 0.149826049804687 -0.0718231201171875
-0.00247955322265625 -0.0314579010009766 -0.18450927734375 0.0674285888671875
-0.0130434036254883 -0.015324592590332 0.0223541259765625 0.226791381835938
-0.0253124237060547 -0.0342426300048828 0.174880981445313 0.114974975585938
-0.0271987915039063 0.00898551940917969 0.115386962890625 0.00745391845703125
-0.00155830383300781 0.0192947387695313 0.0306797027587891 0.00234603881835938
0.0149545669555664 -0.00288963317871094 0.000545501708984378 0.0417518615722656
0.00356388092041016 -0.0111379623413086 -0.000335693359374992 0.0830612182617188
-0.00244665145874023 -0.00453710556030273 0.00600433349609376 0.111480712890625
0.00181698799133301 -0.00393295288085938 -0.023681640625 0.172149658203125
0.000685214996337891 0.00143575668334961 -0.123489379882813 0.197891235351563
0.0023655891418457 0.00852394104003906 -0.2322998046875 0.152664184570313
-0.015080451965332 0.0113315582275391 -0.29852294921875 -0.00946044921875005
-0.0281467437744141 0.000341415405273444 -0.249923706054688 -0.234146118164063
-0.0429801940917969 -0.0160980224609375 -0.127838134765625 -0.28948974609375
-0.0336952209472656 -0.0587806701660156 0.00152587890625002 -0.305694580078125
0.0703048706054688 0.0467300415039063 -0.18145751953125 0.0478515625
0.0855636596679688 0.00559234619140625 0.00814819335937502 0.209030151367187
0.0525741577148438 -0.0945968627929688 0.159393310546875 0.125091552734375
-0.0387039184570313 -0.076324462890625 0.117271423339844 0.0254898071289062
-0.0698928833007813 -0.0178794860839844 0.0468215942382812 0.00442886352539063
-0.0499038696289063 0.0313301086425781 0.006561279296875 0.0356864929199219
-0.0252761840820313 0.0427513122558594 0.000335693359374995 0.076416015625
-0.0237884521484375 0.0380287170410156 0.00765228271484375 0.104957580566406
-0.0197105407714844 0.0433769226074219 -0.024322509765625 0.167343139648437
-0.03277587890625 0.037506103515625 -0.117691040039063 0.199050903320312
-0.0480270385742188 0.0169754028320313 -0.225143432617188 0.153579711914062
-0.0551681518554688 -0.0181198120117187 -0.29730224609375 -0.00158691406249998
-0.0109519958496094 -0.0607757568359375 -0.257049560546875 -0.219024658203125
0.0295562744140625 -0.0420379638671875 -0.144287109375 -0.288818359375
0.0400314331054688 -0.0123138427734375 -0.00579833984374999 -0.319610595703125
0.132560729980469 0.108001708984375 -0.166549682617188 0.050750732421875
0.168991088867187 0.010894775390625 -0.00892639160156249 0.189559936523437
0.108322143554688 -0.1507568359375 0.131744384765625 0.145843505859375
-0.055694580078125 -0.143356323242188 0.129898071289063 0.0626983642578125
-0.125961303710938 -0.0427322387695312 0.0884475708007812 0.00646209716796875
-0.102394104003906 0.0626296997070313 0.0319900512695312 0.0117092132568359
-0.0486907958984375 0.087615966796875 0.00753402709960937 0.0462303161621094
-0.0431747436523437 0.0753097534179688 0.00659179687500001 0.0825271606445313
-0.0400314331054688 0.0865631103515625 -0.0274200439453125 0.150115966796875
-0.06463623046875 0.0709304809570313 -0.113250732421875 0.187820434570313
-0.096527099609375 0.02349853515625 -0.217864990234375 0.140838623046875
-0.0925140380859375 -0.0500259399414063 -0.288787841796875 -0.00753784179687496
0.01202392578125 -0.120536804199219 -0.25079345703125 -0.21380615234375
0.101280212402344 -0.0627975463867188 -0.13922119140625 -0.287109375
0.108688354492188 0.0358734130859375 0.00457763671875003 -0.314605712890625
0.17755126953125 0.142181396484375 -0.145858764648437 0.07379150390625
0.219406127929688 -0.00408935546875 -0.02593994140625 0.188003540039063
0.12567138671875 -0.193618774414062 0.11407470703125 0.182357788085938
-0.079437255859375 -0.17449951171875 0.164581298828125 0.102371215820312
-0.159774780273438 -0.0450592041015625 0.144134521484375 -0.000335693359375003
-0.128509521484375 0.0858612060546875 0.0668411254882812 -0.0289154052734375
-0.0635757446289063 0.1148681640625 0.0145444869995117 -0.00165367126464843
-0.05755615234375 0.101722717285156 0.00333023071289062 0.0474166870117188
-0.05670166015625 0.120353698730469 -0.0312728881835938 0.120109558105469
-0.0953140258789063 0.095916748046875 -0.107772827148438 0.15960693359375
-0.140945434570313 0.020538330078125 -0.204437255859375 0.110366821289062
-0.122039794921875 -0.0887298583984375 -0.267913818359375 -0.0264892578125
0.0439453125 -0.170684814453125 -0.222702026367187 -0.209686279296875
0.1680908203125 -0.0672149658203125 -0.115921020507813 -0.278610229492188
0.15960693359375 0.0838470458984375 0.029388427734375 -0.289764404296875
0.197463989257813 0.14801025390625 -0.120285034179688 0.114456176757813
0.227096557617188 -0.0235443115234375 -0.02984619140625 0.210952758789063
0.111480712890625 -0.204315185546875 0.125579833984375 0.221527099609375
-0.0938873291015625 -0.165283203125 0.220138549804688 0.121871948242188
-0.162094116210938 -0.031829833984375 0.198593139648438 -0.0259857177734375
-0.127456665039062 0.0966033935546875 0.0972366333007813 -0.0810546875
-0.0659713745117188 0.1219482421875 0.0208740234375 -0.0555038452148437
-0.0651092529296875 0.113319396972656 -0.000505447387695316 0.00608301162719727
-0.0704574584960938 0.13726806640625 -0.0327835083007813 0.077789306640625
-0.122665405273438 0.105514526367187 -0.0949783325195313 0.114822387695313
-0.171661376953125 0.00453186035156253 -0.176315307617188 0.0664520263671875
-0.12890625 -0.128921508789063 -0.226669311523438 -0.0478363037109375
0.0875244140625 -0.195785522460938 -0.183975219726563 -0.1962890625
0.215789794921875 -0.047882080078125 -0.0866241455078125 -0.258758544921875
0.182174682617188 0.124069213867188 0.0633544921875 -0.247406005859375
0.190628051757813 0.134414672851563 -0.0871887207031249 0.164718627929688
0.200912475585938 -0.0303802490234375 -0.00736999511718746 0.246368408203125
0.0861663818359375 -0.177200317382813 0.162460327148438 0.240707397460937
-0.0854568481445313 -0.130989074707031 0.27178955078125 0.110855102539063
-0.135124206542969 -0.0164947509765625 0.235214233398437 -0.0625
-0.105224609375 0.089111328125 0.11334228515625 -0.131790161132813
-0.0606002807617187 0.108528137207031 0.0209503173828125 -0.105697631835938
-0.064056396484375 0.106491088867188 -0.0045928955078125 -0.0367355346679688
-0.0772705078125 0.133476257324219 -0.0284233093261719 0.0271053314208984
-0.135353088378906 0.09307861328125 -0.0714035034179688 0.0597763061523438
-0.172882080078125 -0.02288818359375 -0.130058288574219 0.0236663818359375
-0.101699829101563 -0.154586791992188 -0.171661376953125 -0.0529327392578125
0.129638671875 -0.17779541015625 -0.1510009765625 -0.167739868164063
0.226760864257813 -0.006011962890625 -0.06427001953125 -0.234954833984375
0.169723510742188 0.148452758789063 0.098419189453125 -0.193222045898437
0.157516479492188 0.103408813476562 -0.05035400390625 0.216232299804688
0.153305053710938 -0.0196990966796875 0.0326080322265625 0.275222778320313
0.0647659301757813 -0.127265930175781 0.203109741210937 0.236160278320313
-0.0589523315429687 -0.0894393920898438 0.307708740234375 0.07952880859375
-0.0920867919921875 -0.00825500488281249 0.249588012695313 -0.0980987548828125
-0.0752944946289063 0.0665664672851563 0.1173095703125 -0.170684814453125
-0.0497665405273437 0.0782699584960938 0.01727294921875 -0.14447021484375
-0.0548629760742187 0.0839385986328125 -0.0080718994140625 -0.0735015869140625
-0.0730361938476563 0.106925964355469 -0.019500732421875 -0.02197265625
-0.12347412109375 0.0625 -0.0390510559082031 0.00837707519531249
-0.136199951171875 -0.0434036254882813 -0.0760269165039063 -2.28881835937527E-05
-0.051239013671875 -0.143081665039062 -0.124305725097656 -0.0374984741210938
0.14202880859375 -0.118118286132813 -0.143203735351562 -0.134765625
0.188796997070313 0.0375213623046875 -0.05517578125 -0.218154907226563
0.126571655273437 0.143280029296875 0.127372741699219 -0.135047912597656
0.102607727050781 0.0634002685546875 -0.014892578125 0.259002685546875
0.0951614379882813 0.00208282470703125 0.076019287109375 0.291168212890625
0.0497512817382813 -0.0692176818847656 0.234466552734375 0.216583251953125
-0.0235671997070312 -0.0510749816894531 0.322509765625 0.047119140625
-0.0446853637695313 -0.0079193115234375 0.249404907226562 -0.123153686523438
-0.0423660278320313 0.0325660705566406 0.112228393554687 -0.195358276367188
-0.0345077514648438 0.0380630493164063 0.0116119384765625 -0.1690673828125
-0.0391349792480469 0.0483436584472656 -0.011749267578125 -0.100425720214844
-0.0560150146484375 0.062103271484375 -0.00951385498046875 -0.0583114624023437
-0.0835037231445313 0.0238113403320312 -0.00968933105468751 -0.0279808044433594
-0.0710601806640625 -0.0430908203125 -0.0359535217285156 -0.00584030151367188
-0.0042877197265625 -0.0887374877929688 -0.0987167358398438 -0.0134201049804688
0.105644226074219 -0.0432510375976563 -0.153717041015625 -0.119903564453125
0.107521057128906 0.0561141967773438 -0.05157470703125 -0.213897705078125
0.0631256103515625 0.10247802734375 0.147659301757813 -0.0833282470703125
-0.00644111633300781 -0.0310859680175781 -0.1793212890625 0.0779266357421875
-0.0148744583129883 -0.0142707824707031 0.0400390625 0.222930908203125
-0.0295772552490234 -0.0318012237548828 0.18402099609375 0.100021362304688
-0.0263633728027344 0.0112152099609375 0.115509033203125 -0.0022430419921875
0.000591278076171877 0.0190029144287109 0.0304336547851563 0.000530242919921876
0.0142145156860352 -0.00422000885009766 0.00479888916015625 0.0418128967285156
0.00169181823730469 -0.00992870330810547 0.0063934326171875 0.0820083618164063
-0.00205111503601074 -0.00341153144836426 0.0143890380859375 0.107780456542969
0.00158596038818359 -0.0039973258972168 -0.0106353759765625 0.17083740234375
2.56299972534181E-05 0.00123798847198486 -0.107391357421875 0.203811645507812
0.00329160690307617 0.00823116302490234 -0.219161987304688 0.168746948242187
-0.0137624740600586 0.0127983093261719 -0.29779052734375 0.0118103027343751
-0.0292778015136719 0.00218391418457032 -0.266937255859375 -0.216888427734375
-0.0442085266113281 -0.01318359375 -0.148406982421875 -0.279388427734375
-0.0384330749511719 -0.056488037109375 -0.018829345703125 -0.307098388671875
0.07244873046875 0.042816162109375 -0.177154541015625 0.0587310791015625
0.0851287841796875 0.0002899169921875 0.0249176025390625 0.20556640625
0.043670654296875 -0.0979843139648438 0.169342041015625 0.111282348632812
-0.0443344116210937 -0.073150634765625 0.118721008300781 0.0160064697265625
-0.0702972412109375 -0.0127639770507813 0.0472412109375 0.000518798828124999
-0.047821044921875 0.0354156494140625 0.00963211059570312 0.0352401733398438
-0.0222434997558594 0.0461540222167969 0.00745391845703125 0.0750885009765625
-0.0204238891601563 0.0398521423339844 0.0154190063476562 0.102210998535156
-0.0162010192871094 0.0452423095703125 -0.0119476318359375 0.16552734375
-0.0293960571289063 0.0393257141113281 -0.101486206054688 0.204666137695312
-0.0454177856445313 0.0211372375488281 -0.211624145507812 0.169219970703125
-0.0560493469238281 -0.0138626098632813 -0.296356201171875 0.02069091796875
-0.0158042907714844 -0.0600967407226562 -0.273681640625 -0.200637817382813
0.0255088806152344 -0.0446701049804688 -0.164825439453125 -0.279067993164062
0.0386428833007813 -0.0149955749511719 -0.026885986328125 -0.320953369140625
0.139633178710938 0.100868225097656 -0.163131713867188 0.061553955078125
0.169113159179688 0.0003662109375 0.00648498535156251 0.186798095703125
0.0961151123046875 -0.158477783203125 0.143157958984375 0.13336181640625
-0.0662765502929688 -0.138938903808594 0.134666442871094 0.0520858764648437
-0.1285400390625 -0.033477783203125 0.088836669921875 0.000267028808593748
-0.0973587036132813 0.0697784423828125 0.0337085723876953 0.0101394653320313
-0.042510986328125 0.0922698974609375 0.011962890625 0.0445976257324219
-0.037261962890625 0.0783920288085937 0.012359619140625 0.0799407958984375
-0.0329132080078125 0.0897750854492188 -0.015777587890625 0.14923095703125
-0.0580215454101562 0.074951171875 -0.0978851318359375 0.192626953125
-0.0937042236328125 0.03094482421875 -0.205978393554688 0.155685424804688
-0.0955429077148438 -0.04278564453125 -0.28936767578125 0.013916015625
0.00193023681640626 -0.121543884277344 -0.265380859375 -0.19561767578125
0.09600830078125 -0.0691986083984375 -0.160369873046875 -0.276275634765625
0.110282897949219 0.02972412109375 -0.017181396484375 -0.31622314453125
0.185699462890625 0.132110595703125 -0.140853881835938 0.08306884765625
0.218307495117187 -0.017181396484375 -0.011138916015625 0.186798095703125
0.11029052734375 -0.204116821289063 0.127685546875 0.17095947265625
-0.0915069580078125 -0.168289184570313 0.172637939453125 0.089508056640625
-0.161788940429688 -0.033355712890625 0.143707275390625 -0.0119171142578125
-0.121437072753906 0.0952377319335937 0.06536865234375 -0.0333671569824219
-0.0546188354492188 0.120758056640625 0.016291618347168 -0.00281524658203124
-0.049407958984375 0.106101989746094 0.0073699951171875 0.0455474853515625
-0.0473556518554688 0.124244689941406 -0.0222702026367188 0.12030029296875
-0.0876083374023438 0.102775573730469 -0.0948944091796875 0.165054321289062
-0.138595581054688 0.03167724609375 -0.195297241210937 0.124923706054688
-0.126869201660156 -0.0791244506835937 -0.268951416015625 -0.00715637207031253
0.0305938720703125 -0.174041748046875 -0.237701416015625 -0.194137573242187
0.162155151367188 -0.07879638671875 -0.136505126953125 -0.269943237304688
0.164169311523438 0.0742340087890625 0.00942993164062498 -0.292755126953125
0.205841064453125 0.137924194335938 -0.112617492675781 0.122482299804688
0.225448608398437 -0.03717041015625 -0.013397216796875 0.210800170898437
0.0957794189453125 -0.2132568359375 0.142959594726562 0.210494995117187
-0.104949951171875 -0.1571044921875 0.228713989257812 0.104690551757812
-0.163421630859375 -0.0196533203125 0.196853637695313 -0.04156494140625
-0.119430541992188 0.105621337890625 0.0914306640625 -0.0866622924804687
-0.0570297241210938 0.127090454101563 0.017242431640625 -0.0566368103027344
-0.0556640625 0.117385864257813 0.000728607177734372 0.00576019287109376
-0.0582733154296875 0.142593383789063 -0.0265960693359375 0.078765869140625
-0.114021301269531 0.113815307617187 -0.0855941772460938 0.118965148925781
-0.17047119140625 0.0182647705078125 -0.170944213867188 0.0788726806640625
-0.136848449707031 -0.119041442871094 -0.228805541992187 -0.0314178466796875
0.072845458984375 -0.203109741210938 -0.197113037109375 -0.182937622070312
0.211593627929688 -0.062286376953125 -0.105453491210938 -0.252655029296875
0.190185546875 0.114486694335937 0.0453338623046875 -0.253677368164063
0.197616577148438 0.12408447265625 -0.0769805908203125 0.1712646484375
0.198410034179688 -0.04266357421875 0.010955810546875 0.24468994140625
0.0731658935546875 -0.184555053710938 0.180679321289063 0.227554321289063
-0.0946121215820313 -0.1239013671875 0.280731201171875 0.0893096923828125
-0.135162353515625 -0.00691223144531251 0.23016357421875 -0.081207275390625
-0.09869384765625 0.0964202880859375 0.104598999023437 -0.138374328613281
-0.0525970458984375 0.113601684570312 0.0142059326171875 -0.105659484863281
-0.0554275512695313 0.1107177734375 -0.00533676147460938 -0.0354385375976562
-0.0658111572265625 0.1396484375 -0.0264759063720703 0.0291690826416016
-0.128273010253906 0.102806091308594 -0.0671005249023438 0.0621261596679688
-0.173477172851563 -0.009124755859375 -0.127540588378906 0.032867431640625
-0.111923217773438 -0.1478271484375 -0.1744384765625 -0.0409088134765625
0.116470336914063 -0.187759399414063 -0.16217041015625 -0.155914306640625
0.226165771484375 -0.021820068359375 -0.0816192626953125 -0.229995727539063
0.179214477539063 0.139511108398438 0.0836029052734375 -0.200592041015625
0.163131713867187 0.0957183837890625 -0.0361480712890625 0.2210693359375
0.151641845703125 -0.0293426513671875 0.052642822265625 0.270492553710938
0.0553131103515625 -0.132331848144531 0.220169067382812 0.219619750976563
-0.0640411376953125 -0.0843963623046875 0.31256103515625 0.056610107421875
-0.0910110473632813 -0.00144958496093751 0.241928100585938 -0.11651611328125
-0.0699234008789063 0.0711212158203125 0.104995727539062 -0.178054809570313
-0.0445175170898438 0.0816802978515625 0.00749206542968751 -0.143325805664063
-0.0482864379882812 0.0878143310546875 -0.0117645263671875 -0.0713424682617188
-0.064117431640625 0.112373352050781 -0.0211830139160156 -0.0200843811035156
-0.118782043457031 0.0716476440429688 -0.0383529663085938 0.00922775268554688
-0.138687133789063 -0.033905029296875 -0.0761489868164063 0.00399780273437498
-0.0610809326171875 -0.139923095703125 -0.125076293945313 -0.0287246704101562
0.132659912109375 -0.128768920898438 -0.152511596679688 -0.12371826171875
0.191574096679688 0.02447509765625 -0.07232666015625 -0.214263916015625
0.136360168457031 0.136466979980469 0.116104125976563 -0.1453857421875
0.105316162109375 0.0575714111328125 0.0025177001953125 0.261764526367187
0.095123291015625 -0.00328826904296875 0.09759521484375 0.284332275390625
0.0440292358398438 -0.0737991333007813 0.249725341796875 0.198822021484375
-0.0259208679199219 -0.0493011474609375 0.32537841796875 0.023834228515625
-0.0442314147949219 -0.00497817993164063 0.238800048828125 -0.140625
-0.0409317016601563 0.0353050231933594 0.09912109375 -0.201400756835938
-0.0321884155273438 0.0404243469238281 -0.0005645751953125 -0.16668701171875
-0.034332275390625 0.0508308410644531 -0.0177383422851562 -0.0967254638671875
-0.0501785278320313 0.0668220520019531 -0.0138626098632813 -0.0571403503417969
-0.0815582275390625 0.0301055908203125 -0.0114498138427734 -0.0281639099121094
-0.07373046875 -0.03875732421875 -0.0361862182617188 -0.00381851196289063
-0.009429931640625 -0.0894088745117187 -0.0980377197265625 -0.00686645507812501
0.10235595703125 -0.0502548217773438 -0.162567138671875 -0.10797119140625
0.111480712890625 0.049774169921875 -0.06756591796875 -0.208984375
0.0699996948242188 0.0996932983398437 0.139694213867188 -0.0949172973632813
-0.00872802734375 -0.0306034088134766 -0.171066284179688 0.08428955078125
-0.0151777267456055 -0.0131244659423828 0.05230712890625 0.213729858398438
-0.0328960418701172 -0.0294704437255859 0.18597412109375 0.0855560302734375
-0.0253391265869141 0.0129127502441406 0.113044738769531 -0.009796142578125
0.00164031982421875 0.0182304382324219 0.030059814453125 -0.00131988525390625
0.0128374099731445 -0.00453376770019531 0.00771713256835938 0.0402488708496094
0.000841617584228516 -0.00850677490234375 0.011505126953125 0.0780258178710938
-0.00130915641784668 -0.00265884399414063 0.0194931030273438 0.101699829101563
0.000816583633422852 -0.00395631790161133 -0.00164794921874998 0.163604736328125
0.00029987096786499 0.000617265701293945 -0.0932769775390625 0.20269775390625
0.00421237945556641 0.00805187225341797 -0.203582763671875 0.176544189453125
-0.0133571624755859 0.0132341384887695 -0.290802001953125 0.026214599609375
-0.0296173095703125 0.00203132629394532 -0.273330688476563 -0.198699951171875
-0.04449462890625 -0.0116462707519531 -0.159500122070313 -0.26593017578125
-0.0407638549804688 -0.0541419982910156 -0.03253173828125 -0.30157470703125
0.0719223022460938 0.0390090942382813 -0.170089721679688 0.065338134765625
0.0834426879882813 -0.0035552978515625 0.0364532470703125 0.19732666015625
0.0359878540039063 -0.0981292724609375 0.172470092773438 0.0971221923828125
-0.0471954345703125 -0.0692176818847656 0.117454528808594 0.00733947753906249
-0.0687103271484375 -0.00850296020507813 0.0462837219238281 -0.00225067138671875
-0.0454139709472656 0.0371742248535156 0.0124111175537109 0.0340919494628906
-0.0187110900878906 0.0473175048828125 0.0123748779296875 0.0710220336914063
-0.016937255859375 0.0402259826660156 0.0203475952148438 0.095458984375
-0.0129356384277344 0.0447654724121094 -0.00274658203124999 0.158935546875
-0.0266380310058594 0.0400581359863281 -0.08697509765625 0.202972412109375
-0.0420989990234375 0.0232925415039062 -0.196121215820313 0.1771240234375
-0.0543975830078125 -0.0104751586914062 -0.28863525390625 0.0341796875
-0.0200233459472656 -0.0585479736328125 -0.278945922851563 -0.18255615234375
0.0213584899902344 -0.0449867248535156 -0.175933837890625 -0.265045166015625
0.0362739562988281 -0.0161781311035156 -0.041107177734375 -0.3148193359375
0.141265869140625 0.0935211181640625 -0.156600952148438 0.067138671875
0.165512084960937 -0.005859375 0.0175323486328125 0.178909301757813
0.0842132568359375 -0.161376953125 0.1468505859375 0.119964599609375
-0.0721282958984375 -0.132331848144531 0.134773254394531 0.0424957275390625
-0.126663208007813 -0.0259628295898438 0.0870285034179687 -0.0055389404296875
-0.091217041015625 0.073516845703125 0.0348892211914062 0.00766754150390626
-0.0356597900390625 0.0930557250976563 0.0156707763671875 0.0414505004882813
-0.0308380126953125 0.0779800415039063 0.016571044921875 0.0740280151367188
-0.02593994140625 0.0896759033203125 -0.00773620605468751 0.144760131835938
-0.0528640747070313 0.0761489868164063 -0.0843353271484375 0.191665649414062
-0.087615966796875 0.035858154296875 -0.19122314453125 0.163925170898438
-0.0948944091796875 -0.037139892578125 -0.28179931640625 0.0283203125000001
-0.00635528564453124 -0.119461059570313 -0.270416259765625 -0.177932739257812
0.0894927978515625 -0.0726699829101562 -0.171371459960938 -0.263015747070312
0.109039306640625 0.0244522094726563 -0.032073974609375 -0.310302734375
0.18792724609375 0.123077392578125 -0.133613586425781 0.0885467529296875
0.212966918945313 -0.0261383056640625 -0.0008087158203125 0.180191040039063
0.09625244140625 -0.205535888671875 0.133880615234375 0.157806396484375
-0.098052978515625 -0.159149169921875 0.17425537109375 0.0767669677734375
-0.159805297851562 -0.024444580078125 0.140411376953125 -0.0204010009765625
-0.112815856933594 0.0997161865234375 0.0636024475097656 -0.03533935546875
-0.0464096069335938 0.120933532714844 0.016845703125 -0.00468730926513671
-0.04205322265625 0.105453491210938 0.00992202758789063 0.0424766540527344
-0.0380935668945313 0.123977661132813 -0.015045166015625 0.117637634277344
-0.0795974731445313 0.105110168457031 -0.0831298828125 0.164154052734375
-0.131973266601563 0.0390853881835938 -0.183486938476563 0.131805419921875
-0.127571105957031 -0.07061767578125 -0.262863159179688 0.00613403320312503
0.0197906494140625 -0.172439575195313 -0.242385864257812 -0.177520751953125
0.154296875 -0.0845489501953125 -0.148147583007813 -0.257186889648438
0.164031982421875 0.0668487548828125 -0.00570678710937502 -0.288970947265625
0.2080078125 0.128021240234375 -0.104301452636719 0.125679016113281
0.21868896484375 -0.0458221435546875 -0.00164794921874999 0.203231811523437
0.081329345703125 -0.214431762695313 0.150177001953125 0.195968627929688
-0.109725952148438 -0.147979736328125 0.2294921875 0.089569091796875
-0.159332275390625 -0.01092529296875 0.189346313476562 -0.0517425537109375
-0.109939575195313 0.109970092773438 0.0856246948242188 -0.0890655517578125
-0.0483932495117187 0.128196716308594 0.0147972106933594 -0.0565567016601562
-0.0473861694335938 0.117271423339844 0.00118446350097656 0.00388598442077637
-0.04742431640625 0.14208984375 -0.021331787109375 0.0777359008789063
-0.104072570800781 0.117317199707031 -0.0771636962890625 0.118904113769531
-0.164169311523438 0.026702880859375 -0.1614990234375 0.08599853515625
-0.1392822265625 -0.109451293945313 -0.225082397460937 -0.0194091796875
0.0599822998046875 -0.201812744140625 -0.202194213867187 -0.168807983398438
0.203323364257813 -0.070556640625 -0.11712646484375 -0.241897583007813
0.1910400390625 0.104782104492188 0.0310821533203125 -0.25079345703125
0.198745727539063 0.114181518554687 -0.0675506591796875 0.171981811523438
0.192214965820313 -0.048980712890625 0.0230255126953125 0.235702514648438
0.060516357421875 -0.184280395507813 0.187698364257812 0.211456298828125
-0.0969619750976563 -0.115097045898437 0.279571533203125 0.0717620849609375
-0.131431579589844 0.000366210937500001 0.220123291015625 -0.092010498046875
-0.0907821655273438 0.0995330810546875 0.0963363647460937 -0.139717102050781
-0.0457077026367188 0.114059448242188 0.00932312011718749 -0.103309631347656
-0.047515869140625 0.111167907714844 -0.00629043579101563 -0.0335922241210937
-0.0541915893554687 0.139915466308594 -0.0236644744873047 0.0295886993408203
-0.119117736816406 0.108154296875 -0.0615653991699219 0.0626945495605469
-0.169662475585938 0.00054931640625003 -0.122726440429688 0.0383148193359375
-0.116561889648438 -0.139289855957031 -0.171401977539063 -0.0318450927734375
0.10400390625 -0.190383911132813 -0.1661376953125 -0.14447021484375
0.220123291015625 -0.03192138671875 -0.09283447265625 -0.220428466796875
0.182876586914063 0.130218505859375 0.07012939453125 -0.201583862304688
0.16290283203125 0.0880126953125 -0.0256805419921875 0.21868896484375
0.146713256835938 -0.0351409912109375 0.06646728515625 0.259124755859375
0.0461807250976563 -0.132682800292969 0.226821899414063 0.202957153320313
-0.0656280517578125 -0.0790634155273438 0.308502197265625 0.03814697265625
-0.087982177734375 0.00228118896484376 0.228927612304688 -0.127944946289063
-0.0645904541015625 0.0725555419921875 0.0940704345703125 -0.177810668945313
-0.0393295288085938 0.0830459594726563 0.000488281249999987 -0.139488220214844
-0.04144287109375 0.0874099731445313 -0.0146980285644531 -0.0682373046875
-0.054290771484375 0.113883972167969 -0.0211505889892578 -0.0183982849121094
-0.112213134765625 0.07733154296875 -0.0366935729980469 0.00912857055664063
-0.137321472167969 -0.025970458984375 -0.0733795166015625 0.00720214843750001
-0.0660476684570312 -0.13458251953125 -0.1229248046875 -0.0213699340820313
0.123779296875 -0.132919311523438 -0.154891967773438 -0.112396240234375
0.189117431640625 0.0148773193359375 -0.083221435546875 -0.204605102539063
0.139961242675781 0.129470825195312 0.103851318359375 -0.14837646484375
0.104454040527344 0.052764892578125 0.0143280029296875 0.25726318359375
0.0937118530273438 -0.00652313232421875 0.11102294921875 0.271133422851563
0.0386276245117187 -0.074066162109375 0.253631591796875 0.180511474609375
-0.0271186828613281 -0.0460128784179688 0.319061279296875 0.005126953125
-0.0422401428222656 -0.00284576416015625 0.225234985351563 -0.150527954101563
-0.0380401611328125 0.0364303588867188 0.0863800048828125 -0.200668334960938
-0.0301437377929688 0.0421829223632812 -0.00805664062500001 -0.161651611328125
-0.0308151245117187 0.0511550903320313 -0.0209579467773438 -0.0918350219726563
-0.0440940856933594 0.0685539245605469 -0.0167922973632813 -0.0544166564941406
-0.0782241821289063 0.0348434448242187 -0.0134563446044922 -0.0285491943359375
-0.0742034912109375 -0.0344467163085937 -0.0352973937988281 -0.00356674194335938
-0.013458251953125 -0.0872268676757813 -0.094879150390625 -0.00209045410156251
0.0976409912109375 -0.0548019409179688 -0.164077758789063 -0.0947113037109375
0.111976623535156 0.0428924560546875 -0.0786590576171875 -0.200653076171875
0.0723495483398438 0.095306396484375 0.129989624023438 -0.0986557006835938
-0.0100860595703125 -0.0299091339111328 -0.16412353515625 0.0859375
-0.0156612396240234 -0.0127935409545898 0.0589141845703125 0.20556640625
-0.0346431732177734 -0.026123046875 0.1842041015625 0.0764312744140625
-0.0239105224609375 0.0136165618896484 0.110214233398438 -0.0137481689453125
0.00335884094238281 0.0180301666259766 0.0297451019287109 -0.0023956298828125
0.0127277374267578 -0.00391006469726563 0.0105781555175781 0.0387077331542969
0.0014185905456543 -0.00754642486572266 0.015045166015625 0.0740509033203125
-0.0005950927734375 -0.00242185592651367 0.0211257934570312 0.0961380004882813
0.00153446197509766 -0.00332140922546387 0.00242614746093751 0.156341552734375
-0.000223040580749512 0.00127112865447998 -0.0849761962890625 0.197891235351563
0.00440025329589844 0.00759983062744141 -0.1915283203125 0.177154541015625
-0.011962890625 0.0133390426635742 -0.2840576171875 0.032989501953125
-0.0303153991699219 0.00238800048828126 -0.273056030273438 -0.187179565429687
-0.0439796447753906 -0.0101280212402344 -0.163482666015625 -0.255706787109375
-0.0415077209472656 -0.0529022216796875 -0.037628173828125 -0.295562744140625
0.0715866088867188 0.037506103515625 -0.1649169921875 0.0677490234375
0.0812530517578125 -0.00437164306640625 0.0422821044921875 0.188980102539063
0.0311813354492187 -0.0961837768554688 0.171859741210938 0.088043212890625
-0.0475120544433594 -0.0659255981445313 0.114860534667969 0.002593994140625
-0.0670356750488281 -0.00694656372070313 0.0457611083984375 -0.00383758544921875
-0.0426597595214844 0.0379180908203125 0.0154342651367187 0.0330810546875
-0.0158843994140625 0.0480690002441406 0.01531982421875 0.0674705505371094
-0.0141868591308594 0.0398712158203125 0.0213775634765625 0.0897979736328125
-0.0106315612792969 0.0441207885742188 0.000976562499999994 0.152801513671875
-0.024993896484375 0.039642333984375 -0.07879638671875 0.198501586914063
-0.0392379760742187 0.0237312316894531 -0.184661865234375 0.176651000976563
-0.0530319213867188 -0.00906753540039062 -0.280990600585938 0.040802001953125
-0.0227699279785156 -0.05706787109375 -0.277862548828125 -0.170913696289063
0.0195732116699219 -0.04443359375 -0.178848266601563 -0.2542724609375
0.0348567962646484 -0.0168972015380859 -0.047637939453125 -0.309600830078125
0.14013671875 0.0898895263671875 -0.151397705078125 0.069366455078125
0.162399291992188 -0.008819580078125 0.022247314453125 0.172149658203125
0.0763397216796875 -0.159027099609375 0.146820068359375 0.111053466796875
-0.07275390625 -0.127265930175781 0.132469177246094 0.0366363525390625
-0.123847961425781 -0.0226593017578125 0.0845565795898437 -0.0080413818359375
-0.0864639282226563 0.0748062133789062 0.036285400390625 0.00735855102539063
-0.0315933227539063 0.0928192138671875 0.0172119140625 0.0377960205078125
-0.027862548828125 0.0767059326171875 0.0177841186523437 0.0697059631347656
-0.0215911865234375 0.087860107421875 -0.00396728515625 0.13946533203125
-0.04888916015625 0.0754928588867188 -0.0772247314453125 0.187026977539063
-0.0832901000976562 0.0373153686523438 -0.180740356445312 0.164199829101563
-0.0930328369140625 -0.03375244140625 -0.274383544921875 0.03436279296875
-0.0109176635742188 -0.116676330566406 -0.269195556640625 -0.16766357421875
0.084716796875 -0.0727081298828125 -0.174713134765625 -0.2529296875
0.106727600097656 0.02239990234375 -0.0379638671875 -0.305633544921875
0.187393188476563 0.1180419921875 -0.128936767578125 0.0896530151367188
0.207931518554687 -0.0292816162109375 0.0041961669921875 0.172622680664063
0.0873870849609375 -0.20343017578125 0.135345458984375 0.14898681640625
-0.09912109375 -0.152847290039063 0.172271728515625 0.069580078125
-0.15576171875 -0.02032470703125 0.136848449707031 -0.0247726440429687
-0.106483459472656 0.100738525390625 0.0625648498535156 -0.0366401672363281
-0.0410003662109375 0.120223999023438 0.0171632766723633 -0.00661087036132812
-0.0377044677734375 0.103599548339844 0.0105628967285156 0.0388298034667969
-0.0313568115234375 0.1219482421875 -0.0112228393554687 0.113746643066406
-0.0737991333007813 0.104423522949219 -0.076690673828125 0.16021728515625
-0.125900268554688 0.0416183471679687 -0.1737060546875 0.133499145507812
-0.125907897949219 -0.0653610229492187 -0.257080078125 0.012176513671875
0.0132293701171875 -0.16876220703125 -0.242660522460937 -0.168441772460938
0.147125244140625 -0.085784912109375 -0.152069091796875 -0.248199462890625
0.1622314453125 0.0627288818359375 -0.01251220703125 -0.2841796875
0.20574951171875 0.122894287109375 -0.0997848510742187 0.125701904296875
0.213348388671875 -0.0480499267578125 0.00325012207031251 0.195907592773437
0.072357177734375 -0.211471557617187 0.151596069335937 0.185699462890625
-0.110763549804687 -0.142059326171875 0.22705078125 0.0805816650390625
-0.155166625976563 -0.00714111328124999 0.1845703125 -0.0570220947265625
-0.103195190429688 0.110366821289063 0.0836944580078125 -0.0892257690429688
-0.0430755615234375 0.127090454101562 0.01385498046875 -0.0560646057128906
-0.0431060791015625 0.114578247070313 0.00205183029174804 0.00256991386413575
-0.0409393310546875 0.139625549316406 -0.0182952880859375 0.0761566162109375
-0.097747802734375 0.118453979492188 -0.0715103149414063 0.115768432617188
-0.157943725585938 0.031524658203125 -0.154647827148438 0.087127685546875
-0.137840270996094 -0.104644775390625 -0.220733642578125 -0.0137481689453125
0.0525054931640625 -0.199600219726563 -0.202362060546875 -0.160507202148437
0.196807861328125 -0.0738983154296875 -0.121505737304687 -0.233688354492188
0.190383911132813 0.10028076171875 0.0240020751953125 -0.247467041015625
0.196731567382813 0.109695434570313 -0.0623321533203125 0.171112060546875
0.187454223632813 -0.0514678955078125 0.0281219482421875 0.227386474609375
0.052947998046875 -0.181854248046875 0.189468383789063 0.201278686523438
-0.096588134765625 -0.110099792480469 0.275314331054688 0.0617218017578125
-0.126602172851563 0.00227355957031249 0.212921142578125 -0.097076416015625
-0.084686279296875 0.099151611328125 0.0911865234375 -0.138847351074219
-0.0403671264648437 0.113044738769531 0.00703430175781249 -0.101249694824219
-0.0433120727539062 0.108558654785156 -0.00643539428710938 -0.0335445404052734
-0.048095703125 0.137550354003906 -0.0219211578369141 0.0294418334960938
-0.112693786621094 0.109397888183594 -0.0591201782226563 0.060882568359375
-0.164871215820313 0.00534057617187501 -0.118095397949219 0.0397720336914062
-0.117317199707031 -0.133987426757813 -0.168014526367188 -0.02764892578125
0.096649169921875 -0.189376831054687 -0.166275024414063 -0.13665771484375
0.214874267578125 -0.0357818603515625 -0.0976715087890625 -0.212722778320312
0.182373046875 0.125595092773438 0.06292724609375 -0.19866943359375
0.16119384765625 0.0843658447265625 -0.0200653076171875 0.2166748046875
0.143218994140625 -0.036285400390625 0.070709228515625 0.249771118164063
0.0404281616210937 -0.131126403808594 0.226852416992188 0.191604614257813
-0.0646286010742188 -0.0751419067382813 0.303619384765625 0.02825927734375
-0.084014892578125 0.00406646728515624 0.22052001953125 -0.131378173828125
-0.0601882934570312 0.0721206665039063 0.0886077880859375 -0.174942016601563
-0.0357208251953125 0.0829620361328125 -0.00241088867187501 -0.135017395019531
-0.0379867553710938 0.0858154296875 -0.0141639709472656 -0.0650711059570313
-0.04852294921875 0.112434387207031 -0.0213546752929688 -0.0169734954833984
-0.1075439453125 0.078765869140625 -0.0365180969238281 0.00830841064453125
-0.134552001953125 -0.0217208862304687 -0.0713043212890625 0.00758361816406249
-0.0676345825195312 -0.130561828613281 -0.11944580078125 -0.0187759399414063
0.118003845214844 -0.133613586425781 -0.154541015625 -0.104949951171875
0.186386108398437 0.0107421875 -0.0884857177734375 -0.197952270507812
0.140495300292969 0.126167297363281 0.0975189208984375 -0.147308349609375
0.103195190429688 0.0515975952148438 0.0196533203125 0.253387451171875
0.0918807983398438 -0.00807952880859375 0.11553955078125 0.260482788085938
0.03521728515625 -0.0735855102539063 0.2530517578125 0.169525146484375
-0.0265045166015625 -0.0445518493652344 0.31121826171875 -0.0040283203125
-0.0402908325195313 -0.00215148925781251 0.21563720703125 -0.15264892578125
-0.0351715087890625 0.0360984802246094 0.0802764892578125 -0.19708251953125
-0.0286369323730469 0.0430755615234375 -0.0113677978515625 -0.156005859375
-0.0289306640625 0.0508575439453125 -0.02130126953125 -0.0880279541015625
-0.040252685546875 0.0681838989257813 -0.0168266296386719 -0.0524864196777344
-0.075592041015625 0.0365447998046875 -0.0143756866455078 -0.0295124053955078
-0.072967529296875 -0.032196044921875 -0.0339527130126953 -0.00310897827148437
-0.0147628784179688 -0.08624267578125 -0.0925064086914063 0.000312805175781247
0.0941009521484375 -0.0562973022460938 -0.163497924804688 -0.0876922607421875
0.111351013183594 0.0405197143554688 -0.0840911865234375 -0.19390869140625
0.0738372802734375 0.0930252075195313 0.123970031738281 -0.0996246337890625
-0.0110397338867187 -0.0298194885253906 -0.162277221679687 0.0863494873046875
-0.0159444808959961 -0.0122232437133789 0.0615081787109375 0.202178955078125
-0.0363273620605469 -0.0238418579101563 0.185623168945313 0.0721893310546875
-0.0228595733642578 0.0140800476074219 0.109123229980469 -0.0158309936523438
0.0037994384765625 0.0167169570922852 0.0297775268554688 -0.00236701965332031
0.0122585296630859 -0.00335502624511719 0.0119514465332031 0.0378074645996094
0.0018620491027832 -0.00629568099975586 0.0166015625 0.071197509765625
0.000309944152832031 -0.00230956077575684 0.0208511352539063 0.0925369262695313
0.0021207332611084 -0.0026402473449707 0.0028839111328125 0.152313232421875
-0.000371336936950684 0.00133883953094482 -0.081878662109375 0.195510864257812
0.00503921508789062 0.00703573226928711 -0.187332153320313 0.176925659179688
-0.0122957229614258 0.0136404037475586 -0.282806396484375 0.03546142578125
-0.0320014953613281 0.00269508361816406 -0.275192260742187 -0.184158325195313
-0.044830322265625 -0.00947570800781249 -0.164947509765625 -0.2535400390625
-0.0421638488769531 -0.0528488159179688 -0.039276123046875 -0.297515869140625
0.071441650390625 0.0382614135742188 -0.163314819335938 0.06719970703125
0.0813980102539063 -0.00399017333984375 0.044769287109375 0.185134887695313
0.0293045043945313 -0.09503173828125 0.173065185546875 0.083526611328125
-0.0469436645507813 -0.0657272338867188 0.113815307617188 -4.5776367187504E-05
-0.06640625 -0.00770568847656251 0.0452461242675781 -0.0054168701171875
-0.0415687561035156 0.0391960144042969 0.0171680450439453 0.0321331024169922
-0.014251708984375 0.0482673645019531 0.0169715881347656 0.0648651123046875
-0.0134124755859375 0.0393791198730469 0.0212326049804688 0.0863265991210938
-0.00902175903320313 0.0444183349609375 0.001861572265625 0.149368286132813
-0.0238838195800781 0.0398826599121094 -0.0765838623046875 0.196273803710938
-0.0375785827636719 0.02313232421875 -0.18048095703125 0.176773071289062
-0.0530052185058594 -0.00766372680664063 -0.28009033203125 0.042938232421875
-0.0252876281738281 -0.0568771362304688 -0.279815673828125 -0.168411254882813
0.0179443359375 -0.0435562133789063 -0.18096923828125 -0.252578735351563
0.0346717834472656 -0.0164775848388672 -0.04901123046875 -0.310760498046875
0.141311645507813 0.0911102294921875 -0.150314331054688 0.0697784423828125
0.162277221679688 -0.0087890625 0.0248260498046875 0.16748046875
0.074188232421875 -0.158828735351563 0.148696899414063 0.106796264648438
-0.072967529296875 -0.126235961914063 0.132133483886719 0.0342254638671875
-0.122810363769531 -0.0223846435546875 0.0844497680664062 -0.0093231201171875
-0.0843963623046875 0.0759201049804688 0.0380210876464844 0.006072998046875
-0.0290145874023438 0.0933914184570313 0.017822265625 0.0358428955078125
-0.0259933471679687 0.077056884765625 0.0177459716796875 0.066314697265625
-0.019012451171875 0.0874557495117188 -0.00278472900390626 0.1363525390625
-0.0467376708984375 0.0761260986328125 -0.074462890625 0.184844970703125
-0.08123779296875 0.0374069213867187 -0.177093505859375 0.164291381835937
-0.092437744140625 -0.032379150390625 -0.273773193359375 0.0363311767578125
-0.0129852294921875 -0.115516662597656 -0.270889282226563 -0.165069580078125
0.0827560424804688 -0.07269287109375 -0.176559448242188 -0.25115966796875
0.106224060058594 0.022735595703125 -0.039825439453125 -0.30615234375
0.187957763671875 0.1195068359375 -0.128005981445312 0.0901412963867188
0.208251953125 -0.0286102294921875 0.00531005859375001 0.16912841796875
0.0844573974609375 -0.202987670898437 0.13580322265625 0.14495849609375
-0.099609375 -0.151718139648438 0.172836303710938 0.0665740966796875
-0.154800415039063 -0.019195556640625 0.136329650878906 -0.0270767211914063
-0.103836059570313 0.102142333984375 0.0641288757324219 -0.0373077392578125
-0.0384979248046875 0.12066650390625 0.0170507431030273 -0.00800609588623046
-0.03570556640625 0.103012084960938 0.00997161865234374 0.0366668701171875
-0.0284194946289062 0.120475769042969 -0.00999450683593749 0.112045288085938
-0.071380615234375 0.105178833007812 -0.074737548828125 0.159011840820313
-0.123725891113281 0.0431442260742188 -0.17144775390625 0.132919311523438
-0.125411987304687 -0.0642929077148438 -0.256027221679687 0.0140228271484375
0.0099945068359375 -0.168304443359375 -0.243911743164063 -0.166152954101562
0.145721435546875 -0.085357666015625 -0.154510498046875 -0.245925903320313
0.161956787109375 0.0633697509765625 -0.01470947265625 -0.2857666015625
0.207015991210938 0.124343872070313 -0.0985488891601563 0.127418518066406
0.21282958984375 -0.04815673828125 0.00466918945312503 0.192276000976562
0.0687408447265625 -0.210052490234375 0.152786254882813 0.182876586914063
-0.109931945800781 -0.140129089355469 0.227508544921875 0.076934814453125
-0.153457641601563 -0.00666809082031248 0.182846069335937 -0.05938720703125
-0.100608825683594 0.110160827636719 0.08404541015625 -0.0902481079101563
-0.0405960083007812 0.126968383789063 0.0138435363769531 -0.0568695068359375
-0.041351318359375 0.114395141601563 0.00205552577972412 0.00119733810424805
-0.0375213623046875 0.139144897460937 -0.0171279907226562 0.07464599609375
-0.0950698852539063 0.118850708007812 -0.070526123046875 0.115081787109375
-0.1561279296875 0.0329132080078125 -0.15301513671875 0.0866546630859375
-0.138763427734375 -0.102073669433594 -0.219863891601563 -0.0133056640625
0.049285888671875 -0.200180053710938 -0.202728271484375 -0.159011840820313
0.195938110351563 -0.0743865966796875 -0.124267578125 -0.23095703125
0.190567016601563 0.100784301757813 0.021881103515625 -0.248779296875
0.19732666015625 0.111221313476563 -0.061370849609375 0.1728515625
0.187210083007813 -0.0506439208984375 0.029388427734375 0.223968505859375
0.049530029296875 -0.181015014648438 0.190383911132813 0.197906494140625
-0.096466064453125 -0.108772277832031 0.275558471679688 0.0575408935546875
-0.124717712402344 0.00294494628906251 0.210159301757813 -0.0995025634765625
-0.0824356079101562 0.0989761352539063 0.09100341796875 -0.13922119140625
-0.0388107299804687 0.113082885742187 0.00606536865234375 -0.101188659667969
-0.0415573120117188 0.10723876953125 -0.00569915771484375 -0.0342311859130859
-0.0443801879882812 0.136489868164063 -0.0212554931640625 0.0295181274414063
-0.110122680664062 0.110893249511719 -0.0581512451171875 0.0603599548339844
-0.163314819335938 0.00685119628906251 -0.1170654296875 0.0393600463867188
-0.117973327636719 -0.132888793945313 -0.168045043945312 -0.02783203125
0.0941314697265625 -0.190811157226563 -0.1668701171875 -0.134429931640625
0.214736938476563 -0.0363006591796875 -0.101425170898437 -0.210342407226563
0.183700561523438 0.127273559570312 0.0605621337890625 -0.200531005859375
0.16033935546875 0.0847015380859375 -0.0193634033203125 0.218368530273438
0.143234252929687 -0.0356597900390625 0.0713653564453125 0.246627807617188
0.0381546020507813 -0.129730224609375 0.228012084960938 0.18804931640625
-0.0642242431640625 -0.0740737915039063 0.302398681640625 0.0247802734375
-0.0830459594726563 0.00338745117187501 0.218124389648438 -0.134262084960938
-0.058929443359375 0.0720596313476563 0.0873260498046875 -0.175384521484375
-0.033843994140625 0.0834274291992188 -0.00321960449218752 -0.134307861328125
-0.0373306274414063 0.0856475830078125 -0.0136642456054688 -0.0643119812011719
-0.0456771850585938 0.111869812011719 -0.0206928253173828 -0.0169353485107422
-0.104957580566406 0.0802536010742187 -0.0367927551269531 0.00749206542968751
-0.133552551269531 -0.0211257934570313 -0.0707473754882813 0.00662994384765625
-0.0682449340820312 -0.130783081054688 -0.11895751953125 -0.019134521484375
0.116622924804688 -0.134552001953125 -0.154998779296875 -0.102371215820312
0.186721801757813 0.010833740234375 -0.091766357421875 -0.195327758789062
0.141647338867187 0.126724243164063 0.0951690673828125 -0.147781372070313
0.102218627929688 0.052581787109375 0.0208740234375 0.254791259765625
0.0916290283203125 -0.00844573974609375 0.116104125976563 0.256622314453125
0.033447265625 -0.0732421875 0.254364013671875 0.166275024414063
-0.0259971618652344 -0.0445480346679688 0.311187744140625 -0.007720947265625
-0.0394096374511719 -0.0027008056640625 0.212661743164062 -0.155181884765625
-0.0350875854492188 0.03680419921875 0.078369140625 -0.19677734375
-0.029022216796875 0.0436019897460938 -0.01202392578125 -0.153900146484375
-0.0278282165527344 0.0498847961425781 -0.0204010009765625 -0.086212158203125
-0.0380134582519531 0.0681991577148438 -0.0174522399902344 -0.0515899658203125
-0.0746383666992188 0.0383453369140625 -0.015594482421875 -0.0290489196777344
-0.0729598999023438 -0.032257080078125 -0.0330562591552734 -0.00506591796875001
-0.0149307250976562 -0.0864181518554687 -0.0910568237304688 0.000885009765624987
0.0942611694335938 -0.0567245483398438 -0.164016723632813 -0.085540771484375
0.112503051757812 0.04022216796875 -0.088714599609375 -0.192626953125
0.07415771484375 0.0938949584960938 0.122116088867188 -0.100502014160156
-0.0121555328369141 -0.0301322937011719 -0.16424560546875 0.0889739990234375
-0.016606330871582 -0.0119819641113281 0.06689453125 0.202667236328125
-0.0387802124023437 -0.0224876403808594 0.191543579101563 0.0687255859375
-0.022552490234375 0.0144100189208984 0.110847473144531 -0.01904296875
0.00484943389892578 0.0158071517944336 0.0304241180419922 -0.00270462036132812
0.0123367309570312 -0.00329875946044922 0.0147209167480469 0.0366249084472656
0.00285100936889648 -0.00557804107666016 0.0178375244140625 0.0705718994140625
0.00168347358703613 -0.00205814838409424 0.0215988159179688 0.0908203125
0.00336337089538574 -0.00237774848937988 0.00370788574218751 0.151565551757813
0.000189542770385742 0.00276899337768555 -0.079803466796875 0.197982788085938
0.005584716796875 0.00674533843994141 -0.18658447265625 0.182113647460937
-0.0129337310791016 0.0143566131591797 -0.2882080078125 0.0406799316406249
-0.0346183776855469 0.00342750549316406 -0.2845458984375 -0.18292236328125
-0.0457878112792969 -0.00873565673828124 -0.171539306640625 -0.25738525390625
-0.0438690185546875 -0.0540199279785156 -0.043060302734375 -0.305206298828125
0.0742034912109375 0.0390167236328125 -0.165863037109375 0.07025146484375
0.084320068359375 -0.0042266845703125 0.0497894287109375 0.185928344726563
0.027252197265625 -0.096160888671875 0.178253173828125 0.08038330078125
-0.0483016967773437 -0.0663795471191406 0.116226196289063 -0.00311279296875
-0.0672073364257813 -0.00746536254882812 0.0463371276855469 -0.00619125366210938
-0.0411949157714844 0.0413970947265625 0.0200557708740234 0.0318450927734375
-0.0128746032714844 0.0496902465820312 0.0180091857910156 0.0633506774902344
-0.0125961303710938 0.0402870178222656 0.0217056274414062 0.0849838256835938
-0.00759124755859375 0.0446624755859375 0.0027008056640625 0.149261474609375
-0.0231437683105469 0.0413017272949219 -0.074371337890625 0.199249267578125
-0.0373764038085938 0.0238723754882812 -0.179718017578125 0.181610107421875
-0.0539016723632813 -0.00630950927734375 -0.28521728515625 0.048248291015625
-0.0284423828125 -0.0568809509277344 -0.288970947265625 -0.167510986328125
0.017181396484375 -0.0440826416015625 -0.188690185546875 -0.254959106445312
0.0341167449951172 -0.0167560577392578 -0.052886962890625 -0.31903076171875
0.14654541015625 0.093017578125 -0.151885986328125 0.0718994140625
0.1666259765625 -0.00994873046875 0.0271759033203125 0.167892456054688
0.0727081298828125 -0.161941528320313 0.153411865234375 0.104141235351562
-0.0757369995117187 -0.128814697265625 0.135673522949219 0.0311660766601562
-0.125503540039063 -0.0222244262695313 0.0862045288085937 -0.0119705200195313
-0.0830078125 0.0783233642578125 0.0410919189453125 0.00457382202148438
-0.0265579223632813 0.0957565307617188 0.0179595947265625 0.034637451171875
-0.025054931640625 0.0783615112304688 0.0171051025390625 0.0650978088378906
-0.0165557861328125 0.0889663696289063 -0.00218963623046875 0.137153625488281
-0.0458984375 0.0781478881835938 -0.072967529296875 0.187286376953125
-0.0806427001953125 0.0388946533203125 -0.177383422851563 0.168609619140625
-0.0939102172851563 -0.03094482421875 -0.27996826171875 0.0402069091796875
-0.0172805786132812 -0.116836547851563 -0.279434204101563 -0.164596557617188
0.0829925537109375 -0.0742721557617188 -0.184829711914063 -0.25390625
0.108848571777344 0.0226364135742188 -0.04461669921875 -0.314788818359375
0.193939208984375 0.121810913085937 -0.128890991210938 0.0947341918945313
0.212875366210938 -0.0300750732421875 0.0076446533203125 0.169143676757812
0.0819854736328125 -0.20745849609375 0.141616821289062 0.143646240234375
-0.10296630859375 -0.153579711914063 0.176803588867188 0.063720703125
-0.157470703125 -0.0186767578125 0.137702941894531 -0.0301742553710937
-0.103218078613281 0.10565185546875 0.0667839050292969 -0.0394096374511719
-0.034881591796875 0.122940063476563 0.0175704956054687 -0.00960350036621093
-0.0347976684570313 0.104728698730469 0.00969696044921875 0.0355339050292969
-0.0258255004882812 0.122634887695313 -0.00917053222656251 0.113311767578125
-0.070159912109375 0.108200073242188 -0.072723388671875 0.161651611328125
-0.122962951660156 0.0453720092773437 -0.17193603515625 0.137664794921875
-0.128517150878906 -0.0633468627929687 -0.26239013671875 0.016571044921875
0.0062255859375 -0.171737670898438 -0.251953125 -0.167343139648437
0.147430419921875 -0.088165283203125 -0.162139892578125 -0.248794555664063
0.1671142578125 0.0649261474609375 -0.018829345703125 -0.293487548828125
0.213897705078125 0.126327514648438 -0.0985794067382812 0.132583618164063
0.217941284179687 -0.0498809814453125 0.005889892578125 0.193634033203125
0.066375732421875 -0.2142333984375 0.1580810546875 0.183074951171875
-0.114013671875 -0.142105102539062 0.233551025390625 0.073486328125
-0.155838012695313 -0.00633239746093753 0.18524169921875 -0.0641632080078125
-0.0992507934570313 0.11322021484375 0.0862350463867188 -0.0930862426757813
-0.0376129150390625 0.129547119140625 0.0135040283203125 -0.0586891174316406
-0.0404281616210937 0.116119384765625 0.00161170959472656 0.00142800807952882
-0.0345077514648438 0.140312194824219 -0.0167694091796875 0.0766677856445313
-0.093719482421875 0.122505187988281 -0.0705795288085938 0.117019653320313
-0.156967163085938 0.035888671875 -0.154678344726562 0.0906219482421875
-0.14227294921875 -0.1029052734375 -0.225357055664063 -0.0117645263671875
0.0460205078125 -0.20458984375 -0.210845947265625 -0.159881591796875
0.199462890625 -0.0769195556640625 -0.130935668945313 -0.234100341796875
0.19659423828125 0.103958129882813 0.0185394287109375 -0.255462646484375
0.2041015625 0.1143798828125 -0.0597686767578125 0.178939819335938
0.190505981445313 -0.0527801513671875 0.031036376953125 0.226303100585938
0.0474395751953125 -0.183929443359375 0.197616577148438 0.198455810546875
-0.0989761352539063 -0.109580993652344 0.281890869140625 0.053802490234375
-0.126441955566406 0.00343322753906248 0.212570190429688 -0.105422973632813
-0.0815963745117188 0.102523803710938 0.0922698974609375 -0.143463134765625
-0.0367813110351563 0.115890502929688 0.00486755371093749 -0.103439331054687
-0.041290283203125 0.109565734863281 -0.00676727294921876 -0.0349464416503906
-0.0413589477539062 0.138771057128906 -0.0209598541259766 0.0306167602539063
-0.109230041503906 0.1146240234375 -0.0590133666992188 0.061187744140625
-0.165130615234375 0.00949096679687503 -0.118560791015625 0.040191650390625
-0.121742248535156 -0.134757995605469 -0.172119140625 -0.0265655517578125
0.0927734375 -0.195419311523438 -0.1729736328125 -0.134719848632813
0.219696044921875 -0.0384521484375 -0.107559204101562 -0.212295532226563
0.190521240234375 0.129989624023438 0.0584869384765625 -0.205795288085938
0.165481567382813 0.0882110595703125 -0.016754150390625 0.224853515625
0.145462036132813 -0.0366058349609375 0.0748748779296875 0.249099731445312
0.0363922119140625 -0.13214111328125 0.235260009765625 0.1884765625
-0.06500244140625 -0.0744400024414062 0.309478759765625 0.018646240234375
-0.083648681640625 0.00351715087890626 0.219268798828125 -0.1400146484375
-0.0576324462890625 0.0738601684570313 0.08758544921875 -0.179580688476563
-0.0327835083007812 0.0860671997070312 -0.0052337646484375 -0.135108947753906
-0.03619384765625 0.0870437622070313 -0.0138359069824219 -0.0649833679199219
-0.0428695678710938 0.114059448242188 -0.0209426879882813 -0.0161113739013672
-0.104942321777344 0.0842514038085938 -0.0383377075195313 0.00717926025390626
-0.136398315429688 -0.0195770263671875 -0.0718612670898438 0.0064849853515625
-0.0711593627929688 -0.133934020996094 -0.121597290039062 -0.01837158203125
0.117706298828125 -0.138542175292969 -0.160720825195313 -0.102081298828125
0.190872192382813 0.01025390625 -0.098968505859375 -0.197311401367188
0.147247314453125 0.130569458007813 0.093475341796875 -0.152008056640625
0.104652404785156 0.0536117553710938 0.02392578125 0.262405395507812
0.0941848754882813 -0.00864410400390625 0.119613647460938 0.25921630859375
0.03253173828125 -0.0744705200195313 0.261810302734375 0.16571044921875
-0.025848388671875 -0.0453605651855469 0.3167724609375 -0.013336181640625
-0.0388374328613281 -0.00382995605468749 0.213790893554688 -0.161224365234375
-0.0339164733886719 0.0370941162109375 0.0786590576171875 -0.2000732421875
-0.0280647277832031 0.0453338623046875 -0.0138397216796875 -0.154586791992188
-0.0269050598144531 0.0518646240234375 -0.0204925537109375 -0.0867385864257813
-0.0365982055664063 0.0692634582519531 -0.0176239013671875 -0.0517005920410156
-0.0749130249023437 0.0404281616210937 -0.0169963836669922 -0.0304889678955078
-0.07464599609375 -0.032440185546875 -0.0339107513427734 -0.00531768798828125
-0.0157089233398438 -0.0890655517578125 -0.0924453735351563 0.00116729736328125
0.0952682495117188 -0.059295654296875 -0.169357299804688 -0.0831756591796875
0.116020202636719 0.0409698486328125 -0.0960845947265625 -0.193511962890625
0.07745361328125 0.0967254638671875 0.121772766113281 -0.103836059570312
-0.0134067535400391 -0.0309486389160156 -0.165634155273438 0.0955963134765625
-0.0175857543945312 -0.0119571685791016 0.07666015625 0.203811645507812
-0.0409049987792969 -0.0200042724609375 0.201019287109375 0.061767578125
-0.022247314453125 0.0154380798339844 0.112686157226563 -0.02459716796875
0.00520420074462891 0.0155010223388672 0.0317726135253906 -0.00382614135742187
0.0131149291992188 -0.00405120849609375 0.0181694030761719 0.0362014770507812
0.00359058380126953 -0.00558900833129883 0.020843505859375 0.0695533752441406
0.00206899642944336 -0.00280165672302246 0.0229949951171875 0.09051513671875
0.00414395332336426 -0.00324916839599609 0.0069732666015625 0.153182983398438
0.000681400299072266 0.00331830978393555 -0.074615478515625 0.20428466796875
0.00615406036376953 0.00631332397460938 -0.184356689453125 0.19146728515625
-0.0124416351318359 0.0161409378051758 -0.295623779296875 0.052093505859375
-0.0370368957519531 0.0053253173828125 -0.2999267578125 -0.1776123046875
-0.0478286743164063 -0.00715637207031249 -0.185821533203125 -0.258560180664062
-0.0474815368652344 -0.0537261962890625 -0.05450439453125 -0.31585693359375
0.0791854858398438 0.0384140014648438 -0.167266845703125 0.0772705078125
0.0872268676757813 -0.006195068359375 0.0573272705078125 0.187606811523438
0.0244903564453125 -0.0983047485351563 0.188522338867188 0.072845458984375
-0.05169677734375 -0.0671882629394531 0.119216918945313 -0.0083770751953125
-0.0697288513183594 -0.00703430175781252 0.0475120544433594 -0.00824356079101563
-0.0401840209960938 0.0435676574707031 0.0231266021728516 0.030242919921875
-0.00984573364257813 0.0518951416015625 0.0209465026855469 0.062225341796875
-0.0103263854980469 0.0414199829101563 0.022979736328125 0.0839157104492188
-0.00475311279296875 0.0456733703613281 0.00624084472656249 0.151168823242188
-0.0211944580078125 0.0437545776367187 -0.0694122314453125 0.205352783203125
-0.03668212890625 0.0255317687988281 -0.177505493164063 0.191513061523438
-0.05499267578125 -0.00368118286132813 -0.29327392578125 0.05950927734375
-0.0333061218261719 -0.0560150146484375 -0.304595947265625 -0.162139892578125
0.0160064697265625 -0.0450706481933594 -0.202804565429688 -0.25592041015625
0.0343799591064453 -0.0185470581054688 -0.0660400390625 -0.329559326171875
0.155654907226563 0.092742919921875 -0.153030395507813 0.0797271728515625
0.172836303710938 -0.0139007568359375 0.0335540771484375 0.169403076171875
0.0692138671875 -0.16815185546875 0.162017822265625 0.0991973876953125
-0.0823974609375 -0.129791259765625 0.140068054199219 0.0258865356445312
-0.130271911621094 -0.01995849609375 0.0881805419921875 -0.01544189453125
-0.0817642211914063 0.0842056274414062 0.0444221496582031 0.00208282470703126
-0.0219879150390625 0.0989837646484375 0.0204830169677734 0.0327472686767578
-0.0225448608398438 0.080657958984375 0.0184707641601563 0.0644416809082031
-0.0121383666992188 0.0898590087890625 0.0012664794921875 0.139236450195313
-0.04217529296875 0.0818023681640625 -0.067779541015625 0.193817138671875
-0.0797119140625 0.0427017211914063 -0.175430297851563 0.17828369140625
-0.096893310546875 -0.0275802612304688 -0.287261962890625 0.0513000488281251
-0.0243911743164062 -0.118202209472656 -0.294708251953125 -0.1593017578125
0.0828704833984375 -0.0772018432617188 -0.198944091796875 -0.25390625
0.112991333007812 0.0211181640625 -0.057647705078125 -0.32574462890625
0.206130981445313 0.121246337890625 -0.128128051757813 0.102218627929688
0.220199584960938 -0.035858154296875 0.0120086669921875 0.171920776367188
0.0774688720703125 -0.214675903320313 0.150314331054688 0.140838623046875
-0.110870361328125 -0.154556274414062 0.18438720703125 0.0585174560546875
-0.162689208984375 -0.015472412109375 0.141098022460938 -0.0364227294921875
-0.100990295410156 0.11187744140625 0.069366455078125 -0.0444450378417969
-0.0302352905273437 0.127769470214844 0.0178108215332031 -0.0115909576416016
-0.0316848754882813 0.108268737792969 0.0107517242431641 0.0346298217773438
-0.0203704833984375 0.125038146972656 -0.00629425048828126 0.11541748046875
-0.0662155151367188 0.113395690917969 -0.069000244140625 0.167144775390625
-0.124229431152344 0.0500259399414063 -0.170989990234375 0.146697998046875
-0.133552551269531 -0.060150146484375 -0.270782470703125 0.0266571044921875
-0.00167846679687499 -0.175857543945313 -0.266204833984375 -0.162216186523438
0.148712158203125 -0.094482421875 -0.17626953125 -0.249526977539062
0.1748046875 0.0633087158203125 -0.029510498046875 -0.304443359375
0.225860595703125 0.126785278320313 -0.0965118408203124 0.141525268554688
0.223587036132813 -0.05670166015625 0.0105438232421875 0.19781494140625
0.0608978271484375 -0.221282958984375 0.169357299804688 0.181472778320313
-0.122100830078125 -0.1424560546875 0.242691040039063 0.0665283203125
-0.160263061523438 -0.00292968749999997 0.188217163085938 -0.073211669921875
-0.0966415405273438 0.1195068359375 0.086883544921875 -0.0998077392578125
-0.0330657958984375 0.134254455566406 0.0113563537597656 -0.0611572265625
-0.0369796752929688 0.120162963867188 0.00162267684936523 0.000201344490051277
-0.0285797119140625 0.144943237304688 -0.0144119262695312 0.0786972045898438
-0.0889968872070312 0.129714965820313 -0.0678482055664062 0.122535705566406
-0.159439086914062 0.0422515869140625 -0.155792236328125 0.096466064453125
-0.149688720703125 -0.100906372070313 -0.234268188476563 -0.00473022460937498
0.039459228515625 -0.211563110351563 -0.2230224609375 -0.15631103515625
0.203109741210938 -0.0837554931640625 -0.144500732421875 -0.234954833984375
0.207382202148438 0.102447509765625 0.00939941406250003 -0.265777587890625
0.21441650390625 0.113113403320313 -0.055328369140625 0.188262939453125
0.195968627929687 -0.058197021484375 0.0370941162109375 0.230606079101562
0.041595458984375 -0.189346313476563 0.210052490234375 0.196502685546875
-0.104393005371094 -0.10955810546875 0.292694091796875 0.044342041015625
-0.128669738769531 0.00591278076171875 0.214340209960938 -0.116928100585938
-0.0781326293945313 0.106559753417969 0.0911407470703125 -0.151336669921875
-0.0321426391601563 0.120368957519531 0.00184631347656249 -0.105354309082031
-0.0380935668945313 0.113876342773438 -0.00692367553710938 -0.0347309112548828
-0.0363616943359375 0.142868041992188 -0.0201339721679688 0.0317840576171875
-0.1063232421875 0.122444152832031 -0.0590133666992188 0.0643310546875
-0.1690673828125 0.014739990234375 -0.121124267578125 0.0439224243164062
-0.129951477050781 -0.134658813476563 -0.178741455078125 -0.0224609375
0.0888824462890625 -0.2041015625 -0.18353271484375 -0.132308959960938
0.225860595703125 -0.0459442138671875 -0.120208740234375 -0.213272094726562
0.201812744140625 0.130203247070313 0.0516357421875 -0.2147216796875
0.173995971679688 0.0871124267578125 -0.00988769531249998 0.234878540039063
0.14959716796875 -0.0411376953125 0.08270263671875 0.253616333007813
0.0327835083007812 -0.135604858398438 0.249404907226563 0.185379028320313
-0.069000244140625 -0.0749893188476562 0.3189697265625 0.00827026367187499
-0.08465576171875 0.00437164306640623 0.22039794921875 -0.152175903320313
-0.0551910400390625 0.0773239135742188 0.0856781005859375 -0.188385009765625
-0.0302886962890625 0.0897064208984375 -0.009002685546875 -0.137603759765625
-0.0340499877929688 0.0907363891601563 -0.0151748657226563 -0.0653305053710937
-0.039215087890625 0.117599487304688 -0.0219364166259766 -0.015228271484375
-0.103385925292969 0.0912017822265625 -0.0400276184082031 0.0082550048828125
-0.140777587890625 -0.016265869140625 -0.0738449096679688 0.00758361816406249
-0.07708740234375 -0.135993957519531 -0.125755310058594 -0.0160598754882812
0.116790771484375 -0.146774291992188 -0.169692993164062 -0.0975189208984375
0.1990966796875 0.0052337646484375 -0.1112060546875 -0.197921752929688
0.157363891601563 0.132675170898438 0.090576171875 -0.160186767578125
0.110237121582031 0.0537567138671875 0.0338897705078125 0.272171020507812
0.0975189208984375 -0.0105514526367187 0.129486083984375 0.262130737304688
0.031494140625 -0.0770492553710938 0.275909423828125 0.16107177734375
-0.0272865295410156 -0.0459671020507813 0.3258056640625 -0.02593994140625
-0.0400543212890625 -0.00401687622070312 0.214141845703125 -0.173614501953125
-0.0332221984863281 0.0393867492675781 0.0744171142578125 -0.208786010742187
-0.026397705078125 0.0484085083007813 -0.019500732421875 -0.156417846679688
-0.0260047912597656 0.0538558959960937 -0.022186279296875 -0.0862884521484375
-0.0344696044921875 0.072052001953125 -0.0194091796875 -0.0523338317871094
-0.074554443359375 0.0456619262695312 -0.0198688507080078 -0.0311374664306641
-0.0784072875976563 -0.032501220703125 -0.0346527099609375 -0.00562286376953125
-0.0182952880859375 -0.0922470092773438 -0.09521484375 0.004364013671875
0.0963287353515625 -0.0635452270507813 -0.179489135742188 -0.0776519775390625
0.121475219726563 0.0404586791992188 -0.108139038085938 -0.1944580078125
0.0833206176757813 0.0991592407226563 0.120880126953125 -0.110374450683594
-0.0156269073486328 -0.0317935943603516 -0.162246704101563 0.10650634765625
-0.0180950164794922 -0.0108852386474609 0.0913238525390625 0.20098876953125
-0.0432319641113281 -0.0154685974121094 0.208755493164063 0.0478973388671875
-0.0220947265625 0.0171737670898438 0.112899780273438 -0.0327301025390625
0.00588226318359375 0.0146503448486328 0.032318115234375 -0.00600814819335937
0.0137042999267578 -0.00422191619873047 0.0213203430175781 0.0330963134765625
0.00423049926757813 -0.00571107864379883 0.0246467590332031 0.0668411254882813
0.00253558158874512 -0.0034639835357666 0.026092529296875 0.088470458984375
0.00415587425231934 -0.00375843048095703 0.01312255859375 0.1529541015625
0.00198197364807129 0.00422430038452148 -0.063995361328125 0.210174560546875
0.00659418106079102 0.00618314743041992 -0.174850463867187 0.203704833984375
-0.0117263793945312 0.0180263519287109 -0.29815673828125 0.070556640625
-0.0386238098144531 0.00926971435546875 -0.31689453125 -0.1627197265625
-0.0480918884277344 -0.00410842895507812 -0.203582763671875 -0.252716064453125
-0.0512886047363281 -0.0528640747070313 -0.073211669921875 -0.320343017578125
0.0831680297851563 0.03485107421875 -0.16546630859375 0.0872344970703125
0.0895462036132813 -0.010406494140625 0.0693359375 0.185440063476563
0.0192947387695313 -0.0998458862304688 0.196746826171875 0.0602569580078125
-0.0566177368164062 -0.0650787353515625 0.1199951171875 -0.0171356201171875
-0.0722732543945313 -0.00376892089843749 0.0478782653808594 -0.0114822387695313
-0.037445068359375 0.0467147827148437 0.0269412994384766 0.0274562835693359
-0.00615692138671875 0.0530662536621094 0.023895263671875 0.060302734375
-0.00761795043945312 0.0417556762695313 0.0258636474609375 0.0817642211914063
-0.00109100341796875 0.0452842712402344 0.0128326416015625 0.152084350585938
-0.0175361633300781 0.0455703735351562 -0.058502197265625 0.210296630859375
-0.0346279144287109 0.0276107788085938 -0.168365478515625 0.202499389648438
-0.0552291870117187 -0.000392913818359367 -0.295684814453125 0.07794189453125
-0.0386810302734375 -0.0527572631835938 -0.320465087890625 -0.14630126953125
0.0142173767089844 -0.0452003479003906 -0.22119140625 -0.248428344726562
0.0341320037841797 -0.0201168060302734 -0.085906982421875 -0.33441162109375
0.16485595703125 0.0864105224609375 -0.149826049804688 0.0902862548828125
0.176956176757813 -0.0220489501953125 0.0430450439453125 0.1683349609375
0.0616607666015625 -0.173309326171875 0.171478271484375 0.0877227783203125
-0.0906295776367188 -0.127861022949219 0.14361572265625 0.0169525146484375
-0.134750366210938 -0.0144271850585937 0.0882415771484375 -0.0214920043945312
-0.0773086547851562 0.0897979736328125 0.0469245910644531 -0.00170516967773437
-0.0155715942382812 0.101455688476563 0.0221691131591797 0.0309505462646484
-0.0176773071289062 0.0818023681640625 0.0206146240234375 0.0630226135253906
-0.00646972656250001 0.0907669067382812 0.00788879394531251 0.140266418457031
-0.0368881225585938 0.0854721069335938 -0.05767822265625 0.1993408203125
-0.0772628784179688 0.0471878051757813 -0.167755126953125 0.189987182617187
-0.0988006591796875 -0.0222244262695312 -0.290557861328125 0.0695190429687501
-0.0325469970703125 -0.116409301757812 -0.309417724609375 -0.1441650390625
0.0797653198242188 -0.08203125 -0.217315673828125 -0.247390747070313
0.116645812988281 0.016754150390625 -0.077362060546875 -0.330535888671875
0.217498779296875 0.113571166992188 -0.123344421386719 0.112014770507812
0.223281860351563 -0.0475616455078125 0.020660400390625 0.172607421875
0.0671539306640625 -0.221832275390625 0.16107177734375 0.1322021484375
-0.121749877929688 -0.151199340820312 0.190673828125 0.0478363037109375
-0.167404174804688 -0.00747680664062502 0.141204833984375 -0.0455322265625
-0.09429931640625 0.1190185546875 0.0700531005859375 -0.0508346557617187
-0.0215301513671875 0.130996704101563 0.0163669586181641 -0.0136852264404297
-0.0259475708007813 0.111000061035156 0.0111198425292969 0.0336933135986328
-0.0128402709960937 0.126556396484375 -0.000205993652343757 0.117759704589844
-0.0582199096679688 0.119071960449219 -0.06011962890625 0.173233032226562
-0.121299743652344 0.05755615234375 -0.166213989257813 0.157318115234375
-0.13787841796875 -0.0526123046875 -0.275070190429688 0.0434417724609375
-0.0125579833984375 -0.17633056640625 -0.281463623046875 -0.14971923828125
0.14697265625 -0.102218627929688 -0.194534301757813 -0.243515014648438
0.182693481445312 0.05633544921875 -0.048736572265625 -0.309814453125
0.238433837890625 0.117385864257813 -0.0880889892578125 0.150375366210938
0.22674560546875 -0.067718505859375 0.0205535888671875 0.199478149414063
0.0495758056640625 -0.227447509765625 0.182464599609375 0.172988891601562
-0.1314697265625 -0.138221740722656 0.250778198242188 0.0531158447265625
-0.163650512695313 0.00491333007812503 0.1871337890625 -0.086273193359375
-0.0900192260742188 0.126548767089844 0.0845947265625 -0.108192443847656
-0.0244979858398438 0.137840270996094 0.00802230834960937 -0.0632247924804687
-0.0310897827148438 0.123481750488281 0.00179445743560791 -0.000464558601379387
-0.019927978515625 0.146621704101563 -0.00992584228515626 0.0808029174804688
-0.08123779296875 0.137451171875 -0.0619430541992188 0.12774658203125
-0.157974243164062 0.0516815185546875 -0.153091430664062 0.106201171875
-0.157470703125 -0.0937652587890625 -0.239486694335938 0.00909423828125003
0.0275726318359375 -0.216354370117188 -0.2364501953125 -0.146026611328125
0.203369140625 -0.0959320068359375 -0.161224365234375 -0.230087280273438
0.21844482421875 0.0951690673828125 -0.00663757324218748 -0.272354125976563
0.225830078125 0.105056762695313 -0.043914794921875 0.196563720703125
0.197845458984375 -0.0686798095703125 0.0485992431640625 0.232742309570313
0.0327606201171875 -0.192794799804687 0.225173950195312 0.186874389648437
-0.111778259277344 -0.104377746582031 0.299957275390625 0.0274658203125
-0.130622863769531 0.0117416381835937 0.210922241210938 -0.131332397460938
-0.072021484375 0.112266540527344 0.0852508544921875 -0.160110473632813
-0.0254135131835937 0.124168395996094 -0.00355529785156249 -0.106666564941406
-0.0326614379882812 0.116935729980469 -0.00821495056152344 -0.0344905853271484
-0.0277252197265625 0.14569091796875 -0.0185146331787109 0.0345249176025391
-0.098602294921875 0.130744934082031 -0.0564002990722656 0.0683860778808594
-0.1700439453125 0.024627685546875 -0.121421813964844 0.05059814453125
-0.138916015625 -0.129806518554687 -0.1845703125 -0.013214111328125
0.0780029296875 -0.212295532226563 -0.194671630859375 -0.12225341796875
0.229049682617188 -0.057586669921875 -0.136123657226562 -0.209091186523438
0.214630126953125 0.12420654296875 0.03924560546875 -0.222152709960938
0.18206787109375 0.0811004638671875 0.0049591064453125 0.242080688476563
0.15191650390625 -0.0483856201171875 0.096832275390625 0.254180908203125
0.0263290405273438 -0.13824462890625 0.264694213867187 0.173721313476562
-0.073577880859375 -0.0723342895507813 0.324432373046875 -0.011260986328125
-0.0861358642578125 0.00786590576171875 0.214385986328125 -0.167144775390625
-0.050994873046875 0.0809326171875 0.0770416259765625 -0.196197509765625
-0.0248947143554688 0.0935287475585937 -0.0152511596679688 -0.138084411621094
-0.029937744140625 0.09326171875 -0.0172958374023438 -0.0644302368164063
-0.0323944091796875 0.119987487792969 -0.0222930908203125 -0.01348876953125
-0.0976028442382813 0.0988082885742187 -0.0408706665039063 0.0108146667480469
-0.143936157226563 -0.00906372070312501 -0.0751953125 0.010589599609375
-0.0857086181640625 -0.135032653808594 -0.129554748535156 -0.00949859619140628
0.11126708984375 -0.154861450195313 -0.179092407226563 -0.0875244140625
0.204498291015625 -0.0038909912109375 -0.127059936523438 -0.192581176757812
0.1689453125 0.128280639648438 0.081329345703125 -0.168777465820313
0.114982604980469 0.0511093139648438 0.05072021484375 0.277206420898438
0.0999679565429687 -0.0156097412109375 0.145538330078125 0.260833740234375
0.0280303955078125 -0.0782012939453125 0.291290283203125 0.1488037109375
-0.0299797058105469 -0.0450668334960937 0.329864501953125 -0.046356201171875
-0.0408592224121094 -0.00387191772460937 0.206146240234375 -0.18890380859375
-0.0309028625488281 0.0412750244140625 0.0644073486328125 -0.216217041015625
-0.0238418579101563 0.0520095825195312 -0.0268402099609375 -0.156051635742188
-0.0235710144042969 0.0558700561523438 -0.0242156982421875 -0.0847549438476563
-0.0297698974609375 0.0747756958007813 -0.0217971801757813 -0.0506134033203125
-0.0721206665039063 0.0512313842773437 -0.0220241546630859 -0.0302391052246094
-0.081695556640625 -0.02899169921875 -0.0357551574707031 -0.00560379028320313
-0.0234298706054688 -0.093597412109375 -0.096923828125 0.0098876953125
0.0955352783203125 -0.068939208984375 -0.188217163085938 -0.0656585693359375
0.1278076171875 0.0355453491210938 -0.124420166015625 -0.190292358398438
0.0917205810546875 0.0983352661132813 0.115585327148437 -0.119033813476563
-0.0179367065429688 -0.0315170288085938 -0.153076171875 0.113555908203125
-0.0183238983154297 -0.00917434692382812 0.102798461914063 0.191421508789063
-0.0433235168457031 -0.0115470886230469 0.21075439453125 0.0316162109375
-0.0208034515380859 0.0184268951416016 0.10943603515625 -0.0403900146484375
0.00580310821533203 0.0139541625976563 0.0318470001220703 -0.00791168212890625
0.0131607055664063 -0.00501441955566406 0.0237655639648438 0.0294227600097656
0.00484943389892578 -0.00542116165161133 0.0276641845703125 0.0626068115234375
0.00178694725036621 -0.00402951240539551 0.0286102294921875 0.0845565795898438
0.00437498092651367 -0.00465822219848633 0.019775390625 0.1492919921875
0.00317573547363281 0.00435376167297363 -0.051605224609375 0.209701538085938
0.00688314437866211 0.00561618804931641 -0.160873413085937 0.210235595703125
-0.0101165771484375 0.0194206237792969 -0.291168212890625 0.0886840820312499
-0.0386924743652344 0.0135345458984375 -0.323089599609375 -0.141937255859375
-0.047210693359375 -0.00125122070312501 -0.215652465820312 -0.237777709960938
-0.0546607971191406 -0.0495109558105469 -0.091217041015625 -0.315093994140625
0.0840682983398438 0.0293197631835938 -0.157135009765625 0.0955657958984375
0.0889663696289063 -0.0142669677734375 0.0796966552734375 0.1773681640625
0.0139541625976563 -0.0984573364257813 0.198837280273438 0.0443115234375
-0.0599441528320313 -0.0610389709472656 0.117378234863281 -0.0260009765625
-0.0733871459960937 0.000350952148437487 0.0464973449707031 -0.0146446228027344
-0.0336837768554688 0.0485954284667969 0.0290870666503906 0.0230827331542969
-0.00192642211914063 0.0529136657714844 0.0266799926757813 0.0561714172363281
-0.00542831420898437 0.0412445068359375 0.0280075073242188 0.0783233642578125
0.0019378662109375 0.04351806640625 0.0197601318359375 0.14794921875
-0.0130195617675781 0.0459747314453125 -0.045745849609375 0.209304809570313
-0.0314083099365234 0.0290012359619141 -0.15447998046875 0.208648681640625
-0.0532646179199219 0.00319671630859374 -0.28839111328125 0.09552001953125
-0.0416297912597656 -0.0478897094726563 -0.325927734375 -0.125701904296875
0.0119857788085938 -0.0448875427246094 -0.233718872070313 -0.233261108398438
0.0320549011230469 -0.0214138031005859 -0.10455322265625 -0.328033447265625
0.168792724609375 0.077117919921875 -0.1416015625 0.096832275390625
0.175384521484375 -0.030242919921875 0.0522308349609375 0.162384033203125
0.0518646240234375 -0.173965454101563 0.175521850585938 0.073486328125
-0.0975723266601563 -0.121147155761719 0.142120361328125 0.00723266601562499
-0.134635925292969 -0.005950927734375 0.0859298706054687 -0.0271377563476562
-0.070098876953125 0.0931625366210937 0.047454833984375 -0.00686264038085937
-0.00839996337890625 0.100975036621094 0.0230503082275391 0.0273532867431641
-0.0134506225585937 0.0811920166015625 0.0218505859375 0.0599822998046875
-0.000640869140625 0.0882186889648437 0.0153274536132813 0.137557983398437
-0.0290679931640625 0.0859603881835938 -0.0456695556640625 0.199066162109375
-0.0721282958984375 0.0501327514648437 -0.154525756835938 0.196609497070312
-0.097900390625 -0.0153656005859375 -0.283905029296875 0.086700439453125
-0.0393524169921875 -0.109909057617188 -0.315704345703125 -0.1240234375
0.0754776000976563 -0.0840530395507813 -0.229339599609375 -0.231781005859375
0.116386413574219 0.0110549926757813 -0.096099853515625 -0.3251953125
0.22308349609375 0.101226806640625 -0.113212585449219 0.117111206054688
0.221405029296875 -0.058197021484375 0.029998779296875 0.168380737304688
0.0543212890625 -0.222503662109375 0.16741943359375 0.119049072265625
-0.128753662109375 -0.142242431640625 0.191070556640625 0.034942626953125
-0.167083740234375 0.00187683105468747 0.136703491210938 -0.05413818359375
-0.0854110717773438 0.122322082519531 0.0671272277832031 -0.0560722351074219
-0.0129852294921875 0.13018798828125 0.0159053802490234 -0.016261100769043
-0.0189895629882812 0.110862731933594 0.0124092102050781 0.0320682525634766
-0.00435638427734374 0.123992919921875 0.00668334960937499 0.116317749023438
-0.048187255859375 0.119606018066406 -0.0491180419921875 0.173385620117188
-0.114845275878906 0.0636520385742188 -0.155014038085938 0.164535522460937
-0.137702941894531 -0.0439834594726563 -0.270965576171875 0.059356689453125
-0.0234527587890625 -0.171371459960938 -0.287811279296875 -0.13037109375
0.140304565429688 -0.108100891113281 -0.206939697265625 -0.229217529296875
0.1846923828125 0.0473480224609375 -0.0673828125 -0.305084228515625
0.243988037109375 0.104324340820313 -0.076202392578125 0.154052734375
0.222381591796875 -0.077972412109375 0.030670166015625 0.196258544921875
0.0369415283203125 -0.225570678710938 0.190582275390625 0.159759521484375
-0.136772155761719 -0.127960205078125 0.251220703125 0.036773681640625
-0.162384033203125 0.0139923095703125 0.180007934570313 -0.0965423583984375
-0.0801544189453125 0.129676818847656 0.0782241821289063 -0.113723754882812
-0.0155181884765625 0.137336730957031 0.00446319580078126 -0.0638198852539062
-0.0244979858398437 0.123321533203125 0.00187897682189941 -0.00104117393493652
-0.010833740234375 0.14434814453125 -0.00518035888671875 0.0812149047851563
-0.0697250366210938 0.139114379882813 -0.0538101196289063 0.128990173339844
-0.151611328125 0.059722900390625 -0.145721435546875 0.113021850585937
-0.159835815429688 -0.083709716796875 -0.237899780273438 0.0230865478515625
0.014129638671875 -0.2137451171875 -0.242828369140625 -0.129776000976562
0.197586059570313 -0.104736328125 -0.173660278320313 -0.216644287109375
0.223434448242188 0.084197998046875 -0.0236968994140625 -0.269760131835938
0.230224609375 0.0933380126953125 -0.0301971435546875 0.198776245117187
0.193771362304688 -0.07763671875 0.0608978271484375 0.229156494140625
0.0225677490234375 -0.191009521484375 0.234039306640625 0.171524047851563
-0.115776062011719 -0.0970458984375 0.2977294921875 0.00872802734374999
-0.129043579101563 0.0179901123046875 0.201004028320313 -0.143646240234375
-0.0632476806640625 0.113517761230469 0.0761260986328125 -0.164703369140625
-0.016632080078125 0.124130249023438 -0.0085906982421875 -0.104110717773438
-0.0257949829101562 0.117645263671875 -0.0082244873046875 -0.0338668823242187
-0.01837158203125 0.1435546875 -0.0151634216308594 0.0361518859863281
-0.0871047973632813 0.134635925292969 -0.0520706176757812 0.070526123046875
-0.16607666015625 0.033538818359375 -0.118064880371094 0.0559005737304687
-0.1451416015625 -0.1217041015625 -0.184280395507812 -0.00257873535156248
0.0659027099609375 -0.213088989257813 -0.2003173828125 -0.107666015625
0.225372314453125 -0.069000244140625 -0.147430419921875 -0.196060180664063
0.220993041992187 0.113372802734375 0.0239410400390625 -0.222198486328125
0.185928344726563 0.0715789794921875 0.020294189453125 0.241317749023438
0.149581909179688 -0.0551605224609375 0.108657836914063 0.24725341796875
0.0195236206054687 -0.135604858398438 0.273086547851562 0.15673828125
-0.0756759643554688 -0.0665740966796875 0.320770263671875 -0.03057861328125
-0.0847320556640625 0.01092529296875 0.201736450195313 -0.179656982421875
-0.0443344116210937 0.0815887451171875 0.0653839111328125 -0.198699951171875
-0.0177841186523438 0.0937271118164063 -0.0221939086914063 -0.134506225585938
-0.0242767333984375 0.0942153930664063 -0.0181846618652344 -0.0624008178710938
-0.0239410400390625 0.119361877441406 -0.0218486785888672 -0.0105266571044922
-0.089141845703125 0.103836059570312 -0.0400276184082031 0.0127983093261719
-0.142532348632813 -0.00132751464843749 -0.073883056640625 0.012847900390625
-0.092254638671875 -0.130210876464844 -0.128829956054688 -0.00167846679687504
0.101211547851563 -0.1590576171875 -0.183074951171875 -0.0730743408203125
0.204498291015625 -0.014129638671875 -0.138641357421875 -0.180267333984375
0.176422119140625 0.120361328125 0.0697021484375 -0.17120361328125
0.117767333984375 0.04534912109375 0.06756591796875 0.274093627929688
0.09979248046875 -0.0193710327148438 0.157928466796875 0.251449584960938
0.0237350463867187 -0.07720947265625 0.296661376953125 0.129852294921875
-0.0317306518554688 -0.0425758361816406 0.323516845703125 -0.06573486328125
-0.0409507751464844 -0.00197601318359375 0.192718505859375 -0.19927978515625
-0.0274085998535156 0.0421104431152344 0.0515899658203125 -0.217132568359375
-0.0192642211914063 0.0532302856445313 -0.033416748046875 -0.150619506835938
-0.0197525024414063 0.0566673278808594 -0.0260391235351562 -0.08172607421875
-0.0244598388671875 0.0752716064453125 -0.0233879089355469 -0.0474662780761719
-0.0668983459472656 0.0548362731933594 -0.0241641998291016 -0.0286178588867187
-0.0829238891601563 -0.0244522094726563 -0.0358390808105469 -0.00429534912109375
-0.027984619140625 -0.091552734375 -0.0945816040039063 0.0158233642578125
0.0919189453125 -0.073028564453125 -0.190261840820312 -0.0513763427734375
0.130447387695313 0.028778076171875 -0.136367797851563 -0.177841186523438
0.0972442626953125 0.0937347412109375 0.106193542480469 -0.123847961425781
-0.0204277038574219 -0.0302200317382813 -0.14508056640625 0.115066528320313
-0.0181045532226563 -0.00815010070800781 0.107421875 0.180877685546875
-0.0419425964355469 -0.00765228271484374 0.20697021484375 0.0198974609375
-0.0195751190185547 0.0194454193115234 0.103965759277344 -0.0450439453125
0.00510978698730469 0.0139970779418945 0.0306015014648437 -0.00931930541992188
0.012934684753418 -0.00473976135253906 0.0232925415039063 0.025634765625
0.0052952766418457 -0.00494241714477539 0.0283432006835938 0.0580024719238281
0.00194311141967773 -0.00329828262329102 0.0288848876953125 0.0798492431640625
0.00400733947753906 -0.0048985481262207 0.0225372314453125 0.14361572265625
0.00427508354187012 0.00410294532775879 -0.043212890625 0.203750610351562
0.00766563415527344 0.00504541397094727 -0.14935302734375 0.208602905273438
-0.00883293151855469 0.0198745727539063 -0.28094482421875 0.0970306396484376
-0.0382041931152344 0.015106201171875 -0.320281982421875 -0.126068115234375
-0.0449485778808594 -0.000183105468749994 -0.218154907226563 -0.224624633789062
-0.0554924011230469 -0.046905517578125 -0.09930419921875 -0.305450439453125
0.0829315185546875 0.0258712768554687 -0.148681640625 0.0972137451171875
0.0875778198242188 -0.0160293579101563 0.0844573974609375 0.168365478515625
0.01239013671875 -0.095123291015625 0.196182250976563 0.0328216552734375
-0.0602302551269531 -0.0574073791503906 0.112396240234375 -0.0307159423828125
-0.0728683471679688 0.00289916992187498 0.0445098876953125 -0.0159416198730469
-0.0303230285644531 0.0492477416992187 0.0293235778808594 0.0201568603515625
0.00136566162109375 0.0515022277832031 0.0268669128417969 0.0516624450683594
-0.00430679321289062 0.0403976440429688 0.0276641845703125 0.0739288330078125
0.00281906127929688 0.0415763854980469 0.0230255126953125 0.142959594726563
-0.009185791015625 0.0442314147949219 -0.0373382568359375 0.203659057617188
-0.0291805267333984 0.0285148620605469 -0.14404296875 0.207839965820313
-0.0508079528808594 0.00605010986328125 -0.27825927734375 0.10369873046875
-0.0425338745117188 -0.042877197265625 -0.3231201171875 -0.110382080078125
0.0111618041992188 -0.0440139770507813 -0.23577880859375 -0.220535278320312
0.0303707122802734 -0.0209770202636719 -0.112548828125 -0.3175048828125
0.167587280273438 0.0697174072265625 -0.13299560546875 0.0981597900390625
0.171966552734375 -0.034027099609375 0.0571441650390625 0.1551513671875
0.0464630126953125 -0.170684814453125 0.17340087890625 0.0617828369140625
-0.0986175537109375 -0.114517211914063 0.138076782226563 0.000625610351562493
-0.133270263671875 -0.00151062011718752 0.0822830200195312 -0.0296249389648437
-0.0639724731445313 0.093902587890625 0.0465354919433594 -0.0102119445800781
-0.00351715087890626 0.0976791381835938 0.0228767395019531 0.0243911743164063
-0.0100479125976563 0.0796966552734375 0.0220108032226563 0.0567092895507813
0.00227355957031249 0.0848007202148437 0.018646240234375 0.133819580078125
-0.0237655639648437 0.0832748413085938 -0.0368194580078125 0.194091796875
-0.0677261352539062 0.0504837036132813 -0.143798828125 0.195114135742187
-0.0942764282226563 -0.0117721557617188 -0.274795532226563 0.0956268310546875
-0.0419921875 -0.103652954101563 -0.31378173828125 -0.109161376953125
0.071563720703125 -0.0838165283203125 -0.232131958007813 -0.217544555664062
0.113800048828125 0.0085601806640625 -0.10552978515625 -0.314544677734375
0.221725463867188 0.0923919677734375 -0.10443115234375 0.117897033691406
0.216217041015625 -0.063018798828125 0.034912109375 0.162353515625
0.0476837158203125 -0.217971801757813 0.166778564453125 0.107437133789063
-0.129432678222656 -0.134162902832031 0.186782836914063 0.0265960693359375
-0.16375732421875 0.00750732421874999 0.1314697265625 -0.0579071044921875
-0.0774917602539062 0.122146606445313 0.0642509460449219 -0.0592079162597656
-0.00684356689453124 0.127052307128906 0.0143461227416992 -0.0175590515136719
-0.0153427124023437 0.10870361328125 0.0128650665283203 0.0298633575439453
-0.000213623046874994 0.119453430175781 0.0107498168945312 0.113479614257813
-0.04022216796875 0.116561889648438 -0.041473388671875 0.17010498046875
-0.108154296875 0.0655288696289063 -0.145767211914063 0.164993286132812
-0.134262084960938 -0.0379486083984375 -0.262939453125 0.06805419921875
-0.0281219482421875 -0.163818359375 -0.28521728515625 -0.115997314453125
0.134544372558594 -0.109298706054688 -0.210037231445313 -0.215469360351562
0.18182373046875 0.041839599609375 -0.077392578125 -0.29656982421875
0.24188232421875 0.0951690673828125 -0.066864013671875 0.152450561523438
0.216796875 -0.082366943359375 0.035552978515625 0.190078735351563
0.0298614501953125 -0.220840454101563 0.191314697265625 0.146896362304688
-0.136680603027344 -0.119361877441406 0.245574951171875 0.0270538330078125
-0.157730102539063 0.0189971923828125 0.171218872070313 -0.1009521484375
-0.0725250244140625 0.127784729003906 0.07305908203125 -0.115753173828125
-0.0090789794921875 0.134017944335938 0.00270462036132812 -0.0626754760742187
-0.0192413330078125 0.121055603027344 0.00218462944030762 -0.00131535530090331
-0.00533294677734374 0.138832092285156 3.05175781250045E-05 0.0794830322265625
-0.0603256225585937 0.136497497558594 -0.047760009765625 0.127265930175781
-0.144256591796875 0.0627288818359375 -0.138992309570313 0.114173889160156
-0.158157348632813 -0.076416015625 -0.231704711914063 0.0309600830078125
0.00704956054687501 -0.206924438476563 -0.241531372070312 -0.116592407226563
0.191360473632813 -0.107421875 -0.17706298828125 -0.204391479492188
0.220962524414062 0.076507568359375 -0.0334930419921875 -0.26287841796875
0.2275390625 0.085235595703125 -0.0204620361328125 0.194717407226563
0.188613891601563 -0.0805206298828125 0.06610107421875 0.221664428710938
0.0168914794921875 -0.185943603515625 0.234100341796875 0.158279418945313
-0.115203857421875 -0.0897140502929688 0.290557861328125 -0.00286865234375001
-0.125419616699219 0.0214004516601563 0.190261840820313 -0.146636962890625
-0.0561676025390625 0.112152099609375 0.0681915283203125 -0.16412353515625
-0.0109024047851563 0.121742248535156 -0.0114593505859375 -0.102073669433594
-0.0209808349609375 0.115554809570312 -0.00773811340332031 -0.0332469940185547
-0.0124435424804687 0.139762878417969 -0.0119209289550781 0.0357627868652344
-0.0782012939453125 0.133628845214844 -0.04827880859375 0.0709304809570313
-0.160247802734375 0.0382232666015625 -0.113960266113281 0.05743408203125
-0.144912719726563 -0.114486694335937 -0.180999755859375 0.00473022460937496
0.0580596923828125 -0.209060668945313 -0.198745727539063 -0.0963287353515625
0.220046997070313 -0.0736541748046875 -0.151611328125 -0.18377685546875
0.220809936523438 0.105758666992187 0.0141448974609375 -0.218170166015625
0.184219360351563 0.0647430419921875 0.0302734375 0.23602294921875
0.145584106445313 -0.05718994140625 0.114044189453125 0.238998413085938
0.0157928466796875 -0.131553649902344 0.271881103515625 0.142379760742187
-0.0745391845703125 -0.0622711181640625 0.311248779296875 -0.0421142578125
-0.0828018188476563 0.0132064819335938 0.189804077148438 -0.180816650390625
-0.03948974609375 0.0803985595703125 0.0569000244140625 -0.196868896484375
-0.0133590698242187 0.0928268432617188 -0.0244064331054688 -0.129661560058594
-0.0206451416015625 0.0924911499023438 -0.0174331665039063 -0.0604782104492188
-0.0194931030273437 0.115982055664063 -0.0197219848632813 -0.00955772399902343
-0.0809478759765625 0.103347778320313 -0.0383949279785156 0.0141944885253906
-0.139472961425781 0.003570556640625 -0.0724334716796875 0.0146331787109375
-0.0940170288085938 -0.1239013671875 -0.125877380371094 0.00351715087890622
0.0947723388671875 -0.158309936523438 -0.180587768554687 -0.061676025390625
0.20220947265625 -0.02008056640625 -0.142852783203125 -0.168548583984375
0.1771240234375 0.113372802734375 0.0603485107421875 -0.16815185546875
0.116432189941406 0.0416107177734375 0.077117919921875 0.266342163085937
0.0990753173828125 -0.0221099853515625 0.161880493164063 0.241806030273438
0.023162841796875 -0.0752639770507813 0.294677734375 0.11541748046875
-0.0313529968261719 -0.0406074523925781 0.31219482421875 -0.0758056640625
-0.0409088134765625 -0.00193023681640624 0.180465698242187 -0.2001953125
-0.0245361328125 0.0416717529296875 0.0423583984375 -0.212631225585937
-0.0163497924804688 0.0537796020507813 -0.0359954833984375 -0.144561767578125
-0.0176010131835937 0.056182861328125 -0.0251312255859375 -0.0786285400390625
-0.02154541015625 0.0728378295898438 -0.0228118896484375 -0.0449943542480469
-0.0610466003417969 0.0557937622070312 -0.0243854522705078 -0.0266399383544922
-0.0821762084960938 -0.0215530395507812 -0.0359954833984375 -0.00406265258789063
-0.029144287109375 -0.0894775390625 -0.0915374755859375 0.0196304321289062
0.0893096923828125 -0.0730361938476563 -0.188003540039062 -0.0390777587890625
0.130477905273438 0.0246810913085938 -0.140960693359375 -0.165390014648438
0.099090576171875 0.0898971557617188 0.0977706909179688 -0.123802185058594
-0.0213871002197266 -0.0293426513671875 -0.14080810546875 0.11236572265625
-0.0174350738525391 -0.00774669647216797 0.108505249023437 0.1748046875
-0.0404281616210938 -0.00682449340820313 0.203811645507813 0.0129241943359375
-0.0188274383544922 0.02008056640625 0.100372314453125 -0.0462188720703125
0.00416660308837891 0.0143938064575195 0.0295963287353516 -0.00913429260253906
0.0126304626464844 -0.00382137298583984 0.0223541259765625 0.0235118865966797
0.00620317459106445 -0.00497817993164063 0.0264091491699219 0.0543174743652344
0.0021514892578125 -0.00334787368774414 0.0258865356445312 0.0766143798828125
0.00339746475219727 -0.00469589233398438 0.0207748413085938 0.139694213867188
0.00514125823974609 0.00346612930297852 -0.041290283203125 0.198135375976563
0.0076594352722168 0.00483083724975586 -0.145050048828125 0.204925537109375
-0.00787544250488281 0.0201320648193359 -0.27569580078125 0.0988922119140625
-0.0371818542480469 0.0170402526855469 -0.3167724609375 -0.12042236328125
-0.0436820983886719 1.14440917968825E-05 -0.216445922851563 -0.218765258789063
-0.0550994873046875 -0.046142578125 -0.09906005859375 -0.30084228515625
0.0809326171875 0.0257186889648437 -0.144195556640625 0.09527587890625
0.087738037109375 -0.0158920288085938 0.085357666015625 0.163528442382813
0.0129241943359375 -0.0935211181640625 0.193161010742188 0.0253143310546875
-0.0591354370117187 -0.0556716918945313 0.108589172363281 -0.0327682495117188
-0.0721893310546875 0.00399780273437501 0.04248046875 -0.0161209106445313
-0.0286865234375 0.0489692687988281 0.0287380218505859 0.0170860290527344
0.00265884399414063 0.0500679016113281 0.0256614685058594 0.0483779907226563
-0.00397109985351563 0.0399208068847656 0.0253067016601563 0.0706405639648438
0.00330734252929687 0.040191650390625 0.0221710205078125 0.138618469238281
-0.00779342651367187 0.0425987243652344 -0.035430908203125 0.198089599609375
-0.0276947021484375 0.0276927947998047 -0.13970947265625 0.204238891601563
-0.0484580993652344 0.00661849975585937 -0.272384643554688 0.105636596679688
-0.0418701171875 -0.0393829345703125 -0.31866455078125 -0.10430908203125
0.01141357421875 -0.0429229736328125 -0.232620239257812 -0.213455200195312
0.0289173126220703 -0.0201988220214844 -0.1138916015625 -0.312347412109375
0.165328979492187 0.0687408447265625 -0.128204345703125 0.0967025756835937
0.171112060546875 -0.034088134765625 0.0572357177734375 0.150283813476563
0.045623779296875 -0.16851806640625 0.170364379882813 0.05523681640625
-0.0975112915039062 -0.111190795898437 0.134498596191406 -0.00209808349609376
-0.132347106933594 0.001190185546875 0.0802154541015625 -0.0306472778320313
-0.0605316162109375 0.0924835205078125 0.0454826354980469 -0.0130271911621094
-0.000961303710937495 0.0952529907226562 0.0213699340820313 0.0215663909912109
-0.00927734375 0.0785293579101563 0.0198631286621094 0.0537338256835938
0.00263214111328125 0.082366943359375 0.0194473266601563 0.130294799804688
-0.0209274291992188 0.0801544189453125 -0.0349578857421875 0.189117431640625
-0.0643310546875 0.0492286682128906 -0.139801025390625 0.192626953125
-0.0910415649414062 -0.0103302001953125 -0.268951416015625 0.09710693359375
-0.041229248046875 -0.0990142822265625 -0.308868408203125 -0.10333251953125
0.0705642700195313 -0.0821990966796875 -0.229202270507813 -0.2122802734375
0.111091613769531 0.0088348388671875 -0.105926513671875 -0.3096923828125
0.219314575195313 0.0901336669921875 -0.100395202636719 0.11553955078125
0.214431762695313 -0.062255859375 0.0355682373046875 0.158096313476563
0.0462646484375 -0.2147216796875 0.1639404296875 0.100921630859375
-0.127586364746094 -0.129981994628906 0.182571411132813 0.0233612060546875
-0.161102294921875 0.00949096679687498 0.127693176269531 -0.0587234497070313
-0.0730972290039063 0.120269775390625 0.0629844665527344 -0.0611648559570313
-0.00351715087890625 0.12335205078125 0.0133476257324219 -0.0188407897949219
-0.0143814086914062 0.107177734375 0.0112724304199219 0.0280551910400391
0.00146484375 0.115882873535156 0.0117416381835937 0.11065673828125
-0.0370254516601563 0.112533569335938 -0.039154052734375 0.16595458984375
-0.104179382324219 0.0639572143554688 -0.142333984375 0.162506103515625
-0.131614685058594 -0.0363006591796875 -0.2587890625 0.0708160400390625
-0.0277557373046875 -0.157562255859375 -0.2811279296875 -0.110687255859375
0.132614135742188 -0.107986450195313 -0.208099365234375 -0.2091064453125
0.178802490234375 0.0420379638671875 -0.078948974609375 -0.29180908203125
0.2388916015625 0.093109130859375 -0.062530517578125 0.150192260742188
0.214736938476562 -0.0821685791015625 0.0366363525390625 0.186660766601563
0.0296173095703125 -0.216567993164063 0.188919067382813 0.141128540039063
-0.133926391601563 -0.115707397460937 0.240570068359375 0.023284912109375
-0.155670166015625 0.0205078125 0.166549682617188 -0.100860595703125
-0.0676498413085937 0.125846862792969 0.0703887939453125 -0.115409851074219
-0.00539398193359376 0.131217956542969 0.00107574462890625 -0.0622787475585937
-0.0179443359375 0.119003295898437 0.00207698345184326 -0.00217068195343017
-0.00399017333984374 0.135711669921875 0.000488281250000006 0.0781478881835938
-0.0561676025390625 0.132194519042969 -0.045318603515625 0.124839782714844
-0.140380859375 0.0625686645507812 -0.136360168457031 0.113258361816406
-0.154617309570313 -0.0735015869140625 -0.228408813476563 0.033538818359375
0.006439208984375 -0.201858520507813 -0.238449096679688 -0.110885620117188
0.188018798828125 -0.107162475585938 -0.176544189453125 -0.196945190429687
0.21844482421875 0.07672119140625 -0.03704833984375 -0.25872802734375
0.225494384765625 0.083221435546875 -0.0160675048828125 0.191741943359375
0.186233520507812 -0.0796051025390625 0.066986083984375 0.217941284179687
0.0166168212890625 -0.180923461914062 0.231399536132813 0.151962280273438
-0.1114501953125 -0.087005615234375 0.28521728515625 -0.00592041015625001
-0.123313903808594 0.0224456787109375 0.18450927734375 -0.14593505859375
-0.052734375 0.109603881835938 0.06561279296875 -0.16290283203125
-0.0074615478515625 0.118560791015625 -0.0116653442382813 -0.100563049316406
-0.019561767578125 0.113777160644531 -0.00710487365722656 -0.0330848693847656
-0.0108261108398437 0.135940551757813 -0.00978469848632813 0.0356674194335938
-0.0734176635742188 0.129722595214844 -0.0464591979980469 0.0697135925292969
-0.1566162109375 0.0388336181640625 -0.112579345703125 0.0568695068359375
-0.142074584960938 -0.11138916015625 -0.177581787109375 0.00744628906250001
0.0560150146484375 -0.204940795898437 -0.195205688476563 -0.09014892578125
0.21807861328125 -0.0736236572265625 -0.151657104492187 -0.176162719726563
0.218978881835938 0.104522705078125 0.0106353759765625 -0.213851928710937
0.182373046875 0.064453125 0.033050537109375 0.231979370117187
0.14508056640625 -0.057342529296875 0.114303588867188 0.235458374023437
0.0166397094726563 -0.128547668457031 0.269149780273437 0.136932373046875
-0.0727767944335938 -0.0598526000976562 0.304229736328125 -0.044921875
-0.08184814453125 0.0130996704101563 0.1832275390625 -0.1798095703125
-0.0367050170898438 0.0787811279296875 0.0541229248046875 -0.193893432617188
-0.0104141235351562 0.0912628173828125 -0.024078369140625 -0.126312255859375
-0.0196990966796875 0.0918731689453125 -0.0152778625488281 -0.0597114562988281
-0.0176010131835938 0.1134033203125 -0.0177497863769531 -0.00887680053710937
-0.0771560668945313 0.101593017578125 -0.0375175476074219 0.0140609741210938
-0.137123107910156 0.00502777099609375 -0.0727310180664063 0.0135879516601563
-0.0929718017578125 -0.122039794921875 -0.123374938964844 0.00525665283203122
0.093994140625 -0.15496826171875 -0.177200317382813 -0.055633544921875
0.200180053710938 -0.0207061767578125 -0.14324951171875 -0.160598754882813
0.17645263671875 0.112091064453125 0.056182861328125 -0.165390014648437
0.1153564453125 0.042236328125 0.0789642333984375 0.262222290039063
0.0991439819335938 -0.0218734741210938 0.161285400390625 0.2379150390625
0.0228271484375 -0.0740280151367188 0.2921142578125 0.11077880859375
-0.02996826171875 -0.0389938354492188 0.305419921875 -0.078155517578125
-0.0409889221191406 -0.00136947631835937 0.174163818359375 -0.197677612304688
-0.02337646484375 0.041015625 0.0405120849609375 -0.208084106445313
-0.0138053894042969 0.0530509948730469 -0.034149169921875 -0.140625
-0.0170783996582031 0.0557708740234375 -0.022430419921875 -0.078216552734375
-0.02032470703125 0.071533203125 -0.0210037231445312 -0.0439186096191406
-0.0586090087890625 0.0548629760742188 -0.0241336822509766 -0.0257644653320312
-0.0811920166015625 -0.0205230712890625 -0.03619384765625 -0.00474166870117188
-0.0290451049804688 -0.089111328125 -0.0889968872070313 0.021148681640625
0.0889205932617188 -0.0712661743164063 -0.185043334960938 -0.032623291015625
0.130378723144531 0.0237197875976563 -0.141433715820313 -0.1580810546875
0.0984954833984375 0.0896072387695312 0.0930328369140625 -0.122032165527344
-0.0225105285644531 -0.0287227630615234 -0.141128540039063 0.1104736328125
-0.0167999267578125 -0.00737380981445313 0.1099853515625 0.174179077148438
-0.0389747619628906 -0.00693511962890626 0.205001831054688 0.0093994140625
-0.0179023742675781 0.0195446014404297 0.0999984741210938 -0.0478744506835938
0.00366687774658203 0.0151844024658203 0.02947998046875 -0.00941658020019531
0.013514518737793 -0.00284099578857422 0.0215072631835938 0.0226364135742188
0.00707006454467774 -0.00458908081054688 0.0236892700195313 0.0531120300292969
0.00288748741149902 -0.00317215919494629 0.0224075317382813 0.0761642456054688
0.00319623947143555 -0.00427746772766113 0.0183868408203125 0.139213562011719
0.00545597076416016 0.00275039672851563 -0.0435333251953125 0.197540283203125
0.00796937942504883 0.00462627410888672 -0.147109985351563 0.204620361328125
-0.00748252868652344 0.021087646484375 -0.277389526367188 0.0993804931640625
-0.0379714965820313 0.0184707641601563 -0.31927490234375 -0.1219482421875
-0.0437965393066406 -0.00168991088867188 -0.216552734375 -0.221786499023438
-0.0557708740234375 -0.0461578369140625 -0.097808837890625 -0.30535888671875
0.0810012817382813 0.0274505615234375 -0.144302368164063 0.0938262939453125
0.0898361206054687 -0.0143585205078125 0.08648681640625 0.162887573242188
0.014129638671875 -0.0939788818359375 0.194015502929688 0.0218505859375
-0.0581283569335938 -0.0565414428710938 0.107513427734375 -0.0335540771484375
-0.0735015869140625 0.00527191162109376 0.0430717468261719 -0.0167274475097656
-0.0281639099121094 0.0497169494628906 0.0285968780517578 0.0153446197509766
0.00405502319335937 0.0498580932617187 0.0230827331542969 0.0475387573242187
-0.00366973876953125 0.0401954650878906 0.0220680236816406 0.0698585510253906
0.00269699096679688 0.0407638549804688 0.0197601318359375 0.139457702636719
-0.00720596313476563 0.0410194396972656 -0.0370025634765625 0.197555541992187
-0.0272922515869141 0.0267448425292969 -0.14068603515625 0.204071044921875
-0.0473670959472656 0.00674819946289063 -0.274734497070313 0.106597900390625
-0.04052734375 -0.0374641418457031 -0.32037353515625 -0.106292724609375
0.0122413635253906 -0.0439643859863281 -0.233352661132813 -0.216415405273437
0.0284290313720703 -0.0190563201904297 -0.112091064453125 -0.316802978515625
0.166412353515625 0.0714263916015625 -0.127960205078125 0.0948104858398438
0.175384521484375 -0.03216552734375 0.0585784912109375 0.150588989257813
0.0475311279296875 -0.169662475585938 0.170547485351563 0.05181884765625
-0.0963363647460937 -0.113113403320313 0.133735656738281 -0.00241088867187501
-0.133590698242188 0.00165557861328125 0.0804672241210937 -0.0298385620117188
-0.0599822998046875 0.0927047729492188 0.0460433959960937 -0.0146331787109375
0.000244140624999989 0.0954437255859375 0.0194358825683594 0.0201473236083984
-0.00951385498046876 0.0790176391601562 0.0166549682617187 0.0525169372558594
0.00151824951171876 0.0829010009765625 0.017913818359375 0.130470275878906
-0.0201873779296875 0.0783462524414063 -0.03570556640625 0.189254760742188
-0.0640373229980469 0.048370361328125 -0.141693115234375 0.193008422851563
-0.0898666381835938 -0.0103607177734375 -0.272689819335938 0.0980224609375
-0.0404129028320312 -0.0973968505859375 -0.310638427734375 -0.105316162109375
0.0719833374023438 -0.0828628540039063 -0.229721069335938 -0.21343994140625
0.11163330078125 0.0117950439453125 -0.105133056640625 -0.313934326171875
0.220352172851563 0.093719482421875 -0.0999221801757812 0.114936828613281
0.218673706054688 -0.06005859375 0.0355987548828125 0.158279418945313
0.049102783203125 -0.215057373046875 0.164138793945313 0.0987548828125
-0.127128601074219 -0.131462097167969 0.182418823242188 0.0244903564453125
-0.163406372070313 0.00987243652343752 0.127716064453125 -0.05865478515625
-0.0722274780273438 0.119911193847656 0.0635032653808594 -0.0624885559082031
-0.00235748291015626 0.122657775878906 0.0118293762207031 -0.0200786590576172
-0.0145492553710938 0.107658386230469 0.00973510742187499 0.0273342132568359
-0.000228881835937491 0.116195678710938 0.0113983154296875 0.110458374023438
-0.0365829467773438 0.11041259765625 -0.039337158203125 0.166061401367188
-0.103843688964844 0.06292724609375 -0.144317626953125 0.162612915039063
-0.130332946777344 -0.0375289916992187 -0.26171875 0.071044921875
-0.0264129638671875 -0.156997680664063 -0.282623291015625 -0.1119384765625
0.135330200195313 -0.10772705078125 -0.208343505859375 -0.21051025390625
0.179916381835938 0.0464019775390625 -0.078338623046875 -0.295745849609375
0.240386962890625 0.0972900390625 -0.062347412109375 0.149612426757813
0.218841552734375 -0.079925537109375 0.03582763671875 0.187301635742188
0.0316314697265625 -0.217864990234375 0.188507080078125 0.140380859375
-0.132362365722656 -0.11627197265625 0.241348266601563 0.0231781005859375
-0.156539916992188 0.0204925537109375 0.16748046875 -0.100875854492188
-0.0667800903320312 0.124137878417969 0.0714035034179687 -0.117218017578125
-0.00421142578125 0.130805969238281 0.000846862792968753 -0.063262939453125
-0.018035888671875 0.120140075683594 0.00120973587036133 -0.00337004661560058
-0.00511932373046875 0.135078430175781 0.0024261474609375 0.0773468017578125
-0.0555801391601563 0.131065368652344 -0.0459060668945312 0.124664306640625
-0.141265869140625 0.0619049072265625 -0.139091491699219 0.1129150390625
-0.1541748046875 -0.0749053955078125 -0.231002807617188 0.034088134765625
0.00909423828124998 -0.201141357421875 -0.238327026367187 -0.111068725585938
0.192047119140625 -0.106460571289062 -0.176498413085938 -0.197982788085938
0.22039794921875 0.081787109375 -0.0368804931640625 -0.26080322265625
0.227081298828125 0.08795166015625 -0.0161895751953125 0.192535400390625
0.190750122070312 -0.0784454345703125 0.06640625 0.22027587890625
0.020050048828125 -0.182388305664062 0.232528686523438 0.152511596679688
-0.109649658203125 -0.0875625610351563 0.286041259765625 -0.00512695312500001
-0.124618530273437 0.0221939086914062 0.1859130859375 -0.1461181640625
-0.0521316528320312 0.108680725097656 0.067169189453125 -0.16412353515625
-0.00621795654296875 0.118766784667969 -0.0114212036132813 -0.1009521484375
-0.0201950073242188 0.114212036132812 -0.00613021850585937 -0.0343723297119141
-0.0124130249023437 0.135810852050781 -0.008514404296875 0.0351028442382813
-0.07293701171875 0.128608703613281 -0.0467987060546875 0.0701446533203125
-0.156875610351563 0.03802490234375 -0.114517211914063 0.0564651489257812
-0.141891479492188 -0.1141357421875 -0.179641723632813 0.00695800781250002
0.0592498779296875 -0.205108642578125 -0.194107055664063 -0.089202880859375
0.221817016601563 -0.072296142578125 -0.15179443359375 -0.175567626953125
0.221145629882813 0.110137939453125 0.010101318359375 -0.214706420898438
0.183074951171875 0.0684814453125 0.0323028564453125 0.234115600585938
0.148208618164063 -0.05657958984375 0.114517211914062 0.239013671875
0.0188522338867187 -0.128807067871094 0.270599365234375 0.13800048828125
-0.0702323913574219 -0.0602149963378906 0.3060302734375 -0.04461669921875
-0.0815277099609375 0.0136337280273438 0.184814453125 -0.180145263671875
-0.0361251831054688 0.0773391723632813 0.05523681640625 -0.194442749023437
-0.0086822509765625 0.0909500122070313 -0.0229721069335937 -0.127525329589844
-0.0202484130859375 0.0923233032226562 -0.0136871337890625 -0.0616569519042969
-0.01873779296875 0.113327026367188 -0.0163822174072266 -0.00952625274658203
-0.0765609741210937 0.10028076171875 -0.0375289916992188 0.0145797729492188
-0.137611389160156 0.00355529785156251 -0.0739212036132813 0.013153076171875
-0.0918655395507813 -0.124504089355469 -0.124656677246094 0.00497436523437501
0.0982666015625 -0.15509033203125 -0.176971435546875 -0.053192138671875
0.204132080078125 -0.019378662109375 -0.14447021484375 -0.159439086914063
0.178054809570313 0.117538452148438 0.055572509765625 -0.166351318359375
0.116325378417969 0.045166015625 0.0785675048828125 0.265945434570313
0.101295471191406 -0.0215911865234375 0.161331176757812 0.242233276367187
0.0249252319335937 -0.0741424560546875 0.2938232421875 0.111572265625
-0.0292472839355469 -0.0392646789550781 0.3072509765625 -0.07757568359375
-0.0410385131835938 -0.00177764892578125 0.17578125 -0.197494506835938
-0.0225028991699219 0.0409202575683594 0.042205810546875 -0.207595825195313
-0.01214599609375 0.0535240173339844 -0.0325927734375 -0.140434265136719
-0.0168838500976563 0.0562171936035156 -0.0195236206054687 -0.0798416137695313
-0.020721435546875 0.0723648071289062 -0.018951416015625 -0.0447425842285156
-0.0586700439453125 0.0537681579589844 -0.0241603851318359 -0.0259246826171875
-0.0822296142578125 -0.0211181640625 -0.037139892578125 -0.0055999755859375
-0.0280303955078125 -0.0906600952148438 -0.0894927978515625 0.0213546752929687
0.0923309326171875 -0.070831298828125 -0.185531616210937 -0.0301055908203125
0.133224487304688 0.0251541137695313 -0.144134521484375 -0.156600952148437
0.0993270874023438 0.0932769775390625 0.0926666259765625 -0.121353149414062
-0.0236625671386719 -0.0289249420166016 -0.144760131835938 0.113662719726563
-0.0158548355102539 -0.00800132751464844 0.116348266601562 0.1767578125
-0.0409355163574219 -0.00725555419921875 0.211532592773438 0.0030364990234375
-0.0183753967285156 0.0203838348388672 0.101531982421875 -0.0507431030273438
0.00375938415527344 0.0171775817871094 0.0301799774169922 -0.00952720642089844
0.0151205062866211 -0.00212001800537109 0.0216064453125 0.0222759246826172
0.00844526290893555 -0.00517988204956055 0.02197265625 0.053466796875
0.0034337043762207 -0.00264692306518555 0.0193405151367187 0.0778656005859375
0.00341701507568359 -0.00355005264282227 0.0168304443359375 0.143264770507813
0.00569486618041992 0.00205802917480469 -0.0450439453125 0.201889038085938
0.00757312774658203 0.00369691848754883 -0.151611328125 0.211700439453125
-0.00692367553710938 0.0222625732421875 -0.287384033203125 0.105499267578125
-0.0390434265136719 0.0203666687011719 -0.331634521484375 -0.124664306640625
-0.04522705078125 -0.00276947021484375 -0.224411010742187 -0.228561401367188
-0.0584564208984375 -0.0479927062988281 -0.1014404296875 -0.31732177734375
0.08416748046875 0.0291900634765625 -0.1480712890625 0.0959014892578125
0.0956268310546875 -0.0155105590820312 0.091339111328125 0.16558837890625
0.0151214599609375 -0.0988616943359375 0.198928833007812 0.0159149169921875
-0.0605697631835937 -0.058563232421875 0.109359741210938 -0.035400390625
-0.0761184692382813 0.007049560546875 0.0438652038574219 -0.0168800354003906
-0.0277976989746094 0.0512466430664062 0.0288887023925781 0.0145606994628906
0.00577926635742187 0.0502967834472656 0.0212059020996094 0.047637939453125
-0.0028533935546875 0.0417976379394531 0.0189895629882813 0.0715484619140625
0.00270462036132812 0.0424346923828125 0.0191650390625 0.142562866210938
-0.0074462890625 0.0407791137695313 -0.038543701171875 0.202072143554688
-0.0274295806884766 0.0266151428222656 -0.1455078125 0.211395263671875
-0.0478172302246094 0.00715255737304687 -0.28436279296875 0.11383056640625
-0.0425224304199219 -0.0373497009277344 -0.332611083984375 -0.10772705078125
0.0120391845703125 -0.0457611083984375 -0.242340087890625 -0.222702026367187
0.0294113159179687 -0.0186004638671875 -0.116302490234375 -0.32940673828125
0.173629760742188 0.07476806640625 -0.131317138671875 0.0977096557617187
0.18426513671875 -0.033721923828125 0.0618743896484375 0.15283203125
0.0491790771484375 -0.177108764648438 0.174545288085938 0.0481109619140625
-0.0994949340820313 -0.116928100585937 0.136001586914063 -0.00238800048828126
-0.138740539550781 0.00372314453125002 0.0828094482421875 -0.0314788818359375
-0.0601882934570312 0.0956878662109375 0.0473670959472656 -0.0168113708496094
0.0021820068359375 0.097198486328125 0.0179576873779297 0.0210456848144531
-0.00890350341796876 0.08123779296875 0.0153579711914062 0.0539321899414063
0.00232696533203125 0.0845489501953125 0.017730712890625 0.133193969726562
-0.0206756591796875 0.0786895751953125 -0.0366058349609375 0.193572998046875
-0.0649986267089844 0.0481300354003906 -0.146377563476562 0.199951171875
-0.0910415649414063 -0.010955810546875 -0.281402587890625 0.10430908203125
-0.0404434204101562 -0.0983734130859375 -0.32171630859375 -0.106109619140625
0.0745391845703125 -0.0854263305664063 -0.238983154296875 -0.220779418945312
0.115501403808594 0.0142898559570313 -0.110687255859375 -0.325592041015625
0.2296142578125 0.09820556640625 -0.101905822753906 0.11810302734375
0.2286376953125 -0.06298828125 0.0383758544921875 0.16180419921875
0.050201416015625 -0.224502563476563 0.168121337890625 0.0978546142578125
-0.129898071289063 -0.13604736328125 0.18829345703125 0.0238189697265625
-0.168869018554687 0.0118865966796875 0.132286071777344 -0.0607528686523438
-0.0723190307617187 0.122909545898438 0.0651321411132813 -0.0662498474121094
-0.000404357910156241 0.125396728515625 0.00992012023925781 -0.0206699371337891
-0.0136566162109375 0.110725402832031 0.00785255432128906 0.0276470184326172
0.000541687011718759 0.119224548339844 0.01239013671875 0.113304138183594
-0.0368804931640625 0.112495422363281 -0.040130615234375 0.170501708984375
-0.106414794921875 0.0642471313476563 -0.149002075195313 0.169586181640625
-0.133293151855469 -0.0377273559570313 -0.2711181640625 0.07672119140625
-0.0263671875 -0.160369873046875 -0.293487548828125 -0.113800048828125
0.139846801757813 -0.111930847167969 -0.2166748046875 -0.21661376953125
0.186965942382813 0.050689697265625 -0.082733154296875 -0.306396484375
0.250411987304688 0.102340698242188 -0.0625 0.154632568359375
0.228591918945313 -0.0834197998046875 0.0379638671875 0.193161010742188
0.0330657958984375 -0.22564697265625 0.195068359375 0.141586303710938
-0.135429382324219 -0.120353698730469 0.249160766601563 0.0236358642578125
-0.162338256835938 0.0229644775390625 0.171875 -0.1051025390625
-0.0667572021484375 0.127296447753906 0.0730209350585937 -0.123008728027344
-0.00191497802734374 0.132492065429688 0.000316619873046873 -0.0654792785644531
-0.0177764892578125 0.123710632324219 0.000148057937622069 -0.00436282157897948
-0.00439453125 0.139259338378906 0.00270080566406249 0.0796279907226563
-0.0556411743164063 0.13299560546875 -0.0462188720703125 0.128517150878906
-0.144027709960937 0.0636138916015625 -0.144210815429688 0.118316650390625
-0.157943725585937 -0.07733154296875 -0.240020751953125 0.03753662109375
0.010223388671875 -0.206619262695313 -0.24603271484375 -0.113540649414063
0.19903564453125 -0.110549926757813 -0.183258056640625 -0.20281982421875
0.229537963867188 0.08746337890625 -0.039642333984375 -0.2698974609375
0.23590087890625 0.09228515625 -0.0155181884765625 0.198837280273438
0.199264526367188 -0.08154296875 0.070037841796875 0.227783203125
0.020965576171875 -0.18853759765625 0.240676879882813 0.155349731445313
-0.111495971679688 -0.090118408203125 0.296173095703125 -0.00665283203125001
-0.127716064453125 0.0244216918945312 0.190902709960938 -0.15185546875
-0.0517654418945313 0.110267639160156 0.0681304931640625 -0.170242309570312
-0.00447845458984375 0.12078857421875 -0.0124969482421875 -0.103958129882812
-0.019378662109375 0.118476867675781 -0.00666046142578125 -0.0363426208496094
-0.0115890502929688 0.140144348144531 -0.00720977783203125 0.0360603332519531
-0.073822021484375 0.130874633789063 -0.047882080078125 0.071533203125
-0.162185668945313 0.03955078125 -0.119308471679688 0.058349609375
-0.1473388671875 -0.118362426757812 -0.186492919921875 0.0091552734375
0.06304931640625 -0.211807250976563 -0.200225830078125 -0.0901641845703125
0.2310791015625 -0.074951171875 -0.158416748046875 -0.179473876953125
0.230072021484375 0.11773681640625 0.00827026367187501 -0.221954345703125
0.190383911132813 0.0725250244140625 0.0354766845703125 0.24249267578125
0.155029296875 -0.0580596923828125 0.120101928710938 0.24822998046875
0.0207977294921875 -0.133377075195313 0.280609130859375 0.139907836914063
-0.0707015991210938 -0.0616378784179688 0.316650390625 -0.047607421875
-0.084381103515625 0.0142288208007813 0.18927001953125 -0.1859130859375
-0.0357818603515625 0.078704833984375 0.0569000244140625 -0.200332641601562
-0.00717163085937499 0.0931777954101562 -0.0231704711914062 -0.130043029785156
-0.0198440551757813 0.0958251953125 -0.0132064819335937 -0.064788818359375
-0.0187149047851563 0.117660522460938 -0.0149173736572266 -0.010101318359375
-0.0772857666015625 0.102561950683594 -0.0389404296875 0.014862060546875
-0.14276123046875 0.00407409667968748 -0.0779571533203125 0.0130844116210938
-0.0955810546875 -0.130470275878906 -0.128982543945313 0.00720214843749999
0.102935791015625 -0.160598754882813 -0.180740356445313 -0.0517425537109375
0.212982177734375 -0.0201416015625 -0.151718139648438 -0.161026000976562
0.186126708984375 0.124359130859375 0.054595947265625 -0.171173095703125
0.120689392089844 0.0477981567382813 0.082000732421875 0.275955200195313
0.106651306152344 -0.02349853515625 0.168716430664063 0.251251220703125
0.0266647338867188 -0.0769119262695313 0.30487060546875 0.113189697265625
-0.0284461975097656 -0.0411453247070313 0.31707763671875 -0.0828857421875
-0.0428619384765625 -0.00135421752929687 0.179901123046875 -0.204574584960938
-0.0221824645996094 0.041534423828125 0.04296875 -0.213577270507813
-0.0108985900878906 0.05548095703125 -0.03289794921875 -0.144119262695313
-0.0164566040039062 0.0587997436523438 -0.0188217163085937 -0.0829010009765625
-0.0208587646484375 0.0746078491210938 -0.0182380676269531 -0.0467567443847656
-0.0593605041503906 0.0551528930664062 -0.0247230529785156 -0.0261974334716797
-0.0859451293945312 -0.0221786499023438 -0.0389900207519531 -0.00618743896484376
-0.0285263061523437 -0.0953369140625 -0.091552734375 0.0235748291015625
0.096771240234375 -0.0735321044921875 -0.191055297851562 -0.0260009765625
0.139823913574219 0.026214599609375 -0.151199340820313 -0.158065795898438
0.103958129882813 0.0990829467773438 0.0929107666015625 -0.124298095703125
-0.0257759094238281 -0.0294189453125 -0.14617919921875 0.121795654296875
-0.0150289535522461 -0.00891780853271485 0.128753662109375 0.177993774414063
-0.0428886413574219 -0.00696563720703125 0.219192504882813 -0.0091552734375
-0.0184688568115234 0.0211372375488281 0.102668762207031 -0.0575027465820312
0.00453567504882813 0.0189781188964844 0.0312538146972656 -0.0104408264160156
0.0170497894287109 -0.00244140625 0.0227489471435547 0.0215587615966797
0.00956249237060547 -0.00640678405761719 0.0220794677734375 0.0549430847167969
0.00436854362487793 -0.00272107124328613 0.0197219848632812 0.0808486938476563
0.00371885299682617 -0.00388741493225098 0.0195159912109375 0.14892578125
0.0054926872253418 0.00173854827880859 -0.04205322265625 0.210403442382813
0.00783824920654297 0.00320768356323242 -0.150924682617188 0.226226806640625
-0.00544357299804687 0.0231246948242188 -0.296630859375 0.121368408203125
-0.0406341552734375 0.0234107971191406 -0.353240966796875 -0.11822509765625
-0.0478897094726562 -0.00273132324218751 -0.24200439453125 -0.231658935546875
-0.0626640319824219 -0.0475845336914062 -0.11566162109375 -0.330078125
0.08978271484375 0.0282516479492188 -0.150802612304687 0.10382080078125
0.101982116699219 -0.019683837890625 0.10272216796875 0.167160034179688
0.0125274658203125 -0.104583740234375 0.205352783203125 0.00364685058593749
-0.0653495788574219 -0.0602645874023438 0.111679077148437 -0.0421676635742188
-0.080108642578125 0.0112686157226563 0.0454788208007812 -0.0183830261230469
-0.0254745483398437 0.0544967651367188 0.0305290222167969 0.0125446319580078
0.00834274291992187 0.051513671875 0.0209732055664063 0.0487937927246094
-0.00116348266601562 0.0433616638183594 0.0193939208984375 0.074066162109375
0.00447845458984375 0.0439224243164063 0.022918701171875 0.147552490234375
-0.00694656372070313 0.0414543151855469 -0.034149169921875 0.210861206054688
-0.0277671813964844 0.0274791717529297 -0.144866943359375 0.225784301757813
-0.04779052734375 0.00850296020507812 -0.292877197265625 0.130157470703125
-0.0440216064453125 -0.0356826782226563 -0.35308837890625 -0.101348876953125
0.0105133056640625 -0.0477027893066406 -0.260665893554688 -0.22528076171875
0.0292434692382812 -0.0185604095458984 -0.131866455078125 -0.343353271484375
0.183700561523438 0.0737762451171875 -0.132354736328125 0.104995727539062
0.194854736328125 -0.041961669921875 0.0705413818359375 0.155548095703125
0.04608154296875 -0.187667846679688 0.180984497070313 0.0385894775390625
-0.107627868652344 -0.119415283203125 0.140975952148438 -0.00808715820312501
-0.14501953125 0.00997924804687502 0.0860748291015625 -0.0356903076171875
-0.057586669921875 0.101394653320313 0.0488357543945313 -0.0207939147949219
0.006683349609375 0.0991592407226562 0.017242431640625 0.02093505859375
-0.00638580322265624 0.0849761962890625 0.0143203735351563 0.0560493469238281
0.0053558349609375 0.0878219604492188 0.0218429565429688 0.137901306152344
-0.0192108154296875 0.0804290771484375 -0.0320892333984375 0.2017822265625
-0.0664749145507813 0.0508956909179688 -0.1458740234375 0.213912963867187
-0.09368896484375 -0.00863647460937499 -0.2913818359375 0.1212158203125
-0.0441131591796875 -0.0994415283203125 -0.34039306640625 -0.09991455078125
0.0745315551757813 -0.0907516479492188 -0.257369995117188 -0.22308349609375
0.121444702148438 0.0139007568359375 -0.126434326171875 -0.33966064453125
0.244003295898437 0.0972137451171875 -0.100357055664062 0.125846862792969
0.24066162109375 -0.073638916015625 0.0463104248046875 0.16534423828125
0.0457916259765625 -0.236907958984375 0.17584228515625 0.0924835205078125
-0.139457702636719 -0.138771057128906 0.19677734375 0.01885986328125
-0.175430297851563 0.019683837890625 0.13616943359375 -0.0676422119140625
-0.0697479248046875 0.129173278808594 0.0658035278320313 -0.0738677978515625
0.00489044189453126 0.128822326660156 0.00831031799316406 -0.0214595794677734
-0.0107498168945313 0.115272521972656 0.00722885131835938 0.0288333892822266
0.00451660156250001 0.123039245605469 0.0164947509765625 0.116790771484375
-0.03460693359375 0.115455627441406 -0.036590576171875 0.177871704101563
-0.108131408691406 0.06951904296875 -0.151016235351562 0.182723999023438
-0.138427734375 -0.0359725952148438 -0.281158447265625 0.0914764404296875
-0.031280517578125 -0.165130615234375 -0.310821533203125 -0.109130859375
0.142684936523438 -0.120330810546875 -0.233612060546875 -0.219100952148438
0.197601318359375 0.05133056640625 -0.097412109375 -0.319122314453125
0.265121459960938 0.100433349609375 -0.0591888427734375 0.162643432617188
0.2381591796875 -0.094085693359375 0.0467071533203125 0.198638916015625
0.028350830078125 -0.2374267578125 0.20660400390625 0.138870239257812
-0.143783569335938 -0.121963500976562 0.260986328125 0.0169677734375
-0.167022705078125 0.030181884765625 0.176498413085938 -0.115585327148438
-0.0636749267578125 0.133102416992188 0.0721054077148438 -0.132194519042969
0.00368499755859375 0.135978698730469 -0.00373077392578125 -0.0677337646484375
-0.0138931274414063 0.12939453125 -0.000995397567749024 -0.0041666030883789
0.000656127929687499 0.14471435546875 0.00612640380859375 0.0820083618164063
-0.0541915893554688 0.138404846191406 -0.044281005859375 0.134910583496094
-0.147491455078125 0.0696563720703125 -0.147384643554688 0.129257202148438
-0.166946411132813 -0.0773468017578125 -0.250030517578125 0.04876708984375
0.00523376464843751 -0.215682983398438 -0.259902954101563 -0.10943603515625
0.205429077148438 -0.12066650390625 -0.19927978515625 -0.204757690429688
0.244003295898438 0.0887603759765625 -0.05224609375 -0.28125
0.250503540039063 0.0902252197265625 -0.00927734374999998 0.208786010742188
0.206451416015625 -0.0908966064453125 0.0811309814453125 0.235580444335938
0.0170135498046875 -0.198104858398438 0.255706787109375 0.151885986328125
-0.11724853515625 -0.0908966064453125 0.30908203125 -0.017578125
-0.131759643554687 0.0294647216796875 0.19354248046875 -0.164657592773438
-0.0489120483398438 0.114212036132813 0.065673828125 -0.180770874023438
0.00157928466796876 0.123886108398437 -0.0166549682617188 -0.106781005859375
-0.0161972045898437 0.123939514160156 -0.008056640625 -0.0379447937011719
-0.00761413574218751 0.145736694335937 -0.00577926635742188 0.0367927551269531
-0.0725555419921875 0.136955261230469 -0.0474853515625 0.0762710571289063
-0.16754150390625 0.045684814453125 -0.12432861328125 0.0655899047851562
-0.156997680664062 -0.120132446289063 -0.194473266601563 0.0164642333984375
0.061187744140625 -0.223358154296875 -0.210205078125 -0.0857696533203126
0.24017333984375 -0.0858917236328125 -0.1724853515625 -0.17999267578125
0.246795654296875 0.119476318359375 -0.00100708007812496 -0.231903076171875
0.2020263671875 0.0716552734375 0.044708251953125 0.25360107421875
0.161849975585938 -0.065673828125 0.133148193359375 0.256484985351563
0.0186996459960937 -0.140281677246094 0.297760009765625 0.135589599609375
-0.0738296508789063 -0.0634689331054687 0.327972412109375 -0.060882568359375
-0.0870819091796875 0.0178985595703125 0.191680908203125 -0.2001953125
-0.0331344604492187 0.0816497802734375 0.052703857421875 -0.210357666015625
-0.00226593017578125 0.095458984375 -0.0280838012695312 -0.134185791015625
-0.0164413452148438 0.0998458862304687 -0.0150375366210938 -0.0672340393066406
-0.0149002075195312 0.122947692871094 -0.0153102874755859 -0.010650634765625
-0.0768814086914063 0.107826232910156 -0.0403671264648438 0.01690673828125
-0.148971557617187 0.00854492187500003 -0.0825042724609375 0.0162277221679687
-0.103790283203125 -0.134651184082031 -0.134002685546875 0.0125198364257813
0.10479736328125 -0.172149658203125 -0.189865112304687 -0.044769287109375
0.22406005859375 -0.02728271484375 -0.164901733398438 -0.160675048828125
0.200592041015625 0.128494262695313 0.04931640625 -0.179611206054687
0.128875732421875 0.0477981567382813 0.094482421875 0.2877197265625
0.112022399902344 -0.0276870727539062 0.18585205078125 0.258285522460938
0.0267486572265625 -0.0809097290039063 0.322296142578125 0.10638427734375
-0.0301933288574219 -0.0415458679199219 0.326568603515625 -0.097747802734375
-0.0441932678222656 0.000408172607421867 0.180450439453125 -0.218582153320313
-0.0204315185546875 0.0426406860351563 0.0385894775390625 -0.223403930664063
-0.00760269165039063 0.0571517944335938 -0.0370635986328125 -0.1480712890625
-0.0139694213867187 0.061981201171875 -0.020843505859375 -0.08721923828125
-0.0189056396484375 0.0788803100585938 -0.0195426940917969 -0.0480270385742187
-0.0598220825195313 0.0580558776855469 -0.0268135070800781 -0.0266151428222656
-0.0904769897460937 -0.0209274291992188 -0.0427360534667969 -0.00579452514648437
-0.0324859619140625 -0.10101318359375 -0.0946578979492188 0.0284423828125
0.101531982421875 -0.0804367065429688 -0.19921875 -0.0176239013671875
0.147964477539063 0.02313232421875 -0.165542602539063 -0.156646728515625
0.11334228515625 0.102996826171875 0.0905838012695313 -0.1317138671875
-0.0290088653564453 -0.0287303924560547 -0.143142700195312 0.133285522460938
-0.0152082443237305 -0.0101528167724609 0.143844604492187 0.171630859375
-0.0455970764160156 -0.00484085083007812 0.221343994140625 -0.02777099609375
-0.0189609527587891 0.0225849151611328 0.100326538085937 -0.0665054321289062
0.00622367858886719 0.0204315185546875 0.0321388244628906 -0.0123062133789062
0.018310546875 -0.00341224670410156 0.0242252349853516 0.0196075439453125
0.0100803375244141 -0.00733375549316406 0.02313232421875 0.05517578125
0.00500679016113281 -0.00320148468017578 0.021942138671875 0.0829315185546875
0.004608154296875 -0.00335788726806641 0.0261993408203125 0.1519775390625
0.00536870956420898 0.00148105621337891 -0.032470703125 0.218765258789062
0.00725078582763672 0.00296688079833984 -0.14251708984375 0.241683959960938
-0.00330352783203125 0.0246257781982422 -0.297760009765625 0.144744873046875
-0.0400161743164063 0.0277214050292969 -0.373199462890625 -0.09930419921875
-0.0510482788085938 -0.000850677490234364 -0.263656616210938 -0.224563598632813
-0.06854248046875 -0.0442771911621094 -0.1380615234375 -0.336151123046875
0.0943756103515625 0.02520751953125 -0.148300170898438 0.114791870117187
0.105995178222656 -0.027984619140625 0.116302490234375 0.16326904296875
0.0057373046875 -0.109107971191406 0.208282470703125 -0.0136566162109375
-0.07110595703125 -0.0587005615234375 0.110771179199219 -0.0509109497070313
-0.0810546875 0.0177993774414063 0.0464439392089844 -0.0217857360839844
-0.0217247009277344 0.0568809509277344 0.0314502716064453 0.00990867614746094
0.0121803283691406 0.0511398315429688 0.0215225219726562 0.0495452880859375
0.00197219848632813 0.0444221496582031 0.020751953125 0.0763320922851562
0.00764846801757813 0.0448074340820312 0.0296478271484375 0.150588989257813
-0.00542831420898437 0.0418663024902344 -0.024566650390625 0.218292236328125
-0.0274906158447266 0.0292015075683594 -0.1357421875 0.241302490234375
-0.0475845336914062 0.0112266540527344 -0.293914794921875 0.153594970703125
-0.0468330383300781 -0.0326309204101562 -0.372344970703125 -0.082061767578125
0.00661087036132812 -0.0499267578125 -0.282989501953125 -0.216949462890625
0.0297584533691406 -0.0179710388183594 -0.156524658203125 -0.3486328125
0.1949462890625 0.0660858154296875 -0.129554748535156 0.114753723144531
0.20037841796875 -0.0559234619140625 0.082977294921875 0.153457641601562
0.0361480712890625 -0.19696044921875 0.184295654296875 0.0246734619140625
-0.118461608886719 -0.11749267578125 0.143707275390625 -0.01715087890625
-0.148345947265625 0.02044677734375 0.0865936279296875 -0.0415420532226563
-0.0514984130859375 0.106613159179688 0.0483551025390625 -0.0269317626953125
0.01263427734375 0.0996475219726563 0.0162754058837891 0.0209465026855469
-0.00189208984375 0.0869674682617188 0.0159988403320313 0.0584831237792969
0.0109405517578125 0.0898590087890625 0.0295562744140625 0.140357971191406
-0.0162734985351562 0.0825576782226563 -0.0226287841796875 0.208648681640625
-0.0651664733886719 0.0555076599121094 -0.1378173828125 0.230255126953125
-0.0956497192382813 -0.00442504882812502 -0.2923583984375 0.1448974609375
-0.0502395629882812 -0.098541259765625 -0.35931396484375 -0.0821228027343749
0.0713043212890625 -0.0969009399414063 -0.279159545898438 -0.215469360351562
0.127532958984375 0.0114517211914062 -0.150543212890625 -0.345245361328125
0.258163452148438 0.0870208740234375 -0.0945358276367187 0.134613037109375
0.244918823242187 -0.0908050537109375 0.0575714111328125 0.165756225585938
0.03277587890625 -0.24676513671875 0.182464599609375 0.081390380859375
-0.15093994140625 -0.13568115234375 0.20306396484375 0.00776672363281249
-0.178909301757812 0.0317535400390625 0.136566162109375 -0.0779190063476563
-0.0626602172851563 0.135116577148438 0.062957763671875 -0.08184814453125
0.0131607055664062 0.129470825195313 0.00616645812988281 -0.0217018127441406
-0.00402069091796874 0.118110656738281 0.00752449035644531 0.0298290252685547
0.01226806640625 0.126060485839844 0.0233535766601562 0.1185302734375
-0.0295486450195312 0.119148254394531 -0.0274505615234375 0.184585571289062
-0.106704711914063 0.0767288208007813 -0.144943237304687 0.198410034179688
-0.143325805664062 -0.029571533203125 -0.284942626953125 0.112579345703125
-0.039947509765625 -0.167007446289062 -0.32763671875 -0.0931701660156251
0.140281677246094 -0.131507873535156 -0.255035400390625 -0.211944580078125
0.209503173828125 0.0453338623046875 -0.12078857421875 -0.324432373046875
0.2796630859375 0.0904388427734375 -0.050201416015625 0.170745849609375
0.242446899414063 -0.111572265625 0.059967041015625 0.201919555664063
0.0152587890625 -0.246353149414063 0.217483520507813 0.1287841796875
-0.153823852539063 -0.117904663085937 0.269744873046875 0.00138854980468749
-0.169219970703125 0.041259765625 0.174774169921875 -0.12982177734375
-0.0562362670898437 0.138137817382813 0.0656280517578125 -0.14215087890625
0.0120620727539062 0.137298583984375 -0.00815200805664062 -0.0685997009277344
-0.007080078125 0.132957458496094 -0.00176882743835449 -0.00422239303588866
0.00933837890624999 0.148040771484375 0.01141357421875 0.0836639404296875
-0.0479278564453125 0.143692016601563 -0.03790283203125 0.140945434570313
-0.147628784179688 0.080230712890625 -0.145095825195312 0.14251708984375
-0.175567626953125 -0.0707244873046875 -0.255584716796875 0.0672760009765625
-0.00552368164062499 -0.222198486328125 -0.27520751953125 -0.0966186523437501
0.205337524414063 -0.136306762695313 -0.2178955078125 -0.19708251953125
0.260467529296875 0.0819549560546875 -0.072113037109375 -0.287628173828125
0.263931274414063 0.0808868408203125 0.00366210937500001 0.215988159179688
0.209701538085938 -0.106414794921875 0.0977783203125 0.23809814453125
0.00640869140625001 -0.204193115234375 0.271224975585938 0.139373779296875
-0.124153137207031 -0.0873947143554688 0.316925048828125 -0.03662109375
-0.132644653320313 0.0380020141601563 0.18902587890625 -0.181243896484375
-0.042388916015625 0.117820739746094 0.0563507080078125 -0.191116333007813
0.00981140136718751 0.125198364257813 -0.0226364135742188 -0.10784912109375
-0.00946807861328125 0.127403259277344 -0.0111274719238281 -0.0389289855957031
0.000991821289062515 0.149765014648438 -0.0037078857421875 0.0377197265625
-0.0668792724609375 0.143844604492188 -0.0447769165039063 0.0814743041992188
-0.170013427734375 0.057281494140625 -0.125694274902344 0.0759201049804688
-0.168106079101562 -0.115554809570313 -0.19970703125 0.0295562744140625
0.0515899658203125 -0.234542846679688 -0.221237182617188 -0.0740509033203125
0.244400024414063 -0.1015625 -0.189361572265625 -0.172775268554688
0.265533447265625 0.112838745117188 -0.016204833984375 -0.238357543945313
0.21295166015625 0.0633087158203125 0.0613555908203125 0.260147094726563
0.163726806640625 -0.077789306640625 0.15380859375 0.256805419921875
0.011566162109375 -0.145614624023438 0.31427001953125 0.11968994140625
-0.0787887573242188 -0.0610198974609375 0.334075927734375 -0.0826416015625
-0.08734130859375 0.0234298706054688 0.184417724609375 -0.217681884765625
-0.0285568237304688 0.0839004516601563 0.0423583984375 -0.220474243164063
0.00446319580078125 0.0962448120117188 -0.0353240966796875 -0.135002136230469
-0.0111770629882813 0.103904724121094 -0.0190200805664063 -0.0691947937011719
-0.00839996337890626 0.127143859863281 -0.0160160064697266 -0.0111112594604492
-0.0732192993164062 0.114830017089844 -0.0409774780273438 0.0196723937988281
-0.153121948242188 0.0175628662109375 -0.0853195190429688 0.0223770141601563
-0.115081787109375 -0.134391784667969 -0.137001037597656 0.02166748046875
0.0997772216796875 -0.184494018554688 -0.196731567382813 -0.0325775146484375
0.23126220703125 -0.0402984619140625 -0.1806640625 -0.151931762695313
0.218475341796875 0.124786376953125 0.03753662109375 -0.18658447265625
0.13604736328125 0.0426025390625 0.114654541015625 0.29266357421875
0.114501953125 -0.0364990234375 0.208084106445313 0.257003784179688
0.0230865478515625 -0.08489990234375 0.338470458984375 0.089752197265625
-0.0319595336914063 -0.0419540405273438 0.330474853515625 -0.1201171875
-0.0456657409667969 0.00334930419921876 0.17205810546875 -0.235244750976562
-0.0180549621582031 0.0440673828125 0.027374267578125 -0.231582641601563
-0.00326156616210937 0.0579032897949219 -0.0443115234375 -0.148941040039063
-0.0107688903808594 0.0652236938476563 -0.025115966796875 -0.0891494750976563
-0.0147323608398437 0.0823593139648438 -0.0220870971679688 -0.049285888671875
-0.0583763122558594 0.0637435913085938 -0.0297393798828125 -0.0258388519287109
-0.0953750610351562 -0.0155029296875 -0.0452232360839844 -0.0026397705078125
-0.0391693115234375 -0.1031494140625 -0.0945281982421875 0.036346435546875
0.101448059082031 -0.0894927978515625 -0.205032348632813 -0.001922607421875
0.156631469726562 0.0160064697265625 -0.181777954101563 -0.147872924804687
0.125450134277344 0.103271484375 0.0828781127929688 -0.13970947265625
-0.0311927795410156 -0.0262355804443359 -0.133346557617188 0.140884399414062
-0.0155982971191406 -0.0111351013183594 0.15478515625 0.159515380859375
-0.046722412109375 -0.00132751464843751 0.214828491210938 -0.0465545654296875
-0.0184898376464844 0.0240325927734375 0.0939178466796875 -0.0743255615234375
0.00816917419433594 0.0211963653564453 0.0314006805419922 -0.0146026611328125
0.0195598602294922 -0.00504875183105469 0.0241069793701172 0.0164070129394531
0.0103073120117188 -0.00872993469238281 0.0243453979492188 0.0545425415039063
0.00564241409301758 -0.00370359420776367 0.023895263671875 0.0825958251953125
0.00535106658935547 -0.00334358215332031 0.033233642578125 0.150405883789063
0.0052180290222168 0.0016632080078125 -0.019805908203125 0.220535278320313
0.00672245025634766 0.00313282012939453 -0.125869750976563 0.250625610351563
-0.00104522705078125 0.0244808197021484 -0.28729248046875 0.165985107421875
-0.0387115478515625 0.0310554504394531 -0.38189697265625 -0.0726928710937501
-0.0523262023925781 0.00284957885742186 -0.278533935546875 -0.2076416015625
-0.0701103210449219 -0.0393257141113281 -0.1591796875 -0.33013916015625
0.095916748046875 0.0190963745117187 -0.140106201171875 0.122886657714844
0.1053466796875 -0.0368881225585938 0.127731323242188 0.152847290039063
-0.00214385986328125 -0.110038757324219 0.2022705078125 -0.03070068359375
-0.0761566162109375 -0.0547409057617187 0.10565185546875 -0.058837890625
-0.079193115234375 0.0242691040039062 0.0450820922851562 -0.0253677368164062
-0.0160903930664062 0.0573768615722656 0.0310935974121094 0.00577545166015625
0.016204833984375 0.0490875244140625 0.0231132507324219 0.0488471984863281
0.00464630126953125 0.043975830078125 0.0231094360351563 0.0761489868164063
0.0107765197753906 0.0440521240234375 0.0372161865234375 0.147781372070313
-0.00323486328125 0.0422554016113281 -0.0118255615234375 0.21893310546875
-0.0258140563964844 0.0306053161621094 -0.119354248046875 0.249832153320313
-0.0459556579589844 0.0131874084472656 -0.283355712890625 0.175048828125
-0.0487213134765625 -0.0281562805175781 -0.37945556640625 -0.0550842285156251
0.00310134887695313 -0.0494918823242188 -0.296966552734375 -0.19903564453125
0.0300693511962891 -0.0178871154785156 -0.178985595703125 -0.34149169921875
0.199447631835938 0.0553741455078125 -0.120559692382812 0.122016906738281
0.198699951171875 -0.0708770751953125 0.093536376953125 0.145294189453125
0.0227203369140625 -0.198822021484375 0.180999755859375 0.01019287109375
-0.126007080078125 -0.111244201660156 0.14093017578125 -0.0264892578125
-0.145980834960938 0.030975341796875 0.084442138671875 -0.0469436645507813
-0.0432281494140625 0.107810974121094 0.04547119140625 -0.0319137573242187
0.0193557739257812 0.0965805053710938 0.0166587829589844 0.0207786560058594
0.00357818603515626 0.086273193359375 0.0168533325195313 0.0579795837402344
0.016571044921875 0.0880508422851563 0.0364761352539063 0.137672424316406
-0.0113067626953125 0.0818405151367188 -0.00973510742187499 0.2091064453125
-0.0608863830566406 0.059295654296875 -0.1220703125 0.23907470703125
-0.0938034057617188 0.000358581542968731 -0.283203125 0.165618896484375
-0.0555648803710937 -0.0944137573242188 -0.366912841796875 -0.05712890625
0.064788818359375 -0.0999984741210938 -0.2939453125 -0.197296142578125
0.130706787109375 0.006378173828125 -0.173858642578125 -0.338165283203125
0.263504028320313 0.072174072265625 -0.0844650268554687 0.1395263671875
0.241073608398438 -0.107925415039063 0.0681610107421875 0.159515380859375
0.017425537109375 -0.249679565429687 0.183609008789063 0.06793212890625
-0.160003662109375 -0.126388549804688 0.20281982421875 -0.00502014160156251
-0.175216674804688 0.0440673828125 0.131721496582031 -0.0865631103515625
-0.0526962280273437 0.13702392578125 0.0564041137695313 -0.0880355834960937
0.0209426879882812 0.126083374023438 0.0035400390625 -0.0211067199707031
0.00284576416015625 0.117500305175781 0.007965087890625 0.0299873352050781
0.0206832885742188 0.124000549316406 0.0301742553710937 0.1163330078125
-0.022735595703125 0.11956787109375 -0.0162811279296875 0.185821533203125
-0.101249694824219 0.0829925537109375 -0.13189697265625 0.208389282226563
-0.14385986328125 -0.0218963623046875 -0.277496337890625 0.133224487304687
-0.0496673583984375 -0.16326904296875 -0.33453369140625 -0.07122802734375
0.132461547851563 -0.138671875 -0.269210815429687 -0.1942138671875
0.2158203125 0.0353546142578125 -0.14227294921875 -0.318145751953125
0.285369873046875 0.07421875 -0.0374908447265625 0.173660278320313
0.2364501953125 -0.127578735351563 0.073516845703125 0.196258544921875
0.000122070312500012 -0.2464599609375 0.222305297851562 0.11376953125
-0.161102294921875 -0.108535766601563 0.270050048828125 -0.0160369873046875
-0.165390014648438 0.052703857421875 0.166244506835938 -0.140960693359375
-0.0467376708984375 0.138916015625 0.0550079345703125 -0.148162841796875
0.0209579467773438 0.133331298828125 -0.0130500793457031 -0.0672073364257812
0.00087738037109374 0.132194519042969 -0.00256919860839844 -0.00347328186035155
0.0191802978515625 0.146148681640625 0.0168991088867187 0.0820770263671875
-0.0391693115234375 0.144821166992187 -0.0293121337890625 0.143356323242188
-0.141708374023438 0.089874267578125 -0.136566162109375 0.153152465820313
-0.179672241210938 -0.0606231689453125 -0.250701904296875 0.085113525390625
-0.0187835693359375 -0.221160888671875 -0.281280517578125 -0.0770263671875
0.198211669921875 -0.147491455078125 -0.231094360351562 -0.181304931640625
0.269912719726563 0.0694732666015625 -0.092803955078125 -0.2835693359375
0.26904296875 0.065887451171875 0.0183563232421875 0.215896606445313
0.2041015625 -0.119476318359375 0.113494873046875 0.231918334960938
-0.00610351562499999 -0.203842163085938 0.277175903320313 0.120880126953125
-0.128387451171875 -0.0804290771484375 0.31475830078125 -0.056884765625
-0.128692626953125 0.0467071533203125 0.177490234375 -0.19268798828125
-0.0339202880859375 0.117286682128906 0.0441436767578125 -0.195175170898438
0.0176467895507812 0.121337890625 -0.0293121337890625 -0.105026245117187
-0.00128936767578126 0.127143859863281 -0.0128898620605469 -0.0390586853027344
0.0111083984375 0.14874267578125 -0.000343322753906252 0.0370292663574219
-0.05767822265625 0.146881103515625 -0.0397262573242188 0.084136962890625
-0.165695190429687 0.068511962890625 -0.121994018554688 0.0849838256835937
-0.17669677734375 -0.1058349609375 -0.19873046875 0.043792724609375
0.03790283203125 -0.238433837890625 -0.225311279296875 -0.057708740234375
0.240142822265625 -0.116180419921875 -0.201385498046875 -0.157562255859375
0.277435302734375 0.100128173828125 -0.0343170166015625 -0.236602783203125
0.217437744140625 0.0513458251953125 0.0788726806640625 0.257827758789063
0.160064697265625 -0.088836669921875 0.171234130859375 0.247802734375
0.00292968749999999 -0.1451416015625 0.32159423828125 0.0985107421875
-0.08111572265625 -0.0570907592773438 0.328643798828125 -0.104217529296875
-0.0850830078125 0.0286788940429688 0.169631958007813 -0.228652954101563
-0.0220413208007813 0.0828704833984375 0.0278167724609375 -0.223037719726563
0.0107650756835938 0.0938186645507812 -0.0420913696289062 -0.131828308105469
-0.00424194335937499 0.103790283203125 -0.0225410461425781 -0.0689964294433594
3.81469726562519E-05 0.126785278320313 -0.015904426574707 -0.0101346969604492
-0.0660476684570312 0.118659973144531 -0.0399589538574219 0.0227775573730469
-0.151992797851563 0.027862548828125 -0.0845718383789063 0.0279769897460938
-0.124504089355469 -0.12860107421875 -0.135543823242188 0.03173828125
0.0904693603515625 -0.192001342773438 -0.197418212890625 -0.0163116455078125
0.231704711914062 -0.0543670654296875 -0.192855834960938 -0.136306762695313
0.230545043945312 0.114471435546875 0.0230865478515625 -0.18658447265625
0.139114379882813 0.03460693359375 0.133880615234375 0.288604736328125
0.113204956054688 -0.04364013671875 0.226089477539063 0.244918823242187
0.0183258056640625 -0.0863113403320313 0.3438720703125 0.06640625
-0.0337257385253906 -0.0403213500976563 0.322113037109375 -0.14166259765625
-0.0442962646484375 0.00625991821289062 0.156173706054687 -0.245651245117188
-0.0143661499023438 0.0433235168457031 0.01300048828125 -0.232650756835938
0.00158309936523438 0.0564994812011719 -0.051788330078125 -0.145111083984375
-0.00630569458007812 0.06494140625 -0.0290603637695313 -0.0888137817382813
-0.00882720947265626 0.0830230712890625 -0.0243644714355469 -0.0482406616210938
-0.0546150207519531 0.0669136047363281 -0.0318393707275391 -0.0233650207519531
-0.0963058471679688 -0.00918579101562498 -0.0458297729492188 0.000225067138671885
-0.04644775390625 -0.103492736816406 -0.0916976928710938 0.0437393188476562
0.0979461669921875 -0.0970306396484375 -0.204376220703125 0.0153656005859375
0.1595458984375 0.00714111328125 -0.193862915039062 -0.131393432617188
0.135108947753906 0.097900390625 0.0711669921875 -0.142471313476563
-0.0334320068359375 -0.0242214202880859 -0.124160766601563 0.143203735351563
-0.0164861679077148 -0.0119905471801758 0.159591674804688 0.146804809570313
-0.0473060607910156 0.000961303710937498 0.204635620117188 -0.0584259033203125
-0.0184288024902344 0.0246963500976563 0.0863037109375 -0.0779266357421875
0.00984764099121094 0.0217514038085937 0.0309257507324219 -0.0158901214599609
0.0199146270751953 -0.00666427612304688 0.0229740142822266 0.0140476226806641
0.00998210906982422 -0.00949954986572266 0.0241546630859375 0.0538444519042969
0.00628185272216797 -0.00413656234741211 0.0244140625 0.0811767578125
0.0059199333190918 -0.00371170043945313 0.0360565185546875 0.146286010742188
0.00480794906616211 0.00187540054321289 -0.0114288330078125 0.216049194335938
0.0059971809387207 0.00290346145629883 -0.112030029296875 0.25152587890625
0.000148773193359375 0.0233955383300781 -0.274307250976563 0.177825927734375
-0.0369911193847656 0.0334625244140625 -0.3802490234375 -0.05133056640625
-0.0521926879882813 0.00583648681640626 -0.283172607421875 -0.191436767578125
-0.0699577331542969 -0.0361480712890625 -0.1702880859375 -0.3209228515625
0.0949554443359375 0.0150985717773438 -0.130393981933594 0.125778198242187
0.102592468261719 -0.0427703857421875 0.132400512695313 0.141799926757813
-0.00798034667968749 -0.107627868652344 0.192489624023438 -0.0418853759765625
-0.0780487060546875 -0.0500259399414063 0.09942626953125 -0.0631561279296875
-0.0760650634765625 0.0287094116210937 0.0435829162597656 -0.0273361206054687
-0.0123481750488281 0.0554351806640625 0.0285511016845703 0.00270843505859375
0.0177993774414063 0.0453453063964844 0.022979736328125 0.0478591918945313
0.00652313232421875 0.0422515869140625 0.0231552124023438 0.075286865234375
0.01263427734375 0.0424461364746094 0.0401611328125 0.143905639648438
-0.00180816650390625 0.0418624877929688 -0.0030975341796875 0.214370727539063
-0.0245761871337891 0.0310020446777344 -0.105560302734375 0.251220703125
-0.0433082580566406 0.0136222839355469 -0.270111083984375 0.186477661132813
-0.04852294921875 -0.0236282348632812 -0.376953125 -0.03460693359375
0.0011444091796875 -0.0469741821289063 -0.302032470703125 -0.182861328125
0.0308742523193359 -0.0181617736816406 -0.191497802734375 -0.331756591796875
0.198165893554688 0.0471343994140625 -0.110504150390625 0.123588562011719
0.193649291992187 -0.0792236328125 0.098968505859375 0.135665893554688
0.01312255859375 -0.196884155273438 0.173294067382813 0.000152587890624988
-0.129829406738281 -0.102928161621094 0.136154174804688 -0.032440185546875
-0.1412353515625 0.037506103515625 0.0804595947265625 -0.0501785278320313
-0.0364456176757813 0.105712890625 0.0414199829101562 -0.0348281860351562
0.0230865478515625 0.0919570922851563 0.0156078338623047 0.0207176208496094
0.00704193115234375 0.083984375 0.0167655944824219 0.0572853088378906
0.0201187133789062 0.0846099853515625 0.0399551391601563 0.133514404296875
-0.00830078125 0.0804367065429688 -0.00123596191406249 0.205474853515625
-0.0575637817382813 0.0600738525390625 -0.10870361328125 0.240371704101562
-0.0914154052734375 0.00273132324218751 -0.26995849609375 0.176849365234375
-0.0570907592773438 -0.0885162353515625 -0.3642578125 -0.03778076171875
0.0598373413085938 -0.0994491577148437 -0.298492431640625 -0.180328369140625
0.131950378417969 0.002410888671875 -0.18701171875 -0.327667236328125
0.262054443359375 0.0615234375 -0.0746688842773438 0.139366149902344
0.233505249023437 -0.117095947265625 0.0739288330078125 0.151809692382813
0.00540161132812499 -0.245620727539063 0.178466796875 0.05841064453125
-0.162399291992188 -0.117355346679687 0.198699951171875 -0.013885498046875
-0.169601440429687 0.05096435546875 0.126007080078125 -0.091217041015625
-0.0456161499023438 0.13372802734375 0.0499038696289063 -0.0904159545898438
0.0256881713867188 0.120536804199219 0.00151824951171875 -0.0205345153808594
0.00695800781250001 0.114753723144531 0.00738716125488281 0.0295791625976563
0.0255126953125 0.119178771972656 0.03363037109375 0.112228393554688
-0.0175552368164063 0.117195129394531 -0.00830078124999998 0.183151245117188
-0.095245361328125 0.08538818359375 -0.119781494140625 0.211456298828125
-0.14166259765625 -0.01690673828125 -0.266830444335937 0.145172119140625
-0.0548095703125 -0.157211303710938 -0.3331298828125 -0.052520751953125
0.12567138671875 -0.140731811523438 -0.273818969726563 -0.178237915039062
0.217483520507813 0.02825927734375 -0.15594482421875 -0.307769775390625
0.28369140625 0.0628662109375 -0.0276031494140625 0.171585083007813
0.227569580078125 -0.13623046875 0.08001708984375 0.189071655273438
-0.0107574462890625 -0.24188232421875 0.220535278320312 0.1015625
-0.161544799804687 -0.100067138671875 0.2645263671875 -0.0277099609375
-0.158401489257813 0.058807373046875 0.157180786132813 -0.146011352539063
-0.0394973754882812 0.1351318359375 0.045684814453125 -0.149169921875
0.025390625 0.127578735351563 -0.01593017578125 -0.0645904541015625
0.00592041015625 0.129257202148438 -0.00386857986450195 -0.00338149070739745
0.0247955322265625 0.14166259765625 0.019195556640625 0.0789108276367188
-0.0323944091796875 0.143569946289063 -0.0228271484375 0.142105102539063
-0.134574890136719 0.0944061279296875 -0.127838134765625 0.15692138671875
-0.179046630859375 -0.0531158447265625 -0.243667602539063 0.09649658203125
-0.0262298583984375 -0.216796875 -0.280136108398438 -0.062042236328125
0.190643310546875 -0.152511596679688 -0.236114501953125 -0.166091918945313
0.273147583007813 0.0588226318359375 -0.1053466796875 -0.274429321289063
0.267135620117188 0.055419921875 0.0286102294921875 0.21240234375
0.19561767578125 -0.126815795898438 0.1212158203125 0.222915649414062
-0.013763427734375 -0.199295043945313 0.276031494140625 0.106887817382813
-0.128509521484375 -0.073822021484375 0.3070068359375 -0.070068359375
-0.122665405273438 0.050872802734375 0.165115356445313 -0.19757080078125
-0.0283050537109375 0.112655639648438 0.033355712890625 -0.194473266601563
0.0214996337890625 0.115463256835937 -0.0327224731445313 -0.1014404296875
0.00349426269531249 0.123626708984375 -0.0139312744140625 -0.037750244140625
0.0174560546875 0.144607543945312 0.00119781494140625 0.0366744995117188
-0.049957275390625 0.146194458007813 -0.0358505249023437 0.0848922729492188
-0.158935546875 0.0746307373046875 -0.116836547851563 0.0889434814453125
-0.178909301757813 -0.097442626953125 -0.19342041015625 0.0525970458984375
0.0283355712890625 -0.236495971679688 -0.222625732421875 -0.0446014404296876
0.234146118164063 -0.124176025390625 -0.205795288085937 -0.142532348632813
0.2816162109375 0.0885009765625 -0.046295166015625 -0.229583740234375
0.215713500976563 0.0431365966796875 0.0892486572265625 0.251556396484375
0.154098510742187 -0.094207763671875 0.180282592773437 0.23663330078125
-0.0021820068359375 -0.14227294921875 0.318634033203125 0.0823974609375
-0.080780029296875 -0.053192138671875 0.31756591796875 -0.117645263671875
-0.0807037353515625 0.0311279296875 0.156143188476562 -0.230712890625
-0.0187301635742188 0.0788116455078125 0.017486572265625 -0.220428466796875
0.0142593383789063 0.0893325805664063 -0.045867919921875 -0.126991271972656
-0.000587463378906255 0.100791931152344 -0.0240859985351563 -0.0679702758789063
0.0057525634765625 0.123939514160156 -0.0156002044677734 -0.00969505310058594
-0.0597763061523437 0.119483947753906 -0.0384025573730469 0.0244979858398438
-0.148345947265625 0.03436279296875 -0.0832366943359375 0.0311965942382813
-0.128395080566406 -0.122634887695312 -0.131439208984375 0.0380706787109375
0.08154296875 -0.193923950195313 -0.192642211914062 -0.00422668457031251
0.228363037109375 -0.062774658203125 -0.196121215820313 -0.120651245117188
0.236663818359375 0.104141235351563 0.0122833251953125 -0.18206787109375
0.1373291015625 0.0301437377929687 0.145065307617188 0.279678344726563
0.109825134277344 -0.0485382080078125 0.23431396484375 0.231292724609375
0.0155258178710938 -0.0848617553710938 0.340911865234375 0.049530029296875
-0.033660888671875 -0.0382575988769531 0.31072998046875 -0.154052734375
-0.0427169799804687 0.007904052734375 0.141586303710938 -0.24676513671875
-0.0122795104980469 0.0401992797851563 0.00312805175781251 -0.228485107421875
0.003997802734375 0.0538558959960938 -0.0552291870117187 -0.140060424804688
-0.0032806396484375 0.0637474060058594 -0.0311965942382813 -0.0874481201171875
-0.00534820556640625 0.0813369750976563 -0.0257835388183594 -0.0467567443847656
-0.0506362915039062 0.068023681640625 -0.0324745178222656 -0.0210418701171875
-0.0949478149414063 -0.00447082519531248 -0.0460052490234375 0.00263214111328125
-0.0504913330078125 -0.100639343261719 -0.087738037109375 0.04827880859375
0.0939483642578125 -0.100631713867188 -0.198471069335938 0.028228759765625
0.159255981445313 0.000152587890625 -0.197982788085937 -0.115753173828125
0.141128540039063 0.0921630859375 0.0611724853515625 -0.139915466308594
-0.0344333648681641 -0.0232200622558594 -0.117431640625 0.142669677734375
-0.0173482894897461 -0.013850212097168 0.1611328125 0.138519287109375
-0.0478134155273437 0.00291442871093751 0.1953125 -0.06451416015625
-0.0183353424072266 0.0255966186523438 0.0808944702148438 -0.0790023803710938
0.0109062194824219 0.0217647552490234 0.0302352905273438 -0.0166301727294922
0.0202732086181641 -0.00811767578125 0.0205230712890625 0.0130577087402344
0.0101642608642578 -0.0109825134277344 0.0235977172851563 0.0532417297363281
0.00669240951538086 -0.00531578063964844 0.0223236083984375 0.081146240234375
0.00617694854736328 -0.00374507904052734 0.035980224609375 0.1441650390625
0.00494241714477539 0.00263118743896484 -0.00743103027343751 0.212158203125
0.00570058822631836 0.00333690643310547 -0.103759765625 0.249130249023437
0.000640869140624999 0.0224189758300781 -0.266143798828125 0.182998657226563
-0.0360374450683594 0.0352592468261719 -0.37689208984375 -0.0383300781250001
-0.0512504577636719 0.00726699829101563 -0.28399658203125 -0.18292236328125
-0.0688705444335938 -0.0344657897949219 -0.17498779296875 -0.31671142578125
0.092803955078125 0.0145645141601562 -0.124565124511719 0.125457763671875
0.100456237792969 -0.0457992553710938 0.134040832519531 0.134574890136719
-0.0103912353515625 -0.10565185546875 0.184112548828125 -0.047210693359375
-0.0792388916015625 -0.0472259521484375 0.0937881469726562 -0.0643768310546875
-0.0731658935546875 0.0297775268554687 0.0422935485839844 -0.0283546447753906
-0.0107192993164063 0.0531234741210938 0.0263843536376953 0.0012969970703125
0.018218994140625 0.0434341430664063 0.0223197937011719 0.0473670959472656
0.00763320922851562 0.0407218933105469 0.0214004516601562 0.074798583984375
0.0134162902832031 0.0408744812011719 0.0399169921875 0.141586303710938
-0.00109100341796875 0.04107666015625 0.000778198242187507 0.210601806640625
-0.0229530334472656 0.0305862426757813 -0.097869873046875 0.249099731445313
-0.0416717529296875 0.013153076171875 -0.26123046875 0.19183349609375
-0.04736328125 -0.0209312438964844 -0.373931884765625 -0.023162841796875
0.000328063964843749 -0.0451431274414063 -0.30126953125 -0.1741943359375
0.0314712524414063 -0.0180244445800781 -0.195709228515625 -0.326019287109375
0.196029663085938 0.04498291015625 -0.104583740234375 0.122879028320313
0.189682006835938 -0.0835418701171875 0.100852966308594 0.129707336425781
0.00906372070312502 -0.194503784179688 0.166015625 -0.00456237792968751
-0.130523681640625 -0.0984344482421875 0.132667541503906 -0.0352096557617188
-0.136993408203125 0.0400772094726563 0.0793685913085937 -0.0518646240234375
-0.0341262817382812 0.102455139160156 0.0376167297363281 -0.0362510681152344
0.0234451293945313 0.087554931640625 0.0147132873535156 0.0206565856933594
0.00730895996093751 0.0813446044921875 0.0150489807128906 0.0570449829101563
0.0213775634765625 0.0821762084960938 0.0403976440429688 0.13055419921875
-0.006500244140625 0.0793075561523438 0.00282287597656251 0.202011108398438
-0.0550575256347656 0.0591697692871094 -0.101364135742188 0.239639282226562
-0.0894699096679688 0.00341033935546877 -0.262039184570313 0.18310546875
-0.0571212768554687 -0.084381103515625 -0.3612060546875 -0.0262451171874999
0.0583572387695312 -0.09832763671875 -0.2984619140625 -0.171173095703125
0.132698059082031 0.00055694580078125 -0.19171142578125 -0.322174072265625
0.259445190429688 0.05841064453125 -0.069091796875 0.13763427734375
0.228515625 -0.121444702148437 0.07659912109375 0.145553588867187
0.000183105468749978 -0.241729736328125 0.173538208007813 0.05322265625
-0.162582397460938 -0.111923217773437 0.195068359375 -0.0182342529296875
-0.16436767578125 0.053802490234375 0.122726440429687 -0.093292236328125
-0.0417556762695313 0.129547119140625 0.044891357421875 -0.0912399291992187
0.0267868041992187 0.115180969238281 0.000839233398437503 -0.0191097259521484
0.00782012939453125 0.111885070800781 0.00626182556152343 0.0300178527832031
0.0263671875 0.116325378417969 0.0339736938476563 0.110130310058594
-0.0146102905273438 0.115013122558594 -0.00445556640625001 0.179901123046875
-0.0912094116210938 0.0848770141601562 -0.113693237304688 0.211257934570313
-0.139602661132813 -0.0152359008789062 -0.260269165039063 0.15203857421875
-0.0554351806640625 -0.152328491210938 -0.329986572265625 -0.0421142578125
0.122825622558594 -0.139907836914063 -0.27490234375 -0.168563842773438
0.21856689453125 0.0242919921875 -0.161651611328125 -0.301971435546875
0.280288696289063 0.059722900390625 -0.022430419921875 0.169219970703125
0.221817016601563 -0.13916015625 0.0830535888671875 0.183059692382813
-0.0148162841796875 -0.23736572265625 0.216201782226562 0.0963592529296875
-0.160781860351562 -0.095733642578125 0.260818481445313 -0.033477783203125
-0.153289794921875 0.0603790283203125 0.152618408203125 -0.147430419921875
-0.0363006591796875 0.129684448242188 0.040313720703125 -0.148818969726563
0.0261383056640625 0.122566223144531 -0.0168609619140625 -0.0620918273925781
0.00742340087890625 0.1260986328125 -0.00467348098754883 -0.00286865234374999
0.02728271484375 0.137428283691406 0.0203323364257813 0.07769775390625
-0.028228759765625 0.140556335449219 -0.01922607421875 0.14056396484375
-0.128715515136719 0.09503173828125 -0.12322998046875 0.158493041992188
-0.177291870117188 -0.0488433837890625 -0.23907470703125 0.1029052734375
-0.0292510986328125 -0.212371826171875 -0.277084350585938 -0.0527496337890625
0.18707275390625 -0.15435791015625 -0.236831665039063 -0.156875610351563
0.274703979492188 0.0529937744140625 -0.1119384765625 -0.268829345703125
0.26361083984375 0.0526885986328125 0.034088134765625 0.209320068359375
0.1905517578125 -0.128814697265625 0.124908447265625 0.216415405273438
-0.0161895751953125 -0.196121215820313 0.273025512695313 0.0999908447265625
-0.126495361328125 -0.07061767578125 0.302001953125 -0.076873779296875
-0.118667602539063 0.0517654418945313 0.158737182617188 -0.197601318359375
-0.0263671875 0.108589172363281 0.026763916015625 -0.192825317382812
0.022552490234375 0.110504150390625 -0.0334548950195313 -0.0982742309570313
0.00457763671874999 0.12127685546875 -0.01556396484375 -0.0372123718261719
0.0200042724609375 0.140655517578125 0.0019073486328125 0.0348320007324219
-0.0462493896484375 0.14398193359375 -0.0333786010742188 0.0850143432617188
-0.154632568359375 0.0762939453125 -0.114578247070313 0.0911636352539062
-0.179168701171875 -0.093994140625 -0.190338134765625 0.0582122802734375
0.024200439453125 -0.233993530273438 -0.218917846679688 -0.0377197265625001
0.230484008789063 -0.1273193359375 -0.20648193359375 -0.132431030273438
0.284637451171875 0.0828857421875 -0.052642822265625 -0.224395751953125
0.2127685546875 0.0407867431640625 0.0947418212890625 0.247711181640625
0.150680541992188 -0.09576416015625 0.183609008789063 0.229812622070313
-0.00332641601562499 -0.140426635742188 0.31561279296875 0.073699951171875
-0.0786972045898437 -0.051544189453125 0.31103515625 -0.124114990234375
-0.0778732299804688 0.0320205688476562 0.14892578125 -0.231002807617187
-0.0181350708007813 0.075042724609375 0.011322021484375 -0.21710205078125
0.0150299072265625 0.0851669311523437 -0.0460968017578125 -0.123641967773438
0.00115966796875 0.0987472534179687 -0.0247039794921875 -0.0665435791015625
0.00782775878906249 0.120925903320313 -0.0151958465576172 -0.0101776123046875
-0.0555419921875 0.118431091308594 -0.037384033203125 0.0251960754394531
-0.145111083984375 0.0366363525390625 -0.0825729370117188 0.0333709716796875
-0.131111145019531 -0.119712829589844 -0.128433227539063 0.0417404174804687
0.0782623291015625 -0.193557739257813 -0.188201904296875 0.00360107421874999
0.2266845703125 -0.066864013671875 -0.197463989257813 -0.1104736328125
0.239654541015625 0.0988922119140625 0.0062255859375 -0.177749633789063
0.134895324707031 0.0291213989257813 0.149581909179688 0.275772094726563
0.107231140136719 -0.0502777099609375 0.23687744140625 0.2236328125
0.0150680541992188 -0.0841751098632813 0.33740234375 0.0404052734375
-0.0330581665039063 -0.0371322631835938 0.3018798828125 -0.159820556640625
-0.040863037109375 0.00877380371093751 0.13446044921875 -0.245315551757813
-0.0118865966796875 0.0377388000488281 -0.00105285644531252 -0.2237548828125
0.004791259765625 0.05133056640625 -0.0553054809570312 -0.136528015136719
-0.0017852783203125 0.0613021850585938 -0.03143310546875 -0.0867080688476563
-0.003082275390625 0.0800857543945313 -0.02557373046875 -0.0460700988769531
-0.0480155944824219 0.068145751953125 -0.0322322845458984 -0.0199165344238281
-0.0939407348632812 -0.0031585693359375 -0.04638671875 0.00379943847656249
-0.0530624389648437 -0.0994033813476562 -0.0836944580078125 0.0508270263671875
0.0915908813476563 -0.100997924804688 -0.193023681640625 0.0362396240234375
0.160202026367187 -0.0029754638671875 -0.198699951171875 -0.104949951171875
0.144271850585938 0.0885772705078125 0.0553054809570313 -0.13543701171875
-0.0359001159667969 -0.0224151611328125 -0.1146240234375 0.141921997070313
-0.0188484191894531 -0.0156841278076172 0.1634521484375 0.134262084960938
-0.0487785339355469 0.00322341918945312 0.191268920898438 -0.0682220458984375
-0.0189857482910156 0.0272388458251953 0.0779571533203125 -0.0809249877929688
0.0122547149658203 0.0218067169189453 0.0296611785888672 -0.0183525085449219
0.0209636688232422 -0.00944900512695313 0.0191249847412109 0.0130100250244141
0.0103645324707031 -0.0123586654663086 0.0223846435546875 0.0538139343261719
0.00699615478515625 -0.0069890022277832 0.0207443237304688 0.0822525024414063
0.00665044784545898 -0.00417280197143555 0.03466796875 0.145645141601563
0.00505638122558594 0.00253915786743164 -0.00672912597656251 0.211776733398438
0.00537729263305664 0.00335931777954102 -0.101669311523437 0.250686645507813
0.000759124755859373 0.021575927734375 -0.26348876953125 0.188247680664063
-0.035980224609375 0.0374717712402344 -0.379730224609375 -0.0311889648437499
-0.0513877868652344 0.00761795043945312 -0.28570556640625 -0.1817626953125
-0.0690383911132813 -0.0360832214355469 -0.17877197265625 -0.320892333984375
0.0929794311523438 0.0154953002929688 -0.120681762695312 0.125137329101563
0.10003662109375 -0.0485305786132812 0.136573791503906 0.130722045898438
-0.0117416381835937 -0.105926513671875 0.18017578125 -0.0505828857421875
-0.08013916015625 -0.0457916259765625 0.0917510986328125 -0.065887451171875
-0.0721969604492188 0.0309295654296875 0.0419082641601562 -0.02960205078125
-0.0102043151855469 0.0513420104980469 0.0244846343994141 0.000270843505859378
0.0182533264160156 0.0411415100097656 0.0218315124511719 0.0483589172363281
0.00706863403320313 0.0396690368652344 0.0196075439453125 0.0762863159179687
0.013671875 0.0396690368652344 0.0384521484375 0.14251708984375
-0.000606536865234378 0.0402793884277344 0.00126647949218748 0.210418701171875
-0.0231342315673828 0.03033447265625 -0.0949554443359375 0.249862670898437
-0.0415573120117188 0.0128707885742187 -0.259368896484375 0.197189331054688
-0.0468673706054688 -0.0192031860351563 -0.375579833984375 -0.015533447265625
0.000537872314453121 -0.0446548461914063 -0.304931640625 -0.171630859375
0.0325469970703125 -0.0190219879150391 -0.20111083984375 -0.330108642578125
0.197357177734375 0.0457611083984375 -0.101325988769531 0.122001647949219
0.189773559570313 -0.08636474609375 0.103286743164063 0.125068664550781
0.00679016113281251 -0.194793701171875 0.162017822265625 -0.00715637207031251
-0.131492614746094 -0.0972976684570313 0.130897521972656 -0.0367965698242188
-0.135856628417969 0.040863037109375 0.0792312622070313 -0.0539627075195313
-0.0340347290039062 0.0998077392578125 0.0353546142578125 -0.0379981994628906
0.0233688354492188 0.08599853515625 0.0143661499023438 0.0216045379638672
0.00732421875 0.0810394287109375 0.0133285522460937 0.0591239929199219
0.0214309692382813 0.081207275390625 0.03961181640625 0.13189697265625
-0.00634002685546876 0.0783233642578125 0.00379943847656252 0.201904296875
-0.0541725158691406 0.0583686828613281 -0.09893798828125 0.240692138671875
-0.0896148681640625 0.00250244140625002 -0.26104736328125 0.18951416015625
-0.0566558837890625 -0.082672119140625 -0.36279296875 -0.018280029296875
0.058837890625 -0.0980987548828125 -0.30218505859375 -0.16851806640625
0.135017395019531 9.1552734375E-05 -0.197052001953125 -0.324188232421875
0.26123046875 0.0592803955078125 -0.065887451171875 0.137031555175781
0.228668212890625 -0.124618530273438 0.07818603515625 0.142578125
-0.000915527343749981 -0.242630004882813 0.169937133789063 0.0516510009765625
-0.163406372070312 -0.11114501953125 0.19464111328125 -0.020660400390625
-0.162933349609375 0.0546722412109375 0.122146606445312 -0.0960540771484375
-0.0420379638671875 0.127281188964844 0.042236328125 -0.0927886962890625
0.0260238647460938 0.113716125488281 0.000104904174804688 -0.0183887481689453
0.00785827636718751 0.111289978027344 0.00446128845214844 0.03143310546875
0.02728271484375 0.114875793457031 0.033843994140625 0.11004638671875
-0.0137939453125 0.114181518554688 -0.00302124023437501 0.18060302734375
-0.090179443359375 0.0839385986328125 -0.11236572265625 0.213638305664063
-0.1395263671875 -0.015167236328125 -0.259384155273438 0.157745361328125
-0.055755615234375 -0.151290893554688 -0.33282470703125 -0.0365295410156251
0.123825073242188 -0.141036987304688 -0.278518676757813 -0.165939331054688
0.222412109375 0.0233306884765625 -0.16754150390625 -0.303863525390625
0.282501220703125 0.06158447265625 -0.0192718505859375 0.16888427734375
0.2220458984375 -0.141464233398438 0.0846099853515625 0.181060791015625
-0.0164642333984375 -0.238265991210937 0.215850830078125 0.0942230224609375
-0.160614013671875 -0.0946044921875 0.260955810546875 -0.0374603271484375
-0.151779174804688 0.0606689453125 0.151275634765625 -0.150344848632813
-0.0374755859375 0.127090454101563 0.037567138671875 -0.149917602539063
0.025634765625 0.120132446289063 -0.0176582336425781 -0.0606307983398437
0.00642395019531249 0.125778198242188 -0.00576353073120117 -0.00239181518554687
0.0276412963867188 0.136131286621094 0.020660400390625 0.0773391723632813
-0.0273208618164063 0.139930725097656 -0.0178375244140625 0.141189575195312
-0.128105163574219 0.0947418212890625 -0.122360229492188 0.160659790039063
-0.178375244140625 -0.0488433837890625 -0.239212036132813 0.108963012695312
-0.0297088623046875 -0.212188720703125 -0.278289794921875 -0.0481414794921875
0.18798828125 -0.156723022460937 -0.239990234375 -0.151824951171875
0.279266357421875 0.0519256591796875 -0.11700439453125 -0.268783569335937
0.265045166015625 0.0543060302734375 0.0375823974609375 0.20965576171875
0.190750122070313 -0.130966186523438 0.127029418945312 0.215652465820312
-0.016448974609375 -0.196502685546875 0.273818969726563 0.097900390625
-0.125434875488281 -0.0705947875976562 0.30224609375 -0.08154296875
-0.116661071777344 0.0511856079101562 0.157089233398438 -0.201034545898437
-0.0281219482421875 0.105247497558594 0.023712158203125 -0.19329833984375
0.0217819213867188 0.108283996582031 -0.033843994140625 -0.0970077514648438
0.00416564941406251 0.120697021484375 -0.0164299011230469 -0.0370063781738281
0.0201797485351563 0.139533996582031 0.00226020812988281 0.0347652435302734
-0.0443572998046875 0.143997192382812 -0.0329208374023438 0.0856552124023438
-0.1539306640625 0.0769805908203125 -0.115516662597656 0.0940475463867188
-0.181198120117188 -0.0933074951171875 -0.191177368164063 0.0634307861328125
0.0232391357421875 -0.235855102539062 -0.218612670898438 -0.0328826904296875
0.232894897460937 -0.13079833984375 -0.208938598632813 -0.12701416015625
0.290069580078125 0.080841064453125 -0.057403564453125 -0.223175048828125
0.213623046875 0.0429229736328125 0.098968505859375 0.250198364257813
0.15008544921875 -0.097198486328125 0.186859130859375 0.229156494140625
-0.00288391113281249 -0.141845703125 0.31671142578125 0.0704345703125
-0.077789306640625 -0.05145263671875 0.31097412109375 -0.13006591796875
-0.0764541625976563 0.0306549072265625 0.147293090820313 -0.233901977539063
-0.01983642578125 0.0717239379882813 0.00900268554687498 -0.217300415039063
0.014129638671875 0.0834274291992188 -0.0460433959960938 -0.122802734375
0.00129699707031249 0.0987930297851563 -0.0260162353515625 -0.0676612854003906
0.00910186767578126 0.120773315429688 -0.0151243209838867 -0.010432243347168
-0.0548553466796875 0.118385314941406 -0.0369300842285156 0.0259132385253906
-0.145278930664063 0.0377960205078125 -0.0838088989257813 0.0344772338867187
-0.133575439453125 -0.120109558105469 -0.128440856933594 0.044769287109375
0.0780181884765625 -0.195709228515625 -0.186416625976562 0.00794982910156245
0.230621337890625 -0.071075439453125 -0.200225830078125 -0.10400390625
0.245498657226562 0.0971527099609375 0.001739501953125 -0.176101684570313
0.135704040527344 0.0307388305664062 0.15435791015625 0.279098510742188
0.107467651367187 -0.0521697998046875 0.242080688476563 0.222412109375
0.0157699584960938 -0.0850296020507813 0.33807373046875 0.03668212890625
-0.0315132141113281 -0.0373191833496094 0.300933837890625 -0.16448974609375
-0.040252685546875 0.00788497924804688 0.132797241210937 -0.247177124023438
-0.0135688781738281 0.0354385375976563 -0.00247192382812498 -0.224044799804688
0.0043487548828125 0.0491943359375 -0.0534591674804688 -0.136314392089844
-0.00223922729492187 0.0612411499023438 -0.0321197509765625 -0.0877838134765625
-0.00281524658203125 0.0804290771484375 -0.0261154174804687 -0.0466804504394531
-0.0475997924804687 0.0680503845214844 -0.0320835113525391 -0.0192546844482422
-0.0943603515625 -0.00267028808593751 -0.0470657348632813 0.00447463989257813
-0.0549468994140625 -0.100685119628906 -0.0831222534179688 0.053192138671875
0.0927276611328125 -0.103477478027344 -0.190811157226563 0.04351806640625
0.162933349609375 -0.0052947998046875 -0.20233154296875 -0.0975799560546875
0.147613525390625 0.0880889892578125 0.0515823364257813 -0.133682250976563
-0.0379867553710938 -0.0212364196777344 -0.11273193359375 0.144989013671875
-0.0215015411376953 -0.0170936584472656 0.1712646484375 0.131057739257813
-0.0513229370117188 0.00576019287109374 0.1910400390625 -0.07501220703125
-0.0197601318359375 0.0298290252685547 0.0760116577148438 -0.0841217041015625
0.0139007568359375 0.0221538543701172 0.0298404693603516 -0.0202846527099609
0.0203933715820313 -0.0115222930908203 0.017730712890625 0.0127716064453125
0.00961208343505859 -0.0138330459594727 0.0226478576660156 0.0561065673828125
0.00695419311523438 -0.00832653045654297 0.0201492309570313 0.0860748291015625
0.00708770751953125 -0.00501489639282227 0.0362701416015625 0.1500244140625
0.00649404525756836 0.00297307968139648 -0.00488281250000002 0.21649169921875
0.00509071350097656 0.00337123870849609 -0.099884033203125 0.257232666015625
0.000537872314453124 0.0216789245605469 -0.265365600585938 0.199951171875
-0.0352745056152344 0.04095458984375 -0.38970947265625 -0.0203552246093751
-0.0521125793457031 0.00848770141601562 -0.296844482421875 -0.18212890625
-0.0718536376953125 -0.037139892578125 -0.19049072265625 -0.330535888671875
0.0955352783203125 0.0163726806640625 -0.119697570800781 0.128158569335937
0.10064697265625 -0.05303955078125 0.143661499023438 0.128463745117188
-0.0153274536132813 -0.108383178710937 0.1793212890625 -0.056427001953125
-0.0833511352539063 -0.04461669921875 0.0907135009765625 -0.0694503784179688
-0.0727386474609375 0.032470703125 0.0426483154296875 -0.0323982238769531
-0.0105934143066406 0.0516853332519531 0.0228290557861328 0.000123977661132816
0.0181922912597656 0.0409889221191406 0.0218620300292969 0.0496101379394531
0.0073394775390625 0.0397300720214844 0.0187835693359375 0.0800933837890625
0.0147018432617188 0.0399894714355469 0.040069580078125 0.147140502929688
-6.48498535156291E-05 0.0411834716796875 0.00372314453124998 0.214599609375
-0.0234527587890625 0.0305385589599609 -0.0932464599609375 0.257492065429687
-0.0432586669921875 0.0121688842773438 -0.26019287109375 0.2100830078125
-0.0468292236328125 -0.017059326171875 -0.385284423828125 -0.00439453125000006
0.000797271728515623 -0.0460014343261719 -0.316680908203125 -0.17144775390625
0.0342121124267578 -0.0204601287841797 -0.214111328125 -0.338714599609375
0.203475952148438 0.0457916259765625 -0.0992584228515625 0.12445068359375
0.1925048828125 -0.0933685302734375 0.10882568359375 0.123809814453125
0.00267028808593748 -0.200027465820313 0.162307739257812 -0.010528564453125
-0.136947631835938 -0.0972137451171875 0.132362365722656 -0.0402603149414063
-0.138572692871094 0.0434646606445312 0.079833984375 -0.0576858520507812
-0.034454345703125 0.101463317871094 0.0329475402832031 -0.039093017578125
0.023956298828125 0.0861740112304687 0.0140876770019531 0.0233325958251953
0.00820159912109375 0.0819931030273437 0.013092041015625 0.0614128112792969
0.0228347778320313 0.0814437866210937 0.0410385131835938 0.135047912597656
-0.00514984130859374 0.0792083740234375 0.00726318359375 0.205230712890625
-0.0538558959960937 0.0587081909179688 -0.09735107421875 0.248367309570313
-0.0913543701171875 0.00276184082031249 -0.262588500976563 0.201736450195313
-0.0574569702148438 -0.081878662109375 -0.37255859375 -0.00942993164062498
0.0595016479492188 -0.101737976074219 -0.313690185546875 -0.166961669921875
0.139556884765625 -0.0021209716796875 -0.2108154296875 -0.332183837890625
0.269256591796875 0.06011962890625 -0.0626602172851562 0.140007019042969
0.232650756835937 -0.131881713867188 0.0830078125 0.142593383789063
-0.00563049316406248 -0.249191284179687 0.172561645507812 0.0502166748046875
-0.168182373046875 -0.110443115234375 0.198715209960938 -0.0253753662109375
-0.165679931640625 0.05706787109375 0.12347412109375 -0.101875305175781
-0.0435943603515625 0.128303527832031 0.0394515991210938 -0.0962753295898438
0.0263824462890625 0.11383056640625 -0.00051307678222656 -0.0175724029541016
0.0081634521484375 0.112747192382813 0.00349044799804688 0.0327663421630859
0.0286483764648437 0.115852355957031 0.0356521606445312 0.112770080566406
-0.0119400024414063 0.11529541015625 4.57763671874892E-05 0.183929443359375
-0.0901107788085938 0.0858306884765625 -0.11090087890625 0.221481323242188
-0.143295288085938 -0.01470947265625 -0.261962890625 0.170272827148438
-0.0576019287109375 -0.152557373046875 -0.341156005859375 -0.028472900390625
0.125442504882812 -0.146881103515625 -0.288787841796875 -0.16314697265625
0.23114013671875 0.0209503173828125 -0.18035888671875 -0.309844970703125
0.291259765625 0.061767578125 -0.0144805908203125 0.17291259765625
0.22479248046875 -0.148422241210937 0.08984375 0.1822509765625
-0.0202178955078125 -0.243881225585937 0.220626831054688 0.09368896484375
-0.164901733398438 -0.0947723388671875 0.266159057617188 -0.04449462890625
-0.153350830078125 0.06280517578125 0.152084350585938 -0.158706665039063
-0.0393447875976563 0.128150939941406 0.033843994140625 -0.154251098632813
0.0260238647460938 0.120361328125 -0.01824951171875 -0.0618629455566406
0.00718688964843751 0.128684997558594 -0.00732612609863281 -0.000905513763427726
0.029327392578125 0.137870788574219 0.0216140747070313 0.0793380737304688
-0.0258636474609375 0.14202880859375 -0.015472412109375 0.144668579101563
-0.129493713378906 0.0977249145507812 -0.123672485351563 0.168533325195313
-0.18414306640625 -0.048370361328125 -0.243148803710938 0.119125366210938
-0.0332794189453125 -0.216064453125 -0.285125732421875 -0.0418701171875
0.191497802734375 -0.164215087890625 -0.248931884765625 -0.149368286132813
0.289703369140625 0.0494384765625 -0.127655029296875 -0.272735595703125
0.2735595703125 0.0557861328125 0.0439605712890625 0.215072631835938
0.193267822265625 -0.136337280273437 0.135101318359375 0.21905517578125
-0.0197296142578125 -0.201492309570313 0.281005859375 0.0944366455078125
-0.127975463867188 -0.0714874267578125 0.307525634765625 -0.09100341796875
-0.11798095703125 0.0526504516601563 0.15692138671875 -0.20953369140625
-0.0298004150390625 0.1055908203125 0.01910400390625 -0.1976318359375
0.0218963623046875 0.109115600585938 -0.035003662109375 -0.0984344482421875
0.00461578369140626 0.123550415039063 -0.0178260803222656 -0.0374946594238281
0.0225677490234375 0.14141845703125 0.00274658203125 0.0361785888671875
-0.042510986328125 0.146408081054688 -0.03125 0.0882492065429688
-0.1556396484375 0.0807952880859375 -0.117362976074219 0.0990524291992187
-0.18743896484375 -0.0932464599609375 -0.193771362304688 0.070892333984375
0.0209808349609375 -0.24261474609375 -0.222625732421875 -0.0276336669921875
0.2391357421875 -0.139297485351563 -0.216033935546875 -0.122787475585938
0.302032470703125 0.078826904296875 -0.065948486328125 -0.2255859375
0.219833374023438 0.0447998046875 0.10809326171875 0.256317138671875
0.153213500976563 -0.102310180664063 0.197036743164063 0.231964111328125
-0.00523376464843751 -0.145416259765625 0.324676513671875 0.065582275390625
-0.0786895751953125 -0.0533981323242188 0.315582275390625 -0.140167236328125
-0.0769805908203125 0.0306930541992188 0.145584106445313 -0.243057250976563
-0.02154541015625 0.071197509765625 0.00482177734374999 -0.221847534179688
0.0142364501953125 0.083465576171875 -0.0472946166992187 -0.12457275390625
0.000717163085937506 0.100120544433594 -0.0276107788085938 -0.0690040588378906
0.0100936889648438 0.123367309570313 -0.016352653503418 -0.0100135803222656
-0.0538177490234375 0.121414184570313 -0.036956787109375 0.0273208618164063
-0.148269653320313 0.0406341552734375 -0.086761474609375 0.0382537841796875
-0.139762878417969 -0.121437072753906 -0.13031005859375 0.0507431030273437
0.0780487060546875 -0.20294189453125 -0.187149047851563 0.0148773193359374
0.237106323242188 -0.0779266357421875 -0.207489013671875 -0.0983428955078125
0.256195068359375 0.09619140625 -0.00398254394531248 -0.177719116210938
0.13909912109375 0.0328750610351563 0.165069580078125 0.285491943359375
0.109611511230469 -0.05584716796875 0.253555297851563 0.224441528320313
0.0145339965820312 -0.088958740234375 0.34649658203125 0.0289306640625
-0.0322113037109375 -0.0392074584960938 0.30450439453125 -0.176971435546875
-0.0403556823730469 0.006927490234375 0.130966186523438 -0.256561279296875
-0.0155830383300781 0.0347747802734375 -0.00607299804687501 -0.227691650390625
0.00439834594726563 0.049041748046875 -0.05523681640625 -0.13775634765625
-0.00278854370117187 0.0625 -0.0343551635742188 -0.0902481079101562
-0.00220489501953125 0.0816802978515625 -0.0272750854492188 -0.0482063293457031
-0.0471878051757813 0.0701446533203125 -0.0328636169433594 -0.0187320709228516
-0.0967254638671875 -0.00249481201171874 -0.0493698120117188 0.00606536865234375
-0.0578765869140625 -0.103370666503906 -0.0821075439453125 0.0577774047851562
0.0955581665039062 -0.108528137207031 -0.191940307617187 0.0523223876953125
0.170028686523438 -0.009674072265625 -0.20965576171875 -0.0918121337890625
0.15545654296875 0.08843994140625 0.0479507446289063 -0.134132385253906
-0.0400123596191406 -0.0193443298339844 -0.107376098632813 0.15020751953125
-0.0248260498046875 -0.0184478759765625 0.183059692382813 0.124313354492188
-0.0533409118652344 0.00828933715820313 0.189910888671875 -0.0866241455078125
-0.0185508728027344 0.03253173828125 0.0722122192382813 -0.0901412963867188
0.0155258178710937 0.0209846496582031 0.0290431976318359 -0.0231075286865234
0.0199451446533203 -0.01336669921875 0.0171890258789063 0.0133695602416992
0.00917530059814453 -0.0152244567871094 0.0242767333984375 0.056915283203125
0.00643634796142578 -0.0101995468139648 0.0217132568359375 0.0899887084960938
0.00748395919799805 -0.00614118576049805 0.040802001953125 0.154632568359375
0.00760841369628906 0.00274658203125 0.0026397705078125 0.221893310546875
0.00515842437744141 0.00330686569213867 -0.0915374755859375 0.267608642578125
0.00063133239746094 0.0219154357910156 -0.261627197265625 0.218399047851562
-0.0335807800292969 0.0448074340820313 -0.40087890625 -0.000915527343749999
-0.0533790588378906 0.00973129272460937 -0.313079833984375 -0.17620849609375
-0.0773162841796875 -0.0375289916992188 -0.21075439453125 -0.336944580078125
0.0994796752929688 0.015045166015625 -0.114830017089844 0.132774353027344
0.100418090820313 -0.059844970703125 0.154434204101562 0.122589111328125
-0.021209716796875 -0.110198974609375 0.1783447265625 -0.066009521484375
-0.0873947143554687 -0.0418701171875 0.0880813598632812 -0.0752639770507812
-0.07354736328125 0.03509521484375 0.040618896484375 -0.0365753173828125
-0.0101966857910156 0.0523643493652344 0.0220546722412109 3.24249267578157E-05
0.0186882019042969 0.0396461486816406 0.0233497619628906 0.0517807006835938
0.00807952880859375 0.0392990112304687 0.020660400390625 0.0840911865234375
0.0164909362792969 0.03985595703125 0.0450439453125 0.151077270507813
0.0015716552734375 0.0412979125976563 0.011322021484375 0.219619750976563
-0.0235538482666016 0.0309238433837891 -0.0850677490234375 0.26812744140625
-0.044464111328125 0.0130805969238281 -0.256912231445313 0.229400634765625
-0.0476417541503906 -0.0139923095703125 -0.396026611328125 0.014312744140625
-0.000591278076171871 -0.0476455688476563 -0.33404541015625 -0.16339111328125
0.0336418151855469 -0.0225887298583984 -0.237060546875 -0.343963623046875
0.2127685546875 0.0422210693359375 -0.0944595336914063 0.1285400390625
0.194366455078125 -0.10504150390625 0.117729187011719 0.119789123535156
-0.00546264648437501 -0.20623779296875 0.163070678710937 -0.017791748046875
-0.14337158203125 -0.0942840576171875 0.133056640625 -0.0468978881835938
-0.140556335449219 0.049102783203125 0.0790634155273437 -0.0647811889648438
-0.0327911376953125 0.104148864746094 0.0309371948242187 -0.0411796569824219
0.0255279541015625 0.0862579345703125 0.0150203704833984 0.0233840942382813
0.00954437255859375 0.083465576171875 0.0142288208007813 0.0649261474609375
0.0255279541015625 0.0825271606445313 0.0459823608398437 0.138320922851563
-0.00239562988281251 0.0800094604492188 0.0141448974609375 0.209732055664063
-0.053619384765625 0.0608406066894531 -0.089263916015625 0.259506225585938
-0.094268798828125 0.00454711914062502 -0.259521484375 0.221237182617188
-0.0601577758789063 -0.0804977416992188 -0.38323974609375 0.008941650390625
0.0580825805664062 -0.106552124023438 -0.331878662109375 -0.1590576171875
0.144638061523438 -0.0068359375 -0.23345947265625 -0.335540771484375
0.28155517578125 0.055267333984375 -0.05621337890625 0.143157958984375
0.233535766601563 -0.145248413085938 0.091217041015625 0.141372680664063
-0.0158538818359375 -0.255889892578125 0.17657470703125 0.0447998046875
-0.175796508789063 -0.108535766601563 0.202392578125 -0.03497314453125
-0.168106079101562 0.0643768310546875 0.12249755859375 -0.111427307128906
-0.0411148071289062 0.132514953613281 0.03515625 -0.09979248046875
0.0290756225585937 0.1148681640625 -0.0014495849609375 -0.0175437927246094
0.0105514526367188 0.116371154785156 0.00374603271484375 0.035797119140625
0.0323486328125 0.116950988769531 0.0399703979492188 0.115806579589844
-0.00868225097656251 0.116584777832031 0.00698852539062499 0.188125610351563
-0.0897598266601563 0.0895156860351563 -0.105056762695313 0.23248291015625
-0.148086547851563 -0.0105743408203125 -0.260940551757813 0.189071655273437
-0.063018798828125 -0.153549194335938 -0.351287841796875 -0.012176513671875
0.123931884765625 -0.156036376953125 -0.303863525390625 -0.15557861328125
0.239456176757813 0.01373291015625 -0.20111083984375 -0.311981201171875
0.304473876953125 0.05731201171875 -0.00512695312499998 0.176254272460937
0.22589111328125 -0.161224365234375 0.100173950195313 0.183029174804688
-0.0297698974609375 -0.249969482421875 0.227920532226563 0.087646484375
-0.17144775390625 -0.0921630859375 0.271743774414062 -0.0572509765625
-0.1552734375 0.068450927734375 0.14996337890625 -0.170135498046875
-0.0375289916992187 0.131568908691406 0.0272369384765625 -0.159088134765625
0.0291976928710938 0.121185302734375 -0.0209579467773437 -0.0618667602539063
0.0100250244140625 0.130950927734375 -0.00829315185546875 -0.000282764434814447
0.0340957641601562 0.139724731445313 0.0249404907226563 0.0810775756835938
-0.02117919921875 0.145095825195313 -0.0103912353515625 0.148605346679687
-0.129150390625 0.103561401367188 -0.120651245117188 0.17950439453125
-0.191619873046875 -0.043609619140625 -0.243499755859375 0.135223388671875
-0.0401153564453125 -0.221115112304687 -0.29315185546875 -0.0292663574218751
0.192123413085938 -0.176986694335938 -0.262405395507813 -0.14117431640625
0.30377197265625 0.03985595703125 -0.14599609375 -0.275131225585938
0.28515625 0.05194091796875 0.0560150146484375 0.219009399414062
0.193572998046875 -0.147796630859375 0.148086547851562 0.21917724609375
-0.0275115966796875 -0.20709228515625 0.291900634765625 0.086090087890625
-0.132308959960938 -0.0703201293945313 0.311309814453125 -0.1077880859375
-0.119247436523438 0.0555572509765625 0.1519775390625 -0.223068237304688
-0.0301132202148438 0.107963562011719 0.011474609375 -0.203338623046875
0.0239791870117187 0.109893798828125 -0.0387039184570312 -0.099700927734375
0.00754547119140625 0.126510620117188 -0.0201606750488281 -0.0375595092773437
0.027435302734375 0.14410400390625 0.00380706787109375 0.0363197326660156
-0.0387420654296875 0.150772094726562 -0.0285873413085938 0.0913314819335938
-0.157882690429688 0.0875091552734375 -0.118232727050781 0.108436584472656
-0.198165893554688 -0.089691162109375 -0.195587158203125 0.083526611328125
0.013519287109375 -0.250640869140625 -0.227081298828125 -0.0168914794921875
0.242095947265625 -0.154296875 -0.227767944335938 -0.113845825195313
0.316741943359375 0.069671630859375 -0.079864501953125 -0.227554321289062
0.229888916015625 0.0423126220703125 0.123886108398438 0.260055541992188
0.152359008789063 -0.110763549804688 0.213882446289062 0.22979736328125
-0.0102081298828125 -0.150558471679688 0.335784912109375 0.054046630859375
-0.0806961059570312 -0.0530929565429688 0.317230224609375 -0.159210205078125
-0.0782699584960938 0.0316925048828125 0.13916015625 -0.256027221679687
-0.0224761962890625 0.0723342895507813 -0.0036773681640625 -0.227828979492187
0.0154647827148438 0.0845184326171875 -0.0512313842773437 -0.125770568847656
0.003662109375 0.102935791015625 -0.0307044982910156 -0.0698127746582031
0.0145034790039062 0.125251770019531 -0.0168743133544922 -0.0107021331787109
-0.0505752563476562 0.125297546386719 -0.0372734069824219 0.0296211242675781
-0.151382446289063 0.0462188720703125 -0.08966064453125 0.0434341430664063
-0.150054931640625 -0.120635986328125 -0.129730224609375 0.0596771240234375
0.074432373046875 -0.213958740234375 -0.18817138671875 0.026275634765625
0.243515014648437 -0.09124755859375 -0.217086791992188 -0.0878753662109375
0.269622802734375 0.08990478515625 -0.014495849609375 -0.179107666015625
0.145675659179688 0.0321044921875 0.1846923828125 0.28936767578125
0.110488891601563 -0.061492919921875 0.272232055664063 0.22015380859375
0.0119857788085937 -0.0928802490234375 0.3570556640625 0.013946533203125
-0.0324211120605469 -0.0405311584472656 0.303802490234375 -0.196197509765625
-0.0410614013671875 0.00671386718750001 0.124008178710938 -0.268890380859375
-0.0169296264648437 0.0361900329589844 -0.01416015625 -0.233306884765625
0.00543212890625 0.0489311218261719 -0.0593414306640625 -0.139877319335937
-0.001312255859375 0.06396484375 -0.0381622314453125 -0.0924072265625
0.000930786132812499 0.0841522216796875 -0.0299797058105469 -0.0495643615722656
-0.0457382202148437 0.0733642578125 -0.0346565246582031 -0.0182571411132812
-0.101020812988281 0.00105285644531252 -0.0513153076171875 0.00875091552734376
-0.0654830932617188 -0.105697631835938 -0.0802154541015625 0.0649032592773438
0.0959854125976563 -0.116607666015625 -0.191497802734375 0.0662078857421874
0.176467895507812 -0.017730712890625 -0.220550537109375 -0.079345703125
0.16461181640625 0.0853118896484375 0.0411376953125 -0.135673522949219
-0.0423164367675781 -0.0159988403320312 -0.0976409912109375 0.154144287109375
-0.0282535552978516 -0.018096923828125 0.193893432617188 0.110397338867188
-0.0545806884765625 0.0127296447753906 0.183578491210938 -0.099334716796875
-0.0168571472167969 0.034881591796875 0.0650863647460938 -0.0958786010742188
0.0168800354003906 0.0201148986816406 0.0267429351806641 -0.0258445739746094
0.0188865661621094 -0.0149250030517578 0.0175704956054687 0.013646125793457
0.00772476196289063 -0.0166425704956055 0.026275634765625 0.0577011108398438
0.00503730773925781 -0.0110893249511719 0.0257492065429688 0.0922470092773438
0.0074310302734375 -0.00735330581665039 0.04925537109375 0.155715942382813
0.0079655647277832 0.00162124633789063 0.0133056640625 0.222808837890625
0.00426983833312988 0.00314640998840332 -0.077301025390625 0.274765014648437
0.000967025756835937 0.0220813751220703 -0.2503662109375 0.237899780273437
-0.0304336547851563 0.048553466796875 -0.403411865234375 0.0274658203124999
-0.0541267395019531 0.0117034912109375 -0.32781982421875 -0.160308837890625
-0.0813980102539062 -0.0341110229492188 -0.236083984375 -0.332122802734375
0.102615356445313 0.0111618041992188 -0.105484008789063 0.13616943359375
0.097381591796875 -0.0665969848632813 0.165786743164063 0.1099853515625
-0.0283584594726562 -0.108772277832031 0.1734619140625 -0.0778045654296875
-0.0901565551757813 -0.0367050170898437 0.0826568603515625 -0.0820846557617188
-0.072784423828125 0.0392532348632812 0.0384407043457031 -0.0402793884277344
-0.00828933715820313 0.0525970458984375 0.021331787109375 -0.00115776062011718
0.0201454162597656 0.0389518737792969 0.025909423828125 0.051910400390625
0.00892257690429688 0.0388832092285156 0.0239028930664062 0.0858917236328125
0.0179672241210938 0.0382270812988281 0.0524444580078125 0.152297973632813
0.00343704223632813 0.0407257080078125 0.0228729248046875 0.2197265625
-0.0230216979980469 0.0312919616699219 -0.0703125 0.275238037109375
-0.0454330444335938 0.0149650573730469 -0.244049072265625 0.248916625976562
-0.0454177856445313 -0.0100860595703125 -0.3973388671875 0.04168701171875
-0.00294113159179688 -0.0487937927246094 -0.348846435546875 -0.146759033203125
0.0323581695556641 -0.0247116088867188 -0.26318359375 -0.337554931640625
0.219802856445312 0.0327911376953125 -0.084808349609375 0.131736755371094
0.190185546875 -0.116912841796875 0.127304077148438 0.109237670898437
-0.0178680419921875 -0.20794677734375 0.160202026367188 -0.02777099609375
-0.150054931640625 -0.0880279541015625 0.129776000976563 -0.0561676025390625
-0.140121459960938 0.0565567016601562 0.0750579833984375 -0.0713043212890625
-0.0290145874023438 0.10614013671875 0.0279502868652344 -0.0436592102050781
0.0287628173828125 0.0853195190429687 0.0160675048828125 0.023895263671875
0.0115509033203125 0.0843505859375 0.0166397094726562 0.067047119140625
0.029296875 0.0803298950195313 0.05352783203125 0.138290405273438
0.00141143798828125 0.0790481567382813 0.0255126953125 0.210403442382813
-0.0520095825195313 0.0631484985351562 -0.0750579833984375 0.267227172851563
-0.0952072143554688 0.00889587402343748 -0.246749877929687 0.24072265625
-0.0620803833007813 -0.0773086547851562 -0.38531494140625 0.034515380859375
0.0535049438476563 -0.111907958984375 -0.345977783203125 -0.1405029296875
0.146728515625 -0.014373779296875 -0.259521484375 -0.32763671875
0.290924072265625 0.04302978515625 -0.045562744140625 0.144256591796875
0.22845458984375 -0.1602783203125 0.10107421875 0.133026123046875
-0.0307159423828125 -0.256927490234375 0.178756713867188 0.035675048828125
-0.183975219726562 -0.100509643554688 0.2015380859375 -0.047332763671875
-0.166839599609375 0.0731201171875 0.11639404296875 -0.121566772460938
-0.0360870361328125 0.13470458984375 0.0288238525390625 -0.102775573730469
0.0336837768554688 0.113296508789062 -0.00216960906982422 -0.0171709060668945
0.0146636962890625 0.117706298828125 0.00530624389648437 0.0375785827636719
0.03851318359375 0.11553955078125 0.0466461181640625 0.115592956542969
-0.00245666503906249 0.116561889648438 0.0174713134765625 0.188735961914062
-0.0864334106445312 0.093658447265625 -0.093017578125 0.241790771484375
-0.150619506835938 -0.00411987304687503 -0.250350952148438 0.209716796875
-0.069549560546875 -0.150741577148438 -0.354583740234375 0.0100708007812499
0.1173095703125 -0.165817260742188 -0.318878173828125 -0.13800048828125
0.245986938476563 0.0011138916015625 -0.2255859375 -0.3040771484375
0.312896728515625 0.044219970703125 0.0076904296875 0.17608642578125
0.219085693359375 -0.175247192382813 0.11187744140625 0.176986694335938
-0.0443572998046875 -0.2508544921875 0.234283447265625 0.0758056640625
-0.176315307617188 -0.0855560302734375 0.269927978515625 -0.075347900390625
-0.153884887695313 0.0767059326171875 0.140274047851563 -0.182281494140625
-0.0328445434570313 0.133758544921875 0.017852783203125 -0.162261962890625
0.0334701538085937 0.12054443359375 -0.02410888671875 -0.0608596801757812
0.0147705078125 0.132705688476563 -0.00809526443481445 0.00144290924072267
0.04083251953125 0.138420104980469 0.0301055908203125 0.0813140869140625
-0.0132293701171875 0.145904541015625 -0.00236511230468749 0.15008544921875
-0.125244140625 0.109748840332031 -0.112030029296875 0.18927001953125
-0.196746826171875 -0.0341949462890625 -0.2364501953125 0.153915405273438
-0.05108642578125 -0.221328735351562 -0.29595947265625 -0.0111083984375
0.185302734375 -0.1912841796875 -0.27471923828125 -0.1248779296875
0.311676025390625 0.025146484375 -0.166397094726563 -0.267852783203125
0.293975830078125 0.04022216796875 0.072967529296875 0.216522216796875
0.187408447265625 -0.159408569335938 0.16326904296875 0.2117919921875
-0.0399169921875 -0.207427978515625 0.298492431640625 0.06951904296875
-0.135894775390625 -0.0651931762695312 0.3062744140625 -0.128814697265625
-0.117904663085938 0.0613250732421875 0.139358520507812 -0.235931396484375
-0.0267257690429688 0.109886169433594 -0.000350952148437506 -0.205963134765625
0.0285263061523437 0.108787536621094 -0.0429916381835937 -0.098480224609375
0.0127944946289063 0.128173828125 -0.0221214294433594 -0.0362701416015625
0.035064697265625 0.1439208984375 0.00616455078125 0.0371513366699219
-0.030975341796875 0.152679443359375 -0.023681640625 0.0939483642578125
-0.154876708984375 0.095703125 -0.114158630371094 0.117431640625
-0.20587158203125 -0.0803070068359375 -0.191162109375 0.0982818603515625
0.00215148925781249 -0.255783081054688 -0.227432250976562 -0.00242614746093747
0.237564086914063 -0.172012329101563 -0.2371826171875 -0.097747802734375
0.3267822265625 0.053619384765625 -0.09698486328125 -0.222305297851562
0.237808227539063 0.0340576171875 0.142822265625 0.2562255859375
0.148300170898438 -0.12030029296875 0.230010986328125 0.220245361328125
-0.0183868408203125 -0.15155029296875 0.341796875 0.0325927734375
-0.08343505859375 -0.0516891479492188 0.308563232421875 -0.181060791015625
-0.0772323608398438 0.0349884033203125 0.124618530273438 -0.267333984375
-0.0214004516601562 0.074432373046875 -0.015869140625 -0.229217529296875
0.0188140869140625 0.0828704833984375 -0.056427001953125 -0.125221252441406
0.00823211669921874 0.104049682617188 -0.0346107482910156 -0.0694198608398438
0.0214080810546875 0.125381469726563 -0.0177726745605469 -0.00977134704589843
-0.0443267822265625 0.128021240234375 -0.0360374450683594 0.0319175720214844
-0.151885986328125 0.05419921875 -0.0886001586914063 0.0503387451171875
-0.159576416015625 -0.114654541015625 -0.125701904296875 0.069061279296875
0.0651397705078125 -0.222259521484375 -0.184906005859375 0.039703369140625
0.242218017578125 -0.108612060546875 -0.225189208984375 -0.070648193359375
0.280685424804688 0.07623291015625 -0.0270843505859375 -0.175872802734375
0.151931762695313 0.02874755859375 0.20654296875 0.283599853515625
0.10797119140625 -0.069427490234375 0.289459228515625 0.205810546875
0.00664520263671876 -0.0960464477539063 0.360626220703125 -0.00939941406250001
-0.033843994140625 -0.041107177734375 0.293792724609375 -0.2174072265625
-0.0416946411132813 0.00816345214843749 0.108413696289062 -0.27996826171875
-0.01788330078125 0.0363616943359375 -0.0258331298828125 -0.234756469726562
0.00717544555664063 0.0481224060058594 -0.064056396484375 -0.139801025390625
0.00158691406250001 0.0645027160644531 -0.0432662963867188 -0.0930862426757813
0.00531005859375001 0.0843734741210938 -0.0329933166503906 -0.0487709045410156
-0.0422592163085938 0.0755996704101563 -0.03582763671875 -0.0169677734375
-0.10284423828125 0.00521850585937499 -0.0518531799316406 0.0121917724609375
-0.0733642578125 -0.1041259765625 -0.0744247436523437 0.0714569091796875
0.0927505493164063 -0.124900817871094 -0.185516357421875 0.0819244384765625
0.1790771484375 -0.03070068359375 -0.228286743164063 -0.061676025390625
0.174224853515625 0.077606201171875 0.03173828125 -0.134651184082031
-0.0423469543457031 -0.012359619140625 -0.0858306884765625 0.152359008789062
-0.0308799743652344 -0.0166511535644531 0.198776245117188 0.09271240234375
-0.0538291931152344 0.0164108276367187 0.172149658203125 -0.109603881835938
-0.014984130859375 0.0355873107910156 0.05670166015625 -0.0983047485351563
0.0175418853759766 0.0187416076660156 0.0235939025878906 -0.0276565551757812
0.0174627304077148 -0.0168256759643555 0.0181102752685547 0.0128688812255859
0.00676441192626953 -0.0167407989501953 0.0284538269042969 0.0567779541015625
0.00368785858154297 -0.0117378234863281 0.0290145874023437 0.0922012329101563
0.00707244873046875 -0.00876188278198242 0.0550537109375 0.152755737304688
0.00823450088500977 0.000606536865234375 0.0227203369140625 0.218551635742187
0.00356125831604004 0.00362038612365723 -0.0611419677734375 0.274688720703125
0.00122642517089844 0.0220413208007813 -0.230850219726563 0.248809814453125
-0.025360107421875 0.0504951477050781 -0.393798828125 0.0518188476562499
-0.053375244140625 0.0129013061523437 -0.33367919921875 -0.141448974609375
-0.0839691162109375 -0.0291976928710938 -0.25372314453125 -0.318939208984375
0.103546142578125 0.00775146484375 -0.0947799682617187 0.13494873046875
0.0911178588867187 -0.07122802734375 0.170516967773438 0.0940093994140625
-0.0341339111328125 -0.105308532714844 0.163681030273438 -0.087310791015625
-0.09039306640625 -0.0322952270507813 0.07464599609375 -0.0858993530273438
-0.07025146484375 0.0423660278320313 0.0339241027832031 -0.0431098937988281
-0.00626373291015625 0.0520706176757813 0.0200977325439453 -0.00169944763183593
0.0206642150878906 0.0372543334960938 0.0280418395996094 0.0502128601074219
0.0091094970703125 0.0383834838867188 0.0270233154296875 0.0859222412109375
0.0188484191894531 0.0366744995117188 0.05908203125 0.148635864257812
0.00603103637695312 0.03875732421875 0.03192138671875 0.214767456054687
-0.0225372314453125 0.0315933227539062 -0.05419921875 0.274078369140625
-0.0442886352539063 0.0167732238769531 -0.224380493164063 0.259597778320313
-0.0433311462402344 -0.00711059570312501 -0.387298583984375 0.065948486328125
-0.00604629516601563 -0.0485687255859375 -0.35357666015625 -0.125
0.0305442810058594 -0.0255699157714844 -0.281005859375 -0.3206787109375
0.221694946289062 0.0226287841796875 -0.073760986328125 0.129463195800781
0.181076049804688 -0.1259765625 0.132453918457031 0.0959396362304687
-0.029052734375 -0.202880859375 0.1539306640625 -0.0368194580078125
-0.151748657226563 -0.079437255859375 0.122833251953125 -0.06280517578125
-0.13616943359375 0.0630722045898437 0.068634033203125 -0.0755615234375
-0.0234603881835938 0.105720520019531 0.0242691040039063 -0.0448875427246094
0.031646728515625 0.0820388793945313 0.0171718597412109 0.0227794647216797
0.0146942138671875 0.0831985473632813 0.0195350646972656 0.0676651000976563
0.031890869140625 0.0774688720703125 0.0592422485351563 0.13531494140625
0.00460815429687499 0.0767745971679688 0.0352630615234375 0.204864501953125
-0.04888916015625 0.0637855529785156 -0.059539794921875 0.268234252929688
-0.09405517578125 0.0130615234375 -0.227020263671875 0.253387451171875
-0.0619125366210938 -0.0725250244140625 -0.376068115234375 0.0580139160156249
0.0470657348632812 -0.113845825195313 -0.3502197265625 -0.119384765625
0.144851684570312 -0.0200653076171875 -0.277130126953125 -0.31011962890625
0.292266845703125 0.0299072265625 -0.0340423583984375 0.139846801757813
0.216766357421875 -0.169387817382813 0.107093811035156 0.121559143066406
-0.0440826416015625 -0.25079345703125 0.1754150390625 0.02545166015625
-0.185531616210938 -0.090972900390625 0.194869995117187 -0.058502197265625
-0.161224365234375 0.08001708984375 0.106719970703125 -0.127479553222656
-0.0299606323242188 0.134231567382813 0.0220565795898437 -0.103630065917969
0.0374908447265625 0.109657287597656 -0.00286579132080078 -0.0166692733764648
0.018341064453125 0.116203308105469 0.00666427612304687 0.0387992858886719
0.0422134399414062 0.111091613769531 0.0517807006835938 0.1121826171875
0.00266265869140624 0.11297607421875 0.0265960693359375 0.183929443359375
-0.0814971923828125 0.0952911376953125 -0.0779571533203125 0.24493408203125
-0.14886474609375 0.00267028808593751 -0.232925415039063 0.22198486328125
-0.0727996826171875 -0.145523071289063 -0.346466064453125 0.0310363769531249
0.107696533203125 -0.170425415039062 -0.322235107421875 -0.11724853515625
0.244140625 -0.0098114013671875 -0.241607666015625 -0.287261962890625
0.314483642578125 0.03057861328125 0.01934814453125 0.169097900390625
0.207595825195313 -0.1837158203125 0.120010375976562 0.165313720703125
-0.0570220947265625 -0.244155883789063 0.2332763671875 0.0621185302734375
-0.177642822265625 -0.0771942138671875 0.260818481445312 -0.0898590087890625
-0.148300170898438 0.08197021484375 0.126800537109375 -0.18878173828125
-0.0274276733398437 0.133308410644531 0.00816345214843751 -0.160736083984375
0.0371475219726563 0.116134643554688 -0.0257225036621094 -0.059356689453125
0.0201950073242187 0.131111145019531 -0.00791645050048828 0.00301122665405274
0.0459060668945313 0.133491516113281 0.0341644287109375 0.0783157348632813
-0.0063934326171875 0.141555786132813 0.0051727294921875 0.147186279296875
-0.118682861328125 0.113540649414063 -0.1005859375 0.19439697265625
-0.195968627929688 -0.0237884521484375 -0.222732543945313 0.167129516601562
-0.0591278076171875 -0.21588134765625 -0.2900390625 0.00570678710937495
0.173324584960938 -0.199813842773438 -0.277618408203125 -0.105804443359375
0.31146240234375 0.009490966796875 -0.18133544921875 -0.252120971679688
0.295440673828125 0.02740478515625 0.085662841796875 0.207611083984375
0.176910400390625 -0.165908813476563 0.173065185546875 0.198257446289063
-0.049652099609375 -0.2020263671875 0.296722412109375 0.05230712890625
-0.136161804199219 -0.0602569580078125 0.293975830078125 -0.145751953125
-0.113410949707031 0.064208984375 0.122573852539063 -0.240478515625
-0.0230255126953125 0.109481811523438 -0.0111846923828125 -0.203094482421875
0.0310592651367187 0.104278564453125 -0.0456771850585938 -0.0955123901367187
0.0174789428710937 0.126792907714844 -0.0229549407958984 -0.0340766906738281
0.0410079956054688 0.138999938964844 0.0084075927734375 0.0366973876953125
-0.0234222412109375 0.149642944335938 -0.0182723999023438 0.0934295654296875
-0.149307250976563 0.1014404296875 -0.106796264648438 0.123992919921875
-0.208160400390625 -0.068115234375 -0.180023193359375 0.108810424804687
-0.00935363769531251 -0.254013061523437 -0.221328735351563 0.010498046875
0.225616455078125 -0.18359375 -0.23858642578125 -0.0796966552734375
0.328887939453125 0.037445068359375 -0.109588623046875 -0.210433959960938
0.239639282226563 0.024322509765625 0.157669067382813 0.243148803710937
0.140548706054688 -0.125663757324219 0.240570068359375 0.202789306640625
-0.0260009765625 -0.148651123046875 0.337158203125 0.012969970703125
-0.0832672119140625 -0.0493087768554687 0.29168701171875 -0.19708251953125
-0.0750961303710937 0.036224365234375 0.107040405273437 -0.2705078125
-0.0202484130859375 0.074249267578125 -0.0269927978515625 -0.225006103515625
0.0205764770507813 0.0794143676757813 -0.059051513671875 -0.12152099609375
0.0114288330078125 0.103630065917969 -0.0373420715332031 -0.0668792724609375
0.026947021484375 0.122047424316406 -0.0175676345825195 -0.00840950012207031
-0.037811279296875 0.127029418945312 -0.0342769622802734 0.0332145690917969
-0.14794921875 0.0600738525390625 -0.0854263305664063 0.0557022094726563
-0.164199829101563 -0.105804443359375 -0.116683959960938 0.0761947631835937
0.0544281005859375 -0.22540283203125 -0.175506591796875 0.050689697265625
0.234939575195312 -0.12200927734375 -0.2252197265625 -0.0518951416015625
0.283966064453125 0.061492919921875 -0.037689208984375 -0.166641235351563
0.15509033203125 0.02325439453125 0.222427368164062 0.2689208984375
0.10235595703125 -0.074005126953125 0.298583984375 0.186981201171875
0.00145721435546876 -0.0948944091796875 0.353729248046875 -0.0301513671875
-0.0347709655761719 -0.0410652160644531 0.274459838867188 -0.231857299804687
-0.0413742065429687 0.00856018066406249 0.090667724609375 -0.281951904296875
-0.0174484252929688 0.0368156433105469 -0.0361175537109375 -0.229904174804688
0.00850677490234375 0.0464553833007812 -0.0676651000976563 -0.135498046875
0.0045013427734375 0.0646286010742188 -0.0469512939453125 -0.0897216796875
0.0096282958984375 0.0828857421875 -0.0349197387695313 -0.04644775390625
-0.038238525390625 0.0754241943359375 -0.0365753173828125 -0.0156211853027344
-0.102348327636719 0.010406494140625 -0.0507125854492188 0.0156135559082031
-0.0788040161132813 -0.100692749023437 -0.066436767578125 0.0752182006835937
0.0870437622070313 -0.130477905273438 -0.1737060546875 0.0939483642578125
0.176132202148438 -0.0417022705078125 -0.22821044921875 -0.0424346923828125
0.177276611328125 0.0686187744140625 0.0228347778320313 -0.129196166992188
-0.0407829284667969 -0.00995635986328126 -0.0775604248046875 0.14532470703125
-0.0325260162353516 -0.0147724151611328 0.196914672851563 0.0775299072265625
-0.0524101257324219 0.0192375183105469 0.161666870117188 -0.113662719726563
-0.0135459899902344 0.0355148315429688 0.0485382080078125 -0.0973052978515625
0.0178451538085938 0.0185089111328125 0.0208168029785156 -0.0278778076171875
0.0165872573852539 -0.0165748596191406 0.0171337127685547 0.012542724609375
0.00517749786376953 -0.0170583724975586 0.0287857055664063 0.0555610656738281
0.00295066833496094 -0.0114927291870117 0.0305023193359375 0.0920333862304688
0.00655269622802734 -0.00887584686279297 0.0570526123046875 0.148391723632813
0.00842618942260742 0.000230312347412109 0.0268707275390625 0.211669921875
0.00261402130126953 0.00437164306640625 -0.051513671875 0.269271850585938
0.00131607055664062 0.0217437744140625 -0.213882446289063 0.250228881835937
-0.0216751098632813 0.0503158569335938 -0.378387451171875 0.0661621093750001
-0.0529747009277344 0.0136070251464844 -0.33026123046875 -0.127716064453125
-0.0837249755859375 -0.025421142578125 -0.259796142578125 -0.30517578125
0.103858947753906 0.0052490234375 -0.0871658325195313 0.128616333007813
0.0863876342773437 -0.0723953247070313 0.169876098632812 0.07989501953125
-0.036895751953125 -0.10107421875 0.15338134765625 -0.0917510986328125
-0.0891265869140625 -0.029327392578125 0.06744384765625 -0.08648681640625
-0.0676651000976563 0.0437088012695312 0.029510498046875 -0.0433158874511719
-0.0051727294921875 0.0498809814453125 0.019073486328125 -0.00245475769042968
0.0209541320800781 0.0347042083740234 0.0279693603515625 0.0488815307617188
0.00938034057617188 0.0376701354980469 0.0285491943359375 0.0856170654296875
0.0186481475830078 0.034393310546875 0.0612030029296875 0.14410400390625
0.00575637817382813 0.0363197326660156 0.0352935791015625 0.207672119140625
-0.0221748352050781 0.0313510894775391 -0.044586181640625 0.267913818359375
-0.0430526733398438 0.0171432495117187 -0.20623779296875 0.2606201171875
-0.0392265319824219 -0.00568771362304687 -0.3721923828125 0.0788269042968749
-0.00770187377929687 -0.0475006103515625 -0.3502197265625 -0.109954833984375
0.0295162200927734 -0.0244503021240234 -0.287017822265625 -0.30633544921875
0.219619750976563 0.017913818359375 -0.0667953491210937 0.1217041015625
0.172836303710938 -0.127944946289063 0.132461547851563 0.0829620361328125
-0.034332275390625 -0.196640014648438 0.145843505859375 -0.040802001953125
-0.150466918945312 -0.0743408203125 0.115150451660156 -0.0651321411132812
-0.131706237792969 0.0658187866210938 0.0620803833007812 -0.0764846801757812
-0.0213546752929687 0.103309631347656 0.0222549438476562 -0.0446319580078125
0.0321502685546875 0.078460693359375 0.0168266296386719 0.0222988128662109
0.0158538818359375 0.0818328857421875 0.0204811096191406 0.0668563842773437
0.0322265625 0.0739898681640625 0.0615997314453125 0.13116455078125
0.00627136230468749 0.0723114013671875 0.0393524169921875 0.197601318359375
-0.0471572875976563 0.0625534057617188 -0.0488433837890625 0.263107299804688
-0.091461181640625 0.0142745971679687 -0.209609985351563 0.2554931640625
-0.0590324401855469 -0.0689697265625 -0.361602783203125 0.0692138671875
0.0420379638671875 -0.111915588378906 -0.3468017578125 -0.104248046875
0.14227294921875 -0.0225677490234375 -0.281646728515625 -0.2945556640625
0.288970947265625 0.02252197265625 -0.02825927734375 0.131912231445313
0.20635986328125 -0.170639038085938 0.10791015625 0.110305786132812
-0.0499114990234375 -0.242813110351563 0.169387817382813 0.01953125
-0.183380126953125 -0.08441162109375 0.185836791992188 -0.0637359619140625
-0.15557861328125 0.08197021484375 0.0979766845703125 -0.128646850585938
-0.0263214111328125 0.131065368652344 0.0174331665039063 -0.102226257324219
0.038177490234375 0.104080200195313 -0.00313472747802734 -0.0168399810791016
0.020355224609375 0.113639831542969 0.007843017578125 0.0390739440917969
0.0427093505859375 0.106132507324219 0.0539932250976563 0.108650207519531
0.0045013427734375 0.10748291015625 0.0303192138671875 0.177963256835938
-0.0773696899414062 0.0935134887695313 -0.0680084228515625 0.24139404296875
-0.144668579101563 0.00643920898437499 -0.217117309570313 0.226058959960938
-0.07232666015625 -0.140838623046875 -0.334381103515625 0.0424194335937499
0.100265502929687 -0.169235229492188 -0.31884765625 -0.10174560546875
0.240005493164063 -0.015411376953125 -0.246795654296875 -0.271377563476563
0.31072998046875 0.0225830078125 0.0245819091796875 0.15960693359375
0.197174072265625 -0.183212280273438 0.121246337890625 0.15380859375
-0.06219482421875 -0.23583984375 0.227920532226563 0.0531768798828125
-0.174560546875 -0.07220458984375 0.249237060546875 -0.096038818359375
-0.141937255859375 0.0823211669921875 0.116439819335937 -0.188766479492188
-0.0247039794921875 0.129554748535156 0.00271606445312501 -0.157608032226563
0.0378189086914063 0.111495971679688 -0.0257797241210937 -0.0575447082519531
0.0215606689453125 0.128684997558594 -0.00753307342529297 0.00420188903808595
0.0476608276367188 0.128669738769531 0.0364761352539063 0.0760269165039063
-0.0031890869140625 0.136222839355469 0.00906372070312501 0.14208984375
-0.112495422363281 0.11273193359375 -0.0913848876953125 0.194580078125
-0.1917724609375 -0.0186767578125 -0.2083740234375 0.171249389648438
-0.0615386962890625 -0.210006713867188 -0.280258178710938 0.01556396484375
0.162734985351563 -0.201309204101563 -0.274124145507813 -0.091156005859375
0.307373046875 0.001800537109375 -0.18572998046875 -0.238235473632812
0.292816162109375 0.0205078125 0.090850830078125 0.196441650390625
0.16778564453125 -0.165283203125 0.17486572265625 0.185394287109375
-0.0531463623046875 -0.194595336914063 0.288665771484375 0.04119873046875
-0.133071899414063 -0.0576019287109375 0.279281616210938 -0.151229858398438
-0.10888671875 0.0641021728515625 0.110595703125 -0.238800048828125
-0.0209808349609375 0.106399536132812 -0.017242431640625 -0.1976318359375
0.0315780639648438 0.100051879882813 -0.045928955078125 -0.0932235717773438
0.0193710327148437 0.124114990234375 -0.0231456756591797 -0.0321922302246094
0.0426025390625 0.133438110351563 0.0103111267089844 0.0354995727539063
-0.018646240234375 0.144729614257813 -0.0157546997070312 0.0909423828125
-0.14300537109375 0.102828979492188 -0.100639343261719 0.12548828125
-0.20574951171875 -0.0617523193359375 -0.168624877929688 0.11260986328125
-0.0150299072265625 -0.249191284179688 -0.211166381835938 0.0172271728515624
0.214874267578125 -0.186981201171875 -0.234405517578125 -0.0655670166015625
0.32470703125 0.027801513671875 -0.114761352539062 -0.197677612304688
0.237991333007813 0.0191497802734375 0.163238525390625 0.23126220703125
0.133491516113281 -0.125785827636719 0.241302490234375 0.189071655273438
-0.0293121337890625 -0.143508911132813 0.327056884765625 0.00189208984374999
-0.08203125 -0.0489959716796875 0.275482177734375 -0.201553344726562
-0.072540283203125 0.0356292724609375 0.0936126708984375 -0.26708984375
-0.018951416015625 0.0729293823242188 -0.032623291015625 -0.218505859375
0.0209426879882813 0.0760498046875 -0.05975341796875 -0.118804931640625
0.01324462890625 0.100852966308594 -0.0373039245605469 -0.0640335083007812
0.02978515625 0.118255615234375 -0.0165643692016602 -0.00775146484374999
-0.0332107543945313 0.122856140136719 -0.0326747894287109 0.0322837829589844
-0.143814086914062 0.062469482421875 -0.0821533203125 0.0584335327148438
-0.164581298828125 -0.0988006591796875 -0.108047485351563 0.0785903930664062
0.048797607421875 -0.22357177734375 -0.16522216796875 0.05584716796875
0.225845336914062 -0.12811279296875 -0.220474243164063 -0.0376739501953125
0.281829833984375 0.0531005859375 -0.042724609375 -0.156204223632813
0.156097412109375 0.0196380615234375 0.22772216796875 0.25433349609375
0.0973281860351563 -0.0747604370117188 0.2974853515625 0.171173095703125
-0.00167083740234374 -0.0921249389648438 0.341461181640625 -0.040802001953125
-0.0345344543457031 -0.041290283203125 0.257080078125 -0.23504638671875
-0.0400390625 0.00812911987304688 0.0782623291015625 -0.276397705078125
-0.01763916015625 0.0370292663574219 -0.040252685546875 -0.223419189453125
0.00833511352539062 0.0432548522949219 -0.066986083984375 -0.133056640625
0.00612258911132812 0.0626640319824219 -0.0480270385742188 -0.0874252319335937
0.0117034912109375 0.0805206298828125 -0.03515625 -0.0448074340820312
-0.0352249145507812 0.0736770629882813 -0.0360031127929688 -0.0144233703613281
-0.100677490234375 0.0124282836914063 -0.048736572265625 0.0169258117675781
-0.0801620483398437 -0.0972442626953125 -0.0586624145507813 0.0755538940429687
0.0828094482421875 -0.132270812988281 -0.161849975585938 0.0990753173828125
0.171218872070312 -0.0481719970703125 -0.223434448242188 -0.0281524658203125
0.177719116210938 0.062591552734375 0.0185470581054688 -0.120429992675781
-0.0392723083496094 -0.00918579101562499 -0.07440185546875 0.137832641601562
-0.0339088439941406 -0.0149955749511719 0.19378662109375 0.0680389404296875
-0.0515213012695312 0.0205268859863281 0.154708862304687 -0.114486694335937
-0.0132064819335938 0.0358505249023438 0.0439376831054688 -0.0954742431640625
0.0178623199462891 0.0189838409423828 0.0184078216552734 -0.0265903472900391
0.0158662796020508 -0.016779899597168 0.0177135467529297 0.0119037628173828
0.00615692138671875 -0.0170869827270508 0.0285263061523438 0.055206298828125
0.00302028656005859 -0.0109977722167969 0.0295486450195313 0.0924301147460938
0.00607967376708984 -0.00930213928222656 0.056121826171875 0.146957397460938
0.00831174850463867 -0.000513076782226563 0.0255279541015625 0.2076416015625
0.00225830078125 0.00527429580688477 -0.048736572265625 0.2646484375
0.000560760498046877 0.0221595764160156 -0.2042236328125 0.24822998046875
-0.0193977355957031 0.0490036010742188 -0.3687744140625 0.0700378417968751
-0.0524215698242188 0.0131874084472656 -0.32708740234375 -0.122283935546875
-0.08349609375 -0.0239181518554688 -0.260650634765625 -0.3006591796875
0.10406494140625 0.00485992431640625 -0.08355712890625 0.120765686035156
0.0834503173828125 -0.0718231201171875 0.16754150390625 0.0700225830078125
-0.03643798828125 -0.0981597900390625 0.147705078125 -0.0923614501953125
-0.0880508422851563 -0.0283966064453125 0.0627517700195313 -0.084716796875
-0.0666351318359375 0.0446014404296875 0.0269927978515625 -0.0424232482910156
-0.00481414794921876 0.0490493774414063 0.0183696746826172 -0.00249862670898437
0.0202922821044922 0.0335578918457031 0.0276870727539062 0.0488052368164062
0.00947189331054687 0.03790283203125 0.02850341796875 0.086151123046875
0.0181522369384766 0.0336036682128906 0.0601348876953125 0.142715454101563
0.00528144836425781 0.0342788696289063 0.0338592529296875 0.203216552734375
-0.0222301483154297 0.031097412109375 -0.0415496826171875 0.26416015625
-0.0424842834472656 0.0170097351074219 -0.197219848632813 0.25848388671875
-0.0363235473632813 -0.00608444213867188 -0.361328125 0.082275390625
-0.00882720947265625 -0.0471763610839844 -0.3468017578125 -0.1053466796875
0.0296230316162109 -0.0224838256835937 -0.287872314453125 -0.301116943359375
0.219253540039063 0.0167999267578125 -0.06439208984375 0.114089965820312
0.169265747070313 -0.126632690429688 0.1300048828125 0.0737380981445312
-0.0343170166015625 -0.191909790039063 0.139976501464844 -0.0422821044921875
-0.14910888671875 -0.0738677978515625 0.110603332519531 -0.06463623046875
-0.128799438476563 0.065765380859375 0.0588531494140625 -0.0759353637695313
-0.02117919921875 0.101112365722656 0.020660400390625 -0.0443649291992187
0.031097412109375 0.0757293701171875 0.0166225433349609 0.0217494964599609
0.0149459838867188 0.0810089111328125 0.0203704833984375 0.0676651000976563
0.030792236328125 0.072845458984375 0.0611038208007813 0.129486083984375
0.00543975830078125 0.0696525573730469 0.0378875732421875 0.193267822265625
-0.0464897155761719 0.0608444213867188 -0.0456390380859375 0.259246826171875
-0.0901412963867188 0.0137100219726563 -0.2003173828125 0.253448486328125
-0.0554924011230469 -0.0686798095703125 -0.3521728515625 0.0733032226562499
0.040283203125 -0.110374450683594 -0.343017578125 -0.09771728515625
0.142181396484375 -0.0216522216796875 -0.28192138671875 -0.288116455078125
0.28765869140625 0.02093505859375 -0.0262908935546875 0.123771667480469
0.202255249023438 -0.168792724609375 0.105255126953125 0.102005004882812
-0.0500335693359375 -0.2374267578125 0.163986206054688 0.0179290771484375
-0.180206298828125 -0.083526611328125 0.18084716796875 -0.063690185546875
-0.152816772460938 0.0811309814453125 0.0934371948242188 -0.127883911132813
-0.0265655517578125 0.128097534179688 0.015533447265625 -0.101264953613281
0.0366592407226562 0.100982666015625 -0.00304985046386718 -0.0166950225830078
0.0198898315429687 0.112823486328125 0.00827407836914063 0.0393486022949219
0.0411376953125 0.104072570800781 0.0541610717773438 0.106834411621094
0.00356292724609375 0.103805541992188 0.03057861328125 0.173995971679688
-0.0759429931640625 0.0911712646484375 -0.06414794921875 0.23858642578125
-0.142318725585938 0.00566101074218753 -0.207183837890625 0.224502563476563
-0.0695266723632812 -0.138710021972656 -0.32635498046875 0.0451660156249999
0.0963287353515625 -0.167068481445312 -0.3154296875 -0.09588623046875
0.239517211914063 -0.0147857666015625 -0.246795654296875 -0.264663696289063
0.30975341796875 0.022247314453125 0.0257415771484375 0.1519775390625
0.193405151367188 -0.180496215820313 0.120361328125 0.147079467773438
-0.0606689453125 -0.230270385742187 0.22247314453125 0.0509796142578125
-0.171890258789063 -0.0722503662109375 0.243316650390625 -0.0969696044921875
-0.139862060546875 0.0806503295898438 0.110946655273437 -0.186874389648438
-0.024810791015625 0.126594543457031 0.000686645507812498 -0.155609130859375
0.0351333618164063 0.107666015625 -0.0248451232910156 -0.0569992065429688
0.0213241577148437 0.127479553222656 -0.00645780563354492 0.00495719909667969
0.0460281372070313 0.125076293945313 0.0364456176757812 0.0746688842773438
-0.00356292724609374 0.13177490234375 0.00913238525390624 0.140083312988281
-0.111007690429687 0.110275268554688 -0.08807373046875 0.193450927734375
-0.188674926757813 -0.018463134765625 -0.199371337890625 0.170913696289063
-0.0598602294921875 -0.20855712890625 -0.272674560546875 0.0172882080078125
0.15850830078125 -0.19891357421875 -0.269500732421875 -0.0834197998046875
0.30523681640625 0.001190185546875 -0.1864013671875 -0.23052978515625
0.29144287109375 0.0203857421875 0.09130859375 0.189254760742188
0.164840698242188 -0.162796020507813 0.172927856445313 0.178924560546875
-0.05242919921875 -0.190155029296875 0.283538818359375 0.038604736328125
-0.130516052246094 -0.058990478515625 0.271896362304688 -0.151107788085938
-0.107681274414063 0.0614471435546875 0.104812622070312 -0.235748291015625
-0.0217056274414062 0.10406494140625 -0.018768310546875 -0.194549560546875
0.0285491943359375 0.0975189208984375 -0.0448455810546875 -0.0926055908203125
0.0184555053710938 0.122550964355469 -0.0221328735351563 -0.0311851501464844
0.041778564453125 0.130462646484375 0.0108089447021484 0.0345096588134766
-0.01873779296875 0.140106201171875 -0.01507568359375 0.0893096923828125
-0.14111328125 0.100784301757813 -0.0980300903320313 0.125785827636719
-0.202789306640625 -0.060882568359375 -0.161697387695313 0.112289428710937
-0.0152130126953125 -0.246978759765625 -0.203765869140625 0.0179443359375
0.209808349609375 -0.186447143554688 -0.230270385742187 -0.057586669921875
0.323486328125 0.02642822265625 -0.114654541015625 -0.189102172851563
0.23870849609375 0.017974853515625 0.163177490234375 0.224655151367187
0.130752563476563 -0.123489379882812 0.238906860351563 0.182052612304688
-0.0282745361328125 -0.140403747558594 0.320281982421875 -0.00103759765625001
-0.0801162719726563 -0.0499649047851562 0.26708984375 -0.19964599609375
-0.0716476440429688 0.0332717895507813 0.088714599609375 -0.263351440429688
-0.019989013671875 0.0714492797851562 -0.0330657958984375 -0.215591430664063
0.0183639526367188 0.073211669921875 -0.0582351684570313 -0.118156433105469
0.0135116577148437 0.099609375 -0.0363388061523438 -0.0635108947753906
0.029541015625 0.115501403808594 -0.0153684616088867 -0.00739860534667968
-0.0330276489257812 0.119644165039063 -0.0315380096435547 0.0319862365722656
-0.141372680664063 0.06207275390625 -0.0803985595703125 0.0589370727539063
-0.162948608398437 -0.09771728515625 -0.102287292480469 0.0776901245117188
0.0473785400390625 -0.223556518554688 -0.1578369140625 0.05657958984375
0.221755981445313 -0.128707885742188 -0.216140747070312 -0.0290069580078125
0.281219482421875 0.051239013671875 -0.042938232421875 -0.1488037109375
0.156524658203125 0.019378662109375 0.228164672851562 0.24810791015625
0.0952987670898438 -0.0734786987304688 0.294952392578125 0.164581298828125
-0.0015716552734375 -0.0902938842773438 0.333648681640625 -0.043426513671875
-0.0343666076660156 -0.0427894592285156 0.247711181640625 -0.233154296875
-0.0400886535644531 0.00721359252929687 0.0732879638671875 -0.272842407226563
-0.0179176330566406 0.0371627807617188 -0.0402984619140625 -0.22076416015625
0.00675201416015625 0.0413284301757813 -0.0647964477539063 -0.132743835449219
0.00573730468750001 0.0620193481445312 -0.0467987060546875 -0.0858230590820312
0.0121536254882813 0.0788116455078125 -0.0344276428222656 -0.0443153381347656
-0.0348129272460937 0.0711746215820313 -0.0356674194335938 -0.0141830444335937
-0.100059509277344 0.0125732421875 -0.0480155944824219 0.01812744140625
-0.0801620483398437 -0.09619140625 -0.05328369140625 0.074310302734375
0.0815582275390625 -0.134300231933594 -0.1539306640625 0.100250244140625
0.168258666992188 -0.0505828857421875 -0.218460083007812 -0.01885986328125
0.178237915039062 0.061431884765625 0.0177001953125 -0.11328125
-0.0386810302734375 -0.009033203125 -0.0755538940429687 0.132438659667969
-0.0354461669921875 -0.0151214599609375 0.1939697265625 0.0619659423828125
-0.0520744323730469 0.021209716796875 0.152191162109375 -0.115829467773438
-0.0133590698242187 0.0364532470703125 0.0410385131835938 -0.0947265625
0.0183448791503906 0.0202312469482422 0.0177078247070313 -0.0261116027832031
0.0155820846557617 -0.0169086456298828 0.0180644989013672 0.0118961334228516
0.00565528869628906 -0.0181121826171875 0.0282936096191406 0.056488037109375
0.00324821472167969 -0.0111961364746094 0.029296875 0.0951614379882813
0.00576019287109375 -0.008819580078125 0.05499267578125 0.149673461914063
0.00849342346191406 -0.0011591911315918 0.0217742919921875 0.208572387695313
0.00224065780639648 0.00630569458007813 -0.0489044189453125 0.266021728515625
0.000473022460937499 0.0230846405029297 -0.202255249023437 0.249267578125
-0.0182037353515625 0.0490531921386719 -0.366424560546875 0.0719299316406251
-0.0545234680175781 0.0121002197265625 -0.32965087890625 -0.12249755859375
-0.0835037231445313 -0.02386474609375 -0.26519775390625 -0.30548095703125
0.10638427734375 0.00516510009765625 -0.0842971801757812 0.115234375
0.08392333984375 -0.0718994140625 0.167327880859375 0.063995361328125
-0.0360870361328125 -0.0983657836914063 0.145584106445313 -0.0942535400390625
-0.0884552001953125 -0.0290679931640625 0.0599746704101562 -0.0842437744140625
-0.0670928955078125 0.0446739196777344 0.0251693725585937 -0.0423126220703125
-0.00560760498046875 0.0490608215332031 0.0177898406982422 -0.00255393981933593
0.0196170806884766 0.0322036743164063 0.0272941589355469 0.0496482849121094
0.00897598266601562 0.0387153625488281 0.0278244018554688 0.0888442993164063
0.0169391632080078 0.0337104797363281 0.05938720703125 0.14483642578125
0.00461387634277344 0.0337085723876953 0.0311279296875 0.204544067382813
-0.023345947265625 0.0309772491455078 -0.04205322265625 0.2655029296875
-0.0428848266601563 0.0167732238769531 -0.194854736328125 0.258758544921875
-0.0341663360595703 -0.00727653503417969 -0.361083984375 0.0833740234374999
-0.00929641723632812 -0.0467758178710938 -0.349029541015625 -0.10528564453125
0.0312519073486328 -0.0214405059814453 -0.291534423828125 -0.3055419921875
0.222732543945313 0.01739501953125 -0.06549072265625 0.108848571777344
0.1712646484375 -0.12603759765625 0.129386901855469 0.0681076049804688
-0.0325927734375 -0.1927490234375 0.138214111328125 -0.0431976318359375
-0.148757934570313 -0.0748291015625 0.108924865722656 -0.0643539428710938
-0.129554748535156 0.0656890869140625 0.05804443359375 -0.0762405395507813
-0.02288818359375 0.100914001464844 0.0197563171386719 -0.0454521179199219
0.0291976928710937 0.0749282836914063 0.0164375305175781 0.0216007232666016
0.0144424438476563 0.0826187133789062 0.0203323364257812 0.0699234008789063
0.0295181274414062 0.07318115234375 0.0606460571289063 0.130859375
0.00299453735351563 0.0683860778808594 0.0361175537109375 0.194305419921875
-0.0484580993652344 0.0602149963378906 -0.0450439453125 0.260345458984375
-0.0903167724609375 0.0124130249023437 -0.1983642578125 0.253982543945313
-0.0530014038085938 -0.0705795288085937 -0.3511962890625 0.0733642578125
0.0407257080078125 -0.110542297363281 -0.345489501953125 -0.0969238281249999
0.145584106445313 -0.0202789306640625 -0.285858154296875 -0.291412353515625
0.2918701171875 0.023284912109375 -0.0272369384765625 0.119773864746094
0.204345703125 -0.167984008789063 0.104591369628906 0.0977783203125
-0.047943115234375 -0.238311767578125 0.162994384765625 0.018341064453125
-0.180877685546875 -0.0862274169921875 0.179763793945313 -0.0638427734375
-0.154251098632813 0.080902099609375 0.0927352905273437 -0.128623962402344
-0.0278244018554688 0.127265930175781 0.015106201171875 -0.102531433105469
0.03363037109375 0.100418090820313 -0.00270938873291015 -0.0173330307006836
0.0190200805664062 0.114234924316406 0.00851058959960938 0.0408935546875
0.0392303466796875 0.103790283203125 0.0540008544921875 0.107315063476563
0.00119781494140626 0.102279663085938 0.0290985107421875 0.17425537109375
-0.0782318115234375 0.0901412963867187 -0.0644683837890625 0.24066162109375
-0.142959594726563 0.0036773681640625 -0.204925537109375 0.224716186523437
-0.066497802734375 -0.14105224609375 -0.325897216796875 0.0444335937499999
0.0969696044921875 -0.1671142578125 -0.316619873046875 -0.0934448242187501
0.2447509765625 -0.012939453125 -0.249221801757812 -0.265655517578125
0.314666748046875 0.024444580078125 0.024810791015625 0.149032592773438
0.195587158203125 -0.179595947265625 0.119354248046875 0.144927978515625
-0.0587615966796875 -0.2313232421875 0.221923828125 0.051849365234375
-0.171524047851563 -0.075775146484375 0.243011474609375 -0.096038818359375
-0.140899658203125 0.0789947509765625 0.110427856445313 -0.188003540039063
-0.0269088745117188 0.126762390136719 0.000411987304687483 -0.157089233398438
0.0319442749023437 0.107551574707031 -0.0250625610351562 -0.0586318969726562
0.0199356079101563 0.128547668457031 -0.00609016418457031 0.00554752349853517
0.0439376831054687 0.125076293945313 0.0373611450195313 0.0750198364257813
-0.00644683837890625 0.130088806152344 0.00801849365234375 0.139564514160156
-0.112937927246094 0.109367370605469 -0.0883941650390625 0.195022583007813
-0.189773559570313 -0.020477294921875 -0.198165893554688 0.170700073242188
-0.05731201171875 -0.2117919921875 -0.272048950195313 0.016571044921875
0.1600341796875 -0.199783325195312 -0.269729614257813 -0.081085205078125
0.3116455078125 0.00311279296875 -0.187850952148438 -0.230056762695313
0.2960205078125 0.02276611328125 0.090789794921875 0.1876220703125
0.166549682617188 -0.160842895507812 0.17291259765625 0.178237915039063
-0.0494842529296875 -0.190963745117188 0.28350830078125 0.0396728515625
-0.130844116210938 -0.0622482299804688 0.271224975585938 -0.15106201171875
-0.108497619628906 0.0594940185546875 0.104232788085937 -0.237579345703125
-0.0241470336914062 0.103797912597656 -0.0186309814453125 -0.196640014648438
0.0264816284179688 0.096954345703125 -0.0438156127929688 -0.094482421875
0.0173416137695312 0.124092102050781 -0.0207462310791016 -0.0317344665527344
0.0402984619140625 0.130958557128906 0.0113487243652344 0.0346946716308594
-0.0209426879882812 0.138900756835937 -0.0161056518554688 0.0896835327148438
-0.143051147460938 0.100189208984375 -0.0991668701171875 0.128158569335938
-0.203765869140625 -0.063262939453125 -0.160263061523437 0.11175537109375
-0.01361083984375 -0.250747680664063 -0.2021484375 0.0170440673828125
0.211029052734375 -0.187362670898438 -0.228591918945313 -0.053375244140625
0.33038330078125 0.029205322265625 -0.114486694335937 -0.187271118164063
0.242721557617187 0.0204925537109375 0.164138793945313 0.224502563476563
0.131988525390625 -0.122108459472656 0.240127563476563 0.182830810546875
-0.0262603759765625 -0.1409912109375 0.321075439453125 -0.00103759765625001
-0.079925537109375 -0.0535888671875 0.265304565429688 -0.200088500976562
-0.0730056762695313 0.0316390991210937 0.088104248046875 -0.264694213867188
-0.0219573974609375 0.0710830688476563 -0.0321197509765625 -0.216598510742188
0.0157394409179687 0.0733108520507813 -0.0567626953125 -0.120796203613281
0.01251220703125 0.1014404296875 -0.0349502563476562 -0.0640754699707031
0.0281600952148438 0.115699768066406 -0.0151214599609375 -0.00860214233398437
-0.0351028442382813 0.118797302246094 -0.0324974060058594 0.03192138671875
-0.144149780273438 0.0609130859375 -0.0813140869140625 0.060516357421875
-0.163864135742188 -0.100128173828125 -0.0992660522460938 0.0771026611328125
0.0491180419921875 -0.226959228515625 -0.154678344726563 0.0572357177734375
0.222808837890625 -0.13043212890625 -0.215805053710938 -0.023406982421875
0.286529541015625 0.05291748046875 -0.0423736572265625 -0.14532470703125
0.160797119140625 0.0200042724609375 0.229736328125 0.248779296875
0.095428466796875 -0.073028564453125 0.297332763671875 0.16461181640625
-0.000465393066406254 -0.0904693603515625 0.333648681640625 -0.04400634765625
-0.0335273742675781 -0.0451927185058594 0.246841430664062 -0.232574462890625
-0.040618896484375 0.00555419921875001 0.0729522705078125 -0.27362060546875
-0.0194854736328125 0.0367851257324219 -0.038116455078125 -0.223114013671875
0.00481033325195313 0.0413742065429688 -0.0633392333984375 -0.136878967285156
0.00547409057617188 0.0626945495605469 -0.0453948974609375 -0.0876235961914063
0.0118637084960938 0.0788955688476562 -0.0342254638671875 -0.0452651977539062
-0.036712646484375 0.070648193359375 -0.0363540649414063 -0.0147209167480469
-0.102302551269531 0.0116806030273437 -0.0479240417480469 0.0186729431152344
-0.0803680419921875 -0.098358154296875 -0.0499191284179688 0.0735855102539063
0.0843963623046875 -0.136466979980469 -0.149368286132813 0.102310180664062
0.168609619140625 -0.051422119140625 -0.218399047851563 -0.01171875
0.181991577148438 0.06292724609375 0.018798828125 -0.108642578125
-0.0387191772460938 -0.00951766967773438 -0.0766220092773437 0.130889892578125
-0.037628173828125 -0.0145721435546875 0.197891235351563 0.0550384521484375
-0.0532302856445312 0.0236663818359375 0.151473999023438 -0.122116088867188
-0.0137519836425781 0.0385246276855469 0.0383377075195312 -0.0962905883789063
0.0200004577636719 0.0211524963378906 0.0159206390380859 -0.026275634765625
0.0161304473876953 -0.0176792144775391 0.01849365234375 0.0113620758056641
0.00549507141113281 -0.0195751190185547 0.0298843383789062 0.0588340759277344
0.00341510772705078 -0.0119380950927734 0.0309677124023438 0.0998306274414063
0.00614452362060547 -0.0092477798461914 0.05645751953125 0.154296875
0.00865650177001953 -0.00138664245605469 0.0220794677734375 0.214874267578125
0.00190305709838867 0.00758457183837891 -0.047454833984375 0.272735595703125
0.000537872314453127 0.0241031646728516 -0.20233154296875 0.255996704101563
-0.0174827575683594 0.0504531860351563 -0.3720703125 0.0784912109374999
-0.0573272705078125 0.0131187438964844 -0.3399658203125 -0.122528076171875
-0.0856399536132813 -0.0234222412109375 -0.2774658203125 -0.313934326171875
0.111221313476563 0.004791259765625 -0.0865707397460938 0.112808227539062
0.084869384765625 -0.0741043090820313 0.17108154296875 0.0572967529296875
-0.0376510620117188 -0.10015869140625 0.1448974609375 -0.099334716796875
-0.0915374755859375 -0.0297698974609375 0.0581893920898437 -0.085723876953125
-0.0678939819335938 0.0473670959472656 0.0246810913085938 -0.0432662963867188
-0.00613784790039063 0.0499610900878906 0.0183868408203125 -0.0037384033203125
0.0193119049072266 0.0315227508544922 0.0288047790527344 0.0511817932128906
0.00934600830078124 0.039703369140625 0.0293121337890625 0.0927810668945313
0.017333984375 0.035247802734375 0.06097412109375 0.149063110351563
0.00371932983398437 0.0333003997802734 0.0311279296875 0.210357666015625
-0.0245800018310547 0.0322685241699219 -0.0396270751953125 0.27252197265625
-0.043548583984375 0.0172119140625 -0.194091796875 0.265838623046875
-0.0333404541015625 -0.00794982910156251 -0.366485595703125 0.089385986328125
-0.0107650756835937 -0.0472679138183594 -0.35968017578125 -0.10284423828125
0.0337810516357422 -0.0216426849365234 -0.304351806640625 -0.312286376953125
0.230850219726563 0.0173797607421875 -0.0665664672851562 0.106010437011719
0.17437744140625 -0.1302490234375 0.132270812988281 0.0623245239257812
-0.035430908203125 -0.197860717773438 0.138862609863281 -0.0465316772460938
-0.1539306640625 -0.0774993896484375 0.1090087890625 -0.0662460327148438
-0.133323669433594 0.0687713623046875 0.0562973022460937 -0.0786666870117187
-0.0229263305664062 0.10272216796875 0.0183830261230469 -0.0479660034179688
0.0285186767578125 0.0753936767578125 0.0167407989501953 0.0217475891113281
0.0148239135742188 0.084747314453125 0.0213088989257812 0.0724334716796875
0.0288238525390625 0.0748062133789063 0.0624618530273438 0.134445190429688
0.0019378662109375 0.0686264038085937 0.0357513427734375 0.19842529296875
-0.0504112243652344 0.0611000061035156 -0.042938232421875 0.267364501953125
-0.0923385620117188 0.01202392578125 -0.197540283203125 0.262283325195313
-0.0530624389648438 -0.07275390625 -0.357635498046875 0.0789184570312499
0.0403289794921875 -0.112617492675781 -0.355712890625 -0.094512939453125
0.153045654296875 -0.0206298828125 -0.299407958984375 -0.296905517578125
0.302398681640625 0.0224609375 -0.027587890625 0.117759704589844
0.209747314453125 -0.172119140625 0.106185913085938 0.0943374633789063
-0.0496368408203125 -0.244369506835937 0.165374755859375 0.0164642333984375
-0.186050415039063 -0.089569091796875 0.182632446289063 -0.0659332275390625
-0.15777587890625 0.0835418701171874 0.0922775268554687 -0.1329345703125
-0.0295486450195313 0.129547119140625 0.0128021240234375 -0.106300354003906
0.0324859619140625 0.101844787597656 -0.00292205810546875 -0.018341064453125
0.019500732421875 0.117607116699219 0.008636474609375 0.0421829223632813
0.039154052734375 0.106376647949219 0.0565109252929687 0.109848022460937
-0.000328063964843742 0.102828979492188 0.0294036865234375 0.178955078125
-0.0802841186523438 0.0918350219726562 -0.062347412109375 0.247711181640625
-0.146286010742188 0.00309753417968747 -0.204696655273437 0.232772827148438
-0.0669403076171875 -0.14605712890625 -0.331695556640625 0.0478515625
0.0979461669921875 -0.171127319335938 -0.32525634765625 -0.0906982421875001
0.254837036132813 -0.0135955810546875 -0.259674072265625 -0.270004272460938
0.32470703125 0.024658203125 0.025909423828125 0.148574829101563
0.200729370117188 -0.18316650390625 0.121810913085938 0.143692016601563
-0.060272216796875 -0.236358642578125 0.226486206054688 0.0513153076171875
-0.17584228515625 -0.07928466796875 0.246673583984375 -0.100814819335938
-0.144561767578125 0.0808563232421875 0.109085083007812 -0.194534301757813
-0.0285263061523437 0.128509521484375 -0.002655029296875 -0.161773681640625
0.0310211181640625 0.109100341796875 -0.0258064270019531 -0.0604934692382813
0.0206451416015625 0.132781982421875 -0.00560998916625976 0.00587129592895509
0.0438766479492188 0.127876281738281 0.0394515991210938 0.0757217407226563
-0.00672912597656251 0.131362915039063 0.0082855224609375 0.143692016601563
-0.116134643554688 0.11175537109375 -0.0880126953125 0.202728271484375
-0.194366455078125 -0.02178955078125 -0.198593139648438 0.176223754882813
-0.05865478515625 -0.217849731445312 -0.27679443359375 0.0172271728515625
0.161956787109375 -0.204666137695313 -0.275482177734375 -0.0770111083984375
0.324127197265625 0.00244140625 -0.195953369140625 -0.23236083984375
0.306549072265625 0.0234375 0.0947418212890625 0.18975830078125
0.170654296875 -0.16424560546875 0.17877197265625 0.17974853515625
-0.0505523681640625 -0.1954345703125 0.2900390625 0.0382080078125
-0.134170532226563 -0.0663909912109375 0.275390625 -0.15753173828125
-0.111770629882813 0.0599365234375 0.103378295898438 -0.244354248046875
-0.0261764526367188 0.106201171875 -0.021697998046875 -0.201248168945312
0.0240325927734375 0.099090576171875 -0.0456085205078125 -0.097991943359375
0.01824951171875 0.127784729003906 -0.0206031799316406 -0.0327568054199219
0.039947509765625 0.133544921875 0.0128440856933594 0.034332275390625
-0.022613525390625 0.141372680664063 -0.0171737670898438 0.0918045043945313
-0.147308349609375 0.10284423828125 -0.0997848510742188 0.133651733398438
-0.209701538085938 -0.0649261474609375 -0.159683227539063 0.114974975585938
-0.013763427734375 -0.260055541992188 -0.205245971679688 0.018096923828125
0.215225219726563 -0.193145751953125 -0.233291625976562 -0.0471038818359376
0.342376708984375 0.0284423828125 -0.119583129882812 -0.188064575195313
0.2520751953125 0.0206756591796875 0.169845581054688 0.22723388671875
0.135887145996094 -0.123672485351562 0.248062133789063 0.1837158203125
-0.0266265869140625 -0.143997192382813 0.328125 -0.00463867187500001
-0.0822525024414063 -0.0576400756835938 0.2686767578125 -0.207489013671875
-0.074981689453125 0.0310897827148438 0.085845947265625 -0.271560668945313
-0.0232315063476562 0.0730667114257812 -0.0350189208984375 -0.222305297851563
0.0140609741210937 0.0746078491210938 -0.0577163696289062 -0.126014709472656
0.011932373046875 0.103805541992188 -0.0351715087890625 -0.0667228698730469
0.0281448364257813 0.117767333984375 -0.0143203735351562 -0.00882816314697265
-0.0370635986328125 0.120658874511719 -0.0343647003173828 0.0328102111816406
-0.149368286132813 0.0630645751953125 -0.0822067260742188 0.0641632080078125
-0.169281005859375 -0.10308837890625 -0.0986862182617188 0.0781402587890625
0.04974365234375 -0.235504150390625 -0.154251098632813 0.0591278076171875
0.227432250976562 -0.136032104492188 -0.218185424804688 -0.0154266357421875
0.299652099609375 0.052764892578125 -0.043609619140625 -0.143600463867188
0.167617797851563 0.02008056640625 0.23773193359375 0.253326416015625
0.0980911254882812 -0.0743484497070313 0.30731201171875 0.16552734375
0.000244140625000006 -0.09259033203125 0.340301513671875 -0.048004150390625
-0.0351142883300781 -0.0482635498046875 0.247467041015625 -0.239471435546875
-0.0421104431152344 0.00484466552734375 0.0712127685546875 -0.28094482421875
-0.0201454162597656 0.0380973815917969 -0.0413055419921875 -0.229141235351563
0.00357437133789062 0.0413703918457031 -0.0648193359375 -0.142578125
0.00577545166015625 0.0640296936035156 -0.0467910766601563 -0.090972900390625
0.0124359130859375 0.0796432495117188 -0.0347747802734375 -0.0467758178710937
-0.0380630493164062 0.071563720703125 -0.0385513305664063 -0.0154685974121094
-0.105400085449219 0.0124664306640625 -0.0488662719726562 0.0197715759277344
-0.083831787109375 -0.102653503417969 -0.046783447265625 0.0744781494140625
0.0858612060546875 -0.143768310546875 -0.14801025390625 0.107833862304688
0.172225952148438 -0.05511474609375 -0.222198486328125 -0.00273132324218752
0.190765380859375 0.064422607421875 0.0196456909179688 -0.106040954589844
0.0199190620234391 0.0215593840298293 -0.149032260784872 -0.00110744037808921
-0.00776940401455564 0.0416075044674372 0.0576619845755383 0.208614513160871
0.0427370725597111 0.0479369453491598 0.199275315324625 0.0597420690639408
0.0427965014699742 -0.00632183909569324 0.0966754945242659 -0.0236740777990556
-0.00109328877993734 -0.0291862444608896 0.0283212667057819 0.00312627983063935
-0.0261458054008637 -0.00244272379235375 -9.44146461225717E-05 0.0248201401962332
-0.0231711016763261 0.00259003055527592 -0.0457307862386625 0.0525054702037606
-0.0141962088618174 -0.00193580236401527 -0.085176736415446 0.0803932429706059
-0.0119601217672409 -0.0120692463759734 -0.126308813519357 0.118827299428022
-0.0112890792454212 -0.0176736272940228 -0.180474109722438 0.120102096834357
0.0090918675149236 -0.020211782029354 -0.282496134406355 0.0875710544610751
0.0340616487670114 -0.0304196959478213 -0.341490590019355 -0.0659870644892185
0.0730559728889721 -0.0230601103321997 -0.274100081023367 -0.271738518475744
0.0629062237624476 0.0454284584134588 -0.054744602875113 -0.366690714202514
0.0389159645404495 0.0921304361397623 0.0891379077801114 -0.404653856829078
-0.0465700853888683 -0.108809075430469 -0.153868782214402 -0.00172460814523185
-0.133711606847629 -0.0248382662308263 0.036019138852841 0.210845254460654
-0.0731299642790366 0.104965502080975 0.200986454224453 0.0845251429270584
0.0357317923579304 0.110711109500354 0.125678636068991 -0.0119428400842134
0.0839849032852065 0.0201436062048239 0.0472388803659114 -0.014701643664085
0.0410646243968038 -0.0255926291321087 0.00526949450411488 0.00828572253364839
0.0177806379178529 -0.0352905363024451 -0.0449936782536195 0.0429332998181301
0.021047053062696 -0.0386366795803121 -0.0833829686129725 0.0733977816802486
0.0208144513630235 -0.0468582588601113 -0.124232781298312 0.118041261983584
0.0198401179445325 -0.0349129444192806 -0.173542106828648 0.121274590800083
0.0457618550231441 -0.0162067824568393 -0.278294989804418 0.0896303863664422
0.0537134777584387 0.0132943779079677 -0.340607470416889 -0.0561828761349015
0.0432882485345799 0.0288124895750657 -0.274612796522535 -0.258909758872658
-0.0105970736488806 0.0435543167823057 -0.0850232990609484 -0.365749149618602
-0.0171444016941214 -0.00457707589733727 0.0584620652530867 -0.426278019284073
-0.101294215717622 -0.214831942628614 -0.150127994581977 0.0262957415511774
-0.23530211206743 -0.0664045220630242 0.00750103651141991 0.198249287775629
-0.160493458500812 0.1548143035227 0.168321232931105 0.119605271594088
0.0320835736464301 0.198982283901369 0.154382695758527 0.0360163527876003
0.145288455699345 0.057796284445995 0.098411814352936 -0.0149845015153712
0.0931336988536709 -0.0407548931708495 0.0387710004903632 -0.0167825355568534
0.0536434545905506 -0.0640004236684638 -0.0259517955699764 0.0159016437325171
0.0533196102349576 -0.0706807645064767 -0.0720781450048526 0.0538999303607492
0.0490757170151735 -0.0785170981979442 -0.112122070622171 0.110272111560873
0.0493358793727195 -0.0544077141632236 -0.163571946514555 0.115936845276556
0.0846729966761779 -0.0149568595198455 -0.275195820286706 0.079098557413762
0.0785637281182295 0.0601720715867981 -0.330805951017944 -0.0665364493765569
0.0114315574510649 0.0900930334268777 -0.254706585298974 -0.254873563614168
-0.0915135267507905 0.0416647756292491 -0.0933068273116363 -0.347778929661595
-0.0757473261864641 -0.101115229897701 0.0369168291332918 -0.411068891825168
-0.138819870240755 -0.27798244315479 -0.146293651573095 0.0755223868331989
-0.290837981513699 -0.0728044540120101 -0.0348977545061779 0.200981164987381
-0.196334616757016 0.189308569625135 0.13352451589116 0.182181890804281
0.0365022687914478 0.236794160031968 0.199117360517144 0.0973051930127779
0.171060877940011 0.072635601229052 0.169033697194886 -0.0172691413606358
0.118122518583844 -0.0457194273989004 0.0860025452019458 -0.0512069715002413
0.0777187640830603 -0.0784274937751686 0.00330673852500789 -0.0205240325003377
0.0755679641836252 -0.0921637868414788 -0.0498824391449607 0.0261682791303092
0.0717551914323872 -0.10351381208773 -0.094303788546355 0.0922099371210565
0.0792691371484458 -0.0725462878575668 -0.151116500625091 0.0962871928229337
0.129625896357384 -0.0110623786616771 -0.266228467336008 0.0448620859193011
0.103781079547108 0.11494538418926 -0.299286199991565 -0.0922640150978288
-0.0310630339345007 0.154585514106185 -0.207300350038882 -0.246314355508461
-0.172711478655035 0.0308015919728613 -0.0850576154108964 -0.308270254637356
-0.123180619896664 -0.186872080837898 0.0278699691937186 -0.36360811029169
-0.15501841610286 -0.302387623030525 -0.147788776646564 0.144365980390703
-0.297157736270724 -0.0641144622995788 -0.0741606829581623 0.242261214438955
-0.190883811807162 0.191298184451951 0.133191337622088 0.257966008717704
0.0326658447513344 0.225558874017868 0.260589187558153 0.141054970581402
0.158619265252536 0.072411173372738 0.236050431883843 -0.0331325987287064
0.117574031404489 -0.0397303780562375 0.129928718938559 -0.0894979644597991
0.0865077352736036 -0.0778367075175786 0.0366019796247473 -0.0589481471649784
0.0882825607924435 -0.10052928838225 -0.0209348207838571 -0.00677754260184157
0.088353052261666 -0.11719315512157 -0.0705610101831125 0.0606640201674133
0.108510720013557 -0.0837735480716897 -0.132002519253874 0.058218831345973
0.16952304514405 0.0045795624427004 -0.234731393010723 -0.00651276668200215
0.110662033021107 0.17679551809544 -0.234621438641381 -0.116513462837087
-0.0910179340337656 0.201903581628545 -0.146150319332351 -0.211622530945349
-0.239170201694363 0.00104187698410754 -0.0784487038919134 -0.249711679434901
-0.147773964297953 -0.251527596258264 0.0291212037053199 -0.290454678259268
-0.155610463706483 -0.289252503645784 -0.143790607990009 0.226441722779995
-0.267983980355234 -0.0544586197520118 -0.0803314715154906 0.308727023256599
-0.167260414837588 0.161312401225649 0.1691701249926 0.309811100981454
0.0121163398102153 0.18418739519465 0.317956264404979 0.147244833316812
0.119264931591883 0.0683300043928315 0.282108570778248 -0.0608632688345375
0.0994525639772778 -0.0233109592288615 0.161430845427579 -0.121554644296129
0.0817663046613431 -0.0644440210459884 0.0688657395204263 -0.0893112463016823
0.0869716390435913 -0.0923871592011232 0.0110999097411029 -0.0400337627303047
0.0958927453907729 -0.11429556678156 -0.0424070813461553 0.017952896118461
0.128357199659551 -0.0761059528893185 -0.0982413295005467 0.0096146607327215
0.184884391703071 0.0371836499816529 -0.171031511888225 -0.0535537389094759
0.0798282361783273 0.220532609518399 -0.150063540345569 -0.106367633024943
-0.157373121936384 0.200673024054947 -0.10610918207635 -0.14318384850304
-0.264319676454065 -0.0482780955782478 -0.089832512255452 -0.193922015880709
-0.141635991321808 -0.281869383532272 0.0368371371762787 -0.205784180381988
-0.138616618469794 -0.246195804583137 -0.130023022371975 0.308087251383592
-0.218547221097522 -0.0491679852429266 -0.0521104992956154 0.367400883432544
-0.14001776484785 0.115904255926535 0.215164970038975 0.323463838618725
-0.0155493328083435 0.136909799190409 0.35129635228197 0.129544568138271
0.073381982622369 0.0646632797373898 0.301006277505921 -0.0855313533038471
0.0733430467268633 -0.00228063234257453 0.179855694918248 -0.140216301933507
0.0661073378741941 -0.0413232846946709 0.0956469949846043 -0.10853041304523
0.0733830548015022 -0.0704690119985544 0.0407539498052861 -0.0703015049230087
0.0890278397589082 -0.0909837955642377 -0.00851867501494276 -0.0262694861950088
0.123341122643833 -0.0489776400407893 -0.0521293977890223 -0.0325812638050137
0.154903561127626 0.068554037309405 -0.0919873158775105 -0.0682689425458413
0.0173611614075048 0.210598003525176 -0.0859729753843335 -0.0565534030677354
-0.188956225261938 0.136105724691393 -0.119232973041293 -0.0733500370452869
-0.227441862344842 -0.0932226059027992 -0.115771946409778 -0.169814180626748
-0.103743358484057 -0.259993183407802 0.0521584976135925 -0.121488993021767
-0.104308276021536 -0.176171794852521 -0.105576617227159 0.373048075283909
-0.157843648354725 -0.0445349214132095 -0.00780183116023559 0.401871530724283
-0.110007412869218 0.0678145023403051 0.249313057100241 0.310852864258587
-0.0376642804232851 0.0909327250230718 0.361793169539271 0.104914270082338
0.0306656738104058 0.0592808171023514 0.304621277039461 -0.097800376918824
0.0442384128870077 0.016923507320152 0.188817880436546 -0.144774951654139
0.0421915482132191 -0.0139525630550281 0.114097424797414 -0.118041049798126
0.0479889823700754 -0.0387204359167157 0.0634003336979697 -0.0918220561360811
0.0649702858509456 -0.051903650942357 0.0235165208380901 -0.0594701714045003
0.0853301872839971 -0.0139823934495143 -0.00721055367198414 -0.0529695424329891
0.0846767962016143 0.0727382462175383 -0.0326211757456048 -0.0480890911279151
-0.0375811470872976 0.135047993101536 -0.0682424529191806 -0.000909413956232156
-0.151059188836491 0.040314495342147 -0.167081633043093 -0.0429838282881744
-0.132886217693512 -0.0991003635338761 -0.127921973915701 -0.177482183903813
-0.0449971352905218 -0.180148581526961 0.0713308980267784 -0.0495395404654225
0.0209391297763423 0.0216512580395383 -0.147205300704086 0.00103141138357102
-0.00482042525681935 0.0447444153260642 0.0742387084554085 0.203493406469699
0.0473158003469094 0.0473755292627545 0.205270825711345 0.0481026979537535
0.0449325023217264 -0.00871646452899139 0.0940784074798111 -0.029447966801312
-0.00282107591237377 -0.0301809164136498 0.0271550677940219 0.00204810067040318
-0.0269130998663854 -0.00131933123531557 0.000802956657952177 0.0234635917633323
-0.0238824884445756 0.00517811839997269 -0.044279471990135 0.0554915119249368
-0.0152561867799394 -0.00145059793532133 -0.0846109024967626 0.0870073125184934
-0.0134386165596188 -0.0122774066759397 -0.125934503456423 0.126611661105173
-0.0120747414738629 -0.0169664169290058 -0.181462146186279 0.129055455484673
0.0093510840682123 -0.0217852719453898 -0.283011640943554 0.101669442872791
0.0335494574430589 -0.0330097952734516 -0.347630160805536 -0.0511320074979142
0.0719659691916247 -0.0264393610051671 -0.2890574408778 -0.261019428659967
0.0669120358949017 0.0442717917196238 -0.072125642671694 -0.371278714608271
0.0435658091196706 0.0925791961257333 0.0728086228801209 -0.420084334049905
-0.0514828585199932 -0.109631024656515 -0.152937506184306 0.000340337834022393
-0.136856699502348 -0.0196402276482807 0.0517892886496903 0.207451275088499
-0.069429787818942 0.109799837791393 0.20790469978691 0.0726668223977136
0.0420008148112064 0.111571555969299 0.124612454688949 -0.0184388068000141
0.0859137827234155 0.0164210500077764 0.0451232311634373 -0.0172900051178259
0.0415716624348045 -0.0269167814187581 0.00503095171005287 0.00645306589963405
0.0175322902719494 -0.0343398990294985 -0.0434633878633709 0.0446694408555516
0.0203326046581463 -0.0402612546208285 -0.0836657162138581 0.0789838022741919
0.0198771160947291 -0.048274451346874 -0.122845865336487 0.125643563791607
0.0193846147173369 -0.0347025097885985 -0.173464603045714 0.129875771605302
0.04635916800703 -0.0181696252694461 -0.278064281124787 0.104901584667699
0.054351417504941 0.0125361219115685 -0.345526464483425 -0.0412247737887521
0.0433699528773088 0.0271764189417937 -0.289863056095818 -0.249070198370581
-0.00803982432038846 0.0441606463618293 -0.103801350181434 -0.368213407740624
-0.0188336224259915 -0.00523756481984632 0.0404017274003572 -0.439536926514697
-0.112561462431528 -0.216187648266961 -0.147772700601818 0.0290264827060483
-0.242393297941515 -0.0580655880963091 0.0219456775886028 0.195549911246176
-0.156499481751839 0.163990522390046 0.17610013223719 0.110613508942325
0.040900654144632 0.20315841231188 0.157226329278988 0.0295003837038366
0.150606420940273 0.0531428174798319 0.0977548570799866 -0.020773737056671
0.094343376651457 -0.0430618415618951 0.0383907254054098 -0.021178367033132
0.0535969801193088 -0.0646356475822499 -0.0250336165778793 0.0160170454605657
0.0518819172969734 -0.0736748009302121 -0.0715785796474815 0.0585846030026556
0.0484755093605531 -0.0812559326537291 -0.111077297711481 0.116880037025882
0.0491385353029784 -0.0545900176106352 -0.162669207890125 0.124049229948126
0.0860874629719269 -0.0174253570324213 -0.275751833671698 0.0934620845906527
0.0808588547113575 0.0595054261036322 -0.336481932977278 -0.0512039864856793
0.0122842530477432 0.0910006582448002 -0.26988378904618 -0.246821080584603
-0.0905772188404598 0.0449697263530709 -0.111698690777545 -0.348998997213192
-0.0830852594465494 -0.102189614058539 0.0185504533545636 -0.42263759255329
-0.152337801536273 -0.279927328266543 -0.143044199012552 0.0803491491082078
-0.298690074211924 -0.0638159516678044 -0.0237945038840061 0.201232530170943
-0.192359668065999 0.200260506481795 0.143330705733211 0.177311586274899
0.0456550086597161 0.242636095393383 0.206473209186715 0.0903597119158372
0.176283438816614 0.0678933938498497 0.169643552334505 -0.0257526095497305
0.119933695915051 -0.049303002368165 0.0844763425092151 -0.0580660402489604
0.0781390152149029 -0.0802786525449246 0.00309319631369865 -0.0225554703186007
0.0750276453284319 -0.0964863665741969 -0.0502735522449132 0.029430463624979
0.0706878563787239 -0.107429925400999 -0.0924580614891807 0.0976680800530314
0.0791218981604383 -0.0750812179307077 -0.151186403624831 0.104037582843297
0.131139049382474 -0.0151762330315248 -0.267689231739665 0.0593072588900598
0.108704332658807 0.115341152759681 -0.305977540581734 -0.0798350135870947
-0.0280538171181301 0.158596053383325 -0.221669012524312 -0.241181364876059
-0.173537396753076 0.0369017781601406 -0.101804024718128 -0.307975219900357
-0.135765430832868 -0.188952808720414 0.0104071581982365 -0.372885341203137
-0.170174485848651 -0.303427704686237 -0.142359644744196 0.150783446682592
-0.304496529638651 -0.0557790560471093 -0.0622738136370163 0.246136457764971
-0.186958660940223 0.201491141872755 0.14544835535212 0.256072827930238
0.041127073988441 0.230779307682589 0.270896113045136 0.132639470316777
0.163374515382638 0.0693640899734728 0.237999975155962 -0.0456035078220446
0.1194768210005 -0.0427097441897871 0.127486923413283 -0.0988312359338317
0.0882710625420166 -0.0794030537742989 0.0361293532361665 -0.0628546753357953
0.0871404926900662 -0.105246091385403 -0.0216086353652571 -0.00517752983659872
0.0866802103721282 -0.122061893693224 -0.0684914112967289 0.0646697529518021
0.108479948680591 -0.0871224089201842 -0.132362038795555 0.0640447267223309
0.173329870419326 -0.000917702885689443 -0.238774065082938 0.00477123492755564
0.1188764943154 0.177974112686986 -0.24088962656036 -0.106825026002596
-0.0872223363950012 0.210111826937117 -0.15710379923159 -0.207813091963378
-0.242698768706053 0.00889421379294509 -0.0925961478149478 -0.246706735437792
-0.164019287227434 -0.254227403832372 0.0146757923542468 -0.297183088751287
-0.170294700330841 -0.291731408535703 -0.136886532709646 0.235615463819023
-0.274314663675677 -0.0472616843800614 -0.0677324605866035 0.315876986835131
-0.165050607014172 0.170318482778942 0.186062665844158 0.307188410319215
0.0184320988013924 0.190689974536663 0.329658239119614 0.135850125047373
0.123082009305894 0.0673218878627296 0.28261294557101 -0.075538034389847
0.101653489581242 -0.0250497259819974 0.15817330420179 -0.132647615891849
0.0836740201346919 -0.0656485675689262 0.0683660305637884 -0.094971669580042
0.0865864176477664 -0.0972441072064834 0.0103386370052405 -0.0410104510983049
0.0946096021240062 -0.118439286507195 -0.0409814701969852 0.020019818300889
0.128210633079561 -0.0805364154499159 -0.100326452316547 0.0134208762821261
0.190072887773453 0.0318654829044728 -0.176868333002286 -0.0460458422968539
0.0891792940991559 0.224186437123185 -0.154197168147632 -0.10092147896051
-0.154528819685098 0.211998557603464 -0.112701363781606 -0.139389387124026
-0.271300111564326 -0.0395483392799453 -0.102961207374214 -0.187861370486984
-0.159346667475121 -0.284942742174791 0.0255717411177004 -0.208195878135475
-0.152137877881756 -0.24817448495178 -0.119645080074929 0.319902578735666
-0.223668034759268 -0.0429830237162958 -0.0358231897479717 0.376385508436779
-0.137880468097692 0.122304309329798 0.232880600063067 0.318767166749082
-0.0116438560016097 0.142718543015035 0.363042960147239 0.115266180756944
0.0762877277104697 0.0651010103775911 0.3008965859433 -0.101453494354391
0.0756294939039767 -0.00393757868828411 0.176704719905231 -0.150818358537562
0.0673812719794752 -0.0424481146098998 0.0956801539451759 -0.115412881239226
0.072871105989827 -0.0745668416253126 0.0400725578846391 -0.0727556980575991
0.0880031920029795 -0.0957971198119374 -0.00972258179478026 -0.0261042002827758
0.124470528851201 -0.0531502876941977 -0.0547474479694941 -0.0309060128912665
0.162202590472839 0.0647680159577249 -0.0969747870011359 -0.0645842813810979
0.0249044122512859 0.217035436012816 -0.0859362660456904 -0.0529381796791698
-0.190247067161053 0.147878364015236 -0.122729399917584 -0.0662283749152654
-0.23548092870328 -0.0868480251641374 -0.129343584825362 -0.160700965571899
-0.119636059386369 -0.264770861997661 0.0443836663607142 -0.122745846266097
-0.114084450722216 -0.177810939678692 -0.0925949107501414 0.386056557778802
-0.161973965386036 -0.041074441615804 0.0098017158236459 0.410531794504765
-0.109704464489467 0.0724690531882468 0.266769487432214 0.304697168193918
-0.0356470830506599 0.096107131126394 0.372192871393873 0.0908029574251798
0.0335931394507535 0.0608655429450498 0.303655094680337 -0.114166168364014
0.0466203633437562 0.0158995108707094 0.185271452968933 -0.155984094747067
0.0430084735493543 -0.0142311261965522 0.114960998333009 -0.125809489730758
0.0482275778976796 -0.0403547567743475 0.0628456110752905 -0.0960623867591131
0.0645774082480516 -0.0550797217510402 0.0220139764532476 -0.0617482489434119
0.0880216211888946 -0.0161086100472972 -0.00986680070824504 -0.0543561431817942
0.0906797346582922 0.0717178641324356 -0.0356066259059799 -0.0471175443432287
-0.0339620520943539 0.141543505406044 -0.0660873774676842 0.0034559606692568
-0.155243718366082 0.0485448288274732 -0.170335901622009 -0.0316496899989555
-0.139575111491086 -0.0958235808847206 -0.143303472880047 -0.168053138474047
-0.055474921967333 -0.185477781044945 0.0675136167192008 -0.0495324795694782
0.0220922749592475 0.0211414880903521 -0.142840623263533 0.0023220782461368
-0.00156664523407487 0.046484183214263 0.0883097013155986 0.193744304856229
0.0510476608513721 0.0450261138050041 0.206610089736894 0.0347999747790135
0.0463699538126606 -0.0109293083102594 0.0900156899933428 -0.033718296017962
-0.00460007836311546 -0.0314350891585658 0.02509707810194 0.00156519073334546
-0.0256856971562844 0.000174439022875938 0.00118436456351062 0.0217806432696351
-0.0231493214510638 0.00723401580836667 -0.0418390974253332 0.0565705752711199
-0.0162797031658811 -0.000463240633103584 -0.082038805187825 0.0917563725690268
-0.0137666103794015 -0.012035980838652 -0.124092209786276 0.132073348387213
-0.0128602527548657 -0.0166870074687701 -0.179375147179368 0.135897832224583
0.00896680012109497 -0.0237548136162099 -0.277314964597882 0.113487858737541
0.0320705803683602 -0.0341666237872633 -0.347319738519845 -0.0365821422214427
0.0699669000530856 -0.0297165290830687 -0.298675313185629 -0.247304335465174
0.0695004394143985 0.0416768043833405 -0.0878337670462396 -0.368295224956632
0.0465906581586182 0.091288217842962 0.056376065642371 -0.426755900564757
-0.0560066418946648 -0.108639724979375 -0.148860481024955 0.00221429663950683
-0.137330249934577 -0.0141597969364412 0.0664373517624081 0.198224798058616
-0.0641357336698015 0.111894403025287 0.210653164404355 0.0600474537921107
0.0474579778933751 0.111086718954088 0.12216608883563 -0.0241380084406319
0.0866242650342079 0.012852281886513 0.0421745730213212 -0.0194437236049291
0.0413678431432052 -0.0281597986553123 0.00377284259779456 0.00407429662380893
0.0175387341714119 -0.0335361356478234 -0.0415394709799247 0.0453948469364293
0.0192629453903629 -0.0410151641860623 -0.0818939581227588 0.0832947110138196
0.018663765214561 -0.0490192288063592 -0.120089255862278 0.130551077544798
0.0188628919274429 -0.0344152741146385 -0.171006448849475 0.136475282365434
0.0461391892601734 -0.0197674390048984 -0.272645655079329 0.116157516029008
0.0547048418492744 0.0105161318204148 -0.344771418537972 -0.0263708361078211
0.0418497707670409 0.0258228166035531 -0.299800601459115 -0.235677320695793
-0.00600596500930589 0.043872731713201 -0.119231445066545 -0.363969066807371
-0.0200963687145428 -0.00543163724741103 0.0219255609515108 -0.444497403469897
-0.120812997107736 -0.214348740482021 -0.143674070931186 0.031251060325797
-0.244237453469137 -0.0500988573091229 0.0349336327050398 0.187673994965958
-0.149636056495691 0.169494297047652 0.179725735989257 0.0996384548283689
0.0484112781626687 0.202756952455078 0.157138991917997 0.0230258902611346
0.152175470594224 0.0483439137930368 0.094503428868243 -0.0251870528083372
0.093965509589521 -0.0462892544425449 0.0359334530219997 -0.025111133948163
0.0537685804271576 -0.0647563614507723 -0.0246974503592572 0.0156335757364209
0.0504870721620099 -0.0754402675330313 -0.0708411813759892 0.0621278702617095
0.0467984385304093 -0.0832767870076019 -0.107825418738453 0.121030544709811
0.0486343352527713 -0.0548036936694558 -0.159796906815376 0.129709732669213
0.0865895895427431 -0.0201756192779105 -0.270905634817705 0.104637041469379
0.0821942872208711 0.0580559002811991 -0.335843933205979 -0.0366913730049813
0.0128797088192606 0.0906263851099575 -0.27925303676008 -0.234189793060692
-0.0880168349989009 0.0467055784422692 -0.126952291827793 -0.343167805852084
-0.0894842553410427 -0.10078219453576 0.000125910184305753 -0.426295593990962
-0.163259510690443 -0.276922420462913 -0.136995434007712 0.0825589708020722
-0.301440997368394 -0.0556691194906259 -0.0117846400378743 0.196232166482726
-0.184845233645419 0.206507448254709 0.148993715763036 0.169409640464823
0.0545079644150667 0.242656092991181 0.209428550093451 0.0825714610196443
0.179597743026331 0.0633532488857261 0.166189939949557 -0.0332582827176465
0.119425872739026 -0.0525022486816997 0.0807010007716314 -0.0638769310266107
0.0786720725268743 -0.0805654930225514 0.00303832278007981 -0.0247451654062934
0.0729870931422368 -0.0994757009970176 -0.0499189880216175 0.0317728381301002
0.068514225330274 -0.109201309368966 -0.0893365435426135 0.101132046815672
0.0780174513963313 -0.0753831417741971 -0.1478584837355 0.109298636662953
0.13137993301912 -0.0188045834331896 -0.265170664304907 0.07092042593003
0.111710415184617 0.113685042976378 -0.306990996648513 -0.0667445432827913
-0.0261158279587664 0.159938301207653 -0.230846445275815 -0.231577390783245
-0.171880381392829 0.0410842718954923 -0.115586088233516 -0.301094812338088
-0.145178815805264 -0.186334143642255 -0.00619743552216314 -0.373892604783375
-0.18174557303988 -0.301644218002146 -0.13557786835167 0.154852769069349
-0.306961708394949 -0.0472612419647545 -0.0509290143866686 0.244756975103399
-0.180664170333044 0.208075962649466 0.154871542945281 0.248299460031857
0.0479258309700505 0.231653040208946 0.276463299895684 0.122627904291521
0.165759705052982 0.0653417816259749 0.234104618934969 -0.0559794940794834
0.119377259303651 -0.0452625385646625 0.122327098184486 -0.10514714112503
0.0885798900054099 -0.080566245769261 0.0350814387407654 -0.0656531167377507
0.0850717804182511 -0.108055536597109 -0.0213757599080487 -0.00422232898594919
0.0846769177667935 -0.124259460371121 -0.0661945141030842 0.0670514651205199
0.106330720070987 -0.088649983681497 -0.130549006802163 0.0693656463333567
0.173384307755302 -0.00571062147941523 -0.238660383969661 0.015797181360305
0.124135831205186 0.176918908824413 -0.242600361432371 -0.0966423600634585
-0.0829389155260024 0.214384573552633 -0.164624813949648 -0.201165384251164
-0.242857415795028 0.015659708980829 -0.103505293927582 -0.239143468167476
-0.176726039046057 -0.251555303180538 0.000362452370628981 -0.296606998673915
-0.181625620647356 -0.289509818882638 -0.128052090616071 0.240607408944692
-0.276928967467682 -0.0408580321496732 -0.0533837733137619 0.317520568545463
-0.159822704525855 0.174458292266845 0.197333839043717 0.299964414183038
0.0230580579022553 0.192698581463119 0.335543893093024 0.123959000059692
0.125794033023749 0.0655810749590658 0.276737465421314 -0.087638379809339
0.102045875058343 -0.0272811323506 0.151490564203779 -0.139271336372887
0.0847497605749414 -0.0664466834075924 0.0664291450563169 -0.0992292730579088
0.0849636822727848 -0.100147350874886 0.00994073500385886 -0.0412159246813986
0.0915766614235299 -0.121696501586262 -0.0399697949685251 0.021641680803734
0.126907008460085 -0.0830134974659533 -0.100484026949881 0.017211068260395
0.192620415416895 0.0252913920237503 -0.179163511605799 -0.0379886458379658
0.0968978281170212 0.224775445751188 -0.155321419322006 -0.0943816719391296
-0.150636583999616 0.219120980273087 -0.11671651248088 -0.133769374532494
-0.273354078237295 -0.0317723706101356 -0.112257072836289 -0.177263364700063
-0.17360244429767 -0.282353177818961 0.0151147720525734 -0.207732469956522
-0.161665348931966 -0.245626413409525 -0.108209834078977 0.325917767801453
-0.225920388404437 -0.0376049347548032 -0.020971708181523 0.377970151119943
-0.135450567291762 0.126244814213257 0.245075137699997 0.310130810468793
-0.00816392907255127 0.145920144390606 0.366733818233474 0.101717807755784
0.0789767578773216 0.0651083683423504 0.294305726399718 -0.113432867093853
0.0767171805918629 -0.00526520607407774 0.169758068609972 -0.15785567971673
0.0693130856527221 -0.0425729694887067 0.0934740339299015 -0.12085776101627
0.0719705621720089 -0.0764650771880727 0.0387742751217929 -0.0742979942196108
0.0855708284949071 -0.0981797150741322 -0.0101341488227363 -0.0261377291119797
0.124119643784057 -0.0560602795975539 -0.0564809496139937 -0.029088907617785
0.165975588731371 0.0589968846636743 -0.0999919785775934 -0.0606341271075889
0.0321616122846199 0.219810046735906 -0.0843353592853913 -0.0492208217638442
-0.188256247537577 0.156958403269874 -0.123735522814368 -0.0581536961139453
-0.239975596163724 -0.0799196770359038 -0.139282737181128 -0.148164407844868
-0.133055788797054 -0.26341714880308 0.0369831532153469 -0.121031342802366
-0.121197783672647 -0.176808327440805 -0.0799597949810056 0.391451248667482
-0.163927300223426 -0.0371995217490611 0.0268949659321922 0.411402191880186
-0.107833376931914 0.075873431504251 0.278317877258016 0.294183602492021
-0.0329794347998464 0.0992895625613392 0.374812283575985 0.075434186441726
0.0358517773814612 0.0615536217054745 0.296646647083246 -0.126656760749374
0.0489292279779123 0.0149407447507857 0.179471229563323 -0.162957580627717
0.0447550673713695 -0.0141515356692805 0.112689039528421 -0.130837958582238
0.047754958977621 -0.0421779320676552 0.0610949248823308 -0.0991299720503648
0.063183135163471 -0.0576753580322603 0.0198074922422015 -0.0633088661362057
0.0888666795385403 -0.01808085487311 -0.011974045977028 -0.0544953922997808
0.0947114089181024 0.0691214613852723 -0.0366725164764315 -0.0454448096160784
-0.0308537419344449 0.14681022217093 -0.0616762523000527 0.00720283163046127
-0.156032461240735 0.055701309552856 -0.170972152532499 -0.0195959218342101
-0.14361868216703 -0.0921427524530229 -0.153896207365902 -0.154921254171553
-0.0651930409269354 -0.186578967103076 0.0631212661084227 -0.047862811572375
0.0284322190849153 0.0143139679100624 -0.133385300206117 0.0427362939110156
0.0188676834535875 0.0467402357119309 0.14742485351566 0.144650218727343
0.0667154187781407 0.0221342859927124 0.201101054058365 -0.0362996362650531
0.0416836368351215 -0.0294085690592331 0.0710308245012439 -0.0582817871426067
-0.0146470784304201 -0.0282781538743624 0.0240918493674077 -0.00487535686282857
-0.0241476111103434 0.00868151121586628 0.00682774369219012 0.0181512985357809
-0.0186797519073181 0.0156040195355823 -0.0203953735147029 0.0665689406603812
-0.0162029774461597 0.00570995425926478 -0.04654615718394 0.113675845565641
-0.0178642046701889 -0.00653914726293444 -0.0753803532474793 0.16474572222911
-0.0158802608047759 -0.0114578963059339 -0.127718048952798 0.185026125419181
0.000604241147407431 -0.0265470103303265 -0.221170627417216 0.19555516592089
0.020339775447045 -0.0432217157551216 -0.335920363944886 0.0755797535394199
0.055113483896923 -0.0488670567320202 -0.360097713944831 -0.135482074934995
0.0805696447939414 0.0205571490089497 -0.198976197993807 -0.322251540620237
0.0728627277256324 0.076395248429447 -0.0767036941547746 -0.422151740880805
-0.0925953177655327 -0.0853062217276995 -0.133065987431694 0.0458356547501995
-0.132974041431255 0.0357011801655738 0.134230865862919 0.15191638529117
-0.0197655814914184 0.125999264543364 0.211441440218657 -0.0222470360772829
0.0859705675842249 0.0862150197859785 0.0991724844814688 -0.0627605265413851
0.0859856438550636 -0.0169188789009171 0.0300543672774152 -0.0272133032194932
0.0309088595657568 -0.039831872391063 0.00327491382070181 0.00335816061159728
0.00782513201345092 -0.0371821895092194 -0.024997783899866 0.0569605131956845
0.00510014430963589 -0.043181620257816 -0.0485444271588959 0.107067575117044
0.00135744832527324 -0.0525505654980837 -0.0724750928621992 0.162512900204554
0.00919654836417181 -0.0374872271148709 -0.119652721191208 0.182749257706389
0.0368683543409061 -0.0341756989584888 -0.215936849567236 0.196779516035224
0.0546239560063065 -0.0067486765658872 -0.330637503359951 0.0841268335322221
0.0451590703852313 0.0125967007514757 -0.355688414905381 -0.124721231473116
0.00975809165212275 0.0456006582210494 -0.226446327938856 -0.305663850236245
-0.0214320572281383 0.0036215357302466 -0.114569289798937 -0.423851667667187
-0.191540300188878 -0.165379925211648 -0.113553211608627 0.0718690144230926
-0.249357127173704 0.0379335698049019 0.105308264995811 0.149080148145897
-0.0829089737869902 0.210435268716183 0.193634176030227 0.0200581702282118
0.119285723441629 0.173330106368437 0.142687776431174 -0.0309361505717704
0.160433555255665 -0.00468574232889284 0.0745350786328587 -0.0474684099936436
0.0751121289045066 -0.073550448188035 0.023337388828765 -0.0321822730463822
0.0330779300427159 -0.0783794382673608 -0.0195977421114177 0.0238808546886927
0.0237907188385813 -0.086151293713445 -0.0441742923570854 0.084744232842751
0.0179025708721422 -0.0928136740671639 -0.062990288018957 0.150313779829897
0.0310841652769124 -0.0657335421869418 -0.110994486012855 0.174244549783576
0.0746283588208701 -0.0466302652109732 -0.218569829084738 0.18729957081803
0.0963510286828512 0.0300808096302236 -0.326717946015744 0.0699388978457931
0.0378097241061423 0.083306013866268 -0.336151904847402 -0.132486352987065
-0.0672984005020469 0.0744154360803819 -0.225950962541805 -0.281130789007265
-0.117772582521849 -0.0674852859444705 -0.130130795624343 -0.395544860380152
-0.254426214654752 -0.212433286917718 -0.0883998050295031 0.120668893603633
-0.306249401117743 0.0527467940190778 0.0649080750551591 0.171130745281574
-0.103760060628649 0.257186690422574 0.185948245965388 0.0942197813490276
0.138741601448169 0.210067691783873 0.21083780358827 0.0088737921818337
0.191920422610191 0.000816796569985723 0.13898547576941 -0.0785823841313823
0.0972698030343178 -0.0876915117890548 0.0529730262337046 -0.0821385154566529
0.0522140637848272 -0.102115199587233 -0.00757973009671392 -0.0230069592393
0.0385734059740604 -0.116078022062059 -0.0348643835195208 0.0496047607047314
0.0308984591549748 -0.124639781160265 -0.0500436106210015 0.125591962541093
0.0519606527267229 -0.0943713204019734 -0.105885208850369 0.152222790083825
0.117284964596329 -0.0594398861108213 -0.225444438741927 0.154874860318176
0.142571372103036 0.0741286084880562 -0.310026938753351 0.0314676264941851
0.0230165274023204 0.161420774068485 -0.28786023361153 -0.146332249298952
-0.148772463486232 0.0956524952070912 -0.200998433953211 -0.243248616088174
-0.199227041811608 -0.132735605169637 -0.121919297702752 -0.340802749132883
-0.2793733362615 -0.229066641304681 -0.0628030549697807 0.189023341700495
-0.308896326148409 0.0608861314110078 0.0422881330794756 0.23160491159838
-0.0990488352146454 0.256770133734891 0.216982672836852 0.16930501025206
0.128753372013397 0.202438792651385 0.288611100472487 0.0249010231459109
0.180683160192036 0.00820588825412085 0.19602331421345 -0.122079247118389
0.100262758621258 -0.0812891853299225 0.0782456506791203 -0.134470696907875
0.0626592819617045 -0.106019506036404 0.00833844888274401 -0.0721606920846638
0.0473382532217955 -0.128281222915331 -0.019156053387108 0.00629263022881447
0.0411382747696245 -0.143560047777471 -0.0393237362345772 0.0861053149943622
0.0747707803550038 -0.115520003377967 -0.102505485165034 0.109248483657699
0.161385669536546 -0.061348661074576 -0.219597067475255 0.0961970186213981
0.174302156126212 0.130584465309875 -0.259702864763544 -0.0185153833856512
-0.0135782260999573 0.230417847327159 -0.214260383778181 -0.140454004776573
-0.224373729316265 0.0933633958534767 -0.169140384099883 -0.184907823274102
-0.249671555269962 -0.185843561473139 -0.0932760081646154 -0.266942961117714
-0.273937078544875 -0.217879751467674 -0.0289064871260554 0.270401717280288
-0.277046322869003 0.0574812252120596 0.0621629753060585 0.304463474217404
-0.0907434513366919 0.218932873628126 0.276097338223302 0.206972668872071
0.0914139286400868 0.174831609071518 0.348149780149264 0.00692573399057671
0.143488048176317 0.0220167680552637 0.22743937393665 -0.167541846634428
0.0906416635872112 -0.0596444719345261 0.0953189840379002 -0.177151113586431
0.0635261789433449 -0.0916156092872453 0.0275720160681108 -0.11498404233936
0.0496537611755138 -0.120537955993023 -0.00151955993200951 -0.0389591549346533
0.0491607035860535 -0.143257735684759 -0.0286829950140481 0.0345336575792153
0.0949739995519657 -0.116898005130507 -0.0904867923508996 0.0514589229216298
0.189951432996909 -0.0380071242645844 -0.18322261433277 0.0265698542489811
0.164643485698956 0.184915767843474 -0.176824337946906 -0.0454435548635137
-0.0742606019131899 0.256216723182117 -0.145313139292235 -0.0912548886141387
-0.268798126025368 0.0583335710386842 -0.15845363138355 -0.121552867412069
-0.256155823477589 -0.217175396870184 -0.053902303345266 -0.186167731754499
-0.23949981877457 -0.181482197369303 0.0144280523780733 0.346162369474898
-0.226900954723678 0.042741426652027 0.112093578690697 0.355908752806597
-0.0835939463505954 0.164238324542783 0.327051769098464 0.203724213942352
0.0457670488201951 0.141343499836153 0.372690333101552 -0.0256955666226178
0.099139469787273 0.0360178894234719 0.235894223434316 -0.198604491527122
0.0738478884139895 -0.0313997104016371 0.106494734397492 -0.201716073437014
0.0560874740664841 -0.0640031726848938 0.0470647475678667 -0.144919391827552
0.0445253387298069 -0.0950460395492119 0.0141009148775816 -0.0806402927488081
0.0501904891184027 -0.119661640027997 -0.0169751171638735 -0.0198290424746681
0.100680047436004 -0.0916165623543165 -0.0646736506060532 -0.00704722060476107
0.176084920637031 0.00209743484180942 -0.116530683977007 -0.0215365784383766
0.101551558090138 0.201656802326134 -0.0940017543222902 -0.024859196925087
-0.129208122664738 0.20986120797248 -0.126978783865545 -0.0136691800784504
-0.253067184828243 0.00288746117865582 -0.175951596417697 -0.0834253692122596
-0.213107059662766 -0.211467881134893 -0.00748838851125154 -0.111716510123389
-0.175846741312662 -0.127467676937445 0.0605627033144859 0.399366907452936
-0.166677814838299 0.0222339066755488 0.165924291070344 0.376284346192133
-0.0744557333408223 0.107068272261054 0.356319512046815 0.179831302258926
0.00635781345813692 0.106028958752226 0.374084810281398 -0.054023628493221
0.0571713032824348 0.0451240602984628 0.235090793153859 -0.213064023814658
0.0532405590588431 -0.00331928418633036 0.114490157351629 -0.210422772153073
0.0415823880070746 -0.028856001984043 0.0619648383334756 -0.162694734864767
0.0326362906443407 -0.0542845495729073 0.0258975140301313 -0.111953007723601
0.0417105357412747 -0.0739834410108179 -0.00177253391345958 -0.0651485838134819
0.0787331603001646 -0.0449265845488765 -0.0303547625875103 -0.0458574176590062
0.112546352290074 0.0348209131987864 -0.052047632017693 -0.030941359091222
0.0189977144026214 0.151868665406857 -0.0519834039140355 0.022818863150574
-0.131847534599618 0.104756566147226 -0.159639332635906 0.0409770520770209
-0.16565375556275 -0.0400603207152314 -0.193882559841614 -0.0860839637557999
-0.123562854876853 -0.158980066006031 0.0401569921898004 -0.053368565124475
0.0290687164837318 0.014199468167353 -0.131784114283437 0.0382293026723805
0.0213375850927489 0.048043328342283 0.152480784770413 0.134102297119907
0.0690960917425672 0.0200896267201326 0.199390320155825 -0.0436786057713148
0.0430744235693677 -0.0328645551129884 0.0675283107047316 -0.059623672874323
-0.0159647352372213 -0.0285252544729795 0.0233519140222494 -0.00327031499339206
-0.0242317679694202 0.00847954236489066 0.00559802471397382 0.0184491381497555
-0.0178820507223691 0.0161614195181728 -0.0205582298593603 0.0662248077968637
-0.0166822944978367 0.00709468845241677 -0.0458331175539709 0.115930621508149
-0.0185103426032031 -0.00700976101215482 -0.0765177425265297 0.168367777091894
-0.0156453562710192 -0.011425059912112 -0.128556562040645 0.188965709833553
0.000119619016124638 -0.0282106905697481 -0.219362574786981 0.198859865059647
0.0201767683051301 -0.0437624904325426 -0.335571761278457 0.0797840280570265
0.0543503160342237 -0.0498215562428627 -0.362291791336916 -0.130109137165968
0.0821361639823903 0.0200802524973668 -0.204810106561692 -0.322918378562985
0.0748712843622511 0.0777240682998425 -0.0830312813767621 -0.427673324494744
-0.0954322974699752 -0.0863493889304269 -0.131194148302208 0.0409758283878923
-0.133568790109658 0.038021244216153 0.14003234696892 0.141229926335127
-0.0185125758435135 0.126426014615244 0.210876185701964 -0.0301244661398344
0.0889291959510165 0.0849865092173081 0.096503759946849 -0.0647718103768406
0.0868506581463727 -0.0180581604222379 0.0277584528240128 -0.0262906847479685
0.0310666140084946 -0.0407717408247856 0.00151982660141221 0.00366484493782526
0.00951083899604049 -0.036758942424102 -0.025008583753458 0.0561271607066117
0.00511652024323243 -0.0435245902237865 -0.0481476008045101 0.109096308181666
0.00144556580179895 -0.0531553602458098 -0.0732869568094955 0.16544807735939
0.00999593700179023 -0.0374402635724184 -0.12019899836852 0.186358556440428
0.0372253986339928 -0.0349381200643151 -0.21389225889459 0.199734267720224
0.0558343223348704 -0.00615767379676348 -0.330278183904916 0.0884982353109442
0.0437494670216511 0.0132123543536291 -0.358345038919431 -0.119708548824614
0.0104545407322743 0.0452357360040775 -0.233107797830269 -0.305940480320848
-0.0224322463341394 0.00459989044628693 -0.122268345300093 -0.429819917191324
-0.196785051074222 -0.166713583413049 -0.110900149093531 0.0682963744531233
-0.252538054775347 0.0398612728544966 0.109253290099089 0.139431056890725
-0.0814476567355661 0.211514853480502 0.192661400991048 0.0131376081190658
0.123576172363889 0.174463479265024 0.14216866214891 -0.0336010206768589
0.162753309311768 -0.00614504255397181 0.0725320234962521 -0.0474604601328592
0.0760537404746168 -0.0749432002386679 0.0213265442429635 -0.0325479542077433
0.0355689961525898 -0.079636415195694 -0.0206809247575579 0.0225102093063469
0.0246476169068587 -0.0878192154518815 -0.0452089607622212 0.0862429773204011
0.0180115880619583 -0.0941609612909549 -0.063586456287765 0.153121091085877
0.0326745891700823 -0.0659490174795426 -0.11147357785564 0.176583494739324
0.0757075622885722 -0.0465258635871319 -0.216568611336378 0.190487347851689
0.0976730626350458 0.0321537035150643 -0.326840410278688 0.0758958635077822
0.0365267115374596 0.0854952112750691 -0.339460641444545 -0.128312042191351
-0.0679095468586556 0.0745029481568511 -0.231126179950181 -0.279767338320071
-0.121424566102327 -0.0671601620550377 -0.137777406479898 -0.399868226395437
-0.259993127457976 -0.215085189646146 -0.0857916134757167 0.118612684322775
-0.310813082386978 0.054480718411551 0.0680662155802612 0.163748964988311
-0.103480316842663 0.2594025389365 0.185013149448218 0.0902388191928153
0.142109418828928 0.211945885092823 0.212071485536097 0.00634436492222108
0.194812285022202 0.000391474290487744 0.137733537641775 -0.0795268624590199
0.0992150840610731 -0.0895587565544172 0.0507100455923669 -0.0830318560694881
0.0558908181169569 -0.10328406830256 -0.00897124621586273 -0.0247190392354414
0.0394534368571534 -0.118314565577344 -0.0344109149271874 0.0512606480738034
0.0313203532423028 -0.12660093930449 -0.0499519562687935 0.127337267941723
0.0542775833997898 -0.0939322587996558 -0.105710526642964 0.154232133373042
0.1185788253041 -0.060000412014242 -0.224174428136135 0.15891637928818
0.143794608415654 0.0759296401126128 -0.310466565073645 0.0364518868395692
0.0221893267091502 0.164144673514908 -0.291822661020075 -0.142712937193502
-0.150710925976775 0.0962171400373885 -0.205001466528944 -0.240052368845911
-0.20505155973032 -0.132638916645633 -0.128371598055553 -0.342378483596517
-0.285624925407061 -0.232965532815324 -0.0598958634532938 0.189567621739479
-0.31394638436192 0.0617367148616069 0.0460279418808432 0.227327926440537
-0.0996525871408451 0.258593286192141 0.219057510837679 0.167141500248808
0.131761557590599 0.205883706501972 0.291491785742235 0.0214312107477098
0.18413458696235 0.00948097412025424 0.194431118541025 -0.123994496710003
0.102320924159116 -0.082272792303009 0.0760559679680213 -0.135588058233237
0.0664271246563204 -0.107699220635609 0.00715621234713414 -0.0753258701160505
0.0485256551860261 -0.130470871319342 -0.0188441436244866 0.00673878429149718
0.0415140837353096 -0.145545721089355 -0.0386084980471557 0.0879194918195408
0.0764567304486261 -0.115937146209385 -0.102690611480232 0.111909556376176
0.163410319637609 -0.0619698210744816 -0.219766674731712 0.100285441774907
0.178018153606895 0.132928039967081 -0.261072811693633 -0.015650555202664
-0.0135714780234038 0.234772745020737 -0.216548328174261 -0.138295944931768
-0.22754228801814 0.0948656135490093 -0.170810603373253 -0.180091419093985
-0.257617564172823 -0.18607071361836 -0.0986403007588435 -0.266054050914479
-0.280105273730467 -0.221222559402172 -0.026003742816335 0.27313946984348
-0.282042430914616 0.0570517620924554 0.0666662250049276 0.303472973085582
-0.0918145828826391 0.220631503272561 0.279496734304547 0.204302786584065
0.0937198109538972 0.17843029441983 0.350989399843303 0.00244700810926659
0.146399457627214 0.023449297298085 0.22469386259108 -0.170330976685541
0.0926518431890861 -0.0600967122868648 0.0935037941623325 -0.177952358166138
0.0677633550158979 -0.0930840426521629 0.026983783698447 -0.118094045148549
0.0511247618178536 -0.123052539648996 -0.000927940956118969 -0.0393927281968368
0.0494181812054872 -0.145539199785543 -0.0286854602623897 0.0358429661882466
0.0972275789983211 -0.117997805565083 -0.091497765645903 0.0524317163969915
0.192722825737073 -0.039579644409853 -0.184411859737232 0.0294369604052236
0.169036731187732 0.188642271592721 -0.17689686821484 -0.0448340722557843
-0.0755882742843429 0.262590097829719 -0.145248195646438 -0.0879039378500778
-0.272754964260222 0.0599976368727026 -0.159003245295428 -0.114538015151936
-0.265077418929255 -0.218473671744793 -0.0577639374343468 -0.18388512320691
-0.24516545584558 -0.184468804554941 0.0194731735190073 0.35126924527675
-0.23039549131103 0.0418803939942913 0.118144750342717 0.356632765904705
-0.084935376701618 0.16576983470089 0.331577847541711 0.200792023312209
0.0474971504381032 0.145190986971654 0.37488602037035 -0.030010726565514
0.102233456528 0.038065691481119 0.232710557807032 -0.202379456471079
0.0752985203090686 -0.0322750939900939 0.104837872693973 -0.202996760648204
0.0598207348258116 -0.0652577546096998 0.046971146178808 -0.148862018311542
0.0458141295932388 -0.0963538417068622 0.0145117463638963 -0.0815263117381338
0.0506285536095745 -0.121756363304126 -0.0170644083705216 -0.0194964919514164
0.102493211020323 -0.0930215006747493 -0.0656607440729118 -0.00636343176071608
0.179658244426128 0.000673999635594454 -0.118021067137907 -0.0202025650533295
0.106182810001304 0.206732018988555 -0.0920786802138806 -0.0258176781205195
-0.131102716027289 0.216279694496369 -0.124872417031863 -0.00910012594240418
-0.257488756647037 0.0041270668909777 -0.176738975185797 -0.0738888131278441
-0.220899340768787 -0.212869499247847 -0.00968834731569873 -0.108443397128339
-0.181306235568368 -0.129063716869942 0.0666009250034451 0.406191644827108
-0.169817867000084 0.0225261440045305 0.174021114429112 0.377953718322806
-0.0764569816114902 0.107557821429169 0.359884999522127 0.176509303647957
0.00704326359295819 0.108702426675497 0.375107802656357 -0.0591384415928268
0.0594961938825752 0.0470990390470607 0.232266483897969 -0.216400643147512
0.054358515083074 -0.00431703333012128 0.11404287178836 -0.211695520219446
0.0441036881018575 -0.0292547898196021 0.0628613109829393 -0.16646965374408
0.0329659605519481 -0.0554397434096945 0.0264201535666723 -0.113484852444914
0.0420828635767506 -0.0751314266258289 -0.00231380821015465 -0.0655162418590015
0.0807139401134654 -0.0461177634109955 -0.0321219701305055 -0.0463857357200831
0.11549990367464 0.0345634347391421 -0.0519589031088133 -0.0311226799181062
0.021302770660095 0.156685189702579 -0.0491466199251656 0.0228349306830132
-0.134280820529534 0.109731871414097 -0.157544252699712 0.048154315290516
-0.168430382786107 -0.0403895313324329 -0.196331140010936 -0.0753109275584609
-0.129277851213328 -0.160105000953575 0.0388211738674345 -0.0492742207516129
0.0301736673661816 0.0145381275120595 -0.132980217073481 0.0339614647830309
0.0246902107571379 0.0499020506729747 0.159899951028261 0.124207223207357
0.0732167896739575 0.0176618661812168 0.201151797622888 -0.0537985109530168
0.0452108758361944 -0.0374052071795041 0.0653007471187401 -0.0614951065624386
-0.0170595145530643 -0.0297196270516938 0.0232372556208481 -0.00173608086917109
-0.0251062590893739 0.00808199842407271 0.00367571500807607 0.0194632482586644
-0.0175172619358241 0.0167158841386913 -0.0213803614261816 0.0669287672820035
-0.0171250026530265 0.00819764370755695 -0.0463812649173175 0.119550451779118
-0.0194502595419021 -0.00682180396298579 -0.0783002732173377 0.176292595255983
-0.0161925149703292 -0.0119581094184061 -0.13161380324768 0.19736800964311
-2.65740569513027E-05 -0.0298380404151544 -0.222078974538992 0.205866744853388
0.0207813167526689 -0.0456878087403648 -0.342013744789884 0.0880021319815909
0.0541507734209456 -0.0513707905975255 -0.372947246344085 -0.125616611803747
0.0863383643159691 0.020090872202502 -0.215879114837905 -0.328952350271558
0.0790849082550106 0.0805883206631042 -0.0934563462637885 -0.44337642068886
-0.10010554439503 -0.0886663251587689 -0.131612222181941 0.0372082271180737
-0.137320584121751 0.0411383264766348 0.146866939778723 0.132649616012068
-0.0169581353446289 0.128271540693368 0.212519979383569 -0.0395711562342602
0.0932807600717403 0.0857227568140691 0.0953292642625177 -0.0687050176736656
0.0893832548950621 -0.0202202944133802 0.0267010042188087 -0.0247612893247623
0.0319645806527057 -0.0429732556939031 -0.00080001471553824 0.00392431613889814
0.0115286672155348 -0.0383490259606351 -0.0270081923828764 0.0566113306253012
0.00478832560679929 -0.0448412276589937 -0.0489571545907961 0.113690049984906
0.00053186608073849 -0.0552299169361527 -0.0754512727868082 0.173826123447914
0.0116084034047867 -0.0390509957418149 -0.123022491507211 0.194456426606352
0.0388466282368722 -0.0359862022770425 -0.215947795828181 0.207015716089204
0.0574870364673413 -0.00606028335505287 -0.336754453640344 0.0959785215939084
0.0440800061786504 0.0137512786543251 -0.368704896188531 -0.116243507647046
0.0115553182433266 0.0467005855229804 -0.244772004723275 -0.309763108384574
-0.0234110460239861 0.00559860297066738 -0.133456728981523 -0.442818711362579
-0.205816715907041 -0.171874405385295 -0.111021912156384 0.0663349585198162
-0.260203670033123 0.0440687913232743 0.115007904851839 0.131098698502388
-0.0828263451576999 0.217176074348963 0.194015164225042 0.00697106840507452
0.128537737334921 0.177931072088299 0.143864761791076 -0.036723152025122
0.168431576884617 -0.00846975039109879 0.0724272898957395 -0.0483099547640436
0.0783359838985155 -0.0786050764086841 0.0195156473439297 -0.0332297805799979
0.039005539277159 -0.0822298647831947 -0.0222690716466204 0.0221457615020387
0.0252804670058165 -0.0905417486143698 -0.0455954735265846 0.089888112353626
0.0178821904301907 -0.097938113112025 -0.0646315266812914 0.159578709797997
0.0352360487892931 -0.0674108698662909 -0.113459252250823 0.183391140841499
0.0781205766616298 -0.0478655704264595 -0.21886108944846 0.197798983233561
0.10083856659145 0.034270637927335 -0.332682880743947 0.083245480844747
0.036556806536655 0.0889539579813169 -0.349914913633318 -0.124427066434285
-0.0696315513479298 0.0764627951908046 -0.242533139772429 -0.282658985489357
-0.12691709959382 -0.0675504484592457 -0.149337536759093 -0.411647190573736
-0.27177805511909 -0.222317674101085 -0.084552658041108 0.118096981040444
-0.321075809862196 0.0578774294568081 0.0713476277706858 0.158850250188532
-0.105743491203422 0.266838610009582 0.188130809971178 0.0871158965570037
0.148705957299649 0.218241010802733 0.216904842588342 0.00369662573377026
0.202354866639461 -0.00148461000519188 0.138428107457095 -0.0818747372364481
0.102158894170701 -0.093062250244304 0.049778457094327 -0.0849303263461352
0.060650052852983 -0.107694855256514 -0.0108684268677871 -0.0272063578573822
0.0409566559636217 -0.123196296491936 -0.0352548498407383 0.0532540239622495
0.0318322102141205 -0.131411673181947 -0.0504313159353915 0.133517294674643
0.0571527993060135 -0.0963805759785861 -0.107415223197805 0.159995149966639
0.122164144396303 -0.0621983733146639 -0.227680768154237 0.166684738635594
0.149979315101414 0.0798454710706039 -0.31744182888759 0.042923674043154
0.0227333850893415 0.171317048348803 -0.301185994488251 -0.141355765817233
-0.155508079454008 0.0995405678402644 -0.213595441636278 -0.240480439441651
-0.215227629891008 -0.135143029641218 -0.139343958900229 -0.351421955070705
-0.298783457245826 -0.240292421018755 -0.0579875181860671 0.193288729677563
-0.324411123558938 0.0652100428761628 0.0504692063466662 0.226987780009544
-0.102359930739845 0.266326235394712 0.225025954372565 0.166879443072571
0.137313567773098 0.213849059701574 0.300477821851585 0.0174589356933777
0.191174064408772 0.00880733953457866 0.196032931766789 -0.129064490572582
0.105453163898018 -0.0854250932963285 0.0757393194540548 -0.139615035686753
0.0709591210910996 -0.112167811816337 0.00603644866741673 -0.0787224560136441
0.0511500872173146 -0.136340626396804 -0.0187852155319691 0.00798016698056967
0.042546685101622 -0.151564419943168 -0.038766219373571 0.0916019052552646
0.0799233978373466 -0.11900791947709 -0.104871660979737 0.116091812944586
0.168458979539186 -0.0651577312579899 -0.224441742077467 0.106515163705863
0.185528746867414 0.137379977977325 -0.26830177779197 -0.0120433679702125
-0.0130472123673372 0.244298796890566 -0.222680652699076 -0.137414293125029
-0.2347936678657 0.0989168661961739 -0.176724823643272 -0.178467917278434
-0.270155775178687 -0.189722034564263 -0.107426650488363 -0.27164239107193
-0.293262764237943 -0.228748508485243 -0.0213789493069405 0.280849480662815
-0.292446636413046 0.0584503688216718 0.0728589156112005 0.308127126939899
-0.095066014208521 0.22651308337454 0.288735103240907 0.206752286481591
0.0975043305529512 0.185929714848576 0.360653370319693 -0.00325441405879291
0.153319847190109 0.0243183604934931 0.226770132994988 -0.176683449951482
0.0959044610094235 -0.0626531428908365 0.0934813542664949 -0.183376141945977
0.0729338483026805 -0.0970614239403186 0.0267295308654524 -0.124042996135109
0.0534158243632418 -0.128721732579988 -2.5555361171331E-06 -0.0403680721905008
0.0500496526200523 -0.151299589930245 -0.0283601611741268 0.0379129290963116
0.100342871150294 -0.122163261542703 -0.0935584607094915 0.0555534644010358
0.199212435199159 -0.0423637012726851 -0.189605243111751 0.0326211099222136
0.178079671805476 0.196358049064111 -0.18053493407402 -0.0432389644795729
-0.0757858465594388 0.273824555775156 -0.148142287975432 -0.0863266209184234
-0.28199288846229 0.0635236269716023 -0.163261100337157 -0.108482478051285
-0.278790113254354 -0.223309939970111 -0.0640271487324193 -0.185318553832943
-0.255864283157248 -0.190527429350682 0.0265203747459837 0.362377919285794
-0.239982062548948 0.0436675613241418 0.128717081318491 0.364144891066256
-0.0886394215858501 0.170161662214441 0.341732729321169 0.200829374806173
0.0499599269021584 0.151862698734945 0.384366801016525 -0.0375182526378278
0.107127988572385 0.040062586969538 0.233955476613124 -0.209108208820355
0.0790723981128082 -0.0336885291044396 0.106474580405692 -0.208843519068772
0.0647723849845073 -0.0685153540000102 0.0472629717343473 -0.155592237375071
0.0482766296608705 -0.101076380296626 0.0161718128704541 -0.084628516917489
0.0517800842796948 -0.126509908487032 -0.0179182293097843 -0.0196027559167717
0.106248952881632 -0.0962722430903602 -0.0679258665126111 -0.00560791346992721
0.186825360754934 -0.00121166817250481 -0.12229105517303 -0.0196223773411929
0.113409886062062 0.215597637024693 -0.0928975053050323 -0.026064701395841
-0.134296141481189 0.227802892777717 -0.124369622832077 -0.00338661337235029
-0.267040393017951 0.00620144212256142 -0.181292742043759 -0.0651950173226619
-0.232767856261677 -0.217227632913528 -0.0130170676849619 -0.107314582080903
-0.188342374950138 -0.133519060206804 0.0750438754237042 0.418684229266269
-0.176488093742359 0.0235053856482197 0.186568864226029 0.386809587115633
-0.0786733601734513 0.111093683349901 0.372166021453357 0.175617181479383
0.00831459555691554 0.11341753022508 0.382864735614023 -0.0667246543984634
0.0630832464649444 0.0491649626518857 0.233248146087341 -0.223187785265504
0.056207185113966 -0.00543689475353532 0.116085303661168 -0.218513893022026
0.0479854488645473 -0.0314016170874243 0.0647009617446092 -0.173478281205391
0.0351387449895909 -0.0575868889195002 0.0273166369809706 -0.1180798086385
0.0434246061670373 -0.0786059342845963 -0.00358654141944165 -0.066921174095466
0.0839660136051683 -0.0478911073118844 -0.0338795480589404 -0.0468397364713455
0.121089089481447 0.034542495069539 -0.0541243074817174 -0.0315907624313433
0.0253440680089128 0.16539842637054 -0.0472690484131781 0.0238855113176647
-0.13866159607656 0.11747434018035 -0.156236661021845 0.0577962827403092
-0.176017277009143 -0.0398259716156004 -0.201708436662534 -0.0653359839418907
-0.13817146517467 -0.163728252359679 0.0381000786105274 -0.0463679396965012
0.0315357649139819 0.0141858587741485 -0.134917701219557 0.0316861366091954
0.0304005313518475 0.0527538316636654 0.169857041782469 0.111568964822664
0.0783683724407205 0.0139995501350967 0.201503363792897 -0.0690661393192787
0.0461437074399657 -0.0435961333307552 0.0617993998813758 -0.0662059202623387
-0.0192071213545002 -0.0312189635226916 0.0239037481848186 0.000125756883955736
-0.0263325497941087 0.00934486864777602 0.0032061932123481 0.0207410480351844
-0.0171058737317282 0.0177870314999722 -0.0219530981462594 0.0693173070180432
-0.017040046115771 0.0102309022284538 -0.0451331675733285 0.125548462335794
-0.0214625886949519 -0.00632508963216766 -0.0770368770618492 0.187822696753605
-0.0158882446236596 -0.012168414347224 -0.131053931585183 0.210198259290164
-0.000808426129645355 -0.0327038316897834 -0.223372773985132 0.220012593447256
0.0207993672140831 -0.0485837830201338 -0.349696418374468 0.10421285269848
0.0537778052143929 -0.0547647040541018 -0.388360931684029 -0.115134603394022
0.0915793096911196 0.0187892758793866 -0.235924206649202 -0.333811085747804
0.0854890356063898 0.0818418727641533 -0.115738446422978 -0.460498201113155
-0.108547721216174 -0.0894389341706074 -0.133241057255154 0.035833885561374
-0.140737006095329 0.0481981107646573 0.156956509187967 0.120032527573995
-0.0136227921304336 0.132523987599571 0.214050394902012 -0.0537639643882396
0.100662156786266 0.0843612006608019 0.0933519599877373 -0.0740292633604969
0.0926274593295872 -0.0247859456627927 0.0260163164780158 -0.0245264381747391
0.0312161439124694 -0.0461027393769181 -0.00199043832336362 0.00545519624851883
0.0127044785806368 -0.0410319733714686 -0.0277737658540182 0.0588123687667811
0.00456537111217773 -0.047197545853009 -0.0481490963589399 0.119564360877082
-0.00136959233492401 -0.0574659642176721 -0.0733666987372496 0.184613897286153
0.0120037771070269 -0.0408888088953121 -0.122029007199368 0.20615386221662
0.039202635849163 -0.0388549970379483 -0.215719737433864 0.220740123178463
0.0594203396202366 -0.00707466013467924 -0.343045630390686 0.113473103754627
0.0448512831664972 0.0140938898588892 -0.38497478533211 -0.10519117449487
0.0147746536895998 0.0481042801985802 -0.265287633916087 -0.31280020354463
-0.0236899897398201 0.00707856648779977 -0.157784991417816 -0.459445359068362
-0.22175373963847 -0.173059545073079 -0.110846742437959 0.0662220383225765
-0.27132293088256 0.0545138212235532 0.123539227933031 0.121610983845149
-0.0800744747963696 0.22684951838435 0.196344357866372 -0.00395635563059449
0.14074039073065 0.181182803667795 0.146040771451299 -0.0426214781866991
0.176532849683159 -0.0149243882107633 0.0725981001498551 -0.0501815160814089
0.0785944922450952 -0.0849198178454324 0.0181197527854603 -0.0340576432434027
0.0413842023928988 -0.0880324804725566 -0.0248666878034176 0.0223006461480408
0.0252164461661272 -0.0957754340073681 -0.0445940816169257 0.0949762130219061
0.0161059915208751 -0.102682922621532 -0.0622492065532274 0.16969541445193
0.0373358282191161 -0.070601773778767 -0.111856134135634 0.194334688155983
0.0803588024904608 -0.0512280751444614 -0.218825983547992 0.211967614831237
0.106357405628285 0.0340179836147389 -0.339703861453222 0.0991099290566656
0.038959509159908 0.0928243404037637 -0.364871543171125 -0.115066574595521
-0.0695381346104053 0.0813173592690193 -0.26137585326226 -0.283921749323039
-0.135165213596466 -0.0668410787826283 -0.173542432221571 -0.42464094520407
-0.292684012139724 -0.224332971500338 -0.0818515292076095 0.120302280501996
-0.333741094635942 0.0695606378175042 0.0786571683173768 0.153154461383529
-0.10292769459571 0.279526812732082 0.193405200342221 0.0809618805477556
0.161826735580802 0.223928072699151 0.225381852435258 -0.00399950926502797
0.21198736752306 -0.00759819007321009 0.139937889674572 -0.0877648469618802
0.103328969638534 -0.0999796575041476 0.0483385415022718 -0.0892596299041789
0.0634074976451317 -0.114999001742176 -0.0142615432234484 -0.0295729925340491
0.0409826611235582 -0.130211736531984 -0.0345188981648816 0.0574835968494596
0.0297894235509938 -0.138514923465201 -0.048577208281451 0.141200902048901
0.058423579476447 -0.10211276290244 -0.106082774504643 0.169982175926932
0.126237113706319 -0.0671622880947861 -0.2290403404795 0.180808856666668
0.159032664447013 0.0802701284245363 -0.325336723589165 0.0568242073073143
0.0269386704737613 0.179002830574378 -0.315257118054351 -0.133677073274563
-0.158497620561213 0.107509614895606 -0.22840102818288 -0.240738665970075
-0.229373635515516 -0.134673993811475 -0.159802223324479 -0.359942656194144
-0.320511752310837 -0.243569246245236 -0.051542390161203 0.199820489244151
-0.338255737196029 0.0759359109367855 0.0575670969099559 0.227381846716084
-0.100644606242203 0.27887690220653 0.236109890837746 0.164973609052895
0.149061413122311 0.219392576110951 0.312777103559322 0.00833384547387674
0.200936741400179 0.00383380443418828 0.198237249963664 -0.138774163250498
0.108260393292652 -0.0915653275560816 0.0742082060592119 -0.146277839939786
0.0754477930261464 -0.119586213069408 0.00227294460201259 -0.0844133117197825
0.0502410950884718 -0.144686521550212 -0.0183850630566093 0.00901542300489836
0.040296086003901 -0.159155664165243 -0.0359711959317716 0.0974059948970334
0.0811542741307781 -0.125336225694703 -0.10422665271038 0.124622794091015
0.174312464439709 -0.0728685100119659 -0.22880836828287 0.119117141024959
0.199582470236581 0.139538210258258 -0.276772992309505 -0.00236912807698779
-0.00757143359838891 0.257663345592586 -0.23351444296062 -0.133313279173499
-0.241771403312003 0.109214978785618 -0.187177295667783 -0.173924545381103
-0.29020053803336 -0.189341796583079 -0.122768404028806 -0.276085034015975
-0.313498897758983 -0.233071329250489 -0.0113962664250828 0.291449803212561
-0.305534512834027 0.0685417254966154 0.0864545454139842 0.313456804775485
-0.0946705661822077 0.237558335558146 0.304864667739728 0.204003996491126
0.105628561660223 0.192880230018136 0.375059284825338 -0.0148210456817295
0.162171766057605 0.021726037701733 0.227688222450207 -0.188779292926599
0.0991069110787066 -0.0672863384664195 0.090982750290404 -0.192003335778681
0.0769541455840057 -0.103874479425362 0.0228573657745855 -0.131634044751484
0.0538998628395194 -0.136493295373725 0.000683496861373409 -0.0428229232171368
0.0483729863951544 -0.159478659960339 -0.0270960077934243 0.0412905605271731
0.102729195762832 -0.129712230941771 -0.0952780385670829 0.0611335697892347
0.206435108394766 -0.0503285360126204 -0.1962244982023 0.0415787034255859
0.19345483142808 0.200399401425043 -0.18802213074097 -0.039766327470149
-0.0714852014638381 0.290601914297061 -0.152683270065986 -0.0819552289688092
-0.293668134934113 0.0749784253661696 -0.169591475907563 -0.100399376394795
-0.299992663952724 -0.222702553093881 -0.0740754498098358 -0.186229625839643
-0.274674094583203 -0.193627471123465 0.0408506612932509 0.377366470783593
-0.251289639887571 0.0506847008782526 0.147270572649185 0.371523756782637
-0.0891390322002417 0.179451314399011 0.360023773502068 0.196291965629962
0.0557769546266234 0.158291391929141 0.396375538829225 -0.0517440042951001
0.115067201779565 0.0394928130872101 0.23361821591688 -0.223221517459527
0.0814946526535072 -0.0371965197367709 0.103725116078814 -0.219616361695538
0.068077792563341 -0.0742626935796884 0.0446578704534932 -0.165327405023157
0.0481239533227984 -0.106805641834619 0.0164284209710328 -0.0886595830849824
0.0499901493424647 -0.134124183382746 -0.018335447297458 -0.0179717869220361
0.108869017780236 -0.103846244934223 -0.0715351255475279 -0.00323478016138193
0.195523343963397 -0.0065671792751919 -0.127958371268708 -0.0162794221079087
0.127805620793117 0.22344552449219 -0.0943876925227505 -0.0240576522807997
-0.133048603791263 0.244235173933578 -0.124434236133367 0.00431442416572437
-0.279523510568534 0.0145442635802274 -0.187654000375982 -0.0527442484354554
-0.252514711681239 -0.219188494839102 -0.0184793731710664 -0.105380062424638
-0.202713249041475 -0.135174984253527 0.0944961365939013 0.435434094180029
-0.184985280824517 0.0289115861331147 0.210106310811938 0.393594001728648
-0.0811793982691907 0.117074450819138 0.390279729342644 0.168504844745032
0.0119857038281554 0.11928536272162 0.392980302838751 -0.0812568176479212
0.0684992461171884 0.0500386391742405 0.232339514661336 -0.23745307084623
0.0589112386141818 -0.0077174805921727 0.114309972505103 -0.229659917345963
0.0505321117919908 -0.0347567751430472 0.0621072473443199 -0.184839208753154
0.0357101446840663 -0.0606538583387804 0.0270862583083166 -0.123497314852274
0.0426507840052241 -0.0837375135592069 -0.00654664700591261 -0.0680507152203291
0.0869052541216799 -0.0533278519291381 -0.0372285000161524 -0.0481143106477782
0.129184406260267 0.0320007050607568 -0.0577247712602286 -0.0320906299041487
0.0334620706928764 0.17510185664997 -0.044329651097895 0.0255312587395791
-0.142241453465061 0.128981734973035 -0.154344178936256 0.0709525062202123
-0.185940311743332 -0.0359167374669472 -0.209866358043288 -0.051819615070246
-0.151653365262493 -0.166522438726262 0.0372196754331797 -0.0437524271611312
0.0327140434641205 0.0130464210303643 -0.135979165408434 0.031377421660885
0.0366646377192842 0.0535883105002078 0.178319136894073 0.0925875030165468
0.0821039353197268 0.00801362918692292 0.198202486082031 -0.086783197984962
0.0451861772701324 -0.0506747018099485 0.0566186553430155 -0.0693837808478541
-0.0224866112795208 -0.0318250703157937 0.0250294725611011 0.00135717316271909
-0.0269993460524113 0.0103776087634736 0.0036213222560165 0.0230050028033348
-0.0162655046029908 0.0184523999883135 -0.0212237258502684 0.0722175698778467
-0.0169551825325742 0.0117566374794273 -0.0415665954357866 0.131268326224814
-0.0233376350189831 -0.00463328070376722 -0.0699142367892769 0.198944641960431
-0.0170233623220636 -0.0127297901547053 -0.125101598481017 0.224121182571332
-0.00264388683866041 -0.0342484851855546 -0.215674199956468 0.236176306828865
0.0190374335097381 -0.0520471934555922 -0.351129102284901 0.126608660913042
0.0516355656267251 -0.0588629810861445 -0.401593532364415 -0.094519996026232
0.097242200738419 0.0139785536105282 -0.261625510163957 -0.330320708437548
0.0951533566335472 0.0800331367907974 -0.147585707263004 -0.468934609920708
-0.117956779271683 -0.0873069803744546 -0.133897598710584 0.0358290154496929
-0.141355981380362 0.0584908710309421 0.165639516774711 0.102930096658718
-0.00746521987954477 0.135792016416808 0.211536440112153 -0.0718643582591976
0.108393934359758 0.0797435793282946 0.0889261168970821 -0.0807781095376188
0.0937203075351966 -0.0313726258689895 0.0256341894821631 -0.0234400266021338
0.0290493724934324 -0.0491847010058273 -0.00210600907785989 0.00715318699168251
0.0120637607434263 -0.0443026014397644 -0.0290917712426052 0.061341713572238
0.00322521766309764 -0.0484637662099474 -0.0446628859223682 0.125284105245642
-0.00479603316600199 -0.0596479104982076 -0.0662388105829208 0.196088280812037
0.0115578592783722 -0.0430083131882495 -0.11532175456995 0.218485487985862
0.0394224232146547 -0.0424192432168294 -0.208819895476768 0.236580552892484
0.0613803077050713 -0.00972407673728772 -0.342986976099514 0.134983730158688
0.0456228621064535 0.0139049847310976 -0.397547303489638 -0.0840451121406888
0.0189821925466941 0.0473931187060732 -0.290379389621311 -0.305927281387932
-0.0231412888127032 0.00827493311978829 -0.192040860565267 -0.464780246531017
-0.239511369894054 -0.167467646254113 -0.108093667673762 0.0661209264310576
-0.275356724997585 0.0708968663802753 0.13019596623877 0.106588663824916
-0.0713322912967173 0.237018291971168 0.195737867351893 -0.0182802488058129
0.154849088412962 0.179749172857059 0.146412327205583 -0.0515390746879281
0.180815083376572 -0.024840355405205 0.0714960460289826 -0.0530038228277792
0.0757175670431321 -0.09085664489457 0.0164811280622107 -0.0347451385637697
0.0402882427085878 -0.0944714819394138 -0.0278045080495323 0.0236885611175265
0.0224153367161232 -0.1005704761066 -0.0418480703732087 0.10089070504172
0.0112507042310924 -0.107208110618872 -0.0551036265358465 0.17965489639011
0.0359815830352404 -0.0750021643648216 -0.104811260964761 0.205907752734868
0.0809237996123664 -0.0568643463653597 -0.211874062977614 0.228569500122998
0.112215028278369 0.0308179790581185 -0.340280238139849 0.121253065976614
0.0435589924799622 0.0952234670453301 -0.379284124054203 -0.0955856973852724
-0.0663055143054351 0.0863198688958366 -0.284092739752069 -0.275065102500293
-0.143547834438804 -0.0615582994987219 -0.203250552154896 -0.426259418683414
-0.315602602725094 -0.217470163113412 -0.0758953303457608 0.12191012127816
-0.342377658247476 0.0891391363940129 0.0862624831389675 0.143906275863697
-0.0932685938936922 0.292526341187309 0.198956658527 0.0716226966520925
0.178285935182269 0.223255577343227 0.231210537118332 -0.0162050262148476
0.218678379802771 -0.0195521143506315 0.138624227724967 -0.0954918546757924
0.101784018535275 -0.107458969016918 0.0444683609120081 -0.0930163636883872
0.0618331535762737 -0.123179480608979 -0.0190051675582021 -0.0298981031433751
0.0372115431640517 -0.137362646226746 -0.0324488355821208 0.0604114071274655
0.0240631588978323 -0.144096322854553 -0.041331587112658 0.149317937561369
0.0573453310491994 -0.107044782735829 -0.10019473721638 0.180191841699277
0.127168025612173 -0.0743213424282781 -0.224316491263732 0.197900968410576
0.169522098605501 0.0765276160579008 -0.328549938650612 0.0773862314959012
0.0357195243043049 0.185437805235694 -0.329303557708769 -0.119173236258788
-0.157902859085278 0.117829242480088 -0.246084785265434 -0.231035716180428
-0.244706185248217 -0.126401799955367 -0.185628633123842 -0.359951293398321
-0.346314621398312 -0.23720318709204 -0.040341580703366 0.203692824551605
-0.347608501899492 0.0950285076934654 0.0696366722790523 0.224710345112501
-0.0922109579002809 0.291963559644066 0.248851238622728 0.156687406532583
0.164891633536658 0.220341612497675 0.321996434190944 -0.00875934459437069
0.208574766984442 -0.00617517334183445 0.196155533374725 -0.151046381688055
0.107614541748333 -0.0992281852104359 0.0681897996807564 -0.153763542765221
0.074221275900799 -0.128784604557386 -0.00443517324659314 -0.086985002516312
0.0470385542480905 -0.153123509091888 -0.0168124741488828 0.0098672492251338
0.0342274791879776 -0.166521496141262 -0.0308446316479477 0.103231206661568
0.0792436743474342 -0.133619163399538 -0.100352476247245 0.133357836738371
0.176861167201093 -0.0828894003682298 -0.227939898759367 0.135142963277672
0.214445572479134 0.135359500810933 -0.281473526234255 0.0130911632183952
0.00474574553123107 0.267920563749222 -0.244745350360462 -0.122530637600302
-0.244204287203882 0.124975085009886 -0.199628172656511 -0.164819981618066
-0.310905483138584 -0.181140399316968 -0.144495302527398 -0.273437603941539
-0.338591424243689 -0.227108908940027 0.00565470931593397 0.298674959889878
-0.314048743787502 0.0846863566551756 0.105568501237167 0.313201974825264
-0.0880319046915846 0.249327727723337 0.321908857309275 0.192199818401969
0.118749348499046 0.196630254343154 0.385157080295989 -0.035780804862685
0.169539047559336 0.0150112306858743 0.222284930542315 -0.203063127559241
0.0989449890299343 -0.0737271025818066 0.0841168945780419 -0.201260544917822
0.0776057720388094 -0.113451949134298 0.0155073939496406 -0.137415736961809
0.0498725910935074 -0.144319710560347 0.000207274855445542 -0.0449116208502189
0.0420373621323718 -0.167515237871869 -0.0242366713026789 0.0456115233861069
0.100639584976693 -0.138430656750369 -0.0944012563902537 0.0688242251085758
0.210957562536031 -0.0623311554945972 -0.199422020452373 0.0541480117533727
0.212910195861215 0.1995563330701 -0.192595314221171 -0.0305584356621451
-0.0585158409571737 0.306262615328126 -0.156430545958029 -0.0748750763911616
-0.299550051483345 0.0917726630517052 -0.17638947413411 -0.088088848796447
-0.323515412788298 -0.214931524681963 -0.0879104153791107 -0.183030578594588
-0.295991903331477 -0.188018111662043 0.0638117994809391 0.384328588591764
-0.259406942664678 0.0650897779795914 0.173954274300035 0.371237308662811
-0.0860357717620401 0.189209394211854 0.379776308137439 0.182195509402915
0.0646356171275618 0.163522753819837 0.404519123290428 -0.0742389722355743
0.122333103316967 0.0356943149703489 0.22609674114198 -0.238265760996177
0.0830132578675903 -0.0418663375823612 0.0965305389139301 -0.229016452696328
0.0694833847348405 -0.0815436717835797 0.0375335395590412 -0.173527184403341
0.0462977866960481 -0.113538218063715 0.0146527078384462 -0.0930242204625925
0.0447691607452099 -0.14067139156768 -0.0184096549710165 -0.0163173763553304
0.108316374479368 -0.112402504399866 -0.0736500458987835 0.0012028618474818
0.201889088266442 -0.0173595587447834 -0.13291060491832 -0.00910873527832565
0.145590332282089 0.226518711133691 -0.0956398145870957 -0.0200738167243406
-0.1250247433268 0.262030217287792 -0.120598250633459 0.0140904580027443
-0.288295022844162 0.0294259898736932 -0.19116038448253 -0.0362481075670948
-0.275066545315783 -0.213456602645199 -0.0257653591925493 -0.102119616335518
-0.218320933302161 -0.130334051046774 0.123331164600298 0.443658187507148
-0.191320341785652 0.038435197870557 0.240257633115358 0.390884158068537
-0.0798963519941165 0.124857439295659 0.409080076287854 0.151660090967284
0.017830799345674 0.12442000171665 0.39785038038805 -0.105261015727579
0.074825242721359 0.0478843809921259 0.224054579828021 -0.254459300095832
0.0600959937943078 -0.0115467505329606 0.106890868091016 -0.240897784832672
0.0532168030121848 -0.0394741957964163 0.0549364280913862 -0.195151169121283
0.034651615814812 -0.0649360562411491 0.0235463532281723 -0.129493758118323
0.0393694911003997 -0.0890159847392548 -0.00946072329295824 -0.0684861198378894
0.08851563092737 -0.0600128414106971 -0.0417485537722314 -0.0471104314289798
0.135719586471014 0.0264934198672465 -0.0612874624046819 -0.0295237145162802
0.0462691052375628 0.181367857650617 -0.0405002496530137 0.028646561875274
-0.140862401091268 0.144195604891112 -0.147143059117317 0.0862086832382656
-0.194955997899902 -0.0267140904336519 -0.215204973378802 -0.0325645084285714
-0.167608023413349 -0.163806573678447 0.0356637508537254 -0.0400598714537651
0.0328535846417644 0.00973367969738597 -0.130775090156941 0.0448997704050984
0.0539840701985216 0.0456455283182751 0.183184876550846 0.0509098285434882
0.0851319412651383 -0.0130352025250571 0.171350569526268 -0.118370606346038
0.034596536293963 -0.0639171171332996 0.0425600892720862 -0.0732698137769982
-0.0277334544123558 -0.0280824231939349 0.0280415177396391 -0.00133559071344473
-0.0251271753595961 0.0159305732124853 0.00710579004779187 0.021836951258504
-0.0128277526946601 0.0221040800105989 -0.0112935105319603 0.0748592994337949
-0.0134784649050414 0.0167779480024185 -0.0227705028046638 0.135377256422324
-0.0228417830890824 0.00219011295661808 -0.041982760116346 0.210407963993061
-0.0160168216255657 -0.00878802450371734 -0.0944617983737806 0.24295665279514
-0.00634892312795727 -0.0321456280527735 -0.181081864578542 0.263306749128727
0.0136454659425544 -0.0515879733191077 -0.328813407833844 0.174088328739382
0.0425061696047323 -0.0590575013334393 -0.410291691330837 -0.0365001985191636
0.100078263355105 0.00412899381387742 -0.310232590599605 -0.295814264797513
0.104332663935194 0.0688135864837024 -0.210682767323846 -0.452509562612582
-0.13611465415235 -0.0619566374240138 -0.11993008347461 0.0449154437823289
-0.122161200683993 0.0843790201307238 0.174880276028775 0.0546929795071663
0.0192382014928609 0.131280107714824 0.182920442360702 -0.113107409424722
0.121975852822436 0.0549893466605312 0.0653962023602261 -0.0909178984943694
0.0876290366019865 -0.0487570833161914 0.022673989536368 -0.0207991450257951
0.0205381757114855 -0.052360742615055 8.11895115412045E-05 0.0104665050465583
0.00618162341025977 -0.0470395120997582 -0.0209221843704791 0.0680084502482576
-0.00193813476448229 -0.0467699296078541 -0.0249605463451948 0.131381906605548
-0.0130292410095369 -0.0558648097820005 -0.0382481216733836 0.206187384516697
0.008678807082844 -0.0443411246922703 -0.0869975379224877 0.235936142728421
0.0347129098588624 -0.0465269772632437 -0.174163842355696 0.263563730274815
0.0642237663998368 -0.015897415958645 -0.321603347873979 0.181141268910854
0.0481047098643445 0.013858561542174 -0.405892822692456 -0.028658776919508
0.0271559598714876 0.0487743135568274 -0.333816057790294 -0.265847649556196
-0.0260463259119814 0.0144311023099035 -0.252428448904692 -0.437371136284676
-0.272015677674517 -0.120325531602043 -0.0842469103091495 0.0681620560468729
-0.254714451416873 0.12279080451308 0.143393712802222 0.0588501854888822
-0.0264138642948688 0.245394886123367 0.173668378832107 -0.0614113431040075
0.188324029029161 0.14682068747719 0.12239688536225 -0.073082633240975
0.17545067360779 -0.0583419629393819 0.0621696392497304 -0.0533519002749978
0.0601200866991112 -0.101951704868756 0.0128967449775743 -0.0319234036518187
0.0256856378888688 -0.103829315178639 -0.0268001590920996 0.0325956953957859
0.00882958516804784 -0.101918719130846 -0.0251625033325023 0.107312643855671
-0.00433394091678447 -0.106833311591289 -0.028224358807509 0.188577126791634
0.0280996219591494 -0.0800129743966147 -0.0780959501213166 0.222111028876302
0.0744052661276725 -0.0666219066522299 -0.178101666209243 0.256982459737807
0.12202625325555 0.0175888851811933 -0.322703282444 0.166077420121528
0.0581076710929294 0.0959546962684451 -0.388455369206802 -0.0446891836825106
-0.0526030272369812 0.0990535177135126 -0.320312326013571 -0.233235872017488
-0.157348570617233 -0.0384965760546867 -0.260572388069911 -0.392069125382914
-0.355835339976915 -0.156266135515903 -0.0384939312062106 0.117347160587273
-0.318404288819752 0.153759494773313 0.106129754103919 0.101988484692734
-0.0385504704676879 0.306737123111836 0.190240122846375 0.0245909303814684
0.222531717892108 0.186657756665228 0.210068536971297 -0.0523573088213759
0.215762561651146 -0.0598878901136309 0.121568898329523 -0.105697185927534
0.0832121117670759 -0.123733479183558 0.031580670096319 -0.0936633665461803
0.0428963655481017 -0.138414248589525 -0.0274156257996319 -0.0205218318094137
0.017788038634529 -0.141884303296701 -0.0198566387657705 0.0662799992996675
0.00205728778220859 -0.146410014712366 -0.0175402841048261 0.155657330046017
0.0437809574257672 -0.115758271495995 -0.0763524670371129 0.196371578946204
0.116899729083378 -0.0915236030950879 -0.19505201231864 0.229567294243137
0.186930514354482 0.0544497926632101 -0.319408424994968 0.118945476654597
0.0647998316288395 0.185666934621066 -0.341564144588297 -0.0783002185553485
-0.13865542365772 0.144666308942643 -0.274164869284333 -0.193500045941379
-0.269602088187485 -0.0889701068063105 -0.232404315333467 -0.323473821251253
-0.389537987888344 -0.170162808503845 0.0110111743366689 0.194658220301569
-0.321466010803326 0.161441360536132 0.10460539669874 0.186419937394887
-0.036755044225355 0.305320649882526 0.255327695127519 0.101279508735298
0.20986203433944 0.187249522792256 0.303129007771176 -0.0612623877436539
0.208746119902654 -0.0470134477167251 0.16785943083786 -0.171128661853329
0.0906227422576685 -0.117869197862536 0.045507233348414 -0.156766205902865
0.0547205053401727 -0.14690197489438 -0.0224106250589059 -0.0796050106697966
0.0248447625318638 -0.160293069414933 -0.0116821452956204 0.0126109563014875
0.00800927980111308 -0.172314918479691 -0.0130545086630281 0.108658716235035
0.0613249208316718 -0.145617898793157 -0.0829838825756135 0.150328710965094
0.163781809460204 -0.107689231309694 -0.208418544479085 0.169434722340598
0.241641035981094 0.106221548488026 -0.283058116148049 0.0478820041798933
0.0466899756648356 0.273202201562473 -0.254676869538917 -0.0957746855720391
-0.223842117576623 0.164170107764026 -0.214942359792053 -0.129799111434224
-0.343953062456394 -0.134911920326247 -0.178632063960965 -0.240626105659212
-0.377856090602483 -0.160291725326776 0.0718006304575173 0.282264734587937
-0.290810772517958 0.146580129705618 0.15598111694956 0.270973212926097
-0.039291225416476 0.263394781224785 0.337205061716755 0.126171792573405
0.161344810005663 0.171348557570008 0.362054226434608 -0.100144446444807
0.174994360787388 -0.0202088727940743 0.184863904632433 -0.229457803455189
0.0857688778269029 -0.0934347421651049 0.0528357508754666 -0.206895313845862
0.0592461506558968 -0.132413802751584 -0.00986048845323481 -0.133069514060233
0.028861785788714 -0.152569683280313 -0.00288115974740993 -0.044179264116814
0.0148558310006869 -0.1744738151079 -0.014210656438792 0.0495241297405916
0.0805928980880362 -0.154344250724656 -0.0862454594731694 0.0845217515955696
0.201206260367857 -0.0944512101159535 -0.193304337312084 0.0849430492640126
0.250113841080541 0.168855757159798 -0.199254040476763 -0.0103698265748144
-0.0110599407420804 0.320126106533786 -0.157708847041431 -0.0605542482071387
-0.283769393571129 0.13919138858931 -0.179834947552526 -0.051615116710905
-0.36150945691328 -0.167443946663381 -0.112376876878525 -0.154821418270083
-0.325484769472714 -0.128951758355727 0.141663863760375 0.359717488935511
-0.238381255486073 0.116238474164164 0.235111608066455 0.321656469019009
-0.0461717644326059 0.202029880916547 0.396374975500296 0.107479532388835
0.1008963667133 0.148126282330851 0.377584963077477 -0.14203145293502
0.13074345204916 0.00800172159907701 0.182125793006838 -0.266145338082708
0.0742211537308001 -0.0609340761027681 0.0601354536534902 -0.237515291326104
0.0557681216729213 -0.0999989087422561 0.00704823316892667 -0.174977323730325
0.0288844360285489 -0.121845270646383 0.00333569143260701 -0.0949856215969164
0.021724511042784 -0.149072549915238 -0.0176347306655255 -0.0123773263449135
0.0913920646336206 -0.130229250993544 -0.0753399123562695 0.0135027951018735
0.198698202667842 -0.0495422991963138 -0.136359191095811 0.0122456469715164
0.188154693370366 0.205961555071852 -0.0994702309437018 -0.0142063027693968
-0.0825203974006924 0.285836246198905 -0.10620892677087 0.025925653663838
-0.282250235454745 0.0753725970207177 -0.189054274408166 0.00409125641293492
-0.310890771362077 -0.174016492846758 -0.0399263920928498 -0.0821445604600813
-0.236254503171828 -0.0853020721051768 0.204905680807076 0.411247539812237
-0.17325747894399 0.0783196354530152 0.306102559667509 0.334106522112356
-0.0501166307961258 0.13663426273506 0.422437678942755 0.074548107847179
0.0468824938729221 0.116073344882984 0.369032124282841 -0.172301130566161
0.0845754530342361 0.0269152714990489 0.17634554289779 -0.283297318147679
0.0564305722860955 -0.0276362713759798 0.0684561203619094 -0.251948250497863
0.0467319724944014 -0.0545294742124091 0.0222641589595344 -0.200815242901011
0.0242089515634026 -0.0714826414714702 0.00575940432819741 -0.132428511267469
0.0236370877049214 -0.0964644138120594 -0.0175687774567494 -0.0654476500181086
0.0789366369643311 -0.0748028347131173 -0.0504482053556278 -0.040057425362003
0.139992582985531 0.00373206319735579 -0.0685485999304541 -0.0204987405005822
0.0807223973517256 0.177216786881469 -0.0335015309703291 0.0274675608131981
-0.116084397637495 0.170281495726913 -0.121711885366709 0.10637758109026
-0.196559400762306 0.00611215508227176 -0.214223742370191 0.0100949755482946
-0.195032183563164 -0.141776458825234 0.0290594712025017 -0.031274054376461
0.0334403962635831 0.0089185806623382 -0.129411006646687 0.0414239454678737
0.059180248282224 0.0424913577551131 0.175373464937219 0.0311205992856576
0.083676253853215 -0.0181103019548698 0.156322508281443 -0.127531358216219
0.0293655531801736 -0.0667421881801204 0.0366009363464895 -0.0730094334989604
-0.0294107644339559 -0.0272845980981251 0.0295422048983449 -0.00140107342887206
-0.0239572186363602 0.0174506499741118 0.00810665611235508 0.0226009493958439
-0.0113281027391222 0.022763218912334 -0.00952656613342794 0.0756290222820932
-0.0114744784972665 0.0179886063011005 -0.0193736036118306 0.135356736370184
-0.0228340369033927 0.00360312736322102 -0.0333222553687176 0.210199347697376
-0.0162366732748416 -0.00940078761399776 -0.0849248778808577 0.243766454722497
-0.00816039221809824 -0.0326340987750218 -0.166778155483211 0.265889835209114
0.0115056620264994 -0.0523313484235554 -0.314159214172692 0.184669825281507
0.0396498151437232 -0.0590287710172529 -0.402568949240375 -0.0183187907894845
0.100605808951032 -0.0015327896024767 -0.31956441907864 -0.277510584504471
0.106830370885951 0.0624485078482916 -0.230155418597172 -0.438319887298233
-0.137808958719196 -0.0563716065802745 -0.119351498500559 0.0412173858777778
-0.115028377245568 0.0894071492110278 0.168473822329351 0.0353896279782151
0.0241683134206525 0.128577019524653 0.168674675198764 -0.122073170675608
0.122599924781206 0.0479501782310806 0.0585692322776681 -0.0920054669332025
0.0841399679824363 -0.0524641308382151 0.0235657888617764 -0.0196114912772928
0.0184682879782798 -0.0516143486454455 0.00113700682038577 0.0111707671524318
0.00488426786430338 -0.0476850429597672 -0.0199579050434195 0.0696925748133518
-0.00261459367098752 -0.0464672298197103 -0.021071148201809 0.130876027784999
-0.014706675034853 -0.0539098560745475 -0.0294572190868547 0.206120159617438
0.00756328899236147 -0.0449636291716389 -0.0770416927701749 0.236531200136097
0.0328944321191097 -0.0474910385342848 -0.15984346489166 0.265564985708051
0.0630529387442916 -0.0176635474045596 -0.305129774293593 0.190649092427305
0.0475716876401165 0.0134512164314171 -0.398725557873794 -0.0109166236363573
0.0299269564345776 0.0448428677191174 -0.341063403213021 -0.246361604281143
-0.0248337233545544 0.0145350468722005 -0.271117231392847 -0.422303784975876
-0.275139537364228 -0.108195446212058 -0.0822135422234514 0.0629780932855796
-0.245621630061234 0.131871614895959 0.136936457094571 0.0425141410566259
-0.0179841431360543 0.244128594297016 0.16280763122429 -0.0702970729128742
0.192948730251066 0.137280634282351 0.115503516755361 -0.0775867089012336
0.171066668131719 -0.0656782603808875 0.0606463091895288 -0.0541618479384078
0.0560275245055278 -0.102047877933854 0.0118288366517136 -0.0326011558183817
0.0229837642236618 -0.105451568688373 -0.0267217504235093 0.0345099172166455
0.00576314272825883 -0.103010710931461 -0.0210084215037943 0.106677717866169
-0.00787257074617659 -0.105150476542028 -0.0196215044949164 0.187341037583565
0.0264610165261376 -0.080564411734962 -0.0690221237144174 0.221508638947355
0.0719136456156627 -0.0684632506779709 -0.165749172007339 0.259007879665534
0.121857569743364 0.0133277452698818 -0.307228274166118 0.175937777695568
0.0609404548966829 0.0943896910408465 -0.382179036717262 -0.027677497514052
-0.0472597193040754 0.0976328153206983 -0.32585421545232 -0.215021100710391
-0.157943233334337 -0.0324107431967993 -0.276340384177989 -0.376909613736047
-0.360138747996604 -0.141393061515899 -0.0351124788058374 0.111198582220788
-0.308445911234167 0.164804887512607 0.102561160600272 0.0875549568067035
-0.0283893321371389 0.304743834774468 0.184428048059347 0.0159417792486575
0.227296760944472 0.177337263246174 0.204553683649567 -0.0620067789273401
0.210961955856059 -0.068251481191367 0.116664514718377 -0.107869207933852
0.0784065414125815 -0.123971210035298 0.0282488257455802 -0.0938243418910597
0.0387881482827313 -0.141131089420765 -0.0295188118873481 -0.0178677009721792
0.0137325513398365 -0.143640886691641 -0.0173633817632839 0.0652459524643782
-0.00278078404106833 -0.145299596618861 -0.0100404821264101 0.154438842396557
0.0404780855475152 -0.115933591360587 -0.0674353955324181 0.195966242484992
0.113198510486789 -0.0942633855390339 -0.182613265131145 0.234176225124308
0.188364027895872 0.0471001780663246 -0.305732533020681 0.129744615453047
0.0710814167821805 0.183307286420585 -0.33805789683696 -0.063038140370134
-0.130735078268486 0.145730843646455 -0.277770067522284 -0.176554927694971
-0.271734579330182 -0.0778588722835907 -0.244435517108141 -0.308389211577139
-0.393953937026048 -0.154648305786171 0.0181340586095633 0.186267412768014
-0.314149528101773 0.172980747858477 0.106090963282956 0.173226531583221
-0.0269549374013159 0.304650108848807 0.253081579972674 0.0893345571032315
0.215428355469264 0.179597962037464 0.296762204475812 -0.0755381967364369
0.205622349282612 -0.0539487095841712 0.159686206143966 -0.173845386934346
0.0856595158483554 -0.118934987471736 0.0387083195050924 -0.156814340473178
0.0500053228520408 -0.150221655477103 -0.0261204500808125 -0.0767587444405966
0.0202024825877347 -0.161391514496951 -0.0112154131006296 0.0118377737595211
0.00178477549857675 -0.170284370005556 -0.00671785076546521 0.106918310338817
0.0559198518808934 -0.14625192979673 -0.0756139628967769 0.151342480131847
0.158196789263803 -0.112694951615773 -0.198526965515321 0.176339008517628
0.245258628676012 0.0958318292908542 -0.274117442604263 0.0578392979034402
0.0563012312294641 0.270651894120215 -0.252533131814702 -0.0842674496855689
-0.215047660773072 0.168371370123341 -0.214665889819067 -0.116079366522109
-0.347897223238599 -0.119632851705429 -0.186956463441794 -0.226698527082167
-0.383141616402719 -0.145283609574227 0.0829613998002001 0.27245569319629
-0.283636059865907 0.156718435862685 0.163204198095275 0.256387231570719
-0.0316037423889018 0.263352114772209 0.336952791703099 0.110165043503196
0.167011746948414 0.166217887603609 0.353280452298915 -0.116500506391569
0.173343708361664 -0.0259648401084627 0.173298404604267 -0.23130801680057
0.0828431129924479 -0.094151139150469 0.0450036127363702 -0.206542499871846
0.0554144252731955 -0.136171181868036 -0.0158508073095034 -0.131210476490592
0.0242420575103679 -0.154722289595337 -0.00381213770744913 -0.0449961606990619
0.00832994975707281 -0.173104117229426 -0.0102625312768397 0.0489536290535473
0.0747042647793826 -0.155979484845674 -0.0820526799874168 0.0864784863801068
0.195356754679322 -0.10204898075477 -0.187384230851975 0.0929745981593423
0.257561394185255 0.157844530833299 -0.194201370548621 -0.00324133691985767
0.00235481045231561 0.32002860494234 -0.152633237534225 -0.0542233136788267
-0.275945762109549 0.14728305701666 -0.17533752173069 -0.0393249053102707
-0.366948311616021 -0.151172925783548 -0.116193393885035 -0.142908674230192
-0.331020357020324 -0.115816558741794 0.155436667864696 0.348348168763346
-0.232661259020912 0.125164290223604 0.244281865725591 0.302606192468524
-0.0402724298691323 0.202902880575879 0.394875492031973 0.088627829048218
0.106648948872168 0.145286743394921 0.366594683703168 -0.157654596005814
0.131261435594293 0.00334534691236732 0.168925869751909 -0.267381676950518
0.0718730773394693 -0.0619365929771461 0.0511280772397106 -0.237332806556245
0.0533792013219915 -0.103019155947627 -0.000487897583234462 -0.173464481950123
0.0257119301960666 -0.123174773226458 0.000982247100226019 -0.0956284612348987
0.0157993371845393 -0.148280583851034 -0.0160848659334066 -0.0110443556734333
0.0858507774111162 -0.132754864425546 -0.0746893940794407 0.0162093407751849
0.195473928327841 -0.058223599773069 -0.135234492432235 0.0187265606976969
0.198667770199591 0.197977533150815 -0.0947459029119919 -0.012309077430377
-0.0700067557256796 0.289298578243995 -0.0962782996020499 0.029616674650948
-0.27633391574995 0.0853360261199719 -0.181528336568658 0.0179588157699449
-0.318184157421192 -0.159982121916994 -0.0417161615099566 -0.0738186708900208
-0.239363697750827 -0.0761589038133334 0.221528498713908 0.396972498573812
-0.169410265065287 0.0852084605513293 0.316741335343604 0.311932611653339
-0.0465726454310937 0.138101394797747 0.419235005344301 0.0543810114249183
0.051634505048022 0.115550823688199 0.355707755517118 -0.184821434651556
0.085996279153964 0.0232730976932704 0.162559572772512 -0.28303104054443
0.0548918410171752 -0.0288354724648103 0.0594393367374774 -0.252474226973369
0.044923496720407 -0.0574702795169984 0.0149718641674198 -0.201671390051938
0.0229691544319385 -0.0723862367153217 0.00253368463335758 -0.133142489163833
0.0192101286042419 -0.0961254247586575 -0.0185692908553258 -0.0628256273718464
0.0759144652304007 -0.0778232436999508 -0.0526824155006501 -0.0378679931765005
0.140713412080593 -0.00278525150408706 -0.0686355498633825 -0.0168379639259024
0.0906779851882063 0.173008064617351 -0.0281403175620392 0.0266384240420316
-0.107905504015598 0.176518552835402 -0.107311106893399 0.110736642373731
-0.194651885175909 0.0131750943296504 -0.207029794669744 0.0269641353802651
-0.201328707762223 -0.132602354329186 0.0288444700088459 -0.026118543608263
0.0335809522031171 0.00845064642393942 -0.131492174111095 0.0350782800790686
0.0635644118191111 0.040654370251771 0.165992850129847 0.0184668382413135
0.0825908798016099 -0.0209137542525461 0.14471648247453 -0.132188494685659
0.0265140205512118 -0.0691092053711532 0.0315071974450166 -0.0719603179804787
-0.0313187246152994 -0.0265292954607787 0.0310887373823868 -0.00166737870220313
-0.0233890229678037 0.0182713147282226 0.00957805988896402 0.022738176758666
-0.0108821665642067 0.0227408773859246 -0.009344290888908 0.0761331526695733
-0.0102905308578821 0.0183990107985412 -0.0192947223729326 0.135328545227978
-0.0224661941371137 0.00523141440018807 -0.0300551059408418 0.209800738655686
-0.0165809754400058 -0.00935742487584426 -0.0805677224221688 0.243782166040948
-0.00919244776979465 -0.0331356542155699 -0.160628545093728 0.263200447569688
0.0107141021459874 -0.0526028871043427 -0.304413202391238 0.186567896250608
0.0381761961208251 -0.057914471751476 -0.395059585714377 -0.0102129551513698
0.100821634834753 -0.00427974774703621 -0.320953729756114 -0.267997000631331
0.107582884980273 0.0599817430451564 -0.238963665653835 -0.430361636555045
-0.138355185546001 -0.0527839764820522 -0.120304435548158 0.0343986747540712
-0.109689396564421 0.0897757301584811 0.159110372514916 0.0224644139807978
0.0257109722000788 0.126390417514998 0.157368352239041 -0.126587432895532
0.122131375976264 0.0449121198199602 0.0534384268866849 -0.0924004052148103
0.0813505090283125 -0.0538797036431403 0.0245892776051709 -0.0195827021761979
0.0174191022331035 -0.050378421999055 0.00147128595416935 0.0114005995356189
0.0044717029526598 -0.0486120680958529 -0.0193214555527286 0.0704058272340109
-0.00226529999340803 -0.0465554074281675 -0.0206418784668294 0.130636471129223
-0.0149836529559309 -0.0522581091996897 -0.0264221795042998 0.20517843038011
0.00737798318744416 -0.0451824884100393 -0.0741413644638719 0.2355593701668
0.0319764846801816 -0.0480865042389912 -0.154390531213939 0.263719154181081
0.0626803020110103 -0.0180819517319792 -0.295037056326118 0.192846641713382
0.0467598933850063 0.0142145273628801 -0.391240535298558 -0.00284976746127231
0.0314284350308267 0.041773643094904 -0.342369421876874 -0.236213960113668
-0.0244449089876521 0.0137900720351219 -0.279057165191606 -0.412238976347897
-0.276482885767366 -0.103521236722304 -0.0824462420821966 0.0562920579382184
-0.240208545590798 0.135374977678649 0.128377009828675 0.0298082140961414
-0.0148702997338301 0.242773993707579 0.153346398477356 -0.0741556426893405
0.194234308145058 0.133283953941367 0.111153117380295 -0.0803774098192404
0.168182556872159 -0.0689812928354329 0.0611029225358836 -0.053489761927211
0.0551402648767137 -0.100535136846501 0.0118233608432564 -0.0320547855848939
0.0218024338480108 -0.106785832277545 -0.0271056908051481 0.0365269346612898
0.00557767470869717 -0.104269030124388 -0.0204168047309347 0.107122961856613
-0.00861130281956301 -0.103650142590792 -0.0161279877220002 0.186615729136053
0.0261242190979996 -0.0807279093027485 -0.0658318016743812 0.220858163321206
0.0709582681365613 -0.0689679824890708 -0.157966828366038 0.257938920000195
0.122236610614905 0.0122734896381189 -0.296335905971457 0.17878058929218
0.0617156214149226 0.0935059825482787 -0.376819277591417 -0.0194431109129313
-0.0447457340412877 0.0943406920107251 -0.327251056242618 -0.205183318810332
-0.158046918708921 -0.0300440358231332 -0.28280854287682 -0.366511308259124
-0.363199292240674 -0.136086433779064 -0.0348682195307772 0.105260523685613
-0.302994862069091 0.168649377014026 0.0960395652802094 0.077957101532115
-0.0248853426395485 0.303621888360969 0.17784773797955 0.0117944834224746
0.230024503593596 0.173344580844621 0.200412499722869 -0.0672740132036424
0.208279941513763 -0.0716917904071157 0.11514353335168 -0.108355198747694
0.077367125221016 -0.122806761719843 0.0263124401354836 -0.0939592045199784
0.0383435941673296 -0.143412760363297 -0.0312417890432201 -0.0157109808893658
0.0129003707627515 -0.145443781730155 -0.0168769969047365 0.0649157838435335
-0.00404065932390923 -0.143752420697434 -0.00650349474324874 0.15299386716643
0.0399179833939677 -0.115776929187061 -0.0646784424234639 0.194890966305849
0.111090168934267 -0.0954011488511915 -0.175380936540196 0.233989709693605
0.189008743737137 0.0446319067871218 -0.29678345712255 0.133382313692288
0.0732313653138212 0.182620406723087 -0.333268368892755 -0.0558656304737678
-0.12709008773775 0.143672214244747 -0.277004399084061 -0.167431837903521
-0.273167599387023 -0.0735554194447955 -0.249636876763426 -0.299796631664337
-0.396438404755464 -0.148839698932024 0.0198657974648295 0.180326850395603
-0.309630373537549 0.176688160534254 0.102581712250966 0.163976053567443
-0.0242865583654009 0.304505138765489 0.249683811521909 0.0831475519778252
0.218464418095042 0.176685012954113 0.292249319650917 -0.0828460491519509
0.203902570179956 -0.0568423374034284 0.155648115593453 -0.174074856437487
0.0854305904023598 -0.117604799293315 0.0357426950393818 -0.156573817538726
0.0492415379499355 -0.152887435040888 -0.0285289128970148 -0.0745517718884644
0.0186937613428539 -0.163611068189435 -0.0102743529409512 0.010846077208018
0.000356724234155078 -0.168376302972151 -0.00286043006252993 0.104982795375859
0.0550115524292349 -0.145870328995342 -0.073341696500002 0.15081605075383
0.155728083059912 -0.115061820762647 -0.192895319045751 0.179580115054511
0.247369694852121 0.0919167173796796 -0.267157491837934 0.0608822658219246
0.0608996504886554 0.269855146689013 -0.249376468966656 -0.0799731749289698
-0.211313324454361 0.167882369168537 -0.212183068329912 -0.107332057077911
-0.350028377462431 -0.114019455993677 -0.189518774350925 -0.21870102032291
-0.387178084946578 -0.139948025657449 0.0865803606328955 0.266862664506744
-0.280955783332116 0.160145930471982 0.162021639117119 0.246375175767979
-0.0304661228939999 0.262792448561347 0.333902044003239 0.102650784371972
0.169614802076736 0.16547269458058 0.347822326999262 -0.124322054398239
0.173049723451083 -0.0273081258517632 0.168964353631257 -0.231167400800209
0.0821646542923782 -0.0934014874056438 0.0417040194517197 -0.205353856729198
0.0548621592269204 -0.139495632334793 -0.0183786132015335 -0.129571542826924
0.0237212731167671 -0.156589609280771 -0.00373689673691605 -0.0468188633064607
0.00614229135216789 -0.171669925847656 -0.00705103322390242 0.0484985014866036
0.0729340709217604 -0.155400402489688 -0.0805313213792071 0.0873070503079641
0.193472805167897 -0.104921441832869 -0.183494927073946 0.0967270388828816
0.261655170640214 0.153796104923727 -0.18979321451688 -0.00242023071044104
0.00829766921469377 0.320076878576022 -0.148089041364692 -0.0523726383239529
-0.271360693630876 0.149559627231811 -0.170580330655954 -0.0312069721715986
-0.371185576804828 -0.145330435902171 -0.117242505057165 -0.135535934948782
-0.33374660465518 -0.111698249739324 0.160568581170907 0.342306671150488
-0.229831029154465 0.128100433728716 0.246488491850486 0.29159103207473
-0.0391123504091063 0.203446709805781 0.391603161602655 0.0794184773672331
0.108816348372009 0.145397647403218 0.359715968106522 -0.164104813792014
0.131253600697454 0.00184623628918377 0.162553089266424 -0.265134274214991
0.0713615758424244 -0.0613726028531005 0.0479163646885667 -0.236740786469566
0.0529428839181933 -0.106031230234721 -0.00293740361316204 -0.173368324300433
0.0247942459338893 -0.124818167998435 0.00130834147425841 -0.0978566131149149
0.0132204823048086 -0.146983079259582 -0.013702035625084 -0.0107970875264555
0.084363241846566 -0.133201705863274 -0.0746547991668856 0.0172133948439684
0.193895215564668 -0.0618585313636105 -0.133974459276054 0.0217814486252193
0.203690536334936 0.193970562480078 -0.0907521431448641 -0.0133782121431121
-0.063968155883602 0.292071873558168 -0.0890426843060276 0.0299567564424623
-0.273290713530355 0.0882873165005446 -0.175382532865328 0.0272589698143551
-0.322286681843317 -0.15428682217698 -0.0411858329260048 -0.0674526135198276
-0.242388063430441 -0.0724125377281988 0.228150867615921 0.390309775387161
-0.167076936391599 0.0886351392529626 0.319487621165144 0.298793798287069
-0.0457305269269118 0.139821997971479 0.416059205538175 0.0456938142347059
0.0538237010184857 0.116316386378013 0.347684060565149 -0.190376449182617
0.0863755399387026 0.0224060142707554 0.155477471439614 -0.280890169836349
0.0538466403192422 -0.0288711431055347 0.0552373576386894 -0.252425185765616
0.0445442816904805 -0.0596503757069542 0.0114524075784601 -0.201889554233426
0.0233936472140125 -0.0736327729675927 0.00205443667880146 -0.134228409099278
0.0182014720280508 -0.0956590900917911 -0.0175537731116885 -0.0618498072146501
0.0747655745989138 -0.078837618781772 -0.05429972824188 -0.0366701198876863
0.140494944881676 -0.00633959990767098 -0.0693412894418506 -0.0150540107612189
0.0964592328434008 0.172006621627702 -0.0228208272487528 0.023895342940135
-0.10369441286169 0.180094490660685 -0.0963026438565958 0.111474112375313
-0.19259117313537 0.0156086074511022 -0.199480607046958 0.0372219761849645
-0.205026764901704 -0.127954917017938 0.0300422833991207 -0.0206838610945351
0.0340951415124868 0.00875231717475541 -0.135734984789163 0.0283064713885136
0.0684278797530101 0.0396944187391769 0.158745458999086 0.00837889407297892
0.0848422873796714 -0.02360397188323 0.13656551965697 -0.136189117349812
0.024596813244862 -0.07219404428931 0.0276069414882181 -0.0715857073382473
-0.0322016970573574 -0.0265523246137433 0.0327570412475305 -0.00177847589675823
-0.0233586729560948 0.018901958042243 0.0105656032113795 0.0236516288015698
-0.0105786537539079 0.0230166469754428 -0.00991887254469729 0.0777815570965503
-0.00963465448022652 0.0184570677390945 -0.0210459969530777 0.138958512111468
-0.0227263044988776 0.00608593425889734 -0.0303187711938811 0.212535380208618
-0.0171030701996142 -0.0100957615636053 -0.0816913672466825 0.247002217755411
-0.00970003989511845 -0.0346600476972212 -0.161112416202713 0.264507825850788
0.0101042189091004 -0.053784913259607 -0.302386305322016 0.187574052997605
0.0383774075107349 -0.0578847583049224 -0.39513048176751 -0.00797391936593209
0.102700984574551 -0.00673843714820073 -0.327660240849482 -0.266522881452309
0.109487080905922 0.0597066594815838 -0.247480634268126 -0.436381915441529
-0.141793452508956 -0.0534985702988225 -0.124612422056937 0.0277388291887126
-0.107968471510669 0.0904552366514074 0.151613410412739 0.0127560059740418
0.0268927082817917 0.12683760161419 0.149687741589208 -0.13089565312333
0.122798351535611 0.0439155797999339 0.0496136785566359 -0.0946120609328459
0.0815837729173799 -0.0552925230984122 0.0256492843451445 -0.0190473642664907
0.0185531258763484 -0.0507188255630326 0.00252458650022675 0.0117173745923285
0.00488948213916247 -0.0499157700661087 -0.0204752765217417 0.0721118736447434
-0.00135748824252141 -0.0487334210998972 -0.0223624628509172 0.133273984944399
-0.0141676685802311 -0.0523305860868906 -0.0256238181736077 0.208082151096332
0.00782606564672936 -0.0462417408091604 -0.0751224511335343 0.2389660267378
0.0326927501596537 -0.0493420566997419 -0.153830471113111 0.264382965222781
0.0638783521856755 -0.0187134548312368 -0.293385199069928 0.193249443610391
0.047385065310575 0.0151161895497117 -0.391365489485728 -0.000591727333037581
0.0315753715402398 0.0392403050709639 -0.347829981164992 -0.233241516770615
-0.025467141083002 0.0136437313929791 -0.28720723808063 -0.416050905186101
-0.282847550673087 -0.104782529000554 -0.0864833885627907 0.0504423485541684
-0.240101590631992 0.137145753486648 0.120637559928675 0.0217997152938335
-0.0143673554184846 0.245651118259431 0.147602007956573 -0.0764471901522719
0.197243860115833 0.134304823425513 0.108388127210902 -0.0826303581574449
0.169940439409244 -0.070378416293668 0.0624799725499894 -0.0541603420439172
0.0565998838839694 -0.1010738790881 0.0112770214835734 -0.03241394787053
0.0233876332105376 -0.109854965864647 -0.028079971221096 0.0379851579097981
0.00620922778216885 -0.108159978772108 -0.0216312531307468 0.107987381280832
-0.00773741273343468 -0.104247684232307 -0.015703604042176 0.187924488474835
0.027674216260004 -0.0816001214237451 -0.0664175148604572 0.223165077246429
0.0719835034803076 -0.0702507871165005 -0.158114175449616 0.259993577629928
0.124549053663218 0.0130029692852388 -0.295383224202193 0.180058676021988
0.0626137228233438 0.0958573297412707 -0.377921371272634 -0.0172011236687783
-0.0451775120108514 0.0922926517625166 -0.331450392715057 -0.202394885837709
-0.161018092785792 -0.0308387063604849 -0.290952375444065 -0.36858008953555
-0.369918595393728 -0.136645117657496 -0.0370613177488042 0.100420537373082
-0.305158245687544 0.171831565959097 0.0890792341570917 0.071509477926431
-0.0260897377212201 0.308211488275587 0.175266711039572 0.0107471443930206
0.233913288452364 0.175847270862191 0.199658566511866 -0.0715385793539735
0.210637710417551 -0.0733694388032711 0.117281170617284 -0.109927260766947
0.0798225563722293 -0.123674947788179 0.0261955809726745 -0.0955284567806952
0.0393777158766155 -0.146910539401135 -0.0320354375907973 -0.014818706200444
0.0136386256144945 -0.149879194774865 -0.0170658266805573 0.0654605424039583
-0.00329267708249838 -0.145107812888419 -0.00488056865323569 0.153956665869538
0.0421358708827206 -0.117264060015125 -0.0656335763595271 0.19701013185809
0.112553778085716 -0.0964675666550517 -0.175042204219004 0.237366693023845
0.192438924453788 0.0460650014150604 -0.296027443041493 0.134813503147879
0.0750085971517077 0.185885155216624 -0.334504980729667 -0.0546349287119027
-0.129169719234947 0.142276528126819 -0.280065581585479 -0.163297286341062
-0.278973345096385 -0.0735366112577037 -0.255488828628138 -0.299972834816442
-0.405412666285778 -0.151119253801935 0.0192625984073298 0.178260120707867
-0.312585708444396 0.178745387048767 0.0983731282745135 0.160332112682113
-0.0257202218760991 0.308892653795349 0.249601698218592 0.0830807936117009
0.222403609219811 0.180495246021469 0.292467477665502 -0.0887424920501107
0.206846809169402 -0.0569911715497422 0.1578203259744 -0.176284691195576
0.0880966646607507 -0.116922043259059 0.0359977571258241 -0.158359890207342
0.0507003317050858 -0.157852261540546 -0.0290841308440821 -0.0744094247712611
0.0193173953797702 -0.16855331012928 -0.0102884742052718 0.00966069306364605
0.00125982741434819 -0.17031276827735 -0.00044371524478273 0.105110091961021
0.0569105009355384 -0.147353158236908 -0.0747292758474832 0.152354811863732
0.157742625068181 -0.116164797557704 -0.192346260242605 0.182555310577962
0.252418914265813 0.0930294467710166 -0.266877802481189 0.0613646842730954
0.0628277266699417 0.274150535854246 -0.24998023786382 -0.080404247054913
-0.213731510722523 0.168129342703163 -0.212315635273559 -0.103758595792323
-0.358059582664612 -0.11430192169671 -0.193430213600208 -0.216644228981405
-0.395641666018966 -0.142194277026091 0.0885551656129007 0.267188065966868
-0.284491002923937 0.162490451692529 0.161436720784192 0.244117457505932
-0.0319799375823574 0.267515969975055 0.337016742716497 0.101116682116354
0.172978254462421 0.169439664082932 0.348793433616556 -0.13081731024179
0.175625067375104 -0.0269874782274345 0.169839364459321 -0.2329428738867
0.0853699238176495 -0.0926554174743267 0.0417957996388674 -0.208136824282456
0.0560105483452993 -0.144025446482306 -0.0188046544860353 -0.130667316793279
0.0244665404761188 -0.161319008017941 -0.00305888927110124 -0.0494549037157252
0.00652730579278503 -0.173129482258806 -0.00440980433813266 0.0475406438690032
0.0742277251124225 -0.157915179519645 -0.0823199025594503 0.0890032093237285
0.195193675283376 -0.10792646429005 -0.183939225455679 0.100381622059116
0.268391369667553 0.154654240268783 -0.189742247598739 -0.00390479380771052
0.0099495499696856 0.326263056198854 -0.146027217427739 -0.0537219311853213
-0.275369187733942 0.149629550735622 -0.168927776536047 -0.025786781635824
-0.379262689725332 -0.145219175660291 -0.118685966240309 -0.132644500871597
-0.342097144696724 -0.113087007020568 0.165041179643197 0.344200192925478
-0.233249452988092 0.130424200534788 0.248729317946153 0.288623665958125
-0.041458398329232 0.208259041371081 0.395234863677417 0.076979958453656
0.112507403407904 0.150422310904329 0.360269015294987 -0.171410081001452
0.133897876345538 0.00258054774734961 0.163861193132886 -0.266663130714955
0.0735366836847826 -0.0607097116760426 0.0481510418380049 -0.239381222538923
0.054018861000501 -0.109820925114796 -0.00334128864506861 -0.175941852092876
0.0261101900087931 -0.129199589089825 0.00163963029538549 -0.101340763986865
0.0135440179315669 -0.148644297528093 -0.011622901613723 -0.0116912928209552
0.0856163392327563 -0.135292306749418 -0.0771419505701639 0.0183038441794336
0.196613018479749 -0.0644303450630238 -0.135147071215518 0.0235806718686078
0.210981755735433 0.196575830004405 -0.0887169850013591 -0.0171564733604782
-0.0628514417211166 0.297918825281984 -0.0834267347285322 0.029343980079435
-0.276692422496517 0.0881161937897421 -0.171320704420753 0.0347573115677195
-0.330456850921439 -0.153693549463671 -0.0403468427927344 -0.0623373643464952
-0.248668583457625 -0.0729578144408251 0.234003312023182 0.393300236269056
-0.16920866701547 0.090209116824641 0.324278454074771 0.295966783828231
-0.0479354454343301 0.142928507413138 0.41836930114883 0.0419245480288457
0.0557838460290364 0.119610391942577 0.347515394695357 -0.196058990039169
0.088418673080359 0.0225528799680212 0.155652170948103 -0.281789996846293
0.0550250686583941 -0.0285351894757237 0.0563734789208657 -0.255489005281631
0.044744761912022 -0.0623088018608382 0.0117752936092207 -0.205262961731856
0.0246632223042557 -0.0759340272335529 0.00275954151353655 -0.138194495656041
0.0181557055451875 -0.095909347188688 -0.0161128433350336 -0.0629660723476947
0.0757587573268063 -0.08076472984908 -0.0570889656112557 -0.0362989654056246
0.143090439850278 -0.00828581532799287 -0.0701974634850757 -0.0144338664953762
0.101396496545847 0.174336200048282 -0.0198980814174033 0.0207242427325344
-0.103745003495116 0.185970592413606 -0.0892291272329813 0.113085550294945
-0.194789143333013 0.0152398943147811 -0.196090415731764 0.0459968094557527
-0.212417088421377 -0.129068872527649 0.0321521160675132 -0.0155305267579626
0.0358678892588056 0.00957066412347902 -0.143748459682825 0.0232100080094698
0.0749800013285284 0.0384808713765048 0.155271565714757 -0.000147313153595313
0.087542303463595 -0.0274706627342465 0.130765150450346 -0.143661790152857
0.0227400625286836 -0.0764682424783517 0.023193467140569 -0.0728723466613848
-0.034289071813086 -0.0272801720691598 0.0353291924740338 -0.00228251477115653
-0.0236683214919842 0.0205206599387804 0.0128505052310303 0.0246035524634416
-0.0105576059433128 0.0241433880792055 -0.00995929794803647 0.080768098649658
-0.00903143401773733 0.0198681900824875 -0.0220897893310953 0.144292386635473
-0.0230368727164295 0.00730971088539213 -0.0301935716098192 0.222140870457907
-0.0181297080293339 -0.010636909037473 -0.0828188427671905 0.2574930469739
-0.0110928080203324 -0.0366598104710009 -0.164319502449291 0.273400767879013
0.0101871282286489 -0.056365115392871 -0.308655314616641 0.194629586752509
0.0395711242433568 -0.0598597745120284 -0.4039144107757 -0.00337149652023292
0.107189319988837 -0.00924364699805526 -0.340712308037594 -0.26957897569727
0.11462152606217 0.0601907791148903 -0.26404452410335 -0.446866312343098
-0.14825944113511 -0.0530250437292546 -0.133002047353958 0.0224168552370014
-0.107883190427075 0.0938632183165749 0.147578034196663 0.00360732276363254
0.0290186344125642 0.130384074602142 0.14656203894267 -0.138133503652686
0.127580294996652 0.0432534726970948 0.0453026034614866 -0.0972473026949464
0.0831736222879459 -0.0582322583990785 0.0274683556939046 -0.0199740016769842
0.0195913932506912 -0.0520517165214301 0.0037392882508579 0.012445537186081
0.00530336901672339 -0.0527299401851726 -0.0205941570703606 0.0760455666599443
-0.00141057838049596 -0.0517097098854214 -0.0232720218104888 0.139535113266215
-0.01461640067868 -0.0535315175672901 -0.0251855382187961 0.216910072735331
0.00831221807084808 -0.0477939756929236 -0.0761701461322854 0.248545062004076
0.0328657853767825 -0.0517639315295791 -0.15657415462071 0.273104560458731
0.0668658741983681 -0.0195178047639421 -0.297738590025623 0.200294331069097
0.0487975430014847 0.0164094922465682 -0.400997002676787 0.00428908292307439
0.0334000365271484 0.0373565545999897 -0.362477625212249 -0.23500424769246
-0.0261466947002818 0.014012650549596 -0.306347080830513 -0.426852373654898
-0.296203759043486 -0.105059476943343 -0.0922232455965347 0.0459964021098428
-0.245621605256114 0.143791991185888 0.11643331393428 0.0135998987427765
-0.0128802956279781 0.254723377857737 0.146075851121253 -0.0818430229924202
0.205749985474118 0.13663789419486 0.106542846741241 -0.0872127715323566
0.174821373582535 -0.0754875929196249 0.0649832093118885 -0.0565445035991994
0.0592563481593156 -0.104696491521427 0.0115334576304928 -0.0338742466135997
0.0234892271370618 -0.116093726993189 -0.029330527120602 0.0408958406149141
0.00639866717385765 -0.114097139350637 -0.022627244277803 0.11291651202556
-0.00729579007655695 -0.10796822387002 -0.0135683521014253 0.19552084778461
0.0288674382639914 -0.0850613330556065 -0.0679258359908108 0.231635144909339
0.0741218963658144 -0.0727715862502925 -0.159265309207625 0.269258259454424
0.130027015079681 0.0132874170959965 -0.300007105780709 0.18662771623663
0.0652909685292837 0.0998098458361401 -0.388229799004626 -0.0136716258035246
-0.0466606468275085 0.0927617030435645 -0.344495095909667 -0.202081502259637
-0.169141028187039 -0.0303175543621738 -0.307497855684888 -0.377611960338183
-0.387957209043823 -0.138963321783268 -0.0397745550996147 0.099212554954731
-0.313733297991819 0.179024198039812 0.0848139974198091 0.067300278799633
-0.0251822116870739 0.320674055018058 0.176572090459131 0.00844538964864895
0.244974944518977 0.181708783322866 0.202448959797063 -0.0776680070994987
0.217693718709729 -0.0782690059436232 0.12078888010038 -0.114886907252944
0.0838436650012409 -0.128210737166427 0.0262355995843787 -0.0994103848991861
0.0406586563260622 -0.155050131509759 -0.0331103271130236 -0.0142147742106695
0.0131504663570814 -0.158400169706407 -0.0180242246144822 0.0675536555967292
-0.00278430252757234 -0.150401058883809 -0.00240853926441328 0.158497225323956
0.0444540050317427 -0.121336438276238 -0.0671351950267109 0.204699492699763
0.116323717829204 -0.100193737483484 -0.177014981236524 0.246634802206476
0.201350018101914 0.0468521856704425 -0.301957700454692 0.140522141674008
0.0792764854111301 0.193543293667813 -0.344752532933958 -0.0529783445940067
-0.1341505250138 0.144275974433674 -0.289943385678423 -0.162650884687703
-0.292232217503946 -0.0732904012379055 -0.269153554456589 -0.305715145118463
-0.425312946066503 -0.153113712574558 0.0209365696426518 0.180032305217989
-0.322270151481944 0.186780949673084 0.0961826770668046 0.160451761713056
-0.0263769803609055 0.32133963678606 0.256428526315894 0.0818016275533498
0.233277904539762 0.187541674622966 0.298536095828503 -0.0977954076342034
0.214376687648919 -0.0606235654738933 0.162058308120568 -0.183985569981811
0.0931091965138324 -0.121487528996073 0.0353332897339775 -0.165335526531265
0.0521456192013118 -0.166700727026032 -0.0306925828289937 -0.0757650099704295
0.0195844712303065 -0.178564006999927 -0.0109572754551685 0.00868973770026621
0.00113933166207565 -0.176630855462521 0.00180796751655442 0.107530206922058
0.059569395464587 -0.152582259529472 -0.0761667707521384 0.159265277622961
0.162413947887297 -0.121671247517567 -0.195769566458184 0.191189764438559
0.265249378952166 0.0950992110233966 -0.272983277480948 0.0638749440446653
0.0684997365859234 0.285529736179725 -0.256062586699286 -0.0817554078263563
-0.221699811780565 0.172155923594207 -0.217949060302591 -0.101016452969028
-0.375173611005908 -0.1150424688861 -0.203298688350287 -0.219387444994598
-0.415787823450398 -0.143988384136389 0.0946640347793274 0.273557411712025
-0.294027030288654 0.170275452489628 0.164495550250392 0.246769649954289
-0.0332667911464708 0.279118458289492 0.347785993180127 0.0996340195816174
0.182493263614195 0.177480229282166 0.356842765551946 -0.142279837606104
0.183960273271735 -0.0287753028897053 0.17381762100501 -0.242371523466674
0.0899888357318203 -0.0954087061998874 0.0414291713767774 -0.21611696777506
0.0580185661637633 -0.152156307277598 -0.0207744703718291 -0.135120563142613
0.0244656301798443 -0.170750381688584 -0.00366050736442537 -0.0533337764834524
0.00699874428404342 -0.179101899401825 -0.00193084851908485 0.0476715896020651
0.077458340549268 -0.163567798393339 -0.0851393382611377 0.0932714396631233
0.201632788377297 -0.113217082366706 -0.188826448732154 0.106755637024501
0.282302040642171 0.15775556969632 -0.193973415946166 -0.00489835260634315
0.0147209100985256 0.340277292568215 -0.147927509944241 -0.0564136872866553
-0.285905490766563 0.154566090537903 -0.170263316498042 -0.0200944362605811
-0.399030818160507 -0.146094047766387 -0.123593610278348 -0.131840909743718
-0.359820781802728 -0.114562687128138 0.175905231124102 0.354381158109973
-0.240772501898809 0.136650771859214 0.257897887126514 0.292381059267591
-0.0430860194781587 0.218089952850984 0.408427305286102 0.0728379871032112
0.119487964935707 0.157057567420675 0.367310051469321 -0.183021638052373
0.13967785458618 0.00316588685394145 0.166936846085574 -0.276353871846248
0.0767997353249407 -0.0621462622510225 0.0488042629767125 -0.24850188696851
0.0557193069960027 -0.116635097195167 -0.00432916272283827 -0.183309284529058
0.0270686452509373 -0.136393013989922 0.00161917858919668 -0.107791011689772
0.013440543782392 -0.153491892927679 -0.00997330633336286 -0.0132563166102688
0.0881852925635569 -0.141240683885494 -0.0812597758699474 0.0206064964670487
0.203234191018704 -0.0701717946448632 -0.138480941462813 0.0275900840740909
0.224324146657923 0.201885950052949 -0.0893104073424454 -0.0200532257948772
-0.0611006447741721 0.31253131551362 -0.080371886195632 0.0293837546173052
-0.287309650591609 0.092352950890084 -0.172004249009775 0.0440735960853118
-0.34810480452922 -0.155608060503874 -0.0412008245801304 -0.05926772048308
-0.261790293238738 -0.0738172393159107 0.249096903095781 0.405455875649708
-0.174564884836255 0.0946191970804593 0.337138074111331 0.298239513855226
-0.0496645360030237 0.150228596744896 0.432263303827884 0.0367157995314841
0.0599635679825189 0.126167947212905 0.354059035110037 -0.208274398071141
0.0919134960036603 0.0229620760670579 0.157723388451986 -0.290246294551366
0.0568203007297323 -0.0288466983578329 0.0568394622431573 -0.265188157316477
0.0465493251719553 -0.0660052987073668 0.0110717803211782 -0.214117927574577
0.0256491136650602 -0.0809029178472073 0.00227069428742722 -0.145619439903347
0.0180144229370849 -0.0990804237802294 -0.0156429784591244 -0.0647737497461843
0.0784322903459779 -0.0844866781677365 -0.0616001023439858 -0.0351915451047426
0.149494712696258 -0.0106585290045658 -0.0726947008069523 -0.0139140996777333
0.110576433632664 0.180637578113228 -0.016386507226548 0.0178851072795983
-0.104335825668928 0.19662439867491 -0.0831488126563693 0.116747108719669
-0.20276904960927 0.0150511935648148 -0.196322865750677 0.0567781203581186
-0.225080724864453 -0.130654095749374 0.0357514865722697 -0.0108976053653403
0.0372958270603186 0.00813845073761399 -0.154486594951363 0.0300540289543043
0.085598068599774 0.0248270208791712 0.148498143972422 -0.0157971915444674
0.0851001803544592 -0.044953752311482 0.11608008782575 -0.152520026175632
0.0107102466045311 -0.0848948286483562 0.0194388992792272 -0.0714016510657785
-0.0387637423059818 -0.0250480247152882 0.0393463468380001 -0.00917849938541092
-0.0214944449448441 0.0233796437861102 0.0159916618458012 0.0221517916480515
-0.00668082653657011 0.0277330422157846 -0.00366581782954607 0.0833892605030549
-0.00559544905975683 0.0219860419845912 -0.0115881720422648 0.154012996060755
-0.0228207854729395 0.0105928035769561 -0.0118735010020175 0.240338405775229
-0.0221179779886032 -0.0112223944570361 -0.065444723546195 0.283596271396262
-0.0202382534488865 -0.0403451740714104 -0.149570569871364 0.304587901057932
0.00266099849760275 -0.0668908875022351 -0.30855592694626 0.235516393091455
0.0364932028476923 -0.0723314238842561 -0.427435477709379 0.0362200017654791
0.120458008881745 -0.0266506253432072 -0.395516897049568 -0.257828490053447
0.134899427656236 0.0499551684348476 -0.321855867193501 -0.463192165386154
-0.159803624107141 -0.0318950139802649 -0.135969894623142 0.0147669681783271
-0.0955199628673391 0.104279492037325 0.138268380585968 -0.0224065944888881
0.0460347272809164 0.126576160867879 0.119127276331517 -0.155135815636999
0.135137779449131 0.0243649723464635 0.0277797203933418 -0.0924769686876763
0.077713038564352 -0.0706530032193846 0.0324037210489824 -0.0175714270667545
0.0159193200410498 -0.055646008682108 0.00885219749484628 0.0135303742616811
-0.000846254354096526 -0.0555473624830975 -0.0115891800198388 0.0844087655998408
-0.00509187290713465 -0.0541205970940378 -0.0115794572712963 0.147790769545235
-0.0206424157082659 -0.0539650749099371 -0.00724269896360959 0.233248745041612
0.0023668253720383 -0.0528423846544348 -0.0603150223200961 0.273999726761172
0.0253918815020953 -0.059824516021247 -0.141827434922031 0.305043666487894
0.0661799572762467 -0.0340555041539078 -0.299443112431346 0.241471852827376
0.0542928335889007 0.00593829928374592 -0.42571888928053 0.0407033169940955
0.0449700430349936 0.0286761349482468 -0.409211714465284 -0.217697599282002
-0.0213921751936421 0.0120781429597897 -0.358263607210094 -0.429203612843954
-0.316940610448403 -0.0670429263252156 -0.0865797695788803 0.0268725912469601
-0.231896223369593 0.172353345004973 0.104348755015441 -0.0166268594957407
0.0189467932679814 0.261315344927106 0.114914856895095 -0.102168603511669
0.230771464894979 0.112131526276752 0.0828407129715935 -0.0841358706653556
0.169708666678356 -0.0993860311579898 0.0697692005473158 -0.0517905971654014
0.0514673268754459 -0.114105904787006 0.0157493263671024 -0.0334233110354146
0.0094396824040996 -0.12557682062637 -0.0210162821868817 0.0537986167028225
-0.00244909025144026 -0.119749481758663 -0.0118279012840371 0.118978200535628
-0.0183934672225162 -0.11121399330345 0.00365417160041333 0.20927846114565
0.0205196667356783 -0.0938653731971544 -0.0531094421977587 0.256085450950606
0.0658069727002006 -0.0852535607417441 -0.144400064637712 0.302096159348672
0.135937442196243 -0.00705952455782049 -0.304687699464784 0.226511668229982
0.0801787387026586 0.0914471796990775 -0.415197404079016 0.0165737005805897
-0.0355551569179595 0.0937752688377608 -0.380746952540653 -0.185014194614733
-0.178952239775238 -0.0211236323849881 -0.349292749110536 -0.368331769733584
-0.413309823189708 -0.0911341967792124 -0.023906055297993 0.0725683808766148
-0.296632944163107 0.218707516435305 0.0754048531200613 0.0376717869032148
0.0157800542677131 0.331048777209335 0.150514917955058 -0.0122733437337882
0.278956701261676 0.151155970501235 0.178283366824922 -0.0816812500881324
0.214975577683349 -0.107849001361441 0.122561149748843 -0.115332127951334
0.0748923914433717 -0.140265633271551 0.0257297923316893 -0.101162736253011
0.0225045133412622 -0.1696134514621 -0.0289205884447175 -0.000614962938975439
0.000362735399954124 -0.166330959757268 -0.0107052951218637 0.0701673141031781
-0.0183241523155363 -0.155225250174603 0.0125031844034179 0.167315870876421
0.0330189945426676 -0.132051145021482 -0.0539122074539857 0.228594575617997
0.106093406232359 -0.117981311441942 -0.165283834357676 0.281946059215499
0.215478904776065 0.0191575981603129 -0.314551669172702 0.17866244888623
0.105006063071654 0.188037039525182 -0.376042859170337 -0.033081029590703
-0.125015316126179 0.159248569004713 -0.310377541436692 -0.146978523121481
-0.315831933680402 -0.0556579888348411 -0.296446073848805 -0.287377914364782
-0.453317292677412 -0.101912480914102 0.0466564247574484 0.151799649311774
-0.304211840156922 0.228126414948997 0.0953607084597554 0.134792222384953
0.0154499510008335 0.33290889110898 0.240779004630583 0.0564700896493966
0.268655657781817 0.15930450529138 0.275576804839501 -0.111894419391495
0.214054622524114 -0.0905800492810034 0.157244684522898 -0.190456530205427
0.0846352075408305 -0.135600162139478 0.029766512387137 -0.169995613871848
0.0330501381195772 -0.182643276218559 -0.0315621723593681 -0.0643834182490943
0.00449479468514432 -0.18865875461654 -0.00870828859574584 0.00778209044249577
-0.0175489761231909 -0.182707199095308 0.0135944098343049 0.112442031176617
0.0450780239897576 -0.165668282738785 -0.0671760644079906 0.180978367230984
0.151400455668647 -0.145055884506821 -0.190017290385676 0.227453776958827
0.288795259581569 0.0626912709151944 -0.295066321504336 0.0934269273157881
0.104894640612957 0.28839752926456 -0.285391636125127 -0.0776243224664046
-0.216941355733296 0.1993090954771 -0.220074377775203 -0.0861902257582026
-0.411673407951876 -0.0907420186355657 -0.216116256987784 -0.193335647712665
-0.441184914381395 -0.0948469631889818 0.131022609777435 0.245879953602099
-0.275387885401916 0.207663808719162 0.175892913099303 0.221452031525368
0.00323011188497938 0.289964249047403 0.342911955333012 0.064319451798664
0.215176031437812 0.155132599836536 0.333768648468258 -0.168338714426474
0.185391253906601 -0.0545728145416555 0.161699768557766 -0.253774907757159
0.0832738534541513 -0.10899878768699 0.0301181874625669 -0.222734301979802
0.0404802452825765 -0.169801383901201 -0.0285389535225754 -0.12730581208192
0.0102001998989671 -0.18111716477379 -0.006321505530965 -0.0590693260394709
-0.012206902257139 -0.185674600802493 0.0039899160266804 0.0488337866721668
0.0619416886699624 -0.17849579160539 -0.0833437746711753 0.113134832878928
0.193719276975346 -0.141554268777929 -0.19145569541158 0.136763744609163
0.316484367079345 0.126933521237832 -0.219230757442763 0.00928812674099607
0.0546739822263394 0.353347791069833 -0.164093624989196 -0.0644591577044193
-0.288117693680104 0.186450721669155 -0.157552439195819 0.000146406534008448
-0.440986511201606 -0.119960999390622 -0.123786069388788 -0.103755014656729
-0.379482239504255 -0.0711839611686334 0.220199554022517 0.329156151960584
-0.224518623542519 0.16635603887858 0.279950958114984 0.263596409708484
-0.0147790722704475 0.22714679060039 0.407913521807856 0.0317228085927134
0.147139875015746 0.142485704502364 0.344923606248938 -0.215677996064463
0.144314645524719 -0.0188146087859124 0.147948039924703 -0.289766009547855
0.072196665870592 -0.0738005644362279 0.0330479478886528 -0.257627473261957
0.0430068527577009 -0.131633961444821 -0.0175138790872883 -0.181425685099264
0.0161564578128824 -0.145910830309836 -0.00600621370963009 -0.116172623875616
-0.00288780747225465 -0.159075316703865 -0.00972986646061566 -0.0146544995385746
0.0765763903791893 -0.156457123241738 -0.0864500482446646 0.0344793218737313
0.200858840414896 -0.0961228622511513 -0.147158952801652 0.0475586368220285
0.260843619984815 0.181106265787047 -0.10730008522159 -0.0194673314694513
-0.0283959983185766 0.33366675243164 -0.0780645732397418 0.0203448402793155
-0.298038953718557 0.121139822758119 -0.154279840080492 0.0737772192346667
-0.389518909718087 -0.134222618315853 -0.0324773136104674 -0.0330277757510671
-0.272504508684326 -0.0427446437555738 0.296833050610568 0.38333114682144
-0.159348951724054 0.114630542545958 0.367111981244898 0.26671175124768
-0.029318372087065 0.157286592394508 0.435667443960838 -0.00776520482453882
0.0825935218043432 0.117468667046974 0.332105033266663 -0.242824281896932
0.0962230770537802 0.00812151317255735 0.136777940634365 -0.305811897748878
0.0529728210206502 -0.0368195974898541 0.0387661428038192 -0.278131408273464
0.0385798846757514 -0.0775895967223458 -0.0068215848185142 -0.218870637752447
0.0203256480560421 -0.0881113284031692 -0.00889305364933885 -0.155206335607389
0.00852501687285675 -0.104084175964874 -0.020378112944001 -0.0678675651275299
0.0723190044094402 -0.0965479711054686 -0.0711027967689545 -0.027187284150476
0.15289966596723 -0.0292058391195687 -0.0805969900365129 -0.00403271777169991
0.140265179478823 0.173260562731094 -0.0205860778212295 0.0126345569388002
-0.086998043322264 0.217543428804971 -0.0677686074666031 0.120398292952812
-0.214833917166076 0.0308352616804336 -0.186732845464271 0.0918615137058199
-0.255710748276837 -0.117875805369156 0.0466723927341557 0.0079271690220717
0.038872054249362 0.00693336037474097 -0.162203680986168 0.0333353642273525
0.0926990811266317 0.0172451775803384 0.142149993695913 -0.0314783185854935
0.0849587810679907 -0.0531370450903495 0.100496658082185 -0.163953249345318
0.00326165969754103 -0.0895016542174789 0.0109856426624903 -0.0715037061423661
-0.0424192848649254 -0.0235144884209448 0.0415609887474265 -0.0121003625016375
-0.0205605968788 0.0257814757641838 0.0200632072387459 0.0211812511283335
-0.00603536329968677 0.028949815603421 0.000975065420784829 0.0870584208543032
-0.00430821961850076 0.0226226707405787 -0.00451190654537849 0.161670931608521
-0.0227721776667754 0.0131968020139389 0.00256041836511492 0.24961869881321
-0.0245457549622218 -0.0108947252921365 -0.0514474126630107 0.297720926542568
-0.0237961183657644 -0.0407248023100204 -0.136764757494565 0.321302596963135
-0.00141926364961826 -0.0692691208213999 -0.301269455000091 0.258884592657485
0.0338275742186809 -0.0760547251314906 -0.434242663923297 0.0631353585926798
0.121803800359205 -0.0361205246512118 -0.422065270142583 -0.239877332787407
0.141743332854897 0.0419031216359844 -0.364710919412735 -0.457194229142513
-0.168461887167519 -0.0228938392758029 -0.14460889573785 0.0174763525992661
-0.0902395312369854 0.111239201285462 0.130847630053728 -0.0377953407866952
0.0547428441005153 0.12714107070907 0.104703714065919 -0.168401291089495
0.141200703783458 0.0168735886993761 0.0175022096733498 -0.0944845745029887
0.0754665981569656 -0.0786249952720175 0.0330487170627663 -0.0198348647112812
0.0144552157568119 -0.0582871110813842 0.0111074957224564 0.0121330491850771
-0.00473740583771428 -0.0582916146549611 -0.00677337662948555 0.0877966154866451
-0.00780865153799368 -0.0563260440003966 -0.00492454764856005 0.155097820776104
-0.0236810308660204 -0.0541894051103618 0.0067230590036623 0.241963941017943
-0.000397456784608865 -0.0553918278892269 -0.0461375741136989 0.28745863517703
0.0222185517211883 -0.0627230554746824 -0.127562732968467 0.321115240030454
0.0664893279412455 -0.0393286591318416 -0.290895333368637 0.263305486014749
0.0556214907743441 0.00399742694749247 -0.432956282031612 0.067853769350578
0.0466366287264404 0.0238414050624418 -0.434535795659987 -0.196804971149405
-0.0225294133148304 0.0140820517019335 -0.40047767193163 -0.418959440242319
-0.334260968344614 -0.0486996653931513 -0.0919873709579592 0.0268465571058935
-0.227811582537981 0.189887539723168 0.0958914127974798 -0.0291534745718789
0.0349078448531287 0.269392002203771 0.104689417757829 -0.112654843657863
0.246421906714693 0.100863034451829 0.0750785688739371 -0.0896143890015701
0.168958045398331 -0.113686295918424 0.0701455319286901 -0.0592631829978464
0.0488512736169282 -0.121048840110487 0.0146120575894677 -0.0367115388085587
0.00275553364150096 -0.131564907398258 -0.0187195503570683 0.0559441019484766
-0.0100313184057164 -0.125708333344307 -0.00694679138802581 0.124308053122579
-0.0246035629151708 -0.113696964688772 0.0166217559904363 0.21509013625306
0.0171433948704585 -0.0975789111493402 -0.0388550071438621 0.268732533100263
0.0636089384905016 -0.0914700902334975 -0.130500536727687 0.318948331038565
0.14185364550055 -0.0152371525191757 -0.298183363796283 0.249825123163124
0.0878676024235358 0.091797940251964 -0.425130138105524 0.0427179911541116
-0.034855139327428 0.0962079896014731 -0.401139123570445 -0.163477493457431
-0.188448468558475 -0.0105255013960095 -0.386276235415779 -0.355785865968531
-0.437834535807816 -0.0682862016501662 -0.0238037576085144 0.0708429614425155
-0.294008979138102 0.241751403221525 0.070177691755293 0.0301865407918623
0.0347679292721156 0.341553282074155 0.149348894151552 -0.0221352568095595
0.299606907134377 0.140951815245721 0.173732570926227 -0.0944260081401596
0.215462562510017 -0.125041003298758 0.120867341822857 -0.128060876345937
0.0721455931273788 -0.14972696623822 0.0201815178883952 -0.10770137593848
0.0131209252066455 -0.178428428496032 -0.0295948370736813 0.00111715857101713
-0.00972917439749816 -0.176062818380639 -0.00804924731057122 0.0726583651692741
-0.0269161180225515 -0.160514726087036 0.0239392584250329 0.170768480576634
0.0279192037636644 -0.138502140625191 -0.0413665590817736 0.239487484606325
0.103347247092023 -0.127349395008264 -0.151522954355164 0.29964477168729
0.226568027478371 0.00662482819176457 -0.312116524128834 0.199555064188107
0.120942010748896 0.190189801130503 -0.388134894735625 -0.0121898720329792
-0.122911628751004 0.168686924840086 -0.325843326903993 -0.128640069367413
-0.333120135904615 -0.0373150478173111 -0.326561139520034 -0.275176658674482
-0.480063755322877 -0.0775402708283439 0.0568082363265021 0.149489206782549
-0.302429303609932 0.253015304454334 0.0998218192795267 0.129650785019627
0.0342915945330836 0.344657504572032 0.249130775948597 0.0422222046457814
0.289297882250558 0.150206852403746 0.272575073589659 -0.133281097636198
0.216731817445427 -0.105646085535833 0.151355471363273 -0.207124021569385
0.0831220247699865 -0.145029567508697 0.0203383403386662 -0.178594404650709
0.0237796841063324 -0.193618525309737 -0.0364177708063138 -0.064876784441758
-0.00663035349421154 -0.199226175804307 -0.00879492520531471 0.00654680916633568
-0.0271562118823499 -0.188277111786156 0.0216455604846803 0.113356661044423
0.0388867560913145 -0.173931060421106 -0.0584219814428387 0.192099789861789
0.148546176967559 -0.157822976100174 -0.180825030027468 0.245641348191913
0.305352391784744 0.0461558856255779 -0.297295493692037 0.111603865332047
0.127868404501074 0.292530848169768 -0.298697551255409 -0.0648221969165061
-0.216799217240806 0.216159280450245 -0.227267616661155 -0.0706030664219132
-0.434677683924518 -0.0668419514563544 -0.235414795309975 -0.183125342133209
-0.467394077529313 -0.0701749853595056 0.150892676839489 0.243054069620147
-0.274153167543708 0.229600701691542 0.191026657427794 0.213802889603758
0.018878267971059 0.302627543088452 0.354262171168436 0.0438044946036753
0.234791292876037 0.150076603769429 0.329384064472871 -0.195101355535824
0.190491860703548 -0.0672280106502661 0.151072050742477 -0.271427847923526
0.0828645559880307 -0.117136442106928 0.0177062627545249 -0.233469706875147
0.0315541532714855 -0.180638048157292 -0.036413472027596 -0.130440784582085
-0.000533538077122561 -0.191472294115679 -0.0104598308328191 -0.062843607632483
-0.0225686128310281 -0.191828554545772 0.00873427100509677 0.047934981924517
0.05565215634191 -0.188847424355788 -0.0794421715547359 0.122713592569023
0.191665042443405 -0.157490055983352 -0.187978470724457 0.154334092866862
0.338638577376655 0.111455552876633 -0.223750007372436 0.0194286410211779
0.0815998736745721 0.36345217371325 -0.170826571757285 -0.0598545679327295
-0.291470259005742 0.209728172594517 -0.155619201539462 0.015292603063227
-0.468139820817817 -0.0952345825106269 -0.133112716290119 -0.0934044133888093
-0.401320261788808 -0.0500374765439146 0.249553764642549 0.324025275156714
-0.223499761774771 0.185202120876158 0.302156547647954 0.249910293458251
-0.00283777861464506 0.238616361500286 0.420475156655569 0.00392277074302819
0.163719301709584 0.141722010789627 0.337140227305691 -0.244430958144608
0.149225082934029 -0.0262805056994028 0.136395704124487 -0.305916708098195
0.0721976383574849 -0.0795062586529329 0.0191165622094695 -0.26923210862389
0.0359186910166859 -0.141502210760314 -0.0288606234674069 -0.187987952859599
0.0076728662618511 -0.155375403162618 -0.0135466145094592 -0.122816426985635
-0.0108129443708486 -0.164863883131454 -0.00939152738575223 -0.0168530726356439
0.0713125127003798 -0.1666423060665 -0.0876023559291898 0.0442935955467316
0.20262928885683 -0.113268755102307 -0.147827227005164 0.0586976143472316
0.285603216351606 0.1710430803094 -0.11022969777508 -0.0195690761324788
-0.00676742239639686 0.349614056942525 -0.0745393281799369 0.0233437502681596
-0.304392272674225 0.140978422994564 -0.145753189675189 0.0918661811042598
-0.414634628087523 -0.111842931948714 -0.0332891578704715 -0.0261613403063709
-0.288577240839661 -0.0259526838054688 0.332328122587024 0.375876712187065
-0.158959321435764 0.126887998352159 0.393024486408568 0.246863294510434
-0.0210484555067977 0.167156885581213 0.446119618935693 -0.0388136769882674
0.0945394391536289 0.118730601479517 0.322418086436072 -0.270564899511242
0.100500208043004 0.00301668921108688 0.12238499742459 -0.321501367231084
0.0529865848674713 -0.0405536696816554 0.024817731122391 -0.290791763042739
0.0355720247226493 -0.0850070705578953 -0.0193383586587141 -0.227650705035719
0.0156838370111622 -0.0942974063910684 -0.0183466546788854 -0.162698417994791
0.0029417025550813 -0.107996906254216 -0.0241958377753447 -0.0700152192871482
0.0702700036524665 -0.105083525864516 -0.0764372906703136 -0.0212989104307883
0.156712867095665 -0.040832146588848 -0.0826219073161995 -0.00027074749799245
0.159524192824357 0.170988933209031 -0.0174990737273705 0.00829289650986778
-0.0755847797860173 0.233646178468816 -0.0548670731434989 0.125612631589516
-0.22394577151975 0.0442539982576782 -0.178260807892287 0.114441031299364
-0.275887779223486 -0.103933602286538 0.0520693555648888 0.0113598519152952
0.0394952749339599 0.00494721727057693 -0.166494205099781 0.0382418375212192
0.0955966179493785 0.00779669318338481 0.129389178828358 -0.0466506044017407
0.0811178146905767 -0.0614329884907196 0.0802323710766009 -0.170544806005157
-0.00546095459440636 -0.0916327761207854 0.00328489282653446 -0.0680883252434312
-0.0451893440127652 -0.0216553667322707 0.0410368746744125 -0.0150835466470954
-0.019424802441485 0.0267494521477174 0.0231117868005033 0.0176781945088028
-0.00433733342466874 0.0298929713466171 0.00584432713559012 0.0868823399762314
-0.00201482680718677 0.0227047513428839 0.00437409636761492 0.164637786279528
-0.0222822296952775 0.0153559534695641 0.0189552553366278 0.251776504974429
-0.0259134156333587 -0.00913353319159829 -0.03204132434113 0.303225302135622
-0.0283277467664136 -0.0398072198141666 -0.116832754553194 0.329466309161917
-0.00561528821221715 -0.0701860406647605 -0.282524435344516 0.275976656823665
0.028554339132718 -0.0770050642357664 -0.426411685485013 0.0893463768551479
0.119282400370091 -0.0466422815817259 -0.438376879947851 -0.208351588664937
0.144388592379542 0.0320271913724153 -0.400867682242504 -0.431412080597575
-0.172598429227099 -0.00979655377785895 -0.149467627269087 0.0210080313173681
-0.0823564628940054 0.114621396856324 0.118124142404508 -0.0514631529565416
0.0632550114365441 0.123569792195432 0.0850571563849461 -0.175971208487098
0.142143313362023 0.00581600087158508 0.00695225174852541 -0.0919994323586962
0.0696587124015019 -0.0846762385752189 0.033189060149917 -0.0224229448411974
0.0111454359718262 -0.0592938496562043 0.0124648917978233 0.00953691717417565
-0.00897616048076548 -0.0589730248680188 -0.00192725532745427 0.0888985370297646
-0.0117420443780349 -0.0578694943584155 0.00345036466091784 0.157350200364838
-0.02656155033419 -0.0531029795263561 0.0230786491600004 0.24329986613294
-0.00378207792631888 -0.0557965542560159 -0.0281115615420078 0.292383787140086
0.0180826573179062 -0.0648074805057721 -0.107300383691224 0.328165553730402
0.0646851496273867 -0.0439640966115313 -0.272336521238059 0.280683141111367
0.0563977949513514 0.00213515669388268 -0.42515346799889 0.0966675142787762
0.0460609773360053 0.0187926987114679 -0.446220553782607 -0.164869145172159
-0.0228059266969692 0.0151505309631771 -0.432631619417065 -0.392384535335714
-0.342813005712629 -0.0259751978975577 -0.0952733181778113 0.0267127633243672
-0.217282116675072 0.204473266266596 0.0840559492287651 -0.0399038463013097
0.0532890031754899 0.268987632213745 0.0893058222780283 -0.120445931888146
0.254286017076954 0.0847062853329291 0.0646860420119639 -0.0919067198000979
0.161743835542487 -0.125809499736182 0.0674421633284158 -0.0651783416667547
0.0427598579130468 -0.125272502073649 0.0118464705738575 -0.0401154767204136
-0.00626289753299162 -0.133696492195705 -0.0146617695702904 0.0568427105623994
-0.0181958740157813 -0.128265712999342 -0.000471072410976385 0.126088553515807
-0.0313738493647539 -0.114243551289639 0.0308574775244591 0.214934422172115
0.0124995388585387 -0.0997273030710045 -0.0224927813942071 0.273291115121601
0.0588417648410513 -0.0950501105712471 -0.109674448157232 0.32619075840624
0.142676899412439 -0.0243667560273246 -0.280460059270241 0.266637956443769
0.0939223948225948 0.0882279635466393 -0.419854097831347 0.0707362393575443
-0.0316496303432068 0.0960823161152881 -0.411424266144794 -0.133411637557401
-0.19153537295481 0.00173415549759396 -0.414355651156563 -0.328153528840816
-0.448429964137376 -0.0378562088420509 -0.0223644390920871 0.066844752374121
-0.281732997620233 0.260832326777687 0.0634442998171187 0.0226239930615782
0.0573419521620658 0.343767086003087 0.141767623478098 -0.0331849755738109
0.311121021128086 0.122697520051307 0.163644048804753 -0.104609812740133
0.208268605439246 -0.138939578166214 0.113722433554463 -0.137699663578922
0.0652807961597122 -0.155700815400786 0.0128250754021817 -0.111802572242748
0.00132852648276723 -0.182232040194099 -0.029574222549328 0.00275180942576147
-0.0218628632008263 -0.179764459198835 -0.00424238851542106 0.0735822371916459
-0.0357024542219402 -0.161072036996578 0.0356961836110018 0.168638858292615
0.0212070266905543 -0.141432481507827 -0.0268169290245378 0.244062226739603
0.0973447056595282 -0.133157572802095 -0.131494493681955 0.309321391252376
0.229935916638313 -0.00735146411320365 -0.297682263310081 0.218119407952266
0.133522548155049 0.185049870682641 -0.388737589118731 0.01381044641551
-0.117402421051299 0.175411374496725 -0.331290548078151 -0.103724339824031
-0.338654420633593 -0.0142208032688247 -0.347319552318644 -0.252123195849122
-0.492241016635992 -0.0447785815273338 0.0648523000623765 0.142327323631657
-0.289923355663629 0.272401642845961 0.100970268638637 0.121023995600417
0.0556458574266226 0.347638606310731 0.248009993015244 0.0243834799473945
0.303333071373851 0.133373750639934 0.260136638287173 -0.150694394189024
0.212284254199853 -0.119638623474948 0.138688746453666 -0.219542058960559
0.0771356717289187 -0.150789817776108 0.00814792100944866 -0.182342846831446
0.0107805011803713 -0.199026796380179 -0.0407788957503395 -0.063263423263516
-0.0203508257720106 -0.203828754965142 -0.0100020683968526 0.00617568700470659
-0.0377278179369165 -0.189324247061643 0.0295382175257596 0.109670067193282
0.0298910971536715 -0.176889651746236 -0.0465632756346296 0.198093308832009
0.140242370131259 -0.167350963611899 -0.163621336534753 0.257971839545167
0.312487666323582 0.0257940292562988 -0.290929631732002 0.128740424787897
0.148385271068086 0.28754951323936 -0.302569855113658 -0.0460426961082913
-0.208288446080924 0.230843198397689 -0.227908487503151 -0.0527795196647048
-0.443113261964135 -0.0367544974084532 -0.24807344587286 -0.16376659454291
-0.480068212779271 -0.0380667599006067 0.167173323920326 0.230304743861899
-0.263609077799957 0.247760807104415 0.200360008608118 0.199549961466923
0.0377560699101787 0.305310709470236 0.35443210467972 0.017712468934819
0.248768822153473 0.137883262055629 0.311585734496688 -0.216902004046863
0.188616686146015 -0.0782890363623566 0.134296434036924 -0.281718138478459
0.0790159436913322 -0.122308129244084 0.00193308121562068 -0.237306713911771
0.020259917070741 -0.185534782312153 -0.0442334048400714 -0.130159523784284
-0.0141854212187703 -0.197374574459846 -0.0158851719472842 -0.0643822918811092
-0.0331893660833438 -0.192685678011038 0.01243002514826 0.0446461177690199
0.0449540639867643 -0.19300526233887 -0.0720265710311633 0.131025398116944
0.182816652265927 -0.17046637455756 -0.177255226811991 0.167245896918767
0.351376245103544 0.0881814927314714 -0.223940512286905 0.0300165998018829
0.10721634181037 0.362860265876261 -0.173555069079578 -0.0507410936138224
-0.2831506534775 0.229385585685951 -0.147069437772066 0.0295184697871119
-0.479633781403082 -0.0617738396653306 -0.13705028805021 -0.0803954818776982
-0.411039297155398 -0.0217355036525052 0.273485078251002 0.306401227091977
-0.214750337478228 0.19923307628385 0.315489647922694 0.227879020098787
0.0113237201073305 0.242542452532431 0.418292679263881 -0.0266769935661248
0.177359324810825 0.13445706467587 0.316756699360211 -0.265953199583156
0.149500185982273 -0.035010418457386 0.117502938804001 -0.31389134893873
0.0701265622897537 -0.0837461061026897 0.00152802098613802 -0.273416088509997
0.0262367857533191 -0.146594547119993 -0.040272619719644 -0.189029493043634
-0.00313314160721818 -0.159997284847516 -0.0221470094831605 -0.125299468761567
-0.0202825921353172 -0.16594552263663 -0.00911800223193731 -0.0180813491646626
0.0611110654639732 -0.173140952288847 -0.0850931457563395 0.0523683944223137
0.197216083906739 -0.127020250861388 -0.143652917049587 0.0678308648958513
0.301842956442268 0.151079206034448 -0.111197254350499 -0.0176229323304765
0.0186530750955757 0.354093047993057 -0.0685327444888607 0.024875646373166
-0.301983634602388 0.162437442959387 -0.13145903269885 0.107065386443354
-0.428184103953215 -0.0816220427802734 -0.0313161225177674 -0.0182743732385344
-0.295398731257538 -0.00498035186430581 0.361331967627242 0.353707992617412
-0.152911493761131 0.137406889674091 0.407303196343761 0.217355533329813
-0.0114636449827933 0.171386978073134 0.441298348271839 -0.0709698989012506
0.10490352933087 0.1151884586218 0.300436791988061 -0.290666111538098
0.100846618450972 -0.00284831529800949 0.102482392349254 -0.326919264580086
0.0516661540225312 -0.0426854025965968 0.00644464819089338 -0.29465681140183
0.0294494702390611 -0.0883841567704976 -0.0337663310860398 -0.230411527781421
0.00951516241635654 -0.0987972733587708 -0.0290250402027039 -0.164886192086714
-0.00295252356097805 -0.108735094215816 -0.026866239885926 -0.0702849653814851
0.064222526368228 -0.11075831006765 -0.0781327124377596 -0.0136204281131609
0.155039423928082 -0.0517544831530412 -0.0822950285245837 0.00497582979856873
0.175544114652959 0.160502028689629 -0.0151035397934612 0.00334734831679327
-0.0587385009110991 0.242433902087625 -0.0400204176426812 0.126645924207428
-0.226274669272806 0.0582797972072615 -0.161377050140926 0.133033449812152
-0.287659217265228 -0.0830833756144236 0.0581783314951611 0.0136108652100469
0.039692113857693 0.00443727866943212 -0.169030697508143 0.0389448986142112
0.0964491615096954 0.000127825659862508 0.113830060181893 -0.0557136221903186
0.0765836520084868 -0.0659062210294181 0.0615665562184827 -0.169393826923226
-0.0123370799912784 -0.0912567809109876 -0.00357173920393247 -0.0618446147263435
-0.0467443678109959 -0.0203581970628783 0.0403177661370464 -0.017473533301482
-0.0177571925903263 0.0278106702812192 0.0243280841633635 0.0139252072026407
-0.00279910691997176 0.0301922243537359 0.00824321088228044 0.0852442472990295
-0.00103118797177111 0.0220668933958547 0.00933061447590195 0.164192897231069
-0.0201034209528882 0.0164747526555484 0.0295630079826779 0.24872860645146
-0.0266246797502142 -0.00819196862900883 -0.0182728713270889 0.301258708046191
-0.0311506078384283 -0.0381779752718742 -0.100768109513803 0.327832625110665
-0.00968080507889556 -0.0693046022687724 -0.264411564491376 0.282422030624399
0.0256383122874649 -0.0758965231899543 -0.410580783137653 0.10589776691844
0.113827009429821 -0.052532793546714 -0.438293179412856 -0.183333494307403
0.142664500039941 0.0244651759773097 -0.417682652789082 -0.404884810361227
-0.171825656369497 0.000188568144994232 -0.152102994060044 0.0211594750611954
-0.0761633160227845 0.114902232466657 0.101944946496184 -0.060403679582609
0.0681934685176779 0.117894417095853 0.0661013857165443 -0.175909757923672
0.138851124182168 -0.000731598387028281 -0.00124914077866947 -0.0860554371821362
0.0629018604961599 -0.0869599257555237 0.0331464037107011 -0.0245192869797546
0.00938360338064881 -0.0593860291254618 0.0127600358943726 0.00620471035800749
-0.0112743011639268 -0.0574352855068126 0.000837654128321978 0.0863519662800934
-0.0139634449438889 -0.0581489570175744 0.00764786943189532 0.156176074438014
-0.0273939100450611 -0.0511687355044614 0.033150570612885 0.238802774699871
-0.00551668459604161 -0.0553006108664644 -0.015375787189394 0.290179428244716
0.0152168237481275 -0.0644778579886487 -0.091466700631151 0.325439860794651
0.0623503027222782 -0.0463976527081549 -0.253359404540077 0.284529519767452
0.055735805224913 0.000195041188166201 -0.41046222086387 0.113136054199972
0.0432630626521578 0.0145130003711038 -0.44374663344138 -0.139001925948334
-0.0229924270701233 0.0158179283952634 -0.448581590568485 -0.362939944867036
-0.341667485083213 -0.00736378182589171 -0.0974439221299809 0.0248784134875297
-0.205927987573041 0.209905813932747 0.0696313480174579 -0.0469707356430265
0.0640847649821206 0.2628998372117 0.0738038999691127 -0.121825495543465
0.256213300261067 0.071807554412908 0.0554687833100167 -0.0902577736806763
0.152994247469944 -0.131034997964076 0.0642053737780008 -0.0687692387427014
0.0378561968084562 -0.126037442494344 0.00943577192685596 -0.0420623191029109
-0.0124028223150278 -0.132940757569371 -0.0135646899727097 0.0559239927264504
-0.0245268587428439 -0.128592744806471 0.00313465650209305 0.124980195251276
-0.0340707957289742 -0.112235625831512 0.039496942072934 0.209635626310323
0.00910287451375748 -0.0993535183782883 -0.0109965818350565 0.27088532479427
0.0547100670697313 -0.0959038347035117 -0.093874512638999 0.324646374364177
0.141086595355396 -0.030592799022317 -0.262517216668022 0.271746705443935
0.0964403966118554 0.0834701126101329 -0.40828340476731 0.0889444168635749
-0.0315731556141138 0.0944926550975676 -0.406298664015299 -0.109217539929863
-0.189397734911603 0.0109905503015309 -0.424180301401796 -0.302214156275147
-0.447831292103784 -0.0146774790178401 -0.0226736095466938 0.0621658352206561
-0.268307369520225 0.268190775758254 0.0538753615856291 0.0170237872448653
0.0710739463997726 0.337123302824904 0.130976662766699 -0.0397525530705296
0.314578214590427 0.106805484589903 0.151559869285328 -0.1070996074905
0.1992099836726 -0.146112266407668 0.105927330606462 -0.142248296575508
0.0597623088832416 -0.156917109377547 0.00592755875722091 -0.112470182491524
-0.00686432735433742 -0.180966107320433 -0.0302007777515412 0.00342087162575943
-0.0307633066040835 -0.179383945099422 -0.00332430800682392 0.0727334578141165
-0.0408795823656885 -0.158780032196424 0.0423528834163168 0.162960142982573
0.0169053441177874 -0.14058040621581 -0.0155954908699233 0.242231779355229
0.0915026962076646 -0.134571947612664 -0.114875795532369 0.308850057624349
0.227641633235409 -0.0181499152134158 -0.282709426590793 0.225567571297665
0.140112145018708 0.17719003070097 -0.380136308613517 0.0309343908369435
-0.112322655168027 0.176705654942274 -0.326409790531215 -0.0841144585438415
-0.337385973683409 0.00184601156751168 -0.3542939044624 -0.228271443465888
-0.492217388243397 -0.020315385269493 0.0686081305710103 0.133314411693551
-0.276358744394763 0.280654520750259 0.0973328579243579 0.112683572008793
0.0701232207842112 0.341493321766196 0.239236681850948 0.0113924687809566
0.30805153121823 0.119900177078448 0.244492486742538 -0.158781347071183
0.204409799933928 -0.126196873620586 0.125934190702238 -0.222768484953763
0.0726416700544608 -0.152241389991577 -0.0018037367509161 -0.181596809008643
0.00169664350477088 -0.198616979324352 -0.0432552766803579 -0.0614116553424443
-0.0306373972269802 -0.203914506694642 -0.0108603151275203 0.00539456749454508
-0.0434747149666386 -0.186114080021906 0.0336459121608428 0.104043321104778
0.0235661936086024 -0.176221077723349 -0.0363487895854834 0.198713994962336
0.132238987101221 -0.170551344967092 -0.148483471916722 0.260183351581256
0.311719074580848 0.0101473085409054 -0.280466385892974 0.136810507046899
0.160449694313807 0.278102428250779 -0.299134161034944 -0.0323989164152245
-0.199526146899757 0.235382884808739 -0.2201337457081 -0.0385591965106367
-0.443088830948226 -0.01400830576932 -0.250826440903244 -0.145471848528718
-0.480050542825947 -0.0145660972965764 0.175653773515747 0.216767393870196
-0.251584986048618 0.255592492616157 0.200584993880776 0.185671628740256
0.0501427829443361 0.302381966184215 0.34500275865152 -0.000684050905107462
0.254884467412685 0.127183987302019 0.292282686841462 -0.225343192508743
0.18392736074282 -0.0846247523986597 0.120314644051876 -0.282853356977763
0.0756486988436367 -0.123962252297705 -0.00899286928489756 -0.235277645938553
0.0108772043636449 -0.185521292047415 -0.04904223139743 -0.128230322016001
-0.024186333570483 -0.197462237716941 -0.0195849807892492 -0.0656206023812948
-0.0396176505489147 -0.189861040673838 0.0149248100457969 0.0409027773882716
0.0377024063408734 -0.193088156625109 -0.0646641716860716 0.134172051527073
0.17339743097374 -0.175466575906729 -0.166425248525528 0.172444399345123
0.35370652857367 0.0691259634189342 -0.220106252811961 0.0360126625164821
0.123242663218895 0.354050124893511 -0.171481824268036 -0.0443305745801653
-0.274366292300137 0.238240494481911 -0.135810923591963 0.0395113212055377
-0.478438911169834 -0.0366497793802104 -0.136163148409798 -0.0679519601040491
-0.41040501909005 -0.000532988392449078 0.283948539881886 0.287257329920219
-0.20598204281237 0.206309176778996 0.316027212257583 0.207391549789399
0.0218066105576745 0.241463808871214 0.405500939060236 -0.0472360325357163
0.184784385942923 0.126811329216597 0.295044609251203 -0.273233742142793
0.147976698621543 -0.0393775283666193 0.103155400464455 -0.313905029491175
0.0684928871479484 -0.0848108624168109 -0.00998863822161721 -0.270778638829335
0.0181994207819776 -0.146952914001289 -0.0474116599537723 -0.187082412225204
-0.0114797061395435 -0.161009549685078 -0.0281729254984536 -0.125038322830605
-0.0259018230355471 -0.163595752164996 -0.00921681713854113 -0.0197578612896394
0.0541217244883127 -0.17300065380109 -0.0810365860079334 0.0578605833380936
0.189070244279592 -0.133797448865631 -0.138663243535157 0.0737741015691687
0.308698885784483 0.133703355791889 -0.11117040664345 -0.0173570551752076
0.0365991187434728 0.350699044971635 -0.0625317692178055 0.0247471210201098
-0.294267552386691 0.173342123498793 -0.114795233716004 0.115508798022394
-0.429405882123397 -0.0582309322416285 -0.0278123633643648 -0.0109500722923836
-0.295063966486755 0.0101456110407354 0.3737776318797 0.330890163222894
-0.14664350807987 0.142597546132679 0.407513795833777 0.192502034092521
-0.00339309976488007 0.172021607593698 0.425851666698012 -0.091883201980472
0.111933057831916 0.111476929540097 0.278117227818616 -0.296615610427701
0.100498270687887 -0.00532713212430241 0.0886361667700313 -0.324232814349424
0.0503580453064241 -0.0428387449813534 -0.00646082811645422 -0.292302942316026
0.023896204857718 -0.0896268712404543 -0.0433458455531376 -0.227952936824237
0.00406142693102857 -0.10008715011882 -0.0356468225032022 -0.164385993493048
-0.00735868610712777 -0.107846872884065 -0.0284677244496455 -0.0687464065680469
0.0589818737513498 -0.112966745447197 -0.0776217313512731 -0.00648691159602612
0.151677470410523 -0.0584434253073952 -0.0812612253739081 0.00730617051878883
0.183805315218862 0.148956371551025 -0.0153699063393575 -0.00213322783316543
-0.0446973002715853 0.243805664850215 -0.0273468761445056 0.123130318512137
-0.22382298148332 0.0679432255360989 -0.142997132133915 0.143674457365744
-0.290489972775423 -0.0662124475650394 0.0623902890832568 0.0161208303621079
0.0395424595106588 0.00525818117207435 -0.174013141137118 0.0363273214989657
0.0966062837883801 -0.00479898465665825 0.0997702347908742 -0.0607716531748856
0.0739753465855332 -0.0686416267231462 0.0489346273578298 -0.165678573939903
-0.0176482750253419 -0.0908126979169484 -0.00697055120318176 -0.0550819738338613
-0.0493258523311428 -0.0199643353452095 0.0403903282288229 -0.0177074323543815
-0.0165353499601401 0.0275016196812268 0.0245489898310857 0.0104973454837938
-0.00263493940547142 0.0300474026310297 0.0084864729272203 0.0851839105357529
-0.000356659685507895 0.0214615016128302 0.0094688240652571 0.166120983654464
-0.0192470517834093 0.0179081962242605 0.0327674759368239 0.246491529255633
-0.0276336943729573 -0.00816092694000609 -0.0132166047477888 0.300115082693622
-0.032660880733186 -0.0378858376373947 -0.0946626729877494 0.325018340540157
-0.0108970231335182 -0.0695563179016883 -0.25576124724448 0.281625509018106
0.0250087361146747 -0.075092444423016 -0.400958761033191 0.110686007679626
0.110427495694272 -0.0551733624384043 -0.43579608229883 -0.170448878548831
0.141194110319968 0.0220339026214317 -0.42494327647079 -0.390935974233607
-0.171261345595268 0.00572921522537025 -0.156722896877661 0.0183294758579663
-0.0734497135532922 0.113246086681392 0.0883993748987337 -0.0650855113525764
0.0700947623498372 0.115140100362725 0.0522760068787732 -0.17349642925519
0.136329439777978 -0.00511140903620734 -0.00598228963561105 -0.0797099794563379
0.0592197207980333 -0.0880086153350756 0.0324397144681876 -0.0254032927509591
0.00872426192211002 -0.0597203487907943 0.0125988534344838 0.00447905830465616
-0.0120571757065576 -0.0571632823526798 0.000894697591337828 0.0854350288364604
-0.0153678031126051 -0.0587919385735054 0.0086709743728998 0.158070974487054
-0.0274106375672099 -0.0510796423356329 0.0363181907518408 0.236719386561086
-0.00601183264232042 -0.0550808052550081 -0.0106115113687323 0.28966289193286
0.01407705600205 -0.0641451471256198 -0.0862007345366896 0.322487849425365
0.0613357584694929 -0.046957492516482 -0.244317074655368 0.283729849950187
0.0551364414150242 0.000472418159329038 -0.400855820776907 0.118543862913863
0.0400785582687241 0.0123460998723256 -0.439206297421799 -0.126031057167077
-0.0236897880791831 0.0164664988781966 -0.453315280848109 -0.348828798163427
-0.340820420704991 0.00221414889319769 -0.101568270595414 0.0207093014707317
-0.200602460932772 0.210640765163782 0.0572575435741524 -0.050167600407008
0.0687704213006786 0.25953797144601 0.0619518377712647 -0.120791027116135
0.255140918450034 0.0662390212553177 0.0502165172074458 -0.0856535756186828
0.148055986421906 -0.133014809863676 0.0625326480915023 -0.070732916473928
0.0369527363578329 -0.126600801962584 0.00734032105055014 -0.0433108465550102
-0.0145155601724318 -0.132022910496175 -0.0139059839268198 0.0552536935541508
-0.0280789870492738 -0.129542180450965 0.00319177174865096 0.125674800768914
-0.0347015324275547 -0.111593438097626 0.042252792520502 0.20597651572746
0.00909726426204486 -0.0990362755746046 -0.00637140723166941 0.269644291302065
0.0540425966479408 -0.0951241864744636 -0.086928752008754 0.320373356494707
0.139890247205619 -0.0327893839245995 -0.25400694127539 0.270978753546664
0.097332289031887 0.0818581294817455 -0.399834737015299 0.0955731993234412
-0.0334383390934871 0.0931048830106019 -0.400768519408679 -0.0981159361251255
-0.190220396679177 0.0150996948495005 -0.42702230691253 -0.288821869923415
-0.446896051760828 -0.002917173350139 -0.0251447823552369 0.0567562456268039
-0.262609270270006 0.270081930563252 0.0435712202724721 0.0132781361825448
0.0770971089655573 0.334706004250997 0.121559287418772 -0.0403372926902293
0.315697694155646 0.100578135212844 0.145309793525991 -0.105558780348297
0.195777170813402 -0.148249818579207 0.102338431636682 -0.144568903155145
0.0583084562425083 -0.157350279165703 0.00237122193606783 -0.112515689512552
-0.00950679341535188 -0.18085091844973 -0.0302803049941354 0.002779636368315
-0.0352897564971728 -0.180692325283255 -0.00389453283706527 0.0724319541499033
-0.0410147004380568 -0.15829218439069 0.0437332028583712 0.159025439925449
0.0169311165190689 -0.140058879371804 -0.0105163099298994 0.240725564702909
0.0903141516733299 -0.134784265658885 -0.108018658564066 0.306365692250742
0.226903460508161 -0.0228133092992518 -0.275545101562804 0.225684199695561
0.142354493076507 0.173931066093513 -0.374734132557764 0.0383541926596022
-0.113018875694753 0.176431592164252 -0.320207648866105 -0.0754713044610323
-0.336250641619191 0.0100491070954142 -0.356454758250129 -0.216048718985522
-0.491248459063812 -0.00669128883530611 0.0682310038922713 0.126815894533313
-0.271450962908414 0.282618968645252 0.0906351364238565 0.108105240955243
0.0759183067412173 0.340328601758785 0.230408662583031 0.00625576487538027
0.309922951264393 0.114764162456655 0.236217003844922 -0.159425721442289
0.202871678136364 -0.127913081722714 0.121008036185024 -0.224707805872924
0.0723954678916964 -0.153130281232337 -0.00644656026366464 -0.180284545754287
-0.00166039501971183 -0.198938182006995 -0.0448349376572315 -0.0610935771628219
-0.0359647335773392 -0.20583843384371 -0.0126006341354024 0.00489478589665724
-0.0448383372509367 -0.185306166467632 0.0349231817478323 0.100282218631883
0.0230542055620649 -0.175510594299002 -0.0326112419480879 0.197651848742972
0.129393636646727 -0.171009184974786 -0.141571950739634 0.259943108988558
0.310982623102469 0.00307988619700334 -0.276483920753755 0.138102099201741
0.165152608877049 0.27403269863071 -0.296491357814189 -0.0258946050718108
-0.198627563634916 0.236672762294246 -0.212859512133649 -0.0315988789100111
-0.440652639397584 -0.00443239345940872 -0.249787164631237 -0.136113492236023
-0.479981429175195 -0.00122712412901944 0.177763932211633 0.208457212526072
-0.247451954348878 0.259099880530308 0.195981224780383 0.178788072995838
0.0547409953052373 0.302193725345211 0.335728253800246 -0.00913828199547196
0.258923330084757 0.122506426277577 0.281718121182445 -0.225962485072
0.184457260965755 -0.0857803963410148 0.113988359198938 -0.281979064420103
0.0765001967250027 -0.124239795553677 -0.0144672844312612 -0.232990421666166
0.00738112780043596 -0.186120502412323 -0.0519466653630825 -0.127975713857665
-0.029130292802681 -0.199264141914736 -0.0225647035944103 -0.0662412670554924
-0.0410871525267224 -0.189227573677994 0.0153665859076017 0.0372651741130631
0.0359423982705899 -0.192461356497359 -0.060701307353292 0.135326746572729
0.170499769865244 -0.177563192093298 -0.161311474932024 0.17353556439664
0.353796092380212 0.0598083396025271 -0.219062413945903 0.0367646487919511
0.130525267966121 0.350056164325371 -0.168638247186853 -0.041642870258802
-0.272880719332186 0.242283744835154 -0.125615692078327 0.0441321319542001
-0.478104461425205 -0.024690106846728 -0.133490994329199 -0.0608609789655711
-0.410899334218147 0.011380244236438 0.288193005744443 0.276838661581612
-0.202868852534141 0.208850488396938 0.311986838951249 0.196776322495596
0.0260279109662459 0.242375912193417 0.395428580466838 -0.0567260786546924
0.189518500759312 0.123550469850904 0.282890125738431 -0.273838734182721
0.148861121274727 -0.0400739989216652 0.0972385503282563 -0.311081136804122
0.0692066621463626 -0.0845063965535704 -0.0152739295852594 -0.268489902009347
0.0154308322793973 -0.147370976631588 -0.0507843307669532 -0.186316183254602
-0.0155210919376295 -0.163177305235369 -0.0310512166433522 -0.126178256082433
-0.0268182014699566 -0.162783621284251 -0.00864648313684237 -0.021813375810305
0.0516773698710991 -0.173801022810276 -0.0787411300252637 0.0611504872035203
0.185591062229295 -0.137121379015279 -0.13614400977543 0.074951096914227
0.311499570557886 0.124661947511323 -0.112031694320441 -0.0197647494924546
0.0447002214790887 0.3482935862816 -0.0578001454956966 0.0225824979314644
-0.29335041174639 0.17828414203707 -0.102127430554048 0.120316491675047
-0.428653471993384 -0.0461588154283389 -0.0228117595718894 -0.0058450141638725
-0.295210130328031 0.019998078120528 0.378932332789257 0.319006293935444
-0.144866461468505 0.14524960731409 0.403305997663106 0.179023478556228
-0.000395486469779915 0.173685705731436 0.415023067415776 -0.100555505857017
0.116639615319379 0.108896163358605 0.266385829665225 -0.294967872268072
0.100862267360764 -0.00485515567200615 0.0840008870383018 -0.319984352675441
0.0508714125994325 -0.0416217681206511 -0.0111592027666156 -0.290217423998881
0.0209992448110853 -0.0896135797758133 -0.0464003223466423 -0.228017139749849
0.000829613388912618 -0.101987454784132 -0.0389040947227301 -0.165670408819084
-0.00847724078582742 -0.107481817308309 -0.0281138562180076 -0.0683821799018785
0.0573903673197916 -0.113140079113751 -0.0759272285624367 -0.00223118145115387
0.149849768955799 -0.0619561543725714 -0.0807080268395707 0.00869463524021627
0.188032531682723 0.142913633803429 -0.0155292916575122 -0.00776156697879206
-0.0369569764351028 0.24460190779161 -0.0183042746306794 0.118642407184182
-0.225737499881274 0.0721133333508091 -0.128472753118606 0.150294402246832
-0.291961706083064 -0.0561490560005848 0.0676327521674988 0.0197646680202272
0.0394696673104603 -0.00135766685446542 -0.179414087716846 0.0711567811770043
0.0924649934496997 -0.0290796006067656 0.0813641042943785 -0.0788108708646139
0.0554991024740074 -0.0843175673471944 0.0164082034626812 -0.170990296434539
-0.0407191061125573 -0.0834231611910176 -0.0114321581804282 -0.053011139700502
-0.0551606975623651 -0.00998769488492974 0.0371793490053005 -0.0288551349936596
-0.0114693916724505 0.0291938369458547 0.0245380676581178 0.00349126261690497
0.00531020518165672 0.030848113064325 0.0202013230970801 0.0847893467108972
0.00397818068228382 0.0217317548755968 0.041024310152638 0.167774217154592
-0.0146490543396608 0.0230466212428571 0.0816696678760103 0.245796976210946
-0.0305982902580045 -3.23636733047363E-05 0.0500834007176674 0.310740365387401
-0.0420993442443442 -0.0270803508976879 -0.0295862222916486 0.349228843223149
-0.0309887770182393 -0.065954042444417 -0.197146272885501 0.338230679429751
0.00557325911582533 -0.0791797077789111 -0.379049514380037 0.19701815686372
0.0941038744508821 -0.0842383427163017 -0.483553822507803 -0.0704139781671773
0.141414405120371 -0.0143931712674863 -0.521560396150154 -0.306698056472989
-0.163195053956787 0.0403659732013721 -0.173957392727639 0.0397217360408273
-0.0488892377079634 0.120912187270222 0.0584034263368814 -0.0842453971559496
0.0896696276465797 0.093683486355529 0.00584993746885421 -0.171245117626724
0.127861103988629 -0.0343810044167939 -0.0175001931943905 -0.0635020769416064
0.0375365493083322 -0.0981715320364567 0.0363054447811931 -0.0340785373789033
-0.00225053910049228 -0.0609504636998427 0.0162200514565083 -0.00159560122871938
-0.02264007356462 -0.0524959969376948 0.019625015994922 0.084031844775688
-0.0260304917498075 -0.055548976209104 0.0376203612183698 0.15997435908379
-0.0342861063342136 -0.0432245792223185 0.0829863045830604 0.235455153223714
-0.0164291797977245 -0.0506817144272019 0.0500874429031648 0.300686826363339
-7.54744646954998E-05 -0.0607571234628604 -0.0207736556611741 0.345334238748307
0.0446402662550868 -0.0572710812167973 -0.188419001568296 0.338813315227875
0.0492960247433675 -0.0117699977610432 -0.381663969909638 0.206816955829078
0.0364099197766884 -0.00324041037659858 -0.475157982465758 -0.0293241090886202
-0.0249520147815694 0.01424739983391 -0.532640222988563 -0.262413260391096
-0.327806845084813 0.0696920168167456 -0.123282518587557 0.02313742079643
-0.15353983567447 0.24256183941476 0.0215554333322142 -0.0651740518682362
0.119182507601977 0.235307143127498 0.0161419472088518 -0.11275561881183
0.260364471134609 0.00771785770129416 0.0365642054658426 -0.069245411721623
0.116270998729059 -0.159797608093839 0.0636059920723046 -0.0833380935276557
0.0129871320373008 -0.131685666160937 0.00487802796827606 -0.0493829737639666
-0.0407735886842327 -0.125022435039752 0.00570715783797414 0.0541300928427245
-0.051458830322815 -0.123770618732539 0.0263707126079385 0.12773242739593
-0.0525344009071437 -0.102292059175729 0.0821015811974576 0.203005700981227
-0.00892243283593971 -0.0976619343483132 0.0512806357266358 0.280547477650076
0.034082247967517 -0.0987367087256641 -0.0215017172905251 0.344114956514141
0.124373902124131 -0.0581566425704481 -0.201769987774679 0.329710779997017
0.105060858796156 0.0594983617599085 -0.389338455988469 0.185639135667227
-0.0205292858168533 0.0925419848662005 -0.428243558959184 -0.0158548400111062
-0.191273560620156 0.0471817846533576 -0.487277284853904 -0.212145420823214
-0.431930450938562 0.0841090283308001 -0.0399154458443895 0.0400782382641076
-0.200190935134712 0.315331789466373 0.0169616449070261 0.00307459435174135
0.143383994667456 0.306498679741458 0.0893658920343921 -0.0394358001482281
0.328325409243518 0.026240234801155 0.128607088313482 -0.103205462649443
0.160426941048585 -0.18464007803186 0.0911207797313451 -0.16504310558532
0.0283139275741394 -0.166537587105981 -0.0112461174324976 -0.117962152181522
-0.0472143714119606 -0.174854333391276 -0.0171293350305185 0.00392974857588973
-0.0688032432633795 -0.173841668175125 0.00945074228990507 0.0746528469147086
-0.0680126975974188 -0.147518833868449 0.0750876263763761 0.154516700888461
-0.00825117592479245 -0.139567830156625 0.0412232673878299 0.252710107589024
0.0622009934797008 -0.142872391276243 -0.044277347636626 0.335184412702796
0.211815952273186 -0.0653727068449046 -0.233795166788582 0.292023745877039
0.167791331075402 0.138807581926743 -0.381682024192687 0.123284772633258
-0.0821657895312031 0.19303248516109 -0.338234683464034 -0.0168886770079865
-0.338906715878056 0.0739339383909631 -0.38940243119763 -0.157312240534369
-0.475390963124973 0.0899483943075336 0.0710064367392699 0.0907251035569368
-0.205814598610334 0.329544636848841 0.0852480061714362 0.0914168664875835
0.143987621668605 0.313242825233449 0.20994500303063 -0.0152355345938773
0.326404701481619 0.0398160551614075 0.209461251238062 -0.176128780696453
0.171438123570533 -0.168233315881937 0.0948340722125011 -0.248397262881944
0.0424777133474433 -0.165451720258452 -0.0325682134072165 -0.184012475284429
-0.0438474397797858 -0.194209268412213 -0.0411378879229722 -0.0584432701005369
-0.0746609424089901 -0.198321525847992 -0.0127577724505373 0.00754881982396773
-0.0764646611949899 -0.174713221445351 0.0536192840810943 0.0960399503074866
-0.00829439745682573 -0.17579900320961 0.0115803575057961 0.21449995435027
0.092777671562201 -0.185333099498392 -0.087389571479231 0.297707759978466
0.300316284018595 -0.0592201589833609 -0.257410893536466 0.204228246511686
0.210403764048602 0.23133417225456 -0.320151397027699 0.0399860988816944
-0.154229464959231 0.273413504822415 -0.214500262969168 -0.00272256953855564
-0.445525313681289 0.0840073311771675 -0.258684884285344 -0.0997894190227166
-0.463536386102834 0.0940886397001024 0.202744575407655 0.153983543625828
-0.187398044640587 0.300298720299874 0.211035511527718 0.14316449164583
0.116015669884428 0.27991218324768 0.315729331845714 -0.054655871686024
0.279501124175507 0.0585744985506096 0.240206939065748 -0.257201327988766
0.162497676415331 -0.122847698453661 0.0734702257002591 -0.304660495888559
0.0521819481230404 -0.137107994534181 -0.051313510461602 -0.234139058213977
-0.0331122656418039 -0.183384194033914 -0.0612368509668968 -0.123293087636381
-0.0668282967738645 -0.193682076451742 -0.036495665706375 -0.0629875140738173
-0.0736248576804427 -0.178511017927601 0.0219810211037218 0.0356406811468815
0.00013066655257461 -0.195112077609892 -0.0300636429859251 0.158055345481446
0.130402185633532 -0.200383864372386 -0.125316789713991 0.214214737786551
0.355427854439972 -0.0129694635018353 -0.22292333573879 0.0893636998298399
0.194995034742852 0.312794763843092 -0.196242047953624 -0.00722369294009506
-0.225871027328607 0.296165745856183 -0.104091653112767 0.0526581653557044
-0.48575221699011 0.0724990594709498 -0.120402273752537 -0.0457919820641544
-0.394935011298377 0.0923961798693911 0.336014364788944 0.207463313799277
-0.153535182747591 0.242091752766834 0.340318678569589 0.13858093071691
0.0763049028778516 0.228540012804728 0.369711320380188 -0.120945658184027
0.212268971233709 0.0734462869479312 0.229772025404338 -0.309543354916859
0.136806911916836 -0.0711463484570698 0.0475483678733933 -0.327565510639805
0.0519746869436185 -0.0960149327089454 -0.0614047186835871 -0.268979048657954
-0.0179639027269458 -0.147954303825679 -0.074166369246904 -0.181486408943292
-0.0473357779834758 -0.160264630072594 -0.0571177862661729 -0.122791681225094
-0.0561156627723385 -0.155511795484059 -0.0128950165270774 -0.0196521515320354
0.0186024323354107 -0.18068014352165 -0.0643010578828533 0.0864633053350484
0.153203701456025 -0.165338853590365 -0.121856673754273 0.10828668118865
0.329024396891927 0.0583931424518531 -0.127066012038378 0.00598970785299665
0.111951240757878 0.328675637061314 -0.0660068606516091 0.0304218716293149
-0.259711075109475 0.238756431728011 -0.0588174746349003 0.12839628929623
-0.439183645389061 0.0439461398622847 0.00249688292603542 -0.00951501222899622
-0.280671455393791 0.0792558664758427 0.444505414076918 0.237300466447589
-0.110098050414417 0.168046779915312 0.434519201775498 0.102205798709909
0.0365627917917715 0.166914160516832 0.383693079623811 -0.174381648756138
0.137977733875344 0.0746346483736754 0.207997577461506 -0.333829959376594
0.0959692326803271 -0.0270783226185794 0.0290510473245036 -0.334856715556913
0.0412113286798153 -0.0495775660368113 -0.0633105494502165 -0.291519531503249
-0.000509989179335209 -0.0925361451591923 -0.0813991945559487 -0.22324198340789
-0.0193498289216125 -0.103106594153296 -0.0719362959991696 -0.160839500217974
-0.027656024807603 -0.103857223245262 -0.0409749751813701 -0.0640265844828718
0.0348591134619059 -0.123081672785397 -0.0762117867498562 0.0201235338007562
0.132708269788535 -0.0881030490379888 -0.0810151473845814 0.0285556026000789
0.212425720916589 0.10080824803337 -0.02480760300469 -0.00633019214373754
0.0122148168033896 0.245010945174135 0.00152803393365628 0.117136358420976
-0.214752554572471 0.119128507295655 -0.0781032055445734 0.172470969436199
-0.303546972711222 0.00625491704157851 0.0953277075679889 0.00334633840100795
0.0427876713556295 -0.00127390231199512 -0.194040371089239 0.0757231503348587
0.0950252924534528 -0.0361000437336589 0.070677878569984 -0.082963932058168
0.0543973054770624 -0.0917791229131037 0.00492613408527974 -0.171280219102469
-0.0471611736466955 -0.0852342752201898 -0.0127522622603913 -0.0482326914316786
-0.0613422866747322 -0.00775082096535163 0.039469668987468 -0.0307139541587403
-0.0118104856007837 0.0307575962198127 0.0246508936851463 0.00020376403697515
0.00704952667220512 0.0321980803979362 0.0211287280131711 0.0891214532559784
0.00494865597364248 0.0222137630145812 0.044502758202077 0.17920853094013
-0.0144796331667155 0.0236130743185421 0.0885410700548891 0.256107738310932
-0.0330095899833924 0.000634574075246622 0.0579473658194207 0.323466810582435
-0.0455922165417356 -0.0273805799797638 -0.0257074576731738 0.36286779555165
-0.0347003423316054 -0.0689589447542702 -0.196844726633622 0.352372238089731
0.00499883857474016 -0.0820346368040807 -0.386058410131478 0.208812034408749
0.094484703537373 -0.0897100196741456 -0.500198086939643 -0.0617502342568216
0.145993232023929 -0.0164463708231062 -0.551296452050975 -0.302957870825305
-0.167827787893762 0.0471685755631991 -0.189725852481184 0.0417823846902821
-0.0486347666526145 0.124151578850864 0.0457202471411133 -0.0878130544248748
0.0949700536071499 0.0937651278629915 -0.0070658039335178 -0.170934179395999
0.131299522134298 -0.0382894080362841 -0.0203469453122948 -0.0594915350356485
0.0340446239121254 -0.101372572178675 0.0378549615245267 -0.0361617120455134
-0.00348693017428256 -0.0643320908075063 0.0157419002368635 -0.00389823025479808
-0.0241213056267245 -0.0550402815971867 0.0202979452161563 0.0882760010499685
-0.0295437612749871 -0.0582151569214279 0.0408605104569295 0.170162128699333
-0.0361400260221604 -0.0454642080289197 0.0890164660284747 0.244979563257285
-0.0174986553028415 -0.0538533862319105 0.0579431624943709 0.313624207120437
-0.00149669410784093 -0.063485198377799 -0.0168492601227531 0.35814328415576
0.04469199840034 -0.0607253130055841 -0.187667245918762 0.35264534245555
0.0508694409393679 -0.0125655007310615 -0.388828891256105 0.22082608778834
0.0345191426681083 -0.00423204953732477 -0.490954915977305 -0.0189874454886728
-0.0263378968114913 0.0164954103431767 -0.561998189763617 -0.257629509207265
-0.338696555891851 0.081994275304685 -0.136019004048527 0.0231996967128432
-0.155760000683338 0.253954738292789 0.00839179272352507 -0.067174682956845
0.129119739094609 0.241576763516686 0.00554093397828338 -0.111281700686769
0.270866090969814 0.00199487971432744 0.0354740477957803 -0.0669703822751542
0.116269180027148 -0.16864177435703 0.0649078564443026 -0.0886203861164785
0.0112566213346696 -0.138264229468774 0.00360934636769365 -0.0525771180269618
-0.0444501838631599 -0.130979873225435 0.00572561779735729 0.0571728377267284
-0.0579858131525664 -0.130000804243644 0.0287416285124497 0.136278012254765
-0.0556188192071233 -0.107834183178058 0.0878683513197044 0.210937428597024
-0.00887672031102556 -0.102719216304993 0.058302828247697 0.291484850047923
0.0349160106055963 -0.103462842563491 -0.0162727890287309 0.356800859805938
0.128353060219832 -0.0629391033297612 -0.201885984902563 0.344815597098249
0.110647287668795 0.0608778323855666 -0.397618780235472 0.199072470796625
-0.0236742407312207 0.0971108273289349 -0.440084093904147 -0.00693361994190128
-0.199420968995829 0.0550734730446323 -0.513168806416559 -0.205880133441662
-0.447973329426846 0.100366376320027 -0.0475765107260596 0.0386300338304277
-0.204177340345362 0.330453797966694 0.0070328486098827 0.00509187717703349
0.156206848124827 0.317574795236719 0.0839636360815147 -0.0379998877786821
0.343416404649634 0.0209540516663911 0.130721633507527 -0.104932448783971
0.163235633468066 -0.195472783928735 0.0913591304381811 -0.173936333063443
0.0279675857913994 -0.175425171676181 -0.0150075859536087 -0.123034919014756
-0.0519487602138428 -0.182660502657933 -0.0190245322839046 0.00448842862127002
-0.077814122318036 -0.18197334255186 0.00931312666474746 0.079982358610563
-0.0723996043510259 -0.155023756384941 0.0788078284623214 0.158796072437234
-0.00822327146312864 -0.146508870761257 0.047904257394843 0.26220604663411
0.0639408115211061 -0.149506107950854 -0.0398894957470609 0.347665493474047
0.219850648415991 -0.0734467386421953 -0.237520622796147 0.305993810792571
0.177402997104988 0.142265020781552 -0.392063012570824 0.13639824324321
-0.0861400039148343 0.203178662574144 -0.34629434480237 -0.00967317752535147
-0.353055640015628 0.0855878552234194 -0.408983502558468 -0.15110179170141
-0.493909400821604 0.107147900772154 0.0713419335628582 0.089311746048856
-0.208849839905394 0.346859720651331 0.0813095188682154 0.0951468005422177
0.15656245539632 0.324299275293078 0.210943170306546 -0.0151157578940877
0.34386050438341 0.0351142378046292 0.212436178814792 -0.182992997804272
0.17750632059446 -0.178632279376484 0.0923503264205001 -0.26055020144929
0.0451866268887137 -0.1744163999939 -0.0383939219013559 -0.190551202445638
-0.0492061151641243 -0.201862048812905 -0.044432482325931 -0.0606202520247895
-0.0844651275373598 -0.208105684711467 -0.0157056417585532 0.00858628354683495
-0.0813836467261148 -0.182996401131065 0.056245160083219 0.0977911651741498
-0.00939689896042234 -0.183387829247684 0.017630417359868 0.222705769589533
0.0946582156318035 -0.194948154183646 -0.0843975302003825 0.310154188325233
0.311050602926383 -0.0688223873667408 -0.263386391740258 0.217226215953136
0.224774441906611 0.236599593107898 -0.329864648325453 0.0481572740075984
-0.158760296572772 0.288719939005703 -0.216200889318913 0.00140741870226118
-0.46289429081661 0.0994098621677316 -0.269249830513729 -0.0942581935009262
-0.481377080002854 0.111895569039462 0.211554200779868 0.152534163439625
-0.190473631468021 0.31655807463923 0.215288438243139 0.144996800995314
0.128076764397649 0.292204010645971 0.320546444384873 -0.061093535273567
0.295750029523699 0.0554586296602359 0.242062603037914 -0.268233929789519
0.170457945181409 -0.130968742300085 0.0700669176739331 -0.317517037125415
0.0558229466784781 -0.145880885765613 -0.0583615450108174 -0.24264520413489
-0.037378945450181 -0.192195210182011 -0.066895814644524 -0.128563692826901
-0.0766151278570589 -0.202916628785644 -0.0411839529515709 -0.0653760458501127
-0.0791226841185055 -0.187200863133557 0.0220982167811212 0.0353278226028339
-0.00163543779853517 -0.204434237192334 -0.0272364493233096 0.166833287929973
0.132974476802968 -0.211562444355736 -0.126175794923048 0.225235932763775
0.371236651264684 -0.0236063062415237 -0.233004064504377 0.0955210706906456
0.211731846395555 0.322426698644475 -0.202436967790945 -0.00593806037209044
-0.232476694260849 0.315123492920532 -0.0982675252839064 0.0565081835046604
-0.506840787509134 0.0896438001367503 -0.121158669293223 -0.0419136258081009
-0.409329949396206 0.109384142047219 0.352422656474124 0.205163971384716
-0.155956483052369 0.255516400412989 0.350149651108172 0.136838568762241
0.0852925212275323 0.238435097496672 0.375182624787389 -0.131217308756872
0.226196227888065 0.07241262893997 0.230684019404714 -0.322487606362567
0.144718874895601 -0.0769538813588447 0.0454760165501303 -0.340942902954302
0.056962387567985 -0.101595159359162 -0.0682851103988341 -0.279220511720604
-0.0214793019898201 -0.153686812647643 -0.0815911233004626 -0.189777174509618
-0.0547970122948308 -0.168327196228626 -0.064246079018442 -0.128170042072833
-0.0600478992302846 -0.161926874405112 -0.0145410941560898 -0.022587972624789
0.0171684374491687 -0.189169500474761 -0.063469760745034 0.0936330663499689
0.157046014318308 -0.175825732077126 -0.124624221868585 0.115734384743518
0.345328536744251 0.050908273665672 -0.135300277459732 0.00669615282538722
0.125903635578912 0.341983417710095 -0.0640614970496661 0.0288505440371051
-0.269510188676165 0.256514561047849 -0.0479701455321534 0.13487376587094
-0.458179909986001 0.0585378126624948 0.00905199924858962 -0.0059396928866473
-0.291560612428309 0.0924212654670152 0.466722406082022 0.233799924662293
-0.110814263869182 0.177582305552777 0.447828838855341 0.0961129441574587
0.0435266876430279 0.174533730535904 0.38802203672177 -0.187454295826624
0.148247778635218 0.0745588220418194 0.207726217594424 -0.346795712463283
0.102516661885059 -0.029500053375509 0.0269581724452655 -0.346983768031863
0.0449875413560659 -0.0515781842814281 -0.0706735514006051 -0.302688354784256
-0.00266591025248234 -0.0962563736318972 -0.0895089493176101 -0.233362184898469
-0.023727008588269 -0.108139707305941 -0.0792938271226368 -0.168863683966174
-0.0295699914746624 -0.108633487065811 -0.043328450085134 -0.0671488165520849
0.0340481842130903 -0.129967413547251 -0.0762999304404841 0.0260053934626294
0.136932667823209 -0.0952397430362988 -0.084361184469185 0.031155908327674
0.224580782808904 0.0977691519633697 -0.028515936859592 -0.0100645142115306
0.0190069337358748 0.256167941046981 0.0104267217990018 0.115997581588402
-0.224230141836192 0.130677416387347 -0.0655013807664073 0.181496835533645
-0.317041299671982 0.0170525940441869 0.107150606436041 0.00556192839488079
0.0455038739187578 -0.00306912937081456 -0.207749062464486 0.0881523239590639
0.0962677631720566 -0.046853421320689 0.0557056166415199 -0.0881034807682639
0.0496277479290533 -0.101443783589831 -0.0115840607240408 -0.170730130899995
-0.0569140023716165 -0.0852419277617474 -0.0145713637507758 -0.0431387019812032
-0.0677028747310407 -0.00194958235768543 0.041884173904106 -0.0347138279591346
-0.0113538860906866 0.032369240096375 0.023947249770754 -0.00313190787127302
0.00959800139984673 0.0318712253174992 0.0254359794810943 0.0942882761832625
0.00614441654820355 0.0227846630272937 0.0564608535595749 0.190220949061744
-0.0133650140359827 0.0259051152194151 0.105377048858035 0.266323024716122
-0.035327298204551 0.00283422535741501 0.0772950850812279 0.336498809674412
-0.0508044068282737 -0.0263828416154164 -0.00929079301793183 0.380632511113413
-0.0415596079438025 -0.0705739346775942 -0.185267360548232 0.37491624183064
0.00270997848655875 -0.08601093139542 -0.389341563836035 0.23505252483609
0.0927502796787213 -0.0984275378785063 -0.521020018960245 -0.0360819940655421
0.151694688130655 -0.0247090547938498 -0.594899861104642 -0.282154928841423
-0.171651951582878 0.0601709941297966 -0.205025356590002 0.0524356178057535
-0.0456448073218941 0.129326280728657 0.029374813889357 -0.0917713653023873
0.103631447038926 0.0909655271734031 -0.0252907355156725 -0.170300688976033
0.13419766145227 -0.0472605617711088 -0.0231952846888566 -0.0536807053948198
0.0283399509418123 -0.106621100485321 0.0388127959146874 -0.0402320654361261
-0.00738871232306922 -0.0671597699439483 0.0149742763374972 -0.00724240510635687
-0.0275555085877697 -0.0571589987036119 0.0249565490679372 0.092299025420304
-0.0347870908506244 -0.060392163279151 0.0509606248018464 0.180885451257909
-0.0394187292767178 -0.0464404766724597 0.10508926910836 0.254857034944735
-0.0209564621644264 -0.0560970364215268 0.0762247784457554 0.325565248872618
-0.00456168308540698 -0.0668888367996657 -0.000588738847172954 0.373767565508946
0.0429185201778678 -0.0656872654669143 -0.175741979054111 0.374847473272083
0.0530744290018552 -0.0145345905682098 -0.391451355163696 0.248485020116662
0.0323460416568497 -0.00564791430788541 -0.508744264901831 0.00789985195736813
-0.0274131664393329 0.0196184749117241 -0.603801840155242 -0.233778559860803
-0.348240564343775 0.106005206980229 -0.148876511459903 0.0285184533541234
-0.150167856709201 0.272262468524766 -0.00752743755432794 -0.0674235729013169
0.147775369515516 0.244391513449408 -0.00877354198520677 -0.10951894447647
0.283825391172282 -0.0122544584821652 0.0333929212462384 -0.0655684719520058
0.111614640959084 -0.181443643925496 0.0638322850143542 -0.0968613818159099
0.00587352601318915 -0.145920581394193 -0.000860787205423354 -0.0564019360015636
-0.0520365487290267 -0.136744594076871 0.00657986606277869 0.0596786190433531
-0.0697056173435723 -0.134476047608684 0.0353792023334094 0.144816549566231
-0.0631359531436944 -0.111785342940849 0.101518422252619 0.21738078183223
-0.0127410387979368 -0.108689384636984 0.0754920772985773 0.302403438347593
0.0326966647117617 -0.110099594568499 -0.000906105587638525 0.372430337347837
0.131681779073167 -0.071645417994948 -0.192770605632046 0.367310185967054
0.118712034925704 0.0587019935384155 -0.401660387756607 0.227596917741448
-0.0241121988141176 0.103247918229054 -0.455520622390357 0.01847580797429
-0.206050872961473 0.0703757020630546 -0.546872537061591 -0.184983603633026
-0.46237580017695 0.13171527271471 -0.0544985382689292 0.0402726075089748
-0.196314388241291 0.35496360788023 -0.00439847886028822 0.00802093477812417
0.180648840060668 0.322656746923433 0.0776049742488726 -0.0370803995810075
0.361745016454202 0.00300540942834164 0.130204579023392 -0.111676297089483
0.160734973681931 -0.212376662849871 0.0857983823957797 -0.187174536739683
0.0228504449551594 -0.186658242420651 -0.0241086110741879 -0.128699718126384
-0.0627930571668454 -0.189947761134314 -0.0210007212593298 0.00521720068764951
-0.0936292087140947 -0.188557572517017 0.0120476115199752 0.0856060272498728
-0.0830376051533922 -0.160876119285496 0.0886473228368852 0.16262703409043
-0.0130965505546091 -0.154659909377717 0.064297566945178 0.272507811044073
0.0611128442836622 -0.159898153693396 -0.0236665468488711 0.364646903165196
0.225793369479302 -0.0879793632411972 -0.232046864755209 0.330889889535612
0.193415322074724 0.140594812354805 -0.399005016980359 0.162452073829971
-0.0835408440143894 0.218163469154054 -0.355966454210833 0.00869788581606312
-0.364881468808258 0.11153822902415 -0.435103144227516 -0.131675525487024
-0.511499137269241 0.143099534873117 0.0742079483840437 0.08594333307778
-0.20174511920578 0.372930719647199 0.0805898033970456 0.0983172429671272
0.18154960827021 0.332409501081098 0.21278045887021 -0.0221165254140437
0.364400383066291 0.0181069469703499 0.210686045218408 -0.198429157198426
0.178604058214919 -0.195498795729208 0.0817876201087697 -0.276811108724008
0.0419690008995552 -0.186691625714891 -0.0513224613199472 -0.197546259700951
-0.060736281251728 -0.211595544723655 -0.0515310257904458 -0.0616076609896689
-0.102482123798784 -0.215226938421568 -0.0175539734718718 0.011741857503127
-0.094572260380601 -0.190435909548614 0.0617851877877204 0.0986867279649978
-0.0169905252688359 -0.193005342315329 0.0304650632329154 0.233634078895246
0.0911370892660516 -0.208780907985624 -0.0717428126768597 0.327752026825156
0.322909312881309 -0.0901027866629265 -0.265161373085936 0.239480157310807
0.248585750647064 0.236079708764722 -0.340613974722509 0.067114469115316
-0.155066580307143 0.312643458999233 -0.218442709537137 0.0125595950512599
-0.48065156100952 0.134225848943283 -0.283118878443412 -0.0797785005450238
-0.49804443354215 0.146287859293006 0.226255471948123 0.144979019626267
-0.182869745024399 0.341163500835564 0.224780572396659 0.142145617999264
0.150921251687979 0.299759651918749 0.324372913732048 -0.0770436837201918
0.31618583376954 0.0419466441689959 0.236109083578292 -0.289063055920734
0.174603782869625 -0.146676765167346 0.0567386364690386 -0.335006441553841
0.0560412509082398 -0.157076747535468 -0.0746418731115023 -0.251041734316163
-0.0481976841423421 -0.19983482067609 -0.0781733048903116 -0.13248555522764
-0.0944339271502707 -0.210581338871615 -0.049108680446811 -0.0661023718496415
-0.0910198740551087 -0.194573976623147 0.0227128093168368 0.0342545072653331
-0.00979967773388753 -0.215050388274318 -0.0180180708308615 0.177280872260091
0.129318262803197 -0.229004724701828 -0.120101730656852 0.242546843507194
0.387190510160786 -0.0469095370500162 -0.240851495506909 0.111311397092881
0.240519687112358 0.326023215433905 -0.210097087899057 0.0025437943737005
-0.230370133479855 0.345077097952378 -0.0901943757850774 0.0627921155480478
-0.526203940607064 0.125906504016945 -0.123815089089942 -0.0339127024170732
-0.423034587241999 0.140430063840407 0.378769181854347 0.19106174613956
-0.150368356378315 0.275937151949438 0.36636311878113 0.12521373671121
0.103888977035132 0.246964363181282 0.377725751992356 -0.153602800505586
0.244241246951508 0.063041644708435 0.222798781981416 -0.344475742187405
0.151218025900565 -0.0891488835437226 0.0299057620763739 -0.35693923722006
0.0592312442266244 -0.110480808278432 -0.0856508689304964 -0.288000880347693
-0.0298931149911315 -0.160624208029088 -0.0963483880083978 -0.196366133585997
-0.0691865873497818 -0.17545597239809 -0.0760675372027718 -0.131969799322755
-0.0707982429755772 -0.168833303223375 -0.0170219231521975 -0.0239144218910078
0.00916099761609823 -0.200291352290499 -0.0593854856780166 0.103531274781587
0.155758719906165 -0.193475779949786 -0.125705346351318 0.128142888780187
0.364885695009395 0.0324040539500324 -0.144583960485474 0.0118241438687825
0.152215543595347 0.352008663475943 -0.0618138802174337 0.0288782047420973
-0.27145608875607 0.28619814332661 -0.0310825246193138 0.142770390825545
-0.477274449275754 0.090907292467696 0.016357785554553 -0.00360599259643908
-0.2999087323641 0.116672938840631 0.500730102476771 0.216430905497724
-0.106768397747421 0.192654440795984 0.46706658092616 0.0761971794468148
0.056763981542384 0.18105610420898 0.38887028043527 -0.213208362193354
0.161588857797992 0.0691154242972399 0.198667794536203 -0.368409886376255
0.107957080810762 -0.0365061156509018 0.012330567793372 -0.362154628528567
0.0487169851965893 -0.0565768540192381 -0.0895057848845831 -0.31330573028341
-0.00682801249338104 -0.0997410718655965 -0.107956608710683 -0.242916683040337
-0.0325370948119429 -0.113630230848026 -0.094005793234548 -0.174693644867771
-0.0361329090248676 -0.113148628497902 -0.0486255386534029 -0.0695614507123789
0.0296505734391701 -0.138323585498904 -0.0755305305979509 0.0334835438104579
0.138300668203428 -0.107733456435486 -0.0877233518552916 0.0377792810245035
0.241926779854443 0.0882040527941023 -0.0337813716791268 -0.0132282028272805
0.0364595301833351 0.268578822549673 0.0224525617137111 0.114481111774629
-0.230469252865858 0.151504260143486 -0.0465399043146264 0.192658628663777
-0.331369387873965 0.0400145807884056 0.119910355919097 0.00329201920188976
0.0477183828022051 -0.00585025207269396 -0.213389635056345 0.105321883574467
0.0922771151193565 -0.0589264408041313 0.0368907971442421 -0.0902760252816621
0.039946376368751 -0.109176206608407 -0.0312450446344918 -0.163199675027398
-0.0676260058385431 -0.0812371257829689 -0.0156599646970813 -0.0363820310786413
-0.0715987415511155 0.00644985666842849 0.0423742402526655 -0.0400959506324034
-0.00953127120285253 0.0342069501782611 0.0218135429154216 -0.00780929049815233
0.0130911329251973 0.0313739395223304 0.0321722871140088 0.0960170661572702
0.00861517185646413 0.0228180827782775 0.0734448636026423 0.195008801128128
-0.011290791440176 0.0273849358994239 0.127364675006569 0.26743668129208
-0.0367830405632805 0.00622234621967103 0.104149216530544 0.337506102082256
-0.0551559720074749 -0.0231514971807734 0.0176715930291498 0.38846574234484
-0.0488281301733145 -0.0687667472293179 -0.159190709522442 0.391890861431647
-0.00288043447090714 -0.0880006458276313 -0.375808493291035 0.266878343050255
0.0854210788548154 -0.107530165178488 -0.529577631854534 0.00482284728561694
0.152672394126058 -0.0356886708932109 -0.629662629632312 -0.235314247646731
-0.168444575433744 0.0766370582979695 -0.214577566409741 0.0682639764821253
-0.037848868862218 0.132656239058094 0.00972361606205338 -0.0916578001640309
0.110689241043062 0.082695689420014 -0.0463289814440363 -0.161629809041536
0.131610832827195 -0.0576229615864703 -0.0263747290649099 -0.0474778792849298
0.0189405745168414 -0.108278422139466 0.0382769345080281 -0.0445675821880393
-0.0118010562315517 -0.068044070828071 0.0126575202620957 -0.0106006432148753
-0.031582786947894 -0.0577187168426478 0.0309332791551699 0.0934664434228182
-0.0408688802060041 -0.0601185909100623 0.0663776914785531 0.184992001593288
-0.0433685479256363 -0.04621832008164 0.125683956965947 0.254665601788988
-0.0250843243058062 -0.0562047332034051 0.102718236092348 0.327389338495637
-0.00979510089398915 -0.0685065831031449 0.0262996232200417 0.380847478727731
0.039102063517684 -0.0693593053551851 -0.150096402357288 0.390516454381328
0.0538233624786496 -0.0185559624858583 -0.375567009688284 0.280177758005523
0.0294097780930538 -0.00825162601264259 -0.51177462197717 0.0484932824138488
-0.0257850364562602 0.0233386251137475 -0.635163289257121 -0.186893081375861
-0.345368298965905 0.137806582631975 -0.15890269506201 0.0397292544678758
-0.133883148242141 0.287610083017815 -0.0253522099044528 -0.063356614036047
0.169063429567965 0.236512075697229 -0.0246701559127999 -0.101761348958724
0.28929659396151 -0.0353333917705713 0.03037637375718 -0.0639630015039138
0.099447532916956 -0.191412977400036 0.0570827620838857 -0.103917346764416
-0.00397718343207529 -0.15041851155302 -0.0071289406362104 -0.0593823812661271
-0.0633825951613369 -0.136408116162887 0.0101602878442356 0.0608914705553028
-0.0834636856339452 -0.133211614682681 0.0467577319436379 0.149408531927031
-0.0726174118977748 -0.111931746438258 0.119150595375608 0.215919626342901
-0.0197227121769532 -0.111781889350511 0.100262280830424 0.303723210468962
0.0260127698951758 -0.115817263529325 0.026788673146265 0.378507846973814
0.129497744803058 -0.0823240504208751 -0.167011197212007 0.38578467505228
0.125928471579434 0.0515044873544579 -0.389087464969793 0.262319307334732
-0.0207728660626908 0.107767183056241 -0.456423117010836 0.0548220468092154
-0.204023804492625 0.0892166002741427 -0.572731878113559 -0.139347344078182
-0.459712157492404 0.173450590645881 -0.0600419591301664 0.0432847720201735
-0.175430652238773 0.375930848003281 -0.0144242129481339 0.0136869201119397
0.209920523087699 0.314573827921363 0.0698040683414368 -0.0356293605286803
0.371137207131521 -0.0261255083589763 0.124491402771863 -0.119247507507497
0.147967396344484 -0.228566383124287 0.0731137166924442 -0.197587299071461
0.0114445988866114 -0.193936488741702 -0.0366000643763492 -0.130084115572451
-0.0778333556921486 -0.191444332371779 -0.0232120067955676 0.00683543006690257
-0.113311858037507 -0.186506949071638 0.0182472263926091 0.0899769256049907
-0.0960034999038975 -0.161540293617224 0.101511543050506 0.159770602947904
-0.0227521665343422 -0.158895026786585 0.0866317856169597 0.273270762631189
0.0523739091975491 -0.169043112922803 0.00322854999430859 0.373151407235211
0.224470283751365 -0.106982680043796 -0.211043337606847 0.353069113382921
0.208051369075361 0.129342306208275 -0.390962007991689 0.195751949807438
-0.072583498495119 0.230096314089067 -0.356284736519826 0.0355320967203629
-0.362875985832705 0.145660300177226 -0.452161197531009 -0.0968712965472991
-0.5089880645334 0.18882986946468 0.0761858211704851 0.0791720929456396
-0.179747422955684 0.39463499355983 0.0808362212041131 0.0983719085982382
0.211922435966143 0.32472377851956 0.209229587370323 -0.0325214254286214
0.375278654082217 -0.0107319992087906 0.198872129325982 -0.214241944886325
0.168887363108081 -0.213844409874196 0.0619760532193789 -0.288675300192035
0.0316218348181435 -0.196080668293727 -0.0691525745477928 -0.198065083762085
-0.0775229783218819 -0.214023191020249 -0.0586971775627118 -0.0595133551733926
-0.124908778977259 -0.213314750032018 -0.0180783938551425 0.0151907706828733
-0.110541809452191 -0.190126686776855 0.0681807202639826 0.0967651584500683
-0.0290930348093644 -0.19778918710645 0.0500132225308179 0.236247430851701
0.0793102156132864 -0.220897132422351 -0.0484704539987813 0.339799603209099
0.322001757154866 -0.117742062821775 -0.252236511300794 0.264669487440035
0.27254480041809 0.222351699767294 -0.33972714409028 0.0940840026778784
-0.13769039417506 0.332750287967723 -0.213661574505476 0.0285727211847123
-0.479032000842309 0.17824484364915 -0.29201500838521 -0.0566982114817893
-0.49510881199629 0.191845696383708 0.237493867368291 0.126469499048387
-0.161566767516951 0.360825992706852 0.232945707605277 0.131032058155215
0.177564337373702 0.294354792030676 0.318535805468827 -0.0979031199910829
0.328775727395269 0.0165641176352682 0.217581411753175 -0.309150214896212
0.169902554161036 -0.164561956114764 0.0317861963073498 -0.34479133888488
0.0495418200380049 -0.167549932405559 -0.095714941452228 -0.249954334157955
-0.0639979428232011 -0.202790712331686 -0.091704024426396 -0.130712457256891
-0.115658552532168 -0.208973475639666 -0.0571882620844017 -0.0630103256995736
-0.107924376105774 -0.194437412580745 0.024628169917426 0.0329024846567508
-0.0243281487631582 -0.219660317504495 -0.00184643342477046 0.183305346388585
0.115798567613577 -0.243775738538468 -0.103457343637319 0.257026091025697
0.392002622952854 -0.0801700237712412 -0.239639211053333 0.133138344409618
0.272897616952171 0.314116907150253 -0.211868698256777 0.0157137479310935
-0.21160646044554 0.371988061662541 -0.0769483597053205 0.0689844930158724
-0.5263800340339 0.175170377143317 -0.123008537731288 -0.0220643844644189
-0.418527315578422 0.180347272877062 0.398293345101585 0.162472607795702
-0.132520233056997 0.29214479856926 0.376783662163839 0.101974738718555
0.126000355159544 0.244272454516884 0.366913948688532 -0.181002881938514
0.257462914427361 0.0446561981813493 0.199820862086185 -0.364229237215981
0.150994828787366 -0.103537813229081 0.0048326745196073 -0.365310453858863
0.056335793512076 -0.119650038802519 -0.109486513353795 -0.287953494890011
-0.0410972278753571 -0.163196994542669 -0.116001785400351 -0.19583142336009
-0.0878535720035179 -0.174439686124629 -0.089041134085467 -0.13009186339312
-0.0846531794567137 -0.169392309187937 -0.0197153020169556 -0.0239449932498221
-0.00509336458678615 -0.206120056136525 -0.0488268300822282 0.11201530695082
0.144782434527156 -0.210307662292013 -0.118719566688235 0.141274782034127
0.375994181454277 0.00126915953814486 -0.149971737987254 0.0218360265908923
0.185921596710542 0.347275799305515 -0.0582839595727477 0.0284147037846857
-0.257606661034546 0.315313168321213 -0.00898915384155684 0.145475680777003
-0.479937544055783 0.135527940548736 0.024024000457247 -0.00341807021538532
-0.295089110303096 0.145926695929866 0.527366069480593 0.179329862782211
-0.0942351090825742 0.204764226049976 0.475674537825807 0.0420543838607205
0.0738659440642195 0.180757076542752 0.374853668299161 -0.243063504495302
0.173592592634408 0.0564724655597909 0.173024061441458 -0.385050853256121
0.110509675442809 -0.0468111575692582 -0.0126675490878952 -0.369194724039454
0.049974981731911 -0.0621879919277475 -0.115680746586712 -0.314242188511444
-0.0136688589766001 -0.101621811630495 -0.131478610421562 -0.242186264140352
-0.0441594405293113 -0.114334471460105 -0.111034784126277 -0.172185079465872
-0.0447353555105067 -0.115090823651694 -0.0542322110523244 -0.0681215583065138
0.019984580324695 -0.144928175109845 -0.0711655833980176 0.0428406991360725
0.133769326271479 -0.121955706550828 -0.0880356844734597 0.0456689315524933
0.25533185176183 0.0689504525515225 -0.0391956342578776 -0.0132880824232426
0.0611368181744979 0.271377332752551 0.0365180741259161 0.107280246302276
-0.225215161175047 0.175194398104946 -0.0196922475327 0.198130979002823
-0.334741854058701 0.0716588143737635 0.131236114106694 -0.00528235214246613
0.0486247376498856 -0.00854390020009199 -0.21101427968022 0.11971049204081
0.0845332852798936 -0.0661388859120006 0.0183956491365476 -0.0861280611181401
0.0280595903499186 -0.110566836030539 -0.0468493906651283 -0.147512014077944
-0.0742587575464874 -0.0726606925234064 -0.0148148399565787 -0.0292971994188719
-0.0698120990613509 0.0156916531560531 0.0404965009721128 -0.04437243777127
-0.00756697331516803 0.0350293977984913 0.0182079961087335 -0.0114028753679233
0.0156314407122158 0.0288295808660718 0.0373124536313904 0.0936820327869035
0.0105522395421214 0.0212791076746765 0.08711518473978 0.191541597892309
-0.00875465576239879 0.0276197368747196 0.144017818146682 0.256648475125609
-0.0363530209812255 0.00868141668442604 0.125801240566175 0.325308431827163
-0.0575678588642031 -0.0187247069263919 0.0426788878547143 0.380250726481545
-0.0533820025434641 -0.063650634163056 -0.129132819830429 0.390222266738493
-0.00746606816873941 -0.0866383070112496 -0.347070749894796 0.283689430010283
0.0740357117838484 -0.110826609793827 -0.513167646606596 0.0428892350893827
0.147549031146462 -0.0453834027784137 -0.63308013642068 -0.181378047612204
-0.157641761446832 0.0881674855204377 -0.214467316684692 0.0825869227120249
-0.030560660655343 0.131583528412309 -0.00837205135577914 -0.0844901860111204
0.112466120446979 0.0720368776448548 -0.0624763082879817 -0.145274077581696
0.12397799757274 -0.0658397353668371 -0.026277032619129 -0.0386622315237128
0.0103791133566621 -0.104342180329751 0.0362889997681609 -0.0481346590514545
-0.0167834762056337 -0.0665835750035809 0.00931098174079812 -0.0136499270764667
-0.0343943443855568 -0.0559090146768711 0.0356914154298936 0.0910352875236328
-0.0452752022578006 -0.0572281642487586 0.0793105150397197 0.182748996333432
-0.0452646464518702 -0.0436496733380341 0.141734039560607 0.244580113654998
-0.0279952242777554 -0.0546566307368693 0.122949064595459 0.315168954819815
-0.0142717453705263 -0.0667756349308286 0.0504204268716236 0.371647917165587
0.0334768261532404 -0.0702937152732296 -0.120166221126324 0.389789938418844
0.0518923797681514 -0.0212930741006607 -0.34702031169412 0.298717920442621
0.0250640009254441 -0.00902910370400545 -0.493386336961193 0.0837580283963304
-0.0231572328547928 0.0253641087121987 -0.635027630378246 -0.133887923194961
-0.3273176379057 0.161164491185352 -0.161431126865551 0.0499327813240204
-0.113963437078023 0.290502998886099 -0.0397941280293344 -0.0542722353750781
0.181201807589256 0.219512743361216 -0.0370421004708809 -0.0879211280506457
0.282168109823551 -0.0554203259291253 0.0267941572208197 -0.0597685819203632
0.0842886001499969 -0.193375543754637 0.0503896889699937 -0.106889931363214
-0.0130868609043408 -0.149048581505007 -0.0136350521638876 -0.0598127194985366
-0.071726856493402 -0.132423994247993 0.0122182781814456 0.0605950126525929
-0.0930852156871029 -0.126307027584987 0.0573580605463655 0.147725810283572
-0.0788364160158345 -0.107767517954071 0.131524614920617 0.207247460303156
-0.0251695862031963 -0.110453719783145 0.119341907801224 0.29185677384284
0.0192138564598015 -0.116373992237512 0.0513365125806975 0.368744125663207
0.122537573131624 -0.0892586510019921 -0.137554237415184 0.385975069151093
0.127323977921903 0.0428303703820932 -0.359929588394194 0.282034514639881
-0.0175266038533578 0.108372401878969 -0.438605412643146 0.0849579530061014
-0.193113057349029 0.103202691063137 -0.569753726703423 -0.0922575924491666
-0.438311618916956 0.204719846857717 -0.0632101851047382 0.0456158737632135
-0.148342633487299 0.380558465750677 -0.0227525471211845 0.020838916988366
0.227339521628266 0.294098513614403 0.0608478174132458 -0.0309314056890099
0.363505903206512 -0.0522499595103816 0.114629921680826 -0.121300127243098
0.130580698599471 -0.23355639459367 0.0576930296170756 -0.200405956415687
0.000277136545033848 -0.194205618668427 -0.0471166801482611 -0.126908304203054
-0.0897629362449354 -0.185857445380798 -0.024363271869263 0.00841172080893894
-0.126848838116912 -0.176949671367245 0.0245137366497181 0.0902084096040577
-0.105963067761172 -0.155219810972445 0.109664245244865 0.151891704282041
-0.0311751052812225 -0.15781608998511 0.103821504835337 0.262890133298781
0.0419267825068882 -0.169794164396941 0.028974183790747 0.364896907512013
0.214135604952422 -0.11974116636566 -0.181767053204995 0.358730396266193
0.213644727094145 0.113197419775159 -0.367873544852047 0.218335181982587
-0.0593829713573021 0.233193983314968 -0.340506739122685 0.058345045988016
-0.34505419541515 0.170485044153365 -0.447638223196422 -0.0582261387372702
-0.485552520863514 0.223394528148205 0.0740874827521699 0.0709481002838036
-0.151025510209264 0.398898329570032 0.0789580171265505 0.0962800877598548
0.231155868328969 0.30339404534757 0.197876560982124 -0.0383644432393538
0.370261806185437 -0.0383685744783401 0.180268861102415 -0.221013497169251
0.153521028111986 -0.22242879832983 0.0404575775059862 -0.288260099395611
0.020934396139428 -0.198648190300487 -0.0832732828578941 -0.190388565903536
-0.0899953655067383 -0.207993426603003 -0.0643162985594847 -0.0555043306184044
-0.14089491378372 -0.202099240169534 -0.0180219092901121 0.0180858576856927
-0.122018869899978 -0.182734199327935 0.0728297773893418 0.0904640188077103
-0.03918383600468 -0.19486579591239 0.0671124619549574 0.228982657204772
0.0638534073895287 -0.223184219322108 -0.0239108320740376 0.337330901826238
0.309242126291457 -0.137999439710004 -0.229049579842988 0.276997093107996
0.285432058729862 0.200182933791672 -0.325179541872769 0.114461141602906
-0.114851182891185 0.33876965663654 -0.200864175621939 0.0407172100191468
-0.45632128871744 0.212277777916839 -0.286741612314898 -0.0316449075213351
-0.471064910152115 0.227398469533057 0.237802261581947 0.105929797680466
-0.136186178750993 0.364596668451855 0.231234360814584 0.11713654546466
0.195791567223527 0.277541867130295 0.301056236119378 -0.112622036794887
0.32661641781036 -0.00683873594796748 0.192383789602156 -0.315374927499191
0.158571153769457 -0.174357707700055 0.00811588261013682 -0.340295670101417
0.0411847857554948 -0.171712903324853 -0.112162518040907 -0.239070366428908
-0.075163358771411 -0.197869326926619 -0.10181834304922 -0.123176413616974
-0.131284932214854 -0.198734413385431 -0.0614663269433494 -0.0569790319703373
-0.119696230833947 -0.186757508746221 0.0252102494953947 0.030205109033049
-0.0372625174635703 -0.215714014197274 0.0133033369295419 0.180492980454919
0.0979408558980315 -0.24944436120269 -0.0844567317266616 0.261465922344492
0.379403716633321 -0.107627941501094 -0.226679161144585 0.147170009686795
0.29191910480543 0.289902744247369 -0.206006578315339 0.0269605451763213
-0.183904506121295 0.38389930474511 -0.0622837248108746 0.0702361053855015
-0.503285818779764 0.21222626701011 -0.116770640973967 -0.0113439729959017
-0.395907697963434 0.209525394131181 0.40004095227117 0.128791472456067
-0.111363014518533 0.29569644021574 0.371148551826012 0.0764913843168791
0.142182050496281 0.231375258854852 0.342391133481091 -0.197668759157414
0.259463956002586 0.0244233564745341 0.169361188587176 -0.3671335447338
0.14443903394416 -0.113595607637478 -0.0186856517833246 -0.357756347385755
0.0517470088574066 -0.125426534317507 -0.128109266572047 -0.274999967762424
-0.050454253483137 -0.159498983593133 -0.130252622445686 -0.185830935638644
-0.101120413374091 -0.166721859593819 -0.0989267417071747 -0.121930353457012
-0.0953436845901353 -0.163883948186758 -0.0212441978139581 -0.0232466384819585
-0.0177819549713007 -0.20380740698992 -0.0372010166767713 0.115128134881293
0.128702439694329 -0.218127566320475 -0.10828894062853 0.149224081697702
0.370338155150236 -0.0273601244396777 -0.148396017490878 0.0313399790910284
0.209137077708167 0.328434882583142 -0.0531085487339659 0.0262675949716441
-0.233417809452084 0.331665048210201 0.0118492531284914 0.139815131675446
-0.4595662462645 0.171882054176404 0.0307727813441222 -0.00378728000229853
-0.277573472223335 0.167764391243124 0.52916735413775 0.135371963623696
-0.0780291445092824 0.206897518704981 0.464715900988742 0.0105362394334397
0.0861757064084014 0.172310544780788 0.345383343734232 -0.258900456210058
0.176224281530038 0.0412538111669126 0.14366374802483 -0.38594066123338
0.107819397890533 -0.0547804265792639 -0.0352005934902137 -0.360794521492863
0.0484338711320341 -0.066462287909834 -0.135658341329557 -0.301099778319263
-0.0193453756120778 -0.0999398042534475 -0.148728335275566 -0.231291753175049
-0.0535112817077471 -0.109923573073781 -0.122347155987643 -0.164494400843903
-0.0519146826345143 -0.111754057873394 -0.0565815277767884 -0.0647543891024195
0.00974859221829405 -0.145109276742231 -0.0629549019164064 0.0485903998242561
0.124044580154016 -0.130725451926879 -0.0840046425337935 0.0522902083162403
0.256053030853304 0.0476487489969019 -0.0421082792821311 -0.0126154435169919
0.081829811785454 0.263222293544475 0.0460061416601344 0.0953093959628118
-0.211669669245791 0.191412545353238 0.00701177031745954 0.192137902513461
-0.322265264149305 0.0988048042346063 0.137209466796471 -0.0136621789582407
0.0449531988549966 -0.00947350536668511 -0.183710454472158 0.154461701114997
0.0658041238532477 -0.0767997224102877 -0.00398201750962147 -0.0805749041190366
0.00462257357095233 -0.108253103424166 -0.0690025054215701 -0.129978337435542
-0.083153223708634 -0.0539613858389222 -0.0175076206034889 -0.0279366815263519
-0.0633909495917141 0.0267876564134107 0.0276085653657048 -0.0517768354833854
-0.00295969505936905 0.0344090536355671 0.0121471591554786 -0.0142206648263403
0.0197722481128725 0.0241516953029395 0.0510969541937498 0.0893307071487201
0.0148600951172478 0.0181772472561988 0.117871131879155 0.175148469048082
-0.00180881669019967 0.0269943289384501 0.185483741035454 0.227716721253274
-0.0323300861127661 0.0157073927438854 0.179930298966666 0.292657058318739
-0.0562997988039275 -0.00763539135820091 0.107552160744753 0.358894815115203
-0.0634620266349879 -0.0482721370951348 -0.0556875036869651 0.391561815446801
-0.0212044297377222 -0.0799835286352015 -0.278838082982545 0.329070689938703
0.0452348467698057 -0.116737411677633 -0.47276141841958 0.134763260915103
0.126415392801538 -0.0627870336080402 -0.631678830636893 -0.0670376280365853
-0.135986192628445 0.10937328929064 -0.203904065288895 0.123493671530557
-0.0120687991459641 0.12667865932904 -0.035291359119663 -0.0668487668371025
0.110754215316576 0.0508005826627241 -0.0816436582948305 -0.11099170508592
0.103229754875904 -0.0804981214483983 -0.0183073078252991 -0.0272389389331185
-0.00565597044538809 -0.0980070886027729 0.0288352646665933 -0.0615808198584159
-0.025114496489341 -0.0620958654799134 0.00258493917230611 -0.0191176103107409
-0.0401320886078005 -0.0496455386394484 0.047516375915299 0.0821256248760492
-0.0500496671330437 -0.0491380428325117 0.108744595029558 0.166828659761264
-0.0476622012946706 -0.0373380542532801 0.18157124663896 0.217031586958334
-0.0328967110384404 -0.0481719192869907 0.176961582940481 0.284359718138279
-0.0201230200178577 -0.0595419119960829 0.113831435386351 0.348675703951634
0.0213568801651872 -0.0664435949335094 -0.050430098871439 0.390256467578074
0.0435625764141233 -0.0246137180006338 -0.276426115190787 0.34482595261485
0.0118980922115628 -0.0113931077789982 -0.448094333631684 0.167157689438803
-0.027974891926826 0.0300375769240826 -0.624726339242283 -0.0233012189244717
-0.285479015179461 0.200050909531102 -0.167092064604493 0.0855060953847323
-0.0659263048047554 0.289605258761197 -0.0627830928636174 -0.0259977368183796
0.198565458120139 0.178093716369462 -0.0446959127346035 -0.04970647341088
0.252589241366166 -0.098892126365371 0.0385694232485096 -0.0504890411202652
0.0493137044458336 -0.193670691431241 0.0373463171268955 -0.125713692025526
-0.0333365012765794 -0.141609311533375 -0.0268233876954703 -0.0629863302264946
-0.086921109536098 -0.116730413452153 0.0199290729939361 0.0507342740314608
-0.106302538026829 -0.109228815371792 0.08210396802515 0.1352962604529
-0.0898162612825397 -0.0943793673419798 0.165700748293264 0.181039764562382
-0.0379222897003263 -0.103372336449931 0.170429760823807 0.26175089057413
0.00695031158131024 -0.111714922860738 0.1143544671746 0.34599288558472
0.103853495284947 -0.0980483354031582 -0.0674032361613432 0.393256482241713
0.122347703852548 0.0269907064951073 -0.291481989577575 0.333988748118439
-0.0105931771556516 0.107313414945924 -0.396292083216371 0.156292734982289
-0.179383030390425 0.128530148903025 -0.554105417072808 0.00444587144620894
-0.382357113231075 0.254610633129819 -0.0794822344447425 0.0640530114602062
-0.0837852982178828 0.378950487243265 -0.033287498457656 0.0458287804179147
0.253838702752877 0.239438921241346 0.0612987427859981 -0.00690713515828122
0.329476818451961 -0.111319797681042 0.116936319645261 -0.121913803268891
0.0859546199453904 -0.240320111302379 0.030397371261871 -0.218484055415316
-0.0270389895626344 -0.187171917962505 -0.0692015452289173 -0.124692783065232
-0.112784772398013 -0.165138059740997 -0.0235893943863087 0.00240731949264343
-0.146192195422364 -0.152575517944312 0.0397236391410118 0.0837941615254683
-0.123586390565953 -0.136888128885738 0.136390775771369 0.131354854933368
-0.0495334401379575 -0.148277395830822 0.152278408541597 0.236337546963678
0.0225095476427411 -0.165785409055686 0.0917397326256678 0.347011786746109
0.186808100682106 -0.141321622671895 -0.115884508361084 0.376928177528468
0.213563375213263 0.0817680762748273 -0.310726200241403 0.277367895472763
-0.030717102276417 0.232366768775225 -0.309989373351032 0.110596951078215
-0.313690565266035 0.214078445023731 -0.43375706769024 0.0142649316731468
-0.42321883218751 0.278981439447041 0.055361187386045 0.0631702031331163
-0.0817525972869793 0.396556375305819 0.0797590592036777 0.100464749839551
0.259953126783902 0.247183191235349 0.191483109848012 -0.0393552691108905
0.336591588132999 -0.100727152453771 0.162527461377541 -0.229040715939674
0.108597445179452 -0.233727970590771 0.00072402962210466 -0.299484826408964
-0.00740941031758621 -0.195265798643627 -0.113258699552383 -0.179991367936954
-0.117387571516225 -0.186014013329491 -0.0730383725472506 -0.0552366847484749
-0.163734859496585 -0.175112388537527 -0.013087810626861 0.0186891712252119
-0.143718465697062 -0.161067577506599 0.0901325923567929 0.077323760197316
-0.0631107408909035 -0.182496056512466 0.112071975318564 0.209471281142836
0.036700487124287 -0.218743303917967 0.0374861146761103 0.330481491294536
0.274243988743629 -0.174298513264198 -0.176300448142156 0.309353050600585
0.29221534219519 0.151743876432091 -0.28929940459437 0.171813708168956
-0.0644052337153989 0.34218345482113 -0.181823707476052 0.0638171113206996
-0.413746201765512 0.270549879564489 -0.274716376355033 0.011947419870362
-0.405135930562363 0.27707480078371 0.219406303895527 0.0652740221441533
-0.0722431663990784 0.359104319658599 0.232595362290984 0.0892669150804398
0.22358230477929 0.225097147589262 0.275098342621288 -0.130767261268318
0.300073752013816 -0.0665115804867281 0.152488998437677 -0.320702132208491
0.118892351757618 -0.19079754397445 -0.0379278697336771 -0.339939893234737
0.0144943556598977 -0.172912253939703 -0.146988367670304 -0.221071129963707
-0.102805177413468 -0.178020009602119 -0.119966047156276 -0.115508382508031
-0.156187476660198 -0.172684910179243 -0.0687694986369939 -0.047406276002107
-0.141918518813996 -0.164548039303791 0.0341862826090053 0.0258446222307247
-0.0648753634408031 -0.203203787160455 0.0538189012978601 0.173451366011686
0.0642074877752883 -0.248045269699727 -0.0335623371749029 0.269061640488596
0.346946133837603 -0.158368280491485 -0.19959582007229 0.185332507328316
0.313755630779461 0.235184984557688 -0.192768194223817 0.0665250838624725
-0.120669504095771 0.396731955774939 -0.0432327893183806 0.0644160897936281
-0.454109866223448 0.277498488147027 -0.10793490445427 0.00296030438445661
-0.33393034020978 0.249654880988628 0.382343429435807 0.055791655731997
-0.05831963958773 0.288088121136704 0.360997601741992 0.0217885973280915
0.165669307634486 0.189372732615294 0.296276571316644 -0.225310603460162
0.240568869543497 -0.0266193583845072 0.116623294076072 -0.369095381890008
0.113767624961797 -0.130856846517188 -0.0666237893960955 -0.34836989278349
0.0311409009813316 -0.129532179068767 -0.167853930621837 -0.251444918281186
-0.0732056585275181 -0.144795846562164 -0.157808182618104 -0.17003722470898
-0.122365187409752 -0.1458650501815 -0.115455977404411 -0.103907046458091
-0.115529922282418 -0.145286174424914 -0.0202505745578861 -0.0191947756359357
-0.0454945799171229 -0.193273273473856 -0.00594114914294238 0.119058288256644
0.0956383978031638 -0.224250704251732 -0.0779687276000916 0.165748436086102
0.350577070841887 -0.0818258692739565 -0.14567215419719 0.0586637390435993
0.24255136395699 0.282654253351286 -0.0479633896030059 0.0354230353389114
-0.174420549858359 0.356015560469357 0.0430827532177189 0.116897518184032
-0.416675326490938 0.230833054749604 0.0354443931923074 -0.0142641206027688
-0.226646900069744 0.192171199345481 0.512650527173737 0.0370737235580374
-0.040727903497932 0.197654584442963 0.44131542444355 -0.0634146012692577
0.105043651098266 0.140897628980129 0.286040945461245 -0.289182014651839
0.164650381457244 0.00312612885185109 0.0837423115497411 -0.383636283780861
0.0875721382414772 -0.0695338851553176 -0.0859727884919664 -0.344403579201204
0.03588118662925 -0.0721495291816375 -0.178677569501764 -0.272334705720534
-0.0349792524579575 -0.0920948891817965 -0.183493398463134 -0.209683684757267
-0.0688968256236369 -0.0983213503063664 -0.146492233885601 -0.141604184356876
-0.0662515625320259 -0.101582902627842 -0.0627242370568643 -0.0536697548392621
-0.0124095356291815 -0.141376666316817 -0.0441329865968725 0.0601434687097137
0.10162250739578 -0.14081288472726 -0.0728177715735906 0.0684730187468504
0.253543263323007 0.00584028438285741 -0.0513878942665576 -0.00516498550320307
0.113888804189641 0.238093382238456 0.0600677557827146 0.0795472702731025
-0.175170753855159 0.219845197938553 0.0513914337885246 0.170506654052123
-0.292713088782664 0.141611763531588 0.136727547375069 -0.0393044760399609
0.0468259711764249 -0.00955810414808297 -0.186475837698286 0.15461114924445
0.0632552474114944 -0.076875150532124 -0.01248438518041 -0.0719633332602579
0.0021850269145464 -0.106317665446709 -0.0693811476281695 -0.118329383251735
-0.0833042198132227 -0.0505236303691147 -0.0127423633585477 -0.0232109221773867
-0.0610218040812864 0.0287599855045808 0.0271961245925034 -0.0534975639044449
-0.00314442687910449 0.033929616092543 0.00817841363353973 -0.0147686952311663
0.0196441100280931 0.0224881861403615 0.0499683882110979 0.089561769672352
0.0148036379425302 0.0169677293903691 0.119117982294323 0.176103726285703
-0.000799676760504761 0.0260405050929476 0.1836818820386 0.227354621516334
-0.0321638444822061 0.0159400076880063 0.176278204836548 0.289152371769953
-0.0573731259254733 -0.00668533271234476 0.105284891662126 0.351381357131332
-0.0622558842171629 -0.0474424439637571 -0.0561140476981258 0.379890532565698
-0.0194989957141263 -0.0798060700664656 -0.272222019705381 0.318772206560929
0.0429756107912795 -0.112495881200643 -0.459028466895023 0.131275525504012
0.123542479656761 -0.0610154578584694 -0.617652712975003 -0.0614053950000234
-0.131052295817646 0.107182819452941 -0.207172390351859 0.12445264297757
-0.0135699431684461 0.124196729808444 -0.0428835485924333 -0.0579533889324297
0.107870411172795 0.0492012705219254 -0.0821110364600828 -0.0990030709289704
0.100260133243477 -0.0783521393395586 -0.0141671666783904 -0.0221223982351568
-0.00504148779426722 -0.0945058666024734 0.0287504419272566 -0.0629520235112271
-0.024376503337224 -0.0610414979421511 -0.000986982536836055 -0.0198830235604104
-0.0392871157682369 -0.0500774713613649 0.0454287426229688 0.0823261667772823
-0.0504235925935438 -0.0493692341828432 0.109635868794532 0.167659381663722
-0.0466747888845325 -0.0380433135142993 0.179730487131086 0.216167047107127
-0.0320677515084609 -0.0482877275339638 0.173384198781591 0.280235114824473
-0.0205134901191775 -0.0593212053532634 0.109822636349822 0.342611029753458
0.0222008897535564 -0.0650854322782146 -0.0506757279513592 0.37904439487136
0.0431566106123213 -0.0244070167458514 -0.26885711879728 0.334348143647628
0.00860751679302373 -0.00873061556157829 -0.433895781602262 0.162765346794602
-0.0268412808253177 0.0299855516651462 -0.610198299069605 -0.0172463835107004
-0.277450699435766 0.197576044193014 -0.171270310587769 0.0866269167089915
-0.0661045740247047 0.28466833461118 -0.0692903490751478 -0.0181454737969728
0.194173720073652 0.174900757917059 -0.0457005251016293 -0.0384595113015643
0.247074506664731 -0.0975506534846571 0.0414059963660547 -0.0459984929224407
0.0496137977675246 -0.189310821060072 0.0370747734835639 -0.125940908712484
-0.0319439123477749 -0.140838292600828 -0.0297493935930499 -0.0627884433805669
-0.0855205547190254 -0.117433564504387 0.0172255134616658 0.0506778949466948
-0.106505968394984 -0.108316776518471 0.0828309639452866 0.136359565523508
-0.0887100456382501 -0.0952532378309833 0.164254219130551 0.180979064576063
-0.0362291989273539 -0.104328630575503 0.167628474687596 0.25845731243823
0.00748792274249277 -0.11055102118869 0.11012296623104 0.339374901306702
0.104355493389522 -0.0958701788627714 -0.0675765933387449 0.381991951974813
0.120444260676475 0.0276113391045153 -0.283539387625748 0.325506533614284
-0.0140671832052164 0.108102981984584 -0.38351199896797 0.150636764634239
-0.174768789626386 0.126348455507688 -0.544076312105087 0.00835468066004142
-0.371914506148783 0.251356868010544 -0.0836214871982826 0.0646383793294378
-0.0841020209398104 0.373203301853711 -0.0380358337241845 0.0522596388313931
0.249708967307627 0.236578285112863 0.0591849451416308 0.00184748931262598
0.324041825944874 -0.110693218866943 0.116621935267477 -0.117272283425582
0.0860485388063879 -0.236120212181417 0.0299202957367085 -0.216670704483852
-0.0245879292515287 -0.186273212806312 -0.0706273949174831 -0.122884093292383
-0.111180584647618 -0.165157812011341 -0.0256948389159248 0.00320615075367994
-0.146308803718718 -0.150989918280603 0.0404714606522916 0.0847198939524476
-0.121592229838356 -0.136757770626966 0.133548609889962 0.130163394498523
-0.0466699366454739 -0.149146559720376 0.149322072379777 0.232074569495761
0.0241205186546965 -0.164357102764468 0.0895203232638465 0.339602813206648
0.185668166280296 -0.137863425198047 -0.11433110314212 0.367255160507563
0.20958876003819 0.080625988054918 -0.301909504258967 0.270362947859054
-0.0339730723569209 0.231274446752096 -0.298243176701192 0.105059010080413
-0.306259882766589 0.21098287696426 -0.423040455968601 0.0178634516430398
-0.412197014520717 0.27477334832235 0.0487291844256447 0.062484200119286
-0.0829102927560208 0.388720427516754 0.0742699220210637 0.104520065350009
0.255763835155356 0.242952591410354 0.186850420369991 -0.0311806310492367
0.331574823782059 -0.100159645744713 0.159844101812867 -0.221761949037749
0.108762523901309 -0.230758405077373 0.00104391505701306 -0.294253566335405
-0.00541379291530672 -0.196383038170361 -0.112714797521638 -0.176724608438193
-0.115181503321306 -0.186259258650493 -0.0746113821453186 -0.0536058290921987
-0.164037722946694 -0.172888594072911 -0.0129692872829352 0.0197586863669585
-0.142590749882046 -0.160857841623048 0.0881270379368361 0.07626600938076
-0.0593996546925947 -0.182989202907756 0.11143676987605 0.205591925366602
0.036908949456476 -0.216783865337345 0.0379230478733619 0.324696969862626
0.270339416979512 -0.171459582431316 -0.17349137056181 0.302774440704643
0.287529639189524 0.148989483927263 -0.282300350620298 0.168264865225493
-0.0658016863212817 0.339460301331358 -0.17151925760777 0.0591602416057312
-0.403615667658167 0.26620221513913 -0.265693245742084 0.0140399651918177
-0.395536098849758 0.273851157564956 0.211951682187957 0.0634677999934221
-0.0736558148363498 0.352328101084577 0.225382180347603 0.0933034991860354
0.219997828595465 0.22256875308571 0.267981884272371 -0.122324853135513
0.296282590378608 -0.0667656071868245 0.150044936737269 -0.312159533595192
0.119656620573407 -0.18792560492 -0.0359426627798968 -0.334082631925199
0.0172779197822933 -0.175009075121342 -0.144965595057226 -0.217947197337079
-0.100883996627542 -0.178675890445484 -0.120738836567103 -0.113256551261966
-0.156067106056821 -0.170433728383351 -0.0686605229125107 -0.0463783868904227
-0.140025708555209 -0.164878174789502 0.0332196674083327 0.0245923184509189
-0.0624082710244128 -0.201853801893442 0.0556049171390254 0.169792758272277
0.0634846128249749 -0.245642860506583 -0.0317034227537414 0.265510107172385
0.34151492117818 -0.157105806150535 -0.196510676201159 0.181154321015593
0.309412711181229 0.229604669024931 -0.18866255731677 0.0637751993137118
-0.120739567806414 0.394107586116031 -0.0343001132898526 0.0575929445375866
-0.443456165003896 0.274404771568996 -0.101127445633089 0.00312824587119341
-0.324580905816092 0.246879343924157 0.372582987041254 0.0533865221004466
-0.0600878064056731 0.282218184259452 0.352310440462936 0.0247820936065466
0.16409184085855 0.186782915233409 0.288028089793139 -0.21454632879246
0.238428979476792 -0.0276714432153532 0.115500733905103 -0.358054546858774
0.114859298212262 -0.130731958382987 -0.063986640505087 -0.341825716895864
0.0328525138171549 -0.132308937640265 -0.16364306353444 -0.247637244896622
-0.0714492819361716 -0.144781596821471 -0.157792518473554 -0.168075259089773
-0.122531930661213 -0.143924453335196 -0.11620571916258 -0.102964732984822
-0.113704231315267 -0.145073119698317 -0.019873100441724 -0.0203477896493298
-0.0441989012816607 -0.191995883020348 -0.00241905866128605 0.116689216908613
0.0936293245128158 -0.222171203879966 -0.0759040979892536 0.165202620742094
0.345142400947899 -0.0830661431209595 -0.145772619542032 0.0569377041985827
0.241440344796259 0.276732569307778 -0.0472897625898719 0.0303086245248899
-0.173205604790356 0.353575078115651 0.0514340033081894 0.108887910963801
-0.406086200046593 0.230326673632111 0.0417924514235027 -0.0150964591621613
-0.218432832314068 0.191200091319389 0.502176916490997 0.0351975245239636
-0.0414264431629167 0.193320338377638 0.429701893723161 -0.0601650910743821
0.103991709565445 0.138048378568024 0.277138753383259 -0.27827561660395
0.162881487282469 0.00116853788933571 0.0828879891570602 -0.372899525785033
0.0881233854331881 -0.069465002788727 -0.0812598914721876 -0.338831709210199
0.0380204816212135 -0.0734657710054613 -0.175349193394151 -0.268574415674175
-0.0339418219725636 -0.0919005143552888 -0.182975469392745 -0.206655491572635
-0.069503280120662 -0.0967577070811796 -0.146179417667529 -0.140897442468611
-0.0662031461525759 -0.101959558637761 -0.0602669587183812 -0.0547190599097829
-0.0115199383844392 -0.140440759492913 -0.0384838879975686 0.0591620827578556
0.0991624650468451 -0.140105141743609 -0.0719497464349292 0.0694906862282617
0.250665066884021 0.00413867874407173 -0.0536549646025536 -0.00645002132066732
0.114663630131352 0.23339286316284 0.0595038638754818 0.0713834126485894
-0.173420108400451 0.218982330265489 0.0614276564365584 0.161184210444525
-0.285002780405049 0.142025944825472 0.142128817141633 -0.0401318274737048
0.0508080568303981 -0.00988143453991414 -0.1982223499467 0.157677357071438
0.0646261583121369 -0.0792559639260356 -0.0209992159494338 -0.0657439419359528
0.00197915825242874 -0.108538363399514 -0.0696696197649323 -0.111804072421045
-0.0850401675094349 -0.0505479337669779 -0.00759775332629985 -0.0197776091648591
-0.0615193655402945 0.0304571520021582 0.0284808220388572 -0.0563228274261409
-0.00384253995161525 0.034737965293711 0.00452553297781488 -0.0158163801263179
0.0193530337891981 0.0223456396559361 0.0488691903052397 0.0935850872772542
0.0148396236831413 0.0166930265388915 0.122500351285423 0.184395997509324
-0.000482589017991459 0.0258683241049765 0.185354827139022 0.237774561804219
-0.0336599108629014 0.0157935905548425 0.175219791320554 0.299459960158122
-0.0597202443460688 -0.00665503663538279 0.100290360909211 0.359028920819689
-0.0633172400517119 -0.0495937818692253 -0.0662239201659935 0.38267003168896
-0.0183940038325947 -0.0823508744631919 -0.278844901800065 0.316655678902494
0.0442936861225447 -0.112534137411113 -0.463226365285249 0.125669183098092
0.127406163421266 -0.0590509219399335 -0.625125541092864 -0.0656023352957668
-0.131860033201349 0.106616379215629 -0.219141856560739 0.126251296824388
-0.0159098740333671 0.125636690362292 -0.0512388382470621 -0.0520386224911221
0.107473382767143 0.0510765777880975 -0.0830737595225904 -0.0921517374338173
0.102286755428611 -0.07726269926142 -0.0100842845101193 -0.0189155648898684
-0.0025014448838466 -0.0944888349133189 0.0302596105405385 -0.0661361493520622
-0.0240330338753233 -0.0634158077190867 -0.00490277099547925 -0.0211757712046697
-0.0399374588694343 -0.0539790070324542 0.043655563489454 0.0859021661213229
-0.0516684081064428 -0.051888818884355 0.112822893395053 0.175627507547555
-0.0470692552340784 -0.0417340030107338 0.181477985899887 0.22603492921049
-0.031740989047464 -0.0512825605002509 0.173294359092876 0.290039294312409
-0.0201245199048586 -0.0601130497401268 0.105260354316437 0.349258557947379
0.0250536562170827 -0.0660613451356159 -0.0599503663773881 0.381690127638702
0.0449325326348121 -0.0238066908572536 -0.2748488454164 0.334127418642055
0.00638272145183641 -0.00575789325579148 -0.438420637074233 0.156963916024838
-0.0267392902148852 0.0302695439486938 -0.619884311627693 -0.020922661240171
-0.282782215298079 0.197346982687046 -0.182687875685061 0.0871193398695138
-0.0727151234997427 0.288134889508192 -0.0770639100906355 -0.012097393503903
0.195246237093626 0.180234121781918 -0.0475479172592616 -0.0305390234272693
0.253553094334603 -0.0967157228331523 0.0457496939756408 -0.0423044839954298
0.0541834668565536 -0.191357433729901 0.0387558499302746 -0.130025187560337
-0.0295068327787736 -0.145627490158114 -0.0335365399784357 -0.0649507800883744
-0.0865060182352748 -0.123325220138078 0.0148010630433584 0.0537685886808167
-0.108656983949538 -0.112936953781606 0.084294450132389 0.142719570229079
-0.0892112273323522 -0.101215115127075 0.164861620131865 0.18854911702114
-0.0346564914162235 -0.109468481957665 0.166709425519633 0.266059225420554
0.0103444753198848 -0.113223188308478 0.105825033515159 0.346555044342261
0.109490497065881 -0.095906292186925 -0.0752316254350167 0.384223917277992
0.122662763568404 0.0301722295946544 -0.29042217607747 0.325161233231646
-0.019281126687469 0.113080716553354 -0.386510657681673 0.145136315946495
-0.178765012696094 0.126342463024329 -0.550510671341408 0.00485635068783746
-0.379028841156787 0.251672037619174 -0.0924174494286544 0.0663509355810327
-0.0932027751535117 0.378205891198637 -0.0449563662678507 0.0595045508615978
0.250286858949937 0.243893841710427 0.0591619515763465 0.0114435348260839
0.331968220992266 -0.108911083879415 0.123122942714716 -0.114510034154504
0.0931147460499654 -0.238810440188294 0.0329379367091112 -0.222364965862762
-0.0210832183520019 -0.194037302786422 -0.0734759104037158 -0.125764579775009
-0.11153258651162 -0.173024956437773 -0.0288853450889062 0.00411994262732873
-0.150050565251005 -0.156941585036966 0.0410591321624967 0.0886853323145888
-0.122605938200109 -0.145013596006006 0.13423653882622 0.135091840730179
-0.0441420959622075 -0.155787241770913 0.148741895063954 0.238975347898889
0.02729890722106 -0.167603997825362 0.0863310348399113 0.345881391866785
0.19337750815715 -0.137934244791803 -0.122080644471233 0.370061860744042
0.212124827548037 0.0858150167936235 -0.307621275523103 0.270411078565632
-0.0416775246611992 0.238439902270724 -0.298814147699832 0.099732653490839
-0.313243657143159 0.211558101482043 -0.426567400016691 0.015730595693874
-0.418788232840643 0.275078823284072 0.044647984582952 0.0643299957575312
-0.0919814060290679 0.394542767293751 0.0704545382070654 0.113314420072939
0.256803051198466 0.25188731690757 0.189603485443294 -0.0215239679641212
0.340574401632946 -0.0989737023093765 0.166516846019039 -0.221028468765822
0.116768753117922 -0.233757301361398 0.00543362580962767 -0.301075952786857
-0.000127960460077235 -0.204582716653423 -0.114216951893875 -0.18221080864893
-0.115340336180158 -0.194551029749967 -0.0776313371355827 -0.0549280822151758
-0.168091272416313 -0.179314544571762 -0.0133268042897499 0.0210135240174491
-0.142580561399548 -0.169457510680046 0.0881411923238605 0.0784313161382186
-0.0566069023686541 -0.190688325525687 0.112199281547038 0.210370602032014
0.0416767462761391 -0.220783781652818 0.0353173796958335 0.329777301973295
0.279471075306071 -0.171619022519905 -0.180921286754382 0.304690867742011
0.291404772511049 0.155557170970363 -0.287991239294114 0.167105448112
-0.0752287913399385 0.348597144692866 -0.168594417649737 0.0535268595050432
-0.411764988373205 0.266169809559857 -0.266368991325978 0.0115530643364744
-0.401836187508318 0.274542095093585 0.210920144769667 0.0669088315795482
-0.0829824561350023 0.358166025827524 0.225746504183989 0.102406524217722
0.220621455620995 0.230395611058554 0.273350125623488 -0.114308632730225
0.304523376318395 -0.0642613672846999 0.157019958691335 -0.312093932543719
0.128559240556415 -0.191813994047157 -0.0308466729843829 -0.342215922225096
0.0224631522413917 -0.183577269039373 -0.144518983846449 -0.224506517028533
-0.10020426874132 -0.186718362361667 -0.123568810476086 -0.116848524132983
-0.159135871565635 -0.176370617135324 -0.0706123621306706 -0.0488037882419666
-0.141252526285707 -0.172684838948836 0.0335495211274674 0.0244036145742117
-0.0585810023771797 -0.209507491622513 0.0564741881722059 0.172620968400638
0.0671354436503931 -0.2500585709383 -0.035165534128881 0.27040698945282
0.350914370160998 -0.156477265820773 -0.204180688421332 0.181232970643888
0.313547314290176 0.23706633859627 -0.191937150036342 0.0611804306548858
-0.130441302921911 0.402200374031567 -0.0276018496071422 0.052841064383115
-0.451850028432538 0.274846701630402 -0.0975656143098065 0.00141579837666202
-0.330554785605626 0.248133931069746 0.376315589296029 0.0578562842846617
-0.0670310155260924 0.286406451487314 0.355416858074949 0.0337075719551311
0.164622365934692 0.193049082087657 0.294709301962695 -0.207763821819903
0.245206217101222 -0.025604183790462 0.122341345542273 -0.359149352208948
0.121632596419047 -0.133727621848995 -0.0576532539220352 -0.35033549882998
0.0374934572855513 -0.138545447873592 -0.162434964889376 -0.254829522016585
-0.070974181637665 -0.151662858188834 -0.160646856691914 -0.173671541393627
-0.125713995383781 -0.149056161407302 -0.119050961098736 -0.107542168608174
-0.115035422076307 -0.152120034219458 -0.0197882509734974 -0.0234994071094154
-0.0414567634492198 -0.198647780705349 -6.52047924297556E-05 0.118681779276829
0.0978506449135248 -0.226063891976515 -0.0792404712496263 0.168571508175264
0.354115398051582 -0.0820132604337324 -0.15161848470902 0.0549297139692399
0.244148114794449 0.283996920338576 -0.0477531508389584 0.027277954119178
-0.181783437634115 0.362612364915277 0.060741561321146 0.105043329051761
-0.412186068366722 0.230966743674842 0.0493454976853412 -0.0163231778422685
-0.221091654712211 0.192224432446933 0.508361372752381 0.0402998055258316
-0.0457649994500678 0.196393324919038 0.435489012086022 -0.0518378567775221
0.104338685339535 0.14259586587764 0.284486514834315 -0.27312578356031
0.166922434666449 0.0021886293975129 0.0906028787712877 -0.374921967891051
0.0928147779891304 -0.0706905409587937 -0.0746220869001744 -0.346801662746835
0.0420736297424483 -0.0780553985704504 -0.173310936694066 -0.276574179406127
-0.0320786860702743 -0.0965039080859368 -0.186626395321275 -0.213682350342824
-0.0712007298391062 -0.100465569790315 -0.149700241274271 -0.147766916468836
-0.06641336928517 -0.106096661279614 -0.0602171527328582 -0.0593469767406665
-0.00978154356857223 -0.144305547687364 -0.03554238844571 0.0587354402287413
0.10302025274429 -0.142869813630767 -0.0741871497005643 0.0714837016992493
0.256654512898439 0.0054051079936934 -0.0576603583453008 -0.00933841886051829
0.116156244618492 0.238033336157566 0.0605016065886819 0.0674352510482525
-0.180860220368493 0.224931217205482 0.0709548384965781 0.158171689153174
-0.288960378668355 0.142620831049909 0.152807830130581 -0.0417194042004642
0.0561084563058629 -0.0126442997898631 -0.215693331782344 0.169647896885342
0.06640132275988 -0.0859714951230503 -0.0312839711781403 -0.0618900377771307
-6.63662212263476E-05 -0.115459675184082 -0.0742638657575122 -0.108435981588862
-0.0917766093298639 -0.0513528806025738 -0.00219150762376917 -0.0170604385456274
-0.0634780399086705 0.0340722410675287 0.0300256352242264 -0.06293806557445
-0.00451020873639854 0.037366404192172 -0.000235088574108227 -0.0169779989985415
0.0204743734672694 0.0223385632076379 0.0504703581228498 0.100812067582356
0.0152645649708319 0.0160039157528038 0.132977502447606 0.198710172942531
-0.00029086399469787 0.026262595650669 0.198190405139073 0.25482275774245
-0.0364323956861928 0.0170700949935564 0.185419330057638 0.317882528498588
-0.0653503237717743 -0.00648517979493862 0.103524039269229 0.379041607194004
-0.0673247458763025 -0.0528596677224457 -0.0724764734939732 0.399892126093423
-0.0191746335662231 -0.0886318218679771 -0.291651693733248 0.329468689763519
0.0450554179870914 -0.116266195994997 -0.484246483548072 0.129284155037404
0.135441063084881 -0.0617827572963651 -0.659463871279061 -0.0635207734652491
-0.136084797544697 0.111763667195294 -0.238575053271113 0.136134464470096
-0.0185280373323367 0.130538654735052 -0.0623597711254296 -0.0471945990426276
0.111956340890054 0.053160431018388 -0.0888152720340822 -0.0876035400816862
0.107665862155284 -0.0817889354247938 -0.00576018148732333 -0.0158003404922938
-0.00125444859407881 -0.0986239539834158 0.0318368977507145 -0.0730371314904469
-0.0251597861994284 -0.0677351905301423 -0.0101206938592625 -0.0223849632145934
-0.0429543877120223 -0.0588995320298133 0.0444803145723095 0.0934309908916931
-0.0567664676676974 -0.0565211446011299 0.122399353306894 0.189355211775714
-0.0491744440660956 -0.0462380285031162 0.193515723340977 0.241966145113502
-0.033802339067952 -0.0553145073847385 0.183003671895529 0.308284426108645
-0.0221089105430894 -0.0637240241832037 0.109089525150113 0.36890582318461
0.0274855267967727 -0.0703255642776123 -0.0666109984339565 0.399759462090089
0.0471271941548243 -0.025710087706584 -0.287296440547987 0.34878686852693
0.00447373538181495 -0.00299899692285405 -0.457387140068362 0.162841511614214
-0.026725848030765 0.0329392143060986 -0.650945075048421 -0.018339081209193
-0.295308045687436 0.207177139985426 -0.198419333930956 0.0952326042720558
-0.0781027258512791 0.304112693811546 -0.0888446954324598 -0.00541417248251407
0.205190358688267 0.189139504994056 -0.050500453535271 -0.0232514445372005
0.267407447420106 -0.102613583015946 0.0521158904480306 -0.0415961593177171
0.0591283275850244 -0.201537912543931 0.0404255585408413 -0.140692959003836
-0.0302391121493702 -0.155914711448674 -0.0400348714980004 -0.0686479458046308
-0.0920554637033615 -0.13304116604725 0.0125668672414138 0.058670617178173
-0.118151154912802 -0.120764264866762 0.0917575690185203 0.154067127519015
-0.0951480412949175 -0.109758812384427 0.175102049001031 0.201325335401571
-0.0359051617574437 -0.118756988254459 0.176097664164734 0.282697162888246
0.0106983011684289 -0.120209916347171 0.11002088526569 0.364151472873416
0.118226967649048 -0.101496206869443 -0.0825855996774727 0.403243052667513
0.128919884261612 0.032218660102999 -0.301569781021781 0.341273833250201
-0.0238096259007179 0.123003558957278 -0.401697560676355 0.15015200362284
-0.187058730544206 0.133159782906685 -0.57837075604877 0.0101542990442995
-0.397840003701848 0.264837426835071 -0.102496594125497 0.0718538157683427
-0.100212840655284 0.399081559675776 -0.0526509186550759 0.0694095305833066
0.264195521983073 0.257193585991196 0.062533735238241 0.0200800188082681
0.351228107318889 -0.116270886821624 0.132429033810087 -0.117940800275072
0.0995967166322266 -0.253347722696514 0.0335202268681288 -0.237695486425406
-0.0211557756973302 -0.208501322281777 -0.0813073717364056 -0.133692885190604
-0.118785659045609 -0.186623282505741 -0.0337777355916256 0.00603389158480468
-0.161627159759596 -0.167304563852812 0.0446510883340439 0.095515168435571
-0.131375119158176 -0.156537129821173 0.14166401735687 0.143543118610051
-0.0454930073964352 -0.168647130800096 0.158014042578918 0.252383169835564
0.0300728776735678 -0.177853275915369 0.0906539018488249 0.363911991552972
0.206232892488403 -0.14563852422228 -0.129138620928181 0.388948489015983
0.223448093177031 0.0909206075695982 -0.320712239293474 0.284339564740706
-0.0476690433816801 0.25559382974957 -0.309491661106919 0.101658951952644
-0.329055735694215 0.223900898994764 -0.447646580167836 0.020694608535125
-0.439625597680294 0.289110610053985 0.0425065474107436 0.0689107086410643
-0.100175492400636 0.417205053821333 0.0712837313035764 0.125421725097157
0.271410471923801 0.26609993821578 0.200262503956133 -0.0156777860170324
0.360412921014409 -0.104959611935023 0.177245357463752 -0.229623337958472
0.126073513050757 -0.248629651334852 0.00455828765072815 -0.320429929297632
0.000333990126330693 -0.221073137252657 -0.122364115953417 -0.193193283888268
-0.122779192320761 -0.209416429185906 -0.0845371073586004 -0.0569006083086014
-0.181137451478708 -0.190458395190407 -0.0146763076987196 0.0231309067965251
-0.152390015051592 -0.182692189368752 0.0920173755311746 0.081811521971164
-0.0579324283013806 -0.205276948470042 0.119794841087747 0.221625777166343
0.0437890932790718 -0.233512328286447 0.0382802721783482 0.347960339294612
0.296985347128085 -0.181708679165801 -0.19122868572878 0.32085647971546
0.307321451995889 0.16334528921172 -0.300220080950342 0.176296557082786
-0.0826648463568743 0.372199213828994 -0.171102357122812 0.0510039821038562
-0.432209718103159 0.282385451868523 -0.276681476465329 0.0139542835237301
-0.419904122159641 0.289473436555633 0.219476517739888 0.0698343635863854
-0.0903989009152654 0.377778252957723 0.23550433663444 0.111801488621493
0.233663748383063 0.244009117079456 0.287492110221723 -0.113952060652396
0.323671332110382 -0.069064773240577 0.166385609173059 -0.326662839399128
0.138743646009474 -0.204882554511766 -0.0324926299400496 -0.362568582533274
0.0251830512925498 -0.199729521949738 -0.153304464674056 -0.238014098531168
-0.106765472510027 -0.201053230491831 -0.133466011127875 -0.1226920138045
-0.172292160643538 -0.186940612607692 -0.0762267257727966 -0.0507241208208316
-0.150150035323395 -0.186193033157616 0.0345284416655889 0.0242121764259765
-0.0610252800322589 -0.223902455105356 0.0623717883256295 0.181557117659585
0.0709384986645128 -0.264513661866045 -0.0355712426679544 0.286444229436408
0.370853702188191 -0.168164157575491 -0.216058244135519 0.191304021230398
0.332455733607638 0.248441706785316 -0.200815230228023 0.0633108784024654
-0.140242676812879 0.430942489131516 -0.0207275603401291 0.0486820310671523
-0.47511934505061 0.293087608768243 -0.0971668493370845 0.00165141234245706
-0.34538040564607 0.260968848058573 0.393809109653228 0.0599429148408887
-0.0736999998921639 0.303657270450632 0.372349930623768 0.0385375903184378
0.174400399675051 0.20501027164878 0.309094697343087 -0.212810153817717
0.260334463684729 -0.0286626456681491 0.128898145710357 -0.375453781646453
0.1313426975742 -0.144033894745591 -0.0591657002939004 -0.370586963276665
0.041874825835645 -0.152383454844839 -0.170922424320207 -0.271563039025124
-0.075121772198871 -0.163595311400527 -0.172684825691902 -0.183477159840179
-0.136201597427219 -0.157990921977841 -0.12820868539149 -0.114329565387226
-0.122677984730238 -0.163313568693912 -0.0214882197762888 -0.0275196700420883
-0.0434614225652619 -0.211569008402172 0.00389544437317182 0.123984292021966
0.102270920859957 -0.240199809013089 -0.0820463243521194 0.179541785732342
0.374460736673572 -0.0892113921875995 -0.16192275694192 0.0573307799279792
0.260127599764562 0.298307798273773 -0.0492729581565605 0.0250279204719002
-0.193038476522554 0.387927145648949 0.0741829015057321 0.102681426713171
-0.433071004186727 0.246381305739714 0.0582287970136058 -0.0191476007728556
-0.229833433941573 0.202663232427636 0.533389979691507 0.0396268130898828
-0.0501165048714877 0.207957720620037 0.457452417310516 -0.0526377693742023
0.111283037994113 0.150465392158375 0.297439677901494 -0.282217707699221
0.177139601481687 0.00123782178653787 0.0953599521420761 -0.390697902679764
0.100185559508731 -0.0770391920638306 -0.0760803942237138 -0.366939246882876
0.0459774101605155 -0.0867871621293977 -0.181877242145502 -0.292635082846706
-0.033286111434945 -0.103901844171916 -0.199106943834343 -0.226107422631145
-0.0775779552038737 -0.105839062226504 -0.160559699652177 -0.157391709117027
-0.0707269921450287 -0.114087346586105 -0.0632720313942528 -0.0662383159880301
-0.0106559147551292 -0.153333017059008 -0.0324759796237706 0.060613563297634
0.107700491473598 -0.15242583136462 -0.0784509362281487 0.0777274598820796
0.272599470211237 0.00311864643379035 -0.0640876361581236 -0.011610050295625
0.124208001095098 0.250252548357706 0.0659723454245069 0.0654628996947666
-0.191936995625639 0.242156692155779 0.086869124618913 0.159737526566686
-0.302152982551431 0.154381614574962 0.168533461530464 -0.047979775469253
0.0615417351272476 -0.0187957570912764 -0.230397958163696 0.194612717618759
0.0659217506208289 -0.0977268569527197 -0.045003216744937 -0.0564367549346201
-0.00762815151219859 -0.124949490212803 -0.0850134606167349 -0.10332635099297
-0.101986857334628 -0.0486723387524525 0.0022979704409461 -0.0148921077941756
-0.0658983128642492 0.0402441772831146 0.0287737583351631 -0.0713051348586257
-0.00391824137734804 0.0407925979652779 -0.00634784524670259 -0.0177191485523757
0.021963448820673 0.0221448758508909 0.0574257735381907 0.109466221542047
0.0162012248887898 0.0156740800614063 0.155520314144088 0.211688736551124
0.00104979208913009 0.0266486342251016 0.227005559318918 0.271078870079366
-0.0389479157382793 0.0203184374988825 0.213397802767054 0.337171023115909
-0.0721996824061442 -0.00181865241170352 0.126273433791298 0.403541021786478
-0.0746472842468758 -0.0550782072305114 -0.0658171708212871 0.430708466773094
-0.0249590513821271 -0.0963784112336466 -0.297518837043565 0.361390961461189
0.0440547022448139 -0.123859011422914 -0.510092785641917 0.156204988025655
0.144315549119895 -0.0717938222324341 -0.707229532264508 -0.0352115309764097
-0.139679114818913 0.123408031168063 -0.256285978850329 0.160058311447894
-0.0162215289707797 0.140162231217662 -0.0776082918661477 -0.0393439187382804
0.120715243174306 0.0511393058655746 -0.0999605806275077 -0.080587470579427
0.111694219803133 -0.0915464679956165 -0.00141794897796096 -0.0137035359342531
-0.00457785632916593 -0.105967125687668 0.0294674255331314 -0.0832082597930997
-0.0299243681639023 -0.0730364610009559 -0.0169580845193113 -0.0233211077196732
-0.0490717245386288 -0.0636422517190376 0.0491234123558561 0.101671079284722
-0.0652034604654136 -0.0596645549567652 0.143341045771658 0.202174352670787
-0.0554246562448065 -0.0503033055109787 0.220670677564553 0.255864509065666
-0.038853311995703 -0.0598929778034372 0.209921601248973 0.326202391697936
-0.0265909154033441 -0.0669319018540624 0.129760834863333 0.391738715531042
0.0278413880443332 -0.077442980682605 -0.0585085760668151 0.429730327042017
0.0490837589740875 -0.0290705628816073 -0.289881371059327 0.382486977484662
0.00283693378461648 0.000716276024141017 -0.478318450510747 0.189555583636667
-0.0255855450501219 0.0358609931398933 -0.69795976900302 0.0120674542047634
-0.306722442464175 0.233276925211395 -0.214618127468557 0.113579806956345
-0.0741199987448834 0.330301752741509 -0.101734226377826 0.00646918606631175
0.227443490604387 0.193788730381207 -0.0554343866020961 -0.0129424963251169
0.282555972167972 -0.121207274646161 0.0587759936267151 -0.0440420215247883
0.0559934624068325 -0.21882400552982 0.0352472060524237 -0.155593858862122
-0.0390577481590562 -0.16905037814133 -0.0498503019228145 -0.0713733094468657
-0.105252597119227 -0.14262922558953 0.0134599027398262 0.0659143005349054
-0.13561519283587 -0.126316464466413 0.107506849907373 0.164890330696344
-0.107885665107005 -0.11798026699508 0.198177104310732 0.211766272004998
-0.0431136976151568 -0.129201362832686 0.201693543026637 0.297689766181654
0.00781506220076256 -0.130190369848214 0.131201881023688 0.38621037450547
0.12520181262331 -0.114628208905446 -0.0737882818167346 0.434576148825709
0.138718156146814 0.03068241430839 -0.305696001042255 0.376677698683005
-0.0241187051334542 0.138267608639907 -0.420766397519006 0.17440811074041
-0.193682061611199 0.151639517845333 -0.617036717217961 0.0406029370399298
-0.414266989658266 0.300154032439807 -0.112446561950577 0.0833276891556154
-0.0938776688496178 0.433540642799843 -0.0582173351688803 0.0834138993336894
0.29472344752545 0.264716381450119 0.0675344462995572 0.0278082796869505
0.372553460507932 -0.140431021248541 0.139895361021842 -0.129365202913307
0.0987613207299942 -0.27680714033251 0.0239542250027949 -0.259228901746534
-0.0306550826925659 -0.227376611808175 -0.0968305309720503 -0.14000690967481
-0.137355438267877 -0.199930648318023 -0.039395077889519 0.0107285403138688
-0.185809019946696 -0.174893573166751 0.0538824508669014 0.102888498158276
-0.149082176732549 -0.167649816347374 0.158325719059615 0.149523072687139
-0.0542039445018427 -0.183374292472781 0.180868941298823 0.26574073508857
0.0257536116438993 -0.192853278262885 0.111706780242788 0.386987597162476
0.218185284070994 -0.165907581188143 -0.123644352699573 0.421133734615722
0.243087438614358 0.0890522793770498 -0.328032796567731 0.317940427988638
-0.0437302962366403 0.281802415825416 -0.321486419042086 0.116921806912266
-0.34200562459933 0.254183168239991 -0.47641614681093 0.0420818731006816
-0.457630125061996 0.328362462368352 0.0445434649436029 0.072607810141055
-0.0949856631445159 0.452940897957154 0.0790324350448935 0.136572230175678
0.302521181030379 0.274754488769619 0.214490620188473 -0.0182366619609416
0.384927258846613 -0.129036638451811 0.182524249166953 -0.252135028779093
0.127703934296376 -0.274369000308895 -0.0103424849456723 -0.346780516437301
-0.0071144607246701 -0.243843396584045 -0.142699805864774 -0.203545526879993
-0.142293570866706 -0.22532283060059 -0.0967689775003761 -0.0566317321078962
-0.207836810256875 -0.19780204512506 -0.0145626241576856 0.0270817080302001
-0.173388540176673 -0.19422690143088 0.101859956333857 0.0841798139823405
-0.0697943388050064 -0.221938976425004 0.139050469276157 0.232797854869551
0.0387841885102948 -0.253528728315731 0.0557980006658539 0.372604141951209
0.314103416314709 -0.208555129326489 -0.192941970701002 0.351864636178961
0.336681525588481 0.162598200142346 -0.311141557630604 0.20049342392912
-0.0755203368986236 0.409526264987011 -0.174473598171755 0.0549295905485945
-0.450760081309154 0.322343240364632 -0.291665241612092 0.0289541656329147
-0.438203056541447 0.327081443915043 0.235756928888712 0.0652750925638919
-0.0852389253188315 0.411485398243183 0.256190196859309 0.11386878049389
0.261706854020685 0.252403466289683 0.304443708788338 -0.128119849935606
0.347577019231327 -0.0889894391491634 0.165122478064993 -0.354136633619474
0.143634044078417 -0.229132531032764 -0.050208946607685 -0.391297633645666
0.0200481175263162 -0.222332451185724 -0.175601038725289 -0.251410482540959
-0.124281106550405 -0.216929024876688 -0.15119366226182 -0.125798620575823
-0.197095104674368 -0.194628141884471 -0.0853066061881353 -0.0505616633290404
-0.171544945107138 -0.197284617308051 0.0368851415972317 0.0229935243774281
-0.0734471048081229 -0.241538929581556 0.0780949671691917 0.190691384650906
0.0650295563156972 -0.288149208480678 -0.0252419481100078 0.310381847180617
0.392380166621918 -0.19827498699332 -0.225641706969005 0.214341600622447
0.367506626288028 0.252510638693462 -0.209477738691609 0.0745973059693874
-0.132731166593027 0.473886280725118 -0.0121478794972561 0.0448538475634778
-0.493518009600561 0.336100138333189 -0.0985328758673847 0.00454884180420893
-0.357050570203724 0.294112085244982 0.423511199599152 0.0455940866630135
-0.069909917775771 0.328824758411903 0.400925172881142 0.0282526709775062
0.196916114255078 0.213605878163595 0.322919702458501 -0.236531326474172
0.280769227158486 -0.0427536476800057 0.123846673652513 -0.40359944929692
0.138571086358938 -0.162489022203021 -0.0770437248500429 -0.398263963890026
0.0401830009918694 -0.171431743498152 -0.193986469661829 -0.286831653748968
-0.0885812745007686 -0.176536717964256 -0.196070279017244 -0.18951537515409
-0.156676280890737 -0.16481810116038 -0.144552905835392 -0.118114329470714
-0.139926674268753 -0.173271736499577 -0.0252284457881876 -0.0314434091342127
-0.0552285131943737 -0.22806511438806 0.0135279953447987 0.131534797926524
0.0992183918817187 -0.263041798399058 -0.0803351532416534 0.199176686911702
0.399937096154778 -0.114824975071958 -0.174921761191152 0.0677743991124211
0.293642510995092 0.308073771564706 -0.0496097187100815 0.0252953311907293
-0.192858780723706 0.431948668517244 0.0945992964286522 0.0980783854475415
-0.45204139433728 0.285592389602949 0.0688749884909534 -0.0260263714801616
-0.23513347871978 0.227307117837385 0.573159836016002 0.0171873507227054
-0.0462418198921112 0.225153437306022 0.486003803579124 -0.0746314686633471
0.126695724641486 0.157320168381477 0.306836686886982 -0.309094600105517
0.192180013456054 -0.00718502254079659 0.0889429689369496 -0.419261386276285
0.106218702410308 -0.0886628910868442 -0.0944143598995476 -0.392783103327315
0.0477805033453387 -0.0995473485678638 -0.205599844251501 -0.310301014557551
-0.0406443257235799 -0.11313849436339 -0.225844685408135 -0.23531466584352
-0.0909014041235482 -0.111754247831699 -0.18263330142496 -0.163638019108442
-0.0819996689727467 -0.122997905952522 -0.07085496520477 -0.0721298722198753
-0.0184066958596141 -0.165492860004697 -0.0276089257290252 0.0651320558957945
0.107462749229171 -0.169433193719807 -0.081362801517195 0.0894151924398765
0.294266989826451 -0.0110968939116149 -0.0730293147935389 -0.0119681330769335
0.145900012894929 0.262799279053548 0.0757642913036772 0.0608598420071931
-0.196895603058185 0.274397157071771 0.11117934275328 0.158433921045891
-0.315537538762149 0.180766724135585 0.186199971263105 -0.0618886396987094
0.068637057017583 -0.00462866070879922 -0.27077941954621 0.170865983819584
0.0790538274081043 -0.0927471053337025 -0.0480688329130324 -0.0600489679592064
0.00721257471097293 -0.130396719402748 -0.0772090390823532 -0.118572514292663
-0.0980908821171186 -0.0621240193999461 0.0058811414827522 -0.0174410532114496
-0.0746127831638436 0.0314750149775969 0.0354097926362652 -0.0712643147261035
-0.0110297609547519 0.0424322693776056 -0.0104522493272875 -0.0180374004270534
0.0200273915503719 0.0255533446949005 0.0450647079291304 0.129145507729347
0.0159771764835023 0.018928754205007 0.138850081231505 0.250023117625843
-0.00346320201999037 0.0274179648880265 0.208670504391009 0.324118699583106
-0.0439237097281681 0.0177868145237041 0.18298965668312 0.387555858922963
-0.0779749682843191 -0.0100958397511566 0.0791499638076517 0.442953872518381
-0.0760574543656909 -0.0647382534290525 -0.12625706694933 0.442328193592241
-0.0136282004523313 -0.106609973505067 -0.357837805807114 0.337180444838354
0.0591663934507059 -0.121612692519996 -0.552069007328654 0.0938557007900612
0.164272465020915 -0.0511078567995275 -0.746584665561762 -0.143447205885682
-0.16316669052795 0.109950787777455 -0.301828665407749 0.134741911422703
-0.0414079058351658 0.141614714918294 -0.0867409658133265 -0.0394890064590585
0.112868093206997 0.0712922229942813 -0.0886107636429729 -0.0854258377745245
0.125826282551763 -0.0775288505127929 0.0151042951287113 -0.0149922855094492
0.0111484111125833 -0.109642652834329 0.0396605895804358 -0.0923043906970708
-0.0201343272075039 -0.0817927194905933 -0.020838799568574 -0.0285297645360986
-0.0422160401883409 -0.075804269052607 0.0364980930067052 0.115881343262849
-0.0582787142503843 -0.0741702364658677 0.126108991690787 0.238335874982768
-0.0508214784019121 -0.0641688361139418 0.204508259865956 0.307203589718878
-0.029812898555964 -0.0687587190380154 0.182105399509399 0.376081361734681
-0.0158374448301928 -0.0707982256784509 0.0819719327772125 0.432324052750431
0.038603309890047 -0.0733363219917332 -0.124491794814155 0.446148170523424
0.0505375976398774 -0.0202684892997494 -0.354207604843941 0.359285748949181
-0.00753354776424781 0.00460991315742784 -0.521334694309364 0.126384804798882
-0.0400722132863398 0.0357192043395315 -0.733313954569484 -0.092834849199187
-0.354154897033322 0.195269009929676 -0.259152395052819 0.0956781122383177
-0.128581380334118 0.328715046420159 -0.118760893745516 0.00984350017410613
0.201526540388187 0.235029049958218 -0.0447678634787076 -7.86059398565929E-05
0.305724898091283 -0.086337725894269 0.0938162406931462 -0.0367601479021639
0.0898567794577406 -0.21857203311847 0.0567647206133282 -0.176831486130524
-0.0149000352021242 -0.1858305132347 -0.0491188392840313 -0.0873941416162872
-0.0893838111559894 -0.167711523117166 0.00294486111850067 0.0691182577628062
-0.12170931565753 -0.157630159370267 0.0933746299920186 0.193140942004243
-0.0955694952808941 -0.145040868686862 0.187246671023158 0.255795327529671
-0.0216252642273665 -0.14489008455022 0.17705982975118 0.3450127990113
0.0337920234094663 -0.132757346333898 0.0836655086463982 0.429319708150487
0.147509403948324 -0.0981373936095561 -0.144751506390191 0.453567455885731
0.133475464052782 0.0617689916977023 -0.369522130268139 0.349484152388813
-0.0586495938069724 0.146929923441295 -0.45597592252877 0.111554701038771
-0.242036601744442 0.130518912050116 -0.640283820683108 -0.0534798724275026
-0.474601527356887 0.245251897138475 -0.152131384185944 0.0796596535993101
-0.16391346688045 0.431602479491849 -0.0814857011265493 0.0991500762273876
0.260730222779899 0.317721067011192 0.0838621448147451 0.0624463230825296
0.400613112555039 -0.0941950612766006 0.197468574762478 -0.11629171601588
0.141761089520871 -0.272899713768551 0.0605434755581708 -0.291489777395718
0.00306858580848316 -0.248225322547996 -0.0878909986354151 -0.167501159251841
-0.114193538324415 -0.23351907879392 -0.045433465150075 -5.99416056947404E-05
-0.166672034608133 -0.216993189256321 0.0430424300448572 0.11852042717488
-0.130420190118539 -0.204612021443733 0.152405796730124 0.183130737168603
-0.0241931873434318 -0.2046627004999 0.161741278819615 0.307310601592767
0.0647007640489202 -0.196456809761955 0.0633550358456303 0.429340767754284
0.253603207223606 -0.138467646799754 -0.198155614117349 0.437894711051284
0.232480028099858 0.141487168572875 -0.387656176871945 0.285067945101803
-0.102103067395555 0.296144145311001 -0.343408394152574 0.0574589055849881
-0.419046716983056 0.216789080333221 -0.48061740463322 -0.0308451002224739
-0.52226647271981 0.264628423804087 0.011209258213883 0.0903128788639253
-0.166380254962678 0.45067311081505 0.0571501684810836 0.172732796574885
0.268182194987309 0.327748532783871 0.244299940083881 0.0339941839003073
0.409428517325589 -0.0824869210405243 0.258491046401354 -0.238856033403856
0.170658633785704 -0.266054152086298 0.0384410906310179 -0.388013097999975
0.0296711265363726 -0.262726967389816 -0.125238984174485 -0.241910188210242
-0.116415969517849 -0.261376922509661 -0.0962739369197418 -0.0804309961738733
-0.18722022087856 -0.246484155304104 -0.0194989353521042 0.0268920961549269
-0.151479205305473 -0.236774521179677 0.101374055068406 0.104732513577118
-0.0335406030780093 -0.248172770461341 0.123548164798694 0.266838740553621
0.0891035709968365 -0.257627933624281 0.00743420448889053 0.407683538622048
0.360206881923965 -0.171572670041763 -0.266076706006941 0.359661216665153
0.318557261528338 0.233982968414544 -0.356384794066961 0.162295752571316
-0.1548264008205 0.424740780859356 -0.178994158101428 0.0075572368175461
-0.548485090930501 0.272281971989121 -0.275734920674802 -0.0203503614080137
-0.498284583691373 0.263753203225605 0.211625346353348 0.109029610208886
-0.151407691196733 0.405252584249255 0.24720586024737 0.170147398497217
0.22879062528017 0.297567307660662 0.351992704297498 -0.0708192429880318
0.365011926404205 -0.0460409498662078 0.251119518631864 -0.345418993843008
0.179332902468458 -0.217724499279819 0.00533188357384319 -0.43664171003887
0.054097296488761 -0.236144207519214 -0.150882924586428 -0.298436952133007
-0.0986893220046005 -0.250068443440769 -0.143733923055458 -0.163185256855614
-0.17754392371714 -0.240812154399026 -0.0846372595191136 -0.0662700243941001
-0.149611733753103 -0.239944598681504 0.0405228521360538 0.0282948379783443
-0.0359298082320818 -0.268091840551468 0.0662833568470162 0.214078683311545
0.12181863701115 -0.289557469340658 -0.0696965865619378 0.33614794268454
0.441583682565547 -0.151474078144821 -0.286919352325749 0.213511851441374
0.33708238458254 0.332931931711728 -0.234241665046689 0.0401279007888841
-0.223070997628788 0.485751092386155 -0.0031336849214566 0.0144733561271647
-0.595931080489444 0.280002378573103 -0.0659706272836071 -0.0171491013150319
-0.407115674422547 0.237665847715986 0.413675947803966 0.115485568765061
-0.123104283736602 0.321926900384055 0.412104925473275 0.0954942157643915
0.167488975143686 0.245423030605438 0.381806636447786 -0.183754373007447
0.289224418415447 -0.00836912222704225 0.208693301963368 -0.402740944109128
0.16384047312478 -0.149484029048756 -0.0187185365620095 -0.444642848934833
0.0663693175900367 -0.179698222824564 -0.163902406177035 -0.338512533207114
-0.066921356031356 -0.202705051506885 -0.182873116365712 -0.236232906449114
-0.140105185369666 -0.201652378651704 -0.139472296229932 -0.146729239421178
-0.120564626025485 -0.209602486044187 -0.0187616696981857 -0.0378720728158953
-0.0198197614437822 -0.249587836810178 0.00622225366750342 0.141789236496366
0.151867775811813 -0.258527855890304 -0.113941472182362 0.211022928530916
0.438773533385887 -0.0647682344222919 -0.216874294857514 0.061353915267044
0.251523128219153 0.378690985670676 -0.0577230492761953 0.00544050868989905
-0.276657281320553 0.432675700628116 0.106024426917169 0.0862869489649949
-0.539136212783872 0.231893606567301 0.113140695112489 -0.0232669685484812
-0.26761139581998 0.186112511710614 0.578809233133648 0.103418742744572
-0.0830687826186906 0.216168039286749 0.516024490661369 -0.0047149512970015
0.103901321267592 0.175072036756992 0.371436420793975 -0.265378706147903
0.191793579291939 0.0159838144861434 0.168109464331667 -0.42245570353073
0.117434275317412 -0.0768034217012755 -0.0384418144565828 -0.436911216504853
0.063592463423197 -0.101361001582883 -0.172340754941323 -0.362672059168723
-0.0261246179062167 -0.128208038058158 -0.208949178645124 -0.287493429246001
-0.0802355483085175 -0.134247774326925 -0.172749856544257 -0.201771629665846
-0.0671116159006655 -0.144270302816804 -0.063270779141473 -0.0889045539118477
0.00772713770944175 -0.177966477441114 -0.0292530213835124 0.0657030342593003
0.144227660417412 -0.159319558650979 -0.101779530591809 0.0920854928772829
0.312834434235865 0.0287946621947345 -0.0954288122436923 -0.017301462967937
0.106780210183093 0.305816472892046 0.072779072109631 0.0593361995158649
-0.254664431770349 0.266415344748223 0.115610020576105 0.159106887232113
-0.369949365900171 0.140429319553215 0.234666056734997 -0.0416596019798148
0.0706455641493089 -0.0143002986809453 -0.261860597027242 0.202925177209313
0.0676590349008306 -0.104124099050753 -0.0652151137312962 -0.0463719270924695
-0.00981213357538493 -0.134187382776192 -0.0927400153023348 -0.101645464187517
-0.105702679404437 -0.0504434539972099 0.00963057521168446 -0.0157641904449164
-0.0718807229726857 0.0405085660485189 0.027734557915588 -0.078244105214315
-0.00726263362311151 0.0445717996368352 -0.0177923075932964 -0.0162628941361805
0.0218514144171054 0.022217366425752 0.0583687539699061 0.129717496037216
0.0167862896136444 0.0168304823689884 0.171501409206785 0.241879678145467
-0.000569920493813077 0.0270990137273568 0.249613543276113 0.310082901851162
-0.0430526317967637 0.0231410887499156 0.226142743271144 0.375654159578282
-0.0812125203261875 0.000263846952316215 0.124659378458798 0.440581821284118
-0.0848873690251038 -0.0581749333567083 -0.0848183217767754 0.459646640945338
-0.0260406196119357 -0.107675937035509 -0.323834839319001 0.372726736361013
0.0484396719843903 -0.126482160822199 -0.544525131537645 0.149179149122491
0.162006725717315 -0.0693092782087471 -0.764822943643944 -0.0620961880616993
-0.152113788194967 0.126380478495969 -0.296537911735877 0.170726267172123
-0.029637109075865 0.146418692742266 -0.101079018563975 -0.021345504631035
0.118154802120548 0.0590253761911171 -0.100542730170586 -0.0667970548539753
0.119256372717393 -0.0909297206675392 0.019340106166937 -0.0144012046942457
-0.000187241569749441 -0.111030750257585 0.0280753605848574 -0.101991452230655
-0.0289366353599226 -0.0814137169414514 -0.0303213705277887 -0.025228688289806
-0.0528757746876131 -0.0747703270215536 0.0480100886392446 0.117497111901292
-0.0691523315667984 -0.0705720774805807 0.15709109199313 0.231672495552437
-0.0595938257773411 -0.0628687724765217 0.242723068611179 0.293906207635765
-0.0376599971552347 -0.0684223635680397 0.224622116626321 0.364157325755778
-0.0228245916935629 -0.0690364669401191 0.12710019061215 0.429474250075219
0.0316775121847425 -0.0790157560498203 -0.0812519150951878 0.462941750290636
0.0477716735332225 -0.0246067170024167 -0.316278575604499 0.394142692531027
-0.00704026514944261 0.0099123842232812 -0.509019459852779 0.179043340902836
-0.0348679019955937 0.038836182399642 -0.745707060272123 -0.0121474585181853
-0.335251511586363 0.234011287826203 -0.257440756025513 0.12589126405929
-0.0978134101059438 0.346336300244933 -0.126437954380729 0.0309437911844768
0.226133116651451 0.215445293022793 -0.0463154982449368 0.0149373124907111
0.300221391451266 -0.119449237247933 0.0955348415839497 -0.0447565803526225
0.0689726549472013 -0.230152213922409 0.0354103114154897 -0.187843757738175
-0.0348761529803013 -0.188573536515258 -0.0648315582322828 -0.0820626645166055
-0.110036538978962 -0.164153417396001 0.0084899762003712 0.0746726929503868
-0.143634044511681 -0.147452504371704 0.118011032262198 0.18926340704846
-0.113422201176684 -0.141339911004664 0.218453517947239 0.242345324529229
-0.0366391370141526 -0.14751053114086 0.216003391350561 0.331960950190321
0.0221753508406782 -0.137374587093898 0.126749785742995 0.425131361331026
0.141575593117633 -0.115086091840292 -0.101158795962019 0.472412523550932
0.140220965994082 0.0501825642636998 -0.332843701116824 0.387351445930611
-0.0453632976642266 0.160197850554193 -0.443996159591727 0.154670833745562
-0.228970021082607 0.155787193614771 -0.647263289662158 0.0164616692865063
-0.452754742632646 0.296189783932319 -0.150277178618676 0.0968868211120975
-0.123616254718766 0.455512556827071 -0.0784201024708479 0.115397476198847
0.294949796055055 0.293785969086856 0.0908887365114292 0.0632525635208243
0.395966746275725 -0.137662613097043 0.190722998928131 -0.136139146463953
0.116680665444925 -0.290874209695933 0.026045327230051 -0.302931455095993
-0.023086561206728 -0.255141196811012 -0.112134037157265 -0.159787979590352
-0.143239200911563 -0.228737108052961 -0.0473358478628201 0.00936666504923027
-0.19673894247497 -0.202542978451728 0.058002303873225 0.118209287119038
-0.156975275528261 -0.198264098316743 0.174382122128072 0.170688969322892
-0.0447206160769715 -0.209382715691367 0.196331842392002 0.294019170043397
0.0478423190551832 -0.204706949067539 0.107604405067739 0.427158971899648
0.244842183732661 -0.167103227711531 -0.155557895141016 0.462329473647805
0.24785330379314 0.121161395437236 -0.355506809445197 0.324034879338347
-0.073550491589858 0.315335411107233 -0.335514839739738 0.0878265426321119
-0.39819734655909 0.262054899200917 -0.483416482216486 0.0218941666719359
-0.499584136444324 0.321790019730623 0.0157032523954021 0.0901429433423834
-0.125450165086181 0.474215186292929 0.0710742548990743 0.173312083469219
0.303129635915184 0.303341392747133 0.250664895583804 0.0156605297271428
0.408724778011776 -0.126621264227096 0.238544035087215 -0.266346713861851
0.14730559895557 -0.289004702319934 -0.00613539033117896 -0.397929143101914
0.00257311516563945 -0.274426630889825 -0.155944774085252 -0.232438101621066
-0.147664560754452 -0.257802664982206 -0.107812969912857 -0.0683249688449467
-0.220577272022982 -0.229960780584904 -0.016002196688657 0.0310796198067313
-0.18156007205283 -0.228736833170715 0.112506909873049 0.094944992059233
-0.0583990100356966 -0.251134984559721 0.154462797320902 0.254884806131778
0.0656090158272708 -0.269743811157805 0.0503935151745581 0.412198147249611
0.34692244070313 -0.212943009170921 -0.231201546432483 0.391462694016535
0.344951300354287 0.204570599303933 -0.336424054443803 0.198197454252266
-0.111902723102057 0.4513662917417 -0.173091715215056 0.017750048200687
-0.520716844004697 0.332694147606516 -0.275400342350531 0.0104719364773765
-0.473160098253289 0.316309833722186 0.222003624631063 0.0862845834519494
-0.116159474414193 0.427280977672831 0.264416522630065 0.148655971686441
0.261113610915776 0.277280422632896 0.347493356146618 -0.103630979228231
0.36718275857913 -0.0867640592190177 0.220096965888502 -0.373418604472628
0.161677991813483 -0.241611348005713 -0.0416358605887169 -0.443835247325146
0.0303077964123839 -0.251182723616216 -0.186671329749908 -0.288426066114987
-0.128884919891266 -0.248092550698288 -0.165217541020693 -0.148555909343071
-0.210054590576839 -0.224072524259004 -0.0930425734764119 -0.0578017670775187
-0.179907025082355 -0.231071767427131 0.0417872458830568 0.0237617259093211
-0.0622782751930355 -0.270950517950915 0.0929587473901959 0.206731601235032
0.0939125316951933 -0.305026331522942 -0.0332236568987616 0.348098503123391
0.431110723796799 -0.202232957410162 -0.268838046209615 0.246667146094208
0.378040014296458 0.301561140380699 -0.227911949334645 0.0596606104457982
-0.172617716893114 0.521901563171915 0.00614406795401357 0.00435670700521243
-0.567775563439197 0.346687663385819 -0.0620168640396326 -0.0113137149698406
-0.385012697998942 0.281991988628865 0.426875508065592 0.0701346329541095
-0.0952785777298362 0.339158913650124 0.424364224880032 0.0548453060725883
0.194952159221714 0.230628740720344 0.366428704621713 -0.220082619283017
0.295258114137744 -0.0409000235566539 0.171449682038014 -0.424895885216423
0.151811376745687 -0.171656088854226 -0.0661146267264507 -0.450006618204901
0.0490530772047424 -0.195161341741495 -0.202749618236882 -0.32796726421228
-0.0912271200444722 -0.202870898020443 -0.211765049613871 -0.220436396307604
-0.167266302095476 -0.189132839204325 -0.157956420189377 -0.134821778476354
-0.146861110704628 -0.202540854190159 -0.0251322318173253 -0.0391727898068532
-0.045018491364743 -0.252600202325831 0.0257161886009868 0.139252989825446
0.127109267257728 -0.27804477266711 -0.0926379244911056 0.228656260981699
0.437080549747201 -0.115612175973466 -0.215440288361621 0.0847617119418415
0.296102555826913 0.356284180967582 -0.0535502261903356 0.00463517702006729
-0.233210355792333 0.4732543945472 0.125038156024194 0.0645243328322948
-0.517142374741255 0.290285682791385 0.118172009266077 -0.0387989319740486
-0.248466089716478 0.215213281147714 0.592255809993816 0.0410049882473425
-0.0640499387132295 0.228261497914941 0.51725891301731 -0.0573340041810511
0.123566386995642 0.165589816542183 0.345873250184686 -0.301069511568383
0.19764487885433 -0.00596822051711993 0.127712384985156 -0.440156067591303
0.112940579254706 -0.0918942307798205 -0.0817399873359238 -0.440110995709368
0.0537209602990853 -0.114115932752244 -0.212278817429963 -0.353390188057092
-0.0412329819908914 -0.130463269333044 -0.243357710221515 -0.269658033006286
-0.0982060961354056 -0.127032864853851 -0.199066114195167 -0.187092442307948
-0.0857784903707676 -0.142268421146811 -0.0741268054612796 -0.0871214507937833
-0.0104913212111512 -0.18212370565509 -0.0179853278478869 0.066017089104944
0.128735799606592 -0.177598492225475 -0.0931509977868141 0.108646348929344
0.320041722343688 -0.00841679079108023 -0.102755464077677 -0.00810386599966502
0.140812062556528 0.298217131714714 0.0831730465615047 0.0436137464390888
-0.228517834239862 0.302569891523039 0.145423380243737 0.13659175168533
-0.355467122758454 0.18280590852751 0.239208672986903 -0.0718995729659416
0.0682362780840184 -0.0217474952903743 -0.24353314851148 0.221727559781205
0.053640446463336 -0.107660818486757 -0.0758425173449869 -0.0289961006418375
-0.0240700129148035 -0.129874102608196 -0.0987013839933194 -0.0809356000878188
-0.107127380443856 -0.0388010118603749 0.0148828147869128 -0.0159994254066502
-0.0664607247984606 0.0471371811243046 0.0184730670596232 -0.0811423894108854
-0.00359058603148974 0.0446703999351732 -0.0242255264783477 -0.0120399155509064
0.021150873500859 0.0189558495781701 0.0674961699026356 0.124755030662688
0.0166484692189832 0.0147603398135278 0.192630746029177 0.22452272673314
0.00111885968957545 0.0252969365129377 0.274379012095719 0.285495254562817
-0.0409726482803092 0.0261303076058949 0.252042267480333 0.348651220808944
-0.0794487771602793 0.00911177071388164 0.155578060467107 0.419648847647363
-0.0886434870500525 -0.0494919635866333 -0.0473272798897193 0.452092360938378
-0.0344559726369593 -0.103592315870978 -0.283365430953168 0.382015065814227
0.038752882859821 -0.124670795158228 -0.513643991610259 0.185056378621925
0.153366741670979 -0.0815928400212055 -0.744356746644145 0.00855818887180892
-0.136896908674767 0.134381873335018 -0.280323239804206 0.193101887148948
-0.0192833381343196 0.145280669952624 -0.107642251059633 -0.00288271695353436
0.116873551662064 0.0474266287398952 -0.103893741195988 -0.045644241118161
0.10841213561101 -0.0985849933813168 0.0230375859707687 -0.0146371868727458
-0.00811751514763459 -0.107189387053673 0.0159283568366707 -0.104075135579824
-0.0355299511350165 -0.0772157048105476 -0.0373573900317739 -0.0194610016129177
-0.0593787092086938 -0.0711171335682783 0.0553556287287319 0.115037692573293
-0.0760322022068596 -0.0628536411804778 0.177005243151061 0.216319769460611
-0.0648688592982832 -0.0587500787749841 0.265926211809486 0.268836923469991
-0.0422597802926417 -0.0650292935715808 0.24907723568626 0.337621597431634
-0.0271014271399363 -0.0647978596205591 0.156630170846232 0.410038013722927
0.0248572575970146 -0.0799812116338229 -0.0438432505215113 0.455293056282416
0.0440546464930545 -0.0269021491103148 -0.273241883896046 0.402512895812516
-0.00549350196682826 0.0141023208459186 -0.477107998393899 0.207335451198745
-0.0292061239143847 0.0380199296307289 -0.722033248572661 0.0542124994176057
-0.307000126623508 0.254269386422428 -0.244628483484701 0.145568709209079
-0.0689862996266659 0.344654192479255 -0.127181458149541 0.0492009071782554
0.234782469262263 0.190534612097611 -0.0437547251565122 0.027822469240917
0.282734775857399 -0.141941073198822 0.0936649174464369 -0.0504489138385972
0.050028422829041 -0.229658275707858 0.0156278064270956 -0.187749988639273
-0.0495762926667818 -0.18338661216027 -0.0758892720495587 -0.0714039091720829
-0.124151663587312 -0.154698489036377 0.0129512774204486 0.0763575083420312
-0.155469914511267 -0.13173640303323 0.134307012032267 0.176458002639015
-0.125863193036205 -0.131869138210247 0.235450937590665 0.220761228318405
-0.0475039200860485 -0.144718317027538 0.238178649508442 0.307160039590394
0.0127571074404032 -0.136156466746646 0.156383155120733 0.404673233910931
0.130234420298294 -0.12446975383728 -0.0618053394090608 0.465605634222769
0.140243008884844 0.0395322648654034 -0.287113956528292 0.396949568125901
-0.0317353254795017 0.163600286639943 -0.415506508252687 0.181032492410577
-0.207810030997217 0.167209854004835 -0.624742649805746 0.0721595973011483
-0.415553609283912 0.325158585961205 -0.143783192773626 0.107785782928504
-0.086542944922028 0.454274415792533 -0.0717327344155308 0.125982839703135
0.307944521188831 0.260784344429374 0.0944333790756886 0.0627870023175271
0.374729632968619 -0.168239652933548 0.177542903034453 -0.147339888403446
0.0925024195513831 -0.293504574545198 -0.00349114014777338 -0.299572777329583
-0.0438704564500013 -0.250664850766226 -0.127878845352318 -0.14454596728454
-0.161775298982951 -0.215828613506315 -0.0468572049449516 0.0167653064386607
-0.212613851965073 -0.180985875838311 0.0687515213654319 0.112165636468115
-0.172077539065191 -0.18436763136781 0.184395869090389 0.153817702238075
-0.0596436443768696 -0.205070572756868 0.21562898156089 0.269763324208149
0.0331145506583613 -0.2047588768404 0.139160733267237 0.407452283372709
0.226166554564545 -0.184053592314608 -0.114016106726856 0.459935073792297
0.250391869152119 0.100248338858895 -0.31385808077993 0.338085329651882
-0.0470932475043195 0.317801138729465 -0.315608196285119 0.105613321113406
-0.364296342446465 0.283823441495085 -0.464665537613528 0.0634860818381301
-0.457585465589603 0.351575273684039 0.0188191978754993 0.0859239328183645
-0.0881748041827743 0.473288355070163 0.079293575193487 0.1674304378926
0.317861888588319 0.27028941772894 0.24545387726009 0.00078026167487863
0.388702610709976 -0.158340845125397 0.212640571323914 -0.277138752704032
0.12245600455229 -0.295421078665999 -0.0416733111843834 -0.388879854830398
-0.0214717598639321 -0.272975289902981 -0.176285914357163 -0.212432286351116
-0.168835714037174 -0.244141547312835 -0.11220691747636 -0.0544786671303815
-0.237851897316463 -0.205046834176126 -0.012093672016816 0.0327296871958838
-0.200128103939313 -0.212192354082992 0.116790343686793 0.0840847922727633
-0.0760343697153004 -0.244598426749412 0.17302468390122 0.23419110042766
0.0444455216009657 -0.267964906753636 0.0836850727079003 0.398595113861523
0.322036962036437 -0.236726744700366 -0.192850045213758 0.39797855384848
0.351808273932908 0.173616799180659 -0.305979793875238 0.213890159291132
-0.0719918806593094 0.454014762999149 -0.162320660352983 0.0223463204115407
-0.476372746722467 0.363922343725193 -0.262087298594355 0.0324880883005069
-0.433427973678799 0.345935291859394 0.218339036245941 0.0645465073053372
-0.0826610424455235 0.426950673570165 0.266303224544648 0.125840903264768
0.274775567715876 0.248898303061178 0.329746859834164 -0.123465302993139
0.352616178739932 -0.116097787596324 0.18519709696245 -0.379222000314665
0.14097016775544 -0.251235551990231 -0.0793530084742822 -0.431037392052475
0.00783295578512234 -0.254136461914783 -0.209617603515262 -0.265989469123744
-0.14953386221541 -0.236380599665912 -0.174476785154195 -0.129757065542036
-0.227235649341384 -0.200739637330078 -0.0963319109013577 -0.0483122017558747
-0.198315192792997 -0.21475740652583 0.0414645765313654 0.0188986008227776
-0.0806933276235048 -0.263235519984335 0.10820227888962 0.190691610440569
0.0677900651572711 -0.304637642342505 -0.00153804225112784 0.343930784297171
0.403222070966895 -0.234149519652373 -0.242565170881062 0.261317057246159
0.391720763304345 0.263040629101356 -0.212326472345084 0.0706481344370787
-0.124040369953663 0.527330007446817 0.0113843145367008 -0.00788284407367784
-0.521377875863316 0.382148600100058 -0.0555577808376399 -0.00765211271650127
-0.348769348089726 0.302520364222558 0.417338522184016 0.0308814282184814
-0.0684263569569754 0.339820145722103 0.41328916541515 0.0204195011868852
0.20750539778042 0.209221916021914 0.338100998951716 -0.239230383713043
0.287058701968073 -0.0654029221300262 0.135360077624582 -0.424312509269703
0.136808235776014 -0.182278104480902 -0.100385336444624 -0.434918339849771
0.0304395935000895 -0.200209753179919 -0.225758576501423 -0.305834147421659
-0.108720774343562 -0.194844041569282 -0.226183392289399 -0.197406119156558
-0.182617997398587 -0.169617815299404 -0.166656044058571 -0.11872249477258
-0.163018691300683 -0.188201950095386 -0.0289228314457159 -0.0380963452401448
-0.0622980176588907 -0.24467905101601 0.0391865992028647 0.129557334081948
0.101540852909659 -0.281247311653345 -0.0690170746179697 0.234235331656699
0.414815318374023 -0.150816146967513 -0.205996667554795 0.0996858099740359
0.318951708433541 0.322331925321657 -0.0487451540200874 0.000336224778992206
-0.184850168789374 0.485841748021486 0.134572713786646 0.0395755440506753
-0.475112188512304 0.32590433458818 0.117426246776153 -0.051465077134716
-0.221866236781845 0.226827127861471 0.575032770196333 -0.0101868287069947
-0.04599576014831 0.228297640670572 0.49455688065101 -0.0962585437964164
0.133486228351291 0.151470187144394 0.3122037194576 -0.316107957439634
0.193375044592464 -0.0238229092525991 0.0926320230891854 -0.43546097082962
0.104909069235739 -0.100183336430997 -0.113766603309085 -0.423626706451468
0.0436295831275489 -0.119788313795058 -0.235834812712544 -0.329228383660427
-0.0521553835578084 -0.127244283681912 -0.261701969724778 -0.243979421954959
-0.109103891883385 -0.114880336223419 -0.212191734204221 -0.166858730897884
-0.098328978677778 -0.133355057730036 -0.080364533567768 -0.0819598304935961
-0.0247289376921477 -0.177410921257332 -0.00872686177902127 0.060825709731145
0.111101361646573 -0.184097777884727 -0.0790270688551003 0.117355280323286
0.309981636279264 -0.0365268754061588 -0.105057254009666 0.000294221926152924
0.163554349490469 0.279568593831213 0.0870658658806562 0.0249281775525722
-0.195648742174578 0.31867813696564 0.16140384746643 0.107520973749063
-0.326268561475084 0.207358915664701 0.232520683042722 -0.0951775720839473
0.0661459831571864 -0.0261424263709658 -0.230644674622857 0.228756152192265
0.0446897807213431 -0.107231996748645 -0.0820860542206865 -0.0135393418399659
-0.0330169256867516 -0.123642100142474 -0.0989708461829103 -0.0633592612685255
-0.105194620396031 -0.0314131953227671 0.0196352289416824 -0.0164137603937153
-0.0613224496579309 0.0498041320232532 0.0120997115716718 -0.0820403779877914
-0.00104015595017901 0.0440326839471931 -0.0299394645119541 -0.00747927776216942
0.0196212773708268 0.0167668986814422 0.071560100293774 0.121757908222541
0.0160047024539053 0.012517729339526 0.201504894232698 0.21077505500631
0.00172399463557243 0.0234165225176761 0.28436030207845 0.266039088648487
-0.03880446649266 0.0280839544794526 0.261383194590449 0.329667749467905
-0.0767538719852778 0.0144503170415723 0.169611500104902 0.400295441900902
-0.0886565620519575 -0.0444588673067332 -0.0279875649660661 0.43786627958212
-0.0386011977123915 -0.0989894425494863 -0.256153370970768 0.375172784222146
0.0342148292984398 -0.120440268030303 -0.48486463283061 0.19711628025875
0.145483324425456 -0.0872319021406403 -0.714692552544375 0.0438968671665491
-0.125668596351195 0.134407039432952 -0.266894596757435 0.202350054993407
-0.0146740389778004 0.14216762711533 -0.110964564381679 0.0119723591449315
0.112116064762737 0.0410814768301695 -0.102104998281085 -0.0289349708334362
0.100072675923684 -0.100893061217677 0.0263235025863552 -0.0149550856489387
-0.0116993199087562 -0.102844446271295 0.00762479843263383 -0.102989965899807
-0.038012802836135 -0.0736514604575271 -0.0424374123606746 -0.0137362195056354
-0.063911587531793 -0.067926182500121 0.0587711965111419 0.113084252360048
-0.0787367839153676 -0.0574777445134617 0.185844506025061 0.203086832901719
-0.068224275396412 -0.056798193993578 0.274587908174786 0.251557740507429
-0.0443558262737107 -0.0630408527075548 0.257005515614193 0.317868895588594
-0.0281066268047466 -0.0612673625039311 0.168297978803696 0.391473480467485
0.0215286060600808 -0.0798974135681799 -0.0247696275039733 0.441027414938716
0.0411353062933212 -0.0258581657580426 -0.244096177270766 0.39355208072918
-0.00336797575004252 0.016662662324725 -0.449690129819061 0.21909036117852
-0.0266949379269175 0.0353263890583106 -0.690413224674747 0.0876359814996195
-0.284353713043387 0.258609275821985 -0.234657966200885 0.154676893368647
-0.0542868198426806 0.338686064947882 -0.126753024856249 0.0617045281045282
0.233369200268901 0.173246570037913 -0.0405959725855987 0.0383670382065884
0.267052397457508 -0.151650823707141 0.0927835758967642 -0.0527759881706096
0.039678140739695 -0.224124337523123 0.00239625183832747 -0.184228696939249
-0.0566182163511504 -0.17641874144754 -0.0825380990269069 -0.0623689468311909
-0.130886198313621 -0.147090812739333 0.0157853407076754 0.077824396455188
-0.160506838197622 -0.120268786774401 0.142173929509873 0.16718576709142
-0.131455690454134 -0.125542585981612 0.240902200596776 0.205775127301775
-0.0524549957667874 -0.142222434565536 0.244630839915249 0.288165294592554
0.00849471050978952 -0.133532314223733 0.168428725110798 0.386617880668341
0.121980822397476 -0.128005593203595 -0.0403938362836438 0.450469579625129
0.136959309562951 0.0354268923665778 -0.257424433104264 0.389290133306035
-0.0231608813427616 0.16380296906089 -0.390710443371084 0.187485104230019
-0.193723752429526 0.167884133364274 -0.593223589396359 0.100480274104547
-0.386756484119181 0.333046215802329 -0.137926534352827 0.112010150421107
-0.0674577430588989 0.445005496483948 -0.0687921209464152 0.13224212302287
0.307100869746133 0.239629616572794 0.0946890800733 0.0639931003110246
0.355698394590493 -0.180994269767206 0.168720900108375 -0.150005506449745
0.0789543580898062 -0.288910890073877 -0.0214561336325942 -0.290631121286533
-0.0541680204358749 -0.243640916390736 -0.135577574743436 -0.13041223066136
-0.171121754293896 -0.206260495151217 -0.0449224537692126 0.022686951723531
-0.218113383089796 -0.164997540347476 0.0745957312419473 0.107726518062548
-0.179896129352866 -0.174554625998954 0.187078282127837 0.142702012507371
-0.0661226015962753 -0.201749451003144 0.219770727594553 0.251476977086562
0.0262604252802952 -0.200656981382565 0.151088037412911 0.390068866806635
0.212960231396364 -0.189201216992487 -0.0908050546018392 0.447717671946893
0.245950288077155 0.0896676141036885 -0.284432309916621 0.334607158375297
-0.0311626265681577 0.31345343567354 -0.296912540342689 0.108557993815644
-0.339131038700985 0.288720530000445 -0.439279748713478 0.0832352517567759
-0.426401950166108 0.35938478360499 0.0178382892210103 0.0822489102168887
-0.0683289007566371 0.46435091125578 0.080798615703748 0.163210238937192
0.317032244076631 0.248922622160548 0.237209072509491 -0.00363565009406979
0.37106769846606 -0.172547521670694 0.195298141383758 -0.277025106928794
0.108338933591043 -0.293380948342733 -0.0622060641906014 -0.375617119862301
-0.0336823352779226 -0.268400958266559 -0.184645137037531 -0.196149786642178
-0.17940500577754 -0.233395501004502 -0.111653328083687 -0.0452722995723633
-0.244228745674199 -0.186616084650535 -0.0092200247634025 0.0326763063752611
-0.20788412070417 -0.200267390106716 0.117172966168453 0.0769274876783176
-0.0827084741787801 -0.240011386101188 0.177509410532035 0.217735444386557
0.0336340514990928 -0.262039450033623 0.0997789880500607 0.383240893930354
0.301843883912721 -0.24425930260696 -0.169013804727665 0.392213144858713
0.347094742845628 0.155131360908446 -0.282643010159095 0.213878698580589
-0.0479181189420617 0.447103611330184 -0.153703194588792 0.0192523440248176
-0.44249474512524 0.37114689273011 -0.245766230593322 0.0421188939994227
-0.404336716335803 0.352033293955256 0.209756957233205 0.051105195822283
-0.0652430639968247 0.420018265415677 0.259896157275402 0.112763435861098
0.27537663161582 0.231065226155701 0.313262627942368 -0.128672298774428
0.339336702546935 -0.129883358873595 0.164747691626282 -0.373051251998526
0.127406274357902 -0.253247321430241 -0.0992949413658354 -0.41419445079625
-0.00424708494834833 -0.251269680522654 -0.217851087216803 -0.24844590437035
-0.159865072987461 -0.226263517202207 -0.175649200630652 -0.11657688035471
-0.232860260537597 -0.182351156989983 -0.0958496386905527 -0.0430742838303561
-0.20681874167224 -0.201597966568372 0.0406420884574748 0.0160981079156257
-0.0878540664311805 -0.256070312322005 0.114181513782337 0.17712639446215
0.0542534937389718 -0.298037545680408 0.0164265674830083 0.334570994788607
0.378675255009741 -0.246460085268692 -0.224268125717702 0.263292670395324
0.390139876691431 0.238144279361392 -0.199324660317761 0.070911345124767
-0.0927622127685047 0.519206462815656 0.0140051263542771 -0.0190259559926283
-0.485112797714491 0.391848685623077 -0.0482788341100209 -0.00704182822381966
-0.322240402883674 0.306624308611072 0.400823582850881 0.010133577092009
-0.0549941138663416 0.334719904354586 0.397586284587974 0.00303999269532335
0.209395963457457 0.195432516403148 0.316005969988967 -0.241315691238309
0.276900804526151 -0.0788785029235584 0.114224976989069 -0.413984276586234
0.12700229325355 -0.185473130372365 -0.118127350528909 -0.418804772456192
0.0206478128167981 -0.200042883566173 -0.234997823357731 -0.287676337708898
-0.117870014355893 -0.187360553701273 -0.229750279584492 -0.181311946319116
-0.18774822867848 -0.155032744861647 -0.168721742126142 -0.108688787344897
-0.17025362258389 -0.177063667075185 -0.0305355245571958 -0.0368186305889149
-0.070032796168255 -0.237492309479924 0.0449865340948941 0.119627291775613
0.0858341352124398 -0.276781714490684 -0.05299757194974 0.233096179428791
0.393641324257506 -0.167676686894979 -0.197877852604055 0.105969386403296
0.324315938805224 0.298043409022184 -0.0464279675920221 -0.00640965479545205
-0.153512916163102 0.481389195449614 0.135953036264438 0.0190814443129987
-0.442024172955797 0.336419845950855 0.116854599851997 -0.0587744118344343
-0.202795834994331 0.227955780792633 0.553601814590635 -0.0384629717168429
-0.0366451694556442 0.224229337206663 0.470854168902209 -0.113905875495087
0.13556510185568 0.14093334372165 0.287528969819564 -0.31437158330796
0.18749080673864 -0.0336206006167827 0.0737108053965584 -0.422945139437645
0.098824165761639 -0.104379402151373 -0.127472885234701 -0.40818321350725
0.035721179831594 -0.121990107632454 -0.245089203370293 -0.311909042732992
-0.0595031582853096 -0.123753170383548 -0.26634719986727 -0.226104802529831
-0.113421519950395 -0.105390413797294 -0.215427294531001 -0.154813321335509
-0.103880165779288 -0.126474056128246 -0.0827458731307678 -0.077929849002046
-0.0301001115265882 -0.172497970134586 -0.00339508319202099 0.0547966475171693
0.0996623899995812 -0.183439143873243 -0.0689976916341527 0.120256010462856
0.298298570636563 -0.0521801009891994 -0.106023600467861 0.00423306494961238
0.172960476243436 0.263409045117797 0.0846154507384136 0.0100559749877399
-0.171352732829365 0.321999791830056 0.166941630176457 0.0832335971837338
-0.303595271559917 0.215019558537123 0.225261376673819 -0.107393875866829
0.0652374715894421 -0.0297782379964778 -0.228013796499923 0.233299029769675
0.0393414323573776 -0.10707668638963 -0.0878031741986136 -0.000355356808789439
-0.0385689938482849 -0.120454588782731 -0.0972121121353371 -0.0505819546910917
-0.104971397020455 -0.0282106934536563 0.0238208282674947 -0.0174794201324891
-0.058515362358281 0.0518406467895008 0.00819769156285695 -0.0833185383310428
-4.04382297290019E-05 0.044377451693788 -0.03473331371313 -0.00253592815229043
0.0178919053696288 0.0162183521573205 0.0735336299943897 0.12215092365315
0.0150519268377471 0.0118413647413792 0.208068608799625 0.205112549540842
0.00125898627533102 0.0225688012317093 0.293902194899808 0.257913119268473
-0.0384178191636585 0.0292351237540214 0.267373411149741 0.321499281174857
-0.0756759226291341 0.0179245516234687 0.174887297908889 0.393603629353139
-0.0898151582464176 -0.0417778232546003 -0.0212657179876362 0.4325195852404
-0.0403878674602845 -0.0977622903320856 -0.246111884695453 0.368872601522579
0.0340184767387714 -0.118693270971496 -0.472332982675329 0.20043124502097
0.141477455507678 -0.090549981317867 -0.701481361846217 0.0627074163202669
-0.120495192301219 0.133581758353774 -0.263419935771119 0.208809992760955
-0.0135843996972964 0.141281377989043 -0.115065806347868 0.0255565703428813
0.10841192912144 0.0395250785925035 -0.100378293685114 -0.0161659082222557
0.09621326459478 -0.101568388845927 0.0303871288137599 -0.016075992342882
-0.0127599797750984 -0.100201365063497 0.00195077332195428 -0.103209013181264
-0.0390842716650179 -0.0722848146844889 -0.047082585069278 -0.00859072036394834
-0.0681482266294646 -0.0671713295293247 0.0613241619628448 0.114959616705737
-0.0812533565806485 -0.0548221719268219 0.192636632898701 0.197743241743529
-0.0715419130804542 -0.0567469419817706 0.282891821121775 0.243844913740848
-0.0461073611766769 -0.0636862828193741 0.262351714232105 0.310866028583274
-0.0277506413717463 -0.0598122964174868 0.174005776762485 0.385330140508625
0.0194394103535475 -0.0799474717928681 -0.0182386104569083 0.433960879705629
0.0406186811963933 -0.0249553969732256 -0.232773893846315 0.38595427682568
-0.00145519443611051 0.0195918184137312 -0.43677427193147 0.220455507379841
-0.0260869977068056 0.0331585614412932 -0.675277147318814 0.103732592836488
-0.27463286712634 0.260845683879943 -0.23246116306117 0.159857223454203
-0.0483828424320356 0.337755406912694 -0.128570834808911 0.0728914588216041
0.231544361849313 0.167958330599245 -0.0380085058669303 0.0484088985340311
0.259834547445256 -0.157419798940016 0.0933476828435016 -0.0545856798009643
0.0360349556660362 -0.222605571550774 -0.00664172831873569 -0.183411099632099
-0.0600287677996075 -0.175263827337844 -0.0873380049247541 -0.0552167036158485
-0.137412087293015 -0.144788959892278 0.0176505314258705 0.0815153030389798
-0.164695373903677 -0.114156918652671 0.14799458695966 0.163496199844808
-0.136542488797652 -0.124624440014691 0.247107114113474 0.199721326868567
-0.0556350646267053 -0.144021407253647 0.247801224871294 0.280052288033201
0.00762408366696805 -0.132965468882063 0.173132026196719 0.380590873550754
0.119815258152752 -0.129834481302002 -0.0329284788010927 0.44422380580573
0.137242141878717 0.035428894224284 -0.244555634014221 0.381740627438882
-0.0190460662620895 0.166168352739282 -0.38041147951773 0.187245621114656
-0.188453919202745 0.167096592611895 -0.579440291975967 0.113202300974545
-0.372866520098553 0.335752447955615 -0.138036185081019 0.114846060446958
-0.0591723979291346 0.443189416158004 -0.0690299551758925 0.138481280678978
0.306262742870187 0.230979329513029 0.0956736502187515 0.0693991104231913
0.346629951662591 -0.188101685082623 0.165259840925206 -0.152360306925821
0.0735319152921276 -0.288695977386574 -0.0330264324913562 -0.287215809902935
-0.0598005452228644 -0.243329912727925 -0.141314126047975 -0.122141457421508
-0.178580567890714 -0.202902101183998 -0.0439108019219785 0.0273492576265958
-0.223629509451264 -0.157379263851925 0.0784502828090057 0.105293421432056
-0.187814578130304 -0.171973138034094 0.189979857246574 0.137928312381334
-0.0696050678404595 -0.203788679658762 0.223134353683194 0.244034995787319
0.0242133596023327 -0.200528662764473 0.158091118756077 0.382916012019985
0.208746201828642 -0.1925309065876 -0.081811006512368 0.442451073646509
0.245836401377937 0.086405327401014 -0.271316126738439 0.328949077918074
-0.0233075310210465 0.314128312380099 -0.289897480942651 0.107107246331921
-0.33037443906048 0.288484988094978 -0.42721961948158 0.0929442046226363
-0.412116259629207 0.364318677069029 0.0149861139897496 0.0806736916538906
-0.0615195551086505 0.462822894054486 0.0794051290406214 0.164410364432172
0.316472876177114 0.24108571261928 0.234873770420955 -0.00212801855171692
0.363038257662435 -0.180281875847253 0.188894656929629 -0.276899472858562
0.103581703889055 -0.295111501588261 -0.074345985960686 -0.370179163565824
-0.0400119757767827 -0.269091258230135 -0.190809219264154 -0.187182223083053
-0.187670998445738 -0.230725893467068 -0.111948671777831 -0.0397352719314173
-0.249686150209047 -0.178097580558798 -0.00852645551669097 0.0326686454108375
-0.214806063531317 -0.19673859978998 0.117836805081553 0.0733483718805094
-0.0863131247832004 -0.241817234593256 0.179969005838969 0.210212656266028
0.031370114012776 -0.260907018660248 0.108695487943364 0.376444625058294
0.293887509483063 -0.248644808867562 -0.160490279367501 0.389713405789416
0.346714087647563 0.147982985093578 -0.271836315041258 0.210943138166457
-0.0376296179270622 0.445754460902303 -0.149893396907503 0.0136706370108564
-0.429383813010106 0.374117232860102 -0.23612979299095 0.0463441413854127
-0.390026207859299 0.355348200915095 0.203599506562994 0.0459329313504899
-0.0589562740592958 0.421040804730453 0.255488568436592 0.108205344378333
0.27596722946432 0.224846627670806 0.30601366883647 -0.129068354355147
0.333773367128713 -0.138670339388863 0.156594917415018 -0.370787797198621
0.123847500686185 -0.256624355952623 -0.111152322354293 -0.409076122736963
-0.0115799206969896 -0.253550059215743 -0.224004250130248 -0.239868827922993
-0.167644762119668 -0.224461845342833 -0.177570424478527 -0.110458456432307
-0.238480172790675 -0.173945349613229 -0.09666356643892 -0.0407898805643689
-0.213772553804593 -0.197714579877239 0.0399346876330991 0.0139660583718099
-0.0912793705538952 -0.256848949298968 0.117205515127186 0.169523406003603
0.0495996002910565 -0.296571022663798 0.0266601575571902 0.332247419819981
0.368781768111634 -0.252828027639495 -0.218110614439554 0.264419553459413
0.39154399256383 0.228569686261962 -0.194704896574579 0.0668100651454086
-0.0791980868241903 0.518079427791678 0.0152699597393962 -0.0298543239664239
-0.469197190498204 0.395272251801497 -0.042785970397674 -0.00827620250277141
-0.312453003835055 0.308586281530676 0.392144466281969 7.75670830115061E-05
-0.050976388185933 0.335915769978798 0.389464789745963 -0.00432829362555178
0.21017649380767 0.19064145960941 0.305451893111144 -0.239832579032091
0.273103965845361 -0.0869830289498798 0.107238739313848 -0.409459677541887
0.123739930581448 -0.190082801148595 -0.126206569019632 -0.413508457708379
0.0149092705315162 -0.203115652338489 -0.241180223421733 -0.280880313119702
-0.124247749185672 -0.185722434088941 -0.232673388839478 -0.175690071590118
-0.192199162861139 -0.146715031320955 -0.171597058860592 -0.104790419158302
-0.176553294648942 -0.173574855045603 -0.0326409502777432 -0.0377601742180541
-0.0730393602457651 -0.237946797513946 0.0481752116970385 0.114006980828731
0.0796550909323258 -0.275974681772977 -0.0435242694676624 0.233766421069865
0.38591729774063 -0.176423751059355 -0.196837994617608 0.108201788676693
0.328847249865893 0.287488963002542 -0.0460810522570827 -0.0140588434226204
-0.138399592233892 0.483145597038062 0.138213974782536 0.00354869275870497
-0.426295479717891 0.339671988860832 0.118075727312999 -0.0652114648315761
-0.194206834934844 0.227339728772554 0.540400133812465 -0.0510070487000103
-0.0341383027754045 0.224779697077242 0.458175651391054 -0.121007407213819
0.137031315807711 0.13727782472047 0.277634058390774 -0.311967519418174
0.185588220186379 -0.0396876200721212 0.0669490730881672 -0.416388939258307
0.0972854557988205 -0.107116699867206 -0.134451973167281 -0.404334968384977
0.0325714458013316 -0.125248613090917 -0.250839465328772 -0.306373881849291
-0.0637081764741334 -0.123219618693007 -0.270963123917322 -0.219576076588699
-0.116618548235732 -0.0996351334209385 -0.219720508049566 -0.150445128194316
-0.108708751623156 -0.123531356635652 -0.0849408538613749 -0.0790512933781499
-0.0335904378763766 -0.17290797097116 -0.00123612358483733 0.050142271561939
0.0935501536484694 -0.18446520494587 -0.0623216835633351 0.123818652894787
0.293293290490684 -0.0603563756356062 -0.109213453175776 0.00579582434720743
0.178789232983113 0.257341712565386 0.082972486231324 -0.00239395967014914
-0.158153838746699 0.325354681253496 0.171357266113027 0.0649992392516618
-0.2928364514456 0.218215673063098 0.224510556751348 -0.116024364889862
0.0530979709000705 -0.0563574309045284 -0.10918525868933 0.315925082944161
-0.0103467958623276 -0.110943704467239 -0.0828261435218277 0.0513816762042363
-0.0873862775103994 -0.0889776154630288 -0.110998909227866 0.00616936806465793
-0.106589005377874 0.0212227540795902 0.0122550220760989 -0.0277791085291474
-0.0303265870548294 0.0737709925740368 -0.033535326472274 -0.0766969047680078
0.0195158777681789 0.0414801241053364 -0.0336123937715525 0.0203013676277059
0.021657495379053 0.00881728690067429 0.125761142555875 0.0810661705267089
0.0177878985034644 0.00364363134667484 0.289734437758902 0.0896388898445946
0.0106482301379552 0.0214500317641081 0.392104024338044 0.0970151377437584
-0.0212765002700606 0.0447566130940277 0.392768598506679 0.169686499197565
-0.0599617880897705 0.0536416970518089 0.334698692934132 0.273961333866283
-0.100175660317917 0.0088745962588323 0.171138289019694 0.395935772538538
-0.0856986687118588 -0.070324053097499 -0.0570728332738246 0.434599331742403
-0.0262623987589613 -0.124078401474169 -0.335538649267253 0.388969038575441
0.0833081280692278 -0.152376692572619 -0.6037843026595 0.376782046043557
-0.048655358478829 0.171908395094382 -0.150730721019369 0.319214569585749
0.0487558470589033 0.135961108712156 -0.0898298082013065 0.0883654071874388
0.114608589995649 -0.0066664386820923 -0.0887687716664313 0.0344986052931607
0.0400864828332525 -0.13168151401962 0.0226340819889308 -0.0376913865685917
-0.0544195184041317 -0.0840569905125833 -0.0544897530066216 -0.0958179936520658
-0.0675669268409494 -0.0491376062524867 -0.0508857778721884 0.0203434653928357
-0.0943386558834778 -0.0302796567638355 0.106606664535648 0.0792956419214986
-0.10250311637217 -0.0166878224395084 0.271285484212167 0.0902182015193681
-0.0942243924587518 -0.0200068048145453 0.375539408044881 0.0882445128396106
-0.070077859421662 -0.0404217644903156 0.384549792222536 0.161311479237259
-0.0498012561383616 -0.0428329028872067 0.333896294862995 0.269216433349502
-0.0168837741979913 -0.0758972581626777 0.181561567127733 0.400990763321489
0.02390782807579 -0.0370678235499231 -0.0380976887488927 0.447649486591424
0.00285374009010994 0.0214262639207186 -0.302257377792634 0.389983865494066
-0.015630961228215 0.0444665354783115 -0.567036291861659 0.391944400978082
-0.137608205982089 0.352384109084995 -0.142264542691142 0.267602557247445
0.100267186254663 0.328074281496898 -0.0763553887114198 0.138283891727721
0.281279196753399 0.0568787335393424 0.00405330605791982 0.0607785177219152
0.160201131530675 -0.251941329782756 0.0651694513289945 -0.109563961676966
-0.0638867032154568 -0.215168973518634 -0.103374268054313 -0.165780675176175
-0.13302397932887 -0.134495610665269 -0.111202491745463 -0.005478905247152
-0.19252668482269 -0.0716477810805177 0.0477893387366974 0.0674760174133604
-0.206822451793746 -0.0348141570074894 0.213069592441389 0.0785376077707268
-0.186076333560788 -0.0544746015194227 0.322167741918032 0.0638087514801729
-0.116069443189476 -0.112795737254735 0.357243763159474 0.138419113403919
-0.0492823969446111 -0.129355279606698 0.335915692741398 0.266891426105216
0.052485442447605 -0.167323946167517 0.178422939156366 0.420919959112712
0.141306442687482 -0.0223703200275669 -0.0524055330037002 0.452570481433391
0.0542873689722437 0.16522770655554 -0.272670151718052 0.332666948149138
-0.103349262835282 0.247357505457778 -0.483047486519588 0.34741835689157
-0.198085205715853 0.462135635484268 -0.0753557641881305 0.188978940587458
0.135712710218937 0.428141005807036 0.0106980494764676 0.169661441570812
0.374992626221769 0.0811011567593317 0.138478473964963 0.0154617256474849
0.224367194507085 -0.317291907349276 0.0876641526738101 -0.234421816740945
-0.059203768537128 -0.29126716423656 -0.177318152907645 -0.249822490456812
-0.162683715241719 -0.196957584808264 -0.192867130734717 -0.0425308486861261
-0.256812384836399 -0.10701614675771 -0.0365094190264185 0.0450883081800281
-0.280448612916908 -0.0486653506228293 0.120789100877091 0.0563521300900326
-0.254988618780416 -0.0765936118085991 0.240409078469258 0.0334128720066459
-0.156745739140947 -0.163171061703873 0.318407579824336 0.115374204219711
-0.062635239546929 -0.200746416812871 0.32686739911379 0.275140034659433
0.103734121583814 -0.264229741666866 0.141440843466952 0.44351578482552
0.265779587692445 -0.0228655308550035 -0.101001439437904 0.421554599931727
0.117942426707043 0.30359297061482 -0.234943493981019 0.218729641650215
-0.175311876573129 0.428814373609069 -0.358297138710366 0.249569580495628
-0.223756289597795 0.501145775596778 0.0497818048374025 0.0920335672700722
0.139826874864384 0.446132986485759 0.156197595381476 0.123871849572274
0.387514256448821 0.0867464030567516 0.231142950540084 -0.113137202556768
0.2410339909897 -0.316614930445834 0.0517018991177009 -0.358988376225847
-0.0358032117626233 -0.309288964194025 -0.2535149174888 -0.307097632202646
-0.157366371624154 -0.229675575726316 -0.267583705750709 -0.0817245771108841
-0.277683663419354 -0.127700229698637 -0.130451482883886 0.0132387732515081
-0.313046744001139 -0.0560070395342414 0.00731754255591611 0.0308613741102662
-0.291877645309462 -0.0872312423133718 0.142881289511815 0.00793121802944704
-0.188897951653214 -0.192180184073637 0.262676080060215 0.101597429062209
-0.0828468376614589 -0.259334892750448 0.283006501659397 0.290132014575668
0.153921345064064 -0.353426537886883 0.0549604711565811 0.435962708986903
0.38715310923199 -0.0135115165362909 -0.156149587665821 0.320777203125929
0.166769623527272 0.429324171045811 -0.15617058782145 0.0704995660560045
-0.223676405526983 0.555687683919654 -0.208166827326295 0.11490494709927
-0.211203351503538 0.482491823731182 0.207781316018803 -0.0246730925464621
0.11952990662409 0.406088980368612 0.290366768822154 -0.0091045605878893
0.341974678613701 0.0893627041991947 0.235964403791409 -0.258073325769803
0.232699920189267 -0.266248565648129 -0.01984634127724 -0.42677685537716
-0.00143457227384095 -0.283170397846379 -0.300250221571887 -0.327921723838222
-0.125147450010553 -0.228382143846262 -0.321730898009177 -0.116685487690014
-0.256463427267241 -0.131228581182477 -0.223084632700622 -0.0230363630873377
-0.300585911883521 -0.0561864310607031 -0.109991716761482 0.00464999150719779
-0.289779787354432 -0.0884317795559477 0.0432375032556817 -0.010975085690057
-0.199876892749343 -0.202820660437388 0.187406332419899 0.0920296900314394
-0.0827502927960894 -0.299677534104954 0.191478692381879 0.28659320585908
0.218395702320501 -0.392338152433853 -0.0518654357618433 0.353109500554844
0.465872846299944 0.0391940089764437 -0.1549981960303 0.159216300353354
0.164622244554812 0.514918284276486 -0.0296667560260845 -0.0456838359842482
-0.247644607779477 0.595148921450715 -0.0573234974485527 -0.0250784583639223
-0.162620866501272 0.40521822873378 0.359872517401374 -0.153407619606755
0.0887920881847191 0.32591131132805 0.358474265527746 -0.173996555299766
0.26698694584217 0.0860748850859785 0.183787532226379 -0.356078437913424
0.20081069178613 -0.193662233623824 -0.0812836817284733 -0.435230304536437
0.0269483283948017 -0.222862778992775 -0.313266374266708 -0.32522747285067
-0.0798558437622777 -0.193053595910296 -0.354984172135716 -0.148689480911537
-0.198873253401993 -0.115904430955684 -0.302804251874493 -0.0575879052667667
-0.243861172275561 -0.0503395348052634 -0.208774847967404 -0.0188254733909098
-0.244714134500638 -0.0821138769491989 -0.0475640859880873 -0.0251100691551689
-0.173914531960761 -0.192259964066602 0.0987746241966151 0.0726322909517394
-0.0465094455736143 -0.293294602244317 0.0845119255713308 0.232724039155831
0.266531618407763 -0.333087701977901 -0.108002830235562 0.207054693471719
0.435989502159736 0.119604287307799 -0.0626355134060784 0.0172272703216678
0.0989688551029216 0.508661469346489 0.0983711445028911 -0.075070508457164
-0.232938697803474 0.521385211600704 0.0668555616329451 -0.146467802844739
-0.0908492782249541 0.280099092615006 0.474743013788 -0.271108320358759
0.0563893765583178 0.217527617697131 0.366820196715689 -0.312973005198482
0.176429561926917 0.0691181587899812 0.122022202863601 -0.406010794871909
0.142806923490096 -0.112674059848493 -0.120719388905933 -0.419832083844388
0.0392220126599533 -0.135850541952772 -0.311336025201012 -0.312837013662233
-0.0279816999879869 -0.128364528823505 -0.373541053490601 -0.168589537938835
-0.115444946021689 -0.084853751924265 -0.356121057847613 -0.0812331268877842
-0.152050618370759 -0.0389700188393907 -0.27428546316019 -0.0376172846915103
-0.158833863568611 -0.0657103678026535 -0.11564892974383 -0.0374828091624662
-0.107862306018306 -0.148390629293808 0.0239053847917774 0.0390051563028752
0.00600057668226957 -0.214287408914873 0.012909749388092 0.143295740158941
0.237085709750191 -0.18715989040416 -0.0856926891739983 0.0734422942731961
0.284944879711979 0.157958168295093 0.0576750341565122 -0.0381183474166812
0.00816085471898834 0.375242261828553 0.165714283044042 -0.0375104463011603
-0.165565772918622 0.34284568000624 0.146862270842383 -0.231994310457409
0.0517411209181748 -0.0629570713017601 -0.101364634093559 0.335927316838073
-0.0168445980875312 -0.112964889297744 -0.081971314311222 0.070122806900796
-0.0960757918523318 -0.0839563315409279 -0.107032140126262 0.0199371235676763
-0.108747441738391 0.028942781855498 0.0142495619298818 -0.0324359546903007
-0.0259736851757096 0.0780156960119346 -0.0419379093824107 -0.078270067981034
0.0226368559048233 0.0429175312880159 -0.0350135790418072 0.0293923633335941
0.0212529445941258 0.0100243226005144 0.135533946485194 0.0803011328120042
0.0169438297750836 0.00338147308382365 0.307382876481551 0.0772497937554753
0.0103805151249385 0.021557626133076 0.414276943571955 0.0774379279165441
-0.02004764150288 0.04857524750167 0.416091335729332 0.156769942872677
-0.0575304585972346 0.059972903042074 0.358418510619507 0.267392518114327
-0.103651394078845 0.0150048525656142 0.192299959267367 0.400322500353035
-0.0930032956492844 -0.068417028129639 -0.0436618640278958 0.445479587827656
-0.0306276584030862 -0.127210706216266 -0.328501550218766 0.411613933182365
0.0769578393054208 -0.160876932792757 -0.597974699003061 0.416729884078246
-0.04093099580576 0.177557116923624 -0.143135059962355 0.340069783373876
0.056746224626146 0.139060586940064 -0.0877265961590102 0.108264069928106
0.116616720279724 -0.00995626990735816 -0.0826180519557791 0.0480488148991658
0.0339095201119834 -0.136789855123205 0.024021194371515 -0.0421720329759407
-0.0587073463375002 -0.0844756520185822 -0.0649461042421202 -0.094730309541227
-0.0723245777606602 -0.0477368802337722 -0.0524082356916057 0.0300768520919546
-0.102425592560239 -0.0244141599173909 0.116463248732494 0.0803357186967791
-0.108395873205272 -0.0104929967398747 0.288801776319221 0.0786289312610764
-0.101646364258953 -0.0154094287705187 0.397103352279828 0.0693906613627802
-0.0766753590361464 -0.0394254887817924 0.406516008010597 0.149207565698503
-0.0519276721743449 -0.0423210473852205 0.357668477571907 0.264399907834821
-0.0205241275840876 -0.0782738996171329 0.20285717298535 0.40546193924887
0.0236133477729881 -0.0385130954783784 -0.0235745508636964 0.457469517562483
0.00621801603410515 0.02311364541632 -0.294293072920484 0.410957146138607
-0.0161707863966958 0.0457325035294587 -0.558117421253959 0.43112422972351
-0.123451619521341 0.367662048450279 -0.137234077693795 0.285972024109289
0.119636310339977 0.334857758098747 -0.071098367678605 0.156815072849354
0.291708197673218 0.0473065228851806 0.0135956290106674 0.0695969631822855
0.152384557489784 -0.266834305726945 0.0640589751043993 -0.117571186394416
-0.0754339855799584 -0.220102744587053 -0.118542439204003 -0.163409129128181
-0.144449646377633 -0.134273408571917 -0.115525198993553 0.00736912827250234
-0.206960565647358 -0.0628806725453925 0.0548787404502017 0.0712835976436214
-0.217448680496593 -0.0230596842181954 0.227026034807568 0.0698548423834225
-0.199901693875448 -0.0459875843128486 0.338879656787468 0.0490035519500258
-0.128829723860093 -0.114558683030108 0.377222507864159 0.1278891046596
-0.055057422033107 -0.133489861661463 0.359067318255896 0.260662644520303
0.0463317408884454 -0.176681293313163 0.201727833173654 0.424688778273647
0.146809983996713 -0.0280281681656493 -0.036793336306869 0.463173236207905
0.0646445820676485 0.17024871302299 -0.267502151723946 0.351528807971869
-0.096819565878155 0.25911929623487 -0.473280203913512 0.380390895751907
-0.18037142382377 0.484026937542977 -0.0720998515028625 0.200587548435221
0.159870761299453 0.437436193611678 0.0177988003417785 0.183034446844674
0.390020216665944 0.0683847899830607 0.147808066666021 0.0163377847691217
0.214612887590694 -0.338306804391101 0.0801063429706478 -0.247010215055702
-0.0738932234614997 -0.30008527666848 -0.199988387658114 -0.245085001398659
-0.179351188602931 -0.199278718910492 -0.201324224893264 -0.0285001980204578
-0.275878662248426 -0.0965231750986614 -0.0335868778696597 0.0511830193281077
-0.294201106340245 -0.0338232517338722 0.129504786410464 0.0523694769328062
-0.272696857012166 -0.0653734504960731 0.251259534994056 0.0218021744429044
-0.173996837377878 -0.166594364130626 0.334628057056154 0.104517322653259
-0.072403231743748 -0.207393314359969 0.349994113232733 0.268390548313587
0.0957418348325437 -0.279683996328531 0.164536165305264 0.451378323730464
0.275165553707592 -0.0339847882096638 -0.086847918636169 0.433120150433226
0.137290169143896 0.309906240156663 -0.233390363728756 0.231185467592466
-0.160746782634876 0.448877385084857 -0.350893284726921 0.270658716461125
-0.206092757201076 0.525777726455141 0.0511823871435119 0.0941797196959546
0.163459758642501 0.4572815230664 0.165161522134996 0.127008435571251
0.403519321252858 0.0737709583420704 0.236972449563228 -0.121598016578869
0.232798403895263 -0.339851041696821 0.0370874176961634 -0.372229201751418
-0.0509571539152203 -0.321017476925993 -0.280233102318211 -0.300339433694204
-0.176220092306058 -0.233230031340634 -0.280858560036779 -0.0664184098588234
-0.299131968637427 -0.118793316622455 -0.134033623232535 0.0225585162328822
-0.328014940334875 -0.0393573314043979 0.00832946757554845 0.0309254118505927
-0.311520470168477 -0.0737713816876215 0.147470397898638 0.000435344604346066
-0.208967707137329 -0.195037940494785 0.275424482127364 0.092531759659442
-0.0959558314069736 -0.266942938171467 0.307905630456689 0.285402245593954
0.142873584444359 -0.373289203244551 0.0743101188270547 0.446386096195409
0.400258743656678 -0.0305959670370909 -0.149220729691483 0.332369826107924
0.19451940929441 0.434912155582466 -0.16091965867425 0.0739024404581067
-0.2048066632202 0.581106826004989 -0.205583014746792 0.12483824240938
-0.193941885482566 0.504830058417297 0.207467260440535 -0.0343163900529672
0.142831812440671 0.418151146019918 0.295458114284924 -0.0183537834290433
0.357867456326829 0.0787456204322915 0.233392064168432 -0.271667968480382
0.226718255201961 -0.287550617636436 -0.0394110339375489 -0.438102620296682
-0.0145302093971512 -0.297303290246052 -0.330407928246591 -0.321051182257069
-0.143543098032654 -0.233994992113906 -0.3395682380422 -0.102770092935944
-0.27709188789757 -0.123184750088326 -0.233018858088476 -0.0116542241540749
-0.314090297630471 -0.0408105790754635 -0.115588187622267 0.010759472459876
-0.309151747963931 -0.075598161442889 0.0423315750050932 -0.0141566092024088
-0.219656550933772 -0.205858319552725 0.196658381693286 0.0844992209342958
-0.0972998987509344 -0.306359065821566 0.215525744053951 0.284572080990304
0.20563393450875 -0.416130253458996 -0.0393932324989629 0.368268034116464
0.483096054376736 0.0177449686641241 -0.156331329285929 0.16591913733389
0.196349157173574 0.522883508039251 -0.0364975918259603 -0.0537388707603896
-0.22649344132242 0.62296525895932 -0.0581762369988989 -0.0275131869267479
-0.148006733994057 0.422932181058906 0.358405746671161 -0.173706305505131
0.107081010491837 0.336297472186406 0.357770187236812 -0.192084052331671
0.28102799776316 0.0782678599716586 0.174352636630977 -0.371263530728031
0.198012912522808 -0.211435124129535 -0.10234032978976 -0.444910392421792
0.0180773474661611 -0.235288311989619 -0.343230863847105 -0.319908300653778
-0.0944739437436242 -0.199528195409253 -0.376592450470652 -0.135697826651058
-0.216100240025968 -0.110074821301675 -0.318882154054889 -0.0442359173842356
-0.255067312612076 -0.0368217139298442 -0.220174894778922 -0.00930033470197882
-0.260699618632412 -0.0709736022163179 -0.053296180129505 -0.0250428701039658
-0.191352067156448 -0.194347127225899 0.10476032497091 0.0675630510632743
-0.0617380500417252 -0.300253369000903 0.103377866239066 0.233753603319118
0.257519566641539 -0.357549508903124 -0.104372778436919 0.221726486639408
0.457389484854739 0.101026739005546 -0.0705063418352044 0.0151515202266414
0.129891780326202 0.520391085003899 0.0935690171933728 -0.0935811408318105
-0.212915822125875 0.548081317283528 0.0627058971109682 -0.160194066659066
-0.079412456250603 0.290583514714536 0.472066686873735 -0.300803207835786
0.068544536836997 0.225112646512399 0.358438189672653 -0.335843453959816
0.185511204690429 0.0636471487857257 0.109111968726687 -0.419096610343375
0.141022688404625 -0.124214698420022 -0.140625359163117 -0.427273801680928
0.0344156079661745 -0.1447019504564 -0.337795153883067 -0.30943394471833
-0.0373903374968478 -0.134358806114702 -0.396787200045252 -0.15757975740733
-0.126596854736805 -0.0824293544696506 -0.376071203212774 -0.0663633551666172
-0.158811736281739 -0.0303291090448263 -0.289756256047515 -0.0254190696778164
-0.169152079787017 -0.0582510646638707 -0.124899077078368 -0.0352527120062388
-0.120286314825612 -0.150736638620726 0.0259335723803157 0.0351300172410691
-0.00493603373519532 -0.222197545370352 0.0258658673386265 0.146397280467537
0.233937092368551 -0.206573113580274 -0.0895245182952016 0.0828600701726847
0.304417258957708 0.147199718308835 0.0497147495761253 -0.0481931604137846
0.0314149604811167 0.386061739767573 0.165119354839517 -0.0592597388216685
-0.151649852259475 0.360786109716688 0.140759264368211 -0.253003779288818
0.0464400539153865 -0.0702374751080956 -0.0806240560182123 0.354121112192004
-0.0264929904145761 -0.112027012860416 -0.0748138031719371 0.0916547966429925
-0.104346144677913 -0.074462738506488 -0.0999905191657565 0.0346551814047761
-0.108479251575339 0.0395173655960284 0.0139144279675678 -0.036655972353273
-0.0192037417558146 0.0815307257714717 -0.0523441067708437 -0.0762097668624756
0.0267289213137584 0.0427677414291095 -0.0334739469034983 0.0394106694389764
0.0220495531309748 0.0115672573717148 0.146740799353266 0.0747925923072593
0.0165693202293289 0.00344267337514795 0.323500254350762 0.0537486669367859
0.0114343734444474 0.0215837091318492 0.43166216992257 0.0436461911497486
-0.0162241218616812 0.0524895075075389 0.437533365723871 0.128857877383748
-0.0523895184307707 0.0664607938782035 0.383938789995035 0.247062277536383
-0.105189725295767 0.023244733843257 0.221559445461786 0.393900102802176
-0.100473254261941 -0.0632484056331468 -0.0173553739997579 0.452374324260726
-0.0382762868318031 -0.127560080645493 -0.30319801445573 0.438148272917773
0.0653935467394328 -0.169584301853985 -0.567646956652176 0.466222844378784
-0.0285985161787112 0.181369615498102 -0.12308538784357 0.360850684587949
0.0675691140461077 0.139175539510704 -0.078607376473221 0.129535448340746
0.117307930116349 -0.0157666081614553 -0.0728057463762969 0.0629365560131529
0.0229400159109704 -0.140194195004133 0.0232843836979691 -0.0468454056851293
-0.0650060814656528 -0.0816834614862017 -0.0768081998182664 -0.0890022031739856
-0.0776651733449891 -0.0436769440715482 -0.0507575192802423 0.0422445775164728
-0.108426474366804 -0.0147151136127725 0.127538700875677 0.0765755631805547
-0.112761980378713 -0.000298161457071591 0.303795188716461 0.0572329259636108
-0.108269036880728 -0.00681304406364953 0.412311042339015 0.0381274086328399
-0.0832316554922633 -0.0350587383194753 0.427155215670241 0.121452528336976
-0.0545780461763112 -0.0402396746543113 0.382979217306532 0.242958144775756
-0.0270711393700589 -0.0790475030187061 0.232970499882152 0.398369732928061
0.0222970537079177 -0.0400898781621258 0.00419312762425499 0.461777982159431
0.00958547629163363 0.0241194219381708 -0.270609505601562 0.43569183895184
-0.0146567043660781 0.0474381343654349 -0.528550793448584 0.477644948466561
-0.0973869396623215 0.380759611886839 -0.121392655719715 0.304333684231294
0.146961819311679 0.332605622806179 -0.0601405720803235 0.17589770269837
0.299254975386042 0.0282554889190016 0.0259631951344772 0.0777372103823536
0.133799498387518 -0.281333138733369 0.0580069047960074 -0.125111046177086
-0.0916619795475228 -0.219730287363512 -0.137301519959733 -0.152010989567943
-0.15863065540307 -0.128151130769845 -0.116127485779758 0.0237900828250279
-0.219452812684571 -0.0462705755581951 0.0636669115101971 0.0724019521764205
-0.225176047982805 -0.0047778614513277 0.239901339096578 0.0534467607636306
-0.212098358802154 -0.0295558369783989 0.351048190340522 0.020570323171105
-0.144525113106655 -0.109624231645689 0.395553782176617 0.102089689162197
-0.0641237735449824 -0.134631940634458 0.385177915223359 0.239232710581521
0.0346083407319363 -0.185755284648748 0.232384988984815 0.418220601305267
0.149550304632091 -0.0382641632172465 -0.00725131910665785 0.467945725650565
0.0795827179997982 0.170557853410228 -0.247065212246539 0.372657071743588
-0.0814773129597398 0.270447520802419 -0.4458735080857 0.41846279162765
-0.145984453435483 0.50216400148575 -0.0628804624386624 0.213179497917807
0.195107233314924 0.43506230207434 0.0313955494037225 0.194504351546653
0.401494130377486 0.0419222800891547 0.157919871241264 0.0116806337257168
0.191859623062945 -0.3594052628698 0.0637348450664548 -0.257384912730076
-0.0966860277213171 -0.302028534217646 -0.225671447784561 -0.227871166849717
-0.200374323929581 -0.19249573654226 -0.206066361736565 -0.00745999712163613
-0.293142457898389 -0.0756770610995457 -0.0285308157258065 0.0587548010184301
-0.304358871580366 -0.00860877771665244 0.136721285170712 0.0435445038499224
-0.288140747798907 -0.0432114834926563 0.258868840093574 0.000822469875179224
-0.194691466101691 -0.161628087816526 0.348613580127431 0.0831803714677325
-0.0873600403491942 -0.20953991307649 0.376986586931486 0.246014553540955
0.078112739197042 -0.29357284993015 0.197065710426554 0.446690606664837
0.279818448839051 -0.0531885909893353 -0.0605094367372833 0.441236555028618
0.163095694847745 0.307414088849521 -0.22274633024229 0.247408546809775
-0.131389766174541 0.468373272451658 -0.330966258393994 0.298054370594805
-0.169664069113004 0.546367596803048 0.0539084914598806 0.0950748447553598
0.201588348471698 0.456278911382348 0.174911386012827 0.124596718375322
0.417137355628258 0.0477576136537361 0.235594384388527 -0.13524675180311
0.212274342113849 -0.361970764335145 0.0101981839347784 -0.380358923501401
-0.0750949828958833 -0.327662634025697 -0.310482310140259 -0.278210364854505
-0.200068594803682 -0.228406775507242 -0.290385463958938 -0.0409471521352129
-0.319636641770072 -0.0959741403087532 -0.134062305076853 0.0349609822544861
-0.338802073044212 -0.0121771957378294 0.0101910385406554 0.031858394058539
-0.327684582154385 -0.0492486070755187 0.149911257056592 -0.0121450874902717
-0.232374026481173 -0.188794576978995 0.287352647940178 0.0739415465334061
-0.114561157010787 -0.267845429395164 0.335665053257668 0.265729288515539
0.119012803742397 -0.392891503705234 0.106194035477901 0.449376209330093
0.406491154587097 -0.0598880966084518 -0.131413825869011 0.343739504388431
0.230381631687957 0.429454925001782 -0.161116986502677 0.0814640775040682
-0.163826407595228 0.604963351203406 -0.195537966898989 0.138072163268839
-0.158176785867475 0.523886018582957 0.203010848581919 -0.0475948268270408
0.175379725254315 0.418797954333614 0.29524689213812 -0.0338243869731641
0.371228564509817 0.0566357456649151 0.220676368367405 -0.287130002107541
0.209317259054184 -0.310412830623884 -0.0720739105982032 -0.441788674321385
-0.0360388250132266 -0.305564207551893 -0.361774053458052 -0.296640577798836
-0.167461718997325 -0.23220528388628 -0.354001905803312 -0.0761625002194817
-0.29754045546274 -0.102817366486361 -0.240306413852254 0.00715837054039063
-0.323687508521507 -0.0149716404562152 -0.119221706007041 0.0201565743514836
-0.32444118694163 -0.0504118914593629 0.039838810580159 -0.0191155491405683
-0.243823654419126 -0.197565666053583 0.206043143812624 0.0700089532301799
-0.120221488172369 -0.3069315228275 0.24353730162123 0.271015581225491
0.177374102707031 -0.440749670041397 -0.0142401804634521 0.379451924425141
0.492591320869163 -0.0185975129996599 -0.151704088446949 0.17575026333607
0.241255600508859 0.517041359034051 -0.0459493094535855 -0.0601134175735173
-0.180361747814915 0.648333713950473 -0.0603240113270668 -0.0289821979938199
-0.119267269984599 0.438625980033497 0.346442715593757 -0.201909432095018
0.134559987747571 0.338835394586158 0.344278569725661 -0.215985214276989
0.292936825002081 0.0604503611539213 0.153522790367168 -0.384685549050498
0.18557825060354 -0.231406574041532 -0.134654286401451 -0.444001240457726
0.000728979331076601 -0.245525390585292 -0.376234808000275 -0.298615880165241
-0.114997402826222 -0.200327207318108 -0.39554697267142 -0.109161782659704
-0.232775821312879 -0.0945417421116579 -0.331393754575088 -0.0197513078158454
-0.263055187649777 -0.0165597650549232 -0.230072087208301 0.00821510650527026
-0.273615528856511 -0.0494267488430238 -0.0593044786822666 -0.0226377863836931
-0.213231613008283 -0.187074073307412 0.110261943901492 0.0584433536486604
-0.0841488133820414 -0.302781155779867 0.127057456287592 0.227358320634162
0.234142735604034 -0.383687002566816 -0.0922526484155982 0.236864259733725
0.473079172885955 0.066376985572361 -0.0768068120663207 0.0158904504204938
0.174595594916714 0.517836936330957 0.0830429873909157 -0.112131164001041
-0.171933561777516 0.571182851421673 0.0514970922111659 -0.173038413897199
-0.0602242099834798 0.297442298940266 0.452502142820031 -0.339284218426173
0.0871347293217666 0.226957884032094 0.335177082897326 -0.361886415563738
0.194552459712635 0.0521739740694864 0.0835101519081309 -0.429400578902508
0.133761776917349 -0.137762523877092 -0.172245127433586 -0.425453243273112
0.0247837562169263 -0.153420163659555 -0.37036447962079 -0.291951633531435
-0.0505352343131197 -0.136783096435433 -0.419691703649355 -0.13093970214764
-0.137409953830401 -0.0735487642055291 -0.393306410210855 -0.0389376215215691
-0.163151010145553 -0.0172252558386142 -0.302946971861501 -0.00232951643230259
-0.178806488502432 -0.044314802103514 -0.133717898404631 -0.0285793884779463
-0.136720357222766 -0.14667609512068 0.0281388488163872 0.0306920339573391
-0.0211500465241079 -0.225472088372463 0.0423348722080188 0.144379972286803
0.221456436717258 -0.229106217453501 -0.0888111215835964 0.0953417873516473
0.322068921885653 0.12368700706978 0.0381471864117332 -0.0576473536118721
0.0648422520602367 0.389516042076546 0.158296430081491 -0.0849717253334771
-0.124219569686058 0.376759634508523 0.123094835855841 -0.273694351293264
0.0385284882976304 -0.0744050575603962 -0.0539085087468411 0.360553908566489
-0.0356628887106128 -0.107946392620085 -0.062120570037204 0.108374849095953
-0.108938789442381 -0.0615859087486045 -0.0870457219439617 0.0482524024848033
-0.103270741996407 0.0492365656919407 0.0122378509386406 -0.0399725758045098
-0.0115211673262562 0.0817284096102206 -0.061216172266628 -0.0707977744415851
0.0307542296388431 0.0410336645079752 -0.0281348695738135 0.0483969299088223
0.0230177542872931 0.0124054365701821 0.154517443576425 0.0650216930024577
0.0155504047795299 0.00311160248607487 0.327942139197309 0.0259013105330729
0.0113276022301572 0.0217207652286396 0.431875465960701 0.00443575998303471
-0.0118460200129176 0.0541882616860187 0.445400530020709 0.0930718076741743
-0.043931250413291 0.0705339983786726 0.396067672536196 0.21363391535851
-0.102647845569681 0.0327179061355275 0.247203280260368 0.371816232633206
-0.104938064940787 -0.0544541243382128 0.0117100270182253 0.444129784996844
-0.0451152491742193 -0.124282277220264 -0.266668011040429 0.451907974127332
0.0492319697017556 -0.172279670422955 -0.513992156521575 0.501668653824825
-0.0147553993167243 0.178654839904997 -0.0955167051062793 0.370171749190824
0.0778445439538481 0.131875289469859 -0.0635444818565519 0.145922458029133
0.114475427681263 -0.0227893301290691 -0.0586009684394393 0.0746401352728535
0.0113692417369567 -0.137886781795607 0.0207481854521276 -0.049104575545887
-0.0697198808526816 -0.0765637837824474 -0.0858259906472445 -0.0784304597833151
-0.0808585160101091 -0.0375098678623703 -0.0444193584046167 0.0523935757060099
-0.109116744047541 -0.00256515395684065 0.136434737169066 0.069442214342028
-0.112882416424009 0.0109692333296256 0.309384968863191 0.0307909373093943
-0.110382494714442 0.00375633962509367 0.41240556073886 0.000288865081711937
-0.0873285321248543 -0.028944682109829 0.433597687371095 0.0870402526402512
-0.055808278408875 -0.0367351417698178 0.397906778677618 0.211249893222666
-0.0329476510292965 -0.0771525366734374 0.25782627285774 0.375470821633153
0.0203227066751174 -0.0403997811216476 0.0341660651230418 0.451472771908306
0.0133556160615775 0.0237844934721124 -0.233122096614984 0.445449318451807
-0.0130861463077117 0.0477067676971595 -0.476521531592714 0.508580259358071
-0.0652914721796863 0.379883298993835 -0.0992020774792104 0.314258220725873
0.170772831646099 0.317745844680704 -0.0425482826734035 0.18979198532636
0.297556382053312 0.0053332259781622 0.0395499368408617 0.0807659739783806
0.108709730124287 -0.28663583305858 0.0489416711078703 -0.128626742361351
-0.106373575931748 -0.211496767674054 -0.149763585118714 -0.133604111680588
-0.168259164422751 -0.116153056123787 -0.110173114870937 0.0393011291365175
-0.223300808801521 -0.0251146410252432 0.0721552409275389 0.070734237315186
-0.225073534755107 0.0162083768355084 0.244139688872184 0.0333207197677843
-0.216676778632036 -0.00957938380176905 0.350347677165288 -0.00994600109286986
-0.155262195128531 -0.0990704109524911 0.40079370799352 0.0713177213662039
-0.073611836123916 -0.131334636611956 0.399226519233542 0.207013020239349
0.0201373771127662 -0.188069532343205 0.259659971214955 0.396034110660339
0.147354241252661 -0.0479512820319714 0.0231706062657459 0.458410319947288
0.0934194310909214 0.163950492641733 -0.216907437743998 0.38230437445821
-0.0609562445338545 0.271881429293634 -0.401032070139796 0.44443100789063
-0.104907315043532 0.503026487146623 -0.0493232388135212 0.219188402900757
0.227439403964983 0.415036445876314 0.04699207642115 0.199543682270642
0.399003060010771 0.0115148016400981 0.16316856725865 0.0061223679744165
0.16072435032038 -0.368233759622241 0.043014516926202 -0.258248489872464
-0.118015849474141 -0.294213694237268 -0.241956009840075 -0.199272073109241
-0.215966249740455 -0.177853495110294 -0.201466721690666 0.0150146488608662
-0.300367213177394 -0.0489850820594705 -0.0205714574706058 0.0636424802918066
-0.303535204018254 0.0181131209904458 0.139986902833273 0.0327612000747936
-0.293201380053063 -0.016811410908071 0.25555740396321 -0.0208929883074324
-0.211203605037213 -0.147291776867841 0.352405574408712 0.0557169326316792
-0.100919331983691 -0.20517040525907 0.392555458489678 0.213174057311175
0.0547382268832367 -0.299345084608757 0.226435927266517 0.426302359677737
0.274579506033855 -0.0733139736396582 -0.0303278753195371 0.436007748721575
0.184943379958127 0.292628724248837 -0.201957548733194 0.257079749453978
-0.0934261157579796 0.46943754813096 -0.298852245710937 0.315855021998382
-0.124508003599451 0.548081861840998 0.0553472586377408 0.092823856777684
0.233352242964569 0.438332779094059 0.181915247694013 0.118823794112127
0.415764686103856 0.0157483819449823 0.227195082356079 -0.145825749728667
0.180773302976319 -0.374007733772815 -0.0185197324412999 -0.374845548304582
-0.0984420237605211 -0.321584189337447 -0.32994407857363 -0.242469913905037
-0.219425680405344 -0.215065752673476 -0.288299702324941 -0.0121627503070115
-0.328142276715512 -0.0672998447204904 -0.128341915767345 0.0481142837645174
-0.337541086921128 0.0176468561630041 0.0121045368221123 0.0319155153015031
-0.332265159116868 -0.0196036207775964 0.145697657671656 -0.024495891705107
-0.250272373930778 -0.171687565362996 0.289441142903283 0.0502365796269347
-0.132739448326682 -0.259948752012684 0.352562906585796 0.233144340182365
0.0865688347981586 -0.398732695706773 0.13855966964463 0.436916476075457
0.396460224996163 -0.0897019325656135 -0.105784702864781 0.345135394860596
0.260520266471695 0.406000935062996 -0.156297763537214 0.0883485683074606
-0.115027244154093 0.606033189110467 -0.178627682469473 0.146920144735765
-0.116803165685928 0.525828588592752 0.190164031122285 -0.0596347240098353
0.207208967294836 0.404035641767808 0.286224587541175 -0.0482483058069575
0.372595072706009 0.0287051371862693 0.197976066202623 -0.294839208988425
0.182964557148326 -0.323944065237014 -0.104450436246908 -0.429069850244231
-0.0599234841933428 -0.304703584608531 -0.382242398239574 -0.25850804205525
-0.189148212633733 -0.220156266342076 -0.355522008525621 -0.0438806380786844
-0.306602523278713 -0.0761185597747546 -0.237315652993995 0.028468911625708
-0.322900133799121 0.0139006561285652 -0.118809515635396 0.0321997067401488
-0.328846640648579 -0.021139354092479 0.0354341536879495 -0.0223502202702016
-0.261003463864045 -0.179618237711622 0.208418166320996 0.0516835239017826
-0.140714230827264 -0.297243915046608 0.264143604470268 0.244672050149009
0.139833287971368 -0.449131315431812 0.013748667392812 0.378963291869472
0.484344085186095 -0.057357904006218 -0.140235462297559 0.181331775831188
0.279846791804141 0.491381901787268 -0.0551561388225207 -0.0629812612253734
-0.126543256172012 0.650835270024505 -0.0599451201385128 -0.0280511541223407
-0.0842686451354277 0.437440536522341 0.31911739117838 -0.222721750085852
0.160087958763524 0.32819949182655 0.320096535070825 -0.231921992553495
0.296637231763167 0.0385781377352423 0.124740651615582 -0.385679030702633
0.1645374870251 -0.244938359468429 -0.166079436795553 -0.426729470094992
-0.0191059037745221 -0.247654764627099 -0.395927231727794 -0.261479473708728
-0.133880503452895 -0.191969220300462 -0.400735236803719 -0.0752579695447829
-0.24224065848725 -0.0734624645514724 -0.332179626059875 0.00864471819501397
-0.261499856711613 0.00677685461534253 -0.230286338867537 0.0304535914093937
-0.276644556602778 -0.0245452596533425 -0.0646522561008886 -0.0185325853064258
-0.22974456032588 -0.171291048298387 0.113370196044899 0.0468118586411986
-0.10526804282568 -0.293418566205695 0.146910208248892 0.210775316696673
0.198744202344836 -0.398229781070251 -0.0745194209853977 0.245974217875191
0.470992052657273 0.0242891266135505 -0.0810563403252856 0.0180988259421979
0.21561961063063 0.49795586657735 0.0669316937575694 -0.126470418217911
-0.121272669931173 0.574568342497166 0.0363839767736143 -0.179727006916023
-0.0358538602522449 0.295753931085028 0.414281121656495 -0.366772128358648
0.105067412106355 0.219667567640291 0.298260416223837 -0.376442777560907
0.197650193212758 0.0373939251659803 0.0524827125292552 -0.424886842001375
0.119920991436188 -0.147315372106207 -0.201377964087192 -0.406546874004285
0.012450752804408 -0.15712416085783 -0.391469838270058 -0.257831163663602
-0.06461831126043 -0.133750606701589 -0.4276097385678 -0.0963017992543975
-0.144542667842995 -0.060345703773798 -0.396150945585623 -0.00559884081331903
-0.162582126821116 -0.00275962765280194 -0.305800574339641 0.0252401467506145
-0.181547473006086 -0.0271054460762228 -0.13851373885599 -0.0186930527861451
-0.148558677509392 -0.135083887372201 0.028819910905444 0.024624445473428
-0.0384080480712138 -0.221176150867874 0.0562311082139268 0.135857477328942
0.199473728864843 -0.245495116190726 -0.0830191121086052 0.106060694650234
0.327467873078245 0.0933496667297265 0.025525533793904 -0.0638950752195864
0.0982066431992486 0.378513839344434 0.14238437076376 -0.10766479757334
-0.089178966191791 0.378810750030484 0.0975604040879092 -0.285134541867363
0.0310639605256581 -0.0758409362111885 -0.0339433373916749 0.355736139569368
-0.0411063580623042 -0.101518269023864 -0.0480142763088253 0.119717157418925
-0.107657539079804 -0.050036341691376 -0.0721497726499125 0.0570788954806131
-0.0963584083649783 0.0553236970191178 0.0108149830449157 -0.0418387172807745
-0.00471852366662203 0.0797303950777791 -0.0670026703394337 -0.0635628972262894
0.0325017620972132 0.0383798420622602 -0.0216101915326107 0.0541394547072597
0.0243657920378616 0.0130799719485657 0.157653843942465 0.0570624219362804
0.0146407969379712 0.00389288238516237 0.323220437126861 0.00348022954489495
0.0111734093965007 0.021176082471273 0.420073095567478 -0.0249881570394677
-0.0078651921502199 0.0539769213583878 0.438595447853984 0.0636432106174159
-0.0363667411419147 0.0715538545499802 0.394361743976332 0.185128802399305
-0.097556190419924 0.0384345918234122 0.257577923555686 0.34590974782911
-0.104699175057114 -0.0454828986305023 0.0304778265968586 0.424994776131912
-0.0489244814381358 -0.11829239961965 -0.233276036452753 0.447567535957318
0.0372154150281246 -0.168783542633056 -0.460774737287059 0.50787804300004
-0.00510898856088654 0.170612947399189 -0.0740304628772316 0.367764347980416
0.0829611210611412 0.123542860266775 -0.0477230859597521 0.156254381618549
0.10894975929817 -0.0266959353552114 -0.0437015958106328 0.0816493150860245
0.00255587205222965 -0.1322663335657 0.0191339741570445 -0.0500901582044017
-0.0705710213239025 -0.0705011372724614 -0.0897138205443552 -0.0674045066000245
-0.0806451167064726 -0.0323739611943153 -0.0363187910499323 0.0590547675271331
-0.10617826308061 0.00638108174765249 0.139973102579105 0.0620593715151834
-0.109587609272872 0.0198901715773519 0.304256939989085 0.0108849180296273
-0.109316074098885 0.0127991372333473 0.400752829167537 -0.0266353143514144
-0.0885754567105003 -0.0230888959369155 0.427188965611009 0.0594298437217009
-0.0547422521089813 -0.0343599152788244 0.394862656659015 0.18218332595295
-0.0364105433752341 -0.0727824535197849 0.268590260939539 0.349968722290733
0.0182163321181132 -0.0396444456413766 0.0517310612855324 0.430928729717191
0.0154627194019873 0.0228772856234469 -0.201173682282676 0.440559330131548
-0.0117329584604594 0.0461714450953336 -0.423297348494712 0.511057918480142
-0.0425702675115242 0.367344630109206 -0.0805158624107924 0.31320712231156
0.183422765875594 0.297528149340701 -0.0254945676530045 0.19640520795197
0.286633328357764 -0.0103398581897864 0.0509921121089445 0.0823106518576806
0.0877264393019669 -0.280964503304142 0.041026648898142 -0.1268888520857
-0.114578878972365 -0.200005858578483 -0.153887317839677 -0.11460766613813
-0.17136838704527 -0.104224432902626 -0.100021387838357 0.0496486151788307
-0.219793569550111 -0.00801059494181612 0.0787576862342319 0.0671104357483386
-0.217543898588747 0.031907689588132 0.241486068297985 0.0177173206550563
-0.213568432844743 0.00641347704915838 0.338358444307236 -0.0321869212120335
-0.160475387923181 -0.088340962679437 0.393787572541103 0.046752838317265
-0.078123406851367 -0.126981065158806 0.396756016596195 0.177169022184524
0.009104150827521 -0.185470816155471 0.27049892758303 0.369510456248535
0.141604776374086 -0.0538288876222875 0.042971871297064 0.437483473217479
0.100190019010655 0.154851031308054 -0.188375744241606 0.377078990344029
-0.0455116212758528 0.264016296175566 -0.355759500681718 0.446427540523947
-0.0733742336452467 0.487383098580755 -0.038808546427938 0.218529587273195
0.241749096820299 0.389343115769955 0.0595624034454139 0.200000344396213
0.386052684455319 -0.00967298563443295 0.164729577043817 0.0025147994678364
0.134375011728684 -0.364155903430831 0.0286852147543459 -0.250723253644938
-0.130996420890791 -0.280818959915607 -0.24512180483448 -0.171623270633956
-0.222157735584904 -0.162510287514214 -0.189785480431279 0.031657874423616
-0.295501052381284 -0.0270639977101947 -0.0126915604281774 0.0659214910433849
-0.293883900032483 0.0387408561625752 0.138940680502477 0.0243682488413995
-0.288797116918341 0.00408352643496099 0.245517233541348 -0.0357970444921796
-0.218167209656932 -0.132998382198526 0.344447132293414 0.0342262852358445
-0.109290803605786 -0.197368012535807 0.390974199720654 0.18302561976586
0.0369256298106075 -0.294620955818768 0.241588705642983 0.401227318723981
0.262814573594288 -0.0852232807095477 -0.00996219283096184 0.417855501487368
0.196073651491202 0.273768574668773 -0.182272864589758 0.255534700620485
-0.0666279094552809 0.456244567184303 -0.26561604291709 0.315785118024966
-0.0904223360711527 0.531684278639152 0.0538274329400059 0.0915199617536553
0.251097826567582 0.410700512608034 0.182930272258308 0.113722794025166
0.403634452798377 -0.00646739723876051 0.216342262531062 -0.147913484565315
0.153567937250176 -0.370917313853996 -0.0387756777271219 -0.358829644861121
-0.114781727007861 -0.310461930053295 -0.331275011599083 -0.208163975587483
-0.229434133674349 -0.198003537667215 -0.27701521112304 0.00815046831268781
-0.325340777236324 -0.0431002392981847 -0.11940432813433 0.0576005741169145
-0.326576539147527 0.0396783310860239 0.0135295570081487 0.0328500095014751
-0.326095270461531 0.00282193043969002 0.137525962476174 -0.0322764352342016
-0.257563017766281 -0.155839640273 0.282778177264569 0.0316278896300708
-0.142046329917809 -0.248394757085955 0.354296757191875 0.201931322890175
0.0610158428741261 -0.39196521048916 0.156621534758421 0.416136676250182
0.37990575923129 -0.108146677755883 -0.0878280125261774 0.334647672824157
0.276152236711459 0.379902492736542 -0.148671798414678 0.0888743455092946
-0.0764592003764067 0.58741969751252 -0.161705797126222 0.14788420849868
-0.0832635574393096 0.510441583583592 0.175292287781897 -0.0632963203318634
0.224679659474532 0.382009107464138 0.272661499114922 -0.0528251670137011
0.363313062361203 0.00880006545680453 0.179772877976955 -0.290163284756124
0.159240992480088 -0.325013469292998 -0.123614541742303 -0.405438594637728
-0.0762257750948488 -0.296005926011123 -0.383804122021008 -0.221435325491767
-0.200672271525699 -0.205690109092809 -0.344999395540064 -0.0196665117049984
-0.305407755022548 -0.0541452586795631 -0.227880175532209 0.0441319001408616
-0.311436032131182 0.0346187056890182 -0.115083168144241 0.0415723125185179
-0.320975729437265 0.00122975141570758 0.02938255396736 -0.023677531258946
-0.267583811051658 -0.161992090751762 0.204194014728088 0.0365097148222573
-0.151135293603078 -0.282035227325038 0.269986760072551 0.217241043190797
0.109294691894146 -0.4430418717353 0.034653164032462 0.368115513562531
0.464335553816577 -0.0842421307309566 -0.130441371303434 0.180025306079973
0.298320769613601 0.45716319943984 -0.0618247666642145 -0.0624136408736203
-0.0841803833621275 0.630371547081163 -0.0590285224544845 -0.0284709051792498
-0.0569455966247274 0.423116917394656 0.290362846998923 -0.22880990456739
0.174947222964792 0.310577690696605 0.293219034393212 -0.234026751305568
0.291046514327461 0.0213474686274479 0.101873421058878 -0.37415242861976
0.145799759021614 -0.246505690037097 -0.183432663811769 -0.40157266318875
-0.0343215318299727 -0.243521990853136 -0.398650582251412 -0.225772996321768
-0.145643484343354 -0.180557119272317 -0.392734405907558 -0.0485983626511705
-0.24153974027967 -0.054886404195577 -0.323213045821239 0.0306177747737658
-0.252052758889025 0.0238066174413117 -0.224490024527872 0.047029941157987
-0.270592412599202 -0.0047733696693951 -0.0676291832305125 -0.0140753768338517
-0.235160938025153 -0.153807455553021 0.111150489035432 0.0358113290684419
-0.116976272992646 -0.279266923664167 0.156002171694638 0.190758228836311
0.168466929638297 -0.397285958494998 -0.0586362351626801 0.245903099754142
0.455830942545879 -0.00557546440773916 -0.0836638561306224 0.0197329397236496
0.2388096917986 0.466596475303962 0.0503772091643832 -0.133615075781935
-0.0831884600377309 0.557479342498021 0.0246173685853518 -0.179606506634982
-0.0196719593112334 0.28402214197131 0.37294386511683 -0.372935007386244
0.11554306991771 0.208257560181979 0.264936518033974 -0.371990547327525
0.19541336208117 0.0254829990822703 0.0307651918631266 -0.409652358624652
0.107663845329841 -0.149488831306837 -0.215203810981002 -0.380286993689044
0.002257368066334 -0.156357909529565 -0.395024234637093 -0.225848412951553
-0.0731576760344168 -0.127653833491749 -0.422379430351115 -0.0685740723881478
-0.144776243670814 -0.0484332328795884 -0.387879419894597 0.0203964405634844
-0.156548745732084 0.00858879662908559 -0.298134923149731 0.045919277607747
-0.177214430831194 -0.0131822331151249 -0.140672573819093 -0.0104975312008237
-0.154548824859036 -0.123330010890944 0.027611822993691 0.0183344549779113
-0.0498441619991018 -0.212184364032669 0.0654613217846796 0.124154688873219
0.177105031731955 -0.250141173927694 -0.0753838627738635 0.112898744202441
0.321632372354431 0.0675994477132208 0.0125250219233599 -0.0660501001353447
0.120011394790314 0.359006963648621 0.123490900699743 -0.122453526540341
-0.0620985145667735 0.367308601903264 0.0766999020219942 -0.285574581919915
0.0360349754750113 -0.0763883826654924 -0.048793426981757 0.345635560109804
-0.0343164894607466 -0.0999266707910658 -0.0465146079723518 0.126904762337786
-0.100882775651124 -0.0504295442306404 -0.0644998013322299 0.0624872406122556
-0.0937089663003075 0.0517290646376663 0.0115835514449 -0.0373284286290365
-0.00681465512630709 0.077531649729848 -0.0638694594768501 -0.0584448038866861
0.0316357264780161 0.0387282985324532 -0.016862004600606 0.0562020364268461
0.0256567912196504 0.0163309575582038 0.156719100119992 0.0588262881545858
0.0152765548785238 0.00631433857586728 0.316935122290701 0.00265597582212757
0.0131457317837912 0.0220709037929623 0.408958800791624 -0.0246839845202181
-0.0048869886754247 0.0528752291139782 0.425289305428024 0.0627135859848555
-0.0324416786156601 0.0698268010170824 0.374021590042592 0.184358260232057
-0.0889880142818648 0.0409738593783575 0.235207351331261 0.337841744323289
-0.101912506890843 -0.0396644398526906 0.012293609983951 0.402485760702532
-0.0492284548749273 -0.1107580983954 -0.231696366006595 0.419451058614059
0.0342023703350264 -0.155525293472693 -0.445914465799938 0.463098944332829
-0.00955675864597914 0.163843675851086 -0.0781779355057234 0.361104197047456
0.0779810758053084 0.12282004253352 -0.0408733404455671 0.15734894105386
0.108833414705322 -0.0202187819689068 -0.0357088030348147 0.0778769920085013
0.00580654531639891 -0.1247276140317 0.0171364309592931 -0.0523813709559826
-0.0649126157196684 -0.0701163195899531 -0.0915237210695924 -0.0619541602966006
-0.0778202339094866 -0.0342646530922682 -0.034124476509605 0.0618968269816684
-0.102035967149082 0.0065534583898623 0.137788282413903 0.0664032017010651
-0.108825705190401 0.019449796022454 0.29773199727577 0.0107792188151495
-0.106714287552274 0.0126044084109997 0.389783836252145 -0.0272672916116306
-0.086151858266113 -0.0249317810864881 0.415054895602358 0.0579274932320514
-0.0497856519465344 -0.0368305832307518 0.378728082200155 0.179706240740897
-0.0280305945172008 -0.0677121558556021 0.250770893506008 0.339849336551928
0.0199181732215548 -0.0309763125964003 0.0351935448557245 0.412606177515121
0.0120512004534887 0.0291782826786624 -0.205369558401087 0.41557546092777
-0.0135863665437039 0.0526245798052993 -0.41810369994338 0.468898911062046
-0.0552638704130815 0.354997385257466 -0.0774111121466578 0.312018228741137
0.169239482104953 0.29542380746912 -0.0167735927168437 0.192624749018203
0.280892800363636 0.00175032740737736 0.0550803150816851 0.0735087059294419
0.09156131578398 -0.265452824822652 0.0370328288338713 -0.131485776301087
-0.10404033428113 -0.196421822861475 -0.156207304706543 -0.107893635905076
-0.165039177230345 -0.106474367351078 -0.0981807867352936 0.0528591608079658
-0.213897739684095 -0.0107336913750993 0.0757256185101464 0.0725656548549071
-0.216772825891299 0.0279776811579023 0.233781689398869 0.0183987382639935
-0.210436791041979 0.00599089836045349 0.328063970958485 -0.0332318192545857
-0.159239487919825 -0.0909536930713489 0.382904373680755 0.0438123563989409
-0.0726114733565398 -0.129996748778884 0.383117171588137 0.172426451465444
0.0179980285189872 -0.176372988724865 0.258554727696833 0.356186229035874
0.141187918166792 -0.0422538919921789 0.0301903685949559 0.420532918167545
0.0927336165522226 0.159143295376339 -0.195828329707991 0.359155992638308
-0.0470144702624261 0.261788040112283 -0.357919038332517 0.409214102790785
-0.0914839495810218 0.471959484146405 -0.02972029786026 0.224323055416568
0.222960005860825 0.387112788771243 0.0668847437482658 0.195555712122341
0.376619773652331 0.00497922021236731 0.164996209706969 -0.00392263194610348
0.137565103021968 -0.34324181161243 0.0256061861661404 -0.253361182130649
-0.117180623792693 -0.274077354449883 -0.24600082695144 -0.163924967769078
-0.214595911041205 -0.164265288769284 -0.186089558964594 0.0333165814651585
-0.290150001210395 -0.030826242565287 -0.0152474452939257 0.0712712494157386
-0.292594662358962 0.0330349123070986 0.133288822404451 0.0260275871342407
-0.285477318895746 0.00280215468703019 0.236438461400917 -0.0373871936609297
-0.217719772224432 -0.136091375231372 0.334666592096871 0.0300168282790812
-0.10211490223331 -0.201245797362894 0.378836280566917 0.174053356486684
0.0460770366645364 -0.281708695161099 0.234235455302834 0.382969784263942
0.259541978000768 -0.0708718211735771 -0.0161619418899086 0.402181458120385
0.184834872539792 0.275004873644848 -0.191140009838843 0.243986307053838
-0.0672012594390754 0.44508426403943 -0.273902090992297 0.290069347638303
-0.112158009372317 0.514781407039776 0.0646423115581171 0.105898617761201
0.229063278745912 0.409849117610759 0.186782392064265 0.114171984543202
0.39264422850676 0.00952656449620087 0.217173617440659 -0.146766957816481
0.156265017671441 -0.349666820394674 -0.0366074857584207 -0.359214415250188
-0.101478922321073 -0.302402808016535 -0.328795374346875 -0.201562357975111
-0.222111221184262 -0.200089810547324 -0.271007376172891 0.00853748341358575
-0.319823424189227 -0.0481106574152409 -0.120671905961796 0.0617182463632149
-0.324900800555849 0.0338011403431386 0.00942561431947305 0.0342247158542648
-0.323251110322635 0.00163460002549555 0.13000089537292 -0.0336943800089351
-0.25644840137944 -0.158819528186425 0.273771473163169 0.0260714225619849
-0.132994681565186 -0.252190349065983 0.344073542938345 0.189480838359144
0.0697628244094914 -0.372233184766461 0.157341401044121 0.393489241333439
0.371715961243422 -0.0931773466289678 -0.086319898780898 0.324135974424653
0.260607355275796 0.37433040667689 -0.158267024625233 0.0870246782446811
-0.075398907294257 0.569342899693148 -0.174281338712875 0.131953435360597
-0.107721777311159 0.493409387045368 0.185806175238037 -0.0410501640295469
0.202280921936663 0.381508201668453 0.275049483703472 -0.0443170379023533
0.353091311783817 0.0221876528023873 0.186394888893986 -0.282528093198727
0.159893828889252 -0.30477034124918 -0.115719130782307 -0.404342260383344
-0.065154174491745 -0.287703191834905 -0.377658434123998 -0.217519046324353
-0.193899678646837 -0.2054558012698 -0.337171709508106 -0.0212726028873791
-0.300942677586568 -0.0574240314503266 -0.227892496193533 0.0476549090915732
-0.309828321962172 0.0284528626690037 -0.115858213250461 0.0438741225623692
-0.318150113701799 -0.000852788821446251 0.0240610699784752 -0.0257232610565521
-0.265947393660592 -0.165530494424299 0.196090695221273 0.0290469153159751
-0.141491061989732 -0.282961110986907 0.265153352935836 0.201102697143753
0.114018303029871 -0.420706572670476 0.0444971275602323 0.344992785027981
0.451037205449236 -0.0712593581817587 -0.12233284522908 0.178358376769597
0.283898907556257 0.447235660977174 -0.0744590999583238 -0.0565961811261674
-0.0813149952777634 0.606699210660495 -0.0724312377230411 -0.0311092705329374
-0.0785377832689683 0.40963864968634 0.298834368328471 -0.199719912460214
0.155820248434942 0.31117177468702 0.296686913469967 -0.217487662888681
0.281262439421071 0.0325516675870575 0.113434364918026 -0.361729122403844
0.144290941510394 -0.230335959402536 -0.170040847252012 -0.400449481872013
-0.0262688622840101 -0.235001587691117 -0.389149431394629 -0.223769120961638
-0.140933845024437 -0.179208964428989 -0.382592528082909 -0.0520145930154664
-0.239089774230468 -0.0583333939419794 -0.320365929275357 0.031615367264494
-0.250578382478102 0.0185415919571802 -0.223102335404336 0.0488754865889976
-0.267498168138568 -0.00627253558566017 -0.0708788698173215 -0.0169662134379837
-0.232924574768737 -0.155662127753662 0.105555958538986 0.0275118752475757
-0.108882037008874 -0.278658746478788 0.156610211068297 0.174571774825349
0.166254437124523 -0.377571754311069 -0.0417533116861673 0.231075379774178
0.442311678456791 0.00259755590232224 -0.0781665905029633 0.0270519020200972
0.230229296483433 0.453719058622524 0.0329754378450833 -0.125070054242805
-0.0786533913124892 0.535433671224749 0.0129702513900781 -0.174181606003618
-0.0398026728049289 0.274979266804458 0.378828851886727 -0.340827484602765
0.100938964033423 0.208762302964198 0.270165322715486 -0.349828855366071
0.187351217474624 0.0334149752886645 0.045649594718918 -0.394179094099163
0.105457567153389 -0.138012583501459 -0.199389817229611 -0.37775225111793
0.00722922772424498 -0.147835885275691 -0.383187798321031 -0.225256523553898
-0.0709314171235476 -0.125109888423278 -0.41009110722134 -0.0729860019048287
-0.144819426965302 -0.0502728168579208 -0.382158959701908 0.0201036744149532
-0.154617371510582 0.00478588538679043 -0.294228752565981 0.0484960043391941
-0.175447711166257 -0.0136666494831254 -0.141800071015836 -0.0139905478189716
-0.152784929273549 -0.123392190194403 0.0251695311710707 0.0103168109257639
-0.0455450238549669 -0.210395044748007 0.0690428961747667 0.112494959397545
0.172903801937299 -0.237918863553826 -0.0605859961299919 0.108264365666854
0.311363212980341 0.0680779502969182 0.00936204696494804 -0.0556830425235096
0.118357545991609 0.347992359297254 0.105116625177119 -0.11898097640624
-0.0589014449490871 0.350478261899027 0.0710871417995833 -0.274924815991414
0.0328829543011129 -0.0772337577447629 -0.0457224445040365 0.346666954990371
-0.0355223233906377 -0.0986320579807783 -0.0381510761472196 0.135816764054839
-0.0992780760833851 -0.0469527402905523 -0.0537105197355518 0.0670659147305796
-0.0909418278788818 0.0540705388748264 0.0125636188849088 -0.0386198979698161
-0.00504232786761144 0.0763535286863707 -0.0670351590436832 -0.0555304877846202
0.0326427875188736 0.0386383142646195 -0.0127237229576806 0.059991900988389
0.027573026382307 0.0172455950850525 0.161181134295524 0.0575104384918909
0.0150599204903534 0.00801822738973694 0.319030596427444 -0.00506861595425936
0.0129725368567079 0.023005828091528 0.407077188455592 -0.0325854664548795
-0.00422684253572075 0.0532326865362364 0.424431049612513 0.0563023382018543
-0.0296448737876609 0.0689085446769592 0.371217712655876 0.180346858128826
-0.0882055442492301 0.0428362357225737 0.23595557480561 0.332943837164203
-0.101930477029926 -0.0377731265985913 0.010509892602467 0.397345375465973
-0.0481807148676289 -0.110643471293267 -0.22468183830297 0.413219924207894
0.0320685624356861 -0.15321423658794 -0.432440740666568 0.457058717418985
-0.00915447985124079 0.1602418151918 -0.0757715690794394 0.362774934370831
0.0783440754806333 0.119647364885782 -0.032612008799547 0.166285386908696
0.107253425657066 -0.0202261961266439 -0.0247928580233441 0.0827704771581098
0.00437855888522831 -0.121875461267607 0.0183405348689408 -0.0524986605687206
-0.0650128217839372 -0.0698253617446285 -0.0922464205125741 -0.0571149123285356
-0.0783180298315922 -0.0329948833338061 -0.02966547521144 0.0660140900823958
-0.101279698498705 0.00969966776878676 0.142556804978755 0.0659770180315996
-0.108380339870469 0.023175997862198 0.300092738419507 0.00382135497121458
-0.107356631494258 0.0166264848415256 0.38726612039949 -0.0346353600038783
-0.08873988448777 -0.0236447431408063 0.414894153491212 0.0523315636233197
-0.0496898791426232 -0.0385653010282397 0.376637766191565 0.175065978336052
-0.0280928454670671 -0.0674936902705489 0.251642381494489 0.336028654074054
0.0203554566255013 -0.0302105091478905 0.034166347231394 0.40699651660174
0.0134691847307142 0.0292198936489519 -0.199176478460351 0.409939713672272
-0.0149227091734836 0.0518876994263308 -0.403648965814972 0.462382587036994
-0.0518840019406485 0.34897209506087 -0.0749049859530009 0.315108554910081
0.170983199400927 0.289345693401389 -0.0089166079558874 0.200320574391634
0.277364358734393 -0.000632981347061616 0.0649103399968885 0.0777981228962052
0.0869528061638788 -0.261860412914445 0.0374831899343816 -0.130629340516538
-0.104655084644809 -0.194799657779702 -0.155253920481432 -0.0999010717872086
-0.16792138432002 -0.104839035889151 -0.0933368809318104 0.0568052300298054
-0.21375573724946 -0.00592578708393469 0.0807885150482255 0.0732533149499563
-0.215640306759362 0.033570696602846 0.236739135279046 0.0141340586279493
-0.212007745478605 0.0118872669965049 0.325192572290149 -0.0382522621956305
-0.164326828121213 -0.089226153150499 0.381337284728809 0.03946457498361
-0.0732106739511649 -0.13200296596426 0.380629621414575 0.166933798668166
0.0157775520524031 -0.177079810302825 0.259089295991346 0.352204821990365
0.14193486739685 -0.0426096007061 0.0290717350240011 0.413874806310431
0.0942595377382409 0.158505954573151 -0.19022192197963 0.352430838242816
-0.0461915816472605 0.259243755520363 -0.34537539227764 0.402867316547066
-0.0862549858626705 0.464087527240982 -0.030173589368727 0.227541560218866
0.225347918977421 0.381140731412798 0.0726805214234676 0.201646911722906
0.372226807696681 0.00152158420557452 0.17167802787105 -7.68505668392489E-05
0.132872235951178 -0.340497086307587 0.0246540295826864 -0.250134266279514
-0.120472802849115 -0.274135341931776 -0.242726382811378 -0.15349339881065
-0.2192897209308 -0.162930854644506 -0.181041896796443 0.0384697655171408
-0.291042237635691 -0.0251058939033925 -0.0101876604371399 0.0729571749248855
-0.290803130539285 0.0395569192254157 0.135840228032352 0.024224233051545
-0.286183741883943 0.0100142874661085 0.233574343398982 -0.0396411785378702
-0.224249618716906 -0.134309538378335 0.333637828184844 0.02651828402363
-0.103324858742882 -0.203828830379729 0.375580077941594 0.168613501884649
0.0427279522597187 -0.28189472210471 0.235352162357855 0.378336726613048
0.258566377593326 -0.0718318185633472 -0.0160135390063894 0.396000615072833
0.185600995142835 0.272882695793703 -0.187579432570968 0.239774427333214
-0.0642959312747176 0.439065202015148 -0.264417070748662 0.28435855017831
-0.107329955864615 0.506012861885227 0.0617978232475846 0.109829411248966
0.232238704817674 0.404332800930234 0.188657145367827 0.120326834570656
0.38880516681296 0.00592984177056879 0.220994965176323 -0.141506334712751
0.151950040670746 -0.348658957682911 -0.0381777811417319 -0.353538578483655
-0.105244386262338 -0.303378546387326 -0.324685449262815 -0.188902686369133
-0.227897898220592 -0.198151981459226 -0.266371026856194 0.0140931534428073
-0.320878946341741 -0.0417530001920114 -0.116459612677683 0.0653035784702667
-0.323127082610013 0.0402246885539598 0.0120172995475722 0.0365647768545175
-0.322652854952704 0.00862404561573156 0.126798632644028 -0.0339388298595213
-0.262820820770487 -0.156246061636656 0.271537257673462 0.0224201964406769
-0.133684727970139 -0.253618078609574 0.342394532991669 0.181661723064434
0.0660340183786528 -0.372326455438334 0.160535673334092 0.389787728417936
0.367461627065864 -0.0947731516681262 -0.0856973521803051 0.318720121428158
0.261480116806149 0.37011761123611 -0.158629597175742 0.0834800294645562
-0.0702504982495255 0.561672956686376 -0.168543067188369 0.128269239233418
-0.103901949760652 0.485780146735917 0.179848972470308 -0.0367602370378624
0.205192353204798 0.377302495777444 0.272563238992352 -0.037824651520905
0.351497304494255 0.0181246013821809 0.186963790964076 -0.27528430739798
0.156185496292762 -0.304573970915038 -0.116255570626692 -0.397280820132397
-0.0698225011355633 -0.289456799786936 -0.373999475936693 -0.205889900995724
-0.200234606334395 -0.204651448181881 -0.333974627898977 -0.0157748630442392
-0.303196855356521 -0.0513243755087628 -0.22535856175222 0.052410867587222
-0.307656587036832 0.0346224146206349 -0.114088552556523 0.0484983812819961
-0.317565320878861 0.00656838069013404 0.0204869934640547 -0.0239739227058256
-0.271675900628335 -0.162926300168483 0.193714046644081 0.0254117496878503
-0.142324564132655 -0.283739699452226 0.26430447703525 0.192456612790108
0.107134647724378 -0.4195307989752 0.0489915859861908 0.344015096061221
0.444817604584343 -0.0751833926972593 -0.124175209633344 0.175558529996659
0.288459049787944 0.440319640321217 -0.0791395631900095 -0.0606333335314519
-0.0736456603514909 0.598219889490223 -0.071553419672916 -0.0345108832917794
-0.077446359924417 0.403279189272557 0.290463381167498 -0.194480238834438
0.158814249200279 0.308119078850784 0.29176769922914 -0.209575138326629
0.280751714147604 0.028933136878062 0.113894660144374 -0.353827282806571
0.141053037477859 -0.231387422414306 -0.169817533533922 -0.393465055409274
-0.0309071089899883 -0.237131561620734 -0.386659682673942 -0.213654518909568
-0.147021392462378 -0.178288711264105 -0.38245164438855 -0.0453997977419035
-0.240749576162761 -0.053465568380868 -0.319094858730359 0.0384951716728831
-0.248106433820679 0.0226213399255831 -0.221319167393122 0.0562995847453035
-0.266907215169826 -0.00150961869013517 -0.0746083980162283 -0.0145119696644994
-0.236690267143331 -0.153071109327736 0.103610268919731 0.0237582064955337
-0.110301365133639 -0.277588170982637 0.157905924331162 0.168033698982882
0.159246233285918 -0.376945008112206 -0.0375327951878181 0.233480540428769
0.437205324038961 -0.00462743702277874 -0.083428150185806 0.0261488749442078
0.234607315829795 0.446104476368551 0.025009246000013 -0.131058182459159
-0.0729170619130257 0.526086692497082 0.0104310399363426 -0.176477731262136
-0.038095111394968 0.270331019834921 0.367640910496578 -0.337655085435749
0.103276204290093 0.207467050723975 0.262714513583431 -0.341452085740052
0.187390563436534 0.0305612115579272 0.0459548771221284 -0.386231532847828
0.103209582399479 -0.138655093720427 -0.199319188957277 -0.372244215839778
0.0039655986987038 -0.150861437267351 -0.383044635842245 -0.217148622804624
-0.0753901732559384 -0.125187334437801 -0.410855226352285 -0.0674373597482929
-0.145634632788182 -0.0468998094824654 -0.382059817259248 0.0278622193733528
-0.15241851441232 0.00723352642950423 -0.293613309309684 0.0564760767272967
-0.174484584876101 -0.0100325681902701 -0.145508904632713 -0.0106048579903113
-0.155620938480059 -0.121111137378085 0.023015592700699 0.00696194527074961
-0.0469075626043387 -0.208899490276544 0.0715840867938004 0.107717511618623
0.166540748829439 -0.238301437182034 -0.0582714448617127 0.112555091238409
0.308146360365866 0.062115847901106 0.00123917407538271 -0.0570726076781212
0.124033670208824 0.341612852176723 0.0950241198137839 -0.126991468821909
-0.0537902597195211 0.344447546682094 0.0656713687247254 -0.276783741780195
0.0301621740575767 -0.0797674100811549 -0.0448587274636701 0.357163471890247
-0.0385422554566628 -0.100231083818706 -0.02937390480007 0.148272041032959
-0.100417304434004 -0.045179372374518 -0.0441328039395118 0.0726873764905174
-0.090802970692338 0.0574512171871209 0.013590722386563 -0.0409475416892086
-0.00356085816805254 0.0776104564455013 -0.0717428505012552 -0.0533779206085372
0.0344043615876101 0.0397331253134499 -0.00905813395173865 0.0652115714126617
0.0300920716044683 0.0181494011747983 0.170329611352653 0.0573575234848303
0.0157539251363787 0.00954390324916413 0.328915329881469 -0.014810364851345
0.0130587975667011 0.0250819957411438 0.414874863865665 -0.0428056213513003
-0.0033829042082006 0.0552543579057853 0.43508216237788 0.0501191596035715
-0.0281743939917117 0.0700008582406201 0.37948224503698 0.180851388208245
-0.0887381655399307 0.0457884910595179 0.243022664930558 0.335521755839739
-0.104636305844876 -0.0362200407947577 0.0106789121662619 0.403946459538976
-0.0488538817099892 -0.113152310914522 -0.223075194517074 0.417277995181744
0.0292140426573487 -0.155000735276207 -0.427766022414968 0.462402907995381
-0.00960221424558267 0.159879356841566 -0.0737757806400548 0.373804718630646
0.0809404098314452 0.11956035069158 -0.0241879218724143 0.179488537957811
0.107983719370707 -0.0214570943804721 -0.0137137799449039 0.0882779837204335
0.00323590061426645 -0.121968045110922 0.0203560487035609 -0.0548881805224773
-0.0669072256322802 -0.0707321614685463 -0.0953080017344277 -0.0531533128533037
-0.0812278534649401 -0.0325575339100153 -0.0256268326508962 0.0711577856856157
-0.102647278663639 0.0124247449048687 0.151640163174685 0.0663642939053112
-0.109914246682615 0.0277543574071178 0.310040941672083 -0.00457262130738926
-0.110756670416859 0.0211969543115421 0.395436345121017 -0.0425965814952491
-0.0932250186138755 -0.0223262285547319 0.424678218115471 0.0466359819446852
-0.0508598746622965 -0.0410078311252466 0.384945673158198 0.176066883454994
-0.0298930146259694 -0.0687335625483439 0.259296351716268 0.339191101357738
0.0216664935233126 -0.0301641905030564 0.034243698087438 0.411936963262625
0.0154655573025735 0.0303311216566314 -0.196848427930177 0.414493179218389
-0.0160402513692029 0.053704226748518 -0.400859646967779 0.468214956245002
-0.0501253583980885 0.351165080918133 -0.0739803679553443 0.325641471153691
0.177529524302656 0.291457671854871 0.00041873606365124 0.213020246752429
0.280142268118372 -0.00460029368186458 0.077138927111328 0.082129100018351
0.0847280736036357 -0.266338832078814 0.0382741260569789 -0.133888897392991
-0.109506907739942 -0.19910890499373 -0.15699925522326 -0.0948043625062641
-0.175102102341715 -0.105620737388011 -0.0907368450166301 0.0625791964618041
-0.218665742243418 -0.00130715645993304 0.0892289385169077 0.0749182163213559
-0.219509386553053 0.0403005175144827 0.245770299491303 0.00761066733954434
-0.217445538828866 0.0187328675331461 0.331104471617228 -0.0452574766122476
-0.173489222243668 -0.0884366164770208 0.391574976431354 0.0341439485574496
-0.0773601474421679 -0.13823781770268 0.387950228637481 0.166427536825634
0.0136857126830532 -0.1826266725921 0.268076174438822 0.355551306030041
0.145511072062546 -0.0444716403057081 0.0289507005922892 0.418859968137879
0.0989323985253902 0.162085849080788 -0.189517699362283 0.356651340221075
-0.0461291515690381 0.26326177865074 -0.342234806270997 0.407451942274178
-0.0847948319579125 0.467912703346897 -0.0293226162090523 0.236904000042158
0.233283562074763 0.385372600347273 0.0814983964832924 0.212998275660068
0.376256279071165 -0.00303050133450839 0.183847813660055 0.00188993665094111
0.130790907279246 -0.347290459155658 0.0241728884165226 -0.253708437445093
-0.126804173131279 -0.279988523237135 -0.245313985788182 -0.147101951068407
-0.229502764315686 -0.1640694934163 -0.180611365174247 0.0443720615925903
-0.298526390321784 -0.0188139926449762 -0.00529864710995946 0.0767354535335821
-0.295931213916656 0.0477905098731788 0.142517423879354 0.0219331342952416
-0.293949618809083 0.0174690075721053 0.236999297842009 -0.0436027668040001
-0.236684966937855 -0.133885215280593 0.341286983711357 0.0224796078573171
-0.109275203307903 -0.211364638061828 0.383390601094541 0.166505417726377
0.0399556243736962 -0.28941327625301 0.244367291327239 0.382858872537344
0.263961368139398 -0.0751458557176369 -0.015792174568668 0.4011292937875
0.19299443314777 0.276902417178101 -0.188573230915472 0.242531943711947
-0.0618096276530725 0.44428104209277 -0.26385781660802 0.286761839973718
-0.103662470573148 0.510860463442066 0.0616860773736081 0.11600750699569
0.241074823099874 0.409595259857587 0.19707458041758 0.128741703194358
0.394905191284544 0.00206293237970804 0.230287731258593 -0.141889659402289
0.15168635769778 -0.356978251048678 -0.0407125542146664 -0.357032601304423
-0.113142749798721 -0.310857136082585 -0.328021665327674 -0.182276965904168
-0.240924963056598 -0.200823709732655 -0.268705606779251 0.0198614098716568
-0.33086174685332 -0.0351338082821754 -0.115416754773807 0.069850134961627
-0.328816948191916 0.0489012594196963 0.015076960718867 0.0381704159576373
-0.33101259361827 0.0175027509058288 0.12728644736697 -0.0352935275659294
-0.276093983310283 -0.156408435577039 0.277192400737305 0.018879345880682
-0.139830519804879 -0.26198356691215 0.349197897095314 0.179797109009568
0.0615891760613163 -0.381776100591371 0.169170436974491 0.396072586141129
0.372459383073138 -0.0997046165750064 -0.0865855389706101 0.323135704403376
0.271725291614855 0.373238253670117 -0.162914918129883 0.0829608875024986
-0.0667412170665332 0.569270511958231 -0.168009020373315 0.127132643210579
-0.10149495515323 0.490509999856559 0.179321420000026 -0.0339457082313981
0.214995250486963 0.383264310043467 0.27932236049283 -0.0339181498167432
0.357435872847165 0.014644297035229 0.193791321192727 -0.277061811634125
0.155933183484371 -0.31369928934492 -0.119721058740862 -0.400352882430917
-0.0780873472071376 -0.298583336985264 -0.378670788372561 -0.198574567621366
-0.212891740201262 -0.207350510825442 -0.339950634125539 -0.00964908170266571
-0.312867107569972 -0.046270726082885 -0.227967748352125 0.0590991519432752
-0.312587014426513 0.0412380208837591 -0.113660565638342 0.0541347708090057
-0.32534712526816 0.0139620563088796 0.0182366850158706 -0.022658372314912
-0.282928529732292 -0.162912207183252 0.196609566030897 0.0217229030325864
-0.147604436990922 -0.290993903734977 0.271240825264811 0.190636878223327
0.102882600659044 -0.428892319764535 0.0564410074936891 0.351546866062435
0.449941514255616 -0.0809815229185562 -0.128210657935612 0.178743657567535
0.299549241595403 0.442971887045609 -0.0856134328721425 -0.0650980689036529
-0.0689710518896683 0.604326870868786 -0.0726301940469092 -0.0383828889620002
-0.0744090424367395 0.40649314683188 0.289236358324783 -0.195729498780022
0.167241318199269 0.313877399056688 0.29472192720398 -0.208232173804505
0.287319027134839 0.0255547530726084 0.117892946963461 -0.355880616960909
0.141043029088685 -0.239919332758564 -0.175377186837726 -0.39573676823735
-0.037058013921809 -0.24558823316642 -0.392829652809844 -0.20752040880293
-0.158013234483505 -0.18095941963384 -0.390485032096662 -0.0404984500609952
-0.249132399782272 -0.0492888158378875 -0.325350120126156 0.0481984963153333
-0.252235606666574 0.0278069665676177 -0.224452079363063 0.0651452173432849
-0.27252948298311 0.0052721731155076 -0.0799991658220103 -0.0120117637360069
-0.246818884023072 -0.153368187227152 0.104388203701361 0.0207870221403981
-0.115077965483692 -0.283191118150769 0.163501906143317 0.165294735619691
0.155554019634783 -0.38613855909432 -0.0331846001793271 0.241516661653811
0.442232515052233 -0.0112723108208718 -0.0903422802566055 0.0262135099239969
0.244545509209063 0.44834796790669 0.0167857055312234 -0.138854642675075
-0.06801341303252 0.530510395865382 0.00700846134428562 -0.182964005731043
-0.0367637686234514 0.272556981122461 0.36557587379652 -0.341280764625728
0.109810051001525 0.210490804144592 0.263028684775705 -0.341934336189438
0.192046398764897 0.0270237200535046 0.0477097542247133 -0.388514607948036
0.103751513897926 -0.143411892715472 -0.203596583312533 -0.374803116410128
2.99396656680551E-05 -0.156780894958331 -0.390750692704166 -0.212579603234412
-0.0825990259448667 -0.127006915031539 -0.422421231459942 -0.0622876140966114
-0.151414953686176 -0.0442535686559321 -0.392051831942933 0.038250639714436
-0.154388943851486 0.0103369796426261 -0.299012102960675 0.0671503117402954
-0.177535829287712 -0.00574704807743662 -0.15220818748563 -0.00694517586861562
-0.161512894222974 -0.121170291949065 0.0207551095982264 0.00373949955112385
-0.049971437263976 -0.213100849900309 0.0751083031311342 0.105523982199549
0.163990205640237 -0.246270406978499 -0.0561362199462729 0.119836279639171
0.31293633709426 0.0569728649350979 -0.00686369486149691 -0.0596345860085302
0.133665417005054 0.343562044381765 0.0867507544586157 -0.138216233108528
-0.0493527193539167 0.345791083239215 0.0614766532451196 -0.285942852023499
0.0248808900471602 -0.084123142137178 -0.0352463484325541 0.376022306766616
-0.0445314458687449 -0.102432141527974 -0.016593855337277 0.163339265258812
-0.104320064170314 -0.0418202864850331 -0.0325173252966186 0.0787997629726257
-0.0896586768279338 0.0639670000942811 0.0146803717171183 -0.0439738101036192
-0.000356972303643776 0.0802017838642651 -0.0789784964667123 -0.0501988673284692
0.0382306498578179 0.0403480881707112 -0.00353770861865273 0.0714680680499342
0.0338946362577803 0.0189461520862852 0.183586236256488 0.0524920680436345
0.0174909239135735 0.011423043321696 0.342298767946876 -0.0331653806790399
0.0141391761346133 0.0266530689704221 0.429225422278777 -0.0629519172307436
-0.000968524960033445 0.0586271664103077 0.454384040106844 0.0348817002995136
-0.0260528740036124 0.0723713195256317 0.399536951534552 0.174977963620213
-0.090075684404932 0.0518904487661889 0.261898228226395 0.339014265134074
-0.1091801414021 -0.0325135128206173 0.0198470895118174 0.41605570234595
-0.0525927077492114 -0.117118326427642 -0.215812362874766 0.434070350647009
0.0252084739946408 -0.160103807635595 -0.422421870480753 0.483011279102753
-0.0071167471720792 0.163745897094607 -0.0640286581209857 0.393236946966372
0.0867236491141335 0.119767609403066 -0.00907654964010011 0.195031272674674
0.109661969835184 -0.0246256980431345 0.000118674751887091 0.0947272127158294
-0.000571085652494022 -0.124740459583681 0.0213013963352834 -0.0586647676027891
-0.0717801729130892 -0.0711033116936652 -0.100867160129346 -0.0486317147770611
-0.0859191972916868 -0.0306386269951954 -0.0202968548182779 0.0776620836079892
-0.10541869824342 0.0187644522923885 0.16525651335395 0.0637752364129113
-0.112743476050336 0.0351024813244549 0.324430974314431 -0.0211877940550192
-0.114849149465419 0.0288357097297509 0.408037929475784 -0.0621910990818197
-0.100000027082046 -0.0187374564930973 0.444853293247945 0.0319562489077046
-0.0548577100494435 -0.0432085159315462 0.403897432807722 0.170248824810221
-0.0335906726044487 -0.0714217276033695 0.279237294786721 0.342643909265349
0.0223796547038869 -0.0311926781112569 0.0453814991749034 0.423676939079739
0.018395292444861 0.0313619353946087 -0.189673177272206 0.431523634791894
-0.0169827364150529 0.0565996080935204 -0.392629733720124 0.490163718289713
-0.0430835163946126 0.36011650816469 -0.0662933963214238 0.343895755549776
0.192080780894415 0.293853385067885 0.015540900809848 0.227940224383618
0.287056540839033 -0.013542059975816 0.0932373320021465 0.0854935204293303
0.0787382300724571 -0.276662539858679 0.0372578179977626 -0.139629831921877
-0.121968645963543 -0.203503256698115 -0.163910842148434 -0.0884366059685456
-0.18729280925561 -0.103139127767576 -0.0880103680464289 0.071405102639898
-0.227813294179496 0.00926147691864116 0.100788647554282 0.074686436201668
-0.226060562665923 0.0533621022756701 0.258146797097684 -0.00419982022773208
-0.227011308134589 0.0308208896926245 0.342029985972847 -0.0603905097049143
-0.18784048279877 -0.0845059825282486 0.409076785541963 0.0207377177497006
-0.0870353199970688 -0.144519581628463 0.40813459546992 0.16018615002028
0.00751347978534607 -0.191724825947543 0.288740590615335 0.359299983996429
0.150698071679863 -0.049970140996245 0.0407330072169659 0.430580592740402
0.109076193918202 0.166526929233967 -0.183279419070429 0.370828886822692
-0.0411003728852485 0.273652691329726 -0.336911070219739 0.425528477702027
-0.0740920669936373 0.482244506613783 -0.0240449645441681 0.250802754990464
0.252858534777567 0.389757790189782 0.0981589396929165 0.224304278239903
0.386615694787047 -0.0148260221731446 0.199458764713223 -0.000411988216513296
0.123707883775906 -0.363388752392348 0.0182047790027112 -0.26280383940679
-0.142396988285598 -0.287665111720371 -0.254130032835414 -0.138460252258312
-0.248005413367558 -0.162541349695945 -0.181796722118131 0.055540922753011
-0.312650621230036 -0.00593024919594545 0.00230472929394679 0.0801991701160291
-0.305795495753958 0.0632739552407262 0.151232619273484 0.0158946878212643
-0.306278076069819 0.0338991675837325 0.242923063354353 -0.0533239730233072
-0.255879941962997 -0.12936349369799 0.355529565872719 0.0109343669683981
-0.122678073541326 -0.220300757795011 0.401039622265604 0.159072913795801
0.0306728513772616 -0.304102760174877 0.266821176027685 0.388697200299971
0.27168974511146 -0.0848031198951748 -0.00532591808201598 0.412602283115178
0.209977161864022 0.282664047415264 -0.187833338580407 0.251856853480057
-0.0508956895629356 0.460373184167677 -0.259225486977957 0.299898162468929
-0.0939381022567227 0.525451751605388 0.0660901370768023 0.122958195414976
0.261909139593504 0.415802238769498 0.213690914195724 0.134157812903801
0.407426127517665 -0.00984921013573972 0.242588845774837 -0.150529374458861
0.144611635715479 -0.374730880887547 -0.0516569500874677 -0.365469528305947
-0.131080773950096 -0.321544079145581 -0.340118292377269 -0.172471929323835
-0.262382506959539 -0.199868290525151 -0.274743291351986 0.0325135955785251
-0.348038724609002 -0.021263825212363 -0.113179871316238 0.0781613833712007
-0.339725524922595 0.064832374829693 0.0202231801012841 0.0394073532581942
-0.344243145156742 0.0335011801448216 0.129697939059591 -0.0394998003953361
-0.29785896018096 -0.15236866619391 0.288420172776612 0.00892659276977934
-0.15560578271403 -0.272348583028209 0.366375563581211 0.172821297365806
0.0496863768407604 -0.399034280733602 0.190728758179893 0.404299475565299
0.382457102291365 -0.113335789529644 -0.0811238446024211 0.334831786289943
0.293184257035521 0.378436713674284 -0.167775642301747 0.0870087031999898
-0.0519436269363074 0.586367406942754 -0.167441270759583 0.132666256150086
-0.0915776189601142 0.505512817357192 0.181519988513552 -0.0351839900795744
0.235229757127698 0.390472386197354 0.291678357940122 -0.0360334754898108
0.37088264309788 0.00316162067561403 0.197769359989757 -0.288249248136761
0.150792821209112 -0.332217365522354 -0.135525040017775 -0.407008407537383
-0.0950390868921715 -0.310836905470249 -0.392431968719786 -0.188424076491193
-0.235023741928238 -0.207734989088208 -0.35168219234296 0.00425125979151906
-0.329746999228427 -0.0335202734164995 -0.231962551593922 0.0723213092875
-0.323417470344427 0.056860930504241 -0.113720514419022 0.0629025552306623
-0.337426840664144 0.0295529051432865 0.0160068881732088 -0.0226076650661968
-0.304954468214568 -0.158570206564424 0.20352346006463 0.0143230241881689
-0.163053284163868 -0.30046356978817 0.286202927506437 0.184582816140006
0.0904948375103364 -0.44797857804058 0.0726148943193663 0.363559893251833
0.46117866712202 -0.0990320155995077 -0.129845076010568 0.187513708688824
0.32404565788278 0.445727033034732 -0.0960533553694908 -0.0684547703070472
-0.0528476517896911 0.623216353468983 -0.0766352805135636 -0.0411248119425979
-0.0677899035961697 0.418683884431696 0.289504662871397 -0.207191618520189
0.185361253827874 0.319863166859278 0.299302175674683 -0.216557087929266
0.298507152212401 0.0157248481634748 0.115913419707041 -0.367333905041528
0.138479744134096 -0.255143105179901 -0.191395825759133 -0.402006028950721
-0.0504869235029515 -0.257595004586124 -0.410033590458466 -0.197670180860142
-0.176076147281007 -0.182797983235058 -0.407356049187649 -0.0258009111033832
-0.263054218985408 -0.0387895895167512 -0.335717351652255 0.0650223295968138
-0.260591074149153 0.0394024291498726 -0.228822786317096 0.0799882845563996
-0.282188326074111 0.0172003869479832 -0.0861332285371003 -0.00708495521466182
-0.264359948329732 -0.149840447388803 0.106391006302245 0.0154962774301737
-0.12897779066532 -0.291969818608575 0.175069545556137 0.162028782087191
0.144417258249243 -0.405316890604902 -0.0226409443281919 0.253470204073292
0.453369116326948 -0.027593605693379 -0.0977499368033494 0.0294894141351591
0.270727900753848 0.452650804849793 0.00513807340487233 -0.148877979431615
-0.0520492572764468 0.54575925786339 -0.000547359745339228 -0.192885253990835
-0.0306893815736214 0.279686715085923 0.362850970437887 -0.360426789733913
0.121672242102518 0.214700465266864 0.262290934747151 -0.354968642463266
0.199323639446325 0.0208476096940688 0.0424940339771245 -0.399103740036228
0.102365503626088 -0.153508866704998 -0.221067374667153 -0.380879344412355
-0.008221184109135 -0.165540087257145 -0.40958488640861 -0.203931776100984
-0.0942477390919913 -0.129046736693519 -0.442459917873909 -0.0474047877245364
-0.160237011219541 -0.0389222662282158 -0.406332159890245 0.0579247709220566
-0.159578533944227 0.0167118839900372 -0.306846290357721 0.0859079228940467
-0.183449212228593 0.00168731204810973 -0.162093494591534 0.000513834904605449
-0.173484502830145 -0.118990453169284 0.0187599445421611 0.000432912148732582
-0.0590085098062284 -0.220570819633292 0.0826349501432832 0.102845755489048
0.158454820531315 -0.261228728458806 -0.0514976033531758 0.128925412260314
0.323956329774184 0.0457853367364971 -0.0167263827550096 -0.0613913624983684
0.153197736991282 0.34717063374735 0.0756375247446038 -0.152017664190186
-0.0393027632701833 0.355362159450043 0.0508022014260607 -0.301193698019576
0.0169200414142219 -0.0872335187842957 -0.0134286306765205 0.393919983749159
-0.0545365219492117 -0.10200942535888 0.00319480450083668 0.176381959107077
-0.109611981127632 -0.03459012602846 -0.017670783058183 0.0848071420759368
-0.0866739106036193 0.072407811709185 0.0140876887360986 -0.0473745885305704
0.00508717753572237 0.0830366755634915 -0.0873531267201696 -0.0435687259148317
0.0428951036433439 0.0392479768849569 0.00520959251869141 0.0772354646226167
0.0379179659359735 0.0166983598934088 0.197851334047115 0.0407798341649657
0.0198539266934408 0.0119207915936936 0.350631545425085 -0.0620346224109904
0.0167146553565625 0.0281538266856186 0.437982057535456 -0.0977565321175304
0.0025033754809393 0.0616303432690681 0.471075003006454 0.00443331616812263
-0.0216417943288373 0.0758833468395019 0.422050401143202 0.155578180965461
-0.0889415798416601 0.0604554108181056 0.289169496267293 0.331602177652973
-0.114388003686984 -0.0249826074381546 0.0423198981125013 0.426539515491011
-0.0604862217416973 -0.118862688211264 -0.194892276696449 0.454312598026421
0.0148498044297416 -0.164602686302709 -0.399811508961628 0.516106681307155
-0.000731367671850868 0.167351759581191 -0.0409897946887335 0.414231584648942
0.0943805182295123 0.117054966792477 0.0132147193042456 0.207992731573708
0.109969461485767 -0.0312002025660864 0.0170332883575199 0.0987061917654842
-0.00782910471101567 -0.126580730272581 0.0209648269403451 -0.0627558875655213
-0.0787935543778841 -0.0686190718998579 -0.106407493598992 -0.0410238658606627
-0.090983239310277 -0.025692237492077 -0.0120919220617563 0.0845163430857949
-0.106040366934047 0.0274846166850783 0.18004981001251 0.0531899989790327
-0.112897391036035 0.0467571591757111 0.335077840012245 -0.0496379007617112
-0.117211907471853 0.040726791584468 0.41769427039573 -0.0952510873663417
-0.107189288804916 -0.0111186083012485 0.461545437397239 0.00209797753275922
-0.0609465069357114 -0.0434312706507968 0.427117119851839 0.15062027397461
-0.0399191609413168 -0.0718396748415608 0.30987393824144 0.335176449907857
0.022767775605403 -0.0325124037922164 0.0694256684433526 0.432958232553459
0.0224678453071064 0.0308327586604985 -0.167754669721904 0.4497248539103
-0.0153527628756777 0.0602480015627258 -0.370784253200507 0.521292459330181
-0.024611063084765 0.370631238361652 -0.046762431207126 0.363199613557008
0.214258645626074 0.289117091179248 0.0402376773910394 0.239391415529208
0.291022954718632 -0.0298464626931472 0.112294116634157 0.0833224267205535
0.0632093568629783 -0.288189818355158 0.0323579897836142 -0.146307038366116
-0.139150597615208 -0.201650841266712 -0.171841011067485 -0.0783261537662438
-0.202366360849322 -0.0935344576534923 -0.0815835129427639 0.0815522298697392
-0.234479728380651 0.026695084308396 0.114357776511707 0.069967408386647
-0.229342498768678 0.0731742930067646 0.267865821562468 -0.0257725702253635
-0.23341033311075 0.0512015532670376 0.348625208843947 -0.0872182934780935
-0.204223520921991 -0.0726137678632741 0.424774463993815 -0.00585382352389568
-0.102313937938276 -0.147086343704098 0.429492599037439 0.140664477933513
-0.00634154808805596 -0.200312302917576 0.320420187846789 0.35254829712537
0.15429034174434 -0.0593150667542994 0.0653597650327415 0.438083129647344
0.124042890377727 0.166570192122859 -0.166243356374938 0.387466137871424
-0.0283850276001286 0.28392696077149 -0.316028758009047 0.45174976074433
-0.04964036818643 0.495750802816274 -0.00992617097474918 0.264102615848148
0.282949284374872 0.384351579709463 0.12390451519322 0.230828034575116
0.393693597102389 -0.0370959714947881 0.214693805099384 -0.0119409816960487
0.104144956308328 -0.380747910551223 0.00473069738241783 -0.270322725295872
-0.167234282555764 -0.288344976567885 -0.26581001195106 -0.123068123573751
-0.271084298593293 -0.150758111689681 -0.17945070922325 0.071313315976915
-0.32407271617174 0.0172963213431669 0.0134242756711836 0.0826815825719695
-0.310547902218781 0.0908930768648439 0.159765256063997 0.00391573642037163
-0.315034450424225 0.0592824102788818 0.246808299160688 -0.0713902246889997
-0.278431010117236 -0.115231389602792 0.368311389544238 -0.0137929727422292
-0.143916662853497 -0.224511793301471 0.423378443679177 0.139520901437191
0.0106138885015802 -0.31712665259158 0.300990706142856 0.382571927335944
0.27596768316029 -0.102181985326913 0.0171556545184963 0.422305787385668
0.2342350880056 0.278539689224516 -0.178604446940222 0.266640873358544
-0.0254461031899212 0.476252498722484 -0.244634798956693 0.317849927887466
-0.0678622995557358 0.543339384858575 0.0739990388161728 0.127909509889721
0.295597976238188 0.411945102028735 0.23486766080364 0.130774863739717
0.41652029171643 -0.0335193396777006 0.248330745522838 -0.16818177677161
0.125117857729578 -0.396389511578303 -0.0728193614558677 -0.371618095476962
-0.15928266517825 -0.325616959869593 -0.354732399145197 -0.151648073041315
-0.289665395774584 -0.189119939675949 -0.278465935065384 0.0534381243407289
-0.362160700297065 0.00471823678140271 -0.107128998786774 0.0888807776463702
-0.346014458084817 0.0936124194199212 0.0260982333981973 0.0391913004052418
-0.354295517782541 0.0619191909094377 0.12991238941535 -0.0476792875980267
-0.322898652767475 -0.136543537408712 0.297380993453158 -0.0107883561009342
-0.180666397925886 -0.274322437834739 0.388193099490917 0.153388549771665
0.0232599419974585 -0.415188262734037 0.223104971308231 0.403046857782304
0.387034676984258 -0.138768098535642 -0.0650553577264955 0.347289300124954
0.327028441096266 0.372035293923989 -0.169785802547181 0.0957920980008279
-0.0187201903896675 0.601882902800979 -0.163122581088084 0.1422465097448
-0.0655600987383048 0.52038093045686 0.18207983649312 -0.0420126842135759
0.266807167632277 0.387546320284886 0.302326861321427 -0.0481837974637205
0.380810564281274 -0.0187621565690159 0.193019325188926 -0.306546418587841
0.133144332574444 -0.353552499589285 -0.161011364683691 -0.409718195127553
-0.122080346201474 -0.318019712139777 -0.409705839290227 -0.164869579912586
-0.261329551549399 -0.198513102978304 -0.360085493130964 0.0292965937660556
-0.345441423361206 -0.00918815458916811 -0.23142238761457 0.0915845230004953
-0.329517516774426 0.0829250964101774 -0.110109992240532 0.0741127724427546
-0.347146829770712 0.0550858914672667 0.0134423962968828 -0.021297316308369
-0.329719420115937 -0.142665598770105 0.209300030209134 -0.000300194457942856
-0.188740946822472 -0.302928611388775 0.305578283733443 0.16949783689033
0.0616403515147935 -0.46669947256909 0.102171982223252 0.368951858023719
0.466449716824105 -0.128527343462126 -0.124597693097917 0.199445983998593
0.362086133663694 0.436878077698287 -0.108407273064326 -0.0671896168635646
-0.0170058414914513 0.638804989776907 -0.0818176519447449 -0.0412867428006783
-0.0460473645658849 0.431901561198399 0.28118993185223 -0.224740864112159
0.211348321318779 0.317969607777125 0.297882780032941 -0.234515188372517
0.307524631866526 -0.00250663964424653 0.103891731350133 -0.381620185108864
0.124734054393103 -0.27300931085496 -0.218850504363824 -0.399359713342427
-0.0743297162189392 -0.264589942990053 -0.428738475949805 -0.175026149847402
-0.199716927799228 -0.175475311185493 -0.422095292426635 0.00261758237189272
-0.276588970666215 -0.0194509256558464 -0.340429910161183 0.0928703850764257
-0.265604872438499 0.0592253728716652 -0.227622609243431 0.100612855767644
-0.28992756042167 0.0387874605979101 -0.0912842777812052 0.00104385635538532
-0.285860094109233 -0.137011170833077 0.107872864182981 0.00692522871016195
-0.152614430056176 -0.295545856280963 0.19182167267763 0.15212053873996
0.11934912162244 -0.426008009117147 -0.00348455466530595 0.264089881780535
0.462743329567835 -0.0570779352696387 -0.103210396732765 0.0363210072884057
0.307943172489973 0.444938257983215 -0.0115712889961997 -0.15735635854361
-0.0205543072680184 0.560700007144567 -0.0142211499584366 -0.201306399850494
-0.0171727638593903 0.286808622516484 0.348717958875103 -0.387988841587569
0.140177042021308 0.212726531781116 0.248984734793927 -0.37399015665918
0.206239643728819 0.00823269427381701 0.0252737844009199 -0.410212645513031
0.094460546840873 -0.166846648089901 -0.248307249123389 -0.376479918577482
-0.0227206827115014 -0.17296379694869 -0.432294775592294 -0.181557246786207
-0.110450997396023 -0.125602559260539 -0.459936989808853 -0.0170061757126834
-0.169736633830486 -0.0278326809226839 -0.414401659405965 0.091418022371814
-0.163223641721257 0.0289384920304045 -0.308864698628725 0.113025357926818
-0.188846995223639 0.0150354054923016 -0.169859814732454 0.0131991773646873
-0.188974291387834 -0.110639744421641 0.016388797643102 -0.003042845547639
-0.0765092249722851 -0.224921717117891 0.0927247062883972 0.0967357676257242
0.142911141440857 -0.278539536208492 -0.0415411815378194 0.138520900963326
0.333036673417922 0.0255619401184167 -0.0276664526893215 -0.0623753124031637
0.181644218142066 0.343745078611686 0.0582347452553347 -0.166560489082688
-0.0191625023196022 0.36284081529073 0.0299926624858057 -0.315878135032549
0.0537150989103722 -0.075991159857672 -0.187054014729057 0.361203034552959
-0.00789484314485789 -0.118770841369648 -0.0668126540797821 0.177141587235244
-0.0846481447938442 -0.0777009313307983 -0.0421347896224012 0.0791573853486017
-0.108013559014052 0.0310846199342972 0.0385182656233859 -0.0353115818229634
-0.0306160971093429 0.0792164578875392 -0.0618640878333629 -0.0748596421897215
0.0249465571438288 0.05460646395874 -0.025684464258021 0.0756071795848775
0.0320243753394873 0.0321568063025653 0.168308773571374 0.121738969818167
0.0151899399733118 0.0207029271086768 0.347390289207166 0.083875905020221
0.00354587166259823 0.0324413968855239 0.440653783600477 0.0877515786492506
-0.0206617006986332 0.0566348657821413 0.425366103057774 0.197150276200024
-0.0490606930472383 0.0594685563715786 0.31634476173837 0.320823754174677
-0.0991709701920235 0.0219260393823109 0.116582608040269 0.422883759408724
-0.0930518959079495 -0.0665731166598603 -0.150551310195097 0.404059073369607
-0.00669511071873372 -0.128477017626522 -0.374098474030045 0.326172782881211
0.0823712961194275 -0.140988991016691 -0.594472908223613 0.28285067654678
-0.0707639623447552 0.148633743874919 -0.214573005761131 0.369499777777851
0.0372555644453923 0.144264915810283 -0.0695025200564456 0.201023795799593
0.113932754291829 0.0187553596788199 -0.0198781342862087 0.101323297099777
0.0443774031230547 -0.116972513553386 0.0455244754940637 -0.0481745453237833
-0.0419658773769854 -0.0946986048314378 -0.0852758514681265 -0.0768079172497951
-0.0726437796339494 -0.0618559711856001 -0.0446208506530856 0.079010924804014
-0.107529687930258 -0.0180120336909107 0.147442397678759 0.127723521610574
-0.124228424635287 -0.0030711054533344 0.326491236767967 0.0910578578766226
-0.125618976667813 -0.0110577894046767 0.419826191958255 0.0815816943387592
-0.0936586152719706 -0.0553191094891842 0.418860240047666 0.190440442934162
-0.0362473965518236 -0.0679627309703823 0.325690513026485 0.31467383378567
-0.000397793902294524 -0.0794648404213623 0.137903943277199 0.433613570066467
0.0362301592693282 -0.0135754855779509 -0.127845860846581 0.424221779103556
0.00674940185076411 0.0451841858954901 -0.352412561497715 0.333240299213799
-0.0403176214590806 0.0507913778809759 -0.571991599433843 0.297442467511772
-0.180577744883484 0.324410411237349 -0.191316894639639 0.319964472789175
0.0742824402923043 0.352156581933702 -0.0588000322491926 0.234854562509965
0.277140313715113 0.0966305748309084 0.0697181993534431 0.121519490125225
0.174933156688657 -0.233403981284326 0.0866286215196452 -0.121582153583075
-0.0405288185514859 -0.240941554943949 -0.134226372701913 -0.13425457994169
-0.147584374261097 -0.170770464904092 -0.107831535382417 0.0492319788453751
-0.228065036695943 -0.0716204698716478 0.0802223138161438 0.116162266159001
-0.244238381330576 -0.027274098002985 0.255810960133144 0.0858278742722372
-0.236907404406102 -0.0475445149265624 0.354373444126353 0.0611643104570312
-0.159875320171106 -0.151802640078659 0.387911673012181 0.164867130261315
-0.0326371599778228 -0.183053481734692 0.334261843760757 0.304023482605413
0.0831405814014844 -0.182286396155092 0.145372486716801 0.45075612903393
0.168176836418148 0.0192331601906049 -0.130878015650932 0.429647700494129
0.0423378678366351 0.21140798916785 -0.327970217945695 0.279284832802231
-0.145304627871383 0.248051456724268 -0.494096866545328 0.258404986568451
-0.257285995245193 0.427436154415276 -0.111259388107055 0.245997624570294
0.0948142479904788 0.469381049363473 0.0193713200446079 0.257665549359005
0.37316924206592 0.133773302868715 0.20082666682908 0.0758190208542809
0.251826324632615 -0.299318834910534 0.110503629273064 -0.248078526897717
-0.0304453880774006 -0.332813105558003 -0.203624890095218 -0.213955500150344
-0.187886224412049 -0.251776856689179 -0.194345389782412 -0.000286360713764838
-0.309575075657127 -0.116988066788635 -0.0182923782987742 0.0855964263390095
-0.328557495887671 -0.0462810401285661 0.144989135560888 0.0704089088907964
-0.31551893573109 -0.0740413574594165 0.254426811146452 0.0340856542087288
-0.212396970266464 -0.222166220118183 0.339304312255321 0.134582168936828
-0.038571388636188 -0.272118321718789 0.330608597729053 0.295583472571368
0.148293485598622 -0.281887098390655 0.117090515790979 0.467871513959864
0.297897477512934 0.032931299572235 -0.165161513839953 0.394849315546206
0.0930548521535572 0.359791365188185 -0.290087250682795 0.163873736495776
-0.224121618039361 0.42228901246993 -0.370608513242742 0.16756802125072
-0.296355915537218 0.464069600477438 0.0241508542996004 0.156267337084188
0.0938299627280723 0.501551216168601 0.16292869938091 0.212069563626316
0.390973419315053 0.148549776094653 0.296134143196423 -0.0520062097899456
0.27613719283042 -0.303735202116168 0.0805684766809528 -0.373352772810782
-0.00697521444473423 -0.361864442821287 -0.273094393818086 -0.279600616504601
-0.191415763056318 -0.294649661125716 -0.277990747998046 -0.0589948626346935
-0.34052724649864 -0.144502573129708 -0.132971569787591 0.0405886806675115
-0.363338958142789 -0.0580183496429349 0.00839157785936129 0.0490166144468559
-0.353430224658552 -0.0876752405356494 0.136847088551757 0.00815382058401404
-0.246248678048151 -0.259744691105068 0.273399032381466 0.105961436729007
-0.0499288244193198 -0.333763077629233 0.293211805597422 0.291524376620607
0.19926460111532 -0.363465468433789 0.0422806639151024 0.452960997251855
0.411295391571911 0.0460343982141782 -0.204400749181959 0.292988934746163
0.139316606525903 0.479946147766973 -0.211846949021267 0.0118424135510003
-0.269603677258463 0.540013214930081 -0.217630980379041 0.0443458373100164
-0.289926778543244 0.442086632933312 0.195435883075239 0.0465416973918088
0.0766654682042153 0.469568936785116 0.30054335841696 0.0775422535353396
0.352396807959224 0.148873990161733 0.305579824628747 -0.200540978950745
0.26670645290017 -0.261638112740931 0.0177068054730009 -0.445048731110749
0.0216646385716498 -0.339662721276083 -0.315424619119539 -0.316404032771655
-0.162731483718739 -0.292436744481397 -0.344860117676619 -0.117721518138097
-0.319910757351196 -0.149574225580273 -0.249294040877288 -0.00900681571796672
-0.343716347242731 -0.0606367084598571 -0.130406420435516 0.0270598726641587
-0.342802851117363 -0.0906521492868803 0.0187789322373196 -0.0147123944807571
-0.24780535486802 -0.268434031269422 0.189408394512811 0.0788113506470438
-0.0465674874696844 -0.362265198557039 0.213608313577627 0.270003947496188
0.251104641694719 -0.393797137537853 -0.0509082660223144 0.371669087167242
0.477532182057247 0.0869792034314915 -0.194874303831418 0.134857924601476
0.143747781429087 0.54939847505071 -0.0865583866438819 -0.111416283352722
-0.281975947271701 0.57303366156288 -0.0617469183112103 -0.0852818037944826
-0.235488240177284 0.371976983311781 0.363175996134394 -0.0805340942201605
0.0537161162425394 0.384718173161868 0.374292011423878 -0.0927332332138901
0.279749232260375 0.133038337412105 0.257691323031879 -0.30725403581042
0.225149364241867 -0.192589281980597 -0.0369405736284564 -0.46100932210943
0.0425669488308624 -0.270747871633373 -0.32859393614665 -0.336738917937575
-0.114106719364096 -0.243091744756948 -0.390536553276476 -0.171233068620066
-0.252625558247111 -0.130789945462329 -0.350196948173903 -0.0549533576070042
-0.274892437510622 -0.0562631067193775 -0.248681037102641 0.00342551350330429
-0.284129119784264 -0.0820661349152448 -0.0867732177578415 -0.0366164701270462
-0.209925005354357 -0.244422114266197 0.0939966440059401 0.0435855576311038
-0.0172832810915627 -0.337896097979304 0.118456007674823 0.206868278851912
0.283974535934902 -0.333160589623984 -0.101109958890181 0.234160318567559
0.442912665491167 0.147039137185203 -0.107968212465581 -0.00379800665571483
0.0963870827743546 0.530981201985959 0.0401255337967532 -0.154539245052307
-0.252987404880033 0.499024057265218 0.0724552006662399 -0.198769232534808
-0.148043745125662 0.253086892751532 0.490523529431174 -0.203568562475282
0.0328930874022391 0.258529237721171 0.387675637741458 -0.238805738452288
0.182546972577792 0.0989960934801084 0.199166641029248 -0.363755032248787
0.153328560083234 -0.10721980085462 -0.0708144388360139 -0.451982486712113
0.0516950459997145 -0.163683842603241 -0.324597003878399 -0.346325048380704
-0.0521247464498111 -0.158504776680082 -0.418541716612592 -0.208138706116334
-0.151136642342048 -0.0932588150726532 -0.418595667895605 -0.0882081946334702
-0.165050519164557 -0.0420636609320368 -0.328649130289959 -0.0194543019499564
-0.180164815542455 -0.06248775400728 -0.164211210687798 -0.0569603996485822
-0.129730121378988 -0.179381744019766 0.0141486181826739 -0.00219619244026011
0.0230418428331238 -0.240482205145614 0.0507083498386314 0.118518513487808
0.242959280659747 -0.193056918830172 -0.0860538169949585 0.108274176087816
0.292449931971114 0.163713848092078 -0.00110705896711626 -0.0637375002866435
0.02479098580353 0.384501995242718 0.111085593765707 -0.13509749538954
-0.169202435484204 0.320799802729105 0.166823237790631 -0.281551713094552
0.0441250925225744 -0.077184363146167 -0.158766191265141 0.373165537812846
-0.0180322163768246 -0.114966393534612 -0.0454461092416253 0.187353766119232
-0.0879578381686153 -0.0691959971621166 -0.0259036239283423 0.0848167065795094
-0.10372270335614 0.0390442139806096 0.0385505044812354 -0.0387160662096588
-0.0237726720706675 0.0798981643875591 -0.0692654262174797 -0.0666444842467788
0.0291825038126665 0.051561992236851 -0.0163363263150538 0.0811116622134661
0.0353584616432838 0.0293709406390095 0.179436277842647 0.107711703946637
0.0178487322539693 0.0206620903556933 0.349121106690745 0.0537015996280607
0.00615396338975776 0.0334264002401847 0.439387195211355 0.0513278972475356
-0.016158062637023 0.059019159684746 0.435193758202777 0.161599454979178
-0.0435604594372069 0.0625209761358211 0.333718403823968 0.294024725242214
-0.0958335815693815 0.0295750728245172 0.143315445362874 0.406825988740282
-0.0959785946671672 -0.0571760652360103 -0.1235963439496 0.406176556472376
-0.0144000014401713 -0.127607886372386 -0.343157791186111 0.340528066587507
0.0708898504400846 -0.143149555295522 -0.557485423577373 0.311687344596029
-0.0621479804420973 0.150228601505372 -0.185046243356568 0.382259057013074
0.0445940382232496 0.138956587859356 -0.0472296586454044 0.211183058882405
0.111893706301031 0.0120431343150246 -0.00238874764237606 0.105448138134642
0.0349614090241348 -0.116509955975469 0.0450831741678294 -0.0513243671621241
-0.0483140294365049 -0.0894792819726956 -0.0905644297632559 -0.0673910093097538
-0.075708006800483 -0.0554180834548727 -0.035194105496269 0.0839150602065946
-0.106857624900585 -0.00903950133572919 0.160040268621174 0.114822822378765
-0.121377427133897 0.00809406888612811 0.329890698642776 0.0615554129771107
-0.125253779146034 0.00185726947501478 0.419678493424141 0.0474346844071451
-0.0986763099667815 -0.046109566983032 0.428614545790352 0.156406458675588
-0.0417306907970649 -0.0662416538416506 0.343067504635348 0.288672049985909
-0.00576153749927678 -0.0784955957850254 0.165583499662035 0.414912280559293
0.0369015692011606 -0.0140576919928722 -0.0985413778431552 0.423449070128017
0.0108880914508315 0.0442864654185716 -0.322162318257631 0.346629515891998
-0.0373062836628795 0.05324948800189 -0.535631774017741 0.326431436464211
-0.157815761204165 0.328009452826264 -0.166504931053766 0.331626691039376
0.0962026253635911 0.340407694960012 -0.0344911728630234 0.241515131668866
0.27606095402609 0.0776290566171758 0.0862271837620208 0.118980000489894
0.155468080846266 -0.239996729862684 0.0804467342043193 -0.125982366863553
-0.0574147075871834 -0.234864482857999 -0.139841775040164 -0.119693142631969
-0.15978191289822 -0.158139131070265 -0.0996654262451207 0.0597434880582794
-0.230659970389377 -0.0518571952260305 0.0930459002606239 0.108623215002898
-0.24239731233156 -0.00553098562556156 0.260632083625351 0.0633322344030125
-0.238614467862338 -0.0258978729745625 0.352991896218156 0.0327895792039988
-0.173106053804264 -0.136717078839057 0.396622178744058 0.134091307272666
-0.0463065461391731 -0.180222978586904 0.349825810759754 0.27668391095421
0.0687544978654965 -0.188042819118703 0.17518705790784 0.432363089821243
0.170032147012277 0.00943283254521501 -0.101361865146777 0.428317338886064
0.0578473853086796 0.207231988805802 -0.301572047625078 0.290869662976366
-0.127634579181426 0.253055982431004 -0.461951766589447 0.281368653612578
-0.227095416436568 0.433306532041395 -0.0942096652374713 0.253007346915796
0.12610606064308 0.454126772955598 0.0430198277169445 0.258448676472037
0.372578545505595 0.109560310627925 0.211710018262899 0.0646576185275894
0.224654874611011 -0.310848013801614 0.0948540515387668 -0.250172130576667
-0.0544429028915397 -0.326318066233347 -0.210845209314409 -0.192955372651757
-0.207113250272776 -0.235319755386455 -0.188286880491019 0.0160931239989727
-0.315120515782425 -0.0900821679592031 -0.00688877842965779 0.0855123899326416
-0.326711407980945 -0.0179850382596002 0.150330987033194 0.0570408699965145
-0.318583179672305 -0.0457537245344011 0.252492423373014 0.0147398036950356
-0.230032505776176 -0.201680136117709 0.34520316749023 0.107284852712235
-0.0591451603874178 -0.269436091463065 0.345057332554945 0.268476533844556
0.124531594779144 -0.290092938105154 0.149458433921863 0.45157609877675
0.297394697797602 0.0145829843805223 -0.136367331284056 0.395858558893075
0.11742971406376 0.350023225403995 -0.273366383955114 0.175142017710329
-0.193878372925645 0.428375654189424 -0.348208352463806 0.183986265912737
-0.26259834422779 0.472341512618694 0.0326926989191206 0.156737272968173
0.126200899368788 0.486876270637683 0.179530470471907 0.203392371982333
0.392669321693417 0.122742746097572 0.294803708078747 -0.0682966192032031
0.250150376841325 -0.318454822764333 0.0570360592111986 -0.370506433680019
-0.0346626876323839 -0.358608794183758 -0.282447726958732 -0.251302504174871
-0.213881900255633 -0.276777283228061 -0.275671716334027 -0.0358343100940768
-0.348995934218576 -0.114846801632662 -0.124725912543203 0.0504039360980483
-0.361521009094575 -0.0268466211282104 0.0145398659047401 0.0481629005278129
-0.356459043102129 -0.0570541102779531 0.134182275284578 -0.00108654795903067
-0.265467265062085 -0.238289510512643 0.277215046237666 0.084113594848951
-0.0756365250508226 -0.329879274030369 0.308695178426991 0.265595049663162
0.169042903057428 -0.373484901601885 0.0762173356955522 0.440875228049897
0.408355118523879 0.0200413092877383 -0.181489196086009 0.29774636329285
0.169289557326866 0.462789274098381 -0.208053811357697 0.0210968473143526
-0.23014242505211 0.546077558998455 -0.207989257046517 0.0547603725073075
-0.257516034712394 0.452675674315477 0.192173103395956 0.0373443025311173
0.107901995720754 0.457932914546157 0.303013496524996 0.0619671977630091
0.356550091369883 0.124736069008652 0.293546277205431 -0.214460982393766
0.242685019836363 -0.277463327302139 -0.0108869389024714 -0.436492644372178
-0.00610037360476659 -0.338281571064155 -0.327598242537947 -0.285838257936571
-0.187475043238936 -0.275738653276972 -0.346399874968268 -0.0895107802483134
-0.329517992180861 -0.121371748848308 -0.24410598305777 0.0109838467027536
-0.343435647081838 -0.031922111605769 -0.124444734319072 0.0366075482779879
-0.345895739380351 -0.0605748944473518 0.0162479227479746 -0.0146250419421092
-0.267869189650573 -0.247775082686663 0.190750844000931 0.063612277085217
-0.0718456733718733 -0.356603924066482 0.229992375635563 0.248270687346523
0.217413982727149 -0.403988255771573 -0.020060430445388 0.367734791350045
0.474683164345742 0.0551106224826961 -0.183976190948413 0.14200316654757
0.179074627536386 0.529171595555621 -0.0956811403264751 -0.107597015274529
-0.238405350248135 0.57816296268604 -0.0647908465975604 -0.081875526142985
-0.209019265451314 0.378864861491194 0.346980617333383 -0.0991033532942999
0.0801905353420328 0.375052860077013 0.362354543412917 -0.109543451075971
0.284052477688117 0.112494129797635 0.237984249500151 -0.314678673065468
0.207348083735245 -0.207568574736007 -0.0650957883726489 -0.448411787152542
0.0192835717062406 -0.27215431200515 -0.340937867532894 -0.305920595599797
-0.134899754747662 -0.231145400727552 -0.398051748034022 -0.139192651215059
-0.261199576912934 -0.107508001938181 -0.348699617583769 -0.0258920722390644
-0.274540000204023 -0.0327177175893069 -0.243142936317375 0.0232120412691055
-0.286141106572476 -0.0573266509677842 -0.0895612063350461 -0.0282441488173394
-0.226611785362666 -0.225184222984668 0.0940311794091178 0.0345082713177801
-0.0413023745478623 -0.333756082227093 0.131514087459886 0.191940918323887
0.252736123417721 -0.346739041849468 -0.0790950553627981 0.238013262914302
0.443157845455557 0.114505235957832 -0.109176928053588 0.000582739930963216
0.130747068775595 0.512122378113159 0.022860928239144 -0.159355776254036
-0.213931409742838 0.504537784397037 0.0574931810357381 -0.203644709594558
-0.130950025864586 0.25585460209624 0.461906665034074 -0.228199170579003
0.0513649652097184 0.252017381391443 0.364187070349163 -0.253434691864328
0.186110054970446 0.0847882836147374 0.175731606284801 -0.367434385822314
0.142361108061135 -0.117842691237479 -0.097867816164371 -0.438967265219598
0.0364742657249664 -0.167436729753704 -0.341150767055145 -0.317222680122541
-0.0661337028601369 -0.151983563047492 -0.428832584222256 -0.172447466681651
-0.156888098222989 -0.0788663570885996 -0.419713829345017 -0.0529616160473256
-0.165707221213121 -0.0278791920506275 -0.324296133470837 0.00882524894282851
-0.182163498931881 -0.0467064540474565 -0.16843766375183 -0.041795676293855
-0.141597585111221 -0.167142327159585 0.0112764881846247 -0.00478164157126391
0.00466945955053459 -0.238802671989624 0.0607685237399441 0.110339744629173
0.221673111960519 -0.206806894250913 -0.0736018817260797 0.115293932488382
0.296968723612209 0.139933994841724 -0.0106011406428359 -0.0655020000111704
0.0539329112135262 0.373619752259061 0.0917967790483298 -0.147351171151855
-0.143567432425476 0.322800066031619 0.142864697118721 -0.290869259789301
0.0371623387380206 -0.0754914299306827 -0.136216568016237 0.375679600545315
-0.0253138160338991 -0.109910289860539 -0.027302319312077 0.192314866102676
-0.0888101847007928 -0.0613996009801889 -0.0102571088536225 0.086899317089537
-0.0982007689858425 0.0444866481449362 0.0390440696510812 -0.0415527858840433
-0.0184892868777555 0.0799801786927777 -0.0736241951948428 -0.0578608953874339
0.0321276625750848 0.0486702746206053 -0.00810848195810941 0.0822449465663047
0.0373432171898342 0.0268229038144368 0.185700633923229 0.0945127328943446
0.0202163557479358 0.0199958614479226 0.344131034354366 0.0302678772647051
0.00823695366198361 0.0337786474549011 0.431435467854951 0.0229475760348644
-0.0122763300991347 0.060118692194995 0.434813233527993 0.13287011529429
-0.038588852672829 0.0630334033780555 0.342700404567428 0.26957764319903
-0.0911656397218643 0.0345941884483442 0.160370494605108 0.388157325439424
-0.0955319264580593 -0.0497969926602379 -0.101718945434884 0.400999411031145
-0.0192130071970142 -0.12554894520721 -0.316534620063741 0.343793046826264
0.0612281681169926 -0.142478507062728 -0.522872103201803 0.325684274376265
-0.054791352046303 0.149962121842472 -0.160396669011042 0.385866402706963
0.0497513348470181 0.132615940949777 -0.0271081230505964 0.214635420157612
0.108268821968349 0.0074870381760077 0.0142760806876478 0.105073356323945
0.02869660130811 -0.113529355327092 0.0451246653528646 -0.0542456077022563
-0.0514471385152806 -0.0842507645448443 -0.0926055846148869 -0.0573365238030894
-0.0771917399671757 -0.050107708707968 -0.0259049353478234 0.0868281308143721
-0.10477800272014 -0.00169547891048891 0.167354455973134 0.102818555765464
-0.116800744671122 0.0169001669904288 0.326163675686345 0.0390591824231624
-0.122318302858919 0.0119726868154389 0.410999469736763 0.0197749466442075
-0.1006427965939 -0.0383743908014072 0.428101066090589 0.127285824030475
-0.0449762614060639 -0.0639843618334309 0.351687639780977 0.264467073066907
-0.00990070874621803 -0.0769742818848769 0.1826065832562 0.39550016152105
0.0375866522061499 -0.0144806969655967 -0.0763681170705728 0.415989909064552
0.0142701994109262 0.0423856741904598 -0.293010260518776 0.348771555337308
-0.0347571486600066 0.0540461714588662 -0.500002116169314 0.338236040602201
-0.138018186939153 0.326592007955109 -0.144285294325798 0.334835563898232
0.109655900244655 0.326154954928567 -0.0136037814742649 0.243388121561262
0.27117940993523 0.0629824986364089 0.100547236643148 0.113602717729671
0.137503061329868 -0.240316685769243 0.0751320759863736 -0.128482625351205
-0.0683723961527174 -0.22619629243685 -0.141135380192276 -0.106436806776928
-0.165464662909594 -0.145909638282991 -0.0904865781336972 0.0661012825744251
-0.228792390849695 -0.0362708715331192 0.101435291689262 0.0996680064563564
-0.236079464393131 0.0106219752226685 0.259763127168352 0.0444598728325087
-0.235442506994562 -0.00728215113524031 0.345937978868775 0.0110734094779422
-0.179513852939535 -0.122875555423759 0.395376098678558 0.109091933478124
-0.0568993702817685 -0.177117115737105 0.35698029409451 0.253028973347738
0.0568145039623492 -0.18834368900054 0.192736382709142 0.411821645837619
0.169680729162509 0.00134165352121186 -0.0779050431439101 0.419217046653778
0.0679940581340345 0.200741482447514 -0.278346189311864 0.29344295376638
-0.1133302728251 0.252887143410331 -0.430293466313733 0.292375656419772
-0.200774810073095 0.431565138671899 -0.0788822011789075 0.256009765347845
0.144130100574141 0.435287698644134 0.0618427928734497 0.254742377244046
0.367085718953274 0.0904212974797684 0.218467136310397 0.0541393824255973
0.201652254407305 -0.312947552869117 0.0823552418054131 -0.248827809708304
-0.071538512095894 -0.316472508301862 -0.212734510812629 -0.173668739107748
-0.217447693780876 -0.217725137642142 -0.180297986153356 0.028373471752843
-0.314667170211454 -0.067677463747112 0.00200653314502648 0.0832294543398613
-0.319524645302109 0.00384997612249559 0.152043302998508 0.0450595753770156
-0.314904585770434 -0.0226521822357227 0.24628113182622 0.000877565320657232
-0.240904175085794 -0.184146894853703 0.344342039010767 0.0859122353598346
-0.0754450154891162 -0.264124257545146 0.351950243320665 0.24473242472185
0.105227931567124 -0.291563121969615 0.171454238127099 0.430520004507342
0.293319270798998 0.000105670180837637 -0.114131654842145 0.388126722717266
0.133329405252568 0.336472559669429 -0.256749240593651 0.179008131338605
-0.167857947508722 0.425469349879727 -0.326446217958161 0.192641753387322
-0.234308109438702 0.468527068960323 0.0384456053504006 0.155480872167262
0.14770817368266 0.469359913843974 0.190137383302977 0.193941957984347
0.387980102226852 0.101596628888348 0.29180000286612 -0.0782509103002794
0.226713204760937 -0.323494968829657 0.0394594180629021 -0.362731696730073
-0.0554318266858072 -0.349712818498582 -0.283073573436695 -0.22741529330546
-0.228657487961581 -0.258413989910067 -0.268433989962843 -0.0184711926253343
-0.349548205872683 -0.0892426880720153 -0.115416982731354 0.0556444312520625
-0.354719977562459 -0.00260809093689437 0.0189416063419203 0.0448771276832398
-0.352553047506921 -0.031560689379946 0.129947308086267 -0.00658966624100652
-0.277172472363599 -0.217860658235203 0.27503402868802 0.0669642296914851
-0.0927442203329434 -0.322472926376729 0.315672574325871 0.241489872258337
0.143771402881473 -0.37379735361247 0.0999121193897449 0.424811966923811
0.400087289520498 0.000968019021207521 -0.163572044634495 0.294812536918492
0.187984876377685 0.443834311293309 -0.20265259166701 0.0271918778079125
-0.197722858475814 0.53978563026581 -0.197150699317079 0.0602162118455804
-0.230467572306707 0.450995003954621 0.186544797887007 0.0310018111321379
0.129143292399694 0.441994564348345 0.30270880135201 0.0507795194478617
0.353728189511977 0.105686952386138 0.281715284562732 -0.220723273085194
0.221571714000165 -0.285524472288068 -0.0302563606920014 -0.422724852013629
-0.0272598485846084 -0.332309475550818 -0.32900955569365 -0.259298054218636
-0.202402982504672 -0.25778562940453 -0.341298883514613 -0.0672545658029798
-0.330680179859183 -0.0962225534176969 -0.235482427420894 0.0247682894817951
-0.337292855341515 -0.00894346337850122 -0.116845740247807 0.0433491433115852
-0.342285518171336 -0.0370110590793186 0.0133620354138435 -0.0131571642039411
-0.278669198155655 -0.22698118380087 0.189437079899185 0.0507690495855677
-0.0908762501280882 -0.347685303146385 0.238225413518759 0.227524864759052
0.188812756963041 -0.405823632843009 0.00290499729356675 0.359799379530087
0.464184272924741 0.0296669365508834 -0.173478841586186 0.14474682566555
0.200876334660128 0.506407467980406 -0.101627832642775 -0.103981651615941
-0.203116811571615 0.571794630067893 -0.0670499955174901 -0.0796414798353885
-0.187313147882911 0.376206563212736 0.329577811682449 -0.108026920332697
0.0995827362760956 0.363432142118627 0.349592222342941 -0.119910834742247
0.282837486673765 0.0965024178010665 0.221586218046824 -0.315915522560633
0.190071725075258 -0.214893637427669 -0.084203178982829 -0.432123890904691
0.000686772114135113 -0.269366362818615 -0.344209941263142 -0.279203516585229
-0.14907276000662 -0.217900670518359 -0.394494527831238 -0.113026630276083
-0.263402772274918 -0.0878635124086738 -0.340699194501015 -0.00380025929486212
-0.269333093092442 -0.0143303392943592 -0.233736912368026 0.0379304196522977
-0.283783153239485 -0.0388609384609205 -0.0913423199122983 -0.0197010883988634
-0.235651345116039 -0.208350514080302 0.0925809156048462 0.0279249613474522
-0.0592470108667671 -0.325182468994196 0.13960071077979 0.177947947048401
0.224674091948947 -0.350599999887172 -0.060677577256378 0.237107334191907
0.435952416907165 0.0877644675757307 -0.109932457035902 0.00355940905450871
0.154554155029358 0.489729533372259 0.00785155841381825 -0.161192050145853
-0.183455804337235 0.497678433209195 0.0448517930947317 -0.203032366201539
-0.117041476508056 0.254216416155228 0.435188564724046 -0.238920665487983
0.0642604091049675 0.24362889598877 0.342372806857727 -0.258535985618963
0.185530041450944 0.0732025775659678 0.157805962173375 -0.36386923119151
0.131169207705068 -0.123378914556462 -0.116266207627716 -0.422220938648474
0.0240549867144454 -0.167140743511637 -0.346006270354893 -0.28996608434847
-0.0757702652242613 -0.143837933273743 -0.428088750498455 -0.142728933302945
-0.159011199612666 -0.0660203992205309 -0.412328109620379 -0.0249208536617205
-0.162482584592659 -0.0173083313928414 -0.313750157482319 0.0288370652010357
-0.180874183262471 -0.0346240493670112 -0.169072902892857 -0.0295035991487432
-0.149048588815507 -0.15578379507061 0.00853015674579662 -0.00692903501976075
-0.00963791209244394 -0.233807020136034 0.0653883464189717 0.10136650603102
0.202514105031476 -0.213113553061279 -0.0629527866800277 0.117706950551647
0.294917827963157 0.1195895537924 -0.01927417553793 -0.0658298795370203
0.0731823920586868 0.358359362725805 0.0738745407359231 -0.154064107305957
-0.123627748244841 0.31961296717047 0.123069023171902 -0.292809411567788
0.0324920880531843 -0.0733515219144983 -0.118977316869597 0.3778187830865
-0.0294946822701335 -0.105928786639264 -0.0110631321544335 0.195836398498801
-0.0890939213956953 -0.0558904748724946 0.00383735863882505 0.0865596065860824
-0.0932641468426541 0.0486197914688467 0.0393247931126331 -0.0448634585762915
-0.0145751497898018 0.0793655993994345 -0.0772102692296817 -0.0503413951782158
0.0341854571554026 0.0461073447455113 -0.00073596748237437 0.0835134718556018
0.0392845679897307 0.0242587728012877 0.190787627814241 0.0826253476494851
0.0222530765302836 0.0193940736988343 0.339869276314623 0.0120762488854252
0.0107378989003262 0.0349012896656159 0.425345069163242 0.00116709679565701
-0.00895436515033898 0.0609019771750076 0.43263889545025 0.110215043624472
-0.0346992791212882 0.0635579361836274 0.347644108636269 0.25189576479768
-0.0863330996417792 0.0378131368834219 0.17272405501198 0.37255261917088
-0.0947726768758944 -0.0441678204688959 -0.0872612133945119 0.395390776581436
-0.0233856866808561 -0.124823622903017 -0.296057183928483 0.343497336281918
0.0538588664513258 -0.141186231407101 -0.494159449117112 0.332673302080006
-0.048704550315944 0.149390574723016 -0.14093275810457 0.38754907473091
0.053052166056543 0.127697665618541 -0.00973740520645813 0.216665120736099
0.10534390726019 0.00411291572877194 0.0285555299085346 0.103678821275729
0.0228986716546621 -0.11042148326771 0.0450339281371368 -0.0576043655087639
-0.0535431295356882 -0.0802769622811177 -0.0937863581098872 -0.0498662327890844
-0.0784626767943415 -0.0458601184657863 -0.0190993367461685 0.0882139649634278
-0.102342757478697 0.00361987608993199 0.173194096413467 0.0914190211371123
-0.112379076558911 0.0233967776511357 0.323125767596662 0.0208053035832175
-0.118783481311426 0.0199991315335514 0.404972920915671 -0.000224608539486149
-0.101909674507891 -0.0312058907059749 0.42679497593335 0.105930492707272
-0.0485623783003161 -0.0623868299801471 0.355814990078775 0.245886618058809
-0.0128736922159108 -0.0755807758840967 0.195152480302749 0.378658179298699
0.038864014944921 -0.0152501005042549 -0.0613273635841585 0.408183473584791
0.0168948065885568 0.0406661066668658 -0.272913722930713 0.34693537552746
-0.0328968320672462 0.054292166384698 -0.473283944106233 0.344066996346481
-0.124435161238655 0.323487231446706 -0.127729878221236 0.338133582602008
0.119766662554829 0.313364933394106 0.00420073578228487 0.242352253734221
0.266282954350149 0.0532049521173385 0.11222503110909 0.108107991153838
0.124259804396657 -0.238543771009261 0.0713247209862193 -0.130259212571951
-0.0768449068243411 -0.218634155215385 -0.140557806100874 -0.0964135646605592
-0.170249258894772 -0.13600033703567 -0.0833227543534712 0.0706175738663361
-0.226379230857091 -0.023633492036071 0.107973795774384 0.0916821493762981
-0.230383401009428 0.0234829817545688 0.258399138792878 0.0296466491649077
-0.231260219114396 0.00683078260357537 0.339332310250937 -0.00516156687561406
-0.184745547477434 -0.11095821451804 0.394958996303308 0.0892318761303843
-0.0660097153010563 -0.174798488114182 0.361868490971385 0.233923770255637
0.0465584760862953 -0.188223281052483 0.207130541413402 0.39402138966148
0.169405265144653 -0.00449863220035962 -0.0629852163997466 0.410917140000678
0.0761472454612025 0.195019747470835 -0.25975003030041 0.292574958602242
-0.102719559947876 0.251348950666388 -0.40799062963622 0.297891465718454
-0.181085048040739 0.428241668355607 -0.0666361735622033 0.25699946192184
0.158674193120398 0.419403015463639 0.0773177772163837 0.250471403257476
0.361197480909636 0.0768782896161748 0.224335020982547 0.0455095394900748
0.184274514352209 -0.313247921394724 0.0728715081068473 -0.247673387685824
-0.0837969095766071 -0.308528126156079 -0.211099664083377 -0.159657229951256
-0.225536712660137 -0.204679978722629 -0.1727706759098 0.03672750566114
-0.313385791186047 -0.0497338659197726 0.00854876063456493 0.0800867254778271
-0.312331083990699 0.0213392188605116 0.152906171825185 0.0359702470130113
-0.31105655024929 -0.00387077306858234 0.241304581365165 -0.00941971944752762
-0.248599392239095 -0.17015301085071 0.342442457753931 0.0692818526247588
-0.0873381305813046 -0.259616382420895 0.355541944976328 0.225998522384463
0.0900295176925546 -0.292259470917925 0.186304464750132 0.413786099267843
0.291090188656834 -0.00984501432825084 -0.0983960574780004 0.380906538330276
0.144796834926029 0.326788714980593 -0.245708250133537 0.180402582473187
-0.150923990046949 0.421370644938251 -0.308650086772363 0.196977819080744
-0.214382016683265 0.466830275248916 0.0433467169513571 0.154584049632253
0.162598020593654 0.45603841764275 0.200213764930358 0.186285325446227
0.38375207770525 0.0874484257048961 0.290523202254013 -0.0873743021661579
0.208218495323247 -0.326034772787378 0.0268853400893679 -0.356261069806379
-0.0714263953608072 -0.342951732947812 -0.281674541511079 -0.210644108588696
-0.238411208788823 -0.242973996746296 -0.262462590509194 -0.00605438002353308
-0.349120029007561 -0.069646583683605 -0.109754912121229 0.0588014580510965
-0.34753945502372 0.0159360682571586 0.0224186948788258 0.0421491739878133
-0.348337319901106 -0.0115565003928081 0.126520159525973 -0.0102923215363935
-0.285444472018532 -0.20221147564646 0.273723802384653 0.0534272624867572
-0.106840792372418 -0.315859962698943 0.319886844371156 0.223122003467956
0.124824601621638 -0.373106200011621 0.11882521563762 0.41092494224349
0.394617894464286 -0.0133806574159403 -0.150450025994198 0.291222538224555
0.201432594626579 0.428059693344346 -0.199166334886399 0.0304551431509124
-0.174543591075244 0.534582410880296 -0.189003153890027 0.0634604943196891
-0.210686207898838 0.446400937404288 0.182725088637154 0.0282327496540534
0.144674591610534 0.429414139140269 0.302096557175215 0.0422782782583396
0.351842601566876 0.0915167702673797 0.273522705189833 -0.225023339332586
0.204817855083576 -0.289050530067506 -0.0427959998991093 -0.412615033016829
-0.0434271108314815 -0.327671459372447 -0.327718487304469 -0.240959159706886
-0.213426493328662 -0.244117024013423 -0.33717278573274 -0.0506075118920417
-0.331527277578778 -0.0767417706335273 -0.229744509446087 0.0346698904688288
-0.329928622745029 0.00846974505238213 -0.110378887133379 0.0478006521053349
-0.338635396577045 -0.0182248232026193 0.0106906666338833 -0.0107078888216948
-0.286755106010743 -0.211484132852313 0.186964996234455 0.0409401004249142
-0.104806903556773 -0.340718982208257 0.243328683851307 0.211425128161187
0.167034105335449 -0.405438531614888 0.0208544117753744 0.351454646630755
0.456795687564876 0.0132717249303243 -0.166379962967673 0.144367612351046
0.216414599674863 0.487190951535871 -0.107134427113468 -0.101451600155686
-0.17676468929141 0.563721490417746 -0.0679972207263587 -0.0778279803450241
-0.171397577195855 0.373008261322038 0.31602555632487 -0.112832893277458
0.113353535388251 0.35377391181756 0.340700650035512 -0.125507133173916
0.28181583170191 0.0845603145254796 0.210457707106819 -0.314732961965838
0.175593595558958 -0.220047982599497 -0.096699102573849 -0.419643210318025
-0.0132924274486575 -0.266634802334023 -0.344766752930815 -0.259801688340014
-0.15889697195562 -0.206096739666436 -0.39180763780744 -0.0922855627936837
-0.263843383906907 -0.0711977297929509 -0.335109276537484 0.012587727404689
-0.26450619532922 -0.000595070228532961 -0.225800703418442 0.0481784845427526
-0.280516437686809 -0.0231954339054593 -0.0923012792464675 -0.0128124766844702
-0.242564724878294 -0.194868715904516 0.0909958185635579 0.0226088850792958
-0.0723805501891295 -0.318751540512715 0.145346340485807 0.16632398909785
0.203542420560579 -0.352482724790637 -0.0461076563769 0.234993037175275
0.42973660080856 0.0690812214295199 -0.111404301864081 0.00490261814564512
0.171905900752596 0.471771399944021 -0.00391735952277371 -0.161385506961401
-0.160934139348628 0.49109861490665 0.0352232212193791 -0.202126143097056
-0.106554887138502 0.252111839852933 0.412488731276353 -0.246812118865629
0.0732116240074748 0.236598502780785 0.326530785268747 -0.260732135031699
0.185003438156 0.064896950321313 0.145587110456774 -0.359863876151494
0.122309578486929 -0.12625910897221 -0.128024043761336 -0.407696783101406
0.0143482560597225 -0.166487798202944 -0.348640329049802 -0.26994693181109
-0.0822679064803641 -0.137127743969225 -0.427178940964889 -0.120118657185781
-0.159763948464933 -0.0561508494641969 -0.406397365377663 -0.00412670312857235
-0.160185882750985 -0.00937014459045101 -0.305180267723476 0.0434294380093618
-0.178449148605269 -0.0246897775390046 -0.169157938357561 -0.0195118764419307
-0.153935009670648 -0.146951352533009 0.0067236606309167 -0.0078622263128927
-0.0204176623260724 -0.229811437347496 0.0695733903874407 0.0937442962712698
0.187001225090142 -0.216737762381619 -0.0539200122050034 0.119212941939421
0.293081630489279 0.104158103930644 -0.0274414602985875 -0.0662954292235074
0.0875185595395269 0.344965974906897 0.0587911037574464 -0.157901618123573
-0.108147667512243 0.315614005345085 0.107253436411485 -0.293034620761346
0.0290750317531964 -0.0715296748055478 -0.10302769880585 0.381664221241672
-0.0345356791643829 -0.102981357377424 0.00537081825137236 0.198288998523033
-0.0897885430832095 -0.0509970034815783 0.016465001677621 0.0844680495285129
-0.0892075211262294 0.0527467137395982 0.0390305278663152 -0.0488394932602811
-0.0101354997303106 0.0797434851930146 -0.0802916893636892 -0.0438005270921455
0.0363162362695453 0.0435024951626179 0.0054841274510513 0.0841806166258824
0.0413834771517573 0.0224178475975653 0.196554971241049 0.0719489070345015
0.0245895123064295 0.0180531612776956 0.337446497739809 -0.00541650754634025
0.0129640654155965 0.0349303231276587 0.419864585036319 -0.0184434750406748
-0.00566371525174417 0.0620640887926131 0.43491948677563 0.0895455021617191
-0.0313027960736882 0.0641434230994991 0.355151710097206 0.234374312921006
-0.0837138487578885 0.0412812954093479 0.18395610862875 0.361059741727824
-0.0940730132540101 -0.0393222237906331 -0.0731212583493693 0.392022960281905
-0.0276942529096545 -0.124561683089482 -0.28079405381601 0.344642381128666
0.0464864789819551 -0.140980330680911 -0.471051400894723 0.338747011236523
-0.0434405412075759 0.149260254888912 -0.125614897807754 0.391220016154248
0.0562201210895757 0.123312754259881 0.00807090921868378 0.21797130177057
0.102865327610264 0.00187342163527521 0.0415140723080351 0.100593885837778
0.0188565549895643 -0.108231250848314 0.0440691255336586 -0.061333886727869
-0.0555983004880924 -0.0770442102508056 -0.0947658859478703 -0.0438869364253205
-0.0798363403374855 -0.0428285066052755 -0.012260722791335 0.0890527341352525
-0.100455355629185 0.00853717284774225 0.179108247348662 0.0812884955268078
-0.108238496277813 0.0285081220779715 0.320917478519206 0.00402786689026507
-0.115745841544967 0.0276886534022617 0.400682821598122 -0.0190797643276427
-0.103708629816941 -0.0251319601404192 0.428517963980339 0.0847155151959395
-0.0514408031239107 -0.0614755318944971 0.362412811739393 0.230793889053349
-0.0167803135451104 -0.0755554408182864 0.208134362568985 0.365809294369829
0.0404593128160218 -0.0166566158797162 -0.0483626025509098 0.404946870902247
0.0197555625751674 0.0392489837461489 -0.255992514028859 0.346987907831632
-0.0325890896036353 0.0544417726722187 -0.451348991238963 0.35300445323574
-0.111312515574003 0.323251330272482 -0.112442626880675 0.340884510295893
0.128995621645673 0.303963508485427 0.0218516432864691 0.241809946585305
0.262488405542614 0.044767083613651 0.124078428310975 0.102479447745941
0.113559790081398 -0.238224409768999 0.0675184596454721 -0.133422370368148
-0.0848616452141258 -0.213342660553377 -0.141355326229994 -0.0879434155035227
-0.175383379992134 -0.127778141662483 -0.0768966865948196 0.0739809487596258
-0.224971528516029 -0.0115282861487301 0.113505302355463 0.0845568720516513
-0.224874453695444 0.0344133897267886 0.257130653321189 0.0150441873235494
-0.227831755586878 0.0195877376141131 0.335178821036586 -0.0189685759783123
-0.190884877713047 -0.100717590208863 0.396697987315048 0.0715268505684256
-0.074736338989036 -0.172132865089597 0.369443798485337 0.217755040882789
0.0377362247812356 -0.190416294457023 0.220711415727031 0.380662636376424
0.170478609253784 -0.0103058205982208 -0.04982315967036 0.405223520234889
0.0837498504755048 0.191358236825364 -0.246473388473533 0.293622908415765
-0.0942101167356086 0.25067622644523 -0.388911694844494 0.303857319323335
-0.166147695910462 0.426902508842133 -0.056362972673576 0.258624113082173
0.170723474705839 0.407563942217385 0.092527950082217 0.246337231858454
0.359166124724315 0.0649821036825912 0.230818595553442 0.0367042013082131
0.170731145565135 -0.314608582650336 0.0653051686840482 -0.247344851835401
-0.0970186703815216 -0.303565105355851 -0.212118749308753 -0.14831608338674
-0.233669231409998 -0.193977006431514 -0.167148363473131 0.0443787696373973
-0.312849498110064 -0.0331626144894552 0.0146232914068275 0.078450119585107
-0.306865089104271 0.0357158811855568 0.153661247080027 0.0268635695936213
-0.307806861121717 0.0131680099587693 0.237986769247038 -0.0176991624551071
-0.257715823409716 -0.156046834598972 0.342888235060911 0.0535633708219071
-0.0997396042521096 -0.257484063355999 0.361726263533138 0.20882591722485
0.0757612451069182 -0.293819598043667 0.201698174638236 0.399677041532481
0.290315946810061 -0.0199891986702354 -0.0858518381321752 0.376164725040421
0.156820122400414 0.319137781695715 -0.235727196920348 0.182242918932271
-0.133970006018103 0.417747608412644 -0.294739858000553 0.201898247804396
-0.196916271866578 0.464053343423941 0.0486187969239759 0.155100454924458
0.177081995778471 0.443792826182532 0.210449230265047 0.178906204802441
0.382385502178681 0.0747496538715894 0.290175104438946 -0.0957835677161641
0.192511251510465 -0.3301017821091 0.0150984167778358 -0.352357266420835
-0.0868762530220193 -0.338540497562452 -0.282556711725548 -0.195652927389221
-0.24969806219552 -0.230867817784775 -0.257615651308053 0.00524351748223107
-0.349428721689998 -0.049947170939217 -0.104199960613195 0.062755736570364
-0.341948157409311 0.0326504831288724 0.0248356358786267 0.0395559609985469
-0.344832621908032 0.00742019080682256 0.124110821381015 -0.0137060827825858
-0.296048534173493 -0.187221361447631 0.273888637648809 0.0408930267970192
-0.120509210092384 -0.312312800539636 0.325160455820348 0.206895757517188
0.107119659355941 -0.374790252192893 0.135071804984359 0.399499783210182
0.39095794732058 -0.0270564228457226 -0.13985462665368 0.288710104000369
0.215549929058759 0.415360520058922 -0.196590675077152 0.0334283207175499
-0.154076814451173 0.530425252850896 -0.181709091875591 0.0663254306926445
-0.194556507373143 0.446428208298161 0.180982060026224 0.0256251842892813
0.160647995290979 0.419060199594057 0.305120791657559 0.0339863857158104
0.351259178837742 0.0796585128479855 0.269057945165554 -0.231274647991249
0.190934462866398 -0.293548361744922 -0.0551207452534089 -0.403809941633696
-0.060097902996186 -0.325074578920619 -0.328112157606644 -0.226453659000168
-0.225144161621819 -0.23219025458846 -0.33465863915357 -0.035765783617467
-0.332016228287354 -0.0584558879363366 -0.225341374568813 0.0452483381412908
-0.325885987593678 0.023270784025595 -0.105774757962771 0.0512101556459293
-0.335653777458406 -0.000927795125327701 0.00991846043120305 -0.0085502632505384
-0.296512811556071 -0.198084987746955 0.187593651025577 0.0323976607703849
-0.119551182451519 -0.335593412817055 0.25001229895112 0.197562377039269
0.148122986370172 -0.406209708165588 0.0384456146418877 0.34360795303802
0.449459346933244 -0.00356788427504688 -0.162117313759295 0.145581898815047
0.23205095537607 0.471374956327765 -0.112587120873091 -0.0985324083509613
-0.156127396067161 0.559766352718234 -0.0685654164326821 -0.0763970584342691
-0.158509213724783 0.372623557990827 0.305563651073419 -0.117770058053339
0.126907809394615 0.344226809516609 0.335414731122909 -0.132168873089936
0.282605294159912 0.0728078625546189 0.202088666759701 -0.317794875090485
0.164002521965614 -0.224170530688099 -0.109407970131168 -0.408438027787435
-0.0273518899522303 -0.265846637316365 -0.346224640431399 -0.243700253303714
-0.168626883298083 -0.19711997759367 -0.392444352742184 -0.0745952321087424
-0.265252788055737 -0.0568206460013701 -0.330100118104846 0.0282396162370007
-0.260614449940441 0.0108374963065656 -0.219596959498071 0.0571189722174689
-0.278016465574911 -0.00953342498225018 -0.0926971101448644 -0.00599483419125443
-0.251476408313732 -0.183302577129015 0.0907011134560805 0.0170972110025253
-0.0848732033611621 -0.312964798344116 0.151357207253147 0.155382106119408
0.184651563307402 -0.356422865281559 -0.0325810417087515 0.233288389741081
0.425331631373297 0.0518351335022994 -0.11424487966065 0.00685856695756647
0.186462550518869 0.456934545786414 -0.0154519903492652 -0.161483999715356
-0.139659703186304 0.486032415106561 0.0268142564019355 -0.202873276876454
-0.0980008647167984 0.25189602350218 0.396323809882825 -0.251260234587929
0.0820658219213192 0.229654289245911 0.316370542511118 -0.264785809368958
0.185489874371722 0.0568959988756673 0.135370452608415 -0.359541530193599
0.115405378951012 -0.130544053701745 -0.140218519439366 -0.396907502295908
0.00468795019029265 -0.167211351984373 -0.35292702853417 -0.253279150783911
-0.0888441302713342 -0.131609135860416 -0.428995394917076 -0.100422009800518
-0.161033572515191 -0.0465647655035223 -0.403270422927493 0.01574165420351
-0.157815783866243 -0.00237712555618959 -0.298262010506067 0.0568567682584795
-0.176649948812513 -0.0157703894879383 -0.169057430034947 -0.00895864273966594
-0.160001443868498 -0.139370961027647 0.00476364946025769 -0.00907309019364334
-0.0302396499425592 -0.226382651790766 0.0740707990093637 0.0872513551474655
0.1738069726656 -0.221391644770716 -0.0453831643144791 0.120034568300037
0.292150267839954 0.0906060834899643 -0.0355426028582447 -0.0664078886551425
0.10133126567018 0.33604986265042 0.0445991138118776 -0.161326157391697
-0.0956571360754432 0.312403310075668 0.0936038103736471 -0.295367081185226
0.0368918613248357 -0.0670408149126905 -0.162406600455279 0.359312595727716
-0.0211274020532369 -0.104761719021915 -0.0151807911695448 0.19903777137158
-0.0789071367917966 -0.0622633661544347 0.0118194212012977 0.0824214782278008
-0.0912596947761077 0.0367907536023693 0.046258873580834 -0.0454461277412401
-0.0210380481324732 0.0748152379588791 -0.074152131909232 -0.0534066073575519
0.0272963499394231 0.04701191920822 -0.00810432294926274 0.0848056096467537
0.0377471985279915 0.0266054276586513 0.185029995859955 0.103701288791333
0.0215330747605753 0.0212751660588331 0.328699921569519 0.0508014022554963
0.00651724824454894 0.0374305757733814 0.410955273672586 0.0536281908690314
-0.0159138532453984 0.0591824138702996 0.403864181135582 0.164099272012813
-0.0416502708919488 0.0555590500592808 0.301636274792075 0.291076833401358
-0.0841883636743658 0.0232728908762315 0.111247584756784 0.386830607146356
-0.0813550271361643 -0.054151062507624 -0.145758543457453 0.370498791435069
-0.00212330592989607 -0.124593294777341 -0.338082210556673 0.285414596278141
0.0709747362369889 -0.127901477820965 -0.534711427007342 0.241437571738326
-0.0703519973371062 0.129219664182239 -0.187485306214041 0.366155004060763
0.0299196956578255 0.123366822837365 -0.0250389487487654 0.218290465417042
0.0947005957466332 0.0194986304760597 0.031299208550518 0.107601708810121
0.0356505239012236 -0.0963309067462862 0.0573682202288325 -0.0538296158241033
-0.0388658851285718 -0.0831737515098137 -0.0854347844420071 -0.0536963252335008
-0.0702462121762498 -0.0561303365474689 -0.0228948713920321 0.0860572361425204
-0.0972068688389346 -0.00838583974908623 0.16524159007849 0.10958492393499
-0.111157238268782 0.00968685270360497 0.312208119913388 0.057077945042963
-0.117691813636548 0.00755720404573542 0.39207008235505 0.0497433509663993
-0.0971070206990578 -0.0423109584654752 0.399416858669865 0.157003854238255
-0.0397506330911033 -0.0711230226227052 0.311149678940368 0.286022151582178
0.00112643899083213 -0.0777049418849266 0.135885625833755 0.39188783470144
0.0467208031669898 -0.00447445236747571 -0.119284333037934 0.387435002944843
0.0135462357978416 0.044104402480797 -0.316666404142154 0.296146135975035
-0.0438397742623788 0.046773857616982 -0.515296437110676 0.260635659076778
-0.165498787903052 0.283695859289385 -0.16835434249469 0.321323431320281
0.0703018458292319 0.305484095758619 -0.0233494147396965 0.244545678486315
0.239711437984639 0.0887124454428661 0.107917782782754 0.127522450081557
0.145976328228196 -0.201860104874523 0.0938958521536711 -0.117297556911864
-0.043150760062578 -0.219348189582147 -0.121617427227996 -0.102778837839924
-0.148652751845204 -0.154417426614822 -0.0810395892562246 0.0599640953788621
-0.215602964383159 -0.0476535797090019 0.0992576278543248 0.0999258638146336
-0.226736535669524 -0.00308693192157644 0.248946177661634 0.0576309667033019
-0.22556321545113 -0.0185651161059291 0.328433995388966 0.0382909717280548
-0.170518729841536 -0.131034958553955 0.370251333127069 0.135217491024946
-0.0430467824274178 -0.184202520870381 0.318563816069849 0.270951207143316
0.0749153006872885 -0.178085301885638 0.146458160166277 0.403798267555371
0.173503908284748 0.0267472043634163 -0.116831767342897 0.386725291835183
0.0469821188177678 0.205118668745629 -0.298716551873894 0.246386222577859
-0.141862115849842 0.225345733385776 -0.444066590760528 0.225276248307075
-0.235325916187958 0.37322907241523 -0.101033194130076 0.25009411883598
0.0940764847888381 0.411440718487894 0.0398905562011882 0.260315677881333
0.327882983813037 0.125700055943842 0.219996521358408 0.0856130276368906
0.213330682205369 -0.26537314426805 0.112109194016592 -0.226900388313198
-0.0391973566762241 -0.307442368009427 -0.177618079975879 -0.171692985852793
-0.193786450413395 -0.227351378418257 -0.162289324839878 0.0149958696009072
-0.298249175091335 -0.0809032015196205 0.00179600104166415 0.075553757057893
-0.307022390149439 -0.015758492304513 0.146118073383719 0.0513599482438
-0.301524880771355 -0.0391944301906008 0.233530276926828 0.0223105931025897
-0.225945014348024 -0.19695230579453 0.320992794898295 0.108789832428516
-0.0520877069822224 -0.272440510561886 0.312345687274546 0.25825715274074
0.131809596330428 -0.269082079411228 0.127375421275767 0.414758963664147
0.291752625223059 0.0426946713530914 -0.144696982088968 0.350150647407793
0.0913572030751147 0.342579186218934 -0.269370942311602 0.140453112269577
-0.212251908982634 0.378988875956176 -0.330843602479866 0.143123979475227
-0.271784654691691 0.405547370387238 0.0165968860363248 0.16709249158791
0.0951509247779569 0.449750204029236 0.162786067772071 0.214232633316948
0.352426059630204 0.14100410187407 0.299330618615172 -0.0307148179589676
0.239683112165419 -0.275349688393429 0.0821141036157765 -0.335490076124172
-0.0238311538914788 -0.341319666241876 -0.23687395659707 -0.229310146116978
-0.204266064081475 -0.264738057209377 -0.244867567850244 -0.0383768454410542
-0.331017582144596 -0.10229660408304 -0.113450863999153 0.0396935022789812
-0.342137452297103 -0.0242729347257714 0.0193182282139893 0.0421430077933753
-0.336708121464795 -0.0524465263256086 0.122055358922211 0.00774164631475266
-0.257898281988631 -0.233591961196797 0.255749597875934 0.0830911124947372
-0.0621820509294093 -0.330567524235051 0.276443837014271 0.246784654164759
0.176374212460517 -0.339442542732019 0.0634207694292015 0.399738127900191
0.389197877451127 0.056661559199491 -0.178867925926156 0.253639486503265
0.129703985905473 0.446307903871849 -0.206050479879394 0.00166840359978451
-0.252510101645437 0.483210544375249 -0.190694731439615 0.0301672165793665
-0.267713050174953 0.390542004598855 0.166098958181349 0.0635093301066192
0.0840546704762899 0.428008292693463 0.278817694721229 0.088749927726015
0.325326019999974 0.140485865210412 0.300517556414644 -0.165006972612249
0.231676194165626 -0.243356644449216 0.0217578647397641 -0.3974467500925
-0.00182577639746896 -0.322964326093854 -0.276942339250596 -0.266780967654087
-0.179464732650852 -0.262326143012809 -0.314161589804622 -0.0920737302668753
-0.313528146006079 -0.106368337114691 -0.230698841016699 0.00157610685704137
-0.324312544337639 -0.031832152145915 -0.110567747512009 0.0316117772007501
-0.32521595276098 -0.0589801881652545 0.009555215279477 -0.00663833685393515
-0.256219340231371 -0.244584349498337 0.172470950730977 0.0585883322438671
-0.0549643281381293 -0.3511833938295 0.204622167625514 0.223071016054327
0.220199862494384 -0.359921343731096 -0.0196414442656958 0.3279252610193
0.440810464380417 0.0903080999607251 -0.172998794121122 0.109863679613116
0.134907353006051 0.502490862714599 -0.101068625875517 -0.113808057273525
-0.258403145433567 0.511199605969519 -0.0513837222382744 -0.0900556046883199
-0.219665501696167 0.330170928067867 0.311506882406693 -0.0561533890823202
0.0664660591216608 0.352976161284796 0.33752653890962 -0.0680492805522342
0.261565728084448 0.121471657466425 0.251681278707457 -0.262133981714709
0.194927967822792 -0.183219645712363 -0.0304768824778032 -0.411699386592522
0.020439557228306 -0.261096431873058 -0.293092591989521 -0.289432567749117
-0.129592148447936 -0.218343841961519 -0.366039228394928 -0.139023905535215
-0.248619227746079 -0.0935940105319634 -0.331276454269192 -0.0313107021188291
-0.258007888806275 -0.0328728059013301 -0.221804206038763 0.0184429631424603
-0.267394306394128 -0.0575038889961961 -0.0912190841646392 -0.0215558413852842
-0.213616486183609 -0.222309132438142 0.0819405223453946 0.0273818415083894
-0.0258897533335854 -0.321050909489171 0.118720757040426 0.164780150728442
0.244214442829256 -0.304474976223437 -0.066449198520105 0.209533273663647
0.402168838536007 0.137422875056466 -0.103892539188994 -0.0155459916781833
0.0947552761279875 0.47514497031007 0.00418019444565135 -0.158441724184576
-0.227385237770628 0.443569445849755 0.067159016123514 -0.198018898876304
-0.139970518479504 0.227774545685738 0.422215775210716 -0.173281420088694
0.0434398635867225 0.237650715148328 0.343176761920588 -0.19967601809274
0.171943975514589 0.0891658236937992 0.194223951978579 -0.316393546865651
0.133760315179481 -0.102088865953874 -0.0661250128535316 -0.40495098127205
0.0364695484122179 -0.161291737519 -0.299718060319079 -0.30005192465843
-0.061672380663177 -0.14168187497359 -0.400869377992381 -0.169196430879545
-0.148002261944816 -0.0678109250318479 -0.400372426551528 -0.0547291562455076
-0.153611420695091 -0.0293285832776804 -0.298734467354114 0.00509935516515041
-0.168408706479927 -0.0467155849711182 -0.164135299300538 -0.0376041205340763
-0.131824506109345 -0.163180514565293 0.00445290854788743 -0.0118602171374276
0.0117151756562828 -0.225053448058907 0.0570494342288295 0.0870311241657676
0.206647579005802 -0.177892575859722 -0.059021957489467 0.101544408953002
0.265056553544546 0.145382225960524 -0.0194926232909375 -0.0715239172376062
0.0352737781530869 0.340489227244817 0.0621259100314037 -0.151092946819959
-0.151301846257543 0.284105266835091 0.150221647722147 -0.278863115609698
0.0331224722740597 -0.0662989880381847 -0.145272996485719 0.360733312408888
-0.0263981940755161 -0.100790092094125 0.000458270425057796 0.198939470395223
-0.0795381976006256 -0.0561625189528671 0.0222661560216544 0.0801189996352262
-0.0860877510480875 0.0402651354982048 0.0447973734516952 -0.0485853485659458
-0.0175385272717146 0.0740460657989415 -0.0773504851106129 -0.0464663365522468
0.0285128129620625 0.0450475000909597 -0.00228691288572819 0.0852701595364123
0.0392233427738846 0.0234975403447019 0.189245917535533 0.0908859368237178
0.0232606846336195 0.0190251283253014 0.326271972144154 0.0332341165824737
0.00886611762445992 0.0372426559641233 0.405397120698076 0.0325394201431765
-0.0117379584794951 0.0601871875215318 0.404036648718828 0.141645971121146
-0.0383436334866977 0.0562489069655626 0.307239891380252 0.274310656454486
-0.0817435037812403 0.026085145145655 0.122904500194733 0.371476307209644
-0.080438832593403 -0.0492495935502184 -0.130484797082201 0.36808417674422
-0.00674202220075922 -0.123564216785525 -0.319711924970381 0.288230840579861
0.0632555884932473 -0.126389766789575 -0.50720368958304 0.249428173660305
-0.0648560994892176 0.128693581049235 -0.168886449470247 0.368164937943058
0.0319059125903922 0.119081612655294 -0.00900860700289566 0.216983483104135
0.092908929201802 0.0177272254947363 0.0421654660421334 0.104632579190585
0.0315490651874378 -0.0940384371586084 0.0553290099160494 -0.0568652033000795
-0.0407712833902323 -0.0798525118678623 -0.086978055319556 -0.0464886823282073
-0.0722417893175598 -0.0527124007127503 -0.0183834640164165 0.0871923282915663
-0.0950953517836696 -0.00400903122919423 0.169340556410013 0.0977991452279998
-0.107521150288472 0.0146627946722993 0.309509522340552 0.0402628561782272
-0.114052608069549 0.0147779775246768 0.385982255437965 0.029789444542172
-0.0977243641526791 -0.0354003815411271 0.399963459544284 0.134544166596659
-0.0432432370745813 -0.0696436315528483 0.317286000460111 0.268060761595196
-0.00245053459058646 -0.076641293603921 0.148805527641038 0.375070041370409
0.0478852336636397 -0.00647000009781883 -0.104813014952291 0.38137157360726
0.0156718943259646 0.0428025355399202 -0.298359965070944 0.296509575089608
-0.0435079954338335 0.0480531916351711 -0.490674262296376 0.268240704130109
-0.1518288036391 0.281574169032903 -0.151247181435666 0.322288167625865
0.0787858305609019 0.295378984906359 -0.00681336500532137 0.24063818488594
0.235943642512798 0.080219900508628 0.118023388314389 0.121106840154101
0.134828722957579 -0.201997704991433 0.0888332219779886 -0.120422549132656
-0.0513230718941923 -0.213440557736002 -0.122103632744979 -0.0941907654350562
-0.153926402784652 -0.145565982796262 -0.0759251880937482 0.063737565348707
-0.21363138897376 -0.0364002922468068 0.104724723090958 0.0925204192749339
-0.221771486792978 0.00728681004283941 0.247709382720253 0.0436978727977932
-0.22111695977023 -0.00568060629910552 0.323641717360044 0.0229568955426903
-0.174738267740041 -0.119049476558329 0.369949943829777 0.114497636581244
-0.05298180657287 -0.180820466889569 0.323879460221342 0.253116245478336
0.0641021975940287 -0.17887063270037 0.161725757981535 0.387194748999717
0.173698053621628 0.0193166195594239 -0.102062701651162 0.38012503903
0.0554839213434394 0.199114270240843 -0.281273413251719 0.246228833002209
-0.132905778059124 0.22479379798396 -0.421722270839725 0.231023988367457
-0.218411726764433 0.371355136392071 -0.0889813437152241 0.251144337954558
0.105940790114988 0.399895506199617 0.0548557030055057 0.253360511279885
0.325197824282516 0.112912520368182 0.226100933849819 0.0759881548060833
0.198693114346971 -0.266925479942069 0.102916204659739 -0.226468417479649
-0.052184743711078 -0.300490893756074 -0.178347171542125 -0.159071902354781
-0.202319566842812 -0.215455310632991 -0.157634010899164 0.0233807577300645
-0.295966014951146 -0.0649555601340833 0.00696583171434449 0.0731337578752491
-0.301387344401502 -0.000880854693197052 0.146596140962123 0.0422443792598992
-0.297280522036218 -0.0223687237838353 0.23001753198257 0.0135004290864576
-0.233159891697937 -0.181282656010727 0.320905952549926 0.0914286347435434
-0.0661777056440676 -0.268106553438709 0.318097385894662 0.240409033590912
0.115039102088523 -0.271349690695958 0.143182001696162 0.398988773887183
0.290482634427807 0.0315303375894086 -0.130028114401649 0.343819415906142
0.104969836500882 0.333553618363572 -0.258084682150602 0.141613985264406
-0.196850400220902 0.376772579330049 -0.313709898963653 0.147628012260014
-0.252554472513805 0.404670320679348 0.0223894755567594 0.164584988439903
0.10938519716269 0.436763805017992 0.172149844998247 0.20357301038476
0.35044650346946 0.126426925109202 0.297689943837041 -0.0413602400535866
0.222399333970507 -0.279014953891859 0.068830512708074 -0.330713037080934
-0.040479601357893 -0.334323387804163 -0.23761897731564 -0.214601601517804
-0.214594815081137 -0.251038700807925 -0.240615651519937 -0.0262249692397607
-0.329930831302597 -0.0839352649871156 -0.108364604081766 0.0446218896336797
-0.336544230491474 -0.00909323793617241 0.0214867028949762 0.0397088584321274
-0.33221381121411 -0.0338856802334244 0.119796854529973 0.00412868330400079
-0.266328871935886 -0.217594587894603 0.254900574729277 0.0690222103457531
-0.0771104298726616 -0.324195021793297 0.281608772248746 0.230048242187927
0.156773278380839 -0.34132993790263 0.080644523273146 0.385760329922538
0.384587420991448 0.0419415716875104 -0.167434532815923 0.251409278177665
0.142827669749772 0.433015154772858 -0.201413293546526 0.00622218385205385
-0.229440037004262 0.477754321641679 -0.183191442449066 0.0331864961538606
-0.249616018622073 0.389133009486769 0.164455576858956 0.0593542313923616
0.098527555748793 0.415319759344194 0.27891249863379 0.0782637544804202
0.3252933772382 0.12572685535089 0.293837096723516 -0.171859233911217
0.216202491386896 -0.248246837961408 0.00798352209240999 -0.387068184315123
-0.0181692528632069 -0.318963061871046 -0.278280563156128 -0.250321187607164
-0.190169056184834 -0.249880135211653 -0.311541746819733 -0.0763047745957266
-0.312297792179947 -0.0882094640557174 -0.225151775693777 0.0133437444780512
-0.31887287279128 -0.0160159751617288 -0.106131084993131 0.0354882488876725
-0.321409382807312 -0.04108034920361 0.00887894901280705 -0.00455977438030507
-0.264029625486396 -0.227780458849512 0.172773068603639 0.0478106526671187
-0.0708250419776542 -0.345120049978649 0.210396427812937 0.207655730125454
0.199076885303477 -0.362008525681403 -0.00197085722453496 0.319184912430342
0.43484197238901 0.0724349854950787 -0.168582237479114 0.110507333610237
0.14975779113291 0.485689791582227 -0.105754308875936 -0.110075042327434
-0.23477316528326 0.504965099738273 -0.0516952733961223 -0.0881539483855603
-0.205504356546605 0.329455908090941 0.302077516525612 -0.063078533713319
0.0787424212153334 0.342416064389071 0.330004805590855 -0.075725656588132
0.261258729352329 0.109077331586237 0.241003320144956 -0.263945216205554
0.182744557970704 -0.187887891384535 -0.0434731916840705 -0.399776375029056
0.00499193033611579 -0.258107878894399 -0.295142932822858 -0.271655687408041
-0.138917993216583 -0.208833651994963 -0.364525518955659 -0.119998950200967
-0.247860451839189 -0.0794498940546524 -0.326464337011086 -0.0136116431249226
-0.254344555056962 -0.0208676811216123 -0.216502684840399 0.0281384256634914
-0.264469308740055 -0.0428500999912733 -0.0901282558939706 -0.0155734004901671
-0.221664411924737 -0.208356366965801 0.0820522746996662 0.0215161804107129
-0.0393898577547252 -0.316213977066576 0.123980295863792 0.15366063477418
0.223859055762468 -0.30699286780628 -0.0527940530877058 0.206077900179347
0.397622327353696 0.119019304631629 -0.106750725816396 -0.0136702611624939
0.110277058471794 0.460516943365876 -0.00624835067684348 -0.158442576716324
-0.205672148317587 0.437221576571206 0.0579612424896982 -0.197680379971577
-0.130342893466876 0.225899047976101 0.404651677281746 -0.180398153636065
0.0521967289312543 0.229091183964304 0.329214715220953 -0.203615746051051
0.172154529582539 0.0800910896718026 0.183715456784512 -0.315513497740759
0.126412925194928 -0.105959715887381 -0.0771490956492694 -0.392943831612892
0.0255062511093996 -0.160646196129671 -0.302204347497554 -0.28250244205193
-0.0680881478093021 -0.13729443560927 -0.40132376697742 -0.149309803579592
-0.147633691226489 -0.0584521607047002 -0.396733117863563 -0.0322554369691237
-0.151483266289901 -0.0221369038920003 -0.29204334880383 0.0183303624503088
-0.16616603934453 -0.0377267947485731 -0.163515060533751 -0.028121136476552
-0.137517676463443 -0.154585494437658 0.0030757500426732 -0.0142751242207184
0.00150660327311428 -0.221253789540118 0.0603414445842549 0.080445504859119
0.192402505890354 -0.182197125425505 -0.0506824645609141 0.102383050295879
0.264596658031024 0.130589311064359 -0.0277985670851863 -0.0709885456967802
0.0478605020881551 0.328706003072854 0.0488570071285562 -0.152990079008124
-0.136258594839185 0.28068797703375 0.135015968521795 -0.280148933390461
0.030232160700201 -0.0653035097245868 -0.132981418745353 0.359978318721997
-0.0300070355334562 -0.0960363346238052 0.0128409705580634 0.196033580984849
-0.078670100735148 -0.0507777612331637 0.0310691164600992 0.0767155396692679
-0.0820444471534366 0.0420436497867563 0.0428281665841478 -0.0507397813958853
-0.0148916615532585 0.0734634080272069 -0.0798740661300658 -0.0394849753827547
0.0290216275296462 0.0432865439207268 0.00140099864155962 0.0852360832368839
0.0395478639929859 0.0207451893277714 0.190190372573125 0.079000076942347
0.0234338423441843 0.0174643539744939 0.32091721305525 0.0195727160231149
0.01114085885124 0.036438176827541 0.39739408127657 0.0171016809885481
-0.00796021260503153 0.0600865896863022 0.398235335384419 0.122961878419628
-0.0356547670129344 0.0556267014882409 0.309117103544215 0.2581796547039
-0.0786857153195398 0.027950473622393 0.13165435106959 0.355410895714826
-0.0782109542879437 -0.0455937623439152 -0.119749157280827 0.361738657999221
-0.0106896977775087 -0.122240043685689 -0.304547694849347 0.28453530692937
0.0563225928672572 -0.122200871286869 -0.485595398632101 0.249199243857878
-0.0606293742968847 0.126676259665768 -0.153701287224 0.365444868409283
0.0325630045481804 0.114954446920794 0.00385767770468747 0.212785906216514
0.0897641621714871 0.01654254626143 0.051489123320928 0.101164628004865
0.0284966695269469 -0.091692799297763 0.0533275108294527 -0.0592617764994697
-0.0418306330715376 -0.0769353348736361 -0.0878743819684006 -0.0404928398353319
-0.0733945796401227 -0.0495211764709385 -0.0137742340173183 0.0883768834899601
-0.0929455262305881 -0.00123454181888737 0.171516250304443 0.0873122675152612
-0.104699242825958 0.0177538667523575 0.304897806257042 0.0272931772798107
-0.11014182933745 0.0193541497576611 0.377877907471739 0.0170765874213339
-0.0969625915116747 -0.0299057131198943 0.395043023149089 0.115959556259119
-0.0461261634090884 -0.0679559935671188 0.319892351506138 0.252770488455708
-0.00558309098448125 -0.075723958068156 0.157210771943361 0.360514980421355
0.0491372875094777 -0.00826048083824314 -0.0938184753095509 0.374087437170166
0.0167347496917861 0.0414594737900796 -0.28257702928656 0.291763486225091
-0.0437862937872686 0.0489710732014373 -0.467319642459893 0.267027983922513
-0.1420730329046 0.277209526893595 -0.138036217130211 0.319838889268504
0.0827079010485862 0.285505031164255 0.00477462524754895 0.235668510654446
0.231142187436214 0.0747308341037223 0.125776731013473 0.114819560560313
0.125673963693365 -0.19880797469832 0.084221215303497 -0.120215409931166
-0.056717749650035 -0.207113621852656 -0.121479029062749 -0.0862904862843675
-0.156926014923258 -0.137803479461715 -0.0715287418809741 0.0670683593934737
-0.21055769335471 -0.0285171876114813 0.107429827709685 0.0857532736367765
-0.217079270688506 0.0150275510471388 0.244378531579369 0.0322459277297287
-0.215632657469518 0.00374880725929848 0.317818358338393 0.0126729502726604
-0.176504010651908 -0.109122579564029 0.366858716287364 0.0994577211261222
-0.060075497892988 -0.177928710141042 0.325958871295479 0.237807969724459
0.0555647279818535 -0.178089579480405 0.169514920055476 0.369917235713296
0.173659620706483 0.0137411914433574 -0.0914680947159481 0.371235620987722
0.0598089167205676 0.194330712412596 -0.268754482427861 0.243000955001557
-0.126521570795248 0.222234597954867 -0.402453936222332 0.22971617767213
-0.204906606232031 0.366220534964775 -0.079269624283104 0.247667915198718
0.111814963779635 0.386196617498189 0.0642952922460414 0.246224135230839
0.318489769312887 0.105358573871566 0.228615845269438 0.0681507628523467
0.186594868905445 -0.264572591272171 0.0956970038958757 -0.224685443552669
-0.0607965375304204 -0.293068649775606 -0.17700826463038 -0.149522964292129
-0.207524162172046 -0.204747459768099 -0.15266942698171 0.0298532803246659
-0.292227267668023 -0.0523742412306337 0.010850892125624 0.070871617864584
-0.295122760398189 0.00975170557717291 0.145881797225274 0.035048787206496
-0.290357512167223 -0.00954039041469767 0.225657888407054 0.00701605218146322
-0.236200566131605 -0.168638508600255 0.317309833528405 0.0774653131017958
-0.0762530332158767 -0.263279177952472 0.31854040630035 0.225755578282879
0.102609834639112 -0.269292091715197 0.151513710845474 0.381955703686367
0.286856855018376 0.0230122004899966 -0.119602979081398 0.335942690603917
0.111182609438351 0.323885327832338 -0.248370286817601 0.141929039511508
-0.185203395396843 0.370619388884848 -0.299176833654638 0.148197517578422
-0.239909460386929 0.398847526353032 0.0269451401831502 0.162000946290875
0.117097032879286 0.423454270938846 0.177087744036975 0.194463370419429
0.345823430567983 0.117607893713875 0.295400797068232 -0.0473584032969933
0.209689823521775 -0.279830671872669 0.0599796871802914 -0.323917079943954
-0.0510310707697998 -0.326904485451647 -0.235368839090725 -0.202538833382254
-0.221093256506348 -0.240271868454923 -0.236447845344825 -0.0165284565048364
-0.326035956811953 -0.0698859272750682 -0.103286783153438 0.0473886207659593
-0.329581424522666 0.00324878113820912 0.0234623598575111 0.0373045362566143
-0.325441799981842 -0.0214194838156486 0.118192610210447 0.00261498783914217
-0.270495090520437 -0.203348151394043 0.252371554643269 0.0573737167068621
-0.0874688965638563 -0.31771047409139 0.283065770284138 0.214987171373019
0.140500896909281 -0.338134446595667 0.0922442097863568 0.370294745533187
0.377976310985365 0.031914552493985 -0.159426365964343 0.246140630454861
0.151129247022874 0.419713433085398 -0.197430099541524 0.00688450348085945
-0.213635120648595 0.468876297909181 -0.175632262711579 0.0337469859795384
-0.235963359902266 0.384587342597322 0.161917025265689 0.0557955428673422
0.106425400905527 0.402214367324014 0.277598135522074 0.0699194350374803
0.32072012606267 0.116471101397917 0.287507527526394 -0.175613750463328
0.204339259297284 -0.250102641469259 -0.00131935240416166 -0.378124796680778
-0.0305559013132509 -0.311687633916796 -0.276241739693447 -0.236855911852761
-0.197965253896741 -0.239153272526689 -0.307061397046277 -0.0629070938812048
-0.309818559336657 -0.0748987957302759 -0.218742489221025 0.0220546097614002
-0.312779821821282 -0.00482336960377418 -0.101140642685474 0.0376044483559475
-0.314899355679128 -0.028168413885682 0.00936716845211073 -0.0028630068313676
-0.268644760431331 -0.213784295712176 0.170257657126635 0.0393726796351968
-0.0810415219847092 -0.338688286458164 0.212675125379551 0.194819680936711
0.181771061131797 -0.358783051534152 0.0103416171022574 0.307989574095661
0.425032895324084 0.0602874669778407 -0.164531964083234 0.109542498154543
0.159157060050174 0.468881415503853 -0.108273231197207 -0.107276273510382
-0.216891318879275 0.493730960513419 -0.0519641284358178 -0.0867364846015624
-0.194205696265956 0.324679601922598 0.292355910773472 -0.0650607655919865
0.0871967537114267 0.332003734587762 0.322353188773135 -0.0797875315985238
0.258873926073207 0.0993916673763424 0.233724232213284 -0.264251495325922
0.171848970854905 -0.189733781366119 -0.0504533421332267 -0.388582249902664
-0.00701916755183044 -0.25396247051838 -0.293836306663827 -0.257725018068813
-0.145684142824327 -0.200223742528554 -0.361949042660514 -0.104812235045662
-0.245909209129132 -0.0679907232715731 -0.318474972991083 0.00045301936675065
-0.250111473349762 -0.0117541932333366 -0.209984428140245 0.0347778271827708
-0.259102832509154 -0.0330848571572467 -0.0883194789752588 -0.0101998350350455
-0.225314499045891 -0.196798060840109 0.0799305014223495 0.0155167443743309
-0.0489498834435797 -0.308995007574708 0.12701516053676 0.144417164379828
0.2067561991325 -0.304596398880199 -0.0430535583381895 0.20083512413231
0.389016210451978 0.104748784910623 -0.108779917644852 -0.0127043073043901
0.119207800025707 0.441731782944851 -0.0146069456902966 -0.155895599020879
-0.188524244966308 0.42929925824527 0.051087698648707 -0.196359592478213
-0.122922808079302 0.22299671499663 0.388741995801601 -0.18111298814115
0.0578391176974416 0.221471437609752 0.318608050085141 -0.202800832358008
0.170547272517868 0.0729127169930064 0.174919611609123 -0.312724253227174
0.119803567839266 -0.107858888052791 -0.0842822374591068 -0.381220043584697
0.0165639303854208 -0.159249668215087 -0.302075100564524 -0.268260731016534
-0.073098553785642 -0.132588693377075 -0.398691019518745 -0.131948619340485
-0.146177889508931 -0.0524034390245577 -0.386096925717401 -0.0163094004279219
-0.150032096256332 -0.0177075157269273 -0.28520044928774 0.0278569172179197
-0.163072339238908 -0.0310289668616703 -0.160536099035393 -0.0204247902312435
-0.141180170973195 -0.146768349310762 0.00212978088362078 -0.0159804555463581
-0.00575455565618853 -0.216604079139179 0.0620200933062181 0.0743234609623911
0.179675528948695 -0.182833725279849 -0.0433508201399775 0.100595504419065
0.260541790116603 0.119808530623216 -0.0345609948805684 -0.0707809973570989
0.0564147239721643 0.316142150189813 0.0373023802080904 -0.152760095084611
-0.12549482207606 0.274862463121142 0.122655288050263 -0.27782512311226
0.0282979542304384 -0.0640966607892296 -0.123726121967638 0.359070485839741
-0.0327606006981813 -0.0921238245340058 0.0218604343439046 0.19477920027762
-0.0769356071535583 -0.0466107363849647 0.0379980996207502 0.0743081158405542
-0.0792593039832955 0.042887321234086 0.0424790461578987 -0.05210133935763
-0.012431167964904 0.0726617156997339 -0.0806948312381042 -0.0324290568670433
0.0288430963883611 0.0425036738714139 0.00474025207474041 0.0863696140605899
0.0392512759247398 0.0189668138316176 0.19048775861618 0.070804530744041
0.0236649165321448 0.0162097809747087 0.317238267856321 0.0107031781712965
0.0122264944657136 0.0356176807538225 0.391232685978611 0.00744795952756243
-0.0055727782298243 0.0602220326322216 0.395747970436828 0.112790988559314
-0.0333132831413723 0.0547590070667826 0.309767678490474 0.249956531493485
-0.0768428050702829 0.0292871633496197 0.134242881610709 0.346229870072149
-0.0760420027549467 -0.0437981211726914 -0.115077298996206 0.356561617304953
-0.012360938517126 -0.121793308187364 -0.295803413552934 0.279327674016478
0.0523719566820534 -0.118554740106753 -0.471711179580993 0.243477530173834
-0.0587708070011416 0.12467052080254 -0.145225390709423 0.364063795474223
0.0323029085792224 0.112873728328302 0.012929481220833 0.210023166582363
0.0892028208744328 0.0176867585952061 0.0592246125872751 0.0977631445629321
0.0271312332351227 -0.0892535423571224 0.0521977957298172 -0.060569763492107
-0.0423336979781051 -0.0751028493548763 -0.0879407205276273 -0.0345575909995461
-0.0742316771223581 -0.0472271293620707 -0.0102974637815411 0.0904756227236612
-0.0921275816128852 -9.84220051048826E-05 0.172416356088202 0.0804825493260985
-0.103049607522725 0.0201543845877326 0.302017126433748 0.0186897694612269
-0.107335444581689 0.0224023397856663 0.373554382037914 0.00838121127179633
-0.0964668024592983 -0.0257309834075474 0.392295767749483 0.105610357722262
-0.0484506815256432 -0.0672879685360558 0.320040954824691 0.243709720136436
-0.00862913419784703 -0.0747243045334745 0.158447321273205 0.348419922784988
0.0504151932880683 -0.00929127609189713 -0.0898004374785285 0.368288101466623
0.0172993583647044 0.0391978599415806 -0.27424202862207 0.286911766538167
-0.0447215290658991 0.0501242303061098 -0.452636998373668 0.261888286673666
-0.137839106735088 0.273001867700892 -0.130522695584705 0.317341454068092
0.0841898909596357 0.278702026129092 0.0129913990256757 0.230737215532539
0.22723152634712 0.0726162612667078 0.132160679182359 0.110987037636936
0.120835045823994 -0.196303575735612 0.0818137657500716 -0.121028641505277
-0.0593078221660758 -0.2032136463348 -0.120365270960218 -0.0806101043550767
-0.1593906513103 -0.133579155184378 -0.0672952578148687 0.0706600456472901
-0.208968814741897 -0.0233314646525206 0.109806025538172 0.0811099614063238
-0.214200196268555 0.0200903265297074 0.241693277143134 0.0254187620429037
-0.211803049518931 0.00939549923211631 0.313502893224749 0.00576305430585509
-0.177368163994291 -0.102577070728742 0.363952936933879 0.0877512988204101
-0.0656960124453827 -0.176343935562443 0.326499654471659 0.229537747214232
0.0494851293549482 -0.176787143768875 0.173578095169672 0.356128036182747
0.174306736681064 0.0107043124534006 -0.0876211514310843 0.365010796692504
0.0624436266340368 0.190623868886187 -0.261068002958832 0.239541560282532
-0.124324120069837 0.220375461639539 -0.389726455499747 0.22613249186852
-0.197615577606871 0.361313789483542 -0.0736621556351207 0.245865934124899
0.114047431962393 0.378532700938902 0.0708301629627682 0.239943715534764
0.314087176644075 0.102036836807615 0.232362502653633 0.0634004925009245
0.178992779246305 -0.26201110632631 0.091559942889764 -0.22235915638412
-0.0660740413991281 -0.288240305990159 -0.175288162234734 -0.143415451927154
-0.2109569334913 -0.198875045705846 -0.148276970073587 0.0348642203272591
-0.290239135450068 -0.0454095266003257 0.0140184024731086 0.0698448268417859
-0.291240821790648 0.0168067435783641 0.145319010073005 0.0305036474504989
-0.287010339506068 -0.00144209470104618 0.223977300248822 0.00339746465413409
-0.239172922225221 -0.159871473106842 0.314948624381592 0.0676650314022504
-0.0834651161809125 -0.26021164517831 0.319456655614459 0.216707210503585
0.0939431004465445 -0.26779358372665 0.156651042275357 0.369274726425998
0.286078161281266 0.0178882259744633 -0.116077888887882 0.329844959392271
0.114615478707346 0.317718300601113 -0.242824194620223 0.138080541356622
-0.179457208798587 0.365305173573639 -0.289539246402759 0.143641555628488
-0.233430283532769 0.394041535562957 0.0288332983008619 0.160443976011104
0.119944310584204 0.413988902588884 0.179270755781169 0.188888563648287
0.341517240443075 0.11233983842821 0.296158858603764 -0.0515565763562493
0.201327744132238 -0.277727911001609 0.0550729651281753 -0.319873180492637
-0.058553571461254 -0.322574749516707 -0.232585368474071 -0.195682926200466
-0.227028801405742 -0.233150157376394 -0.232632202790414 -0.00885974877946133
-0.324404062448998 -0.0610572706597446 -0.098629793065807 0.0496202700579402
-0.324492503177998 0.0114220189674709 0.0248440482335815 0.0353330908680831
-0.321161730489512 -0.0115339693059674 0.117179819188883 0.00127929588228796
-0.27387819795406 -0.19363577413075 0.249576649244537 0.0490475279373237
-0.0950706900476624 -0.314520819176694 0.283205645178703 0.20609439415518
0.131473008304784 -0.33511179326379 0.0980399396612432 0.359103341110958
0.37552401880141 0.027869594442714 -0.156418029888224 0.241547297411744
0.154967299148212 0.410413292131407 -0.195579069624057 0.00558082836408939
-0.207662823785247 0.460195318550798 -0.16961264689981 0.0315199813779114
-0.229829721924884 0.380565670814364 0.159814364924475 0.0552020740033596
0.110566400462955 0.394204572839574 0.276349826008664 0.0650518423725585
0.318119792290928 0.110949739593362 0.286386040017223 -0.176637080428007
0.196157951765114 -0.249434728149985 -0.00441996181555312 -0.371355200862485
-0.0398151158751671 -0.307455830486107 -0.273771817776607 -0.229349001749033
-0.202974522280918 -0.232084470256599 -0.30429610995238 -0.0540169225166451
-0.307409867373226 -0.0663722233037188 -0.214188077007555 0.0284160120172374
-0.30878170475001 0.00332626194588019 -0.0989979922923185 0.0391055017468242
-0.311069792468392 -0.0204600065666939 0.00932218249569282 -0.000879361806243671
-0.271685514258619 -0.205463621345735 0.168175099639027 0.0326803727787051
-0.0880395309267488 -0.334205912889118 0.213935558517726 0.186168517528951
0.171231977370747 -0.353551003450247 0.0170532436075363 0.299511881899904
0.418407060643127 0.0544701369585513 -0.163175576741179 0.107850960797387
0.161966095337334 0.457552163996 -0.110393250999513 -0.106259357714654
-0.209675947902671 0.483761032868212 -0.0514328934168985 -0.0870653321649317
-0.189748561010856 0.320951591856082 0.285781924781563 -0.0645435320210674
0.090223048342628 0.325077907122482 0.318200094359497 -0.0813069807101311
0.256981190969765 0.0940117173699395 0.230874081326656 -0.263449789753103
0.165281220337199 -0.19056216578316 -0.0537077533042845 -0.380754337780215
-0.0147882114257287 -0.250398213955951 -0.290699693146638 -0.249335275791549
-0.15035176995381 -0.194500358852079 -0.359697549352546 -0.0950371247806272
-0.244436062537828 -0.0611406109105036 -0.312961951046935 0.00889230776151742
-0.247791981783864 -0.00655139230703081 -0.206163182270979 0.0386998783574852
-0.255501611517048 -0.0268201014404589 -0.0872224334531154 -0.00646307638413796
-0.227239387694834 -0.189661334346774 0.0785991348423517 0.0111590658594528
-0.0551995931936526 -0.304047976344704 0.128125684377109 0.137443982633556
0.195698623006029 -0.300942729382636 -0.0356553444139054 0.195328291881375
0.383429166804135 0.0981604509450821 -0.111447016737899 -0.0129046438302297
0.123222170851063 0.431467684128309 -0.0209744084263277 -0.154984081503007
-0.182650579959587 0.419795814590167 0.047630612406922 -0.194548612399118
-0.119379831631993 0.220097768892998 0.378919552305332 -0.179118586295771
0.0601025411895064 0.215818269413359 0.313255252380662 -0.202183769277983
0.169127526492828 0.0689138945146965 0.172283711860756 -0.310524435939606
0.115911110478951 -0.108303446547044 -0.0874303832562813 -0.373531252346439
0.0110629634103439 -0.157937826494329 -0.29912273410174 -0.260081987698701
-0.0761835652894571 -0.129875289441733 -0.395104447724735 -0.120503287285006
-0.146135855091342 -0.0480620789212307 -0.380808871790771 -0.00331264665731067
-0.148392713564357 -0.0143108403664712 -0.280505143947592 0.0341768158941061
-0.160819838762478 -0.0273904299835344 -0.159117860636684 -0.0162680060551028
-0.143084431707806 -0.14161847187064 0.000167378370498715 -0.0180831917399926
-0.00975268896725544 -0.213294176804649 0.0635215661872223 0.069313484121169
0.171536932373757 -0.181599288828245 -0.0386527555584371 0.0987157276322628
0.256152475457767 0.112090945376457 -0.0406671098861573 -0.0694606253996861
0.0600068694427531 0.307570077005918 0.0286917563031469 -0.152209136074144
-0.119564649806142 0.269103597762726 0.115934927004365 -0.276729074864502
0.0269484719003049 -0.063845995560657 -0.119030448617543 0.36313253706064
-0.0341189014133443 -0.0897978317432356 0.0312443969522567 0.195477816108621
-0.0757663490895606 -0.0446399550335786 0.0451799425671099 0.0730051785775895
-0.0775490329379673 0.0443126012841889 0.04186522618717 -0.0538353829877083
-0.0109696016061498 0.0734508781351715 -0.082456220390108 -0.0260702459327237
0.0294054270904215 0.0429390761227643 0.00755373056810765 0.0895454831685149
0.0396424339156672 0.0178214014498624 0.192939311813457 0.0644250512907154
0.0240676163193224 0.015708285226722 0.319183924037389 0.00240173394923879
0.0136047830275217 0.0361513502352175 0.393188975583998 -0.000609213938347884
-0.00304465107072128 0.0618629322261951 0.398079970240718 0.106158094272182
-0.0336382876223445 0.055058739368452 0.314937783875584 0.245196241333833
-0.0767608636842821 0.0318116562825351 0.136668622192839 0.341774597109546
-0.0752799465596417 -0.0434998606005963 -0.113756629985558 0.358733381710781
-0.014760431158909 -0.122946495723043 -0.292871921562917 0.278917576117241
0.050293074020529 -0.115612174022551 -0.469714180143339 0.241283368758778
-0.0583637329991947 0.12556923439466 -0.14043946726298 0.366928213031018
0.0322403815321829 0.113273906621617 0.0202926576843428 0.20952371676084
0.0898191837516266 0.018735460993568 0.0676098849729821 0.0961007972336775
0.0268158121504625 -0.0882071813584381 0.0522741302556558 -0.0620852549508104
-0.0432992315660549 -0.0742539477189247 -0.0883412789099209 -0.0294214776788904
-0.0763346109700044 -0.0454867233860805 -0.00718961526217177 0.0931422039365635
-0.0929481230537108 0.00188516612860826 0.175097050038368 0.0760132027749955
-0.103082271008271 0.02277127489619 0.304349493159134 0.0112985602314484
-0.107093824501531 0.0260175319199111 0.375619973180342 0.000673256466501007
-0.0968225702170636 -0.0232391969041877 0.3953640461883 0.0973201894457508
-0.051633511063229 -0.067627626410966 0.32546727707903 0.238172735819708
-0.0099287976923155 -0.0742509897596097 0.16330730820095 0.343722501965021
0.0531411904002524 -0.0106803694373692 -0.0867197007861041 0.368504915127996
0.0180789703195983 0.0393049006363531 -0.271078750043135 0.284694051914114
-0.0471099896229292 0.0525791299534484 -0.449416230239616 0.260506026822445
-0.136396666334472 0.274593167251527 -0.126101242891999 0.31945668484317
0.0855798224783307 0.278401874465647 0.0193847417073899 0.229902741610479
0.228320770572376 0.072970132559923 0.139904229695159 0.108234654608576
0.119687991555919 -0.19587261307626 0.081158037375987 -0.122583169792251
-0.0624352565466023 -0.203321769618897 -0.121019105911487 -0.0763211453387568
-0.163399984961679 -0.13130242866014 -0.065164472513544 0.0745000563127783
-0.211088778513411 -0.0186875996719725 0.112848695061052 0.0778895440855527
-0.214882021658713 0.025101574575095 0.244882670470804 0.0187414405377039
-0.211911393575187 0.0151401982514842 0.315957893565381 0.000673598832229492
-0.18117616661682 -0.0984859091794708 0.367084230631003 0.0818890462075481
-0.0720059830010863 -0.177273371746397 0.331809875167584 0.224476661247304
0.0457179361412823 -0.177926097805342 0.176300230830008 0.352240049897049
0.177322681611789 0.0081275320928311 -0.0858936339311235 0.365744447194605
0.0648318850060638 0.190681994163718 -0.259091635232506 0.237852877400621
-0.125919522158746 0.22358625801877 -0.384584418177756 0.22350089169559
-0.197336568047066 0.362136902412298 -0.0711013079002766 0.247165096577245
0.116643830314574 0.377087816084259 0.0755180658380505 0.237770313171451
0.31689837806435 0.101995632505994 0.238982260129392 0.0600328331300901
0.177442194864398 -0.26350456905017 0.0896755255068952 -0.223537363161051
-0.0714520370163326 -0.288626725165494 -0.175509572833245 -0.139837642478404
-0.217931089279443 -0.196236590855554 -0.146757209490017 0.0401123277187286
-0.292887994564464 -0.0395048838738707 0.0170737877708458 0.0692138910086266
-0.29301728507379 0.0236263536580161 0.146199743306906 0.0263394487297573
-0.287103187125463 0.00522904555301473 0.22575730824469 0.000656667538381844
-0.244620797222784 -0.155235303818748 0.317070061277481 0.0602755716262152
-0.0914582161952852 -0.262156917976348 0.324763118216946 0.211602450939057
0.0891045952690428 -0.270178061455315 0.161735421858771 0.364000986717025
0.290566610499843 0.0147226759970247 -0.11584972890456 0.328474346092323
0.117269384557553 0.31756285850882 -0.242153631818375 0.136459688031433
-0.180091530549172 0.365834823214793 -0.286868373737658 0.141397573220883
-0.232385067204596 0.395581101022629 0.0299875826807308 0.160631672384064
0.122653352583012 0.413771946755399 0.183017843461668 0.186143879327776
0.344156259702201 0.112739415130344 0.300182873539318 -0.0554744711923985
0.199347136385257 -0.281079673528788 0.0527257816427805 -0.319118011865288
-0.0652044222219835 -0.322396062709965 -0.23303392428661 -0.193007155169679
-0.234687298514178 -0.229544072444131 -0.231787235851419 -0.00321088583685133
-0.327869202261111 -0.0543193284998137 -0.0964936452212346 0.0528412608970799
-0.32735790055216 0.0187639957589679 0.025711236909786 0.0340194698228878
-0.321865814676681 -0.00461763203850357 0.119100499325058 0.00102518640654508
-0.280438364839085 -0.18964557755347 0.250718931343939 0.0426345095004761
-0.103499302881575 -0.316447511756955 0.287798678156672 0.202029755939535
0.125492689805065 -0.33613469167034 0.103344296732961 0.353847950118591
0.378865958263695 0.0242762313147442 -0.157498187102339 0.240957810672289
0.158885451400605 0.410146743948037 -0.196740760393984 0.00513263730726912
-0.207302322307192 0.461232569693086 -0.167568891639144 0.0293399216122162
-0.230571263375809 0.383139877205969 0.15944899712744 0.0554086983016434
0.113447270308682 0.39490117208899 0.279435892083514 0.0629110278416579
0.321779265741278 0.108811306609274 0.289516165108365 -0.180197944244016
0.193496872529466 -0.253232490329049 -0.00748510585048476 -0.370327250836268
-0.0465316121463864 -0.308647557922475 -0.274200080644897 -0.226874389827347
-0.211417533218566 -0.229347666628521 -0.305740516764904 -0.0470323834920241
-0.31157141694503 -0.0590024587358541 -0.212278925222773 0.0334145606263259
-0.311575564614983 0.00930770199680728 -0.0992955359159845 0.0409965044776812
-0.312216008060012 -0.0143257256759827 0.010300926919084 0.000184651178901647
-0.277906585143876 -0.200632030777008 0.168276648931335 0.0275044620842101
-0.0944265399592257 -0.335591941311487 0.218207021432482 0.181200049270934
0.16535587978696 -0.355384743621049 0.0228944473683457 0.295027599430541
0.420953592141168 0.0511476303047483 -0.165841414726224 0.10706659207685
0.164853658685127 0.456012272962985 -0.113526981559702 -0.107048111150642
-0.207695482395315 0.482499637387511 -0.0509431880705876 -0.0890394332430072
-0.189577372288186 0.322453391679777 0.284815859613079 -0.0643820750809538
0.0935979873126653 0.324120735241439 0.319874378212222 -0.0841411834737968
0.259331201413909 0.0924335196161883 0.232597995092649 -0.266711338332828
0.162870561768234 -0.194020006756616 -0.056951449399272 -0.379072798013292
-0.0218389146825012 -0.251752152409115 -0.29322573391315 -0.247418441285026
-0.15722751646314 -0.193375551593586 -0.362162934115718 -0.0870090801254347
-0.24701780269414 -0.0559298047614598 -0.312296925167779 0.0169522795101708
-0.249662018241231 -0.00148652911564029 -0.206471206062223 0.0428165980662271
-0.256486269210068 -0.0222699741379495 -0.0867000983204416 -0.00360965558757659
-0.233172909499157 -0.186485722858191 0.0772917636148355 0.00721267054798301
-0.0597942272008067 -0.305320641028512 0.131425362197194 0.133628546355167
0.191427896715344 -0.301886582504103 -0.0305346486596167 0.193566216169982
0.384006011918584 0.0933308113702942 -0.116715812876614 -0.0132572765972227
0.126754883128037 0.428710350893854 -0.0259226501381567 -0.155704096723738
-0.179089158185292 0.417492340960032 0.0459306796707739 -0.196926109285631
-0.11972861691152 0.221037239067359 0.376275077367649 -0.17913427519274
0.0615109336942488 0.214626761538992 0.313193930060347 -0.202784703713881
0.170000000119877 0.0666771872126196 0.17225488733143 -0.313864224086855
0.113786176006859 -0.110786786684042 -0.0895938378767372 -0.371395431327705
0.00621330505940803 -0.159037444617597 -0.302498464803827 -0.258078295730782
-0.0796839025045746 -0.129610485263087 -0.399596533425081 -0.111616282434301
-0.148089105275482 -0.0451285926684306 -0.381338561022105 0.00582876939929793
-0.149982001195553 -0.0121943858385957 -0.28123785093995 0.0391837988271436
-0.160905558716619 -0.0248228320333425 -0.160404168835525 -0.0123687489267053
-0.146890178101378 -0.139373531812962 -0.00153964255907046 -0.020325063456251
-0.0128377356111611 -0.214013985281322 0.0648955678719645 0.0661430606661124
0.167232706097376 -0.183038974421534 -0.0354214476528643 0.0969782825184752
0.256839573950959 0.109424499887673 -0.047749310838957 -0.070782563369995
0.0631764867770355 0.304858877269317 0.0213079862265297 -0.153031038767078
-0.118315815157702 0.26648418480737 0.112690336907622 -0.277970170717357
-0.0138828717072473 -0.0652070518587052 0.128578120357399 0.362096097483397
-0.0773089847078912 -0.0500450898337199 0.14629261967544 0.131901620173117
-0.0843823695395496 0.00829757176630606 0.0814794776070533 0.0284826345921007
-0.0346193969940477 0.0796180518622087 0.000317065522912293 -0.0673558360637079
0.0358141736640198 0.0656342806996708 -0.0776046335217722 0.0354992980772767
0.05075180514746 0.0167817047673628 0.0672476891345183 0.0681272877627095
0.0418096340053438 -0.011797712011993 0.195720846587258 -0.0739762047330071
0.0297902550866174 -0.00312978395784227 0.254046960003348 -0.200732169667994
0.0370493938829849 0.0183859422967485 0.312342538380247 -0.251885553179981
0.0388481657747013 0.0491515994181197 0.385749881325285 -0.167818976644184
0.0108678218545935 0.0654881591672447 0.405844052584765 -0.00437658158527074
-0.0384687957460517 0.0742541165554866 0.324216077918177 0.187021358690542
-0.0871316349725445 0.0161541032267465 0.137531397353778 0.358012915678338
-0.0936594950003603 -0.0858604599806537 -0.0503675811149216 0.409024464647686
-0.0378016927416517 -0.122378450776827 -0.224942678952397 0.499317318606281
0.024569059536096 0.139698590202242 0.12780937846382 0.380556626096103
0.0924343117011736 0.0721241001413855 0.15385212395613 0.153472397375616
0.086191909816395 -0.0374968402813682 0.119569059454357 0.0275585320948914
-0.0286345743861866 -0.0850896088700648 0.000520418953201542 -0.0871146153626346
-0.077450475108895 -0.03272318928497 -0.0875390295420125 0.0343745424945939
-0.0883033418951581 0.0108485117066379 0.0541634366034863 0.0791904900221048
-0.0729146802409915 0.0587160220450468 0.187775978433113 -0.0523687406669055
-0.0676692922922955 0.0832679789586706 0.24806422613118 -0.186136308584808
-0.0672678518813662 0.0874062586826632 0.300711513276588 -0.240703273621227
-0.0917476142565997 0.0417556184123473 0.379658337270474 -0.172255131302838
-0.0835685525720647 -0.0222285245784062 0.410956486557554 -0.0171056394219204
-0.0512447504655015 -0.0552085335417212 0.345058185233494 0.171715511708834
0.041964138859221 -0.0412892778519926 0.164638093448366 0.350313793952614
0.0402610578210375 0.0261328894436565 -0.0355536312334378 0.401095590033736
-0.00900246521106664 0.0817924867962425 -0.201212397521927 0.4931044247918
0.0455700828641383 0.306092808405048 0.118050266395939 0.338060725580961
0.229231399508724 0.171612943127256 0.170209363070032 0.173063720188642
0.229962491375078 -0.0750152533325426 0.191100912010602 -0.0107277464374413
-0.0179072044319888 -0.224775003916236 -0.015021374191031 -0.159356320931236
-0.170685684014216 -0.12362444445249 -0.144608459169454 0.014623879613799
-0.210542313991147 -0.00284378628599146 -0.00700933062762425 0.0993140874161704
-0.17833329210529 0.115426329455568 0.137884894968572 -0.00858092669323581
-0.155296063966938 0.15697574634873 0.205738767912397 -0.141856709017485
-0.158384707231188 0.147052126988855 0.253578802454185 -0.204071805923818
-0.208391008271594 0.0359433428217167 0.346330796751075 -0.16898919189544
-0.171559928228135 -0.0976955074974031 0.406099645387513 -0.0310307930490801
-0.071348570035888 -0.175724144555364 0.361543149526112 0.170507305175549
0.158337609486034 -0.107166543709515 0.159830089777018 0.34692793858041
0.178042870503023 0.119872681176989 -0.0618095875180434 0.357163151088312
0.0354559912253581 0.273531953363785 -0.176377657923581 0.416126123643376
0.0467457558549781 0.413844939883925 0.122348238299275 0.249918491885968
0.310933661670479 0.231055864425109 0.222688445081315 0.147756927607834
0.319152274966386 -0.104537693073881 0.243933673253127 -0.112663772007164
-0.0115664020574235 -0.312049411232639 -0.071830124826716 -0.250049753019677
-0.229038679206681 -0.186057438712165 -0.228572008871671 -0.00409359224701173
-0.293644330052182 -0.0211014912933506 -0.0960782879986557 0.121882126230864
-0.255502317886498 0.151250357433537 0.0545438248753544 0.0477837036634988
-0.218626263492952 0.205120373249697 0.132873734997347 -0.0736688987247437
-0.226553015748675 0.186893129014337 0.18246868838392 -0.147647568877912
-0.296441317029114 0.0314175563768992 0.293605811122794 -0.154024592273354
-0.242852340901961 -0.155259966200531 0.391142132324143 -0.0342586276092084
-0.0930052111552448 -0.277455563321894 0.355733067672442 0.18947794198104
0.25830794526164 -0.174615504907727 0.111118574642341 0.337076566538774
0.302158058453493 0.190045203730939 -0.11677555222083 0.268812091443924
0.0844546937761937 0.427427705125277 -0.154400581175776 0.278007728028498
0.035975917703538 0.460155824010438 0.152616352865769 0.121335015946225
0.338160042892501 0.256513625197654 0.277385180642365 0.0408742539539012
0.347254330948641 -0.114425510312988 0.22403201959261 -0.242915787975685
-0.00658632770897559 -0.338353825332228 -0.160788333146077 -0.305423200650667
-0.246671247141932 -0.216130801495191 -0.309000543561207 -0.012017686108423
-0.328287231028984 -0.0365358691803477 -0.192373942976848 0.14109990847051
-0.291534048819618 0.162735163075879 -0.0470628796510259 0.107219507136184
-0.249721599204378 0.22253990233541 0.0416694253090114 0.00870929706259701
-0.261434738438632 0.201066132365791 0.0980841000316446 -0.0794812602418367
-0.347397864010437 0.026762248428987 0.227865689470494 -0.126090952223014
-0.287396999790868 -0.192431662315642 0.354643981190718 -0.0185996656097844
-0.103802515118732 -0.355018016363084 0.303248718374139 0.217993066301558
0.334957305447271 -0.222349970649026 0.0204625971497279 0.293051252961424
0.393621688691527 0.237147530872902 -0.169307896666063 0.13664715375958
0.123133849932926 0.517994945939519 -0.133003520330376 0.109074300010765
0.0309116437218955 0.447984824672533 0.190627251989874 -0.0421140105568482
0.319321300998941 0.246048051249003 0.277251892694637 -0.116455929895572
0.32559811491215 -0.105349145386681 0.136953986963343 -0.335484537111114
0.00356009172154193 -0.313123815191221 -0.239567146022764 -0.308382714677525
-0.224160343926026 -0.214640326900678 -0.363640608699607 -0.0138262604093776
-0.309989930098277 -0.0501789278018182 -0.279087065101893 0.152302826747057
-0.281151989530319 0.148647056054539 -0.151675896990047 0.166379340133299
-0.244690468598136 0.206196236989533 -0.0522232311108288 0.0931254225292867
-0.260947918030142 0.187584995968724 0.010855738642143 -0.0102504456250391
-0.353785030369046 0.0164244690414976 0.151977049802418 -0.0858826041916806
-0.291695085682043 -0.21358730321512 0.285503608887411 0.00836153332284827
-0.0832292257350769 -0.393110987238872 0.202041271331675 0.222725183106335
0.385821770992217 -0.227939254884755 -0.0722412476889126 0.193440374162504
0.427165979943626 0.268398092343434 -0.176301976405603 -0.00522914793980657
0.137868458239986 0.534327422670145 -0.115492681956547 -0.0630971773877283
0.0307348722593685 0.374497214756925 0.212338630873734 -0.216015278341006
0.262171414155265 0.200736976877522 0.217069044131322 -0.259164737881191
0.264214959848738 -0.0819596652789101 0.0363265528812447 -0.368009241009904
0.0129708179491546 -0.249184368712818 -0.283755041183595 -0.282568167516355
-0.170218838827027 -0.183899809979066 -0.390616260542206 -0.018570247787728
-0.243999130668219 -0.0544632209729982 -0.346967490334785 0.156237183508294
-0.228482106304749 0.111839159212092 -0.241258897433148 0.21706363853671
-0.202089536518156 0.158099094538276 -0.136977620690767 0.163554295989202
-0.222112096409571 0.145853233575721 -0.0705764496178486 0.0488425246743039
-0.308281358360182 -0.00156806311728016 0.0652958668710924 -0.0440963351489336
-0.243706546787068 -0.211846036481327 0.18537571492607 0.024237753098792
-0.0290144789593245 -0.365013959480181 0.0955421884554132 0.173935323340671
0.380739312490223 -0.167860886240116 -0.109352213563377 0.0673800738200265
0.377453030639554 0.266965296685686 -0.137734898621255 -0.0992630412804785
0.120392595925492 0.45903814534595 -0.104963111462149 -0.209003752143469
0.0287845744620041 0.249532392940499 0.207949341098617 -0.366508617632835
0.171694529103015 0.131929200233932 0.134237265460572 -0.350765108983949
0.1749821224002 -0.0498461029998041 -0.0448342677677936 -0.364856974237798
0.0227904930966049 -0.154723590999201 -0.303718795945425 -0.250824008818674
-0.0919900933226554 -0.126962649677726 -0.402190102630344 -0.0198283459961618
-0.143888250278027 -0.0510975284926113 -0.38918154840139 0.160009851024858
-0.143108729979098 0.058596855355604 -0.302746983987635 0.249932325581775
-0.128906410153192 0.0862346218088191 -0.198271691824058 0.20929403527747
-0.14696617770303 0.0823829966968204 -0.135161080810845 0.0901108602447087
-0.207564385068856 -0.019136859528341 -0.0156411545287438 -0.0160747727070084
-0.147123421890374 -0.167263996485572 0.0909365199597866 0.0113108359731607
0.0238649562726299 -0.252383703789586 0.0316391340714805 0.0995809316883901
0.283400480313532 -0.0757441061275273 -0.0910692592002651 -0.0215392067417654
0.24568978909993 0.205160601695976 -0.095827835227365 -0.129101837570082
0.074979284908095 0.293259393451807 -0.100039329561343 -0.311113204499069
-0.0172264666624555 -0.0652683406236101 0.149077878033751 0.363035830770912
-0.0803769320346784 -0.0464312263104774 0.15866769073738 0.123930495584708
-0.0842981224903223 0.0111113450320888 0.0874039355760501 0.02027390736224
-0.0305776202106079 0.0822107764513353 -0.00351610360549836 -0.070245475602621
0.0410324414203393 0.065324696667631 -0.0734431122922074 0.043583144873613
0.0540967715309006 0.0148242618592182 0.0756362742507197 0.0673343161316522
0.0420688568197151 -0.014794846741159 0.193931018364827 -0.0872370878044971
0.0302541339037057 -0.00449898689652307 0.246887492217408 -0.221532131139966
0.0399007330763485 0.0166006598450563 0.305300449395658 -0.276467687986836
0.0437204860349543 0.0476065303054054 0.385479548173692 -0.19203537230973
0.0144075103845073 0.0664457453087696 0.414728469187561 -0.0252572860069115
-0.034625866440384 0.0773624620282262 0.33667889971177 0.17560278289624
-0.0875006580563447 0.0179531194425319 0.155707628607174 0.361161257014516
-0.101169429083786 -0.083533424289978 -0.0374386324278648 0.415349400336614
-0.0408608692479857 -0.120651835173135 -0.212242212610282 0.515888187992021
0.0308847092608923 0.142279106888706 0.148561946326534 0.382140547114456
0.0967874588980291 0.0699807197914523 0.165773276007456 0.146524341467066
0.0875157565462335 -0.0420360647265604 0.127088121416111 0.017770701934506
-0.0322652423507642 -0.0859867057005534 -0.0028636159923816 -0.0907967980023943
-0.0804203876843159 -0.0298985690595495 -0.0838201026459924 0.0413461874284285
-0.0897289515434233 0.0168434101116193 0.0633337716136328 0.0791694496060946
-0.0704788017872007 0.0647287151266777 0.188043596916139 -0.0647562860954156
-0.0638850633962014 0.0897216423527842 0.242003119084438 -0.205228894614103
-0.0619432469071514 0.0940876945088757 0.29428892099668 -0.264345568383194
-0.090719633916158 0.0479044534138633 0.378797198630794 -0.197494687170845
-0.0887352884194474 -0.0176151985789362 0.419953143108914 -0.0378270366883106
-0.0554387106126643 -0.0531446421015443 0.357300775785267 0.158283654815042
0.0413414938145848 -0.0467134079086718 0.182232589822841 0.351372807952028
0.0417712303400145 0.0250949540721163 -0.0216734576590771 0.408210126751984
-0.00420099092011984 0.0873968891740816 -0.188029566434962 0.508215503043693
0.059226894611444 0.311582054317848 0.135735808338063 0.338743240589861
0.240837066299292 0.165079838244956 0.182144799655631 0.166175621121423
0.233250740654044 -0.0866214811528448 0.198076039328163 -0.0242908295719931
-0.0272313828941394 -0.228199678486775 -0.0219049806210897 -0.163072435854292
-0.180996379710322 -0.118177690353299 -0.144100745859574 0.0226427789052293
-0.216709016314489 0.00942688587052302 0.00190114307995293 0.102308812221218
-0.175552013300913 0.129830456721389 0.140424545980651 -0.0172025748569761
-0.149420642482728 0.170516485302576 0.201383544126818 -0.158016530476079
-0.152690090709907 0.159263762318909 0.249260452641554 -0.224542396763089
-0.210278149719707 0.0490032561872023 0.343789893251743 -0.191216676317054
-0.183601492522798 -0.0896688553871443 0.415035865029897 -0.0524218916440555
-0.0823585181795334 -0.174802426595895 0.37424849407445 0.154960460916564
0.158392956989685 -0.120477758315146 0.177162526989324 0.347933032207091
0.187988288269573 0.114333463366755 -0.0501313785505615 0.363844353552159
0.0484547502767487 0.28215299800532 -0.165784837589464 0.427406546368271
0.0645616631368265 0.421638934145614 0.13632028830284 0.249327216873557
0.326641935495845 0.223663863118735 0.233555578388661 0.13954915947202
0.324016237601164 -0.120903199868783 0.247097139352242 -0.130677236705258
-0.0265699307108087 -0.317840436169129 -0.0840688768282937 -0.252076090716198
-0.245430022006226 -0.177778687629247 -0.231713997625989 0.00561355572605952
-0.303911214930641 -0.00366478780052646 -0.0886541506865874 0.13030627228385
-0.251644668278396 0.171382085208352 0.0603436872243444 0.0448253189678948
-0.211113557701169 0.224160106195388 0.130358601083458 -0.0842360641081701
-0.21943698403937 0.204680549509751 0.17961835541574 -0.162488602720732
-0.302121176328607 0.0493613128754821 0.289715471378282 -0.173829640096366
-0.25957244122479 -0.145031431675609 0.398011116822803 -0.0566268822232725
-0.110288991244869 -0.278454893257041 0.368639258575402 0.173506192840121
0.256757295833541 -0.192654901835755 0.126127945204219 0.340219802293608
0.318471270764871 0.180827080450603 -0.11069710047952 0.276410864306299
0.102771275300425 0.435925125983768 -0.14787269566643 0.286077316740656
0.0554409574064026 0.470749815762288 0.160434726946357 0.117947914556168
0.355524201265801 0.248198903683872 0.284222135514637 0.0288834562222786
0.352402385248365 -0.133817539118208 0.220330586587746 -0.262223092249844
-0.0229614783870404 -0.34629755729909 -0.177303054640898 -0.304700677027204
-0.264276043270512 -0.207594339568356 -0.31473355203352 0.00079043460440897
-0.340290009142302 -0.018621821736165 -0.186323341015222 0.15467449070746
-0.287943187912433 0.18440419879982 -0.0402693190984411 0.111650875732724
-0.242638916859852 0.243854478529248 0.0425339072863255 0.00586764538321946
-0.254303460215068 0.221609934736445 0.0973646765377569 -0.0878167095409851
-0.355269172814497 0.0479455909206419 0.224456467112114 -0.140903529362306
-0.306797386604134 -0.181691102037804 0.362186987079142 -0.0392388979209261
-0.124319461776173 -0.356115593763874 0.31634550805939 0.205103181252191
0.334450108674888 -0.244440050189513 0.0306120892142788 0.299328805349126
0.41301800233314 0.22582864212025 -0.169175718818555 0.144743497010706
0.144329306397205 0.526518303823256 -0.133029200912891 0.112137950304532
0.0496664289240208 0.457398123097169 0.192427528192363 -0.0501760567116846
0.337822566640961 0.236538678129188 0.276829791883124 -0.131170573176982
0.33026863912962 -0.122302396544016 0.127685588820452 -0.352189720598139
-0.0121157378505394 -0.322383683797506 -0.256478289154781 -0.303653608833946
-0.242469587239769 -0.206724568066755 -0.370470864784109 0.00111358239604179
-0.321816004594383 -0.0324237699137712 -0.275402415444811 0.170272927302855
-0.278250353859945 0.169785346788157 -0.143758287723028 0.178660247548035
-0.237632997122294 0.225633342375877 -0.0489836284462367 0.0979284389556972
-0.255521256972728 0.206282225739129 0.011279298528978 -0.0120081374671129
-0.362546539509199 0.0356213043788065 0.147690537436676 -0.0956251939362518
-0.311119321570304 -0.204745382035719 0.291900996518239 -0.0074189278830486
-0.104522655625825 -0.396808061991202 0.213924925403932 0.213597785698953
0.385377552709428 -0.249773322811755 -0.0693240283024725 0.202460303837879
0.447410718779833 0.25535791815557 -0.182954994941988 0.00219193264851927
0.159575044825539 0.540027333290293 -0.122292718087823 -0.0626825734991636
0.0458799036418031 0.381747698218501 0.208554961519861 -0.227055384869358
0.27647280866175 0.193813935571279 0.209654307823275 -0.273438749057583
0.267246550910057 -0.0972475703549774 0.0228107634712328 -0.379410580952441
-0.000572553585679092 -0.255923654786097 -0.300405273501291 -0.274452369335399
-0.18644225978244 -0.177103502206152 -0.39924417646707 -0.0023795006888625
-0.255440633884587 -0.0405202234161265 -0.34488969969954 0.179861444625686
-0.225700641796829 0.12886580237704 -0.232215552417821 0.235265532012625
-0.197463721058201 0.174390670345142 -0.131000887266694 0.174982176070936
-0.218621032313781 0.16026168603243 -0.0689749138841989 0.0537365529632464
-0.316097781281107 0.0150689351429199 0.0619159793239433 -0.0488896062207355
-0.261352527884311 -0.204097363138394 0.190212040674478 0.0123416280628659
-0.0462661157535576 -0.368713038168032 0.103518614201423 0.169134425875899
0.381049070910987 -0.188398784721021 -0.112835664867016 0.0768466582431305
0.395385967804283 0.256525337913005 -0.147950150453123 -0.094193032986896
0.139712290182798 0.463808509105414 -0.118315921655391 -0.211061228944933
0.0396261665616244 0.253833386805441 0.199173634429542 -0.379368238981562
0.180831040934676 0.127314807822563 0.12284231935004 -0.363680148836159
0.177235572267396 -0.0603062671864732 -0.0608574308719581 -0.372049137729879
0.014639367656837 -0.159181223005046 -0.320390624463765 -0.241509868730539
-0.102703852012204 -0.12398307812342 -0.412334442202379 -0.0017688135746996
-0.152139314922221 -0.0439027569095755 -0.388970714753889 0.186120783786194
-0.142103031803157 0.069132212268007 -0.293545854094989 0.273726027604516
-0.128692765082809 0.0968327011456387 -0.190312308670663 0.225404532824692
-0.145838044775187 0.0917962962582861 -0.133195957041137 0.0998778936196361
-0.214103817775709 -0.00856933921077817 -0.0194690937344394 -0.0155418100157838
-0.159426581085849 -0.163843499647916 0.0915820882850228 0.00458372476207421
0.0117158607010511 -0.256234573239676 0.0360102219624271 0.097171778429971
0.284890862423063 -0.0909924462491826 -0.0989908867318299 -0.0132966783009246
0.258016662821476 0.196233352658463 -0.106754659340482 -0.124692920260805
0.0861426423773592 0.295908619300221 -0.117120550698286 -0.314118067886314
-0.0216832873836718 -0.0630905636739086 0.175671030711872 0.354455669881426
-0.0830318130707855 -0.0402747256334236 0.169938730553946 0.111012060191782
-0.0823633920019194 0.0154171530793269 0.0915962346742094 0.00994129667903589
-0.0241268078692832 0.0836324293212584 -0.00754480175801234 -0.0726885130868472
0.0464359435860765 0.0619174323423263 -0.0660058855430782 0.0505340988489034
0.0566377219004793 0.0116225624568153 0.0851212113053119 0.0613839622598321
0.0409359600691411 -0.0178365871038951 0.186188327697276 -0.102737118175898
0.0307814391943565 -0.00612101346195327 0.228838353609887 -0.24248775024756
0.0424135937237125 0.0131464808010764 0.283801412319121 -0.301440832500866
0.0492210529853404 0.0434716067787535 0.373480041790358 -0.21985624592228
0.0193880823442202 0.0659958829706308 0.41286539985959 -0.0549168543392892
-0.0284487581562412 0.0797987837790561 0.345712112872749 0.153424958500874
-0.0873228661401649 0.0232673001722793 0.180472222018374 0.353522452084465
-0.108837050306475 -0.0761350232327103 -0.013997483375387 0.414809621636047
-0.0456115442010526 -0.116284367289641 -0.185625102077436 0.527279522093388
0.0394844552945941 0.14173550775311 0.173580229675778 0.373045272638506
0.101194633238815 0.0640929601974219 0.176341671285905 0.133508515008238
0.0859258086970727 -0.048800948559403 0.131674648355211 0.00431176236315095
-0.0367372750874531 -0.0845556328172562 -0.00797140052122586 -0.0931711510512629
-0.0818707064515732 -0.0250289328847539 -0.0781769033253479 0.0474994797130275
-0.0887789910082127 0.0240229158754603 0.0735068387578526 0.07510092597116
-0.0657274709500229 0.0709199527765716 0.183905905386942 -0.0798784292309053
-0.0561702106946078 0.0961450193925806 0.225532398782204 -0.225307129274047
-0.0535611148648113 0.0988878046364435 0.274123253059356 -0.288938541968942
-0.0867540175450773 0.0540021502781014 0.365212601935025 -0.22594807532261
-0.0916047615470067 -0.00985570537418661 0.419807410278117 -0.0690930232256269
-0.0589999529166206 -0.0490618805648015 0.365618313788204 0.134595029220585
0.0382703364291462 -0.0522737461773934 0.205326783228163 0.34135469485549
0.0430920416491219 0.0235990546593243 0.00262319343408088 0.406290574734867
0.00377131740274194 0.0910564352645023 -0.160013703054286 0.517123311775675
0.0778695471269039 0.310066332240111 0.156795727657243 0.331157099741952
0.250164584926176 0.1506628963453 0.193093159660138 0.153218998988775
0.229253140992459 -0.10234613294472 0.200166092320126 -0.0425936792092438
-0.040784778607425 -0.227330811840804 -0.0323071973292021 -0.16388383274667
-0.189291763419484 -0.105869261451054 -0.140053073493485 0.0319822701480565
-0.217839813337191 0.0264385977113909 0.0136608395335742 0.102590519751975
-0.165258434383557 0.143955439285087 0.140378437442364 -0.0286351611936414
-0.135508262393756 0.183148005507058 0.188488839374892 -0.173943867121551
-0.138610107164689 0.172300657193668 0.233090800698731 -0.246178572176033
-0.207543509748749 0.0649256561374778 0.330206384868465 -0.216881916294496
-0.192952206662128 -0.0755691261605909 0.413425789856361 -0.0833491684878094
-0.0958536016989696 -0.169195674481403 0.381010385971723 0.128805846043335
0.151087667778628 -0.134879332920913 0.198496742229581 0.338158500945991
0.196625856302943 0.10402132727516 -0.0303845486569669 0.364132123142361
0.0667167978897755 0.283661880861565 -0.1439086633891 0.434847133424976
0.0901323507533981 0.420015569761592 0.150999024230214 0.241786921167002
0.339685035991361 0.20450380107967 0.243072658211941 0.124986496296883
0.317804535122432 -0.141578516988004 0.242180143709115 -0.152052309422047
-0.0460944503278486 -0.317664725477563 -0.099471059901708 -0.248209195814503
-0.258868139536007 -0.161902193612957 -0.229879220518532 0.0195124646897237
-0.307321303801245 0.0202417798226723 -0.0754048634717436 0.136937922292596
-0.238120839978268 0.191554785313047 0.0650625344981499 0.0388909934787588
-0.193894844512055 0.242811344577365 0.123530122497768 -0.0951956434937982
-0.202459967261799 0.222308065032119 0.16791107839722 -0.178691389725533
-0.300476901635546 0.0732443436215845 0.276502572267749 -0.194852222888475
-0.273542656594943 -0.125711694440216 0.397536896963951 -0.0862955842911945
-0.129830850813987 -0.271056861706694 0.37712046459662 0.147015766397535
0.246401934495115 -0.214002799126441 0.14570734799889 0.333397798101576
0.332798560748437 0.161103995382578 -0.0969736961868661 0.280857377874864
0.129202146667903 0.43478853984188 -0.134347618383147 0.291902562341572
0.0839270217921647 0.4694159716185 0.166800819466823 0.109471396399625
0.372375977462525 0.227620023908503 0.285247830476724 0.0112019749132832
0.346731127608817 -0.156982276706658 0.207167906080944 -0.282100448230791
-0.0458850792979155 -0.347532078806719 -0.195548205645453 -0.295039737186281
-0.281584341595396 -0.188566604509006 -0.31473760254098 0.0194597887084032
-0.345024058700636 0.0090582458808732 -0.172527457592798 0.168459299526868
-0.273577722753822 0.207711249906915 -0.0307332694086947 0.114162479043408
-0.223480768256858 0.265194055781159 0.0421191346300422 0.00260472502955184
-0.237876049696508 0.242172853269239 0.0912403860114811 -0.0971186471103818
-0.354175894789749 0.0739167219497777 0.212245078940283 -0.157361976275797
-0.323813977771534 -0.159453904417714 0.361226423219691 -0.0669117838257857
-0.148978986924603 -0.348668093955118 0.326657569805503 0.1812996118323
0.32113084673758 -0.269845201532361 0.0458669227265991 0.299615056061617
0.430326505062066 0.20202199883617 -0.163483847300669 0.154000628055301
0.175558937072501 0.524118182207415 -0.13002318003204 0.116618249336346
0.077260797893081 0.456958577365629 0.189436575130597 -0.0599046987215237
0.353938425137207 0.216360588127601 0.268953897256076 -0.148060306224452
0.326327623457858 -0.146604808371929 0.1074754180247 -0.364940246056181
-0.035038062361744 -0.322332595370373 -0.27555607226816 -0.288518870920056
-0.260068869879706 -0.188260690295492 -0.371622469033661 0.0235436064798367
-0.328285437890146 -0.00603119353931391 -0.261682199043764 0.190634106700796
-0.264361323324926 0.192473022399881 -0.128570927306734 0.189010464343184
-0.221527953161514 0.247007407012432 -0.0422772125649862 0.102155824824402
-0.239736485716835 0.225982800616776 0.0112944717549283 -0.0135021303331876
-0.363222992110041 0.0630024886022206 0.138430429296099 -0.106159946035148
-0.328803416118058 -0.183989376928165 0.29160308583052 -0.0307299596824664
-0.130627995693914 -0.38899430400073 0.224979341540128 0.195777829938006
0.371905905555926 -0.277188375189037 -0.05978856545911 0.209186928873125
0.463213980970839 0.228565821946021 -0.18602678503244 0.0133099420367354
0.191590344705039 0.534197810845639 -0.129480476751438 -0.0583185750137599
0.0689838229849304 0.381478654958598 0.196152434405106 -0.238809805566287
0.289601182301243 0.176477488314929 0.193061172302157 -0.286920537094434
0.262873869165713 -0.117262485186108 0.000457263361210625 -0.38532424166079
-0.018966450587014 -0.256976906527237 -0.317680884720439 -0.256898000755657
-0.201719424657558 -0.162395977182101 -0.401478942114204 0.023234786341938
-0.261259261011749 -0.0199778563543055 -0.332438913406948 0.205292914756484
-0.216151668383574 0.147701193034685 -0.213188356549074 0.252324751975992
-0.18465254816269 0.191745389442346 -0.118101549022903 0.185436187646514
-0.207031840717813 0.177652084986532 -0.0653572450957535 0.0589907348037294
-0.317904161687459 0.0378201695596629 0.0556445544374264 -0.0522129954979571
-0.278498489232477 -0.187998210543637 0.190178532767452 -0.00313599408899145
-0.0725034734173064 -0.363170603122916 0.112416654835478 0.159038318807277
0.371209327397792 -0.213995608968459 -0.112353047042147 0.086878688384869
0.410334803131871 0.231764878455446 -0.156640602529968 -0.0832735740309584
0.166383295469365 0.458019521035586 -0.134334500985764 -0.206055775235798
0.0545811714054719 0.25269977687278 0.176683475950182 -0.391250693297862
0.188854404574225 0.116607420914181 0.100437404818616 -0.371276287670422
0.173546361980609 -0.0725416393166505 -0.0835559992658257 -0.370913818686055
0.00263053589229408 -0.160548777248158 -0.335320329271429 -0.222034721570884
-0.114049051127741 -0.114509441282094 -0.414393677524588 0.0258583155448747
-0.157552407245486 -0.0318491738214184 -0.376119308931848 0.214375363816604
-0.136932546705586 0.0798717361343685 -0.272257918494962 0.295826513336096
-0.121461628793853 0.107073003601571 -0.17396736509616 0.242193191483092
-0.139513951651218 0.101605496724098 -0.126119113083074 0.110867332388298
-0.216194469661455 0.00666754882795995 -0.0232871372875785 -0.0129072379707227
-0.171311917125318 -0.154105057839824 0.0913490707880473 -0.00400478497561884
-0.00463380085013527 -0.255124324219138 0.0413712031950352 0.0920442917016103
0.278611854426323 -0.109697813958942 -0.104573045639994 -0.00253497913898979
0.26859030025984 0.180342182776781 -0.117416214831127 -0.115324655891349
0.103703419085167 0.291549827316908 -0.140921507536488 -0.308424391226966
-0.0249234236834352 -0.0586052896174138 0.193899247557766 0.33545647157375
-0.0828433406293228 -0.0326807716207439 0.17400681637577 0.0955189004710099
-0.079303776300679 0.0188360625046331 0.0921700868889546 -0.000653294088069632
-0.0179390137138237 0.0823796083006347 -0.0112479083432955 -0.0735769126539514
0.05102869836095 0.057354860396185 -0.0574424022105575 0.0549872594642139
0.0576498483915333 0.00679709769189208 0.0918557355839672 0.0534143187609846
0.0389947761878438 -0.0206193692462903 0.173864729172097 -0.114384974745376
0.029861647231453 -0.00813095321612685 0.20483413834421 -0.253614378532316
0.0427224412360505 0.0096815303712404 0.254580151370865 -0.315757196126169
0.05157847990161 0.0374666306624026 0.350021695668904 -0.242428269029815
0.0232850336644774 0.0634832038969478 0.401315836223877 -0.0828897876875548
-0.0220118523929561 0.0792308461627286 0.345806693416507 0.129037075778001
-0.0842861962964259 0.0269483126037448 0.199231887964535 0.334140681707669
-0.112593589990272 -0.0666547141658589 0.0090986601618766 0.404388327957537
-0.0490235497596587 -0.110751824645577 -0.15364048617903 0.52522888014132
0.047236202992394 0.137714228367898 0.192931356744493 0.353239728707372
0.102683575175317 0.0578187883801486 0.181650647410314 0.118109068570108
0.0809017620776184 -0.0533517396960527 0.131813849849286 -0.00956237808447667
-0.03993927892251 -0.0802060782515873 -0.0135889249065726 -0.0936266057079229
-0.0811007730354953 -0.0189989577982316 -0.0701112125804264 0.0517859088392987
-0.0843180027483674 0.0308209902609762 0.0812161355218123 0.0673478352288766
-0.0589867491423421 0.0747522694826043 0.173772518367669 -0.0918996308928204
-0.0471719348497478 0.0988138242953833 0.20265685083116 -0.237993069029167
-0.0434549808925835 0.100419072825505 0.246595339174693 -0.304256218636958
-0.0803218579938695 0.0587692253084956 0.339755673196362 -0.247173643604145
-0.0908718122333076 -0.00211867720996802 0.405733303459163 -0.0981554418570947
-0.0614833613881979 -0.0439173183279414 0.362643593650885 0.10746694298495
0.0341667960413609 -0.0560418361426012 0.222129446895664 0.320724432884575
0.0438002682949823 0.0207529731207086 0.0215470753500342 0.394533364803727
0.0115222104034814 0.0914327873838702 -0.130322127989865 0.514326777058098
0.0961009254086621 0.298836134194212 0.172919077777725 0.3138827887427
0.253361364927091 0.132707363608045 0.197862308115637 0.138259499874037
0.218365012232187 -0.113630220531682 0.195512279059051 -0.0601212914403168
-0.0539806798756836 -0.219766519532729 -0.0406368986344511 -0.159884965866345
-0.192056653575091 -0.0903656579357458 -0.132276016863899 0.0389073345147224
-0.21129351201611 0.042959817923797 0.0247470045029232 0.0982273927372129
-0.14986117333241 0.153814486553876 0.137259554382657 -0.0401038181171837
-0.11734907892622 0.191128494437752 0.170744654052917 -0.185241545867506
-0.120709460346076 0.178904109831584 0.209232100433776 -0.259962142545236
-0.198475257624003 0.0790246805528027 0.306058589767195 -0.236658355697446
-0.195670989693223 -0.0586734091681944 0.399203880251093 -0.112262110857549
-0.105280904773796 -0.158473039824604 0.376560481664409 0.100597395684459
0.139298291177726 -0.144199285597925 0.216031312894185 0.318044553299367
0.199597084952781 0.0899511911846761 -0.0124778679744029 0.35532849947537
0.0850739750760051 0.277328290125154 -0.117395204155523 0.430232605101918
0.113636032213013 0.406791771103165 0.160941239512469 0.227805577756874
0.345634188674546 0.179776783724866 0.243352079959115 0.107392016029488
0.303946780642939 -0.159190921506905 0.229192617210837 -0.16875762707374
-0.0647482074420992 -0.308838330116554 -0.112184962482979 -0.238596290634281
-0.264796019074385 -0.139880600547846 -0.222962548738562 0.0326169106257127
-0.300219815495477 0.044104127537074 -0.0608991235874326 0.13849823555255
-0.218291489814696 0.205796068127312 0.0684847975727375 0.0316887727393243
-0.169804062034759 0.252983925490154 0.113028040141066 -0.102818897804337
-0.179544906024184 0.232495971743935 0.150870728114826 -0.189253846857881
-0.289912172814439 0.0939466872872096 0.255336962794327 -0.209717295079822
-0.279091780463273 -0.102083296770855 0.383009287976594 -0.114271483789699
-0.145616744857164 -0.255956369976776 0.373184534967686 0.118653564520468
0.227883667342558 -0.227486321229012 0.16133744386404 0.31761691583877
0.336653323033876 0.139166422482035 -0.082480469132525 0.2781316213017
0.15425490389545 0.421065291654448 -0.117089848205924 0.290639571469238
0.110579349117458 0.456567893725097 0.168812900041677 0.0979641265008969
0.377900489748069 0.200623969525027 0.279040327949251 -0.00515064464358995
0.331772558425404 -0.175522475192174 0.18624651148937 -0.293957779455214
-0.0675592034330128 -0.337087420243802 -0.208556170738746 -0.277263385788779
-0.29000688594329 -0.164299355678749 -0.306212209404872 0.037620896939363
-0.339564566601371 0.0357000825172404 -0.154448959006677 0.176091020517815
-0.251213095117667 0.224254766180832 -0.0194577275326922 0.112554810664944
-0.197341053810037 0.277614423728175 0.0408483835486071 -0.000631039786590178
-0.212503969037343 0.254365671987796 0.0816426214541062 -0.103319609129734
-0.34287014619184 0.0992642400822386 0.194884178847725 -0.168227195872206
-0.330135993760131 -0.133414267807335 0.348184439103151 -0.0927814902110507
-0.16862277590409 -0.330887768306441 0.325719640528199 0.154468863807075
0.299492150355978 -0.286664553126389 0.0611193975913288 0.291597011892441
0.433021896298239 0.173235712520849 -0.155312930962151 0.158754314535642
0.203677689737185 0.505325876171926 -0.123472880137519 0.11908995482648
0.103157866542202 0.444264543015984 0.181109412728969 -0.068874183296929
0.359586553879866 0.192383605808451 0.252863554335077 -0.159901319155055
0.309428830733201 -0.164630065986975 0.0839301262846121 -0.368731209055878
-0.0563103553219786 -0.313916010822053 -0.285772348326219 -0.266125492423996
-0.269190580595646 -0.164340895103849 -0.362423462895355 0.045610230494607
-0.323995880421358 0.0202128683082079 -0.240104017908866 0.204671651720754
-0.243292562156549 0.208473622103701 -0.110129609476317 0.192599209928853
-0.196002427129691 0.25947515457815 -0.033878145633246 0.102967329517301
-0.216986799569759 0.239243350781261 0.00879922185226164 -0.0157980536309768
-0.353111528181017 0.0872343083224524 0.125904256748903 -0.112283205811025
-0.33893131119798 -0.157028817959933 0.282695254341954 -0.0525803023122173
-0.151975010074678 -0.370819123552612 0.22789415694375 0.174140823051354
0.347371117161765 -0.294304213278201 -0.0492257928730433 0.210221489293829
0.466592681545201 0.197168529985118 -0.184409784417588 0.0239656550439563
0.218569833074123 0.514667610520527 -0.133229749574583 -0.050879547646419
0.0902438339754238 0.370864474220934 0.177495981484385 -0.243808459920763
0.294840674134169 0.155287993273214 0.170764572450725 -0.290863925845578
0.249791716263936 -0.132071973539723 -0.0229320343284375 -0.38093152572962
-0.0368125526467052 -0.250101457783518 -0.3251717189613 -0.231523287852911
-0.210236101244637 -0.1421899798511 -0.391740701583066 0.0480831867568484
-0.259154898761021 0.00266283972997932 -0.309864469113434 0.22431033940437
-0.199361590514658 0.161208700789572 -0.18824786587114 0.260976072071274
-0.165853313935239 0.202964983702757 -0.102190611968644 0.190720151886724
-0.189025223968619 0.188439007078491 -0.0603219399727257 0.0616209845361109
-0.310309547992455 0.0597634235625719 0.0481468625298417 -0.0541673059857987
-0.285917439164249 -0.165337771384018 0.184732826209787 -0.0190093029489546
-0.0924856916391855 -0.349018132389665 0.115769541719284 0.145853773078513
0.348778663974847 -0.23238417806887 -0.107398974745927 0.0959268790394315
0.414340794296134 0.201905762012854 -0.160665781611397 -0.0712702650572318
0.188324858474618 0.438878799724322 -0.147267397303212 -0.194387969597136
0.0681663566807334 0.24426892348017 0.15336693136323 -0.391262300518294
0.191899952482459 0.103169203585729 0.0762587744715311 -0.368258878664364
0.164471828479735 -0.082814189963159 -0.103288879920286 -0.361187585290168
-0.00925855570326183 -0.15728978234489 -0.339984275883955 -0.196811560053013
-0.120617582831171 -0.101759056569815 -0.406319714926493 0.0517113605831945
-0.158203183214939 -0.0180653067854223 -0.352128590115216 0.237845701605222
-0.127078804920388 0.088009475825838 -0.242990284429379 0.307289073778225
-0.11028861921161 0.115603151884764 -0.151992699918014 0.249589237927438
-0.129389733999347 0.109736402893555 -0.117090306283697 0.117049537069547
-0.212254786608445 0.0209475795475139 -0.0255048926412956 -0.0106998476962511
-0.179272783243238 -0.139434640879921 0.0872576271098909 -0.0127782589928476
-0.0204826391226657 -0.247399869953398 0.0435111424670751 0.0854411855033462
0.263959370711474 -0.125808204982745 -0.105612292698984 0.00981650827419601
0.272074571939124 0.159939977064272 -0.124371447719602 -0.103680365287927
0.118671120986806 0.279665981045401 -0.160706482117375 -0.2933045826599
-0.0262072890601011 -0.0540352145848751 0.201912384468616 0.314772252801546
-0.0799396792605265 -0.0270190669220672 0.172517068498313 0.0835556144913831
-0.0755710698785222 0.0200815555692907 0.0905854009115151 -0.00848492243341116
-0.0137820716584887 0.0788613194832251 -0.0152230568967406 -0.0737528655394108
0.0522549080486037 0.0517295826551425 -0.0497212856317385 0.0561372937131638
0.0562505375050203 0.00345724408120416 0.0951051842648036 0.045635303916823
0.0360861647266882 -0.0213505665423231 0.160710189618356 -0.119067112459084
0.028800878300743 -0.00907313810860081 0.1821385291665 -0.25567757839932
0.0423043242919624 0.00636695219772053 0.226549700912312 -0.3199017288681
0.0519004008199092 0.0318533474556878 0.324477943391128 -0.252460649778449
0.0259459247111507 0.0600455247656912 0.382658963249673 -0.0994918596873015
-0.0169734342888361 0.0774521699770496 0.336456150652848 0.110666912717599
-0.0802014555115412 0.0285114697363165 0.205999978750032 0.314076903645931
-0.112087835235181 -0.0573683859583874 0.0202845919785593 0.384976258904251
-0.048449110628584 -0.104370314920692 -0.129732835923905 0.510941472590824
0.0526655877859999 0.131568353736936 0.199551512923067 0.331837497261577
0.1014523398182 0.0518856525686088 0.180295830027493 0.105645765761719
0.0755035397265629 -0.0553616625573043 0.12810306431411 -0.0204889382257414
-0.0417435952490744 -0.0759155562711736 -0.0177042251028748 -0.091715938762746
-0.0782694447074002 -0.0152751074835509 -0.0626100674536337 0.0524922051021018
-0.079169373709118 0.0347656999453041 0.0857945392365535 0.059369318858177
-0.0521970124449552 0.0751861687200765 0.162459173967421 -0.0985627002900918
-0.0385388396815377 0.0979580605400579 0.180627467784314 -0.240313659947679
-0.0348429308611215 0.0984234188888202 0.219956479219937 -0.307834446658987
-0.0746309927383947 0.0601346893637504 0.314430622440046 -0.25536356340923
-0.0884704383224469 0.00375084841371707 0.386031089790195 -0.117055824096993
-0.0612369450264443 -0.0390482717297027 0.350078215652394 0.0886655108995462
0.0291207893295897 -0.0572697095353847 0.22728890395046 0.300595478958305
0.0435848903198123 0.0193229219004411 0.0321470914276525 0.375713321710455
0.0175890042149823 0.0888934543535803 -0.107806285978763 0.498950102101276
0.105775868115281 0.284875470841779 0.177738229464414 0.296721378011952
0.248915811217799 0.117787997525584 0.196746890065355 0.124829915963416
0.205855899305777 -0.118494117719562 0.186047245499537 -0.0712145584156433
-0.0612422038140249 -0.209435252260951 -0.0463141250999135 -0.154527796180761
-0.188853059609559 -0.0789067161853237 -0.124295230585087 0.0422106308468772
-0.201388502356464 0.0533589552574051 0.0326524095152702 0.0917714491922943
-0.135860381849672 0.156018596305871 0.129395254611732 -0.0474418704328949
-0.100636361189306 0.190168940527648 0.152463384513817 -0.187984574910842
-0.104627885220216 0.178033857885856 0.185821341196488 -0.263244042439582
-0.187762860573898 0.0865015196411254 0.282097455893211 -0.243033842917873
-0.192047449505011 -0.0450205923901138 0.379110281439043 -0.130349377205646
-0.108984119577073 -0.147008506461949 0.363779485429357 0.0804649502923388
0.127779468353428 -0.147394678327213 0.219285071965526 0.297480227142763
0.197654837354436 0.0790651124030413 -0.00261673687637586 0.340739943646912
0.0956284447420303 0.266721413552079 -0.100704797337209 0.417132210764618
0.126427868393584 0.387392091643343 0.161898076415487 0.213862369500829
0.339652366285156 0.160110674373637 0.238413536551052 0.0942449406285522
0.287063158491387 -0.165821335627595 0.21460683234185 -0.177598709909463
-0.0761554030423458 -0.29458836148724 -0.117212487070096 -0.226194645380117
-0.261476025061751 -0.121969007637344 -0.211864781976908 0.0394532891920886
-0.287521273739515 0.0597299872952326 -0.0476826886731529 0.134610667587653
-0.197947477502477 0.209721119460728 0.0684089226507713 0.0247624391297879
-0.147954882744931 0.253844850738114 0.102180360314458 -0.104779339939438
-0.158292008463169 0.232917083721349 0.133623637567749 -0.191178403997439
-0.274604548758048 0.106463150059182 0.234614350002696 -0.215047294351172
-0.276135758376938 -0.0831585334738674 0.36388609079261 -0.132448131270322
-0.153282915711365 -0.238522849011219 0.359794540017195 0.0971996897360672
0.209865499990111 -0.23166947245061 0.166649879516434 0.299591112317561
0.332588022355558 0.121034457222874 -0.0727415713346306 0.269450282991344
0.167412154722489 0.403424800972014 -0.104698268705002 0.283096594871513
0.1267930566403 0.43520395012113 0.165374842222252 0.0895295086926344
0.372654918606665 0.178342620188019 0.268041783276679 -0.0143121691925476
0.314199543661729 -0.18328898529044 0.168138659955003 -0.296295508955168
-0.0802167942498386 -0.322390055051126 -0.21118067600179 -0.259670128056755
-0.286601696376021 -0.142824939624398 -0.292401084576775 0.0478643869786459
-0.325184392692229 0.0559900900684781 -0.137298442832383 0.176085641648788
-0.228470164101901 0.22950275918713 -0.0115632471350975 0.106646613791599
-0.172735810884027 0.278363928056303 0.0388107422196551 -0.00312029653093174
-0.189353425039865 0.256554280217253 0.0720841513013889 -0.10447399140787
-0.327613160368778 0.114965271109722 0.178410684041562 -0.171177946180417
-0.327977072729206 -0.111337797885059 0.330736400785332 -0.109726159287272
-0.177277793170011 -0.310110899445648 0.315320810928855 0.133035382990646
0.277007245005822 -0.29153952836007 0.0681807030570784 0.278786680844185
0.427380984502186 0.150846497357319 -0.148029989854556 0.15825695184416
0.216719674502839 0.481093694045508 -0.117334030103727 0.1172133198259
0.117387764590851 0.425719125851479 0.171686921215395 -0.0715771307637463
0.35488172552101 0.170940359744095 0.236135944756695 -0.16259001610965
0.292637211476666 -0.173452598098506 0.0661039457147061 -0.362558949824825
-0.0701035203268967 -0.29977602179735 -0.284848004140787 -0.245185552320434
-0.267436607352817 -0.142731170242137 -0.347232668360987 0.058894367698347
-0.312030995323129 0.0398124900670662 -0.219604825898541 0.208948920799286
-0.221933188152461 0.214069155413414 -0.0938402024193081 0.189129766922273
-0.173242187054496 0.262071877704496 -0.0273593657714868 0.101373971357641
-0.195314161921744 0.241354049563101 0.00636964541766476 -0.0159171179609638
-0.337337944887276 0.103685812354058 0.113981105131687 -0.113424880260014
-0.336245333744955 -0.134791663287242 0.268125693989623 -0.0673285952675455
-0.162119464781304 -0.348480427486199 0.221545825052119 0.156046540264193
0.323062940657813 -0.298755308895761 -0.0410350807416732 0.207334633395838
0.457995754591093 0.172739193712586 -0.17981937900853 0.0304587388914011
0.230376986041283 0.488193765477181 -0.132980920285367 -0.045238983045771
0.10166401497764 0.355060043224676 0.161986036235473 -0.239869133419072
0.291177926258622 0.138581063497757 0.152499312844945 -0.286069954989847
0.235289568757741 -0.139126585178389 -0.0377570658946842 -0.368666670117214
-0.0486648281524327 -0.238583047502857 -0.320622300679828 -0.209629150753586
-0.210086260773012 -0.123871470984272 -0.376139633739456 0.063252170380748
-0.251291404597649 0.0187163991853718 -0.286131740210719 0.231060273557992
-0.182419942886447 0.164971691265371 -0.165509109813367 0.259363400674916
-0.147358041673785 0.204565908310881 -0.0884133093140143 0.189377855391341
-0.171681288393107 0.190749689326518 -0.0561449237914205 0.0627865391352769
-0.29742740996893 0.0738331846800741 0.0417776556252522 -0.0537453322554864
-0.285197573612719 -0.14556509662859 0.175171811539815 -0.0302724367490572
-0.103358531171739 -0.329733209507969 0.113548051571251 0.13362135443242
0.324246962239505 -0.240082290679893 -0.102002096764764 0.101027835054079
0.405981197942969 0.177335005412012 -0.16060317087022 -0.0611463707231446
0.199012167936106 0.417393077063231 -0.15307161682068 -0.181791876066881
0.0753270813801833 0.233687393171748 0.132325015006461 -0.381801566872977
0.188877892001315 0.0921893678745332 0.0591620393272983 -0.356211456190128
0.15489474602274 -0.0867152533530223 -0.114518282634576 -0.344699140075078
-0.0172671611173695 -0.150548460165705 -0.333434340571852 -0.176851897490327
-0.121293988971422 -0.0890678834862572 -0.389223780420728 0.0678609662559237
-0.153985642391228 -0.00684478283408823 -0.326596527430906 0.247579840511127
-0.117571483506008 0.0912465792323465 -0.21602353949301 0.308009873362257
-0.0999469068537382 0.117450444130195 -0.133040917095855 0.248562619725637
-0.119405435281687 0.112155527706045 -0.107591013998437 0.120007671136555
-0.205293315619903 0.0316879538371844 -0.0270578053521185 -0.00734110809903696
-0.179456908924394 -0.126034395017685 0.0810684812623716 -0.0190713925497327
-0.0298927239832936 -0.23507913164401 0.0425473192820542 0.0790941794455273
0.247204937399083 -0.132910786672641 -0.103482389333337 0.0190159806559235
0.267160720366764 0.142385456128476 -0.126574187193499 -0.092794185171917
0.124644637525725 0.26552414231962 -0.169880493158661 -0.274677764512887
0.00109373947848296 -0.058352728198429 0.0479219764540858 0.364876088668989
-0.0580924074253192 -0.0564642298184189 0.119850864006283 0.148769044962798
-0.0748705913843949 -0.014970999443754 0.0882780167415846 0.0313017449868288
-0.0450184430130346 0.0621465586849222 0.019938965536036 -0.0729959232577573
0.0256828217343451 0.0653817150410261 -0.0604443119219843 0.0292187429328489
0.0493054488877353 0.0252886342375727 0.0722384279876371 0.0753138394934776
0.039827530129822 -0.00379439425466338 0.189488178381002 -0.0444828584033282
0.0302417358592138 0.00290505260494808 0.258755930331129 -0.157609637496631
0.0358419689227945 0.0188198101154871 0.323599619201125 -0.195215301415635
0.0338180836329622 0.0435378896914857 0.387159954768821 -0.0975263784791054
0.00193650186651044 0.0591888040931631 0.374159826172193 0.0612255570438917
-0.0401006083829328 0.058598507482397 0.250809582908653 0.232368061305224
-0.0780019106033877 -0.00377504845256475 0.0551655810635772 0.354588914602014
-0.0762708732650327 -0.0858586377110534 -0.133290454031108 0.341715784635849
-0.0039257928939643 -0.102585288557323 -0.315609227176453 0.400540763766098
-0.00931115236176682 0.142605974568002 0.05567861601392 0.366758101602164
0.0657169351764648 0.0880824300351844 0.122378193314667 0.161734033530583
0.0890491318338796 -0.017817794924877 0.122671308186219 0.0254978785190009
-0.00506079508536913 -0.0827863944760088 0.0153598265179696 -0.0916789692698551
-0.0610899462155899 -0.0460958382011023 -0.076064036199903 0.0256266857619077
-0.0830869831508401 -0.000914664495567585 0.0561790675804534 0.0888947345687477
-0.0744666965177912 0.0459572268013484 0.183464787217743 -0.0236225103733364
-0.0704764707052148 0.0737733620029044 0.25114237235055 -0.144083857242286
-0.0673520126356892 0.072245326853267 0.308909636688869 -0.189779501039592
-0.089797695282204 0.0228846732448272 0.379557654686556 -0.106383954027945
-0.0797784762931203 -0.0333607375896654 0.383628807494873 0.0458423844864308
-0.0367128936620161 -0.0612225068782579 0.272090355575316 0.216042968059188
0.0539517872606028 -0.0431932164758683 0.0810141558392406 0.35176700484541
0.0365017027423754 0.0391056841963983 -0.120166736393838 0.344800864064974
-0.0124364633895536 0.096971097893496 -0.300995160080353 0.398576881637113
-0.0294149603636385 0.303845454619092 0.0663329485398554 0.317374164880701
0.165983726715439 0.208273283913945 0.13264683712717 0.177880320250117
0.231489171696346 -0.019609412003944 0.192190421285757 -0.00650397825476679
0.0342830153585607 -0.205859716444385 0.0061427033898566 -0.160083402999354
-0.131057829045001 -0.145887947903707 -0.132075860322269 -0.00389236237470224
-0.197702650259938 -0.0319001075832241 -0.00700011458221115 0.101280007043662
-0.179179749437102 0.0846582227491093 0.135226259122057 0.0103226717634435
-0.16087806484049 0.132750319287435 0.206825798141381 -0.108336728510409
-0.159515157147109 0.117413402328372 0.261038545566371 -0.16417336375528
-0.201193267979616 0.00533011081414335 0.343543763838471 -0.109500849404759
-0.156137896406857 -0.115687074624641 0.383665251274568 0.0306994272887337
-0.0402001925882732 -0.175528311557083 0.28622343466584 0.212632497016093
0.176123514275383 -0.0895676537926651 0.0766609976556463 0.347638942127077
0.153435402598087 0.148652103372559 -0.138284800931231 0.308276082214738
-0.00671906542406615 0.285226448783651 -0.271135127715189 0.329587748837328
-0.055611301092268 0.405726209876529 0.0948973514554212 0.234674687324751
0.227812026244775 0.283704857277509 0.184517901459991 0.163535008321498
0.32244147735645 -0.026023196680473 0.257978876056307 -0.0955372598296993
0.0563817871487626 -0.285463735475208 -0.0336776468665092 -0.252536313188563
-0.176873428198648 -0.213206826467495 -0.211868390504854 -0.0385541758478723
-0.276274764585351 -0.0601168539598357 -0.0979117656654775 0.110854132645178
-0.255022189335643 0.10814096566223 0.0518807964480547 0.0518789053776057
-0.227468574149454 0.170767089801518 0.130797698860469 -0.0539350767446835
-0.227485029535688 0.147264039364994 0.186865813547591 -0.122093259198189
-0.286825406082184 -0.00830815063737103 0.289585349212906 -0.104337188199586
-0.217262036357764 -0.181077013292739 0.369589548489636 0.0213767753158119
-0.0439780935825973 -0.273712830122176 0.275945796801037 0.223064166542876
0.282164390306494 -0.135396752718626 0.0312454754076026 0.330608984190473
0.257279834160685 0.234875183651606 -0.174428895468477 0.225361008578417
0.00818255477332213 0.433929707733937 -0.230834557705499 0.208156398525344
-0.0781433676047373 0.449999368790646 0.153803725590178 0.124692701748534
0.247955576020202 0.313986875209181 0.255510768735096 0.0779945303058884
0.354423812058704 -0.0318625741380264 0.261670449107686 -0.221442728192932
0.0639878902011758 -0.312441604898947 -0.106888744664463 -0.320835980505247
-0.191511841867433 -0.241489743111734 -0.289402849454012 -0.0623837452847605
-0.30775236811153 -0.078131331990455 -0.194923908946064 0.113889135138856
-0.28854052746168 0.112637424303367 -0.05065846387977 0.0942035606857839
-0.259225871682745 0.184570998013911 0.0358606855226401 0.0117926132283961
-0.264309249543468 0.156371804072609 0.0983222382738724 -0.0687750015782207
-0.336625640589297 -0.0199894575292227 0.221601132526353 -0.0875088449031488
-0.252680532254633 -0.224616909345591 0.331497496792147 0.0271133000277937
-0.0378545774409075 -0.344644876250265 0.223958645226761 0.235968712980147
0.363816268108054 -0.162433901036448 -0.0467466311627054 0.273521944120137
0.328612036370525 0.294832017092194 -0.196852262889467 0.10326158740519
0.024064271926999 0.519989258231165 -0.180547716826957 0.0558823888939346
-0.0812576075535028 0.43737955318828 0.223559268033719 -0.0147829346603725
0.236739453028202 0.300293192005506 0.286716706683127 -0.0654133502198999
0.330395070828197 -0.0330279603349957 0.198531089643466 -0.320525381622055
0.0620256561915815 -0.288046942515095 -0.176846970800354 -0.335944386733177
-0.173256750983893 -0.23157563102173 -0.342212835016385 -0.0759292794868643
-0.290091490826967 -0.0866088783431417 -0.281711579409472 0.108457124935162
-0.277416380098452 0.101801635355405 -0.15650381604186 0.135135299827538
-0.253493612299046 0.169293564610466 -0.0624880521394249 0.0784142269837016
-0.263681621703188 0.141720863890227 0.00619997745284033 -0.0153521683932981
-0.341944569479934 -0.0329939324904853 0.140997588177886 -0.0611962981218439
-0.251185180848178 -0.247749263441582 0.259476126267305 0.0399411629388237
-0.00904646225649725 -0.372639862452219 0.132878987022867 0.218212698771344
0.405626327451331 -0.151277626548056 -0.112955075989483 0.169461629328917
0.345558713986347 0.323754393558578 -0.176946382362323 -0.0211219974821502
0.0321076639939388 0.528307988299228 -0.130381966157387 -0.0936908550416826
-0.0654191181069907 0.365560667359348 0.276042001638974 -0.1651716926624
0.194254720409548 0.246264419543379 0.259533938972606 -0.205277289634205
0.264449932776558 -0.0260450026621312 0.109989014517928 -0.363147761299818
0.0552793937311343 -0.224779058859536 -0.218146456818259 -0.319369376985332
-0.129916161401794 -0.19094119770846 -0.367731530766152 -0.0867143595604825
-0.228157987711069 -0.0814897115062943 -0.34845120681183 0.10119922868523
-0.223699383077476 0.074160847309491 -0.248444299286197 0.169694730284371
-0.209968558318454 0.128379279978901 -0.150890566207203 0.134043319294941
-0.224749401779739 0.106326126222452 -0.0784392690383886 0.0314203816306991
-0.294494540193586 -0.0445656661009251 0.0539861402182081 -0.0357054964298078
-0.200325334207609 -0.238380389146675 0.163174524356901 0.0357554302380532
0.0361188026307516 -0.331557985540272 0.0481841680966164 0.156516363191596
0.382333993634606 -0.0968212915427316 -0.125335280123017 0.0538443879579261
0.2959271190567 0.308133628700583 -0.125870337786272 -0.0956366089639097
0.0296378636702448 0.449232547896973 -0.0899347217699988 -0.22220997385977
-0.0363042694022805 0.244431878193914 0.296092662937365 -0.298153089493998
0.124253515890993 0.162413042189381 0.201705396154817 -0.300300785225834
0.171885067987975 -0.0129733225584888 0.0344664125581834 -0.366927502760094
0.0462413138035375 -0.135493756615634 -0.238168065950694 -0.292509490933017
-0.0667112660927525 -0.125078250612484 -0.377881499297547 -0.0898303940028942
-0.133326611822324 -0.0663540714666936 -0.390282879242737 0.095684515854382
-0.13794941735554 0.0341483480700657 -0.311121354753408 0.191101958886653
-0.134405503667112 0.0685845843230839 -0.212585828370543 0.169893905743164
-0.14853297114121 0.0556837870019578 -0.145025938259079 0.062999283081973
-0.195672584674698 -0.0476265312020414 -0.0239964917381942 -0.0207427966874594
-0.113179414700841 -0.180353261986081 0.0770483004821175 0.0104901667326679
0.0638488708596182 -0.218632959342173 0.00684077087652409 0.0827714199149048
0.271193564108245 -0.0284847002527884 -0.0977183715754629 -0.0170231812016827
0.185093378806418 0.224610127322046 -0.0834740784733099 -0.116913746162748
0.0154229164540138 0.282479405670216 -0.059310481549448 -0.311255360280016
0.000852216040189443 -0.0563688642138844 0.0523900649049538 0.359065442468226
-0.0568358852473904 -0.0539745148884252 0.122275701405238 0.145767064299462
-0.0748416629642978 -0.0151392700336101 0.0910476978656351 0.0262891430966312
-0.0435002047136264 0.061627305949126 0.0170392412988327 -0.0761525679572219
0.0268175101286856 0.0639186973928378 -0.0566023912471272 0.0308139839789048
0.0501073533102612 0.0235340224053771 0.0769289139903603 0.0716538926420827
0.0392783613864843 -0.00428575035547373 0.185017069049971 -0.0488219708244884
0.0308305648251587 0.00203426419300142 0.248752688227975 -0.163304410112062
0.0362644929097288 0.0174277140424431 0.310880032530551 -0.202468975952374
0.0343731377055134 0.0409879480091368 0.38134527234657 -0.107209914076157
0.00335507560368609 0.0586065762535348 0.370920732353671 0.0519636784161189
-0.0381798121493293 0.0583934062761204 0.249572773603305 0.225542042612383
-0.0775645313620706 -0.00287528005651414 0.0614456326008361 0.348521282334614
-0.0768665080230871 -0.081799113531822 -0.129578075460956 0.336576937872545
-0.00258097261465694 -0.101105053920151 -0.307663537438114 0.40054732855648
-0.00601049481825585 0.141363888710425 0.0602600278143811 0.361571058849949
0.0660676260599273 0.086169558642828 0.125245322004915 0.159962202730974
0.0875022430668095 -0.0195731668790208 0.124577153046915 0.0185812976938484
-0.0062534754372158 -0.0815280428638005 0.0128838641032244 -0.093704821486119
-0.0604140123598121 -0.0445968214102165 -0.0729724679279009 0.0267322832635065
-0.0813200771829292 0.0017291333093636 0.0614984513389794 0.0849254825490059
-0.0717503308498593 0.0481563558916735 0.181036446817308 -0.0292000006956791
-0.0660992471316352 0.0748524583615674 0.243145816664671 -0.149835479160952
-0.0634834839046586 0.0724132099136739 0.29878482248522 -0.197023214229888
-0.0883450163671879 0.0244337478745873 0.370989965136423 -0.115235233034108
-0.0804874898944131 -0.0310561882587719 0.380647921561161 0.0363902429118968
-0.0379952476360552 -0.0597234547096491 0.26991980146812 0.209086600787624
0.0518388553436357 -0.044821299935722 0.0860349883295484 0.345176694085691
0.0377902751028619 0.039911815845763 -0.117612065180998 0.339448882708201
-0.00846086552553611 0.0980870300294682 -0.292509351232717 0.396150799570509
-0.0230767936611222 0.300785839290313 0.068763057061297 0.313098684492459
0.165978352981078 0.203469984004928 0.134980313673224 0.17628670556517
0.228418028698381 -0.0219219540838934 0.192221082756756 -0.0145435191845047
0.0300849309596339 -0.203224012372292 0.0035555224853174 -0.160026207709894
-0.132363490101212 -0.141790585825922 -0.12925535630828 -0.00215906579688762
-0.196267943845985 -0.0255779038867246 -0.000488116783962954 0.0987918597616079
-0.174076014518357 0.0892518771080026 0.134243493107389 0.00555437280115924
-0.153411041964371 0.135659532148908 0.199903989541676 -0.112843627095479
-0.151932766305467 0.119872856958632 0.252108663675135 -0.170902917752009
-0.199543034504908 0.011007746185253 0.336362029957965 -0.117105948859585
-0.158591763801138 -0.109217348164717 0.379736506871115 0.0197429179278417
-0.0433150137650105 -0.172138477185966 0.282777611542689 0.203582663535769
0.172725349904565 -0.0934757889459976 0.0797113852105293 0.341646954977366
0.155889503248044 0.146490294417247 -0.135899247568223 0.303865196078827
0.000658583728258708 0.284448104883627 -0.266555456204472 0.327151401660733
-0.0482624395054919 0.401384212382542 0.0952872778644485 0.231153647295011
0.227480371235423 0.276653878467854 0.184804998065545 0.162244630505785
0.318881935765823 -0.0303571106797618 0.254463305470787 -0.102934196187467
0.0503251024253612 -0.282870734993008 -0.0376445275592323 -0.25015367464874
-0.179259439658512 -0.206388831766531 -0.208922429532933 -0.0354917716010311
-0.274445203122889 -0.0504125470254354 -0.0902444739034823 0.109763833814539
-0.248086493808193 0.113741892827407 0.0537929370534781 0.047053407772818
-0.217886833627438 0.1759768857569 0.126299163474813 -0.0574739835404745
-0.218473632824849 0.15060854335726 0.179745195651068 -0.126157332141451
-0.285709722491733 -9.27741779017011E-05 0.282613742472459 -0.110156484677837
-0.221307804767292 -0.172328680829744 0.366217454507087 0.00932121087993983
-0.0489407206417334 -0.268212429950197 0.272933635544251 0.215047282724931
0.277950279822092 -0.140659544036004 0.0332680100472486 0.3261704422516
0.259851656218884 0.230173536966244 -0.172500001436597 0.222828249440305
0.0158613480121028 0.431037435410561 -0.226933876179534 0.206229451164888
-0.069012054364598 0.445330636067609 0.151086783715594 0.122154450864464
0.250764098504977 0.307849264219646 0.253948249854876 0.0756502579662102
0.351030399164863 -0.0372290410675529 0.256432651615766 -0.228114951601228
0.0566680807242305 -0.308935697215041 -0.110582443678502 -0.315142725778128
-0.19416931930727 -0.233922476103973 -0.286277922339512 -0.057550538314664
-0.306164048546436 -0.0688633706197469 -0.186741150335067 0.115216537238591
-0.281689647802998 0.119905813123898 -0.0461555700493177 0.0916066917375955
-0.248996723557683 0.190080728995369 0.0352021001436579 0.0100805959212696
-0.254466788487965 0.161565922838785 0.0936043870326809 -0.0720430090527861
-0.335600863174565 -0.0101015329273014 0.215986762644288 -0.0917536886439164
-0.257739633482812 -0.215694812515497 0.326944398938828 0.0154192613918412
-0.0434620349506525 -0.339401451602388 0.219790461281024 0.227508660633874
0.359440584725994 -0.16839035591682 -0.0442844022898218 0.271891351014318
0.329500340708323 0.289348016272416 -0.197069370818467 0.102934268358842
0.031377047885087 0.517084113160122 -0.180303734106541 0.0560395787007341
-0.0740854034738799 0.434685009062461 0.218931935367687 -0.0159301088402223
0.239980923427713 0.294994265779383 0.281869010351155 -0.0660482551476475
0.329304926275278 -0.0379763544608333 0.192194724453413 -0.323812525696143
0.055295363529783 -0.284151459313135 -0.179295287162887 -0.330182009785969
-0.176825166612756 -0.224013320091756 -0.338933983020524 -0.0696014452925282
-0.28937471874175 -0.0746441798576144 -0.27273883445294 0.114019675981016
-0.270246164470692 0.10840186610541 -0.149284439671974 0.135589233367569
-0.2437437764789 0.174973388346958 -0.0600461618674382 0.0792151149155736
-0.255933182425975 0.14622100417547 0.00475245785612858 -0.0154059693713334
-0.341093611349895 -0.023314802331984 0.136881708951596 -0.0639925899076791
-0.254810729767473 -0.23817207966897 0.255642183637049 0.0288527461903651
-0.0151569847096404 -0.367216860558223 0.130343152488265 0.211981552476123
0.399334656988659 -0.154319603145447 -0.112371993563671 0.169884713712015
0.347621388453483 0.315568174030558 -0.178863177388137 -0.0183935292928425
0.0402982983847786 0.523432355992345 -0.1329016019897 -0.0926826810997358
-0.0576374358689383 0.363566330472119 0.270293537748458 -0.165992762291873
0.196407717038388 0.240753363467707 0.252976457147406 -0.204311821676779
0.262620287144808 -0.0312656886368444 0.103434663676498 -0.364415073489908
0.049119971332007 -0.222501675443831 -0.219498293839386 -0.311857439762629
-0.133636755002144 -0.183734383585256 -0.364670934581832 -0.0789322981673476
-0.228247487226571 -0.0718380843816416 -0.339607485523153 0.108585043739304
-0.218179506863773 0.0795241448702562 -0.239271032159522 0.172448156238362
-0.202331038001248 0.13387865648754 -0.144865619217998 0.136309970098203
-0.21868893587286 0.109961024205457 -0.0783872182376647 0.0328238265981179
-0.294820651307966 -0.0360977178897034 0.0511410242490135 -0.0363643452556484
-0.203905766516245 -0.230850219599734 0.160026780473631 0.0281568354388788
0.031145545904373 -0.326458842448633 0.0462633177584033 0.152206621813779
0.376120477833134 -0.101158312395153 -0.126809711503566 0.0583380268676756
0.298681201237271 0.300255180114789 -0.129682485926117 -0.092738087463146
0.0357311757111393 0.444998356627096 -0.0953002648133373 -0.219002422163169
-0.0324326792051848 0.243131054692083 0.287874594510284 -0.296446366938438
0.125565641427093 0.159677879554019 0.196102177704203 -0.298533522180252
0.16988677226913 -0.0161984847939099 0.0286153406885186 -0.365301405866892
0.0419393679650432 -0.133812813654188 -0.238603489168072 -0.284604136223912
-0.0689583193895059 -0.120322091298507 -0.37462515960449 -0.080325120572107
-0.134946610894858 -0.0600763442210688 -0.381292161018089 0.105335320797211
-0.135786844297004 0.0373281392560007 -0.301192564681319 0.195825046822633
-0.130229461105115 0.0723195609685719 -0.20603546391646 0.174014768803294
-0.145513564329881 0.0578840642868111 -0.14246959768695 0.0667766055671536
-0.196079149887452 -0.0418241997126402 -0.0254171788240989 -0.0197909124432375
-0.115722527964525 -0.175370794351822 0.074705537964117 0.005305288552429
0.059989116968608 -0.215548944906095 0.00503767080546946 0.0809278516178016
0.265512918764491 -0.0339217752899036 -0.100348423104082 -0.0109608143383647
0.185806619237071 0.2190467467628 -0.0880164417990385 -0.112864206281254
0.0206632749639543 0.279343204749222 -0.0672368372436697 -0.306887101960091
0.000217966279132575 -0.055180388929609 0.0627097675331307 0.359033568942532
-0.0579091126639827 -0.0514975008859275 0.13047605145477 0.144117108987919
-0.076162463968351 -0.013364218820463 0.0941541615914694 0.0211928079668631
-0.0418940457907462 0.0628379617042772 0.0129053023709315 -0.0792134643164951
0.0294794238448111 0.0628451598915945 -0.0528751145039317 0.0332832634876159
0.0516359869581532 0.0214884807699563 0.0828956701423732 0.0676229941838263
0.0393795780966897 -0.00518722494628951 0.182345865597007 -0.0561994720687791
0.0311306243163438 0.00097044943840368 0.240763735720677 -0.171736525279039
0.0377619122648748 0.0157869422369775 0.301704912791558 -0.21528838171163
0.0363458662873727 0.0386949276392548 0.375603746137516 -0.122789565248234
0.00521507400362204 0.0589888479996853 0.372005203658159 0.0379131776481403
-0.035180435849554 0.0591517727990159 0.254903243377465 0.219095308392781
-0.0778399299722562 -0.00130676975334238 0.0717735369491122 0.345705013951399
-0.0794296194278274 -0.077870165341355 -0.12390840507471 0.337014615924614
-0.00279001987904966 -0.101076208774542 -0.297606118208426 0.408556093939515
-0.00086896313386676 0.142044610007218 0.0691777563655803 0.361785210666874
0.0679487796800246 0.0844886184736146 0.132578162975987 0.157795736208781
0.0863960549677711 -0.0218376699998288 0.127288957713703 0.0124099691335809
-0.00879398912660019 -0.0799012366456488 0.00864987440309211 -0.0966590220115355
-0.0619461968397268 -0.04294707471092 -0.0701206149705679 0.02873478851898
-0.0806765506625342 0.00475752615429475 0.067628324126826 0.0819343000747108
-0.0695335847248638 0.0514477573743551 0.179411777521154 -0.0374712456753181
-0.0617415188774637 0.0774192263466402 0.23551545446242 -0.159348407834562
-0.0591643126993646 0.0744810122496155 0.28856042927229 -0.209454611664035
-0.088555883809866 0.0276045999199188 0.366762585840284 -0.13013159359948
-0.0825945870557002 -0.0265878757079506 0.380739714484605 0.0212988948913773
-0.0401096083263789 -0.0582179928634271 0.272881030665793 0.201361657287866
0.0507050929915336 -0.0474414668273275 0.0956572980025044 0.341976970628992
0.0404222280048452 0.0403071151163289 -0.111769251688269 0.340526887143094
-0.00272565568499154 0.100038587568726 -0.28516011966185 0.404779385016678
-0.0128427680734402 0.301047472358195 0.0751300869066067 0.313557101619313
0.17102158799378 0.198163698383861 0.142001903977246 0.174515956442212
0.227344218705555 -0.0276939963310226 0.193458249562011 -0.0234007572896671
0.0243675859303293 -0.203351605353177 -0.00157337928691094 -0.161984116060714
-0.136051807115315 -0.137876707634075 -0.127496601608367 0.00163380866768091
-0.196924253950055 -0.0173558944130034 0.00615298284796504 0.0969190077550142
-0.170104908541264 0.0967105404211241 0.134240441116122 -0.00188812058792349
-0.146165831940824 0.142537880837008 0.194327215732296 -0.121379824065118
-0.145598059016652 0.124841533783227 0.243828158816114 -0.180932128437407
-0.20032121526435 0.0187917586518447 0.331673695988777 -0.130336258309654
-0.16425015154709 -0.102506159040564 0.379347070783534 0.00244453052309756
-0.0496987555895233 -0.170249927018773 0.286152349201544 0.196338448597408
0.170384353191203 -0.101079547058784 0.0888082126259362 0.340011872584221
0.162338370229934 0.143296205830366 -0.131612898644335 0.305114585767566
0.0111326442370031 0.287888151107137 -0.259776887784771 0.333563996827229
-0.0353812263314079 0.402158695294893 0.099204189816456 0.23032729171638
0.234672953865037 0.272200387261815 0.191451721488284 0.158584223725902
0.319427597663124 -0.0393046824779329 0.252481050593148 -0.114795202035199
0.0426323213282444 -0.283540135700833 -0.0444497042294533 -0.249849087950123
-0.186133035872289 -0.200936433003926 -0.209903895144235 -0.0302673011857251
-0.27676940042259 -0.0387136420533314 -0.0839796668144184 0.111476665959845
-0.242927539687159 0.12355430230763 0.0562863840352194 0.0426983090748227
-0.208512399151139 0.185451373267091 0.123868285198883 -0.0626898299513409
-0.210186449767087 0.158201563016414 0.172855618166305 -0.133877213384239
-0.287519808842736 0.012024335389128 0.278420732249945 -0.121704695654233
-0.230206110874047 -0.163631221153463 0.365004913137007 -0.00654217099665527
-0.058348472817792 -0.26602851733492 0.274628737059969 0.20689097487646
0.274347709016544 -0.151367685309589 0.041068387688294 0.324624229162512
0.270897861129523 0.22555281919833 -0.17077548054018 0.225613571114169
0.0312485035179978 0.433534000631226 -0.223963194485716 0.210326756473927
-0.0558551463170671 0.448391276580139 0.151698711371147 0.12048876324861
0.259132570579593 0.30308498764996 0.256883111341538 0.0716511086062916
0.352923100336038 -0.0476967291010079 0.250561447938953 -0.239688232326764
0.0475194017195131 -0.309545506148953 -0.118354631805511 -0.312109546338986
-0.201929350806174 -0.226011136695381 -0.287813720371651 -0.0500033352608838
-0.309301901109999 -0.053823320493043 -0.180216126902365 0.120391581476565
-0.276919827650358 0.131397553916127 -0.0420989708128427 0.0911165360201722
-0.239362388408006 0.201068992009599 0.0348460950302037 0.00923353289514475
-0.246789589001898 0.170222129327302 0.0895434437126579 -0.0756745743710654
-0.338279150080316 0.00359871809833646 0.212092020169715 -0.10023995178552
-0.267682156850084 -0.206847976413386 0.326657560640823 0.000414018556164406
-0.0542349670152966 -0.337265260433293 0.222344585345789 0.2206426055436
0.354495131246589 -0.179808642355593 -0.0392195789055694 0.274487729465114
0.342547714299162 0.281364989639908 -0.198172731457539 0.107641918127091
0.0469738278859969 0.517573148230822 -0.18095435940426 0.0595305540153435
-0.0602247501578286 0.436541677553789 0.216608733486645 -0.0200405416083173
0.249574350007037 0.289358694098983 0.280994781752122 -0.0714536866792957
0.329215358156403 -0.0490192462376717 0.183166079573069 -0.333635012752492
0.0455934555391147 -0.285850531381576 -0.187468900080486 -0.325447350528559
-0.185210155360218 -0.216785595242789 -0.340987354629226 -0.0609164479536711
-0.292357054000229 -0.0616308692883657 -0.266717407546969 0.122753025803703
-0.265793012197578 0.119173227322585 -0.143498069650863 0.138311339777104
-0.234249690184312 0.185592186200894 -0.0566855318702288 0.0816892038176695
-0.248794949241642 0.155595373229319 0.0022322876722753 -0.0154378339490104
-0.34403757313523 -0.00940026891513525 0.133520394594519 -0.0698827910904975
-0.265365952849971 -0.231856598199824 0.254720432956592 0.016582392751648
-0.0252098156286379 -0.365450247454018 0.132218135703174 0.208183737317607
0.396453912236942 -0.168649610141513 -0.110605033501623 0.175791591516513
0.358367507595059 0.309530811541888 -0.182319852921594 -0.0138984673666569
0.0563788800703767 0.523936818413626 -0.138227655992457 -0.0904366204324302
-0.0473571336710618 0.366176887293536 0.264285329483081 -0.171387191688413
0.204651220942356 0.236546760787807 0.247913641146506 -0.20987754530515
0.263088844170238 -0.039325506459101 0.0928318865824731 -0.370751455536318
0.0408570856093332 -0.223288231797647 -0.228062115013178 -0.306328170939122
-0.140226763743534 -0.177692681415152 -0.367035088214188 -0.0676601989950321
-0.23192456963078 -0.0602726137201362 -0.334209315026893 0.120637815972529
-0.214943671429614 0.0884610027789665 -0.230961215641384 0.179281899023484
-0.194786360409266 0.142529739067876 -0.139167668789563 0.142100246400815
-0.214040912432088 0.11756702956867 -0.0783301880326892 0.0359646073554824
-0.298124576994765 -0.0239902000319503 0.0487336206676188 -0.0391127838034226
-0.21263343386866 -0.224288804302554 0.159221353507013 0.018663566775925
0.0222648054853494 -0.325756548448725 0.0475337240120925 0.151015497603037
0.371998101233218 -0.112477637075384 -0.127847699119974 0.0650003791703778
0.306834222278745 0.294248298059133 -0.135234447404092 -0.0879847663459197
0.0488436022483052 0.44429719696991 -0.104215487367948 -0.217364610138005
-0.0249002953657069 0.244973430834711 0.27960252572246 -0.303052495524485
0.130001664472727 0.15746364994295 0.188476666605993 -0.302130772436242
0.169989342622572 -0.0215968319488138 0.017317521860026 -0.369272804122985
0.0374428441086157 -0.134412367311155 -0.244587790613799 -0.2792246470185
-0.0728996299043652 -0.115927967524988 -0.376687698224319 -0.068552901435873
-0.137023463057948 -0.0531339193359018 -0.376717196663249 0.118473683108919
-0.134690334444494 0.0424904045883003 -0.292391133980626 0.205686138528488
-0.126295178520369 0.0780221393720095 -0.197749163334171 0.181216976434259
-0.143495784920746 0.0628063477900252 -0.140185771659846 0.0728007706684256
-0.199442066481481 -0.0331241146675341 -0.0274831400704864 -0.0195964442911543
-0.122059888304462 -0.171945402796737 0.0725174513196776 -0.000957286752856973
0.0536399118775846 -0.216325611128032 0.00529636217776862 0.0805166501715073
0.262804326916864 -0.0412262294004299 -0.10383646441706 -0.00387614894737393
0.191634761352892 0.214486033858113 -0.0944335019146134 -0.109367240797892
0.0290562961116871 0.28009653740677 -0.0786621330893839 -0.305547507171595
-0.00117237828579018 -0.0537620507275308 0.0800364288636075 0.354628686288039
-0.05943403338712 -0.0482165576417564 0.140843202726811 0.137819510061812
-0.0776349560733921 -0.0096382380097214 0.0981620198630412 0.0134284457713504
-0.0387429129146817 0.0649165993612306 0.00652020843204467 -0.0813233380412907
0.0332924550331376 0.0599126844871259 -0.0488398505707069 0.0364910583847167
0.0529843709296108 0.0175981502610565 0.0884170038163185 0.060583217237313
0.0393894325847779 -0.0067501502157196 0.176518781323585 -0.0663425823934274
0.0311860433644215 -0.000740456226017771 0.227206978056484 -0.185258641725519
0.0393366839978806 0.012813719340118 0.28339222461683 -0.230644686506402
0.0379432360410072 0.0352543890483736 0.36428654506364 -0.143291545924378
0.00872767701456332 0.0582100482468279 0.369866895945366 0.0169868307556859
-0.0312332034702571 0.0600321147874122 0.263389918332554 0.204326033248287
-0.07786196511009 0.00223363792006713 0.0886079067152165 0.338061447952265
-0.0821963708147672 -0.0726229973479076 -0.110186954852017 0.339675522406717
-0.00487208107415956 -0.100280511933159 -0.27880912244016 0.419721538544436
0.00730483348051763 0.140503717975638 0.0849233805922002 0.357920027700879
0.0714275053344006 0.0809676714116826 0.143507392261014 0.151718638960748
0.0836118394999709 -0.0248117657841667 0.129487295251598 0.00160890080726742
-0.0125153766121015 -0.078801968943194 0.00190096964361587 -0.0978089314498941
-0.0631635120779861 -0.039873425630561 -0.0674426490338599 0.032255598979348
-0.0786325839855961 0.00959254893762889 0.0744658651795174 0.0749914423880101
-0.0654898855373123 0.0554160741444355 0.175617071632405 -0.0482769915922854
-0.0551944028720036 0.0811723235902337 0.221994912937508 -0.170947325000235
-0.0529107654229575 0.0764717751660512 0.270296325393214 -0.225622284461875
-0.0862350192143171 0.0324859399144316 0.355980927977005 -0.151506611206241
-0.0843603087262931 -0.0209116098967891 0.377860128644277 -0.00217565218984432
-0.0431376799814756 -0.0556217220994431 0.279542753795118 0.186775801514038
0.0480048344478397 -0.0509994952497273 0.111569392433706 0.333489342922316
0.0443336372065461 0.0392677598327291 -0.0984152243000709 0.341895416608788
0.00565028184919864 0.0998676897654499 -0.264558959560582 0.41330322494098
0.00231273822453469 0.297899003362787 0.087568994141203 0.310262270687446
0.177743960375911 0.189346552764427 0.151523109425944 0.167889736902782
0.22429767149479 -0.0386267506476541 0.192366523188812 -0.0366952490870249
0.0146170155841408 -0.201939790387073 -0.010938753650958 -0.161707904528171
-0.142592615373127 -0.129343257127345 -0.125924633217122 0.0070807017344629
-0.196046998878083 -0.00556875367310294 0.0139655292053276 0.0939398941478767
-0.162060427123221 0.106128973512711 0.132626671440192 -0.0106755441386853
-0.134070572176318 0.150037302313445 0.184444559132042 -0.132044230995593
-0.135827019679817 0.131307050056134 0.227499484304906 -0.194438624937439
-0.19858184558541 0.0319522312775542 0.320845597904016 -0.149781451813426
-0.169971887812239 -0.091900372436643 0.376090428184687 -0.0212954662046953
-0.0588672575604719 -0.165148007495446 0.290056932996821 0.18047193812786
0.164068984157279 -0.110980196518769 0.103345833974274 0.332454147621449
0.172077289163457 0.135598956792828 -0.120034614416927 0.308300768593289
0.0276306554005435 0.286200396319095 -0.243720847434088 0.343735329177206
-0.0148158423221991 0.400980348509625 0.106916444486042 0.227363720014211
0.246039352679997 0.259318945948176 0.199160857809368 0.151348298483836
0.316926935570355 -0.054247789588115 0.245121690195667 -0.13015713597138
0.0281049731556287 -0.282877168706981 -0.0556199512877196 -0.246320338457164
-0.195427699812172 -0.189781351917129 -0.209253007695063 -0.0201129676356209
-0.276512741905594 -0.0215889760852325 -0.0745972390596931 0.113854692053717
-0.232876148108311 0.137480198275783 0.0579406129512884 0.0368394877496612
-0.192983813897772 0.195960641662044 0.118059956543278 -0.0693612997985401
-0.197977983747288 0.168553653175674 0.161429113073139 -0.143357126379542
-0.285181990495919 0.03071986388322 0.26830746748881 -0.137554152808731
-0.238421304523781 -0.147999483954141 0.360677318615849 -0.029831880609963
-0.0718363927274542 -0.261039102656882 0.279762313525855 0.192075714614601
0.265480648835102 -0.165956637921227 0.0545497154718482 0.320820742063443
0.283516726689608 0.211281261271515 -0.162836208037946 0.231761386574047
0.0542099676427741 0.430678367794357 -0.214767291268517 0.218287470036445
-0.0320926797246367 0.44691473139443 0.154214070924326 0.114811954566321
0.271892564019948 0.289692826941021 0.26012676232841 0.0610932669803086
0.34968450437255 -0.0649840618479537 0.236988588400448 -0.253437828867132
0.0303828823935064 -0.309927774614289 -0.131757246241345 -0.304975105932935
-0.212927884381038 -0.212943201323519 -0.287892160141389 -0.0362453834291907
-0.30992398321003 -0.0333247490699369 -0.170161832855563 0.127954490667178
-0.265562209317463 0.147747196844642 -0.0362331571779042 0.0901715747879187
-0.222531029937975 0.213625725473238 0.0349185786650507 0.00630576059599204
-0.232814881685086 0.182084801305401 0.0821485289600829 -0.0800126084203505
-0.336670540737719 0.0253598826071927 0.203112052422734 -0.111900622772342
-0.278400550733121 -0.189266877649449 0.321778598347614 -0.0205729756620715
-0.0712956508790785 -0.331246517669597 0.227951268290516 0.2082503188908
0.34324226858696 -0.198201635120281 -0.0273690619676647 0.275627405765944
0.357420998874285 0.265532360548192 -0.195233564649028 0.115114230371459
0.075084222878531 0.51530284925562 -0.179752841812728 0.0663626560639168
-0.0378851783571542 0.436363932696407 0.212398672433281 -0.0277589530947443
0.26208674010636 0.277414829258061 0.277088755066634 -0.0819735312852742
0.327315828438364 -0.0664741191159805 0.164162768331053 -0.34307575369714
0.0301169929278775 -0.286194412118375 -0.200442776074726 -0.314822582728678
-0.195336361556939 -0.203861832181144 -0.341368046524712 -0.0436910809976406
-0.293782038963256 -0.0414308007954598 -0.256511227539493 0.135569618992348
-0.255674677037014 0.134779467041963 -0.133971025477571 0.142735221233326
-0.218902757680438 0.198613195295366 -0.0511599046007875 0.0839284614288055
-0.237202395615048 0.168445591744828 0.000503894813157434 -0.0153633883778451
-0.343895832656888 0.0133493221118556 0.127141486407377 -0.0774737716983141
-0.277393181314735 -0.215260636353832 0.251510496695881 -0.00156237155428781
-0.0425998862600201 -0.360625588349814 0.137439522313519 0.199171384352623
0.384338012104982 -0.186698879869467 -0.103022596492963 0.181539884276145
0.373975473493324 0.290893869329755 -0.185661609033675 -0.00507893504487705
0.0819708300036025 0.518385850931296 -0.144241594725086 -0.0837622027824738
-0.0295655377967794 0.366369557954623 0.253634888590659 -0.180592060024721
0.215039790952373 0.226997960662484 0.237020900140671 -0.217348816983378
0.260990878505151 -0.0528103997975417 0.072884097226261 -0.375247349993133
0.0285688638428824 -0.222760891315957 -0.23863763118525 -0.292853575155327
-0.148438655412662 -0.167321316356191 -0.367325108217127 -0.0494248946182051
-0.233137417185208 -0.0438503837663871 -0.323879270211405 0.137146141274372
-0.207830950556001 0.101055413608178 -0.217499595388286 0.188588304021717
-0.182752335901762 0.153832250445149 -0.128720047382932 0.148618595613277
-0.205568738529879 0.128227101904492 -0.0763487560923558 0.0407772663401014
-0.298540813934704 -0.00521552631717197 0.0443498077010263 -0.0421937949700098
-0.224869706184754 -0.212260963134967 0.155651695543509 0.0063998131670109
0.00632692028214489 -0.323367419575152 0.0511821129181036 0.147379881582195
0.362060724515951 -0.128093246215443 -0.12501077245233 0.0746577663720943
0.320708248447557 0.278204191636692 -0.141401649810741 -0.0802860024718892
0.0701708078149068 0.43871165199696 -0.116528280849731 -0.210238405902137
-0.0132837699289934 0.244916973863362 0.263295029883901 -0.313925996438476
0.137535313350621 0.152145763965944 0.172630291748552 -0.308068698592351
0.168241311915978 -0.0304644080279078 -0.000952714043998476 -0.36908272795562
0.0292896612018847 -0.133996768843448 -0.255821854811533 -0.264850107326593
-0.0785023750757313 -0.110089138620072 -0.376675474085288 -0.0483302042994668
-0.138505624630886 -0.042878620904985 -0.364395371128376 0.138738344786272
-0.131120682126431 0.0505503339704082 -0.276799121696343 0.219705740643722
-0.11969984380623 0.0849601159025382 -0.184723546391471 0.191380590863818
-0.139556197846827 0.0702142499317454 -0.135144347142345 0.0813270142626195
-0.200393645097691 -0.0204428030359086 -0.0300322110447804 -0.0187581908027666
-0.130608221922079 -0.164966755847674 0.0691490930169566 -0.0076650312658598
0.0430047665250147 -0.215386758229232 0.0070843063146155 0.080628520291306
0.256506454342258 -0.054120079627465 -0.105056029999339 0.00597236333534106
0.201652239906683 0.204387100756279 -0.101534768880064 -0.102409782992413
0.0433687988104827 0.275632085856265 -0.0959480107130302 -0.298285462768439
-0.00201981518111323 -0.0516661502174547 0.0952657464473828 0.341428275634276
-0.0587340828745117 -0.0425424076073644 0.147864515514026 0.126686378084685
-0.0761863120098131 -0.00539066568776537 0.0980987784356371 0.00516552965699756
-0.0344172527080757 0.0644652834389157 -0.000136881303797328 -0.0801645538508943
0.0352879062922901 0.055908152908624 -0.0433388585432833 0.0386395812531559
0.0524836131278593 0.0138083070287654 0.0908758928235732 0.0515099743725197
0.0386842595875905 -0.00891798726682788 0.166074852998602 -0.0740233520242625
0.0312279477421745 -0.00240465181994744 0.20622110278433 -0.191029551364328
0.0389182030924161 0.0086893705100638 0.257315923711102 -0.239020957171681
0.0379715837856121 0.0312995020864643 0.343396824657717 -0.159152233015123
0.011080687868994 0.0562235607465653 0.357565806844754 -0.00515415689313315
-0.0267070598477296 0.0592417047243761 0.264077287077948 0.184301483397801
-0.0753410268264877 0.00532065166984029 0.102941763231096 0.321113678867246
-0.0822799385111781 -0.0655856297007475 -0.0927522844221065 0.331873838704898
-0.00768444790209082 -0.0977457778820342 -0.248007462088417 0.418865574640758
0.0152924249300793 0.13558212661431 0.0995855455131421 0.344988136514193
0.0725706095743345 0.0751562911403337 0.149840877312155 0.139505368737072
0.0788763376153537 -0.0281488226000586 0.12739514882034 -0.00844796833866445
-0.0159718702545753 -0.0750723020815928 -0.00439294095156209 -0.0959876397877796
-0.062683044190863 -0.0358315430411726 -0.0619006077633787 0.0345188721466514
-0.0754773128995116 0.0133854533775445 0.0780915632524355 0.0663237414151694
-0.0591225054865364 0.0575692337711936 0.166098251379225 -0.0573217568793578
-0.0474779942556058 0.0812340289957188 0.203493775821802 -0.17807355242059
-0.0460832193611622 0.0762599770708981 0.245854060291474 -0.232476015332155
-0.0825330776536033 0.0366993111833327 0.332838468090667 -0.166968312039835
-0.0830937618228272 -0.014680596731465 0.3639103392427 -0.0247426964827818
-0.0442719342254516 -0.0514185209504543 0.277944019632582 0.166967389221954
0.0433651169988734 -0.0533844436190926 0.124878206628883 0.315931929480335
0.0467854420860916 0.0362952160958899 -0.0822708792931069 0.33384185329303
0.0135119045376874 0.0963226578581017 -0.235679060469995 0.412163469012457
0.018311465466446 0.288286036049508 0.0990086973460029 0.298072893183769
0.180138069409133 0.175461703446811 0.157846431296766 0.154934564629592
0.214368091283376 -0.0467095200990974 0.185054066131879 -0.049187359276689
0.00422749769121065 -0.195279780834441 -0.0188772879355456 -0.156928121127384
-0.144699084360951 -0.117907395537047 -0.120741966164075 0.0124295266851929
-0.188998086412177 0.00568836149091223 0.0206149554055112 0.0886114829023852
-0.1497002955744 0.112586904743928 0.127522609289275 -0.0191644180781342
-0.118874970820894 0.152798956865424 0.169669220102816 -0.137340117810538
-0.122208881422563 0.133855715094991 0.206549288864078 -0.200636628819312
-0.190692948878256 0.0429768064643061 0.300029355441131 -0.16394562746927
-0.170058276978815 -0.0776930761959942 0.359696308257777 -0.0437066873149282
-0.0662252418490449 -0.155957695462497 0.287710022336393 0.16012514363176
0.152399038976324 -0.117644797726663 0.115651449854778 0.315348092730179
0.176817712954217 0.122557319949271 -0.105314941237008 0.302757565742973
0.044803329379535 0.276159287403013 -0.220585866399098 0.343392015466628
0.00701433639073205 0.387594047011404 0.113797248060336 0.218248493121042
0.250292508647769 0.241006166597608 0.202136206595837 0.136480394532505
0.30426282735832 -0.0679406478015394 0.231036327939084 -0.141096305590199
0.0134398416760396 -0.274567839518362 -0.0658976953362581 -0.235846485534318
-0.199824501841657 -0.173019467039799 -0.202708740027309 -0.00995529047595435
-0.268002621602767 -0.00380334431898915 -0.0641453671758487 0.111975631678935
-0.215749479309778 0.147872872909556 0.0581927390093279 0.0302424378224068
-0.172358789648186 0.200628975606382 0.109097822651186 -0.074095817990893
-0.180129322349065 0.173138400194696 0.145233529028726 -0.147321119265593
-0.274845451890264 0.0469848041154905 0.249689542030543 -0.148651160779255
-0.240888528855955 -0.128576799525138 0.344646135354787 -0.0523151326589902
-0.0846236856075649 -0.247340303764542 0.277747155209415 0.172150577238003
0.248329269015853 -0.17681677176329 0.0681882766237527 0.307952788526368
0.287841611922407 0.190598970385484 -0.150796925010725 0.231636063233307
0.0771764731604064 0.416258038356972 -0.198378154272149 0.220900934997054
-0.00939797950517933 0.434817097692949 0.153516762012493 0.107718213424013
0.278016770713865 0.268645350870623 0.255643643304331 0.0477225751548164
0.337566242375702 -0.081572396744267 0.216187160010766 -0.260509079667585
0.0140246877279141 -0.301480960621304 -0.140970329142744 -0.289203136429951
-0.218164797388179 -0.19466088669502 -0.279565264466827 -0.0210753166070541
-0.301007252097923 -0.0134807529155601 -0.156100573297005 0.131441945316725
-0.24729816852272 0.158776056770187 -0.0297972720306314 0.0868000442343151
-0.199617449981089 0.21950864847007 0.0345339336087462 0.00447742630806199
-0.213339197242486 0.188542979346447 0.072650080950923 -0.0817053479450758
-0.32516844046824 0.0461536778398233 0.188195061152685 -0.120899156290132
-0.282142518772601 -0.166746593781726 0.306714217875805 -0.040605142890773
-0.0860511044137728 -0.316047515523642 0.227449379904721 0.191462293105555
0.32327453103076 -0.211340292657241 -0.0141765088308944 0.269206712720451
0.361955451605148 0.240359963732209 -0.187021502851755 0.120479952870566
0.101487551307591 0.494743077456715 -0.172666196631706 0.0721098292239301
-0.0160454747805051 0.42416519716888 0.202532203480387 -0.0329682848325061
0.269987238772442 0.256508877340395 0.264890782381832 -0.0914454800826494
0.314806802064234 -0.0811369782853081 0.140354801848045 -0.343500449727245
0.014408109477111 -0.277322887275094 -0.207817214076667 -0.295263225275653
-0.201312790165345 -0.186510237614903 -0.333002282306074 -0.0254977783592061
-0.286147126240773 -0.0219171182747247 -0.238745560782726 0.144253250899481
-0.238940777753729 0.145872730121763 -0.120515744441088 0.144028113615379
-0.197408391329775 0.204127884559537 -0.0444874671161863 0.0838652124206595
-0.218482378744289 0.175639448037642 -0.00221442656887735 -0.0140816914825468
-0.332979074989309 0.0340037714047395 0.116695267163959 -0.0826718511951959
-0.282207023033688 -0.192824118475322 0.239650230458632 -0.0181429524310397
-0.0579378738158233 -0.345571222647694 0.139709930416342 0.18704233633943
0.362638230967694 -0.201047267624037 -0.0920519244148315 0.183171566416441
0.378800406828902 0.264203562598068 -0.182838250096159 0.00478882761100207
0.107245707949407 0.498509791973546 -0.146648265929174 -0.0737165740786087
-0.00957407930712566 0.35631207146557 0.235846109074897 -0.183810563504826
0.221048740192895 0.210263566363559 0.218660879966453 -0.219981541242678
0.250565774245292 -0.0665254418690199 0.0506585377604595 -0.369447352253726
0.0146101886379242 -0.216671030042425 -0.244635372210237 -0.273549670482877
-0.15312975228292 -0.151996918531302 -0.356989551409073 -0.0288356416791169
-0.227136835343968 -0.0270991622658291 -0.30401472504185 0.151081078988236
-0.194426571812231 0.110133725023586 -0.198728654110887 0.19299656896892
-0.16621091312331 0.159557738961607 -0.114525388096436 0.150250461813798
-0.191627127398155 0.135945663492431 -0.0719643168174971 0.0449070773750934
-0.288830612879102 0.0131220200357063 0.0380862887486057 -0.0445011802735614
-0.229359865138549 -0.192783538205978 0.148038172251564 -0.00529614851385899
-0.0084913673231864 -0.311020612893316 0.0538664948859471 0.140410128046327
0.344210118700237 -0.143450366134229 -0.11840949635022 0.0818310065210108
0.325124906456654 0.252694087331191 -0.143637480693844 -0.0697539510469818
0.0916639776228105 0.420142684404699 -0.126472932991847 -0.197074934068493
-0.00034118874031533 0.237361679121287 0.239496349713827 -0.31444411311906
0.14242258073592 0.141470364525954 0.153570403232483 -0.304775323218989
0.161770546402988 -0.0389169682277426 -0.0207536172456887 -0.357914550634353
0.020748664166248 -0.130786703417564 -0.258681300663374 -0.244410263984119
-0.0814194652577594 -0.101010482841893 -0.36648109014109 -0.0272582945033565
-0.136444207316296 -0.0317398334435389 -0.343924887934139 0.156120739055299
-0.123790221731185 0.0574643397337996 -0.25348159738516 0.227345621906858
-0.108769686277382 0.0900737610937696 -0.16582362955722 0.195111903537086
-0.130826013068848 0.0765543613590104 -0.126882296665257 0.0870513849775268
-0.195147630229258 -0.00757662972024717 -0.0318250048962073 -0.0170213789114305
-0.135601062789425 -0.153291429044321 0.0634408846705597 -0.0127295734154674
0.031589552463816 -0.208681772271071 0.00897123087590531 0.0780171931347555
0.244113948228962 -0.0648503989099018 -0.101927613140619 0.0154820124671952
0.206279697063323 0.186126288790715 -0.105977176378143 -0.0927495816497573
0.0566038648150966 0.263431907614962 -0.111378221235512 -0.282681312051628
-0.00563441113333867 -0.048356943432507 0.132761648904011 0.31731030580403
-0.0584241193886092 -0.0338145248705094 0.161318449352333 0.101156386187196
-0.0729519190347432 0.00441097018513427 0.0993654341402631 -0.0103686090674812
-0.0257197531998561 0.0644643009873347 -0.0117743414288363 -0.0774767224043989
0.0395379506319803 0.0476937757833958 -0.0345839974131718 0.0390421241860706
0.0511455837972356 0.006146135111821 0.0937152918605509 0.0342310221532899
0.0363455357614859 -0.0138119740545189 0.149092405451246 -0.0927252198929233
0.0290643690231989 -0.00621699702051999 0.167715553704004 -0.204247353094626
0.0361121359565649 0.00251104520572793 0.211152806257346 -0.256340764068511
0.0362943368865087 0.0238378681449194 0.302026236035405 -0.195836493884112
0.0149346131051496 0.0496471982891427 0.337121016465396 -0.0485204172884418
-0.0180765624476537 0.0537747822335494 0.273246943034638 0.145629030192952
-0.0671500983297201 0.0121009497615066 0.133221996480364 0.29238304253304
-0.0785750791522057 -0.0506407385540502 -0.054921533298335 0.32376932781701
-0.0129342755556312 -0.0872468552174707 -0.186211981831438 0.424442575103118
0.0355462805814834 0.129627248922978 0.132670612177309 0.30464155814342
0.0782389603439737 0.0640694261107401 0.16015411245 0.109908371067366
0.0712512825734215 -0.035585375753739 0.117008726640527 -0.0266448003027173
-0.022080261351811 -0.0683581572924875 -0.019750249278699 -0.0879022440211537
-0.0633213467912402 -0.0273408122589295 -0.0518940391450767 0.0435840060032186
-0.0694468433549335 0.0210024544639325 0.0854782216237651 0.0535600950168382
-0.0470845119927512 0.0596309601155163 0.152397711167231 -0.0738333261937887
-0.0329265961715544 0.0814603300068804 0.165885008837508 -0.191534441144835
-0.0340463994159203 0.0763112608892239 0.200771776661174 -0.246743958940038
-0.0748373748218949 0.0445672309102226 0.288994127869951 -0.199981164077859
-0.0826476318674091 -0.00357465692429355 0.33895584263205 -0.0652056237368815
-0.0475284759177649 -0.0463065991537983 0.280174127787235 0.126940372622888
0.034757561476474 -0.0596814868903036 0.15320900168686 0.280654441330438
0.053950508759099 0.0261785553355447 -0.0368129176519749 0.324488000267477
0.0321638527115161 0.0887213313026502 -0.174444424335607 0.424044720101345
0.0579624415654464 0.276101074900349 0.123252827231593 0.249010422361662
0.19106537088786 0.146882044919698 0.164045423756475 0.120648386137498
0.196975885666888 -0.0692266149744465 0.159986141905611 -0.0717067424325476
-0.0163440715595119 -0.18361466397753 -0.0438674054294332 -0.140163536374969
-0.149666719226818 -0.0957941611371003 -0.109665664951946 0.0347538712588429
-0.176909118302534 0.027645454873463 0.0362783331119951 0.0849115211915356
-0.125334082931361 0.121623521265293 0.121511373664832 -0.0299642666214382
-0.0909811355100438 0.157136889868757 0.139871332781269 -0.148802915295895
-0.0976147377972022 0.139651179702022 0.166537583984045 -0.210141245462098
-0.173813483507068 0.0652449946240941 0.256879306504314 -0.190857127430122
-0.172748410831943 -0.0510766395304803 0.328862254337601 -0.0823181582565729
-0.0803695490585419 -0.140179518125461 0.285488159518593 0.119102807651914
0.127921257704881 -0.134616179213831 0.145196035978729 0.278170623088103
0.184193207863678 0.0907843379469245 -0.0541939163037531 0.29878806601858
0.083938848561189 0.250275012025161 -0.167607112482909 0.359672651985812
0.0594271396954194 0.374313287494726 0.126145851977814 0.163265950421351
0.263880886493531 0.201959878388466 0.201418222802711 0.0973036766405376
0.280009451170904 -0.10055448855434 0.186700144482624 -0.164296485336142
-0.0156268491140662 -0.259709351697386 -0.100067500837194 -0.206363430028959
-0.207865237487192 -0.141346286476454 -0.189990494966255 0.0265691818871324
-0.252513252115182 0.0280971561320323 -0.0396902303898944 0.120244509031032
-0.183230872724954 0.162425487772112 0.0620494093429867 0.0282730597660716
-0.134693091067605 0.208863609583688 0.0927038112492449 -0.0814531011547494
-0.14690117562639 0.184187921770094 0.11587752365569 -0.150906573228769
-0.251528271974196 0.0797532316322472 0.210053682003987 -0.168290010914613
-0.244536361009952 -0.0897682636556494 0.311493628200809 -0.0866242539405315
-0.107386368362192 -0.222703871373467 0.274445619679057 0.131406837349927
0.209642346976404 -0.201386245711617 0.099931112529869 0.273753126354986
0.296690145014001 0.141818442198652 -0.099898833197788 0.236746467349227
0.129523718459289 0.374494936208521 -0.162219609253163 0.246452753132559
0.0497750322202843 0.421569024116792 0.151834123983078 0.0501756521710178
0.295095282088683 0.225696165900147 0.240082040376005 0.00628163076497438
0.308482592200957 -0.118608394874158 0.155914463895723 -0.273970623591229
-0.0188147680811601 -0.284976143395609 -0.179025537728898 -0.245823319351906
-0.227878074803638 -0.158976182613661 -0.26476648342851 0.0266092367948258
-0.284108595991121 0.0241172057841611 -0.123930890351263 0.151761897671069
-0.21169661936476 0.177311122393725 -0.0148417469087865 0.0937444669967015
-0.157532799760006 0.230346160201129 0.0323173320438518 0.0010573553525364
-0.176817553062566 0.202731223520093 0.0569134937402955 -0.0792440770544748
-0.298177301491749 0.0855764179632608 0.154951864588185 -0.132099411617405
-0.288366249025577 -0.119699674876257 0.275486062835653 -0.0709152367707799
-0.116164581732247 -0.28625755467667 0.227079075615287 0.154059596107064
0.276859993134996 -0.241142573149756 0.0177675991721444 0.244992281552114
0.367013404917948 0.17916070627382 -0.144039967487012 0.137384380861404
0.158492312731711 0.444068208471627 -0.155046097081901 0.104505446169489
0.0430753738071678 0.411128671395684 0.182387844113404 -0.0887063953003366
0.284664272993753 0.214878514951707 0.231337902507006 -0.125582895781926
0.287401327388291 -0.116461191132656 0.0742275133673029 -0.342489124306062
-0.0178561460404419 -0.262670185482626 -0.241842853836981 -0.242882613585163
-0.210781177466714 -0.152145171473849 -0.314516766069941 0.0290825952501274
-0.270959857274918 0.0147527680885366 -0.202385600419455 0.174190566986815
-0.204643001132183 0.165356008450619 -0.094312189986955 0.159446736089734
-0.157304534375828 0.21656060957951 -0.0304628692593612 0.0853167903817243
-0.182409362380364 0.191894181071544 -0.00575591535478468 -0.00666128295068468
-0.30616154021716 0.0745566444003489 0.0916244433107039 -0.0865274594204896
-0.289350672517764 -0.144514006382864 0.213179852219027 -0.0408746770399691
-0.092205675009419 -0.316023613441309 0.143145951301874 0.159443679934447
0.314608085866405 -0.235318747966768 -0.064885243173096 0.171616388920654
0.383179807209025 0.199985603406206 -0.151874960831865 0.0284984587520797
0.163961120053242 0.444568678926819 -0.148178458238445 -0.037188274507931
0.0390602100244578 0.344371948445244 0.195523242130196 -0.230726126179029
0.234650382872153 0.17430461126273 0.17347517621277 -0.239898960076712
0.227215104669937 -0.0947742345200279 -0.0110031007798477 -0.355246064126054
-0.00984336890380365 -0.20548121123829 -0.272105204346856 -0.219828323040489
-0.161061365407552 -0.126643938790515 -0.33954348488846 0.0269403171714671
-0.215747653785561 0.00308545502407192 -0.263952849618036 0.1870153043142
-0.168638208414751 0.127898147258206 -0.163986977146461 0.215425785280978
-0.133311561691592 0.169860247761271 -0.0876508528425969 0.156242412640139
-0.161687132769505 0.151727365488816 -0.0637814649886691 0.0565042243801695
-0.267836648360907 0.0499901919152095 0.0236778292745588 -0.0417883232582358
-0.239952077614477 -0.15246839873462 0.1293089938187 -0.018661397857083
-0.0417905585526386 -0.289173691311559 0.0584806851182705 0.124075973984782
0.302161179158893 -0.176807590515088 -0.0995090780897735 0.0816073719844804
0.33075739930005 0.195584666900537 -0.126265280900887 -0.0444680339055175
0.137148524259284 0.374907502951429 -0.144022724916181 -0.158186532970562
0.0303652124130513 0.227736682138897 0.185634242571176 -0.343344420127595
0.151647656991972 0.117394938140707 0.103248339931898 -0.310108584056908
0.146215539698721 -0.0577520158375942 -0.0727127095992606 -0.337102949530604
0.00495657376633398 -0.125178976415973 -0.279980533107402 -0.19246815334008
-0.0880806662066204 -0.0865321955734717 -0.348266992935359 0.0265403442816859
-0.131008736797726 -0.0120099210344327 -0.303361394423702 0.193536524690192
-0.109112516552754 0.0704137672165673 -0.212459083681618 0.252534368143807
-0.0903093581921653 0.0981931171605648 -0.130520584489969 0.203979785488605
-0.113165689409212 0.088163312788023 -0.108734460479966 0.100199959098836
-0.182031490546872 0.0176676933217167 -0.03730916881468 -0.00828922980568053
-0.146365848897508 -0.126141768357145 0.0510936801561755 -0.0181636568853877
0.0066926825389492 -0.197648147936357 0.0122306571943855 0.0706212516373153
0.21802914213126 -0.090556517856949 -0.0916373965419266 0.0229844347764201
0.212394935909654 0.147976492222415 -0.100985500618888 -0.0703645667601727
0.0840466189071736 0.234531423174446 -0.140761573054598 -0.245142357159417
-0.00391996161384616 -0.0471435099681559 0.126008766637202 0.305420240919274
-0.0547126857391901 -0.03295652745945 0.156986736417978 0.0957286546315269
-0.0698373387715698 0.00454357274649735 0.096764047799482 -0.0128504487215983
-0.0242666438809763 0.0614958790073533 -0.0123616541759006 -0.0740788759080254
0.0382254030901601 0.0450478245141703 -0.0310363584800045 0.0377076617774678
0.0489311645199235 0.00590174271506526 0.0910072992192383 0.0313208651023032
0.0351086232830194 -0.0135994782672204 0.141614477175656 -0.0873686680375442
0.0285714775381002 -0.00600660613241066 0.157736206347638 -0.193293190217412
0.0340845878216097 0.0018349563973049 0.198053436739642 -0.243912272832964
0.034665407111284 0.0226608638405741 0.285296823353409 -0.188018465139811
0.0146644526273796 0.047445686980118 0.319294535986685 -0.0462039899687002
-0.0173088777688789 0.0505483495017569 0.258562830594194 0.139759300844423
-0.0641079470778033 0.0104907204023867 0.124727378133572 0.278349648395513
-0.0740461132218976 -0.0487890269417791 -0.0572207632068287 0.308900478181189
-0.0104706415030498 -0.0844671675936406 -0.179327121386149 0.402679832908485
0.0344558925253272 0.121915824905086 0.125906003527603 0.294586983549898
0.0744931778211242 0.0610890475432431 0.155213170992361 0.104324357944513
0.0678676985315238 -0.0315571319829995 0.113257657825524 -0.0282631994600057
-0.0204118572602043 -0.064808256466699 -0.0195898701770791 -0.0844400374446938
-0.0602172239769743 -0.0267562368042302 -0.0486135708513339 0.0408104588739662
-0.0656114761216886 0.0197495642998816 0.0831814156881416 0.0499154372455375
-0.0441705832429038 0.056662125946783 0.144216726828566 -0.0699884148838016
-0.0297558969986343 0.0771533711841312 0.156674811540187 -0.181362306798886
-0.032078493003864 0.0713914630945838 0.187966393116298 -0.23455723649559
-0.0720690834000667 0.0437014724071808 0.274043387883403 -0.191494386022619
-0.0791524589101365 -0.00290671704162275 0.320620559232333 -0.0642338586546702
-0.0461365205868195 -0.0442920780312263 0.265826025990834 0.122690107293568
0.0327078679136302 -0.058563894945226 0.143319252955971 0.267482957034346
0.0526747659269829 0.0247525932796575 -0.039966416284117 0.309820077649404
0.0317402074450057 0.083902913673881 -0.168907354395691 0.401534504137991
0.0544594427311299 0.261857869258882 0.116580865222056 0.241342486015199
0.180518349653301 0.141651828506704 0.158122990258219 0.115903964099038
0.188775854972203 -0.0639392879403964 0.152800930036114 -0.0707057046149084
-0.0137939652152253 -0.174343982737147 -0.0410084588203056 -0.13428858544986
-0.142549462133461 -0.092250079576199 -0.104528633049605 0.032064636839449
-0.168348223591138 0.0265132106431997 0.0364929522544937 0.0795352142821193
-0.11870134914393 0.116005793861135 0.115225628152284 -0.0296898160158809
-0.0835793744516942 0.149126179564264 0.132029136250071 -0.141681379715806
-0.0921321257637919 0.132461445752271 0.155855924011447 -0.198591698313364
-0.166075479635053 0.0627817204805203 0.242623093490317 -0.182653185776163
-0.165559606385929 -0.0472387043155948 0.311824050010538 -0.0796127859719427
-0.0765970760534004 -0.133592181919307 0.270409498238981 0.116146236746808
0.12173208273761 -0.129934408157527 0.136256073972278 0.265545112791919
0.177225532636419 0.0864985837743757 -0.056902933136644 0.285491899807162
0.0803476255701021 0.238682921569312 -0.1624912930805 0.342198389052912
0.0549774557553964 0.355613378889251 0.120516681402957 0.161029202258046
0.250500027791365 0.19581862762031 0.192863573583381 0.0949642879751104
0.268437928716066 -0.0937846023512992 0.178471937976989 -0.157809978503268
-0.0136239289149957 -0.247065913314079 -0.0936572313562451 -0.198677597076357
-0.198029879816256 -0.135809064496324 -0.181489198467323 0.0237671859006917
-0.240011571057536 0.0273520813410511 -0.0365030351012205 0.113707761420779
-0.173727058393709 0.155131174706125 0.0588928876778512 0.0262115110992088
-0.125019782360468 0.198620193841412 0.0875155304585163 -0.0772065146491473
-0.139169534010571 0.174454134953057 0.108364160518472 -0.142440650255883
-0.240222411960572 0.0784326180500114 0.197902063066858 -0.160749942573193
-0.235020285997447 -0.0838731746022727 0.294087765698024 -0.084934940744623
-0.102136002835998 -0.212466502179288 0.259308579074695 0.128121755956887
0.201144609352785 -0.193595040105103 0.0917715533195736 0.262397178838897
0.284393458500787 0.135148459776562 -0.0997265923879323 0.226031748975825
0.123532079381374 0.357494697273489 -0.156950671499814 0.233378361824115
0.0454051251387956 0.400432201294938 0.145071992714444 0.0530453218412537
0.282039934368601 0.217043434444963 0.229313698733733 0.00854750380397281
0.296606509814507 -0.111752865696865 0.148928456929047 -0.262673319172339
-0.0167112504933946 -0.271507272233535 -0.168214441290144 -0.236696961141495
-0.217614860343421 -0.152161902639392 -0.253395096445456 0.0238793447723013
-0.270717952966435 0.0243056278164609 -0.11705340721083 0.144275716677758
-0.200170818968026 0.16994274257934 -0.0140598597599062 0.0884418003806392
-0.147501759121053 0.219054382486105 0.0305784531240994 0.000318285260340996
-0.167178905702512 0.193204511908074 0.0521415443642396 -0.0745163545387813
-0.284597184700167 0.0829235244720692 0.145582662691602 -0.126390325404738
-0.276656461245084 -0.113953502384999 0.259799097674874 -0.0688045199429709
-0.109462553437509 -0.272877277822952 0.213734240129658 0.149993000866661
0.264168477372385 -0.229955258394568 0.0139385731658787 0.234540261309266
0.351871201182163 0.172290915450274 -0.140607703278712 0.131590075105846
0.150247612404372 0.423287791412523 -0.149870437406522 0.0983967529693169
0.0392857326894679 0.391740636759504 0.174497371412628 -0.0797374630415281
0.274209756517598 0.206490377845375 0.222251682797372 -0.116853292045897
0.275146837287661 -0.110874908691708 0.0709506317438655 -0.327692617030404
-0.0162070898479678 -0.250197699941115 -0.228896142870536 -0.234924703391619
-0.201163297139067 -0.145438724459162 -0.301245015490639 0.0259094707876166
-0.257806271716223 0.0156261664492828 -0.191757850867374 0.165935715255605
-0.194092292310314 0.158202172040603 -0.0900090895638137 0.151129700219347
-0.147798175861573 0.206187111632636 -0.029007988342145 0.0813013155580563
-0.173902433891389 0.182224271583963 -0.00658209874245225 -0.00553087589512667
-0.292342599061845 0.0732737250335255 0.0854603048537947 -0.0828860248077096
-0.279031359753919 -0.13816741054093 0.199915588405915 -0.0402470937455951
-0.085910815190274 -0.301513121521141 0.133366139939607 0.154223775608984
0.301664762184121 -0.223200209072498 -0.0630243264856199 0.16537552467603
0.366630600536411 0.194167287245828 -0.147434971764131 0.0272243558425501
0.154459517194428 0.423834652125466 -0.142180926303925 -0.0353774017791709
0.0360970654274872 0.328883771341573 0.188960114364707 -0.215890885345559
0.226205137870977 0.167841757929359 0.16782966735144 -0.225770165536135
0.217916596391854 -0.0912119630270904 -0.0102007172123346 -0.339681917527615
-0.00916874517542047 -0.195132617941077 -0.258087155960269 -0.21242715096344
-0.153073515909544 -0.12029590800597 -0.324194463770132 0.0240257237516728
-0.205927894785889 0.00360607134245903 -0.251164103642243 0.178672734638506
-0.159081854915645 0.122855541462394 -0.155309357693042 0.204585421566649
-0.12512582880306 0.162184855444105 -0.0836375069317329 0.148773010342295
-0.153802057512129 0.143856162358334 -0.0616935534001032 0.0549901928689012
-0.256097471957161 0.0492434747116172 0.020244668018875 -0.039434728379455
-0.229787781185233 -0.146435818132977 0.119584150042158 -0.0197228054995245
-0.0364854323543614 -0.27518007960057 0.0543051449244158 0.119663725424903
0.288724552267475 -0.166096940999893 -0.09487470205792 0.0793769597745201
0.314292608334199 0.18800144329156 -0.1221732768468 -0.0421967608761842
0.128831296463406 0.356609619825201 -0.138020710792181 -0.149575340579707
0.0283983788800998 0.217662493614346 0.1793023668093 -0.3243716244114
0.146505688102573 0.113738084856113 0.100321372991183 -0.29296848191985
0.139885315447402 -0.0551230035148476 -0.0691655068225727 -0.322078745934633
0.00559748365956755 -0.119028261767856 -0.265754629997973 -0.187487260749288
-0.0828732316547994 -0.0821765854188359 -0.331875454744939 0.0241861061121824
-0.125202251521885 -0.0113125610675137 -0.288473822950648 0.185327462157288
-0.103616618723213 0.0680370016018871 -0.201278584326863 0.239967152244245
-0.0847135406326558 0.0942227709786007 -0.123868274888298 0.193927530759316
-0.108208575753854 0.0844012878051292 -0.104895281907493 0.0969364182400604
-0.174146652363763 0.0175830767449357 -0.03824506364577 -0.0082617577986862
-0.140305232951318 -0.121463926616306 0.0450874611843502 -0.0187215418715946
0.00873973452607774 -0.187214014231092 0.0102310457173355 0.0686212631086975
0.206931928855143 -0.0842914766830886 -0.0865562609871492 0.0241767920543328
0.201943128977155 0.141715819140408 -0.0974275090196076 -0.066028211458568
0.0792785813458565 0.222523395016633 -0.134789886637203 -0.232426063437913
-0.00177800863477659 -0.0477834563799401 0.117349768986986 0.305762129752298
-0.0524222211421487 -0.0338845914524745 0.154512768797036 0.0968989032649591
-0.0680434254376725 0.00301921812428763 0.0967893787246975 -0.0141240101020324
-0.025505212108915 0.0600483823579367 -0.0118722117768315 -0.0726239068304488
0.0359872029508972 0.0441133629371653 -0.03010216711625 0.0364378456497072
0.0477961274908575 0.00628660823325736 0.0903951479374242 0.0308766965872135
0.0350508522684056 -0.0129544031367486 0.139934937151184 -0.0812094702460271
0.0291086272775907 -0.00580291267819432 0.157972721041068 -0.1854440818332
0.033710188723091 0.00216723413038708 0.197199231358443 -0.233446340282737
0.0325946283451391 0.0228162702584413 0.282120363126631 -0.179167208692225
0.0140537447563819 0.0472723746273055 0.313794812284554 -0.0380808471180154
-0.018690391751133 0.0481893412159038 0.249582302460273 0.144973862017195
-0.063742154859479 0.00763584637913786 0.113506712360031 0.274857410494337
-0.0710853947708341 -0.0496815396358246 -0.0677889009020275 0.301517250856772
-0.00649172204944096 -0.0839777795645335 -0.187898650615254 0.388666026359891
0.030535546735589 0.119524437847606 0.116917453839049 0.294704281482358
0.0710072592273066 0.0620716304018521 0.151214644525213 0.105809519116269
0.0674927134196858 -0.0286628388233616 0.112594971031777 -0.0281468407797756
-0.0177809578422456 -0.0635351931737009 -0.0176876923930403 -0.0835268869635614
-0.0585748406051335 -0.0288187674071329 -0.0489926321876489 0.0387525355100402
-0.0649885114306623 0.0179913801560864 0.0828469371506959 0.0490818303949856
-0.0439246214023487 0.0546226239273134 0.143437925022428 -0.0655790095249042
-0.0290551175703523 0.0744570203800879 0.156865557662745 -0.173738613234454
-0.033180588754685 0.0687825830845536 0.187300707099766 -0.224559381067245
-0.0717761769784204 0.0415135718925817 0.270500672432623 -0.182919419554136
-0.0778945487012417 -0.00349667582928754 0.314606358993111 -0.0561588854397034
-0.0439716905469292 -0.0445349094472399 0.256412971566075 0.127922790068094
0.0328498480865055 -0.0581763089127403 0.131416265598577 0.266020100611125
0.052251450700877 0.0247212287640829 -0.0504002491337893 0.30315654927672
0.0303574295471776 0.0823478838566156 -0.177868783489831 0.387362779315205
0.046153096927703 0.256210004502379 0.110010033420177 0.243628973170775
0.17311115947173 0.144037295288513 0.153921763022296 0.118175599971675
0.187373696214908 -0.0563351756885309 0.152470898054363 -0.067552990754911
-0.00768691083382778 -0.17125552383231 -0.0373475278789781 -0.133683225403981
-0.13769826052391 -0.0947387631304068 -0.102910927087913 0.0287614796445534
-0.166125237039625 0.0228804144519537 0.0355507401152414 0.0777234985200877
-0.117887526887223 0.111192987126112 0.113452980999988 -0.0272554294892336
-0.0839524401914076 0.143582342454551 0.131815526012335 -0.135478074978946
-0.092909156366016 0.127060326250976 0.154909328510876 -0.190853416051554
-0.165209931755677 0.0591088142545022 0.239105166825548 -0.174055864449794
-0.162195722502868 -0.0484430417801787 0.305594813241299 -0.0725928808403613
-0.0723809822362652 -0.132552583020538 0.261158441226599 0.122162505019356
0.121753575377738 -0.126080504231782 0.124887092312118 0.264374544845268
0.174327211176113 0.0881144642213682 -0.0675319298064846 0.279068438112636
0.0744440565838049 0.234934658812678 -0.169902368788614 0.32989960353154
0.0442196127313757 0.349018935931466 0.114410276327322 0.165243060204197
0.241109517990003 0.199087220284238 0.187536769550283 0.0997624361054643
0.267006180410429 -0.0846871524778649 0.178760320115382 -0.151805138160859
-0.00633323800214042 -0.242929917730076 -0.0868401343093465 -0.198438269015021
-0.191625892375109 -0.138044525960782 -0.179362892674014 0.0189318576394801
-0.236281044642426 0.0221663581611058 -0.0365333734152012 0.109638565710675
-0.172970623927363 0.149087364017191 0.0575428731435871 0.0258235305846891
-0.124915293465944 0.191739337072507 0.0859731072302096 -0.0737934660903427
-0.139635265722489 0.167508839966011 0.106616690194973 -0.135467933748284
-0.237863135394834 0.0727053568095384 0.195822000690388 -0.153994864989691
-0.229687073805655 -0.0861262499648263 0.288171201750475 -0.0781693723937054
-0.0952756604130228 -0.210262785913147 0.250408722994945 0.134078167065145
0.201870713825721 -0.18668806241818 0.0814343383511533 0.259680848794885
0.277656592615227 0.139325500216527 -0.107434397700195 0.220085084287601
0.11277609904115 0.352695620293544 -0.162099491798694 0.224358158945586
0.0343192468597955 0.392794746602149 0.14135442633105 0.0594377088480237
0.272546471598282 0.221687598038832 0.225900974018538 0.0171201937721273
0.294366506738928 -0.10233778781362 0.152251288214451 -0.254066793246693
-0.00963790103698951 -0.267005003668859 -0.158540011520852 -0.2385149435843
-0.210309701773191 -0.155010702695481 -0.249817917587273 0.0165502922410089
-0.266311787357189 0.0184585070788119 -0.116521430653618 0.138337588549556
-0.199166227018204 0.162877998737471 -0.0157695436337802 0.0856973784607746
-0.146716649949668 0.210746063304067 0.0293095430414149 0.00114235027966092
-0.167528147523367 0.1848217598954 0.0511601356043472 -0.0699645893049888
-0.281690266627219 0.0768034631166395 0.143155310070987 -0.121043811108312
-0.270486106744546 -0.117709432600776 0.252593838550069 -0.0636814955399263
-0.100015454632747 -0.27071899688145 0.204190878297346 0.154376127663819
0.265577473685094 -0.220697559895355 0.00596573811818601 0.231651969199953
0.34459487843426 0.177531313886571 -0.143961212274965 0.126043426858995
0.136281119764068 0.416864836591135 -0.150860026498785 0.0932672232617965
0.028849764171064 0.384239661920936 0.174087705082351 -0.0702893124173669
0.265949034537781 0.210266370738777 0.221630191580575 -0.105617173030095
0.273637651008539 -0.102965504558597 0.0781746511620225 -0.320240975313481
-0.00994511955836272 -0.246333157500341 -0.218437374301945 -0.23855765382818
-0.19385177257187 -0.147181498000848 -0.297580407998208 0.0171948588704306
-0.253224417167215 0.0103694975606461 -0.190195559973665 0.158296121795745
-0.192959003745996 0.152297769917991 -0.0911075274113227 0.14473980918908
-0.146357542602489 0.198541692858332 -0.0306848798443073 0.0788018736163509
-0.174493710980354 0.174955269350976 -0.00710918193312034 -0.00368984992252166
-0.289056376008508 0.0666129734747869 0.0823506321703697 -0.0794205006739163
-0.271661893173747 -0.141350212277296 0.193557433288749 -0.0367032629033287
-0.0755012045786207 -0.297528461846898 0.125946929000632 0.15620007216051
0.302283900892254 -0.210471849958026 -0.0672525858483631 0.161398106632427
0.35654509281106 0.198929360270832 -0.147179057010571 0.0234750914829859
0.140021488564772 0.418838307138698 -0.14023141829085 -0.0374085734160829
0.0268525946506398 0.323779284357609 0.191453544117937 -0.203735316565677
0.220277727579253 0.170166200897657 0.171108674996311 -0.215373401902724
0.21605674962317 -0.0853862711842791 -0.00220028461587777 -0.3341029249177
-0.00504888168708536 -0.190784341385894 -0.247239450766294 -0.217243476858828
-0.147390811780054 -0.120889910977673 -0.319506634285812 0.0150640665855502
-0.201279429964751 -0.000130625804543564 -0.248323501590882 0.170079942513019
-0.158754257585128 0.117778259844905 -0.156180206226691 0.196246780122025
-0.124221291299571 0.156054790341944 -0.0852410510205276 0.143908888984829
-0.154171340676207 0.138452289282137 -0.062141984139271 0.0536188538116902
-0.252959630435729 0.0427616617576593 0.0181483528822413 -0.0376786190591869
-0.223341780728186 -0.149224280391925 0.114280867636056 -0.0180722632048895
-0.0271689878469515 -0.270916908826465 0.0483986668215406 0.120464657651635
0.287098214301263 -0.15430566536492 -0.0954565717085653 0.0775416525893665
0.304462760873704 0.192716196802457 -0.120637590576478 -0.0428105466629596
0.116975496008527 0.351098820351024 -0.132581288827708 -0.149156741257321
0.022842783958339 0.214729385136402 0.185507371383793 -0.312094897901529
0.143107568181906 0.115306021733035 0.107017769188541 -0.282898245583984
0.138064109609299 -0.0518014736542916 -0.0602733223226004 -0.316674246430826
0.0074458048603509 -0.116521593255869 -0.256166771189822 -0.192770470484384
-0.0792985836050056 -0.0828630471823739 -0.326824067254781 0.0144274584117228
-0.122295623413707 -0.01342643484774 -0.284856455816523 0.175669265736351
-0.102960418225068 0.0656319372019618 -0.201643080230655 0.230568534710229
-0.0835170493750305 0.0902214720879368 -0.125056070289016 0.18786956083581
-0.108141558293111 0.0811892125543035 -0.104367989811473 0.0937380319345548
-0.17152146580515 0.0134019150028695 -0.0394141601585009 -0.00884914051239404
-0.135092150942826 -0.123313273635847 0.0429822043311432 -0.0178456113535242
0.0152914856677176 -0.182912608186801 0.0081971490029739 0.0683707766306157
0.204300452779394 -0.0759825292518718 -0.0856192674355255 0.0245040329908789
0.194505195506836 0.143646753923374 -0.0960750624977491 -0.0650462626773392
0.071403566369673 0.218148808796423 -0.127214201668987 -0.229656416112133
-0.000263216933507214 -0.0491469130436557 0.114050743661695 0.315849719245748
-0.0517463178503909 -0.0370071362203029 0.157426059319444 0.0997423646600499
-0.0693639702030958 0.00181258119741594 0.100013990687175 -0.0153847176220003
-0.0274286555803636 0.0602179863248025 -0.0112331508875907 -0.0742342330682228
0.0355215334812261 0.0456824645692687 -0.0299185916058956 0.0360287770433094
0.0491888624982377 0.00744318020310978 0.0936790381596489 0.0313385728077869
0.0362483773041044 -0.0125668445620001 0.14453650293031 -0.0800547853726275
0.0305273219662667 -0.00618775024372389 0.164016551715955 -0.184513108902242
0.0338608837750214 0.00216207883069374 0.20301219574758 -0.232362322201788
0.0327782179776173 0.0236806400901166 0.289296747671949 -0.177282624234964
0.0137668418817182 0.0478024711696999 0.318932484045864 -0.0323903123356136
-0.0204425659670179 0.0478634561374903 0.249952118915467 0.154528131072898
-0.0660143718266932 0.00520670180870324 0.107173451147242 0.28237633480785
-0.0712823862867867 -0.0523313521402614 -0.0784868281683287 0.305368862846145
-0.00342892373593768 -0.0866389478215692 -0.201384065618216 0.390298636162505
0.0279371797744006 0.120336676965129 0.113234221788046 0.305288061705095
0.0706342956864844 0.064204729112582 0.154111390434675 0.11036488486545
0.0694732666068554 -0.0264627652800274 0.11567669701066 -0.0291365486288646
-0.0160037100263932 -0.0643936446511082 -0.0168626543110984 -0.0863247173893111
-0.0590090566502976 -0.0306350813362987 -0.0495479406268025 0.0387353845613926
-0.0662341275523351 0.0171830009054016 0.0856281119378292 0.049828175302652
-0.0450430921140908 0.0542462335459187 0.147017115095738 -0.0641299766782999
-0.0292856091164427 0.0746082474869652 0.162018703761922 -0.173060814748193
-0.0349371282881656 0.0689642861541713 0.192797209697798 -0.222864405428777
-0.0744150375927352 0.0414214121652806 0.276539136969525 -0.181031469804714
-0.0789428842626044 -0.00456538879333339 0.318831705930492 -0.0511673100055159
-0.0447441885992246 -0.0461386761311186 0.257383238045819 0.138151467730362
0.0336903702853642 -0.0593574474597387 0.1266209206843 0.273286185602594
0.0539932345369897 0.025622998680662 -0.0617353879506752 0.30834662304736
0.0310024341171695 0.0837294746720623 -0.190909227433016 0.389997900121488
0.0406798153278989 0.259900264815261 0.107354995759937 0.253313875115808
0.172322520709693 0.151923426548423 0.155350792554644 0.124138523533606
0.192888000405096 -0.0525640309029545 0.155954829768456 -0.0675117212086436
-0.00302885052421259 -0.174207389505592 -0.0348648644340094 -0.137778407555311
-0.138752352297945 -0.100863320701457 -0.106486967123318 0.0267388789365596
-0.169071570684033 0.0199458227857597 0.0364986900336289 0.0785040138053093
-0.121643211982401 0.111654027413219 0.116134020164753 -0.0255574853361173
-0.086213977101902 0.143696072600974 0.135521118878616 -0.134456624735205
-0.0969123113492348 0.127000565031675 0.158493197203942 -0.188350278273023
-0.169851653483025 0.0583365883203859 0.24498618194236 -0.172912213357473
-0.1648618507134 -0.0516535806061954 0.309825110242603 -0.0689885831941301
-0.0711304533972428 -0.136141611019739 0.261472117176874 0.132415352911823
0.126551175102523 -0.127879991177036 0.118550116041509 0.271929649655939
0.177672261542923 0.0925537604149063 -0.0779549313062416 0.282733102158626
0.0714542939627721 0.240339866396528 -0.182198454401027 0.330114626814343
0.0362354300711539 0.353742773865064 0.114086510574104 0.173828760444704
0.24115613248473 0.208598526581358 0.189244117869688 0.107334173095616
0.274266457472654 -0.0797425973008923 0.185038399774429 -0.151955218531824
-0.00017779515126095 -0.247650561426924 -0.0833889377911339 -0.205806101624139
-0.192192903506623 -0.145551832408879 -0.184015854727809 0.014879767695959
-0.241064921596477 0.0182551682669334 -0.038040708439997 0.109512594681533
-0.177971838653912 0.148557206092571 0.0568719243057857 0.0260249485917087
-0.128218181119273 0.191645908722421 0.0885205755669294 -0.0732366487309835
-0.14475932582512 0.167231447226108 0.109745282750144 -0.134544157085561
-0.244452802390881 0.071432483689844 0.199526228282571 -0.152269972748756
-0.233452514042255 -0.0910653084167789 0.291138416622509 -0.0752300856726631
-0.0919453258571293 -0.216363120299297 0.250362680060491 0.144277377317455
0.208927206358883 -0.187261279810583 0.0748899082662654 0.267788683677394
0.282066576093023 0.147032017171878 -0.117029242715084 0.222147121816346
0.107036341633304 0.361570947962624 -0.170981419022872 0.22445519499032
0.0257134148995249 0.398384138806727 0.143137410047035 0.0683073197060716
0.273701358088101 0.232013248121231 0.230688032155681 0.0252505683903955
0.303817267990652 -0.0983729782931016 0.159547036853502 -0.255524222250786
-0.0032963388607971 -0.272195072617883 -0.155741245917395 -0.248731377212492
-0.211597262297306 -0.162214374391317 -0.256428555440417 0.0104086814026786
-0.271827869719101 0.0134802084999445 -0.120089395803825 0.138113692541094
-0.205088357909902 0.162800821700981 -0.0180528381315019 0.0852949483409612
-0.150696664091823 0.211172562172597 0.0290444173907761 0.00220029801263355
-0.174106078238079 0.185247778238116 0.0529765013462785 -0.0683016280078504
-0.289733200277335 0.0747224567643461 0.145299449935505 -0.119835660913714
-0.275026174894775 -0.124197070659263 0.255272307848352 -0.0609555630424756
-0.0953528592582169 -0.278595023219036 0.203242357300809 0.164281342885898
0.275616075299812 -0.219973491512188 -0.000986823746169281 0.237037000881831
0.349767877893939 0.188846275781516 -0.152401455580813 0.125589555381283
0.130923369994408 0.427343111619602 -0.157389560787016 0.0907610837594341
0.0200487717084069 0.391720430280628 0.179842991425486 -0.0637586608338497
0.268626384803698 0.220137415542454 0.229744983604279 -0.0994691235325493
0.28194133573143 -0.0996427998819974 0.0850543481302098 -0.324144250167978
-0.00446712243731158 -0.250694876736816 -0.216185348496742 -0.250746611057757
-0.194322707294927 -0.154138774380088 -0.304488649186455 0.0101397587010629
-0.257874025626205 0.00610611093143626 -0.19610147900701 0.15707434900444
-0.199139385455377 0.151277145703628 -0.0958284903511232 0.144874443300741
-0.150660886059816 0.198471919408774 -0.0334667915643535 0.0803232929704423
-0.18042114694384 0.173889649950628 -0.00792050609765569 -0.00230437238114222
-0.296814562203534 0.0632717372927871 0.0834593155284574 -0.0779181410710408
-0.274778532769932 -0.150090884034389 0.19448777794152 -0.0343330446572403
-0.0677376484960448 -0.305311722675847 0.122311185847561 0.16344351891836
0.313758952489356 -0.207250537695301 -0.0738856423349437 0.163558380841708
0.359410683299672 0.209883286801718 -0.15280539337623 0.0221961324728809
0.132395690616176 0.427203028480415 -0.14247084254651 -0.0412250660267265
0.0203410416912048 0.328431884778643 0.200495645811742 -0.200254601518221
0.222831574954274 0.178503834416592 0.181173130150752 -0.212052037061607
0.221983946326796 -0.0825062130625119 0.00466260857538069 -0.339324538487213
-0.000229270835907124 -0.194197363957216 -0.2468012530983 -0.229878027123104
-0.147758565897626 -0.126021928062448 -0.327222998935832 0.00781461111183146
-0.204779289247131 -0.00339128994938016 -0.256057163304072 0.167649733307759
-0.162942667733241 0.117743476718359 -0.162168590345693 0.196454154620084
-0.126987813519367 0.156004997955051 -0.0891824962760321 0.145225892381609
-0.16001048824321 0.138407670067669 -0.0649409154347827 0.0553218480188379
-0.258975887628905 0.0391487777464406 0.0165284131725396 -0.0376384412233325
-0.225224717928096 -0.157126136449462 0.113356428637422 -0.0167354755936001
-0.0188256511805893 -0.276343826163176 0.0451582595111988 0.123883130400625
0.296088302368328 -0.148235962924768 -0.0999778567970919 0.0780562199597681
0.306434657980783 0.202269538977262 -0.123301679002875 -0.0450131036149956
0.109360635429086 0.357873395714409 -0.131964268781174 -0.153460938813305
0.0175176147600227 0.218394419636195 0.197620415130654 -0.311256158581145
0.145626508049007 0.120451812959182 0.117230467050503 -0.282833554354448
0.141259362522398 -0.0500092084813751 -0.0549431810808187 -0.324073891746648
0.0109188966387413 -0.11753404347744 -0.256178869616797 -0.203964603690056
-0.0783338548844391 -0.0859246705675176 -0.33347165003067 0.00756239534181011
-0.124434414999455 -0.0158320627086018 -0.293136737420917 0.173605749614636
-0.105222783961332 0.0647121443878899 -0.209340077807177 0.230085916886601
-0.0851495306743391 0.0897585788358018 -0.130298377838353 0.188806607303413
-0.112459499535998 0.0807140907387702 -0.10852072234461 0.0942975355834987
-0.174995521260517 0.0101972813736545 -0.0421032960178335 -0.0092540012736282
-0.136133295816175 -0.128977707985002 0.0406281994552161 -0.0185110296143186
0.0222698409481695 -0.185157092719609 0.0062796105162929 0.0705751755580794
0.208783545814957 -0.0710081305492481 -0.0866009766495209 0.0255083308467137
0.195783140771158 0.148809290685873 -0.0978027659487321 -0.066788220130534
0.0670938065503843 0.22142656735461 -0.124279868376478 -0.234350801366439
-1.91900670336639E-05 -0.0527271670127537 0.12271336104692 0.331432634819113
-0.0545679709892546 -0.0392898443733752 0.168588319131997 0.102516081305516
-0.0730165338520495 0.00234915233284712 0.105929256570147 -0.0201724744038874
-0.0285579111230969 0.0635220638441517 -0.0136224452575338 -0.0772537085674072
0.037041514706653 0.0470898431568043 -0.0299791326625234 0.0377420758365896
0.0517914027408743 0.0073262975596706 0.1006794987995 0.0299146801197667
0.0382434577946997 -0.0136292123929468 0.151778304508053 -0.0842118646930348
0.0328965041571841 -0.00728359070232184 0.169825739034081 -0.193692348357679
0.0350448173743347 0.00137082332408636 0.20956614265026 -0.243365977377294
0.0343703970328291 0.0246758699834042 0.299368753608214 -0.187536252303198
0.0145775353260163 0.0504133222802015 0.332586415365168 -0.0362281183887722
-0.0211589256729466 0.0504293202387685 0.262195393036468 0.161401782796614
-0.0698826184711496 0.00512014729397644 0.112611701902466 0.295696392474554
-0.0752402828157257 -0.0554032975373637 -0.0844137934000556 0.320994350432767
-0.00146591510310492 -0.091803616864788 -0.211664369786181 0.407224949273689
0.0292021959201749 0.125125568183252 0.122966555409904 0.3224215014656
0.0736048804322862 0.0670840772903981 0.16434336800247 0.114911257993884
0.0732170718734569 -0.0273656353559024 0.121957737346865 -0.0335910069329128
-0.0160452726757134 -0.0671337216963637 -0.0190322600067995 -0.0901930491263113
-0.0626625210617801 -0.0326758882925327 -0.0524943192964365 0.0404464814973431
-0.069163128759567 0.018192977974645 0.091381522560519 0.0495426543018776
-0.0459188372471939 0.0582079006403947 0.153689697787881 -0.0684289366875597
-0.029880870858096 0.0772738589074199 0.167658733749139 -0.181555894835232
-0.0356691625682924 0.0715624803921927 0.198125213355555 -0.233852149427682
-0.0782618135461941 0.0446394810207747 0.286035534036052 -0.191771878493517
-0.0831033564420303 -0.00375596816057458 0.33180201555199 -0.057504002346775
-0.0466843733465818 -0.0481706526373928 0.2696344210183 0.144624176508057
0.0337638513574162 -0.0643685734855903 0.132311285967508 0.286974692602628
0.0580346790623504 0.0262419191077653 -0.0674946430139802 0.323930307573592
0.0344756437025132 0.086770565865506 -0.200522267995064 0.408877559369573
0.0428631394890451 0.270410409639533 0.11575702725321 0.268448351876806
0.180938215531078 0.158373470177369 0.164408295593337 0.13032163647017
0.202820345786121 -0.054545455108031 0.163747532487299 -0.0736245914828931
-0.00228594242568346 -0.182202677698501 -0.0376568651840262 -0.145893684267836
-0.146468172211772 -0.105627817588436 -0.112372938474958 0.0291606221470105
-0.177376200474838 0.0223718113087641 0.0410271814844607 0.0799943553736999
-0.12579498155992 0.11847905307548 0.121701245996199 -0.0282368152657648
-0.0870375751391594 0.15030276664668 0.140520876257566 -0.142033943216816
-0.099681148525291 0.133176328942939 0.163279381786773 -0.196712817260368
-0.177827903248552 0.064547002529012 0.253319141045969 -0.182074877561459
-0.173325586591401 -0.0519275003990033 0.321387284121558 -0.0759769101135685
-0.0752313551593794 -0.141914539711325 0.274508662654815 0.139440796750082
0.131161254944697 -0.135725755654572 0.124358094179078 0.28514006002983
0.189039775524988 0.0950173842031635 -0.0840832932969707 0.297365549598591
0.0772994550711453 0.251420435976683 -0.190842035390464 0.347853683620641
0.0392646072138977 0.367626149598093 0.121562502472187 0.184997251677604
0.254353949954254 0.218234792071394 0.199928322746536 0.114145171855613
0.28931540804473 -0.0835520728382557 0.194140379148235 -0.16077300745157
0.000716179027149182 -0.260096455296314 -0.0882830141489475 -0.216635649289795
-0.203814249644957 -0.152817824548585 -0.194834962939287 0.0173183252717917
-0.25280208351989 0.0211522087043777 -0.0373229076421081 0.114149975189649
-0.184675886701175 0.157993376692058 0.0600784441727055 0.0259517957709199
-0.130884108315152 0.200459894518056 0.0915691765401337 -0.0770078879037619
-0.149830933597473 0.176821093872642 0.112813943538455 -0.139501690479248
-0.256455222304524 0.078125000663744 0.205510247819225 -0.160513134262019
-0.246477694896266 -0.0927079370720005 0.301901381711653 -0.0812146014172831
-0.097565754247248 -0.22597159285584 0.262135811249702 0.152243555731665
0.218268483341404 -0.199716489753957 0.0777838000076368 0.280986245771055
0.298916100397499 0.151930140381686 -0.125716442329982 0.234403638299075
0.1140338076815 0.377830972869366 -0.179657123290157 0.235093775643991
0.027768815103715 0.416878108440794 0.152221553880333 0.0744743792867484
0.289853121436252 0.243024469887662 0.243921195932994 0.0289531647174671
0.318916880470636 -0.104356877734379 0.166686962055373 -0.268918195365868
-0.00479546635146829 -0.285454467760811 -0.164355441422011 -0.261586053762327
-0.223801916512756 -0.169778896952103 -0.270465089368614 0.0137618314500791
-0.285491371166295 0.0171445589460031 -0.123469945137181 0.144390971265491
-0.212845183988062 0.172990902774692 -0.0185670096909379 0.0887339801909602
-0.153557158864094 0.221214140777687 0.0294611009695544 0.00262555746337473
-0.180568691835267 0.194514386851138 0.0532059633051783 -0.0698575123395702
-0.304251402458889 0.0827408187191265 0.148796720206964 -0.12582359213668
-0.290776690988257 -0.127095208576465 0.264091509583312 -0.0669316687721893
-0.100548493400527 -0.291235049615196 0.21227615879559 0.173115055771847
0.288820504871715 -0.233035893053961 -0.00208973217343154 0.249395370462454
0.369329607980251 0.194732123341072 -0.162416876827173 0.133025010142517
0.136540876204381 0.447004616822746 -0.165041482875658 0.096101749305005
0.0216520176300562 0.410190613267757 0.189999774817009 -0.0640849621072325
0.285186490825231 0.229103259771411 0.24315550529644 -0.101958131210218
0.295791657189824 -0.106842156618852 0.0883690427990734 -0.340102696238598
-0.00575115577334489 -0.26277675450228 -0.228931132162262 -0.263394464409621
-0.205536553362248 -0.160507412352814 -0.321351842831965 0.0132285946088066
-0.271741840799067 0.0090666291684945 -0.203321215935937 0.16629940997483
-0.206325082272745 0.161839773813886 -0.0994010392351921 0.151715197796077
-0.153338862362114 0.207603457329794 -0.0345272906910178 0.0843524236953244
-0.187578890192464 0.184491391772444 -0.00893032260436733 8.91093065396569E-05
-0.312132961465455 0.0704039195466744 0.0839751256069748 -0.0812667011517712
-0.29122370773589 -0.155586348492641 0.199613485238213 -0.0387271396325123
-0.0703158225237061 -0.321047289771386 0.128022940515149 0.173332504898234
0.328248222168318 -0.220021506527494 -0.078201439463534 0.172791906513062
0.380025088253998 0.218214291040155 -0.162579958497849 0.0250567695796107
0.137187890054528 0.447320451537669 -0.14997888418852 -0.0416339570289666
0.0227597175761215 0.344666686951544 0.210782501044471 -0.207332029171828
0.23728956489832 0.185050089371047 0.191075432236332 -0.219772587853046
0.232072691827235 -0.089319709953694 0.00272928646321779 -0.355230583339874
-0.00155640300384728 -0.203105273085576 -0.260583710773418 -0.241621060442221
-0.155749769903474 -0.131734349629437 -0.344425140233874 0.0105282035126926
-0.216549691445694 -0.00158433020500851 -0.266718668041676 0.178189634323745
-0.16826901025338 0.125285683717127 -0.167733344268188 0.206266804759038
-0.13005026699812 0.163105361980737 -0.0918833858257235 0.15273538789089
-0.16700429400088 0.146603698989415 -0.06752434001474 0.060266730945985
-0.273254124136853 0.0439767528375339 0.0141985651096769 -0.0379418521270163
-0.238637347424142 -0.163977174586991 0.11562091753426 -0.0199167827651401
-0.0186061986449642 -0.290566747874033 0.0465165325385824 0.13194751190886
0.31012734806221 -0.155096467384592 -0.105052112794768 0.0837524955543026
0.322840088089654 0.21041718996027 -0.13081128612778 -0.0447248215362862
0.114260811468607 0.374254754454872 -0.13976029899238 -0.159487256591744
0.02039319770938 0.228459732623454 0.206626221244644 -0.324394605995767
0.155145999681814 0.125094480900873 0.123914868771495 -0.294598179447226
0.147653076945207 -0.0539561717966893 -0.0589126912851115 -0.337601194601722
0.0110607019066541 -0.123258915812246 -0.271261734905937 -0.21513851778857
-0.0826678079492704 -0.0897899938614093 -0.35017871330162 0.00936828932093006
-0.131658504072899 -0.0151777845771168 -0.306148448123551 0.184269749815089
-0.10928883993684 0.0697597751159167 -0.216748739534456 0.242838254468817
-0.0872215364893171 0.0937597075970362 -0.135091655328499 0.198956198228326
-0.117239407173166 0.0863645922528053 -0.113057003249917 0.101142825528674
-0.184791893591473 0.0127594967553442 -0.046813117149026 -0.00824492044880988
-0.143978775775084 -0.135299435429295 0.0394483502030094 -0.0205312063354905
0.0244427875790493 -0.194869766975374 0.00624783832202827 0.075882713879646
0.21877958743471 -0.0740783812619553 -0.0917127159186052 0.029269106656747
0.204917304102427 0.154334950429734 -0.104425683544525 -0.0677327562263493
0.0696221808518922 0.230498966520375 -0.132533317536599 -0.243609455363745
-0.0139732926504035 -0.057157779965138 0.195096171644686 0.329755433690187
-0.0654759908642024 -0.0324737249207409 0.200198720026765 0.0754657559251183
-0.0763980302845289 0.0155549623486966 0.111235032047308 -0.0455308048175883
-0.0193037615206379 0.071371479632921 -0.0288074745285012 -0.0804480910723959
0.0443267814890841 0.0424948601924062 -0.0257685138190152 0.0426324573798389
0.0545638343703913 -0.000454970540417648 0.108185689962544 0.0100210115710749
0.0385809407868469 -0.0199075452396937 0.143086428327686 -0.117387609005437
0.033904200200849 -0.0126106703856763 0.141156027283916 -0.227115558286956
0.0383169942659801 -0.00259967335778792 0.174775981621451 -0.287789409501842
0.0398096156012332 0.022440771093558 0.27822346127478 -0.245591477204684
0.0224757576627979 0.0527423314036392 0.339758275968888 -0.0942077287829114
-0.016574559705708 0.0535182647140735 0.302178443946803 0.125817945776574
-0.0731847132895201 0.016640257506274 0.166619774773372 0.291039466214628
-0.0847798231250217 -0.0465617304701501 -0.037903419375516 0.350482022479888
-0.0131470076007771 -0.0971035889316819 -0.157210746405334 0.458336756883749
0.049631083013098 0.124361698836566 0.180625100734384 0.311065318600216
0.0850200982849031 0.0590315007329825 0.189647942174835 0.0892965175704687
0.0717762660627301 -0.0384286962230381 0.118958748550374 -0.0568620450156192
-0.0253041242783499 -0.066913113990489 -0.0371665723834016 -0.0877048555669968
-0.0715865531048324 -0.0251153868297954 -0.0431853811862132 0.0539605133287877
-0.0699608568314079 0.0304401581773373 0.107903317187731 0.0308924080457452
-0.0382990988898497 0.0682159147785269 0.151567201021463 -0.101621404492137
-0.0159453097591747 0.084983349731106 0.142063654841078 -0.215970803835518
-0.0226911314709538 0.0808781652975746 0.164920031223475 -0.275244719649805
-0.0719922398981933 0.0625378605865355 0.263451915071894 -0.247067448667477
-0.0868762199372678 0.0146274402468476 0.335808918058672 -0.114525818480461
-0.0577820364900649 -0.0429648027036541 0.307184602053893 0.108497711682686
0.0211609868664903 -0.0726142670166239 0.183570875453539 0.277888837308414
0.0647798745300756 0.0135227608658107 -0.0192635075079955 0.347274889669119
0.0525705876704336 0.0803266890345208 -0.146441036674827 0.458918117548311
0.0910393771547395 0.276153089845778 0.152481287224681 0.247408503795401
0.212922476628453 0.138630256920737 0.185922297871716 0.105463061762804
0.203820472949647 -0.0874099610533031 0.149052947870206 -0.0994303047505043
-0.0274559577427729 -0.188540055329225 -0.0662084283111596 -0.13535226165793
-0.169234426857492 -0.0889077694152559 -0.103421464959566 0.0565796360302464
-0.182729958733267 0.0517414176570327 0.0660038189747563 0.0714107730150218
-0.111524089909174 0.143116055471004 0.127655268663928 -0.0552751285371234
-0.0639216208459122 0.170025865666463 0.121230861014885 -0.170137566446991
-0.0785606537034487 0.155075529235509 0.136414787024288 -0.230594433079032
-0.172276638196433 0.0992943418025958 0.230718840860358 -0.231001424630567
-0.188510704215968 -0.0198130253075141 0.32243437511634 -0.132114578970834
-0.101692761980529 -0.135570160218208 0.310459709758597 0.10558112889794
0.108273835525546 -0.164271691749762 0.171866488933305 0.276841209775098
0.210334775479138 0.0632873749930016 -0.0386172161945227 0.319851379668819
0.12234935936109 0.241762997989853 -0.144893111219571 0.392859404769693
0.106279749021392 0.381062384553522 0.137624024902052 0.153169527622417
0.299957568196875 0.190786670277199 0.215912974335277 0.0826663773165046
0.289836657282038 -0.132351586170915 0.161331274496609 -0.190723192585069
-0.0349892675100785 -0.27066627576122 -0.131375643651469 -0.196728089198814
-0.234905294101052 -0.129918842927624 -0.188541750644582 0.0604267389036971
-0.260961208037631 0.0626492140651026 -0.00580680978026857 0.121060247242978
-0.166565556165864 0.193689438995254 0.075465019756708 0.0140491116732572
-0.100910526639146 0.228000691203664 0.0813564069748794 -0.0962144373146998
-0.123220609949275 0.207984855017273 0.0938201193923307 -0.162268223103069
-0.250386119437109 0.127448505565741 0.185511499344326 -0.199049902446388
-0.271484252004783 -0.0491094959224569 0.301649799946169 -0.134340845665114
-0.137349567809519 -0.218971189125722 0.299123676731309 0.122936071951562
0.18848674196388 -0.24381039868532 0.120815772595468 0.280441522145494
0.334464275129646 0.104363477158728 -0.0910093096409498 0.258002484127033
0.181243752472608 0.365369786486992 -0.150260168373119 0.275702046118045
0.1037160223768 0.433718439787654 0.146970822067389 0.0289369551481029
0.342179951613125 0.211723307778381 0.246016420087928 -0.0131745185032123
0.318800940624475 -0.158914429780426 0.113108564900912 -0.296692348299572
-0.0432173938354748 -0.298000128066728 -0.219354971167265 -0.227106190392816
-0.258278627229547 -0.145197159339503 -0.267870629296132 0.0721633973844684
-0.29535550510517 0.0641465858985902 -0.0893246784438073 0.168410812758793
-0.193084658044698 0.21440080307785 0.00497733194038165 0.0940976295115776
-0.120982469343714 0.253148885360649 0.0310900046221941 -0.00322057551706197
-0.151134032244105 0.231684223472028 0.0446901594383301 -0.0796148845971779
-0.299089581807383 0.13868708677998 0.133077149938365 -0.151766174019199
-0.321820376694692 -0.0781283440150339 0.264722368563194 -0.111648825764675
-0.149277465250528 -0.287992413377086 0.25061492551606 0.155097527702419
0.256146236021991 -0.291105183938965 0.0298133143559212 0.259338803052678
0.413080659376838 0.137912503556523 -0.145081581220535 0.157380966454802
0.212275843139385 0.434355366072734 -0.156657169591247 0.128434909998201
0.097646934556279 0.429993934332843 0.162314673866478 -0.122641576841676
0.336937382471962 0.19827956612233 0.2228175632673 -0.150118083620158
0.294589162137972 -0.157756368340107 0.0192336845636455 -0.357347176912688
-0.0418504526204103 -0.273813781445565 -0.286697517353457 -0.218103264762431
-0.238480504676482 -0.139095235218862 -0.322286627381223 0.0811652654888435
-0.281331629924418 0.0524746964618311 -0.169011200138055 0.205881245177934
-0.187156031124292 0.201015503415995 -0.0682671317419685 0.176705391900176
-0.123270696622039 0.238836067284226 -0.0201423586259318 0.0915947491442732
-0.161026088578488 0.222502336041643 -0.00862919477674289 0.00369811942247045
-0.310465625098105 0.126411877081182 0.072467234748077 -0.0940344418888671
-0.327461716882654 -0.10877106139862 0.201579990064879 -0.0707338858881994
-0.122402715089832 -0.323432102542615 0.160478848084907 0.168944563223235
0.30014636453323 -0.281572879150091 -0.0610283365300684 0.192379090833724
0.426400329602479 0.161512058058342 -0.161391965031931 0.0445018231342272
0.213047191373942 0.434099478764628 -0.162470514125078 -0.0179059691207025
0.0880971398531846 0.36148520540293 0.161917117536353 -0.273670923334374
0.280452105825808 0.158805137667117 0.14991160238773 -0.263582135549099
0.230502057245554 -0.128913254083908 -0.069872033207268 -0.360049503243418
-0.028101907965994 -0.213383483061365 -0.316908062568341 -0.192643150587348
-0.181755939197008 -0.117617349522113 -0.34900077007996 0.0812734881181941
-0.225923166822252 0.0322711992711442 -0.234426014199051 0.232741122671325
-0.154703209018296 0.156927421085125 -0.132405205958685 0.248887353421605
-0.107285389707305 0.188303907070296 -0.0685602874557999 0.173128649607318
-0.146874606269668 0.179908787797294 -0.0594326582838424 0.0763008312279988
-0.274544185957587 0.0929147511216383 0.00709906231139471 -0.0378615911797312
-0.274602027048128 -0.128064992335383 0.115754269711588 -0.036847987188829
-0.0624827373416274 -0.299827428954491 0.0681834882958507 0.137090968777087
0.292820738077224 -0.212049580634753 -0.101875151035352 0.103641594182405
0.364947776556402 0.163417494144511 -0.140680597220766 -0.0300977873650908
0.175313433431893 0.363680965870865 -0.170141455546485 -0.142450299649635
0.0654141949981803 0.240533901221422 0.143459616160348 -0.388462352410377
0.186479853618123 0.108874857166203 0.0708438514391976 -0.330146865294681
0.148210768635346 -0.0781636629785124 -0.127537695814173 -0.336237721240384
-0.00395387188989959 -0.131423184575004 -0.322745597962128 -0.166180455003681
-0.0991051325767405 -0.0859674207118233 -0.358539371764175 0.079998356148038
-0.139752423672293 0.00360636192466294 -0.279080486547685 0.246885564037754
-0.101811362718495 0.0889688158351307 -0.178064206192631 0.296959924769031
-0.0743747690955069 0.109326549244 -0.104833514352402 0.227766384134099
-0.106387981079625 0.109692627438414 -0.0997003455842749 0.125899899834014
-0.189049272066661 0.0438034019319652 -0.0517871462966147 0.00298333634500283
-0.171754374175252 -0.115833058644326 0.0367040792626558 -0.0254733613540013
-0.00324154293889983 -0.20679867834899 0.0171212326606776 0.0819597569854599
0.211923979287792 -0.111503067870781 -0.093914627447441 0.0456004865292034
0.235035918272503 0.124121787563068 -0.117361602567815 -0.055452585453951
0.107132029342393 0.224509556388883 -0.176718628334138 -0.231106100311914
-0.0198620311435882 -0.0567292239438202 0.230748815204672 0.314461734091701
-0.0698387111970407 -0.0275338463951631 0.211455136785358 0.0553933144352828
-0.075878158957433 0.023093509886127 0.107606745722104 -0.0602546411455574
-0.0125303217015329 0.0740428369271254 -0.0376782343970722 -0.0777935062484672
0.0482857272299502 0.0394727579537914 -0.0217091779055935 0.04510056007835
0.0554848813868862 -0.00585005168641966 0.110036631265514 -0.00409880191557284
0.0383536430088039 -0.0243881450873702 0.133258116300444 -0.132513147722117
0.0332145281078687 -0.0168812923343887 0.121114792154379 -0.241362156731374
0.0379166675175122 -0.0073634430364391 0.148421352070623 -0.30536596001892
0.0421585070277155 0.0192582499474666 0.255859952390325 -0.274947848399337
0.0282332034182258 0.0505686121747161 0.332215402276012 -0.127063804508995
-0.0117268868053506 0.0557252715804814 0.317463416389478 0.0994869942996466
-0.0736248805989378 0.0240051457687644 0.193844768834354 0.277916159346677
-0.0900015451584604 -0.0385285365881652 -0.00929107269942538 0.358188250409034
-0.0214468814014115 -0.0983209627814877 -0.117371212579694 0.476231192414
0.059771412313401 0.119505081064239 0.213952507254649 0.296506490861677
0.0900609061732131 0.0516144711864361 0.201892462649294 0.0713708261813591
0.0692976118901324 -0.0444188876358356 0.113941992168082 -0.0707704675614864
-0.0302709650410987 -0.0647938020160001 -0.0464097576657767 -0.0844894609339246
-0.074697005667545 -0.0187066367135623 -0.0381900818189769 0.0594741378677343
-0.0672629394560848 0.0378478800086153 0.112190281295227 0.0180472615374978
-0.0303694728321532 0.0718312838986471 0.143715600710201 -0.11862395479479
-0.00741218318389528 0.0855192233992067 0.122525030585982 -0.230115910494721
-0.0149161785603475 0.0832924498288278 0.139226096777663 -0.290572584158948
-0.066598001058777 0.070841410401307 0.240847457194027 -0.274015573582454
-0.0865107779396541 0.0234278473330524 0.32538981443949 -0.147953184042277
-0.0625354269704459 -0.0378187111601288 0.31963803740407 0.0827818312589399
0.0129827564684014 -0.0757705712459516 0.209301298150417 0.263248800797559
0.0674298444049469 0.00703477663655328 0.00999850148356559 0.353337473869589
0.0615456907396979 0.0739630646155405 -0.105435643093034 0.475125530016828
0.115333916281328 0.268305570420701 0.179705312891745 0.236864717901227
0.22569134225937 0.120190070183549 0.199449872131394 0.0904313280163389
0.199130910939223 -0.106366272178023 0.141176728456415 -0.115683104980881
-0.0429901155578739 -0.188531601919068 -0.0800586335004561 -0.130902780700359
-0.180865714716071 -0.0744305410561388 -0.0995888108765462 0.0681964118545364
-0.179499559592721 0.0702856695473191 0.0732552349044477 0.0642939157989218
-0.0970945170199267 0.155070801391137 0.123969624052846 -0.069054542263409
-0.0471934193020879 0.175422788432936 0.105399978283943 -0.181917136939151
-0.0639200389247003 0.163666852099502 0.114815458081682 -0.243135619887225
-0.164103852702969 0.118554267029933 0.209116391533682 -0.254241529676646
-0.192771776853514 -0.000722403598451367 0.310108759123827 -0.163689413979729
-0.114521969541737 -0.126611423372814 0.323996443206084 0.0791459600409624
0.0920292829525595 -0.176515757956524 0.197252405331281 0.265013566992806
0.219409806399286 0.0422363428275559 -0.0118219633491017 0.328010791765931
0.147496909779806 0.23190185862419 -0.109644345814452 0.409146507731724
0.140215825617427 0.371931842273824 0.155635087191032 0.144391300063404
0.320379905549859 0.165437988001969 0.227968150496238 0.0648416605962173
0.282134597356318 -0.159873119856513 0.146193924014572 -0.208051111393227
-0.0592359821438046 -0.270678797230774 -0.151322488667659 -0.186471232910408
-0.251084999384182 -0.109633640653167 -0.184973065842118 0.0815223535635155
-0.257847490653021 0.0898976614864318 0.00613058495067171 0.120818566872608
-0.148084283060528 0.211794420234684 0.0769685950719603 0.00586084206506531
-0.0778346659457996 0.238749362483832 0.0730992252879626 -0.103445847126451
-0.103429135737118 0.220768567498115 0.0787254990783693 -0.169510161922792
-0.240717076380637 0.155134848212104 0.166488533480702 -0.216537763808916
-0.279029047256744 -0.0226093168170343 0.287630468482407 -0.164323874153157
-0.158691632549289 -0.208635686965882 0.31412127217846 0.0979928962457814
0.165644566015858 -0.264400485470365 0.146191804591214 0.273311500211177
0.347716229601127 0.0716829402878176 -0.0695839521123899 0.270930214662922
0.21601395854635 0.351866262808063 -0.126279186681955 0.291515741395006
0.143144991943764 0.426529094188152 0.153561600039262 0.0184689393691652
0.365319439685427 0.181468578669862 0.250033275241983 -0.033833047857624
0.307806738222748 -0.190819123851526 0.0878575090553123 -0.310148277843331
-0.0707193584534213 -0.297726382273644 -0.242701882301054 -0.210377853390647
-0.27705050639624 -0.122409056287908 -0.264218029025459 0.100223943738202
-0.292116179301666 0.0940500864377261 -0.0734737570182162 0.177557876519824
-0.172369600501991 0.235565711110566 0.0136840300329398 0.0946435260645214
-0.0956188960190894 0.264676907168761 0.0318802930939406 -0.00493109372980834
-0.130231814275401 0.248849980313175 0.0370737361991266 -0.081477581853699
-0.289784024691571 0.170651635896517 0.117777661868425 -0.16437156633177
-0.334577590391712 -0.0464875779606636 0.252623469127797 -0.137410934224383
-0.177501847748913 -0.277459451987212 0.267116049348777 0.135094167080758
0.231516773774105 -0.318679222986899 0.0528835755750727 0.261105728334713
0.429473124420662 0.0985312682352109 -0.133287265250571 0.174294238390617
0.254860149245239 0.417745001408154 -0.146531001794388 0.14428993079787
0.138073025486887 0.422667210116569 0.154322295624686 -0.13520818884055
0.359756951006604 0.167948377194838 0.214099620848483 -0.169024491545695
0.28211369393051 -0.188840683113662 -0.0128784444440258 -0.361613454585919
-0.068028170053157 -0.273311508783248 -0.310854890733183 -0.194910427974299
-0.25579786764277 -0.117772514559849 -0.317895680327641 0.114349769450012
-0.280077788669105 0.0820751270779558 -0.1501787397101 0.224452231862763
-0.168676591224259 0.221207614969576 -0.0521710924533966 0.184658686451388
-0.100497831476266 0.250382148303386 -0.0117561000696743 0.0957935454380827
-0.140933928606868 0.240105371508754 -0.00734091457362618 0.00760996029867148
-0.301672053985692 0.160351932072233 0.0629702016404184 -0.0998834806364802
-0.34291373050244 -0.0773661281931387 0.192871145525352 -0.0898049323665382
-0.151903013188919 -0.317285689508555 0.177422994893958 0.157119553241866
0.277909493018157 -0.312833805546172 -0.0458576785881302 0.201891111158254
0.445361224665582 0.121455192876701 -0.158966267455107 0.061573911023539
0.253438293080572 0.418242689884877 -0.166236403915579 -0.00246609088058794
0.121865861584596 0.355006720357793 0.140333801949759 -0.287570779653762
0.300199163549696 0.132705123548643 0.129837520607184 -0.278172846317464
0.220025960828284 -0.153747144313423 -0.102961894614549 -0.356256545668425
-0.0484302842805514 -0.213092545471856 -0.338988210037253 -0.164520700473318
-0.196293777107636 -0.101348399390586 -0.34484750602263 0.11611893657721
-0.225166660675786 0.0562937037768444 -0.213924812173172 0.256630139750942
-0.139833281543419 0.173220373302463 -0.109850080786975 0.263257221780572
-0.0887363156913707 0.19803408624753 -0.0518650746560272 0.181808604312434
-0.130373510816219 0.196153061741168 -0.0525540172470815 0.0848368983376503
-0.269423447460173 0.121782502519995 0.00190575035803458 -0.0369206240428399
-0.292187913014065 -0.102908887965776 0.10950814778934 -0.0481063400044981
-0.0880374910304943 -0.29901641980549 0.0809444585434056 0.134085838927415
0.276527959339018 -0.239686795538287 -0.0936233978510086 0.116251022602381
0.382913367108548 0.128847789452571 -0.144222518768933 -0.0150025381620321
0.20862558104034 0.349877340935244 -0.185398636842403 -0.126552321207406
0.0878634040302847 0.236034316205273 0.110804995853143 -0.402853533392079
0.199926316050601 0.0904025022968303 0.043238218958023 -0.33874041971799
0.141057210976055 -0.0929474327482477 -0.159145521207285 -0.326401496960858
-0.016114399812704 -0.133248711899369 -0.34276080735983 -0.138147358328616
-0.109197520631731 -0.0774697332728296 -0.353470439748035 0.114452171781642
-0.141314284247427 0.0180968684538488 -0.256712792712857 0.276873235446383
-0.0934342930902229 0.100492812052898 -0.150969644659887 0.316880666527081
-0.0641275792024789 0.116551056496747 -0.0836636706536239 0.239788176070888
-0.0959411439762772 0.121482477661352 -0.089059827125166 0.138283194526885
-0.187570139744673 0.0632202268423893 -0.0535020129495548 0.00967825221674408
-0.186629283003704 -0.101123248225202 0.0311494904821582 -0.0296551279098264
-0.0202465798940094 -0.210699863026089 0.0250440028681649 0.0828106663504037
0.203504891122499 -0.130366514020455 -0.090091506173818 0.0577622589709243
0.247343327595333 0.101520503714504 -0.124208243121303 -0.0422059826986243
0.12575151328016 0.215029442847575 -0.199572108862121 -0.215089909351687
-0.0238877897254447 -0.0528378789991167 0.249228980417556 0.28061061126636
-0.0703092920294218 -0.0201550157789452 0.208532029634412 0.0329350119652802
-0.0701118575528468 0.0289434809425965 0.0971924670086237 -0.0695458101994682
-0.00543333788173218 0.0728512608250974 -0.043069073445182 -0.070947278373509
0.0498598936890778 0.0342330693085856 -0.0159375642631905 0.0458451925411869
0.0531561271659677 -0.010430030357893 0.104233373543137 -0.0158593317805731
0.0354894295432522 -0.0280508483357634 0.117524804675238 -0.138677888297728
0.0303349105950471 -0.0195009896232769 0.0961269405225402 -0.241203151012337
0.03562348928017 -0.0102090814613204 0.115576031144835 -0.302986514948224
0.0417819953241576 0.0152492074156584 0.219941450798166 -0.284714610555277
0.0320651674211687 0.0460559377992253 0.306349712250611 -0.148530738938105
-0.00687879112550704 0.0543927269694732 0.312204037762345 0.069071587462615
-0.0697017703637122 0.0296615794839755 0.206846726177696 0.249813880564074
-0.0890990718741149 -0.0291817039553575 0.0176201762974524 0.345399453632543
-0.0278247985365431 -0.0945664760605654 -0.0742024744255669 0.462905219126203
0.0662428265190494 0.10927869130572 0.231909664151406 0.265514011832148
0.0895128415699701 0.0426666763308943 0.201629418983678 0.0498693532124814
0.063722842272355 -0.047688712474373 0.102609924935289 -0.0805019524846311
-0.0333372930550116 -0.0599688194056616 -0.0518394834825288 -0.077150819555451
-0.0733695805047295 -0.011539529716407 -0.0310879094024356 0.06140208303809
-0.0608678032693642 0.0426253020768108 0.108939399764109 0.00580039440137291
-0.0221427378981226 0.0707970283727677 0.127280909768763 -0.125993346418698
0.000315486954593342 0.0814802149587956 0.0986763367928858 -0.229572568166541
-0.00727892991762053 0.081387168494221 0.108453154062601 -0.288380049256436
-0.0576005041377078 0.0749243099587804 0.205033728607559 -0.282446519581008
-0.0804228626362387 0.0302792293702027 0.296838436770467 -0.168096259681903
-0.0630626811935522 -0.030899614126961 0.314514468893562 0.0534967011002222
0.00484059613784948 -0.0731791630996141 0.220688123174496 0.235146524535753
0.0649752025784593 8.6516523627669E-05 0.0363434384876573 0.339143473235028
0.0657477688422515 0.0646947121863407 -0.0629649760647726 0.461114830942626
0.130521162592101 0.245194551345555 0.193658550387266 0.212109168339162
0.225377120085945 0.097720365748086 0.201129720834513 0.0698549448058813
0.182150518196133 -0.116715107056523 0.12535830725519 -0.124050638579662
-0.0556645874303145 -0.17735742542044 -0.0878540197403666 -0.118110621154399
-0.180505942074059 -0.0562702053893361 -0.0889463134982822 0.0755328635316772
-0.166278604842789 0.083624108193916 0.0758788127201339 0.0527552632963377
-0.0787529679160881 0.156047896129657 0.111820664445837 -0.0770473714229394
-0.0292410906616345 0.170340806376339 0.0855044450075679 -0.182419892403841
-0.0470746206690884 0.161688063452419 0.0890029583021979 -0.239764022048762
-0.14674562897 0.129591864722953 0.176220802881902 -0.260267264724666
-0.184191134793039 0.0172010218022941 0.279713302361271 -0.182673020923712
-0.120438773949167 -0.111901058821727 0.317523344029994 0.0491637173651335
0.0712400333785822 -0.176908457232528 0.210065664670931 0.238887836002369
0.214066571708374 0.0203600218268513 0.0128770417222269 0.316980391168347
0.160029110401341 0.208757515019129 -0.0734412398617059 0.40041105634729
0.162558796583586 0.34281462024035 0.163514487007184 0.126950702511936
0.3193782793248 0.132046281413459 0.226484146999781 0.0454304013970634
0.258032828743523 -0.175673124535936 0.122666290222409 -0.212614780004232
-0.0775329741431629 -0.255755464584624 -0.160966093450877 -0.166495190985359
-0.251599285131365 -0.0839148549273581 -0.169889387747393 0.0949351400203532
-0.240344900171609 0.109333013355583 0.0166067601762855 0.11404246219752
-0.122030591250829 0.215100511358452 0.0734322128058413 -0.00195380344070291
-0.0536054433216123 0.232759058029343 0.0606988301133122 -0.104516274491958
-0.0791636292263147 0.220233487051698 0.0614190231388231 -0.166597433392408
-0.216949141828786 0.171214796251365 0.139513702946962 -0.220543455180959
-0.270023052676715 0.00416883350121547 0.257809984667312 -0.181631506535831
-0.169616025773979 -0.187290056042765 0.309466324321357 0.0692510221938298
0.134951811547581 -0.267899623763187 0.16117276033244 0.252007118596913
0.339130039263551 0.0379026547907271 -0.0466143294540998 0.267458680708205
0.235070878430197 0.318917939001743 -0.0976513968956406 0.287997524421683
0.170122789414617 0.393609445393916 0.151370917472396 0.00779012499524055
0.364860389494291 0.143328675677696 0.239386057272993 -0.0501413817027244
0.280193986951209 -0.209540132371973 0.0586312931971569 -0.305161547470959
-0.092110516666818 -0.280618087408952 -0.249767509215255 -0.181899584658313
-0.277072780999438 -0.0936885682738302 -0.24496894638212 0.120011696902355
-0.272764485424077 0.116915985132927 -0.0547461221687862 0.1762592074379
-0.143713139636894 0.239044021619546 0.0206337926021055 0.0885851256161063
-0.0684417457760584 0.259223069801759 0.0298662649484035 -0.00704965526777667
-0.102721070293352 0.249110406950504 0.0299317285428273 -0.0787156780909245
-0.262179100968943 0.191261610109364 0.0976257991878204 -0.16552469869831
-0.326650158094921 -0.0144562372571963 0.225914724983228 -0.151997578036292
-0.192267804027443 -0.253013477090492 0.267933967690393 0.109601780764761
0.19506646142326 -0.324715155169502 0.0715037653584245 0.248182477778877
0.419810338504503 0.0574898488274106 -0.113979466000911 0.179476039254236
0.276880620322723 0.378884162220705 -0.12845139491164 0.149342426933555
0.165576888052387 0.390362802768682 0.139299766720857 -0.138812169752394
0.359535181648084 0.129804815260319 0.194703043147473 -0.177063446593782
0.254820290756323 -0.204473731188626 -0.0411431590554543 -0.346210470565105
-0.0880210518063597 -0.256645617906941 -0.314406504728036 -0.160607848905794
-0.256070338700255 -0.0914104362776477 -0.29425394079839 0.137739821765964
-0.261945236819799 0.104777041205862 -0.12409987031234 0.227237194423058
-0.140529266515937 0.22592613103084 -0.0343315727816911 0.181222562351156
-0.0735865268777638 0.245834902866601 -0.00219465531703764 0.0931400745054841
-0.113253455151601 0.241965689431506 -0.00604926316425758 0.0102395852106808
-0.276181757544968 0.18206752154798 0.0507885451461715 -0.0995263161711028
-0.338251539013314 -0.0439746433412207 0.172438148425568 -0.102620648252381
-0.171807803306342 -0.294030354762276 0.183727757019053 0.137709902258899
0.240976650819537 -0.321705603121839 -0.0278717925395914 0.199015119707082
0.435534555551235 0.0784484231519267 -0.147667949033552 0.0741444834289876
0.275064893556685 0.379589873725341 -0.158640311461088 0.0113393610779505
0.144813078159239 0.328125212407396 0.11325406476649 -0.283260713837921
0.298531603176681 0.0999608991507099 0.105105853284771 -0.274943764316306
0.198195017220836 -0.164655460445998 -0.126813560842838 -0.332816630847571
-0.0640580194190343 -0.199835601973272 -0.339332183646649 -0.129801184745893
-0.197447554659284 -0.0812679225885603 -0.320451951081666 0.141198349796673
-0.211801625916357 0.0747703840092079 -0.182324387033875 0.263978711690536
-0.117084458473987 0.177685900166288 -0.0820221157889515 0.26088708099575
-0.0671075503197005 0.195269037760929 -0.0340128061127434 0.178660207182001
-0.107289645757067 0.199459517513484 -0.0422594274550102 0.0877338918474104
-0.248431871934817 0.141629885650801 -0.00244848981396221 -0.0336999631644277
-0.290932993107881 -0.0736457951273337 0.0973056777231611 -0.0544207709956024
-0.108943655420245 -0.28174474227528 0.0893388089110359 0.122437244170143
0.246062906459738 -0.250364891657144 -0.0795370549772147 0.121028848816985
0.37449793886825 0.0906665715718485 -0.13886926992384 -0.00105424690290525
0.225588630688748 0.319570918540546 -0.187351132857483 -0.105300723319368
0.10285965781491 0.216667982595622 0.0750238417157313 -0.392005166875148
0.199313293489935 0.0682505242462108 0.016428207881805 -0.32577844532748
0.127375919416046 -0.101084357428958 -0.178230757659023 -0.298297480336137
-0.0265931861523064 -0.126497212380885 -0.341049622542021 -0.103059054339755
-0.112364927704275 -0.0658645627763919 -0.329441882893925 0.139867920005539
-0.134534921060956 0.031399776467331 -0.221477368562849 0.286733954740327
-0.079455041920608 0.104185473002095 -0.116650074657493 0.316663036455633
-0.0505975526764379 0.114782175902818 -0.0583986789028806 0.236695731451865
-0.0802201408464832 0.124895281887158 -0.0727501352385743 0.141671871600969
-0.174742289659617 0.0781927687531991 -0.0515593073286246 0.0153414873126636
-0.188581257121466 -0.0820243096623279 0.0239041943703246 -0.0308384958827153
-0.0363092200541997 -0.202400212762888 0.0312743221284267 0.0776373543612798
0.184792674894199 -0.13981183086346 -0.0803074275771179 0.0651887253693488
0.242040747755226 0.0761531355506567 -0.121244945479722 -0.028786558847202
0.135148653502413 0.196271673611049 -0.208647597029183 -0.187442064261413
-0.0247704453654846 -0.0480284646934004 0.245676060924581 0.250548889466895
-0.067130640303931 -0.015569967402064 0.197537714367045 0.019770581587002
-0.0642585360303807 0.0300556162340547 0.0874493884572599 -0.0716265195035987
-0.00197728744727597 0.0683260785401666 -0.0429377508183169 -0.0638502286488634
0.0485301560477924 0.0305749610226373 -0.0123640332498311 0.043596956090705
0.0500755691899886 -0.0124337140852321 0.095332339810834 -0.0218041177188148
0.031952170884071 -0.0290342151684943 0.103906808142651 -0.136184900564429
0.0269603360571178 -0.020330205978549 0.0801140568981022 -0.228362673762843
0.0322801864279767 -0.0108207823469633 0.0947649936689097 -0.286030248386721
0.0393527446391506 0.0126257060638269 0.191293695344667 -0.274087346229192
0.0322091148410257 0.0412977790251469 0.278362265733401 -0.151160938314304
-0.00441297481305522 0.0511681736147442 0.293697109735803 0.0524374959737305
-0.0646711740000508 0.0312912926684389 0.201278091174074 0.224491519087161
-0.0836226552775845 -0.0232988280778099 0.0280847117770937 0.323268229338855
-0.0289508620257783 -0.0891198917076807 -0.0531584958517547 0.435241198264473
0.0648600272713116 0.0987481281065216 0.228676242401922 0.238208646983583
0.0839085059917185 0.0373242162633046 0.192007677945289 0.0368756637102723
0.0585784153940176 -0.0461006923182833 0.0915091299495731 -0.0815358247588363
-0.0320741957849322 -0.0543726648138389 -0.0515070780439855 -0.0699265008136196
-0.0694509186197715 -0.00768877067635217 -0.0255521160519552 0.0597067803231481
-0.0548549430866545 0.0421974592037172 0.100879693076839 -0.000540124582039715
-0.0173614447624001 0.065808464894648 0.112902848768663 -0.123794902256157
0.00382633799009179 0.0744391074335981 0.0827724124118446 -0.218206487185069
-0.0031894641237428 0.0753848623022231 0.0894161772942265 -0.271661728588085
-0.0502744756088492 0.0733181595926945 0.178776191616079 -0.271307596826547
-0.0726506709777107 0.0321165910190908 0.268161563330119 -0.168834208466533
-0.0600725547098406 -0.026130750096819 0.295661667768591 0.0371490981374327
0.000525091965763627 -0.0677319621934642 0.212936710071121 0.210981224124792
0.0612743439098113 -0.00340472544919823 0.0449702329876983 0.317836634558109
0.0643515962332809 0.0562406870597675 -0.0411341512371192 0.431304748171743
0.129894191921558 0.222532215768883 0.191802386872456 0.190034824322175
0.21263474795302 0.0831539302584995 0.193284466020536 0.0569659725285461
0.166974491663048 -0.11527998950836 0.111475077498972 -0.122481279090992
-0.0571400645150349 -0.164564172878088 -0.0867838925672189 -0.108179575968664
-0.171215884386403 -0.0453871563619773 -0.0792956599126526 0.0752079034187567
-0.151689161302315 0.0864119729588105 0.0735183463694302 0.0448053897732716
-0.0659854749174988 0.148766577292855 0.100475914061322 -0.0772253024540065
-0.019835721575797 0.158962285508751 0.0729450853741048 -0.173562323843055
-0.0363793242703607 0.15260185396335 0.0733932274086308 -0.225270747102727
-0.131063261247677 0.128446965320609 0.153222630253526 -0.248653953022516
-0.171373781059238 0.0248150958616114 0.250044016348651 -0.182326928833139
-0.116782261242661 -0.100256983735896 0.299411740097023 0.0343889711647728
0.0587264662887948 -0.16698639033385 0.204507770698268 0.215536653329706
0.200721180784346 0.00949940891423014 0.0231922288148308 0.297743418050729
0.157012318185085 0.187845586616395 -0.0517816031063832 0.374065894322341
0.162116140152037 0.311426734614387 0.159748489528287 0.11318542900682
0.302413032459387 0.112013483982672 0.216493273142805 0.0341315334830582
0.235320015131773 -0.174262088766584 0.106079499332989 -0.203574689774333
-0.0821207740590064 -0.237457270328509 -0.156495130727423 -0.150004493383077
-0.239967209737459 -0.0676969723004085 -0.153493949605535 0.0972055201925139
-0.22032698351051 0.113358172451721 0.0211044578465034 0.105319922562138
-0.103620833530014 0.205448027174732 0.0681295692245226 -0.00570497043194338
-0.0398494015803881 0.217700389407626 0.0530880937725596 -0.0992338788959543
-0.0642344204039546 0.208443460685665 0.0509912679050332 -0.155456421133067
-0.195210233202808 0.17178572073929 0.119721204148334 -0.210337670911561
-0.253117640318005 0.0170034031500791 0.228898207680476 -0.179549551957152
-0.166048421084695 -0.168918351877994 0.293077655494509 0.052259677107577
0.114453721819233 -0.255504039772324 0.159737168004682 0.230810982769475
0.318142833313565 0.0203785404976501 -0.0346206167546166 0.253422435112995
0.231763084528307 0.288400784265992 -0.0796156339484765 0.271795825633141
0.172325822538779 0.357667417038157 0.143450543189541 0.00384433668648707
0.346804487763475 0.120115006657834 0.225697787794987 -0.0552927088936144
0.255016941602351 -0.205937748472177 0.0438896067182621 -0.287710809083203
-0.096783349590143 -0.259112903547932 -0.241226731949918 -0.161139630284084
-0.264956831327106 -0.0762404051202057 -0.22257820827174 0.123583761085681
-0.250620240090233 0.123371272300249 -0.043072424270041 0.165957336941775
-0.122312040605973 0.229326150256151 0.0225574610713983 0.0811468066559829
-0.0521204721112931 0.24255570972305 0.0284375122251085 -0.00753392502320605
-0.0839605939136072 0.23612094531704 0.025567540016801 -0.0721797513871103
-0.236183451098469 0.192828110326881 0.0833308817345299 -0.156866991799096
-0.306553368031205 0.00125261769385455 0.19975867715614 -0.151175874702622
-0.190914025723258 -0.230018084217279 0.255661408378037 0.0915590621219272
0.168922979717686 -0.310959429747518 0.076008739373573 0.231695104173967
0.393425627609104 0.0368806323013757 -0.10019192262625 0.173202221378046
0.271417452408543 0.342426471017816 -0.114244074709019 0.143471841697203
0.16783633497592 0.356101875540062 0.12740110079894 -0.131572420509416
0.341688724399093 0.104875895776753 0.177403877021559 -0.171307746918962
0.229848910688438 -0.201651599982557 -0.0507404160624547 -0.321971350608462
-0.0921632313277109 -0.236667052289048 -0.300369860561159 -0.138555164800455
-0.24517080684845 -0.0746311595899105 -0.269841266239312 0.142284399065304
-0.240752818533755 0.110924440811148 -0.105653026426227 0.217295384677029
-0.120973223958595 0.216719608229604 -0.0247933799855057 0.17015054958921
-0.0581531944932472 0.230550398056118 0.00236171358285459 0.087222277247147
-0.0950253094172439 0.231457216852827 -0.00376626246046336 0.0119571093217763
-0.250327528017761 0.185113572243943 0.0416245841524634 -0.0929700587063676
-0.319054884175258 -0.0261501666602327 0.151615351828321 -0.101893169944499
-0.172953400612269 -0.270357101948094 0.177586644108874 0.122077994399909
0.214237412749707 -0.309264004473059 -0.0179787669511724 0.189680417260973
0.408426099946445 0.0565120204635068 -0.134521898116312 0.0757739852108617
0.268866885434843 0.345097515577759 -0.147497375848197 0.016272238103033
0.146086302747282 0.297464671190372 0.097036672177599 -0.265477586595562
0.283741323405858 0.0802630340645837 0.0904499696892588 -0.259612306095337
0.178163444086826 -0.162386774738691 -0.130770660881349 -0.305051808655579
-0.0683135377801522 -0.185127824957932 -0.322865629523065 -0.107131571993592
-0.189514012475007 -0.0676301159933393 -0.29294296142343 0.146245897524039
-0.195167175927387 0.0812789667544778 -0.157410630327099 0.254025109267029
-0.100772905089983 0.171474786739243 -0.0650631957690395 0.247282980556432
-0.0544704868364389 0.183400793522815 -0.0228859857381119 0.169139955702727
-0.0907322262586885 0.190601958732597 -0.0347606650326931 0.0856845363621224
-0.226296093607993 0.145126884396446 -0.00458395616241923 -0.0288232393486983
-0.276090679600529 -0.0566072296191382 0.0833182799342069 -0.054369233148425
-0.112854740265268 -0.261911904496933 0.0890923590263187 0.111791066726012
0.220817210366942 -0.242599223681892 -0.0690435425622831 0.118596431669758
0.351492723272789 0.0700570050661294 -0.128895009959462 0.0057853005099496
0.220613452095787 0.289092049335673 -0.178415498855254 -0.089839639376664
0.103019808914674 0.196360794014269 0.0575676019935849 -0.366288371801259
0.189299699442939 0.0547625999726799 0.00472138097968495 -0.303906489672585
0.114196109856095 -0.0994066587667243 -0.177573707435167 -0.270965213493249
-0.0299955703721258 -0.117333081229829 -0.323224686478375 -0.0817763924783712
-0.108442349939684 -0.0572528975863477 -0.301330457045687 0.145350506544891
-0.124260342961276 0.0375679212365151 -0.192566936473828 0.27787413525224
-0.0692229449615485 0.100354678997729 -0.0950199035330553 0.299914893261872
-0.0425461573069919 0.108292064557933 -0.0445979324127092 0.22357017803875
-0.0696728462512618 0.120092803452989 -0.0608588972242059 0.136927750571738
-0.16110498216008 0.0818384377146212 -0.048591607192969 0.0183148807113412
-0.181102067053928 -0.0681317100672336 0.0175063411253835 -0.0286206710234514
-0.040622341377951 -0.189281446511235 0.0321862002201245 0.0715545953964923
0.167103445755217 -0.136384036667921 -0.0711471690646247 0.0664822825076273
0.227585082524872 0.0611862485674708 -0.113401186470004 -0.0204164094310945
0.132269188251331 0.178136848003 -0.202304670688318 -0.164917978890846
-0.0233161366030829 -0.0447851835138869 0.233338375704853 0.235974391781407
-0.0636732505586402 -0.0139677231236497 0.188447429443925 0.016098611001425
-0.0606638723544329 0.0283071974578028 0.0812174107067547 -0.0700848082824386
-0.00146051407653764 0.0652899740709113 -0.040802244951186 -0.0601587478900661
0.0463567832064474 0.0294706553965625 -0.0107244503380724 0.0422094152363026
0.0480422642424759 -0.0121512999119391 0.0894971120386258 -0.0220050293711709
0.0302078024414156 -0.0284496717461827 0.0978450052299581 -0.129350332033809
0.0254386530918394 -0.0199990838353585 0.0769782984162739 -0.217101124220799
0.0306657729728202 -0.0103274074107459 0.0905373421655162 -0.270196347351777
0.0381758919368955 0.0124310846608881 0.181381111933313 -0.260580161039496
0.0309246523115676 0.0379741335878904 0.263349134829968 -0.142080975806904
-0.00418486299205233 0.0485861029784627 0.278021562900911 0.049934312354264
-0.0615192963656756 0.0300205007966463 0.188328503519834 0.213728738404861
-0.0782704444411195 -0.0227949791248995 0.0234416042426356 0.307932910347036
-0.0272010106826251 -0.0863171641742144 -0.0523100305822981 0.410677789885998
0.0603757369146843 0.0934319464720966 0.217184754367769 0.225044799294104
0.0785169955026797 0.0368044322187795 0.183884601783264 0.0331400260776208
0.0566004844746498 -0.0429982844239306 0.0859115660837048 -0.0794959909044215
-0.0296865668966917 -0.0521477348458696 -0.0491307692653647 -0.0658605857192759
-0.0656826568342058 -0.00668562524722488 -0.0232621763526517 0.0574190573317017
-0.051812901671662 0.0401057810421024 0.0957921994253778 -0.002677285537093
-0.0156478574275281 0.0617966362504843 0.106710163565498 -0.118519556891664
0.00360158741603034 0.070009767659974 0.0787560840962184 -0.206913349140194
-0.00274052224665399 0.0716414717029724 0.0849442043299548 -0.255634626514678
-0.0479445978067401 0.0698854029577708 0.167575833421839 -0.256514976978747
-0.0692131437050518 0.0306755728772103 0.25213360973237 -0.159206115136605
-0.0568486969231556 -0.0253836560553712 0.280861878545457 0.0359854576700751
-0.00033176053533535 -0.0637303691222266 0.200247857632016 0.200981836786915
0.0585679168064569 -0.00332054451768306 0.0396855678826662 0.302777661979545
0.0606569180537564 0.0522258300130644 -0.0400639857349199 0.406238107989326
0.120188497808029 0.210844522500635 0.181828989075662 0.180151018467066
0.200966438072787 0.0812155906661853 0.185062590581152 0.0537193915533397
0.159969892468146 -0.108225522850624 0.105564568807517 -0.116810319683293
-0.0534580021715927 -0.157340345348505 -0.0813253586822675 -0.102682854991404
-0.163504892338276 -0.043080572471844 -0.07385958290201 0.0725785500726042
-0.14384985409023 0.0828965651344335 0.0702430516340149 0.0408384432181038
-0.0617236282641899 0.140287174278657 0.0948817885267999 -0.0739934924305964
-0.01828856473751 0.149168075403858 0.0697162040005087 -0.164439227380849
-0.0340409046593018 0.144670003823919 0.0709321453294104 -0.211667426245104
-0.123765230576771 0.123771709551484 0.143214907946745 -0.235039221437515
-0.162768272586751 0.0246295496921 0.233875676391876 -0.172006724017152
-0.111461894440626 -0.095328702945005 0.284628061422234 0.0322354849077465
0.0550845452908083 -0.157616900080469 0.192734785237388 0.206419549397903
0.190879489582363 0.00832603271028568 0.0190844517597125 0.28392533775105
0.149034041591818 0.177724433833061 -0.0514227332854213 0.352579848418581
0.150089233164029 0.294034131617678 0.153562669370759 0.108295801171276
0.286473025787782 0.107965727062198 0.208144233419486 0.0336410069051801
0.225262903867897 -0.164147289946386 0.101639455121853 -0.193759305489456
-0.0770531706276658 -0.226856402130771 -0.147883243658262 -0.14347979870475
-0.229642100356634 -0.0641909884704554 -0.144364099644554 0.0929243855108946
-0.209053155096222 0.109951101364536 0.021121498887666 0.0984866172665689
-0.0971390073721833 0.195077371485144 0.0642526618243333 -0.00622507423621759
-0.036936096906704 0.20448537562232 0.0513432209616332 -0.0941685177542083
-0.0604615861997646 0.1976947462776 0.0499297068166288 -0.145313569842778
-0.18439640556246 0.164826787043941 0.112333853153945 -0.19812236533457
-0.240644983681665 0.0178012975859173 0.213348519945187 -0.169721254045152
-0.158055574695901 -0.161885517351677 0.27883140966807 0.0505517459280255
0.109363492805716 -0.24221213433058 0.150995849165232 0.220465851070004
0.301629600274751 0.0196648083763284 -0.0346776701220581 0.24182033483293
0.218172573080101 0.274793199452942 -0.0768593512284664 0.255315488699903
0.158990578867648 0.339020876826267 0.138441273362159 0.00567021367912206
0.329799052743285 0.113962881917199 0.217393795817431 -0.0499561199623042
0.243063757139248 -0.19614335654447 0.0432892595012588 -0.272624424520926
-0.0915910076030567 -0.247476096805173 -0.228252552688016 -0.154231268540703
-0.253164740180243 -0.0718373851865923 -0.209841256716834 0.118068100475743
-0.237649864165758 0.119054384059469 -0.0388788801272457 0.156861074262231
-0.11470624999521 0.218106379707467 0.0209886560516336 0.0767910185766216
-0.0495707454442283 0.228002437389267 0.0274136115208555 -0.00655903193141568
-0.0787046727440528 0.224402423963744 0.0259271344997231 -0.0664051482147443
-0.223762332506349 0.185725900219394 0.077532157219516 -0.14759715996081
-0.292339390965621 0.00358887405229005 0.185456749313671 -0.142056905053129
-0.181653234257524 -0.22088042214599 0.242622095499207 0.0881380561766617
0.161474605326124 -0.294040342231252 0.0712597274937322 0.221407997695595
0.373827784752732 0.0348347266876751 -0.0963114706663962 0.164702722471887
0.256152709523094 0.327295933420819 -0.108562751997002 0.13413732228463
0.1542477871888 0.335363424413828 0.124464297401065 -0.121689724503254
0.323205206279787 0.0994586379223512 0.173223607306261 -0.16100225351367
0.219064597014354 -0.191036162246122 -0.0475971136072043 -0.30521378980802
-0.0881944371234467 -0.225503942656452 -0.285168496480475 -0.131736463970234
-0.2345321957461 -0.0697733105163981 -0.253786580287722 0.135751088680583
-0.227780923130199 0.108239357961828 -0.0980246487709394 0.206201724213307
-0.113007059803204 0.205885112623871 -0.0229179499771208 0.161235153779673
-0.0543458682758615 0.217066028306453 0.00301794101190554 0.0832130487850874
-0.089303230350341 0.219142735646154 -0.0019046958082336 0.0135517770470031
-0.236954693384566 0.177423567057332 0.0384407623116684 -0.086147974411827
-0.304313640883825 -0.0228753985662575 0.139999657002937 -0.0951640704822488
-0.163885437685449 -0.258574102440088 0.168759482524989 0.116922350002373
0.204983649049731 -0.292160546358592 -0.0167568705615305 0.181779602633665
0.386255138660559 0.0553778909096448 -0.127518085637954 0.0719017962581581
0.252596715159611 0.329994019035849 -0.139384741695355 0.014919102494231
0.135762372819864 0.281304408906754 0.0960108991384138 -0.247843780997974
0.269481975058987 0.0743722649951616 0.0898416715489461 -0.244341474460514
0.169072774424242 -0.15367940208168 -0.121932201098299 -0.289964452722639
-0.065379038398785 -0.175733751517921 -0.305966671624226 -0.102001028488507
-0.18102053512321 -0.063707665348469 -0.277571909527471 0.139597506691032
-0.184727618134833 0.0793070811729519 -0.148066084216312 0.24175191978804
-0.094448926625148 0.161692087319639 -0.0612360016995543 0.234357853084312
-0.0514205800460273 0.171721728115478 -0.0215230021471656 0.159950927051133
-0.0847341647718666 0.181328694272485 -0.031048020693186 0.0830564438540501
-0.215015363890982 0.139686604361706 -0.0058694210401878 -0.0259591113641707
-0.263768729828841 -0.0519238689959096 0.0751074979112676 -0.0498903211185333
-0.106712325094775 -0.251210014366687 0.0849036846953407 0.106588135717897
0.211298804003157 -0.228482105596894 -0.0639846940262263 0.114078684237391
0.330889270189505 0.0679652581998303 -0.120868267867399 0.00526769351588909
0.206126250701789 0.275575707131055 -0.168860157818717 -0.0845243298967947
0.0955732423638252 0.18501704310846 0.0579319517471174 -0.343589381691729
0.179983517603674 0.0496539447385225 0.0082159628149611 -0.286942000662291
0.108702241845684 -0.0940566641836284 -0.166427528377681 -0.257902878858952
-0.0290230079075564 -0.111861693401403 -0.306413416324257 -0.0781266637119006
-0.104148261144223 -0.0544041010701032 -0.285721135548365 0.137074877034833
-0.117612523928487 0.0375747095926834 -0.18129010031171 0.263853177631687
-0.0650727986758628 0.0954518836325628 -0.0882957093255183 0.284583088073341
-0.040071470072591 0.101201691752767 -0.0414003923301634 0.211854520848611
-0.0646104848087054 0.114483066973519 -0.0570946435917429 0.13056714500152
-0.152767816400409 0.0792385886975487 -0.0474077643545662 0.0191174304373431
-0.173095686689415 -0.0642876225449808 0.0133188647295307 -0.0262984071664714
-0.0385006715407364 -0.181997999416458 0.030889687153187 0.0678301163586011
0.159619782892642 -0.12754672239721 -0.0653601377432979 0.0643454946297828
0.213065697940983 0.0588943157456671 -0.107113562518531 -0.0188464467115962
0.122942673755364 0.170359479626466 -0.190761399928903 -0.154783715571547
-0.017246620840188 -0.0469154192549862 0.199536413135717 0.261161031425595
-0.0599279229871811 -0.021987008314553 0.186763496735935 0.0376964264416495
-0.0627542305827511 0.0182585361538733 0.0900399489198247 -0.0629638658110211
-0.0112035405082517 0.0624732985431921 -0.0322413849671621 -0.0662631393706618
0.0394175319783378 0.0365957338194726 -0.0177067995890931 0.0394350674913078
0.0485033406656545 -0.00450053908832633 0.0885322895185422 -0.00832263963095422
0.0338716393259315 -0.0246804051897767 0.111746169363004 -0.113004324519172
0.0277740284703942 -0.0166758617244941 0.109371124542021 -0.198087981095417
0.0293020443875805 -0.00832012197391694 0.130615719607744 -0.24810572503539
0.0336399620291025 0.0152588069208492 0.215456502069581 -0.224507746076028
0.0239661036087272 0.0374853109829926 0.278593470322497 -0.095474698023284
-0.0103437772420766 0.0422903722128898 0.264564550850224 0.0927473584375143
-0.05851131253653 0.0187273847712597 0.147297685800137 0.239021910561939
-0.0662514635341631 -0.0331700492793552 -0.0300059013875398 0.307622636316079
-0.00639442346030171 -0.0876137615948429 -0.123433883735528 0.392563625826352
0.0433017570624965 0.0981170521277311 0.173419768861329 0.247826636331579
0.0685511772857261 0.0496774111514198 0.173235031822006 0.0591335541319412
0.0613214214080677 -0.0315943345804076 0.0951309245484374 -0.0627025410516424
-0.0185617998611737 -0.0551123408462347 -0.0360161099612432 -0.0692913693900117
-0.062751837510445 -0.0178376196847743 -0.0262017963782367 0.0531952149846112
-0.0566995371915344 0.0301548963769678 0.0941801947109459 0.00690888114561113
-0.0246939776624717 0.0565665097150832 0.121327590262723 -0.103202256440815
-0.00731494611588807 0.0665339914712482 0.109868722774745 -0.187923522796444
-0.0159506807867124 0.0653247096476079 0.124330765467781 -0.233590569959292
-0.0569952678420605 0.0583231674810916 0.203295689952791 -0.221754272052614
-0.0711564526583057 0.014780931826077 0.270145669004141 -0.113448064242205
-0.0491255390366973 -0.037812709884394 0.269575233884227 0.0811234296527821
0.014513597121036 -0.0618659369116113 0.159657732492754 0.229427340601422
0.0618311254423553 0.00650549691290348 -0.0128512043628778 0.301060757561284
0.0550861673040351 0.0610005490143486 -0.111860603740493 0.389250806903202
0.0839699802136711 0.219185184578722 0.136658478560782 0.200394421115135
0.179767870251072 0.111209860774911 0.167010720892276 0.0838996685987301
0.171893443537724 -0.0791125542420179 0.119568190100056 -0.0889479252453744
-0.0235527610298872 -0.160760703110429 -0.0591944170096254 -0.105590806732327
-0.150732599637332 -0.0691938979238259 -0.0724001912450607 0.0608961865761738
-0.152323009007373 0.0570849692340298 0.0660398625965943 0.0419675926269814
-0.0820377378627809 0.126201808386585 0.105279783662796 -0.0632673834813112
-0.0418342120550737 0.138881586883436 0.09400399817002 -0.147478168730358
-0.0561027058515409 0.130463494917082 0.104339835238036 -0.192862244240867
-0.138832316799192 0.098013374006114 0.177176505292722 -0.202451953410377
-0.159605467767955 -0.00514191160580058 0.253771555339 -0.125828172059768
-0.090516818002492 -0.114589569920932 0.273337943317954 0.0803603573891667
0.0831320052434855 -0.143511885983434 0.148934159855865 0.232470804930228
0.185879163636846 0.0400455122918481 -0.0306828572564004 0.276407389580436
0.117654534826271 0.19789592263756 -0.110477629169348 0.333005230663352
0.100903162492273 0.303228378201846 0.111866337208304 0.125919641930311
0.258924147104601 0.150169162684267 0.18915230266847 0.0723552210016079
0.243920123471922 -0.123573278927659 0.127858703697153 -0.157568987660911
-0.0348688789880236 -0.232015876660573 -0.114785941557206 -0.151745596676686
-0.210743104836706 -0.101159153098681 -0.141113041738721 0.0707474983173464
-0.219159591921233 0.073774094310256 0.0115940528189924 0.0877840679658778
-0.124853596797365 0.173836416424371 0.0670727980644521 -0.00144878804590442
-0.0686895379330677 0.189635764380014 0.0637149400142457 -0.0823748024535396
-0.0889739275902596 0.178077466900776 0.0742727185536863 -0.130834885943622
-0.202910249927165 0.128966251843693 0.142053182080813 -0.169895751275108
-0.233492957730404 -0.0234394605623909 0.233457975023937 -0.125072312982062
-0.124888958003279 -0.187446201754529 0.26560604510693 0.0983963359401273
0.148363910603941 -0.215211483944836 0.104629056956087 0.240708157632982
0.289361118680168 0.069739938751121 -0.0771543158301107 0.222448694148574
0.166770444312956 0.303059647706784 -0.119718807750861 0.231273797497409
0.103320741195336 0.348823085679453 0.109495128078874 0.0246143825210921
0.300646956952341 0.162696151194065 0.209414930696012 -0.00641140064196376
0.265880630504629 -0.151078176236876 0.0834609654083401 -0.241984570912914
-0.0464031096041541 -0.254360869307932 -0.19037796216111 -0.172324384778495
-0.232077005141548 -0.112536518912623 -0.20662042417992 0.0853213949832093
-0.247382161636807 0.078848386883403 -0.0553179697603026 0.136113054563104
-0.146324894853354 0.194305700069625 0.0144093085799648 0.0733735152759916
-0.0838620468259566 0.211314055123606 0.0276613047132662 -0.0017605576119785
-0.110831505458424 0.200676283622721 0.0389457741359095 -0.0578686455086232
-0.244092094692091 0.143643953634733 0.101414138508942 -0.124835887833745
-0.280765894145123 -0.0449536663096597 0.200643490230809 -0.102471798837541
-0.137531534512754 -0.24844780126464 0.223417318790795 0.130467396270953
0.206957803668567 -0.255486392494757 0.0265232304196407 0.227669900186191
0.354814806433274 0.0976559097065751 -0.123752926601728 0.134737214258567
0.192119110500657 0.361877406609559 -0.129720843843552 0.10744512912683
0.10017752643171 0.345612678284878 0.113578879724056 -0.101805087318037
0.297735575919168 0.145889902546049 0.183114999181796 -0.121613459004701
0.241975933202597 -0.151602976926629 0.000619742386138864 -0.287143894811758
-0.0463964230695877 -0.232261424967286 -0.248437178218076 -0.159279156879185
-0.214771077317627 -0.10690675621159 -0.253086074619802 0.0956514054659591
-0.235603081833369 0.069645308654258 -0.120135536552244 0.176394639490867
-0.141934661398584 0.183803737770708 -0.0405015927765428 0.150552426975738
-0.0873698246847043 0.19927157891568 -0.0106081622458029 0.0812794820508394
-0.119446922115194 0.19585227246297 -0.000717136326301283 0.015653437430953
-0.25590875408182 0.134167770016643 0.0534926341028558 -0.0710924372291345
-0.288720091822359 -0.072248167182202 0.148131789856692 -0.0634343561021317
-0.113041835167365 -0.282234747184161 0.145965012548358 0.146867315344654
0.248481840669299 -0.245099035012472 -0.0526343397671441 0.17337848762101
0.361525427458347 0.119234227705422 -0.138898597076117 0.0381776430757583
0.185885845884704 0.36341411379492 -0.139558479721579 -0.0148601716664483
0.0896890722469886 0.29083028143213 0.107844861278381 -0.227847370970054
0.250165097950191 0.113383164564838 0.115137068115575 -0.216406641365982
0.188116872423595 -0.123002944064538 -0.0750992326933066 -0.286768389942993
-0.0335690106194329 -0.180527355195969 -0.275006212065663 -0.134163708811748
-0.164673641293358 -0.092898000004018 -0.279220614779209 0.0964330947131188
-0.189067558946134 0.0494121834024021 -0.17462205684604 0.206362114385374
-0.116737515011585 0.144474350781782 -0.0881791939797909 0.218152258410384
-0.0768995143413325 0.158053105352349 -0.0455952537771487 0.151464838841721
-0.108991602787782 0.160591786073889 -0.0410627847242729 0.078518291293417
-0.22843706638187 0.101671568184899 -0.000803388010426266 -0.0202739431589177
-0.245376142565989 -0.0933571791155925 0.0778072689098016 -0.0304937419592714
-0.059058263600099 -0.263135236464536 0.064821162054355 0.122759930285515
0.243292216814229 -0.181714719690009 -0.085440808841419 0.0994668940898492
0.304453307313078 0.122405138538295 -0.119793404302026 -0.0240868944343735
0.149372521238522 0.302859227551267 -0.150492628787151 -0.11539682160318
0.064468105135579 0.191740830322258 0.0922560532343793 -0.325069350809384
0.1678509244656 0.0749522794433002 0.0447890740358365 -0.27165297263199
0.120266843825801 -0.073593190607925 -0.124104742099421 -0.266505869073948
-0.00951696300780553 -0.112963343044092 -0.281669561120957 -0.112159608363007
-0.0929208134578018 -0.0712089237476525 -0.289876954816972 0.0937790748363872
-0.117383249385055 0.019046239227834 -0.211340984088282 0.226728436398465
-0.0770330594871893 0.0843173780794949 -0.122705872957046 0.264569631832026
-0.0552008400295595 0.0917490792141882 -0.0744625854689336 0.19883349973936
-0.0785406230070939 0.101042555250055 -0.0744704505607796 0.120376017028341
-0.159679887949455 0.0532631947295604 -0.0492865731874627 0.0151942608231602
-0.15728766890121 -0.0896533348323073 0.0126515883852742 -0.0190489803498431
-0.00609011751477189 -0.184289359920319 0.0188585208819313 0.0748542602921059
0.174996938648701 -0.0935690527003634 -0.0764137270223156 0.0518097329071998
0.192403158166608 0.0935032210371798 -0.101630561645185 -0.0412493258833815
0.0862530764268023 0.186953796032605 -0.160389478685031 -0.185817928703758
-0.0162655322479305 -0.0469483223678748 0.200849645118475 0.263225405077647
-0.0610631259308238 -0.0221242904997499 0.189363773145652 0.0362955503215983
-0.0636734970384481 0.0177338226956201 0.0905970571983782 -0.0658640104335595
-0.0113282810382733 0.0642059828978344 -0.0324493099438423 -0.0668713810000977
0.0404576131016568 0.0376935921005803 -0.01657686159547 0.0409389809352456
0.0498118624024138 -0.00504709722275816 0.0885288600186867 -0.00968986212758811
0.0347727747181595 -0.0254929547371882 0.113575983454939 -0.114474855041766
0.0279639933790739 -0.0175006482680375 0.112616677563262 -0.201251601767993
0.0298765191178497 -0.00729526131874337 0.132706607520476 -0.250695468262151
0.0345794415691907 0.0158465925421368 0.217991564892433 -0.22706263439212
0.0244190641344818 0.0377867333671913 0.281932556907411 -0.0952344904842221
-0.0108376520326225 0.0428994158826193 0.267028157096271 0.0952884593997155
-0.059864638638291 0.0191184577992292 0.145755128388773 0.243699063526752
-0.0663607111267147 -0.0345784588631891 -0.0342371617138497 0.312638330429113
-0.00602696420706766 -0.09014500776319 -0.127518773776539 0.394362066312083
0.0425092876013848 0.0991388365053064 0.175575501668402 0.250970497958654
0.0692561257853295 0.05170318123864 0.176843749520657 0.0582253863658113
0.0630520301329257 -0.0316944790594991 0.0957613992190173 -0.064382296333247
-0.0174343084995506 -0.0563384455425901 -0.0366018068176911 -0.0708474096183242
-0.0635238807896931 -0.0180585043518186 -0.0248200021479997 0.0549148209292813
-0.0569532377978939 0.0311696885895417 0.0953788527557788 0.00532619042789228
-0.0247792949837181 0.0562089488810708 0.12218082758335 -0.104982209071546
-0.00764469816966885 0.0661821604865631 0.112299501881459 -0.190847790934749
-0.015703124599193 0.0661468912897365 0.127297992425154 -0.235949465880941
-0.0577749768844318 0.0597074662761958 0.205406981926393 -0.222777187473978
-0.0718621368847732 0.0149920335412987 0.272407712963232 -0.112806488327441
-0.0504121434962286 -0.0381183353514583 0.272642941518155 0.0829553922839282
0.0148126651423179 -0.0621427330563525 0.159069217261064 0.23432371397216
0.0630538612872957 0.00605050023336862 -0.0157260714984875 0.306524561499538
0.0561141970543975 0.0616718587975522 -0.115380225668099 0.391748448313322
0.0814873196283323 0.22142524644367 0.138270734770592 0.202583280573834
0.181374823821849 0.114678952725565 0.170321994693884 0.084812483910807
0.175826165792611 -0.0784369066311164 0.121358037476729 -0.089878049051749
-0.0222969088393281 -0.163481527437349 -0.0596277119171102 -0.10841782951901
-0.153367023928868 -0.0703547531824686 -0.0711744572335212 0.0617578263490466
-0.154463481237832 0.0588156354699929 0.0672474203516074 0.0408657906149603
-0.0828869093720269 0.127279141442052 0.105787445013429 -0.0646998893216803
-0.0425574604035707 0.139841134322539 0.0959354204336726 -0.15044627929862
-0.056671315062158 0.131790542844193 0.107442021479466 -0.194298844397206
-0.139892328553418 0.101243162417032 0.1785497341564 -0.203927454712374
-0.162226356634902 -0.00487725907972195 0.255649831900722 -0.126422097665314
-0.0916151095649924 -0.116510915174208 0.277057373033037 0.0822248650620201
0.0851966401226954 -0.144920206572464 0.149468387769372 0.238557428048797
0.189122173301639 0.0408458712162845 -0.034552331040461 0.28052300349273
0.119253073546829 0.200261203854159 -0.115632197971688 0.333041347736261
0.0969552371093257 0.306225265053081 0.114502756160123 0.128896823669711
0.261830682557786 0.15510631900447 0.194265323306581 0.0738326592401572
0.249233433792394 -0.123462546254519 0.131267518637507 -0.15985860264448
-0.0338835111639608 -0.236365712365019 -0.115068852259608 -0.155931835510437
-0.215123523642578 -0.103113398106246 -0.141670978848203 0.0714778515117811
-0.222470949360031 0.0757509738116793 0.0126949412445975 0.0878067418381368
-0.126451590843048 0.176647831946739 0.0670635849306813 -0.00216602138500101
-0.0706634680452008 0.191291084079572 0.0659815363304316 -0.0839731337736864
-0.0900349146585989 0.179755544423363 0.0774925450934778 -0.130670825573715
-0.206291910399782 0.132899067987361 0.143418688882042 -0.170654355499954
-0.236970162592693 -0.0232521571322079 0.232562274887045 -0.124824515725848
-0.126956962849256 -0.19085003419063 0.268471842923241 0.100978260772353
0.152081257403786 -0.217198079296852 0.104877642596997 0.24595335139208
0.29391811666637 0.0714082182741738 -0.080358370703933 0.225444288717125
0.168708508664276 0.307967342687267 -0.123856241082363 0.230842757660363
0.0989180233955676 0.352813043879749 0.114050556806149 0.0262794162220705
0.305264692592136 0.16667543081737 0.215622191971504 -0.00486203367231875
0.271411575801082 -0.152606477868794 0.0869933752082462 -0.24498792933714
-0.0462029527235925 -0.259284772008365 -0.191771667934204 -0.176852484787605
-0.237526155404012 -0.113990501154454 -0.20843201458794 0.086243427282082
-0.251089778934411 0.082038353757404 -0.0546800212219295 0.136049420418689
-0.146856024290062 0.197382001930209 0.0140047337224464 0.0739396267167435
-0.0861761786409966 0.212438482236502 0.0283742964694043 -0.00153549127090257
-0.112297293674476 0.203054210317653 0.0420224667202607 -0.0566404427488722
-0.247880450872108 0.147523742532922 0.10132938389264 -0.124575676212665
-0.286644255280767 -0.0450177148041698 0.199366002682586 -0.101144340593788
-0.139666686124454 -0.253588075072465 0.226352540945421 0.13352954152873
0.212828763441098 -0.258326954256828 0.0259871675730109 0.232684288320393
0.359267275088746 0.101406339729115 -0.126875976759931 0.135829334410645
0.192602834499399 0.367662636391225 -0.132326762078327 0.105808287863436
0.0954083428861292 0.349035080196099 0.119821412914993 -0.100019450166596
0.302814747243502 0.148671317847632 0.189656834269077 -0.120782696594483
0.24714977995786 -0.153263063672076 0.00377410224574514 -0.291413424046606
-0.0469200658827835 -0.236800438639073 -0.251250073638231 -0.163817070747686
-0.220031364713147 -0.108930891768409 -0.256575876672381 0.0970653823373906
-0.239030284782311 0.0730925367333163 -0.120612837137713 0.177416524915431
-0.143100801549321 0.186885970797365 -0.0423740513715322 0.151109464625941
-0.0889979207824442 0.200473203364501 -0.010497727442541 0.0831424906288802
-0.119955298046712 0.198552350586932 0.00114639216448767 0.0170804257692613
-0.260042707587484 0.138632763958624 0.0527844698556495 -0.069850639058311
-0.294518719165592 -0.0729138575301825 0.14612599334411 -0.0619544357567612
-0.115512311276937 -0.287973161797777 0.147712194688342 0.149598122642025
0.254378395250526 -0.247334087990747 -0.0535718657584463 0.176955536413079
0.365693394595978 0.124097448941635 -0.140699977655185 0.0376516736757468
0.185518455134968 0.368778214883056 -0.140804985627638 -0.0167070033230779
0.0853670322899994 0.292965411722054 0.115805358868719 -0.227637434241343
0.253811950849212 0.114424198900342 0.122229709339438 -0.217347550322996
0.191752311444116 -0.12473376532987 -0.0729643091729902 -0.290516277353218
-0.0336637250576109 -0.183440585629724 -0.278621727930657 -0.137500805116739
-0.169577041259414 -0.0939787289829693 -0.282814347711326 0.0973125062652476
-0.190935708300232 0.0519892970148359 -0.175450442594979 0.208480209429152
-0.118151306980837 0.146583827962152 -0.0894885002765763 0.219525089282652
-0.0786015999310046 0.158332582274678 -0.0470010115158969 0.153589428410859
-0.110152445650685 0.16246232076559 -0.0401035324397462 0.0804115913735448
-0.232875610038108 0.104753725695356 -0.00127054826580282 -0.0177752324005411
-0.250507793052705 -0.0950408964946092 0.0734701330206889 -0.0289379263223507
-0.0598895891715588 -0.269749462853035 0.0648490794764762 0.124605169950422
0.249560254307353 -0.181334506498942 -0.0852989197080505 0.101684184691688
0.306636342789479 0.128132691351717 -0.120688191922767 -0.0253912825842403
0.149759929060836 0.308135874404112 -0.15164364641094 -0.117399462194035
0.0612369542263224 0.194096719111458 0.0997995965993024 -0.326045681751735
0.170499495464082 0.0749410105634107 0.0500630927746425 -0.274532178430331
0.122946525901771 -0.0746413660290841 -0.122875405077908 -0.270165400446477
-0.00963539655352842 -0.114621419268231 -0.285354218285266 -0.115121141663106
-0.0954968311023484 -0.0727004880820336 -0.294149092705914 0.0934455185924861
-0.119234139923183 0.0208507901387992 -0.212789853684361 0.229916670728209
-0.0774726698514834 0.0859051002392897 -0.124328121660365 0.267503041560233
-0.0562528495026849 0.0916972842581201 -0.0762248841558121 0.201480484086501
-0.0791223945449862 0.102065399095208 -0.0748704936304074 0.123133629792858
-0.162636631470273 0.0555895742676704 -0.0507950131324316 0.0173945865580208
-0.160184832866304 -0.091044158971331 0.0095847655846119 -0.0181963169769706
-0.0055490612954987 -0.188493088571927 0.0190061099740865 0.0760231601046397
0.179386286092365 -0.0922858940617624 -0.0749411785668671 0.0532422493291274
0.19297408439964 0.0972494237171074 -0.102408097031897 -0.0430489561876897
0.085947492726678 0.190356032017317 -0.160825488245771 -0.187305792805416
-0.0168357692128972 -0.0474142834899606 0.21220316145402 0.260208089745988
-0.0625838275883185 -0.0198386075685384 0.194892276702235 0.0291412951908016
-0.0644721362530117 0.0204535409426949 0.0897337447355183 -0.0714771771978833
-0.00891437971884675 0.0663127459451587 -0.0354867603452923 -0.0680710843777263
0.0434029747550027 0.0373881874463228 -0.0132436396286216 0.0428444971718656
0.0514363741111961 -0.007019891801925 0.0892906810516683 -0.0143361238624547
0.0353129538690983 -0.0280989082972428 0.112210179139377 -0.120825667472888
0.0278244592195977 -0.0192692950470122 0.108423397074422 -0.209746851445196
0.030362120768148 -0.00863991881194017 0.127781652976376 -0.26010925062433
0.0363788760753488 0.0149964496913163 0.214788894748742 -0.238294803885207
0.0255837016670565 0.0373501832022532 0.283895481779763 -0.106738921179773
-0.00897217281606645 0.0442222142711979 0.274904519736114 0.0883991408620862
-0.0604258335189952 0.0221976900496214 0.154173004351273 0.24427977866995
-0.068504737528091 -0.0342720415505979 -0.0271622556614331 0.322136719230853
-0.00932042881317289 -0.0937810037486187 -0.120677859894695 0.404462937966537
0.0455686614101164 0.100050567726324 0.186283223075844 0.248560891203535
0.0718053414533121 0.0520250213514589 0.183475032949806 0.0521769050315631
0.0632136377674243 -0.0330164406254233 0.0962581099950046 -0.0701108824759621
-0.0189834418085392 -0.0571035096962336 -0.0394215003948103 -0.0712138503504761
-0.065350312106285 -0.0160489566210394 -0.0210238832786723 0.0571377466355677
-0.0570241794480863 0.0336377052453703 0.0975379935206497 0.00138740089993535
-0.0221753116617364 0.0576687944956351 0.121303230311427 -0.111002246460192
-0.00592767971475168 0.0670939749610156 0.108509476957266 -0.199771560471018
-0.0130300167531586 0.0683006180332077 0.122727064258737 -0.243899156670611
-0.0563232252214127 0.0638440268571247 0.200411592733483 -0.234284952072818
-0.0734984593436543 0.0178332943159542 0.272471362005358 -0.122526515042877
-0.0525751916477885 -0.0377343307593873 0.279747891377419 0.0763091636252577
0.0135524091575746 -0.0633813553508846 0.168744576720576 0.23413519974132
0.065352514206824 0.00400194804242519 -0.0087427179584949 0.31528735988065
0.0590037360786282 0.059458249406626 -0.109432227614827 0.401143987502839
0.0871551523659711 0.223467574109405 0.148069418366325 0.201806830500026
0.188052987597313 0.112816578612003 0.178164870367135 0.0795326284855937
0.177614522933719 -0.084811595854841 0.121561247222791 -0.0962616585788644
-0.0271817128660464 -0.167498213670294 -0.0635524639917644 -0.109759830540761
-0.159520147109571 -0.0667848677195294 -0.069021155692751 0.0659806308208339
-0.15587348085824 0.0661055010688735 0.0701445393964473 0.0372133753897909
-0.0785621746765021 0.132600352774674 0.106124011688005 -0.070022637961515
-0.0392541683529314 0.143168594927485 0.0941606053021944 -0.157510172852823
-0.0531006867953884 0.135972559326277 0.10485907688024 -0.200454079223463
-0.139139817111655 0.109877330000826 0.174610290615886 -0.212889377178153
-0.166486151614227 0.0017905056293634 0.254048165079961 -0.136116454254492
-0.0981234629992743 -0.115618161441094 0.284744216238771 0.0745187585652181
0.0826193731257012 -0.150552508128171 0.159766743437856 0.238623162715032
0.194626349243651 0.0349908844470206 -0.028118697828831 0.287963877459455
0.128276441962384 0.199266420408089 -0.109211555701107 0.34055810634553
0.103595314285619 0.309590254326579 0.122784003118735 0.128711776945353
0.272378525845839 0.150357827522439 0.202541685998086 0.0691383646518966
0.252882152810447 -0.133254050210988 0.129500201708748 -0.168386657884736
-0.0420643183581415 -0.241498197504377 -0.122049722146358 -0.156752860968937
-0.22485951658276 -0.0976160345591753 -0.14018372389114 0.0776847664928236
-0.224994185118357 0.0871185168925725 0.0159683226100282 0.0868395471760212
-0.121401854561741 0.185516151671056 0.0677655613316823 -0.00499931393687269
-0.0656665864483869 0.196332487264603 0.0648551495407807 -0.0883572438155014
-0.0850890433702951 0.185814493788016 0.0765844164347838 -0.134870068209795
-0.205072010314463 0.144095870223335 0.13965910409606 -0.176600872341173
-0.244111513567815 -0.0139428793341926 0.229722013940264 -0.13326842716772
-0.137568910483698 -0.190743114021072 0.276839059371592 0.094303340176491
0.149468696716921 -0.227324460895904 0.115202967143694 0.248344066562399
0.302499565502559 0.0642350102003522 -0.0767518939959742 0.231889119708851
0.18157979372426 0.308260146001547 -0.120416246620988 0.236392861265398
0.107639989536486 0.355043822124349 0.120034996409771 0.0255582873703498
0.31616578161591 0.159526227148957 0.223277546824004 -0.011758156508038
0.273706736074466 -0.164938414979918 0.0826077413863579 -0.253317636224887
-0.0562587839088837 -0.263992949005397 -0.20115197252431 -0.1758632646989
-0.248947133055618 -0.10718631925675 -0.208483932461096 0.0947139944981156
-0.253909809970313 0.0948084854468676 -0.050247910255547 0.139100151520505
-0.142166492935511 0.207246538879839 0.0156632137931423 0.0742754530698406
-0.0812970279472799 0.217943268728588 0.0294907717884816 -0.00231199283585885
-0.106356158884266 0.210842109573716 0.043341873777671 -0.0577481421202906
-0.247837056088062 0.162443414817385 0.099079143544314 -0.128489454147312
-0.295563832228679 -0.0346436293609518 0.196003804277236 -0.107500991958234
-0.152789872934681 -0.25485602529317 0.235605944725458 0.129589894285193
0.211680237118298 -0.270932095913346 0.0343327470476038 0.236641673184513
0.36974691519124 0.0937301103714258 -0.126655257384239 0.141538575963025
0.208331909964819 0.368506503740537 -0.131954853993324 0.109621734142001
0.104222838352364 0.353124525001834 0.123279470359597 -0.103880628902474
0.313000987944909 0.140248983667728 0.194365697494207 -0.128552321361503
0.247490523159915 -0.164927509740119 -0.00331515839153663 -0.298422826101057
-0.0566072133438124 -0.2404576590522 -0.261669158232049 -0.160480935613682
-0.230794172303178 -0.10240131346299 -0.257948731689248 0.107474410972045
-0.240734059482204 0.0849415376827846 -0.116196265945382 0.183930882922497
-0.138058831741842 0.195890247327629 -0.0374910557813246 0.155988738830879
-0.0849403749350296 0.206425499852393 -0.00791599472945486 0.0846107107766251
-0.114918038503305 0.205804453116935 0.00434838771497667 0.0183057606086965
-0.260515386580185 0.153368919087143 0.0506436175480807 -0.0703129265386582
-0.304960706296277 -0.0638829370357451 0.142482303520081 -0.0653323143605076
-0.128388159306087 -0.292225286061575 0.154759146892568 0.14837364971382
0.254753007493125 -0.259699888136036 -0.0466203201409988 0.181774652847676
0.376901909296825 0.117297945112212 -0.142188356209327 0.0407897783919747
0.201720770091515 0.371488993790417 -0.144176934601865 -0.0137615919377379
0.0918403178544977 0.296432623991879 0.115091055632626 -0.233055227116961
0.262946492750643 0.106346504751597 0.121924361818903 -0.225285406850679
0.191940802551672 -0.134389148527823 -0.0817562395988866 -0.295584338955083
-0.0413464503301905 -0.185694049934158 -0.28864740059149 -0.13257587119493
-0.177885769112125 -0.0893376934586016 -0.285773655855869 0.107861897660996
-0.19225688482623 0.0617728583029358 -0.170639419988801 0.217354941969455
-0.113693212737806 0.15427723034419 -0.0839029168401969 0.227162676518246
-0.0762741122674237 0.162130980544403 -0.04304774489376 0.159086703243864
-0.105758020058319 0.169506582964554 -0.0361506214813223 0.0840232261356319
-0.234178740747347 0.117635339033625 -0.00308304483242159 -0.0153847612905557
-0.260474295939736 -0.0881726285489182 0.0703318914055636 -0.0295367002705475
-0.0708231597372114 -0.275193490518275 0.0698725767315939 0.125383995904422
0.251593640150309 -0.192121585639442 -0.0823808008457854 0.105619093537636
0.316055362343477 0.123625313416635 -0.12362253599327 -0.023181223938544
0.160946777244637 0.310816689121849 -0.156943085961651 -0.115418884444962
0.0654348941422688 0.195278410496641 0.0961327166503442 -0.333240116276809
0.176564346992364 0.0683809764434799 0.0458208050569039 -0.280219019259175
0.123202147440097 -0.0804557961512352 -0.132089179816024 -0.272010395292027
-0.0142874280444822 -0.116408576338723 -0.294981677169746 -0.107830449302653
-0.101654852851029 -0.070051767150589 -0.297855218257954 0.10516564240052
-0.119270600386235 0.0275368902500967 -0.208176069525729 0.240225668692728
-0.075024395311494 0.0907422068942631 -0.116483509576135 0.276993236442426
-0.0558322384959699 0.0938546380828456 -0.0709879656869723 0.207723139655486
-0.0759882800594766 0.107148668408165 -0.0716863011764125 0.128752448885993
-0.164883280567888 0.0632140988263968 -0.0526779670903741 0.0221912627117748
-0.16884333586109 -0.0876574556717338 0.00500171597973493 -0.0167121033348739
-0.0126499833545245 -0.19315761269393 0.0211956991590777 0.0761837730362337
0.181619686847436 -0.0987306251925886 -0.0722019291016614 0.0569968525571201
0.198545298725083 0.0942029591974952 -0.105667776315686 -0.0401404551012379
0.0934348276334779 0.192179117671035 -0.168366781990189 -0.184069602380729
-0.018323880180394 -0.0462723538038322 0.223835710532925 0.246250359275036
-0.0631258143068095 -0.0154014319048134 0.195633106810545 0.0155622288998569
-0.0633147742109976 0.0244821707523767 0.0848259736557425 -0.0774920308318748
-0.00444583901492174 0.0663019297271859 -0.0384782235461799 -0.0658390651403007
0.0461100916526893 0.0351298602379067 -0.00900090302112478 0.0432006604733328
0.0506121149946026 -0.0107601062676674 0.0866939837196648 -0.0198625635884241
0.0336896477269266 -0.0309211463257293 0.104481129966828 -0.126821274691863
0.0271236687370702 -0.0205284393129875 0.0969959950059934 -0.215433710942507
0.0295366184349548 -0.0100756793336549 0.112912033915156 -0.266422355312913
0.0374442851682652 0.0127550149242219 0.198861807570567 -0.249659906865594
0.0276971039938134 0.0354600234898334 0.276961563917093 -0.120744151862615
-0.00641629555402943 0.0444139012903851 0.277195026128062 0.0730473497446696
-0.0592741675448138 0.0258705428785858 0.165146825238168 0.235458972387311
-0.0689841328514133 -0.0307173470328188 -0.0103290670693128 0.323251527968537
-0.0156898409375306 -0.0932862213279026 -0.0998618869461311 0.40668639562332
0.0501064023796715 0.0972502699344478 0.198364566766731 0.236325538235867
0.0738739680654345 0.0493054453787626 0.18667607795413 0.0388600234745494
0.0618563652884708 -0.0354719071434171 0.0913588288124008 -0.0767618773097329
-0.0210777438033798 -0.0560299215575962 -0.0436417645731715 -0.0687672889890003
-0.0662762649095217 -0.0124184422127065 -0.0158270401649046 0.0578052088926889
-0.0548078551145175 0.0368654624465513 0.096030715384018 -0.00593936503197539
-0.0185079354183675 0.0578063449270565 0.113854147581653 -0.117935180264413
-0.00177225271954497 0.066711431589427 0.0975925351413631 -0.204823314740738
-0.00942550015862506 0.0684641490950191 0.108365232087466 -0.249269376465265
-0.0517503135985042 0.0676871380059967 0.186016227059111 -0.242674042237895
-0.0720247727645276 0.0225089554240544 0.263421008963715 -0.135791224586275
-0.0546502026485337 -0.0344699295941819 0.282036148487218 0.06050295303401
0.00992586317299409 -0.0635912486311924 0.179240195443536 0.224158644654591
0.0662074079656479 -0.000846123995508433 0.00707737363575693 0.314506379259247
0.0617633092133243 0.0545630222396388 -0.0891929758820265 0.399820796110943
0.0955967861194373 0.217345077106361 0.158147132123141 0.192465683079483
0.191801094225313 0.103857551503158 0.182821725753091 0.0677440405201842
0.173596359595614 -0.0930732996014657 0.115870151422966 -0.103568426915447
-0.0360404845287625 -0.165766915171905 -0.0696392228450115 -0.106406147778555
-0.164020085986692 -0.057134416708638 -0.0630945633758679 0.0685340118247793
-0.15090659652871 0.075453243641919 0.0713341360928362 0.0314541621912526
-0.0698094579624813 0.135842425731274 0.100575229320675 -0.0756562105440722
-0.0307826122417082 0.14347795057378 0.0840888536411712 -0.162398452469586
-0.0442844809463059 0.137917371021129 0.0931542442233224 -0.204915732002563
-0.132081826510703 0.118560615559796 0.161468230351849 -0.219959305592239
-0.166154162039374 0.0122376506638506 0.242323146229555 -0.147143613558277
-0.104826810337108 -0.109808988630813 0.286737680069461 0.0580834130953717
0.0742652899619158 -0.15381747173417 0.171387759744642 0.228786535666467
0.196258744080143 0.0236609779732541 -0.0134280668980453 0.288729909915612
0.138099872670714 0.190266451119713 -0.0925081970071645 0.340862349961349
0.116330183702761 0.302126685081246 0.130753398235333 0.121363168031825
0.277218551708547 0.135950625487696 0.207875434741529 0.0571837126188745
0.245468162970159 -0.146174509987851 0.120911877764136 -0.174634921442332
-0.0551226867535527 -0.238595809536077 -0.130225078402344 -0.150705447808365
-0.230977663570659 -0.0835079167505114 -0.133823360415079 0.0841543037726092
-0.218355711900466 0.100978810564036 0.0212994676597827 0.0830620171599386
-0.108805089592954 0.190495061023354 0.0664515769938401 -0.00920882697518129
-0.0540694430395228 0.197422831749404 0.0599645742855681 -0.0919367737916187
-0.0731107264356515 0.188868239794982 0.070508732437338 -0.138000547263424
-0.195319045720547 0.1577908595429 0.129547579048774 -0.183188664172463
-0.245175106364532 0.00105057703977475 0.218827834930602 -0.143022838403389
-0.147989036199985 -0.182231600634976 0.280702414185304 0.0793071503264551
0.137566073297104 -0.234335369624063 0.127939901488629 0.239614513124386
0.306111634429354 0.047330115355285 -0.0645659341219606 0.233586681242181
0.197554466311363 0.295613868169892 -0.108068645090946 0.23842341469994
0.120755966411635 0.349474886161254 0.123800236689099 0.0192709412840678
0.322501626246274 0.141034568843533 0.225181461037542 -0.0238251476021624
0.264759098308579 -0.179543816295385 0.0703672082038094 -0.256293716667617
-0.0711831983643058 -0.260240494762438 -0.210158134222463 -0.166684762186228
-0.255418163536505 -0.0917675188820593 -0.202282872630235 0.105482788958918
-0.245770168890592 0.110334012565835 -0.0418358964133572 0.138299511274337
-0.127347037223648 0.213874433056612 0.0191385360716326 0.0722988494566971
-0.0684031184315801 0.220200440289111 0.0296462905229426 -0.0047195566353967
-0.0930053232673312 0.214704997810031 0.0417999904427007 -0.0605115409959691
-0.236576440001863 0.178207540859096 0.0913945780498394 -0.131760933278953
-0.296943384564253 -0.0156929340523524 0.186327864702662 -0.114625109621109
-0.167552034857441 -0.245556430044568 0.240890116109255 0.115728055630316
0.197234795757408 -0.281853246004688 0.0465858729426562 0.233465256062489
0.374419203123859 0.0739996161414129 -0.119223482481599 0.145865135363524
0.227467078742399 0.355867790373791 -0.126938020755346 0.112948137049832
0.117955092429716 0.346077035810586 0.121351479716871 -0.108025682941023
0.319492610937891 0.121767445315261 0.190385028564874 -0.138148537423483
0.237520949617976 -0.17951237207604 -0.018553720635206 -0.297916996762471
-0.0703325732346509 -0.236130335993249 -0.26947572944778 -0.146172132931527
-0.236988849503691 -0.0878611681996649 -0.250378615681627 0.120693885768564
-0.233753043618327 0.100003613832936 -0.10370717704205 0.187439597527994
-0.124258208904797 0.202898694868232 -0.0289133485444445 0.156442348651533
-0.0737077379862697 0.208834882231196 -0.00213109950283026 0.0847030761815774
-0.101801906892314 0.20997521109375 0.00756437645867241 0.0184450897713824
-0.250719262787203 0.169570479402464 0.0469862792754005 -0.0709023064775524
-0.30979942161996 -0.0448024412621266 0.134992251774762 -0.068713922117039
-0.144613730041068 -0.284456864004731 0.161450336508599 0.140320288594595
0.242602154150836 -0.272670587906826 -0.037337907560532 0.182313599672712
0.38170842166244 0.0980703779522266 -0.139860962570154 0.0460785184729426
0.220290943419705 0.357834032503577 -0.144528418720736 -0.00787747394026406
0.103547383895391 0.289697599907738 0.107182754404911 -0.236302386810224
0.265901441451419 0.0886485804280177 0.113480502601598 -0.229822704958505
0.183195326016926 -0.145501506704556 -0.0965818399175734 -0.290371365107285
-0.0519540321427384 -0.181663940758418 -0.294787961021323 -0.116466596714986
-0.184315354479288 -0.0774988052997249 -0.277294722011392 0.12379178511675
-0.185970660360062 0.0745334386852974 -0.156378418158554 0.223865498290024
-0.102198707427274 0.160890953024527 -0.0710009611898728 0.230959705198382
-0.0667851662449734 0.164692663745863 -0.0343681191243703 0.160313165529567
-0.0944634689541337 0.173383704182335 -0.0295367823810197 0.0862877419490677
-0.226329679144217 0.132499528627944 -0.00381318925038601 -0.0129139523343273
-0.266306599143936 -0.0724394735015296 0.0648057269111336 -0.0291580131710465
-0.0862615673868692 -0.270916215073371 0.0753432309232469 0.12043285989946
0.242818888641093 -0.204729431065895 -0.0752394228663628 0.108227146017301
0.320523203156601 0.107806749317522 -0.124756118388804 -0.0180972438900191
0.176733564907267 0.299580886090692 -0.161251487111016 -0.106205313107641
0.0724413428001886 0.191331129265785 0.0826577910055109 -0.335651954838134
0.177454150473757 0.0561454373666571 0.0336794210665663 -0.280702047717343
0.117857078235904 -0.0885036414001133 -0.145371014704272 -0.265096768329167
-0.0209806016958699 -0.114450166239086 -0.299499899837378 -0.0924306059261743
-0.106303960951489 -0.0631424771284742 -0.289896836301551 0.120374875242183
-0.11569074035527 0.035352407469828 -0.192244643958958 0.249484998541336
-0.0685568388874536 0.0949125589905632 -0.0995090432588473 0.281970554059707
-0.0508210098114467 0.0958286686784749 -0.058794478287652 0.211164587409026
-0.0686315141992384 0.109816176930791 -0.0624462808978935 0.132591145007839
-0.160095269859455 0.0738039887904539 -0.0519170007562329 0.0269057398410758
-0.174566828987357 -0.0773757824332157 0.00124476467355152 -0.0136020596400368
-0.0239850493064553 -0.191854141983765 0.0248314827933096 0.0743029429429406
0.177463575649437 -0.107124735902668 -0.0672411021487061 0.0605048946173712
0.202249537810513 0.0848474777486704 -0.107914306953948 -0.0347781413364015
0.102519908626835 0.185783625267522 -0.176807379833771 -0.173758026477289
-0.0190216512613549 -0.0442172419555205 0.224377535736592 0.224723606954894
-0.0605383221511954 -0.010869507606897 0.188324819936073 0.00345365469502285
-0.0592613794740178 0.0272983422658462 0.0776319211480959 -0.0803694517050591
-0.00103679060652396 0.0640631131605759 -0.0394417410823459 -0.0615410137173092
0.0467014986595588 0.0313452044078231 -0.00466652588133512 0.0414828608373854
0.0481789919192336 -0.0130666175333171 0.0809872336210328 -0.0238681830131278
0.0305880251529714 -0.0332375223815609 0.0947271538799263 -0.126376014388672
0.0254114227329104 -0.021318983057145 0.0827509582007332 -0.212027306295573
0.0278968119250367 -0.0113642546528392 0.0951459265848314 -0.260155348471024
0.0364425583032965 0.010429028730673 0.17839205330627 -0.248996536678258
0.0281513203960449 0.0325262693976163 0.260041861550634 -0.128117370324105
-0.00433367402568792 0.0425403743981 0.268840843206832 0.0577666408515885
-0.0555202512635451 0.0280616029227851 0.167117779696798 0.220280825726854
-0.0672085039626628 -0.0274370031990694 0.00383260034076415 0.312291842521381
-0.019321543815344 -0.0899400044832514 -0.0798382838371568 0.392551942289596
0.0513010841117275 0.0909112613359906 0.199641984771864 0.216340747165124
0.07294777968357 0.0455578563091504 0.180888163838729 0.0264954157146899
0.0587170734375876 -0.035943815826059 0.0841493580497207 -0.0785489901254414
-0.0216265907597525 -0.0532125199877633 -0.0445613065466302 -0.0651469650802868
-0.0640589497397812 -0.00890748566993943 -0.0113293560968708 0.0552702220895658
-0.0508411242585794 0.0384736430598882 0.0908765957292986 -0.0113162948338838
-0.0149531840820273 0.0548327760295347 0.103743120242184 -0.119049288846125
0.00113430426573983 0.0633556804668961 0.0845896390110918 -0.202474482570208
-0.00572449689624639 0.0657960742355473 0.0928608528053719 -0.244003309485295
-0.0461884523219213 0.0678658135759979 0.167001435500135 -0.241255768247605
-0.0687085338763353 0.0248014250784088 0.244832563534509 -0.141332590844594
-0.054151632638828 -0.0298943609309644 0.273071741604126 0.0445461405269303
0.00705427683887996 -0.0610958812676936 0.18087447433723 0.207957298996776
0.0639313071140067 -0.00467117116488754 0.0191030821314335 0.302361175094694
0.060996654819153 0.0483959720324221 -0.0694941594026459 0.385018855071747
0.0991315062263514 0.204909288557437 0.160781782850192 0.176108946297261
0.188419571887328 0.092350027327344 0.179695086643535 0.0552575455524624
0.164425037811332 -0.0959381241069645 0.10741578364234 -0.104857152464573
-0.0411059862606165 -0.157987819514101 -0.0717399121170567 -0.100376435789722
-0.160310250751846 -0.0464961822121363 -0.0561095074514344 0.0680213662720754
-0.141762173911657 0.0807504702703241 0.0690902111222341 0.0252059028565492
-0.0600435949947601 0.132321430319792 0.0921282470122952 -0.0780222760107398
-0.022721419099898 0.138935774240583 0.0741172911589614 -0.16094711027231
-0.0357500039954792 0.134032787887394 0.0816982750816181 -0.200740008994255
-0.120490532626212 0.12124043953789 0.144972112751804 -0.217896915568444
-0.159237267737666 0.0205703462698075 0.224167513855476 -0.150010147943254
-0.105675833264916 -0.0997106844198261 0.277244240278259 0.0431627855067952
0.0653953712616941 -0.151309457107394 0.17400058489197 0.212252445844107
0.190498406254088 0.0130998330407583 -0.00238186253884171 0.27772302980498
0.141330954083507 0.175208976159262 -0.0766923772558387 0.327025981946485
0.121212838728864 0.286193692490276 0.132050539231882 0.110281253493876
0.271648008823243 0.119982730941263 0.203276493018927 0.0443686615769724
0.231177887345111 -0.151359127334076 0.10991603440236 -0.173447793355769
-0.0632476532884849 -0.227614611647184 -0.132348413113131 -0.139978025758063
-0.226816353015105 -0.0681021553304451 -0.123842167662909 0.0862339947803223
-0.204244343314303 0.108713940528423 0.0239454440382046 0.0772318463678508
-0.0939622644165301 0.187057349894376 0.0631967147436082 -0.0126400757455245
-0.0433080922039651 0.191684691230606 0.0538689240585352 -0.0914770865696286
-0.0609292826193095 0.185051098121527 0.0634647361075337 -0.135801030155239
-0.17893598818745 0.16327546786708 0.116377020908965 -0.180687446863111
-0.236026434572822 0.014904988640885 0.201062590020965 -0.144357540433353
-0.151464534124207 -0.166890699533785 0.272201978385353 0.0624753305656846
0.122323773356377 -0.231784981194977 0.132999539416498 0.224846157086885
0.297144416993757 0.0314233021216437 -0.0541728773095983 0.226894071317516
0.202396847596249 0.274119352018841 -0.0962825842139547 0.230269932962256
0.126188871868421 0.330170951882227 0.122476802208852 0.0135089292951607
0.314209341878181 0.121457394716743 0.217464681623663 -0.0330767408454776
0.246989660122858 -0.184423709262104 0.0578466331909448 -0.251450393129227
-0.0798594852952447 -0.247327762481989 -0.209744414314805 -0.151644572830264
-0.250719984279391 -0.0743295349058308 -0.188434114663941 0.109506727006287
-0.230822771705976 0.119464070353178 -0.0336536718434116 0.133520052740892
-0.110656345550245 0.210495077611897 0.0217103921614293 0.0680146337706915
-0.0567752195825414 0.214020198239791 0.0288696883941192 -0.00563305560662238
-0.0789818961171988 0.209519086011396 0.0395111766273573 -0.0593451429419956
-0.217856107165044 0.184744953363355 0.0820347573343178 -0.129133385675256
-0.288004394287879 0.000293271669714311 0.171477391039029 -0.114916894784367
-0.173820967520822 -0.227728965691486 0.236341179594658 0.100431935838201
0.179392535156095 -0.281137247443292 0.0548820729079303 0.22118305021897
0.364374911871807 0.0541976523959717 -0.110312717195775 0.143776288506587
0.232450277380087 0.329986189081161 -0.118430939788623 0.111420441765638
0.124408384341262 0.328860648817627 0.115618307619202 -0.109361323565938
0.310306542041144 0.101215554475695 0.180081717017506 -0.140511648899898
0.219922724037346 -0.183118190750905 -0.028615819150362 -0.286367530825823
-0.0785366370085533 -0.222735548574473 -0.26631677351533 -0.130487302296691
-0.233713861092695 -0.0707932161291549 -0.234575845405096 0.126877162287038
-0.218538864475888 0.108957614837912 -0.0912766443792868 0.182834412197937
-0.107804184796558 0.199905818875143 -0.0210210392062773 0.151304932303379
-0.0623383044472071 0.202893256379485 0.001986756703227 0.0812075368298081
-0.0866954107289021 0.205673940915009 0.0101589594760359 0.017140866553574
-0.231596190252517 0.177769957908676 0.042478486506468 -0.0686116318137712
-0.300983905169853 -0.0265374398030253 0.12372240730743 -0.0684289674170533
-0.153680976195248 -0.266829615365728 0.160673091806582 0.127424591734723
0.223420591467583 -0.273425128276179 -0.0281012471470437 0.175429121083747
0.371379590265098 0.0795943909773856 -0.134563665729156 0.0491276245723093
0.225802415478566 0.332992774388445 -0.139677236213913 -0.00363765076052612
0.109118544476012 0.275216368603978 0.0971373484331004 -0.231010916875868
0.257645041268804 0.0717977922484737 0.102284427529694 -0.22630603537568
0.16856852146227 -0.147920494622565 -0.104048854787378 -0.275668081344227
-0.0587362976929142 -0.171429563446097 -0.288275615401041 -0.100350482072185
-0.181537348513668 -0.0636238786910748 -0.260587404255102 0.130901576806396
-0.173967848672735 0.0812291185020389 -0.139978903489015 0.221405433892293
-0.0889267089769692 0.158112137647264 -0.0565787611854911 0.224157265424321
-0.0586962696725773 0.160416141258864 -0.0248839697564575 0.156042111613997
-0.0817865527871233 0.170421623771402 -0.0225846974368067 0.0844333157599857
-0.210945222006382 0.139995067844015 -0.00420412982445879 -0.0101145368499531
-0.261401580739636 -0.055778927011843 0.0582610538558856 -0.0267303909350106
-0.0965849736322217 -0.256760970742867 0.076949516681378 0.112699286612008
0.22743268603632 -0.206137639464406 -0.0657796185485772 0.105269040414168
0.312462297375613 0.0912688977289093 -0.121459054720686 -0.0134980113863338
0.181586359146701 0.279555717108574 -0.159578489528243 -0.095263915624555
0.074315089819535 0.181508498479296 0.0698090629668197 -0.324490315296237
0.171355954681834 0.0440545378922161 0.0232197689269153 -0.270979567102849
0.107802116166927 -0.0903884341917346 -0.150041170385337 -0.249246944997961
-0.0257748469571096 -0.107180150618675 -0.290913740964292 -0.0749442578676393
-0.106571169573807 -0.0538278733804433 -0.272546904138616 0.128949466189722
-0.107497933958343 0.0402097511545635 -0.17203819779594 0.246818984419473
-0.059153696836317 0.0945293010357835 -0.0817059748007612 0.275184110238234
-0.0461924218515415 0.093539866275314 -0.0469911934068466 0.206320140760895
-0.0602429518064182 0.107858028413048 -0.052895929540743 0.130770697302983
-0.14971139629355 0.0801678438879363 -0.0485722761600246 0.0307696271882557
-0.172483777757948 -0.0655471293692663 -0.00168915689141771 -0.00973460463097421
-0.0320382626461551 -0.183430265574722 0.0271947771064808 0.0702397202309711
0.167409101071787 -0.110528819928151 -0.0602163857189697 0.0594388016621992
0.197725379403105 0.0743162407415672 -0.104985644689351 -0.0289158852997151
0.105714771169953 0.173283702688851 -0.175202995072405 -0.158198429879748
-0.0115977820735086 -0.0431600916603614 0.18360392574349 0.229895706384491
-0.053189980250607 -0.0175502556932166 0.173247297592294 0.0187685859223317
-0.0578816501210822 0.0167436886037596 0.0785253832637572 -0.0695610782346529
-0.00989576913277517 0.0592171131051091 -0.0314860676141926 -0.061922361761795
0.0391956475924785 0.0365814405991356 -0.00995681785589166 0.0384687746210355
0.0463966882590269 -0.00512904278321808 0.0782922821428358 -0.0112856191843579
0.0316534960729295 -0.0290212078639399 0.103233258661455 -0.106245900269142
0.0268950600215323 -0.0180814449204249 0.104793476320288 -0.190544963910071
0.0260937738845939 -0.00589936228273614 0.122598213562802 -0.235579208513185
0.0319779324288533 0.0147407378759483 0.198012869027 -0.21504352336908
0.019540834903451 0.0342019674384899 0.263465856284906 -0.0915635820533425
-0.0121791847786827 0.0369912542604994 0.249956619436099 0.0872883783220857
-0.0541230120177031 0.0164329874481687 0.133081752763557 0.232161447469283
-0.0586152127794276 -0.0368310800930721 -0.0323650451316488 0.301570508558543
-0.00608208607692889 -0.0912509204634419 -0.126004339183763 0.368912922469178
0.0336328708592058 0.0894149690238491 0.155494731178421 0.226956570163329
0.0605303516323769 0.0531076780240017 0.165538592515591 0.0469778318871689
0.0604573044773586 -0.0243116144528006 0.0909342658612341 -0.0627720812674909
-0.0114160365397433 -0.0530659128846054 -0.0311195499765254 -0.0657929498792641
-0.058600500373582 -0.0176079878407368 -0.0140545059207037 0.047104535245425
-0.0531796757588198 0.0298435585903031 0.0835801125731352 -0.00281668068952409
-0.0214659930607636 0.0482524938848448 0.110526892019854 -0.100046246168434
-0.00719096916593908 0.059216685751101 0.10521566145757 -0.180351525795179
-0.0151344362165159 0.0618262426399378 0.119867539120869 -0.220503990873514
-0.0531709610239896 0.0591963555062444 0.189488423071602 -0.209481475671367
-0.0711869107912977 0.015039268595009 0.253533154466136 -0.102847876746825
-0.050877675694641 -0.0379360421039775 0.257563844101232 0.0769873184627625
0.0142831518104827 -0.0615057327422134 0.144419613126539 0.224503202794053
0.0626817920297516 0.000365946818286528 -0.0222524607165161 0.293509726866553
0.0539335648958408 0.0509292129896824 -0.121596994748116 0.36024085391957
0.0622169691220753 0.200947428805732 0.118465357012899 0.191444032528002
0.159274847813185 0.112494013074366 0.162967210568043 0.0800364063155492
0.165818603315367 -0.064572320601734 0.120996793082247 -0.0800632251963113
-0.0128591035484295 -0.153378317425089 -0.0472762519666625 -0.101904943310432
-0.143111829678653 -0.068363375114816 -0.0546300486888834 0.0502949858047792
-0.142549868703743 0.0567827508445482 0.056774015442817 0.0248540193209461
-0.0728130233579058 0.115503731574047 0.0950261445831766 -0.0646656813924136
-0.0394894290989636 0.127486687834617 0.0909306177229192 -0.142061412581826
-0.0521516354043321 0.121752943039446 0.104665692995837 -0.181098842494317
-0.129342370629727 0.100373619799886 0.168066974536784 -0.189937112959474
-0.156412885965757 -0.00026354146500364 0.237827606900488 -0.111791581519152
-0.0918571662361077 -0.110874262649073 0.263882881617356 0.0775598414211887
0.0809319881109548 -0.140788489387355 0.134763726430923 0.229931937476264
0.181322798307596 0.0329743962423459 -0.0459097985287475 0.266437077083571
0.114539656935628 0.181838205048386 -0.126995976559979 0.301119879686864
0.0714177306059663 0.279437591578118 0.0962485828384742 0.130923029130888
0.231706154375408 0.148060870518495 0.188836451715187 0.0788787797365792
0.23513008159064 -0.106406052975919 0.136613670912962 -0.140257431218191
-0.0232974189493371 -0.220590887850361 -0.0954966224346108 -0.147419452401548
-0.202378067404935 -0.0982523354882072 -0.116802033665086 0.0559528772740741
-0.204638953483886 0.0737826405988061 0.00655899069752314 0.0662863671274441
-0.111660475109129 0.16332511812195 0.0596338192735259 -0.00687276479746531
-0.065695004609466 0.175170341019316 0.0633289129254031 -0.0788138195195834
-0.0823355215525942 0.165090119325186 0.0810962941684102 -0.122804201982533
-0.190409712802272 0.132639630298536 0.139267837622157 -0.157259867298133
-0.227321634012692 -0.0152789109755736 0.21670891284405 -0.106686286917836
-0.126412239595265 -0.180305167280057 0.258122171507707 0.0980302855949898
0.14546316542216 -0.210951740191928 0.0916078319377129 0.238018389179122
0.280476103392913 0.0639660151407895 -0.0944573568076413 0.21025019332869
0.16154065946737 0.283418694691769 -0.137912492721527 0.202285222593858
0.0706565194489007 0.320157576115933 0.0965214938239223 0.0425276836338629
0.270010588997459 0.156064610614766 0.214262501256049 0.0104582396930965
0.253676200403415 -0.136048923127816 0.0997578838061648 -0.2180025389277
-0.0370667597842604 -0.241531103260021 -0.164169402036422 -0.167213892704541
-0.22458060909999 -0.106651405082576 -0.178212920400497 0.0695576067810362
-0.230002251891319 0.0794632499421098 -0.0530589011315959 0.111078536408827
-0.129046164376619 0.183723588208753 0.011801584710509 0.0631968963513433
-0.0818316117049204 0.19545770469757 0.0294377789413617 -0.000665712678604948
-0.101962969626628 0.187050424687892 0.0501795457057006 -0.0533513301593771
-0.229220140456826 0.14932323400678 0.102724621853664 -0.112309347753299
-0.27557795784501 -0.0349626925796006 0.186238733831497 -0.0802556837661935
-0.138586771958061 -0.242030489310085 0.21920717375813 0.132342072296827
0.207256170643324 -0.249371889304031 0.0150147517813547 0.224679206914202
0.340724449861969 0.0969966741576103 -0.14131287944034 0.121919514373908
0.182990970824747 0.341754949423995 -0.146619802737467 0.0830421990437192
0.0675320928917134 0.318633293465078 0.105473021515138 -0.0707102245679871
0.269291572052086 0.135626733757948 0.191537826652137 -0.0953516801006628
0.228535571667892 -0.138720114664892 0.0220004945972119 -0.262674092861664
-0.0388178123865537 -0.219403958404545 -0.21966037171161 -0.153619753536849
-0.207518403745142 -0.100423807916671 -0.223612125181261 0.0815244470065137
-0.216412220872742 0.0712952236420289 -0.112202200759476 0.150728261561652
-0.12423477997091 0.173554752076343 -0.0373668403380577 0.136235679110327
-0.0857288247163929 0.184568653707259 -0.00602830356925372 0.0782921087208813
-0.108974953066823 0.181482243182209 0.0128129953872565 0.0163361027145205
-0.241212969827126 0.140345715984701 0.0577798542242767 -0.0582334044464321
-0.283748133656588 -0.0632025125037367 0.13443782820523 -0.0400048090740284
-0.113986755484883 -0.277205999771903 0.142852583281414 0.150066887785677
0.250210409457138 -0.235026497070202 -0.0591499817748718 0.169667862851754
0.34397648962557 0.122025033715694 -0.152822794721507 0.0272977718807837
0.175661019241805 0.345523127554981 -0.151216945839022 -0.0297947525336992
0.0608495418793631 0.268555853645261 0.105867159747261 -0.187901482059907
0.225716941178908 0.0998921236312855 0.128639173084976 -0.18645706670607
0.17596019761498 -0.113521581248159 -0.0515079952256478 -0.263743602443958
-0.0281589662051102 -0.167636717011106 -0.245757356252723 -0.12728232338831
-0.160536801910243 -0.0864261077038567 -0.249884752207398 0.0839237996422766
-0.17126909835443 0.050731874624983 -0.160414509959383 0.183135246891951
-0.100967084795636 0.137582958808466 -0.0787721691104493 0.201443749810076
-0.0774403533932989 0.145126846096115 -0.0417718082604873 0.145031365639803
-0.0988766079756165 0.149120020003352 -0.0273150223301302 0.076393638770412
-0.21595864677769 0.106354207127791 0.0053644084147549 -0.00826296714523682
-0.242381144823314 -0.0861410273046055 0.0655155450551988 -0.00819465353998845
-0.0590896697138825 -0.259165187084268 0.063396082041489 0.124888899220931
0.244565293849467 -0.170362918280668 -0.0861085568359811 0.0954715417368112
0.28646740603889 0.127616808462599 -0.129913221243896 -0.0318992722122267
0.139732791718908 0.289849245768956 -0.155564644340188 -0.119053287781481
0.0425849535689541 0.178011115827558 0.0955675152127905 -0.28208747023869
0.149366221018123 0.0627246123445735 0.0586241601230204 -0.241230671050861
0.111876125236673 -0.0685758374132341 -0.101608759990126 -0.245969732546841
-0.00709219006832344 -0.103614662691406 -0.253227442722102 -0.103472686656221
-0.092583738459619 -0.0667094093926542 -0.262326399286183 0.0836967099901675
-0.103784366973033 0.0195376038737512 -0.19116403897351 0.205934519050964
-0.0654336713934618 0.0805617375079954 -0.107254556529602 0.246222839962389
-0.0567121018658984 0.083562800945759 -0.0696214476347757 0.190173689046793
-0.0692754483461437 0.0929285821703336 -0.0637396378733942 0.117012280682481
-0.150992144556863 0.0575233094700145 -0.0441726424264365 0.0251634047913232
-0.156438107774443 -0.0836329683319251 0.00228165700523239 -0.00137415523169052
-0.00676246327293551 -0.180318678026461 0.0183943680040937 0.0760460470910849
0.175041881497057 -0.0842033736436166 -0.0714774013903935 0.0501669559682527
0.178850009438145 0.0962448339276503 -0.106803252313069 -0.0425502639954321
0.0801239196415769 0.17939849758788 -0.157197736753045 -0.177785465691297
-0.00958650814319656 -0.0436815043470539 0.170106310876656 0.22556313582729
-0.0505241270400381 -0.0176937957008222 0.16671813521536 0.0202545642240408
-0.0557724685439639 0.0149180131485125 0.0776927825604247 -0.067299780215992
-0.0104902385654047 0.0570991399029002 -0.02887119579905 -0.0616073491088032
0.0373342813345301 0.0364355870284492 -0.00914111910727014 0.0367932560838852
0.0452477130394981 -0.00383335386581796 0.0749439469428455 -0.00899354868686459
0.0304294746006564 -0.0281525983164692 0.102690450201941 -0.101113105906164
0.0266067026856114 -0.0176704855842915 0.10673190965664 -0.183143604106491
0.0257721951788215 -0.00506111470375641 0.12393008641786 -0.224457830132256
0.0303503708782907 0.0149419923021641 0.1959201745497 -0.203812353271961
0.0181005596336286 0.0335246325285432 0.257277451574716 -0.0829897429226841
-0.0127277023785673 0.0348683676900269 0.240000968340154 0.0905247210207713
-0.0533811811114297 0.0148159243295674 0.121221826984313 0.229707524710246
-0.0557872606221336 -0.0379915610854339 -0.0399506942932872 0.292991133242957
-0.00402146128398928 -0.0887577519681644 -0.133700925446401 0.353032836873588
0.030023000386178 0.087789002788032 0.14421564010717 0.223105450407328
0.0572721828130981 0.0539492175480101 0.159444980510126 0.0475798191442498
0.0601452508198317 -0.0217177938253529 0.0899421042844186 -0.0600437404689445
-0.0089213980940663 -0.0520526834419112 -0.0280411578716327 -0.0651542086216443
-0.0566992249607482 -0.0185572152142744 -0.0136209742314921 0.0452638505203351
-0.0522132573731091 0.0282431058700847 0.0801404045361219 -0.000852681488561921
-0.0223042480528354 0.0452021284838334 0.108910194894718 -0.0941638524541179
-0.00836505097193054 0.0564321876574447 0.107100917055055 -0.173883970277819
-0.015794329286518 0.0598095815247997 0.122745237405409 -0.211062155738743
-0.0527753928564911 0.05695326435439 0.188038941762922 -0.198677034158699
-0.0691488731890311 0.014278835219786 0.248244030338045 -0.0939167472884834
-0.048262105870595 -0.0379309298532818 0.247433187448608 0.0810199567186885
0.0154820198679969 -0.0591114244807535 0.133353546339067 0.221993419769733
0.0608568969646715 0.000749124287962542 -0.0302708986415661 0.284079346080054
0.0508522689173996 0.0495492283777792 -0.129623356921061 0.343086006965019
0.0532924596275399 0.196843304969944 0.109635087651915 0.187665324159375
0.151369101421308 0.114517230724562 0.155986249163274 0.080497325546716
0.163450201139654 -0.0584212624427662 0.120113675499714 -0.0754574680816892
-0.00723009137511176 -0.149551053142484 -0.043091177477645 -0.100703608605441
-0.138911860934363 -0.0689622737601805 -0.0530751930532223 0.0468177694338446
-0.139773904846128 0.0530086148961038 0.0534862330183856 0.024746401247685
-0.074034187854112 0.108988677231983 0.0936052193496346 -0.0605002237205682
-0.0418581662630901 0.121954208823364 0.0922481537602628 -0.135821112336041
-0.0532103680037032 0.116170160347066 0.107313654792476 -0.173307152736198
-0.127302202030177 0.0962019083265304 0.167101531040615 -0.179709723628487
-0.151947992976091 -0.00247796281666382 0.23236270880665 -0.101521092519701
-0.0867261093442191 -0.109852987620629 0.254201270673055 0.0821559950551933
0.0827644541449705 -0.135212112892435 0.123957057746059 0.226427182526615
0.175539799721246 0.0352763998156196 -0.0531194800854007 0.256611609439656
0.105810406228131 0.177595895218101 -0.134774973018035 0.284841569111831
0.0586947616364387 0.272988521685142 0.0908537291334327 0.129276464753672
0.220410698277456 0.150534004318067 0.182663996323697 0.0810112083774804
0.232507192140491 -0.0966884779102817 0.13778682354836 -0.133681017010008
-0.0166025693623793 -0.215721721110639 -0.0893063849645032 -0.145620150846778
-0.195880648030827 -0.0992727919487206 -0.114656217141919 0.0514743996001487
-0.199812883600429 0.0688343703652141 0.00443622805415592 0.0630073224184539
-0.111288137379576 0.154611206391461 0.057998794437033 -0.00604458516739553
-0.0683468301186295 0.168350185584249 0.063844847532721 -0.0754807469989378
-0.0839789626161404 0.15822093759368 0.0833151057542255 -0.116801842834336
-0.186881685788903 0.126916083242783 0.138664370166188 -0.148388152767848
-0.221455235524457 -0.0179439937492632 0.212105115271145 -0.0962205165245167
-0.119064196711896 -0.178033643833726 0.248168625363042 0.101676185070597
0.147319842717094 -0.202291383538501 0.0806496878941554 0.232812705758874
0.271871934109266 0.0686387112606782 -0.0996660742031276 0.200946437063717
0.14832134010946 0.277772925090147 -0.142403489330432 0.189353438516326
0.0561485020990637 0.314329125040333 0.0953117685699676 0.0439701802157942
0.257900803261189 0.157928375873038 0.209403564533366 0.0151309634468543
0.251107816482728 -0.125772666664753 0.104232606646431 -0.210074168981328
-0.0293303257416131 -0.235939515359446 -0.155752976928339 -0.166586337289612
-0.21688077636335 -0.107447419532927 -0.17596321351005 0.0632981819018692
-0.224416427060133 0.0741171079814074 -0.055312881166522 0.104791035079509
-0.128661981124794 0.173693547675811 0.00950385014425764 0.0612254536841117
-0.0842968028957516 0.187194369741628 0.029323233723926 -0.000514823184591813
-0.103116722497298 0.178721034224555 0.0519187973766765 -0.0505767855543357
-0.225496191399559 0.141296566510614 0.103213676657228 -0.105242627269611
-0.267598616486679 -0.03832447195093 0.181697946543827 -0.0712524570458052
-0.1300517921322 -0.237933952981667 0.208748508075103 0.133908806273176
0.209427911380046 -0.238435165208045 0.00754555881392822 0.218541345430778
0.330265496799758 0.102737637031158 -0.143866912985771 0.113967922394547
0.16809965270663 0.335812656775916 -0.147383248564693 0.0748936989666114
0.0543552627078709 0.312184185280698 0.107422710753749 -0.0664264991581984
0.256853366954344 0.1390320755264 0.191858466906869 -0.0872505695075797
0.225863198144144 -0.129285624494545 0.0298111216243893 -0.255654624749932
-0.0321375518742953 -0.212925741672484 -0.210323517615546 -0.155272080456428
-0.201222756818006 -0.1005462421402 -0.219514877094136 0.0733429606763946
-0.211169964286488 0.0655998537461547 -0.113165418750023 0.142545882725916
-0.123230017395161 0.165133116229002 -0.0394107063200537 0.130996614019978
-0.0886739307675324 0.176455948809324 -0.00807650142568256 0.0758809273368678
-0.109509802360103 0.1728638366712 0.014058166055012 0.0161350108222727
-0.23696511561793 0.133002760019589 0.0581182709664896 -0.0539648910690534
-0.276238378826315 -0.0658024655620153 0.130415468370665 -0.0322107766567236
-0.104677719072735 -0.271819216137299 0.134863941290499 0.149176260711893
0.250976448324332 -0.223746777739399 -0.0629376641384806 0.161390555515724
0.331624723266379 0.128274747259606 -0.151131826766677 0.0209792069438557
0.160813581099068 0.338770778723622 -0.14827632013273 -0.034241032943734
0.0489512363392513 0.263136577406351 0.111155483947812 -0.179734515843956
0.214373242848497 0.102573818512797 0.13321222141092 -0.178167016082656
0.172996799423283 -0.106310672196645 -0.0422833278276279 -0.258159284600366
-0.0230325812948658 -0.162797007395426 -0.235308110940617 -0.129675256994559
-0.155444702829489 -0.0858974599336329 -0.245332067650958 0.0751936853498632
-0.165723099635385 0.0460053662029245 -0.15991313556269 0.172302038211377
-0.10015274389276 0.130193512236665 -0.0809438137056276 0.19352768661062
-0.0795622253928925 0.138936094326221 -0.0436429362125709 0.14013018559749
-0.0991758517182971 0.141021883928617 -0.0268258123601239 0.0737423769780295
-0.211878173742258 0.100543347687168 0.00556115551809548 -0.00608011262020661
-0.234506842246087 -0.0878484134241949 0.0633918564207919 -0.00278820244375128
-0.0515334786186193 -0.253653479286561 0.0570612264400314 0.122134136031186
0.244277733011218 -0.1594415444062 -0.0870343995963542 0.0891231265485827
0.275682817972708 0.132245073923827 -0.126672921581955 -0.0346665749272467
0.127094798206119 0.283478484885901 -0.148152265669225 -0.120018762571824
0.0341383310537101 0.174758220505879 0.10469471165728 -0.27043950993066
0.141602101535998 0.0632749035515352 0.0667234747048489 -0.232569060454144
0.109465539566167 -0.0633216339032577 -0.0917414537399003 -0.242142746302545
-0.00401906444637062 -0.10069877097944 -0.243880678840688 -0.106820863377072
-0.0891152000519998 -0.0658545200166307 -0.256458856572663 0.0746206142646899
-0.100181979110188 0.0172371564579485 -0.191269004198231 0.194944994265999
-0.0639715228149807 0.0762056421504051 -0.109633873553142 0.236490011121245
-0.0578121983888995 0.0802069520213405 -0.071702682569222 0.182596559501716
-0.0697890411761152 0.0875543244012184 -0.063941211639117 0.112329721158545
-0.148187943872235 0.05403934211916 -0.0431201446520484 0.0251324829953002
-0.150771229402889 -0.0843818582784488 0.00102991663885504 0.00211125854055393
-0.00272290094763804 -0.175420235129861 0.014925489386367 0.0735020066579335
0.173224577728224 -0.0769406878710615 -0.0698188651852755 0.0454301086572584
0.171200020680896 0.0996210507035838 -0.103946627494758 -0.0449130809488104
0.0730733473799494 0.175328776968501 -0.146927167047401 -0.175617634587735
-0.0081420318263758 -0.0448048711933031 0.162183892729607 0.233590633407751
-0.0491086297486878 -0.019193743549715 0.167050817930766 0.0242216101549403
-0.0564882491128958 0.0122063185457616 0.0801936610408238 -0.0674129759507011
-0.0125534140074153 0.057285251491922 -0.0265880275624678 -0.0634368332020427
0.0369472022975802 0.0379327245692355 -0.00839636579131696 0.0367982829993312
0.0465446828239051 -0.00262867104801176 0.0752509407854776 -0.00665051847185166
0.0315228879642431 -0.0284096167607504 0.106951408167252 -0.0985046839048287
0.0276059377757788 -0.0180052320780427 0.11416666054686 -0.183003907440184
0.0262160896957 -0.00394092190313008 0.13285908794719 -0.222409452975305
0.0299297447953485 0.0161162708682496 0.203212597169717 -0.199096652413841
0.016928540935908 0.0343708906603651 0.262646340984356 -0.0752830391853772
-0.014117636720354 0.0348036883048681 0.237874200699531 0.099707941734617
-0.0540982648531677 0.0129991131345773 0.113302514049091 0.23805407395911
-0.0553046995421138 -0.0407739844497454 -0.0512277716194348 0.295510139628092
-0.000936161658808858 -0.0900850600967804 -0.150433113709393 0.349543327014984
0.0265859990023908 0.0892752352679847 0.136888250964935 0.228666163540617
0.0564371631979483 0.0572908560711795 0.158463519925942 0.0516496620031026
0.0623444525263349 -0.0200248042979477 0.0926890477954595 -0.0595959832276102
-0.00652509606211558 -0.0532659892429873 -0.0261985343590837 -0.0676310561485349
-0.056629790129688 -0.0205240347917988 -0.0137406408630165 0.0452919016771936
-0.0532006824022819 0.0269677840775931 0.0798340204796469 0.00167028307112568
-0.024821758121534 0.0436494035920789 0.113598811078131 -0.0910940693781116
-0.0104578330722129 0.0560640768115309 0.11405417026633 -0.173347845350549
-0.0173817339478595 0.0596562541703829 0.13111668017479 -0.208693589930422
-0.0557742005471428 0.0565297771331011 0.19525530507793 -0.194018901497709
-0.071026897132571 0.0125395955291245 0.253624393091731 -0.0862537076302633
-0.0476611192959657 -0.0399674890259367 0.245727485312042 0.0908520983119004
0.018078828608492 -0.0596862214924494 0.125893049595106 0.229970212193383
0.0620591345209127 0.00205611776518044 -0.0421829167368588 0.286818392799128
0.0488924207911451 0.0511171344531 -0.147220975167178 0.339287741453067
0.0449496541916032 0.200418632925286 0.10333393152702 0.192613092108713
0.147666516130272 0.12244672783017 0.155080954208442 0.0860285379887116
0.168885222534844 -0.0528565305916727 0.125414547064689 -0.0735134334564672
-0.00221566825370703 -0.152102440790397 -0.0400271828183537 -0.103787205641325
-0.13833440416489 -0.0739243873073788 -0.0539400321764183 0.0454232508159966
-0.142602987498679 0.0496999365655141 0.052087271135065 0.0259337533914063
-0.0777731618801725 0.106871979353346 0.0969501451356863 -0.0577141549739544
-0.0467496686399433 0.120876894577752 0.0979427700339788 -0.13646474230974
-0.0570987232835299 0.115547618409152 0.116154939670605 -0.170973453979137
-0.131509885175513 0.0945644099630921 0.174879441956756 -0.175649549956881
-0.15415349737077 -0.00618297797636524 0.237372270408119 -0.0939820890784324
-0.0839104018488655 -0.112966765118625 0.253371490362299 0.0913649064825151
0.0878981345396492 -0.134972530553311 0.115480161807858 0.233322250890394
0.176903649955536 0.0404829052388534 -0.0653433554786363 0.258639282321592
0.0998179367802095 0.181458132681563 -0.149189295167998 0.280854955873662
0.0471543558521867 0.278880015541769 0.0873076005086729 0.132827816565248
0.21635145829029 0.161940147425039 0.182390978490762 0.0878185378932197
0.239761100561624 -0.0903449359064095 0.145246453134247 -0.131731880636886
-0.00865473993694293 -0.219185140937819 -0.0849532680650442 -0.151936637076877
-0.195312024144546 -0.105282460635573 -0.117591205334191 0.0484728557888932
-0.203983015960063 0.0639073223851181 0.00112393180550588 0.0635220233416641
-0.116664023185553 0.15120488899916 0.0587896848808133 -0.00456163339369634
-0.0755323064592545 0.166882784603488 0.0673081756383152 -0.0747646316393244
-0.08867678276309 0.156482603010196 0.0899575256711082 -0.115502040012354
-0.192018793242764 0.124489945249845 0.145031942066344 -0.145420340578675
-0.224012692053646 -0.023148935805968 0.217065205651746 -0.0892816651767942
-0.114609111231378 -0.183088472167321 0.245957718367834 0.111681346073569
0.156787535539489 -0.200771118876535 0.0725791931564657 0.238280480241086
0.272629984732495 0.0786132258414716 -0.111191277888585 0.200394829266959
0.138727822396937 0.283869138888809 -0.154683366768254 0.184385512917344
0.0424581025677975 0.320665916169334 0.0966104476314454 0.0471975651771422
0.253862954301996 0.170403470918556 0.213584582697877 0.0235701521198178
0.258940206083935 -0.118778906232227 0.114200288987757 -0.210817041796772
-0.0209220483598387 -0.239453826225959 -0.152139226036956 -0.175532701886305
-0.216049100051881 -0.11393287425167 -0.179548169120779 0.0577683787392441
-0.228792989563519 0.0681177574351151 -0.0607909768445198 0.103852104559726
-0.134637373658571 0.170269263214571 0.00749573520257558 0.0624983255895933
-0.0925717835557332 0.185276348429063 0.029939677349131 -4.29614335562952E-05
-0.110111744168096 0.176020138053833 0.0563540988271622 -0.0496570363666376
-0.231132363334878 0.138418192058028 0.108395652111152 -0.102593542196508
-0.270883205414547 -0.0447070087703351 0.185469607241209 -0.0629896305547221
-0.124331788832473 -0.244624119349826 0.206057763589811 0.143101531061979
0.220895551139556 -0.235917603101898 -0.00248438049668698 0.21991439271018
0.331301446917569 0.115543838242807 -0.152995464140149 0.108924744697537
0.155699936029769 0.342757319719627 -0.155323558402447 0.0685452482757125
0.0407030924771959 0.319500122479603 0.113813872234202 -0.0634237545409908
0.252829588219434 0.148970763850261 0.199419404866678 -0.0827483634911784
0.23286022367267 -0.12395232595389 0.0408611574326387 -0.258522435258353
-0.0252082793976246 -0.215892193480321 -0.20732998418675 -0.163931202222055
-0.201076215153766 -0.106559783350226 -0.225445545315156 0.0665958789113312
-0.21466143644052 0.060545394982067 -0.120247588149062 0.140351436313454
-0.129523001655047 0.161336730167178 -0.0440242428196498 0.131876867440489
-0.0965049317461755 0.175398396895444 -0.00978799297138029 0.0762721932742698
-0.116668528343943 0.170623182015074 0.015460372466583 0.0162825382900087
-0.242638228228153 0.129512530814505 0.0613113696445236 -0.0515528038052479
-0.278422049697747 -0.0735596733756633 0.132503432548937 -0.0252621984574012
-0.0968341868721311 -0.278611581108962 0.129526283601177 0.156092734904294
0.263124418231846 -0.219429038356281 -0.0718806570792774 0.1597385075108
0.333789859234868 0.142414558848159 -0.15684073527321 0.0146859420056633
0.148260196969938 0.34521653577909 -0.150887431491102 -0.0405090882824314
0.0381045021780953 0.269673457622037 0.123075231712052 -0.178199197860348
0.211388451766602 0.110782802148009 0.143751178427937 -0.174601706629401
0.178073454225976 -0.101692485565048 -0.0328320417685105 -0.264037386186832
-0.0173665579361515 -0.165072559037492 -0.234461913214005 -0.138824047668421
-0.155711960170748 -0.0897454393019495 -0.250668313116881 0.0682993685638986
-0.168423090644781 0.0417383803023263 -0.168810314304087 0.168533336971524
-0.104349835368424 0.127116129911582 -0.087586588129355 0.193213364732002
-0.087120365418645 0.137909601955372 -0.0480422945181061 0.140381585899483
-0.104880917967389 0.139100985296145 -0.0279652072811141 0.0735201563075162
-0.21720780972384 0.0972214543706459 0.00722280938482331 -0.00426912474074647
-0.235808918728631 -0.0950662300133785 0.0629994789152211 0.0024655964622415
-0.0436261907975307 -0.257838340797067 0.0522631898667305 0.125803641814269
0.254586363888782 -0.153177211100042 -0.0918720420354284 0.0847686846007764
0.274423415735693 0.144855786107043 -0.128667184829842 -0.0402170995479424
0.116208238354785 0.289946560084026 -0.146244711254603 -0.126179043953266
0.0265150643644383 0.179708175471842 0.118736150079127 -0.270424659146602
0.13853298512852 0.0689668602655356 0.0790116770871186 -0.232383088964374
0.112926180132198 -0.0602144945626779 -0.0837193890576989 -0.248977927643829
-0.000928047942925041 -0.101135080295266 -0.242692606311307 -0.116146920375953
-0.0890768360791876 -0.067842708210218 -0.262596009249312 0.0663998724489338
-0.100867466656388 0.0147591497896327 -0.199054761398198 0.189752771510974
-0.0661742581578288 0.0740443429895349 -0.117800359565374 0.235567758648213
-0.0629029188536849 0.0792660069203902 -0.0783523164731969 0.183856913406626
-0.0737285389341969 0.0852470372396415 -0.0664012596056807 0.111917848256569
-0.151194862944024 0.0508132531860524 -0.043740089967315 0.0256375386131223
-0.151171328185024 -0.0887085453933293 0.000545331026564966 0.00449885499947494
0.0037867774380629 -0.177414732303524 0.0122644801964475 0.0746496920078969
0.179535806218941 -0.0719818343318817 -0.0722592218793044 0.0423871576014209
0.169420936235969 0.107365957625759 -0.104775508096753 -0.0485803196045239
0.0661444477814304 0.178684468557552 -0.141935560194609 -0.181810876017123
