TRXV5
3
4
4
9
string Extension=J
integer IsArchMeasurement=1
integer IsSpherical=1
string Generator=SPM
string GeneratorVersion=1.3.1 Dev
double ArchRadius=0.449999988079071
integer FrequencyAxisIndex=0
integer AzimuthAxisIndex=1
integer ElevationAxisIndex=2
Frequency
5 136 690000000 960000000 LIN
Azimuth
7 8 0 2.74889357189107 LIN
Elevation
7 15 -2.74889357189107 2.74889357189107 LIN
Polar H Real Part
13
Polar H Imaginary Part
14
Polar V Real Part
13
Polar V Imaginary Part
14
Polar H Magnitude (dB)
12 0xC0000002 0 1
Polar H Phase
7 0xC0000003 0 1
Polar V Magnitude (dB)
12 0xC0000002 2 3
Polar V Phase
7 0xC0000003 2 3
0.00310754776000977 -0.0075993537902832 -0.158035278320313 -0.0460205078125
0.000110626220703124 -0.0115509033203125 -0.158477783203125 0.122756958007813
0.00580549240112305 -0.000830173492431641 -0.00859069824218748 0.188995361328125
-0.000379800796508789 -0.00396966934204102 0.068450927734375 0.10089111328125
-0.00520801544189453 0.00445222854614258 0.0462417602539063 0.020050048828125
0.00600242614746094 0.0133190155029297 -0.00155746936798096 0.00139057636260986
0.0135583877563477 0.011143684387207 -0.0572052001953125 0.0197219848632813
0.00799083709716797 0.00277042388916016 -0.108673095703125 0.0412139892578125
0.00850534439086914 -0.00148582458496094 -0.16253662109375 0.038787841796875
0.00666093826293945 -0.00162601470947266 -0.20880126953125 -0.0296478271484375
0.00627374649047851 0.00314903259277344 -0.208282470703125 -0.12481689453125
-0.00290203094482422 0.00315570831298828 -0.117172241210938 -0.228179931640625
-0.0190773010253906 -0.00310897827148438 0.0579071044921875 -0.276031494140625
-0.0141544342041016 -0.0343399047851563 0.128921508789063 -0.19927978515625
0.00490188598632813 -0.0476150512695313 0.14617919921875 -0.115676879882813
0.0064544677734375 0.05364990234375 -0.149002075195312 -0.054779052734375
0.0359992980957031 0.0413093566894531 -0.1612548828125 0.109390258789062
0.0579795837402344 0.00662994384765625 -0.025238037109375 0.184829711914063
0.0344772338867188 -0.0443344116210938 0.0581588745117187 0.107398986816406
-0.0106353759765625 -0.0462532043457031 0.04913330078125 0.0295066833496094
-0.0392074584960938 -0.0191497802734375 -0.000354766845703127 0.00377106666564941
-0.0357475280761719 0.0102119445800781 -0.053192138671875 0.0191726684570312
-0.0291156768798828 0.00742340087890626 -0.104103088378906 0.0407943725585938
-0.0336093902587891 -0.00106048583984376 -0.160720825195313 0.0405731201171875
-0.0339546203613281 -0.0167331695556641 -0.208786010742188 -0.0242919921875
-0.0164871215820313 -0.0288543701171875 -0.210372924804688 -0.1163330078125
0.000904083251953129 -0.0380516052246094 -0.126708984375 -0.220596313476562
0.0264186859130859 -0.0189685821533203 0.0404815673828125 -0.2796630859375
0.0307846069335938 0.00066375732421875 0.121185302734375 -0.208572387695313
0.0200099945068359 0.0120410919189453 0.151016235351563 -0.12353515625
0.00929260253906249 0.108558654785156 -0.139724731445312 -0.0523681640625
0.0730819702148438 0.0878448486328125 -0.158737182617187 0.0923919677734375
0.106597900390625 0.00917816162109375 -0.0479583740234375 0.177703857421875
0.0641708374023438 -0.08099365234375 0.0407257080078125 0.124618530273437
-0.0173263549804688 -0.0893936157226562 0.0567054748535156 0.0536689758300781
-0.0807647705078125 -0.0475311279296875 0.0191307067871094 0.0133037567138672
-0.0784912109375 0.00882720947265626 -0.0293693542480469 0.0163364410400391
-0.0629463195800781 0.0111541748046875 -0.0845794677734375 0.033905029296875
-0.0729217529296875 0.000160217285156249 -0.145782470703125 0.03521728515625
-0.0727462768554688 -0.03033447265625 -0.195648193359375 -0.0249481201171875
-0.0385971069335938 -0.0583763122558594 -0.201004028320313 -0.111129760742188
0.00529479980468749 -0.0779190063476562 -0.126144409179687 -0.212295532226563
0.0700759887695313 -0.0337295532226563 0.03436279296875 -0.274749755859375
0.0727767944335938 0.0355148315429687 0.121673583984375 -0.204849243164063
0.033599853515625 0.0694465637207031 0.155075073242188 -0.113250732421875
0.0138092041015625 0.150375366210937 -0.134201049804688 -0.0379562377929688
0.105934143066406 0.118118286132812 -0.160476684570313 0.082427978515625
0.143142700195312 0.0023345947265625 -0.0723876953125 0.179595947265625
0.0777206420898438 -0.110862731933594 0.027587890625 0.155471801757812
-0.0277938842773438 -0.116722106933594 0.0760879516601562 0.0856475830078125
-0.111442565917969 -0.0632171630859375 0.0557289123535156 0.025115966796875
-0.107765197753906 0.0079498291015625 0.00853252410888671 0.00945186614990234
-0.0880279541015625 0.0133743286132813 -0.0534744262695313 0.0196800231933594
-0.104598999023437 0.000198364257812518 -0.119468688964844 0.0234298706054687
-0.103096008300781 -0.0441055297851562 -0.1689453125 -0.0284423828125
-0.0542068481445313 -0.0869140625 -0.178375244140625 -0.105911254882813
0.0130844116210938 -0.112236022949219 -0.11358642578125 -0.198654174804688
0.1085205078125 -0.0407791137695313 0.0377960205078125 -0.259994506835938
0.104202270507812 0.0679168701171875 0.128738403320313 -0.188461303710938
0.0402908325195313 0.116134643554688 0.16021728515625 -0.0856170654296875
0.0193634033203125 0.171218872070312 -0.133499145507813 -0.00891113281249999
0.12677001953125 0.123588562011719 -0.1661376953125 0.0882720947265625
0.15325927734375 -0.0115509033203125 -0.08953857421875 0.19854736328125
0.0720443725585938 -0.123092651367187 0.0289306640625 0.194915771484375
-0.0384063720703125 -0.121307373046875 0.107261657714844 0.117172241210937
-0.124504089355469 -0.0633316040039063 0.1026611328125 0.033233642578125
-0.119125366210938 0.00898742675781248 0.0538787841796875 -0.00183486938476562
-0.0996627807617187 0.0133819580078125 -0.0139217376708984 0.00218009948730469
-0.122085571289062 -0.00184631347656252 -0.0830764770507813 0.00827026367187501
-0.118278503417969 -0.0561981201171875 -0.129890441894531 -0.032806396484375
-0.057403564453125 -0.107612609863281 -0.144607543945313 -0.098541259765625
0.0277786254882812 -0.130836486816406 -0.0927276611328125 -0.178619384765625
0.133354187011719 -0.0334091186523438 0.0450897216796875 -0.23565673828125
0.115158081054687 0.0941543579101563 0.138687133789063 -0.1630859375
0.03704833984375 0.143096923828125 0.1593017578125 -0.0470123291015625
0.0223846435546875 0.1658935546875 -0.135284423828125 0.0290069580078125
0.122993469238281 0.1099853515625 -0.168746948242188 0.11297607421875
0.137245178222656 -0.018463134765625 -0.086517333984375 0.226242065429688
0.0567626953125 -0.111473083496094 0.048828125 0.228302001953125
-0.0418548583984375 -0.105461120605469 0.143142700195313 0.1373291015625
-0.118492126464844 -0.0532302856445313 0.14990234375 0.033355712890625
-0.110679626464844 0.00801849365234377 0.0976943969726563 -0.0178298950195313
-0.095611572265625 0.0117416381835937 0.0252418518066406 -0.0172519683837891
-0.121261596679688 -0.00653076171875001 -0.0408439636230469 -0.00675201416015626
-0.112991333007813 -0.0646438598632813 -0.0839157104492187 -0.0324249267578125
-0.0455322265625 -0.114402770996094 -0.10662841796875 -0.0809707641601563
0.0451736450195313 -0.124046325683594 -0.07305908203125 -0.150543212890625
0.135452270507813 -0.0110015869140625 0.0466461181640625 -0.208450317382813
0.100090026855469 0.108306884765625 0.144989013671875 -0.140823364257812
0.023651123046875 0.144256591796875 0.154525756835937 -0.00534057617187499
0.019561767578125 0.138389587402344 -0.136665344238281 0.0699920654296875
0.0984878540039063 0.0839080810546875 -0.16314697265625 0.143218994140625
0.103973388671875 -0.0139007568359375 -0.0673675537109375 0.250259399414063
0.0394058227539062 -0.0817947387695313 0.0758056640625 0.24700927734375
-0.0352630615234375 -0.075927734375 0.174667358398438 0.14306640625
-0.0936050415039062 -0.0376052856445313 0.187149047851563 0.02667236328125
-0.0859832763671875 0.00513458251953125 0.133132934570313 -0.0339889526367188
-0.0787811279296875 0.00910186767578126 0.0595855712890625 -0.0349006652832031
-0.101287841796875 -0.010284423828125 -0.00164508819580079 -0.0168981552124023
-0.087738037109375 -0.0619049072265625 -0.0402946472167969 -0.0248680114746094
-0.024505615234375 -0.0988922119140625 -0.074859619140625 -0.059051513671875
0.05389404296875 -0.0923843383789063 -0.0636749267578125 -0.122535705566406
0.107704162597656 0.0134658813476563 0.0428009033203125 -0.190597534179688
0.0651473999023438 0.100288391113281 0.149322509765625 -0.12457275390625
0.00704193115234374 0.120780944824219 0.144119262695312 0.030242919921875
0.0109634399414062 0.0921630859375 -0.138442993164063 0.104759216308594
0.0584831237792969 0.0536231994628906 -0.151336669921875 0.17083740234375
0.0630302429199219 -0.00127029418945313 -0.0417633056640625 0.265213012695313
0.0256462097167969 -0.04254150390625 0.102142333984375 0.251083374023438
-0.0213356018066406 -0.0423851013183594 0.19622802734375 0.139495849609375
-0.0566673278808594 -0.0218620300292969 0.2117919921875 0.01739501953125
-0.0507469177246094 0.001251220703125 0.154495239257812 -0.0483856201171875
-0.0486679077148438 0.00463104248046875 0.0832443237304688 -0.0464324951171875
-0.0644035339355469 -0.0110664367675781 0.0295028686523437 -0.0217514038085938
-0.0503120422363281 -0.043365478515625 -0.00853919982910157 -0.0137453079223633
-0.00452423095703125 -0.0615921020507813 -0.0558280944824219 -0.0390281677246094
0.0430984497070313 -0.0469627380371094 -0.0619354248046875 -0.104194641113281
0.059112548828125 0.0258522033691406 0.0389556884765625 -0.1845703125
0.0252876281738281 0.0697364807128906 0.155364990234375 -0.117294311523438
-0.00633239746093751 0.0778732299804688 0.132469177246094 0.0567474365234375
0.00362777709960938 -0.00924491882324219 -0.163665771484375 -0.0373687744140625
-0.000955581665039063 -0.0130882263183594 -0.152725219726563 0.137161254882812
0.00609350204467773 -0.00187349319458008 0.00691223144531249 0.192962646484375
-0.00100231170654297 -0.0048222541809082 0.0775375366210938 0.0962753295898437
-0.00529813766479492 0.00542926788330078 0.0482978820800781 0.0149116516113281
0.00739955902099609 0.0134611129760742 -0.00248026847839355 -0.00119543075561523
0.0154075622558594 0.010096549987793 -0.0585060119628906 0.0242424011230469
0.00941753387451172 0.00320243835449219 -0.108543395996094 0.0512924194335937
0.00877285003662109 -0.00208520889282227 -0.16339111328125 0.0529327392578125
0.00710868835449219 -0.00185203552246094 -0.21551513671875 -0.0141754150390625
0.00744199752807617 0.00260257720947266 -0.2232666015625 -0.112228393554688
-0.00296378135681152 0.00429439544677734 -0.1378173828125 -0.225738525390625
-0.0196380615234375 -0.00196266174316406 0.0377197265625 -0.287811279296875
-0.0189418792724609 -0.0345287322998047 0.118392944335938 -0.2142333984375
0.0013427734375 -0.0495338439941406 0.145538330078125 -0.13104248046875
0.0115089416503906 0.0543594360351563 -0.155059814453125 -0.0462799072265625
0.0406990051269531 0.0402107238769531 -0.156661987304687 0.123367309570312
0.0613288879394531 0.00286483764648438 -0.0110015869140625 0.19049072265625
0.0317306518554688 -0.0490798950195313 0.067901611328125 0.103843688964844
-0.0153121948242188 -0.0465545654296875 0.0514869689941406 0.0239448547363281
-0.041778564453125 -0.0167427062988281 -0.00135207176208496 0.00246214866638184
-0.0350971221923828 0.0128841400146484 -0.0541152954101563 0.0234031677246094
-0.028350830078125 0.0103988647460938 -0.104904174804687 0.05133056640625
-0.0348167419433594 0.00268936157226562 -0.161178588867188 0.05377197265625
-0.0360641479492188 -0.0150833129882813 -0.214889526367188 -0.00898742675781246
-0.0182991027832031 -0.0283565521240234 -0.224380493164063 -0.103057861328125
-0.00213623046875 -0.0390052795410156 -0.147598266601563 -0.21661376953125
0.0257339477539063 -0.0219230651855469 0.019989013671875 -0.2900390625
0.0314292907714844 -0.000486373901367188 0.109115600585938 -0.223434448242188
0.0211963653564453 0.0125064849853516 0.14935302734375 -0.138458251953125
0.0177078247070312 0.110603332519531 -0.145431518554687 -0.0450286865234375
0.0816726684570313 0.08648681640625 -0.154693603515625 0.105377197265625
0.112686157226563 0.00270843505859375 -0.0348052978515625 0.18402099609375
0.0605545043945313 -0.0889358520507813 0.0508499145507813 0.124130249023437
-0.0244903564453125 -0.0908050537109375 0.0619277954101563 0.0484657287597656
-0.0868911743164062 -0.0419082641601562 0.0185375213623047 0.0107765197753906
-0.079071044921875 0.0150527954101563 -0.0307636260986328 0.0189361572265625
-0.0626716613769531 0.0166168212890625 -0.0853729248046875 0.0421218872070313
-0.0755691528320313 0.0067596435546875 -0.146331787109375 0.0485687255859375
-0.0774307250976562 -0.0251388549804687 -0.201248168945313 -0.00959777832031252
-0.0438003540039062 -0.0576095581054688 -0.21466064453125 -0.0973052978515625
-0.0010986328125 -0.0805511474609375 -0.145462036132813 -0.207382202148438
0.069580078125 -0.0392990112304688 0.0135498046875 -0.284454345703125
0.0777130126953125 0.0319061279296875 0.110595703125 -0.21875
0.0396690368652344 0.0702781677246094 0.15545654296875 -0.128799438476563
0.0251007080078125 0.1549072265625 -0.138969421386719 -0.0301284790039062
0.119087219238281 0.114662170410156 -0.157684326171875 0.0950927734375
0.14874267578125 -0.0066070556640625 -0.0606536865234375 0.188201904296875
0.0726776123046875 -0.12042236328125 0.0392913818359375 0.156585693359375
-0.0377731323242187 -0.118812561035156 0.083221435546875 0.0809478759765625
-0.119300842285156 -0.0559463500976562 0.0580940246582031 0.0202751159667969
-0.109703063964844 0.0159912109375 0.00878477096557616 0.00848531723022461
-0.0885391235351563 0.0200653076171875 -0.0540237426757813 0.025238037109375
-0.107772827148438 0.00920104980468749 -0.120094299316406 0.0334701538085937
-0.109718322753906 -0.0371322631835938 -0.17510986328125 -0.0162200927734375
-0.0621185302734375 -0.0855026245117188 -0.191482543945313 -0.0945892333984375
0.0052642822265625 -0.115913391113281 -0.13275146484375 -0.19549560546875
0.108108520507813 -0.0491790771484375 0.017852783203125 -0.26995849609375
0.11181640625 0.0641326904296875 0.118667602539063 -0.20355224609375
0.0495376586914062 0.118499755859375 0.161361694335938 -0.100967407226563
0.032440185546875 0.175369262695313 -0.136833190917969 -0.000503540039062515
0.14111328125 0.118423461914063 -0.163909912109375 0.102142333984375
0.1578369140625 -0.021514892578125 -0.077880859375 0.20855712890625
0.0661697387695312 -0.1319580078125 0.043609619140625 0.196578979492187
-0.0487060546875 -0.122596740722656 0.117698669433594 0.1124267578125
-0.133895874023438 -0.0549392700195312 0.107406616210937 0.025177001953125
-0.120330810546875 0.0178909301757813 0.0548477172851562 -0.00768661499023437
-0.100090026855469 0.0218429565429688 -0.0152015686035156 0.0032501220703125
-0.125518798828125 0.00782012939453124 -0.0841217041015625 0.0155105590820312
-0.126945495605469 -0.0483169555664063 -0.135528564453125 -0.0238037109375
-0.0669403076171875 -0.106773376464844 -0.156036376953125 -0.088134765625
0.01898193359375 -0.136123657226563 -0.108596801757813 -0.175613403320312
0.13507080078125 -0.04290771484375 0.02728271484375 -0.24505615234375
0.125953674316406 0.0908584594726563 0.130691528320313 -0.179061889648438
0.04766845703125 0.147216796875 0.163299560546875 -0.0599822998046875
0.03411865234375 0.170013427734375 -0.136039733886719 0.0391845703125
0.1365966796875 0.104843139648438 -0.165298461914063 0.126617431640625
0.141036987304688 -0.0272979736328125 -0.07269287109375 0.236892700195312
0.0505828857421875 -0.118438720703125 0.0663604736328125 0.230224609375
-0.0509796142578125 -0.105110168457031 0.156661987304688 0.129837036132813
-0.125839233398437 -0.0441741943359375 0.154983520507813 0.0219268798828125
-0.112335205078125 0.0170135498046875 0.0981063842773438 -0.027099609375
-0.096954345703125 0.0196380615234375 0.0241718292236328 -0.01971435546875
-0.125656127929687 0.00453948974609374 -0.0422210693359375 -0.00288009643554687
-0.12188720703125 -0.058013916015625 -0.0875015258789063 -0.027130126953125
-0.05535888671875 -0.114723205566406 -0.115180969238281 -0.0742416381835938
0.0378875732421875 -0.130889892578125 -0.0859375 -0.147506713867188
0.138717651367187 -0.0198898315429687 0.0308837890625 -0.217422485351563
0.111312866210938 0.106147766113281 0.138702392578125 -0.155517578125
0.034912109375 0.150253295898438 0.160140991210938 -0.017608642578125
0.02984619140625 0.140777587890625 -0.136131286621094 0.0824813842773438
0.107719421386719 0.0794906616210938 -0.157363891601563 0.156600952148438
0.105659484863281 -0.0208740234375 -0.0515594482421875 0.26123046875
0.0342864990234375 -0.0860595703125 0.0952911376953125 0.247512817382813
-0.0418472290039062 -0.0751571655273438 0.190048217773438 0.133148193359375
-0.0986404418945313 -0.0305862426757813 0.193466186523438 0.0122528076171875
-0.0875396728515625 0.012603759765625 0.133224487304688 -0.047149658203125
-0.0783538818359375 0.0147781372070312 0.0577278137207031 -0.0390968322753906
-0.104209899902344 -0.00211334228515625 -0.00119018554687501 -0.0162372589111328
-0.0955886840820313 -0.0567855834960938 -0.0415763854980469 -0.0222587585449219
-0.0319900512695312 -0.100486755371094 -0.0807723999023438 -0.0528717041015625
0.0484542846679688 -0.0986709594726563 -0.0745315551757812 -0.119468688964844
0.111854553222656 0.0075836181640625 0.0283050537109375 -0.197860717773438
0.074981689453125 0.101150512695313 0.143524169921875 -0.1405029296875
0.016357421875 0.125938415527344 0.151580810546875 0.0204620361328125
0.0185775756835937 0.0943527221679687 -0.135841369628906 0.117576599121094
0.0643882751464844 0.0510711669921875 -0.14337158203125 0.184661865234375
0.0655326843261719 -0.00521469116210938 -0.0242156982421875 0.272903442382812
0.0242347717285156 -0.0450592041015625 0.122879028320313 0.249191284179688
-0.0240554809570312 -0.0425567626953125 0.211502075195313 0.1273193359375
-0.0592918395996094 -0.0176124572753906 0.218002319335938 -1.07841635429343E-18
-0.0508575439453125 0.00524139404296875 0.155120849609375 -0.0628204345703125
-0.0489463806152344 0.00843429565429688 0.0820541381835938 -0.0539169311523438
-0.0669631958007813 -0.0052490234375 0.0298271179199219 -0.024322509765625
-0.0554084777832031 -0.0413856506347656 -0.00808048248291016 -0.0139579772949219
-0.00891494750976563 -0.0641937255859375 -0.0600509643554688 -0.0337638854980469
0.0410652160644531 -0.0508384704589844 -0.07159423828125 -0.101181030273438
0.0627670288085938 0.0232200622558594 0.025665283203125 -0.191925048828125
0.0311431884765625 0.0709915161132813 0.150588989257813 -0.13323974609375
-0.00135040283203125 0.0813980102539063 0.140975952148438 0.0482330322265625
0.00360584259033203 -0.00988197326660156 -0.163253784179688 -0.0281982421875
-0.00153446197509765 -0.0140829086303711 -0.1417236328125 0.143569946289063
0.00597810745239258 -0.00322914123535156 0.020751953125 0.188812255859375
-0.00153255462646484 -0.00572109222412109 0.0828475952148438 0.0890274047851563
-0.00574111938476563 0.00583028793334961 0.0476493835449219 0.00975799560546875
0.0079488754272461 0.0129709243774414 -0.00361371040344238 -0.00254392623901367
0.0165634155273438 0.00796318054199219 -0.0576972961425781 0.0284843444824219
0.0110254287719727 0.00237083435058594 -0.104591369628906 0.060211181640625
0.00834751129150391 -0.00135231018066406 -0.15777587890625 0.0633392333984375
0.00715065002441406 -0.00340986251831055 -0.213836669921875 0.00106811523437501
0.00756549835205078 0.00192070007324219 -0.228378295898438 -0.09527587890625
-0.00320625305175781 0.00472784042358398 -0.153152465820313 -0.21380615234375
-0.0197982788085938 -0.000812530517578129 0.017913818359375 -0.287841796875
-0.0213642120361328 -0.0332889556884766 0.105148315429688 -0.221588134765625
-0.00241470336914062 -0.0492286682128906 0.1387939453125 -0.139503479003906
0.0150985717773438 0.0525169372558594 -0.155990600585938 -0.038055419921875
0.0438270568847656 0.0373764038085938 -0.146697998046875 0.132766723632813
0.0631523132324219 -0.000942230224609375 0.00282287597656252 0.188217163085938
0.0289802551269531 -0.051025390625 0.0744476318359375 0.0967025756835938
-0.01861572265625 -0.0454864501953125 0.0511894226074219 0.0190658569335937
-0.0430374145507813 -0.01324462890625 -0.00299215316772461 0.00175571441650391
-0.0334243774414063 0.014984130859375 -0.0538253784179688 0.0268745422363281
-0.0267963409423828 0.0125522613525391 -0.100837707519531 0.0593109130859375
-0.0352325439453125 0.00587844848632813 -0.15557861328125 0.0655975341796875
-0.0371665954589844 -0.0119743347167969 -0.212081909179688 0.00531005859375003
-0.0196285247802734 -0.0274543762207031 -0.229934692382813 -0.085968017578125
-0.00474166870117187 -0.0384559631347656 -0.161651611328125 -0.20465087890625
0.0243244171142578 -0.022796630859375 -0.000488281249999994 -0.28961181640625
0.0303668975830078 -0.00168228149414063 0.0952301025390625 -0.229888916015625
0.0219097137451172 0.0111961364746094 0.14312744140625 -0.148651123046875
0.0251083374023438 0.109291076660156 -0.1468505859375 -0.0366363525390625
0.0877532958984375 0.0807571411132813 -0.146026611328125 0.114944458007812
0.114234924316406 -0.00380706787109375 -0.021820068359375 0.183792114257813
0.0543289184570312 -0.0919876098632812 0.0588912963867187 0.117301940917969
-0.0311126708984375 -0.088958740234375 0.0630302429199219 0.0426216125488281
-0.0890426635742188 -0.0357513427734375 0.0181026458740234 0.00855064392089844
-0.0773696899414063 0.0200881958007812 -0.0297946929931641 0.0205364227294922
-0.0593795776367188 0.0208740234375 -0.081939697265625 0.0489501953125
-0.074127197265625 0.01312255859375 -0.141006469726563 0.058380126953125
-0.078826904296875 -0.0195770263671875 -0.199951171875 0.00431823730468747
-0.0465011596679688 -0.0555992126464844 -0.220321655273438 -0.0810546875
-0.00714111328125 -0.0790557861328125 -0.159500122070313 -0.19482421875
0.0657577514648438 -0.0433578491210938 -0.00610351562499999 -0.283782958984375
0.0791244506835938 0.0289154052734375 0.09600830078125 -0.226211547851563
0.0440139770507813 0.0692558288574219 0.148574829101563 -0.138763427734375
0.035186767578125 0.152297973632813 -0.138954162597656 -0.0227432250976563
0.126991271972656 0.106147766113281 -0.150100708007812 0.104110717773438
0.150344848632813 -0.0158233642578125 -0.0478973388671875 0.189804077148438
0.0650711059570313 -0.124977111816406 0.049072265625 0.1512451171875
-0.0457382202148438 -0.115432739257813 0.0868911743164062 0.0734939575195312
-0.122657775878906 -0.0458831787109375 0.0571556091308594 0.0156173706054687
-0.106781005859375 0.0237350463867188 0.00807094573974609 0.00783443450927735
-0.0846939086914063 0.0270614624023437 -0.0524940490722656 0.0305023193359375
-0.106376647949219 0.0179519653320313 -0.116409301757813 0.0427932739257812
-0.112144470214844 -0.0289764404296875 -0.173812866210938 -0.00402832031249999
-0.0669708251953125 -0.0817108154296875 -0.196243286132813 -0.0796051025390625
-0.00307464599609374 -0.115455627441406 -0.144744873046875 -0.183837890625
0.104721069335938 -0.0552978515625 -0.00140380859374999 -0.26904296875
0.116218566894531 0.0585708618164062 0.1055908203125 -0.211257934570313
0.056610107421875 0.116142272949219 0.15679931640625 -0.112136840820312
0.0430450439453125 0.171875 -0.1361083984375 0.00705718994140625
0.14892578125 0.108245849609375 -0.155487060546875 0.110076904296875
0.158203125 -0.031707763671875 -0.06402587890625 0.21124267578125
0.0570144653320313 -0.136917114257813 0.0565948486328125 0.1907958984375
-0.0572280883789062 -0.118629455566406 0.12298583984375 0.102188110351562
-0.136466979980469 -0.04437255859375 0.106979370117187 0.0171737670898437
-0.118125915527344 0.026458740234375 0.0527000427246094 -0.0113754272460937
-0.0968017578125 0.0283584594726562 -0.0159015655517578 0.00583744049072266
-0.124771118164063 0.018524169921875 -0.0812835693359375 0.02191162109375
-0.130348205566406 -0.0396499633789063 -0.135520935058594 -0.0146560668945313
-0.0723419189453125 -0.103248596191406 -0.160903930664063 -0.076385498046875
0.00910186767578125 -0.136909484863281 -0.119613647460938 -0.166473388671875
0.132148742675781 -0.052001953125 0.00944519042968751 -0.244659423828125
0.132286071777344 0.084136962890625 0.118621826171875 -0.187240600585938
0.0584716796875 0.145416259765625 0.161331176757813 -0.0719757080078125
0.045196533203125 0.167404174804688 -0.13287353515625 0.0471878051757813
0.142471313476563 0.094482421875 -0.156097412109375 0.134506225585938
0.139869689941406 -0.03582763671875 -0.057464599609375 0.24029541015625
0.042236328125 -0.121421813964844 0.0811920166015625 0.224624633789062
-0.0576324462890625 -0.100936889648437 0.16455078125 0.118118286132812
-0.127647399902344 -0.0351638793945313 0.155197143554688 0.0109100341796875
-0.109375 0.0243072509765625 0.0950393676757813 -0.0343170166015625
-0.093414306640625 0.026702880859375 0.0220260620117187 -0.0196342468261719
-0.124153137207031 0.013336181640625 -0.0408706665039063 0.000350952148437505
-0.125625610351563 -0.0489120483398438 -0.08795166015625 -0.0205154418945312
-0.0615768432617188 -0.112190246582031 -0.11895751953125 -0.064483642578125
0.0293045043945313 -0.132591247558594 -0.0953140258789062 -0.139823913574219
0.137229919433594 -0.0281448364257813 0.01446533203125 -0.217605590820313
0.118392944335938 0.101287841796875 0.127029418945313 -0.164596557617187
0.0451507568359375 0.148025512695313 0.16021728515625 -0.0279998779296875
0.0390396118164063 0.137496948242187 -0.130828857421875 0.089263916015625
0.113014221191406 0.0721511840820313 -0.146987915039062 0.165512084960937
0.105247497558594 -0.0270538330078125 -0.035003662109375 0.26220703125
0.0298233032226562 -0.0876846313476563 0.1129150390625 0.238296508789063
-0.0456619262695312 -0.0725326538085938 0.197311401367188 0.119537353515625
-0.0992507934570313 -0.0227432250976563 0.193038940429688 -0.00201416015625
-0.0850448608398438 0.0185089111328125 0.12762451171875 -0.0561981201171875
-0.07598876953125 0.0200729370117187 0.0549125671386719 -0.0428466796875
-0.104141235351562 0.0068511962890625 -0.00207614898681641 -0.0170984268188477
-0.0994186401367188 -0.049957275390625 -0.0417327880859375 -0.0197601318359375
-0.0377197265625 -0.0988693237304688 -0.0824356079101563 -0.0461578369140625
0.0422744750976563 -0.101646423339844 -0.081939697265625 -0.111976623535156
0.113365173339844 0.001068115234375 0.0124969482421875 -0.197998046875
0.0822982788085938 0.0978851318359375 0.133193969726563 -0.149246215820313
0.0254745483398438 0.125717163085938 0.15380859375 0.0103912353515625
0.0237197875976563 0.0927352905273438 -0.128684997558594 0.125709533691406
0.0679244995117188 0.0458030700683594 -0.131454467773437 0.191314697265625
0.0651016235351563 -0.00873947143554688 -0.00624084472656247 0.27215576171875
0.0224876403808594 -0.04669189453125 0.139068603515625 0.239212036132812
-0.0260429382324219 -0.0400772094726563 0.218215942382813 0.111602783203125
-0.0591545104980469 -0.0131912231445312 0.215118408203125 -0.01611328125
-0.0504493713378906 0.00878143310546874 0.149078369140625 -0.0735931396484375
-0.0466232299804688 0.0117950439453125 0.0782546997070313 -0.0594406127929688
-0.0668525695800781 -0.00022888183593751 0.0297164916992187 -0.0268821716308594
-0.0574760437011719 -0.03765869140625 -0.00736999511718751 -0.0130815505981445
-0.0122451782226563 -0.0640411376953125 -0.0600051879882813 -0.0279388427734375
0.0381011962890625 -0.0541267395019531 -0.0772171020507813 -0.0930557250976563
0.0643043518066406 0.0198516845703125 0.00961303710937501 -0.191818237304688
0.0356674194335938 0.0705413818359375 0.139495849609375 -0.142608642578125
0.00501251220703125 0.0825576782226562 0.144012451171875 0.039794921875
0.00296974182128906 -0.0114192962646484 -0.160079956054688 -0.0230712890625
-0.00283432006835938 -0.0138874053955078 -0.1336669921875 0.14520263671875
0.00683355331420898 -0.00388336181640625 0.027099609375 0.181304931640625
-0.00206661224365234 -0.00556421279907227 0.0842437744140625 0.08184814453125
-0.00527429580688476 0.00671911239624024 0.0451126098632813 0.00635910034179688
0.00927734375 0.0132923126220703 -0.00690650939941406 -0.00326204299926758
0.0170450210571289 0.00672626495361328 -0.0564498901367188 0.031097412109375
0.0117998123168945 0.00236034393310547 -0.0997314453125 0.0650405883789063
0.00820016860961914 -0.00135707855224609 -0.152297973632812 0.06866455078125
0.00659036636352539 -0.00361537933349609 -0.20904541015625 0.00920104980468752
0.00758600234985351 0.000910758972167969 -0.227249145507813 -0.0827178955078125
-0.0030217170715332 0.00528860092163086 -0.158172607421875 -0.202804565429688
-0.0196571350097656 -0.000217437744140624 0.00704956054687503 -0.282501220703125
-0.0222415924072266 -0.0310783386230469 0.09637451171875 -0.22125244140625
-0.003936767578125 -0.0474205017089844 0.1341552734375 -0.143218994140625
0.0165748596191406 0.0497512817382813 -0.152236938476563 -0.0330810546875
0.0441513061523437 0.0335960388183594 -0.137527465820312 0.134674072265625
0.0641708374023438 -0.00344467163085937 0.0108184814453125 0.182785034179687
0.0264930725097656 -0.0514907836914063 0.0759048461914063 0.09033203125
-0.0209808349609375 -0.0437164306640625 0.0490798950195313 0.0145111083984375
-0.0425758361816406 -0.0110244750976563 -0.00475788116455078 0.000663757324218749
-0.0317420959472656 0.0152339935302734 -0.0526390075683594 0.0297698974609375
-0.02410888671875 0.0136871337890625 -0.0960693359375 0.064178466796875
-0.0332889556884766 0.00734329223632813 -0.148971557617188 0.0711669921875
-0.0371589660644531 -0.0107192993164063 -0.207611083984375 0.014190673828125
-0.0199298858642578 -0.0269565582275391 -0.228347778320313 -0.073760986328125
-0.00625991821289063 -0.0372657775878906 -0.166839599609375 -0.193222045898438
0.0227928161621094 -0.0228862762451172 -0.01190185546875 -0.28314208984375
0.0299758911132812 -0.00187301635742187 0.0850982666015625 -0.229644775390625
0.0222396850585938 0.0109977722167969 0.1378173828125 -0.152328491210938
0.0281982421875 0.105796813964844 -0.143218994140625 -0.03240966796875
0.09033203125 0.075439453125 -0.138877868652344 0.115753173828125
0.115226745605469 -0.007568359375 -0.013824462890625 0.179855346679688
0.050811767578125 -0.0928573608398438 0.0603790283203125 0.11163330078125
-0.0339508056640625 -0.0852508544921875 0.0608024597167969 0.0381050109863281
-0.0890426635742187 -0.0306777954101562 0.0165672302246094 0.00729751586914062
-0.0741195678710938 0.0224227905273438 -0.0295581817626953 0.0219783782958984
-0.0571098327636719 0.023040771484375 -0.07843017578125 0.0537338256835938
-0.0716476440429688 0.0170211791992188 -0.135231018066406 0.063323974609375
-0.0785751342773438 -0.0155029296875 -0.194839477539062 0.012298583984375
-0.0470123291015625 -0.0529899597167969 -0.217819213867188 -0.0690155029296875
-0.00914764404296875 -0.0773086547851563 -0.16387939453125 -0.184280395507813
0.0637893676757813 -0.0447235107421875 -0.01776123046875 -0.27679443359375
0.0797805786132813 0.0268173217773438 0.0870208740234375 -0.225555419921875
0.0460739135742188 0.06719970703125 0.143508911132813 -0.142929077148438
0.038665771484375 0.147994995117187 -0.136276245117188 -0.018341064453125
0.12939453125 0.099212646484375 -0.143020629882813 0.105422973632812
0.149688720703125 -0.0213623046875 -0.0400238037109375 0.18585205078125
0.0600433349609375 -0.125778198242188 0.053253173828125 0.144577026367188
-0.0493698120117188 -0.112258911132813 0.0858383178710938 0.068115234375
-0.121864318847656 -0.0398712158203125 0.0553703308105469 0.0134201049804687
-0.103042602539063 0.0278396606445312 0.00737619400024414 0.00750732421875
-0.0810928344726563 0.0293655395507813 -0.0498046875 0.0335845947265625
-0.102943420410156 0.0229644775390625 -0.110862731933594 0.0470657348632813
-0.111717224121094 -0.0232162475585938 -0.170440673828125 0.00308227539062499
-0.0685653686523437 -0.0789718627929688 -0.195266723632812 -0.0688018798828125
-0.00650024414062499 -0.113250732421875 -0.14862060546875 -0.173110961914063
0.101356506347656 -0.0571517944335938 -0.0120849609375 -0.262405395507813
0.11688232421875 0.0546340942382812 0.095947265625 -0.211898803710938
0.0614242553710938 0.113494873046875 0.152175903320313 -0.117156982421875
0.0474853515625 0.168167114257813 -0.132232666015625 0.010894775390625
0.151092529296875 0.100540161132813 -0.149261474609375 0.11260986328125
0.1558837890625 -0.0362091064453125 -0.05438232421875 0.208465576171875
0.0521011352539062 -0.135910034179688 0.0606231689453125 0.184585571289062
-0.0606155395507813 -0.114501953125 0.124092102050781 0.0948028564453125
-0.135162353515625 -0.0378265380859375 0.104621887207031 0.0132904052734375
-0.113777160644531 0.0305023193359375 0.050262451171875 -0.0135421752929687
-0.0927276611328125 0.0317459106445312 -0.0152378082275391 0.00769901275634766
-0.12060546875 0.0241622924804687 -0.0776290893554688 0.0251235961914063
-0.130386352539063 -0.03314208984375 -0.132514953613281 -0.00851440429687498
-0.0754776000976563 -0.0994720458984375 -0.159683227539063 -0.066619873046875
0.00494384765625001 -0.1343994140625 -0.123260498046875 -0.156051635742188
0.12811279296875 -0.0553817749023438 -0.000808715820312475 -0.238510131835938
0.133979797363281 0.0803451538085937 0.109359741210938 -0.18890380859375
0.0628814697265625 0.142013549804688 0.15789794921875 -0.077667236328125
0.0487518310546875 0.162384033203125 -0.128990173339844 0.0501556396484375
0.14410400390625 0.086700439453125 -0.148635864257813 0.136154174804688
0.136985778808594 -0.0398406982421875 -0.048095703125 0.236312866210938
0.0382308959960938 -0.12078857421875 0.08758544921875 0.214920043945313
-0.059844970703125 -0.0965423583984375 0.16400146484375 0.1085205078125
-0.125442504882813 -0.0284271240234375 0.15234375 0.00457763671875
-0.10589599609375 0.0286102294921875 0.0909881591796875 -0.037811279296875
-0.0899581909179688 0.0289230346679688 0.0203399658203125 -0.0198478698730469
-0.121131896972656 0.0191726684570313 -0.0386466979980469 0.00186538696289062
-0.126487731933594 -0.0431137084960938 -0.0858306884765625 -0.0167083740234375
-0.064971923828125 -0.108818054199219 -0.118049621582031 -0.0567092895507813
0.02435302734375 -0.132133483886719 -0.0980987548828125 -0.131851196289063
0.134773254394531 -0.0321121215820313 0.00476074218750002 -0.21209716796875
0.120903015136719 0.0977783203125 0.118240356445313 -0.166793823242188
0.0506134033203125 0.146133422851563 0.158157348632813 -0.0347747802734375
0.0413436889648437 0.134193420410156 -0.1253662109375 0.0913925170898438
0.114601135253906 0.0651168823242187 -0.13922119140625 0.165313720703125
0.103614807128906 -0.0296707153320313 -0.0246429443359375 0.25701904296875
0.0266265869140625 -0.08746337890625 0.11865234375 0.229095458984375
-0.0480461120605469 -0.0686454772949219 0.1976318359375 0.108993530273438
-0.097442626953125 -0.0186386108398438 0.188629150390625 -0.008880615234375
-0.082244873046875 0.0217819213867188 0.122238159179688 -0.0610885620117188
-0.0720443725585938 0.0224151611328125 0.0521430969238281 -0.043792724609375
-0.101348876953125 0.0112380981445312 -0.000632286071777351 -0.0161342620849609
-0.100166320800781 -0.0454635620117188 -0.0399665832519531 -0.0181541442871094
-0.04046630859375 -0.0968856811523438 -0.0817794799804688 -0.039764404296875
0.0390472412109375 -0.101531982421875 -0.0833206176757813 -0.104278564453125
0.111976623535156 -0.00122833251953125 0.0034637451171875 -0.193450927734375
0.0851593017578125 0.0955734252929688 0.12347412109375 -0.152877807617188
0.029571533203125 0.125022888183594 0.152389526367188 0.00402832031250001
0.0257797241210938 0.0902099609375 -0.122367858886719 0.127548217773437
0.0673484802246094 0.0420150756835937 -0.12335205078125 0.191619873046875
0.0640869140625 -0.010955810546875 0.00236511230468748 0.265151977539063
0.0191001892089844 -0.0461006164550781 0.144851684570313 0.22808837890625
-0.027008056640625 -0.0387802124023438 0.217010498046875 0.100784301757812
-0.0580825805664062 -0.0112800598144531 0.20953369140625 -0.025543212890625
-0.0480499267578125 0.0104942321777344 0.142608642578125 -0.07867431640625
-0.04449462890625 0.0133094787597656 0.0737457275390625 -0.0609664916992188
-0.0654220581054688 0.00348281860351561 0.0292453765869141 -0.0273342132568359
-0.0588493347167969 -0.0342140197753906 -0.00614356994628907 -0.0130443572998047
-0.0138435363769531 -0.0631103515625 -0.0585365295410156 -0.0230140686035156
0.0360832214355469 -0.0540046691894531 -0.0787506103515625 -0.0860748291015625
0.0643501281738281 0.0184783935546875 7.62939453124917E-05 -0.18756103515625
0.0382461547851563 0.0705490112304688 0.130477905273438 -0.1478271484375
0.00863647460937499 0.0811080932617188 0.1422119140625 0.0337371826171875
0.00246334075927734 -0.0116939544677734 -0.157379150390625 -0.023681640625
-0.00324726104736328 -0.0148773193359375 -0.131637573242188 0.145492553710938
0.00699472427368164 -0.00538778305053711 0.0277862548828125 0.17828369140625
-0.00272274017333984 -0.00655937194824219 0.083526611328125 0.079559326171875
-0.00564384460449219 0.007232666015625 0.0428504943847656 0.0048828125
0.00950336456298828 0.0134506225585938 -0.00924205780029297 -0.00393581390380859
0.0175991058349609 0.00647926330566406 -0.05670166015625 0.0319862365722656
0.0119295120239258 0.000880241394042969 -0.0972213745117187 0.06787109375
0.00880908966064453 -0.000734329223632813 -0.149505615234375 0.0705413818359375
0.00598382949829102 -0.00334692001342773 -0.206893920898438 0.01177978515625
0.00753068923950195 0.000948905944824219 -0.226776123046875 -0.0798187255859375
-0.00276899337768555 0.00507307052612305 -0.159835815429688 -0.19903564453125
-0.0202274322509766 -0.000150680541992183 0.003997802734375 -0.279739379882813
-0.0229930877685547 -0.029815673828125 0.0946502685546875 -0.220672607421875
-0.0031890869140625 -0.0476570129394531 0.134918212890625 -0.144638061523438
0.0157508850097656 0.0483932495117188 -0.149002075195313 -0.0328369140625
0.043975830078125 0.0329475402832031 -0.135650634765625 0.1337890625
0.0653800964355469 -0.00485610961914063 0.011962890625 0.181015014648437
0.0268516540527344 -0.0517616271972656 0.0753326416015625 0.0869903564453125
-0.0205001831054687 -0.0424690246582031 0.04754638671875 0.0128746032714844
-0.0414695739746094 -0.00947952270507813 -0.00681018829345703 0.000736713409423827
-0.0312042236328125 0.0165004730224609 -0.0524482727050781 0.0306663513183594
-0.0228595733642578 0.0129375457763672 -0.0937576293945313 0.0667953491210937
-0.0328254699707031 0.00876998901367187 -0.146453857421875 0.0731201171875
-0.0379791259765625 -0.00986099243164063 -0.205642700195313 0.0172119140625
-0.0206413269042969 -0.0270519256591797 -0.226333618164063 -0.06964111328125
-0.00582122802734375 -0.0361709594726563 -0.167160034179688 -0.189041137695312
0.0221576690673828 -0.0219936370849609 -0.0142974853515625 -0.279769897460938
0.0301342010498047 -0.000804901123046875 0.0837249755859375 -0.2291259765625
0.0227622985839844 0.0110549926757813 0.138107299804688 -0.15411376953125
0.0269927978515625 0.10491943359375 -0.1416015625 -0.032257080078125
0.0898666381835938 0.074462890625 -0.136268615722656 0.115486145019531
0.116287231445313 -0.00945281982421875 -0.0125274658203125 0.177322387695313
0.0508575439453125 -0.0937652587890625 0.0605621337890625 0.108604431152344
-0.0348663330078125 -0.0857315063476562 0.0592460632324219 0.0368728637695313
-0.0886154174804687 -0.0291671752929688 0.0148162841796875 0.00704193115234375
-0.0726470947265625 0.0232467651367188 -0.0294036865234375 0.0231914520263672
-0.0550727844238281 0.0228614807128906 -0.0750808715820313 0.0552444458007812
-0.0710678100585937 0.0184555053710938 -0.132179260253906 0.0643539428710937
-0.0793609619140625 -0.0149154663085938 -0.192901611328125 0.0139617919921875
-0.0476913452148438 -0.0536575317382812 -0.217376708984375 -0.0647430419921875
-0.00894165039062499 -0.0765228271484375 -0.164352416992188 -0.180801391601562
0.0635986328125 -0.0429840087890625 -0.01983642578125 -0.274169921875
0.080535888671875 0.026611328125 0.0849761962890625 -0.225723266601562
0.0472221374511719 0.0679244995117188 0.144393920898438 -0.145156860351563
0.0373382568359375 0.147674560546875 -0.134689331054688 -0.0186996459960937
0.130233764648437 0.097564697265625 -0.141220092773438 0.104934692382812
0.150833129882813 -0.02203369140625 -0.0385284423828125 0.184295654296875
0.0601272583007812 -0.12689208984375 0.052886962890625 0.141647338867188
-0.050140380859375 -0.110786437988281 0.0849151611328125 0.06671142578125
-0.121513366699219 -0.0382766723632813 0.0545425415039062 0.0131492614746094
-0.102119445800781 0.0282669067382812 0.00726747512817382 0.00768327713012695
-0.078765869140625 0.028533935546875 -0.0477294921875 0.0356941223144531
-0.101715087890625 0.02484130859375 -0.108810424804688 0.0482254028320312
-0.112228393554688 -0.0213165283203125 -0.168899536132812 0.0049285888671875
-0.0686569213867188 -0.0796051025390625 -0.193984985351563 -0.0649871826171875
-0.0074920654296875 -0.11224365234375 -0.148590087890625 -0.168746948242188
0.101150512695313 -0.0565414428710938 -0.0149383544921875 -0.26025390625
0.118919372558594 0.0556488037109375 0.0937957763671875 -0.212615966796875
0.0635528564453125 0.114463806152344 0.153427124023438 -0.119125366210938
0.046722412109375 0.167221069335938 -0.13165283203125 0.0104598999023437
0.1519775390625 0.098724365234375 -0.148147583007813 0.111404418945313
0.157058715820312 -0.0379638671875 -0.0535888671875 0.2064208984375
0.0517807006835938 -0.136978149414063 0.0615234375 0.18267822265625
-0.0617599487304688 -0.113357543945313 0.122406005859375 0.0937042236328125
-0.133857727050781 -0.0353469848632812 0.103851318359375 0.0127410888671875
-0.111129760742188 0.03131103515625 0.0493659973144531 -0.0136528015136719
-0.0899200439453125 0.03118896484375 -0.0141401290893555 0.0091552734375
-0.119132995605469 0.02716064453125 -0.07537841796875 0.0251083374023437
-0.129829406738281 -0.030517578125 -0.13140869140625 -0.00701141357421877
-0.0761489868164063 -0.100250244140625 -0.158538818359375 -0.0634002685546875
0.00370025634765625 -0.134536743164063 -0.122116088867188 -0.153656005859375
0.127792358398438 -0.053558349609375 -0.00352478027343749 -0.235824584960938
0.136795043945313 0.0806350708007813 0.107513427734375 -0.189651489257813
0.0649871826171875 0.141326904296875 0.158370971679688 -0.0806732177734375
0.04815673828125 0.161224365234375 -0.128555297851563 0.0496826171875
0.144500732421875 0.0855560302734375 -0.147933959960938 0.134872436523437
0.138084411621094 -0.0405349731445312 -0.047332763671875 0.235137939453125
0.0379562377929688 -0.120773315429687 0.0879364013671875 0.212066650390625
-0.0601959228515625 -0.0960006713867188 0.164215087890625 0.106536865234375
-0.124343872070312 -0.02667236328125 0.150726318359375 0.0025787353515625
-0.103469848632813 0.0296554565429688 0.089569091796875 -0.0382080078125
-0.0871658325195313 0.029388427734375 0.0211048126220703 -0.0185394287109375
-0.119346618652344 0.02178955078125 -0.037384033203125 0.00238800048828124
-0.126365661621094 -0.0408172607421875 -0.0844879150390625 -0.0169601440429687
-0.0650711059570312 -0.109573364257813 -0.116348266601563 -0.0534515380859375
0.0238418579101562 -0.132743835449219 -0.098297119140625 -0.12823486328125
0.134986877441406 -0.0312042236328125 0.00172424316406253 -0.209854125976562
0.123710632324219 0.098388671875 0.115432739257813 -0.16845703125
0.052825927734375 0.145767211914063 0.158981323242188 -0.0373382568359375
0.040008544921875 0.134963989257813 -0.124992370605469 0.0913314819335938
0.113433837890625 0.06439208984375 -0.138336181640625 0.164398193359375
0.103538513183594 -0.0301437377929687 -0.0246124267578125 0.254562377929688
0.0250473022460937 -0.0872116088867187 0.11932373046875 0.226654052734375
-0.0464973449707031 -0.0679512023925781 0.196365356445313 0.1063232421875
-0.0968551635742188 -0.0170974731445312 0.186386108398438 -0.011962890625
-0.0809783935546875 0.0225067138671875 0.121139526367188 -0.06170654296875
-0.0711441040039063 0.0224609375 0.0504722595214844 -0.0436363220214844
-0.100776672363281 0.013336181640625 0.000475883483886711 -0.0171709060668945
-0.101089477539063 -0.0436325073242187 -0.0390396118164063 -0.0179061889648437
-0.040496826171875 -0.0976791381835938 -0.0802459716796875 -0.0371932983398438
0.03912353515625 -0.103004455566406 -0.0831069946289063 -0.101387023925781
0.112236022949219 -0.001190185546875 -0.000183105468749974 -0.191757202148438
0.0865859985351563 0.097564697265625 0.121810913085938 -0.154739379882813
0.0318756103515625 0.125221252441406 0.152328491210938 0.00175476074218751
0.0258865356445312 0.0888519287109375 -0.121284484863281 0.127738952636719
0.0665168762207031 0.0410728454589844 -0.122390747070313 0.190902709960937
0.0634422302246094 -0.0105438232421875 0.00386047363281249 0.263412475585938
0.0197868347167969 -0.0451507568359375 0.144882202148438 0.22515869140625
-0.0271797180175781 -0.037841796875 0.21661376953125 0.0979156494140625
-0.0570526123046875 -0.01043701171875 0.208251953125 -0.0274505615234375
-0.0471878051757813 0.0117607116699219 0.140823364257812 -0.08001708984375
-0.0433807373046875 0.0126686096191406 0.0737075805664063 -0.0615997314453125
-0.0645713806152344 0.00376510620117188 0.0305442810058594 -0.0277500152587891
-0.0592155456542969 -0.0343818664550781 -0.00389671325683594 -0.0127878189086914
-0.0145530700683594 -0.06402587890625 -0.056610107421875 -0.0199317932128906
0.0364227294921875 -0.0548591613769531 -0.0790634155273437 -0.0824661254882813
0.0648269653320312 0.0201225280761719 -0.00283813476562501 -0.185104370117188
0.0390243530273437 0.0706787109375 0.127410888671875 -0.149703979492188
0.0102081298828125 0.08062744140625 0.142868041992188 0.030914306640625
0.00212764739990234 -0.0121965408325195 -0.159027099609375 -0.0253448486328125
-0.00395107269287109 -0.0148735046386719 -0.134841918945313 0.147842407226563
0.00781536102294922 -0.006622314453125 0.0276031494140625 0.181747436523437
-0.00493431091308594 -0.00710535049438477 0.08447265625 0.0794830322265625
-0.00534391403198242 0.00762510299682617 0.0424423217773437 0.00421905517578125
0.0114917755126953 0.0139389038085937 -0.0123815536499023 -0.00387859344482422
0.0188465118408203 0.00580596923828125 -0.0581436157226563 0.0335617065429687
0.0139694213867188 0.000647544860839844 -0.0980072021484375 0.0708541870117188
0.00984287261962891 -0.000135421752929688 -0.151901245117188 0.0729827880859375
0.00591707229614258 -0.00368928909301758 -0.211044311523438 0.0128936767578125
0.00754547119140625 9.10758972167969E-05 -0.230865478515625 -0.079864501953125
-0.00256490707397461 0.00596332550048828 -0.16375732421875 -0.202926635742187
-0.0194225311279297 0.000629425048828129 0.00347900390625001 -0.28570556640625
-0.0231838226318359 -0.0295658111572266 0.0975494384765625 -0.227432250976563
-0.00243759155273438 -0.0487174987792969 0.141143798828125 -0.149520874023438
0.0142288208007813 0.0497932434082031 -0.152557373046875 -0.035614013671875
0.0450363159179688 0.0336990356445313 -0.137809753417969 0.1375732421875
0.0682449340820313 -0.0058135986328125 0.01251220703125 0.18377685546875
0.0274620056152344 -0.0541000366210937 0.0764541625976563 0.0880050659179688
-0.0214042663574219 -0.0432853698730469 0.0466499328613281 0.0128326416015625
-0.0424690246582031 -0.0102157592773438 -0.00912857055664063 0.000160217285156249
-0.0303936004638672 0.0158233642578125 -0.0543708801269531 0.0326805114746094
-0.0221576690673828 0.0124397277832031 -0.0938720703125 0.0711593627929687
-0.0326194763183594 0.0102806091308594 -0.148391723632813 0.074737548828125
-0.0392494201660156 -0.00986099243164063 -0.209381103515625 0.0181121826171875
-0.0217247009277344 -0.0288200378417969 -0.231521606445313 -0.0699615478515626
-0.00576019287109375 -0.0370140075683594 -0.171661376953125 -0.191970825195313
0.0236072540283203 -0.0216770172119141 -0.01519775390625 -0.2857666015625
0.0314254760742188 -0.000165939331054687 0.0871429443359375 -0.234970092773438
0.0243797302246094 0.011993408203125 0.14453125 -0.159423828125
0.0261383056640625 0.108345031738281 -0.143905639648438 -0.0349273681640625
0.0926513671875 0.0767822265625 -0.139457702636719 0.117820739746094
0.121910095214844 -0.010345458984375 -0.01300048828125 0.180740356445313
0.0532913208007812 -0.098297119140625 0.0609664916992187 0.110015869140625
-0.0357437133789062 -0.0878448486328125 0.0593376159667969 0.0372352600097656
-0.0907821655273438 -0.0291748046875 0.014164924621582 0.00759601593017578
-0.0743026733398438 0.0236282348632812 -0.0303802490234375 0.0247592926025391
-0.0544815063476562 0.0223884582519531 -0.0758819580078125 0.0594558715820313
-0.0713043212890625 0.0196533203125 -0.134078979492188 0.0672454833984375
-0.08154296875 -0.0147476196289063 -0.196762084960938 0.01519775390625
-0.0488967895507813 -0.055755615234375 -0.2205810546875 -0.0652313232421875
-0.00952911376953124 -0.07861328125 -0.1676025390625 -0.18328857421875
0.0655288696289063 -0.0435333251953125 -0.021331787109375 -0.279388427734375
0.0837173461914063 0.0289306640625 0.087188720703125 -0.231964111328125
0.0487136840820313 0.0695571899414063 0.151702880859375 -0.151016235351563
0.0363006591796875 0.152145385742187 -0.137054443359375 -0.0205459594726563
0.1331787109375 0.100639343261719 -0.145004272460937 0.106338500976563
0.157684326171875 -0.0230560302734375 -0.0400848388671875 0.188552856445313
0.0612945556640625 -0.130950927734375 0.052947998046875 0.144378662109375
-0.051666259765625 -0.114189147949219 0.0863494873046875 0.068389892578125
-0.124641418457031 -0.0379714965820313 0.0542526245117187 0.0128936767578125
-0.103584289550781 0.0298843383789063 0.00731801986694335 0.00835132598876953
-0.0794296264648437 0.0290679931640625 -0.0471649169921875 0.0380935668945313
-0.102912902832031 0.0269622802734375 -0.109413146972656 0.0494155883789062
-0.115287780761719 -0.0213623046875 -0.171951293945313 0.00590515136718746
-0.071044921875 -0.0823516845703125 -0.197738647460938 -0.0644378662109375
-0.00675964355468751 -0.114906311035156 -0.15228271484375 -0.1728515625
0.104766845703125 -0.0570449829101563 -0.01641845703125 -0.264739990234375
0.124168395996094 0.0576934814453125 0.097076416015625 -0.218795776367188
0.06524658203125 0.117324829101563 0.159881591796875 -0.124740600585937
0.0466156005859375 0.172470092773438 -0.134193420410156 0.00926208496093748
0.155319213867188 0.100616455078125 -0.15234375 0.1124267578125
0.16375732421875 -0.0389404296875 -0.056304931640625 0.211105346679688
0.053466796875 -0.141494750976563 0.062042236328125 0.186187744140625
-0.0630416870117188 -0.116020202636719 0.125389099121094 0.0951995849609375
-0.137191772460938 -0.036041259765625 0.105445861816406 0.0111083984375
-0.114166259765625 0.0326614379882812 0.0507621765136719 -0.0141563415527344
-0.090972900390625 0.0323944091796875 -0.0131444931030273 0.010350227355957
-0.120628356933594 0.028717041015625 -0.0761260986328125 0.026275634765625
-0.134674072265625 -0.030059814453125 -0.133705139160156 -0.00731658935546877
-0.0792922973632812 -0.104034423828125 -0.161087036132813 -0.0633087158203125
0.00507354736328125 -0.138404846191406 -0.124923706054688 -0.15557861328125
0.132522583007813 -0.05419921875 -0.00498962402343748 -0.240814208984375
0.143020629882812 0.083892822265625 0.1092529296875 -0.194610595703125
0.06732177734375 0.145980834960938 0.164642333984375 -0.08551025390625
0.0465240478515625 0.166290283203125 -0.132423400878906 0.0492935180664062
0.147903442382813 0.086578369140625 -0.153579711914063 0.136322021484375
0.143798828125 -0.04205322265625 -0.048736572265625 0.240692138671875
0.0392837524414063 -0.125038146972656 0.0900726318359375 0.216598510742188
-0.0622024536132813 -0.0988540649414063 0.16839599609375 0.108657836914063
-0.127662658691406 -0.02685546875 0.15411376953125 0.0017852783203125
-0.10589599609375 0.0305557250976563 0.0918045043945312 -0.0391006469726562
-0.0886611938476563 0.0291824340820313 0.0219802856445312 -0.018463134765625
-0.121467590332031 0.0240402221679687 -0.0373191833496094 0.00210571289062501
-0.131576538085937 -0.0406265258789063 -0.0860824584960938 -0.0172348022460938
-0.0685653686523437 -0.114295959472656 -0.117774963378906 -0.05413818359375
0.0253524780273438 -0.136199951171875 -0.0989837646484375 -0.129783630371094
0.141098022460938 -0.0304718017578125 0.000656127929687525 -0.2130126953125
0.129371643066406 0.102127075195312 0.118179321289063 -0.172683715820313
0.0547637939453125 0.14990234375 0.16400146484375 -0.0398712158203125
0.0392227172851563 0.137908935546875 -0.128799438476563 0.0928726196289063
0.115936279296875 0.0650482177734375 -0.143020629882813 0.167739868164063
0.106735229492188 -0.0309219360351563 -0.0265960693359375 0.261199951171875
0.0272216796875 -0.0888595581054688 0.121749877929688 0.230758666992187
-0.0478477478027344 -0.0699005126953125 0.202102661132813 0.107589721679688
-0.0981597900390625 -0.017791748046875 0.19158935546875 -0.0131988525390625
-0.081085205078125 0.02313232421875 0.123321533203125 -0.0645675659179688
-0.0717391967773438 0.0222396850585938 0.0532379150390625 -0.0434112548828125
-0.101783752441406 0.0143966674804687 0.00148391723632812 -0.0178775787353516
-0.104652404785156 -0.0438919067382812 -0.0379981994628906 -0.0194549560546875
-0.0421371459960938 -0.103256225585938 -0.0789871215820313 -0.0361328125
0.0401382446289062 -0.105819702148438 -0.0835494995117187 -0.101730346679688
0.117568969726563 0.00048828125 -0.00213623046874998 -0.19366455078125
0.0917816162109375 0.100807189941406 0.12274169921875 -0.159423828125
0.0329818725585938 0.12786865234375 0.157241821289063 0.000671386718750008
0.0243606567382813 0.09259033203125 -0.126937866210938 0.129867553710938
0.0683021545410156 0.0423049926757813 -0.128143310546875 0.196014404296875
0.0664863586425781 -0.0110054016113281 0.00212097167968749 0.269622802734375
0.0208663940429688 -0.04736328125 0.149627685546875 0.229385375976562
-0.0270576477050781 -0.0384597778320313 0.22222900390625 0.0992889404296875
-0.0588493347167969 -0.00925445556640625 0.21295166015625 -0.02947998046875
-0.0470809936523438 0.0110321044921875 0.1429443359375 -0.082672119140625
-0.04241943359375 0.0127830505371094 0.075958251953125 -0.0622177124023438
-0.0648765563964844 0.00507354736328124 0.0324020385742187 -0.0303993225097656
-0.0615577697753906 -0.0348167419433594 -0.00253582000732422 -0.0150051116943359
-0.0149459838867187 -0.0672531127929688 -0.0560684204101563 -0.0183792114257812
0.0378913879394531 -0.0566864013671875 -0.08050537109375 -0.0820770263671875
0.0682373046875 0.0225791931152344 -0.00489807128906251 -0.188766479492188
0.0429306030273438 0.075347900390625 0.128616333007813 -0.1546630859375
0.0115585327148437 0.083221435546875 0.147064208984375 0.03179931640625
0.00251579284667969 -0.0137176513671875 -0.165878295898438 -0.025909423828125
-0.005035400390625 -0.0158634185791016 -0.140213012695312 0.157974243164063
0.0080714225769043 -0.00867700576782227 0.03204345703125 0.19091796875
-0.00536918640136719 -0.00809621810913086 0.0884170532226563 0.0815353393554688
-0.00554943084716797 0.00834512710571289 0.0429000854492187 0.00292587280273437
0.0129194259643555 0.014317512512207 -0.0151796340942383 -0.00408267974853516
0.0202980041503906 0.00488853454589844 -0.0612106323242188 0.03790283203125
0.0157833099365234 -0.000162124633789063 -0.100692749023437 0.0774612426757813
0.0110635757446289 0.000119209289550781 -0.1568603515625 0.07952880859375
0.00590229034423828 -0.00426054000854492 -0.220062255859375 0.0179290771484375
0.00720977783203125 -0.000290393829345703 -0.24359130859375 -0.078369140625
-0.00224208831787109 0.00604438781738281 -0.175369262695312 -0.209060668945312
-0.0199108123779297 0.001129150390625 -0.00201416015624998 -0.29949951171875
-0.0246505737304688 -0.03057861328125 0.0992279052734375 -0.241470336914063
-0.00252914428710938 -0.05133056640625 0.148818969726563 -0.161056518554688
0.0149917602539063 0.0524559020996094 -0.158172607421875 -0.0363922119140625
0.0468978881835938 0.0338783264160156 -0.1427001953125 0.146514892578125
0.0727920532226563 -0.00876617431640625 0.016754150390625 0.193038940429688
0.0277328491210938 -0.0576133728027344 0.0813522338867188 0.0895538330078125
-0.0226364135742187 -0.04547119140625 0.0483131408691406 0.0111732482910156
-0.0445137023925781 -0.009979248046875 -0.0118551254272461 0.000842094421386717
-0.03155517578125 0.0166225433349609 -0.0563697814941406 0.0360183715820313
-0.0224456787109375 0.0125751495361328 -0.0954360961914062 0.0772018432617188
-0.0334949493408203 0.0113868713378906 -0.152633666992188 0.0819244384765625
-0.0417289733886719 -0.00907516479492188 -0.218597412109375 0.0235595703125
-0.0241241455078125 -0.0308647155761719 -0.242843627929688 -0.06817626953125
-0.00620651245117188 -0.0391998291015625 -0.182830810546875 -0.197952270507813
0.025543212890625 -0.0224094390869141 -0.021636962890625 -0.2991943359375
0.0346813201904297 -0.000452041625976563 0.08734130859375 -0.249374389648438
0.0261688232421875 0.0120449066162109 0.153274536132813 -0.17218017578125
0.0264739990234375 0.1153564453125 -0.150238037109375 -0.0361785888671875
0.0979995727539063 0.0793685913085938 -0.144027709960938 0.126266479492188
0.129379272460938 -0.0126876831054688 -0.00988769531249997 0.190292358398438
0.053985595703125 -0.104835510253906 0.0645904541015625 0.113143920898437
-0.0395965576171875 -0.0918121337890625 0.0609092712402344 0.0372581481933594
-0.0950469970703125 -0.0294570922851563 0.0125217437744141 0.00734710693359375
-0.077056884765625 0.025909423828125 -0.03125 0.0269031524658203
-0.0557785034179688 0.0233535766601563 -0.0760345458984375 0.0649337768554688
-0.073028564453125 0.0225982666015625 -0.13726806640625 0.0732192993164063
-0.0862884521484375 -0.0128250122070313 -0.204498291015625 0.0204925537109375
-0.0534553527832031 -0.0586357116699219 -0.23223876953125 -0.0632171630859374
-0.0108413696289063 -0.0819625854492188 -0.179595947265625 -0.188705444335938
0.069549560546875 -0.0465583801269531 -0.027618408203125 -0.29217529296875
0.0905227661132812 0.0290603637695312 0.088348388671875 -0.245941162109375
0.0527877807617188 0.0724716186523438 0.159210205078125 -0.163238525390625
0.0384979248046875 0.161331176757813 -0.144149780273438 -0.020599365234375
0.141510009765625 0.10321044921875 -0.15087890625 0.114105224609375
0.167724609375 -0.0276336669921875 -0.0389556884765625 0.198715209960938
0.0634078979492188 -0.140304565429688 0.0570526123046875 0.150161743164063
-0.0565643310546875 -0.120094299316406 0.090240478515625 0.0698928833007812
-0.1309814453125 -0.0376739501953125 0.0564117431640625 0.0127334594726562
-0.107414245605469 0.0325469970703125 0.00757789611816406 0.00893497467041016
-0.0819091796875 0.0306472778320313 -0.0468673706054688 0.0422210693359375
-0.106025695800781 0.030731201171875 -0.11285400390625 0.0541305541992187
-0.122627258300781 -0.0184097290039062 -0.1795654296875 0.0088653564453125
-0.0775146484375 -0.0868072509765625 -0.207534790039063 -0.0637359619140625
-0.0091552734375 -0.121139526367188 -0.16168212890625 -0.1773681640625
0.110671997070313 -0.0609207153320312 -0.02178955078125 -0.277008056640625
0.134025573730469 0.058868408203125 0.0982818603515625 -0.233078002929688
0.0708999633789063 0.122215270996094 0.1683349609375 -0.136154174804688
0.0484466552734375 0.182662963867188 -0.1417236328125 0.01019287109375
0.16455078125 0.103286743164063 -0.157989501953125 0.121078491210937
0.173477172851562 -0.0440826416015625 -0.05535888671875 0.223312377929688
0.0545654296875 -0.150405883789063 0.067291259765625 0.193679809570313
-0.0685958862304688 -0.121543884277344 0.132926940917969 0.09765625
-0.14385986328125 -0.034576416015625 0.111000061035156 0.00930023193359375
-0.117607116699219 0.0367050170898437 0.0537757873535156 -0.0166473388671875
-0.0937271118164062 0.0335311889648438 -0.0120763778686523 0.0120553970336914
-0.124671936035156 0.0334320068359375 -0.077728271484375 0.0286865234375
-0.14208984375 -0.02752685546875 -0.139495849609375 -0.00495147705078127
-0.0868759155273437 -0.109748840332031 -0.169052124023438 -0.0638580322265625
0.00234985351562501 -0.145950317382812 -0.133804321289062 -0.160293579101563
0.140945434570312 -0.0583953857421875 -0.00914001464843751 -0.251556396484375
0.15386962890625 0.0863494873046875 0.110458374023438 -0.207977294921875
0.074737548828125 0.153213500976563 0.17352294921875 -0.09429931640625
0.0503082275390625 0.177093505859375 -0.138641357421875 0.05377197265625
0.156448364257813 0.088409423828125 -0.159378051757812 0.147079467773438
0.152069091796875 -0.0470123291015625 -0.0478973388671875 0.253494262695313
0.0399398803710938 -0.131866455078125 0.0972900390625 0.226181030273438
-0.0666961669921875 -0.102363586425781 0.178054809570313 0.110565185546875
-0.133583068847656 -0.025726318359375 0.161544799804687 -0.002410888671875
-0.109855651855469 0.0341720581054687 0.0955581665039063 -0.0444869995117188
-0.0906829833984375 0.0305099487304687 0.0242958068847656 -0.0199546813964844
-0.125526428222656 0.0273513793945312 -0.0378532409667969 0.0020294189453125
-0.139213562011719 -0.0393295288085937 -0.090301513671875 -0.0168991088867187
-0.07513427734375 -0.121124267578125 -0.122779846191406 -0.0542678833007813
0.024261474609375 -0.144683837890625 -0.104904174804688 -0.132637023925781
0.150177001953125 -0.033233642578125 -0.00387573242187497 -0.222412109375
0.140388488769531 0.1063232421875 0.120010375976563 -0.184967041015625
0.0602264404296875 0.157394409179688 0.1732177734375 -0.04656982421875
0.0426483154296875 0.146575927734375 -0.135467529296875 0.098785400390625
0.121734619140625 0.0666961669921875 -0.149749755859375 0.178939819335937
0.113876342773438 -0.0338287353515625 -0.0229644775390625 0.275100708007813
0.0277252197265625 -0.0936355590820313 0.131072998046875 0.239669799804687
-0.0517654418945312 -0.0727005004882813 0.213485717773438 0.108413696289063
-0.103195190429687 -0.0160140991210938 0.20025634765625 -0.018890380859375
-0.0844268798828125 0.025848388671875 0.127983093261719 -0.0706558227539063
-0.0730514526367188 0.0226821899414063 0.0562820434570313 -0.0474929809570313
-0.106414794921875 0.01763916015625 0.00204467773437499 -0.0200386047363281
-0.111068725585937 -0.044708251953125 -0.0403251647949219 -0.019989013671875
-0.048828125 -0.10906982421875 -0.0814437866210938 -0.0364456176757813
0.0416641235351563 -0.112205505371094 -0.0872802734375 -0.103645324707031
0.125480651855469 0.0002593994140625 -0.00746154785156247 -0.2020263671875
0.0998382568359375 0.106887817382813 0.124542236328125 -0.170791625976563
0.0368499755859375 0.133514404296875 0.166183471679688 -0.00296020507812499
0.02593994140625 0.09747314453125 -0.132652282714844 0.138603210449219
0.0705795288085938 0.043182373046875 -0.1331787109375 0.20709228515625
0.0709762573242187 -0.0124740600585937 0.006622314453125 0.28350830078125
0.0212898254394531 -0.0494346618652344 0.159286499023438 0.237594604492188
-0.0282516479492187 -0.0405311584472656 0.234466552734375 0.09832763671875
-0.061553955078125 -0.00934219360351561 0.222518920898438 -0.036376953125
-0.0493049621582031 0.0127906799316406 0.148269653320313 -0.0914154052734375
-0.0438957214355469 0.0134506225585937 0.079620361328125 -0.0678787231445313
-0.0680084228515625 0.00608062744140624 0.0342292785644531 -0.0338916778564453
-0.0652275085449219 -0.0359115600585938 -0.00227642059326172 -0.0163936614990234
-0.017181396484375 -0.072021484375 -0.0563583374023437 -0.0177459716796875
0.0398788452148438 -0.0609207153320313 -0.0833587646484375 -0.0827713012695313
0.0730209350585938 0.0229339599609375 -0.011810302734375 -0.197052001953125
0.0466766357421875 0.0792999267578125 0.130325317382813 -0.166366577148438
0.0132980346679688 0.0864944458007813 0.155120849609375 0.030731201171875
0.000705718994140625 -0.0151968002319336 -0.175308227539063 -0.021026611328125
-0.00678634643554688 -0.0179901123046875 -0.139678955078125 0.174942016601562
0.0082864761352539 -0.0102310180664063 0.044158935546875 0.201141357421875
-0.00694656372070312 -0.00869131088256836 0.0973739624023438 0.08001708984375
-0.00504875183105469 0.00834751129150391 0.0423965454101563 -0.000392913818359375
0.0150775909423828 0.0141067504882813 -0.0200557708740234 -0.00223541259765625
0.0218029022216797 0.00282478332519531 -0.0628662109375 0.0450592041015625
0.0171842575073242 -0.00259780883789062 -0.099517822265625 0.0877532958984375
0.0130529403686523 -0.000272750854492188 -0.1610107421875 0.092803955078125
0.00458288192749023 -0.00370311737060547 -0.230224609375 0.030487060546875
0.00621747970581055 -0.0020136833190918 -0.260604858398437 -0.070159912109375
-0.00125312805175781 0.00704813003540039 -0.194732666015625 -0.209854125976562
-0.0202312469482422 0.00189590454101563 -0.01739501953125 -0.3157958984375
-0.0274238586425781 -0.0313892364501953 0.0938720703125 -0.260604858398438
-0.00425338745117187 -0.054443359375 0.15106201171875 -0.178573608398437
0.0160598754882812 0.0560684204101563 -0.1658935546875 -0.0327606201171875
0.0500411987304688 0.0340118408203125 -0.142959594726562 0.16241455078125
0.0770111083984375 -0.0143051147460938 0.0284423828125 0.202911376953125
0.0256538391113281 -0.0636749267578125 0.0901031494140625 0.0888671875
-0.025054931640625 -0.046722412109375 0.048980712890625 0.00922775268554687
-0.0475616455078125 -0.00890731811523437 -0.0154924392700195 0.00217914581298828
-0.0311431884765625 0.0181503295898438 -0.0588607788085938 0.0413246154785156
-0.0215911865234375 0.0129146575927734 -0.0940628051757813 0.0869522094726562
-0.0335464477539063 0.0138816833496094 -0.155654907226563 0.093597412109375
-0.0444374084472656 -0.00637054443359375 -0.228515625 0.0360870361328125
-0.0282859802246094 -0.0307636260986328 -0.259628295898438 -0.0582122802734375
-0.00763320922851562 -0.0410614013671875 -0.202362060546875 -0.198089599609375
0.0276412963867188 -0.0248165130615234 -0.038818359375 -0.314605712890625
0.0369071960449219 -0.00244903564453125 0.0810546875 -0.269241333007813
0.0291671752929687 0.0104103088378906 0.155853271484375 -0.190841674804688
0.0326919555664063 0.123252868652344 -0.158767700195313 -0.0306854248046875
0.106956481933594 0.0782928466796875 -0.1461181640625 0.139572143554687
0.137428283691406 -0.0209884643554688 -0.000579833984374989 0.200775146484375
0.0511016845703125 -0.115058898925781 0.0739517211914063 0.11407470703125
-0.0468215942382812 -0.0962448120117188 0.0651283264160156 0.0348358154296875
-0.102020263671875 -0.0262603759765625 0.0117340087890625 0.00681686401367187
-0.0797042846679688 0.0311737060546875 -0.0312271118164063 0.0305805206298828
-0.05767822265625 0.0268211364746094 -0.073760986328125 0.0732574462890625
-0.0755844116210938 0.02764892578125 -0.141357421875 0.0833587646484375
-0.0915451049804688 -0.00757598876953125 -0.214874267578125 0.0320892333984375
-0.0621795654296875 -0.0607376098632812 -0.247528076171875 -0.0549163818359375
-0.0142364501953125 -0.086517333984375 -0.19757080078125 -0.189010620117187
0.0734405517578125 -0.0530624389648438 -0.044647216796875 -0.30621337890625
0.098724365234375 0.0255813598632812 0.0807647705078125 -0.265457153320313
0.0608444213867188 0.0738449096679688 0.162826538085938 -0.1837158203125
0.048004150390625 0.170883178710938 -0.151412963867188 -0.0167999267578125
0.154876708984375 0.102081298828125 -0.15252685546875 0.127059936523437
0.177719116210937 -0.039215087890625 -0.030731201171875 0.21160888671875
0.0599212646484375 -0.153579711914063 0.06597900390625 0.15484619140625
-0.0656890869140625 -0.125137329101562 0.09832763671875 0.068328857421875
-0.140899658203125 -0.0321807861328125 0.0592308044433594 0.0115432739257812
-0.110664367675781 0.0390090942382813 0.00981998443603515 0.00971698760986328
-0.0833587646484375 0.0343246459960938 -0.0442619323730469 0.0464134216308594
-0.109001159667969 0.038665771484375 -0.115036010742188 0.0623931884765625
-0.130477905273438 -0.0118942260742187 -0.188369750976563 0.01922607421875
-0.0888671875 -0.0880508422851562 -0.22088623046875 -0.0555725097656251
-0.0152130126953125 -0.128746032714844 -0.179122924804688 -0.177749633789063
0.115592956542969 -0.0696640014648438 -0.0380859375 -0.289764404296875
0.146408081054688 0.0542144775390625 0.0915374755859375 -0.25128173828125
0.08050537109375 0.125869750976563 0.172515869140625 -0.155227661132813
0.058807373046875 0.19378662109375 -0.14898681640625 0.0182952880859375
0.178482055664063 0.099212646484375 -0.1614990234375 0.135040283203125
0.182968139648438 -0.05767822265625 -0.04608154296875 0.239913940429688
0.0505828857421875 -0.162811279296875 0.080291748046875 0.200729370117188
-0.0778884887695312 -0.125968933105469 0.143890380859375 0.0954437255859375
-0.154052734375 -0.0295562744140625 0.1168212890625 0.004791259765625
-0.121719360351563 0.0446395874023437 0.0562324523925781 -0.0210494995117187
-0.0970306396484375 0.0384979248046875 -0.00911617279052735 0.0121536254882813
-0.128410339355469 0.0413284301757813 -0.080352783203125 0.0329208374023438
-0.153900146484375 -0.02215576171875 -0.147552490234375 0.000778198242187483
-0.0990524291992187 -0.111892700195312 -0.17950439453125 -0.057464599609375
-0.00326538085937501 -0.15521240234375 -0.148269653320313 -0.161102294921875
0.149078369140625 -0.0671234130859375 -0.0236663818359375 -0.264358520507813
0.1689453125 0.0829010009765625 0.106002807617188 -0.22650146484375
0.0860137939453125 0.157073974609375 0.178970336914063 -0.111907958984375
0.059783935546875 0.18963623046875 -0.14508056640625 0.06219482421875
0.167404174804688 0.0855560302734375 -0.162185668945313 0.16229248046875
0.159408569335938 -0.0578460693359375 -0.0378570556640625 0.27227783203125
0.0355682373046875 -0.142929077148438 0.113388061523438 0.23321533203125
-0.075714111328125 -0.105010986328125 0.192459106445313 0.10589599609375
-0.141830444335938 -0.0200653076171875 0.169097900390625 -0.010986328125
-0.112350463867187 0.0413055419921875 0.0982818603515625 -0.0531463623046875
-0.0931320190429688 0.0346755981445313 0.0270233154296875 -0.0236492156982422
-0.129913330078125 0.0353164672851563 -0.0391426086425781 0.00276184082031251
-0.149581909179688 -0.0332183837890625 -0.0960693359375 -0.014892578125
-0.0878677368164063 -0.125495910644531 -0.129539489746094 -0.0503005981445312
0.019622802734375 -0.155242919921875 -0.114891052246094 -0.135711669921875
0.160232543945313 -0.04144287109375 -0.015106201171875 -0.233566284179688
0.156509399414063 0.104812622070313 0.116119384765625 -0.201675415039063
0.0717010498046875 0.163665771484375 0.182266235351563 -0.0615081787109375
0.0504150390625 0.15484619140625 -0.140670776367188 0.110061645507813
0.131248474121094 0.06524658203125 -0.150604248046875 0.197128295898437
0.119926452636719 -0.0428314208984375 -0.01190185546875 0.292572021484375
0.0254745483398438 -0.103034973144531 0.150436401367188 0.244369506835938
-0.05712890625 -0.0731048583984375 0.231063842773437 0.102340698242187
-0.109115600585938 -0.011871337890625 0.209060668945313 -0.03155517578125
-0.0888900756835938 0.0315017700195313 0.131149291992188 -0.08294677734375
-0.0745849609375 0.02783203125 0.0583572387695313 -0.0549201965332031
-0.110107421875 0.02459716796875 0.00161743164062499 -0.0213069915771484
-0.121200561523438 -0.0400619506835937 -0.0433769226074219 -0.0209770202636719
-0.0585861206054688 -0.114082336425781 -0.0856246948242188 -0.0346908569335938
0.039794921875 -0.121482849121094 -0.0961074829101562 -0.103012084960938
0.136001586914063 -0.00508880615234375 -0.0189666748046875 -0.211883544921875
0.113525390625 0.106971740722656 0.120895385742188 -0.18878173828125
0.04559326171875 0.139381408691406 0.177139282226562 -0.0144805908203125
0.0306243896484375 0.10406494140625 -0.134979248046875 0.154632568359375
0.0753097534179688 0.0434188842773438 -0.132522583007813 0.227218627929688
0.0755691528320313 -0.0174713134765625 0.0205078125 0.299560546875
0.0211448669433594 -0.0543174743652344 0.1807861328125 0.2412109375
-0.032073974609375 -0.0404052734375 0.25152587890625 0.0907440185546875
-0.0649299621582031 -0.00689697265624999 0.230682373046875 -0.051239013671875
-0.0491981506347656 0.0153083801269531 0.151397705078125 -0.105361938476563
-0.0442733764648437 0.01409912109375 0.0810546875 -0.075958251953125
-0.0696067810058594 0.00960540771484373 0.0352363586425781 -0.0406913757324219
-0.0723800659179688 -0.0341033935546875 -0.000829696655273443 -0.0177574157714844
-0.0228195190429687 -0.07647705078125 -0.0569076538085937 -0.0153999328613281
0.0404129028320312 -0.0670433044433594 -0.090850830078125 -0.0817489624023438
0.0814666748046875 0.0230484008789063 -0.0245208740234375 -0.205352783203125
0.0548248291015625 0.0812606811523438 0.126693725585938 -0.183624267578125
0.0172271728515625 0.0899200439453125 0.165786743164063 0.0237884521484375
0.000321388244628907 -0.0158805847167969 -0.180084228515625 -0.0115203857421875
-0.00795745849609375 -0.0196762084960938 -0.130950927734375 0.193008422851562
0.00698184967041016 -0.0142183303833008 0.0620269775390625 0.205673217773437
-0.00919342041015625 -0.00684833526611328 0.103828430175781 0.0748825073242188
-0.00609493255615234 0.0107574462890625 0.0413475036621094 -0.004241943359375
0.0164852142333984 0.0126047134399414 -0.0208492279052734 0.000398635864257817
0.0236263275146484 0.00165367126464844 -0.0609817504882813 0.0529212951660156
0.0190792083740234 -0.00392723083496094 -0.0943756103515625 0.098052978515625
0.0150089263916016 -0.00153636932373047 -0.157424926757813 0.108657836914063
0.0045933723449707 -0.00408744812011719 -0.236007690429688 0.048553466796875
0.003936767578125 -0.000473499298095703 -0.269851684570313 -0.0496368408203125
-0.000433921813964844 0.00606393814086914 -0.216461181640625 -0.201263427734375
-0.0221157073974609 0.00381278991699218 -0.04290771484375 -0.321868896484375
-0.0304145812988281 -0.0295238494873047 0.0739898681640625 -0.276596069335937
-0.009796142578125 -0.0578117370605469 0.145706176757813 -0.198455810546875
0.0194892883300781 0.0576248168945313 -0.174057006835938 -0.0245513916015625
0.0519790649414063 0.033416748046875 -0.133941650390625 0.177597045898437
0.0777664184570313 -0.0205764770507812 0.0484466552734375 0.205322265625
0.0233535766601563 -0.0692901611328125 0.0980224609375 0.0833282470703125
-0.0297126770019531 -0.0481834411621094 0.048553466796875 0.00452804565429687
-0.0506591796875 -0.006561279296875 -0.0187759399414063 0.00356864929199219
-0.0306129455566406 0.0237369537353516 -0.0552597045898438 0.0495948791503906
-0.0205478668212891 0.013336181640625 -0.0891036987304688 0.0961532592773438
-0.0345706939697266 0.0171184539794922 -0.155258178710938 0.109359741210938
-0.0471229553222656 -0.00305557250976562 -0.231903076171875 0.054290771484375
-0.0336799621582031 -0.0287322998046875 -0.270858764648438 -0.039886474609375
-0.0111160278320312 -0.0409126281738281 -0.224151611328125 -0.186370849609375
0.0253925323486328 -0.0267581939697266 -0.06549072265625 -0.31842041015625
0.0394821166992188 -0.00481033325195313 0.0618896484375 -0.282684326171875
0.0315093994140625 0.00839614868164062 0.1475830078125 -0.210556030273438
0.0426254272460938 0.128349304199219 -0.1639404296875 -0.0213623046875
0.114952087402344 0.0741500854492188 -0.138031005859375 0.154830932617188
0.141937255859375 -0.03448486328125 0.0167083740234375 0.208206176757812
0.046112060546875 -0.126220703125 0.0838775634765625 0.109184265136719
-0.056793212890625 -0.0972213745117188 0.0657768249511719 0.0319366455078125
-0.1077880859375 -0.0175933837890625 0.0118246078491211 0.00707817077636719
-0.0790786743164063 0.0386810302734375 -0.0300788879394531 0.0361404418945313
-0.0568618774414063 0.0312118530273437 -0.0676956176757813 0.0798416137695312
-0.0771560668945313 0.0348739624023438 -0.138160705566406 0.0970077514648438
-0.0961532592773437 0.00173950195312501 -0.220016479492188 0.0481414794921875
-0.0725479125976563 -0.0558624267578125 -0.257049560546875 -0.0358123779296876
-0.0229568481445313 -0.0897674560546875 -0.218368530273438 -0.17645263671875
0.0736541748046875 -0.058197021484375 -0.069244384765625 -0.31072998046875
0.106727600097656 0.0184555053710938 0.0636749267578125 -0.279678344726563
0.0694808959960938 0.0708465576171875 0.1533203125 -0.203399658203125
0.0618438720703125 0.176132202148437 -0.157821655273438 -0.00770568847656249
0.165267944335938 0.0948486328125 -0.147293090820312 0.142959594726563
0.180099487304688 -0.054168701171875 -0.0129547119140625 0.219558715820312
0.0504150390625 -0.164230346679688 0.080535888671875 0.152130126953125
-0.0771865844726563 -0.125289916992188 0.102828979492187 0.065765380859375
-0.147201538085938 -0.0232086181640625 0.0585060119628906 0.00807571411132812
-0.111061096191406 0.0496826171875 0.00994300842285156 0.00859451293945313
-0.08404541015625 0.038330078125 -0.0403671264648438 0.0483283996582031
-0.109580993652344 0.0483322143554688 -0.113197326660156 0.0717849731445313
-0.135086059570312 0.00154113769531251 -0.192718505859375 0.0331573486328125
-0.100570678710938 -0.0851821899414062 -0.2320556640625 -0.0410919189453125
-0.0257339477539063 -0.131629943847656 -0.19708251953125 -0.1690673828125
0.115959167480469 -0.0800933837890625 -0.060394287109375 -0.293609619140625
0.157943725585938 0.042999267578125 0.0736846923828125 -0.26611328125
0.0939559936523438 0.123939514160156 0.1676025390625 -0.17779541015625
0.0721282958984375 0.196563720703125 -0.15203857421875 0.026397705078125
0.19287109375 0.0934600830078125 -0.159576416015625 0.151992797851562
0.1861572265625 -0.07440185546875 -0.0287017822265625 0.248077392578125
0.039947509765625 -0.171234130859375 0.0969696044921875 0.200241088867188
-0.0913543701171875 -0.125442504882813 0.156600952148438 0.0868988037109375
-0.163406372070313 -0.016265869140625 0.117919921875 -0.005126953125
-0.12249755859375 0.0553359985351562 0.0569419860839844 -0.025726318359375
-0.098052978515625 0.0427093505859375 -0.00852775573730469 0.0128326416015625
-0.128181457519531 0.054840087890625 -0.0824127197265625 0.040191650390625
-0.1612548828125 -0.00720214843750002 -0.15185546875 0.011505126953125
-0.111824035644531 -0.107025146484375 -0.189620971679688 -0.045257568359375
-0.01141357421875 -0.161178588867188 -0.165237426757813 -0.153549194335938
0.153396606445313 -0.0806732177734375 -0.0466461181640625 -0.268417358398438
0.18023681640625 0.072784423828125 0.0888519287109375 -0.243133544921875
0.102020263671875 0.155120849609375 0.178451538085938 -0.132965087890625
0.0742645263671875 0.193267822265625 -0.143020629882812 0.076416015625
0.17852783203125 0.0764312744140625 -0.155990600585937 0.179977416992188
0.158050537109375 -0.07489013671875 -0.016021728515625 0.28106689453125
0.026397705078125 -0.153213500976563 0.13372802734375 0.232696533203125
-0.0869979858398438 -0.103073120117188 0.206329345703125 0.0926971435546875
-0.149612426757812 -0.00996398925781251 0.170913696289063 -0.024658203125
-0.112327575683594 0.048828125 0.096466064453125 -0.060546875
-0.092498779296875 0.0410232543945313 0.0283355712890625 -0.0265979766845703
-0.13189697265625 0.044830322265625 -0.041595458984375 0.00747299194335938
-0.159942626953125 -0.022003173828125 -0.101692199707031 -0.00973510742187499
-0.10284423828125 -0.122299194335938 -0.137809753417969 -0.0434722900390625
0.00537109374999999 -0.161712646484375 -0.129486083984375 -0.130302429199219
0.164993286132813 -0.0546722412109375 -0.0354156494140625 -0.237991333007812
0.17193603515625 0.09765625 0.10333251953125 -0.218673706054688
0.0874481201171875 0.164093017578125 0.185043334960937 -0.077728271484375
0.0629730224609375 0.158233642578125 -0.135711669921875 0.121597290039063
0.139694213867188 0.0551300048828125 -0.141128540039062 0.216842651367188
0.117958068847656 -0.05517578125 0.009368896484375 0.301177978515625
0.0179901123046875 -0.10638427734375 0.17303466796875 0.23980712890625
-0.0659866333007813 -0.0715866088867188 0.2445068359375 0.08740234375
-0.112968444824219 -0.00565338134765628 0.213333129882813 -0.0529327392578125
-0.08563232421875 0.0348281860351562 0.126602172851563 -0.0972137451171875
-0.0752105712890625 0.0307846069335938 0.0547370910644531 -0.0611991882324219
-0.110481262207031 0.0323486328125 0.00166511535644531 -0.0252017974853516
-0.129287719726563 -0.03057861328125 -0.0479507446289063 -0.0169219970703125
-0.0710906982421875 -0.11480712890625 -0.0879974365234375 -0.03021240234375
0.0308837890625 -0.132675170898438 -0.107185363769531 -0.100372314453125
0.141586303710938 -0.014556884765625 -0.038238525390625 -0.211135864257813
0.126510620117188 0.10162353515625 0.109298706054688 -0.2069091796875
0.0555419921875 0.140594482421875 0.179824829101563 -0.0288848876953125
0.0401840209960937 0.106681823730469 -0.129364013671875 0.17364501953125
0.079193115234375 0.0403900146484375 -0.1171875 0.245742797851563
0.0752410888671875 -0.0246658325195313 0.042724609375 0.30780029296875
0.0185661315917969 -0.0560531616210938 0.204513549804688 0.237686157226563
-0.0344276428222656 -0.0407600402832031 0.265121459960937 0.07391357421875
-0.06610107421875 0.00071716308593749 0.234283447265625 -0.072723388671875
-0.0526046752929688 0.0190696716308594 0.144454956054688 -0.12060546875
-0.0468292236328125 0.016815185546875 0.079864501953125 -0.0877609252929688
-0.0690879821777344 0.0160446166992188 0.033721923828125 -0.044158935546875
-0.07562255859375 -0.030792236328125 -0.00294494628906251 -0.0216140747070313
-0.0340042114257813 -0.0777816772460937 -0.05963134765625 -0.00810623168945314
0.0339126586914063 -0.0741348266601563 -0.099609375 -0.0761184692382813
0.0878829956054688 0.0185546875 -0.043701171875 -0.205825805664062
0.0625228881835938 0.0801773071289063 0.113906860351562 -0.198699951171875
0.0248031616210937 0.0943374633789063 0.171142578125 0.01214599609375
-0.00150966644287109 -0.0165777206420898 -0.181381225585938 -0.000381469726562539
-0.0122241973876953 -0.0172357559204102 -0.116409301757812 0.202972412109375
0.00518608093261719 -0.0150766372680664 0.076080322265625 0.198226928710938
-0.00954723358154297 -0.00843906402587891 0.110366821289063 0.0663681030273438
-0.00561809539794922 0.0105800628662109 0.0383338928222656 -0.00762176513671875
0.0172805786132813 0.00961208343505859 -0.0235004425048828 0.00385093688964844
0.0221881866455078 -0.00296974182128906 -0.0559654235839844 0.056884765625
0.0180797576904297 -0.00868797302246094 -0.0842514038085938 0.106681823730469
0.0132036209106445 -0.00320529937744141 -0.149505615234375 0.120941162109375
0.0038609504699707 -0.0033721923828125 -0.22802734375 0.0676269531249999
0.00354909896850586 -0.000193595886230469 -0.274261474609375 -0.03033447265625
-0.00153160095214844 0.00555086135864258 -0.231689453125 -0.182327270507813
-0.0198326110839844 0.00528526306152344 -0.06573486328125 -0.31854248046875
-0.0331859588623047 -0.0289039611816406 0.056121826171875 -0.280349731445313
-0.0125503540039062 -0.0572242736816406 0.132781982421875 -0.2110595703125
0.0242385864257812 0.0570259094238281 -0.172836303710937 -0.013916015625
0.0519981384277344 0.0279388427734375 -0.11822509765625 0.186935424804688
0.077423095703125 -0.028350830078125 0.0646820068359375 0.202301025390625
0.0155792236328125 -0.0722122192382813 0.101905822753906 0.0739212036132812
-0.0341415405273438 -0.0465621948242188 0.0445060729980469 0.000385284423828122
-0.0509262084960938 -0.00138473510742187 -0.0178871154785156 0.00654029846191406
-0.0286979675292969 0.0225963592529297 -0.0509033203125 0.0550003051757812
-0.0210952758789063 0.0132598876953125 -0.0789031982421875 0.103294372558594
-0.0298061370849609 0.0180301666259766 -0.144012451171875 0.122314453125
-0.0477523803710938 0.00228500366210938 -0.2264404296875 0.0706024169921876
-0.0362167358398438 -0.0275535583496094 -0.271774291992188 -0.019775390625
-0.0135917663574219 -0.0412483215332031 -0.236953735351563 -0.168914794921875
0.0263786315917969 -0.031585693359375 -0.0875244140625 -0.31280517578125
0.0378189086914063 -0.00859832763671875 0.043121337890625 -0.289520263671875
0.0313529968261719 0.00616836547851563 0.13531494140625 -0.225372314453125
0.051025390625 0.124176025390625 -0.166259765625 -0.01287841796875
0.118446350097656 0.0674896240234375 -0.124252319335938 0.166824340820312
0.140579223632813 -0.046142578125 0.0366973876953125 0.2047119140625
0.035186767578125 -0.130203247070313 0.0892105102539063 0.103240966796875
-0.06390380859375 -0.09515380859375 0.0671730041503906 0.026031494140625
-0.109779357910156 -0.0107269287109375 0.0113906860351562 0.00951576232910156
-0.0756149291992188 0.0409927368164062 -0.0258026123046875 0.0376091003417969
-0.0554351806640625 0.031219482421875 -0.0617599487304688 0.0844573974609375
-0.0704498291015625 0.0391159057617188 -0.129470825195312 0.107009887695313
-0.09478759765625 0.00933074951171877 -0.214035034179688 0.066162109375
-0.0760345458984375 -0.0522308349609375 -0.258316040039063 -0.0175018310546875
-0.0284271240234375 -0.08782958984375 -0.2313232421875 -0.160675048828125
0.06884765625 -0.0649223327636719 -0.092742919921875 -0.30535888671875
0.108543395996094 0.0083160400390625 0.04248046875 -0.28564453125
0.0729751586914063 0.0659103393554688 0.142105102539063 -0.218673706054688
0.0733642578125 0.175460815429688 -0.156814575195313 0.0027618408203125
0.172348022460938 0.08209228515625 -0.134368896484375 0.152847290039063
0.17950439453125 -0.0692596435546875 0.00514221191406251 0.220474243164063
0.037353515625 -0.169891357421875 0.0875244140625 0.146804809570313
-0.086273193359375 -0.1185302734375 0.107429504394531 0.0559616088867187
-0.1505126953125 -0.01019287109375 0.060516357421875 0.00539016723632813
-0.1063232421875 0.0566177368164062 0.0117034912109375 0.00666904449462891
-0.0815200805664063 0.0427703857421875 -0.035400390625 0.0520820617675781
-0.102363586425781 0.0552902221679687 -0.107925415039063 0.0814590454101563
-0.134185791015625 0.0103912353515625 -0.189773559570313 0.0476226806640625
-0.107063293457031 -0.0760650634765625 -0.23309326171875 -0.0231781005859375
-0.0356292724609375 -0.13116455078125 -0.208755493164063 -0.153579711914062
0.111991882324219 -0.0912017822265625 -0.083038330078125 -0.287811279296875
0.16180419921875 0.032470703125 0.054534912109375 -0.272842407226563
0.101455688476563 0.116004943847656 0.154617309570313 -0.191070556640625
0.0894775390625 0.195480346679688 -0.149810791015625 0.0376434326171875
0.197555541992187 0.07763671875 -0.14642333984375 0.163162231445313
0.181427001953125 -0.0887298583984375 -0.0086669921875 0.250640869140625
0.0253448486328125 -0.1793212890625 0.1099853515625 0.189437866210937
-0.0988540649414063 -0.117172241210938 0.160308837890625 0.0757293701171875
-0.1630859375 -0.0050811767578125 0.118988037109375 -0.0134048461914063
-0.115669250488281 0.0641403198242188 0.0528907775878906 -0.0319938659667969
-0.094451904296875 0.0497665405273437 -0.00483322143554688 0.0118131637573242
-0.1241455078125 0.0632476806640625 -0.0776138305664063 0.0452804565429688
-0.159072875976563 0.00509643554687497 -0.150344848632813 0.022125244140625
-0.122779846191406 -0.0994415283203125 -0.191925048828125 -0.0327301025390625
-0.0286102294921875 -0.160247802734375 -0.175613403320312 -0.143798828125
0.14776611328125 -0.0944671630859375 -0.063568115234375 -0.261428833007813
0.19085693359375 0.0577239990234375 0.072479248046875 -0.248428344726563
0.109771728515625 0.148193359375 0.16766357421875 -0.147537231445313
0.089324951171875 0.190399169921875 -0.140083312988281 0.0867996215820313
0.182464599609375 0.06396484375 -0.141220092773437 0.19134521484375
0.15655517578125 -0.0858001708984375 0.00488281250000001 0.282562255859375
0.0138702392578125 -0.154205322265625 0.149261474609375 0.2200927734375
-0.0952835083007813 -0.097991943359375 0.212493896484375 0.0794830322265625
-0.147964477539063 0.0037689208984375 0.1688232421875 -0.037689208984375
-0.108139038085937 0.0580215454101563 0.0902481079101563 -0.0713119506835938
-0.0902328491210937 0.0456695556640625 0.0252895355224609 -0.0303478240966797
-0.1258544921875 0.056854248046875 -0.0415115356445313 0.00828170776367188
-0.159133911132813 -0.00782775878906252 -0.101600646972656 -0.000808715820312511
-0.112968444824219 -0.115608215332031 -0.138435363769531 -0.0324554443359375
-0.00343322753906251 -0.164794921875 -0.136131286621094 -0.1195068359375
0.16339111328125 -0.0681304931640625 -0.0507049560546875 -0.232513427734375
0.180511474609375 0.083404541015625 0.08392333984375 -0.225082397460937
0.0946807861328125 0.157485961914063 0.17626953125 -0.0948638916015625
0.07537841796875 0.158737182617188 -0.12835693359375 0.133995056152344
0.140296936035156 0.0483245849609375 -0.125701904296875 0.226181030273438
0.117095947265625 -0.0616607666015625 0.036224365234375 0.301605224609375
0.012603759765625 -0.109443664550781 0.186553955078125 0.228057861328125
-0.0698165893554687 -0.068359375 0.24853515625 0.067962646484375
-0.113784790039063 0.00620269775390627 0.204071044921875 -0.064453125
-0.082061767578125 0.043182373046875 0.118743896484375 -0.108863830566406
-0.0717849731445313 0.0355682373046875 0.0516624450683594 -0.0665779113769531
-0.108390808105469 0.0398483276367188 -0.00214385986328126 -0.027313232421875
-0.13079833984375 -0.02032470703125 -0.0454940795898438 -0.0158767700195313
-0.0825958251953125 -0.108352661132812 -0.0907135009765625 -0.0211563110351563
0.023223876953125 -0.133621215820313 -0.10968017578125 -0.0901107788085938
0.144882202148437 -0.025909423828125 -0.0554046630859375 -0.208175659179688
0.136054992675781 0.0930633544921875 0.08929443359375 -0.211883544921875
0.0667724609375 0.137466430664063 0.177825927734375 -0.045166015625
0.047760009765625 0.109855651855469 -0.11700439453125 0.179855346679688
0.0835800170898438 0.0345382690429688 -0.1024169921875 0.253982543945313
0.07568359375 -0.03192138671875 0.0682373046875 0.3017578125
0.013824462890625 -0.059478759765625 0.2196044921875 0.219161987304688
-0.0396308898925781 -0.0360679626464844 0.270523071289063 0.0528106689453125
-0.0662612915039063 0.00469207763671874 0.223587036132812 -0.089141845703125
-0.0509109497070312 0.0210418701171875 0.132400512695313 -0.132080078125
-0.0458450317382813 0.0195236206054688 0.0717391967773438 -0.092742919921875
-0.0685043334960938 0.0191307067871094 0.0301589965820312 -0.0476722717285156
-0.0796737670898438 -0.0231781005859375 -0.00536918640136719 -0.0219669342041016
-0.0391464233398438 -0.0770034790039063 -0.0559425354003906 -0.00648117065429687
0.0327911376953125 -0.074951171875 -0.1031494140625 -0.0657882690429687
0.0921173095703125 0.008575439453125 -0.0609893798828125 -0.201889038085938
0.070556640625 0.075439453125 0.097808837890625 -0.207550048828125
0.0318832397460938 0.0908584594726563 0.171875 -0.00309753417968749
-0.00266933441162109 -0.0159482955932617 -0.176132202148438 0.00408935546874998
-0.0126829147338867 -0.0166501998901367 -0.100738525390625 0.204696655273437
0.00317668914794922 -0.0165300369262695 0.08770751953125 0.191299438476563
-0.013117790222168 -0.00763034820556641 0.109870910644531 0.05859375
-0.00498485565185547 0.0107145309448242 0.035736083984375 -0.00823593139648438
0.0171794891357422 0.0095529556274414 -0.0238990783691406 0.00629615783691406
0.0220222473144531 -0.00443840026855469 -0.0519638061523438 0.0594100952148438
0.0168857574462891 -0.010284423828125 -0.0766448974609375 0.107711791992188
0.0130128860473633 -0.00471878051757813 -0.140167236328125 0.125656127929688
0.00355124473571777 -0.00339674949645996 -0.22088623046875 0.0763397216796875
0.00259304046630859 -0.0011589527130127 -0.269805908203125 -0.01611328125
-0.000181198120117188 0.00438022613525391 -0.235687255859375 -0.167922973632812
-0.0191326141357422 0.00401878356933594 -0.079559326171875 -0.30859375
-0.0327587127685547 -0.0262069702148437 0.042633056640625 -0.278411865234375
-0.015899658203125 -0.0556221008300781 0.12298583984375 -0.216064453125
0.0264053344726563 0.057281494140625 -0.169570922851563 -0.00923156738281253
0.0540809631347656 0.0264091491699219 -0.104461669921875 0.189895629882813
0.0743484497070313 -0.0311660766601563 0.075042724609375 0.193267822265625
0.0111312866210937 -0.0722274780273438 0.101806640625 0.0666580200195313
-0.0370063781738281 -0.0436210632324219 0.0425643920898438 -0.00130844116210938
-0.0509796142578125 0.000640869140625007 -0.0183525085449219 0.00922584533691406
-0.0278244018554688 0.0216178894042969 -0.0473747253417969 0.0559501647949219
-0.0197658538818359 0.0115852355957031 -0.0706710815429687 0.104202270507813
-0.0284595489501953 0.0190105438232422 -0.134445190429688 0.126495361328125
-0.0455780029296875 0.00534820556640625 -0.217880249023438 0.0813751220703125
-0.0381355285644531 -0.0241661071777344 -0.266204833984375 -0.00605773925781247
-0.0164108276367188 -0.0417251586914063 -0.240081787109375 -0.154449462890625
0.0251808166503906 -0.0327777862548828 -0.099578857421875 -0.30157470703125
0.0381431579589844 -0.0109329223632813 0.02850341796875 -0.28594970703125
0.0301990509033203 0.00413894653320313 0.123397827148438 -0.23077392578125
0.0559844970703125 0.124130249023437 -0.16119384765625 -0.00877380371093748
0.120437622070313 0.0615158081054688 -0.11328125 0.168182373046875
0.136817932128906 -0.0516891479492188 0.045562744140625 0.19732666015625
0.0262374877929687 -0.129997253417969 0.091033935546875 0.0966796875
-0.067596435546875 -0.0896759033203125 0.0668563842773438 0.0237541198730469
-0.108978271484375 -0.00392150878906251 0.0113706588745117 0.0106658935546875
-0.0727310180664063 0.0438079833984375 -0.0247650146484375 0.0373573303222656
-0.0530014038085938 0.0314102172851563 -0.0544357299804687 0.0846939086914063
-0.066680908203125 0.0411605834960938 -0.12109375 0.112686157226563
-0.0914230346679688 0.0148162841796875 -0.205825805664062 0.0740966796875
-0.0779647827148438 -0.0464248657226563 -0.25421142578125 -0.004180908203125
-0.031890869140625 -0.0855484008789062 -0.232925415039063 -0.146881103515625
0.066436767578125 -0.0681533813476563 -0.10430908203125 -0.293060302734375
0.10589599609375 0.00385284423828125 0.0286865234375 -0.28302001953125
0.0736312866210938 0.0619354248046875 0.1298828125 -0.2239990234375
0.08111572265625 0.171127319335938 -0.15289306640625 0.00804138183593753
0.172744750976563 0.0755615234375 -0.124847412109375 0.156341552734375
0.174057006835937 -0.077117919921875 0.0169830322265625 0.214065551757813
0.027740478515625 -0.16937255859375 0.0919876098632813 0.140449523925781
-0.0927734375 -0.113914489746094 0.106422424316406 0.0498809814453125
-0.148651123046875 -0.00251770019531248 0.0599784851074219 0.00320816040039063
-0.101997375488281 0.0597305297851563 0.0109615325927734 0.00556659698486328
-0.0779800415039063 0.044647216796875 -0.0306930541992187 0.0510139465332031
-0.0980072021484375 0.058349609375 -0.101470947265625 0.0853042602539062
-0.130844116210938 0.018524169921875 -0.183700561523438 0.05621337890625
-0.111152648925781 -0.0686569213867188 -0.22906494140625 -0.0110931396484375
-0.0408782958984375 -0.127555847167969 -0.211502075195312 -0.140899658203125
0.106338500976563 -0.0946121215820313 -0.0949249267578125 -0.277740478515625
0.160736083984375 0.023345947265625 0.040618896484375 -0.271148681640625
0.1038818359375 0.109344482421875 0.143508911132813 -0.198104858398437
0.09759521484375 0.192596435546875 -0.144821166992188 0.0425567626953125
0.195831298828125 0.0682220458984375 -0.13397216796875 0.166168212890625
0.176223754882813 -0.0953826904296875 0.00570678710937499 0.245925903320313
0.0145416259765625 -0.176467895507812 0.114212036132813 0.18475341796875
-0.105712890625 -0.112693786621094 0.1605224609375 0.0672454833984375
-0.160537719726563 0.00569152832031251 0.11474609375 -0.016510009765625
-0.111282348632812 0.0662078857421875 0.050262451171875 -0.0338325500488281
-0.0903701782226562 0.0509719848632813 -0.00401020050048829 0.00998020172119141
-0.117263793945312 0.06597900390625 -0.0728988647460938 0.0489044189453125
-0.155075073242188 0.0142059326171875 -0.147781372070313 0.02972412109375
-0.127922058105469 -0.0918731689453125 -0.188323974609375 -0.022216796875
-0.0351715087890625 -0.158111572265625 -0.175521850585938 -0.131072998046875
0.141677856445313 -0.100189208984375 -0.0752716064453125 -0.253326416015625
0.190948486328125 0.0466461181640625 0.057891845703125 -0.247833251953125
0.113800048828125 0.141860961914063 0.157379150390625 -0.155517578125
0.09771728515625 0.185226440429688 -0.134010314941406 0.09027099609375
0.183975219726563 0.0555572509765625 -0.130035400390625 0.195037841796875
0.150741577148438 -0.09161376953125 0.0200653076171875 0.275131225585938
0.00607299804687498 -0.153030395507813 0.154403686523438 0.210662841796875
-0.09771728515625 -0.0918121337890625 0.211181640625 0.0676727294921875
-0.14508056640625 0.01116943359375 0.163558959960938 -0.0443267822265625
-0.102920532226563 0.0619659423828125 0.0843276977539063 -0.0755691528320313
-0.0893173217773438 0.0475845336914063 0.0234737396240234 -0.0321311950683594
-0.120750427246094 0.0603103637695313 -0.0402450561523438 0.00951385498046875
-0.155990600585938 0.00097656249999998 -0.100181579589844 0.00326538085937499
-0.119728088378906 -0.107131958007813 -0.136123657226563 -0.0248565673828125
-0.0111846923828125 -0.1632080078125 -0.137855529785156 -0.110099792480469
0.159072875976563 -0.0756988525390625 -0.062042236328125 -0.222335815429687
0.182571411132813 0.0726470947265625 0.070465087890625 -0.225784301757812
0.100051879882813 0.150558471679688 0.167755126953125 -0.103073120117187
0.08270263671875 0.154632568359375 -0.121208190917969 0.139968872070312
0.140853881835938 0.0418243408203125 -0.113174438476562 0.228469848632812
0.113288879394531 -0.067413330078125 0.050048828125 0.2918701171875
0.00353240966796875 -0.109367370605469 0.194534301757812 0.213760375976562
-0.0730819702148438 -0.0639114379882813 0.2471923828125 0.053466796875
-0.111045837402344 0.0126190185546875 0.19647216796875 -0.0739288330078125
-0.0801544189453125 0.045562744140625 0.108200073242187 -0.111778259277344
-0.0712432861328125 0.035675048828125 0.0470008850097656 -0.0690765380859375
-0.102638244628906 0.0445709228515625 -0.00306892395019532 -0.0238761901855469
-0.1300048828125 -0.0129165649414062 -0.0482864379882813 -0.0150413513183594
-0.0863876342773437 -0.104293823242188 -0.0873260498046875 -0.0168228149414062
0.0157089233398437 -0.133651733398438 -0.11138916015625 -0.0818405151367188
0.142898559570313 -0.0326385498046875 -0.063629150390625 -0.199020385742188
0.139373779296875 0.08380126953125 0.076141357421875 -0.212722778320313
0.0704498291015625 0.131294250488281 0.171157836914063 -0.052581787109375
0.0533294677734375 0.105361938476563 -0.109405517578125 0.182647705078125
0.0826492309570313 0.0309371948242188 -0.0877532958984375 0.256072998046875
0.0728836059570313 -0.0317001342773438 0.0816650390625 0.29302978515625
0.00882720947265624 -0.0601234436035156 0.224716186523438 0.203903198242188
-0.0399398803710937 -0.0342216491699219 0.265350341796875 0.03741455078125
-0.06591796875 0.00724411010742189 0.213851928710938 -0.0986785888671875
-0.0462799072265625 0.0239944458007812 0.123100280761719 -0.138748168945313
-0.0438461303710937 0.0175857543945313 0.0638885498046875 -0.096466064453125
-0.0673866271972656 0.0214996337890625 0.026275634765625 -0.0493011474609375
-0.0790328979492187 -0.0180511474609375 -0.00436592102050782 -0.0216884613037109
-0.0423126220703125 -0.0737075805664063 -0.0551414489746094 -0.00511169433593752
0.0275192260742187 -0.0775222778320313 -0.10284423828125 -0.0585403442382813
0.0922393798828125 0.00644683837890625 -0.0678558349609375 -0.192337036132813
0.0739059448242188 0.06988525390625 0.08087158203125 -0.208847045898438
0.0335769653320313 0.0874099731445313 0.165512084960938 -0.0112152099609375
-0.00349807739257812 -0.0158824920654297 -0.17376708984375 0.00375366210937503
-0.0134811401367188 -0.015620231628418 -0.0936126708984375 0.204879760742188
0.00171756744384766 -0.0171585083007813 0.0931243896484375 0.186248779296875
-0.0141639709472656 -0.00748348236083984 0.109855651855469 0.0555572509765625
-0.00516223907470703 0.0111293792724609 0.0333328247070313 -0.00728988647460937
0.0165328979492188 0.0101642608642578 -0.0245475769042969 0.00796127319335938
0.0202350616455078 -0.00535392761230469 -0.0494842529296875 0.0595970153808594
0.0154800415039063 -0.0116662979125977 -0.0716629028320313 0.107269287109375
0.0138978958129883 -0.00554847717285156 -0.134681701660156 0.127677917480469
0.00335192680358887 -0.00356745719909668 -0.216644287109375 0.08050537109375
0.00215375423431396 -0.00015556812286377 -0.26739501953125 -0.010498046875
-0.000877141952514649 0.00310063362121582 -0.236129760742188 -0.159713745117188
-0.0182762145996094 0.00340461730957031 -0.084381103515625 -0.303131103515625
-0.0332298278808594 -0.0264053344726563 0.0379791259765625 -0.277252197265625
-0.0170669555664063 -0.0551338195800781 0.119354248046875 -0.219512939453125
0.02752685546875 0.0570297241210938 -0.166107177734375 -0.00894165039062498
0.0542411804199219 0.0265655517578125 -0.097198486328125 0.189682006835938
0.0736312866210938 -0.0339202880859375 0.080596923828125 0.188690185546875
0.00839996337890625 -0.07208251953125 0.10107421875 0.063446044921875
-0.0389404296875 -0.0425224304199219 0.0397758483886719 -0.000911712646484378
-0.050811767578125 0.00321197509765625 -0.0184116363525391 0.0110836029052734
-0.0279674530029297 0.0212841033935547 -0.0457267761230469 0.0563125610351563
-0.0205402374267578 0.0106735229492188 -0.0662155151367187 0.103836059570313
-0.0271453857421875 0.018890380859375 -0.129196166992187 0.128746032714844
-0.0443191528320313 0.00675964355468751 -0.213516235351563 0.0845947265625
-0.0392341613769531 -0.0228347778320312 -0.263763427734375 -0.000106811523437526
-0.0172386169433594 -0.0414581298828125 -0.240158081054688 -0.147598266601563
0.0240612030029297 -0.0340728759765625 -0.103912353515625 -0.296844482421875
0.0374107360839844 -0.0120964050292969 0.023162841796875 -0.28424072265625
0.0293941497802734 0.00386619567871094 0.119476318359375 -0.233779907226563
0.058197021484375 0.123756408691406 -0.158798217773438 -0.00782775878906247
0.121086120605469 0.0605621337890625 -0.106155395507813 0.1669921875
0.136062622070313 -0.0552902221679688 0.05108642578125 0.192398071289062
0.0223464965820313 -0.129470825195313 0.0907821655273438 0.0943679809570312
-0.0702056884765625 -0.0871658325195313 0.06451416015625 0.02264404296875
-0.109062194824219 1.52587890624798E-05 0.011932373046875 0.0120887756347656
-0.0713958740234375 0.0442581176757813 -0.0239410400390625 0.0366477966308594
-0.0538177490234375 0.0305709838867188 -0.050811767578125 0.0836029052734375
-0.0645561218261719 0.0422019958496094 -0.116958618164063 0.114799499511719
-0.0893173217773438 0.017547607421875 -0.202743530273438 0.0778350830078125
-0.0792922973632812 -0.0437088012695313 -0.2509765625 0.00160217285156246
-0.0337600708007813 -0.084930419921875 -0.233474731445313 -0.139739990234375
0.0651626586914063 -0.070404052734375 -0.109100341796875 -0.287017822265625
0.104759216308594 0.00041961669921875 0.023193359375 -0.281494140625
0.0727157592773438 0.0605545043945313 0.125778198242188 -0.227798461914062
0.0843658447265625 0.170379638671875 -0.150726318359375 0.00914001464843749
0.173431396484375 0.0724029541015625 -0.1187744140625 0.156585693359375
0.172821044921875 -0.0814361572265625 0.0228424072265625 0.209442138671875
0.0224456787109375 -0.1685791015625 0.0921630859375 0.137344360351563
-0.0955047607421875 -0.11065673828125 0.106300354003906 0.0487136840820312
-0.147842407226563 0.00257873535156249 0.0600166320800781 0.0030364990234375
-0.100059509277344 0.06103515625 0.0105152130126953 0.0049886703491211
-0.0787811279296875 0.04541015625 -0.0290603637695312 0.0502891540527344
-0.0954818725585937 0.059722900390625 -0.0974349975585937 0.0871429443359375
-0.128036499023438 0.0228271484375 -0.181198120117188 0.0595245361328125
-0.112892150878906 -0.0648269653320313 -0.226516723632813 -0.00662231445312497
-0.0432662963867188 -0.126167297363281 -0.211456298828125 -0.13482666015625
0.104957580566406 -0.0973434448242188 -0.0992584228515625 -0.2720947265625
0.160690307617188 0.0188140869140625 0.035186767578125 -0.269866943359375
0.103462219238281 0.108657836914063 0.139053344726563 -0.20159912109375
0.10223388671875 0.191665649414063 -0.142623901367188 0.04376220703125
0.196609497070313 0.0648193359375 -0.128662109375 0.166732788085937
0.174224853515625 -0.099365234375 0.010711669921875 0.239959716796875
0.0111541748046875 -0.1759033203125 0.115982055664063 0.18121337890625
-0.107353210449219 -0.108497619628906 0.159500122070313 0.063262939453125
-0.158538818359375 0.01019287109375 0.11419677734375 -0.0186309814453125
-0.110160827636719 0.067840576171875 0.0476264953613281 -0.0358161926269531
-0.0905227661132813 0.0509490966796875 -0.00399160385131836 0.00869607925415039
-0.114662170410156 0.0671768188476563 -0.071441650390625 0.050445556640625
-0.152008056640625 0.0190887451171875 -0.146926879882813 0.0326080322265625
-0.130378723144531 -0.0869827270507813 -0.1856689453125 -0.0181427001953125
-0.0384063720703125 -0.156326293945312 -0.175613403320313 -0.126754760742188
0.139968872070313 -0.103530883789063 -0.0795135498046875 -0.24810791015625
0.190582275390625 0.0420379638671875 0.0516510009765625 -0.246780395507812
0.1148681640625 0.139801025390625 0.153274536132813 -0.159255981445313
0.103225708007812 0.184585571289063 -0.130683898925781 0.0912017822265625
0.183074951171875 0.051971435546875 -0.124893188476562 0.196243286132813
0.1495361328125 -0.0938568115234375 0.025299072265625 0.269989013671875
0.0019683837890625 -0.151351928710938 0.156158447265625 0.20574951171875
-0.0992050170898438 -0.0886306762695313 0.209335327148438 0.062255859375
-0.143112182617188 0.0159149169921875 0.161346435546875 -0.046844482421875
-0.100852966308594 0.06292724609375 0.0806198120117188 -0.0778121948242188
-0.0888137817382813 0.0469818115234375 0.0212955474853516 -0.0338191986083984
-0.117919921875 0.062408447265625 -0.038604736328125 0.0102996826171875
-0.15411376953125 0.00555419921875 -0.099884033203125 0.0047607421875
-0.122581481933594 -0.103279113769531 -0.134895324707031 -0.02197265625
-0.0152740478515625 -0.162857055664062 -0.137176513671875 -0.106071472167969
0.1580810546875 -0.079376220703125 -0.066650390625 -0.217178344726563
0.183731079101563 0.067901611328125 0.0637969970703125 -0.22491455078125
0.101043701171875 0.148468017578125 0.163848876953125 -0.107284545898438
0.08599853515625 0.15350341796875 -0.118545532226563 0.140945434570312
0.141448974609375 0.039581298828125 -0.106536865234375 0.228729248046875
0.111907958984375 -0.0696563720703125 0.055694580078125 0.2857666015625
0.00138854980468751 -0.107994079589844 0.19683837890625 0.2086181640625
-0.074554443359375 -0.0606918334960938 0.245025634765625 0.04766845703125
-0.109580993652344 0.0161590576171875 0.19329833984375 -0.0775146484375
-0.0780563354492188 0.047576904296875 0.103622436523437 -0.113533020019531
-0.0722198486328125 0.0352554321289062 0.0439376831054687 -0.0714645385742188
-0.101509094238281 0.0460357666015625 -0.00456809997558595 -0.0246696472167969
-0.128890991210937 -0.00949859619140623 -0.0482025146484375 -0.014404296875
-0.0898361206054688 -0.100502014160156 -0.0855178833007812 -0.0149459838867188
0.012481689453125 -0.134231567382813 -0.1103515625 -0.0779037475585938
0.142745971679688 -0.03619384765625 -0.067291259765625 -0.193450927734375
0.139678955078125 0.0803909301757813 0.06939697265625 -0.210113525390625
0.0709304809570313 0.130340576171875 0.1663818359375 -0.0561676025390625
0.0561294555664062 0.105056762695313 -0.107192993164063 0.184555053710938
0.082244873046875 0.0297927856445313 -0.0824737548828125 0.256027221679688
0.0722579956054688 -0.0340499877929688 0.0875244140625 0.286956787109375
0.00829315185546876 -0.0592155456542969 0.2261962890625 0.19866943359375
-0.0401458740234375 -0.03338623046875 0.263442993164063 0.03094482421875
-0.0650482177734375 0.00942230224609376 0.208816528320313 -0.1029052734375
-0.0453109741210937 0.0235977172851563 0.116401672363281 -0.139602661132813
-0.0437202453613281 0.0170669555664062 0.059417724609375 -0.0981369018554688
-0.0661201477050781 0.0222511291503906 0.0245132446289063 -0.0490264892578125
-0.0782928466796875 -0.01611328125 -0.00546455383300782 -0.0218219757080078
-0.0447998046875 -0.0720367431640625 -0.05242919921875 -0.00315475463867187
0.025970458984375 -0.077972412109375 -0.101127624511719 -0.0546875
0.092254638671875 0.0049591064453125 -0.0735931396484375 -0.186859130859375
0.07464599609375 0.0677261352539063 0.07391357421875 -0.208206176757813
0.0327911376953125 0.0858612060546875 0.1634521484375 -0.0145721435546875
-0.00292205810546875 -0.0154209136962891 -0.175155639648438 0.0020904541015625
-0.0136508941650391 -0.0157022476196289 -0.08984375 0.208709716796875
0.000974655151367189 -0.0179328918457031 0.0992279052734375 0.186553955078125
-0.0162420272827148 -0.00659465789794922 0.112701416015625 0.0541458129882813
-0.00528621673583984 0.0118179321289063 0.0328731536865234 -0.00712013244628906
0.0174112319946289 0.0104894638061523 -0.0256690979003906 0.0103797912597656
0.0198936462402344 -0.00554466247558594 -0.0489082336425781 0.0609664916992187
0.0145120620727539 -0.0131015777587891 -0.0698318481445313 0.109306335449219
0.0138130187988281 -0.00636672973632813 -0.133369445800781 0.13275146484375
0.0044102668762207 -0.00292873382568359 -0.218124389648438 0.08489990234375
0.00162065029144287 0.000349640846252441 -0.270004272460938 -0.0069122314453125
-0.00173330307006836 0.00313806533813477 -0.240631103515625 -0.158584594726563
-0.0187129974365234 0.0026702880859375 -0.08868408203125 -0.306182861328125
-0.0341396331787109 -0.0267581939697266 0.0361328125 -0.2833251953125
-0.0170974731445313 -0.0558700561523438 0.1212158203125 -0.226272583007813
0.0290756225585937 0.0587387084960938 -0.167694091796875 -0.01068115234375
0.0554389953613281 0.0278205871582031 -0.094329833984375 0.192245483398438
0.0753021240234375 -0.0361328125 0.0859527587890625 0.187484741210938
0.0064849853515625 -0.0729522705078125 0.102737426757813 0.0632476806640625
-0.0403060913085938 -0.0424003601074219 0.0386924743652344 -0.000606536865234378
-0.0516128540039062 0.00525665283203125 -0.0191097259521484 0.0132083892822266
-0.0295028686523438 0.0213775634765625 -0.0452308654785156 0.05743408203125
-0.022186279296875 0.0101909637451172 -0.0652008056640625 0.105361938476563
-0.0268459320068359 0.0191612243652344 -0.128105163574219 0.132560729980469
-0.0445556640625 0.00807571411132813 -0.215744018554687 0.08892822265625
-0.0404548645019531 -0.0208244323730469 -0.266647338867188 0.00341796874999997
-0.0180091857910156 -0.0424575805664063 -0.245147705078125 -0.145767211914063
0.0249481201171875 -0.0352249145507813 -0.108978271484375 -0.299041748046875
0.0380592346191406 -0.0132408142089844 0.0211181640625 -0.290069580078125
0.0299568176269531 0.00398445129394531 0.119522094726563 -0.2413330078125
0.0614547729492188 0.126899719238281 -0.160552978515625 -0.00912475585937499
0.123390197753906 0.0610427856445312 -0.103515625 0.169464111328125
0.139976501464844 -0.0592041015625 0.055419921875 0.191604614257812
0.0213546752929687 -0.132606506347656 0.0919952392578125 0.0944442749023438
-0.0726394653320313 -0.0878524780273438 0.0643234252929688 0.0233802795410156
-0.110519409179688 0.00341796875 0.0128421783447266 0.0127363204956055
-0.0727767944335938 0.0460281372070312 -0.0233612060546875 0.0376853942871094
-0.0561981201171875 0.0312538146972656 -0.050140380859375 0.08526611328125
-0.0648841857910156 0.0429801940917969 -0.115242004394531 0.118682861328125
-0.0896530151367187 0.019622802734375 -0.204666137695313 0.0816192626953124
-0.0815353393554687 -0.0413284301757813 -0.254379272460938 0.00505065917968747
-0.0357513427734375 -0.0861892700195313 -0.236923217773438 -0.138595581054687
0.065704345703125 -0.0725784301757813 -0.113739013671875 -0.288787841796875
0.106925964355469 -0.00077056884765625 0.020599365234375 -0.287353515625
0.0740966796875 0.0616683959960937 0.1256103515625 -0.234954833984375
0.0888214111328125 0.17474365234375 -0.152664184570313 0.00953674316406252
0.177688598632813 0.0725860595703125 -0.117706298828125 0.158676147460937
0.177001953125 -0.085662841796875 0.02520751953125 0.209136962890625
0.020751953125 -0.171798706054688 0.0938568115234375 0.139152526855469
-0.098785400390625 -0.111801147460938 0.10760498046875 0.04852294921875
-0.148849487304688 0.00682067871093749 0.0618515014648437 0.00278854370117188
-0.101943969726563 0.0634613037109375 0.00983715057373046 0.00479602813720703
-0.08154296875 0.045684814453125 -0.0293693542480469 0.050750732421875
-0.095611572265625 0.0608062744140625 -0.0969009399414062 0.09063720703125
-0.128837585449219 0.0261306762695313 -0.183746337890625 0.062957763671875
-0.11651611328125 -0.062652587890625 -0.229461669921875 -0.00334167480468754
-0.04656982421875 -0.128578186035156 -0.215576171875 -0.1343994140625
0.107398986816406 -0.101150512695313 -0.10272216796875 -0.273849487304688
0.16357421875 0.017181396484375 0.0322418212890625 -0.274169921875
0.106521606445313 0.109931945800781 0.138473510742188 -0.20831298828125
0.107925415039062 0.196014404296875 -0.14398193359375 0.0451812744140625
0.201141357421875 0.065032958984375 -0.127792358398438 0.169158935546875
0.177444458007813 -0.104110717773438 0.0136871337890625 0.241867065429688
0.00785827636718751 -0.1787109375 0.118682861328125 0.1839599609375
-0.110862731933594 -0.109230041503906 0.161880493164063 0.0633544921875
-0.159622192382813 0.015594482421875 0.11688232421875 -0.0193099975585938
-0.110282897949219 0.0709915161132813 0.0471763610839844 -0.0362739562988281
-0.0941009521484375 0.0519180297851563 -0.00392961502075196 0.00819873809814453
-0.115821838378906 0.0691680908203125 -0.070587158203125 0.0524749755859375
-0.15325927734375 0.0226287841796875 -0.149734497070313 0.0347747802734375
-0.134880065917969 -0.085357666015625 -0.188079833984375 -0.0157470703125
-0.0413665771484375 -0.159164428710938 -0.178787231445313 -0.127182006835938
0.142578125 -0.108200073242188 -0.08270263671875 -0.249465942382813
0.19512939453125 0.039520263671875 0.0496368408203125 -0.251663208007813
0.117095947265625 0.141921997070313 0.15350341796875 -0.165130615234375
0.107925415039063 0.188339233398438 -0.132560729980469 0.0940322875976563
0.186370849609375 0.051788330078125 -0.123947143554688 0.19921875
0.152664184570313 -0.0985565185546875 0.0290985107421875 0.272216796875
-0.000320434570312501 -0.153564453125 0.160202026367188 0.20806884765625
-0.102409362792969 -0.0883331298828125 0.213104248046875 0.060394287109375
-0.144500732421875 0.0199127197265625 0.16357421875 -0.0499114990234375
-0.10198974609375 0.0649185180664063 0.0780868530273438 -0.079193115234375
-0.0917434692382812 0.048614501953125 0.0201416015625 -0.0353584289550781
-0.118888854980469 0.0642013549804688 -0.0390701293945313 0.0112190246582031
-0.156143188476563 0.00836181640625003 -0.102760314941406 0.00617218017578125
-0.127532958984375 -0.102630615234375 -0.136039733886719 -0.0205841064453125
-0.0182037353515625 -0.166046142578125 -0.139251708984375 -0.105720520019531
0.161285400390625 -0.08367919921875 -0.0699310302734375 -0.217849731445313
0.187896728515625 0.0671539306640625 0.0620269775390625 -0.22833251953125
0.103012084960938 0.151123046875 0.164215087890625 -0.1114501953125
0.091461181640625 0.1573486328125 -0.11962890625 0.144699096679687
0.1436767578125 0.0392303466796875 -0.105865478515625 0.233016967773438
0.113838195800781 -0.0724029541015625 0.060150146484375 0.287933349609375
-0.000183105468749991 -0.108367919921875 0.20062255859375 0.210464477539063
-0.0761337280273437 -0.0609130859375 0.248550415039063 0.045196533203125
-0.1099853515625 0.0187759399414062 0.194747924804688 -0.081329345703125
-0.0785980224609375 0.0485076904296875 0.101211547851563 -0.115875244140625
-0.0750503540039063 0.0363922119140625 0.0420150756835938 -0.0740585327148438
-0.102531433105469 0.0474090576171875 -0.00429153442382813 -0.0247821807861328
-0.130142211914062 -0.00701141357421873 -0.0499534606933594 -0.0135955810546875
-0.0942459106445313 -0.0999984741210938 -0.08563232421875 -0.0140838623046875
0.0115203857421875 -0.138191223144531 -0.111198425292969 -0.0768585205078125
0.147018432617187 -0.038238525390625 -0.0702056884765625 -0.192550659179688
0.143783569335938 0.0810699462890625 0.066680908203125 -0.213638305664063
0.0723724365234375 0.132888793945312 0.1671142578125 -0.0587310791015625
0.0595932006835937 0.107856750488281 -0.107803344726563 0.188583374023437
0.084442138671875 0.0309677124023437 -0.080230712890625 0.26165771484375
0.0740127563476563 -0.0365371704101563 0.09173583984375 0.289031982421875
0.007720947265625 -0.0604057312011719 0.229766845703125 0.1978759765625
-0.041046142578125 -0.0330047607421875 0.265899658203125 0.027862548828125
-0.0653076171875 0.0113182067871094 0.2088623046875 -0.10662841796875
-0.0464630126953125 0.0243110656738281 0.113616943359375 -0.143035888671875
-0.0469093322753906 0.0172271728515625 0.0582275390625 -0.101264953613281
-0.0679550170898438 0.0226936340332031 0.0246162414550781 -0.0506172180175781
-0.0794448852539063 -0.014801025390625 -0.00635528564453125 -0.0232772827148438
-0.047821044921875 -0.0716781616210938 -0.0516204833984375 -0.00248336791992189
0.0251388549804688 -0.0803146362304687 -0.102134704589844 -0.052398681640625
0.0954055786132813 0.00302886962890625 -0.07708740234375 -0.185989379882813
0.077178955078125 0.0687942504882813 0.0693511962890625 -0.2103271484375
0.0336151123046875 0.0870285034179688 0.16339111328125 -0.015533447265625
-0.0024576187133789 -0.0162572860717773 -0.181854248046875 0.00346374511718753
-0.0152854919433594 -0.0154323577880859 -0.084991455078125 0.217681884765625
-0.000280380249023436 -0.0197029113769531 0.110305786132813 0.187850952148438
-0.0176296234130859 -0.00550079345703125 0.117965698242188 0.0516738891601563
-0.00565338134765625 0.0134954452514648 0.0331630706787109 -0.00723648071289063
0.0190372467041016 0.0112247467041016 -0.0270442962646484 0.0135669708251953
0.0209636688232422 -0.00650596618652344 -0.0487136840820313 0.0652275085449219
0.0136661529541016 -0.0143508911132812 -0.068145751953125 0.115036010742188
0.0149116516113281 -0.00765705108642578 -0.13348388671875 0.141616821289062
0.00457143783569336 -0.00242853164672852 -0.223770141601563 0.0938568115234375
0.000951290130615234 0.00132155418395996 -0.279449462890625 0.000381469726562516
-0.00251889228820801 0.00255775451660156 -0.2525634765625 -0.15716552734375
-0.0189628601074219 0.00272560119628906 -0.099395751953125 -0.31439208984375
-0.0357704162597656 -0.0269584655761719 0.030242919921875 -0.295562744140625
-0.018768310546875 -0.0580825805664063 0.12091064453125 -0.240814208984375
0.0326004028320313 0.0618667602539063 -0.173690795898438 -0.009918212890625
0.0579910278320313 0.0285301208496094 -0.090362548828125 0.199661254882813
0.0774993896484375 -0.040924072265625 0.0953826904296875 0.188552856445313
0.00438690185546875 -0.0759429931640625 0.107551574707031 0.0623016357421875
-0.0434188842773438 -0.0426673889160156 0.0385360717773438 -0.000148773193359378
-0.0528411865234375 0.00835800170898438 -0.0189132690429688 0.0156650543212891
-0.0300388336181641 0.0239429473876953 -0.0454254150390625 0.0612449645996094
-0.0244369506835937 0.011199951171875 -0.06304931640625 0.110855102539063
-0.0270156860351563 0.0194244384765625 -0.12701416015625 0.141708374023438
-0.0447731018066406 0.0107765197753906 -0.220916748046875 0.0982208251953125
-0.0430030822753906 -0.0192794799804687 -0.27581787109375 0.0111846923828124
-0.0208892822265625 -0.0435867309570313 -0.256210327148438 -0.143829345703125
0.0242729187011719 -0.037841796875 -0.119781494140625 -0.3062744140625
0.0397682189941406 -0.0155601501464844 0.015167236328125 -0.30194091796875
0.0314598083496094 0.00440216064453125 0.119400024414063 -0.255783081054688
0.0677719116210938 0.131950378417969 -0.166152954101563 -0.00839233398437501
0.130317687988281 0.061798095703125 -0.100540161132812 0.17718505859375
0.143661499023438 -0.0661468505859375 0.0639801025390625 0.194717407226563
0.0180587768554688 -0.137397766113281 0.0966262817382813 0.0960235595703125
-0.078125 -0.0890121459960937 0.0665969848632813 0.0235977172851562
-0.112602233886719 0.00798797607421874 0.0141401290893555 0.0136556625366211
-0.0744781494140625 0.0509185791015625 -0.0235519409179688 0.0401344299316406
-0.0589752197265625 0.0337677001953125 -0.0493011474609375 0.0890884399414063
-0.0654449462890625 0.0453338623046875 -0.114303588867187 0.12615966796875
-0.0908889770507813 0.0239639282226563 -0.210296630859375 0.091400146484375
-0.08563232421875 -0.0392608642578125 -0.263351440429688 0.011749267578125
-0.0401535034179687 -0.0882339477539063 -0.248916625976563 -0.136688232421875
0.0665969848632813 -0.077789306640625 -0.124603271484375 -0.296417236328125
0.111709594726563 -0.00374603271484375 0.014617919921875 -0.29937744140625
0.0784530639648438 0.0627975463867188 0.125228881835937 -0.25006103515625
0.0981597900390625 0.18084716796875 -0.157485961914063 0.0111541748046875
0.187118530273438 0.0715484619140625 -0.116180419921875 0.1658935546875
0.182662963867188 -0.0955352783203125 0.0329132080078125 0.213546752929688
0.01629638671875 -0.17852783203125 0.100128173828125 0.142898559570313
-0.1060791015625 -0.112312316894531 0.1124267578125 0.0488662719726562
-0.152297973632813 0.0132293701171875 0.0657005310058594 0.00160598754882813
-0.103187561035156 0.0698089599609375 0.00988674163818359 0.00504112243652344
-0.0850753784179687 0.0501480102539063 -0.0291976928710938 0.0529670715332031
-0.0967941284179688 0.0653762817382812 -0.09619140625 0.0971221923828125
-0.131301879882812 0.031707763671875 -0.18975830078125 0.0713653564453125
-0.123031616210937 -0.0598983764648438 -0.23687744140625 0.00312805175781254
-0.051971435546875 -0.131706237792969 -0.2257080078125 -0.13323974609375
0.108757019042969 -0.108139038085938 -0.112991333007813 -0.28033447265625
0.170333862304688 0.0131378173828125 0.02642822265625 -0.2860107421875
0.1123046875 0.112586975097656 0.13873291015625 -0.221603393554688
0.117202758789063 0.201629638671875 -0.148574829101563 0.0495758056640625
0.211318969726563 0.0623931884765625 -0.126693725585937 0.17779541015625
0.18304443359375 -0.114471435546875 0.0210723876953125 0.247650146484375
0.00393676757812499 -0.184616088867187 0.127334594726563 0.188461303710938
-0.119003295898438 -0.109664916992187 0.169784545898438 0.06182861328125
-0.163360595703125 0.0211944580078125 0.121414184570313 -0.0235443115234375
-0.112419128417969 0.077392578125 0.0457916259765625 -0.0386695861816406
-0.0973968505859375 0.057403564453125 -0.00479602813720704 0.00836563110351563
-0.117195129394531 0.0743637084960938 -0.0708541870117188 0.0567703247070312
-0.158050537109375 0.0289764404296875 -0.156234741210938 0.041839599609375
-0.1435546875 -0.0830841064453125 -0.195022583007812 -0.0103607177734375
-0.0484466552734375 -0.163970947265625 -0.187362670898437 -0.126190185546875
0.146011352539063 -0.116409301757813 -0.091522216796875 -0.25506591796875
0.203231811523438 0.036285400390625 0.044403076171875 -0.262008666992188
0.124404907226562 0.145889282226562 0.154220581054688 -0.175949096679688
0.11810302734375 0.193771362304688 -0.135299682617188 0.10003662109375
0.19635009765625 0.0491790771484375 -0.12335205078125 0.209503173828125
0.156234741210938 -0.108001708984375 0.0366668701171875 0.279037475585937
-0.0044708251953125 -0.158172607421875 0.170425415039063 0.213027954101563
-0.108444213867187 -0.0881195068359375 0.222137451171875 0.0563507080078125
-0.147491455078125 0.026519775390625 0.168106079101563 -0.05615234375
-0.103355407714844 0.0711517333984375 0.0771636962890625 -0.08355712890625
-0.0963211059570313 0.053253173828125 0.0185165405273437 -0.0374298095703125
-0.121833801269531 0.0695419311523437 -0.0397682189941406 0.0127906799316406
-0.161056518554688 0.014892578125 -0.107383728027344 0.0100479125976562
-0.1357421875 -0.101333618164063 -0.139816284179688 -0.0176773071289063
-0.0237274169921875 -0.172714233398438 -0.146331787109375 -0.105499267578125
0.167144775390625 -0.091461181640625 -0.0769500732421875 -0.221923828125
0.196929931640625 0.0644989013671875 0.0566864013671875 -0.237548828125
0.110137939453125 0.156402587890625 0.16748046875 -0.120758056640625
0.100494384765625 0.16168212890625 -0.1212158203125 0.153396606445312
0.150802612304688 0.0375518798828125 -0.102981567382812 0.244354248046875
0.116958618164063 -0.0794143676757812 0.069000244140625 0.29443359375
-0.0033416748046875 -0.112625122070313 0.212570190429688 0.21343994140625
-0.0808868408203125 -0.0607681274414063 0.2576904296875 0.040557861328125
-0.111709594726562 0.0246047973632812 0.19793701171875 -0.08917236328125
-0.0799407958984375 0.0525741577148437 0.0988388061523438 -0.122138977050781
-0.0788192749023438 0.0395355224609375 0.0400314331054688 -0.0772857666015625
-0.105201721191406 0.0516510009765625 -0.005615234375 -0.0264530181884766
-0.135589599609375 -0.00267791748046877 -0.0537872314453125 -0.0127677917480469
-0.101104736328125 -0.0999679565429687 -0.0872802734375 -0.0122604370117188
0.00741577148437501 -0.143798828125 -0.115493774414063 -0.0762863159179688
0.15399169921875 -0.0436553955078125 -0.07818603515625 -0.196380615234375
0.151641845703125 0.081146240234375 0.061553955078125 -0.223312377929688
0.0768966674804688 0.137519836425781 0.171035766601563 -0.0656585693359375
0.0667877197265625 0.111503601074219 -0.108230590820313 0.200546264648438
0.0885848999023438 0.0301437377929688 -0.076690673828125 0.273590087890625
0.0763931274414062 -0.0401229858398438 0.101837158203125 0.295166015625
0.00666427612304688 -0.0615615844726562 0.242721557617188 0.199630737304688
-0.0439338684082031 -0.0328445434570312 0.275665283203125 0.021636962890625
-0.0661392211914063 0.0150871276855469 0.211776733398438 -0.11614990234375
-0.0468826293945313 0.0269927978515625 0.111114501953125 -0.150711059570313
-0.04962158203125 0.0197410583496094 0.05499267578125 -0.106597900390625
-0.0691986083984375 0.0254325866699219 0.0231590270996094 -0.054351806640625
-0.0830001831054688 -0.013336181640625 -0.00769996643066407 -0.0238761901855469
-0.0519332885742187 -0.0720291137695313 -0.0516357421875 -0.00127029418945313
0.0241851806640625 -0.0851898193359375 -0.105178833007813 -0.0510635375976562
0.101455688476563 0.00151824951171875 -0.0860748291015625 -0.1883544921875
0.0818328857421875 0.06976318359375 0.064697265625 -0.219070434570313
0.0350189208984375 0.089813232421875 0.168548583984375 -0.0199127197265625
-0.00212669372558594 -0.0164299011230469 -0.188217163085938 0.00993347167968753
-0.0161428451538086 -0.0148124694824219 -0.0738677978515625 0.228775024414063
-0.00222587585449219 -0.0213890075683594 0.125 0.18560791015625
-0.0197658538818359 -0.00380706787109375 0.124710083007813 0.0450973510742188
-0.00477981567382813 0.0151948928833008 0.0328903198242188 -0.00875473022460937
0.0218009948730469 0.0114231109619141 -0.0272922515869141 0.0168552398681641
0.0206890106201172 -0.00756072998046875 -0.04644775390625 0.07073974609375
0.0119161605834961 -0.0151777267456055 -0.06201171875 0.1226806640625
0.0151481628417969 -0.00924015045166016 -0.12835693359375 0.154861450195313
0.00546789169311523 -0.00243282318115234 -0.226837158203125 0.110748291015625
0.00123929977416992 0.00298380851745606 -0.288909912109375 0.015960693359375
-0.00260138511657715 0.00318336486816406 -0.268753051757813 -0.147903442382813
-0.0196933746337891 0.00303268432617187 -0.119415283203125 -0.320281982421875
-0.0386962890625 -0.0264739990234375 0.0169677734375 -0.30865478515625
-0.0221824645996094 -0.0591239929199219 0.113800048828125 -0.258834838867188
0.0371818542480469 0.0635185241699219 -0.180465698242187 -0.0048675537109375
0.0621910095214844 0.0279464721679688 -0.080078125 0.209991455078125
0.0780410766601562 -0.0472946166992187 0.109848022460938 0.187149047851562
0.000465393066406252 -0.0789031982421875 0.113540649414063 0.0583724975585938
-0.0475349426269531 -0.04095458984375 0.0390815734863281 -0.000816345214843752
-0.0523872375488281 0.0128707885742187 -0.0187473297119141 0.018402099609375
-0.0301551818847656 0.0271263122558594 -0.0430641174316406 0.0663719177246094
-0.0258426666259766 0.0131072998046875 -0.0581588745117188 0.11798095703125
-0.0270099639892578 0.0209484100341797 -0.121856689453125 0.1539306640625
-0.0444297790527344 0.0140342712402344 -0.223648071289063 0.1156005859375
-0.0452117919921875 -0.0163993835449219 -0.2841796875 0.027679443359375
-0.0251007080078125 -0.043548583984375 -0.272171020507813 -0.133819580078125
0.0235481262207031 -0.0413627624511719 -0.13983154296875 -0.3104248046875
0.0401611328125 -0.0181388854980469 -0.000183105468749999 -0.31591796875
0.0329418182373047 0.00327491760253906 0.11114501953125 -0.274566650390625
0.07763671875 0.135040283203125 -0.172348022460938 -0.00273132324218752
0.139122009277344 0.058197021484375 -0.093231201171875 0.186904907226563
0.146530151367188 -0.0778961181640625 0.075775146484375 0.194183349609375
0.012054443359375 -0.143829345703125 0.104423522949219 0.0941162109375
-0.086151123046875 -0.08709716796875 0.0691375732421875 0.0219268798828125
-0.114852905273437 0.01611328125 0.0159664154052734 0.0144243240356445
-0.0739974975585938 0.0576858520507812 -0.0217781066894531 0.0433998107910156
-0.05999755859375 0.0389900207519531 -0.0451202392578125 0.0952682495117188
-0.06488037109375 0.0499687194824219 -0.110237121582031 0.137580871582031
-0.0913848876953125 0.0300674438476563 -0.213348388671875 0.1083984375
-0.0914154052734375 -0.0342636108398438 -0.27069091796875 0.0280914306640624
-0.0470123291015625 -0.0891647338867188 -0.264358520507813 -0.12744140625
0.0654220581054688 -0.0848541259765625 -0.144195556640625 -0.29901123046875
0.115402221679688 -0.00994873046875 -0.000762939453125005 -0.313018798828125
0.0843887329101562 0.061767578125 0.1171875 -0.268356323242188
0.112014770507813 0.185073852539063 -0.162322998046875 0.01812744140625
0.198104858398438 0.0658111572265625 -0.110000610351563 0.175735473632812
0.18487548828125 -0.110733032226562 0.0436553955078125 0.216461181640625
0.00764465332031248 -0.185897827148438 0.110702514648438 0.14410400390625
-0.117599487304688 -0.109565734863281 0.118522644042969 0.0458908081054687
-0.155059814453125 0.0228729248046875 0.0681343078613281 -0.00176620483398437
-0.102432250976563 0.0788040161132813 0.0101652145385742 0.00524044036865235
-0.0864791870117188 0.0572586059570312 -0.0272407531738281 0.0566940307617188
-0.096923828125 0.0728073120117188 -0.0934982299804687 0.1055908203125
-0.132530212402344 0.0410003662109375 -0.19384765625 0.0866546630859375
-0.130279541015625 -0.0537261962890625 -0.24505615234375 0.0172576904296875
-0.0617446899414063 -0.133010864257813 -0.240493774414063 -0.125244140625
0.108009338378906 -0.118583679199219 -0.131500244140625 -0.2833251953125
0.177581787109375 0.0040435791015625 0.011749267578125 -0.29937744140625
0.121917724609375 0.112220764160156 0.132339477539062 -0.23968505859375
0.133499145507813 0.204757690429688 -0.150894165039063 0.0584259033203125
0.221755981445313 0.0550079345703125 -0.12127685546875 0.189620971679688
0.18426513671875 -0.1307373046875 0.0328826904296875 0.253219604492188
-0.00572204589843748 -0.1912841796875 0.141357421875 0.190093994140625
-0.129386901855469 -0.106353759765625 0.178924560546875 0.055633544921875
-0.166107177734375 0.0320892333984375 0.124977111816406 -0.0312271118164063
-0.111259460449219 0.0871810913085938 0.0452156066894531 -0.0421485900878906
-0.099639892578125 0.0655364990234375 -0.00513935089111329 0.00920963287353516
-0.117584228515625 0.0839157104492188 -0.0696601867675781 0.0627593994140625
-0.160507202148438 0.0394744873046875 -0.160385131835938 0.053741455078125
-0.15338134765625 -0.0766143798828125 -0.202224731445313 0.000656127929687516
-0.0594329833984375 -0.167617797851563 -0.200347900390625 -0.119857788085937
0.147232055664063 -0.12921142578125 -0.107421875 -0.257369995117188
0.213088989257813 0.0272216796875 0.0313568115234375 -0.274627685546875
0.136154174804688 0.146102905273438 0.150619506835938 -0.192474365234375
0.133224487304687 0.197036743164063 -0.135124206542969 0.110496520996094
0.20574951171875 0.0411529541015625 -0.116806030273437 0.222549438476562
0.156356811523438 -0.122360229492188 0.051788330078125 0.284759521484375
-0.01220703125 -0.163177490234375 0.188858032226563 0.2127685546875
-0.117538452148438 -0.0850067138671875 0.23199462890625 0.047393798828125
-0.148605346679688 0.036468505859375 0.17071533203125 -0.067596435546875
-0.102783203125 0.0799484252929688 0.074493408203125 -0.0899429321289063
-0.0978622436523438 0.0614776611328125 0.0161514282226562 -0.0394248962402344
-0.121940612792969 0.0786972045898438 -0.0399932861328125 0.0156364440917969
-0.165328979492188 0.0252838134765625 -0.11248779296875 0.01763916015625
-0.147415161132813 -0.0958709716796875 -0.144760131835938 -0.010589599609375
-0.0346527099609375 -0.178466796875 -0.155380249023438 -0.101913452148437
0.17138671875 -0.104949951171875 -0.091339111328125 -0.223587036132813
0.208343505859375 0.057037353515625 0.0449676513671875 -0.249588012695312
0.121139526367188 0.157516479492188 0.165802001953125 -0.135147094726563
0.113983154296875 0.163833618164063 -0.118453979492187 0.165863037109375
0.15850830078125 0.03094482421875 -0.0940399169921874 0.2591552734375
0.117156982421875 -0.089385986328125 0.085296630859375 0.29986572265625
-0.00902557373046876 -0.115745544433594 0.231399536132813 0.210464477539063
-0.0869598388671875 -0.0573577880859375 0.267562866210938 0.0283203125
-0.112190246582031 0.031585693359375 0.198654174804687 -0.103439331054688
-0.0795669555664063 0.0599822998046875 0.094970703125 -0.131156921386719
-0.080718994140625 0.0456619262695313 0.0352325439453125 -0.0817337036132812
-0.106979370117187 0.0593032836914063 -0.00686454772949219 -0.0272026062011719
-0.139854431152344 0.00473785400390626 -0.0575294494628906 -0.00968551635742188
-0.111061096191406 -0.0972824096679687 -0.0897598266601563 -0.00866699218749999
-0.000335693359374999 -0.150115966796875 -0.122695922851563 -0.0717239379882813
0.159469604492188 -0.0541839599609375 -0.0908203125 -0.196014404296875
0.162094116210937 0.0763092041015625 0.0491790771484375 -0.233657836914063
0.085418701171875 0.139785766601563 0.1727294921875 -0.0775604248046875
0.0768814086914063 0.112091064453125 -0.102188110351563 0.21435546875
0.0925445556640625 0.02703857421875 -0.065643310546875 0.288360595703125
0.077545166015625 -0.0461654663085938 0.119842529296875 0.29876708984375
0.00400161743164063 -0.0638809204101563 0.261672973632813 0.1947021484375
-0.0469932556152344 -0.0312232971191406 0.28546142578125 0.0076904296875
-0.066436767578125 0.0203170776367187 0.211013793945313 -0.13067626953125
-0.04779052734375 0.0309066772460938 0.105438232421875 -0.160430908203125
-0.0516319274902344 0.0230636596679687 0.04888916015625 -0.112709045410156
-0.0710983276367188 0.0291366577148437 0.0213356018066406 -0.0578689575195313
-0.0861053466796875 -0.00932312011718752 -0.00977516174316406 -0.0242118835449219
-0.0584487915039063 -0.0711822509765625 -0.0521125793457031 0.00160980224609375
0.0212783813476562 -0.0891952514648437 -0.110115051269531 -0.0460891723632813
0.106781005859375 -0.0033416748046875 -0.098846435546875 -0.186920166015625
0.0885543823242187 0.0684890747070313 0.052459716796875 -0.22991943359375
0.0403823852539063 0.0931167602539063 0.172271728515625 -0.02813720703125
-0.00206756591796875 -0.0169544219970703 -0.1903076171875 0.0198974609375
-0.0182628631591797 -0.0136356353759766 -0.0567626953125 0.233749389648438
-0.00502586364746094 -0.0222301483154297 0.14056396484375 0.175704956054688
-0.0208740234375 -0.00119590759277344 0.128028869628906 0.035888671875
-0.00370216369628906 0.0167837142944336 0.0310764312744141 -0.0101108551025391
0.024017333984375 0.0102291107177734 -0.0259380340576172 0.0214977264404297
0.0206890106201172 -0.00952911376953125 -0.041351318359375 0.07501220703125
0.00982761383056641 -0.0159749984741211 -0.052490234375 0.127983093261719
0.0142793655395508 -0.0112743377685547 -0.116378784179688 0.165908813476562
0.00551509857177734 -0.00231361389160156 -0.221450805664062 0.12957763671875
0.00184416770935059 0.00391721725463867 -0.29071044921875 0.0379638671875
-0.00325155258178711 0.00305366516113281 -0.28106689453125 -0.129623413085938
-0.0200443267822266 0.00405311584472657 -0.14154052734375 -0.314453125
-0.0407600402832031 -0.0240478515625 -0.00485229492187503 -0.313995361328125
-0.0264167785644531 -0.0583686828613281 0.0974884033203125 -0.27288818359375
0.0432395935058594 0.0636253356933594 -0.183761596679687 0.00448608398437498
0.0647697448730469 0.0253982543945312 -0.0655059814453125 0.214614868164063
0.07562255859375 -0.0546035766601562 0.123382568359375 0.178207397460938
-0.005523681640625 -0.0794525146484375 0.118095397949219 0.0505523681640625
-0.0513992309570313 -0.0378150939941406 0.0380516052246094 -0.001617431640625
-0.0507316589355469 0.0175094604492187 -0.0176792144775391 0.0213775634765625
-0.0284252166748047 0.0301380157470703 -0.0378875732421875 0.0705337524414063
-0.0265159606933594 0.0159835815429688 -0.0485687255859375 0.124008178710938
-0.0255641937255859 0.0226955413818359 -0.109939575195313 0.16448974609375
-0.042449951171875 0.0172653198242188 -0.217819213867187 0.134780883789062
-0.0467987060546875 -0.0118446350097656 -0.284393310546875 0.0492553710937501
-0.0286293029785156 -0.04217529296875 -0.283843994140625 -0.115875244140625
0.0209388732910156 -0.0446929931640625 -0.162261962890625 -0.3031005859375
0.039459228515625 -0.0215911865234375 -0.022125244140625 -0.320465087890625
0.0335369110107422 0.00102424621582031 0.093048095703125 -0.28948974609375
0.0891265869140625 0.134040832519531 -0.175338745117188 0.00634765625000003
0.144973754882812 0.0508270263671875 -0.0797576904296875 0.19305419921875
0.143508911132812 -0.090545654296875 0.089599609375 0.18829345703125
0.00198364257812499 -0.14593505859375 0.112022399902344 0.0884475708007812
-0.0944290161132813 -0.0818099975585938 0.0710983276367188 0.018951416015625
-0.113250732421875 0.024810791015625 0.0178241729736328 0.0133419036865234
-0.0700874328613281 0.0644416809082031 -0.0183906555175781 0.0461997985839844
-0.0588340759277344 0.0442581176757812 -0.037811279296875 0.0993118286132812
-0.0624237060546875 0.0545806884765625 -0.0998687744140625 0.14727783203125
-0.0887451171875 0.0373382568359375 -0.208450317382813 0.126678466796875
-0.0945358276367187 -0.0257339477539063 -0.271087646484375 0.049163818359375
-0.05401611328125 -0.0860443115234375 -0.275482177734375 -0.109222412109375
0.060638427734375 -0.0909576416015625 -0.1658935546875 -0.291748046875
0.115951538085937 -0.0184249877929687 -0.022857666015625 -0.31646728515625
0.0898513793945313 0.057464599609375 0.098968505859375 -0.282562255859375
0.12750244140625 0.181365966796875 -0.163833618164063 0.027313232421875
0.204879760742188 0.054351806640625 -0.09844970703125 0.183883666992188
0.179428100585938 -0.126510620117188 0.0579986572265625 0.213363647460938
-0.00512695312500002 -0.189361572265625 0.122062683105469 0.13848876953125
-0.126441955566406 -0.102706909179688 0.123283386230469 0.0386428833007812
-0.153274536132813 0.034881591796875 0.0694236755371094 -0.00728607177734375
-0.0969619750976563 0.087554931640625 0.0110130310058594 0.00529956817626954
-0.0848770141601563 0.0652847290039062 -0.0221061706542969 0.0596504211425781
-0.0931777954101562 0.0804901123046875 -0.0858917236328125 0.113166809082031
-0.129730224609375 0.0510025024414062 -0.19036865234375 0.103485107421875
-0.135574340820312 -0.0430908203125 -0.2457275390625 0.036102294921875
-0.0723648071289063 -0.130134582519531 -0.251602172851563 -0.10888671875
0.101776123046875 -0.128921508789063 -0.151885986328125 -0.275970458984375
0.18023681640625 -0.0082550048828125 -0.00933837890625 -0.3035888671875
0.130401611328125 0.107276916503906 0.116104125976563 -0.254425048828125
0.150253295898438 0.200439453125 -0.14886474609375 0.0684661865234375
0.227813720703125 0.0411376953125 -0.109893798828125 0.199081420898438
0.176589965820313 -0.147079467773438 0.04876708984375 0.251663208007812
-0.018707275390625 -0.193588256835937 0.156417846679687 0.183822631835937
-0.138565063476563 -0.0973739624023437 0.183441162109375 0.044158935546875
-0.163421630859375 0.0451812744140625 0.124137878417969 -0.04119873046875
-0.105438232421875 0.0964584350585938 0.0424537658691406 -0.0449485778808594
-0.0966415405273437 0.0744476318359375 -0.00474262237548829 0.0101337432861328
-0.112785339355469 0.0929183959960937 -0.06622314453125 0.0681533813476563
-0.157882690429688 0.0526885986328125 -0.159210205078125 0.0685882568359375
-0.160781860351562 -0.0646209716796875 -0.203750610351563 0.0152435302734375
-0.0730743408203125 -0.165206909179688 -0.21063232421875 -0.106536865234375
0.140899658203125 -0.14208984375 -0.125228881835938 -0.252273559570312
0.218429565429688 0.01239013671875 0.0116119384765625 -0.2808837890625
0.14691162109375 0.140625 0.13787841796875 -0.207305908203125
0.150466918945313 0.19189453125 -0.129753112792969 0.120773315429687
0.210067749023438 0.0279541015625 -0.102142333984375 0.232986450195312
0.14886474609375 -0.135421752929688 0.068634033203125 0.2841796875
-0.024139404296875 -0.163909912109375 0.204635620117188 0.203369140625
-0.125389099121094 -0.0762939453125 0.237518310546875 0.031707763671875
-0.145599365234375 0.0481414794921875 0.166976928710937 -0.08148193359375
-0.0972061157226563 0.0884552001953125 0.0686187744140625 -0.0946578979492188
-0.0960159301757813 0.0704193115234375 0.0127372741699219 -0.0400047302246094
-0.118370056152344 0.0888442993164063 -0.0396080017089844 0.0185775756835938
-0.164474487304688 0.03765869140625 -0.113548278808594 0.0279464721679688
-0.155853271484375 -0.0851287841796875 -0.146575927734375 -0.000549316406249982
-0.0481719970703125 -0.177932739257813 -0.162765502929688 -0.0915374755859375
0.168289184570312 -0.11907958984375 -0.1065673828125 -0.218368530273438
0.215576171875 0.04425048828125 0.0268096923828125 -0.25567626953125
0.132904052734375 0.15380859375 0.157180786132813 -0.149002075195313
0.1278076171875 0.159408569335938 -0.107955932617187 0.176666259765625
0.162033081054688 0.0215911865234375 -0.0777587890625 0.268936157226563
0.112174987792969 -0.100440979003906 0.104705810546875 0.29620361328125
-0.0162734985351562 -0.116439819335938 0.248977661132813 0.197723388671875
-0.0920562744140625 -0.050994873046875 0.271194458007812 0.00933837890625
-0.109046936035156 0.0412063598632813 0.19293212890625 -0.119338989257812
-0.0755081176757813 0.066619873046875 0.0857009887695313 -0.138114929199219
-0.0795974731445313 0.053466796875 0.0289154052734375 -0.084136962890625
-0.1044921875 0.0676422119140625 -0.00977516174316407 -0.027008056640625
-0.140899658203125 0.014892578125 -0.0596160888671875 -0.00477981567382813
-0.119453430175781 -0.0890731811523438 -0.0896835327148438 -0.0023345947265625
-0.0107574462890625 -0.153076171875 -0.126731872558594 -0.063232421875
0.160293579101563 -0.066314697265625 -0.104812622070312 -0.189300537109375
0.170333862304688 0.066802978515625 0.0317230224609375 -0.239486694335938
0.0946807861328125 0.137908935546875 0.168228149414063 -0.089752197265625
0.0863723754882813 0.109024047851563 -0.089080810546875 0.225418090820313
0.0954666137695313 0.0217742919921875 -0.046722412109375 0.2967529296875
0.074920654296875 -0.0533905029296875 0.139984130859375 0.2930908203125
0.000133514404296875 -0.065155029296875 0.278244018554688 0.178436279296875
-0.0498924255371094 -0.0274238586425781 0.287567138671875 -0.011871337890625
-0.0640449523925781 0.0250091552734375 0.201950073242188 -0.147140502929688
-0.0453453063964844 0.034759521484375 0.093353271484375 -0.16815185546875
-0.0522842407226563 0.0279769897460938 0.04034423828125 -0.116508483886719
-0.0703277587890625 0.0349578857421875 0.0166854858398437 -0.0598640441894531
-0.0875930786132813 -0.00296020507812502 -0.0126190185546875 -0.0239982604980469
-0.0640029907226562 -0.0674896240234375 -0.05059814453125 0.00523376464843749
0.0148696899414062 -0.09197998046875 -0.112472534179687 -0.037139892578125
0.10992431640625 -0.0112075805664062 -0.113128662109375 -0.17919921875
0.094879150390625 0.0642166137695313 0.0353240966796875 -0.234283447265625
0.0462722778320312 0.0923080444335938 0.17181396484375 -0.0395355224609375
-0.00185203552246094 -0.0165023803710938 -0.18756103515625 0.0272369384765625
-0.018096923828125 -0.0129165649414063 -0.0415496826171875 0.230255126953125
-0.00730514526367188 -0.0217857360839844 0.148605346679688 0.161651611328125
-0.0211677551269531 0.00077629089355469 0.127693176269531 0.02685546875
-0.00207042694091797 0.0175199508666992 0.0295562744140625 -0.0101833343505859
0.0258941650390625 0.00790786743164063 -0.0239772796630859 0.0237560272216797
0.0197849273681641 -0.0108528137207031 -0.035430908203125 0.075897216796875
0.00790882110595703 -0.0161142349243164 -0.041839599609375 0.128166198730469
0.0126705169677734 -0.012578010559082 -0.101913452148437 0.16998291015625
0.00590991973876953 -0.00328350067138672 -0.207992553710937 0.142120361328125
0.00254964828491211 0.00457429885864258 -0.28216552734375 0.055023193359375
-0.00368881225585938 0.00405383110046387 -0.282623291015625 -0.109619140625
-0.0198745727539063 0.00453758239746094 -0.156707763671875 -0.300567626953125
-0.0418815612792969 -0.022216796875 -0.0233154296875 -0.310150146484375
-0.0288848876953125 -0.0559310913085937 0.080078125 -0.27679443359375
0.047821044921875 0.061126708984375 -0.182403564453125 0.0113983154296875
0.0656967163085937 0.022552490234375 -0.0513763427734375 0.21319580078125
0.0710525512695313 -0.059112548828125 0.131683349609375 0.165847778320313
-0.0108184814453125 -0.0781173706054688 0.118087768554688 0.0428543090820312
-0.0524253845214844 -0.0336074829101563 0.0370674133300781 -0.00233078002929688
-0.0471916198730469 0.0202865600585938 -0.0156173706054688 0.0229091644287109
-0.0253658294677734 0.0318737030029297 -0.03289794921875 0.071929931640625
-0.0254802703857422 0.0177364349365234 -0.0388107299804687 0.123634338378906
-0.024200439453125 0.0235404968261719 -0.0962371826171875 0.168121337890625
-0.0403022766113281 0.0197944641113281 -0.204849243164063 0.147567749023437
-0.0462799072265625 -0.00754547119140624 -0.275299072265625 0.06622314453125
-0.0307769775390625 -0.0393753051757813 -0.284027099609375 -0.0959167480468751
0.0178184509277344 -0.0451087951660156 -0.176116943359375 -0.288238525390625
0.0376014709472656 -0.0238685607910156 -0.04150390625 -0.3145751953125
0.0334300994873047 3.24249267578125E-05 0.0740966796875 -0.29248046875
0.0972900390625 0.128913879394531 -0.172515869140625 0.01409912109375
0.146240234375 0.043060302734375 -0.0670318603515625 0.192947387695313
0.135322570800781 -0.0986328125 0.097442626953125 0.177780151367187
-0.00631713867187499 -0.144882202148438 0.114608764648438 0.0806884765625
-0.09759521484375 -0.0739059448242188 0.0710067749023438 0.016510009765625
-0.107994079589844 0.0313262939453125 0.0181865692138672 0.012237548828125
-0.0638694763183594 0.0677261352539062 -0.015350341796875 0.046051025390625
-0.0562744140625 0.0479850769042969 -0.0302658081054687 0.0997390747070313
-0.0586090087890625 0.0572700500488281 -0.0876312255859375 0.150283813476563
-0.0840072631835938 0.04241943359375 -0.195755004882813 0.1397705078125
-0.0932235717773438 -0.0189285278320312 -0.263137817382813 0.0649414062500001
-0.0587615966796875 -0.0811767578125 -0.27569580078125 -0.09063720703125
0.0543899536132813 -0.0936813354492188 -0.17852783203125 -0.276596069335938
0.113479614257813 -0.025360107421875 -0.04193115234375 -0.3118896484375
0.0916748046875 0.0524673461914063 0.080322265625 -0.2862548828125
0.137924194335938 0.173095703125 -0.159576416015625 0.034912109375
0.205276489257813 0.04351806640625 -0.0858917236328125 0.185211181640625
0.16925048828125 -0.1365966796875 0.067169189453125 0.205032348632813
-0.016204833984375 -0.18646240234375 0.127593994140625 0.13055419921875
-0.130905151367187 -0.0928421020507813 0.123275756835937 0.0320968627929687
-0.146896362304688 0.0442657470703125 0.0679435729980469 -0.0115127563476562
-0.0895156860351563 0.09271240234375 0.0114631652832031 0.00482845306396485
-0.0798873901367187 0.0703506469726563 -0.0172042846679688 0.059539794921875
-0.0869293212890625 0.0844268798828125 -0.0764999389648437 0.117088317871094
-0.122505187988281 0.0581893920898437 -0.180801391601563 0.1168212890625
-0.135673522949219 -0.0326461791992188 -0.237991333007812 0.050933837890625
-0.0789794921875 -0.1229248046875 -0.252426147460937 -0.0924987792968751
0.0933456420898438 -0.133293151855469 -0.164306640625 -0.261764526367187
0.177490234375 -0.0189971923828125 -0.027984619140625 -0.299102783203125
0.134071350097656 0.0993576049804688 0.098297119140625 -0.258132934570313
0.161880493164063 0.190017700195313 -0.143356323242188 0.0742950439453125
0.22723388671875 0.02899169921875 -0.096343994140625 0.201553344726563
0.164596557617187 -0.156005859375 0.0607452392578125 0.244613647460938
-0.030487060546875 -0.189773559570312 0.164520263671875 0.172561645507813
-0.142135620117188 -0.0864105224609375 0.183563232421875 0.033355712890625
-0.15557861328125 0.05419921875 0.119026184082031 -0.0488128662109375
-0.0968246459960938 0.10101318359375 0.0386390686035156 -0.0465660095214844
-0.0919189453125 0.0803451538085937 -0.00375556945800782 0.010533332824707
-0.105842590332031 0.0983200073242188 -0.0600204467773438 0.0716400146484375
-0.151290893554688 0.0606842041015625 -0.152069091796875 0.0798797607421875
-0.161590576171875 -0.0527191162109375 -0.198471069335938 0.0277099609375
-0.081756591796875 -0.158050537109375 -0.211990356445313 -0.0930023193359375
0.1312255859375 -0.149826049804688 -0.1368408203125 -0.239776611328125
0.215866088867188 -0.0004119873046875 -0.00660705566406249 -0.276458740234375
0.15167236328125 0.131683349609375 0.121856689453125 -0.213088989257813
0.160888671875 0.180572509765625 -0.121322631835938 0.125556945800781
0.208358764648438 0.016326904296875 -0.0877227783203125 0.23388671875
0.13818359375 -0.142868041992188 0.0826568603515625 0.27490234375
-0.0326385498046875 -0.159927368164063 0.2138671875 0.18927001953125
-0.126991271972656 -0.0666275024414063 0.234451293945313 0.0184783935546875
-0.137443542480469 0.0557479858398437 0.158172607421875 -0.0906524658203125
-0.0893402099609375 0.0932159423828125 0.0607986450195313 -0.0968399047851562
-0.090667724609375 0.0750198364257813 0.0101203918457031 -0.0392723083496094
-0.111961364746094 0.0948562622070312 -0.0382843017578125 0.0214653015136719
-0.158615112304688 0.0475311279296875 -0.110137939453125 0.0369720458984375
-0.158401489257813 -0.072723388671875 -0.143203735351562 0.00845336914062499
-0.05828857421875 -0.172775268554688 -0.163711547851563 -0.08001708984375
0.159805297851563 -0.128875732421875 -0.116363525390625 -0.206649780273438
0.21630859375 0.03143310546875 0.00929260253906254 -0.252365112304688
0.13848876953125 0.145523071289063 0.144119262695313 -0.156051635742188
0.137161254882813 0.149887084960938 -0.09698486328125 0.180252075195313
0.160324096679688 0.0124359130859375 -0.0614471435546875 0.269119262695313
0.103706359863281 -0.105812072753906 0.118804931640625 0.285858154296875
-0.0218276977539063 -0.113128662109375 0.2564697265625 0.180740356445312
-0.0926971435546875 -0.0434417724609375 0.266464233398438 -0.0059356689453125
-0.1033935546875 0.0463790893554687 0.181137084960938 -0.1290283203125
-0.0691604614257812 0.0700836181640625 0.074462890625 -0.139442443847656
-0.0764312744140625 0.058013916015625 0.022674560546875 -0.0832061767578125
-0.0997848510742187 0.072479248046875 -0.0118083953857422 -0.0260906219482422
-0.137435913085938 0.023895263671875 -0.0599517822265625 0.00105667114257813
-0.122795104980469 -0.0800552368164063 -0.0867767333984375 0.00215148925781249
-0.019744873046875 -0.149688720703125 -0.126548767089844 -0.0547256469726563
0.155746459960938 -0.0760040283203125 -0.113311767578125 -0.178009033203125
0.171478271484375 0.0567474365234375 0.014892578125 -0.235366821289062
0.09979248046875 0.132804870605469 0.159347534179688 -0.0978546142578125
0.0929183959960937 0.102615356445313 -0.07574462890625 0.227859497070312
0.0947799682617188 0.0166473388671875 -0.0281982421875 0.29534912109375
0.0693359375 -0.0569534301757812 0.152679443359375 0.280380249023438
-0.00354766845703125 -0.0643539428710938 0.28277587890625 0.160552978515625
-0.0501861572265625 -0.0233154296875 0.280380249023438 -0.0285491943359375
-0.059661865234375 0.0289993286132812 0.188522338867187 -0.156524658203125
-0.0418319702148438 0.0370407104492187 0.0809173583984375 -0.16986083984375
-0.0503883361816406 0.0315780639648438 0.0318756103515625 -0.116195678710938
-0.0683555603027344 0.0392494201660156 0.0115776062011719 -0.0598793029785156
-0.0864791870117188 0.00199127197265626 -0.0141029357910156 -0.0210533142089844
-0.0667991638183594 -0.0614700317382812 -0.0475082397460938 0.00706863403320313
0.00995635986328124 -0.0915603637695313 -0.109962463378906 -0.0291519165039063
0.11029052734375 -0.0186386108398437 -0.12139892578125 -0.167739868164062
0.0973968505859375 0.0584793090820313 0.017578125 -0.2310791015625
0.0481796264648438 0.0901565551757813 0.16546630859375 -0.048187255859375
-0.0012664794921875 -0.0174322128295898 -0.184722900390625 0.02996826171875
-0.0176563262939453 -0.0112895965576172 -0.0337982177734375 0.224151611328125
-0.0086822509765625 -0.0208492279052734 0.149078369140625 0.15167236328125
-0.0216083526611328 0.00233078002929687 0.123283386230469 0.0201416015625
-0.000743865966796874 0.0186176300048828 0.0274410247802734 -0.00935173034667969
0.0265598297119141 0.00671958923339844 -0.0219383239746094 0.0254497528076172
0.0191516876220703 -0.0106124877929687 -0.0325546264648438 0.0753250122070313
0.00686550140380859 -0.0156974792480469 -0.035430908203125 0.125190734863281
0.0111627578735352 -0.0126943588256836 -0.092926025390625 0.1685791015625
0.00582361221313477 -0.00317668914794922 -0.19757080078125 0.145584106445313
0.00339365005493164 0.00563383102416992 -0.27252197265625 0.06280517578125
-0.00399994850158691 0.00387954711914062 -0.276687622070313 -0.09906005859375
-0.0195655822753906 0.00401878356933594 -0.15997314453125 -0.289398193359375
-0.0420417785644531 -0.020111083984375 -0.03106689453125 -0.303253173828125
-0.0289878845214844 -0.0538406372070313 0.0699615478515625 -0.274032592773437
0.0496292114257813 0.0592842102050781 -0.178985595703125 0.0136260986328125
0.0659942626953125 0.0216789245605469 -0.0445404052734375 0.206512451171875
0.0667800903320312 -0.0595703125 0.1304931640625 0.156356811523438
-0.0128631591796875 -0.0759506225585937 0.115768432617188 0.038116455078125
-0.0518836975097656 -0.0309028625488281 0.0357398986816406 -0.00123214721679688
-0.0437736511230469 0.0208320617675781 -0.0143013000488281 0.0240020751953125
-0.0237922668457031 0.0321598052978516 -0.02984619140625 0.0706710815429688
-0.0250530242919922 0.0182037353515625 -0.032196044921875 0.121353149414063
-0.0237998962402344 0.0229473114013672 -0.086822509765625 0.166183471679688
-0.0383453369140625 0.020294189453125 -0.193939208984375 0.151840209960938
-0.0446968078613281 -0.00463485717773438 -0.264892578125 0.0725250244140625
-0.0316810607910156 -0.0373115539550781 -0.278167724609375 -0.085845947265625
0.0157051086425781 -0.045928955078125 -0.179000854492188 -0.275985717773437
0.0352401733398438 -0.0243110656738281 -0.049346923828125 -0.307037353515625
0.0326938629150391 -0.000652313232421875 0.06365966796875 -0.289520263671875
0.100250244140625 0.123344421386719 -0.169631958007813 0.01593017578125
0.145278930664063 0.0399932861328125 -0.0602569580078125 0.187713623046875
0.129829406738281 -0.0996475219726563 0.099151611328125 0.169281005859375
-0.010833740234375 -0.14129638671875 0.113632202148438 0.076019287109375
-0.0970230102539062 -0.069732666015625 0.0690536499023437 0.015411376953125
-0.103309631347656 0.0336380004882813 0.0181102752685547 0.0118541717529297
-0.0605278015136719 0.0679054260253906 -0.013580322265625 0.045379638671875
-0.0542373657226562 0.0492630004882813 -0.0244369506835938 0.0974502563476563
-0.0565261840820312 0.057708740234375 -0.079345703125 0.148391723632813
-0.0797042846679688 0.043365478515625 -0.185943603515625 0.144241333007812
-0.0914688110351563 -0.0147781372070313 -0.252899169921875 0.0717620849609375
-0.0595016479492187 -0.0771255493164063 -0.270004272460938 -0.08062744140625
0.0505447387695312 -0.0941696166992187 -0.181182861328125 -0.264816284179688
0.109474182128906 -0.02777099609375 -0.04937744140625 -0.303497314453125
0.0908126831054688 0.0504913330078125 0.06988525390625 -0.282073974609375
0.141220092773438 0.166824340820313 -0.1561279296875 0.0368499755859375
0.202056884765625 0.03802490234375 -0.0786590576171875 0.181533813476563
0.16082763671875 -0.138442993164063 0.069732666015625 0.197708129882813
-0.0214385986328125 -0.181564331054688 0.128242492675781 0.124237060546875
-0.130287170410156 -0.0863037109375 0.120521545410156 0.029266357421875
-0.139999389648438 0.0464096069335938 0.0649642944335938 -0.0134086608886719
-0.0839385986328125 0.092559814453125 0.0111627578735352 0.00386619567871094
-0.0765533447265625 0.0715103149414063 -0.0144004821777344 0.0576629638671875
-0.0829391479492187 0.0850906372070313 -0.0702056884765625 0.1163330078125
-0.117225646972656 0.0601272583007813 -0.171783447265625 0.122283935546875
-0.13262939453125 -0.0271835327148438 -0.229660034179688 0.0574493408203125
-0.0806961059570313 -0.117477416992188 -0.247543334960937 -0.0831451416015625
0.08770751953125 -0.134254455566406 -0.166000366210938 -0.251174926757813
0.172470092773438 -0.0235595703125 -0.037139892578125 -0.2911376953125
0.133209228515625 0.0949249267578125 0.08758544921875 -0.255813598632813
0.164199829101563 0.181884765625 -0.138931274414063 0.0759048461914063
0.222824096679688 0.0234375 -0.089385986328125 0.19842529296875
0.156005859375 -0.157058715820313 0.064178466796875 0.236831665039063
-0.0347900390625 -0.184539794921875 0.165740966796875 0.165328979492188
-0.140869140625 -0.0792236328125 0.180130004882813 0.0285797119140625
-0.148895263671875 0.056396484375 0.113235473632812 -0.0511627197265625
-0.0906753540039063 0.101791381835937 0.0364990234375 -0.0455055236816406
-0.0885848999023438 0.0812225341796875 -0.00262165069580079 0.0102367401123047
-0.101165771484375 0.099639892578125 -0.055877685546875 0.072509765625
-0.144317626953125 0.064453125 -0.145034790039063 0.0854034423828125
-0.159439086914063 -0.04522705078125 -0.190948486328125 0.03216552734375
-0.084564208984375 -0.151580810546875 -0.207809448242188 -0.084716796875
0.125045776367188 -0.151153564453125 -0.138320922851563 -0.228530883789063
0.210067749023437 -0.0058441162109375 -0.0147552490234375 -0.269546508789063
0.150650024414063 0.126968383789063 0.111526489257813 -0.2103271484375
0.16375732421875 0.172393798828125 -0.115257263183594 0.126174926757813
0.203109741210938 0.0117950439453125 -0.079742431640625 0.231185913085938
0.129318237304688 -0.14300537109375 0.0864105224609375 0.265960693359375
-0.0370025634765625 -0.155746459960937 0.214141845703125 0.179962158203125
-0.125747680664063 -0.0604705810546875 0.228713989257812 0.01226806640625
-0.130455017089844 0.0579147338867187 0.150405883789063 -0.09283447265625
-0.0828094482421875 0.0928802490234375 0.056182861328125 -0.0954513549804688
-0.0873641967773437 0.0773468017578125 0.00895690917968749 -0.0376930236816406
-0.106895446777344 0.0961380004882812 -0.0374565124511719 0.0221595764160156
-0.153640747070313 0.0516357421875 -0.106193542480469 0.0425262451171875
-0.156539916992188 -0.066192626953125 -0.138130187988281 0.0116043090820312
-0.0616607666015625 -0.167083740234375 -0.160018920898438 -0.0741729736328125
0.154296875 -0.131912231445313 -0.11663818359375 -0.196945190429688
0.212188720703125 0.0250701904296875 0.000259399414062505 -0.245346069335938
0.13800048828125 0.141326904296875 0.135055541992187 -0.156082153320313
0.139892578125 0.1429443359375 -0.0906372070312499 0.178329467773438
0.155807495117188 0.009307861328125 -0.0530548095703125 0.264617919921875
0.0974044799804688 -0.105941772460938 0.121749877929687 0.27618408203125
-0.0246734619140625 -0.110588073730469 0.25518798828125 0.1702880859375
-0.0910415649414062 -0.0387191772460937 0.258590698242188 -0.012664794921875
-0.0971603393554688 0.0477066040039063 0.171173095703125 -0.129425048828125
-0.0654678344726563 0.0693893432617188 0.0682754516601563 -0.136276245117188
-0.0731964111328125 0.0600433349609375 0.0192947387695312 -0.0815048217773438
-0.09619140625 0.074859619140625 -0.0129547119140625 -0.0235252380371094
-0.133857727050781 0.02801513671875 -0.0575790405273438 0.00539016723632812
-0.121711730957031 -0.074188232421875 -0.0837936401367188 0.00324249267578124
-0.023590087890625 -0.146697998046875 -0.122451782226563 -0.0491485595703125
0.151901245117188 -0.0804443359375 -0.114212036132813 -0.168533325195312
0.169784545898438 0.05181884765625 0.006683349609375 -0.228927612304688
0.100379943847656 0.130035400390625 0.151336669921875 -0.099761962890625
0.0951690673828125 0.0968551635742187 -0.0683746337890625 0.2257080078125
0.0923995971679688 0.0147705078125 -0.020294189453125 0.2886962890625
0.0652046203613281 -0.0575408935546875 0.1553955078125 0.2698974609375
-0.00543594360351562 -0.0632286071777344 0.280776977539063 0.15057373046875
-0.0485153198242187 -0.0216140747070313 0.27105712890625 -0.03472900390625
-0.0557594299316406 0.0287971496582031 0.17718505859375 -0.156784057617188
-0.0398063659667969 0.0370559692382813 0.0725250244140625 -0.16583251953125
-0.0488929748535156 0.0330657958984375 0.026092529296875 -0.113433837890625
-0.067291259765625 0.0399551391601563 0.00873565673828125 -0.058624267578125
-0.08453369140625 0.0041656494140625 -0.0143756866455078 -0.0190296173095703
-0.0660591125488281 -0.0579757690429687 -0.0442771911621094 0.00716781616210937
0.00781250000000001 -0.0904998779296875 -0.106781005859375 -0.0254287719726562
0.108360290527344 -0.0217514038085938 -0.122329711914062 -0.157958984375
0.0974884033203125 0.0550765991210938 0.00930786132812498 -0.223983764648438
0.0483474731445313 0.0884780883789063 0.158859252929688 -0.0491943359375
-0.000574111938476562 -0.0187931060791016 -0.185302734375 0.02813720703125
-0.0178775787353516 -0.0114021301269531 -0.0319061279296875 0.220794677734375
-0.0100841522216797 -0.0212059020996094 0.148086547851563 0.146713256835938
-0.0215682983398438 0.00368499755859375 0.121749877929688 0.0191421508789063
-0.000371932983398437 0.0181598663330078 0.0263099670410156 -0.00831794738769531
0.0275230407714844 0.00483322143554688 -0.0220088958740234 0.0265712738037109
0.0197505950927734 -0.0108394622802734 -0.031494140625 0.0750961303710938
0.00551223754882813 -0.0145845413208008 -0.0333633422851563 0.123069763183594
0.00975990295410156 -0.0132627487182617 -0.0883026123046875 0.166824340820313
0.00606536865234375 -0.00286245346069336 -0.192657470703125 0.147109985351563
0.00417184829711914 0.00613546371459961 -0.268600463867188 0.064208984375
-0.00429034233093262 0.00432562828063965 -0.273544311523437 -0.0978698730468749
-0.0203723907470703 0.0035400390625 -0.159149169921875 -0.287322998046875
-0.0417900085449219 -0.0194320678710938 -0.031768798828125 -0.30096435546875
-0.0279312133789062 -0.05377197265625 0.0678863525390625 -0.274246215820312
0.0512428283691406 0.0597419738769531 -0.178787231445313 0.0113677978515625
0.0667991638183594 0.0224609375 -0.04339599609375 0.203231811523438
0.0657005310058594 -0.0599365234375 0.129364013671875 0.152877807617188
-0.013916015625 -0.0754776000976562 0.114227294921875 0.0369796752929687
-0.0519561767578125 -0.030364990234375 0.0348701477050781 -0.000354766845703127
-0.0416984558105469 0.020263671875 -0.0146198272705078 0.0248050689697266
-0.0225486755371094 0.0318164825439453 -0.0295028686523438 0.0708084106445312
-0.0256900787353516 0.0189933776855469 -0.0299911499023437 0.11883544921875
-0.0243206024169922 0.0229454040527344 -0.0830535888671875 0.164901733398438
-0.0368423461914063 0.020660400390625 -0.189300537109375 0.153289794921875
-0.0437583923339844 -0.0039215087890625 -0.261978149414062 0.0744628906249999
-0.0319290161132812 -0.0363731384277344 -0.275619506835938 -0.0843505859375
0.0152397155761719 -0.0462265014648437 -0.177291870117188 -0.273590087890625
0.0343837738037109 -0.0240936279296875 -0.050384521484375 -0.305328369140625
0.0325965881347656 -0.000120162963867188 0.0611572265625 -0.2891845703125
0.10150146484375 0.124183654785156 -0.16900634765625 0.0149993896484375
0.145172119140625 0.040863037109375 -0.0594024658203125 0.18487548828125
0.128364562988281 -0.100547790527344 0.09747314453125 0.16619873046875
-0.0122222900390625 -0.140731811523438 0.112190246582031 0.0747909545898437
-0.0971450805664063 -0.06878662109375 0.0682830810546875 0.0162849426269531
-0.101455688476563 0.0327301025390625 0.0180130004882812 0.0118904113769531
-0.0588493347167969 0.0677146911621094 -0.0131950378417969 0.0452499389648438
-0.0544013977050781 0.0498008728027344 -0.0222930908203125 0.0955581665039063
-0.0566635131835938 0.0572586059570313 -0.07659912109375 0.147994995117187
-0.078125 0.0435409545898438 -0.181838989257813 0.146453857421875
-0.0897674560546875 -0.013397216796875 -0.249038696289062 0.0724639892578125
-0.0597305297851563 -0.07684326171875 -0.267318725585938 -0.0796356201171876
0.0496749877929688 -0.0948638916015625 -0.180160522460938 -0.261474609375
0.108497619628906 -0.0287551879882812 -0.05181884765625 -0.301361083984375
0.090484619140625 0.05133056640625 0.0665283203125 -0.28167724609375
0.141754150390625 0.166244506835937 -0.155471801757813 0.036285400390625
0.201858520507813 0.0385589599609375 -0.0784149169921875 0.179641723632813
0.159393310546875 -0.138885498046875 0.068328857421875 0.1953125
-0.0220794677734375 -0.1812744140625 0.127655029296875 0.123458862304687
-0.130165100097656 -0.08526611328125 0.119819641113281 0.0297088623046875
-0.137908935546875 0.0459442138671875 0.0638236999511719 -0.0131645202636719
-0.0811080932617187 0.0920181274414063 0.0103235244750977 0.00394916534423829
-0.0759201049804688 0.0720367431640625 -0.0131607055664063 0.0574302673339844
-0.0828933715820313 0.0850067138671875 -0.067901611328125 0.115859985351562
-0.115180969238281 0.06048583984375 -0.167373657226562 0.1246337890625
-0.131866455078125 -0.0251998901367188 -0.227203369140625 0.0579376220703125
-0.0811767578125 -0.116500854492187 -0.2452392578125 -0.0818634033203125
0.0861053466796875 -0.135116577148438 -0.165420532226563 -0.248443603515625
0.170684814453125 -0.0247802734375 -0.038848876953125 -0.28961181640625
0.132011413574219 0.0956649780273438 0.0848541259765625 -0.2542724609375
0.165313720703125 0.180191040039063 -0.137985229492188 0.0752487182617188
0.220977783203125 0.0238037109375 -0.0884552001953125 0.196441650390625
0.15374755859375 -0.156509399414063 0.062469482421875 0.234466552734375
-0.0361175537109375 -0.184066772460938 0.165298461914063 0.16387939453125
-0.140403747558594 -0.0777053833007812 0.177871704101563 0.0288543701171875
-0.145965576171875 0.0555572509765625 0.11126708984375 -0.05072021484375
-0.0884552001953125 0.100288391113281 0.0356178283691406 -0.0458602905273437
-0.0883255004882813 0.0821609497070313 -0.00246715545654297 0.0101556777954102
-0.100006103515625 0.0996551513671875 -0.0548095703125 0.0725173950195313
-0.14208984375 0.06512451171875 -0.142501831054688 0.08837890625
-0.158111572265625 -0.0432891845703125 -0.189483642578125 0.0333251953125
-0.084930419921875 -0.151016235351563 -0.205245971679688 -0.083984375
0.124282836914063 -0.152374267578125 -0.1378173828125 -0.226913452148438
0.209503173828125 -0.007049560546875 -0.0174713134765625 -0.267578125
0.149917602539063 0.128097534179687 0.108535766601563 -0.21075439453125
0.1641845703125 0.171417236328125 -0.115852355957031 0.125244140625
0.202362060546875 0.011871337890625 -0.0790252685546875 0.228836059570313
0.127944946289063 -0.1429443359375 0.085662841796875 0.264328002929688
-0.0374908447265625 -0.155059814453125 0.214385986328125 0.178619384765625
-0.124252319335938 -0.0595626831054687 0.226211547851563 0.0118560791015625
-0.128028869628906 0.0570449829101563 0.1475830078125 -0.0926971435546875
-0.0809860229492188 0.0922164916992187 0.0537185668945312 -0.0950088500976563
-0.0872039794921875 0.0777435302734375 0.00778961181640624 -0.0375518798828125
-0.106216430664063 0.09625244140625 -0.0367393493652344 0.0231246948242188
-0.151412963867188 0.05267333984375 -0.103157043457031 0.0448455810546875
-0.156234741210938 -0.063934326171875 -0.136802673339844 0.011993408203125
-0.06243896484375 -0.165985107421875 -0.158493041992188 -0.073974609375
0.153427124023438 -0.133377075195313 -0.116409301757812 -0.195343017578125
0.210830688476563 0.023895263671875 -0.00270080566406249 -0.243301391601562
0.13653564453125 0.14202880859375 0.131973266601563 -0.155426025390625
0.14007568359375 0.140655517578125 -0.0908966064453125 0.177902221679687
0.154449462890625 0.0098724365234375 -0.0520782470703125 0.262771606445313
0.0952606201171875 -0.105415344238281 0.120864868164063 0.274246215820312
-0.0253219604492188 -0.10992431640625 0.254104614257813 0.168869018554688
-0.0898818969726563 -0.0381393432617188 0.25537109375 -0.0128173828125
-0.095245361328125 0.0471038818359375 0.166915893554687 -0.129379272460937
-0.0632553100585937 0.0687828063964844 0.064849853515625 -0.135826110839844
-0.0734939575195312 0.0611038208007813 0.0172653198242188 -0.0807113647460938
-0.096038818359375 0.07470703125 -0.013427734375 -0.0230083465576172
-0.132759094238281 0.0283126831054688 -0.0570907592773438 0.00761032104492188
-0.122093200683594 -0.07275390625 -0.0817489624023438 0.00315856933593751
-0.0241546630859375 -0.146347045898438 -0.120285034179688 -0.0499114990234375
0.152267456054688 -0.08154296875 -0.113433837890625 -0.1661376953125
0.170120239257812 0.051361083984375 0.00352478027343752 -0.22637939453125
0.09869384765625 0.130706787109375 0.148818969726563 -0.0981597900390625
0.09625244140625 0.0951309204101562 -0.068267822265625 0.224609375
0.09197998046875 0.0146713256835938 -0.01910400390625 0.2880859375
0.063873291015625 -0.0583267211914062 0.153610229492187 0.266754150390625
-0.005950927734375 -0.0627250671386719 0.2796630859375 0.147552490234375
-0.04791259765625 -0.020538330078125 0.26763916015625 -0.035125732421875
-0.0541152954101562 0.0284423828125 0.17327880859375 -0.155364990234375
-0.0383224487304687 0.0365180969238281 0.0698394775390625 -0.164505004882813
-0.0491981506347656 0.0341110229492188 0.02386474609375 -0.111381530761719
-0.0670928955078125 0.0400238037109375 0.00699615478515625 -0.0580329895019531
-0.0851516723632813 0.00467681884765626 -0.0138530731201172 -0.0184288024902344
-0.0671463012695312 -0.0576515197753906 -0.0431289672851563 0.00623321533203125
0.00682830810546876 -0.0910797119140625 -0.103546142578125 -0.024017333984375
0.109291076660156 -0.0235061645507813 -0.122238159179688 -0.154296875
0.0954971313476562 0.055328369140625 0.0055999755859375 -0.221282958984375
0.0475082397460938 0.0904312133789063 0.157257080078125 -0.0487060546875
0.000373840332031251 -0.0205955505371094 -0.191070556640625 0.026458740234375
-0.0187397003173828 -0.0109329223632813 -0.03350830078125 0.224411010742188
-0.0115070343017578 -0.0221004486083984 0.150726318359375 0.148422241210938
-0.0225677490234375 0.00383377075195312 0.123550415039063 0.018951416015625
-9.91821289062481E-05 0.0187416076660156 0.0269145965576172 -0.00696563720703125
0.0284786224365234 0.00348663330078125 -0.0220413208007812 0.0283546447753906
0.0206069946289063 -0.0119953155517578 -0.032745361328125 0.0765304565429688
0.00513267517089844 -0.0151882171630859 -0.0322952270507813 0.123298645019531
0.00926971435546875 -0.013397216796875 -0.087646484375 0.169509887695312
0.00668907165527344 -0.0028233528137207 -0.194686889648438 0.150360107421875
0.00456857681274414 0.00693511962890625 -0.272994995117188 0.0653228759765625
-0.00566720962524414 0.00401782989501953 -0.277816772460938 -0.1014404296875
-0.0217018127441406 0.00227928161621094 -0.161895751953125 -0.294036865234375
-0.0437736511230469 -0.0201454162597656 -0.032623291015625 -0.308349609375
-0.0273551940917969 -0.0558433532714844 0.06951904296875 -0.281707763671875
0.0533790588378906 0.06048583984375 -0.184127807617188 0.00956726074218748
0.0690422058105469 0.0236778259277344 -0.045166015625 0.206649780273438
0.0671577453613281 -0.0616645812988281 0.130874633789063 0.155197143554688
-0.0152969360351562 -0.07659912109375 0.115875244140625 0.0373306274414062
-0.0528945922851563 -0.0306968688964844 0.0365791320800781 0.0021514892578125
-0.0423469543457031 0.0190811157226563 -0.0144290924072266 0.0261898040771484
-0.0229320526123047 0.0317115783691406 -0.0307464599609375 0.072052001953125
-0.0266532897949219 0.0203838348388672 -0.0292816162109375 0.119758605957031
-0.0263271331787109 0.0239105224609375 -0.0832672119140625 0.16693115234375
-0.0375938415527344 0.0208015441894531 -0.191055297851563 0.15655517578125
-0.0439109802246094 -0.00393295288085938 -0.266128540039063 0.075836181640625
-0.0335769653320313 -0.0375328063964844 -0.279495239257812 -0.0872955322265624
0.0146331787109375 -0.0477027893066406 -0.17999267578125 -0.281341552734375
0.0353813171386719 -0.0254631042480469 -0.05157470703125 -0.31256103515625
0.0338516235351563 -7.05718994140625E-05 0.063201904296875 -0.29541015625
0.10528564453125 0.1282958984375 -0.17352294921875 0.013427734375
0.149368286132813 0.0434722900390625 -0.0605621337890625 0.187393188476563
0.131553649902344 -0.102035522460937 0.0975341796875 0.169113159179688
-0.0126190185546875 -0.14453125 0.113876342773438 0.0767364501953125
-0.0998687744140625 -0.0696792602539063 0.0697250366210938 0.0182228088378906
-0.103172302246094 0.0324554443359375 0.0184288024902344 0.0128002166748047
-0.0584983825683594 0.0688209533691406 -0.0143585205078125 0.0468482971191406
-0.0558547973632812 0.0519676208496094 -0.0230255126953125 0.0954437255859375
-0.05865478515625 0.0582237243652344 -0.075897216796875 0.150375366210937
-0.0795135498046875 0.0436782836914062 -0.181915283203125 0.150131225585938
-0.0916824340820313 -0.01324462890625 -0.254013061523438 0.07427978515625
-0.0614013671875 -0.07830810546875 -0.272476196289063 -0.082855224609375
0.0503616333007812 -0.0981369018554688 -0.183349609375 -0.2691650390625
0.10986328125 -0.0293121337890625 -0.0538330078125 -0.307952880859375
0.0917510986328125 0.0527572631835938 0.068023681640625 -0.28826904296875
0.146163940429687 0.169784545898437 -0.159515380859375 0.035125732421875
0.207931518554688 0.0413970947265625 -0.0809783935546875 0.181411743164063
0.1629638671875 -0.141586303710938 0.06744384765625 0.198577880859375
-0.0232696533203125 -0.186126708984375 0.129348754882813 0.126869201660156
-0.131988525390625 -0.0875625610351562 0.1226806640625 0.0325775146484375
-0.139739990234375 0.045562744140625 0.0649948120117187 -0.0133628845214844
-0.0823440551757813 0.0930709838867188 0.00969409942626952 0.00363731384277344
-0.0787429809570313 0.0748367309570312 -0.0131645202636719 0.0574760437011719
-0.0855789184570313 0.0870590209960938 -0.0675582885742188 0.118621826171875
-0.115982055664063 0.0614852905273437 -0.168167114257813 0.128555297851562
-0.133804321289063 -0.0254058837890625 -0.23138427734375 0.0595245361328125
-0.083770751953125 -0.118919372558594 -0.249740600585938 -0.085052490234375
0.0885009765625 -0.139190673828125 -0.168380737304688 -0.254730224609375
0.17431640625 -0.0249176025390625 -0.040313720703125 -0.29583740234375
0.134819030761719 0.100105285644531 0.0857391357421875 -0.259689331054688
0.169265747070313 0.185302734375 -0.141250610351563 0.0753021240234375
0.22637939453125 0.0256805419921875 -0.091217041015625 0.199325561523438
0.157546997070312 -0.160171508789063 0.062652587890625 0.239990234375
-0.0370025634765625 -0.188735961914063 0.169082641601563 0.16925048828125
-0.142120361328125 -0.0799102783203125 0.181365966796875 0.03106689453125
-0.14776611328125 0.0558013916015625 0.113807678222656 -0.051544189453125
-0.0889358520507813 0.101791381835938 0.0341758728027344 -0.0469818115234375
-0.0903091430664063 0.0847854614257812 -0.00306415557861329 0.0100860595703125
-0.103271484375 0.101699829101562 -0.0553741455078125 0.0742263793945312
-0.1448974609375 0.0666961669921875 -0.143295288085938 0.0920867919921875
-0.160888671875 -0.0436248779296875 -0.193405151367188 0.03338623046875
-0.08685302734375 -0.15509033203125 -0.210281372070313 -0.0870056152343751
0.1270751953125 -0.157302856445313 -0.140716552734375 -0.2318115234375
0.214340209960937 -0.0061798095703125 -0.0194091796875 -0.272430419921875
0.15167236328125 0.13330078125 0.109909057617188 -0.214096069335938
0.168685913085938 0.175216674804688 -0.120208740234375 0.127243041992188
0.2056884765625 0.014129638671875 -0.081207275390625 0.234222412109375
0.130233764648438 -0.145095825195313 0.0850067138671875 0.270706176757812
-0.0391387939453125 -0.158676147460938 0.218551635742187 0.18328857421875
-0.12628173828125 -0.0605621337890625 0.2310791015625 0.014068603515625
-0.129615783691406 0.057159423828125 0.14935302734375 -0.0931396484375
-0.0819625854492187 0.0934982299804688 0.0541610717773437 -0.0958099365234375
-0.0891876220703125 0.081207275390625 0.00753402709960937 -0.0377273559570312
-0.109283447265625 0.0991668701171875 -0.0368461608886719 0.0239410400390625
-0.1552734375 0.053558349609375 -0.103858947753906 0.0491104125976563
-0.160064697265625 -0.0638580322265625 -0.139213562011719 0.0118789672851563
-0.0637359619140625 -0.170974731445313 -0.1607666015625 -0.0771942138671875
0.158248901367188 -0.137863159179688 -0.118499755859375 -0.199188232421875
0.215972900390625 0.025054931640625 -0.00357055664062499 -0.246917724609375
0.13897705078125 0.148544311523438 0.134613037109375 -0.157623291015625
0.143356323242188 0.143753051757813 -0.0945892333984375 0.181732177734375
0.157424926757813 0.011627197265625 -0.0536651611328125 0.268844604492187
0.0961456298828125 -0.107208251953125 0.12030029296875 0.280746459960938
-0.026275634765625 -0.111968994140625 0.2591552734375 0.172256469726562
-0.0912933349609375 -0.0385360717773437 0.259841918945313 -0.0109405517578125
-0.0958709716796875 0.0465774536132813 0.169235229492188 -0.129852294921875
-0.0633697509765625 0.0694122314453125 0.064910888671875 -0.137603759765625
-0.0760498046875 0.064208984375 0.01605224609375 -0.0806350708007813
-0.09930419921875 0.0771865844726563 -0.01422119140625 -0.0220890045166016
-0.135643005371094 0.0291061401367188 -0.0564308166503906 0.00867843627929687
-0.125457763671875 -0.0739517211914063 -0.083953857421875 0.00270843505859374
-0.02435302734375 -0.1505126953125 -0.121994018554687 -0.0514907836914063
0.157135009765625 -0.08563232421875 -0.115768432617187 -0.168045043945313
0.173919677734375 0.0543670654296875 0.00163269042968749 -0.228073120117187
0.100395202636719 0.136520385742188 0.15093994140625 -0.0984649658203125
0.0984954833984375 0.0966949462890625 -0.070709228515625 0.229690551757812
0.0922775268554688 0.0174636840820313 -0.02044677734375 0.2958984375
0.0646209716796875 -0.0582084655761719 0.154708862304688 0.274246215820312
-0.00613784790039063 -0.0649795532226563 0.285125732421875 0.1522216796875
-0.048370361328125 -0.0199775695800781 0.271881103515625 -0.0337982177734375
-0.0544967651367188 0.0285301208496094 0.175994873046875 -0.157638549804688
-0.0381736755371094 0.0360527038574219 0.069854736328125 -0.165695190429688
-0.0521659851074219 0.0351295471191406 0.0233078002929687 -0.112449645996094
-0.0697174072265625 0.0417861938476563 0.00672531127929687 -0.0578231811523437
-0.08697509765625 0.00416564941406248 -0.0125865936279297 -0.0168323516845703
-0.0684089660644531 -0.0597457885742188 -0.0430908203125 0.0062713623046875
0.00738525390625 -0.091827392578125 -0.1036376953125 -0.0257492065429688
0.112777709960938 -0.0257644653320313 -0.1246337890625 -0.1568603515625
0.0986404418945313 0.0581207275390625 0.00468444824218753 -0.223098754882813
0.0471725463867188 0.0951919555664063 0.160140991210938 -0.047149658203125
0.00072288513183594 -0.0230388641357422 -0.20074462890625 0.030303955078125
-0.0192317962646484 -0.0127239227294922 -0.031341552734375 0.234085083007812
-0.0130443572998047 -0.0230178833007813 0.15850830078125 0.151123046875
-0.0240993499755859 0.00624465942382813 0.126945495605469 0.0172042846679688
-1.14440917968758E-05 0.0205249786376953 0.0278949737548828 -0.00650787353515625
0.0299644470214844 0.00155448913574219 -0.0218658447265625 0.0309963226318359
0.0209007263183594 -0.0141735076904297 -0.0333099365234375 0.0810394287109375
0.00499248504638672 -0.0143938064575195 -0.0306320190429688 0.127616882324219
0.00815010070800781 -0.0132579803466797 -0.086456298828125 0.17724609375
0.00684690475463867 -0.00438070297241211 -0.198867797851563 0.161041259765625
0.00496006011962891 0.0070643424987793 -0.28302001953125 0.072601318359375
-0.00650167465209961 0.00490331649780273 -0.291839599609375 -0.10211181640625
-0.0234928131103516 0.00255775451660156 -0.17376708984375 -0.3048095703125
-0.045867919921875 -0.0205421447753906 -0.038909912109375 -0.321533203125
-0.029449462890625 -0.0585365295410156 0.0687255859375 -0.2955322265625
0.0584564208984375 0.0619125366210938 -0.193649291992188 0.0106964111328125
0.0750579833984375 0.0239944458007812 -0.0444488525390625 0.215255737304688
0.0692939758300781 -0.0658378601074219 0.138397216796875 0.158340454101563
-0.0183486938476562 -0.0800552368164063 0.120819091796875 0.0363693237304687
-0.0563468933105469 -0.0308799743652344 0.0371665954589844 0.00275039672851562
-0.04425048828125 0.0192985534667969 -0.0148410797119141 0.0288009643554687
-0.0225772857666016 0.0324478149414063 -0.0301513671875 0.0761947631835938
-0.0280075073242187 0.0225620269775391 -0.0277862548828125 0.123359680175781
-0.0274295806884766 0.0253124237060547 -0.0821533203125 0.175048828125
-0.0382804870605469 0.0219802856445313 -0.194107055664063 0.168121337890625
-0.0457878112792969 -0.00272369384765624 -0.275955200195313 0.0839385986328125
-0.0370712280273437 -0.0387344360351563 -0.29339599609375 -0.08782958984375
0.0136756896972656 -0.0510749816894531 -0.19354248046875 -0.290863037109375
0.0356712341308594 -0.0267906188964844 -0.05963134765625 -0.32647705078125
0.0360336303710938 -0.000629425048828125 0.061370849609375 -0.310882568359375
0.113716125488281 0.131637573242188 -0.182754516601563 0.01434326171875
0.1588134765625 0.0443267822265625 -0.0620880126953125 0.195648193359375
0.13677978515625 -0.11004638671875 0.104202270507813 0.174484252929688
-0.01708984375 -0.152175903320313 0.120010375976563 0.077911376953125
-0.1058349609375 -0.0719375610351563 0.0737533569335938 0.0193939208984375
-0.106826782226563 0.034271240234375 0.0194168090820312 0.0142326354980469
-0.0598678588867187 0.0722427368164063 -0.0145721435546875 0.0496826171875
-0.0577659606933594 0.0560874938964844 -0.022216796875 0.0991134643554688
-0.0610389709472656 0.0625190734863281 -0.074554443359375 0.15692138671875
-0.0808486938476562 0.0471115112304687 -0.18536376953125 0.161880493164063
-0.0949325561523437 -0.0113372802734375 -0.26336669921875 0.0827178955078125
-0.0658111572265625 -0.0806045532226562 -0.284820556640625 -0.082672119140625
0.0498275756835937 -0.104240417480469 -0.1956787109375 -0.278274536132813
0.113739013671875 -0.0323028564453125 -0.062103271484375 -0.322174072265625
0.0970916748046875 0.0547637939453125 0.066009521484375 -0.302398681640625
0.157608032226563 0.17572021484375 -0.166732788085938 0.0378875732421875
0.217926025390625 0.040985107421875 -0.0814208984375 0.190017700195313
0.167999267578125 -0.151382446289063 0.07281494140625 0.207077026367188
-0.0291748046875 -0.194198608398438 0.137077331542969 0.130470275878906
-0.14105224609375 -0.0893096923828125 0.129318237304688 0.0327072143554687
-0.145248413085938 0.04876708984375 0.0662384033203125 -0.0140342712402344
-0.0836181640625 0.0977096557617188 0.00915050506591796 0.00454807281494141
-0.0808792114257813 0.0798110961914062 -0.0126762390136719 0.0592842102050781
-0.088165283203125 0.0936737060546875 -0.0677947998046875 0.124038696289063
-0.120040893554688 0.0660171508789063 -0.171218872070313 0.139572143554688
-0.140190124511719 -0.023651123046875 -0.240219116210937 0.066864013671875
-0.0896987915039063 -0.122673034667969 -0.262969970703125 -0.08612060546875
0.0887451171875 -0.147781372070313 -0.179718017578125 -0.26385498046875
0.1806640625 -0.028472900390625 -0.048248291015625 -0.30816650390625
0.14208984375 0.1031494140625 0.08489990234375 -0.272918701171875
0.181167602539063 0.190460205078125 -0.1483154296875 0.080078125
0.236968994140625 0.024261474609375 -0.092132568359375 0.208847045898438
0.161331176757813 -0.169937133789063 0.06689453125 0.25042724609375
-0.0431365966796875 -0.197097778320312 0.17877197265625 0.173995971679688
-0.150863647460938 -0.081390380859375 0.192001342773438 0.030914306640625
-0.153060913085938 0.06011962890625 0.115921020507812 -0.0554122924804688
-0.0897598266601563 0.105682373046875 0.03375244140625 -0.0486526489257812
-0.0928497314453125 0.0912094116210938 -0.00342559814453126 0.0105667114257813
-0.106651306152344 0.109672546386719 -0.0555343627929687 0.0778884887695313
-0.149566650390625 0.0720977783203125 -0.145217895507813 0.1014404296875
-0.168975830078125 -0.041778564453125 -0.200469970703125 0.03955078125
-0.094085693359375 -0.160354614257813 -0.220596313476562 -0.0893096923828125
0.130615234375 -0.168594360351563 -0.150344848632813 -0.241226196289063
0.223541259765625 -0.0104522705078125 -0.026123046875 -0.284027099609375
0.160659790039063 0.139511108398438 0.111465454101563 -0.225509643554688
0.179611206054688 0.180694580078125 -0.124336242675781 0.134765625
0.216537475585938 0.01300048828125 -0.0824737548828125 0.245391845703125
0.133697509765625 -0.154022216796875 0.0916748046875 0.281646728515625
-0.04449462890625 -0.165145874023438 0.230758666992188 0.188201904296875
-0.13250732421875 -0.0607757568359375 0.242507934570313 0.01129150390625
-0.133872985839844 0.0602035522460937 0.153533935546875 -0.0997161865234375
-0.08319091796875 0.0967636108398438 0.05322265625 -0.0999679565429688
-0.0922012329101563 0.0870361328125 0.00578689575195312 -0.03985595703125
-0.113227844238281 0.105987548828125 -0.0378227233886719 0.0266342163085938
-0.160415649414063 0.0591278076171875 -0.106246948242188 0.0547027587890625
-0.168701171875 -0.064208984375 -0.145034790039063 0.0146331787109375
-0.0704803466796875 -0.17816162109375 -0.169113159179688 -0.0787811279296875
0.162994384765625 -0.148681640625 -0.127716064453125 -0.205917358398438
0.22637939453125 0.0235137939453125 -0.00994873046874998 -0.2562255859375
0.146743774414063 0.156112670898438 0.137176513671875 -0.166351318359375
0.152572631835937 0.148513793945312 -0.09722900390625 0.191329956054688
0.164886474609375 0.0111541748046875 -0.053131103515625 0.2813720703125
0.0992050170898437 -0.1126708984375 0.12908935546875 0.292938232421875
-0.0303955078125 -0.117202758789063 0.274520874023437 0.176773071289063
-0.095062255859375 -0.0380096435546875 0.27197265625 -0.0147857666015625
-0.0981674194335937 0.0486526489257813 0.17401123046875 -0.138916015625
-0.0652999877929688 0.07269287109375 0.0652008056640625 -0.143722534179688
-0.0782394409179688 0.0684738159179687 0.0149307250976562 -0.0842056274414063
-0.102523803710938 0.0838699340820313 -0.0151519775390625 -0.0233078002929688
-0.141433715820313 0.0334930419921875 -0.0571022033691406 0.0124168395996094
-0.13226318359375 -0.0754013061523438 -0.0854263305664063 0.00344848632812499
-0.0285491943359375 -0.157669067382813 -0.127349853515625 -0.0525360107421875
0.163131713867188 -0.0937957763671875 -0.123809814453125 -0.173446655273438
0.182601928710938 0.054443359375 -0.00363159179687501 -0.237014770507813
0.106048583984375 0.144744873046875 0.156463623046875 -0.104141235351562
0.10565185546875 0.0992965698242188 -0.0702667236328125 0.242340087890625
0.096954345703125 0.017822265625 -0.015960693359375 0.30975341796875
0.0659523010253906 -0.0603141784667969 0.165435791015625 0.285003662109375
-0.00923919677734375 -0.0671234130859375 0.30047607421875 0.15399169921875
-0.0501365661621094 -0.020782470703125 0.2841796875 -0.039337158203125
-0.0554237365722656 0.0281791687011719 0.17889404296875 -0.165908813476563
-0.0389976501464844 0.0373039245605469 0.0685577392578125 -0.173477172851563
-0.0528335571289062 0.0390968322753906 0.0209197998046875 -0.116432189941406
-0.0728912353515625 0.045928955078125 0.00625228881835937 -0.0588150024414063
-0.0918350219726563 0.00615692138671877 -0.0127229690551758 -0.0169553756713867
-0.0732498168945313 -0.0606307983398437 -0.0439529418945313 0.00656509399414062
0.00620269775390626 -0.0981369018554688 -0.108367919921875 -0.0246810913085937
0.117897033691406 -0.0290985107421875 -0.134231567382813 -0.160919189453125
0.104270935058594 0.0599822998046875 -0.00100708007812499 -0.23187255859375
0.0503158569335937 0.100898742675781 0.166091918945313 -0.0505218505859375
-9.53674316406254E-05 -0.0261745452880859 -0.209487915039062 0.039794921875
-0.0209159851074219 -0.0124988555908203 -0.022216796875 0.245620727539062
-0.015838623046875 -0.0245609283447266 0.172454833984375 0.150314331054688
-0.0254497528076172 0.00812721252441406 0.131446838378906 0.0106430053710938
0.00148200988769531 0.0221366882324219 0.0283641815185547 -0.00827980041503906
0.0307445526123047 -0.000932693481445313 -0.0209159851074219 0.0351676940917969
0.0215072631835938 -0.0169734954833984 -0.0305938720703125 0.0877227783203125
0.00364303588867187 -0.0142421722412109 -0.0249710083007812 0.133232116699219
0.00792789459228515 -0.0143804550170898 -0.0801239013671875 0.187881469726563
0.00691938400268555 -0.00516271591186523 -0.197509765625 0.1771240234375
0.00650262832641602 0.00723886489868164 -0.29156494140625 0.0900878906250001
-0.00778293609619141 0.00567770004272461 -0.3095703125 -0.093841552734375
-0.0256271362304687 0.0037078857421875 -0.196441650390625 -0.3128662109375
-0.0493125915527344 -0.0196533203125 -0.056427001953125 -0.335723876953125
-0.0328216552734375 -0.0613555908203125 0.058502197265625 -0.3126220703125
0.06597900390625 0.0614662170410156 -0.20465087890625 0.0188446044921875
0.0797882080078125 0.0217056274414063 -0.03729248046875 0.226242065429688
0.0695571899414063 -0.0728607177734375 0.151214599609375 0.159698486328125
-0.023345947265625 -0.082122802734375 0.126747131347656 0.032440185546875
-0.0612258911132813 -0.03076171875 0.0404014587402344 0.00232696533203125
-0.0455360412597656 0.0212936401367187 -0.0143470764160156 0.0317783355712891
-0.0218391418457031 0.0338211059570312 -0.0286331176757813 0.08270263671875
-0.0283145904541016 0.0259151458740234 -0.0228347778320313 0.128707885742188
-0.0288524627685547 0.0290393829345703 -0.0750885009765625 0.184524536132813
-0.0390548706054688 0.0234832763671875 -0.192626953125 0.184463500976563
-0.0474357604980469 -0.000675201416015624 -0.2830810546875 0.100830078125
-0.0411834716796875 -0.0388641357421875 -0.31060791015625 -0.078765869140625
0.0103759765625 -0.0546531677246094 -0.2164306640625 -0.29559326171875
0.0349102020263672 -0.0294322967529297 -0.0790405273437499 -0.339019775390625
0.0381965637207031 -0.00181961059570313 0.04986572265625 -0.328521728515625
0.126213073730469 0.13275146484375 -0.19183349609375 0.0226898193359375
0.169708251953125 0.0391845703125 -0.0560302734375 0.206497192382813
0.138381958007813 -0.121726989746094 0.115158081054688 0.177841186523438
-0.02593994140625 -0.1583251953125 0.128578186035156 0.0764617919921875
-0.114921569824219 -0.07086181640625 0.0790939331054687 0.0182952880859375
-0.111068725585938 0.03973388671875 0.0199661254882812 0.0149078369140625
-0.0590896606445313 0.076080322265625 -0.0134925842285156 0.05322265625
-0.0578765869140625 0.0613479614257813 -0.0177383422851563 0.103462219238281
-0.060882568359375 0.0700607299804688 -0.07025146484375 0.165679931640625
-0.082427978515625 0.0524368286132813 -0.183441162109375 0.17767333984375
-0.100326538085937 -0.006622314453125 -0.270492553710937 0.0992431640625
-0.0737152099609375 -0.0806655883789063 -0.3033447265625 -0.074859619140625
0.0466232299804688 -0.112007141113281 -0.218536376953125 -0.282501220703125
0.116462707519531 -0.0385971069335937 -0.081512451171875 -0.3338623046875
0.104042053222656 0.0539779663085938 0.05584716796875 -0.320037841796875
0.172454833984375 0.176361083984375 -0.17449951171875 0.0465545654296875
0.231842041015625 0.0332489013671875 -0.0768585205078125 0.201812744140625
0.170028686523437 -0.166275024414062 0.08416748046875 0.212921142578125
-0.0403594970703125 -0.20208740234375 0.149002075195312 0.131072998046875
-0.152130126953125 -0.0867156982421875 0.137535095214844 0.0294036865234375
-0.1500244140625 0.057220458984375 0.0690498352050781 -0.0177268981933594
-0.0832901000976562 0.104141235351563 0.00881004333496093 0.00604629516601563
-0.0809097290039063 0.0877304077148437 -0.0111083984375 0.0617027282714844
-0.0882415771484375 0.102577209472656 -0.0639190673828125 0.132194519042969
-0.122489929199219 0.07440185546875 -0.169403076171875 0.154266357421875
-0.147705078125 -0.0172882080078125 -0.246292114257813 0.0817108154296875
-0.100578308105469 -0.124176025390625 -0.279876708984375 -0.0784912109375
0.0859375 -0.160507202148438 -0.2005615234375 -0.267593383789062
0.18701171875 -0.0382080078125 -0.06549072265625 -0.319122314453125
0.152938842773438 0.103622436523438 0.0767822265625 -0.290130615234375
0.19873046875 0.191665649414063 -0.152938842773438 0.09002685546875
0.251113891601563 0.015838623046875 -0.0886077880859375 0.22198486328125
0.162353515625 -0.184738159179687 0.079742431640625 0.259506225585938
-0.0557861328125 -0.203262329101563 0.195724487304688 0.174041748046875
-0.161849975585938 -0.078857421875 0.202957153320313 0.0246429443359375
-0.157089233398438 0.068878173828125 0.11846923828125 -0.0628662109375
-0.08990478515625 0.112747192382813 0.032012939453125 -0.0517425537109375
-0.092987060546875 0.0999374389648438 -0.00419807434082032 0.010859489440918
-0.106666564941406 0.120536804199219 -0.0540237426757813 0.0848159790039063
-0.152603149414063 0.0824737548828125 -0.144332885742188 0.114181518554688
-0.179397583007813 -0.0357818603515625 -0.206512451171875 0.0503692626953125
-0.106918334960938 -0.163467407226563 -0.23516845703125 -0.0835418701171875
0.127853393554688 -0.184173583984375 -0.168350219726563 -0.24462890625
0.232391357421875 -0.02081298828125 -0.041015625 -0.294891357421875
0.173248291015625 0.141204833984375 0.105850219726563 -0.241012573242187
0.196395874023438 0.179519653320313 -0.125473022460938 0.146575927734375
0.226806640625 0.0045623779296875 -0.0760650634765625 0.260452270507813
0.133071899414063 -0.166732788085938 0.1080322265625 0.292144775390625
-0.054931640625 -0.170074462890625 0.25103759765625 0.186248779296875
-0.14117431640625 -0.05731201171875 0.25439453125 0.001739501953125
-0.136955261230469 0.067657470703125 0.154739379882812 -0.110992431640625
-0.0829315185546875 0.103012084960938 0.0501556396484375 -0.106651306152344
-0.0921249389648438 0.0962677001953125 0.00378036499023437 -0.0405921936035156
-0.114044189453125 0.117630004882812 -0.0371818542480469 0.0297317504882813
-0.164840698242187 0.069732666015625 -0.105812072753906 0.063385009765625
-0.179306030273437 -0.0590972900390625 -0.150009155273437 0.02142333984375
-0.082794189453125 -0.183700561523438 -0.180892944335938 -0.075897216796875
0.163681030273438 -0.165496826171875 -0.142684936523438 -0.208480834960938
0.237747192382812 0.014923095703125 -0.0233612060546875 -0.266265869140625
0.16009521484375 0.159683227539063 0.13604736328125 -0.178878784179688
0.167144775390625 0.146652221679688 -0.0948333740234375 0.205245971679688
0.17303466796875 0.0055389404296875 -0.04302978515625 0.29705810546875
0.0978927612304688 -0.121124267578125 0.147979736328125 0.30047607421875
-0.0382156372070313 -0.120750427246094 0.295928955078125 0.17205810546875
-0.100509643554687 -0.0362319946289063 0.284423828125 -0.02752685546875
-0.0995330810546875 0.0543441772460938 0.173599243164063 -0.151885986328125
-0.0647125244140625 0.0762481689453125 0.059722900390625 -0.15167236328125
-0.0795669555664063 0.07611083984375 0.0105133056640625 -0.0868682861328125
-0.104995727539062 0.0934829711914063 -0.0166282653808594 -0.0223178863525391
-0.147613525390625 0.041046142578125 -0.0577545166015625 0.0162010192871094
-0.1422119140625 -0.0715789794921875 -0.0887908935546875 0.00756072998046876
-0.0375823974609375 -0.164657592773438 -0.135101318359375 -0.0498275756835938
0.16656494140625 -0.107620239257813 -0.13763427734375 -0.174026489257812
0.193679809570312 0.0501861572265625 -0.0172576904296875 -0.245681762695313
0.117172241210938 0.150650024414063 0.158615112304687 -0.115081787109375
0.116233825683594 0.0978622436523438 -0.06536865234375 0.258651733398438
0.103340148925781 0.0164566040039063 -0.00350952148437498 0.32470703125
0.0663070678710938 -0.066619873046875 0.18524169921875 0.291534423828125
-0.0131416320800781 -0.0686302185058594 0.321319580078125 0.1474609375
-0.0526809692382812 -0.0198783874511719 0.294952392578125 -0.053009033203125
-0.0560951232910156 0.03076171875 0.17877197265625 -0.180328369140625
-0.040191650390625 0.0390205383300781 0.062469482421875 -0.18267822265625
-0.0549697875976562 0.0441856384277344 0.014617919921875 -0.121192932128906
-0.0753021240234375 0.0520477294921875 0.00386428833007812 -0.0622100830078125
-0.0962753295898438 0.0108108520507813 -0.0128335952758789 -0.0173254013061523
-0.077972412109375 -0.0595474243164062 -0.0446586608886719 0.00788116455078124
0.0013275146484375 -0.103675842285156 -0.113967895507813 -0.0213851928710937
0.122337341308594 -0.03753662109375 -0.148178100585938 -0.160202026367188
0.110733032226562 0.0597915649414062 -0.0137786865234375 -0.240081787109375
0.0561447143554688 0.107101440429688 0.172225952148437 -0.0587005615234375
-0.00164604187011719 -0.0303573608398437 -0.213714599609375 0.0529022216796875
-0.0222320556640625 -0.0116119384765625 -0.00541687011718749 0.25335693359375
-0.0188350677490234 -0.0247592926025391 0.186614990234375 0.142181396484375
-0.0263099670410156 0.0113601684570313 0.134239196777344 0.0038299560546875
0.00219917297363281 0.0218505859375 0.0287208557128906 -0.00951194763183594
0.0318355560302734 -0.00335121154785156 -0.0185585021972656 0.0391387939453125
0.0197925567626953 -0.0204601287841797 -0.0253448486328125 0.0931549072265625
0.00397491455078125 -0.0144805908203125 -0.0166778564453125 0.136505126953125
0.00654125213623047 -0.0145597457885742 -0.0685272216796875 0.197479248046875
0.00563478469848633 -0.00601816177368164 -0.187026977539063 0.192840576171875
0.00693082809448242 0.00755882263183594 -0.29156494140625 0.110931396484375
-0.00853538513183594 0.00569486618041992 -0.323638916015625 -0.0775146484374999
-0.0275001525878906 0.00632858276367187 -0.220550537109375 -0.308929443359375
-0.0520401000976563 -0.0155830383300781 -0.07891845703125 -0.34112548828125
-0.0375099182128906 -0.0615425109863281 0.040252685546875 -0.324310302734375
0.0722274780273438 0.0576171875 -0.210098266601563 0.0302734375
0.0828781127929688 0.017852783203125 -0.02374267578125 0.233871459960937
0.0677337646484375 -0.08038330078125 0.163848876953125 0.154159545898438
-0.030059814453125 -0.0813827514648438 0.131118774414063 0.025146484375
-0.0647735595703125 -0.0264244079589844 0.0440139770507812 0.000389099121093748
-0.0457077026367188 0.0240859985351562 -0.0131111145019531 0.0339183807373047
-0.0206336975097656 0.0351200103759766 -0.0241851806640625 0.0870895385742187
-0.0276546478271484 0.0274848937988281 -0.0149917602539063 0.131362915039063
-0.0284481048583984 0.0331745147705078 -0.0642547607421875 0.192230224609375
-0.0385971069335938 0.0270309448242188 -0.181289672851563 0.200271606445312
-0.0476570129394531 0.0025634765625 -0.282470703125 0.12139892578125
-0.0450515747070313 -0.0362205505371094 -0.324188232421875 -0.0620422363281249
0.00653457641601562 -0.0563468933105469 -0.240325927734375 -0.289794921875
0.0331764221191406 -0.0326519012451172 -0.101531982421875 -0.34246826171875
0.0392189025878906 -0.00580978393554687 0.030792236328125 -0.33984375
0.138626098632813 0.126091003417969 -0.19781494140625 0.0339508056640625
0.177978515625 0.0294036865234375 -0.045013427734375 0.214675903320312
0.135154724121094 -0.134811401367188 0.128280639648438 0.175445556640625
-0.037322998046875 -0.158538818359375 0.135116577148438 0.069122314453125
-0.123321533203125 -0.065155029296875 0.0824203491210937 0.0133819580078125
-0.1126708984375 0.0460281372070313 0.0221309661865234 0.0144062042236328
-0.0570220947265625 0.0805892944335938 -0.00994110107421875 0.0565605163574219
-0.0563888549804687 0.0672798156738281 -0.0129241943359375 0.106651306152344
-0.058319091796875 0.0758285522460937 -0.0596466064453125 0.1719970703125
-0.0812530517578125 0.0587692260742187 -0.173141479492188 0.19427490234375
-0.103660583496094 -0.000473022460937518 -0.268585205078125 0.118637084960937
-0.0814743041992188 -0.0774459838867188 -0.3160400390625 -0.0567016601562499
0.03961181640625 -0.117774963378906 -0.242294311523438 -0.275787353515625
0.115577697753906 -0.04736328125 -0.1046142578125 -0.3367919921875
0.110206604003906 0.050506591796875 0.037200927734375 -0.330963134765625
0.189590454101563 0.167724609375 -0.177398681640625 0.0579376220703125
0.239471435546875 0.0202789306640625 -0.065643310546875 0.211013793945313
0.165176391601563 -0.18218994140625 0.098602294921875 0.21307373046875
-0.0560760498046875 -0.205474853515625 0.160476684570313 0.125259399414063
-0.1630859375 -0.0792999267578125 0.1441650390625 0.0220489501953125
-0.151718139648438 0.066650390625 0.0684394836425781 -0.02252197265625
-0.0793609619140625 0.109878540039063 0.00916957855224609 0.00645732879638673
-0.0778045654296875 0.0961151123046875 -0.00746536254882812 0.0635566711425781
-0.0853118896484375 0.111778259277344 -0.0562667846679688 0.138557434082031
-0.120964050292969 0.083282470703125 -0.16119384765625 0.170257568359375
-0.151870727539063 -0.00776672363281253 -0.246551513671875 0.0984344482421876
-0.111869812011719 -0.120986938476563 -0.292388916015625 -0.0634765625
0.076904296875 -0.169464111328125 -0.2220458984375 -0.26080322265625
0.188858032226563 -0.0507659912109375 -0.08831787109375 -0.32391357421875
0.163742065429688 0.0991363525390625 0.060272216796875 -0.302001953125
0.215362548828125 0.18212890625 -0.152252197265625 0.101547241210938
0.25921630859375 0.000640869140625 -0.0756072998046875 0.231948852539063
0.155319213867188 -0.198196411132813 0.0961151123046875 0.260711669921875
-0.0713958740234375 -0.205093383789063 0.212600708007813 0.167144775390625
-0.170455932617188 -0.0706024169921875 0.210525512695313 0.012237548828125
-0.157928466796875 0.078887939453125 0.11639404296875 -0.0705490112304688
-0.0863113403320313 0.119552612304687 0.0292129516601563 -0.0541915893554687
-0.0890960693359375 0.109107971191406 -0.00530719757080079 0.0114736557006836
-0.101692199707031 0.130889892578125 -0.0501251220703125 0.0886611938476563
-0.151779174804688 0.094482421875 -0.137748718261719 0.126930236816406
-0.186111450195313 -0.0251922607421875 -0.207962036132813 0.063873291015625
-0.121978759765625 -0.162567138671875 -0.248748779296875 -0.071533203125
0.118392944335937 -0.197052001953125 -0.188079833984375 -0.239044189453125
0.23681640625 -0.0344696044921875 -0.0615234375 -0.296630859375
0.1866455078125 0.137130737304688 0.094207763671875 -0.25286865234375
0.21240234375 0.171279907226563 -0.1217041015625 0.157562255859375
0.234176635742188 -0.009674072265625 -0.062713623046875 0.272186279296875
0.126846313476563 -0.178665161132812 0.12744140625 0.2940673828125
-0.068206787109375 -0.169525146484375 0.270111083984375 0.175399780273438
-0.14862060546875 -0.05126953125 0.2620849609375 -0.0137786865234375
-0.135719299316406 0.076751708984375 0.149765014648438 -0.121749877929688
-0.0800704956054688 0.109756469726562 0.0432205200195312 -0.110084533691406
-0.088897705078125 0.105705261230469 0.00104904174804687 -0.0409736633300781
-0.110389709472656 0.129585266113281 -0.0359001159667969 0.0348167419433594
-0.16510009765625 0.0815887451171875 -0.102287292480469 0.07177734375
-0.187911987304688 -0.048370361328125 -0.151260375976563 0.032257080078125
-0.0971374511718749 -0.183395385742187 -0.190887451171875 -0.0670013427734375
0.158035278320313 -0.181182861328125 -0.158645629882813 -0.204879760742188
0.244827270507813 0.00146484375 -0.041900634765625 -0.26873779296875
0.173019409179688 0.158660888671875 0.127655029296875 -0.190628051757813
0.181228637695313 0.138702392578125 -0.086395263671875 0.216842651367188
0.177520751953125 -0.0032806396484375 -0.026275634765625 0.30718994140625
0.0939254760742188 -0.13067626953125 0.170135498046875 0.299896240234375
-0.048858642578125 -0.120109558105469 0.31390380859375 0.158721923828125
-0.106864929199219 -0.031768798828125 0.288665771484375 -0.045867919921875
-0.100227355957031 0.0597915649414063 0.166763305664063 -0.165496826171875
-0.0620803833007813 0.0816726684570313 0.0507354736328125 -0.157440185546875
-0.0761642456054688 0.083648681640625 0.00441741943359375 -0.0886306762695313
-0.102264404296875 0.104042053222656 -0.0179615020751953 -0.0217247009277344
-0.149307250976562 0.0524139404296875 -0.056243896484375 0.0206260681152344
-0.151580810546875 -0.0640106201171875 -0.0886383056640625 0.011505126953125
-0.049560546875 -0.166915893554688 -0.141403198242188 -0.0430450439453125
0.164031982421875 -0.123687744140625 -0.152603149414063 -0.167510986328125
0.202316284179688 0.041290283203125 -0.0328216552734375 -0.248977661132813
0.1298828125 0.150436401367188 0.15478515625 -0.1275634765625
0.126022338867188 0.0923004150390625 -0.0535888671875 0.269760131835938
0.108757019042969 0.0095062255859375 0.016571044921875 0.33612060546875
0.0655441284179688 -0.0708389282226563 0.207611083984375 0.2882080078125
-0.0176162719726563 -0.0721817016601563 0.33770751953125 0.131317138671875
-0.0543327331542969 -0.0180740356445312 0.299835205078125 -0.072052001953125
-0.0563201904296875 0.0349464416503906 0.170211791992188 -0.196365356445313
-0.0392227172851562 0.0411567687988281 0.051300048828125 -0.189437866210937
-0.0536003112792969 0.0471229553222656 0.00697326660156249 -0.123390197753906
-0.0754318237304688 0.0599212646484375 -0.00119018554687501 -0.0620956420898437
-0.0996856689453125 0.0180282592773437 -0.0131673812866211 -0.0167808532714844
-0.084747314453125 -0.0559921264648438 -0.0437812805175781 0.00981521606445312
-0.00645446777343751 -0.105850219726563 -0.117706298828125 -0.015106201171875
0.124168395996094 -0.0479660034179688 -0.1640625 -0.152740478515625
0.117141723632813 0.0561676025390625 -0.031524658203125 -0.241348266601563
0.0653152465820313 0.108650207519531 0.17413330078125 -0.069580078125
-0.00505828857421875 -0.0317440032958984 -0.21209716796875 0.066162109375
-0.0243186950683594 -0.0136775970458984 0.00869750976562497 0.254150390625
-0.0214653015136719 -0.0255088806152344 0.193069458007812 0.131561279296875
-0.0259075164794922 0.0147190093994141 0.134086608886719 -0.00255584716796875
0.00349998474121094 0.0241298675537109 0.0262413024902344 -0.0111122131347656
0.0291156768798828 -0.00549507141113281 -0.0147819519042969 0.0396728515625
0.0156936645507813 -0.02166748046875 -0.0193252563476563 0.0965347290039063
0.00177192687988281 -0.0143661499023438 -0.00859832763671875 0.134986877441406
0.00606536865234375 -0.0128412246704102 -0.056640625 0.197921752929688
0.00563812255859375 -0.00399160385131836 -0.174835205078125 0.203872680664062
0.00949478149414063 0.007415771484375 -0.285125732421875 0.12744140625
-0.00913238525390625 0.00529956817626953 -0.32843017578125 -0.0600891113281251
-0.0271759033203125 0.00820541381835938 -0.2371826171875 -0.293914794921875
-0.0531692504882813 -0.0132942199707031 -0.096160888671875 -0.338043212890625
-0.0389823913574219 -0.0621147155761719 0.02398681640625 -0.33038330078125
0.0772552490234375 0.0525741577148438 -0.2086181640625 0.043487548828125
0.0864715576171875 0.0130538940429688 -0.00967407226562499 0.235794067382813
0.0634689331054688 -0.0850677490234375 0.1724853515625 0.142440795898438
-0.0352325439453125 -0.0789642333984375 0.13140869140625 0.0184326171875
-0.0661544799804687 -0.0247764587402344 0.0427207946777344 -0.00237274169921875
-0.0459442138671875 0.025238037109375 -0.00911712646484376 0.0355415344238281
-0.0196075439453125 0.0367507934570313 -0.017120361328125 0.0881271362304688
-0.0242195129394531 0.0300483703613281 -0.00630950927734375 0.131431579589844
-0.0240745544433594 0.0340442657470703 -0.0518951416015625 0.194305419921875
-0.03704833984375 0.0285453796386719 -0.167083740234375 0.210800170898438
-0.0507431030273438 0.00613403320312501 -0.273361206054688 0.138381958007813
-0.0490570068359375 -0.0312767028808594 -0.3287353515625 -0.0423278808593751
0.000492095947265625 -0.0561332702636719 -0.256591796875 -0.275924682617188
0.0307426452636719 -0.0351486206054688 -0.121856689453125 -0.3370361328125
0.0400543212890625 -0.00917434692382813 0.01220703125 -0.3438720703125
0.1446533203125 0.114456176757813 -0.196182250976562 0.0449981689453125
0.1807861328125 0.0179901123046875 -0.0314483642578125 0.217315673828125
0.128219604492188 -0.14434814453125 0.138336181640625 0.168975830078125
-0.0476226806640625 -0.159576416015625 0.139381408691406 0.0623703002929687
-0.127799987792969 -0.0548858642578125 0.0871047973632812 0.0105361938476562
-0.111503601074219 0.0533370971679688 0.0239410400390625 0.0137062072753906
-0.0560989379882813 0.084381103515625 -0.00899505615234376 0.0588417053222656
-0.0537452697753906 0.0699691772460938 -0.00389862060546875 0.103797912597656
-0.0523300170898438 0.0816192626953125 -0.048004150390625 0.175369262695312
-0.0793075561523438 0.0647659301757812 -0.159805297851563 0.20343017578125
-0.104698181152344 0.00629425048828125 -0.262466430664063 0.132369995117187
-0.088165283203125 -0.0725936889648438 -0.32147216796875 -0.0389404296875
0.0312576293945312 -0.120681762695313 -0.26007080078125 -0.262344360351563
0.111701965332031 -0.0513992309570312 -0.1253662109375 -0.330413818359375
0.111656188964844 0.0452804565429687 0.020477294921875 -0.334808349609375
0.197586059570313 0.156448364257813 -0.174652099609375 0.0666046142578126
0.243026733398438 0.0056915283203125 -0.0531005859375 0.212722778320313
0.156585693359375 -0.190628051757812 0.111007690429688 0.208831787109375
-0.0680999755859375 -0.202041625976563 0.167205810546875 0.116348266601562
-0.167617797851563 -0.07061767578125 0.147048950195313 0.0134735107421875
-0.149078369140625 0.0746307373046875 0.0684738159179687 -0.0246620178222656
-0.0760498046875 0.114715576171875 0.00855112075805664 0.00649595260620118
-0.0717697143554688 0.101097106933594 -0.00455474853515625 0.0630874633789063
-0.0777359008789063 0.119338989257812 -0.0497894287109375 0.139701843261719
-0.117652893066406 0.0912933349609375 -0.149032592773437 0.177719116210938
-0.151931762695313 0.000701904296875033 -0.240936279296875 0.113800048828125
-0.1197509765625 -0.112998962402344 -0.298736572265625 -0.046905517578125
0.0657501220703125 -0.174896240234375 -0.239059448242188 -0.248977661132813
0.187423706054688 -0.0606842041015625 -0.10614013671875 -0.316497802734375
0.16815185546875 0.0926361083984375 0.044830322265625 -0.30657958984375
0.22509765625 0.168899536132813 -0.145416259765625 0.107528686523438
0.257797241210937 -0.0150299072265625 -0.0634307861328125 0.238510131835938
0.146697998046875 -0.21063232421875 0.111831665039063 0.254547119140625
-0.084625244140625 -0.198638916015625 0.220001220703125 0.154632568359375
-0.173812866210937 -0.0614471435546875 0.215866088867188 -0.001922607421875
-0.15386962890625 0.090972900390625 0.1107177734375 -0.0808792114257813
-0.0805816650390625 0.123863220214844 0.0263404846191406 -0.0544013977050781
-0.0823898315429688 0.116165161132812 -0.0035696029663086 0.0123214721679688
-0.0970306396484375 0.140480041503906 -0.043975830078125 0.0918502807617188
-0.146469116210937 0.103515625 -0.129035949707031 0.134284973144531
-0.189590454101563 -0.0143585205078125 -0.20111083984375 0.07830810546875
-0.13311767578125 -0.156387329101563 -0.253173828125 -0.0565948486328125
0.107208251953125 -0.2037353515625 -0.200592041015625 -0.227569580078125
0.23828125 -0.046875 -0.080108642578125 -0.292144775390625
0.193389892578125 0.127822875976563 0.0804901123046875 -0.26092529296875
0.220901489257813 0.157806396484375 -0.113983154296875 0.167129516601562
0.233078002929688 -0.0214691162109375 -0.047821044921875 0.276412963867188
0.119827270507813 -0.187591552734375 0.140716552734375 0.28778076171875
-0.078399658203125 -0.165771484375 0.27801513671875 0.162689208984375
-0.149688720703125 -0.04150390625 0.2630615234375 -0.0298309326171875
-0.133628845214844 0.0837860107421875 0.141937255859375 -0.129074096679688
-0.0743637084960938 0.111183166503906 0.0334548950195312 -0.111106872558594
-0.0850906372070313 0.110786437988281 -0.00390625 -0.0411300659179688
-0.10015869140625 0.136703491210938 -0.0353736877441406 0.0381546020507813
-0.159469604492188 0.0937652587890625 -0.0957260131835938 0.0772781372070312
-0.191513061523438 -0.0400848388671875 -0.146530151367187 0.039093017578125
-0.110946655273438 -0.17578125 -0.193740844726563 -0.0556793212890625
0.145965576171875 -0.189865112304688 -0.169113159179688 -0.195480346679688
0.244552612304688 -0.01068115234375 -0.05792236328125 -0.266204833984375
0.181716918945313 0.15228271484375 0.115798950195313 -0.19744873046875
0.18731689453125 0.124313354492188 -0.077972412109375 0.222122192382812
0.180465698242187 -0.0171356201171875 -0.010711669921875 0.31072998046875
0.0868453979492188 -0.13433837890625 0.1884765625 0.29132080078125
-0.0550308227539062 -0.116943359375 0.325042724609375 0.141998291015625
-0.106590270996094 -0.0238876342773437 0.290618896484375 -0.061492919921875
-0.09674072265625 0.0637664794921875 0.155059814453125 -0.173751831054688
-0.059661865234375 0.08160400390625 0.0393218994140625 -0.157012939453125
-0.0722427368164062 0.0861663818359375 -0.000556945800781247 -0.0855178833007813
-0.0936813354492188 0.10986328125 -0.0223884582519531 -0.0204715728759766
-0.146926879882813 0.0610198974609375 -0.0530128479003906 0.0261688232421875
-0.15447998046875 -0.0548858642578125 -0.08831787109375 0.0151596069335937
-0.059844970703125 -0.166900634765625 -0.141006469726563 -0.0368194580078125
0.159469604492188 -0.132064819335938 -0.160064697265625 -0.154922485351563
0.20703125 0.028045654296875 -0.0480499267578125 -0.24627685546875
0.140472412109375 0.147689819335938 0.147491455078125 -0.135345458984375
0.128128051757813 0.0825424194335938 -0.041717529296875 0.273544311523437
0.108940124511719 0.0044708251953125 0.036956787109375 0.333953857421875
0.0604476928710938 -0.0712051391601563 0.222946166992188 0.279266357421875
-0.0269088745117188 -0.0662689208984375 0.3463134765625 0.1124267578125
-0.05426025390625 -0.0144462585449219 0.293060302734375 -0.08770751953125
-0.0554084777832031 0.0405158996582031 0.156173706054688 -0.2044677734375
-0.0371475219726562 0.0411567687988281 0.0370330810546875 -0.189132690429688
-0.0484161376953125 0.0524635314941406 -0.00131988525390626 -0.121124267578125
-0.073516845703125 0.0662078857421875 -0.00684356689453125 -0.0621795654296875
-0.100303649902344 0.0199127197265625 -0.00967025756835938 -0.0186386108398438
-0.086517333984375 -0.0497207641601563 -0.0386505126953125 0.0129127502441406
-0.0108108520507813 -0.108062744140625 -0.114028930664063 -0.00918579101562502
0.123519897460937 -0.0538711547851562 -0.172195434570313 -0.141128540039063
0.123893737792969 0.0514450073242187 -0.0445709228515625 -0.239013671875
0.0710678100585938 0.109794616699219 0.170700073242188 -0.0783538818359375
-0.0070343017578125 -0.0335292816162109 -0.21002197265625 0.072509765625
-0.0236053466796875 -0.0119647979736328 0.0202178955078125 0.250289916992188
-0.0254383087158203 -0.0250568389892578 0.19818115234375 0.121551513671875
-0.0260734558105469 0.0168266296386719 0.131645202636719 -0.00963592529296875
0.00705718994140625 0.0242576599121094 0.0264472961425781 -0.0107860565185547
0.0279483795166016 -0.00882720947265625 -0.0109062194824219 0.0432815551757813
0.0146579742431641 -0.0234127044677734 -0.011993408203125 0.0955581665039062
0.00349712371826172 -0.0146245956420898 -0.00214385986328124 0.133819580078125
0.00626659393310547 -0.0132284164428711 -0.0480804443359375 0.1976318359375
0.00461483001708984 -0.00657939910888672 -0.165771484375 0.208358764648438
0.00867366790771485 0.00628423690795899 -0.276626586914063 0.13818359375
-0.00917720794677734 0.00776386260986328 -0.328643798828125 -0.0476379394531249
-0.0275058746337891 0.00778198242187501 -0.249542236328125 -0.2880859375
-0.0523796081542969 -0.00980377197265626 -0.10882568359375 -0.3330078125
-0.0408706665039063 -0.0599441528320313 0.01202392578125 -0.329559326171875
0.0767288208007813 0.04742431640625 -0.20880126953125 0.0501251220703125
0.08734130859375 0.00667572021484375 -0.00248718261718751 0.234817504882813
0.0589675903320313 -0.0899429321289063 0.177154541015625 0.138519287109375
-0.0391464233398437 -0.0761184692382813 0.130996704101563 0.0123291015625
-0.0685348510742188 -0.02130126953125 0.0433311462402344 -0.00317764282226563
-0.0458755493164062 0.0275459289550781 -0.00692367553710938 0.0369758605957031
-0.0200767517089844 0.0358390808105469 -0.0131454467773438 0.0895309448242188
-0.024017333984375 0.0323677062988281 -0.000938415527343763 0.129829406738281
-0.0239524841308594 0.0365066528320313 -0.043548583984375 0.192535400390625
-0.0363807678222656 0.0300788879394531 -0.158050537109375 0.214492797851563
-0.0478591918945313 0.00764846801757813 -0.266891479492188 0.1473388671875
-0.0490150451660156 -0.0283432006835937 -0.329376220703125 -0.030487060546875
-0.000698089599609372 -0.0569648742675781 -0.265029907226562 -0.267013549804688
0.0308074951171875 -0.0352745056152344 -0.1337890625 -0.332183837890625
0.0390396118164063 -0.00925064086914063 0.00241088867187498 -0.3421630859375
0.147842407226563 0.112060546875 -0.195297241210938 0.05157470703125
0.180068969726563 0.012176513671875 -0.0227203369140625 0.216552734375
0.123641967773438 -0.1513671875 0.14410400390625 0.162979125976563
-0.052490234375 -0.154342651367188 0.139877319335938 0.0577468872070312
-0.131240844726563 -0.0543670654296875 0.0855941772460937 0.0058746337890625
-0.108940124511719 0.0577468872070313 0.0215644836425781 0.0139522552490234
-0.052215576171875 0.083526611328125 -0.00320053100585938 0.0582084655761719
-0.0500717163085937 0.0744705200195313 -0.000823974609374998 0.103996276855469
-0.0498886108398438 0.0842056274414063 -0.0410003662109375 0.174484252929687
-0.0764007568359375 0.06536865234375 -0.149124145507813 0.207595825195313
-0.1014404296875 0.010589599609375 -0.253738403320313 0.142196655273437
-0.0899658203125 -0.0672149658203125 -0.32135009765625 -0.0273437500000001
0.0267105102539062 -0.119804382324219 -0.264480590820312 -0.250839233398438
0.11138916015625 -0.0564727783203125 -0.13421630859375 -0.326385498046875
0.115806579589844 0.0403594970703125 0.010833740234375 -0.33563232421875
0.200729370117188 0.150161743164063 -0.173492431640625 0.074249267578125
0.241348266601563 -0.0031890869140625 -0.0457000732421875 0.214187622070312
0.150054931640625 -0.199630737304688 0.117324829101563 0.204086303710938
-0.0748443603515625 -0.198013305664063 0.172073364257813 0.112030029296875
-0.171005249023438 -0.06292724609375 0.1480712890625 0.007537841796875
-0.1466064453125 0.0815277099609375 0.0661697387695312 -0.02685546875
-0.0727081298828125 0.115753173828125 0.0105218887329102 0.00761604309082032
-0.0687484741210938 0.104011535644531 -0.000827789306640628 0.0621337890625
-0.0714187622070312 0.12176513671875 -0.0423202514648438 0.140457153320313
-0.110862731933594 0.0950164794921875 -0.138778686523438 0.183975219726562
-0.152694702148438 0.0072479248046875 -0.23480224609375 0.120010375976563
-0.124015808105469 -0.107345581054687 -0.29876708984375 -0.03558349609375
0.058685302734375 -0.177581787109375 -0.246597290039062 -0.238876342773438
0.184188842773437 -0.06524658203125 -0.117156982421875 -0.3135986328125
0.171585083007813 0.0858917236328125 0.0345458984375 -0.30780029296875
0.2281494140625 0.160110473632813 -0.143951416015625 0.115066528320313
0.2574462890625 -0.0235137939453125 -0.0561981201171875 0.237960815429688
0.139999389648438 -0.214859008789063 0.119125366210938 0.253860473632813
-0.09027099609375 -0.195770263671875 0.227035522460938 0.14813232421875
-0.178421020507813 -0.05426025390625 0.212371826171875 -0.0085296630859375
-0.150192260742188 0.0948486328125 0.107231140136719 -0.0786361694335938
-0.0789260864257813 0.128692626953125 0.0231666564941406 -0.05322265625
-0.0788803100585938 0.117362976074219 -0.00380992889404297 0.0128269195556641
-0.0868682861328125 0.142288208007813 -0.0401458740234375 0.0936126708984375
-0.141433715820312 0.107101440429688 -0.12054443359375 0.139976501464844
-0.1900634765625 -0.00561523437499999 -0.20013427734375 0.083038330078125
-0.137451171875 -0.1488037109375 -0.256576538085938 -0.048553466796875
0.0998992919921875 -0.208847045898438 -0.20843505859375 -0.2200927734375
0.234649658203125 -0.0548095703125 -0.089263916015625 -0.2886962890625
0.198715209960937 0.12298583984375 0.0726165771484375 -0.261642456054688
0.225372314453125 0.1484375 -0.108367919921875 0.170700073242188
0.231552124023438 -0.0297393798828125 -0.03631591796875 0.276016235351563
0.112335205078125 -0.19036865234375 0.152374267578125 0.285186767578125
-0.083404541015625 -0.162384033203125 0.285400390625 0.15057373046875
-0.153564453125 -0.0365753173828125 0.262130737304688 -0.0381927490234375
-0.130355834960938 0.0887603759765625 0.135421752929688 -0.134071350097656
-0.0734481811523438 0.115325927734375 0.03118896484375 -0.111068725585937
-0.0788803100585937 0.114479064941406 -0.00325775146484375 -0.0377655029296875
-0.0949859619140625 0.142730712890625 -0.0324440002441406 0.036529541015625
-0.156585693359375 0.09967041015625 -0.090240478515625 0.0803298950195313
-0.194137573242188 -0.03021240234375 -0.145095825195313 0.0430755615234375
-0.117584228515625 -0.172714233398438 -0.19647216796875 -0.049713134765625
0.139892578125 -0.19647216796875 -0.177871704101562 -0.186538696289063
0.245590209960938 -0.01953125 -0.06768798828125 -0.2606201171875
0.189712524414063 0.146621704101563 0.111007690429688 -0.203750610351562
0.190109252929688 0.118698120117187 -0.070953369140625 0.226104736328125
0.175521850585938 -0.02105712890625 0.00103759765624998 0.3109130859375
0.0839691162109375 -0.137840270996094 0.194732666015625 0.2864990234375
-0.0606155395507813 -0.113914489746094 0.32916259765625 0.129119873046875
-0.107872009277344 -0.0211105346679688 0.283447265625 -0.0733642578125
-0.095001220703125 0.070556640625 0.148223876953125 -0.175384521484375
-0.0606765747070312 0.0867462158203125 0.0339813232421875 -0.158050537109375
-0.0701675415039063 0.0907974243164063 -0.0052032470703125 -0.0843124389648438
-0.0914382934570313 0.114959716796875 -0.0201225280761719 -0.0177822113037109
-0.144088745117188 0.068634033203125 -0.0490150451660156 0.0262107849121094
-0.157806396484375 -0.0495452880859375 -0.0870132446289063 0.0175628662109375
-0.06640625 -0.162673950195312 -0.144760131835938 -0.030303955078125
0.15216064453125 -0.139678955078125 -0.16741943359375 -0.15106201171875
0.20703125 0.0249481201171875 -0.05902099609375 -0.239837646484375
0.1456298828125 0.144973754882813 0.143569946289062 -0.140533447265625
0.132942199707031 0.076751708984375 -0.0300445556640625 0.276992797851562
0.110313415527344 0.00384521484375 0.04815673828125 0.332275390625
0.06097412109375 -0.0762557983398437 0.2320556640625 0.269454956054688
-0.0259246826171875 -0.0658721923828125 0.349151611328125 0.099090576171875
-0.0567245483398438 -0.0118598937988281 0.289154052734375 -0.099365234375
-0.0548629760742188 0.0384521484375 0.147369384765625 -0.206924438476562
-0.0388679504394531 0.0451164245605469 0.0329437255859375 -0.190719604492188
-0.0500373840332031 0.0547828674316406 -0.00762176513671876 -0.119804382324219
-0.0693092346191406 0.0701217651367187 -0.00648880004882813 -0.059814453125
-0.100212097167969 0.029510498046875 -0.0135126113891602 -0.0160140991210937
-0.0902175903320313 -0.0497589111328125 -0.0408287048339844 0.0116004943847656
-0.0160980224609375 -0.106697082519531 -0.115478515625 -0.00405120849609377
0.118896484375 -0.0604324340820313 -0.177413940429688 -0.134353637695312
0.122238159179688 0.0485000610351563 -0.0540618896484375 -0.234359741210938
0.0786285400390625 0.106178283691406 0.166961669921875 -0.0848846435546875
-0.00867080688476562 -0.0358734130859375 -0.209274291992188 0.0762481689453125
-0.0262947082519531 -0.0106945037841797 0.026702880859375 0.251052856445313
-0.0278987884521484 -0.0246028900146484 0.204238891601563 0.117141723632813
-0.0254249572753906 0.0187873840332031 0.131233215332031 -0.0106582641601563
0.00694084167480469 0.025177001953125 0.0271358489990234 -0.0112972259521484
0.02789306640625 -0.00852584838867188 -0.00974655151367187 0.0425987243652344
0.0120658874511719 -0.0237655639648438 -0.00919342041015624 0.0963897705078125
0.00189399719238281 -0.0149145126342773 0.00141143798828126 0.132881164550781
0.00528812408447266 -0.0139589309692383 -0.0410308837890625 0.197967529296875
0.00405693054199219 -0.00544357299804688 -0.159576416015625 0.212142944335938
0.00882720947265625 0.00618457794189453 -0.27618408203125 0.144729614257813
-0.0096893310546875 0.01019287109375 -0.332489013671875 -0.04010009765625
-0.0275192260742188 0.00996208190917969 -0.25628662109375 -0.286041259765625
-0.0524215698242188 -0.00931167602539062 -0.11749267578125 -0.336090087890625
-0.0435905456542969 -0.0616950988769531 0.00897216796874997 -0.332489013671875
0.0771560668945313 0.0445327758789063 -0.20965576171875 0.0535736083984375
0.0874710083007813 0.00469207763671875 0.005950927734375 0.236175537109375
0.0572433471679688 -0.0926513671875 0.183700561523438 0.134613037109375
-0.0409698486328125 -0.0767822265625 0.132148742675781 0.0110702514648437
-0.0694961547851563 -0.0177574157714844 0.0433845520019531 -0.00484848022460938
-0.0459861755371094 0.0283966064453125 -0.004791259765625 0.0382118225097656
-0.0226821899414063 0.0366058349609375 -0.00945281982421876 0.0917739868164063
-0.0241336822509766 0.0325050354003906 0.0026397705078125 0.128677368164063
-0.02288818359375 0.0378227233886719 -0.038238525390625 0.19390869140625
-0.0358161926269531 0.0316238403320313 -0.151458740234375 0.21954345703125
-0.0471992492675781 0.00904464721679687 -0.2659912109375 0.154037475585938
-0.0511970520019531 -0.0270805358886719 -0.332275390625 -0.0245056152343751
-0.0023193359375 -0.0576210021972656 -0.27398681640625 -0.264724731445312
0.0306777954101563 -0.03619384765625 -0.142059326171875 -0.33416748046875
0.0387535095214844 -0.0108413696289063 -0.00292968749999998 -0.3472900390625
0.1510009765625 0.107513427734375 -0.195693969726563 0.054473876953125
0.182281494140625 0.0076751708984375 -0.01800537109375 0.218093872070313
0.121551513671875 -0.15692138671875 0.149063110351563 0.161148071289063
-0.0576019287109375 -0.155776977539062 0.142745971679688 0.0573577880859375
-0.132881164550781 -0.050201416015625 0.0872955322265625 0.0035247802734375
-0.110382080078125 0.0621719360351563 0.0245952606201172 0.0147476196289063
-0.05328369140625 0.087005615234375 -0.000888824462890626 0.0597496032714844
-0.049591064453125 0.0747528076171875 0.00231933593749999 0.103889465332031
-0.0486679077148438 0.0859375 -0.0379791259765625 0.175308227539062
-0.0745620727539063 0.0689697265625 -0.143875122070312 0.212493896484375
-0.102912902832031 0.012603759765625 -0.252609252929688 0.1497802734375
-0.0936050415039063 -0.0642471313476562 -0.3253173828125 -0.02093505859375
0.0229415893554688 -0.122917175292969 -0.273483276367188 -0.249542236328125
0.111480712890625 -0.0592880249023438 -0.143707275390625 -0.3275146484375
0.116386413574219 0.037811279296875 0.00436401367187502 -0.340423583984375
0.203720092773437 0.146820068359375 -0.173675537109375 0.0771484375
0.243743896484375 -0.0074310302734375 -0.04156494140625 0.216796875
0.146865844726563 -0.207443237304688 0.12261962890625 0.205245971679688
-0.0804595947265625 -0.198623657226563 0.175445556640625 0.109756469726562
-0.175750732421875 -0.0595855712890625 0.149749755859375 0.0034027099609375
-0.146682739257812 0.0870513916015625 0.066314697265625 -0.02789306640625
-0.07269287109375 0.120109558105469 0.0117940902709961 0.00734710693359376
-0.0676345825195313 0.106773376464844 -0.000102996826171881 0.0636177062988281
-0.0701751708984375 0.1258544921875 -0.038726806640625 0.14251708984375
-0.110275268554687 0.0989913940429688 -0.132919311523438 0.1875
-0.153884887695313 0.0122528076171875 -0.2332763671875 0.127029418945313
-0.129180908203125 -0.104637145996094 -0.303131103515625 -0.029388427734375
0.0555572509765625 -0.180435180664063 -0.25152587890625 -0.236724853515625
0.183883666992188 -0.07061767578125 -0.125885009765625 -0.313629150390625
0.175643920898438 0.085052490234375 0.03009033203125 -0.311767578125
0.230377197265625 0.157485961914063 -0.1439208984375 0.119705200195313
0.258621215820313 -0.0264129638671875 -0.05078125 0.241104125976563
0.1353759765625 -0.222579956054688 0.126632690429688 0.25537109375
-0.0953826904296875 -0.19561767578125 0.231781005859375 0.14532470703125
-0.181747436523438 -0.0493011474609375 0.214996337890625 -0.0133056640625
-0.150588989257813 0.0995025634765625 0.106552124023437 -0.0818328857421875
-0.0789337158203125 0.129875183105469 0.0230522155761719 -0.0527763366699219
-0.0772705078125 0.121589660644531 -0.002410888671875 0.0139293670654297
-0.0854339599609375 0.14849853515625 -0.036895751953125 0.09423828125
-0.140487670898438 0.114463806152344 -0.115478515625 0.1424560546875
-0.191757202148438 -0.00112915039062497 -0.199661254882812 0.087188720703125
-0.143234252929687 -0.145355224609375 -0.258926391601563 -0.0439453125
0.0951690673828125 -0.214859008789062 -0.214141845703125 -0.217132568359375
0.235183715820313 -0.0587005615234375 -0.09686279296875 -0.2900390625
0.204315185546875 0.123611450195313 0.0684967041015625 -0.265716552734375
0.225723266601563 0.144943237304688 -0.108123779296875 0.174575805664063
0.231643676757813 -0.0345458984375 -0.0329437255859375 0.28033447265625
0.108688354492188 -0.195205688476563 0.159454345703125 0.28497314453125
-0.0885162353515625 -0.160446166992187 0.2916259765625 0.146270751953125
-0.1553955078125 -0.032440185546875 0.263626098632812 -0.045806884765625
-0.129417419433594 0.0940780639648438 0.133811950683594 -0.136207580566406
-0.0739593505859375 0.118659973144531 0.0289382934570312 -0.111518859863281
-0.0777511596679688 0.117973327636719 -0.00498199462890625 -0.0369186401367187
-0.093902587890625 0.146163940429688 -0.0310554504394531 0.0375633239746094
-0.156158447265625 0.104507446289063 -0.0865707397460938 0.0838088989257813
-0.197647094726563 -0.025787353515625 -0.146102905273438 0.0460357666015625
-0.122711181640625 -0.172103881835937 -0.199981689453125 -0.0458526611328125
0.137054443359375 -0.203338623046875 -0.1810302734375 -0.182281494140625
0.248764038085938 -0.023101806640625 -0.073760986328125 -0.261184692382813
0.195281982421875 0.147918701171875 0.108306884765625 -0.207305908203125
0.191741943359375 0.11456298828125 -0.066741943359375 0.231613159179688
0.17803955078125 -0.0236968994140625 0.0074462890625 0.31402587890625
0.0803680419921875 -0.14178466796875 0.203094482421875 0.286376953125
-0.0630035400390625 -0.112495422363281 0.3343505859375 0.12322998046875
-0.108596801757813 -0.0185699462890625 0.286041259765625 -0.080291748046875
-0.0941848754882813 0.072540283203125 0.144027709960938 -0.1802978515625
-0.0598297119140625 0.0887832641601563 0.0301361083984375 -0.158294677734375
-0.0674972534179688 0.0949935913085937 -0.00778198242187501 -0.0835418701171875
-0.0889434814453125 0.120590209960937 -0.0197696685791016 -0.0187168121337891
-0.144393920898438 0.0729827880859375 -0.0480461120605469 0.0270462036132812
-0.16192626953125 -0.0468597412109375 -0.0860061645507813 0.0193939208984375
-0.0710601806640625 -0.163406372070313 -0.147323608398438 -0.0277099609375
0.152175903320312 -0.145294189453125 -0.1717529296875 -0.145797729492188
0.2108154296875 0.0216217041015625 -0.0641937255859375 -0.240142822265625
0.151535034179688 0.14501953125 0.142318725585938 -0.14520263671875
0.131034851074219 0.0712661743164063 -0.026275634765625 0.28094482421875
0.110137939453125 -0.00096893310546875 0.054595947265625 0.335418701171875
0.057525634765625 -0.0785446166992188 0.239242553710938 0.268203735351563
-0.0279388427734375 -0.0662345886230469 0.356109619140625 0.0914306640625
-0.0550041198730469 -0.0113868713378906 0.289306640625 -0.107421875
-0.0541191101074219 0.0400772094726563 0.143280029296875 -0.2088623046875
-0.0409622192382813 0.0462799072265625 0.0267181396484375 -0.189605712890625
-0.0488052368164062 0.057373046875 -0.00932312011718751 -0.117042541503906
-0.0681076049804687 0.0731964111328125 -0.00730514526367188 -0.0625724792480469
-0.100044250488281 0.030914306640625 -0.0115242004394531 -0.0165424346923828
-0.092803955078125 -0.04766845703125 -0.0393562316894531 0.0115966796875
-0.018218994140625 -0.106460571289063 -0.117050170898438 -0.000915527343750027
0.119194030761719 -0.0635910034179688 -0.181671142578125 -0.128143310546875
0.127357482910156 0.0463790893554688 -0.059722900390625 -0.23321533203125
0.0815582275390625 0.108787536621094 0.16729736328125 -0.0883941650390625
-0.012054443359375 -0.0377769470214844 -0.214157104492188 0.0822601318359375
-0.0282306671142578 -0.0104408264160156 0.0349273681640625 0.255142211914063
-0.0319080352783203 -0.0243568420410156 0.213180541992188 0.113433837890625
-0.0255470275878906 0.0209484100341797 0.134307861328125 -0.0142059326171875
0.00941848754882812 0.0266609191894531 0.0266342163085938 -0.0119171142578125
0.0277309417724609 -0.00895881652832031 -0.00661468505859375 0.0434036254882813
0.00962066650390625 -0.0243740081787109 -0.00563049316406249 0.0985794067382813
0.00161552429199219 -0.0148200988769531 0.00453948974609375 0.134597778320313
0.00502204895019531 -0.0140953063964844 -0.036285400390625 0.202590942382812
0.00428390502929688 -0.00614595413208008 -0.157257080078125 0.2200927734375
0.00995063781738281 0.00579643249511719 -0.278518676757813 0.1563720703125
-0.0100736618041992 0.0117950439453125 -0.342529296875 -0.03375244140625
-0.0285606384277344 0.00982284545898437 -0.271148681640625 -0.28912353515625
-0.0537452697753906 -0.00890731811523438 -0.13092041015625 -0.34332275390625
-0.0469589233398438 -0.0638427734375 0.00253295898437499 -0.34417724609375
0.0786056518554688 0.0429840087890625 -0.21417236328125 0.0590362548828125
0.0896530151367188 0.00246429443359375 0.0124664306640625 0.241546630859375
0.0548477172851562 -0.0983810424804688 0.193328857421875 0.134170532226563
-0.0438461303710938 -0.0772476196289063 0.136161804199219 0.00824737548828124
-0.071380615234375 -0.0157241821289063 0.0453224182128906 -0.00671005249023438
-0.0475578308105469 0.0311927795410156 -0.00360870361328126 0.0401802062988281
-0.0233001708984375 0.0386810302734375 -0.0050048828125 0.093963623046875
-0.0245704650878906 0.03497314453125 0.00635528564453124 0.130035400390625
-0.0227127075195313 0.0400505065917969 -0.0336151123046875 0.197860717773437
-0.0360450744628906 0.0337028503417969 -0.148452758789063 0.227020263671875
-0.048065185546875 0.0111198425292969 -0.267852783203125 0.16534423828125
-0.0536537170410156 -0.0259246826171875 -0.34246826171875 -0.017547607421875
-0.00426101684570312 -0.0592041015625 -0.288116455078125 -0.26715087890625
0.0304756164550781 -0.0380287170410156 -0.155120849609375 -0.341522216796875
0.0390586853027344 -0.0135726928710938 -0.00964355468750001 -0.35906982421875
0.155670166015625 0.108642578125 -0.2005615234375 0.0596923828125
0.188034057617188 0.003662109375 -0.0116729736328125 0.22308349609375
0.120697021484375 -0.166793823242188 0.158599853515625 0.162094116210938
-0.0639190673828125 -0.158294677734375 0.148956298828125 0.05621337890625
-0.139366149902344 -0.046783447265625 0.0900726318359375 0.000526428222656247
-0.111763000488281 0.0670928955078125 0.0261592864990234 0.0145225524902344
-0.0535507202148438 0.0919570922851563 0.00235748291015625 0.0615768432617188
-0.0489654541015625 0.0792694091796875 0.00549316406249999 0.105583190917969
-0.0471267700195313 0.0903549194335938 -0.0338592529296875 0.179779052734375
-0.074066162109375 0.07330322265625 -0.139114379882813 0.220748901367188
-0.105690002441406 0.0166473388671875 -0.2557373046875 0.159896850585938
-0.0978164672851563 -0.0622177124023438 -0.33441162109375 -0.013153076171875
0.0209732055664063 -0.128219604492188 -0.287506103515625 -0.2513427734375
0.112472534179688 -0.0639114379882813 -0.156646728515625 -0.334136962890625
0.120689392089844 0.0366363525390625 -0.00106811523437496 -0.351776123046875
0.21075439453125 0.147354125976563 -0.176773071289062 0.0824737548828125
0.249603271484375 -0.0131072998046875 -0.0363006591796875 0.223220825195313
0.145767211914062 -0.218246459960937 0.132919311523438 0.208465576171875
-0.08837890625 -0.201705932617188 0.184661865234375 0.109283447265625
-0.182113647460938 -0.0561981201171875 0.155059814453125 -3.44102874841905E-18
-0.148468017578125 0.093994140625 0.0674781799316406 -0.0289878845214844
-0.0730667114257812 0.126472473144531 0.0133705139160156 0.0076732635498047
-0.0668792724609375 0.112312316894531 0.00217056274414063 0.0644950866699219
-0.0684585571289062 0.132164001464844 -0.0361175537109375 0.1461181640625
-0.109909057617187 0.10552978515625 -0.129379272460938 0.194320678710938
-0.158660888671875 0.01727294921875 -0.236282348632812 0.135940551757812
-0.135971069335938 -0.102897644042969 -0.313446044921875 -0.0222473144531251
0.051727294921875 -0.189041137695313 -0.265029907226563 -0.23846435546875
0.1868896484375 -0.0771484375 -0.13818359375 -0.3201904296875
0.1822509765625 0.083984375 0.02484130859375 -0.32342529296875
0.236984252929688 0.157516479492188 -0.146209716796875 0.127044677734375
0.264022827148437 -0.033905029296875 -0.0455322265625 0.2489013671875
0.133377075195313 -0.233734130859375 0.13720703125 0.26019287109375
-0.10479736328125 -0.1983642578125 0.243301391601563 0.144790649414063
-0.188446044921875 -0.0453948974609375 0.222305297851562 -0.0202178955078125
-0.152816772460938 0.106826782226563 0.106819152832031 -0.0857467651367188
-0.079010009765625 0.136810302734375 0.0223426818847656 -0.0551490783691406
-0.0764236450195312 0.128654479980469 -0.00176620483398438 0.0148801803588867
-0.0836944580078125 0.155120849609375 -0.0360488891601563 0.0975875854492188
-0.141021728515625 0.121337890625 -0.112457275390625 0.1480712890625
-0.196823120117187 0.005126953125 -0.201934814453125 0.0942230224609375
-0.15191650390625 -0.144973754882813 -0.2686767578125 -0.037445068359375
0.0930328369140625 -0.22406005859375 -0.22576904296875 -0.21875
0.240081787109375 -0.0659027099609375 -0.10748291015625 -0.295928955078125
0.212570190429688 0.1241455078125 0.063507080078125 -0.275924682617188
0.23150634765625 0.144744873046875 -0.108383178710938 0.182830810546875
0.23602294921875 -0.0401611328125 -0.0262451171875 0.2894287109375
0.107330322265625 -0.204620361328125 0.172454833984375 0.290985107421875
-0.096038818359375 -0.161758422851563 0.304840087890625 0.144317626953125
-0.160659790039063 -0.028411865234375 0.269821166992188 -0.054168701171875
-0.130401611328125 0.100303649902344 0.133453369140625 -0.141677856445313
-0.0737991333007812 0.124519348144531 0.0272598266601562 -0.114219665527344
-0.07696533203125 0.123832702636719 -0.00550079345703126 -0.0366859436035156
-0.0922698974609375 0.154754638671875 -0.0314292907714844 0.0397491455078125
-0.157974243164063 0.112808227539062 -0.0848922729492188 0.0871658325195313
-0.204208374023437 -0.020263671875 -0.148757934570313 0.0502777099609375
-0.130355834960937 -0.173721313476563 -0.20733642578125 -0.0417022705078125
0.135650634765625 -0.213943481445313 -0.190521240234375 -0.182952880859375
0.25653076171875 -0.0285491943359375 -0.08294677734375 -0.266220092773438
0.204483032226563 0.1495361328125 0.105941772460938 -0.216537475585937
0.195770263671875 0.113128662109375 -0.06488037109375 0.241241455078125
0.181716918945313 -0.02838134765625 0.016143798828125 0.32391357421875
0.079681396484375 -0.1480712890625 0.217071533203125 0.290740966796875
-0.0681381225585937 -0.113197326660156 0.34759521484375 0.118499755859375
-0.112037658691406 -0.016143798828125 0.29248046875 -0.08953857421875
-0.0946502685546875 0.0776214599609375 0.142929077148438 -0.1859130859375
-0.0605010986328125 0.0939254760742188 0.0260162353515625 -0.162384033203125
-0.067108154296875 0.100616455078125 -0.00937652587890625 -0.0833587646484375
-0.0883560180664063 0.127822875976563 -0.0208969116210938 -0.0188503265380859
-0.146713256835937 0.07940673828125 -0.0460014343261719 0.0277557373046875
-0.168289184570313 -0.044464111328125 -0.086761474609375 0.0204010009765625
-0.0774688720703125 -0.1654052734375 -0.15081787109375 -0.024383544921875
0.1527099609375 -0.154541015625 -0.179641723632812 -0.14501953125
0.21923828125 0.0177154541015625 -0.0718231201171875 -0.244720458984375
0.1588134765625 0.147781372070313 0.143341064453125 -0.153366088867188
0.133918762207031 0.0696563720703125 -0.023223876953125 0.290740966796875
0.11273193359375 -0.00307464599609375 0.065948486328125 0.34613037109375
0.0582962036132813 -0.0831527709960938 0.253036499023438 0.27239990234375
-0.0305404663085938 -0.0650253295898437 0.368499755859375 0.08551025390625
-0.0576210021972656 -0.00991058349609376 0.2955322265625 -0.11724853515625
-0.0549850463867187 0.042510986328125 0.141998291015625 -0.215789794921875
-0.0416030883789063 0.0493392944335937 0.0227508544921875 -0.193557739257813
-0.0484085083007813 0.0612144470214844 -0.0127334594726563 -0.1181640625
-0.0683822631835938 0.0779876708984375 -0.00941085815429688 -0.0643310546875
-0.102981567382813 0.0353240966796875 -0.0102663040161133 -0.0172939300537109
-0.09698486328125 -0.0467453002929688 -0.039886474609375 0.0116615295410156
-0.0209503173828125 -0.11029052734375 -0.119560241699219 0.00192260742187501
0.121109008789063 -0.069549560546875 -0.189163208007813 -0.12506103515625
0.132545471191406 0.0459747314453125 -0.0674285888671875 -0.237991333007813
0.087799072265625 0.110603332519531 0.170806884765625 -0.096160888671875
-0.0153388977050781 -0.0391616821289063 -0.21875 0.0939483642578125
-0.0304546356201172 -0.00914192199707031 0.048309326171875 0.262039184570313
-0.0371742248535156 -0.0228996276855469 0.22735595703125 0.1064453125
-0.0244617462158203 0.0236854553222656 0.139228820800781 -0.0214080810546875
0.0121650695800781 0.0272998809814453 0.0269718170166016 -0.0127162933349609
0.0278491973876953 -0.0106964111328125 -0.00388717651367188 0.0444602966308594
0.00737762451171875 -0.0247402191162109 0.00011444091796874 0.101799011230469
0.000191688537597657 -0.0141391754150391 0.0110855102539063 0.137191772460938
0.00468921661376953 -0.0147571563720703 -0.0269012451171875 0.208206176757813
0.00452327728271484 -0.0062103271484375 -0.150741577148438 0.234451293945313
0.0106420516967773 0.00527858734130859 -0.281402587890625 0.1748046875
-0.00985145568847656 0.0133256912231445 -0.357696533203125 -0.020172119140625
-0.0298862457275391 0.0112342834472656 -0.295989990234375 -0.289337158203125
-0.0564002990722656 -0.00790405273437499 -0.15106201171875 -0.351318359375
-0.0524673461914063 -0.0659904479980469 -0.010589599609375 -0.36004638671875
0.0813980102539062 0.0417861938476562 -0.22027587890625 0.0693206787109375
0.09197998046875 -0.001190185546875 0.0257415771484375 0.249603271484375
0.0510406494140625 -0.106361389160156 0.208770751953125 0.1282958984375
-0.0487060546875 -0.0779037475585938 0.142547607421875 0.0024261474609375
-0.0745849609375 -0.012786865234375 0.0464019775390625 -0.00939178466796875
-0.0478134155273438 0.0356369018554687 -0.00122833251953125 0.0413780212402344
-0.0236930847167969 0.04241943359375 3.05175781249973E-05 0.0973892211914063
-0.0241775512695312 0.0376472473144531 0.0125961303710937 0.132392883300781
-0.0214080810546875 0.0427169799804688 -0.024810791015625 0.203948974609375
-0.0358963012695313 0.0366630554199219 -0.141799926757812 0.241134643554688
-0.0495109558105469 0.0143051147460937 -0.270278930664063 0.184310913085938
-0.0564537048339844 -0.0228691101074219 -0.356475830078125 -0.00213623046874996
-0.00752639770507812 -0.0619659423828125 -0.313385009765625 -0.26556396484375
0.0293655395507813 -0.0412635803222656 -0.177703857421875 -0.3480224609375
0.0393180847167969 -0.0157394409179688 -0.0238037109375 -0.37579345703125
0.163925170898438 0.106918334960938 -0.206100463867187 0.0698394775390625
0.194320678710938 -0.002593994140625 -0.000244140624999993 0.230621337890625
0.1162109375 -0.180496215820312 0.174285888671875 0.159622192382813
-0.072845458984375 -0.16156005859375 0.1583251953125 0.05108642578125
-0.14703369140625 -0.0419464111328125 0.0943756103515625 -0.003509521484375
-0.113029479980469 0.075714111328125 0.0280475616455078 0.0143623352050781
-0.0526199340820313 0.0992279052734375 0.00611495971679687 0.0637054443359375
-0.04644775390625 0.0851593017578125 0.0106735229492187 0.107490539550781
-0.044952392578125 0.0968475341796875 -0.0259857177734375 0.185653686523437
-0.0730819702148438 0.0784835815429688 -0.132614135742187 0.232986450195313
-0.108314514160156 0.0233078002929688 -0.257537841796875 0.178207397460938
-0.104522705078125 -0.0583038330078125 -0.348846435546875 0.00186157226562498
0.0141983032226562 -0.135025024414063 -0.310760498046875 -0.249481201171875
0.113746643066406 -0.0715713500976563 -0.178558349609375 -0.341156005859375
0.125755310058594 0.033111572265625 -0.015411376953125 -0.3682861328125
0.222824096679687 0.144943237304688 -0.180252075195312 0.0923614501953126
0.257369995117188 -0.0229949951171875 -0.026397705078125 0.231552124023438
0.141021728515625 -0.23583984375 0.148773193359375 0.210647583007812
-0.101852416992187 -0.205322265625 0.197738647460938 0.105697631835938
-0.19207763671875 -0.049530029296875 0.16162109375 -0.008087158203125
-0.149337768554688 0.105300903320313 0.0695991516113281 -0.0326995849609375
-0.0706863403320313 0.136207580566406 0.01470947265625 0.00769805908203126
-0.0639572143554687 0.120620727539063 0.00555419921875 0.0661849975585938
-0.06402587890625 0.141342163085938 -0.0296630859375 0.151962280273437
-0.109107971191406 0.114944458007813 -0.123443603515625 0.206146240234375
-0.163650512695313 0.0265960693359375 -0.239166259765625 0.151840209960937
-0.145355224609375 -0.0991973876953125 -0.326629638671875 -0.00863647460937505
0.04364013671875 -0.199264526367188 -0.286407470703125 -0.237091064453125
0.190460205078125 -0.0881805419921875 -0.15838623046875 -0.32635498046875
0.1917724609375 0.080718994140625 0.01220703125 -0.33941650390625
0.250137329101563 0.15478515625 -0.147857666015625 0.137527465820313
0.271621704101563 -0.0454559326171875 -0.0348052978515625 0.260513305664063
0.127334594726562 -0.249984741210938 0.156661987304688 0.264266967773437
-0.117889404296875 -0.200286865234375 0.261474609375 0.138885498046875
-0.198074340820312 -0.0375823974609375 0.23028564453125 -0.031829833984375
-0.15203857421875 0.11822509765625 0.10736083984375 -0.09259033203125
-0.0763092041015625 0.148025512695313 0.0212326049804687 -0.056732177734375
-0.0732650756835938 0.137374877929688 3.4332275390621E-05 0.0156841278076172
-0.0787353515625 0.166519165039063 -0.0317764282226562 0.103004455566406
-0.139556884765625 0.132369995117188 -0.107391357421875 0.157180786132813
-0.205047607421875 0.01666259765625 -0.205734252929688 0.107192993164062
-0.1644287109375 -0.142013549804687 -0.280792236328125 -0.027252197265625
0.0854644775390625 -0.237716674804688 -0.244415283203125 -0.217086791992188
0.247085571289063 -0.07977294921875 -0.1253662109375 -0.302581787109375
0.225784301757813 0.121749877929688 0.0537109375 -0.291717529296875
0.243072509765625 0.141815185546875 -0.10565185546875 0.1954345703125
0.241973876953125 -0.0498046875 -0.013153076171875 0.3018798828125
0.100738525390625 -0.219345092773438 0.194732666015625 0.294464111328125
-0.10693359375 -0.162628173828125 0.324554443359375 0.135711669921875
-0.1676025390625 -0.02191162109375 0.27838134765625 -0.06939697265625
-0.130226135253906 0.110298156738281 0.13238525390625 -0.151748657226563
-0.0712432861328125 0.134300231933594 0.022674560546875 -0.118484497070312
-0.074005126953125 0.133216857910156 -0.00680923461914063 -0.0367240905761719
-0.0870361328125 0.166259765625 -0.0304183959960938 0.0427589416503906
-0.158721923828125 0.124847412109375 -0.0818023681640625 0.0926132202148438
-0.214080810546875 -0.0102081298828125 -0.152938842773438 0.05731201171875
-0.1441650390625 -0.1746826171875 -0.2174072265625 -0.0339508056640625
0.131393432617188 -0.229721069335938 -0.2059326171875 -0.181686401367188
0.2655029296875 -0.0411376953125 -0.098419189453125 -0.272659301757813
0.219635009765625 0.149169921875 0.100250244140625 -0.231231689453125
0.203445434570312 0.110427856445313 -0.058135986328125 0.254669189453125
0.185791015625 -0.0356597900390625 0.03240966796875 0.335906982421875
0.0763702392578125 -0.158584594726562 0.240478515625 0.2935791015625
-0.0748214721679687 -0.112815856933594 0.367523193359375 0.107391357421875
-0.116470336914063 -0.0113067626953125 0.29913330078125 -0.107421875
-0.0943832397460938 0.0844497680664063 0.139678955078125 -0.198211669921875
-0.0591506958007812 0.100776672363281 0.0194091796875 -0.167556762695313
-0.0644989013671875 0.108375549316406 -0.0127487182617188 -0.0843124389648438
-0.085205078125 0.138687133789062 -0.0218963623046875 -0.0183944702148437
-0.149093627929688 0.0907745361328125 -0.0445442199707031 0.0282325744628906
-0.17742919921875 -0.03765869140625 -0.0898666381835938 0.0241546630859375
-0.0886993408203125 -0.16900634765625 -0.157974243164063 -0.0174407958984375
0.151748657226563 -0.169174194335938 -0.192733764648438 -0.141372680664062
0.229812622070313 0.0089874267578125 -0.0863037109375 -0.250076293945313
0.1724853515625 0.14862060546875 0.1419677734375 -0.16668701171875
0.138206481933594 0.066986083984375 -0.01153564453125 0.305206298828125
0.115890502929688 -0.00699615478515625 0.08551025390625 0.356414794921875
0.056365966796875 -0.088897705078125 0.277023315429688 0.271743774414063
-0.0344390869140625 -0.0655441284179688 0.38714599609375 0.07086181640625
-0.0604133605957031 -0.00806045532226563 0.301116943359375 -0.136627197265625
-0.0548019409179687 0.0471305847167969 0.1368408203125 -0.228668212890625
-0.0424690246582031 0.0538291931152344 0.0131072998046875 -0.198928833007813
-0.0475807189941406 0.0673561096191406 -0.0183029174804688 -0.119857788085938
-0.0675811767578125 0.0864410400390625 -0.0124244689941406 -0.0660514831542969
-0.106422424316406 0.0421676635742187 -0.0103359222412109 -0.0197315216064453
-0.103225708007813 -0.0445175170898438 -0.0406761169433594 0.0121345520019531
-0.0270233154296875 -0.114303588867188 -0.124824523925781 0.00797271728515624
0.122482299804688 -0.0783233642578125 -0.203125 -0.119873046875
0.1407470703125 0.043792724609375 -0.0816650390625 -0.242874145507813
0.0965576171875 0.112174987792969 0.173126220703125 -0.10772705078125
-0.0210914611816406 -0.0398216247558594 -0.218673706054688 0.10894775390625
-0.0325660705566406 -0.00609779357910156 0.0685577392578125 0.264114379882813
-0.0419654846191406 -0.0198440551757813 0.240219116210938 0.0910186767578125
-0.0235214233398437 0.0259914398193359 0.141311645507812 -0.0325775146484375
0.016021728515625 0.0263538360595703 0.0262393951416016 -0.0144424438476563
0.0274810791015625 -0.0129756927490234 -0.000766754150390623 0.0453033447265625
0.00525283813476562 -0.0244255065917969 0.00852966308593749 0.103187561035156
-0.000825881958007813 -0.0139255523681641 0.0215301513671875 0.136520385742188
0.00379180908203125 -0.0157108306884766 -0.0119781494140625 0.211685180664062
0.00365066528320312 -0.00695037841796875 -0.136749267578125 0.248931884765625
0.0115585327148438 0.00456619262695313 -0.275283813476563 0.199249267578125
-0.00883007049560547 0.0147485733032227 -0.368377685546875 0.00411987304687499
-0.0301856994628906 0.0124759674072266 -0.32464599609375 -0.2774658203125
-0.0580978393554688 -0.00476455688476563 -0.179656982421875 -0.350128173828125
-0.0588722229003906 -0.0650138854980469 -0.03338623046875 -0.371246337890625
0.0843353271484375 0.0375213623046875 -0.222412109375 0.084716796875
0.0933761596679688 -0.00689697265625 0.0443572998046875 0.252578735351563
0.0421066284179687 -0.113365173339844 0.224639892578125 0.115829467773437
-0.055328369140625 -0.0768280029296875 0.14739990234375 -0.008544921875
-0.0775604248046875 -0.00775909423828126 0.0467071533203125 -0.0131797790527344
-0.0470809936523438 0.039276123046875 0.0023345947265625 0.0428962707519531
-0.0223274230957031 0.047210693359375 0.00799560546874999 0.0987930297851563
-0.0220108032226562 0.04095458984375 0.0233154296875 0.132171630859375
-0.0180625915527344 0.0452537536621094 -0.01055908203125 0.20745849609375
-0.0334663391113281 0.0394363403320312 -0.1260986328125 0.254302978515625
-0.0491714477539063 0.0184364318847656 -0.26324462890625 0.207366943359375
-0.0592689514160156 -0.0185737609863281 -0.36627197265625 0.02227783203125
-0.0133819580078125 -0.0640487670898438 -0.3402099609375 -0.251922607421875
0.0262947082519531 -0.0448760986328125 -0.206573486328125 -0.344970703125
0.0375747680664063 -0.0196418762207031 -0.049468994140625 -0.386474609375
0.174057006835938 0.100540161132813 -0.206710815429687 0.0836181640625
0.198883056640625 -0.0151214599609375 0.0164031982421875 0.233901977539062
0.105300903320312 -0.19427490234375 0.1923828125 0.149490356445312
-0.0864105224609375 -0.160919189453125 0.166351318359375 0.0405120849609375
-0.15338134765625 -0.033447265625 0.0967636108398438 -0.0104904174804688
-0.1099853515625 0.0861282348632812 0.0305995941162109 0.0136394500732422
-0.0469436645507812 0.107276916503906 0.0118179321289062 0.0636711120605469
-0.0416336059570312 0.09149169921875 0.0196456909179687 0.10693359375
-0.0377731323242188 0.10272216796875 -0.013214111328125 0.1898193359375
-0.0688323974609375 0.085693359375 -0.117919921875 0.246231079101563
-0.108451843261719 0.0328750610351563 -0.251007080078125 0.200698852539063
-0.109100341796875 -0.052001953125 -0.358245849609375 0.0263671875
0.0039215087890625 -0.139701843261719 -0.336029052734375 -0.235198974609375
0.110877990722656 -0.0815887451171875 -0.207427978515625 -0.33740234375
0.129989624023438 0.0267181396484375 -0.040557861328125 -0.37957763671875
0.236175537109375 0.13677978515625 -0.179611206054688 0.106536865234375
0.2626953125 -0.0391998291015625 -0.00988769531249999 0.236724853515625
0.126968383789063 -0.253616333007813 0.168701171875 0.203277587890625
-0.1185302734375 -0.203750610351563 0.211563110351563 0.0931243896484375
-0.19976806640625 -0.0367431640625 0.166412353515625 -0.0203857421875
-0.14483642578125 0.118759155273438 0.0697822570800781 -0.0372657775878906
-0.0631256103515625 0.145782470703125 0.0164928436279297 0.00702571868896485
-0.0565719604492187 0.128204345703125 0.0120048522949219 0.0659332275390625
-0.0543212890625 0.149673461914063 -0.01971435546875 0.156768798828125
-0.102531433105469 0.12506103515625 -0.109848022460937 0.217514038085938
-0.164779663085938 0.0408477783203125 -0.234222412109375 0.17254638671875
-0.154983520507813 -0.0905914306640625 -0.33563232421875 0.01434326171875
0.0300750732421875 -0.207977294921875 -0.3109130859375 -0.22357177734375
0.1884765625 -0.103836059570313 -0.185150146484375 -0.32379150390625
0.201446533203125 0.07183837890625 -0.01043701171875 -0.351318359375
0.264175415039062 0.145523071289062 -0.142974853515625 0.150726318359375
0.274368286132813 -0.061920166015625 -0.0176849365234375 0.266952514648437
0.112945556640625 -0.267929077148438 0.180526733398438 0.259140014648438
-0.134353637695313 -0.196670532226563 0.278656005859375 0.124298095703125
-0.204788208007812 -0.0249176025390625 0.233871459960938 -0.04962158203125
-0.147308349609375 0.132034301757812 0.104423522949219 -0.101119995117187
-0.0682373046875 0.157394409179688 0.0184440612792969 -0.05950927734375
-0.0652313232421875 0.147064208984375 0.00249195098876953 0.0156946182250977
-0.0675506591796875 0.17681884765625 -0.025482177734375 0.106597900390625
-0.133346557617188 0.146194458007813 -0.0981292724609375 0.166259765625
-0.2088623046875 0.032928466796875 -0.203628540039063 0.123764038085937
-0.17730712890625 -0.133758544921875 -0.28955078125 -0.00808715820312497
0.0702362060546875 -0.251510620117188 -0.266128540039063 -0.20672607421875
0.247970581054687 -0.098480224609375 -0.150360107421875 -0.300994873046875
0.23992919921875 0.112274169921875 0.03521728515625 -0.304901123046875
0.256240844726563 0.1328125 -0.0968170166015625 0.207611083984375
0.244094848632813 -0.0654296875 0.00830078125 0.308990478515625
0.087738037109375 -0.232940673828125 0.22161865234375 0.288116455078125
-0.120193481445313 -0.15863037109375 0.34368896484375 0.1156005859375
-0.172576904296875 -0.010711669921875 0.280807495117188 -0.0916748046875
-0.124488830566406 0.122276306152344 0.12542724609375 -0.162948608398438
-0.06439208984375 0.144180297851563 0.0151901245117187 -0.12188720703125
-0.0654296875 0.141799926757813 -0.00833511352539063 -0.0360374450683594
-0.0770263671875 0.1783447265625 -0.02789306640625 0.0456733703613281
-0.152587890625 0.139739990234375 -0.0754241943359375 0.0983505249023438
-0.220321655273438 0.00585937500000001 -0.15283203125 0.068634033203125
-0.15960693359375 -0.168792724609375 -0.224441528320312 -0.0194549560546875
0.118789672851563 -0.245986938476563 -0.222930908203125 -0.171401977539063
0.270782470703125 -0.0596160888671875 -0.12017822265625 -0.271575927734375
0.235183715820313 0.140274047851562 0.0865478515625 -0.245513916015625
0.213577270507813 0.102264404296875 -0.0439300537109375 0.26654052734375
0.18756103515625 -0.0469970703125 0.05755615234375 0.342254638671875
0.0670928955078125 -0.168441772460938 0.267547607421875 0.284088134765625
-0.0838623046875 -0.109619140625 0.38482666015625 0.0833740234375
-0.119400024414063 -0.00353240966796876 0.29962158203125 -0.13165283203125
-0.0899887084960938 0.0923995971679687 0.130081176757813 -0.210952758789063
-0.0544662475585938 0.108657836914062 0.0084228515625 -0.171249389648438
-0.0579452514648438 0.116111755371094 -0.0176544189453125 -0.0832595825195313
-0.076446533203125 0.149505615234375 -0.0244960784912109 -0.0166397094726562
-0.146286010742188 0.104278564453125 -0.0434455871582031 0.02984619140625
-0.184677124023438 -0.0260162353515625 -0.090606689453125 0.0294342041015625
-0.1015625 -0.167694091796875 -0.162429809570313 -0.00720214843750003
0.144302368164063 -0.184371948242188 -0.207122802734375 -0.129837036132813
0.236907958984375 -0.0055694580078125 -0.106979370117187 -0.249649047851563
0.18634033203125 0.142410278320313 0.132904052734375 -0.18182373046875
0.143173217773438 0.0613555908203125 0.00656127929687498 0.316192626953125
0.11883544921875 -0.0137176513671875 0.11285400390625 0.358978271484375
0.051605224609375 -0.0954666137695313 0.3040771484375 0.260040283203125
-0.0390205383300781 -0.0638504028320313 0.402008056640625 0.046295166015625
-0.0615425109863281 -0.00390243530273436 0.29864501953125 -0.160491943359375
-0.0523605346679687 0.0512847900390625 0.12518310546875 -0.241470336914062
-0.0404548645019531 0.0590705871582031 -0.000106811523437518 -0.203140258789062
-0.0436859130859375 0.0720367431640625 -0.02569580078125 -0.118659973144531
-0.0625839233398437 0.0947189331054688 -0.0179252624511719 -0.0665245056152344
-0.106559753417969 0.0522003173828125 -0.0111904144287109 -0.0220756530761719
-0.108909606933594 -0.0384597778320313 -0.0399665832519531 0.0142860412597656
-0.0342178344726562 -0.115631103515625 -0.125480651855469 0.017669677734375
0.120132446289062 -0.0895233154296875 -0.215576171875 -0.106414794921875
0.148330688476563 0.0352935791015625 -0.101730346679687 -0.242843627929688
0.105888366699219 0.10931396484375 0.16888427734375 -0.123138427734375
-0.0253639221191406 -0.0387458801269531 -0.211151123046875 0.123458862304688
-0.0329723358154297 -0.00345039367675781 0.0887451171875 0.257354736328125
-0.0446701049804688 -0.0151863098144531 0.246856689453125 0.071044921875
-0.0210723876953125 0.0284175872802734 0.138328552246094 -0.0446014404296875
0.0189151763916016 0.024505615234375 0.0254306793212891 -0.0149593353271484
0.0258083343505859 -0.0147418975830078 0.00281524658203125 0.0453720092773437
0.00255012512207031 -0.0234317779541016 0.0174636840820313 0.100494384765625
-0.00125408172607422 -0.0129709243774414 0.0309677124023437 0.131523132324219
0.00209140777587891 -0.0156478881835937 0.00376892089843749 0.207260131835938
0.00284337997436523 -0.00712871551513672 -0.117034912109375 0.255477905273438
0.0118370056152344 0.00360774993896484 -0.257980346679688 0.2197265625
-0.00664424896240234 0.0153474807739258 -0.367584228515625 0.0302429199218749
-0.0304546356201172 0.0133495330810547 -0.345855712890625 -0.253753662109375
-0.0589523315429688 -0.00133132934570312 -0.205108642578125 -0.33721923828125
-0.0641212463378906 -0.061370849609375 -0.058135986328125 -0.371002197265625
0.0863723754882813 0.032135009765625 -0.216339111328125 0.0991973876953125
0.092681884765625 -0.0130233764648437 0.0637969970703125 0.245651245117187
0.0314712524414063 -0.11614990234375 0.234237670898437 0.0963134765625
-0.0611038208007813 -0.0724868774414062 0.146453857421875 -0.0209503173828125
-0.077056884765625 -0.00197601318359375 0.0455093383789063 -0.0169525146484375
-0.0446510314941406 0.0433731079101563 0.00658798217773437 0.0429420471191406
-0.0187721252441406 0.050262451171875 0.0167007446289062 0.0963973999023438
-0.0181694030761719 0.0433082580566406 0.0329132080078125 0.126762390136719
-0.0147285461425781 0.0468482971191406 0.00479125976562501 0.204727172851563
-0.0305099487304688 0.0420989990234375 -0.105972290039063 0.260177612304688
-0.0463371276855469 0.0223197937011719 -0.245315551757813 0.225997924804688
-0.0588760375976563 -0.013275146484375 -0.3636474609375 0.0484313964843749
-0.01904296875 -0.0635147094726563 -0.35894775390625 -0.227508544921875
0.0225105285644531 -0.0473556518554688 -0.23199462890625 -0.330413818359375
0.0359573364257813 -0.022247314453125 -0.075164794921875 -0.385650634765625
0.180145263671875 0.0904388427734375 -0.201690673828125 0.0973663330078125
0.197250366210938 -0.027679443359375 0.035247802734375 0.229629516601562
0.089141845703125 -0.202606201171875 0.204025268554688 0.13262939453125
-0.0985565185546875 -0.1541748046875 0.169509887695313 0.025909423828125
-0.155899047851563 -0.0211029052734375 0.0958404541015625 -0.0188751220703125
-0.103851318359375 0.0942611694335938 0.0324859619140625 0.0113162994384766
-0.0388412475585938 0.112136840820313 0.0178031921386719 0.0613059997558594
-0.0347137451171875 0.0944976806640625 0.0275421142578125 0.102165222167969
-0.0289154052734375 0.105453491210938 0.00100708007812501 0.187362670898438
-0.0613021850585938 0.090087890625 -0.0977783203125 0.251708984375
-0.1038818359375 0.0414199829101563 -0.234115600585938 0.218582153320312
-0.111663818359375 -0.0434112548828125 -0.35540771484375 0.052093505859375
-0.00711822509765626 -0.139701843261719 -0.35467529296875 -0.21051025390625
0.103561401367187 -0.0897750854492187 -0.23211669921875 -0.3218994140625
0.130989074707031 0.018951416015625 -0.06671142578125 -0.378692626953125
0.244552612304688 0.123992919921875 -0.173263549804687 0.117889404296875
0.259429931640625 -0.05609130859375 0.00732421875000004 0.234786987304687
0.106307983398438 -0.2637939453125 0.184616088867188 0.1876220703125
-0.13360595703125 -0.194366455078125 0.218521118164063 0.07684326171875
-0.202041625976563 -0.0218963623046875 0.164276123046875 -0.03363037109375
-0.135597229003906 0.129501342773437 0.0679206848144531 -0.0414543151855469
-0.05169677734375 0.152008056640625 0.0184173583984375 0.00492477416992188
-0.0462112426757813 0.132492065429688 0.0173492431640625 0.06292724609375
-0.0416412353515625 0.153793334960938 -0.00848388671875001 0.156112670898438
-0.0926895141601562 0.131965637207031 -0.0921478271484375 0.222503662109375
-0.160049438476563 0.05401611328125 -0.219512939453125 0.18975830078125
-0.160049438476563 -0.07861328125 -0.33392333984375 0.0386962890625
0.013336181640625 -0.210296630859375 -0.32745361328125 -0.201568603515625
0.18017578125 -0.11688232421875 -0.20977783203125 -0.310638427734375
0.206146240234375 0.0601348876953125 -0.03466796875 -0.352935791015625
0.272506713867188 0.130645751953125 -0.133010864257812 0.160186767578125
0.269989013671875 -0.07916259765625 0.00274658203125003 0.265304565429688
0.091400146484375 -0.276992797851562 0.200546264648438 0.243270874023438
-0.148895263671875 -0.186126708984375 0.288360595703125 0.10198974609375
-0.204879760742188 -0.00955200195312504 0.229949951171875 -0.0683441162109375
-0.136550903320312 0.142990112304688 0.0977554321289062 -0.107528686523437
-0.0558929443359375 0.164199829101563 0.0152015686035156 -0.0605850219726562
-0.0534820556640625 0.151275634765625 0.00420379638671875 0.0148496627807617
-0.0526123046875 0.181991577148438 -0.0175628662109375 0.108016967773438
-0.121871948242188 0.15618896484375 -0.0840301513671875 0.170166015625
-0.20440673828125 0.0491943359375 -0.19378662109375 0.138336181640625
-0.186798095703125 -0.12103271484375 -0.28912353515625 0.0121459960937501
0.0507659912109375 -0.2569580078125 -0.280517578125 -0.1876220703125
0.240814208984375 -0.115646362304687 -0.1727294921875 -0.289886474609375
0.24798583984375 0.09832763671875 0.012908935546875 -0.30853271484375
0.263336181640625 0.11822509765625 -0.0827178955078125 0.216262817382813
0.239456176757812 -0.080108642578125 0.030792236328125 0.305999755859375
0.069793701171875 -0.240386962890625 0.243072509765625 0.26947021484375
-0.131546020507813 -0.14837646484375 0.35211181640625 0.089874267578125
-0.171340942382812 0.00234985351562499 0.272872924804688 -0.113540649414063
-0.114326477050781 0.130783081054688 0.113967895507812 -0.170730590820313
-0.0531158447265625 0.149368286132813 0.00740814208984373 -0.121200561523437
-0.0540618896484375 0.146514892578125 -0.00944137573242188 -0.035552978515625
-0.06103515625 0.184295654296875 -0.0245132446289062 0.0472602844238281
-0.1416015625 0.151687622070313 -0.0674362182617188 0.101181030273438
-0.218978881835938 0.0234527587890626 -0.1470947265625 0.079193115234375
-0.171432495117188 -0.157699584960937 -0.225112915039063 -0.00375366210937499
0.0994720458984375 -0.256057739257813 -0.234329223632813 -0.1552734375
0.266326904296875 -0.0787506103515625 -0.140960693359375 -0.262039184570313
0.244613647460937 0.126953125 0.067413330078125 -0.252349853515625
0.218612670898437 0.0899505615234375 -0.0264129638671875 0.271255493164063
0.183868408203125 -0.0584869384765625 0.083160400390625 0.336395263671875
0.05352783203125 -0.174102783203125 0.288787841796875 0.26312255859375
-0.0909347534179688 -0.102104187011719 0.390838623046875 0.054290771484375
-0.117462158203125 0.00533294677734373 0.28875732421875 -0.154266357421875
-0.082672119140625 0.0987396240234375 0.115921020507813 -0.218368530273438
-0.0465316772460938 0.112922668457031 -0.00317382812499999 -0.169342041015625
-0.0485382080078125 0.119941711425781 -0.022064208984375 -0.080810546875
-0.0628509521484375 0.155715942382813 -0.0261249542236328 -0.0148868560791015
-0.138984680175781 0.115524291992187 -0.0410957336425781 0.0305747985839844
-0.186508178710938 -0.0115203857421875 -0.08782958984375 0.0349349975585938
-0.113815307617188 -0.161087036132813 -0.161483764648438 0.00415039062499996
0.131362915039062 -0.195602416992188 -0.215133666992187 -0.11346435546875
0.237945556640625 -0.0213623046875 -0.126312255859375 -0.241348266601562
0.197052001953125 0.131698608398438 0.118255615234375 -0.191574096679688
0.14501953125 0.0538330078125 0.0277099609375 0.31744384765625
0.117118835449219 -0.0210418701171875 0.1402587890625 0.3482666015625
0.0438613891601562 -0.10003662109375 0.324127197265625 0.236358642578125
-0.0431060791015625 -0.0603485107421875 0.404266357421875 0.015350341796875
-0.0607986450195313 0.000442504882812491 0.286376953125 -0.182861328125
-0.0489158630371094 0.0545654296875 0.107696533203125 -0.248397827148438
-0.0362281799316406 0.0627632141113281 -0.014801025390625 -0.19970703125
-0.0373764038085937 0.0756072998046875 -0.032623291015625 -0.114715576171875
-0.0539016723632813 0.100776672363281 -0.0231971740722656 -0.0644912719726563
-0.103012084960937 0.060791015625 -0.0129470825195313 -0.0232143402099609
-0.112068176269531 -0.0309219360351563 -0.0380821228027344 0.0160789489746094
-0.0417861938476562 -0.114585876464844 -0.1224365234375 0.0265274047851563
0.11383056640625 -0.0979080200195313 -0.222915649414063 -0.088836669921875
0.152023315429688 0.02581787109375 -0.12017822265625 -0.23492431640625
0.113311767578125 0.103652954101563 0.15802001953125 -0.135467529296875
-0.0284576416015625 -0.037078857421875 -0.200103759765625 0.13177490234375
-0.0311164855957031 -0.000619888305664058 0.101669311523437 0.244491577148438
-0.0460586547851563 -0.0109977722167969 0.244613647460937 0.053955078125
-0.01904296875 0.0290336608886719 0.131813049316406 -0.0518722534179687
0.0202865600585938 0.0220813751220703 0.0241298675537109 -0.0157794952392578
0.0242366790771484 -0.0157604217529297 0.005828857421875 0.04412841796875
0.00131797790527344 -0.0216236114501953 0.0239715576171875 0.0954055786132812
-0.00114631652832031 -0.0121240615844727 0.0367813110351562 0.123542785644531
0.00112628936767578 -0.0152797698974609 0.0146331787109375 0.198715209960938
0.00199270248413086 -0.00740194320678711 -0.0991668701171875 0.253265380859375
0.0123262405395508 0.00281238555908203 -0.237701416015625 0.227737426757813
-0.00600147247314453 0.0151481628417969 -0.358062744140625 0.04949951171875
-0.0303230285644531 0.0142650604248047 -0.353424072265625 -0.230224609375
-0.0582046508789062 0.00112533569335937 -0.219940185546875 -0.319091796875
-0.0663223266601563 -0.0578422546386719 -0.075927734375 -0.36224365234375
0.0850753784179688 0.028411865234375 -0.207077026367188 0.107437133789062
0.0904541015625 -0.0169296264648438 0.0768585205078125 0.235214233398437
0.022735595703125 -0.115081787109375 0.235595703125 0.0772247314453125
-0.0633125305175781 -0.0670509338378906 0.14190673828125 -0.0299224853515625
-0.07562255859375 0.00200653076171876 0.0439300537109375 -0.0188560485839844
-0.0414466857910156 0.0453033447265625 0.0106391906738281 0.042022705078125
-0.0148086547851562 0.05145263671875 0.0230636596679688 0.0918807983398438
-0.01470947265625 0.0437850952148438 0.03814697265625 0.11883544921875
-0.0112838745117187 0.047149658203125 0.01568603515625 0.1956787109375
-0.027374267578125 0.042205810546875 -0.08807373046875 0.25750732421875
-0.0427932739257813 0.0238380432128906 -0.22540283203125 0.234100341796875
-0.0578346252441406 -0.0105094909667969 -0.35296630859375 0.066558837890625
-0.0238685607910156 -0.0615386962890625 -0.3642578125 -0.20355224609375
0.0183067321777344 -0.0477027893066406 -0.244049072265625 -0.311492919921875
0.0330524444580078 -0.0232810974121094 -0.093292236328125 -0.376190185546875
0.181503295898437 0.0815582275390625 -0.192886352539063 0.105148315429687
0.19256591796875 -0.0358734130859375 0.0471343994140625 0.22027587890625
0.074493408203125 -0.203781127929688 0.206741333007813 0.115219116210938
-0.104461669921875 -0.146255493164063 0.167633056640625 0.0152435302734375
-0.152420043945313 -0.0131072998046875 0.0927581787109375 -0.0243301391601563
-0.0958633422851563 0.0987548828125 0.0340232849121094 0.00995445251464844
-0.0306625366210938 0.113365173339844 0.0227088928222656 0.0576133728027344
-0.0276336669921875 0.0936737060546875 0.0320892333984375 0.0957794189453125
-0.0214309692382812 0.105079650878906 0.0109100341796875 0.18109130859375
-0.0545120239257813 0.091644287109375 -0.0811767578125 0.248092651367188
-0.097564697265625 0.0466384887695312 -0.21533203125 0.225723266601562
-0.110527038574219 -0.036041259765625 -0.344268798828125 0.068878173828125
-0.0161285400390625 -0.136665344238281 -0.358489990234375 -0.187530517578125
0.09552001953125 -0.092620849609375 -0.244781494140625 -0.3043212890625
0.128684997558594 0.01251220703125 -0.085174560546875 -0.370208740234375
0.246185302734375 0.111358642578125 -0.16387939453125 0.124374389648438
0.251983642578125 -0.066497802734375 0.0206756591796875 0.22576904296875
0.0885772705078125 -0.264999389648438 0.190719604492188 0.1708984375
-0.14117431640625 -0.183090209960938 0.21893310546875 0.0618438720703125
-0.19805908203125 -0.01055908203125 0.159027099609375 -0.0430908203125
-0.124809265136719 0.134742736816406 0.0652046203613281 -0.0434036254882812
-0.0416107177734375 0.152511596679687 0.0193710327148437 0.0028057098388672
-0.0377655029296875 0.13177490234375 0.0204086303710937 0.0579452514648438
-0.0305938720703125 0.152862548828125 0.000808715820312504 0.151321411132813
-0.082550048828125 0.133743286132813 -0.0769805908203125 0.220458984375
-0.151412963867188 0.0622100830078125 -0.203750610351563 0.196792602539062
-0.15985107421875 -0.0680084228515625 -0.3240966796875 0.054046630859375
0.00045776367187498 -0.207000732421875 -0.331146240234375 -0.18017578125
0.169387817382813 -0.123275756835938 -0.2218017578125 -0.292999267578125
0.20477294921875 0.04998779296875 -0.0530700683593749 -0.3455810546875
0.273681640625 0.117828369140625 -0.123428344726563 0.165145874023437
0.261077880859375 -0.0888519287109375 0.01690673828125 0.25579833984375
0.0729522705078125 -0.276046752929687 0.208648681640625 0.225082397460937
-0.154464721679688 -0.173797607421875 0.287841796875 0.08282470703125
-0.200286865234375 0.00173950195312501 0.220993041992188 -0.08026123046875
-0.12445068359375 0.14739990234375 0.091766357421875 -0.110069274902344
-0.0445709228515625 0.163848876953125 0.0124893188476562 -0.0609207153320312
-0.0436248779296875 0.15008544921875 0.00583648681640625 0.0124359130859375
-0.0395355224609375 0.180740356445313 -0.0107955932617188 0.105560302734375
-0.109664916992187 0.159759521484375 -0.0725250244140625 0.168914794921875
-0.195938110351562 0.0606689453125 -0.180740356445312 0.144882202148438
-0.187789916992188 -0.108154296875 -0.2822265625 0.026763916015625
0.034820556640625 -0.255096435546875 -0.28460693359375 -0.168914794921875
0.229156494140625 -0.125 -0.185638427734375 -0.273849487304687
0.248275756835937 0.0861358642578125 -0.00390625000000001 -0.304412841796875
0.26312255859375 0.10577392578125 -0.07080078125 0.216842651367188
0.2310791015625 -0.0892486572265625 0.047576904296875 0.294891357421875
0.0533294677734375 -0.238983154296875 0.251556396484375 0.248916625976563
-0.135200500488281 -0.137374877929688 0.3499755859375 0.0682373046875
-0.165740966796875 0.0108184814453125 0.261199951171875 -0.126724243164063
-0.104423522949219 0.133781433105469 0.104171752929687 -0.172149658203125
-0.0436859130859375 0.14996337890625 0.00174713134765625 -0.119148254394531
-0.044281005859375 0.145401000976563 -0.00967788696289063 -0.0347785949707031
-0.046905517578125 0.183013916015625 -0.0208587646484375 0.0479202270507813
-0.129791259765625 0.156692504882813 -0.0605697631835938 0.10028076171875
-0.212173461914063 0.0352783203125 -0.139144897460938 0.0847854614257813
-0.175750732421875 -0.145980834960938 -0.219451904296875 0.00765991210937495
0.08343505859375 -0.257278442382812 -0.237869262695313 -0.138946533203125
0.257568359375 -0.09063720703125 -0.1527099609375 -0.249191284179687
0.24737548828125 0.1143798828125 0.0522003173828125 -0.251602172851563
0.218048095703125 0.080474853515625 -0.01300048828125 0.26922607421875
0.177352905273438 -0.0647735595703125 0.099365234375 0.3214111328125
0.0417633056640625 -0.173446655273438 0.296478271484375 0.240325927734375
-0.0935440063476562 -0.0942306518554688 0.385528564453125 0.031158447265625
-0.113868713378906 0.0109939575195312 0.273544311523437 -0.166976928710938
-0.0749359130859375 0.100067138671875 0.102249145507813 -0.218765258789063
-0.039398193359375 0.113883972167969 -0.01104736328125 -0.164413452148438
-0.0401077270507812 0.119361877441406 -0.0240097045898438 -0.0772552490234375
-0.0506591796875 0.156082153320312 -0.0256061553955078 -0.0127334594726562
-0.128822326660156 0.121627807617188 -0.038818359375 0.0295333862304688
-0.183624267578125 -0.000473022460937525 -0.0829544067382813 0.0376434326171875
-0.119613647460937 -0.15362548828125 -0.156341552734375 0.0116729736328125
0.117813110351563 -0.199981689453125 -0.216461181640625 -0.098846435546875
0.233154296875 -0.0328826904296875 -0.137786865234375 -0.22857666015625
0.200881958007812 0.121475219726563 0.10400390625 -0.194091796875
0.143508911132813 0.0467681884765625 0.0428466796875 0.311614990234375
0.115531921386719 -0.0258102416992188 0.15631103515625 0.332000732421875
0.0366973876953125 -0.10064697265625 0.328033447265625 0.213287353515625
-0.0439109802246094 -0.0556449890136719 0.396575927734375 -0.006988525390625
-0.0579261779785156 0.00357055664062499 0.268630981445313 -0.194808959960938
-0.04461669921875 0.0554542541503906 0.0923309326171875 -0.246917724609375
-0.0320587158203125 0.0643959045410156 -0.024017333984375 -0.19293212890625
-0.0315475463867187 0.0753936767578125 -0.0361709594726563 -0.108345031738281
-0.0449447631835938 0.101081848144531 -0.0258636474609375 -0.0612373352050781
-0.09735107421875 0.0664520263671875 -0.0147781372070313 -0.0237827301025391
-0.110671997070313 -0.0239791870117188 -0.0353240966796875 0.0161476135253906
-0.046630859375 -0.110679626464844 -0.116996765136719 0.0319900512695312
0.10614013671875 -0.102806091308594 -0.223098754882813 -0.073638916015625
0.151290893554687 0.0175628662109375 -0.1319580078125 -0.22314453125
0.116493225097656 0.096954345703125 0.146530151367188 -0.140609741210938
-0.0302619934082031 -0.0349025726318359 -0.1917724609375 0.133560180664062
-0.0299739837646484 -3.81469726562461E-05 0.107513427734375 0.234771728515625
-0.0461959838867188 -0.00736236572265626 0.241165161132813 0.04461669921875
-0.0167350769042969 0.0298500061035156 0.126792907714844 -0.055084228515625
0.0208759307861328 0.0203151702880859 0.0234508514404297 -0.0158538818359375
0.0230770111083984 -0.01568603515625 0.00833892822265625 0.0430679321289062
0.00105094909667969 -0.0194492340087891 0.0268096923828125 0.0909576416015625
-0.000685691833496093 -0.0119895935058594 0.0381317138671875 0.116500854492187
0.00076580047607422 -0.0143594741821289 0.0186004638671875 0.188735961914063
0.00129032135009766 -0.00695610046386719 -0.0890350341796875 0.247772216796875
0.0128622055053711 0.00157260894775391 -0.2236328125 0.228561401367188
-0.00543785095214844 0.0149087905883789 -0.348846435546875 0.0573120117187501
-0.0310096740722656 0.0137577056884766 -0.353546142578125 -0.21630859375
-0.0572967529296875 0.00218963623046876 -0.223388671875 -0.306396484375
-0.0673942565917969 -0.0551185607910156 -0.083099365234375 -0.355621337890625
0.0839004516601563 0.0265884399414062 -0.20050048828125 0.109817504882812
0.0883026123046875 -0.018157958984375 0.082733154296875 0.225143432617188
0.0171279907226562 -0.112098693847656 0.233108520507813 0.066925048828125
-0.0636062622070313 -0.0635643005371094 0.137382507324219 -0.0352096557617188
-0.0726242065429688 0.00311279296874999 0.0423355102539062 -0.0205726623535156
-0.0388565063476563 0.0462760925292969 0.0132713317871094 0.0405769348144531
-0.0123558044433594 0.0519676208496094 0.026336669921875 0.0867843627929688
-0.0123672485351563 0.0423469543457031 0.0398483276367188 0.111518859863281
-0.00868988037109375 0.0461921691894531 0.01971435546875 0.187545776367188
-0.0257339477539062 0.04205322265625 -0.0788421630859375 0.251388549804688
-0.0398521423339844 0.0244598388671875 -0.211929321289063 0.234237670898437
-0.056549072265625 -0.00849151611328125 -0.34429931640625 0.074249267578125
-0.0268974304199219 -0.0597076416015625 -0.363372802734375 -0.190032958984375
0.0159988403320313 -0.0468826293945313 -0.24810791015625 -0.298980712890625
0.0312404632568359 -0.0233631134033203 -0.099822998046875 -0.367950439453125
0.17962646484375 0.0771942138671875 -0.186264038085938 0.107620239257813
0.1884765625 -0.0388031005859375 0.053131103515625 0.21075439453125
0.0659027099609375 -0.201171875 0.206268310546875 0.104278564453125
-0.10595703125 -0.139350891113281 0.164566040039063 0.00881958007812499
-0.149017333984375 -0.00866699218749998 0.0898895263671875 -0.0275497436523438
-0.0907974243164062 0.0995864868164063 0.0352325439453125 0.00920486450195313
-0.0257644653320312 0.112152099609375 0.02471923828125 0.0537681579589844
-0.0235519409179687 0.0923690795898438 0.0333251953125 0.0889358520507813
-0.016510009765625 0.103195190429688 0.0152587890625 0.173736572265625
-0.05047607421875 0.0909881591796875 -0.0718994140625 0.2423095703125
-0.0919647216796875 0.048187255859375 -0.202377319335938 0.225845336914063
-0.108390808105469 -0.0320663452148438 -0.335357666015625 0.0762939453125
-0.0211257934570313 -0.133209228515625 -0.357208251953125 -0.174530029296875
0.09039306640625 -0.09283447265625 -0.248870849609375 -0.290985107421875
0.126014709472656 0.0100021362304688 -0.09283447265625 -0.363189697265625
0.2442626953125 0.106399536132813 -0.157394409179687 0.126419067382813
0.24603271484375 -0.0701904296875 0.0264129638671875 0.216781616210938
0.0780181884765625 -0.26190185546875 0.191329956054688 0.159500122070312
-0.142166137695313 -0.174575805664062 0.215866088867188 0.0533599853515625
-0.19287109375 -0.00563049316406246 0.15423583984375 -0.047271728515625
-0.117218017578125 0.135467529296875 0.0647926330566406 -0.0442581176757812
-0.0345306396484375 0.150909423828125 0.0201663970947266 0.000352859497070322
-0.032135009765625 0.1290283203125 0.021270751953125 0.0537872314453125
-0.0232696533203125 0.149124145507813 0.004547119140625 0.146453857421875
-0.0759658813476562 0.133445739746094 -0.068145751953125 0.2152099609375
-0.143814086914062 0.0653076171875 -0.191162109375 0.197311401367188
-0.157699584960938 -0.06256103515625 -0.316558837890625 0.0615844726562501
-0.00685119628906249 -0.202743530273437 -0.330078125 -0.168609619140625
0.161666870117188 -0.124771118164062 -0.225784301757812 -0.280975341796875
0.202651977539063 0.0457916259765625 -0.060577392578125 -0.33966064453125
0.270980834960938 0.111419677734375 -0.11651611328125 0.165802001953125
0.254058837890625 -0.092254638671875 0.0226287841796875 0.246902465820312
0.062255859375 -0.272445678710937 0.209991455078125 0.21246337890625
-0.155563354492187 -0.165115356445313 0.285186767578125 0.0723876953125
-0.194610595703125 0.00679016113281251 0.214691162109375 -0.0860137939453125
-0.115814208984375 0.147369384765625 0.0884170532226562 -0.110023498535156
-0.038055419921875 0.162689208984375 0.0115928649902344 -0.0607833862304687
-0.0381927490234375 0.146926879882812 0.00627613067626953 0.010284423828125
-0.0307464599609375 0.177352905273437 -0.00722503662109375 0.103065490722656
-0.102325439453125 0.158981323242188 -0.065582275390625 0.165145874023437
-0.187942504882813 0.0650634765625 -0.171798706054688 0.145675659179688
-0.186920166015625 -0.102340698242188 -0.274948120117188 0.03302001953125
0.0260009765625 -0.251968383789063 -0.2830810546875 -0.158172607421875
0.2208251953125 -0.12823486328125 -0.189712524414063 -0.263900756835938
0.246429443359375 0.08087158203125 -0.011932373046875 -0.299591064453125
0.2606201171875 0.099853515625 -0.0640869140625 0.215621948242187
0.224472045898437 -0.091552734375 0.052825927734375 0.284332275390625
0.0443572998046875 -0.2353515625 0.253387451171875 0.236358642578125
-0.135345458984375 -0.129684448242188 0.344573974609375 0.0557861328125
-0.1605224609375 0.014373779296875 0.250778198242188 -0.132705688476563
-0.0962753295898437 0.133644104003906 0.0983734130859375 -0.171615600585937
-0.0373992919921875 0.14825439453125 -0.000503540039062497 -0.116874694824219
-0.03936767578125 0.14300537109375 -0.00988578796386719 -0.0345554351806641
-0.0385589599609375 0.179946899414063 -0.0189018249511719 0.0469474792480469
-0.121673583984375 0.158203125 -0.0563278198242187 0.097991943359375
-0.2056884765625 0.0408782958984375 -0.132972717285156 0.0852890014648438
-0.1763916015625 -0.139419555664063 -0.21405029296875 0.0115966796875
0.0742950439453125 -0.2552490234375 -0.235641479492188 -0.130264282226563
0.250900268554688 -0.0946502685546875 -0.157577514648437 -0.23944091796875
0.246688842773438 0.108123779296875 0.04327392578125 -0.24847412109375
0.214935302734375 0.075958251953125 -0.006011962890625 0.265914916992188
0.172821044921875 -0.0673828125 0.105133056640625 0.309906005859375
0.03497314453125 -0.1707763671875 0.29632568359375 0.2266845703125
-0.0923843383789062 -0.089385986328125 0.378509521484375 0.0189208984375
-0.108963012695312 0.0127182006835938 0.262313842773438 -0.172317504882813
-0.0692138671875 0.0994110107421875 0.0958404541015625 -0.216232299804688
-0.03424072265625 0.11297607421875 -0.0145416259765625 -0.1597900390625
-0.0357742309570313 0.116973876953125 -0.0238265991210938 -0.0745391845703125
-0.0432586669921875 0.153778076171875 -0.0252227783203125 -0.0114536285400391
-0.122230529785156 0.124382019042969 -0.0376472473144531 0.0282135009765625
-0.17919921875 0.00448608398437501 -0.0796661376953125 0.0367431640625
-0.1214599609375 -0.148590087890625 -0.15155029296875 0.014404296875
0.1102294921875 -0.200180053710938 -0.21392822265625 -0.0908355712890625
0.227752685546875 -0.03759765625 -0.142349243164062 -0.219772338867188
0.2008056640625 0.11676025390625 0.096435546875 -0.19256591796875
0.140792846679688 0.0454864501953125 0.04937744140625 0.306884765625
0.112678527832031 -0.02783203125 0.160247802734375 0.31890869140625
0.0323410034179688 -0.0995407104492187 0.327423095703125 0.199005126953125
-0.0439643859863281 -0.0531806945800781 0.3880615234375 -0.019287109375
-0.0547637939453125 0.00440216064453125 0.256637573242187 -0.198898315429688
-0.0418205261230469 0.0553474426269531 0.085174560546875 -0.243438720703125
-0.0297126770019531 0.0647354125976563 -0.0279388427734375 -0.186630249023438
-0.0285263061523437 0.0740203857421875 -0.036376953125 -0.1044921875
-0.0391998291015625 0.100624084472656 -0.0267524719238281 -0.0583992004394531
-0.0935440063476563 0.0688018798828125 -0.0154800415039063 -0.0252304077148437
-0.10931396484375 -0.0213851928710938 -0.0340595245361328 0.0142936706542969
-0.0489959716796875 -0.109169006347656 -0.11273193359375 0.0333251953125
0.101364135742188 -0.103355407714844 -0.220428466796875 -0.065032958984375
0.149658203125 0.013702392578125 -0.136932373046875 -0.21453857421875
0.117538452148438 0.094207763671875 0.138656616210938 -0.141220092773438
-0.0312080383300781 -0.0338497161865234 -0.190460205078125 0.134017944335937
-0.0289134979248047 0.000230789184570309 0.110870361328125 0.231155395507813
-0.0474052429199219 -0.00539398193359376 0.241363525390625 0.0401763916015625
-0.0160160064697266 0.0301017761230469 0.12530517578125 -0.0569992065429687
0.0214061737060547 0.0190143585205078 0.0239944458007813 -0.0153999328613281
0.0230579376220703 -0.0155887603759766 0.0101814270019531 0.0420913696289062
0.00193977355957031 -0.0181198120117188 0.028289794921875 0.0877609252929688
0.000513076782226563 -0.0118865966796875 0.0379791259765625 0.112739562988281
0.000594139099121094 -0.0137720108032227 0.0191192626953125 0.184326171875
0.000270366668701171 -0.00613212585449219 -0.085418701171875 0.2454833984375
0.0126657485961914 0.000377655029296875 -0.218246459960938 0.228225708007812
-0.00567340850830078 0.0150365829467773 -0.349090576171875 0.06036376953125
-0.0328445434570313 0.0138492584228516 -0.35638427734375 -0.211761474609375
-0.0581474304199219 0.00267410278320313 -0.226318359375 -0.304107666015625
-0.0685386657714844 -0.055145263671875 -0.08447265625 -0.357666015625
0.0847396850585938 0.0269012451171875 -0.198684692382813 0.110595703125
0.0885238647460938 -0.0179977416992187 0.0857391357421875 0.221099853515625
0.0146331787109375 -0.1102294921875 0.234451293945313 0.06170654296875
-0.0628852844238281 -0.0629119873046875 0.136726379394531 -0.0377731323242188
-0.0720977783203125 0.00279998779296874 0.0417823791503906 -0.0215835571289063
-0.0373916625976563 0.0472679138183594 0.0157928466796875 0.0392532348632812
-0.0100822448730469 0.05303955078125 0.0279769897460937 0.0832061767578125
-0.0110626220703125 0.0428314208984375 0.0391387939453125 0.107170104980469
-0.00703048706054688 0.0457725524902344 0.019927978515625 0.183822631835938
-0.0243644714355469 0.0428886413574219 -0.0749969482421875 0.248626708984375
-0.0379180908203125 0.0240402221679688 -0.205978393554687 0.23358154296875
-0.0564842224121094 -0.0076904296875 -0.34381103515625 0.077484130859375
-0.0294914245605469 -0.0593223571777344 -0.365692138671875 -0.18572998046875
0.0142555236816406 -0.0461921691894531 -0.25140380859375 -0.2960205078125
0.0307788848876953 -0.0233287811279297 -0.102783203125 -0.370819091796875
0.18121337890625 0.077880859375 -0.186309814453125 0.108596801757812
0.189300537109375 -0.0399322509765625 0.05487060546875 0.20684814453125
0.0628204345703125 -0.20135498046875 0.207321166992188 0.0992279052734375
-0.106437683105469 -0.138694763183594 0.163558959960938 0.00547790527343749
-0.148406982421875 -0.00798034667968748 0.0895843505859375 -0.0289993286132812
-0.0881729125976562 0.100616455078125 0.0376205444335937 0.00856399536132813
-0.0220260620117188 0.113044738769531 0.0258064270019531 0.0511245727539063
-0.021881103515625 0.0922317504882813 0.0328521728515625 0.0850601196289062
-0.0140380859375 0.102317810058594 0.0159149169921875 0.170639038085938
-0.0480117797851563 0.0915679931640625 -0.06817626953125 0.240646362304687
-0.0890731811523438 0.0484695434570312 -0.19775390625 0.226730346679688
-0.108116149902344 -0.03094482421875 -0.33465576171875 0.078643798828125
-0.0252609252929687 -0.132293701171875 -0.35992431640625 -0.170806884765625
0.0876541137695313 -0.0924072265625 -0.251800537109375 -0.288726806640625
0.125251770019531 0.0101776123046875 -0.095245361328125 -0.36505126953125
0.246170043945313 0.106964111328125 -0.15618896484375 0.128326416015625
0.246368408203125 -0.0703887939453125 0.027313232421875 0.212600708007813
0.073638916015625 -0.261871337890625 0.192794799804688 0.155410766601562
-0.143539428710938 -0.173370361328125 0.216033935546875 0.049530029296875
-0.192184448242188 -0.0043487548828125 0.153579711914063 -0.050689697265625
-0.114242553710937 0.136749267578125 0.0666580200195312 -0.0455665588378906
-0.03125 0.151336669921875 0.0200614929199219 -0.00176239013671874
-0.03070068359375 0.128868103027344 0.0206756591796875 0.0504684448242188
-0.020416259765625 0.148284912109375 0.00628662109374999 0.144699096679687
-0.07220458984375 0.134269714355469 -0.0658111572265625 0.213485717773438
-0.140579223632813 0.0666580200195313 -0.188125610351562 0.197494506835938
-0.157302856445313 -0.0604400634765625 -0.31634521484375 0.0631408691406251
-0.01080322265625 -0.202438354492188 -0.332000732421875 -0.16595458984375
0.1597900390625 -0.124649047851563 -0.229644775390625 -0.278839111328125
0.20294189453125 0.0461273193359375 -0.064178466796875 -0.341278076171875
0.27288818359375 0.112625122070312 -0.114959716796875 0.16754150390625
0.253631591796875 -0.0925750732421875 0.02337646484375 0.243331909179688
0.05755615234375 -0.27191162109375 0.211868286132813 0.208282470703125
-0.154953002929688 -0.163238525390625 0.285247802734375 0.06793212890625
-0.19305419921875 0.00715637207031253 0.212478637695312 -0.08978271484375
-0.113357543945312 0.147811889648438 0.0892181396484375 -0.110610961914063
-0.03424072265625 0.162704467773438 0.0108222961425781 -0.0618858337402344
-0.03631591796875 0.1466064453125 0.00571918487548828 0.00822639465332032
-0.0267333984375 0.175994873046875 -0.00606536865234376 0.102142333984375
-0.098175048828125 0.160919189453125 -0.0637359619140625 0.164276123046875
-0.185256958007813 0.06683349609375 -0.16925048828125 0.14556884765625
-0.187515258789063 -0.099334716796875 -0.275054931640625 0.03387451171875
0.0214385986328125 -0.251937866210938 -0.28533935546875 -0.156494140625
0.22003173828125 -0.129379272460938 -0.193130493164063 -0.261550903320313
0.24774169921875 0.080841064453125 -0.015472412109375 -0.301605224609375
0.262252807617188 0.10137939453125 -0.0628509521484375 0.218414306640625
0.224029541015625 -0.0919647216796875 0.0539703369140625 0.280319213867188
0.04010009765625 -0.234298706054688 0.254745483398438 0.232589721679687
-0.134780883789063 -0.12786865234375 0.345672607421875 0.05108642578125
-0.158950805664063 0.0148468017578125 0.249359130859375 -0.136367797851563
-0.0936431884765625 0.133003234863281 0.0981903076171875 -0.172088623046875
-0.033935546875 0.148971557617188 -0.00203704833984375 -0.11712646484375
-0.03778076171875 0.142196655273438 -0.00942039489746094 -0.0347709655761719
-0.034393310546875 0.179046630859375 -0.0176887512207031 0.0464553833007813
-0.117965698242187 0.159591674804688 -0.0558929443359375 0.09674072265625
-0.203811645507813 0.0431976318359375 -0.131881713867188 0.0843353271484375
-0.177581787109375 -0.138229370117188 -0.21368408203125 0.01171875
0.0709075927734375 -0.256805419921875 -0.237777709960938 -0.1279296875
0.2506103515625 -0.0960540771484375 -0.16168212890625 -0.236846923828125
0.249038696289062 0.109481811523438 0.040130615234375 -0.24951171875
0.215316772460937 0.0772247314453125 -0.0040130615234375 0.268478393554688
0.17315673828125 -0.067474365234375 0.1068115234375 0.306121826171875
0.0308074951171875 -0.1695556640625 0.2989501953125 0.223419189453125
-0.0913314819335938 -0.0877532958984375 0.378692626953125 0.01397705078125
-0.107208251953125 0.0122833251953125 0.258697509765625 -0.175323486328125
-0.0666046142578125 0.0993270874023438 0.0944976806640625 -0.2166748046875
-0.0328521728515625 0.113723754882812 -0.016326904296875 -0.158920288085938
-0.034759521484375 0.116531372070313 -0.0235366821289063 -0.0741348266601563
-0.0392608642578125 0.152877807617188 -0.0250606536865234 -0.0109920501708984
-0.119178771972656 0.126609802246094 -0.0381393432617188 0.0267333984375
-0.178054809570313 0.00648498535156252 -0.07940673828125 0.0354537963867188
-0.123428344726563 -0.147689819335937 -0.151138305664063 0.0141143798828125
0.107986450195312 -0.201492309570313 -0.21551513671875 -0.0870513916015626
0.229171752929688 -0.0393218994140625 -0.146713256835938 -0.21746826171875
0.20306396484375 0.117599487304688 0.093475341796875 -0.193710327148437
0.140556335449219 0.0462112426757812 0.05133056640625 0.309051513671875
0.112663269042969 -0.0278472900390625 0.162353515625 0.314453125
0.0304336547851563 -0.098541259765625 0.329345703125 0.1961669921875
-0.0428619384765625 -0.0522499084472656 0.387176513671875 -0.0247802734375
-0.0538482666015625 0.00279235839843751 0.253585815429688 -0.201156616210938
-0.0402793884277344 0.0554428100585938 0.083404541015625 -0.242935180664063
-0.0286102294921875 0.0654640197753906 -0.0291748046875 -0.18426513671875
-0.0273818969726562 0.0739212036132813 -0.0361175537109375 -0.102081298828125
-0.036773681640625 0.100791931152344 -0.0266838073730469 -0.0577850341796875
-0.0917282104492188 0.070953369140625 -0.01690673828125 -0.0262355804443359
-0.109840393066406 -0.021484375 -0.033203125 0.0125198364257812
-0.0498504638671875 -0.109596252441406 -0.110923767089844 0.0331954956054688
0.100967407226563 -0.104629516601563 -0.2215576171875 -0.0612640380859375
0.151016235351563 0.01324462890625 -0.141250610351562 -0.212646484375
0.118843078613281 0.0947189331054688 0.136001586914063 -0.14227294921875
-0.032684326171875 -0.0338077545166016 -0.191513061523438 0.138427734375
-0.0287361145019531 -0.000387191772460938 0.118011474609375 0.23175048828125
-0.0490760803222656 -0.00333023071289062 0.249038696289063 0.0349273681640625
-0.0151481628417969 0.0310573577880859 0.126792907714844 -0.061553955078125
0.0219745635986328 0.0182571411132813 0.0247421264648438 -0.0162925720214844
0.0235233306884766 -0.0158042907714844 0.0130233764648438 0.0420684814453125
0.00290107727050781 -0.0180931091308594 0.0304031372070313 0.0863113403320313
0.00110530853271484 -0.012578010559082 0.0388107299804688 0.111129760742188
0.00163173675537109 -0.0140714645385742 0.0201873779296875 0.184677124023438
0.00111818313598633 -0.00578927993774414 -0.0826416015625 0.249176025390625
0.0129842758178711 -0.000166893005371094 -0.217193603515625 0.234603881835937
-0.00607395172119141 0.0160388946533203 -0.356170654296875 0.06817626953125
-0.0350761413574219 0.0147628784179687 -0.3707275390625 -0.210662841796875
-0.0594558715820313 0.00389480590820312 -0.235931396484375 -0.30718994140625
-0.0716400146484375 -0.0561141967773438 -0.0916748046875 -0.36773681640625
0.0872955322265625 0.0271987915039062 -0.20208740234375 0.114974975585938
0.0911865234375 -0.0185317993164063 0.09149169921875 0.221633911132813
0.0126190185546875 -0.111572265625 0.242034912109375 0.0559234619140625
-0.0648231506347656 -0.064056396484375 0.139228820800781 -0.042877197265625
-0.0731277465820313 0.00301361083984375 0.0422210693359375 -0.0225944519042969
-0.0367012023925781 0.0490074157714844 0.0189743041992187 0.0385589599609375
-0.00836944580078125 0.0546035766601563 0.0299911499023438 0.0826187133789062
-0.00994873046875 0.0431365966796875 0.0396575927734375 0.105430603027344
-0.00503921508789062 0.0464935302734375 0.0211639404296875 0.1834716796875
-0.0234375 0.0446205139160156 -0.0724945068359375 0.252410888671875
-0.0375442504882813 0.0245895385742187 -0.205169677734375 0.240386962890625
-0.0569953918457031 -0.00654602050781249 -0.350982666015625 0.084991455078125
-0.0331459045410156 -0.05902099609375 -0.379302978515625 -0.184600830078125
0.0132560729980469 -0.0458641052246094 -0.261322021484375 -0.298553466796875
0.0304927825927734 -0.0237636566162109 -0.10894775390625 -0.38128662109375
0.187850952148438 0.0799407958984375 -0.187744140625 0.113250732421875
0.194610595703125 -0.04107666015625 0.05914306640625 0.207717895507813
0.060394287109375 -0.205322265625 0.214569091796875 0.0952606201171875
-0.110115051269531 -0.140426635742188 0.168060302734375 0.00108337402343749
-0.151901245117188 -0.00738525390625002 0.0908889770507812 -0.0316543579101563
-0.0867996215820312 0.105003356933594 0.0409927368164062 0.00732803344726563
-0.018798828125 0.115875244140625 0.0268287658691406 0.0491104125976563
-0.0201568603515625 0.0937118530273438 0.0329208374023438 0.0837936401367188
-0.0110244750976562 0.103790283203125 0.017822265625 0.171249389648437
-0.0465087890625 0.0938720703125 -0.065216064453125 0.244781494140625
-0.08880615234375 0.0500717163085937 -0.1971435546875 0.232009887695313
-0.110733032226563 -0.0289993286132812 -0.342681884765625 0.0865478515625
-0.0300827026367188 -0.133651733398438 -0.3717041015625 -0.16973876953125
0.0874252319335937 -0.0948333740234375 -0.262359619140625 -0.29150390625
0.128944396972656 0.0098876953125 -0.102783203125 -0.37591552734375
0.254730224609375 0.10888671875 -0.157455444335937 0.133926391601563
0.252960205078125 -0.0738983154296875 0.03045654296875 0.213882446289063
0.07037353515625 -0.26812744140625 0.199737548828125 0.152679443359375
-0.148178100585938 -0.175827026367187 0.222412109375 0.0457763671875
-0.196044921875 -0.00321960449218751 0.155914306640625 -0.0545806884765625
-0.112335205078125 0.141647338867188 0.0697059631347656 -0.0483932495117187
-0.027008056640625 0.155929565429688 0.0206546783447266 -0.00347328186035155
-0.0286483764648437 0.131576538085938 0.0204887390136719 0.0491676330566406
-0.0156097412109375 0.15057373046875 0.00823974609374999 0.145767211914062
-0.070098876953125 0.1385498046875 -0.0623931884765625 0.217437744140625
-0.141311645507813 0.0700836181640625 -0.18780517578125 0.202743530273438
-0.161148071289063 -0.058929443359375 -0.32342529296875 0.0690917968750001
-0.0164794921875 -0.205886840820313 -0.343505859375 -0.1646728515625
0.161453247070313 -0.128585815429688 -0.24029541015625 -0.28125
0.209197998046875 0.046295166015625 -0.0712890625 -0.351226806640625
0.28271484375 0.114715576171875 -0.114990234375 0.174835205078125
0.259933471679688 -0.09686279296875 0.0268096923828125 0.24542236328125
0.0536651611328125 -0.278274536132813 0.220306396484375 0.208221435546875
-0.160690307617188 -0.164596557617188 0.29351806640625 0.063232421875
-0.19659423828125 0.00904846191406253 0.215789794921875 -0.0962677001953125
-0.110488891601563 0.152679443359375 0.0916290283203125 -0.115692138671875
-0.0305328369140625 0.166778564453125 0.0101203918457031 -0.0646858215332031
-0.033782958984375 0.149765014648438 0.00501537322998047 0.00759267807006837
-0.0224609375 0.1783447265625 -0.00442504882812501 0.103462219238281
-0.0951385498046875 0.165802001953125 -0.061553955078125 0.167022705078125
-0.18603515625 0.07110595703125 -0.170654296875 0.150314331054688
-0.193191528320313 -0.0983428955078125 -0.282440185546875 0.037689208984375
0.0168304443359375 -0.258056640625 -0.294921875 -0.155548095703125
0.222854614257813 -0.133804321289063 -0.202880859375 -0.264236450195313
0.25592041015625 0.082122802734375 -0.0208740234375 -0.31011962890625
0.269882202148438 0.103424072265625 -0.0598907470703125 0.22601318359375
0.2288818359375 -0.0952301025390625 0.056671142578125 0.284088134765625
0.0363311767578125 -0.238601684570312 0.264602661132813 0.233016967773437
-0.138374328613281 -0.128929138183594 0.3543701171875 0.04388427734375
-0.160781860351563 0.01580810546875 0.251434326171875 -0.144241333007812
-0.091552734375 0.137092590332031 0.0993499755859375 -0.178070068359375
-0.031097412109375 0.152374267578125 -0.00351715087890625 -0.11920166015625
-0.0357818603515625 0.145675659179688 -0.00970077514648438 -0.0357093811035156
-0.03033447265625 0.182266235351562 -0.017059326171875 0.0481185913085938
-0.116195678710938 0.165939331054688 -0.0557098388671875 0.0988082885742188
-0.206558227539063 0.0477142333984375 -0.133766174316406 0.0862197875976562
-0.184295654296875 -0.138641357421875 -0.2193603515625 0.01385498046875
0.0673065185546875 -0.264480590820313 -0.24566650390625 -0.126434326171875
0.25567626953125 -0.101425170898438 -0.170745849609375 -0.238433837890625
0.257797241210938 0.110931396484375 0.036041259765625 -0.256942749023438
0.222320556640625 0.078826904296875 -0.000457763671874967 0.277420043945313
0.176361083984375 -0.069854736328125 0.110687255859375 0.309722900390625
0.0294342041015625 -0.171920776367188 0.309661865234375 0.222808837890625
-0.0931167602539062 -0.0883255004882813 0.38714599609375 0.00665283203125
-0.107681274414063 0.0121536254882812 0.26177978515625 -0.18402099609375
-0.065032958984375 0.101722717285156 0.0949859619140625 -0.222442626953125
-0.0301284790039062 0.117362976074219 -0.0184783935546875 -0.160400390625
-0.0333328247070312 0.120140075683594 -0.024688720703125 -0.0746536254882812
-0.0357666015625 0.156265258789063 -0.0244464874267578 -0.010528564453125
-0.118019104003906 0.132087707519531 -0.0389823913574219 0.0273780822753906
-0.181350708007813 0.00846862792968752 -0.0803146362304688 0.03533935546875
-0.128768920898438 -0.150466918945313 -0.154327392578125 0.01556396484375
0.10675048828125 -0.208694458007813 -0.221572875976562 -0.0856781005859375
0.234695434570313 -0.0421295166015625 -0.15606689453125 -0.2181396484375
0.21142578125 0.120208740234375 0.0911407470703125 -0.199813842773437
0.14471435546875 0.0473785400390625 0.056396484375 0.318084716796875
0.115043640136719 -0.0280380249023438 0.168609619140625 0.318145751953125
0.0282516479492188 -0.0998687744140625 0.339874267578125 0.19415283203125
-0.0428123474121094 -0.0530509948730469 0.395050048828125 -0.03369140625
-0.0537796020507813 0.00243377685546876 0.254913330078125 -0.209976196289063
-0.0393905639648438 0.0570640563964844 0.082550048828125 -0.248214721679688
-0.0274238586425781 0.0685920715332031 -0.03204345703125 -0.186080932617188
-0.026763916015625 0.0764389038085938 -0.0363998413085938 -0.102806091308594
-0.03466796875 0.102485656738281 -0.0276603698730469 -0.0584716796875
-0.0911102294921875 0.074676513671875 -0.0184230804443359 -0.0269374847412109
-0.112327575683594 -0.0209503173828125 -0.0334701538085938 0.0108318328857422
-0.0522613525390625 -0.112403869628906 -0.112190246582031 0.034820556640625
0.101776123046875 -0.109466552734375 -0.227920532226563 -0.0578155517578125
0.156021118164063 0.012969970703125 -0.151885986328125 -0.213302612304687
0.12420654296875 0.096954345703125 0.136322021484375 -0.146820068359375
-0.0347557067871094 -0.0335235595703125 -0.191925048828125 0.148391723632813
-0.0287818908691406 -0.000288009643554687 0.131301879882813 0.231475830078125
-0.0510368347167969 0.000511169433593758 0.259414672851563 0.0241241455078125
-0.0149135589599609 0.0330657958984375 0.127784729003906 -0.0693206787109375
0.0230216979980469 0.0169734954833984 0.0254020690917969 -0.0171737670898437
0.0240364074707031 -0.0171413421630859 0.0164108276367188 0.0411224365234375
0.00317192077636719 -0.018218994140625 0.0335159301757813 0.0856399536132813
0.00153064727783203 -0.0132865905761719 0.0411529541015625 0.110435485839844
0.00243854522705078 -0.0146713256835938 0.0249481201171875 0.18670654296875
0.00184106826782227 -0.00506353378295898 -0.07537841796875 0.25738525390625
0.0129022598266602 -0.00092315673828125 -0.214279174804687 0.247772216796875
-0.00602054595947266 0.0175209045410156 -0.3658447265625 0.0843200683593749
-0.0382003784179688 0.0177383422851562 -0.390838623046875 -0.20269775390625
-0.0605926513671875 0.0070648193359375 -0.2548828125 -0.30853271484375
-0.0759811401367188 -0.0552139282226563 -0.1070556640625 -0.379364013671875
0.0923995971679688 0.025787353515625 -0.204254150390625 0.125808715820313
0.094268798828125 -0.0218276977539062 0.102859497070313 0.222885131835938
0.00845336914062501 -0.113960266113281 0.253326416015625 0.0456695556640625
-0.0686874389648438 -0.0639991760253906 0.141403198242188 -0.0508880615234375
-0.0764389038085938 0.00466156005859374 0.042724609375 -0.0252609252929688
-0.0357322692871094 0.0518569946289063 0.02294921875 0.0383186340332031
-0.004608154296875 0.0568771362304688 0.0336227416992188 0.0812911987304687
-0.00738143920898437 0.0443954467773437 0.0416336059570313 0.104835510253906
-0.0023193359375 0.0477523803710937 0.02667236328125 0.186416625976563
-0.0211982727050781 0.0471153259277344 -0.0644989013671875 0.2607421875
-0.0367813110351563 0.0256309509277344 -0.201766967773437 0.253524780273438
-0.0581207275390625 -0.00357437133789063 -0.35986328125 0.100677490234375
-0.0388374328613281 -0.0575141906738281 -0.399261474609375 -0.17547607421875
0.0116767883300781 -0.0470428466796875 -0.28082275390625 -0.298004150390625
0.0304946899414063 -0.0250892639160156 -0.12774658203125 -0.393157958984375
0.199020385742188 0.076904296875 -0.189224243164062 0.123382568359375
0.201263427734375 -0.047943115234375 0.067901611328125 0.209030151367188
0.05438232421875 -0.212615966796875 0.225509643554688 0.0867462158203125
-0.1187744140625 -0.142013549804688 0.172042846679688 -0.00648498535156251
-0.15777587890625 -0.00384521484375001 0.0922775268554687 -0.0366973876953125
-0.0847091674804687 0.111083984375 0.045135498046875 0.00426864624023438
-0.0133438110351562 0.120079040527344 0.0293922424316406 0.0479011535644531
-0.0170211791992188 0.0967330932617188 0.034576416015625 0.083343505859375
-0.00580596923828125 0.105758666992187 0.0227203369140625 0.174774169921875
-0.0426483154296875 0.0985794067382813 -0.057708740234375 0.252288818359375
-0.0876998901367187 0.0540008544921875 -0.193145751953125 0.245376586914063
-0.114051818847656 -0.0252914428710938 -0.351806640625 0.10205078125
-0.0378189086914062 -0.135101318359375 -0.391754150390625 -0.1605224609375
0.087066650390625 -0.0988845825195313 -0.28216552734375 -0.29058837890625
0.133293151855469 0.0078277587890625 -0.119903564453125 -0.38818359375
0.268890380859375 0.104415893554688 -0.156509399414062 0.144607543945313
0.26080322265625 -0.08349609375 0.037353515625 0.217208862304688
0.06256103515625 -0.277816772460938 0.2122802734375 0.147491455078125
-0.159439086914063 -0.176483154296875 0.2310791015625 0.037384033203125
-0.2034912109375 0.00245666503906254 0.158737182617188 -0.0630950927734375
-0.109054565429687 0.149688720703125 0.0721359252929688 -0.0536041259765625
-0.020294189453125 0.160232543945313 0.02069091796875 -0.0056781768798828
-0.0245361328125 0.135955810546875 0.0214309692382813 0.0486106872558594
-0.00889587402343749 0.153671264648437 0.0130462646484375 0.14923095703125
-0.0645751953125 0.145065307617188 -0.05596923828125 0.225021362304688
-0.140777587890625 0.0759124755859375 -0.185943603515625 0.21490478515625
-0.167617797851563 -0.0545806884765625 -0.333160400390625 0.0838623046875
-0.0266265869140625 -0.21014404296875 -0.363128662109375 -0.157562255859375
0.1617431640625 -0.13616943359375 -0.2591552734375 -0.28143310546875
0.218307495117187 0.042755126953125 -0.086944580078125 -0.363250732421875
0.298431396484375 0.11090087890625 -0.111099243164062 0.186141967773438
0.266357421875 -0.106887817382813 0.0341796875 0.250198364257813
0.045013427734375 -0.287994384765625 0.23480224609375 0.20526123046875
-0.171173095703125 -0.163970947265625 0.3050537109375 0.05303955078125
-0.202499389648438 0.014678955078125 0.218429565429687 -0.108139038085937
-0.1068115234375 0.160720825195313 0.0925979614257812 -0.123779296875
-0.0233154296875 0.1724853515625 0.0079193115234375 -0.0665817260742187
-0.029083251953125 0.154434204101563 0.00520896911621094 0.00669097900390626
-0.014678955078125 0.183242797851563 -0.000953674316406243 0.106925964355469
-0.0894012451171875 0.175125122070313 -0.0572052001953125 0.173782348632813
-0.188003540039063 0.0801239013671875 -0.170516967773438 0.160171508789063
-0.202194213867188 -0.0941314697265625 -0.291839599609375 0.049530029296875
0.00553894042968752 -0.265899658203125 -0.311676025390625 -0.149078369140625
0.226913452148438 -0.14495849609375 -0.219879150390625 -0.263870239257813
0.269058227539063 0.078582763671875 -0.0340576171875 -0.32171630859375
0.283905029296875 0.09967041015625 -0.0532073974609375 0.2386474609375
0.234451293945313 -0.104202270507813 0.067047119140625 0.29046630859375
0.0284423828125 -0.2457275390625 0.282196044921875 0.22918701171875
-0.146255493164062 -0.1282958984375 0.367523193359375 0.031280517578125
-0.164657592773438 0.0203857421875 0.252883911132813 -0.15875244140625
-0.0870513916015625 0.143402099609375 0.0975341796875 -0.187667846679688
-0.02471923828125 0.15838623046875 -0.00781250000000001 -0.122352600097656
-0.0313873291015625 0.150970458984375 -0.0110244750976563 -0.0369415283203125
-0.0223236083984375 0.1873779296875 -0.0151557922363281 0.0506439208984375
-0.111083984375 0.176055908203125 -0.0535964965820313 0.102622985839844
-0.210159301757813 0.05657958984375 -0.134933471679688 0.0930633544921875
-0.194992065429688 -0.137008666992188 -0.228073120117187 0.0218353271484374
0.058868408203125 -0.274826049804688 -0.259063720703125 -0.120986938476563
0.261642456054687 -0.112701416015625 -0.187088012695312 -0.238296508789063
0.272598266601563 0.1090087890625 0.026885986328125 -0.267868041992188
0.232696533203125 0.075897216796875 0.010833740234375 0.2901611328125
0.181564331054688 -0.076263427734375 0.12200927734375 0.3157958984375
0.0236053466796875 -0.176513671875 0.32818603515625 0.21710205078125
-0.0980911254882813 -0.087677001953125 0.399810791015625 -0.00973510742187501
-0.110252380371094 0.015106201171875 0.2620849609375 -0.200485229492188
-0.061614990234375 0.106819152832031 0.090789794921875 -0.232711791992188
-0.0250473022460937 0.122047424316406 -0.02398681640625 -0.163192749023438
-0.0291290283203125 0.124069213867188 -0.0259857177734375 -0.07525634765625
-0.029083251953125 0.160873413085938 -0.0252895355224609 -0.00915527343749999
-0.114822387695313 0.141983032226563 -0.0392684936523438 0.028778076171875
-0.187606811523438 0.015228271484375 -0.0823211669921875 0.0377426147460938
-0.137985229492187 -0.15130615234375 -0.1590576171875 0.0207061767578125
0.102859497070312 -0.219512939453125 -0.233169555664063 -0.0777740478515625
0.243896484375 -0.0519866943359375 -0.171768188476562 -0.217041015625
0.224411010742187 0.119461059570312 0.0857391357421875 -0.210235595703125
0.151199340820313 0.0458984375 0.070404052734375 0.33038330078125
0.119415283203125 -0.0327606201171875 0.1832275390625 0.3223876953125
0.0255508422851562 -0.102508544921875 0.35992431640625 0.187774658203125
-0.0453453063964844 -0.05340576171875 0.406219482421875 -0.050445556640625
-0.0546226501464844 0.00255966186523437 0.254547119140625 -0.225845336914063
-0.0372848510742187 0.0591964721679688 0.0764617919921875 -0.259201049804687
-0.0248489379882813 0.072479248046875 -0.0389862060546875 -0.187759399414063
-0.0242843627929688 0.0794906616210938 -0.0388412475585938 -0.102561950683594
-0.0305404663085937 0.105499267578125 -0.0299224853515625 -0.0581779479980469
-0.089996337890625 0.0816879272460937 -0.0212516784667969 -0.0276546478271484
-0.117172241210938 -0.0186004638671875 -0.0347957611083984 0.0110626220703125
-0.0573654174804687 -0.115318298339844 -0.114608764648438 0.0404586791992187
0.101806640625 -0.116615295410156 -0.238861083984375 -0.048065185546875
0.163467407226563 0.009246826171875 -0.1673583984375 -0.21307373046875
0.132781982421875 0.0979537963867187 0.135101318359375 -0.156524658203125
-0.0376358032226563 -0.0331039428710938 -0.186904907226562 0.161453247070313
-0.0288772583007812 0.000810623168945306 0.1474609375 0.225540161132813
-0.0522880554199219 0.00501632690429688 0.266357421875 0.00604248046875
-0.0129318237304688 0.0353355407714844 0.12579345703125 -0.0789413452148438
0.0237312316894531 0.0158233642578125 0.0257625579833984 -0.0193614959716797
0.023681640625 -0.018768310546875 0.0197868347167969 0.0386848449707031
0.00315666198730469 -0.0182723999023438 0.0389633178710938 0.0832443237304688
0.00105190277099609 -0.0143489837646484 0.0455551147460938 0.108268737792969
0.00201416015625 -0.0153036117553711 0.033233642578125 0.1866455078125
0.00199699401855469 -0.00386619567871094 -0.0616455078125 0.264129638671875
0.0130119323730469 -0.00194644927978516 -0.203018188476563 0.263412475585938
-0.00500106811523438 0.0188636779785156 -0.368621826171875 0.108367919921875
-0.0388374328613281 0.0220451354980469 -0.4124755859375 -0.182220458984375
-0.060333251953125 0.0112533569335937 -0.277801513671875 -0.300079345703125
-0.0808563232421875 -0.0521011352539063 -0.13226318359375 -0.383697509765625
0.0964279174804688 0.0204238891601563 -0.199905395507813 0.1400146484375
0.0963821411132813 -0.02716064453125 0.1177978515625 0.218612670898438
0.0023956298828125 -0.114616394042969 0.262054443359375 0.027008056640625
-0.0741958618164063 -0.061767578125 0.140289306640625 -0.0620956420898438
-0.0788192749023438 0.00851440429687498 0.0423965454101562 -0.0285987854003906
-0.0325927734375 0.0551376342773438 0.0268707275390625 0.0350360870361328
0.000335693359375002 0.0578384399414063 0.0383529663085938 0.0788497924804688
-0.004974365234375 0.0446891784667969 0.0460052490234375 0.102272033691406
0.00104141235351562 0.0475654602050781 0.035491943359375 0.186935424804688
-0.016815185546875 0.0493545532226562 -0.0498199462890625 0.266983032226563
-0.035003662109375 0.0280265808105469 -0.19012451171875 0.268035888671875
-0.0589408874511719 0.000637054443359363 -0.3623046875 0.124908447265625
-0.0446434020996094 -0.0537528991699219 -0.419464111328125 -0.15411376953125
0.00994110107421876 -0.0472946166992188 -0.303955078125 -0.288482666015625
0.02923583984375 -0.0266056060791016 -0.153900146484375 -0.3968505859375
0.208633422851563 0.067840576171875 -0.1842041015625 0.137649536132813
0.204818725585938 -0.0594635009765625 0.08099365234375 0.207443237304687
0.0433502197265625 -0.2197265625 0.235458374023438 0.0704498291015625
-0.129829406738281 -0.137825012207031 0.17425537109375 -0.0187225341796875
-0.162994384765625 0.00431823730468749 0.0916748046875 -0.0433883666992188
-0.0786590576171875 0.118331909179687 0.0478019714355469 -0.000286102294921868
-0.00517272949218751 0.123123168945313 0.0319976806640625 0.0455551147460938
-0.0109176635742188 0.0988922119140625 0.0374984741210938 0.0814590454101563
0.00167846679687499 0.10626220703125 0.031524658203125 0.175811767578125
-0.0346755981445312 0.102348327636719 -0.0427703857421875 0.258514404296875
-0.0843505859375 0.0595016479492188 -0.182022094726562 0.259674072265625
-0.115829467773438 -0.019012451171875 -0.354034423828125 0.126129150390625
-0.0479583740234375 -0.131866455078125 -0.41033935546875 -0.1392822265625
0.0835494995117188 -0.103858947753906 -0.3055419921875 -0.27960205078125
0.137519836425781 0.00091552734375 -0.146759033203125 -0.391143798828125
0.283111572265625 0.092437744140625 -0.149581909179687 0.156692504882812
0.263595581054688 -0.098541259765625 0.0496978759765625 0.21783447265625
0.047393798828125 -0.286041259765625 0.22509765625 0.134384155273438
-0.173370361328125 -0.17059326171875 0.237030029296875 0.0228729248046875
-0.208343505859375 0.0137786865234375 0.157943725585937 -0.0749359130859375
-0.100906372070313 0.159317016601563 0.0729217529296875 -0.0614395141601562
-0.00912475585937501 0.164199829101563 0.0208015441894531 -0.00809478759765624
-0.0169296264648437 0.138847351074219 0.0231704711914063 0.0473899841308594
0.00146484375 0.155609130859375 0.0215301513671875 0.151031494140625
-0.054473876953125 0.15081787109375 -0.043212890625 0.230560302734375
-0.137046813964844 0.0850372314453125 -0.17681884765625 0.228683471679688
-0.172515869140625 -0.0447845458984375 -0.336273193359375 0.106353759765625
-0.0408172607421875 -0.209793090820313 -0.380645751953125 -0.137542724609375
0.158462524414063 -0.147018432617188 -0.28179931640625 -0.271087646484375
0.226470947265625 0.0331573486328125 -0.111175537109375 -0.3675537109375
0.3118896484375 0.097412109375 -0.100112915039062 0.197357177734375
0.26873779296875 -0.122604370117188 0.0471038818359375 0.252639770507813
0.029144287109375 -0.2945556640625 0.252243041992188 0.193191528320312
-0.183563232421875 -0.15692138671875 0.31439208984375 0.0343017578125
-0.206085205078125 0.0261383056640625 0.216064453125 -0.124130249023437
-0.0976104736328125 0.169586181640625 0.0884628295898437 -0.133583068847656
-0.01202392578125 0.17657470703125 0.00432968139648437 -0.0688247680664063
-0.020355224609375 0.158737182617188 0.00539016723632812 0.00612926483154298
-0.00296020507812498 0.185897827148438 0.00579071044921874 0.1090087890625
-0.077301025390625 0.183517456054687 -0.0475311279296875 0.179031372070312
-0.184829711914063 0.0923309326171875 -0.164779663085938 0.1715087890625
-0.211135864257813 -0.0845947265625 -0.296539306640625 0.0681762695312499
-0.0114593505859375 -0.27032470703125 -0.327728271484375 -0.13262939453125
0.224609375 -0.159072875976563 -0.240890502929687 -0.25555419921875
0.280929565429688 0.067352294921875 -0.0555419921875 -0.32757568359375
0.2978515625 0.08740234375 -0.0377960205078125 0.248733520507812
0.2353515625 -0.118637084960938 0.08270263671875 0.2926025390625
0.0148162841796875 -0.249786376953125 0.30120849609375 0.215484619140625
-0.155853271484375 -0.121200561523437 0.37713623046875 0.00891113281249999
-0.167037963867188 0.0289306640625 0.249221801757812 -0.177902221679688
-0.0789337158203125 0.150772094726563 0.0900726318359375 -0.198654174804687
-0.0142669677734375 0.162734985351563 -0.0143966674804688 -0.123390197753906
-0.023193359375 0.155380249023438 -0.0121688842773437 -0.0363731384277344
-0.0106201171875 0.1898193359375 -0.0114517211914063 0.0534286499023438
-0.099365234375 0.185821533203125 -0.0482406616210938 0.107070922851563
-0.210403442382812 0.0699615478515625 -0.133155822753906 0.100944519042969
-0.206619262695313 -0.128311157226563 -0.232757568359375 0.03607177734375
0.04248046875 -0.283599853515625 -0.272445678710938 -0.10589599609375
0.26287841796875 -0.128555297851563 -0.206512451171875 -0.229583740234375
0.28765869140625 0.09747314453125 0.00971984863281252 -0.27557373046875
0.2431640625 0.065826416015625 0.030059814453125 0.29803466796875
0.182235717773438 -0.086334228515625 0.141326904296875 0.31585693359375
0.0137481689453125 -0.179290771484375 0.34796142578125 0.202178955078125
-0.104385375976563 -0.0834121704101563 0.406646728515625 -0.0345458984375
-0.111122131347656 0.0197982788085937 0.254623413085938 -0.220428466796875
-0.05535888671875 0.111122131347656 0.0798797607421875 -0.243728637695313
-0.017242431640625 0.126197814941406 -0.033111572265625 -0.163772583007813
-0.0224533081054688 0.127593994140625 -0.0293731689453125 -0.0740432739257812
-0.01934814453125 0.163894653320313 -0.0256118774414063 -0.00700187683105467
-0.105789184570312 0.1517333984375 -0.0385360717773438 0.0311470031738281
-0.190109252929688 0.0267486572265625 -0.0825271606445313 0.041229248046875
-0.149520874023438 -0.147171020507812 -0.162506103515625 0.0310211181640625
0.091949462890625 -0.229705810546875 -0.242645263671875 -0.0629119873046876
0.248153686523438 -0.065216064453125 -0.190460205078125 -0.208450317382812
0.238967895507813 0.111297607421875 0.073699951171875 -0.219528198242188
0.157867431640625 0.040008544921875 0.09320068359375 0.336456298828125
0.121475219726562 -0.0388259887695312 0.203094482421875 0.3199462890625
0.0210113525390625 -0.104629516601563 0.37823486328125 0.16937255859375
-0.0485076904296875 -0.0520858764648438 0.41143798828125 -0.0765380859375
-0.0556869506835938 0.00411605834960938 0.245223999023438 -0.24603271484375
-0.0338134765625 0.0622634887695313 0.0641326904296875 -0.268417358398438
-0.0197677612304688 0.0761032104492188 -0.0480804443359375 -0.186248779296875
-0.019775390625 0.081695556640625 -0.0431365966796875 -0.101432800292969
-0.0239105224609375 0.108818054199219 -0.032989501953125 -0.0565948486328125
-0.0849685668945312 0.0888442993164063 -0.0233097076416016 -0.0269546508789062
-0.121131896972656 -0.0126113891601563 -0.0346794128417969 0.0114898681640625
-0.06585693359375 -0.114944458007813 -0.114486694335938 0.0476455688476562
0.0975418090820313 -0.12384033203125 -0.24713134765625 -0.031341552734375
0.16986083984375 0.0002593994140625 -0.185928344726563 -0.204010009765625
0.143478393554688 0.0943756103515625 0.126907348632813 -0.167022705078125
-0.0399551391601563 -0.030792236328125 -0.17547607421875 0.169296264648437
-0.0284614562988281 0.00170707702636718 0.160110473632813 0.212722778320313
-0.0510940551757813 0.010406494140625 0.26483154296875 -0.0139312744140625
-0.0101127624511719 0.0368232727050781 0.119117736816406 -0.087982177734375
0.0239009857177734 0.0142917633056641 0.0241317749023438 -0.0207939147949219
0.0223846435546875 -0.0194835662841797 0.0219650268554687 0.0353164672851563
0.0028228759765625 -0.0177078247070313 0.042724609375 0.077606201171875
-4.76837158203278E-06 -0.0148420333862305 0.0487823486328125 0.103134155273438
0.000929832458496095 -0.0158967971801758 0.0411529541015625 0.181930541992188
0.00289630889892578 -0.00377345085144043 -0.0458221435546875 0.263153076171875
0.0129022598266602 -0.00287151336669922 -0.185012817382813 0.270950317382813
-0.00339317321777344 0.02056884765625 -0.3599853515625 0.1312255859375
-0.0382766723632812 0.02618408203125 -0.4210205078125 -0.154449462890625
-0.0581283569335938 0.0145988464355469 -0.2933349609375 -0.28118896484375
-0.0842437744140625 -0.0478363037109375 -0.15423583984375 -0.375701904296875
0.0967559814453125 0.0143661499023438 -0.189346313476563 0.149795532226563
0.0954742431640625 -0.031219482421875 0.130538940429688 0.20819091796875
-0.00374603271484376 -0.112808227539063 0.262161254882813 0.00608825683593749
-0.0776138305664063 -0.056640625 0.1343994140625 -0.0724945068359375
-0.07904052734375 0.0128250122070313 0.0399551391601562 -0.0315933227539063
-0.0285758972167969 0.0575027465820313 0.0297641754150391 0.0305519104003906
0.00493240356445313 0.0575141906738281 0.0420989990234375 0.0735702514648438
-0.00228118896484375 0.0439605712890625 0.0490493774414063 0.097442626953125
0.0041656494140625 0.0453948974609375 0.0439300537109375 0.182022094726563
-0.0116958618164063 0.0490150451660156 -0.0337982177734375 0.26470947265625
-0.0324115753173828 0.0292701721191406 -0.171478271484375 0.2752685546875
-0.0569496154785156 0.00489425659179687 -0.352020263671875 0.1480712890625
-0.0481948852539062 -0.0473175048828125 -0.426788330078125 -0.12603759765625
0.00783157348632812 -0.0467491149902344 -0.319610595703125 -0.267425537109375
0.0272254943847656 -0.0276126861572266 -0.17724609375 -0.386260986328125
0.212661743164063 0.054656982421875 -0.173309326171875 0.147262573242187
0.202880859375 -0.0699615478515625 0.092498779296875 0.199874877929688
0.031097412109375 -0.219696044921875 0.238571166992188 0.051361083984375
-0.137542724609375 -0.129287719726562 0.17120361328125 -0.0306854248046875
-0.16278076171875 0.0142669677734375 0.0886611938476562 -0.0491943359375
-0.0699920654296875 0.122627258300781 0.0490074157714844 -0.00634002685546874
0.00445556640625 0.1214599609375 0.0343208312988281 0.0410881042480469
-0.005584716796875 0.0977401733398438 0.0395278930664063 0.0773162841796875
0.00860595703124999 0.103614807128906 0.0403900146484375 0.17193603515625
-0.0261001586914062 0.102241516113281 -0.027008056640625 0.25640869140625
-0.0787887573242188 0.06304931640625 -0.164779663085938 0.267837524414063
-0.11407470703125 -0.0110702514648437 -0.34454345703125 0.1485595703125
-0.056243896484375 -0.124588012695313 -0.417236328125 -0.111968994140625
0.0777130126953125 -0.107139587402344 -0.320281982421875 -0.25848388671875
0.1365966796875 -0.00537872314453125 -0.171417236328125 -0.382080078125
0.28765869140625 0.076507568359375 -0.136825561523438 0.164794921875
0.258865356445313 -0.112518310546875 0.0615386962890625 0.211669921875
0.031158447265625 -0.286041259765625 0.231307983398437 0.1162109375
-0.181854248046875 -0.158401489257813 0.235794067382813 0.00677490234374999
-0.207412719726563 0.0253448486328125 0.1519775390625 -0.0847930908203125
-0.088714599609375 0.1632080078125 0.0700645446777344 -0.0682830810546875
0.0023345947265625 0.162765502929688 0.0197772979736328 -0.0105533599853516
-0.00846099853515625 0.13836669921875 0.0244064331054687 0.0451507568359375
0.0112762451171875 0.151702880859375 0.0302734375 0.148895263671875
-0.04168701171875 0.15106201171875 -0.028289794921875 0.230224609375
-0.128852844238281 0.0927352905273437 -0.161590576171875 0.237045288085938
-0.172195434570313 -0.033782958984375 -0.32861328125 0.12689208984375
-0.05413818359375 -0.202102661132812 -0.387542724609375 -0.112152099609375
0.148880004882813 -0.154022216796875 -0.2967529296875 -0.251434326171875
0.228378295898437 0.0213775634765625 -0.134033203125 -0.36004638671875
0.316741943359375 0.079498291015625 -0.0846405029296875 0.202072143554688
0.26116943359375 -0.136856079101563 0.060821533203125 0.24853515625
0.011627197265625 -0.292572021484375 0.261276245117188 0.173873901367188
-0.19134521484375 -0.144775390625 0.313873291015625 0.014129638671875
-0.204086303710938 0.03759765625 0.206878662109375 -0.13720703125
-0.084747314453125 0.172927856445313 0.0816802978515625 -0.140777587890625
0.000228881835937509 0.175506591796875 0.00063705444335937 -0.0692214965820312
-0.01129150390625 0.158218383789062 0.00631570816040039 0.00560188293457032
0.00984191894531249 0.181976318359375 0.0133514404296875 0.108131408691406
-0.062744140625 0.18536376953125 -0.035736083984375 0.179733276367188
-0.176376342773438 0.1019287109375 -0.15386962890625 0.17962646484375
-0.213851928710938 -0.0703582763671875 -0.2918701171875 0.0866088867187499
-0.027374267578125 -0.264480590820313 -0.333587646484375 -0.110137939453125
0.215377807617188 -0.169830322265625 -0.255859375 -0.236114501953125
0.2855224609375 0.05206298828125 -0.076873779296875 -0.32196044921875
0.3018798828125 0.0709228515625 -0.0197296142578125 0.249923706054688
0.228607177734375 -0.130203247070313 0.09771728515625 0.286895751953125
0.000747680664062497 -0.246444702148438 0.31195068359375 0.193756103515625
-0.160659790039063 -0.110198974609375 0.373992919921875 -0.015655517578125
-0.164443969726563 0.0377655029296875 0.234970092773438 -0.192947387695312
-0.0673980712890625 0.152587890625 0.0782318115234375 -0.204147338867188
-0.00306701660156252 0.162002563476563 -0.0203170776367187 -0.121116638183594
-0.013916015625 0.154632568359375 -0.0128135681152344 -0.0352249145507812
0.00158691406249999 0.187042236328125 -0.00622940063476562 0.0539932250976563
-0.08428955078125 0.189682006835937 -0.0415725708007813 0.10858154296875
-0.203659057617188 0.0818634033203125 -0.126602172851563 0.106719970703125
-0.212631225585938 -0.1153564453125 -0.2294921875 0.050018310546875
0.0255126953125 -0.282379150390625 -0.277130126953125 -0.0858154296875
0.255645751953125 -0.142959594726562 -0.2196044921875 -0.2122802734375
0.293731689453125 0.082061767578125 -0.0085906982421875 -0.274658203125
0.24560546875 0.0534820556640625 0.050323486328125 0.29534912109375
0.177459716796875 -0.095458984375 0.15863037109375 0.307861328125
0.00405883789062498 -0.17657470703125 0.35968017578125 0.1787109375
-0.106880187988281 -0.075897216796875 0.40155029296875 -0.06005859375
-0.109146118164062 0.02520751953125 0.237808227539062 -0.23443603515625
-0.0471343994140625 0.113014221191406 0.0654144287109375 -0.2474365234375
-0.0076141357421875 0.126632690429688 -0.04034423828125 -0.159027099609375
-0.015228271484375 0.128074645996094 -0.0308914184570312 -0.0718460083007812
-0.00814819335937499 0.161941528320313 -0.0241603851318359 -0.00423049926757812
-0.0924530029296875 0.156951904296875 -0.0368461608886719 0.0332374572753906
-0.18695068359375 0.0380401611328125 -0.0800628662109375 0.0445709228515625
-0.157318115234375 -0.13873291015625 -0.159561157226563 0.04071044921875
0.0787353515625 -0.233200073242187 -0.245620727539062 -0.0435333251953125
0.245635986328125 -0.0788421630859375 -0.203079223632813 -0.191726684570313
0.246597290039063 0.0975189208984375 0.0580902099609375 -0.221878051757813
0.159530639648438 0.03192138671875 0.11474609375 0.330902099609375
0.120597839355469 -0.0448760986328125 0.220855712890625 0.307464599609375
0.0158920288085937 -0.102729797363281 0.38543701171875 0.1446533203125
-0.05010986328125 -0.0479240417480469 0.402374267578125 -0.102386474609375
-0.0556983947753906 0.00591659545898438 0.226593017578125 -0.258010864257813
-0.0285873413085938 0.063323974609375 0.0477447509765625 -0.27001953125
-0.0138702392578125 0.0778656005859375 -0.0564117431640625 -0.180694580078125
-0.0150070190429687 0.0827178955078125 -0.0450592041015625 -0.0971145629882812
-0.0166244506835938 0.108787536621094 -0.0339164733886719 -0.0534706115722656
-0.0768508911132812 0.0941009521484375 -0.0248203277587891 -0.0259513854980469
-0.121391296386719 -0.0053558349609375 -0.0345516204833985 0.0113697052001953
-0.0716323852539063 -0.111358642578125 -0.110343933105469 0.0546112060546875
0.0905380249023438 -0.127914428710938 -0.2476806640625 -0.0118560791015626
0.171279907226562 -0.0087432861328125 -0.199798583984375 -0.186996459960937
0.149642944335938 0.086334228515625 0.114166259765625 -0.172775268554688
-0.0412025451660156 -0.0288352966308594 -0.165313720703125 0.170166015625
-0.0277805328369141 0.00144004821777343 0.163619995117188 0.199996948242188
-0.0477485656738281 0.0135307312011719 0.258544921875 -0.027099609375
-0.00783538818359375 0.0373764038085938 0.112045288085937 -0.09210205078125
0.0233135223388672 0.0132827758789062 0.0224399566650391 -0.0220088958740234
0.0208911895751953 -0.0193691253662109 0.0225601196289062 0.0315265655517578
0.00267219543457031 -0.0176601409912109 0.0430679321289063 0.0721282958984375
-0.000613212585449219 -0.0142202377319336 0.0482940673828125 0.09710693359375
4.76837158203264E-06 -0.0158967971801758 0.0435943603515625 0.175155639648438
0.00448369979858398 -0.00399208068847656 -0.03558349609375 0.255767822265625
0.0121183395385742 -0.00314521789550781 -0.170578002929687 0.270401000976563
-0.00157356262207031 0.0210075378417969 -0.34649658203125 0.143707275390625
-0.0370330810546875 0.0292472839355469 -0.417999267578125 -0.1337890625
-0.0555496215820313 0.0158271789550781 -0.29766845703125 -0.264556884765625
-0.084259033203125 -0.043853759765625 -0.165130615234375 -0.36358642578125
0.0948486328125 0.0110549926757813 -0.178924560546875 0.152618408203125
0.0938262939453125 -0.0331649780273438 0.135696411132813 0.197402954101563
-0.00630950927734374 -0.108917236328125 0.256759643554688 -0.00897216796875001
-0.0774307250976562 -0.0521316528320313 0.126556396484375 -0.0780563354492187
-0.0787353515625 0.0159759521484375 0.0375289916992187 -0.0327682495117188
-0.0255088806152344 0.0579185485839844 0.030426025390625 0.0265045166015625
0.00833892822265624 0.0555343627929688 0.0425376892089844 0.068145751953125
-0.00110626220703125 0.0431594848632813 0.0486373901367187 0.092254638671875
0.00553512573242187 0.0435981750488281 0.0473785400390625 0.17529296875
-0.00828552246093749 0.0471725463867188 -0.0229339599609375 0.257675170898438
-0.0292930603027344 0.0288677215576172 -0.157150268554688 0.274032592773437
-0.0542449951171875 0.0073394775390625 -0.338958740234375 0.160064697265625
-0.0484390258789063 -0.0414505004882813 -0.422119140625 -0.105560302734375
0.00696182250976563 -0.0454788208007813 -0.322662353515625 -0.249603271484375
0.0250797271728516 -0.0272502899169922 -0.18902587890625 -0.37408447265625
0.210220336914063 0.0464935302734375 -0.1622314453125 0.149276733398438
0.19818115234375 -0.07440185546875 0.097991943359375 0.189666748046875
0.0242462158203125 -0.215438842773438 0.234100341796875 0.0365753173828125
-0.138885498046875 -0.121002197265625 0.164459228515625 -0.0389251708984375
-0.160858154296875 0.0209503173828125 0.0838394165039062 -0.0524673461914063
-0.0623321533203125 0.122383117675781 0.0483245849609375 -0.0102157592773437
0.0100173950195313 0.118568420410156 0.0344810485839844 0.0367279052734375
-0.00215911865234375 0.0965194702148438 0.0398178100585938 0.0729827880859375
0.0116424560546875 0.09942626953125 0.0452880859375 0.166778564453125
-0.0188522338867188 0.0987930297851563 -0.0165252685546875 0.249420166015625
-0.0730743408203125 0.0632705688476562 -0.151473999023437 0.266342163085938
-0.10986328125 -0.00612640380859376 -0.331939697265625 0.15972900390625
-0.058807373046875 -0.115982055664062 -0.4129638671875 -0.092376708984375
0.07281494140625 -0.106544494628906 -0.323211669921875 -0.2406005859375
0.133247375488281 -0.0091094970703125 -0.1822509765625 -0.36920166015625
0.285858154296875 0.06488037109375 -0.125213623046875 0.166030883789063
0.251617431640625 -0.118270874023438 0.0673828125 0.203933715820312
0.021240234375 -0.27978515625 0.229461669921875 0.101730346679687
-0.183273315429688 -0.1480712890625 0.22998046875 -0.00302124023437501
-0.20379638671875 0.0335540771484375 0.144287109375 -0.08953857421875
-0.0781402587890625 0.163009643554688 0.0659637451171875 -0.0718994140625
0.01055908203125 0.158782958984375 0.0187129974365234 -0.0125980377197266
-0.00318908691406251 0.135894775390625 0.0246086120605469 0.0421142578125
0.0167999267578125 0.145980834960938 0.0357666015625 0.14398193359375
-0.0323944091796875 0.146987915039063 -0.0187835693359375 0.223892211914063
-0.120857238769531 0.09393310546875 -0.14923095703125 0.236968994140625
-0.167861938476563 -0.0263671875 -0.317779541015625 0.13922119140625
-0.059600830078125 -0.1923828125 -0.38323974609375 -0.092926025390625
0.142318725585938 -0.155166625976563 -0.29986572265625 -0.2330322265625
0.224227905273438 0.0143585205078125 -0.146270751953125 -0.348175048828125
0.31494140625 0.068206787109375 -0.072601318359375 0.200775146484375
0.2537841796875 -0.141799926757813 0.0680694580078125 0.24066162109375
0.00234985351562497 -0.28521728515625 0.26123046875 0.158309936523437
-0.190887451171875 -0.1336669921875 0.3072509765625 0.00103759765624999
-0.199493408203125 0.0446624755859375 0.1953125 -0.142547607421875
-0.07476806640625 0.17138671875 0.074554443359375 -0.142501831054688
0.00872802734375 0.170928955078125 -0.00202560424804688 -0.0685844421386719
-0.00488281249999999 0.155838012695313 0.00638437271118164 0.00510597229003907
0.0162200927734375 0.175460815429688 0.018707275390625 0.10589599609375
-0.0507659912109375 0.181549072265625 -0.02752685546875 0.176116943359375
-0.167404174804688 0.1064453125 -0.144775390625 0.180313110351563
-0.210067749023437 -0.0609588623046875 -0.283203125 0.09747314453125
-0.036407470703125 -0.254745483398438 -0.330535888671875 -0.092987060546875
0.206283569335938 -0.17376708984375 -0.259796142578125 -0.219741821289063
0.28271484375 0.043182373046875 -0.088897705078125 -0.31365966796875
0.298492431640625 0.06060791015625 -0.007476806640625 0.245590209960938
0.221343994140625 -0.134445190429687 0.105911254882813 0.278366088867188
-0.00604248046875002 -0.240264892578125 0.313323974609375 0.17755126953125
-0.15899658203125 -0.1014404296875 0.36517333984375 -0.030609130859375
-0.15960693359375 0.04296875 0.221084594726563 -0.19818115234375
-0.0587921142578125 0.150604248046875 0.0692138671875 -0.204452514648438
0.00541687011718751 0.158157348632813 -0.0235824584960938 -0.117851257324219
-0.00787353515624999 0.152542114257813 -0.0117664337158203 -0.0348758697509766
0.00938415527343748 0.181427001953125 -0.00250244140625 0.0540695190429688
-0.07177734375 0.187088012695313 -0.0358963012695313 0.107337951660156
-0.19512939453125 0.0876312255859375 -0.121223449707031 0.108154296875
-0.21197509765625 -0.105087280273437 -0.22357177734375 0.0587921142578125
0.0153045654296875 -0.275894165039063 -0.273422241210937 -0.0709686279296875
0.247634887695313 -0.148696899414063 -0.22344970703125 -0.19683837890625
0.292388916015625 0.072052001953125 -0.0204010009765625 -0.268173217773438
0.243331909179688 0.0452423095703125 0.062713623046875 0.2879638671875
0.172393798828125 -0.0989532470703125 0.16546630859375 0.296722412109375
1.04893917345915E-17 -0.171310424804688 0.358001708984375 0.1602783203125
-0.105751037597656 -0.0696563720703125 0.3897705078125 -0.075897216796875
-0.106109619140625 0.0281219482421875 0.2225341796875 -0.237991333007813
-0.0402374267578125 0.110763549804688 0.053924560546875 -0.244857788085938
-0.000831604003906236 0.124412536621094 -0.0433349609375 -0.153411865234375
-0.00939941406249999 0.126373291015625 -0.0295295715332031 -0.0695648193359375
-0.00158691406249999 0.157608032226563 -0.021148681640625 -0.00313186645507812
-0.08233642578125 0.15594482421875 -0.0346775054931641 0.0337238311767578
-0.181625366210938 0.0436859130859375 -0.0776290893554688 0.0448150634765625
-0.159378051757813 -0.130218505859375 -0.154464721679688 0.04656982421875
0.0702056884765625 -0.229888916015625 -0.24053955078125 -0.0294036865234375
0.240249633789063 -0.0862884521484375 -0.2069091796875 -0.1761474609375
0.246994018554688 0.089996337890625 0.0458831787109375 -0.218353271484375
0.157363891601562 0.0276031494140625 0.12725830078125 0.321044921875
0.118392944335938 -0.0482177734375 0.226531982421875 0.294586181640625
0.0132904052734375 -0.0992813110351563 0.383575439453125 0.126190185546875
-0.0497703552246094 -0.0450782775878906 0.389251708984375 -0.115997314453125
-0.0550003051757812 0.00728607177734376 0.210952758789062 -0.26116943359375
-0.0248680114746094 0.0615921020507812 0.03704833984375 -0.264678955078125
-0.00829315185546875 0.076995849609375 -0.0594329833984375 -0.173202514648437
-0.01123046875 0.0820159912109375 -0.0437469482421875 -0.0937423706054688
-0.0117111206054688 0.106338500976563 -0.0334548950195313 -0.0504150390625
-0.0697250366210937 0.0944442749023438 -0.024993896484375 -0.0242023468017578
-0.120048522949219 -0.00137329101562501 -0.0336475372314453 0.0106182098388672
-0.0743942260742187 -0.107498168945313 -0.105323791503906 0.0589675903320313
0.0860061645507812 -0.127548217773437 -0.242813110351562 0.00245666503906251
0.170272827148437 -0.014678955078125 -0.204345703125 -0.172149658203125
0.151153564453125 0.0812835693359375 0.103790283203125 -0.1728515625
-0.0418701171875 -0.0280685424804688 -0.161773681640625 0.168106079101562
-0.0273399353027344 0.00100326538085938 0.164016723632812 0.193618774414062
-0.0456771850585938 0.0143165588378906 0.254425048828125 -0.033935546875
-0.00579071044921875 0.037078857421875 0.107559204101563 -0.0931243896484375
0.0225391387939453 0.0138339996337891 0.0210819244384766 -0.0214271545410156
0.0213871002197266 -0.0185432434082031 0.0210037231445313 0.0299510955810547
0.00355625152587891 -0.0161457061767578 0.0415496826171875 0.0684852600097656
-0.000424385070800781 -0.013279914855957 0.0457000732421875 0.0944671630859375
-0.000574111938476564 -0.0152788162231445 0.0426177978515625 0.171127319335938
0.00461864471435547 -0.00486850738525391 -0.0325775146484375 0.25006103515625
0.0119390487670898 -0.00345134735107422 -0.164276123046875 0.26666259765625
-0.000997543334960937 0.0214996337890625 -0.339874267578125 0.147186279296875
-0.0361557006835937 0.0310478210449219 -0.41387939453125 -0.12542724609375
-0.0542144775390625 0.0149459838867188 -0.29608154296875 -0.25677490234375
-0.0842742919921875 -0.0426483154296875 -0.166748046875 -0.3585205078125
0.0925979614257813 0.0112686157226563 -0.173141479492188 0.15106201171875
0.0943679809570313 -0.03289794921875 0.137008666992188 0.190704345703125
-0.00541687011718751 -0.106513977050781 0.252151489257813 -0.0179595947265625
-0.0765304565429688 -0.0504837036132812 0.12188720703125 -0.0801773071289063
-0.0785675048828125 0.0181198120117188 0.0356979370117187 -0.0328407287597656
-0.0229644775390625 0.0580940246582031 0.0292301177978516 0.02374267578125
0.0103034973144531 0.0542030334472656 0.0412254333496094 0.0640983581542969
-0.000518798828124996 0.04296875 0.0457916259765625 0.0887298583984375
0.00574493408203125 0.0428504943847656 0.0470733642578125 0.171173095703125
-0.00649642944335938 0.0449943542480469 -0.0201568603515625 0.251693725585938
-0.0278797149658203 0.0278968811035156 -0.151992797851563 0.2705078125
-0.0517921447753906 0.00814437866210938 -0.332061767578125 0.16302490234375
-0.0475120544433594 -0.0376853942871094 -0.418060302734375 -0.097198486328125
0.00722885131835938 -0.0444526672363281 -0.320770263671875 -0.242401123046875
0.0234317779541016 -0.0262966156005859 -0.189727783203125 -0.3675537109375
0.208587646484375 0.0453643798828125 -0.15692138671875 0.147445678710938
0.197525024414063 -0.0750579833984375 0.09881591796875 0.185104370117188
0.0229339599609375 -0.212509155273437 0.230697631835938 0.0277862548828125
-0.138412475585938 -0.117378234863281 0.15948486328125 -0.041839599609375
-0.159988403320313 0.0237274169921875 0.0807342529296875 -0.05322265625
-0.0578155517578125 0.121871948242187 0.047210693359375 -0.0135536193847656
0.013824462890625 0.115493774414063 0.0326519012451172 0.0343818664550781
-0.000801086425781259 0.0946121215820313 0.0379905700683594 0.070220947265625
0.0128402709960937 0.0969924926757813 0.0461273193359375 0.162628173828125
-0.0164031982421875 0.09515380859375 -0.0129547119140625 0.244308471679688
-0.069915771484375 0.0618858337402344 -0.145645141601562 0.26361083984375
-0.106178283691406 -0.00423431396484374 -0.324859619140625 0.16375732421875
-0.0581817626953125 -0.110260009765625 -0.407928466796875 -0.08416748046875
0.0717926025390625 -0.104896545410156 -0.32135009765625 -0.233001708984375
0.130416870117188 -0.0080108642578125 -0.18389892578125 -0.363433837890625
0.283233642578125 0.062591552734375 -0.1195068359375 0.16375732421875
0.250686645507812 -0.1181640625 0.0693359375 0.19921875
0.0194244384765625 -0.276809692382813 0.226608276367188 0.09332275390625
-0.181686401367188 -0.143142700195313 0.22528076171875 -0.00715637207031251
-0.20159912109375 0.036895751953125 0.140274047851563 -0.090423583984375
-0.0735321044921875 0.161041259765625 0.0649948120117188 -0.0737075805664062
0.014892578125 0.155136108398438 0.0172615051269531 -0.0140466690063476
-0.00146484375 0.134132385253906 0.0236854553222656 0.0403633117675781
0.0186004638671875 0.142410278320313 0.0375213623046875 0.140762329101563
-0.0280303955078125 0.142547607421875 -0.0148468017578125 0.2196044921875
-0.11602783203125 0.0927276611328125 -0.145126342773437 0.234710693359375
-0.163894653320313 -0.0233154296875 -0.311431884765625 0.142425537109375
-0.060089111328125 -0.185256958007813 -0.378875732421875 -0.084808349609375
0.1392822265625 -0.153915405273438 -0.2982177734375 -0.225067138671875
0.221771240234375 0.0142974853515625 -0.149322509765625 -0.34234619140625
0.311767578125 0.065032958984375 -0.067169189453125 0.1983642578125
0.251312255859375 -0.142562866210938 0.0691986083984375 0.235549926757813
0.00126647949218753 -0.281051635742188 0.258895874023438 0.149856567382812
-0.188278198242188 -0.12841796875 0.30133056640625 -0.00476074218750001
-0.196670532226563 0.04705810546875 0.189895629882813 -0.14361572265625
-0.0686492919921875 0.168121337890625 0.0717315673828125 -0.143951416015625
0.013885498046875 0.167282104492188 -0.00294876098632812 -0.0682334899902344
-0.00314331054687499 0.153945922851563 0.00633668899536133 0.0033712387084961
0.0184173583984375 0.171981811523438 0.0212326049804688 0.103500366210938
-0.0453948974609375 0.17620849609375 -0.0243682861328125 0.172134399414062
-0.161849975585937 0.106582641601563 -0.14117431640625 0.179550170898438
-0.207138061523438 -0.0572967529296875 -0.278839111328125 0.101043701171875
-0.037200927734375 -0.248779296875 -0.32696533203125 -0.08526611328125
0.203125 -0.173873901367188 -0.258209228515625 -0.21075439453125
0.27978515625 0.0422210693359375 -0.09307861328125 -0.3082275390625
0.295501708984375 0.057830810546875 -0.00254821777343749 0.241424560546875
0.218826293945313 -0.133880615234375 0.107818603515625 0.273147583007813
-0.00642395019531249 -0.234390258789063 0.31011962890625 0.169464111328125
-0.15582275390625 -0.096923828125 0.35821533203125 -0.035614013671875
-0.15728759765625 0.0444183349609375 0.214569091796875 -0.198532104492188
-0.0534820556640625 0.14727783203125 0.0650787353515625 -0.20306396484375
0.01007080078125 0.154312133789063 -0.0240478515625 -0.11639404296875
-0.0052032470703125 0.150390625 -0.011383056640625 -0.0351524353027344
0.0116119384765625 0.17742919921875 -1.52587890624952E-05 0.0527915954589844
-0.065826416015625 0.183380126953125 -0.0336761474609375 0.105461120605469
-0.19061279296875 0.0882873535156249 -0.119010925292969 0.10711669921875
-0.20941162109375 -0.101043701171875 -0.219528198242188 0.061920166015625
0.0131072998046875 -0.270675659179687 -0.2686767578125 -0.0635833740234375
0.245010375976563 -0.14959716796875 -0.222885131835937 -0.188339233398438
0.290435791015625 0.07037353515625 -0.025299072265625 -0.263381958007813
0.24078369140625 0.0438690185546875 0.06658935546875 0.283203125
0.170852661132813 -0.09906005859375 0.167449951171875 0.291839599609375
0.000167846679687514 -0.166885375976562 0.354583740234375 0.152587890625
-0.102828979492187 -0.0666885375976563 0.382232666015625 -0.0806884765625
-0.104934692382813 0.028594970703125 0.2156982421875 -0.23736572265625
-0.0368270874023438 0.107933044433594 0.0507049560546875 -0.24127197265625
0.00347137451171874 0.122573852539063 -0.0431976318359375 -0.149856567382813
-0.00792694091796876 0.125228881835938 -0.0272750854492188 -0.0695075988769531
0.000564575195312512 0.154586791992188 -0.0189361572265625 -0.00284957885742187
-0.0767822265625 0.15277099609375 -0.0332317352294922 0.0331497192382813
-0.17822265625 0.0455780029296875 -0.0773544311523438 0.044189453125
-0.158676147460938 -0.127487182617188 -0.151397705078125 0.048980712890625
0.0679779052734375 -0.226852416992188 -0.235794067382813 -0.022216796875
0.23870849609375 -0.087188720703125 -0.207321166992187 -0.167526245117188
0.246307373046875 0.08807373046875 0.0413360595703125 -0.215377807617188
0.156219482421875 0.027496337890625 0.130859375 0.31597900390625
0.118316650390625 -0.0490036010742188 0.227081298828125 0.2901611328125
0.0139541625976563 -0.0979537963867188 0.380645751953125 0.1187744140625
-0.0475234985351562 -0.0433120727539063 0.38140869140625 -0.119720458984375
-0.0549812316894531 0.00746154785156249 0.20367431640625 -0.25958251953125
-0.0229225158691406 0.0609016418457031 0.0326995849609375 -0.260543823242188
-0.0050506591796875 0.0763778686523438 -0.058807373046875 -0.168701171875
-0.00946044921875001 0.0812759399414063 -0.0404052734375 -0.0930252075195313
-0.00982666015625001 0.104133605957031 -0.0305938720703125 -0.0493354797363281
-0.0648422241210938 0.0925216674804687 -0.0246524810791016 -0.0235729217529297
-0.118675231933594 0.000770568847656244 -0.03387451171875 0.0100517272949219
-0.0734634399414062 -0.106254577636719 -0.102294921875 0.060272216796875
0.0853805541992188 -0.126602172851563 -0.237701416015625 0.010589599609375
0.170440673828125 -0.0160675048828125 -0.204666137695313 -0.162612915039062
0.150955200195313 0.0804290771484375 0.098388671875 -0.170242309570313
-0.0430412292480469 -0.0289802551269531 -0.164230346679688 0.168197631835938
-0.0281734466552734 -0.000329971313476565 0.165939331054688 0.19403076171875
-0.0458106994628906 0.0136146545410156 0.256317138671875 -0.03924560546875
-0.00497817993164062 0.0370979309082031 0.106544494628906 -0.0948562622070313
0.0225601196289063 0.0151844024658203 0.0210895538330078 -0.0209407806396484
0.0224189758300781 -0.0183029174804688 0.0202808380126953 0.0295372009277344
0.00547027587890625 -0.0168542861938477 0.0388870239257813 0.067413330078125
1.04904174804682E-05 -0.0129098892211914 0.0416107177734375 0.0942306518554688
-0.00078296661376953 -0.0144033432006836 0.040191650390625 0.171981811523438
0.00546884536743164 -0.005706787109375 -0.0342559814453125 0.249771118164062
0.0119342803955078 -0.00418663024902344 -0.166595458984375 0.268539428710938
-9.5367431640623E-05 0.021881103515625 -0.342681884765625 0.14923095703125
-0.0362586975097656 0.0325508117675781 -0.4188232421875 -0.12548828125
-0.0542221069335937 0.0135231018066406 -0.2982177734375 -0.260284423828125
-0.0860977172851563 -0.0427703857421875 -0.16705322265625 -0.36444091796875
0.0936050415039063 0.0127716064453125 -0.174331665039063 0.151229858398437
0.0979766845703125 -0.032745361328125 0.139739990234375 0.190826416015625
-0.004150390625 -0.108612060546875 0.253097534179688 -0.0243377685546875
-0.0768890380859375 -0.0519790649414063 0.119987487792969 -0.0823135375976562
-0.08001708984375 0.0200042724609375 0.0349636077880859 -0.0326557159423828
-0.021484375 0.0588455200195312 0.02874755859375 0.0227680206298828
0.0121536254882813 0.0536613464355469 0.0385665893554688 0.0633621215820313
0.000179290771484371 0.0440711975097656 0.042388916015625 0.088775634765625
0.00531005859375 0.0429267883300781 0.044891357421875 0.172195434570312
-0.00555801391601562 0.0431900024414063 -0.021392822265625 0.251373291015625
-0.0278091430664063 0.0268421173095703 -0.153854370117187 0.272293090820313
-0.0503807067871094 0.00850296020507812 -0.33551025390625 0.166351318359375
-0.046783447265625 -0.0357742309570312 -0.42236328125 -0.0974731445312499
0.007598876953125 -0.0453758239746094 -0.32354736328125 -0.2447509765625
0.0235385894775391 -0.0253353118896484 -0.19158935546875 -0.374725341796875
0.211593627929688 0.04779052734375 -0.157211303710938 0.147567749023438
0.203689575195312 -0.0747528076171875 0.10113525390625 0.184616088867188
0.024810791015625 -0.215682983398437 0.230712890625 0.02239990234375
-0.138694763183594 -0.118904113769531 0.158843994140625 -0.0423431396484375
-0.162307739257813 0.0257568359375 0.0806427001953125 -0.052764892578125
-0.05712890625 0.122650146484375 0.0469131469726562 -0.0152473449707031
0.0157394409179687 0.115074157714844 0.0307483673095703 0.0332813262939453
-0.000381469726562509 0.0954208374023438 0.034820556640625 0.0693473815917969
0.012420654296875 0.0972976684570313 0.045501708984375 0.162521362304688
-0.0148849487304687 0.0935287475585938 -0.0137939453125 0.244064331054687
-0.0695648193359375 0.0604209899902344 -0.147140502929687 0.265609741210938
-0.105255126953125 -0.00431823730468749 -0.329193115234375 0.167388916015625
-0.0566787719726563 -0.1085205078125 -0.4124755859375 -0.084197998046875
0.0731201171875 -0.105499267578125 -0.3245849609375 -0.2352294921875
0.131546020507813 -0.00604248046875 -0.18585205078125 -0.368621826171875
0.287353515625 0.065765380859375 -0.119430541992187 0.163864135742188
0.25628662109375 -0.119415283203125 0.0701904296875 0.199752807617188
0.021087646484375 -0.279739379882813 0.225982666015625 0.0899200439453125
-0.18218994140625 -0.145034790039063 0.225692749023437 -0.00781250000000001
-0.204010009765625 0.0390167236328125 0.140914916992188 -0.091064453125
-0.071990966796875 0.161514282226563 0.065093994140625 -0.0769271850585937
0.017242431640625 0.15423583984375 0.0153656005859375 -0.015385627746582
-0.000511169433593761 0.135520935058594 0.0216712951660156 0.0396270751953125
0.018524169921875 0.142532348632813 0.0381011962890625 0.141098022460938
-0.0270309448242188 0.140274047851563 -0.015106201171875 0.219955444335938
-0.115570068359375 0.0922470092773437 -0.14666748046875 0.236923217773438
-0.162643432617188 -0.02374267578125 -0.314910888671875 0.14532470703125
-0.058349609375 -0.1845703125 -0.3826904296875 -0.08514404296875
0.14190673828125 -0.154541015625 -0.30108642578125 -0.22686767578125
0.22467041015625 0.017791748046875 -0.151092529296875 -0.347015380859375
0.31585693359375 0.0692138671875 -0.06622314453125 0.1986083984375
0.257568359375 -0.14251708984375 0.070281982421875 0.238372802734375
0.00289916992187501 -0.283477783203125 0.25970458984375 0.148193359375
-0.187774658203125 -0.129684448242188 0.303009033203125 -0.00439453125000001
-0.198394775390625 0.04913330078125 0.191253662109375 -0.144638061523438
-0.0672454833984375 0.168289184570313 0.0722503662109375 -0.146591186523438
0.0161895751953125 0.166595458984375 -0.00417709350585937 -0.0696525573730469
-0.00212097167968749 0.155105590820313 0.00565767288208008 0.00206565856933595
0.01849365234375 0.172195434570313 0.022552490234375 0.103347778320313
-0.0440216064453125 0.174774169921875 -0.0245361328125 0.172622680664062
-0.162185668945313 0.10589599609375 -0.143280029296875 0.181442260742187
-0.207382202148438 -0.058135986328125 -0.281585693359375 0.103271484375
-0.036407470703125 -0.249526977539063 -0.3287353515625 -0.08489990234375
0.206527709960938 -0.174774169921875 -0.259872436523438 -0.211959838867188
0.2840576171875 0.0467529296875 -0.095001220703125 -0.3115234375
0.299530029296875 0.061767578125 -0.00102233886718749 0.243377685546875
0.223739624023438 -0.134262084960938 0.108734130859375 0.27734375
-0.00492858886718752 -0.23675537109375 0.313751220703125 0.169036865234375
-0.154312133789063 -0.0978546142578125 0.361236572265625 -0.036712646484375
-0.158966064453125 0.0453338623046875 0.215728759765625 -0.199310302734375
-0.0520782470703125 0.146697998046875 0.0659027099609375 -0.20587158203125
0.0129241943359375 0.15435791015625 -0.024658203125 -0.117385864257813
-0.00486755371093751 0.152420043945313 -0.0105705261230469 -0.0369415283203125
0.0116729736328125 0.178543090820313 0.00198745727539063 0.0522193908691406
-0.06451416015625 0.181838989257813 -0.0333251953125 0.105239868164063
-0.19134521484375 0.088897705078125 -0.121864318847656 0.108345031738281
-0.2109375 -0.103240966796875 -0.22259521484375 0.0637359619140625
0.016021728515625 -0.272720336914063 -0.269149780273438 -0.0620880126953126
0.250015258789063 -0.150787353515625 -0.2247314453125 -0.187210083007813
0.295501708984375 0.07562255859375 -0.027252197265625 -0.2655029296875
0.243698120117188 0.0475311279296875 0.0677490234375 0.286865234375
0.175033569335938 -0.0984344482421875 0.16900634765625 0.296295166015625
0.0029296875 -0.168167114257813 0.359039306640625 0.153167724609375
-0.100715637207031 -0.0674896240234375 0.3846435546875 -0.0821533203125
-0.105941772460937 0.02886962890625 0.216506958007813 -0.239242553710938
-0.0352249145507813 0.107063293457031 0.0509185791015625 -0.243911743164063
0.00582885742187499 0.122169494628906 -0.042327880859375 -0.151290893554688
-0.00730895996093751 0.126533508300781 -0.0263519287109375 -0.0714340209960938
0.000198364257812504 0.155807495117188 -0.0170745849609375 -0.00403499603271484
-0.0761566162109375 0.152862548828125 -0.0335025787353516 0.0327091217041016
-0.18011474609375 0.0459136962890625 -0.0796432495117188 0.0440292358398438
-0.159698486328125 -0.130523681640625 -0.152267456054688 0.0503387451171875
0.0711212158203125 -0.2294921875 -0.236038208007813 -0.0190277099609375
0.244430541992188 -0.0884857177734375 -0.20965576171875 -0.165542602539063
0.250732421875 0.092437744140625 0.040283203125 -0.2164306640625
0.159210205078125 0.029541015625 0.132476806640625 0.320281982421875
0.121673583984375 -0.0496139526367188 0.22955322265625 0.2950439453125
0.0164871215820312 -0.0982437133789063 0.384521484375 0.118072509765625
-0.0463714599609375 -0.0430564880371094 0.38421630859375 -0.12176513671875
-0.0557174682617188 0.00764465332031249 0.204498291015625 -0.260345458984375
-0.0214309692382813 0.0602569580078125 0.0341796875 -0.26190185546875
-0.0030670166015625 0.0769882202148438 -0.0567779541015625 -0.169662475585938
-0.00872039794921874 0.0830459594726563 -0.03857421875 -0.0960769653320313
-0.00997161865234375 0.105278015136719 -0.0288009643554688 -0.0506401062011719
-0.0653610229492187 0.0926742553710938 -0.0246238708496094 -0.0239601135253906
-0.120864868164063 0.000770568847656235 -0.0354194641113281 0.00895309448242188
-0.0735397338867188 -0.1092529296875 -0.102157592773437 0.0615386962890625
0.0888595581054688 -0.128219604492188 -0.237899780273438 0.0155334472656249
0.174118041992188 -0.016326904296875 -0.207260131835938 -0.160629272460937
0.15386962890625 0.0843658447265625 0.0975799560546875 -0.170623779296875
-0.0465850830078125 -0.0298538208007812 -0.168563842773438 0.175018310546875
-0.0293807983398438 -0.00158500671386719 0.175460815429688 0.197540283203125
-0.0471000671386719 0.0139122009277344 0.264236450195313 -0.048187255859375
-0.00397491455078125 0.0381660461425781 0.108222961425781 -0.100395202636719
0.0234432220458984 0.0164203643798828 0.0219268798828125 -0.0212516784667969
0.02349853515625 -0.0189895629882813 0.0210838317871094 0.0296344757080078
0.00687980651855469 -0.01824951171875 0.0378570556640625 0.0683708190917969
0.00075054168701172 -0.0128068923950195 0.0401458740234375 0.0970916748046875
-0.000999450683593751 -0.0137386322021484 0.039764404296875 0.177032470703125
0.00493860244750977 -0.00642919540405274 -0.0355377197265625 0.256805419921875
0.0118389129638672 -0.004547119140625 -0.17059326171875 0.278839111328125
0.0008697509765625 0.0230770111083984 -0.354705810546875 0.16033935546875
-0.0372047424316406 0.0353240966796875 -0.4366455078125 -0.1256103515625
-0.0560302734375 0.0130729675292969 -0.311370849609375 -0.267608642578125
-0.0900344848632812 -0.0439071655273438 -0.17572021484375 -0.3790283203125
0.0976181030273438 0.0142059326171875 -0.17877197265625 0.156814575195313
0.104217529296875 -0.035247802734375 0.147933959960938 0.193466186523438
-0.00463867187500001 -0.113143920898438 0.259368896484375 -0.0342559814453125
-0.07977294921875 -0.0533981323242187 0.121040344238281 -0.0867385864257813
-0.083282470703125 0.0232772827148438 0.0353546142578125 -0.0334587097167969
-0.019989013671875 0.0617446899414063 0.0296611785888672 0.0216922760009766
0.0147361755371094 0.0547523498535156 0.0373611450195313 0.0648880004882813
0.000640869140624997 0.0448951721191406 0.0407257080078125 0.0913467407226563
0.00575637817382813 0.0446624755859375 0.0460357666015625 0.177459716796875
-0.00578689575195313 0.0430374145507813 -0.0211029052734375 0.258529663085938
-0.0286121368408203 0.0269298553466797 -0.157073974609375 0.283294677734375
-0.0504798889160156 0.0090484619140625 -0.3458251953125 0.178009033203125
-0.0476112365722656 -0.0339927673339844 -0.44000244140625 -0.0962219238281249
0.00764846801757813 -0.0476303100585938 -0.3377685546875 -0.251953125
0.0236148834228516 -0.0241718292236328 -0.200531005859375 -0.389312744140625
0.220993041992188 0.049652099609375 -0.1611328125 0.153350830078125
0.2147216796875 -0.079681396484375 0.1072998046875 0.188232421875
0.024658203125 -0.225006103515625 0.236709594726563 0.0152130126953125
-0.14422607421875 -0.122817993164062 0.162384033203125 -0.0460052490234375
-0.168167114257813 0.030181884765625 0.0827865600585937 -0.054779052734375
-0.05548095703125 0.127517700195313 0.0487060546875 -0.0176963806152344
0.01922607421875 0.117042541503906 0.0293292999267578 0.0335025787353516
0.00118255615234374 0.0993270874023437 0.033355712890625 0.0717086791992188
0.0138931274414063 0.100250244140625 0.0474090576171875 0.167510986328125
-0.0150299072265625 0.0941619873046875 -0.01214599609375 0.250686645507813
-0.0703964233398438 0.0619888305664063 -0.150238037109375 0.276168823242188
-0.107147216796875 -0.00469970703125002 -0.339630126953125 0.179046630859375
-0.0583114624023437 -0.109344482421875 -0.429046630859375 -0.0824584960937501
0.074951171875 -0.109230041503906 -0.338531494140625 -0.241607666015625
0.136405944824219 -0.00384521484375 -0.196044921875 -0.3826904296875
0.29913330078125 0.067291259765625 -0.120651245117188 0.169631958007813
0.268814086914063 -0.125686645507813 0.0748748779296875 0.204925537109375
0.020477294921875 -0.291290283203125 0.232040405273438 0.086456298828125
-0.188812255859375 -0.14862060546875 0.232192993164063 -0.00976562500000001
-0.211029052734375 0.0438079833984375 0.144683837890625 -0.09521484375
-0.070526123046875 0.167129516601562 0.0664138793945313 -0.082366943359375
0.021270751953125 0.1573486328125 0.0139474868774414 -0.0160551071166992
0.00115203857421875 0.13946533203125 0.0198974609375 0.0404701232910156
0.0208587646484375 0.146484375 0.041046142578125 0.145004272460938
-0.02593994140625 0.14239501953125 -0.0132598876953125 0.225631713867188
-0.117507934570313 0.094940185546875 -0.150543212890625 0.24713134765625
-0.166854858398438 -0.0238189697265625 -0.325714111328125 0.156707763671875
-0.0604705810546875 -0.188308715820313 -0.397125244140625 -0.08367919921875
0.146713256835938 -0.160934448242188 -0.314056396484375 -0.232666015625
0.23345947265625 0.0208282470703125 -0.160797119140625 -0.36029052734375
0.32867431640625 0.072174072265625 -0.065826416015625 0.205657958984375
0.268600463867188 -0.149368286132813 0.0753631591796875 0.245712280273437
0.00180053710937499 -0.294219970703125 0.268539428710938 0.148361206054687
-0.194122314453125 -0.132980346679688 0.31292724609375 -0.00717163085937501
-0.204513549804688 0.054595947265625 0.195999145507813 -0.151885986328125
-0.0657806396484375 0.173095703125 0.0730743408203125 -0.154373168945313
0.020660400390625 0.170562744140625 -0.0059661865234375 -0.0718765258789062
4.5776367187483E-05 0.160476684570313 0.00420236587524414 0.00186872482299806
0.0209808349609375 0.1778564453125 0.0260238647460938 0.106040954589844
-0.0431365966796875 0.17840576171875 -0.0230560302734375 0.178146362304688
-0.165374755859375 0.110153198242187 -0.148040771484375 0.189743041992188
-0.214065551757813 -0.059478759765625 -0.2923583984375 0.112396240234375
-0.0374908447265625 -0.256912231445313 -0.3399658203125 -0.083343505859375
0.214431762695312 -0.182815551757812 -0.271514892578125 -0.216354370117188
0.296478271484375 0.0501708984375 -0.102325439453125 -0.32293701171875
0.311798095703125 0.064117431640625 0.00108337402343754 0.252166748046875
0.233322143554688 -0.14080810546875 0.1156005859375 0.28668212890625
-0.00555419921875 -0.245407104492188 0.326080322265625 0.1693115234375
-0.158645629882812 -0.100326538085938 0.372467041015625 -0.04150390625
-0.16290283203125 0.049102783203125 0.220535278320313 -0.208694458007812
-0.0503082275390625 0.149627685546875 0.0663299560546875 -0.214645385742187
0.017120361328125 0.157150268554688 -0.0268325805664063 -0.120162963867187
-0.00238037109375002 0.157791137695313 -0.0114898681640625 -0.0390663146972656
0.013916015625 0.183868408203125 0.00442886352539063 0.052978515625
-0.06451416015625 0.18646240234375 -0.0334014892578125 0.109283447265625
-0.197479248046875 0.0934906005859375 -0.126838684082031 0.114006042480469
-0.219146728515625 -0.106903076171875 -0.230636596679688 0.0700531005859375
0.015869140625 -0.283172607421875 -0.277908325195313 -0.0597076416015625
0.259750366210937 -0.158370971679687 -0.2352294921875 -0.189590454101563
0.3095703125 0.08038330078125 -0.0325469970703125 -0.274459838867188
0.2542724609375 0.0492401123046875 0.074462890625 0.297882080078125
0.182220458984375 -0.104278564453125 0.17901611328125 0.306976318359375
0.00315856933593749 -0.173477172851563 0.37396240234375 0.15264892578125
-0.102806091308594 -0.0694198608398437 0.396484375 -0.0887451171875
-0.109001159667969 0.0314712524414062 0.220474243164063 -0.249099731445313
-0.0340728759765625 0.108695983886719 0.050872802734375 -0.252426147460938
0.00948333740234374 0.12445068359375 -0.044921875 -0.155471801757813
-0.00494384765624999 0.1318359375 -0.0268478393554688 -0.0746994018554687
0.00291442871093749 0.161178588867188 -0.0155754089355469 -0.00502490997314452
-0.0759124755859375 0.156875610351563 -0.0338497161865234 0.0335979461669922
-0.186080932617187 0.0493621826171875 -0.0839385986328125 0.0461502075195312
-0.167221069335938 -0.13568115234375 -0.15679931640625 0.0547637939453125
0.0740509033203125 -0.239288330078125 -0.241668701171875 -0.01385498046875
0.2547607421875 -0.093841552734375 -0.2197265625 -0.166793823242188
0.263153076171875 0.098419189453125 0.0375213623046875 -0.22308349609375
0.165237426757812 0.031341552734375 0.139801025390625 0.333099365234375
0.127456665039063 -0.0532608032226563 0.24176025390625 0.306121826171875
0.0176544189453125 -0.101921081542969 0.399871826171875 0.11724853515625
-0.0461044311523437 -0.0446853637695313 0.394805908203125 -0.1307373046875
-0.0575904846191406 0.00874710083007811 0.208724975585938 -0.27093505859375
-0.02032470703125 0.0612449645996094 0.0335540771484375 -0.269302368164063
0.00061798095703125 0.0782699584960938 -0.059112548828125 -0.174057006835938
-0.007781982421875 0.0868606567382812 -0.0385818481445313 -0.100532531738281
-0.00840759277343749 0.10919189453125 -0.0286750793457031 -0.0532455444335937
-0.0658721923828125 0.0953598022460938 -0.0256805419921875 -0.025787353515625
-0.125457763671875 0.00209808349609374 -0.0375213623046875 0.00925445556640625
-0.077423095703125 -0.114784240722656 -0.104393005371094 0.0660018920898437
0.0940170288085938 -0.134078979492188 -0.24395751953125 0.0232086181640625
0.182693481445313 -0.0188446044921875 -0.218185424804687 -0.160858154296875
0.1622314453125 0.0894775390625 0.0972137451171875 -0.176544189453125
-0.051300048828125 -0.0288887023925781 -0.170166015625 0.189163208007813
-0.0314502716064453 -0.00127410888671876 0.192153930664063 0.197235107421875
-0.0501899719238281 0.0154914855957031 0.272918701171875 -0.0664825439453125
-0.00262832641601562 0.0390357971191406 0.1077880859375 -0.110649108886719
0.0256500244140625 0.0177936553955078 0.0226020812988281 -0.0223903656005859
0.0260524749755859 -0.0210437774658203 0.0225486755371094 0.0299243927001953
0.00780868530273437 -0.0193939208984375 0.0387535095214844 0.0702667236328125
0.00118160247802734 -0.0135965347290039 0.0409622192382813 0.1007080078125
-0.000635147094726563 -0.0134067535400391 0.04541015625 0.18402099609375
0.00447940826416016 -0.00685596466064453 -0.028839111328125 0.267257690429688
0.0111017227172852 -0.00580310821533203 -0.16778564453125 0.29742431640625
0.00294876098632812 0.0239162445068359 -0.364105224609375 0.184051513671875
-0.0373954772949219 0.039886474609375 -0.46429443359375 -0.11383056640625
-0.0591888427734375 0.0143623352050781 -0.336700439453125 -0.268402099609375
-0.0967864990234375 -0.0417556762695312 -0.19683837890625 -0.39361572265625
0.103408813476562 0.0125198364257812 -0.18035888671875 0.169754028320312
0.111221313476562 -0.0421142578125 0.16302490234375 0.193832397460938
-0.00894165039062501 -0.119796752929688 0.266143798828125 -0.0521697998046875
-0.0858154296875 -0.0536270141601562 0.121246337890625 -0.0964813232421875
-0.0856246948242188 0.0291213989257812 0.0358924865722656 -0.0356712341308594
-0.0162734985351562 0.0648231506347656 0.0312671661376953 0.0204982757568359
0.0184593200683594 0.0557365417480469 0.0382881164550781 0.06622314453125
0.00360107421875 0.0467529296875 0.0419082641601563 0.0950927734375
0.0080718994140625 0.0466804504394531 0.0527801513671875 0.182968139648438
-0.00496292114257812 0.0434799194335938 -0.0142822265625 0.269088745117188
-0.0288238525390625 0.0279464721679688 -0.153045654296875 0.30218505859375
-0.0505447387695313 0.0108413696289063 -0.355316162109375 0.202423095703125
-0.0495185852050781 -0.0320587158203125 -0.46612548828125 -0.0823974609375
0.00545120239257812 -0.0501594543457031 -0.36260986328125 -0.251495361328125
0.0227870941162109 -0.0243091583251953 -0.22515869140625 -0.402862548828125
0.234710693359375 0.0445709228515625 -0.161239624023437 0.1651611328125
0.225204467773438 -0.0933074951171875 0.120376586914063 0.190444946289062
0.016815185546875 -0.238433837890625 0.243118286132812 0.00126647949218749
-0.156097412109375 -0.124679565429688 0.165679931640625 -0.054779052734375
-0.174713134765625 0.0407867431640625 0.0847549438476562 -0.06060791015625
-0.0511093139648438 0.134101867675781 0.0492935180664063 -0.0224723815917969
0.0255584716796875 0.119377136230469 0.0293750762939453 0.0343151092529297
0.00536346435546876 0.102920532226563 0.034027099609375 0.0745697021484375
0.0193710327148437 0.104118347167969 0.05401611328125 0.171844482421875
-0.012542724609375 0.0960922241210938 -0.00384521484374998 0.2598876953125
-0.070953369140625 0.0656204223632812 -0.146820068359375 0.2952880859375
-0.108978271484375 -0.00146484375 -0.347991943359375 0.203125
-0.0628509521484375 -0.110519409179688 -0.4532470703125 -0.0689086914062501
0.0743484497070313 -0.116645812988281 -0.36358642578125 -0.240325927734375
0.1436767578125 -0.0050811767578125 -0.22015380859375 -0.39697265625
0.317413330078125 0.062164306640625 -0.118087768554687 0.180374145507813
0.279586791992188 -0.143325805664063 0.08685302734375 0.208892822265625
0.010528564453125 -0.30712890625 0.242385864257813 0.0775909423828125
-0.201934814453125 -0.149765014648438 0.241607666015625 -0.0194091796875
-0.2181396484375 0.0562896728515625 0.14776611328125 -0.105026245117188
-0.0649871826171875 0.175186157226563 0.0657882690429688 -0.0909194946289062
0.0291748046875 0.160537719726563 0.0120449066162109 -0.0169506072998047
0.007080078125 0.145660400390625 0.0205268859863281 0.0425071716308594
0.02777099609375 0.152008056640625 0.047943115234375 0.1484375
-0.0222015380859375 0.146316528320313 -0.00553894042968751 0.235183715820312
-0.118904113769531 0.102302551269531 -0.148056030273438 0.26568603515625
-0.173141479492188 -0.019989013671875 -0.335418701171875 0.17864990234375
-0.06744384765625 -0.193161010742188 -0.41925048828125 -0.072113037109375
0.147415161132813 -0.172698974609375 -0.337646484375 -0.230926513671875
0.2469482421875 0.017852783203125 -0.183135986328125 -0.37359619140625
0.347686767578125 0.06475830078125 -0.05926513671875 0.216812133789062
0.278228759765625 -0.167388916015625 0.0885772705078125 0.252761840820313
-0.008453369140625 -0.308746337890625 0.2840576171875 0.141754150390625
-0.205734252929688 -0.132980346679688 0.326507568359375 -0.0194091796875
-0.210418701171875 0.065521240234375 0.198593139648437 -0.166030883789063
-0.0596771240234375 0.180709838867188 0.069976806640625 -0.166015625
0.029541015625 0.173736572265625 -0.00966644287109374 -0.073974609375
0.00686645507812499 0.167129516601563 0.00365471839904785 0.00181245803833009
0.030120849609375 0.183380126953125 0.0316543579101563 0.107887268066406
-0.0387725830078125 0.185028076171875 -0.0171356201171875 0.185775756835937
-0.168655395507813 0.120986938476563 -0.147552490234375 0.204696655273438
-0.224929809570313 -0.05517578125 -0.30133056640625 0.131591796875
-0.04638671875 -0.266632080078125 -0.358489990234375 -0.07470703125
0.218597412109375 -0.198333740234375 -0.2938232421875 -0.21405029296875
0.315216064453125 0.046112060546875 -0.1212158203125 -0.334228515625
0.330169677734375 0.058380126953125 0.0121612548828125 0.263641357421875
0.240936279296875 -0.15667724609375 0.1322021484375 0.29541015625
-0.0131988525390625 -0.256607055664063 0.345184326171875 0.1634521484375
-0.166702270507813 -0.09991455078125 0.388458251953125 -0.058013916015625
-0.167587280273438 0.05841064453125 0.222381591796875 -0.226425170898437
-0.04541015625 0.155593872070312 0.061309814453125 -0.228317260742188
0.0251617431640625 0.160720825195313 -0.0320510864257813 -0.123878479003906
0.00450134277343751 0.164016723632812 -0.0139045715332031 -0.0406455993652344
0.02276611328125 0.190643310546875 0.00708389282226563 0.0537948608398438
-0.0595855712890625 0.195358276367188 -0.0306472778320312 0.114021301269531
-0.202316284179687 0.105072021484375 -0.129348754882813 0.124481201171875
-0.233795166015625 -0.104293823242187 -0.238433837890625 0.0835418701171875
0.00775146484375003 -0.29754638671875 -0.29058837890625 -0.0509033203125001
0.268966674804688 -0.176025390625 -0.25323486328125 -0.186599731445312
0.33074951171875 0.076934814453125 -0.046173095703125 -0.285369873046875
0.269210815429688 0.044281005859375 0.089508056640625 0.3104248046875
0.18896484375 -0.115753173828125 0.199127197265625 0.316162109375
-0.00190734863281249 -0.18212890625 0.395721435546875 0.143310546875
-0.107208251953125 -0.0688934326171875 0.4105224609375 -0.10870361328125
-0.111434936523437 0.0376434326171875 0.2205810546875 -0.268356323242188
-0.0292434692382813 0.112533569335937 0.0448150634765625 -0.265609741210938
0.0170440673828125 0.127250671386719 -0.0518646240234375 -0.159042358398438
0.0010833740234375 0.137313842773438 -0.0300140380859375 -0.0785675048828125
0.00920104980468751 0.167510986328125 -0.0155267715454102 -0.00575160980224609
-0.07305908203125 0.165542602539063 -0.0343132019042969 0.0361785888671875
-0.193679809570313 0.05908203125 -0.0874557495117188 0.0516357421875
-0.179946899414063 -0.1373291015625 -0.16131591796875 0.06451416015625
0.0711822509765625 -0.254409790039063 -0.250900268554688 -0.00271606445312498
0.266311645507813 -0.108383178710938 -0.2366943359375 -0.162490844726563
0.283172607421875 0.09735107421875 0.0286102294921875 -0.2333984375
0.175308227539062 0.0288238525390625 0.159149169921875 0.345123291015625
0.13238525390625 -0.0605926513671875 0.266387939453125 0.3134765625
0.01531982421875 -0.107635498046875 0.422882080078125 0.106536865234375
-0.0482635498046875 -0.0452766418457031 0.4071044921875 -0.15252685546875
-0.05841064453125 0.0117301940917969 0.20654296875 -0.2908935546875
-0.0178642272949219 0.0628395080566406 0.02557373046875 -0.281890869140625
0.005615234375 0.0799407958984375 -0.065826416015625 -0.17822265625
-0.0031280517578125 0.0906524658203125 -0.0422821044921875 -0.104698181152344
-0.00390625000000001 0.114830017089844 -0.0302200317382813 -0.0563888549804688
-0.064910888671875 0.100784301757813 -0.0276050567626953 -0.0260524749755859
-0.132034301757813 0.00711822509765626 -0.0404243469238281 0.0109138488769531
-0.085601806640625 -0.119163513183594 -0.104515075683594 0.0746002197265625
0.0960540771484375 -0.1451416015625 -0.252883911132813 0.0380096435546875
0.193603515625 -0.026763916015625 -0.235809326171875 -0.155929565429688
0.1759033203125 0.0909576416015625 0.09259033203125 -0.186660766601562
-0.0556831359863281 -0.0272407531738281 -0.163192749023437 0.205856323242188
-0.0331268310546875 -0.00080299377441407 0.212173461914063 0.189163208007813
-0.0527839660644531 0.0197257995605469 0.273590087890625 -0.0919342041015625
-0.000953674316406252 0.0403556823730469 0.101737976074219 -0.122673034667969
0.0277500152587891 0.0172119140625 0.0231876373291016 -0.0244503021240234
0.0264129638671875 -0.0239486694335938 0.0242938995361328 0.0286636352539063
0.00735092163085938 -0.0214004516601563 0.0415878295898438 0.0708084106445313
0.00148105621337891 -0.0142946243286133 0.0453262329101562 0.103096008300781
-0.00128078460693359 -0.0130491256713867 0.0563812255859375 0.186721801757813
0.00374412536621094 -0.00789260864257813 -0.015380859375 0.27642822265625
0.0100183486938477 -0.00661468505859375 -0.153778076171875 0.318511962890625
0.00505256652832031 0.0248374938964844 -0.36279296875 0.21636962890625
-0.0359573364257812 0.0442161560058594 -0.489105224609375 -0.0844421386718749
-0.0614738464355469 0.0181121826171875 -0.365264892578125 -0.2557373046875
-0.102767944335938 -0.03564453125 -0.2275390625 -0.396942138671875
0.10882568359375 0.006866455078125 -0.174240112304687 0.185501098632813
0.114845275878906 -0.0532684326171875 0.1815185546875 0.186538696289063
-0.017578125 -0.124443054199219 0.265472412109375 -0.076385498046875
-0.0927200317382813 -0.0505218505859375 0.115806579589844 -0.108161926269531
-0.086395263671875 0.037322998046875 0.0349655151367187 -0.0384140014648438
-0.0111274719238281 0.0677413940429687 0.0327281951904297 0.017242431640625
0.0232582092285156 0.0542678833007813 0.0413246154785156 0.0670814514160156
0.007415771484375 0.0481109619140625 0.04559326171875 0.0972442626953125
0.0121994018554688 0.0475349426269531 0.0631256103515625 0.184768676757812
-0.00357818603515625 0.0442008972167969 0.000503540039062512 0.276443481445313
-0.0289897918701172 0.0298309326171875 -0.137908935546875 0.321868896484375
-0.0496444702148438 0.0129852294921875 -0.351654052734375 0.2344970703125
-0.0521583557128906 -0.0285224914550781 -0.48822021484375 -0.0529479980468749
0.0013885498046875 -0.0515213012695312 -0.392120361328125 -0.236419677734375
0.0235157012939453 -0.0232601165771484 -0.257720947265625 -0.40594482421875
0.24603271484375 0.0322418212890625 -0.154037475585937 0.1790771484375
0.229644775390625 -0.113815307617188 0.137435913085938 0.185546875
0.00122070312499998 -0.248611450195312 0.244949340820313 -0.018890380859375
-0.169342041015625 -0.1197509765625 0.165847778320313 -0.0671234130859375
-0.176788330078125 0.0551605224609375 0.08343505859375 -0.0673370361328125
-0.0419845581054688 0.140182495117187 0.0487823486328125 -0.0289993286132812
0.03466796875 0.119239807128906 0.0303440093994141 0.0347690582275391
0.0126495361328125 0.105148315429687 0.0376815795898438 0.0760574340820312
0.0261993408203125 0.105194091796875 0.0657806396484375 0.173385620117188
-0.00818634033203125 0.097503662109375 0.0105743408203125 0.267578125
-0.0693435668945313 0.0709686279296875 -0.131744384765625 0.3150634765625
-0.110641479492187 0.00406646728515626 -0.34503173828125 0.235137939453125
-0.0697479248046875 -0.107757568359375 -0.4742431640625 -0.041015625
0.0685272216796875 -0.123756408691406 -0.392059326171875 -0.22552490234375
0.149673461914063 -0.010345458984375 -0.2537841796875 -0.398590087890625
0.3331298828125 0.0450439453125 -0.108413696289063 0.192657470703125
0.2825927734375 -0.16778564453125 0.103775024414063 0.208358764648438
-0.00970458984374998 -0.319091796875 0.249771118164062 0.0613555908203125
-0.218063354492188 -0.142593383789063 0.246917724609375 -0.0355682373046875
-0.220550537109375 0.073333740234375 0.145645141601563 -0.117889404296875
-0.053741455078125 0.182083129882813 0.0615921020507813 -0.100296020507812
0.040802001953125 0.160308837890625 0.0101337432861328 -0.0170297622680664
0.0164794921875 0.148193359375 0.0220260620117188 0.04315185546875
0.038421630859375 0.153305053710937 0.0582427978515625 0.148162841796875
-0.0146484375 0.150131225585938 0.0081939697265625 0.241165161132813
-0.115272521972656 0.111717224121094 -0.135589599609375 0.284912109375
-0.178558349609375 -0.010894775390625 -0.33416748046875 0.209716796875
-0.079986572265625 -0.193511962890625 -0.4385986328125 -0.0458068847656251
0.141632080078125 -0.18646240234375 -0.36505126953125 -0.2159423828125
0.2591552734375 0.007537841796875 -0.215118408203125 -0.374969482421875
0.364501953125 0.04620361328125 -0.045440673828125 0.226715087890625
0.2791748046875 -0.191925048828125 0.108123779296875 0.253814697265625
-0.028656005859375 -0.318695068359375 0.2977294921875 0.12664794921875
-0.220138549804688 -0.125076293945312 0.335693359375 -0.040496826171875
-0.211669921875 0.08203125 0.1947021484375 -0.183853149414063
-0.0485076904296875 0.186798095703125 0.061065673828125 -0.177688598632812
0.0421295166015625 0.173690795898438 -0.0155792236328125 -0.074554443359375
0.017974853515625 0.16998291015625 0.00330114364624024 0.00180649757385255
0.04327392578125 0.186187744140625 0.0395965576171875 0.1083984375
-0.0287933349609375 0.190780639648438 -0.00660705566406249 0.191986083984375
-0.1650390625 0.135284423828125 -0.139862060546875 0.222152709960938
-0.235153198242188 -0.043701171875 -0.302734375 0.157562255859375
-0.063446044921875 -0.271621704101563 -0.3748779296875 -0.05242919921875
0.21392822265625 -0.218673706054688 -0.316741943359375 -0.20068359375
0.3330078125 0.03289794921875 -0.147979736328125 -0.338409423828125
0.345489501953125 0.040924072265625 0.0309600830078125 0.272064208984375
0.240524291992188 -0.17730712890625 0.156219482421875 0.296783447265625
-0.0298004150390625 -0.2637939453125 0.3646240234375 0.144866943359375
-0.176513671875 -0.0931854248046875 0.396392822265625 -0.0850830078125
-0.167282104492188 0.07098388671875 0.21429443359375 -0.247329711914062
-0.0356292724609375 0.159500122070313 0.047821044921875 -0.240402221679688
0.03729248046875 0.159988403320313 -0.04071044921875 -0.124374389648437
0.0156707763671875 0.16802978515625 -0.0163154602050781 -0.0414848327636719
0.03656005859375 0.194244384765625 0.0120086669921875 0.0536231994628906
-0.0493927001953125 0.203369140625 -0.0249252319335938 0.119178771972656
-0.2012939453125 0.122146606445312 -0.126708984375 0.137458801269531
-0.248184204101562 -0.094940185546875 -0.240676879882813 0.10357666015625
-0.00833129882812498 -0.30859375 -0.301300048828125 -0.032257080078125
0.267990112304688 -0.198287963867188 -0.274520874023438 -0.173828125
0.35162353515625 0.063507080078125 -0.068145751953125 -0.29058837890625
0.282073974609375 0.03057861328125 0.112518310546875 0.31597900390625
0.188308715820313 -0.132156372070312 0.227081298828125 0.315032958984375
-0.01220703125 -0.18768310546875 0.41607666015625 0.1209716796875
-0.1123046875 -0.0655059814453125 0.4161376953125 -0.138916015625
-0.111244201660156 0.045684814453125 0.209320068359375 -0.290069580078125
-0.0225296020507812 0.114303588867187 0.0289459228515625 -0.277053833007813
0.0268173217773437 0.126884460449219 -0.0610198974609375 -0.159744262695313
0.010589599609375 0.1405029296875 -0.0347900390625 -0.079986572265625
0.021575927734375 0.171844482421875 -0.015690803527832 -0.00638675689697265
-0.0651092529296875 0.174407958984375 -0.0338172912597656 0.0390167236328125
-0.196746826171875 0.0740509033203125 -0.08770751953125 0.0587997436523437
-0.195968627929688 -0.132659912109375 -0.161209106445313 0.0777587890625
0.059173583984375 -0.268707275390625 -0.256027221679688 0.0163116455078125
0.270553588867188 -0.127975463867188 -0.256500244140625 -0.147613525390625
0.30364990234375 0.08642578125 0.01202392578125 -0.24114990234375
0.183975219726563 0.0189361572265625 0.186492919921875 0.349212646484375
0.133201599121094 -0.0716934204101563 0.297821044921875 0.30755615234375
0.0104446411132813 -0.111953735351562 0.442535400390625 0.081298828125
-0.0508499145507812 -0.0441513061523438 0.408294677734375 -0.183197021484375
-0.0589599609375 0.0164909362792969 0.193603515625 -0.31170654296875
-0.0130538940429687 0.0638313293457031 0.01019287109375 -0.29156494140625
0.0124053955078125 0.0798873901367188 -0.075592041015625 -0.178359985351563
0.00387573242187501 0.093353271484375 -0.04876708984375 -0.106422424316406
0.00391387939453124 0.118446350097656 -0.0345611572265625 -0.05718994140625
-0.0607986450195312 0.10833740234375 -0.0311641693115234 -0.0253849029541016
-0.136566162109375 0.0163192749023438 -0.0419692993164063 0.0136260986328125
-0.0969772338867188 -0.119621276855469 -0.10150146484375 0.0845489501953125
0.091522216796875 -0.157394409179688 -0.255889892578125 0.0582733154296875
0.20001220703125 -0.0397186279296875 -0.25543212890625 -0.140548706054688
0.191482543945313 0.08599853515625 0.081695556640625 -0.196304321289062
-0.059661865234375 -0.0228195190429688 -0.147659301757812 0.21734619140625
-0.0339908599853516 0.000225067138671882 0.227218627929688 0.171554565429688
-0.0534019470214844 0.0243911743164063 0.262954711914063 -0.116226196289063
0.000854492187500003 0.0400428771972656 0.0906448364257813 -0.131736755371094
0.0303478240966797 0.0167427062988281 0.0218849182128906 -0.0268955230712891
0.0254535675048828 -0.0261402130126953 0.0252285003662109 0.0262928009033203
0.00657844543457032 -0.0230579376220703 0.0443992614746094 0.0698814392089844
0.00132369995117188 -0.0146913528442383 0.0496139526367187 0.101875305175781
-0.000974655151367187 -0.0126218795776367 0.065826416015625 0.18426513671875
0.0021357536315918 -0.00739717483520508 0.00177001953125 0.27679443359375
0.00855255126953125 -0.0066218376159668 -0.131011962890625 0.328643798828125
0.00761795043945313 0.0236358642578125 -0.3460693359375 0.24420166015625
-0.0325889587402344 0.0480384826660156 -0.498565673828125 -0.0462646484375
-0.0616416931152344 0.0227546691894531 -0.384185791015625 -0.23101806640625
-0.104377746582031 -0.0277175903320312 -0.256011962890625 -0.385345458984375
0.109519958496094 -0.0001983642578125 -0.160888671875 0.196258544921875
0.112358093261719 -0.0645599365234375 0.19415283203125 0.170150756835938
-0.027099609375 -0.123977661132812 0.254119873046875 -0.098785400390625
-0.0977325439453125 -0.0442962646484375 0.105552673339844 -0.11651611328125
-0.082855224609375 0.044921875 0.0316963195800781 -0.0408134460449219
-0.00466918945312499 0.0666007995605469 0.0324020385742188 0.0134029388427734
0.0270767211914062 0.0508499145507813 0.0436172485351563 0.0654106140136719
0.0105247497558594 0.047088623046875 0.0496826171875 0.0959548950195313
0.0156974792480469 0.0461273193359375 0.0733489990234375 0.180877685546875
-0.00183868408203125 0.0445709228515625 0.0179290771484375 0.27593994140625
-0.0274658203125 0.0309047698974609 -0.114959716796875 0.332305908203125
-0.0475578308105469 0.0150680541992187 -0.334228515625 0.262054443359375
-0.0529556274414062 -0.0234298706054688 -0.49530029296875 -0.01531982421875
-0.00282669067382813 -0.0499038696289063 -0.410430908203125 -0.210174560546875
0.0234889984130859 -0.0222187042236328 -0.28826904296875 -0.3922119140625
0.250045776367188 0.016143798828125 -0.14019775390625 0.18951416015625
0.223709106445313 -0.132125854492188 0.151031494140625 0.173385620117188
-0.0169219970703125 -0.249526977539062 0.236801147460938 -0.0391998291015625
-0.178665161132813 -0.108749389648437 0.158935546875 -0.078582763671875
-0.172393798828125 0.0687103271484375 0.079345703125 -0.0730361938476563
-0.029937744140625 0.140449523925781 0.0450096130371094 -0.0340156555175781
0.0429458618164063 0.114334106445313 0.0310325622558594 0.0336437225341797
0.0199661254882813 0.103286743164062 0.0401840209960938 0.0756072998046875
0.0345687866210937 0.102043151855469 0.075958251953125 0.168258666992188
-0.00270080566406249 0.0975418090820313 0.0272979736328125 0.26556396484375
-0.0643234252929688 0.0743026733398438 -0.109130859375 0.32470703125
-0.109207153320313 0.00995635986328127 -0.32781982421875 0.26220703125
-0.0754318237304688 -0.101661682128906 -0.48016357421875 -0.00494384765625002
0.0606842041015625 -0.126701354980469 -0.40960693359375 -0.19793701171875
0.152908325195313 -0.016754150390625 -0.2833251953125 -0.38409423828125
0.337677001953125 0.022918701171875 -0.093170166015625 0.198989868164063
0.273269653320313 -0.189788818359375 0.118621826171875 0.198745727539063
-0.032867431640625 -0.318450927734375 0.248626708984375 0.042572021484375
-0.229293823242187 -0.128204345703125 0.244338989257812 -0.0524139404296875
-0.214202880859375 0.0896759033203126 0.13824462890625 -0.127479553222656
-0.0399627685546875 0.182876586914063 0.0525665283203125 -0.106658935546875
0.051849365234375 0.154739379882813 0.00853061676025391 -0.0168666839599609
0.026336669921875 0.145828247070313 0.0234298706054688 0.0425186157226563
0.0490570068359375 0.149566650390625 0.068206787109375 0.143814086914063
-0.00538635253906251 0.1495361328125 0.0242462158203125 0.240280151367188
-0.107208251953125 0.118606567382812 -0.11492919921875 0.295166015625
-0.177825927734375 -0.00054931640625001 -0.3184814453125 0.236053466796875
-0.0917205810546875 -0.187347412109375 -0.4437255859375 -0.013336181640625
0.130157470703125 -0.1942138671875 -0.38177490234375 -0.190216064453125
0.264862060546875 -0.006561279296875 -0.241668701171875 -0.36334228515625
0.3695068359375 0.023193359375 -0.0286102294921875 0.229705810546875
0.267257690429688 -0.213043212890625 0.125350952148438 0.2451171875
-0.0517578125 -0.316192626953125 0.302581787109375 0.104949951171875
-0.227798461914063 -0.1109619140625 0.3330078125 -0.0645751953125
-0.204818725585938 0.0969390869140625 0.182159423828125 -0.196914672851563
-0.0348663330078125 0.186264038085938 0.0467529296875 -0.183837890625
0.0532989501953125 0.166885375976563 -0.0209808349609375 -0.07257080078125
0.0290374755859375 0.168411254882813 0.00234127044677735 0.00168204307556153
0.0561981201171875 0.18182373046875 0.0469970703125 0.104034423828125
-0.0159454345703125 0.191207885742188 0.00646972656250001 0.192092895507813
-0.1552734375 0.146316528320312 -0.1243896484375 0.233551025390625
-0.237808227539063 -0.0290374755859375 -0.2919921875 0.181365966796875
-0.0809173583984375 -0.267730712890625 -0.37969970703125 -0.024749755859375
0.201416015625 -0.23211669921875 -0.33282470703125 -0.17694091796875
0.341827392578125 0.01434326171875 -0.174713134765625 -0.329010009765625
0.348846435546875 0.01910400390625 0.05133056640625 0.270751953125
0.228912353515625 -0.194168090820313 0.177581787109375 0.286529541015625
-0.047271728515625 -0.261444091796875 0.37164306640625 0.119415283203125
-0.181411743164062 -0.082733154296875 0.391326904296875 -0.112762451171875
-0.160018920898438 0.081817626953125 0.196533203125 -0.262069702148438
-0.023956298828125 0.158111572265625 0.0299224853515625 -0.244705200195313
0.0479888916015625 0.154098510742188 -0.0483856201171875 -0.120635986328125
0.0271148681640625 0.165847778320313 -0.0192031860351563 -0.0406227111816406
0.0512542724609375 0.190933227539063 0.0159149169921875 0.0512199401855469
-0.0357208251953125 0.2052001953125 -0.017364501953125 0.121116638183594
-0.192977905273438 0.136825561523437 -0.117782592773437 0.147201538085938
-0.256118774414063 -0.07928466796875 -0.232742309570313 0.121932983398437
-0.028594970703125 -0.309906005859375 -0.30316162109375 -0.00946044921875
0.25738525390625 -0.216552734375 -0.28759765625 -0.15155029296875
0.36376953125 0.042724609375 -0.090850830078125 -0.285919189453125
0.284912109375 0.013092041015625 0.1353759765625 0.31103515625
0.180450439453125 -0.145736694335938 0.250823974609375 0.299652099609375
-0.024322509765625 -0.186676025390625 0.423980712890625 0.09173583984375
-0.114776611328125 -0.058807373046875 0.407470703125 -0.16796875
-0.10614013671875 0.0527267456054688 0.1888427734375 -0.30413818359375
-0.014007568359375 0.112060546875 0.00979614257812499 -0.280258178710938
0.03533935546875 0.121650695800781 -0.070770263671875 -0.154754638671875
0.0202865600585938 0.138717651367188 -0.0395736694335938 -0.0782928466796875
0.0341949462890625 0.169647216796875 -0.0154523849487305 -0.0061206817626953
-0.0537261962890625 0.178146362304688 -0.0314865112304688 0.0416107177734375
-0.191574096679688 0.088226318359375 -0.085357666015625 0.0653915405273438
-0.20684814453125 -0.120086669921875 -0.155670166015625 0.0902252197265625
0.04205322265625 -0.275543212890625 -0.253402709960938 0.0368499755859375
0.264450073242188 -0.147689819335938 -0.267852783203125 -0.12518310546875
0.31634521484375 0.06817626953125 -0.0068511962890625 -0.2401123046875
0.185394287109375 0.008209228515625 0.212890625 0.339752197265625
0.12847900390625 -0.0820465087890625 0.3203125 0.28839111328125
0.00350189208984376 -0.112594604492188 0.447540283203125 0.050201416015625
-0.052459716796875 -0.04144287109375 0.395599365234375 -0.2120361328125
-0.0569000244140625 0.0205345153808594 0.17132568359375 -0.3240966796875
-0.00796127319335938 0.0617790222167969 -0.00900268554687499 -0.2913818359375
0.0188522338867188 0.0765457153320313 -0.0853118896484375 -0.172393798828125
0.0108184814453125 0.0924835205078125 -0.0544509887695312 -0.104606628417969
0.01312255859375 0.117935180664062 -0.0385322570800781 -0.0555343627929688
-0.0534820556640625 0.112312316894531 -0.0337448120117188 -0.0229759216308594
-0.136260986328125 0.0264739990234375 -0.0417366027832031 0.0160179138183594
-0.106056213378906 -0.114913940429688 -0.094146728515625 0.0923080444335937
0.082275390625 -0.165817260742188 -0.24896240234375 0.081085205078125
0.200485229492188 -0.0533905029296875 -0.267166137695313 -0.1173095703125
0.2022705078125 0.07513427734375 0.065521240234375 -0.19866943359375
-0.0614242553710937 -0.0181694030761719 -0.13250732421875 0.22003173828125
-0.0351676940917969 0.00109481811523438 0.233016967773437 0.154220581054688
-0.0524139404296875 0.0278129577636719 0.24786376953125 -0.130966186523438
0.00101089477539063 0.0396385192871094 0.0790557861328125 -0.134864807128906
0.0316448211669922 0.0159664154052734 0.0204601287841797 -0.0285224914550781
0.0237102508544922 -0.0283946990966797 0.0245552062988281 0.0235080718994141
0.005889892578125 -0.0243682861328125 0.0446205139160156 0.067596435546875
0.00222015380859375 -0.0151329040527344 0.0510787963867188 0.0995407104492188
-0.00071430206298828 -0.0125665664672852 0.07061767578125 0.178070068359375
0.00179862976074219 -0.00659561157226563 0.013519287109375 0.271652221679688
0.00695085525512695 -0.00659608840942383 -0.11212158203125 0.32891845703125
0.00890350341796875 0.0217552185058594 -0.3267822265625 0.2589111328125
-0.0303840637207031 0.0498886108398438 -0.4931640625 -0.01702880859375
-0.0601806640625 0.0257034301757813 -0.388946533203125 -0.208038330078125
-0.102325439453125 -0.0230865478515625 -0.269561767578125 -0.370513916015625
0.107521057128906 -0.00510406494140625 -0.146682739257813 0.1993408203125
0.107513427734375 -0.07122802734375 0.199920654296875 0.15460205078125
-0.0336685180664063 -0.120216369628906 0.237930297851563 -0.11236572265625
-0.0998687744140625 -0.0380630493164062 0.0955581665039063 -0.119918823242188
-0.07818603515625 0.0492935180664063 0.0294532775878906 -0.0419578552246094
0.000282287597656252 0.0635833740234375 0.0300788879394531 0.0103492736816406
0.0296211242675781 0.0468215942382812 0.0446243286132813 0.0640945434570313
0.0130195617675781 0.0446357727050781 0.0505142211914063 0.0934906005859375
0.0183258056640625 0.04425048828125 0.0781402587890625 0.174560546875
-0.000110626220703129 0.0437240600585938 0.02935791015625 0.268936157226563
-0.0259056091308594 0.0312175750732422 -0.09619140625 0.3309326171875
-0.0454559326171875 0.0153999328613281 -0.3143310546875 0.276092529296875
-0.0518531799316406 -0.018524169921875 -0.4891357421875 0.012939453125
-0.00470352172851563 -0.0473976135253906 -0.414215087890625 -0.186187744140625
0.0249977111816406 -0.0223007202148437 -0.3017578125 -0.37615966796875
0.246307373046875 0.005523681640625 -0.127105712890625 0.190719604492188
0.215240478515625 -0.14373779296875 0.15655517578125 0.159622192382813
-0.0295562744140625 -0.244979858398437 0.22467041015625 -0.0511932373046875
-0.182418823242188 -0.097686767578125 0.151153564453125 -0.08502197265625
-0.164703369140625 0.0764617919921875 0.0747833251953125 -0.0763702392578125
-0.022125244140625 0.137176513671875 0.040283203125 -0.0376701354980469
0.04705810546875 0.107955932617188 0.0312137603759766 0.0334377288818359
0.0240325927734375 0.0997161865234375 0.0405654907226563 0.0736465454101563
0.0382614135742188 0.0972366333007812 0.080291748046875 0.161941528320313
0.000793457031249994 0.0949249267578125 0.0391998291015625 0.259048461914063
-0.0596084594726563 0.075225830078125 -0.09027099609375 0.32403564453125
-0.10595703125 0.0126724243164062 -0.308685302734375 0.276763916015625
-0.077239990234375 -0.0946197509765625 -0.473358154296875 0.0220642089843749
0.055023193359375 -0.124946594238281 -0.4139404296875 -0.17437744140625
0.153182983398438 -0.0219268798828125 -0.2987060546875 -0.368621826171875
0.333770751953125 0.00830078125 -0.0802459716796875 0.198883056640625
0.260818481445313 -0.201629638671875 0.12603759765625 0.186477661132813
-0.047393798828125 -0.3111572265625 0.24041748046875 0.0291595458984375
-0.232101440429688 -0.114410400390625 0.236343383789063 -0.0630340576171875
-0.204437255859375 0.0992431640625 0.129981994628906 -0.132705688476563
-0.0297698974609375 0.177688598632813 0.0440597534179688 -0.109130859375
0.05743408203125 0.1463623046875 0.00667572021484375 -0.0156316757202148
0.032745361328125 0.1412353515625 0.0235595703125 0.0417289733886719
0.0554351806640625 0.142578125 0.0719757080078125 0.137428283691406
0.001220703125 0.146484375 0.035369873046875 0.234512329101563
-0.098785400390625 0.120849609375 -0.097991943359375 0.2965087890625
-0.173583984375 0.00578308105468748 -0.301605224609375 0.249786376953125
-0.096893310546875 -0.178329467773438 -0.438201904296875 0.0117492675781249
0.1201171875 -0.195358276367188 -0.38519287109375 -0.167694091796875
0.265701293945313 -0.0161590576171875 -0.25830078125 -0.346954345703125
0.3642578125 0.00732421875 -0.01513671875 0.2261962890625
0.252960205078125 -0.223114013671875 0.135696411132813 0.23333740234375
-0.0650634765625 -0.30767822265625 0.298431396484375 0.088775634765625
-0.229232788085938 -0.0980072021484375 0.324676513671875 -0.0792236328125
-0.1939697265625 0.10491943359375 0.169464111328125 -0.202850341796875
-0.02508544921875 0.180618286132813 0.0348052978515625 -0.183746337890625
0.0596923828125 0.157760620117188 -0.0240669250488281 -0.06866455078125
0.03594970703125 0.163330078125 0.0017002820968628 0.00213038921356202
0.06365966796875 0.174087524414063 0.0504226684570313 0.0994491577148438
-0.00691223144531249 0.187789916992188 0.0151519775390625 0.188430786132812
-0.144790649414062 0.1514892578125 -0.110946655273438 0.235733032226562
-0.234954833984375 -0.0187530517578125 -0.278533935546875 0.19464111328125
-0.0913543701171875 -0.258865356445313 -0.375213623046875 -0.00296020507812497
0.189193725585938 -0.236862182617188 -0.33660888671875 -0.15582275390625
0.3431396484375 -0.000457763671875 -0.190338134765625 -0.31536865234375
0.344085693359375 0.0042724609375 0.0644989013671875 0.26409912109375
0.216476440429688 -0.202774047851563 0.188995361328125 0.272369384765625
-0.0587615966796875 -0.254287719726563 0.36962890625 0.09893798828125
-0.181289672851563 -0.0727386474609375 0.379119873046875 -0.13037109375
-0.151962280273438 0.0874786376953125 0.1805419921875 -0.266937255859375
-0.016204833984375 0.152008056640625 0.0157012939453125 -0.24298095703125
0.053314208984375 0.145172119140625 -0.0526809692382812 -0.115089416503906
0.0336151123046875 0.160232543945313 -0.0210723876953125 -0.0395736694335937
0.0595245361328125 0.183425903320313 0.0181465148925781 0.0489654541015625
-0.025054931640625 0.203094482421875 -0.01104736328125 0.119873046875
-0.181976318359375 0.143692016601563 -0.109878540039063 0.151397705078125
-0.25701904296875 -0.0661773681640625 -0.223648071289062 0.132553100585938
-0.0426025390625 -0.3035888671875 -0.2974853515625 0.00781249999999994
0.245742797851562 -0.22509765625 -0.29071044921875 -0.13116455078125
0.36663818359375 0.025299072265625 -0.10528564453125 -0.274993896484375
0.280075073242188 0.001251220703125 0.150146484375 0.30072021484375
0.1702880859375 -0.152313232421875 0.262664794921875 0.283447265625
-0.0314483642578125 -0.181732177734375 0.4197998046875 0.069580078125
-0.114662170410156 -0.0531158447265625 0.3924560546875 -0.18634033203125
-0.100112915039063 0.0565109252929687 0.16973876953125 -0.3077392578125
-0.009002685546875 0.107101440429688 -0.00440979003906248 -0.275039672851563
0.0401687622070313 0.114158630371094 -0.0751495361328125 -0.148162841796875
0.0265579223632812 0.134506225585938 -0.0419998168945313 -0.0763702392578125
0.041839599609375 0.164505004882813 -0.0156984329223633 -0.00633144378662108
-0.0437774658203125 0.177597045898438 -0.0296173095703125 0.0426597595214844
-0.183822631835938 0.0974578857421875 -0.0816802978515625 0.0686874389648437
-0.211715698242188 -0.109298706054688 -0.147323608398438 0.0977020263671875
0.028961181640625 -0.275436401367188 -0.243881225585938 0.051727294921875
0.258071899414063 -0.157928466796875 -0.270065307617188 -0.105575561523438
0.321197509765625 0.0533447265625 -0.0205078125 -0.232620239257813
0.181854248046875 0.0008087158203125 0.22686767578125 0.3271484375
0.123069763183594 -0.087158203125 0.331878662109375 0.2686767578125
-0.000579833984375011 -0.110389709472656 0.443267822265625 0.026031494140625
-0.0522804260253906 -0.0385971069335937 0.378448486328125 -0.22845458984375
-0.0534553527832031 0.0226783752441406 0.15179443359375 -0.325469970703125
-0.0055694580078125 0.0576820373535156 -0.022613525390625 -0.285552978515625
0.02166748046875 0.071746826171875 -0.0893402099609375 -0.165054321289063
0.0153427124023438 0.08953857421875 -0.0574417114257812 -0.101913452148438
0.0191650390625 0.11468505859375 -0.0401115417480469 -0.0541763305664062
-0.0466766357421875 0.113784790039062 -0.0343551635742188 -0.0209770202636719
-0.132781982421875 0.033660888671875 -0.041046142578125 0.0176963806152344
-0.111793518066406 -0.109474182128906 -0.0872573852539062 0.096954345703125
0.073944091796875 -0.16845703125 -0.238525390625 0.096527099609375
0.197845458984375 -0.062408447265625 -0.269775390625 -0.0962677001953125
0.207626342773437 0.065155029296875 0.0524749755859375 -0.195419311523438
-0.0620269775390625 -0.015106201171875 -0.122970581054688 0.2186279296875
-0.0364837646484375 0.000251770019531253 0.234970092773437 0.14178466796875
-0.0527267456054688 0.0306434631347656 0.23602294921875 -0.138565063476563
0.00141525268554688 0.0405426025390625 0.0711135864257813 -0.13629150390625
0.0332241058349609 0.01470947265625 0.0184211730957031 -0.0300197601318359
0.0230846405029297 -0.0294914245605469 0.0224876403808594 0.0221881866455078
0.0048675537109375 -0.0256595611572266 0.0442848205566406 0.0672721862792969
0.00226974487304688 -0.0164422988891602 0.0495529174804688 0.098602294921875
3.62396240234379E-05 -0.0126495361328125 0.070709228515625 0.175338745117187
0.00196266174316406 -0.00568485260009766 0.0183868408203125 0.266815185546875
0.00623607635498047 -0.00566434860229492 -0.100982666015625 0.325653076171875
0.00910186767578125 0.0204601287841797 -0.31378173828125 0.265960693359375
-0.02850341796875 0.0518684387207031 -0.4886474609375 0.000305175781249955
-0.0584983825683594 0.0273170471191406 -0.38916015625 -0.19586181640625
-0.1007080078125 -0.02154541015625 -0.27618408203125 -0.364013671875
0.105255126953125 -0.00604248046875 -0.138031005859375 0.19891357421875
0.103561401367188 -0.0756759643554688 0.20159912109375 0.144439697265625
-0.0368576049804688 -0.117500305175781 0.226119995117188 -0.1181640625
-0.100799560546875 -0.0339279174804688 0.0880050659179688 -0.120903015136719
-0.0746383666992188 0.0510101318359375 0.0282630920410156 -0.0428085327148438
0.00145721435546875 0.0604171752929688 0.0272407531738281 0.00898551940917969
0.0298347473144531 0.0436820983886719 0.044158935546875 0.0634574890136719
0.0137939453125 0.0428657531738281 0.0497970581054687 0.0928268432617188
0.0190773010253906 0.0420989990234375 0.078216552734375 0.1712646484375
0.00110626220703125 0.0429115295410156 0.03411865234375 0.264068603515625
-0.0249118804931641 0.0311069488525391 -0.0855712890625 0.328033447265625
-0.0442085266113281 0.0144805908203125 -0.3016357421875 0.283721923828125
-0.0506248474121094 -0.015350341796875 -0.48297119140625 0.029876708984375
-0.00452804565429687 -0.0450210571289063 -0.41436767578125 -0.174163818359375
0.0264339447021484 -0.0228385925292969 -0.308135986328125 -0.368621826171875
0.243087768554688 0.0012664794921875 -0.11822509765625 0.189254760742188
0.2080078125 -0.149139404296875 0.158279418945313 0.15032958984375
-0.035980224609375 -0.24066162109375 0.214431762695313 -0.0565338134765625
-0.183212280273437 -0.0904388427734375 0.144882202148438 -0.087310791015625
-0.159759521484375 0.0800018310546875 0.0718231201171875 -0.0772705078125
-0.0181655883789063 0.132194519042969 0.0363311767578125 -0.0386123657226562
0.0483627319335937 0.102195739746094 0.0303325653076172 0.0332984924316406
0.0250701904296875 0.0970458984375 0.039215087890625 0.0727005004882813
0.0394210815429688 0.0938262939453125 0.0808563232421875 0.158172607421875
0.00298309326171875 0.0932464599609375 0.0441436767578125 0.253646850585938
-0.0565567016601563 0.073974609375 -0.080291748046875 0.321197509765625
-0.103744506835938 0.01287841796875 -0.29571533203125 0.284149169921875
-0.0763092041015625 -0.0896759033203125 -0.46710205078125 0.03826904296875
0.0525131225585938 -0.122940063476563 -0.41375732421875 -0.160491943359375
0.154129028320313 -0.02484130859375 -0.305999755859375 -0.358978271484375
0.328704833984375 0.003326416015625 -0.0723724365234375 0.196182250976562
0.252685546875 -0.207061767578125 0.1290283203125 0.178009033203125
-0.05548095703125 -0.305694580078125 0.232894897460937 0.0230865478515625
-0.23138427734375 -0.106704711914062 0.23101806640625 -0.068206787109375
-0.1978759765625 0.102645874023438 0.124992370605469 -0.134971618652344
-0.0255889892578125 0.172286987304688 0.03863525390625 -0.109413146972656
0.0589218139648438 0.140129089355469 0.00531768798828125 -0.0143013000488281
0.0338973999023438 0.137565612792969 0.0221061706542969 0.0413665771484375
0.0574264526367187 0.13720703125 0.0730819702148438 0.13360595703125
0.00422668457031252 0.143035888671875 0.0404205322265625 0.229034423828125
-0.0934829711914062 0.119773864746094 -0.088653564453125 0.294342041015625
-0.171096801757812 0.00839233398437498 -0.2911376953125 0.25830078125
-0.0985260009765625 -0.172775268554688 -0.43231201171875 0.0255126953125
0.1160888671875 -0.19488525390625 -0.385284423828125 -0.1544189453125
0.266067504882813 -0.022674560546875 -0.266876220703125 -0.3382568359375
0.359161376953125 0.0023193359375 -0.00793457031249997 0.22216796875
0.244247436523438 -0.226608276367188 0.139175415039063 0.225051879882813
-0.07086181640625 -0.3018798828125 0.293304443359375 0.08074951171875
-0.227752685546875 -0.090606689453125 0.318115234375 -0.087677001953125
-0.186874389648438 0.106948852539062 0.162094116210938 -0.205032348632813
-0.0215301513671875 0.174209594726563 0.0279541015625 -0.183700561523438
0.06103515625 0.151153564453125 -0.0251846313476562 -0.0659561157226562
0.03790283203125 0.159332275390625 0.000941038131713869 0.00268983840942384
0.0668792724609375 0.167327880859375 0.0513763427734375 0.096282958984375
-0.00181579589843752 0.184234619140625 0.0200653076171875 0.185089111328125
-0.137313842773438 0.151123046875 -0.104171752929688 0.236785888671875
-0.232559204101563 -0.0135345458984375 -0.26947021484375 0.2025146484375
-0.0949859619140625 -0.25262451171875 -0.369232177734375 0.00866699218749997
0.183258056640625 -0.238479614257813 -0.336090087890625 -0.141387939453125
0.343292236328125 -0.0089111328125 -0.198211669921875 -0.3062744140625
0.33917236328125 0.00091552734375 0.071746826171875 0.259307861328125
0.208602905273437 -0.205276489257813 0.19317626953125 0.263351440429688
-0.062591552734375 -0.248504638671875 0.364898681640625 0.08782958984375
-0.178237915039063 -0.0677337646484375 0.371978759765625 -0.139251708984375
-0.145294189453125 0.0882110595703125 0.1705322265625 -0.268081665039062
-0.014434814453125 0.145416259765625 0.0074462890625 -0.239349365234375
0.0538101196289063 0.138832092285156 -0.0535354614257813 -0.110794067382812
0.0363006591796875 0.156356811523438 -0.0220375061035156 -0.0385360717773437
0.0624237060546875 0.17767333984375 0.01873779296875 0.0469474792480469
-0.0189056396484375 0.199905395507813 -0.00825500488281249 0.118537902832031
-0.175369262695312 0.145980834960938 -0.105865478515625 0.1524658203125
-0.255966186523438 -0.0595550537109375 -0.217376708984375 0.139251708984375
-0.048583984375 -0.299530029296875 -0.2916259765625 0.017974853515625
0.240646362304688 -0.230026245117188 -0.290069580078125 -0.11712646484375
0.36724853515625 0.0164794921875 -0.113235473632812 -0.267227172851563
0.275344848632813 -0.0022430419921875 0.156646728515625 0.295562744140625
0.164093017578125 -0.154159545898438 0.26763916015625 0.273635864257813
-0.0338897705078125 -0.178436279296875 0.414398193359375 0.056671142578125
-0.112457275390625 -0.0503158569335937 0.382049560546875 -0.194854736328125
-0.0954360961914062 0.0562515258789063 0.15972900390625 -0.306976318359375
-0.00787353515625 0.100547790527344 -0.0125885009765625 -0.27099609375
0.04071044921875 0.109054565429688 -0.0760040283203125 -0.143020629882813
0.0285186767578125 0.130508422851562 -0.0433502197265625 -0.0753555297851563
0.04547119140625 0.159194946289063 -0.0160484313964844 -0.00694656372070312
-0.0380859375 0.175918579101563 -0.0283966064453125 0.0429000854492188
-0.178497314453125 0.100250244140625 -0.080474853515625 0.0700531005859375
-0.213180541992188 -0.102874755859375 -0.142745971679687 0.1014404296875
0.0225067138671875 -0.272994995117188 -0.237396240234375 0.06048583984375
0.253021240234375 -0.164306640625 -0.269912719726563 -0.0910949707031251
0.323333740234375 0.043609619140625 -0.0284423828125 -0.22650146484375
0.178176879882813 -0.0001983642578125 0.233062744140625 0.32012939453125
0.118995666503906 -0.0887298583984375 0.33624267578125 0.256988525390625
-0.00209045410156249 -0.108268737792969 0.437652587890625 0.013031005859375
-0.0505943298339844 -0.0369758605957031 0.367706298828125 -0.236724853515625
-0.0508880615234375 0.022735595703125 0.141510009765625 -0.323883056640625
-0.00483322143554688 0.053985595703125 -0.029632568359375 -0.279556274414063
0.0226058959960938 0.0676002502441406 -0.0905914306640625 -0.160110473632813
0.0163955688476563 0.0866241455078125 -0.0587844848632812 -0.100440979003906
0.0220260620117187 0.111656188964844 -0.0409278869628906 -0.0535240173339844
-0.0425567626953125 0.1131591796875 -0.034332275390625 -0.0195541381835937
-0.1300048828125 0.0365371704101563 -0.0420265197753906 0.0183181762695313
-0.115272521972656 -0.106521606445313 -0.0815658569335938 0.0993576049804687
0.069610595703125 -0.169036865234375 -0.229568481445312 0.105972290039062
0.196807861328125 -0.0681304931640625 -0.269866943359375 -0.082000732421875
0.210159301757813 0.05853271484375 0.045257568359375 -0.190170288085938
-0.0632476806640625 -0.0134468078613281 -0.117645263671875 0.21978759765625
-0.0378799438476563 -3.05175781249985E-05 0.23883056640625 0.13616943359375
-0.053436279296875 0.0330352783203125 0.230606079101562 -0.144729614257813
0.00135421752929687 0.0413017272949219 0.0661087036132813 -0.138359069824219
0.0347690582275391 0.0139102935791016 0.0176067352294922 -0.0315017700195313
0.0226593017578125 -0.0308914184570313 0.0208950042724609 0.0228233337402344
0.00418281555175781 -0.0266036987304688 0.0441207885742187 0.0679206848144531
0.0022125244140625 -0.0176563262939453 0.0486984252929687 0.100738525390625
0.00077342987060547 -0.0131120681762695 0.070709228515625 0.176605224609375
0.00237894058227539 -0.00494241714477539 0.020538330078125 0.26611328125
0.00554895401000977 -0.00538015365600586 -0.09637451171875 0.327850341796875
0.00864219665527344 0.0193881988525391 -0.3095703125 0.273345947265625
-0.0276641845703125 0.0542221069335938 -0.489715576171875 0.013427734375
-0.0580329895019531 0.0277290344238281 -0.3936767578125 -0.192230224609375
-0.101669311523438 -0.0220489501953125 -0.28375244140625 -0.368255615234375
0.1053466796875 -0.0055999755859375 -0.134353637695312 0.19842529296875
0.102218627929688 -0.0794296264648438 0.205062866210938 0.139083862304688
-0.0399932861328125 -0.117683410644531 0.21942138671875 -0.12255859375
-0.102249145507813 -0.0317306518554687 0.0835342407226563 -0.122138977050781
-0.0730209350585938 0.05218505859375 0.0271377563476562 -0.0443000793457031
0.00159454345703125 0.0584030151367188 0.0246601104736328 0.00937652587890626
0.0291481018066406 0.0415000915527344 0.0439987182617188 0.0645179748535156
0.0143775939941406 0.0419654846191406 0.0481719970703125 0.0947723388671875
0.0193748474121094 0.04119873046875 0.07794189453125 0.172271728515625
0.00112533569335937 0.04290771484375 0.03619384765625 0.263229370117188
-0.0245895385742188 0.0304222106933594 -0.080963134765625 0.329345703125
-0.0441513061523438 0.0133094787597656 -0.296783447265625 0.29083251953125
-0.0489540100097656 -0.0129814147949219 -0.48431396484375 0.0416259765624999
-0.00429153442382812 -0.0452194213867188 -0.41925048828125 -0.169586181640625
0.0271034240722656 -0.0241012573242188 -0.316497802734375 -0.371856689453125
0.244796752929688 0.0007781982421875 -0.1141357421875 0.188873291015625
0.20758056640625 -0.155166625976562 0.161483764648438 0.145538330078125
-0.040374755859375 -0.242080688476563 0.20947265625 -0.0602264404296875
-0.185440063476563 -0.087890625 0.142486572265625 -0.0902252197265625
-0.158294677734375 0.0820770263671875 0.0712814331054687 -0.0802459716796875
-0.0177078247070312 0.130134582519531 0.0329132080078125 -0.0398178100585937
0.0479278564453125 0.0995635986328125 0.0302677154541016 0.0340156555175781
0.02520751953125 0.0961990356445313 0.0383148193359375 0.0750274658203125
0.0403823852539062 0.0922927856445313 0.0813446044921875 0.158279418945312
0.004058837890625 0.0922164916992188 0.0468902587890625 0.25225830078125
-0.0554962158203125 0.073638916015625 -0.075347900390625 0.32354736328125
-0.103469848632813 0.01202392578125 -0.290985107421875 0.29266357421875
-0.07568359375 -0.0874252319335937 -0.47003173828125 0.049346923828125
0.0530166625976563 -0.123603820800781 -0.418914794921875 -0.156036376953125
0.156997680664063 -0.027099609375 -0.31427001953125 -0.360565185546875
0.33087158203125 0.002899169921875 -0.068145751953125 0.195343017578125
0.251388549804688 -0.212554931640625 0.131484985351563 0.174224853515625
-0.060302734375 -0.30682373046875 0.229949951171875 0.021087646484375
-0.233917236328125 -0.10443115234375 0.229949951171875 -0.0718994140625
-0.195709228515625 0.104965209960938 0.123649597167969 -0.138465881347656
-0.025054931640625 0.169784545898438 0.0343399047851562 -0.111007690429687
0.05810546875 0.137313842773438 0.00533866882324219 -0.0131759643554687
0.034271240234375 0.137016296386719 0.020721435546875 0.042938232421875
0.0582427978515625 0.135635375976563 0.0732574462890625 0.133331298828125
0.0067596435546875 0.141921997070313 0.04296875 0.228851318359375
-0.091705322265625 0.119308471679688 -0.084747314453125 0.29730224609375
-0.171661376953125 0.009185791015625 -0.28717041015625 0.26727294921875
-0.0987548828125 -0.169952392578125 -0.434539794921875 0.03460693359375
0.11590576171875 -0.196929931640625 -0.3902587890625 -0.1480712890625
0.270126342773438 -0.0261077880859375 -0.27545166015625 -0.338623046875
0.361297607421875 0.00164794921875 -0.00323486328125 0.221664428710937
0.242477416992188 -0.230789184570313 0.142593383789063 0.222564697265625
-0.075347900390625 -0.301666259765625 0.292694091796875 0.078521728515625
-0.228240966796875 -0.088775634765625 0.318267822265625 -0.09320068359375
-0.184982299804688 0.107955932617187 0.1607666015625 -0.209030151367188
-0.022369384765625 0.171737670898438 0.0225830078125 -0.1846923828125
0.0601959228515625 0.148147583007812 -0.0252571105957031 -0.0653038024902343
0.0382537841796875 0.158111572265625 -0.000746011734008787 0.00373244285583497
0.067901611328125 0.16607666015625 0.0517425537109375 0.09539794921875
0.00131225585937501 0.183059692382812 0.023040771484375 0.185256958007813
-0.134552001953125 0.151962280273438 -0.101715087890625 0.240142822265625
-0.234085083007813 -0.011474609375 -0.26776123046875 0.210952758789063
-0.0973663330078125 -0.251953125 -0.370147705078125 0.016845703125
0.183837890625 -0.24237060546875 -0.339935302734375 -0.135406494140625
0.349273681640625 -0.013427734375 -0.205841064453125 -0.30535888671875
0.340545654296875 0.000518798828125 0.0774230957031251 0.259963989257813
0.206634521484375 -0.207839965820313 0.197586059570313 0.261154174804688
-0.0649871826171875 -0.249267578125 0.365478515625 0.083465576171875
-0.177947998046875 -0.0670013427734375 0.3707275390625 -0.146820068359375
-0.143447875976563 0.088623046875 0.1683349609375 -0.271438598632813
-0.015716552734375 0.142181396484375 0.00325012207031252 -0.239898681640625
0.053619384765625 0.135856628417969 -0.0541763305664062 -0.109878540039063
0.0360870361328125 0.155532836914063 -0.0232276916503906 -0.0384368896484375
0.0641632080078125 0.176223754882813 0.0189170837402344 0.046600341796875
-0.01611328125 0.19964599609375 -0.00600433349609376 0.118850708007813
-0.173202514648438 0.148391723632813 -0.105712890625 0.156600952148438
-0.259506225585938 -0.056854248046875 -0.216049194335938 0.14599609375
-0.052215576171875 -0.300933837890625 -0.289703369140625 0.0248107910156249
0.24078369140625 -0.235748291015625 -0.293060302734375 -0.1097412109375
0.37457275390625 0.0106201171875 -0.120254516601562 -0.265365600585938
0.276687622070313 -0.000579833984375 0.1634521484375 0.296875
0.163299560546875 -0.155242919921875 0.273117065429688 0.270126342773438
-0.0355224609375 -0.178787231445312 0.4168701171875 0.050384521484375
-0.110801696777344 -0.0504150390625 0.3804931640625 -0.203582763671875
-0.0936660766601563 0.0553359985351562 0.155853271484375 -0.3104248046875
-0.010040283203125 0.0978851318359375 -0.0162811279296875 -0.270751953125
0.0398712158203125 0.1060791015625 -0.0756378173828125 -0.142059326171875
0.0287628173828125 0.129913330078125 -0.0444259643554688 -0.07537841796875
0.047760009765625 0.158538818359375 -0.0164794921875 -0.00765800476074218
-0.0347747802734375 0.176223754882813 -0.0274620056152344 0.0436019897460938
-0.17779541015625 0.103225708007813 -0.0814437866210938 0.0720977783203125
-0.217697143554688 -0.101593017578125 -0.140975952148437 0.106170654296875
0.0206146240234375 -0.276718139648438 -0.23358154296875 0.068328857421875
0.255630493164063 -0.170639038085937 -0.272186279296875 -0.0821380615234375
0.329833984375 0.03887939453125 -0.03436279296875 -0.224563598632813
0.178878784179687 0.001190185546875 0.240936279296875 0.32177734375
0.118080139160156 -0.0906982421875 0.342376708984375 0.253570556640625
-0.00199890136718749 -0.109718322753906 0.4385986328125 0.00622558593749999
-0.048980712890625 -0.0372047424316406 0.36419677734375 -0.245147705078125
-0.0494804382324219 0.0214042663574219 0.137176513671875 -0.32647705078125
-0.00746536254882813 0.0514450073242187 -0.0321502685546875 -0.2789306640625
0.0221023559570312 0.0659446716308594 -0.089263916015625 -0.159317016601562
0.017425537109375 0.0853500366210938 -0.0597991943359375 -0.102241516113281
0.0228958129882813 0.111740112304688 -0.0416984558105469 -0.0539283752441406
-0.04107666015625 0.113197326660156 -0.0348377227783203 -0.0192661285400391
-0.13031005859375 0.0379867553710938 -0.042633056640625 0.0191116333007813
-0.118133544921875 -0.106185913085938 -0.0787277221679688 0.102134704589844
0.0693359375 -0.172637939453125 -0.224761962890625 0.114593505859375
0.199539184570313 -0.0726776123046875 -0.272598266601563 -0.0726165771484375
0.21539306640625 0.0559844970703125 0.04052734375 -0.187164306640625
-0.0659942626953125 -0.0114669799804688 -0.113372802734375 0.224655151367188
-0.041595458984375 -0.00024795532226562 0.249725341796875 0.12957763671875
-0.0554313659667969 0.0372886657714844 0.228195190429688 -0.156784057617188
0.00190353393554688 0.0438652038574219 0.0611419677734375 -0.1431884765625
0.0369148254394531 0.0124473571777344 0.0157508850097656 -0.0332317352294922
0.022003173828125 -0.0333938598632812 0.0198211669921875 0.0240478515625
0.00294685363769531 -0.0288581848144531 0.0455322265625 0.0704727172851563
0.00165939331054688 -0.0203399658203125 0.0492935180664062 0.105026245117187
3.43322753906263E-05 -0.0141639709472656 0.0741729736328125 0.18182373046875
0.00321340560913086 -0.00446081161499024 0.024932861328125 0.271957397460937
0.00448703765869141 -0.00539922714233398 -0.0916748046875 0.336883544921875
0.00845527648925781 0.0188579559326172 -0.3092041015625 0.2889404296875
-0.02618408203125 0.0578804016113281 -0.5020751953125 0.029327392578125
-0.0587921142578125 0.0289192199707031 -0.40789794921875 -0.189697265625
-0.105667114257813 -0.02294921875 -0.301177978515625 -0.376983642578125
0.108726501464844 -0.0057373046875 -0.130935668945313 0.203338623046875
0.101600646972656 -0.0855560302734375 0.213882446289062 0.13385009765625
-0.045074462890625 -0.119171142578125 0.217117309570313 -0.1309814453125
-0.105644226074219 -0.029571533203125 0.0801620483398438 -0.127288818359375
-0.0727157592773437 0.0546722412109375 0.0256156921386719 -0.0470466613769531
0.00201034545898437 0.0579261779785156 0.0232906341552734 0.00958824157714844
0.0292472839355469 0.0402030944824219 0.0455245971679688 0.0669670104980469
0.0141220092773437 0.04083251953125 0.049072265625 0.09918212890625
0.0201988220214844 0.0410346984863281 0.08135986328125 0.177108764648438
0.00200271606445313 0.0434455871582031 0.04095458984375 0.267730712890625
-0.0258655548095703 0.0305595397949219 -0.07550048828125 0.338134765625
-0.0462226867675781 0.0130691528320313 -0.296112060546875 0.30859375
-0.0485458374023438 -0.0104255676269531 -0.495208740234375 0.0579833984375
-0.00422286987304687 -0.0459403991699219 -0.434814453125 -0.16552734375
0.0276165008544922 -0.0259590148925781 -0.33648681640625 -0.3790283203125
0.252685546875 -0.0012359619140625 -0.110687255859375 0.194076538085937
0.2086181640625 -0.164306640625 0.1700439453125 0.142242431640625
-0.0475616455078125 -0.247329711914062 0.208038330078125 -0.066253662109375
-0.1922607421875 -0.0855255126953125 0.141921997070313 -0.0958709716796875
-0.159439086914063 0.087188720703125 0.0703659057617187 -0.0849380493164062
-0.0175704956054687 0.131843566894531 0.0303382873535156 -0.0406112670898437
0.0493927001953125 0.0996780395507812 0.031494140625 0.0355873107910156
0.0269546508789062 0.097381591796875 0.0391845703125 0.0782241821289063
0.0414657592773438 0.0929794311523438 0.0845489501953125 0.161834716796875
0.00524139404296875 0.0927047729492188 0.052947998046875 0.257369995117188
-0.0555419921875 0.0741729736328125 -0.069244384765625 0.33349609375
-0.106704711914063 0.0123825073242188 -0.2899169921875 0.31036376953125
-0.077056884765625 -0.085418701171875 -0.47894287109375 0.0653991699218751
0.0537033081054688 -0.127967834472656 -0.434417724609375 -0.150390625
0.16217041015625 -0.0306549072265625 -0.3348388671875 -0.366912841796875
0.342071533203125 -0.000213623046875 -0.0626983642578125 0.1995849609375
0.252975463867188 -0.22491455078125 0.138458251953125 0.17327880859375
-0.069366455078125 -0.313568115234375 0.2322998046875 0.017547607421875
-0.240463256835937 -0.102005004882813 0.23321533203125 -0.079620361328125
-0.197921752929688 0.111160278320313 0.123077392578125 -0.146331787109375
-0.025115966796875 0.172088623046875 0.0304031372070312 -0.114013671875
0.0599822998046875 0.137619018554688 0.00471782684326172 -0.0128631591796875
0.0361175537109375 0.139137268066406 0.0209541320800781 0.0452919006347656
0.0612030029296875 0.136795043945313 0.0764541625976562 0.1358642578125
0.00924682617187501 0.14337158203125 0.048492431640625 0.232574462890625
-0.0910263061523437 0.121795654296875 -0.079986572265625 0.3074951171875
-0.175750732421875 0.011260986328125 -0.28662109375 0.28448486328125
-0.102081298828125 -0.170791625976563 -0.44354248046875 0.04925537109375
0.116714477539063 -0.204849243164063 -0.40484619140625 -0.142333984375
0.279510498046875 -0.0315093994140625 -0.294219970703125 -0.342742919921875
0.37310791015625 -0.00042724609375 0.00459289550781254 0.226531982421875
0.243759155273437 -0.24237060546875 0.15045166015625 0.223983764648438
-0.0841064453125 -0.308258056640625 0.29937744140625 0.074615478515625
-0.234405517578125 -0.087005615234375 0.3232421875 -0.10345458984375
-0.186203002929688 0.113296508789063 0.159332275390625 -0.219070434570313
-0.0217742919921875 0.1732177734375 0.017730712890625 -0.189285278320313
0.06170654296875 0.148529052734375 -0.0268058776855469 -0.06561279296875
0.04052734375 0.160324096679687 -0.00114583969116211 0.00461053848266603
0.071563720703125 0.167572021484375 0.0543441772460938 0.0969619750976563
0.0052490234375 0.185333251953125 0.02691650390625 0.188339233398437
-0.134674072265625 0.156478881835938 -0.099517822265625 0.249725341796875
-0.241561889648438 -0.0071258544921875 -0.2684326171875 0.225982666015625
-0.10308837890625 -0.255569458007813 -0.37762451171875 0.02850341796875
0.184890747070312 -0.254287719726563 -0.352020263671875 -0.12884521484375
0.3624267578125 -0.02020263671875 -0.222137451171875 -0.308319091796875
0.351226806640625 -0.001068115234375 0.087646484375 0.264968872070313
0.207611083984375 -0.216766357421875 0.209747314453125 0.263092041015625
-0.071502685546875 -0.254318237304688 0.3746337890625 0.07843017578125
-0.181396484375 -0.0667877197265625 0.376312255859375 -0.160888671875
-0.144363403320313 0.0907440185546875 0.165283203125 -0.2840576171875
-0.01629638671875 0.142868041992188 -0.00332641601562498 -0.245651245117188
0.0542449951171875 0.135810852050781 -0.0564651489257813 -0.111503601074219
0.0389556884765625 0.158477783203125 -0.0249366760253906 -0.0381813049316406
0.068145751953125 0.17791748046875 0.0197792053222656 0.0474357604980469
-0.01202392578125 0.202743530273438 -0.00389862060546874 0.121292114257813
-0.173599243164063 0.15478515625 -0.105941772460937 0.16400146484375
-0.268310546875 -0.0532989501953125 -0.217117309570313 0.157455444335938
-0.0587158203125 -0.30792236328125 -0.29412841796875 0.034149169921875
0.243927001953125 -0.249618530273438 -0.30181884765625 -0.101531982421875
0.3880615234375 0.00311279296875 -0.13275146484375 -0.267410278320313
0.28448486328125 -0.001068115234375 0.176177978515625 0.302459716796875
0.1640625 -0.162506103515625 0.287994384765625 0.2720947265625
-0.038421630859375 -0.182693481445313 0.427337646484375 0.0416259765625
-0.112251281738281 -0.0514373779296875 0.384033203125 -0.219146728515625
-0.0939712524414063 0.0557174682617187 0.152496337890625 -0.3221435546875
-0.012542724609375 0.0979995727539062 -0.02294921875 -0.275680541992188
0.0407791137695313 0.105476379394531 -0.078399658203125 -0.144149780273438
0.0305862426757813 0.132537841796875 -0.0471725463867187 -0.0766448974609375
0.0518646240234375 0.160354614257813 -0.0169773101806641 -0.00736045837402343
-0.031036376953125 0.180267333984375 -0.0273551940917969 0.0445709228515625
-0.180191040039063 0.108078002929688 -0.0839157104492188 0.0765609741210938
-0.227279663085938 -0.100112915039063 -0.139869689941406 0.114082336425781
0.015655517578125 -0.285919189453125 -0.233383178710938 0.078094482421875
0.261215209960938 -0.183395385742188 -0.27960205078125 -0.0729827880859375
0.34307861328125 0.032806396484375 -0.0426788330078125 -0.225997924804688
0.183792114257813 0.0030059814453125 0.25738525390625 0.327667236328125
0.118759155273438 -0.0957107543945313 0.35980224609375 0.252777099609375
-0.00417327880859376 -0.113731384277344 0.449493408203125 -0.00610351562500001
-0.0492477416992188 -0.0389671325683594 0.36651611328125 -0.2608642578125
-0.0495567321777344 0.0212249755859375 0.1334228515625 -0.337921142578125
-0.009307861328125 0.0506591796875 -0.037322998046875 -0.284393310546875
0.0224723815917969 0.0653419494628906 -0.0914306640625 -0.161117553710938
0.0185089111328125 0.086944580078125 -0.0640411376953125 -0.104415893554687
0.0255279541015625 0.113410949707031 -0.0451927185058594 -0.0554885864257813
-0.0391387939453125 0.116401672363281 -0.0366401672363281 -0.0196113586425781
-0.133064270019531 0.0410537719726562 -0.0452804565429688 0.0213279724121094
-0.125534057617187 -0.106948852539063 -0.075927734375 0.108627319335938
0.0690460205078125 -0.179702758789063 -0.2235107421875 0.12677001953125
0.205810546875 -0.0819244384765625 -0.280975341796875 -0.0618743896484375
0.224502563476563 0.051849365234375 0.034881591796875 -0.18914794921875
-0.0688705444335938 -0.00725555419921874 -0.103912353515625 0.232025146484375
-0.0454597473144531 0.00188446044921875 0.264678955078125 0.117462158203125
-0.05584716796875 0.0430374145507812 0.223617553710938 -0.174224853515625
0.00461959838867187 0.0458412170410156 0.05255126953125 -0.15087890625
0.0388832092285156 0.0103530883789063 0.0131034851074219 -0.0357894897460937
0.020294189453125 -0.0354881286621094 0.0203304290771484 0.0252056121826172
0.000631332397460939 -0.0305004119873047 0.0491790771484375 0.0719070434570313
-0.000497817993164064 -0.0222644805908203 0.0533599853515625 0.10894775390625
0.000384330749511718 -0.0157032012939453 0.081695556640625 0.18609619140625
0.00333929061889648 -0.0053563117980957 0.035369873046875 0.277603149414063
0.00369358062744141 -0.00568103790283203 -0.07989501953125 0.3492431640625
0.00815200805664063 0.0186405181884766 -0.302490234375 0.313690185546875
-0.0226249694824219 0.0617485046386719 -0.512969970703125 0.0577392578125
-0.0595664978027344 0.0305595397949219 -0.43072509765625 -0.17919921875
-0.112037658691406 -0.0204696655273437 -0.331390380859375 -0.38153076171875
0.112678527832031 -0.00847625732421875 -0.123031616210937 0.211334228515625
0.0998382568359375 -0.0941696166992188 0.227401733398438 0.124313354492188
-0.0523681640625 -0.120735168457031 0.212615966796875 -0.145004272460938
-0.109344482421875 -0.0250167846679687 0.07391357421875 -0.134407043457031
-0.0725936889648438 0.0586318969726563 0.0226974487304688 -0.0503921508789062
0.00255203247070312 0.058380126953125 0.0232372283935547 0.0101280212402344
0.0302581787109375 0.0391387939453125 0.0493011474609375 0.0675582885742187
0.0142631530761719 0.0408134460449219 0.0524749755859375 0.103004455566406
0.0216293334960937 0.0404319763183594 0.089447021484375 0.180740356445313
0.00420379638671875 0.0433921813964844 0.0521392822265625 0.273345947265625
-0.0257968902587891 0.0315284729003906 -0.062408447265625 0.350433349609375
-0.0475502014160156 0.0136833190917969 -0.286041259765625 0.333038330078125
-0.0472602844238281 -0.00702285766601562 -0.50567626953125 0.0871887207031249
-0.00555038452148438 -0.0478019714355469 -0.456695556640625 -0.151458740234375
0.0268287658691406 -0.0279426574707031 -0.36895751953125 -0.379730224609375
0.262924194335938 -0.0092010498046875 -0.1019287109375 0.200592041015625
0.207427978515625 -0.18035888671875 0.181594848632813 0.134536743164063
-0.06146240234375 -0.252410888671875 0.20660400390625 -0.0769195556640625
-0.201202392578125 -0.0796051025390625 0.139656066894531 -0.105278015136719
-0.161224365234375 0.096282958984375 0.0671310424804687 -0.091461181640625
-0.014801025390625 0.134666442871094 0.028289794921875 -0.0426902770996094
0.0524826049804688 0.0991744995117187 0.0337638854980469 0.036590576171875
0.0290374755859375 0.0985260009765625 0.0419692993164062 0.0815277099609375
0.0456924438476563 0.0926437377929688 0.09222412109375 0.164443969726563
0.00954437255859375 0.0934829711914063 0.064239501953125 0.260696411132813
-0.054962158203125 0.0763702392578125 -0.0572509765625 0.3460693359375
-0.109512329101563 0.0154953002929688 -0.281005859375 0.335205078125
-0.0792694091796875 -0.0835647583007813 -0.488983154296875 0.0940246582031249
0.050628662109375 -0.134132385253906 -0.456024169921875 -0.135650634765625
0.16619873046875 -0.037994384765625 -0.368377685546875 -0.36602783203125
0.354522705078125 -0.011383056640625 -0.053131103515625 0.204483032226563
0.250137329101563 -0.242706298828125 0.150405883789063 0.168655395507812
-0.085540771484375 -0.319793701171875 0.236373901367188 0.00868225097656248
-0.251266479492188 -0.0950469970703126 0.235244750976562 -0.0929718017578125
-0.199508666992188 0.120681762695313 0.119827270507813 -0.157318115234375
-0.020904541015625 0.176361083984375 0.0253219604492188 -0.117752075195312
0.0651473999023438 0.137382507324219 0.00481128692626953 -0.0123052597045898
0.04034423828125 0.141555786132813 0.0221366882324219 0.0477447509765625
0.06719970703125 0.136283874511719 0.0840682983398438 0.137588500976563
0.0149688720703125 0.144424438476563 0.05987548828125 0.236343383789063
-0.0891799926757813 0.126434326171875 -0.06866455078125 0.32073974609375
-0.180831909179688 0.0175018310546875 -0.279876708984375 0.3095703125
-0.109664916992188 -0.170501708984375 -0.453643798828125 0.07452392578125
0.112289428710937 -0.216400146484375 -0.4246826171875 -0.12725830078125
0.288787841796875 -0.04339599609375 -0.32275390625 -0.34051513671875
0.3863525390625 -0.011505126953125 0.0177154541015625 0.230178833007813
0.23992919921875 -0.259536743164063 0.164901733398438 0.221359252929687
-0.099761962890625 -0.312469482421875 0.309539794921875 0.064849853515625
-0.243453979492188 -0.0805816650390625 0.327301025390625 -0.12261962890625
-0.18719482421875 0.122528076171875 0.153396606445313 -0.234176635742187
-0.018707275390625 0.177108764648438 0.0085601806640625 -0.19439697265625
0.066314697265625 0.148544311523438 -0.0298881530761719 -0.0656204223632812
0.046173095703125 0.163925170898438 -0.0017852783203125 0.00618886947631837
0.0789947509765625 0.167526245117188 0.0599822998046875 0.0977859497070313
0.0126953125 0.187850952148438 0.035614013671875 0.191177368164063
-0.131851196289062 0.16552734375 -0.0918731689453125 0.262680053710938
-0.248367309570313 0.00126647949218748 -0.262969970703125 0.247848510742187
-0.114288330078125 -0.2589111328125 -0.385650634765625 0.0484313964843751
0.180984497070313 -0.27130126953125 -0.368804931640625 -0.114410400390625
0.37420654296875 -0.036407470703125 -0.24658203125 -0.30694580078125
0.3638916015625 -0.0111083984375 0.1046142578125 0.268508911132813
0.204238891601563 -0.230758666992188 0.227691650390625 0.261123657226563
-0.0842132568359375 -0.257980346679688 0.38836669921875 0.064361572265625
-0.187652587890625 -0.0623016357421875 0.37872314453125 -0.18426513671875
-0.144607543945313 0.097259521484375 0.156646728515625 -0.300140380859375
-0.01519775390625 0.145721435546875 -0.0143890380859375 -0.251541137695313
0.0587615966796875 0.135856628417969 -0.0605621337890625 -0.111946105957031
0.0438385009765625 0.161361694335938 -0.02740478515625 -0.0375709533691406
0.0764617919921875 0.178955078125 0.0222320556640625 0.0478324890136719
-0.00308227539062501 0.207229614257812 0.00178527832031251 0.124725341796875
-0.172714233398437 0.165176391601563 -0.102874755859375 0.17535400390625
-0.27978515625 -0.0433349609375 -0.21417236328125 0.174728393554688
-0.072357177734375 -0.31585693359375 -0.29766845703125 0.050140380859375
0.242218017578125 -0.27044677734375 -0.315643310546875 -0.08734130859375
0.403289794921875 -0.01318359375 -0.153030395507813 -0.266342163085937
0.2958984375 -0.00775146484375 0.1990966796875 0.3040771484375
0.161514282226562 -0.173324584960938 0.309906005859375 0.266754150390625
-0.0478668212890625 -0.186965942382813 0.44085693359375 0.0224609375
-0.115165710449219 -0.0502700805664062 0.38275146484375 -0.244842529296875
-0.0947799682617188 0.0585479736328125 0.1412353515625 -0.339111328125
-0.01287841796875 0.100212097167969 -0.0355224609375 -0.281524658203125
0.0438308715820313 0.105857849121094 -0.0836334228515625 -0.145126342773438
0.0351181030273438 0.134597778320313 -0.0521316528320312 -0.0776214599609375
0.05877685546875 0.161895751953125 -0.0183506011962891 -0.0076007843017578
-0.0250396728515625 0.184677124023438 -0.02679443359375 0.0465507507324219
-0.181259155273438 0.119598388671875 -0.0843048095703125 0.0839614868164063
-0.23974609375 -0.093780517578125 -0.136573791503906 0.126167297363281
0.00466918945312502 -0.297393798828125 -0.231781005859375 0.093353271484375
0.2625732421875 -0.2044677734375 -0.291595458984375 -0.05657958984375
0.358367919921875 0.0196533203125 -0.0566558837890625 -0.226150512695313
0.192535400390625 -0.0002593994140625 0.283416748046875 0.329376220703125
0.117454528808594 -0.103523254394531 0.3839111328125 0.2437744140625
-0.00892639160156251 -0.117607116699219 0.461395263671875 -0.028717041015625
-0.0505828857421875 -0.0404014587402344 0.36260986328125 -0.288116455078125
-0.0499763488769531 0.0213203430175781 0.122100830078125 -0.353668212890625
-0.0117607116699219 0.0515327453613281 -0.049468994140625 -0.2900390625
0.0242996215820313 0.0640640258789063 -0.0980987548828125 -0.163619995117188
0.0216751098632813 0.0885238647460937 -0.0703125 -0.105598449707031
0.0312271118164063 0.115081787109375 -0.0490493774414063 -0.0558815002441406
-0.0356521606445313 0.120315551757813 -0.0386276245117188 -0.0198593139648437
-0.136245727539063 0.0477447509765625 -0.0460891723632813 0.0244293212890625
-0.135543823242188 -0.106033325195313 -0.0697708129882812 0.1162109375
0.06451416015625 -0.190719604492188 -0.21856689453125 0.145401000976563
0.210830688476563 -0.09625244140625 -0.29144287109375 -0.044708251953125
0.235641479492188 0.0438385009765625 0.025482177734375 -0.19049072265625
-0.0704727172851563 -0.0021514892578125 -0.088470458984375 0.235702514648437
-0.0484771728515625 0.00452804565429689 0.277267456054688 0.0946197509765625
-0.0538330078125 0.0490608215332031 0.210113525390625 -0.1929931640625
0.0080413818359375 0.0466575622558594 0.0395050048828125 -0.1563720703125
0.0398674011230469 0.00733184814453125 0.00860977172851563 -0.0367851257324219
0.0175743103027344 -0.0377883911132813 0.0224647521972656 0.0263328552246094
-0.00127983093261719 -0.0311107635498047 0.0529098510742188 0.0720672607421875
-0.00317955017089844 -0.0235862731933594 0.059234619140625 0.110252380371094
-0.000251770019531249 -0.016627311706543 0.092559814453125 0.185440063476563
0.00377559661865234 -0.00563144683837891 0.0500335693359375 0.27801513671875
0.00219869613647461 -0.00475263595581055 -0.058868408203125 0.35821533203125
0.00787925720214844 0.0188179016113281 -0.283050537109375 0.337158203125
-0.0175361633300781 0.065093994140625 -0.511962890625 0.0940551757812501
-0.0589408874511719 0.0330352783203125 -0.448211669921875 -0.155487060546875
-0.116981506347656 -0.014678955078125 -0.362274169921875 -0.370635986328125
0.115333557128906 -0.0136184692382813 -0.109634399414063 0.217041015625
0.0935211181640625 -0.102279663085938 0.239608764648438 0.106414794921875
-0.0611953735351563 -0.117660522460937 0.202346801757813 -0.16070556640625
-0.111595153808594 -0.0183029174804687 0.0634918212890625 -0.140792846679688
-0.0711593627929688 0.0631637573242187 0.0185432434082031 -0.0530776977539062
0.00505447387695312 0.0580368041992187 0.0229167938232422 0.0102977752685547
0.0314865112304687 0.0372962951660156 0.0537681579589844 0.0671501159667969
0.0151634216308594 0.0406570434570313 0.0582275390625 0.104690551757813
0.0238418579101563 0.0387496948242188 0.099761962890625 0.179718017578125
0.00641250610351562 0.0424118041992188 0.0670623779296875 0.271759033203125
-0.0264186859130859 0.0324821472167969 -0.04144287109375 0.358428955078125
-0.0487518310546875 0.0157089233398437 -0.266143798828125 0.3570556640625
-0.0454483032226562 -0.00340270996093751 -0.50384521484375 0.124267578125
-0.00887680053710937 -0.049407958984375 -0.4747314453125 -0.125823974609375
0.0251312255859375 -0.0295143127441406 -0.402923583984375 -0.365478515625
0.268692016601563 -0.02294921875 -0.08831787109375 0.203506469726562
0.19866943359375 -0.196609497070313 0.193801879882813 0.119903564453125
-0.0782012939453125 -0.251602172851563 0.201187133789063 -0.09051513671875
-0.207870483398437 -0.0695648193359375 0.132499694824219 -0.114944458007813
-0.157669067382813 0.106399536132812 0.060516357421875 -0.0986099243164063
-0.00785064697265626 0.137283325195313 0.024810791015625 -0.0440330505371094
0.0565948486328125 0.0964584350585938 0.0365676879882813 0.0349655151367188
0.0328521728515625 0.0987701416015625 0.046539306640625 0.0829238891601563
0.0499649047851563 0.0899124145507813 0.102691650390625 0.162216186523438
0.0145645141601563 0.0920944213867188 0.07928466796875 0.258392333984375
-0.053009033203125 0.0789871215820313 -0.035919189453125 0.3533935546875
-0.110992431640625 0.0207748413085938 -0.26043701171875 0.35943603515625
-0.081146240234375 -0.0798568725585938 -0.48651123046875 0.12933349609375
0.0442352294921875 -0.139610290527344 -0.471710205078125 -0.1077880859375
0.1673583984375 -0.0470733642578125 -0.399505615234375 -0.349853515625
0.36260986328125 -0.029815673828125 -0.037841796875 0.2054443359375
0.238388061523437 -0.260848999023438 0.163589477539063 0.156906127929687
-0.106353759765625 -0.318389892578125 0.236785888671875 -0.00535583496093752
-0.260055541992188 -0.08209228515625 0.231353759765625 -0.109573364257813
-0.19549560546875 0.133743286132812 0.109970092773437 -0.168548583984375
-0.0123748779296875 0.179244995117188 0.0172500610351562 -0.121208190917969
0.0713119506835937 0.134452819824219 0.0048513412475586 -0.0127458572387695
0.0470428466796875 0.14202880859375 0.024932861328125 0.0494918823242188
0.074615478515625 0.132980346679688 0.0930404663085938 0.134857177734375
0.0227813720703125 0.143280029296875 0.07427978515625 0.233932495117187
-0.0834884643554687 0.130752563476563 -0.048980712890625 0.329620361328125
-0.182861328125 0.0272674560546875 -0.26007080078125 0.33428955078125
-0.117385864257812 -0.165679931640625 -0.451934814453125 0.107086181640625
0.101852416992188 -0.226516723632813 -0.439208984375 -0.100830078125
0.291961669921875 -0.05987548828125 -0.35284423828125 -0.324920654296875
0.3948974609375 -0.03131103515625 0.0347900390625 0.2288818359375
0.227981567382812 -0.2764892578125 0.181167602539063 0.210952758789063
-0.1202392578125 -0.31024169921875 0.31463623046875 0.04632568359375
-0.249755859375 -0.069610595703125 0.322662353515625 -0.14593505859375
-0.183074951171875 0.132827758789063 0.139373779296875 -0.248733520507812
-0.0113067626953125 0.179489135742187 -0.003936767578125 -0.197067260742188
0.073638916015625 0.145309448242188 -0.0323257446289062 -0.0647468566894531
0.05419921875 0.164474487304687 -0.00153684616088867 0.00760841369628907
0.08856201171875 0.163818359375 0.0665130615234375 0.0963592529296875
0.0237579345703125 0.186569213867188 0.0475006103515625 0.190628051757813
-0.12445068359375 0.172988891601563 -0.0764007568359375 0.273757934570313
-0.252914428710938 0.0153198242187499 -0.248611450195313 0.271072387695313
-0.12933349609375 -0.25567626953125 -0.384490966796875 0.0749816894531249
0.167205810546875 -0.287445068359375 -0.381378173828125 -0.090301513671875
0.380523681640625 -0.058074951171875 -0.272613525390625 -0.2923583984375
0.372833251953125 -0.028289794921875 0.12603759765625 0.263259887695313
0.193618774414063 -0.24468994140625 0.248001098632813 0.249298095703125
-0.10028076171875 -0.255615234375 0.395782470703125 0.040557861328125
-0.191970825195313 -0.0549774169921875 0.369964599609375 -0.211273193359375
-0.140945434570313 0.104141235351562 0.13897705078125 -0.314727783203125
-0.00949096679687499 0.148056030273437 -0.0310211181640625 -0.252960205078125
0.0648193359375 0.132919311523438 -0.065826416015625 -0.110160827636719
0.0523223876953125 0.162307739257813 -0.0302467346191406 -0.0360870361328125
0.086944580078125 0.175262451171875 0.0256500244140625 0.0472755432128906
0.00885009765625002 0.20770263671875 0.00880432128906249 0.125038146972656
-0.165054321289063 0.176467895507812 -0.0939025878906251 0.185531616210938
-0.287017822265625 -0.027008056640625 -0.202789306640625 0.192703247070313
-0.0908203125 -0.317138671875 -0.294219970703125 0.07061767578125
0.2291259765625 -0.2911376953125 -0.324615478515625 -0.064849853515625
0.411224365234375 -0.03753662109375 -0.173858642578125 -0.256057739257813
0.303802490234375 -0.0211181640625 0.224151611328125 0.29620361328125
0.15313720703125 -0.1837158203125 0.332244873046875 0.250213623046875
-0.059295654296875 -0.186279296875 0.445648193359375 -0.00531005859375001
-0.117698669433594 -0.0470809936523438 0.36993408203125 -0.27349853515625
-0.0926589965820312 0.0618438720703125 0.120941162109375 -0.35247802734375
-0.0105667114257812 0.101593017578125 -0.051849365234375 -0.2823486328125
0.0483245849609375 0.102981567382813 -0.0900421142578125 -0.14263916015625
0.0425262451171875 0.135093688964844 -0.0569000244140625 -0.0751953125
0.0689849853515625 0.15997314453125 -0.0188007354736328 -0.00623321533203124
-0.0140838623046875 0.186859130859375 -0.0242042541503906 0.0484733581542969
-0.177322387695313 0.130615234375 -0.0815277099609375 0.0914459228515625
-0.2510986328125 -0.080810546875 -0.126922607421875 0.137832641601563
-0.011962890625 -0.304534912109375 -0.2235107421875 0.110321044921875
0.25494384765625 -0.225997924804688 -0.297760009765625 -0.03302001953125
0.368011474609375 -0.002655029296875 -0.073638916015625 -0.220306396484375
0.198806762695313 -0.0080413818359375 0.311981201171875 0.316741943359375
0.113014221191406 -0.111526489257812 0.4056396484375 0.222137451171875
-0.0170516967773438 -0.11859130859375 0.462738037109375 -0.06036376953125
-0.0518226623535156 -0.0410118103027344 0.3468017578125 -0.3155517578125
-0.0499038696289062 0.02252197265625 0.099822998046875 -0.365936279296875
-0.0110702514648437 0.0533218383789063 -0.06494140625 -0.290283203125
0.0270423889160156 0.0624198913574219 -0.105087280273437 -0.162399291992188
0.0256805419921875 0.0888671875 -0.07708740234375 -0.103324890136719
0.03900146484375 0.114547729492188 -0.0534629821777344 -0.0535011291503906
-0.0282745361328125 0.122215270996094 -0.041046142578125 -0.0183029174804687
-0.136772155761719 0.0557098388671875 -0.046051025390625 0.0283241271972656
-0.145553588867188 -0.10015869140625 -0.05914306640625 0.123138427734375
0.0559234619140625 -0.199844360351563 -0.2060546875 0.163848876953125
0.208236694335937 -0.113998413085938 -0.2974853515625 -0.019439697265625
0.244415283203125 0.030792236328125 0.0130157470703125 -0.188995361328125
-0.0703811645507813 0.003173828125 -0.0719757080078125 0.2318115234375
-0.0499153137207031 0.00795745849609375 0.279510498046875 0.0694122314453125
-0.0500030517578125 0.0535354614257812 0.190673828125 -0.205184936523438
0.0103187561035156 0.045806884765625 0.02520751953125 -0.156158447265625
0.0391082763671875 0.005035400390625 0.0040435791015625 -0.036895751953125
0.0147209167480469 -0.0381393432617188 0.0238475799560547 0.0256595611572266
-0.00383186340332031 -0.030975341796875 0.0562019348144531 0.069793701171875
-0.00521278381347656 -0.0227165222167969 0.0640945434570312 0.108909606933594
-0.0016326904296875 -0.0170383453369141 0.10040283203125 0.180557250976562
0.00377130508422852 -0.00592184066772461 0.0622711181640625 0.271133422851563
0.000836610794067383 -0.00389981269836426 -0.038360595703125 0.355316162109375
0.00706672668457031 0.0184383392333984 -0.2564697265625 0.350921630859375
-0.0117073059082031 0.0657501220703125 -0.497406005859375 0.127838134765625
-0.0576667785644531 0.0344772338867188 -0.45391845703125 -0.12823486328125
-0.118179321289062 -0.00759124755859378 -0.38470458984375 -0.349151611328125
0.115501403808594 -0.018585205078125 -0.094451904296875 0.214187622070313
0.08526611328125 -0.106796264648438 0.244583129882813 0.0838165283203125
-0.0680770874023438 -0.111801147460937 0.18658447265625 -0.171707153320313
-0.112098693847656 -0.0122299194335937 0.050689697265625 -0.142410278320312
-0.067352294921875 0.066131591796875 0.0127334594726562 -0.0542945861816406
0.00699234008789063 0.0568046569824219 0.0229263305664062 0.00993537902832031
0.0322494506835938 0.0347366333007813 0.0569992065429688 0.0642509460449219
0.0159187316894531 0.0401535034179687 0.063079833984375 0.102767944335938
0.0249099731445313 0.0364265441894531 0.107925415039062 0.173934936523438
0.00809860229492188 0.0402984619140625 0.079193115234375 0.26416015625
-0.0260372161865234 0.0331630706787109 -0.020965576171875 0.355621337890625
-0.0481033325195313 0.0180244445800781 -0.23828125 0.36932373046875
-0.0416069030761719 -0.000778198242187495 -0.485931396484375 0.155609130859375
-0.0115814208984375 -0.0490264892578125 -0.47821044921875 -0.097015380859375
0.0227737426757812 -0.0295848846435547 -0.423858642578125 -0.342132568359375
0.267898559570313 -0.035675048828125 -0.0736846923828125 0.199783325195313
0.184783935546875 -0.205963134765625 0.198028564453125 0.100555419921875
-0.092437744140625 -0.243453979492187 0.189910888671875 -0.101089477539063
-0.209365844726563 -0.0579681396484375 0.121246337890625 -0.122207641601563
-0.151092529296875 0.114151000976562 0.0513992309570312 -0.101898193359375
-0.00204467773437499 0.135200500488281 0.0209770202636719 -0.0444602966308594
0.0602569580078125 0.0916671752929688 0.0384063720703125 0.0329360961914063
0.0368728637695313 0.0970382690429688 0.0504074096679688 0.08197021484375
0.0532913208007813 0.0851058959960938 0.10968017578125 0.156295776367188
0.0177154541015625 0.0883331298828125 0.091064453125 0.250274658203125
-0.0493850708007812 0.07928466796875 -0.014801025390625 0.35137939453125
-0.109268188476563 0.025482177734375 -0.23236083984375 0.372589111328125
-0.0805816650390625 -0.0743789672851563 -0.470458984375 0.1585693359375
0.0359954833984375 -0.14068603515625 -0.475555419921875 -0.0785217285156251
0.16448974609375 -0.0547027587890625 -0.419525146484375 -0.325103759765625
0.360931396484375 -0.047210693359375 -0.02386474609375 0.198928833007813
0.220993041992188 -0.271499633789063 0.169921875 0.140060424804687
-0.124053955078125 -0.307098388671875 0.230438232421875 -0.018035888671875
-0.261016845703125 -0.068359375 0.219772338867187 -0.122314453125
-0.186431884765625 0.142120361328125 0.0966796875 -0.174102783203125
-0.0042572021484375 0.177154541015625 0.00894927978515624 -0.120315551757812
0.0757904052734375 0.128265380859375 0.00434494018554688 -0.0128850936889648
0.0523834228515625 0.139427185058594 0.0273780822753906 0.0493621826171875
0.078857421875 0.126518249511719 0.09930419921875 0.12890625
0.0291290283203125 0.137107849121094 0.0856781005859375 0.225601196289063
-0.0768661499023438 0.13262939453125 -0.029083251953125 0.32928466796875
-0.17950439453125 0.03521728515625 -0.233978271484375 0.346893310546875
-0.121505737304687 -0.158370971679688 -0.437957763671875 0.134185791015625
0.087860107421875 -0.2305908203125 -0.441375732421875 -0.0716857910156251
0.28826904296875 -0.074737548828125 -0.37225341796875 -0.299591064453125
0.393157958984375 -0.04962158203125 0.049713134765625 0.218963623046875
0.209991455078125 -0.285247802734375 0.190261840820312 0.194671630859375
-0.136993408203125 -0.298431396484375 0.311767578125 0.028839111328125
-0.249679565429688 -0.05670166015625 0.30902099609375 -0.16461181640625
-0.173309326171875 0.140396118164063 0.121200561523437 -0.255386352539063
-0.00392150878906251 0.177566528320312 -0.0157318115234375 -0.195297241210938
0.0777740478515625 0.138877868652344 -0.0347404479980469 -0.062744140625
0.061370849609375 0.1611328125 -0.000681877136230466 0.00893402099609376
0.094970703125 0.155563354492187 0.0719146728515625 0.0912094116210938
0.032257080078125 0.180679321289062 0.057281494140625 0.184234619140625
-0.114303588867188 0.175857543945313 -0.0598907470703125 0.276443481445313
-0.249542236328125 0.028564453125 -0.2255859375 0.284637451171875
-0.139450073242188 -0.246826171875 -0.37310791015625 0.09716796875
0.149627685546875 -0.295440673828125 -0.382080078125 -0.063507080078125
0.376953125 -0.079071044921875 -0.289764404296875 -0.270538330078125
0.371246337890625 -0.0447998046875 0.142242431640625 0.249755859375
0.177932739257813 -0.250930786132813 0.2598876953125 0.229782104492187
-0.113510131835938 -0.246017456054688 0.391204833984375 0.018035888671875
-0.191238403320313 -0.0466766357421875 0.350830078125 -0.231414794921875
-0.134002685546875 0.108367919921875 0.1171875 -0.319976806640625
-0.00401306152343749 0.1466064453125 -0.0445098876953125 -0.24853515625
0.069000244140625 0.126350402832031 -0.0692138671875 -0.106697082519531
0.058990478515625 0.158859252929688 -0.0311737060546875 -0.0335006713867187
0.0952911376953125 0.167861938476563 0.0284690856933594 0.0450592041015625
0.01959228515625 0.20281982421875 0.0152053833007813 0.122474670410156
-0.154754638671875 0.182586669921875 -0.0828094482421875 0.191024780273438
-0.28643798828125 -0.0112609863281249 -0.185775756835938 0.204177856445312
-0.105804443359375 -0.3106689453125 -0.28228759765625 0.086669921875
0.210418701171875 -0.30303955078125 -0.323211669921875 -0.04022216796875
0.408599853515625 -0.059661865234375 -0.188156127929688 -0.23846435546875
0.304351806640625 -0.0335693359375 0.241485595703125 0.278030395507813
0.141372680664063 -0.189132690429687 0.34423828125 0.22613525390625
-0.0687408447265625 -0.179931640625 0.438018798828125 -0.03192138671875
-0.117820739746094 -0.0439682006835938 0.3460693359375 -0.292816162109375
-0.0890121459960938 0.0638809204101562 0.09765625 -0.35540771484375
-0.0077056884765625 0.100364685058594 -0.06646728515625 -0.276641845703125
0.0504150390625 0.0978012084960938 -0.0946426391601563 -0.13824462890625
0.0480117797851562 0.132087707519531 -0.059814453125 -0.0710220336914062
0.0764617919921875 0.153518676757813 -0.019073486328125 -0.0051288604736328
-0.00376892089843749 0.183609008789063 -0.0219841003417969 0.0480270385742188
-0.168930053710938 0.13848876953125 -0.0760650634765625 0.0970840454101563
-0.254348754882813 -0.06585693359375 -0.113723754882812 0.143966674804688
-0.02777099609375 -0.302886962890625 -0.208786010742188 0.123291015625
0.239700317382812 -0.240829467773438 -0.29510498046875 -0.00912475585937506
0.3663330078125 -0.02264404296875 -0.0856781005859375 -0.207168579101563
0.200271606445313 -0.0156707763671875 0.331329345703125 0.294677734375
0.104866027832031 -0.116119384765625 0.415771484375 0.19488525390625
-0.0234222412109375 -0.115684509277344 0.451568603515625 -0.087432861328125
-0.0522346496582031 -0.0403518676757812 0.3199462890625 -0.33270263671875
-0.0484733581542969 0.0234375 0.076446533203125 -0.366912841796875
-0.0108604431152344 0.0535507202148438 -0.079376220703125 -0.283599853515625
0.0283012390136719 0.0585403442382813 -0.109664916992187 -0.156234741210938
0.0299301147460938 0.0863723754882813 -0.0811920166015625 -0.0988922119140625
0.0441131591796875 0.110725402832031 -0.0564384460449219 -0.0505142211914062
-0.0220489501953125 0.121688842773438 -0.0418624877929687 -0.0169563293457031
-0.133773803710938 0.062835693359375 -0.0446205139160156 0.0306587219238281
-0.1507568359375 -0.09124755859375 -0.0473785400390625 0.124603271484375
0.045623779296875 -0.204116821289063 -0.187271118164063 0.176620483398437
0.199508666992188 -0.128021240234375 -0.292999267578125 0.00518798828124995
0.245697021484375 0.0174102783203125 0.00205993652343753 -0.180740356445313
-0.0681877136230469 0.00670623779296874 -0.0615692138671875 0.221786499023437
-0.0504150390625 0.0110664367675781 0.2750244140625 0.049713134765625
-0.0473747253417969 0.0557594299316406 0.173660278320313 -0.208480834960938
0.0112266540527344 0.0445632934570313 0.014068603515625 -0.152297973632812
0.0384330749511719 0.00353240966796875 0.000162124633789062 -0.0346107482910156
0.0127716064453125 -0.0383033752441406 0.02490234375 0.0248527526855469
-0.00478744506835938 -0.03045654296875 0.0573883056640625 0.067718505859375
-0.00669097900390625 -0.0217437744140625 0.0660324096679688 0.107307434082031
-0.00256633758544922 -0.0171012878417969 0.103546142578125 0.1744384765625
0.00351762771606445 -0.00626134872436523 0.06768798828125 0.263092041015625
-0.000785231590270996 -0.00200366973876953 -0.0257568359375 0.348175048828125
0.0069732666015625 0.018524169921875 -0.23388671875 0.351898193359375
-0.00720977783203126 0.0643730163574219 -0.477294921875 0.145599365234375
-0.0569648742675781 0.0347747802734375 -0.4493408203125 -0.109222412109375
-0.116744995117188 -0.00228881835937499 -0.3935546875 -0.32965087890625
0.115013122558594 -0.0212478637695313 -0.0845794677734375 0.20489501953125
0.078643798828125 -0.107460021972656 0.240936279296875 0.0662689208984375
-0.0710678100585937 -0.105842590332031 0.171340942382813 -0.1751708984375
-0.11004638671875 -0.00849914550781248 0.0411224365234375 -0.140113830566406
-0.0637893676757813 0.0680046081542969 0.00761795043945312 -0.0528907775878906
0.007843017578125 0.0552749633789063 0.0226917266845703 0.00963401794433594
0.0321292877197266 0.0322914123535156 0.0577850341796875 0.0618629455566406
0.015838623046875 0.0394401550292969 0.064666748046875 0.100791931152344
0.0240974426269531 0.0345649719238281 0.110794067382813 0.167526245117188
0.00862884521484375 0.037750244140625 0.083587646484375 0.254638671875
-0.0255050659179687 0.0330848693847656 -0.00848388671875001 0.347625732421875
-0.047637939453125 0.0191650390625 -0.21539306640625 0.370147705078125
-0.0372543334960938 -0.000373840332031256 -0.465728759765625 0.17266845703125
-0.01348876953125 -0.0482025146484375 -0.4732666015625 -0.0767517089843749
0.0217247009277344 -0.0278511047363281 -0.431549072265625 -0.3204345703125
0.264373779296875 -0.0430908203125 -0.064178466796875 0.190704345703125
0.172744750976563 -0.207763671875 0.19671630859375 0.0832672119140625
-0.0987091064453125 -0.233688354492187 0.177413940429688 -0.105926513671875
-0.207382202148438 -0.0505828857421875 0.111061096191406 -0.12255859375
-0.145004272460938 0.117431640625 0.044647216796875 -0.101173400878906
0.00173187255859376 0.132247924804687 0.018768310546875 -0.0441932678222656
0.0605697631835938 0.08673095703125 0.0385971069335938 0.0311965942382813
0.0382308959960938 0.0949859619140625 0.0519180297851563 0.0803909301757813
0.0532913208007812 0.0816802978515625 0.112030029296875 0.150314331054688
0.0183639526367188 0.0833969116210937 0.0955352783203125 0.240264892578125
-0.0473175048828125 0.0780181884765625 -0.00143432617187501 0.34307861328125
-0.106903076171875 0.0274124145507812 -0.2081298828125 0.372802734375
-0.0771560668945313 -0.0712432861328125 -0.450042724609375 0.1741943359375
0.0299606323242187 -0.139427185058594 -0.46923828125 -0.0576782226562501
0.161209106445313 -0.0575408935546875 -0.42535400390625 -0.30279541015625
0.355865478515625 -0.05712890625 -0.015472412109375 0.1883544921875
0.207473754882813 -0.272567749023438 0.170120239257813 0.125076293945312
-0.131622314453125 -0.29473876953125 0.220993041992188 -0.0255889892578125
-0.257278442382813 -0.05950927734375 0.208297729492187 -0.126708984375
-0.17816162109375 0.145095825195313 0.0860748291015625 -0.174346923828125
0.000488281249999987 0.172500610351563 0.00344085693359375 -0.118507385253906
0.07623291015625 0.121322631835938 0.00443077087402344 -0.0135002136230469
0.0551910400390625 0.136161804199219 0.0289840698242188 0.0488815307617188
0.0794830322265625 0.12078857421875 0.101478576660156 0.12286376953125
0.0311813354492188 0.130722045898438 0.089813232421875 0.216781616210938
-0.0720748901367187 0.130081176757813 -0.015625 0.32342529296875
-0.174636840820312 0.0392608642578125 -0.211395263671875 0.3485107421875
-0.120101928710937 -0.152008056640625 -0.4195556640625 0.14788818359375
0.0785064697265625 -0.228866577148438 -0.4354248046875 -0.05126953125
0.2833251953125 -0.0806884765625 -0.37744140625 -0.278045654296875
0.387908935546875 -0.059661865234375 0.0568695068359375 0.20635986328125
0.1959228515625 -0.283843994140625 0.192169189453125 0.1790771484375
-0.142333984375 -0.2857666015625 0.302581787109375 0.0179443359375
-0.245101928710938 -0.049407958984375 0.29400634765625 -0.17181396484375
-0.165451049804688 0.142105102539062 0.107757568359375 -0.254074096679688
0.000457763671874998 0.173095703125 -0.023162841796875 -0.189834594726563
0.0778732299804688 0.131935119628906 -0.0353012084960937 -0.0616340637207031
0.064178466796875 0.15704345703125 0.000436782836914066 0.0094585418701172
0.0966949462890625 0.148391723632812 0.0733718872070313 0.0868148803710938
0.0360107421875 0.1732177734375 0.06146240234375 0.176986694335938
-0.1065673828125 0.174407958984375 -0.04791259765625 0.273590087890625
-0.243316650390625 0.035247802734375 -0.205474853515625 0.287506103515625
-0.142486572265625 -0.238433837890625 -0.357696533203125 0.10809326171875
0.135955810546875 -0.2945556640625 -0.374420166015625 -0.0447998046875
0.37005615234375 -0.08770751953125 -0.294189453125 -0.250762939453125
0.36663818359375 -0.0545654296875 0.149017333984375 0.235137939453125
0.1666259765625 -0.248809814453125 0.261871337890625 0.212203979492187
-0.117034912109375 -0.234756469726563 0.381500244140625 0.00421142578124999
-0.187255859375 -0.0427703857421875 0.33221435546875 -0.2392578125
-0.127937316894531 0.10845947265625 0.10113525390625 -0.316802978515625
-0.00202941894531249 0.142425537109375 -0.052001953125 -0.241928100585938
0.068450927734375 0.120651245117187 -0.070068359375 -0.103828430175781
0.0621337890625 0.154800415039063 -0.031036376953125 -0.0314159393310547
0.096710205078125 0.159515380859375 0.0301551818847656 0.0426750183105469
0.0247039794921875 0.194442749023438 0.0184783935546875 0.118492126464844
-0.146041870117188 0.183212280273438 -0.0742950439453125 0.1912841796875
-0.28204345703125 -0.00192260742187499 -0.170166015625 0.205902099609375
-0.113128662109375 -0.302978515625 -0.26898193359375 0.095001220703125
0.195159912109375 -0.305572509765625 -0.31591796875 -0.02227783203125
0.401824951171875 -0.0711669921875 -0.19293212890625 -0.22149658203125
0.3009033203125 -0.041595458984375 0.24755859375 0.261093139648438
0.132492065429688 -0.1876220703125 0.345916748046875 0.20703125
-0.07177734375 -0.172439575195313 0.425689697265625 -0.04669189453125
-0.115966796875 -0.0425262451171875 0.324615478515625 -0.29913330078125
-0.08563232421875 0.0629653930664063 0.0806884765625 -0.350250244140625
-0.00663757324218751 0.0988388061523438 -0.073577880859375 -0.268478393554687
0.0501632690429688 0.0931015014648438 -0.094573974609375 -0.134895324707031
0.0509414672851563 0.128715515136719 -0.0598258972167969 -0.0681266784667968
0.07952880859375 0.146804809570313 -0.0177040100097656 -0.00478935241699218
0.00193786621093752 0.177871704101563 -0.0211830139160156 0.0469779968261719
-0.162078857421875 0.141128540039062 -0.0711898803710938 0.0983810424804688
-0.252090454101563 -0.0559539794921875 -0.101425170898438 0.144058227539063
-0.036376953125 -0.298828125 -0.1942138671875 0.12738037109375
0.225082397460938 -0.247039794921875 -0.286102294921875 0.00790405273437503
0.36236572265625 -0.033905029296875 -0.09149169921875 -0.19390869140625
0.200286865234375 -0.020355224609375 0.336700439453125 0.275543212890625
0.0986709594726563 -0.115531921386719 0.41522216796875 0.174224853515625
-0.0263290405273438 -0.111175537109375 0.436126708984375 -0.10186767578125
-0.0518264770507812 -0.0411453247070313 0.296478271484375 -0.335968017578125
-0.0472373962402344 0.0227508544921875 0.0606689453125 -0.36083984375
-0.0103836059570312 0.052703857421875 -0.0855255126953125 -0.275283813476563
0.0274429321289062 0.0555915832519531 -0.109481811523437 -0.152786254882812
0.0319061279296875 0.0838241577148438 -0.0818405151367188 -0.09503173828125
0.0475921630859375 0.106346130371094 -0.0566520690917969 -0.0482635498046875
-0.0178604125976562 0.118087768554688 -0.0429153442382813 -0.015716552734375
-0.129241943359375 0.0656280517578125 -0.0427627563476563 0.0317726135253906
-0.152267456054688 -0.084686279296875 -0.0370635986328125 0.121971130371094
0.03887939453125 -0.20465087890625 -0.171173095703125 0.179840087890625
0.190643310546875 -0.134857177734375 -0.284423828125 0.02294921875
0.2445068359375 0.0092620849609375 -0.0028076171875 -0.17010498046875
-0.0662765502929688 0.00928497314453124 -0.0581817626953125 0.211746215820312
-0.05047607421875 0.0123291015625 0.269683837890625 0.03607177734375
-0.0451011657714844 0.0573844909667969 0.162689208984375 -0.209716796875
0.01055908203125 0.0443954467773438 0.00769042968749999 -0.148406982421875
0.0381088256835938 0.00351715087890625 -0.00174331665039062 -0.0327835083007813
0.0127983093261719 -0.0379409790039062 0.0259265899658203 0.0238590240478516
-0.0049591064453125 -0.0304412841796875 0.0578193664550781 0.0678176879882813
-0.00638580322265625 -0.0211257934570313 0.0664596557617188 0.107521057128906
-0.00328922271728515 -0.0171747207641602 0.103378295898438 0.172592163085938
0.00291967391967773 -0.00670146942138672 0.06671142578125 0.259490966796875
-0.000864386558532715 -0.00027388334274292 -0.020721435546875 0.343475341796875
0.00634765625 0.0194797515869141 -0.22149658203125 0.349884033203125
-0.00439071655273437 0.0631828308105469 -0.46417236328125 0.15289306640625
-0.0575752258300781 0.0339622497558594 -0.447265625 -0.101043701171875
-0.115928649902344 -0.000297546386718772 -0.396942138671875 -0.32470703125
0.115898132324219 -0.0224533081054687 -0.080718994140625 0.196182250976562
0.0752944946289063 -0.107330322265625 0.23681640625 0.053741455078125
-0.0705795288085937 -0.102806091308594 0.162750244140625 -0.176162719726563
-0.109092712402344 -0.00743103027343752 0.0344009399414063 -0.137519836425781
-0.0626678466796875 0.0688552856445313 0.00471115112304687 -0.0508499145507813
0.00813674926757813 0.0541572570800781 0.0225639343261719 0.00945663452148438
0.0310630798339844 0.0310153961181641 0.0584526062011719 0.0603523254394531
0.01580810546875 0.0396766662597656 0.0651779174804688 0.101242065429687
0.0233364105224609 0.0340366363525391 0.110153198242188 0.166168212890625
0.00728607177734375 0.0364112854003906 0.08270263671875 0.250778198242188
-0.0261516571044922 0.0332756042480469 -0.00314331054687502 0.342559814453125
-0.0471305847167969 0.0193748474121094 -0.202362060546875 0.366546630859375
-0.0337314605712891 -0.00136184692382812 -0.45263671875 0.17840576171875
-0.0148124694824219 -0.0474281311035156 -0.470306396484375 -0.0671081542968751
0.0224266052246094 -0.0260105133056641 -0.43402099609375 -0.3135986328125
0.264541625976563 -0.0458831787109375 -0.0617218017578125 0.181427001953125
0.168411254882813 -0.207412719726563 0.193008422851563 0.0722198486328125
-0.09942626953125 -0.228973388671875 0.17047119140625 -0.10687255859375
-0.204620361328125 -0.0482177734375 0.104988098144531 -0.121635437011719
-0.141769409179688 0.117904663085937 0.0402984619140625 -0.100265502929687
0.002532958984375 0.129798889160156 0.0173721313476563 -0.0445365905761719
0.0588912963867188 0.084075927734375 0.0379905700683594 0.0300216674804688
0.0379562377929688 0.0944061279296875 0.0519027709960938 0.0806732177734375
0.0516433715820313 0.0795135498046875 0.112289428710938 0.147933959960938
0.0172653198242187 0.0801773071289063 0.094390869140625 0.23529052734375
-0.0474777221679687 0.07659912109375 0.00296020507812498 0.338531494140625
-0.105133056640625 0.0276260375976563 -0.195556640625 0.371063232421875
-0.0731430053710938 -0.071502685546875 -0.4376220703125 0.179290771484375
0.027618408203125 -0.137428283691406 -0.465911865234375 -0.0484313964843751
0.161544799804688 -0.056640625 -0.4273681640625 -0.293121337890625
0.35565185546875 -0.060577392578125 -0.013885498046875 0.179214477539063
0.201385498046875 -0.270904541015625 0.1669921875 0.114486694335938
-0.13214111328125 -0.288421630859375 0.214950561523438 -0.0276641845703125
-0.254074096679688 -0.05731201171875 0.20147705078125 -0.12738037109375
-0.174362182617188 0.145401000976562 0.080322265625 -0.173599243164063
0.00100708007812499 0.169921875 0.000846862792968744 -0.117225646972656
0.0742340087890625 0.117950439453125 0.00447750091552735 -0.0138101577758789
0.05560302734375 0.13482666015625 0.0293121337890625 0.0491828918457031
0.07769775390625 0.11767578125 0.101959228515625 0.120338439941406
0.0296707153320313 0.1258544921875 0.0890655517578125 0.211151123046875
-0.0711288452148438 0.128089904785156 -0.010528564453125 0.32012939453125
-0.172409057617188 0.0392608642578125 -0.19818115234375 0.34814453125
-0.117218017578125 -0.150726318359375 -0.408447265625 0.151519775390625
0.0740814208984375 -0.226577758789063 -0.43011474609375 -0.0424499511718751
0.2825927734375 -0.08148193359375 -0.377777099609375 -0.268341064453125
0.38629150390625 -0.06268310546875 0.0582275390625 0.197433471679688
0.191162109375 -0.280929565429688 0.190017700195313 0.169815063476562
-0.141769409179687 -0.27874755859375 0.29656982421875 0.0146484375
-0.241592407226563 -0.0487213134765625 0.285430908203125 -0.17333984375
-0.162338256835938 0.140762329101562 0.100677490234375 -0.252426147460938
0.00045776367187499 0.169448852539063 -0.02581787109375 -0.187911987304688
0.0756301879882813 0.128486633300781 -0.0346946716308594 -0.061920166015625
0.063934326171875 0.155319213867188 0.00127029418945313 0.0100011825561524
0.095245361328125 0.14447021484375 0.0747756958007813 0.0843276977539063
0.0354766845703125 0.167037963867187 0.061767578125 0.173324584960938
-0.104644775390625 0.171844482421875 -0.0431365966796875 0.272369384765625
-0.240081787109375 0.0364990234375 -0.194732666015625 0.285888671875
-0.140609741210938 -0.235671997070313 -0.348236083984375 0.111236572265625
0.130584716796875 -0.292266845703125 -0.369537353515625 -0.0353393554687499
0.36920166015625 -0.0904541015625 -0.295013427734375 -0.24114990234375
0.365203857421875 -0.05682373046875 0.149826049804688 0.225448608398438
0.161697387695312 -0.246307373046875 0.261001586914063 0.203125
-0.116195678710938 -0.228836059570313 0.3748779296875 -0.00106811523437501
-0.184555053710938 -0.043212890625 0.321807861328125 -0.240997314453125
-0.126213073730469 0.106033325195312 0.093902587890625 -0.314422607421875
-0.0023345947265625 0.140022277832031 -0.0548095703125 -0.23846435546875
0.0654220581054687 0.117118835449219 -0.0696029663085937 -0.103752136230469
0.0628204345703125 0.152801513671875 -0.0295963287353516 -0.0310096740722656
0.0958709716796875 0.15576171875 0.0310249328613281 0.0414276123046875
0.0252227783203125 0.188949584960938 0.0189666748046875 0.11590576171875
-0.143081665039062 0.181854248046875 -0.070587158203125 0.192245483398438
-0.278656005859375 0.000961303710937465 -0.15997314453125 0.204986572265625
-0.11407470703125 -0.3004150390625 -0.259597778320312 0.0957336425781249
0.188568115234375 -0.30615234375 -0.30963134765625 -0.012603759765625
0.401458740234375 -0.074462890625 -0.193496704101562 -0.211685180664063
0.301605224609375 -0.04296875 0.248565673828125 0.251327514648438
0.128814697265625 -0.184768676757813 0.34417724609375 0.197784423828125
-0.0703277587890625 -0.16827392578125 0.41729736328125 -0.051422119140625
-0.114089965820312 -0.0444564819335937 0.3125 -0.298797607421875
-0.084503173828125 0.0604324340820313 0.073333740234375 -0.345977783203125
-0.00748443603515626 0.0976486206054688 -0.0755615234375 -0.264541625976563
0.0474090576171875 0.0900726318359375 -0.0936126708984375 -0.135345458984375
0.0512619018554687 0.126983642578125 -0.0586700439453125 -0.0671463012695313
0.0792083740234375 0.143508911132813 -0.0168342590332031 -0.00528430938720702
0.00262451171875 0.1739501953125 -0.0210762023925781 0.0463447570800781
-0.15924072265625 0.141510009765625 -0.0694580078125 0.0997543334960938
-0.250701904296875 -0.0530853271484375 -0.09368896484375 0.142120361328125
-0.0401611328125 -0.297576904296875 -0.184600830078125 0.127426147460937
0.219024658203125 -0.248550415039063 -0.278427124023438 0.0190277099609375
0.361602783203125 -0.03802490234375 -0.091400146484375 -0.184356689453125
0.202484130859375 -0.0228271484375 0.337921142578125 0.26611328125
0.0956649780273438 -0.114784240722656 0.41217041015625 0.1650390625
-0.0261611938476563 -0.108856201171875 0.42626953125 -0.106903076171875
-0.0519256591796875 -0.0428428649902344 0.28460693359375 -0.334442138671875
-0.0470123291015625 0.0205917358398438 0.0537109375 -0.356536865234375
-0.0112037658691406 0.0528335571289063 -0.08612060546875 -0.271835327148438
0.0258064270019531 0.05322265625 -0.108123779296875 -0.15350341796875
0.0328292846679688 0.0821609497070313 -0.0812606811523437 -0.0938568115234375
0.0479354858398438 0.103179931640625 -0.0560760498046875 -0.0470771789550781
-0.017059326171875 0.115875244140625 -0.0430068969726563 -0.0157585144042969
-0.12847900390625 0.066436767578125 -0.041107177734375 0.03289794921875
-0.151565551757812 -0.08306884765625 -0.0300216674804688 0.118812561035156
0.0359954833984375 -0.205612182617188 -0.159286499023438 0.180206298828125
0.185897827148438 -0.138168334960938 -0.277755737304688 0.0343627929687499
0.245574951171875 0.0066680908203125 -0.00260925292968748 -0.160995483398437
-0.0660209655761719 0.00988388061523439 -0.060211181640625 0.206390380859375
-0.0515022277832031 0.0134620666503906 0.26849365234375 0.026824951171875
-0.043975830078125 0.0593299865722656 0.157150268554688 -0.213836669921875
0.00926971435546876 0.0459403991699219 0.00268554687500001 -0.147003173828125
0.0387649536132813 0.00410079956054688 -0.00335121154785156 -0.0314769744873047
0.0126457214355469 -0.0383110046386719 0.0271968841552734 0.0235805511474609
-0.00487709045410156 -0.0324535369873047 0.060028076171875 0.0688209533691406
-0.00638389587402344 -0.0221157073974609 0.0676422119140625 0.111190795898437
-0.00360202789306641 -0.0175056457519531 0.103073120117188 0.175674438476563
0.00369882583618164 -0.00724697113037109 0.064544677734375 0.262374877929688
-0.000934600830078125 0.00134921073913574 -0.01885986328125 0.345794677734375
0.00612449645996094 0.0205059051513672 -0.218292236328125 0.352630615234375
-0.00259780883789063 0.062347412109375 -0.4625244140625 0.15771484375
-0.0599403381347656 0.0338249206542969 -0.452606201171875 -0.10015869140625
-0.117172241210938 0.0006256103515625 -0.406097412109375 -0.32830810546875
0.119697570800781 -0.0233154296875 -0.0827484130859375 0.191268920898437
0.0750045776367188 -0.10845947265625 0.236495971679687 0.045318603515625
-0.0713882446289063 -0.103218078613281 0.158706665039063 -0.179214477539063
-0.110557556152344 -0.00745391845703123 0.0300674438476562 -0.136680603027344
-0.062286376953125 0.071197509765625 0.00266647338867187 -0.0500869750976563
0.00748062133789063 0.0544624328613281 0.0231533050537109 0.00911712646484375
0.0304431915283203 0.0295524597167969 0.0593376159667969 0.0612449645996094
0.0163993835449219 0.0409202575683594 0.066253662109375 0.104606628417969
0.0229301452636719 0.0339031219482422 0.11114501953125 0.168685913085938
0.00582504272460938 0.0357322692871094 0.08123779296875 0.253524780273438
-0.0272064208984375 0.0344867706298828 -0.00103759765625004 0.345672607421875
-0.048248291015625 0.0193634033203125 -0.196990966796875 0.370025634765625
-0.0314388275146484 -0.00306320190429688 -0.450836181640625 0.182586669921875
-0.0163421630859375 -0.0476303100585938 -0.476226806640625 -0.0649414062499999
0.0245285034179688 -0.0252971649169922 -0.442352294921875 -0.317169189453125
0.270126342773437 -0.0475311279296875 -0.0644073486328125 0.176132202148438
0.168960571289063 -0.2099609375 0.192398071289063 0.064788818359375
-0.1007080078125 -0.230178833007812 0.167373657226563 -0.108917236328125
-0.208251953125 -0.0494384765625 0.102088928222656 -0.121025085449219
-0.142684936523438 0.120361328125 0.038238525390625 -0.100326538085937
0.00164794921875001 0.130752563476562 0.0167922973632812 -0.0452117919921875
0.057525634765625 0.0829849243164063 0.03924560546875 0.0295829772949219
0.0385360717773437 0.0959320068359375 0.0530242919921875 0.0834884643554688
0.0508270263671875 0.0803985595703125 0.113037109375 0.149002075195313
0.014892578125 0.0793228149414063 0.0939178466796875 0.237319946289063
-0.0495071411132813 0.0757980346679688 0.00588989257812498 0.34100341796875
-0.106132507324219 0.0265960693359375 -0.190826416015625 0.3746337890625
-0.07135009765625 -0.074066162109375 -0.437286376953125 0.18359375
0.0268173217773437 -0.13824462890625 -0.47003173828125 -0.044677734375
0.166213989257813 -0.056365966796875 -0.436859130859375 -0.296173095703125
0.3619384765625 -0.061981201171875 -0.0154266357421875 0.174331665039063
0.203445434570312 -0.273284912109375 0.166107177734375 0.10919189453125
-0.1329345703125 -0.291046142578125 0.21380615234375 -0.0279388427734375
-0.257186889648438 -0.059112548828125 0.200347900390625 -0.128555297851563
-0.175735473632813 0.147354125976563 0.07818603515625 -0.175033569335937
-0.000335693359375006 0.170257568359375 -0.000389099121093742 -0.11956787109375
0.072021484375 0.117500305175781 0.00413131713867188 -0.0152149200439453
0.0557174682617188 0.137016296386719 0.0302658081054688 0.050811767578125
0.076873779296875 0.117713928222656 0.103172302246094 0.121086120605469
0.027130126953125 0.124595642089844 0.0896453857421875 0.213119506835937
-0.0729141235351563 0.127593994140625 -0.00793457031249998 0.32305908203125
-0.173141479492188 0.038421630859375 -0.1939697265625 0.35009765625
-0.11578369140625 -0.154205322265625 -0.409393310546875 0.155120849609375
0.07379150390625 -0.228073120117188 -0.434112548828125 -0.0375366210937501
0.289581298828125 -0.082366943359375 -0.385101318359375 -0.26885986328125
0.393707275390625 -0.06329345703125 0.05780029296875 0.193252563476562
0.193115234375 -0.28289794921875 0.190704345703125 0.167312622070312
-0.141281127929688 -0.28076171875 0.29754638671875 0.014892578125
-0.244232177734375 -0.051483154296875 0.2850341796875 -0.175445556640625
-0.164016723632812 0.140716552734375 0.098602294921875 -0.255538940429688
-0.00137329101562499 0.17022705078125 -0.027984619140625 -0.190521240234375
0.07293701171875 0.128044128417969 -0.0351676940917969 -0.0632400512695312
0.064666748046875 0.157424926757812 0.00175952911376954 0.0107040405273438
0.093841552734375 0.145401000976563 0.0751876831054688 0.084381103515625
0.0336151123046875 0.165817260742188 0.0615997314453125 0.174148559570313
-0.105819702148437 0.1722412109375 -0.04095458984375 0.276016235351563
-0.2421875 0.03546142578125 -0.191162109375 0.288543701171875
-0.14105224609375 -0.239410400390625 -0.3480224609375 0.112213134765625
0.13006591796875 -0.295379638671875 -0.372039794921875 -0.0298156738281251
0.3780517578125 -0.091461181640625 -0.29888916015625 -0.2393798828125
0.373199462890625 -0.056915283203125 0.151351928710938 0.224105834960937
0.164016723632813 -0.24652099609375 0.263137817382812 0.201858520507812
-0.1153564453125 -0.230819702148437 0.376373291015625 -0.00225830078125001
-0.186203002929688 -0.047271728515625 0.321136474609375 -0.24395751953125
-0.127418518066406 0.10491943359375 0.0906982421875 -0.31756591796875
-0.00433349609375 0.140731811523438 -0.0570220947265625 -0.241775512695313
0.062042236328125 0.11737060546875 -0.0694961547851562 -0.106689453125
0.0627593994140625 0.154922485351563 -0.02899169921875 -0.0312786102294922
0.0963134765625 0.156280517578125 0.03265380859375 0.0409698486328125
0.0235137939453125 0.188613891601563 0.017913818359375 0.116470336914063
-0.144607543945313 0.182861328125 -0.069488525390625 0.195449829101563
-0.282196044921875 0.000396728515624991 -0.157058715820313 0.206024169921875
-0.115509033203125 -0.305145263671875 -0.258056640625 0.0956573486328125
0.1878662109375 -0.3099365234375 -0.309600830078125 -0.00610351562500001
0.4110107421875 -0.07647705078125 -0.195541381835938 -0.208984375
0.308319091796875 -0.0439453125 0.252288818359375 0.25201416015625
0.130569458007813 -0.184417724609375 0.348785400390625 0.196197509765625
-0.0692901611328125 -0.169326782226563 0.419281005859375 -0.054473876953125
-0.114799499511719 -0.0484848022460937 0.311004638671875 -0.300872802734375
-0.0859375 0.05877685546875 0.0709228515625 -0.34912109375
-0.0091094970703125 0.0984344482421875 -0.0770263671875 -0.267074584960938
0.0445632934570313 0.0903472900390625 -0.093536376953125 -0.139053344726563
0.0513076782226563 0.128532409667969 -0.0584564208984375 -0.0695648193359375
0.0796051025390625 0.143478393554688 -0.0167474746704102 -0.00605010986328124
0.001220703125 0.173507690429688 -0.0223541259765625 0.0462226867675781
-0.161788940429688 0.143447875976563 -0.0690689086914063 0.10198974609375
-0.253875732421875 -0.054351806640625 -0.0893707275390625 0.141021728515625
-0.040863037109375 -0.30474853515625 -0.180816650390625 0.1282958984375
0.219314575195313 -0.253341674804688 -0.278457641601563 0.027587890625
0.371002197265625 -0.040374755859375 -0.09075927734375 -0.181045532226563
0.2076416015625 -0.023468017578125 0.343475341796875 0.2662353515625
0.0963363647460938 -0.114112854003906 0.41741943359375 0.162750244140625
-0.02447509765625 -0.10888671875 0.4285888671875 -0.109588623046875
-0.0525588989257813 -0.046051025390625 0.281646728515625 -0.3377685546875
-0.0477142333984375 0.0189476013183594 0.051177978515625 -0.35858154296875
-0.01190185546875 0.0542335510253906 -0.0865936279296875 -0.275741577148438
0.0232582092285156 0.0532875061035156 -0.10797119140625 -0.158966064453125
0.03265380859375 0.0827560424804688 -0.0814208984375 -0.0960922241210937
0.0487136840820313 0.103736877441406 -0.0568122863769531 -0.047882080078125
-0.0183639526367188 0.115806579589844 -0.0449600219726563 -0.0162353515625
-0.131309509277344 0.0675811767578125 -0.0412940979003906 0.0336227416992188
-0.154953002929688 -0.0842742919921875 -0.0254669189453125 0.117546081542969
0.03619384765625 -0.211212158203125 -0.154403686523437 0.183547973632813
0.18597412109375 -0.141448974609375 -0.27667236328125 0.04400634765625
0.252182006835938 0.00537109375 -0.000991821289062468 -0.156845092773438
-0.0670928955078125 0.0115509033203125 -0.0608367919921875 0.205825805664063
-0.0530967712402344 0.0151405334472656 0.272003173828125 0.0140228271484375
-0.0439376831054687 0.0633468627929688 0.1524658203125 -0.223495483398438
0.00990676879882813 0.0487251281738281 -0.00334167480468749 -0.14703369140625
0.0400886535644531 0.0045166015625 -0.00532150268554687 -0.0293617248535156
0.0132293701171875 -0.0412979125976563 0.0277309417724609 0.0221195220947266
-0.00627517700195313 -0.0342292785644531 0.0637359619140625 0.0706787109375
-0.00667762756347656 -0.0225944519042969 0.0717926025390625 0.116119384765625
-0.0035400390625 -0.0171480178833008 0.108245849609375 0.182037353515625
0.00316333770751953 -0.00791120529174805 0.0678253173828125 0.270919799804688
-0.000689506530761719 0.00326752662658691 -0.013214111328125 0.355743408203125
0.00680160522460938 0.0220661163330078 -0.214111328125 0.364532470703125
-0.000782012939453127 0.0631370544433594 -0.467437744140625 0.169769287109375
-0.0627899169921875 0.0357856750488281 -0.468536376953125 -0.0946655273437499
-0.120559692382812 0.00307464599609376 -0.42828369140625 -0.33392333984375
0.124267578125 -0.0262069702148438 -0.084381103515625 0.190765380859375
0.0748214721679688 -0.112449645996094 0.24066162109375 0.035125732421875
-0.0751571655273437 -0.104171752929688 0.156021118164063 -0.18792724609375
-0.114898681640625 -0.00579833984375002 0.0252838134765625 -0.13861083984375
-0.0626068115234375 0.0748519897460938 0.000263214111328122 -0.0495567321777344
0.00761032104492188 0.0556564331054688 0.0235977172851563 0.00847816467285157
0.0292797088623047 0.0286197662353516 0.0622596740722656 0.06256103515625
0.0169715881347656 0.0422019958496094 0.0706100463867188 0.109161376953125
0.0231361389160156 0.0351352691650391 0.1156005859375 0.173736572265625
0.00501632690429688 0.0359992980957031 0.08489990234375 0.26025390625
-0.0283737182617188 0.0359153747558594 0.005035400390625 0.354583740234375
-0.0490264892578125 0.0202217102050781 -0.19256591796875 0.3818359375
-0.0302791595458984 -0.004791259765625 -0.45751953125 0.196441650390625
-0.01849365234375 -0.0480499267578125 -0.490264892578125 -0.056671142578125
0.0276393890380859 -0.0262527465820312 -0.465606689453125 -0.3209228515625
0.279632568359375 -0.0530242919921875 -0.0647735595703125 0.175048828125
0.170944213867188 -0.2181396484375 0.195343017578125 0.055633544921875
-0.106185913085938 -0.23553466796875 0.166397094726563 -0.1146240234375
-0.216262817382812 -0.0490264892578125 0.100173950195313 -0.124465942382813
-0.14459228515625 0.12689208984375 0.035430908203125 -0.10235595703125
0.00270843505859376 0.133491516113281 0.0153427124023437 -0.0475273132324219
0.057525634765625 0.0841140747070313 0.0403480529785156 0.0300254821777344
0.0403518676757812 0.0990447998046875 0.055908203125 0.0864410400390625
0.051361083984375 0.0826492309570313 0.11798095703125 0.1529541015625
0.013519287109375 0.0801544189453125 0.0976715087890625 0.243362426757813
-0.0513534545898437 0.0790786743164063 0.0125732421875 0.351287841796875
-0.109413146972656 0.0272064208984375 -0.185638427734375 0.385833740234375
-0.0715255737304688 -0.0782852172851562 -0.442596435546875 0.195037841796875
0.02557373046875 -0.141403198242188 -0.485626220703125 -0.0358581542968749
0.17431640625 -0.0597991943359375 -0.458587646484375 -0.297027587890625
0.3746337890625 -0.068450927734375 -0.01531982421875 0.1734619140625
0.206085205078125 -0.283721923828125 0.169769287109375 0.103042602539062
-0.139984130859375 -0.297027587890625 0.2166748046875 -0.032318115234375
-0.266769409179688 -0.0595245361328125 0.20172119140625 -0.134292602539063
-0.179244995117187 0.153610229492188 0.075408935546875 -0.181320190429688
0.000488281250000012 0.173919677734375 -0.00435638427734375 -0.123847961425781
0.0719375610351562 0.119338989257812 0.00399971008300782 -0.0166244506835937
0.058074951171875 0.141326904296875 0.0328712463378906 0.0527381896972656
0.0781631469726563 0.120918273925781 0.108039855957031 0.122520446777344
0.02679443359375 0.125846862792969 0.0937652587890625 0.217559814453125
-0.0751953125 0.130958557128906 -0.00164794921875002 0.332794189453125
-0.17840576171875 0.0396881103515625 -0.18994140625 0.361846923828125
-0.119140625 -0.1597900390625 -0.415496826171875 0.16552734375
0.072296142578125 -0.23443603515625 -0.446929931640625 -0.0281066894531249
0.30242919921875 -0.0885009765625 -0.403350830078125 -0.270050048828125
0.40771484375 -0.069732666015625 0.061126708984375 0.194305419921875
0.1953125 -0.292266845703125 0.196304321289063 0.164138793945313
-0.14825439453125 -0.287139892578125 0.30535888671875 0.010498046875
-0.2528076171875 -0.053070068359375 0.288116455078125 -0.184173583984375
-0.166778564453125 0.145782470703125 0.094635009765625 -0.264678955078125
-0.00114440917968748 0.173599243164063 -0.0339508056640625 -0.195999145507813
0.0726470947265625 0.130653381347656 -0.0374526977539062 -0.0662193298339843
0.0673828125 0.162109375 0.00312232971191407 0.0108823776245117
0.0956878662109375 0.148406982421875 0.080047607421875 0.08489990234375
0.0337371826171875 0.168258666992188 0.06463623046875 0.178451538085937
-0.108489990234375 0.177688598632813 -0.03631591796875 0.28570556640625
-0.249374389648438 0.038665771484375 -0.188079833984375 0.298370361328125
-0.146942138671875 -0.247329711914063 -0.354644775390625 0.11993408203125
0.128997802734375 -0.30419921875 -0.380462646484375 -0.020721435546875
0.3934326171875 -0.0999755859375 -0.31292724609375 -0.239532470703125
0.386932373046875 -0.062713623046875 0.157867431640625 0.225555419921875
0.166702270507813 -0.253341674804688 0.273117065429688 0.201187133789062
-0.119354248046875 -0.235488891601563 0.38653564453125 -0.00765991210937502
-0.192642211914063 -0.049774169921875 0.323211669921875 -0.25494384765625
-0.130447387695312 0.107337951660156 0.086395263671875 -0.327789306640625
-0.00518798828125001 0.143646240234375 -0.0634002685546875 -0.247787475585938
0.0618209838867187 0.119834899902344 -0.0734481811523438 -0.11102294921875
0.06561279296875 0.1590576171875 -0.0291633605957031 -0.0329456329345703
0.0988616943359375 0.15924072265625 0.03448486328125 0.0404891967773438
0.0244903564453125 0.19232177734375 0.0194244384765625 0.120071411132813
-0.147537231445312 0.189743041992188 -0.0679168701171875 0.203887939453125
-0.290771484375 0.00277709960937498 -0.154800415039063 0.212112426757812
-0.122650146484375 -0.315277099609375 -0.261978149414062 0.100799560546875
0.1883544921875 -0.321197509765625 -0.31451416015625 0.00457763671875002
0.427734375 -0.085418701171875 -0.204208374023437 -0.208236694335938
0.320465087890625 -0.048309326171875 0.262786865234375 0.2548828125
0.1331787109375 -0.188766479492188 0.361663818359375 0.195343017578125
-0.07080078125 -0.17327880859375 0.428680419921875 -0.062225341796875
-0.119407653808594 -0.0522308349609375 0.312225341796875 -0.314422607421875
-0.0893173217773437 0.058868408203125 0.064727783203125 -0.359771728515625
-0.0100936889648438 0.100357055664063 -0.0841064453125 -0.274993896484375
0.0435791015625 0.0921630859375 -0.0976409912109375 -0.14495849609375
0.0535049438476563 0.132148742675781 -0.059844970703125 -0.071624755859375
0.08282470703125 0.146530151367188 -0.0166254043579102 -0.00683879852294921
0.00189208984375 0.177902221679688 -0.02337646484375 0.0478324890136719
-0.1658935546875 0.14990234375 -0.069732666015625 0.107833862304688
-0.263656616210938 -0.05419921875 -0.08673095703125 0.143585205078125
-0.0467529296875 -0.315643310546875 -0.1798095703125 0.133438110351562
0.221145629882813 -0.264633178710938 -0.280899047851563 0.040252685546875
0.38641357421875 -0.046630859375 -0.0942993164062499 -0.179580688476563
0.21661376953125 -0.0274200439453125 0.3582763671875 0.26885986328125
0.098602294921875 -0.116432189941406 0.43475341796875 0.1593017578125
-0.0247879028320312 -0.11212158203125 0.436279296875 -0.12017822265625
-0.0551719665527344 -0.0499076843261719 0.28167724609375 -0.349822998046875
-0.0500564575195312 0.0179901123046875 0.04534912109375 -0.368499755859375
-0.0127410888671875 0.055450439453125 -0.092864990234375 -0.283477783203125
0.0217094421386719 0.0539169311523438 -0.112823486328125 -0.165283203125
0.03399658203125 0.084564208984375 -0.0842056274414063 -0.0996475219726562
0.0512237548828125 0.105125427246094 -0.0590667724609375 -0.0499267578125
-0.0193634033203125 0.119041442871094 -0.0482749938964844 -0.0162391662597656
-0.135665893554687 0.0719146728515625 -0.0421638488769531 0.0351524353027344
-0.161727905273438 -0.0870361328125 -0.02032470703125 0.118484497070313
0.0341339111328125 -0.22088623046875 -0.149749755859375 0.1920166015625
0.18890380859375 -0.149765014648437 -0.27923583984375 0.0582427978515626
0.26446533203125 0.0019989013671875 -0.000488281249999977 -0.15618896484375
0.0499899676038244 0.0241579148101304 -0.206319548896315 0.0486321356130849
0.0209915936790984 0.0409493125144975 0.133194598950807 0.248336421311872
0.0738834930095405 0.0235980493217723 0.285012934043181 0.000639007979021525
0.0412426529939678 -0.032623183023168 0.114512779206675 -0.0838365763175712
-0.0262358915501636 -0.0320953282715315 0.0193075940322821 -0.0144811056128612
-0.0427398391060029 0.0136789270648614 -0.00207966967296962 0.0385540151775034
-0.0319843905161697 0.0210968816086701 -0.0411538974090519 0.0910754596061815
-0.0190965642949365 0.0117776623974264 -0.0796567850173888 0.130740439474671
-0.0167407923296974 -0.0017449288568123 -0.12897027961781 0.181242044491733
-0.0163868182536052 -0.012062178538248 -0.206009452809112 0.189442237391073
0.00727277748014087 -0.0203877453924609 -0.344136907074247 0.164415293251937
0.029151157826206 -0.0405670666661068 -0.450604904951305 -0.019339855314366
0.0784421685035035 -0.048560988711184 -0.409409931268983 -0.297900568242168
0.0911277919116129 0.034882785288236 -0.148946291967896 -0.469117618432842
0.0855917892347421 0.106562108405111 0.0143467217253792 -0.540652297587452
-0.0819686607224338 -0.112415227305996 -0.219754262609574 0.0482430946263413
-0.166411001353503 0.0138231682342684 0.101697404232678 0.268792203668496
-0.0523750868855345 0.148834630842214 0.297118553057458 0.0372098045006682
0.0781961049227928 0.118121276120698 0.153049355057517 -0.0790802359931225
0.102971176772185 -0.00544502654768615 0.0340149392116241 -0.0403248185438371
0.0357587576692181 -0.0420547212065969 -0.00511448342631195 0.0216191455061949
0.00699793989968264 -0.0438957765397962 -0.0449009361223207 0.0819803121458603
0.0142572809351675 -0.0469602716837745 -0.0801301087799592 0.1241701162959
0.0146514568350883 -0.0552987776455078 -0.124386623933172 0.182817410842147
0.0173729099113532 -0.0393912499008511 -0.192183940394746 0.193467715762686
0.0509849584199806 -0.0202188494008033 -0.334065981421125 0.175308397366837
0.0599874638431368 0.00967702677952982 -0.447698750688496 0.0046016513733517
0.0514070092312707 0.0191058700358581 -0.417346559847812 -0.272774078732596
0.00151107221455564 0.0475747684966521 -0.195500230601445 -0.459846490799736
-0.00983184467837917 0.00155502355650406 -0.0356446151331278 -0.559354849059415
-0.189440815154049 -0.225424955638373 -0.205661517743496 0.0793279901150375
-0.313969769678439 -0.00153977489658654 0.0623387227803722 0.265608185334099
-0.14953509532596 0.248248215818062 0.267404675144082 0.0952799584123007
0.105607937463604 0.23851736252004 0.203397350764947 -0.0232379238768767
0.200978416634885 0.0245516350470563 0.0992245972941905 -0.0530331303086836
0.101617232200833 -0.0812022116904522 0.0309150318511038 -0.0186580272418886
0.0447565881875855 -0.0954891052269453 -0.0298832945190886 0.043351206888785
0.0437415334185832 -0.0991557438727441 -0.0698486059968276 0.0984067517389127
0.0393527978421591 -0.106229429853849 -0.108717517173594 0.174113216634944
0.0473155155516765 -0.0732058419374279 -0.175283278457121 0.191730749512463
0.0978717391213667 -0.0307910109461056 -0.327905520609595 0.173597010603227
0.102270016436799 0.0588323633287005 -0.442237433130424 0.00610275312045122
0.0295739461750915 0.100375032542386 -0.40192407659235 -0.26092139649655
-0.0967604111313007 0.067950159556061 -0.211948911802582 -0.430576254666033
-0.112228472792188 -0.100143722773146 -0.0657423041320098 -0.532917705339017
-0.257853762503575 -0.296006331218528 -0.182764624053054 0.136831099467251
-0.389863244195019 0.0053542557224848 0.00795655091473253 0.279365201981397
-0.189797666877769 0.307120032414899 0.233196532689131 0.188943463645476
0.122759142402075 0.294486024043663 0.275003178948875 0.0537714141108498
0.243415260089912 0.0395090784180906 0.193879234723427 -0.0670829253305338
0.135528578579102 -0.0961454364221528 0.0864564078238569 -0.0744932021138275
0.0724070049056106 -0.124561628967236 -0.00303034530519813 -0.0123083563169083
0.065912063883377 -0.138132178715217 -0.0522609436941055 0.0579162488897027
0.058456826912521 -0.149246838076542 -0.089456645667731 0.150319273257749
0.0764823344150126 -0.111729182735198 -0.160109863807949 0.171705524459348
0.153498179144802 -0.0476749581430947 -0.321024361858325 0.144415642303563
0.156829708694235 0.113386691063503 -0.414215344463503 -0.01942252812327
0.00605478041345678 0.194301189202798 -0.351637367152649 -0.252866649909149
-0.198843466926658 0.0868839449671439 -0.197983247187333 -0.379058626378651
-0.202170463664363 -0.188643894448978 -0.0679648859762536 -0.469063246470639
-0.285343249431593 -0.324365745309096 -0.16083015729552 0.220173744167808
-0.393938612090167 0.0127236973735314 -0.0360255875922246 0.33742521325801
-0.186175064108231 0.305090283773352 0.239298336734733 0.296178641199726
0.110389626128677 0.282803335014926 0.363144092381692 0.111119407410286
0.227102197860898 0.0468960292546253 0.284758013224882 -0.0951273068258173
0.138650959466719 -0.0868203488817567 0.139048586914078 -0.134277931351009
0.0850234401904108 -0.127963726172303 0.0299366245181599 -0.0710779126766368
0.0788400084223164 -0.155871847086156 -0.0267313975223167 0.00717787150106426
0.0729145716660281 -0.178110157548114 -0.0674382348959727 0.105745608062979
0.108047263136038 -0.142954550063978 -0.14409536809364 0.124211051453604
0.213311992761659 -0.0526675705058664 -0.295356696374833 0.0798505760435817
0.199598574956787 0.180965116831424 -0.34406029334431 -0.0574013510452565
-0.0389186770087771 0.279984139863876 -0.269222169997823 -0.22311450951484
-0.291193740322665 0.0851101372788779 -0.173686948828801 -0.304683949828837
-0.261817072488976 -0.256504141482594 -0.0467212991569162 -0.376168744521156
-0.280554364213073 -0.314302844316779 -0.133944659066184 0.32205472292376
-0.350362550747477 0.00822929779072929 -0.035206924174447 0.421791805251404
-0.167514649961684 0.25249471781222 0.286703458592274 0.365500524478717
0.0670752897902631 0.234396333537309 0.437525164652481 0.124003344757958
0.172869827836586 0.0559976276495939 0.344739823624925 -0.132120812626699
0.119720999113 -0.0587581765124895 0.177188777367661 -0.18254668937325
0.0836667249042908 -0.109351395030523 0.0640421948948954 -0.121667153543433
0.0799297025661404 -0.150122214545213 0.00202655699077023 -0.045845287105741
0.0827317541346598 -0.182374300637927 -0.0450862078376844 0.0434833963014661
0.136621458475295 -0.149352309081647 -0.116057412791741 0.0527533184144568
0.250743660156945 -0.0276468037993744 -0.23133719449705 0.00447695087680987
0.192798784246615 0.244454817881067 -0.23555890819231 -0.0698206035640095
-0.108976912660426 0.314223050988255 -0.196654633799489 -0.148906148981071
-0.343934095131279 0.0488348956546069 -0.169171287062534 -0.226236946383143
-0.273163190841582 -0.291744964163013 -0.00840832626887851 -0.271458155821935
-0.245605150953609 -0.266827916979809 -0.0949210619889202 0.422892814533882
-0.283741043850166 -0.00244340295199358 0.00789572114190646 0.490978458989754
-0.14548060881647 0.181024788294606 0.342110388981824 0.380467097335477
0.014666259408641 0.17692415752714 0.476054199808539 0.101871629228278
0.10810127321734 0.0631147479270475 0.367674400403558 -0.161566618962628
0.0905276822958626 -0.0241725028458853 0.199816371732505 -0.210479459260917
0.0696637897937648 -0.0768566128695872 0.0936961705664374 -0.155376983818611
0.0687864072855635 -0.120734883690719 0.0294648181311774 -0.0949510957120387
0.0822023885688127 -0.15628234151321 -0.0187684012366616 -0.0257956299649894
0.142875101935206 -0.118263905922462 -0.0701903831465017 -0.0193496388022107
0.233996553613055 0.0174569340416904 -0.133820613389233 -0.0441078981164926
0.122470177767834 0.25936798433791 -0.134043860505089 -0.0302660232643537
-0.16948327393575 0.258941014820609 -0.182388480417068 -0.0543811170154975
-0.321296352616309 -0.0112431714172069 -0.190272710397076 -0.181391367207587
-0.22797745453466 -0.278250358985447 0.0399403779340171 -0.171070983295897
-0.18523967685789 -0.192820562445373 -0.046138364514482 0.500045345098233
-0.206318392568508 -0.0139227721555475 0.0726972001665389 0.527751503106174
-0.11896088275434 0.110706283933456 0.382303126103187 0.359442783331449
-0.0259159575182455 0.120803499875104 0.484632888596879 0.0723254807737575
0.0512335645597651 0.0637852330913418 0.36967531668945 -0.177029130012209
0.0581788594569542 0.00616359435607243 0.210619874089396 -0.22004397738638
0.0460558907916902 -0.0361275615848148 0.1152645498583 -0.174281177959475
0.0478597736576727 -0.0731925275478773 0.0500949770785769 -0.132297988967045
0.0660232681807556 -0.101197040673157 0.00999704298120895 -0.0830501225356986
0.111848266904593 -0.0611049115401827 -0.0178360574616736 -0.0662099009728195
0.152122091675183 0.0524165662150873 -0.0467033114465645 -0.0435884793157734
0.0253431733920103 0.192632113197664 -0.0859415534391326 0.0358417969132635
-0.165206117670696 0.130115764343397 -0.228436845599017 0.00529095974711808
-0.213439769630022 -0.0567852521834563 -0.208757102562365 -0.183677627815104
-0.132541476666997 -0.205774982236935 0.0916951209505153 -0.0888350989899978
0.0527073209778071 0.0218283539949081 -0.204881133170745 0.0527779781642546
0.0247637502304197 0.0419173384451728 0.153563975282367 0.237378270406146
0.0780415057602267 0.0188209581153176 0.288081324358079 -0.0211269010021168
0.0428064464742202 -0.0375497470288083 0.107257140475935 -0.0927821444626463
-0.0285853097272953 -0.0323789633337066 0.0159609918967876 -0.0136345975296992
-0.0425428480436661 0.0172120760441324 -0.00143353616385737 0.0374915780373719
-0.031116207204735 0.0246748775955569 -0.0364602819582506 0.0949157504460255
-0.0198155272318009 0.0132824627128908 -0.0747494593311969 0.139679849807376
-0.0176069780297071 -0.00180437302078443 -0.125347856742424 0.192596563054857
-0.0171164227931531 -0.011654397148946 -0.204253336859824 0.203136922218632
0.00762891069292664 -0.0222689008173133 -0.341433012557511 0.185526541796773
0.0280054534969975 -0.0433490068125586 -0.457016781142954 0.00522272992075686
0.0757024367988369 -0.0532597768474021 -0.431556002320064 -0.278233328268591
0.0964557307064626 0.0312364698673835 -0.176921104997772 -0.472716065415098
0.0931678510335376 0.104199311183873 -0.0170291209319537 -0.557855892165971
-0.0893889331538595 -0.111381524837673 -0.218205739749733 0.0548056732507999
-0.168242768151598 0.02329940439189 0.123584552798469 0.259703565837296
-0.0444351649570506 0.154757719125886 0.303465632321662 0.0163413125861916
0.0873743216830275 0.116947170185357 0.147607991725906 -0.0895596467124031
0.104362442526074 -0.0114551628180502 0.0293704086992838 -0.0425211503105711
0.0362288688192984 -0.0440494208671847 -0.00485024995396788 0.0198422839894912
0.00694732215673461 -0.0426628688497549 -0.0413408336094529 0.0852039301875515
0.0124501029705359 -0.0487271274534935 -0.0761291514173648 0.133184983075649
0.0123405753351124 -0.0571872861150532 -0.119279470494865 0.192475225807308
0.0165943159203935 -0.0398810285412219 -0.189000343485324 0.206664411256359
0.0518419775113345 -0.0233635166877431 -0.329941471574789 0.19676169972822
0.0615787612157461 0.00801064169538398 -0.453036618384044 0.0297013728098441
0.0507055517430301 0.017588711944613 -0.43776970697382 -0.254793568559293
0.00517560186424753 0.0479627034677952 -0.225841167448583 -0.45862440551438
-0.0115070220419485 0.000296057099575078 -0.0686312384978343 -0.572242632786237
-0.205324962282902 -0.22279213890938 -0.202491148882385 0.0859946045582076
-0.320009180167545 0.0142394616994142 0.082058868293651 0.258579230965528
-0.139092591816467 0.260953376512971 0.276211347236101 0.0780006691039883
0.121300451073981 0.240261850323478 0.203497794356879 -0.0353809801927991
0.206876748547496 0.0138895830653223 0.0956003972539759 -0.0601967075438304
0.100854403580915 -0.086560381985076 0.0292375622047162 -0.0235925665058278
0.0437434832123957 -0.0972005224741497 -0.0276034159593796 0.0445036757245466
0.0404641153492688 -0.104045967427418 -0.0672677871556312 0.105171761358926
0.0367991418450232 -0.109834476713582 -0.103321858549843 0.182662969439437
0.0462689449330428 -0.0740988245713041 -0.170856820600588 0.203580383162867
0.0991409670244908 -0.0352441522200303 -0.323637808632525 0.195670588708269
0.106120751950523 0.056725351296269 -0.446552948041004 0.0315655581083017
0.0314386160610588 0.101617302643178 -0.422508905245734 -0.24314214663482
-0.0942254238655804 0.0728939515552488 -0.24100929350489 -0.427049588393971
-0.122119598974655 -0.0994611187319338 -0.0973317697333724 -0.544304581511461
-0.279363757470036 -0.292094620756968 -0.177106354048394 0.143993825961742
-0.397267890082814 0.0234744733438299 0.0265443945261706 0.276915619329475
-0.178581755576317 0.322304064967172 0.246252462348407 0.177880398429029
0.140255502722863 0.296662308770724 0.281915422749279 0.0402629081774437
0.250819716408297 0.0287785002013156 0.191287595956888 -0.0796387824272626
0.135441398888416 -0.102854532171039 0.0826169626569789 -0.0832071620317889
0.0712985592959457 -0.127324574103265 -0.00205474959936379 -0.0142865618496078
0.0620429181679245 -0.144301678200111 -0.0507514712168022 0.062292828295968
0.0543720705848768 -0.154422879854679 -0.0837905813868787 0.157254805615382
0.0739789121466423 -0.114177547492076 -0.155389387725587 0.183377032163755
0.155080475124695 -0.054621857195326 -0.318391277290618 0.166257215453568
0.164402224538231 0.110266571899141 -0.420007047146597 0.00429092983025528
0.0116203252650522 0.199098446001742 -0.370735003360948 -0.238110038173669
-0.19813460504523 0.0965042466590004 -0.225443147311621 -0.373620498864906
-0.220055120669435 -0.185842427018441 -0.0971195856932415 -0.476537297510763
-0.308552867963336 -0.32132834334906 -0.152362154063457 0.230146179166176
-0.400686224545957 0.0286706882042874 -0.0170793911325343 0.341183687776537
-0.176019379362698 0.319784569069014 0.258390355237754 0.287642459085679
0.125457306937424 0.28616860428347 0.375475693871328 0.0952056023197422
0.234026122523414 0.0383646009331664 0.282892699618759 -0.113134413435698
0.139068060439197 -0.0928980672490512 0.133540570000092 -0.146247497047422
0.0846121312711768 -0.131166343115992 0.0284368463718806 -0.0764481685652071
0.0742499584460585 -0.162721477980841 -0.0263145973648835 0.00901001769426633
0.0678164209531343 -0.184001659078479 -0.0633177395885092 0.111048131874964
0.104730281554586 -0.148169161039525 -0.140682283029434 0.1335769757742
0.215796191481495 -0.0634942576902861 -0.296914185867648 0.0996832297001941
0.212702781404049 0.177456744767353 -0.35081693293808 -0.0397380520133124
-0.0283112509753507 0.289004945831895 -0.285104028962793 -0.213124272903198
-0.292828823012374 0.0996791489777633 -0.195679585863877 -0.29652682728105
-0.284947376395931 -0.252490329382038 -0.0698806327245755 -0.381217697632461
-0.302300292808325 -0.310319935638314 -0.11997272037727 0.333942260236146
-0.357725917845527 0.0219191961237308 -0.0131850012742469 0.429797653960527
-0.15943835716203 0.264884484050441 0.311137320240136 0.357758437198861
0.0778752395368438 0.239675191620228 0.453290577625932 0.103640160549485
0.178671097101696 0.0510547254538563 0.34172026674106 -0.154812334772873
0.121534954367655 -0.064001288035049 0.169808250584128 -0.197533199893211
0.0834240363101254 -0.112901817166827 0.0612209886451053 -0.129031381041953
0.0751986074040385 -0.15649980602298 0.0010765160054948 -0.0464984141040626
0.0772556105316822 -0.189498911297218 -0.0429422452031301 0.0463455546690425
0.133904081580735 -0.156610220039685 -0.1165621590119 0.0591652005025858
0.25583717747558 -0.0408470439701034 -0.23638162946015 0.0180436960446584
0.209892953631143 0.243141560405421 -0.239773068206972 -0.0586960511811895
-0.0985513842423299 0.328696872505309 -0.20601266502489 -0.140147946552045
-0.348738449806833 0.0654196979063251 -0.186349702519455 -0.214168319637116
-0.298868190839397 -0.287561328678206 -0.026305526422543 -0.273807509430914
-0.266095922540707 -0.263825574198109 -0.075435354426625 0.436902571579005
-0.289462979151141 0.00760329976847375 0.0358717745476062 0.501294480099733
-0.140754133598834 0.190463602364943 0.368318518777549 0.369575307783181
0.0219390950640011 0.183432319852669 0.491214564967506 0.0791238620514438
0.113586612708261 0.0622722284744849 0.363417977716752 -0.185186322007283
0.093166394981853 -0.0277191883085168 0.192434916803541 -0.22560209063865
0.0710972184520879 -0.0787789179953783 0.0911625432272025 -0.16556386143998
0.0654203176630333 -0.126318216548803 0.026249604721202 -0.0984983950095527
0.0773204871954448 -0.163330802036745 -0.0203422330806704 -0.025547220651636
0.142074043387117 -0.12672825519813 -0.0735917516338419 -0.0168748369893938
0.240791094429825 0.00693259873496772 -0.139979143337419 -0.036852918750662
0.137165652053073 0.26352679734702 -0.132650640316191 -0.0234224078615784
-0.162624360328083 0.275549373616951 -0.186568616981307 -0.0427288145908692
-0.328589778130549 0.00338814328868883 -0.206750116342354 -0.165424981634081
-0.252340505909857 -0.276800100107844 0.0294100152833321 -0.172544280424355
-0.200678028657362 -0.189853062016099 -0.0225604833802119 0.515527613789648
-0.211504933765238 -0.00664986340875477 0.102514833493947 0.536262140452746
-0.116555998061691 0.118170203155169 0.407746436237563 0.344833033618473
-0.0212886136566099 0.127269349918351 0.497100143935584 0.0472999330742012
0.0558101550619099 0.0651971341982714 0.365217435431804 -0.201070339777535
0.0608168038407566 0.00454686756822539 0.203646554964911 -0.235722309152364
0.0481583847558915 -0.0375044839329228 0.111981912036831 -0.185534280489487
0.045775549429305 -0.0768107178010729 0.046477554507331 -0.138729529502309
0.0630476973536141 -0.105871843959566 0.00637751522021422 -0.0866124986475688
0.112606552718326 -0.0672315780927308 -0.0228801346631954 -0.0683390462324542
0.159006316019495 0.0461798302624875 -0.0496990415192154 -0.041803072848978
0.0341872605408902 0.199453279695731 -0.0801646720450624 0.0415453444455067
-0.164512099135068 0.143322120305788 -0.230287452197386 0.022698613635294
-0.220874649491476 -0.0475148022905199 -0.22618782362773 -0.166283488464259
-0.150516597892378 -0.206423716100654 0.0874548950459612 -0.0893582397256769
0.0543847693909897 0.0186459149037537 -0.199569181977162 0.0551637127901548
0.0283283604919711 0.0421943051372916 0.169384173203444 0.2190197667574
0.0806615159133935 0.013700348057759 0.284213086140924 -0.0416896951182523
0.0440238470975378 -0.0429031442280641 0.0975457123313288 -0.0988635328793846
-0.0311130851092282 -0.0323950723036367 0.0136338563884626 -0.0117094550573052
-0.0416905312301759 0.0191533957707921 -0.00188826489473404 0.0366237623313657
-0.0293917751285967 0.027693352308082 -0.0318060810686014 0.0962271768770358
-0.0196466025641254 0.0150510967827743 -0.0684460297786506 0.145011858018152
-0.0180515734637303 -0.00118901149582192 -0.1189468261416 0.199725531212811
-0.0178647394878111 -0.0105995210011755 -0.197602943827026 0.214628283418812
0.00727780236710493 -0.0248161606869019 -0.331059106934838 0.202977177629713
0.0265937267963674 -0.0449441136957003 -0.453741747598204 0.0283546886707574
0.0717655211388065 -0.0568778522751291 -0.443892011745265 -0.25400210749577
0.0993393242972457 0.0270889898850134 -0.201255777010388 -0.464719569126274
0.0976403893193945 0.100673933524524 -0.0456470446097887 -0.562490225780159
-0.095383883159446 -0.108705289866015 -0.213240071230169 0.0598729604798417
-0.166572297517942 0.0320920673671628 0.141708661991543 0.244517346854526
-0.0353034690578635 0.156543215803597 0.302819575504117 -0.00394642170410856
0.0949719727546418 0.11308783875926 0.140311769168789 -0.0968986193132415
0.10429371104783 -0.017183827579345 0.0240374310402729 -0.0427485359395724
0.0350700591073891 -0.0453693089408455 -0.00552617761424062 0.0187779515671897
0.00693585480349351 -0.0414606987370665 -0.0366760702520924 0.0866847293675781
0.0104713702432571 -0.0493772858570228 -0.0703039853517764 0.138196519722818
0.010598085646786 -0.058422636416238 -0.11290785485659 0.199409883621601
0.0161884045539982 -0.0394556364923219 -0.182147597880884 0.216501131310809
0.0518918867433654 -0.0261538984591105 -0.318458426208447 0.212831406990806
0.0615022271086302 0.00601959476178793 -0.448393163373707 0.0523053471527879
0.0489632216623335 0.0156017869148476 -0.450991444846402 -0.229957104134217
0.00820887792201546 0.0465753615069888 -0.250090723695458 -0.448077415822824
-0.0134607450924556 0.000329693822572738 -0.0989726440653401 -0.574825532769918
-0.217713957328903 -0.215948733248068 -0.196173294807857 0.0902740255910884
-0.321069068489548 0.0282388822500041 0.099769201527721 0.24580479434313
-0.126190307307244 0.267129062894413 0.278046588949652 0.0592809233706439
0.13406744227057 0.236561484765371 0.199903455297751 -0.0449888175816025
0.208047004146227 0.00458291676975975 0.0892416497986654 -0.0638570184164637
0.0991771768435797 -0.0906894626024187 0.0263347088842015 -0.0271287158970814
0.0424298228836575 -0.0973711287358054 -0.0250349120859635 0.0444549420519873
0.0370860449376811 -0.106341890430112 -0.0631519878010161 0.109439589975166
0.0328537486378738 -0.111895733360762 -0.0965511926790736 0.188182905266317
0.0449931597879843 -0.0745594293626373 -0.163115726226242 0.212560677158926
0.09849971544301 -0.0393640340576336 -0.312284326270901 0.212613076464193
0.107922593708988 0.0542696111123282 -0.441443677272781 0.0541679609272509
0.0328230358379341 0.10147490347959 -0.433945326160081 -0.220898682550034
-0.0909909073014398 0.0752750167541706 -0.264238937670644 -0.413924542230034
-0.129935327641033 -0.0952263901253025 -0.125888695936344 -0.543460849208667
-0.295325208799663 -0.283082648884153 -0.168040355455898 0.149000952529772
-0.397557155116118 0.039990145703678 0.0430733152853125 0.268018448348323
-0.163227801390471 0.330180393225584 0.252850671367506 0.162599596094237
0.154848711418047 0.293152273110905 0.284288508222536 0.0273229965946514
0.252745219726847 0.0181865378304947 0.184592790520227 -0.0896253184222971
0.133356540233167 -0.108891911111698 0.0760830645300522 -0.0897161548628905
0.069392801860042 -0.128582127896542 -0.00250662989876717 -0.0162313703691305
0.056867792737542 -0.147498378687143 -0.0482308879417873 0.06577815515229
0.0491811774346718 -0.157002315267411 -0.0768913608931897 0.161427062141753
0.0718121128054101 -0.115343678220885 -0.147693883201331 0.19036159794352
0.153631872324062 -0.0607985101839694 -0.309109296356509 0.183544069277564
0.16814403803108 0.106789045936847 -0.41630681166278 0.0263717671686041
0.0169539317777004 0.200136085480441 -0.382340204975362 -0.21869587314235
-0.194309673669273 0.103249719929042 -0.245481901256764 -0.359563117452463
-0.233192156226108 -0.177879811834138 -0.12233389273444 -0.473094222720383
-0.324953958631331 -0.311053879757021 -0.140037351136512 0.234889585468629
-0.40088225737085 0.0443622811612224 0.00163829547253479 0.336691746755403
-0.161665248063696 0.326233955196551 0.271262483482823 0.274432138288519
0.139245760376605 0.284151058299363 0.381987503963381 0.0772677973940415
0.23719400843446 0.0303613456980003 0.274990567571513 -0.127968142273934
0.137129739571273 -0.0980628388645587 0.124094687749066 -0.154341464671809
0.0828859108678217 -0.133159356279708 0.0264229172803735 -0.0803602269969101
0.0687004351566672 -0.166796610986042 -0.02532274748531 0.011424810277028
0.0615963104367132 -0.187280082747583 -0.0578223671786959 0.114257260581775
0.100488445623991 -0.150945388694266 -0.135607216854256 0.140159447288668
0.213769263341592 -0.072228520084136 -0.291380981638317 0.116204746789522
0.220726948037278 0.171177583151931 -0.349163837287023 -0.0222614948879588
-0.0186132559992408 0.293410893629137 -0.295343371217096 -0.198807993980366
-0.289560009856314 0.111202519261115 -0.211802282065788 -0.281531548024942
-0.302379129162042 -0.242753226996822 -0.0913803066118033 -0.376180814666988
-0.318353507937899 -0.301336124669994 -0.104070192476587 0.340333078859023
-0.358101812088111 0.0344052796098288 0.00973300009628162 0.428643913212041
-0.149541585263188 0.270999211103808 0.32838830091469 0.34250617241471
0.0883249763881787 0.240291883501775 0.45996170374792 0.081450156795579
0.181413884185587 0.0471367131109991 0.332256074901028 -0.171623751470152
0.120516706101964 -0.0674568529843006 0.15907555638905 -0.206728366583062
0.0836725976247346 -0.114221227393094 0.056988149553059 -0.134677609114924
0.0704691711321871 -0.160217431858276 0.000287905744293018 -0.0470243622193042
0.0703670860862069 -0.19331729109017 -0.0403721620587683 0.0482714849595605
0.12825758565627 -0.161274733484007 -0.114299276442112 0.0650899475984323
0.256231433101708 -0.0524075136398622 -0.235136913740212 0.0314642119127694
0.221654501943053 0.238291492383693 -0.24005439280031 -0.047573603838841
-0.0854280576324687 0.336694695335739 -0.211459808267529 -0.128791826663667
-0.347306865864219 0.0797867702735282 -0.198170337524554 -0.197629468628616
-0.31883957259039 -0.277082272348331 -0.0419087892246885 -0.269884475005773
-0.279808710380262 -0.2560625105878 -0.0553559962329565 0.442857801268825
-0.290552304949409 0.0168941012939391 0.0615802733200704 0.499691366674884
-0.134063493296263 0.195143877610044 0.387460727327506 0.352319735053736
0.0294055704023618 0.186023779340318 0.495229566387963 0.0550599182605532
0.116277258427848 0.0605981542505033 0.352124409538736 -0.203280904544994
0.093739055542394 -0.0310741130954956 0.180036478314413 -0.235392537343401
0.0711685219482191 -0.0808884383605252 0.0853094346892764 -0.172484197642999
0.0615383509379617 -0.128848361395591 0.0240171777408268 -0.100895943088093
0.0715023654813905 -0.166625773677318 -0.020937640116277 -0.0255070891818976
0.138467870890241 -0.132676374686012 -0.0755256003674906 -0.013952324576977
0.243724723746521 -0.00455346992785285 -0.141755833158422 -0.0291565679591219
0.15131122533398 0.261662037756998 -0.128844407262803 -0.01843505192736
-0.152803643174463 0.287478457728851 -0.186069490340929 -0.0295391457175401
-0.33071918964448 0.0173463554896091 -0.216597506142636 -0.145266906532326
-0.271482803102591 -0.267982388424025 0.0195177290361523 -0.169371036059229
-0.211419890168097 -0.183531103675331 0.00228486204242584 0.519979091242221
-0.21260657041244 0.000509417574251715 0.130851583226181 0.533322726350742
-0.113030338168167 0.121426044736593 0.423985870897331 0.326162604925451
-0.0156147196194796 0.130711762554016 0.498669149759679 0.0223363438237599
0.0587229716339139 0.0650120049804018 0.353383908593097 -0.218408832424933
0.0621722331073832 0.00190023383453564 0.192023655550671 -0.245108190331427
0.0494495549682269 -0.0383871977064986 0.106316617145828 -0.193578990829431
0.0432437695246137 -0.0783703816004372 0.041409658285057 -0.141791792174706
0.0590246718571167 -0.10851032362767 0.00192660081382803 -0.0881683674545379
0.112116361727309 -0.0717495643763839 -0.0273207788822509 -0.0686981951209614
0.163725387659672 0.0392117863040076 -0.0508924467422678 -0.0402752186336913
0.0444032750016219 0.202896454389893 -0.0724966858437339 0.0451305602458178
-0.160876911074329 0.154141448503233 -0.225925947333822 0.0409370288737912
-0.224672129034513 -0.0381033069386918 -0.236922045701957 -0.143710946261749
-0.165088532427933 -0.201858854761756 0.0821500770344389 -0.0884069535629004
0.0584187518992394 0.000116146637225603 -0.173194881696745 0.112871391082989
0.0470274887171351 0.0307857382956503 0.228625021045894 0.138394607094086
0.0823243845769818 -0.0195031370946071 0.245428244739964 -0.135076858541012
0.0264629315403187 -0.0612443600342377 0.0557499006424579 -0.121678853414268
-0.0411540275455251 -0.0212605085483431 0.00965370436129685 -0.0135735899725606
-0.0319189842665756 0.0322363016349064 0.0080877332394935 0.034123317582579
-0.0178796532934698 0.037845240540754 0.00392043207081857 0.0994915353393885
-0.0140534551353158 0.022455542331737 -0.0139172810157819 0.159853810976163
-0.0178363204837098 0.0046537611701684 -0.0475840967022055 0.228642922026605
-0.0183177352011215 -0.0045973097496578 -0.117932955945842 0.2674044607217
-0.00279810347748307 -0.027797485512158 -0.238075542720376 0.299003258217689
0.0113259882164629 -0.052149276118678 -0.412807167259593 0.174230851373966
0.0476519123039566 -0.0746242857341229 -0.499238598037951 -0.0898390436506568
0.105628760809451 -0.0032098770976397 -0.341611898810043 -0.375018188455637
0.126826180268292 0.0686524325430253 -0.220788329884735 -0.520094517643594
-0.131698359373258 -0.0694142492749174 -0.174459807795672 0.119604582463316
-0.143245935328603 0.0914741719466345 0.219542885595942 0.163835392215123
0.0240916656575819 0.156954320199365 0.272271935244498 -0.115513972204835
0.132530363351336 0.0688736105020456 0.0887876899393653 -0.134974877936727
0.0913407933008948 -0.05227300292714 0.00574754332470611 -0.0406258181058197
0.0182316645372666 -0.0544318608994619 -0.000644751427670384 0.0211869113384721
-0.00489268647807147 -0.0411397193061783 -0.00435924720714906 0.0941199852726393
-0.00620302332905804 -0.0478672998409527 -0.0170713460174686 0.154934107837424
-0.00902702908799734 -0.0588798772762892 -0.0413973087579124 0.226252726017411
0.00521763729839241 -0.0422760280859583 -0.102633502397473 0.264918595256319
0.0395206213073013 -0.0425865885889743 -0.2236370940489 0.304939388710016
0.0605324840171885 -0.0137728076657284 -0.400560234061711 0.193493533151475
0.0482300059418884 0.00166949504577481 -0.497540917212949 -0.066504628226167
0.025595530357032 0.0437876082752386 -0.380494092784928 -0.340193709349072
-0.0122728567508056 0.00794656167891911 -0.273687224078731 -0.509428411909673
-0.288187501496006 -0.129611145712102 -0.141273367842153 0.142264999012617
-0.292649499192444 0.143611529644757 0.185419121986821 0.173440396715402
-0.022922810908755 0.294510887438088 0.265227364590851 -0.0538995394516147
0.214478056157026 0.171241474830654 0.156730628359684 -0.10624141374598
0.197614825981477 -0.0674908722813286 0.0571548312890941 -0.0794343880654691
0.0635796513088649 -0.118790997583647 0.0141180072056083 -0.0295029112157285
0.0111263073502561 -0.106837947001527 -0.00900456378794972 0.052076187458645
0.000801380362202094 -0.110785603284613 -0.0192714045176609 0.126640300323989
-0.00530075866835281 -0.116120366667061 -0.027982916425225 0.210656264440654
0.0214178799434127 -0.084305508324192 -0.0853644452014384 0.254305179695572
0.0796315473399993 -0.0692360442703125 -0.218252522953309 0.303267562772489
0.120586382047956 0.0173000302801401 -0.39478532231702 0.193548731094227
0.0603678820578617 0.0877794645730978 -0.477495822903559 -0.0645887272229041
-0.0588140447444292 0.102826062347488 -0.381074136792324 -0.301533979534789
-0.155332361671924 -0.0468918468170487 -0.290032206731425 -0.464588188513899
-0.386202549872966 -0.168059574004743 -0.0919792556058935 0.188653303413172
-0.362375291089502 0.181587215378405 0.140096182934578 0.210900224039521
-0.0364053944417905 0.367659568612759 0.273684254895635 0.0501955762952445
0.254665391583666 0.217616789208381 0.257627078650173 -0.0655527926865484
0.245826532847853 -0.0687611063397615 0.137877459669661 -0.133574066709018
0.0910248963522799 -0.146225185018453 0.0407319231545717 -0.103993308225539
0.0273251541436207 -0.14645408332294 -0.00987781404738805 -0.0117672466225415
0.00694771815428831 -0.156370125973553 -0.0196241311979897 0.0805969373348555
-0.00427317173885369 -0.163780782917415 -0.0174155682248687 0.178302648795033
0.0328844375251612 -0.130290861385589 -0.0774942053224845 0.230456296062381
0.124398365186757 -0.107289095815088 -0.225183228208596 0.277828093882848
0.194505622195638 0.046902723651068 -0.382697186801686 0.158403131631454
0.0777881953517862 0.185809076184312 -0.428600140167035 -0.0825619113413544
-0.147692232616136 0.163700115614955 -0.342951527856107 -0.253142440431087
-0.281335761829952 -0.0939060000974447 -0.26451961705142 -0.393406211154584
-0.424382692504935 -0.185780211998472 -0.0351259721338503 0.262727632709791
-0.366039499150313 0.185518504757202 0.123192741880478 0.292260263815376
-0.0365575564088811 0.36314802455391 0.329207161537029 0.151713252728005
0.236905639022777 0.216199649816438 0.368642355875142 -0.0520128368778342
0.23655680985486 -0.0518861077640818 0.209849215310835 -0.201503658797582
0.0992249208603769 -0.137971581633828 0.0630928708151327 -0.180927337951126
0.0395610210154858 -0.15599481281654 -0.0049923043512913 -0.0821671343600029
0.0118031756127741 -0.178281634869934 -0.0161943677156241 0.0218623506554033
-0.00296285895290177 -0.196136850405708 -0.0138427762760239 0.127314838088636
0.0480722554065042 -0.173283318041949 -0.0821848712641249 0.179981702738578
0.176600626903588 -0.138940106119944 -0.234177284441707 0.211158301956512
0.266045000986734 0.0910678075086884 -0.337900116381236 0.0902099296067814
0.0762532675416595 0.284981071740299 -0.337926297975233 -0.094395220117265
-0.235496698073652 0.202062038003643 -0.283849108241114 -0.187949407397393
-0.36999313550623 -0.133638041911468 -0.204954150774305 -0.308246496459301
-0.413601046956096 -0.178249699461666 0.0336176224362082 0.35279921587502
-0.32696049122291 0.160192092032466 0.160738026230554 0.382126115959837
-0.0444859328875008 0.30592514357713 0.40940155935036 0.199386489683346
0.173129875539516 0.19417488414651 0.44740501793586 -0.0758018007863867
0.190624829913012 -0.0172718878895296 0.248907607271577 -0.263221292628715
0.0947648018470686 -0.104741237193701 0.0783355662606896 -0.241700391057503
0.0457522469433072 -0.139405634799187 0.00549685150094819 -0.144452623540044
0.0153788545094067 -0.172779167069836 -0.0119526336429419 -0.0414555552978435
0.00313896784736902 -0.204340150437495 -0.0187541831711573 0.0597918654088986
0.069513518000226 -0.193011861443975 -0.0874296520861156 0.103114574830627
0.222681717491319 -0.134781726254603 -0.211489216048222 0.114496129389038
0.290120170166581 0.153232329907473 -0.243508491799722 0.0276476878863375
0.0277806101959422 0.347746976834258 -0.233600355004735 -0.056417417378064
-0.300275020628322 0.191762752381212 -0.242791470848966 -0.109404995433964
-0.39741456153518 -0.160913254933253 -0.124339763890076 -0.2217155909212
-0.359366058375758 -0.147458158486079 0.111843709909565 0.435888844023261
-0.267853775407685 0.119942001972434 0.23390367418588 0.437363529197277
-0.0567617429046425 0.228949194084177 0.473170468450888 0.190668623520373
0.0982910853060104 0.165470669107175 0.475551179100074 -0.115606177505046
0.134371142426761 0.0176934330784491 0.257742872308572 -0.303267769920553
0.0815829381895249 -0.0624303530850118 0.0892639074328471 -0.27806152562425
0.0456261142527567 -0.102941228053922 0.0198923480855141 -0.191097356663999
0.0171130784748517 -0.141032276615903 -0.00847256162741082 -0.100346043125498
0.0124558863983749 -0.180068222243249 -0.0262105926074072 -0.0153933117369636
0.0875694062200384 -0.170102673889517 -0.0767923686784626 0.0159786820012363
0.228005588152468 -0.0866764829266334 -0.145665581129066 0.0248041999992056
0.231549837360875 0.200061542168335 -0.128363727678366 0.0182136728581394
-0.0502308116712012 0.323517158721391 -0.174259438973423 0.0310883758445776
-0.305701904010624 0.127916314975796 -0.243575757582771 -0.0524289927209394
-0.349704345957466 -0.167387270285116 -0.0364790428096655 -0.147722832980213
-0.266078032742904 -0.101200117945836 0.187211147342005 0.492466664754479
-0.198792953942854 0.0762596183626432 0.308553807513663 0.453116226755848
-0.0619458529282695 0.151566017182864 0.503290687917384 0.156982573545956
0.0358238741863151 0.128992728496768 0.471411636502501 -0.149028461344979
0.0817678282445476 0.0404124321842321 0.254905978136147 -0.319934699319123
0.061895942617195 -0.0218456532142458 0.0970984050666201 -0.29261632347298
0.0379884785885119 -0.0546794091681692 0.0335703895709118 -0.219345914552278
0.0162436781346983 -0.0876564206466817 -0.00664812011801887 -0.145502979971615
0.0198899294746212 -0.121066295317337 -0.0270849552850339 -0.0823740709049952
0.0827150303046519 -0.104848603763917 -0.0502811103085295 -0.0534064221469994
0.167909795995937 -0.0187392763408728 -0.0637915948170511 -0.0191080498808813
0.110438027276863 0.180165507203827 -0.0510104061881585 0.060269300098896
-0.102039480826633 0.200942618608373 -0.189656659397782 0.116193256470462
-0.223648455226931 0.0401216717161048 -0.265515951567689 -0.0449020131643597
-0.227159043455164 -0.139919815269525 0.0473895516841671 -0.0942978788785219
0.0577688249639929 -0.00134904432097431 -0.17237368886569 0.109896260334112
0.050502342427602 0.0316513722561891 0.231967532151461 0.122433040098167
0.0834088615560916 -0.0236594797810612 0.2375149224112 -0.14648181894442
0.0250718342236605 -0.0669423150193961 0.0480062282949966 -0.122281763833545
-0.043526300058305 -0.0216725396739265 0.00944662404848187 -0.0105411214716703
-0.0311623356800868 0.0327446238747185 0.00701237351182807 0.0360872623125403
-0.015503167134862 0.0382025429877296 0.00516541991582018 0.0995856810236832
-0.0139555561251609 0.0237443338392593 -0.0105475120340976 0.161822069883403
-0.0185084490183035 0.00509958102713859 -0.0450489830465869 0.233912648059232
-0.0182477557177119 -0.00478363413477051 -0.115055736036751 0.274152177189973
-0.00324874409969391 -0.0297197709138215 -0.23238090986284 0.305115764761095
0.0104516603644898 -0.0529669925915281 -0.410315881809213 0.184150146410264
0.0454822898940584 -0.0755629178470022 -0.502316744868692 -0.0767716925777501
0.107210106624708 -0.00536671928146641 -0.354240804793133 -0.368490422056615
0.130044476225002 0.068340890398585 -0.23673545148689 -0.522536314350152
-0.135447683353539 -0.0690021566263735 -0.172911245676702 0.116301773093114
-0.142149804014585 0.0955660239685198 0.224869033038242 0.147663248230357
0.0281274614753869 0.156177439883447 0.266955988349136 -0.128465435428339
0.136633650207327 0.0645897060387477 0.0827842474834685 -0.137607775818691
0.0914339633748382 -0.0551074133665226 0.00305838660541143 -0.0381894564811884
0.0181433234633699 -0.0563451010835406 -0.00317468242158001 0.0228173184989246
-0.00351682389020903 -0.0418784656247155 -0.00353481387784885 0.0937185432637497
-0.00667259387351783 -0.0484759656656247 -0.0139365355566293 0.157163490341706
-0.0105818253122965 -0.0596148456385685 -0.0384524596151317 0.231380449056587
0.00633351800701366 -0.0430368644195109 -0.0997653603149703 0.270212297841919
0.039612263131353 -0.0440625536706557 -0.216683391795067 0.310029052544048
0.0611476007843004 -0.01356399413944 -0.396003425113815 0.203955390757204
0.0469902770957441 0.00267012857354464 -0.499904381455118 -0.0528432294085445
0.0264332255919322 0.043273663341507 -0.39197168238351 -0.334523941624699
-0.0128530717600384 0.00947074874308157 -0.290939855575565 -0.511055234950468
-0.296172596240055 -0.127280764168979 -0.138175920186863 0.140228493597853
-0.294181232832866 0.150567804509271 0.189725443799055 0.157841653724475
-0.0174744087343229 0.29624646945616 0.261399789945656 -0.065327059958624
0.221344375472824 0.168194549125533 0.152743209732671 -0.11071778794146
0.198578717158462 -0.0723527636797864 0.053946661237789 -0.0783886621841191
0.0629867071781994 -0.121938828970773 0.0112002135471485 -0.028524693248771
0.0129598302479246 -0.109026452137766 -0.0093802971674081 0.0510650077767506
-0.0004351808296961 -0.112738305608186 -0.0172622656998369 0.128868862947149
-0.0070058212132845 -0.117748161386134 -0.0257348561405439 0.214235615314197
0.02284880447392 -0.084566074859436 -0.0819444640245116 0.258989707655969
0.0798929288649713 -0.0706490306476795 -0.210369191631432 0.309259397764418
0.122602031418998 0.0180878413803721 -0.390271053113418 0.203818105031885
0.0602173098107669 0.0900970080607851 -0.481168887169385 -0.0518925855539597
-0.0582489282499638 0.104111183641448 -0.390888313862781 -0.293550330810962
-0.159926576086781 -0.0440591659073562 -0.306000015684285 -0.463247252499019
-0.396468318297504 -0.16478208800659 -0.0873797595790715 0.186791118809242
-0.365212225253983 0.188890528332769 0.144288931049357 0.19952394685916
-0.0304396450601326 0.370070521029883 0.272549555400004 0.0407804188985623
0.262550060216393 0.216580828918103 0.257611979102475 -0.0724029387122599
0.248527210987888 -0.0746530467615277 0.13391664965405 -0.135819480746162
0.090478226483456 -0.150073602941546 0.0366122786417543 -0.104359377189777
0.0289777129351912 -0.149370985025409 -0.0113907205085439 -0.0137555616139702
0.00556658662732388 -0.159299643427513 -0.0179816279222464 0.0824241129340159
-0.00614395676252579 -0.16629183961096 -0.0146345505583783 0.181042103617742
0.033604917225034 -0.131713550096826 -0.0740680620568005 0.233612507811761
0.123778166438891 -0.109307007459582 -0.219405711752482 0.284738985003116
0.19893038316354 0.046434676905542 -0.379960953855476 0.168185185979054
0.0801226445998524 0.189016307370798 -0.433513556265127 -0.0718422974852128
-0.147578238665067 0.166683653046341 -0.350272337574635 -0.244891329402996
-0.289573969927897 -0.0891572727589498 -0.278754552035154 -0.391969772410107
-0.435023654651069 -0.18326774790474 -0.0286870282192888 0.262888460890537
-0.368066670621212 0.192041016619055 0.129911632454028 0.285107376479283
-0.0319871773315803 0.365854786077968 0.332579064147361 0.143061262975663
0.243024382844804 0.215894132302502 0.371110823611129 -0.0605997216383336
0.239315894456769 -0.0553686955755179 0.205017094130073 -0.205932921685253
0.0995138153625552 -0.141005256114963 0.0579404255795163 -0.182464976338359
0.0422046418014328 -0.159184670765171 -0.00767636727860894 -0.0848778710243814
0.0105734445556483 -0.181362457331112 -0.0153816201966818 0.0226991250137355
-0.00585694733839037 -0.19904248039792 -0.0110526313390024 0.129629263063855
0.0471771421628107 -0.174540397304765 -0.0794554080325103 0.183379082577944
0.176024032417847 -0.142656319276601 -0.229760048375634 0.218539464667686
0.27234008836275 0.0891763800493596 -0.337116714027185 0.0977435909749525
0.0802253294011342 0.289390247825099 -0.341930716253025 -0.0855918380919072
-0.235039552246936 0.207161839329376 -0.287972928737164 -0.17821669483558
-0.3801138995626 -0.126876372948708 -0.214935318989445 -0.305211559199016
-0.424031590041442 -0.177112437313924 0.0427834320267814 0.355124756202663
-0.330654809102723 0.164995541624293 0.170722730293099 0.377136274222496
-0.0416653897031084 0.307902640015219 0.415391568059298 0.190820817631297
0.178116586314093 0.195610767575286 0.449458219219064 -0.0870720735043075
0.194893667082681 -0.0188808650917839 0.242659379286365 -0.269584751400588
0.0954946313697195 -0.106967313041643 0.0731580364290974 -0.244062893111004
0.0485881412406513 -0.142459198179183 0.00247883322931664 -0.148525724526273
0.0141282398167675 -0.176223821921325 -0.0115066782347037 -0.0421123387163223
0.000105020800887178 -0.207120364038649 -0.0173203383395176 0.0611112954832126
0.0685275557474923 -0.195604038067954 -0.0861541793233243 0.105876328586651
0.223238294523304 -0.140240765279277 -0.210363886149963 0.120097646846434
0.299445012506053 0.153008123659089 -0.243401007881412 0.031871573573024
0.0342397658113775 0.354544022983176 -0.233579404922824 -0.0499776480984165
-0.302450624036444 0.199300635869421 -0.243253699163366 -0.098192944357185
-0.409510997544595 -0.154720636494504 -0.131895796409607 -0.216964713213911
-0.367599115090377 -0.145999274982765 0.122942435269096 0.439762173705525
-0.271842883019536 0.122774375846505 0.246571632026101 0.434977679799273
-0.0556725263091791 0.230920103631388 0.480929332137433 0.18113952022508
0.101611328977063 0.167722374050065 0.476567843818753 -0.127124405909149
0.138280784970914 0.0182856954686808 0.250991121411896 -0.308684659371632
0.0823162310618455 -0.0639194887556773 0.0838213663475867 -0.280257652749156
0.0479479449819094 -0.105797690196561 0.0168275123184874 -0.195494787630033
0.0167847449521355 -0.143500778018579 -0.00870939310211247 -0.102020854351628
0.0103592270031282 -0.182855343493805 -0.0267804687018707 -0.0147569952714534
0.0867133005830716 -0.172907665848662 -0.0783197126122462 0.0174238714754369
0.230050078914 -0.0929085639869439 -0.146695508195095 0.0275225834601882
0.241423387807667 0.201167405878175 -0.126074379210351 0.0187255562811783
-0.0456686240780525 0.331998982446589 -0.170794967270136 0.0388966191331189
-0.308900971255272 0.135045092931619 -0.24241870820724 -0.0376163473304149
-0.362578471314344 -0.161531641468968 -0.0404234261541478 -0.142921770845892
-0.272760917026926 -0.0989590567165402 0.20122189338169 0.496592987086273
-0.201429062403121 0.0788686395873757 0.324740073205215 0.448751471081122
-0.062187221255871 0.153097508575608 0.510535032953655 0.144772971736475
0.0381896358952287 0.132335881272507 0.470258285242434 -0.16111580009005
0.0848076476201896 0.0411705224207023 0.246479305830406 -0.325704710313378
0.0629623730484595 -0.0235705894599263 0.092653553322286 -0.295832819788195
0.0403148340514394 -0.0566767900049207 0.030687605569716 -0.224637730548303
0.0153531043768204 -0.0889110227592419 -0.00871192959963451 -0.147680662821522
0.0185234119373833 -0.123721015492508 -0.0304380377910035 -0.082676603417519
0.0824120513305601 -0.108170431467097 -0.0530166916814682 -0.0533662934506468
0.170546028167421 -0.0230600558290101 -0.0648592522148537 -0.0188705421274966
0.117988403847095 0.183502145604605 -0.046018414442598 0.0592554809052029
-0.0999121522587811 0.209084127597561 -0.181573553277602 0.126168827011386
-0.227494768329562 0.0448867020147664 -0.264759517057963 -0.0284400568959129
-0.236538174148184 -0.135570047649206 0.0462741037433266 -0.0907108298916007
0.0585538729556295 -0.00231855165742751 -0.175418594710536 0.108951206493695
0.0550268187139713 0.032265340063156 0.237425726096642 0.106910211241589
0.0850638515128047 -0.0280999107013004 0.232557895613997 -0.161023794628987
0.0228527308306275 -0.0738223637891032 0.0404292926708768 -0.124223623453009
-0.0464436587703334 -0.0220258212580106 0.0092856553952315 -0.00770293020589085
-0.032059962226036 0.0340834226839346 0.00722178527172759 0.0393193297079233
-0.0144591716470302 0.0390596455618898 0.00595443824907902 0.101851776305
-0.0129864375714547 0.0260262097930197 -0.00741052964656934 0.165999028144143
-0.0197669922840738 0.00569003614737532 -0.042290230371466 0.244013173024351
-0.0184267381273485 -0.00538787899019804 -0.112854137978955 0.286401600228173
-0.00448210597888179 -0.0320626163125915 -0.229680493418147 0.316956972355271
0.0105028338571946 -0.0557137563770736 -0.413959182822736 0.199634432612121
0.0443114260252114 -0.0780532344196578 -0.514067802293827 -0.0627864779012805
0.112249143153458 -0.00763424209984213 -0.37475877909053 -0.370346071731292
0.136867137897901 0.0687909807650575 -0.260883289442946 -0.536479339785464
-0.142764229829863 -0.0684598381677678 -0.174269972990003 0.1160061714552
-0.142670330986018 0.102456615897569 0.232522077032658 0.132110976724285
0.0331786228691544 0.158282618646347 0.264324331621118 -0.144914853577219
0.142584323261417 0.0611947774386157 0.0770280413612212 -0.141974782833142
0.0925488148448569 -0.0598559014553152 0.000605048655029155 -0.0351522281667069
0.0171400347269531 -0.0590306021503075 -0.00377448902371954 0.0255534286179463
-0.00181269506361588 -0.0441099825092188 -0.00296804005779986 0.0951354469143425
-0.00716242333002082 -0.049747991928613 -0.0112617718469118 0.161770633196016
-0.0119995038607606 -0.0615795975519451 -0.0360731241599651 0.240497377600128
0.00712463025768119 -0.0440893964326283 -0.0966432730666326 0.280249319049082
0.0405719975507481 -0.0464316280274881 -0.213541334991203 0.321967658890243
0.0630251878310583 -0.0148143472082294 -0.398792036604967 0.220647133019301
0.0462301129046475 0.00367559356155595 -0.511028247455261 -0.03917255417957
0.0290183310138063 0.0434911451205848 -0.413338526991441 -0.332648544861828
-0.0129605668082837 0.0101406580619519 -0.316343305418329 -0.520549065634774
-0.310838889753587 -0.125169793264755 -0.137642286116736 0.138972975235718
-0.29995814854322 0.162497692191653 0.196099434655296 0.144122785178176
-0.0123414093785647 0.304005719416293 0.25991874301474 -0.0774448096765975
0.233213179011069 0.168154407878563 0.151199357379116 -0.117780147771702
0.203381751486604 -0.0803290532917421 0.0513078550916705 -0.07852625778386
0.0622606460122949 -0.127135491717204 0.00910438379743439 -0.0283316581478791
0.0144260925570806 -0.113183933012828 -0.0106801304930188 0.0510860400774699
-0.00160156821191771 -0.116624171167885 -0.0148763154335247 0.133484633862674
-0.00899259228831036 -0.121867844506085 -0.0226182387336297 0.222090266665572
0.0243535134969044 -0.0876241648347784 -0.0783608608274054 0.268716903652083
0.0821137056814574 -0.0737211976497784 -0.207913273449953 0.321541408443853
0.126607456668376 0.0176586713374693 -0.392557967207194 0.220125404978571
0.0623397975620659 0.0941433382695026 -0.494277461638057 -0.0393028549073053
-0.0580915373425861 0.107369584622093 -0.409292655653369 -0.288880680195098
-0.167170811360235 -0.0410209326955136 -0.33076335996573 -0.471148555975986
-0.415095161445175 -0.163422345955041 -0.083920680421345 0.188040433445824
-0.372615087935205 0.20222498630679 0.149774503437016 0.189976159477805
-0.0248768367723025 0.379629484048473 0.274820994620978 0.0324522869105261
0.276443936157446 0.217375641512291 0.260913891489698 -0.0812521571623971
0.255525763338861 -0.0828478495554475 0.132531149697358 -0.139971250298413
0.0908294288448657 -0.157039133196039 0.033730803585428 -0.106059459057562
0.0305963851233276 -0.155802063509852 -0.0142887714954534 -0.0159767036349534
0.0037245419188776 -0.165365478848879 -0.0164219365796968 0.0855731536874216
-0.00908085111957609 -0.171642472514835 -0.0109147434176398 0.187455070207929
0.0348303832846453 -0.135319134591054 -0.0700687963602057 0.242185693299472
0.125916916212711 -0.114526788249617 -0.217291869868473 0.297743034284482
0.206878548228354 0.045698143326874 -0.383593613787602 0.182870962608849
0.0848163747667017 0.195303849241803 -0.445122523716961 -0.0607686139849765
-0.149129493186886 0.173045112473837 -0.365034826362097 -0.238596448190397
-0.302874117595214 -0.0850174719438625 -0.298554554244265 -0.394538347845356
-0.455443411982433 -0.181922408809185 -0.0219791452640759 0.267207293674091
-0.376979702106167 0.203549405755589 0.137301297589476 0.281393425414693
-0.0278978583716353 0.37571575543629 0.34091710259875 0.137004086366036
0.25553710255563 0.219280387248643 0.37993138009636 -0.0723794553699389
0.247441318974471 -0.0615933924347188 0.203926970974681 -0.214194911062865
0.100943993115614 -0.14705805631183 0.0549019355456232 -0.187676080982638
0.0443293838140491 -0.166261569921504 -0.0115937006425073 -0.0893133738311939
0.00792511945410262 -0.188723208704394 -0.0134743484365937 0.0236221773282529
-0.00875805737633821 -0.205185620255278 -0.00840105553181785 0.133886822328076
0.0477619105017889 -0.180479799336761 -0.0768172569360761 0.190132796103744
0.178798202751873 -0.150616742264736 -0.230115093394216 0.230504594163594
0.284406827682188 0.0885132469357958 -0.340742286865832 0.109884884867218
0.0874345371472244 0.299260649488785 -0.350680605878002 -0.0774030448349894
-0.239517201205448 0.217966823341587 -0.296325767852912 -0.170062215650628
-0.398397399409056 -0.122135860201127 -0.231387965103971 -0.305668266365908
-0.443305421843045 -0.176295062463997 0.0539074177040897 0.362753233999983
-0.340952673069929 0.174320322198166 0.18408212791458 0.378665851888502
-0.0403409606399508 0.316489606909762 0.429453839545999 0.184580016706828
0.187060985284142 0.201377930920757 0.45969955235009 -0.100942049440886
0.202821743314876 -0.0214495412241258 0.239896031831647 -0.280715661561725
0.0978140279420512 -0.111668031381153 0.0693459392510219 -0.251172796830513
0.0518912055519086 -0.148839928595779 -0.00152335789690687 -0.154822465027827
0.0126308867343428 -0.183121652320995 -0.0110493096548363 -0.0439032501589351
-0.00296143813704429 -0.21415207708072 -0.0162587324802665 0.0636661612569902
0.0679539374982469 -0.202134169957804 -0.08611620291791 0.111150021086227
0.226973313427795 -0.150428774916174 -0.212682541587673 0.129877244662331
0.31415918049964 0.152973072672471 -0.247135595671693 0.0377296998426042
0.0430850586809674 0.367915932640393 -0.237561610190031 -0.0438528266453942
-0.308703494181414 0.212272791099366 -0.246824372235769 -0.0869874387847697
-0.429691332106989 -0.148597449528841 -0.142311728474596 -0.21562897708726
-0.385384101693882 -0.145066437190363 0.139644454223648 0.45074149848783
-0.280961057312419 0.129339013487192 0.267155937467109 0.438267487630757
-0.056381232273116 0.237808337047567 0.495502572991282 0.172492838557912
0.107599228271759 0.173374326088781 0.484514980600178 -0.142596876618528
0.145791275873711 0.0175415214365499 0.246465803945481 -0.319820119796324
0.0849472278438788 -0.0671393078719259 0.0809772273617717 -0.288464606193907
0.0513637576733486 -0.110894970804125 0.0128907721264271 -0.204699774054054
0.0154618591748057 -0.148885758336413 -0.00966525579449973 -0.106048096735296
0.00630783401852242 -0.189078868792266 -0.0281590009981518 -0.0138736678875384
0.0874123217274768 -0.180600549276243 -0.081178767802411 0.0193898809287415
0.235373913084799 -0.101138130746962 -0.150250944731921 0.0319348140345554
0.25670525497301 0.20388805156323 -0.126488571905677 0.0205556352832741
-0.0394549177674972 0.347239384033775 -0.167861785297445 0.0478790860481247
-0.316691902587708 0.147245716964947 -0.244808079880966 -0.0232996884595912
-0.38108498508655 -0.156769526617871 -0.0449963412471762 -0.140798344593777
-0.285249690353027 -0.0980071932088141 0.223192666443016 0.508085121992297
-0.208223226215297 0.0835135463390347 0.34794854049893 0.450889044472587
-0.0636276050906278 0.157826785724587 0.526443853969507 0.135274806474977
0.0414017972467999 0.136446167119753 0.476010323661564 -0.176995935074416
0.0896868129489245 0.0419162206042532 0.242328072246279 -0.337212738700524
0.0644222341824487 -0.0258022167132575 0.090743535560418 -0.304833650707149
0.0430428877457352 -0.0603844699348893 0.0279816401198858 -0.234348131255443
0.0150242516357089 -0.0920649339052269 -0.00978655036249507 -0.152873573568525
0.0160917227245841 -0.127897163459457 -0.0331885152852341 -0.0836438325338685
0.0845145782850148 -0.113161060482373 -0.0567997765031728 -0.0542632681342432
0.177355477897081 -0.0283660763977737 -0.0683292194802303 -0.0194590979386435
0.129763686858833 0.189126590339534 -0.0422227677603981 0.0597124927930568
-0.0986194035758569 0.221164685441066 -0.175819760092575 0.140238063632662
-0.234850171130963 0.0514017967441497 -0.26802758805902 -0.011779975725535
-0.250006797041948 -0.133035483719865 0.0462909818242958 -0.0882148098226372
0.0600729852761945 -0.00442365681517108 -0.17753910461131 0.112355183327923
0.0617579118790549 0.0330500292055209 0.244717129981193 0.0864659963666594
0.0874628456646174 -0.035376025349335 0.223372088287794 -0.180682649783202
0.0189769430504307 -0.0831501819743206 0.0302312396195202 -0.126634730030767
-0.0510817446844692 -0.0214731574574314 0.0100211312807473 -0.00485654372322374
-0.032368637426808 0.0367137252366925 0.00915898713916865 0.0430029036896844
-0.0122959843579206 0.0411309606433656 0.00915497689268467 0.104493332809009
-0.011743746887753 0.0286716570799255 -0.00129398989294383 0.171799788229504
-0.0211308668720993 0.0067435218191866 -0.0335964165338704 0.25775353130422
-0.0188839565369874 -0.00548445803906254 -0.10456828340783 0.302811794317118
-0.00644707644981525 -0.0348472297246217 -0.222468859538217 0.336620137428645
0.00892783502298023 -0.0585164011361044 -0.41458658388268 0.226261827354544
0.0412569194245577 -0.0814796921860502 -0.528491376723346 -0.0388872514719806
0.117868494129524 -0.0123210373562268 -0.40646196319596 -0.366200473548392
0.147243241490728 0.0652093117458766 -0.29911618615486 -0.546426633901712
-0.153327121478722 -0.0645163688848868 -0.17514767091348 0.118419099578432
-0.142058121731738 0.113889605357489 0.241968429619855 0.111020855566212
0.0416909158213875 0.159967518876106 0.257596203566186 -0.166410787509599
0.151131515295351 0.0548750323427115 0.0690425899882437 -0.149094194330183
0.0924992826335792 -0.06803721160291 -0.0012185002975415 -0.032358966589884
0.0142874076098579 -0.0626444263183817 -0.00386964118964515 0.0291781043797241
-0.00165264840031614 -0.0469822960821175 -0.00144587141299034 0.0979061080806448
-0.0084950342369787 -0.0509002847414397 -0.00504043966995855 0.168518413382785
-0.0160828370413535 -0.0637804999590865 -0.0275827138977615 0.254139314194735
0.00731538206785994 -0.0470071104432732 -0.0883757792209174 0.295559381125755
0.0403316558509707 -0.050473088155734 -0.204720132445817 0.341036030636864
0.0657544162674268 -0.0173303180597936 -0.397410944770676 0.247014375919522
0.0469160942157629 0.00338501674039009 -0.526832308738378 -0.0151194864907706
0.0324179453306012 0.0431920066201398 -0.442323798763749 -0.322583404247101
-0.0122486395720858 0.0116260168562495 -0.356816912663324 -0.527526135241935
-0.33036111575951 -0.116825394586237 -0.135512812969113 0.141984104691446
-0.303508653897987 0.1826137877619 0.20452320980292 0.127214456123625
0.000418548265781254 0.314562893278266 0.257282267278341 -0.0965531104065594
0.250034759437282 0.16328604345804 0.148350822687482 -0.12730169503567
0.20756908345898 -0.0939355912558834 0.0490425157513898 -0.0794959299483863
0.0586398117278729 -0.134668917483491 0.00727916635612208 -0.0276943125881706
0.0134016019718444 -0.120083481279076 -0.0116184767449709 0.0519539275103696
-0.00522355706280486 -0.12161270237758 -0.0100428641755655 0.139706321168506
-0.014633546506883 -0.126136676284916 -0.0130216225872337 0.233879460899942
0.0237733405892229 -0.0917548097079385 -0.0694521152182172 0.281215591659993
0.0829426211440803 -0.0796093099942274 -0.198911660113932 0.34012673907843
0.13368902440305 0.0146092140360247 -0.392060007413202 0.246893840579717
0.0667950991207571 0.0970503287681496 -0.509723537513016 -0.0141630544086499
-0.0557786154994566 0.112402379846645 -0.437221361373781 -0.277544638793914
-0.176037929763316 -0.0352251389499187 -0.368566294267575 -0.473094349154664
-0.440828138226866 -0.153544967037497 -0.0774148983283866 0.191186432732308
-0.380601581048132 0.225860277168247 0.158758869152505 0.178713817419798
-0.0107633622729839 0.393421358645794 0.279446413734319 0.0192360655956799
0.296144892605951 0.215088085205101 0.265090841829941 -0.0946707971358013
0.262623836990363 -0.0977984903698231 0.12993163386651 -0.147566836520316
0.0872516558412236 -0.166461505706014 0.029663698872611 -0.11002058447773
0.0297298243385699 -0.165800671407685 -0.0186337104298792 -0.0169944885805392
-0.00214151861808643 -0.173341957902683 -0.0129315982929252 0.0896964763163099
-0.016511358490604 -0.178079167627469 -0.00265619985056946 0.19640470317912
0.0326799355080329 -0.141129073335664 -0.0619076794068922 0.253377238433269
0.127356402387988 -0.122762998995002 -0.208894638360397 0.316914227305432
0.217724785436788 0.0411669162140069 -0.384071881636748 0.208207022484668
0.0951477239472318 0.20199769067954 -0.46045389014919 -0.0405798522587057
-0.147978963637071 0.185152326513117 -0.38705500795036 -0.226970799779363
-0.319656628826895 -0.0743474652442358 -0.332271112430287 -0.394830655116828
-0.484008174339878 -0.171975306069058 -0.00895966240201458 0.272761053206488
-0.386283204004624 0.226843104486948 0.151170508802066 0.277331558893917
-0.015549885150989 0.389432073627345 0.355366883633719 0.126448388255675
0.274130317617347 0.218863124197575 0.388845220959283 -0.0923854873063703
0.256266853586336 -0.0739108714863406 0.200180146887892 -0.228231176151404
0.0990221550275397 -0.156917141653864 0.0489005435224738 -0.194697057961991
0.0432505955989084 -0.177487881765983 -0.0187887799966573 -0.093672990828554
0.00194629434472062 -0.19832335371749 -0.012247804735651 0.024486507231232
-0.0175869824319135 -0.21306111896014 -0.00123714442550919 0.140115030346355
0.0443880088625237 -0.18832579862853 -0.0711018037468824 0.200323346589538
0.179348574813748 -0.162583264857857 -0.225930465565471 0.249615693864872
0.301138291867979 0.0816641663906045 -0.345514287198279 0.129179530382124
0.104001228199569 0.310366033778498 -0.362552472241664 -0.0630391016194738
-0.240535514944719 0.236133660070165 -0.311220079500267 -0.158182398586579
-0.421658860726039 -0.109001606997227 -0.255614521214565 -0.302798665401592
-0.471656485646921 -0.16737629341643 0.0739222475727761 0.371683663931448
-0.349582244891579 0.19308988958501 0.206252249123541 0.378416172861033
-0.0320368878127247 0.329175655854266 0.45013279941363 0.170779252499098
0.202856582134997 0.202888897980074 0.470596672488484 -0.126245600188253
0.21160545481246 -0.0298840074586248 0.235289852716903 -0.298134022016601
0.098059207070969 -0.118921364314154 0.0619165917583062 -0.261533843678367
0.0510735867437482 -0.159200391732882 -0.0097673516379701 -0.162411265231689
0.00654156169447538 -0.192240096661205 -0.0109858012510472 -0.0458876777093953
-0.0129194457233268 -0.222926444126634 -0.0125113977616977 0.0670613852980593
0.0641683792069795 -0.211711525506838 -0.0845521166818275 0.119253078530305
0.22983833463215 -0.16574614848867 -0.214800255458707 0.144951956854916
0.337052079703658 0.14671121573433 -0.251537101059872 0.0498114062570694
0.0605463068776106 0.383964756968192 -0.242487666296393 -0.0330181033582433
-0.312918530100142 0.233505723019498 -0.254208575855865 -0.0729659315189308
-0.457436941240806 -0.135128136433399 -0.158567304468482 -0.211862643770645
-0.409343401789727 -0.138029332611038 0.166893641440482 0.460479906436265
-0.289839895326233 0.144940788131486 0.296840046186066 0.437434839637463
-0.0522348506109976 0.247937102057129 0.518890650163644 0.156636105128843
0.118969762439251 0.178526884818059 0.493585412738068 -0.169126798645848
0.155065768724599 0.0132246868022643 0.239128246527291 -0.339197544874025
0.0866633983828864 -0.0730358075684756 0.0722588725532673 -0.300853181387676
0.0519162427213165 -0.119802944834545 0.0047284301816008 -0.215009654466346
0.0102608603742186 -0.156084590809654 -0.0116776553937422 -0.110002225790345
-0.00199258359346586 -0.196834179021768 -0.028386301867958 -0.0120090360936707
0.0838440804977856 -0.190499397886463 -0.083803355434025 0.0243363913442098
0.240612154166669 -0.116624387812709 -0.155547948393308 0.0402380860222388
0.28055006666729 0.202489612009741 -0.12680497950203 0.0250733092286901
-0.025253986099371 0.366159484949468 -0.163808508547729 0.0594642145707646
-0.324923600319946 0.166738900775793 -0.247531075142262 -0.00403119086462534
-0.405580176931396 -0.145411768210081 -0.0535393602394859 -0.137293303471666
-0.303040905980182 -0.0925508958959473 0.257433686602138 0.518217614389389
-0.216013950042159 0.0948167347293229 0.383581197986914 0.449456493096438
-0.0617733772604295 0.166803495962049 0.54785264699134 0.115279215320206
0.0494739335983153 0.141903627347835 0.481461572279107 -0.203705185114736
0.0967305151127175 0.0401019490095931 0.233838147275705 -0.356302413138372
0.0659695633940595 -0.0294407702022071 0.0824325191207758 -0.318128392417032
0.0443169052635305 -0.0662188157609902 0.018521452086115 -0.246659779300394
0.0127234844792572 -0.0969045106497241 -0.0147610776050387 -0.158895690381261
0.0105393216094453 -0.134295493522444 -0.0381127802500926 -0.0827535980519728
0.0840559741957255 -0.122444542946385 -0.063299320900517 -0.0534565058024591
0.183728008103948 -0.0379595126335751 -0.0716717815148798 -0.0180908445770272
0.14727516037815 0.194387473577471 -0.0358274926204837 0.0619695603820404
-0.0932797486216791 0.237987712576212 -0.164962536421033 0.157607153159035
-0.242880494497969 0.0650741574376093 -0.271315150367706 0.0105146794165731
-0.267770073414617 -0.12608328661015 0.043908519411832 -0.0865204615486748
0.0608020244890899 -0.00730165501792041 -0.177160405505246 0.117609251921166
0.0695968067425351 0.0314485435688732 0.248164354554108 0.0602673585976571
0.0880571124618458 -0.0434965573459725 0.205915675426292 -0.201705505945332
0.0103932247852909 -0.0906381340966392 0.0179085250624382 -0.126546921228177
-0.0553830417924925 -0.0190999276101866 0.0117026509652379 -0.0027396488652305
-0.03141366553158 0.0404437334290284 0.0128048364543738 0.0460344447332405
-0.0100295038321872 0.0417344340452205 0.0134255707218743 0.107527726142002
-0.00896995772050443 0.0308647388151405 0.00818268229070461 0.174903398595233
-0.0218998013281812 0.00905237818016042 -0.0182820882702808 0.268465634096073
-0.0197536882098918 -0.0055675469775754 -0.087777566638599 0.317912109464098
-0.00902739471197816 -0.0371471077881895 -0.204836758981167 0.356184748319229
0.0057611667088128 -0.0617667552419382 -0.404855155275785 0.258634552387304
0.0361548633879663 -0.0846118626754225 -0.538867834890106 -0.00268435248136175
0.12194467825159 -0.0209307915626294 -0.44048592121743 -0.346295513390538
0.156964760915056 0.0573188467298975 -0.347550860969347 -0.541955662074349
-0.162728065673031 -0.056548883768854 -0.173159363739651 0.12248379331761
-0.137000181496703 0.126441158433741 0.247438423903679 0.084923177180329
0.0525968792807757 0.159829920299982 0.244155233934367 -0.191330961669785
0.158215950112555 0.0441930496974076 0.0570039367309067 -0.154227495872457
0.0897491243954024 -0.0767004568158089 -0.00267967338970212 -0.0282967345844696
0.00970310986057987 -0.0648905254993905 -0.00195624906908616 0.0330510505942735
-0.00303012757217373 -0.0501991012880426 0.00193019575467798 0.100660615220078
-0.0112074020144438 -0.0520281683646276 0.00385244247140896 0.172725478874821
-0.0206232021412073 -0.0634687555213403 -0.0115373432203807 0.264028342556323
0.0058103573241784 -0.0496557376246337 -0.0720368592519861 0.308896450922756
0.0390699620350678 -0.055033402967816 -0.186825459439506 0.35965715456369
0.0672367432169938 -0.020781690223228 -0.385129114676838 0.277899356122825
0.0471092896388123 0.00279130944498128 -0.534550055791527 0.0218757014215063
0.0377747455987574 0.0407040070792761 -0.474885417040702 -0.300012780056373
-0.0110560294801566 0.0123215577395017 -0.405200723399122 -0.516875194504867
-0.349145124740308 -0.0989895352976377 -0.130437337997871 0.144062345095361
-0.300293955502159 0.207778789561577 0.210630474368315 0.103841985795589
0.0185948213712854 0.321121559335312 0.248620628482683 -0.118028787150305
0.267720546285405 0.150624732843339 0.140661438799067 -0.138702528233142
0.207026745121116 -0.111244406985943 0.0455974935772708 -0.0800973038348716
0.0509247326464998 -0.141515773772617 0.00632320142930805 -0.0262831826593632
0.00839516391331237 -0.12738942206902 -0.0119490863889226 0.0542227689698049
-0.0116048570874762 -0.125460008882454 -0.00213323058286576 0.143311331901459
-0.0224204488248438 -0.12846940979568 0.00191184963231915 0.241902998817783
0.0213660100615364 -0.0961898684530393 -0.0535850418539112 0.292739270558312
0.0814246914555146 -0.0861035073561554 -0.179578354728127 0.359199539178785
0.139075697501676 0.00783717006129769 -0.379148267120692 0.278434786527813
0.0730931576474228 0.0979674957245766 -0.516937798177018 0.0199833571563
-0.0493969954027462 0.117223360948983 -0.465106916301832 -0.253913132734107
-0.18329292539075 -0.0260544382582119 -0.413904471418087 -0.459728607939027
-0.465141714185537 -0.129765054162878 -0.067302444432673 0.193065856883502
-0.378110862412514 0.25699528646618 0.167248146240626 0.162509701085639
0.0107851171252535 0.403359081256661 0.280885622430413 0.000892580161069339
0.317939356170689 0.202322543117791 0.264514943012559 -0.113720398432941
0.263529224615279 -0.118488921502463 0.124210060160213 -0.155426886821823
0.0797744319729846 -0.174972079987936 0.0236803338504537 -0.11337955743148
0.0225785944074183 -0.174936433138862 -0.0230358378335008 -0.0160086191541617
-0.0113560357179298 -0.17954653893389 -0.0071763172795297 0.0924037847148575
-0.0279089381801489 -0.181749764642873 0.0115317628946461 0.202284886279844
0.0277770288376192 -0.147053884676137 -0.0474114753677355 0.262910942475491
0.123646745250495 -0.132486853850409 -0.191721714197232 0.337280710941351
0.227464910968728 0.0298720008923857 -0.3753394601158 0.238831086709751
0.109353360218962 0.203864542577939 -0.469646083063906 -0.00961972203675591
-0.140324034783339 0.197586717370734 -0.408126916720475 -0.204138524747868
-0.334973014100667 -0.0567356456088281 -0.369674222138398 -0.381030714111421
-0.511572964188925 -0.148132746644425 0.00860695908269563 0.274423449351391
-0.385118691499294 0.256559239956999 0.167771096919661 0.266013147147303
0.0044806627632838 0.399959697601981 0.36675405507902 0.106171715054394
0.295561728323313 0.209604180642934 0.392757022355982 -0.119861407823661
0.259429067766043 -0.0918273333901507 0.190378479250865 -0.243353433804866
0.0928935962657434 -0.165524283750579 0.0383576167026569 -0.202340417420644
0.037449917749736 -0.187749530328595 -0.0280576092495094 -0.0952282652898281
-0.00901395680935789 -0.205974514247704 -0.0101783719864184 0.0250980621546726
-0.0307610242230777 -0.21731313724652 0.00997051005258057 0.1434191096894
0.0364947308837296 -0.195445261182108 -0.0594504447355921 0.209354598033849
0.175102475527222 -0.177800697578817 -0.213565112932615 0.270856883707442
0.316842392043769 0.0661989142266803 -0.340971295927021 0.155399159981216
0.125895132511419 0.314824042703912 -0.371332826984698 -0.039825522073887
-0.232569613868402 0.256408020826877 -0.323566905517864 -0.137873263998914
-0.441858320332794 -0.0851199788360209 -0.283413956164862 -0.288806639502977
-0.498539091705997 -0.145207375736958 0.100920274060991 0.372918040646032
-0.351454884062728 0.218940074960892 0.233507889657035 0.368377183724996
-0.0163706417051666 0.339252073281219 0.469081444474276 0.146685737734031
0.22043693847484 0.199432795448309 0.473852286207931 -0.160128816733573
0.216790105250719 -0.0432341580497267 0.220841431337275 -0.315915497771462
0.094143640474736 -0.127249217291948 0.0469607910856103 -0.270843509339096
0.0466807901632558 -0.16997276562335 -0.0223617661672995 -0.166906765908543
-0.00327023211573812 -0.199916629882871 -0.0130380854382761 -0.0483379365030007
-0.0272189516641436 -0.227460782595677 -0.00624362628927003 0.0709403988291772
0.0545430022763636 -0.222228546240312 -0.0790462660551379 0.126856406019635
0.225836606013234 -0.184908283680583 -0.210228050896843 0.163191796693657
0.357838014818513 0.130341593435304 -0.250591363764227 0.0665703434729468
0.0860999217965581 0.39283376917122 -0.243693978800484 -0.0174096188946509
-0.307090923842926 0.259722177450747 -0.258378145300213 -0.0525028167871789
-0.479507390427715 -0.109174657205105 -0.176565684123768 -0.201408894847784
-0.433000383107566 -0.118366893929922 0.204084423256507 0.460603812429439
-0.292064534270436 0.166062160408306 0.333462229300165 0.423735356993827
-0.0422561013418373 0.257599256248618 0.538718439341475 0.127095187339739
0.132528734326817 0.180012961519236 0.493649407195599 -0.205084503441478
0.161810024968143 0.00520043966841609 0.222123656372142 -0.358241204765849
0.0851003145208552 -0.0801518349940928 0.0572164656227042 -0.311511676460611
0.0487551062990775 -0.128781825153502 -0.0097300051996915 -0.221568388245854
0.00266656809110972 -0.163316202414826 -0.0171030970808865 -0.114006832726707
-0.0144867977142132 -0.201927999362529 -0.027964284964503 -0.00963612219187171
0.0758354599893586 -0.201383519551429 -0.084816982007651 0.0298979816260419
0.240431399542885 -0.135629361394467 -0.156686700465244 0.0524100525218121
0.305906818823526 0.191056325367303 -0.124348765160718 0.0316259781919337
-0.00225034407812979 0.380996761472898 -0.154188525014359 0.0725143585842029
-0.323048089802094 0.191812632436021 -0.246471297766776 0.0195305811963145
-0.428239295003509 -0.122515380108282 -0.0628586150743387 -0.130260279276133
-0.320813758663595 -0.0780579723443585 0.300166734000551 0.515681572660826
-0.218316808584434 0.111215833776102 0.425839055131157 0.430070250937087
-0.0565365829599881 0.175197020320737 0.566918503642702 0.0820446054518675
0.058958495333024 0.144826585025924 0.476843423335944 -0.238282993927933
0.103716001208265 0.0352653618227109 0.214635524975517 -0.375096112299459
0.0659406524957606 -0.0338675417411731 0.0671633881345855 -0.331002063100764
0.043380153605289 -0.0720585592033471 0.00497820815512717 -0.255742296754421
0.00863852780240782 -0.100752700037241 -0.0230048805655767 -0.163669940134718
0.00162289732925901 -0.138452865034316 -0.0435686003372427 -0.0810786493113488
0.0788050797097202 -0.131690123465816 -0.0695880742275908 -0.0515014510694441
0.186795703782305 -0.0519975402857997 -0.0764107937498895 -0.0144456638477762
0.167899075603697 0.191391675697833 -0.0284124552592055 0.063217995411998
-0.0808294697465502 0.254966094947861 -0.147661665273237 0.174991326191092
-0.245888474978204 0.0830835321623309 -0.270701184129469 0.0372067982102777
-0.285767695460417 -0.111954060080715 0.0409578067939178 -0.0842637761851894
0.0576104367609967 -0.0134969621933343 -0.159059437642211 0.138957377112567
0.0851137655905207 0.0149068031705698 0.239897993443365 0.0085974193010541
0.079121002909609 -0.0669866300600046 0.157142178777576 -0.228034881260673
-0.0130284746027209 -0.0960291180392726 -0.00317667844187513 -0.119653337221569
-0.0597611768236346 -0.00918025529017614 0.0153071876079496 -0.00494159293358264
-0.0221936647374005 0.0466823116602159 0.0210692647923413 0.042213316324644
-0.000657334659392392 0.0451565839243074 0.0301357127681125 0.103278470744967
-0.000870503987667106 0.0336886433274285 0.0337496179692614 0.171419739402112
-0.0177898085071689 0.0155728392110188 0.0227433308188174 0.270424228702899
-0.0164223073625925 -0.00261049794382387 -0.0423823018465592 0.330021499869341
-0.0124360519334888 -0.0344175761952702 -0.149295874268238 0.379596658506073
0.000632123317858507 -0.0592057501617792 -0.359351505313734 0.313930847199217
0.0254505316796137 -0.0808117462121749 -0.531239408094437 0.0783574862848431
0.120240124198874 -0.0347390589783639 -0.49311734173142 -0.281306568868834
0.162800530210697 0.0360945295504906 -0.423936691246591 -0.490981900681145
-0.174166689488682 -0.0194820847015115 -0.147030873580787 0.134197930055144
-0.101137487862173 0.149686414348843 0.243546136389379 0.0201049017600252
0.082682729415363 0.140144825723674 0.186292684368679 -0.232637511966506
0.163044699887183 0.00696065321719197 0.019898573972966 -0.152846231035065
0.0727239593205229 -0.092950723536077 -0.0021316297133538 -0.0196784291339613
-0.00141723438194942 -0.0632445233570905 0.00752175189419742 0.0357721730565334
-0.0108778047359952 -0.0500826007763417 0.0178773045071825 0.102105272347712
-0.0158931438000771 -0.048511274619979 0.0312145555961862 0.169060372889719
-0.0289321674962502 -0.0572141245828282 0.0289749467488712 0.264723683383601
0.00225829249357847 -0.0511129385828822 -0.0276370308076917 0.319038790441183
0.033038779067954 -0.0596486493281123 -0.131573321571023 0.381407291294161
0.0702100117847038 -0.0286786064270525 -0.33856088474347 0.329322074342842
0.0506524837224181 0.0042116763985903 -0.522017775712068 0.100248070154542
0.046381183626079 0.0387133331483196 -0.517252333318112 -0.227077039222511
-0.012710856368736 0.0182996294447913 -0.47679189935234 -0.452545852518767
-0.366007045903674 -0.0256869358643095 -0.0940825249586351 0.142943074840298
-0.247155844323962 0.262320123365084 0.210930576979065 0.03764737277779
0.0807945830011637 0.308710372670527 0.197693645088767 -0.166347943841128
0.293883323195974 0.0913018803188799 0.0976917673588613 -0.150917141651614
0.182469164167448 -0.149662130491107 0.0363574411516327 -0.0736609294254658
0.0258028103457488 -0.147139872676681 0.00757830550131165 -0.022547256970469
-0.0137425530789701 -0.131554091267021 -0.0035470272757571 0.0622516219011894
-0.0285132655053055 -0.121984917458869 0.0224259579431819 0.141583986328496
-0.0422605979060443 -0.122314816283561 0.039411166714915 0.2407541379713
0.0104388742150079 -0.0996855458832612 -0.0120413261419574 0.3002934429383
0.0702415430220843 -0.0970283173657729 -0.123830723367888 0.381539219147355
0.147191166573505 -0.0108722066593654 -0.334796012384877 0.32790014473854
0.0916966032229915 0.0938708159050879 -0.505924423545223 0.0932479076977405
-0.0285602391218505 0.127523747819721 -0.497715532811035 -0.179325432851674
-0.191032648791243 0.00759103583734251 -0.473325746534514 -0.390047769359451
-0.485743647102487 -0.034565397037929 -0.0192627531372061 0.176686956415293
-0.314904796360977 0.327659261824426 0.179458128679147 0.0994517413486011
0.0891525719951719 0.393482456153321 0.247085295703576 -0.0564477140887486
0.356928558059612 0.132933591268601 0.221333921974434 -0.148701258740716
0.23851897325413 -0.168867624209203 0.0997760349527404 -0.159891623249055
0.0476341167546477 -0.186701117332534 0.0104536376455806 -0.109350139279001
-0.00773084045590464 -0.183405857941498 -0.0271035254382223 -0.00380428142978416
-0.0373410052200905 -0.175536665989433 0.0112633910124993 0.09197794113408
-0.0568641282303353 -0.175174366818137 0.0443927442513225 0.1994917490839
0.00771541614655776 -0.151961237168367 -0.00914256142422814 0.270652988935819
0.103739569155157 -0.149338742829679 -0.13892227590328 0.363386236321459
0.239199787165242 -0.00502995794450999 -0.33954915455987 0.289272924919752
0.14489800135108 0.192731081429301 -0.464126628620731 0.0547830905521152
-0.105360796844561 0.221605875494731 -0.428841447158166 -0.139385083864522
-0.347735167720299 -0.000240216552923922 -0.416099658795984 -0.312646543681649
-0.533695838256556 -0.044132629804377 0.0713657952352497 0.244184399225435
-0.322871431091019 0.329724911410064 0.199581211994685 0.203815495472522
0.0842511250390487 0.391928164411088 0.352613521654545 0.0317770568280943
0.33886106545135 0.145187885640988 0.34677393774565 -0.17977082559332
0.240352820409213 -0.14474035096452 0.149228093499456 -0.259164540085125
0.0625688999022298 -0.181477827859392 0.0084294512796805 -0.198977184270867
0.00276564677118588 -0.199945756975596 -0.0447491564407734 -0.0801068337210826
-0.0395011450516283 -0.20229933039374 -0.00193031816903575 0.0252444914809558
-0.0667096148815082 -0.210836452954172 0.0346781143886666 0.140767651706301
0.00675498814242637 -0.200791717875844 -0.0280939377049372 0.219995130761926
0.145487255609758 -0.202287044097117 -0.171359783768447 0.304084508886946
0.334488401245317 0.0143387448572027 -0.32172838855541 0.200259054836324
0.179260137004294 0.298885935586664 -0.370753768912457 0.00574029074267031
-0.187305469433755 0.295197780859965 -0.330935920256107 -0.0821580636571657
-0.459829667884573 -0.0116495216589623 -0.315288643904812 -0.230205982940327
-0.518517473801858 -0.0425102225291863 0.179683116834745 0.327157843469344
-0.295862994580562 0.287634100962885 0.286278283620795 0.296263714000354
0.0527619721955022 0.335742943596995 0.465769457644959 0.0530636257330305
0.263353030146324 0.149495503870349 0.42293451695655 -0.23681551310614
0.208744950994868 -0.0896339791969746 0.163581446442342 -0.337904373163398
0.0694064369807242 -0.145712538066455 0.00577550308984053 -0.26867493818131
0.0148012290133459 -0.184108210699868 -0.0518641467841562 -0.153781595118841
-0.0345426142445751 -0.198098747510054 -0.0159572748698919 -0.0465334322946706
-0.0657724940501473 -0.22159709993834 0.00865880829259946 0.0705791558635922
0.0189105080064131 -0.229621655547646 -0.0597569454597814 0.141822115183867
0.19222604249907 -0.219598513936758 -0.184768521199622 0.197571839481348
0.387004530784836 0.0696107778601302 -0.246211704431829 0.0969584382308515
0.154153296131368 0.381518726554165 -0.237901235687343 0.00600786937224162
-0.260739870694306 0.309738690859721 -0.248523850236691 -0.00420546897115926
-0.502094585342149 -0.03115421737066 -0.196279238245123 -0.155622916797686
-0.445526455316257 -0.0295270294092344 0.29336309456994 0.400053650331038
-0.246148221302468 0.223326479305552 0.397957295612762 0.338401504192993
0.0134771209961127 0.259797469591403 0.536605419020082 0.0210045616155985
0.173678154162753 0.146050777366086 0.437424905535229 -0.287907068967516
0.162430918819691 -0.0330639763481168 0.156189377577293 -0.381633856244719
0.0676772721822269 -0.0986525291605898 0.00686696103987543 -0.310777209260178
0.0242889585561381 -0.144412422399188 -0.0476091814241185 -0.212156138827059
-0.0234234491335596 -0.163021907652844 -0.0306657731946763 -0.111131449811362
-0.0506769165522712 -0.198459235225747 -0.0253818504859638 -0.00475130305465398
0.0406812132835595 -0.214130641558733 -0.08083389028493 0.0461429311895746
0.214420337593219 -0.174903222533327 -0.15018421391805 0.0792269152410247
0.344637354697643 0.139603001271562 -0.124029143539382 0.0411916675835462
0.0657649519963757 0.382885903501662 -0.130482674038488 0.0827339580652668
-0.286820711331765 0.245368448097579 -0.226329455030774 0.0683685694124468
-0.451874967115721 -0.0530635548880146 -0.0741823764439296 -0.101209257004738
-0.323862046491446 -0.0110811941264091 0.395239155645315 0.442926026664364
-0.181062622449975 0.154961664676224 0.495075727941271 0.33139703504474
-0.0158846336196437 0.1794110493548 0.560268175787346 -0.0251459667768149
0.0935538181338271 0.125391684998469 0.416915783864037 -0.318195720229857
0.110191235489453 0.00664991806193624 0.14453636403433 -0.399357978700914
0.0553177385728947 -0.052574687931956 0.0115072300706134 -0.3318293925394
0.0285426220006844 -0.0862640628796242 -0.0396527981335826 -0.25171317744919
-0.00833260679351059 -0.102730895804928 -0.0463911503042923 -0.158616072583121
-0.0246637548545362 -0.13787081585464 -0.0533093290124378 -0.0726290372600559
0.0548264770000959 -0.145215753691949 -0.0795202057254575 -0.0378492776158783
0.176701819446651 -0.0842294397310771 -0.0809544618728721 -0.0011744713814196
0.208395585199514 0.161630985088987 -0.0195089263474602 0.0580960511414673
-0.0331690678362729 0.269804850916917 -0.104960860521996 0.188272524194088
-0.227030543052628 0.124913835508856 -0.250350426670917 0.0901018800386193
-0.307187777297534 -0.0669506508189165 0.0334319190547172 -0.0735686530683147
0.0567779207295805 -0.015053229274868 -0.154597495140923 0.13616509363813
0.0903648982425841 0.00919878664757772 0.223685377869585 -0.0107888689827396
0.0750222446687668 -0.0711140856566219 0.132503142363767 -0.23018017056952
-0.0217303881297602 -0.0947980126624953 -0.0122295945184546 -0.112612868187905
-0.0607965595466279 -0.00549399459386268 0.0165362513302385 -0.00478059864073624
-0.0191760209280128 0.0474060700816425 0.0249915402282535 0.0418515642896201
0.00207047562883517 0.04449151514074 0.0337380717860069 0.101738846461415
0.00221192708291899 0.0337765355126623 0.0387293766238367 0.167371532786431
-0.0167879030290703 0.0171631995172548 0.0352369092765553 0.265741557469709
-0.0169535831624161 -0.00287437898922513 -0.0254224344815195 0.326731579019116
-0.0156694787919679 -0.0342945312806786 -0.127663258594717 0.377279002601155
-0.00223631635074417 -0.0592722132610222 -0.332060058564944 0.32223058070618
0.0213493023908315 -0.0789751004269703 -0.510195349791277 0.103531540058887
0.117312900262353 -0.0415685623701904 -0.498754454501848 -0.24808679081981
0.16211887247875 0.0262854978414911 -0.445698169656066 -0.459688581488222
-0.173519449544742 -0.00949032858699245 -0.142624802598508 0.130734792448177
-0.0886372778626266 0.152446083304244 0.227884820864572 -0.00316401489734442
0.0874028882520045 0.133054472500871 0.161355088408314 -0.237866331207861
0.159039936330927 -0.00247797676067377 0.00886666975429547 -0.149063279131543
0.0657274604214584 -0.095635786216623 0.00011712312934506 -0.0171771088986382
-0.00384342334246177 -0.0612402763368078 0.0103988662615259 0.0355823238578385
-0.0128943015436213 -0.0502376770701657 0.0214360148624421 0.101204829172742
-0.0168571503667882 -0.0479268229358866 0.0366623202129086 0.165416373356625
-0.0308269826472886 -0.0540598403289694 0.0415052531382738 0.259367467813439
0.000105427666309582 -0.0514173156597255 -0.0130851261151415 0.315111193880618
0.0298591226623387 -0.0606970392348131 -0.109682546368109 0.377359440736408
0.0675320386635698 -0.0313871272612667 -0.311207936481649 0.336736963363863
0.0497587755107745 0.0038402681958049 -0.501584411400524 0.124943825667688
0.0480684103346142 0.0333347870585126 -0.520121434096886 -0.194180992895473
-0.0122445109311012 0.017626903885997 -0.49500267580686 -0.420721805838986
-0.363643448095278 -0.00742217466168834 -0.0904883242001683 0.136384055396575
-0.2278552783511 0.271149720064417 0.196986391808505 0.0166818713098057
0.0933159810627803 0.299971754134437 0.176752948049651 -0.172573396810852
0.293361601412717 0.0752873199201615 0.0861695967801362 -0.152383473490366
0.170993105200767 -0.157203267310813 0.0348485130555565 -0.0723613962821376
0.0189357891386728 -0.144659023646692 0.0068872962469086 -0.0219467257961204
-0.0190586407402618 -0.13092794531498 -0.00195830860895154 0.0634606899128629
-0.0328716719989051 -0.120145310022194 0.0279321707108844 0.138408271478555
-0.0466453437494124 -0.117450902201929 0.0508353005481853 0.235097959896437
0.00741437624135148 -0.0998733292727233 0.00246933651331573 0.294675182125176
0.065177970942391 -0.0981613219578163 -0.101921988522786 0.377404976846848
0.145617930198376 -0.0168372018649307 -0.306938244097521 0.335572623087688
0.094371566149265 0.0900915200307524 -0.48796435936612 0.118221485212906
-0.0215259577847135 0.123513726570806 -0.496938444078244 -0.150123765367712
-0.18901751107321 0.0165645872717879 -0.487848295270201 -0.357905516431045
-0.482518796782032 -0.0103857472661861 -0.014201329960512 0.167315392545425
-0.293640040741316 0.338600525903309 0.170035910362636 0.0806953329828334
0.104785572844468 0.383865575085302 0.233767487196595 -0.0671587265347023
0.358495523029765 0.114606707014008 0.208498737780012 -0.158997774099464
0.225925383548979 -0.17778281541984 0.0927357203123589 -0.160239021868894
0.0397054464057454 -0.184393648085526 0.00499134738911303 -0.108637780132879
-0.0151600899347796 -0.183308798296087 -0.0278408593861846 -0.000400330072198832
-0.044533577086805 -0.173858759006009 0.0146106911368541 0.0892634281854636
-0.0633459208667403 -0.169111737353782 0.0550555266246611 0.192901169664869
0.00286647514530184 -0.149826252640135 0.00399563744624558 0.264976726349508
0.0958592651981535 -0.151441076066089 -0.116441093455654 0.361554405885429
0.237526225681004 -0.0152507020102111 -0.313358713422248 0.297825653389985
0.151770001555267 0.18493207887756 -0.449201324246353 0.0769609383552125
-0.0929895086353639 0.220583103833454 -0.426743915179098 -0.111931907021993
-0.344703821440377 0.0175472138792128 -0.426091468259648 -0.282556904665539
-0.531435974766612 -0.0178856707006876 0.080087179456913 0.230546389089046
-0.303022333557936 0.341167177489721 0.198044469683856 0.183978229362171
0.0978155337250929 0.38316402615985 0.344950732734092 0.0140871948412148
0.341575254237135 0.128671336148494 0.330549169155622 -0.196346852175263
0.229532919281242 -0.153709817320257 0.135030845512468 -0.259406370300758
0.0544989707651958 -0.180010268205017 -0.00042649997054647 -0.19641318198244
-0.00477907106672038 -0.200794488229231 -0.0495959140897845 -0.0751092559930157
-0.0478193013520717 -0.200457040908311 -0.000405134180152109 0.0238464767267915
-0.0749082857929416 -0.20394734183078 0.0427602632870624 0.135607080907428
-0.00179444929336355 -0.198180090646496 -0.0172303140754231 0.216838914425623
0.133633883113033 -0.205682135215654 -0.150999380610153 0.306652026622743
0.332436483993278 -0.00174136822776547 -0.301721407470319 0.210809963389214
0.19221275707995 0.287696877551798 -0.360314640562605 0.022610260263862
-0.169885636410113 0.296792715343482 -0.324540628639473 -0.0620156848735741
-0.457003029490522 0.011746761898328 -0.321321387857157 -0.206105829985691
-0.516278718147744 -0.0179838911753625 0.192183836353756 0.309906397858063
-0.279090934182619 0.297874728002894 0.290902546563564 0.271323530481328
0.0644270913210039 0.329951700266097 0.45820892062601 0.0281134996069553
0.268600905498963 0.137265493587949 0.402236607338992 -0.256261239743072
0.202822440212736 -0.0975113210043731 0.145352032434044 -0.337947413073497
0.0636111878379623 -0.145223122470696 -0.00641354913678642 -0.263966283763579
0.00729052047449317 -0.186088705660079 -0.0590238889643813 -0.147975868459054
-0.0424888547885582 -0.196038386537713 -0.0174208947651684 -0.0472293542606339
-0.0755813571364559 -0.214324193180072 0.0139868359419022 0.067820342924128
0.00827993273564285 -0.227075027889793 -0.0527326660020213 0.141972054982129
0.179091669476449 -0.22580892144714 -0.170353446684392 0.204626544248806
0.38758205220152 0.0491151409522217 -0.233964620532484 0.105098221028756
0.172211584410918 0.370503737899142 -0.227876976968393 0.0143032870474717
-0.241112155999559 0.315907083254744 -0.238165043787177 0.0118036914232344
-0.499406443419827 -0.00605602009933183 -0.198319406886566 -0.138229723705352
-0.445210225998042 -0.00917657821861988 0.310308750756911 0.377072486315723
-0.23262585387721 0.232928293338199 0.405335954703505 0.306155502037743
0.0218429463744905 0.257067951336359 0.526618282680482 -0.00715347790922847
0.178844239642913 0.138818981094956 0.414576597543058 -0.306318370722935
0.159750165893838 -0.0393438118041778 0.136059934487622 -0.379134369893197
0.0628781095176282 -0.0989406255668511 -0.00710538719743775 -0.306542864600012
0.0184066757198197 -0.145804026946132 -0.0580117518098781 -0.207263186738111
-0.0295954828476519 -0.161462180219919 -0.0351540013459142 -0.110873177039406
-0.0591616431261181 -0.191343328496105 -0.0224267769503993 -0.00408558656543144
0.0305736911998696 -0.213142472187343 -0.0789823804604148 0.0492653890269391
0.202504064639746 -0.184776072194487 -0.144164300589745 0.08575283831121
0.350982471686304 0.119063547954984 -0.11637480735892 0.0423504778966783
0.0847274045634442 0.376925544336182 -0.115893716132082 0.0847467666342763
-0.270005310209255 0.255585718877154 -0.210533397013491 0.0828287469598494
-0.451472758733319 -0.0294641408061167 -0.074624119873032 -0.0901695182776349
-0.323189991517029 0.00439202996875158 0.412334599844334 0.413107959764944
-0.172112000253131 0.162250795677566 0.501194171606476 0.29537294710632
-0.0101293451908976 0.179544004195776 0.547066261471775 -0.0541031463413296
0.0985121723169392 0.121831836843937 0.39336999826418 -0.332079986822023
0.109216597977729 0.00164224818390385 0.1228985888478 -0.39435652539904
0.0522583780214472 -0.0528657987376438 -0.00258138013522752 -0.327645113922985
0.0244039548618114 -0.0886903746310058 -0.0513536054672796 -0.246657300876701
-0.0119679495553985 -0.101330423288733 -0.0513482736369476 -0.156329796597926
-0.0310269220519447 -0.133959696093309 -0.0540942673847212 -0.0685826053835042
0.0470866727856567 -0.14584480729887 -0.0818844294198276 -0.0330242348419283
0.170674792489549 -0.0933090117932893 -0.0806999321270499 0.00299193681707257
0.216752248314304 0.149291069148316 -0.0123764672679881 0.0527744590270309
-0.0175890471984246 0.270843363826071 -0.0833268872028167 0.187255724466692
-0.216916483070804 0.13379318050017 -0.233288454555562 0.107242010919547
-0.309112428176883 -0.0497607335621939 0.0339812428647683 -0.0678160479856567
0.0561775579001224 -0.0161917898363086 -0.156215143324091 0.131026703550915
0.094904306358778 0.00421603716503754 0.208195617425523 -0.0234441190395419
0.072308241573838 -0.0739632693855693 0.115745351468172 -0.227962553709277
-0.0279113053019706 -0.092851056131298 -0.0174576316736699 -0.105861351495386
-0.0616199981336912 -0.00304923276659264 0.0177541632319491 -0.00469964341904944
-0.0169823881095135 0.0478441657237932 0.0276566025753532 0.0408887545013305
0.00387053853932693 0.0439678637746368 0.0357937304067572 0.100465398242634
0.00411170308076318 0.0330490236066669 0.0396948278037415 0.165782613784726
-0.0164578242186475 0.0178169037167672 0.0411332001141242 0.262646762772479
-0.0174786952048163 -0.00302654729977307 -0.0179482424890092 0.323454864899848
-0.0172506517290517 -0.0345315414765291 -0.116576622356721 0.371198791799703
-0.00371734336696267 -0.0593330553454717 -0.315753688705205 0.322846434818204
0.019901270018452 -0.076907674126118 -0.495324066767032 0.114687150601245
0.116079534155838 -0.0457706377489597 -0.498558113521208 -0.229543342297178
0.161229228302958 0.0210362436819559 -0.456119266286623 -0.442872412719687
-0.172757706537036 -0.00484465984765474 -0.144182138263019 0.124555009815058
-0.0807050529084242 0.151174126547217 0.211073316236487 -0.0161729889685932
0.0897281687133268 0.128315392816535 0.14252161819651 -0.239011963073027
0.155820268008408 -0.00754556673091755 0.0012237105737237 -0.145916198095708
0.0611166772595803 -0.0963264093460121 0.00233291364339991 -0.0153257843392921
-0.00449228224539868 -0.0599240584886484 0.0131106849647805 0.0355907727166265
-0.0136488240495592 -0.050919252324099 0.0234814584756489 0.101048300247332
-0.016581427980042 -0.0482466535904264 0.0384866310258484 0.163506498159324
-0.0309162969530676 -0.0519260151907004 0.0472594918984029 0.256056012808575
-0.000440554110773528 -0.0516290840247709 -0.00610822551010217 0.310319586937378
0.0283414324220897 -0.0614071372783597 -0.0988463850434149 0.371872851033113
0.0669030915457249 -0.032413678544278 -0.293216642104925 0.33544056717276
0.0493263896696164 0.00438670229950522 -0.487068445662712 0.135169802874461
0.0481558956714327 0.0287108694870081 -0.518053530855313 -0.174896419805301
-0.0119356856934963 0.0163463383685617 -0.502494225383228 -0.40028965330161
-0.361485183527561 0.00237279610149365 -0.0917989087544219 0.128723393962109
-0.216529627956905 0.273634864887165 0.181527635596792 0.00413073452921341
0.0991857928931714 0.29407835599033 0.161137842152227 -0.174337214995949
0.292306830767093 0.0671860515326401 0.0777169298202771 -0.152701454894511
0.1638743996084 -0.160165115220404 0.0351842978850188 -0.0709849976963871
0.0167701201579138 -0.142223533974355 0.0072487853030775 -0.0220586457077789
-0.0216611390391948 -0.131283061953409 -0.000146443125077623 0.0644149448023741
-0.03503024597294 -0.120608357544743 0.0293926196017694 0.136546866773177
-0.0473952944802203 -0.114817620724664 0.0564395353694937 0.230091093291873
0.00607653401127925 -0.0990882859436152 0.00820397826695626 0.290203131557652
0.0628378242826262 -0.0985906856345306 -0.0904050566499104 0.372353383176254
0.144822951094434 -0.0192876706038153 -0.288687922295237 0.335061165147318
0.0954987250321614 0.0884734606807685 -0.474334121244532 0.128155338450427
-0.0188368457935069 0.118766414312658 -0.493091664163117 -0.131864610142664
-0.18751779667141 0.0202228750385354 -0.493783850461828 -0.339254744905684
-0.480047317654407 0.00101589179960532 -0.0146884344719359 0.158901840819753
-0.280250353942427 0.341448442796138 0.157976487971254 0.069218461553666
0.111581181276393 0.37809687071099 0.222714541482963 -0.071245417135087
0.358874642488615 0.105064732187702 0.198639386578375 -0.163129475722527
0.218179186947891 -0.181339663784631 0.0892026273982888 -0.159877411827483
0.0370762609572971 -0.182165782917383 0.002786862023482 -0.108009911605036
-0.0189002477724132 -0.184173729915445 -0.0282878538074253 0.00222071733287239
-0.0471285415549169 -0.173522165834898 0.0163182606672322 0.087219290936478
-0.0650262273244847 -0.165247627831622 0.0595638708171642 0.188229885264674
0.00110053925482842 -0.14837545939631 0.00923972007112803 0.260155236507247
0.0924358912058646 -0.151395256024021 -0.104723259715717 0.358427054275181
0.235609965193604 -0.0202413136660846 -0.297452102448904 0.299126504466129
0.15487500926994 0.180898685785009 -0.438284040114993 0.0854122718246461
-0.0877802438271598 0.216064791084755 -0.422669430134065 -0.0958123780794377
-0.342915680457937 0.0260738932889885 -0.429273272682039 -0.266302892793025
-0.529159601833101 -0.00541264976435532 0.0818660019376845 0.220747312482357
-0.291669550650113 0.344510230468556 0.191552281542277 0.170577617462575
0.103623400955853 0.378167500557941 0.336591480292413 0.00618019686071692
0.342462591172512 0.12107326196615 0.319225930976737 -0.20551315497897
0.223774642998688 -0.156637446206685 0.128650954708295 -0.259070750957434
0.0519021808483504 -0.177482414010681 -0.00524531336679504 -0.194781617005927
-0.00920486538408981 -0.202121294432184 -0.0510421385617043 -0.0717936957352057
-0.0518623405269179 -0.200143220667637 0.00015562554886627 0.0223088055121339
-0.0781528194344729 -0.1983848806371 0.0475344115317251 0.131234235976773
-0.0048087567865642 -0.195222080448944 -0.0123135635055657 0.213269927413343
0.127591607722464 -0.206186315025389 -0.139122540806407 0.306253631733226
0.330175377525468 -0.0094636394058685 -0.288551835580706 0.212546632843203
0.197765481314513 0.281780862350467 -0.351433083957851 0.0291415873931133
-0.16232271697123 0.294173409043674 -0.317985141484049 -0.0498412431897439
-0.453704975761367 0.0224399717137181 -0.321898045262279 -0.191446869612597
-0.515791507092779 -0.00629889732680055 0.196246249048693 0.297400152885349
-0.269665508074812 0.301297629818414 0.288137301882811 0.25623314419838
0.0682690568511596 0.325992847633391 0.450125126615379 0.0166178844374271
0.270069067290715 0.132883820948304 0.388954246713205 -0.266428280465566
0.19913028179308 -0.10023171336478 0.135934375956969 -0.335847133195583
0.0619011456867813 -0.143578939874171 -0.0122876812017859 -0.261867743726426
0.00379809117881214 -0.187726970870781 -0.0626000060943311 -0.14406456620061
-0.0457282244101646 -0.196266109169545 -0.0179108522137413 -0.0489506358203485
-0.079048821399864 -0.209376752125402 0.0178096730803908 0.0644096781514254
0.00355706384790967 -0.224870320313823 -0.0498031027583083 0.14090450058999
0.171146472916789 -0.228482027801534 -0.162048492206945 0.206514137648549
0.387845655326899 0.0375763830787911 -0.225918433530966 0.105120110990856
0.181217174496954 0.364710830907983 -0.219523431817576 0.0167120402978137
-0.232014613183884 0.316317147253681 -0.228632724855668 0.0211430928203605
-0.497622738438473 0.00825207012866951 -0.197165140486175 -0.12654971866495
-0.443809068710593 0.00233428453472076 0.316230079021404 0.362376918763789
-0.225476349004678 0.236440186759123 0.405086494942551 0.286875185378846
0.0245910179990525 0.25639008277186 0.517848818807127 -0.0209118021615311
0.182283667034565 0.136392252122338 0.397841953139349 -0.314230314958226
0.1590013385873 -0.0415133004811886 0.125453924165425 -0.37459449320145
0.0617834427150469 -0.0981218170533123 -0.0139678515152321 -0.303419463343148
0.0153074866452837 -0.14769183284006 -0.0622129220999081 -0.204504637505816
-0.0322954349200846 -0.161333820869991 -0.036604852774823 -0.111967685775981
-0.0628169998353538 -0.186941627011451 -0.0204000387950031 -0.00428943420008079
0.025216205348495 -0.211930498199021 -0.0792342904743782 0.0511051954048736
0.195640267158341 -0.189331413424189 -0.140058065503196 0.0895015605541205
0.353992511058954 0.107792399653192 -0.111164624281441 0.0398146570617378
0.0961116304964077 0.373474651855112 -0.105302592621221 0.0825016091896893
-0.260793647713124 0.257708208708435 -0.197980261253076 0.0916372629584756
-0.450738497032229 -0.0170839475531503 -0.0724868289689119 -0.0818674912938815
-0.323380662445615 0.0128984676588929 0.419802256433988 0.398062292525134
-0.165803610440433 0.165201404303487 0.500088980854588 0.272574731203553
-0.00755139432244747 0.180023003948193 0.535782726559175 -0.0685042877292953
0.102368927894134 0.120701524172575 0.375306939927574 -0.339446594693694
0.109751273260266 -0.000643176937955712 0.112740290749232 -0.38934982727171
0.0507924097595007 -0.0517681652802174 -0.00980830496125651 -0.324864249550476
0.0229124694721206 -0.0901083229549908 -0.0569634064629582 -0.244987744487324
-0.012640697958998 -0.10175639219764 -0.0543690833039998 -0.156159979089438
-0.0336364755418531 -0.130664650522505 -0.053215810203018 -0.06655433756171
0.0433915094165847 -0.146572149651718 -0.0848013590497293 -0.029898821490297
0.167400959654814 -0.0981934667381344 -0.0802072299981755 0.00550957905808311
0.222546630005424 0.141341792538621 -0.00717777114164186 0.0466517617504279
-0.00794181785117671 0.271904416295097 -0.0674439315775392 0.18322492846162
-0.210429110060913 0.13683843983235 -0.218928207839989 0.117790244337139
-0.310490861603689 -0.0402958687986418 0.0360702798337597 -0.0622847931439801
0.0571017703349483 -0.0162225604679944 -0.161652513950774 0.127743507683599
0.100218710937048 -0.00106062672424479 0.197254969700998 -0.0316069517913897
0.072754153139979 -0.0779612938776927 0.103816338071993 -0.22820635651379
-0.0324701033806645 -0.0932588661251291 -0.0219870705794351 -0.101471517738527
-0.063216625742595 -0.0010483158596331 0.0189065262537696 -0.00382100987008962
-0.0154633764692883 0.0484306253186984 0.0305585362886892 0.0405019062066013
0.00485950770087171 0.0443496398711684 0.0377123754287563 0.101441638220445
0.00563795631170593 0.0328277379163808 0.0400711344524171 0.168162306744258
-0.0152562094871352 0.0191793928870758 0.0437203373195899 0.264642881629866
-0.0183723543481126 -0.00367769002385795 -0.0150861746541475 0.325951978349346
-0.0187650821663874 -0.0357163259650374 -0.114063101175293 0.371509611913432
-0.00380914676046528 -0.0604087834884871 -0.310603116503 0.323291434141322
0.0198606303667483 -0.0763140829546743 -0.490491737628366 0.120217702480209
0.117177733697263 -0.0498408203844585 -0.504379904450228 -0.221124546669173
0.162760897959203 0.0183621685625008 -0.470679082419523 -0.438299055796089
-0.174934738293666 -0.0017279201385692 -0.150572155733489 0.120520507888672
-0.0753182890029194 0.152252498101271 0.198626646069824 -0.0259394422419587
0.0915733213320143 0.127614159918279 0.130867009256049 -0.240751851161887
0.155823784729845 -0.0106323301559217 -0.00530886945034237 -0.14410843960584
0.0593423970888671 -0.0978048040879256 0.00428016849926893 -0.0150951877812525
-0.00404547148755045 -0.0597850475490184 0.0154899949540891 0.0357306397571686
-0.0141959467005463 -0.0523575039076635 0.0253904967140696 0.102432202706387
-0.0168962310317674 -0.0502342002319984 0.0388185796077517 0.165811186226822
-0.0306507425953721 -0.0514025575169409 0.0507494832087957 0.257973076317179
-6.74376782095441E-06 -0.0524792828358153 -0.00465836301348626 0.312647966267205
0.0275616692714187 -0.062630967869715 -0.0946437822965821 0.372083921951315
0.0678751547308297 -0.0334782248814318 -0.286681021237784 0.336778398813711
0.0502703011505678 0.00495512331301534 -0.483003196708728 0.142175639761067
0.0483448344416617 0.0249381142364441 -0.522912333113741 -0.164776164701495
-0.0126082035183503 0.0159172975173407 -0.515577730728592 -0.394487603910224
-0.366976908949504 0.00707570797428872 -0.0967850092013076 0.124495384628414
-0.211482551440973 0.277212768280847 0.169134431183616 -0.00523896129736318
0.10291367364015 0.294971381098282 0.152071540194719 -0.175586188194899
0.296250875521625 0.0627053761129268 0.0719172668809736 -0.154079950390361
0.161694352846276 -0.163233747161603 0.0368145517728633 -0.0713264164754357
0.0165390479176489 -0.142964670486556 0.00808159579486286 -0.0225316886466077
-0.0231336459600284 -0.134237819119842 0.000376694599762246 0.0660143081233894
-0.0358042182066632 -0.123070649028855 0.0301300278563316 0.137666452459685
-0.0472748958593571 -0.114822966553925 0.0603239815888415 0.231007608595003
0.00637572342530192 -0.10010680865768 0.00948732690309951 0.29153040850072
0.0633732306263096 -0.0997792251341912 -0.0859551875284469 0.372865384700182
0.146835315638029 -0.020568426748795 -0.282254234013733 0.336910519592749
0.0968987239578142 0.0895630420201398 -0.470842893853561 0.135030266133914
-0.0185668014687612 0.115838420028946 -0.49702237198685 -0.121183146349113
-0.190036076671955 0.0225562550788149 -0.504165442089841 -0.33232310460769
-0.48733492185317 0.00674711863113832 -0.0171905664701896 0.154429757448591
-0.277399698049079 0.346876930408539 0.148354258305971 0.0630035070036237
0.115804022148964 0.379852330409416 0.216812804813952 -0.0724091855018673
0.363671829133784 0.101637128054806 0.194257835843092 -0.168105096316549
0.217292977663552 -0.185697413693227 0.0901807002174696 -0.162324276057814
0.0369453389039405 -0.183198866788405 0.00209779329513232 -0.108999013606358
-0.0209650251044216 -0.188587024405027 -0.0282989372121741 0.00346754342703117
-0.0494688856632472 -0.177495258176687 0.0168069624648362 0.0874273495219353
-0.0652227789682109 -0.165030313786917 0.0638412249915529 0.187625010286861
0.0018274447403154 -0.149680890759678 0.0105973364369585 0.260981483819654
0.0918276929338666 -0.152951474103739 -0.0988903258518683 0.360631374141769
0.238951842102696 -0.0222725021286503 -0.291745811519286 0.300567375767333
0.158360970237056 0.182327041148263 -0.436329118789351 0.0923412638581507
-0.087825608885501 0.214699112593552 -0.424273888841867 -0.0879047274707325
-0.346923331655674 0.0302945940238695 -0.435684374182429 -0.259799820338916
-0.538407441726188 0.000563660355535655 0.082433810649164 0.217098673354634
-0.289739074073169 0.349117813350358 0.185253207052802 0.166369671602739
0.106758454205346 0.380921798884072 0.334474452218161 0.00245206569509311
0.348413829436593 0.119097816013579 0.314397502566432 -0.213513944399167
0.224512603508236 -0.15991302004401 0.127529540205024 -0.262615870074374
0.0534614683127545 -0.178477501898322 -0.00756582993695474 -0.196810080582118
-0.0109593977162432 -0.206400970950068 -0.0520527614943692 -0.0713184755162388
-0.0538207362979886 -0.204632829359237 -0.000149566743965736 0.0207676242261703
-0.0785275526928957 -0.198937584167627 0.0505958202765728 0.129539267244777
-0.00498413095504091 -0.196671468688262 -0.0118018302152618 0.214596863152985
0.12619686220969 -0.209218254576646 -0.135291114674684 0.309597769935625
0.334949337087862 -0.0140360779908473 -0.285126463474061 0.213427866030765
0.203545620305338 0.283115813600451 -0.34990938492162 0.0328849123675872
-0.161305681244837 0.295019474943958 -0.316716766881884 -0.0426187379057056
-0.461183638220825 0.0290465028387466 -0.326561692092846 -0.185779714361557
-0.524560025501981 -0.000601526599785856 0.200655602245057 0.2945143207636
-0.268750584586182 0.306668823495424 0.286488358991963 0.249515251044306
0.0697489403155445 0.330126680508227 0.451216123626737 0.0102319782285738
0.276013405102115 0.132666931264602 0.383893589966977 -0.276635932531329
0.201734719461064 -0.101753957469201 0.133405545156689 -0.33909745378131
0.0642790129759727 -0.143865226970597 -0.015337470271849 -0.263571176078404
0.00235495594838656 -0.192097186009199 -0.064402371542287 -0.144243439330546
-0.0483742048190512 -0.200397056342285 -0.0188179023135765 -0.0516694206170309
-0.0796922065954174 -0.208302760779521 0.0208976811497885 0.0625376941039413
0.00245706373429695 -0.225951071371617 -0.0500267818530011 0.143279911008481
0.169254173493244 -0.232825687632815 -0.158906717894032 0.210551603474014
0.394647484033464 0.0315039469184302 -0.224315121501887 0.10401021204362
0.189624186574434 0.366845887881373 -0.216666754987063 0.0163746375004027
-0.23087524994083 0.318690548157232 -0.223027008859732 0.0278307916423152
-0.505124811271526 0.016909170315232 -0.197241650832817 -0.120705784490812
-0.452930338008871 0.0074968033778469 0.32392674565311 0.359463030906655
-0.225077770326224 0.241078701810988 0.40771419912384 0.278012862035406
0.0250639238535189 0.260461814866392 0.518634967696424 -0.0296179692799637
0.187420745778369 0.13841624792346 0.392679332892336 -0.324189442416275
0.161464268025556 -0.0428115736324189 0.121565740490054 -0.376280239100798
0.0633345243678426 -0.097632011716627 -0.0166736829165824 -0.3053113436624
0.0136476257527431 -0.151606853468009 -0.0643731110504605 -0.206070230984276
-0.0335735609695056 -0.164901927042666 -0.037930721425831 -0.115870505841809
-0.0645694814168175 -0.187373729118875 -0.0183972043204422 -0.00594942945360396
0.0235455107419974 -0.213121120092841 -0.081059828696448 0.0539267897360745
0.194724619724046 -0.193979718840789 -0.140291925684972 0.0926063984230832
0.362360512855586 0.102448925802998 -0.109474685470392 0.0360029133774226
0.103798324969351 0.378512406208293 -0.0978564496300943 0.0800906768040958
-0.260985141196569 0.261212924193091 -0.189757019397025 0.0995950236437311
-0.45827980905876 -0.009699684171055 -0.0705597044866653 -0.0766881033465219
-0.330075902675631 0.0166344580878795 0.42942131190203 0.394144491501252
-0.165677368813418 0.16847872736761 0.505262109133502 0.262322177926305
-0.0073803150733242 0.184356004913935 0.537803728404141 -0.0782721649422134
0.105885944029198 0.122371278834824 0.368141565486984 -0.346217456899638
0.111288300718105 -0.00115965225735148 0.10881729855034 -0.389561665283939
0.0515019135289324 -0.0511024016870956 -0.0119332951636126 -0.327573519379577
0.0213357191235594 -0.0924820057353139 -0.0595917705205126 -0.247813033218065
-0.0129490978525253 -0.104077130143857 -0.0548929222573386 -0.160110659668873
-0.0350506321718687 -0.129653387302505 -0.0522472841237872 -0.0666259052063667
0.041920052422429 -0.148147628633522 -0.0889154218061115 -0.0273345349360796
0.166974828741993 -0.10242465363677 -0.0809497435331666 0.00640997912845321
0.230149706824483 0.138472904322117 -0.0044257758286426 0.0404450824655545
-0.00211028627989969 0.277300373540071 -0.0575943259886042 0.181216544978531
-0.211850316776592 0.139059769638247 -0.209562239704031 0.127071550038887
-0.317347954799703 -0.0348909366562988 0.0399633640074109 -0.0584247620222383
0.059667454688874 -0.016894368535582 -0.170978415497186 0.128067687500191
0.10785090994141 -0.0075932918321343 0.19006354462155 -0.0412846156990457
0.0738535049295601 -0.0837691971611692 0.0941746970673661 -0.234416154972302
-0.0380771233128412 -0.0944130114702517 -0.0272102938977141 -0.098986163268485
-0.0664802281072594 0.000888246155883567 0.0211815448311874 -0.002991895808987
-0.0144112732966165 0.0504973925255458 0.0346482562711861 0.0408014847557171
0.00631088474360913 0.044863046550227 0.041178317480144 0.103752405592771
0.00780482589117249 0.0338159876595664 0.0426745489999022 0.175483506221467
-0.0150202594771976 0.0206356935876463 0.04931013103337 0.273648441867624
-0.0195357142569035 -0.0037221311126034 -0.0105397700031592 0.337080226933913
-0.0214670984646354 -0.0373951246996531 -0.110723477794043 0.381983949075222
-0.00532540774534858 -0.0631285246558564 -0.310453732801547 0.335432818594428
0.0199496412751956 -0.0778100290005577 -0.497024146310812 0.13190922454703
0.119564316594375 -0.0554532022572371 -0.522378801735103 -0.214758878092808
0.16848380672851 0.0151943616700894 -0.49717034804328 -0.440821029847944
-0.182359664035981 0.00262863462649216 -0.15987691070354 0.120541534644884
-0.0716438760695579 0.155414468372262 0.190110699506928 -0.0360242326194347
0.0969635328393785 0.128761188199779 0.11950450516794 -0.249680912489552
0.159993861586098 -0.0151109479125206 -0.0132950711044784 -0.145542568632963
0.0582851690792689 -0.101849670188593 0.00647211716920745 -0.0149105052126307
-0.00459630553136675 -0.0614350046077809 0.0188149728342895 0.0364689107453383
-0.016060660740639 -0.0548177039709742 0.0278518679664791 0.105371558013436
-0.0177260764936294 -0.052322266780045 0.0417609671776046 0.17161349285082
-0.0313915209180134 -0.0526579482303845 0.057142948378111 0.265252333181919
-0.000781926876766422 -0.0549348675570748 0.000413759092729801 0.32255571730259
0.0273887423227545 -0.0653736048164686 -0.0917985819643008 0.382246812991864
0.0701178790546099 -0.0355831177215824 -0.28590639237917 0.348245158824312
0.0518677231256357 0.00612270983369849 -0.489735543357459 0.154343470890134
0.0491080841072494 0.0215225625437962 -0.540157582454715 -0.155834305508454
-0.0133675807562875 0.0158944603617799 -0.544449636270807 -0.396350049286452
-0.381050768416372 0.014468314852318 -0.103631611661979 0.12394475663348
-0.21067217533827 0.287690762765352 0.160699247711207 -0.0130273271438132
0.111840153203841 0.303169473031791 0.144571213367021 -0.182876919041302
0.308021181417197 0.0594952004869542 0.0660291658692123 -0.158374334119483
0.163605102068392 -0.172327944716733 0.0389000259894703 -0.0738061314616102
0.0161365017309938 -0.147302023719778 0.00932908554430237 -0.0237598193086059
-0.0266687451160228 -0.140429731148382 0.00218921769742307 0.0682766778896186
-0.0392441189021373 -0.129917128044626 0.03212002338388 0.142707721936362
-0.0495528591317703 -0.117218539641647 0.0667623671535143 0.237694405990251
0.0067099183051616 -0.104251510027409 0.0135719376835326 0.300334072632552
0.0643769143227139 -0.103911737677615 -0.0810572019170064 0.383707743770704
0.15301623856495 -0.0228760117819862 -0.280943345304356 0.347803482637322
0.101727973414222 0.0925279481583894 -0.478062370682225 0.147624309130395
-0.0198204233429746 0.115627142728106 -0.512656521511896 -0.110406527862036
-0.197446918683454 0.0259623771489715 -0.52923906555791 -0.330923071564205
-0.506611397735471 0.0166529140721203 -0.0196284436907162 0.154171439784816
-0.278322799458178 0.361046284401649 0.141960733601116 0.0580485469834731
0.125450920596322 0.391673386477694 0.216375506827492 -0.0777417029381298
0.379582610597523 0.0988347137932767 0.191710380701641 -0.177582603070364
0.220539498925131 -0.196154927677021 0.0919145284250804 -0.169394449317623
0.0378223175549535 -0.188945039318096 0.000313176679286402 -0.113568986615505
-0.0252654775702172 -0.196742519187742 -0.0286453091320727 0.00482117975510283
-0.0543601480363449 -0.186054341399574 0.0177581026762524 0.089860831078362
-0.0679439904172888 -0.169497292084527 0.0695505485240557 0.190526663017961
0.00081836234785543 -0.154624597082872 0.0149849243095037 0.269925559417057
0.0932322797240128 -0.158933304010724 -0.0941001108123614 0.371659321091196
0.248569644536226 -0.0266527528958129 -0.290927088378967 0.31175964888838
0.16666598755791 0.187043038459277 -0.444961630834108 0.102942085358806
-0.0900059548577295 0.219237670869658 -0.434938233225881 -0.0777089857854311
-0.360910808303857 0.0383603854020086 -0.456872604214486 -0.255777792526883
-0.559718212210543 0.0100698874396751 0.0856897586132077 0.218121544744027
-0.293170249515229 0.364978241139457 0.184786921291463 0.16443171428221
0.114806541564505 0.393328935997577 0.341913025412251 -0.00283423923097883
0.363395204445672 0.119587759199073 0.315827431127276 -0.228248070171679
0.229673297059294 -0.168466890228443 0.12742412910016 -0.273432207286422
0.0564159808716045 -0.184418980273439 -0.0112337076910093 -0.203690681886649
-0.0145988039217114 -0.216273413633516 -0.054694338912771 -0.0719911593668371
-0.0599544132598852 -0.213951220397838 -0.000408710456864635 0.0196315115774254
-0.0827333887340868 -0.20355655485856 0.0559819896969694 0.129576904478043
-0.00649094864659462 -0.202788332055912 -0.00941002779203232 0.22197427346761
0.126148178773506 -0.217335197354655 -0.131181764781554 0.321686982339875
0.348770878091452 -0.0216781696053849 -0.287209787981004 0.222953629329526
0.217012996806262 0.289602045794643 -0.357750561266166 0.0382486612994642
-0.164739297449736 0.303536753717896 -0.322296717573852 -0.0333921363891777
-0.479898770021927 0.0403047483792416 -0.340455990885493 -0.18106982343434
-0.547908342579298 0.00857020474675353 0.212252274117856 0.29783949863439
-0.273557219169436 0.319516805445345 0.293586009645577 0.248451700278835
0.0750058764883337 0.34264549268732 0.462782953350056 -3.81060181743954E-05
0.289399426953868 0.13520096859316 0.385279536160395 -0.294574004640136
0.208251206950029 -0.108061249890214 0.132415780507871 -0.352065313501472
0.0676196749819632 -0.14845895267795 -0.0204868482503212 -0.272186340116122
-0.000707866923052398 -0.201846751497349 -0.069110318511717 -0.148221380503851
-0.0534089212121262 -0.209431610175584 -0.0212348002600869 -0.0556105799710736
-0.084538112343414 -0.213753066166176 0.0238837625587993 0.0610823879077292
-0.000727550985726263 -0.2334581921683 -0.0501464775832488 0.149961274626749
0.170284642484113 -0.243475815338524 -0.158960754116642 0.220513863322659
0.411011950295091 0.0243152405511251 -0.227461285813555 0.107411869860373
0.204349780821222 0.378071143258455 -0.21940152678673 0.0171785273787869
-0.235175580447301 0.330687287278737 -0.222160534739114 0.037004053732473
-0.526143043849624 0.0283440448005025 -0.203991229567518 -0.116470011460368
-0.47178416720265 0.0155898176301833 0.342571486740289 0.362980721536966
-0.23039713912158 0.251723154352468 0.420938927065358 0.274580734053584
0.0283639150156608 0.271086764192627 0.530813033796363 -0.0440210778125098
0.19854377743734 0.143323077407015 0.393294489933852 -0.343583088559951
0.168256642960762 -0.0458523314039051 0.119143103999794 -0.388447180671781
0.0668005549427363 -0.100396296384159 -0.0215217420474829 -0.315198122728587
0.0120360108367155 -0.159456195076136 -0.0710179365003306 -0.213360598998971
-0.037027777146504 -0.172735529670771 -0.0414969336771694 -0.121951984254366
-0.0684455857814406 -0.191232693315637 -0.0173435662676879 -0.00814253425783884
0.0207544148911427 -0.220829740553961 -0.0844713113849735 0.0590117884368816
0.196944611769319 -0.20544667184226 -0.141749219834519 0.0987327348759427
0.379298546582328 0.0973707327551206 -0.111306675961958 0.0336518369028049
0.116958345273549 0.391230829699915 -0.0942752370420646 0.0796379211670176
-0.267244931738729 0.272339492269615 -0.184756194875867 0.111203382751166
-0.477408378110471 0.00176788772857433 -0.0707528404781956 -0.0731382232668183
-0.345025633598626 0.0242869820121802 0.453108071723966 0.397441668908657
-0.16805711772361 0.175647327077037 0.522218032902337 0.253575072414833
-0.00613705572183346 0.192810997637007 0.548965552220303 -0.0942082376612251
0.112725506147512 0.127445511231543 0.368659678496559 -0.364659648389252
0.116424346900012 -0.0023607843524848 0.105187375851689 -0.400598867190924
0.0530850304163358 -0.0516512914128183 -0.0169461327707705 -0.338246395936904
0.0203876886964891 -0.0973911904057467 -0.0660255464565973 -0.255962927650884
-0.0145777303635284 -0.109982671840244 -0.060083009534575 -0.16703989681871
-0.0375611198944943 -0.132464302839373 -0.053993629209084 -0.0690199407203546
0.0407295143050414 -0.154558889861394 -0.0943564758735431 -0.0236029196694636
0.171063375354653 -0.110656609068582 -0.084205526860423 0.00842658975963154
0.244765702804986 0.13791123933038 -0.00109766959200722 0.035136395784247
0.00577376445514427 0.288876619524095 -0.0467575654178394 0.183358725524339
-0.217047669606366 0.145824765168669 -0.203986961457104 0.140877873036283
-0.332051593863478 -0.0276165890772884 0.0439389044981818 -0.0563975124822489
0.0598571049997454 -0.0215594792486966 -0.173062075491602 0.145383802523927
0.111720787187985 -0.0305199922337554 0.179361199169903 -0.0564596026630783
0.0609111320447319 -0.101490023738723 0.0724654361801661 -0.240141963909479
-0.0550695419411877 -0.0911941958549688 -0.030860053109666 -0.0951239155201416
-0.0679331494192033 0.0094921572967944 0.0232890611093841 -0.0091680288883403
-0.00789302168756013 0.0520637987830633 0.0400723886854412 0.0359203686536784
0.0138694103150873 0.0464241415277948 0.0504050138357913 0.100631991010295
0.0134215179206488 0.0337023389255119 0.0609684242332838 0.179476982969593
-0.0130296390491816 0.0231007542086778 0.0796045610681051 0.2862212082576
-0.0240184212565819 -0.00362131188619182 0.0213105149993527 0.360798869124065
-0.0321933982808141 -0.0395325165984581 -0.0802527040332972 0.41473766713368
-0.0173178693885132 -0.0721854915994689 -0.292511864525002 0.385464290421747
0.0124044565025653 -0.0911124728496862 -0.509179619136793 0.190378631581169
0.127726555539011 -0.0821291244740523 -0.585837895024901 -0.174401522492558
0.187078380640856 -0.00836137981672452 -0.575597111564761 -0.430903845993208
-0.183625289019838 0.0311443153508262 -0.163412275499878 0.118026031442604
-0.0496859019838696 0.159768197898205 0.169850393280456 -0.0620311205601141
0.113502337143904 0.113780370720894 0.07688940811612 -0.258241729461641
0.15927239570356 -0.0407778148172352 -0.0342299383358742 -0.131274814098684
0.0459724186567214 -0.111383672242595 0.0154048157730177 -0.0121190848100247
-0.00990826982088533 -0.0620294760474502 0.0287348752811924 0.0339531427617581
-0.0237945089459545 -0.0540774395744429 0.0443013515736242 0.107599093550798
-0.0221343062337001 -0.05336673969319 0.0606114825353903 0.174257587306265
-0.037902380380683 -0.049883450306094 0.0865065489816722 0.276817466829223
-0.00936830384851307 -0.05858463073097 0.0299788124227818 0.345544864521696
0.0154017559262332 -0.0724414421729825 -0.0590894413556789 0.412703469970599
0.0651752849316381 -0.0524284651061026 -0.268164552585802 0.396869879024932
0.0541531084213053 -0.00736935047071595 -0.502830865482924 0.210311453502285
0.0586550746580451 0.00485229971929857 -0.59197163246979 -0.110883753164629
-0.00746143506846277 0.0100611360917807 -0.611346899056508 -0.371844627746452
-0.38530416747378 0.0707882129917499 -0.103188298629235 0.103028456063024
-0.174806666091876 0.313794181434733 0.134205327637719 -0.0442013473635623
0.153794876954305 0.290746552009607 0.0960005493208897 -0.192356806510136
0.322294786034743 0.0132442949229317 0.0361312860647421 -0.141677324461816
0.145039795691241 -0.197742600361921 0.0476312444356866 -0.070369735876951
0.0021793220405844 -0.153944075085361 0.0158281511474504 -0.0255694949138316
-0.0472206049158957 -0.143229465759869 0.0185985268503246 0.0762429943526451
-0.0522011353799193 -0.130471857736302 0.0484939424296218 0.142664296876591
-0.0630649315672299 -0.115246956076015 0.0946720471688116 0.243164135812571
-0.00596945300771582 -0.110461625718328 0.0432716409257364 0.320962301024433
0.0493542681590305 -0.115861802867446 -0.046805896230945 0.414581509422113
0.151865287165764 -0.0500394128133907 -0.266393707919478 0.398052216033759
0.116168946152709 0.0770663774699005 -0.495342730673985 0.198477712789939
-0.0069898892442486 0.111529956270451 -0.549576699763986 -0.0691061262351066
-0.204320999513911 0.0406039022947771 -0.578602136241255 -0.296898611273329
-0.513018986182178 0.0880788929494567 -0.0122527647371314 0.119060047623713
-0.234722728723914 0.399208944764504 0.118352520914096 0.0263579950405157
0.181588949043454 0.381400999753151 0.173180515661979 -0.0918904011712476
0.403446263530241 0.0430248385440085 0.159796336909167 -0.169259026615173
0.199762748452075 -0.230564759285146 0.0945807792542562 -0.170348030008169
0.0192332948650885 -0.199203755545366 0.000262392976447821 -0.115942398577882
-0.053580647927923 -0.202941624191004 -0.0158956691368787 0.0165118646225004
-0.0736960223757338 -0.187823646219355 0.0291336435845499 0.0876229503849879
-0.0894331768894523 -0.166206294841825 0.0932482753717627 0.192698799685271
-0.0165916905587569 -0.160888822457145 0.0428739549369132 0.28898365371527
0.0726592509927633 -0.175083601686795 -0.0602060798343509 0.405772645940487
0.251605505000871 -0.0663281448997232 -0.283811867067461 0.363095435049316
0.195433042218948 0.168688014411345 -0.469829509830611 0.144788378413515
-0.0708875646573799 0.22964637308014 -0.454998425541942 -0.043982926052291
-0.37778741346044 0.0717176739486034 -0.483598559443354 -0.218759104215289
-0.566537667430748 0.0859521897492714 0.105157365409933 0.174241433806234
-0.247473960296563 0.404421876713858 0.174499697775268 0.132731171612693
0.172119728121207 0.383940714467681 0.31174705853667 -0.0295032217125355
0.391712803833542 0.0651113775500382 0.281227784559575 -0.23660605010654
0.213433362290367 -0.205456609441741 0.118534800531291 -0.28154835477605
0.0382585305309643 -0.196298389272252 -0.0205626179138361 -0.206951162606586
-0.0459948419140691 -0.224972008069563 -0.0504689801606693 -0.0587185121838347
-0.0826731177219071 -0.216153248403038 0.00299255042797372 0.0152612828588009
-0.107723018614616 -0.200180054544868 0.072778643464601 0.128670069967872
-0.0307508637912559 -0.209145981892815 0.0138405487388027 0.242435463405375
0.10133709973913 -0.239686049483228 -0.103852507320827 0.359414838850225
0.357065735576162 -0.0743658175519477 -0.29243138212353 0.269448187159156
0.260519436739149 0.270857616797196 -0.387569580376591 0.0626420893258198
-0.141730806031338 0.329907825789114 -0.322362499040789 -0.0119333739043143
-0.506526928096885 0.0883286130841911 -0.345123368491255 -0.143996609262954
-0.552823750543116 0.0824702468051525 0.245054578011572 0.248022376994376
-0.232496780977557 0.356362203818601 0.299999737571788 0.210227363359382
0.124941403045671 0.337017610007953 0.443008038612059 -0.0417183621320103
0.318636225117708 0.0924000761119929 0.346062151058696 -0.319693598542065
0.19884554359845 -0.141101579763905 0.110655369840708 -0.362784659606283
0.0532505719524263 -0.16081334779434 -0.0382097517132391 -0.276997511277211
-0.029680969994164 -0.211964817246554 -0.0751159459901636 -0.136743840277949
-0.0760008860857699 -0.213425924535372 -0.0260304329863863 -0.0614860338244428
-0.112346430215289 -0.208538752891107 0.0330370596039221 0.0590631006946764
-0.0275567142547207 -0.241084197146678 -0.0373248444358968 0.170495332029693
0.141981507583559 -0.272216897876641 -0.142952322843101 0.258169948263224
0.430484586804488 -0.0346952531426214 -0.244555791823364 0.140128979968003
0.260011433475326 0.364923146464754 -0.242892869761205 0.0206564215019758
-0.215859258418964 0.36858698238351 -0.201229657122246 0.0543122100611654
-0.558733270254766 0.0835785453128369 -0.192792212473054 -0.083524637951354
-0.47452796852508 0.0786299792597315 0.385777421624901 0.31121837544732
-0.195198118533225 0.28020868278867 0.439933797517131 0.22811239723726
0.0672581450888329 0.26945949397195 0.516061314690724 -0.0976424595711932
0.226015229269058 0.112671576449399 0.350654741880335 -0.377083427979801
0.165517487656626 -0.073182446486432 0.0897842459001621 -0.399793190328365
0.0565099590689404 -0.112000325832194 -0.0456551919449093 -0.321402037237627
-0.0109601898679279 -0.170353569512897 -0.0858771499035026 -0.204674614572109
-0.0558537181441478 -0.176768198285437 -0.0547033508512805 -0.127362436910688
-0.0922255808069871 -0.187778935644122 -0.017824577067354 -0.00957923994722077
-0.0042520632057713 -0.231363421502989 -0.0837861376923137 0.0788439114893433
0.175396521675773 -0.23579240920369 -0.139920085470289 0.126582564660049
0.408662134615476 0.0475482220992071 -0.128990629183231 0.0446019262924575
0.169311833466315 0.391589030813698 -0.0960539332754717 0.0714821173565835
-0.255656481698698 0.311083630490176 -0.151894372295331 0.135066512554516
-0.51136090888507 0.0525882182475302 -0.0508779589326194 -0.0484349288282037
-0.342038734456885 0.068714529074651 0.504945082453855 0.348136573148905
-0.141785393666905 0.193804535152302 0.547773082770722 0.20176142283377
0.0222780132878 0.193105631096764 0.535009772996287 -0.153411893243111
0.13713305207817 0.108053841640479 0.326247446668112 -0.401725792826799
0.115966607147107 -0.0230188156022209 0.0706085500943047 -0.412718822069618
0.0459749036928488 -0.060475810476583 -0.0456999298287057 -0.345983229063441
0.00548587859554789 -0.106748322721957 -0.0894369761111565 -0.254243134198886
-0.0268191140728562 -0.113497705949367 -0.0789341935644181 -0.172276452893548
-0.0536909915492458 -0.131462865014761 -0.0620500216841107 -0.0687050938887365
0.0240529908019164 -0.164826154285903 -0.10415571563868 -0.0087404026102211
0.161289164626966 -0.136265149075363 -0.0890794194529908 0.0220646476256782
0.274219862714022 0.108922229436906 -0.00689006972431867 0.0306261182023078
0.0398684875877999 0.299816725816475 -0.0270629707760586 0.18020426020518
-0.217324053074009 0.170315153268557 -0.175778335352677 0.174160679006964
-0.35939873656783 0.00748308102035089 0.0643711457299423 -0.0438223600516066
0.0609500464093417 -0.0259647203394276 -0.175796162514105 0.156762054085585
0.114474335685581 -0.0452363910387369 0.16748021657849 -0.0732069170950498
0.0549666114993008 -0.111132361648808 0.0489542263162774 -0.247801559345072
-0.0657755385194841 -0.0893121568455973 -0.0398689254899077 -0.0891414435599001
-0.0707440513949045 0.0160705463593579 0.0259991228679011 -0.0107211474074411
-0.00433761322551559 0.0540582193348664 0.0457417372936863 0.0309953560144144
0.0173765258673664 0.0472992656249982 0.0590818020691427 0.0998066712657781
0.0167895055214073 0.0328802260853303 0.0736098299294053 0.182640784392852
-0.0114429071260051 0.0256855965266034 0.10280749688528 0.289748870429902
-0.0261454608647002 -0.00292495370872779 0.0467532508839607 0.370741667605068
-0.038017969019091 -0.0389129578333574 -0.0553485501444685 0.429208970606871
-0.0227820161518147 -0.0739880827975853 -0.271207316293815 0.412131562330775
0.00717426060496663 -0.0931646469909735 -0.503101262884675 0.229006749965301
0.124113039774213 -0.0946888190338115 -0.61328684992806 -0.133321417268988
0.191580084785778 -0.0230740695644081 -0.626953297913957 -0.397772366441855
-0.188538231644456 0.047357194432845 -0.167593029911246 0.128322430202228
-0.0391695988388216 0.164711732938575 0.156684580676412 -0.0782012668691361
0.124760383731607 0.107785089922908 0.0502034386624726 -0.267172994392363
0.159141113208106 -0.0544021870900565 -0.0487364934754613 -0.125507829658707
0.0385211693622956 -0.118530090290081 0.0168523756970002 -0.0143696560779206
-0.0141729266701844 -0.0633971191063759 0.0339938629699828 0.0305409099661477
-0.0283993890796656 -0.0552965203524327 0.0530999524302047 0.106067277907713
-0.0258993956129552 -0.0549775773797681 0.0733787625558502 0.176309949926439
-0.0415489136430722 -0.0487686269049527 0.109557490951874 0.278939680612022
-0.013038603360503 -0.0605630637015669 0.0551656907535822 0.354136330494294
0.0101947367292926 -0.0761270564321248 -0.0317973527369293 0.42532328910156
0.0631584458963561 -0.0586894709073991 -0.245393135586265 0.421281273071866
0.0557566696728869 -0.00938846592349215 -0.495036552609368 0.250504931230712
0.0572322675610814 -0.00136633644581298 -0.612888236093229 -0.0684371922163574
-0.00868369587901022 0.0108466935001868 -0.659142890467475 -0.334648715895112
-0.394271046761336 0.102763503830874 -0.106902352666785 0.10834064471321
-0.157510504682179 0.33252820449641 0.121343047886684 -0.0572315301244863
0.179386748009921 0.289097196895555 0.0753985947034752 -0.20232451211158
0.333063415863848 -0.0105975553370128 0.0221702054033266 -0.142992674589697
0.133204561079077 -0.214039556746093 0.0460512603212371 -0.0765160490946212
-0.00739619543956906 -0.158718792888068 0.0156937632819243 -0.0296799738415445
-0.0597822090761391 -0.14498156463284 0.0251278305671883 0.076045258120458
-0.0638715057433394 -0.133735874420798 0.0591184990036083 0.144794298340084
-0.0722789290436505 -0.115176275464944 0.115182843033553 0.243742571718477
-0.0129162415337191 -0.113747423271535 0.0667970995647582 0.328469330784755
0.0445513305949727 -0.122368363324067 -0.0189239571074425 0.425983541543075
0.154968643288283 -0.0621391479901136 -0.242534020340112 0.42153083197107
0.124971160339673 0.0731010107097308 -0.49095396627286 0.239477114190256
-0.00449041979818414 0.112784694347342 -0.565310622760443 -0.0265660585543325
-0.209672421009269 0.0571013555423144 -0.618458164400867 -0.259282048228621
-0.525500907826461 0.128197280777311 -0.00937873826916554 0.118601639133661
-0.214103911407615 0.425018123083663 0.111736597491646 0.0174889423056598
0.213643954486059 0.381071764961015 0.164793621808957 -0.105346959123887
0.419571816792584 0.0156535241120164 0.146775031609443 -0.182367978030442
0.187943321933796 -0.251668091038293 0.0862923227510164 -0.184179365013577
0.00869563305020375 -0.207249738330882 -0.00860680544893165 -0.12147599755311
-0.0705850045434383 -0.207418595832733 -0.0151193380222516 0.0172700026463206
-0.0903151032989895 -0.191807208289575 0.0345233512684855 0.0885360193000904
-0.101147217930403 -0.166116480352668 0.109544753513541 0.189446271620691
-0.0263738513843428 -0.164749012389762 0.0637937995570566 0.294961360870813
0.0645150969015577 -0.183987661660733 -0.0321017753233542 0.419222565543741
0.256071353790234 -0.0860318977134167 -0.264016077978779 0.389041861816353
0.212769797036183 0.160498790687496 -0.468392106076353 0.181402241264699
-0.0621017321262877 0.239632782725925 -0.466172101586473 -0.0100647446677685
-0.38694161604381 0.101091748069388 -0.514983855960515 -0.185793534891255
-0.583477502758726 0.130951242393516 0.117565164587548 0.167415278955364
-0.227361119914615 0.432284250709862 0.179071965068806 0.12248826305392
0.203016592906672 0.386174328237729 0.313165325331814 -0.0534034867794138
0.411463824995319 0.0406314671616797 0.265880910969389 -0.261933027402964
0.206296250067417 -0.225788592546741 0.102203153573833 -0.297959064862836
0.0293495602488663 -0.20597160483913 -0.0360578565204587 -0.214085503459281
-0.0639789883834131 -0.23086483110867 -0.0553164572421154 -0.057869774593584
-0.10188533064968 -0.221111588674418 0.00253503392933697 0.0151279030515023
-0.122908852644292 -0.199469752752559 0.0841886483148833 0.123982083595429
-0.0434139579386364 -0.213144888712089 0.0306406235262252 0.249016873124829
0.0878877864044332 -0.252045036456275 -0.0791292224004578 0.375089699391479
0.364767112362514 -0.103401636479967 -0.281498914811484 0.294529459777021
0.288954181864101 0.262071008614611 -0.392737550164943 0.0910239497150537
-0.128551791232406 0.348414057611119 -0.32497296643398 0.0143213618112444
-0.518103736301171 0.131042114734624 -0.365752659434512 -0.119046479617658
-0.569102342438132 0.126697488225984 0.268931678409776 0.234028966354763
-0.215815955946411 0.381304833907314 0.315747402207819 0.193366975233262
0.15138104349617 0.342422843917137 0.44726281640152 -0.0772998281950466
0.338571872333738 0.0755761717892152 0.326241613403423 -0.351997488597602
0.196653324000824 -0.158747540247906 0.0886777590024709 -0.380204806101957
0.0475681658306272 -0.169392833699143 -0.05938103126566 -0.284602774231847
-0.0471273033293892 -0.218985612335633 -0.086402571423128 -0.136396737299786
-0.0953480378291926 -0.218189345872318 -0.0333136935139541 -0.0634186279979951
-0.127867360559201 -0.208153303863645 0.0383501560110713 0.0554873438461689
-0.0443505391705684 -0.246178146037215 -0.026132577029607 0.180702472920664
0.126757678135266 -0.289680402441255 -0.127745460152092 0.275482831142215
0.44389853745796 -0.0690756245729017 -0.242838456727921 0.156131469615202
0.296657435294712 0.359211796701623 -0.246249713711718 0.0344019570989527
-0.20133059977731 0.394949117190323 -0.193581575820586 0.0729739633551322
-0.572875464725607 0.129608683866322 -0.201152332948296 -0.0672414398900901
-0.489122423460829 0.118042707051577 0.420669259947576 0.290584082028286
-0.183503528519766 0.300740185306474 0.462902221567301 0.19969496439006
0.087552295299658 0.27625009942482 0.518776556339922 -0.139319940108463
0.244984929720855 0.103070642853864 0.327151645685145 -0.410383798094138
0.166610597041617 -0.0861555972390493 0.0651819690629813 -0.415470324728296
0.0538828254038821 -0.118645706534292 -0.0691829778250066 -0.328757877465729
-0.0247741997163738 -0.175901826410619 -0.103147183269209 -0.207093622311225
-0.071873178101495 -0.181847404022372 -0.0661347781621922 -0.130912666255112
-0.107402143695506 -0.186661627312662 -0.0174352814856224 -0.0114118286009164
-0.0193172466593879 -0.237979294870563 -0.081626986519765 0.0899254542170125
0.163688726900211 -0.256261151384102 -0.133873448587303 0.138931816172686
0.427920093928913 0.0167907556702142 -0.130205880321998 0.0487117672647901
0.20672836284896 0.393341660978645 -0.0894945623820463 0.0745155744287169
-0.246002545239679 0.338482879164688 -0.135232673254142 0.152593400374889
-0.526021306505046 0.0952807345143939 -0.050272130419722 -0.0416902856330341
-0.351575707250691 0.0982319350045587 0.546235417632534 0.319771221509826
-0.132822850666207 0.208640390956904 0.573558499667276 0.162279762631913
0.0359231129359461 0.200192774087049 0.534301414857019 -0.200851849914957
0.151733151221092 0.104430488804241 0.301631045338107 -0.434670441392408
0.118503212737225 -0.0312492303282494 0.0455645435389875 -0.426293181974178
0.0453632757756071 -0.0636338510422568 -0.0697038730445694 -0.354308322930603
-0.00241884951961698 -0.111690043158459 -0.110154925246434 -0.25805940054247
-0.035922752284252 -0.118338713413695 -0.0938835863650386 -0.174641878218326
-0.0638751524343216 -0.131869164782938 -0.0679185177362915 -0.0671532598416995
0.0134510730199069 -0.172522944693897 -0.108999903012628 0.00277037272307394
0.156068398522828 -0.152695131072029 -0.0905111071645314 0.0279149704451991
0.294052436868248 0.0896581161264041 -0.00510036286630924 0.0241708536368333
0.0666701276970806 0.308661582065376 -0.00714081730375958 0.18005632380961
-0.215930731706062 0.191781204370755 -0.155235967963311 0.196233522170844
-0.372353798302583 0.0380397891283273 0.0688385280830658 -0.045215983428831
0.0594164301162475 -0.0296092213246079 -0.172661585302716 0.165599911467406
0.110941563062781 -0.0588547102331418 0.147912619552201 -0.0873409335798709
0.0451460921211295 -0.118942425681409 0.0209962385860954 -0.246372760903713
-0.0748611300674875 -0.0841665416519862 -0.0466034632547635 -0.0794052137623745
-0.0703963025223026 0.0222811126208129 0.027506163978467 -0.0122528677939484
-0.000728235356870338 0.0538965223898804 0.0494680634359437 0.0240392651476522
0.0217394669304467 0.0464778671045147 0.0664916458624121 0.0938775383674429
0.0200655120975515 0.0307313439909286 0.0859100430586327 0.179096231641155
-0.00918807203900749 0.0271426637039984 0.125060535989264 0.282824476067679
-0.0279345346034152 -0.000920576262723051 0.0748321247427049 0.367388305929115
-0.0428540172455277 -0.0358739181349799 -0.0236113491857033 0.430416793429094
-0.0287062760668914 -0.0730979240048993 -0.239063358692674 0.427700483284353
0.0011966474768793 -0.0921137260975465 -0.47808500775532 0.264464160077446
0.115094289157242 -0.104826304166295 -0.619004990506922 -0.0845057211668245
0.188014079307494 -0.0377219629751489 -0.660938146027721 -0.345849830886289
-0.186419904669076 0.0639489620036236 -0.166086227406357 0.136363131992947
-0.0265751944255541 0.16437212703601 0.135752398750034 -0.0911415923622026
0.132738738561881 0.097745941411567 0.019520557018558 -0.266970491374683
0.153108403197178 -0.0675304799472695 -0.0613820431635802 -0.114114678549854
0.0276908561146747 -0.121852497424705 0.0177290279039072 -0.0165515869679728
-0.0179834248626138 -0.0627618369314055 0.0375064598014451 0.0250757900779641
-0.0332107139129025 -0.0530187681855452 0.0609385800265631 0.101391435026455
-0.0305793994983118 -0.0552614711085339 0.0849685638402058 0.172943756194903
-0.0439656401847955 -0.0460234449972056 0.130601794115137 0.270799256615366
-0.0172331602982059 -0.0600879312762217 0.0804628215919511 0.351491695432967
0.00498759065521173 -0.0770106908511992 -0.00185485633015917 0.424716623439216
0.0599694720347295 -0.063487444180163 -0.211048184221265 0.433808778008345
0.0553791573247973 -0.0119370512711617 -0.470550968765844 0.285856489441661
0.0528673967025748 -0.00691715435434928 -0.613695678800153 -0.0171706734046095
-0.00975956870213818 0.012032720061927 -0.687473987624997 -0.279171876193783
-0.389026593858534 0.135535694071789 -0.105486155549042 0.111561904792237
-0.133318543698583 0.342224962781422 0.102899338303062 -0.067192287347392
0.202157338233392 0.275727900834284 0.0498613272978056 -0.204727449506699
0.33300516203046 -0.0373338067300035 0.00712841177344526 -0.138672092143378
0.115759708622828 -0.224156150054932 0.0419106767344055 -0.0813710948848852
-0.0177317179166079 -0.159081095332679 0.0130789032650117 -0.0330392225602918
-0.0717490974646797 -0.142118831342971 0.030593228704444 0.0725850958734537
-0.0756305512219322 -0.132112169792805 0.0683246321446001 0.141119048786649
-0.0796371888944886 -0.110693737905568 0.133341377049847 0.234452203264074
-0.0189697223307723 -0.113735354797479 0.0906905304387871 0.323329186882925
0.0361562050428191 -0.124786952079689 0.0136990677719187 0.423915787363909
0.151770345472262 -0.0741075793403197 -0.208172945394038 0.434406507626397
0.130241376304465 0.0655221098343996 -0.468184946000282 0.275634155619019
-0.000917360532207048 0.111722439382246 -0.561519238627661 0.0195332079297581
-0.207292847039635 0.0738746052106501 -0.639468511383552 -0.206538183283329
-0.520045409481121 0.172514948581383 -0.00541589353825612 0.114647752573898
-0.184067158141025 0.439704613461497 0.100432944313219 0.00923531852088406
0.243665541033983 0.366272816533355 0.148086004223551 -0.116003442905103
0.424096794310738 -0.0172356971289219 0.128048335296672 -0.18882530272495
0.169162008821887 -0.265683984784453 0.0728068527498243 -0.192350657501414
-0.00434033554030698 -0.208894427276617 -0.0186963254270969 -0.123363473499035
-0.0868749923449454 -0.203940268136452 -0.0140560981940259 0.0169554459450619
-0.106993144144192 -0.188537346195688 0.0394465325256095 0.0862645820415458
-0.112771228788709 -0.160412563722919 0.124135371116291 0.178997644449056
-0.0364614381527508 -0.164073613318991 0.0852829796418668 0.290455271201783
0.0523141113384127 -0.187664559586527 0.000830811256207153 0.418321205632627
0.251445352046052 -0.106467561879725 -0.233298601839705 0.404175832564041
0.225417656654258 0.146247929364489 -0.452107402802917 0.217420352730293
-0.0504067251235789 0.243361350268618 -0.458886686547159 0.0291909814034513
-0.382152916087625 0.133369274191912 -0.528887096633462 -0.140986821351592
-0.578425385826406 0.17946031408195 0.127457167071695 0.154086557258741
-0.198505345911767 0.448425787618754 0.178502148343504 0.108870129837027
0.232530998416715 0.373270319316486 0.302532708734804 -0.0767198786448766
0.417747734096337 0.00962427192861258 0.23999014582389 -0.27867924976368
0.189526829873833 -0.240949040860956 0.0788668431371354 -0.307747674654567
0.0171202885897801 -0.209629861774333 -0.0538891155982551 -0.213066495019056
-0.0821225150954297 -0.228489838188038 -0.0603107455752893 -0.0554361346109059
-0.120955907303489 -0.217181093478127 0.00193852248207623 0.013683705316122
-0.137042254246709 -0.192070188162262 0.0934893909776214 0.114195533242142
-0.0574498235409284 -0.210807129662874 0.0500539861013164 0.247498420538638
0.0696863640859425 -0.257749983478002 -0.0489206108801478 0.379558023514702
0.359000312135036 -0.133632108587586 -0.258342537695819 0.312416701126909
0.31097447162471 0.24091943040565 -0.384628956514111 0.119298701759961
-0.107684177295652 0.359061176010279 -0.31543796978007 0.0413556153603118
-0.510784949187612 0.172208501503108 -0.373741524475272 -0.0862272231303711
-0.565783820926307 0.174833239103618 0.286026865614171 0.209725614654805
-0.191133084149175 0.397776799751862 0.322547425496977 0.167500490425642
0.176831275940285 0.334280478675952 0.435288000003568 -0.113319968251082
0.348926330965567 0.0510537661454056 0.292317733829708 -0.372654468688233
0.18716551318791 -0.172709450239845 0.060229641722234 -0.386858447344553
0.0388057152517661 -0.17454003492933 -0.0820423809468964 -0.281019296002253
-0.064490771651593 -0.217657646222306 -0.0965948812480699 -0.131752629829984
-0.114346935959446 -0.214901169209905 -0.0400183482209798 -0.0628506737329713
-0.142205311245874 -0.200171849752669 0.0423044177108881 0.0483053086043332
-0.0610636110548423 -0.243381543985401 -0.0125876550247987 0.184493290297823
0.104981059507068 -0.297797381051869 -0.105111690288463 0.283763058026044
0.441152273334528 -0.106267553532124 -0.232072035026038 0.170637742045861
0.328091758247084 0.336806299416485 -0.242852188634321 0.0504291184942344
-0.176211835851561 0.411073414219191 -0.178095632543846 0.0894808152802455
-0.564382614721328 0.179038163369391 -0.202219932862298 -0.0473650615148122
-0.485503941510613 0.158673323356507 0.444546369961945 0.254361147417104
-0.164431973612144 0.313953929599297 0.47215003860905 0.161147262181936
0.107982625666527 0.273313156918064 0.49948707930779 -0.182659542525452
0.257346448977904 0.0867372630076599 0.288620443071729 -0.431568190073868
0.162696714386573 -0.0975796942326004 0.0351142876800809 -0.418466123318313
0.0488501630503156 -0.122353143065923 -0.0942738129682414 -0.325340114995197
-0.0392102454326093 -0.175709426542869 -0.118657733922039 -0.201456355187964
-0.0872653577152672 -0.179963708128869 -0.0786673654275623 -0.127882731823085
-0.120094917671598 -0.180045492149993 -0.0182816876388747 -0.0128202973302052
-0.0374879240001324 -0.237314997908222 -0.0741892010167312 0.100158919780028
0.143179084332496 -0.269004122028365 -0.123465195756149 0.149414850443087
0.433218213671923 -0.0210950961072572 -0.128996687938186 0.0523817441877685
0.241529806647127 0.378872173323482 -0.0802933824696045 0.0752489435509733
-0.225451216726489 0.35958712706336 -0.110408790674185 0.164478348673061
-0.521688430313192 0.141624276030981 -0.0477193246235956 -0.0331068849511681
-0.348148309840885 0.129514265682358 0.571803529882175 0.275154063716269
-0.119567735146105 0.218332047756797 0.579395421462001 0.11453338159876
0.0515565558167577 0.200137307147246 0.511238042386089 -0.241588067249219
0.163406554015146 0.0949071005992048 0.262085058804682 -0.451412247012153
0.117690958970169 -0.0381849406689665 0.0154300613293374 -0.425778570904528
0.04232809366222 -0.0658448307295552 -0.0968358189002461 -0.351770309059414
-0.0126388462231938 -0.111899468118627 -0.129387147984985 -0.252145471047161
-0.0461315111354592 -0.118197243243794 -0.107853949915059 -0.170563080959654
-0.0728912229268483 -0.127286924539641 -0.0716811592206809 -0.0637855363144509
0.000387094071311301 -0.173558061446508 -0.107868710892678 0.0152196681632483
0.144178367819517 -0.166612768069044 -0.0889942080015613 0.0340942650939635
0.30475063824286 0.0634692025986376 -0.00480313009949398 0.0165188120764794
0.0942326669770143 0.305326098300259 0.0125006756150532 0.173454680823862
-0.205845450674946 0.209447562969995 -0.12657483108703 0.210589019827681
-0.373030523975708 0.0717791405529214 0.0721604457571092 -0.0457193743899861
0.0574350334365234 -0.0323488495532248 -0.169721610118236 0.16868314453275
0.105241433700263 -0.0692044854072981 0.126002724097431 -0.0931999809729679
0.0354614158764921 -0.121983566550928 -0.0012107050451452 -0.237234955309516
-0.0803334404666147 -0.0775083646462095 -0.0493153692908161 -0.0683789575597935
-0.0690881905828537 0.0271867829781612 0.0287595573419085 -0.0130385236654391
0.00210607273713414 0.0527040754069239 0.0500284212985621 0.0166702067536609
0.02398497204153 0.0445011306776766 0.06902864224089 0.0880289346578243
0.0213852629766588 0.028397114974697 0.0930629454269838 0.174101269200893
-0.00711216953196352 0.0278401392994968 0.138504787816928 0.270700138924792
-0.0281989872148558 0.00052681175341389 0.0933410054463343 0.357003347348201
-0.0458906325375788 -0.0327876899149652 -0.00108052022616733 0.420723243460524
-0.0324337985776003 -0.071199038927239 -0.208208971054235 0.427160497984933
-0.0021261212939201 -0.0893794431339527 -0.449738351659761 0.280251082638489
0.104720106131593 -0.11012572607831 -0.605712758181459 -0.0449026304495617
0.180797850428463 -0.0476340795360193 -0.670816765052092 -0.295750107425664
-0.179924983639912 0.0763735543148414 -0.163742537615121 0.139251299461647
-0.0180795600563482 0.159900166514543 0.113423918621342 -0.0962586275230465
0.135541024520811 0.0871032986341729 -0.00635235561869443 -0.256603118848668
0.144281666933236 -0.0759743220861933 -0.068462813992622 -0.100797166814449
0.0177785964579247 -0.121191777678843 0.0178084149753116 -0.017918148218026
-0.0206389093984161 -0.0613524781078763 0.0377390783971038 0.0192030144659276
-0.0356283493256506 -0.0500982568640012 0.0639704146493652 0.0949598927080056
-0.0342540993679797 -0.0538255774851419 0.0909610412270307 0.167011920840325
-0.0449611448612986 -0.0433432229066503 0.142406802638475 0.258074817590444
-0.019709115766089 -0.0591873763183668 0.0979634326018493 0.340670256987343
-0.000137429193470477 -0.0756885831797992 0.0201393317396667 0.413986604097539
0.0556660243289521 -0.0657811481649507 -0.182011308138404 0.431096895679864
0.0541923340242114 -0.0133935901710693 -0.4401514782088 0.302396734256396
0.0476064269552218 -0.0107934286517299 -0.597223423691975 0.0200227597037813
-0.010227706699766 0.0126930381776847 -0.690391688562592 -0.22870795456284
-0.376334087086778 0.159629814888584 -0.104475800600432 0.111492643190367
-0.112910997066504 0.341447324173733 0.0835182488120269 -0.0703616374752341
0.21432887261855 0.258953066947022 0.0276228330560833 -0.198330329154007
0.325131425796671 -0.0564826244588449 -0.00321664811928144 -0.129381531296438
0.0990599149899591 -0.226086879856863 0.0374807014254372 -0.0844081210274921
-0.0252152802123557 -0.155902190679734 0.0099339448439827 -0.0362227965846997
-0.0783023656552065 -0.135799337125404 0.0316165799182116 0.0687803812420452
-0.0831669680182462 -0.127773273485192 0.0728655693899195 0.136330255857538
-0.0825866331618571 -0.106021950890027 0.143096119701483 0.220239876321623
-0.0235372252378072 -0.111675164678094 0.105712913791586 0.312655378853666
0.0297725341373505 -0.12435081833532 0.035219609589151 0.412049048564569
0.145400482468 -0.080853109137419 -0.179087957075698 0.432921853621947
0.132009804132923 0.0591804344292338 -0.439168737059367 0.294397475477441
-2.71403841202097E-05 0.108765010935505 -0.543917650267097 0.0533861866258012
-0.200261277915709 0.0847293941308175 -0.639939514360546 -0.162826455373291
-0.503437533581745 0.202166576185233 -0.00541307205958913 0.10816983221723
-0.158072164082243 0.440566351552749 0.0867996586681617 0.00446301473503848
0.25933602287307 0.346109482605705 0.130405339134656 -0.118717575605447
0.416204402498603 -0.0420543900150729 0.111220300801583 -0.186663425440437
0.150238094507791 -0.269390960670391 0.0602283885858618 -0.194680344999977
-0.0142344564771826 -0.206349047444733 -0.0271946418157869 -0.121521400570955
-0.0970686364505203 -0.195677558385712 -0.0143844730154131 0.0161585869066269
-0.118694852709348 -0.181920054240758 0.0417828072335682 0.0829985550886378
-0.118006521623646 -0.153342890751302 0.130868081500739 0.16642185419519
-0.04170613738363 -0.160166215759601 0.100255839316967 0.280477578373434
0.0431246095763801 -0.187008491113462 0.0242049512032272 0.406896525932276
0.241855161023674 -0.11968684159407 -0.205524770392221 0.404705621253536
0.230684056151047 0.131887082539491 -0.428731919417642 0.237085997663262
-0.0416265499251055 0.240997304911809 -0.441952680358387 0.0563975330876254
-0.369221751178324 0.153954206371578 -0.52652694710656 -0.104258142263944
-0.562511137173812 0.213932385931602 0.130031465084925 0.140263643231506
-0.172657575321196 0.451195576640842 0.17108189370162 0.0967298191395442
0.249496704227814 0.355683332991291 0.283802738623901 -0.0913483848635401
0.412876030705539 -0.0140673583488745 0.214899769448845 -0.282067780216465
0.174011947536844 -0.246332727169341 0.0593836792324006 -0.307170489072094
0.0082746933629113 -0.207349971321345 -0.0671152963100416 -0.207070996319486
-0.09435879049336 -0.221061975834475 -0.0630378308162671 -0.0523574005312055
-0.133787685284313 -0.209876065362735 0.000279518049339872 0.0126021094193266
-0.143245604383106 -0.183100589299727 0.0962110912469281 0.10340779844523
-0.0655637242308444 -0.203805050935488 0.0632162975065262 0.240686938437315
0.0557154523166655 -0.256359056861083 -0.025516222683978 0.373178540793708
0.346029897991984 -0.153004305424885 -0.237215829336772 0.316594744633429
0.320325791794428 0.219271631652096 -0.368773737614606 0.137962579651113
-0.0914217446691673 0.358363183146609 -0.298721545342138 0.0597472823922135
-0.49445748340937 0.2004954758919 -0.367793611777875 -0.0588713767031123
-0.549542932140243 0.207318795384058 0.290244978424495 0.185508888684533
-0.169216935835363 0.400832443261075 0.317484645019097 0.145988086191944
0.191886352586216 0.320980183164614 0.412212509348945 -0.134667527448983
0.349005132196174 0.0309637081037724 0.260645775797464 -0.378319043709014
0.176629170265539 -0.179178162996962 0.0361842075026045 -0.382595735251805
0.0323603684553144 -0.174657146752578 -0.0978580663418345 -0.271879553129583
-0.0760295783284187 -0.211344765246679 -0.103146341112245 -0.124940886959115
-0.127058099707259 -0.207870593678105 -0.045313928712451 -0.0609337871090846
-0.149647452430417 -0.190400927665436 0.043242950667074 0.0418187782058677
-0.0715854391945216 -0.23568197975992 -0.000556419803676209 0.183649143087484
0.0867417202500909 -0.298589504062491 -0.0869900806299997 0.283568661298299
0.428326163923968 -0.133235492440441 -0.220648003342497 0.176501049867068
0.343611676317404 0.313556730551834 -0.233626128740725 0.0601263923328037
-0.154663775323321 0.414889848657701 -0.158656219932124 0.0977137021643808
-0.546826259221341 0.212113466681049 -0.196368483118119 -0.0306979305279349
-0.470877252184235 0.18732714875994 0.449647723895864 0.221631058692273
-0.147214849029164 0.317523944399074 0.464430067451106 0.129539661280218
0.121136710444876 0.265134975539841 0.47315693028111 -0.206029130980199
0.261845686221197 0.0715185456600766 0.254216793313358 -0.433711642950362
0.156395183839414 -0.103201784640766 0.0126493498823796 -0.410462358940953
0.0456787002179894 -0.122652405715815 -0.111510221846943 -0.314612124278586
-0.0494755690758471 -0.171937655430881 -0.128247835273526 -0.193440814266814
-0.0983805766377115 -0.174220439437268 -0.0865157204000483 -0.124611755082354
-0.127140060865465 -0.17052384137375 -0.0193368303481067 -0.0145648491731099
-0.0490913159359866 -0.230548210984217 -0.0659438091294694 0.105474894251013
0.125046442227154 -0.272603895575501 -0.112817785864417 0.153002561074706
0.426448770805656 -0.049726581839854 -0.127492189384172 0.0530429956898034
0.261794706321905 0.358492371348767 -0.072063471226722 0.0736376749882491
-0.205315611079535 0.367448834031573 -0.086674160573449 0.168357570561899
-0.505562594392438 0.173785841547176 -0.0424343411781147 -0.0258820136512298
-0.337292386242659 0.151027493812809 0.57824507938947 0.233532327004053
-0.10854945162354 0.221170910663912 0.568023733762327 0.0776164402058774
0.0618408266776175 0.196241809368275 0.48082711976874 -0.267595361284292
0.169627849806142 0.0846400862154951 0.226775619933327 -0.450198450279381
0.114838955504362 -0.0423658242314141 -0.00612725108794763 -0.415167145790642
0.0416040365214253 -0.0659189911730456 -0.113840769038411 -0.3404296767702
-0.0190336187133601 -0.109471804567117 -0.141176721368199 -0.242727143182027
-0.0533572040098879 -0.115749555793459 -0.116884947305143 -0.164321398933646
-0.0776263469966866 -0.12111294922399 -0.0735559888923873 -0.0595863525790146
-0.00884523140831289 -0.170741388837267 -0.104160771833437 0.0255994017953854
0.132259296170346 -0.171920991478586 -0.0868898435801052 0.0379426008816095
0.305264185132438 0.0412267683072342 -0.00707714499249533 0.00951288340464044
0.11362162314629 0.295680828975293 0.0272392197543022 0.162382928250572
-0.193964259915854 0.21879621035915 -0.0979921010534445 0.214520528124353
-0.362407458900031 0.0967487945834751 0.075304675754156 -0.045995627101998
0.0564595644328289 -0.0327176025604863 -0.171291029199536 0.169788869713908
0.100712161698773 -0.0765287160768503 0.107813862132549 -0.0944816751056079
0.0291876994592108 -0.124395938443243 -0.0176075853931692 -0.226860897844415
-0.0840827413991651 -0.0734170094032799 -0.0493738713897262 -0.0594769354221097
-0.0689444127847512 0.0295770522212189 0.0308614780396107 -0.0138125147700354
0.00302149133561309 0.0518626915567166 0.0496556296075231 0.0116763560536199
0.0260617228643609 0.0432322305893272 0.0692750459843135 0.0848056373048685
0.0218119834471053 0.026421146454109 0.0950101389129565 0.171897003291312
-0.00585810265471995 0.0272579468316192 0.143366599508861 0.263715692173284
-0.0295475145161512 0.00144792182954985 0.103545295182108 0.349478815649649
-0.0480133273786399 -0.0308905757421348 0.00979635760386387 0.413105716141335
-0.0347950564363227 -0.0703010375464475 -0.191620749517006 0.422832843635821
-0.00313723137226848 -0.0869546986311038 -0.429117529673223 0.286256016383922
0.097865426015486 -0.112063484814461 -0.594951867821917 -0.0207361127874194
0.175780306315428 -0.0516477494709603 -0.673513219797566 -0.266750200441751
-0.174462680155514 0.084066596051484 -0.166398331292994 0.13942375830054
-0.0128237227876455 0.155080349382868 0.0941364285925507 -0.0967307318010142
0.136069932666744 0.0803290270570878 -0.0243265489932767 -0.245193981489764
0.137703454251198 -0.0795434061095337 -0.0712316572240926 -0.0888725160844297
0.0118128177827578 -0.120002171841053 0.0186978101371173 -0.0190059077704937
-0.0218247484875986 -0.0602147272650426 0.0376100953848893 0.014733987998729
-0.0365376447969191 -0.0487852138154596 0.0637811059019025 0.0916769289098914
-0.0368389649786407 -0.0535535203899508 0.0925627957420234 0.16494091834473
-0.0441793941688769 -0.0424335790920309 0.147371334915317 0.250664124970571
-0.0208658896920597 -0.0579099464890863 0.106306567231664 0.333618380143468
-0.00198942234385192 -0.0746512714222832 0.0297723390214578 0.404311632984272
0.0528233519118002 -0.067524733623107 -0.165007567924677 0.425575654075457
0.0544525717933782 -0.0137239801905874 -0.420357012519589 0.30851434229956
0.0422931539008475 -0.0120756996531509 -0.582331377321055 0.0424603847880053
-0.0110966389984284 0.013774439871069 -0.68960753613258 -0.20028493968007
-0.365923322715461 0.17318615831237 -0.10790637601245 0.109282862892062
-0.101281637088252 0.339534989902883 0.0662161857988108 -0.0699601292538373
0.220518240345905 0.247988617519991 0.010966790973122 -0.189915736156488
0.318282752879856 -0.0668841723670935 -0.00850776417488326 -0.12022162090821
0.0881420357677338 -0.226132965370115 0.0344270801773396 -0.0848386463062719
-0.0293566154452047 -0.154262846778631 0.00751208196832737 -0.0371822324326464
-0.0814125969972066 -0.132220529802349 0.0322377699807367 0.0665716462004819
-0.0882137186637576 -0.125697548761207 0.073867221705847 0.134017035484904
-0.0837266585784915 -0.10344044614953 0.145529532701263 0.212976359721211
-0.0240647727375215 -0.110927012325057 0.114344444576775 0.305778793345971
0.0274123092966081 -0.123234235777238 0.045927082035525 0.401774683377194
0.141880526566223 -0.0844594753607424 -0.162732512011064 0.426719094975409
0.132318995838154 0.0552695591474995 -0.419634680983132 0.302862395789271
-0.00211781911713706 0.107215085868514 -0.529299770424967 0.0731445192934137
-0.196873301550921 0.0910377590332476 -0.637211977272915 -0.136093353133195
-0.492641406980942 0.220414017885208 -0.00814598030227357 0.103308340477817
-0.144055583089626 0.438284300522847 0.073042323587347 0.00380949909665078
0.268180799554991 0.333807637646804 0.115460505014745 -0.115837821049475
0.410642299710305 -0.0556394763790056 0.101926451901392 -0.181577657019806
0.139970717686398 -0.269690896292337 0.0519530861495435 -0.19507227162526
-0.0187247071770313 -0.205097493476498 -0.0327909496679722 -0.1199271450999
-0.101836643267504 -0.191118159008814 -0.0151910693176641 0.0158366264074451
-0.125544325814914 -0.178617411635243 0.040908888374278 0.0813799164380922
-0.11937492100736 -0.149833693735133 0.131579312087529 0.157501550844395
-0.0432709951217732 -0.157532231644995 0.107472009792114 0.273831035015071
0.0387250788227266 -0.18507714598361 0.0360494504031371 0.397689606854316
0.23570417021694 -0.126310810095436 -0.190128052105325 0.40092951532143
0.232381626541129 0.123882629588366 -0.41125171625639 0.245910410201334
-0.0392679101412844 0.239246959354885 -0.426064170825144 0.0700352253168212
-0.360343711188029 0.166182122540613 -0.520929182802323 -0.0821966114852576
-0.550400559503941 0.233255066411534 0.128221490613054 0.130205123836768
-0.158559825627307 0.450004108080799 0.161597697432066 0.0912501726700502
0.257937216806277 0.344335704690322 0.269027168293362 -0.0958652049789652
0.409319548022594 -0.0275347398986315 0.199651624887304 -0.27976904413268
0.164973331500684 -0.247364955616325 0.0487476951497446 -0.305567419959746
0.00553360243060516 -0.207071629846602 -0.0744356759629341 -0.201971863373937
-0.100487209193904 -0.2166390135895 -0.0652657748916817 -0.0502212007835454
-0.142457326658226 -0.205922759027862 -0.00135170957477045 0.0126142312167534
-0.145923207135667 -0.178445908970519 0.0959529461542583 0.0966444115876193
-0.067923459192316 -0.200097169262438 0.0704577872829748 0.236280565301703
0.0483927947230809 -0.253313503930893 -0.0135593224847918 0.366704965757856
0.336954613714817 -0.164459881484833 -0.22462311171969 0.316431801864937
0.324448613111369 0.206027551612166 -0.356968314271107 0.146958589851019
-0.0837427636789824 0.357636443423773 -0.283975054936514 0.0675682212507246
-0.48103629015403 0.216804446059893 -0.362480343645652 -0.042314835324989
-0.537981459411518 0.228629219735996 0.290296621302373 0.170431840595844
-0.156550768004085 0.400927144861049 0.30957865668054 0.134248758680654
0.199936580211395 0.313009633484721 0.39457843744574 -0.145389935606749
0.348424180226193 0.0198578512602368 0.240394197108482 -0.375562975747998
0.171390347477497 -0.181112159404211 0.0248564236486247 -0.376515556302856
0.0309866478008417 -0.174098913169171 -0.105910468867346 -0.264659078903228
-0.0814834823801188 -0.207009453045891 -0.10703281365314 -0.121942411143676
-0.135574903855396 -0.204018344414237 -0.0488263962296323 -0.0600145568459646
-0.152567036484531 -0.184982313436891 0.0420233553809261 0.0369291120918828
-0.0763630269692131 -0.23098348643522 0.00669370786634785 0.183055271213064
0.0770618925470962 -0.297088905709462 -0.0769311774443996 0.281850060485965
0.419541243575107 -0.148980226023552 -0.215134018163338 0.178406234069726
0.351361026926719 0.296852344799326 -0.226372622324326 0.0651764280517297
-0.143747178584997 0.4159994609855 -0.143363229662249 0.100849983561225
-0.533613766918999 0.229435128556026 -0.190624278402492 -0.0203480239353302
-0.460125711201619 0.204568219872908 0.450644384323976 0.200326137521092
-0.137149270313347 0.319787937048911 0.453420586798495 0.111611710980428
0.128393773617692 0.260725781406883 0.45134063792338 -0.218745575355226
0.265072161520043 0.0624577193752477 0.233180199449281 -0.428804712964896
0.155493043196929 -0.105698370569899 0.00111706367031255 -0.402189566547023
0.0451016598985854 -0.123361653208526 -0.12032021299103 -0.307008812380072
-0.0536496457323192 -0.168128104742393 -0.13427640527231 -0.188883283563457
-0.105734691287765 -0.171687636133477 -0.091560345191137 -0.121453524237272
-0.129255354579246 -0.165369125054855 -0.0197976346980299 -0.0160542079471629
-0.0547410977215654 -0.22640918823461 -0.0596119664991941 0.108985816828735
0.114846412108073 -0.273212195195457 -0.107865885643856 0.154689336863495
0.420740188309063 -0.066520434544985 -0.127620757969795 0.05214598926282
0.27284842091152 0.345442989430421 -0.0654373695592152 0.0698850128385497
-0.194659806235086 0.371342503684538 -0.0680285982479923 0.166670283724982
-0.493797969128132 0.191795171227997 -0.0369922051985528 -0.0210721682526766
-0.329666719514873 0.165824714603259 0.580219989255341 0.208435082466343
-0.101617451777887 0.222634485165886 0.555387439505544 0.0555533999577688
0.0683601836735411 0.193864691264647 0.457208951153715 -0.277113476694601
0.173861759909065 0.0778922220710403 0.207457104868666 -0.444696387606851
0.114358994284688 -0.043431567615554 -0.0154440287699076 -0.405900977183156
0.0422772109327127 -0.0650610895157951 -0.12264857502903 -0.333463701958749
-0.0230302093415447 -0.106670581887712 -0.147937340851892 -0.238164743772857
-0.0585699216816233 -0.114201632228275 -0.121961869315201 -0.161509108462963
-0.0797530276797687 -0.117168700438795 -0.0737949600991726 -0.0580498317052043
-0.0141180083762489 -0.169100515395826 -0.100167975213921 0.0324045952519107
0.12420088203142 -0.174476864334899 -0.0860692655958402 0.0403386103803792
0.304500309136521 0.0268889487189434 -0.0107678988561531 0.00321235504015596
0.125907648096165 0.287969926920086 0.0376763872414559 0.152117519775501
-0.187978739948051 0.224997988375993 -0.076970648967107 0.213710435100427
-0.35594776112716 0.110649181525431 0.0805733765645385 -0.0447425946194377
0.0474302287015007 -0.0414596287663253 -0.143931425828203 0.211460440988121
0.0776001272043279 -0.100504194562581 0.083148554372618 -0.111687782191714
-0.0030618840149008 -0.127810217384878 -0.0627143535102251 -0.219796975140669
-0.100308396914454 -0.049866949427391 -0.0564442578127907 -0.0527466000409371
-0.0614327003557011 0.044827775807445 0.0259937709212194 -0.0231446054456091
0.0130106787247655 0.0493343070625859 0.0483025386127554 0.000531779302467489
0.0365810164722917 0.035792971855209 0.0811864479862701 0.0741406416186499
0.0268222243569161 0.0215892385502538 0.129652297589386 0.154661479648381
0.00212956331046231 0.0299399291265186 0.199575936463319 0.236723086809787
-0.0296526736651135 0.0111257030247455 0.181001057861506 0.331897826091334
-0.0547246212922124 -0.0148077393772792 0.098855418802203 0.41232806477057
-0.0561194615408373 -0.0586044658317485 -0.0963868175230091 0.463787828006006
-0.0256695589400791 -0.083509243583842 -0.361585536321211 0.38090611585412
0.0642782964629115 -0.137709009634089 -0.603247651393283 0.12453491171787
0.153526394711811 -0.0956272464060536 -0.743748476272217 -0.110975926976859
-0.148316754131232 0.118211676854981 -0.161278851420344 0.174561477272359
0.0196679493048763 0.147445231466498 0.0543419351572302 -0.107743311102749
0.144420646411311 0.0446636916567984 -0.0817720055534738 -0.217919871951073
0.110000325696886 -0.107269645644862 -0.0772475018456503 -0.0596576838375113
-0.0172108235476645 -0.116508409680113 0.0225945222826506 -0.029139421544437
-0.0337452602770431 -0.0548572556714361 0.0415973522912024 0.00105213024050632
-0.0445494001962839 -0.0384055167930551 0.0829708252227036 0.0748667161435906
-0.0468771887835822 -0.0460804750968215 0.125333951395783 0.148268009076926
-0.0490570361679897 -0.0316497337317001 0.200370560367401 0.22330607399983
-0.0318066700521364 -0.050289856952393 0.182570028912332 0.317321615292253
-0.0169436924439116 -0.0658238458439041 0.11785420742389 0.398925853408713
0.0307104200250704 -0.0725251530056233 -0.0710299573617177 0.461981011337998
0.0433210456703557 -0.0234660349925975 -0.351878471660491 0.403527954604099
0.0288456552351985 -0.0268810126051622 -0.574571655137128 0.17982373087189
-0.0171749401775074 0.00994277468888101 -0.739321240916235 -0.0505941932427696
-0.312287958679768 0.241809482068464 -0.119989363943162 0.126043081121967
-0.026049862629526 0.345690585416144 0.0218219957544623 -0.0733306446141971
0.262075433717862 0.187389993440949 -0.0420187573426112 -0.157354521791426
0.286157421332574 -0.137906303025367 -0.0159630456279614 -0.0899351387613134
0.035180363265431 -0.236063262000321 0.0332831255261128 -0.100422479372673
-0.0593162147383138 -0.144758666669826 0.00417862434343247 -0.048039234252163
-0.107216291009257 -0.108848361047517 0.0515153873901479 0.0506918291792445
-0.111598205034904 -0.106573532792416 0.100194258159305 0.120604773339512
-0.0984076215832796 -0.0841638159262576 0.190736913300904 0.185475249132582
-0.0437702037845951 -0.101651191579428 0.183758934233248 0.287897947694049
0.00307374870896551 -0.118674281669114 0.134117509833626 0.393564716532573
0.11362710328325 -0.106817620580922 -0.0685868617103847 0.465397979164107
0.131873781056742 0.0263064135423335 -0.355789309784668 0.40096738329435
0.0101837048997418 0.10112635945405 -0.514474772992078 0.19057230585901
-0.183713366508438 0.127619279243457 -0.663932689535947 -0.00571406923506822
-0.422821746874173 0.314682246709805 -0.0258360510400077 0.0934844113913968
-0.0454161994664247 0.451943495594599 0.0409781246959582 0.00143226996288764
0.328069949301664 0.259504335428078 0.0763764734420993 -0.0987942358092863
0.378401521587385 -0.149258811215931 0.0837849074007513 -0.168132745451225
0.0752936945258596 -0.290985886877687 0.0313748435889413 -0.214805107904143
-0.0594909869842683 -0.196054870540365 -0.0503866494211079 -0.121868279926079
-0.140663003228151 -0.161425140316037 -0.000786911505514095 0.00663873183431726
-0.159061336761687 -0.150833502378271 0.056779518860319 0.0735793907602266
-0.142643475594915 -0.12271874650075 0.164748715347155 0.132639983397237
-0.070769461561587 -0.14376930716613 0.172246949133606 0.256823415868625
0.00273556204311288 -0.178948313471351 0.126813396598379 0.391853752956612
0.195780876118969 -0.167013911487255 -0.101579800417269 0.449943220228124
0.241684007160674 0.0714726504255362 -0.364974059394632 0.349144926842437
0.00392480068699393 0.240493121010735 -0.414727210107977 0.15731123377672
-0.328357736334045 0.238870522198269 -0.529231608763836 0.0128036056813915
-0.475034866854196 0.337406713072476 0.118748750448708 0.0895063832047114
-0.0574157117180775 0.465365617151798 0.150500561745779 0.0724425524096562
0.321060178004362 0.2723603861562 0.233860732777329 -0.112991259461524
0.384406926956881 -0.124513617651736 0.159180720570665 -0.286437662139444
0.105267714324875 -0.275412485868825 0.00343355064580692 -0.320997997232517
-0.0365476849832006 -0.20387582158567 -0.108179846347311 -0.194055395775548
-0.144795193182369 -0.186306162935031 -0.0616058381266014 -0.0499775179481192
-0.180849277790563 -0.174562403586347 3.29798365513035E-05 0.0133500565945777
-0.173654016237764 -0.145268535995819 0.115852626968675 0.07853465791094
-0.102801393081488 -0.179670496310244 0.12917853283028 0.227640024292956
-0.00179582675031918 -0.246559357680954 0.0717830566982774 0.372243851043245
0.285390402727543 -0.22677180700056 -0.157084500753783 0.376947579326896
0.348634487026944 0.128901639385621 -0.338259662496941 0.240304413095018
-0.0113546786162398 0.368912978602773 -0.271416004974003 0.112199062159647
-0.434313235602643 0.317333077020165 -0.355268013122993 0.0111898630100169
-0.466547503473551 0.330015999797748 0.296387465744545 0.0948405667180417
-0.0650235750354701 0.416821659579642 0.314319655147488 0.0803506554249606
0.25940561289835 0.254516645273152 0.348670015283762 -0.194620222730078
0.337325400674658 -0.0669348351387222 0.174631945921125 -0.394416583019417
0.125241751453571 -0.21380962508143 -0.0370185163295159 -0.383372534997034
-0.00477433494170897 -0.177357399934877 -0.151728254046786 -0.248123773075081
-0.125927708338698 -0.181713440886632 -0.116882102445191 -0.111826749314055
-0.174664085545359 -0.174340924514797 -0.0627379569828394 -0.0499617486391471
-0.181820025302303 -0.150107423433489 0.0492734307531729 0.0299366098950365
-0.11839720203147 -0.208516682513442 0.0544646045317627 0.189285006131282
0.0150376779221653 -0.294530554540391 -0.010309699903942 0.303192132659338
0.37023921076121 -0.232701791274315 -0.181025115772641 0.236935218728525
0.39688986933494 0.210375552519786 -0.230035974334907 0.125898929867148
-0.0552805579675996 0.442121314118884 -0.118348042792645 0.107073515596674
-0.480396301548845 0.342852257839572 -0.17281982058881 -0.00628268615064625
-0.395628971817222 0.293363398848929 0.473549180740309 0.093052461723278
-0.0639811230803801 0.333062338530121 0.461637816131314 0.024379553714385
0.179796873798664 0.219827922431787 0.390462972387829 -0.289100344155172
0.268160808127327 -0.00784949020785703 0.150212815358398 -0.452148970115439
0.125940487105484 -0.137827203131834 -0.0691865158960816 -0.400546821426111
0.0192629881404124 -0.128902689519455 -0.17542080483344 -0.285572798191243
-0.0909987770984546 -0.149713249561061 -0.160044875950112 -0.170368589490769
-0.139729994697459 -0.147937376181061 -0.117595508156314 -0.103611029320833
-0.156904339347697 -0.136383964595987 -0.0234846562577462 -0.010749665562799
-0.0981943628471072 -0.209321350549751 -0.0285403634765928 0.129815209732903
0.0553433770953628 -0.281694315610618 -0.0709118000184483 0.182938533531559
0.39065543037682 -0.154476926971503 -0.124755958104098 0.0885563161156474
0.334178390908005 0.273861859749489 -0.0661239959220175 0.0880428151665314
-0.114941616109172 0.41071159220274 -0.0210868813608943 0.156971474209794
-0.447361598180903 0.298564326767814 -0.0166259772389487 -0.0368464620280169
-0.277623824473533 0.229018244846376 0.615357049605612 0.0758871145133315
-0.0492665970187385 0.23186337153918 0.557081010343471 -0.0570290451199453
0.107779944823106 0.168187438954604 0.385362214429012 -0.355986746348574
0.183285765372277 0.028100577624047 0.11836797773733 -0.466984689954319
0.099443746072891 -0.0683933777830405 -0.0894912763091489 -0.399985449750543
0.0275783300144852 -0.0705025696319309 -0.186241277530899 -0.309061498545945
-0.0479026330333428 -0.0976178826799727 -0.187412018822079 -0.213340854040778
-0.0823473138364508 -0.101122401494937 -0.15618010504533 -0.136940766313593
-0.100557850466061 -0.098734407038077 -0.0851283734589486 -0.0426581647715354
-0.0488336403595675 -0.161796551817169 -0.087702157794136 0.0613403972621102
0.083332879844792 -0.191423138872727 -0.0773417229137047 0.0628491652392718
0.29997972707247 -0.0394122450199145 -0.0189971909360049 0.00830069353855465
0.180950321603458 0.251519668605389 0.0622739120271972 0.139900675508257
-0.140317979489406 0.265909212738564 -0.0139267051844914 0.212809432466028
-0.325526435348476 0.19033022520509 0.0926536668554331 -0.0775980670917653
0.0481508183611444 -0.0438400199036345 -0.149802284934768 0.224685689561991
0.0738270693497179 -0.109861814667899 0.0683835101045356 -0.111977913222833
-0.0112224019184214 -0.133733000233201 -0.0778430313440612 -0.21315033338638
-0.107175486377616 -0.0468545315444022 -0.0556061485345658 -0.0463182529118449
-0.0629464677227368 0.0510190242534201 0.0297230842400774 -0.026558695582872
0.0142950663000112 0.0505813425197254 0.0478501303783105 -0.00390812604207432
0.0396951236767857 0.0340865555673725 0.0846519433439158 0.0742311600906878
0.027865070575709 0.0209619745888225 0.1392320101959 0.160704684021551
0.00329238848224956 0.0303598559999475 0.212953243259799 0.239222259938965
-0.0315480976790778 0.012999591354687 0.197222046330094 0.336697297655937
-0.0590511574676584 -0.0129293112160441 0.112888727304038 0.419754938042059
-0.0612977699848124 -0.059268050307735 -0.0826116756435186 0.475417038377459
-0.0274855712781632 -0.0849926638213462 -0.356701460938238 0.39772934963064
0.0600297046115771 -0.143249726573474 -0.61115061008234 0.149989832999913
0.154816536618251 -0.102105661177647 -0.770902945186096 -0.0844106442685573
-0.146470640017321 0.128676132247115 -0.170841891545127 0.186547929314058
0.0228275014355772 0.14811851194837 0.0388758663340058 -0.105107078950383
0.14866253149055 0.0389027642751009 -0.0993839618711396 -0.209444759847526
0.107870035993735 -0.113028816488872 -0.0787648531360258 -0.0510054258766035
-0.0238811233069297 -0.117348136176862 0.0241899883388647 -0.0316100940700246
-0.0365273359138762 -0.055907946698999 0.0411051933994195 -0.00294558051234496
-0.0463159354090466 -0.0389984755343479 0.0860693724290068 0.0752880109858435
-0.0511600849175928 -0.0463705893206827 0.133962614061432 0.153223344110984
-0.0510206102667432 -0.0321042159102865 0.212230744124013 0.224975987040579
-0.0341277755788459 -0.0515780973338668 0.198387300794668 0.321171732473341
-0.0202940420032567 -0.0676033070431218 0.131959538242564 0.406078146978905
0.0289045384213041 -0.0759470408709072 -0.0575938415283191 0.472969543770561
0.0452031865998176 -0.0251625918808209 -0.345285657981518 0.42242434350865
0.0249787805727231 -0.0274749016766218 -0.578649592863798 0.204834508890332
-0.0181069038401091 0.0124019258565925 -0.764018256319794 -0.0204529650141009
-0.31145032568737 0.262998419974251 -0.128916989002478 0.134018496565927
-0.0166846725536851 0.354392638296824 0.00684638074712944 -0.0685677477550334
0.277029228904542 0.18278179742212 -0.0561709698246521 -0.148549721824722
0.289643051585985 -0.15217597309588 -0.0176718196282077 -0.0847820276523713
0.0263059770800408 -0.242936100329364 0.0306272476648486 -0.10547668659688
-0.0656682489655551 -0.148076050105261 0.0012191511395326 -0.0512846122477566
-0.11361409665847 -0.109874191028479 0.0530993385149463 0.0511346843803022
-0.121237058039651 -0.106620474619551 0.105876196967713 0.124770990442317
-0.104138464876683 -0.0859398951129588 0.200113682534874 0.185947191214725
-0.0465215844367549 -0.105897135062582 0.198554180070853 0.290552861721593
0.000873473286977695 -0.123346517725084 0.148704588158384 0.398747781345903
0.113505947508437 -0.113415643013187 -0.0555828696604244 0.476604646595043
0.136662117084298 0.024379915468478 -0.348629094175228 0.422631917399916
0.00918316867535542 0.105648743240314 -0.515307019803379 0.2122484363996
-0.185247883065263 0.140157887336832 -0.683587518679196 0.0214892136784997
-0.423363876070791 0.341620008509022 -0.0322922575757575 0.0957436448165407
-0.0324660478113041 0.465326588705857 0.0305387900925022 0.00742785322351259
0.347331726130717 0.255531214347556 0.0678696298799764 -0.0943912852486422
0.384947506295045 -0.168521000583319 0.0813123465017732 -0.16980587096993
0.0675351984865925 -0.302057998051587 0.0235757165419037 -0.222305295886407
-0.0663523620075079 -0.201637097123771 -0.0575071252112982 -0.125082112078471
-0.150176631460367 -0.163148562453116 -0.00232165581112456 0.00647921680254411
-0.172409803211048 -0.150812796789161 0.0595355351169192 0.077263303792172
-0.15086322990071 -0.124581817403843 0.170794415914848 0.131474645053499
-0.0746872686661537 -0.148547197691471 0.18645606100728 0.258163649725785
-0.000842239780355202 -0.18509832375792 0.141702756779695 0.396921901002179
0.195999581830596 -0.17906696806176 -0.0900185164281689 0.463139769589388
0.251384182155552 0.066085882559739 -0.360617769716095 0.368848982777356
0.00743002078920179 0.250226654654607 -0.413026870121873 0.175196417830478
-0.330371969317444 0.260137680260938 -0.543202465554127 0.0355054672039158
-0.477939164212574 0.368728755519162 0.118150867559686 0.0858627077062087
-0.0445950459731368 0.481207394799704 0.14732439853565 0.0748222080347458
0.341085052886001 0.269703440870692 0.229922726450481 -0.116010424803294
0.394006825525866 -0.141947788626771 0.154103687914729 -0.294566689339282
0.100654344739685 -0.287815726964801 -0.00828207953627438 -0.331216734056576
-0.0414540885776462 -0.211810584187395 -0.119585811416211 -0.195682638138617
-0.155153779341984 -0.188473355353268 -0.0666497004491829 -0.049971551350188
-0.196510415846945 -0.174532795612419 -0.0020789694385249 0.0159877956410839
-0.183597213284405 -0.146838302231688 0.119056576372818 0.0767885749737218
-0.109648969936941 -0.184444607126587 0.141688580647921 0.230561029720414
-0.00851619592344495 -0.254528266549991 0.0864128505010915 0.379429794379829
0.286105830502563 -0.245651388988292 -0.149521007354049 0.392357623947358
0.364635683406039 0.1214929560536 -0.336872608703825 0.256889700018917
-0.0032809660283027 0.383151723314364 -0.267222483084633 0.122588958707374
-0.43765855961405 0.347637793222256 -0.360140315937981 0.0271210581310392
-0.466667187513187 0.361041615496874 0.30403167141355 0.0848358585863918
-0.0542733684671289 0.431874535023397 0.317219806645581 0.0762926154592604
0.277197633658062 0.253849785016248 0.345139341330591 -0.206501236788872
0.348731740499481 -0.0817356003258507 0.165276166994725 -0.406385402105558
0.125385734127831 -0.226122200069607 -0.0517255034899326 -0.392409474765081
-0.00689762154343356 -0.185385025757427 -0.165256182188035 -0.249585721316803
-0.134753331780449 -0.184387717396991 -0.125449201656442 -0.111955931371787
-0.189999865026776 -0.173762600820824 -0.0690310876261277 -0.0480201354884934
-0.191988007419717 -0.151707660956607 0.0486680730430126 0.0284132768202663
-0.126777213932875 -0.212109008687849 0.0642747948427127 0.193905585400086
0.00679088313813309 -0.304235994035823 0.000500354673862905 0.312357394228953
0.371487547095418 -0.257101634158703 -0.181704961410764 0.250344311673729
0.417724994212499 0.203036918530678 -0.230474446047986 0.134161638555423
-0.0453465454763896 0.460415717159716 -0.107933642491308 0.109685447257195
-0.482873289596749 0.375598611964368 -0.172444027282955 0.00143656412982944
-0.396637166731659 0.320930198647085 0.488086103129321 0.0752915918431305
-0.0557439701675778 0.345939811787927 0.468159462233401 0.0122466687793082
0.194877527321773 0.222487786141159 0.383951743634684 -0.305709393466641
0.2787566095988 -0.0183484342412936 0.138545440313884 -0.463257945084209
0.128884177748678 -0.147681136347402 -0.0826704136694619 -0.409288471437202
0.0204181166135745 -0.136045594779483 -0.190097128103103 -0.28837914860596
-0.0983279422547671 -0.151908963020223 -0.171574415704605 -0.171685985613124
-0.152555592087954 -0.148553015737237 -0.127496793461734 -0.10312723323747
-0.165247950616707 -0.136839144023232 -0.0269613638913092 -0.0114444785538391
-0.107523064922374 -0.212880474386391 -0.0219945999382101 0.137046845205463
0.0469075496081952 -0.292510445941328 -0.0676013625005399 0.192068490134293
0.396169984291807 -0.177485964082171 -0.130530942277369 0.0940731806063723
0.357266722343037 0.269428997674774 -0.0637062949576119 0.0865284047583862
-0.106206410657741 0.430871721404099 -0.00500884570690239 0.156456562465453
-0.450007002295001 0.329175763212386 -0.0108098210736787 -0.0365266159516035
-0.276721887960163 0.249753145224239 0.634470991698092 0.0512678723807046
-0.0426105880651732 0.241066580768903 0.56421900054496 -0.0770630876713065
0.118878789995819 0.170729083946259 0.376201748921121 -0.372938857580888
0.192852254450797 0.0209339285354991 0.105051262251435 -0.477611284994796
0.103563018218365 -0.0747158429880296 -0.101986149231711 -0.406530020079387
0.0309885209951628 -0.0742817331559475 -0.200792828162413 -0.313219696919872
-0.0519736034666423 -0.0981371723611717 -0.201789190901466 -0.215647921950731
-0.0908539198041337 -0.101569076430589 -0.168193423174822 -0.137718723783762
-0.105875693618673 -0.0994761021545535 -0.0894401769336723 -0.0420044784918509
-0.0553414343150611 -0.166481467749597 -0.0847048303196341 0.0694337320405773
0.0787688102641492 -0.201552765836191 -0.0793014810538933 0.0688255743128502
0.306840855068619 -0.0551921294818602 -0.0247078094816947 0.00630690136697864
0.198490839504562 0.252587725638364 0.0719484254083814 0.132199269711001
-0.137533777440652 0.282555649011528 0.00652318922307437 0.213855630672949
-0.327657590964858 0.212799823902307 0.101911899586983 -0.0826060880469489
0.0478103372103551 -0.0479477778283623 -0.148251206927009 0.244421058603311
0.0650080151806942 -0.121356309705445 0.0511830123796708 -0.112162997571644
-0.0253756955283378 -0.138744460604808 -0.0992375696618276 -0.203503505042679
-0.11584883181261 -0.0390349280925972 -0.0559809172875264 -0.0390395236462992
-0.0620642204732792 0.0597855617740123 0.0332251767476218 -0.0316022005182032
0.0178956075031738 0.0520013652070653 0.0464275320149349 -0.00979034418011058
0.0434358654778649 0.0317743450242555 0.0910788235136684 0.0733761997660633
0.0298997062222933 0.0191697460746321 0.155811129157994 0.162848501197132
0.006229065105653 0.0311185651715415 0.235817644549451 0.235930749518614
-0.0331889977746904 0.0162574033457192 0.225630665047607 0.33564796460986
-0.0632801649966206 -0.00883976077248097 0.141341227715641 0.425053880520648
-0.0690422810786862 -0.0572048180405865 -0.0544467274344374 0.490834874085991
-0.0315371564062515 -0.086818758059576 -0.339412725432317 0.427968128485036
0.0508211582861205 -0.150163129629468 -0.612387044550689 0.196014279711804
0.152929298311261 -0.114066011307563 -0.799388078515557 -0.0290206668001639
-0.140093758375973 0.143631624789842 -0.174193952515944 0.20612217525584
0.0309565601967066 0.148891790624652 0.0209912392992026 -0.100915510001646
0.154028685610501 0.0281525663180787 -0.121474290756182 -0.195595005486937
0.102189237809441 -0.122827636966347 -0.0799820485248262 -0.040271848964333
-0.0343695876748449 -0.11615678406097 0.0250513995848113 -0.0349526649270563
-0.0413824940539268 -0.0554521327326709 0.0396241407302115 -0.00818352422330302
-0.050089859255897 -0.038622400632972 0.0916259979498607 0.0732139270468329
-0.0571196123136345 -0.044743403783778 0.149181999046116 0.15549281042123
-0.0546645678387489 -0.0312442726840515 0.232978526204664 0.221612119325661
-0.0390136545032557 -0.0524564282165871 0.22507704672682 0.319830733988222
-0.0252023792222407 -0.0693117511262512 0.159227782931305 0.409403151346351
0.0246849839661503 -0.0798217576070137 -0.03018814233501 0.48601364374205
0.0456251805674418 -0.0284299783204024 -0.324739314864182 0.454960830940151
0.0207312453501889 -0.0282469971119041 -0.576790971856391 0.249873124343029
-0.0175764057277726 0.0159061821927138 -0.786535004253147 0.0349228648494699
-0.300731901862431 0.294057065467755 -0.134444256351111 0.147806417745537
0.00525324460396955 0.365618756605584 -0.00933957669943141 -0.0613477836694921
0.297101341940583 0.167498536397175 -0.0733816932841708 -0.136204132284267
0.288295536907174 -0.177259316232752 -0.020627731719577 -0.0793198637828162
0.00992841917257069 -0.25002539821659 0.0254554426303068 -0.111499004323657
-0.0767890282679324 -0.149698056184821 -0.00409438787493373 -0.0541907029508696
-0.123619558162477 -0.107535121107223 0.0562041482847442 0.0496852648427037
-0.135250619260153 -0.102469843893703 0.118712296088532 0.126691279163376
-0.112293833367783 -0.084345200036454 0.217185365034224 0.180807863231528
-0.0540811264920658 -0.108518420343697 0.223453917066047 0.288085373629373
-0.00516897740140595 -0.12805731462386 0.176860159636609 0.399594552536693
0.11011933731328 -0.123985362864513 -0.0262210240381691 0.490706907225785
0.143488282061782 0.0169747208448788 -0.328391408143767 0.454570755926764
0.0117563816366106 0.110730149034471 -0.510207070693672 0.254107177959526
-0.182052229400458 0.158771106339046 -0.703100573525126 0.0738312505033158
-0.410974383028017 0.383558254860978 -0.0352568249016486 0.10194029435763
-0.00450874005016354 0.481473979431012 0.0210082202158363 0.0148846237851814
0.375345504531446 0.239615589707747 0.0586594438123422 -0.0899770648514054
0.386724930533586 -0.201498448484182 0.0746115058366123 -0.17369684038685
0.0502702832416333 -0.314536219248054 0.00923013313775463 -0.230722135733861
-0.0797395461245025 -0.205894802778626 -0.0694191797789086 -0.125452697374737
-0.164627786013928 -0.160525678809349 -0.00429193715183364 0.00738548759524446
-0.191371819207219 -0.144652784563514 0.0664842051071096 0.0790468239414776
-0.163184419085144 -0.122109265506042 0.18228850375589 0.126517121355789
-0.0847989742704675 -0.152117078157076 0.208620545367833 0.255345697246239
-0.0110971458166808 -0.191920548444103 0.170295010718402 0.398450282812088
0.190839359874391 -0.197039417993536 -0.0620618709030101 0.480382478335722
0.264445122448404 0.0521374126701525 -0.343109890249877 0.404523214876855
0.0202134361923686 0.260329343198624 -0.407741881624987 0.205088371945578
-0.32243407436238 0.294142225589243 -0.555484216798675 0.0765065160336248
-0.465328894850118 0.415748202771413 0.120479212496266 0.0798721974148071
-0.0154509128826629 0.49761868504729 0.148065807405119 0.0750046475821692
0.371288449635056 0.255885399750488 0.223429518284393 -0.125617303562983
0.399762774231329 -0.17494125005147 0.138968341594438 -0.309570928602018
0.0870982093026194 -0.303993257696542 -0.0318950685061492 -0.339803716693411
-0.0534956636214867 -0.218702108982809 -0.137556070927794 -0.194271111815868
-0.171960047167907 -0.186772820710984 -0.0740951365139806 -0.0470947112231065
-0.2184739401267 -0.167009763702027 -0.0025787785558314 0.0188009928712968
-0.199045278836768 -0.14247717174815 0.124360247746614 0.0720917646644928
-0.121981471465025 -0.185756972127962 0.162324272231435 0.2284664455499
-0.0234489447036115 -0.262446742956164 0.113874887324568 0.385185686980336
0.277411531020954 -0.272926238149501 -0.12910959970343 0.414025440829966
0.385334873600269 0.10004898174667 -0.327352777290992 0.28582968136101
0.0182305061494956 0.398545063506511 -0.259701121111122 0.139542325452662
-0.426207204599196 0.391689409498676 -0.365548590706859 0.0560214424472521
-0.455410382334451 0.407910253388052 0.313644993780949 0.0642684729573954
-0.0298933755577255 0.448908944361592 0.324437236971884 0.0638898438320261
0.304542676155599 0.244902951174884 0.336444698447197 -0.227234319371055
0.357002359184399 -0.108781853388767 0.143349681240676 -0.424469544654819
0.117160985814177 -0.242273066972046 -0.0794218264875728 -0.400439013317987
-0.0149628905318529 -0.194863621632043 -0.188130874340424 -0.247053966727426
-0.150335202749838 -0.183581354669904 -0.139170087162504 -0.108480706040747
-0.211595205921993 -0.166795683974822 -0.0766180169094187 -0.0437021744847366
-0.208007283763181 -0.146407289831882 0.048824615961522 0.0265212542450037
-0.142456456067867 -0.212146150095678 0.0821735272179877 0.197500798343304
-0.0127347098965878 -0.314378065235185 0.0203142679682477 0.322545370265062
0.365037594824675 -0.292228277960572 -0.172581945325319 0.27044143379838
0.447870668358523 0.178961105990888 -0.227756329449268 0.15023201514805
-0.0174438987388683 0.481812152546454 -0.0949338644505436 0.113902259186915
-0.471014840717403 0.425291858846675 -0.170875440861754 0.0145421512188318
-0.384155198501047 0.362935301271759 0.505321954171581 0.0413918163390247
-0.0352299991115288 0.360207298425213 0.476257807805138 -0.0150261952003476
0.217311201888808 0.217372348669203 0.36966901357421 -0.332031527546229
0.289660401947646 -0.0394758708986413 0.1117205657487 -0.481632169859406
0.127092610753737 -0.163313395895158 -0.110543823596589 -0.41570670243471
0.0169170354598535 -0.14624136225937 -0.215103261127921 -0.285489136547691
-0.109961119163566 -0.151670563110237 -0.191103385621068 -0.167553892464641
-0.170707935027726 -0.143590453646215 -0.141254258089802 -0.0974183730460809
-0.179448573912168 -0.132969959870399 -0.0295788258727489 -0.0105253103221114
-0.123937181916706 -0.21376791294489 -0.00938364450178002 0.145057003172253
0.0295073141077467 -0.305602783660075 -0.0579583322296166 0.203503664468493
0.395961358742234 -0.213100330300696 -0.132794539299456 0.105376406855294
0.389708748445025 0.253319562771441 -0.0582125008801982 0.085819245196572
-0.0816609793747403 0.45596608957709 0.0160170087714985 0.154598304620077
-0.440041499951534 0.375739038433843 -0.00488919568099168 -0.0369734789767338
-0.266649823666217 0.281525569628017 0.655612278542504 0.00952731820422536
-0.0279895633296775 0.251700897597095 0.569985290704134 -0.115132180017989
0.135708463588485 0.168351193553373 0.358328512947912 -0.401762509645258
0.202819169885015 0.00669004785650895 0.0786463961709217 -0.493220109367459
0.104887670260753 -0.0849372560612008 -0.128026345047015 -0.412664044715201
0.0316013863627237 -0.0812972781758847 -0.227505948166576 -0.311265096901373
-0.058494692985165 -0.0978491038577412 -0.224323665683261 -0.211578208400004
-0.103123611775126 -0.0991279752690822 -0.184509068071761 -0.13223610729542
-0.115051157253464 -0.0970093373631869 -0.095001206917467 -0.0384188489128193
-0.0680927689821222 -0.168446827762516 -0.0784384787506402 0.0792733438517393
0.0679695955571728 -0.214111730390845 -0.0794446939151708 0.0780618553199575
0.313417216640044 -0.0811632017090782 -0.0309653118811188 0.00553514968758563
0.224408775340843 0.246213989959405 0.0855832349832328 0.121868458901616
-0.124394612541336 0.304330853354021 0.0333954282180243 0.213646168774552
-0.323068309290044 0.246909134719979 0.109065357030603 -0.0930449633729763
0.0459333489340515 -0.0518025103120183 -0.135326427485568 0.261489503693369
0.0502215304661601 -0.129969143339398 0.0300314097067104 -0.107320955851071
-0.0421172591324818 -0.137321103360334 -0.119366772341816 -0.183436912385104
-0.121395830982488 -0.0275339139139114 -0.0539569953971166 -0.0299173476968954
-0.0560234863269227 0.0684754730328069 0.0336615182228189 -0.0393432998527916
0.0219718137985435 0.0513330566606925 0.0426488091128311 -0.0163434700249722
0.0466226319522459 0.0266483938253414 0.0971761728671907 0.0669594757347604
0.0321992447741393 0.0164491842233503 0.173494039336736 0.153573221561603
0.00955788183018719 0.0303214758986055 0.257724707523761 0.219910986348094
-0.0327844461074575 0.020297105504604 0.255172210688205 0.317859796007501
-0.0663188139052911 -0.00241011966203024 0.176912358187376 0.414052729628208
-0.075981916572273 -0.0510650228767123 -0.0122027405191602 0.490119649318703
-0.0377897383038553 -0.0857438309003689 -0.301543793819243 0.45384126208049
0.0366560372442523 -0.153731781222743 -0.589459223738801 0.248641794779733
0.143243629253371 -0.127479435131677 -0.802485394604612 0.0485495732352855
-0.124775891840119 0.15782490360902 -0.165453170038814 0.226483804913554
0.040414703173698 0.145270672511418 0.000874739135566307 -0.0918860078402624
0.154052742316215 0.0132503863329073 -0.141900486169125 -0.171176515750332
0.0898302242251477 -0.13197223387083 -0.0782962530154264 -0.0274252990870679
-0.045274493503572 -0.109034625355503 0.0237560340343645 -0.0394304051780738
-0.0463750993201128 -0.0518646555682218 0.0363288628496817 -0.0139673917543508
-0.0536129952539569 -0.0355124080168506 0.0977128655855634 0.0672088918165721
-0.0632532181519511 -0.0402758860800712 0.165790792507532 0.14738996677316
-0.0575034795584729 -0.0282851135536585 0.254018099263782 0.205369620338613
-0.0439900430721094 -0.0497496862296036 0.253164657307993 0.302995128599046
-0.0314565989739867 -0.0678501034313368 0.19236569898977 0.396557482804609
0.0179831929388112 -0.081593528201024 0.0116390799043019 0.484224026298195
0.0443975307195149 -0.032414384061358 -0.283780400603441 0.478447915279156
0.0155090046858333 -0.0273212467349174 -0.549267742202903 0.300188851685275
-0.015550036552412 0.0185161680887619 -0.784624545293235 0.112728823416231
-0.273082062477564 0.323635391600076 -0.130961196720598 0.1630991285257
0.0341909220589398 0.364504362132132 -0.0247174698552122 -0.0491131718950328
0.31110495912609 0.140570424600713 -0.089111291345785 -0.116523920345897
0.272510924909223 -0.204447029764486 -0.0226140270550293 -0.0711354281913089
-0.0121472659655045 -0.249651574334206 0.0163975078553504 -0.114917082481765
-0.0893893669553401 -0.14445374450181 -0.0116241644358446 -0.0551246858507041
-0.133649966991708 -0.0988593029952123 0.05871413332192 0.0457337902645347
-0.146679028636863 -0.0913023604779506 0.131426944295923 0.121182913119677
-0.12024330911144 -0.0779197611271288 0.232792132160814 0.164793806474483
-0.0628133910983138 -0.107324532638406 0.248531060148987 0.270726380879899
-0.0152135470810097 -0.129387763392778 0.210079393552103 0.384900412774156
0.100930976085528 -0.133897319995043 0.0151892194622087 0.490061953534816
0.146161435532401 0.00573842659446079 -0.285602362391047 0.479919986284082
0.0171639500141261 0.11264569466985 -0.482913740397561 0.296549584708945
-0.16671203713022 0.177773529590853 -0.69568160434312 0.141944959524244
-0.375738969459306 0.424804051831449 -0.0348834570509834 0.107118430441124
0.0354299843409184 0.481978171367455 0.0139089523380365 0.0234140439685053
0.397371964817291 0.205508989340147 0.0476061172662143 -0.0828657476939589
0.37108564749389 -0.237841132453795 0.0626217466666269 -0.17489301723632
0.0226644020888657 -0.319213111176184 -0.0113584719108759 -0.232074306203637
-0.0963242649058491 -0.202224101035422 -0.0836173747224559 -0.12066166599082
-0.179569078953816 -0.149406733007747 -0.00576953918696285 0.00878266075675015
-0.208351557951117 -0.128704361927826 0.0734899634962802 0.0770846652457528
-0.175719612254236 -0.111377062151292 0.192540751668737 0.112805503822417
-0.0963538313406538 -0.148184269031194 0.231813666496307 0.237796194148243
-0.0253083136177108 -0.193382110404527 0.205079657218362 0.383536458055229
0.174467327856242 -0.214806126586193 -0.021103989321316 0.48511527123903
0.269807255742811 0.0295666683713137 -0.304778626538845 0.433126266583185
0.0382769016600529 0.262747504242183 -0.383055979717808 0.238469949271612
-0.296114084110055 0.325813713753481 -0.545396922810513 0.131885566558455
-0.427045994913645 0.461246123651745 0.120637996150647 0.0694276954748053
0.0258772559132318 0.499742219148171 0.148081708603304 0.071778426811235
0.394835598106598 0.223283268825772 0.209973083479734 -0.134602786267066
0.386516787708318 -0.212494757190253 0.114657538599053 -0.316629282669521
0.0616742549050422 -0.313222426245766 -0.0620919078541799 -0.337125815112293
-0.0710100186079814 -0.218419165266093 -0.157103075411224 -0.183279416904952
-0.188470265896894 -0.175006306505091 -0.0812390802172627 -0.0411337435194573
-0.238281094847878 -0.148199889562497 -0.00164066557679722 0.0222314721447516
-0.212272723184902 -0.128896776899869 0.129142123232068 0.0620331186956858
-0.136730090051168 -0.179133825106097 0.183661386151696 0.215466427846313
-0.0447607487553235 -0.262102943741369 0.148202305425112 0.376246479123204
0.253395141879083 -0.29926855255139 -0.093266586047408 0.424982604001736
0.396496502087555 0.0658362794715564 -0.301239855558703 0.312722245581267
0.0516558342755767 0.40190746695383 -0.240201857202507 0.158191538255279
-0.390520935361479 0.435143730777006 -0.356927816385318 0.0899453442370697
-0.418665981198256 0.454137230789846 0.314868001496758 0.0354880467221676
0.00799050053227102 0.452374512134634 0.324865617039161 0.0425856085031553
0.327653861895687 0.218886049760436 0.312478935739091 -0.248987863447903
0.35050919260777 -0.142535256807398 0.107381489529746 -0.433141742026484
0.0993668512399136 -0.255167629226643 -0.113788227301391 -0.3927844394295
-0.0286173597316348 -0.199365201808582 -0.211699880392472 -0.231297147128961
-0.166064661834515 -0.173577955696232 -0.151798729584526 -0.0972001449447608
-0.230798670432178 -0.148000887941034 -0.0822353716736052 -0.035748571072208
-0.221365724854075 -0.131871031171737 0.049742841858173 0.0225944192878458
-0.160246996605925 -0.202725433052488 0.102445656337349 0.190875583248701
-0.0395834488474092 -0.316221608053518 0.0490388006984188 0.322640315402558
0.338174388572098 -0.327160647949791 -0.151309460603564 0.287180616138215
0.465985045955045 0.138709178090151 -0.21405798527783 0.166863826368233
0.0240392259266306 0.48942651715214 -0.0766645598053181 0.116432686152247
-0.431519527128294 0.473794580191754 -0.1626950095002 0.0298434697965151
-0.348386717673815 0.401431921277361 0.505560553463267 -0.00491975748354899
-0.00546811166995978 0.364165277293162 0.470409511095027 -0.0505813674570624
0.23789793510736 0.198507335999181 0.335868911278958 -0.358343343447736
0.290163876510502 -0.0675579822439033 0.0692408727543214 -0.485929224839937
0.115983755531722 -0.177372493510827 -0.145285052169618 -0.405911099845114
0.00808523421455694 -0.15287343360546 -0.241333347865648 -0.267176936293734
-0.12183511446083 -0.144553613489354 -0.209044107989026 -0.152743378783436
-0.18681556994336 -0.128314947291568 -0.152715902791073 -0.0845041667369295
-0.192485538277453 -0.120669015433445 -0.0322421661094351 -0.00772106083317977
-0.142991391932628 -0.205192956239624 0.00707057818717292 0.148169467998879
0.00190269045431123 -0.310376981455062 -0.0405942814862459 0.211594277258244
0.3767216419971 -0.253394186118514 -0.127837896012916 0.118220781091114
0.417642634521315 0.218493110716564 -0.0510711183478631 0.0843412426113135
-0.0431639723452106 0.469935439511061 0.0403526364799826 0.145500847513771
-0.405245253128667 0.42181586625522 -0.000489339058217322 -0.0380037810346845
-0.238293838184177 0.30876945249052 0.656373460365863 -0.0514361150225325
-0.00726270700080551 0.254470419490367 0.55484456234847 -0.160947819197507
0.152445654963215 0.156168059339315 0.316820290944822 -0.428671646818447
0.205289334270749 -0.0134858115111683 0.0374307474170513 -0.494644166668031
0.100355678374469 -0.0962867157175026 -0.160532542148557 -0.401776339002455
0.028402324716791 -0.088178921845814 -0.256245790512635 -0.293950978399915
-0.065280320419502 -0.0943024126554697 -0.247020827595613 -0.194726577725474
-0.114910127398363 -0.0903574497578044 -0.199245949759548 -0.116958796348098
-0.123717395588017 -0.0897722154345788 -0.0983126098040053 -0.0306129305178789
-0.0839487250698302 -0.16396809773135 -0.0660362456973847 0.0883249625289277
0.049085187871554 -0.221847764882794 -0.0742338106128158 0.0874331321625954
0.306311323201069 -0.112314000829225 -0.0357732707754812 0.00702364096152907
0.250264409732376 0.226178576787275 0.0970577892320918 0.104253793659596
-0.0991688640829178 0.320488358311314 0.0643831064604845 0.203363073006001
-0.299244318624202 0.281600265705651 0.109956527391147 -0.105879318884026
0.0426097204266411 -0.0535817308720254 -0.117664464849003 0.266731456196406
0.0347815896355214 -0.130476352095095 0.0112834922589645 -0.0952937491965143
-0.0558432607489975 -0.12869595225203 -0.130609352030649 -0.154619090621025
-0.121571237039301 -0.0146489277516447 -0.0489609200962713 -0.0211116952067625
-0.0472926914014155 0.0728796189444477 0.031111694853206 -0.0454733521803071
0.024923682097287 0.0480504884250231 0.0362953355233268 -0.0202491491375633
0.0463748501072159 0.0208628245427494 0.0984964539218269 0.0587554544634691
0.0316366804709902 0.0126902497251077 0.183189747469087 0.138884362083156
0.01156760084111 0.027862470941921 0.267555992463518 0.195344320942697
-0.0313724968854038 0.0230301712268736 0.270253681864921 0.288683204481281
-0.0656523024534091 0.00342936018431327 0.200417588636927 0.385681633171813
-0.0776268057448386 -0.0428904043908459 0.0233092775589382 0.467658070694966
-0.0417564373989999 -0.0814064957996565 -0.253150654665649 0.45612720588671
0.0222425353084835 -0.149537046890912 -0.542339304335978 0.284324416315701
0.128745887937296 -0.132949170494016 -0.76640162100352 0.114327359287357
-0.105175548108822 0.162028906972437 -0.149916390854489 0.235747313718355
0.048231568474184 0.136537277657592 -0.01399832746903 -0.0769857869931876
0.146999933430643 0.000875475270558479 -0.150428563641998 -0.140139940757507
0.0752739279115985 -0.13324064191331 -0.0719898199944553 -0.0149460654900985
-0.0516579371411643 -0.0984168033873186 0.0216507586495545 -0.0427471547929288
-0.0488041186602555 -0.0468129704908964 0.0300399550781629 -0.0182987715570643
-0.054446507704945 -0.0320081396968468 0.0977591108070231 0.0583078683462117
-0.0650937700753861 -0.0342835283996838 0.174234817173169 0.134059179131582
-0.0576642873680063 -0.0246050289182964 0.261185641825586 0.181504572368325
-0.046370725779951 -0.0463861504649551 0.267022978923676 0.274416086414098
-0.035796493040882 -0.0630178871729993 0.213358926140673 0.367243881698155
0.0117300021577159 -0.0796732486032427 0.046474416666746 0.460197999229743
0.0413606304645462 -0.0346463603516278 -0.23283566607963 0.47846692782541
0.0095456955455213 -0.0253506791991099 -0.499545273309806 0.330409233757128
-0.0124364068205698 0.019480062849796 -0.744447240937463 0.174993219681976
-0.234348401870541 0.334637063018709 -0.121522643947725 0.171764954576764
0.0589075840729261 0.348885711086956 -0.0352032459758191 -0.0344012285432259
0.309653904382237 0.110491244751875 -0.0957909208323676 -0.0917011545089439
0.246738825874953 -0.219808092475005 -0.0232402772021837 -0.0624231100776539
-0.0307850162830128 -0.237339627980356 0.00812704127621484 -0.113626562221947
-0.0969104303875625 -0.13377858174197 -0.0189768892649196 -0.0538281807757744
-0.136576601314073 -0.0871648291163415 0.0585495976605403 0.0407723915956919
-0.151104752404909 -0.0768659178114407 0.138289247863841 0.110424797270711
-0.122898729850344 -0.0683739507227455 0.237600817629707 0.143314733529302
-0.0689743145010151 -0.101625051333471 0.261230841798993 0.242956444137356
-0.0239278714898702 -0.125192873049723 0.230378770389931 0.354035250840001
0.0886189604976019 -0.135736250972704 0.0502923929376114 0.465888790220661
0.142001132326835 -0.00463075481349847 -0.237096509189344 0.482158077652634
0.0217066468527985 0.111086659590572 -0.435695237312852 0.320833541456397
-0.145526493238461 0.185205133373472 -0.655600379298464 0.19567803189269
-0.325168992082265 0.440005323741911 -0.0330965482449359 0.108942694678273
0.0689364747687873 0.462463087141251 0.00911476931861088 0.032468500468457
0.398926846876942 0.165634325512683 0.0383734434735931 -0.0711448433855303
0.338683854182644 -0.260583062288044 0.0501157936476343 -0.169219240463305
-0.0018620939032282 -0.308528555441141 -0.0289206213390297 -0.224026314402873
-0.107221856422054 -0.190417392947043 -0.0933749491345099 -0.109696478589666
-0.185327925895901 -0.132477151436729 -0.00758971413704522 0.00942121312473046
-0.213767049159114 -0.107769441054113 0.0778886826603746 0.0720466223263062
-0.178190352706613 -0.0972631067537667 0.193526032296876 0.0948642110828167
-0.102632274231167 -0.139317000880709 0.242232478171155 0.211809894460904
-0.0374095151841026 -0.186217079532187 0.225571301788039 0.353215121217178
0.152545812748716 -0.219745092206176 0.0173753579556026 0.466117556369509
0.262852758474679 0.00816946257841959 -0.256589750323491 0.438142118741806
0.0541873000499414 0.25371829797707 -0.344578138165115 0.256057623700168
-0.25677447306668 0.339292858281024 -0.511595399957055 0.173025402911439
-0.371312895580948 0.480739809239617 0.115091321365311 0.0588109491399651
0.0607027433850211 0.480213124292794 0.143379710992751 0.0662736687416766
0.397828844577539 0.183502602624868 0.190099610501623 -0.135848489239604
0.356366382083704 -0.237842592847675 0.0872814077966324 -0.309633442866696
0.0370501667072641 -0.307119544126849 -0.0862017657910205 -0.320075690469508
-0.082645493108479 -0.21013147987861 -0.168190775743542 -0.164514399022855
-0.195623920566641 -0.157721588782173 -0.0836931688231236 -0.0327566089237854
-0.243835683371884 -0.123592657812565 0.000558406056559231 0.0231415567582044
-0.215865591161745 -0.111487255012874 0.12759622442602 0.0508523702764308
-0.143393057500573 -0.165928088233876 0.195103640586477 0.192478515143222
-0.062128969554795 -0.250824938001138 0.170993975079335 0.3503392262499
0.220629797613434 -0.307559966077648 -0.0568445623427083 0.415692043729731
0.388196481677724 0.0319518938796159 -0.263228210630572 0.322131131960242
0.0784580948222474 0.387859896679169 -0.211935965525739 0.165300791754328
-0.337529097650612 0.453892452924078 -0.331377984194109 0.11604881890837
-0.362669536085066 0.472518556526317 0.301089990499058 0.00963793614429082
0.039424402646588 0.435627642273285 0.312696224651561 0.0226839108467909
0.332267458652891 0.18536246578866 0.278779914158275 -0.254805522108597
0.328863388182489 -0.167028630851427 0.0711216195508477 -0.421399923041023
0.0782724647809884 -0.255680631620557 -0.139318446311443 -0.369461042694903
-0.040455389454081 -0.196140186196268 -0.222525195355608 -0.206621270524217
-0.173702533956454 -0.157503068114305 -0.156662369645687 -0.0818859022887954
-0.237269478466199 -0.124445561952839 -0.0827603427380829 -0.0262771806217263
-0.225338593720531 -0.112496830298912 0.0485859684334286 0.0182707031798617
-0.169153719843635 -0.185384859953825 0.116081196579637 0.175740774897999
-0.0621878778134128 -0.30230040959983 0.0732443134670781 0.308371175117985
0.299363715820122 -0.34358616479343 -0.124027577011634 0.288709248893406
0.461923887916156 0.0950380882086108 -0.193341900439599 0.173437285125717
0.0596051057024361 0.473567277636213 -0.0574553769332905 0.11001454514811
-0.374382333107021 0.495389950106343 -0.148621524126606 0.0404533232938431
-0.301093255818737 0.41702624675101 0.483028270134072 -0.0453464721702545
0.0202453870288654 0.351410536482966 0.44506079940449 -0.0809364973440055
0.245776435914676 0.173104204157731 0.292861884642939 -0.362156375553878
0.275767574972432 -0.0897071125487713 0.0312636791570833 -0.46987910960731
0.100963475679729 -0.182191211548863 -0.169334167249911 -0.379553353165993
-0.000742011868605725 -0.153986464221 -0.25395468042382 -0.239519773530007
-0.128057654945718 -0.132965155024037 -0.217360718041513 -0.131449978494759
-0.193184116376384 -0.108471273117623 -0.155416854377651 -0.0693537484507561
-0.19537951158342 -0.10285508098148 -0.0313578339460753 -0.00572441389304623
-0.153107654285279 -0.187885844251896 0.0226812876957522 0.141364799667759
-0.0228649798773744 -0.301002144461808 -0.0230309227194856 0.209478879314214
0.341216778309695 -0.276423238867359 -0.116818819158054 0.124328928463095
0.42164601152639 0.176086025349126 -0.0436874425637876 0.0788285063613689
-0.00522937709237233 0.460974988220063 0.0589744911880793 0.128285079405508
-0.352711433340751 0.442224036721025 0.00423064524535357 -0.0394675847752105
-0.200723406448945 0.318553587602377 0.624684528852939 -0.104267044649443
0.0119145771708732 0.245292395972913 0.517692432688476 -0.194138349451896
0.160130404066163 0.138333368005574 0.268296201567404 -0.42895831797843
0.198384637062847 -0.0311966907913798 -0.000524267401037429 -0.475599905345002
0.0915724734766381 -0.102519609777745 -0.182836479973466 -0.375011532981567
0.0241705064001994 -0.0917473497899494 -0.269557592792954 -0.263410288733179
-0.0689043397168046 -0.0875674654916531 -0.256587186025095 -0.170485552364687
-0.119113072101654 -0.0776744214717439 -0.203817369006003 -0.0982493489142864
-0.12687558837345 -0.0784002232947476 -0.0961030262190268 -0.0227952505736302
-0.0938614615836132 -0.152513416176722 -0.0517559061876924 0.0907070032410852
0.0291597838511972 -0.219921319936681 -0.065613985257152 0.0930230087358277
0.285987586999779 -0.134894079556412 -0.0385647023329088 0.00836350052267642
0.262788629721322 0.196854242851655 0.10046266668549 0.0834546570552873
-0.0701247933405939 0.320979837460131 0.0883413102486867 0.181598944799971
-0.261325012781533 0.299099065600348 0.105244112512391 -0.11451854007561
0.0365409037525388 -0.0507151218097898 -0.0633615699252044 0.272634216491667
0.00718727143581392 -0.126329599855077 -0.0109685035368354 -0.0852499021471952
-0.0771397254590321 -0.106172735879346 -0.149908362395631 -0.120573087822254
-0.11503807221672 0.00934805289407098 -0.0517242645741214 -0.014954406856587
-0.0316757806753082 0.0743222614128396 0.0172181527610726 -0.0489779980482776
0.0300202918580316 0.0415575398524847 0.0287470211076038 -0.0241427122550981
0.046093199723242 0.0104696201755916 0.105309319739855 0.0435777918933637
0.0332615032162244 0.00614995847622052 0.200826719756897 0.104226141838973
0.0169650026046966 0.0225209961673365 0.290500579514812 0.142076701430543
-0.023732293557851 0.0279199301242171 0.308411494240321 0.225055793011935
-0.0591559952359888 0.0149760296403594 0.257638754769789 0.327796693169773
-0.0796704798939968 -0.0229303408539567 0.102561969305367 0.429304694412058
-0.0518195508940048 -0.0676454070679222 -0.154190346064114 0.466289115170161
-0.0112299326548023 -0.139096746207352 -0.444760075697664 0.362952750257336
0.0934876844226782 -0.137439717076069 -0.692221837659041 0.236645928653454
-0.0705164625231242 0.169476986997601 -0.106299184743748 0.260734177793775
0.0618984234747022 0.118046620971763 -0.0316448232822408 -0.0521329546271523
0.129042613874378 -0.0200383470082451 -0.153266275849068 -0.0897574917565954
0.0455670577659101 -0.131265967134236 -0.0547153581693049 -0.00338512013879709
-0.061572886761681 -0.0809447145308551 0.0106238143621367 -0.0544740576465915
-0.0526024582595672 -0.0374104261733243 0.0195220544770514 -0.0251937965486239
-0.0554676968813187 -0.0233524296566411 0.101379494602077 0.039372839740635
-0.0653933037350968 -0.0240732868327385 0.190971540335292 0.0997482208631215
-0.0567570803726618 -0.0178317805931131 0.2838605135627 0.130443227205569
-0.048300823586007 -0.0371041882398513 0.304790015048735 0.212441034396804
-0.0388380629689049 -0.0529866647881355 0.266515927650618 0.308094868677992
0.000249814059100892 -0.0705381265278257 0.12099761377608 0.421270630029962
0.0314623917371999 -0.0340348064553983 -0.130290931441233 0.487078905417242
-0.00553253094600529 -0.0190124874748471 -0.398121951112301 0.394983511865831
-0.0170585334065445 0.0272697575943922 -0.66305196769182 0.287356353304308
-0.165659331858833 0.34637618907619 -0.0985094700646756 0.202454750023132
0.10549401346468 0.311853039549196 -0.0438339626564977 0.000398213202440654
0.295922614586861 0.0546921135563068 -0.0845016751350708 -0.0439859336202188
0.18668592856798 -0.241257193079868 -0.00359500329107791 -0.0555379084664028
-0.0657508575607661 -0.212496232465442 -0.0129212617382855 -0.127305561703282
-0.109988111875217 -0.111411010093884 -0.035265914484665 -0.0537439502084627
-0.140763745698014 -0.062188639661439 0.0569112527445151 0.0244303399958044
-0.152678320906643 -0.0514701862481542 0.152005871408088 0.0826143707890884
-0.125333323501816 -0.0500611881573981 0.255164541928187 0.0972737613119825
-0.0771178693486808 -0.0879713000896158 0.294342687603145 0.182144562258861
-0.0345342676409979 -0.113787985293689 0.279135883859111 0.293038690933454
0.0650314173215276 -0.135500981035746 0.126164271327479 0.427613318559531
0.128183278443721 -0.0190056761144993 -0.130190356967071 0.49248644339349
0.0269646804302879 0.107163530963866 -0.34176324366431 0.372576810275979
-0.117669629227249 0.201584852926254 -0.57820970981328 0.290715403398092
-0.236814320904188 0.453981869828927 -0.032277721035148 0.131162909794778
0.133343359957344 0.414431120738455 0.0113995301672548 0.0582694250811164
0.388310970522425 0.0909401067035908 0.0498670980788052 -0.0447396197665408
0.263224525059205 -0.297051422714982 0.053250928902885 -0.169046153525358
-0.0512682936987344 -0.283199409400523 -0.0649280348339635 -0.227978286539653
-0.129567041489601 -0.164038735386334 -0.115165745460939 -0.096884646290499
-0.192997358160663 -0.0970126521638183 -0.0134477688248084 0.00189546079932091
-0.216447891469795 -0.0710536360475857 0.0874525036616478 0.0545135319672061
-0.182779102742482 -0.0685305319412843 0.204815712518734 0.057860983346992
-0.115006938110871 -0.119052456423329 0.272397022798668 0.155328926584699
-0.0541343513444995 -0.169337393667942 0.276570368698925 0.292575204109898
0.112077225645833 -0.223874979319224 0.0957256676775514 0.436924126859072
0.24173706949467 -0.0235285837520204 -0.157725664926111 0.458064504503531
0.0806899629756423 0.234725926570218 -0.273193348739309 0.2930865886911
-0.19952101005496 0.36243451582112 -0.446218147887448 0.243662892282006
-0.270785506858395 0.496232807175763 0.0953651885878932 0.0572573586717823
0.128879021781335 0.431404921829436 0.144761178051139 0.0644548801478483
0.390004405089766 0.105099710291336 0.179546985043437 -0.132691105197643
0.280474320181928 -0.280239140594262 0.0627119719998202 -0.306696006484164
-0.0169304125954421 -0.288367268476137 -0.133480532097329 -0.307324636422898
-0.10921744033821 -0.186387175832835 -0.192512504348224 -0.136105490388336
-0.207298663667835 -0.118132410297341 -0.0929512566585713 -0.0282657878749453
-0.247731865629601 -0.0815425907634162 0.0045981458288236 0.0203473250543721
-0.220729406216424 -0.0753633868577602 0.135136349166202 0.0259403884753234
-0.15744215514642 -0.137873804603231 0.22701113486329 0.144268960266009
-0.0865478799487806 -0.226049379939089 0.226603802326663 0.300026689947337
0.160886325422481 -0.318150389061353 0.0172836468955081 0.405981107701885
0.36021468944885 -0.0202641147716237 -0.184039028952432 0.353555961107279
0.127404959924847 0.353686840236012 -0.170247335344408 0.183055368649239
-0.255836865364485 0.47933856431167 -0.288651705004699 0.158897856443252
-0.261428676414465 0.481938876407097 0.260388360955099 -0.0256918463938718
0.10238215462077 0.389968030184303 0.296801675674463 -0.0122284821645553
0.329694867078871 0.113738734280773 0.236085099115086 -0.263370105481534
0.265444664392322 -0.21189043527273 0.0225862393120877 -0.404468589075545
0.0279016209506975 -0.248603067395351 -0.188689434333528 -0.341238380332479
-0.0677746560757865 -0.179694328365746 -0.248812153468168 -0.167101879368626
-0.187039647540817 -0.121223964893525 -0.170112531560017 -0.0630045200814427
-0.241370428681327 -0.0824244577132498 -0.0836443448295395 -0.0138298826725678
-0.229665339089142 -0.0748658207000786 0.054050407719447 0.00784152403200542
-0.18456480275351 -0.151082720911836 0.151006117385726 0.141438438109235
-0.0949436302338154 -0.273576621832196 0.12765084351606 0.279641023578341
0.227033185297344 -0.364896018891812 -0.0691910500401761 0.301581739454757
0.438778888957666 0.0262110843582539 -0.146435662963396 0.201961850730194
0.127428696628176 0.437371102144728 -0.0372253445156659 0.100139139552481
-0.281638970917796 0.52210528679922 -0.13014300460596 0.0559452342409689
-0.209024049126907 0.419562619441162 0.424010758297314 -0.115361281204108
0.0709912717131445 0.312652224478305 0.402401126736369 -0.138448054866147
0.246157944652327 0.115556515401439 0.22337163640892 -0.368588356232356
0.228756190856711 -0.131466447746669 -0.0292071772421867 -0.44069030331928
0.0591292966514699 -0.183524823144761 -0.21661230050672 -0.339812257893581
-0.0252523254540219 -0.146483565063357 -0.281970611046065 -0.191329156074641
-0.140939297525736 -0.104460721506686 -0.235156711053134 -0.099887256482119
-0.198833704366706 -0.0732021465809802 -0.160924048505626 -0.0422738413403042
-0.20087474334222 -0.0690536055487864 -0.0262983314320643 -0.00131227836631701
-0.171447107448143 -0.154520852819879 0.0571475214980732 0.126589089568874
-0.0600869034061683 -0.27770819479558 0.0185123961447433 0.205294888646036
0.276987121346875 -0.312237003153478 -0.0944379792587054 0.146112332331848
0.415237524703658 0.10328812712022 -0.0267924945806951 0.0840469199960698
0.0673641491187755 0.436104203710375 0.076720810371942 0.0928911284555775
-0.266424189565178 0.468785444788206 0.00057952147236792 -0.0457422369417899
-0.129266803604461 0.312536651914801 0.550525370633654 -0.20249016845376
0.0458980943740504 0.214372762003716 0.449482811506893 -0.264409384272853
0.162200826169587 0.095835728019716 0.183713890831764 -0.431705866973444
0.166070847508039 -0.0658633842817854 -0.0668870355047612 -0.440054252370237
0.0622229293308163 -0.107924782321436 -0.228421523247351 -0.328307308145465
0.0075532861168118 -0.0902268415231218 -0.299882478510949 -0.209236182825251
-0.0793062111892965 -0.0704133869879818 -0.278137440156503 -0.126701937038868
-0.124712157472927 -0.0544929085364622 -0.210945047064307 -0.0621144649798585
-0.132507799809071 -0.0559883932430113 -0.0917260977172872 -0.00725843969547724
-0.111325929911325 -0.129640430899785 -0.0232127495471927 0.0931824428281943
-0.00278261111982341 -0.208708169111983 -0.0442698834758178 0.10383828340402
0.247418290628394 -0.172173410453825 -0.0432503043288421 0.0196545245066158
0.272808096139073 0.145371549127041 0.106359748411479 0.0582472116665866
-0.0152072836326098 0.317003866427072 0.118413748905152 0.136564464193301
-0.198695026226053 0.320092331005412 0.0847660046480737 -0.132483395269085
0.0366020859482787 -0.0506655481371254 -0.064622922151792 0.267879007810447
0.00346335562932383 -0.122350312993146 -0.0164158494872381 -0.0710926441717628
-0.0775849514549134 -0.100786752072618 -0.143767554470955 -0.104193791594571
-0.112801108054274 0.0119191013389072 -0.044885087889868 -0.0113997354474667
-0.028537601164645 0.0727677075824734 0.0154074144351459 -0.0514471831237777
0.0295826620469024 0.0400681867556044 0.0239075280123612 -0.0234895332117562
0.0439272672555718 0.00885396602869613 0.101366989981874 0.0435156862335274
0.0314270658481582 0.00456307384123433 0.197917598070257 0.102103676062921
0.016332376283397 0.0206223870237915 0.282401773026192 0.137984578613935
-0.0237649490185352 0.0279519963576017 0.297885814505007 0.217443826885035
-0.0585276836983303 0.0156137092512951 0.247331206554782 0.315504852755693
-0.0779210315225454 -0.0217486676256284 0.0960121754194022 0.408530958716527
-0.0499914470182921 -0.0669354156834464 -0.145881321196853 0.44619702532325
-0.0121491375632757 -0.131930297785401 -0.420662183567583 0.347767014035502
0.0905016433240138 -0.131667451101336 -0.661611650156369 0.23700608369676
-0.0642236831951729 0.162672390445414 -0.105893183021684 0.257281136689654
0.0586231514072268 0.113028396845784 -0.0347278739564168 -0.0387605615621861
0.122603378707594 -0.0196014048102209 -0.144266342178093 -0.0746438382445694
0.0419977596209676 -0.125847397470183 -0.0460606281869563 4.90928612181036E-06
-0.057928552930827 -0.0754823768357835 0.0102800141008079 -0.0550294357308238
-0.0501646160178862 -0.0358154186129096 0.0141104553071075 -0.0242285922936174
-0.0540681879750251 -0.0235817172846701 0.0962334444068436 0.0391876562716611
-0.0642426718243742 -0.0233208108508771 0.188210734552666 0.0982386750190092
-0.0549371502718186 -0.0190339909728454 0.275656643828596 0.126724469560769
-0.0473379335165902 -0.0368447049179912 0.2944445526093 0.205427536668984
-0.038375925704325 -0.0510969377222415 0.255080119641281 0.295560218453632
0.00107104919044342 -0.0686986619649715 0.113543171462374 0.401632093956623
0.0304338915135547 -0.0332127476274117 -0.122158048587313 0.465043977396969
-0.00725940104900329 -0.0146243315582088 -0.376175534834995 0.377827610593506
-0.0159301080002378 0.0266534078442363 -0.633345456571126 0.285041687402258
-0.154852773352914 0.332773655179963 -0.099507445802802 0.201726853454224
0.102243314002812 0.300572260686977 -0.0452203553149299 0.0109525128165713
0.284882504249563 0.0510276669382825 -0.0777681261247672 -0.0316012349695418
0.176989654039707 -0.23380777018727 0.00189773010534709 -0.0508522307762589
-0.0626150090499889 -0.202844230823312 -0.0135145344432447 -0.124998481452465
-0.106347280537089 -0.108585813568199 -0.0383109246495463 -0.0514511013414958
-0.137023789168462 -0.0611285595089617 0.0530998906946939 0.0257878259505504
-0.149132801678952 -0.0487088270927594 0.149981494075227 0.0807358296943693
-0.122317033803055 -0.0501841889130044 0.247040049128511 0.0949581201988009
-0.0750078208430166 -0.0872440339108394 0.284679009722778 0.175995091896678
-0.0333199158076322 -0.110517706306212 0.268741707228727 0.280689302540471
0.0640845875122075 -0.130717110417812 0.120615369761029 0.407674634717958
0.123770958578099 -0.0180260275793739 -0.121352215936051 0.471041132264042
0.023434487000956 0.107090939205121 -0.323569965433321 0.355896875553037
-0.111201648229309 0.194569917362276 -0.55137433086394 0.285684081436218
-0.220818803247108 0.43768893378468 -0.0349898531320748 0.130347417235529
0.128825766228518 0.399780511182481 0.00898075951148225 0.0656655425885087
0.373315876747663 0.0855156884210301 0.0510030265682795 -0.0334547985196644
0.250858555829843 -0.288238954816206 0.0545968951873188 -0.160396788038655
-0.0495315930936294 -0.272172592339077 -0.0648408495838492 -0.221088916875091
-0.124991196605205 -0.160329293428319 -0.114268612162159 -0.0924586072042983
-0.188167256153013 -0.0949878934416073 -0.0151589730362674 0.00344198336669403
-0.211083717528968 -0.0672133867608969 0.0865117876681728 0.0538430361853284
-0.17777962788575 -0.067693448208136 0.197565631388354 0.0563765476443204
-0.110981793899586 -0.118407269898319 0.262815136484054 0.149093192447958
-0.0526049771248446 -0.164485392382497 0.266170238558969 0.279391635516939
0.108782457624939 -0.216334255338605 0.0921802377276319 0.416553690833576
0.233224798022649 -0.0232153777092216 -0.148136532655236 0.438816087908991
0.0758478509759449 0.229904206688652 -0.256281089723263 0.278069339392452
-0.187868589400263 0.350030163707305 -0.425048259367983 0.237697580890308
-0.254327880556151 0.478811370788179 0.0868568823688255 0.0570006317510661
0.124118666810321 0.415251441825847 0.138623251935861 0.0694585040724608
0.375701442130464 0.0997196416627124 0.174868076040214 -0.120580271247085
0.268420854190772 -0.27202561976764 0.0620672772967837 -0.292366916548378
-0.0158690683007721 -0.278864584412997 -0.130716829398157 -0.296801510012218
-0.105493916613935 -0.183998031766208 -0.188493364189115 -0.130186003961667
-0.201564878106239 -0.116145677094413 -0.0923018712517633 -0.0250533063039064
-0.241093893213525 -0.0769904409040185 0.00504298660186972 0.020993294658083
-0.214423816547254 -0.0745124404587817 0.129964705625229 0.0250395887097275
-0.151050478768179 -0.135137864401166 0.219868657835244 0.137364008512118
-0.0837741755022642 -0.218687461576667 0.219668486558908 0.286591002055015
0.154204431563835 -0.307153199221898 0.0179027663819082 0.389293235896714
0.347103042618368 -0.0223729562364209 -0.174133256120789 0.339652991979942
0.123007553964684 0.344700390911616 -0.15840110716815 0.170401643409462
-0.241763787730628 0.46361927359555 -0.272596527032924 0.154210802500574
-0.244841866852004 0.46590558518804 0.24723643007283 -0.0247317169246135
0.0974067789002125 0.375461104839929 0.283767502200682 -0.00685903695135674
0.317603232153633 0.109578764846577 0.22744755750655 -0.247155108149081
0.255332592360531 -0.207011025707242 0.0219552231387357 -0.386893929773041
0.0282908795233942 -0.241093426291177 -0.18307440417467 -0.32829093195942
-0.0655916618642199 -0.178994397374092 -0.24089534741666 -0.160291373619656
-0.18179177393272 -0.119383359952954 -0.166354489179354 -0.0594223387284226
-0.235699507776297 -0.0774789292403361 -0.0815558399754512 -0.0118987898102452
-0.22296712970213 -0.0733129603908477 0.0516162805456064 0.00692568606723543
-0.177657009119274 -0.147698428301678 0.148579509277561 0.134057045245504
-0.0933588646090165 -0.263738903108953 0.12613091831663 0.269153165405063
0.215591715988495 -0.353759791319295 -0.0667205224600652 0.290666928242722
0.424324786698385 0.0201589270406049 -0.14055561861019 0.193100830953117
0.124638045302768 0.425620569429321 -0.0300469499710869 0.0870132369686264
-0.263474131508449 0.506103994998483 -0.120156674184917 0.0516819579036473
-0.196206185249161 0.404301822860973 0.404031555315465 -0.113024762987206
0.0668358025266792 0.301538867857331 0.385071012343003 -0.130980445464687
0.237861714385745 0.110809390552094 0.213738373364119 -0.348416199188435
0.220860948028384 -0.129922731739125 -0.0275307285433032 -0.41979042962237
0.0586817482510995 -0.180113608026919 -0.207415670136778 -0.327851788024691
-0.0241161457133904 -0.146716314224891 -0.271889775664532 -0.183913136754101
-0.137017673426616 -0.102939985356739 -0.228263468667592 -0.0940344578410466
-0.19345983462682 -0.0690172093209173 -0.156246219404882 -0.0403283600655899
-0.195003823681143 -0.0677440285599415 -0.025842388936518 -0.00268189647783298
-0.165602094940856 -0.149683783752258 0.059520662539885 0.119864001190529
-0.0602147612975004 -0.268361970652349 0.0203577874430377 0.199703719388277
0.264612055480183 -0.304441558618408 -0.0933904497666792 0.140700343119223
0.403026497460625 0.094981728164352 -0.0276403663374576 0.0770493169999447
0.0669071734076931 0.423325368158963 0.0799527537411089 0.0789328493839556
-0.248671383416258 0.454111198052033 0.00533767614793984 -0.0481460992306469
-0.118538658446802 0.301511970713586 0.526937579366662 -0.198505686498064
0.0434384435011136 0.206302621324849 0.428701539485321 -0.252896196537486
0.156373329853057 0.0921702399524186 0.174878550334011 -0.409007743521894
0.16043876945116 -0.065810708647683 -0.0636143772247173 -0.418746122265787
0.0613397393049557 -0.106210603747359 -0.218648293669281 -0.317274226831667
0.00766748615851893 -0.0913618801692566 -0.289202802665588 -0.20076503109044
-0.0762131350338536 -0.0701936037332871 -0.271449124329575 -0.120723753826476
-0.121896993711861 -0.0519848093048122 -0.206806015713871 -0.0591262671989167
-0.129055256130102 -0.0546934188056483 -0.0877990144490169 -0.00895406893050298
-0.109309871749356 -0.124998483154605 -0.01691223387618 0.0882857270001972
-0.00507216352791436 -0.202667956658656 -0.0419132138209592 0.10362581699766
0.237478476260772 -0.169973752955515 -0.0462047619838801 0.0188414474141575
0.265182779263695 0.136232268838143 0.100305435457257 0.0491339004689849
-0.0117757004332206 0.30944419678695 0.120959833664614 0.119955208269323
-0.185766362692043 0.309771844935101 0.0865347033464065 -0.133078710482191
0.0388833921940661 -0.0524599798447538 -0.0730742199801797 0.271373895435641
0.0023631743901789 -0.123564021203428 -0.0208811703324997 -0.0591604288201383
-0.0789653335949445 -0.0996397317331295 -0.138975443411668 -0.0957168888005021
-0.114158947342746 0.0128893642427626 -0.0383610852605782 -0.00962347276419047
-0.0289987300681275 0.0726012767348818 0.013822733639344 -0.0556469204730345
0.0287344594717902 0.0410027317460575 0.0204189297404276 -0.0230103051607036
0.043193426035425 0.00870291959718803 0.100462909911544 0.0461525915045151
0.0308225365383081 0.00400878212730341 0.201319819758763 0.105903421522797
0.0161046833350435 0.0203494029045639 0.283492473470238 0.145863775034997
-0.0242850560729755 0.0283865564699662 0.295620279377615 0.222839445930228
-0.0603661896665701 0.0165659242845517 0.240710424472781 0.318541305242375
-0.0778831208466614 -0.0227016351944061 0.086661518538364 0.406007240226833
-0.0490320194832699 -0.0693833958287452 -0.15035953817556 0.437020396413968
-0.0106101272102868 -0.12916454064245 -0.419816814826346 0.337434555474643
0.0924597801864238 -0.129971102584138 -0.658468371018491 0.233443924246638
-0.0628674716407821 0.159856851857028 -0.113570297755754 0.260767469051612
0.0557557815019056 0.113047588212677 -0.0375870776719685 -0.0278513278830846
0.121281679380926 -0.0178716843236962 -0.138683652607447 -0.0659537897215479
0.0426240357833565 -0.124046292819949 -0.0387677513328543 0.0014417076382357
-0.0551860286248968 -0.0750529713415469 0.0103003526594013 -0.0585274190823779
-0.0496132687185029 -0.0368582336303424 0.0102809987008505 -0.0236180223011389
-0.0549775123209776 -0.0254918916202149 0.094990751970501 0.0423559186144294
-0.0653324269514545 -0.0251245510967242 0.191054654831548 0.102110970936835
-0.0554431962465958 -0.0215865106071301 0.276062821723972 0.133228207905794
-0.0472971114907819 -0.0384507105964052 0.29205501943732 0.210304469067535
-0.0382268457303036 -0.0514874433127981 0.248408125069968 0.299205446585926
0.00328708682516354 -0.0689611308667946 0.103332616458504 0.398574269317414
0.0309426560069556 -0.0329099087122601 -0.126752967049017 0.457594399533661
-0.00789696758259969 -0.0108052233967707 -0.374847402533826 0.366510162178156
-0.0147985673966864 0.0262742340134399 -0.630328702562863 0.278928936044386
-0.155119842216399 0.330112731344339 -0.105789196790608 0.204585161939767
0.0966926247327931 0.301556788691504 -0.0474984015140105 0.0210412535640689
0.282516487527404 0.0541788028037983 -0.0731936395010534 -0.0221411769002033
0.178221951931526 -0.232207690434608 0.0083646415252372 -0.0480647759113504
-0.0586781269699123 -0.202340424997903 -0.0130929388660615 -0.12753871659608
-0.104635376681348 -0.111243111504138 -0.0415751419527226 -0.0517189619330795
-0.137027915103795 -0.0647825429193571 0.0508698954847696 0.0281509555064692
-0.150468459698919 -0.050575236365558 0.151833776856901 0.0849055928852022
-0.122666420068216 -0.0544431099232873 0.247288606940124 0.0999971425327945
-0.0743497579743661 -0.0908617795331479 0.282028101706848 0.180928400121501
-0.0316201541289371 -0.111824045994334 0.261243448252247 0.283294253924145
0.0680309051753809 -0.130880111141638 0.110595506390342 0.405794451228871
0.124456736791756 -0.0160384975824473 -0.124871195656474 0.464377422173858
0.0202023316175398 0.112347797834912 -0.321035753418739 0.346210568386256
-0.111869700084607 0.192622624688672 -0.549309588161062 0.281237075094931
-0.221054217416154 0.434623935355411 -0.0412387575608416 0.13362125844733
0.12237222789982 0.400985704861805 0.00673545111995941 0.0745976981197167
0.37173507745477 0.0890882752384244 0.0554175831461072 -0.0240321044292431
0.252764968570864 -0.285955462437033 0.0606071142871985 -0.157476197128184
-0.0446320287172194 -0.272210221532277 -0.0633388480472854 -0.223545305231885
-0.122324757507943 -0.16479600471263 -0.116528706529654 -0.0924534373852654
-0.188213275248369 -0.0997766480196117 -0.0178029936042661 0.00592621676806041
-0.212961545772818 -0.0696997554215256 0.0871360841684322 0.0562255609911008
-0.178597349572608 -0.0728511714175336 0.196597416035762 0.0600350748389452
-0.109562172008351 -0.123532939551376 0.261151162331592 0.152717312869295
-0.0494522383192531 -0.166560836018343 0.260973354221281 0.280676811570161
0.113682322401505 -0.215026308803217 0.084491428673832 0.414393030163875
0.233439277194078 -0.0197957523761497 -0.149129021485744 0.432835673113052
0.0715040732712643 0.235573054416077 -0.254183115668192 0.268795361480112
-0.188783763879316 0.347056031623083 -0.422661295504278 0.235804091221787
-0.255807970355488 0.473110276857017 0.0826942605770914 0.0603788928553446
0.116602351901061 0.417569583992123 0.136558821709117 0.0775679027126899
0.37299206398023 0.1037078685042 0.179178987089404 -0.110661529543824
0.271121702609469 -0.269510171562677 0.0676811549745337 -0.288965832298856
-0.0101793895418302 -0.279494709125016 -0.127122061433567 -0.299561624503878
-0.103321792193752 -0.189644964566796 -0.189574689392737 -0.132419778091561
-0.201450759460316 -0.121539738436416 -0.0946191846228686 -0.024259474009818
-0.243085385401236 -0.0797534268425935 0.00514137126368154 0.0217521999281639
-0.214564243238035 -0.0798961511765463 0.128198610792919 0.0270923369734504
-0.149234178421755 -0.140725249672325 0.219338741114585 0.138958955729222
-0.0808355040533099 -0.220656268638818 0.216285967624066 0.287780615362984
0.158864486084811 -0.305292450999867 0.012336160377483 0.387307296536186
0.347001002730008 -0.0184513595627545 -0.176276236631927 0.33428872269522
0.116922687192143 0.349937586524259 -0.155854880210652 0.16010242226501
-0.243733751382535 0.460507589644458 -0.268395410532736 0.15034298948045
-0.246307296563064 0.461113930383398 0.24303256490516 -0.0209687425205848
0.0897466820420283 0.378167746589723 0.283048806436115 0.00057492922265866
0.316033032728928 0.113879975198727 0.232096368546739 -0.236409657315987
0.258112311657706 -0.204080506634005 0.0287033986332507 -0.382185537883535
0.0336264119031617 -0.24297229458465 -0.178446435722222 -0.331173902745116
-0.0631574434862215 -0.18536018106728 -0.24019324278129 -0.163238786153506
-0.181253221262626 -0.124802093975611 -0.167895629494881 -0.0598053690551729
-0.236512929110172 -0.0795770925171222 -0.0824596929239933 -0.0125843566971375
-0.223529707156796 -0.0784636943917434 0.0504617122195803 0.00670492154622592
-0.175487083852288 -0.152621922929561 0.148874469118822 0.133642474143178
-0.0907646319539024 -0.264845735812273 0.124014192121552 0.270225261449889
0.21904557626232 -0.35257247650521 -0.0711845222042651 0.288769253006647
0.423019176502095 0.0231785576723344 -0.142059842544239 0.18879417623632
0.119693495266128 0.430299208418245 -0.0269377713217961 0.0776229965867441
-0.266886035138906 0.501743794318369 -0.115571915746804 0.0486311504125274
-0.195776306709869 0.399536681818933 0.401638274136063 -0.108833085472702
0.0602904645163529 0.302783170642251 0.385106984454937 -0.122524903396967
0.236514713199436 0.114616740144063 0.21753927278526 -0.338865633046516
0.222814534982409 -0.128453752076689 -0.0207098970822157 -0.41562070175635
0.0630024304425507 -0.181999539933006 -0.201085363703772 -0.331359079104514
-0.0211243697022584 -0.152641188560435 -0.269102268928884 -0.187786671434445
-0.135811574520604 -0.107570970517239 -0.22985052823852 -0.0957214942439274
-0.194314086039205 -0.0704615082571186 -0.157891780030968 -0.0412269330209417
-0.195302830798875 -0.0723040774787806 -0.0263288484522454 -0.00508905025844751
-0.164120733656239 -0.153454762241371 0.0610984164698126 0.118698207398593
-0.0589701941906279 -0.268452362267799 0.0193443361586717 0.201431381904439
0.266752905875309 -0.30268318836681 -0.0977046884526216 0.139204040070126
0.401658519887607 0.0964797602127146 -0.0297040694649678 0.0724432832302434
0.0630966946677397 0.42781270788716 0.0836988070822901 0.0684668201105316
-0.25011299949025 0.450814862286284 0.0112729128021178 -0.0525247686200056
-0.117636309530706 0.297763314852488 0.523205674008472 -0.192525366896046
0.0391975172641061 0.207167579804692 0.428620646164434 -0.244904709114525
0.155658519490341 0.0935622314310065 0.179183914879801 -0.398823226791508
0.161594088220013 -0.0647540979405452 -0.0563441316723198 -0.415319853310682
0.063910626800858 -0.107506760235507 -0.210475775255508 -0.321052626129862
0.00960356840144732 -0.096294605347962 -0.285358139440587 -0.205567103258691
-0.0746585160523482 -0.0731112741905279 -0.272365125635491 -0.122578259801342
-0.12269481487752 -0.0529279759264259 -0.208343125108026 -0.0616768284830524
-0.129937294392813 -0.0574176763392612 -0.0879645525568818 -0.0124085703323237
-0.108017011200808 -0.126944197254457 -0.013973765815454 0.085967628342896
-0.00508514786882594 -0.203075807283085 -0.0419274415050079 0.105731117213242
0.238306732205703 -0.169271969868611 -0.0505212726860734 0.0183271443168108
0.264916594496333 0.136269701240545 0.0972685951992462 0.0435819359199429
-0.014824448342677 0.312637357560156 0.125760539370897 0.109817891475147
-0.185025229465501 0.30875199823562 0.0935855442119995 -0.137345481959189
0.0419154760989559 -0.056691700569787 -0.0803182295717149 0.287107364341287
-0.000941444879335746 -0.128588158351938 -0.0269104248942783 -0.0499489128996799
-0.084710422800558 -0.102110715466197 -0.140451348790931 -0.0888908294743603
-0.119856358208323 0.016762259020046 -0.0333921734520297 -0.00804756647177104
-0.0289288359753342 0.0755089450130491 0.0123450563488489 -0.0611356940037849
0.0301334445361933 0.0426096301442799 0.016521534476722 -0.0230335849888305
0.0438206777968855 0.00838673133244822 0.10344815676626 0.0501045624717511
0.030568105663773 0.00311279173734417 0.213291715126939 0.111963778464693
0.0165454943584246 0.0196187662072456 0.298002748770057 0.154067550526124
-0.0259777942437866 0.0303262883527623 0.307810318485749 0.233641285458498
-0.0641150749893205 0.0195029292515288 0.247593282464228 0.331223725002982
-0.0812563181231174 -0.0248809082704654 0.0835517151000534 0.419168802912234
-0.0506031843258386 -0.0742000500505419 -0.155385340465727 0.446876648491305
-0.0101757992339957 -0.131734427172731 -0.431197603693272 0.344237596763272
0.0975090110118105 -0.134368148856973 -0.677710572672811 0.242821093772882
-0.0627079346013169 0.162759039679501 -0.121972510369105 0.276686852518197
0.0551846339987552 0.116704318611915 -0.0423831821661025 -0.0178778684459742
0.12393725271171 -0.0189404790825498 -0.139854387730228 -0.0589233102727229
0.0435989805300604 -0.128020724883388 -0.0329402444328851 0.0036873858914041
-0.0551427694355241 -0.0772997807774481 0.0094382675924538 -0.0640043338650479
-0.0516680589156746 -0.038929738163369 0.0057977635038922 -0.0234353645931859
-0.0577336827807949 -0.0286316645157272 0.0971123512007614 0.0463135317934837
-0.0700830160331381 -0.0263673370090218 0.202359743258432 0.107696791120301
-0.0587183404138378 -0.02456160568747 0.289436651570715 0.140660704911293
-0.04977176129875 -0.0410988795742187 0.304105298357221 0.220161543191107
-0.0403168389583378 -0.0532623505928815 0.254667325448796 0.311792310388041
0.004401500554009 -0.0727015139534125 0.101946488300581 0.411476151560122
0.0325379929130743 -0.034684841236215 -0.130083680857324 0.469806182392553
-0.00967779709936178 -0.00680068464064903 -0.383743880785665 0.375604649302967
-0.0140673898609889 0.0272917581300486 -0.649743054382771 0.294182779692497
-0.158162936765737 0.338774071726093 -0.114312082897279 0.216690657412194
0.0989000457129289 0.313171333913764 -0.0519830563723074 0.0320727801083708
0.292587294687091 0.0554076647939733 -0.0719283375589064 -0.0134520089794697
0.184033774075173 -0.240732023300876 0.0147369480612754 -0.048913808703076
-0.0599064650804679 -0.209621797758665 -0.0154600681179969 -0.135387892782799
-0.108749973958502 -0.117689165160754 -0.0474561885433339 -0.0518331004639496
-0.143552914019198 -0.0691025251884823 0.0506587214081608 0.0325350196800334
-0.15935310386545 -0.0527473905593435 0.160579208631329 0.0893554616118807
-0.129263688373651 -0.0594542713472777 0.258282702167852 0.106053972559565
-0.0778032846595575 -0.0975095889477166 0.293386919568392 0.189125094979497
-0.0321742184255159 -0.117037214524418 0.267149723147733 0.294032645117956
0.0730555229886331 -0.136824773704867 0.111120751992213 0.417960583840861
0.128536101425383 -0.0158131156085592 -0.126836766742812 0.476538499110075
0.0193464563263134 0.121499237568484 -0.329828013360052 0.352665230357628
-0.114220111941364 0.198931356868798 -0.564433410493407 0.293655715430218
-0.228593474323726 0.448715797987906 -0.0464737795146841 0.142223207145773
0.124920044311072 0.416325094851263 0.00503341182214761 0.08587101020549
0.384170653138379 0.0923438664621343 0.0608157637728452 -0.0164923049916472
0.260394845821061 -0.297101091408505 0.0676721397923188 -0.162025100913907
-0.044859755314189 -0.282836915349859 -0.0678850451831418 -0.233717647296676
-0.126829570764016 -0.174005897004596 -0.124502086507519 -0.0947150072223127
-0.196759687463357 -0.106358231437213 -0.0203845676946318 0.00861544681646489
-0.224013113467959 -0.0715457134841831 0.0925159984993274 0.0592440369069667
-0.186722063231332 -0.0787582486040526 0.204060422381177 0.0628730278471227
-0.113745355827575 -0.131924065915113 0.270570497376936 0.157826740966185
-0.0506564826945465 -0.173477366388327 0.268226797993542 0.290694603755507
0.119262431153262 -0.223286747822312 0.0850219087243359 0.427510455983453
0.241092600678768 -0.0198031695762655 -0.15269819504116 0.445872670304096
0.0714198336194851 0.249327957336063 -0.258438361933123 0.272309643532463
-0.194430886319373 0.359104348454936 -0.433347524189255 0.245255118933652
-0.261899991094803 0.488626743425635 0.0821265994563397 0.0645629510349758
0.117882160618545 0.433237311844163 0.140592127492606 0.087095780180433
0.385898027301463 0.107848567388363 0.188200117720691 -0.107255656316327
0.280938953053097 -0.280112795657513 0.0737155877519056 -0.297601907003729
-0.00858620970093178 -0.292015660216324 -0.134006100892476 -0.312000543924398
-0.106666947393709 -0.20196684218064 -0.198612908989409 -0.137048990099627
-0.210920830645951 -0.129845647948417 -0.100352995368516 -0.0231156219928629
-0.255086754310348 -0.0817185002042141 0.00548939368932753 0.0234727451790417
-0.225197875372781 -0.085411512490957 0.132379178363973 0.0281095122309513
-0.154358491420664 -0.150283067897557 0.227784216480178 0.142979185296039
-0.0831424590545269 -0.228435821837531 0.223560188909308 0.29830312064374
0.164936304748097 -0.317349569843846 0.0107014109216643 0.399265331285353
0.358443394283254 -0.0201680868054504 -0.17845500444864 0.344336817111638
0.12034938676495 0.368426076877863 -0.157030408100349 0.158158597200658
-0.249031300036655 0.476818638450826 -0.274160069442347 0.155682250714352
-0.252553769935625 0.475352774545545 0.248878420843448 -0.0211456764733381
0.0884088646205088 0.393234232323764 0.292662177982952 0.00585971893053546
0.327368406616825 0.119075138798455 0.241528380827221 -0.238747000579632
0.268198338331646 -0.21209677780176 0.031351365487992 -0.393455462185296
0.0374938813704113 -0.255259299109457 -0.184853511293728 -0.345507559255178
-0.0651674416790707 -0.197985210673259 -0.250198143664868 -0.170194569516229
-0.189578307751474 -0.133169051779805 -0.176485039856658 -0.0607707720446967
-0.248861855635386 -0.0814401780004411 -0.0864034082917558 -0.0120541350885095
-0.233131426122872 -0.0837627665328971 0.0511212469880058 0.00598702227016457
-0.181782588156553 -0.161141954013206 0.156881364596032 0.137059361249644
-0.095301548249843 -0.274475667461872 0.129458829213913 0.280087336766341
0.22578196737294 -0.367507292342889 -0.075759367907205 0.299025578699384
0.437647768308261 0.022118661444301 -0.146278603300468 0.193731094493559
0.124518690073577 0.450867078312417 -0.0236128561768549 0.0712199669233069
-0.272801259743104 0.519951971573733 -0.114644750921824 0.0479409435911253
-0.200543510959428 0.411697928826732 0.413185952259504 -0.1132761380914
0.0593108950134554 0.315508643078772 0.397928212894439 -0.123313660188262
0.245564471770157 0.120116499857834 0.226962971832282 -0.344386220500106
0.232515447019035 -0.133597677120454 -0.018711924429435 -0.426656574499507
0.0682092940801391 -0.192091464040638 -0.207671612036231 -0.345550011388297
-0.0228005756008098 -0.164299142999675 -0.278672897080742 -0.197099523486988
-0.141878232330876 -0.114982265803902 -0.240365766965549 -0.0986779322078034
-0.204663301716803 -0.0724798789893183 -0.165812224844276 -0.0424110879716046
-0.204186676008978 -0.0763661751175983 -0.0282431993932241 -0.00691945453527665
-0.169926399115556 -0.160493965884569 0.0672911052973176 0.120317812579738
-0.0633531607978655 -0.277973761580208 0.02175045295952 0.211081391109034
0.275240182329299 -0.316888235867492 -0.104391153233747 0.144896452132817
0.416283077590032 0.0967272761447377 -0.0309051347891999 0.0714250039708615
0.0662363681291628 0.447978303031365 0.0924908537694619 0.0596183088600727
-0.255622611861933 0.467456097181316 0.0160220594060399 -0.058551527773648
-0.11821998040762 0.306418112275177 0.540910108553538 -0.201876450072327
0.038374868065644 0.21554786372709 0.443019088951719 -0.250096107342321
0.161591253659907 0.0976867171664694 0.186499806791584 -0.406476844625739
0.167542404202411 -0.0684054705420509 -0.0540491408641543 -0.42512162424927
0.0682093105806849 -0.114041242972417 -0.216618128929162 -0.335368973590723
0.0108601470252991 -0.104115172342494 -0.294752500690477 -0.216094530335444
-0.0779520843099614 -0.0791081545716079 -0.284296794893198 -0.127515347449797
-0.129367219570098 -0.0540058196365241 -0.219285944897694 -0.0642091425601159
-0.135385966916728 -0.061020972300597 -0.0918897794467059 -0.0154109289343448
-0.112591270434026 -0.132511630564558 -0.00942511787345417 0.0862613833833564
-0.00686963618380007 -0.211159984812626 -0.0428413841191375 0.112029907662407
0.247584975523229 -0.178401457602749 -0.0569015030614313 0.0183886260994033
0.275849047417582 0.138459326757985 0.0993132381828716 0.0395079027938938
-0.0136080989989881 0.328940573451618 0.136394187985762 0.101587456533015
-0.186771506711026 0.319754980742217 0.101299096276103 -0.148749026152394
0.0429294220876624 -0.0643291017893116 -0.0785394056701587 0.312085117691015
-0.00930158917327275 -0.136168324430142 -0.0349491008772683 -0.0390610771177536
-0.0967965709526632 -0.103451361699687 -0.148275909669005 -0.0777178929882065
-0.126967050679884 0.0252521021712301 -0.0276240207685632 -0.00643292179934752
-0.0276784087773181 0.0821893589957956 0.00737601553570303 -0.0679719621460685
0.0337095932768479 0.0447524669110932 0.0122644454726476 -0.0238101395226873
0.0454780830474618 0.00615325052756674 0.111083369641737 0.052278815291096
0.031314596396023 0.00108010307009251 0.234837275519708 0.110996647430704
0.0173366082057487 0.0194513479427868 0.326145613077467 0.154582006308867
-0.0269329144108883 0.0343047639354554 0.336312688378739 0.238399169051625
-0.0685512283856502 0.0250514712027448 0.272451540152929 0.341905529123478
-0.0881232264427203 -0.0232862615907868 0.100482286119063 0.438690966742222
-0.0573687048838858 -0.0784836103130912 -0.145957848926069 0.473402565785376
-0.0144607613095562 -0.13609170818944 -0.439285167204496 0.376102744894287
0.0984730240287702 -0.145802172340575 -0.700521864498448 0.287730218962095
-0.0586640946844129 0.171250646350255 -0.121616744181391 0.302830675889324
0.0605261477957315 0.120926730504267 -0.0487064764812613 -0.00587936628221712
0.127776701568477 -0.02507976691517 -0.14504306314625 -0.0467764770023065
0.0403451359596289 -0.135758675859622 -0.0272533439493238 0.0052946687464174
-0.0608174460001932 -0.0793451232414155 0.00553933743293766 -0.0709403519502289
-0.0566228021709411 -0.0399317476996288 0.000625028907948716 -0.0235311611174575
-0.0638111125844741 -0.0295706817411978 0.103421026480988 0.0490171055424893
-0.0774002836569548 -0.0248417226489576 0.222436270905503 0.107492181853862
-0.065119481285495 -0.0262802254004929 0.314752222132128 0.141128442150625
-0.055034409476786 -0.0429045859781513 0.331447518576074 0.224533133889455
-0.0450663588531167 -0.0536863105534589 0.278334683035454 0.321356076106649
0.00215874163257569 -0.0783312510412015 0.119288056152759 0.429503899361988
0.0322998821686325 -0.0374737164374115 -0.117064357399818 0.494658457713376
-0.00966776837244492 -0.00256831032069973 -0.389309754515247 0.404980525640913
-0.0124247039508218 0.0280635873721252 -0.668966561532804 0.338242291520159
-0.152110479560995 0.362530109541975 -0.115779684897531 0.239422193665983
0.115221778278679 0.326816668264862 -0.0556801210783848 0.0458569592030448
0.308986452561394 0.045669622018865 -0.0713234382029308 -0.00247598380152733
0.183476983099941 -0.261665467021967 0.0198071431344989 -0.0514427217276195
-0.0700396440975414 -0.21945013942854 -0.0241422319746873 -0.145479272950381
-0.119843722049242 -0.121721950332821 -0.0571180315521769 -0.0510078509566556
-0.156827113114382 -0.0707806850717003 0.0526174320944695 0.0366505011733746
-0.173393014396868 -0.0488084176571133 0.176398801341894 0.0901770969125999
-0.141171232779438 -0.0609120009138013 0.277661136714369 0.10436468032306
-0.0861504793087542 -0.103082807690312 0.318061015078972 0.190499811986832
-0.0382102952231388 -0.123085651698336 0.291660369060548 0.301651990212698
0.0731573340891493 -0.1491277936069 0.129136212450547 0.436495833330484
0.135379985266041 -0.0202666513696958 -0.113372984687791 0.50414166458076
0.0239636939549266 0.133397738083248 -0.331636572256691 0.377613585510583
-0.111594305277225 0.21364243549435 -0.580020892987137 0.335533733519134
-0.221220944773629 0.479421354121451 -0.0472044961588601 0.156142104173757
0.145634914952875 0.435870769026029 0.00742666503433339 0.0982286611841696
0.409000404936962 0.0815861819096922 0.0681940868190148 -0.012052675493233
0.262572738545471 -0.324627461211487 0.0701704219769566 -0.173220544596166
-0.0571044789370843 -0.297730799323995 -0.0839121759179404 -0.246640282753313
-0.141482187402448 -0.183557189713048 -0.140133630566316 -0.0940487279530232
-0.214855953020448 -0.107930608670989 -0.0235099897959617 0.0146919885547174
-0.24350110535414 -0.0661617927563447 0.101851503470869 0.0608342792477981
-0.203644213111512 -0.0802767018829445 0.217776959860938 0.0606157777067775
-0.125644008246515 -0.139884340902133 0.292768493749756 0.157519731774428
-0.0588364420847092 -0.18195664397436 0.292861985593711 0.296909064234894
0.119745830529528 -0.242343287929028 0.104186041672832 0.446159308793494
0.253675815448995 -0.0285782479390177 -0.141078134809578 0.471318279437884
0.0848539137370991 0.267077469800616 -0.261454880200553 0.290263134080569
-0.188895756457019 0.385513799121013 -0.442673798316506 0.276310169883089
-0.254980219389073 0.524147960307179 0.0852353287287105 0.0668262181089863
0.138247603054145 0.455782610543265 0.151042135799653 0.092090837968143
0.411695242074143 0.0979663744422131 0.197886476602614 -0.114379145398177
0.286573182143886 -0.30745059966153 0.0697299831831724 -0.31588627259188
-0.0190375141761481 -0.310303899510919 -0.156363282694853 -0.326238194928026
-0.122148333412473 -0.214824674914841 -0.218687347248965 -0.135505411605214
-0.230315427584636 -0.133024767626669 -0.108747584078358 -0.0171927277767634
-0.277136456947181 -0.0751626403614273 0.00767147700532589 0.0261790748375488
-0.244072100106577 -0.0856612732620412 0.139237641301332 0.0247850101146093
-0.169088030372586 -0.156899082891719 0.246703578579784 0.140876564274322
-0.0955938304521445 -0.23848413934825 0.247513138941093 0.304996794055942
0.16355679526792 -0.343327371544623 0.0258124526563759 0.420148168275605
0.376796735206466 -0.0344756559222408 -0.17150760765476 0.366994297935436
0.140912513365296 0.389908017375017 -0.156548028390775 0.163896607280312
-0.242007840276313 0.512523016625932 -0.278544567533729 0.174220321956331
-0.246010645329589 0.508502895061261 0.258584924133608 -0.0314656081931698
0.106049546906451 0.413024018190948 0.308738496847448 -0.00091000234645059
0.35001930569782 0.113725384667956 0.248225590210259 -0.254588840309531
0.276412666278727 -0.23521708847205 0.020686245699212 -0.414056287388024
0.0316729090677808 -0.274438283280557 -0.209445797144076 -0.359465084772175
-0.0783576974070508 -0.213591953336657 -0.272780732364752 -0.171276871711481
-0.20794738398653 -0.137572231232633 -0.19082670636871 -0.0551103738819115
-0.269590021637309 -0.0753203834845135 -0.0925377242811829 -0.00870455841883351
-0.253219628714017 -0.0823161490951833 0.0529966971913358 0.00376529556150096
-0.197976767099799 -0.165690413174752 0.173522482721461 0.136143724398138
-0.11164558179441 -0.285209111437261 0.149006374460492 0.291932286841848
0.224577519795934 -0.398697042738228 -0.0704721697923588 0.319087904141245
0.46306424887916 0.00309392777807273 -0.144373313632291 0.207128406745104
0.149033546159768 0.476965805497974 -0.0186131512898174 0.0647983370861063
-0.265005334709547 0.561108317614479 -0.114907422410744 0.0523956883378121
-0.193639290316973 0.438977334990588 0.429250993621058 -0.136578122990664
0.0711710355583221 0.332702434774971 0.413582324420136 -0.143050615937415
0.264081877360923 0.117513717697314 0.228844372151229 -0.366027564536799
0.24203726526441 -0.151399020376602 -0.0321374794047641 -0.446603110399697
0.0661061652897253 -0.209516800405232 -0.231113055417341 -0.359642506995637
-0.0311305511113644 -0.17920980148604 -0.303106074342803 -0.200449186821928
-0.156769961902667 -0.120515707073031 -0.2595340419259 -0.0933526882825701
-0.222439681162406 -0.0677096366873543 -0.178679373943459 -0.038067276713704
-0.222307890555883 -0.0758951305220159 -0.0320153330623119 -0.00732439842596665
-0.185557455931435 -0.164752296960634 0.0795511019006973 0.121189567495346
-0.0788152674714419 -0.290563592319352 0.0328365519429068 0.223676287537513
0.276680670606391 -0.348643742428222 -0.108226341892858 0.157869126836598
0.444248593357873 0.0840121055106871 -0.029360327861904 0.0722344952903105
0.0903055470550127 0.477619197878246 0.104350259224286 0.0466807152874549
-0.246794442780624 0.504329413175793 0.01942555933865 -0.0675450495998049
-0.110768339108633 0.325958668201725 0.562103975608739 -0.23474175769399
0.0468974097793786 0.226879002554525 0.456142690145956 -0.280106087400989
0.174966301443358 0.0972755307326071 0.183446807229808 -0.429175525029755
0.175286886223836 -0.0798306845358025 -0.0705873916468209 -0.442778544837926
0.0692311198376618 -0.125598055908061 -0.23884496226567 -0.347809949676458
0.00688652139990496 -0.115468811119357 -0.320817236873957 -0.220023800626314
-0.0862124498640508 -0.0838045553254016 -0.307294845213283 -0.124111333070827
-0.141184531921739 -0.0513963526140478 -0.237122725792761 -0.0589980212331378
-0.148323288424219 -0.0610010288556033 -0.0991951265485149 -0.0156447098190926
-0.124857605470598 -0.135143166950456 -0.00260636533435402 0.0876818551799155
-0.0173858549079137 -0.222201319523711 -0.0398431656989828 0.123626435054598
0.252369196148416 -0.202919020657398 -0.0647761897699112 0.022082803043622
0.297156824606308 0.133904656799669 0.105307519354884 0.0302585074496276
0.000800466692568495 0.353340093417724 0.153734103554732 0.0882293650144741
-0.180965381098206 0.346049433833256 0.105290698357947 -0.167693934767081
0.0591653526486039 -0.055413963054641 -0.128671831029066 0.309451109627571
0.00687507848800099 -0.139603757978518 -0.037857789125615 -0.0363180658905727
-0.0867263912579166 -0.118312838842079 -0.145441185116168 -0.0959023242595083
-0.132656709451714 0.0111586222912824 -0.030072290442596 -0.0113772797832985
-0.0423193389813995 0.0801540688724914 0.013837861827197 -0.0676132559344129
0.0275467323464649 0.051569359284961 0.0118605888297077 -0.0203396833069039
0.0451140599699461 0.01214752906889 0.110166267985855 0.0745559264206746
0.0324219098151121 0.00601835771466342 0.234214990829633 0.152721746037464
0.0130698585922152 0.0219573096129163 0.324561315111198 0.210174780777511
-0.0319586272932105 0.0331450066313987 0.320597141268371 0.295437698804192
-0.0766052605070672 0.0188606735295882 0.237909116157695 0.392423454169039
-0.0916189794631639 -0.0327471826598446 0.0428507218898201 0.466566983765205
-0.0510972549960913 -0.0900487792433244 -0.213027084119191 0.465537036754051
0.000808332259337194 -0.139090262115388 -0.500198992092171 0.324422924771073
0.127437177471949 -0.13379521110379 -0.775765086163437 0.196022634091082
-0.0829420781953107 0.16884070561037 -0.175659436543709 0.302030008151626
0.0403642942040909 0.131658695636055 -0.0525602702548192 0.00224459301985699
0.129569159814771 -0.00384264977594755 -0.133126163373661 -0.0599234065552671
0.0592984197259435 -0.1296223447486 -0.0160171267645796 -0.00558156248639686
-0.0492834198223193 -0.0896343345136892 0.00939687311916068 -0.0800485912337467
-0.052756565628661 -0.0512471505748029 -0.00274453478357498 -0.0238322123096394
-0.0622051926494398 -0.042219236479433 0.0997445685419469 0.0671438275672756
-0.0762699227900731 -0.0405420649772861 0.220791117220358 0.146942198178622
-0.0650498988670914 -0.0397627307475567 0.316026109778943 0.193977523012658
-0.0484987019542296 -0.0536982398107128 0.317423110021739 0.280691907800105
-0.0347849707771447 -0.060111600529233 0.244858707901931 0.37339981798154
0.0137152927095678 -0.0757591342560383 0.059833331266047 0.464633310249066
0.0343125543120724 -0.028915703001848 -0.187471734293381 0.490996250825686
-0.0178044891566587 0.00335624949792242 -0.451916730948245 0.354695987388846
-0.0227127318707443 0.0316849599747982 -0.741763949530793 0.246633511859177
-0.210011268455492 0.34678837868878 -0.165947744417158 0.244737735492024
0.0648709399698715 0.349625170356439 -0.0653306677010589 0.0597333178024493
0.3031786065613 0.0960343989055726 -0.051874310904614 -0.000101623405671777
0.22173608296545 -0.238651775402635 0.0521033660876561 -0.0625937762745345
-0.0382474051958219 -0.233047972339544 -0.0146264076367526 -0.168590826526153
-0.105694864096694 -0.14668092562053 -0.0602781472240546 -0.0628152819529453
-0.151724129957867 -0.099243709747896 0.0462943104521914 0.0439621073260956
-0.171925394078578 -0.08208288475759 0.174503406722636 0.121559174274845
-0.139143049574771 -0.0891960639990469 0.282681511586503 0.149768838790172
-0.0709202185935668 -0.123295656273172 0.308945429322928 0.243283225866512
-0.013438229600962 -0.132546944964128 0.259970307038373 0.357284895509442
0.0992142367035019 -0.138625154400263 0.0680966351563971 0.478433209265706
0.137808698765458 0.0103038916733156 -0.184065711318581 0.500669388755907
-0.00611390817646558 0.151497170290247 -0.38962030397706 0.328660230745622
-0.161743079013588 0.211708989925848 -0.63846347598226 0.251303771262739
-0.298840005508819 0.453028385041668 -0.0872438044221908 0.171375448426537
0.0792970304207237 0.464329001694789 -0.00461460403427968 0.124449674067563
0.399616284826301 0.145779055204888 0.0995787253985793 0.0107086214663606
0.308285117472025 -0.291684916031621 0.126160903527151 -0.184830556692554
-0.0142849906348054 -0.311484129831721 -0.0625816821544173 -0.286944262286838
-0.119841269327541 -0.214388971508143 -0.140247931841577 -0.120506770830693
-0.206583274634684 -0.146576128653969 -0.0321297772538847 0.00781069486733175
-0.242001375788048 -0.111846410233011 0.0989608597833406 0.0794818105816032
-0.20015978396423 -0.11945558481569 0.224464734192982 0.0938803036260446
-0.105130750048006 -0.168512833148881 0.289463027691398 0.204184356778192
-0.0237944906797889 -0.19902632491687 0.262872276179253 0.352482753682899
0.161955370350766 -0.228531582392043 0.0420420074751204 0.491193238510772
0.261569762096765 0.0230490566615857 -0.209653037091623 0.464980758691375
0.0357348400514869 0.300407742709519 -0.308429966527022 0.240943311568161
-0.274192838616452 0.380254952055293 -0.478176517840332 0.201937498794577
-0.341678976700787 0.490441663723386 0.0599607025882362 0.0996575605163409
0.068125533852251 0.481127378290556 0.145033440694196 0.135740742018934
0.398645020961306 0.162537472546361 0.246808176993983 -0.0771830582665306
0.327057426056551 -0.271288196557458 0.14659726798805 -0.331390178606924
0.0247640122775813 -0.317642634925743 -0.124932275325188 -0.379329152225394
-0.0953440318325282 -0.245260661920344 -0.214639834995356 -0.176865042283664
-0.219243403791215 -0.175410633360128 -0.11695571612304 -0.0390741566883325
-0.275821034690612 -0.126773669994623 0.0040430543005929 0.0285832328591375
-0.24120597555534 -0.131642080075739 0.147086643112282 0.0440139016070987
-0.147534266362758 -0.194054755607981 0.246206804318462 0.178922926923072
-0.0525873049446582 -0.262729086363671 0.218295002635679 0.357504414486687
0.219973123411447 -0.328388706874031 -0.0336164844043448 0.460206275464687
0.391787985836497 0.0374276712187059 -0.233351810855387 0.353168229315257
0.0775117777265602 0.436918659838396 -0.186175549011097 0.118924076099385
-0.351213460447335 0.506895810031174 -0.287056898429041 0.116579494204099
-0.329231334078974 0.470686670163451 0.251265671486291 0.0226575569428665
0.041366223598745 0.430964245335864 0.320466829536068 0.0570619961006394
0.332326928140155 0.167123077025972 0.313659343159096 -0.215412401856775
0.306977284381135 -0.200595503330258 0.106584357458098 -0.435047520310699
0.0696320617261085 -0.274484067971424 -0.171946729117353 -0.419577437097006
-0.0510137671944503 -0.237539649987338 -0.264772098393023 -0.222495719239183
-0.195107433642808 -0.177597896731441 -0.196631739970849 -0.0914168969954797
-0.269101568049853 -0.124604781970181 -0.0967730899324186 -0.0220970532073516
-0.250896031024693 -0.129323677347975 0.0578852435339252 0.0091778866009737
-0.176003917411968 -0.206523673291282 0.171086164796336 0.161813383788651
-0.0621320545400192 -0.313675933832493 0.120425708797561 0.333338571008801
0.290057357708673 -0.379499675740237 -0.122988023288304 0.346832547034769
0.475734947747486 0.090581722351665 -0.18552763147453 0.188282523537134
0.0766001756017391 0.528898367524017 -0.0305019791645534 0.0303750777976836
-0.379977967251224 0.553200193460197 -0.0963616234085494 0.0109913128964812
-0.263209883119407 0.405067387612288 0.443563023857214 -0.0621420429899906
0.0166641672368944 0.342114719074357 0.447200307538138 -0.078540626075505
0.244376470372149 0.156877485207286 0.301508091510548 -0.33164383503693
0.2589632030785 -0.120871226259249 0.0521271736797177 -0.470563410614488
0.0943607433615447 -0.203448972492153 -0.188850261854645 -0.420389749530048
-0.00838004063217076 -0.194046252409035 -0.289265481983691 -0.257599881402073
-0.145674349027221 -0.151443247009598 -0.26213347593629 -0.141642816368512
-0.221180037373055 -0.108077503414698 -0.183115658552211 -0.0661911162153849
-0.219035177033592 -0.116369983692063 -0.0301217163556811 -0.0157684271111407
-0.165714175166918 -0.200600267246851 0.0759594260703497 0.13291245074451
-0.0291520730864891 -0.314759312996629 0.00833224720197757 0.250058195778372
0.337918591506854 -0.324046247262956 -0.146281321343268 0.174951550066919
0.446150155345314 0.16833509021334 -0.050005966365647 0.0595772062213664
0.0171967113237605 0.519883233468182 0.102994721931828 0.027425212705922
-0.351563815933473 0.494997622603443 0.0593291828310669 -0.0922294676275623
-0.159464085153043 0.298723631824364 0.595542184105278 -0.148398818167124
0.00750938669177531 0.228816956339276 0.506331757164126 -0.217540756013161
0.157079317526401 0.120450713684977 0.259857402460282 -0.404009878892476
0.180790976760126 -0.0562679363420201 0.00781284846126591 -0.468946555792659
0.084334572581746 -0.115902252970279 -0.195331537455063 -0.406354459587644
0.0210882812388574 -0.122046314677673 -0.301627079137604 -0.279775789732679
-0.0785254311082179 -0.102440791213535 -0.307273359979083 -0.177935096630642
-0.140970064300981 -0.0769250153449094 -0.241467850375465 -0.096279561557919
-0.145399203659385 -0.0885587192872672 -0.0996656400260082 -0.0324064984640767
-0.108109010333846 -0.16075899106721 -0.00622251542054422 0.0879430564378381
0.0211589208852439 -0.23404172550089 -0.0558749403197663 0.134336831728776
0.291890243958055 -0.176202487167428 -0.0851331351298262 0.0315993803979142
0.285537869973173 0.194723963033385 0.0981922647983415 0.0319182685823425
-0.0557436098638111 0.376818851299447 0.15316381120268 0.0823410074527383
-0.251423216657542 0.334852356744041 0.157226991864863 -0.176549500527421
0.054371793488772 -0.0631673839312185 -0.101526976316813 0.327013869023286
-0.00998156970058705 -0.139278604335355 -0.0452006314456251 -0.0177597045848607
-0.101729796617551 -0.106897971209454 -0.151387939453987 -0.0703797012213329
-0.131887848332333 0.0275478168556118 -0.0241185552543065 -0.009206081469287
-0.0331042934655088 0.085164356334705 0.00401325096974254 -0.0711106814128963
0.0329684291417202 0.0490263014443442 0.00432603848196001 -0.0198445931781807
0.0441482846937863 0.00638155026834799 0.117998909297026 0.0664389533839422
0.0315763717327209 0.00182137621224451 0.253568057488129 0.129655689027905
0.0147170104135347 0.0197103668707258 0.351238214204894 0.178737661021037
-0.0293189079794134 0.0372729850673809 0.35084624905667 0.264244373166939
-0.0746765975767536 0.0291512089631889 0.273952339347406 0.368784757112409
-0.0961562634214733 -0.0234367027072713 0.0856357147779741 0.460472360055953
-0.0603844452118704 -0.0867835617231171 -0.166224280513653 0.478290864036792
-0.0108777547566941 -0.136643475835419 -0.461593104036906 0.369127188342287
0.114277713396046 -0.147586045480143 -0.747005717905798 0.278605252284742
-0.0652917292469826 0.174286508349653 -0.148238603599359 0.322902424874659
0.0507969266934303 0.127678470280975 -0.0557480185895191 0.0191743264333648
0.125644419900234 -0.0170735975532144 -0.135284927694203 -0.0363274251002739
0.0463860402822882 -0.134973916465267 -0.008924184577298 -0.00445722538880858
-0.0576797875568328 -0.0837208633580552 -0.00147145030482092 -0.08392900822834
-0.0579537425402672 -0.0459250836620343 -0.010132987324893 -0.0204708273951377
-0.068771801628071 -0.0374861445335746 0.105913789560309 0.0607268721767672
-0.0825904008011786 -0.0322039135582713 0.240994783647462 0.12550543543703
-0.0712770334369284 -0.0353741372265622 0.339974730118856 0.164477067911027
-0.0541296512656091 -0.0500276151430631 0.346946610538173 0.249592210952133
-0.0404963698585612 -0.0557756777574915 0.279311597173728 0.350133936092856
0.00573833999815548 -0.0783324775409879 0.102175364107922 0.456158012685753
0.03112036322121 -0.0311803226917518 -0.136060894614632 0.499710744630739
-0.0165172489973907 0.00911803354220938 -0.411234379899508 0.393756213164911
-0.0187526918426639 0.031585359635918 -0.708686143465218 0.322496136328121
-0.173623470518893 0.365194142959056 -0.144340607840037 0.263829598988293
0.0972225267984459 0.343068975593789 -0.061994863893661 0.0764606195811351
0.309356434578899 0.0639998248021457 -0.0479118089448961 0.0147374617462882
0.195664938699974 -0.261138217001959 0.0518511352158461 -0.0681714099840502
-0.0612483898859702 -0.228296344614099 -0.0348954470321727 -0.16880867381096
-0.120893614931644 -0.137767039490442 -0.0714751119006599 -0.0537155314692466
-0.164870984840612 -0.0858632662635061 0.0501922385135498 0.044218654859581
-0.183106967520431 -0.0636393050573396 0.189287415608334 0.104680191808581
-0.151318319525685 -0.0775986569023056 0.300245941710841 0.122741437993909
-0.0834234806547037 -0.119322132058224 0.334361857602301 0.212358229762316
-0.0251185397254017 -0.131501464818921 0.292980259440988 0.331819569014586
0.0867731439608653 -0.149532450519713 0.111852949194319 0.468059787577607
0.138347549950178 -0.000577780258645164 -0.130776541515807 0.509251637319989
0.0103115307222694 0.157401462208144 -0.353303400425934 0.359168053207244
-0.139293836564312 0.224238984894106 -0.60499568608723 0.315077566214513
-0.25121211724145 0.480369316507738 -0.0730347222140493 0.182268506825485
0.124351235819967 0.45640441302855 0.00478294461193729 0.132132143319563
0.410473342628603 0.104200948429934 0.103936094752971 0.00882952733235824
0.277429934162774 -0.323246460423509 0.1119244954929 -0.196498622347548
-0.0443611911110753 -0.309688574753833 -0.0955400044734303 -0.280698629493387
-0.141578633011741 -0.20535590687985 -0.15700184260214 -0.103516683501813
-0.224545654442211 -0.129147142883069 -0.0315758457227905 0.015344639388739
-0.256572579500605 -0.0858312740654603 0.109464094945524 0.0704849825073071
-0.216040642153468 -0.102619931003486 0.234556730879357 0.072833093516827
-0.121989249623594 -0.162446552096975 0.309163932041518 0.174149063171703
-0.0409025858917737 -0.196190460399858 0.295699940470322 0.326823526736697
0.13998301697142 -0.245688703552528 0.0891722106357768 0.483721633804192
0.263072778343765 -0.000112002713605175 -0.159176571226743 0.476460888907606
0.0658912045392667 0.302022199513462 -0.280129114350238 0.263020855692015
-0.234676474101088 0.405119189941921 -0.451495070316458 0.25089044252864
-0.290692355859671 0.519259622612434 0.0650819501911854 0.0945079856065466
0.113215685495067 0.474026247042881 0.155766361847409 0.126671713211084
0.411538459803071 0.122213458401799 0.241160960305589 -0.0944951850123765
0.299385232207721 -0.304068173540979 0.115598608031075 -0.344630025444412
-0.00448699823982252 -0.32172542952834 -0.167009790255203 -0.366323959735696
-0.120891480211616 -0.239392468328101 -0.236809212462218 -0.153107971525401
-0.24020988510809 -0.156849030051202 -0.121484042005999 -0.0237225808893856
-0.291881684689773 -0.0963715087436922 0.0078907127269106 0.0294682891090369
-0.258359494865619 -0.109793328535595 0.150352228009399 0.0299116601535494
-0.165634380982805 -0.182496017216205 0.264247855630513 0.151555896060767
-0.0763116782944933 -0.256855695011362 0.253498586753064 0.335529683436325
0.186515239103083 -0.350808533597259 0.0110203048369905 0.46142090474828
0.392434888638084 -0.000246373369478421 -0.192197147253264 0.368966779800825
0.122083936988496 0.432785461692367 -0.171793029586039 0.127614334489315
-0.295656698881338 0.539051591540559 -0.268421010144837 0.143245679567328
-0.279654410217504 0.500046688735255 0.248493312990573 -0.00284879901337369
0.079493192842916 0.428798802836 0.32171025619125 0.0282465684001168
0.347244802454158 0.133890151187122 0.293433103973341 -0.239964831638829
0.287290189548926 -0.231520316538143 0.0665948763800234 -0.441444968348185
0.0442450739242749 -0.28348823357198 -0.215348833398549 -0.403069029614671
-0.0769068228695489 -0.238315370022578 -0.289468184145723 -0.195752331164513
-0.217453298180009 -0.161683072365888 -0.206612754902525 -0.0694829095830935
-0.283929953100227 -0.095672761539103 -0.0991065066974214 -0.0122615545164036
-0.267100409715143 -0.106121678692708 0.0571081215726581 0.00294796458953327
-0.195572563819189 -0.192033935714197 0.188151453905621 0.14147163086817
-0.0921317786352381 -0.305434132777344 0.155219800662237 0.321400197311654
0.249352623189881 -0.409684843256208 -0.0890105318966611 0.358363482543383
0.482839030426872 0.0428553893679398 -0.163325528398662 0.198964612114489
0.131726046568542 0.523526695628551 -0.0257620033984888 0.0216520597037613
-0.318545628433908 0.589119594891789 -0.0897930185624554 0.0168874083272811
-0.221117317301943 0.426426779670508 0.431558247507658 -0.108287839893999
0.0464850451732043 0.34268311926536 0.434592079848294 -0.120793096846501
0.257896706145908 0.133013708661428 0.268376049169651 -0.355652070651693
0.24792057997263 -0.147544747379356 0.00901427145573948 -0.4705268363111
0.0756938607875473 -0.214905772815552 -0.231182105421327 -0.402202231984887
-0.0297533784687495 -0.199605706949662 -0.316448178461502 -0.230628847894639
-0.16364270998286 -0.141317339268956 -0.277679936793765 -0.11458815868833
-0.234798035589342 -0.0838235086007613 -0.190727321220295 -0.0476635228811913
-0.233841108589813 -0.095411864608712 -0.0328514406253665 -0.0135967486848378
-0.183758893585906 -0.186048017871236 0.0912986617552406 0.12090930103886
-0.0608378166577101 -0.309738539322687 0.0361998397197359 0.251255551403146
0.301012396014087 -0.359728741873598 -0.13133231556846 0.189842816351372
0.460188667408593 0.121651862361617 -0.0431415356127259 0.0573410116100294
0.0734279795218223 0.521529042741424 0.107830295800315 0.00342083236482441
-0.294490221583001 0.527525722892925 0.0538598531113545 -0.102732735856938
-0.126946622560323 0.309250290872246 0.574924481133027 -0.208767373679957
0.0278794216187557 0.229848758011074 0.480125802366861 -0.264760764144897
0.168374668050941 0.105298342696403 0.220554671093486 -0.422236637320344
0.175250706948895 -0.0757731898956837 -0.0332629950688258 -0.464909828192304
0.073952800342751 -0.126398832569427 -0.234045435523435 -0.388417951266595
0.0079344637483186 -0.12866206851612 -0.330862705228654 -0.25291120304471
-0.090783722369993 -0.097843283778799 -0.326227717236726 -0.147482213976568
-0.150454356170654 -0.0613449417085991 -0.252347458113251 -0.072102637184643
-0.156639775587875 -0.0752495861034108 -0.104439312140316 -0.0248603463746674
-0.123133263163756 -0.150188175420232 0.00540912450626094 0.0828929168747426
-0.00354550277810176 -0.234723193390706 -0.0400479383421718 0.143948931908483
0.271505953210027 -0.208210195841621 -0.0866763290563491 0.0406695208212329
0.305024092517689 0.164259353216142 0.0992142555095003 0.0130406098746838
-0.0134137045245193 0.385314494137614 0.163921882384732 0.0512291448542467
-0.211869815551381 0.358584379555201 0.142525637382231 -0.19864823003863
0.0478333213192369 -0.0673975931291382 -0.0753798411993711 0.327196338646126
-0.0235832187907015 -0.132730105411149 -0.0474770061983306 0.000276674538405953
-0.108974710429721 -0.0916426302936048 -0.145978987747898 -0.0451781548120856
-0.123327050207933 0.0400996409162316 -0.0186022411098744 -0.00738921210530215
-0.0246731054292672 0.0861070874625581 -0.00534035983274605 -0.0699027195084059
0.0356495054273795 0.0447451062747053 -0.00204143707475295 -0.0162236276638915
0.0407477057282897 0.00231912839276257 0.119005941653309 0.0574412397301388
0.0290060578926832 -0.000492371614832907 0.258782776667563 0.105472742668085
0.0148782883201371 0.0177189475530893 0.357647105016217 0.145705788995985
-0.0256118033963062 0.0386367647780001 0.359467094529219 0.229503712234573
-0.0696044269977176 0.0364782877500057 0.291703079139287 0.33525751273471
-0.0954618922170743 -0.0153242486899442 0.114341330133657 0.435383027016818
-0.0657806679621274 -0.0794222618991282 -0.124221207584185 0.464408804808175
-0.0175812398326113 -0.129400818510634 -0.413250152043149 0.383122817295769
0.0987216971264243 -0.152174188118138 -0.69029288111727 0.326221659912117
-0.0487958539856881 0.170335571291489 -0.120146815278217 0.327265843942031
0.0561936679554476 0.11954383775475 -0.0540859101872869 0.0347652221783063
0.116368506020054 -0.0251875040156761 -0.128222085414947 -0.0148592182876764
0.033861596755837 -0.132633748613342 -0.00292849148505876 -0.00525426621224372
-0.0604580294471205 -0.0745086825129634 -0.0113498982427997 -0.0823560180863114
-0.0596366553518468 -0.0401003369147249 -0.016223896211062 -0.0145570870339842
-0.0725512047615423 -0.0317919876478262 0.106553441017416 0.0540701902706296
-0.0841355504368373 -0.0235601370442135 0.245366682107445 0.102520854476252
-0.0736957555210705 -0.0299668417719849 0.344738176345093 0.132756734454465
-0.0566784699286799 -0.0455366492220355 0.353582093393446 0.214567116962778
-0.042776209770349 -0.0498667452919193 0.29398101911404 0.317456241526887
-0.000116442602780868 -0.0763677988528053 0.129768107008422 0.429186169054285
0.0277808104766819 -0.031201357362729 -0.0919366783447126 0.48310605610816
-0.0128119025179061 0.0133088999285633 -0.36289394010857 0.404038055555824
-0.0156831450431419 0.0292486261237253 -0.648345234793312 0.366812875246024
-0.13746111030432 0.362554245582973 -0.120754320816795 0.268954237240458
0.118241796476387 0.323117484629625 -0.0553696111607286 0.0890911923010813
0.299583972269104 0.0378157532850102 -0.0401741151356289 0.02728359942053
0.165998838682063 -0.266774895440542 0.0499656850492177 -0.0705081831296318
-0.0750398771766652 -0.214648744180124 -0.051093016456624 -0.160763636576707
-0.127707943230524 -0.123792272963993 -0.0769340760888731 -0.0417767995484593
-0.169155399253835 -0.0718993937142921 0.0522560398258252 0.0426702598934624
-0.184234873340559 -0.0452377832972069 0.194952496244751 0.0869670312348116
-0.155194334163786 -0.0660711746978182 0.301068450911763 0.0959992663828074
-0.0906032863569243 -0.112496659508207 0.337844528015805 0.179541302581347
-0.0324618367395354 -0.125995402150231 0.30480070499147 0.298816688929007
0.0731584867401593 -0.152059195042725 0.141430273478589 0.439401231556761
0.133098758329483 -0.00840440398487749 -0.0842105245084957 0.49077751853153
0.0229384218227448 0.155789652217749 -0.307612366762189 0.36517382518455
-0.116425717734526 0.222873455570481 -0.550470717911894 0.350799687012028
-0.20379099573741 0.479757757663112 -0.0595209536732409 0.183807545645484
0.151958593238225 0.429648302116987 0.0132291206678041 0.134918272367902
0.399252644220437 0.0692426921257904 0.104722121524774 0.00779140941942945
0.240214527609005 -0.332031831085845 0.0961582882006226 -0.198308876006688
-0.0653662942988031 -0.294573312418941 -0.118583225594513 -0.262581329831117
-0.153505210262164 -0.188913776746305 -0.163236042984936 -0.0834630747121246
-0.230371937426157 -0.109615436668314 -0.029143218761168 0.0214086569452593
-0.256567940048719 -0.0607028904006718 0.113016276994438 0.0599536494893011
-0.220133903801824 -0.08416393483006 0.231999865934928 0.0531842022557201
-0.130304718349783 -0.152122732292243 0.310697980520348 0.142794004931305
-0.0515875651958015 -0.187237102749742 0.308062584811492 0.292298570246234
0.116630180991735 -0.247505936735221 0.120751271947992 0.455086664481256
0.252435470454643 -0.0173735170704788 -0.112331837285985 0.461878311532468
0.0884322232683198 0.289562173983715 -0.246702860350134 0.266576687204321
-0.192456853998952 0.403681309399062 -0.407947575008873 0.275897748691376
-0.238205171134784 0.519576617610568 0.0667924929336926 0.087387261770823
0.141857938795163 0.450625645487233 0.156783385948267 0.114692495413513
0.402534888402389 0.0867113865751432 0.227375733355015 -0.103924405190221
0.264729122676516 -0.316491923558465 0.0872696467064523 -0.339660745888922
-0.0278497765798577 -0.310434898137302 -0.192656292839288 -0.338746756605835
-0.137236119190003 -0.2251843533939 -0.24388928109683 -0.126584899266359
-0.248546031120437 -0.135385345569586 -0.119023700870409 -0.0105814877906748
-0.291261511683829 -0.0681908813845453 0.0106048030593035 0.0275479115536412
-0.261480273789269 -0.0880715470454587 0.147046914903525 0.0189193607165949
-0.173196794761836 -0.168859122828173 0.264764561932077 0.123478956676863
-0.0906194834483234 -0.241224004962873 0.270896300922876 0.302548679115544
0.151336694283345 -0.352141167094208 0.0438548554781253 0.440996285849849
0.376638865506081 -0.0284979850460344 -0.153577089383522 0.360528121567963
0.153016582909733 0.409509168118809 -0.154602344588632 0.126539136219329
-0.241417971491124 0.536196107395371 -0.241251266066485 0.156795020863797
-0.228541170032299 0.50005321904546 0.234301404135673 -0.0216188476462476
0.105416153651677 0.410129504718351 0.309353407950467 0.00636409984179548
0.341448027714005 0.104192917775858 0.2639323029532 -0.248372693330056
0.259535550657182 -0.245570863094946 0.0324128730944648 -0.428259642175049
0.0227260389226797 -0.279022936322653 -0.241911322055935 -0.370758266209686
-0.0944389952325344 -0.227973358915309 -0.296705632012718 -0.16573212324781
-0.226733666606881 -0.142213973851921 -0.204712172442794 -0.0494075867243357
-0.28345422862697 -0.0676672473551816 -0.0964692589597628 -0.00404999250251823
-0.269449144069824 -0.0830707849297974 0.0542206472442833 -0.00128956481358129
-0.201528307193299 -0.173909812056336 0.192553361482568 0.117399624749647
-0.110687202013906 -0.286054689755169 0.177304484241998 0.297180346031349
0.205744748421992 -0.413481909805098 -0.0589562114468862 0.35099426589233
0.465759471824653 0.00380542291620771 -0.140658970120624 0.196542401621868
0.171533795997614 0.494776513457461 -0.0228725966880814 0.0107544367450347
-0.257312483814267 0.587238041945804 -0.0813765663529524 0.0201878579324015
-0.178134963405907 0.423673958771651 0.401531714331413 -0.137898959614696
0.0680423631753725 0.3288668208401 0.405177539489182 -0.14726059249371
0.257650681911118 0.110008632976057 0.234092101298759 -0.356651017625947
0.2280006067636 -0.162265483801285 -0.0241666551711054 -0.451286730682455
0.0584545662083134 -0.215785480469528 -0.253163605220327 -0.37065474467227
-0.0463873430000552 -0.194477143381276 -0.325589438531834 -0.19855123530982
-0.172079052636256 -0.125952132067381 -0.277581150683787 -0.0883150266902872
-0.234345218311599 -0.0604030466469624 -0.188554843680376 -0.0307435083448554
-0.235993194931916 -0.0748222630012497 -0.0341305886185425 -0.0113069027915832
-0.19048170111592 -0.167907053463772 0.0982243192365702 0.104365794303141
-0.0828757290047703 -0.291550939619968 0.0583650738354462 0.240353844718577
0.257715415864824 -0.37162406140353 -0.11485468243476 0.193544088694708
0.453206637415443 0.0799309092710673 -0.0385963642210074 0.0495360404167791
0.11726209438564 0.498279159911408 0.103849887571393 -0.0194700341143729
-0.238434447380052 0.52660525046988 0.046951262051241 -0.107999925343184
-0.0975252479423632 0.30417186035189 0.531928313343684 -0.244417683032431
0.0419035826532823 0.220586552414794 0.437960553398592 -0.288175792559921
0.168325237573088 0.0892591548648944 0.18004035145587 -0.417080729959507
0.1633874107727 -0.0879294250052056 -0.0624467196223633 -0.441467920739232
0.0631409595861565 -0.130117672595185 -0.253934180269906 -0.35685009068394
-0.00376917333142249 -0.128441316308586 -0.339882624901398 -0.220036548185789
-0.0970553811584241 -0.0897332148348785 -0.326744323121259 -0.116874340206189
-0.150835969365416 -0.0451979029750946 -0.250395866038821 -0.050050709133788
-0.159132674419741 -0.0606257131504073 -0.103516201579809 -0.0180464612233682
-0.128639749202288 -0.135909446407766 0.0130937280936469 0.0747277443938375
-0.0219830247539848 -0.226295329657396 -0.0231169996882001 0.144814502066018
0.241941716685665 -0.224358471949926 -0.0851515960123254 0.0483791303378757
0.307349158055187 0.132676367501062 0.0930261989255742 -0.00549604147947174
0.0223449442517058 0.374323047203319 0.162792227204482 0.021552053562135
-0.171433977425053 0.359915131563183 0.123349695397682 -0.208204906793734
0.0433249892932717 -0.0685372133442781 -0.0617993594353896 0.321155592834382
-0.0297523765423474 -0.12483526087827 -0.046147684321554 0.0161369652568196
-0.109343422510333 -0.0799543280653619 -0.13592815620947 -0.0270443006063382
-0.115802010460938 0.0465644226003976 -0.0124256478000935 -0.00860766044350753
-0.0185869449898257 0.0840864525551378 -0.0110597417982283 -0.0680404644797416
0.0361806985142227 0.0416793865412222 -0.00699801887215312 -0.0114727484087107
0.037228629958449 0.000895186045487753 0.117308720597717 0.052258696260222
0.026614217142105 -0.0015039101344633 0.256387922193875 0.0898386150635254
0.0139473325919594 0.0160852916278513 0.353651345813736 0.123829839212562
-0.0232896913060725 0.0390126166421786 0.35484662492887 0.20658139524611
-0.065160888597687 0.0395877722156762 0.292162405889984 0.310060236956563
-0.0930207050180268 -0.01037477028764 0.12177980649643 0.410265518522859
-0.0668414406169994 -0.0740161112036021 -0.103659929941131 0.441043584093058
-0.0189418796310236 -0.121519635500342 -0.375671207206118 0.378097944774407
0.0882009281744298 -0.150197679979486 -0.639086850568444 0.342035532258885
-0.0392213126818553 0.163062959731966 -0.10372666504331 0.321745834657093
0.0566110583987901 0.112991969428637 -0.0510080864467222 0.0472434524828726
0.107766806710128 -0.0273638762388881 -0.117351798022385 8.65908179199602E-05
0.0261565521187203 -0.128394718932328 0.00206775031527894 -0.00761696290134661
-0.0598591237000722 -0.0686075644181642 -0.017463659045112 -0.0796570989948804
-0.0585972026779975 -0.0359358830339235 -0.0195372155999413 -0.00927384990068065
-0.0731595418551015 -0.0278232784228533 0.10548306561302 0.0507322871091131
-0.0833767725405883 -0.0181635022032297 0.243312334215493 0.0885133272944014
-0.0749674686694757 -0.0267119235381764 0.340706410820658 0.112941529678982
-0.0568440723101815 -0.0429188016248428 0.348713474103973 0.193049680532971
-0.0416977781828166 -0.0462164893099895 0.292363281057132 0.293855233459332
-0.00343621283014085 -0.0737203164736111 0.137538364628787 0.404713581211321
0.0258356008908393 -0.0296051777948922 -0.071004552002862 0.458189650334412
-0.00924350771683338 0.0159965110981055 -0.328172793265389 0.392889063802705
-0.0147108742745385 0.0266022080816202 -0.598558852602126 0.37963760793384
-0.115518162752118 0.351385464012014 -0.107275063471961 0.265254157198221
0.124905278208665 0.305132583459562 -0.0499759850878311 0.0969423354057305
0.285565377553428 0.0246162429107365 -0.0322711631979237 0.0353869941787468
0.146503177013453 -0.262301715505448 0.0491582547550488 -0.0715905137225051
-0.0794214477592855 -0.20176185131 -0.0599653921142703 -0.152055510439036
-0.12797877634818 -0.11424078824979 -0.0794521281589906 -0.0317055269836206
-0.168693690033692 -0.0625630898083949 0.052026158884266 0.0429482269371979
-0.180619628847719 -0.0339251370157721 0.193583598639681 0.0752675836181436
-0.15540270640453 -0.0580034154640654 0.295726248510079 0.0811031173705398
-0.0923990827707264 -0.107368030790571 0.330940805979129 0.159004458136414
-0.034397154034111 -0.120091368920317 0.302398783187479 0.274590766537216
0.0641531975732105 -0.14954263867065 0.149703796927604 0.412398031956296
0.127637506115241 -0.0108338323851043 -0.0619131588718627 0.46446229487841
0.0296670249636217 0.150755409490141 -0.278408174633673 0.356006224268902
-0.103163602001399 0.214690109506907 -0.505744663313644 0.358406749602183
-0.17312382791321 0.464763944621059 -0.0527896689708133 0.180872161522961
0.160451346028887 0.407087577241718 0.0165103118562258 0.13637987510659
0.381521633661677 0.0500371490483481 0.104704685220685 0.00955422291237131
0.214929269741265 -0.328279185331239 0.086645195627432 -0.194987993421265
-0.0724326651449043 -0.280206867769234 -0.128575128924387 -0.24526966619193
-0.156083975588193 -0.176476157576201 -0.163439477492281 -0.0680352907250068
-0.22994872094 -0.0967008057612636 -0.0261590549914888 0.025561149335746
-0.250589817451221 -0.0454275813710158 0.113115559372553 0.0533852323756704
-0.218905364112687 -0.07329253164627 0.226895738287492 0.0425970455652712
-0.132100389101936 -0.145460752189096 0.302928166943984 0.124219676885024
-0.054655650678085 -0.17930694053417 0.305763446094474 0.268630106663476
0.102389327534862 -0.242189982077772 0.131477661300295 0.427870741826374
0.240818884499405 -0.023511792622575 -0.0882011231648155 0.436734087221019
0.0972710346229502 0.276193068413258 -0.225777536613153 0.25607862515123
-0.168497997962068 0.389209071971009 -0.372801737563269 0.279451936789643
-0.20452582709563 0.503605089969225 0.0636004480983317 0.0821676786395295
0.150813338268666 0.427781048806533 0.153073721054536 0.109325685065445
0.385145512892309 0.0686824340809154 0.215722100442205 -0.102513895943395
0.239099915099524 -0.314366794636899 0.0717133634144497 -0.327653528752946
-0.0379473764272028 -0.29786874493397 -0.202460307248354 -0.314626861080704
-0.142268423177999 -0.212973607606037 -0.241368392585523 -0.106595606994938
-0.249000927552191 -0.120725503244701 -0.113821624722118 -0.00186107775899478
-0.283843974700315 -0.051269540919548 0.0120903674609663 0.0260960825362636
-0.258626362761899 -0.0754444045530071 0.141733552537999 0.0122402152094774
-0.172409836269502 -0.159918486666003 0.25767894450588 0.105833601329401
-0.0930477862548869 -0.228194688878108 0.271242043781534 0.278127936228305
0.1298754218015 -0.342779453169419 0.059340924606612 0.417441249017178
0.357909740556862 -0.0395371364253122 -0.130827459941118 0.342833462494351
0.165308956708441 0.38796978144789 -0.143587908663359 0.117698360818862
-0.206833884564098 0.519571860517797 -0.218781958491148 0.156632775472075
-0.197691171002524 0.484249745806246 0.218308530519536 -0.0299779056554797
0.114350245924202 0.390838440381533 0.292845144334933 -0.00297923746532285
0.328385571538256 0.0884860928257297 0.243538256731977 -0.243475719106063
0.238813859902294 -0.247169329512719 0.0158193243282215 -0.409481733429889
0.0121433012653511 -0.271112669669393 -0.247957711285344 -0.344591484582915
-0.102281044120675 -0.218234964745284 -0.29418337580083 -0.143793290056175
-0.227409740143867 -0.128789328380728 -0.198651840351609 -0.0373144455882945
-0.27597849891014 -0.0508245702930234 -0.0929783012809667 0.000367506784714219
-0.265404685323773 -0.0691937785623742 0.0517009694713695 -0.00400560262184514
-0.199524918703114 -0.161974805607335 0.187850924235754 0.101311844747853
-0.115343536930278 -0.268573696551799 0.183911594969033 0.276663494953378
0.178124525819231 -0.404142939720882 -0.0442768752720331 0.337803943996018
0.445025237639851 -0.0148379251638343 -0.12702222198232 0.185839203328105
0.188000568398712 0.467611269098986 -0.0226237439286484 0.000442398448569138
-0.219411691617098 0.567991784156396 -0.0726461005854955 0.0181244193526982
-0.152771146627246 0.410323053258126 0.372939075063277 -0.14744375866441
0.0748477298939192 0.315647567830124 0.377639155237379 -0.15423399267357
0.249396080206762 0.0973421941705162 0.20814804695978 -0.345273995342217
0.21251776705582 -0.166681453289663 -0.0388415821451441 -0.429146334652391
0.0484372549066028 -0.212824006842153 -0.259311069995879 -0.344991302435284
-0.0552976978948528 -0.188567653797291 -0.32139289137476 -0.176826219555261
-0.174062157613595 -0.115854041333147 -0.270236558528478 -0.0724769049094997
-0.228070755411375 -0.0451572022817728 -0.183482167183542 -0.0221486665335179
-0.232592504008192 -0.0622496857354106 -0.0341767658087095 -0.0099897633591308
-0.187859742088296 -0.155283091322805 0.0977082198141278 0.0917222150754894
-0.0909284854073286 -0.274153273872507 0.0701987265274933 0.229401864010958
0.228603286259223 -0.366651784006153 -0.10469410948781 0.190637735073719
0.43556160345136 0.0576780524449824 -0.0376765292817848 0.0408697375072336
0.136947825317046 0.472622328187157 0.096762436527817 -0.035734801378973
-0.20365560697347 0.510591217972431 0.0429022266707287 -0.110597569400535
-0.0800670585247688 0.29207168598489 0.493858691224002 -0.25632181374311
0.0467572359000454 0.211935118594605 0.402274249122558 -0.291427994453315
0.164701957426459 0.0795342197031987 0.157061199365074 -0.399594771883391
0.153392854536036 -0.0917584565709628 -0.0736175817683974 -0.418620251793264
0.0563955725251208 -0.129973664668011 -0.255848402801308 -0.333704329921137
-0.0107706942268744 -0.126541495930148 -0.335569677187874 -0.198325629825726
-0.0997790490934371 -0.0834442384782622 -0.320060568365585 -0.100237819814484
-0.147128219145518 -0.0350075140608654 -0.244831090073847 -0.0384484009286601
-0.157441048795109 -0.0508582045274702 -0.101645699996542 -0.0149595493830583
-0.128280089124683 -0.126457278480577 0.015577776451356 0.0672049571783269
-0.0311361660630649 -0.214026723431676 -0.011622445394752 0.141309075420317
0.219777738514166 -0.226436919001815 -0.0841947006018514 0.0512104261477593
0.300377398076829 0.112911889054123 0.0836769573127143 -0.018411599132833
0.0423166902138476 0.358075813413445 0.155213740292407 -6.92030233841515E-05
-0.146688594975619 0.348516959475694 0.11078459294409 -0.209820015333336
0.0406693418809034 -0.0701670561543891 -0.0570201377782748 0.320263970601985
-0.033165780250423 -0.120525760922301 -0.0439594784067619 0.0299690931418637
-0.109611325415382 -0.0737107373259955 -0.126308576403839 -0.0148119374078126
-0.110937926538615 0.0495601433182365 -0.00784403286971988 -0.00994257571431086
-0.0149776356887685 0.0839214626419768 -0.0156985048706693 -0.066922894051904
0.0366852861357479 0.0400881824762353 -0.0108590600136784 -0.00646650200418051
0.0342698296407283 0.00158532107381325 0.115999950972167 0.0513882021700847
0.0250574454208949 -0.0012471566106073 0.256337003820391 0.0817775080584048
0.0129179388429044 0.0148220977064996 0.353140974315469 0.113991443728709
-0.022595651279345 0.0395079869401943 0.352373418532884 0.196376563946077
-0.0624427143153204 0.0422254619019215 0.289639973604833 0.298279476550803
-0.0919981558962081 -0.00796548064658977 0.123995455511863 0.397812695457108
-0.0667935386225256 -0.0718695708284461 -0.0952027459686351 0.425709424584044
-0.0180661857950705 -0.118337329797099 -0.358896224204865 0.371541025504109
0.0830827688763096 -0.148868367694409 -0.609855417507311 0.3458549492588
-0.0354770650782631 0.158271865241494 -0.0971395165556628 0.319412755913142
0.0560802016326568 0.110746514731768 -0.0490715191248055 0.0578018193825553
0.102171578747924 -0.0265727284733026 -0.109047982599628 0.010350410741276
0.0218941947874665 -0.125597117613871 0.00655961903980332 -0.010336948575608
-0.0584821338414409 -0.0654334280879304 -0.022130725859816 -0.0782229878569303
-0.0580474151105254 -0.0339361914745866 -0.0225968973511942 -0.00314715686680498
-0.0756908307405959 -0.0254607027326481 0.105113348253535 0.0504969113134932
-0.0836900116534234 -0.0149819138063979 0.24326251561437 0.0813585690299772
-0.0769489384475912 -0.0256867113945379 0.340701156699418 0.103729629954417
-0.0578239884041097 -0.042487991563384 0.345774977723154 0.182704378499148
-0.0408155252457874 -0.0445902001690394 0.28984096903878 0.283184249471271
-0.00436056309589986 -0.0725582214192462 0.137869427264345 0.391353688278693
0.0251953831434071 -0.0284520191996445 -0.064009045809947 0.439357089310448
-0.00715946305983491 0.0176204112363906 -0.312280743109823 0.384283778911334
-0.0151554813709831 0.023992199223912 -0.571790124119259 0.378901153575911
-0.105696305130479 0.343232434951217 -0.102180870249007 0.26422386552973
0.126426270089624 0.297527823618237 -0.0473526085890916 0.104183898779005
0.276802257307523 0.0202192971959126 -0.025444880465706 0.0425118497352496
0.136312114995498 -0.259181163662768 0.050423618238119 -0.0728327873627276
-0.0802303737801277 -0.19572600643867 -0.0650615600142245 -0.146855103713503
-0.127714755650582 -0.110288614679889 -0.0811689519699528 -0.0245411764580647
-0.169981661074667 -0.058003548377672 0.0528869383351148 0.0444910397940655
-0.179845150854465 -0.0287576413713322 0.193640542332808 0.0698522553696181
-0.157561835206061 -0.055347464461173 0.294359303782163 0.0738556815059839
-0.0940852359670478 -0.107185544439541 0.326439263932544 0.150708468507017
-0.0345811991224241 -0.118753569324145 0.299151511754911 0.264639354954933
0.0614429869259479 -0.147983925539776 0.150426225054718 0.398769098063634
0.125896396349064 -0.0103267968454101 -0.0546105578403474 0.445580663985514
0.0331824679050992 0.149461065479395 -0.266359018639629 0.344674403186282
-0.0989008715120396 0.209194407689797 -0.481693026910847 0.358499813926207
-0.159666824446447 0.455292158929917 -0.0506627668335808 0.17929669094268
0.16277179249397 0.396257069603937 0.0176217360614354 0.139822069546494
0.371290018709295 0.0440949275275499 0.106557710067895 0.0137509271824125
0.201982743247297 -0.325253422161922 0.0836410840291011 -0.19258556202519
-0.0746691615583253 -0.273275388016743 -0.135520967277038 -0.235517002433289
-0.1569689027604 -0.171834720366811 -0.163009841847036 -0.0580817836553359
-0.231996066619844 -0.091189114259028 -0.0235824972956001 0.0291701221358733
-0.247697653188756 -0.0370574089236867 0.113751020382594 0.0498847658281538
-0.221074695828358 -0.0690809921516895 0.224216517885466 0.0375984628543845
-0.133202314383261 -0.14531669766552 0.297154494290045 0.116667372417563
-0.0546120419727953 -0.175941539903204 0.302824470874076 0.257239156139648
0.0967180806770987 -0.239269244282633 0.132666010195782 0.413222454992251
0.235802596639379 -0.0237827400250529 -0.0794510402462764 0.419893937594185
0.101322476929941 0.270854045455314 -0.216106108308146 0.247530024386923
-0.159037596425989 0.381002606203873 -0.353618213937642 0.277458312851982
-0.18993711127379 0.494752626116829 0.0589283653014934 0.0800654031216793
0.152838555312923 0.418068589343997 0.149432104539267 0.108287339939802
0.375539442218961 0.0620033173960103 0.211419150552875 -0.0983613574345619
0.227452776439351 -0.311548719769834 0.0654900163881679 -0.321637671209499
-0.0394569099729373 -0.292235372803749 -0.207867141278641 -0.30199382023738
-0.144377508436124 -0.208634691225945 -0.240021491686506 -0.0961116894760867
-0.250644865591808 -0.115273362153539 -0.110474618263465 0.00334139763590858
-0.279888198009003 -0.0420285299877343 0.0122091279394192 0.0254392377136749
-0.25938416601507 -0.0694386109582594 0.138920291191829 0.00944050623510093
-0.173415969263937 -0.158954507456048 0.252187237817697 0.0981383187145526
-0.0928784410611695 -0.222412426886437 0.271402801377582 0.266152742044292
0.121499179066201 -0.336825259370395 0.063475115889234 0.404899984442689
0.348812362158923 -0.0430837401310262 -0.12230482680982 0.328703622496868
0.17000194953466 0.378628285090477 -0.138973253783357 0.108872676505267
-0.193640365263904 0.507336257835219 -0.206168323640975 0.15442444777536
-0.18269115252409 0.473415071056734 0.207929419141411 -0.0323732653130113
0.115176324575139 0.384448547253677 0.283066792926665 -0.00494511077641473
0.321065919256511 0.0840006884341601 0.234869640870725 -0.235574095759555
0.228673367995356 -0.245912703755592 0.00966487765496113 -0.400141484076817
0.0082610131197348 -0.268089599103493 -0.252393530453075 -0.330993711767523
-0.106139119059686 -0.215593866060879 -0.291959066770929 -0.132546335096326
-0.229431342389188 -0.12336654410382 -0.194713368265698 -0.0310087573424744
-0.272594765384332 -0.0422444622747783 -0.0920962930620068 0.00175977894342305
-0.264859876600434 -0.0634830051587134 0.0493830567379888 -0.00487850323123421
-0.198909997744172 -0.160192164174468 0.184385209425199 0.0929592675492221
-0.115303254602031 -0.26029646064659 0.188351196426434 0.267012660939693
0.164482279149598 -0.398255104070355 -0.0391310709894031 0.330860409154066
0.434558519097 -0.0215217590154054 -0.122970495231986 0.17642160127825
0.194376632324339 0.454086845426238 -0.025109412277435 -0.00900582340879758
-0.203561486045198 0.555792612874859 -0.0672558113214104 0.0149233127649193
-0.140906421722993 0.400744227271179 0.357251515877753 -0.150016380999382
0.0765141904542636 0.31042166858493 0.362026822931116 -0.154966510704818
0.24485759812812 0.0932970024193124 0.198559993883079 -0.334501707066027
0.205308839599196 -0.168149250412039 -0.04271518804927 -0.417029812977094
0.0445920499425659 -0.211957130260104 -0.26028153033722 -0.333485876182906
-0.0590057831687637 -0.187085707728566 -0.319751002848787 -0.166731882184507
-0.177404460428949 -0.11151978957939 -0.267140981298762 -0.0659691833583695
-0.224709805496407 -0.0379734144003876 -0.182080783992967 -0.0189441341218472
-0.231824891880969 -0.0560163715728597 -0.03436391768046 -0.0109915098353891
-0.187110839416072 -0.152584676844459 0.0964621286669429 0.0853656687627181
-0.0926432715346328 -0.266418176935629 0.0773032295608762 0.223088001147626
0.213217495481429 -0.362684727083165 -0.101461393253481 0.19017680554002
0.426646821596668 0.0466814816466576 -0.0408215585988529 0.0330271850212174
0.145693115971998 0.458905396059465 0.0913786579989035 -0.0474909457546975
-0.186159648232914 0.499461780401633 0.0414693562731616 -0.113721815915541
-0.0721123320066988 0.283680533707316 0.471948733494084 -0.258436173065395
0.0479446962899722 0.208358657692751 0.383964344091011 -0.287830393421467
0.161255883526137 0.07660797328567 0.147385370468031 -0.3885907188297
0.148080960835625 -0.0939680718511789 -0.0756346385792455 -0.407568037398031
0.0531524057833743 -0.130597169691271 -0.256531062261486 -0.324431057492172
-0.014036681430524 -0.126450019649318 -0.333730550336342 -0.189230215947592
-0.102378698380066 -0.081223846827351 -0.316563191635753 -0.0932813909489428
-0.144348654663996 -0.0295772221624675 -0.242774746751021 -0.0343910724810484
-0.157346857457837 -0.0456650292281343 -0.100616060385914 -0.0153130370684375
-0.12762279599911 -0.123982039859685 0.015929701182337 0.0616355605349971
-0.0347244974552746 -0.208395323961545 -0.00458827616337342 0.140294144207371
0.20763269459099 -0.226025446248186 -0.0851355755243915 0.0533867230397529
0.29794883149274 0.103862729866068 0.0754776104604346 -0.0274747953074511
0.0528039428617582 0.350403698488146 0.149678010147798 -0.0160748322914741
-0.134505617041458 0.3410103468782 0.105855331456896 -0.21177299636047
0.0125013929529059 -0.0853605959450605 0.0845434664339272 0.317179817319219
-0.079555053321517 -0.0922557163411254 -0.0220750309890165 0.0578247928785639
-0.127214907906494 -0.016270763235139 -0.114652920712698 0.0510420162596652
-0.0744783804674092 0.0920147496005825 -0.0106438272515395 -0.00364197023078073
0.0230954323268027 0.082486279392604 -0.0444052155119875 -0.0503167027024751
0.0511001329404662 0.0205145634191095 -0.0116990686256125 0.00524524258995242
0.0307855053893443 -0.0109515344482186 0.13087291570172 -0.00419333358674616
0.0202562265302161 -0.0119238365189299 0.271390115307735 -0.0442946649484225
0.0181526102776974 0.00942451422087909 0.372667963824807 -0.0604478435795466
-0.00198591254620219 0.0466433557808406 0.406141624571605 0.0174134012959602
-0.0355745534615657 0.067771474053961 0.388556862745477 0.137563683597891
-0.0842580717326428 0.0389411678332042 0.279981192168894 0.298798589877508
-0.0965041462486509 -0.0332567948868174 0.10017678163048 0.415771862762258
-0.0720398254283655 -0.097809028500045 -0.158303734285669 0.482517029024232
0.0022345496239109 -0.173061686746419 -0.390936792426607 0.582322210568363
0.0371369891077689 0.153221313273617 0.0540534197673419 0.340029002797573
0.0971186715818265 0.0771594540428661 -0.0109264985356341 0.0825756110659388
0.0813455833962266 -0.0626100562874317 -0.0839670580135217 0.0565168547034354
-0.034549768391289 -0.118614340792367 -0.000873223634113594 -0.0211156543584653
-0.0789547409062138 -0.0329456428457552 -0.0624819263430024 -0.0577589533876792
-0.0673106560289776 -0.00585785161368163 -0.0235174372187621 0.0137061879665011
-0.0809869510215591 0.0115725588188014 0.116786227972134 0.00169020675661245
-0.0857719215626561 0.0229263039934888 0.258361912611697 -0.039006981889583
-0.083411465051749 0.0117426913076472 0.356556895322774 -0.0661722502835262
-0.072086825036118 -0.0151635343677363 0.395666802764521 0.00702382344178403
-0.0538350424793618 -0.0239143901564212 0.38726877796628 0.12463242388453
-0.0329905264203913 -0.0590471621366323 0.297480524616141 0.289525756086565
0.0099718269213197 -0.0319772962842784 0.132446541200605 0.415736568002836
-0.0012366949437807 0.0233013671457496 -0.117556515155772 0.476960609789115
-0.0086797048643385 0.0335022989090098 -0.347651130544694 0.587952936240871
0.0489658918204485 0.349638940324813 0.0304209499329624 0.297414656066614
0.238396346131162 0.213853288668669 0.0153927559622572 0.122088802912943
0.256547683697551 -0.0944111805041315 0.00927341779672793 0.0411692765209118
0.00808344036428832 -0.28392200829058 0.00880945465954363 -0.104170623349343
-0.153767763986588 -0.139425283086641 -0.137544197630278 -0.0991880898250172
-0.163376115066947 -0.0450453721963815 -0.0879016755399234 0.0215979840749762
-0.181086996221068 0.022700953560332 0.0638210169113407 0.0205297047899322
-0.179903440654664 0.0512407837442027 0.207691771225218 -0.0267989841203123
-0.171511684595137 0.0199770035579013 0.300608510956373 -0.0716960455392444
-0.135355814851731 -0.0603801472496696 0.362991797653607 -0.0156264679396383
-0.0808212156968857 -0.0970851444240646 0.390672503569205 0.103092164280574
-0.00702611657777274 -0.156501055036179 0.318356448431044 0.291148481603861
0.11191841318377 -0.0589001866279618 0.144528996933478 0.419814471866667
0.0946106349350814 0.126829892493062 -0.100387131952214 0.422346415964007
0.00141992801494067 0.243749002810492 -0.28497783084169 0.519874634186664
0.0445412492841575 0.474225039594355 0.042419489169851 0.202786070429336
0.311213386766492 0.286214587904572 0.0912605951747411 0.123012982958849
0.349836420779478 -0.113333488580658 0.115433981091042 -0.0475002945443943
0.0370051856430881 -0.368731970427677 -0.0160615888927536 -0.231509779424149
-0.18195621019484 -0.209871796369789 -0.242742683891396 -0.147427040009495
-0.216522315041889 -0.087710965395366 -0.178396252158139 0.0272787931103419
-0.251188647425146 0.0187556182414231 -0.0156765544122117 0.0406131738634955
-0.246664933240493 0.0727930737064953 0.124416760495626 -0.00880822627819496
-0.236126199811393 0.0339140064457663 0.220016133106763 -0.072198915217395
-0.188238715589463 -0.0792579392830327 0.320925895361452 -0.0343499524681111
-0.124463246175191 -0.1422876426153 0.393212469717976 0.0917968714747114
-0.0153871169589366 -0.253976494916671 0.317441086753974 0.310258765300941
0.207292410262452 -0.118915613206619 0.111449447403444 0.410848624165784
0.211497169429182 0.206545326887705 -0.104340550675453 0.316816680770883
0.0284218134525788 0.430182219866956 -0.215196963699903 0.386768898787408
0.0297380006739397 0.520774312359725 0.0988645635522075 0.0670066490011433
0.308860646000238 0.309610761370239 0.194538051341457 0.035021407354857
0.359851508066882 -0.0978851180295627 0.158684601558456 -0.193712400864044
0.0642684887644029 -0.367352971554377 -0.0881792110906337 -0.338508383662647
-0.159908699993148 -0.242148311108928 -0.336970587417688 -0.175912530783628
-0.223066726507274 -0.126186603469084 -0.265472441413611 0.0266210699329118
-0.279738739675281 0.00418517893568357 -0.107637645162865 0.0550522711014998
-0.277821308783245 0.083140923715234 0.0209054134750767 0.0151478956157446
-0.271262368695714 0.0501463312120139 0.128931420428235 -0.058313324367379
-0.230599620058878 -0.0753342713826625 0.270353156398148 -0.0327643798928086
-0.179295167121107 -0.168460342839865 0.370964887383982 0.11098833309433
-0.0374692198454767 -0.350546193120199 0.257377998138438 0.33130823578171
0.302084755151583 -0.18648365818274 0.0352632671113381 0.355861849962197
0.322324024953649 0.271641364983347 -0.101340239605858 0.162545630003789
0.0577249822640584 0.560752065541969 -0.144107156326056 0.20827825363419
0.023563983334033 0.500030955609826 0.18441131664211 -0.0999198493300245
0.258739743326665 0.296831513497946 0.261803515863417 -0.126034261306916
0.319776947585293 -0.0544462703296322 0.119397057471314 -0.323770946141862
0.0934766190551132 -0.309981549275887 -0.170323035561873 -0.381215378470712
-0.106950162789727 -0.240607112510253 -0.388105419807083 -0.184321928588015
-0.19226055887918 -0.149113690368119 -0.328661687402992 0.0139950319841386
-0.264788315269444 -0.0122568363349186 -0.199957300513438 0.0605150821710098
-0.269726029062385 0.0794405255710153 -0.0853692206962017 0.0420990093636569
-0.273701749986697 0.0584136648726711 0.0402067220289089 -0.0316605642619469
-0.253946644860101 -0.0646957736235627 0.206586816458555 -0.00826656255917673
-0.216686569729539 -0.190807165289099 0.299890311798318 0.145321375052839
-0.0298349238433726 -0.423970615237315 0.140333897846722 0.311756661174182
0.387590314291034 -0.206762698736178 -0.0326351843971917 0.224037709105595
0.380625765229087 0.326521779401473 -0.0551875497562268 0.00781089561485222
0.0734136437568371 0.610013761901128 -0.0825967432191647 0.0202080000704443
0.0271319875946672 0.415493784180119 0.266967385876986 -0.274620966705985
0.190748053541727 0.24917518561269 0.263690992595665 -0.295811267271559
0.254174435904081 -0.0133385926189079 0.0415776739792836 -0.391812849616063
0.106457861409188 -0.230120018475146 -0.220976516368254 -0.370339197506257
-0.0513186766869376 -0.20557675399045 -0.394231358501554 -0.18530746335335
-0.137808556530617 -0.143288779011896 -0.369179860757374 -0.00644248088034218
-0.210964456393405 -0.0243498532461621 -0.281568868656495 0.0601509587269499
-0.222605440265035 0.0632788181596766 -0.176565409762466 0.0647075301873879
-0.239059844335496 0.0504414615548686 -0.0388055046352621 0.00188117171400131
-0.238832158492278 -0.0613924029981418 0.123964938709581 0.0239589690717364
-0.199718727559488 -0.20501094531718 0.182851469850868 0.15700650142163
0.0283331459377823 -0.416184061802728 0.0207238319973467 0.219285872547141
0.412620344638062 -0.145392324735304 -0.0279176331635018 0.0615939620744661
0.341946874505257 0.35145264505511 0.0310453652173674 -0.0821460765026445
0.064069249774591 0.5479382534885 -0.0383794436851176 -0.142638749082641
0.0401471719037374 0.280757267032711 0.322373640131093 -0.426846020483276
0.121669135064648 0.169957020206302 0.221328109991601 -0.42600235331617
0.171745640925426 0.00618828647112744 -0.0297070319512943 -0.412619139231059
0.086933933866182 -0.140514891289766 -0.244539620802494 -0.341730258707982
-0.00777512451325002 -0.135694284014425 -0.382361369492693 -0.181051878478102
-0.0696621780420216 -0.107217540865881 -0.391382848716588 -0.0225121106885848
-0.12955825159171 -0.0290087806197496 -0.336417136704336 0.0576859515618115
-0.144473702845528 0.0366662694176385 -0.239081742343915 0.0787835373115006
-0.16608966062213 0.027645254532155 -0.100786533641507 0.0280992096400466
-0.171439448339372 -0.0594075717588834 0.0411175520443907 0.0401601266397455
-0.122256520482392 -0.17619128680419 0.071770449794002 0.122767915579822
0.0833531213552227 -0.293871740719266 -0.034445340197892 0.0953344829369269
0.321369530855347 -0.0376999375903501 0.0435318679420863 -0.0485886685724801
0.209987070874101 0.29448895871123 0.102984649155298 -0.0856275944988749
0.0382552333549168 0.375508032619737 -0.0154869031454514 -0.254792401349749
0.00722973379684935 -0.0894357460485305 0.10072441742245 0.323976844631665
-0.0856719196854559 -0.0886882319635644 -0.0116989042996105 0.0693143572959393
-0.129793573539111 -0.00798908326950389 -0.104173158115214 0.0602491623635948
-0.070292191482904 0.0972529581464902 -0.00893159110427027 -0.0064918045445418
0.0290357143958303 0.0824807245507723 -0.05029933236517 -0.0477874306290772
0.0532479741179334 0.0183594273236361 -0.0109452301647542 0.0117231734830601
0.0307839236261589 -0.0103410398826966 0.135076309698769 -0.00801597974957008
0.0190828198214834 -0.0118764170815031 0.276779952129248 -0.0586997485065418
0.0177007164569725 0.00934596218118766 0.378810328506214 -0.0824945007289024
0.000231262934961872 0.0488875699116341 0.416461099417176 -0.000269523071407827
-0.0311550031303645 0.0719723518131793 0.401512242321525 0.123703582886256
-0.0843787265767442 0.0439763890961269 0.294281390119335 0.293076839961164
-0.100449845747856 -0.0297100672182331 0.112255478186666 0.413721718973998
-0.0750915796294686 -0.0975968485639788 -0.14172360267752 0.492956966542899
-0.00632001920129394 -0.176743327128841 -0.366344752633086 0.605364385406059
0.043906088646382 0.152055347122374 0.0689851637520548 0.347981615761977
0.102104211260271 0.0756646711023574 -0.00228488024141833 0.0942866348229562
0.0798109324818942 -0.0644605030545193 -0.0735675136121746 0.0651462371631712
-0.0411838176228201 -0.117116662672019 -0.000337295894791482 -0.0251486507586097
-0.0806127467208183 -0.0306047954503608 -0.0694867361810843 -0.0541296328960811
-0.0685417291893174 -0.00346300944035538 -0.0220361271080452 0.0209081966367787
-0.0832162236371282 0.0181145241876861 0.120998924759718 -0.000857044723235186
-0.0868565756834282 0.0289205546957532 0.263637754640464 -0.0535100020520864
-0.0874344688013787 0.0174160098549977 0.362973232352098 -0.0864089583344642
-0.0763305990213231 -0.0127560073632613 0.404713983751253 -0.00948376984648905
-0.0548330792758162 -0.022682390486215 0.399376365900304 0.11150326970271
-0.0362415694086596 -0.0594658402612817 0.311263839312088 0.28279499396967
0.00977482811852713 -0.0325914827710915 0.147313028266323 0.414219604672199
0.00232068630736375 0.0239020832718171 -0.101161250714951 0.484947104779531
-0.00937361138855915 0.0344163901727039 -0.322157806523513 0.610867644574516
0.0652903053920381 0.350690540865037 0.0428434327828565 0.30500773136256
0.252077741769744 0.20808135582204 0.0253037761159458 0.13218382232315
0.256276101875231 -0.105250913004218 0.0202872463177784 0.0449602202672751
-0.0060583365000842 -0.287086385076464 0.00560006962035527 -0.109201330461698
-0.161028038090251 -0.135906934784013 -0.147180492908971 -0.0907924862551377
-0.169498790291942 -0.0396717178701015 -0.0867001899520233 0.0317708100422413
-0.186564743312289 0.0341326006786487 0.0680310222145834 0.0207817121729861
-0.181236345644213 0.0629301548671228 0.211836291741021 -0.0383078165063457
-0.178459072884268 0.0299755384058584 0.305322905380111 -0.0883554218175749
-0.144473578348677 -0.0575437575340342 0.370859392367107 -0.0303071912905143
-0.0858756942967091 -0.0981159532592206 0.402112868172318 0.0887844135049991
-0.0135594979999285 -0.160627155860669 0.33207644077345 0.28379267362984
0.114062793916426 -0.0637759049660691 0.158173803483433 0.416948550084928
0.10333614069267 0.126675254522719 -0.0860684245898694 0.431376914805256
0.00967554279228983 0.24734472833016 -0.264180376289245 0.538634487510959
0.0662118548381038 0.476500710600744 0.0495422706061492 0.207480073330157
0.32930581623797 0.280212845166192 0.100129265283525 0.128754515310751
0.350005908917013 -0.12754359453869 0.122743508420817 -0.049175274964468
0.0200636202608606 -0.375575876822702 -0.0252778451902297 -0.235701293276095
-0.193262503768992 -0.207660865639583 -0.255587776197595 -0.133441858176773
-0.226121926618235 -0.0817758032268827 -0.178812096974081 0.0415362673003533
-0.259022991595835 0.0329501601253616 -0.0117367741956884 0.0446126170483441
-0.248930637947803 0.087952873490411 0.127237437341574 -0.0147624754407343
-0.24370752349673 0.0478708132690367 0.221845632721027 -0.0845851311660375
-0.200867819527487 -0.0752805353881882 0.325157623135077 -0.0473399275128182
-0.131715787988088 -0.143394350279159 0.404535745033558 0.076842567118642
-0.0257280670524997 -0.258720707088087 0.332428021204793 0.302409067997792
0.208770641947285 -0.128803964989642 0.126165528920304 0.408872736005823
0.225362995761728 0.202907021187161 -0.0957797553956304 0.321869304117849
0.0448370919323809 0.43440630483112 -0.199105722870458 0.399262655097336
0.0539461498496489 0.525384855027138 0.100349908665155 0.0677237916669604
0.327646486236929 0.305991118820985 0.198916873821822 0.0340171806232814
0.361987615869536 -0.112762865477054 0.158739434784084 -0.199447083130149
0.0489327584598497 -0.375577250980212 -0.102823022339938 -0.34037435777173
-0.172220389374766 -0.241618037549133 -0.352565194089225 -0.158572688226512
-0.235552732491029 -0.121382836476515 -0.267745188555476 0.0430187687476725
-0.289182561786295 0.0193335151377345 -0.106211474377742 0.0629800481234713
-0.279949309711435 0.0992087571197559 0.0214251681244987 0.0153721645718035
-0.278352661198523 0.0655559670316726 0.128300139124352 -0.0659155280073952
-0.243657998405965 -0.0703280801925602 0.273233771374778 -0.0444874500976009
-0.188205610589585 -0.166500375960934 0.383230202145374 0.0945762272199143
-0.0531532771748024 -0.35623667249506 0.274353921521507 0.327430952334797
0.300680193963879 -0.202187954036442 0.0464930025356392 0.355261893737967
0.340576627994005 0.262493509686991 -0.100814330859552 0.165419127067237
0.0833484434374236 0.566095617204936 -0.135914806729317 0.213187396871511
0.0445915893349448 0.504142337062146 0.178836700203208 -0.10636889408995
0.276421044714332 0.295014905166713 0.258431585583145 -0.132752578867887
0.324064119389728 -0.0664619529847358 0.111827271089044 -0.328800338950168
0.0813482964067191 -0.319031875204989 -0.187801067825556 -0.379267009130765
-0.11934584856523 -0.244288783512233 -0.404835022724939 -0.166585902250475
-0.205932336969688 -0.146299090014678 -0.333740640691495 0.0318935935285861
-0.274263875393653 0.00163271547725886 -0.202076391219059 0.072492903221852
-0.270663770425154 0.0949213951277522 -0.0868091078115757 0.0471785090958132
-0.278887846059418 0.0747446912992547 0.0383114926189037 -0.0345747050275172
-0.265770160713324 -0.0580657993157814 0.208747778831147 -0.0171871123267817
-0.226544985497408 -0.18724535121628 0.313787657247577 0.131536428163376
-0.0489979385835985 -0.429282412102674 0.154003343383761 0.312993160073447
0.385567806128595 -0.228622538459405 -0.0288274390901831 0.226518867257546
0.403039902441726 0.31446056197079 -0.0621470321334226 0.00478684448441269
0.101457585721986 0.612686556410533 -0.0832593838825402 0.0194148187878738
0.044638938609163 0.417468017727214 0.255550878655091 -0.287699210411086
0.205261610721963 0.249957342710584 0.252099760036613 -0.30731228514958
0.26019164508489 -0.0222035685007985 0.0305601430938452 -0.395646371995967
0.0982631688930841 -0.239293099389167 -0.238289462178003 -0.365713043667419
-0.0616182866161336 -0.211490629565229 -0.410899661535776 -0.170554100224224
-0.150275505554786 -0.142724294406977 -0.37720288241452 0.0105278867963714
-0.220360919069473 -0.0140058699661263 -0.28633021910867 0.0754496498951477
-0.2225389900139 0.0757597771251083 -0.180066901053536 0.075017710944468
-0.243253731684485 0.0648387449469925 -0.0424265443650156 0.00270302404447712
-0.249325884148073 -0.0545653279354279 0.126198289848789 0.0174410173547245
-0.210219225580497 -0.200004849739877 0.196395329791657 0.148315431722205
0.00868732936079331 -0.424273628317215 0.0287269786521222 0.226364005023975
0.413668244887155 -0.167778717911593 -0.0332777903710564 0.0615067844610879
0.366764177613763 0.341000689670231 0.019829216943746 -0.0918763593065699
0.0903786941132576 0.552419927508529 -0.0467988706808911 -0.147768396601332
0.0509821827547429 0.280694627858778 0.306048606608651 -0.44461636962966
0.13186908251616 0.171324503219493 0.203683495766126 -0.436407176673179
0.17628095865239 0.000289074546394959 -0.0438470765931868 -0.415042919567129
0.0822007314437405 -0.147183293926462 -0.261081658259668 -0.337150893850543
-0.0141480906235438 -0.140953337118375 -0.399673529843475 -0.16965312746652
-0.0787774172343711 -0.108586272812601 -0.401795766886172 -0.00580809508008508
-0.135911814778764 -0.0231037189791938 -0.343868376676311 0.0745299194095084
-0.144179217981003 0.0453362913861292 -0.24378934395969 0.0922452031420901
-0.168515554365601 0.0377580372014228 -0.104517765220873 0.0320069965425037
-0.179473896835342 -0.0543358171895231 0.0424050811991492 0.0368438985528693
-0.131996209212264 -0.173246851021796 0.082684233348215 0.118647527246649
0.0708191043375923 -0.302615095658972 -0.0334050149025255 0.103416221323391
0.325170881011217 -0.056163660539571 0.0325054664749433 -0.0527433482214693
0.230133394061271 0.288577809321042 0.0927320375022626 -0.100882294725086
0.0571750549809568 0.377327587466183 -0.0297961717916436 -0.262684876226435
-0.000273376502152543 -0.0922364256235712 0.123812248164575 0.322051212076756
-0.092391868284856 -0.0815295965974524 0.00295985455155794 0.0781884230548748
-0.12935316676976 0.0035726206428329 -0.0893707802397745 0.0703512911685449
-0.0616816248628797 0.103379658206758 -0.00711646489917773 -0.00943721642213537
0.0358222111933651 0.0804645628619008 -0.0562422406647226 -0.0432722800364476
0.0547396498322866 0.0148191680193055 -0.00868011001872259 0.0187172678468408
0.0313643406005261 -0.0096888122106109 0.137730099114957 -0.0144720721545055
0.0180477588575542 -0.0118370574589513 0.27603115686762 -0.0810764508278986
0.0178650617392749 0.00989363870851365 0.376774503445925 -0.114059674648915
0.00413747617007169 0.0501702966568066 0.420429896539799 -0.0292883702200547
-0.0247492068425839 0.0748659200919421 0.409411176064838 0.0978413010537044
-0.0823081319474349 0.0503384772895897 0.312266054888225 0.274835467568938
-0.103743016729773 -0.0232162334787267 0.133181819319452 0.405771119780194
-0.0802351561568497 -0.0947077286546118 -0.111008579037756 0.498970703874796
-0.0195377133858192 -0.17604036661898 -0.318638711780684 0.627390619211614
0.0533972298551907 0.147079563983163 0.0918752104542961 0.347718932443843
0.108002313589623 0.0697167011528383 0.0112584303335506 0.104082546641488
0.0756512553485362 -0.0681561657588926 -0.060088995334275 0.0732169208627185
-0.0498220177813393 -0.11289782236591 -0.00124796780516109 -0.0282594009061066
-0.0815747318000149 -0.025318796411354 -0.0764734055895939 -0.0465552560486478
-0.0696261545866802 0.00131202806294959 -0.0182026287790632 0.0284806674571919
-0.0835887135980381 0.0270192955963434 0.124658124480965 -0.00680124014746014
-0.0858320145441814 0.0367347287659956 0.263234169306119 -0.0741444405822638
-0.0892461681176248 0.0259579411408932 0.359584169533896 -0.1153001687942
-0.0796758836070537 -0.00735044169611476 0.407669586525963 -0.0366270376761797
-0.055317370370435 -0.0201471303580751 0.408063449817284 0.0861283806832322
-0.0410131503955884 -0.0575692488209168 0.328080200203134 0.265468069961256
0.00867408395691472 -0.0330533207734363 0.167648293980253 0.400964884215412
0.00597104193962308 0.0238507589941451 -0.0713723286196721 0.488469669568557
-0.00861163911573903 0.0356342318245031 -0.274932234411358 0.628405466037477
0.0890159253641016 0.344568120535483 0.061964094441076 0.306461056924754
0.267033126190267 0.19307628321292 0.0395130394599354 0.139407890456026
0.249364924119532 -0.121162710706473 0.0323663315781802 0.0468381747497587
-0.026392813623034 -0.285766983934196 -0.000737046507376096 -0.111803393000543
-0.169985685752418 -0.126449592122865 -0.155782681673644 -0.0760334783885145
-0.173685079803632 -0.0291873028076868 -0.0820708551763143 0.044078576356085
-0.187172563183138 0.0500932574772275 0.0731603731780132 0.0191870919516202
-0.178362014618576 0.0786981532119084 0.211561729500765 -0.0539321270344403
-0.180430695317487 0.0458729018588788 0.30170304682148 -0.113134006790797
-0.153875888095904 -0.0490250916058503 0.371767320722789 -0.0537664275124808
-0.0930844591174901 -0.0956142940032126 0.409656097972972 0.0626581530608037
-0.0238433138248983 -0.161935260783805 0.349944801380281 0.264136923033663
0.112419594493064 -0.0711973196181051 0.180580102496436 0.403299789532618
0.113865958372748 0.12185933023943 -0.0590834465658247 0.433320404079791
0.0243699722544675 0.247409392021283 -0.221072229124843 0.551883313071231
0.0990145866352066 0.470052224097496 0.0613750341879287 0.208153524331875
0.348916376601806 0.260367694611464 0.112317283220419 0.13037175267633
0.341689536406878 -0.149755650868773 0.127114816887015 -0.0540961688583304
-0.00681834092547113 -0.375880952878502 -0.0403993563030486 -0.235655932355074
-0.206997340908269 -0.197369046632952 -0.266512118289188 -0.109880001236477
-0.23554515951069 -0.0685258788948044 -0.173845642536642 0.0594134081635694
-0.261374424779769 0.053956408697093 -0.00589500438121402 0.0481790833099238
-0.243897738763404 0.108033120664097 0.127374296849543 -0.0242356704379336
-0.24446386119886 0.0685146274607639 0.217074869029306 -0.101449866271733
-0.212715300740085 -0.0639864394614487 0.323995658838284 -0.0688288958728147
-0.141596965329323 -0.139050900043606 0.409780371301969 0.0497494147408327
-0.042508177391947 -0.260045671895648 0.349716086674431 0.281969235343273
0.202533490356527 -0.142380168899216 0.146895152086492 0.39877191179349
0.241147898628842 0.190507505604321 -0.076673124097378 0.326051899587784
0.073799057151835 0.431578736251128 -0.167153520427109 0.408528841369613
0.0886211009819626 0.519086409254315 0.101627299166195 0.0644568945691656
0.349733059998551 0.28827281164928 0.202302146189747 0.0294199068408924
0.355766367926619 -0.134048169221808 0.151680328887792 -0.207414079109399
0.0237392990445058 -0.37747583534392 -0.126184311236772 -0.333576701020829
-0.189891681082253 -0.233983366581739 -0.36496654345878 -0.1274955691843
-0.248789635686803 -0.109134453467524 -0.262814912672853 0.066624651443128
-0.292330896680359 0.0422312331972528 -0.101068700788318 0.0730581207941068
-0.273689376765998 0.12103952403063 0.0221063485941556 0.0147500916951769
-0.278112287503662 0.0892967599134203 0.123130178527117 -0.0756381439312462
-0.255475888297638 -0.0560058523349317 0.270728298869099 -0.062358649072948
-0.198928447937597 -0.158808163336681 0.390589674135201 0.0675338289504068
-0.0770497174309796 -0.353545465949614 0.29496708309341 0.309801249845117
0.28926091262395 -0.222095307773245 0.0649021126479948 0.349120727751246
0.360360681942165 0.240480820336465 -0.0945137890955999 0.168553848604075
0.120125476180007 0.559977276210177 -0.118814916904825 0.218886048808861
0.0781123533745188 0.49837008878648 0.168303781322163 -0.115094691846189
0.298151663720047 0.281729584438769 0.248840996460429 -0.143674323659698
0.321861318762633 -0.0858899692391049 0.0945844110636223 -0.333371065045885
0.0606633395189392 -0.324847705351164 -0.213062510545013 -0.367228863157019
-0.136424584344107 -0.240874853526756 -0.41728633277999 -0.133473010386852
-0.221286357169488 -0.135775463318445 -0.331951239404037 0.057554956308652
-0.279515522590278 0.0224887869867469 -0.197713498466334 0.0889631870216012
-0.264655039168298 0.115756469447623 -0.0854341310777037 0.0558173748856241
-0.277472871963157 0.0972616227529282 0.0333613277800073 -0.0369040919296756
-0.275615518823411 -0.0424783081377634 0.207271506244774 -0.0327925158476212
-0.237732477109974 -0.17459015322754 0.324359596140157 0.107180939663568
-0.0788584072409232 -0.426705624369229 0.174579796332767 0.306388435243479
0.370980170174265 -0.257161605751605 -0.0201664776575541 0.226472350575517
0.427351610062921 0.28718679255434 -0.0683720220359124 0.00428802779817435
0.143717570210295 0.604454811542648 -0.0824498818363716 0.0216729464207444
0.0718976520802277 0.412801828568208 0.231625357025226 -0.302199766228628
0.225163660137519 0.240530354093735 0.229807527005193 -0.317115383318582
0.261835928800682 -0.0379371462081249 0.00808775708871473 -0.393876751228069
0.0824574517805447 -0.247068686674198 -0.261530609248533 -0.35160783087619
-0.0773115556444949 -0.211790874367175 -0.425385287798097 -0.139508894291862
-0.165302219187849 -0.135884987805091 -0.378802064350178 0.0380458331564779
-0.225519430288882 0.00277730835479102 -0.283947829754011 0.0972884676923885
-0.2174869069099 0.0932007764914328 -0.178224090583003 0.0903768049344026
-0.240361762978437 0.0851248609086971 -0.0452505344365205 0.00508689280653629
-0.257367676190019 -0.0389303381266061 0.12662449215389 0.00651032789085334
-0.223042960720689 -0.186464359558462 0.210197979084247 0.130771988105924
-0.0214673318427499 -0.424897787903576 0.0430221500531974 0.229295302886
0.402014334509405 -0.200194992492175 -0.0365439339013516 0.063168657884866
0.392045753671959 0.313215295121789 0.00592097298406724 -0.0994852662468744
0.129812600481677 0.543655603022634 -0.0590277653336368 -0.148246042092593
0.0690537392113108 0.275453562454713 0.272518064525473 -0.463531225887594
0.145881930695309 0.165858865219247 0.172356012158539 -0.442903894322055
0.178555746659436 -0.0101106818764698 -0.0658198542497251 -0.408635784665773
0.0724839122331767 -0.153088860407815 -0.281349534249584 -0.322921717723664
-0.0243747305188007 -0.143664089041868 -0.413618279719186 -0.142177813794409
-0.0898865508005919 -0.105527495037234 -0.407071921501604 0.0216933878654098
-0.140648216223644 -0.0131685935616495 -0.343805102895726 0.101301267889997
-0.140368262055504 0.0559673013654224 -0.242370364244089 0.112133508779285
-0.166707405231132 0.0517651948060938 -0.106379443359372 0.0385842387531443
-0.186202290359142 -0.042668496040972 0.0440987776447417 0.0315934917915756
-0.143673070643357 -0.164569585103187 0.0940624099949334 0.109960017738508
0.0478172673127029 -0.30878397674964 -0.0282273932966265 0.112119096104719
0.32179112178279 -0.0819168889493067 0.0198630825954862 -0.0556246867174758
0.253798735507503 0.271128895878529 0.0766970750204014 -0.115033204147322
0.085579290848437 0.370858369085146 -0.0507143439149634 -0.265381812791809
-0.00935704618772971 -0.0910716603277726 0.143858398385927 0.307433277244584
-0.0958798514401669 -0.0715034972245764 0.0170269782400041 0.0818845463954564
-0.123961793092602 0.0152272613672987 -0.0708124465723681 0.0759825088490815
-0.0514294639420546 0.105435662350525 -0.00557510985949382 -0.0119939824411845
0.0416194069164618 0.0751057491512432 -0.0604411361550265 -0.0367754782923934
0.0541988972566618 0.0107377814370966 -0.0037095463146273 0.0239184570116222
0.0307723151999801 -0.00975371488760549 0.135917137275748 -0.0226274154673499
0.0167416841737835 -0.0109996126644261 0.265149132223149 -0.100687648288759
0.0171877315975052 0.00960212744932172 0.359444520397281 -0.141841923529953
0.00805809838238994 0.0498040077144552 0.409913021601652 -0.0593642386461851
-0.016536025735458 0.0748623315719518 0.40410257307922 0.0674852036838602
-0.076864250044571 0.0563719940755362 0.320481118283135 0.24772364633982
-0.103445345896063 -0.0146676411392743 0.152645105472258 0.382823931191936
-0.0829210206527737 -0.0883459489275818 -0.0755420353974891 0.489386541449272
-0.0317973765227772 -0.16944223907277 -0.260528811945458 0.624829883992825
0.0609721107658631 0.136807329919177 0.113025768991349 0.334998374682081
0.11037503381782 0.0608183153444703 0.0262735004927291 0.107754117528187
0.0691510036526204 -0.0692491285033273 -0.0432802618444907 0.0773434362207114
-0.0564033378724329 -0.104355627997449 -0.00223307719549536 -0.0306411314053841
-0.0799802272526121 -0.0200699826912645 -0.0796091408083076 -0.0368119548283296
-0.0677222263412315 0.0057543968616715 -0.012081357578006 0.0340909451445931
-0.0793151176328442 0.0350366824814066 0.124410503348523 -0.0131119713692749
-0.0813972064290254 0.0442685614962875 0.253630858841603 -0.0920083758638998
-0.0868550997118132 0.0346382002515963 0.342739441599123 -0.141554704654308
-0.0803160717903974 -0.000959941272469244 0.397189091635508 -0.065271567746478
-0.0548007154754154 -0.0173016683067373 0.403254049689449 0.0561131673058173
-0.043979138060637 -0.0533175768720415 0.335440775683534 0.236945687898177
0.00689503733012241 -0.0322562861490051 0.184382184112322 0.376836852274175
0.0091407376857291 0.0231112209311478 -0.0375878198265333 0.476775060074327
-0.00717960771574705 0.0355580877252924 -0.21722712872325 0.622865395386415
0.109859983586264 0.325096664932309 0.0812514648464936 0.297242000519648
0.273394378209604 0.168205463063249 0.0542889641256225 0.140731868811533
0.233133888086808 -0.134137330229696 0.0429121193297668 0.0459400389544585
-0.0473659619399277 -0.273083510267863 -0.00797532883166754 -0.110637760947632
-0.173474651269871 -0.112070894593034 -0.156963801748404 -0.0579570691832019
-0.172816637504582 -0.0171487765735514 -0.0723625027038305 0.053358160049279
-0.179460720344958 0.0653688222900945 0.0767604349469819 0.0156265302397941
-0.167756855127093 0.0924003396307693 0.204085683310812 -0.0687462800062695
-0.17470635668729 0.0607017330162646 0.285853703151498 -0.1345319518775
-0.157703196157718 -0.0371402341612706 0.360034249504681 -0.0787935773866235
-0.0974880933854797 -0.0896997314621076 0.402960542829114 0.0334980035506432
-0.0347675857242353 -0.157698762261761 0.355612315687012 0.235144051841252
0.106474951440652 -0.0763555712241934 0.197654225848712 0.377256484076229
0.122053213438879 0.111549686758815 -0.0321470285288668 0.421202809038571
0.0396789373777714 0.238792401870249 -0.17084360783911 0.547095962354504
0.127883061544056 0.445012011158289 0.0722589634720266 0.202005331233914
0.358085500252134 0.2294814894906 0.122574674881545 0.126941078429464
0.321257771002107 -0.167390079616934 0.127097930933089 -0.0593177479396717
-0.0325721397310651 -0.36256458710225 -0.0549226010850606 -0.226782390491191
-0.215148481737923 -0.179643832210645 -0.266058591502468 -0.0819592504734212
-0.2372888929793 -0.0518119894454607 -0.160294328534317 0.0747452507502805
-0.252481175717681 0.0746875429205717 0.00113162932774564 0.0499469522014591
-0.230310470058027 0.125159175695324 0.123303643967734 -0.0317160518323668
-0.236139697866793 0.0875494100921592 0.20310786563702 -0.115124667754154
-0.218034559391317 -0.0484012198335326 0.311853374698661 -0.0892169638180114
-0.148530460985718 -0.129444486961428 0.402189878764616 0.0186969098033557
-0.0596998350491727 -0.251998780769572 0.35802573858094 0.251816208856995
0.189708151693394 -0.151934374505563 0.165588961817967 0.373867020833114
0.248644511826955 0.170233807435732 -0.0548694761624004 0.317482443876206
0.101267646580039 0.412966080090665 -0.130703785943849 0.404453024010166
0.12140661217169 0.495051689974604 0.100232918286596 0.059499504884892
0.360944325265882 0.257539748945614 0.201059186076522 0.022646302080681
0.337289922151623 -0.152247230076498 0.139520144849612 -0.208069046892399
-0.00318953747960636 -0.367867431753461 -0.145080232285054 -0.314339299312432
-0.201218321837671 -0.217926284709206 -0.362496915078661 -0.0914669463168029
-0.25363949017934 -0.0903762067908629 -0.248083491054401 0.0864665791714256
-0.285131287457132 0.0652894184433385 -0.0908105071476605 0.080362783738238
-0.258234430985437 0.139688121825514 0.0229129705915149 0.0143747830035372
-0.266767325710724 0.109419040459796 0.11319568006956 -0.0822607773024709
-0.258482538374712 -0.0378433709609978 0.259161165924903 -0.0800921523829182
-0.203876313839032 -0.144320627198749 0.384521983599567 0.035142043155155
-0.0999899449889115 -0.33950028406997 0.306759784224378 0.283428523253647
0.266166876821253 -0.235592401492979 0.0828696175691368 0.332837745823099
0.367215291260007 0.209673839455158 -0.0845698389727914 0.167377224761691
0.156728067454828 0.531275740053814 -0.099573898415032 0.216718657607058
0.108643758590728 0.475259767370355 0.151360543827923 -0.118544813101188
0.311883480921716 0.255755736710009 0.232326979311382 -0.148127392421121
0.309255031865642 -0.103488346765502 0.0742704306971475 -0.325920444216923
0.0371070854453872 -0.32033371605279 -0.231802737592359 -0.340990771542344
-0.151607993277288 -0.229986626323297 -0.414573594963261 -0.0949799807465642
-0.230159194641037 -0.118640123795111 -0.317566788129317 0.0821467647239231
-0.273813698131992 0.0452277798948383 -0.185670851788105 0.102882604479455
-0.249072388712484 0.134266066585346 -0.0807494739672805 0.0628838808960938
-0.263808196732977 0.11746807940389 0.0273891139357057 -0.0380797686095204
-0.276004963998925 -0.0233835931488139 0.198152973373932 -0.0473686330611602
-0.242702122212089 -0.15607620021773 0.323590136643599 0.077198745354493
-0.106800458109994 -0.408977864546771 0.190596789590648 0.288502303945117
0.341283885642179 -0.275350538274827 -0.00883121764817035 0.219879509689626
0.435713504915303 0.24906354741484 -0.0724487741543671 0.00513865956203961
0.183016205958153 0.574726446186602 -0.078699212253128 0.0229953159624511
0.0965607420667314 0.392628309126464 0.200219739577693 -0.304582210560788
0.23798909364817 0.221446426725955 0.200132648088725 -0.316222956525965
0.253905955953923 -0.0537526388097356 -0.0156110517555722 -0.380142790862274
0.0639870253410335 -0.246774329627124 -0.27639522351862 -0.322088180366573
-0.0919357895316637 -0.205081474710594 -0.423196621495885 -0.101933286430413
-0.175359235095964 -0.122326096251947 -0.366039055114164 0.0655780150679913
-0.222345692354492 0.0209496327494367 -0.271218684531734 0.11760744175824
-0.204757678938876 0.107223402162812 -0.170097914788742 0.104531532739718
-0.228125472324412 0.102513999041282 -0.0470315493714242 0.00907997199262323
-0.25661575513498 -0.0206882245325677 0.122323716460275 -0.0043821292385515
-0.228735565448859 -0.166588262646982 0.214851002442733 0.10799591240928
-0.0537324557937393 -0.411190315550585 0.0583865914607478 0.225016832779071
0.374430810143304 -0.22370600811306 -0.0376416260303532 0.0634257377132809
0.404871803793669 0.273896432505803 -0.0096536332193244 -0.101690586717019
0.16545883045899 0.515788606858308 -0.0695056109468803 -0.143356096195573
0.0840894203426778 0.259781944852155 0.227827049574338 -0.466324055812078
0.15606973518512 0.153555241796827 0.134347514919198 -0.434871337084447
0.174386883790105 -0.0214627306624899 -0.0868598560228063 -0.389435027369036
0.0592608142077812 -0.154169293929918 -0.294735707229035 -0.29426607956538
-0.0352053602074524 -0.14199634199605 -0.413778787042442 -0.108263952849073
-0.0985893904588544 -0.097627831178345 -0.397441660937114 0.0507972041574979
-0.139476971314105 -0.000995536276347995 -0.330456295255169 0.125171644922019
-0.13161947195734 0.0650646868361131 -0.231315898685781 0.130803641039118
-0.158271128354932 0.0647479986755243 -0.104549564145927 0.0451086688465955
-0.186816552185812 -0.0282543088092108 0.0437905337085114 0.0253027059886208
-0.150870647943695 -0.150317434645955 0.102050524646532 0.0958050765718232
0.0227712017683498 -0.303549476147729 -0.019463320542291 0.11679365013541
0.305048413161369 -0.105221247102702 0.00706091449655822 -0.0552806784326931
0.268043797906779 0.242944835861996 0.056555583780132 -0.123538475471312
0.110904697170719 0.35110764897654 -0.0708827554900741 -0.256915263445102
-0.0161632219264559 -0.0869543870413416 0.151807840661791 0.288993944907024
-0.0948782649399053 -0.0629309980506519 0.0292965042771185 0.0818249139148749
-0.1148424252052 0.0224596154073501 -0.0533148300159678 0.0755093632735756
-0.0421679552776769 0.104257765882417 -0.0038368862698586 -0.0145460259614332
0.0444071975493319 0.0694092029892588 -0.0622197919736838 -0.0306652374068329
0.0526274567705802 0.00802442820043501 0.000941377499471827 0.026727553160604
0.0309802089857195 -0.00917289175106606 0.132765346210404 -0.0267334236204649
0.0149336497009664 -0.00943239575835996 0.250643055097558 -0.111557653396578
0.0167294869159484 0.0101995882326257 0.335818127657246 -0.155753208616985
0.0104635064338029 0.0479890571374212 0.389087148703235 -0.0777665461263784
-0.0101750727511001 0.0720455416436843 0.387561165448814 0.0466576971395997
-0.0709441439232387 0.0583223095160054 0.315633400955113 0.22341026932994
-0.0995046759756258 -0.00857174326768015 0.154979548475635 0.357462259353585
-0.081854710740611 -0.0817991541833172 -0.0505532682749034 0.465072832863052
-0.0384209163206678 -0.158399213598817 -0.212391335890839 0.599166583506166
0.0626552552089856 0.125838333278773 0.122542607780077 0.317351114251666
0.108058283854827 0.0530190944275641 0.0377457809868839 0.108911631344145
0.063188504087109 -0.0672523578974534 -0.0280358848141229 0.0773216351914268
-0.0582579968708834 -0.0947360687116344 -0.00273518143030746 -0.0308823315588323
-0.0760944779797275 -0.0160591777926371 -0.0790799122092303 -0.0284407202387418
-0.0650065156496476 0.00852614343487017 -0.00602335886157415 0.0363762914079555
-0.0732942612662729 0.0399381854967728 0.122559707886575 -0.0169841326714105
-0.0751937650759464 0.048811102670576 0.23995189441918 -0.102731616677243
-0.0827584597197682 0.0402203534642783 0.31993981397752 -0.154798608387476
-0.0786702800741969 0.00345208988156527 0.377434516621497 -0.0820035621998476
-0.053119763192225 -0.0157116300970938 0.386236538634539 0.035807152202611
-0.0451256183182853 -0.0496519460787339 0.328462793391204 0.212498555113805
0.00631472038447485 -0.0308364569144765 0.186587307730798 0.348635948350817
0.0112386124434481 0.0214696172241348 -0.0152004545118117 0.452184943706194
-0.00654119943309599 0.0350637934708712 -0.172951542554587 0.596790943512869
0.118227458454048 0.300665001019934 0.090379671389878 0.282608004921199
0.268634536160771 0.147848328754381 0.0655403637604846 0.138235100639789
0.215343072103046 -0.137000632533128 0.0520393625413231 0.0430522798720194
-0.0576849439684146 -0.255428526226972 -0.011374311732209 -0.105860994057705
-0.17013502559742 -0.100085471778219 -0.151507958312506 -0.0433364588752394
-0.167122924989115 -0.00876173221753041 -0.0621049846616515 0.057909490072696
-0.168102474673864 0.073768562661935 0.0783109306667905 0.0131320765436765
-0.155623303573585 0.0977910643285528 0.194194131414551 -0.0764232202834018
-0.165526765169015 0.0705358321596442 0.265660040593018 -0.143809906737632
-0.156775246821825 -0.0277701455598892 0.341931919356687 -0.0921418595281766
-0.0981909355304683 -0.0838247375420866 0.384812012597779 0.0133102019073307
-0.0407177239692214 -0.150131999086774 0.348356925578096 0.208836590650928
0.10016555244422 -0.0775870462804081 0.198630894521065 0.348113050274863
0.122717167186467 0.10189398726982 -0.0115140371975688 0.399073838329998
0.0467033871410199 0.225091523616928 -0.13349681474773 0.521403613434109
0.141180613484157 0.413917640904121 0.0769374858484186 0.193552318440703
0.352009846359417 0.202357739621185 0.127641174593347 0.122137606236335
0.297360412999465 -0.172939312409074 0.125799425473591 -0.0601530867662556
-0.0476939845979703 -0.341567105034838 -0.0623696382720181 -0.212474995038118
-0.213913258991272 -0.163199356828785 -0.254745770399549 -0.0590231268179487
-0.231505344507817 -0.0391519503871162 -0.144848457191903 0.0821290501783235
-0.238641631619686 0.0864407243293085 0.00751733183879069 0.0496146093246341
-0.213082282258268 0.133061890716862 0.117751635542842 -0.036051218371446
-0.223185067944688 0.0990137762535767 0.187163118202779 -0.120112153521764
-0.21531216266695 -0.0362519800229273 0.29412434826867 -0.0996157203525695
-0.148407442706872 -0.120680630978228 0.383158340239402 -0.00155408268988169
-0.068090485203341 -0.238912640628558 0.350101574518067 0.224943367817215
0.175601787901112 -0.152706920972098 0.170391636373661 0.345500518286692
0.246274574314209 0.151704579215663 -0.0411366490227547 0.30188340428823
0.113042326465635 0.386694205024787 -0.102472146117742 0.38480967843948
0.137309330764341 0.460321983540325 0.095903510747655 0.0574099151918912
0.355545397558731 0.229017134584338 0.195461383045513 0.0196346957325487
0.314504644560155 -0.159206926020969 0.128994875625623 -0.20205996928722
-0.0188605195642337 -0.349063501687037 -0.15095928979058 -0.290932900985285
-0.203511884542583 -0.201741611754645 -0.34557182651124 -0.0639350602863517
-0.250913046660869 -0.0754779784690291 -0.228412159535297 0.0974303089034913
-0.270457622833035 0.0785640334055249 -0.0799755055595829 0.0834819224626149
-0.238541996985008 0.14852851204665 0.0230439667647188 0.0146567734774159
-0.250596778956763 0.120231444163807 0.101666027426025 -0.0824954303293676
-0.254412636117387 -0.0245423118209694 0.243617307991725 -0.088541120547178
-0.201451456813922 -0.131612222360138 0.366237247521353 0.0132826438471055
-0.110757417640093 -0.319554255841847 0.304277707067605 0.257364463461499
0.243460679419994 -0.23639070194398 0.0896367997604572 0.310544544348381
0.360407488663434 0.183280126782117 -0.0764684557356594 0.159786368298327
0.172528053712855 0.494931469828765 -0.0833964153702026 0.206031429457445
0.123525018222504 0.443127944057877 0.135232941408804 -0.114938492641585
0.31100136674025 0.231673234284327 0.215933658487529 -0.143388129178596
0.291595555483856 -0.111948768120006 0.0605206337053135 -0.31018682266859
0.0215259800664692 -0.307104677264524 -0.23416542810871 -0.31175915616623
-0.157605896207423 -0.215543248921042 -0.396813007703579 -0.0658042860304945
-0.22987071504136 -0.104071828494703 -0.296584659206094 0.0955787300338316
-0.261229105151463 0.0586356057930775 -0.171479704029239 0.109724496359318
-0.231086942964146 0.141461629709511 -0.0739203130416936 0.0675234822556002
-0.246878131804851 0.127426646527549 0.0216187254539645 -0.0364173500784516
-0.269081161930556 -0.00966692621016957 0.185899678891395 -0.0558471655505898
-0.237309358195771 -0.140066358134451 0.310524006036513 0.0548433684699826
-0.12217172243421 -0.383937939496498 0.195631793101728 0.26870886778589
0.310457420416741 -0.278737879934929 -0.00289241789926293 0.209549969127114
0.426519649817467 0.214506780148564 -0.0744816968990495 0.00586186969688347
0.200081042843118 0.532342425128111 -0.0741802349891312 0.0221975222122736
0.108472199022796 0.366324892638929 0.172441315753669 -0.293763708554087
0.239371523706442 0.201454811684841 0.176838735160408 -0.301182645638246
0.241938534853078 -0.06228870247954 -0.0264010852631899 -0.355927873316639
0.0492269277484327 -0.238895346618134 -0.276678697527719 -0.292834858754979
-0.0996395046490063 -0.195330934479948 -0.407335993801828 -0.0733649677484966
-0.177623789504981 -0.109130009119353 -0.346139600518953 0.0812536625579984
-0.213369074518593 0.0329384222414748 -0.253657483814818 0.127747074271598
-0.189402364747376 0.113255548761252 -0.158214663620249 0.112404068497215
-0.212271514973371 0.110762343644275 -0.0477499367432773 0.0115597187138709
-0.248673627878689 -0.00754011378657178 0.114849708089243 -0.0118866571066859
-0.224963819672428 -0.149179597883896 0.209132852341224 0.0877991127019502
-0.0722768063543119 -0.387602204691112 0.0679787451500261 0.215356958425872
0.343662246443928 -0.232546199753272 -0.0395669090232985 0.0624391510304588
0.4001126121796 0.241147907545593 -0.0223268858108451 -0.0998477480635901
0.182641960694314 0.476511823189853 -0.0748931306953155 -0.135528503518831
0.0903246073783034 0.241222284054357 0.191573042658128 -0.448268781294533
0.15708095053199 0.139262239828259 0.108551529970966 -0.412524112417861
0.167267304355602 -0.0286294888868593 -0.0973444899328404 -0.362511524728066
0.0502437102467053 -0.150094299558761 -0.291033322386015 -0.267886084412165
-0.0417331814258321 -0.136699252246675 -0.400371833042549 -0.081394304430699
-0.103296907762366 -0.0890856136859601 -0.378357467222366 0.0682942476880011
-0.134407008881433 0.00741040839412678 -0.312146153014847 0.139145163435554
-0.121571847954439 0.0687682080320666 -0.215951515833837 0.140346904886004
-0.146458836051863 0.0709047472415546 -0.101051118116279 0.0491899256998593
-0.181565228114914 -0.0177015503177981 0.0414348202243909 0.0193100305756352
-0.150433793697723 -0.135837599903636 0.102364638738499 0.0820224473221439
0.00465355849439471 -0.289595431267351 -0.0114081179747054 0.11789291867827
0.283355603453881 -0.117954525977429 -0.0038671711773626 -0.0521610173907273
0.268707934674242 0.215941038247672 0.0385581735535371 -0.125040668514661
0.122682636039408 0.325202343747131 -0.0821753972645837 -0.243693067965878
-0.0115335667640528 -0.0889127583741006 0.129895500174153 0.28438721049994
-0.0881057575349365 -0.0648815070950515 0.0315439816124008 0.0863912302932294
-0.109293723847562 0.0177826390419942 -0.0424583956590518 0.0733588034464722
-0.0423615934097221 0.0976843765536408 0.000548890211607987 -0.0136315511194769
0.0405759156530958 0.0681786217819846 -0.0562890051526345 -0.0285021970897511
0.0502200429321611 0.0104456140860884 0.00448869776545629 0.0271943146548449
0.0330542879880545 -0.0073811384167261 0.131724197779424 -0.0227625319554031
0.0164313520656598 -0.00722778610966997 0.243009270249313 -0.105185028937799
0.0186102454542817 0.0108943947015693 0.323893571861699 -0.146627799994813
0.0122755398857355 0.0458906563870612 0.373365367027408 -0.0676805020110732
-0.0077856990361867 0.0686938409964513 0.363888877865667 0.0547858294926727
-0.0627250705190917 0.0564310560207234 0.287179315807666 0.222325687280087
-0.094198188901969 -0.00510829146986986 0.128055310493309 0.338521792603747
-0.0770646125709372 -0.0751415775891376 -0.0637724430916057 0.433005588327476
-0.0336900240754175 -0.144917875684662 -0.220186015728272 0.545970118750499
0.0545389623589172 0.120799488554767 0.11041423842509 0.310874159007591
0.102039277235236 0.0548760612699475 0.0410591266559681 0.108326971325244
0.0652801888628871 -0.0606817439429458 -0.022706637377372 0.0703085199565547
-0.0512294168545852 -0.089901127313667 -0.00544033106499961 -0.032376710834198
-0.0712881072454757 -0.0185975984870557 -0.0773910164943792 -0.0238184107249783
-0.0622331234448158 0.00644967274558351 -0.00378149124959688 0.0389873566077993
-0.0695092316857864 0.037211950986632 0.120580134527382 -0.0102147989635081
-0.074121707624023 0.0465447377276229 0.232908802671125 -0.0952694020931716
-0.0794415149600685 0.0383455757234322 0.307710760571409 -0.146139768468373
-0.0762819072715528 0.000544533580162453 0.361989773226808 -0.0738464159358062
-0.0489533823565009 -0.0189516410885353 0.366190433301378 0.042677644614666
-0.035347878693801 -0.0467956341354584 0.304965968864569 0.209840672303249
0.0100384908453092 -0.0236912518784934 0.160530969604262 0.335472646447648
0.0105927425002854 0.0278858455800179 -0.0319096909785156 0.42501783104106
-0.00619920838202574 0.0399132625069553 -0.188009847806073 0.548041351663913
0.0990119008652647 0.293243414443811 0.0876400747668159 0.27657969473375
0.251222551536169 0.152165416397151 0.067793120929189 0.13211220789297
0.213630960762578 -0.120907624826936 0.0508339316957706 0.0351417973585875
-0.044627939275449 -0.241256820261944 -0.0163023941075938 -0.10668142986619
-0.156533749593928 -0.101950554229739 -0.149024423833074 -0.0373780606454627
-0.161021497755011 -0.0145449402403344 -0.0593947130930833 0.0586628152360361
-0.163593510661622 0.066795635533656 0.0771290576714847 0.0200526534146374
-0.154557741363585 0.092613843729816 0.186699592678533 -0.0693675395096832
-0.162012243652102 0.0660634046455953 0.254474125190675 -0.135358954167029
-0.15385876247809 -0.0312288101136864 0.327766190853967 -0.086151188529644
-0.0920907748988418 -0.0879205975137776 0.365730247220961 0.0179935473988068
-0.0286754216502927 -0.144145836074777 0.326008965312549 0.204125744968515
0.10270588777729 -0.0659225349055064 0.175049968162384 0.336771663754953
0.115388578845541 0.108085854364382 -0.0298174884204067 0.37923360115242
0.0429348935315915 0.220878987960673 -0.15220037317872 0.482206974392934
0.113725416691004 0.403782984803707 0.0819376203683741 0.191910549385446
0.327773225202336 0.209063437462982 0.127273833555834 0.116020655098172
0.29345036747417 -0.151497758160629 0.12202454002451 -0.0620310573678842
-0.0326603810786895 -0.322001318918714 -0.0630491077459231 -0.211326741620534
-0.19546709163788 -0.163315943348554 -0.248097317004427 -0.0540834079165873
-0.222515679873633 -0.0461290364255938 -0.139525875190564 0.0802560471041802
-0.232412889142197 0.0771349741184609 0.0070807723910324 0.0548936908717937
-0.2125802213272 0.124159441885744 0.112224598396429 -0.0300651415066284
-0.21890971275988 0.0928052695074212 0.178911781568974 -0.113793836018724
-0.212558815468577 -0.0416469315357262 0.28208572297127 -0.0938798492401674
-0.14032407495797 -0.126092319527279 0.36447573490374 0.00155137716065553
-0.051872716824531 -0.229301630764278 0.330186225172067 0.215035470344571
0.177113870853825 -0.135780661877303 0.151143986253395 0.332668719689934
0.232466347623686 0.158137866110983 -0.0550321994865071 0.289226092258891
0.102676562359361 0.374218539361377 -0.120659547668425 0.357203945812589
0.106515632558496 0.449277475811227 0.106539238080941 0.0642984059088704
0.329723067273872 0.235911673697353 0.194436157143633 0.021664144385392
0.308417090623418 -0.136567775166554 0.130039924366831 -0.19606441753508
-0.00484749203198928 -0.328273096714528 -0.144636784772935 -0.288322715467887
-0.184661055050203 -0.199373099434883 -0.334866243858963 -0.0623906011632628
-0.240525043794307 -0.0817139276691258 -0.220534587202809 0.0919604286516177
-0.265307382443926 0.0688384844358292 -0.0791913031013284 0.0855111042058617
-0.238403676111407 0.137297158071752 0.0203668943601895 0.0180968887979196
-0.246588416042645 0.113176056138736 0.0949518231998825 -0.0788836408757462
-0.250851812970488 -0.0315178575076435 0.231672092737346 -0.0851482357719657
-0.191390095480087 -0.138829321414287 0.347703585994514 0.0118768985266234
-0.0909856953998927 -0.304619605259437 0.287554650023619 0.239796185199688
0.242230157225771 -0.214185353283925 0.0800582268978749 0.297639126903754
0.340212812527094 0.187028279401971 -0.0854105148740042 0.156821977270077
0.158947325292073 0.47668005499708 -0.0992681055005377 0.193625475709888
0.0914421295727512 0.433269869686144 0.150837289805629 -0.0970993022366451
0.285731966583399 0.238242935309848 0.218554799365348 -0.131439774188793
0.284904111160168 -0.0916643004927834 0.0710107503874964 -0.299214693505545
0.0323704706489542 -0.28711833200426 -0.219662890253867 -0.310185443032701
-0.14069890860148 -0.210948670062838 -0.381731009182179 -0.0677821243999345
-0.22057175777182 -0.107235389709478 -0.28662122898029 0.0874720579238662
-0.256883658251634 0.0495868197021242 -0.168485137732657 0.107627867499914
-0.230272982769267 0.130363568112218 -0.0734936023791712 0.0681652274601926
-0.242978007472767 0.119591810635192 0.0165798756407125 -0.034900666801993
-0.264953902679072 -0.0165404489306124 0.174752966463971 -0.0554421404491657
-0.224693625160417 -0.146242734925575 0.293837485037683 0.0471375486746505
-0.102270557367382 -0.363974820115154 0.187077091865106 0.245430264733993
0.305035075752063 -0.254065068681296 -0.00114985191928035 0.200684610021016
0.403945483419219 0.215098320119621 -0.0807005784323927 0.012272052238542
0.185345360943782 0.508381706542545 -0.0845640875650436 0.0225911454820557
0.0784526714231523 0.359476471954348 0.190140643272335 -0.267195314105199
0.217889763115277 0.207794367981953 0.185647072798397 -0.280222131129114
0.234861244896581 -0.0462727398468811 -0.00815808479144308 -0.343005427680616
0.0557650068925123 -0.221428647809351 -0.257490723605565 -0.293850309360102
-0.0871125395929172 -0.188710909648394 -0.390482131403922 -0.0780623332930701
-0.170013803125698 -0.110139300137214 -0.334980754056094 0.070296572263111
-0.209742536399582 0.0258465255973432 -0.249040446548629 0.123648930631913
-0.188826543607715 0.103912897812901 -0.155114439002274 0.110074937386967
-0.208859839364447 0.104392639163244 -0.0507585510354793 0.0100211163574215
-0.24369868955923 -0.0132311317651978 0.105943337937555 -0.0157573179870635
-0.212445244429936 -0.153049003085053 0.198513104305908 0.0758730449402899
-0.0580541326706731 -0.366043106371752 0.0696618755381821 0.193963414596385
0.334005729564944 -0.213772981401551 -0.0323599573905409 0.0635188883009361
0.379187225986899 0.235497701094682 -0.0301006059260433 -0.0867166847020459
0.167364622717923 0.454172452422615 -0.0776781295485456 -0.126287842078816
0.0663235389905169 0.238000319840497 0.209163435596622 -0.415620715546667
0.141651294526924 0.145059374985953 0.122613794976217 -0.385631935967871
0.161115014584774 -0.0167780215877415 -0.073169322324893 -0.349741376139177
0.0528516171236354 -0.136738525145529 -0.270555676905923 -0.268057252867705
-0.0340271054740364 -0.129950133978705 -0.38314924707863 -0.0874770895455544
-0.0975782279241958 -0.0873965641152457 -0.364922642779143 0.0558050162671283
-0.133128027734197 0.00399673686500426 -0.304480937489153 0.131082718237449
-0.120365680093041 0.0622421512768264 -0.21105297394201 0.135832945905831
-0.144042754191292 0.0666325141863811 -0.10290356516606 0.0454654259992046
-0.176604793585955 -0.0208543571704968 0.0354410914258236 0.0131467477404507
-0.141120287752779 -0.135834407513589 0.0979998825172375 0.0706065201674655
0.00971893076190632 -0.27379554786288 -0.00379068536296794 0.105985889813996
0.273732181913385 -0.107598802326333 -0.00113802222159164 -0.0427162769007326
0.256063623303579 0.209208655425453 0.0269899803983517 -0.113402667184743
0.112464610352075 0.306377298294375 -0.0772688330210222 -0.231076430875352
-0.0138630726609517 -0.0874626813903829 0.12578332000334 0.281062178391319
-0.0870185596190275 -0.0626955476431102 0.0380991589959455 0.0890012765905347
-0.105058876275747 0.0180453110151891 -0.0320928096789595 0.0701610547654323
-0.0396189221482338 0.0960428114070851 0.00185654864403596 -0.0170479473262073
0.0406609447562875 0.0665090288782798 -0.0567550755288927 -0.0260775199490612
0.0498168458317703 0.0104743397871437 0.00742455773299992 0.0293376799644339
0.033966747459048 -0.00646614195698746 0.132570235006672 -0.0225959389658729
0.0167598383249279 -0.00564846354338748 0.240828508936586 -0.106510564348775
0.0182484611728294 0.0121508226445369 0.316765704766871 -0.145715441783691
0.0126036529882843 0.0464324558167393 0.366766410539048 -0.0679133129015263
-0.00647789445363138 0.0665933113805978 0.354873531755846 0.056921468700698
-0.061620402937594 0.0564012654700153 0.279904630171712 0.219192953963443
-0.0929535406723133 -0.00505367626748765 0.12015616449658 0.331632626990736
-0.0742330836044598 -0.0761133638370482 -0.0646831892077115 0.419258925417394
-0.0329338687524772 -0.14094226090614 -0.212262052140335 0.52579054870126
0.0510624631484015 0.116479526104062 0.106824826145278 0.307569503542428
0.0996006898174879 0.0532544047516725 0.0482534320678863 0.111530376713853
0.0646091690620782 -0.0585292470754441 -0.0126535726567996 0.069802998290785
-0.0494301180708767 -0.0867277309675405 -0.00443323375841247 -0.03385164489314
-0.0693559235664892 -0.0191661986204005 -0.0760766391113311 -0.0206794769163176
-0.0622275166541023 0.00572148261507215 -0.000443600815857744 0.039949665601114
-0.0673601049528652 0.0379946380579727 0.122398595551586 -0.00928329732398434
-0.0719930197294551 0.0475305322397797 0.231629196708968 -0.0970209667057323
-0.0781517612669087 0.0400127220093973 0.301189287178559 -0.14456893578792
-0.0769484343902879 0.00167190466775873 0.357150233718815 -0.0736084544408537
-0.0478357623210048 -0.0208405262489659 0.357061728938808 0.0432207759791867
-0.0349754943133991 -0.0462681575680728 0.297557784207306 0.207884309814789
0.0109221066796748 -0.0229680405321057 0.150364259596281 0.327715206918322
0.0115539574243383 0.0271628629898141 -0.0334870330599101 0.411769513964938
-0.00706097885172401 0.0397650608308427 -0.182546917678122 0.528643498405103
0.0943073200807497 0.283987923402117 0.0846510390018135 0.274557842166337
0.244962087046303 0.148289756790652 0.0732914518314085 0.134989573022547
0.208360083856008 -0.117168723623715 0.0590609415178279 0.0357159291690534
-0.0433143550824397 -0.234061905810511 -0.0142124602193642 -0.10602514640919
-0.153852187279189 -0.100788301837365 -0.14430720241448 -0.033178159732362
-0.159459853535738 -0.0149011972193313 -0.054164321913421 0.0597519618295534
-0.160378715804365 0.0672725746552605 0.0801138092471664 0.0203973439957294
-0.151010029844845 0.092954223565359 0.186353798149866 -0.0699150791992951
-0.159994183925681 0.0682372474832251 0.249229476483833 -0.133492668542207
-0.155034790816029 -0.0303018827870735 0.323005006934276 -0.0836843424745821
-0.0913543733232056 -0.089694408387751 0.357609468740567 0.0203226578501898
-0.0281407485599286 -0.142728471300317 0.318204713859001 0.202418731689499
0.102166270699936 -0.0640637498721773 0.164284443139295 0.328771752903573
0.11431642096815 0.107355599034211 -0.0317705232226033 0.36778294139114
0.0390431783179707 0.216246202124724 -0.147543132428738 0.463815232840581
0.107905946015839 0.39178724037034 0.0787043956650796 0.192427253788408
0.320257124993137 0.204732209514986 0.129819054742601 0.120172390530113
0.286261744520307 -0.146993441403519 0.12810208785026 -0.0585391982480632
-0.0301142959941789 -0.313652376155614 -0.059282927095802 -0.207014018684271
-0.192025728036141 -0.162401310818615 -0.238611988800454 -0.0492332374173639
-0.221210573323202 -0.0456865525056431 -0.132998332523725 0.0799984319590445
-0.228956350456318 0.0776389598272919 0.0109733899375388 0.0546962935831538
-0.20791084326007 0.123783905484469 0.112697298243379 -0.030008341678842
-0.216350864157001 0.0939150520053974 0.174266021606655 -0.110829300532161
-0.21407951485042 -0.0402371418907808 0.277215500444677 -0.0922296829460483
-0.138682558572147 -0.128351916690781 0.355580667967773 0.00236569520893335
-0.0507444883544781 -0.226250446885807 0.322219658080757 0.213302791137278
0.175243761563227 -0.132445198181709 0.141903705781861 0.324481310539724
0.228052252486878 0.156535753341122 -0.057224867727924 0.278765888507595
0.0981134477651305 0.363965780830182 -0.119645874791574 0.343213424257529
0.0998986644981488 0.436011203263334 0.102866449986928 0.0684176897132061
0.323917474108055 0.233774539591329 0.195056049077741 0.0275284702103065
0.302250501303395 -0.131731020869123 0.134334663374882 -0.188606513788724
-0.00206342406531826 -0.320364076203184 -0.13841908422666 -0.281437950631925
-0.1818121761826 -0.198480115364475 -0.32270482500203 -0.0569694065986716
-0.240481896804981 -0.0810012969340478 -0.213368913049242 0.090859145576144
-0.261772505030534 0.0693506283730263 -0.0744190824924515 0.0846233549559414
-0.233909661698718 0.137032589344571 0.0220982856793284 0.0186202641347206
-0.243096067844728 0.113807722136502 0.0924146092903505 -0.075499243445893
-0.25107077981336 -0.0305299643969626 0.226953714935735 -0.0842217843393415
-0.186993560240837 -0.140269461572604 0.338280456682615 0.0117597049842039
-0.0877312310198176 -0.29967804049115 0.280123877854748 0.237331892458491
0.238150678518655 -0.207748369610893 0.0734106179344754 0.289593256310903
0.332360637590349 0.185146456915557 -0.0874903931969667 0.149939830727292
0.151329357091773 0.463779011628556 -0.0969030276503556 0.184804938919561
0.0857121962160613 0.421249577747658 0.146014654579136 -0.0884410395771243
0.279710037909781 0.235524397728057 0.217153510105517 -0.120666536039107
0.280398864522317 -0.0883600523092315 0.07653425484698 -0.288584386026379
0.0338542976955902 -0.281728882003302 -0.211608766540635 -0.303096738839551
-0.139855029353236 -0.210232257372534 -0.369144068038332 -0.0630478616236255
-0.221264179301568 -0.106276573406517 -0.279715114532335 0.0860758614032693
-0.254010521808596 0.0505100992852368 -0.163965278755986 0.10759735348421
-0.225063100691502 0.128952940146562 -0.0704972717886934 0.0699039639560489
-0.238961330214107 0.119124863677191 0.014653935188657 -0.0320282188752715
-0.264005934424741 -0.016209285568357 0.169994601761553 -0.0550963693582654
-0.21914480052239 -0.14662066279888 0.285967288094632 0.0438695936824143
-0.100716659271628 -0.355880776311698 0.184200413997499 0.242378245135701
0.297308571377717 -0.24746244964172 -0.00572964037371798 0.195168621795623
0.394336817004452 0.21063748472311 -0.0842005210554461 0.00954269001589011
0.177048195224047 0.494218055785 -0.083372054762571 0.0185729816379981
0.0720855039402684 0.348973150307255 0.184521887712682 -0.254905378642857
0.214470385195219 0.205220971032558 0.184249342317326 -0.266414100985273
0.231492164948454 -0.0447986041073656 -0.00113770184249991 -0.33250544754635
0.0562796214554506 -0.217288735404979 -0.247469245369289 -0.28775844434334
-0.0873890456855368 -0.188134261914012 -0.379339867014036 -0.0737903957480318
-0.171017369717022 -0.108758108414838 -0.328712828956968 0.0693309239244666
-0.208160664018055 0.0271345979352232 -0.244200706988952 0.123201478632097
-0.184483896041608 0.102255320437383 -0.150776484640326 0.111684058466156
-0.204924535401491 0.103646898853112 -0.0523242370862752 0.011891890863451
-0.241584896487105 -0.0129437236961176 0.101873088778807 -0.017386970004032
-0.206156967914736 -0.152340765213974 0.193915665420628 0.0713692271141384
-0.0578808940021739 -0.357546209670371 0.0700636598866727 0.193158181936244
0.323574177409308 -0.208477425058018 -0.0369675132858489 0.0632040663195972
0.370745838324478 0.229340358533313 -0.0357752208165921 -0.0875592736879543
0.162131386641695 0.439617513272033 -0.0777882436539628 -0.126098340685892
0.0624625325279642 0.230386004856015 0.204536985597149 -0.401146084240881
0.139689182260302 0.142801579501891 0.122409838522282 -0.370565428235706
0.159194674677935 -0.0167852012286008 -0.065232186878857 -0.339366086499563
0.0527321489404502 -0.134463305645898 -0.260756278159366 -0.26281649360318
-0.0350536951369013 -0.130331750313842 -0.373533748641582 -0.0843009980749706
-0.0991216563885913 -0.0856033375518231 -0.359370526802505 0.055792103219583
-0.131864118593477 0.00447800921238218 -0.300279984487729 0.131824776174587
-0.117120625766356 0.0610159533233053 -0.206403000099442 0.137592757733011
-0.140384649123121 0.0663564816662332 -0.103810071236432 0.0462729539522823
-0.174449746174804 -0.0198073618542279 0.0320569741858956 0.0109975522819812
-0.137472937455622 -0.133525270968961 0.0959062574241742 0.066864315478495
0.00803863166932389 -0.267008855864658 -0.0013635374777037 0.107569842757379
0.265191021142133 -0.106059014121465 -0.00775458768552248 -0.0404017282308878
0.252289005833598 0.202325588324736 0.0181408139211902 -0.11429068033874
0.109745067957432 0.295424597501013 -0.0773009235451861 -0.2285736247761
-0.016896802548136 -0.0877843206493947 0.125704947616024 0.286071005590877
-0.0883779174615824 -0.0621737172915811 0.0462138617750365 0.0936050422915202
-0.104171763697732 0.0191379322700297 -0.0240051288722559 0.0685967910928686
-0.0373037949607796 0.09676531656063 0.00342142985708 -0.0205047978105569
0.0415645460058224 0.0654068140472996 -0.0590860209218606 -0.0240695969038295
0.0509166034540654 0.0113857972703607 0.0109852706388606 0.0318633574917573
0.035211837814958 -0.00610267248232948 0.137711789026486 -0.0232788791477931
0.0181319784054529 -0.00405426672323669 0.24457034012162 -0.112030126844071
0.0191734821505542 0.0134461824463052 0.31987612626637 -0.149329823181188
0.013402506525144 0.0477026831101452 0.37091889570937 -0.0700263424308734
-0.00571019576025542 0.0663119581560424 0.35756551368067 0.0592217434729191
-0.0622312683007766 0.0576055845601885 0.280641648773827 0.221243673298412
-0.0940729268202042 -0.00423913152889121 0.114618469249945 0.334053494063343
-0.0738279661487209 -0.0783752194112191 -0.0667190976637534 0.4182618483983
-0.0328173177290134 -0.140804391109296 -0.212271343094498 0.521286660165273
0.0489508841163211 0.116101607075985 0.106683025847881 0.312841265183869
0.0994543652296547 0.0526086366120574 0.0571118978776639 0.11748206387841
0.0647032368758835 -0.0579974535629369 -0.00318024128219241 0.0699512989942626
-0.0489031437040445 -0.0854470050701645 -0.00309287064802841 -0.0357330559683524
-0.0699252455190295 -0.0198389509713976 -0.076571505161104 -0.0186159790500305
-0.0622009254181488 0.00587191273369352 0.00274640603214334 0.0424965844847223
-0.0672289838092901 0.0395234819490705 0.127219770410675 -0.0094078265610536
-0.0717585715142121 0.0500476063366344 0.23503485690331 -0.101150159101139
-0.0787447145960702 0.0432118934039159 0.304047167849769 -0.147553993478801
-0.0793059374437693 0.00330465076262854 0.361237885124338 -0.0750461510555748
-0.0484366861723184 -0.022701286868246 0.359737590568895 0.0457268895676911
-0.0355538514317061 -0.0474634446111498 0.298528283286363 0.210728737525906
0.0117768483047224 -0.0225283957679919 0.146094936056502 0.32992782894646
0.01320869507411 0.027333055938128 -0.0361008572745742 0.409701433890048
-0.00854769691494085 0.0406200163677719 -0.182244560928382 0.52304218028263
0.0911319788984013 0.283157453128217 0.0841440091847331 0.279627167703271
0.24580454630713 0.14890337429403 0.0811813644396844 0.140694540965042
0.207578776584442 -0.116634349021802 0.0688420169629713 0.0362152957354331
-0.0428990020932414 -0.233761061226774 -0.0126315454728992 -0.107936513618847
-0.154503450102213 -0.10278789911935 -0.143080061002284 -0.0303516276174736
-0.162240832619883 -0.0150271690794708 -0.0514427910869104 0.0620875528716577
-0.161720514612115 0.0696705141160926 0.0853145048084187 0.0205913179056527
-0.152081729935115 0.0955376531356367 0.190681026419202 -0.0733907443542318
-0.161932508888936 0.072197417145225 0.251779953410819 -0.135930549298396
-0.160701878496119 -0.02853673788676 0.327382608573766 -0.0856473535372291
-0.0936824195090756 -0.0932596885412691 0.360074942881617 0.0218972372076019
-0.0287056911209312 -0.145837915057677 0.319631079818276 0.205299296481339
0.105108339561135 -0.0634340078266572 0.160316155954858 0.329535169853973
0.116152167112999 0.109485437094064 -0.0333999316380966 0.364955824576244
0.0361505105600129 0.217714667317608 -0.14739315076166 0.460709105307218
0.105044580238435 0.390519016733307 0.0777007050202733 0.197773721398788
0.320795367794706 0.206590749896261 0.137471573532614 0.125954495892285
0.285893591149676 -0.146448047173076 0.137534503878604 -0.0581306313705264
-0.0299905565037714 -0.313484205857098 -0.0576430300536834 -0.208302375442905
-0.193847618086716 -0.165477949127826 -0.236351536387805 -0.0465414275683568
-0.226466157886859 -0.0468879056024165 -0.13089410872176 0.0822570020440226
-0.231860330872517 0.0805061009897995 0.0151623294459477 0.0557231965912558
-0.208681563099475 0.127391924293427 0.116533630772434 -0.0315821385357601
-0.219274748260689 0.0982874829760634 0.175731479996301 -0.111005920001798
-0.220937958304018 -0.0392392992936813 0.28075517496408 -0.0926825951829731
-0.14136652059213 -0.133619862625521 0.35700885248395 0.00381213501950094
-0.0513621311502308 -0.229731479389198 0.324196011099584 0.216196513480122
0.178171563189319 -0.131296953123555 0.137758952714631 0.325575587625257
0.230575177450943 0.159888680057272 -0.0595595411592299 0.277140267776717
0.0938458885738006 0.36563596158703 -0.118242754178141 0.340294689604643
0.0956710815366141 0.4344962675173 0.102705035335868 0.0737090586813413
0.324478354234223 0.235009431855939 0.201481237143838 0.0348272944208134
0.303090487738671 -0.130900738864375 0.143928675397689 -0.187302711722941
-0.000678958913208053 -0.322767068521229 -0.136868681645783 -0.283302370701747
-0.185051447469233 -0.202875313105841 -0.318961979075763 -0.0544554439705964
-0.246807741306176 -0.0822192335181053 -0.212364471553916 0.0931503259014052
-0.265755457687549 0.0720463317011131 -0.0723215763398314 0.0867227782272265
-0.23499170558357 0.139433353881343 0.0249074896851651 0.0191402203650264
-0.245481130866443 0.117187958062591 0.0925005495438721 -0.0751240223702863
-0.258457173805906 -0.0300988990005918 0.228675633313527 -0.0852887894530893
-0.189784151357091 -0.145695538972842 0.339330601277695 0.0110868127096962
-0.0894454123222693 -0.302674076767484 0.28320360080464 0.23980678089398
0.239937368210725 -0.207062916205566 0.0690883239620893 0.290274877952961
0.334993612442686 0.188431157604678 -0.0909592613495496 0.147609087107384
0.148211507645972 0.464235672113719 -0.0975971289660009 0.181007787014115
0.0819513433852514 0.419828416132625 0.14554893479919 -0.0840060460226301
0.282436086573165 0.238314926447521 0.222786231702457 -0.114025607922814
0.282643388053508 -0.0878811004076596 0.0844516791364976 -0.287405634908584
0.035314449498311 -0.284118312637627 -0.208276797886324 -0.304285459492206
-0.143382752716672 -0.215318166625826 -0.366341330263975 -0.0606314831165761
-0.228204746341034 -0.107196260031133 -0.280658189453304 0.0877033345153206
-0.258499153865226 0.0526552065160891 -0.164283413555933 0.110659464910311
-0.226899289130238 0.131688752288446 -0.0692274898986873 0.0720086553224771
-0.240909871010874 0.122270880023164 0.0134984011421744 -0.0301074224985206
-0.27007818037558 -0.0161779795293143 0.170090018981571 -0.0565845220000004
-0.221046572750423 -0.151861368384004 0.286525794050781 0.0431864846963094
-0.100779033462006 -0.357879600599528 0.187185269383228 0.24545909019446
0.297112329547742 -0.248392224903 -0.0107175729690306 0.196595413927955
0.396010403341031 0.213210602363646 -0.0897950896071675 0.00725922650575035
0.174791455643345 0.493980229108751 -0.0840538182404088 0.0157706804186372
0.0696249414233531 0.348555057381188 0.18479911204143 -0.250583955227186
0.217329334336448 0.208852941420561 0.189188534142852 -0.260741452386799
0.23441658617919 -0.0446807607715754 0.00535853364436941 -0.3309415091068
0.0575981582912553 -0.220415307083797 -0.24612613285227 -0.288142999499067
-0.0913691787705234 -0.192981637092456 -0.378217838435489 -0.0728159764251722
-0.177972544693842 -0.109209815840911 -0.33130011990938 0.0713194622987905
-0.211430700706763 0.029207288194266 -0.245813857342818 0.127280839811856
-0.185822307421107 0.103942812578457 -0.150677402020393 0.115693933087876
-0.205763182206105 0.105359452190397 -0.0550958385252264 0.0150122931862838
-0.245422937140963 -0.0124724016662797 0.100760980110657 -0.0188059008192678
-0.207235206625452 -0.155393493300938 0.19427981553024 0.0696080983049094
-0.0595062160476779 -0.358801959000876 0.0738391158395922 0.196696490669743
0.324881521474554 -0.20975209177194 -0.042501065581038 0.0643702989207569
0.373023472384831 0.22806839311418 -0.0435916517648022 -0.0903048044821675
0.159770939024869 0.438304767864704 -0.0789720551604789 -0.129131980483477
0.0593151363574064 0.230263558961283 0.204515244793511 -0.396388523420491
0.141741953552236 0.144639640190717 0.126454015307964 -0.364610824771245
0.161007203342704 -0.0170653895222221 -0.0585637632400036 -0.338808972632552
0.0539868639102972 -0.136806793573853 -0.258529813489361 -0.265330277108871
-0.0375161833787812 -0.133711374402622 -0.374484902132923 -0.0837630972449612
-0.10332380164784 -0.0869493761082182 -0.364330915349436 0.0575188876010139
-0.134506431110497 0.00552189373922595 -0.303323966804 0.136600468144186
-0.117852361491833 0.0616719549800323 -0.207699736580055 0.142982434561617
-0.140242486727702 0.0674924515948934 -0.10699894713989 0.0484217871524874
-0.176301309533955 -0.0191036298244571 0.03013469757991 0.00861478977942001
-0.138239402914245 -0.136433378556983 0.0968846578917226 0.0644478993854256
0.00680501303182391 -0.267497779984317 0.0012534143801681 0.111215199613088
0.264364333762779 -0.107564349564395 -0.014267221784347 -0.0385471860896482
0.254228316166423 0.200273645312647 0.00991199398925327 -0.117930983165102
0.10791093310116 0.29380092373659 -0.0797512746044668 -0.232019252070387
-0.0225655714232861 -0.0881306615214831 0.134519753166029 0.293599512841444
-0.0924083576514568 -0.0603685302990205 0.0571446372520269 0.09788730964644
-0.105213616502839 0.0223551646628298 -0.0145051202965698 0.0680025096959268
-0.0338290454789015 0.100150938250051 0.00398722515604089 -0.0244867573487973
0.0451266397581755 0.0658751784966913 -0.0631711089900114 -0.0214022655272329
0.0530138763889948 0.0107912896725493 0.0147321462330626 0.0341446933671639
0.0379817396702951 -0.00704182377650494 0.14445107891103 -0.0278685575008017
0.0195277390963746 -0.00366211344754263 0.248556569764089 -0.124469021553588
0.0199915802800065 0.0151166387640449 0.324775361241388 -0.163382848390753
0.0152590467162485 0.0498721773971388 0.380246538157455 -0.080760264471311
-0.00416986044928316 0.067833977373059 0.367721710935426 0.0557204184381773
-0.0628951848721399 0.0616484305148717 0.291074199557121 0.221297664093924
-0.0967030610182482 -0.00176126561333429 0.119696203772621 0.34080509399822
-0.0762467061569431 -0.0813624484139158 -0.0619375441448349 0.424434887144587
-0.0366706774660467 -0.142237316612731 -0.207773240271742 0.530254260277009
0.048638749601741 0.117040484011134 0.114939810692662 0.32229079347589
0.101563642726574 0.0516561112903455 0.0699915929985776 0.123419690396687
0.0645817334496219 -0.0594911378951895 0.00793730733498685 0.0705776172394502
-0.0505622339460137 -0.0854090594935078 -0.00270783281434374 -0.0379456846910904
-0.0720737148901177 -0.0195219840109918 -0.0793198612515504 -0.01512591770359
-0.0642443910623112 0.00800372802507127 0.006856315847864 0.045364256741056
-0.0673243356300783 0.0428582366626124 0.135430859175838 -0.0132925746505997
-0.0716681991879146 0.0548083219412609 0.240014642869204 -0.113242096125849
-0.0803215439476826 0.0486201724277357 0.30891555136531 -0.161097180168852
-0.0834770527143673 0.00632826327533848 0.371487836551636 -0.085900037063361
-0.0518626694048601 -0.0241947043952583 0.370059663253685 0.0427210826819417
-0.0372961031482856 -0.0485253206776096 0.310138805475655 0.211167848239709
0.0131885483846762 -0.0228280780700744 0.150875086643466 0.335965001321145
0.0153773322633184 0.0272898979977059 -0.0309705201863698 0.416669321970706
-0.00900706959851534 0.0428467548471097 -0.175254728644933 0.532670540872869
0.0955673471378546 0.285862682049456 0.091309572135622 0.289296114072562
0.252838756889729 0.14739668503145 0.0946321006172409 0.146636875353714
0.208349837927977 -0.121829211698608 0.0807663034554253 0.0356501285825217
-0.0478473609158517 -0.237348292950195 -0.0134666313062497 -0.111365577406902
-0.161180541184108 -0.102992323979853 -0.144897587331285 -0.0264507741173648
-0.168764780838319 -0.0116079146720562 -0.0478877039433783 0.0661023988942525
-0.164620740359859 0.0769217777382578 0.0925619318589139 0.0184595753725519
-0.153426548870575 0.103684421800772 0.195496477152257 -0.082589215756052
-0.165641744189582 0.0804964092077533 0.255250031539739 -0.145614942211143
-0.169164799477506 -0.0243385133549029 0.335578342818829 -0.0949639257688612
-0.10044952520413 -0.0971819272131701 0.369633107414324 0.0181941147614375
-0.033350272425501 -0.150623396087328 0.331416065196059 0.205565460623424
0.108292619058703 -0.0667728551079542 0.166453154288642 0.335096526961226
0.123622598090929 0.112004599917127 -0.0290717897363148 0.371238587438605
0.0391203688064 0.223235134058018 -0.141247835827802 0.468186845580973
0.110704986678536 0.394584298493037 0.0838057051151598 0.204979283411568
0.331371303751619 0.205283652729786 0.150131943036285 0.130661326569603
0.288665175999343 -0.153381567728847 0.148722886865875 -0.0619770807538163
-0.0360841267369211 -0.320501058800946 -0.0611902263574214 -0.212705770015667
-0.203644544730646 -0.167002560882355 -0.23877650705666 -0.0409531022840659
-0.236871825557707 -0.043087030298656 -0.129868565245252 0.0886214843094667
-0.237786732278167 0.0898275358390722 0.0207588337234583 0.0565684708602098
-0.211716884462996 0.137381417099896 0.121226629081238 -0.0366854374851393
-0.223646500985261 0.10847087009341 0.178195962814051 -0.117702108903847
-0.232466424236951 -0.0335094706709521 0.287258476822558 -0.101803586785299
-0.151233599880425 -0.138569788963124 0.365178652054358 -0.00215350936831254
-0.0582255607532846 -0.236382469238982 0.336799593311906 0.216116078681438
0.182635454793053 -0.136749313963433 0.143097521231104 0.32970592984461
0.240519925146367 0.161474795331296 -0.0584554064192541 0.281148847737809
0.101077144586389 0.371518683810991 -0.114462435526483 0.345293556843282
0.101123771131169 0.440315897516808 0.105915033364366 0.0784515523513367
0.336732300537396 0.235732377857904 0.213090726381573 0.0366426481477037
0.307671383575734 -0.137812424834968 0.152262580938247 -0.193792175586096
-0.00590600097543023 -0.331008676481528 -0.142388110275147 -0.286810650969812
-0.196125310020439 -0.206646794299262 -0.323300793622618 -0.0473970118673237
-0.259872984313378 -0.0786283471855828 -0.213758419370837 0.10120677130998
-0.273875373059592 0.0835347333083711 -0.0691622620462732 0.0907185282146755
-0.238192659643411 0.149873944639407 0.0285178303138038 0.0193452724408688
-0.250428226917244 0.129018505872329 0.0927773842775286 -0.0765631738282358
-0.270633027694496 -0.023947402467046 0.232742767632122 -0.0927020948504431
-0.199291493807036 -0.150220170617397 0.34685911818794 0.00471736551851895
-0.0970144845677013 -0.309844689642798 0.296092698558973 0.241254778154199
0.243396931175462 -0.214640526505887 0.0724341180408073 0.294952762724814
0.347442686146063 0.188260202592466 -0.0940541804070196 0.150740985914643
0.158396875947351 0.471892612197804 -0.0966254312569456 0.182671344292202
0.0873453747951493 0.424892809239083 0.14719501771278 -0.0837250241041772
0.294385455648078 0.240985579553514 0.230768574440265 -0.11466593646681
0.288250848114871 -0.0944003949231311 0.089348010835532 -0.294349015544778
0.031662958282814 -0.293426573005356 -0.217385167888204 -0.306608483287283
-0.155359704551014 -0.221311904789746 -0.37010018169217 -0.0524494143225876
-0.242621243166878 -0.104860778877717 -0.28503565645678 0.0969043805377354
-0.267355511387493 0.0628477602205752 -0.16364672642116 0.118236660687801
-0.229846811331585 0.141026858889815 -0.0667473507446792 0.0771401067571389
-0.244972106991752 0.1326188503554 0.0125403481468464 -0.028754619002852
-0.281618328580028 -0.00951182201470481 0.172745180874427 -0.0628639699722487
-0.230654556688927 -0.155075211413995 0.293861264499258 0.0366466457911354
-0.110908712810728 -0.364595796879075 0.198846381116299 0.248404696920399
0.299793407548459 -0.256512908693869 -0.0104162432279115 0.201400446344297
0.409818733698123 0.210147369391057 -0.0962634278370705 0.00706724249687472
0.184557597833969 0.500028170821643 -0.0863960887865833 0.0145298420509674
0.0740299781689923 0.353144615752585 0.184935452940352 -0.255201205643844
0.228430739248555 0.210068280531056 0.192214688938706 -0.263661080414693
0.240093230385066 -0.0500161075087132 0.0077318246701701 -0.337556044417776
0.0552966397814162 -0.230136463574751 -0.253975501797469 -0.290471669166989
-0.10114086962924 -0.199530016385391 -0.383872233868529 -0.0660763061793789
-0.189895441779954 -0.108160067885176 -0.339129471016879 0.0808174251436013
-0.219152872082086 0.0363808549347947 -0.248572538695738 0.138899842964786
-0.188536429263709 0.110699486090586 -0.150135148457501 0.125007722547145
-0.208799025654023 0.113998446797173 -0.0576681693660812 0.0184139782820068
-0.254645543000625 -0.00658582543637069 0.101048018657924 -0.022611639597665
-0.21620289110367 -0.158239870555575 0.199957738491581 0.0649204156903346
-0.0700478635238851 -0.365124709826549 0.0831158448219462 0.201786423299867
0.325924366030698 -0.220489858584948 -0.0470141435946789 0.0681517836066881
0.386529901859447 0.224956815204663 -0.0528597219880012 -0.0938597102565932
0.170120153817324 0.443333445405215 -0.0852689366293756 -0.132826225171701
0.0625302958438364 0.233111039868483 0.200619286204422 -0.405858013175191
0.149635262203843 0.146036034498575 0.12632559444456 -0.370495886327122
0.165070397177439 -0.0218031107724072 -0.0598017689239199 -0.343485254875197
0.0531592636411513 -0.14250585268076 -0.267427103532032 -0.267320005605918
-0.044531563526453 -0.138804349421316 -0.382793514249409 -0.0776662349357996
-0.11215154214215 -0.0860876085989648 -0.374613154689774 0.0683315299017106
-0.139764091736811 0.0103942603535813 -0.308788957688987 0.150718921461644
-0.119488928278408 0.0647841508745554 -0.208783761326965 0.154381921755989
-0.142106869708123 0.0729934648449167 -0.11160109588836 0.0542291698073196
-0.182477209945412 -0.0152038560872758 0.0280425935061709 0.00631286339060141
-0.144621666567436 -0.137585959337801 0.100784093437353 0.0609421185012137
-0.000985904183034042 -0.27459054622346 0.00731636918051059 0.117178726070672
0.266027043418968 -0.115319895477456 -0.0210326396202137 -0.0378572209583328
0.265688172787437 0.196734350372228 -0.0014022981241662 -0.123304193503254
0.11446943894853 0.295367182828317 -0.0886487931142339 -0.23802791164423
-0.0303071737504506 -0.0860293941878457 0.151476455906067 0.297084614354098
-0.0981891950460271 -0.0551073255469789 0.0714096678628547 0.0994430892343464
-0.104355159832537 0.0294453232785635 -0.00340794464686863 0.0674392881182142
-0.0276263731331863 0.102953385282783 0.00431973464211682 -0.028699833195775
0.0494822800994452 0.0639053935425579 -0.0669883996028979 -0.0162313707601584
0.055501695339094 0.00829617444685412 0.020451467638827 0.0355599306068939
0.0401631672987607 -0.00959060474360371 0.150394359865118 -0.0374199704248511
0.0210694455346713 -0.00336017468408932 0.248223641080519 -0.143979963245037
0.022047654704634 0.0159628072832403 0.323570050273585 -0.186869562173953
0.0190444800075076 0.0517737577914893 0.384836604162853 -0.103125793370784
-0.000859952962638029 0.0694552872178402 0.37989999720901 0.0407279087116284
-0.0602911874343805 0.0674971991806569 0.307147507625265 0.212246569653674
-0.098008427765227 0.00415079564781409 0.135338134860931 0.343718608411855
-0.0814205438251895 -0.0814046315592705 -0.043761329255071 0.431793090398516
-0.0435391405639045 -0.142051577506498 -0.185635728148799 0.543261685783094
0.0517788670566513 0.116898027228995 0.132241121614447 0.327546353257061
0.104911674317886 0.047922699750465 0.0874042414038793 0.125119159230756
0.0621469297121728 -0.0623676838511709 0.0206345628154283 0.0702656049777094
-0.0549264864943507 -0.0836314025623033 -0.00246583285945516 -0.040792460444811
-0.0744709523211505 -0.0167577703259895 -0.081779264771511 -0.00935108765356835
-0.0661001553654479 0.0115809605517339 0.0128733285496873 0.0478932235477703
-0.065855548774658 0.048307763694227 0.142622938199598 -0.0220569503985276
-0.0692834685878959 0.0613158011027649 0.240264093015249 -0.131506768737395
-0.079557915547805 0.0566318899249381 0.307414544700581 -0.183008949137517
-0.0861992990535955 0.0127675941092392 0.376473125992005 -0.107907465221411
-0.0561491122011371 -0.0236461563679378 0.382084088695976 0.0278729700780179
-0.041428218827168 -0.0479557569675185 0.326667097367616 0.200905396747768
0.0138368542196835 -0.0233486373650819 0.165949356258857 0.336864219913809
0.018973724755266 0.0268089581699881 -0.0136896953878525 0.422373917882046
-0.00809417364799741 0.0458513216824484 -0.15318823220379 0.545181174787967
0.107252949721485 0.28688820917549 0.107174228891821 0.294352401622097
0.264182015169803 0.137730577878795 0.11204143659061 0.147571218066623
0.205087843117396 -0.132058667762269 0.0939406820168374 0.030355360314727
-0.0595540574628214 -0.238308805621001 -0.0171132662942377 -0.114911714005612
-0.170402030485131 -0.0981708181536566 -0.147707484711769 -0.0184356772449487
-0.174469915431463 -0.00255219141327211 -0.042514798962384 0.0717842700228461
-0.164603674949116 0.0891551807378414 0.100482503772747 0.0132168587026011
-0.150636383243699 0.116187098501601 0.197330029179022 -0.0982441919947855
-0.165516414414489 0.095490116227313 0.25370086921409 -0.163139158343192
-0.177727653654566 -0.0140703735654798 0.34079059100907 -0.116133240004343
-0.110871095372587 -0.0971338613292057 0.379036864413806 0.0018470331402519
-0.0426964011189079 -0.152903900573371 0.348580413060719 0.194286901342038
0.110216478496819 -0.0727803971627341 0.182276187280318 0.333445910214256
0.133146745436104 0.108756512672424 -0.015264521946577 0.376838272013375
0.049098673733324 0.227104227300731 -0.122599181262929 0.477750264958249
0.12753359428929 0.395533366315826 0.0957747525140659 0.209799287554782
0.346842447014805 0.194030627973346 0.167696371306572 0.129718320717523
0.285134286772588 -0.167236684218423 0.157746742176134 -0.0713702203076179
-0.0515042541171209 -0.324150572530112 -0.0706124558168392 -0.21521079858371
-0.218134695803901 -0.16217933016129 -0.242103523906708 -0.028455120059483
-0.247278059294734 -0.0312059026079664 -0.124630714090217 0.0985987034587239
-0.239660389805324 0.106950272248078 0.0288086714943512 0.0557639811342641
-0.208383554537681 0.153808370398425 0.124020762059805 -0.0458596880956384
-0.224009554213645 0.126446146245222 0.176847970933844 -0.129269710644646
-0.244091607878491 -0.0205568603863968 0.288750207322933 -0.119684562889445
-0.164648614066338 -0.136828719532131 0.373246499327486 -0.0186393251667218
-0.072379421339373 -0.240435216301762 0.355448171298984 0.204344581949107
0.182324064387564 -0.147226354861234 0.158706280194816 0.329336877404995
0.255288735849867 0.154926906863779 -0.0481210944124019 0.286992293971891
0.118664142214818 0.376698827280405 -0.100030403856746 0.35163407839428
0.120206655143107 0.442370621947046 0.111760006453138 0.0787997358454209
0.353632216478919 0.225732876338716 0.225755326673415 0.0315017399815936
0.306859818476615 -0.152618705634564 0.154250353908242 -0.205611144637935
-0.0211659246217281 -0.338707385552209 -0.156267028784435 -0.285412012282854
-0.213673403346023 -0.204064463727914 -0.326615107075331 -0.0321251708681216
-0.2752550475895 -0.0661510376935915 -0.210965302351165 0.115256712651095
-0.277868911210466 0.102022077112694 -0.0623482210764227 0.0958022883062682
-0.23638021376606 0.168411283097472 0.0321347821524604 0.0176904954870318
-0.250622289607414 0.147709803952825 0.0915965742093623 -0.0825774893236001
-0.28237027899512 -0.00869885756786654 0.233247657518931 -0.10695644217902
-0.214746105929708 -0.148173281298507 0.354418363527684 -0.0117382647175654
-0.115551662711279 -0.31285758510418 0.316029626165905 0.231461242112093
0.23958652177375 -0.228663218961837 0.0861978742669648 0.297030460236378
0.364094138565337 0.177228682537924 -0.0917460490281015 0.15558639844972
0.179748959152384 0.472161078549985 -0.0892778944166111 0.187567426174152
0.104632599137777 0.427712742066878 0.145804195284132 -0.0871053198333883
0.313226079294605 0.233099690518564 0.235828177422855 -0.123787071324211
0.290996804825169 -0.107846938886795 0.0854670109739496 -0.305038539290234
0.0187309135234952 -0.303463447919994 -0.232831837724284 -0.302397741779943
-0.174438874732632 -0.220668378662362 -0.375945364468652 -0.0355173428672773
-0.259157342914545 -0.094145232579404 -0.28502947196184 0.114473960423014
-0.272165198861721 0.0818672264928052 -0.158756297123811 0.130094346069463
-0.2278985506267 0.157997976979867 -0.0622998696027991 0.0830366596726118
-0.244671745889077 0.150454063469995 0.0105552726095485 -0.0278386288263668
-0.292144489088825 0.00566520451888027 0.171730820882077 -0.0737838901857106
-0.245583369296113 -0.150187415098619 0.30068625384014 0.0214934935399015
-0.132531338112826 -0.366103393763429 0.21834947784483 0.243658335843032
0.292702884898176 -0.274304773394737 -0.00361533126625995 0.205230368786362
0.429056539265692 0.194035171849431 -0.103296863776827 0.0101904701968453
0.211165379039277 0.498961830305753 -0.088582002959912 0.015429332737501
0.0884474806842741 0.354843475754088 0.174736928840419 -0.264078026643627
0.243757622908814 0.205234009448098 0.188709706759415 -0.273149251234667
0.243658259278564 -0.0620156241537115 -0.00125652796221542 -0.344191285510944
0.045222446908141 -0.239392052214996 -0.270280686704053 -0.284235569125463
-0.117878765239526 -0.200394498731777 -0.390994763042382 -0.048557759733192
-0.205153556905368 -0.098578067630015 -0.342763130339018 0.101378041053891
-0.224382179446156 0.0516814846097085 -0.246013845679279 0.157331552815453
-0.186793306839315 0.124224927481867 -0.144777435987559 0.136798248598324
-0.207692508934592 0.128994438604064 -0.0586009793897671 0.0240940166882113
-0.263354511340036 0.00653768576681589 0.100059196906738 -0.0295068253634238
-0.229737481326468 -0.15338560028573 0.207575981998769 0.0538815459290627
-0.0907063590111024 -0.36758785024451 0.0985183033708217 0.202780578082779
0.319686648725354 -0.239020595152989 -0.0483806787836307 0.0728393332604178
0.405279789109388 0.20808286910479 -0.0655935284990537 -0.0941823942079962
0.191476181016955 0.441555732681869 -0.0952370417114689 -0.133672206258058
0.0710127379841681 0.233695992662144 0.185312242499598 -0.4188810402061
0.160608310927469 0.141992355182659 0.114388288759265 -0.378445360138242
0.168652750130985 -0.0299047295188181 -0.0708178762569708 -0.347082925544173
0.0468802445664191 -0.150011064383868 -0.283682231008136 -0.260499956875117
-0.0564410189461655 -0.14204426604456 -0.3918388657009 -0.0609948506603186
-0.122139555792681 -0.0809192868177815 -0.380897298959635 0.0903826597898356
-0.143803164604364 0.0203689955776758 -0.307669246206127 0.173056281216631
-0.119039275680347 0.072984540078564 -0.204287363862759 0.171633425742975
-0.141111642079992 0.081997965842644 -0.112454198919003 0.0643864756724341
-0.188387651516583 -0.00589064203118494 0.0264933153933558 0.00381365684561753
-0.155567203835723 -0.134795554034661 0.106439184480523 0.0544925505811355
-0.0172458462402034 -0.278648730491742 0.0167762573171922 0.121193024568288
0.263954670216173 -0.131754780028553 -0.0284059675676491 -0.0356375631681981
0.282401736083348 0.184490126257836 -0.0156119007525811 -0.126909714823303
0.12923792988815 0.293466705657984 -0.104464256349886 -0.23967977799714
0.00898068798405747 -0.094191535642889 0.00453332028636185 0.341418055253429
-0.0662188316081029 -0.0932268195975256 0.0296169731089607 0.129505262942288
-0.106364321095737 -0.0181883886826079 -0.0212569474833279 0.0617751111031403
-0.0672963031099494 0.0806341185584347 0.0217588179368869 -0.0262528316973793
0.0173700731516339 0.0801557355442513 -0.0523396547135095 -0.0438111071595106
0.0474357379642629 0.0319839253429849 0.00493648212402659 0.0432425756812164
0.0435258754181652 0.00771635226063176 0.155988006337836 0.0313441384425095
0.023003991945443 0.00625557865311265 0.284788949588832 -0.0280263643645113
0.013682795746556 0.0229973014138315 0.370678739946049 -0.0337520458971451
-0.00185213631227681 0.0536888631619683 0.388310327529524 0.069533965970615
-0.0288600375271748 0.0620611274994123 0.322057598015108 0.202113694228671
-0.0776631201293496 0.0367147241868741 0.178601461781289 0.324233042362867
-0.0891656904256799 -0.0351599592068232 -0.034953453678764 0.367907466073718
-0.0383168581616611 -0.103699700461502 -0.232687112452007 0.36546668954019
0.0229552541036218 -0.144613656498371 -0.417494087885362 0.396269415468225
-0.00546667882477103 0.124741579474827 -0.0213021428356089 0.36042072710506
0.0727695892801258 0.08621845897594 0.0297385529442 0.155198858137672
0.0840348203128693 -0.0282979646815296 -0.00473668710325602 0.0741315260610141
-0.0140347104352103 -0.0967080019588089 0.0156762090814274 -0.0387601359047579
-0.0596084878102185 -0.0459962270337603 -0.0727308264504686 -0.0389937970482088
-0.0642504351166814 -0.0176981947086503 -0.00606381550985429 0.0534918506139066
-0.0788348566083556 0.015820905565165 0.143258920404817 0.0430884154207145
-0.0889656580639539 0.0271731068833526 0.273490905601982 -0.0197013246420361
-0.096157409299737 0.0173619808518105 0.355150089915516 -0.0367709612665407
-0.0844913311494991 -0.0256142021402766 0.382507961408904 0.0601249910117486
-0.0400386259481873 -0.048117127487445 0.331665471479093 0.188587400428262
-0.0108657960460684 -0.0599118132523631 0.20370226014846 0.320773144487069
0.0262497594234357 -0.00964462963565619 -0.00225904423066779 0.37673987379279
0.006694516245746 0.0384473325006102 -0.205623166987698 0.372756608218558
-0.0274610545677128 0.0393950895101165 -0.391590332091392 0.413161901312093
-0.0297290145381108 0.301380414190827 -0.0250680011787378 0.316447887386072
0.179165236219188 0.236847527148594 0.0399031127963566 0.181437945018793
0.241741198932826 -0.0303136129039369 0.0728350215858718 0.0674595742252052
0.0459822682488579 -0.236782865916732 0.0301263447538854 -0.111142936447585
-0.110272742602545 -0.160868247419778 -0.130415917922759 -0.0704808563898073
-0.158105411503443 -0.0772497183466338 -0.0659033044743214 0.0539985995581999
-0.188279027800862 0.0119337695014858 0.0905826662485794 0.0583514485873764
-0.188210004511366 0.0425985935748078 0.220656845943891 -0.00526393524214747
-0.191777191828478 0.0165942242515649 0.297904441508128 -0.0430442581528907
-0.158656547749168 -0.0883665406958833 0.354267222920765 0.0360898507088276
-0.0606140169991396 -0.139995228248547 0.341224912399855 0.161729743478631
0.032904010645091 -0.156461756103076 0.229771480594106 0.32263235163957
0.135455069362283 -0.0114022966916746 0.0152197078433545 0.382474283051215
0.0747012025555776 0.162966296823108 -0.188014335537715 0.33184705161157
-0.0544920728082218 0.227341256266571 -0.335359785477456 0.363759763958312
-0.0614184779514206 0.409385817417853 0.00401718120416074 0.234343217696989
0.229012294654748 0.323728898084684 0.0953658665831753 0.18478121289947
0.328348169396479 -0.0244082055639243 0.171315166297553 0.00205108785971554
0.0914801723886932 -0.309539018277624 0.0222117712772576 -0.223785052844476
-0.124681926356158 -0.238697552050069 -0.213377233784779 -0.119298468233667
-0.213187387647107 -0.134580812579349 -0.152498776556618 0.0435973600306296
-0.266177408185325 -0.00357675163561804 0.00684765956467609 0.0653397357182058
-0.259456352157652 0.052166165972049 0.132195673285685 0.0121210355856022
-0.258984554558332 0.0215609346820358 0.212980092238275 -0.0430857308209527
-0.217654905207215 -0.121621262106762 0.309222453243399 0.0106306171635386
-0.0921329744108596 -0.199815185646392 0.345276621322891 0.13716791872629
0.0445457564322471 -0.247792606463714 0.233403980017826 0.33199982255581
0.232975365198213 -0.0462774797099008 -0.00117507376271418 0.368197407427382
0.163150923249136 0.256460397807584 -0.181459596533357 0.237189125147247
-0.0553488400099022 0.390399562958973 -0.258775509913853 0.261635353244693
-0.0892562260134608 0.449483269888776 0.0766814152108517 0.122338168647689
0.22046747316549 0.357858885575692 0.191644287972601 0.121268085033864
0.34095046490262 -0.00125596614886338 0.226722861853491 -0.121146046018172
0.125265806296591 -0.307444148470568 -0.0246545130502767 -0.326079644821777
-0.102679874298463 -0.275514041757505 -0.289170481471363 -0.159009143336823
-0.224681566407247 -0.177396963295728 -0.238773821600042 0.0208519475928385
-0.299975520625539 -0.0234380300654477 -0.0945699283413253 0.0632994650196225
-0.291054666084689 0.0521408472241595 0.0229268435270049 0.0316227893272412
-0.292109296952863 0.0290124855826323 0.1162608718985 -0.0359331782801315
-0.257708002496976 -0.128119793020849 0.253066256511226 -0.00245852327365073
-0.132399330043735 -0.231261557958918 0.32369456041807 0.132811602615784
0.0359978912827075 -0.328300195960446 0.186699913352089 0.336143575956378
0.317829038242309 -0.0940907289570206 -0.0489897997875472 0.307283385317171
0.252212671879775 0.319865334828374 -0.164047802487766 0.102289735087389
-0.0404646577099958 0.501781369198484 -0.175079415443645 0.120048579948295
-0.0999975165749792 0.431256155914058 0.180897122074725 -0.0135473412587015
0.177866403213466 0.349141861435214 0.268575874011569 -0.0142518739278137
0.306943800854192 0.0348296262567694 0.20897875046332 -0.239986189914188
0.146498593718907 -0.26082653559691 -0.0854860436671311 -0.373819741152136
-0.0604776995452196 -0.2722955021572 -0.3309638489276 -0.187270153404696
-0.199467607818304 -0.194020888611005 -0.307083826187595 -0.0134627565879287
-0.287171562839152 -0.0393280672880069 -0.198472315312423 0.0518797891096524
-0.27931066461512 0.0464990609727287 -0.0890730766575969 0.0515550681807471
-0.286942469741144 0.0345384477598285 0.0198011674631607 -0.0201859837421712
-0.270990719468179 -0.118200571725651 0.182526976928998 0.000808554667594937
-0.158887405322453 -0.24569815987169 0.261135297842031 0.137230280984263
0.0414910638873021 -0.381474809453666 0.0960643295597066 0.303916400579288
0.384156353843483 -0.114075860151154 -0.0885290230647866 0.186167875964806
0.300273102924982 0.358911561753562 -0.111390943482415 -0.0328716856807749
-0.0253230045580082 0.537863160699348 -0.0951753051460707 -0.0334450850557467
-0.0856345072615718 0.359342794413061 0.283222650829143 -0.160953686830449
0.129101101481145 0.295754479077981 0.290522111917576 -0.168722378448186
0.245343950086744 0.0555104004877651 0.149631931636765 -0.313014217797369
0.14279514621224 -0.191736097594017 -0.125881289547667 -0.376108159387429
-0.0203148775297928 -0.230142445181603 -0.33921951950939 -0.208054741621449
-0.146777849791996 -0.176280109324861 -0.356527487457045 -0.0517972628174376
-0.231704710579849 -0.0456055663238558 -0.28988716066112 0.0388933099221519
-0.227187333544438 0.0337421356078591 -0.187760287436737 0.0662767829914999
-0.244202863300159 0.0305082397269642 -0.0656065743480783 -0.00335845017496256
-0.244239603544876 -0.105497431833935 0.0990494052014489 0.0106476750922943
-0.14260761625355 -0.240098861429793 0.163693640872099 0.126757672527954
0.0759154547606193 -0.364437970950708 0.00842483066325021 0.217257971791681
0.389740818799269 -0.0733803835004279 -0.0709209684220684 0.0481371221698801
0.275442413885321 0.359667815778936 -0.0319816518407178 -0.112536882087667
-0.0181309459695676 0.477540448366982 -0.0300925417518225 -0.169566768179721
-0.0472149647575765 0.243762886636714 0.356111267492149 -0.298025165627602
0.0796600972430211 0.203585427071832 0.268403141500426 -0.293152682650921
0.163892025349168 0.051127283416485 0.0895965434591933 -0.346107238625634
0.105642420706041 -0.111064091487107 -0.145323931680265 -0.361298083403463
0.0108401980714787 -0.149539411848195 -0.332870811570443 -0.224068789237254
-0.0790341750379841 -0.122316230725768 -0.386108136616176 -0.0815667081122963
-0.143605245642705 -0.040655916220222 -0.353808985064589 0.0257453350661077
-0.141583052514827 0.0155184891312923 -0.255160702620793 0.0713492403977887
-0.163166838947522 0.016993241972302 -0.131006844820996 0.0101995346762778
-0.16993345615017 -0.084729352467773 0.0187960207614825 0.0105690755667952
-0.0838906768853177 -0.189381759416913 0.0745499108870093 0.0856591319195999
0.101448682031085 -0.254569057553822 -0.0293364000078016 0.111233199730797
0.29327200038228 -0.00358537064801535 -0.0100872389367366 -0.0400625776146519
0.175586397329578 0.282518585636804 0.0285953159494905 -0.123080003345838
-0.0110044307720351 0.317146906361749 0.0120061032094405 -0.268877148411118
0.00129857872241924 -0.0898634594061946 0.023591716891652 0.336391392859423
-0.0707910406890042 -0.0860041355193648 0.0422857603761254 0.129284306142363
-0.103558796268847 -0.0109356521737223 -0.00822486874994952 0.0619808576292037
-0.0604528679249564 0.0826772344903639 0.022094143196443 -0.0306867740927225
0.0217085224708979 0.0770189567300087 -0.0567474274640518 -0.0376472006611051
0.0484762974115402 0.0282529772180259 0.00981938216355204 0.0440734189725994
0.0434893538694305 0.00534537276311442 0.158178994025941 0.0203649807938378
0.0244570218066205 0.00609833762946098 0.278182986343737 -0.0462530544133447
0.0152080154874715 0.0235756366023998 0.361939987670273 -0.0573828015664374
0.00159339861430388 0.0539885294958291 0.386697232313177 0.0442270181061761
-0.0238225774025874 0.0624565380585931 0.328191435575489 0.181629246496081
-0.0734694044425601 0.0414342576051475 0.1918379427733 0.308053843186293
-0.0884028841690921 -0.0285242815370765 -0.0175787530362798 0.360730565740389
-0.0427311070291968 -0.102109634765876 -0.207943857351048 0.365428921967325
0.0140663444481407 -0.142030874920849 -0.383406690909192 0.406039177275683
-0.000640418409648058 0.123931998703233 -0.000321184545634247 0.357859267618985
0.074942788190211 0.0806089177559168 0.0459405048501291 0.154150118718642
0.0797408271754305 -0.0310324004845271 0.00900919514724436 0.0732933052433764
-0.0189232537595468 -0.0927752588532652 0.0161785823699678 -0.0399790020564674
-0.0607144750384343 -0.0418177169330191 -0.0745370381296493 -0.0310463327759688
-0.0637915704253847 -0.0141326673902103 -0.000127858864759014 0.0551861204424436
-0.0757420975513479 0.0217351095342479 0.146966088677423 0.0331389906912631
-0.0847174527851222 0.0333835070290567 0.26778201823991 -0.0379629484147667
-0.0939513497506503 0.0265561677368909 0.34550662412627 -0.0597472607465204
-0.0854387369642614 -0.0187553149985111 0.380950097509132 0.0356697860793579
-0.0435363009584525 -0.0459111548064225 0.336445916450113 0.167157832172246
-0.0145896594434121 -0.0587135535915068 0.217363310248771 0.303309329190839
0.026870079896374 -0.0105757082111485 0.015455294429956 0.368373758310699
0.00961831427276552 0.0370544440288198 -0.180181389414711 0.371824992005724
-0.0254818477406636 0.0408906812625158 -0.359254468901421 0.418382271821657
-0.015511134986485 0.296807205548509 -0.00759550565089938 0.315639489006729
0.185986231291424 0.221595138533639 0.0563398658778785 0.178474017688427
0.233549211643948 -0.0397438125767674 0.0841166597888886 0.0621671676305671
0.0322912412422028 -0.232316377443036 0.0256391545309275 -0.11167734101594
-0.116931163456778 -0.151363722925711 -0.131153765180253 -0.0601280856933877
-0.160815266252105 -0.0671619344092568 -0.0585010972572469 0.0585930488079406
-0.183677759021096 0.0240034083398908 0.096533922052847 0.050586793371204
-0.181352241936217 0.0552345315933403 0.217497277517336 -0.0207108639731359
-0.187441658012972 0.0318194840345722 0.289330713018609 -0.0602304433977678
-0.163709814644448 -0.0751974332559459 0.350609967638934 0.0145992940697508
-0.0693675901417693 -0.136582751960625 0.344491556515121 0.140713887740444
0.022654963849573 -0.156508404716571 0.243952176897493 0.302760800044732
0.135456785183105 -0.0177426556072281 0.0329992472378676 0.371908574257888
0.0841117568777593 0.156558850517443 -0.166596337118678 0.330455013623528
-0.0422481390315442 0.225269950655164 -0.305449595218033 0.37176906635128
-0.0405318285248247 0.403084841714124 0.0158946826602337 0.232006655063263
0.240319370497367 0.304699267927572 0.110302134352399 0.180371494554945
0.317719471304647 -0.0396143564448678 0.176610951604247 -0.00623406421960409
0.0719559377489669 -0.306944595693384 0.0114276541909566 -0.221315267828239
-0.135986317468596 -0.227529608243975 -0.212110761327539 -0.10199602963324
-0.219810853181771 -0.119016512458362 -0.144750073914847 0.0533150060086164
-0.262274209568193 0.0145969290266409 0.0143163067649008 0.0633134812490961
-0.250415446251472 0.068328409160592 0.132162001730363 0.00168222274419882
-0.253891931025251 0.0402725202667726 0.206218132144021 -0.0549806368876981
-0.224703394788765 -0.105377160118508 0.3044230416486 -0.00860902437895064
-0.105072177895998 -0.194649604580428 0.345612829946635 0.117142901110956
0.0287091449666052 -0.246408794840688 0.24747241803473 0.312533999920226
0.228676965599022 -0.0561699183638966 0.0166943232304625 0.357543931448877
0.176034724753138 0.243820591746375 -0.165392521813529 0.23785577390325
-0.0353730244059973 0.384623619437767 -0.237238168938082 0.266394308205716
-0.0678201347339816 0.442492476196331 0.0808774129671482 0.120147522388796
0.235270404787873 0.339821873062643 0.199194261299035 0.112189090808991
0.333415072706103 -0.015430469339647 0.223143675638811 -0.129206083449057
0.105148133169209 -0.309179024661959 -0.0400781602263673 -0.318351900220762
-0.118683917848076 -0.265304198356616 -0.287041978738996 -0.13796923865317
-0.234006301863333 -0.160492387285539 -0.230914505190713 0.0355898102014367
-0.298439801057745 -0.00218771327615524 -0.0861408164643488 0.0670529495196722
-0.281517857910413 0.0718438101057251 0.0264991456048495 0.0287776237779774
-0.285554293232417 0.0489584521918415 0.110799548432137 -0.0407179638860773
-0.264392430003283 -0.109686948370366 0.247496254856015 -0.01734133217959
-0.144936564787069 -0.223995891648694 0.323939768040196 0.111186464461328
0.0157926755299085 -0.32443642914684 0.204513230477012 0.319731118077907
0.308339954496851 -0.107720417064792 -0.0334012302126062 0.299511827795287
0.263786832740366 0.30062104585301 -0.156935898672058 0.104881533036887
-0.0151260450586148 0.492754405165789 -0.162555405209393 0.12306317898201
-0.0772591504314702 0.425488865022145 0.174000283039258 -0.0178827195158948
0.194324290869689 0.334394304144666 0.265678386147411 -0.0233022590136105
0.303528690802427 0.0196141024401808 0.197335006401775 -0.244795917784719
0.129359615261177 -0.264303823612364 -0.10184620030586 -0.361559720913158
-0.0782503491766703 -0.265798731283342 -0.330014307158745 -0.163582679223788
-0.211637225942039 -0.178652604222305 -0.300741425012381 0.00559679809911638
-0.287338212364303 -0.0191101217124385 -0.189480173688187 0.0632887323460655
-0.272057559850934 0.0650364189376538 -0.0822098227898056 0.0560664506843094
-0.281174015654941 0.0533848650810846 0.0171488852916519 -0.0195208806464698
-0.275036855957776 -0.100190391304161 0.178175593683186 -0.0109016820273972
-0.169985586315684 -0.234593768684323 0.263767867029265 0.118423518742315
0.0179443322817694 -0.375609519533993 0.113997457208332 0.292367014209311
0.368858543737853 -0.130293729146811 -0.0785408608588464 0.184552022813521
0.314054690873568 0.335811223405934 -0.11368740389161 -0.029613992518888
0.00251960741579455 0.526232027315861 -0.0942697742855945 -0.0299981047557954
-0.067135915307302 0.356303438971489 0.264786517315528 -0.167948647369909
0.142738112760384 0.284878752690384 0.278270313483903 -0.17620979367909
0.245108375451634 0.0425962001575761 0.135670149542199 -0.312444795601074
0.129183513258323 -0.197709559225352 -0.140846427218827 -0.360957921236398
-0.0356803575582531 -0.226608175338743 -0.339398021059175 -0.184316926605201
-0.159098515133789 -0.162978645423417 -0.352160393527831 -0.0294144541832896
-0.232446973408581 -0.0284617512822247 -0.281957470870089 0.0556281916754696
-0.220977119880272 0.0477277397877934 -0.177809414513793 0.0775820105899865
-0.237488761929224 0.0452981783979245 -0.0660271775354077 0.00339879579942311
-0.247215572756372 -0.0891750150621614 0.096214810326284 0.00297674904670482
-0.1546074650146 -0.228695442806526 0.169179596354935 0.112016148421068
0.051191564788153 -0.360407619400559 0.0243458019346797 0.212351528178775
0.375168594316289 -0.0931510130756274 -0.0703626434638442 0.0498480967932991
0.289128090029222 0.334100432887058 -0.0425572242012965 -0.110680023373267
0.00912811311367304 0.466658524838491 -0.0397191945946044 -0.166320428941542
-0.0364679105300529 0.240361386344888 0.330014610790712 -0.305584130932388
0.0905868260339222 0.195424283923552 0.248762893393476 -0.29563753041152
0.163796363613509 0.0415447916552215 0.0749696148017872 -0.341000136545119
0.0974600095596439 -0.115384446302494 -0.159106265899145 -0.344955072468852
-0.000313577757166181 -0.148177940364211 -0.336804927924753 -0.200195843129511
-0.0870758967989795 -0.115177489843617 -0.385526100447723 -0.0560832121828318
-0.145146393573827 -0.0293104062104466 -0.345804011172603 0.0488657408090961
-0.138581566065568 0.0242898871468387 -0.244752230451537 0.0873428205266772
-0.158419606141079 0.0264168491816549 -0.129320014181273 0.0200454986795717
-0.172049010820217 -0.0728113235099613 0.0172611051498216 0.00729459385218504
-0.0935868302331151 -0.181435086911679 0.0789454112741374 0.077822891243023
0.0829611892084328 -0.254302085890122 -0.0193558240041284 0.112439916232589
0.285709989585806 -0.0203306715728941 -0.0174246961580825 -0.0395724054870712
0.189001677175797 0.264234843293056 0.0133675052683856 -0.125258838083682
0.00582440701921227 0.309865294456152 -0.00375216048385228 -0.264626539783114
-0.00286817376469311 -0.0839565828958857 0.0356834758883495 0.329319319860297
-0.0724335991569819 -0.0792112060751484 0.0527701413767893 0.128015734730442
-0.100177701033631 -0.00614775362517364 0.00187877730421782 0.0586812949013458
-0.0540605715963801 0.0824235455162285 0.0223891677558165 -0.0345039023292737
0.0248875370291991 0.0735596700420693 -0.0585088383776369 -0.0318667705498846
0.0488815350327988 0.0259948257392494 0.0137923595586377 0.0445226924015495
0.0433091486076887 0.00288297377726709 0.158273004966557 0.0118354241264987
0.0251761312810534 0.00544074198750091 0.269275632078652 -0.0591646846023887
0.0169706515756673 0.0244896848650995 0.349735201798019 -0.0731761947392761
0.00425361970624952 0.0542676519161655 0.379393271405574 0.0266077612413799
-0.0204369264335004 0.062092451634057 0.327304920033107 0.163915796075142
-0.0692045695668261 0.0436376322024672 0.197709342039207 0.2917612295835
-0.0862863786750657 -0.0238571890419678 -0.00570893225862809 0.351503953204768
-0.0449734540966952 -0.099791968205816 -0.189523126810991 0.358237483582762
0.00820430250608153 -0.137635144575489 -0.35544816645427 0.403473778778718
0.00302397230098733 0.121422336895726 0.0144237925927251 0.351618593643054
0.0747691412774584 0.0760907028341262 0.0586873583582464 0.151470462258101
0.0758219226812352 -0.0320514692899731 0.0212171774957908 0.0705922047965833
-0.0219255721017495 -0.087876717307443 0.0166808024581433 -0.042668548357556
-0.0599840044949274 -0.0381666761888987 -0.0739114193743157 -0.0253304646694878
-0.0629306565101539 -0.0111238101001677 0.0055357742650119 0.0550015138133849
-0.0723076355609566 0.025263566300029 0.148179083338194 0.0250755595684121
-0.0799238764840128 0.0373333969847102 0.259990415279486 -0.0505041190463189
-0.0895342196406864 0.0320700265637238 0.333846727505601 -0.0744955145483039
-0.0852453669341657 -0.0124682435725171 0.373639348042135 0.0178754043793106
-0.0453168854334424 -0.0441861992719935 0.33509291364455 0.151077751320164
-0.0167415331957182 -0.056884047574901 0.223251528187916 0.285906308148578
0.0277227186671063 -0.0107869500788987 0.0259179548792373 0.356886752703727
0.0123512010684568 0.0350356391363065 -0.161410344033992 0.362552243428583
-0.0241395655323413 0.0416529733060723 -0.32916247240177 0.415353060732352
-0.00541221329765545 0.28876354357593 0.00593916464753192 0.309686867100751
0.188642240557204 0.207757838843752 0.0694999682017371 0.174092336357834
0.22378188027138 -0.0461955504540506 0.0933399763355181 0.0569192608071804
0.0218560590285325 -0.225141464334151 0.0228583360074382 -0.11147568783307
-0.119851516776628 -0.142613728732601 -0.12860518026096 -0.0511047496347731
-0.160370886379194 -0.0584028534258584 -0.0521854993881862 0.0611856531158588
-0.178530522320608 0.0333680167150525 0.0994258463476456 0.0431809775950486
-0.173176260782847 0.0632141903597667 0.211069246832095 -0.0314508463605312
-0.181472205290342 0.0416402901456114 0.279087050554932 -0.0714528796779973
-0.165371533865917 -0.0647076425486744 0.343331504815738 -0.0011094179028968
-0.0755336527306617 -0.132369320111921 0.341783362143423 0.124263409198278
0.0148557300101896 -0.154700481171063 0.249025583583148 0.284965271425925
0.134196274174505 -0.0224701136864251 0.0435798573452083 0.35786555286898
0.0900195286706434 0.149539564268916 -0.149490281496927 0.323036285808591
-0.0343926620145628 0.220416878125536 -0.281850508836446 0.366980121820499
-0.0268612834579048 0.392554978490042 0.0251633246415169 0.228574337612362
0.24389836539256 0.287421622507095 0.120904902374123 0.174177320111597
0.306900860033709 -0.0470102063387063 0.17931626134168 -0.013281922639633
0.0580773063889962 -0.299814430531516 0.00507261382659789 -0.216501999782005
-0.142603754875109 -0.216505983797772 -0.207692686726257 -0.0897762999682854
-0.221526280585028 -0.106342818203269 -0.135843682523687 0.0588234253605254
-0.256020423961094 0.0286437896368704 0.0200692089731308 0.0597187598435509
-0.239998257746846 0.0793581030704143 0.130196844835818 -0.00509067973680516
-0.245995178938661 0.0531545435710835 0.198218425732232 -0.0619451989227427
-0.22666889425731 -0.0923396146948102 0.296817319127403 -0.020871039633628
-0.112595080515008 -0.188755553463773 0.341568357048595 0.100309494449749
0.0168422062129323 -0.242544171947686 0.254111683615995 0.292571644231365
0.223658256174176 -0.0628251168316584 0.0270284056692663 0.344356581951967
0.181834177513685 0.23247217486699 -0.152570243480267 0.233126243803953
-0.0211087193439677 0.374078719667027 -0.220005007821075 0.263495086655804
-0.0518857861269376 0.43179973298647 0.0830506714229008 0.117455680832231
0.24071392520271 0.322662786022939 0.202843072849855 0.105508504581588
0.323784192408902 -0.0248534200238202 0.218527297562265 -0.134107551268129
0.0904869750641713 -0.304218851075697 -0.0491720132748388 -0.307476336789402
-0.127702835617806 -0.254962016036637 -0.280514932452355 -0.122068406456308
-0.238599063556177 -0.146357488311063 -0.220884273706571 0.045125301150232
-0.29187848422526 0.0138516985700026 -0.0794240572897873 0.0682109548375167
-0.271114744187398 0.0842742636899179 0.0290313697401351 0.0261510836913961
-0.277129311247671 0.0633531341761437 0.106005285891805 -0.0434939004162392
-0.2662313800478 -0.094705761831263 0.240289294969624 -0.0276457825991234
-0.152864731629085 -0.214928550088801 0.320517127945841 0.0947870787114402
0.00184668873016975 -0.31688218117621 0.213068908715032 0.300887906515841
0.297530367023862 -0.114224947200105 -0.0234755320355909 0.289491278977087
0.268568051134284 0.283807855412203 -0.150562393274745 0.104266055518374
0.00277971553165886 0.477556026658453 -0.152610472481049 0.122958766803487
-0.0633870005049716 0.414763972256378 0.16776608495647 -0.0199883696855617
0.202703633523228 0.319104336539902 0.261771363086246 -0.028950604259446
0.297308876026838 0.00962701347319135 0.189038696062966 -0.244653083876731
0.115070388845182 -0.263181311813646 -0.110399852686707 -0.347497710939755
-0.0896156333885123 -0.257761591176701 -0.32336634333822 -0.145417283943129
-0.217194617810982 -0.164220139937522 -0.291663490609329 0.0191143980914794
-0.282574083505121 -0.0029764836694934 -0.180561362034629 0.0696558904664731
-0.261448081005437 0.0760530446858323 -0.0758513891816333 0.0584716051929214
-0.271818126396971 0.0663348454933417 0.0153935832118417 -0.0182849698750476
-0.275599486736874 -0.0859407982437074 0.171993854387763 -0.0182987809503261
-0.176607697183945 -0.224801097486294 0.261484685712203 0.102711071941255
0.00168744356140119 -0.36497068116554 0.125413290073733 0.278258131507941
0.353147308260533 -0.139380554324645 -0.0716031731565439 0.179699287970355
0.318407830632477 0.313950079286148 -0.114870538944444 -0.0273953494892395
0.0223945848406673 0.508210187513529 -0.0923357993964507 -0.0276749700926889
-0.0548171016623035 0.346998679766116 0.250375503298289 -0.168897057358407
0.150967226039323 0.272892345411351 0.266820569865937 -0.176772858473027
0.241617918399655 0.0332961936815557 0.12557468362209 -0.30808551811518
0.117047218744483 -0.198747859636008 -0.14820640941445 -0.345348871509839
-0.0474496191637133 -0.221135216594241 -0.334284005545639 -0.166330925999823
-0.165304606503728 -0.150929136550325 -0.34364897630097 -0.0128097136789216
-0.229450944430925 -0.0151568332987228 -0.271382952418866 0.0682507813322999
-0.212949625391781 0.0571662922329241 -0.167780143935651 0.0833749647030787
-0.229318695066942 0.0564644508788725 -0.0647249488925698 0.00778421021619143
-0.246341113485538 -0.0759736972871148 0.0921524268175596 -0.00190245365109781
-0.160611677204363 -0.217489391974808 0.169497730592779 0.0996943656425003
0.0335948577838133 -0.350942384571602 0.0347162321941501 0.205505467482533
0.36044026176259 -0.10395541062863 -0.0698423274950037 0.0493455919748035
0.294199391448044 0.312916718629732 -0.051309777312592 -0.10877358382035
0.0246416437546474 0.450662132221946 -0.0455826208727517 -0.161263608090113
-0.0286367416886504 0.234043140836419 0.307055075889531 -0.304171754850645
0.0966575068288553 0.187606810562205 0.233223770688002 -0.291387803417261
0.162171500626889 0.0348892916300783 0.0636704005447939 -0.332922915474105
0.0900015628686815 -0.116582486586052 -0.166618353904753 -0.329096580481805
-0.00871455401975521 -0.145744120743946 -0.332502678809295 -0.181749509863816
-0.0916316065211254 -0.10746248982239 -0.377312802252918 -0.0363669063305523
-0.14400125486787 -0.0205177676599222 -0.335421465963705 0.0643653899060257
-0.133111784016997 0.0299458163098087 -0.233428584108921 0.0968932152455223
-0.152518412217452 0.0332203847431882 -0.126817131868335 0.0269534584104304
-0.171358897518295 -0.0633153428787098 0.0150930925230464 0.00578723224596032
-0.0999202329392662 -0.173199048966378 0.0808834992645627 0.0697659435589629
0.0678465213847749 -0.24977098646197 -0.0115105426850898 0.111727025935102
0.275755545760459 -0.0314965257940689 -0.0236277961661685 -0.0388519462672021
0.194225127222273 0.247229670516125 0.00135716474271501 -0.124915858626701
0.0170763928523685 0.298764932016566 -0.0148465763327778 -0.258829698518986
-0.0048486470099902 -0.079502337541705 0.0436455996396422 0.3232545317605
-0.0727377279530547 -0.0740784781981814 0.0609171369228279 0.126817779271393
-0.0967585049857669 -0.00278450000004068 0.0107992133095206 0.0550318288584346
-0.0493647555693085 0.0815289555214483 0.0216266292596338 -0.0388533358734616
0.0266488976226794 0.0708252711799398 -0.060044691180451 -0.0267886679102422
0.0488777060082377 0.0240899352886973 0.0178300925360475 0.0441882948303464
0.0440193649262072 0.00165231959448845 0.158596885097397 0.00455646654441721
0.0262754246426196 0.00439830072586805 0.262319545561078 -0.0688049171387628
0.0189321873725287 0.0242073851274684 0.340186573774047 -0.0852608942814678
0.00695169650576707 0.0540921903399373 0.373855436912123 0.0130119014664468
-0.0177764604218685 0.0611004938391656 0.327024845185074 0.151967782597722
-0.066077255296981 0.0450909826453879 0.20109339263001 0.279755242203345
-0.0847386376177083 -0.0204987902230782 0.00195595760831601 0.343540880033174
-0.0470053059425748 -0.0986230332423548 -0.17557624395123 0.349861296297953
0.0042751648775957 -0.134121709084647 -0.33351700047166 0.396651808495233
0.00570673593097737 0.119496834722754 0.024766645924478 0.345845643577462
0.0746642450487318 0.0723285364700946 0.0698621019517901 0.149154514610659
0.073027281097108 -0.0323110904762455 0.0321116829603772 0.0668475802897601
-0.0234729775751427 -0.0837717267865085 0.0167363742446606 -0.0446937650090119
-0.0596027794497068 -0.0355721042212133 -0.0736749070329266 -0.0204313596364293
-0.0623778811435667 -0.00934585528848003 0.009597433583037 0.0547712893995187
-0.0691060054476075 0.0279994710934445 0.149738231951106 0.0178229540446956
-0.0755556380766082 0.0400231300735724 0.25347092512431 -0.0596907303644319
-0.0859994323304643 0.03650526037205 0.32460010961366 -0.0845989812275869
-0.0848582297348385 -0.00818481392119748 0.368443634258975 0.00501117709272901
-0.0467856380169603 -0.0431184843036375 0.334130486779374 0.138955235367526
-0.0180595407512244 -0.0558723558383396 0.226874579331426 0.273235572141875
0.0292216139140348 -0.0116699939764399 0.0332211499366079 0.34768911440606
0.0139081014213334 0.0335388416924987 -0.14804659399096 0.354986250778141
-0.0230445087405031 0.0416160901365925 -0.309330817459702 0.408988501214726
0.000983678219684911 0.282157109480184 0.0151199246409165 0.305626065756543
0.189480139572028 0.197450967908249 0.0798201437883411 0.170253312854604
0.21642199541746 -0.0489450523836318 0.101375617787979 0.0515415990129589
0.0151379133815507 -0.21926792845182 0.0209892131683805 -0.112076489252605
-0.121145877785988 -0.136132402199591 -0.126001025758503 -0.0445740717349568
-0.159963100358507 -0.0527889665217661 -0.046949872000924 0.0623684919360019
-0.173478994113516 0.0402151014390361 0.102073581340702 0.0378549678075061
-0.166335341165168 0.0684869172420905 0.20726805219971 -0.0396130101738988
-0.175796092877709 0.049591523408912 0.270988740207529 -0.0794319122056974
-0.166598704166968 -0.0565861868059553 0.338022632159549 -0.012698953026275
-0.0805174811077663 -0.129156622720562 0.340270723286842 0.112792065157166
0.00962711648420618 -0.153322954258835 0.252271050231653 0.270932038755982
0.134225521961942 -0.0255188343357571 0.0490270780447807 0.347005051368044
0.0938219744852546 0.144936167845774 -0.137910246400263 0.314701445329275
-0.0291987289903266 0.216283928951583 -0.263902523227382 0.362269930805604
-0.0171777637127345 0.382239286841377 0.0312602435254917 0.225351853989248
0.246386465939118 0.274689058707618 0.129017170760723 0.168645204690744
0.297722853343533 -0.0524367195112715 0.182555607470105 -0.0190285220602613
0.0481185114447323 -0.293050869397179 0.00122115497764113 -0.213467941607485
-0.146471718303473 -0.209328911455041 -0.202900408043976 -0.0813630091821712
-0.222111984003783 -0.0974277469240414 -0.128845784059758 0.0627904580735553
-0.250752178858893 0.0385951776903821 0.0233696489214581 0.0561818248017628
-0.231933800193872 0.087755176044778 0.128743558669626 -0.0114824079964366
-0.238958097329721 0.0633287736761405 0.192232459095563 -0.0660826407122036
-0.229243983868039 -0.0815754856997837 0.291499512591303 -0.0302943318681946
-0.119007686242386 -0.18444904613306 0.337931270385745 0.0889588265276042
0.00956296775284287 -0.238938962692044 0.257850116633169 0.277931091291599
0.220662798915107 -0.0670686070456675 0.032937590418143 0.332706608956128
0.185961298404983 0.223332581485207 -0.144189555598651 0.228627270788858
-0.0123854200014132 0.365696011563558 -0.206674825933703 0.260323919237989
-0.0412447298001447 0.422656830002667 0.0847732571455884 0.116010315109008
0.243618657354048 0.308492686593412 0.206674132205668 0.0996690280115193
0.316281198670553 -0.0303524229725317 0.21686310898014 -0.137645683556534
0.0806345706883221 -0.299728701517542 -0.0543388242288404 -0.300030611976215
-0.134149979974385 -0.247236368063868 -0.274525292387643 -0.111394343655823
-0.240874010173594 -0.134861237606563 -0.213044243941341 0.0519553809947621
-0.286385283962053 0.026015120654007 -0.0736363729844589 0.0684148956266758
-0.261803305291651 0.0929659393620523 0.0303889780999022 0.0233782419267911
-0.269525467782382 0.0738656994486188 0.10214827422078 -0.0439131173194312
-0.266804509333255 -0.0834601512707671 0.234583749485281 -0.035008137052762
-0.158227417536086 -0.209416946045548 0.316525163292546 0.0835024551150693
-0.00769845626651876 -0.31062922079947 0.218953949222132 0.286019386471601
0.290952048715097 -0.119088726026613 -0.0178930083995897 0.280476793551271
0.271993980258596 0.271147838252278 -0.146823126260324 0.102677237193433
0.0140974169337556 0.46397688111673 -0.14446440138508 0.121024251264375
-0.0525167053888549 0.407233622195391 0.163580627365683 -0.0193225547899541
0.20773387351216 0.308129513803253 0.259894965620087 -0.0319631312125102
0.29229943979378 0.0038405787509611 0.184515566847006 -0.244004746765071
0.105191988948794 -0.26118367814027 -0.115319519311228 -0.336444472388162
-0.0985207156526404 -0.251175790682364 -0.316710280324256 -0.133431977541107
-0.221255267301409 -0.153448869569556 -0.283665952604566 0.0280128536811733
-0.278118193897771 0.00915580953721792 -0.174330681940112 0.0742327141470702
-0.253243428560532 0.0846857292768739 -0.0710547866237943 0.0585544661185813
-0.263767480276181 0.0760261248736345 0.0141343849363026 -0.016086483997915
-0.276043025322677 -0.075141363956829 0.167351907549726 -0.0242800686941801
-0.180857104310731 -0.21756880074443 0.259590911957208 0.0915671639663009
-0.00963420196354386 -0.356426824090388 0.133724875341366 0.267362598920166
0.342920405442257 -0.144420314679761 -0.0683601797660813 0.175493224087555
0.320442988584948 0.298654607783795 -0.117391866426856 -0.0262565208299999
0.033051374369211 0.494150678896572 -0.0901980980983772 -0.0263144896242852
-0.0474753895491068 0.339862817949138 0.239360147834398 -0.166780915570215
0.156934674731953 0.264571609299366 0.259603451472856 -0.175464625313857
0.238617757896139 0.0267626685481626 0.120254600556999 -0.304352409352298
0.108810052209388 -0.19845356779549 -0.152272643184353 -0.332856459468453
-0.0558141613904181 -0.217041494785101 -0.329061620692662 -0.15413244844394
-0.169483634796236 -0.141989031487605 -0.336966691576822 -0.00157003814831378
-0.226632941133801 -0.0042783560080259 -0.264041168886986 0.0766662075255242
-0.206844107044467 0.0632606910128626 -0.160696602761844 0.0870405971923948
-0.223061756835266 0.0639437226993108 -0.0636999475544811 0.0116551096490599
-0.246245145323124 -0.0668230858998115 0.0894892831922114 -0.00558876167311987
-0.164179035405403 -0.210242282236951 0.169469365924169 0.0909284282615107
0.0212265138619173 -0.342380840373208 0.0434678436353881 0.199847899549542
0.349148341707613 -0.110935545842835 -0.0709836755242789 0.0492198008272046
0.296954309230041 0.296246507972838 -0.0586473324265109 -0.106802036259045
0.0355615058008514 0.436584584912796 -0.0494879625465025 -0.157904216548581
-0.0241099263059401 0.229374850981336 0.289350198632339 -0.299271459502723
0.100637351882245 0.180764429124808 0.223253180773678 -0.287416386176345
0.160479959952413 0.0298095664236983 0.0596678293693323 -0.326712374828132
0.0840758873763652 -0.117312513738863 -0.170144396281825 -0.317594115583874
-0.0156313988674043 -0.144428544721282 -0.328812760123909 -0.169169212398819
-0.0946168682311404 -0.101759184989914 -0.372342492728188 -0.0235539918043081
-0.141714854591195 -0.0135823701593447 -0.32716222438995 0.0768549278850482
-0.129149214935373 0.0336652084925675 -0.224162348903727 0.102811086707684
-0.148395192720521 0.038294028821613 -0.124210354758381 0.0317905405065967
-0.171312133673279 -0.0569570519470951 0.0139394115017411 0.00408174686963445
-0.103047338835978 -0.16686333149397 0.0820130014701543 0.06346025660009
0.0575878835934839 -0.245250483299797 -0.00466376295240062 0.109880957258456
0.267300614484647 -0.0387065115774962 -0.0295916743627762 -0.0369240799271889
0.196817246131483 0.23344455841454 -0.00890752341075964 -0.124297031415771
0.0231809216855527 0.289303221055679 -0.0229345479007502 -0.253590867629239
-0.00642823817883802 -0.0763952591416824 0.051947807388756 0.319305394426156
-0.0742889197169078 -0.0705140520242627 0.0708659365339986 0.126267883722989
-0.0940955659416887 0.00113171766235678 0.0187262010084214 0.0513194688971419
-0.045547682558293 0.0812834351302227 0.0197987143929938 -0.0431676524013071
0.0290338333911266 0.0689190758007333 -0.0612310204792376 -0.0216578191624937
0.0495688601115783 0.0226477883446355 0.0208065722039273 0.0439437202036756
0.044221027130223 -0.000499307298756743 0.159521721393484 -0.00252612813088502
0.0271973485463322 0.00358410828175505 0.257286286202447 -0.0778527574099557
0.0206035271118728 0.0240613766899578 0.333091711234463 -0.095731024603136
0.0103835394014998 0.0541974816450784 0.370336482694523 0.000855708531243147
-0.0149393068026147 0.0608700814385352 0.327416492965325 0.14007234259651
-0.0636181120702825 0.0465924421766548 0.205518572107204 0.26870790705175
-0.0832223419845545 -0.0178885760173712 0.00867570955644763 0.337574329014622
-0.0493808101284967 -0.0980372479716511 -0.166618527258836 0.34519543947249
-0.00022512425461833 -0.131508686421336 -0.316728785382307 0.394944263361391
0.0086836707023738 0.117887498224617 0.0351454116196872 0.342282961191783
0.0747513600265796 0.068617471185486 0.0807640179720506 0.146811143969143
0.0704450895778886 -0.0324729466081187 0.041793574434439 0.0620671989180358
-0.0243887831714407 -0.0808392539428036 0.0167449075750267 -0.0482700223147047
-0.0591738674260836 -0.0334339243242944 -0.0737224111257495 -0.0165002846901227
-0.0620686004685667 -0.00771698312483303 0.0130326590865263 0.0552568601423147
-0.0664279453771514 0.0297694253225901 0.151113153158502 0.0109994081804603
-0.0721860279751914 0.041850297011729 0.249278862123597 -0.0687980857908815
-0.082145089945995 0.0406933121915524 0.317575252510486 -0.0945920390510279
-0.0848026997144775 -0.00360619543133389 0.365716164118761 -0.00741857539573351
-0.0487483511033912 -0.0421248954825144 0.335528233094472 0.128398217174506
-0.0201213891932697 -0.05572655157371 0.231691914129423 0.263253278864352
0.0307288219345329 -0.0126331557325348 0.0397730221940708 0.340613615474193
0.0156425347424598 0.0316567474123092 -0.138095035627361 0.348561332218761
-0.0232164819506602 0.0424830820344048 -0.292835847108494 0.406006951036174
0.00797973741520076 0.277007923670935 0.023754703722391 0.302557691223116
0.190777742501039 0.188729094086038 0.0905462062992569 0.166631719195297
0.210823818507875 -0.0522695677655324 0.108590596332641 0.0458263660957288
0.00926753559584116 -0.214383657790136 0.0190955862125197 -0.112962347807903
-0.123566155487069 -0.131483371563599 -0.124415275267957 -0.039413687076126
-0.160720264467668 -0.0470055016752244 -0.0424863001237751 0.0635434638919983
-0.169791788998232 0.0470240510216408 0.104552143883917 0.0323512142165898
-0.160659756864121 0.0739249178292622 0.203895807788024 -0.0477785834153998
-0.171525340814582 0.0569220236907849 0.265487839096269 -0.0862080746640138
-0.168218412854258 -0.0487182401609305 0.334995865860456 -0.0244018211297088
-0.0862309647626821 -0.126817665693801 0.340643810586796 0.102208454491682
0.00402844862602815 -0.15349258301034 0.25750680302071 0.259289811031193
0.134366769025814 -0.0302601805068882 0.0547525577423216 0.340380349439058
0.097860694317224 0.141144374444834 -0.129494592194161 0.309872765713058
-0.024456629958084 0.214025079017511 -0.247898718287944 0.358105866304351
-0.00913520617070611 0.376777722881466 0.0374646718564298 0.223826581992144
0.248613730091019 0.263580572572166 0.137559710481238 0.163667832506135
0.291364182008713 -0.0566008610336781 0.18665158503135 -0.0257065511092301
0.0401895779118463 -0.288396454449659 -0.00381644302708766 -0.211704568608291
-0.151402644023551 -0.202633504733976 -0.19968183312552 -0.0734569983775527
-0.223965745489395 -0.0894300490199136 -0.123285397951574 0.0664984869918915
-0.24576369235319 0.0483213995531302 0.0272009730209214 0.0536371500248737
-0.225124881112192 0.0946594347807472 0.127823883439294 -0.0168217773262875
-0.233530990705573 0.0729607060261572 0.187283586895543 -0.0698186207545776
-0.231437554729204 -0.0720066848006568 0.287995595462671 -0.0393406932241781
-0.126568526923358 -0.180133980200283 0.337653446041658 0.0794773714882185
0.00156727974446936 -0.238165566105632 0.262532345568031 0.265357771819992
0.218853370063156 -0.0717989832041563 0.0383018168738223 0.32531015950858
0.190922566016451 0.216988977974227 -0.138778282797353 0.224861673674404
-0.00404561088405291 0.359306211812953 -0.194246880737228 0.257006134707457
-0.0316971399726588 0.4155528458713 0.087409229997768 0.11495225579177
0.249178100521914 0.298508864264515 0.211980275979397 0.0944907483323113
0.312017169279819 -0.034955118727008 0.216321838849361 -0.142255118442781
0.0706213241529481 -0.297463590337679 -0.0595262008899065 -0.294440178671858
-0.141803063013747 -0.241649369327976 -0.270188054497336 -0.101912647024634
-0.245382235306639 -0.125789161300433 -0.20738252507522 0.0576058565768939
-0.282556247964831 0.036993839102067 -0.0686758318905994 0.0689677364509258
-0.254572105579806 0.100873641071178 0.0319215219128008 0.0215009389907121
-0.263113298454367 0.0842760560006717 0.100039951717707 -0.0452262405836468
-0.269804093182441 -0.0734316623167315 0.231381138807205 -0.0418367608819983
-0.165024323149157 -0.20465505859304 0.315849634193756 0.0725487490282794
-0.0175350706200519 -0.307549482934781 0.225098355039831 0.274805568150267
0.2857547709573 -0.12401718989146 -0.0134509291626398 0.274242505366614
0.276573849017549 0.259677208456363 -0.144721259611841 0.102200278974951
0.0229798086058585 0.455752866642881 -0.13902558130134 0.120518355928705
-0.0449828769405749 0.401225917674047 0.161174625172813 -0.0202694706722119
0.213511862731752 0.298178408387823 0.260281992083898 -0.0358830244209547
0.290354346206986 -0.00235902003228784 0.181087522123747 -0.245687522575668
0.0973800766343408 -0.262105323391476 -0.12023837764304 -0.32874215530291
-0.107330461270442 -0.246818040810976 -0.312589101064823 -0.124230934572065
-0.226724167680007 -0.144009063941122 -0.2791145296374 0.0363054557530215
-0.275099643287544 0.0209170822854864 -0.169641173674906 0.0791379358342166
-0.246691340858374 0.091591027038031 -0.0668096490028072 0.0593730013978868
-0.25746581231241 0.0854601502801155 0.0134220222517174 -0.0145930287280244
-0.277808742721066 -0.0647225407887519 0.164580398280687 -0.0292228759997403
-0.186604029565051 -0.212354626528689 0.25870737677364 0.0817287633464372
-0.0208452614567924 -0.350335952336946 0.142064959596676 0.257913286974596
0.334047351765624 -0.150854731933471 -0.0657151017250518 0.172530308794582
0.323082332957428 0.28403206918481 -0.119408582482937 -0.02410408652863
0.0442332440198806 0.482255338580233 -0.089354790026803 -0.0257100453803978
-0.0398560526622051 0.334591431235736 0.231516183432079 -0.16607016459593
0.163509073328815 0.256054051941195 0.255336582379043 -0.177114432065898
0.23785676939583 0.0211817521511552 0.115687999383108 -0.303020081652085
0.101569733690411 -0.199484649525483 -0.156611655036309 -0.324695246743911
-0.0655375748054438 -0.214553203981913 -0.325802555580541 -0.144872418389462
-0.17450946207183 -0.135037331220456 -0.333384222592827 0.00900391708407558
-0.224733642431088 0.00523910638097057 -0.258508838425342 0.0858687080443525
-0.202460702016661 0.0693103650675317 -0.155342310566682 0.0901691900253261
-0.217462516881691 0.0716881848598663 -0.0628825764826592 0.014985258968096
-0.246920476659544 -0.058427879020872 0.0874348154953299 -0.00892635325000172
-0.169386394224713 -0.203056088420217 0.170456244957702 0.0819993450204342
0.00951687925201928 -0.337057483508573 0.0522631094416807 0.19416666413355
0.338587378206707 -0.117412123501526 -0.0726100902359545 0.0497407292592135
0.298936331267021 0.283201424066289 -0.0651088721692641 -0.104686929896218
0.0445200021720845 0.42634343689566 -0.0529013652789186 -0.155782773640601
-0.0194125499258462 0.22625653524051 0.277465754879221 -0.297216848036019
0.105805708061327 0.17521110444981 0.215836451463213 -0.284526848180065
0.160483815024064 0.0247447020862667 0.0542999478860123 -0.323844726814055
0.0797867372686425 -0.118894322749305 -0.174669267801373 -0.308532667510376
-0.0217968346810407 -0.143521482262604 -0.327365583825482 -0.158361074521313
-0.0983714449592216 -0.0976227064008853 -0.369249826576186 -0.0113668615921789
-0.140607163338951 -0.00666579059705681 -0.320646116076489 0.0884061765349852
-0.126639906741165 0.0368850048987898 -0.21754009993492 0.109344101128244
-0.144808824420132 0.042654281039295 -0.122003392633375 0.0376766441813269
-0.172024933804248 -0.0507747495876711 0.013144395173246 0.00297345273802052
-0.107353338847853 -0.16163010996724 0.083048359285525 0.0576171739979467
0.0467479543700003 -0.241996772165984 0.00129421498676321 0.108329818156994
0.260939740088596 -0.0470068216091047 -0.0352719899407391 -0.0353851420428316
0.200917869146375 0.22210401987002 -0.0185502100535602 -0.123147556436313
0.0314021603773636 0.283087324265308 -0.0304164941594077 -0.25098998736143
0.00504860816220626 -0.0751614381058017 -0.00464226404470127 0.321828879956401
-0.0607568891422754 -0.0782621888939314 0.0560121172852553 0.135382281586859
-0.0901150621178644 -0.0148117724036524 0.0145993196198384 0.0486522437774604
-0.0555783452979124 0.0684643889379077 0.0251713385587158 -0.0432584746237917
0.0162022676900319 0.0706899467586355 -0.0582650058654473 -0.0304155438714096
0.0439035676577529 0.0301606058078946 0.0120555960072116 0.049329613490338
0.0434173220242807 0.00586201077170921 0.160141662498641 0.0257550306632114
0.0263832270671543 0.00742552947748129 0.264210088495989 -0.0301192447505829
0.0158349826949645 0.0284039860509501 0.340334857006392 -0.0329772188360405
0.00026624144747012 0.0540577735157442 0.357463097843834 0.0704219491426403
-0.0263384123505682 0.0553492853808747 0.290610724936231 0.198696125802141
-0.0674743701163584 0.0309703364063974 0.145384810920177 0.302528403013566
-0.0750953716217372 -0.033243826411534 -0.0587681380328468 0.332163500025327
-0.0268656068507968 -0.103920670331407 -0.228732109901897 0.305058740582351
0.0257052354947933 -0.126984485348377 -0.394007357599498 0.323065080592441
-0.0175649185306696 0.110571934611546 -0.0252184463111225 0.3438849436529
0.0552563897753545 0.0770732489063276 0.0577657631857958 0.159982046791585
0.0712084904049826 -0.0173488079697502 0.0369967949971672 0.0681535432655857
-0.00853117933257286 -0.078042286912413 0.0273219730715379 -0.0466927701664663
-0.0494244257214164 -0.042763543560501 -0.0687840314990823 -0.0257674531773085
-0.0591796942184591 -0.0193662344511082 0.00529200063934037 0.0562964617864399
-0.0680909398853351 0.0164985532129896 0.148820655569409 0.0367130068625104
-0.0784780479002488 0.0285177263545349 0.25433206154776 -0.0230316150905921
-0.0870733843238468 0.0250227412028818 0.324511584685808 -0.0345521419286349
-0.0817975152973038 -0.0191602624227803 0.352303783176215 0.0603746119867451
-0.0403275157034034 -0.051664513342223 0.300998348132962 0.184540119840824
-0.00616460847446155 -0.0591446603332638 0.173589105778075 0.297064388759817
0.0363199116550848 -0.00475107397967987 -0.0259967266910305 0.339791197099448
0.0109576228558573 0.0359183902413341 -0.204915854236786 0.316212616974657
-0.0320300882521319 0.0368405761889572 -0.37206409485976 0.340117342908718
-0.0476025289790108 0.261243658300548 -0.029942217680836 0.304721659838647
0.146005391522272 0.209168816775674 0.0573532513656445 0.183550806437247
0.207604963514047 -0.0106039967031764 0.103947729508296 0.0688529323208204
0.0466276283618809 -0.197087201407346 0.0434861355414538 -0.108415605590407
-0.0924466893312547 -0.148116009466623 -0.110805419144289 -0.0559012280106331
-0.146123880675279 -0.0747540483021102 -0.0479740242340824 0.0536160684309867
-0.170805590371068 0.0162412415967992 0.0978588679813653 0.0480508269544963
-0.171553229603088 0.0442142383549837 0.207017517115799 -0.0101596522518368
-0.176690583305196 0.0256702604878112 0.272472572797669 -0.0361761065360203
-0.156257729139682 -0.0780349656546144 0.326299323159932 0.0377684373118227
-0.0611124532620227 -0.141707328458638 0.309214403530242 0.157594210150122
0.0362451099902265 -0.148351976773414 0.200864059463345 0.295991446732613
0.142215997870226 0.000397551866699037 -0.00792757728634915 0.340500000827338
0.069766529664247 0.158743850662501 -0.188082385024937 0.281138935283095
-0.0682640384549177 0.202869169967567 -0.318796150444525 0.304177377684287
-0.0817901135659211 0.352958338669617 -0.00352823914877333 0.231522382692677
0.188367012006145 0.291605411210396 0.0997442607474125 0.190058388130907
0.285616101701983 0.00173134861202629 0.190808493602373 0.0164943663218178
0.0897062427390921 -0.260321699276264 0.0412481575573656 -0.206030369000863
-0.105806656140942 -0.22188909267503 -0.176092214963149 -0.101159577703538
-0.200216063372122 -0.126653440389009 -0.126538502914922 0.0417287355802459
-0.245130865801121 0.00537779051626729 0.016816730023858 0.0544804827364252
-0.237936480448788 0.0527823094516905 0.127616080370326 0.00581374801224713
-0.240307122838798 0.0286492102549879 0.194209055596075 -0.0339214053092335
-0.213827213339682 -0.111842990558095 0.282936315690851 0.0132766640951843
-0.0906836680077385 -0.202241877944747 0.308857680675135 0.133118755470824
0.0510118577060693 -0.22993070331783 0.204814826386298 0.299405999486939
0.232692033479414 -0.0217551948801224 -0.0194892859764587 0.320855223984035
0.144270261531531 0.250708981720163 -0.181325371185934 0.19733831201415
-0.0779304048411931 0.34706517457874 -0.243483220131505 0.214386614772055
-0.111372927316552 0.387625583893552 0.0629940490584926 0.134360678196447
0.182232923873077 0.326750993808111 0.180826904759227 0.136176815600787
0.303582629000714 0.0266902973145056 0.239124403340465 -0.0894138941895692
0.122298981191221 -0.264476403623341 0.00139695895922955 -0.294166628685798
-0.0901113552344003 -0.257908004702899 -0.239376165212368 -0.14142793121494
-0.214884449889298 -0.16588502229647 -0.206339350634772 0.0171836411324591
-0.279229709835125 -0.0104969910065281 -0.0816753880012769 0.0522174734741011
-0.26839993602776 0.0539781053735948 0.028370853618209 0.0249693548451071
-0.270519627467211 0.033777038159345 0.103991672772384 -0.0252862235113443
-0.250608670800408 -0.120296896952752 0.227846944986104 -0.000544910600740219
-0.122933657290354 -0.233175018715969 0.287074868753255 0.121155965974163
0.0471575536991265 -0.298481448140322 0.166747922589354 0.299226960018884
0.307475057857887 -0.0579840232587355 -0.0590038756009274 0.259018788996897
0.216548468635537 0.310192970031794 -0.165174591136573 0.0771282626051667
-0.0698600025063183 0.44517780235255 -0.159821310221428 0.0898212782481396
-0.119094968868755 0.373590701820338 0.157589158274319 0.0167038150600183
0.151488873270796 0.323869432507432 0.249944920821297 0.0171487383284035
0.280056638110811 0.0540479886835639 0.222553933860096 -0.195968652976359
0.141383635709041 -0.227352584952246 -0.0506731716639957 -0.336627621878429
-0.057175586141548 -0.257060568876364 -0.276306291037398 -0.170433736922029
-0.193746589484067 -0.179663842116706 -0.272342180700144 -0.0161378540943407
-0.269722923414208 -0.0237258090597535 -0.182412140272764 0.0439334228102275
-0.258778604038633 0.0462135882356185 -0.0747795265441814 0.0451725111269487
-0.265226840018957 0.0355774788223875 0.0142005959284275 -0.0111061942457958
-0.258709985024408 -0.114617475833895 0.160549943063965 -0.00112608359804003
-0.141613409372197 -0.244040402373345 0.230112672860329 0.11879438310841
0.0524274531148453 -0.338883472684843 0.0888406599024168 0.266360028224454
0.357803313597989 -0.0731493874623491 -0.0893746294784786 0.149099770842451
0.254865924146479 0.339573870666482 -0.117131895672716 -0.0414860094218232
-0.0548931756975548 0.475831163159808 -0.0809422336001871 -0.0450320479528573
-0.102378315639632 0.314936676481156 0.251660266827492 -0.113829654375155
0.112820631637757 0.275870656671342 0.271422494152473 -0.121542374783008
0.22719232926952 0.0654025903205808 0.169419116787608 -0.263334128239483
0.134413093847156 -0.168797790771463 -0.0883222541024678 -0.34022520904594
-0.0226110856170225 -0.218528184568606 -0.286853899311775 -0.193897416066009
-0.144455216310673 -0.160530919334565 -0.322197219544672 -0.051772582335481
-0.217880326764547 -0.0304324851221533 -0.270436438148852 0.0350810819005007
-0.210554220396912 0.0315426388225011 -0.164644240934696 0.0597396954865316
-0.223905731474322 0.0281602103085425 -0.0652119847908784 0.00421678445975181
-0.229429609095344 -0.102550141467733 0.0826787353767936 0.00382869777778056
-0.124455874979354 -0.231486973065268 0.144792001711889 0.102200997038837
0.0768758066700009 -0.318385699695828 0.015068893283629 0.187639971510351
0.352848397447665 -0.0412369177265426 -0.0745521964429218 0.029238227786009
0.231928870178409 0.331007952276817 -0.0502476630312574 -0.11083415622662
-0.0407966021889333 0.420342702047418 -0.0191615573541885 -0.166913308144942
-0.0615828352091731 0.216302819828384 0.318945142469001 -0.235689477916784
0.0732440254249937 0.189300560784874 0.254093961244937 -0.233874192572749
0.152481426547089 0.0549347800547488 0.114726712075457 -0.295877994429199
0.0994288822715773 -0.0971148575874232 -0.110352726812079 -0.327066352091129
0.00671210636635553 -0.142801227137958 -0.288398477980998 -0.208154684193053
-0.076415939616384 -0.111634167843741 -0.355496636812208 -0.0763187514097728
-0.134228515724456 -0.0280905325628558 -0.331780193707655 0.0272807513086789
-0.130693387864902 0.0130260905132882 -0.229604438433646 0.0669560649621059
-0.146761212429915 0.0144335980857042 -0.12601278022807 0.0146787631042053
-0.15747214368122 -0.0813980725120099 0.00899729169260043 0.00228850758361355
-0.0726474032006407 -0.177406980562882 0.0679806871968908 0.0633492543771856
0.0916899350876902 -0.219858408014368 -0.0161863660355823 0.0983510310033231
0.262591287020212 0.00882902417296772 -0.0254062629933959 -0.0444214880871886
0.149912736777629 0.251631600414597 -0.00244783152694614 -0.121289976294819
-0.0266693596577905 0.278791625862574 0.0205122546375887 -0.257611038148747
0.0031073315410674 -0.0727053151195466 0.00332938806752356 0.31718170058067
-0.062612189161371 -0.0739076289750452 0.0643092954552738 0.132678482639232
-0.0873229707955372 -0.0117587000116955 0.0209726075876635 0.0454280341919999
-0.0512862212453644 0.06837138082836 0.0228595377883236 -0.0457979075465452
0.0182998163507983 0.0684127625672909 -0.0596335607511884 -0.0247872171422173
0.0440397263740943 0.0285610834374474 0.0147744305673337 0.0495134307858594
0.043354167967612 0.0032825306772424 0.158979931101203 0.0166740908074246
0.0270138087889193 0.00601501665389276 0.258135597967424 -0.0405633711393394
0.0175908666222476 0.0276623819771212 0.331874684344845 -0.044914703434752
0.00308460093436314 0.0545813378939245 0.35218278225838 0.0545014818233753
-0.0234901153595497 0.0552146699832651 0.291586094830387 0.18515299707024
-0.0650366634349262 0.0322681979817081 0.151054633699577 0.289869644851472
-0.0735506245924021 -0.0302430449006545 -0.0500885302937049 0.325114593466073
-0.0299670505252733 -0.102420284632022 -0.215427760261224 0.300483352370023
0.0204147734917017 -0.123262210184087 -0.374406378694147 0.320658130713735
-0.0146742475680717 0.108083645419217 -0.0135597857339131 0.338453130838627
0.0552574631373653 0.0739547986841 0.0673735901695826 0.154848114246613
0.0683372218531537 -0.0174776768776134 0.0447589342496884 0.0635835247164845
-0.00995379450342208 -0.074467902574523 0.0258796269014991 -0.0491769917072393
-0.0488557941379929 -0.0405811467016933 -0.06888555196158 -0.0213029802015534
-0.0590139629348179 -0.0174047545401347 0.00813570298833787 0.0562499567049599
-0.0658733526544638 0.0178676069914029 0.14839250761473 0.0288165075275758
-0.0754232114519518 0.0308010526306806 0.249686778061157 -0.0321147861196907
-0.0836782013906429 0.0293500131749444 0.317476191226052 -0.0452378064860029
-0.081511045693822 -0.0142496860724706 0.348562045765851 0.0454207066075334
-0.0425901813696765 -0.0505180947773886 0.301404329493724 0.17223547027484
-0.00890822786860555 -0.058555970730521 0.178167329899296 0.284433584691624
0.0370328221375841 -0.00579253016235141 -0.0176045400958551 0.331374481181122
0.0124589920506301 0.0338828656120687 -0.190269001135019 0.309836692849321
-0.0321028713747765 0.0377369757231201 -0.352449512748823 0.337917032519674
-0.0404532516059366 0.255643677566388 -0.019345658185232 0.299327053791239
0.146154897837305 0.200025810177083 0.0667574531647796 0.177483790851259
0.20141890037395 -0.0137960919390992 0.109916947435122 0.0631072832641026
0.0399677339907368 -0.192334196034319 0.0402663513143005 -0.108997788008681
-0.0944308661772988 -0.142197205993868 -0.109980416611399 -0.0499536765242983
-0.147406426636033 -0.0689249074979809 -0.0439971283903066 0.0561381193620575
-0.166855471164171 0.0218647028510405 0.0991180313404751 0.0427222131879951
-0.165568738197691 0.0494884310312715 0.203416029193215 -0.0184557999842391
-0.171046454491814 0.0326345938489932 0.266453096751213 -0.0449412311201685
-0.157237497879061 -0.0692048791266902 0.321781774514634 0.0243061090074196
-0.0672902120551753 -0.138523573839514 0.308844816996105 0.146358725438736
0.0292150779356346 -0.148103820802564 0.205617373625462 0.281114581514236
0.141380872353665 -0.00456485347913215 -0.00141646144496238 0.331682298546975
0.0737922249749916 0.153356011638971 -0.176993681897943 0.276000553615194
-0.0636439587181486 0.199988758277215 -0.300269674137702 0.300484962854678
-0.0718170621499007 0.344896896557655 0.00356929873425326 0.226708933181906
0.191483926347233 0.278291499880272 0.107191391418818 0.182737422896637
0.278072000954431 -0.00432426256400061 0.192786069491609 0.0100657813541649
0.0802411527499888 -0.256438243371517 0.0351692256685202 -0.203253610826934
-0.11139579573737 -0.214383943771661 -0.173608193007831 -0.0933170197192588
-0.202568113360483 -0.117994869951809 -0.121459135901996 0.0466132420623031
-0.240303482347711 0.0148937335103053 0.0196746443080263 0.0520904444320936
-0.231018091424206 0.0607010743073124 0.125907291291296 0.000635157169118796
-0.233797085796428 0.0381409793053031 0.190071577472181 -0.0385374779610846
-0.217039196746888 -0.100891159645025 0.278231372574963 0.00269137732215891
-0.0978384655147821 -0.197608005601966 0.307699996722728 0.120913523774813
0.0411233029019978 -0.228294972299969 0.210473543207506 0.284438380462549
0.229881107962112 -0.0287644347808818 -0.0129164663556038 0.312260696983447
0.148610221160166 0.241562451001354 -0.17254092635993 0.194717434381939
-0.0690288590351995 0.339969852957202 -0.22925760375148 0.211809424183094
-0.0997274364555487 0.380683605785964 0.0653228254504996 0.131597394424478
0.187256216753077 0.314089812126103 0.183890184174711 0.128093461853717
0.298095579129627 0.0200181526519402 0.236597950913174 -0.093844600644175
0.11196493538891 -0.261876344166646 -0.00539163766682259 -0.288057926537358
-0.0982397820963348 -0.250660889601703 -0.235560894141561 -0.131115495086644
-0.218927786716434 -0.155506410667377 -0.200677334306499 0.0247558058074632
-0.27410007597998 0.000786839944306337 -0.0767236216634413 0.0543019170397539
-0.260801368382523 0.06222308545774 0.0290060435720089 0.0232205873857712
-0.263322212639474 0.0440849319183926 0.101792766404738 -0.0262819549263174
-0.251975664364826 -0.108729174788514 0.223432856264669 -0.00966889245838276
-0.130233294500109 -0.226935563094613 0.285271323748081 0.108642019007937
0.0359940065275579 -0.293958510700945 0.172556581148053 0.284452967546724
0.300153389747254 -0.0645741508346576 -0.0521302044745636 0.252410128445437
0.220480732356797 0.296419716096409 -0.160100674719548 0.0773248751995264
-0.0578580442146691 0.434105640733426 -0.151632691967964 0.0888548038657986
-0.109444219885991 0.367350247868166 0.154308970464311 0.0142212163322146
0.157141233115659 0.312194998153914 0.247935278302082 0.0106377622502768
0.276172669722003 0.0468116117138811 0.21727247346242 -0.19734253236292
0.131025044574281 -0.227249337675039 -0.0574675466401353 -0.327343923666601
-0.0671469635786287 -0.25100653343919 -0.272904467207065 -0.159717163262821
-0.198255631148619 -0.169144037513003 -0.267356935132413 -0.00595472810463188
-0.265462445585277 -0.0126144983035583 -0.176257308023611 0.0507860124058974
-0.252477358366334 0.0535092280741645 -0.0717673091958809 0.0463165429167872
-0.257816178710503 0.0449248117761553 0.0142050915929608 -0.00982043996085439
-0.259564814403988 -0.102195326843413 0.156769636893365 -0.00769928069263612
-0.147177087441027 -0.236730682656863 0.228952495765743 0.107262883725185
0.0395914838816665 -0.331812592453299 0.097440762732215 0.254937633496983
0.34795252315966 -0.0804240993520414 -0.0873322734852836 0.145868526642345
0.257079982202496 0.323449009203032 -0.117757895977459 -0.0390727069935295
-0.0416941048845086 0.461517028280198 -0.0794250156606366 -0.0431686277907948
-0.0942037014319424 0.309268285887527 0.242738300643524 -0.11393505052694
0.119417600997801 0.26602894219266 0.264527467604216 -0.124169759298783
0.225729731552379 0.0578904905378234 0.162507801100379 -0.261660963096001
0.12599626944393 -0.17118895224475 -0.0942602189129636 -0.328559515158784
-0.0322608224843482 -0.214501910203041 -0.284352684464257 -0.18111988704484
-0.149918960820508 -0.152724064452079 -0.318181074535964 -0.0396151751896891
-0.215019009556374 -0.0206082193928172 -0.263939721147213 0.0460301835976805
-0.205773401413435 0.0374939087639567 -0.160065376415523 0.0640510589244308
-0.217171731093054 0.0360104114077298 -0.0636773734510541 0.00772537642846282
-0.229783563318102 -0.0923191262202007 0.0804229562909563 -0.000324093119380646
-0.130386087576612 -0.223791163674778 0.145772975296981 0.093079742917113
0.0635174601222546 -0.312068542139658 0.02396503232687 0.181269746677134
0.342232691208253 -0.0501757372674723 -0.0750620375576617 0.0297872658078668
0.236163536697039 0.313782885303487 -0.05678376933598 -0.107778553212439
-0.0302251042157371 0.407963022263468 -0.0244549476948952 -0.163501409487237
-0.0559036571640389 0.213023172136187 0.305524602342103 -0.234246726403505
0.0772035584052382 0.181777494875104 0.244018356981026 -0.231117314678918
0.151399336918611 0.0486026798251854 0.107047548536896 -0.292541098996372
0.0946582588391151 -0.0987897968813217 -0.115292043454304 -0.31636823520093
-0.000968672320400667 -0.141002019865838 -0.286330166079226 -0.195438672326809
-0.080515446750091 -0.107680261191055 -0.351424328517965 -0.0634170299836957
-0.132114237368309 -0.0225919007360189 -0.324062475784721 0.0409898293065535
-0.1279577399262 0.0169510584587235 -0.221852812765605 0.0736503423278853
-0.142598209904074 0.0188208057659052 -0.123137981579736 0.0196513501098116
-0.158204941993965 -0.0739557118492591 0.00888087848912518 7.60464302238344E-05
-0.0773084799387816 -0.171570872291107 0.068796609836039 0.0580442001654066
0.0803533727847027 -0.216566199097083 -0.00961197534436218 0.0962672365150192
0.254670717327687 0.000646636718509637 -0.031442977141431 -0.0428638976399789
0.153260937634066 0.238821816242968 -0.0119970095730163 -0.120237576746061
-0.0179006472943828 0.270952718310341 0.0117551106212703 -0.253051716845327
0.00197364460444719 -0.070617177858323 0.00906669658224578 0.310592795723619
-0.0628386677199432 -0.069909908968712 0.0706759848565182 0.130211659206394
-0.0839784692823571 -0.00944280881661724 0.026335791919809 0.042729858377253
-0.0482445030581544 0.0665308754788431 0.0205700271633415 -0.0471743562904429
0.0191226073793279 0.0662062156353849 -0.060083767893481 -0.0192076080134054
0.0437149098963035 0.0276473527336463 0.0165738057320844 0.0505694045587535
0.0427356731323777 0.00191182280481317 0.156903480669847 0.0105569205830171
0.026336736052124 0.00536480122577968 0.25186041797717 -0.0473221420727137
0.0190048758014967 0.0267403421586021 0.323224779119671 -0.0528305152673553
0.00584992975927991 0.0541893073441956 0.345750896781101 0.0454915409861513
-0.0215956556006666 0.0542069723069179 0.289462966058035 0.174715738240704
-0.0632394953479753 0.0332727403941044 0.152032411247067 0.278147666362416
-0.0711513079126491 -0.0284106690614645 -0.0445293807242841 0.317425612846971
-0.0318871378229025 -0.100918516517703 -0.205703086404149 0.292863638266943
0.0172215545913007 -0.118091669734575 -0.35829325002218 0.31171791445665
-0.0127231375620236 0.105156818768611 -0.00680170588749432 0.33146531299201
0.0531012318527845 0.0712602269695703 0.0741460595033397 0.149359154667984
0.066082312458092 -0.0164063150806317 0.0506598344723381 0.0593275923730008
-0.0106842762743671 -0.0716635279969738 0.0242287490927568 -0.0504657966298826
-0.0487968502624968 -0.0382698110556355 -0.0685621628473692 -0.0159990553229697
-0.0589664498445541 -0.015935659293633 0.010488446425821 0.0568532960242021
-0.0637642756062279 0.018719674586044 0.147253048564154 0.0232320604498322
-0.0721538909231153 0.0315712322816745 0.242954559929001 -0.0391775539392264
-0.0801273735533431 0.0315258266192216 0.309662689166378 -0.0521542941251772
-0.079757822634141 -0.0111389567568087 0.342021886785596 0.0358435783566451
-0.0440240962169933 -0.0489871766396876 0.298201960426826 0.162057601665216
-0.0108876710583458 -0.0565777854779582 0.180106653287418 0.271421313003132
0.0378325308823777 -0.00715679618563676 -0.0138814434678144 0.322875613948499
0.0131293525902627 0.0319988061479387 -0.180503860109177 0.300977788125779
-0.0329576321784352 0.0385264081778793 -0.336401595920929 0.327632795243291
-0.0361098946005515 0.24873268124261 -0.0129219042907878 0.292821277137164
0.14437088612115 0.192206055604502 0.0722002951655931 0.171291088787495
0.195356289944403 -0.0145315320994502 0.114534129998462 0.0574851301080807
0.0353705021198073 -0.186561377963733 0.0377380979593058 -0.108503077416333
-0.0954906866766181 -0.137559384271188 -0.107790230011637 -0.0449722019011988
-0.147384886268885 -0.064808661252604 -0.0407566530238631 0.0575696602072003
-0.161861129517368 0.0255480919916909 0.100054678293135 0.0381081287785786
-0.160892260579551 0.0522489154011698 0.198597090863909 -0.0245186594051874
-0.165990312590516 0.037405515879282 0.260128650780408 -0.0488277050524727
-0.156548127684402 -0.0621366439237876 0.316114095017372 0.0153535783157213
-0.0706254935604154 -0.135430733622566 0.305635150444727 0.136008931462378
0.0247361334755793 -0.145462235093252 0.206040047076968 0.267461589945005
0.140791817305382 -0.00774972858638472 0.00183728561346606 0.322195687934243
0.0752911343572237 0.1483552372527 -0.168041151893963 0.268180212310147
-0.0600760742506661 0.196184557047259 -0.286946898897948 0.292664561154749
-0.065350183286282 0.336589649826249 0.00780626866037391 0.222174695111045
0.190150877402845 0.268840013567761 0.110817825876951 0.174762904505854
0.270515588852142 -0.00584974202307004 0.193612860196989 0.00470092741431014
0.0733989691643421 -0.250181682110754 0.0309441386057834 -0.20029729279783
-0.113514621156919 -0.207944709013205 -0.169635969834539 -0.0872577724978987
-0.202534155507975 -0.110757974147292 -0.116084128990362 0.0496012548643797
-0.23459614224774 0.0198630111957497 0.0219521692390425 0.0501635497551269
-0.224015348287691 0.0652242466204473 0.12374965337053 -0.00332692884874014
-0.226697690249278 0.044546854837604 0.185530556652238 -0.0408758138254196
-0.215603388657357 -0.0918815841643833 0.272644067628131 -0.00479314144220023
-0.10313105260253 -0.193638361729656 0.303883221226818 0.11202907734844
0.0337316598165636 -0.223500294680822 0.210496138249541 0.270549626287435
0.226265019780548 -0.0316753830660241 -0.0101902606508438 0.302119415514166
0.150161649830146 0.233378212477198 -0.16628793801286 0.188559961653752
-0.0641629526453889 0.331492795820555 -0.218851040133641 0.204633280466114
-0.0937737065794623 0.37135941821161 0.0659905775940303 0.127893327235249
0.187166009904854 0.303656915715352 0.184223017152705 0.121694995965303
0.291520834995962 0.0172033739355299 0.234992193135507 -0.0969989117159801
0.104606688284702 -0.257543779817186 -0.00994562732379904 -0.280864471768041
-0.102406118887967 -0.243573027414993 -0.23019098299287 -0.124585747852582
-0.220049365238585 -0.146527456503702 -0.194434232469634 0.0303969738951347
-0.268715987883138 0.00833547559609892 -0.0720672992998779 0.0555985499237551
-0.25324587210826 0.0666227566126084 0.0295993783035984 0.0215289242761552
-0.256028799326763 0.050521517225262 0.0998429327476088 -0.0270540646119487
-0.251296627394611 -0.099377748011091 0.218547078405195 -0.0154209349172078
-0.134697803918243 -0.222006849244887 0.281345868826254 0.100782290955442
0.0279228590838844 -0.287104429924355 0.175346737602808 0.270958378012258
0.293521159958425 -0.0675859739213818 -0.0502492010731069 0.244819428570304
0.220111923318031 0.285650294052359 -0.156817602753207 0.0751387570917623
-0.0526170640738199 0.421424442498639 -0.144370064968235 0.0862006650687578
-0.103709868845195 0.358362790072034 0.151135599002145 0.0129593866901662
0.158781576781935 0.301331931790663 0.244284800855473 0.00718210370753918
0.271816956481464 0.0426505398488368 0.212919992344807 -0.197018324739813
0.123741403222221 -0.224609269857816 -0.0604262503375608 -0.318234968199535
-0.0729572919855108 -0.244993543187829 -0.2670000919017 -0.151615648473658
-0.20151734685374 -0.160619223281359 -0.261512840404478 0.0010315845759474
-0.260103499465176 -0.00533674517044402 -0.170494767685355 0.054739656007766
-0.245250778016226 0.0593728052524332 -0.0686735849851538 0.0463911527386593
-0.250211932919931 0.0512248651836215 0.0144716909931565 -0.00821993308057255
-0.257988535574486 -0.0937021713650079 0.153170516905416 -0.0130515607313666
-0.150240950438937 -0.230265076677072 0.226400464412724 0.0986666716878009
0.0313532549453857 -0.323173765977149 0.101963447529981 0.243157764265083
0.336595462434994 -0.084395202330491 -0.0858899449010435 0.142443278096611
0.256574350364429 0.31198354543428 -0.11807711382089 -0.0388309669066013
-0.0356207182845111 0.447243270637374 -0.0779288241114029 -0.0426289136149652
-0.0889616725334706 0.302635015435666 0.234770156153864 -0.112929927781721
0.121515782023788 0.25806074413686 0.257995511125059 -0.124178400125665
0.222241863679119 0.0527798708318463 0.158425511263834 -0.259294544288335
0.119621471670194 -0.169838175009598 -0.095866335919367 -0.318405155849395
-0.0402313075577863 -0.209171539205744 -0.278624546422183 -0.173594591034699
-0.15263524017322 -0.145938559015377 -0.312068060991935 -0.0300160801442232
-0.210848165634592 -0.014151986450768 -0.25589050111079 0.0525042673278871
-0.200349430706802 0.0420718722872224 -0.154514272191395 0.0661868356150936
-0.210295202309517 0.0406770292399027 -0.062008861205981 0.00978410839043482
-0.228434929231904 -0.0845144027015028 0.0775966491476808 -0.00440671249473851
-0.132676852905263 -0.216124840914283 0.144889651557552 0.0859220168853986
0.0541358242269366 -0.303820620220213 0.0294383243434783 0.174590550340812
0.332207233326814 -0.0564148229617084 -0.0771104729977041 0.0300082492531089
0.233070922422028 0.300052875709322 -0.06035095289523 -0.104748363803814
-0.0235693329872044 0.395580981837824 -0.0263596124869104 -0.160488453213212
-0.053242949099031 0.207527496787612 0.292281092277145 -0.230652943628521
0.0785084881846523 0.175749108916622 0.236061121855195 -0.228207130872995
0.149198509707733 0.0441267533756627 0.103338486954299 -0.288053763386896
0.0897595488506448 -0.0987873906359758 -0.116083847986961 -0.306156048466374
-0.00641442851273526 -0.138334880925716 -0.281851752917647 -0.187298838689046
-0.0826443648500869 -0.103337415945408 -0.346277322033273 -0.0519042113376866
-0.130353050244202 -0.0187430866227741 -0.315257934615648 0.049246045461057
-0.125179295496892 0.0188638854686635 -0.215735795117453 0.0779029962393827
-0.138544040606412 0.0215556580529834 -0.120609774137435 0.0228866862261531
-0.156473778446329 -0.0684092535802836 0.00724569722271689 -0.00255999279699765
-0.0792300596495712 -0.16646390509801 0.0689349131861825 0.0521724959417977
0.0726691794678987 -0.211328924784451 -0.00567618071392409 0.0928864919529742
0.247154410193429 -0.00470994793530241 -0.0364556936313968 -0.0407240271557056
0.154248759840813 0.227802988245712 -0.0194390968212337 -0.117504151703767
-0.0134505521262372 0.262071317000285 0.00542845119374203 -0.24763771346969
0.00136647758131621 -0.0689323565073379 0.0099606611475697 0.307804453263863
-0.0622287301861676 -0.0669586785248414 0.0752146469786811 0.128634115831581
-0.0815515356547465 -0.00861781796417754 0.0310044572752624 0.0403347848868009
-0.0472297548150153 0.0652424972901885 0.0191089729418598 -0.048818137343127
0.0196615837536267 0.06534617689054 -0.0596260245514289 -0.015502302948784
0.0442353177019234 0.02688418547677 0.018466815392083 0.0523271207890778
0.0420628836389385 0.00111638881739933 0.154900333732638 0.00613107918356581
0.0261782571618802 0.00430595474950092 0.248131182477426 -0.0512773458801798
0.019621974652926 0.0260588854391543 0.317925760725763 -0.0564245564536474
0.00718035529543107 0.0534115797131034 0.340559824217746 0.0402993669043069
-0.0206546971344345 0.053602002260485 0.286558664957799 0.169271832891463
-0.0616331359534395 0.033947664697237 0.150300109844146 0.269592639038593
-0.0696893983997258 -0.0276936533475952 -0.0448356832833964 0.311782223376436
-0.0324714630242452 -0.100614473848836 -0.201008014650603 0.285396238780385
0.0161130272151406 -0.113993288884271 -0.349557265799347 0.302528345730853
-0.0133965441389239 0.103153695743333 -0.0039707555785479 0.327137330318925
0.0518696753786965 0.0703123476220812 0.078546612602456 0.145840667276446
0.0654540202283725 -0.0142634130346036 0.0562223884862074 0.0559931044308496
-0.010193667103972 -0.069140747769493 0.0237784399475793 -0.0512645022499629
-0.0477546396858446 -0.0377646069772193 -0.0679506825053409 -0.0127676875659993
-0.0591063221521614 -0.0148665818608874 0.0123071022541381 0.0578819794338252
-0.0626867863258784 0.0188283445103321 0.146436176020037 0.0187953670646185
-0.0708456205946893 0.0324435128027533 0.239884299871674 -0.0432096677146714
-0.0771964878604657 0.0326154445615733 0.304391978939109 -0.0546610417156441
-0.0784983696096002 -0.00898999361410583 0.337955064404242 0.0295148044464336
-0.0457723080649785 -0.0485488793404921 0.296954463782728 0.157325279786114
-0.0121844067791642 -0.0558712590003196 0.177705972259542 0.263718115699518
0.0386602394071598 -0.00835385453042185 -0.0146121530059591 0.31647296586651
0.0134112850510366 0.0307587350933286 -0.176972720506911 0.293016445422093
-0.0336970574412034 0.0398033832292289 -0.32841063007463 0.318388584370361
-0.0356292422979489 0.243685643104385 -0.0101902776489215 0.288208610368691
0.141844862705179 0.187639606766693 0.0757299388970403 0.166315462684676
0.191403634231949 -0.0133245752748498 0.118866811567968 0.0540908303730526
0.0344393720078365 -0.181677809061078 0.0367504380812606 -0.108042866550337
-0.0950869004584395 -0.134655345493276 -0.106351700282624 -0.0418345655917316
-0.146532725261613 -0.0620627587202406 -0.0380503636440617 0.0597803680813321
-0.160114950968459 0.0268713242663865 0.1001709194241 0.0350706737468221
-0.157603179322945 0.0540626272902798 0.196161464812092 -0.0273131467636649
-0.162601794326901 0.0399491166921646 0.256445761150634 -0.0507106849511928
-0.155813325586095 -0.0576586392802221 0.311939484017447 0.0105207492559529
-0.0743981000186271 -0.134249204029233 0.303513818834348 0.132150204516423
0.0206045337386791 -0.143433440682183 0.203565977237585 0.258765272931588
0.140050858041421 -0.00923874344580043 0.000799407050883346 0.315634571135911
0.0757554409509472 0.145632748019602 -0.164617620169681 0.2599426119388
-0.0612312846901992 0.193594466046959 -0.278270053542132 0.283257047577295
-0.0655463030598973 0.330728594148853 0.00927611409461679 0.218431624123615
0.185969183785576 0.262116598086946 0.113062165615274 0.170361780777306
0.26642671872623 -0.00419058274170029 0.196323602995022 0.00196106897263385
0.0716068840718 -0.244783373066678 0.0299112027578591 -0.197480630398699
-0.114070410492106 -0.204319812087097 -0.166530232700018 -0.0836647089203912
-0.202951416650253 -0.107307658742602 -0.112656208292673 0.0527733688121625
-0.231475245550752 0.0229922727476799 0.0234392809995971 0.0482832154218208
-0.220268325326189 0.0672795044408955 0.122222936639613 -0.00589198271694359
-0.222715046807727 0.0477154414444989 0.183621323784663 -0.0419851031590437
-0.215187694310644 -0.0865000755756838 0.268972016182305 -0.00906521452971897
-0.106507106566608 -0.191334409576995 0.301177780289204 0.107512048824227
0.0299050968959424 -0.22112853773943 0.208941026391477 0.260740202957094
0.225208834199871 -0.0325660283135329 -0.011738976159185 0.295650390978797
0.149498026223238 0.229672916565713 -0.163617320939806 0.182391713276073
-0.0650409661503058 0.325094087030218 -0.212554534546705 0.198301181843332
-0.0933037056735657 0.364059663554663 0.0659410875103038 0.126332127752559
0.183508987491951 0.297182725371726 0.184039800878564 0.118031599602326
0.287381765931781 0.0180639758795764 0.233921516371751 -0.0974922965251384
0.102216766763409 -0.253549665199068 -0.0108131880282234 -0.276381392916484
-0.104450027440686 -0.239966105084194 -0.225144436060619 -0.120777481035868
-0.221154469519844 -0.142613126684797 -0.190193984700387 0.0348077037155492
-0.265161123154815 0.0116276802828714 -0.0698115601067862 0.0555497734123018
-0.250018198580253 0.0700605051623136 0.0295310516695997 0.0202457296283041
-0.250846041170771 0.0537829264187173 0.0996545400595465 -0.0263627001623841
-0.25052238818892 -0.0935950209924331 0.214221133796415 -0.0199901074694136
-0.137923643314414 -0.219290197873503 0.278619435252312 0.0954956806474054
0.024441208701879 -0.28255447562621 0.174906097103316 0.261892240008503
0.290425651432403 -0.0678195993055714 -0.0515546473167689 0.238773718084205
0.218536723174901 0.279132367866503 -0.15513611031379 0.0714857164240902
-0.0520372720127452 0.412492491248472 -0.140802617203023 0.0820981422172537
-0.104164132143648 0.352442920306628 0.148529169439549 0.0137401855326608
0.156423549551745 0.297142327252817 0.24223285154746 0.00589527631926989
0.268564665117611 0.0415233911301752 0.212732842197229 -0.195571058767352
0.120240411371226 -0.222610017245031 -0.059892594322681 -0.312346324949876
-0.0764762627242652 -0.240795015756019 -0.261686153627226 -0.147665535071347
-0.202257860407053 -0.155831407715726 -0.257706298028628 0.00582248686714529
-0.257153976868572 -0.001193601395647 -0.16613785007812 0.0571442441690369
-0.242305396634737 0.0616307432377987 -0.0664899854249745 0.0463939458689557
-0.245899604945229 0.0539048812610245 0.0155963316447946 -0.00713098688122813
-0.256310012030703 -0.0889737355976175 0.149694403347958 -0.0160810024188083
-0.151949090239926 -0.227187905454021 0.223337122189714 0.094001181111096
0.0278789528103553 -0.315867250126655 0.103082125236594 0.234938017491098
0.331780513509174 -0.0835513114505281 -0.0869906982008749 0.13891048424941
0.252912319495411 0.303928754055986 -0.119087897991454 -0.038754345609292
-0.0349078856071897 0.436323511164102 -0.0758160793204641 -0.0438925813830046
-0.0885279441742489 0.297288113484627 0.229601769263402 -0.109018632183528
0.120591499999681 0.252266171934095 0.255832369040158 -0.12158349868017
0.220027580036409 0.0514048115083614 0.158689007223038 -0.255439889570464
0.116080481195926 -0.168683902375691 -0.0943559140800243 -0.312622799673561
-0.0438412903530075 -0.205902371846282 -0.274389422372759 -0.169661395048684
-0.154892222043136 -0.142266817644629 -0.307868779817235 -0.0248531254202384
-0.208237697233302 -0.0110868331632457 -0.250669755328548 0.0566570245005618
-0.198098405245015 0.0435694605660632 -0.151507754475594 0.0674016573424605
-0.206026749386735 0.0419058848004174 -0.0599147329299289 0.0115493669556498
-0.225947593048356 -0.0804438710005468 0.075404670911935 -0.00715551523706421
-0.132814076832557 -0.213137712165173 0.143155633598095 0.0811431754655434
0.0505115367362131 -0.296856575215722 0.0318480583109882 0.167995202579998
0.324375116444129 -0.0548555884493407 -0.0805420370176007 0.028951189878893
0.230494469005724 0.292870783177576 -0.0636327320626836 -0.103496124662567
-0.0227620820483204 0.385235066601829 -0.0269579320078662 -0.158835602952522
-0.0535354224668375 0.203530987786965 0.287401690282591 -0.223021817050312
0.0785041147641122 0.171489653924366 0.233654709682541 -0.223611122846955
0.147170538926371 0.0421141489096224 0.102905087390064 -0.28452069609547
0.088002535132755 -0.098364229139933 -0.1146414239645 -0.300461582410226
-0.0100990004811823 -0.135988448991638 -0.277195167556812 -0.182488055126441
-0.0844268579700312 -0.100950749526547 -0.341932668588488 -0.0462408159563056
-0.128674174415779 -0.0164380548902271 -0.308969507386768 0.0550031828702726
-0.124221455783008 0.0198752063368894 -0.211458606425338 0.0792344272795833
-0.135554332836495 0.0223904114309055 -0.11786995559993 0.0246305007659489
-0.154899489597178 -0.0656920407665013 0.00524019325943742 -0.00377736939069402
-0.0790744838422278 -0.162467261815894 0.0681525957710152 0.0494482045721801
0.0677004512440389 -0.205919549164767 -0.00291740663228205 0.0900666642922687
0.241379555904597 -0.00617201148460419 -0.0415265275957027 -0.0394998954685299
0.151009703933989 0.220434363123993 -0.0241725235001816 -0.115663136748833
-0.0126311298053174 0.254741076094583 0.00322509916460206 -0.24416134775293
0.00148386638437418 -0.0680930814167292 0.0102107596226227 0.310899150154819
-0.0627295958526846 -0.0660814736507737 0.0801413734717361 0.129753186499322
-0.0803336748267231 -0.00822070358799041 0.0358755633478266 0.0394149727984357
-0.0468689184751828 0.0652066842916415 0.0179222833022618 -0.0510212472204364
0.0204025537399254 0.0655633512366053 -0.0594954223954956 -0.011225786711962
0.0448488418070997 0.0273483496194012 0.0210848333840587 0.0549395322576843
0.041798605461928 4.04890886281876E-06 0.155279356582134 0.00236307245014371
0.0264618726509934 0.00390525456095495 0.248559632544364 -0.0553085646278416
0.0209382268101554 0.0257244253691353 0.318520724202773 -0.0605070737737355
0.00966475219470128 0.0538449404190198 0.341438631836152 0.0375109511240185
-0.0205970832397159 0.0533690031395602 0.288695366803364 0.167952558789378
-0.0614237233528991 0.0350901113308025 0.148859638767393 0.268514870210992
-0.0685365898636232 -0.027818072264072 -0.0460634097800812 0.311554248991672
-0.0341322452725919 -0.101726226121181 -0.202225050272005 0.281839010528268
0.0163873346954202 -0.111448705310469 -0.350206452824818 0.296133783016184
-0.0140382668609434 0.103055687799985 -0.00252547015904702 0.327264558535867
0.0508249737655454 0.0710570961876869 0.0830841774271025 0.144279332590679
0.0665127674226178 -0.0130404035755826 0.0619188067718655 0.0532428956236655
-0.00941366902774999 -0.0682738916405977 0.0243406946458097 -0.0527248848802699
-0.0476226276932878 -0.0378583053884206 -0.0680683340503834 -0.00889315367909941
-0.0600743133181478 -0.014215473031165 0.0141344687816798 0.0599441182891211
-0.0637061156970652 0.0196080183091714 0.147568035674832 0.0159040303640196
-0.0711657325829213 0.0331424503357222 0.240757217113045 -0.0471304771560173
-0.077006480369193 0.0338306691258695 0.305900733250183 -0.0586898455278759
-0.0782805506670866 -0.00737476146522836 0.338698768268416 0.0268800487444618
-0.0479151472196795 -0.0488387575962761 0.298899815616857 0.155759890687199
-0.0127321555155678 -0.0556438978611718 0.177336926180987 0.261035661947972
0.0407701914960137 -0.00960981963755104 -0.015983283925927 0.317060964522848
0.01284636548005 0.0304292773262457 -0.177111394922356 0.289914430150819
-0.03479926840715 0.0418672010924223 -0.327678490447076 0.31188877482246
-0.0373537024851262 0.243512621615631 -0.0104777641596015 0.288321551776846
0.140858661338025 0.187233142793806 0.078849624079466 0.164566717571618
0.191520366067107 -0.0108270892319736 0.124774338370334 0.0517687048483208
0.0346155131940094 -0.180363312738662 0.036329511359474 -0.108814241232037
-0.0953982454784531 -0.134992426675222 -0.105568412402565 -0.0394838256016087
-0.149362560583784 -0.0612681537395076 -0.0352428637492156 0.0624146117642548
-0.161187460859573 0.0282885225939342 0.101707191490136 0.0331625414699419
-0.158301041284059 0.0563023695402628 0.197406035618603 -0.0306251183830271
-0.162501310934216 0.0428326425179512 0.258217418395655 -0.053794864804434
-0.157896448986 -0.056132916130131 0.312752727634403 0.00705575358287882
-0.0781220439252107 -0.134480095922189 0.305405577617982 0.130909095819777
0.0192302734164327 -0.143707583178829 0.203495257624161 0.255816156080515
0.142912644405101 -0.0108595880346893 -0.000750393953516122 0.315037986440974
0.0764045773325857 0.146320702355611 -0.165878650636402 0.257386208056886
-0.0638750981611442 0.195497759282581 -0.278112397272117 0.278379813785177
-0.0671202754847784 0.331126723437133 0.00955228315298801 0.218200176317274
0.184292655727462 0.261530672902975 0.114719714075347 0.168546438322637
0.267135464837328 -0.00183102226308491 0.200780021620542 -0.000121501673913196
0.072724650514216 -0.243904837960682 0.0301285188887241 -0.197399803790743
-0.115643433401153 -0.20478960472443 -0.165498510436148 -0.0824596944505175
-0.206444362258366 -0.106494033501931 -0.110712341386732 0.0555896194132385
-0.232830926394479 0.0260873459711916 0.0258399383790861 0.0480645237052
-0.220705401145408 0.0698418527300244 0.123197156642639 -0.00798448661107005
-0.222891041047776 0.0512134536363479 0.185951628744045 -0.0430132220407716
-0.21776707233589 -0.0837798371671141 0.268937216870852 -0.0122946165272171
-0.11165734093729 -0.191662724882395 0.304010210476599 0.10552873164122
0.0288098725874046 -0.220971345368512 0.209114648261237 0.258008490408321
0.228063717083162 -0.0345028899298015 -0.014850700595853 0.294419105131944
0.150521348946969 0.23044064274917 -0.164613679430842 0.178926216525693
-0.0686498265757911 0.324778512918143 -0.212013493542737 0.194115974220939
-0.0956680342348922 0.364946069028287 0.0646217174308609 0.126746177825767
0.183395247558143 0.297146355651625 0.185651689377998 0.116874544738499
0.288856821113341 0.0203016644468075 0.238418721879525 -0.0990801727477991
0.102748681982157 -0.253570542005167 -0.00986475746397846 -0.27546578741229
-0.106961871719941 -0.240617105372436 -0.223862483258755 -0.120234679941049
-0.22522776032002 -0.140619748348853 -0.188938358227289 0.0371674419838387
-0.267582879019155 0.0149961477188744 -0.0676848656061508 0.0563204749356708
-0.250741493477334 0.0732852008106139 0.0303037766267179 0.0191530318225319
-0.251205065851367 0.0566540325206231 0.101011650707482 -0.0266203688754627
-0.254014001884072 -0.0917145121724057 0.214274026124387 -0.0228206157901918
-0.141026509563904 -0.220554702227194 0.280108603973702 0.0932592434973462
0.0225987664483574 -0.282363184318087 0.17526508869047 0.257279734193494
0.293185503421859 -0.0675258425119733 -0.0555174388332949 0.237047558250237
0.216829352561738 0.282037164534456 -0.157431157395093 0.0689922547604969
-0.0565663561341054 0.410844826677635 -0.140412686384731 0.0781787815449992
-0.107180122432399 0.351986447727137 0.147875349600742 0.0155640259092033
0.156674196407163 0.296500001025067 0.244224212231271 0.00531421941249654
0.270623456304951 0.0429827162803534 0.216360524051659 -0.196949697356494
0.120482297992207 -0.223491530678788 -0.0597411557925984 -0.311557283099859
-0.0798240021622388 -0.241232547216334 -0.259860894448156 -0.148223414513553
-0.207515920067268 -0.155025711018043 -0.256546320363617 0.00940840021338311
-0.258719344918459 0.00222192103571308 -0.164923946703542 0.059885519981398
-0.243038652369428 0.0644980293930167 -0.0658761249947149 0.0467019017108576
-0.24599521922589 0.0565407612809235 0.0164141986789921 -0.00626836507739366
-0.259932383459092 -0.0873809165046052 0.148497011349457 -0.0187158570194183
-0.154900976931498 -0.229084090540863 0.224955574670244 0.0911290581396076
0.0259675915364111 -0.315164198228558 0.10458370420184 0.230757863110471
0.332010068317926 -0.0827945387916789 -0.0907255964654622 0.137788427339285
0.252051709974265 0.303410964201619 -0.121883273548211 -0.0401459905168982
-0.0382438421087966 0.433629957851451 -0.0751545890158761 -0.0459476241579532
-0.090419903833361 0.296665905198661 0.2299685065901 -0.106966515010164
0.120594623459066 0.251826525067441 0.256505658892507 -0.121485625921951
0.221522979166678 0.0515659214121718 0.161279078365168 -0.25682993017089
0.115167956091563 -0.169647361457713 -0.0937610715166302 -0.311580163452235
-0.047539443774287 -0.206077665728296 -0.273803887860374 -0.169846012275849
-0.158360917610852 -0.140332816766388 -0.308477565888234 -0.0212612537415192
-0.210294026006992 -0.00870841512658178 -0.249424200789306 0.0600901290410001
-0.199687273810161 0.0457397398309413 -0.151471925480134 0.069602931925377
-0.206291122362256 0.0443915334462615 -0.0601651172425938 0.0128858538225047
-0.227667822467169 -0.0798106579195658 0.0738852143774193 -0.00951028400693156
-0.134835668202207 -0.214062527241807 0.144127142248495 0.0786214473983229
0.0480165242773183 -0.294475058012829 0.0335850106193321 0.164684877509225
0.323672517936655 -0.055645341939813 -0.0844082944624777 0.0285627423034623
0.229037532224561 0.290790286175816 -0.067184718500118 -0.104042557251035
-0.0254394475614733 0.382849026974997 -0.0265003980034831 -0.159524091129694
-0.0552328909020256 0.203717906326004 0.28751055631686 -0.219988860361859
0.0780919412836319 0.171198999315281 0.234536405884145 -0.222011894976635
0.148375189001506 0.04254448972005 0.105534200530232 -0.285597732846983
0.087379450828048 -0.0995587602065454 -0.113772641809277 -0.299486200003755
-0.0129937540457583 -0.135782376622678 -0.277541294996731 -0.183735989591823
-0.0866091346864278 -0.100944129994369 -0.343325411861179 -0.0423760514341172
-0.12978866705149 -0.0148965542430513 -0.308380312149012 0.0599268975954755
-0.124709010055793 0.0211442224630029 -0.212471944941369 0.0821841040762033
-0.135497244299457 0.023001299771845 -0.118505762789042 0.0255293574525899
-0.156433046956359 -0.0648518482573627 0.00340723565065595 -0.00482398211188512
-0.0797278421700225 -0.162834412805514 0.0688580297952961 0.0467878076747256
0.0663887179729711 -0.204377596214383 -0.00107707282921483 0.0876312013988613
0.239935536462134 -0.00687474441614535 -0.0468533573366803 -0.039107474816367
0.150545483431725 0.218567258943996 -0.0291476810011596 -0.114898236212989
-0.0148967208496872 0.25178017742806 0.00278699116550255 -0.24397646583941
-0.0355567204853973 -0.0555172685769531 0.195754238618225 0.24429889906289
-0.0861133758585428 -0.0157752653358073 0.143855625399627 0.0531445334958247
-0.0687594669978053 0.0396250073151242 0.0531456756742153 0.00942058157409683
-0.000366316853173498 0.0786201887751347 -0.0171903545889799 -0.0499599263511601
0.0553456349738167 0.040470042293183 -0.0510867983813316 0.0298615671587024
0.0529229075758729 -0.00540952203149157 0.0566155303234032 0.0311119030269455
0.0326369493507323 -0.0258470196749543 0.126238798499324 -0.097298831070067
0.02430712088824 -0.0137531061861788 0.163720115199735 -0.199971748845222
0.0354690100264099 0.00621558019175193 0.218000018565821 -0.248722527520942
0.0437192137396094 0.0354928713518143 0.300411836523988 -0.182821705435132
0.0192391145009589 0.0561291674892971 0.336057734917622 -0.0453979383984768
-0.0253263108484603 0.0667261577328178 0.28610595656446 0.123238293439878
-0.0721880831348088 0.0229381146644687 0.158886757111019 0.280267246173092
-0.0937013826137724 -0.0574302082573381 0.0185900560464864 0.352260068493649
-0.0596256877024605 -0.0972104591253351 -0.0976108856384544 0.466469347132748
0.047781890892883 0.0956120311138977 0.206670672179613 0.263504048329286
0.0817774970428449 0.028004517754617 0.160499724223584 0.0618364098474664
0.0478885608658542 -0.0489800995350256 0.0860641860401413 -0.00237875501853892
-0.0455396719425317 -0.0490756773355989 -0.0161479310432228 -0.0601543223281632
-0.0598658388275753 -0.0014718200800388 -0.0583812999282498 0.0368169959889273
-0.0564779036201125 0.0255063408558153 0.0500496598784747 0.04013724345248
-0.039408287736189 0.053593533443159 0.128252137281023 -0.0800624884814586
-0.0359116865263208 0.0711091909787481 0.163378875684826 -0.189253680742508
-0.0390070977520779 0.0745304546598096 0.208894124643979 -0.240716899755727
-0.0672558401210343 0.0420661721122848 0.291463364391602 -0.190465894544351
-0.0686005779514479 -0.0101104126772498 0.337218582186208 -0.0614438372222202
-0.0421023422376819 -0.0390515861289535 0.30337441330806 0.100108641417014
0.0322429484608191 -0.0329033779589998 0.18522457113143 0.265051504032805
0.0306829937679704 0.0214603049956546 0.0396831797987712 0.344811978207137
-0.00489598722711479 0.0644775938792749 -0.0724464670770621 0.459873512460167
0.107269492396091 0.224411476260161 0.184971394345243 0.236979941604909
0.219389391617848 0.0687678691269598 0.174817267992753 0.0823002768240349
0.150996692082525 -0.11994214041868 0.138035406992332 -0.0465705053852795
-0.0743208734267176 -0.164062161664126 -0.0429741463747356 -0.117501724911212
-0.155720993092697 -0.0518234853172617 -0.109774588957791 0.0345795919795927
-0.156085991306482 0.042193678304313 0.00829155361624375 0.0723671374363598
-0.110883107866334 0.121416132995404 0.101617407812098 -0.0354210487339715
-0.0917004788666135 0.144689506286456 0.138530584641445 -0.149526829449601
-0.103394243505547 0.135975696163369 0.174607318526745 -0.208277378367813
-0.162740628572955 0.0530377325486804 0.257701877253993 -0.190917567916169
-0.148975566958605 -0.0614101875239438 0.326495312079805 -0.0852927350764065
-0.0708442425382039 -0.131818261108223 0.322105992382585 0.0802311582015022
0.117897366473409 -0.100127041780971 0.193825579494085 0.254952769297945
0.158163334532114 0.0762671187182516 0.0243579654114828 0.31360542029597
0.0696678349864303 0.211065434596462 -0.0586994254465253 0.393631892395694
0.130680027405599 0.312606929805685 0.162820165354288 0.170602999385264
0.296614046221884 0.103574167330462 0.208925226905158 0.0656836192776442
0.217866836743522 -0.156294962804015 0.170996871679174 -0.135875509125161
-0.0817272901262344 -0.236271812679603 -0.104398326121339 -0.18770245011151
-0.21384435437468 -0.0950921752735908 -0.186059772151117 0.0351551035717907
-0.230268171477386 0.0411407351267333 -0.0581846860708011 0.112829267997947
-0.168717732160962 0.163552033278745 0.0495214086393476 0.0255823327433355
-0.133915201011774 0.19580939063578 0.093447239485974 -0.0850322732303311
-0.147074026627349 0.180930337199667 0.122907665930322 -0.155094720661031
-0.230037818625797 0.068915320862982 0.210431975613472 -0.17938149551439
-0.213787664804986 -0.087779034283086 0.308948730722254 -0.10321396351889
-0.111582960548459 -0.202164506576025 0.326839167820618 0.0779626251426509
0.174946253170617 -0.174702751616597 0.168268378445039 0.247466066898187
0.272737628329372 0.0983553668272396 -0.0274846353138818 0.253872381973638
0.147666996365311 0.321146501012448 -0.0629954027861829 0.279564323279298
0.126801889884718 0.356496194732849 0.154436715868132 0.0646958574997473
0.315640987344778 0.132670148725017 0.23456532071337 -0.0175616399544649
0.248958376890314 -0.153377868661948 0.143066261362192 -0.238905668615612
-0.0634228509810703 -0.261490728409966 -0.183274123441615 -0.228181234344834
-0.228403315401089 -0.128498596067524 -0.256685149689084 0.0386334303337604
-0.266212706152829 0.0251026231267341 -0.132914142711968 0.146284281727765
-0.202361458642126 0.176473796758868 -0.0211550858663024 0.0923662892221495
-0.156600484109004 0.217073792575594 0.0361970146838517 -0.00556236774164525
-0.167750295033705 0.204282347881147 0.0651864915751701 -0.0888331465733171
-0.264613893602285 0.0858380218763137 0.15904783401309 -0.15262899945804
-0.256741159508317 -0.0930844818921697 0.281880027474644 -0.0975321346059103
-0.153299192155067 -0.248892854356906 0.299461153375525 0.0991552308120375
0.207828074803633 -0.243167236053998 0.0989566779720125 0.227982551645407
0.359968207838534 0.0973843293980359 -0.0927994222355475 0.162357225384794
0.212133825186063 0.381967500841537 -0.0819290623527998 0.138035664448818
0.111457359209846 0.351713962756809 0.15309020679166 -0.0737721963800601
0.29436134750249 0.146910234425953 0.212050871986783 -0.141340397615366
0.245920516429835 -0.125336798352735 0.0661932138603429 -0.303425528475469
-0.0337339714704986 -0.248370259400691 -0.244190409483992 -0.226745174135794
-0.207865343229727 -0.144145701643126 -0.30379018368852 0.0384037955090657
-0.260521125798155 0.00349731268403606 -0.20484400147354 0.165433494034527
-0.203411982196102 0.162062344079774 -0.0972905245399329 0.156149969450438
-0.156427915632666 0.205502907919333 -0.0238081780687017 0.0777753081827615
-0.165130225300661 0.200043339334301 0.00988374179676814 -0.0188650656007021
-0.266965059754072 0.0926933824295355 0.107167132600723 -0.108875074266051
-0.271937466777108 -0.0916962978629437 0.235449955624918 -0.0653471326727327
-0.169866648672461 -0.27659502217337 0.22671825173726 0.122013117357431
0.228935685786814 -0.279774984519644 0.00833123801564516 0.171301159406319
0.399625169694196 0.0922612240012832 -0.134102633237119 0.0551738676529908
0.243487405719669 0.3869909805227 -0.109846444461475 -0.00438451647705744
0.0926975083096545 0.297468739528002 0.141088530182092 -0.221148398965355
0.240309211808085 0.131064228037568 0.144425472026285 -0.250862921558351
0.210021519529812 -0.0906856777500843 -0.0160869610029012 -0.315767323646039
-0.00794128559364665 -0.20253755814203 -0.269808313091687 -0.204976930553921
-0.161079524135499 -0.134540239738568 -0.326917177956326 0.0288259422149075
-0.212881211317615 -0.0141266147050011 -0.264513279040445 0.172836594098001
-0.170821167280724 0.12404437273696 -0.164718401206549 0.209439525009355
-0.132765976864337 0.163023174772002 -0.0776848752429994 0.149353543085137
-0.14120968742374 0.165155240889478 -0.0398901544258491 0.0448143112816337
-0.236247746975341 0.0788908647158746 0.0526419635254451 -0.0545089064540331
-0.245370063299753 -0.0917880415966016 0.163095050545932 -0.0261263666021711
-0.139497008271975 -0.271539347266253 0.128617902191762 0.112382941687707
0.236603096692949 -0.251372606557224 -0.0557595121710013 0.0811896070630009
0.371836953931234 0.0947676942825848 -0.131388438588323 -0.030512397931261
0.221476949801084 0.332908224168979 -0.140671724144059 -0.124883201752011
0.0701489453429392 0.198977208685078 0.113060732555547 -0.347953794823445
0.158496670982388 0.0906277590001148 0.0614304799882054 -0.31884251633058
0.143599496987703 -0.0547990258638331 -0.0798045859442428 -0.301225423060127
0.0102163202991087 -0.129557104641947 -0.277046377281325 -0.179523362687562
-0.0921424522984352 -0.0992705091716492 -0.337850258130086 0.0206711701196165
-0.131304159204945 -0.0261944422486657 -0.303245355400992 0.177335289592434
-0.110845868275393 0.0694871092022268 -0.211394205994195 0.24455176817164
-0.0880971232758664 0.0962701957578238 -0.118602025411808 0.196890767147198
-0.0965240687482447 0.103913010254701 -0.0791952425254551 0.0931835600099149
-0.168143190415072 0.0456141599295298 -0.00164781625871796 -0.00709000715936319
-0.16807821107121 -0.0838222275546728 0.0830166971936452 -0.0053284726870969
-0.0703204956757282 -0.207499432717254 0.0533989094590856 0.071795845517232
0.195771644228126 -0.159165460660734 -0.0675619732045965 0.00396669208526929
0.260401728985664 0.0824177052673402 -0.105758768053342 -0.0653518779276619
0.146989592106084 0.216133987288929 -0.165437742532795 -0.207745048032299
-0.0382172862810673 -0.0552748135571084 0.209523140579824 0.243705816148381
-0.0877572460858834 -0.0126254723158631 0.152557104286191 0.0457465513480127
-0.0684575769317944 0.0420907204182959 0.0564395321762194 0.00415976170633534
0.00270443032845974 0.0805691291959661 -0.0206238974659183 -0.0504216311897246
0.0580973855691449 0.0388295071932448 -0.0491892507450167 0.0343644130237793
0.0547494608261486 -0.00801579050996401 0.062571423963393 0.0289954755603881
0.032605696044516 -0.027954797140916 0.123906612253245 -0.105327783612326
0.0246592062772563 -0.0147336395413548 0.157267579422109 -0.213220678190802
0.0374019852459081 0.00410735144615915 0.211131299867612 -0.265169872395731
0.0473742888460971 0.0334826292623164 0.298990698363378 -0.200427741108724
0.0217920459357791 0.056889727739144 0.34224373863547 -0.0606901231424063
-0.0224880319229594 0.0692883006912196 0.294344974924645 0.115813409047895
-0.0726683293301352 0.0253589008550041 0.171698337137606 0.281343941322885
-0.100091777322204 -0.0546063809572241 0.0279727515620393 0.357242916213076
-0.0622116187494621 -0.0959286386449076 -0.0870978553617568 0.476496905202782
0.0518402139842964 0.0968257927164869 0.221313488868739 0.2615660019276
0.0844955997745337 0.0264466808276187 0.16644319700591 0.0543900636151509
0.0483138056701555 -0.0520845742012511 0.0896089368976899 -0.0105627381596566
-0.0469464374600151 -0.0484952014177364 -0.0193636993995249 -0.0620188965791588
-0.0606276108636157 0.000576686639976056 -0.0553624830603332 0.0408283024467442
-0.0567212528306537 0.0290178306658961 0.0563599392289774 0.0391950998673803
-0.0376831422175884 0.0570970913769339 0.12681460243135 -0.0889930571692473
-0.0331488131866749 0.07475646954502 0.157071297414651 -0.20219609374743
-0.0355077677896649 0.078469249912267 0.203519687059058 -0.257511579615343
-0.066140742835017 0.0458969655497265 0.289283439137386 -0.207835582151235
-0.0715752311893272 -0.00643023759392845 0.343278881235852 -0.0777306158343936
-0.0449774357702596 -0.0382477012155458 0.311156055151619 0.091492360158972
0.0315483597524897 -0.0368580994545105 0.197874604881149 0.265745431988231
0.0317786841687575 0.0211832977860801 0.0492843843411505 0.347849938197562
-0.00080067079137704 0.0684629001556377 -0.0632656599209566 0.467710397185919
0.116627380150486 0.226685479897032 0.19677049188704 0.235695054614464
0.225294241922617 0.0632694875464973 0.181567931916362 0.0756141665626805
0.151152362774374 -0.127786679282253 0.141531560654736 -0.0569357123621133
-0.0802811639539692 -0.164419935607305 -0.0479455095073796 -0.119964452570893
-0.161286705404479 -0.0471270630810795 -0.108389090362682 0.0394237927741131
-0.158735877203244 0.0507026868089303 0.0150647384770885 0.0737635886974582
-0.107395781290163 0.129834173129924 0.103324553832684 -0.0418616272450895
-0.0863803410042473 0.153227031400898 0.133204235829143 -0.159931111844875
-0.0982325370559307 0.143737849591968 0.170264429545273 -0.222900721647219
-0.164016079255007 0.0625426521365104 0.254737893670824 -0.20644105274015
-0.156933831526304 -0.0549094131190025 0.332415661222385 -0.102640333679295
-0.0779984265990185 -0.131439074569775 0.328578274166973 0.0689811479626853
0.11715077155681 -0.109266422713711 0.205811533866835 0.25471917858274
0.164956528436328 0.0720271049741405 0.0322958705167808 0.31693278717245
0.0777421236305128 0.216641693348965 -0.0504646984447987 0.400243350330704
0.14332505689996 0.316969189909473 0.17189432089348 0.168768030738904
0.305588338762455 0.0960992783928972 0.214594871280159 0.0582554164079648
0.219171330382915 -0.166887241121827 0.171564515699552 -0.1494282534447
-0.0906759015386879 -0.238985413093675 -0.11232044835746 -0.188337567660811
-0.222975234701505 -0.0895084139551579 -0.186678679495429 0.0417912005053763
-0.234953604141163 0.0534952581416697 -0.0516230985944916 0.11764301877777
-0.164651314953763 0.176202028221751 0.052840030153928 0.0233527804750706
-0.127042755892997 0.207246604933293 0.0912505463382562 -0.0920836115633003
-0.141596577639587 0.19297557929801 0.119932482870334 -0.165710933040736
-0.232760090525043 0.0826385886848487 0.205767742717177 -0.192871379033841
-0.224938166639285 -0.0793196881796188 0.3126801615154 -0.119139457100722
-0.122486977121701 -0.201862182715862 0.333392921160869 0.066108520296507
0.173478665403246 -0.187131666622185 0.178704009432087 0.24820671811174
0.282808705137138 0.09130840591403 -0.0222997050713901 0.257848506599078
0.160893331283319 0.32588159158818 -0.0582726521148799 0.283564717537659
0.140090997387874 0.361412606845069 0.159737104596974 0.0614026284167995
0.326914238778617 0.125330872552443 0.238500770606397 -0.0258726475734046
0.251468821433906 -0.166004477995826 0.139631674134218 -0.253249745325142
-0.0741829177201727 -0.266035051925797 -0.195074216925922 -0.226799285933963
-0.240129706870451 -0.121672579078705 -0.259565265107513 0.0480134942157408
-0.272661389353495 0.0391892584690655 -0.127269871733867 0.155257211506377
-0.197479948140653 0.191396012088882 -0.0159039468507003 0.0942990047123527
-0.149607727251603 0.230247730003434 0.0361768704295983 -0.00707382441186737
-0.161354078028791 0.217120118174292 0.0642482155013668 -0.0945828639863907
-0.26798148263387 0.101029999227171 0.154343322744133 -0.163015153385414
-0.268947664367594 -0.0835912954288753 0.284873801445378 -0.112801526905855
-0.16610683363826 -0.247980207986904 0.306523846003459 0.0878824098225326
0.204799822289515 -0.257964058196458 0.10589938441891 0.230623072935486
0.37015841642466 0.086859552745995 -0.0919287348865801 0.168515495891392
0.227676087384586 0.38582126017912 -0.0816145197921827 0.140191714665314
0.125335560040377 0.357148528792072 0.153518690707972 -0.0792368051139217
0.306891675090599 0.139516125734364 0.211586222542824 -0.151303268607991
0.249908423584778 -0.138102234397162 0.0583943397139655 -0.315168910760724
-0.044399177443022 -0.253663779686588 -0.255882736640294 -0.22332621573939
-0.221392691853423 -0.138578873107363 -0.30834802055558 0.049284205154296
-0.268428251854458 0.0178150884670208 -0.200682653368739 0.177795044157138
-0.199535933741985 0.176308252463894 -0.0907126719579429 0.163403564217473
-0.150532777386737 0.218621001981721 -0.0210603380274019 0.0803799124853938
-0.15848961487996 0.213039820542514 0.00969501461518909 -0.0204756353050365
-0.26999773327597 0.107039837520252 0.102734938031348 -0.115193119904017
-0.284619034063695 -0.0830273955497379 0.23775059449699 -0.0776648102235697
-0.184074107600012 -0.274869701161312 0.232916118275397 0.11290236852889
0.225126431622557 -0.294746046003908 0.0106874103748654 0.176921531674681
0.410479261642284 0.0813274071837644 -0.137801921357348 0.0605559944727922
0.257743756199272 0.38821507880287 -0.113423053392314 -0.0029056883714816
0.104366994427054 0.302011799622375 0.13747805342609 -0.229332604990868
0.250681866066836 0.126277304269977 0.138463964866834 -0.260654035224377
0.212299522492227 -0.101687875747199 -0.0257029681774084 -0.324306592141268
-0.0168582191050552 -0.207582584281215 -0.281181590847828 -0.200152335392342
-0.172466135926164 -0.129360285293617 -0.33345045635906 0.0397592696314088
-0.220389958861613 -0.00286424910553489 -0.262402896707278 0.188559349915504
-0.16843718085091 0.135462190914684 -0.15733221777498 0.221427812884476
-0.128411551877531 0.174136112010048 -0.0733503585577519 0.155827491245811
-0.136195358413859 0.175148394277793 -0.0388234901805495 0.0475269508084927
-0.239965614452908 0.0915092208664333 0.0490954875980006 -0.0574992332900943
-0.256021190642509 -0.0849883208705249 0.164500951077816 -0.0352184004609436
-0.151410422697047 -0.270228472426508 0.133901748915242 0.107203062024286
0.232640813752139 -0.265579799526432 -0.0577480230619337 0.0882228444637562
0.380933589722785 0.0827432723250585 -0.137491533521726 -0.0243410059580926
0.233249363692646 0.333094724789405 -0.149223562690591 -0.123789969711416
0.0769765571182999 0.200873449279823 0.104466159700545 -0.357641488448994
0.165487662812573 0.0877616141576856 0.0523410471961956 -0.326762599039025
0.14499687984341 -0.0621934210389495 -0.0919138689068739 -0.306627696052257
0.00460595940491267 -0.133563247267423 -0.28740487285938 -0.174195322725734
-0.100389345100768 -0.0960140786649181 -0.344427706953775 0.0329781384303911
-0.137016292003294 -0.0195844742629656 -0.30213034752814 0.195422371425366
-0.110059872364598 0.0770170290923995 -0.203720729436722 0.260015466338288
-0.0872208198818328 0.103320133462459 -0.112586354342145 0.208121561696428
-0.0945852439450057 0.109603148881036 -0.0771381106125368 0.098872136446792
-0.170674742521439 0.053661003869098 -0.00462607008576489 -0.00654118865729317
-0.175456836424992 -0.079803612549826 0.0829373621293506 -0.0105742676896936
-0.078916182691869 -0.207571375906897 0.0560133614940353 0.0688158409076423
0.193549368045593 -0.16931181296625 -0.0718298257710508 0.0104819146626809
0.266015894556223 0.0736387496716895 -0.112525492232646 -0.0597943251535191
0.155897340552256 0.215261128550138 -0.178255781488512 -0.207350222825487
-0.0410668919043681 -0.0527618844017349 0.225480535728229 0.23441997573503
-0.0883923057640408 -0.00718479828310425 0.158519136480844 0.0349945351160665
-0.0660454262556245 0.0448864449456515 0.0596938505651287 -0.00317382631432935
0.00792306659355431 0.0813905526509795 -0.0243307408587921 -0.050103935532713
0.061699951376064 0.0357906692465348 -0.045316674683101 0.0394161479834324
0.0555321966698612 -0.0116828435110967 0.068373234261952 0.024345278966626
0.0308318708685537 -0.030599542619004 0.115908080489244 -0.113895973417868
0.0244568484101915 -0.01660939599665 0.142292627553306 -0.225593661796162
0.038373102950328 0.00121820406973729 0.193839473853982 -0.281241755468122
0.0504918919351786 0.0294841273708833 0.28841830195348 -0.22038844091938
0.0256639055894069 0.0560846650685304 0.339800386883542 -0.0821411016077633
-0.0178650415030463 0.0706578215092578 0.299214230646987 0.100898089014188
-0.0722849793674872 0.0279876745147724 0.187942798791841 0.27409382060632
-0.10448377632804 -0.0485605614460065 0.0448539511539276 0.354149460154536
-0.0649174130506394 -0.0926423109667977 -0.0668177349846457 0.481018263327769
0.0568153954928802 0.0954262207882306 0.23594323460167 0.250640342490846
0.0857835748540643 0.0228774035349368 0.170521380118616 0.0437127756670969
0.0462222162027919 -0.055361386027467 0.0907137105148163 -0.0210586990976729
-0.0485690024957044 -0.046917252540381 -0.0226084012262925 -0.0633276648945573
-0.060797897890317 0.00383478597298276 -0.0498875059678697 0.0450544546140273
-0.0546764227070723 0.0337775248272999 0.0625162839068764 0.0348911767130833
-0.0333995722438021 0.0601365807244911 0.122027868820283 -0.0977076691065752
-0.0275428328555019 0.0781024660619238 0.143605631451915 -0.213985648382091
-0.0292815032578716 0.0801719878845861 0.186860444989965 -0.273459203142475
-0.0631091120964577 0.0501084894425324 0.2770477287487 -0.227961476300904
-0.0729442248926858 -0.00077849994486601 0.340722259367075 -0.0996681635678345
-0.047275162596949 -0.0348749730645145 0.314506606576463 0.0731473196387064
0.0295848352363057 -0.0409340350469616 0.212678322551243 0.256645466919756
0.032989158406428 0.020467038490229 0.0648449401582407 0.343378486243547
0.00503736128560236 0.0710998299159984 -0.0418076150677299 0.471296890595814
0.128597439953329 0.222274001234629 0.209427806200424 0.225486862034615
0.22802945915087 0.0523004674442229 0.185792068401867 0.0650987867877206
0.145819033436881 -0.136350352024645 0.140677404109775 -0.069858535001564
-0.0889088771319235 -0.160789779790687 -0.0545684113995119 -0.118677037086283
-0.164466667236871 -0.0379261866402183 -0.103704306752796 0.0452486425975822
-0.157097923926826 0.0623000988084534 0.0233094565816234 0.0724710757926404
-0.0990378952535617 0.138198585230953 0.101971817410892 -0.0492991998192102
-0.0755177855670277 0.160415089139937 0.122915277813803 -0.17091382343585
-0.0870978401608991 0.151071611473303 0.15583083951929 -0.237116905930083
-0.161617166636199 0.0734868233752479 0.242622681365382 -0.224318245158887
-0.162995363207871 -0.0442511109719702 0.328374358326183 -0.124443876618795
-0.08684428211404 -0.127695160695783 0.330062055771466 0.0505516201055783
0.11190031567704 -0.118783141916887 0.219353798875643 0.245835992240113
0.170548983395503 0.0638697110006148 0.0455992083395607 0.314358368316669
0.0909925047526573 0.216195526499257 -0.033540833455809 0.401113570672087
0.15976271792932 0.310834037836208 0.179888598706723 0.161314883126477
0.310353673391961 0.0811821816045092 0.217967561413981 0.0472642601515607
0.213097717107156 -0.179729577142186 0.166282186946454 -0.164457914319127
-0.102971947198508 -0.23483519718554 -0.122046930249283 -0.18437790077951
-0.229897396901053 -0.0761621088652692 -0.183731307788536 0.0515841640622757
-0.23359514580599 0.0699213941227904 -0.0410856235816625 0.120715918456923
-0.153051310823075 0.188333318621027 0.0564542267756984 0.0190477969662591
-0.113244770592391 0.217521830926258 0.0843879733303263 -0.0995069346668632
-0.127570554808705 0.202633044526513 0.109654304076855 -0.176336012446684
-0.230379779962817 0.0985361938666327 0.193750867385817 -0.206119732079929
-0.233588515960115 -0.0643719230175021 0.307456310145369 -0.140393307267968
-0.135136489799862 -0.194788560762481 0.334875447561939 0.046759945084303
0.164914660060166 -0.200317078803619 0.190515524820187 0.240885837195706
0.290058306139628 0.0772151130540973 -0.0121694742779078 0.258832226395625
0.178349201690101 0.323159673693101 -0.0469742512576218 0.28539819132483
0.158517704631432 0.356843735504969 0.162115709333078 0.0549835107182733
0.334202910574954 0.110024534625605 0.237515732897977 -0.0383832237199938
0.245145243100767 -0.180855777329087 0.128386964707118 -0.265758358260719
-0.0886611587077251 -0.264038089585763 -0.206047269203951 -0.217404337913492
-0.249816878428664 -0.107519409792977 -0.25668574712344 0.060917994221538
-0.273254740391156 0.0585969645956285 -0.115648415825072 0.162846691715864
-0.184991481390106 0.205984715802217 -0.00811502319982151 0.0955944773477953
-0.134367727020264 0.242713209039423 0.0351619318943173 -0.00957919341277629
-0.146448570051853 0.228347235495738 0.0587638157005071 -0.101432611505034
-0.264128637889194 0.118927149608585 0.143043213932515 -0.172354333928638
-0.278645505080332 -0.0670813933054832 0.279129936742445 -0.132184075670075
-0.180954591461625 -0.238927045351225 0.308225431891242 0.0690440916388723
0.193026588222964 -0.271702997278809 0.115854117779184 0.227885138765421
0.3772108171586 0.068418134139488 -0.087168067547905 0.17299319275524
0.247816763480042 0.37818371142733 -0.0769700041254554 0.141936923747738
0.143814725158976 0.354157251845582 0.149337438879486 -0.0854939329434317
0.315409171832242 0.125259931288589 0.204377949804932 -0.161961588067667
0.244685806028396 -0.153876355423642 0.0434298090570973 -0.322875052511167
-0.0591407658044501 -0.25322044475196 -0.267469010670312 -0.211260820771737
-0.232227660774456 -0.124131005137182 -0.307569465559493 0.0644383769048532
-0.270069580842103 0.0373927632241064 -0.188555100973292 0.190682832940997
-0.187590504996969 0.191065930758692 -0.0787953208746309 0.169831764096031
-0.136114873191326 0.231044236730905 -0.0163831376478441 0.0826904093582307
-0.145739173542017 0.224283415232177 0.00931276359523187 -0.0223428177553808
-0.265960253907001 0.125292761633977 0.093798111827423 -0.121396619447904
-0.292762261649632 -0.0661710451777415 0.233219342668356 -0.0944046193198616
-0.198299872088466 -0.265304536835019 0.236983216369243 0.0982297028520687
0.210878780863203 -0.307965984433748 0.0172514045443161 0.178765540004779
0.416438531973782 0.0604911837997864 -0.137820950473241 0.0688685468565808
0.277118706415249 0.378832930933232 -0.116786142203807 0.000790377115333247
0.120143097112571 0.299068914006954 0.126590659820817 -0.236398467970515
0.258585154588762 0.113125029409699 0.124484193125478 -0.267510818123904
0.208571806253536 -0.115270723420413 -0.0424328058679136 -0.327060032035657
-0.0293632436743284 -0.208630613224504 -0.291777175580851 -0.186299884962196
-0.183081683810405 -0.117160205855942 -0.333220069995629 0.0578290726263517
-0.22346348815086 0.0133490924124507 -0.251035164883397 0.205479071634854
-0.158554995361826 0.14781442176932 -0.141339061796815 0.232565846210947
-0.117452176530862 0.1845439628772 -0.0639920316184542 0.162015324816974
-0.125654926650228 0.184999605900981 -0.0358787832605761 0.0498356329743938
-0.236055217374413 0.107375226949249 0.0432149818921526 -0.0595646835335231
-0.263817747509499 -0.0706501913308676 0.161885474514293 -0.0474617312938427
-0.165564544875106 -0.261102020075703 0.137218625824505 0.0980603517942619
0.219782862298326 -0.278264073796605 -0.0557277190348523 0.0953058731226143
0.385971304605909 0.0633730424814037 -0.141430354614296 -0.0160533881043849
0.251729729196876 0.323453572363782 -0.159002209581978 -0.117749887850368
0.0871022657026093 0.198704642150599 0.088098218722157 -0.362110356537737
0.170617717572946 0.0794201177196299 0.0357901135189404 -0.329669544066206
0.142512233087063 -0.0715355448042887 -0.107871608731208 -0.304804855539941
-0.0043912846813143 -0.13460868942861 -0.296391834275876 -0.159930834351517
-0.108375326027424 -0.0881694355174392 -0.345010282761905 0.0522336974113724
-0.140957367475067 -0.00949547767044653 -0.290386711265863 0.215142816589166
-0.104640859533901 0.0838222861771021 -0.185187737667683 0.273570317514791
-0.0804379761047924 0.110655155387375 -0.0998709869614148 0.216467244613371
-0.0880715172689377 0.116007260025894 -0.0715022879540268 0.10513826975089
-0.169136624040888 0.0642097837221783 -0.00653110941189331 -0.00603384983430607
-0.181855221155853 -0.0695051442544041 0.0813342990261867 -0.0176565970666742
-0.0898126229675627 -0.201528996057008 0.0580980022825803 0.0639941585503654
0.183419814593317 -0.180501384602304 -0.0743930111486797 0.0201745666557347
0.268943770438534 0.0595509558847159 -0.118186933262446 -0.0508587980113406
0.166220694520033 0.20872593540814 -0.192168328705196 -0.199249158109279
-0.0428582742874064 -0.0488286708538217 0.235397844018141 0.218185769084152
-0.0856292074889893 -0.00164284101029119 0.159590364588842 0.0231037441844765
-0.062476892663508 0.046793715103013 0.060900156410585 -0.0101118225428082
0.0124173476926903 0.0789871441709589 -0.0271598092264426 -0.0478162235301772
0.0625997230579747 0.0305413159835141 -0.0399711566516905 0.0424564210902455
0.0547002015095401 -0.0158088337997966 0.0721950026888879 0.0175830398980132
0.028668590215117 -0.0319457934791472 0.106197948934363 -0.119401694881681
0.023396918995178 -0.0176878770454369 0.124528914438958 -0.230301120407158
0.0389126742279538 -0.00166916297138495 0.171521603502997 -0.288751998748977
0.051733242680718 0.0246034419025125 0.269189197623656 -0.234788748132567
0.0283942308646212 0.0536463609765823 0.328511642392546 -0.099645593748751
-0.0125858305488839 0.0701054023591265 0.296784133730351 0.0834390528712678
-0.0697127224375143 0.0307202748057859 0.198563399788434 0.259099989189368
-0.105756015557984 -0.0410519217111199 0.0579715279388151 0.342584323289336
-0.0656554813975986 -0.0872787002042666 -0.0436998415813093 0.474103175915259
0.061471861275721 0.0914525261240155 0.243683806234276 0.232845069730637
0.0855017407870172 0.0186109612261607 0.168888489471508 0.0317633700562093
0.0426627285555859 -0.0573680878399579 0.0892107443965425 -0.0308195998020595
-0.0498247296195006 -0.0436801112503271 -0.026353960593661 -0.0630816037978982
-0.0585668690911917 0.00673274340983178 -0.0442452471763364 0.0468163349070809
-0.0508453803811693 0.0369157066585816 0.0663679912951262 0.0297958134950941
-0.0289610697080072 0.0613881868527149 0.113061581077439 -0.104098025855493
-0.0207894361534908 0.0786071487255714 0.12569220780645 -0.219906622510885
-0.0223311764357781 0.0807686423159956 0.164721697789065 -0.281163744286081
-0.058716719242877 0.0527049472125507 0.257831287198356 -0.241005653615452
-0.0721459901704313 0.00435742266121146 0.327488277448502 -0.119016517991669
-0.048266869766347 -0.031478908915514 0.309209406643034 0.0559844812888728
0.0261450377410499 -0.0431368446318454 0.22160606789238 0.240814460762646
0.0337153187947673 0.0186789588858465 0.0773677972205204 0.331417468151603
0.0107007616013245 0.0706724874879842 -0.0205891276816094 0.462319639972868
0.138189468678243 0.212313983275938 0.215852502466136 0.210627731725597
0.225626040864777 0.0398528298070804 0.184970694427804 0.0533593450490087
0.136586692970911 -0.14059427818041 0.135040162743281 -0.0813573333520692
-0.0948637658426637 -0.152978435364099 -0.0598695604768522 -0.114847885199356
-0.16326887780677 -0.0274892841306623 -0.097770450636942 0.0495715595818235
-0.150014878693432 0.071788123050732 0.0305160543253372 0.0686953007365369
-0.0877758288829681 0.141812958752863 0.0970150808180631 -0.0560788063508715
-0.062516560318843 0.162183369689912 0.108946515776581 -0.175572297032635
-0.0742174782664522 0.153542903841456 0.137106997681685 -0.243898112698682
-0.153138045552011 0.0826578452365996 0.223478356071379 -0.234733959677432
-0.164057949700639 -0.0318821880195876 0.314298576583028 -0.142760898573013
-0.0934025536473422 -0.119358157977505 0.322642275597931 0.0309871393868625
0.102305894054887 -0.125065912859628 0.226930768334293 0.229739617749171
0.17121890688999 0.0545998724717262 0.0569129079471504 0.303614076305452
0.102216175346664 0.209865500242802 -0.0155427841019954 0.393125876036688
0.172568742802883 0.297942939573708 0.183252518433813 0.149267189009301
0.307893102584282 0.0648287642734561 0.215530028413399 0.0358869747918028
0.19989326859967 -0.187302631492337 0.155578231554855 -0.174577870569487
-0.114071176907309 -0.224992942836335 -0.129166054115308 -0.175266105210303
-0.230152965340052 -0.0610517615944343 -0.176195273824927 0.0596133575758277
-0.225694665699351 0.0849605214510025 -0.0302122626942309 0.11920651338115
-0.137348748972625 0.194812440346634 0.0569776288541957 0.0133235494367252
-0.0961507224539234 0.221515979209583 0.0751115937105205 -0.103164014684993
-0.110634440492307 0.206527026223995 0.0958871905750742 -0.181426627566591
-0.220028802675378 0.112119192606196 0.176685654596199 -0.213968776760275
-0.234006188093644 -0.0471329127994704 0.293590124754508 -0.158328996960656
-0.144479720174127 -0.183230029763758 0.326514308141322 0.0262736028709581
0.151234717689256 -0.208150469225916 0.198575038080743 0.227402631450463
0.290141449826599 0.0607280092743958 -0.00307121296239552 0.25272942851221
0.192702249894475 0.310281896891352 -0.0344961376303677 0.279669032111329
0.17417455381918 0.342809566733732 0.160384936282512 0.0468018557418279
0.333581570029315 0.0910963096792488 0.230317762116261 -0.0486994549345604
0.232395524972559 -0.190515738376082 0.112181425713973 -0.272113820963314
-0.101991324990634 -0.254769796074899 -0.212952258652286 -0.203356974882729
-0.252251390336745 -0.0895828198948749 -0.248506044674218 0.0730041881923638
-0.266153249317805 0.0775274782281106 -0.101221626668652 0.165565296214449
-0.167813506983787 0.214758967452413 -0.000323630948466686 0.0920019123954516
-0.114717739297564 0.247392004930992 0.0332990956903966 -0.0120037435860022
-0.128270052525583 0.233569068171488 0.0504323016714968 -0.103997507946881
-0.252233923125879 0.133976938746375 0.128282976184257 -0.177578339417049
-0.279675725657083 -0.0478539964955936 0.265398868935225 -0.148237435302971
-0.190690080890771 -0.223949531118273 0.301283921540347 0.049996325794963
0.175403776858995 -0.278809643271851 0.123188761658434 0.219433596119252
0.373266327214115 0.0486748052982036 -0.0797053055506517 0.173586057581088
0.262519686391094 0.361446123840637 -0.0719185738593801 0.141954178648798
0.158269550273631 0.34240110612652 0.141578118936001 -0.0896924188260313
0.316410161032957 0.105744178335713 0.19184804579321 -0.167725704013711
0.232961282894462 -0.164999373989532 0.0264375725753581 -0.322350269009215
-0.0730491475602235 -0.245569561290644 -0.272513503077762 -0.193271634890762
-0.235806869856401 -0.105910415715492 -0.297904389885114 0.0784184871158244
-0.264184377748779 0.0561349413804908 -0.172438127048288 0.197883757173324
-0.170557043610269 0.199749396789536 -0.0644833527169165 0.169925461614605
-0.117636736626387 0.236563692340998 -0.0110064562485522 0.0815082345918881
-0.128130435169163 0.227833592186549 0.0067119852852261 -0.0231270969450967
-0.255049823436127 0.139830147393179 0.0830671216255557 -0.123691229336454
-0.293334790932685 -0.0475099537452944 0.222410019705055 -0.108228893912411
-0.208784265475776 -0.248047229946162 0.232580269267083 0.0816247161829261
0.191914773675864 -0.31410926674889 0.0240378855894162 0.177014341659877
0.410948059740015 0.0389385190082546 -0.134909582043279 0.0748403819023109
0.28963734603861 0.35889528506203 -0.117086508926196 0.00542909054775698
0.132254232784296 0.288687017479622 0.111917214276229 -0.2360941103849
0.260245333363167 0.0984644782854976 0.108015159261687 -0.26695744193315
0.199191443160805 -0.125247366135325 -0.0581472343420195 -0.32140166666026
-0.0424133580591052 -0.202789164854463 -0.294585113230674 -0.167662201103378
-0.187373530075631 -0.101540122148777 -0.324221764321966 0.07437363009302
-0.219518751309611 0.0290584274408707 -0.232233063343116 0.217082119372549
-0.145556750172697 0.15574853829925 -0.122309771855794 0.235723193267481
-0.102423243612249 0.189911375933276 -0.0521690622316667 0.163087991269148
-0.111472220578253 0.188331700426798 -0.0326984460858979 0.0511737165416311
-0.226535389839225 0.119020841446126 0.0373689848364131 -0.0597267739083849
-0.263742106688989 -0.0536619855784721 0.154951206577805 -0.0575430651019579
-0.176167696212312 -0.245630251028888 0.136303327309715 0.0868582453943798
0.199512754229727 -0.284553161033079 -0.0518340231572989 0.10019481883002
0.380076998640242 0.0422200904972633 -0.142050945718832 -0.00667462472873512
0.261595433147611 0.30707723947964 -0.164030774951998 -0.107601213653254
0.0952065875125437 0.191500478342412 0.0688174308634504 -0.357969401884763
0.171483813469735 0.0695161688162935 0.0188836141016349 -0.324018963587002
0.136065062768626 -0.0782029015167187 -0.120692381185162 -0.294935076813875
-0.0122768215602383 -0.131623069448243 -0.297614075710265 -0.14093199800714
-0.111656833530521 -0.0777713656636627 -0.336707900292498 0.0706039491504205
-0.139956769857636 0.0010619864377141 -0.271556604121781 0.22922403845401
-0.096641411974424 0.0890859726373848 -0.163619974537992 0.278875056050384
-0.0711824273558669 0.11472679451139 -0.0836075053313573 0.21877791261499
-0.0795388416467739 0.118532134385963 -0.0643801297045218 0.107757009005511
-0.163125449744459 0.073793088137957 -0.00840962879705459 -0.00373856628174453
-0.182867700602136 -0.0584533374760686 0.0770743444951384 -0.0242529650512876
-0.0984252448171189 -0.190888762220654 0.058351249444408 0.0581272815697659
0.168759591476979 -0.18653809619625 -0.0736452812484447 0.0285088830926569
0.265321192330849 0.0448781348378048 -0.120707907902413 -0.0421329101982346
0.172863727359098 0.197326212786379 -0.201182488618554 -0.184580443947712
-0.0425500611298721 -0.0450096521710621 0.235867836412035 0.203194494185537
-0.0821496751250518 0.00215433597532489 0.156575764068722 0.0153373442073682
-0.0596601534932208 0.0466749635920593 0.0603031997559649 -0.0163228575515822
0.0153839653401293 0.0759410958543077 -0.0285013026978706 -0.0462268668464135
0.0616588579281624 0.0271398901859135 -0.0342442863114423 0.0432447974752527
0.0523249742740009 -0.0179744625202829 0.0733865889755061 0.0115715557268939
0.0263897207807088 -0.0321476082699887 0.0965946661299054 -0.119159401051733
0.0224696236835057 -0.0180490529411167 0.10929482515591 -0.228152827155572
0.037609855205077 -0.00400545872914532 0.151125968753923 -0.28691209358513
0.0510737697192808 0.020050234617685 0.249606045425628 -0.239014345104345
0.0303448991935415 0.0506933137817632 0.312693238205743 -0.110145650876889
-0.00950205491631333 0.0682270875899631 0.288115314850255 0.071590487150433
-0.0672210639634487 0.0312088225052913 0.201364686277778 0.242829361794144
-0.104019393682205 -0.0341990414627458 0.0639902194708312 0.326992725131581
-0.063896074283034 -0.0821891226229342 -0.0301857044658985 0.459403016129659
0.0629938487779486 0.087355093243529 0.241862265592569 0.216819933202185
0.0831754228103907 0.0155696675720556 0.164485413492843 0.02463298007982
0.0393014906116407 -0.0568643439200427 0.0851720098162974 -0.037733892406358
-0.0489610101481349 -0.0407541579761164 -0.0284689603853997 -0.0625013752934749
-0.0557588335880595 0.00828614983994639 -0.0386113622789611 0.0459785217749694
-0.0468754028938131 0.0378916684326079 0.0683992085339213 0.0243444978695326
-0.0250277125117519 0.0608221339414133 0.104556279162773 -0.106316802716369
-0.0156396492438672 0.0774270397908351 0.111143305081371 -0.217992201866449
-0.0167248117845891 0.0782933183215064 0.14491397246315 -0.279405969468263
-0.0546293365408957 0.0530077473137185 0.238144446589025 -0.244261139300805
-0.0701684174381219 0.00802469104576761 0.311978267164466 -0.129320148454111
-0.0475152007058635 -0.0284305835622385 0.298309479036571 0.0442261553529212
0.023315429350773 -0.0441570109365432 0.222296380530138 0.224515281928379
0.0332819530241779 0.0182421250519758 0.0811159038964062 0.315740095319611
0.015409840090535 0.0692199435788165 -0.00834586340239791 0.44669472331751
0.141313654815932 0.200540758224682 0.214236146549054 0.196954228669929
0.219006361916702 0.0321479926031849 0.180085542320743 0.0458991311882044
0.127663979412396 -0.14031059532142 0.12747380016208 -0.0883998342432318
-0.0965348253402861 -0.14427973173512 -0.0624594553987571 -0.110334785771966
-0.158542005816299 -0.0208699179085483 -0.0914691759929816 0.0503190369186411
-0.14140937115532 0.0764195810536742 0.0351868193375795 0.0630452117528677
-0.0775865501524459 0.140926410123378 0.0917727751603352 -0.0600275236654347
-0.0515306269881123 0.160070247400523 0.0956707388909006 -0.174742863927033
-0.0632508533664912 0.150936665676514 0.120387799436019 -0.242882030668493
-0.14493219432381 0.0866678599303405 0.205664804810937 -0.236490450069347
-0.160650262338845 -0.0220311709987339 0.297994985337347 -0.153237105549781
-0.0949340146471017 -0.11132737661623 0.309312054865433 0.0196365999402406
0.094077589693856 -0.126502088116532 0.225896096711758 0.214053014326213
0.168459381440539 0.0473637737405825 0.0609453556780875 0.289666081811777
0.107949565709106 0.201495939805052 -0.00665132772783856 0.380373252438441
0.176992829543412 0.282361538051253 0.180456019947833 0.139600457868376
0.298614341561193 0.0532051614020377 0.208977061760372 0.0285510483584732
0.1880917186581 -0.187001226919097 0.143956482740201 -0.178972529752714
-0.116765739819887 -0.213383341244537 -0.13134669478774 -0.166001190261688
-0.224467235255979 -0.0498953245100543 -0.166855862085741 0.0626923864265999
-0.214386102846935 0.0937420675740519 -0.0210804381828908 0.115178080161348
-0.122776603976889 0.193976131444316 0.0572465095700519 0.00831484672644689
-0.0809527982580097 0.218692420998795 0.0674098614600127 -0.10338379861015
-0.0965033973953124 0.204215499291188 0.083432277571982 -0.180134668758186
-0.208382392042466 0.118294410947773 0.161499079570566 -0.213390031529268
-0.230084372790347 -0.035052869424757 0.276646196839484 -0.166837408248469
-0.146627073986231 -0.170996179242598 0.311969104407144 0.0151096288713769
0.137843491730399 -0.208163791304084 0.196636218736883 0.213556984151683
0.283970201472449 0.0499649068699905 0.000596690398554676 0.243307631750735
0.196965420844173 0.296405761479814 -0.0279172419271663 0.270324066602827
0.179128048928272 0.327815057018448 0.155572919731869 0.0422468364049757
0.325463102254333 0.078804202569684 0.220607859676269 -0.0526460906356253
0.220133873790181 -0.191828445091488 0.0997858289932569 -0.270661795751338
-0.108100984699198 -0.242010193442615 -0.212297601559433 -0.190132157797582
-0.247454942074601 -0.0759961354173598 -0.237016049232963 0.0782538327191174
-0.254012835718402 0.0884734660743658 -0.0891142872020656 0.162887513677253
-0.151698564395755 0.214370440488212 0.00514954864682841 0.0867206596677488
-0.0982756823403018 0.24498385990422 0.0305875533515991 -0.0134587280892546
-0.111844891193334 0.230765868910109 0.042388874304494 -0.104115872029859
-0.240121501784633 0.14148893522912 0.116418525661167 -0.175646035598334
-0.27388938083898 -0.0340299812624597 0.249555133418993 -0.155315641615954
-0.192202802055158 -0.209227698578402 0.287763421689158 0.0371140499064592
0.16076430762027 -0.276841411523638 0.124139043865106 0.20865522956596
0.364143631761968 0.0358577563353801 -0.0755111860833293 0.170335340354887
0.264763086513443 0.344535691627439 -0.0671759819203876 0.137676503280318
0.164503100416284 0.326231411260697 0.132891306606071 -0.0894716107147587
0.310374090666138 0.0942129843358248 0.179935899794308 -0.165900198115661
0.220824684051284 -0.1681301715276 0.01520541452196 -0.316325771142612
-0.0800940121754804 -0.2347928238142 -0.268550601498414 -0.178232736742368
-0.232291433124013 -0.0910265595743633 -0.285713672480305 0.086531872660815
-0.253538171324769 0.0679198133933665 -0.15695472047986 0.197685114306747
-0.155186640598131 0.200452109912207 -0.0537509274488317 0.16431864994336
-0.101034860355747 0.235036017614603 -0.00798302680006214 0.079587875326176
-0.112444660728562 0.225459130752615 0.00434965666828648 -0.0228353268464389
-0.241649369535979 0.147185111333512 0.0741831074984595 -0.121736219597443
-0.286772752891512 -0.0336439001005265 0.208630469604445 -0.115812655534909
-0.209486202585412 -0.231591425505561 0.222906131822442 0.069800541200871
0.175350669587519 -0.310722325288312 0.0274491278142838 0.172491918811157
0.398692043803249 0.0254600812508873 -0.130488077970813 0.0767930030757746
0.291501928420382 0.340424970358277 -0.114851484307233 0.0078817787601449
0.137323640455109 0.276304903002613 0.100607298463249 -0.229587959565461
0.255370674303336 0.0870983230918583 0.0963898644642352 -0.260397010035596
0.1885615726059 -0.128637331488433 -0.0666861000887112 -0.310675503535566
-0.0490445990553176 -0.194497399364261 -0.288789309978239 -0.152997959667525
-0.184710079426493 -0.0891283750243295 -0.310790770902054 0.0834825195760106
-0.211469161248488 0.0401029873692797 -0.214527823796963 0.220267625057544
-0.133372739073851 0.156432764549889 -0.106339637672664 0.230971878736927
-0.0893099310636864 0.188777910671039 -0.0435636943916488 0.159760189173857
-0.0991667619405587 0.186613739364046 -0.0303256696489592 0.0511502231417789
-0.215188306924407 0.125660584297549 0.0321208483852904 -0.057843961526843
-0.257864060810635 -0.0413705515432912 0.144206767257994 -0.0642137237544268
-0.176436638405581 -0.229844908237344 0.130955319573145 0.0776819402632844
0.182349532030027 -0.280475204989853 -0.0475989808757623 0.10159230901552
0.367492528203066 0.0291802585284418 -0.139900704526625 -0.000280412877046316
0.261810663766616 0.288379168646786 -0.164585401340288 -0.098795368556438
0.0980838582779399 0.182675536508948 0.0555356297414991 -0.346570769211455
0.16869841349393 0.0624585929226103 0.00838658233613074 -0.311688311367086
0.128129617467009 -0.0801663095157782 -0.126937675223746 -0.282982475378636
-0.0183727009928913 -0.126375880672753 -0.291350566000087 -0.12657733541563
-0.111060775393911 -0.0680914249729332 -0.321825100256434 0.0812270731113454
-0.136478143345615 0.00904805586504417 -0.252623525995241 0.233268390002627
-0.0896814762894394 0.0898636272559849 -0.144413623261106 0.275933386068584
-0.0636318132070769 0.114419762536173 -0.0711924214567414 0.215989980970253
-0.0722569098177945 0.117609656678557 -0.0585595931280434 0.108058851882737
-0.155154464264636 0.0775703636693656 -0.00929624450226272 -0.0025854427761727
-0.179040853357662 -0.048376243200622 0.0713616978147489 -0.0282500091594299
-0.100118592565212 -0.179431439129703 0.055720694595536 0.053408924274584
0.155538556634888 -0.185828138539865 -0.0713687248448321 0.0349905453886404
0.256451571112018 0.0353904072855337 -0.120360601301392 -0.03419504195335
0.173849329165963 0.185766963321267 -0.202739293100483 -0.170566956735732
-0.0172495644371932 -0.0583933848894745 0.123537810782101 0.282916127642633
-0.0721237821216065 -0.0326836257372178 0.136249796298469 0.0811786513162368
-0.0716065492503588 0.0156877235433587 0.0667216149895647 0.0115976277609876
-0.0189807259967748 0.0718960240745514 -0.00222453137688414 -0.0540837872315497
0.0432639533582049 0.0488719301797215 -0.0445007534081663 0.0230537172872897
0.0534501265160612 0.00500815739910069 0.0639460039597854 0.036823337831791
0.036182571787791 -0.0167096830958662 0.132926866206978 -0.0681691051989862
0.0278814628520788 -0.00723627287736418 0.185213184814876 -0.159475032848332
0.0353174048835949 0.00926512217720115 0.246397091769946 -0.194403174315736
0.0371320201437871 0.033895596067507 0.317833862891808 -0.11258363786003
0.00847419148175096 0.0534260069299591 0.318382505610554 0.0292715163084684
-0.0312157412640984 0.0535899288911183 0.222758946539449 0.181981013932786
-0.067717882520382 0.00302154213698116 0.0759743862452931 0.293299061812768
-0.0770561573993158 -0.0642051982793292 -0.0765723319437792 0.307410163422772
-0.0240374202800996 -0.0909445928679019 -0.210267242906778 0.393533999936112
0.0184281188057909 0.10794641846483 0.133925247985354 0.282988478731213
0.0654505729087805 0.0500017320083846 0.138408283906579 0.0858424733567187
0.0586262490237614 -0.0336499063817605 0.0899010254725836 -0.00466069022729759
-0.0245670085233583 -0.0560243737446849 -0.00377574061752658 -0.067495760492151
-0.0508385269577934 -0.0167307824635937 -0.0515819578870513 0.0279851838530101
-0.0559349239446914 0.0145534588572979 0.0539368711158665 0.0508780762461757
-0.0455668333885083 0.043736087361987 0.13596258203817 -0.0520729983496105
-0.0426835242380221 0.0627205186092067 0.183331474748821 -0.15007319782028
-0.0442114943013541 0.0611069879787507 0.236066688310248 -0.191974296514075
-0.0700250555927933 0.023912593998977 0.308278182135436 -0.123448000539593
-0.0657751602333522 -0.0226781636804762 0.325187825267762 0.00995492699215889
-0.0292799774209598 -0.0466498237789328 0.242858613309721 0.160138978879421
0.0423055067956792 -0.033188504366473 0.104663629429734 0.286491112299414
0.0281795406251109 0.0333778066523363 -0.0565994235195622 0.310815863307743
-0.00743480329749523 0.0763164616954421 -0.194635591880008 0.392799449575664
0.0372989058129999 0.244196927746168 0.126540453743406 0.243851648273389
0.174867908917274 0.12297041128432 0.144603510963778 0.104020214260185
0.17179764300003 -0.0699057871025929 0.14425123510372 -0.0390800296619293
-0.0216719813316921 -0.164749632899625 -0.0213841028288239 -0.124010705069023
-0.127958110538402 -0.0850919730234153 -0.103207565163348 0.0148856461873281
-0.154805987310518 0.010409607279999 0.00742882348983894 0.0761297612101135
-0.122927768524521 0.0930167661330818 0.10680108470295 -0.0154116317271071
-0.107519931687463 0.122977618057228 0.153317197723233 -0.117366654435514
-0.113577605295096 0.108523104906353 0.197797676090377 -0.169337882898825
-0.164285002402958 0.0208964944859787 0.275724777884942 -0.130738618475424
-0.135372011118547 -0.0840176255430911 0.321658116907771 -0.0177079555377652
-0.0398224190621252 -0.138882181131592 0.262418615538457 0.140602317818216
0.139022646410112 -0.0817522896117023 0.112770770465399 0.279876002387188
0.138279640203018 0.109354043728253 -0.0647550130040684 0.286102239966581
0.0270633786260693 0.230755047108821 -0.173341084644502 0.335237429533772
0.0330609743271789 0.334079696595363 0.128337556525032 0.174344026279733
0.235399754938965 0.176384111601005 0.179034355207696 0.0973489290453467
0.245659592399955 -0.0850811668311218 0.192846459905891 -0.117126525689835
-0.0102020467830162 -0.233124719434048 -0.0649675622903793 -0.200920859011047
-0.17315276295383 -0.137353932004731 -0.178288225638489 -0.00302725834813219
-0.22617248154489 -0.0039067650071778 -0.0648987635595932 0.101008311248163
-0.184281640998519 0.121834987601557 0.0486558749570707 0.032044437164161
-0.15596903927345 0.163959438056929 0.100040308511262 -0.0652973622824221
-0.163547605596107 0.143887580546221 0.13989064196992 -0.129402939070589
-0.232510423739456 0.0259922866010148 0.226059901260242 -0.128838831948674
-0.194169541465388 -0.121975318876832 0.30833971553375 -0.0387705241447821
-0.0630141535233801 -0.21204537336946 0.266985192884824 0.13569654899985
0.210046150222382 -0.139688556017068 0.088975374082772 0.267634340683671
0.239243448827117 0.154572194761647 -0.0978441783443154 0.22784871620746
0.0722614169596766 0.347151762084314 -0.154522133269632 0.230393710430646
0.0146712863301639 0.375459493888327 0.150432153611162 0.0764482850495473
0.247106309029704 0.210955495507101 0.224436791335746 0.0292840618279754
0.275886404753173 -0.0758259178293787 0.191394107084012 -0.219177444400133
0.00953328663998874 -0.254431316617677 -0.128641196355133 -0.256241698207753
-0.18229324474976 -0.169379112525021 -0.248991174380534 -0.0164552559863749
-0.258387656077388 -0.0239169446182507 -0.146237563087066 0.117628937073845
-0.217498385723965 0.127943869432111 -0.028779546493195 0.0818725890938352
-0.182061453838902 0.181124332072068 0.0327323758756596 9.35551996857395E-05
-0.187366563629231 0.16153264924077 0.0735346729753743 -0.0773415546912122
-0.269683642377779 0.0342624917844158 0.169671867120613 -0.112890384581238
-0.233241901774232 -0.138485849511808 0.279085376213895 -0.040954216382086
-0.0876376467810449 -0.262972321252846 0.236223709231841 0.145066432608231
0.255750968331773 -0.19140164707841 0.0279567599622758 0.234492040847294
0.314638979882076 0.17263938410545 -0.134811122062016 0.136544503658254
0.113974840203584 0.414233287513365 -0.138970835721357 0.0983180234796186
0.00197646017334079 0.368146599523894 0.186272336626451 -0.0471871751013893
0.229426807062624 0.21746292080818 0.235496967384084 -0.0887372114610927
0.266837544797592 -0.0560947987966453 0.135503899782463 -0.294412883449196
0.029520070331883 -0.236564565473023 -0.183269039376573 -0.270887109366127
-0.162262834555268 -0.175396301776837 -0.295661152179525 -0.0304522237086295
-0.24977428404444 -0.0412723382386529 -0.221075180628318 0.120642042035281
-0.215323280513752 0.114455431169715 -0.112714742428273 0.127939796522868
-0.1813499437857 0.170521181940655 -0.0375649430080562 0.0672232403606568
-0.186652112395494 0.157872620381236 0.00787056280622853 -0.0208004472902271
-0.273422308592026 0.038860884586671 0.110057082074725 -0.0816310574355417
-0.244364827386181 -0.142073274001364 0.226401836010633 -0.0223121831708593
-0.0935599663875101 -0.288065076521015 0.166091597199579 0.146038823368706
0.279021183587028 -0.215930593136689 -0.0422555137352717 0.164156715356473
0.346218435211845 0.175136608123208 -0.145717129567093 0.0344958774324143
0.13745833137783 0.418529421808843 -0.129002677927041 -0.0346190188717699
-0.000684692865837 0.310773666801062 0.210807935556268 -0.181334318435335
0.184297240153691 0.187640735215009 0.198603933179102 -0.202639122940079
0.221356686500609 -0.0343889197968111 0.0636423364859047 -0.319951358043675
0.0394273604205228 -0.187206677076919 -0.208554943984666 -0.256282211210418
-0.122040882445432 -0.152459623272925 -0.316424455449642 -0.0465131406998766
-0.201770101063159 -0.0486557579058341 -0.28155896409928 0.115391951112671
-0.178388940963542 0.0843871107824743 -0.186280318779699 0.165595100428054
-0.152797319402545 0.134500794021308 -0.101374418520542 0.124539041007991
-0.160106230874157 0.12775364281565 -0.0512217098745942 0.0315727522933929
-0.241308112550359 0.0295265368408596 0.0477542059964356 -0.0414859596809908
-0.214386265006729 -0.137422478251077 0.149805676659251 -0.00273816072530366
-0.0653386238929377 -0.271448610415197 0.0823067314801121 0.116166573752198
0.272163206664521 -0.183867927536837 -0.0792424750143648 0.0736710518573506
0.314907545689985 0.164980995284716 -0.123307677655709 -0.0375969181303607
0.129093658229294 0.357672029092888 -0.126169192663304 -0.148486756465373
0.00467492548157251 0.209716664233765 0.21099638426707 -0.29770287342285
0.119304075601423 0.128887428560499 0.140431353069918 -0.28005870773576
0.146286251595323 -0.0173130400631724 0.00133252902295518 -0.315398080611286
0.0379700160930139 -0.115595272507517 -0.216438785205615 -0.234634553166969
-0.0653560050177786 -0.103467793400678 -0.324380245753728 -0.0554971947641825
-0.122399050642206 -0.046287179386173 -0.320212981098396 0.109426427018513
-0.114711185270393 0.0424569778387926 -0.2390036994302 0.189044714754741
-0.101808138364339 0.0783102391664348 -0.147757149971382 0.163049295411382
-0.10985220506595 0.0776572199181326 -0.0974681519946845 0.0711554864848661
-0.169168436074991 0.0104285957082116 -0.0102402592525747 -0.00842445927743534
-0.140743359827396 -0.113042774906428 0.0715170442933351 -8.35474523459764E-05
-0.0180345838008578 -0.196456724398472 0.0263845697170981 0.0660382989258182
0.209023932883674 -0.108577701695343 -0.074508673916995 0.00722137201909844
0.213748940340495 0.12729106733208 -0.0942266565699776 -0.0643809050171317
0.0858231674941378 0.230176475046951 -0.12472711962152 -0.228753107256125
-0.0170888745443971 -0.0568739158992206 0.125994089140273 0.279968125144769
-0.0711592329246264 -0.0312408900312127 0.138490378499074 0.0791093171925279
-0.0714319236586933 0.0157909944176089 0.0690895201997664 0.0072725209341066
-0.0178210401350078 0.0721974495639777 -0.00373587268223633 -0.0550522315902073
0.0435794387328493 0.0477959051599517 -0.0420592597047545 0.0251204026666041
0.0533348243126389 0.00381376979053386 0.0665996253844116 0.0336550724368339
0.0354608795570346 -0.0172655076955047 0.130351903856364 -0.0698125288324798
0.0284358157288595 -0.00734440690932606 0.179242644540787 -0.161711440348352
0.0355693195751272 0.0079678562802261 0.238834724243707 -0.197766049905322
0.0377082728869311 0.0322788500989778 0.312715983907739 -0.117153300264481
0.00909826382139 0.0526681698085441 0.315871229570957 0.0238483510205206
-0.0298142824087094 0.053568630547896 0.221435522109097 0.178481759994664
-0.0678605208979009 0.00325597203155157 0.0788730210595852 0.288779777933997
-0.0774245277711259 -0.0619336923257397 -0.0762401171124149 0.303172302972809
-0.022230493940305 -0.0896922773365249 -0.207810362120474 0.390311306141611
0.0200405825560802 0.107252830901123 0.133059714184986 0.28019729631119
0.0649408265745823 0.0494251884258264 0.139020808163055 0.0849261314031372
0.0579927157268 -0.033866078346557 0.0914695955583769 -0.009034299707519
-0.0254876959331226 -0.0548418221411485 -0.00558798798271833 -0.0702344589195599
-0.0506472009328803 -0.0165861050863485 -0.0492848030941274 0.028207220686522
-0.0550582175067893 0.0153937533876006 0.0577429825185861 0.0484089406495361
-0.043947596429805 0.0447551711985439 0.133883463486265 -0.0550724755006023
-0.0402230461563533 0.0629069823554045 0.177201335660689 -0.152028096786753
-0.041850098084113 0.0606643435201423 0.228818832482127 -0.195543423309103
-0.069911967011748 0.0247564129358451 0.303710717595013 -0.12814866595654
-0.0661302759846169 -0.0206015199118883 0.322591527315258 0.00361775325110209
-0.0296543999436947 -0.0453766066627772 0.240492571088794 0.156773424086875
0.0420669177195833 -0.0340400514764176 0.10487928124692 0.282508265313125
0.02917777914313 0.0337763326560661 -0.0575807767766533 0.305726302330567
-0.00447117749602588 0.0770999904922372 -0.192319576479559 0.389029323830867
0.0397116801600554 0.241909785106855 0.125894248451638 0.241898105272194
0.174042187301669 0.120246771992841 0.144707240760993 0.103471315818926
0.169825579115055 -0.0697781404284012 0.144021080587881 -0.0438865005530354
-0.0232388038366924 -0.161968581322882 -0.0229710256993692 -0.124530475103455
-0.127579652470615 -0.0826976520803692 -0.100901861493932 0.015029534885081
-0.153035255101863 0.0135615612945189 0.0117801805352351 0.0735152342276994
-0.120322191317753 0.0948900610325696 0.105896475109122 -0.0187670016788922
-0.102241661886204 0.123838233091462 0.148982147446174 -0.119467079964772
-0.109566334864334 0.108810099279266 0.191534951217532 -0.172552682588207
-0.163372476379588 0.0239030652033151 0.270290346838255 -0.135679812300729
-0.137201133334925 -0.0803897767964072 0.318406668750337 -0.025211104265362
-0.0418970686156266 -0.13626817655979 0.258063984375125 0.137285676430499
0.136446557802482 -0.0849175722756472 0.112779826684223 0.275737282082454
0.139637722371328 0.108356243148506 -0.064955830616687 0.282164053756004
0.0305134132125749 0.230486614508969 -0.172032778692722 0.331122280594951
0.0355121664548307 0.331880187389534 0.125797660876857 0.173592302702472
0.233667866787372 0.173798355948727 0.178145181938542 0.0971336770194463
0.243811287551078 -0.0852296334330459 0.19165395747503 -0.121898683292653
-0.0115798919361186 -0.230466084280732 -0.0655305029255501 -0.199622658035501
-0.173590141111906 -0.134567410169846 -0.175681087255146 -0.00187518122845003
-0.223794138895203 0.00143124629153822 -0.0598984953963011 0.0996897376144583
-0.180401480284098 0.12428569900864 0.049483772758776 0.0287516840716406
-0.15025378519191 0.16606289467628 0.0975516127314016 -0.0668809196184821
-0.157932582236996 0.144772279281898 0.135124469533944 -0.132069093223329
-0.231476395182572 0.0306695522925967 0.221097045312216 -0.131647430878783
-0.195778146195261 -0.116985640704242 0.304525486920047 -0.0460755917595127
-0.0657247749918344 -0.209299968345322 0.261632978867849 0.132318736299692
0.208300766467248 -0.142119840757381 0.0881103963451187 0.265269222357528
0.240768152936642 0.153689512407134 -0.0986377493348953 0.225402453903796
0.0755206027768877 0.347518050159111 -0.153837006152869 0.227271371117084
0.0185949432193695 0.37258856578594 0.147767695764843 0.0766902466639878
0.248230416401213 0.209109028630584 0.22341571653985 0.0293706435877415
0.274940723507778 -0.0777170378582719 0.188985336561216 -0.221722935947907
0.00699158506315582 -0.252253072320439 -0.129531855858552 -0.253566140833831
-0.183308140530908 -0.16500241495932 -0.246327208874872 -0.0155253643404015
-0.256368765029595 -0.0178018761762959 -0.14048181664847 0.117742634797978
-0.212577122598258 0.131232529542221 -0.0262758375857034 0.079284572858769
-0.175423336488745 0.183698662306794 0.0321268732485019 -0.000549267530684996
-0.181757100309047 0.163409906505815 0.0701578956988399 -0.0785321660012448
-0.268584377552825 0.0400102772877216 0.165673774631208 -0.11433047052171
-0.235423095357759 -0.133097450197743 0.275388574619768 -0.0473763148556046
-0.0903024130870205 -0.258619308281004 0.231200337602991 0.140170579306849
0.252632976621856 -0.193717446981274 0.0265550055717366 0.232903715269935
0.31477953788838 0.17049455332966 -0.136549365747817 0.135575911788426
0.117397246019179 0.411286839945768 -0.139863429721137 0.0968763886671019
0.00415757405396247 0.365555331203209 0.183019407562799 -0.0463613094666168
0.229782613425721 0.214491999537676 0.232269542925854 -0.0864117190416687
0.265766301399545 -0.0581447418967946 0.132842828642546 -0.296391997449406
0.0263959599946128 -0.234427836367774 -0.182746199657269 -0.266834401542212
-0.163721762778733 -0.170346508547874 -0.292630396855931 -0.0275157120231841
-0.24865779312174 -0.0339518915033458 -0.215258888903907 0.12213707546343
-0.21149924199213 0.117548709533978 -0.107657723604762 0.126131139449059
-0.174908917055946 0.172738889410098 -0.0362595602483723 0.067049002651324
-0.180930662043985 0.157992418219482 0.0062161036205156 -0.0208771059969115
-0.272801161148197 0.0442133849178859 0.107098836469957 -0.0823117076734335
-0.246429927608281 -0.137929011319084 0.222570585860011 -0.0280346541355904
-0.0947771195724183 -0.283368780478519 0.161505405197196 0.142287281103509
0.275761563224729 -0.2151915425698 -0.0433030804959172 0.164925881096019
0.346279832373916 0.172193366624445 -0.14708714633839 0.0358459820551092
0.138935172980538 0.415722242461246 -0.130267428469541 -0.0342525559967845
0.00178437553164576 0.30935169254755 0.207121685012304 -0.180091439170251
0.185603945055231 0.185819787451255 0.195594233583928 -0.199375138419201
0.220510260081465 -0.0372114284677777 0.0602798103023191 -0.320637165828699
0.036131414370917 -0.185759775958952 -0.208254575045938 -0.252209610631217
-0.123683211255457 -0.148329912507347 -0.313942382430219 -0.0427390716563038
-0.201372968974446 -0.042310051797655 -0.276175691752945 0.118537992534292
-0.174959651574419 0.0874367936927673 -0.180210875314285 0.165344763357836
-0.148028163150758 0.136833514901602 -0.0981105697928904 0.125218654150735
-0.156715262137415 0.12921873874285 -0.0512456580148313 0.0328086109243971
-0.239903615164542 0.0341148678512327 0.0453407739065066 -0.0419134207585299
-0.215583559436961 -0.133717990407936 0.146714570152124 -0.00817865496437731
-0.0657850387428242 -0.267048951786108 0.0792408766062091 0.113894990316961
0.267640128015401 -0.184112424940339 -0.0801866431130449 0.076402001499239
0.31312817075531 0.162776142841399 -0.125266703142511 -0.0357735614732144
0.129554698217605 0.353187687129054 -0.127997365267708 -0.146298830713596
0.00627587959514505 0.208430644433374 0.207810028129496 -0.295175742281233
0.120151952836781 0.128032691228933 0.13734732662268 -0.276524881491985
0.145849834072477 -0.018346579941074 -0.000577951139831239 -0.314591621888568
0.0350884896402199 -0.114426302095206 -0.21557054824773 -0.231557496818461
-0.0665519236476459 -0.100679546771476 -0.321593516554248 -0.0516948090165267
-0.123208421719506 -0.0415262286530936 -0.31483890182081 0.11475180510935
-0.112679887238959 0.0448840558690193 -0.231593992444321 0.190345167659897
-0.0985119447238619 0.0798143511867069 -0.143120490506059 0.165211182614991
-0.108113666512248 0.0776674567645178 -0.0959236033498366 0.0729347770256967
-0.168473324957255 0.0133928268472426 -0.0116804875868345 -0.00798080127114744
-0.140356327613972 -0.109892461754133 0.0691967312204678 -0.00369182928137331
-0.0187197938916731 -0.193555144127677 0.0245761184738291 0.0646952309455344
0.204879939479324 -0.108746554094142 -0.0761952128342991 0.0122933937582475
0.212284936083324 0.124632422109002 -0.0970798565299807 -0.0623066033147123
0.0870482363424069 0.227998303499234 -0.12703999784278 -0.225798849007473
-0.0173927533765337 -0.0557885340889957 0.132261172432936 0.278878363067822
-0.0708598269024818 -0.0295492925032138 0.143944496598265 0.0749727276658611
-0.0716734972818308 0.0178068450315383 0.0732141116042288 0.00170157710430293
-0.0154466552297444 0.0730473397699446 -0.00558076929395875 -0.0558016399346921
0.0455845459814138 0.047151895679369 -0.0396825875190661 0.0273326125614844
0.0537906298469254 0.00191188194701306 0.0702042857386035 0.0299486962472669
0.0353172748742102 -0.0175839105556671 0.128538417343321 -0.073764212710069
0.0283068162610272 -0.00835158399438675 0.17391672720408 -0.168174683247612
0.0368146700035261 0.00642360804143888 0.231723714472345 -0.206517264206202
0.0389205886550402 0.0297654038718133 0.310006463159579 -0.128101268122289
0.011072979874665 0.0531054940613934 0.317192101929804 0.0148256883779028
-0.0281685602782683 0.054753653359992 0.225295537225518 0.175068350497927
-0.0685546391944376 0.00445999686389275 0.084966959183489 0.287957239814082
-0.0787648611287935 -0.0592160269082837 -0.0742032630123011 0.303845908860949
-0.0212393640013786 -0.0894891768712796 -0.202724730931424 0.395590626120359
0.0238319118370009 0.106936128783572 0.138168914159495 0.280515081833195
0.066280698316451 0.0483989053951573 0.143399196449093 0.0835267066839678
0.056720329179987 -0.0350748410172683 0.0929565102087587 -0.0145314928565182
-0.026773777143619 -0.0540534560495873 -0.0085729407094724 -0.0722288275113797
-0.0506040174314738 -0.0158018711722827 -0.0472458046024852 0.0286962986440209
-0.0541274726782746 0.0175586427519691 0.0615322592399807 0.0455627075452058
-0.0423626753784693 0.0465776197642779 0.132117282793782 -0.0598439447093621
-0.036836381499396 0.0646339859553052 0.172398085151584 -0.158746748778593
-0.0389336085641714 0.0622662518129854 0.222226961028337 -0.203876122396758
-0.0695590655905819 0.0272436614857299 0.30091719580299 -0.139343382916205
-0.0674192189396305 -0.0182248035133043 0.323342036108143 -0.00682119836315874
-0.0308556007825695 -0.0451004261842777 0.242545835859697 0.152839630126906
0.0411279327022732 -0.0366628310606115 0.111632665745637 0.280933322800697
0.031145582899108 0.0345649501579264 -0.0545694786736624 0.306871511750961
-0.000179376490178705 0.078331517631925 -0.188008486048202 0.392143928442663
0.0457349167545367 0.24169022446525 0.129010373356268 0.242605055691299
0.175600334368551 0.117848579452681 0.149317623027074 0.102786602798736
0.169373409987241 -0.0726478047455099 0.144988538910346 -0.0513270834186489
-0.0263317264426921 -0.162030888845129 -0.0266020619687179 -0.126068323663567
-0.1301038440878 -0.0804917256815575 -0.0997268180602692 0.0165937788671068
-0.152585267230363 0.0188421014448768 0.0164676784200856 0.0717484329232633
-0.117300968289326 0.0987025371195334 0.105697518619183 -0.0231641383655666
-0.0976496642901682 0.128394013222591 0.144406824452767 -0.12459706150764
-0.105257617431047 0.111639560053732 0.185005744726249 -0.179506231657925
-0.163639086724808 0.0297053070390448 0.266798377568008 -0.144273172337483
-0.141024782452733 -0.0754764716697949 0.318898922305498 -0.0354418139674306
-0.0450449954351281 -0.135677577185274 0.259354230826847 0.132698419304098
0.135398717934163 -0.0895863180665083 0.117959671374923 0.27476754004401
0.145467659938876 0.107013379336713 -0.0641284732443432 0.283162228216022
0.0383641052322716 0.232668898212999 -0.168655454531521 0.335338092922054
0.0431623758680079 0.331497382856798 0.127439298964334 0.173438425472565
0.2374807619443 0.170787264702273 0.183162498153232 0.0959981387702954
0.244291345391895 -0.0902400652638441 0.191048248719231 -0.130473032806561
-0.0169658489551969 -0.230549109561748 -0.0703000589656762 -0.199537671226751
-0.178227002510249 -0.130557827585575 -0.175819170013967 0.00116228390228188
-0.224279230674798 0.00884491255232393 -0.0550018235312294 0.100165767380581
-0.176376672658018 0.130199739765128 0.0505924409874988 0.0255499687993281
-0.143645043701325 0.171176344407864 0.0949743862962066 -0.069740621925631
-0.153046454181915 0.14970628024803 0.129782159875439 -0.137406301672916
-0.233253331050434 0.0393458406714972 0.217862885980102 -0.13911457990336
-0.202417637997764 -0.110878620805329 0.303704413482475 -0.0571412345953358
-0.0712639045135638 -0.207570571580384 0.262062353419856 0.12776506083523
0.206477210960115 -0.149491131845324 0.0917633717020586 0.264717613076454
0.248200174062645 0.150830781215224 -0.0986120354748687 0.227026439274529
0.0843170667468916 0.349838378538417 -0.152372982462616 0.230363665782655
0.0255943978795269 0.374376760266347 0.148332020556635 0.0764116746200731
0.253267334302239 0.204845898961731 0.225539407668365 0.0276400649467038
0.276422891563326 -0.0834845839116687 0.185446684203916 -0.23083759086542
0.00157134108294005 -0.25408667396698 -0.134459752733413 -0.252628310077484
-0.1887392876337 -0.160898905939179 -0.247227871036112 -0.0112678571217513
-0.258492340493189 -0.00797150300806767 -0.135501972712952 0.120143091371418
-0.208802447876048 0.138300620888341 -0.0234667539113895 0.0780918933278002
-0.169512827432649 0.189937619641408 0.0316417334662645 -0.00141361418903826
-0.176925760465558 0.168489860204187 0.0667341276116258 -0.0817267635191684
-0.270154293147991 0.049660006168019 0.162446114268594 -0.12004406567195
-0.241619524990595 -0.126736785994447 0.273577922007303 -0.057701574115549
-0.0964020176525367 -0.258101327764978 0.231883399446569 0.136748304942048
0.250934380333907 -0.20183167801807 0.0294294803595163 0.235442151957105
0.32322644886231 0.167081179081218 -0.137540248630031 0.138919517859465
0.127115383120672 0.414463304072919 -0.139943891613525 0.0984683593091251
0.012794632355663 0.368293917315647 0.181568802560486 -0.0479924678885672
0.23536751271828 0.212403068886587 0.232668971547907 -0.0887669069177165
0.268155320723053 -0.064733549793505 0.12718218999251 -0.303576075284372
0.0207411770440259 -0.236482126162985 -0.188225120808686 -0.264467600112178
-0.169445072496486 -0.166904752960495 -0.29467768392718 -0.0215050361845845
-0.251012330802976 -0.0242352358607292 -0.211047826579865 0.127997676007244
-0.208230814069177 0.124875730789382 -0.104010469112703 0.128171786944116
-0.168638512145237 0.179881851592331 -0.0341524527028819 0.0691467122483486
-0.176357694306961 0.164192798354132 0.00447266525573204 -0.0211907557050314
-0.273010941855815 0.0531839668087202 0.103751163556419 -0.0861895245423913
-0.252197553184926 -0.131482180339275 0.220898732076754 -0.0374873997368613
-0.100842926166699 -0.281842986964828 0.161932736123477 0.139308259624563
0.273186392947413 -0.222579344381189 -0.0424808658878469 0.168863194119436
0.351150211393161 0.167499187848936 -0.150338274551986 0.0393279913097507
0.149676064473382 0.416601243846582 -0.133963027443104 -0.0336979240333931
0.00764425236149213 0.311390756255697 0.203437784306422 -0.18273484970294
0.190525538351433 0.184187626178725 0.193762183905822 -0.202139857999085
0.222036063385481 -0.0424114151335111 0.0539035851225331 -0.325338761205201
0.0315657470268072 -0.187112664196738 -0.213357290153525 -0.249793380265627
-0.128282126225302 -0.144832003397343 -0.316722523004859 -0.0353975470517374
-0.204122117540185 -0.0344401426692938 -0.272783824533045 0.126561589576066
-0.173117941879308 0.0937571970545383 -0.175443656794168 0.17028666996437
-0.143222733787729 0.142904333168079 -0.0938700144166044 0.129183305553879
-0.153095520012703 0.133845012256617 -0.0518620534343345 0.0344366971157742
-0.240572976760299 0.0427869146199941 0.0434736105807065 -0.0439597741151131
-0.220176151624018 -0.128897987897079 0.144229709146272 -0.015005738648686
-0.0709384545671402 -0.265504673751048 0.0787927943172061 0.112328141782978
0.264480466844238 -0.190544367798481 -0.0807545948108114 0.082216327102779
0.318529194379588 0.158328360143459 -0.129566539237595 -0.031576851593315
0.138386671102927 0.353722638167703 -0.134163839108238 -0.14514884084763
0.010522067102072 0.210027642688946 0.202705857255042 -0.299698966175912
0.123825275725535 0.126917293343065 0.133441394479835 -0.279148786666683
0.147338371220471 -0.0225485943491481 -0.00742175342967264 -0.317543631044452
0.0324498792265644 -0.115150688830464 -0.220291661852438 -0.227860222182605
-0.0692545970974784 -0.0982629960364287 -0.323927006577406 -0.0443343657704279
-0.125147874778426 -0.0365136094142047 -0.311399523237294 0.123984105072641
-0.112227833407403 0.0489198178652554 -0.226652577536825 0.197009836433703
-0.0954676352156765 0.0842124465911332 -0.138040717106955 0.170180180591544
-0.106231699476238 0.0814798191532476 -0.0952173202085718 0.0764916859183857
-0.16948901007678 0.0193239223875842 -0.0130562829398712 -0.00816250629712233
-0.144349913232567 -0.107332813142655 0.067085505287717 -0.00817073487372863
-0.0219263521536997 -0.192796024498643 0.0238070399986808 0.0651626197649826
0.200374670890759 -0.114550166351778 -0.0778447265711726 0.0178844742545121
0.215648008506251 0.121511261157455 -0.100987342902313 -0.0583859616316397
0.0929010200044215 0.227321558234806 -0.135270722397374 -0.223813841062575
-0.0185611901844956 -0.0543276771428301 0.144154950027942 0.27317198150094
-0.0713402851995302 -0.0257755391073711 0.149838715125045 0.0676553836051956
-0.0710897858068045 0.0211193135513285 0.0753713443644252 -0.00527758883902943
-0.0113108779060693 0.0737106440012529 -0.00880976268834652 -0.0568399015247584
0.0476480048619445 0.0448199921502359 -0.0356155714275146 0.0301854196039116
0.0535959662054237 -0.00119997198713212 0.0735409930367808 0.024271401520225
0.035080664948021 -0.0192696773813286 0.123300490702224 -0.0795124226731643
0.0282736559443544 -0.0101396924303565 0.162370827677614 -0.175657534339754
0.0372842435096106 0.00374020152614429 0.218294907300344 -0.217464552470347
0.0400536664947935 0.0275785246010119 0.301558861133859 -0.14435143596746
0.0139334100389563 0.0525840346634328 0.315852674643563 -0.000523843436826564
-0.0245214886765561 0.0553473414453394 0.231278610961761 0.164968162666514
-0.0684031085490281 0.00729822624123347 0.0968680996593786 0.282044203587257
-0.0807822238928073 -0.0552279255991527 -0.0643684441058123 0.304626880140994
-0.0228519465900913 -0.0898442207284355 -0.186207420297894 0.403369209562294
0.0287823560080035 0.105454391500834 0.14894026383634 0.275051111489077
0.0677482249990572 0.0462177926787298 0.150182873152237 0.0782397786785433
0.05450290208004 -0.0374721529112807 0.0931000016490875 -0.0223529574347396
-0.0287108613489872 -0.0520067352855919 -0.0128467107404069 -0.0739028896595664
-0.0508163412751249 -0.0139063417850268 -0.0451036761441602 0.0309009906005466
-0.0526467016570542 0.0196899001677444 0.0655162181272915 0.0402193651746302
-0.0389113088304251 0.0490960508838294 0.12841942355368 -0.0669764389738173
-0.0325234836961161 0.0659273248216101 0.161745691199623 -0.165818246874046
-0.0350191862564457 0.0631509816871764 0.207552160788781 -0.214463436752693
-0.0686196910763061 0.0309042707708591 0.2912737547091 -0.15515401504612
-0.0691103664545684 -0.0137664313397891 0.320612936690834 -0.0232591288265726
-0.032815674789247 -0.0433541470873758 0.246585728199674 0.142742644185336
0.0388491032687079 -0.0393705708472308 0.122915537732388 0.274151485461368
0.0343406149817417 0.0340355679190888 -0.0454691271522066 0.306525662922674
0.00592916143159301 0.078596920642678 -0.170610663858617 0.400304258777136
0.0565075023062677 0.238485206938435 0.1374583334301 0.238467856788108
0.179067506788102 0.111105163348785 0.155575820018114 0.0968441663661331
0.165455321553594 -0.0789573609478053 0.142877877151922 -0.0610239056319231
-0.032715923879145 -0.159584861994765 -0.032064990700707 -0.125484243917336
-0.133518279093769 -0.0745120545147792 -0.0988263150509023 0.0198768672878312
-0.150969948505043 0.0264837362828374 0.0220788095570211 0.0690002523796049
-0.11130900223358 0.104942575655032 0.103925215733775 -0.0301085040255965
-0.089243631787736 0.132464923346466 0.137173951516483 -0.131409668063784
-0.0980970604033575 0.11593950756958 0.172744395636079 -0.188799407636295
-0.162735305778901 0.0390788982323559 0.258121261611105 -0.15840393655735
-0.145735692438722 -0.0676779043980244 0.314366076439293 -0.0530823974584502
-0.0522483947639946 -0.132419773228984 0.262772689740602 0.121426289705648
0.131146062283997 -0.0971253846149638 0.128604842782942 0.269080441728692
0.151566504150311 0.101536686163612 -0.0555090115542732 0.284292102601312
0.0502950812849314 0.231353582370011 -0.155920937058758 0.340437095160851
0.0578498620076846 0.327913512286827 0.13203931105489 0.170500921370807
0.242753196362825 0.162053919090582 0.188250099464799 0.0894296918294376
0.24040390663612 -0.0998945376035358 0.183960999606398 -0.141746199593277
-0.0260638834456314 -0.22842801998745 -0.0783801587856475 -0.197167685291241
-0.183751534210947 -0.122844407360611 -0.174663479284962 0.00815788700826813
-0.223096343970383 0.0209126828649131 -0.0484052441378559 0.100659784934418
-0.168344136995404 0.139334566967639 0.0512413712112261 0.0210569994700168
-0.132330540612136 0.178236510188068 0.0907494151816984 -0.0749274229837102
-0.143751430262864 0.15560140692265 0.120260603861129 -0.14276690327793
-0.230921686461625 0.0525089180053974 0.209184954348867 -0.150207536058198
-0.208369470869631 -0.0994770276677171 0.297929046122599 -0.0744528027637985
-0.0805120659088013 -0.203823004922728 0.263776856607672 0.116221715888949
0.199664769378155 -0.160637301986297 0.100891758104594 0.261085269056865
0.257234798639301 0.139813278602716 -0.0925187513281604 0.229550440409608
0.10189813603774 0.346877842549355 -0.143969023189116 0.234130986941363
0.042201965106109 0.371545392931423 0.148928910927157 0.0729746102749014
0.261268576775548 0.196029920542796 0.227855046644884 0.0202233220096001
0.273869035258402 -0.0954513198062142 0.174180945674485 -0.241848504901765
-0.00912304506012656 -0.252795480937561 -0.144140490586362 -0.246642642057596
-0.195679680959095 -0.151251121210719 -0.246856008041163 -0.000577445963015943
-0.257493145086292 0.00662846562453283 -0.127819546790979 0.124701727640421
-0.200506019864125 0.149673746800343 -0.019393676543239 0.0768654605621053
-0.156239610655775 0.198275000313776 0.0314091296936498 -0.00369840672011339
-0.16676448212268 0.175631335402202 0.0607515390424732 -0.0841954891918353
-0.267514057321958 0.0653978228597324 0.15487800948577 -0.128350869689221
-0.249080764418896 -0.11385821847544 0.267998098654324 -0.073547025346135
-0.10729167050718 -0.252234932527375 0.232972140703891 0.127122387602933
0.242452936954766 -0.213163758320164 0.0371124633740985 0.234391088575153
0.332323036885022 0.154163000662108 -0.134828240890948 0.143111350980607
0.145294670894998 0.408716103332919 -0.137970307707575 0.103804997533207
0.0276530979902586 0.366907181251636 0.177591549170522 -0.0522418022714745
0.244349641958367 0.203035309603318 0.229897461142527 -0.0965101229214501
0.266003577607138 -0.076684813826549 0.113210175984346 -0.310946826352444
0.0103660963956459 -0.236736602156061 -0.197872285461933 -0.255882925614654
-0.176785346301178 -0.157315076165033 -0.294691254864498 -0.00948593021172914
-0.251248464948347 -0.00943033338759073 -0.203795683562076 0.136468195555438
-0.200372603294579 0.13502199926114 -0.0969528884511191 0.130807903772054
-0.156970077067369 0.188240854772736 -0.0299026664950572 0.0702169647740731
-0.166493199147283 0.171723191075651 0.0017619662269469 -0.0210882505601893
-0.270818963697062 0.0682013666281314 0.0979556627149751 -0.0913727848941241
-0.258824800179293 -0.119350008946692 0.21544542903738 -0.0511469772578329
-0.11163931627487 -0.276109318098041 0.163578935745141 0.132766688526154
0.263525260768787 -0.233556263144957 -0.0365637236385879 0.172553012757342
0.359674826903448 0.154342354550757 -0.150985825256606 0.0452590625203049
0.167681265021963 0.410326213034602 -0.136629065450849 -0.0284334055115851
0.0208513599565859 0.310709632659749 0.19469165818398 -0.188966366921457
0.199667986110434 0.17678178731271 0.185516483088411 -0.20818295796948
0.220695070876583 -0.0532842316355104 0.0394939934610551 -0.329317302954437
0.0230994068656432 -0.187876059531173 -0.221104035879725 -0.240737790814926
-0.134496454348278 -0.137144462575805 -0.316058231964917 -0.0217991606265735
-0.204712740391418 -0.0217716340808719 -0.264503124958558 0.138566442255661
-0.167429860430032 0.102638828694648 -0.165794584193063 0.176166614969426
-0.13320717921699 0.150544761164871 -0.0865884021520058 0.132696783542793
-0.14560774277724 0.140647298053159 -0.0505164186604035 0.0375483323126072
-0.239581255034956 0.0548085031989983 0.0393473531103524 -0.0455401221568991
-0.226958816897934 -0.118154898539132 0.140244075803874 -0.024127772566251
-0.0806531942565747 -0.260487382165322 0.0810115626977015 0.109923822081699
0.255079261309155 -0.200303644909468 -0.0782640713233538 0.0883313930959776
0.325111744194099 0.144973559143024 -0.132776641775838 -0.0256671481810553
0.152787187216428 0.34792980531952 -0.141644834399378 -0.13902808786139
0.019291416289526 0.209078918668557 0.189604117101725 -0.305373055949745
0.130201849019242 0.122690261136655 0.122398990067497 -0.282107685748172
0.146135064139817 -0.0291836638286485 -0.0217760677484184 -0.317495795967169
0.0274588432271577 -0.11587507728396 -0.227150761720093 -0.218335092175662
-0.0729643898164355 -0.0933674313250602 -0.324210351141456 -0.0288676323581747
-0.1267499180694 -0.0281810496458034 -0.302852073289437 0.13853972190178
-0.109839093887978 0.0549537670763726 -0.214884758416479 0.20626658879239
-0.0897877503658782 0.0887708247935638 -0.128333227310415 0.176505817136667
-0.10256615835768 0.0859225486590233 -0.0909212111892173 0.0819137338775123
-0.167715997901141 0.0286033912726721 -0.0147786613320884 -0.00785634340032783
-0.149182738443717 -0.101232893814145 0.0639474202769274 -0.0131734680807625
-0.029861323149373 -0.189372531918316 0.0249961642476473 0.0647395452714016
0.194797442175456 -0.121455800649906 -0.077179317823489 0.0255218245238261
0.22091663372137 0.111980326913967 -0.105867679305019 -0.052584926458951
0.102527718829458 0.22222215359618 -0.146198445529392 -0.216853561285534
-0.0187116228518939 -0.0520348282652472 0.15236525827096 0.260015430879136
-0.0696179259814731 -0.0215362351150248 0.151730778150891 0.0573291943493305
-0.0687271919943698 0.0243082680806477 0.0748957507405187 -0.0128177384327571
-0.00701902107860272 0.0722253741101738 -0.0119369096162115 -0.0560691987988848
0.0486201388438858 0.0401468009657088 -0.0318130724035716 0.0318878666082743
0.052286384084036 -0.00403802554251676 0.0735465866208413 0.0182499408991029
0.0339318196412412 -0.0207697778410393 0.114690384658644 -0.0830366226696636
0.0279438771553355 -0.0109789098448929 0.147206238029643 -0.178506133351354
0.0368807486667901 0.00178676798304861 0.198301919021525 -0.221752094906722
0.039595348801731 0.0238317883028956 0.284420374720614 -0.156114481307058
0.0163449142150713 0.0508236994594663 0.305633734868339 -0.0167653710410396
-0.0206318787022968 0.053798312309687 0.231078123200353 0.150316013207983
-0.0659479363182106 0.00983514028256234 0.106766082572463 0.268345074392315
-0.0801640691095913 -0.0494187338143722 -0.0525437947461398 0.298008171051775
-0.0242875981315318 -0.0869372959774347 -0.163497799967127 0.399069151068978
0.033877770636317 0.10103694096233 0.156602798217441 0.26259733431646
0.0681561018843841 0.0422029562965377 0.151922258165377 0.0689361954940691
0.0506586380787487 -0.0383175858560384 0.0910254074663379 -0.0294874029519637
-0.0300101149635387 -0.0490029601356084 -0.0176182791366808 -0.0716211893396989
-0.0498493819379493 -0.011552275427285 -0.0414281504260516 0.0314841659663493
-0.0497908022193651 0.0215693996875854 0.0665142398157507 0.0342224594348727
-0.0345245729971929 0.0500499219292563 0.120196419091148 -0.0717974075178559
-0.0270547054281216 0.0656416564124136 0.146820297662642 -0.169818792607258
-0.0303291578693133 0.0622334759639568 0.188072477549689 -0.218225368004807
-0.0652606411529987 0.0335331730319449 0.27469002993184 -0.165422587044512
-0.0679629659593856 -0.00920891164967462 0.308625041252715 -0.0407235502396618
-0.0338773460631555 -0.0404980791169255 0.24441595590362 0.126984157105908
0.0358012279248371 -0.0411656711004862 0.130504047818648 0.259902411435165
0.0369085103687977 0.0315684321631505 -0.0345143593153484 0.298957148484501
0.0116260392433947 0.0754350929359858 -0.149734443912325 0.394414460950139
0.0658253055930013 0.22825552631103 0.142792676301331 0.22882772590789
0.178274484907384 0.100617381245334 0.158179586853777 0.0875541052780616
0.157158877857081 -0.0832996631224896 0.13615861129302 -0.0688825039533966
-0.0378639738203938 -0.152674489602669 -0.0373166642482942 -0.121731285058328
-0.133085441337634 -0.0663119872747063 -0.0938872286601312 0.0239963886271541
-0.144386528340508 0.0336649559913367 0.0257481717629657 0.0637517149501528
-0.101361707305928 0.107871550998391 0.0983883333084783 -0.0352736502214784
-0.078377360349076 0.132810268880138 0.124762217010323 -0.134501449214399
-0.0886068186327378 0.11669884925883 0.154930637193119 -0.192032849885973
-0.156515438269582 0.0473451799940942 0.241189330831482 -0.167571524615074
-0.145959408917107 -0.0568768963650132 0.301195264405001 -0.0690839554835532
-0.0566410849758793 -0.125750828381729 0.258145485007593 0.107224467146792
0.123448423663124 -0.101593672495388 0.135953826449357 0.25497880434857
0.155110619504204 0.0915630540361917 -0.0458806285533864 0.277826235989568
0.06180896354822 0.22314607739696 -0.137008057597179 0.336718258956676
0.0704092019616318 0.316140937433349 0.13518577344031 0.163954777755259
0.242746438425099 0.147972143595364 0.187739699447673 0.0795577190366963
0.229696231929554 -0.107886340515045 0.171431151445746 -0.14848757913528
-0.0347811193676334 -0.220832574424187 -0.0843591166805923 -0.188060989183334
-0.184056357098793 -0.110259574510386 -0.169289127707896 0.0151384991379993
-0.215662555973766 0.0322418310324772 -0.0402517618162476 0.0982935044323932
-0.155741442306125 0.144474168120004 0.0510105170690305 0.0158019189871839
-0.117295543553509 0.179760740334694 0.0836364061418075 -0.0775413738784773
-0.130002989314831 0.158281235198797 0.106843202040225 -0.144851355758402
-0.22233985777451 0.0644025825191021 0.194315183714497 -0.158119544033087
-0.208633833491403 -0.084972684332274 0.283610485603454 -0.0889679838055148
-0.0880917560482428 -0.193517087474764 0.259110004818314 0.102566977215299
0.186583074486868 -0.166669881492176 0.108555163841454 0.249837538624935
0.258792125192976 0.124648070284275 -0.0837152627149649 0.22656479200024
0.116334293862692 0.333308323225043 -0.1316188207565 0.234119681584633
0.0566666122417181 0.358958437127168 0.146816987442593 0.0686840389684347
0.261739307813552 0.180219438018467 0.223129565639041 0.0106508052901034
0.263626956381532 -0.105737911597944 0.158119804177019 -0.245316193398577
-0.0196633569867101 -0.24529252280177 -0.150333115783109 -0.233383210888173
-0.198442463778507 -0.137397630279573 -0.239397926910601 0.00936743588177524
-0.249282552135323 0.0206149438907337 -0.116734287767907 0.126016613131327
-0.186232292763639 0.155954779521827 -0.0156500591104983 0.0742503869688544
-0.139000341531749 0.200429452119979 0.0303030123168277 -0.0054108793154489
-0.152163274142132 0.178722035391646 0.0532880624393333 -0.0843950727072926
-0.256261996473107 0.0789079916915919 0.142345715607629 -0.13335305964683
-0.249645357342948 -0.0971156129987027 0.253252090746728 -0.08729925173985
-0.115862376922453 -0.24003572534045 0.228715028600736 0.114539880762294
0.225886016127788 -0.22028411244928 0.0454139061217638 0.227706456133636
0.331922338041224 0.13491647493007 -0.127671669888985 0.145415004742998
0.161419805233104 0.392071039190384 -0.131960511991813 0.105999799777365
0.0439169932587539 0.354873982630693 0.168720707490328 -0.0550863995011391
0.248012473534905 0.188232156522334 0.22051140081666 -0.102059576092754
0.25677470594943 -0.0877657418720633 0.0952557363956916 -0.308981885919393
-0.00134789683744204 -0.229768207558797 -0.201573802583705 -0.241377829121342
-0.179708723803937 -0.143596332525975 -0.286235607936434 0.00285550735938429
-0.243715443580781 0.00519298427199463 -0.190404880668687 0.141768332786391
-0.187327884625027 0.14266754696913 -0.0869884414977405 0.130612082645048
-0.140272858034957 0.190791035500449 -0.0259063498428056 0.068484458387876
-0.153004736283361 0.174787574918429 -0.000572262558644796 -0.0195303622766092
-0.25994807553768 0.0820181838700165 0.0885819147744646 -0.0936228932125022
-0.258734273435356 -0.103395108553962 0.203438673143792 -0.061916085308662
-0.120189807469174 -0.262053147089352 0.161893419886641 0.122680428740591
0.244948280721448 -0.239143050257092 -0.0287103511205831 0.171382033867054
0.358008664639742 0.13389610786324 -0.146970295809747 0.0516874332796944
0.181871672417427 0.391758883384784 -0.136267437086255 -0.0210709639817324
0.0345203602966425 0.301211565312507 0.181206971440582 -0.188290344904929
0.20311970790947 0.164229335988104 0.172543484095845 -0.207417460907697
0.212783439269693 -0.0632905892598338 0.0221986462669653 -0.323544511794948
0.0134278587044957 -0.183631240269662 -0.224473548709405 -0.224266294916429
-0.136959354583847 -0.12581282976793 -0.308376167087893 -0.00768627052546409
-0.199272966825005 -0.00888518561906478 -0.249006509138515 0.148301759031369
-0.157000568576891 0.108790472870855 -0.152077354854141 0.178596232358878
-0.120152399130539 0.152312607927816 -0.076404994459357 0.133177223462348
-0.134141260696507 0.14338340631923 -0.047662727298931 0.039638325463556
-0.229719832734091 0.0666250989725261 0.0339869956124843 -0.0471555367787106
-0.226502072397656 -0.10461961220479 0.131712953325915 -0.0325748341237085
-0.0889636514296432 -0.248935924347834 0.0812246995506325 0.103853596301735
0.238263294646742 -0.20497999344971 -0.0725861923985704 0.0929177419059865
0.322737921916557 0.126877468326126 -0.132483348130045 -0.0173239368582675
0.164662678442643 0.329631918572784 -0.145027326173565 -0.127471571518852
0.0274131926878407 0.202966404324584 0.170843031972679 -0.303337254979796
0.133353181109376 0.114778779374435 0.10851892284139 -0.277217640044199
0.140998359072402 -0.0361788000596816 -0.0359168759748245 -0.308239090368505
0.0208655887610032 -0.114021609254186 -0.229442083527411 -0.203169398748251
-0.0751805074862617 -0.0870833914588542 -0.315663771630305 -0.013775779759889
-0.123804883664728 -0.0192564005133096 -0.286632502411455 0.149899135046798
-0.103974235326417 0.0599697611829267 -0.196879120806959 0.211137871033903
-0.0811833907171711 0.0912671897568124 -0.114633061272468 0.177247076220015
-0.094762012288337 0.0881056179950965 -0.0842971385961427 0.0847488983024067
-0.161655070197437 0.0360490282427167 -0.0164564128087561 -0.00781007060728268
-0.149862914901692 -0.0912985673797466 0.0588045228864619 -0.0175310921400132
-0.0360557175291547 -0.181606882689735 0.0260705957414088 0.062953831659615
0.181657752807048 -0.125755062126123 -0.0736931441243393 0.0327392417972707
0.21971627966453 0.0989589410839558 -0.106784291373783 -0.0448543233470902
0.110201842462801 0.210177664683899 -0.1533338506879 -0.202315445178338
-0.0221208394113398 -0.0482511132926277 0.178791664383602 0.234433407115034
-0.0667957343303964 -0.0135691103718091 0.155643288965107 0.0348218706239181
-0.062469431286076 0.030540560462209 0.0734023639327629 -0.0269506946873704
0.0006122361669643 0.0683258963596988 -0.0185156103318897 -0.0548337060094031
0.049908021755967 0.03238076370253 -0.0247691455367971 0.0322361922478917
0.0489061543177115 -0.0101111208005137 0.0719330293365116 0.0055569058835752
0.0305395502854388 -0.023723483672811 0.100269504266152 -0.0940562530252439
0.0248880529686651 -0.0143085355133827 0.116133076006215 -0.184751830626578
0.0338148522174744 -0.00413897978973917 0.159405053259237 -0.233282840345328
0.0376544002481215 0.0170705541636419 0.24944648247666 -0.183422258689781
0.0193141661437143 0.0440514435910395 0.28844441440414 -0.0514224478868194
-0.0141882493926865 0.0492503965622801 0.238687057517321 0.118705750803734
-0.059724744673862 0.0146002691246673 0.129420032990837 0.243668936150877
-0.0756258869370176 -0.0375068342730166 -0.0212601928569272 0.28803909051138
-0.0273898864544175 -0.0769536369651065 -0.110362296234066 0.396860286714248
0.0485750416453601 0.0941042238558054 0.175409608787306 0.225276706502111
0.0698703173483942 0.0329725631408803 0.152637810726078 0.0453245791065679
0.043655130761626 -0.0411548262662758 0.0813708377564941 -0.0406607043994549
-0.0327946463258052 -0.0427797890326902 -0.0283281992559585 -0.0644259075301659
-0.0487715697906555 -0.00614538177757239 -0.0334589378018456 0.0366551989470549
-0.044295823736575 0.0251690381994805 0.0703475084494675 0.0247014151718132
-0.0259750338858126 0.0493844407448307 0.107783457895469 -0.0814098187741622
-0.0161939122906051 0.0644489809947742 0.116996629654637 -0.176204485363463
-0.0215240429500906 0.0610321900532747 0.150114161991833 -0.226764089151248
-0.0594714384940854 0.039830812125908 0.236616708475502 -0.190142662165363
-0.0675559627019868 -0.000358153557471232 0.285882483382908 -0.0722470164177396
-0.0366247010319715 -0.0370269632098276 0.245196121611605 0.0949104968690878
0.0289888079476509 -0.0467694443993038 0.152056592313617 0.229488996158887
0.0425629178340194 0.0226383148098018 0.00182477864124482 0.28786056556753
0.026769491747113 0.0697017607711796 -0.0974990903604926 0.396563527143077
0.0955583630245608 0.213568199962058 0.15327115164602 0.184850581503272
0.180647028797165 0.0783044441272562 0.156535296792875 0.0611148166459759
0.140000306544425 -0.0960593362920483 0.11366902392704 -0.0819963177581836
-0.0500574556813583 -0.139707439177303 -0.0541434420107553 -0.10558199576331
-0.132732652184041 -0.0492992510889137 -0.0834798088000469 0.039020450623669
-0.132612512025594 0.0472690196875619 0.0371860131826894 0.0602110999224376
-0.0822323799941424 0.11213514415823 0.0929567933921801 -0.0432785416947636
-0.056332096345139 0.133925078491808 0.100593989681687 -0.14131712545286
-0.0692794348660988 0.120163710770999 0.122189827388633 -0.196647199203184
-0.142193065140411 0.064628251651367 0.202814654640646 -0.185758350620105
-0.146905978649463 -0.0353231926506178 0.273732304401311 -0.0968355364857291
-0.0685370247741772 -0.113933071973207 0.253572717482623 0.074321643653645
0.103291420396098 -0.11498945882317 0.156950440290007 0.22111179810632
0.159729903927723 0.0648219996326511 -0.00460961252021818 0.267912596731474
0.0919253873852161 0.199555090585937 -0.0923142828705075 0.343568499974522
0.110650729387044 0.296963417230232 0.136075746663991 0.117349770585323
0.246610972232326 0.117052205924331 0.181657489008151 0.0490852239115779
0.206766316082752 -0.127729141215713 0.134713002790633 -0.161318334091642
-0.0539669127622816 -0.204630902940591 -0.108106940460853 -0.161005315394509
-0.186599177288469 -0.0850639339809802 -0.154983310717271 0.0427822970521759
-0.198965796868586 0.0547743312202908 -0.020274771103104 0.10262520105953
-0.129020100349399 0.152712429744469 0.0536557100905316 0.0142291627144166
-0.0878492592229356 0.182520555668468 0.0687279804028431 -0.0814401056166443
-0.103894999633806 0.163228518626014 0.0829698742230009 -0.144637532813624
-0.201650063013715 0.0885522209894147 0.159574349454616 -0.169261269284905
-0.209427267986021 -0.0537423573363912 0.252723639881524 -0.113773367010794
-0.104936498049696 -0.173391284399043 0.250819453078883 0.0696637965875929
0.154433873515528 -0.183984918875205 0.129786570929352 0.217396932878216
0.25994479607077 0.0846106433238468 -0.042403381674283 0.223322156345257
0.154987680545449 0.295145717940288 -0.0969922500413309 0.248389106764455
0.101840120946993 0.340942679544073 0.136436648140416 0.0220880158229305
0.270087278124104 0.145250235396712 0.206229618298129 -0.020363198741746
0.239041033718468 -0.131501748828442 0.107803261142222 -0.251208785815622
-0.0436829605620252 -0.22994931555305 -0.177074950851205 -0.195178870498604
-0.203060537736694 -0.108923376578216 -0.2226208519252 0.0474421668687962
-0.233199580302487 0.0483926124305937 -0.0893322489218991 0.139617343767872
-0.156807129694387 0.167367868877239 -0.00295053187027438 0.0786883234199171
-0.105119869685137 0.20526013973407 0.0276419859869228 -0.00752138889478406
-0.121272166199266 0.186246138014724 0.0389535739651418 -0.0808931883616082
-0.231712457227486 0.106147813549049 0.11322190650437 -0.137958280850984
-0.249308816955461 -0.0606594820302848 0.223254638093123 -0.106277667379
-0.134566574030737 -0.213863690743498 0.222046140915662 0.0849022995116179
0.185948163719328 -0.23729650896189 0.066051884864969 0.201909893986624
0.328116856230844 0.0877635334714626 -0.0897310547144989 0.150096483820375
0.200703576185366 0.344447042448787 -0.109932966489886 0.128049326708156
0.0871910001382023 0.338935290721425 0.145174959394063 -0.0984410889705671
0.257412806134306 0.153391154089241 0.190471921266767 -0.127360774221225
0.233481786019272 -0.114503524028695 0.0405747769681733 -0.304625097080252
-0.0245739039951214 -0.218144479345057 -0.227649600009248 -0.196017857472391
-0.186420553760551 -0.116531301953153 -0.268978134079075 0.0474261574775728
-0.229116709845833 0.033423618471812 -0.15758082697066 0.163872652642153
-0.159139838731634 0.15597987347283 -0.0651745349166419 0.141298802896372
-0.107531728719861 0.195988535028126 -0.0152120239443154 0.069568863047159
-0.122653267771385 0.182780243901986 -0.00320032803078407 -0.012782358036786
-0.233975928968557 0.109188796815798 0.0675157005665805 -0.0942088562751952
-0.259150120371289 -0.0656998503810023 0.178258974567487 -0.0769742859161737
-0.14065282899712 -0.234149844357418 0.158831902215994 0.100372954412361
0.201457316733712 -0.256134157727083 -0.0107153800240406 0.155887515632804
0.350092275992612 0.0848771259087922 -0.117500479908858 0.0634016309161987
0.217399773932114 0.339372086530149 -0.129505947973424 0.00818411176187273
0.072604776813234 0.287544972502314 0.142254180781326 -0.223701740331814
0.212353897073512 0.134407254210554 0.133342214650964 -0.221240541250766
0.193595084280636 -0.0863034460761412 -0.0289905673828756 -0.30983987051905
-0.00709556833721971 -0.175452853948243 -0.246356756227164 -0.179289298890819
-0.143442998083248 -0.104568498830004 -0.292574614955384 0.0378898310862766
-0.188607738319806 0.0153372176551019 -0.215057744297707 0.175839105738002
-0.135512955140016 0.121209104995428 -0.122032015311378 0.194740601917584
-0.0929878363445377 0.157599367054394 -0.0548374872557749 0.135723528411693
-0.109213837834753 0.151168746518989 -0.040904187433211 0.0477453200574353
-0.207113914938272 0.0908916489962591 0.0220243435830358 -0.0437639201248503
-0.226550015954675 -0.0719283051782824 0.113874481639147 -0.041277396041605
-0.108376892774947 -0.223054104005788 0.0803709581749138 0.0899249529963258
0.198300730281355 -0.221294459733149 -0.0594250828680851 0.0879601752231276
0.314542474425922 0.0818565488304715 -0.11320172917896 -0.00222402398794218
0.192128778221148 0.28482612721004 -0.150700348615758 -0.0938848563721111
0.0521535843962392 0.192161404529476 0.122871556896593 -0.32298029034031
0.14039415348201 0.0942105407106382 0.0667697859979177 -0.278041325122132
0.128329058464392 -0.0523916556828564 -0.0792296328943555 -0.288712358278619
0.00722427847435484 -0.110131447755669 -0.247035101612568 -0.160698591765327
-0.0804004625948251 -0.074716389514057 -0.300170620868158 0.0308348703610109
-0.118271862298667 -0.00285896563105805 -0.251548743668151 0.181093757214221
-0.0910495905159037 0.069164718312689 -0.16312301029882 0.229462622747027
-0.0644860138716237 0.0957088932872203 -0.0859177659437982 0.181296917461846
-0.0786282826570064 0.0954145726031832 -0.0706620568673798 0.093071121460307
-0.146857151850652 0.0531881777938612 -0.0204978866764508 -0.00199078728785653
-0.152028922581986 -0.0683563360211682 0.0478714677575843 -0.0204822694718483
-0.0519223623182362 -0.165148059613341 0.0266018472501944 0.0565054153023928
0.153627117097722 -0.139141798379989 -0.065896638772995 0.0353807556129132
0.214739190191455 0.0675964726269947 -0.0965753201892073 -0.028992106681564
0.126636658770264 0.181911437663335 -0.168534441722197 -0.167441300525742
-0.0200242321376474 -0.0473611446029683 0.169482704425152 0.227211466718713
-0.0630476684668558 -0.0142116479213108 0.150775084444203 0.0328316663539285
-0.0595095239671618 0.0286894214647876 0.0712566991959784 -0.0292018175972224
0.00060742606689447 0.0648797297413513 -0.018367931462522 -0.0528135071454617
0.0477435872401808 0.0307687470883896 -0.0225785623074178 0.0307521937982332
0.0467903969657791 -0.00947789856101973 0.0695856568025115 0.004208768620202
0.0293442266622397 -0.0230152691318459 0.096651401492383 -0.0885979647013284
0.0248501330960467 -0.0133926982387119 0.110553455084504 -0.175383665182104
0.0322087903355252 -0.0044013114789796 0.150983231020489 -0.221409375153133
0.0357122770372032 0.0164684988792445 0.238035942402352 -0.175361908627562
0.0185363542335348 0.0426362383643642 0.275631808735476 -0.0471031585884833
-0.0140143088559839 0.0466078645360558 0.226694807225997 0.116343973476689
-0.0575909017205033 0.0128860929927282 0.119918327694672 0.234267416749133
-0.0713264346049081 -0.0367858003094911 -0.0255743328753999 0.275930623887321
-0.024056989321722 -0.0746684922441286 -0.110459340591539 0.378015278221221
0.0463574681062521 0.0892835289991877 0.165593068244041 0.219147406714744
0.0670453101070583 0.0322931481458507 0.147723121416208 0.0436193397152117
0.0424640840692802 -0.0378621977872949 0.0789224076643462 -0.041596307271577
-0.0304199314769449 -0.0405442157963199 -0.0277641485198303 -0.0621327667483762
-0.0467946079243602 -0.00672653475238975 -0.0315687362701212 0.0340316084545622
-0.0421509552709561 0.0239047819122122 0.0683296634195933 0.0226402627760327
-0.0247643326797215 0.0469482833715704 0.102814288659152 -0.0774980764225005
-0.0150268544567253 0.0610007316062349 0.111912322886415 -0.166819243431789
-0.0209455164921742 0.057932216216205 0.142600489237348 -0.215835156984227
-0.0569194692963447 0.0381856613470297 0.225362703380807 -0.181192976268794
-0.0649085598020979 -0.000120139130779346 0.272726225013945 -0.0677550288563647
-0.0352875567430918 -0.0356515428053119 0.233407986052036 0.094188438805421
0.0279472337019584 -0.0457177272517247 0.142060128113377 0.220168788040114
0.042234409715143 0.0214684176813471 -0.00395162046263863 0.275455105522006
0.0265185138431541 0.0656471079575831 -0.099543569155737 0.377751910348188
0.0891871451288532 0.203699802384114 0.145433838119755 0.181033260685721
0.17267174899247 0.0772393288030464 0.150162914121091 0.0599830533768571
0.135547627387719 -0.0899964248084659 0.109079260970734 -0.0799983096013968
-0.0459928353672867 -0.133788495867525 -0.0512865043799043 -0.102164391060265
-0.127064598860156 -0.0487946845998021 -0.0806404078822663 0.0361873429008252
-0.127185468087452 0.0446857797062947 0.0370120547380825 0.056213590393634
-0.0787276730764414 0.106611922814404 0.0881960554931379 -0.0408347395415422
-0.0529497457637461 0.127252369437745 0.0955283401997319 -0.133584186222385
-0.0667328738615915 0.114205801122418 0.115453056242827 -0.185851832017616
-0.136552709493631 0.0621409334556751 0.193962226101043 -0.17825472901889
-0.140730109359981 -0.033314552286011 0.259728116489667 -0.0928399099749611
-0.065027203129316 -0.109216540826469 0.240722884383848 0.0745178749966463
0.0990427784616748 -0.110880327694297 0.145884614527261 0.213864818885399
0.154480015652567 0.0630201121285613 -0.0103682924517993 0.257818982444995
0.0872644088084858 0.191317789840101 -0.0920521578718655 0.328443521365396
0.102880996607493 0.284234260595278 0.129449982901155 0.117283229175038
0.236145570666779 0.1155620069723 0.1748359077222 0.0491990231227245
0.20029042794868 -0.12002297923499 0.129637022117281 -0.154684527800295
-0.049185056174122 -0.196543612050837 -0.101677071009391 -0.15605486748825
-0.177997265908906 -0.0829350786387676 -0.149146005701026 0.0388515146486537
-0.190543920146273 0.0519188240162636 -0.0183477360352388 0.0976021052187756
-0.123524579817575 0.145300098959263 0.0506535698621951 0.0133458988066656
-0.0828537321624179 0.173542348437097 0.0651374803272731 -0.0780854464616267
-0.0991928648828874 0.155542902314333 0.0779143955476429 -0.137428670423658
-0.193398407581732 0.0852968443736786 0.151883473885537 -0.161292688124486
-0.201622635295503 -0.0520197905635807 0.240144253843262 -0.108222038546562
-0.0989609957326458 -0.166263110976965 0.2380917936677 0.0706388693209867
0.149389766382412 -0.176309956268063 0.120684284480467 0.209800604746593
0.250905319444795 0.0830734829474379 -0.0456199815785259 0.214005560678366
0.14661939124828 0.28331155826719 -0.0966242350097907 0.235752371162781
0.0947718647147345 0.327112701401173 0.131409406888764 0.0260521461447686
0.258701264862398 0.142900101755747 0.198178059663661 -0.0167608164692397
0.230701607613088 -0.123786263619509 0.104177847288626 -0.240538712888616
-0.0392030953555747 -0.220432974175926 -0.166821002418722 -0.189361194925058
-0.193461286064186 -0.105775676565809 -0.214198344080471 0.0424366682888511
-0.222810641460538 0.0457191386636011 -0.0851256710359265 0.132536945338272
-0.150049062814317 0.159921053618903 -0.00355444482447779 0.0739815009923711
-0.10008986070176 0.195719263141472 0.026468011066295 -0.00703740483374879
-0.11638248192161 0.17702668204095 0.0364270609273441 -0.0755360257041021
-0.223169037795519 0.101650256225825 0.107472492294403 -0.131583426539032
-0.239286687264347 -0.0587419184032525 0.212073870041476 -0.102345037523175
-0.126939545415757 -0.205735802995908 0.210583172777541 0.0848548106672653
0.180599779164222 -0.226630802184517 0.0607398316128215 0.195445124819424
0.315625517115402 0.0867152069783846 -0.0899428719946952 0.144609470706453
0.190168985473914 0.33007515125947 -0.108525120257316 0.121920874095627
0.081511150458897 0.325742571170582 0.14088605420684 -0.0899115591048758
0.247867347558967 0.150251324396567 0.184570887362942 -0.118034114172207
0.224800600634217 -0.108619645501713 0.0405350176072022 -0.292334774386246
-0.0216614594683602 -0.209187050362174 -0.215149442904944 -0.191454427846494
-0.17779978166087 -0.112762331853893 -0.259053865727903 0.0418248136894774
-0.218681314195677 0.0318773534870615 -0.150450929117011 0.155961769763038
-0.151863533882091 0.14893996176201 -0.062737146742537 0.133667094406154
-0.101989763960949 0.18717117313844 -0.0150434843890532 0.0661055974034859
-0.118126411208965 0.173719555349217 -0.00318304407072302 -0.0115266943694881
-0.225215203305954 0.104107430638954 0.0632315052740927 -0.0889538357794099
-0.247995936749918 -0.0646979761027875 0.167671957439091 -0.0734652396867647
-0.131628135734421 -0.225587221331587 0.149406821222595 0.0989672061197965
0.195735004016679 -0.243306280916787 -0.0127983372469336 0.151072811212352
0.336256614452464 0.0841048484161857 -0.114956279426057 0.0612544937913745
0.204645341643138 0.326376906072892 -0.124965619289403 0.00717657523052308
0.0660286677809491 0.276659661145483 0.139952533080551 -0.209511251968977
0.20450943065483 0.130827495920886 0.131423162871033 -0.209268960543754
0.187232294889031 -0.0828037069081535 -0.0259070193907467 -0.296812524100467
-0.00544889536659463 -0.168031798328589 -0.233576873148375 -0.176498878097508
-0.136412597552195 -0.100515826303532 -0.280572000229449 0.0333942728594041
-0.180177771624086 0.0144658216202064 -0.205861593941937 0.167855794856402
-0.129645294766014 0.116571947588108 -0.117023937198622 0.185042620129638
-0.0881593184038255 0.150505100314456 -0.0536391954703855 0.129129541198031
-0.105184455500284 0.144132781316262 -0.0401203757647581 0.0471916855436863
-0.198570799251379 0.0864272889393758 0.0191145522680325 -0.0407897042375712
-0.21817488392678 -0.0706548545009599 0.105642082682362 -0.0397740619755452
-0.100230492289851 -0.214239263293955 0.0747598502700276 0.0885751472154794
0.191056860421528 -0.209298075100011 -0.0571235176291952 0.0852431155675009
0.300834118643991 0.0807702260813378 -0.109420572286325 -0.00216084036936267
0.181493992317965 0.2736635864852 -0.144203265003713 -0.0903981523642607
0.0487712591157664 0.184573447401916 0.120989317866301 -0.3065266299368
0.135726606705253 0.0918045344622688 0.0674238376667613 -0.264501082113857
0.12296176758657 -0.0490308122149939 -0.0739419495111966 -0.277358926180085
0.00778288370019822 -0.105185001291358 -0.234508908548169 -0.157635396976863
-0.0765267836348182 -0.072054587782245 -0.287879939705653 0.0270921358891062
-0.113464718637017 -0.00285954426942908 -0.241225671683131 0.172055084113875
-0.0868646989924638 0.0668380569615767 -0.156119264645647 0.218510387200922
-0.0613025157994063 0.0913512830617747 -0.0826769600160028 0.172626800307152
-0.0758658292712853 0.0909846929417533 -0.0682829592938117 0.0897668103216459
-0.141250107639938 0.0507849451439187 -0.0218247313871459 -0.00165059820425128
-0.145414452950182 -0.0671678186961461 0.0434221702448665 -0.0200142139214957
-0.0464603166540876 -0.158694084777444 0.0245111057366234 0.0552275452033793
0.147656728226246 -0.130306634126799 -0.062482451604033 0.0357115146089284
0.205097311200552 0.0661323971423828 -0.093442800306812 -0.026973012599825
0.119102915221126 0.173032151605196 -0.160192421427099 -0.160455422269113
-0.0179516445176269 -0.0480683520279603 0.16087665001219 0.230858663063264
-0.0611758143578112 -0.0162437516862431 0.148905797218019 0.0347349252098245
-0.0589145703052006 0.0265955699154265 0.0712059723438945 -0.029893922204161
-0.000741788533464634 0.0633416423169371 -0.0169281002114606 -0.053375867564128
0.0455717380247834 0.031884307586954 -0.0208154266811381 0.0297226392715417
0.0464088116249509 -0.00830620761937703 0.0691104540764303 0.00453636795256632
0.0298184358916561 -0.0223415732060972 0.0967675312717479 -0.0833034108839288
0.0256001978937887 -0.0131578807015765 0.11279581960468 -0.168853109440375
0.0314027890127101 -0.00398550821766676 0.153064762661643 -0.212662339461794
0.0345353560070703 0.0168685351231502 0.23796207112063 -0.166723230079888
0.0176587693134484 0.0424121429197389 0.271217753492783 -0.0385045182348025
-0.0148899657512252 0.0452903442092207 0.218511135693338 0.121842218802503
-0.0574287424003064 0.0107735623088036 0.109736517726893 0.233401508993554
-0.0691737067107541 -0.0387234312412659 -0.0367870555254823 0.271308249805401
-0.020145733230899 -0.0755534521013148 -0.121144635150217 0.368031138156322
0.0428137519089769 0.0879088413954326 0.157462959411597 0.224344808994053
0.0648461560697109 0.0339064162655791 0.146060296235531 0.047161229518688
0.0432840600025228 -0.0356830967955857 0.0791263127040098 -0.0414271712602547
-0.0281800027836469 -0.0403430024802426 -0.0263400751076082 -0.0618094649697135
-0.0453288438947948 -0.00875896548047173 -0.0322688093865614 0.0330127700112216
-0.0420555961029725 0.0221111486870765 0.0684398971816646 0.0229001836368416
-0.0249722295744041 0.0456664772185627 0.103951587270658 -0.0731201225976302
-0.0151630750835645 0.0595273724397939 0.114052783773551 -0.161451288035113
-0.0215835491395674 0.0557753735956719 0.144061140337329 -0.207416018392136
-0.0581405472547447 0.0365210764009675 0.22484649581658 -0.173538761424408
-0.0636247236917949 -0.00127673096034782 0.269027537924772 -0.0606175714863998
-0.0335815142440983 -0.0364672901820933 0.225785966591604 0.100334573507965
0.0277347368751689 -0.0452387867732376 0.131819280702904 0.220902835942534
0.0415392001167713 0.0221137415240193 -0.0156881987002203 0.271601160390052
0.0255840225585954 0.0646690940850793 -0.109900910057557 0.367876113569286
0.0812518092209551 0.201889763541276 0.138368587236124 0.185780084244388
0.167210190621128 0.0820282989366421 0.147807732322733 0.0638684049637422
0.137200432422682 -0.0833958357754355 0.109649317341096 -0.0781678203551325
-0.0401418064478482 -0.133177137067794 -0.0479046222348449 -0.102852046138242
-0.123785435452602 -0.0518414179660658 -0.0800626649465874 0.0335734801754395
-0.126462684460392 0.040663516851709 0.0359937158652567 0.0551294328146419
-0.0800938284407665 0.10291758038537 0.0884611674216533 -0.0373908249451814
-0.0539352108013279 0.123390988990891 0.0968539836977802 -0.12815546048559
-0.0682011977633763 0.109693742773377 0.116858583760048 -0.178943071894972
-0.136411366420878 0.0586902083185385 0.193363589277189 -0.169391900270135
-0.138302553513299 -0.0350901264074166 0.256577706089009 -0.0852323214915459
-0.0603231074612011 -0.109111467329181 0.233635563439966 0.0824524756536863
0.100233195159732 -0.107512109575098 0.135604354604108 0.215092533531469
0.15218974536652 0.0649642726676581 -0.0213962449901064 0.253972931158328
0.0814398151727308 0.190555218228328 -0.102367477660686 0.318323334650434
0.0920618524439336 0.281888665628307 0.124812425918221 0.122992706198231
0.229034033607869 0.122099069429429 0.171438141811194 0.0549501097771677
0.202533538107172 -0.111723023915314 0.131485000054561 -0.150297379830337
-0.0414827698708644 -0.195415868437529 -0.0952343690192886 -0.157886022477428
-0.173370807923593 -0.0874966332155118 -0.1487629840242 0.0336867100787083
-0.189104924796996 0.0459097062460099 -0.0197972770546843 0.0944840080441133
-0.124917724697032 0.14002684811947 0.0494902647172457 0.0133909394115791
-0.0842677391589545 0.168925629487377 0.0657556206452538 -0.0746139180719805
-0.102052766096233 0.149985465771913 0.0786793774842085 -0.131277014341849
-0.193123480540143 0.0797355387368003 0.151686070567702 -0.154936473516408
-0.19828495402322 -0.0554608667163191 0.236575814561584 -0.100616754592592
-0.0925768142315155 -0.165708600644656 0.231611483743366 0.0788161818229728
0.15182146882475 -0.170625183187374 0.110801555339781 0.211204067544182
0.246556518948654 0.0884345164170287 -0.0541663252271172 0.210576659657058
0.136088621939448 0.283411973701184 -0.103864260998722 0.229333160520686
0.0828161513606991 0.323235672700685 0.128824951131894 0.0332390289111221
0.251958821497562 0.149119952324282 0.196876794687059 -0.00866841463277903
0.2323146577093 -0.115479426751384 0.10904693627051 -0.234454138152621
-0.0314329596507737 -0.219056881154931 -0.158512767856045 -0.192931426918751
-0.188179724671962 -0.110817411144859 -0.212438922436838 0.0356413773235568
-0.221310500523348 0.0392338998055096 -0.0867662949319946 0.127995183842125
-0.151128849786808 0.153346063163342 -0.00505321249811201 0.0717402562734607
-0.101670201621429 0.188832314649618 0.0256790746551261 -0.00586779035009888
-0.119039575806187 0.170340251561395 0.0368315983091069 -0.071977693493443
-0.22191029104111 0.0956066644270156 0.107013495053895 -0.127124924096326
-0.236168839110732 -0.0639961308050775 0.208574781360473 -0.0958474092273667
-0.118543901001517 -0.206374391430223 0.202976030987784 0.0917165379688437
0.184825599294714 -0.219231141357923 0.052487398276036 0.195012285461388
0.310467546125798 0.0945587461999538 -0.0959974665119277 0.140644933899289
0.177194741163154 0.331222496699835 -0.112211443069866 0.116459548143498
0.069785097610958 0.321789625027502 0.142196573431312 -0.080471532473383
0.241137570908848 0.156066227701792 0.187333249037513 -0.108703087361762
0.226241748939329 -0.101564415572046 0.0477112012648097 -0.286727118549467
-0.0154382812664664 -0.207330062410151 -0.205486951640165 -0.197297388098593
-0.171984754238068 -0.116456498609622 -0.257010657533967 0.0330238592432848
-0.216506982644267 0.0257277743424763 -0.15133257341621 0.149462325948138
-0.15291279579311 0.142998807097625 -0.0656043916033208 0.129243551364452
-0.102962406611068 0.180868557845829 -0.0167863447307462 0.0647653436247768
-0.120912173125651 0.167579564538809 -0.00406105000511329 -0.0095063865734385
-0.225479811785924 0.0977027480420612 0.0628884095945434 -0.0850604355810722
-0.244546843379411 -0.0697297339480417 0.163986363789664 -0.068572828504864
-0.121820350352667 -0.225920433727556 0.142432952378069 0.103662652639695
0.200396963241805 -0.233520677462053 -0.0179032390788701 0.149880999430391
0.329733129016989 0.0938969622989145 -0.116766615058139 0.0574394054530808
0.191466602949098 0.327211307902765 -0.123612869069327 0.0031493876420707
0.0569902705758078 0.273477926736574 0.144394363475022 -0.199196417488725
0.200355399564635 0.134606657170083 0.136602144091405 -0.199537170550078
0.186158034028448 -0.0765167399728083 -0.0168437738800822 -0.292860211092413
-0.000843950845612998 -0.165571148940307 -0.224568550335868 -0.182973544309354
-0.132305960615892 -0.103238579125378 -0.278140990439218 0.0238863235723634
-0.177334744131259 0.0103263846415009 -0.205968418854824 0.160155724994862
-0.12968959361832 0.112198467959997 -0.119362198714335 0.178359917746681
-0.0888101702019914 0.1453850990318 -0.05672908334386 0.126164211048688
-0.10787207648543 0.138933373705201 -0.0412357478444386 0.0466551453886148
-0.198514703707299 0.0800978679731464 0.0177878997332176 -0.0392569432170007
-0.213681081789283 -0.0756698645307775 0.10263250808935 -0.0370073890322804
-0.0900175892770217 -0.214320038850188 0.0702328840697626 0.0903571542329964
0.194715911255725 -0.198692117566319 -0.0592926180495515 0.0840810106537147
0.294741880588262 0.088987098064682 -0.108935301985321 -0.00373435748436141
0.169850955573775 0.273117408848289 -0.139350382291103 -0.0915027045607417
0.0425655357653524 0.183320005633007 0.130489556089658 -0.296161345064881
0.132578511865956 0.0945544950352795 0.0752477188519686 -0.256175932608954
0.122433652211854 -0.0460176570563471 -0.0646953399502707 -0.274606932159866
0.010244043899628 -0.10287882235003 -0.226280464715721 -0.164529867486399
-0.0730658291973181 -0.073251703774337 -0.284645076848237 0.0176043337126342
-0.111715913892896 -0.00566395971137923 -0.240924411055822 0.163751595610441
-0.0866033166729059 0.0646400622627103 -0.158908044622481 0.210668900005416
-0.0613536017234557 0.0879975208017181 -0.0856753883086456 0.167739862471567
-0.0777602133541557 0.0882743875888147 -0.0694723159236848 0.0873290898409165
-0.140569676485074 0.0462625629010562 -0.0228572481139153 -0.00165000604220371
-0.142226239026911 -0.0708688569636642 0.0406226324295707 -0.0187701341516247
-0.0394958840759534 -0.157047129741914 0.0220841379586079 0.056838810514213
0.148153862868155 -0.122504712508724 -0.061748156119497 0.0357736741485201
0.20035278101635 0.0702216226962994 -0.0927106102332885 -0.0277240459996516
0.111404690039954 0.173136756922919 -0.152611500562662 -0.161706837908769
-0.01713440411772 -0.0502534640125364 0.159404479101392 0.241373455151071
-0.0623819557382207 -0.0185003273066274 0.152800871860678 0.0374922961917518
-0.0610807893323402 0.0255331725061673 0.0732776208868455 -0.0325258413723931
-0.00281823855415221 0.0644607683252091 -0.0166581327925544 -0.0558427274846716
0.0457415387448043 0.0336768946409606 -0.0207014005453523 0.029833203248554
0.0477697791482172 -0.00657010904649467 0.071068141495011 0.0043694487279726
0.031240739052664 -0.0224060174423752 0.102070778708051 -0.0817886509376033
0.0270691498063901 -0.0135324825353507 0.11934438468917 -0.16879106053433
0.032272644143209 -0.00396180338481834 0.159537964283631 -0.212043019561922
0.0338258699145612 0.0182337006678318 0.244884040953207 -0.163819015518931
0.0174048274645479 0.0434794080223625 0.276646487669097 -0.0324823928002079
-0.0165531200629148 0.0456274778443933 0.219624014808227 0.13138371262735
-0.0597349440605994 0.008825160938885 0.104337329317106 0.241207225067937
-0.070076940102398 -0.0412143984594768 -0.0483277785821298 0.276780365520061
-0.0173867834437533 -0.0797665236638868 -0.135299896447999 0.369878971278006
0.0414696311337386 0.0894266637778496 0.155920460444444 0.236179391542684
0.0648731262807942 0.0357083027175052 0.149776413968258 0.052357989019207
0.0453995468301618 -0.0341001910463264 0.0821208810154913 -0.0432448021697059
-0.02677659925342 -0.0419292608358341 -0.0267186855645526 -0.0646972348416034
-0.046454693195802 -0.0105086769195262 -0.0336195620373892 0.0332144343655972
-0.0434861701428557 0.0219136932925304 0.0710168917136683 0.0234869471561728
-0.0261396494729064 0.0460381889865053 0.10816691178355 -0.0718276534013217
-0.0158894526153127 0.0593594867650246 0.119523822492932 -0.161153672707855
-0.0237275083263668 0.0560414607763924 0.150362878292376 -0.206237247707214
-0.060265194772889 0.0368227749583777 0.232395612824262 -0.171207579265902
-0.0651804100945829 -0.00284034041966871 0.274342154051523 -0.0556732204202027
-0.0341182081969021 -0.037979584711999 0.226777915070706 0.11016945667487
0.0287673316346372 -0.0464948374443532 0.126393399503326 0.229592330635722
0.0430175035516864 0.0228165747932935 -0.0265822520200715 0.277167848028059
0.0253511568931868 0.0658928322439547 -0.123885052504132 0.370899092150829
0.0768993096641495 0.206737310627329 0.136946719517402 0.197251314675856
0.168048639547325 0.0888878156650454 0.150298646052332 0.0694574433834784
0.14332601883493 -0.0802473188064573 0.114040534612803 -0.0783799194573824
-0.0361124155305878 -0.135820422006222 -0.0466058404726982 -0.107555894315725
-0.125338754161558 -0.0573394598726433 -0.0835116276724473 0.0318803056042841
-0.129750524354423 0.038831508136218 0.0375471620593188 0.0559348656110653
-0.0832997633906288 0.103098358835953 0.0901847666215093 -0.0373535341098778
-0.056594315554947 0.123108941920346 0.101575977173943 -0.128191141182835
-0.0725360510802359 0.109675497245945 0.122132400308426 -0.177781077011037
-0.141412891540153 0.0575800829288692 0.199698038377257 -0.169455292696684
-0.141422083256207 -0.0386519625203349 0.261677651982712 -0.0810803101160033
-0.0589068471315474 -0.112811385883444 0.2360823063049 0.0918011655859061
0.104188625871752 -0.108828942662809 0.130925570829108 0.223779789740779
0.155397049679654 0.0696828978759067 -0.032019360029634 0.259758128683023
0.0788661330018805 0.196432101662154 -0.114833091868615 0.321492629195634
0.0855998601791957 0.289201791905201 0.125147869527028 0.132037043414338
0.231116682149474 0.131680402688916 0.1737610690385 0.0626578322486821
0.210982126262212 -0.107825699622413 0.138023076447883 -0.150357589560389
-0.0361774023867922 -0.200754786295678 -0.0931851527335792 -0.165946238605875
-0.175027243936972 -0.0946151118357311 -0.154040364125447 0.0307358758642669
-0.194816341661424 0.0424416660319651 -0.0209597644289076 0.0945509758078866
-0.130192365336503 0.140607732291586 0.0500028388579299 0.0139622007727532
-0.088037796991084 0.169288884067664 0.068354616962846 -0.073765791853991
-0.107057009538718 0.150411553028999 0.0817734112132812 -0.130787340308031
-0.199192719234609 0.0784895818160103 0.15714759380343 -0.153880873722535
-0.20212687152835 -0.0597297504669039 0.241684053906496 -0.0987071468844749
-0.0898309237665137 -0.172105436397684 0.233347966123534 0.0893452477114069
0.159586563133826 -0.17202038877999 0.105881128137831 0.220427321821785
0.251972761565392 0.0959786405498694 -0.064559519830929 0.215031404642093
0.131709633738871 0.292112319497481 -0.113233957469909 0.231083237704114
0.0750392876579907 0.33139684051489 0.1315794918296 0.0412412044175206
0.25438862671156 0.161037719256862 0.203294586470422 -0.000831126732282365
0.241501282971115 -0.111823604735946 0.118267445218155 -0.236751496109455
-0.0261293067698887 -0.225223684312358 -0.155671588255042 -0.203399361862228
-0.189833520948639 -0.11760572306132 -0.220163700690878 0.0305393976173596
-0.226563702515563 0.0354365633510994 -0.0898906602220873 0.127596844186006
-0.157768742960219 0.153746909882484 -0.00748317931856047 0.0720983982528994
-0.106350264455883 0.189481447241189 0.0260401393393424 -0.00575851991451139
-0.125699334995331 0.170868021933932 0.0383082881077869 -0.0709763002300549
-0.23040087437547 0.0928758485155598 0.110430739462894 -0.125413631734429
-0.24096513964976 -0.070137771945084 0.21217044674623 -0.0932814660972463
-0.114835163267742 -0.213966041118413 0.20426447920205 0.101615831823362
0.19501423774203 -0.220109796423222 0.0465913610308727 0.202826192875395
0.316679223638272 0.104677775793294 -0.104128491197805 0.141831909466734
0.171793836399574 0.341951808370992 -0.118324848003563 0.116022043083108
0.0618652085290363 0.330427394794389 0.148568421802962 -0.0747715521856985
0.24418111675151 0.165727804576292 0.194662137013768 -0.103665080934836
0.235056374396021 -0.0983929248337687 0.0563867661723358 -0.29184213174191
-0.0103921263954985 -0.212320772632666 -0.204883149178828 -0.208857452522871
-0.173580023655391 -0.123209552256901 -0.264147412136742 0.0269907939898406
-0.221890053579385 0.0218704525801314 -0.157420634405755 0.148256954778077
-0.159376030756198 0.143401339219203 -0.0701877556922095 0.129729960752036
-0.108346347338746 0.181077919008131 -0.0190373485529731 0.0655187731236726
-0.127532809250788 0.168298674751588 -0.00487540732477517 -0.00776689976855986
-0.233336387917113 0.0948971791027627 0.0636787140326291 -0.0847987363501742
-0.249632716358404 -0.0772682413359692 0.166479614369701 -0.0660466330291
-0.116139666236417 -0.234869045216736 0.141737701997635 0.112784144835397
0.212634656702395 -0.232896610400858 -0.0231478644895138 0.154168004922343
0.336122407356553 0.104111925913473 -0.122643291864108 0.0570587659517747
0.184638012624495 0.339925171017461 -0.127242343733499 -4.55833014145896E-05
0.0513530470414107 0.281061412995369 0.154384098782637 -0.196985419774715
0.202762973203448 0.142726237641419 0.147017248419104 -0.198339610509253
0.192681422954382 -0.074589751366563 -0.00993705372318232 -0.299289093200165
0.00327848361476109 -0.169278408839913 -0.225190051682196 -0.194715496572204
-0.132402539655452 -0.108677529893199 -0.286254259343552 0.0175647395947912
-0.18208554004585 0.00678655357773091 -0.214490287737211 0.158294360463276
-0.134515485555565 0.112335255799177 -0.126425730544663 0.178721355092779
-0.0928992648582309 0.146092607333949 -0.0601576123592528 0.127525550229168
-0.113464564935444 0.139313229023284 -0.0431273615689904 0.0480635160274045
-0.206327838804267 0.0773260247849771 0.0166603165717551 -0.0386923386998898
-0.217258006311285 -0.0831765837131072 0.103405414059578 -0.0358730988965216
-0.0846268110482273 -0.221266456576835 0.0687412240779174 0.0958704731168285
0.205190030158173 -0.196653537765451 -0.0627328741640307 0.0861123487088061
0.298630959941198 0.0992089744974179 -0.112070440778912 -0.00490676364134778
0.163473986496924 0.283017350330694 -0.139972783764133 -0.0974228034980746
0.0386868756979495 0.188138761518528 0.141823568248126 -0.296284623959195
0.135484267914029 0.0992542846917802 0.0860567498003062 -0.257256012055867
0.126031401307567 -0.0441786856448804 -0.0588715778640771 -0.281870356346279
0.013460602539775 -0.104923628017274 -0.227441865823147 -0.17622102590184
-0.0725712729478655 -0.0765173496381033 -0.292668248499197 0.0102503886982183
-0.114139336530225 -0.00842963798422646 -0.250590438155919 0.161740405511381
-0.0893650513977492 0.0645647896141526 -0.166932275442771 0.211686511173234
-0.063886830567549 0.0876503127934713 -0.0920960572017029 0.169474602389903
-0.0814920409637531 0.0885695720550465 -0.0738322528294184 0.0887026961371981
-0.145308424259798 0.0437047990564035 -0.0258061415014495 -0.000948091230926792
-0.144029807065074 -0.0769171477618134 0.0390687982663325 -0.0189007651399821
-0.0338803454220964 -0.161146277633373 0.020852981331559 0.0593429288765239
0.155712582930359 -0.11879424676025 -0.0641758714592013 0.0366385637407335
0.202455348438473 0.0766655864114238 -0.0952232027955291 -0.0285948967474492
0.107206269902233 0.178147188836208 -0.15165728270561 -0.167951676648927
-0.0178209039409497 -0.0534229604716973 0.16967683957876 0.254875587489336
-0.0652840195515784 -0.0192984631894251 0.161551814988199 0.0376313123110919
-0.0641902390122265 0.0266089105117933 0.0767934150149717 -0.0375198125752486
-0.00307603222754861 0.0675952382239384 -0.0187119725346977 -0.0589006419908213
0.0479215308508376 0.0355390371158328 -0.0212217916755917 0.0314268249388385
0.0504024487162439 -0.00735255035677688 0.0757760609947717 0.00230899213296321
0.0330688547149767 -0.0238586957305778 0.107708635539928 -0.0867043397594216
0.0288652045023619 -0.0150066242435789 0.12332268748187 -0.176801498271348
0.0336592940734459 -0.00481840866924586 0.166394125270072 -0.222181659431746
0.0357166135426462 0.0187144246918827 0.255368736734683 -0.173433655577709
0.0182685638888685 0.0453438425466466 0.289814423475565 -0.0348854125313366
-0.0172441791418742 0.0473826891200114 0.230399211591974 0.13909319922718
-0.0634309824814045 0.00822711174535256 0.107994051516412 0.253607366294276
-0.0740637798438384 -0.0435602252882271 -0.0532048474263397 0.291322198939319
-0.0167697461302529 -0.0847360126027571 -0.145083812533126 0.387535731231018
0.0425910270418239 0.0935781016226646 0.165963881707139 0.249951368676372
0.06843549320758 0.0376374298093662 0.160000166727429 0.0542602691292976
0.0481184916462942 -0.0357173959139265 0.0862269261160303 -0.0483572303790005
-0.0274148717213395 -0.0434981813728049 -0.029504885529006 -0.0687171883306485
-0.0494642903740698 -0.0116910069632417 -0.0352392155018609 0.035192526967796
-0.045554523459223 0.0228446170048194 0.0764161881895997 0.0225795335055642
-0.0265705427773158 0.0484652366412968 0.11357260354968 -0.0756362757797571
-0.0153452979211295 0.0613917964521038 0.124284770129478 -0.168890604479184
-0.0250072282556313 0.058248550486085 0.155163350955481 -0.215636223780136
-0.0635728423855871 0.0394758081091499 0.241643230026157 -0.18095034947893
-0.068830276687732 -0.00185884968762409 0.2872818469172 -0.0590911890339992
-0.0352350266065097 -0.0400888372873561 0.238431652987308 0.117309627388289
0.0294985577567883 -0.0500698221441081 0.131931894374143 0.241680486497327
0.0458236724149144 0.0228482213452521 -0.0310329336810379 0.292971081580736
0.0278417034673963 0.0686089448791439 -0.131055822230752 0.38919052874169
0.0795857868527329 0.216796205794122 0.146354015790869 0.209658368817237
0.176429324431173 0.0939364075234495 0.159530563757457 0.0746632523647957
0.151072013918289 -0.0837300248377687 0.1195359916408 -0.084197965767974
-0.0367719463149488 -0.143333778170423 -0.0500666825575944 -0.114154478715735
-0.132595938885822 -0.0604311358214778 -0.0883261479242762 0.033965677438638
-0.136610403528102 0.040921614195026 0.0407582935546493 0.0572747919626437
-0.0864755132891463 0.109363170945504 0.0952811573497508 -0.0401308219623286
-0.0574139229611032 0.129291357469929 0.105867386566055 -0.134746797035562
-0.0757715955800122 0.115293664175218 0.126044749678664 -0.185654143510309
-0.148973892823459 0.0623751600061993 0.207609326423126 -0.178110516694451
-0.149652359562233 -0.0396596517831635 0.272944003274945 -0.0876667323501369
-0.0627472155963906 -0.118404709154924 0.247560624682167 0.0985332414486352
0.10900070333073 -0.116370651341862 0.136916296943895 0.236595237909938
0.165167261642493 0.0722187612030419 -0.0364285080817315 0.274010058108187
0.0834256140647014 0.205743320360486 -0.121684468682482 0.338163352313776
0.0892618663240231 0.302855769082777 0.132849836626896 0.142461639270424
0.242808597506015 0.139309795005319 0.184266476257405 0.0682964911715857
0.222816127871755 -0.112599464657697 0.145069376968721 -0.159496316762245
-0.0369033835414485 -0.211004739085936 -0.0980295108673479 -0.175283609766436
-0.184972643328072 -0.100408204894914 -0.163013189758593 0.0327617010292993
-0.205335830457432 0.0458066948857346 -0.0205890908655623 0.0984403020319986
-0.136287064449777 0.148761570161661 0.0522124757799209 0.0140521403180411
-0.0907285327976237 0.177233784746853 0.0710441764118764 -0.0774358321525332
-0.111657239217527 0.158020599658527 0.084757146709883 -0.135404831301149
-0.210312201797975 0.0841917197288911 0.162535842793149 -0.161762589553944
-0.214205160070231 -0.0612643418282257 0.251098193708141 -0.104974958566501
-0.0945822965033455 -0.181209280913538 0.244864933723825 0.0951049127635806
0.167719509194062 -0.182794919114023 0.109773423255046 0.232716507618241
0.267467334296217 0.0992368144811085 -0.070449768459733 0.226792564174871
0.138802642256473 0.307723062928745 -0.12093680490842 0.242135782076103
0.078718511623001 0.34785809921099 0.140525291530624 0.046815044892525
0.26837152381114 0.168862834436487 0.214682652726665 0.00183651758988624
0.255300564005716 -0.11765311547593 0.123517246131134 -0.249969632422689
-0.026412973985984 -0.236999845641515 -0.16390515383584 -0.216034282407884
-0.201552250669196 -0.124842771899979 -0.232741246505848 0.0328170878949449
-0.238951650199553 0.0388185874479963 -0.09331919427614 0.133996899860204
-0.164506722395382 0.163753099271824 -0.00781181838128994 0.0759117190122717
-0.109575296527567 0.198945859272121 0.0266777041761363 -0.00542816098870164
-0.131573621771067 0.180475159072074 0.0395240307178196 -0.0724365923273824
-0.242656839231389 0.101039852300068 0.113976075805774 -0.13169003964944
-0.255387432284103 -0.0722358342224221 0.220233011611841 -0.0995469095788668
-0.12087293414967 -0.226216142826601 0.21409058194816 0.109162560864347
0.206101992230969 -0.233150402794219 0.0471348400811966 0.214714478221994
0.335861821579894 0.108148270623691 -0.112477026582441 0.150289572021457
0.180223097535519 0.35931449850435 -0.125486997927532 0.12182768285502
0.0646080607418835 0.347199001022017 0.157463887078827 -0.0753164132453245
0.258568665038278 0.174346604086279 0.207725243403207 -0.105967791307722
0.24732910330165 -0.104631563578498 0.0586576362125288 -0.306296598284834
-0.0105291096220355 -0.223060886085775 -0.216149442116416 -0.221519950743164
-0.183805333642071 -0.130259310853118 -0.280400955281179 0.0288018738304025
-0.234284698566343 0.0247232231956133 -0.16485106173639 0.155683054156137
-0.166043072891424 0.152151920009544 -0.0730217366449493 0.136426099351811
-0.11134430876104 0.190214405032493 -0.0202572445598587 0.0696531181865571
-0.133316636477007 0.178159851921172 -0.00548896669884936 -0.00745196956164237
-0.246456578720261 0.102439194581024 0.0650136632904363 -0.0882287651990158
-0.264699824003927 -0.0803826160549024 0.171716372739301 -0.0709472135965005
-0.121468146675803 -0.247912314425403 0.148022836113295 0.120193779424239
0.224640915277218 -0.245365378181349 -0.0254233967310932 0.163235179532601
0.355247584751039 0.108910715585259 -0.130959411729721 0.0609377178239371
0.192611465652139 0.356201233040599 -0.133400397618001 0.000600593550878576
0.054113184277404 0.294596656561832 0.163717030169885 -0.204095187534377
0.215531648712886 0.149171303923839 0.156538539059762 -0.205718738467978
0.20228405942153 -0.0791266367788516 -0.0104040550468036 -0.314027281006337
0.00330986028485891 -0.178117530516418 -0.237511981581596 -0.206209898940545
-0.139618188395618 -0.1145488775481 -0.301472997946208 0.0182311327509579
-0.191925334801575 0.00833781160581476 -0.223733117649744 0.167170837005288
-0.139973596643586 0.118950783927193 -0.131439445341695 0.189411095448834
-0.0953604221990719 0.152301662086184 -0.0621177648038976 0.134320733831451
-0.11857443030005 0.147706904991966 -0.0451510140174489 0.0517308104827256
-0.218043662873665 0.0824877944230644 0.0154361530337417 -0.0391441617244081
-0.230465449917029 -0.0877933984575131 0.1054552784843 -0.0383082949519668
-0.0865348544645146 -0.233751762914045 0.0717558931232659 0.102119528255579
0.216781361840777 -0.205130828821835 -0.0659656884329575 0.0916923623503413
0.314707117336783 0.103009115091469 -0.119622150296074 -0.00351281044152455
0.170981436604817 0.297180980761583 -0.147478271279429 -0.10189314514798
0.0406020198040389 0.197252828681008 0.150672223462167 -0.309244319036969
0.14341549555899 0.103020127383314 0.0921433688600895 -0.26868309628368
0.131897366125616 -0.0471973361943873 -0.0622530348988492 -0.295169368545797
0.0145099383907952 -0.110797888976391 -0.240516711060177 -0.186284542749361
-0.0765844119422336 -0.0813327210074519 -0.308213288543422 0.0104175968416566
-0.120545385239864 -0.00785484922660566 -0.262298182839932 0.171626401939336
-0.0931086008570233 0.0689571965553651 -0.174334500559629 0.223536937544341
-0.065508087041681 0.0920991773821447 -0.0955031911368951 0.178670992063685
-0.0860970833903555 0.0941343908570661 -0.0771205368871034 0.0941117533614622
-0.154418175233846 0.0468978795544419 -0.0289808105305952 -0.000224030988406548
-0.153180956672803 -0.0815703989143693 0.0388337788853948 -0.0206969589428383
-0.0338114026444266 -0.170253651230861 0.0222277343892402 0.0635389392029671
0.162788631903235 -0.124010607046915 -0.0664453865505341 0.0410119138191647
0.212887288961488 0.0796393281823177 -0.10176005199512 -0.0287994333172077
0.111023525856833 0.185585331976776 -0.159439926792551 -0.175226985333603
-0.0320539517920274 -0.0538125190010285 0.230192304815355 0.241052546554905
-0.0730749937844935 -0.00935045287793736 0.180133780910151 0.00895102850220629
-0.0632175663124753 0.0395492527078374 0.0755242051563741 -0.0601821243589783
0.00807058617215906 0.0706679686419286 -0.0328138131124268 -0.0621993082052612
0.0548395921716239 0.0298281057095976 -0.017680042165448 0.0350615285918766
0.0514903905449162 -0.0153448650877878 0.0772535247967736 -0.0119617568726916
0.0316195608359517 -0.0300885116174352 0.0978504147463472 -0.110974303630597
0.0288084759588669 -0.02010984050581 0.0993145506886274 -0.202946670883879
0.0353444714955067 -0.00956799693063063 0.136342329377693 -0.259169645462727
0.0406272001780259 0.0160985393338859 0.237181348309358 -0.223833703234023
0.02576567563245 0.0470391328057234 0.297127388558098 -0.0844997681743645
-0.0129072399842462 0.0502540122063829 0.265094081924891 0.108583875795437
-0.0657560595773232 0.0188444413631201 0.154660256254422 0.24882454758131
-0.0823979542271709 -0.0352167305507228 -0.0120657425623778 0.315058234710441
-0.0277654696821357 -0.0874394194783935 -0.092528457779139 0.427990277251684
0.0580624485269048 0.0904190358079978 0.213060576039264 0.232292998654249
0.0754627836976389 0.0297242121363434 0.175683073066136 0.0285330520934563
0.0446407444440276 -0.0436548139705505 0.08060305444904 -0.0652617634637605
-0.0334550801410555 -0.0413458027968075 -0.0428825221299278 -0.0633797580848427
-0.0546522139139464 -0.00543301436878414 -0.0279176824036911 0.0441010081744074
-0.0446182695953195 0.0309711243254652 0.0859808808159913 0.00673093364844912
-0.0191327225251022 0.0548553947866505 0.108629764711109 -0.10196272290801
-0.00449463868721375 0.066239894457538 0.101101097704052 -0.195356229069427
-0.0140763959058963 0.0652013651472394 0.126161516322939 -0.249424112430822
-0.0584438215153458 0.0540196794015082 0.220864500779975 -0.227933962207842
-0.0717619103872722 0.0132858682248643 0.290187443134102 -0.108455931728719
-0.0450419607620897 -0.0366275477064211 0.270219319028996 0.0867452087883398
0.0195930215545723 -0.0573236781233678 0.175580287620329 0.232484693003205
0.0516366583314314 0.0138023344825017 0.0128973982086811 0.311116441281758
0.0427536612140099 0.0625441736767307 -0.078067589144416 0.429104169432838
0.120583432693092 0.214380592351763 0.174911432742275 0.188230149531603
0.198515685670097 0.072679477951557 0.173624497739614 0.0509681537555608
0.145604982247775 -0.10958885458924 0.105416307906013 -0.101899113118295
-0.0564062767633964 -0.144360843997187 -0.0714361935647606 -0.103027627996249
-0.148108830953778 -0.0447128748082898 -0.0792033485545904 0.0553829875784874
-0.137097802775027 0.0639431652162926 0.0592913489254063 0.0479888916182148
-0.0732784334125088 0.1277386323142 0.0975196518269908 -0.0618012922045819
-0.0378812816253205 0.142647941030446 0.0871308602810777 -0.157558639317575
-0.0567019103896644 0.132076694132096 0.100349962170885 -0.21389599082846
-0.142787954365756 0.0921070843997327 0.186042187702331 -0.218551386300541
-0.161039673198371 -0.0120758689557524 0.272193287013813 -0.134924541956682
-0.0841116472712142 -0.113581852822334 0.276127075366388 0.0669529939582971
0.09058895795862 -0.139121264911597 0.177613865144771 0.22598214688689
0.182017669698527 0.0443885649203975 0.00491240479569541 0.2893348864907
0.121582224743524 0.195619652461327 -0.0751101662556061 0.374105223752859
0.146204916738152 0.304774714897532 0.1428025801721 0.11482995446888
0.276602005623888 0.111607777030027 0.195061913651969 0.0417954545594897
0.217038330957687 -0.151606258753558 0.116265912204965 -0.18039441851595
-0.065209978062278 -0.216111899107465 -0.133165112755678 -0.154918040844452
-0.209274966522487 -0.0792244083281885 -0.154720903277972 0.0682287729619861
-0.208085509307659 0.0801277130226632 0.00567478288359316 0.100963159700537
-0.118736804216649 0.176918316693716 0.0639165895629998 0.00274363014598157
-0.064347990847199 0.19826439817007 0.0603631795830903 -0.0926141418208166
-0.0882122269988415 0.182297715463675 0.0656099433740342 -0.15394749223653
-0.20302066201868 0.124935106859737 0.142216049051964 -0.1934275404377
-0.232058651057223 -0.0240507021607562 0.24642769679021 -0.149517361947902
-0.126945467830027 -0.174228268065901 0.273236073361099 0.0658380233867192
0.140652429933905 -0.218558202815704 0.147514436990257 0.226363562288296
0.29253212341499 0.0563990073829212 -0.037505205230729 0.243613499337204
0.19363514813919 0.2915319040548 -0.0890615599563822 0.27453924464084
0.143764782631295 0.355266978054499 0.131088604214187 0.0100053508476455
0.309235069152596 0.139194869312659 0.213823685985885 -0.0333782136513407
0.251148059410201 -0.162875311250729 0.0763785394819042 -0.270113764697766
-0.0588877032236395 -0.245577217247098 -0.209637263502235 -0.183867132482805
-0.229182145237627 -0.102869551865466 -0.227619044477611 0.0828746005799903
-0.243585304711943 0.0779035611943685 -0.0622659221691567 0.151404353698658
-0.146064421382999 0.196112940746605 0.0123882344797033 0.0788011184574398
-0.0799055282096482 0.223390604366187 0.0267193257052031 -0.0108415609417176
-0.104506934682405 0.208846202217413 0.0288930483113542 -0.0808669718894566
-0.23454748095134 0.146259980138679 0.096801897333773 -0.153234910770676
-0.277177531733816 -0.0284633045488898 0.21476685512809 -0.138141327753082
-0.159731018871587 -0.21696435303296 0.243015951503104 0.0874942557597657
0.171771671889684 -0.276306493732132 0.0775128123341438 0.217853631286341
0.365048748804498 0.0565425906706702 -0.0922982505566447 0.169028772145397
0.242489627151768 0.339397298823797 -0.112784031089887 0.14810016310252
0.130426084943918 0.357523949075737 0.128529364511457 -0.12306839162469
0.301332712322836 0.14582284595981 0.188138077641633 -0.146539103827614
0.245387511387472 -0.147799579500729 -0.00110865324943939 -0.319161690022944
-0.0403116152507389 -0.233724683103249 -0.265857007984669 -0.180978790939547
-0.211275716693985 -0.110591669184172 -0.277711378445428 0.0871723019179254
-0.241273674278509 0.0624481041591736 -0.133677874787213 0.189203221153314
-0.149506699383017 0.184953220945125 -0.0457894383808581 0.155493990728946
-0.0836153185442379 0.214088593889415 -0.0090117909102688 0.0745304094815036
-0.108390531834079 0.206290340815936 -0.00613041512719856 -0.00470511230733744
-0.238491655878971 0.147690017821336 0.0524452771802972 -0.0988191724086563
-0.28765159398299 -0.0378907660093273 0.168778047314087 -0.0993707225501554
-0.162646051245629 -0.241282888167335 0.174694620582213 0.109074581757969
0.190664550481944 -0.292258369152314 -0.00760266013785983 0.17640872157493
0.384178803517601 0.0554026298413054 -0.125286921514717 0.078300354398554
0.255241198079542 0.333910915630018 -0.139412275284749 0.0228448104862124
0.110605651699296 0.305045283060261 0.116050189070385 -0.257237179176732
0.253188999040186 0.125007330289889 0.119511395558336 -0.242685158499077
0.202308909901043 -0.114311066686814 -0.073562919664557 -0.318167519919207
-0.0191085776607545 -0.187760236313715 -0.285911392863766 -0.162614205055983
-0.162928832420829 -0.102133803638513 -0.305030067955572 0.079642601825461
-0.199931327454945 0.0381567873615853 -0.195144968028845 0.212293043126996
-0.127355306478117 0.145916553898286 -0.0989067553679364 0.222644704997826
-0.0742263589744825 0.172548702093931 -0.0423998984917245 0.149638649804269
-0.0984012798591988 0.173314700776107 -0.0385355538087338 0.0635253875162302
-0.212705369980599 0.121741792635026 0.00912175670424143 -0.0401245030623166
-0.253865274388553 -0.0517193214851461 0.103706305455466 -0.0543713967098592
-0.123836613539012 -0.231582355857621 0.0910728315553454 0.101896713779126
0.190076667975906 -0.247779976551956 -0.0604843951838833 0.107973979481383
0.340132666816257 0.0560287834725026 -0.123245723015486 0.00934151404778094
0.220994878671674 0.277407028160893 -0.168993543445461 -0.0824543539671871
0.0806946018322732 0.205222811449163 0.0901040047311469 -0.361483987241208
0.170701947497668 0.087705177301063 0.0445188451741265 -0.297632666525915
0.132913604720011 -0.0693907580614254 -0.121425064825878 -0.292677138721836
0.00157466437680392 -0.119834478849028 -0.286051386841046 -0.144095968618177
-0.0921642199287186 -0.0772108261769548 -0.315403473274034 0.0705009943401335
-0.127475489703319 0.00964869739933656 -0.237779308478071 0.22460065043308
-0.0867237026117262 0.0855869602118528 -0.138552244774296 0.268278418305485
-0.0539249319556046 0.10423496353086 -0.0689059863797678 0.201438796550118
-0.0736752740493651 0.111982259363247 -0.0646452870200126 0.113486042437897
-0.152410427497071 0.073854146477331 -0.0313374213847362 0.00739030972703542
-0.172548998407849 -0.0593889737026744 0.0362109944127894 -0.0257212505934472
-0.0592041455922406 -0.173495709844744 0.0327211227423593 0.0665568589579678
0.147786539437458 -0.153681097473637 -0.0667207596837168 0.0545692879033316
0.231413787053243 0.04740310947317 -0.10931159764208 -0.0158697805520572
0.141847343405378 0.173805814724401 -0.194189241093283 -0.15750066559096
-0.0380120358347134 -0.0514382605065948 0.25737556539722 0.223383761764525
-0.0749418299320616 -0.00290057812263916 0.184103086779513 -0.00832247020586888
-0.059891072313303 0.0457422698423822 0.0687475815568084 -0.0700905679746625
0.0146196824796908 0.0712386686835285 -0.0407868713703415 -0.0603157513507943
0.0586754662369534 0.0251521598976039 -0.0134614983064824 0.036885495191501
0.0511092936706284 -0.0199714782975599 0.0765358982429405 -0.0211964655402702
0.0297332353490564 -0.0335463797738931 0.090285816498072 -0.12211212476169
0.0274092152563692 -0.0232184735136983 0.0821054000722159 -0.213631291127415
0.0346703475858891 -0.0131267420389885 0.113164157191088 -0.273108300664763
0.0423016851885912 0.0123575119455586 0.217868715590698 -0.247773680968424
0.0310596999929272 0.0449495799739227 0.29267953804436 -0.111684640698496
-0.00879194876129225 0.0518599885931604 0.277872737867599 0.087047493918076
-0.066120760359061 0.0257294700914031 0.177537374135635 0.238076144038975
-0.0864353968503723 -0.0281752009398405 0.0128827933926118 0.321767520498998
-0.0348018426008884 -0.0875804548629606 -0.0565185932984527 0.441450471123119
0.0660317769213616 0.0852503664359462 0.238662735593323 0.216031006330106
0.0783337644535589 0.0235083904114469 0.182922652060728 0.0122034188975551
0.0416588972291164 -0.0475380410827798 0.0751721466306173 -0.075805958027828
-0.0365924320049996 -0.038446525568226 -0.0502265187151477 -0.0602662317582058
-0.0560958734982972 -0.000625693737547464 -0.0234901792362004 0.0481379912213765
-0.042211558272735 0.0354622136044828 0.0880776731734108 -0.00298272488072723
-0.013246002765428 0.0565499632882975 0.10095754188821 -0.113357237167526
0.00170355776414997 0.0663605777765583 0.0846551430000334 -0.206388505222578
-0.00864113450255148 0.0670827164662236 0.104369857190539 -0.262287823497751
-0.054188785370728 0.0612091278401983 0.201642332204236 -0.25051809647831
-0.0713045672395585 0.0206241295983128 0.282375560642812 -0.13571450981585
-0.0483923572350254 -0.032885255388242 0.281197171910521 0.0643670195628589
0.0132129017666777 -0.0599043592597471 0.197212052545872 0.219895048500909
0.0532631783703007 0.00784126733441023 0.0384400061212497 0.3149551648724
0.0493454385118439 0.0580726072019328 -0.0418344288729605 0.440991017811868
0.139238792100773 0.204970660745078 0.196051824310754 0.175706631827814
0.20586229445792 0.0565469133599497 0.181951663012633 0.0367047862615268
0.138733291048182 -0.123030000993108 0.0977037715017337 -0.114622947802081
-0.0687179446321499 -0.141447219765024 -0.0820634649469637 -0.0978787537897606
-0.154819266509649 -0.0321690794344261 -0.0749910554866187 0.0642150667292236
-0.13402675024587 0.0780777682258407 0.0648594625624291 0.0411015958719644
-0.0608105121195655 0.135625037025646 0.0936723171921224 -0.072059179929561
-0.0241534709031056 0.147060113082243 0.0738535148340116 -0.165921481356468
-0.0453454818429317 0.138781811281995 0.0816262906345308 -0.222767794674617
-0.135940727268975 0.10817027197761 0.166113401882231 -0.237480932909097
-0.164561532458311 0.00390751876746387 0.260508537673735 -0.161616278307928
-0.0948833060888083 -0.107598014993971 0.28635080861771 0.045491641607401
0.0775306084700276 -0.149993417296838 0.198407290391545 0.213676166675743
0.188962531249796 0.0268999407350099 0.0287563129931073 0.295081635737324
0.141163383670536 0.185691511193464 -0.043937496277149 0.385741864880907
0.173460031290579 0.294225365630434 0.157121064429094 0.1057933609523
0.289928607365769 0.0886120746119177 0.203508574922628 0.02603929211605
0.207466560418965 -0.172771087322312 0.102037788913495 -0.194539296943837
-0.0847465300474488 -0.213949515037097 -0.148793341179483 -0.14577909118308
-0.220034233689965 -0.0620292695068038 -0.150883107912512 0.085471102608843
-0.204256133146821 0.100343194071373 0.0154641997884768 0.1005365772079
-0.102795715729908 0.189819823776916 0.0643171084587781 -0.0041560017452478
-0.0460029546806837 0.204537113131518 0.0529417591770285 -0.0985602753369152
-0.0721028736707474 0.193119365226415 0.0524353116860733 -0.159019513466283
-0.193300946574343 0.147729510470797 0.124705422975776 -0.207607240771248
-0.238135768047384 -0.00099171361639351 0.232715415529662 -0.174096467676356
-0.144127020910703 -0.165592026933212 0.283129721505832 0.044365886684699
0.121705293689741 -0.235058945508356 0.168657048856431 0.218612470661637
0.302002831490958 0.0293113664375739 -0.0180920934951377 0.252189596968178
0.221531466263072 0.278360605881928 -0.0655534692069804 0.285205830652618
0.17593073200878 0.345235003693025 0.136663613748676 0.00138135471808359
0.326362416117872 0.113286194752205 0.216223173081062 -0.050058770887656
0.241369651215474 -0.186997668332786 0.054034945183414 -0.28073769080027
-0.0805600221140429 -0.244868186490552 -0.228786903262695 -0.167989974920551
-0.24320657946503 -0.0835978264853213 -0.223392088437239 0.104792182937415
-0.241269842857973 0.102739746471303 -0.0488402870905271 0.158379602820537
-0.128332346327747 0.212474235788757 0.0192220577516548 0.0777189226942956
-0.059622294707613 0.231037191724579 0.0257911203989288 -0.0123119296195221
-0.0866157924016286 0.221387613781938 0.0226835697829935 -0.0827201434733581
-0.224108477709534 0.17217545626483 0.082844957870414 -0.16235258362962
-0.285308740580215 -0.0019910230370312 0.201630919731508 -0.159487752440965
-0.181232753758762 -0.207425865193125 0.254014063060072 0.0689484300250159
0.14886366133078 -0.295751816461353 0.0969142527064531 0.216367887930257
0.374910859323672 0.0226216820254882 -0.079199177560574 0.180835262334927
0.275410194802164 0.322326193664967 -0.100467840035121 0.159723435019161
0.162871285772279 0.348768235354577 0.121444973179701 -0.132219916964458
0.319100327627883 0.119975826797112 0.180347283425473 -0.162842320070788
0.235812962134124 -0.172586931581117 -0.0284335848725744 -0.323473558015083
-0.0617889887297828 -0.234307483733608 -0.286272160242854 -0.160229104150116
-0.226038469364368 -0.0941096631543933 -0.274350701314443 0.114963247279623
-0.240022878016345 0.0866264793283838 -0.11757355413824 0.203161834108423
-0.132935290977329 0.200779759326277 -0.0318137725116894 0.162087531756069
-0.0642490558508833 0.222049612405705 -0.00210816125328641 0.0768789878749031
-0.0891950165918754 0.219055383118525 -0.00655775935520187 -0.00174496267736678
-0.228670145708555 0.174307912400989 0.0436344749564092 -0.103107495898583
-0.297036928656316 -0.0109411621840586 0.157877571210394 -0.116681819067355
-0.185544503082077 -0.232089474006944 0.18790573841962 0.0970505318357029
0.167702266248571 -0.312449621727322 0.00743062348315982 0.181720233761705
0.393494858050133 0.0202413880495946 -0.12012377835067 0.0916365489268562
0.285591463943181 0.31661347220572 -0.139195513249071 0.0351628398616927
0.138914161048157 0.298067388612541 0.0965027423309665 -0.267508047119933
0.267889979089159 0.102618962923168 0.102628153580801 -0.254292262448435
0.194092188678481 -0.133852653918933 -0.101692650916869 -0.314743039372924
-0.0364632803711671 -0.189681617178198 -0.304945842248797 -0.139169812841846
-0.175442805435342 -0.0886914107292774 -0.302639619895368 0.109370303156625
-0.199651975234639 0.0589831800296689 -0.177233580932793 0.232601908103725
-0.11476257867519 0.159023015675338 -0.0793271718928049 0.234738643024552
-0.0589576832130103 0.178790255238136 -0.0283889073486733 0.156142082915865
-0.0828748447930312 0.184659136120319 -0.0328270871131782 0.0695797070422697
-0.204899049639448 0.145465478339343 0.00417436120366718 -0.0395003204090136
-0.26346707192007 -0.0291301271798892 0.0959061825265084 -0.0643733193365715
-0.144428119263885 -0.226162479246772 0.101908384352713 0.0966314339001306
0.171278429310289 -0.266601479401688 -0.0517165508072405 0.116731157097003
0.349409494804847 0.0258368600087471 -0.123524292769038 0.0226967753501583
0.246008899308966 0.261239653933776 -0.179013969452035 -0.0678385858421917
0.0994093976961007 0.199139638855106 0.0612548516432424 -0.370440943242616
0.181369323959123 0.0716724584025871 0.0206952084968288 -0.304245337080874
0.128190333106676 -0.0827575685366422 -0.148898768126709 -0.28467182827873
-0.00909272268781119 -0.122236859126495 -0.303673220726785 -0.121095988876513
-0.101013241392041 -0.0710395023832333 -0.313846933558983 0.101059169669172
-0.129273577302639 0.0227290641140215 -0.218889204885351 0.249770650675481
-0.0791116002390854 0.0948092638424003 -0.114513644306486 0.285205477676947
-0.0437541546604783 0.109006275348194 -0.0508754356884195 0.209970471430074
-0.0634742368762952 0.120623996818996 -0.0548128108060998 0.122023572272103
-0.148598921275961 0.090223929837911 -0.0318557887788026 0.012097401949509
-0.181087677301042 -0.0454599656743939 0.0320190777828748 -0.0292286353541267
-0.0737190471901298 -0.171590844229705 0.0396388828474168 0.0661501221233979
0.136367328386865 -0.16695535030262 -0.0616382581591513 0.063429941143418
0.236467283300311 0.0264914674874497 -0.11118297076481 -0.00420414722229305
0.157365900761629 0.162984222757907 -0.209568880799449 -0.141755260124402
-0.0405576333039405 -0.0455141288617067 0.265312530208885 0.192005490206464
-0.0718873167336892 0.00335747831389748 0.177003302162669 -0.0238467519396701
-0.0534013216797228 0.0485763296322688 0.0580807325394256 -0.074723772027828
0.0192492384414256 0.0668708995483884 -0.0449433429206565 -0.0538576993506814
0.0588638053271512 0.0199678438865163 -0.0088239155979008 0.0367242812523964
0.0477958166424024 -0.0231743378758782 0.0714038229394494 -0.0279869873847176
0.0267604863697204 -0.0358553725143696 0.0773845419560256 -0.125357613994563
0.0243471577084291 -0.0254583654956756 0.0620612212505803 -0.21133277401676
0.0319032666967229 -0.0156788634614302 0.0861830706774357 -0.269882411940037
0.0415748927757862 0.00904981396346838 0.188281671982415 -0.255430330630298
0.0335734154199207 0.0406205437393807 0.270993481149033 -0.130587308616249
-0.00445845543835967 0.0502109619634895 0.274493845713018 0.0618949464999759
-0.0621842745358843 0.0300476313148348 0.187749510708503 0.214230252833209
-0.0852398805078537 -0.0195718458510642 0.0354262593169902 0.309229054166978
-0.0402610798636405 -0.0835540423482959 -0.0206146913762491 0.426035229842252
0.0684372506984664 0.0761578629769371 0.248739404258578 0.188524514087094
0.0757176779953775 0.0173890448623603 0.178566882385739 -0.00397892890353476
0.0369029494044801 -0.0478079453424038 0.0651894766279701 -0.0813687314634664
-0.0369753313237892 -0.0343948926272792 -0.0534316092136523 -0.0529353721837646
-0.0542901450072174 0.00429026967128539 -0.0184796970811153 0.0489888853525302
-0.0374900861938226 0.0381092127250454 0.0843159523598494 -0.0124448622409565
-0.00699000293375884 0.0543696990881569 0.0879389819508872 -0.118602597648748
0.00727953023239041 0.0626031000617119 0.0653204637902473 -0.20388017977907
-0.00322961790511502 0.064616194736904 0.0785849432830358 -0.258222059875658
-0.0468554638026298 0.0642448973273375 0.171182956421127 -0.256422332394267
-0.0664818088143162 0.0257514802115634 0.257851410042106 -0.153143982334304
-0.0489634610337077 -0.0278465625057891 0.275234952660334 0.0407889409245422
0.00696351183172574 -0.0580749082022364 0.204954419501947 0.19529928887849
0.052036776613597 0.00336928449393345 0.0589090872023777 0.301350089260272
0.0522169220767194 0.0500871237842544 -0.0060318034156415 0.426161205543363
0.148400688419888 0.184762064074106 0.204716745222851 0.153725984131535
0.201492189228831 0.0390928881259636 0.180067453403277 0.0208386543717237
0.124127694587775 -0.127968165542969 0.0838714966769068 -0.119584658282638
-0.0755525746999153 -0.131131845627384 -0.0874975287621927 -0.0879889582099113
-0.15219154854745 -0.0191898604891446 -0.0661984378576408 0.0694015255101455
-0.122391000875213 0.0861652624963571 0.0653491363248825 0.0327526059623945
-0.046596156599828 0.135143269362886 0.0837427742563917 -0.0770433494412648
-0.0109755101403679 0.141132229567884 0.0572988022299982 -0.164931650836479
-0.0325543784908186 0.136866216507153 0.0606676522987736 -0.218038196666505
-0.121167438242069 0.116694629685162 0.139699115618217 -0.240758185446036
-0.157361558909985 0.018485078401555 0.2340517378396 -0.175902975155366
-0.0998080189431082 -0.0961599336803343 0.279548041828076 0.0212433657710072
0.0611192780767606 -0.15047522852138 0.206688022554265 0.190644328502135
0.182973164933088 0.00976023594827198 0.0482075878135271 0.282926213372435
0.150238909611432 0.166764256649149 -0.0118754175850149 0.372408040758811
0.187772315657159 0.267397128257568 0.162095730411784 0.0903835191938088
0.284770727439657 0.0634075795418367 0.200087595075433 0.0106825407401718
0.18703451246938 -0.181951889405647 0.0832271232996837 -0.195446018927484
-0.0970695875863417 -0.199918694354936 -0.154691945331172 -0.129506154861139
-0.21805256396598 -0.0418320485181886 -0.137598784713037 0.0954741399146193
-0.18851167854202 0.114911129645954 0.0230382470445266 0.0944198230005687
-0.0817564287572611 0.190380468198951 0.0613088920656455 -0.00986115807809138
-0.0265581598474131 0.198124160463554 0.0429772235948082 -0.098297858781702
-0.0540070234267541 0.190585751317139 0.037959886876839 -0.154698910599371
-0.174043171085457 0.159682885316711 0.101518733307865 -0.208273603619024
-0.229387467053429 0.0196873448005113 0.206093699579846 -0.185450801536869
-0.151660633657572 -0.148582968572472 0.276597645170183 0.0216873996219942
0.0967799689583386 -0.235150279184327 0.177863191082396 0.199028564537089
0.292267510270963 0.00232059522725539 0.000941628721370568 0.245139730667631
0.234998303998302 0.248896158427822 -0.0409477749544718 0.278540051552602
0.193733907314254 0.316108070654622 0.133603677383727 -0.00752537072896736
0.322893989560512 0.0839786941768058 0.207082199989016 -0.0634099816294421
0.217851316065796 -0.199466012511432 0.0305289733390411 -0.273965410470816
-0.0965333152399325 -0.229634447240275 -0.233792529578572 -0.144476281520229
-0.242380958434292 -0.0609111660430816 -0.205688173961406 0.120888562076621
-0.225019756337622 0.11981592726079 -0.0338059407634019 0.156063420813916
-0.104896374561784 0.214448621066663 0.0246592934827479 0.072769572267054
-0.0377214979272445 0.225077335351851 0.0246009612533688 -0.0134518715383671
-0.0644372453604511 0.219331548976955 0.0156924848885158 -0.0778928433454583
-0.202121278225056 0.186621237167424 0.0650829651554931 -0.161173202506472
-0.274870825159934 0.0227601157916799 0.175953636407104 -0.168840693229875
-0.190510310270392 -0.185234706257318 0.250791717278485 0.0471922584340024
0.119195066026566 -0.297424292492766 0.109655188729917 0.202908447269858
0.361800820966879 -0.009284636670897 -0.0629866492758367 0.182258431105957
0.288470971819921 0.288171383002474 -0.0844114740088692 0.160347991439636
0.182184556086969 0.320506532888106 0.109084666709661 -0.133535578038585
0.315392367620716 0.0889340746526128 0.163903113316693 -0.168773081985325
0.212541780197147 -0.184579569177699 -0.0521946471609109 -0.308667889282612
-0.0786773744977901 -0.221241911929488 -0.287534760663363 -0.130651961582959
-0.226364578371355 -0.0719766888136168 -0.253988999969405 0.134119547204829
-0.22392306006846 0.104482416274253 -0.0960324844783753 0.204961898321626
-0.110312954795525 0.204072291228635 -0.0174288446817735 0.157499399119725
-0.0432202183212384 0.216251152304351 0.00505973017670743 0.0748863532671654
-0.0679176539606868 0.218183821571802 -0.00451613559925308 0.000790568522802447
-0.206146296950071 0.188671433400941 0.0325430370750513 -0.100559049997508
-0.288143272491112 0.0140688501174869 0.138499770505016 -0.123527965962825
-0.196640573341832 -0.210678837508592 0.188567531281978 0.0799079251583647
0.137192683651703 -0.313805850774592 0.0207821109747241 0.176438111925538
0.379273932469611 -0.0121101494494516 -0.108376714759981 0.0988480801446881
0.298195882269058 0.281947317111584 -0.130894733251909 0.0447327789823516
0.155370296924435 0.273317460178066 0.074113114410592 -0.261809395929556
0.266330241058724 0.0760626697464208 0.0814863464280782 -0.250912560766302
0.174922228476031 -0.145152250087291 -0.121426771687105 -0.294696438183682
-0.0509239306983682 -0.180385572949789 -0.304521376509785 -0.108970277315875
-0.177356792561648 -0.0716613707174266 -0.281684946822746 0.131257012611613
-0.187585029209086 0.0746083057610381 -0.151267720625616 0.238730021979755
-0.095560023735123 0.162772639572847 -0.0559999957525921 0.231581283170663
-0.0414002839920698 0.175328931885702 -0.0141462545666599 0.152241221499775
-0.064402333038322 0.184207268354927 -0.0252124731401731 0.0718189464557085
-0.185918736081316 0.158281180329371 0.000111012868061673 -0.0365467957344963
-0.257687778544742 -0.00633332694208211 0.0838655958577485 -0.0692199296461388
-0.156073478170081 -0.20774739035628 0.105959029249913 0.0861468658673934
0.144590232962031 -0.26847278291895 -0.0396397431304955 0.117782018201394
0.335919727777073 -0.00300851411757686 -0.116288999944275 0.0322787386356157
0.25441122799257 0.232543884021051 -0.176498284829064 -0.050929213133877
0.109990933027768 0.182576485569404 0.0315431263847875 -0.358781721862644
0.180329391739449 0.0532343035975545 -0.00121415548063103 -0.29285523632712
0.116095048033558 -0.0893095813783559 -0.163916572885702 -0.261303990115793
-0.0192266456691968 -0.117617061412474 -0.301598889791273 -0.0912447765490483
-0.103900940218244 -0.0598933262441551 -0.293690371482069 0.12335272732504
-0.122796413306149 0.0342668417666708 -0.189079236104573 0.258726286082244
-0.0665838736424559 0.0975240358142237 -0.0862063487376464 0.282702895607146
-0.0339140326120294 0.107187023382041 -0.0315529134953969 0.206450489144373
-0.0508072267183773 0.120900068150437 -0.0420944853439575 0.123063810487418
-0.135253716054485 0.0997683999146056 -0.0308820850706757 0.0156886997136885
-0.179769635450921 -0.0280615141412592 0.0249426629654149 -0.0302035214511731
-0.0842792936520521 -0.161119511213758 0.0440561942785604 0.0616134615709842
0.118279230409677 -0.170335450469184 -0.052850542172235 0.0682831974800113
0.227781925094864 0.00646662546385187 -0.106512059611067 0.0064303343591837
0.161453760819332 0.144953346925367 -0.212506219009282 -0.118807992043932
-0.0390622133740316 -0.0412748537026279 0.255859848571053 0.168834776824598
-0.0667272696235325 0.0058109009608114 0.165263061226968 -0.0298026259369119
-0.0476705722177201 0.0471953715044678 0.0505237115344621 -0.073570335676905
0.020290767310874 0.0617780983259883 -0.0451505750005262 -0.0484911759407033
0.0569251991405304 0.0167619741479441 -0.00558669879032131 0.0346474243958236
0.0450859030988579 -0.0236983356752452 0.0642680537180471 -0.0296294104933315
0.0236254172153121 -0.0349959261260589 0.0676846753188142 -0.121182596094469
0.0211033150752167 -0.0257913189819212 0.0514936006868117 -0.199742767061457
0.0288756010370818 -0.015739978183316 0.0702580850761449 -0.25510941281176
0.0397472271708739 0.00696568156241205 0.165703616723472 -0.246561567026461
0.0330484618276673 0.0355508005324663 0.247874353133007 -0.131638783140497
-0.00223543247140205 0.0473800908159625 0.258764301175648 0.047971151235977
-0.0576150253842358 0.0309478100178039 0.181963350647407 0.193516412613153
-0.0799000361028093 -0.0149748695534959 0.0420618399479151 0.289706999496212
-0.0406818453149266 -0.0784356602458404 -0.00494104496745668 0.397955944404255
0.0662944252263651 0.0683574309675248 0.24136226116663 0.16738858158767
0.0703886800579479 0.0142851701295379 0.169118998197239 -0.0118805433421415
0.0335788290707982 -0.045580463901889 0.057699495738836 -0.0806844204104009
-0.0345927321792607 -0.0311796494009141 -0.0527463799655617 -0.0473272806322239
-0.0507292931838184 0.00619437399971121 -0.0147750022314675 0.0472842024868478
-0.0337060061471367 0.0369615946204465 0.0775635247485915 -0.0160778805144024
-0.00441973796944961 0.0505455765834123 0.0775967381518226 -0.115185533934108
0.00933594856423823 0.0573613974698527 0.0540763300492488 -0.193220038222114
-9.49601522745591E-05 0.060845435394813 0.0639457340545248 -0.243475170022268
-0.0410587137731537 0.0629023686356948 0.149261984235333 -0.246568276633742
-0.060750687123893 0.0265167560236671 0.23423297962717 -0.153073762556222
-0.047143046076609 -0.0250127027919038 0.26027365991231 0.0283570246955054
0.00337350967513291 -0.0545058920501943 0.197471363290126 0.176767595555945
0.0491638786103724 0.000591648757242363 0.0642229280893184 0.281842200758742
0.0509700119141101 0.0439308804879331 0.00977311589100485 0.395994027012533
0.143626089068045 0.16691334928736 0.198449345450173 0.136416837813056
0.188769370161914 0.0305481632615038 0.171772898291776 0.0129060058393582
0.113232690278064 -0.12371710237976 0.0741019501880266 -0.116883635631963
-0.0741933135999032 -0.12148609225873 -0.0855262556172639 -0.0786833602682027
-0.144549377217371 -0.011882041880737 -0.0588255599764585 0.0684474985598358
-0.112074852366676 0.0857299841778693 0.0629100665572052 0.0272706672031618
-0.0376762966506154 0.127125722550022 0.0750273311432446 -0.0764546881121322
-0.00462972109985386 0.131445142198699 0.0491486067968839 -0.156754456056044
-0.0248490876877509 0.129159087559702 0.0483746731572312 -0.204709010283888
-0.108767074787584 0.115189455208053 0.121013531607823 -0.22963591304408
-0.146490264951288 0.0244080990572531 0.209759634580312 -0.172686733543989
-0.0973173986721014 -0.0867766894997589 0.263118258245319 0.0102359004144825
0.050631679760231 -0.142731847505337 0.199349535626181 0.172527483163488
0.171702787871918 0.00178799505394782 0.0532385429862001 0.265473979476381
0.14623057826229 0.149636162515418 0.0016318337797993 0.348212679305341
0.183720216553521 0.242606037623761 0.157086732552485 0.0799443287730697
0.269088728947619 0.0499869918009606 0.191220673462134 0.00329723522669145
0.170486269867352 -0.176296429627949 0.0707353056718038 -0.186716331311943
-0.0976638039822728 -0.185703930729763 -0.149794350672006 -0.11546214528132
-0.206972149988416 -0.0309557271970607 -0.12433557045348 0.095548749046007
-0.172872126507424 0.1158444872276 0.026059054714779 0.0870206062161276
-0.0680786732246182 0.180672579742437 0.0566283268905792 -0.0120687688052813
-0.017584365581774 0.185673774755766 0.0372048670360496 -0.0928912488614388
-0.0423069020777287 0.180434485522871 0.0309418857126681 -0.144062719443563
-0.156438245771667 0.158319918225917 0.0862525604002455 -0.197828107951569
-0.214726280672864 0.0283466581666081 0.182873155501189 -0.180563242995198
-0.147204246524496 -0.134744474209813 0.260806140543769 0.010295214373979
0.081017238286556 -0.224211334225296 0.17306793822872 0.181341265901252
0.273316191577601 -0.00900248952889984 0.00868970561487658 0.231760605911216
0.228489081083686 0.22503930391003 -0.0286447559064336 0.260949482138922
0.19076924700051 0.287851177832039 0.127115858121484 -0.010036327582301
0.304950689550634 0.0666112043774198 0.195089491857721 -0.0658029328646243
0.198469271515715 -0.19477468815762 0.0185863531400083 -0.258433154155136
-0.0984085506260679 -0.21381512627024 -0.223700204414884 -0.126619524706694
-0.231012211130771 -0.0474715413377805 -0.186701206988937 0.122537902785235
-0.205709329751412 0.123075216838546 -0.0251632768171975 0.146621366049005
-0.0892352369027297 0.204572757691346 0.0255142023059355 0.0663380222097777
-0.0267767291213334 0.210653051278639 0.0232251132209545 -0.0128143241121667
-0.0516705080362993 0.207313700742422 0.013699327757403 -0.0710697726316329
-0.181528540135026 0.184599549632194 0.0543498315697281 -0.152170170236704
-0.257846962424255 0.0330389608531381 0.155455525719125 -0.163844382391729
-0.185488274057646 -0.169192726418217 0.236993190627964 0.035969248998696
0.100963637908677 -0.282989705652486 0.109744573011565 0.188303984954227
0.338020328170509 -0.0213169010434071 -0.0529432063144769 0.173398498125121
0.279740389054608 0.260165262957808 -0.0729810167360149 0.152557092837538
0.179772404701545 0.292417111548118 0.0998365748381623 -0.126662348249615
0.300248045480537 0.0711102708908228 0.150861142790073 -0.162391209919109
0.193509856448102 -0.181603057071573 -0.0589116361742156 -0.287626609697836
-0.0814504563529035 -0.205773273602349 -0.274893281406475 -0.112458031797111
-0.216292613398225 -0.0585640306787041 -0.232269447377588 0.136552239723167
-0.205440727372541 0.108825715723764 -0.0809133597335815 0.195463550388787
-0.0944085810597152 0.19471054104404 -0.0103790509828111 0.14812889522853
-0.032388612544023 0.203157280278672 0.00856796995899078 0.0708502684023708
-0.0542097974299367 0.20625442998444 -0.00326220428532402 0.00287853992412303
-0.185637066066609 0.186472106674351 0.0258514054008953 -0.0938460647293155
-0.270635677987255 0.0261263657502061 0.120944791607323 -0.120248245760904
-0.192126007003776 -0.191385132768703 0.180342701621408 0.0685318841228061
0.118500074615569 -0.298359156233701 0.0266616264910075 0.166421197411696
0.354083137723028 -0.025118724059534 -0.0977525762966083 0.0975573814477528
0.287432966513853 0.25490804599841 -0.121197860637744 0.0456124902394064
0.153139957686993 0.248660990875835 0.0633485932855419 -0.244673393981038
0.252451920827513 0.0601212271793721 0.0705345325478394 -0.236565260938156
0.159060417588772 -0.142443166027298 -0.123779539217894 -0.271501852951613
-0.054852411582357 -0.166783029580831 -0.289304758551509 -0.0911152512987659
-0.170329136367985 -0.059800524561351 -0.258336875473411 0.13349899071526
-0.172429715800379 0.079111973422884 -0.131337887252294 0.22951818658868
-0.0821577483723365 0.156669766642628 -0.0430817258535209 0.218597253125363
-0.032243035518959 0.164093720939966 -0.00683450756121955 0.143618525322908
-0.0521988211697591 0.175477341642598 -0.0194261290349647 0.0695520825066515
-0.168485596673675 0.156637570155378 -0.00226601255024143 -0.0323035878937969
-0.243727342859143 0.00444501677658105 0.0722563407519169 -0.0665299510584634
-0.154488925432492 -0.192432155490224 0.103212854669764 0.0775116126754043
0.127321464320195 -0.255733763079617 -0.0325111985377529 0.114371370786884
0.313385396114718 -0.0146074543984936 -0.107478691310296 0.0357317766846049
0.245106924396311 0.209933049160273 -0.167089306775892 -0.041479607174886
0.108367474094197 0.16539355687409 0.0183151711646459 -0.333836423323855
0.171312936090296 0.0417149314641481 -0.00816617912864373 -0.273099854074689
0.10535617935771 -0.0878240401949082 -0.16195069751804 -0.238988823564961
-0.0225322177256976 -0.109310047630818 -0.286455803755783 -0.0740049686940878
-0.100665850229105 -0.052318512332997 -0.268951163253013 0.126771246545048
-0.113600930102738 0.0390112630741777 -0.165698252304788 0.249989347897849
-0.0585211698444851 0.0947469341394374 -0.0679740124497631 0.267812527448938
-0.0268077791037425 0.100356154020208 -0.0201072618690138 0.194663113733083
-0.041771437953698 0.115516187302551 -0.0343359319658097 0.118391719145615
-0.124006317439631 0.0995408120826306 -0.0291705245828951 0.0173556251063965
-0.171198876575748 -0.019453509592547 0.019640071430537 -0.028035551811066
-0.0846728814494205 -0.150121571287167 0.0433818899333446 0.0566507949245087
0.105672576738163 -0.162141379691141 -0.0454864769218982 0.0682432351679859
0.211667014193654 -0.00181866152466029 -0.0983925870575344 0.011050162178948
0.154635059423305 0.130354321388023 -0.20265392985323 -0.101798468899748
-0.037074591181188 -0.0394640682309522 0.242775245971636 0.160442385822968
-0.0631950695330522 0.00489728800018887 0.158825259424574 -0.0286955373211835
-0.0447997853776862 0.0442363388705028 0.0470083049634159 -0.0705502352477525
0.0186334096574734 0.0591114871315337 -0.043220649527542 -0.0457292660824499
0.054440550420288 0.0164678296944207 -0.00469856219507804 0.0322384180623919
0.0436837854424148 -0.0230536479491129 0.0611101807895423 -0.0288081383424789
0.0225684796216881 -0.0340627647739202 0.0645809886499269 -0.115871882724765
0.0202145035579739 -0.0244975593257645 0.0501163593011896 -0.19003996275782
0.0274095174683454 -0.0149674139054406 0.0682848891463759 -0.240774589043027
0.0376965377627069 0.00708989146645406 0.156805767656811 -0.233398687681884
0.0320609589521159 0.0334444444408225 0.235433440558765 -0.123532232652447
-0.00241014180071482 0.0454874319991287 0.245749511615288 0.0464187285439438
-0.0555972676382646 0.0303915215164261 0.170046804612625 0.185623897307409
-0.0750712620941552 -0.0143793216939436 0.035733315266042 0.277308300947117
-0.03849971832555 -0.0768675957768685 -0.0081374007380355 0.376658214981013
0.0612776831109654 0.0652482232074703 0.229702444588899 0.159662511470167
0.0664051557645617 0.0151518343827622 0.162309995458834 -0.0119461143939762
0.0330819262464921 -0.0428699382387254 0.0539969145169865 -0.0777375913333846
-0.0322990107320055 -0.0305538157658176 -0.0494754606044686 -0.045343181627135
-0.0484206479383289 0.00574131535280408 -0.0129462204398586 0.0458852768337814
-0.0319355751456948 0.0352940413266561 0.0737804953498541 -0.0166231455412024
-0.00419073514298923 0.0473352885198898 0.0737516674498323 -0.109540556072973
0.00840462290846363 0.0535484489548928 0.0525397049270281 -0.183705334056594
-0.000555152664573712 0.0577944762064587 0.0626935947675851 -0.230160636658706
-0.0389534295329651 0.0608313792736942 0.142048744419068 -0.232830386334821
-0.0578562913145013 0.0252585650949159 0.222128398641709 -0.143252899697647
-0.0447624448775658 -0.0240218274885373 0.248181861455903 0.027908761629288
0.00274024779549223 -0.0508655140218305 0.185488233235396 0.169573590188601
0.0471115449653248 0.000327956014904587 0.0570877092967774 0.270401536100008
0.0482106160203473 0.0403713448505357 0.00582760864695229 0.375198700432371
0.133659236195364 0.158892415785222 0.190158263031238 0.130915444487004
0.179431876975366 0.032144826692007 0.166004639500509 0.0124119356718287
0.109511086825915 -0.116577532498036 0.0702682822036114 -0.111862519162583
-0.0692222013563531 -0.116893929741654 -0.0811188348987413 -0.0757762567160062
-0.138384586470333 -0.0123615872318536 -0.0548621217439295 0.0659513119351584
-0.106715895268768 0.0826243242291947 0.0597898632228318 0.0245411075312018
-0.035606305600234 0.120379738365727 0.0714355658694946 -0.0728187839510555
-0.00464663674330531 0.123725001348255 0.0474648775175592 -0.148687963823803
-0.0236539746484309 0.123260214453153 0.0475695230510798 -0.192427422464311
-0.103465944764121 0.111278643699257 0.114389398288655 -0.216897816651599
-0.139331044742844 0.0236198079150355 0.198300716590184 -0.162481342237017
-0.0926219443083979 -0.0838372916718821 0.250795097605758 0.011418764098837
0.047905996916156 -0.134767086796337 0.1882511634598 0.166478962706084
0.163764131432171 0.00172863535918193 0.0484269076737267 0.254334300089458
0.138445677613602 0.142674855933809 -0.00122562837103739 0.328659283620377
0.169951180954205 0.230276117797232 0.151152445276034 0.0781028630368178
0.255616469925451 0.0501173973236213 0.184332753506899 0.00502947569836759
0.164907084730298 -0.167083640845494 0.0683699492636512 -0.177723884088834
-0.0907678358388375 -0.178686262419827 -0.141309631802385 -0.111473034072099
-0.198454612279745 -0.0305072747390209 -0.117785321084335 0.0912496762798472
-0.165195546617735 0.111340639494628 0.0252712874304658 0.0816977786915967
-0.0651235360325555 0.172083815166111 0.0536194788835782 -0.0119168784016242
-0.0169449094958723 0.174693835427753 0.0366954392735301 -0.0887643236731852
-0.0402164129542599 0.171401479837343 0.0309182820711703 -0.134929335745656
-0.149050514859784 0.152089265902815 0.0819358744991704 -0.186650620918642
-0.203997399286976 0.0280212230116964 0.171512824907416 -0.169802674986975
-0.140525830929792 -0.130138132654973 0.248496801316633 0.0115066294266245
0.0774282952763689 -0.213114184925399 0.163835143825228 0.175322960406892
0.260188177465674 -0.00776165716923734 0.00625538630518747 0.222060578454871
0.216149256932866 0.216132383747957 -0.0291480477823058 0.246117269387106
0.176318757467022 0.273234547532363 0.123932264726835 -0.00634257694579362
0.290611913804775 0.0657720644596287 0.189559754302175 -0.0600140891763956
0.191038914195858 -0.18467297242036 0.0204258768497315 -0.246150823935447
-0.0930016111548321 -0.205229463242664 -0.212845976922351 -0.122470987675267
-0.221485038598611 -0.0463612261832645 -0.177683399029515 0.116206231954849
-0.196453785433471 0.118268642562315 -0.0233223578192599 0.138603366899532
-0.0842562896897888 0.194961367025924 0.0238541329641407 0.0633150504028815
-0.0258848683697246 0.198698284382853 0.0223979033829887 -0.012073366206229
-0.0488272663672465 0.197689521164621 0.014362195839881 -0.0658958863988387
-0.172248130740213 0.177152493194478 0.0511414684562066 -0.142758939019582
-0.246789062121161 0.0314173438089395 0.145610659353557 -0.154188948213654
-0.178118204720412 -0.163726335432009 0.226242021102355 0.0363617337925015
0.0977455386611073 -0.268208885853288 0.103812286686097 0.181786948183425
0.322385998270386 -0.0188331240474794 -0.0520309155554946 0.165535848435769
0.26498849998478 0.250492820105249 -0.0714418315336802 0.143661713407682
0.166059802844379 0.277681125627775 0.0993087806563023 -0.117202267177016
0.285685638256832 0.0696608358346592 0.148530755900775 -0.152383982588688
0.185593611865074 -0.17257463598171 -0.0534355653817716 -0.274118225884537
-0.0775622552724098 -0.196945493702637 -0.260495992286741 -0.109001033933208
-0.207291866322413 -0.0558142748754844 -0.220215182775285 0.129279904873162
-0.196205804979963 0.104667865168009 -0.0761552605192129 0.185681963329735
-0.0895979487769784 0.186169656195309 -0.0100405555601626 0.140363434260207
-0.0308347553008886 0.191310812218709 0.00915466608288646 0.0666406269590062
-0.0519219850900977 0.196252367429528 -0.00192032029378671 0.00470547513166636
-0.177251239635147 0.178978467927048 0.0245161352144412 -0.0878635556344197
-0.259690733498916 0.0249788056375151 0.11198249712203 -0.111617985652509
-0.182618267464704 -0.186684518980829 0.171034604063077 0.0669871618748219
0.115257573814035 -0.282270132682579 0.0249847036757205 0.160295352205127
0.336468620870006 -0.0212013799780428 -0.093633283690126 0.0922519417263799
0.270962185045771 0.244259107419693 -0.115840733403312 0.0422427051988164
0.142274357738978 0.236460668526637 0.0646169761300487 -0.229989315635328
0.24048975117438 0.0580962068114282 0.0718203673224708 -0.223459791818247
0.151332454253236 -0.135108168503965 -0.114696681996493 -0.258391074570624
-0.0518520748163052 -0.159871546554533 -0.274444074908648 -0.0882206058493878
-0.163131359062969 -0.0576908347478292 -0.246115407463155 0.12604653845392
-0.164070367220195 0.0770599862096017 -0.12403442817433 0.21799369854856
-0.0785190161565881 0.148359707358909 -0.0415917511669286 0.207658817400837
-0.0315514104804673 0.154395930319463 -0.0060157753954962 0.136687121442943
-0.0493426377991606 0.166424521702068 -0.0172337859551514 0.0678130018450777
-0.1608821154351 0.150535534583594 -0.00251851209669247 -0.0293319246607384
-0.233375614973002 0.00394195096144523 0.0654876062532869 -0.0615386945120449
-0.146175228099772 -0.185384544870743 0.0982120054229784 0.074106409575176
0.123893206211973 -0.242011621979596 -0.02998317609739 0.110452446451874
0.296590156743461 -0.0102868720918863 -0.101276462942054 0.0341042769476077
0.230420026037678 0.202432087985928 -0.158021325559746 -0.0397254166611041
0.0992941798484706 0.156834832289002 0.0235352432162971 -0.315385217431888
0.163300941674094 0.0395959146121799 -0.00425577063738478 -0.25865886995985
0.100123074345717 -0.0834333333348221 -0.15148284711881 -0.227842393010381
-0.0212782943797109 -0.104416964138443 -0.27170096572824 -0.0719703371331911
-0.09643743137358 -0.0504804989807911 -0.256568500228019 0.118709771532393
-0.108125386214235 0.038223166433429 -0.157507857807529 0.237261638763259
-0.0556628184023262 0.0899370655874253 -0.0648928656490076 0.254234926120822
-0.0267161261453029 0.0945501628783191 -0.0195472225064236 0.18423728739532
-0.0394012803895104 0.1098649910057 -0.0319465077061221 0.113484296861731
-0.119292866632425 0.095775958119773 -0.028419712030905 0.0183764589274852
-0.163843281670944 -0.0185602701643158 0.0154917746932015 -0.0249597067497853
-0.0798215844110136 -0.145242823238041 0.0425969729375067 0.0533616593461274
0.102275948653239 -0.152021066896458 -0.0410947886766995 0.0661635901438643
0.200078710196533 0.000481464677555367 -0.0933340047991336 0.00985328443065344
0.145184979212298 0.125526343589844 -0.191609884897616 -0.0973164951904948
-0.0304452188892488 -0.0433574555983866 0.218364831710638 0.190229750318105
-0.0618004361053674 -0.00477115756915586 0.163180255210204 -0.00881062137779166
-0.0505385874001526 0.0348295234864449 0.0559607692216724 -0.066795135748291
0.00827420395856077 0.0605587429911758 -0.0384884590372809 -0.0519515440083637
0.0495382002239945 0.0257793797263893 -0.0106246291898763 0.0307077589884983
0.0466615794045342 -0.0156389553860415 0.0621895873598236 -0.0179333502279454
0.0275922688757803 -0.0310338608110066 0.0790883362125962 -0.103899537397177
0.0233526745234123 -0.022417327488184 0.0802537385919494 -0.17683095618055
0.0274243841370205 -0.012047713340336 0.106331923156789 -0.223615518176088
0.034938385139811 0.0102254913252991 0.18989983308573 -0.202378193183583
0.0258607570415341 0.0334112825341113 0.249622238329598 -0.0817579913756292
-0.00909444009605276 0.0394856904796958 0.233043067683775 0.0867174681073975
-0.053692294030973 0.0194017877677395 0.132996678096273 0.210447902248809
-0.0652956315996049 -0.026109954635185 -0.0127408925932684 0.279745141821127
-0.0190502044733281 -0.0809207811194661 -0.0758885185489101 0.369437827874778
0.0484220777995474 0.0712095649841489 0.196270720091055 0.189854290040869
0.0610361450452223 0.0272989839457214 0.161129773944872 0.0124045746904809
0.0387277538276777 -0.0360647821481041 0.0645941365241893 -0.0667824926522101
-0.0249689835649494 -0.0352725783986592 -0.0399781599656097 -0.0503265521983617
-0.0478554139414298 -0.00261520176337361 -0.0161742599715985 0.0430586718505419
-0.0370786436382328 0.028945757843502 0.0750346729780751 -0.00890563705917815
-0.0120189786819667 0.0441572052534607 0.0879750253863749 -0.0979183033388867
-0.0010823678566595 0.0517259247709322 0.0815928503095572 -0.169888439390856
-0.0109262418504701 0.053055757072131 0.0990493831201676 -0.212802785375904
-0.0474044290517108 0.0502495500501902 0.176184881902396 -0.202757377788679
-0.0595221574389178 0.0112090856183608 0.2395639674334 -0.101930634518312
-0.0381365786665115 -0.0345469665332894 0.23823537020885 0.0694623146445226
0.0151324334716909 -0.0493701292278498 0.150157060872803 0.19778895088437
0.0492134940275552 0.00845912910867605 0.00825303660956225 0.27337070072014
0.0444000857405099 0.0475041008573271 -0.0615823774966399 0.36798894097373
0.104761876622007 0.172225978186792 0.153114221903552 0.157428028646397
0.167375015921719 0.0612094567549105 0.156930332185191 0.0421299484772726
0.124926936578701 -0.0944072483119633 0.0877122893789863 -0.0908790984573426
-0.0453859092090298 -0.125135511692534 -0.0614139459581107 -0.0819316100542366
-0.131541100980232 -0.0361549206171461 -0.0556674725810585 0.0556804858926407
-0.116761809731412 0.0629629960462591 0.0570509510780407 0.0260593611578822
-0.0546289645839312 0.110396501981073 0.0818986178425176 -0.064682064565978
-0.0256902664865824 0.11757940341187 0.07031885635562 -0.136758538753575
-0.0441216425708622 0.112397131131292 0.0804272359812244 -0.178071843994286
-0.118181992869399 0.088722310724373 0.147318204199587 -0.189787075081572
-0.137688618265593 -0.00283808194441552 0.218467611533906 -0.12244491056246
-0.0746343841178842 -0.100974147757271 0.244773812125023 0.0550390983966035
0.072631738984277 -0.123603629370238 0.151761861271486 0.194749277971442
0.160642400099062 0.0292183717308133 0.00143959004474655 0.25283304696362
0.113384669011713 0.162344357056585 -0.0598048809496759 0.319583623729509
0.128618848597908 0.246884922102521 0.116751034656637 0.100458725381559
0.238861007166457 0.0906284731016482 0.17433700032087 0.0408575225922519
0.18661366379588 -0.135001677237284 0.0965464439270206 -0.150630965581416
-0.0566479878682414 -0.188915796116561 -0.113253771188224 -0.123089949043419
-0.186944981302461 -0.0637257405090014 -0.11711597380055 0.0714539619502804
-0.17753125781675 0.0818144813386812 0.0159085432341474 0.0736864663969499
-0.0916065955657343 0.156976434183797 0.0565809170369711 -0.00765496003442827
-0.0454113275074127 0.164962987697752 0.0497183635324032 -0.0795283445865932
-0.0669937955627064 0.156350879334354 0.05476072470178 -0.124001136202658
-0.168119579796067 0.121701867704714 0.111681779104029 -0.164205431452114
-0.201961497221311 -0.00840903333724758 0.194042881316689 -0.133749258954284
-0.113725601375703 -0.154115250798618 0.243123314332402 0.0562270177602297
0.114114776761766 -0.193072625347831 0.125571849273991 0.199407309223634
0.255281848306465 0.0372661073409469 -0.0353728536136356 0.212162598888997
0.174094622170801 0.247172632727687 -0.0734763172395537 0.231941907913959
0.129236519288547 0.289942132944704 0.09978083067071 0.0134070034909495
0.270851459356317 0.110841451285214 0.187373860824741 -0.0194850407160503
0.21508657284282 -0.148035785622817 0.0596896758978596 -0.222446567834394
-0.0541803849869006 -0.214524611813608 -0.179194244650757 -0.142956841000929
-0.206374956952197 -0.0833057830836632 -0.177173875924441 0.0871716750831077
-0.208636382372035 0.0838275964567551 -0.0394278300409827 0.122000806533354
-0.113902590566524 0.177105094637083 0.0173369795837951 0.0614474642918226
-0.0578178735740193 0.187116922298479 0.0238279074787572 -0.00801214597790038
-0.0792916562020509 0.180508204070919 0.0277749791348183 -0.0597284220423056
-0.195475691247252 0.143602659723504 0.0751416710704657 -0.125348954501414
-0.24261299353203 -0.0109349411346428 0.164975220311738 -0.120706248476665
-0.142931809581183 -0.193008980333755 0.217435567440843 0.0768765200510656
0.142292573878742 -0.242602312371234 0.0648488637737826 0.195438317475361
0.314559170482595 0.0377652130716904 -0.0825153223771565 0.145608246193365
0.212609429126449 0.289240888498263 -0.0949002430800165 0.123205130000367
0.119694944119845 0.292940468051393 0.0920588768675546 -0.098555174930934
0.267194782254853 0.111703026283075 0.160851888227094 -0.116413724144935
0.207328271507223 -0.137813377183512 -0.00868235683288514 -0.260710024623565
-0.0411618833878837 -0.204646781138301 -0.228915203735128 -0.135497506575611
-0.19115842770889 -0.0904189739896785 -0.222708793264286 0.0938569489184944
-0.206378717761929 0.0712169998471332 -0.0968629696519381 0.160570653874691
-0.116787576577575 0.168045025674624 -0.0266223328997385 0.132338650689584
-0.0619211732016745 0.178895282718804 -0.00338741064955372 0.0675012370955176
-0.0807288936081481 0.180081255416197 0.00108428215425354 0.00635401964600518
-0.199753676401826 0.144423533977908 0.0398747198739467 -0.0760303135677277
-0.253945033682495 -0.0198600167012835 0.126063622284313 -0.0848502780515953
-0.144390507193672 -0.215938565213811 0.15793617400138 0.0987563820978544
0.161372696357445 -0.252224110162924 -0.0081134007790312 0.162139698834047
0.327793806017058 0.0390377472419376 -0.110799688508381 0.0655827911017029
0.218395951829785 0.28574196688254 -0.121472277758057 0.0168733945738025
0.101440488855774 0.250313615536367 0.0786598049336742 -0.213246780984521
0.225141131440143 0.0928551695384227 0.0976304251618309 -0.199240635848094
0.169897212049847 -0.106548292729403 -0.0722882035884958 -0.257587885579481
-0.0224912857811141 -0.16390321371779 -0.246861078763617 -0.118587979512614
-0.148618408280569 -0.0845187484588185 -0.249141002399288 0.0887960448092139
-0.169814403014063 0.0493723113975318 -0.149321901321625 0.187374314817094
-0.0999481233483279 0.133438269818703 -0.0661203948364854 0.194683607282364
-0.0560647489786902 0.144274442511234 -0.0285678836417334 0.131336361187667
-0.0731416102507936 0.151793191099546 -0.0253055804053759 0.0652038606088356
-0.17966118022216 0.120022636569447 0.00419710354914993 -0.023639480618526
-0.225383541875852 -0.035495225930196 0.0713972399997249 -0.0435857235409489
-0.108384547289038 -0.207972341823456 0.0840880997758946 0.0933626569019074
0.161495928016991 -0.209881025950379 -0.0513885255459096 0.103488613687736
0.286353558884831 0.0424262557152782 -0.10660757985859 0.00794377706975676
0.184572451926696 0.238469884662233 -0.148598428878624 -0.0701594421454873
0.0719988093458594 0.166313063382568 0.0568472658690526 -0.302715620239247
0.152864710551581 0.0627520229257612 0.0310706219721844 -0.247900566400359
0.111683324321814 -0.0641736067582851 -0.112592142028706 -0.236920340004667
-0.00288795731446476 -0.104971862125016 -0.249216720688273 -0.103512953254609
-0.0861204687549559 -0.0660323853874696 -0.261299387232685 0.0790771298445534
-0.108604461035562 0.0208060415711874 -0.186359731580613 0.20445592510973
-0.0675191877575667 0.0796798510546442 -0.0966136948872451 0.238741376327812
-0.0413818847110453 0.0869559222191092 -0.0489542435852632 0.176226168827938
-0.0548533310817639 0.100564953582049 -0.0476573502362215 0.10752597788796
-0.130015068794963 0.074326533655307 -0.0298707729003121 0.0168739127725972
-0.15565384513472 -0.0450681961974185 0.0169309099764736 -0.0179842074889813
-0.0514549104889527 -0.156266159397261 0.0325062055601084 0.0622509049733461
0.125480601828367 -0.127191906950582 -0.0530242664732384 0.0578204353533185
0.190190740108505 0.0360458104443678 -0.0939676469857525 -0.0104714431199486
0.115274037445076 0.15013780371391 -0.172048760565401 -0.130256745721633
-0.0293373089152101 -0.0441033952095491 0.219511554961866 0.193740377962435
-0.0626519135752665 -0.00570765863313347 0.167132701743888 -0.00890968108693612
-0.0518794977086496 0.0348286899026811 0.0569969730449992 -0.0683386486077221
0.00776349430585934 0.0615659366417031 -0.0394370511380515 -0.0529184331894744
0.0511827244712524 0.0268481780410623 -0.00981109697210214 0.0316498474861754
0.0477725088209037 -0.015955141194928 0.0634385756247914 -0.0178231386779785
0.0289072245126927 -0.0316553156068392 0.0808325865503586 -0.10530723040765
0.0241055769631103 -0.0229275902537416 0.0835555925873644 -0.179792100787979
0.0275696476923835 -0.0118321764922115 0.110210869855946 -0.226730274280451
0.0355571762954131 0.0110301677034846 0.192862473657599 -0.205293798656746
0.0259278280286613 0.0341333821217719 0.254416898170405 -0.0805510005241559
-0.00952791110996268 0.0404712670524302 0.235785524267946 0.0898311351015799
-0.0550055402706906 0.0199344616482911 0.13139408448107 0.215689223112733
-0.065487661229222 -0.0270085593372051 -0.0174314736185833 0.286163752897315
-0.0188783062905398 -0.0838396390895317 -0.0825550397510963 0.372590294876703
0.0484274302560545 0.0735625451519015 0.19849477840398 0.192479637511796
0.0618150596619272 0.0286731981391821 0.165232220271308 0.0116768677262457
0.0400286409073742 -0.0357843737526586 0.0656718409507103 -0.0693581798342656
-0.0243080340154429 -0.0364614809590398 -0.0402167996059812 -0.0517230730476882
-0.0491304496432389 -0.00320118972947291 -0.0150868204937975 0.0441853826312146
-0.0377331798120647 0.0290661028592217 0.0756873992317251 -0.00955542342447691
-0.0119125739510847 0.0437007680415311 0.0903771910666153 -0.0999438490408783
-0.00153053061589187 0.0518481040157861 0.0848900793706669 -0.173026963668291
-0.0111933801258724 0.0538669465553217 0.102795678850687 -0.215178156996174
-0.0484375298310739 0.0513384762127665 0.178859829038839 -0.204521768369057
-0.0603624578203942 0.0116944540271875 0.242255227329717 -0.101242227214686
-0.0386293428884337 -0.0357236419099565 0.24109113343126 0.0723159329967529
0.0159746485107008 -0.0498498449022713 0.150029859467179 0.202768074734801
0.050612211392734 0.00872180077198412 0.00498129244320726 0.279352835874345
0.0449560135915113 0.0472636549427882 -0.0672976005730768 0.371663296395793
0.10247346254452 0.17567483558915 0.155378832378423 0.161229061327592
0.1698571321043 0.06490552178918 0.160976616754634 0.0433890845081773
0.129021985159217 -0.0947671568930583 0.0900093600767221 -0.0920404376293503
-0.0447776277358241 -0.12843929048048 -0.0620261138215285 -0.0845666286518678
-0.134324160280997 -0.0376386865167068 -0.0550013986297071 0.0568001490076659
-0.119433122297514 0.0639391164876561 0.0583903277399625 0.0256704576598937
-0.0557366009476356 0.112653002112051 0.0828823860417228 -0.0651743525543743
-0.0263477331759936 0.118565056821003 0.0733910196482291 -0.138854570422949
-0.0448952484791122 0.11375110921363 0.084021440324116 -0.179698674169019
-0.119651689635113 0.0913406740864205 0.150166538507295 -0.191804365829925
-0.140536538335154 -0.00333969159915282 0.220714995398401 -0.122302143367874
-0.0758885169341199 -0.103697824445613 0.248037414352746 0.057379339942341
0.0744785579251456 -0.124547670800658 0.152394441474292 0.200395441089176
0.16402880337111 0.0309482935337136 -0.00216905321643424 0.258913217889853
0.114372441089568 0.165538635411184 -0.0652955851044083 0.322550124137839
0.125201861502679 0.251481558734877 0.119848574709725 0.103511377347817
0.242372359302353 0.0952846922668642 0.178464894196808 0.0437491932738244
0.192803762050636 -0.135513394364322 0.0997024512423669 -0.153213355540422
-0.055333235128384 -0.193612896416539 -0.114644017458386 -0.127364642255457
-0.191638065986094 -0.066624335004697 -0.11773716476218 0.0717362130618072
-0.181583143906423 0.0831343891259362 0.0167144638110678 0.074059698949562
-0.0931223163272619 0.159534171917903 0.0568589826412575 -0.00803140678419809
-0.0471676492542152 0.166554738571522 0.0514150123086848 -0.0806973996167096
-0.0681490290575948 0.159231116367889 0.0585611628700345 -0.124980578092114
-0.171192857390625 0.125034589922315 0.113863343288823 -0.16438019489112
-0.205518573990138 -0.00868123813287025 0.194731736080395 -0.133120015309137
-0.115736445846379 -0.158179069839335 0.246741914654016 0.0590062398660201
0.118311836557146 -0.195251016078965 0.125802363508994 0.20558003689707
0.259599102244857 0.0397025279761563 -0.0386728428635978 0.216287916084563
0.175667379158645 0.251978959958641 -0.0768882877253849 0.233305826884236
0.125378446985183 0.294698043340563 0.1044702766295 0.0163032000318042
0.275603373751825 0.115423408124337 0.194277764235989 -0.0176552186398963
0.221814623930962 -0.149604447197853 0.0638139239886384 -0.226026855946194
-0.0538208982698478 -0.220268592721699 -0.181481538522471 -0.148054416889307
-0.211165032335352 -0.0852216636336299 -0.179940821731703 0.0877238561295652
-0.213426565808077 0.0861163392675762 -0.0391471402687419 0.122858886802315
-0.116011676930464 0.180000291060848 0.0170157560398487 0.0618633291762522
-0.0602331671644733 0.188466946085828 0.024660667469226 -0.007820632284341
-0.0803733034877061 0.182798517579465 0.0307311837858522 -0.0591524435427963
-0.198966861889639 0.146935161525068 0.07689269018357 -0.125321523204977
-0.248565546140035 -0.0122251829020218 0.164879990255412 -0.120073540813286
-0.145286582005414 -0.198826859265488 0.220244082242269 0.0804649231589706
0.148840803857725 -0.245698089907325 0.0648274350725634 0.201422959689644
0.320621602930756 0.0422912898776228 -0.0864612564462958 0.146551641092719
0.214314150492737 0.296205278956138 -0.0992111993764936 0.122662329587297
0.115115218899548 0.298143417553986 0.0978656034548319 -0.0975276241178046
0.270888429243483 0.115518467090393 0.168419217806048 -0.116356731759279
0.213748153239136 -0.13895116099511 -0.00489674739700788 -0.265687308780192
-0.0407220396653298 -0.208586172362044 -0.231668684285954 -0.14121202765844
-0.196178522471758 -0.0928945030164377 -0.226255623574087 0.0941728545885556
-0.209594937140146 0.0740288370139004 -0.0980251604133865 0.161953729453909
-0.118587489165323 0.170470618527273 -0.0282864791162771 0.133764501483943
-0.0639279669004528 0.18038788132806 -0.00292620694261206 0.0676118023877338
-0.0826502941244107 0.182373914627658 0.00330577627037638 0.00760610690137078
-0.204435895080613 0.148052733356397 0.0407225660073869 -0.0752177896405713
-0.260035649282403 -0.0208315698795578 0.124875406135506 -0.0830157516396318
-0.146220917425263 -0.222771744408745 0.160608258750545 0.102500189383161
0.169142407899932 -0.254559045958287 -0.00856342540822207 0.165110034021979
0.333053294879671 0.044286417066263 -0.113414568249504 0.0654383587425525
0.219915847128473 0.293747030984385 -0.123723380044277 0.0143965064093545
0.0976408929085163 0.254054758860232 0.0858627609265969 -0.213055684750222
0.22787753822851 0.0952529443216321 0.105109408426391 -0.200516858422161
0.174249588595506 -0.108147498384825 -0.0701549732299711 -0.262477398658019
-0.0224327536901068 -0.167293886064966 -0.250900141099101 -0.123481602592379
-0.153067228841746 -0.0863365180135841 -0.253060929594535 0.0880568780596691
-0.171958933068291 0.0514263826818938 -0.151614073186979 0.188468249270241
-0.101417745825898 0.135704257374631 -0.0687567434961691 0.197142455698222
-0.0580558473478094 0.145091319143664 -0.0292333879131674 0.13329743481195
-0.074427021525587 0.153931654918044 -0.0243273283691532 0.0677516900018248
-0.183903312393781 0.123220323705909 0.00351422215144709 -0.0222274294819738
-0.23121654924737 -0.037180685989635 0.0692540996632141 -0.0418272737530603
-0.109267368613814 -0.214449264138006 0.0851516317147422 0.0960680839467897
0.16831443686822 -0.211145459861394 -0.0512036096843223 0.104960653695415
0.290063759487098 0.0475336127198218 -0.108899170960352 0.00641871525718094
0.185883667180053 0.244731069604553 -0.150225750887599 -0.0730855104852609
0.0693859988762155 0.169344094644101 0.0641762292742338 -0.303819127421466
0.155715027956159 0.0633001776858906 0.0369529700991914 -0.250262100678121
0.114372307876039 -0.0646376473585354 -0.111113623990579 -0.241981101972228
-0.00307424196923875 -0.106957151906822 -0.252089267685655 -0.106770160083051
-0.0888907000180033 -0.0677571389621711 -0.266073875428932 0.0787173999364735
-0.110297099991642 0.0224587662475542 -0.188707187216265 0.20645596511796
-0.0686192299623228 0.0814465691291802 -0.0989197634833596 0.241863438589043
-0.0429712251861447 0.0869012352049101 -0.0518799357203075 0.179137215779868
-0.0551042795289133 0.101171858711726 -0.0482611258520087 0.109703623650856
-0.133029354317068 0.0761171544283416 -0.031417548249289 0.0188871797432037
-0.159534700413953 -0.0471789034212808 0.0141525099658532 -0.0172278050895689
-0.0512033424983476 -0.161080778823392 0.0329782987624825 0.062942318067289
0.129549410884919 -0.127393686881968 -0.0524009980577606 0.0591846304873173
0.192531599901651 0.0398858728513032 -0.0961728548354219 -0.0121026669946979
0.115270230997967 0.153698514979865 -0.172616189406999 -0.133592238712577
-0.0303478148164486 -0.0445539729095354 0.229399160257664 0.191684216289054
-0.0631888091140352 -0.00417162365356557 0.171960635968034 -0.0156181713361881
-0.0525886681029995 0.0366459777552475 0.0568234477475274 -0.0734655741332595
0.00992438456940787 0.0639651670228906 -0.0425102277875509 -0.0523093384374362
0.054223304491785 0.0256652458065189 -0.00835559227287689 0.0321365240111348
0.0493168600665605 -0.0186135826065673 0.0642734780919185 -0.0215104809321136
0.028891739898065 -0.0344458040073694 0.0792425325926525 -0.11067691751161
0.0235840107221345 -0.0244876375930243 0.0807907237985181 -0.187000484835053
0.0282222427409509 -0.0131310112462007 0.10576176271118 -0.235100679206929
0.0375812767971648 0.0104689300524436 0.191452229004285 -0.214746086594982
0.0273659746744961 0.0337557281442604 0.258486436774314 -0.0891697337508771
-0.00803708320968683 0.0415713384001345 0.243161649991955 0.0852130278492696
-0.0556986707782082 0.0221659556639814 0.139216034008192 0.217152205755067
-0.067153633103623 -0.026572063256416 -0.0127194061245607 0.294841648458005
-0.0222660767298797 -0.087028098554654 -0.0759912592226752 0.382034875128009
0.0507098352264685 0.0736010604206433 0.208308117972042 0.191593544682679
0.064181531602913 0.0289574729282515 0.170923020533342 0.005568048201192
0.0403304222753842 -0.0368261520512746 0.0648310291119754 -0.074535603660829
-0.0252162930772844 -0.036775437959747 -0.042860209876083 -0.052562691334786
-0.0503350447719307 -0.00133667634183173 -0.0128130870470563 0.0462237194080014
-0.0376298498700314 0.0312073558933057 0.0766360256466807 -0.0132277508951219
-0.0104046009231437 0.0446816164528139 0.0897653354289385 -0.105361781420372
-4.61994180521591E-05 0.0523627875803669 0.0821402577410907 -0.180034139667196
-0.00976493904517489 0.0555041657243415 0.099776575677507 -0.223713046978334
-0.0474937465520363 0.0553445495661556 0.17619267244782 -0.213610293628753
-0.0620347217498107 0.0139506627051352 0.244135024836264 -0.109476826201307
-0.0407410311723023 -0.0351264533148269 0.248626902331444 0.067830051008076
0.0148146190057015 -0.0507321676040864 0.158331618434354 0.203974726337871
0.0525191881034042 0.0065733031323632 0.0115432731310887 0.287227852469046
0.047453435914665 0.0461826892862444 -0.0600047587115562 0.379843046933972
0.107107352524088 0.177042712886142 0.164420133372669 0.160001136451296
0.174644220317598 0.0629135459737248 0.167745959664704 0.0385267382203727
0.130105355496597 -0.100252378298748 0.089858586818185 -0.0978047944770543
-0.0487506656958688 -0.131162563013275 -0.0660987103677029 -0.0859068208753702
-0.139522709302047 -0.0341970368009683 -0.0535541429022044 0.0599846001518028
-0.120333873825357 0.0697953892161766 0.0601767687691755 0.0222005104015693
-0.0531214331913612 0.116269049210648 0.0823796840191758 -0.0700129931378834
-0.0235018935828296 0.121319476241074 0.0709012867923559 -0.144610799905832
-0.0422448988721071 0.117262015471525 0.0825785728267205 -0.185768825338559
-0.119633663423755 0.0988430891772968 0.147667028830517 -0.19909022020951
-0.144674152235645 0.00157406734975969 0.220393973940618 -0.130421993478163
-0.0817712789827394 -0.104159875283265 0.255268430136914 0.0524936030312262
0.0730437136727342 -0.129153416280604 0.16127446949711 0.201581728366327
0.169479683092396 0.0267376732047582 0.00330985569720001 0.265351290024864
0.122022621195254 0.165779851828585 -0.0593682173851422 0.328758066632475
0.131873722429343 0.254139209455528 0.127136269858852 0.1032005251456
0.250114504793635 0.0916639026630307 0.187342601638813 0.0395388770368152
0.194712937438818 -0.143617512341677 0.0994804047635886 -0.160077890946725
-0.0623823659955959 -0.198698267572635 -0.120811609390264 -0.128367614281513
-0.199351791095071 -0.0622980136411855 -0.117622193530151 0.0767069150441766
-0.183501650660918 0.0922832798362889 0.0195978535869695 0.0728303121520641
-0.0898860583367801 0.166351779356524 0.057413298882953 -0.0105453129021181
-0.0443057078853397 0.17076245543396 0.0505167122174083 -0.0848477009217924
-0.0647656247774899 0.164115880957205 0.0579230550366877 -0.128767648516069
-0.171474571423191 0.135652541617389 0.111593505318307 -0.17057884412399
-0.212218678541688 -0.00171842735709095 0.192602809189917 -0.140351046644428
-0.124606077122466 -0.158905434225415 0.253892808834339 0.053803371266394
0.116208071362632 -0.203547878727804 0.135751963680806 0.207873299118464
0.267801868003486 0.0334517815622909 -0.0349047014674548 0.22268691390921
0.187509721478392 0.253970053364402 -0.0734915197629248 0.237880044317761
0.131766390999372 0.298540575641482 0.110284916983762 0.0149511063638246
0.285056495419769 0.110148705413713 0.20183934025794 -0.0233410045974103
0.224243649191094 -0.159807049645473 0.0610149500592708 -0.233917834101628
-0.0618627938453751 -0.224935627587008 -0.189913389329402 -0.148702707803731
-0.221031567320299 -0.0804509738202909 -0.181512899020876 0.0947450894123873
-0.215385112555511 0.0961999955632231 -0.0360895550370633 0.125151191046663
-0.11229232276402 0.187875954902939 0.0180808783984861 0.0625663546140123
-0.0568532806007636 0.193539399583937 0.0255909785114507 -0.00841503992303205
-0.0764623698095911 0.189899327850163 0.0320766472688849 -0.0613435872855444
-0.199859845048165 0.158709043849696 0.0745565843587095 -0.129491515205254
-0.255657532636104 -0.00258861557867807 0.16225498623719 -0.125445436289536
-0.157123181098382 -0.200335143281087 0.227822240577394 0.0773528956593259
0.14720423864817 -0.255399262498912 0.0730631152472935 0.204083813624919
0.330387175604487 0.0347266876746979 -0.0858769269016018 0.152457037385294
0.22683089299919 0.298376650763818 -0.0984019736517118 0.125791074944976
0.121587746427305 0.302236167803451 0.1016334777732 -0.100816623543284
0.280630249123702 0.109361036314077 0.173309814756674 -0.12380318648337
0.215866500657847 -0.148484962541367 -0.0112064008452306 -0.272586891594707
-0.0483233695199882 -0.212789672117885 -0.240411634743097 -0.139365517740215
-0.20545107320261 -0.0889551324909371 -0.228710655347058 0.103430046101593
-0.211831470535512 0.083745098699714 -0.0954458960658812 0.16722351746212
-0.114656967434989 0.178897100067473 -0.024826643127479 0.137472386155918
-0.0615950704134537 0.185439588879037 -0.000613009690205667 0.0695820691315212
-0.0785226032723296 0.188838317596175 0.00521730332451715 0.00889969235724456
-0.205331012186153 0.160696298206441 0.0390135858040496 -0.0762245054399035
-0.269452331218735 -0.0124188855777164 0.122167487592719 -0.086388525170642
-0.15744994967152 -0.225052729775337 0.166354813286817 0.100725706833712
0.168404180223994 -0.265611568841109 -0.00320008019854456 0.169683543266068
0.342385381591128 0.037672575076093 -0.114575941602857 0.068749178392204
0.233021710117595 0.295137071901704 -0.126650539273679 0.0166339134842977
0.103191757073677 0.257680609692615 0.0861092280312971 -0.219291955332268
0.236623261167089 0.0894119903395413 0.105518853845114 -0.207842996006756
0.175423226328958 -0.116492487067661 -0.0760001568959554 -0.268236905847797
-0.028293058978408 -0.170506714504948 -0.259728302222828 -0.119734691610968
-0.160577048924104 -0.082876141385673 -0.257462020780983 0.0971228913598153
-0.173934795293248 0.0596058021390843 -0.148418330913748 0.196853023579422
-0.0984716874556046 0.143122494153574 -0.064682849498838 0.203679056320409
-0.0567821516694155 0.149024792526004 -0.0259931990651923 0.137783312572342
-0.0710545814304103 0.159528270975755 -0.0208432838480221 0.070384744748055
-0.184988858116872 0.134244723291344 0.00221193977449167 -0.0203664762934716
-0.239204343298913 -0.0302822763529742 0.0668327740491269 -0.0419018555807419
-0.119480576744088 -0.217944262806482 0.0897216094328997 0.0954284743376163
0.169594857188366 -0.220552951869086 -0.0480602574335684 0.108498331279625
0.298313770835697 0.0421016062576275 -0.111422937560685 0.00857663665377377
0.197200098356816 0.245702322214054 -0.155342458730632 -0.0708243360250106
0.0727814695749875 0.1714782442866 0.06228287432661 -0.311750286693438
0.160229410843795 0.0581099505219668 0.0342949465890841 -0.256958912203086
0.115322867061612 -0.069768801822878 -0.118150088390902 -0.244964067297546
-0.00675604349760459 -0.108837030592902 -0.260715384861505 -0.102361051062532
-0.0945096491850565 -0.0663214591907957 -0.270433973167167 0.0875653509094027
-0.110555289450756 0.0277910726163792 -0.185252464374126 0.215928199557268
-0.0666843464876941 0.0863441618461155 -0.0944324404400657 0.250392460327688
-0.0427912677109598 0.0897045700989963 -0.047568722844001 0.185294827974294
-0.0526637382658679 0.105121031665263 -0.0448773126033226 0.114234935968034
-0.135308967207042 0.0838046390334634 -0.0319050267581577 0.0221120382722801
-0.165988855131531 -0.0430951361210597 0.011046063107658 -0.0152840374839922
-0.0580456150371077 -0.163807150226943 0.035625720283042 0.0639152325025775
0.132112210921942 -0.132722931255099 -0.0498479979770558 0.0618922823675901
0.19719347879592 0.0369050010594462 -0.0986567876654161 -0.0101017762704422
0.122468177021853 0.15464123341311 -0.179818451098811 -0.131012461915986
-0.0315758266591749 -0.0433611006418408 0.23690065700729 0.179077808806801
-0.0634067774807345 -0.000918658309220948 0.171598782922595 -0.0266145035361038
-0.051080734553777 0.0387961407841365 0.0530665369557217 -0.0770632859614942
0.0132721320733823 0.0633421193048306 -0.0452110353236297 -0.0501175395723442
0.056418568064118 0.0227190455778221 -0.00505001210686813 0.0324629659665231
0.0488506870223649 -0.0218045763904593 0.0617750137759989 -0.0251828632993136
0.0273906594729153 -0.0375343570881762 0.0738565999523674 -0.114808621039696
0.022566076513717 -0.0260523155019013 0.0710133357530628 -0.192268544769834
0.0276584287923116 -0.014241922775326 0.0927955645134267 -0.24088746995779
0.037758571720855 0.00845565112161219 0.178917482544627 -0.224608798824878
0.0284214193589749 0.0321413734367732 0.253176284872284 -0.102513505665964
-0.00594926799508297 0.0416764073622573 0.246579586646976 0.0729748849785266
-0.0543854958503956 0.0263090191927554 0.14793305514027 0.210673709676852
-0.0675756283203701 -0.0232588704004453 0.00230763686652355 0.296945993750247
-0.0274864512663923 -0.0863064137864519 -0.0583146890166266 0.382159700035488
0.0536643879828776 0.0706528296454162 0.216857496813545 0.179098454765964
0.0650331705064748 0.0266364423913505 0.172016431649219 -0.00592549996314319
0.0391387096402623 -0.0378759969662411 0.0610291731864196 -0.0791044725880733
-0.0266020882068057 -0.0352449602819265 -0.0457548272144075 -0.0502630939837661
-0.0500780933988887 0.0013869451968138 -0.00851246364907338 0.0463735116010651
-0.0359806395282652 0.0332484102797754 0.0748109589488104 -0.0186103181728757
-0.00745437859798343 0.0439887887335062 0.0835777808972348 -0.1102629197669
0.002828843668418 0.0517307468686646 0.0737682762633542 -0.185232600427206
-0.00664665666280326 0.055965445191279 0.08845237419736 -0.22826051578336
-0.043794857677104 0.0583936655168976 0.164374164869292 -0.222196518013611
-0.0615733561123353 0.0174952013130132 0.237371649018735 -0.120708439546185
-0.0427265092395262 -0.0331011087950183 0.25103529926331 0.054595328393687
0.0121717093460929 -0.0511037227539006 0.167037267842025 0.19581007077027
0.053326347187821 0.00332657490110384 0.0248365149646731 0.287651297108253
0.0491834732040421 0.0427139166309446 -0.0428348846171099 0.379364396377919
0.114003095568263 0.171655012285418 0.172481707838567 0.150603610552247
0.177849993349962 0.0547547743060739 0.170973927472305 0.0280624035759518
0.126238949475089 -0.105426566083303 0.0842971752930474 -0.103294213663411
-0.0550619020851965 -0.12958120157196 -0.0713550518320371 -0.0831751920323544
-0.141966593930956 -0.0263631097149102 -0.0488068914112518 0.0618178162659249
-0.117007564835317 0.0771655409716006 0.0603030018441696 0.0172638440678804
-0.045362948667984 0.118028957692874 0.0785369865800358 -0.0745778472707352
-0.0180929780063985 0.121502233678717 0.0637792032698621 -0.14910706791545
-0.0354352116251388 0.119807456881449 0.0733543209007085 -0.189844897792262
-0.113185520057968 0.1061770871057 0.136102520363281 -0.205663618407162
-0.144712700973065 0.00987523797611883 0.211186967397037 -0.139560999862607
-0.0876596508470874 -0.099177450262864 0.257287316092426 0.0388439976108046
0.0667424534073914 -0.132678306902568 0.17116207144764 0.192755716423088
0.171093856019845 0.0175773113369218 0.0153263893047189 0.265514208207308
0.130065638810885 0.157704110380587 -0.0439583860842354 0.327032196008249
0.14137136709036 0.247156838534681 0.133948417329898 0.0964969651108029
0.254557890625654 0.079833806949941 0.191201237820002 0.0289217729932364
0.188712294801798 -0.152481824005567 0.0926549986727559 -0.165550072822817
-0.0724193276080794 -0.195253515713925 -0.127087898471849 -0.123724270313977
-0.204139695525936 -0.050507333038481 -0.112025032178633 0.0821181166651026
-0.178660061670047 0.103551648138286 0.023384151446668 0.0699424119939546
-0.0792141434465191 0.170249631448124 0.0563285865758016 -0.0138992093366334
-0.0349834988614998 0.172210198146884 0.0467194937697066 -0.0877512838829771
-0.0553153132876774 0.167140540060078 0.0526505537363183 -0.131562973591151
-0.163196250561545 0.146653920860758 0.10168819029773 -0.175057879778518
-0.21322367250527 0.0104240120633996 0.182919689988011 -0.147200535792257
-0.133371619987189 -0.151826508885846 0.256501438821101 0.040808010534502
0.106817111640585 -0.209445985540153 0.146465501412111 0.200349109952122
0.270223406601677 0.019796382874999 -0.025167069673126 0.222974116626177
0.199412043193179 0.242300230343948 -0.063684289725244 0.238175191098399
0.143000231304827 0.29191115820974 0.113523183208594 0.0099877681482677
0.29002054096542 0.0951177133559712 0.203750198091366 -0.0340978206664531
0.216698723236293 -0.171390899068781 0.0513568555214151 -0.237278958281728
-0.0735775330462022 -0.221822284059194 -0.198446715318264 -0.140507962325395
-0.226938649399208 -0.067748486790997 -0.175590466366607 0.103558995285266
-0.209751495401773 0.109766813064897 -0.0286447075374321 0.124471931091743
-0.100235392158555 0.193091545425028 0.0218387857615416 0.0614791643935798
-0.046976316317022 0.194896924907346 0.0257765190218265 -0.0103276519943877
-0.065606417277479 0.192340337687564 0.0310165840710251 -0.062197213555875
-0.189313740467577 0.171907401270641 0.0679483426783281 -0.131060730884525
-0.257380175388732 0.0120616299774737 0.152858996988348 -0.130340718567045
-0.168583340861596 -0.19154249675583 0.231747606473115 0.0648824788218935
0.135366555585106 -0.263803250023608 0.0835772496430929 0.200147736151902
0.332847563208353 0.0181362271633305 -0.0794504371284111 0.154944172055202
0.242475043117028 0.285234612374734 -0.0932125248425699 0.127511649538954
0.132879276682785 0.296118874040328 0.100519653683702 -0.104462126867577
0.284890110864706 0.0939232393048569 0.170371217210199 -0.132468100184753
0.207676107506414 -0.16111432847512 -0.0231564084541765 -0.272562152761534
-0.0604904175494428 -0.210228937537707 -0.248294803585652 -0.128114618471326
-0.212157219412577 -0.0757792456861251 -0.222304488867635 0.114397085690278
-0.206458658264782 0.0972935272239402 -0.0853059344560496 0.170011335478037
-0.10342027982715 0.185127564565854 -0.0186633823320255 0.138690456000958
-0.0524262402545046 0.188504191983384 0.00316115868167439 0.0701804550932496
-0.0677817746583509 0.191477963479056 0.00761894371599856 0.00883214078084019
-0.195644403157063 0.173884022842258 0.0354194159722704 -0.0761084693068137
-0.270724880022934 0.00281370034038451 0.114585952065018 -0.0883192767128488
-0.170972278941333 -0.216855854246206 0.170848397188919 0.0917755286643428
0.157094940854932 -0.274565751237337 0.00591637305258472 0.169042150785782
0.344709487997432 0.0211049215428629 -0.112318188975315 0.0722253471414467
0.247658530281515 0.282221857688751 -0.125887030420183 0.0207836398129237
0.112815007069849 0.253142374461073 0.0797718030662674 -0.222267386512639
0.239556247396537 0.0750155920652879 0.0988135074767171 -0.213294087173453
0.168846388342112 -0.126056455487067 -0.088129700109644 -0.264536002564502
-0.0379916729828377 -0.168094645083085 -0.265984829226884 -0.106890442742051
-0.166754335336104 -0.0729901379666839 -0.251156809064034 0.109231595428608
-0.169094510753849 0.0701844565596004 -0.136617928383385 0.203493657412776
-0.0891987958442024 0.148164352252872 -0.0533709919591987 0.207432022180565
-0.0496408280923693 0.150963724737513 -0.0193740902886602 0.139937610602713
-0.062064514666979 0.161813950549793 -0.0158327333467141 0.072015367928615
-0.177854531639243 0.145642045383474 0.00161166534131817 -0.0183308187143343
-0.242665547436338 -0.0169997973322587 0.0613975697951552 -0.0415928851698396
-0.131824165227753 -0.212050956135342 0.0933750456169435 0.090819428496222
0.160340269658993 -0.228831003441409 -0.0418602781103292 0.11018197394603
0.300234140324618 0.0282905930691147 -0.111096053367859 0.0121902425146343
0.20823789518675 0.236142421549172 -0.158275288837231 -0.0644935490008246
0.0788362698882277 0.168072435823131 0.0503407422285429 -0.313265358563337
0.161603566998104 0.0477843122555765 0.0246210594222348 -0.258055173911876
0.111427870312131 -0.0767752946975132 -0.129505972128022 -0.240140810597854
-0.0125792872816163 -0.108045065569089 -0.266172501383731 -0.0887165655506636
-0.0991228886049458 -0.0601194750370484 -0.265619813147383 0.101310701459563
-0.107627057177765 0.0343547444931348 -0.173189419644277 0.224515292618599
-0.0610363442088768 0.089926915896663 -0.0795936183406966 0.255093654657891
-0.0388757676524987 0.0915122258377046 -0.0378862350883963 0.187884881637647
-0.0466544359525843 0.106870644819019 -0.0374061598811702 0.11667964731415
-0.1292876874694 0.0919388209961288 -0.0314187159739161 0.0259244873259042
-0.169345473672593 -0.0337543329137929 0.00749647146891403 -0.0127482450819498
-0.0668044706284063 -0.16131377037527 0.037853192305641 0.0615897085100962
0.126730918490667 -0.138904056398392 -0.0454843320762644 0.0637595308193692
0.198645107320242 0.0283591097543872 -0.0997276947264708 -0.00528228624372744
0.129132151536112 0.148545456163022 -0.184547989799485 -0.120872670451965
-0.0313166044714237 -0.0410833529642241 0.23452687288158 0.16245641574234
-0.0611432720647698 0.00152975225563819 0.164315230148696 -0.0354345681945521
-0.0477466487177571 0.0389903639143012 0.0473852722397846 -0.0784286609329071
0.0157819340913794 0.0607895319442519 -0.0455223682605202 -0.0462143033675479
0.0560628254005816 0.0186166619990583 -0.00220211057903105 0.0306870599444737
0.0460666133906605 -0.0236760656834388 0.0580414687397306 -0.0273627483527899
0.0243797274547268 -0.0386120449695776 0.0663511838191109 -0.114097949095033
0.020998373284304 -0.0263302957406967 0.0609081393918035 -0.189073162588336
0.0263483405438024 -0.0145570634940528 0.0790471391694464 -0.235600053435035
0.0368756724915232 0.00583444390670694 0.162091337952427 -0.224274017845508
0.028762795094945 0.0294141729271404 0.238788290458442 -0.108763647816776
-0.00357266626148638 0.0403035893166807 0.240081852713846 0.0600801731245362
-0.0506557028533807 0.0274826679519153 0.149586885452969 0.197946835757566
-0.0656528544508924 -0.0205892500210046 0.0132988011134873 0.28649652478623
-0.0306448576831277 -0.0827248296092712 -0.0424131122308868 0.369019439229241
0.0533156209715839 0.0657735651334807 0.21653617245156 0.162765076953453
0.0639696746530291 0.0240546061945096 0.16505516180246 -0.0154070461183481
0.037097239692354 -0.0373138020889562 0.055123435356667 -0.0806744455915611
-0.0265001505205935 -0.0337166108254105 -0.0465754556242755 -0.0471960405012055
-0.0481686411454319 0.00392448786445998 -0.00483993882281146 0.0448147227576756
-0.0333158453111984 0.033932213883498 0.0703272814479 -0.022062577381232
-0.00501099655138509 0.0419295150564323 0.075974417612358 -0.11010802660349
0.00478440783571226 0.0490215367694518 0.0630103604306114 -0.182219117294496
-0.00374893456401816 0.0544433789391586 0.0755072705708178 -0.223512534914583
-0.0392221556429591 0.0585086813532154 0.147790382103367 -0.221147516652936
-0.0589601598420714 0.0200846974122622 0.222587190005973 -0.125297073103326
-0.0428349734183391 -0.0298177835022001 0.243687194159945 0.04209359955337
0.00989441934668579 -0.0493369971725195 0.167840182127479 0.182003392418865
0.0519690699221293 3.96946424573996E-05 0.0343438560779676 0.276423997599387
0.0487768542950486 0.0382290185452255 -0.027926745189396 0.363701364996797
0.114944599749699 0.161061563796343 0.172382973892802 0.137513352837388
0.173882589771568 0.0468414563676773 0.166285643442585 0.0184797538378887
0.118976143933144 -0.105642799000251 0.0773705039704364 -0.104527451779673
-0.0580421979711859 -0.12233006796316 -0.0721266233740238 -0.0776193860276202
-0.138813404828478 -0.0185553574684855 -0.0434227457071569 0.0612488856613292
-0.108822730398388 0.0807372482577572 0.0585793726727064 0.0125208642223221
-0.0382508442336374 0.114724175780768 0.0715328481024896 -0.0760834086713216
-0.0117725634869393 0.117563751496914 0.0555106388695636 -0.147504936055361
-0.0284125079495212 0.1162280387728 0.0630996678349523 -0.185397426009913
-0.104197216509399 0.108846996167461 0.121703598992285 -0.203668413003709
-0.13994170239686 0.017377509084877 0.196624923972757 -0.141710894420977
-0.0887592884025564 -0.0917368486958819 0.249154377202983 0.0264747372218896
0.0595089898908165 -0.130917433485623 0.172716593600947 0.17901158725077
0.166385823426211 0.00881991860749719 0.0244127999000387 0.255536037849653
0.132009020408624 0.145542004844838 -0.0322413135414404 0.314510602935204
0.142790121487977 0.233328017997368 0.134440233682415 0.0874374447067161
0.247750819238334 0.0674953244903209 0.187765578028556 0.0189207374265108
0.176935510716477 -0.154948667750957 0.0829558687778479 -0.164808815634779
-0.0776114741779918 -0.18598907640392 -0.128212362522502 -0.115282848879005
-0.200203219634194 -0.0391065304526935 -0.10396827575727 0.0833438910406666
-0.16672265719765 0.108955958500116 0.0246249378927042 0.0643949340348633
-0.0678365794729647 0.166772254951902 0.053808402509556 -0.0162205274884277
-0.0266473935609886 0.166544674987786 0.0413030594917958 -0.0871486577586041
-0.0461840259092677 0.163416692268154 0.046709629270605 -0.128860770669935
-0.150265789744 0.149928178333768 0.0906918184508077 -0.17173071628421
-0.205230070461415 0.0215913836472208 0.168150392462531 -0.146963267667315
-0.136323816429003 -0.140501045798935 0.248391613027068 0.0281239419119741
0.0948619178301516 -0.207132551251338 0.148540658625314 0.186408869376708
0.261945326547169 0.00729071409037231 -0.0172823282721692 0.215719811989857
0.201891234376212 0.223963238921817 -0.0540235947801196 0.22860166113508
0.145963477522804 0.276867582564872 0.112831889876284 0.00453913412803603
0.283099008128206 0.0800849269691584 0.197927027569979 -0.0416451327100677
0.202593734446139 -0.174677024866845 0.040578286885727 -0.232058775376239
-0.0805380615400243 -0.211703090315555 -0.197518834200157 -0.128185131771299
-0.222889348495761 -0.054116403525314 -0.16431296410368 0.106275676572466
-0.196223888124706 0.116710379051688 -0.0225255259630794 0.119606389614487
-0.0865277412354833 0.189912455283563 0.0228271200053621 0.058324570946952
-0.0372628844292236 0.189985644642009 0.0243809226427262 -0.0114750950941167
-0.0549996964681998 0.18716136387988 0.0294065528243602 -0.0613740685775616
-0.174828053253568 0.175602866932637 0.0605333637920534 -0.127753868269597
-0.248461192041781 0.0249463676995767 0.140882235048663 -0.128354967969262
-0.17154437121306 -0.177476494544836 0.225807829176216 0.0526932379347589
0.120608850913939 -0.261457922324663 0.0885338111109463 0.188129403758432
0.321881092221804 0.00461015993379984 -0.0717065082786863 0.151027106679935
0.24527653364355 0.263559211785081 -0.0868087049744263 0.124140839942948
0.136403133842535 0.281574023114427 0.0961338685885145 -0.103976304846836
0.277191788621646 0.0780803181685283 0.161866701796311 -0.135013825927933
0.194044476679262 -0.163816420211222 -0.0326273196147713 -0.263601932130446
-0.0673053504900824 -0.199849105800271 -0.24521739723824 -0.114211007712114
-0.208769010573423 -0.0624293667575482 -0.209552145659413 0.119546605259761
-0.193085368319835 0.10367764698675 -0.075095744474656 0.166477896926493
-0.0902287809268474 0.182517693429712 -0.011310202569908 0.134238912394915
-0.0430539248473805 0.183194826516734 0.00644096163425841 0.0672763106458687
-0.0567177012336558 0.185996667802892 0.00990633364024983 0.00777673846483112
-0.180321691410883 0.17849389025105 0.0315978838925974 -0.0728677701722207
-0.263660464755229 0.0169540257768404 0.104647634589916 -0.0865442884400179
-0.174808068960858 -0.202102963203216 0.168189019174433 0.0824270721171528
0.142470922207682 -0.272087178523113 0.0128194527420531 0.160710626670545
0.334107334518709 0.00772572808068155 -0.107310881318271 0.0729583714646493
0.25017900382052 0.261225321997026 -0.121908998652081 0.023621883476432
0.115383489238011 0.240320544252441 0.0714811457823511 -0.216474553793035
0.231554098089673 0.0613808325440245 0.0899120516579121 -0.209342073517053
0.157022793079504 -0.129587685756645 -0.0953550336418553 -0.252436236718178
-0.0441473962482122 -0.160156605469762 -0.260776009157741 -0.0922110071130638
-0.165321959191973 -0.061076472962792 -0.236607140455043 0.11648736879928
-0.159027383307324 0.0757109648636002 -0.122704338835193 0.199823913792274
-0.0773749594779237 0.14571744804702 -0.0422483828908694 0.201612795548258
-0.0431270056685909 0.147528097164864 -0.0119837862180486 0.135212481462673
-0.0524937902841873 0.157582977804326 -0.0104613237087406 0.0702208644252188
-0.163614892857175 0.150302451331155 0.0018622890006373 -0.0160710342000756
-0.236427670759833 -0.00420012582298085 0.05556865594698 -0.0389297255979725
-0.136010757719993 -0.199161746247662 0.0938076019333837 0.0838690131220696
0.148339532174678 -0.227751505335967 -0.035240667451298 0.106573568480408
0.290573109047989 0.0169538112628005 -0.108419383695154 0.0162466070410203
0.209785803222291 0.217411344253954 -0.155369081735224 -0.0564987592090293
0.080224053524651 0.160820628605387 0.0408194108412029 -0.303516499206555
0.155429443760177 0.0379439125717386 0.0156559620842415 -0.249243531299445
0.103433638284112 -0.0792646170713545 -0.133719312103957 -0.226775024170516
-0.0168951983243804 -0.102647176037467 -0.259795017773437 -0.0747429750460986
-0.0997278262597206 -0.0523850225394898 -0.251393889349377 0.108881801718744
-0.100687628339017 0.038220017955242 -0.15660347449307 0.222202352350277
-0.0535862430639538 0.0884343797664095 -0.0648462882111248 0.249087937803844
-0.0347868218561762 0.0896905422849968 -0.0281193543458111 0.183130901761603
-0.0397292237028632 0.103924366299635 -0.0301110453713423 0.114326091514255
-0.120406384069327 0.095930399002204 -0.0293130702631037 0.0280055815360526
-0.16647756882494 -0.0249796105055179 0.00470408561514003 -0.00897204513841141
-0.0724594853959378 -0.15244620442765 0.0388686581173096 0.0572686273855238
0.117615604479107 -0.138713856271146 -0.0400386001620322 0.0626139474647031
0.192445243456923 0.0200588255205377 -0.0967772638062313 -0.000955373459883272
0.130557007455872 0.137334313125526 -0.182056867562157 -0.1090202538089
-0.0228582360910417 -0.0430282019128917 0.199519450555384 0.174458218532017
-0.0567551282880672 -0.00707671058786612 0.15641241304818 -0.0187114274908561
-0.0494195716384913 0.0293448814289157 0.0504103382343362 -0.070884086805859
0.00636067826898332 0.0585722263456382 -0.0382634130051205 -0.0471640167792493
0.0497454602181419 0.0258289008579826 -0.00672681126424726 0.0298553676901834
0.0463593039492545 -0.0156745129774513 0.0581790234861538 -0.0170284151020251
0.0269647939764549 -0.0347145914893052 0.0760602526607156 -0.0981739215419447
0.0231188892489914 -0.0234061461464773 0.082470307524144 -0.17166076990324
0.0249298801866873 -0.00987377540456531 0.104172266298027 -0.213938025794469
0.0331383711309825 0.0105615464885263 0.179894327655989 -0.193477857013479
0.0214699580816888 0.0315113853272093 0.242526642593231 -0.0750968949220285
-0.0112525941663123 0.0353998411327176 0.222961577001063 0.0872822632749368
-0.0508650956330759 0.0172523283004671 0.117842044457681 0.209553877071808
-0.0581104176933965 -0.0306842863954157 -0.021033146076319 0.278329957135976
-0.0182829429457256 -0.0856416574394985 -0.0873258840703962 0.353248475730355
0.0400258336804877 0.0676784684057179 0.178056001225309 0.17995975636854
0.0556297371108857 0.0320022832222815 0.156614386658449 0.0056323836964178
0.0406507659393373 -0.0285153936305266 0.0633748790120833 -0.068991532596421
-0.0188595651826621 -0.0355310055541479 -0.0358983534345348 -0.0503463845498081
-0.0457539058790162 -0.00410928722049285 -0.00836618329868379 0.0380367054246803
-0.0358114335686305 0.0280438637377598 0.0661709997391639 -0.0136661328040763
-0.0106319978451585 0.0375234125588564 0.0839880696407073 -0.0958426086357817
-0.00203624237069685 0.0466719025660782 0.0835251313977969 -0.165001244411463
-0.0122107100791113 0.051624906770117 0.101674160961001 -0.203537047746813
-0.0460748122994741 0.0513855876531964 0.169677889620715 -0.191790865509812
-0.0608323905324816 0.011394358206012 0.230936928524682 -0.0908439378277751
-0.0398648336773712 -0.0362121899479001 0.230067073315268 0.0717872967417299
0.0164852043995082 -0.0491517351008722 0.13534959101087 0.198418144875483
0.0511722140166016 0.00414020269577781 -0.00528735473079606 0.270433570434354
0.042703289880544 0.0402458879530752 -0.077986203273344 0.346993801622106
0.0827809073447891 0.163417895458476 0.137217180180191 0.157944844854402
0.152315449935766 0.068436618071987 0.157817010772939 0.0433165346067904
0.126363536164442 -0.0805863739235109 0.0936027486341084 -0.0852054381242113
-0.0339063455402995 -0.123445084083121 -0.0517751587716373 -0.0828732141762732
-0.12746373572409 -0.0394642289112996 -0.0430241949849618 0.0458922787512674
-0.113506889641505 0.0606637763898619 0.0487068632991404 0.0145854107839789
-0.0507105711796023 0.101778778254477 0.0764225111405138 -0.0648905632932586
-0.0272558606150485 0.109083454015715 0.0729563583337833 -0.131988224666659
-0.0436055376456593 0.106488627527696 0.086409153567549 -0.169642610144669
-0.113094994623225 0.0907773596194316 0.145641308452417 -0.179157144850471
-0.136773812470117 -0.00172460196972118 0.210045592538122 -0.107195628409584
-0.0760447293272943 -0.10072481284753 0.238960504511663 0.059638437876575
0.0731430353618514 -0.121052197441418 0.137367605249309 0.197844456015345
0.158703744141514 0.0269271084445174 -0.0165129171137255 0.249327861415904
0.108952658217181 0.15277242856471 -0.0818659935159008 0.296087307956723
0.0983406169611517 0.233702279484488 0.104163409194535 0.111120788316616
0.217733179209633 0.0978610130479197 0.178263312445327 0.0510314066441052
0.186993815631507 -0.117565275607982 0.110033855216067 -0.1383413947483
-0.0432008180597282 -0.18574635886327 -0.0963329671996181 -0.124811899368913
-0.18195068697017 -0.0674972363673909 -0.100895933088769 0.0573276218360622
-0.171050470989184 0.079199844239034 0.00936878767010852 0.0565536675726635
-0.0850412852386813 0.148279410647502 0.0512357110234255 -0.0113918680090518
-0.0474847131867554 0.153834523845931 0.051922432167766 -0.0767798150186763
-0.0657976252035045 0.14775924947655 0.0649557498118189 -0.118468922418264
-0.161748664471478 0.12427498293902 0.114147164413706 -0.152478939465812
-0.200134198890462 -0.00528870469233565 0.185990077295403 -0.113631884996675
-0.115155313712009 -0.152963756431757 0.239344962251273 0.0625048176668504
0.117250506237144 -0.189861702957068 0.112812093682676 0.204264141433075
0.250022419082667 0.0380376686065526 -0.0566795548180839 0.205740316237713
0.166327278765724 0.237847996884002 -0.0961986033248419 0.20917379479213
0.094931152258051 0.27588964481508 0.0927378822657511 0.0338115378084354
0.247669471797334 0.114114456441452 0.196927093620191 -0.00247435594955203
0.213129830159229 -0.13278687556102 0.0807811773201624 -0.206084906639557
-0.041768329544744 -0.209718243564905 -0.15759843549959 -0.144634984279815
-0.201547457307881 -0.0851915039985952 -0.158467890113005 0.0703172040282853
-0.199203683833616 0.0815559078346576 -0.0416550354683967 0.100938808803535
-0.104817811229658 0.167647833279372 0.0138179874333661 0.0544214202398931
-0.0608236370273435 0.175588582315182 0.0263246963193338 -0.00658635194799511
-0.0770179107453877 0.170138609218521 0.0399341042971797 -0.0564762716216419
-0.18862800695121 0.145434279794842 0.0813334884126627 -0.114258116268646
-0.241996022058871 -0.00814849539228023 0.158369033951613 -0.0990692691837485
-0.14307525745484 -0.193759156094355 0.215223017421029 0.0844252551678163
0.150299294648247 -0.238056629665428 0.0533502434367292 0.199857144107748
0.308916619210341 0.0443473344181138 -0.10363114592033 0.136736249749717
0.202844122234502 0.281821845947907 -0.116997329373529 0.10286698567024
0.0854415525974735 0.279372845129231 0.0898948026181203 -0.0697964385559501
0.243035300364615 0.110547322729956 0.174591151323939 -0.093489304609338
0.202874260121222 -0.124521288291172 0.0156158878018681 -0.242912663247047
-0.0312178745780855 -0.196901519841641 -0.20349433535783 -0.137627417992727
-0.186811092348287 -0.0903194552329216 -0.201587139961664 0.0779610667721053
-0.193143960900097 0.06949368167388 -0.0962523944232739 0.138426134658489
-0.106718923536408 0.160364301101437 -0.0268380635540272 0.122117806712992
-0.0660600567939556 0.168154746009846 -0.00102702928299009 0.0653836303063062
-0.0786815575053668 0.168114053727695 0.0129743876874071 0.00736032856887153
-0.193459078075675 0.147529868346771 0.0477064450588226 -0.065672910826796
-0.253904879154787 -0.0179945538117121 0.119472113168041 -0.0622506731225593
-0.142511739536731 -0.218564797698426 0.156304053860942 0.106187573017682
0.172598640674168 -0.244896428587379 -0.0167151387391405 0.162636338771917
0.318918796806118 0.0504200674304882 -0.128435026328953 0.0574162000490455
0.207197748935223 0.280970418557022 -0.137838759815052 0.0013497244664079
0.0720559308290643 0.238184454019832 0.0834807539768739 -0.178574662110749
0.203229426492887 0.0876690995643435 0.114742573873109 -0.174950071722477
0.163149021122868 -0.0976676944831625 -0.0471275522620491 -0.242130367819886
-0.0157118908157864 -0.156124843793647 -0.22224621739319 -0.118504379997897
-0.14613583491323 -0.0828888784370458 -0.227075026372022 0.0740704792272616
-0.157554894432602 0.0475358498516162 -0.142479131147678 0.165665495158101
-0.0901890330226663 0.1273334110305 -0.0634928442197758 0.18196956442981
-0.0607387337834658 0.135166004558147 -0.0274117309017223 0.127582529760706
-0.0703959027656147 0.141487491281796 -0.0149487647350137 0.0644144619597531
-0.173704416960823 0.12239883745202 0.0110478848070565 -0.0141745186491556
-0.22579097800605 -0.0351730654202682 0.0649334688843966 -0.0230129605916658
-0.104609757960935 -0.210191198244885 0.0834648564009623 0.0978607737028673
0.172553893996245 -0.199075011196163 -0.0547531581877593 0.102349881729516
0.275914689291192 0.054243599860531 -0.120013412868368 0.00125538241609824
0.174141618187015 0.235432195512222 -0.156608623542825 -0.0786187747113925
0.0503216330179925 0.159577213252559 0.0686280363569788 -0.266977105184839
0.136716078271641 0.0562208316163725 0.0498103919501118 -0.223901728447529
0.106709245516742 -0.058757304353473 -0.0898350058783635 -0.224695089179557
0.000452254704067115 -0.098847056283103 -0.225424779790416 -0.10193609227793
-0.0857782540378195 -0.0641415841148297 -0.241445238086626 0.0672569559461928
-0.0977385669317473 0.0192673706994973 -0.175601050029542 0.184751542044155
-0.0591932612922327 0.0765356101740676 -0.0898178574530897 0.224451758018045
-0.0462505655269773 0.0817732703539145 -0.0500094795757079 0.170537303875965
-0.0508323469780876 0.0919621922856337 -0.0407715270700069 0.1050430187446
-0.126963091709544 0.0760882673261428 -0.025419835777033 0.0245615748057128
-0.155754877396767 -0.0449058454720271 0.00977512151314617 -0.00176007690357327
-0.0488382083639733 -0.156601112550946 0.0324669149377615 0.0637976112705135
0.131304083354828 -0.118267743293306 -0.0509937510434777 0.0569361770750403
0.181274571372089 0.0456515009993204 -0.102693239391247 -0.0130583528493639
0.10800994948561 0.148655940513333 -0.16977406157253 -0.131309677661814
-0.0209419373317812 -0.0433362245449061 0.187989001609582 0.17558816556251
-0.0553181221988231 -0.00860826341961031 0.152946396065731 -0.0159055898171317
-0.0496330075252088 0.0269717880696479 0.0510653932959479 -0.0699611973645054
0.00488027127641531 0.0572728366875444 -0.0361376791819054 -0.0472758503744543
0.0484684722439916 0.0259563260981297 -0.00611918352853976 0.0284444539516595
0.0460800163583319 -0.0143077577534639 0.0566153510440768 -0.0152216759060387
0.0266872307238523 -0.0340283681786667 0.0766189625978586 -0.0934751357011552
0.0229544438089378 -0.0228254398043999 0.0849977185655316 -0.16636546712887
0.0250345011951997 -0.00841621649460115 0.108089926146448 -0.205731740691279
0.032332091400269 0.010833950571352 0.180271800627562 -0.183523126716276
0.0199802673900347 0.0312328474489034 0.238121472130844 -0.0669227520348441
-0.0119653639676739 0.0339184119992824 0.213674418912933 0.0909345595446746
-0.049574798857687 0.0153843648549522 0.107700955989128 0.208524359056845
-0.0558891698134331 -0.031894536624707 -0.0289226349630514 0.271606901295652
-0.015572809376676 -0.0844008157081579 -0.0973611078195337 0.339433394551558
0.0361174198263703 0.0672426271798905 0.167565749530222 0.179301196264699
0.0534312994463574 0.0337266447405481 0.152241325707961 0.007842575619437
0.0412667179429178 -0.026874508150572 0.063255859397702 -0.0673228725439119
-0.0166976557826577 -0.0349947563564908 -0.0332079888538039 -0.0507173493382935
-0.0449471624395144 -0.00531034725744722 -0.00788758419097002 0.0372605837213914
-0.0356922791986184 0.0268549292316332 0.063667226786823 -0.012100791768217
-0.0121179533393095 0.0348839893648071 0.0846324555483816 -0.0906554658199401
-0.00336601903022322 0.0446292662869116 0.0864909031053515 -0.160129693194011
-0.0130394830369727 0.0498476940377367 0.104794789735632 -0.194595923600562
-0.0459836932672994 0.0493769245379047 0.170156308979386 -0.182213933577842
-0.0598862526038824 0.0100233126148625 0.22741756332956 -0.0813241965424528
-0.0380456339855019 -0.036457156700663 0.221094474197004 0.0761077933458238
0.0179444632941002 -0.0481682244672083 0.124866446554756 0.197954153244512
0.0495942700126091 0.00481370924855366 -0.0135779045133311 0.265086759542181
0.0399128279103252 0.0390022031847061 -0.0893364208814893 0.333335076275892
0.0741586587028567 0.162016451106842 0.128719428838993 0.15732695876023
0.145950312503844 0.0721731125569428 0.152368749771325 0.0450242362853073
0.126685356727905 -0.0742216727654183 0.0931882492901904 -0.0815000997019636
-0.0288916230990074 -0.121604062135361 -0.0485392732084806 -0.0827156153873571
-0.123579118775663 -0.0408324588723143 -0.0427078323352705 0.0429297888145198
-0.11164704315292 0.0572094446520014 0.0460346771410211 0.0145020593676744
-0.0522044200334995 0.0971371347781191 0.0756746303563327 -0.0608768037908824
-0.0295895513347783 0.104955216878776 0.0745430251014006 -0.127767819481434
-0.0453775295668999 0.102793650399902 0.0900124338551732 -0.163190624149294
-0.112129183439326 0.0865277811899269 0.146315654401085 -0.169407648211072
-0.133782851431724 -0.00356363495469075 0.207033524815219 -0.0976515140760036
-0.0712900405106059 -0.0998452769126849 0.230574770471015 0.064370892124543
0.075481189181266 -0.116678610842585 0.127416620027017 0.196645922513034
0.154442975480581 0.0298299180399831 -0.0252760888664343 0.242772351672358
0.101027843241552 0.151539143069679 -0.0909314775799387 0.283063405666928
0.0869503906036548 0.23171231054567 0.0990568483159751 0.110480186296621
0.208247802789659 0.10302486713583 0.173853768580713 0.0539147933660918
0.186937347085325 -0.108979239041719 0.11218664472655 -0.132717783169823
-0.0359734119834176 -0.182262592402303 -0.0908804854499798 -0.124790725290489
-0.176888961997393 -0.0698815692214253 -0.0993466595580026 0.0528144507146446
-0.167963454213247 0.0742634151170607 0.0071362675836985 0.0543930713467088
-0.0866117220826148 0.140776070830764 0.0502491711916809 -0.0100995260813346
-0.0511899309564875 0.148234785499999 0.052943331465222 -0.0740550188959844
-0.0674067705594137 0.141540405586857 0.0677656604520342 -0.113412589986807
-0.161088430106972 0.119301193389802 0.115504155290896 -0.145891739501216
-0.195856576264155 -0.00863932242243099 0.18344397981002 -0.104394862029154
-0.108143798566796 -0.15220601589011 0.230906780210179 0.0672356070399689
0.120324474832321 -0.182427777165677 0.102597877292216 0.201545633163388
0.243853261669483 0.0440750721559495 -0.0637630060168725 0.199138108084988
0.154667342131279 0.234976597119414 -0.10321794897848 0.198332290953981
0.0817829019613811 0.272820137003735 0.0907816767728454 0.0358742927714079
0.237410930621473 0.118801673349908 0.194135504030908 0.00354662620753631
0.213198784845864 -0.124174663807872 0.0857024983946703 -0.199386746502985
-0.0354022076900038 -0.205919730776956 -0.149837715276428 -0.145907865027193
-0.195070463483652 -0.0868836578303903 -0.156009327625154 0.0635634511809857
-0.195925915442291 0.0756501043061874 -0.0439299920653222 0.0966644810857968
-0.105830135303485 0.159254008462332 0.0119581236629976 0.0531148613567346
-0.0650460378817703 0.168577200980043 0.026511136359972 -0.00610346245555827
-0.0792398330494058 0.162291432989156 0.0419985401461294 -0.0540446574932293
-0.186686898503799 0.140029582421816 0.0832344791395514 -0.109078365836351
-0.236744845047134 -0.0124572920552941 0.155808917138389 -0.0898322221558559
-0.135341096842946 -0.192945211417831 0.206825879946847 0.0889423953994119
0.154345741660239 -0.229228533579129 0.0446156876642848 0.19555657775687
0.300716100732179 0.0519753362369298 -0.108554144160096 0.130349732022378
0.188458319104206 0.279256005342241 -0.11944877521073 0.0945863302639757
0.0723847476878466 0.276432200332351 0.0928994575847576 -0.0651364439365709
0.233147242952629 0.114922086940661 0.1755650820384 -0.0861635905711932
0.201931103717676 -0.116442317437496 0.0227703824214873 -0.237569134683952
-0.0256186076485031 -0.192373881050486 -0.195009823201943 -0.140345247772634
-0.180656868173454 -0.0912670252458417 -0.198329088607265 0.0697501967242866
-0.189868978387727 0.0636804443885158 -0.0970827916224605 0.130917714405936
-0.106960330667379 0.152453274432246 -0.0293609295405897 0.118628534354895
-0.0702391242480165 0.162151765236144 -0.00189580151426296 0.0637331755617075
-0.0811842748911228 0.161419059440957 0.0142953485099969 0.00674631471026757
-0.191458326390689 0.140930255181785 0.048759315478757 -0.0617515023253468
-0.249163001577414 -0.0224784923713483 0.11717952634633 -0.0542628822186143
-0.133555095697093 -0.216140277029576 0.149428004227238 0.107882327722976
0.177033253022401 -0.235191626249075 -0.0218950328433914 0.157006047480466
0.311509315637305 0.0587348963031151 -0.129959618099099 0.0506868753301455
0.192226264194609 0.278801660567141 -0.136123408640912 -0.00397218188900994
0.0611392693039814 0.235754796173079 0.0898135629491013 -0.171508025944983
0.19429044818641 0.0909154834776541 0.120390374015882 -0.167572207471618
0.161977277584102 -0.0907671638146799 -0.0386244714553759 -0.238386274541827
-0.0113471189081798 -0.151842243626404 -0.213276474051742 -0.121330248461067
-0.14067042587344 -0.0830319849801626 -0.224263289895732 0.0652026728781839
-0.153793889795345 0.0434309136820093 -0.143806980638813 0.156907285797949
-0.0895796509149309 0.120992182975984 -0.0662924331427654 0.175171540258068
-0.0637889630756996 0.129800479127292 -0.0296834234548815 0.124612362227844
-0.0729570746126442 0.135319646300507 -0.014684440696506 0.0619531679163524
-0.172404286749653 0.116768926060202 0.0119164619829031 -0.0121495171397387
-0.221184422647544 -0.0387986882552421 0.062615921830038 -0.0167773252111805
-0.096452826798578 -0.208197309294162 0.0780714844474572 0.0979143729941353
0.175933585785641 -0.190577881866401 -0.0569418361021637 0.0961858517477833
0.267947671480439 0.062430936918296 -0.11918657604696 -0.00264701044449405
0.161779174994979 0.233147761435932 -0.151351859914797 -0.0811522247398877
0.042819495304778 0.159072471427286 0.077665373001785 -0.25844398548272
0.128978353438378 0.0579120480475031 0.0575421578906318 -0.216642947397262
0.104853793249952 -0.0540563895694841 -0.0802155416469833 -0.221473312341655
0.00323628891049843 -0.0954858888383171 -0.216321514267825 -0.104840605960359
-0.0827487098939902 -0.063485886325876 -0.237244363585593 0.0580651906998161
-0.0946905827932556 0.0167041839104049 -0.174967476636555 0.174766972596117
-0.0589181645072705 0.0726610965327058 -0.0929812326798014 0.216688982774273
-0.0484121512570452 0.0785376485266088 -0.0527027914156667 0.16551206968115
-0.0524044237969626 0.0874821675654568 -0.0423384299317858 0.100598478679072
-0.124855585184833 0.0720580701078316 -0.0246812558793467 0.0243815589849117
-0.152235846461311 -0.0465155272314619 0.00922175312688998 0.00152346128466487
-0.0429624591233909 -0.154126549511022 0.0287397547048171 0.0632407661858409
0.133415935642801 -0.110667940785383 -0.0511664659866545 0.0529996526767106
0.176142184424174 0.0500831235232311 -0.100751842785604 -0.0153611385035447
0.100412380704293 0.147108961589716 -0.161599775527752 -0.131625905114109
-0.0198044654123255 -0.0450266092214229 0.182934249248292 0.18508861738433
-0.0555038790267854 -0.0104009389140965 0.155712780836994 -0.012029902888715
-0.0517449104420875 0.0246211017477596 0.0540014425202608 -0.0708220358224256
0.00263385874422157 0.0580885571798635 -0.0347511637283344 -0.0499036517368349
0.0484948953763016 0.0277424224187941 -0.0056951568426142 0.0280957373379064
0.047382659485522 -0.013240854818198 0.0574293959363988 -0.0131174211062591
0.0272290067395676 -0.0348292425438702 0.0814195174267294 -0.0920544888852364
0.0245674128275859 -0.0225510334253568 0.0920382923261604 -0.167376354198409
0.0260069818756078 -0.0079911354855785 0.117003682474583 -0.204225774994853
0.0317290842127902 0.0124576888559834 0.187936495700217 -0.179867018193426
0.0186150410501695 0.0322870665493054 0.244218783020536 -0.0586862774998175
-0.0135269543170883 0.0329748675134037 0.212303335877022 0.100961444488429
-0.0511411654128495 0.0141893815085433 0.100755397709362 0.216885278160421
-0.0554930475091504 -0.0346464723100368 -0.039890294873975 0.274957534634105
-0.0124139845589409 -0.086490436606112 -0.114389692366178 0.338468476890305
0.0335439262936092 0.0691655718994086 0.161811548946514 0.187851746549395
0.0527509929239384 0.037107824646762 0.154419215375088 0.0121069623348347
0.0437986739210633 -0.0255441860094009 0.0661280632540321 -0.0668198600369617
-0.0150481109983185 -0.0366853542279555 -0.0319142679352754 -0.0526879924175153
-0.0452420747376789 -0.00650327554160687 -0.00809401811576951 0.0374943122330734
-0.0369782397523595 0.0266740122305629 0.0649342217120831 -0.00989174434507253
-0.014740931601061 0.0341947838306179 0.088874970896148 -0.0879652216557794
-0.00584562326897923 0.0443480969717511 0.0934311879397321 -0.160008295246736
-0.0146656105385396 0.049995548094805 0.113861689921971 -0.193697534277771
-0.0478722677603069 0.049182623427462 0.178181059296312 -0.178454760655264
-0.0612340921121554 0.00866151088570981 0.233269336496828 -0.0741986074480225
-0.0374048111820676 -0.0390765937088133 0.221037537013538 0.0857022857442832
0.0199325535088494 -0.0479689681281133 0.118233708214638 0.205669732457579
0.0502812358520654 0.00591930593624528 -0.0247537885453479 0.268497636120682
0.0384064954761274 0.0404005396516595 -0.106305145819822 0.332100184480083
0.0675717038137538 0.167702951947556 0.124189808577619 0.162679201120885
0.144941909774997 0.0803158190237972 0.152620940389564 0.0503626954896879
0.132679259758779 -0.070649732111345 0.0981332443398885 -0.0804674108491165
-0.0240153332554655 -0.124741584406222 -0.0460054386142648 -0.0861297068859679
-0.124788583969187 -0.0462885493795991 -0.0439607737340951 0.0426917544564209
-0.115092347618218 0.0547844768587241 0.0453334594586478 0.0161296353467406
-0.0572066161982128 0.095408650427821 0.0795329776409697 -0.0585694531232632
-0.0345908614884031 0.104464128649656 0.0801792476732678 -0.127721412041462
-0.0489507616279351 0.101982131664204 0.0985602297426646 -0.162138061288365
-0.116418507600227 0.085253451339572 0.154932921222343 -0.166627912077372
-0.136094625445137 -0.00682600761010661 0.212800898457871 -0.0905293242456376
-0.068998584409731 -0.103910418436715 0.230811419382501 0.0737740755235304
0.0811252749605908 -0.116476197515888 0.119972286062245 0.204552694955985
0.15578366777545 0.0353925310368764 -0.0369355293701272 0.245375746739673
0.0959757104685558 0.155341431803782 -0.106803355860016 0.280885968394749
0.0761795775007412 0.238890726937398 0.0970041548729347 0.115741839781191
0.206949214465177 0.113327739440685 0.175212031493104 0.0610891512359164
0.195382274552417 -0.104131042934078 0.119527589565395 -0.131697956427735
-0.0295127961707317 -0.187065878778898 -0.0875561765435834 -0.130294480767923
-0.178077817258628 -0.0761682439389221 -0.102653838460087 0.049809883996024
-0.172964981095537 0.0700520677372515 0.00481392537326822 0.0548867939950131
-0.0927190197773156 0.138279738399207 0.0512883480553533 -0.00795670623268513
-0.057921744767831 0.148194106090768 0.0568238212201545 -0.0737603187560351
-0.073345582477201 0.141049329056531 0.0745237817747686 -0.113024142575988
-0.166204306819287 0.116585224837167 0.122107738651503 -0.143182072732164
-0.198701455669766 -0.013088136787225 0.18957569793246 -0.0971393183401917
-0.10472570769141 -0.157869363227735 0.231760563864755 0.0772501047104104
0.129430959165624 -0.182567867961272 0.0950570567483282 0.208742087798411
0.246807322481236 0.0531726065777338 -0.0744522514717344 0.200052427070507
0.146828781657291 0.243026694038326 -0.11571446618982 0.195426655120705
0.0708525095679594 0.280766337638295 0.0918662639637742 0.0389673189600622
0.23554879976689 0.130571611355089 0.199874520318185 0.011070819819828
0.22187776517812 -0.118441453647788 0.0955747565336301 -0.200179644970909
-0.0276832525875414 -0.210352254033185 -0.146638363955323 -0.154576485907447
-0.195935652638961 -0.0938698156840326 -0.161075133166657 0.059189695500842
-0.200601846023625 0.0707275589725613 -0.0480680700082714 0.0955858079043357
-0.112706321190003 0.157180287728465 0.0100288792626448 0.0548839018335259
-0.072603810652617 0.168464754715131 0.027419552222654 -0.00583339555716289
-0.0862734966326768 0.16215637742038 0.0468722150644114 -0.0537142126754355
-0.193595063772217 0.137356285762919 0.0887804681976389 -0.107431395227759
-0.240414717432724 -0.0182647044956035 0.161650920581324 -0.0827535639963485
-0.131302026023711 -0.200231519991946 0.20635956898794 0.0976974232945548
0.16592509425674 -0.229041731209327 0.0358434706265056 0.199817772864309
0.304777273068254 0.064121597273465 -0.118880060114946 0.127515351209268
0.178731045437267 0.288997038793436 -0.128617213828634 0.0907143181562126
0.0603847297843302 0.28426801670457 0.0985470509696258 -0.062467785921843
0.229980922329764 0.125159098640304 0.184865206768508 -0.0806696770386086
0.209269034813941 -0.111164611560252 0.0336477985799637 -0.242486361624272
-0.0186095232518106 -0.196311765755446 -0.192738905941021 -0.149623405322955
-0.181395416090092 -0.0974040374711639 -0.20448080966717 0.0635739499078299
-0.19366258697054 0.0588385769616336 -0.104004301137532 0.128911827647566
-0.113780650331926 0.150068539454892 -0.0336253993545208 0.119278825101778
-0.0774375542318717 0.161624954731339 -0.0041467821496265 0.0642931232198057
-0.0879114872727388 0.159951049520744 0.0157393744378897 0.00720113349908906
-0.198588537053063 0.138043662996502 0.0528263752021752 -0.0601608711461506
-0.253509218214053 -0.0290977718614684 0.121266742908555 -0.04815924961822
-0.128356159426852 -0.224642848609753 0.146387206555185 0.115464055545975
0.190095786168572 -0.233630992697956 -0.0302469608858633 0.157742242154727
0.314593991443629 0.0715586659560511 -0.136509585108516 0.0461025446124934
0.18324027316286 0.28904547512867 -0.140014678193199 -0.0095334069096909
0.0506676260354511 0.243900932579398 0.100873722643236 -0.171125617168168
0.191699645305235 0.0995770351394785 0.130835021960438 -0.165331567256826
0.167311350919075 -0.0869604292574728 -0.0290057011660411 -0.244143320092808
-0.00546697188499586 -0.154382779294147 -0.21279654260379 -0.130975416102603
-0.141298373278906 -0.0871147803654681 -0.23035516126345 0.0580137611169953
-0.156444001643039 0.0391178342039638 -0.151838989890811 0.153507272332646
-0.0946859047061879 0.118543551886506 -0.0724382617169824 0.176105759560156
-0.0706624428543215 0.129403778191982 -0.0341848281547441 0.124393633013963
-0.0786093592990426 0.134001066709056 -0.0163117720473612 0.0622846117328821
-0.179066899483005 0.114296364620135 0.0135297385932652 -0.0114863865510104
-0.224703031775778 -0.0456826821019165 0.064611925661719 -0.0121777679258386
-0.0900958596706561 -0.21444184214239 0.0742936591093465 0.101927677966814
0.186794961432475 -0.186941221543108 -0.0627834836826133 0.0942321726630681
0.270635819668489 0.0739436443323687 -0.123263633855885 -0.00794830858616202
0.153775293653558 0.242099987547907 -0.151041357890536 -0.0879636636936027
0.03577273705369 0.164410026433815 0.091907425309541 -0.259060429755001
0.127542339702751 0.0635862613959185 0.0695827352493816 -0.217572670690734
0.108144499172019 -0.0511000136287647 -0.0731239053145883 -0.22938189887611
0.00700823013191045 -0.0965115786192164 -0.215110731508284 -0.113913806565454
-0.0827072218858914 -0.0663705256399096 -0.243173098675753 0.0506529887586709
-0.0957676380513973 0.0137906666439849 -0.184549692978951 0.170207891974812
-0.0619217234500787 0.070817226232873 -0.10124508939561 0.217068177413146
-0.0533043985419335 0.0774436235262682 -0.0589836513766621 0.166766065309736
-0.0562015886861997 0.0858447387352169 -0.0449766293178735 0.100202716002144
-0.128830183833395 0.0700563160347739 -0.0262519032489994 0.0246410548471413
-0.153845275128314 -0.051774677471284 0.00921079168899665 0.00375596262449072
-0.0388514114776743 -0.157881030405851 0.0259472176631122 0.0652693039338951
0.140409567265326 -0.10780516289923 -0.0540295264181965 0.0509535766945674
0.176689795222181 0.058317383041951 -0.102710698863698 -0.0194499920580147
0.0950603063087158 0.151992039668762 -0.158379144943506 -0.13903423971916
