TRXV5
3
4
4
9
string Extension=J
integer IsArchMeasurement=1
integer IsSpherical=1
string Generator=SPM
string GeneratorVersion=1.3.1 Dev
double ArchRadius=0.449999988079071
integer FrequencyAxisIndex=0
integer AzimuthAxisIndex=1
integer ElevationAxisIndex=2
Frequency
5 136 690000000 960000000 LIN
Azimuth
7 8 0 2.74889357189107 LIN
Elevation
7 15 -2.74889357189107 2.74889357189107 LIN
Polar H Real Part
13
Polar H Imaginary Part
14
Polar V Real Part
13
Polar V Imaginary Part
14
Polar H Magnitude (dB)
12 0xC0000002 0 1
Polar H Phase
7 0xC0000003 0 1
Polar V Magnitude (dB)
12 0xC0000002 2 3
Polar V Phase
7 0xC0000003 2 3
0.0432929992675781 0.00847244262695313 -0.0889739990234375 -0.150146484375
0.0352439880371094 -0.0102958679199219 -0.135589599609375 -0.485015869140625
-0.0187320709228516 -0.0143089294433594 -0.45556640625 -0.423583984375
-0.0284461975097656 0.00175857543945312 -0.5699462890625 -0.0828857421874999
-0.0223541259765625 0.00651741027832031 -0.3868408203125 0.210052490234375
-0.0233840942382813 0.0279178619384766 -0.132293701171875 0.315582275390625
-0.00539398193359375 0.0402870178222656 0.059600830078125 0.202392578125
0.00487327575683594 0.0308876037597656 0.124412536621094 0.0249786376953125
0.0152053833007813 0.0373611450195313 0.15582275390625 -0.121810913085938
0.00949478149414062 0.0446739196777344 0.243743896484375 -0.168289184570313
-0.00668716430664062 0.0420570373535156 0.370391845703125 -0.145843505859375
-0.0134391784667969 0.0360107421875 0.47015380859375 0.034332275390625
-0.0291290283203125 0.00442886352539063 0.439849853515625 0.40350341796875
-0.00336074829101562 -0.00324273109436035 0.200653076171875 0.54327392578125
0.0180301666259766 0.0079498291015625 -0.088104248046875 0.3671875
0.120559692382813 -0.0722885131835938 -0.0623626708984375 -0.162826538085938
0.0705413818359375 -0.108932495117188 -0.09466552734375 -0.507415771484375
-0.05206298828125 -0.0825347900390625 -0.42535400390625 -0.458984375
-0.0894393920898438 -0.00653839111328124 -0.554351806640625 -0.120574951171875
-0.0587005615234375 0.0409736633300781 -0.383270263671875 0.175048828125
-0.0181045532226562 0.0807571411132813 -0.137481689453125 0.291717529296875
0.0246505737304687 0.07330322265625 0.0504913330078125 0.18170166015625
0.0316696166992188 0.0501327514648438 0.114227294921875 0.00785064697265625
0.0464286804199219 0.0560798645019531 0.143417358398438 -0.141265869140625
0.0421142578125 0.0740585327148438 0.230575561523437 -0.19317626953125
0.0111312866210937 0.0818252563476563 0.357025146484375 -0.181671142578125
-0.0217132568359375 0.0837326049804688 0.47283935546875 -0.00762939453125
-0.0868453979492188 0.02435302734375 0.47100830078125 0.369476318359375
-0.0553970336914063 -0.0513801574707031 0.227142333984375 0.5218505859375
0.015869140625 -0.0818099975585938 -0.0797119140625 0.3597412109375
0.167495727539063 -0.148956298828125 -0.0132293701171875 -0.184890747070313
0.0732421875 -0.19256591796875 -0.052734375 -0.52313232421875
-0.0966796875 -0.126113891601562 -0.394012451171875 -0.470001220703125
-0.138404846191406 0.00134277343750002 -0.522430419921875 -0.141998291015625
-0.0790557861328125 0.0752410888671875 -0.3653564453125 0.138031005859375
-0.00424194335937499 0.119773864746094 -0.1419677734375 0.254302978515625
0.051727294921875 0.092742919921875 0.0288848876953125 0.151321411132813
0.0538711547851563 0.061279296875 0.0891571044921875 -0.012451171875
0.0728683471679688 0.0691909790039063 0.12078857421875 -0.157272338867188
0.0690765380859375 0.09765625 0.21002197265625 -0.213470458984375
0.0225830078125 0.114486694335937 0.3416748046875 -0.20843505859375
-0.0355453491210937 0.122589111328125 0.474334716796875 -0.03729248046875
-0.139091491699219 0.030487060546875 0.4849853515625 0.34661865234375
-0.0951156616210938 -0.104011535644531 0.23114013671875 0.496826171875
0.023406982421875 -0.16314697265625 -0.073028564453125 0.32861328125
0.168014526367188 -0.209228515625 0.0410614013671875 -0.222000122070312
0.029449462890625 -0.241500854492188 -0.02734375 -0.536376953125
-0.148544311523438 -0.122665405273438 -0.372772216796875 -0.464508056640625
-0.159774780273438 0.0345611572265625 -0.48748779296875 -0.151458740234375
-0.0704116821289062 0.104171752929688 -0.34613037109375 0.10235595703125
0.0214385986328125 0.135482788085938 -0.15155029296875 0.21026611328125
0.071868896484375 0.0937118530273438 -0.00421905517578124 0.118309020996094
0.0685539245605469 0.0623931884765625 0.0521163940429688 -0.0333366394042969
0.0914535522460938 0.075042724609375 0.0894622802734375 -0.172286987304688
0.0823822021484375 0.112777709960938 0.184814453125 -0.232208251953125
0.021087646484375 0.137741088867188 0.32806396484375 -0.2291259765625
-0.059967041015625 0.14190673828125 0.47509765625 -0.054168701171875
-0.177734375 0.011444091796875 0.483306884765625 0.336456298828125
-0.107666015625 -0.159713745117187 0.21685791015625 0.468841552734375
0.048614501953125 -0.223663330078125 -0.0600738525390625 0.278167724609375
0.126449584960938 -0.236907958984375 0.0802459716796875 -0.274337768554688
-0.0348968505859375 -0.237075805664063 -0.024871826171875 -0.55511474609375
-0.179183959960938 -0.077484130859375 -0.3677978515625 -0.453369140625
-0.142715454101563 0.073272705078125 -0.4630126953125 -0.154998779296875
-0.0377273559570312 0.11474609375 -0.33599853515625 0.074554443359375
0.0506362915039063 0.123252868652344 -0.17010498046875 0.172775268554688
0.0813751220703125 0.0777816772460938 -0.0442047119140625 0.0925521850585938
0.0736541748046875 0.0534896850585938 0.00920104980468751 -0.0509300231933594
0.0975494384765625 0.0726089477539063 0.0535430908203125 -0.187637329101563
0.0801544189453125 0.118255615234375 0.160812377929688 -0.25146484375
0.00459289550781251 0.144912719726563 0.322418212890625 -0.245697021484375
-0.0891265869140625 0.134246826171875 0.47882080078125 -0.0582275390625
-0.189895629882813 -0.031280517578125 0.474151611328125 0.337493896484375
-0.0836029052734375 -0.205780029296875 0.19775390625 0.4417724609375
0.085601806640625 -0.248382568359375 -0.03021240234375 0.218368530273438
0.069000244140625 -0.222625732421875 0.09320068359375 -0.33050537109375
-0.0795440673828125 -0.187484741210938 -0.0537109375 -0.5650634765625
-0.169921875 -0.0218048095703125 -0.38299560546875 -0.430389404296875
-0.0958099365234375 0.0931167602539063 -0.4561767578125 -0.146392822265625
0.00171661376953124 0.0983505249023438 -0.341156005859375 0.063140869140625
0.0676803588867188 0.0875930786132813 -0.195648193359375 0.153289794921875
0.0763931274414063 0.0503005981445313 -0.0841064453125 0.0795745849609375
0.0674362182617188 0.0347023010253906 -0.032318115234375 -0.061767578125
0.09130859375 0.0590667724609375 0.02117919921875 -0.201828002929687
0.0669403076171875 0.107269287109375 0.145172119140625 -0.270965576171875
-0.0136642456054688 0.130348205566406 0.328765869140625 -0.254638671875
-0.105072021484375 0.100494384765625 0.490509033203125 -0.047332763671875
-0.165283203125 -0.077423095703125 0.46417236328125 0.3538818359375
-0.0336456298828125 -0.220046997070312 0.185760498046875 0.417938232421875
0.118743896484375 -0.232467651367187 0.017242431640625 0.1634521484375
0.0196990966796875 -0.170486450195313 0.083251953125 -0.378875732421875
-0.0837249755859375 -0.11773681640625 -0.1025390625 -0.5653076171875
-0.125137329101563 0.0154037475585938 -0.413055419921875 -0.3951416015625
-0.043487548828125 0.0797805786132813 -0.4638671875 -0.120391845703125
0.0284423828125 0.0612754821777344 -0.3514404296875 0.0748596191406251
0.0644569396972656 0.0412750244140625 -0.218994140625 0.155166625976563
0.0549392700195313 0.0181961059570312 -0.116607666015625 0.0818939208984375
0.051605224609375 0.00957489013671875 -0.0653228759765625 -0.0642242431640625
0.0741653442382813 0.032745361328125 -0.00268554687500001 -0.212142944335938
0.05181884765625 0.0764312744140625 0.140655517578125 -0.286865234375
-0.0198822021484375 0.0971755981445313 0.348785400390625 -0.25360107421875
-0.0925445556640625 0.058197021484375 0.5089111328125 -0.0201416015625
-0.112068176269531 -0.0944595336914062 0.45538330078125 0.38787841796875
0.011627197265625 -0.18841552734375 0.1827392578125 0.414031982421875
0.122512817382813 -0.179702758789062 0.0725860595703125 0.127456665039063
-0.00677490234375 -0.0918807983398438 0.06121826171875 -0.408294677734375
-0.0481605529785156 -0.0529251098632813 -0.15673828125 -0.55224609375
-0.0657806396484375 0.02093505859375 -0.446014404296875 -0.34912109375
-0.00453948974609375 0.0407752990722656 -0.474945068359375 -0.076812744140625
0.0326271057128906 0.0136585235595703 -0.356658935546875 0.10333251953125
0.0394210815429688 -0.00403976440429688 -0.230926513671875 0.17266845703125
0.0226898193359375 -0.0108203887939453 -0.133331298828125 0.0957183837890625
0.0280170440673828 -0.0188713073730469 -0.0845108032226563 -0.0582427978515625
0.0500907897949219 -0.00416183471679688 -0.0171356201171875 -0.214675903320313
0.0434150695800781 0.0319404602050781 0.14666748046875 -0.290069580078125
-0.00362014770507812 0.0545692443847656 0.37298583984375 -0.2374267578125
-0.049102783203125 0.029052734375 0.528076171875 0.0234375
-0.0564842224121094 -0.0663108825683594 0.440460205078125 0.440032958984375
0.02203369140625 -0.114204406738281 0.1785888671875 0.430877685546875
0.0836181640625 -0.105422973632813 0.11810302734375 0.113845825195313
0.0452537536621094 0.00571060180664063 -0.105636596679688 -0.14556884765625
0.0343780517578125 -0.0138893127441406 -0.173095703125 -0.47900390625
-0.0210514068603516 -0.0139446258544922 -0.4881591796875 -0.3912353515625
-0.0295734405517578 0.00287628173828124 -0.5789794921875 -0.0384521484375
-0.0234222412109375 0.00873756408691406 -0.373046875 0.24444580078125
-0.0203933715820312 0.0326194763183594 -0.104583740234375 0.3323974609375
-0.00182723999023437 0.0435791015625 0.079803466796875 0.201614379882812
0.00635719299316406 0.03216552734375 0.128219604492188 0.0163955688476563
0.01776123046875 0.0362358093261719 0.144210815429688 -0.1324462890625
0.0139656066894531 0.0456390380859375 0.226943969726563 -0.185989379882813
-0.00419235229492188 0.0446662902832031 0.35546875 -0.17779541015625
-0.0111083984375 0.0380020141601563 0.4744873046875 -0.00762939453125
-0.0293998718261719 0.00745010375976563 0.4781494140625 0.369110107421875
-0.00469589233398438 -0.00460958480834961 0.251495361328125 0.535675048828125
0.0164833068847656 0.00371837615966797 -0.058929443359375 0.386993408203125
0.117317199707031 -0.082794189453125 -0.0803375244140625 -0.159835815429688
0.0635452270507812 -0.116409301757812 -0.133880615234375 -0.503326416015625
-0.0586318969726562 -0.0810165405273438 -0.46014404296875 -0.42840576171875
-0.09222412109375 -0.00140380859375001 -0.56634521484375 -0.0784912109375
-0.0577316284179688 0.0466957092285156 -0.370086669921875 0.2093505859375
-0.0112533569335938 0.085784912109375 -0.11090087890625 0.308319091796875
0.0305404663085937 0.07513427734375 0.0692596435546875 0.180435180664062
0.0346107482910156 0.0503082275390625 0.116294860839844 -0.000854492187499997
0.0506782531738281 0.0531997680664063 0.130218505859375 -0.150711059570313
0.0491256713867188 0.0735092163085938 0.211654663085937 -0.210556030273437
0.0161285400390625 0.083282470703125 0.3408203125 -0.214447021484375
-0.0166778564453125 0.0865097045898437 0.4755859375 -0.049407958984375
-0.0863037109375 0.0307998657226562 0.50848388671875 0.330352783203125
-0.0616874694824219 -0.0505599975585937 0.27471923828125 0.511383056640625
0.00800323486328125 -0.0875778198242188 -0.04876708984375 0.37908935546875
0.159408569335938 -0.163589477539063 -0.0314788818359375 -0.187286376953125
0.0591888427734375 -0.2022705078125 -0.0938720703125 -0.522491455078125
-0.107528686523437 -0.122039794921875 -0.430694580078125 -0.441925048828125
-0.141754150390625 0.0101318359375 -0.535125732421875 -0.10321044921875
-0.0762939453125 0.0825424194335938 -0.353668212890625 0.170745849609375
0.00482177734375001 0.123764038085938 -0.117950439453125 0.269821166992188
0.0593948364257812 0.0930023193359375 0.045074462890625 0.150497436523438
0.0573310852050781 0.0602264404296875 0.0895462036132812 -0.0194015502929687
0.0778350830078125 0.0649948120117188 0.106552124023438 -0.165924072265625
0.0775146484375 0.0949935913085937 0.18878173828125 -0.22943115234375
0.0303955078125 0.116218566894531 0.32354736328125 -0.239715576171875
-0.027801513671875 0.126449584960938 0.472747802734375 -0.080596923828125
-0.138664245605469 0.0402450561523438 0.5203857421875 0.305999755859375
-0.106468200683594 -0.100700378417969 0.2757568359375 0.486114501953125
0.00816345214843749 -0.171295166015625 -0.0457763671875 0.34539794921875
0.154220581054688 -0.224365234375 0.0215301513671875 -0.228912353515625
0.010528564453125 -0.246780395507812 -0.067779541015625 -0.54107666015625
-0.159835815429687 -0.114852905273438 -0.41009521484375 -0.4398193359375
-0.160858154296875 0.0444488525390625 -0.5025634765625 -0.1141357421875
-0.0661087036132813 0.110626220703125 -0.336639404296875 0.131988525390625
0.0325775146484375 0.136863708496094 -0.129669189453125 0.225448608398438
0.080657958984375 0.0923614501953125 0.00878906249999999 0.118919372558594
0.0723037719726563 0.0607223510742188 0.0495223999023438 -0.038787841796875
0.0968856811523438 0.0697708129882812 0.0728302001953125 -0.179656982421875
0.0918655395507813 0.109992980957031 0.163436889648438 -0.247421264648438
0.029022216796875 0.139762878417969 0.309417724609375 -0.26043701171875
-0.0512847900390625 0.147628784179688 0.4735107421875 -0.09710693359375
-0.178665161132813 0.024322509765625 0.51849365234375 0.29827880859375
-0.1229248046875 -0.156631469726562 0.258148193359375 0.461669921875
0.0292205810546875 -0.234024047851563 -0.036590576171875 0.29248046875
0.110870361328125 -0.249221801757813 0.05743408203125 -0.286285400390625
-0.053680419921875 -0.237640380859375 -0.06951904296875 -0.55950927734375
-0.187286376953125 -0.0658721923828125 -0.40447998046875 -0.427825927734375
-0.139938354492188 0.0829544067382812 -0.477020263671875 -0.11993408203125
-0.0316238403320313 0.118316650390625 -0.3287353515625 0.103271484375
0.0597763061523438 0.121734619140625 -0.150970458984375 0.1888427734375
0.0885238647460937 0.075286865234375 -0.0344390869140625 0.0952529907226563
0.0765762329101563 0.0511016845703125 0.00423049926757813 -0.0533409118652344
0.102371215820313 0.0667572021484375 0.0355682373046875 -0.19329833984375
0.0899734497070313 0.115020751953125 0.13818359375 -0.265655517578125
0.01361083984375 0.147506713867188 0.302520751953125 -0.276580810546875
-0.0812225341796875 0.1414794921875 0.4759521484375 -0.09967041015625
-0.19390869140625 -0.018157958984375 0.509368896484375 0.301849365234375
-0.101242065429688 -0.20562744140625 0.236175537109375 0.43255615234375
0.0650787353515625 -0.261978149414063 -0.01165771484375 0.228225708007812
0.0546722412109375 -0.22979736328125 0.066162109375 -0.344390869140625
-0.094573974609375 -0.183212280273437 -0.1015625 -0.5673828125
-0.172683715820313 -0.00975036621093752 -0.418121337890625 -0.40283203125
-0.09051513671875 0.0993881225585938 -0.47027587890625 -0.111053466796875
0.0070953369140625 0.09857177734375 -0.33355712890625 0.091796875
0.0743789672851563 0.0840072631835937 -0.178314208984375 0.169097900390625
0.0807876586914063 0.04718017578125 -0.0762710571289063 0.0848159790039062
0.0688438415527344 0.0324783325195313 -0.0391120910644531 -0.062164306640625
0.0944442749023438 0.05279541015625 0.00195312499999999 -0.20556640625
0.075408935546875 0.103858947753906 0.1221923828125 -0.2838134765625
-0.00629425048828124 0.133720397949219 0.310211181640625 -0.285858154296875
-0.0998382568359375 0.108650207519531 0.488525390625 -0.08984375
-0.172103881835938 -0.0665283203125 0.497283935546875 0.318634033203125
-0.051849365234375 -0.223312377929688 0.221405029296875 0.4097900390625
0.099639892578125 -0.247695922851563 0.0327911376953125 0.167861938476562
0.00978088378906252 -0.172470092773438 0.0528564453125 -0.392608642578125
-0.0926361083984375 -0.112419128417969 -0.1513671875 -0.5640869140625
-0.125144958496094 0.0245437622070313 -0.447235107421875 -0.364593505859375
-0.0385055541992188 0.0821456909179687 -0.474639892578125 -0.08294677734375
0.0310096740722656 0.0578842163085938 -0.3427734375 0.1038818359375
0.0666961669921875 0.0368003845214844 -0.201705932617188 0.173568725585938
0.0568008422851563 0.0156669616699219 -0.108184814453125 0.089019775390625
0.0506553649902344 0.00748062133789063 -0.0725555419921875 -0.0628128051757813
0.0748443603515625 0.0269622802734375 -0.023284912109375 -0.215499877929688
0.0580215454101562 0.0737991333007812 0.1170654296875 -0.30029296875
-0.0143356323242188 0.100242614746094 0.329681396484375 -0.286590576171875
-0.0897369384765625 0.0640716552734375 0.511810302734375 -0.062164306640625
-0.118583679199219 -0.0874786376953125 0.491912841796875 0.35528564453125
-0.002960205078125 -0.193511962890625 0.218109130859375 0.406036376953125
0.107650756835938 -0.192626953125 0.0861053466796875 0.126571655273438
-0.0120697021484375 -0.090179443359375 0.027008056640625 -0.420318603515625
-0.0514068603515625 -0.048431396484375 -0.203887939453125 -0.54736328125
-0.0633087158203125 0.0263938903808594 -0.479400634765625 -0.314544677734375
-0.00238418579101563 0.0399169921875 -0.481353759765625 -0.0387268066406251
0.0319442749023438 0.0098114013671875 -0.34521484375 0.13323974609375
0.0382537841796875 -0.00735855102539063 -0.213653564453125 0.191940307617188
0.0220546722412109 -0.0117015838623047 -0.123970031738281 0.10400390625
0.0250167846679688 -0.0202369689941406 -0.0921478271484375 -0.0556488037109375
0.0479164123535156 -0.00973892211914063 -0.03753662109375 -0.216156005859375
0.0464439392089844 0.0279350280761719 0.123260498046875 -0.30352783203125
0.000312805175781253 0.0555038452148437 0.356536865234375 -0.272003173828125
-0.0479927062988281 0.0325736999511719 0.53265380859375 -0.0208740234375
-0.0609779357910156 -0.0622100830078125 0.478515625 0.4078369140625
0.013397216796875 -0.117904663085938 0.213592529296875 0.423553466796875
0.0746536254882812 -0.113601684570312 0.130775451660156 0.108657836914062
0.0459747314453125 0.00241470336914063 -0.117446899414062 -0.133979797363281
0.0335674285888672 -0.0161266326904297 -0.2005615234375 -0.453704833984375
-0.0225486755371094 -0.0130462646484375 -0.4998779296875 -0.347503662109375
-0.0308303833007813 0.00372123718261718 -0.56524658203125 0.00158691406249988
-0.023040771484375 0.0106105804443359 -0.343017578125 0.266326904296875
-0.0164070129394531 0.0351676940917969 -0.07342529296875 0.335235595703125
0.0026702880859375 0.0458412170410156 0.096038818359375 0.190765380859375
0.00794029235839844 0.0329723358154297 0.126670837402344 0.0077667236328125
0.0196399688720703 0.0339298248291016 0.129264831542969 -0.135498046875
0.0176277160644531 0.0450515747070313 0.203399658203125 -0.194015502929688
-0.00136566162109375 0.0456771850585938 0.32940673828125 -0.20123291015625
-0.0089111328125 0.0379714965820313 0.459686279296875 -0.045501708984375
-0.0293979644775391 0.00907897949218751 0.49786376953125 0.322357177734375
-0.00707769393920899 -0.00616359710693359 0.2884521484375 0.508636474609375
0.0141201019287109 0.000699996948242188 -0.026611328125 0.392120361328125
0.111259460449219 -0.0896148681640625 -0.094024658203125 -0.150146484375
0.0538711547851562 -0.118354797363281 -0.1646728515625 -0.481292724609375
-0.0634613037109375 -0.0766754150390625 -0.4764404296875 -0.3856201171875
-0.0926055908203125 0.00320434570312502 -0.55450439453125 -0.038299560546875
-0.0555000305175781 0.0498237609863281 -0.343841552734375 0.2310791015625
-0.00497436523437501 0.0864944458007813 -0.080963134765625 0.3099365234375
0.0366058349609375 0.074737548828125 0.0839996337890625 0.171218872070313
0.0359230041503906 0.0494728088378906 0.113319396972656 -0.00887298583984374
0.0532379150390625 0.0497817993164063 0.114852905273438 -0.153610229492188
0.0537872314453125 0.070648193359375 0.18707275390625 -0.217300415039062
0.02099609375 0.0829391479492188 0.31085205078125 -0.235107421875
-0.0115814208984375 0.085723876953125 0.458404541015625 -0.087677001953125
-0.0828475952148437 0.0359878540039063 0.523162841796875 0.281829833984375
-0.06640625 -0.0470466613769531 0.310943603515625 0.481170654296875
-0.00144195556640625 -0.0889205932617187 -0.0189208984375 0.381378173828125
0.146316528320313 -0.1719970703125 -0.0478363037109375 -0.181182861328125
0.0449371337890625 -0.201950073242188 -0.1260986328125 -0.502471923828125
-0.113197326660156 -0.113395690917969 -0.448455810546875 -0.401397705078125
-0.139778137207031 0.0175933837890625 -0.5269775390625 -0.065093994140625
-0.071624755859375 0.0860443115234375 -0.329559326171875 0.19287109375
0.0137557983398438 0.122718811035156 -0.0897064208984375 0.272079467773438
0.0657806396484375 0.0896148681640625 0.0573272705078125 0.142440795898437
0.059356689453125 0.0584373474121094 0.0854721069335938 -0.0265426635742187
0.0796356201171875 0.0595550537109375 0.088897705078125 -0.166793823242188
0.08294677734375 0.0895004272460938 0.164291381835938 -0.233963012695313
0.0356979370117187 0.1142578125 0.29168701171875 -0.258392333984375
-0.0204544067382812 0.1263427734375 0.453582763671875 -0.116546630859375
-0.133171081542969 0.04840087890625 0.533416748046875 0.258270263671875
-0.113395690917969 -0.0944747924804688 0.307525634765625 0.4576416015625
-0.00607299804687501 -0.171157836914063 -0.016693115234375 0.348388671875
0.137161254882813 -0.230926513671875 0.00132751464843749 -0.226547241210938
-0.00627136230468749 -0.242904663085938 -0.103424072265625 -0.523162841796875
-0.1636962890625 -0.102691650390625 -0.4276123046875 -0.400421142578125
-0.15631103515625 0.0525360107421875 -0.494781494140625 -0.076873779296875
-0.0594100952148438 0.112838745117188 -0.313690185546875 0.152801513671875
0.0403823852539062 0.133499145507813 -0.103973388671875 0.228118896484375
0.0858306884765625 0.087982177734375 0.0193634033203125 0.11395263671875
0.0743026733398438 0.05810546875 0.0445175170898438 -0.0422935485839844
0.0985870361328125 0.0633392333984375 0.0550079345703125 -0.178482055664063
0.09765625 0.10382080078125 0.13818359375 -0.250274658203125
0.035675048828125 0.137657165527344 0.278778076171875 -0.278121948242188
-0.0422515869140625 0.148056030273438 0.451995849609375 -0.1318359375
-0.173507690429688 0.034912109375 0.53057861328125 0.250732421875
-0.133590698242188 -0.148284912109375 0.288116455078125 0.43377685546875
0.00952148437499999 -0.235153198242188 -0.011962890625 0.29547119140625
0.0936279296875 -0.251571655273438 0.032196044921875 -0.285247802734375
-0.068267822265625 -0.228759765625 -0.10528564453125 -0.542144775390625
-0.187210083007812 -0.053070068359375 -0.423095703125 -0.389190673828125
-0.13336181640625 0.0888214111328125 -0.471527099609375 -0.083221435546875
-0.0254898071289062 0.117576599121094 -0.307373046875 0.124298095703125
0.0658187866210938 0.116462707519531 -0.127914428710938 0.193038940429688
0.0921859741210938 0.0702667236328125 -0.0244598388671875 0.0927047729492188
0.0769729614257813 0.0479507446289063 -0.00149154663085937 -0.0546646118164063
0.103096008300781 0.0596466064453125 0.017242431640625 -0.190597534179688
0.095672607421875 0.107917785644531 0.111846923828125 -0.267562866210938
0.0204925537109375 0.145828247070313 0.271331787109375 -0.293548583984375
-0.072296142578125 0.143524169921875 0.45599365234375 -0.136016845703125
-0.190658569335938 -0.00563049316406251 0.521484375 0.25543212890625
-0.11651611328125 -0.197189331054688 0.26348876953125 0.40789794921875
0.0428314208984375 -0.264114379882813 0.00767517089843752 0.229354858398437
0.0404052734375 -0.228347778320313 0.03704833984375 -0.343963623046875
-0.1038818359375 -0.172409057617188 -0.13751220703125 -0.549346923828125
-0.168991088867188 0.00166320800781251 -0.43560791015625 -0.363128662109375
-0.0837783813476562 0.101554870605469 -0.462432861328125 -0.0741271972656251
0.0107269287109375 0.0958099365234375 -0.31353759765625 0.112945556640625
0.0781631469726563 0.0778656005859375 -0.155181884765625 0.175628662109375
0.0823135375976563 0.0420989990234375 -0.0663604736328125 0.0849685668945312
0.0684585571289063 0.0303001403808594 -0.044677734375 -0.0599784851074219
0.0942840576171875 0.0464553833007813 -0.016387939453125 -0.201248168945313
0.0802688598632813 0.09759521484375 0.095855712890625 -0.285308837890625
0.000762939453124991 0.132537841796875 0.278533935546875 -0.3043212890625
-0.0922164916992188 0.112464904785156 0.467864990234375 -0.125457763671875
-0.172149658203125 -0.0548553466796875 0.511566162109375 0.274017333984375
-0.067840576171875 -0.217788696289063 0.245880126953125 0.384765625
0.0777435302734375 -0.251312255859375 0.0459747314453125 0.16607666015625
0.000457763671874998 -0.168853759765625 0.0198974609375 -0.39141845703125
-0.096466064453125 -0.10308837890625 -0.188720703125 -0.540802001953125
-0.119400024414062 0.0335006713867188 -0.461822509765625 -0.321533203125
-0.0338363647460938 0.0808258056640625 -0.467376708984375 -0.045928955078125
0.0320396423339844 0.0535049438476562 -0.31982421875 0.1248779296875
0.0668144226074219 0.0319747924804688 -0.1783447265625 0.181396484375
0.0565643310546875 0.0132980346679688 -0.0978317260742187 0.0916671752929688
0.0483474731445313 0.00539016723632813 -0.078216552734375 -0.0584259033203125
0.072479248046875 0.0210494995117188 -0.0420379638671875 -0.208587646484375
0.0614089965820313 0.0679969787597656 0.09063720703125 -0.301025390625
-0.0077667236328125 0.0993194580078125 0.29925537109375 -0.30615234375
-0.0840835571289062 0.0682754516601563 0.490997314453125 -0.100311279296875
-0.120941162109375 -0.078277587890625 0.504302978515625 0.3118896484375
-0.0174713134765625 -0.190597534179688 0.24169921875 0.38189697265625
0.0896453857421875 -0.197479248046875 0.0960922241210938 0.120933532714844
-0.014984130859375 -0.085906982421875 -0.00668334960937501 -0.418487548828125
-0.0509567260742188 -0.0434532165527344 -0.240936279296875 -0.521209716796875
-0.0587654113769531 0.030731201171875 -0.487274169921875 -0.27020263671875
0.000133514404296874 0.0376052856445313 -0.469207763671875 -0.00225830078125006
0.0301742553710938 0.00642967224121094 -0.321136474609375 0.154022216796875
0.0361557006835938 -0.0090789794921875 -0.187667846679688 0.200820922851562
0.020751953125 -0.0114784240722656 -0.112770080566406 0.106590270996094
0.0207653045654297 -0.0196418762207031 -0.0966796875 -0.0502090454101563
0.0437355041503906 -0.0136756896972656 -0.0559234619140625 -0.20953369140625
0.0470390319824219 0.0232734680175781 0.0965576171875 -0.305084228515625
0.00435638427734375 0.0542831420898438 0.325103759765625 -0.2918701171875
-0.0446395874023438 0.0351028442382813 0.5166015625 -0.059417724609375
-0.0628433227539062 -0.0565834045410156 0.496826171875 0.363128662109375
0.00373077392578126 -0.116783142089844 0.23870849609375 0.399322509765625
0.0623626708984375 -0.1165771484375 0.139083862304687 0.100318908691406
0.0463027954101562 -0.0002288818359375 -0.122856140136719 -0.123779296875
0.0331916809082031 -0.0170269012451172 -0.209442138671875 -0.427154541015625
-0.0220470428466797 -0.0111351013183594 -0.49102783203125 -0.314117431640625
-0.0307083129882813 0.00449562072753907 -0.540191650390625 0.0233154296875001
-0.0230274200439453 0.0115947723388672 -0.31610107421875 0.272674560546875
-0.0131645202636719 0.0364456176757813 -0.05157470703125 0.326629638671875
0.005584716796875 0.0458946228027344 0.102935791015625 0.18017578125
0.00819969177246094 0.0335636138916016 0.121986389160156 0.00270843505859375
0.0197868347167969 0.0323162078857422 0.11712646484375 -0.131538391113281
0.0198211669921875 0.043304443359375 0.183837890625 -0.191162109375
0.001983642578125 0.0464515686035156 0.30328369140625 -0.20880126953125
-0.007171630859375 0.0379066467285156 0.4365234375 -0.06695556640625
-0.0287628173828125 0.0103054046630859 0.49652099609375 0.284332275390625
-0.00935840606689453 -0.00702381134033203 0.305572509765625 0.478973388671875
0.0112485885620117 -0.00113296508789063 -0.00445556640625003 0.38677978515625
0.104644775390625 -0.0921783447265625 -0.100830078125 -0.140487670898437
0.0489883422851563 -0.117088317871094 -0.176483154296875 -0.454620361328125
-0.0636444091796875 -0.0719985961914062 -0.4691162109375 -0.35137939453125
-0.0912322998046875 0.00527191162109376 -0.5328369140625 -0.01483154296875
-0.0536880493164063 0.0503120422363281 -0.31817626953125 0.237060546875
-0.000801086425781247 0.0854721069335938 -0.060821533203125 0.30291748046875
0.03948974609375 0.0727081298828125 0.0900421142578125 0.160415649414063
0.0364456176757813 0.0492057800292969 0.108932495117188 -0.0134735107421875
0.0520820617675781 0.0469741821289063 0.101577758789062 -0.14892578125
0.0557174682617188 0.0667152404785156 0.1671142578125 -0.212921142578125
0.0230636596679688 0.0821151733398438 0.2835693359375 -0.239471435546875
-0.00927734375 0.0844879150390625 0.431976318359375 -0.1077880859375
-0.080352783203125 0.037078857421875 0.517791748046875 0.24444580078125
-0.068817138671875 -0.0453567504882813 0.32562255859375 0.452056884765625
-0.00801849365234376 -0.0877532958984375 0.00344848632812498 0.376708984375
0.136489868164063 -0.173309326171875 -0.057403564453125 -0.172088623046875
0.0359649658203125 -0.196563720703125 -0.14080810546875 -0.47772216796875
-0.113754272460937 -0.106689453125 -0.443023681640625 -0.368377685546875
-0.136802673339844 0.020477294921875 -0.507904052734375 -0.0398559570312501
-0.0680389404296875 0.085968017578125 -0.305633544921875 0.198486328125
0.0180587768554687 0.119461059570313 -0.0699615478515625 0.265487670898438
0.0686111450195312 0.0870895385742187 0.063232421875 0.133514404296875
0.0590972900390625 0.0576400756835937 0.0795745849609375 -0.029266357421875
0.0784149169921875 0.0559539794921875 0.075958251953125 -0.161849975585938
0.0834884643554688 0.0855789184570313 0.14434814453125 -0.229232788085938
0.0378189086914063 0.112129211425781 0.264846801757813 -0.262542724609375
-0.01739501953125 0.123176574707031 0.426788330078125 -0.13580322265625
-0.127899169921875 0.0506820678710938 0.527374267578125 0.22149658203125
-0.116455078125 -0.08935546875 0.321044921875 0.430450439453125
-0.016143798828125 -0.16705322265625 0.00280761718750002 0.34375
0.125747680664063 -0.229568481445313 -0.01165771484375 -0.21875
-0.0146484375 -0.23419189453125 -0.118927001953125 -0.499725341796875
-0.1617431640625 -0.0933380126953125 -0.424468994140625 -0.36822509765625
-0.151321411132812 0.05487060546875 -0.476287841796875 -0.0540466308593749
-0.056304931640625 0.111709594726563 -0.291778564453125 0.15972900390625
0.0438003540039063 0.129432678222656 -0.0854339599609375 0.2230224609375
0.087066650390625 0.0843124389648438 0.0252838134765625 0.106727600097656
0.0729217529296875 0.0567474365234375 0.039093017578125 -0.04364013671875
0.096343994140625 0.0594940185546875 0.041961669921875 -0.17266845703125
0.0989990234375 0.098358154296875 0.118179321289063 -0.24420166015625
0.0385818481445313 0.134521484375 0.2506103515625 -0.280410766601563
-0.0376434326171875 0.144454956054688 0.424713134765625 -0.149505615234375
-0.166900634765625 0.0386962890625 0.523162841796875 0.214569091796875
-0.138397216796875 -0.140472412109375 0.29852294921875 0.40771484375
-0.00408935546874999 -0.228973388671875 0.003631591796875 0.291259765625
0.082427978515625 -0.248077392578125 0.0167083740234375 -0.277587890625
-0.0737152099609375 -0.2177734375 -0.125396728515625 -0.518341064453125
-0.182205200195312 -0.0448150634765625 -0.42108154296875 -0.3575439453125
-0.127456665039063 0.089263916015625 -0.454498291015625 -0.060150146484375
-0.0231857299804687 0.114784240722656 -0.28656005859375 0.13116455078125
0.0677490234375 0.111480712890625 -0.109375 0.188751220703125
0.0925979614257813 0.0664825439453125 -0.0183029174804687 0.0876846313476562
0.075592041015625 0.0468368530273438 -0.00627899169921875 -0.0533676147460938
0.100448608398438 0.05609130859375 0.00466918945312502 -0.183135986328125
0.0969161987304688 0.102287292480469 0.093475341796875 -0.26031494140625
0.024139404296875 0.142303466796875 0.24468994140625 -0.296234130859375
-0.0666351318359375 0.14141845703125 0.428497314453125 -0.152099609375
-0.1849365234375 -0.00100708007812502 0.515106201171875 0.2205810546875
-0.123138427734375 -0.189010620117188 0.27227783203125 0.38531494140625
0.0279998779296875 -0.25897216796875 0.01995849609375 0.225372314453125
0.03192138671875 -0.223037719726562 0.018951416015625 -0.33636474609375
-0.105789184570313 -0.162445068359375 -0.1568603515625 -0.52490234375
-0.16204833984375 0.0078887939453125 -0.43280029296875 -0.33172607421875
-0.0787734985351563 0.0996856689453125 -0.44647216796875 -0.0523681640625
0.0116500854492188 0.091583251953125 -0.29156494140625 0.119842529296875
0.0764389038085938 0.0737762451171875 -0.137283325195312 0.172897338867188
0.0814056396484375 0.04052734375 -0.0590362548828125 0.08172607421875
0.0657234191894531 0.02996826171875 -0.048614501953125 -0.0573806762695312
0.0904006958007813 0.0432891845703125 -0.028289794921875 -0.192642211914062
0.08160400390625 0.092376708984375 0.0772705078125 -0.277877807617188
0.0042572021484375 0.12982177734375 0.25115966796875 -0.3074951171875
-0.0864181518554688 0.111160278320313 0.44195556640625 -0.143035888671875
-0.167770385742188 -0.0482330322265625 0.5045166015625 0.24041748046875
-0.0763397216796875 -0.209564208984375 0.253936767578125 0.36407470703125
0.0625457763671875 -0.246505737304688 0.0542144775390625 0.160675048828125
-0.00408935546875 -0.1632080078125 0.000488281249999997 -0.381195068359375
-0.0945053100585937 -0.0956039428710938 -0.205902099609375 -0.514739990234375
-0.112274169921875 0.035980224609375 -0.4554443359375 -0.28887939453125
-0.030609130859375 0.0783233642578125 -0.44775390625 -0.024688720703125
0.0297584533691406 0.0500564575195312 -0.298004150390625 0.13238525390625
0.0649147033691406 0.0290679931640625 -0.159255981445312 0.17864990234375
0.0545120239257813 0.0120391845703125 -0.0895614624023438 0.0889205932617188
0.0456809997558594 0.0065460205078125 -0.0809173583984375 -0.0551071166992187
0.0685005187988281 0.0189666748046875 -0.0537567138671875 -0.199478149414062
0.0619163513183594 0.0630531311035156 0.072662353515625 -0.292999267578125
-0.0042724609375 0.0965728759765625 0.270965576171875 -0.30999755859375
-0.0794754028320312 0.0683670043945313 0.465301513671875 -0.11932373046875
-0.118965148925781 -0.07171630859375 0.500244140625 0.2769775390625
-0.0258941650390625 -0.184417724609375 0.24945068359375 0.359832763671875
0.07623291015625 -0.194076538085938 0.101432800292969 0.1156005859375
-0.0145950317382813 -0.0819091796875 -0.025848388671875 -0.40643310546875
-0.0475845336914063 -0.0394210815429687 -0.256439208984375 -0.492156982421875
-0.0538406372070313 0.0325164794921875 -0.478271484375 -0.23699951171875
0.000556945800781251 0.035247802734375 -0.4486083984375 0.01849365234375
0.0275917053222656 0.00399017333984375 -0.297149658203125 0.160552978515625
0.0333499908447266 -0.00982284545898437 -0.167877197265625 0.198074340820313
0.0189895629882813 -0.0117912292480469 -0.103141784667969 0.103797912597656
0.0180797576904297 -0.0185508728027344 -0.0989456176757813 -0.0466384887695313
0.038604736328125 -0.0147552490234375 -0.066436767578125 -0.199676513671875
0.0461845397949219 0.0198516845703125 0.07855224609375 -0.298431396484375
0.00662994384765625 0.0522499084472656 0.29937744140625 -0.2978515625
-0.0421371459960938 0.0351333618164063 0.490386962890625 -0.080474853515625
-0.0620040893554688 -0.0526390075683594 0.492401123046875 0.32763671875
-0.00311279296875001 -0.112510681152344 0.24639892578125 0.376800537109375
0.0530166625976563 -0.114120483398438 0.142105102539063 0.093597412109375
0.0474128723144531 -0.00233840942382813 -0.125228881835938 -0.118324279785156
0.0348072052001953 -0.0180377960205078 -0.207000732421875 -0.411865234375
-0.0219306945800781 -0.0105552673339844 -0.477081298828125 -0.302825927734375
-0.0319557189941406 0.00461006164550781 -0.524139404296875 0.0282287597656251
-0.0242462158203125 0.0117702484130859 -0.30413818359375 0.2685546875
-0.0122795104980469 0.0368003845214844 -0.042694091796875 0.320159912109375
0.00747299194335937 0.0470657348632813 0.105224609375 0.175689697265625
0.00862884521484375 0.035003662109375 0.118400573730469 0.00296783447265625
0.0197944641113281 0.0320701599121094 0.111358642578125 -0.126190185546875
0.0214653015136719 0.0424079895019531 0.173858642578125 -0.184707641601563
0.0030059814453125 0.0473403930664062 0.286285400390625 -0.20721435546875
-0.00720977783203125 0.0385093688964844 0.420745849609375 -0.07281494140625
-0.0296955108642578 0.0105743408203125 0.489288330078125 0.265533447265625
-0.0122013092041016 -0.00753974914550781 0.309844970703125 0.4658203125
0.00895595550537109 -0.00278091430664062 0.00552368164062504 0.386627197265625
0.103767395019531 -0.0933990478515625 -0.10369873046875 -0.134872436523437
0.0484695434570313 -0.115745544433594 -0.175079345703125 -0.44036865234375
-0.06298828125 -0.0709381103515625 -0.45660400390625 -0.33966064453125
-0.0912704467773438 0.00517272949218748 -0.517608642578125 -0.01025390625
-0.0541000366210938 0.0498886108398438 -0.304412841796875 0.235076904296875
4.57763671875094E-05 0.0856781005859375 -0.050567626953125 0.29644775390625
0.0406494140625 0.0735626220703125 0.091552734375 0.155776977539063
0.0359268188476563 0.0511398315429688 0.1041259765625 -0.0139541625976562
0.0513916015625 0.0475616455078125 0.0955047607421875 -0.1431884765625
0.0569725036621094 0.0663528442382813 0.15728759765625 -0.206375122070313
0.0238265991210938 0.0825881958007813 0.267257690429687 -0.236541748046875
-0.00931549072265626 0.0839462280273438 0.414886474609375 -0.112396240234375
-0.0794143676757813 0.0365829467773438 0.5108642578125 0.2275390625
-0.0713958740234375 -0.0451126098632813 0.3287353515625 0.4395751953125
-0.0115432739257813 -0.0866851806640625 0.012298583984375 0.375396728515625
0.133514404296875 -0.172653198242188 -0.06158447265625 -0.167312622070312
0.034637451171875 -0.193756103515625 -0.14013671875 -0.46533203125
-0.110366821289063 -0.104248046875 -0.431365966796875 -0.356292724609375
-0.136566162109375 0.020538330078125 -0.49395751953125 -0.0354614257812499
-0.0685272216796875 0.085235595703125 -0.293060302734375 0.196685791015625
0.0186004638671875 0.118988037109375 -0.0597991943359375 0.259063720703125
0.0689315795898438 0.0875015258789063 0.06494140625 0.128883361816406
0.0584564208984375 0.0605506896972656 0.07489013671875 -0.0298233032226563
0.07708740234375 0.0577545166015625 0.0699615478515625 -0.15679931640625
0.0844268798828125 0.084136962890625 0.134765625 -0.221786499023438
0.037841796875 0.112480163574219 0.248703002929688 -0.260330200195313
-0.0177383422851563 0.121818542480469 0.409423828125 -0.140350341796875
-0.126953125 0.0494384765625 0.517486572265625 0.20587158203125
-0.119544982910156 -0.08782958984375 0.32354736328125 0.418304443359375
-0.020355224609375 -0.165054321289063 0.011474609375 0.342864990234375
0.122451782226563 -0.228683471679688 -0.0167388916015625 -0.214157104492188
-0.015838623046875 -0.230087280273438 -0.120391845703125 -0.487091064453125
-0.15826416015625 -0.092071533203125 -0.4149169921875 -0.35711669921875
-0.150863647460938 0.0541839599609375 -0.46337890625 -0.0487365722656249
-0.05712890625 0.110527038574219 -0.279251098632812 0.157928466796875
0.0435409545898438 0.128166198730469 -0.07550048828125 0.217437744140625
0.0872344970703125 0.0842132568359375 0.0265655517578125 0.102210998535156
0.0716323852539063 0.0591888427734375 0.0346298217773438 -0.0434494018554688
0.0935745239257813 0.0609283447265625 0.035614013671875 -0.167282104492188
0.0981369018554687 0.0970916748046875 0.109237670898438 -0.23712158203125
0.0385284423828125 0.134483337402344 0.236007690429688 -0.278045654296875
-0.0382080078125 0.143417358398438 0.408111572265625 -0.153289794921875
-0.165313720703125 0.037445068359375 0.51324462890625 0.198974609375
-0.141021728515625 -0.138626098632813 0.300689697265625 0.39666748046875
-0.00918579101562498 -0.22589111328125 0.01129150390625 0.28985595703125
0.0808258056640625 -0.245712280273438 0.010162353515625 -0.27301025390625
-0.0731353759765625 -0.212997436523437 -0.12664794921875 -0.5047607421875
-0.177947998046875 -0.0433197021484375 -0.412445068359375 -0.34429931640625
-0.126350402832031 0.087554931640625 -0.442352294921875 -0.0545043945312501
-0.0247650146484375 0.113601684570313 -0.274063110351563 0.1290283203125
0.0665130615234375 0.11041259765625 -0.0992889404296875 0.182937622070313
0.091583251953125 0.0667953491210938 -0.0163650512695312 0.0839920043945312
0.07379150390625 0.0503997802734375 -0.0102195739746094 -0.0526618957519531
0.097259521484375 0.0565185546875 -0.001495361328125 -0.177215576171875
0.0960693359375 0.101051330566406 0.084075927734375 -0.2537841796875
0.02386474609375 0.141998291015625 0.229095458984375 -0.294342041015625
-0.0665359497070312 0.139495849609375 0.41241455078125 -0.15673828125
-0.182464599609375 -0.00100708007812498 0.50628662109375 0.207061767578125
-0.126495361328125 -0.185638427734375 0.27294921875 0.374725341796875
0.0225372314453125 -0.25482177734375 0.025543212890625 0.224273681640625
0.031890869140625 -0.220077514648438 0.012298583984375 -0.331817626953125
-0.10333251953125 -0.158782958984375 -0.160186767578125 -0.51220703125
-0.156890869140625 0.00845336914062503 -0.424652099609375 -0.3187255859375
-0.0784072875976562 0.0965499877929688 -0.43255615234375 -0.045379638671875
0.00850677490234374 0.089935302734375 -0.278976440429688 0.118148803710938
0.0748748779296875 0.0728836059570313 -0.126693725585938 0.167465209960938
0.0798110961914063 0.0413284301757813 -0.05706787109375 0.0778732299804688
0.0638389587402344 0.0324325561523438 -0.052337646484375 -0.056610107421875
0.0862503051757813 0.04412841796875 -0.0350341796875 -0.186737060546875
0.0804672241210937 0.090179443359375 0.0685882568359375 -0.271713256835938
0.00516510009765626 0.128837585449219 0.237579345703125 -0.304962158203125
-0.086029052734375 0.109580993652344 0.425933837890625 -0.146453857421875
-0.165420532226563 -0.0478973388671875 0.4959716796875 0.226104736328125
-0.0800323486328125 -0.206222534179688 0.25335693359375 0.35302734375
0.05609130859375 -0.242645263671875 0.05828857421875 0.160140991210937
-0.00259399414062499 -0.160476684570313 -0.00735473632812503 -0.376861572265625
-0.0909042358398438 -0.0933990478515625 -0.209930419921875 -0.501434326171875
-0.108116149902344 0.0353469848632812 -0.446624755859375 -0.27618408203125
-0.0305023193359375 0.075714111328125 -0.433013916015625 -0.017578125
0.0274505615234375 0.0490646362304687 -0.28411865234375 0.130615234375
0.061920166015625 0.0296134948730469 -0.148605346679687 0.173202514648438
0.0535354614257813 0.0132026672363281 -0.086761474609375 0.0848312377929687
0.0438117980957031 0.00982284545898438 -0.0842437744140625 -0.0541305541992188
0.0648231506347656 0.0188980102539063 -0.058502197265625 -0.193740844726562
0.0606918334960938 0.0615310668945313 0.0640869140625 -0.286895751953125
-0.00395965576171875 0.0955047607421875 0.257659912109375 -0.306427001953125
-0.0783004760742187 0.0675277709960938 0.44970703125 -0.12188720703125
-0.117568969726563 -0.070587158203125 0.49066162109375 0.262847900390625
-0.0294647216796875 -0.181015014648438 0.248199462890625 0.348419189453125
0.0710601806640625 -0.1895751953125 0.104286193847656 0.113250732421875
-0.0124588012695312 -0.0806121826171875 -0.034088134765625 -0.4007568359375
-0.04345703125 -0.0389404296875 -0.25787353515625 -0.478118896484375
-0.0500602722167969 0.0309715270996094 -0.469696044921875 -0.223968505859375
-0.000102996826171878 0.0331287384033203 -0.433074951171875 0.0244750976562501
0.0245494842529297 0.00377464294433594 -0.282958984375 0.158233642578125
0.0320053100585938 -0.00978279113769531 -0.156295776367188 0.191757202148438
0.0181560516357422 -0.0106315612792969 -0.100914001464844 0.0990371704101563
0.0161342620849609 -0.0155572891235352 -0.101287841796875 -0.045318603515625
0.0347690582275391 -0.0136661529541016 -0.0703277587890625 -0.193496704101563
0.0454826354980469 0.0176467895507812 0.0716552734375 -0.2923583984375
0.00766372680664063 0.0516090393066406 0.283599853515625 -0.29534912109375
-0.0410728454589844 0.0352935791015625 0.47369384765625 -0.08465576171875
-0.06097412109375 -0.0509262084960938 0.48284912109375 0.31317138671875
-0.00588226318359375 -0.110099792480469 0.24615478515625 0.36346435546875
0.0493698120117187 -0.109664916992187 0.14434814453125 0.0915374755859375
0.0495147705078125 -0.00531005859375 -0.130851745605469 -0.117744445800781
0.0365829467773438 -0.0195465087890625 -0.20703125 -0.41326904296875
-0.0208492279052734 -0.0111751556396484 -0.475860595703125 -0.30450439453125
-0.0333194732666016 0.00489234924316406 -0.52496337890625 0.02679443359375
-0.0263919830322266 0.0120105743408203 -0.301727294921875 0.27117919921875
-0.0110588073730469 0.0389595031738281 -0.036834716796875 0.323486328125
0.00909423828125 0.0495071411132812 0.108932495117187 0.177642822265625
0.00960922241210938 0.0383033752441406 0.11822509765625 0.0049591064453125
0.0198192596435547 0.0338191986083984 0.11053466796875 -0.122650146484375
0.0238075256347656 0.0434532165527344 0.170745849609375 -0.182083129882813
0.00513839721679687 0.0500450134277344 0.279632568359375 -0.207763671875
-0.00774383544921875 0.0403785705566406 0.417510986328125 -0.07952880859375
-0.0321063995361328 0.0106639862060547 0.49383544921875 0.2591552734375
-0.0151824951171875 -0.00725364685058594 0.3197021484375 0.46905517578125
0.00678443908691406 -0.00215768814086914 0.01202392578125 0.395599365234375
0.1068115234375 -0.0969161987304688 -0.109153747558594 -0.134559631347656
0.0506439208984375 -0.118682861328125 -0.1759033203125 -0.441131591796875
-0.0625076293945313 -0.0725555419921875 -0.455810546875 -0.34234619140625
-0.0941619873046875 0.00455474853515625 -0.517974853515625 -0.0114135742187501
-0.0575485229492188 0.0513229370117187 -0.303070068359375 0.236724853515625
0.000144958496093754 0.0885391235351563 -0.0452880859375 0.298797607421875
0.042327880859375 0.076568603515625 0.09466552734375 0.156997680664063
0.0375747680664063 0.0555152893066406 0.103477478027344 -0.0126266479492187
0.0511932373046875 0.0501632690429687 0.0939788818359375 -0.140472412109375
0.0584220886230469 0.0680503845214844 0.154220581054687 -0.204025268554687
0.0248336791992187 0.0862045288085938 0.2615966796875 -0.238006591796875
-0.0107269287109375 0.0861053466796875 0.41131591796875 -0.11724853515625
-0.0829238891601562 0.036712646484375 0.51544189453125 0.221466064453125
-0.076416015625 -0.0466690063476562 0.3385009765625 0.442291259765625
-0.01434326171875 -0.0891265869140625 0.01849365234375 0.385101318359375
0.13629150390625 -0.17779541015625 -0.0660858154296875 -0.167816162109375
0.0360565185546875 -0.197357177734375 -0.1424560546875 -0.467620849609375
-0.110954284667969 -0.106941223144531 -0.43218994140625 -0.3594970703125
-0.139884948730469 0.0191574096679688 -0.493804931640625 -0.0356445312499999
-0.0731658935546875 0.0869979858398437 -0.290740966796875 0.197601318359375
0.0185165405273437 0.122489929199219 -0.054168701171875 0.260009765625
0.0703964233398438 0.0905380249023438 0.0668869018554688 0.129661560058594
0.0593376159667969 0.0652694702148438 0.073028564453125 -0.0294113159179688
0.077728271484375 0.0608673095703125 0.0662994384765625 -0.154129028320313
0.0863037109375 0.0869369506835938 0.131561279296875 -0.220016479492188
0.0385055541992188 0.117027282714844 0.242477416992187 -0.260635375976563
-0.0205841064453125 0.124481201171875 0.4058837890625 -0.14532470703125
-0.130439758300781 0.0488052368164062 0.5234375 0.198272705078125
-0.1258544921875 -0.0903091430664063 0.331512451171875 0.420440673828125
-0.0237884521484375 -0.16754150390625 0.01641845703125 0.3515625
0.125274658203125 -0.233840942382813 -0.0208587646484375 -0.215957641601563
-0.013916015625 -0.233596801757812 -0.122528076171875 -0.489105224609375
-0.158050537109375 -0.09454345703125 -0.41558837890625 -0.359375
-0.154510498046875 0.0538482666015625 -0.464263916015625 -0.0496826171875
-0.0609130859375 0.112274169921875 -0.2763671875 0.158767700195312
0.0435867309570313 0.131790161132813 -0.0701141357421875 0.216354370117188
0.0892791748046875 0.0880966186523437 0.0282821655273438 0.10150146484375
0.0726394653320313 0.0648345947265625 0.0315818786621094 -0.0433197021484375
0.0941314697265625 0.064910888671875 0.0319366455078125 -0.165939331054688
0.0999679565429688 0.100006103515625 0.105850219726562 -0.235992431640625
0.0378189086914063 0.138740539550781 0.2296142578125 -0.279190063476563
-0.0413360595703125 0.145950317382813 0.4052734375 -0.158721923828125
-0.169708251953125 0.0361175537109375 0.5196533203125 0.194122314453125
-0.147750854492188 -0.140945434570312 0.30810546875 0.39862060546875
-0.012237548828125 -0.228836059570312 0.015777587890625 0.29718017578125
0.0823211669921875 -0.250228881835938 0.00645446777343749 -0.276504516601563
-0.0723876953125 -0.216156005859375 -0.129364013671875 -0.5091552734375
-0.17779541015625 -0.0458984375 -0.4150390625 -0.34771728515625
-0.130073547363281 0.0871429443359375 -0.4437255859375 -0.05450439453125
-0.02825927734375 0.115493774414062 -0.271286010742188 0.129547119140625
0.06640625 0.113662719726563 -0.0944366455078125 0.181365966796875
0.0933761596679688 0.0704803466796875 -0.0162734985351562 0.0829238891601563
0.0744171142578125 0.0556488037109375 -0.0143699645996094 -0.0527381896972656
0.0970230102539063 0.0613327026367188 -0.00563049316406248 -0.176712036132813
0.0967559814453125 0.103561401367188 0.08056640625 -0.253814697265625
0.0233001708984375 0.146102905273438 0.2232666015625 -0.29669189453125
-0.069549560546875 0.141143798828125 0.409576416015625 -0.16180419921875
-0.18621826171875 -0.00349426269531249 0.50994873046875 0.202850341796875
-0.132369995117188 -0.188629150390625 0.2784423828125 0.37603759765625
0.019500732421875 -0.258056640625 0.0304412841796875 0.230178833007813
0.0338287353515625 -0.224609375 0.00903320312499998 -0.335906982421875
-0.102294921875 -0.16107177734375 -0.162933349609375 -0.516632080078125
-0.156417846679688 0.00628662109374997 -0.427642822265625 -0.3201904296875
-0.0812225341796875 0.096435546875 -0.43255615234375 -0.044830322265625
0.00545501708984376 0.0916519165039063 -0.2755126953125 0.118240356445312
0.0746307373046875 0.0757598876953125 -0.122482299804688 0.164993286132812
0.0811767578125 0.0433425903320313 -0.0572052001953125 0.0765914916992188
0.0641632080078125 0.0377883911132813 -0.0566864013671875 -0.0557746887207031
0.0863265991210938 0.0474319458007813 -0.0394287109375 -0.186660766601563
0.080596923828125 0.0917739868164063 0.0651702880859375 -0.27239990234375
0.00440979003906249 0.132049560546875 0.232330322265625 -0.306396484375
-0.0888290405273438 0.110603332519531 0.425323486328125 -0.1490478515625
-0.168121337890625 -0.0504608154296875 0.4986572265625 0.22491455078125
-0.0844879150390625 -0.209442138671875 0.257476806640625 0.355926513671875
0.055206298828125 -0.244186401367188 0.061981201171875 0.163909912109375
-0.00141906738281251 -0.163406372070313 -0.010711669921875 -0.382568359375
-0.088836669921875 -0.0951614379882813 -0.2138671875 -0.5067138671875
-0.106201171875 0.034820556640625 -0.45159912109375 -0.274505615234375
-0.032257080078125 0.07537841796875 -0.43341064453125 -0.0162353515624999
0.0250816345214844 0.0502967834472656 -0.281524658203125 0.13092041015625
0.0621910095214844 0.0306129455566406 -0.144195556640625 0.170166015625
0.0537872314453125 0.0147209167480469 -0.0879440307617188 0.0832366943359375
0.0437126159667969 0.0124549865722656 -0.089691162109375 -0.0535659790039062
0.0631561279296875 0.0223121643066406 -0.063232421875 -0.194198608398438
0.0607757568359375 0.0614433288574219 0.0614013671875 -0.28863525390625
-0.00375366210937499 0.0972976684570313 0.254913330078125 -0.310272216796875
-0.0799789428710937 0.0683364868164063 0.44757080078125 -0.124267578125
-0.118011474609375 -0.0725631713867187 0.4927978515625 0.261871337890625
-0.032440185546875 -0.181793212890625 0.251373291015625 0.350494384765625
0.0707550048828125 -0.189559936523438 0.109230041503906 0.115852355957031
-0.00991058349609375 -0.0819778442382813 -0.039215087890625 -0.408660888671875
-0.0413284301757813 -0.0404243469238281 -0.263427734375 -0.481048583984375
-0.0477027893066406 0.030670166015625 -0.4727783203125 -0.222869873046875
-0.000501632690429684 0.0317230224609375 -0.431976318359375 0.0261840820312501
0.0230674743652344 0.00347137451171875 -0.27886962890625 0.159393310546875
0.0308475494384766 -0.00852775573730469 -0.151718139648438 0.189407348632812
0.0177974700927734 -0.00978660583496094 -0.101692199707031 0.097808837890625
0.0155210494995117 -0.0134201049804688 -0.107162475585938 -0.0457687377929688
0.0323829650878906 -0.0122737884521484 -0.07568359375 -0.194320678710938
0.0453987121582031 0.0161972045898438 0.068206787109375 -0.29443359375
0.00920486450195313 0.050750732421875 0.28179931640625 -0.29754638671875
-0.0410575866699219 0.0363540649414062 0.47332763671875 -0.084869384765625
-0.0619583129882813 -0.0509681701660156 0.485015869140625 0.311676025390625
-0.00811004638671875 -0.108985900878906 0.249053955078125 0.36572265625
0.0489044189453125 -0.10821533203125 0.149551391601562 0.0937957763671875
0.0513229370117188 -0.00889205932617188 -0.141571044921875 -0.11676025390625
0.03961181640625 -0.0236778259277344 -0.2208251953125 -0.420928955078125
-0.0201759338378906 -0.0111484527587891 -0.493408203125 -0.3084716796875
-0.0357704162597656 0.00627899169921874 -0.53955078125 0.0337219238281249
-0.0293941497802734 0.0145492553710938 -0.3040771484375 0.2857666015625
-0.0103645324707031 0.0412979125976563 -0.026763916015625 0.334930419921875
0.0117835998535156 0.0532608032226563 0.118911743164063 0.182723999023437
0.0114707946777344 0.042816162109375 0.122467041015625 0.00585174560546875
0.0208625793457031 0.0360755920410156 0.11181640625 -0.124221801757813
0.0263481140136719 0.0448875427246094 0.17071533203125 -0.186004638671875
0.00821304321289062 0.0535125732421875 0.2789306640625 -0.218399047851563
-0.00734329223632813 0.0430679321289063 0.423431396484375 -0.090179443359375
-0.0357131958007813 0.0130119323730469 0.515350341796875 0.25433349609375
-0.0195503234863281 -0.00693511962890625 0.347259521484375 0.477569580078125
0.00494289398193359 -0.00308561325073242 0.0250244140625 0.416259765625
0.109718322753906 -0.105247497558594 -0.11968994140625 -0.135604858398438
0.0516204833984375 -0.126205444335938 -0.188873291015625 -0.451690673828125
-0.0637359619140625 -0.075775146484375 -0.4727783203125 -0.3465576171875
-0.0996780395507812 0.00605010986328123 -0.532928466796875 -0.00555419921875007
-0.0620956420898437 0.05474853515625 -0.306060791015625 0.249114990234375
0.00241851806640625 0.0937423706054688 -0.03564453125 0.308319091796875
0.0470428466796875 0.08148193359375 0.103240966796875 0.160369873046875
0.0404701232910156 0.06103515625 0.10595703125 -0.0116806030273437
0.0542411804199219 0.0539360046386719 0.0933837890625 -0.142181396484375
0.0627822875976563 0.0704193115234375 0.15216064453125 -0.207870483398438
0.0290679931640625 0.0909957885742188 0.2576904296875 -0.247482299804688
-0.0112380981445312 0.0913925170898438 0.41644287109375 -0.131622314453125
-0.0879287719726563 0.0395584106445312 0.535888671875 0.2113037109375
-0.0841522216796875 -0.04681396484375 0.3636474609375 0.448638916015625
-0.0184478759765625 -0.0925140380859375 0.03173828125 0.40496826171875
0.139877319335938 -0.190628051757813 -0.0756072998046875 -0.17120361328125
0.035430908203125 -0.20751953125 -0.153472900390625 -0.478973388671875
-0.114913940429688 -0.111549377441406 -0.450164794921875 -0.364959716796875
-0.1475830078125 0.02154541015625 -0.508697509765625 -0.03033447265625
-0.0783920288085937 0.0923080444335938 -0.29364013671875 0.20819091796875
0.0212783813476563 0.128936767578125 -0.046661376953125 0.26708984375
0.0758819580078125 0.0960235595703125 0.0735321044921875 0.131919860839844
0.0638885498046875 0.0716171264648438 0.073333740234375 -0.029083251953125
0.0817184448242188 0.06591796875 0.06414794921875 -0.156539916992188
0.0915908813476563 0.090667724609375 0.128189086914062 -0.225372314453125
0.0420684814453125 0.123199462890625 0.238800048828125 -0.273284912109375
-0.021148681640625 0.131248474121094 0.41021728515625 -0.158721923828125
-0.137985229492188 0.0526504516601562 0.5430908203125 0.189544677734375
-0.136894226074219 -0.091888427734375 0.354736328125 0.426361083984375
-0.0299835205078125 -0.174697875976562 0.028228759765625 0.369842529296875
0.127243041992188 -0.248611450195313 -0.0283203125 -0.22314453125
-0.0171966552734375 -0.24395751953125 -0.135162353515625 -0.504150390625
-0.164764404296875 -0.0982208251953125 -0.434844970703125 -0.365478515625
-0.162246704101563 0.0572509765625 -0.47821044921875 -0.0431518554687499
-0.0652084350585938 0.118919372558594 -0.278854370117188 0.167495727539062
0.0469589233398438 0.138801574707031 -0.063232421875 0.22210693359375
0.0942916870117187 0.0930938720703125 0.0316162109375 0.103683471679688
0.0772018432617187 0.0715484619140625 0.0288887023925781 -0.0435867309570312
0.0985641479492188 0.0702056884765625 0.0269622802734375 -0.168243408203125
0.105796813964844 0.104042053222656 0.1011962890625 -0.242645263671875
0.041839599609375 0.14642333984375 0.225189208984375 -0.2921142578125
-0.0432891845703125 0.153472900390625 0.41021728515625 -0.172943115234375
-0.178665161132813 0.0393218994140625 0.54071044921875 0.18597412109375
-0.160720825195312 -0.144699096679688 0.330078125 0.406890869140625
-0.019195556640625 -0.237640380859375 0.02587890625 0.312774658203125
0.0819854736328125 -0.264419555664063 -0.00131225585937499 -0.287078857421875
-0.0768585205078125 -0.224655151367188 -0.143280029296875 -0.525360107421875
-0.183425903320313 -0.047943115234375 -0.434722900390625 -0.3524169921875
-0.136619567871094 0.0917205810546875 -0.456878662109375 -0.0474853515625001
-0.031280517578125 0.121795654296875 -0.274337768554688 0.136932373046875
0.0704421997070312 0.119346618652344 -0.089935302734375 0.185577392578125
0.0986709594726563 0.0742645263671875 -0.0147705078125 0.0844879150390625
0.0789566040039062 0.0620346069335937 -0.0193252563476563 -0.0527763366699219
0.101280212402344 0.0666351318359375 -0.0128326416015625 -0.179656982421875
0.102142333984375 0.107498168945312 0.075439453125 -0.261093139648438
0.025634765625 0.1541748046875 0.21954345703125 -0.30908203125
-0.0732421875 0.149124145507813 0.415985107421875 -0.17535400390625
-0.195709228515625 -0.00192260742187502 0.53033447265625 0.196136474609375
-0.143997192382813 -0.193939208984375 0.29718017578125 0.384063720703125
0.0146331787109375 -0.267684936523438 0.0387115478515625 0.2415771484375
0.0326080322265625 -0.23614501953125 -0.000610351562500033 -0.35003662109375
-0.106201171875 -0.167251586914062 -0.17999267578125 -0.532928466796875
-0.16015625 0.00677490234374997 -0.44781494140625 -0.322113037109375
-0.0850143432617188 0.1004638671875 -0.446441650390625 -0.0377502441406251
0.004058837890625 0.0968093872070313 -0.278030395507812 0.125503540039063
0.0781478881835938 0.0798416137695312 -0.119277954101563 0.168228149414062
0.0857086181640625 0.0458526611328125 -0.058319091796875 0.0783615112304687
0.0676498413085938 0.0428619384765625 -0.0632781982421875 -0.0562896728515625
0.0891647338867188 0.05181884765625 -0.0476226806640625 -0.190582275390625
0.0842208862304687 0.0951309204101562 0.0594329833984375 -0.2808837890625
0.00579071044921875 0.137733459472656 0.229644775390625 -0.32232666015625
-0.092376708984375 0.116622924804687 0.430511474609375 -0.16259765625
-0.176773071289063 -0.050750732421875 0.517913818359375 0.219207763671875
-0.0937957763671875 -0.214492797851563 0.274688720703125 0.36279296875
0.0520782470703125 -0.253280639648438 0.0711212158203125 0.17138671875
-0.00259399414062499 -0.171142578125 -0.021514892578125 -0.39825439453125
-0.0915603637695312 -0.098907470703125 -0.234588623046875 -0.52044677734375
-0.107337951660156 0.0349502563476562 -0.470672607421875 -0.27508544921875
-0.0341796875 0.0778884887695313 -0.444549560546875 -0.00775146484375008
0.0240287780761719 0.052398681640625 -0.282440185546875 0.138275146484375
0.0641441345214844 0.0323066711425781 -0.140792846679688 0.174331665039063
0.056488037109375 0.0164222717285156 -0.0897674560546875 0.0854721069335937
0.0454025268554688 0.0168724060058594 -0.0975494384765625 -0.05279541015625
0.0649299621582031 0.0251312255859375 -0.072113037109375 -0.1988525390625
0.0621871948242187 0.0627098083496094 0.056060791015625 -0.29864501953125
-0.00267791748046874 0.100120544433594 0.2542724609375 -0.324493408203125
-0.0829391479492188 0.0727005004882813 0.45770263671875 -0.137481689453125
-0.12493896484375 -0.0734481811523438 0.51251220703125 0.258941650390625
-0.038482666015625 -0.186721801757812 0.2664794921875 0.3555908203125
0.0694122314453125 -0.196868896484375 0.118095397949219 0.120132446289062
-0.010040283203125 -0.0855636596679688 -0.05133056640625 -0.425048828125
-0.0395584106445313 -0.0426864624023437 -0.28466796875 -0.4962158203125
-0.0462913513183594 0.0310401916503906 -0.493316650390625 -0.21856689453125
-0.00108909606933594 0.0321846008300781 -0.442291259765625 0.0366210937499999
0.0215511322021484 0.00366973876953125 -0.279266357421875 0.167312622070313
0.0316600799560547 -0.00882148742675781 -0.148712158203125 0.193527221679688
0.0177021026611328 -0.00936698913574219 -0.103927612304688 0.0996627807617188
0.0154514312744141 -0.0113677978515625 -0.11578369140625 -0.0440444946289063
0.0313396453857422 -0.0113525390625 -0.0842132568359375 -0.198516845703125
0.0462837219238281 0.0146255493164063 0.0634765625 -0.304962158203125
0.0114555358886719 0.0516853332519531 0.282470703125 -0.3128662109375
-0.0418510437011719 0.0386161804199219 0.483428955078125 -0.0958251953125
-0.0652809143066406 -0.0504150390625 0.503326416015625 0.310455322265625
-0.0115966796875 -0.11016845703125 0.2630615234375 0.3709716796875
0.048309326171875 -0.110725402832031 0.16058349609375 0.095672607421875
0.0534820556640625 -0.0151748657226563 -0.158004760742188 -0.111770629882813
0.0409469604492188 -0.0294342041015625 -0.2490234375 -0.4254150390625
-0.0202960968017578 -0.0127487182617187 -0.523956298828125 -0.297943115234375
-0.0388221740722656 0.00783920288085938 -0.555877685546875 0.0599365234375
-0.0312881469726563 0.0183906555175781 -0.29864501953125 0.311065673828125
-0.00783157348632812 0.0449752807617188 -0.00506591796875 0.348236083984375
0.0175247192382812 0.0554656982421875 0.136611938476563 0.184829711914063
0.0159339904785156 0.0467414855957031 0.128669738769531 0.00400543212890625
0.0243988037109375 0.0381927490234375 0.110893249511719 -0.129524230957031
0.0315513610839844 0.0458106994628906 0.166549682617187 -0.195770263671875
0.0143203735351562 0.054656982421875 0.272079467773438 -0.237106323242188
-0.00584793090820313 0.0480995178222656 0.42864990234375 -0.1170654296875
-0.0387611389160156 0.0179557800292969 0.5482177734375 0.231842041015625
-0.0242576599121094 -0.00526809692382812 0.3922119140625 0.477630615234375
0.00372219085693359 -0.00352931022644043 0.053863525390625 0.43829345703125
0.108673095703125 -0.119514465332031 -0.136032104492188 -0.1329345703125
0.0485382080078125 -0.137130737304688 -0.218017578125 -0.457672119140625
-0.0685653686523438 -0.0787506103515625 -0.5062255859375 -0.337554931640625
-0.105484008789063 0.0106277465820313 -0.552490234375 0.0192871093749999
-0.0647697448730469 0.0615463256835938 -0.30255126953125 0.272552490234375
0.0073699951171875 0.099517822265625 -0.015960693359375 0.32049560546875
0.0551681518554688 0.0850753784179688 0.11761474609375 0.162429809570313
0.0479850769042969 0.0663261413574219 0.109344482421875 -0.0135498046875
0.0611686706542969 0.0572967529296875 0.089508056640625 -0.147232055664063
0.0708465576171875 0.0715713500976563 0.145370483398438 -0.218536376953125
0.03643798828125 0.0953216552734375 0.248977661132812 -0.266937255859375
-0.00771331787109375 0.0989456176757813 0.41912841796875 -0.157562255859375
-0.0925064086914063 0.0467605590820312 0.56610107421875 0.18658447265625
-0.09429931640625 -0.0439376831054688 0.4071044921875 0.446075439453125
-0.0255584716796875 -0.096466064453125 0.06011962890625 0.42816162109375
0.136062622070313 -0.208892822265625 -0.090789794921875 -0.172622680664063
0.028411865234375 -0.220352172851562 -0.18310546875 -0.48846435546875
-0.123977661132813 -0.115463256835938 -0.48455810546875 -0.35699462890625
-0.156509399414063 0.0289459228515625 -0.52752685546875 -0.00753784179687511
-0.08111572265625 0.102096557617188 -0.291290283203125 0.22943115234375
0.0282745361328125 0.136497497558594 -0.0299224853515625 0.277114868164063
0.0856246948242187 0.099151611328125 0.0839767456054688 0.133186340332031
0.0728530883789063 0.0769805908203125 0.0734710693359375 -0.0309295654296875
0.0908203125 0.0691375732421875 0.0567626953125 -0.16082763671875
0.100387573242188 0.09149169921875 0.11871337890625 -0.236083984375
0.0506591796875 0.128532409667969 0.2288818359375 -0.291168212890625
-0.01806640625 0.140449523925781 0.41217041015625 -0.1861572265625
-0.144088745117188 0.062255859375 0.57305908203125 0.1634521484375
-0.15118408203125 -0.089141845703125 0.397308349609375 0.424285888671875
-0.042205810546875 -0.181625366210938 0.054718017578125 0.38916015625
0.120269775390625 -0.269622802734375 -0.0442657470703125 -0.229446411132813
-0.029449462890625 -0.256668090820313 -0.165771484375 -0.51678466796875
-0.175399780273438 -0.098785400390625 -0.46832275390625 -0.35858154296875
-0.169342041015625 0.0668792724609375 -0.496978759765625 -0.0223999023437499
-0.066070556640625 0.129066467285156 -0.277801513671875 0.185958862304687
0.0562896728515625 0.144790649414063 -0.050048828125 0.229232788085938
0.105064392089844 0.0959548950195313 0.0394058227539063 0.105094909667969
0.0867233276367188 0.0766754150390625 0.0254898071289063 -0.0438270568847656
0.108238220214844 0.0737152099609375 0.017547607421875 -0.172454833984375
0.115470886230469 0.105758666992188 0.0902862548828125 -0.253799438476563
0.050445556640625 0.154190063476563 0.212799072265625 -0.312530517578125
-0.0402679443359375 0.164825439453125 0.410919189453125 -0.19964599609375
-0.18792724609375 0.0487213134765625 0.57025146484375 0.1612548828125
-0.179046630859375 -0.143035888671875 0.36712646484375 0.405181884765625
-0.0335235595703125 -0.248779296875 0.048095703125 0.330078125
0.07330322265625 -0.283477783203125 -0.01837158203125 -0.299346923828125
-0.090545654296875 -0.233139038085938 -0.177093505859375 -0.539154052734375
-0.192840576171875 -0.04461669921875 -0.468963623046875 -0.344818115234375
-0.140396118164063 0.101455688476562 -0.474456787109375 -0.02593994140625
-0.0298919677734375 0.130455017089844 -0.273223876953125 0.152984619140625
0.0792465209960937 0.123451232910156 -0.0795135498046875 0.191986083984375
0.107833862304688 0.0766830444335938 -0.0109481811523437 0.0870208740234375
0.0873336791992188 0.0668411254882813 -0.0252494812011719 -0.0513534545898437
0.109756469726563 0.0699005126953125 -0.0250091552734375 -0.184097290039063
0.110549926757813 0.109382629394531 0.062286376953125 -0.27301025390625
0.0334320068359375 0.161758422851563 0.207305908203125 -0.33172607421875
-0.0718994140625 0.160491943359375 0.41778564453125 -0.20208740234375
-0.207260131835938 0.00677490234374999 0.559539794921875 0.172027587890625
-0.163528442382812 -0.19549560546875 0.330047607421875 0.38299560546875
0.000320434570312473 -0.280624389648438 0.0573577880859375 0.253921508789063
0.0222625732421875 -0.2510986328125 -0.020416259765625 -0.366943359375
-0.117507934570313 -0.171737670898437 -0.217864990234375 -0.546417236328125
-0.166000366210938 0.0113677978515625 -0.482574462890625 -0.312347412109375
-0.0871734619140625 0.107719421386719 -0.4613037109375 -0.0165710449218749
0.00579071044921875 0.102920532226563 -0.278060913085937 0.1416015625
0.0861053466796875 0.08123779296875 -0.111251831054688 0.175689697265625
0.0925827026367188 0.0478744506835938 -0.0567474365234375 0.0818023681640625
0.074615478515625 0.046478271484375 -0.0719680786132813 -0.0539703369140625
0.0965957641601563 0.0542755126953125 -0.061981201171875 -0.193939208984375
0.0910110473632813 0.0961837768554688 0.045166015625 -0.29412841796875
0.011688232421875 0.144363403320313 0.218109130859375 -0.34552001953125
-0.0923919677734375 0.127113342285156 0.4354248046875 -0.19134521484375
-0.188339233398438 -0.04400634765625 0.5465087890625 0.199951171875
-0.110870361328125 -0.218978881835937 0.303619384765625 0.36138916015625
0.0414276123046875 -0.266342163085937 0.086578369140625 0.1771240234375
-0.00970458984375 -0.180343627929688 -0.04693603515625 -0.41717529296875
-0.098663330078125 -0.101158142089844 -0.272491455078125 -0.530426025390625
-0.109092712402344 0.0388412475585937 -0.505126953125 -0.259490966796875
-0.0343017578125 0.0817413330078125 -0.457733154296875 0.01507568359375
0.0256156921386719 0.0547256469726563 -0.2811279296875 0.15478515625
0.0684661865234375 0.0325889587402344 -0.133575439453125 0.181854248046875
0.0610542297363281 0.0165748596191406 -0.0896224975585938 0.091217041015625
0.0498619079589844 0.0190620422363281 -0.108222961425781 -0.0487823486328125
0.0672836303710938 0.0267753601074219 -0.0886688232421875 -0.202194213867188
0.066253662109375 0.062744140625 0.04132080078125 -0.31304931640625
0.00247955322265625 0.103599548339844 0.243499755859375 -0.3499755859375
-0.0828323364257813 0.0802383422851562 0.464691162109375 -0.163482666015625
-0.134254455566406 -0.0704498291015625 0.54144287109375 0.240081787109375
-0.050445556640625 -0.191604614257812 0.293731689453125 0.355438232421875
0.063018798828125 -0.207489013671875 0.134040832519531 0.120262145996094
-0.0141372680664063 -0.0900039672851563 -0.077484130859375 -0.44366455078125
-0.0403289794921875 -0.045013427734375 -0.325286865234375 -0.50177001953125
-0.0438003540039063 0.0316810607910156 -0.52471923828125 -0.198760986328125
0.00029945373535156 0.0322494506835938 -0.4520263671875 0.0606079101562501
0.0201091766357422 0.00359344482421875 -0.27459716796875 0.184814453125
0.032745361328125 -0.0106239318847656 -0.141372680664062 0.203384399414063
0.0183238983154297 -0.00800895690917969 -0.103797912597656 0.106765747070313
0.0157194137573242 -0.00900840759277344 -0.125816345214844 -0.0397796630859375
0.0306835174560547 -0.0111732482910156 -0.100326538085938 -0.202041625976562
0.0467453002929688 0.0114517211914063 0.04840087890625 -0.320068359375
0.0153236389160156 0.05181884765625 0.27362060546875 -0.338897705078125
-0.0397491455078125 0.0433692932128906 0.494110107421875 -0.12286376953125
-0.0703277587890625 -0.0481643676757813 0.536102294921875 0.297271728515625
-0.0183029174804688 -0.111831665039063 0.291778564453125 0.3687744140625
0.045623779296875 -0.114906311035156 0.176345825195313 0.0919342041015625
0.0528373718261719 -0.023773193359375 -0.173828125 -0.0994720458984375
0.0396156311035156 -0.03729248046875 -0.28375244140625 -0.40966796875
-0.0213794708251953 -0.0143013000488281 -0.55120849609375 -0.26373291015625
-0.0402336120605469 0.0127716064453125 -0.558013916015625 0.0978393554687499
-0.0322380065917969 0.0232772827148438 -0.27667236328125 0.336334228515625
-0.00135421752929688 0.0491790771484375 0.02447509765625 0.353515625
0.0249824523925781 0.0559616088867188 0.156448364257813 0.1768798828125
0.0215034484863281 0.048675537109375 0.13287353515625 -0.000755310058593747
0.0295867919921875 0.0399169921875 0.10430908203125 -0.134208679199219
0.0357818603515625 0.0431747436523438 0.15191650390625 -0.206573486328125
0.0210647583007812 0.0560760498046875 0.252487182617188 -0.255111694335938
-0.00065994262695313 0.0511817932128906 0.419830322265625 -0.1502685546875
-0.0397109985351563 0.0234451293945312 0.57037353515625 0.18603515625
-0.0287075042724609 -0.00298500061035157 0.44207763671875 0.452117919921875
-1.09672546386721E-05 -0.00594377517700195 0.0968627929687499 0.448638916015625
0.1007080078125 -0.132858276367187 -0.151626586914063 -0.121429443359375
0.0393524169921875 -0.146728515625 -0.255126953125 -0.445098876953125
-0.07568359375 -0.0801162719726563 -0.53759765625 -0.304931640625
-0.108657836914063 0.0181732177734375 -0.5538330078125 0.0595703124999999
-0.0642776489257812 0.0707855224609375 -0.280731201171875 0.296600341796875
0.0159683227539062 0.101089477539062 0.011810302734375 0.323944091796875
0.066314697265625 0.0848236083984375 0.134292602539063 0.1551513671875
0.056182861328125 0.0671463012695313 0.111495971679688 -0.0204620361328125
0.0691604614257813 0.0564193725585937 0.081329345703125 -0.151702880859375
0.0764999389648438 0.06805419921875 0.129241943359375 -0.227935791015625
0.0453872680664063 0.0946807861328125 0.226837158203125 -0.28656005859375
-0.00184631347656249 0.10308837890625 0.40673828125 -0.191162109375
-0.0951995849609375 0.0579299926757813 0.58612060546875 0.13873291015625
-0.102432250976563 -0.0379409790039062 0.453765869140625 0.419464111328125
-0.0341415405273438 -0.097564697265625 0.1019287109375 0.435791015625
0.12066650390625 -0.22845458984375 -0.109359741210937 -0.167587280273438
0.012298583984375 -0.2293701171875 -0.222320556640625 -0.482330322265625
-0.135879516601563 -0.113609313964844 -0.5167236328125 -0.326690673828125
-0.159698486328125 0.0399627685546875 -0.535552978515625 0.030426025390625
-0.076904296875 0.111900329589844 -0.27374267578125 0.253631591796875
0.03948974609375 0.138877868652344 -0.00306701660156252 0.27886962890625
0.09674072265625 0.0996017456054688 0.0982208251953125 0.128273010253906
0.08282470703125 0.0785675048828125 0.0725326538085938 -0.0333099365234375
0.100807189941406 0.0690231323242188 0.0457763671875 -0.16546630859375
0.109825134277344 0.0881576538085938 0.101364135742188 -0.2432861328125
0.06201171875 0.132972717285156 0.203277587890625 -0.309844970703125
-0.00794982910156251 0.1480712890625 0.396087646484375 -0.2216796875
-0.14544677734375 0.073822021484375 0.59088134765625 0.1141357421875
-0.165634155273438 -0.079071044921875 0.43896484375 0.39752197265625
-0.057525634765625 -0.18206787109375 0.089813232421875 0.39697265625
0.100677490234375 -0.28814697265625 -0.0653839111328125 -0.228530883789063
-0.0483551025390625 -0.261444091796875 -0.208099365234375 -0.511505126953125
-0.185821533203125 -0.0929412841796875 -0.5045166015625 -0.32940673828125
-0.170379638671875 0.079864501953125 -0.504608154296875 0.0146789550781249
-0.0614166259765625 0.138153076171875 -0.264907836914063 0.206649780273438
0.068359375 0.146469116210938 -0.0293731689453125 0.232025146484375
0.116836547851563 0.092315673828125 0.0487213134765625 0.102104187011719
0.0978317260742187 0.0781402587890625 0.0215187072753906 -0.0435142517089844
0.119209289550781 0.0718307495117188 0.0022735595703125 -0.174514770507813
0.126365661621094 0.101997375488281 0.0702362060546875 -0.260894775390625
0.063018798828125 0.155044555664062 0.18756103515625 -0.33148193359375
-0.0316619873046875 0.173675537109375 0.39739990234375 -0.234893798828125
-0.190750122070313 0.0641632080078125 0.5880126953125 0.115234375
-0.197555541992188 -0.132308959960937 0.4063720703125 0.38238525390625
-0.0547637939453125 -0.251815795898437 0.080047607421875 0.337249755859375
0.051971435546875 -0.2987060546875 -0.044158935546875 -0.305206298828125
-0.108795166015625 -0.234893798828125 -0.22332763671875 -0.535736083984375
-0.200225830078125 -0.03594970703125 -0.50250244140625 -0.311431884765625
-0.138259887695312 0.112472534179688 -0.47998046875 0.0081787109374999
-0.0244140625 0.137916564941406 -0.262954711914063 0.171875
0.091461181640625 0.122077941894531 -0.0637969970703125 0.1949462890625
0.118156433105469 0.073577880859375 -0.00476074218749999 0.0870590209960938
0.097747802734375 0.0669326782226563 -0.0318641662597656 -0.0483436584472656
0.120513916015625 0.0678787231445313 -0.041412353515625 -0.1832275390625
0.120643615722656 0.106513977050781 0.0398406982421875 -0.280670166015625
0.04498291015625 0.165573120117187 0.18017578125 -0.350433349609375
-0.0625 0.172119140625 0.4044189453125 -0.237213134765625
-0.21417236328125 0.0211029052734375 0.58038330078125 0.13037109375
-0.184799194335938 -0.1876220703125 0.364410400390625 0.36151123046875
-0.020477294921875 -0.2862548828125 0.0827178955078125 0.257720947265625
0.00312805175781253 -0.259719848632813 -0.0517578125 -0.373565673828125
-0.132904052734375 -0.169540405273438 -0.26678466796875 -0.539215087890625
-0.167205810546875 0.018829345703125 -0.513580322265625 -0.276947021484375
-0.0817718505859375 0.116279602050781 -0.46484375 0.01873779296875
0.00916290283203125 0.106338500976563 -0.267181396484375 0.158660888671875
0.0946273803710937 0.0792312622070312 -0.0980682373046875 0.178543090820312
0.0982131958007812 0.0441360473632812 -0.0513229370117187 0.0849761962890625
0.0823593139648438 0.0477218627929687 -0.0805206298828125 -0.0470809936523438
0.104209899902344 0.0526809692382813 -0.0812225341796875 -0.192764282226563
0.0989532470703125 0.0937042236328125 0.018524169921875 -0.302215576171875
0.020477294921875 0.146987915039063 0.189544677734375 -0.36639404296875
-0.0862045288085938 0.137908935546875 0.4266357421875 -0.22491455078125
-0.195404052734375 -0.0323333740234375 0.56829833984375 0.15997314453125
-0.131622314453125 -0.215087890625 0.335968017578125 0.3438720703125
0.0235595703125 -0.274673461914063 0.10723876953125 0.17578125
-0.0236053466796875 -0.187103271484375 -0.0845947265625 -0.424102783203125
-0.107086181640625 -0.0998077392578125 -0.322540283203125 -0.51904296875
-0.107627868652344 0.0441513061523437 -0.530487060546875 -0.22027587890625
-0.0317840576171875 0.0846176147460938 -0.45849609375 0.0481262207031249
0.0286598205566406 0.0539703369140625 -0.26806640625 0.174392700195313
0.0725021362304688 0.0289535522460938 -0.119491577148438 0.186721801757812
0.0641517639160156 0.0149307250976563 -0.085113525390625 0.0959091186523438
0.0539398193359375 0.0205802917480469 -0.115562438964844 -0.040557861328125
0.0716018676757813 0.0267562866210938 -0.10711669921875 -0.1968994140625
0.06988525390625 0.0578498840332031 0.014801025390625 -0.32171630859375
0.00878906249999999 0.106239318847656 0.216766357421875 -0.371917724609375
-0.0792694091796875 0.0897140502929688 0.454833984375 -0.202301025390625
-0.142349243164063 -0.06298828125 0.56378173828125 0.20068359375
-0.067535400390625 -0.188568115234375 0.32476806640625 0.3331298828125
0.0464324951171875 -0.215591430664063 0.148818969726563 0.112564086914062
-0.021453857421875 -0.0922470092773438 -0.120086669921875 -0.450592041015625
-0.0425071716308594 -0.0470848083496094 -0.37628173828125 -0.485015869140625
-0.0405502319335937 0.0331077575683594 -0.548187255859375 -0.156707763671875
0.00118446350097656 0.0304222106933594 -0.449371337890625 0.095489501953125
0.0174703598022461 0.00320243835449219 -0.260360717773438 0.202896118164062
0.0335102081298828 -0.0136775970458984 -0.125579833984375 0.209014892578125
0.0171165466308594 -0.00819683074951172 -0.0984573364257813 0.113319396972656
0.0174093246459961 -0.0064239501953125 -0.134552001953125 -0.02996826171875
0.0316753387451172 -0.00948333740234375 -0.11981201171875 -0.197891235351563
0.0472488403320313 0.00918960571289063 0.024810791015625 -0.3309326171875
0.0177154541015625 0.0499839782714844 0.249542236328125 -0.363677978515625
-0.0366744995117188 0.0478553771972656 0.49005126953125 -0.15875244140625
-0.073699951171875 -0.0416717529296875 0.560302734375 0.257781982421875
-0.0257034301757813 -0.109298706054688 0.3216552734375 0.348388671875
0.0382614135742188 -0.11883544921875 0.19390869140625 0.0794830322265625
0.0475959777832031 -0.0280570983886719 -0.181533813476563 -0.080413818359375
0.0362510681152344 -0.0425224304199219 -0.305267333984375 -0.37750244140625
-0.0211620330810547 -0.0169391632080078 -0.557281494140625 -0.220123291015625
-0.0384101867675781 0.0143890380859375 -0.538726806640625 0.132171630859375
-0.0301017761230469 0.0269355773925781 -0.245941162109375 0.347412109375
0.00237655639648438 0.0467987060546875 0.053192138671875 0.3416748046875
0.0315017700195313 0.0565757751464844 0.169784545898438 0.163421630859375
0.0300407409667969 0.0484962463378906 0.134284973144531 -0.00778961181640625
0.0331077575683594 0.0379180908203125 0.0964889526367188 -0.136650085449219
0.0405120849609375 0.0395736694335938 0.135086059570313 -0.20849609375
0.0257987976074219 0.05291748046875 0.2220458984375 -0.264862060546875
0.004150390625 0.0524635314941406 0.395751953125 -0.1778564453125
-0.0394439697265625 0.0290756225585937 0.57244873046875 0.1365966796875
-0.0307331085205078 0.00185394287109375 0.470947265625 0.40960693359375
-0.000448226928710938 -0.00608491897583008 0.134429931640625 0.440277099609375
0.0885162353515625 -0.1422119140625 -0.163055419921875 -0.103973388671875
0.0270843505859375 -0.152984619140625 -0.280792236328125 -0.416351318359375
-0.0802764892578125 -0.0786056518554688 -0.54571533203125 -0.2626953125
-0.107460021972656 0.02337646484375 -0.54034423828125 0.0924072265625001
-0.0603408813476563 0.075714111328125 -0.253509521484375 0.30963134765625
0.0246505737304687 0.10150146484375 0.038909912109375 0.31414794921875
0.0737152099609375 0.08184814453125 0.146652221679688 0.142974853515625
0.0653343200683594 0.0665283203125 0.11004638671875 -0.023834228515625
0.074859619140625 0.0534515380859375 0.0700531005859375 -0.151885986328125
0.0833206176757812 0.0638580322265625 0.111129760742187 -0.22747802734375
0.0534820556640625 0.0932235717773438 0.19696044921875 -0.292236328125
0.00577545166015624 0.104171752929688 0.378662109375 -0.21697998046875
-0.0910873413085938 0.0643386840820312 0.583984375 0.091064453125
-0.107818603515625 -0.0273208618164063 0.480743408203125 0.377288818359375
-0.043487548828125 -0.0944595336914063 0.139862060546875 0.427276611328125
0.103134155273438 -0.238052368164063 -0.12274169921875 -0.152801513671875
-0.00587463378906251 -0.2333984375 -0.252685546875 -0.455230712890625
-0.143096923828125 -0.1063232421875 -0.52740478515625 -0.28466796875
-0.157363891601563 0.0489349365234375 -0.520263671875 0.0661621093750001
-0.0707244873046875 0.118621826171875 -0.250045776367188 0.262939453125
0.0520553588867188 0.135406494140625 0.019683837890625 0.270156860351563
0.107414245605469 0.0929946899414063 0.107467651367188 0.11962890625
0.093475341796875 0.076812744140625 0.0688552856445313 -0.0346183776855469
0.107330322265625 0.0646209716796875 0.033843994140625 -0.1619873046875
0.116188049316406 0.0820236206054688 0.0813751220703125 -0.24249267578125
0.0712661743164062 0.127052307128906 0.172332763671875 -0.315216064453125
-0.000579833984375014 0.1490478515625 0.368316650390625 -0.2430419921875
-0.1416015625 0.0860748291015625 0.58734130859375 0.06732177734375
-0.173370361328125 -0.06439208984375 0.463775634765625 0.35772705078125
-0.0725860595703125 -0.179473876953125 0.126068115234375 0.391448974609375
0.077880859375 -0.295318603515625 -0.0832366943359375 -0.220352172851563
-0.0676727294921875 -0.258697509765625 -0.24090576171875 -0.487762451171875
-0.191696166992188 -0.0843963623046875 -0.51708984375 -0.28643798828125
-0.16510009765625 0.088653564453125 -0.49163818359375 0.04754638671875
-0.05426025390625 0.144241333007812 -0.242218017578125 0.21734619140625
0.07904052734375 0.14093017578125 -0.00964355468750001 0.22357177734375
0.125228881835938 0.0877304077148438 0.0561370849609375 0.0973892211914063
0.107749938964844 0.074615478515625 0.0176811218261719 -0.0417747497558594
0.125617980957031 0.0669021606445313 -0.0111541748046875 -0.168487548828125
0.1324462890625 0.0948715209960937 0.0479583740234375 -0.258804321289062
0.072540283203125 0.152587890625 0.155426025390625 -0.33660888671875
-0.02069091796875 0.176910400390625 0.3675537109375 -0.25823974609375
-0.188430786132812 0.077117919921875 0.582763671875 0.0675048828125
-0.208282470703125 -0.11614990234375 0.428558349609375 0.34423828125
-0.073028564453125 -0.246963500976562 0.110137939453125 0.330596923828125
0.02813720703125 -0.30255126953125 -0.069091796875 -0.2982177734375
-0.125381469726562 -0.227554321289063 -0.259490966796875 -0.510650634765625
-0.20159912109375 -0.027496337890625 -0.515350341796875 -0.26971435546875
-0.131736755371094 0.120208740234375 -0.468017578125 0.0404052734375001
-0.0179595947265625 0.14019775390625 -0.24267578125 0.18267822265625
0.098052978515625 0.115753173828125 -0.045745849609375 0.189346313476563
0.124862670898438 0.0674819946289063 0.00180816650390626 0.0853729248046875
0.1070556640625 0.063873291015625 -0.0359649658203125 -0.0429496765136719
0.126319885253906 0.0628280639648438 -0.0571441650390625 -0.175308227539063
0.126350402832031 0.09991455078125 0.01593017578125 -0.275909423828125
0.0550384521484375 0.162277221679688 0.148345947265625 -0.355987548828125
-0.0534210205078125 0.175369262695312 0.376739501953125 -0.2611083984375
-0.21270751953125 0.035400390625 0.57586669921875 0.084228515625
-0.197982788085937 -0.1710205078125 0.3848876953125 0.329498291015625
-0.041961669921875 -0.283477783203125 0.105300903320313 0.249465942382812
-0.0171661376953125 -0.261810302734375 -0.082275390625 -0.368988037109375
-0.1439208984375 -0.161895751953125 -0.302947998046875 -0.509918212890625
-0.165786743164063 0.0243988037109375 -0.524749755859375 -0.231781005859375
-0.0758438110351563 0.118324279785156 -0.453094482421875 0.049346923828125
0.0151214599609375 0.107376098632813 -0.248565673828125 0.171295166015625
0.0975112915039063 0.0718765258789063 -0.0810546875 0.177459716796875
0.104850769042969 0.040863037109375 -0.0455856323242188 0.0870285034179688
0.0899200439453125 0.0450363159179688 -0.0847244262695312 -0.0387649536132813
0.107711791992187 0.0500717163085937 -0.097320556640625 -0.181854248046875
0.103340148925781 0.088226318359375 -0.00494384765625001 -0.298004150390625
0.0299072265625 0.146926879882812 0.15814208984375 -0.371429443359375
-0.077606201171875 0.142486572265625 0.397735595703125 -0.251068115234375
-0.19964599609375 -0.0187835693359375 0.5679931640625 0.113037109375
-0.144638061523437 -0.202117919921875 0.352569580078125 0.3116455078125
0.0026702880859375 -0.273834228515625 0.122421264648438 0.165557861328125
-0.037200927734375 -0.183151245117188 -0.11614990234375 -0.416015625
-0.112136840820313 -0.0953598022460938 -0.358673095703125 -0.48626708984375
-0.1031494140625 0.0452041625976563 -0.5394287109375 -0.17431640625
-0.0261688232421875 0.083160400390625 -0.44366455078125 0.079925537109375
0.0283699035644531 0.0545387268066406 -0.249053955078125 0.1829833984375
0.071807861328125 0.0235748291015625 -0.102890014648438 0.186721801757813
0.0660934448242188 0.01409912109375 -0.0785293579101562 0.0995941162109375
0.0579833984375 0.0198516845703125 -0.119712829589844 -0.0302352905273437
0.073944091796875 0.02362060546875 -0.126174926757813 -0.187576293945313
0.0721969604492188 0.0553207397460938 -0.0111083984375 -0.317962646484375
0.0145034790039063 0.102714538574219 0.183929443359375 -0.3824462890625
-0.0724334716796875 0.0922775268554688 0.431182861328125 -0.2286376953125
-0.144256591796875 -0.05084228515625 0.56793212890625 0.15545654296875
-0.0788116455078125 -0.180221557617188 0.341064453125 0.3028564453125
0.0342254638671875 -0.214492797851563 0.159698486328125 0.099700927734375
-0.0260467529296875 -0.0901412963867188 -0.154571533203125 -0.439422607421875
-0.0455284118652344 -0.0478630065917969 -0.409027099609375 -0.449462890625
-0.036834716796875 0.0307960510253906 -0.548858642578125 -0.110382080078125
0.00250816345214844 0.0292263031005859 -0.427764892578125 0.12396240234375
0.0176277160644531 0.00109100341796875 -0.2371826171875 0.212554931640625
0.0298023223876953 -0.015380859375 -0.106735229492188 0.20745849609375
0.0185508728027344 -0.00814247131347656 -0.0902633666992187 0.115837097167969
0.0182609558105469 -0.00635528564453125 -0.137130737304688 -0.0172195434570312
0.0295333862304688 -0.0109424591064453 -0.136016845703125 -0.1873779296875
0.0448265075683594 0.00431060791015625 -0.00231933593749997 -0.3270263671875
0.0225296020507813 0.0463600158691406 0.218017578125 -0.37384033203125
-0.0314750671386719 0.0486602783203125 0.465423583984375 -0.190399169921875
-0.0746917724609375 -0.0356063842773437 0.5654296875 0.21221923828125
-0.0329513549804688 -0.104728698730469 0.33819580078125 0.3184814453125
0.0307769775390625 -0.11865234375 0.201446533203125 0.06341552734375
0.042816162109375 -0.0319442749023438 -0.183090209960938 -0.065032958984375
0.0309906005859375 -0.0466690063476562 -0.311279296875 -0.348541259765625
-0.0221195220947266 -0.0183639526367188 -0.544403076171875 -0.189300537109375
-0.0383148193359375 0.01385498046875 -0.51678466796875 0.148895263671875
-0.0297164916992188 0.0274219512939453 -0.220916748046875 0.345458984375
0.00504684448242187 0.0448570251464844 0.0704345703125 0.326812744140625
0.0359878540039063 0.0540924072265625 0.176467895507813 0.151290893554688
0.0352096557617187 0.0464553833007812 0.134529113769531 -0.0110931396484375
0.0369338989257813 0.0354118347167969 0.0887222290039062 -0.133377075195313
0.0419273376464844 0.0367660522460938 0.12158203125 -0.202011108398438
0.0294876098632813 0.0495872497558594 0.200180053710937 -0.26129150390625
0.00737762451171875 0.0522804260253906 0.36767578125 -0.18963623046875
-0.0371627807617187 0.0330619812011719 0.5577392578125 0.1007080078125
-0.0313816070556641 0.00426864624023438 0.479278564453125 0.371673583984375
-0.0017247200012207 -0.00702810287475586 0.159637451171875 0.42645263671875
0.0776214599609375 -0.145706176757813 -0.16534423828125 -0.0896759033203125
0.0189361572265625 -0.152435302734375 -0.288238525390625 -0.3861083984375
-0.082763671875 -0.0773849487304687 -0.535369873046875 -0.23004150390625
-0.105430603027344 0.0269317626953125 -0.517059326171875 0.110870361328125
-0.058074951171875 0.0778427124023437 -0.230712890625 0.307769775390625
0.028900146484375 0.0972061157226563 0.054718017578125 0.298583984375
0.079437255859375 0.07763671875 0.151214599609375 0.1334228515625
0.07220458984375 0.0631637573242188 0.108589172363281 -0.0252761840820312
0.0784759521484375 0.0500259399414062 0.0626678466796875 -0.14703369140625
0.0859375 0.0586776733398437 0.09710693359375 -0.220062255859375
0.057525634765625 0.0882339477539063 0.172393798828125 -0.286041259765625
0.0108489990234375 0.104103088378906 0.35064697265625 -0.226715087890625
-0.0877685546875 0.0690231323242188 0.56634521484375 0.05584716796875
-0.10931396484375 -0.0209884643554687 0.486907958984375 0.340423583984375
-0.0490036010742187 -0.093017578125 0.162322998046875 0.41412353515625
0.08648681640625 -0.239334106445313 -0.129043579101563 -0.14111328125
-0.0177001953125 -0.229095458984375 -0.2626953125 -0.425201416015625
-0.14544677734375 -0.103042602539062 -0.519927978515625 -0.25140380859375
-0.152679443359375 0.05322265625 -0.5006103515625 0.0828857421875
-0.0682144165039062 0.120529174804688 -0.229782104492188 0.262115478515625
0.0555572509765625 0.130943298339844 0.0327301025390625 0.255355834960938
0.112579345703125 0.0884552001953125 0.111717224121094 0.110687255859375
0.100143432617188 0.072479248046875 0.0678558349609375 -0.0345535278320312
0.111534118652344 0.059967041015625 0.0250396728515625 -0.155380249023438
0.11907958984375 0.0765228271484375 0.067108154296875 -0.234268188476563
0.076171875 0.122161865234375 0.14788818359375 -0.30853271484375
0.00628662109375001 0.148239135742188 0.33984375 -0.253173828125
-0.137580871582031 0.0904693603515625 0.5694580078125 0.0341796875
-0.174362182617187 -0.0551910400390625 0.46966552734375 0.32281494140625
-0.0810699462890625 -0.172744750976563 0.147430419921875 0.37799072265625
0.059844970703125 -0.294769287109375 -0.09429931640625 -0.210494995117188
-0.079345703125 -0.251754760742188 -0.254058837890625 -0.460662841796875
-0.192794799804687 -0.0787506103515625 -0.511077880859375 -0.252197265625
-0.160446166992188 0.0927276611328125 -0.471435546875 0.06640625
-0.04986572265625 0.145538330078125 -0.223556518554688 0.216339111328125
0.0830917358398438 0.135032653808594 0.00189208984375001 0.211105346679688
0.130401611328125 0.082366943359375 0.0602798461914063 0.0909042358398438
0.115211486816406 0.0713882446289063 0.0160293579101563 -0.0385169982910156
0.129905700683594 0.0634613037109375 -0.0199432373046875 -0.1605224609375
0.134529113769531 0.0902633666992188 0.0328216552734375 -0.249313354492187
0.07733154296875 0.148040771484375 0.129119873046875 -0.32989501953125
-0.014556884765625 0.175552368164063 0.3388671875 -0.26605224609375
-0.182891845703125 0.0836639404296875 0.565185546875 0.0360107421875
-0.21112060546875 -0.1041259765625 0.432647705078125 0.31353759765625
-0.0833740234375 -0.238739013671875 0.1282958984375 0.3192138671875
0.011474609375 -0.29833984375 -0.08331298828125 -0.287933349609375
-0.133712768554688 -0.2188720703125 -0.276611328125 -0.481842041015625
-0.200286865234375 -0.0224456787109375 -0.510589599609375 -0.2353515625
-0.125831604003906 0.120941162109375 -0.449676513671875 0.05828857421875
-0.0146865844726563 0.140052795410156 -0.225372314453125 0.183700561523437
0.100364685058594 0.10955810546875 -0.034942626953125 0.178680419921875
0.128456115722656 0.0626754760742188 0.00691223144531251 0.0811386108398438
0.113494873046875 0.0609512329101563 -0.0376052856445312 -0.0375785827636719
0.129570007324219 0.0600433349609375 -0.066619873046875 -0.165237426757813
0.128105163574219 0.0954437255859375 0.00143432617187503 -0.266525268554688
0.0603179931640625 0.157791137695312 0.12274169921875 -0.34991455078125
-0.0462799072265625 0.17486572265625 0.347900390625 -0.270782470703125
-0.208038330078125 0.0430908203125 0.55889892578125 0.05328369140625
-0.202224731445313 -0.158248901367188 0.388031005859375 0.299835205078125
-0.05511474609375 -0.275436401367188 0.120223999023437 0.239456176757812
-0.030517578125 -0.255264282226562 -0.100616455078125 -0.356292724609375
-0.1473388671875 -0.154525756835938 -0.320526123046875 -0.478912353515625
-0.162872314453125 0.0271453857421875 -0.51763916015625 -0.196990966796875
-0.0715713500976563 0.117599487304688 -0.434722900390625 0.0670166015624999
0.0159454345703125 0.105720520019531 -0.230514526367188 0.172088623046875
0.0978164672851563 0.0669021606445313 -0.0702362060546875 0.167770385742188
0.106315612792969 0.0364227294921875 -0.0400161743164063 0.0840377807617188
0.0952835083007813 0.0423431396484375 -0.0857086181640625 -0.0318450927734375
0.11029052734375 0.0474624633789063 -0.106781005859375 -0.17132568359375
0.103683471679688 0.0846786499023438 -0.0208740234375 -0.287322998046875
0.0338134765625 0.141921997070313 0.132965087890625 -0.36773681640625
-0.0706787109375 0.142257690429688 0.370574951171875 -0.260467529296875
-0.194580078125 -0.0111083984375 0.5516357421875 0.083038330078125
-0.15142822265625 -0.190628051757813 0.35321044921875 0.28411865234375
-0.010589599609375 -0.267593383789063 0.131546020507813 0.15570068359375
-0.04595947265625 -0.17828369140625 -0.13800048828125 -0.402862548828125
-0.114822387695313 -0.090087890625 -0.37420654296875 -0.4532470703125
-0.0996780395507812 0.0443572998046875 -0.526885986328125 -0.139862060546875
-0.0238189697265625 0.0813751220703125 -0.421539306640625 0.0964660644531251
0.0268020629882813 0.0532913208007812 -0.2296142578125 0.1837158203125
0.0705032348632812 0.0202865600585938 -0.09173583984375 0.17803955078125
0.0671653747558594 0.0114631652832031 -0.0719680786132812 0.0974044799804688
0.0620880126953125 0.0187950134277344 -0.119850158691406 -0.0213623046875
0.0741424560546875 0.0233078002929687 -0.134353637695313 -0.176742553710938
0.071563720703125 0.052734375 -0.02838134765625 -0.307952880859375
0.0172653198242187 0.0993804931640625 0.159637451171875 -0.377716064453125
-0.06622314453125 0.0925140380859375 0.404815673828125 -0.237457275390625
-0.14129638671875 -0.043609619140625 0.551849365234375 0.1268310546875
-0.08380126953125 -0.17120361328125 0.340911865234375 0.277984619140625
0.0235137939453125 -0.211410522460938 0.16552734375 0.0877532958984375
-0.0294418334960938 -0.0869064331054688 -0.175750732421875 -0.422332763671875
-0.0466461181640625 -0.0472908020019531 -0.422943115234375 -0.413238525390625
-0.034576416015625 0.0281524658203125 -0.532928466796875 -0.0762023925781251
0.00231552124023438 0.0254402160644531 -0.40533447265625 0.136688232421875
0.0151033401489258 0.00025177001953125 -0.215911865234375 0.210418701171875
0.0267677307128906 -0.0167999267578125 -0.0933074951171875 0.197906494140625
0.0189914703369141 -0.00823402404785156 -0.0841064453125 0.1138916015625
0.0205039978027344 -0.0062255859375 -0.13671875 -0.00878906249999998
0.0284156799316406 -0.0100841522216797 -0.144683837890625 -0.175949096679688
0.0422477722167969 0.00284194946289063 -0.0196533203125 -0.318817138671875
0.0224609375 0.0422172546386719 0.192626953125 -0.370849609375
-0.0272026062011719 0.0489654541015625 0.439971923828125 -0.201385498046875
-0.0720062255859375 -0.0296859741210938 0.55133056640625 0.180816650390625
-0.0357284545898438 -0.0967483520507812 0.339080810546875 0.2901611328125
0.0255813598632813 -0.115020751953125 0.203048706054688 0.04937744140625
0.0392646789550781 -0.0327568054199219 -0.183319091796875 -0.0546875
0.0281486511230469 -0.0491943359375 -0.306549072265625 -0.33056640625
-0.0235004425048828 -0.0203666687011719 -0.52978515625 -0.175567626953125
-0.0385055541992188 0.0129165649414062 -0.5020751953125 0.150665283203125
-0.0306396484375 0.0287151336669922 -0.209228515625 0.339263916015625
0.00507354736328125 0.0430793762207031 0.079132080078125 0.3157958984375
0.0399284362792969 0.0518150329589844 0.179718017578125 0.14495849609375
0.0395278930664063 0.0449600219726563 0.136039733886719 -0.0117874145507812
0.0390396118164063 0.0345954895019531 0.0867156982421875 -0.129096984863281
0.0434722900390625 0.0352058410644531 0.116165161132813 -0.195053100585937
0.0319442749023438 0.0467109680175781 0.18572998046875 -0.253372192382813
0.009918212890625 0.0521736145019531 0.34906005859375 -0.189788818359375
-0.036102294921875 0.0357170104980469 0.544586181640625 0.084564208984375
-0.0324153900146484 0.00652694702148437 0.48126220703125 0.35003662109375
-0.00383090972900391 -0.00831460952758789 0.1748046875 0.4197998046875
0.07086181640625 -0.147018432617188 -0.16717529296875 -0.0809326171875
0.0142669677734375 -0.152740478515625 -0.287078857421875 -0.36798095703125
-0.08514404296875 -0.0786819458007813 -0.521331787109375 -0.215301513671875
-0.106193542480469 0.026580810546875 -0.503875732421875 0.1136474609375
-0.0588531494140625 0.0791015625 -0.219512939453125 0.30078125
0.0296783447265625 0.095458984375 0.06097412109375 0.287017822265625
0.0835800170898438 0.0758819580078125 0.154998779296875 0.127365112304688
0.0782852172851563 0.0618515014648438 0.109855651855469 -0.024627685546875
0.0818710327148438 0.0499725341796875 0.060333251953125 -0.142074584960938
0.0875396728515625 0.0577926635742187 0.0913543701171875 -0.212081909179688
0.0592498779296875 0.0865325927734375 0.159683227539062 -0.278182983398438
0.0129776000976562 0.104171752929687 0.331939697265625 -0.22576904296875
-0.0865020751953125 0.0715179443359375 0.552337646484375 0.03936767578125
-0.111076354980469 -0.0180892944335938 0.486541748046875 0.320892333984375
-0.0522384643554688 -0.0925827026367188 0.175506591796875 0.40673828125
0.0772247314453125 -0.2391357421875 -0.13140869140625 -0.132598876953125
-0.0236968994140625 -0.227279663085938 -0.263763427734375 -0.40777587890625
-0.147781372070313 -0.104019165039062 -0.508941650390625 -0.23602294921875
-0.152557373046875 0.0527801513671875 -0.485565185546875 0.086822509765625
-0.0685577392578125 0.122337341308594 -0.21783447265625 0.256683349609375
0.056732177734375 0.129249572753906 0.038970947265625 0.244216918945313
0.116508483886719 0.0866241455078125 0.114250183105469 0.105125427246094
0.106941223144531 0.0704727172851563 0.0679092407226563 -0.0326614379882812
0.115798950195313 0.0595016479492188 0.02215576171875 -0.149642944335938
0.121200561523438 0.0750656127929688 0.0607452392578125 -0.226089477539063
0.0782318115234375 0.121101379394531 0.135406494140625 -0.30096435546875
0.00799560546874999 0.148117065429687 0.32086181640625 -0.251007080078125
-0.136802673339844 0.0928955078125 0.5533447265625 0.019378662109375
-0.176544189453125 -0.0508270263671875 0.46826171875 0.30426025390625
-0.085906982421875 -0.171554565429688 0.160430908203125 0.372039794921875
0.050323486328125 -0.293548583984375 -0.0994415283203125 -0.204025268554688
-0.0845794677734375 -0.248641967773438 -0.258209228515625 -0.442291259765625
-0.194610595703125 -0.0790252685546875 -0.500030517578125 -0.2364501953125
-0.1602783203125 0.09161376953125 -0.4576416015625 0.0711669921875
-0.0501708984375 0.147369384765625 -0.214141845703125 0.211380004882812
0.0830841064453125 0.133323669433594 0.00663757324218748 0.200592041015625
0.133880615234375 0.080322265625 0.0633544921875 0.0864486694335938
0.12152099609375 0.0698165893554688 0.016357421875 -0.0359878540039062
0.13360595703125 0.0633544921875 -0.0235443115234375 -0.153762817382813
0.136161804199219 0.0894546508789063 0.0269927978515625 -0.240737915039062
0.078643798828125 0.146530151367188 0.116729736328125 -0.321319580078125
-0.0125579833984375 0.175094604492188 0.32122802734375 -0.265533447265625
-0.181427001953125 0.0858306884765625 0.55035400390625 0.02069091796875
-0.212814331054688 -0.0987091064453125 0.43084716796875 0.29571533203125
-0.088714599609375 -0.236358642578125 0.138885498046875 0.312347412109375
0.00354003906249998 -0.29608154296875 -0.090789794921875 -0.2823486328125
-0.13726806640625 -0.215057373046875 -0.280242919921875 -0.4656982421875
-0.200881958007813 -0.0229644775390625 -0.50164794921875 -0.218719482421875
-0.126243591308594 0.119308471679687 -0.4364013671875 0.0633544921875
-0.016082763671875 0.141525268554688 -0.216339111328125 0.1790771484375
0.0995712280273438 0.108612060546875 -0.0308837890625 0.168121337890625
0.132026672363281 0.0611190795898438 0.00922393798828126 0.0769195556640625
0.119636535644531 0.0602569580078125 -0.0374298095703125 -0.0343017578125
0.132804870605469 0.0605850219726563 -0.0714111328125 -0.158447265625
0.129074096679688 0.0949478149414063 -0.00608825683593746 -0.258224487304688
0.060394287109375 0.156646728515625 0.10980224609375 -0.341949462890625
-0.0441741943359375 0.174270629882812 0.3316650390625 -0.269195556640625
-0.206771850585937 0.0452117919921875 0.543670654296875 0.03961181640625
-0.204574584960938 -0.152572631835937 0.3851318359375 0.28546142578125
-0.0599365234375 -0.272445678710938 0.1279296875 0.23370361328125
-0.0365447998046875 -0.251388549804688 -0.109375 -0.350860595703125
-0.149749755859375 -0.151138305664063 -0.3251953125 -0.4613037109375
-0.162872314453125 0.0251312255859375 -0.507232666015625 -0.179168701171875
-0.0723800659179687 0.114830017089844 -0.420074462890625 0.07196044921875
0.0140304565429687 0.106346130371094 -0.221023559570313 0.166748046875
0.0956954956054688 0.0658035278320312 -0.06597900390625 0.15802001953125
0.109474182128906 0.0357208251953125 -0.0373916625976563 0.0805511474609375
0.100311279296875 0.041229248046875 -0.0852508544921875 -0.0279541015625
0.112663269042969 0.0477294921875 -0.11187744140625 -0.164230346679688
0.103065490722656 0.0849456787109375 -0.0274658203125 -0.280670166015625
0.03369140625 0.14031982421875 0.11859130859375 -0.3616943359375
-0.068939208984375 0.141616821289063 0.354888916015625 -0.26116943359375
-0.1932373046875 -0.00949096679687504 0.53790283203125 0.071258544921875
-0.153366088867188 -0.184982299804688 0.349395751953125 0.269989013671875
-0.0147705078125 -0.264801025390625 0.13690185546875 0.149002075195312
-0.0496368408203125 -0.174362182617188 -0.147430419921875 -0.396087646484375
-0.115333557128906 -0.0889205932617188 -0.379364013671875 -0.434356689453125
-0.0995864868164063 0.042572021484375 -0.51556396484375 -0.12237548828125
-0.0253448486328125 0.0783615112304688 -0.407745361328125 0.09942626953125
0.0246467590332031 0.0543746948242188 -0.219772338867187 0.178741455078125
0.068206787109375 0.020233154296875 -0.0870819091796875 0.168121337890625
0.069122314453125 0.0109481811523438 -0.06976318359375 0.0936126708984375
0.0664215087890625 0.0177268981933594 -0.119705200195313 -0.018218994140625
0.07562255859375 0.02447509765625 -0.140045166015625 -0.16925048828125
0.0698089599609375 0.0530319213867187 -0.035369873046875 -0.3021240234375
0.0174026489257813 0.0975112915039063 0.146636962890625 -0.371856689453125
-0.0641326904296875 0.091278076171875 0.388885498046875 -0.23846435546875
-0.138946533203125 -0.0417633056640625 0.53692626953125 0.11279296875
-0.0851287841796875 -0.16644287109375 0.335968017578125 0.263214111328125
0.0199432373046875 -0.208145141601562 0.168365478515625 0.0801239013671875
-0.0299072265625 -0.0836105346679687 -0.186492919921875 -0.415435791015625
-0.0467338562011719 -0.0480804443359375 -0.425445556640625 -0.39434814453125
-0.0346431732177734 0.0249347686767578 -0.51776123046875 -0.059295654296875
-1.52587890625008E-05 0.0229473114013672 -0.389617919921875 0.140899658203125
0.0120058059692383 0.00043487548828125 -0.204910278320313 0.203094482421875
0.0233516693115234 -0.0168647766113281 -0.089141845703125 0.187240600585937
0.0199680328369141 -0.00845527648925781 -0.081573486328125 0.110549926757812
0.0236091613769531 -0.00661277770996094 -0.135765075683594 -0.00593566894531252
0.0289497375488281 -0.00820350646972656 -0.1505126953125 -0.170272827148438
0.0394325256347656 0.00238037109375 -0.027191162109375 -0.313232421875
0.0223045349121094 0.0393142700195313 0.17999267578125 -0.366241455078125
-0.0239105224609375 0.0470771789550781 0.425048828125 -0.20318603515625
-0.0694732666015625 -0.0273399353027344 0.53790283203125 0.16650390625
-0.0355682373046875 -0.0936203002929688 0.332977294921875 0.2745361328125
0.0231781005859375 -0.112724304199219 0.204360961914063 0.041717529296875
0.0373306274414063 -0.0337944030761719 -0.187393188476563 -0.0481719970703125
0.0258369445800781 -0.0523300170898438 -0.308013916015625 -0.322418212890625
-0.0256233215332031 -0.0225372314453125 -0.526947021484375 -0.17236328125
-0.0412368774414063 0.0124435424804688 -0.502655029296875 0.152679443359375
-0.0327339172363281 0.0305500030517578 -0.2060546875 0.337982177734375
0.00492858886718749 0.0431404113769531 0.0853271484375 0.313079833984375
0.0443763732910156 0.0508232116699219 0.187728881835938 0.142303466796875
0.0444984436035156 0.0440101623535156 0.142349243164062 -0.0123443603515625
0.042236328125 0.0348625183105469 0.0890579223632813 -0.127029418945313
0.0452651977539063 0.0342941284179688 0.11663818359375 -0.191741943359375
0.0335273742675781 0.0461082458496094 0.181427001953125 -0.24957275390625
0.0123252868652344 0.0536003112792969 0.342987060546875 -0.192718505859375
-0.0364532470703125 0.0393447875976563 0.544647216796875 0.073944091796875
-0.035247802734375 0.00821685791015625 0.4912109375 0.342620849609375
-0.00645637512207031 -0.00998973846435547 0.188232421875 0.426055908203125
0.067626953125 -0.150115966796875 -0.171646118164063 -0.0750885009765625
0.0106353759765625 -0.156097412109375 -0.28741455078125 -0.3609619140625
-0.0895843505859375 -0.0817718505859375 -0.51947021484375 -0.21197509765625
-0.110206604003906 0.0259933471679687 -0.502899169921875 0.115814208984375
-0.0617828369140625 0.083221435546875 -0.21844482421875 0.301483154296875
0.0296707153320312 0.0973968505859375 0.06610107421875 0.282745361328125
0.0888137817382813 0.07586669921875 0.161529541015625 0.125259399414063
0.085174560546875 0.0606689453125 0.114830017089844 -0.0242538452148437
0.0876235961914062 0.0511932373046875 0.0611114501953125 -0.140594482421875
0.0911941528320313 0.058380126953125 0.0909576416015625 -0.209609985351562
0.0616836547851563 0.0879440307617187 0.154144287109375 -0.274795532226563
0.0143508911132813 0.10699462890625 0.324981689453125 -0.228607177734375
-0.0884780883789062 0.0749740600585938 0.550384521484375 0.029052734375
-0.115325927734375 -0.016326904296875 0.495452880859375 0.3131103515625
-0.0565109252929688 -0.0951309204101563 0.1893310546875 0.412994384765625
0.0734100341796875 -0.244644165039062 -0.136543273925781 -0.129768371582031
-0.0273284912109375 -0.2313232421875 -0.265045166015625 -0.401947021484375
-0.153106689453125 -0.1075439453125 -0.506134033203125 -0.23114013671875
-0.158157348632813 0.0529937744140625 -0.486236572265625 0.0897216796875001
-0.0714874267578125 0.127494812011719 -0.21649169921875 0.255142211914062
0.056610107421875 0.13140869140625 0.04119873046875 0.238479614257812
0.123634338378906 0.0869674682617187 0.11968994140625 0.102714538574219
0.115669250488281 0.07049560546875 0.0712661743164063 -0.0317001342773437
0.122505187988281 0.0618896484375 0.0212249755859375 -0.147537231445313
0.125564575195313 0.0779342651367188 0.05908203125 -0.22381591796875
0.0803756713867188 0.123634338378906 0.12786865234375 -0.297576904296875
0.00926208496093751 0.152069091796875 0.314300537109375 -0.252838134765625
-0.139854431152344 0.096221923828125 0.552734375 0.00946044921875001
-0.182464599609375 -0.049957275390625 0.476654052734375 0.299102783203125
-0.0907440185546875 -0.174591064453125 0.172607421875 0.376068115234375
0.045257568359375 -0.29888916015625 -0.1046142578125 -0.203842163085937
-0.0897369384765625 -0.253143310546875 -0.262176513671875 -0.43975830078125
-0.200637817382813 -0.0815582275390625 -0.499298095703125 -0.2313232421875
-0.166229248046875 0.092864990234375 -0.45745849609375 0.0736083984375001
-0.0534515380859375 0.15338134765625 -0.21234130859375 0.209793090820312
0.083831787109375 0.1365966796875 0.00816345214843752 0.193878173828125
0.140960693359375 0.0810546875 0.0665969848632813 0.0835723876953125
0.130302429199219 0.0697097778320313 0.0177936553955078 -0.0345630645751953
0.141616821289062 0.06610107421875 -0.026763916015625 -0.151397705078125
0.141067504882812 0.0928192138671875 0.0231781005859375 -0.2392578125
0.08056640625 0.151123046875 0.1102294921875 -0.32080078125
-0.0127410888671875 0.180038452148438 0.315216064453125 -0.268096923828125
-0.186172485351562 0.0879364013671875 0.549591064453125 0.0115966796875
-0.220077514648438 -0.0989837646484375 0.437347412109375 0.290771484375
-0.0941619873046875 -0.240676879882813 0.14935302734375 0.316436767578125
-0.001922607421875 -0.30078125 -0.097930908203125 -0.284698486328125
-0.14215087890625 -0.217544555664063 -0.28594970703125 -0.46124267578125
-0.206710815429688 -0.025146484375 -0.500885009765625 -0.21124267578125
-0.131607055664063 0.12042236328125 -0.43426513671875 0.0673828124999999
-0.0184326171875 0.1473388671875 -0.21502685546875 0.17681884765625
0.100296020507813 0.111679077148438 -0.0305328369140625 0.162368774414063
0.13812255859375 0.0620498657226563 0.0111618041992188 0.0741500854492188
0.127494812011719 0.0598220825195313 -0.0385208129882812 -0.0324859619140625
0.140304565429688 0.0632095336914063 -0.0763549804687499 -0.156341552734375
0.133201599121094 0.0993270874023438 -0.011260986328125 -0.25799560546875
0.0609283447265625 0.16131591796875 0.10296630859375 -0.34326171875
-0.0458831787109375 0.178512573242188 0.32720947265625 -0.271331787109375
-0.211105346679688 0.0456695556640625 0.543060302734375 0.03228759765625
-0.210983276367187 -0.153717041015625 0.38909912109375 0.2818603515625
-0.0651702880859375 -0.277359008789063 0.136322021484375 0.234390258789063
-0.0405120849609375 -0.2540283203125 -0.11859130859375 -0.355072021484375
-0.153793334960938 -0.15362548828125 -0.33331298828125 -0.4573974609375
-0.16693115234375 0.0236053466796875 -0.506622314453125 -0.171783447265625
-0.0767364501953125 0.115570068359375 -0.41790771484375 0.074676513671875
0.0122528076171875 0.110992431640625 -0.22027587890625 0.164825439453125
0.0956497192382813 0.0682296752929688 -0.0668792724609375 0.151962280273438
0.1138916015625 0.0359268188476563 -0.0379867553710937 0.0774993896484375
0.107131958007813 0.0410842895507813 -0.087066650390625 -0.0265274047851563
0.119216918945313 0.0504150390625 -0.119033813476562 -0.162017822265625
0.105903625488281 0.089080810546875 -0.0341796875 -0.281524658203125
0.0332794189453125 0.143600463867188 0.113433837890625 -0.363983154296875
-0.07025146484375 0.14385986328125 0.35009765625 -0.263275146484375
-0.196380615234375 -0.010009765625 0.537750244140625 0.06640625
-0.157958984375 -0.187118530273437 0.35101318359375 0.266876220703125
-0.0179443359375 -0.268707275390625 0.143798828125 0.147018432617187
-0.05194091796875 -0.175369262695313 -0.158416748046875 -0.401611328125
-0.117919921875 -0.0911026000976563 -0.3883056640625 -0.430023193359375
-0.102188110351563 0.040496826171875 -0.513580322265625 -0.1121826171875
-0.0290069580078125 0.078399658203125 -0.404205322265625 0.102264404296875
0.0226173400878906 0.0570449829101563 -0.2177734375 0.174606323242187
0.0667991638183594 0.0221824645996094 -0.0879058837890625 0.162246704101563
0.0720291137695313 0.0110626220703125 -0.070648193359375 0.090789794921875
0.0718460083007813 0.0174713134765625 -0.123260498046875 -0.016357421875
0.0800704956054688 0.026214599609375 -0.147918701171875 -0.168167114257812
0.0704421997070313 0.0551986694335938 -0.04168701171875 -0.303955078125
0.01544189453125 0.098968505859375 0.14044189453125 -0.375152587890625
-0.06396484375 0.0917739868164063 0.387603759765625 -0.240203857421875
-0.139457702636719 -0.0425262451171875 0.53515625 0.10894775390625
-0.0870819091796875 -0.168304443359375 0.33404541015625 0.258941650390625
0.0186004638671875 -0.210189819335938 0.175445556640625 0.0756988525390625
-0.0304641723632813 -0.0825958251953125 -0.197235107421875 -0.420562744140625
-0.0478096008300781 -0.050750732421875 -0.435150146484375 -0.38763427734375
-0.035919189453125 0.0222702026367187 -0.51544189453125 -0.048919677734375
-0.00234603881835938 0.0209693908691406 -0.38604736328125 0.1416015625
0.0096597671508789 0.00196170806884766 -0.202011108398437 0.199111938476563
0.0203895568847656 -0.0161151885986328 -0.0889129638671875 0.181381225585937
0.0209369659423828 -0.00876808166503906 -0.0835342407226562 0.108291625976563
0.0265350341796875 -0.00759506225585938 -0.139579772949219 -0.00453186035156251
0.0302238464355469 -0.0070037841796875 -0.158340454101562 -0.168807983398438
0.0388565063476562 0.00281524658203125 -0.033782958984375 -0.31640625
0.02099609375 0.0378036499023438 0.175506591796875 -0.370025634765625
-0.0222854614257813 0.0464439392089844 0.423675537109375 -0.205291748046875
-0.0679779052734375 -0.0271530151367187 0.53570556640625 0.163604736328125
-0.0356597900390625 -0.093353271484375 0.332611083984375 0.270660400390625
0.0233535766601563 -0.11212158203125 0.210769653320313 0.0356292724609375
0.0364418029785156 -0.0366706848144531 -0.196929931640625 -0.0383453369140625
0.0230216979980469 -0.0563278198242188 -0.317169189453125 -0.3179931640625
-0.0287742614746094 -0.0251617431640625 -0.537353515625 -0.165374755859375
-0.0442276000976562 0.0134010314941406 -0.51019287109375 0.163848876953125
-0.0344448089599609 0.0348567962646484 -0.203521728515625 0.34979248046875
0.0052032470703125 0.04498291015625 0.097076416015625 0.3160400390625
0.0492172241210938 0.05035400390625 0.201339721679688 0.140533447265625
0.0504150390625 0.0420684814453125 0.15130615234375 -0.015899658203125
0.0471763610839844 0.0348777770996094 0.09222412109375 -0.130050659179688
0.0491523742675781 0.0341567993164063 0.117218017578125 -0.19439697265625
0.0371246337890625 0.045684814453125 0.176727294921875 -0.253707885742188
0.0155563354492188 0.0551986694335938 0.3404541015625 -0.203125
-0.0365753173828125 0.0441513061523438 0.556427001953125 0.057891845703125
-0.0382766723632813 0.0108375549316406 0.51702880859375 0.33453369140625
-0.00992107391357422 -0.0115289688110352 0.213623046875 0.439117431640625
0.0643768310546875 -0.15777587890625 -0.180908203125 -0.06781005859375
0.00445556640625001 -0.163909912109375 -0.298370361328125 -0.357513427734375
-0.0965957641601563 -0.0857696533203125 -0.529693603515625 -0.204986572265625
-0.116493225097656 0.029022216796875 -0.51190185546875 0.127044677734375
-0.0639114379882812 0.0911941528320313 -0.216705322265625 0.311004638671875
0.0314788818359375 0.10174560546875 0.075103759765625 0.284149169921875
0.0973434448242188 0.0756301879882813 0.173294067382813 0.122817993164063
0.09442138671875 0.0595169067382813 0.121917724609375 -0.0266342163085938
0.09625244140625 0.0512924194335938 0.062408447265625 -0.142044067382812
0.0980072021484375 0.0589523315429687 0.0897674560546875 -0.21209716796875
0.066558837890625 0.089996337890625 0.14727783203125 -0.279159545898438
0.01763916015625 0.111618041992188 0.3203125 -0.238525390625
-0.0908660888671875 0.0816574096679688 0.560638427734375 0.01190185546875
-0.1226806640625 -0.013641357421875 0.520599365234375 0.30517578125
-0.064239501953125 -0.0989456176757813 0.2144775390625 0.422943115234375
0.067291259765625 -0.256210327148438 -0.146499633789063 -0.126296997070313
-0.0365447998046875 -0.24053955078125 -0.276947021484375 -0.402801513671875
-0.164230346679688 -0.110641479492187 -0.517425537109375 -0.22491455078125
-0.16668701171875 0.057586669921875 -0.493377685546875 0.100341796875
-0.07403564453125 0.137779235839844 -0.2161865234375 0.263626098632813
0.0605010986328125 0.138229370117187 0.047637939453125 0.238494873046875
0.13336181640625 0.0868606567382813 0.127792358398438 0.100349426269531
0.126960754394531 0.0692062377929687 0.0760116577148438 -0.0337142944335937
0.134170532226563 0.062530517578125 0.01898193359375 -0.148117065429688
0.135627746582031 0.0795516967773437 0.0558013916015625 -0.227386474609375
0.086395263671875 0.128898620605469 0.12078857421875 -0.30255126953125
0.0119171142578125 0.159500122070313 0.3094482421875 -0.264404296875
-0.145431518554688 0.103912353515625 0.56219482421875 -0.00817871093749999
-0.194000244140625 -0.046112060546875 0.498779296875 0.291107177734375
-0.101715087890625 -0.180831909179688 0.196533203125 0.385986328125
0.037078857421875 -0.311859130859375 -0.116134643554688 -0.206253051757813
-0.101730346679687 -0.260635375976563 -0.276947021484375 -0.44189453125
-0.213623046875 -0.082763671875 -0.510406494140625 -0.224822998046875
-0.17437744140625 0.098388671875 -0.46551513671875 0.08447265625
-0.0548858642578125 0.164413452148437 -0.213592529296875 0.216354370117188
0.08856201171875 0.142913818359375 0.0116424560546875 0.192596435546875
0.151702880859375 0.0807037353515625 0.0719680786132813 0.0814132690429688
0.14300537109375 0.0688629150390625 0.0192718505859375 -0.0355491638183594
0.155029296875 0.06719970703125 -0.032684326171875 -0.151321411132813
0.151275634765625 0.0962371826171875 0.017486572265625 -0.242889404296875
0.086273193359375 0.158172607421875 0.101165771484375 -0.32684326171875
-0.0107574462890625 0.188583374023438 0.310760498046875 -0.28009033203125
-0.194427490234375 0.0955047607421875 0.560516357421875 -0.00494384765624999
-0.233779907226562 -0.09674072265625 0.457489013671875 0.28643798828125
-0.10675048828125 -0.249038696289063 0.168914794921875 0.323455810546875
-0.011077880859375 -0.311431884765625 -0.112060546875 -0.293212890625
-0.153610229492187 -0.223526000976563 -0.305450439453125 -0.464019775390625
-0.217697143554688 -0.0244140625 -0.512969970703125 -0.203094482421875
-0.138572692871094 0.127044677734375 -0.44024658203125 0.076446533203125
-0.0184326171875 0.157684326171875 -0.215744018554687 0.182846069335937
0.1051025390625 0.117698669433594 -0.0303497314453125 0.161270141601563
0.147964477539062 0.0615997314453125 0.0125732421875 0.0725250244140625
0.139640808105469 0.0579681396484375 -0.0401344299316406 -0.0323295593261719
0.152877807617187 0.0651092529296875 -0.0858154296875 -0.155517578125
0.142349243164063 0.103424072265625 -0.020233154296875 -0.263671875
0.065765380859375 0.168991088867188 0.093597412109375 -0.352325439453125
-0.0454254150390625 0.187759399414062 0.3243408203125 -0.285888671875
-0.22125244140625 0.051727294921875 0.554046630859375 0.018402099609375
-0.225601196289063 -0.154342651367188 0.4044189453125 0.278564453125
-0.07611083984375 -0.287628173828125 0.152496337890625 0.238204956054687
-0.0494537353515625 -0.261642456054688 -0.1370849609375 -0.365692138671875
-0.16400146484375 -0.15673828125 -0.354827880859375 -0.460174560546875
-0.175872802734375 0.026123046875 -0.519866943359375 -0.15985107421875
-0.08197021484375 0.120864868164063 -0.421783447265625 0.08551025390625
0.0128402709960937 0.119140625 -0.220565795898438 0.169204711914062
0.0991668701171875 0.0730972290039063 -0.0679931640625 0.151092529296875
0.122093200683594 0.0352020263671875 -0.0382614135742188 0.077301025390625
0.11639404296875 0.0398406982421875 -0.091552734375 -0.0243453979492187
0.129173278808594 0.0525970458984375 -0.1309814453125 -0.161346435546875
0.112861633300781 0.0932540893554688 -0.04571533203125 -0.2882080078125
0.03472900390625 0.150711059570313 0.1025390625 -0.37530517578125
-0.071990966796875 0.1502685546875 0.350830078125 -0.27642822265625
-0.205657958984375 -0.00776672363281248 0.547088623046875 0.05352783203125
-0.169265747070313 -0.190261840820312 0.363739013671875 0.264801025390625
-0.0261993408203125 -0.278640747070313 0.156326293945312 0.14581298828125
-0.0575408935546875 -0.179107666015625 -0.178924560546875 -0.41302490234375
-0.124565124511719 -0.0933837890625 -0.412994384765625 -0.42889404296875
-0.106857299804687 0.041748046875 -0.5223388671875 -0.0982971191406251
-0.0323410034179688 0.08050537109375 -0.406280517578125 0.113677978515625
0.0221748352050781 0.0622406005859375 -0.217559814453125 0.179229736328125
0.0677032470703125 0.0253105163574219 -0.0895843505859375 0.1617431640625
0.0772476196289062 0.01068115234375 -0.0728302001953125 0.091705322265625
0.0777740478515625 0.0156784057617188 -0.129302978515625 -0.0133895874023438
0.0861740112304688 0.0274505615234375 -0.16143798828125 -0.167694091796875
0.0739593505859375 0.0587005615234375 -0.05450439453125 -0.312469482421875
0.01617431640625 0.10223388671875 0.13250732421875 -0.3875732421875
-0.06488037109375 0.0949249267578125 0.3890380859375 -0.255035400390625
-0.145355224609375 -0.042266845703125 0.54656982421875 0.100341796875
-0.09466552734375 -0.171188354492188 0.345977783203125 0.256317138671875
0.014251708984375 -0.2171630859375 0.186279296875 0.0694427490234375
-0.031402587890625 -0.08355712890625 -0.2210693359375 -0.4326171875
-0.0509223937988281 -0.053314208984375 -0.45916748046875 -0.383758544921875
-0.0373268127441406 0.0208358764648437 -0.523773193359375 -0.0337219238281249
-0.00576972961425781 0.0200481414794922 -0.38641357421875 0.152313232421875
0.00734758377075195 0.00325727462768555 -0.201004028320312 0.202163696289063
0.0180644989013672 -0.0145969390869141 -0.0897979736328125 0.180816650390625
0.0214996337890625 -0.00948143005371094 -0.0865325927734375 0.109153747558594
0.029205322265625 -0.00947189331054688 -0.147079467773438 -0.00038146972656247
0.0325736999511719 -0.00681495666503906 -0.172821044921875 -0.168350219726563
0.0385780334472656 0.00328445434570312 -0.04693603515625 -0.32568359375
0.0206146240234375 0.0372848510742187 0.168914794921875 -0.382171630859375
-0.0209197998046875 0.04638671875 0.42724609375 -0.217681884765625
-0.0683097839355469 -0.0270423889160156 0.54534912109375 0.155487060546875
-0.0374526977539063 -0.09368896484375 0.341827392578125 0.26593017578125
0.0221786499023437 -0.115478515625 0.221481323242187 0.0266265869140625
0.0343971252441406 -0.0404586791992188 -0.206390380859375 -0.0217437744140625
0.0182991027832031 -0.0616111755371094 -0.334136962890625 -0.303466796875
-0.0324287414550781 -0.0262489318847656 -0.5499267578125 -0.14501953125
-0.0471229553222656 0.0163078308105469 -0.514984130859375 0.19012451171875
-0.0354118347167969 0.040283203125 -0.1922607421875 0.36822509765625
0.0062408447265625 0.0482139587402344 0.11737060546875 0.31683349609375
0.0556106567382813 0.0478057861328125 0.219924926757813 0.132476806640625
0.0568351745605469 0.0374221801757813 0.160797119140625 -0.025299072265625
0.0531883239746094 0.0324249267578125 0.0922012329101563 -0.135673522949219
0.0539054870605469 0.0318984985351563 0.113082885742188 -0.201202392578125
0.0410690307617188 0.0447044372558594 0.165512084960937 -0.262039184570313
0.0204010009765625 0.056732177734375 0.33001708984375 -0.2227783203125
-0.0352592468261719 0.0509834289550781 0.56903076171875 0.024658203125
-0.0415611267089844 0.0152664184570312 0.55303955078125 0.312347412109375
-0.0142974853515625 -0.0125446319580078 0.2535400390625 0.4442138671875
0.0557403564453125 -0.167938232421875 -0.192230224609375 -0.0539703369140625
-0.00669860839843751 -0.171295166015625 -0.31768798828125 -0.34600830078125
-0.106887817382813 -0.0864410400390625 -0.54583740234375 -0.1854248046875
-0.12274169921875 0.03521728515625 -0.518157958984375 0.15289306640625
-0.0638656616210937 0.100860595703125 -0.20843505859375 0.328704833984375
0.0367507934570313 0.107002258300781 0.091278076171875 0.28472900390625
0.107704162597656 0.0723190307617187 0.1888427734375 0.11572265625
0.105644226074219 0.0542449951171875 0.129158020019531 -0.0348968505859375
0.107856750488281 0.0479202270507812 0.0593109130859375 -0.145721435546875
0.10760498046875 0.0566329956054687 0.0839996337890625 -0.218170166015625
0.0746994018554688 0.0909881591796875 0.133941650390625 -0.28753662109375
0.0242691040039063 0.115859985351562 0.308837890625 -0.258544921875
-0.0917510986328125 0.0913543701171875 0.572265625 -0.02215576171875
-0.131881713867188 -0.00595855712890626 0.5550537109375 0.2813720703125
-0.07537841796875 -0.100257873535156 0.25445556640625 0.4295654296875
0.0533905029296875 -0.269866943359375 -0.16015625 -0.118865966796875
-0.053253173828125 -0.247879028320313 -0.30084228515625 -0.39410400390625
-0.17889404296875 -0.109161376953125 -0.53485107421875 -0.206512451171875
-0.174209594726563 0.0678253173828125 -0.50042724609375 0.125885009765625
-0.072296142578125 0.151260375976563 -0.209197998046875 0.279830932617187
0.06829833984375 0.14459228515625 0.0588836669921875 0.238616943359375
0.146987915039062 0.0832366943359375 0.139320373535156 0.094207763671875
0.140625 0.06329345703125 0.080322265625 -0.0383224487304687
0.149169921875 0.0584716796875 0.0128326416015625 -0.149826049804688
0.14825439453125 0.0775909423828125 0.0465850830078125 -0.232254028320313
0.0966262817382812 0.132133483886719 0.105072021484375 -0.31103515625
0.01947021484375 0.167617797851563 0.298370361328125 -0.284515380859375
-0.148483276367188 0.117034912109375 0.57183837890625 -0.04046630859375
-0.207550048828125 -0.037384033203125 0.529205322265625 0.270904541015625
-0.11859130859375 -0.183914184570312 0.23199462890625 0.390625
0.019378662109375 -0.325897216796875 -0.134414672851563 -0.205535888671875
-0.120376586914063 -0.265960693359375 -0.30377197265625 -0.43548583984375
-0.22943115234375 -0.0779571533203124 -0.528472900390625 -0.20574951171875
-0.181747436523438 0.111053466796875 -0.470977783203125 0.107879638671875
-0.0509033203125 0.178192138671875 -0.20849609375 0.230789184570313
0.0982666015625 0.149948120117188 0.01861572265625 0.19281005859375
0.16546630859375 0.07720947265625 0.0787734985351563 0.076934814453125
0.157989501953125 0.0623321533203125 0.0192031860351563 -0.0367851257324219
0.171173095703125 0.0634765625 -0.042236328125 -0.150054931640625
0.166244506835938 0.095733642578125 0.00401306152343753 -0.246994018554687
0.0973968505859375 0.164108276367188 0.081390380859375 -0.3370361328125
-0.00381469726562499 0.199661254882813 0.299713134765625 -0.302337646484375
-0.20086669921875 0.10968017578125 0.569580078125 -0.03662109375
-0.25152587890625 -0.0884857177734375 0.485626220703125 0.26837158203125
-0.126724243164063 -0.255157470703125 0.20001220703125 0.326385498046875
-0.03082275390625 -0.32318115234375 -0.136566162109375 -0.296661376953125
-0.17230224609375 -0.224868774414063 -0.33660888671875 -0.458587646484375
-0.230697631835938 -0.0167236328125 -0.529266357421875 -0.1800537109375
-0.143341064453125 0.138687133789062 -0.44561767578125 0.0990905761718751
-0.013275146484375 0.16937255859375 -0.212432861328125 0.194580078125
0.11474609375 0.122627258300781 -0.026702880859375 0.1617431640625
0.160598754882813 0.0576934814453125 0.0159759521484375 0.0708847045898438
0.153076171875 0.0521087646484375 -0.0428733825683594 -0.0308494567871094
0.16925048828125 0.0613861083984375 -0.09912109375 -0.1513671875
0.156326293945313 0.104232788085938 -0.03729248046875 -0.267105102539063
0.0750274658203125 0.176712036132813 0.072845458984375 -0.3643798828125
-0.040679931640625 0.198715209960937 0.314117431640625 -0.308013916015625
-0.23101806640625 0.06463623046875 0.56494140625 -0.0113525390625
-0.24554443359375 -0.1488037109375 0.429901123046875 0.264617919921875
-0.096038818359375 -0.295745849609375 0.175933837890625 0.237045288085937
-0.0657958984375 -0.268829345703125 -0.167724609375 -0.373779296875
-0.179000854492188 -0.15509033203125 -0.390106201171875 -0.45166015625
-0.183380126953125 0.0330657958984375 -0.533935546875 -0.13653564453125
-0.084381103515625 0.129722595214844 -0.424407958984375 0.107269287109375
0.016845703125 0.127517700195313 -0.217849731445312 0.1805419921875
0.105560302734375 0.0766677856445312 -0.066497802734375 0.152664184570313
0.131561279296875 0.0314712524414063 -0.0376968383789063 0.0778121948242188
0.127655029296875 0.0342330932617187 -0.0975494384765625 -0.02008056640625
0.142333984375 0.0494537353515625 -0.148452758789062 -0.15606689453125
0.123252868652344 0.0947494506835937 -0.065948486328125 -0.293182373046875
0.0420989990234375 0.158096313476563 0.083160400390625 -0.39080810546875
-0.0688934326171875 0.160614013671875 0.342620849609375 -0.301177978515625
-0.215576171875 0.000961303710937486 0.56158447265625 0.0272216796875
-0.1871337890625 -0.1885986328125 0.383758544921875 0.251800537109375
-0.04193115234375 -0.28863525390625 0.173858642578125 0.140029907226562
-0.0680694580078125 -0.18194580078125 -0.21539306640625 -0.420562744140625
-0.134864807128906 -0.0920867919921875 -0.448944091796875 -0.415618896484375
-0.11041259765625 0.0458297729492187 -0.534454345703125 -0.071929931640625
-0.0347137451171875 0.085357666015625 -0.405731201171875 0.1346435546875
0.0240325927734375 0.0671234130859375 -0.214065551757813 0.188507080078125
0.0701751708984375 0.0278663635253906 -0.088226318359375 0.163497924804688
0.0825424194335938 0.0081329345703125 -0.0741424560546875 0.09515380859375
0.0841293334960938 0.0114364624023437 -0.137405395507813 -0.00621795654296875
0.0947036743164063 0.0262832641601563 -0.180709838867188 -0.160873413085938
0.0798187255859375 0.0602569580078125 -0.076873779296875 -0.318817138671875
0.0193328857421875 0.10693359375 0.11260986328125 -0.405426025390625
-0.0635604858398438 0.100234985351563 0.38531494140625 -0.279510498046875
-0.152694702148438 -0.0384368896484375 0.560882568359375 0.077178955078125
-0.106246948242188 -0.172164916992188 0.362030029296875 0.243316650390625
0.00390625000000002 -0.225875854492188 0.198562622070313 0.0572967529296875
-0.0350799560546875 -0.0830078125 -0.257659912109375 -0.439605712890625
-0.0556182861328125 -0.0549812316894531 -0.494476318359375 -0.366790771484375
-0.0378646850585937 0.0203132629394531 -0.53070068359375 -0.00338745117187504
-0.00796699523925781 0.0206985473632813 -0.38275146484375 0.173095703125
0.00534248352050781 0.00524520874023438 -0.19537353515625 0.210617065429687
0.0158557891845703 -0.0118722915649414 -0.087615966796875 0.182937622070313
0.0216121673583984 -0.0100383758544922 -0.0878067016601563 0.113937377929688
0.0308437347412109 -0.0127887725830078 -0.1552734375 0.00778198242187499
0.0346946716308594 -0.00764846801757813 -0.193206787109375 -0.1619873046875
0.0388679504394531 0.00276565551757813 -0.06982421875 -0.33489990234375
0.0211944580078125 0.0369758605957031 0.151153564453125 -0.40228271484375
-0.0183525085449219 0.0475044250488281 0.425384521484375 -0.24212646484375
-0.070343017578125 -0.02447509765625 0.5604248046875 0.13336181640625
-0.0426483154296875 -0.0934982299804688 0.35919189453125 0.253143310546875
0.0182342529296875 -0.118911743164063 0.233718872070313 0.00988769531249999
0.0305862426757812 -0.0438232421875 -0.209869384765625 0.000167846679687513
0.0110549926757813 -0.0653572082519531 -0.34832763671875 -0.276275634765625
-0.0363807678222656 -0.0267219543457031 -0.553802490234375 -0.11322021484375
-0.0490303039550781 0.0194625854492188 -0.504150390625 0.222320556640625
-0.0343475341796875 0.0455436706542969 -0.16864013671875 0.3819580078125
0.00852203369140625 0.0510063171386719 0.14080810546875 0.30804443359375
0.0616683959960937 0.0430068969726562 0.235107421875 0.115753173828125
0.0625228881835938 0.0311317443847656 0.165298461914063 -0.0373992919921875
0.0591850280761719 0.0272674560546875 0.0890960693359375 -0.140457153320313
0.0583572387695313 0.0279693603515625 0.102890014648438 -0.205276489257813
0.0453033447265625 0.0416603088378906 0.145980834960938 -0.265411376953125
0.0259361267089844 0.0569915771484375 0.308502197265625 -0.240570068359375
-0.0314559936523438 0.0569686889648437 0.56671142578125 -0.0189208984375
-0.0431060791015625 0.0204658508300781 0.58135986328125 0.26788330078125
-0.0188198089599609 -0.0122127532958984 0.3009033203125 0.433441162109375
0.0421142578125 -0.174758911132812 -0.1982421875 -0.0339202880859375
-0.02178955078125 -0.174102783203125 -0.334228515625 -0.319732666015625
-0.116447448730469 -0.0831832885742188 -0.55010986328125 -0.153228759765625
-0.125953674316406 0.0437393188476563 -0.5091552734375 0.18487548828125
-0.0596160888671875 0.111328125 -0.187896728515625 0.342315673828125
0.0444869995117187 0.110397338867188 0.110885620117188 0.276718139648437
0.117706298828125 0.0652847290039063 0.201522827148438 0.101394653320313
0.11468505859375 0.0450363159179688 0.132583618164063 -0.0441055297851563
0.117866516113281 0.0401077270507813 0.0539398193359375 -0.147735595703125
0.116569519042969 0.0504074096679687 0.0716400146484375 -0.22015380859375
0.0826644897460938 0.0887298583984375 0.112518310546875 -0.289520263671875
0.032958984375 0.118255615234375 0.286346435546875 -0.274505615234375
-0.0876617431640625 0.10205078125 0.56573486328125 -0.0660400390625
-0.137451171875 0.00524139404296878 0.5787353515625 0.23828125
-0.087615966796875 -0.0977630615234375 0.29962158203125 0.418365478515625
0.0317840576171875 -0.278594970703125 -0.171279907226563 -0.10406494140625
-0.073638916015625 -0.247512817382813 -0.3226318359375 -0.370880126953125
-0.192398071289063 -0.100631713867187 -0.542144775390625 -0.174041748046875
-0.177261352539063 0.0804901123046875 -0.490570068359375 0.15631103515625
-0.064422607421875 0.163360595703125 -0.1922607421875 0.293060302734375
0.079345703125 0.147613525390625 0.07421875 0.23284912109375
0.158660888671875 0.0742645263671875 0.1495361328125 0.0829620361328125
0.152572631835938 0.0518035888671875 0.081146240234375 -0.0447769165039063
0.16265869140625 0.0482635498046875 0.0048675537109375 -0.147613525390625
0.159942626953125 0.0705413818359375 0.0314178466796875 -0.232131958007813
0.108207702636719 0.131515502929688 0.08111572265625 -0.31298828125
0.030303955078125 0.171585083007813 0.2725830078125 -0.3013916015625
-0.145736694335937 0.130966186523438 0.56500244140625 -0.083984375
-0.218048095703125 -0.0220184326171875 0.55389404296875 0.230224609375
-0.137725830078125 -0.179733276367188 0.27362060546875 0.37969970703125
-0.00662231445312504 -0.332183837890625 -0.153579711914062 -0.195999145507813
-0.14337158203125 -0.260910034179688 -0.33135986328125 -0.416046142578125
-0.24090576171875 -0.0661163330078125 -0.53680419921875 -0.172821044921875
-0.182052612304688 0.126007080078125 -0.4625244140625 0.135894775390625
-0.0412445068359375 0.189987182617188 -0.193801879882813 0.24310302734375
0.110427856445313 0.151840209960938 0.0292205810546875 0.189254760742188
0.178009033203125 0.0673370361328125 0.0852203369140625 0.0689010620117188
0.169921875 0.0504608154296875 0.0183029174804688 -0.0389633178710938
0.186599731445313 0.0523834228515625 -0.0536346435546875 -0.1435546875
0.179489135742188 0.0882415771484375 -0.0145111083984375 -0.245147705078125
0.110687255859375 0.1651611328125 0.055938720703125 -0.337921142578125
0.00732421875 0.206344604492188 0.272857666015625 -0.320098876953125
-0.201553344726563 0.126571655273437 0.5648193359375 -0.0775146484375
-0.26654052734375 -0.071319580078125 0.507080078125 0.233856201171875
-0.150802612304688 -0.251052856445313 0.233673095703125 0.31451416015625
-0.05572509765625 -0.325958251953125 -0.16485595703125 -0.290863037109375
-0.192611694335938 -0.2161865234375 -0.36834716796875 -0.4354248046875
-0.238723754882813 -0.00422668457031254 -0.53668212890625 -0.14739990234375
-0.14178466796875 0.15167236328125 -0.436920166015625 0.126800537109375
-0.00355529785156248 0.178878784179688 -0.199676513671875 0.206207275390625
0.125442504882813 0.1234130859375 -0.0199432373046875 0.160140991210938
0.17132568359375 0.04803466796875 0.0194320678710938 0.0670623779296875
0.164199829101563 0.0413055419921875 -0.0466041564941406 -0.0275077819824219
0.18365478515625 0.051239013671875 -0.113174438476562 -0.140701293945313
0.169845581054687 0.0992584228515625 -0.0590057373046875 -0.263107299804688
0.087738037109375 0.18017578125 0.0438232421875 -0.3673095703125
-0.03076171875 0.207443237304688 0.288482666015625 -0.328460693359375
-0.234344482421875 0.0810546874999999 0.562103271484375 -0.050048828125
-0.263275146484375 -0.134292602539063 0.448150634765625 0.234588623046875
-0.120880126953125 -0.294647216796875 0.200088500976562 0.225143432617187
-0.0866851806640625 -0.26715087890625 -0.204132080078125 -0.36602783203125
-0.193695068359375 -0.145843505859375 -0.424591064453125 -0.42437744140625
-0.186859130859375 0.043121337890625 -0.537322998046875 -0.0991821289062501
-0.082244873046875 0.138458251953125 -0.41522216796875 0.132904052734375
0.0245819091796875 0.133544921875 -0.207122802734375 0.191574096679688
0.113044738769531 0.0770339965820313 -0.0609130859375 0.15399169921875
0.139480590820313 0.024383544921875 -0.0358810424804688 0.0781326293945313
0.13604736328125 0.025054931640625 -0.102325439453125 -0.012451171875
0.154098510742188 0.0420074462890625 -0.164520263671875 -0.142135620117188
0.134391784667969 0.0923843383789063 -0.091094970703125 -0.288299560546875
0.05157470703125 0.16143798828125 0.05157470703125 -0.39617919921875
-0.062408447265625 0.168182373046875 0.320404052734375 -0.323028564453125
-0.221328735351563 0.014556884765625 0.559478759765625 -0.008209228515625
-0.205337524414063 -0.178131103515625 0.3975830078125 0.225555419921875
-0.064544677734375 -0.290496826171875 0.189346313476563 0.125381469726562
-0.0809173583984375 -0.178207397460938 -0.25604248046875 -0.41217041015625
-0.144210815429688 -0.085693359375 -0.4810791015625 -0.38299560546875
-0.110847473144531 0.0506362915039063 -0.533477783203125 -0.0319824218749999
-0.0339508056640625 0.0891799926757812 -0.39349365234375 0.158416748046875
0.0267333984375 0.070465087890625 -0.20196533203125 0.198715209960938
0.0727157592773438 0.0294418334960938 -0.0825347900390625 0.16534423828125
0.0859451293945313 0.0035858154296875 -0.0723876953125 0.09808349609375
0.0888137817382813 0.00513458251953125 -0.142196655273437 0.00465393066406252
0.1019287109375 0.0213088989257813 -0.199325561523438 -0.145355224609375
0.0866241455078125 0.0587310791015625 -0.105377197265625 -0.315185546875
0.0240249633789063 0.109130859375 0.08209228515625 -0.414581298828125
-0.0596771240234375 0.105125427246094 0.364715576171875 -0.303192138671875
-0.157958984375 -0.0291290283203125 0.561370849609375 0.041961669921875
-0.119735717773437 -0.1671142578125 0.37506103515625 0.218109130859375
-0.0119781494140625 -0.2288818359375 0.207321166992188 0.038726806640625
-0.0388946533203125 -0.0802001953125 -0.301483154296875 -0.4268798828125
-0.0607566833496094 -0.0535011291503906 -0.525238037109375 -0.33111572265625
-0.0380783081054688 0.0201492309570313 -0.522735595703125 0.0341796874999999
-0.0106964111328125 0.0216445922851563 -0.3680419921875 0.19622802734375
0.00348091125488281 0.00805044174194336 -0.181671142578125 0.218048095703125
0.0135898590087891 -0.00850105285644531 -0.08111572265625 0.18377685546875
0.0218334197998047 -0.0105056762695313 -0.0857467651367188 0.118629455566406
0.0307350158691406 -0.0158653259277344 -0.160568237304688 0.0204010009765625
0.0365447998046875 -0.008880615234375 -0.211959838867188 -0.146484375
0.0384521484375 0.00206756591796875 -0.10064697265625 -0.33270263671875
0.0213127136230469 0.0364036560058594 0.120941162109375 -0.413421630859375
-0.0151405334472656 0.047271728515625 0.40850830078125 -0.267852783203125
-0.07110595703125 -0.0200119018554688 0.5648193359375 0.09906005859375
-0.0481185913085938 -0.0901107788085937 0.3697509765625 0.226776123046875
0.0121612548828125 -0.120330810546875 0.238296508789063 -0.0133209228515625
0.026458740234375 -0.0446014404296875 -0.205551147460937 0.021148681640625
0.00345993041992188 -0.0658950805664063 -0.346588134765625 -0.244476318359375
-0.0397682189941406 -0.0270957946777344 -0.5374755859375 -0.084075927734375
-0.0491600036621094 0.0220146179199219 -0.480499267578125 0.2430419921875
-0.0316810607910156 0.050262451171875 -0.143096923828125 0.381439208984375
0.0107994079589844 0.0527381896972656 0.156707763671875 0.2918701171875
0.0648231506347656 0.0368728637695313 0.242385864257813 0.097381591796875
0.0649452209472656 0.0239105224609375 0.165298461914063 -0.04827880859375
0.0624656677246094 0.0213813781738281 0.084381103515625 -0.140838623046875
0.0606842041015625 0.0225410461425781 0.0919952392578125 -0.202560424804688
0.0478744506835938 0.0383377075195313 0.126754760742188 -0.259002685546875
0.0300865173339844 0.0547142028808594 0.280410766601563 -0.245559692382813
-0.0262298583984375 0.0613288879394531 0.54437255859375 -0.0556640625
-0.0438079833984375 0.02545166015625 0.58746337890625 0.220458984375
-0.0237941741943359 -0.0113182067871094 0.3338623046875 0.408905029296875
0.0287017822265625 -0.1751708984375 -0.19720458984375 -0.0142669677734375
-0.034515380859375 -0.170318603515625 -0.337371826171875 -0.2891845703125
-0.123878479003906 -0.0781326293945313 -0.53680419921875 -0.123443603515625
-0.125755310058594 0.0507431030273437 -0.485260009765625 0.20672607421875
-0.053863525390625 0.116683959960937 -0.16448974609375 0.344085693359375
0.0508193969726562 0.1109619140625 0.124404907226562 0.2625732421875
0.122749328613281 0.0559921264648438 0.208099365234375 0.084716796875
0.118507385253906 0.0348358154296875 0.131889343261719 -0.0527877807617188
0.123870849609375 0.0308990478515625 0.049072265625 -0.145584106445313
0.121047973632813 0.0433807373046875 0.0595550537109375 -0.215408325195313
0.0885086059570313 0.0852508544921875 0.0926361083984375 -0.280517578125
0.0401229858398438 0.117416381835938 0.255294799804688 -0.278182983398438
-0.082061767578125 0.108924865722656 0.541534423828125 -0.100555419921875
-0.139434814453125 0.0154190063476562 0.58282470703125 0.1942138671875
-0.0970993041992188 -0.0915145874023437 0.33160400390625 0.392852783203125
0.0108184814453125 -0.276885986328125 -0.177017211914063 -0.086822509765625
-0.090728759765625 -0.239959716796875 -0.330810546875 -0.33990478515625
-0.199371337890625 -0.092071533203125 -0.532012939453125 -0.143035888671875
-0.175552368164063 0.0908203125 -0.468505859375 0.177215576171875
-0.0559234619140625 0.169570922851563 -0.17138671875 0.295562744140625
0.088592529296875 0.147857666015625 0.0843963623046875 0.221481323242188
0.164932250976563 0.063751220703125 0.1531982421875 0.0693511962890625
0.158294677734375 0.03961181640625 0.0801010131835938 -0.0494232177734375
0.170547485351563 0.036651611328125 -0.00126647949218748 -0.141311645507813
0.166854858398437 0.0615692138671875 0.01873779296875 -0.224288940429688
0.11688232421875 0.127479553222656 0.058929443359375 -0.302154541015625
0.0391845703125 0.172103881835937 0.242431640625 -0.30303955078125
-0.139602661132812 0.141036987304687 0.540618896484375 -0.11920166015625
-0.221664428710938 -0.00688171386718752 0.556182861328125 0.18890380859375
-0.15203857421875 -0.170639038085937 0.30224609375 0.356292724609375
-0.030517578125 -0.3267822265625 -0.167037963867188 -0.180633544921875
-0.15899658203125 -0.24920654296875 -0.343902587890625 -0.384246826171875
-0.246139526367188 -0.054443359375 -0.52691650390625 -0.141021728515625
-0.178390502929688 0.135726928710937 -0.442108154296875 0.1568603515625
-0.0310516357421875 0.195480346679687 -0.175735473632813 0.24542236328125
0.1204833984375 0.150863647460938 0.036834716796875 0.181015014648438
0.184463500976562 0.056365966796875 0.0879440307617188 0.0597915649414063
0.176437377929687 0.0379791259765625 0.0165634155273438 -0.0391769409179687
0.195281982421875 0.0397491455078125 -0.0602798461914062 -0.132545471191406
0.18798828125 0.08001708984375 -0.0295562744140625 -0.235000610351563
0.119964599609375 0.16302490234375 0.0308837890625 -0.32904052734375
0.0178680419921875 0.207916259765625 0.243377685546875 -0.322845458984375
-0.195892333984375 0.138946533203125 0.541656494140625 -0.10955810546875
-0.27252197265625 -0.0538177490234375 0.508880615234375 0.195770263671875
-0.168136596679687 -0.240814208984375 0.25701904296875 0.294403076171875
-0.077423095703125 -0.3175048828125 -0.1859130859375 -0.274612426757812
-0.204330444335938 -0.202926635742188 -0.384857177734375 -0.402740478515625
-0.239944458007812 0.00674438476562499 -0.52587890625 -0.11529541015625
-0.13702392578125 0.159805297851563 -0.4158935546875 0.145782470703125
0.00555419921875001 0.182723999023438 -0.183456420898438 0.209243774414062
0.133995056152344 0.121917724609375 -0.013214111328125 0.155471801757813
0.177093505859375 0.0381927490234375 0.0215797424316406 0.0617790222167969
0.169815063476563 0.0294952392578125 -0.0482406616210937 -0.0232582092285156
0.191818237304687 0.0397491455078125 -0.120903015136719 -0.126235961914063
0.179351806640625 0.091888427734375 -0.0761871337890625 -0.250885009765625
0.0978546142578125 0.179275512695312 0.015869140625 -0.356842041015625
-0.0205230712890625 0.210037231445313 0.259674072265625 -0.33294677734375
-0.2314453125 0.0951080322265625 0.541168212890625 -0.07952880859375
-0.272384643554688 -0.116424560546875 0.4500732421875 0.20135498046875
-0.14019775390625 -0.28515625 0.216140747070313 0.205886840820312
-0.1024169921875 -0.25750732421875 -0.230712890625 -0.34765625
-0.201309204101563 -0.133193969726563 -0.440826416015625 -0.387847900390625
-0.186065673828125 0.050140380859375 -0.5234375 -0.06475830078125
-0.0793609619140625 0.142990112304688 -0.3939208984375 0.150115966796875
0.0306549072265625 0.135467529296875 -0.190719604492188 0.194137573242188
0.118629455566406 0.0766754150390625 -0.05511474609375 0.149688720703125
0.143280029296875 0.0169677734375 -0.0340042114257813 0.0764083862304688
0.139366149902344 0.0158843994140625 -0.10394287109375 -0.00453186035156248
0.161346435546875 0.032379150390625 -0.173507690429688 -0.124221801757813
0.141586303710938 0.087432861328125 -0.111007690429687 -0.274871826171875
0.05926513671875 0.161834716796875 0.02288818359375 -0.386505126953125
-0.0547943115234375 0.171356201171875 0.292083740234375 -0.329742431640625
-0.22119140625 0.0269775390625 0.540771484375 -0.03753662109375
-0.216140747070312 -0.164230346679688 0.3983154296875 0.197540283203125
-0.08367919921875 -0.284393310546875 0.196746826171875 0.10723876953125
-0.088836669921875 -0.170196533203125 -0.2861328125 -0.390167236328125
-0.148147583007813 -0.0776824951171875 -0.494903564453125 -0.344329833984375
-0.109916687011719 0.0538864135742187 -0.51544189453125 -0.000579833984375038
-0.0330810546875 0.0916061401367188 -0.369842529296875 0.173736572265625
0.0291748046875 0.0726852416992188 -0.186431884765625 0.19921875
0.07574462890625 0.0310287475585938 -0.07666015625 0.162734985351562
0.0882415771484375 -0.00064849853515625 -0.0701828002929688 0.09844970703125
0.0901260375976563 -0.00115966796875 -0.143524169921875 0.0150146484375
0.105545043945312 0.0155715942382812 -0.209030151367187 -0.126388549804688
0.0897064208984375 0.0565414428710937 -0.128631591796875 -0.30145263671875
0.0282516479492188 0.109817504882813 0.051300048828125 -0.408782958984375
-0.0544509887695313 0.106986999511719 0.33685302734375 -0.31280517578125
-0.1583251953125 -0.0205078125 0.544891357421875 0.0137939453125
-0.128692626953125 -0.15673828125 0.371307373046875 0.192291259765625
-0.0251312255859375 -0.225265502929688 0.208221435546875 0.01873779296875
-0.0399169921875 -0.0750885009765625 -0.331451416015625 -0.4033203125
-0.06390380859375 -0.050872802734375 -0.534454345703125 -0.2880859375
-0.0378379821777344 0.0184440612792969 -0.49957275390625 0.0642700195312501
-0.0130882263183594 0.0228652954101563 -0.343231201171875 0.207916259765625
0.00215530395507813 0.0112791061401367 -0.166244506835938 0.216339111328125
0.0132999420166016 -0.00354099273681641 -0.0743255615234375 0.17877197265625
0.0216922760009766 -0.0105724334716797 -0.0824127197265625 0.119621276855469
0.0300483703613281 -0.0182151794433594 -0.160736083984375 0.03173828125
0.0369071960449219 -0.01031494140625 -0.222122192382813 -0.12713623046875
0.0377616882324219 0.00144577026367188 -0.124359130859375 -0.3189697265625
0.0206413269042969 0.0352935791015625 0.0909423828125 -0.41070556640625
-0.0123672485351563 0.0455360412597656 0.38189697265625 -0.2811279296875
-0.0691184997558594 -0.0160255432128906 0.5491943359375 0.0697021484375
-0.0521469116210937 -0.0844039916992188 0.366455078125 0.19793701171875
0.00583648681640625 -0.118179321289063 0.233978271484375 -0.0353546142578125
0.0229873657226562 -0.0445823669433594 -0.198654174804688 0.0353240966796875
-0.00189208984375 -0.06463623046875 -0.331085205078125 -0.223724365234375
-0.042572021484375 -0.0280418395996094 -0.51458740234375 -0.0736389160156249
-0.0499801635742188 0.0234298706054688 -0.45916748046875 0.24530029296875
-0.0303001403808594 0.0523567199707031 -0.13006591796875 0.37347412109375
0.0132217407226562 0.0544548034667969 0.161605834960937 0.27642822265625
0.0648384094238281 0.0327835083007813 0.244247436523437 0.08447265625
0.0650291442871094 0.0181770324707031 0.165130615234375 -0.0536651611328125
0.0638160705566406 0.0159149169921875 0.083343505859375 -0.138099670410156
0.0612449645996094 0.0189170837402344 0.0864105224609375 -0.194290161132813
0.0493049621582031 0.0358047485351563 0.11590576171875 -0.245010375976563
0.0331344604492188 0.0542945861816406 0.25823974609375 -0.237594604492188
-0.0226211547851562 0.06463623046875 0.519805908203125 -0.071929931640625
-0.04473876953125 0.029693603515625 0.577880859375 0.19073486328125
-0.0279197692871094 -0.0103073120117188 0.350738525390625 0.3880615234375
0.020172119140625 -0.172866821289063 -0.1927490234375 -0.000869750976562474
-0.0423126220703125 -0.165634155273437 -0.32525634765625 -0.266754150390625
-0.126808166503906 -0.0764389038085938 -0.51507568359375 -0.111480712890625
-0.126083374023438 0.0539627075195312 -0.463714599609375 0.21038818359375
-0.0504150390625 0.120246887207031 -0.1502685546875 0.335968017578125
0.0556640625 0.112953186035156 0.128631591796875 0.250473022460938
0.125411987304688 0.0509414672851563 0.208892822265625 0.0734405517578125
0.120468139648438 0.0272979736328125 0.131721496582031 -0.0564651489257813
0.127212524414063 0.0232391357421875 0.0479049682617188 -0.140487670898438
0.123794555664062 0.0387344360351562 0.0546875 -0.205764770507813
0.0911636352539063 0.0829849243164063 0.0819549560546875 -0.265640258789062
0.04345703125 0.116737365722656 0.234344482421875 -0.268234252929688
-0.077850341796875 0.112686157226563 0.5137939453125 -0.11480712890625
-0.140396118164063 0.0223922729492187 0.571044921875 0.16510009765625
-0.103729248046875 -0.08709716796875 0.348907470703125 0.371978759765625
0.000228881835937502 -0.271377563476563 -0.176986694335938 -0.0738372802734375
-0.0987548828125 -0.231170654296875 -0.3223876953125 -0.318206787109375
-0.2022705078125 -0.086700439453125 -0.511505126953125 -0.1298828125
-0.174819946289063 0.0948333740234375 -0.448486328125 0.182769775390625
-0.051177978515625 0.17340087890625 -0.157684326171875 0.288970947265625
0.0948486328125 0.148941040039063 0.087677001953125 0.211318969726563
0.168624877929688 0.057525634765625 0.154098510742188 0.0602569580078125
0.160934448242188 0.0316314697265625 0.0791854858398438 -0.0512161254882813
0.175704956054688 0.0281219482421875 -0.00160217285156248 -0.133285522460938
0.170913696289063 0.0562896728515625 0.012847900390625 -0.2139892578125
0.120491027832031 0.126144409179688 0.047882080078125 -0.287322998046875
0.0438690185546875 0.171737670898437 0.2203369140625 -0.29302978515625
-0.135574340820313 0.146347045898437 0.513031005859375 -0.13134765625
-0.222930908203125 0.00215148925781255 0.546478271484375 0.1624755859375
-0.159133911132813 -0.163375854492188 0.3167724609375 0.336334228515625
-0.043182373046875 -0.319610595703125 -0.172760009765625 -0.167831420898438
-0.1649169921875 -0.239334106445312 -0.340362548828125 -0.360687255859375
-0.247940063476563 -0.0487060546875 -0.508514404296875 -0.1275634765625
-0.177597045898437 0.141098022460938 -0.421142578125 0.162994384765625
-0.02630615234375 0.197860717773437 -0.16339111328125 0.240386962890625
0.127212524414063 0.15130615234375 0.0391845703125 0.17193603515625
0.188308715820312 0.049835205078125 0.0871505737304688 0.0531539916992187
0.17913818359375 0.02960205078125 0.0160255432128906 -0.0378456115722656
0.20086669921875 0.031402587890625 -0.061767578125 -0.122116088867188
0.193756103515625 0.075286865234375 -0.0361175537109375 -0.222625732421875
0.125747680664063 0.162490844726563 0.0186767578125 -0.312103271484375
0.0219879150390625 0.2088623046875 0.2218017578125 -0.313232421875
-0.191940307617188 0.145233154296875 0.5159912109375 -0.121124267578125
-0.27484130859375 -0.0430145263671875 0.4998779296875 0.1728515625
-0.177871704101563 -0.231781005859375 0.268707275390625 0.276580810546875
-0.0869140625 -0.30767822265625 -0.197097778320313 -0.26043701171875
-0.207931518554688 -0.193267822265625 -0.383514404296875 -0.37799072265625
-0.240463256835938 0.0107574462890625 -0.5076904296875 -0.0993347167968751
-0.13653564453125 0.163925170898438 -0.3961181640625 0.150665283203125
0.0101776123046875 0.185226440429688 -0.172515869140625 0.204330444335938
0.140251159667969 0.123062133789063 -0.0112457275390625 0.14764404296875
0.18011474609375 0.0323028564453125 0.02069091796875 0.0566635131835938
0.17236328125 0.02227783203125 -0.0484886169433594 -0.0199928283691406
0.197341918945313 0.0319671630859375 -0.122764587402344 -0.113121032714844
0.184463500976563 0.0883941650390625 -0.084716796875 -0.237396240234375
0.1024169921875 0.179885864257813 0.00228881835937502 -0.34185791015625
-0.0166168212890625 0.211502075195313 0.23773193359375 -0.32525634765625
-0.228683471679688 0.101974487304688 0.51812744140625 -0.0919189453125
-0.275283813476563 -0.105270385742187 0.439697265625 0.18280029296875
-0.150390625 -0.276092529296875 0.222610473632813 0.191131591796875
-0.107757568359375 -0.248001098632812 -0.245330810546875 -0.332000732421875
-0.20196533203125 -0.125762939453125 -0.439971923828125 -0.3602294921875
-0.185623168945313 0.0523223876953125 -0.50250244140625 -0.051025390625
-0.079193115234375 0.146377563476563 -0.3731689453125 0.1533203125
0.0328750610351563 0.138175964355469 -0.180511474609375 0.1884765625
0.123306274414063 0.0786666870117188 -0.0535888671875 0.144012451171875
0.14569091796875 0.0128173828125 -0.0346145629882813 0.0730056762695312
0.141342163085938 0.0101470947265625 -0.10394287109375 0.000747680664062518
0.165390014648438 0.02630615234375 -0.176498413085938 -0.110595703125
0.145843505859375 0.0854339599609375 -0.12225341796875 -0.26031494140625
0.0629425048828125 0.163360595703125 0.00674438476562504 -0.371826171875
-0.051513671875 0.17218017578125 0.270477294921875 -0.32489013671875
-0.219345092773438 0.03363037109375 0.51885986328125 -0.048583984375
-0.2197265625 -0.153564453125 0.386474609375 0.179962158203125
-0.0927886962890625 -0.276565551757813 0.197662353515625 0.0928192138671875
-0.0901336669921875 -0.162200927734375 -0.30322265625 -0.37255859375
-0.148651123046875 -0.07275390625 -0.494110107421875 -0.315704345703125
-0.110107421875 0.0527191162109375 -0.49249267578125 0.0123291015625
-0.0349349975585937 0.0928878784179688 -0.348846435546875 0.1748046875
0.0294189453125 0.0757293701171875 -0.176239013671875 0.192886352539062
0.0783157348632813 0.0345611572265625 -0.07562255859375 0.155609130859375
0.0896835327148438 -0.00131988525390625 -0.0708999633789063 0.0964202880859375
0.0910873413085937 -0.00446319580078125 -0.14288330078125 0.0216064453125
0.108535766601563 0.0125808715820313 -0.212356567382812 -0.111923217773438
0.092132568359375 0.0562591552734375 -0.14056396484375 -0.28662109375
0.0293121337890625 0.110450744628906 0.036102294921875 -0.395965576171875
-0.0525436401367187 0.1064453125 0.316650390625 -0.30914306640625
-0.156326293945313 -0.0163421630859375 0.5223388671875 0.002349853515625
-0.131668090820313 -0.149459838867188 0.35772705078125 0.173553466796875
-0.031982421875 -0.21966552734375 0.203414916992188 0.00428771972656249
-0.0369949340820312 -0.070770263671875 -0.3470458984375 -0.3846435546875
-0.0645294189453125 -0.0492706298828125 -0.529693603515625 -0.25958251953125
-0.0394363403320312 0.0159759521484375 -0.474273681640625 0.0760498046875
-0.0161190032958984 0.0230007171630859 -0.3216552734375 0.206085205078125
0.00137042999267578 0.0141878128051758 -0.156967163085938 0.207870483398437
0.014190673828125 0.00150012969970703 -0.0741729736328125 0.17138671875
0.0214328765869141 -0.00975799560546875 -0.0829010009765625 0.117515563964844
0.0292530059814453 -0.0191230773925781 -0.160171508789063 0.038665771484375
0.0377960205078125 -0.010955810546875 -0.225845336914063 -0.112808227539062
0.037078857421875 0.00278854370117188 -0.13800048828125 -0.3048095703125
0.0197639465332031 0.0352134704589844 0.07293701171875 -0.399566650390625
-0.0107955932617188 0.0442390441894531 0.3614501953125 -0.277069091796875
-0.0659675598144531 -0.0140380859375 0.52716064453125 0.057830810546875
-0.05224609375 -0.07965087890625 0.351287841796875 0.1812744140625
0.00347900390624999 -0.114730834960938 0.22686767578125 -0.0497283935546875
0.0218582153320313 -0.0446205139160156 -0.195404052734375 0.0460052490234375
-0.00583267211914062 -0.0643348693847656 -0.317138671875 -0.215057373046875
-0.0463447570800781 -0.0305290222167969 -0.500457763671875 -0.0776062011718749
-0.0525360107421875 0.0235176086425781 -0.45159912109375 0.24041748046875
-0.0304336547851562 0.0550498962402344 -0.125946044921875 0.367401123046875
0.0150947570800781 0.0576095581054688 0.163192749023437 0.270980834960938
0.0662117004394531 0.0309677124023437 0.248428344726562 0.078094482421875
0.0651016235351563 0.0143165588378906 0.169540405273438 -0.057342529296875
0.0653305053710938 0.0121917724609375 0.088348388671875 -0.135986328125
0.0626144409179688 0.0170631408691406 0.088165283203125 -0.186691284179688
0.0510368347167969 0.0348281860351563 0.114395141601562 -0.233291625976563
0.0355415344238281 0.0537834167480469 0.247970581054688 -0.226882934570313
-0.0202484130859375 0.0683937072753906 0.50299072265625 -0.07611083984375
-0.0469322204589844 0.0338058471679688 0.5728759765625 0.17572021484375
-0.0328235626220703 -0.00928306579589844 0.36553955078125 0.381622314453125
0.0165863037109375 -0.172500610351562 -0.191070556640625 0.00869750976562498
-0.0469207763671875 -0.164520263671875 -0.312042236328125 -0.257293701171875
-0.131858825683594 -0.07763671875 -0.49951171875 -0.11444091796875
-0.130340576171875 0.0557479858398438 -0.4541015625 0.206695556640625
-0.0506439208984375 0.124412536621094 -0.14703369140625 0.332763671875
0.05963134765625 0.117721557617187 0.129257202148438 0.245193481445313
0.128898620605469 0.0494461059570312 0.21240234375 0.0679779052734375
0.123039245605469 0.02349853515625 0.135536193847656 -0.0593032836914063
0.131538391113281 0.0188827514648437 0.0527572631835938 -0.137382507324219
0.12738037109375 0.03717041015625 0.056427001953125 -0.198501586914063
0.0945968627929688 0.084869384765625 0.08111572265625 -0.2535400390625
0.045379638671875 0.119400024414063 0.223678588867188 -0.256851196289063
-0.0775375366210937 0.116783142089844 0.498992919921875 -0.11834716796875
-0.143844604492188 0.027099609375 0.56719970703125 0.15289306640625
-0.109481811523437 -0.085968017578125 0.361083984375 0.36492919921875
-0.005889892578125 -0.271240234375 -0.177886962890625 -0.065216064453125
-0.102920532226563 -0.229705810546875 -0.3128662109375 -0.308502197265625
-0.208297729492188 -0.0874481201171875 -0.4947509765625 -0.13104248046875
-0.179977416992188 0.0976409912109375 -0.439056396484375 0.178619384765625
-0.0513153076171875 0.179046630859375 -0.15411376953125 0.28411865234375
0.101043701171875 0.154281616210938 0.0877838134765625 0.2061767578125
0.174072265625 0.0556488037109375 0.155044555664062 0.0552978515625
0.16497802734375 0.0272979736328125 0.0825424194335938 -0.0521316528320312
0.182159423828125 0.023101806640625 0.00102996826171877 -0.128684997558594
0.177642822265625 0.055633544921875 0.01361083984375 -0.205841064453125
0.125106811523438 0.130096435546875 0.045806884765625 -0.27587890625
0.045257568359375 0.176193237304688 0.211517333984375 -0.28326416015625
-0.137100219726562 0.151046752929688 0.499664306640625 -0.13385009765625
-0.22845458984375 0.00714111328124996 0.540771484375 0.151092529296875
-0.1661376953125 -0.162139892578125 0.329010009765625 0.330078125
-0.04827880859375 -0.317840576171875 -0.177490234375 -0.160232543945313
-0.169845581054687 -0.237106323242188 -0.334503173828125 -0.351959228515625
-0.253433227539063 -0.048797607421875 -0.494384765625 -0.1282958984375
-0.182647705078125 0.144302368164063 -0.411376953125 0.157928466796875
-0.02557373046875 0.204666137695313 -0.16009521484375 0.235061645507813
0.134521484375 0.157379150390625 0.03839111328125 0.167495727539063
0.1947021484375 0.04827880859375 0.0872802734375 0.0487518310546875
0.184341430664063 0.0260467529296875 0.017181396484375 -0.0373764038085937
0.208740234375 0.0271148681640625 -0.0595932006835937 -0.116050720214844
0.201446533203125 0.075775146484375 -0.036895751953125 -0.214370727539063
0.13092041015625 0.167587280273438 0.01495361328125 -0.301605224609375
0.02252197265625 0.214111328125 0.213653564453125 -0.305206298828125
-0.195541381835937 0.150299072265625 0.5029296875 -0.122100830078125
-0.280853271484375 -0.0376129150390625 0.493438720703125 0.164642333984375
-0.184127807617188 -0.231216430664062 0.2769775390625 0.268814086914063
-0.09149169921875 -0.306060791015625 -0.205551147460938 -0.253662109375
-0.211273193359375 -0.19158935546875 -0.3809814453125 -0.36767578125
-0.24591064453125 0.00994873046874997 -0.496185302734375 -0.0986938476562501
-0.1419677734375 0.16778564453125 -0.38671875 0.14715576171875
0.0106201171875 0.191665649414063 -0.169342041015625 0.198699951171875
0.147857666015625 0.128875732421875 -0.0137481689453125 0.143508911132813
0.186386108398437 0.031646728515625 0.0182647705078125 0.0535850524902344
0.177322387695313 0.01934814453125 -0.0488395690917969 -0.0177993774414062
0.20599365234375 0.028411865234375 -0.12310791015625 -0.105339050292969
0.1920166015625 0.089874267578125 -0.0881195068359375 -0.229278564453125
0.107009887695313 0.186233520507813 -0.00280761718749997 -0.333160400390625
-0.0179595947265625 0.216384887695313 0.22845458984375 -0.31805419921875
-0.232620239257813 0.1058349609375 0.505645751953125 -0.091522216796875
-0.282257080078125 -0.1011962890625 0.4329833984375 0.17645263671875
-0.157058715820313 -0.276123046875 0.2279052734375 0.18292236328125
-0.109100341796875 -0.246490478515625 -0.25732421875 -0.326446533203125
-0.204116821289063 -0.125213623046875 -0.439605712890625 -0.3505859375
-0.190216064453125 0.0506744384765625 -0.48980712890625 -0.0488281250000001
-0.0844573974609375 0.149566650390625 -0.362091064453125 0.149017333984375
0.033721923828125 0.144561767578125 -0.177154541015625 0.181549072265625
0.130203247070313 0.0839309692382813 -0.0568389892578125 0.139312744140625
0.150787353515625 0.012237548828125 -0.0382843017578125 0.0701065063476563
0.145233154296875 0.0081329345703125 -0.105606079101562 0.00437164306640626
0.171737670898438 0.0240325927734375 -0.178924560546875 -0.102279663085938
0.152435302734375 0.0875091552734375 -0.127029418945313 -0.25274658203125
0.0641632080078125 0.169326782226563 0.00140380859374999 -0.365325927734375
-0.0535125732421875 0.1749267578125 0.262786865234375 -0.317901611328125
-0.221725463867188 0.0345611572265625 0.506744384765625 -0.045501708984375
-0.223602294921875 -0.150650024414063 0.376953125 0.175201416015625
-0.0960845947265625 -0.276153564453125 0.198486328125 0.084503173828125
-0.088714599609375 -0.1612548828125 -0.31561279296875 -0.366546630859375
-0.148757934570313 -0.073150634765625 -0.491943359375 -0.303802490234375
-0.114021301269531 0.0503387451171875 -0.47802734375 0.0142211914062501
-0.0395126342773437 0.0949249267578125 -0.3402099609375 0.169708251953125
0.0297470092773438 0.0807647705078125 -0.174407958984375 0.184860229492188
0.0832748413085938 0.0397109985351563 -0.08001708984375 0.150436401367188
0.0930252075195313 -0.00186920166015625 -0.0754623413085937 0.09429931640625
0.0932693481445313 -0.0057830810546875 -0.145645141601563 0.025482177734375
0.113067626953125 0.0113449096679688 -0.216552734375 -0.103729248046875
0.09521484375 0.058990478515625 -0.1473388671875 -0.279342651367188
0.0290603637695313 0.114860534667969 0.029815673828125 -0.388397216796875
-0.054046630859375 0.106819152832031 0.30938720703125 -0.302459716796875
-0.156204223632813 -0.0161895751953125 0.510223388671875 0.0059814453125
-0.133804321289063 -0.146743774414063 0.345001220703125 0.169769287109375
-0.03424072265625 -0.219039916992188 0.2021484375 -0.00506591796875001
-0.0324020385742187 -0.0693855285644531 -0.36114501953125 -0.377716064453125
-0.0648574829101563 -0.0506172180175781 -0.528106689453125 -0.248565673828125
-0.0421485900878906 0.0130882263183594 -0.4609375 0.07659912109375
-0.0201492309570313 0.0237159729003906 -0.311279296875 0.198822021484375
0.00022125244140625 0.0177097320556641 -0.15594482421875 0.197921752929688
0.0163459777832031 0.00673389434814453 -0.079833984375 0.165863037109375
0.0227336883544922 -0.00778770446777344 -0.0885848999023438 0.116180419921875
0.0286846160888672 -0.0195636749267578 -0.1634521484375 0.042755126953125
0.0390205383300781 -0.0113716125488281 -0.230392456054687 -0.1051025390625
0.0374908447265625 0.00489044189453125 -0.146026611328125 -0.297698974609375
0.0181808471679688 0.0363845825195313 0.068115234375 -0.392578125
-0.0107269287109375 0.042724609375 0.35443115234375 -0.27099609375
-0.0640029907226563 -0.0134544372558594 0.514068603515625 0.0615234375
-0.0517501831054688 -0.077056884765625 0.3372802734375 0.17498779296875
0.00472259521484374 -0.113441467285156 0.223281860351562 -0.0599822998046875
0.0213470458984375 -0.0466346740722656 -0.19683837890625 0.05816650390625
-0.00941085815429688 -0.0654792785644531 -0.309844970703125 -0.21405029296875
-0.0523605346679688 -0.03302001953125 -0.49920654296875 -0.08685302734375
-0.0577049255371094 0.0244712829589844 -0.45672607421875 0.2403564453125
-0.0312843322753906 0.0599479675292969 -0.12841796875 0.373504638671875
0.0188369750976563 0.0622177124023437 0.169509887695312 0.273910522460938
0.0696830749511719 0.0302162170410156 0.260147094726563 0.0738983154296875
0.067047119140625 0.01104736328125 0.179122924804688 -0.06329345703125
0.0673980712890625 0.00896072387695313 0.0968246459960938 -0.138229370117188
0.0664863586425781 0.0154800415039063 0.0958251953125 -0.184249877929688
0.0538406372070313 0.0347023010253906 0.11907958984375 -0.22698974609375
0.0387077331542969 0.0555152893066406 0.247650146484375 -0.220809936523438
-0.0176010131835937 0.0732421875 0.50286865234375 -0.082122802734375
-0.0502471923828125 0.0386276245117188 0.584228515625 0.16900634765625
-0.0391654968261719 -0.00869750976562499 0.38916015625 0.38665771484375
0.0135040283203125 -0.177886962890625 -0.1944580078125 0.0198211669921875
-0.052398681640625 -0.16796875 -0.306884765625 -0.25677490234375
-0.141586303710938 -0.081268310546875 -0.497955322265625 -0.124725341796875
-0.139389038085938 0.0581283569335937 -0.46087646484375 0.205108642578125
-0.05340576171875 0.13372802734375 -0.150543212890625 0.335601806640625
0.0663681030273438 0.125907897949219 0.133880615234375 0.2481689453125
0.136695861816406 0.0489883422851563 0.2216796875 0.0641021728515625
0.129119873046875 0.0202178955078125 0.143600463867187 -0.0637664794921875
0.13958740234375 0.0148544311523438 0.0589447021484375 -0.139053344726563
0.136283874511719 0.0366973876953125 0.0626678466796875 -0.196517944335937
0.10150146484375 0.0883560180664063 0.0843353271484375 -0.248764038085938
0.0484848022460938 0.125785827636719 0.223281860351563 -0.251129150390625
-0.0800018310546875 0.124549865722656 0.498504638671875 -0.12237548828125
-0.151596069335938 0.0324554443359375 0.57855224609375 0.1455078125
-0.118972778320312 -0.0876541137695312 0.383148193359375 0.36944580078125
-0.0102081298828125 -0.278533935546875 -0.18408203125 -0.0574493408203125
-0.1099853515625 -0.235000610351563 -0.310028076171875 -0.309967041015625
-0.220550537109375 -0.091461181640625 -0.496337890625 -0.140472412109375
-0.191207885742188 0.10394287109375 -0.44287109375 0.177490234375
-0.05328369140625 0.190902709960938 -0.1575927734375 0.28692626953125
0.11083984375 0.164443969726562 0.0897216796875 0.208145141601563
0.184921264648438 0.055938720703125 0.161041259765625 0.0519561767578125
0.17425537109375 0.02410888671875 0.087249755859375 -0.0550155639648438
0.194183349609375 0.0191650390625 0.00621795654296877 -0.128387451171875
0.1903076171875 0.0574493408203125 0.017181396484375 -0.2037353515625
0.134300231933594 0.138702392578125 0.046783447265625 -0.271804809570313
0.047821044921875 0.186981201171875 0.210769653320313 -0.279632568359375
-0.142776489257813 0.16033935546875 0.499053955078125 -0.137237548828125
-0.24066162109375 0.0127105712890625 0.551239013671875 0.148193359375
-0.178009033203125 -0.166336059570312 0.349090576171875 0.332244873046875
-0.054046630859375 -0.3260498046875 -0.1876220703125 -0.157760620117188
-0.177398681640625 -0.24224853515625 -0.33575439453125 -0.355133056640625
-0.267593383789063 -0.0510711669921875 -0.495880126953125 -0.13470458984375
-0.195022583007812 0.154251098632813 -0.415008544921875 0.15667724609375
-0.0270233154296875 0.218826293945313 -0.162826538085938 0.235809326171875
0.147293090820313 0.167678833007813 0.037384033203125 0.168670654296875
0.207382202148438 0.0488433837890625 0.0885391235351563 0.0466232299804688
0.195465087890625 0.0226898193359375 0.019805908203125 -0.0382041931152344
0.223495483398438 0.0234832763671875 -0.0589370727539062 -0.113052368164063
0.215927124023438 0.0785369873046875 -0.037994384765625 -0.212295532226563
0.140487670898438 0.179183959960938 0.01318359375 -0.2998046875
0.0236663818359375 0.226699829101563 0.211669921875 -0.302459716796875
-0.205581665039063 0.159515380859375 0.50616455078125 -0.12493896484375
-0.29541015625 -0.0340576171875 0.501129150390625 0.162750244140625
-0.197158813476563 -0.237747192382813 0.293243408203125 0.2694091796875
-0.096771240234375 -0.313720703125 -0.219741821289063 -0.255050659179688
-0.21923828125 -0.196853637695312 -0.38726806640625 -0.37103271484375
-0.259918212890625 0.0091552734375 -0.497589111328125 -0.1038818359375
-0.152542114257813 0.178390502929688 -0.387786865234375 0.145599365234375
0.0109710693359375 0.204620361328125 -0.172286987304688 0.196533203125
0.160980224609375 0.138107299804688 -0.016693115234375 0.143569946289063
0.1998291015625 0.0315704345703125 0.0157585144042969 0.0517311096191406
0.188385009765625 0.01702880859375 -0.0503349304199219 -0.0163612365722656
0.220169067382812 0.0253143310546875 -0.126457214355469 -0.101165771484375
0.206436157226563 0.0942230224609375 -0.0925750732421875 -0.227615356445313
0.114303588867187 0.198776245117188 -0.00714111328124998 -0.3336181640625
-0.0196075439453125 0.228408813476562 0.230072021484375 -0.31787109375
-0.243972778320313 0.111907958984375 0.510009765625 -0.0911865234375
-0.295196533203125 -0.100372314453125 0.4365234375 0.178192138671875
-0.16741943359375 -0.28369140625 0.237686157226563 0.181304931640625
-0.112258911132813 -0.252883911132813 -0.277099609375 -0.32965087890625
-0.211288452148438 -0.130020141601562 -0.449920654296875 -0.3519287109375
-0.201080322265625 0.0501861572265625 -0.49078369140625 -0.0530700683593749
-0.0929107666015625 0.158706665039063 -0.36444091796875 0.14776611328125
0.03436279296875 0.15618896484375 -0.181167602539063 0.179367065429688
0.142135620117188 0.09149169921875 -0.0622634887695312 0.138465881347656
0.161422729492188 0.0134735107421875 -0.0442581176757812 0.0705490112304688
0.154098510742188 0.0059051513671875 -0.111000061035156 0.00698852539062501
0.183425903320313 0.0225830078125 -0.185333251953125 -0.096893310546875
0.1634521484375 0.0928192138671875 -0.13482666015625 -0.251846313476563
0.06854248046875 0.180206298828125 -0.00238037109375004 -0.36773681640625
-0.0565948486328125 0.183425903320313 0.265472412109375 -0.319610595703125
-0.231887817382813 0.0374298095703126 0.5125732421875 -0.042724609375
-0.234222412109375 -0.152099609375 0.37689208984375 0.179107666015625
-0.1033935546875 -0.284515380859375 0.20477294921875 0.0785064697265625
-0.08831787109375 -0.165542602539063 -0.33795166015625 -0.370635986328125
-0.153961181640625 -0.076995849609375 -0.503387451171875 -0.303985595703125
-0.121498107910156 0.0501785278320313 -0.4791259765625 0.0124511718749999
-0.0459213256835938 0.101821899414063 -0.33856201171875 0.16668701171875
0.0302581787109375 0.08880615234375 -0.17889404296875 0.181015014648438
0.0924148559570313 0.0463333129882813 -0.0873565673828125 0.14971923828125
0.100181579589844 -0.000579833984375 -0.0837020874023438 0.0948028564453125
0.0983810424804688 -0.007293701171875 -0.153045654296875 0.0301055908203125
0.119514465332031 0.0101699829101563 -0.225830078125 -0.0988616943359375
0.101791381835938 0.063018798828125 -0.157546997070313 -0.27978515625
0.0299835205078125 0.122024536132813 0.025238037109375 -0.394134521484375
-0.057037353515625 0.110633850097656 0.31414794921875 -0.30499267578125
-0.16180419921875 -0.0169525146484375 0.514892578125 0.0123291015625
-0.138626098632812 -0.148651123046875 0.34173583984375 0.17303466796875
-0.03594970703125 -0.225143432617187 0.204315185546875 -0.0137481689453125
-0.0281524658203125 -0.0711822509765625 -0.384552001953125 -0.382965087890625
-0.0666465759277344 -0.0540237426757813 -0.54071044921875 -0.2467041015625
-0.0464630126953125 0.0103874206542969 -0.458648681640625 0.077667236328125
-0.0248527526855469 0.0262889862060547 -0.310455322265625 0.19500732421875
-0.00114250183105469 0.0221195220947266 -0.161117553710937 0.19342041015625
0.0206489562988281 0.0115909576416016 -0.0887908935546875 0.164886474609375
0.0254688262939453 -0.00605583190917969 -0.09814453125 0.118064880371094
0.029632568359375 -0.0209503173828125 -0.171249389648438 0.0478057861328125
0.0408477783203125 -0.0119705200195313 -0.241043090820312 -0.100631713867188
0.0394554138183594 0.00669097900390625 -0.157135009765625 -0.299591064453125
0.0177764892578125 0.0396957397460938 0.06689453125 -0.398406982421875
-0.0106697082519531 0.0421676635742187 0.360137939453125 -0.271484375
-0.06329345703125 -0.0145683288574219 0.514801025390625 0.069427490234375
-0.0526123046875 -0.0769271850585938 0.331451416015625 0.17620849609375
0.00590515136718749 -0.116119384765625 0.224746704101562 -0.0721282958984375
0.0204315185546875 -0.0501518249511719 -0.20086669921875 0.0769805908203125
-0.0155067443847656 -0.0679588317871094 -0.3111572265625 -0.2122802734375
-0.0605239868164062 -0.0351295471191406 -0.511016845703125 -0.0919494628906249
-0.064208984375 0.0272407531738281 -0.47076416015625 0.254486083984375
-0.0324897766113281 0.0676498413085938 -0.127899169921875 0.391326904296875
0.0246200561523437 0.0681800842285156 0.185775756835937 0.279830932617187
0.0753173828125 0.02880859375 0.280105590820313 0.0648956298828125
0.0695610046386719 0.00703048706054688 0.193603515625 -0.075439453125
0.071319580078125 0.00379180908203125 0.106796264648438 -0.147018432617188
0.0715789794921875 0.0130844116210938 0.10296630859375 -0.188613891601563
0.05963134765625 0.0345458984375 0.12335205078125 -0.2288818359375
0.0446968078613281 0.0572280883789062 0.249313354492188 -0.222915649414063
-0.0137939453125 0.0806427001953125 0.5126953125 -0.09747314453125
-0.0536918640136719 0.0464820861816406 0.61126708984375 0.15240478515625
-0.0473098754882813 -0.00580596923828125 0.430755615234375 0.391265869140625
0.00721740722656251 -0.187728881835938 -0.200637817382812 0.0360107421875
-0.0622406005859375 -0.173583984375 -0.309844970703125 -0.25732421875
-0.157424926757813 -0.083740234375 -0.51141357421875 -0.12994384765625
-0.150726318359375 0.0671539306640625 -0.473297119140625 0.217071533203125
-0.053466796875 0.148117065429687 -0.1500244140625 0.352081298828125
0.0791549682617188 0.135520935058594 0.14617919921875 0.254928588867188
0.149398803710938 0.047271728515625 0.237625122070313 0.05645751953125
0.138427734375 0.0141525268554688 0.154830932617188 -0.0738525390625
0.15081787109375 0.0072479248046875 0.0670318603515625 -0.144989013671875
0.149703979492188 0.0335540771484375 0.0678558349609375 -0.199554443359375
0.113243103027344 0.09295654296875 0.0858612060546875 -0.250625610351563
0.0565032958984375 0.13409423828125 0.22406005859375 -0.25421142578125
-0.0810928344726563 0.1375732421875 0.506317138671875 -0.138580322265625
-0.163665771484375 0.0429229736328125 0.60418701171875 0.13043212890625
-0.133758544921875 -0.0878372192382813 0.425750732421875 0.3740234375
-0.02191162109375 -0.29229736328125 -0.194320678710937 -0.04754638671875
-0.124435424804688 -0.242752075195312 -0.319000244140625 -0.3121337890625
-0.241195678710938 -0.092193603515625 -0.5113525390625 -0.144256591796875
-0.205581665039063 0.118179321289063 -0.453948974609375 0.188568115234375
-0.052520751953125 0.21014404296875 -0.15850830078125 0.298980712890625
0.12933349609375 0.1756591796875 0.097808837890625 0.213134765625
0.203277587890625 0.0536041259765625 0.171737670898438 0.046295166015625
0.188934326171875 0.0177764892578125 0.0949325561523438 -0.0623016357421875
0.212020874023437 0.0100555419921875 0.00931549072265626 -0.131095886230469
0.2100830078125 0.05426025390625 0.018096923828125 -0.207046508789063
0.151885986328125 0.14715576171875 0.044677734375 -0.275466918945313
0.056640625 0.201492309570312 0.20953369140625 -0.2838134765625
-0.149917602539063 0.178268432617187 0.509552001953125 -0.1533203125
-0.258346557617188 0.0245819091796875 0.5745849609375 0.13531494140625
-0.198883056640625 -0.1695556640625 0.385955810546875 0.33514404296875
-0.067962646484375 -0.341094970703125 -0.204391479492188 -0.152191162109375
-0.195480346679688 -0.250213623046875 -0.35064697265625 -0.3575439453125
-0.289947509765625 -0.048828125 -0.51300048828125 -0.136444091796875
-0.208297729492188 0.1724853515625 -0.424224853515625 0.16650390625
-0.023162841796875 0.240158081054688 -0.164291381835938 0.246170043945313
0.16937255859375 0.178634643554688 0.041656494140625 0.1724853515625
0.228363037109375 0.045166015625 0.09344482421875 0.0431365966796875
0.212188720703125 0.016082763671875 0.0218734741210938 -0.0407447814941406
0.244491577148438 0.014068603515625 -0.0600967407226562 -0.111885070800781
0.240066528320313 0.0768585205078125 -0.0417327880859375 -0.21417236328125
0.159820556640625 0.192489624023438 0.00640869140625003 -0.30474853515625
0.030426025390625 0.245956420898438 0.210968017578125 -0.3101806640625
-0.21649169921875 0.177764892578125 0.517120361328125 -0.13909912109375
-0.318511962890625 -0.024139404296875 0.52288818359375 0.15582275390625
-0.220199584960938 -0.244461059570313 0.32159423828125 0.270050048828125
-0.111572265625 -0.328277587890625 -0.244918823242187 -0.254165649414063
-0.23736572265625 -0.202377319335938 -0.409820556640625 -0.37310791015625
-0.2806396484375 0.014892578125 -0.51483154296875 -0.101409912109375
-0.163528442382813 0.198974609375 -0.395751953125 0.1536865234375
0.0170745849609375 0.225479125976563 -0.175521850585938 0.204025268554688
0.18359375 0.146987915039063 -0.017730712890625 0.147201538085938
0.219467163085938 0.0276947021484375 0.0148086547851563 0.0518379211425781
0.205154418945313 0.0104827880859375 -0.0532989501953125 -0.0146446228027344
0.24139404296875 0.0175018310546875 -0.133567810058594 -0.0968017578125
0.229949951171875 0.0959014892578125 -0.1029052734375 -0.227874755859375
0.131301879882813 0.214614868164063 -0.01702880859375 -0.341796875
-0.016998291015625 0.24835205078125 0.229217529296875 -0.328216552734375
-0.25933837890625 0.127120971679687 0.5238037109375 -0.102020263671875
-0.31964111328125 -0.094573974609375 0.454376220703125 0.1748046875
-0.189666748046875 -0.294952392578125 0.257003784179688 0.17724609375
-0.123458862304688 -0.264068603515625 -0.309295654296875 -0.3319091796875
-0.22747802734375 -0.133529663085938 -0.4775390625 -0.351837158203125
-0.217864990234375 0.0567779541015625 -0.504974365234375 -0.046051025390625
-0.100479125976563 0.176361083984375 -0.370758056640625 0.154632568359375
0.0406494140625 0.171676635742188 -0.186279296875 0.184539794921875
0.162017822265625 0.0979766845703125 -0.0674591064453125 0.142593383789063
0.178680419921875 0.0090484619140625 -0.051055908203125 0.0734939575195313
0.167755126953125 0.001495361328125 -0.1180419921875 0.0125808715820312
0.201553344726563 0.0171051025390625 -0.198028564453125 -0.0900115966796875
0.18280029296875 0.096435546875 -0.1505126953125 -0.25323486328125
0.08056640625 0.1956787109375 -0.0155029296875 -0.380279541015625
-0.05914306640625 0.198715209960938 0.26849365234375 -0.3330078125
-0.247085571289063 0.0459136962890625 0.528411865234375 -0.049652099609375
-0.25445556640625 -0.1517333984375 0.387664794921875 0.1800537109375
-0.12054443359375 -0.29736328125 0.215179443359375 0.0702667236328125
-0.0933074951171875 -0.173187255859375 -0.37799072265625 -0.375335693359375
-0.164901733398438 -0.0797119140625 -0.536651611328125 -0.298431396484375
-0.133338928222656 0.0532913208007813 -0.489288330078125 0.0221252441406249
-0.0520095825195313 0.113021850585938 -0.343597412109375 0.1724853515625
0.034393310546875 0.100173950195313 -0.184921264648437 0.184799194335938
0.105941772460938 0.0506439208984375 -0.096099853515625 0.154998779296875
0.111366271972656 -0.00310516357421875 -0.0936508178710938 0.102012634277344
0.106300354003906 -0.0102310180664063 -0.16351318359375 0.038787841796875
0.131057739257813 0.00679779052734375 -0.243148803710938 -0.0904998779296875
0.113601684570313 0.0667190551757813 -0.17657470703125 -0.282867431640625
0.0359420776367187 0.132766723632813 0.01434326171875 -0.408599853515625
-0.0605010986328125 0.118309020996094 0.320343017578125 -0.31878662109375
-0.171661376953125 -0.0152435302734375 0.53118896484375 0.00909423828125
-0.150497436523437 -0.151473999023438 0.34771728515625 0.174591064453125
-0.0443115234375 -0.237335205078125 0.209457397460938 -0.0281524658203125
-0.0253677368164063 -0.0761566162109375 -0.42816162109375 -0.389312744140625
-0.0722122192382813 -0.0580978393554688 -0.57177734375 -0.238525390625
-0.0533981323242188 0.00919342041015624 -0.466705322265625 0.086151123046875
-0.0307731628417969 0.0305385589599609 -0.31329345703125 0.200592041015625
-0.00269126892089844 0.0285415649414063 -0.167465209960938 0.196502685546875
0.027069091796875 0.0157718658447266 -0.0982208251953125 0.17010498046875
0.0295200347900391 -0.00539970397949219 -0.108596801757813 0.126800537109375
0.0308609008789063 -0.0221099853515625 -0.18359375 0.058441162109375
0.0436134338378906 -0.0132484436035156 -0.26092529296875 -0.092864990234375
0.0426788330078125 0.00830459594726563 -0.177398681640625 -0.303375244140625
0.01873779296875 0.0428466796875 0.057647705078125 -0.41400146484375
-0.0110244750976563 0.0423088073730469 0.36907958984375 -0.2838134765625
-0.0650215148925781 -0.0151481628417969 0.5308837890625 0.069915771484375
-0.05523681640625 -0.0772171020507813 0.3350830078125 0.175689697265625
0.00449371337890626 -0.122535705566406 0.228363037109375 -0.091217041015625
0.0182991027832031 -0.0548591613769531 -0.199081420898438 0.10400390625
-0.0230331420898437 -0.0681343078613281 -0.31658935546875 -0.204010009765625
-0.0706558227539063 -0.0345230102539062 -0.52667236328125 -0.0845031738281251
-0.0704116821289063 0.034271240234375 -0.477447509765625 0.283111572265625
-0.0300064086914063 0.0772781372070313 -0.11297607421875 0.4146728515625
0.0341262817382813 0.0722885131835938 0.21185302734375 0.2801513671875
0.0830230712890625 0.0239944458007813 0.302459716796875 0.0447998046875
0.07257080078125 0.00069427490234375 0.205062866210938 -0.0963592529296875
0.0747833251953125 -0.004119873046875 0.11273193359375 -0.16180419921875
0.0771408081054687 0.006561279296875 0.107467651367188 -0.197052001953125
0.0660629272460938 0.031158447265625 0.122283935546875 -0.234176635742188
0.0530776977539063 0.05743408203125 0.246688842773438 -0.232711791992188
-0.00587463378906251 0.0885009765625 0.516448974609375 -0.128936767578125
-0.0554389953613281 0.0574455261230469 0.64141845703125 0.11859130859375
-0.0560264587402344 -0.000595092773437499 0.491180419921875 0.3797607421875
-0.00511169433593749 -0.198348999023438 -0.203689575195313 0.059783935546875
-0.0782623291015625 -0.177322387695313 -0.320587158203125 -0.24871826171875
-0.177032470703125 -0.08050537109375 -0.5294189453125 -0.12139892578125
-0.161590576171875 0.0831451416015625 -0.48065185546875 0.245391845703125
-0.0482330322265625 0.166580200195313 -0.1385498046875 0.373443603515625
0.099273681640625 0.141632080078125 0.168731689453125 0.255630493164063
0.165695190429688 0.03912353515625 0.256027221679688 0.03955078125
0.148788452148438 0.0030670166015625 0.164398193359375 -0.0916595458984375
0.1634521484375 -0.0059967041015625 0.0708770751953125 -0.155853271484375
0.165176391601563 0.024078369140625 0.0698089599609375 -0.207260131835938
0.129646301269531 0.0928421020507813 0.081146240234375 -0.255462646484375
0.0699310302734375 0.141754150390625 0.218338012695312 -0.264068603515625
-0.076416015625 0.154251098632813 0.508697509765625 -0.17010498046875
-0.173721313476563 0.0607452392578125 0.63323974609375 0.09466552734375
-0.153915405273438 -0.082855224609375 0.4815673828125 0.36065673828125
-0.042877197265625 -0.3067626953125 -0.205322265625 -0.0283203125
-0.147796630859375 -0.24688720703125 -0.3358154296875 -0.306121826171875
-0.266799926757813 -0.0844268798828124 -0.530975341796875 -0.1351318359375
-0.217498779296875 0.142868041992188 -0.46014404296875 0.21240234375
-0.0427703857421875 0.234588623046875 -0.148468017578125 0.318359375
0.156509399414063 0.1817626953125 0.114151000976562 0.215118408203125
0.225906372070313 0.04241943359375 0.184783935546875 0.033355712890625
0.204437255859375 0.00384521484375 0.100563049316406 -0.0738067626953125
0.231475830078125 -0.0071868896484375 0.01031494140625 -0.135261535644531
0.234283447265625 0.0421600341796875 0.0155487060546875 -0.2109375
0.175521850585938 0.151016235351563 0.0348052978515625 -0.279632568359375
0.0738525390625 0.216354370117188 0.201995849609375 -0.294586181640625
-0.150115966796875 0.202545166015625 0.513092041015625 -0.184967041015625
-0.276382446289063 0.0468902587890625 0.60302734375 0.10430908203125
-0.227798461914062 -0.166366577148438 0.434478759765625 0.322998046875
-0.09490966796875 -0.35546875 -0.225982666015625 -0.138473510742188
-0.222854614257812 -0.251846313476563 -0.378326416015625 -0.3511962890625
-0.316650390625 -0.035003662109375 -0.532196044921875 -0.12249755859375
-0.216278076171875 0.2015380859375 -0.43035888671875 0.18780517578125
-0.00900268554687502 0.265487670898437 -0.158706665039062 0.261123657226563
0.200851440429688 0.182769775390625 0.0509796142578125 0.175689697265625
0.2537841796875 0.0316619873046875 0.0992279052734375 0.0366363525390625
0.231063842773438 0.000762939453125 0.0231666564941406 -0.0454597473144531
0.267669677734375 -0.0047760009765625 -0.0638656616210937 -0.109306335449219
0.268814086914063 0.0655059814453125 -0.0502471923828125 -0.2142333984375
0.187515258789063 0.2000732421875 -0.009002685546875 -0.30908203125
0.047454833984375 0.266265869140625 0.200653076171875 -0.324493408203125
-0.22296142578125 0.206634521484375 0.524566650390625 -0.1697998046875
-0.342987060546875 -0.00115966796875006 0.549163818359375 0.13177490234375
-0.2548828125 -0.244705200195313 0.35919189453125 0.25921630859375
-0.13787841796875 -0.338897705078125 -0.279098510742187 -0.244094848632813
-0.264923095703125 -0.20037841796875 -0.444671630859375 -0.3623046875
-0.30328369140625 0.031646728515625 -0.53436279296875 -0.08404541015625
-0.16748046875 0.227081298828125 -0.400787353515625 0.172943115234375
0.033111572265625 0.247772216796875 -0.173446655273437 0.2169189453125
0.214736938476563 0.148117065429688 -0.014678955078125 0.151779174804687
0.243484497070313 0.0131683349609375 0.0136184692382813 0.0518608093261719
0.223800659179688 -0.0040283203125 -0.0571136474609375 -0.010711669921875
0.264846801757812 0.000213623046875 -0.143142700195313 -0.0865631103515625
0.25872802734375 0.087493896484375 -0.11871337890625 -0.225433349609375
0.157516479492188 0.226943969726563 -0.038299560546875 -0.347869873046875
-0.00492858886718752 0.27105712890625 0.219940185546875 -0.346405029296875
-0.271820068359375 0.1531982421875 0.536041259765625 -0.129638671875
-0.347625732421875 -0.077301025390625 0.475738525390625 0.159820556640625
-0.22381591796875 -0.3004150390625 0.28155517578125 0.16571044921875
-0.144363403320313 -0.272247314453125 -0.3551025390625 -0.321990966796875
-0.24896240234375 -0.129745483398437 -0.517974853515625 -0.333160400390625
-0.234405517578125 0.0707550048828124 -0.522064208984375 -0.023895263671875
-0.102386474609375 0.199127197265625 -0.37371826171875 0.171356201171875
0.0554656982421875 0.188858032226563 -0.186691284179688 0.194625854492187
0.188247680664063 0.0973968505859375 -0.06903076171875 0.149581909179688
0.197860717773438 -0.00311279296875 -0.056671142578125 0.079833984375
0.18212890625 -0.010009765625 -0.125869750976563 0.0238037109375
0.22052001953125 0.003387451171875 -0.21392822265625 -0.07452392578125
0.206558227539063 0.09246826171875 -0.17413330078125 -0.249832153320313
0.0999755859375 0.209381103515625 -0.038482666015625 -0.390594482421875
-0.0536956787109375 0.218460083007813 0.2607421875 -0.354766845703125
-0.2623291015625 0.0631256103515625 0.543212890625 -0.07244873046875
-0.279953002929687 -0.143173217773437 0.403564453125 0.169525146484375
-0.147613525390625 -0.307403564453125 0.227127075195313 0.0544891357421875
-0.105331420898438 -0.179473876953125 -0.432647705078125 -0.36456298828125
-0.180770874023437 -0.077972412109375 -0.577392578125 -0.2757568359375
-0.144271850585937 0.061981201171875 -0.50152587890625 0.0447998046875
-0.054168701171875 0.128486633300781 -0.34393310546875 0.1878662109375
0.0435943603515625 0.1116943359375 -0.187103271484375 0.194107055664062
0.124565124511719 0.05072021484375 -0.100677490234375 0.16455078125
0.12469482421875 -0.010589599609375 -0.101165771484375 0.112876892089844
0.115486145019531 -0.01715087890625 -0.174102783203125 0.054779052734375
0.144027709960938 -0.0013275146484375 -0.26397705078125 -0.07281494140625
0.1292724609375 0.0652847290039063 -0.20465087890625 -0.279022216796875
0.0465545654296875 0.142547607421875 -0.01055908203125 -0.4232177734375
-0.059661865234375 0.129547119140625 0.317230224609375 -0.341827392578125
-0.183578491210938 -0.00682067871093749 0.5474853515625 -0.008392333984375
-0.167770385742187 -0.148818969726563 0.358428955078125 0.166839599609375
-0.0623016357421875 -0.247955322265625 0.211517333984375 -0.04986572265625
-0.024261474609375 -0.0815048217773438 -0.487213134765625 -0.3756103515625
-0.0803680419921875 -0.0601730346679687 -0.6131591796875 -0.20989990234375
-0.06103515625 0.00998687744140624 -0.472015380859375 0.11114501953125
-0.0359992980957031 0.0378189086914063 -0.311279296875 0.212493896484375
-0.00117874145507812 0.0361824035644531 -0.16925048828125 0.2049560546875
0.0348243713378906 0.0189113616943359 -0.104644775390625 0.180374145507812
0.0356674194335937 -0.00660324096679688 -0.117568969726563 0.140975952148438
0.0314655303955078 -0.0237541198730469 -0.1949462890625 0.07672119140625
0.0473709106445313 -0.0155067443847656 -0.28424072265625 -0.07440185546875
0.0475234985351563 0.00782012939453125 -0.2093505859375 -0.300689697265625
0.0219802856445313 0.0458335876464844 0.03509521484375 -0.431640625
-0.0107040405273438 0.0431327819824219 0.370880126953125 -0.309326171875
-0.0674247741699219 -0.0133857727050781 0.5465087890625 0.054718017578125
-0.061065673828125 -0.0758895874023438 0.340057373046875 0.1676025390625
-0.000747680664062496 -0.129356384277344 0.226226806640625 -0.117584228515625
0.0137557983398438 -0.0601234436035156 -0.187362670898438 0.133071899414062
-0.0311355590820313 -0.066619873046875 -0.3177490234375 -0.185394287109375
-0.081634521484375 -0.029937744140625 -0.536895751953125 -0.065582275390625
-0.0747146606445313 0.0434112548828125 -0.468109130859375 0.31573486328125
-0.0243453979492188 0.0873641967773438 -0.08514404296875 0.432373046875
0.0462799072265625 0.072174072265625 0.240081787109375 0.268722534179688
0.0896759033203125 0.0159759521484375 0.318267822265625 0.01495361328125
0.073516845703125 -0.0073089599609375 0.20867919921875 -0.122589111328125
0.0756454467773437 -0.0141677856445312 0.114517211914063 -0.177200317382813
0.0815200805664062 -0.003326416015625 0.108154296875 -0.206161499023438
0.0727386474609375 0.0252456665039063 0.116592407226562 -0.237686157226563
0.0626220703125 0.0546188354492188 0.234039306640625 -0.240264892578125
0.00534820556640624 0.0939178466796875 0.503692626953125 -0.166107177734375
-0.0538444519042969 0.0696182250976563 0.6585693359375 0.06390380859375
-0.0637931823730469 0.00854110717773439 0.548675537109375 0.34490966796875
-0.0238037109375 -0.2042236328125 -0.197479248046875 0.0888824462890625
-0.09759521484375 -0.174270629882812 -0.325958251953125 -0.2294921875
-0.195785522460937 -0.0695953369140625 -0.541290283203125 -0.10211181640625
-0.167129516601562 0.103759765625 -0.473541259765625 0.27587890625
-0.036041259765625 0.183517456054688 -0.112213134765625 0.390716552734375
0.122390747070313 0.140213012695313 0.193679809570312 0.246627807617188
0.1817626953125 0.023773193359375 0.269332885742187 0.0140380859375
0.156051635742188 -0.01171875 0.16680908203125 -0.1131591796875
0.17132568359375 -0.0246429443359375 0.0718841552734375 -0.166748046875
0.177871704101563 0.007232666015625 0.0675048828125 -0.21441650390625
0.147171020507813 0.086578369140625 0.07147216796875 -0.25543212890625
0.0867462158203125 0.14453125 0.204208374023438 -0.270950317382813
-0.065704345703125 0.17034912109375 0.493927001953125 -0.208160400390625
-0.177978515625 0.082916259765625 0.6488037109375 0.04437255859375
-0.173553466796875 -0.06903076171875 0.536346435546875 0.326629638671875
-0.07232666015625 -0.31268310546875 -0.209625244140625 -0.00234985351562505
-0.175399780273438 -0.240447998046875 -0.35223388671875 -0.28485107421875
-0.288818359375 -0.06622314453125 -0.5426025390625 -0.11260986328125
-0.218490600585938 0.171066284179688 -0.453582763671875 0.241058349609375
-0.023590087890625 0.255599975585938 -0.128997802734375 0.332977294921875
0.188995361328125 0.178131103515625 0.132827758789062 0.209259033203125
0.2454833984375 0.021636962890625 0.19317626953125 0.015869140625
0.215835571289062 -0.017059326171875 0.102340698242188 -0.08758544921875
0.245223999023438 -0.0324249267578125 0.0102157592773438 -0.139533996582031
0.254791259765625 0.0215911865234375 0.00941467285156252 -0.213043212890625
0.202377319335938 0.146072387695313 0.020751953125 -0.27777099609375
0.0955810546875 0.224929809570313 0.185638427734375 -0.302825927734375
-0.139938354492188 0.2265625 0.499969482421875 -0.2218017578125
-0.286865234375 0.07757568359375 0.6181640625 0.05841064453125
-0.256744384765625 -0.150390625 0.4815673828125 0.28961181640625
-0.129119873046875 -0.359405517578125 -0.244308471679688 -0.11395263671875
-0.252334594726563 -0.24078369140625 -0.401824951171875 -0.32598876953125
-0.337249755859375 -0.0109252929687499 -0.545623779296875 -0.09698486328125
-0.21356201171875 0.234603881835938 -0.422760009765625 0.214141845703125
0.015533447265625 0.285888671875 -0.1434326171875 0.2733154296875
0.235885620117188 0.175003051757813 0.0632476806640625 0.173187255859375
0.275390625 0.007598876953125 0.103233337402344 0.0270614624023438
0.24615478515625 -0.02154541015625 0.0229377746582031 -0.0497016906738281
0.28485107421875 -0.033416748046875 -0.0669403076171875 -0.103828430175781
0.29486083984375 0.042633056640625 -0.0613250732421875 -0.209854125976563
0.220001220703125 0.1982421875 -0.02984619140625 -0.305023193359375
0.07305908203125 0.280685424804687 0.18231201171875 -0.334442138671875
-0.2176513671875 0.238189697265625 0.514617919921875 -0.205902099609375
-0.36041259765625 0.03271484375 0.5650634765625 0.093994140625
-0.290496826171875 -0.229766845703125 0.39617919921875 0.231048583984375
-0.170562744140625 -0.339813232421875 -0.3118896484375 -0.217071533203125
-0.29205322265625 -0.18670654296875 -0.47552490234375 -0.3310546875
-0.31982421875 0.05584716796875 -0.54412841796875 -0.05352783203125
-0.160308837890625 0.258163452148438 -0.39276123046875 0.196319580078125
0.0584259033203125 0.2646484375 -0.162200927734375 0.22723388671875
0.248397827148438 0.137771606445313 -0.00823974609375 0.154388427734375
0.264175415039063 -0.0106658935546875 0.0134506225585938 0.0521087646484375
0.238510131835937 -0.0257110595703125 -0.0590324401855469 -0.00507736206054687
0.28302001953125 -0.027130126953125 -0.149978637695313 -0.0709686279296875
0.286529541015625 0.06787109375 -0.135848999023437 -0.215469360351563
0.189910888671875 0.229354858398438 -0.0652770996093749 -0.343414306640625
0.017242431640625 0.290191650390625 0.19830322265625 -0.36016845703125
-0.273330688476563 0.185226440429687 0.532928466796875 -0.164520263671875
-0.37115478515625 -0.0467529296875 0.49114990234375 0.130035400390625
-0.262054443359375 -0.290985107421875 0.303863525390625 0.14117431640625
-0.1708984375 -0.272354125976563 -0.400146484375 -0.291748046875
-0.271469116210938 -0.117263793945313 -0.552490234375 -0.2923583984375
-0.245376586914063 0.0906982421875 -0.5274658203125 0.00775146484374991
-0.0957794189453125 0.224212646484375 -0.36468505859375 0.19085693359375
0.076202392578125 0.201126098632813 -0.178451538085938 0.204513549804688
0.21533203125 0.0871429443359375 -0.067138671875 0.155975341796875
0.214645385742188 -0.0222320556640625 -0.0584640502929688 0.0881423950195313
0.194717407226562 -0.0278778076171875 -0.129951477050781 0.0380477905273437
0.237808227539063 -0.017974853515625 -0.22479248046875 -0.0523834228515625
0.230606079101563 0.078857421875 -0.198455810546875 -0.2357177734375
0.124496459960938 0.215606689453125 -0.072479248046875 -0.38946533203125
-0.0408477783203125 0.236907958984375 0.240142822265625 -0.374481201171875
-0.2703857421875 0.088623046875 0.546630859375 -0.1044921875
-0.303192138671875 -0.12164306640625 0.414398193359375 0.150726318359375
-0.181549072265625 -0.3057861328125 0.23406982421875 0.0329132080078125
-0.119430541992187 -0.179763793945313 -0.485809326171875 -0.32916259765625
-0.195587158203125 -0.0694122314453125 -0.61114501953125 -0.22747802734375
-0.15191650390625 0.0750732421875 -0.49835205078125 0.077667236328125
-0.050689697265625 0.1448974609375 -0.334686279296875 0.20306396484375
0.0570449829101562 0.121139526367187 -0.182388305664063 0.202545166015625
0.142730712890625 0.04412841796875 -0.100906372070313 0.173995971679688
0.135917663574219 -0.0233840942382813 -0.105400085449219 0.127670288085938
0.121932983398438 -0.027587890625 -0.179168701171875 0.07550048828125
0.153732299804688 -0.013519287109375 -0.279129028320313 -0.0457305908203125
0.14569091796875 0.0584869384765625 -0.234893798828125 -0.262725830078125
0.062286376953125 0.149551391601562 -0.043975830078125 -0.425933837890625
-0.0538253784179688 0.140472412109375 0.299835205078125 -0.3653564453125
-0.192169189453125 0.00634765625000002 0.552337646484375 -0.03497314453125
-0.185562133789063 -0.138214111328125 0.362396240234375 0.15008544921875
-0.0863037109375 -0.250991821289063 0.20477294921875 -0.074951171875
-0.02569580078125 -0.086395263671875 -0.545654296875 -0.33758544921875
-0.0890960693359375 -0.0591506958007812 -0.64202880859375 -0.1585693359375
-0.0683174133300781 0.0137176513671875 -0.46295166015625 0.142852783203125
-0.0386505126953125 0.0461540222167969 -0.298583984375 0.2274169921875
0.00287628173828125 0.0443954467773438 -0.16558837890625 0.212615966796875
0.0439529418945313 0.0184173583984375 -0.105789184570312 0.191024780273438
0.0414047241210937 -0.0096282958984375 -0.120452880859375 0.1590576171875
0.0322208404541016 -0.0264358520507813 -0.199783325195313 0.101303100585937
0.0485572814941406 -0.0186805725097656 -0.30157470703125 -0.0452880859374999
0.0522193908691406 0.00501632690429688 -0.241363525390625 -0.28509521484375
0.0263290405273438 0.047882080078125 0.00372314453125003 -0.439422607421875
-0.00882339477539063 0.0435638427734375 0.357391357421875 -0.33587646484375
-0.0685577392578125 -0.0106124877929688 0.55462646484375 0.031982421875
-0.0658416748046875 -0.071258544921875 0.340576171875 0.15155029296875
-0.0110244750976562 -0.133567810058594 0.212844848632813 -0.146804809570313
0.00872802734375 -0.0638427734375 -0.166290283203125 0.158493041992188
-0.0386581420898437 -0.0611991882324219 -0.3067626953125 -0.166839599609375
-0.0906600952148438 -0.0227432250976562 -0.53338623046875 -0.0484313964843751
-0.0758819580078125 0.0540618896484375 -0.44464111328125 0.336212158203125
-0.015655517578125 0.0954513549804688 -0.05389404296875 0.434844970703125
0.0564460754394531 0.0682182312011719 0.261962890625 0.247268676757813
0.0929489135742188 0.00421905517578125 0.323272705078125 -0.02008056640625
0.0721664428710938 -0.014312744140625 0.205245971679688 -0.147308349609375
0.0729751586914063 -0.022857666015625 0.112655639648438 -0.192062377929687
0.081878662109375 -0.0132598876953125 0.108551025390625 -0.21356201171875
0.0759811401367188 0.0168685913085938 0.10992431640625 -0.23577880859375
0.0703048706054688 0.0482711791992187 0.217727661132813 -0.240829467773438
0.017364501953125 0.0959701538085938 0.476165771484375 -0.19390869140625
-0.0489959716796875 0.0805130004882813 0.65283203125 0.01025390625
-0.0687103271484375 0.0191001892089844 0.58905029296875 0.29486083984375
-0.041900634765625 -0.204010009765625 -0.181427001953125 0.114578247070312
-0.113021850585937 -0.16302490234375 -0.3194580078125 -0.20794677734375
-0.209869384765625 -0.054656982421875 -0.53668212890625 -0.0823364257812499
-0.166549682617188 0.123611450195313 -0.45306396484375 0.29522705078125
-0.0198211669921875 0.195907592773437 -0.08673095703125 0.3946533203125
0.1441650390625 0.130844116210938 0.212005615234375 0.230789184570313
0.18902587890625 0.0045623779296875 0.273681640625 -0.0136566162109375
0.158645629882813 -0.0274200439453125 0.164443969726563 -0.134902954101563
0.172805786132812 -0.0444488525390625 0.0706939697265625 -0.176651000976563
0.18634033203125 -0.010772705078125 0.06671142578125 -0.219512939453125
0.161544799804688 0.077117919921875 0.0642547607421875 -0.250213623046875
0.103179931640625 0.141891479492188 0.187225341796875 -0.2681884765625
-0.051666259765625 0.18157958984375 0.466033935546875 -0.235107421875
-0.174880981445312 0.105056762695313 0.64166259765625 -0.00628662109374999
-0.186721801757813 -0.05255126953125 0.5738525390625 0.276123046875
-0.09912109375 -0.307708740234375 -0.20458984375 0.0240478515625
-0.19757080078125 -0.224014282226563 -0.35162353515625 -0.259674072265625
-0.303863525390625 -0.0452880859375 -0.54046630859375 -0.08978271484375
-0.211807250976563 0.197235107421875 -0.434112548828125 0.261260986328125
0.000198364257812501 0.268905639648438 -0.105804443359375 0.33587646484375
0.215835571289063 0.165069580078125 0.1483154296875 0.1968994140625
0.259033203125 -0.0030975341796875 0.196014404296875 -0.00640869140625
0.220993041992188 -0.0394744873046875 0.0989532470703125 -0.102165222167969
0.250564575195313 -0.0595703125 0.00968933105468752 -0.142135620117188
0.2677001953125 -0.0040435791015625 0.00540161132812501 -0.210739135742187
0.225189208984375 0.13507080078125 0.00689697265624999 -0.269256591796875
0.11859130859375 0.225814819335938 0.16778564453125 -0.29962158203125
-0.124160766601563 0.245529174804688 0.471893310546875 -0.249969482421875
-0.2880859375 0.10906982421875 0.61468505859375 0.01141357421875
-0.278732299804688 -0.127716064453125 0.515167236328125 0.245697021484375
-0.160675048828125 -0.350921630859375 -0.25274658203125 -0.0838775634765625
-0.275314331054688 -0.220535278320312 -0.410552978515625 -0.29150390625
-0.35028076171875 0.015289306640625 -0.54107666015625 -0.0687866210937499
-0.203094482421875 0.2630615234375 -0.40362548828125 0.2318115234375
0.044158935546875 0.29730224609375 -0.125167846679688 0.276641845703125
0.2655029296875 0.157974243164063 0.0731048583984375 0.165603637695313
0.28955078125 -0.0208740234375 0.104316711425781 0.0166168212890625
0.253677368164063 -0.0469970703125 0.0210113525390625 -0.0539817810058594
0.293426513671875 -0.064544677734375 -0.0662002563476563 -0.0970230102539062
0.31072998046875 0.014251708984375 -0.06866455078125 -0.201553344726563
0.249267578125 0.187835693359375 -0.046783447265625 -0.29205322265625
0.099517822265625 0.2877197265625 0.15972900390625 -0.33306884765625
-0.204696655273438 0.2635498046875 0.49114990234375 -0.23394775390625
-0.36602783203125 0.067352294921875 0.56329345703125 0.05377197265625
-0.31689453125 -0.2060546875 0.4193115234375 0.193450927734375
-0.19989013671875 -0.32952880859375 -0.333099365234375 -0.18212890625
-0.3114013671875 -0.165802001953125 -0.48883056640625 -0.2900390625
-0.327178955078125 0.0819396972656251 -0.536895751953125 -0.0249633789062499
-0.14630126953125 0.283172607421875 -0.375152587890625 0.211578369140625
0.08612060546875 0.2735595703125 -0.148757934570312 0.229705810546875
0.275314331054688 0.118423461914062 -0.00210571289062497 0.152389526367188
0.276626586914062 -0.0372314453125 0.0138664245605469 0.0520439147949219
0.247055053710938 -0.04998779296875 -0.059356689453125 -0.000186920166015626
0.292694091796875 -0.05670166015625 -0.15093994140625 -0.05511474609375
0.3056640625 0.042144775390625 -0.147140502929687 -0.200515747070312
0.220611572265625 0.224395751953125 -0.08843994140625 -0.32861328125
0.03955078125 0.30133056640625 0.176300048828125 -0.3612060546875
-0.266006469726563 0.214401245117187 0.513336181640625 -0.193511962890625
-0.381072998046875 -0.0141296386718751 0.49169921875 0.1004638671875
-0.29364013671875 -0.27105712890625 0.314422607421875 0.1123046875
-0.19232177734375 -0.262786865234375 -0.43389892578125 -0.24957275390625
-0.28521728515625 -0.099029541015625 -0.565185546875 -0.2423095703125
-0.250579833984375 0.111679077148438 -0.51446533203125 0.0365600585937501
-0.085296630859375 0.243560791015625 -0.346038818359375 0.203369140625
0.100723266601563 0.207305908203125 -0.168472290039063 0.206024169921875
0.237503051757813 0.071563720703125 -0.0625457763671875 0.15802001953125
0.225479125976562 -0.0458221435546875 -0.05987548828125 0.094390869140625
0.200286865234375 -0.0439910888671875 -0.128341674804688 0.0540542602539063
0.245712280273438 -0.0423736572265625 -0.227401733398437 -0.0278472900390625
0.24822998046875 0.0610809326171875 -0.213821411132813 -0.211669921875
0.150375366210938 0.215103149414063 -0.09832763671875 -0.37542724609375
-0.02569580078125 0.248336791992188 0.215789794921875 -0.380706787109375
-0.2708740234375 0.111434936523437 0.533172607421875 -0.128692626953125
-0.3165283203125 -0.0972900390625 0.41046142578125 0.1292724609375
-0.21258544921875 -0.292510986328125 0.229507446289063 0.010589599609375
-0.130950927734375 -0.178863525390625 -0.5211181640625 -0.279815673828125
-0.205947875976562 -0.05682373046875 -0.62139892578125 -0.17266845703125
-0.155517578125 0.08941650390625 -0.481292724609375 0.104461669921875
-0.0429534912109375 0.159225463867188 -0.315521240234375 0.20989990234375
0.0703659057617188 0.125457763671875 -0.174514770507813 0.20623779296875
0.157379150390625 0.03314208984375 -0.0977783203125 0.180038452148437
0.142303466796875 -0.0384674072265625 -0.103767395019531 0.139518737792969
0.1280517578125 -0.0383377075195313 -0.1781005859375 0.0955963134765625
0.1591796875 -0.0283966064453125 -0.28533935546875 -0.0140380859375
0.157958984375 0.049591064453125 -0.254913330078125 -0.239349365234375
0.075958251953125 0.151336669921875 -0.0777587890625 -0.4168701171875
-0.0482330322265625 0.149215698242188 0.27545166015625 -0.377471923828125
-0.193344116210938 0.0192718505859375 0.5439453125 -0.0601806640625
-0.19647216796875 -0.12139892578125 0.355010986328125 0.135406494140625
-0.107223510742188 -0.245559692382813 0.191635131835938 -0.0950164794921875
-0.0256271362304688 -0.0898361206054688 -0.58428955078125 -0.28521728515625
-0.098052978515625 -0.053680419921875 -0.65081787109375 -0.1025390625
-0.073822021484375 0.0181655883789062 -0.44189453125 0.165985107421875
-0.0394935607910156 0.0558242797851562 -0.281219482421875 0.2313232421875
0.00757598876953125 0.0528564453125 -0.158462524414063 0.21173095703125
0.0531539916992188 0.0140304565429688 -0.104339599609375 0.199478149414062
0.0452079772949219 -0.0173377990722656 -0.119232177734375 0.175979614257813
0.0330257415771484 -0.0284996032714844 -0.198593139648438 0.125106811523437
0.051055908203125 -0.02239990234375 -0.309539794921875 -0.01416015625
0.0534782409667969 0.00236129760742188 -0.266098022460937 -0.259841918945313
0.0312728881835938 0.0495071411132813 -0.027801513671875 -0.43438720703125
-0.00799560546875 0.0437164306640625 0.333160400390625 -0.34857177734375
-0.0691680908203125 -0.00763320922851562 0.549072265625 0.009033203125
-0.070343017578125 -0.0649032592773438 0.3299560546875 0.1370849609375
-0.0188217163085937 -0.134658813476563 0.19012451171875 -0.170944213867188
0.0039215087890625 -0.0665359497070313 -0.143936157226563 0.176223754882812
-0.0424385070800781 -0.0559921264648438 -0.288116455078125 -0.157470703125
-0.0973892211914063 -0.0170211791992188 -0.5250244140625 -0.044891357421875
-0.0771865844726563 0.0616607666015625 -0.42889404296875 0.34527587890625
-0.00826263427734375 0.100547790527344 -0.03173828125 0.431243896484375
0.065338134765625 0.0642623901367188 0.273529052734375 0.226593017578125
0.0943756103515625 -0.003387451171875 0.323089599609375 -0.046783447265625
0.0695838928222656 -0.020751953125 0.2000732421875 -0.170791625976563
0.0703277587890625 -0.02996826171875 0.111846923828125 -0.206573486328125
0.08038330078125 -0.0222625732421875 0.110931396484375 -0.218475341796875
0.079620361328125 0.010711669921875 0.112625122070313 -0.228652954101563
0.0755691528320312 0.0431671142578125 0.209945678710938 -0.233261108398438
0.0286026000976563 0.0957107543945313 0.44757080078125 -0.20721435546875
-0.0447769165039062 0.0917129516601563 0.64068603515625 -0.0272216796875
-0.0716781616210938 0.0299072265625 0.616455078125 0.248291015625
-0.057342529296875 -0.203231811523438 -0.163253784179688 0.135086059570313
-0.123291015625 -0.154571533203125 -0.30462646484375 -0.19342041015625
-0.220596313476562 -0.0401153564453125 -0.5289306640625 -0.07586669921875
-0.1624755859375 0.140350341796875 -0.434173583984375 0.302398681640625
-0.00350952148437499 0.203994750976563 -0.0640869140625 0.390625
0.158782958984375 0.122207641601563 0.223648071289063 0.213851928710938
0.194656372070313 -0.0137176513671875 0.274978637695313 -0.0372161865234375
0.1583251953125 -0.0410919189453125 0.160415649414063 -0.15301513671875
0.172714233398438 -0.0609893798828125 0.072357177734375 -0.187515258789063
0.189056396484375 -0.0289306640625 0.06732177734375 -0.221145629882813
0.172760009765625 0.06640625 0.0630035400390625 -0.242721557617188
0.115196228027344 0.139656066894531 0.178726196289062 -0.259918212890625
-0.038726806640625 0.18804931640625 0.436859130859375 -0.24493408203125
-0.172286987304688 0.123626708984375 0.6292724609375 -0.041748046875
-0.195159912109375 -0.0343780517578125 0.597900390625 0.23162841796875
-0.121734619140625 -0.302734375 -0.195480346679688 0.0458984375
-0.210205078125 -0.210006713867187 -0.341278076171875 -0.240447998046875
-0.315704345703125 -0.0236816406250001 -0.53155517578125 -0.080047607421875
-0.20684814453125 0.22064208984375 -0.41650390625 0.268585205078125
0.021026611328125 0.278427124023437 -0.08740234375 0.332977294921875
0.23773193359375 0.14947509765625 0.158111572265625 0.18389892578125
0.266952514648438 -0.027801513671875 0.195999145507813 -0.0214996337890625
0.225341796875 -0.0575408935546875 0.0959701538085938 -0.112823486328125
0.252853393554688 -0.0831146240234375 0.0121612548828125 -0.145553588867188
0.274612426757813 -0.0289764404296875 0.00634765625000001 -0.20965576171875
0.245040893554688 0.1220703125 0.00450134277343749 -0.25482177734375
0.13970947265625 0.225982666015625 0.15557861328125 -0.292236328125
-0.111968994140625 0.26068115234375 0.44476318359375 -0.25921630859375
-0.284881591796875 0.13299560546875 0.60107421875 -0.02020263671875
-0.29254150390625 -0.10595703125 0.533905029296875 0.206146240234375
-0.183929443359375 -0.341705322265625 -0.252639770507813 -0.0577850341796876
-0.2900390625 -0.20208740234375 -0.405548095703125 -0.269012451171875
-0.3590087890625 0.037750244140625 -0.53253173828125 -0.056854248046875
-0.19097900390625 0.285736083984375 -0.387725830078125 0.236419677734375
0.0682373046875 0.306243896484375 -0.112548828125 0.272247314453125
0.289794921875 0.13861083984375 0.0796356201171875 0.15740966796875
0.297088623046875 -0.0472412109375 0.103408813476563 0.008514404296875
0.258651733398438 -0.0690155029296875 0.0206718444824219 -0.0588798522949219
0.299041748046875 -0.09210205078125 -0.0637054443359375 -0.0924301147460938
0.323516845703125 -0.01055908203125 -0.07000732421875 -0.19354248046875
0.27423095703125 0.177566528320313 -0.05517578125 -0.27642822265625
0.122711181640625 0.2921142578125 0.14617919921875 -0.324493408203125
-0.192596435546875 0.284332275390625 0.468841552734375 -0.246185302734375
-0.36700439453125 0.096435546875 0.554290771484375 0.029693603515625
-0.339019775390625 -0.182373046875 0.43267822265625 0.16107177734375
-0.221710205078125 -0.31829833984375 -0.342559814453125 -0.148773193359375
-0.323944091796875 -0.147674560546875 -0.4876708984375 -0.25726318359375
-0.333221435546875 0.102935791015625 -0.524078369140625 -0.0086364746093751
-0.133087158203125 0.305267333984375 -0.359344482421875 0.2152099609375
0.110931396484375 0.278518676757813 -0.140594482421875 0.22698974609375
0.297882080078125 0.0986328125 0.00103759765625002 0.148208618164063
0.284393310546875 -0.064117431640625 0.01214599609375 0.0517654418945312
0.252471923828125 -0.070892333984375 -0.0586433410644531 0.00441360473632811
0.29998779296875 -0.08367919921875 -0.146530151367187 -0.0412139892578125
0.32025146484375 0.018341064453125 -0.15155029296875 -0.185348510742188
0.2470703125 0.217086791992188 -0.101470947265625 -0.311279296875
0.061553955078125 0.309661865234375 0.1610107421875 -0.35711669921875
-0.259521484375 0.235931396484375 0.495880126953125 -0.20635986328125
-0.38616943359375 0.0154113769531251 0.4835205078125 0.08258056640625
-0.316436767578125 -0.250152587890625 0.319061279296875 0.0885009765625
-0.2080078125 -0.255615234375 -0.45050048828125 -0.207916259765625
-0.2938232421875 -0.0849914550781251 -0.56646728515625 -0.20281982421875
-0.254547119140625 0.1295166015625 -0.498565673828125 0.0538940429687501
-0.0721435546875 0.261947631835937 -0.332244873046875 0.20361328125
0.120193481445313 0.212249755859375 -0.163818359375 0.2039794921875
0.257080078125 0.053009033203125 -0.0627593994140625 0.160507202148437
0.23162841796875 -0.068206787109375 -0.0610427856445312 0.102188110351563
0.207290649414063 -0.0628814697265625 -0.126945495605469 0.0640106201171875
0.254196166992188 -0.0615081787109375 -0.225448608398437 -0.00488281250000004
0.263229370117188 0.0406951904296875 -0.223007202148437 -0.193313598632813
0.1737060546875 0.212539672851563 -0.11810302734375 -0.35955810546875
-0.0106048583984375 0.25909423828125 0.199127197265625 -0.378082275390625
-0.268447875976563 0.129974365234375 0.519439697265625 -0.14154052734375
-0.3245849609375 -0.07427978515625 0.402679443359375 0.119781494140625
-0.233856201171875 -0.278366088867188 0.225814819335937 -0.00869750976562502
-0.140045166015625 -0.17620849609375 -0.546295166015625 -0.23321533203125
-0.212539672851563 -0.0477142333984375 -0.6187744140625 -0.12823486328125
-0.15985107421875 0.097930908203125 -0.460418701171875 0.1181640625
-0.037109375 0.173782348632812 -0.3033447265625 0.2081298828125
0.086273193359375 0.130439758300781 -0.171371459960938 0.202713012695312
0.173721313476563 0.020355224609375 -0.0982818603515625 0.184738159179688
0.147140502929688 -0.0538330078125 -0.1053466796875 0.154220581054688
0.130226135253906 -0.0505752563476562 -0.1761474609375 0.113021850585937
0.16650390625 -0.0406951904296875 -0.28369140625 0.01068115234375
0.166748046875 0.0377044677734375 -0.268051147460938 -0.216781616210937
0.0911102294921875 0.151702880859375 -0.0970458984375 -0.404022216796875
-0.0405731201171875 0.15679931640625 0.25762939453125 -0.3785400390625
-0.195144653320312 0.0316009521484375 0.5330810546875 -0.069366455078125
-0.202606201171875 -0.108642578125 0.34234619140625 0.1297607421875
-0.1251220703125 -0.238983154296875 0.173171997070312 -0.110610961914063
-0.0271072387695313 -0.0974349975585938 -0.6114501953125 -0.234619140625
-0.101097106933594 -0.0532913208007813 -0.64520263671875 -0.0573730468749999
-0.0788650512695313 0.0220718383789063 -0.4180908203125 0.17559814453125
-0.0398521423339844 0.0642852783203125 -0.27032470703125 0.2254638671875
0.0160980224609375 0.0573768615722656 -0.157363891601563 0.21136474609375
0.0617561340332031 0.0113983154296875 -0.10687255859375 0.207000732421875
0.0480728149414063 -0.0216407775878906 -0.120162963867187 0.191986083984375
0.0339260101318359 -0.0306224822998047 -0.194610595703125 0.145126342773437
0.0531349182128906 -0.0253410339355469 -0.310638427734375 0.0147705078125
0.0572700500488281 -0.000209808349609375 -0.279205322265625 -0.2349853515625
0.0352973937988281 0.0489234924316406 -0.051544189453125 -0.422210693359375
-0.00604629516601563 0.0424385070800781 0.319122314453125 -0.35406494140625
-0.0661544799804688 -0.00501632690429687 0.538665771484375 0.001708984375
-0.0680313110351562 -0.0589447021484375 0.314117431640625 0.131500244140625
-0.0269012451171875 -0.132682800292969 0.166976928710938 -0.1845703125
-0.001617431640625 -0.0713958740234375 -0.121719360351562 0.192886352539063
-0.0452537536621094 -0.051605224609375 -0.269561767578125 -0.156402587890625
-0.104278564453125 -0.00937652587890623 -0.528228759765625 -0.050201416015625
-0.0785064697265625 0.070465087890625 -0.421875 0.350830078125
-1.52587890624938E-05 0.104484558105469 -0.0162353515625 0.43060302734375
0.0722503662109375 0.0588760375976562 0.286163330078125 0.212371826171875
0.0949325561523438 -0.0125045776367188 0.3251953125 -0.072357177734375
0.0669517517089844 -0.0259666442871094 0.196258544921875 -0.192596435546875
0.0664939880371094 -0.0361213684082031 0.114334106445313 -0.224609375
0.078094482421875 -0.029998779296875 0.118392944335938 -0.22735595703125
0.0826263427734375 0.003387451171875 0.119796752929688 -0.225051879882813
0.0809707641601563 0.0378875732421875 0.208419799804688 -0.22503662109375
0.0389175415039062 0.0960540771484375 0.427032470703125 -0.210540771484375
-0.0385284423828125 0.102737426757812 0.63153076171875 -0.05487060546875
-0.0743942260742188 0.0415496826171875 0.6451416015625 0.2091064453125
-0.0710296630859375 -0.2047119140625 -0.145065307617187 0.152313232421875
-0.13250732421875 -0.1461181640625 -0.28753662109375 -0.190765380859375
-0.232162475585937 -0.0284576416015625 -0.529266357421875 -0.080596923828125
-0.162429809570313 0.156570434570313 -0.428802490234375 0.307220458984375
0.0115509033203125 0.213058471679688 -0.051849365234375 0.3900146484375
0.175643920898438 0.112396240234375 0.234664916992188 0.20098876953125
0.20098876953125 -0.030517578125 0.276229858398438 -0.0600738525390625
0.16070556640625 -0.0556793212890625 0.157440185546875 -0.17230224609375
0.173965454101562 -0.0776214599609375 0.0751800537109375 -0.201522827148438
0.1922607421875 -0.04541015625 0.07373046875 -0.229507446289063
0.18585205078125 0.0571136474609375 0.068359375 -0.236801147460937
0.129913330078125 0.137939453125 0.177520751953125 -0.251861572265625
-0.0282440185546875 0.196975708007813 0.417572021484375 -0.2489013671875
-0.168991088867187 0.142715454101563 0.62249755859375 -0.06732177734375
-0.20477294921875 -0.01849365234375 0.62408447265625 0.19390869140625
-0.140655517578125 -0.299560546875 -0.184646606445313 0.066070556640625
-0.221710205078125 -0.198287963867188 -0.328948974609375 -0.23193359375
-0.32879638671875 -0.00720214843750007 -0.5302734375 -0.0812072753906251
-0.201644897460938 0.242813110351562 -0.40899658203125 0.270233154296875
0.04217529296875 0.289276123046875 -0.078094482421875 0.330535888671875
0.260589599609375 0.135574340820313 0.164688110351563 0.174407958984375
0.27545166015625 -0.05108642578125 0.197479248046875 -0.037261962890625
0.23004150390625 -0.077789306640625 0.0953369140625 -0.127449035644531
0.25848388671875 -0.109207153320313 0.016021728515625 -0.153106689453125
0.28424072265625 -0.05072021484375 0.00950622558593752 -0.213027954101563
0.267318725585938 0.11083984375 0.00631713867187503 -0.247314453125
0.160003662109375 0.228866577148438 0.153839111328125 -0.28363037109375
-0.101654052734375 0.277587890625 0.42767333984375 -0.26373291015625
-0.286346435546875 0.158447265625 0.5970458984375 -0.04229736328125
-0.308349609375 -0.086029052734375 0.55572509765625 0.1715087890625
-0.20556640625 -0.336029052734375 -0.251571655273438 -0.034027099609375
-0.302764892578125 -0.188873291015625 -0.399139404296875 -0.25482177734375
-0.37115478515625 0.0584106445312499 -0.5286865234375 -0.0544433593750001
-0.182098388671875 0.311126708984375 -0.379791259765625 0.238555908203125
0.092498779296875 0.316070556640625 -0.105911254882812 0.269134521484375
0.313873291015625 0.1201171875 0.0827789306640625 0.151763916015625
0.307464599609375 -0.07427978515625 0.102806091308594 0.000740051269531246
0.265029907226563 -0.091522216796875 0.0194854736328125 -0.0635147094726563
0.30645751953125 -0.1202392578125 -0.058563232421875 -0.0913162231445313
0.337646484375 -0.03546142578125 -0.0690155029296875 -0.190658569335938
0.3018798828125 0.16827392578125 -0.0570526123046874 -0.265548706054687
0.145751953125 0.299102783203125 0.142669677734375 -0.319061279296875
-0.183868408203125 0.3062744140625 0.454742431640625 -0.25347900390625
-0.37158203125 0.125091552734375 0.550933837890625 0.01336669921875
-0.358428955078125 -0.1627197265625 0.4462890625 0.134735107421875
-0.240692138671875 -0.313720703125 -0.350616455078125 -0.11968994140625
-0.337432861328125 -0.133758544921875 -0.4852294921875 -0.235137939453125
-0.343231201171875 0.12371826171875 -0.517791748046875 -0.00207519531250008
-0.12139892578125 0.329315185546875 -0.352874755859375 0.21405029296875
0.135986328125 0.286895751953125 -0.139266967773437 0.22320556640625
0.32159423828125 0.078399658203125 0.000732421875000006 0.147506713867187
0.294036865234375 -0.090728759765625 0.0105056762695313 0.0526275634765625
0.259323120117188 -0.09320068359375 -0.0583877563476562 0.00781631469726563
0.3094482421875 -0.1104736328125 -0.14215087890625 -0.0317230224609375
0.33673095703125 -0.00433349609375 -0.154983520507813 -0.175323486328125
0.275009155273438 0.211929321289063 -0.1090087890625 -0.29937744140625
0.081878662109375 0.32049560546875 0.153900146484375 -0.35345458984375
-0.256317138671875 0.2587890625 0.4869384765625 -0.212677001953125
-0.394989013671875 0.040435791015625 0.480865478515625 0.0736083984375
-0.338348388671875 -0.233978271484375 0.323333740234375 0.07000732421875
-0.223251342773438 -0.252639770507813 -0.4661865234375 -0.172332763671875
-0.30633544921875 -0.072509765625 -0.56231689453125 -0.174041748046875
-0.262313842773438 0.144668579101563 -0.48736572265625 0.060272216796875
-0.060516357421875 0.282073974609375 -0.327545166015625 0.200286865234375
0.141830444335937 0.217041015625 -0.166488647460938 0.200851440429688
0.276580810546875 0.034393310546875 -0.065338134765625 0.164108276367187
0.239303588867188 -0.0907745361328125 -0.0627288818359375 0.112403869628906
0.214080810546875 -0.0826873779296875 -0.126502990722656 0.0761032104492187
0.263992309570313 -0.0847015380859375 -0.222671508789062 0.0123291015625
0.27874755859375 0.0254364013671875 -0.229461669921875 -0.179183959960938
0.19659423828125 0.212539672851562 -0.132171630859375 -0.34735107421875
0.00349426269531249 0.27166748046875 0.191864013671875 -0.3770751953125
-0.269989013671875 0.148422241210938 0.5155029296875 -0.147552490234375
-0.3350830078125 -0.0556640624999999 0.3983154296875 0.118133544921875
-0.254440307617187 -0.26751708984375 0.21826171875 -0.021881103515625
-0.148284912109375 -0.177749633789063 -0.56787109375 -0.1923828125
-0.221527099609375 -0.041656494140625 -0.61688232421875 -0.0955200195312499
-0.16632080078125 0.1083984375 -0.447601318359375 0.123809814453125
-0.0299835205078125 0.188186645507813 -0.299407958984375 0.203094482421875
0.101951599121094 0.1358642578125 -0.175827026367187 0.199493408203125
0.187759399414063 0.0083160400390625 -0.1044921875 0.191879272460938
0.154342651367188 -0.0689544677734375 -0.107254028320312 0.169189453125
0.1358642578125 -0.0607681274414063 -0.17327880859375 0.13006591796875
0.175003051757813 -0.0538787841796875 -0.284942626953125 0.03375244140625
0.178604125976563 0.0286865234375 -0.278060913085937 -0.198104858398438
0.1063232421875 0.154006958007813 -0.11248779296875 -0.396148681640625
-0.03558349609375 0.164886474609375 0.251190185546875 -0.379638671875
-0.197341918945313 0.04083251953125 0.532073974609375 -0.072113037109375
-0.208755493164063 -0.0982818603515625 0.332275390625 0.1341552734375
-0.139907836914063 -0.234375 0.158432006835937 -0.120742797851563
-0.0285186767578125 -0.107070922851562 -0.63494873046875 -0.19219970703125
-0.108879089355469 -0.0514144897460938 -0.6416015625 -0.02203369140625
-0.08514404296875 0.0257949829101562 -0.40374755859375 0.178741455078125
-0.040374755859375 0.0753631591796875 -0.265640258789063 0.218948364257812
0.0241279602050781 0.0635948181152344 -0.163162231445313 0.2071533203125
0.0714111328125 0.00672149658203125 -0.112350463867187 0.215621948242188
0.051300048828125 -0.0279769897460938 -0.121124267578125 0.209701538085938
0.0372390747070312 -0.0333976745605469 -0.193206787109375 0.165283203125
0.0570564270019531 -0.0286979675292969 -0.3131103515625 0.0399475097656251
0.0615081787109375 -0.00289154052734375 -0.2928466796875 -0.21746826171875
0.0402679443359375 0.048675537109375 -0.065948486328125 -0.4178466796875
-0.00647735595703125 0.0435714721679688 0.314361572265625 -0.356231689453125
-0.0657844543457031 -0.00383758544921874 0.535980224609375 0.004058837890625
-0.0687828063964844 -0.0556068420410156 0.29864501953125 0.137054443359375
-0.0331497192382812 -0.132278442382813 0.1456298828125 -0.195556640625
-0.0104446411132812 -0.07659912109375 -0.0962982177734375 0.210601806640625
-0.0494422912597656 -0.0479202270507813 -0.253982543945313 -0.162857055664063
-0.112907409667969 -0.00149536132812502 -0.5418701171875 -0.054931640625
-0.0807647705078125 0.0828323364257813 -0.422454833984375 0.362274169921875
0.00946044921875001 0.110908508300781 0.00180053710937505 0.435760498046875
0.0805587768554688 0.0540924072265625 0.303192138671875 0.19775390625
0.0957107543945313 -0.0230560302734375 0.329437255859375 -0.102813720703125
0.0652046203613281 -0.0320014953613281 0.192626953125 -0.221023559570313
0.0631942749023438 -0.0432319641113281 0.1148681640625 -0.249374389648438
0.0760116577148438 -0.0388107299804688 0.12640380859375 -0.245651245117187
0.085845947265625 -0.00588226318359375 0.130996704101562 -0.229019165039062
0.0874557495117188 0.031524658203125 0.212875366210938 -0.2208251953125
0.049407958984375 0.0962066650390625 0.41302490234375 -0.215972900390625
-0.0309066772460938 0.115943908691406 0.63134765625 -0.0860595703125
-0.0761642456054688 0.0543060302734375 0.68194580078125 0.16546630859375
-0.0894927978515625 -0.207717895507812 -0.124374389648437 0.171524047851562
-0.142562866210938 -0.140274047851563 -0.273574829101563 -0.193756103515625
-0.247665405273438 -0.0133056640624999 -0.54095458984375 -0.0858154296874999
-0.161392211914063 0.179306030273437 -0.4285888671875 0.31768798828125
0.0301513671875 0.2252197265625 -0.038238525390625 0.3948974609375
0.194656372070312 0.101791381835937 0.249984741210937 0.189437866210938
0.20770263671875 -0.050750732421875 0.279953002929688 -0.0855255126953125
0.162246704101563 -0.0717926025390625 0.153289794921875 -0.196884155273438
0.174957275390625 -0.097442626953125 0.0757293701171875 -0.222671508789063
0.197738647460938 -0.065155029296875 0.07940673828125 -0.243942260742187
0.202835083007813 0.0443115234375 0.077239990234375 -0.2386474609375
0.147735595703125 0.136184692382813 0.181671142578125 -0.249038696289062
-0.016357421875 0.208877563476563 0.404937744140625 -0.255462646484375
-0.165451049804687 0.165985107421875 0.6236572265625 -0.0972900390625
-0.216079711914063 -0.000656127929687543 0.6590576171875 0.15185546875
-0.1661376953125 -0.3004150390625 -0.173202514648437 0.0867462158203125
-0.238113403320313 -0.18865966796875 -0.322113037109375 -0.230865478515625
-0.34716796875 0.015045166015625 -0.54034423828125 -0.0841064453125
-0.196182250976563 0.271759033203125 -0.410675048828125 0.27874755859375
0.0677490234375 0.30352783203125 -0.069915771484375 0.33282470703125
0.285919189453125 0.11883544921875 0.174819946289063 0.166030883789063
0.285919189453125 -0.079803466796875 0.19866943359375 -0.0555419921875
0.235595703125 -0.102294921875 0.0918426513671875 -0.144439697265625
0.26336669921875 -0.138534545898438 0.0186920166015625 -0.166778564453125
0.296051025390625 -0.078460693359375 0.013153076171875 -0.222305297851563
0.294677734375 0.09674072265625 0.01123046875 -0.245376586914062
0.1861572265625 0.231887817382813 0.15521240234375 -0.2821044921875
-0.0882568359375 0.299346923828125 0.418212890625 -0.2728271484375
-0.28753662109375 0.189666748046875 0.5997314453125 -0.06744384765625
-0.327056884765625 -0.064788818359375 0.5843505859375 0.1358642578125
-0.2327880859375 -0.334259033203125 -0.250518798828125 -0.01043701171875
-0.3216552734375 -0.176025390625 -0.39874267578125 -0.24609375
-0.389373779296875 0.0836181640625 -0.536865234375 -0.0513916015625001
-0.170501708984375 0.343658447265625 -0.380706787109375 0.24432373046875
0.124298095703125 0.32916259765625 -0.103515625 0.27032470703125
0.3426513671875 0.098114013671875 0.0880584716796875 0.147674560546875
0.319549560546875 -0.1070556640625 0.103164672851563 -0.00811004638671876
0.272781372070313 -0.120223999023438 0.0167236328125 -0.0713119506835938
0.3155517578125 -0.155914306640625 -0.0554962158203125 -0.0939254760742188
0.3544921875 -0.067108154296875 -0.06976318359375 -0.191375732421875
0.33636474609375 0.154937744140625 -0.0588226318359375 -0.258956909179688
0.175994873046875 0.30780029296875 0.141754150390625 -0.3199462890625
-0.1751708984375 0.334686279296875 0.449127197265625 -0.264129638671875
-0.378082275390625 0.158416748046875 0.556488037109375 -0.00561523437499999
-0.3839111328125 -0.141937255859375 0.465850830078125 0.106170654296875
-0.26788330078125 -0.3111572265625 -0.361541748046875 -0.08929443359375
-0.35675048828125 -0.11968994140625 -0.48834228515625 -0.2166748046875
-0.359466552734375 0.150238037109375 -0.52117919921875 0.0028991699218751
-0.10552978515625 0.3597412109375 -0.353546142578125 0.217620849609375
0.167999267578125 0.29730224609375 -0.141937255859375 0.225006103515625
0.349395751953125 0.053802490234375 0.000579833984375022 0.148818969726562
0.3043212890625 -0.123748779296875 0.00979995727539064 0.0551300048828125
0.268600463867188 -0.121231079101562 -0.0599021911621094 0.0113563537597656
0.32110595703125 -0.1456298828125 -0.139175415039062 -0.0227432250976563
0.3575439453125 -0.032684326171875 -0.160507202148438 -0.168167114257812
0.311798095703125 0.2042236328125 -0.117919921875 -0.29058837890625
0.109588623046875 0.335418701171875 0.150177001953125 -0.356903076171875
-0.253082275390625 0.28851318359375 0.487152099609375 -0.224334716796875
-0.407745361328125 0.07086181640625 0.48626708984375 0.067413330078125
-0.36724853515625 -0.216461181640625 0.332550048828125 0.049652099609375
-0.244979858398437 -0.252395629882812 -0.486053466796875 -0.135467529296875
-0.322784423828125 -0.060394287109375 -0.56854248046875 -0.14794921875
-0.274398803710938 0.167526245117187 -0.48529052734375 0.0668029785156251
-0.04510498046875 0.30828857421875 -0.329803466796875 0.201263427734375
0.1702880859375 0.224380493164062 -0.17352294921875 0.202774047851562
0.299652099609375 0.01116943359375 -0.0692291259765625 0.1708984375
0.246627807617188 -0.119125366210938 -0.0643310546875 0.124786376953125
0.2222900390625 -0.105682373046875 -0.126190185546875 0.0900192260742187
0.275680541992188 -0.113510131835938 -0.22198486328125 0.0307769775390625
0.29840087890625 0.004608154296875 -0.240447998046875 -0.165390014648438
0.22674560546875 0.211349487304688 -0.144989013671875 -0.340423583984375
0.02099609375 0.2882080078125 0.186920166015625 -0.38555908203125
-0.273910522460938 0.171295166015625 0.5205078125 -0.156341552734375
-0.349029541015625 -0.034088134765625 0.401397705078125 0.120208740234375
-0.280868530273438 -0.25762939453125 0.215255737304688 -0.035125732421875
-0.162017822265625 -0.183029174804687 -0.59423828125 -0.146728515625
-0.234954833984375 -0.0335693359375 -0.62078857421875 -0.0614624023437501
-0.175460815429688 0.123809814453125 -0.441619873046875 0.1312255859375
-0.019744873046875 0.208358764648437 -0.302093505859375 0.20330810546875
0.122756958007813 0.141021728515625 -0.185104370117188 0.202499389648438
0.204238891601563 -0.0083770751953125 -0.110443115234375 0.204925537109375
0.159103393554688 -0.0884246826171875 -0.108078002929688 0.189651489257812
0.142044067382813 -0.076416015625 -0.17242431640625 0.152587890625
0.184539794921875 -0.07330322265625 -0.286102294921875 0.0598754882812499
0.193161010742188 0.016632080078125 -0.2938232421875 -0.181396484375
0.1256103515625 0.155548095703125 -0.1304931640625 -0.39288330078125
-0.0280303955078125 0.1759033203125 0.249786376953125 -0.390472412109375
-0.203048706054688 0.052154541015625 0.54254150390625 -0.075286865234375
-0.2183837890625 -0.0885009765625 0.329437255859375 0.143157958984375
-0.157821655273438 -0.231491088867188 0.143478393554688 -0.132492065429688
-0.0327682495117188 -0.118400573730469 -0.66668701171875 -0.14300537109375
-0.117889404296875 -0.0503158569335938 -0.64410400390625 0.0137939453125001
-0.0940933227539062 0.0309982299804688 -0.396514892578125 0.18463134765625
-0.0379867553710938 0.0885162353515625 -0.269699096679688 0.215164184570312
0.0348396301269531 0.0699386596679688 -0.174072265625 0.210403442382813
0.0810165405273438 0.0007781982421875 -0.120040893554687 0.231964111328125
0.0542831420898438 -0.0358619689941406 -0.121017456054687 0.234664916992188
0.0396919250488281 -0.0380744934082031 -0.19122314453125 0.191558837890625
0.0618667602539062 -0.0350685119628906 -0.317901611328125 0.069122314453125
0.0662689208984375 -0.00669097900390625 -0.310516357421875 -0.198944091796875
0.0461692810058594 0.0491943359375 -0.083404541015625 -0.417694091796875
-0.00641250610351563 0.0454254150390625 0.31158447265625 -0.367767333984375
-0.066131591796875 -0.00342559814453126 0.545623779296875 0.00433349609375
-0.069580078125 -0.0522384643554688 0.290008544921875 0.147247314453125
-0.0408477783203125 -0.133514404296875 0.12469482421875 -0.2083740234375
-0.0230026245117188 -0.08154296875 -0.061920166015625 0.228683471679687
-0.0530204772949219 -0.0443954467773437 -0.24285888671875 -0.173248291015625
-0.122421264648438 0.0104141235351562 -0.56439208984375 -0.0503540039062499
-0.0790786743164062 0.0990753173828125 -0.4219970703125 0.38787841796875
0.0224609375 0.116836547851562 0.02581787109375 0.4432373046875
0.0898056030273438 0.0467300415039063 0.3258056640625 0.176605224609375
0.094879150390625 -0.035125732421875 0.32952880859375 -0.142913818359375
0.0617828369140625 -0.039337158203125 0.180419921875 -0.257064819335937
0.05792236328125 -0.0510978698730469 0.10736083984375 -0.28302001953125
0.0722427368164062 -0.0497665405273438 0.130218505859375 -0.272705078125
0.088592529296875 -0.0169677734375 0.14178466796875 -0.241958618164063
0.0949859619140625 0.0231246948242188 0.2193603515625 -0.224746704101563
0.0639266967773437 0.0940093994140625 0.400390625 -0.22802734375
-0.017059326171875 0.13037109375 0.6341552734375 -0.1298828125
-0.0751724243164063 0.07012939453125 0.72320556640625 0.10052490234375
-0.11529541015625 -0.2083740234375 -0.096221923828125 0.191619873046875
-0.156158447265625 -0.131683349609375 -0.264205932617188 -0.199371337890625
-0.265121459960937 0.00993347167968747 -0.56268310546875 -0.0797729492187501
-0.155014038085938 0.208770751953125 -0.430084228515625 0.33978271484375
0.056182861328125 0.23590087890625 -0.0186767578125 0.402008056640625
0.215621948242187 0.0844268798828125 0.269012451171875 0.172744750976563
0.211502075195313 -0.0785369873046875 0.280502319335938 -0.12017822265625
0.161758422851563 -0.09344482421875 0.141372680664063 -0.228042602539063
0.172882080078125 -0.124008178710937 0.06903076171875 -0.251327514648438
0.200653076171875 -0.0907745361328125 0.0803527832031251 -0.26702880859375
0.2210693359375 0.024627685546875 0.0849609375 -0.24755859375
0.170166015625 0.130264282226563 0.184860229492187 -0.253158569335938
0.00230407714843751 0.222381591796875 0.39324951171875 -0.2685546875
-0.156951904296875 0.194808959960937 0.626220703125 -0.14044189453125
-0.227279663085938 0.0237884521484375 0.6971435546875 0.0911865234375
-0.200286865234375 -0.296478271484375 -0.156204223632813 0.110122680664062
-0.25848388671875 -0.174652099609375 -0.318603515625 -0.22955322265625
-0.368133544921875 0.0474243164062501 -0.560577392578125 -0.0780029296875001
-0.18310546875 0.309326171875 -0.4105224609375 0.29766845703125
0.104278564453125 0.3157958984375 -0.05718994140625 0.3397216796875
0.315399169921875 0.092620849609375 0.189529418945313 0.154098510742188
0.293243408203125 -0.1185302734375 0.198974609375 -0.0794677734375
0.237838745117187 -0.13507080078125 0.08209228515625 -0.16546630859375
0.2635498046875 -0.17901611328125 0.015289306640625 -0.184677124023438
0.3060302734375 -0.116241455078125 0.011322021484375 -0.236724853515625
0.326171875 0.07183837890625 0.0141448974609375 -0.248260498046875
0.221267700195312 0.23028564453125 0.154937744140625 -0.28826904296875
-0.067291259765625 0.326507568359375 0.406951904296875 -0.28887939453125
-0.282745361328125 0.230072021484375 0.60546875 -0.10418701171875
-0.34991455078125 -0.033599853515625 0.616943359375 0.08123779296875
-0.271942138671875 -0.32806396484375 -0.248199462890625 0.0186309814453124
-0.345611572265625 -0.15557861328125 -0.402008056640625 -0.236297607421875
-0.407867431640625 0.12286376953125 -0.551544189453125 -0.0424804687500001
-0.14837646484375 0.382965087890625 -0.380615234375 0.259613037109375
0.166473388671875 0.339202880859375 -0.098876953125 0.27783203125
0.373809814453125 0.064971923828125 0.0957489013671875 0.142822265625
0.327056884765625 -0.151092529296875 0.102401733398438 -0.0188064575195313
0.277053833007813 -0.1583251953125 0.0106430053710938 -0.0796127319335938
0.31964111328125 -0.2041015625 -0.05487060546875 -0.0990142822265625
0.37078857421875 -0.10986328125 -0.0749053955078125 -0.194580078125
0.377838134765625 0.129852294921875 -0.06280517578125 -0.25567626953125
0.216888427734375 0.31329345703125 0.136474609375 -0.327484130859375
-0.156585693359375 0.37200927734375 0.4423828125 -0.282745361328125
-0.38262939453125 0.203948974609375 0.5654296875 -0.03302001953125
-0.41497802734375 -0.11004638671875 0.48944091796875 0.066131591796875
-0.3045654296875 -0.30377197265625 -0.371978759765625 -0.0518798828125
-0.379852294921875 -0.096221923828125 -0.496826171875 -0.193084716796875
-0.373748779296875 0.19049072265625 -0.53021240234375 0.0175170898437499
-0.0794677734375 0.39581298828125 -0.354400634765625 0.229034423828125
0.211090087890625 0.30230712890625 -0.143722534179688 0.232833862304688
0.377899169921875 0.01727294921875 0.00320434570312501 0.151962280273438
0.310394287109375 -0.168609619140625 0.00941085815429689 0.0579032897949219
0.273468017578125 -0.159408569335938 -0.0619087219238281 0.0169105529785156
0.328521728515625 -0.1934814453125 -0.137107849121094 -0.013092041015625
0.3782958984375 -0.072998046875 -0.168792724609375 -0.15936279296875
0.35601806640625 0.1849365234375 -0.130340576171875 -0.282806396484375
0.14794921875 0.34844970703125 0.141357421875 -0.36810302734375
-0.2432861328125 0.327301025390625 0.487640380859375 -0.246734619140625
-0.418914794921875 0.1131591796875 0.497772216796875 0.050994873046875
-0.40252685546875 -0.190948486328125 0.34332275390625 0.0213623046875
-0.275970458984375 -0.248291015625 -0.506072998046875 -0.0847167968750001
-0.343902587890625 -0.0387573242187499 -0.57623291015625 -0.112548828125
-0.284088134765625 0.2021484375 -0.48828125 0.08282470703125
-0.020172119140625 0.337554931640625 -0.331695556640625 0.210662841796875
0.209075927734375 0.225265502929688 -0.1805419921875 0.212783813476562
0.3231201171875 -0.0223388671875 -0.0702362060546875 0.183090209960938
0.25213623046875 -0.156478881835938 -0.0620269775390625 0.141632080078125
0.227645874023438 -0.1385498046875 -0.123924255371094 0.107994079589844
0.284698486328125 -0.154541015625 -0.219528198242187 0.054290771484375
0.320037841796875 -0.0272216796875 -0.254623413085938 -0.146957397460937
0.26507568359375 0.202163696289063 -0.1661376953125 -0.3321533203125
0.04833984375 0.306427001953125 0.17755126953125 -0.40155029296875
-0.27490234375 0.204208374023437 0.530548095703125 -0.17742919921875
-0.36468505859375 -0.00347900390625003 0.412078857421875 0.11871337890625
-0.314666748046875 -0.240936279296875 0.211196899414063 -0.0529632568359375
-0.183349609375 -0.18572998046875 -0.62353515625 -0.09002685546875
-0.251312255859375 -0.0182952880859375 -0.62799072265625 -0.015869140625
-0.183807373046875 0.1473388671875 -0.437774658203125 0.145050048828125
-0.00115966796875 0.229751586914063 -0.305084228515625 0.208831787109375
0.151138305664063 0.141860961914063 -0.19610595703125 0.21466064453125
0.221221923828125 -0.033172607421875 -0.112716674804687 0.224151611328125
0.161865234375 -0.113723754882813 -0.103179931640625 0.21612548828125
0.14617919921875 -0.098236083984375 -0.1666259765625 0.180130004882812
0.192535400390625 -0.100234985351563 -0.286163330078125 0.0930175781250001
0.20819091796875 -0.0022430419921875 -0.312896728515625 -0.158447265625
0.150314331054688 0.153305053710938 -0.157073974609375 -0.38970947265625
-0.015167236328125 0.189178466796875 0.241424560546875 -0.4112548828125
-0.2083740234375 0.0697174072265625 0.55694580078125 -0.092010498046875
-0.231292724609375 -0.0720977783203125 0.33465576171875 0.152099609375
-0.183349609375 -0.224578857421875 0.126022338867188 -0.145706176757812
-0.043609619140625 -0.132225036621094 -0.7010498046875 -0.0767822265625002
-0.130096435546875 -0.0462188720703125 -0.64886474609375 0.0638427734375001
-0.104225158691406 0.041351318359375 -0.388671875 0.19647216796875
-0.0320281982421875 0.1046142578125 -0.274124145507813 0.219451904296875
0.049285888671875 0.0740585327148438 -0.185699462890625 0.222793579101563
0.09112548828125 -0.0105209350585938 -0.122283935546875 0.255996704101562
0.0549850463867187 -0.0455093383789062 -0.113677978515625 0.266143798828125
0.0409393310546875 -0.0448417663574219 -0.183944702148438 0.225357055664062
0.06622314453125 -0.0451507568359375 -0.319976806640625 0.107421875
0.0724105834960938 -0.0130462646484375 -0.33270263671875 -0.1746826171875
0.0546188354492187 0.0473861694335938 -0.10986328125 -0.419342041015625
-0.0040740966796875 0.047393798828125 0.30682373046875 -0.388580322265625
-0.0667877197265625 -0.00143051147460938 0.5635986328125 -0.00604248046875
-0.07061767578125 -0.0483856201171875 0.2880859375 0.160003662109375
-0.051605224609375 -0.134262084960938 0.0961456298828125 -0.222396850585938
-0.0404815673828125 -0.08197021484375 -0.016815185546875 0.236831665039063
-0.0569877624511719 -0.0385665893554688 -0.234481811523437 -0.182937622070313
-0.128311157226563 0.02734375 -0.586181640625 -0.029296875
-0.0711898803710938 0.116744995117188 -0.40643310546875 0.418670654296875
0.039642333984375 0.118148803710937 0.06207275390625 0.44207763671875
0.0979766845703125 0.0341567993164063 0.34564208984375 0.142364501953125
0.089508056640625 -0.0493392944335938 0.316009521484375 -0.190032958984375
0.0552597045898437 -0.0465011596679687 0.15301513671875 -0.29290771484375
0.0493316650390625 -0.0589714050292969 0.08392333984375 -0.31744384765625
0.0644416809082031 -0.0608711242675781 0.121368408203125 -0.30413818359375
0.0876007080078125 -0.0320205688476563 0.144882202148437 -0.259811401367188
0.100379943847656 0.00989532470703125 0.21905517578125 -0.231155395507813
0.0792236328125 0.087249755859375 0.380859375 -0.2413330078125
0.002716064453125 0.14117431640625 0.61907958984375 -0.1866455078125
-0.069580078125 0.0864791870117188 0.74847412109375 0.00988769531250001
-0.146011352539062 -0.199295043945313 -0.0571746826171875 0.204986572265625
-0.170547485351562 -0.1165771484375 -0.257583618164063 -0.204147338867187
-0.276397705078125 0.0425262451171875 -0.582763671875 -0.06103515625
-0.135543823242188 0.238693237304688 -0.416168212890625 0.367919921875
0.0894012451171875 0.23883056640625 0.0108642578125 0.404052734375
0.233901977539063 0.0559234619140625 0.28741455078125 0.143341064453125
0.206100463867187 -0.111724853515625 0.268722534179688 -0.160720825195313
0.153396606445313 -0.117660522460938 0.117156982421875 -0.2579345703125
0.159912109375 -0.15301513671875 0.049774169921875 -0.280044555664062
0.1942138671875 -0.121337890625 0.06976318359375 -0.292510986328125
0.234054565429688 -0.0056610107421875 0.0858154296875 -0.260009765625
0.193099975585938 0.114669799804688 0.183303833007813 -0.259658813476563
0.0280609130859375 0.230377197265625 0.371673583984375 -0.283355712890625
-0.134689331054688 0.223785400390625 0.6131591796875 -0.1954345703125
-0.232147216796875 0.055633544921875 0.720947265625 0.00457763671875
-0.24029541015625 -0.279571533203125 -0.12969970703125 0.131866455078125
-0.278305053710937 -0.149703979492188 -0.316619873046875 -0.22515869140625
-0.379241943359375 0.0936279296874999 -0.57757568359375 -0.0566406250000001
-0.152252197265625 0.346038818359375 -0.399261474609375 0.32049560546875
0.151092529296875 0.316925048828125 -0.0364990234375 0.343414306640625
0.338897705078125 0.05096435546875 0.203109741210938 0.133590698242188
0.2867431640625 -0.1658935546875 0.189483642578125 -0.107894897460938
0.227645874023437 -0.172348022460938 0.0628204345703125 -0.184768676757813
0.249114990234375 -0.224822998046875 0.00352478027343751 -0.202880859375
0.302825927734375 -0.16253662109375 0.00163269042968753 -0.251068115234375
0.352081298828125 0.029754638671875 0.0119171142578125 -0.2520751953125
0.259567260742188 0.213790893554688 0.147796630859375 -0.293304443359375
-0.03314208984375 0.349212646484375 0.38531494140625 -0.308685302734375
-0.262619018554687 0.273971557617188 0.59661865234375 -0.15447998046875
-0.364715576171875 0.00982666015625006 0.6346435546875 0.00653076171875
-0.315399169921875 -0.305145263671875 -0.235443115234375 0.0523681640625
-0.36724853515625 -0.122833251953125 -0.4053955078125 -0.215972900390625
-0.413787841796875 0.17645263671875 -0.56256103515625 -0.01739501953125
-0.108734130859375 0.419403076171875 -0.370758056640625 0.27862548828125
0.21893310546875 0.33355712890625 -0.086944580078125 0.283966064453125
0.3980712890625 0.014739990234375 0.104225158691406 0.132644653320313
0.318511962890625 -0.205078125 0.09783935546875 -0.0321884155273438
0.26708984375 -0.203659057617188 -0.000320434570312481 -0.0858612060546875
0.305206298828125 -0.259765625 -0.0580062866210937 -0.103080749511719
0.373291015625 -0.1654052734375 -0.0831146240234375 -0.194305419921875
0.414886474609375 0.08392333984375 -0.0702667236328124 -0.249755859375
0.265350341796875 0.3023681640625 0.123321533203125 -0.333526611328125
-0.121856689453125 0.40625 0.4237060546875 -0.309967041015625
-0.36785888671875 0.25848388671875 0.56500244140625 -0.07452392578125
-0.43927001953125 -0.062347412109375 0.502227783203125 0.0069580078125
-0.346282958984375 -0.279205322265625 -0.371429443359375 -0.00338745117187494
-0.400054931640625 -0.059234619140625 -0.500244140625 -0.1591796875
-0.3739013671875 0.242950439453125 -0.532806396484375 0.0423583984375001
-0.034698486328125 0.4261474609375 -0.346710205078125 0.24542236328125
0.26226806640625 0.290557861328125 -0.140045166015625 0.243438720703125
0.397613525390625 -0.03521728515625 0.00878906250000003 0.154312133789063
0.301361083984375 -0.22015380859375 0.0117225646972656 0.0605926513671875
0.264129638671875 -0.204513549804688 -0.0624961853027344 0.0249824523925781
0.316864013671875 -0.25164794921875 -0.131553649902344 -0.00145721435546879
0.3863525390625 -0.128082275390625 -0.178054809570312 -0.14447021484375
0.3988037109375 0.1468505859375 -0.145553588867188 -0.268692016601563
0.196533203125 0.348785400390625 0.120849609375 -0.379058837890625
-0.216766357421875 0.369873046875 0.4774169921875 -0.2769775390625
-0.4161376953125 0.166900634765625 0.50628662109375 0.0245361328125
-0.433563232421875 -0.146392822265625 0.34588623046875 -0.016326904296875
-0.31072998046875 -0.229400634765625 -0.513702392578125 -0.02008056640625
-0.35980224609375 -0.00531005859375006 -0.57476806640625 -0.0626831054687501
-0.2825927734375 0.24591064453125 -0.48236083984375 0.10595703125
0.021636962890625 0.36065673828125 -0.326416015625 0.22296142578125
0.2525634765625 0.212570190429687 -0.18170166015625 0.228347778320312
0.337249755859375 -0.069793701171875 -0.065460205078125 0.1961669921875
0.242691040039062 -0.20111083984375 -0.0528717041015625 0.158615112304688
0.220306396484375 -0.17657470703125 -0.115081787109375 0.129478454589844
0.278854370117188 -0.203521728515625 -0.209014892578125 0.08062744140625
0.332183837890625 -0.070892333984375 -0.2664794921875 -0.119873046875
0.305328369140625 0.176300048828125 -0.190338134765625 -0.316680908203125
0.0858154296875 0.314849853515625 0.155731201171875 -0.416839599609375
-0.262786865234375 0.242233276367188 0.528900146484375 -0.208526611328125
-0.371795654296875 0.038421630859375 0.422637939453125 0.107269287109375
-0.348541259765625 -0.208038330078125 0.200485229492187 -0.0750274658203125
-0.210952758789063 -0.178390502929687 -0.63580322265625 -0.00958251953124997
-0.264114379882813 0.00546264648437497 -0.61907958984375 0.042236328125
-0.184417724609375 0.177871704101563 -0.42578125 0.164794921875
0.0289154052734375 0.246749877929688 -0.305328369140625 0.218994140625
0.182388305664063 0.132522583007813 -0.200653076171875 0.23175048828125
0.230758666992187 -0.068267822265625 -0.1068115234375 0.24591064453125
0.155441284179688 -0.14337158203125 -0.0873870849609375 0.24456787109375
0.14117431640625 -0.123077392578125 -0.149856567382813 0.212051391601563
0.190216064453125 -0.134231567382813 -0.274246215820312 0.1322021484375
0.219863891601562 -0.0300140380859375 -0.329010009765625 -0.123321533203125
0.1767578125 0.139984130859375 -0.18927001953125 -0.374237060546875
0.00514221191406252 0.199111938476563 0.218048095703125 -0.4312744140625
-0.207244873046875 0.0929107666015625 0.56500244140625 -0.12030029296875
-0.239608764648438 -0.048919677734375 0.34307861328125 0.15423583984375
-0.210845947265625 -0.206954956054687 0.100296020507812 -0.15618896484375
-0.0613861083984375 -0.141708374023438 -0.71612548828125 0.0118408203125001
-0.142410278320312 -0.0364532470703125 -0.6346435546875 0.127685546875
-0.111503601074219 0.05718994140625 -0.37139892578125 0.211639404296875
-0.019134521484375 0.119049072265625 -0.274276733398437 0.227676391601563
0.0674514770507813 0.073394775390625 -0.190948486328125 0.240692138671875
0.0982437133789062 -0.0261764526367188 -0.115478515625 0.282989501953125
0.052764892578125 -0.0566444396972656 -0.09234619140625 0.30059814453125
0.0394821166992188 -0.0536994934082031 -0.1614990234375 0.261611938476563
0.0665359497070313 -0.0586929321289063 -0.30816650390625 0.152496337890625
0.0757827758789063 -0.0231857299804687 -0.350067138671875 -0.135711669921875
0.06292724609375 0.0415992736816406 -0.14483642578125 -0.4111328125
-0.000389099121093753 0.0494880676269531 0.28973388671875 -0.413970947265625
-0.0665321350097656 0.00102233886718749 0.5784912109375 -0.0277099609375
-0.0708160400390625 -0.0423126220703125 0.290191650390625 0.16937255859375
-0.0652008056640625 -0.130348205566406 0.05908203125 -0.229949951171875
-0.0574264526367188 -0.0748138427734375 0.0317535400390625 0.2291259765625
-0.0590133666992188 -0.0321121215820313 -0.225372314453125 -0.19537353515625
-0.127693176269531 0.0457000732421875 -0.59326171875 -0.00457763671874998
-0.0564346313476562 0.129997253417969 -0.37652587890625 0.439117431640625
0.0569229125976562 0.113037109375 0.0966796875 0.4237060546875
0.101219177246094 0.0196075439453125 0.351043701171875 0.0989990234375
0.0789947509765625 -0.0606689453125 0.28448486328125 -0.231109619140625
0.0464248657226563 -0.0516738891601563 0.1129150390625 -0.3175048828125
0.0376358032226563 -0.063507080078125 0.04815673828125 -0.34136962890625
0.0523033142089844 -0.0683784484863281 0.101348876953125 -0.330902099609375
0.0797271728515625 -0.0458831787109375 0.140670776367187 -0.277313232421875
0.101112365722656 -0.00496673583984375 0.216659545898438 -0.235580444335938
0.09185791015625 0.0749588012695313 0.35272216796875 -0.247711181640625
0.027130126953125 0.143356323242188 0.578857421875 -0.2381591796875
-0.0578384399414063 0.100669860839844 0.73663330078125 -0.08984375
-0.173751831054688 -0.177719116210937 -0.0133056640625 0.204193115234375
-0.178115844726563 -0.095947265625 -0.247879028320313 -0.209808349609375
-0.274551391601563 0.0793609619140625 -0.59033203125 -0.0360107421875
-0.105880737304688 0.260330200195313 -0.38909912109375 0.386962890625
0.122955322265625 0.228897094726563 0.040252685546875 0.391754150390625
0.24127197265625 0.0218963623046875 0.2933349609375 0.105712890625
0.187759399414063 -0.141983032226563 0.2423095703125 -0.196029663085937
0.13592529296875 -0.138259887695313 0.0812835693359375 -0.278305053710938
0.13653564453125 -0.176559448242188 0.0203857421875 -0.30029296875
0.177276611328125 -0.14935302734375 0.050201416015625 -0.312744140625
0.2344970703125 -0.039947509765625 0.082122802734375 -0.270584106445312
0.209793090820312 0.0906219482421875 0.176742553710938 -0.261932373046875
0.056884765625 0.228805541992187 0.341339111328125 -0.2901611328125
-0.103759765625 0.243453979492188 0.57452392578125 -0.24365234375
-0.2252197265625 0.0888214111328124 0.70758056640625 -0.08917236328125
-0.27410888671875 -0.246994018554687 -0.09552001953125 0.14361572265625
-0.288055419921875 -0.117095947265625 -0.3089599609375 -0.218658447265625
-0.372283935546875 0.142608642578125 -0.58038330078125 -0.03094482421875
-0.108245849609375 0.369659423828125 -0.374420166015625 0.33740234375
0.194915771484375 0.2999267578125 -0.01422119140625 0.3369140625
0.34686279296875 0.002227783203125 0.20806884765625 0.106964111328125
0.263076782226563 -0.209182739257812 0.170059204101563 -0.1324462890625
0.203964233398438 -0.205825805664063 0.0371551513671875 -0.196792602539063
0.217315673828125 -0.264862060546875 -0.0154876708984375 -0.215713500976563
0.283050537109375 -0.207305908203125 -0.0128021240234375 -0.260452270507812
0.361724853515625 -0.02020263671875 0.00807189941406254 -0.253005981445313
0.290679931640625 0.18511962890625 0.13665771484375 -0.294036865234375
0.00814819335937504 0.358184814453125 0.354217529296875 -0.319061279296875
-0.226837158203125 0.308868408203125 0.56658935546875 -0.2008056640625
-0.362701416015625 0.0576171874999999 0.62322998046875 -0.076171875
-0.3509521484375 -0.265411376953125 -0.210311889648438 0.08087158203125
-0.37506103515625 -0.0816955566406249 -0.396881103515625 -0.19512939453125
-0.399261474609375 0.230255126953125 -0.5604248046875 0.00845336914062504
-0.055419921875 0.43804931640625 -0.35211181640625 0.291748046875
0.267303466796875 0.30889892578125 -0.0721435546875 0.283935546875
0.402069091796875 -0.042938232421875 0.109230041503906 0.118721008300781
0.291015625 -0.2547607421875 0.0886306762695313 -0.04376220703125
0.240127563476562 -0.243179321289062 -0.0125274658203125 -0.0876998901367188
0.270050048828125 -0.310028076171875 -0.061798095703125 -0.10528564453125
0.354736328125 -0.2198486328125 -0.0912322998046874 -0.190582275390625
0.43292236328125 0.02703857421875 -0.07568359375 -0.239273071289063
0.307464599609375 0.274688720703125 0.10595703125 -0.332122802734375
-0.07452392578125 0.42730712890625 0.3941650390625 -0.326416015625
-0.3348388671875 0.3055419921875 0.54534912109375 -0.113983154296875
-0.44537353515625 -0.00549316406249998 0.49114990234375 -0.055755615234375
-0.37884521484375 -0.241302490234375 -0.35284423828125 0.0451049804687501
-0.403900146484375 -0.0168762207031251 -0.48577880859375 -0.121856689453125
-0.3543701171875 0.29473876953125 -0.52215576171875 0.0676269531249999
0.01995849609375 0.438079833984375 -0.33148193359375 0.256317138671875
0.307464599609375 0.260833740234375 -0.130783081054687 0.25054931640625
0.397705078125 -0.093780517578125 0.0146331787109375 0.152633666992188
0.272735595703125 -0.267623901367188 0.0143585205078125 0.0630226135253906
0.238433837890625 -0.245101928710938 -0.05987548828125 0.0334091186523437
0.283905029296875 -0.3037109375 -0.12213134765625 0.00820159912109375
0.3746337890625 -0.18389892578125 -0.1806640625 -0.12579345703125
0.425933837890625 0.0928955078125 -0.155288696289063 -0.247451782226563
0.243011474609375 0.329925537109375 0.097015380859375 -0.37823486328125
-0.17608642578125 0.40020751953125 0.449981689453125 -0.298065185546875
-0.393218994140625 0.21783447265625 0.49969482421875 -0.00567626953124999
-0.44891357421875 -0.09027099609375 0.33233642578125 -0.0567626953125
-0.33795166015625 -0.197845458984375 -0.49761962890625 0.0474853515624999
-0.361114501953125 0.0327148437499999 -0.552001953125 -0.0136718750000001
-0.26409912109375 0.287445068359375 -0.4644775390625 0.125640869140625
0.06878662109375 0.367156982421875 -0.31646728515625 0.231353759765625
0.2890625 0.183624267578125 -0.17694091796875 0.241317749023438
0.333892822265625 -0.1209716796875 -0.0565185546875 0.206390380859375
0.218215942382813 -0.240646362304688 -0.0372772216796875 0.17242431640625
0.1995849609375 -0.210891723632813 -0.098175048828125 0.146652221679688
0.25341796875 -0.249832153320312 -0.1884765625 0.103378295898437
0.3280029296875 -0.118927001953125 -0.267349243164063 -0.087738037109375
0.3338623046875 0.136810302734375 -0.208465576171875 -0.2894287109375
0.125518798828125 0.308990478515625 0.124053955078125 -0.419921875
-0.2364501953125 0.274658203125 0.51190185546875 -0.236846923828125
-0.36187744140625 0.081817626953125 0.425628662109375 0.091796875
-0.368408203125 -0.16265869140625 0.17987060546875 -0.0930328369140625
-0.234298706054688 -0.161956787109375 -0.61834716796875 0.0736083984374999
-0.267044067382813 0.033538818359375 -0.58587646484375 0.0964965820312499
-0.172775268554688 0.207656860351562 -0.403411865234375 0.177703857421875
0.06231689453125 0.252151489257813 -0.29718017578125 0.225311279296875
0.209060668945313 0.111038208007813 -0.19732666015625 0.249176025390625
0.227813720703125 -0.104873657226563 -0.0927886962890625 0.264877319335938
0.13873291015625 -0.169815063476563 -0.0610198974609375 0.26531982421875
0.128570556640625 -0.146026611328125 -0.121353149414063 0.2354736328125
0.175537109375 -0.166641235351562 -0.24755859375 0.165969848632812
0.219757080078125 -0.0615692138671875 -0.33099365234375 -0.0817565917968749
0.19775390625 0.117401123046875 -0.21417236328125 -0.34521484375
0.0283203125 0.201080322265625 0.18719482421875 -0.440673828125
-0.196792602539062 0.114578247070313 0.5584716796875 -0.146942138671875
-0.23846435546875 -0.0214385986328125 0.347991943359375 0.1527099609375
-0.23016357421875 -0.179107666015625 0.0692901611328125 -0.158782958984375
-0.0814971923828125 -0.144378662109375 -0.69873046875 0.10614013671875
-0.150131225585938 -0.0220184326171875 -0.595458984375 0.1839599609375
-0.112724304199219 0.0755691528320312 -0.34759521484375 0.219207763671875
-0.00189971923828124 0.128463745117188 -0.270187377929688 0.232894897460938
0.08453369140625 0.0659637451171875 -0.188186645507812 0.258712768554688
0.0995254516601563 -0.0444259643554688 -0.097381591796875 0.306884765625
0.0481224060058594 -0.0668373107910156 -0.059478759765625 0.32501220703125
0.0356636047363281 -0.0606613159179688 -0.1260986328125 0.288543701171875
0.0616302490234375 -0.0712356567382813 -0.27935791015625 0.193405151367187
0.07586669921875 -0.034820556640625 -0.353973388671875 -0.091094970703125
0.0688056945800781 0.0334548950195313 -0.175933837890625 -0.38629150390625
0.00358200073242187 0.0487823486328125 0.25994873046875 -0.4278564453125
-0.0645103454589844 0.00438690185546874 0.5782470703125 -0.05438232421875
-0.0693511962890625 -0.0359611511230469 0.292022705078125 0.17657470703125
-0.0763931274414062 -0.120819091796875 0.0180206298828125 -0.224899291992188
-0.0701904296875 -0.063446044921875 0.072235107421875 0.206634521484375
-0.0576324462890625 -0.0262260437011719 -0.216262817382812 -0.213180541992188
-0.122711181640625 0.0607681274414062 -0.5911865234375 0.0125732421875001
-0.0402145385742188 0.136466979980469 -0.346466064453125 0.441741943359375
0.0694961547851563 0.10430908203125 0.116943359375 0.39935302734375
0.0979537963867188 0.00611114501953125 0.3409423828125 0.0601806640625
0.0656356811523438 -0.0665931701660156 0.24676513671875 -0.257949829101563
0.0373077392578125 -0.0526466369628906 0.072174072265625 -0.3270263671875
0.0268516540527344 -0.0628166198730469 0.011749267578125 -0.352294921875
0.0397491455078125 -0.0714797973632813 0.078460693359375 -0.34814453125
0.0691566467285156 -0.0564155578613281 0.136077880859375 -0.290496826171875
0.097076416015625 -0.0171966552734375 0.216033935546875 -0.234771728515625
0.0997314453125 0.061553955078125 0.32720947265625 -0.238800048828125
0.0480270385742188 0.138938903808594 0.528564453125 -0.267578125
-0.0445556640625 0.109275817871094 0.69598388671875 -0.16790771484375
-0.190444946289063 -0.150772094726562 0.0256195068359375 0.189559936523438
-0.177459716796875 -0.0772705078125 -0.236434936523438 -0.222503662109375
-0.262359619140625 0.10906982421875 -0.58538818359375 -0.0194702148437501
-0.0741729736328125 0.26904296875 -0.362274169921875 0.38916015625
0.148208618164063 0.210662841796875 0.05853271484375 0.370147705078125
0.236526489257812 -0.0085601806640625 0.286163330078125 0.07244873046875
0.163482666015625 -0.162368774414063 0.20892333984375 -0.21881103515625
0.1153564453125 -0.15045166015625 0.045654296875 -0.28546142578125
0.109695434570313 -0.189926147460938 -0.00976562499999997 -0.30950927734375
0.154342651367188 -0.168533325195313 0.03106689453125 -0.32403564453125
0.22515869140625 -0.0691375732421875 0.0787353515625 -0.278213500976563
0.21728515625 0.066619873046875 0.174331665039063 -0.258926391601563
0.08013916015625 0.220077514648438 0.31353759765625 -0.280670166015625
-0.0710601806640625 0.251190185546875 0.52691650390625 -0.27166748046875
-0.209930419921875 0.114608764648437 0.667236328125 -0.16290283203125
-0.292999267578125 -0.207977294921875 -0.0601348876953125 0.142959594726563
-0.285552978515625 -0.08758544921875 -0.2960205078125 -0.219512939453125
-0.351837158203125 0.180999755859375 -0.572021484375 -0.01483154296875
-0.0653076171875 0.376617431640625 -0.352325439453125 0.33758544921875
0.227676391601563 0.272781372070313 3.37048906052721E-17 0.322784423828125
0.339569091796875 -0.040924072265625 0.202484130859375 0.0811309814453125
0.229705810546875 -0.239578247070312 0.146499633789063 -0.148452758789063
0.175048828125 -0.226394653320312 0.0125885009765625 -0.199111938476563
0.178314208984375 -0.289459228515625 -0.032867431640625 -0.222030639648438
0.25341796875 -0.239288330078125 -0.025604248046875 -0.264892578125
0.355194091796875 -0.06536865234375 0.00770568847656254 -0.252059936523437
0.308868408203125 0.15167236328125 0.13067626953125 -0.286590576171875
0.04559326171875 0.354888916015625 0.32464599609375 -0.31103515625
-0.18609619140625 0.32861328125 0.52557373046875 -0.227783203125
-0.348236083984375 0.097625732421875 0.5872802734375 -0.13909912109375
-0.368255615234375 -0.2210693359375 -0.178741455078125 0.09765625
-0.368194580078125 -0.0470581054687499 -0.3792724609375 -0.182159423828125
-0.371429443359375 0.27105712890625 -0.547027587890625 0.0236206054687499
-0.007080078125 0.439910888671875 -0.332305908203125 0.29150390625
0.300750732421875 0.27471923828125 -0.0610198974609374 0.277969360351563
0.3892822265625 -0.09210205078125 0.107215881347656 0.103439331054687
0.253387451171875 -0.28857421875 0.076934814453125 -0.0511703491210938
0.20758056640625 -0.269302368164063 -0.0225448608398437 -0.08544921875
0.224945068359375 -0.34295654296875 -0.0650482177734375 -0.107406616210938
0.324951171875 -0.26153564453125 -0.0942230224609375 -0.185165405273438
0.432342529296875 -0.026123046875 -0.0740203857421875 -0.227691650390625
0.334991455078125 0.2403564453125 0.09326171875 -0.3209228515625
-0.0301513671875 0.431884765625 0.363677978515625 -0.322906494140625
-0.293182373046875 0.3348388671875 0.5152587890625 -0.138671875
-0.434326171875 0.043304443359375 0.461944580078125 -0.1029052734375
-0.39404296875 -0.198394775390625 -0.3203125 0.079986572265625
-0.393890380859375 0.0188293457031251 -0.458404541015625 -0.0966186523437501
-0.323516845703125 0.33123779296875 -0.502105712890625 0.07855224609375
0.06829833984375 0.43377685546875 -0.31842041015625 0.25439453125
0.337554931640625 0.2242431640625 -0.123764038085938 0.252410888671875
0.381500244140625 -0.143035888671875 0.01751708984375 0.149261474609375
0.236053466796875 -0.30120849609375 0.0174026489257813 0.063812255859375
0.207107543945312 -0.27197265625 -0.0544013977050781 0.0403175354003906
0.24200439453125 -0.33905029296875 -0.109771728515625 0.0128097534179687
0.348541259765625 -0.229217529296875 -0.175216674804688 -0.108978271484375
0.43353271484375 0.04010009765625 -0.154739379882812 -0.225479125976563
0.27667236328125 0.30267333984375 0.0798034667968751 -0.3660888671875
-0.133819580078125 0.414642333984375 0.4229736328125 -0.3048095703125
-0.358062744140625 0.253387451171875 0.48419189453125 -0.023590087890625
-0.444610595703125 -0.0399475097656251 0.3076171875 -0.08575439453125
-0.352020263671875 -0.16400146484375 -0.46240234375 0.099365234375
-0.351959228515625 0.06329345703125 -0.512786865234375 0.01702880859375
-0.237274169921875 0.318389892578125 -0.4439697265625 0.13153076171875
0.110931396484375 0.360870361328125 -0.305328369140625 0.2310791015625
0.3125 0.149169921875 -0.170761108398437 0.249130249023438
0.316650390625 -0.163299560546875 -0.046844482421875 0.211959838867188
0.186599731445313 -0.267669677734375 -0.0207977294921875 0.179885864257812
0.173690795898438 -0.233993530273438 -0.0782623291015625 0.157012939453125
0.21881103515625 -0.283203125 -0.163894653320313 0.115982055664062
0.311431884765625 -0.159088134765625 -0.256683349609375 -0.060699462890625
0.34716796875 0.0958251953125 -0.212295532226562 -0.258087158203125
0.1572265625 0.29400634765625 0.102691650390625 -0.4090576171875
-0.20587158203125 0.29364013671875 0.48944091796875 -0.24798583984375
-0.340484619140625 0.1160888671875 0.421478271484375 0.083770751953125
-0.371795654296875 -0.118865966796875 0.155426025390625 -0.101852416992188
-0.24871826171875 -0.141571044921875 -0.5780029296875 0.13995361328125
-0.261886596679688 0.055511474609375 -0.537628173828125 0.13067626953125
-0.155990600585938 0.230148315429688 -0.37994384765625 0.177642822265625
0.092926025390625 0.248687744140625 -0.2913818359375 0.224700927734375
0.226272583007813 0.08697509765625 -0.192062377929687 0.261428833007813
0.214874267578125 -0.135284423828125 -0.07733154296875 0.276992797851562
0.1180419921875 -0.188262939453125 -0.0328216552734375 0.2769775390625
0.111862182617188 -0.1617431640625 -0.0902557373046875 0.247955322265625
0.1529541015625 -0.189865112304687 -0.214645385742187 0.185516357421875
0.21142578125 -0.0889129638671875 -0.319000244140625 -0.0459289550781251
0.209457397460938 0.0926361083984375 -0.22369384765625 -0.31353759765625
0.0485076904296875 0.196258544921875 0.161468505859375 -0.43499755859375
-0.18170166015625 0.129562377929688 0.54296875 -0.16357421875
-0.228378295898438 0.000869750976562477 0.34857177734375 0.154693603515625
-0.237716674804687 -0.149002075195313 0.040863037109375 -0.150100708007813
-0.1004638671875 -0.140823364257812 -0.6517333984375 0.1783447265625
-0.152450561523438 -0.00885009765624997 -0.54254150390625 0.216033935546875
-0.10992431640625 0.092254638671875 -0.32379150390625 0.21282958984375
0.0160293579101563 0.132431030273438 -0.266387939453125 0.231979370117188
0.0976104736328125 0.055084228515625 -0.184158325195313 0.272048950195313
0.0961151123046875 -0.0600967407226563 -0.07769775390625 0.32196044921875
0.0414657592773437 -0.0736465454101563 -0.024017333984375 0.338592529296875
0.0314064025878906 -0.066009521484375 -0.088592529296875 0.3011474609375
0.05389404296875 -0.0813674926757812 -0.242279052734375 0.218246459960937
0.07330322265625 -0.0446548461914063 -0.34130859375 -0.051422119140625
0.0715408325195313 0.0248565673828125 -0.191131591796875 -0.3558349609375
0.00756454467773437 0.0468711853027344 0.23297119140625 -0.426513671875
-0.0617713928222656 0.00539398193359374 0.56982421875 -0.06756591796875
-0.064666748046875 -0.0312118530273437 0.2908935546875 0.18768310546875
-0.0829010009765625 -0.109466552734375 -0.0163726806640625 -0.20672607421875
-0.080047607421875 -0.0511550903320313 0.100875854492188 0.179290771484375
-0.0561714172363281 -0.0233078002929688 -0.211441040039062 -0.239288330078125
-0.116378784179688 0.0717697143554688 -0.58917236328125 0.01641845703125
-0.0262832641601562 0.139564514160156 -0.331268310546875 0.43475341796875
0.0777816772460937 0.0955657958984375 0.124603271484375 0.374542236328125
0.0933456420898438 -0.00296783447265625 0.324066162109375 0.032806396484375
0.05413818359375 -0.068695068359375 0.211639404296875 -0.270950317382813
0.0301628112792969 -0.0515365600585938 0.038604736328125 -0.329620361328125
0.0176162719726563 -0.0604057312011719 -0.019378662109375 -0.356781005859375
0.0286483764648438 -0.0710220336914063 0.058746337890625 -0.36138916015625
0.0579452514648438 -0.0617027282714844 0.134368896484375 -0.300750732421875
0.092498779296875 -0.0268173217773438 0.2225341796875 -0.2320556640625
0.103164672851563 0.0489273071289063 0.3134765625 -0.218994140625
0.0641708374023437 0.131584167480469 0.484527587890625 -0.274200439453125
-0.0330581665039062 0.115325927734375 0.64862060546875 -0.2186279296875
-0.199249267578125 -0.125381469726563 0.054901123046875 0.169296264648438
-0.17303466796875 -0.06439208984375 -0.22796630859375 -0.243560791015625
-0.2481689453125 0.130203247070313 -0.58349609375 -0.0175781250000001
-0.0486907958984375 0.271469116210937 -0.347991943359375 0.381378173828125
0.165298461914063 0.192337036132813 0.0646057128906251 0.352691650390625
0.227264404296875 -0.0316619873046875 0.272140502929688 0.0479583740234375
0.140396118164063 -0.173736572265625 0.178451538085937 -0.231277465820312
0.09722900390625 -0.156326293945313 0.0167236328125 -0.2850341796875
0.085906982421875 -0.196197509765625 -0.035064697265625 -0.313751220703125
0.133193969726563 -0.179443359375 0.014739990234375 -0.334564208984375
0.212265014648437 -0.0907745361328125 0.078948974609375 -0.2857666015625
0.219558715820312 0.04742431640625 0.180023193359375 -0.254165649414063
0.0973052978515625 0.210113525390625 0.299713134765625 -0.261383056640625
-0.0445709228515625 0.251663208007813 0.48553466796875 -0.279052734375
-0.194290161132813 0.132537841796875 0.623291015625 -0.2117919921875
-0.300323486328125 -0.17401123046875 -0.031402587890625 0.134269714355469
-0.277923583984375 -0.0675659179687501 -0.28277587890625 -0.232513427734375
-0.330352783203125 0.208038330078125 -0.5677490234375 -0.01446533203125
-0.030548095703125 0.375335693359375 -0.341796875 0.329315185546875
0.2493896484375 0.246353149414063 0.00494384765625002 0.309844970703125
0.325653076171875 -0.07366943359375 0.191909790039063 0.063079833984375
0.198593139648438 -0.257400512695313 0.124710083007813 -0.15673828125
0.149826049804687 -0.238754272460937 -0.0067138671875 -0.197494506835938
0.14312744140625 -0.302886962890625 -0.048492431640625 -0.227249145507813
0.224899291992188 -0.261383056640625 -0.03485107421875 -0.269378662109375
0.3427734375 -0.100433349609375 0.012054443359375 -0.253753662109375
0.318115234375 0.124847412109375 0.134109497070313 -0.279052734375
0.073333740234375 0.347198486328125 0.30926513671875 -0.295135498046875
-0.15191650390625 0.33758544921875 0.4906005859375 -0.234710693359375
-0.330291748046875 0.12567138671875 0.54718017578125 -0.179962158203125
-0.37457275390625 -0.182769775390625 -0.149444580078125 0.10400390625
-0.357696533203125 -0.022705078125 -0.358123779296875 -0.185089111328125
-0.3453369140625 0.2994384765625 -0.53802490234375 0.0249633789062501
0.031951904296875 0.4342041015625 -0.32391357421875 0.28411865234375
0.323333740234375 0.24310302734375 -0.0583343505859375 0.271148681640625
0.37261962890625 -0.129730224609375 0.100738525390625 0.09320068359375
0.218597412109375 -0.311248779296875 0.0660896301269531 -0.0549697875976563
0.17724609375 -0.285675048828125 -0.0298614501953125 -0.0821304321289063
0.184814453125 -0.36138916015625 -0.0673904418945312 -0.111251831054688
0.293731689453125 -0.290924072265625 -0.0939178466796875 -0.183502197265625
0.42510986328125 -0.068878173828125 -0.066253662109375 -0.221176147460938
0.35296630859375 0.21014404296875 0.0935058593750001 -0.309967041015625
0.00512695312500001 0.431121826171875 0.346038818359375 -0.31219482421875
-0.256439208984375 0.35211181640625 0.49041748046875 -0.145782470703125
-0.417388916015625 0.07952880859375 0.428253173828125 -0.13433837890625
-0.39935302734375 -0.1611328125 -0.287445068359375 0.10137939453125
-0.381988525390625 0.042083740234375 -0.429779052734375 -0.0921020507812501
-0.295562744140625 0.357635498046875 -0.490264892578125 0.0759277343750001
0.10589599609375 0.424468994140625 -0.312469482421875 0.248077392578125
0.3563232421875 0.19140625 -0.121292114257812 0.251953125
0.36053466796875 -0.17999267578125 0.016815185546875 0.146530151367188
0.200714111328125 -0.32244873046875 0.0190353393554688 0.0645103454589844
0.178314208984375 -0.28948974609375 -0.0486183166503906 0.0446319580078125
0.201507568359375 -0.360870361328125 -0.0991134643554687 0.0124740600585937
0.3218994140625 -0.26055908203125 -0.16650390625 -0.10009765625
0.431365966796875 -0.00238037109375 -0.146408081054687 -0.210281372070313
0.299530029296875 0.277374267578125 0.073760986328125 -0.351287841796875
-0.099090576171875 0.41998291015625 0.406280517578125 -0.297637939453125
-0.32623291015625 0.27532958984375 0.469573974609375 -0.028472900390625
-0.432403564453125 -0.00244140625000001 0.280426025390625 -0.10198974609375
-0.358734130859375 -0.135162353515625 -0.421295166015625 0.1334228515625
-0.340789794921875 0.0840454101562499 -0.474212646484375 0.0277709960937499
-0.213623046875 0.340240478515625 -0.426422119140625 0.125885009765625
0.14300537109375 0.350830078125 -0.303375244140625 0.224029541015625
0.32843017578125 0.12066650390625 -0.169387817382812 0.254928588867188
0.298187255859375 -0.19476318359375 -0.04150390625 0.216094970703125
0.15753173828125 -0.28570556640625 -0.00617980957031249 0.18414306640625
0.15057373046875 -0.2496337890625 -0.0608062744140625 0.162918090820313
0.186065673828125 -0.3035888671875 -0.14208984375 0.120010375976562
0.292022705078125 -0.188140869140625 -0.241897583007812 -0.0428009033203125
0.35174560546875 0.061187744140625 -0.20562744140625 -0.235763549804688
0.178909301757813 0.278640747070313 0.092529296875 -0.395751953125
-0.1798095703125 0.305023193359375 0.47674560546875 -0.246795654296875
-0.317962646484375 0.138580322265625 0.417999267578125 0.085296630859375
-0.3658447265625 -0.08465576171875 0.1328125 -0.101860046386719
-0.258804321289063 -0.123626708984375 -0.533599853515625 0.18182373046875
-0.255477905273438 0.0716705322265626 -0.492889404296875 0.141571044921875
-0.140472412109375 0.248123168945313 -0.365509033203125 0.16632080078125
0.11688232421875 0.2425537109375 -0.29296875 0.21978759765625
0.237564086914063 0.0650634765625 -0.190994262695313 0.270584106445312
0.201065063476563 -0.158340454101563 -0.06549072265625 0.28546142578125
0.099639892578125 -0.200851440429688 -0.00805664062500002 0.28326416015625
0.0974884033203125 -0.172714233398437 -0.0637054443359375 0.253753662109375
0.131500244140625 -0.204986572265625 -0.184982299804687 0.195083618164062
0.200729370117188 -0.109939575195312 -0.300994873046875 -0.022369384765625
0.214706420898438 0.071563720703125 -0.224456787109375 -0.2867431640625
0.0623016357421875 0.190216064453125 0.149200439453125 -0.4248046875
-0.168365478515625 0.138107299804688 0.534576416015625 -0.16351318359375
-0.21649169921875 0.0154266357421875 0.349639892578125 0.165496826171875
-0.237335205078125 -0.124923706054688 0.018218994140625 -0.137237548828125
-0.115463256835938 -0.135688781738281 -0.60400390625 0.22509765625
-0.15423583984375 0.00146484375000001 -0.49298095703125 0.226531982421875
-0.105430603027344 0.106727600097656 -0.310882568359375 0.19720458984375
0.0313339233398437 0.134033203125 -0.271957397460938 0.227279663085938
0.106704711914063 0.045166015625 -0.183990478515625 0.28228759765625
0.0917510986328125 -0.072357177734375 -0.061859130859375 0.33355712890625
0.0356216430664062 -0.0796356201171875 0.00668334960937504 0.34478759765625
0.0278854370117187 -0.0697021484375 -0.05572509765625 0.30609130859375
0.0460662841796875 -0.0877532958984375 -0.209259033203125 0.22998046875
0.0691108703613281 -0.0530052185058594 -0.3232421875 -0.025115966796875
0.072601318359375 0.0179367065429687 -0.193359375 -0.329254150390625
0.00982284545898438 0.0455360412597656 0.21990966796875 -0.417724609375
-0.0593109130859375 0.0048980712890625 0.56591796875 -0.0677490234375
-0.0591468811035156 -0.0287704467773438 0.29193115234375 0.20654296875
-0.084228515625 -0.09918212890625 -0.0417938232421875 -0.184722900390625
-0.0872116088867188 -0.0384750366210937 0.123092651367187 0.153732299804688
-0.0555686950683594 -0.0224533081054687 -0.215606689453125 -0.272476196289062
-0.112022399902344 0.081939697265625 -0.60223388671875 0.0140991210937499
-0.015625 0.142623901367188 -0.3277587890625 0.431243896484375
0.0840072631835938 0.0886154174804688 0.125762939453125 0.361602783203125
0.0887298583984375 -0.00927734375 0.30963134765625 0.015228271484375
0.044830322265625 -0.0683708190917969 0.182647705078125 -0.282806396484375
0.024261474609375 -0.0491485595703125 0.01080322265625 -0.332733154296875
0.0110931396484375 -0.057037353515625 -0.0458984375 -0.363616943359375
0.0202484130859375 -0.0700225830078125 0.042999267578125 -0.377593994140625
0.0484390258789062 -0.0657386779785156 0.136260986328125 -0.316986083984375
0.0883712768554688 -0.034423828125 0.236968994140625 -0.234619140625
0.107162475585937 0.0388717651367187 0.31536865234375 -0.20257568359375
0.078704833984375 0.124771118164063 0.4559326171875 -0.275054931640625
-0.0225296020507812 0.121223449707031 0.61328125 -0.2562255859375
-0.206634521484375 -0.104110717773437 0.077606201171875 0.149154663085938
-0.17108154296875 -0.05706787109375 -0.226791381835938 -0.2735595703125
-0.238235473632813 0.148193359375 -0.5955810546875 -0.02398681640625
-0.0277862548828125 0.274795532226562 -0.34832763671875 0.376922607421875
0.179000854492188 0.178512573242188 0.06549072265625 0.34136962890625
0.220809936523438 -0.0498504638671875 0.2589111328125 0.0319366455078125
0.121231079101563 -0.182220458984375 0.1529541015625 -0.240997314453125
0.0829010009765625 -0.161422729492187 -0.00787353515624998 -0.286651611328125
0.06610107421875 -0.200271606445313 -0.057342529296875 -0.321533203125
0.115890502929688 -0.189300537109375 0.000762939453125038 -0.348480224609375
0.202423095703125 -0.108795166015625 0.082763671875 -0.29888916015625
0.223419189453125 0.0314178466796875 0.193984985351562 -0.25506591796875
0.112564086914063 0.2044677734375 0.299835205078125 -0.2454833984375
-0.022613525390625 0.252639770507813 0.459808349609375 -0.279815673828125
-0.18212890625 0.1483154296875 0.588623046875 -0.24639892578125
-0.307159423828125 -0.146820068359375 -0.00784301757812501 0.124565124511719
-0.273147583007812 -0.054473876953125 -0.276748657226563 -0.256149291992188
-0.314971923828125 0.232025146484375 -0.57672119140625 -0.02001953125
-0.00344848632812497 0.377288818359375 -0.343109130859375 0.324127197265625
0.267730712890625 0.227615356445312 0.00393676757812499 0.303253173828125
0.315765380859375 -0.10064697265625 0.181594848632813 0.051177978515625
0.17242431640625 -0.272674560546875 0.106277465820313 -0.163314819335938
0.12847900390625 -0.250091552734375 -0.023590087890625 -0.197265625
0.113616943359375 -0.313934326171875 -0.0626983642578125 -0.233978271484375
0.201202392578125 -0.280380249023438 -0.0421142578125 -0.279876708984375
0.333953857421875 -0.129638671875 0.0182342529296875 -0.262054443359375
0.328704833984375 0.102874755859375 0.14599609375 -0.277786254882813
0.09808349609375 0.345458984375 0.30853271484375 -0.28057861328125
-0.124542236328125 0.345245361328125 0.469482421875 -0.235870361328125
-0.31768798828125 0.14990234375 0.51678466796875 -0.207855224609375
-0.381011962890625 -0.153656005859375 -0.124008178710938 0.105308532714844
-0.3514404296875 -0.00680541992187501 -0.346099853515625 -0.199432373046875
-0.325347900390625 0.325225830078125 -0.543212890625 0.017913818359375
0.0640869140625 0.43218994140625 -0.330780029296875 0.277587890625
0.34381103515625 0.218780517578125 -0.06121826171875 0.2703857421875
0.358734130859375 -0.1612548828125 0.0933303833007813 0.0875930786132812
0.187896728515625 -0.329742431640625 0.0565338134765625 -0.0574989318847657
0.15362548828125 -0.30133056640625 -0.0360946655273437 -0.0799789428710938
0.150238037109375 -0.378021240234375 -0.0715789794921875 -0.117469787597656
0.26806640625 -0.317108154296875 -0.094268798828125 -0.188186645507813
0.41986083984375 -0.10406494140625 -0.05712890625 -0.2227783203125
0.370574951171875 0.186859130859375 0.102294921875 -0.305572509765625
0.03411865234375 0.433868408203125 0.344146728515625 -0.30078125
-0.227996826171875 0.366119384765625 0.477630615234375 -0.145843505859375
-0.406402587890625 0.1083984375 0.403656005859375 -0.152191162109375
-0.405853271484375 -0.134429931640625 -0.25994873046875 0.113906860351562
-0.3760986328125 0.059234619140625 -0.4093017578125 -0.0985717773437499
-0.274749755859375 0.383392333984375 -0.491302490234375 0.06884765625
0.1380615234375 0.419891357421875 -0.319122314453125 0.24212646484375
0.3768310546875 0.164306640625 -0.124496459960937 0.2569580078125
0.345703125 -0.211883544921875 0.0140533447265625 0.1474609375
0.171295166015625 -0.3433837890625 0.0204544067382813 0.0663185119628906
0.154449462890625 -0.306121826171875 -0.0436859130859375 0.0484848022460937
0.167938232421875 -0.38037109375 -0.0922698974609375 0.00916290283203124
0.299957275390625 -0.289764404296875 -0.158950805664062 -0.0973663330078125
0.432220458984375 -0.037567138671875 -0.1368408203125 -0.2039794921875
0.32122802734375 0.258392333984375 0.0791015625 -0.34490966796875
-0.071380615234375 0.429534912109375 0.406341552734375 -0.2921142578125
-0.301177978515625 0.2935791015625 0.46685791015625 -0.025146484375
-0.425079345703125 0.0273132324218749 0.26068115234375 -0.109512329101563
-0.366180419921875 -0.113433837890625 -0.389495849609375 0.156005859375
-0.336761474609375 0.100616455078125 -0.446929931640625 0.0259704589843749
-0.193756103515625 0.3634033203125 -0.4266357421875 0.114898681640625
0.171722412109375 0.3450927734375 -0.312530517578125 0.220611572265625
0.34405517578125 0.09576416015625 -0.172439575195312 0.2645263671875
0.282440185546875 -0.222686767578125 -0.038238525390625 0.223556518554688
0.132598876953125 -0.30340576171875 0.00651550292968753 0.188980102539063
0.131973266601562 -0.265335083007813 -0.045135498046875 0.167678833007813
0.15753173828125 -0.321868896484375 -0.125679016113281 0.121719360351562
0.277236938476563 -0.2144775390625 -0.229537963867187 -0.0332489013671875
0.356842041015625 0.03326416015625 -0.198883056640625 -0.2235107421875
0.199676513671875 0.268630981445313 0.094085693359375 -0.38916015625
-0.1607666015625 0.316131591796875 0.479095458984375 -0.2435302734375
-0.30120849609375 0.155059814453125 0.424652099609375 0.09539794921875
-0.362884521484375 -0.0589599609375 0.115371704101562 -0.0975799560546875
-0.268768310546875 -0.1090087890625 -0.495330810546875 0.2110595703125
-0.253631591796875 0.0848846435546875 -0.460479736328125 0.14154052734375
-0.126861572265625 0.2677001953125 -0.364044189453125 0.153533935546875
0.14031982421875 0.239547729492188 -0.305999755859375 0.219970703125
0.250564575195313 0.046417236328125 -0.194610595703125 0.28472900390625
0.189712524414063 -0.179580688476563 -0.05657958984375 0.297760009765625
0.08245849609375 -0.213516235351563 0.01422119140625 0.290802001953125
0.0853729248046875 -0.184066772460938 -0.0404052734375 0.25970458984375
0.113616943359375 -0.219284057617187 -0.162643432617188 0.201019287109375
0.192398071289063 -0.128067016601562 -0.28704833984375 -0.00628662109374996
0.22003173828125 0.0542755126953125 -0.219192504882812 -0.272201538085938
0.0745849609375 0.185958862304687 0.147857666015625 -0.41925048828125
-0.159759521484375 0.145828247070312 0.5421142578125 -0.160614013671875
-0.20697021484375 0.0251312255859375 0.360626220703125 0.184661865234375
-0.237716674804688 -0.10748291015625 0.000984191894531229 -0.122489929199219
-0.129486083984375 -0.130203247070312 -0.56402587890625 0.2593994140625
-0.156890869140625 0.01019287109375 -0.459686279296875 0.227264404296875
-0.100715637207031 0.12200927734375 -0.31304931640625 0.183197021484375
0.0467987060546875 0.136314392089844 -0.285675048828125 0.22833251953125
0.116874694824219 0.0358047485351563 -0.188262939453125 0.298980712890625
0.0873641967773438 -0.0843276977539063 -0.04803466796875 0.348724365234375
0.0308761596679688 -0.08624267578125 0.034912109375 0.35345458984375
0.02508544921875 -0.0753936767578125 -0.028289794921875 0.31121826171875
0.0392532348632813 -0.0944290161132813 -0.1837158203125 0.238922119140625
0.0652847290039063 -0.0601425170898437 -0.308868408203125 -0.00628662109375
0.074066162109375 0.01165771484375 -0.192138671875 -0.313873291015625
0.0114555358886719 0.0446891784667969 0.22021484375 -0.414398193359375
-0.0589103698730469 0.00379562377929687 0.57611083984375 -0.06341552734375
-0.0549888610839844 -0.0292472839355469 0.3028564453125 0.233551025390625
-0.0859909057617188 -0.0929336547851563 -0.0608673095703125 -0.162933349609375
-0.094451904296875 -0.0232162475585938 0.144515991210938 0.128631591796875
-0.0574684143066406 -0.0212211608886719 -0.233367919921875 -0.30853271484375
-0.108131408691406 0.093719482421875 -0.631103515625 0.0189208984374999
-0.00270080566406248 0.14776611328125 -0.333526611328125 0.44000244140625
0.0926361083984375 0.082275390625 0.130401611328125 0.35650634765625
0.0867919921875 -0.0144424438476562 0.299468994140625 -0.001312255859375
0.0365333557128906 -0.0681114196777344 0.15386962890625 -0.29718017578125
0.01983642578125 -0.0467987060546875 -0.021392822265625 -0.338287353515625
0.00524520874023438 -0.0533790588378906 -0.077484130859375 -0.3743896484375
0.0111541748046875 -0.0687904357910156 0.02020263671875 -0.401123046875
0.0384521484375 -0.07000732421875 0.135772705078125 -0.341156005859375
0.0845870971679687 -0.0432205200195313 0.256134033203125 -0.24896240234375
0.11248779296875 0.0283050537109375 0.32586669921875 -0.195343017578125
0.0936050415039062 0.117813110351562 0.437255859375 -0.279754638671875
-0.0111236572265625 0.128570556640625 0.5859375 -0.29571533203125
-0.215896606445313 -0.080657958984375 0.0998611450195313 0.12933349609375
-0.172866821289063 -0.049468994140625 -0.24139404296875 -0.308074951171875
-0.228805541992188 0.170074462890625 -0.62396240234375 -0.0209960937499999
-0.00527954101562502 0.280792236328125 -0.356109619140625 0.3828125
0.197311401367187 0.165618896484375 0.068267822265625 0.33935546875
0.215835571289063 -0.06884765625 0.249847412109375 0.0178680419921875
0.102157592773438 -0.192230224609375 0.1273193359375 -0.253448486328125
0.0677642822265625 -0.168853759765625 -0.0347900390625 -0.29083251953125
0.045623779296875 -0.206283569335938 -0.0858154296875 -0.332122802734375
0.0972442626953125 -0.2010498046875 -0.018402099609375 -0.368682861328125
0.192840576171875 -0.128799438476563 0.083038330078125 -0.3209228515625
0.229705810546875 0.0137786865234375 0.210128784179688 -0.26812744140625
0.131256103515625 0.19915771484375 0.31005859375 -0.2388916015625
0.000427246093749973 0.255859375 0.442108154296875 -0.287078857421875
-0.170578002929688 0.167236328125 0.56231689453125 -0.2845458984375
-0.317962646484375 -0.11785888671875 0.0140457153320312 0.11383056640625
-0.27471923828125 -0.0416259765625 -0.284942626953125 -0.283294677734375
-0.300689697265625 0.260101318359375 -0.60247802734375 -0.0194702148437501
0.02789306640625 0.382232666015625 -0.353912353515625 0.3291015625
0.29278564453125 0.207794189453125 0.003997802734375 0.305145263671875
0.307952880859375 -0.12994384765625 0.173355102539063 0.041900634765625
0.14532470703125 -0.291290283203125 0.087249755859375 -0.171554565429688
0.106124877929687 -0.264434814453125 -0.0423583984375 -0.199356079101563
0.082275390625 -0.327850341796875 -0.082916259765625 -0.244232177734375
0.17681884765625 -0.30352783203125 -0.0560302734375 -0.295135498046875
0.3262939453125 -0.16241455078125 0.0199737548828125 -0.278045654296875
0.3443603515625 0.07904052734375 0.15966796875 -0.2877197265625
0.127960205078125 0.346527099609375 0.318023681640625 -0.2763671875
-0.0960693359375 0.358245849609375 0.459075927734375 -0.24224853515625
-0.308074951171875 0.17803955078125 0.49322509765625 -0.239227294921875
-0.392181396484375 -0.122772216796875 -0.101524353027344 0.105972290039062
-0.352508544921875 0.0111999511718749 -0.34857177734375 -0.2183837890625
-0.30615234375 0.3580322265625 -0.56353759765625 0.018310546875
0.1005859375 0.4346923828125 -0.34185791015625 0.282928466796875
0.370758056640625 0.19342041015625 -0.0630340576171875 0.276718139648438
0.3472900390625 -0.1976318359375 0.0874404907226563 0.0850448608398437
0.15679931640625 -0.352996826171875 0.0477104187011719 -0.0596923828125
0.127593994140625 -0.320220947265625 -0.0433197021484375 -0.0787734985351563
0.112579345703125 -0.397491455078125 -0.0802459716796875 -0.125015258789063
0.241729736328125 -0.348602294921875 -0.100021362304688 -0.197021484375
0.417022705078125 -0.1455078125 -0.0528717041015625 -0.2310791015625
0.393798828125 0.162628173828125 0.1129150390625 -0.312255859375
0.0697021484375 0.44134521484375 0.352783203125 -0.299591064453125
-0.19989013671875 0.385711669921875 0.476776123046875 -0.152374267578125
-0.399658203125 0.140594482421875 0.383270263671875 -0.1749267578125
-0.41876220703125 -0.104766845703125 -0.235122680664063 0.126998901367187
-0.3773193359375 0.080047607421875 -0.403045654296875 -0.10870361328125
-0.251312255859375 0.416748046875 -0.504364013671875 0.06707763671875
0.1771240234375 0.418670654296875 -0.332916259765625 0.247344970703125
0.402130126953125 0.134765625 -0.127090454101562 0.269058227539063
0.330780029296875 -0.2498779296875 0.0129241943359375 0.15277099609375
0.1385498046875 -0.366241455078125 0.0234794616699219 0.0690422058105468
0.12896728515625 -0.328338623046875 -0.0389213562011719 0.05255126953125
0.131256103515625 -0.402923583984375 -0.0888748168945312 0.00580596923828123
0.27703857421875 -0.32379150390625 -0.156967163085937 -0.0976715087890625
0.43670654296875 -0.077392578125 -0.131881713867187 -0.204055786132813
0.349822998046875 0.240264892578125 0.086639404296875 -0.34918212890625
-0.0391845703125 0.44464111328125 0.415771484375 -0.296630859375
-0.278472900390625 0.317047119140625 0.47821044921875 -0.02581787109375
-0.423980712890625 0.0609130859374999 0.244552612304687 -0.117340087890625
-0.379974365234375 -0.090087890625 -0.363037109375 0.178192138671875
-0.337799072265625 0.120758056640625 -0.431732177734375 0.0216979980468749
-0.17144775390625 0.3929443359375 -0.43756103515625 0.1121826171875
0.2083740234375 0.342254638671875 -0.32952880859375 0.228851318359375
0.365203857421875 0.066986083984375 -0.17718505859375 0.283599853515625
0.267318725585937 -0.256546020507813 -0.033660888671875 0.235488891601562
0.10491943359375 -0.324310302734375 0.02215576171875 0.195892333984375
0.10980224609375 -0.285125732421875 -0.0283966064453125 0.173919677734375
0.127960205078125 -0.344757080078125 -0.112510681152344 0.123916625976562
0.261123657226563 -0.244720458984375 -0.223098754882812 -0.02490234375
0.36614990234375 0.001312255859375 -0.195968627929687 -0.216598510742188
0.224685668945312 0.259521484375 0.0948486328125 -0.3931884765625
-0.139434814453125 0.3333740234375 0.493133544921875 -0.2503662109375
-0.286956787109375 0.174407958984375 0.445037841796875 0.1021728515625
-0.36590576171875 -0.0315551757812499 0.100379943847656 -0.0929031372070313
-0.284088134765625 -0.0927734375 -0.464202880859375 0.242706298828125
-0.255645751953125 0.102401733398438 -0.439971923828125 0.143157958984375
-0.110076904296875 0.291961669921875 -0.373260498046875 0.148773193359375
0.168701171875 0.236679077148437 -0.324066162109375 0.228851318359375
0.26654052734375 0.0240631103515625 -0.19879150390625 0.307403564453125
0.177597045898438 -0.205184936523438 -0.04522705078125 0.315887451171875
0.0644683837890625 -0.22906494140625 0.040283203125 0.300201416015625
0.071624755859375 -0.199432373046875 -0.0147705078125 0.267868041992188
0.09344482421875 -0.23590087890625 -0.141845703125 0.208953857421875
0.18402099609375 -0.14923095703125 -0.278656005859375 0.00892639160156253
0.228622436523438 0.035308837890625 -0.221359252929688 -0.26220703125
0.0901336669921875 0.1851806640625 0.147857666015625 -0.427459716796875
-0.151641845703125 0.1568603515625 0.56304931640625 -0.1680908203125
-0.200942993164063 0.035614013671875 0.386566162109375 0.202728271484375
-0.24169921875 -0.0904846191406251 -0.0143814086914063 -0.107040405273438
-0.146804809570313 -0.12408447265625 -0.531402587890625 0.295501708984375
-0.162033081054688 0.021148681640625 -0.43670654296875 0.23052978515625
-0.0940475463867187 0.140281677246094 -0.32183837890625 0.17767333984375
0.0648040771484375 0.138282775878906 -0.305877685546875 0.241180419921875
0.127960205078125 0.0237274169921875 -0.19183349609375 0.32513427734375
0.0826797485351562 -0.0985946655273438 -0.0302734375 0.3701171875
0.0244140625 -0.094635009765625 0.06890869140625 0.36383056640625
0.0213851928710937 -0.0830154418945313 0.00195312500000003 0.31964111328125
0.0314559936523438 -0.101776123046875 -0.158828735351562 0.250839233398438
0.0616722106933594 -0.0684432983398438 -0.299407958984375 0.0118103027343749
0.0759048461914063 0.005096435546875 -0.19451904296875 -0.305633544921875
0.0137901306152344 0.0441741943359375 0.2218017578125 -0.424713134765625
-0.0601692199707031 0.00357055664062501 0.603271484375 -0.0654296875
-0.0523948669433594 -0.0297279357910156 0.32708740234375 0.26092529296875
-0.089141845703125 -0.087615966796875 -0.078948974609375 -0.141250610351563
-0.0979461669921875 -0.00422668457031252 0.165740966796875 0.098846435546875
-0.0608062744140625 -0.018310546875 -0.2696533203125 -0.3389892578125
-0.100914001464844 0.107673645019531 -0.66644287109375 0.04327392578125
0.0128936767578125 0.151138305664063 -0.332244873046875 0.4632568359375
0.102584838867188 0.0738372802734375 0.14202880859375 0.352386474609375
0.0839691162109375 -0.0206756591796875 0.28985595703125 -0.021270751953125
0.0282554626464844 -0.0671195983886719 0.116943359375 -0.311248779296875
0.0158729553222656 -0.0439796447753906 -0.06072998046875 -0.34088134765625
-0.000236511230468749 -0.0487632751464844 -0.121368408203125 -0.380950927734375
0.00170516967773438 -0.0666885375976563 -0.014251708984375 -0.42523193359375
0.026885986328125 -0.0730514526367188 0.12554931640625 -0.37408447265625
0.0799179077148438 -0.052734375 0.269515991210938 -0.275299072265625
0.117317199707031 0.0140380859375 0.338836669921875 -0.198822021484375
0.110725402832031 0.107521057128906 0.415679931640625 -0.29278564453125
0.00470733642578125 0.13525390625 0.5516357421875 -0.34466552734375
-0.222824096679687 -0.051055908203125 0.122299194335937 0.105613708496094
-0.177078247070313 -0.038116455078125 -0.271240234375 -0.337127685546875
-0.214828491210938 0.196823120117188 -0.6597900390625 -0.00128173828124985
0.023223876953125 0.28564453125 -0.360931396484375 0.405548095703125
0.21722412109375 0.1474609375 0.078125 0.341064453125
0.208633422851563 -0.090850830078125 0.2403564453125 0.000595092773437495
0.079620361328125 -0.201797485351563 0.0954437255859375 -0.264785766601563
0.0501861572265625 -0.174835205078125 -0.069580078125 -0.291107177734375
0.0217132568359375 -0.209854125976563 -0.12469482421875 -0.33795166015625
0.0741119384765625 -0.212432861328125 -0.051788330078125 -0.387359619140625
0.178863525390625 -0.151931762695313 0.0731201171875 -0.3480224609375
0.235336303710938 -0.0088958740234375 0.221588134765625 -0.292449951171875
0.154815673828125 0.189666748046875 0.320098876953125 -0.24517822265625
0.028656005859375 0.257415771484375 0.424041748046875 -0.3006591796875
-0.154876708984375 0.189849853515625 0.529754638671875 -0.3299560546875
-0.326934814453125 -0.0810546875 0.036956787109375 0.100273132324219
-0.2781982421875 -0.0228271484375 -0.30853271484375 -0.306396484375
-0.2779541015625 0.294525146484375 -0.63507080078125 -0.00274658203124993
0.06793212890625 0.3851318359375 -0.361907958984375 0.3482666015625
0.3206787109375 0.179351806640625 0.01080322265625 0.311187744140625
0.294708251953125 -0.16534423828125 0.165512084960938 0.0314178466796875
0.1102294921875 -0.309722900390625 0.0643463134765625 -0.17791748046875
0.0776824951171875 -0.278793334960937 -0.06561279296875 -0.197616577148438
0.043121337890625 -0.340057373046875 -0.11181640625 -0.251296997070313
0.14306640625 -0.32794189453125 -0.0809326171875 -0.31036376953125
0.311981201171875 -0.20172119140625 0.01385498046875 -0.299102783203125
0.362213134765625 0.046417236328125 0.168304443359375 -0.30828857421875
0.166839599609375 0.34222412109375 0.3238525390625 -0.28497314453125
-0.05987548828125 0.369537353515625 0.447662353515625 -0.258544921875
-0.29290771484375 0.212921142578125 0.465423583984375 -0.277496337890625
-0.4036865234375 -0.0815124511718749 -0.0775222778320313 0.106109619140625
-0.354705810546875 0.036163330078125 -0.36260986328125 -0.23248291015625
-0.274444580078125 0.396453857421875 -0.59033203125 0.0349121093749999
0.147491455078125 0.432373046875 -0.353057861328125 0.301055908203125
0.401641845703125 0.156341552734375 -0.058258056640625 0.288818359375
0.327728271484375 -0.240203857421875 0.083343505859375 0.082763671875
0.114227294921875 -0.376251220703125 0.0374946594238281 -0.0616531372070313
0.092529296875 -0.34039306640625 -0.0523300170898437 -0.0755081176757813
0.065277099609375 -0.416717529296875 -0.0942153930664063 -0.130821228027344
0.204833984375 -0.38238525390625 -0.113357543945313 -0.204879760742188
0.4083251953125 -0.194732666015625 -0.055389404296875 -0.2423095703125
0.4217529296875 0.127655029296875 0.11761474609375 -0.327972412109375
0.115966796875 0.445098876953125 0.35931396484375 -0.3143310546875
-0.161895751953125 0.4071044921875 0.477020263671875 -0.1671142578125
-0.38922119140625 0.183013916015625 0.361358642578125 -0.199920654296875
-0.432159423828125 -0.0643310546874999 -0.207778930664063 0.140670776367187
-0.3780517578125 0.109954833984375 -0.406494140625 -0.113067626953125
-0.2158203125 0.45574951171875 -0.525604248046875 0.0813903808593751
0.226104736328125 0.409637451171875 -0.34600830078125 0.265960693359375
0.430572509765625 0.0928955078125 -0.123687744140625 0.28875732421875
0.30572509765625 -0.293731689453125 0.0147247314453125 0.160171508789062
0.09564208984375 -0.390472412109375 0.0282669067382813 0.071990966796875
0.09381103515625 -0.349945068359375 -0.0321311950683594 0.0569038391113281
0.083526611328125 -0.42510986328125 -0.088134765625 0.00335693359374999
0.244415283203125 -0.363006591796875 -0.159881591796875 -0.096282958984375
0.43621826171875 -0.12841796875 -0.13262939453125 -0.204940795898437
0.383880615234375 0.21246337890625 0.0858154296875 -0.36065673828125
0.00503540039062495 0.45819091796875 0.424285888671875 -0.316253662109375
-0.247894287109375 0.34246826171875 0.491973876953125 -0.039459228515625
-0.4183349609375 0.103424072265625 0.227310180664062 -0.128738403320312
-0.39495849609375 -0.0534667968749999 -0.331390380859375 0.205047607421875
-0.337005615234375 0.150421142578125 -0.424072265625 0.0239868164062499
-0.13671875 0.4266357421875 -0.452545166015625 0.1219482421875
0.252685546875 0.33074951171875 -0.3446044921875 0.249725341796875
0.387054443359375 0.027069091796875 -0.173309326171875 0.30987548828125
0.241973876953125 -0.295379638671875 -0.022613525390625 0.251556396484375
0.06707763671875 -0.345733642578125 0.0427093505859375 0.201858520507813
0.07940673828125 -0.305877685546875 -0.00772094726562499 0.1795654296875
0.087615966796875 -0.365447998046875 -0.097808837890625 0.127128601074219
0.237518310546875 -0.281402587890625 -0.217681884765625 -0.0130615234375
0.372772216796875 -0.039825439453125 -0.199661254882812 -0.209365844726563
0.256515502929688 0.244033813476562 0.0911865234375 -0.40533447265625
-0.110137939453125 0.3529052734375 0.509124755859375 -0.2747802734375
-0.268692016601563 0.198516845703125 0.473724365234375 0.09808349609375
-0.36724853515625 0.00354003906250006 0.0865859985351562 -0.0876617431640625
-0.302001953125 -0.0685119628906251 -0.43035888671875 0.2794189453125
-0.256683349609375 0.12615966796875 -0.421539306640625 0.14947509765625
-0.082611083984375 0.317962646484375 -0.385162353515625 0.155548095703125
0.203125 0.22705078125 -0.34063720703125 0.25274658203125
0.281768798828125 -0.0078125 -0.19342041015625 0.33990478515625
0.157546997070313 -0.233810424804688 -0.024322509765625 0.336456298828125
0.03741455078125 -0.24517822265625 0.074615478515625 0.306732177734375
0.0513763427734375 -0.215728759765625 0.017425537109375 0.273361206054688
0.067413330078125 -0.252578735351563 -0.118057250976563 0.218215942382812
0.16998291015625 -0.175064086914063 -0.27008056640625 0.0272674560546875
0.235565185546875 0.010955810546875 -0.227752685546875 -0.2518310546875
0.109939575195313 0.18109130859375 0.141845703125 -0.441680908203125
-0.139251708984375 0.172027587890625 0.58935546875 -0.1929931640625
-0.193588256835938 0.0489654541015625 0.42431640625 0.210113525390625
-0.24664306640625 -0.068206787109375 -0.0292739868164063 -0.0888214111328125
-0.16595458984375 -0.112625122070312 -0.492828369140625 0.339447021484375
-0.16644287109375 0.037353515625 -0.414581298828125 0.241119384765625
-0.0806732177734375 0.160064697265625 -0.33270263671875 0.183380126953125
0.087799072265625 0.136123657226563 -0.3212890625 0.267364501953125
0.138885498046875 0.0073394775390625 -0.185150146484375 0.360076904296875
0.0732650756835937 -0.1146240234375 -0.00274658203124999 0.392791748046875
0.0142593383789062 -0.103858947753906 0.11279296875 0.36944580078125
0.0142059326171875 -0.090484619140625 0.04034423828125 0.3253173828125
0.0210189819335938 -0.109214782714844 -0.130706787109375 0.263717651367188
0.0549392700195312 -0.078460693359375 -0.290191650390625 0.034149169921875
0.0776214599609375 -0.00350189208984375 -0.2047119140625 -0.296478271484375
0.0172996520996094 0.0441780090332031 0.21832275390625 -0.443328857421875
-0.0617256164550781 0.00543975830078125 0.6373291015625 -0.08612060546875
-0.0510444641113281 -0.0306358337402344 0.3670654296875 0.279998779296875
-0.09429931640625 -0.0799407958984375 -0.0969772338867188 -0.115592956542969
-0.0948410034179688 0.0179901123046875 0.180938720703125 0.0604248046875
-0.0630989074707031 -0.0128517150878906 -0.3165283203125 -0.35107421875
-0.0874099731445312 0.121612548828125 -0.69061279296875 0.0883178710937499
0.0327301025390625 0.149246215820313 -0.31689453125 0.491058349609375
0.111114501953125 0.0606689453125 0.159027099609375 0.3421630859375
0.0799331665039063 -0.0276718139648438 0.27349853515625 -0.0425567626953125
0.0202865600585937 -0.0637779235839844 0.07244873046875 -0.316497802734375
0.0123329162597656 -0.040985107421875 -0.106475830078125 -0.32989501953125
-0.0042572021484375 -0.04290771484375 -0.172149658203125 -0.37152099609375
-0.00780868530273437 -0.0615119934082031 -0.06451416015625 -0.4365234375
0.01324462890625 -0.07330322265625 0.09954833984375 -0.403411865234375
0.0707244873046875 -0.0626449584960938 0.2685546875 -0.309539794921875
0.118331909179688 -0.003082275390625 0.344085693359375 -0.211883544921875
0.125633239746094 0.0900726318359375 0.38433837890625 -0.306671142578125
0.0242843627929688 0.138023376464844 0.4970703125 -0.391815185546875
-0.21990966796875 -0.015655517578125 0.140151977539063 0.0738449096679688
-0.178329467773437 -0.0218048095703125 -0.312744140625 -0.349945068359375
-0.189712524414063 0.221847534179688 -0.6865234375 0.0422363281250001
0.0581817626953125 0.281097412109375 -0.350341796875 0.433868408203125
0.234878540039062 0.119003295898437 0.0941162109375 0.336822509765625
0.193389892578125 -0.115081787109375 0.227142333984375 -0.016510009765625
0.0505523681640625 -0.206192016601562 0.0560302734375 -0.268341064453125
0.0277252197265625 -0.176773071289063 -0.108062744140625 -0.280029296875
-0.006591796875 -0.207046508789062 -0.170501708984375 -0.3310546875
0.0438079833984375 -0.218673706054688 -0.096771240234375 -0.39593505859375
0.155349731445313 -0.17254638671875 0.049407958984375 -0.372467041015625
0.234512329101562 -0.0373992919921875 0.220184326171875 -0.32318115234375
0.178634643554687 0.170196533203125 0.321502685546875 -0.2586669921875
0.0610809326171875 0.249435424804688 0.394287109375 -0.316192626953125
-0.128982543945313 0.210128784179687 0.4781494140625 -0.3760986328125
-0.325653076171875 -0.034637451171875 0.0591201782226562 0.0803756713867188
-0.276275634765625 0.00338745117187505 -0.34185791015625 -0.315338134765625
-0.241180419921875 0.327117919921875 -0.66015625 0.0374755859375001
0.114501953125 0.375274658203125 -0.35614013671875 0.37646484375
0.343048095703125 0.137451171875 0.025909423828125 0.313995361328125
0.268997192382813 -0.2015380859375 0.155059814453125 0.021392822265625
0.066009521484375 -0.31927490234375 0.0362396240234375 -0.179473876953125
0.04022216796875 -0.285552978515625 -0.0913238525390625 -0.187957763671875
-0.00408935546874997 -0.340179443359375 -0.146453857421875 -0.247390747070313
0.0968017578125 -0.34442138671875 -0.114776611328125 -0.314422607421875
0.28302001953125 -0.24188232421875 -0.00384521484374997 -0.31622314453125
0.37017822265625 0.0030517578125 0.164459228515625 -0.33428955078125
0.209564208984375 0.3226318359375 0.323028564453125 -0.301910400390625
-0.01446533203125 0.37152099609375 0.425140380859375 -0.277313232421875
-0.263351440429688 0.249374389648438 0.419677734375 -0.315948486328125
-0.403045654296875 -0.029449462890625 -0.0500946044921875 0.100509643554688
-0.34832763671875 0.0708007812499999 -0.382904052734375 -0.234130859375
-0.227630615234375 0.431396484375 -0.60931396484375 0.0690307617187502
0.201385498046875 0.413604736328125 -0.350738525390625 0.328033447265625
0.422943115234375 0.103240966796875 -0.04437255859375 0.29974365234375
0.292083740234375 -0.282501220703125 0.079620361328125 0.0812301635742187
0.059967041015625 -0.388763427734375 0.0258293151855469 -0.0602836608886719
0.046478271484375 -0.351348876953125 -0.0617713928222656 -0.069000244140625
0.00698852539062504 -0.42120361328125 -0.112991333007812 -0.130203247070313
0.150848388671875 -0.40863037109375 -0.133316040039062 -0.20574951171875
0.380584716796875 -0.248321533203125 -0.0654602050781249 -0.250244140625
0.440673828125 0.077880859375 0.11212158203125 -0.34722900390625
0.171630859375 0.43255615234375 0.35491943359375 -0.336334228515625
-0.111663818359375 0.420013427734375 0.46893310546875 -0.190521240234375
-0.361663818359375 0.22918701171875 0.32891845703125 -0.226043701171875
-0.432952880859375 -0.0113525390624999 -0.173629760742188 0.15057373046875
-0.36773681640625 0.147796630859375 -0.41168212890625 -0.11065673828125
-0.16119384765625 0.484222412109375 -0.537445068359375 0.110992431640625
0.279296875 0.3834228515625 -0.347198486328125 0.293487548828125
0.44573974609375 0.0357666015625 -0.10992431640625 0.308074951171875
0.26300048828125 -0.335540771484375 0.0216522216796875 0.167190551757812
0.038726806640625 -0.40283203125 0.0352630615234375 0.07330322265625
0.04547119140625 -0.36328125 -0.0233192443847656 0.0602607727050781
0.02386474609375 -0.433990478515625 -0.0881805419921875 0.00296783447265622
0.19256591796875 -0.395111083984375 -0.1646728515625 -0.0906524658203125
0.41796875 -0.185577392578125 -0.137313842773437 -0.201492309570313
0.41278076171875 0.167022705078125 0.075775146484375 -0.3759765625
0.060333251953125 0.457550048828125 0.4190673828125 -0.343841552734375
-0.203765869140625 0.364532470703125 0.501251220703125 -0.064361572265625
-0.399383544921875 0.152801513671875 0.205520629882812 -0.137939453125
-0.399810791015625 -0.00793457031250002 -0.287353515625 0.228271484375
-0.3253173828125 0.186309814453125 -0.412322998046875 0.0309753417968751
-0.0841064453125 0.451171875 -0.459259033203125 0.145355224609375
0.2991943359375 0.300933837890625 -0.346771240234375 0.279144287109375
0.39715576171875 -0.02581787109375 -0.15606689453125 0.337493896484375
0.200531005859375 -0.330108642578125 -0.0034637451171875 0.264205932617188
0.016265869140625 -0.3565673828125 0.0684051513671875 0.200592041015625
0.037750244140625 -0.319091796875 0.01806640625 0.178970336914063
0.03594970703125 -0.3768310546875 -0.08062744140625 0.128814697265625
0.19775390625 -0.312591552734375 -0.209976196289063 0.000503540039062458
0.36602783203125 -0.087982177734375 -0.203536987304688 -0.196243286132813
0.2882080078125 0.214996337890625 0.07562255859375 -0.417877197265625
-0.0673828125 0.36407470703125 0.5111083984375 -0.312713623046875
-0.24053955078125 0.221435546875 0.500579833984375 0.076385498046875
-0.35821533203125 0.047515869140625 0.07293701171875 -0.0793914794921875
-0.311676025390625 -0.0328369140625 -0.37762451171875 0.313995361328125
-0.24737548828125 0.155258178710937 -0.3994140625 0.15869140625
-0.04217529296875 0.33709716796875 -0.3900146484375 0.17327880859375
0.238311767578125 0.202972412109375 -0.342376708984375 0.286651611328125
0.2869873046875 -0.047576904296875 -0.172637939453125 0.372955322265625
0.125091552734375 -0.258926391601563 0.00698852539062502 0.351531982421875
0.00233459472656249 -0.25408935546875 0.11602783203125 0.301849365234375
0.0225677490234375 -0.225692749023437 0.0549468994140625 0.27001953125
0.0324554443359375 -0.262359619140625 -0.088104248046875 0.222625732421875
0.145050048828125 -0.197311401367188 -0.255599975585938 0.0496978759765624
0.235671997070313 -0.01953125 -0.236587524414063 -0.233856201171875
0.131683349609375 0.168991088867188 0.1219482421875 -0.455841064453125
-0.1197509765625 0.184646606445313 0.6002197265625 -0.235107421875
-0.18212890625 0.0633392333984375 0.465240478515625 0.1988525390625
-0.24658203125 -0.0385894775390625 -0.0408706665039063 -0.0657234191894531
-0.18328857421875 -0.092132568359375 -0.437042236328125 0.379974365234375
-0.1658935546875 0.0573883056640625 -0.3851318359375 0.25244140625
-0.058990478515625 0.17706298828125 -0.336944580078125 0.198272705078125
0.111442565917969 0.125411987304687 -0.3221435546875 0.301727294921875
0.145172119140625 -0.0149078369140625 -0.161651611328125 0.39544677734375
0.0576095581054688 -0.12811279296875 0.03955078125 0.4072265625
-0.00119781494140626 -0.110466003417969 0.16363525390625 0.360260009765625
0.00325012207031249 -0.0970306396484375 0.08489990234375 0.318817138671875
0.00701141357421874 -0.114601135253906 -0.09375 0.27130126953125
0.0438613891601563 -0.0865936279296875 -0.272613525390625 0.058685302734375
0.0764999389648438 -0.0137252807617188 -0.216934204101563 -0.279617309570313
0.0218086242675781 0.0427627563476563 0.199371337890625 -0.463714599609375
-0.0616455078125 0.00880813598632812 0.66021728515625 -0.1285400390625
-0.0502510070800781 -0.0303192138671875 0.415618896484375 0.2791748046875
-0.0972366333007813 -0.0674972534179688 -0.109794616699219 -0.08245849609375
-0.082855224609375 0.0366134643554688 0.183273315429688 0.019195556640625
-0.0634689331054688 -0.006439208984375 -0.35821533203125 -0.343170166015625
-0.0701141357421875 0.128646850585938 -0.6898193359375 0.13897705078125
0.0495529174804688 0.139724731445313 -0.287322998046875 0.5059814453125
0.113296508789063 0.0449142456054688 0.171478271484375 0.321807861328125
0.0732269287109375 -0.03369140625 0.24981689453125 -0.058349609375
0.0135116577148437 -0.0578956604003906 0.027130126953125 -0.3040771484375
0.0101280212402344 -0.0366935729980469 -0.145172119140625 -0.302154541015625
-0.00665283203125 -0.036376953125 -0.216064453125 -0.343353271484375
-0.0155792236328125 -0.0529518127441406 -0.113677978515625 -0.4267578125
-4.95910644531193E-05 -0.0671577453613281 0.063690185546875 -0.417724609375
0.0582809448242188 -0.0690498352050781 0.253814697265625 -0.338104248046875
0.112190246582031 -0.0198593139648438 0.3389892578125 -0.22283935546875
0.133399963378906 0.0683212280273438 0.34771728515625 -0.306732177734375
0.0434417724609375 0.13311767578125 0.426239013671875 -0.41986083984375
-0.203659057617188 0.01763916015625 0.148284912109375 0.03765869140625
-0.172454833984375 -0.00437927246093753 -0.35076904296875 -0.34356689453125
-0.15582275390625 0.23577880859375 -0.6873779296875 0.0904541015624999
0.0890655517578125 0.262771606445312 -0.326416015625 0.451507568359375
0.240005493164062 0.0851287841796875 0.1070556640625 0.322509765625
0.169387817382813 -0.1324462890625 0.206405639648438 -0.02960205078125
0.022216796875 -0.199325561523438 0.017608642578125 -0.256759643554687
0.00611877441406251 -0.169967651367188 -0.139678955078125 -0.25531005859375
-0.0323486328125 -0.194122314453125 -0.21063232421875 -0.305755615234375
0.013519287109375 -0.212371826171875 -0.1409912109375 -0.384857177734375
0.124465942382813 -0.183746337890625 0.01806640625 -0.383270263671875
0.222457885742188 -0.0644073486328125 0.204345703125 -0.347808837890625
0.192703247070313 0.142257690429688 0.314666748046875 -0.26953125
0.0877227783203125 0.229248046875 0.356536865234375 -0.32098388671875
-0.09613037109375 0.219985961914062 0.412139892578125 -0.399688720703125
-0.305084228515625 0.00909423828124997 0.0746612548828125 0.054229736328125
-0.263412475585938 0.028594970703125 -0.369415283203125 -0.307708740234375
-0.193817138671875 0.34259033203125 -0.6614990234375 0.0829467773437501
0.154571533203125 0.34686279296875 -0.3370361328125 0.396820068359375
0.34765625 0.088623046875 0.0409851074218751 0.307464599609375
0.23046875 -0.226272583007813 0.141448974609375 0.0138397216796875
0.0198974609375 -0.311004638671875 0.00994873046874999 -0.169876098632813
0.0027923583984375 -0.278045654296875 -0.111968994140625 -0.169570922851563
-0.048736572265625 -0.324310302734375 -0.177093505859375 -0.22906494140625
0.04583740234375 -0.34228515625 -0.148468017578125 -0.304931640625
0.240585327148437 -0.267776489257813 -0.02618408203125 -0.322113037109375
0.35992431640625 -0.04168701171875 0.150390625 -0.352264404296875
0.241546630859375 0.287139892578125 0.31024169921875 -0.314239501953125
0.028656005859375 0.3555908203125 0.393280029296875 -0.287139892578125
-0.221771240234375 0.271469116210937 0.363861083984375 -0.335906982421875
-0.381866455078125 0.020416259765625 -0.0246963500976563 0.0865554809570312
-0.327667236328125 0.100616455078125 -0.399017333984375 -0.225799560546875
-0.168731689453125 0.442535400390625 -0.60614013671875 0.107666015625
0.243133544921875 0.375 -0.3343505859375 0.349639892578125
0.421905517578125 0.044891357421875 -0.026611328125 0.301361083984375
0.241607666015625 -0.308807373046875 0.075164794921875 0.0799102783203125
0.00360107421875004 -0.379791259765625 0.0148658752441406 -0.0556793212890625
-0.00088500976562497 -0.344207763671875 -0.0674552917480469 -0.0587272644042969
-0.050018310546875 -0.40423583984375 -0.129829406738281 -0.121803283691406
0.089752197265625 -0.412353515625 -0.151107788085938 -0.197647094726563
0.334686279296875 -0.287567138671875 -0.076385498046875 -0.250991821289063
0.438995361328125 0.02288818359375 0.0977783203125 -0.359405517578125
0.21826171875 0.39788818359375 0.337127685546875 -0.35198974609375
-0.059112548828125 0.411895751953125 0.44677734375 -0.20989990234375
-0.31768798828125 0.263275146484375 0.285888671875 -0.238800048828125
-0.412139892578125 0.0395812988281249 -0.1353759765625 0.148529052734375
-0.341827392578125 0.180450439453125 -0.4102783203125 -0.101531982421875
-0.098480224609375 0.492279052734375 -0.5311279296875 0.1419677734375
0.318084716796875 0.337249755859375 -0.333587646484375 0.316619873046875
0.439117431640625 -0.025177001953125 -0.088134765625 0.31768798828125
0.207489013671875 -0.357330322265625 0.0298004150390625 0.169906616210937
-0.02008056640625 -0.39300537109375 0.0422210693359375 0.0708770751953125
-0.00375366210937498 -0.357940673828125 -0.0133895874023438 0.0598106384277344
-0.036224365234375 -0.42022705078125 -0.0877685546875 0.00354003906249998
0.132110595703125 -0.40618896484375 -0.165817260742187 -0.0821990966796875
0.37884521484375 -0.23162841796875 -0.139739990234375 -0.1943359375
0.422882080078125 0.113677978515625 0.05889892578125 -0.3807373046875
0.112060546875 0.4339599609375 0.399383544921875 -0.36767578125
-0.154144287109375 0.36767578125 0.495025634765625 -0.092010498046875
-0.3602294921875 0.193328857421875 0.179580688476562 -0.139678955078125
-0.385009765625 0.0387268066406249 -0.2357177734375 0.235870361328125
-0.29876708984375 0.216033935546875 -0.39556884765625 0.03643798828125
-0.0267333984375 0.453125 -0.452301025390625 0.167205810546875
0.329437255859375 0.25518798828125 -0.334747314453125 0.305023193359375
0.38580322265625 -0.07977294921875 -0.1287841796875 0.353759765625
0.14776611328125 -0.346893310546875 0.0186614990234375 0.268020629882813
-0.03607177734375 -0.347564697265625 0.09136962890625 0.189315795898437
-0.00582885742187501 -0.315399169921875 0.0416259765625 0.168838500976562
-0.0164794921875 -0.3675537109375 -0.06378173828125 0.124237060546875
0.147247314453125 -0.32684326171875 -0.197097778320312 0.0129547119140625
0.340728759765625 -0.13134765625 -0.201629638671875 -0.179641723632813
0.30621337890625 0.174774169921875 0.055267333984375 -0.41925048828125
-0.02325439453125 0.357452392578125 0.493896484375 -0.345458984375
-0.204452514648438 0.232452392578125 0.5128173828125 0.046417236328125
-0.331298828125 0.086212158203125 0.0597381591796875 -0.0670127868652344
-0.306671142578125 0.00418090820312503 -0.314727783203125 0.328765869140625
-0.226730346679688 0.18017578125 -0.369903564453125 0.159393310546875
0.00119018554687498 0.338592529296875 -0.38275146484375 0.188629150390625
0.261337280273438 0.1673583984375 -0.3306884765625 0.3148193359375
0.276626586914063 -0.0872650146484375 -0.14013671875 0.39251708984375
0.08514404296875 -0.269378662109375 0.04132080078125 0.35223388671875
-0.035308837890625 -0.249069213867187 0.151626586914063 0.281036376953125
-0.00859069824218752 -0.225234985351562 0.08905029296875 0.251876831054688
-0.00460815429687502 -0.258712768554688 -0.0574493408203125 0.216522216796875
0.111770629882812 -0.2093505859375 -0.232666015625 0.066314697265625
0.224166870117188 -0.048431396484375 -0.236495971679688 -0.210647583007813
0.148162841796875 0.148773193359375 0.096923828125 -0.45965576171875
-0.096099853515625 0.188995361328125 0.58990478515625 -0.27691650390625
-0.16497802734375 0.0735321044921875 0.495086669921875 0.17138671875
-0.23358154296875 -0.00903320312499998 -0.0452728271484375 -0.0392799377441406
-0.191268920898438 -0.0667266845703125 -0.364715576171875 0.39813232421875
-0.157028198242187 0.0758056640625 -0.346405029296875 0.25244140625
-0.032867431640625 0.184005737304688 -0.330108642578125 0.21148681640625
0.129608154296875 0.106414794921875 -0.308929443359375 0.3333740234375
0.14202880859375 -0.0371551513671875 -0.126373291015625 0.416229248046875
0.037353515625 -0.135337829589844 0.082550048828125 0.402801513671875
-0.01806640625 -0.110435485839844 0.20758056640625 0.332305908203125
-0.00966644287109375 -0.0988540649414063 0.124755859375 0.295684814453125
-0.00797271728515625 -0.1138916015625 -0.056610107421875 0.265151977539063
0.0303421020507813 -0.0895919799804688 -0.247055053710937 0.0778961181640625
0.0714492797851563 -0.0231170654296875 -0.22149658203125 -0.256683349609375
0.0258598327636719 0.03851318359375 0.171722412109375 -0.47161865234375
-0.060333251953125 0.0120391845703125 0.65863037109375 -0.1763916015625
-0.0490684509277344 -0.029541015625 0.453643798828125 0.259613037109375
-0.096221923828125 -0.053924560546875 -0.111526489257813 -0.0464553833007813
-0.0678024291992188 0.0469474792480469 0.175918579101563 -0.01617431640625
-0.0612945556640625 -0.00188064575195312 -0.383453369140625 -0.3284912109375
-0.0549392700195312 0.128936767578125 -0.673095703125 0.17034912109375
0.0593490600585937 0.127326965332031 -0.26324462890625 0.505889892578125
0.110389709472656 0.0318984985351563 0.1702880859375 0.30206298828125
0.06610107421875 -0.0364265441894531 0.225433349609375 -0.062774658203125
0.0099029541015625 -0.0506820678710938 -0.005523681640625 -0.280517578125
0.0100879669189453 -0.0324039459228516 -0.167083740234375 -0.269683837890625
-0.00557518005371094 -0.0300712585449219 -0.2423095703125 -0.308837890625
-0.01947021484375 -0.0434150695800781 -0.1480712890625 -0.404998779296875
-0.00954437255859375 -0.0589179992675781 0.034637451171875 -0.419464111328125
0.0465087890625 -0.0702896118164063 0.2379150390625 -0.353271484375
0.102836608886719 -0.0314102172851563 0.333587646484375 -0.224609375
0.132789611816406 0.0489959716796875 0.317230224609375 -0.291748046875
0.05743408203125 0.123764038085938 0.3636474609375 -0.41650390625
-0.179977416992188 0.0381622314453125 0.146392822265625 0.0049896240234375
-0.161895751953125 0.00746154785156249 -0.373199462890625 -0.333160400390625
-0.126022338867187 0.236160278320313 -0.67486572265625 0.12249755859375
0.107406616210937 0.239944458007812 -0.30438232421875 0.455810546875
0.234329223632812 0.057159423828125 0.11187744140625 0.305145263671875
0.145339965820313 -0.139419555664063 0.184295654296875 -0.033172607421875
0.00128173828124998 -0.185714721679688 -0.0102081298828125 -0.235565185546875
-0.00888061523437502 -0.158737182617188 -0.157913208007813 -0.226486206054687
-0.048065185546875 -0.1767578125 -0.234039306640625 -0.274978637695312
-0.00965881347656251 -0.1982421875 -0.171112060546875 -0.363616943359375
0.0973663330078125 -0.182357788085938 -0.00598144531249998 -0.38336181640625
0.204910278320313 -0.0814056396484375 0.18902587890625 -0.360443115234375
0.195297241210938 0.11639404296875 0.306182861328125 -0.27105712890625
0.102310180664063 0.205657958984375 0.32672119140625 -0.308258056640625
-0.067474365234375 0.217926025390625 0.3514404296875 -0.398284912109375
-0.276046752929688 0.0373382568359375 0.0814971923828125 0.0273666381835938
-0.244705200195313 0.043853759765625 -0.384185791015625 -0.29901123046875
-0.1517333984375 0.341064453125 -0.64898681640625 0.1123046875
0.176300048828125 0.312591552734375 -0.31866455078125 0.401336669921875
0.336517333984375 0.04876708984375 0.04736328125 0.296051025390625
0.192337036132813 -0.234375 0.125404357910156 0.0128936767578125
-0.01470947265625 -0.29193115234375 -0.00843811035156249 -0.15478515625
-0.024566650390625 -0.261795043945313 -0.122604370117188 -0.149002075195313
-0.078460693359375 -0.29779052734375 -0.196014404296875 -0.207794189453125
0.00744628906249999 -0.325469970703125 -0.170440673828125 -0.288177490234375
0.199188232421875 -0.275619506835938 -0.04248046875 -0.32073974609375
0.33966064453125 -0.072906494140625 0.136688232421875 -0.36138916015625
0.25531005859375 0.25042724609375 0.299102783203125 -0.3160400390625
0.056732177734375 0.330322265625 0.364593505859375 -0.280303955078125
-0.181060791015625 0.277099609375 0.311187744140625 -0.332550048828125
-0.3485107421875 0.05389404296875 -0.0062065124511719 0.0673141479492187
-0.30255126953125 0.118408203125 -0.403106689453125 -0.21795654296875
-0.11944580078125 0.43609619140625 -0.592529296875 0.13311767578125
0.265228271484375 0.331756591796875 -0.318603515625 0.35687255859375
0.405120849609375 -0.00164794921875 -0.015228271484375 0.295654296875
0.194061279296875 -0.314971923828125 0.0693511962890625 0.08160400390625
-0.038909912109375 -0.356048583984375 0.00780487060546874 -0.0484275817871094
-0.035614013671875 -0.324981689453125 -0.0696067810058594 -0.0500411987304688
-0.08978271484375 -0.374786376953125 -0.140327453613281 -0.110748291015625
0.040802001953125 -0.39715576171875 -0.161712646484375 -0.1859130859375
0.28704833984375 -0.304473876953125 -0.083282470703125 -0.248184204101563
0.421630859375 -0.020233154296875 0.0870361328125 -0.363006591796875
0.242095947265625 0.358367919921875 0.31988525390625 -0.35443115234375
-0.021728515625 0.39044189453125 0.423065185546875 -0.21282958984375
-0.272232055664062 0.277114868164063 0.2489013671875 -0.2353515625
-0.380889892578125 0.07415771484375 -0.103187561035156 0.135223388671875
-0.311553955078125 0.197906494140625 -0.403106689453125 -0.1007080078125
-0.047149658203125 0.48089599609375 -0.5150146484375 0.15948486328125
0.33526611328125 0.291046142578125 -0.318572998046875 0.32733154296875
0.4161376953125 -0.071441650390625 -0.0709228515624999 0.317230224609375
0.15692138671875 -0.35955810546875 0.0352325439453125 0.170745849609375
-0.06396484375 -0.368499755859375 0.0468406677246094 0.0674858093261718
-0.04119873046875 -0.339019775390625 -0.00604629516601562 0.0563507080078125
-0.079376220703125 -0.3919677734375 -0.0879898071289063 0.00347900390624997
0.080596923828125 -0.395751953125 -0.16290283203125 -0.0757293701171876
0.334686279296875 -0.256256103515625 -0.136001586914063 -0.187896728515625
0.414093017578125 0.06866455078125 0.048370361328125 -0.37945556640625
0.1448974609375 0.401214599609375 0.3780517578125 -0.3758544921875
-0.115142822265625 0.355560302734375 0.480682373046875 -0.10498046875
-0.316497802734375 0.213287353515625 0.157135009765625 -0.1318359375
-0.35888671875 0.0713500976562501 -0.190933227539063 0.2254638671875
-0.26971435546875 0.231277465820313 -0.378814697265625 0.0303649902343749
0.0181884765625 0.439605712890625 -0.439117431640625 0.178497314453125
0.34222412109375 0.211456298828125 -0.319915771484375 0.318328857421875
0.361083984375 -0.118743896484375 -0.10504150390625 0.3570556640625
0.101318359375 -0.345367431640625 0.0349884033203125 0.26593017578125
-0.074432373046875 -0.32611083984375 0.105545043945312 0.173721313476562
-0.039794921875 -0.300811767578125 0.0576019287109375 0.154388427734375
-0.05511474609375 -0.345947265625 -0.0516281127929688 0.116355895996094
0.10302734375 -0.323944091796875 -0.182418823242187 0.0175933837890625
0.30853271484375 -0.157623291015625 -0.192855834960937 -0.167068481445313
0.308349609375 0.1380615234375 0.0425109863281251 -0.413665771484375
0.00811767578125001 0.3385009765625 0.46990966796875 -0.3629150390625
-0.172866821289063 0.2296142578125 0.51092529296875 0.023895263671875
-0.297698974609375 0.10919189453125 0.0531158447265625 -0.0523338317871094
-0.29180908203125 0.03271484375 -0.2586669921875 0.3199462890625
-0.204742431640625 0.193130493164062 -0.345001220703125 0.148651123046875
0.03594970703125 0.32830810546875 -0.372894287109375 0.19561767578125
0.269699096679687 0.133895874023437 -0.31390380859375 0.3297119140625
0.257720947265625 -0.11590576171875 -0.112396240234375 0.39813232421875
0.0500640869140625 -0.266937255859375 0.068023681640625 0.344573974609375
-0.064422607421875 -0.234039306640625 0.17376708984375 0.254852294921875
-0.0327301025390625 -0.21612548828125 0.111114501953125 0.228012084960938
-0.0328826904296875 -0.245620727539062 -0.03564453125 0.204421997070313
0.0825347900390625 -0.209136962890625 -0.209518432617188 0.0721588134765625
0.205596923828125 -0.0675201416015625 -0.226577758789063 -0.192962646484375
0.154342651367188 0.127670288085938 0.07989501953125 -0.452545166015625
-0.0761871337890625 0.183792114257813 0.57110595703125 -0.3026123046875
-0.147689819335938 0.075836181640625 0.506744384765625 0.1474609375
-0.213668823242188 0.0103607177734375 -0.0422401428222656 -0.0154151916503906
-0.190170288085938 -0.04400634765625 -0.30084228515625 0.39251708984375
-0.144943237304688 0.088165283203125 -0.3157958984375 0.237030029296875
-0.0108642578125 0.183090209960937 -0.320526123046875 0.214202880859375
0.138298034667969 0.0870590209960938 -0.290771484375 0.34869384765625
0.13372802734375 -0.0548858642578125 -0.095611572265625 0.421356201171875
0.01904296875 -0.1346435546875 0.114288330078125 0.389923095703125
-0.0320968627929688 -0.105758666992188 0.233001708984375 0.2977294921875
-0.0207901000976562 -0.0977020263671875 0.148971557617188 0.266372680664063
-0.0195693969726562 -0.109779357910156 -0.028076171875 0.250198364257813
0.0183792114257813 -0.088287353515625 -0.220504760742188 0.0849761962890625
0.0645942687988281 -0.0290985107421875 -0.213577270507813 -0.23638916015625
0.0276985168457031 0.0336990356445313 0.152069091796875 -0.466583251953125
-0.0579910278320313 0.0140838623046875 0.64697265625 -0.20697021484375
-0.046783447265625 -0.0295486450195313 0.475860595703125 0.238433837890625
-0.08953857421875 -0.0434112548828125 -0.103797912597656 -0.01513671875
-0.0537109375 0.05096435546875 0.165130615234375 -0.044189453125
-0.0596046447753906 0.000404357910156262 -0.400115966796875 -0.321319580078125
-0.0454177856445313 0.126716613769531 -0.66033935546875 0.1851806640625
0.0632705688476563 0.117538452148438 -0.2506103515625 0.500274658203125
0.105384826660156 0.0236663818359375 0.163909912109375 0.289154052734375
0.0601425170898438 -0.0364227294921875 0.206634521484375 -0.0592041015625
0.0093841552734375 -0.0450706481933594 -0.023956298828125 -0.257461547851563
0.0106334686279297 -0.0294857025146484 -0.177505493164063 -0.242446899414063
-0.00402641296386719 -0.0262393951416016 -0.25518798828125 -0.281082153320313
-0.0198783874511719 -0.0348930358886719 -0.169281005859375 -0.385101318359375
-0.0149192810058594 -0.0499687194824219 0.01519775390625 -0.4180908203125
0.0373687744140625 -0.06964111328125 0.228759765625 -0.36248779296875
0.0940322875976563 -0.0383377075195313 0.33612060546875 -0.22247314453125
0.129096984863281 0.0356826782226563 0.30072021484375 -0.271240234375
0.0667495727539063 0.115043640136719 0.318756103515625 -0.401824951171875
-0.157867431640625 0.048065185546875 0.1405029296875 -0.0217971801757812
-0.152511596679688 0.0122528076171875 -0.385833740234375 -0.32904052734375
-0.105438232421875 0.231857299804688 -0.66473388671875 0.1376953125
0.115432739257812 0.220458984375 -0.29437255859375 0.45294189453125
0.224380493164063 0.037811279296875 0.10821533203125 0.29376220703125
0.126014709472656 -0.139633178710938 0.168106079101562 -0.029388427734375
-0.011383056640625 -0.171463012695313 -0.0260467529296875 -0.21527099609375
-0.0174407958984375 -0.148468017578125 -0.166488647460938 -0.202682495117187
-0.0570220947265625 -0.16217041015625 -0.247634887695313 -0.250656127929687
-0.0233612060546875 -0.183547973632813 -0.1884765625 -0.345855712890625
0.0784759521484375 -0.17620849609375 -0.021270751953125 -0.3822021484375
0.189422607421875 -0.0904541015625 0.180572509765625 -0.369354248046875
0.191665649414063 0.09759521484375 0.30596923828125 -0.2681884765625
0.108505249023437 0.186752319335937 0.31011962890625 -0.28826904296875
-0.0459136962890625 0.211257934570313 0.308929443359375 -0.38397216796875
-0.248611450195312 0.0519561767578125 0.0835189819335937 0.0030517578125
-0.22869873046875 0.05084228515625 -0.393646240234375 -0.2962646484375
-0.12274169921875 0.3323974609375 -0.63848876953125 0.12640380859375
0.185760498046875 0.2852783203125 -0.30987548828125 0.4010009765625
0.32183837890625 0.021820068359375 0.047119140625 0.287689208984375
0.1624755859375 -0.233551025390625 0.113937377929688 0.017059326171875
-0.0366668701171875 -0.271621704101563 -0.0194625854492188 -0.139823913574219
-0.041290283203125 -0.246292114257813 -0.127082824707031 -0.133132934570313
-0.097137451171875 -0.274948120117188 -0.206344604492188 -0.189956665039063
-0.017425537109375 -0.30621337890625 -0.18328857421875 -0.273849487304688
0.16949462890625 -0.27362060546875 -0.051544189453125 -0.32159423828125
0.319915771484375 -0.091827392578125 0.130462646484375 -0.3687744140625
0.25799560546875 0.222183227539063 0.2957763671875 -0.31292724609375
0.0712890625 0.30804443359375 0.348236083984375 -0.266815185546875
-0.150833129882813 0.273544311523438 0.274566650390625 -0.32061767578125
-0.318328857421875 0.0715026855468751 0.00568389892578123 0.0458869934082031
-0.28125 0.12579345703125 -0.40557861328125 -0.220428466796875
-0.08392333984375 0.423309326171875 -0.58184814453125 0.142822265625
0.273406982421875 0.29730224609375 -0.310638427734375 0.357513427734375
0.384185791015625 -0.031982421875 -0.01214599609375 0.290313720703125
0.157379150390625 -0.311309814453125 0.0647125244140625 0.0855865478515625
-0.066680908203125 -0.331329345703125 0.00431060791015624 -0.04132080078125
-0.057952880859375 -0.30670166015625 -0.0685653686523438 -0.0433998107910157
-0.114044189453125 -0.348175048828125 -0.147476196289063 -0.102218627929687
0.00790405273437496 -0.377593994140625 -0.167922973632813 -0.178314208984375
0.251251220703125 -0.30877685546875 -0.08514404296875 -0.249069213867188
0.4033203125 -0.046295166015625 0.08251953125 -0.36663818359375
0.253082275390625 0.326324462890625 0.312652587890625 -0.351287841796875
3.05175781249938E-05 0.368377685546875 0.409515380859375 -0.20611572265625
-0.23614501953125 0.277420043945313 0.221099853515625 -0.22332763671875
-0.35040283203125 0.0933837890625 -0.0808792114257813 0.116485595703125
-0.28814697265625 0.205108642578125 -0.39691162109375 -0.107940673828125
-0.011932373046875 0.464080810546875 -0.506195068359375 0.165008544921875
0.340240478515625 0.255462646484375 -0.311553955078125 0.3309326171875
0.3917236328125 -0.100830078125 -0.062408447265625 0.31549072265625
0.11907958984375 -0.352874755859375 0.03875732421875 0.173782348632812
-0.092987060546875 -0.3428955078125 0.0496139526367187 0.0652236938476562
-0.0650634765625 -0.321136474609375 -0.000530242919921877 0.0531654357910156
-0.106414794921875 -0.365631103515625 -0.0887222290039062 0.00296783447265622
0.045257568359375 -0.3795166015625 -0.160400390625 -0.07269287109375
0.299224853515625 -0.267303466796875 -0.130477905273438 -0.18768310546875
0.4012451171875 0.0382080078125 0.046173095703125 -0.378143310546875
0.16058349609375 0.372589111328125 0.36810302734375 -0.37677001953125
-0.090087890625 0.338958740234375 0.471588134765625 -0.10711669921875
-0.280471801757813 0.218612670898438 0.142288208007812 -0.119491577148437
-0.3358154296875 0.089813232421875 -0.158111572265625 0.207687377929688
-0.248077392578125 0.238037109375 -0.3663330078125 0.0162658691406249
0.0489501953125 0.423309326171875 -0.4315185546875 0.17803955078125
0.3433837890625 0.178253173828125 -0.31256103515625 0.3240966796875
0.338775634765625 -0.144073486328125 -0.092254638671875 0.356964111328125
0.067657470703125 -0.336578369140625 0.0463714599609375 0.26373291015625
-0.100860595703125 -0.302947998046875 0.114044189453125 0.161514282226562
-0.06195068359375 -0.28521728515625 0.0666656494140625 0.141021728515625
-0.08038330078125 -0.32452392578125 -0.0447998046875 0.108062744140625
0.07244873046875 -0.313690185546875 -0.170867919921875 0.0165252685546875
0.2811279296875 -0.170944213867187 -0.181991577148437 -0.16265869140625
0.30340576171875 0.111297607421875 0.03814697265625 -0.40960693359375
0.026123046875 0.320526123046875 0.456298828125 -0.36676025390625
-0.151519775390625 0.2208251953125 0.510772705078125 0.0152587890625
-0.268417358398438 0.117828369140625 0.0500717163085937 -0.0370445251464844
-0.27667236328125 0.0501708984375 -0.219329833984375 0.301422119140625
-0.187469482421875 0.198837280273437 -0.329345703125 0.130523681640625
0.06005859375 0.316619873046875 -0.3670654296875 0.193878173828125
0.271286010742188 0.107421875 -0.3050537109375 0.3367919921875
0.240081787109375 -0.134429931640625 -0.09454345703125 0.399261474609375
0.0252227783203125 -0.259353637695313 0.084747314453125 0.337066650390625
-0.0829315185546875 -0.218536376953125 0.185043334960937 0.233596801757812
-0.049835205078125 -0.206649780273438 0.122894287109375 0.208221435546875
-0.0517578125 -0.231979370117188 -0.0213775634765625 0.191360473632812
0.061309814453125 -0.204315185546875 -0.191024780273437 0.07080078125
0.189590454101563 -0.078277587890625 -0.214248657226562 -0.184539794921875
0.15496826171875 0.111297607421875 0.07464599609375 -0.4468994140625
-0.06341552734375 0.17718505859375 0.558624267578125 -0.313507080078125
-0.134819030761719 0.0734786987304688 0.514495849609375 0.135223388671875
-0.194717407226563 0.0200653076171875 -0.0352401733398438 0.00408172607421875
-0.185379028320312 -0.0274200439453125 -0.256011962890625 0.373046875
-0.134956359863281 0.0952835083007813 -0.298919677734375 0.216796875
0.00517272949218751 0.1795654296875 -0.3175048828125 0.2113037109375
0.14190673828125 0.0706329345703125 -0.281646728515625 0.357879638671875
0.125617980957031 -0.0669631958007813 -0.076080322265625 0.42236328125
0.00611877441406249 -0.132179260253906 0.134490966796875 0.377044677734375
-0.0422821044921875 -0.100227355957031 0.245819091796875 0.26971435546875
-0.0292587280273437 -0.0952301025390625 0.162200927734375 0.241928100585938
-0.028533935546875 -0.105010986328125 -0.00991821289062498 0.235321044921875
0.010833740234375 -0.0855560302734375 -0.199493408203125 0.08380126953125
0.0584907531738281 -0.0321693420410156 -0.202423095703125 -0.226348876953125
0.0280838012695313 0.0300807952880859 0.145172119140625 -0.46063232421875
-0.0558547973632812 0.0146522521972656 0.6353759765625 -0.22125244140625
-0.0447883605957031 -0.0306816101074219 0.49072265625 0.22747802734375
-0.082122802734375 -0.0369491577148437 -0.0926284790039063 0.009002685546875
-0.0434341430664062 0.0524444580078125 0.1551513671875 -0.0682525634765625
-0.0599365234375 0.00183486938476562 -0.418060302734375 -0.326416015625
-0.039337158203125 0.126922607421875 -0.66650390625 0.19537353515625
0.0657806396484375 0.112342834472656 -0.25177001953125 0.50262451171875
0.101646423339844 0.0189895629882813 0.157470703125 0.28765869140625
0.0569953918457031 -0.036285400390625 0.195755004882813 -0.0538330078125
0.0107879638671875 -0.0407676696777344 -0.035308837890625 -0.240859985351563
0.0127983093261719 -0.0276584625244141 -0.185821533203125 -0.22509765625
-0.00183677673339844 -0.0241851806640625 -0.267547607421875 -0.263809204101562
-0.0190773010253906 -0.0284709930419922 -0.186309814453125 -0.375579833984375
-0.0174980163574219 -0.0424308776855469 0.003387451171875 -0.425018310546875
0.0303001403808594 -0.0683441162109375 0.227874755859375 -0.37646484375
0.086700439453125 -0.0439910888671875 0.34747314453125 -0.2235107421875
0.126167297363281 0.0264129638671875 0.298797607421875 -0.25341796875
0.074462890625 0.108924865722656 0.292327880859375 -0.388763427734375
-0.140914916992188 0.053436279296875 0.134689331054688 -0.0455856323242188
-0.147384643554688 0.0148162841796875 -0.403167724609375 -0.337615966796875
-0.09130859375 0.230117797851563 -0.67071533203125 0.1456298828125
0.121002197265625 0.208984375 -0.29681396484375 0.454803466796875
0.217803955078125 0.025360107421875 0.101715087890625 0.291534423828125
0.112930297851563 -0.139236450195313 0.157882690429688 -0.023712158203125
-0.018951416015625 -0.161605834960938 -0.0357513427734375 -0.200698852539063
-0.023040771484375 -0.141799926757812 -0.171768188476563 -0.1884765625
-0.06280517578125 -0.152099609375 -0.259918212890625 -0.23516845703125
-0.03179931640625 -0.17279052734375 -0.203338623046875 -0.3372802734375
0.066192626953125 -0.17181396484375 -0.032196044921875 -0.38836669921875
0.179244995117188 -0.0970001220703125 0.179534912109375 -0.38348388671875
0.189712524414063 0.085296630859375 0.31683349609375 -0.267822265625
0.111434936523438 0.174652099609375 0.307403564453125 -0.27337646484375
-0.0316314697265625 0.20709228515625 0.28466796875 -0.371978759765625
-0.227584838867187 0.060394287109375 0.0834426879882813 -0.0193099975585938
-0.2188720703125 0.0538787841796875 -0.40704345703125 -0.307220458984375
-0.10308837890625 0.328125 -0.642333984375 0.13226318359375
0.193084716796875 0.267868041992187 -0.313507080078125 0.404205322265625
0.311767578125 0.002899169921875 0.042083740234375 0.28668212890625
0.141586303710938 -0.232101440429687 0.107063293457031 0.0235824584960937
-0.0514373779296875 -0.256912231445312 -0.0258331298828125 -0.129020690917969
-0.0535430908203125 -0.235549926757813 -0.129837036132813 -0.123283386230469
-0.109146118164063 -0.259796142578125 -0.217025756835938 -0.178390502929688
-0.034423828125 -0.292938232421875 -0.194503784179688 -0.267868041992188
0.149124145507813 -0.272720336914062 -0.058258056640625 -0.327850341796875
0.308258056640625 -0.105255126953125 0.130096435546875 -0.381439208984375
0.261077880859375 0.204757690429688 0.302703857421875 -0.31219482421875
0.080047607421875 0.2943115234375 0.346160888671875 -0.25469970703125
-0.130035400390625 0.270919799804687 0.25408935546875 -0.308258056640625
-0.29547119140625 0.0814819335937501 0.0135917663574219 0.0256214141845703
-0.2686767578125 0.13018798828125 -0.41241455078125 -0.23126220703125
-0.062286376953125 0.417572021484375 -0.5836181640625 0.14605712890625
0.279541015625 0.27618408203125 -0.315155029296875 0.363006591796875
0.370635986328125 -0.054595947265625 -0.0140380859375 0.29205322265625
0.132049560546875 -0.308502197265625 0.0624160766601563 0.0926437377929687
-0.086669921875 -0.313385009765625 0.00214767456054687 -0.0364646911621094
-0.07470703125 -0.29437255859375 -0.068634033203125 -0.0400047302246094
-0.13140869140625 -0.329254150390625 -0.154647827148438 -0.0965728759765625
-0.014312744140625 -0.36444091796875 -0.174758911132813 -0.17572021484375
0.22705078125 -0.31195068359375 -0.0858612060546875 -0.256454467773438
0.391876220703125 -0.06536865234375 0.082763671875 -0.377227783203125
0.25970458984375 0.307586669921875 0.3172607421875 -0.35296630859375
0.012420654296875 0.35491943359375 0.409698486328125 -0.197967529296875
-0.21221923828125 0.277679443359375 0.206085205078125 -0.212234497070313
-0.329803466796875 0.105133056640625 -0.0655364990234375 0.0971450805664063
-0.274185180664063 0.2110595703125 -0.399932861328125 -0.12255859375
0.01251220703125 0.455902099609375 -0.5091552734375 0.163787841796875
0.345458984375 0.230804443359375 -0.31597900390625 0.336578369140625
0.376251220703125 -0.12322998046875 -0.060211181640625 0.3194580078125
0.091400146484375 -0.34820556640625 0.0419769287109375 0.179641723632812
-0.114013671875 -0.3236083984375 0.0527801513671875 0.0636749267578125
-0.08416748046875 -0.308868408203125 0.00298690795898438 0.0498046875
-0.126434326171875 -0.3489990234375 -0.0908889770507813 0.00266265869140623
0.021697998046875 -0.3685302734375 -0.16119384765625 -0.074005126953125
0.276351928710938 -0.27374267578125 -0.126388549804687 -0.193283081054688
0.39373779296875 0.017486572265625 0.0469970703125 -0.386138916015625
0.17193603515625 0.35662841796875 0.369232177734375 -0.37823486328125
-0.075653076171875 0.328338623046875 0.47503662109375 -0.104888916015625
-0.256729125976563 0.221023559570312 0.134353637695313 -0.107635498046875
-0.319091796875 0.102447509765625 -0.136978149414063 0.18939208984375
-0.234359741210938 0.244384765625 -0.36651611328125 -0.00131225585937495
0.072265625 0.415283203125 -0.436126708984375 0.17694091796875
0.346282958984375 0.155731201171875 -0.316619873046875 0.33270263671875
0.322784423828125 -0.164764404296875 -0.08477783203125 0.36260986328125
0.043060302734375 -0.331390380859375 0.05560302734375 0.267486572265625
-0.120147705078125 -0.28662109375 0.12066650390625 0.153427124023437
-0.08013916015625 -0.276611328125 0.0728225708007812 0.132682800292969
-0.0992431640625 -0.311126708984375 -0.0413589477539063 0.102592468261719
0.050689697265625 -0.3060302734375 -0.165145874023438 0.0140838623046875
0.263412475585937 -0.180419921875 -0.174240112304687 -0.166595458984375
0.3021240234375 0.094024658203125 0.039794921875 -0.414886474609375
0.037353515625 0.309539794921875 0.45794677734375 -0.374755859375
-0.138992309570313 0.214797973632812 0.51971435546875 0.01373291015625
-0.247482299804688 0.121826171875 0.0511932373046875 -0.0237541198730469
-0.266204833984375 0.062591552734375 -0.194183349609375 0.283935546875
-0.17681884765625 0.205642700195313 -0.32659912109375 0.1109619140625
0.078277587890625 0.31005859375 -0.373321533203125 0.190399169921875
0.274398803710938 0.0885467529296875 -0.3067626953125 0.347076416015625
0.227569580078125 -0.150238037109375 -0.084503173828125 0.406463623046875
0.00653076171874998 -0.255081176757813 0.09765625 0.337066650390625
-0.098602294921875 -0.206527709960938 0.194259643554688 0.219070434570313
-0.063446044921875 -0.200454711914063 0.132369995117188 0.194168090820313
-0.06591796875 -0.223739624023438 -0.0130157470703125 0.182479858398438
0.0468292236328125 -0.2008056640625 -0.180755615234375 0.0674285888671875
0.178665161132813 -0.0855712890625 -0.204986572265625 -0.18548583984375
0.155410766601563 0.100265502929688 0.074951171875 -0.449951171875
-0.0561981201171875 0.1737060546875 0.56170654296875 -0.322998046875
-0.128150939941406 0.0702362060546875 0.529693603515625 0.132781982421875
-0.180618286132812 0.0245208740234375 -0.0280380249023438 0.0207004547119141
-0.182525634765625 -0.015838623046875 -0.228179931640625 0.355804443359375
-0.128791809082031 0.102035522460938 -0.29547119140625 0.198272705078125
0.0184783935546875 0.177505493164063 -0.325042724609375 0.209564208984375
0.146347045898437 0.058990478515625 -0.280792236328125 0.369781494140625
0.11962890625 -0.0766220092773437 -0.0631103515625 0.43133544921875
-0.00445556640625 -0.130874633789063 0.1510009765625 0.373016357421875
-0.0508956909179687 -0.0946731567382813 0.257064819335938 0.250961303710938
-0.0372238159179687 -0.0941543579101563 0.172393798828125 0.225860595703125
-0.0360565185546875 -0.102851867675781 0.0017242431640625 0.224822998046875
0.00463867187499999 -0.0834503173828125 -0.18597412109375 0.0808563232421875
0.0540504455566406 -0.03497314453125 -0.194000244140625 -0.225936889648437
0.0283241271972656 0.0263767242431641 0.146453857421875 -0.464019775390625
-0.0555915832519531 0.0149345397949219 0.6434326171875 -0.23291015625
-0.0447998046875 -0.0331535339355469 0.511260986328125 0.227264404296875
-0.0762557983398438 -0.0345687866210938 -0.0816726684570312 0.0289688110351563
-0.0346717834472656 0.0536651611328125 0.146697998046875 -0.09307861328125
-0.061920166015625 0.0043182373046875 -0.449920654296875 -0.33380126953125
-0.0333099365234375 0.129638671875 -0.68499755859375 0.2139892578125
0.0708160400390625 0.109474182128906 -0.25537109375 0.51922607421875
0.101303100585937 0.0149612426757812 0.15667724609375 0.292083740234375
0.0550460815429688 -0.0362052917480469 0.190658569335937 -0.0514678955078125
0.0122947692871094 -0.0382308959960938 -0.0472412109375 -0.230575561523438
0.013916015625 -0.0273170471191406 -0.198013305664063 -0.213058471679688
-0.000421524047851562 -0.0224380493164063 -0.2869873046875 -0.250518798828125
-0.0180263519287109 -0.0236454010009766 -0.208099365234375 -0.373077392578125
-0.0194549560546875 -0.0359649658203125 -0.012847900390625 -0.44073486328125
0.0245399475097656 -0.069061279296875 0.227508544921875 -0.402099609375
0.0811996459960938 -0.0497970581054688 0.36639404296875 -0.234130859375
0.126304626464844 0.0173263549804688 0.30517578125 -0.24761962890625
0.083404541015625 0.103546142578125 0.27374267578125 -0.387176513671875
-0.128303527832031 0.0587081909179687 0.128913879394531 -0.070587158203125
-0.146194458007813 0.0186767578125 -0.432769775390625 -0.347900390625
-0.07916259765625 0.233596801757812 -0.6895751953125 0.1617431640625
0.13037109375 0.20166015625 -0.30377197265625 0.4716796875
0.216033935546875 0.0131683349609375 0.1002197265625 0.297454833984375
0.102615356445313 -0.141403198242188 0.153396606445313 -0.0197296142578125
-0.0266265869140625 -0.155685424804688 -0.0462188720703125 -0.191635131835938
-0.029998779296875 -0.138916015625 -0.182846069335937 -0.17742919921875
-0.0695037841796875 -0.1453857421875 -0.278778076171875 -0.222808837890625
-0.0405426025390625 -0.166473388671875 -0.22491455078125 -0.3331298828125
0.0562744140625 -0.171600341796875 -0.0469970703125 -0.404144287109375
0.172821044921875 -0.10662841796875 0.17779541015625 -0.408477783203125
0.191864013671875 0.0747222900390625 0.331451416015625 -0.281646728515625
0.117813110351562 0.166961669921875 0.314300537109375 -0.26922607421875
-0.0174102783203125 0.2054443359375 0.265960693359375 -0.370513916015625
-0.212249755859375 0.068939208984375 0.08258056640625 -0.0418319702148437
-0.214141845703125 0.0595703125 -0.431915283203125 -0.319488525390625
-0.08502197265625 0.33087158203125 -0.6595458984375 0.1468505859375
0.205062866210938 0.255599975585938 -0.32086181640625 0.41998291015625
0.30828857421875 -0.015411376953125 0.042022705078125 0.293792724609375
0.12408447265625 -0.2354736328125 0.104713439941406 0.0306930541992187
-0.067657470703125 -0.2471923828125 -0.0322723388671875 -0.122535705566406
-0.06787109375 -0.230819702148438 -0.137031555175781 -0.11639404296875
-0.1251220703125 -0.249832153320312 -0.233963012695313 -0.168380737304688
-0.051422119140625 -0.285552978515625 -0.212615966796875 -0.265853881835938
0.13250732421875 -0.278045654296875 -0.069732666015625 -0.34228515625
0.30255126953125 -0.1220703125 0.12713623046875 -0.404510498046875
0.27001953125 0.192123413085938 0.315521240234375 -0.32489013671875
0.090789794921875 0.28814697265625 0.354583740234375 -0.25189208984375
-0.112716674804688 0.272979736328125 0.2391357421875 -0.305084228515625
-0.279541015625 0.0938568115234375 0.0181522369384765 0.00480842590332032
-0.261199951171875 0.139297485351562 -0.434722900390625 -0.244781494140625
-0.03759765625 0.41766357421875 -0.599853515625 0.156982421875
0.293060302734375 0.25933837890625 -0.32196044921875 0.3779296875
0.364776611328125 -0.078521728515625 -0.012847900390625 0.301910400390625
0.10906982421875 -0.3111572265625 0.0635299682617188 0.101104736328125
-0.10748291015625 -0.3006591796875 0.00112342834472655 -0.0330791473388672
-0.094085693359375 -0.2886962890625 -0.0702095031738281 -0.0372047424316406
-0.1529541015625 -0.31805419921875 -0.16644287109375 -0.0910491943359375
-0.036895751953125 -0.357818603515625 -0.186660766601563 -0.1748046875
0.20697021484375 -0.32269287109375 -0.0936126708984375 -0.268798828125
0.389404296875 -0.087615966796875 0.080902099609375 -0.398468017578125
0.274505615234375 0.29498291015625 0.3260498046875 -0.365997314453125
0.02685546875 0.350830078125 0.4195556640625 -0.200653076171875
-0.1934814453125 0.283599853515625 0.196334838867188 -0.207183837890625
-0.315155029296875 0.119049072265625 -0.055267333984375 0.0795822143554688
-0.264999389648438 0.22283935546875 -0.41705322265625 -0.134918212890625
0.04022216796875 0.455902099609375 -0.521392822265625 0.17266845703125
0.358001708984375 0.210418701171875 -0.324859619140625 0.353912353515625
0.36700439453125 -0.149200439453125 -0.0565185546875 0.331939697265625
0.066162109375 -0.349273681640625 0.049346923828125 0.188888549804687
-0.13690185546875 -0.310028076171875 0.0573348999023437 0.0624313354492187
-0.10552978515625 -0.302947998046875 0.00685501098632812 0.0472297668457031
-0.14990234375 -0.3375244140625 -0.0955657958984375 0.00397491455078121
-0.00228881835937503 -0.36566162109375 -0.166641235351562 -0.0741119384765625
0.25787353515625 -0.289215087890625 -0.128936767578125 -0.20416259765625
0.395782470703125 -0.004730224609375 0.04498291015625 -0.405609130859375
0.187744140625 0.347564697265625 0.377685546875 -0.394561767578125
-0.06341552734375 0.326141357421875 0.491119384765625 -0.11077880859375
-0.239974975585938 0.22760009765625 0.131126403808594 -0.0997085571289063
-0.309234619140625 0.117767333984375 -0.12255859375 0.17431640625
-0.224273681640625 0.257492065429688 -0.378143310546875 -0.0147705078125001
0.098358154296875 0.412841796875 -0.449127197265625 0.1842041015625
0.357025146484375 0.13427734375 -0.32403564453125 0.351470947265625
0.31195068359375 -0.188934326171875 -0.077484130859375 0.378570556640625
0.017852783203125 -0.33160400390625 0.068572998046875 0.27587890625
-0.143157958984375 -0.274169921875 0.130325317382813 0.147369384765625
-0.100845336914063 -0.271087646484375 0.0818557739257812 0.125144958496094
-0.121826171875 -0.302734375 -0.0387039184570313 0.100471496582031
0.030487060546875 -0.30621337890625 -0.16436767578125 0.0132293701171875
0.25006103515625 -0.194732666015625 -0.173309326171875 -0.17425537109375
0.305908203125 0.0770263671875 0.0379638671875 -0.430816650390625
0.0513916015625 0.30718994140625 0.46649169921875 -0.39306640625
-0.13031005859375 0.215087890625 0.54296875 0.00640869140625001
-0.23468017578125 0.127944946289062 0.0545921325683594 -0.0116539001464844
-0.260955810546875 0.077423095703125 -0.174346923828125 0.271530151367187
-0.167953491210937 0.216873168945313 -0.33428955078125 0.0991821289062501
0.099517822265625 0.309112548828125 -0.386932373046875 0.196563720703125
0.282196044921875 0.070159912109375 -0.31109619140625 0.369110107421875
0.218856811523437 -0.169692993164062 -0.072662353515625 0.423828125
-0.013092041015625 -0.254989624023438 0.11627197265625 0.3426513671875
-0.115676879882813 -0.197738647460938 0.20892333984375 0.208633422851563
-0.080078125 -0.19775390625 0.144744873046875 0.183929443359375
-0.08270263671875 -0.219406127929688 -0.00314331054687502 0.1785888671875
0.032989501953125 -0.2012939453125 -0.174560546875 0.0671539306640624
0.171676635742188 -0.096649169921875 -0.2037353515625 -0.190338134765625
0.15997314453125 0.091339111328125 0.074127197265625 -0.4664306640625
-0.04901123046875 0.174484252929688 0.5732421875 -0.34442138671875
-0.124740600585938 0.0700759887695312 0.560546875 0.12677001953125
-0.172195434570312 0.0281982421875 -0.0195655822753906 0.0369758605957031
-0.18206787109375 -0.00305175781250003 -0.20721435546875 0.345977783203125
-0.123626708984375 0.110847473144531 -0.299835205078125 0.18731689453125
0.032196044921875 0.17852783203125 -0.337127685546875 0.21533203125
0.152786254882812 0.04644775390625 -0.283294677734375 0.393798828125
0.114860534667969 -0.0892791748046875 -0.04827880859375 0.449310302734375
-0.0153579711914063 -0.13189697265625 0.1739501953125 0.376068115234375
-0.0601119995117188 -0.0914382934570312 0.273056030273438 0.23675537109375
-0.0463333129882813 -0.0941848754882812 0.186843872070313 0.213821411132813
-0.0449295043945313 -0.102951049804688 0.0149078369140625 0.219879150390625
-0.00142669677734375 -0.0839614868164063 -0.177261352539063 0.0794219970703125
0.0501518249511719 -0.038848876953125 -0.19287109375 -0.231552124023437
0.0289478302001953 0.0243682861328125 0.14697265625 -0.480926513671875
-0.0555038452148438 0.0161209106445312 0.661376953125 -0.2532958984375
-0.0458030700683594 -0.0354843139648437 0.545806884765625 0.22576904296875
-0.072723388671875 -0.0334320068359375 -0.0708541870117188 0.048553466796875
-0.0257720947265625 0.0555572509765625 0.133834838867188 -0.120819091796875
-0.0635337829589844 0.00916671752929689 -0.494903564453125 -0.330780029296875
-0.0239028930664063 0.134552001953125 -0.70220947265625 0.2540283203125
0.0793991088867188 0.106216430664062 -0.24761962890625 0.54986572265625
0.102012634277344 0.0086212158203125 0.164520263671875 0.296112060546875
0.0525283813476563 -0.0385894775390625 0.187576293945313 -0.0537872314453125
0.0138092041015625 -0.0385093688964844 -0.06396484375 -0.220855712890625
0.0152511596679688 -0.0282554626464844 -0.217453002929688 -0.196502685546875
0.000997543334960936 -0.0217514038085938 -0.3138427734375 -0.2298583984375
-0.0166206359863281 -0.0195598602294922 -0.24114990234375 -0.366363525390625
-0.0213718414306641 -0.0300655364990234 -0.043304443359375 -0.458709716796875
0.0166015625 -0.069427490234375 0.216278076171875 -0.4381103515625
0.074920654296875 -0.0572891235351563 0.382232666015625 -0.260345458984375
0.126815795898438 0.00605010986328125 0.310546875 -0.253814697265625
0.095184326171875 0.0952682495117188 0.249298095703125 -0.395904541015625
-0.115463256835937 0.0657958984375 0.119407653808594 -0.098114013671875
-0.145050048828125 0.027313232421875 -0.47552490234375 -0.3489990234375
-0.06097412109375 0.23956298828125 -0.7093505859375 0.20062255859375
0.144973754882813 0.192520141601563 -0.29931640625 0.500946044921875
0.215835571289063 -0.003204345703125 0.107879638671875 0.304168701171875
0.090240478515625 -0.145721435546875 0.150192260742188 -0.0191497802734375
-0.037017822265625 -0.150314331054688 -0.0601654052734375 -0.183837890625
-0.0393753051757813 -0.135780334472656 -0.198379516601563 -0.163421630859375
-0.0809783935546875 -0.1383056640625 -0.3038330078125 -0.20263671875
-0.052825927734375 -0.161041259765625 -0.256072998046875 -0.32568359375
0.0433349609375 -0.17352294921875 -0.074798583984375 -0.419281005859375
0.16473388671875 -0.11907958984375 0.163360595703125 -0.441680908203125
0.197052001953125 0.06103515625 0.342437744140625 -0.30584716796875
0.127960205078125 0.15814208984375 0.319000244140625 -0.276947021484375
0.000213623046875017 0.204925537109375 0.242767333984375 -0.377716064453125
-0.196517944335938 0.081451416015625 0.0773849487304687 -0.0667877197265625
-0.209564208984375 0.071258544921875 -0.47247314453125 -0.322509765625
-0.058319091796875 0.33685302734375 -0.67926025390625 0.1805419921875
0.224136352539063 0.239608764648438 -0.320526123046875 0.448699951171875
0.304412841796875 -0.04168701171875 0.04913330078125 0.303985595703125
0.101699829101562 -0.241287231445313 0.105072021484375 0.0343399047851562
-0.08795166015625 -0.236190795898438 -0.041351318359375 -0.116668701171875
-0.0875396728515625 -0.224563598632813 -0.147567749023438 -0.10662841796875
-0.146713256835938 -0.237136840820312 -0.254913330078125 -0.15228271484375
-0.0739593505859375 -0.279129028320312 -0.23907470703125 -0.258346557617188
0.110565185546875 -0.287811279296875 -0.09344482421875 -0.35650634765625
0.295013427734375 -0.146240234375 0.11175537109375 -0.435760498046875
0.284515380859375 0.173919677734375 0.3204345703125 -0.3499755859375
0.108856201171875 0.281341552734375 0.361297607421875 -0.264373779296875
-0.090545654296875 0.279266357421875 0.218597412109375 -0.309234619140625
-0.26287841796875 0.110702514648438 0.0191364288330078 -0.0163383483886719
-0.252151489257813 0.154571533203125 -0.4688720703125 -0.24755859375
-0.00372314453125 0.421722412109375 -0.61572265625 0.1854248046875
0.313812255859375 0.236175537109375 -0.323455810546875 0.407745361328125
0.356109619140625 -0.110687255859375 -0.00381469726562499 0.315338134765625
0.0799560546875 -0.316680908203125 0.0696563720703125 0.10858154296875
-0.134521484375 -0.28631591796875 -0.0014171600341797 -0.03082275390625
-0.119903564453125 -0.2811279296875 -0.0736770629882813 -0.034149169921875
-0.181793212890625 -0.303680419921875 -0.180328369140625 -0.079742431640625
-0.06646728515625 -0.3533935546875 -0.20458984375 -0.16998291015625
0.181365966796875 -0.34051513671875 -0.110870361328125 -0.281829833984375
0.386016845703125 -0.11865234375 0.0660400390625001 -0.4251708984375
0.297576904296875 0.27740478515625 0.329010009765625 -0.392242431640625
0.048553466796875 0.348541259765625 0.43145751953125 -0.2166748046875
-0.170806884765625 0.2935791015625 0.184371948242188 -0.20745849609375
-0.30023193359375 0.140106201171875 -0.0481185913085938 0.0619926452636719
-0.251113891601563 0.241714477539062 -0.44439697265625 -0.13787841796875
0.078216552734375 0.456787109375 -0.5360107421875 0.195587158203125
0.378448486328125 0.181732177734375 -0.32562255859375 0.384033203125
0.35400390625 -0.184234619140625 -0.043365478515625 0.349273681640625
0.033538818359375 -0.35302734375 0.063568115234375 0.197540283203125
-0.165771484375 -0.29364013671875 0.0624427795410156 0.0596580505371094
-0.1341552734375 -0.2947998046875 0.0108566284179687 0.04437255859375
-0.181976318359375 -0.324493408203125 -0.10076904296875 0.00883483886718749
-0.032867431640625 -0.36376953125 -0.17559814453125 -0.0708160400390626
0.233795166015625 -0.31097412109375 -0.14068603515625 -0.213668823242188
0.398101806640625 -0.03533935546875 0.029510498046875 -0.429901123046875
0.213897705078125 0.336578369140625 0.377777099609375 -0.423309326171875
-0.043304443359375 0.328948974609375 0.509124755859375 -0.130340576171875
-0.21978759765625 0.241256713867188 0.128654479980469 -0.0951614379882812
-0.29736328125 0.1402587890625 -0.108688354492188 0.162704467773438
-0.208511352539063 0.276290893554688 -0.3983154296875 -0.017303466796875
0.134918212890625 0.410797119140625 -0.462982177734375 0.202545166015625
0.37249755859375 0.10406494140625 -0.322967529296875 0.383544921875
0.296600341796875 -0.220672607421875 -0.05865478515625 0.398834228515625
-0.01287841796875 -0.332733154296875 0.090789794921875 0.283050537109375
-0.169143676757813 -0.257583618164063 0.1436767578125 0.138427734375
-0.127349853515625 -0.26385498046875 0.0934906005859375 0.116416931152344
-0.151153564453125 -0.2923583984375 -0.0339813232421875 0.100639343261719
0.00396728515624999 -0.307861328125 -0.164688110351563 0.016754150390625
0.232772827148438 -0.215667724609375 -0.181442260742187 -0.179794311523438
0.313262939453125 0.053192138671875 0.022979736328125 -0.453460693359375
0.072265625 0.304656982421875 0.46771240234375 -0.4278564453125
-0.1180419921875 0.218887329101563 0.5714111328125 -0.0164794921875
-0.220718383789063 0.139694213867188 0.0602455139160156 -0.00179672241210937
-0.253952026367188 0.0984802246093751 -0.15496826171875 0.26416015625
-0.153518676757813 0.2332763671875 -0.34576416015625 0.0965576171875
0.129241943359375 0.305267333984375 -0.399749755859375 0.214324951171875
0.291717529296875 0.044036865234375 -0.308746337890625 0.4017333984375
0.204620361328125 -0.19464111328125 -0.047760009765625 0.44549560546875
-0.037933349609375 -0.25482177734375 0.145721435546875 0.346588134765625
-0.136642456054688 -0.185317993164063 0.228958129882812 0.194122314453125
-0.101226806640625 -0.192611694335938 0.16168212890625 0.1708984375
-0.105224609375 -0.21270751953125 0.00964355468750001 0.175323486328125
0.015411376953125 -0.203384399414063 -0.169082641601563 0.071441650390625
0.161605834960938 -0.110946655273438 -0.211181640625 -0.193893432617188
0.1669921875 0.0785980224609375 0.059722900390625 -0.4886474609375
-0.037078857421875 0.177093505859375 0.58135986328125 -0.38555908203125
-0.1209716796875 0.072479248046875 0.5985107421875 0.10467529296875
-0.16485595703125 0.036163330078125 -0.00750732421875001 0.0528831481933594
-0.180908203125 0.013153076171875 -0.1824951171875 0.3426513671875
-0.115341186523437 0.123329162597656 -0.30523681640625 0.187408447265625
0.0513763427734375 0.177459716796875 -0.34967041015625 0.233184814453125
0.159317016601563 0.029632568359375 -0.276641845703125 0.426300048828125
0.106971740722656 -0.104461669921875 -0.01904296875 0.470489501953125
-0.02911376953125 -0.131729125976563 0.20733642578125 0.37451171875
-0.0709228515625 -0.0857315063476562 0.29718017578125 0.216796875
-0.0581207275390625 -0.092376708984375 0.206466674804687 0.198257446289063
-0.0566329956054688 -0.101066589355469 0.0332489013671875 0.215072631835938
-0.00917816162109374 -0.0845184326171875 -0.169342041015625 0.0835113525390625
0.0458183288574219 -0.0441017150878906 -0.201278686523438 -0.2349853515625
0.0294189453125 0.0212688446044922 0.134124755859375 -0.505523681640625
-0.0548591613769531 0.0185127258300781 0.6788330078125 -0.29559326171875
-0.048370361328125 -0.0368270874023437 0.59197998046875 0.20941162109375
-0.0709457397460937 -0.0311813354492188 -0.05633544921875 0.0685691833496094
-0.0152587890625 0.0558929443359375 0.112289428710937 -0.148239135742187
-0.0636215209960937 0.016510009765625 -0.541107177734375 -0.30810546875
-0.0111083984375 0.136734008789063 -0.7010498046875 0.3104248046875
0.0888900756835938 0.0983810424804688 -0.22088623046875 0.57843017578125
0.100929260253906 -0.00011444091796875 0.179168701171875 0.29351806640625
0.0489311218261719 -0.0404586791992188 0.181732177734375 -0.0596771240234375
0.0136566162109375 -0.0383224487304688 -0.0830078125 -0.206527709960938
0.0157890319824219 -0.0296173095703125 -0.236038208007812 -0.171524047851563
0.00167465209960938 -0.0207386016845703 -0.340057373046875 -0.1959228515625
-0.0153570175170898 -0.0154666900634766 -0.279510498046875 -0.34686279296875
-0.0220985412597656 -0.0245304107666016 -0.08489990234375 -0.46759033203125
0.00690460205078124 -0.067474365234375 0.18756103515625 -0.471282958984375
0.0651283264160156 -0.0646934509277344 0.384033203125 -0.295928955078125
0.124794006347656 -0.0083465576171875 0.305999755859375 -0.2657470703125
0.104454040527344 0.0825653076171875 0.213623046875 -0.4014892578125
-0.0995559692382813 0.0728225708007813 0.101226806640625 -0.124946594238281
-0.14007568359375 0.0392074584960938 -0.523040771484375 -0.329833984375
-0.0361785888671875 0.241531372070312 -0.70977783203125 0.25299072265625
0.161331176757812 0.175628662109375 -0.2791748046875 0.53289794921875
0.210220336914063 -0.0245361328125 0.1224365234375 0.30560302734375
0.073394775390625 -0.148727416992188 0.14678955078125 -0.021392822265625
-0.049468994140625 -0.14105224609375 -0.076904296875 -0.17083740234375
-0.0512847900390625 -0.12982177734375 -0.214508056640625 -0.141586303710938
-0.092864990234375 -0.126594543457031 -0.3284912109375 -0.16973876953125
-0.06622314453125 -0.151260375976563 -0.290313720703125 -0.30426025390625
0.0262298583984375 -0.173385620117188 -0.113922119140625 -0.425048828125
0.150665283203125 -0.133377075195313 0.132537841796875 -0.4715576171875
0.19873046875 0.042999267578125 0.339111328125 -0.339813232421875
0.13916015625 0.143722534179688 0.311920166015625 -0.2923583984375
0.02008056640625 0.199386596679688 0.2081298828125 -0.38226318359375
-0.176132202148437 0.093841552734375 0.0657272338867187 -0.0914840698242187
-0.199356079101563 0.0862274169921875 -0.51666259765625 -0.306976318359375
-0.023101806640625 0.336273193359375 -0.6827392578125 0.2291259765625
0.244354248046875 0.213653564453125 -0.30377197265625 0.48138427734375
0.292816162109375 -0.072113037109375 0.063934326171875 0.310211181640625
0.074188232421875 -0.243728637695313 0.10675048828125 0.0356521606445312
-0.110107421875 -0.219711303710937 -0.0523605346679687 -0.107986450195313
-0.109207153320313 -0.211593627929688 -0.158615112304688 -0.0914764404296875
-0.1693115234375 -0.216476440429688 -0.273605346679688 -0.125
-0.100738525390625 -0.266586303710938 -0.266845703125 -0.239898681640625
0.080474853515625 -0.294464111328125 -0.12603759765625 -0.3623046875
0.279251098632812 -0.173873901367187 0.0800170898437501 -0.46026611328125
0.29815673828125 0.14727783203125 0.313690185546875 -0.380950927734375
0.130157470703125 0.26812744140625 0.3577880859375 -0.28326416015625
-0.06304931640625 0.28076171875 0.1910400390625 -0.313751220703125
-0.239273071289062 0.128128051757813 0.0146560668945312 -0.0381507873535156
-0.235153198242187 0.173568725585938 -0.505706787109375 -0.23321533203125
0.0396728515625 0.415924072265625 -0.61895751953125 0.2265625
0.3331298828125 0.2015380859375 -0.308502197265625 0.439971923828125
0.33660888671875 -0.1474609375 0.0150146484375001 0.32537841796875
0.04400634765625 -0.3155517578125 0.079742431640625 0.111373901367187
-0.162307739257812 -0.26324462890625 -0.00511550903320313 -0.0285606384277344
-0.1497802734375 -0.264114379882813 -0.0779876708984375 -0.0283050537109375
-0.213058471679688 -0.278564453125 -0.192306518554688 -0.0620880126953125
-0.1019287109375 -0.34027099609375 -0.224334716796875 -0.156326293945313
0.144012451171875 -0.35467529296875 -0.13543701171875 -0.28570556640625
0.371368408203125 -0.1561279296875 0.03515625 -0.447174072265625
0.32073974609375 0.247772216796875 0.316619873046875 -0.42401123046875
0.0762939453125 0.339752197265625 0.432403564453125 -0.2442626953125
-0.13983154296875 0.30255126953125 0.167892456054688 -0.20880126953125
-0.2760009765625 0.162139892578125 -0.0433807373046875 0.0452194213867188
-0.227310180664063 0.262252807617187 -0.4718017578125 -0.125152587890625
0.125213623046875 0.442413330078125 -0.538909912109375 0.2298583984375
0.39251708984375 0.140380859375 -0.310791015625 0.416168212890625
0.327972412109375 -0.221923828125 -0.0190734863281249 0.362060546875
-0.00585937500000002 -0.3482666015625 0.08270263671875 0.20013427734375
-0.195602416992187 -0.267242431640625 0.0676612854003906 0.0540657043457031
-0.166610717773437 -0.276611328125 0.0141639709472656 0.0402641296386719
-0.216278076171875 -0.298736572265625 -0.103004455566406 0.0169677734375
-0.071319580078125 -0.354400634765625 -0.184310913085938 -0.0612030029296875
0.198272705078125 -0.330810546875 -0.15753173828125 -0.2154541015625
0.3916015625 -0.075836181640625 0.00173950195312505 -0.44677734375
0.244293212890625 0.313995361328125 0.361846923828125 -0.45782470703125
-0.016357421875 0.326324462890625 0.5185546875 -0.1658935546875
-0.193145751953125 0.253402709960938 0.125282287597656 -0.0928497314453125
-0.2760009765625 0.16400146484375 -0.094757080078125 0.149887084960937
-0.18206787109375 0.2947998046875 -0.416290283203125 -0.007537841796875
0.177734375 0.394866943359375 -0.4664306640625 0.232696533203125
0.379974365234375 0.06341552734375 -0.3072509765625 0.415985107421875
0.2672119140625 -0.2542724609375 -0.02777099609375 0.41302490234375
-0.0499267578125 -0.325347900390625 0.119384765625 0.282012939453125
-0.196746826171875 -0.232742309570312 0.157119750976563 0.123672485351562
-0.158050537109375 -0.24749755859375 0.105072021484375 0.102767944335937
-0.184188842773438 -0.27105712890625 -0.0254745483398438 0.0998306274414062
-0.02923583984375 -0.303070068359375 -0.1632080078125 0.0235595703125
0.206512451171875 -0.237060546875 -0.193374633789063 -0.178695678710938
0.315460205078125 0.021728515625 -0.00512695312499998 -0.468902587890625
0.09991455078125 0.294586181640625 0.4522705078125 -0.46990966796875
-0.0995941162109375 0.222930908203125 0.591552734375 -0.05718994140625
-0.201217651367187 0.15362548828125 0.0677871704101562 0.00525665283203126
-0.238677978515625 0.121658325195313 -0.132492065429688 0.255584716796875
-0.130157470703125 0.248992919921875 -0.355194091796875 0.104705810546875
0.162628173828125 0.290802001953125 -0.40447998046875 0.24188232421875
0.295806884765625 0.01055908203125 -0.288726806640625 0.437103271484375
0.180404663085938 -0.21929931640625 -0.010650634765625 0.459259033203125
-0.06707763671875 -0.247543334960938 0.182037353515625 0.33856201171875
-0.156967163085938 -0.166366577148437 0.248138427734375 0.168777465820313
-0.124801635742188 -0.180206298828125 0.1788330078125 0.1500244140625
-0.130630493164063 -0.1990966796875 0.0269012451171875 0.16864013671875
-0.00773620605468752 -0.202529907226563 -0.16021728515625 0.077392578125
0.14581298828125 -0.12701416015625 -0.221725463867188 -0.1890869140625
0.17169189453125 0.06060791015625 0.030548095703125 -0.505828857421875
-0.0208892822265625 0.177017211914063 0.57012939453125 -0.43511962890625
-0.11444091796875 0.077301025390625 0.6312255859375 0.06158447265625
-0.155563354492188 0.0464324951171875 0.00824356079101562 0.0654258728027344
-0.175079345703125 0.031036376953125 -0.1531982421875 0.337677001953125
-0.101715087890625 0.134193420410156 -0.3065185546875 0.19366455078125
0.07159423828125 0.171371459960937 -0.35247802734375 0.259033203125
0.1622314453125 0.0084686279296875 -0.252288818359375 0.46160888671875
0.0936279296875 -0.119491577148437 0.022613525390625 0.483154296875
-0.0456771850585938 -0.127792358398438 0.246246337890625 0.35980224609375
-0.0819549560546875 -0.0759429931640625 0.319305419921875 0.1844482421875
-0.0714645385742188 -0.0865631103515625 0.227096557617188 0.1724853515625
-0.0706329345703125 -0.09503173828125 0.0554351806640625 0.20489501953125
-0.01922607421875 -0.0836563110351563 -0.157684326171875 0.0886383056640625
0.0378837585449219 -0.049530029296875 -0.214126586914063 -0.231002807617187
0.0303897857666016 0.0167999267578125 0.1060791015625 -0.52728271484375
-0.0526237487792969 0.0212249755859375 0.677978515625 -0.351806640625
-0.05181884765625 -0.0362281799316406 0.63330078125 0.1702880859375
-0.0699234008789063 -0.0273323059082031 -0.036651611328125 0.08624267578125
-0.00487136840820313 0.0526199340820313 0.08355712890625 -0.167556762695313
-0.0598640441894531 0.0227890014648437 -0.570556640625 -0.2705078125
0.00279998779296876 0.133499145507813 -0.67291259765625 0.3575439453125
0.0952529907226563 0.0864410400390625 -0.18292236328125 0.5892333984375
0.0959930419921875 -0.00774383544921875 0.19024658203125 0.281707763671875
0.0439262390136719 -0.0405731201171875 0.170806884765625 -0.064422607421875
0.0129280090332031 -0.0381851196289063 -0.097747802734375 -0.184921264648437
0.0148487091064453 -0.0303497314453125 -0.24530029296875 -0.138946533203125
0.00223350524902344 -0.0200328826904297 -0.350738525390625 -0.153717041015625
-0.0135974884033203 -0.0123605728149414 -0.308349609375 -0.31195068359375
-0.022430419921875 -0.0178546905517578 -0.1282958984375 -0.45587158203125
-0.0014495849609375 -0.0629730224609375 0.147003173828125 -0.489288330078125
0.0533943176269531 -0.0681991577148438 0.36956787109375 -0.3275146484375
0.117240905761719 -0.0218505859375 0.292877197265625 -0.27508544921875
0.108406066894531 0.0671005249023438 0.17266845703125 -0.392608642578125
-0.0804672241210937 0.0740127563476563 0.0763702392578125 -0.1448974609375
-0.129158020019531 0.0484390258789062 -0.555999755859375 -0.2943115234375
-0.0106353759765625 0.2333984375 -0.6875 0.29998779296875
0.171096801757813 0.15228271484375 -0.242584228515625 0.548919677734375
0.196533203125 -0.042694091796875 0.13519287109375 0.2969970703125
0.0550537109375 -0.1456298828125 0.139884948730469 -0.0240478515625
-0.05902099609375 -0.127708435058594 -0.089599609375 -0.152450561523438
-0.06103515625 -0.1185302734375 -0.221649169921875 -0.113571166992187
-0.100563049316406 -0.110420227050781 -0.337982177734375 -0.12933349609375
-0.077056884765625 -0.136825561523438 -0.31561279296875 -0.270172119140625
0.00851440429687499 -0.167404174804687 -0.1519775390625 -0.413299560546875
0.131912231445313 -0.141357421875 0.094146728515625 -0.4847412109375
0.19384765625 0.0234832763671875 0.320770263671875 -0.364288330078125
0.144424438476563 0.124221801757813 0.296844482421875 -0.300537109375
0.0375518798828125 0.187896728515625 0.1722412109375 -0.37353515625
-0.150299072265625 0.100265502929688 0.0476531982421875 -0.110580444335938
-0.181167602539063 0.097625732421875 -0.5467529296875 -0.274200439453125
0.011138916015625 0.32098388671875 -0.6602783203125 0.27154541015625
0.252960205078125 0.1793212890625 -0.27252197265625 0.501800537109375
0.269546508789063 -0.098388671875 0.0805969238281251 0.305908203125
0.0454864501953125 -0.23614501953125 0.106674194335938 0.0339202880859375
-0.125762939453125 -0.194564819335937 -0.06103515625 -0.0952377319335938
-0.126495361328125 -0.190902709960937 -0.162841796875 -0.072296142578125
-0.184722900390625 -0.187454223632813 -0.2813720703125 -0.091888427734375
-0.1234130859375 -0.243804931640625 -0.286102294921875 -0.2109375
0.047088623046875 -0.290496826171875 -0.15869140625 -0.350799560546875
0.251220703125 -0.194686889648438 0.042266845703125 -0.470062255859375
0.300628662109375 0.11480712890625 0.291656494140625 -0.402740478515625
0.147140502929688 0.245956420898437 0.340606689453125 -0.298065185546875
-0.0349578857421875 0.273330688476563 0.161590576171875 -0.304931640625
-0.208145141601563 0.137664794921875 0.00520324707031249 -0.0561027526855469
-0.208297729492187 0.184967041015625 -0.529876708984375 -0.204803466796875
0.078948974609375 0.393157958984375 -0.600830078125 0.26361083984375
0.338775634765625 0.1583251953125 -0.281005859375 0.462005615234375
0.30419921875 -0.176727294921875 0.035797119140625 0.32421875
0.008544921875 -0.30224609375 0.0887374877929688 0.10968017578125
-0.181930541992187 -0.22979736328125 -0.0080089569091797 -0.0244541168212891
-0.172927856445313 -0.236526489257812 -0.0793075561523438 -0.0205154418945313
-0.234649658203125 -0.242263793945312 -0.195846557617188 -0.0401763916015625
-0.133331298828125 -0.31494140625 -0.236648559570313 -0.134353637695313
0.1005859375 -0.353912353515625 -0.158966064453125 -0.277969360351563
0.3427734375 -0.186767578125 0.000885009765625043 -0.452423095703125
0.333343505859375 0.21044921875 0.290252685546875 -0.443084716796875
0.100616455078125 0.31939697265625 0.41680908203125 -0.26678466796875
-0.106048583984375 0.300811767578125 0.1483154296875 -0.203887939453125
-0.24261474609375 0.174880981445313 -0.0426254272460938 0.0281028747558594
-0.193862915039063 0.272918701171875 -0.48822021484375 -0.101715087890625
0.166412353515625 0.41290283203125 -0.52447509765625 0.2598876953125
0.39080810546875 0.09405517578125 -0.284393310546875 0.438751220703125
0.287811279296875 -0.2491455078125 0.00817871093749998 0.362457275390625
-0.04248046875 -0.32928466796875 0.101715087890625 0.193603515625
-0.21527099609375 -0.230789184570313 0.0699615478515625 0.0466651916503906
-0.191329956054688 -0.247268676757812 0.0167140960693359 0.0346813201904297
-0.240982055664063 -0.260543823242188 -0.101020812988281 0.0248184204101562
-0.105377197265625 -0.331573486328125 -0.187286376953125 -0.0481109619140626
0.1551513671875 -0.3369140625 -0.173004150390625 -0.208694458007813
0.3704833984375 -0.1121826171875 -0.031341552734375 -0.448150634765625
0.264846801757813 0.280380249023438 0.330596923828125 -0.480621337890625
0.00982666015624997 0.31317138671875 0.50830078125 -0.199493408203125
-0.160186767578125 0.25750732421875 0.119773864746094 -0.0884323120117188
-0.244140625 0.180770874023437 -0.0823135375976563 0.133506774902344
-0.148040771484375 0.302642822265625 -0.4246826171875 0.00949096679687498
0.21380615234375 0.363006591796875 -0.453643798828125 0.259735107421875
0.373504638671875 0.019317626953125 -0.27862548828125 0.440093994140625
0.227508544921875 -0.2757568359375 0.00646972656250002 0.411712646484375
-0.0841064453125 -0.3043212890625 0.145919799804688 0.267440795898438
-0.21392822265625 -0.198699951171875 0.163558959960937 0.103775024414062
-0.180587768554688 -0.219711303710937 0.110816955566406 0.0855636596679687
-0.208175659179688 -0.238021850585937 -0.0168533325195313 0.0948333740234375
-0.06060791015625 -0.28692626953125 -0.157211303710937 0.030731201171875
0.170883178710938 -0.247421264648437 -0.20172119140625 -0.169540405273438
0.3055419921875 -0.011138916015625 -0.037841796875 -0.46875
0.123550415039063 0.273056030273438 0.418914794921875 -0.497955322265625
-0.078643798828125 0.21917724609375 0.59051513671875 -0.10089111328125
-0.176101684570313 0.162094116210938 0.07550048828125 0.00975036621093751
-0.214141845703125 0.137588500976563 -0.10894775390625 0.23907470703125
-0.101531982421875 0.253448486328125 -0.3546142578125 0.114501953125
0.189910888671875 0.263641357421875 -0.393035888671875 0.265228271484375
0.286529541015625 -0.02362060546875 -0.257598876953125 0.458404541015625
0.147415161132813 -0.23388671875 0.029815673828125 0.45440673828125
-0.0928497314453125 -0.229904174804688 0.213104248046875 0.315765380859375
-0.170211791992188 -0.140151977539062 0.257614135742187 0.138412475585937
-0.142471313476563 -0.159866333007813 0.1885986328125 0.122772216796875
-0.149459838867187 -0.175857543945313 0.0421295166015625 0.155029296875
-0.0305938720703125 -0.193222045898437 -0.148086547851562 0.081085205078125
0.123832702636719 -0.136474609375 -0.228134155273438 -0.177642822265625
0.170166015625 0.04034423828125 -0.00445556640624996 -0.5067138671875
-0.00389099121093751 0.16943359375 0.536529541015625 -0.47607421875
-0.105209350585938 0.0803604125976563 0.6414794921875 0.01129150390625
-0.141448974609375 0.05517578125 0.0260238647460937 0.0721969604492188
-0.16180419921875 0.04583740234375 -0.122711181640625 0.321502685546875
-0.0840377807617188 0.1390380859375 -0.298858642578125 0.198272705078125
0.0893707275390625 0.157241821289063 -0.342376708984375 0.2802734375
0.156143188476563 -0.0128326416015625 -0.2174072265625 0.4803466796875
0.0747146606445313 -0.128921508789063 0.066650390625 0.4755859375
-0.0593032836914063 -0.117813110351562 0.2783203125 0.32916259765625
-0.0886154174804688 -0.0632858276367187 0.3292236328125 0.145721435546875
-0.0814895629882812 -0.0758056640625 0.238082885742188 0.140884399414063
-0.0814208984375 -0.083831787109375 0.074981689453125 0.186325073242188
-0.029266357421875 -0.0786819458007813 -0.1422119140625 0.091156005859375
0.0282211303710938 -0.0518722534179688 -0.22235107421875 -0.219024658203125
0.0295314788818359 0.0118885040283203 0.071319580078125 -0.532806396484375
-0.0486412048339844 0.0225372314453125 0.64984130859375 -0.401123046875
-0.0546188354492188 -0.0340118408203125 0.6534423828125 0.11688232421875
-0.0669479370117188 -0.022369384765625 -0.0133514404296875 0.096771240234375
0.0027008056640625 0.0467376708984375 0.0550537109375 -0.176437377929688
-0.0545806884765625 0.0263824462890625 -0.58209228515625 -0.2373046875
0.0124435424804687 0.127159118652344 -0.63836669921875 0.38104248046875
0.0963973999023438 0.07489013671875 -0.1529541015625 0.5859375
0.0893707275390625 -0.0122222900390625 0.192428588867187 0.26953125
0.0399360656738281 -0.0384330749511719 0.1590576171875 -0.06414794921875
0.0125617980957031 -0.03704833984375 -0.103973388671875 -0.163101196289062
0.0140457153320313 -0.0303668975830078 -0.243484497070313 -0.110458374023438
0.00342178344726563 -0.0188236236572266 -0.348602294921875 -0.115631103515625
-0.0111913681030273 -0.00965595245361328 -0.320648193359375 -0.276763916015625
-0.0215091705322266 -0.0124664306640625 -0.15618896484375 -0.436279296875
-0.00677108764648438 -0.0563583374023438 0.114532470703125 -0.4930419921875
0.0420570373535156 -0.0680313110351563 0.34991455078125 -0.34539794921875
0.106407165527344 -0.0306396484375 0.278854370117188 -0.273910522460938
0.106109619140625 0.0554733276367188 0.14398193359375 -0.371337890625
-0.063568115234375 0.0694999694824219 0.05145263671875 -0.155502319335938
-0.116744995117187 0.0520248413085938 -0.57037353515625 -0.26495361328125
0.00695800781250003 0.219131469726563 -0.655029296875 0.323486328125
0.17108154296875 0.12939453125 -0.2144775390625 0.54962158203125
0.179977416992187 -0.053192138671875 0.139984130859375 0.28765869140625
0.0414352416992188 -0.136817932128906 0.132362365722656 -0.0230941772460938
-0.0626907348632813 -0.113487243652344 -0.0954360961914062 -0.133384704589844
-0.0656509399414062 -0.10675048828125 -0.2197265625 -0.0893096923828125
-0.101799011230469 -0.0946578979492187 -0.33380126953125 -0.094482421875
-0.0821762084960937 -0.12249755859375 -0.324615478515625 -0.23681640625
-0.00418090820312501 -0.157196044921875 -0.17645263671875 -0.393341064453125
0.114501953125 -0.142486572265625 0.0615234375 -0.484405517578125
0.184341430664063 0.0093231201171875 0.30059814453125 -0.37847900390625
0.1422119140625 0.1075439453125 0.28167724609375 -0.299591064453125
0.047760009765625 0.17401123046875 0.14312744140625 -0.35296630859375
-0.1263427734375 0.096343994140625 0.028076171875 -0.122833251953125
-0.162216186523438 0.100143432617187 -0.557891845703125 -0.24676513671875
0.03411865234375 0.298614501953125 -0.63348388671875 0.29425048828125
0.249282836914063 0.148422241210938 -0.246978759765625 0.50555419921875
0.243026733398438 -0.112213134765625 0.08929443359375 0.297698974609375
0.0247955322265625 -0.220504760742188 0.104591369628906 0.0340728759765625
-0.13214111328125 -0.170242309570313 -0.0656356811523438 -0.0822219848632813
-0.134841918945313 -0.168914794921875 -0.161407470703125 -0.0560760498046875
-0.188888549804688 -0.15997314453125 -0.277572631835938 -0.0649719238281251
-0.134963989257813 -0.218780517578125 -0.29241943359375 -0.182342529296875
0.02203369140625 -0.276626586914063 -0.177398681640625 -0.33489990234375
0.224822998046875 -0.2022705078125 0.01324462890625 -0.4664306640625
0.293426513671875 0.08868408203125 0.269683837890625 -0.412933349609375
0.15228271484375 0.223373413085937 0.32379150390625 -0.301513671875
-0.014495849609375 0.26031494140625 0.139892578125 -0.287078857421875
-0.17901611328125 0.135787963867188 -0.00654983520507813 -0.0693893432617187
-0.18267822265625 0.185684204101563 -0.538177490234375 -0.181640625
0.10369873046875 0.361846923828125 -0.57867431640625 0.28155517578125
0.330352783203125 0.121673583984375 -0.25579833984375 0.4681396484375
0.268524169921875 -0.18951416015625 0.048675537109375 0.31744384765625
-0.0152740478515625 -0.28076171875 0.0942153930664063 0.105216979980469
-0.188690185546875 -0.1986083984375 -0.0102519989013672 -0.019989013671875
-0.183349609375 -0.208251953125 -0.0786514282226563 -0.0143280029296875
-0.241989135742188 -0.2064208984375 -0.192672729492188 -0.023468017578125
-0.151519775390625 -0.28521728515625 -0.239410400390625 -0.114517211914063
0.0672607421875 -0.3416748046875 -0.173538208007812 -0.265792846679688
0.31182861328125 -0.203338623046875 -0.02490234375 -0.447052001953125
0.33172607421875 0.176422119140625 0.26629638671875 -0.448577880859375
0.113128662109375 0.2958984375 0.39862060546875 -0.276458740234375
-0.07830810546875 0.2899169921875 0.134628295898438 -0.191238403320313
-0.210968017578125 0.174774169921875 -0.0455970764160156 0.0129432678222656
-0.163955688476563 0.26995849609375 -0.49176025390625 -0.08447265625
0.189422607421875 0.376861572265625 -0.5054931640625 0.27435302734375
0.376007080078125 0.0555419921875 -0.25946044921875 0.44744873046875
0.247772216796875 -0.259033203125 0.026947021484375 0.354339599609375
-0.06689453125 -0.30340576171875 0.113235473632812 0.183364868164062
-0.220962524414063 -0.196136474609375 0.0692214965820312 0.0401077270507812
-0.203414916992187 -0.216278076171875 0.0176048278808594 0.0293178558349609
-0.250473022460938 -0.223861694335937 -0.097137451171875 0.0299606323242187
-0.127410888671875 -0.302703857421875 -0.1851806640625 -0.0374755859375
0.117950439453125 -0.329986572265625 -0.179672241210937 -0.199432373046875
0.34197998046875 -0.134124755859375 -0.05419921875 -0.439117431640625
0.27142333984375 0.247024536132813 0.302581787109375 -0.486724853515625
0.02685546875 0.295074462890625 0.49224853515625 -0.219390869140625
-0.13116455078125 0.252182006835938 0.116020202636719 -0.0815353393554687
-0.213424682617188 0.182540893554688 -0.07568359375 0.115188598632813
-0.118682861328125 0.297271728515625 -0.422943115234375 0.02069091796875
0.232513427734375 0.326385498046875 -0.4385986328125 0.27166748046875
0.35369873046875 -0.012847900390625 -0.25189208984375 0.4483642578125
0.189804077148438 -0.281112670898438 0.03070068359375 0.400146484375
-0.104461669921875 -0.278244018554688 0.162261962890625 0.250198364257813
-0.217941284179688 -0.166305541992188 0.164016723632813 0.0860595703125
-0.191375732421875 -0.191665649414063 0.111495971679687 0.0691909790039062
-0.218307495117188 -0.205718994140625 -0.0111160278320313 0.0882339477539063
-0.082366943359375 -0.264266967773438 -0.149520874023438 0.0333099365234375
0.139068603515625 -0.246383666992188 -0.203384399414063 -0.160919189453125
0.287811279296875 -0.03436279296875 -0.0606689453124999 -0.458740234375
0.135848999023437 0.248626708984375 0.38623046875 -0.50921630859375
-0.0633392333984375 0.210556030273438 0.57684326171875 -0.13116455078125
-0.151763916015625 0.162338256835937 0.082489013671875 0.0129623413085938
-0.18927001953125 0.142959594726563 -0.0944976806640625 0.21826171875
-0.077301025390625 0.248947143554688 -0.351165771484375 0.118377685546875
0.203384399414063 0.235748291015625 -0.3798828125 0.2769775390625
0.268569946289063 -0.0483245849609375 -0.229949951171875 0.46685791015625
0.11761474609375 -0.236801147460938 0.057464599609375 0.440673828125
-0.107406616210938 -0.207870483398437 0.23040771484375 0.289794921875
-0.172470092773438 -0.116287231445313 0.2564697265625 0.111007690429687
-0.1512451171875 -0.138748168945312 0.18914794921875 0.09857177734375
-0.1588134765625 -0.152816772460937 0.0506668090820312 0.13873291015625
-0.047119140625 -0.178970336914063 -0.134910583496094 0.07879638671875
0.102828979492188 -0.13690185546875 -0.227081298828125 -0.167129516601563
0.1624755859375 0.0241241455078125 -0.027130126953125 -0.496673583984375
0.00779724121093751 0.157867431640625 0.503631591796875 -0.4925537109375
-0.0964279174804688 0.0794677734375 0.63507080078125 -0.02557373046875
-0.125923156738281 0.0588836669921875 0.0417327880859375 0.0745086669921875
-0.146774291992188 0.052459716796875 -0.101531982421875 0.297637939453125
-0.0684738159179687 0.1378173828125 -0.29119873046875 0.1973876953125
0.0986328125 0.141754150390625 -0.32891845703125 0.291259765625
0.145965576171875 -0.0286102294921875 -0.186553955078125 0.48504638671875
0.0568313598632812 -0.131248474121094 0.096160888671875 0.457366943359375
-0.0671463012695313 -0.106109619140625 0.294036865234375 0.29541015625
-0.089691162109375 -0.0519485473632812 0.3265380859375 0.111785888671875
-0.0869140625 -0.0649948120117187 0.238037109375 0.1116943359375
-0.0870590209960937 -0.072265625 0.08477783203125 0.165328979492187
-0.0358810424804687 -0.0726318359375 -0.128181457519531 0.0870742797851562
0.0196456909179687 -0.0502510070800781 -0.222335815429688 -0.207656860351563
0.0271015167236328 0.00769424438476563 0.045654296875 -0.52496337890625
-0.0439033508300781 0.0213088989257813 0.61676025390625 -0.42822265625
-0.0547065734863281 -0.0308456420898438 0.65386962890625 0.07550048828125
-0.0611610412597656 -0.0181465148925781 0.00767517089843749 0.10064697265625
0.0070343017578125 0.04010009765625 0.0318145751953125 -0.180343627929687
-0.0503387451171875 0.0275115966796875 -0.59002685546875 -0.2171630859375
0.0180511474609375 0.120941162109375 -0.61676025390625 0.38739013671875
0.094390869140625 0.066375732421875 -0.13848876953125 0.57818603515625
0.0843048095703125 -0.013214111328125 0.188674926757812 0.264007568359375
0.0387649536132813 -0.035675048828125 0.150146484375 -0.060028076171875
0.0133476257324219 -0.0357627868652344 -0.10614013671875 -0.145736694335937
0.0142078399658203 -0.0299091339111328 -0.238037109375 -0.090301513671875
0.00482559204101563 -0.0186786651611328 -0.340301513671875 -0.0905151367187499
-0.00896263122558594 -0.00714397430419922 -0.323974609375 -0.251129150390625
-0.0196189880371094 -0.00792884826660156 -0.171630859375 -0.419342041015625
-0.00942230224609375 -0.0502166748046875 0.092864990234375 -0.4908447265625
0.0344619750976562 -0.0659255981445313 0.337921142578125 -0.35382080078125
0.0966873168945313 -0.0344314575195313 0.272247314453125 -0.268539428710938
0.103233337402344 0.0483245849609375 0.12774658203125 -0.3482666015625
-0.0520553588867188 0.0620651245117188 0.0302734375 -0.161163330078125
-0.106407165527344 0.05120849609375 -0.5787353515625 -0.246826171875
0.017120361328125 0.205184936523438 -0.637451171875 0.32940673828125
0.166397094726563 0.113479614257812 -0.200469970703125 0.54547119140625
0.16485595703125 -0.056396484375 0.138671875 0.2825927734375
0.03424072265625 -0.127326965332031 0.125679016113281 -0.0193099975585938
-0.06231689453125 -0.102378845214844 -0.0970993041992188 -0.117652893066406
-0.066802978515625 -0.0969390869140625 -0.21563720703125 -0.0717163085937499
-0.0998458862304687 -0.0827407836914063 -0.326141357421875 -0.070770263671875
-0.0833511352539063 -0.109489440917969 -0.32672119140625 -0.211700439453125
-0.0115966796875 -0.146743774414063 -0.1900634765625 -0.3790283203125
0.102615356445313 -0.139045715332031 0.040374755859375 -0.482330322265625
0.175628662109375 0.001617431640625 0.2890625 -0.383056640625
0.13665771484375 0.097015380859375 0.274688720703125 -0.294281005859375
0.0535888671875 0.164077758789063 0.12957763671875 -0.331268310546875
-0.108085632324219 0.0886459350585937 0.01165771484375 -0.130699157714844
-0.147628784179688 0.0966033935546875 -0.566162109375 -0.23095703125
0.0472564697265625 0.277877807617188 -0.61553955078125 0.29949951171875
0.241165161132813 0.126419067382813 -0.232269287109375 0.502960205078125
0.221084594726563 -0.116378784179688 0.09075927734375 0.293731689453125
0.0129241943359375 -0.205154418945313 0.102592468261719 0.0355987548828125
-0.131301879882813 -0.151092529296875 -0.066925048828125 -0.0709686279296875
-0.136398315429687 -0.152069091796875 -0.157821655273438 -0.044708251953125
-0.187347412109375 -0.139450073242187 -0.271286010742188 -0.04608154296875
-0.139816284179687 -0.19879150390625 -0.29296875 -0.161865234375
0.00614929199218747 -0.26202392578125 -0.18829345703125 -0.32305908203125
0.20489501953125 -0.203872680664063 -0.00457763671874997 -0.4622802734375
0.284881591796875 0.07183837890625 0.2574462890625 -0.41522216796875
0.15203857421875 0.207809448242187 0.315582275390625 -0.29937744140625
-0.00138854980468753 0.248336791992187 0.129180908203125 -0.269271850585938
-0.157608032226563 0.127227783203125 -0.0179901123046875 -0.0795822143554687
-0.163833618164063 0.179946899414063 -0.542388916015625 -0.16864013671875
0.11663818359375 0.335723876953125 -0.5650634765625 0.28546142578125
0.315460205078125 0.097015380859375 -0.2427978515625 0.468963623046875
0.240768432617187 -0.193405151367188 0.054718017578125 0.313140869140625
-0.0289764404296875 -0.261337280273438 0.096282958984375 0.103134155273437
-0.187789916992188 -0.173843383789063 -0.0112504959106445 -0.0161838531494141
-0.186050415039062 -0.185714721679687 -0.076995849609375 -0.0105743408203125
-0.24090576171875 -0.179580688476563 -0.188095092773438 -0.012359619140625
-0.159744262695313 -0.260086059570312 -0.23870849609375 -0.100875854492188
0.04443359375 -0.32568359375 -0.18035888671875 -0.257827758789062
0.287017822265625 -0.20965576171875 -0.039947509765625 -0.442047119140625
0.32470703125 0.152618408203125 0.252777099609375 -0.44952392578125
0.117630004882813 0.278488159179688 0.389739990234375 -0.2791748046875
-0.060028076171875 0.27789306640625 0.128402709960938 -0.177749633789062
-0.187591552734375 0.16693115234375 -0.0504722595214844 -0.000331878662109356
-0.143157958984375 0.262039184570313 -0.49383544921875 -0.0773010253906249
0.19964599609375 0.346710205078125 -0.496612548828125 0.2783203125
0.357391357421875 0.031982421875 -0.245269775390625 0.449554443359375
0.218032836914063 -0.259231567382813 0.036590576171875 0.348236083984375
-0.07977294921875 -0.2813720703125 0.118927001953125 0.175216674804687
-0.219207763671875 -0.170166015625 0.0679702758789062 0.0358505249023437
-0.207305908203125 -0.192337036132812 0.0169239044189453 0.0247077941894531
-0.251358032226563 -0.195068359375 -0.0940322875976563 0.0312957763671875
-0.13916015625 -0.278182983398438 -0.1824951171875 -0.030914306640625
0.092437744140625 -0.31744384765625 -0.182327270507812 -0.195449829101563
0.3189697265625 -0.14605712890625 -0.06597900390625 -0.434234619140625
0.269912719726563 0.220596313476563 0.2867431640625 -0.48712158203125
0.035491943359375 0.280044555664063 0.482147216796875 -0.22998046875
-0.110595703125 0.243133544921875 0.116050720214844 -0.0740432739257812
-0.191543579101563 0.17706298828125 -0.0753097534179688 0.09844970703125
-0.09796142578125 0.28814697265625 -0.4251708984375 0.022735595703125
0.240509033203125 0.2994384765625 -0.43145751953125 0.275665283203125
0.33514404296875 -0.033233642578125 -0.236907958984375 0.451690673828125
0.161270141601563 -0.27923583984375 0.0438232421875 0.391937255859375
-0.114974975585938 -0.255813598632813 0.170501708984375 0.235977172851562
-0.214859008789062 -0.1434326171875 0.161453247070313 0.0738372802734375
-0.195266723632813 -0.170455932617188 0.109718322753906 0.0571136474609375
-0.220428466796875 -0.1800537109375 -0.00787353515625001 0.0811004638671875
-0.0951080322265625 -0.243881225585938 -0.143585205078125 0.032745361328125
0.116165161132812 -0.238189697265625 -0.201675415039063 -0.15802001953125
0.27099609375 -0.0481414794921875 -0.0704345703125 -0.45184326171875
0.140228271484375 0.227264404296875 0.36724853515625 -0.51177978515625
-0.0526123046875 0.201736450195313 0.56787109375 -0.1485595703125
-0.132339477539063 0.15753173828125 0.08935546875 0.0164337158203125
-0.171646118164063 0.139312744140625 -0.08935546875 0.198440551757813
-0.0609283447265625 0.24102783203125 -0.3502197265625 0.117279052734375
0.208816528320313 0.214141845703125 -0.373046875 0.28082275390625
0.251953125 -0.0633697509765625 -0.212249755859375 0.468841552734375
0.0953521728515625 -0.23431396484375 0.072784423828125 0.427978515625
-0.114028930664062 -0.190460205078125 0.238479614257813 0.269424438476563
-0.17059326171875 -0.0987701416015625 0.2515869140625 0.09112548828125
-0.154464721679688 -0.12286376953125 0.18634033203125 0.0799102783203125
-0.162246704101563 -0.1336669921875 0.0542755126953125 0.124870300292969
-0.056793212890625 -0.165634155273438 -0.126388549804688 0.0738601684570313
0.0875015258789063 -0.1337890625 -0.22308349609375 -0.163192749023438
0.153549194335938 0.013336181640625 -0.037353515625 -0.48931884765625
0.013702392578125 0.145706176757813 0.48138427734375 -0.4998779296875
-0.089324951171875 0.077972412109375 0.6285400390625 -0.04901123046875
-0.11212158203125 0.0584945678710937 0.0550003051757812 0.0756072998046875
-0.134620666503906 0.0534744262695312 -0.091461181640625 0.275390625
-0.0574417114257813 0.1341552734375 -0.289459228515625 0.19219970703125
0.103622436523438 0.129142761230469 -0.324188232421875 0.29638671875
0.13519287109375 -0.0384750366210938 -0.1689453125 0.485504150390625
0.0443496704101563 -0.130622863769531 0.110382080078125 0.442535400390625
-0.0699615478515625 -0.0974807739257813 0.300537109375 0.27154541015625
-0.088836669921875 -0.0439376831054687 0.319183349609375 0.08746337890625
-0.0890350341796875 -0.056854248046875 0.2342529296875 0.0904388427734375
-0.0899276733398437 -0.0628280639648438 0.08892822265625 0.147308349609375
-0.0408592224121094 -0.0660629272460938 -0.118186950683594 0.0802154541015625
0.0127754211425781 -0.0477333068847656 -0.218185424804688 -0.202362060546875
0.0246219635009766 0.00423049926757813 0.034027099609375 -0.519622802734375
-0.041778564453125 0.018524169921875 0.5946044921875 -0.439208984375
-0.0543289184570313 -0.0289421081542969 0.6512451171875 0.048828125
-0.0548858642578125 -0.0162124633789063 0.0250167846679688 0.101638793945313
0.00919151306152344 0.035003662109375 0.0125732421875 -0.1845703125
-0.0479621887207031 0.0275230407714844 -0.6043701171875 -0.20892333984375
0.0214309692382812 0.117462158203125 -0.61431884765625 0.39288330078125
0.0922317504882813 0.0613021850585938 -0.1337890625 0.58026123046875
0.0814666748046875 -0.0125732421875 0.186843872070313 0.267471313476563
0.0392684936523438 -0.0338516235351563 0.145355224609375 -0.0553131103515625
0.01544189453125 -0.036102294921875 -0.106147766113281 -0.132232666015625
0.0150089263916016 -0.0297183990478516 -0.23583984375 -0.075653076171875
0.00640296936035156 -0.0179805755615234 -0.337005615234375 -0.072967529296875
-0.00737333297729492 -0.00488090515136719 -0.32861328125 -0.233001708984375
-0.0177059173583984 -0.00349807739257812 -0.183563232421875 -0.4127197265625
-0.0107002258300781 -0.0459442138671875 0.079071044921875 -0.49652099609375
0.0280570983886719 -0.0644760131835938 0.335205078125 -0.365203857421875
0.0897140502929688 -0.03643798828125 0.273971557617188 -0.26593017578125
0.102561950683594 0.0438308715820313 0.121856689453125 -0.332427978515625
-0.0447769165039062 0.0549736022949219 0.0122833251953125 -0.167434692382813
-0.100288391113281 0.0494461059570312 -0.5936279296875 -0.23858642578125
0.023284912109375 0.195419311523438 -0.6357421875 0.33489990234375
0.161697387695313 0.103195190429687 -0.196044921875 0.548095703125
0.156158447265625 -0.0576019287109375 0.138671875 0.285430908203125
0.0311431884765625 -0.120895385742188 0.123138427734375 -0.0146560668945313
-0.0610198974609375 -0.0950851440429688 -0.0981521606445312 -0.105972290039063
-0.067169189453125 -0.0905380249023438 -0.213394165039063 -0.0598907470703125
-0.0981979370117188 -0.0747451782226562 -0.323577880859375 -0.054779052734375
-0.0841903686523437 -0.10107421875 -0.329620361328125 -0.195220947265625
-0.0164260864257812 -0.139144897460938 -0.200286865234375 -0.373199462890625
0.09503173828125 -0.13812255859375 0.027191162109375 -0.4864501953125
0.16961669921875 -0.0031890869140625 0.2861328125 -0.39239501953125
0.133491516113281 0.0914764404296875 0.275482177734375 -0.29290771484375
0.05859375 0.15899658203125 0.125335693359375 -0.31671142578125
-0.0975799560546875 0.0798797607421875 -0.00338745117187502 -0.138504028320313
-0.138259887695312 0.0932693481445313 -0.58197021484375 -0.2242431640625
0.0547027587890625 0.263412475585938 -0.6175537109375 0.30450439453125
0.23345947265625 0.112625122070313 -0.228546142578125 0.50836181640625
0.206192016601563 -0.117416381835938 0.091094970703125 0.29644775390625
0.00610351562500002 -0.1949462890625 0.102020263671875 0.0387344360351562
-0.130683898925781 -0.137611389160156 -0.0679931640625 -0.0626640319824219
-0.137977600097656 -0.139823913574219 -0.1572265625 -0.036834716796875
-0.186279296875 -0.124526977539063 -0.269439697265625 -0.0333251953125
-0.143600463867188 -0.184524536132813 -0.2955322265625 -0.148345947265625
-0.0045623779296875 -0.252426147460938 -0.1971435546875 -0.319580078125
0.192581176757812 -0.205520629882813 -0.017547607421875 -0.46649169921875
0.28009033203125 0.0614013671875 0.25482177734375 -0.423614501953125
0.151565551757813 0.200302124023438 0.31634521484375 -0.298492431640625
0.00843811035156249 0.240524291992188 0.126678466796875 -0.256393432617188
-0.14459228515625 0.119186401367187 -0.028717041015625 -0.0892105102539062
-0.151748657226563 0.175140380859375 -0.556365966796875 -0.165283203125
0.1258544921875 0.317291259765625 -0.56744384765625 0.2894287109375
0.30511474609375 0.080780029296875 -0.23968505859375 0.474853515625
0.221664428710938 -0.19488525390625 0.058197021484375 0.3143310546875
-0.0374908447265625 -0.248611450195313 0.0993728637695313 0.103240966796875
-0.186813354492188 -0.158126831054688 -0.0122966766357422 -0.0119810104370117
-0.189102172851563 -0.169998168945312 -0.0772933959960938 -0.00817871093749999
-0.241546630859375 -0.160842895507813 -0.1868896484375 -0.00538635253906255
-0.16632080078125 -0.242721557617188 -0.240234375 -0.091705322265625
0.029693603515625 -0.315887451171875 -0.187118530273438 -0.257781982421875
0.27142333984375 -0.214752197265625 -0.0513916015625 -0.446197509765625
0.3216552734375 0.13702392578125 0.249908447265625 -0.45672607421875
0.12115478515625 0.269210815429688 0.389556884765625 -0.28265380859375
-0.046539306640625 0.270111083984375 0.127914428710938 -0.16845703125
-0.174148559570312 0.159759521484375 -0.0574111938476563 -0.012054443359375
-0.128768920898437 0.256332397460938 -0.504425048828125 -0.0758361816406249
0.2088623046875 0.327728271484375 -0.501312255859375 0.28338623046875
0.345550537109375 0.015350341796875 -0.24139404296875 0.45849609375
0.19732666015625 -0.260452270507813 0.043548583984375 0.34893798828125
-0.088043212890625 -0.266387939453125 0.124710083007812 0.171951293945312
-0.218582153320313 -0.152069091796875 0.0667915344238281 0.0337982177734375
-0.210678100585938 -0.17559814453125 0.0161056518554687 0.0215072631835937
-0.2528076171875 -0.175201416015625 -0.0933380126953125 0.0321121215820312
-0.147476196289062 -0.260452270507813 -0.182769775390625 -0.0275726318359376
0.075286865234375 -0.308807373046875 -0.186920166015625 -0.19708251953125
0.303802490234375 -0.154205322265625 -0.07568359375 -0.438232421875
0.270462036132813 0.204498291015625 0.28228759765625 -0.4937744140625
0.041900634765625 0.271774291992187 0.481719970703125 -0.23736572265625
-0.09527587890625 0.2366943359375 0.120101928710937 -0.0681838989257812
-0.178924560546875 0.17193603515625 -0.0784454345703125 0.0853042602539063
-0.084716796875 0.282745361328125 -0.4339599609375 0.0231628417968751
0.248077392578125 0.281158447265625 -0.4337158203125 0.280548095703125
0.3214111328125 -0.047607421875 -0.23095703125 0.459869384765625
0.141769409179688 -0.278839111328125 0.052459716796875 0.390716552734375
-0.122146606445313 -0.242416381835938 0.177322387695313 0.22802734375
-0.214309692382813 -0.126571655273438 0.159622192382813 0.0648956298828125
-0.199295043945312 -0.155487060546875 0.108169555664062 0.0474166870117187
-0.223297119140625 -0.161972045898438 -0.00718688964843751 0.0757064819335937
-0.104156494140625 -0.229156494140625 -0.141647338867188 0.031707763671875
0.100967407226562 -0.233734130859375 -0.202438354492188 -0.160354614257812
0.259765625 -0.0578460693359375 -0.077239990234375 -0.454010009765625
0.1434326171875 0.213226318359375 0.36187744140625 -0.519805908203125
-0.04644775390625 0.1966552734375 0.56982421875 -0.16119384765625
-0.11810302734375 0.153182983398438 0.0977554321289062 0.0189971923828125
-0.161102294921875 0.13714599609375 -0.0889129638671875 0.183563232421875
-0.049652099609375 0.236480712890625 -0.3577880859375 0.114990234375
0.2147216796875 0.199844360351563 -0.3773193359375 0.28662109375
0.24041748046875 -0.0739593505859375 -0.204376220703125 0.47650146484375
0.0792236328125 -0.23321533203125 0.08367919921875 0.425201416015625
-0.118377685546875 -0.180282592773437 0.24566650390625 0.257339477539063
-0.169998168945312 -0.086669921875 0.249313354492188 0.0773468017578125
-0.15838623046875 -0.111297607421875 0.184417724609375 0.0664520263671875
-0.165771484375 -0.119979858398438 0.0561981201171875 0.114250183105469
-0.064239501953125 -0.155776977539063 -0.122123718261719 0.0693511962890625
0.0762176513671875 -0.130180358886719 -0.221908569335938 -0.166213989257812
0.147918701171875 0.005645751953125 -0.043914794921875 -0.49163818359375
0.0168075561523437 0.13653564453125 0.474761962890625 -0.50872802734375
-0.0845489501953125 0.0761871337890625 0.63336181640625 -0.06463623046875
-0.100914001464844 0.0565567016601563 0.0670928955078125 0.0762252807617188
-0.128746032714844 0.0527801513671875 -0.09002685546875 0.2598876953125
-0.0504531860351563 0.132164001464844 -0.2930908203125 0.188262939453125
0.108657836914063 0.121719360351563 -0.32568359375 0.303192138671875
0.127410888671875 -0.0446929931640625 -0.1590576171875 0.492523193359375
0.034820556640625 -0.130805969238281 0.122467041015625 0.43780517578125
-0.0728912353515625 -0.09228515625 0.305938720703125 0.256500244140625
-0.08953857421875 -0.0382766723632812 0.316680908203125 0.070465087890625
-0.09185791015625 -0.0513687133789062 0.233062744140625 0.07403564453125
-0.0927658081054687 -0.056396484375 0.0916900634765625 0.133857727050781
-0.0445976257324219 -0.0614700317382813 -0.112045288085937 0.0739974975585938
0.00790786743164062 -0.0451774597167969 -0.217681884765625 -0.204757690429688
0.0221633911132812 0.00152397155761719 0.0274658203125 -0.52264404296875
-0.04058837890625 0.0148468017578125 0.5882568359375 -0.4515380859375
-0.0531082153320312 -0.0274543762207031 0.65972900390625 0.03363037109375
-0.0491104125976563 -0.016815185546875 0.0402984619140625 0.102752685546875
0.0109767913818359 0.0310935974121094 -0.00715637207031251 -0.191741943359375
-0.0462913513183594 0.0285530090332031 -0.6357421875 -0.1978759765625
0.0256195068359375 0.116203308105469 -0.6214599609375 0.41357421875
0.0922317504882813 0.0580215454101563 -0.12774658203125 0.59796142578125
0.081451416015625 -0.01214599609375 0.192718505859375 0.274658203125
0.0419158935546875 -0.0333709716796875 0.144317626953125 -0.052459716796875
0.0166969299316406 -0.0380210876464844 -0.109451293945313 -0.1217041015625
0.0163898468017578 -0.0307559967041016 -0.238677978515625 -0.0607452392578125
0.00823974609375 -0.0181522369384766 -0.342071533203125 -0.05401611328125
-0.00531816482543945 -0.00284194946289062 -0.34210205078125 -0.2191162109375
-0.0155019760131836 0.000353813171386722 -0.203582763671875 -0.41412353515625
-0.0125579833984375 -0.0427322387695313 0.0606689453125001 -0.512847900390625
0.0222511291503906 -0.0632247924804688 0.335479736328125 -0.38677978515625
0.0851974487304688 -0.0382308959960938 0.28021240234375 -0.27154541015625
0.105560302734375 0.039794921875 0.118988037109375 -0.32781982421875
-0.03961181640625 0.049530029296875 -0.00654602050781249 -0.174667358398437
-0.0966339111328125 0.0486068725585938 -0.62518310546875 -0.22979736328125
0.0305328369140625 0.190216064453125 -0.64697265625 0.354248046875
0.160812377929688 0.094879150390625 -0.19232177734375 0.56768798828125
0.151321411132813 -0.059906005859375 0.1434326171875 0.293975830078125
0.0277481079101563 -0.117958068847656 0.123146057128906 -0.0117950439453125
-0.0614471435546875 -0.0908355712890625 -0.101364135742187 -0.0956192016601563
-0.068878173828125 -0.0861434936523438 -0.216781616210938 -0.047332763671875
-0.098907470703125 -0.0684890747070313 -0.328216552734375 -0.0371093749999999
-0.087158203125 -0.0937728881835938 -0.341644287109375 -0.181243896484375
-0.0211257934570313 -0.134552001953125 -0.218841552734375 -0.37359619140625
0.089202880859375 -0.140243530273438 0.00894165039062501 -0.50250244140625
0.167938232421875 -0.009033203125 0.284393310546875 -0.413604736328125
0.133766174316406 0.0885772705078125 0.28167724609375 -0.300201416015625
0.0663299560546875 0.155410766601563 0.12158203125 -0.31182861328125
-0.0903091430664062 0.0741348266601563 -0.0196075439453125 -0.147232055664063
-0.131553649902344 0.0917892456054688 -0.6124267578125 -0.21722412109375
0.0648040771484375 0.254470825195313 -0.62982177734375 0.32171630859375
0.232009887695312 0.100799560546875 -0.225799560546875 0.527923583984375
0.196441650390625 -0.1226806640625 0.097686767578125 0.3048095703125
-0.00134277343750002 -0.189727783203125 0.104347229003906 0.0415191650390625
-0.133140563964844 -0.128219604492187 -0.0697784423828125 -0.0542564392089844
-0.142745971679688 -0.131332397460938 -0.160568237304688 -0.0281829833984375
-0.189300537109375 -0.112762451171875 -0.2740478515625 -0.0196380615234375
-0.150894165039062 -0.172958374023438 -0.3055419921875 -0.136688232421875
-0.015380859375 -0.24755859375 -0.213409423828125 -0.32061767578125
0.183135986328125 -0.212783813476562 -0.03607177734375 -0.479644775390625
0.280960083007813 0.050537109375 0.252227783203125 -0.444427490234375
0.156906127929688 0.196319580078125 0.321197509765625 -0.309326171875
0.020263671875 0.2379150390625 0.126373291015625 -0.251510620117188
-0.136024475097656 0.114738464355469 -0.0417404174804688 -0.0988845825195312
-0.142669677734375 0.174667358398438 -0.58355712890625 -0.15924072265625
0.13897705078125 0.304290771484375 -0.58026123046875 0.30645751953125
0.302276611328125 0.065582275390625 -0.236541748046875 0.495880126953125
0.207733154296875 -0.200836181640625 0.066375732421875 0.32342529296875
-0.047698974609375 -0.24139404296875 0.104530334472656 0.104957580566406
-0.190704345703125 -0.14471435546875 -0.0132026672363281 -0.0082845687866211
-0.196533203125 -0.157882690429688 -0.0797500610351563 -0.00511932373046877
-0.24700927734375 -0.144683837890625 -0.19073486328125 0.00323486328125
-0.176956176757813 -0.22900390625 -0.24700927734375 -0.0824279785156251
0.013916015625 -0.312530517578125 -0.201065063476562 -0.260101318359375
0.260345458984375 -0.225845336914063 -0.069061279296875 -0.457916259765625
0.32586669921875 0.123016357421875 0.247528076171875 -0.475921630859375
0.129547119140625 0.265533447265625 0.3951416015625 -0.29541015625
-0.032318115234375 0.267745971679688 0.131072998046875 -0.164993286132812
-0.1654052734375 0.157913208007813 -0.0668258666992188 -0.0216102600097656
-0.117019653320312 0.257095336914063 -0.52734375 -0.0696105957031249
0.223114013671875 0.313629150390625 -0.512542724609375 0.299896240234375
0.3397216796875 -6.103515625E-05 -0.237274169921875 0.47906494140625
0.180206298828125 -0.26617431640625 0.05401611328125 0.357330322265625
-0.0998077392578125 -0.2586669921875 0.133880615234375 0.170639038085937
-0.222869873046875 -0.137771606445313 0.0674591064453125 0.0321731567382812
-0.219390869140625 -0.16156005859375 0.0149993896484375 0.0188331604003906
-0.2607421875 -0.157241821289062 -0.0952606201171875 0.0348052978515625
-0.15972900390625 -0.248001098632813 -0.18682861328125 -0.02288818359375
0.059814453125 -0.306915283203125 -0.197265625 -0.200759887695313
0.294219970703125 -0.167694091796875 -0.09246826171875 -0.44891357421875
0.27679443359375 0.190216064453125 0.278839111328125 -0.513580322265625
0.050811767578125 0.269546508789063 0.49127197265625 -0.254974365234375
-0.0809478759765625 0.234603881835937 0.126350402832031 -0.0657958984375
-0.1715087890625 0.17218017578125 -0.0841751098632813 0.0757598876953125
-0.0716552734375 0.283782958984375 -0.453216552734375 0.027008056640625
0.2630615234375 0.266372680664063 -0.446502685546875 0.29638671875
0.315277099609375 -0.063018798828125 -0.22454833984375 0.4810791015625
0.123992919921875 -0.28424072265625 0.066192626953125 0.398101806640625
-0.132537841796875 -0.233444213867188 0.1893310546875 0.223724365234375
-0.218490600585938 -0.112762451171875 0.1619873046875 0.0572509765625
-0.207595825195313 -0.142562866210937 0.108314514160156 0.0384902954101562
-0.231521606445312 -0.1463623046875 -0.00690460205078126 0.0721893310546875
-0.116119384765625 -0.218887329101563 -0.141983032226563 0.0328216552734375
0.087371826171875 -0.23321533203125 -0.210723876953125 -0.1649169921875
0.253814697265625 -0.070648193359375 -0.09259033203125 -0.467010498046875
0.149490356445313 0.203140258789063 0.358734130859375 -0.54071044921875
-0.03875732421875 0.195938110351563 0.583251953125 -0.18084716796875
-0.10565185546875 0.1510009765625 0.107810974121094 0.01995849609375
-0.154937744140625 0.138336181640625 -0.0906829833984375 0.175094604492187
-0.03863525390625 0.2369384765625 -0.3721923828125 0.119659423828125
0.226654052734375 0.187713623046875 -0.38671875 0.30450439453125
0.233367919921875 -0.086273193359375 -0.1953125 0.49774169921875
0.0649871826171875 -0.237213134765625 0.0999755859375 0.430999755859375
-0.127288818359375 -0.173126220703125 0.259552001953125 0.2498779296875
-0.173538208007812 -0.076507568359375 0.253036499023437 0.0633544921875
-0.1658935546875 -0.101104736328125 0.1861572265625 0.052398681640625
-0.172866821289062 -0.108795166015625 0.0589523315429687 0.106590270996094
-0.073486328125 -0.14801025390625 -0.120674133300781 0.0671768188476563
0.0675048828125 -0.13055419921875 -0.227935791015625 -0.171173095703125
0.143768310546875 -0.0022430419921875 -0.055999755859375 -0.504547119140625
0.0203628540039062 0.130706787109375 0.47369384765625 -0.534210205078125
-0.0804901123046875 0.0760040283203125 0.649658203125 -0.08575439453125
-0.0923080444335938 0.0552139282226562 0.0805892944335938 0.0778656005859375
-0.126350402832031 0.0547256469726562 -0.0887908935546875 0.251663208007813
-0.0432968139648438 0.131919860839844 -0.302764892578125 0.192840576171875
0.117431640625 0.114822387695313 -0.331634521484375 0.321044921875
0.122207641601563 -0.0516510009765625 -0.14617919921875 0.51153564453125
0.02593994140625 -0.133445739746094 0.140380859375 0.442535400390625
-0.0773849487304688 -0.0891342163085937 0.320159912109375 0.244110107421875
-0.0915069580078125 -0.0336990356445313 0.3193359375 0.052398681640625
-0.0963363647460938 -0.04583740234375 0.236587524414062 0.0570526123046875
-0.0981063842773438 -0.0502166748046875 0.09576416015625 0.12347412109375
-0.0494041442871094 -0.0570297241210938 -0.108901977539063 0.0699615478515625
0.00387954711914063 -0.0435409545898438 -0.223373413085937 -0.2103271484375
0.0199222564697266 -0.000825881958007813 0.017242431640625 -0.5379638671875
-0.041778564453125 0.0128517150878906 0.590576171875 -0.47894287109375
-0.0524215698242188 -0.0271186828613281 0.6806640625 0.01226806640625
-0.0445785522460937 -0.0183753967285156 0.05645751953125 0.104782104492188
0.0123367309570313 0.0266170501708984 -0.032318115234375 -0.1962890625
-0.045074462890625 0.0301284790039062 -0.6732177734375 -0.16900634765625
0.0319671630859375 0.11474609375 -0.6224365234375 0.45220947265625
0.0942001342773438 0.0537261962890625 -0.10693359375 0.62164306640625
0.0834121704101563 -0.0145111083984375 0.206741333007812 0.279617309570312
0.0432548522949219 -0.0347404479980469 0.14324951171875 -0.05322265625
0.0169410705566406 -0.0412979125976563 -0.1141357421875 -0.109527587890625
0.0170059204101563 -0.0337047576904297 -0.243087768554688 -0.040802001953125
0.00973892211914063 -0.0198154449462891 -0.348175048828125 -0.026702880859375
-0.0026242733001709 -0.000693559646606445 -0.36029052734375 -0.19622802734375
-0.01275634765625 0.00450229644775391 -0.2332763671875 -0.41082763671875
-0.0149116516113281 -0.0391502380371094 0.031982421875 -0.53338623046875
0.0157546997070313 -0.0628089904785156 0.32501220703125 -0.41790771484375
0.0810165405273437 -0.0414505004882812 0.280364990234375 -0.286773681640625
0.109779357910156 0.0330047607421875 0.109954833984375 -0.328521728515625
-0.0348854064941406 0.04571533203125 -0.02984619140625 -0.18084716796875
-0.0922927856445312 0.0503082275390625 -0.6654052734375 -0.20416259765625
0.040802001953125 0.185638427734375 -0.65277099609375 0.39288330078125
0.162338256835937 0.085662841796875 -0.1751708984375 0.5936279296875
0.147552490234375 -0.06585693359375 0.15716552734375 0.300537109375
0.02301025390625 -0.116806030273438 0.124221801757812 -0.0109100341796875
-0.0649032592773438 -0.0862350463867187 -0.105751037597656 -0.0838470458984375
-0.07305908203125 -0.0820236206054687 -0.221099853515625 -0.029388427734375
-0.100990295410156 -0.0605926513671875 -0.33404541015625 -0.011627197265625
-0.0911788940429687 -0.0851287841796875 -0.357452392578125 -0.158203125
-0.0284271240234375 -0.13006591796875 -0.24615478515625 -0.36920166015625
0.080657958984375 -0.1455078125 -0.0223388671875 -0.51800537109375
0.166290283203125 -0.0179290771484375 0.27288818359375 -0.443756103515625
0.137603759765625 0.0837936401367188 0.280670166015625 -0.31622314453125
0.0776519775390625 0.150192260742187 0.114013671875 -0.312774658203125
-0.0832290649414063 0.071258544921875 -0.0395965576171875 -0.153335571289062
-0.124351501464844 0.0931625366210937 -0.64984130859375 -0.1947021484375
0.0796356201171875 0.244842529296875 -0.63726806640625 0.35772705078125
0.232345581054688 0.085662841796875 -0.21112060546875 0.554718017578125
0.186004638671875 -0.131729125976562 0.112762451171875 0.3128662109375
-0.011962890625 -0.185699462890625 0.10858154296875 0.0431442260742187
-0.13916015625 -0.117088317871094 -0.072662353515625 -0.0451889038085937
-0.151138305664063 -0.120681762695313 -0.164779663085938 -0.015350341796875
-0.194869995117188 -0.0964813232421875 -0.279769897460938 0.00164794921874999
-0.161041259765625 -0.159103393554688 -0.318695068359375 -0.11578369140625
-0.031005859375 -0.243972778320313 -0.238433837890625 -0.318084716796875
0.17010498046875 -0.224899291992187 -0.067535400390625 -0.493255615234375
0.284759521484375 0.033782958984375 0.240386962890625 -0.47088623046875
0.167831420898438 0.190353393554688 0.322845458984375 -0.327728271484375
0.0371246337890625 0.234710693359375 0.121734619140625 -0.254165649414063
-0.127449035644531 0.114105224609375 -0.0579986572265625 -0.105033874511719
-0.13006591796875 0.176544189453125 -0.6171875 -0.13629150390625
0.15740966796875 0.29034423828125 -0.5888671875 0.34222412109375
0.300811767578125 0.04644775390625 -0.222412109375 0.524688720703125
0.191268920898438 -0.21160888671875 0.08270263671875 0.332122802734375
-0.063018798828125 -0.2347412109375 0.112884521484375 0.104629516601562
-0.198104858398438 -0.128509521484375 -0.0134048461914063 -0.00353050231933595
-0.2080078125 -0.142257690429688 -0.0825424194335938 0.000656127929687507
-0.255538940429687 -0.123489379882813 -0.194931030273438 0.0179290771484375
-0.191146850585937 -0.212417602539063 -0.256439208984375 -0.068145751953125
-0.00631713867187498 -0.309844970703125 -0.222183227539063 -0.25921630859375
0.244903564453125 -0.243011474609375 -0.09967041015625 -0.469329833984375
0.333099365234375 0.1019287109375 0.2333984375 -0.50262451171875
0.145614624023438 0.2598876953125 0.397705078125 -0.32171630859375
-0.0122528076171875 0.265884399414063 0.130355834960937 -0.167556762695312
-0.155258178710938 0.1607666015625 -0.0775985717773438 -0.027008056640625
-0.0996551513671875 0.259124755859375 -0.55523681640625 -0.048736572265625
0.244720458984375 0.294830322265625 -0.5205078125 0.331024169921875
0.3350830078125 -0.0224609375 -0.2216796875 0.507049560546875
0.158462524414062 -0.277008056640625 0.074920654296875 0.365966796875
-0.117507934570313 -0.248931884765625 0.147476196289062 0.166839599609375
-0.23077392578125 -0.119232177734375 0.0692405700683594 0.0295181274414062
-0.232437133789063 -0.143997192382812 0.0134096145629883 0.0156221389770508
-0.270828247070313 -0.134857177734375 -0.0971832275390625 0.0406570434570312
-0.176589965820313 -0.2315673828125 -0.191314697265625 -0.012603759765625
0.038299560546875 -0.307373046875 -0.213943481445313 -0.200881958007813
0.282196044921875 -0.187652587890625 -0.120880126953125 -0.45928955078125
0.287078857421875 0.171722412109375 0.26361083984375 -0.54388427734375
0.066680908203125 0.2666015625 0.49609375 -0.28533935546875
-0.0626373291015625 0.23406982421875 0.131683349609375 -0.0697860717773437
-0.160781860351562 0.177520751953125 -0.0890274047851563 0.071319580078125
-0.05364990234375 0.285888671875 -0.472503662109375 0.0462646484374999
0.28302001953125 0.24517822265625 -0.45159912109375 0.327911376953125
0.30859375 -0.08380126953125 -0.205780029296875 0.510650634765625
0.100982666015625 -0.293365478515625 0.090789794921875 0.405670166015625
-0.149444580078125 -0.22344970703125 0.207504272460938 0.2159423828125
-0.225479125976563 -0.0954742431640625 0.165634155273438 0.0460357666015625
-0.220703125 -0.125244140625 0.109169006347656 0.0276336669921875
-0.24237060546875 -0.125076293945313 -0.00537490844726564 0.0699539184570313
-0.131500244140625 -0.205947875976563 -0.14263916015625 0.0376739501953125
0.0703887939453125 -0.235336303710938 -0.223861694335937 -0.165267944335938
0.245849609375 -0.0880126953125 -0.119476318359375 -0.476806640625
0.159271240234375 0.190475463867188 0.34295654296875 -0.57513427734375
-0.02606201171875 0.19610595703125 0.5919189453125 -0.21746826171875
-0.0912017822265625 0.151092529296875 0.1190185546875 0.0170974731445313
-0.147567749023437 0.144851684570313 -0.09033203125 0.171615600585938
-0.022735595703125 0.23846435546875 -0.384979248046875 0.136383056640625
0.242507934570313 0.16973876953125 -0.388916015625 0.3336181640625
0.225860595703125 -0.102310180664063 -0.173187255859375 0.5255126953125
0.0450592041015625 -0.242950439453125 0.127197265625 0.436004638671875
-0.140274047851563 -0.164993286132813 0.279571533203125 0.235794067382813
-0.178604125976563 -0.06353759765625 0.25677490234375 0.044403076171875
-0.175430297851563 -0.0876312255859375 0.189041137695312 0.0348968505859375
-0.181991577148438 -0.0926055908203125 0.0631179809570312 0.09765625
-0.0851669311523438 -0.138992309570313 -0.117546081542969 0.0688323974609375
0.0559234619140625 -0.131576538085938 -0.240020751953125 -0.1700439453125
0.140487670898438 -0.012847900390625 -0.08380126953125 -0.518890380859375
0.0258026123046875 0.125358581542969 0.4603271484375 -0.57305908203125
-0.07421875 0.0778045654296875 0.667236328125 -0.12457275390625
-0.0836257934570313 0.054168701171875 0.0963363647460938 0.0755615234375
-0.124221801757813 0.06036376953125 -0.0836181640625 0.249588012695313
-0.033538818359375 0.13275146484375 -0.310577392578125 0.20654296875
0.128440856933594 0.104652404785156 -0.3306884765625 0.34893798828125
0.116462707519531 -0.0610427856445313 -0.121978759765625 0.53619384765625
0.0138778686523437 -0.136749267578125 0.1702880859375 0.444000244140625
-0.0844650268554688 -0.084991455078125 0.340850830078125 0.227264404296875
-0.0949859619140625 -0.0273056030273438 0.32421875 0.0274658203125
-0.102561950683594 -0.0381393432617188 0.240219116210938 0.0355682373046875
-0.103805541992188 -0.0412826538085938 0.102874755859375 0.111061096191406
-0.0550041198730469 -0.0517654418945313 -0.105216979980469 0.0685653686523438
-0.000305175781249997 -0.0425453186035156 -0.23602294921875 -0.210769653320313
0.0171823501586914 -0.00395965576171875 -0.00769042968749994 -0.556732177734375
-0.0427742004394531 0.0112457275390625 0.58428955078125 -0.52099609375
-0.0520782470703125 -0.0255546569824219 0.70428466796875 -0.02569580078125
-0.0419425964355469 -0.0205268859863281 0.0744552612304688 0.104194641113281
0.0124149322509766 0.0224876403808594 -0.060821533203125 -0.194580078125
-0.0435371398925781 0.0319099426269531 -0.70123291015625 -0.12060546875
0.0398788452148437 0.111518859863281 -0.603271484375 0.49749755859375
0.09564208984375 0.0484542846679688 -0.0704345703125 0.63726806640625
0.0841751098632813 -0.0184707641601563 0.224945068359375 0.274703979492188
0.0438346862792969 -0.0373382568359375 0.139793395996094 -0.05548095703125
0.0150871276855469 -0.0439300537109375 -0.118888854980469 -0.094879150390625
0.0160980224609375 -0.0367431640625 -0.241912841796875 -0.015472412109375
0.0104389190673828 -0.0216350555419922 -0.34649658203125 0.00860595703125002
0.000900387763977051 0.00112855434417725 -0.373260498046875 -0.162872314453125
-0.00873517990112305 0.00781869888305664 -0.266754150390625 -0.394989013671875
-0.0167942047119141 -0.0351066589355469 -0.0130615234375001 -0.542510986328125
0.00807952880859376 -0.0597801208496094 0.299224853515625 -0.44873046875
0.0749588012695313 -0.0445327758789063 0.271453857421875 -0.303924560546875
0.112251281738281 0.022735595703125 0.093841552734375 -0.32708740234375
-0.0303688049316406 0.041778564453125 -0.0561065673828125 -0.180206298828125
-0.0870132446289063 0.05157470703125 -0.6954345703125 -0.15771484375
0.053741455078125 0.17633056640625 -0.6392822265625 0.43804931640625
0.16302490234375 0.07330322265625 -0.1416015625 0.6141357421875
0.140151977539063 -0.07379150390625 0.1766357421875 0.2996826171875
0.0163650512695312 -0.114021301269531 0.12353515625 -0.0122222900390625
-0.0691070556640625 -0.078704833984375 -0.10888671875 -0.0693206787109375
-0.0771484375 -0.0745773315429688 -0.221099853515625 -0.00598144531250003
-0.102073669433594 -0.0501480102539063 -0.333099365234375 0.022247314453125
-0.09423828125 -0.0731430053710938 -0.368682861328125 -0.125579833984375
-0.0362777709960938 -0.123291015625 -0.277801513671875 -0.35430908203125
0.06854248046875 -0.148788452148438 -0.065643310546875 -0.522216796875
0.1612548828125 -0.02886962890625 0.2462158203125 -0.471649169921875
0.14129638671875 0.0753021240234375 0.269134521484375 -0.335174560546875
0.09063720703125 0.140281677246094 0.098388671875 -0.31304931640625
-0.0749359130859375 0.0692672729492187 -0.062469482421875 -0.154052734375
-0.114448547363281 0.094757080078125 -0.67999267578125 -0.14947509765625
0.095550537109375 0.228866577148438 -0.62750244140625 0.40203857421875
0.230560302734375 0.067901611328125 -0.17999267578125 0.57843017578125
0.170700073242188 -0.141357421875 0.13323974609375 0.314208984375
-0.025054931640625 -0.177932739257813 0.112396240234375 0.0415191650390625
-0.144729614257813 -0.10089111328125 -0.0746383666992188 -0.03436279296875
-0.158828735351563 -0.10455322265625 -0.165313720703125 0.00137329101562502
-0.197952270507813 -0.0764617919921875 -0.279266357421875 0.02947998046875
-0.169586181640625 -0.138809204101563 -0.326080322265625 -0.08740234375
-0.0493927001953125 -0.234512329101563 -0.26654052734375 -0.303802490234375
0.1492919921875 -0.235809326171875 -0.10833740234375 -0.49420166015625
0.2822265625 0.0111083984375 0.21124267578125 -0.494659423828125
0.180740356445312 0.177444458007812 0.309051513671875 -0.351715087890625
0.0565643310546875 0.225357055664062 0.11083984375 -0.255615234375
-0.116157531738281 0.1148681640625 -0.0757827758789062 -0.106239318847656
-0.11370849609375 0.176895141601563 -0.642333984375 -0.09619140625
0.176483154296875 0.266647338867188 -0.57855224609375 0.38275146484375
0.2947998046875 0.0223388671875 -0.19293212890625 0.547637939453125
0.166961669921875 -0.221099853515625 0.10650634765625 0.333648681640625
-0.0816802978515625 -0.22174072265625 0.122283935546875 0.100563049316406
-0.204620361328125 -0.105575561523437 -0.0133800506591797 0.000575065612792965
-0.217086791992188 -0.119888305664062 -0.0835418701171875 0.00866699218749999
-0.26068115234375 -0.0953826904296875 -0.194778442382813 0.03656005859375
-0.204742431640625 -0.18841552734375 -0.26153564453125 -0.04559326171875
-0.03173828125 -0.30120849609375 -0.245269775390625 -0.247344970703125
0.2210693359375 -0.260101318359375 -0.138275146484375 -0.467376708984375
0.335845947265625 0.0743408203125 0.202545166015625 -0.52728271484375
0.163925170898438 0.247161865234375 0.385894775390625 -0.349609375
0.0101165771484375 0.2581787109375 0.125106811523438 -0.171188354492187
-0.140396118164063 0.164199829101562 -0.087890625 -0.0284500122070312
-0.0775909423828125 0.25714111328125 -0.57464599609375 -0.0146484375
0.263885498046875 0.2642822265625 -0.51190185546875 0.37103271484375
0.324493408203125 -0.048431396484375 -0.189788818359375 0.531402587890625
0.129302978515625 -0.2843017578125 0.1021728515625 0.366302490234375
-0.137802124023438 -0.2325439453125 0.161895751953125 0.158111572265625
-0.23602294921875 -0.0940551757812499 0.0709304809570313 0.024749755859375
-0.24200439453125 -0.118988037109375 0.0118913650512695 0.0133171081542969
-0.2779541015625 -0.104736328125 -0.0966110229492188 0.0486831665039062
-0.192520141601562 -0.207473754882813 -0.192855834960938 0.00120544433593748
0.011505126953125 -0.302337646484375 -0.232452392578125 -0.191696166992188
0.260345458984375 -0.208175659179688 -0.15643310546875 -0.4559326171875
0.29437255859375 0.14483642578125 0.23077392578125 -0.56988525390625
0.0876617431640625 0.257583618164063 0.48663330078125 -0.324676513671875
-0.0400390625 0.228897094726562 0.133590698242188 -0.075347900390625
-0.145736694335938 0.183929443359375 -0.092071533203125 0.06988525390625
-0.02911376953125 0.282012939453125 -0.484893798828125 0.0767517089843751
0.301361083984375 0.21405029296875 -0.4405517578125 0.361968994140625
0.295013427734375 -0.10736083984375 -0.171905517578125 0.533203125
0.07122802734375 -0.2960205078125 0.123291015625 0.40350341796875
-0.167739868164063 -0.205596923828125 0.2255859375 0.199447631835938
-0.22991943359375 -0.0717926025390625 0.167068481445312 0.031829833984375
-0.230270385742188 -0.1009521484375 0.106941223144531 0.0146560668945312
-0.249740600585938 -0.098052978515625 -0.00357818603515627 0.068023681640625
-0.14642333984375 -0.186248779296875 -0.140373229980469 0.044586181640625
0.04827880859375 -0.233917236328125 -0.238693237304688 -0.156646728515625
0.231246948242188 -0.10675048828125 -0.155517578125 -0.4757080078125
0.169403076171875 0.172317504882813 0.30780029296875 -0.60601806640625
-0.00967407226562499 0.192916870117188 0.587890625 -0.26385498046875
-0.074371337890625 0.148483276367188 0.127304077148438 0.01007080078125
-0.1351318359375 0.152313232421875 -0.085662841796875 0.169357299804687
-0.00263977050781252 0.234130859375 -0.38787841796875 0.159820556640625
0.256591796875 0.143310546875 -0.37542724609375 0.366790771484375
0.212554931640625 -0.119338989257813 -0.136260986328125 0.54595947265625
0.0204315185546875 -0.24359130859375 0.1630859375 0.42962646484375
-0.153732299804688 -0.150039672851563 0.299102783203125 0.21343994140625
-0.18206787109375 -0.045135498046875 0.256805419921875 0.01983642578125
-0.183090209960938 -0.0687713623046875 0.1871337890625 0.0131988525390625
-0.1884765625 -0.071136474609375 0.0677032470703125 0.0869598388671875
-0.0961761474609375 -0.125083923339844 -0.112564086914062 0.0707473754882812
0.04278564453125 -0.131263732910156 -0.253707885742187 -0.162094116210938
0.133514404296875 -0.025421142578125 -0.119781494140625 -0.519439697265625
0.0325088500976562 0.117942810058594 0.4268798828125 -0.6103515625
-0.065032958984375 0.0790176391601563 0.667236328125 -0.17596435546875
-0.0736541748046875 0.052978515625 0.110374450683594 0.0686721801757813
-0.118820190429687 0.068267822265625 -0.0726776123046875 0.246139526367188
-0.0223617553710937 0.131156921386719 -0.3072509765625 0.226104736328125
0.138137817382812 0.0891571044921875 -0.314788818359375 0.379486083984375
0.108749389648438 -0.0701751708984375 -0.082122802734375 0.552642822265625
-0.00102996826171875 -0.137062072753906 0.207794189453125 0.434814453125
-0.0923919677734375 -0.0776138305664062 0.359161376953125 0.19818115234375
-0.0975723266601563 -0.0181884765625 0.321197509765625 -0.00421142578125
-0.106636047363281 -0.027496337890625 0.239303588867188 0.0089263916015625
-0.107772827148438 -0.0290985107421875 0.108474731445312 0.095611572265625
-0.0596809387207031 -0.0439071655273437 -0.0990066528320313 0.0675811767578125
-0.00602340698242188 -0.0401458740234375 -0.251510620117187 -0.203155517578125
0.0137958526611328 -0.00654411315917969 -0.0447998046875 -0.561981201171875
-0.0432662963867188 0.0118255615234375 0.5550537109375 -0.56683349609375
-0.0504684448242188 -0.0228614807128906 0.71331787109375 -0.078857421875
-0.0397987365722656 -0.0213127136230469 0.0928421020507812 0.0989227294921875
0.0123081207275391 0.0186004638671875 -0.08502197265625 -0.184677124023438
-0.0412368774414063 0.0341415405273437 -0.70672607421875 -0.06805419921875
0.0458221435546875 0.105484008789063 -0.56805419921875 0.52850341796875
0.0948410034179688 0.0423736572265625 -0.03155517578125 0.6358642578125
0.0823287963867188 -0.023651123046875 0.237884521484375 0.262939453125
0.0433845520019531 -0.0392189025878906 0.134017944335938 -0.0557937622070313
0.0120620727539063 -0.0448989868164063 -0.11883544921875 -0.0775604248046875
0.0140151977539062 -0.0385971069335938 -0.232757568359375 0.00886535644531248
0.0113391876220703 -0.0226020812988281 -0.332611083984375 0.04229736328125
0.00417470932006836 0.00213885307312012 -0.37420654296875 -0.126190185546875
-0.00442600250244141 0.0103206634521484 -0.2916259765625 -0.368072509765625
-0.0182380676269531 -0.0310420989990234 -0.055145263671875 -0.533355712890625
0.00177764892578124 -0.05426025390625 0.265960693359375 -0.464630126953125
0.0681724548339844 -0.046295166015625 0.254913330078125 -0.31317138671875
0.110137939453125 0.0116195678710938 0.07647705078125 -0.31854248046875
-0.0270271301269531 0.0377731323242188 -0.0799407958984375 -0.171661376953125
-0.0806655883789063 0.0519332885742187 -0.70361328125 -0.10400390625
0.0627288818359375 0.163131713867188 -0.60577392578125 0.472900390625
0.159423828125 0.060760498046875 -0.10400390625 0.61529541015625
0.129096984863281 -0.0793914794921875 0.192138671875 0.290191650390625
0.00988006591796875 -0.1085205078125 0.120796203613281 -0.0125656127929688
-0.0708847045898437 -0.06951904296875 -0.108314514160156 -0.0538253784179688
-0.079559326171875 -0.065948486328125 -0.212539672851563 0.0153045654296875
-0.0993270874023437 -0.0395965576171875 -0.319610595703125 0.05419921875
-0.0932235717773438 -0.0602874755859375 -0.365814208984375 -0.0901184082031251
-0.0422821044921875 -0.113746643066406 -0.299957275390625 -0.327789306640625
0.0548858642578125 -0.147857666015625 -0.106658935546875 -0.50958251953125
0.15264892578125 -0.0372314453125 0.211456298828125 -0.48236083984375
0.142318725585938 0.0648956298828125 0.249786376953125 -0.34478759765625
0.098052978515625 0.125473022460938 0.0816650390625 -0.305877685546875
-0.0667572021484375 0.0654182434082031 -0.0824432373046875 -0.147796630859375
-0.103797912597656 0.0930557250976563 -0.687744140625 -0.0994873046875001
0.106674194335938 0.207427978515625 -0.5982666015625 0.43621826171875
0.221969604492188 0.0487060546875 -0.143310546875 0.5865478515625
0.151412963867188 -0.146041870117188 0.151641845703125 0.305755615234375
-0.0366668701171875 -0.165390014648438 0.114250183105469 0.0386505126953125
-0.144912719726563 -0.0825347900390625 -0.0733184814453125 -0.0228271484375
-0.161270141601563 -0.085968017578125 -0.160018920898438 0.01739501953125
-0.194305419921875 -0.0547332763671875 -0.268310546875 0.056396484375
-0.171600341796875 -0.11651611328125 -0.32257080078125 -0.0576782226562501
-0.064483642578125 -0.219696044921875 -0.284942626953125 -0.28143310546875
0.12457275390625 -0.238311767578125 -0.1446533203125 -0.4783935546875
0.272445678710938 -0.008880615234375 0.176055908203125 -0.503204345703125
0.188507080078125 0.160308837890625 0.2880859375 -0.365386962890625
0.0720367431640625 0.209869384765625 0.0971221923828125 -0.251602172851563
-0.102462768554687 0.11273193359375 -0.0901641845703125 -0.10198974609375
-0.09716796875 0.171188354492188 -0.64703369140625 -0.0510253906249999
0.187850952148438 0.236618041992188 -0.553070068359375 0.41583251953125
0.280624389648438 0.0006561279296875 -0.15618896484375 0.55609130859375
0.14013671875 -0.222885131835938 0.128387451171875 0.325225830078125
-0.0957183837890625 -0.202316284179688 0.128532409667969 0.0940475463867187
-0.203018188476563 -0.08135986328125 -0.0120668411254883 0.00490474700927734
-0.219284057617187 -0.09442138671875 -0.0820770263671875 0.016357421875
-0.2562255859375 -0.0661773681640625 -0.187103271484375 0.0548553466796875
-0.209884643554687 -0.159683227539063 -0.257461547851563 -0.0235443115234376
-0.05352783203125 -0.28460693359375 -0.261642456054688 -0.228836059570313
0.191757202148438 -0.267578125 -0.17230224609375 -0.4501953125
0.32781982421875 0.04608154296875 0.166107177734375 -0.533447265625
0.177780151367188 0.226394653320313 0.362335205078125 -0.370269775390625
0.0301361083984375 0.242263793945313 0.1168212890625 -0.171005249023437
-0.122116088867188 0.163101196289063 -0.0956954956054688 -0.0271377563476562
-0.0561370849609375 0.247482299804687 -0.57403564453125 0.0239868164062499
0.273529052734375 0.228164672851562 -0.486785888671875 0.40045166015625
0.305694580078125 -0.07049560546875 -0.152313232421875 0.53997802734375
0.097625732421875 -0.281494140625 0.127685546875 0.35516357421875
-0.151458740234375 -0.209442138671875 0.171600341796875 0.144302368164063
-0.233108520507813 -0.0671081542968749 0.0705337524414062 0.0200347900390625
-0.244354248046875 -0.0902404785156249 0.00942707061767577 0.0113124847412109
-0.274261474609375 -0.0721435546875 -0.0926284790039063 0.0567092895507813
-0.199630737304687 -0.1783447265625 -0.188156127929687 0.014678955078125
-0.013153076171875 -0.288238525390625 -0.244735717773438 -0.176910400390625
0.231536865234375 -0.220321655273438 -0.18841552734375 -0.439727783203125
0.291717529296875 0.11627197265625 0.19158935546875 -0.57763671875
0.104690551757813 0.239944458007813 0.461151123046875 -0.3538818359375
-0.0201873779296875 0.216323852539063 0.130928039550781 -0.0790786743164063
-0.126754760742188 0.185302734375 -0.0924758911132813 0.0677337646484375
-0.00704956054687501 0.270248413085938 -0.48052978515625 0.1068115234375
0.306549072265625 0.17724609375 -0.41650390625 0.388427734375
0.273239135742188 -0.126449584960938 -0.131256103515625 0.539794921875
0.040802001953125 -0.289825439453125 0.152008056640625 0.389129638671875
-0.178421020507812 -0.182373046875 0.237045288085937 0.178054809570313
-0.225845336914063 -0.046722412109375 0.162994384765625 0.017242431640625
-0.231399536132813 -0.07464599609375 0.101089477539062 0.00320434570312499
-0.248245239257812 -0.0678863525390625 -0.00175857543945315 0.064849853515625
-0.15484619140625 -0.161239624023438 -0.133506774902344 0.050323486328125
0.0264892578125 -0.224807739257813 -0.246963500976563 -0.143768310546875
0.210723876953125 -0.120986938476563 -0.187042236328125 -0.457977294921875
0.173263549804687 0.150604248046875 0.26531982421875 -0.61749267578125
0.0069427490234375 0.183517456054688 0.56414794921875 -0.30364990234375
-0.0578155517578125 0.14111328125 0.130790710449219 0.00270843505859376
-0.118881225585938 0.15643310546875 -0.0785369873046876 0.163833618164063
0.0157928466796875 0.222763061523438 -0.37896728515625 0.180877685546875
0.259201049804688 0.112579345703125 -0.35015869140625 0.389068603515625
0.194229125976562 -0.131698608398438 -0.094482421875 0.549713134765625
-0.00352478027343752 -0.236160278320313 0.194061279296875 0.411346435546875
-0.161529541015625 -0.130752563476562 0.31024169921875 0.18438720703125
-0.17926025390625 -0.02587890625 0.248733520507813 -0.0033416748046875
-0.18408203125 -0.047607421875 0.178207397460938 -0.006561279296875
-0.18792724609375 -0.0483551025390625 0.0686187744140625 0.075408935546875
-0.102073669433594 -0.107719421386719 -0.104469299316406 0.0709609985351563
0.0287399291992188 -0.126686096191406 -0.260330200195313 -0.1495361328125
0.122116088867187 -0.0353469848632813 -0.15264892578125 -0.50537109375
0.0371170043945313 0.107894897460938 0.38140869140625 -0.63067626953125
-0.054168701171875 0.0767059326171875 0.64910888671875 -0.22296142578125
-0.0637054443359375 0.0497055053710938 0.119621276855469 0.0597076416015625
-0.110084533691406 0.0744552612304687 -0.060760498046875 0.23724365234375
-0.0113525390625 0.126029968261719 -0.29510498046875 0.240478515625
0.141311645507813 0.0699005126953125 -0.2889404296875 0.3978271484375
0.0980682373046875 -0.0764007568359375 -0.040679931640625 0.550567626953125
-0.0147018432617188 -0.132545471191406 0.238800048828125 0.412139892578125
-0.0966567993164063 -0.0672760009765625 0.36639404296875 0.1641845703125
-0.0968399047851563 -0.00813293457031249 0.3089599609375 -0.03289794921875
-0.107841491699219 -0.0153961181640625 0.228530883789062 -0.0164337158203125
-0.107620239257813 -0.0161972045898438 0.109161376953125 0.0780258178710938
-0.0615272521972656 -0.0347213745117188 -0.0912628173828125 0.065155029296875
-0.00989532470703126 -0.036529541015625 -0.259124755859375 -0.189834594726562
0.0100526809692383 -0.00873947143554688 -0.0810546875 -0.55169677734375
-0.0424461364746094 0.0125732421875 0.5098876953125 -0.59521484375
-0.0471305847167969 -0.0214118957519531 0.7005615234375 -0.129638671875
-0.0370941162109375 -0.0216560363769531 0.106231689453125 0.089569091796875
0.00930404663085937 0.0167369842529297 -0.10284423828125 -0.171890258789063
-0.0390625 0.03509521484375 -0.69720458984375 -0.0285644531249999
0.0492019653320313 0.099609375 -0.53179931640625 0.538177490234375
0.0930023193359375 0.0378494262695313 -0.00555419921874998 0.6224365234375
0.0795211791992188 -0.0265350341796875 0.242752075195313 0.252029418945313
0.0430793762207031 -0.0405426025390625 0.128273010253906 -0.05322265625
0.00973129272460938 -0.0438690185546875 -0.115562438964844 -0.06329345703125
0.0113716125488281 -0.0390853881835938 -0.219467163085938 0.0262603759765625
0.0113449096679687 -0.0238513946533203 -0.312835693359375 0.0653991699218751
0.00806570053100586 0.00262832641601563 -0.363739013671875 -0.0970458984374999
-0.000283241271972657 0.011347770690918 -0.30426025390625 -0.34149169921875
-0.0184917449951172 -0.0264816284179688 -0.083831787109375 -0.514892578125
-0.0013580322265625 -0.0472946166992187 0.23590087890625 -0.4652099609375
0.0626335144042969 -0.0452232360839844 0.24053955078125 -0.31378173828125
0.105499267578125 0.003204345703125 0.065948486328125 -0.304595947265625
-0.0240306854248047 0.0342311859130859 -0.095916748046875 -0.16046142578125
-0.075164794921875 0.0503616333007813 -0.69580078125 -0.0654296875
0.0665283203125 0.149215698242188 -0.572509765625 0.48583984375
0.152297973632813 0.0504150390625 -0.07733154296875 0.60760498046875
0.118309020996094 -0.080169677734375 0.199188232421875 0.27972412109375
0.00671386718750001 -0.101814270019531 0.117835998535156 -0.0110931396484375
-0.0696144104003906 -0.0602264404296875 -0.104209899902344 -0.04010009765625
-0.079681396484375 -0.0572433471679688 -0.201141357421875 0.031768798828125
-0.094573974609375 -0.0316162109375 -0.30035400390625 0.0760192871093749
-0.0886459350585937 -0.0499725341796875 -0.354583740234375 -0.063232421875
-0.0442352294921875 -0.104057312011719 -0.31005859375 -0.302490234375
0.044036865234375 -0.143020629882813 -0.132659912109375 -0.4886474609375
0.143310546875 -0.0411529541015625 0.18310546875 -0.479217529296875
0.139846801757813 0.0565261840820313 0.23455810546875 -0.344696044921875
0.0998382568359375 0.111846923828125 0.0709228515625 -0.29278564453125
-0.0588340759277344 0.0609970092773438 -0.0959930419921875 -0.138420104980469
-0.0941696166992187 0.0869140625 -0.6806640625 -0.0623779296874999
0.10955810546875 0.186676025390625 -0.568603515625 0.45074462890625
0.210281372070313 0.0355377197265625 -0.1143798828125 0.57965087890625
0.133255004882813 -0.144287109375 0.161102294921875 0.296295166015625
-0.0419158935546875 -0.15179443359375 0.114532470703125 0.0373153686523437
-0.140060424804687 -0.0663833618164063 -0.0693740844726563 -0.0135269165039063
-0.158523559570313 -0.0696258544921875 -0.151641845703125 0.029815673828125
-0.185638427734375 -0.0383453369140625 -0.252090454101563 0.0747833251953125
-0.166580200195313 -0.0975341796875 -0.31195068359375 -0.034942626953125
-0.072174072265625 -0.203399658203125 -0.294769287109375 -0.259521484375
0.105010986328125 -0.233551025390625 -0.168609619140625 -0.456634521484375
0.259078979492188 -0.0221405029296875 0.148590087890625 -0.49896240234375
0.188934326171875 0.145065307617188 0.268310546875 -0.367828369140625
0.0794677734375 0.192459106445313 0.0879364013671875 -0.241973876953125
-0.0906448364257812 0.108123779296875 -0.0992813110351563 -0.0965423583984375
-0.0838165283203125 0.160980224609375 -0.6383056640625 -0.0179443359374999
0.188385009765625 0.20867919921875 -0.525634765625 0.43017578125
0.26324462890625 -0.0138702392578125 -0.12603759765625 0.55181884765625
0.117477416992187 -0.216644287109375 0.140533447265625 0.313812255859375
-0.101455688476562 -0.18267822265625 0.131263732910156 0.0874862670898438
-0.194793701171875 -0.060699462890625 -0.010345458984375 0.00844001770019531
-0.214370727539062 -0.0726165771484375 -0.0789260864257813 0.022491455078125
-0.244796752929688 -0.0442047119140625 -0.17633056640625 0.067840576171875
-0.20513916015625 -0.135452270507813 -0.247726440429688 -0.00747680664062506
-0.0666351318359375 -0.265426635742188 -0.26837158203125 -0.211044311523438
0.1658935546875 -0.264495849609375 -0.19122314453125 -0.42852783203125
0.313232421875 0.02703857421875 0.139434814453125 -0.52911376953125
0.182525634765625 0.20623779296875 0.33892822265625 -0.37750244140625
0.0414581298828125 0.224411010742188 0.110076904296875 -0.166046142578125
-0.10784912109375 0.158843994140625 -0.100044250488281 -0.0260467529296875
-0.0414276123046875 0.233047485351563 -0.56414794921875 0.04962158203125
0.269210815429688 0.195663452148438 -0.46209716796875 0.413238525390625
0.2838134765625 -0.0833740234375 -0.1236572265625 0.53607177734375
0.073150634765625 -0.271072387695313 0.142608642578125 0.34075927734375
-0.1558837890625 -0.185943603515625 0.175460815429688 0.131484985351563
-0.222915649414063 -0.0452117919921875 0.0680923461914062 0.0162467956542969
-0.238433837890625 -0.0667266845703125 0.0070209503173828 0.0105552673339844
-0.26312255859375 -0.04742431640625 -0.0871429443359375 0.0617904663085938
-0.197845458984375 -0.153076171875 -0.179290771484375 0.0234985351562499
-0.0285186767578125 -0.270034790039063 -0.249526977539062 -0.1639404296875
0.20465087890625 -0.221115112304688 -0.20648193359375 -0.417938232421875
0.28216552734375 0.094146728515625 0.16107177734375 -0.57147216796875
0.114410400390625 0.2213134765625 0.43511962890625 -0.367279052734375
-0.0067291259765625 0.201217651367188 0.127471923828125 -0.079437255859375
-0.110336303710938 0.18170166015625 -0.0924758911132813 0.0642929077148438
0.0067291259765625 0.254257202148438 -0.468963623046875 0.12384033203125
0.300750732421875 0.14617919921875 -0.393218994140625 0.40032958984375
0.251846313476563 -0.135696411132813 -0.10296630859375 0.5347900390625
0.0184326171875 -0.27728271484375 0.168975830078125 0.36981201171875
-0.181289672851562 -0.160079956054688 0.241165161132813 0.158111572265625
-0.215728759765625 -0.02752685546875 0.155776977539063 0.00665283203125
-0.226348876953125 -0.0522918701171875 0.092864990234375 -0.0052490234375
-0.238922119140625 -0.044158935546875 -0.000869750976562515 0.0617752075195313
-0.155166625976562 -0.139144897460938 -0.126266479492188 0.0519256591796875
0.0111541748046875 -0.21160888671875 -0.249359130859375 -0.133636474609375
0.189407348632813 -0.1260986328125 -0.20318603515625 -0.437744140625
0.170257568359375 0.132125854492188 0.23199462890625 -0.61370849609375
0.0179290771484375 0.169601440429688 0.53521728515625 -0.323638916015625
-0.0455856323242187 0.13079833984375 0.131988525390625 -0.00167846679687499
-0.10467529296875 0.154708862304688 -0.074432373046875 0.15582275390625
0.0268402099609375 0.209091186523437 -0.36663818359375 0.191986083984375
0.252975463867188 0.0875091552734375 -0.328033447265625 0.397125244140625
0.176681518554688 -0.137130737304688 -0.064178466796875 0.5406494140625
-0.0205841064453125 -0.224395751953125 0.2120361328125 0.388946533203125
-0.16259765625 -0.1134033203125 0.3106689453125 0.1588134765625
-0.171234130859375 -0.01068115234375 0.236007690429688 -0.0191650390625
-0.180267333984375 -0.0300750732421875 0.166061401367188 -0.0204315185546875
-0.18121337890625 -0.0294647216796875 0.0663299560546875 0.0649681091308594
-0.103034973144531 -0.09185791015625 -0.0974655151367188 0.0678558349609375
0.0184555053710937 -0.11883544921875 -0.261123657226562 -0.139434814453125
0.109817504882813 -0.040191650390625 -0.17108154296875 -0.48541259765625
0.0387115478515625 0.0980453491210938 0.34375 -0.62933349609375
-0.0444183349609375 0.07122802734375 0.6212158203125 -0.2513427734375
-0.0556144714355469 0.0450439453125 0.124725341796875 0.052581787109375
-0.100982666015625 0.0778274536132813 -0.053741455078125 0.225677490234375
-0.00482177734374999 0.118766784667969 -0.28216552734375 0.244293212890625
0.138641357421875 0.054168701171875 -0.2655029296875 0.40252685546875
0.0883102416992188 -0.0790786743164063 -0.010528564453125 0.539794921875
-0.02459716796875 -0.125274658203125 0.254302978515625 0.3863525390625
-0.0977401733398438 -0.0577850341796875 0.3638916015625 0.136505126953125
-0.0936203002929688 -0.000190734863281261 0.290679931640625 -0.052154541015625
-0.106117248535156 -0.00556945800781248 0.213516235351562 -0.0339202880859375
-0.104087829589844 -0.00553131103515623 0.105995178222656 0.0634078979492188
-0.0597953796386719 -0.0262374877929688 -0.0848617553710938 0.059051513671875
-0.0130939483642578 -0.0326442718505859 -0.260086059570312 -0.179611206054687
0.00571727752685547 -0.00955963134765625 -0.1011962890625 -0.533782958984375
-0.0407142639160156 0.0116386413574219 0.4693603515625 -0.60162353515625
-0.0425033569335938 -0.0215644836425781 0.677734375 -0.162841796875
-0.0347557067871094 -0.0226249694824219 0.114891052246094 0.0815887451171875
0.00790977478027344 0.0165987014770508 -0.114242553710937 -0.161239624023438
-0.0381965637207031 0.0362205505371094 -0.68719482421875 -0.00555419921875009
0.05029296875 0.0956954956054688 -0.5140380859375 0.5401611328125
0.0909423828125 0.0351181030273438 0.00524902343749999 0.61126708984375
0.0768051147460938 -0.0275955200195312 0.243728637695313 0.247390747070313
0.0431632995605469 -0.0421905517578125 0.125679016113281 -0.04779052734375
0.00891876220703124 -0.0429229736328125 -0.111213684082031 -0.0515670776367187
0.01019287109375 -0.0396652221679688 -0.206832885742187 0.0368499755859375
0.0109672546386719 -0.0256690979003906 -0.295166015625 0.07940673828125
0.0113954544067383 0.00231838226318359 -0.3531494140625 -0.079010009765625
0.00343227386474609 0.0127477645874023 -0.310455322265625 -0.323272705078125
-0.0182151794433594 -0.0233135223388672 -0.1007080078125 -0.501068115234375
-0.0033721923828125 -0.0421295166015625 0.2198486328125 -0.462310791015625
0.05877685546875 -0.0433311462402344 0.23406982421875 -0.31231689453125
0.100288391113281 -0.0016326904296875 0.06280517578125 -0.293243408203125
-0.0222644805908203 0.0314197540283203 -0.107330322265625 -0.151016235351563
-0.0711517333984375 0.0476608276367187 -0.6885986328125 -0.0437011718749999
0.066253662109375 0.138671875 -0.556182861328125 0.49005126953125
0.145828247070313 0.0457763671875 -0.0638427734375 0.6004638671875
0.110145568847656 -0.0791854858398438 0.201385498046875 0.275726318359375
0.00563049316406249 -0.0964889526367188 0.11663818359375 -0.00739288330078126
-0.0664634704589844 -0.0528678894042969 -0.100326538085938 -0.0298080444335938
-0.078094482421875 -0.0506668090820313 -0.190582275390625 0.0420379638671875
-0.0900650024414062 -0.0266876220703125 -0.2843017578125 0.0899047851562501
-0.0829010009765625 -0.0431671142578125 -0.3436279296875 -0.047088623046875
-0.0440826416015625 -0.0967636108398438 -0.315155029296875 -0.286376953125
0.0368728637695312 -0.137687683105469 -0.1478271484375 -0.47235107421875
0.1363525390625 -0.041534423828125 0.16741943359375 -0.475494384765625
0.137191772460938 0.052154541015625 0.2265625 -0.341644287109375
0.0986175537109375 0.102500915527344 0.06756591796875 -0.28277587890625
-0.0536460876464844 0.0568656921386719 -0.104995727539063 -0.13232421875
-0.0885162353515625 0.0812530517578125 -0.67327880859375 -0.0426635742187499
0.107223510742188 0.171157836914063 -0.553131103515625 0.457275390625
0.199539184570313 0.028656005859375 -0.10333251953125 0.5748291015625
0.120399475097656 -0.139640808105469 0.16619873046875 0.291168212890625
-0.043670654296875 -0.140701293945313 0.114662170410156 0.0382614135742188
-0.133651733398438 -0.0553741455078125 -0.0663108825683594 -0.00584030151367186
-0.154830932617188 -0.0578765869140625 -0.144729614257813 0.038360595703125
-0.177520751953125 -0.027801513671875 -0.239364624023438 0.087371826171875
-0.159225463867188 -0.0843505859375 -0.301055908203125 -0.0222778320312499
-0.07562255859375 -0.190078735351563 -0.299468994140625 -0.245147705078125
0.0916595458984375 -0.226882934570313 -0.180755615234375 -0.440399169921875
0.248336791992188 -0.02789306640625 0.134185791015625 -0.4942626953125
0.188018798828125 0.134307861328125 0.260406494140625 -0.367340087890625
0.0818023681640625 0.179916381835938 0.0853118896484375 -0.233749389648438
-0.0823211669921875 0.103103637695313 -0.106124877929688 -0.0934219360351562
-0.0773773193359375 0.151077270507813 -0.6304931640625 -0.000915527343749864
0.183441162109375 0.188461303710938 -0.511566162109375 0.43524169921875
0.24884033203125 -0.0209197998046875 -0.113800048828125 0.54925537109375
0.102005004882812 -0.208755493164063 0.14697265625 0.30670166015625
-0.103073120117188 -0.167266845703125 0.132881164550781 0.0841064453125
-0.185440063476563 -0.04638671875 -0.00891780853271486 0.0113840103149414
-0.208587646484375 -0.056915283203125 -0.0764694213867188 0.0276870727539062
-0.234298706054688 -0.0290069580078125 -0.167694091796875 0.075927734375
-0.197845458984375 -0.117996215820312 -0.23858642578125 0.00169372558593746
-0.072723388671875 -0.248916625976563 -0.27276611328125 -0.200119018554688
0.148056030273438 -0.258697509765625 -0.201904296875 -0.4122314453125
0.30157470703125 0.016326904296875 0.125 -0.522216796875
0.183746337890625 0.192428588867188 0.32562255859375 -0.37957763671875
0.0463104248046875 0.210662841796875 0.107833862304688 -0.160400390625
-0.09686279296875 0.153488159179688 -0.103645324707031 -0.026885986328125
-0.0339508056640625 0.219757080078125 -0.55804443359375 0.0620117187499999
0.2618408203125 0.173538208007812 -0.449737548828125 0.4185791015625
0.267425537109375 -0.088531494140625 -0.108062744140625 0.5321044921875
0.056976318359375 -0.259979248046875 0.151123046875 0.330810546875
-0.1563720703125 -0.16876220703125 0.177764892578125 0.123260498046875
-0.212203979492188 -0.031280517578125 0.0666885375976562 0.0147895812988281
-0.2314453125 -0.0489349365234375 0.00472259521484374 0.0106840133666992
-0.252120971679688 -0.0302581787109376 -0.0827865600585938 0.0659255981445313
-0.191680908203125 -0.134567260742188 -0.172744750976563 0.027252197265625
-0.03692626953125 -0.2540283203125 -0.252456665039063 -0.156158447265625
0.18646240234375 -0.218673706054688 -0.214569091796875 -0.4034423828125
0.2728271484375 0.080322265625 0.1468505859375 -0.5653076171875
0.118377685546875 0.20587158203125 0.419158935546875 -0.3731689453125
-0.000198364257812484 0.188400268554688 0.127296447753906 -0.07763671875
-0.0986480712890625 0.1773681640625 -0.0936965942382813 0.059539794921875
0.013946533203125 0.240798950195313 -0.4622802734375 0.132781982421875
0.2919921875 0.125244140625 -0.381927490234375 0.405029296875
0.235809326171875 -0.138946533203125 -0.08575439453125 0.528533935546875
0.0038909912109375 -0.265182495117188 0.17852783203125 0.35723876953125
-0.180435180664063 -0.144256591796875 0.24188232421875 0.14453125
-0.205276489257812 -0.01422119140625 0.149337768554688 0.000167846679687499
-0.219711303710938 -0.03533935546875 0.0858154296875 -0.00910186767578125
-0.228729248046875 -0.027740478515625 -0.000820159912109382 0.0602302551269531
-0.150924682617188 -0.1226806640625 -0.121406555175781 0.05072021484375
0.00236511230468751 -0.199478149414063 -0.250518798828125 -0.128555297851562
0.172943115234375 -0.126251220703125 -0.210479736328125 -0.424224853515625
0.165390014648438 0.118911743164062 0.21466064453125 -0.60687255859375
0.0245208740234375 0.157684326171875 0.518768310546875 -0.33477783203125
-0.0384979248046875 0.120994567871094 0.13360595703125 -0.00273132324218749
-0.094085693359375 0.153030395507813 -0.074127197265625 0.14788818359375
0.0315704345703125 0.197860717773438 -0.361083984375 0.1953125
0.24517822265625 0.0713348388671875 -0.31561279296875 0.401580810546875
0.163803100585938 -0.13812255859375 -0.044677734375 0.533172607421875
-0.0314483642578125 -0.213729858398437 0.221435546875 0.3734130859375
-0.1614990234375 -0.10125732421875 0.309661865234375 0.14215087890625
-0.163497924804688 -0.00108337402343753 0.225051879882813 -0.0283203125
-0.17529296875 -0.01690673828125 0.15533447265625 -0.0292205810546875
-0.17449951171875 -0.0167694091796875 0.0635604858398437 0.058502197265625
-0.100120544433594 -0.0801467895507813 -0.0932159423828125 0.06256103515625
0.0117645263671875 -0.110763549804688 -0.260604858398438 -0.136184692382812
0.0994949340820312 -0.041961669921875 -0.178314208984375 -0.472259521484375
0.0385208129882813 0.0897674560546875 0.32208251953125 -0.6256103515625
-0.0381698608398438 0.063751220703125 0.604736328125 -0.26531982421875
-0.0499038696289062 0.0396308898925781 0.128921508789062 0.0492019653320313
-0.09234619140625 0.0796585083007813 -0.051849365234375 0.215103149414063
-0.000717163085937512 0.112220764160156 -0.276718139648438 0.244430541992187
0.134536743164063 0.0435333251953125 -0.253875732421875 0.405517578125
0.08111572265625 -0.0796356201171875 0.00607299804687499 0.528900146484375
-0.0311279296875 -0.118927001953125 0.263671875 0.36895751953125
-0.0973663330078125 -0.0518112182617188 0.359344482421875 0.118377685546875
-0.0895309448242188 0.00534057617187501 0.276748657226563 -0.063629150390625
-0.103424072265625 0.00227355957031249 0.200469970703125 -0.0448455810546875
-0.100395202636719 0.00243377685546874 0.101760864257812 0.0531692504882812
-0.0575981140136719 -0.0206413269042969 -0.0817031860351562 0.0525360107421875
-0.0148906707763672 -0.028533935546875 -0.259979248046875 -0.17523193359375
0.00171470642089844 -0.00963115692138672 -0.110076904296875 -0.52197265625
-0.0389213562011719 0.0100936889648437 0.44732666015625 -0.59844970703125
-0.0382308959960938 -0.023162841796875 0.6611328125 -0.1805419921875
-0.0325431823730469 -0.0234889984130859 0.121284484863281 0.07757568359375
0.0067138671875 0.0167388916015625 -0.126419067382813 -0.154830932617188
-0.0375556945800781 0.0376396179199219 -0.691650390625 0.00793457031249993
0.0518341064453125 0.0941314697265625 -0.51092529296875 0.5478515625
0.0900192260742188 0.0345993041992188 0.0111083984375 0.61492919921875
0.07623291015625 -0.028106689453125 0.248001098632813 0.250152587890625
0.0437583923339844 -0.0439567565917969 0.126495361328125 -0.04254150390625
0.00917816162109375 -0.0428428649902344 -0.108352661132812 -0.0421142578125
0.00908279418945313 -0.0397148132324219 -0.200180053710938 0.046234130859375
0.0110301971435547 -0.0273876190185547 -0.284332275390625 0.091156005859375
0.0152835845947266 0.00188732147216797 -0.348419189453125 -0.066741943359375
0.00663948059082031 0.0125894546508789 -0.3189697265625 -0.31512451171875
-0.0186443328857422 -0.0198154449462891 -0.113800048828125 -0.496551513671875
-0.00328445434570312 -0.0377578735351562 0.21240234375 -0.466156005859375
0.0568504333496094 -0.0422782897949219 0.235015869140625 -0.313995361328125
0.0972824096679688 -0.004486083984375 0.063629150390625 -0.288818359375
-0.0198917388916016 0.0299530029296875 -0.118408203125 -0.146514892578125
-0.0692481994628906 0.0453643798828125 -0.69403076171875 -0.02947998046875
0.0662002563476563 0.132369995117188 -0.553436279296875 0.4991455078125
0.141525268554688 0.042999267578125 -0.0584716796875 0.6038818359375
0.105354309082031 -0.0774765014648438 0.206756591796875 0.277969360351563
0.00595855712890625 -0.0934295654296875 0.117805480957031 -0.00257110595703126
-0.0634422302246094 -0.0490074157714844 -0.0967178344726563 -0.0208816528320313
-0.0775985717773438 -0.045928955078125 -0.184829711914062 0.051055908203125
-0.08740234375 -0.0232162475585938 -0.273956298828125 0.101730346679688
-0.0784912109375 -0.0386505126953125 -0.338104248046875 -0.035736083984375
-0.0438079833984375 -0.0923995971679687 -0.32403564453125 -0.278167724609375
0.0327606201171875 -0.13421630859375 -0.15899658203125 -0.46795654296875
0.13372802734375 -0.0412216186523438 0.1600341796875 -0.479278564453125
0.136604309082031 0.0492630004882813 0.225677490234375 -0.3453369140625
0.0972442626953125 0.096893310546875 0.0685577392578125 -0.278656005859375
-0.04901123046875 0.0534210205078125 -0.114448547363281 -0.129615783691406
-0.0860824584960938 0.075775146484375 -0.6785888671875 -0.0277099609374999
0.105545043945313 0.160385131835938 -0.5538330078125 0.466461181640625
0.192062377929687 0.024200439453125 -0.09661865234375 0.57867431640625
0.111862182617188 -0.136306762695313 0.17156982421875 0.2930908203125
-0.044219970703125 -0.133445739746094 0.117324829101563 0.0410385131835938
-0.128349304199219 -0.0475692749023438 -0.0633354187011719 0.000938415527343739
-0.152786254882813 -0.048309326171875 -0.141708374023437 0.0451507568359375
-0.172653198242188 -0.01953125 -0.230621337890625 0.097137451171875
-0.15423583984375 -0.07623291015625 -0.296905517578125 -0.012298583984375
-0.0780181884765625 -0.18206787109375 -0.307769775390625 -0.23797607421875
0.0830078125 -0.223724365234375 -0.191375732421875 -0.433135986328125
0.2437744140625 -0.0325164794921875 0.127532958984375 -0.496978759765625
0.188522338867188 0.128097534179688 0.25762939453125 -0.37164306640625
0.0830535888671875 0.17254638671875 0.0867462158203125 -0.230621337890625
-0.07470703125 0.0987701416015625 -0.113578796386719 -0.0934295654296875
-0.074127197265625 0.143325805664063 -0.63592529296875 0.01007080078125
0.179595947265625 0.175704956054688 -0.51226806640625 0.44549560546875
0.239120483398438 -0.02630615234375 -0.1058349609375 0.553802490234375
0.0906524658203125 -0.203125 0.15478515625 0.30712890625
-0.104263305664063 -0.156661987304688 0.136878967285156 0.0832748413085938
-0.178421020507813 -0.03662109375 -0.00797653198242189 0.0152549743652344
-0.204849243164063 -0.044647216796875 -0.0755996704101563 0.0315322875976562
-0.227752685546875 -0.0182037353515625 -0.161346435546875 0.0838165283203125
-0.19287109375 -0.107177734375 -0.234786987304688 0.0078887939453125
-0.0775146484375 -0.239120483398437 -0.28045654296875 -0.19488525390625
0.136856079101563 -0.25579833984375 -0.21173095703125 -0.40631103515625
0.295989990234375 0.009246826171875 0.119415283203125 -0.525543212890625
0.185775756835938 0.182281494140625 0.32232666015625 -0.3853759765625
0.0497894287109375 0.202545166015625 0.109878540039062 -0.157699584960938
-0.088287353515625 0.149795532226563 -0.108955383300781 -0.0291061401367187
-0.029937744140625 0.211456298828125 -0.5625 0.07080078125
0.25701904296875 0.159652709960937 -0.448760986328125 0.43084716796875
0.257415771484375 -0.0933380126953125 -0.098663330078125 0.538543701171875
0.044830322265625 -0.253158569335938 0.1607666015625 0.328857421875
-0.157394409179688 -0.156829833984375 0.18267822265625 0.118438720703125
-0.204833984375 -0.0209503173828125 0.0658683776855468 0.0140724182128906
-0.227920532226563 -0.0356597900390625 0.00230693817138671 0.0118389129638672
-0.244369506835938 -0.017181396484375 -0.0793533325195313 0.0698776245117187
-0.18719482421875 -0.122543334960938 -0.169769287109375 0.029998779296875
-0.0432891845703125 -0.244583129882813 -0.25970458984375 -0.153228759765625
0.174087524414062 -0.216262817382813 -0.2222900390625 -0.39739990234375
0.26763916015625 0.07183837890625 0.13970947265625 -0.568603515625
0.121444702148438 0.19500732421875 0.413909912109375 -0.381805419921875
0.00450134277343749 0.18084716796875 0.130317687988281 -0.0763473510742187
-0.0887908935546875 0.174423217773438 -0.097320556640625 0.0557403564453125
0.0179595947265625 0.232498168945313 -0.466033935546875 0.139984130859375
0.28668212890625 0.111236572265625 -0.3812255859375 0.41510009765625
0.226654052734375 -0.142913818359375 -0.0741882324218749 0.533111572265625
-0.00701904296874999 -0.257568359375 0.188385009765625 0.352813720703125
-0.181686401367188 -0.133865356445313 0.246261596679688 0.135360717773438
-0.198989868164063 -0.00575256347656247 0.146148681640625 -0.003997802734375
-0.2164306640625 -0.0225067138671875 0.0802764892578125 -0.0122756958007813
-0.222930908203125 -0.0143585205078125 -0.000137329101562518 0.0600090026855469
-0.14801025390625 -0.111434936523437 -0.119674682617188 0.0495071411132813
-0.003997802734375 -0.191925048828125 -0.25579833984375 -0.127639770507812
0.162124633789063 -0.1259765625 -0.217926025390625 -0.41986083984375
0.16265869140625 0.11053466796875 0.20709228515625 -0.6114501953125
0.0288848876953125 0.148117065429688 0.5128173828125 -0.3465576171875
-0.0334014892578125 0.114982604980469 0.138626098632813 -0.00266265869140624
-0.0848846435546875 0.152664184570313 -0.07635498046875 0.142715454101563
0.035400390625 0.191131591796875 -0.363922119140625 0.200958251953125
0.241165161132813 0.0601348876953125 -0.312591552734375 0.410186767578125
0.1571044921875 -0.141128540039063 -0.035247802734375 0.535064697265625
-0.040557861328125 -0.207412719726563 0.23223876953125 0.36639404296875
-0.162460327148438 -0.0930023193359375 0.312713623046875 0.13043212890625
-0.158233642578125 0.00613403320312501 0.218994140625 -0.0363006591796875
-0.17242431640625 -0.00601196289062499 0.147476196289063 -0.03485107421875
-0.1700439453125 -0.00605773925781251 0.062164306640625 0.0538253784179688
-0.0976028442382813 -0.0715179443359375 -0.0917587280273438 0.058013916015625
0.00775909423828126 -0.105674743652344 -0.264694213867187 -0.135894775390625
0.0919342041015625 -0.0425567626953125 -0.18402099609375 -0.470062255859375
0.0382919311523438 0.083526611328125 0.3162841796875 -0.63177490234375
-0.0336074829101563 0.0566291809082031 0.60015869140625 -0.27801513671875
-0.0460357666015625 0.0354957580566406 0.135726928710938 0.0487899780273438
-0.0856704711914063 0.081085205078125 -0.0532073974609375 0.209381103515625
0.000808715820312491 0.108222961425781 -0.278976440429688 0.247573852539062
0.132255554199219 0.0366058349609375 -0.24951171875 0.412567138671875
0.0771026611328125 -0.0809249877929688 0.017486572265625 0.53070068359375
-0.0367355346679688 -0.115264892578125 0.27459716796875 0.361175537109375
-0.0990142822265625 -0.0474472045898438 0.3614501953125 0.105316162109375
-0.0875473022460938 0.00901031494140623 0.26812744140625 -0.073089599609375
-0.101875305175781 0.00923919677734377 0.191909790039063 -0.0539398193359375
-0.0980453491210937 0.00882720947265626 0.0992584228515625 0.0452346801757813
-0.0557594299316406 -0.0163383483886719 -0.0808486938476563 0.045623779296875
-0.016326904296875 -0.0254802703857422 -0.263931274414063 -0.176040649414063
-0.00174617767333984 -0.0089569091796875 -0.11572265625 -0.52264404296875
-0.0382347106933594 0.00798034667968751 0.44036865234375 -0.60638427734375
-0.0353050231933594 -0.0272903442382813 0.65625 -0.19281005859375
-0.0307331085205078 -0.0250339508056641 0.130264282226563 0.0760574340820313
0.00709915161132813 0.0176563262939453 -0.141693115234375 -0.149795532226563
-0.0369453430175781 0.0396804809570313 -0.7061767578125 0.031494140625
0.0554656982421875 0.0929641723632813 -0.50982666015625 0.57281494140625
0.09161376953125 0.0332565307617188 0.02471923828125 0.6278076171875
0.0765609741210938 -0.0298538208007813 0.260360717773438 0.252471923828125
0.0446662902832031 -0.0470046997070313 0.129501342773437 -0.0389556884765625
0.00928115844726562 -0.0444107055664063 -0.106185913085938 -0.0315628051757813
0.00763320922851562 -0.0409317016601562 -0.19598388671875 0.058685302734375
0.0102252960205078 -0.0292243957519531 -0.276657104492188 0.106109619140625
0.0184364318847656 0.00115013122558594 -0.349761962890625 -0.05303955078125
0.0105018615722656 0.0132513046264648 -0.337677001953125 -0.30670166015625
-0.0189361572265625 -0.0167484283447266 -0.134735107421875 -0.498443603515625
-0.00328636169433594 -0.0344161987304688 0.201873779296875 -0.4803466796875
0.0553474426269531 -0.0429306030273438 0.2352294921875 -0.32501220703125
0.0958175659179688 -0.00794219970703125 0.062835693359375 -0.29180908203125
-0.0177135467529297 0.0283889770507813 -0.1319580078125 -0.14215087890625
-0.0680656433105469 0.0442466735839844 -0.70989990234375 -0.00585937499999986
0.0686569213867188 0.128005981445313 -0.555877685546875 0.524932861328125
0.140373229980469 0.0394515991210937 -0.0472412109375 0.61767578125
0.101966857910156 -0.0780792236328125 0.21917724609375 0.281646728515625
0.00506591796875001 -0.0930633544921875 0.122734069824219 0.000907897949218744
-0.0620651245117188 -0.0453987121582031 -0.0947036743164063 -0.01055908203125
-0.0785293579101563 -0.0413589477539063 -0.180679321289063 0.0627593994140625
-0.0869598388671875 -0.0197982788085938 -0.266464233398438 0.117294311523438
-0.0761642456054688 -0.034912109375 -0.339111328125 -0.0218505859375
-0.0443115234375 -0.0888900756835937 -0.3411865234375 -0.270050048828125
0.0272293090820313 -0.133430480957031 -0.179168701171875 -0.466064453125
0.133003234863281 -0.0439529418945313 0.150726318359375 -0.49249267578125
0.138786315917969 0.0451812744140625 0.22540283203125 -0.35736083984375
0.099517822265625 0.093017578125 0.067047119140625 -0.281143188476563
-0.04388427734375 0.0505409240722656 -0.127059936523438 -0.127792358398438
-0.0843963623046875 0.0726089477539063 -0.695556640625 -0.00787353515625001
0.106613159179687 0.151565551757813 -0.5555419921875 0.49041748046875
0.188369750976563 0.0184326171875 -0.08392333984375 0.59521484375
0.104026794433594 -0.135482788085938 0.184112548828125 0.2965087890625
-0.046966552734375 -0.128494262695313 0.123512268066406 0.04278564453125
-0.12603759765625 -0.03973388671875 -0.0610733032226563 0.00865554809570313
-0.15301513671875 -0.0381927490234375 -0.138679504394531 0.0551605224609375
-0.170562744140625 -0.0112762451171875 -0.224090576171875 0.11175537109375
-0.152587890625 -0.0680694580078125 -0.29718017578125 -0.00149536132812494
-0.08270263671875 -0.1771240234375 -0.32391357421875 -0.2293701171875
0.0743255615234375 -0.225143432617187 -0.2099609375 -0.43212890625
0.242279052734375 -0.039520263671875 0.118804931640625 -0.510009765625
0.194091796875 0.120941162109375 0.2542724609375 -0.38616943359375
0.0880126953125 0.16900634765625 0.085845947265625 -0.232666015625
-0.068084716796875 0.09619140625 -0.123710632324219 -0.0937652587890625
-0.0707931518554688 0.139755249023438 -0.65179443359375 0.0279541015625
0.180999755859375 0.164276123046875 -0.514129638671875 0.471343994140625
0.233871459960938 -0.033355712890625 -0.0930175781249999 0.57177734375
0.079345703125 -0.200912475585938 0.169189453125 0.30987548828125
-0.107879638671875 -0.148468017578125 0.144424438476563 0.0815582275390625
-0.175460815429687 -0.0270538330078125 -0.0061626434326172 0.0191211700439453
-0.2047119140625 -0.031463623046875 -0.074981689453125 0.0385208129882813
-0.224853515625 -0.00508117675781246 -0.156341552734375 0.094390869140625
-0.192169189453125 -0.09716796875 -0.234725952148438 0.015838623046875
-0.0853729248046875 -0.233261108398438 -0.295928955078125 -0.18817138671875
0.1260986328125 -0.258346557617187 -0.227508544921875 -0.403778076171875
0.2952880859375 -0.000823974609375 0.108489990234375 -0.54022216796875
0.19244384765625 0.173904418945312 0.31884765625 -0.40240478515625
0.0564422607421875 0.198501586914063 0.111984252929688 -0.159622192382813
-0.0794677734375 0.1478271484375 -0.117424011230469 -0.030609130859375
-0.025665283203125 0.207839965820313 -0.57635498046875 0.0879516601562501
0.258453369140625 0.14617919921875 -0.449920654296875 0.452880859375
0.250396728515625 -0.102310180664063 -0.084228515625 0.554107666015625
0.0312347412109375 -0.249420166015625 0.176483154296875 0.329315185546875
-0.162033081054688 -0.147003173828125 0.191299438476563 0.112396240234375
-0.201461791992187 -0.00994873046874998 0.0663948059082031 0.0135650634765625
-0.22686767578125 -0.020721435546875 0.000866889953613266 0.013545036315918
-0.241729736328125 -0.00292968750000004 -0.0762100219726563 0.0750656127929688
-0.1875 -0.111373901367187 -0.16961669921875 0.03411865234375
-0.052093505859375 -0.238037109375 -0.27313232421875 -0.148300170898438
0.163040161132813 -0.219390869140625 -0.2364501953125 -0.39630126953125
0.267913818359375 0.0613555908203125 0.12908935546875 -0.583251953125
0.128738403320313 0.186569213867188 0.410003662109375 -0.40142822265625
0.011444091796875 0.17669677734375 0.135421752929688 -0.0779266357421875
-0.0791015625 0.174346923828125 -0.103240966796875 0.054046630859375
0.024627685546875 0.228408813476562 -0.47515869140625 0.15625
0.287933349609375 0.097869873046875 -0.379119873046875 0.438018798828125
0.219696044921875 -0.150741577148438 -0.05963134765625 0.546783447265625
-0.0207366943359375 -0.253860473632813 0.2064208984375 0.350860595703125
-0.186538696289063 -0.123336791992188 0.255340576171875 0.12567138671875
-0.19622802734375 0.005096435546875 0.144546508789063 -0.0097198486328125
-0.215408325195313 -0.00775146484374995 0.0770416259765625 -0.0150070190429688
-0.219161987304688 -0.000289916992187484 0.00147247314453124 0.0600013732910156
-0.14813232421875 -0.101715087890625 -0.119308471679688 0.0500717163085937
-0.0115203857421875 -0.186798095703125 -0.267822265625 -0.124923706054688
0.153488159179688 -0.128433227539063 -0.23138427734375 -0.42022705078125
0.163543701171875 0.101425170898438 0.19610595703125 -0.6280517578125
0.0342636108398437 0.13958740234375 0.510650634765625 -0.3680419921875
-0.0270538330078125 0.111930847167969 0.14581298828125 -0.00411987304687499
-0.0750579833984375 0.15325927734375 -0.0796966552734375 0.141403198242188
0.040740966796875 0.187271118164062 -0.370697021484375 0.21453857421875
0.241897583007813 0.048126220703125 -0.30853271484375 0.429931640625
0.150054931640625 -0.147598266601563 -0.017974853515625 0.547119140625
-0.0512542724609375 -0.2034912109375 0.2508544921875 0.36199951171875
-0.1663818359375 -0.084625244140625 0.32220458984375 0.116973876953125
-0.156646728515625 0.0140838623046875 0.216278076171875 -0.04656982421875
-0.171859741210938 0.00544738769531251 0.142532348632813 -0.0429840087890625
-0.167526245117188 0.0059356689453125 0.0627403259277344 0.048980712890625
-0.0981063842773438 -0.06475830078125 -0.092315673828125 0.0554275512695312
0.00260162353515624 -0.10186767578125 -0.276382446289063 -0.135360717773438
0.0856475830078125 -0.0437774658203125 -0.199005126953125 -0.474090576171875
0.0386810302734375 0.0774612426757813 0.30645751953125 -0.65020751953125
-0.0308151245117187 0.0497932434082031 0.60076904296875 -0.30230712890625
-0.0416793823242187 0.0334358215332031 0.146133422851563 0.0469818115234375
-0.0788803100585938 0.0833053588867188 -0.0536651611328125 0.20855712890625
0.00418853759765625 0.106407165527344 -0.282470703125 0.25787353515625
0.132255554199219 0.0284652709960937 -0.243927001953125 0.430816650390625
0.0738372802734375 -0.0851364135742188 0.0351867675781249 0.538848876953125
-0.0436019897460937 -0.112518310546875 0.29400634765625 0.354034423828125
-0.10186767578125 -0.0422439575195313 0.3697509765625 0.08978271484375
-0.086944580078125 0.0138931274414063 0.263626098632813 -0.0858306884765625
-0.101333618164062 0.016845703125 0.185516357421875 -0.06494140625
-0.097015380859375 0.01605224609375 0.0987625122070312 0.037200927734375
-0.0552787780761719 -0.0127143859863281 -0.0819320678710938 0.0405426025390625
-0.0181961059570313 -0.0231437683105469 -0.274826049804688 -0.177017211914062
-0.00591897964477539 -0.00768613815307617 -0.12908935546875 -0.52972412109375
-0.0382575988769531 0.00528717041015624 0.43463134765625 -0.626953125
-0.03399658203125 -0.0321407318115234 0.66217041015625 -0.21575927734375
-0.0289535522460938 -0.0255489349365234 0.1427001953125 0.0745086669921875
0.0305398895857689 -0.00131921602970172 0.0346803779087597 -0.212394651834402
0.124206169000085 -0.0174551007691169 -0.395305248268491 -0.660015763264308
0.073438829212907 -0.169927247212857 -0.848544003678047 -0.167819530206198
-0.0467966467681509 -0.15620802848949 -0.580064070139735 0.362960347442553
-0.108088237430056 -0.0564491394313972 -0.0866514672976685 0.403295841271205
-0.080535008555423 -0.00188389070268199 0.0943524039070946 0.114517347976634
-0.0397367135345638 0.0166681194872953 -0.0112108881452611 -0.0975341773920128
-0.0215285402624551 0.0148349627602639 -0.151961395107312 -0.149261305156444
-0.0119324069405052 0.00736918634552463 -0.216040935213223 -0.198364722518808
0.00605547696106984 -0.0200130914943862 -0.127497913982622 -0.315747916545254
0.0154827082229082 -0.00259367536044717 0.106513880783089 -0.470196847513006
0.00649320013495644 0.0529416400064268 0.393293158796579 -0.377387521641173
-0.0417387944913128 0.0537325226771351 0.513676693697363 -0.102939491690771
-0.0766303971001406 -0.000133812401309105 0.399672737535834 0.0509904017969552
-0.0540282159798139 -0.0524623431733221 0.251310742401957 -0.122335072404479
0.047159194298474 0.012417244891619 0.0366488944038366 -0.204701618928181
0.14622760534552 0.0110216878669399 -0.355761068018562 -0.689891562901309
0.098892466819245 -0.194005855836131 -0.83810953446714 -0.240004296147458
-0.0684844605914851 -0.199239419207908 -0.616820499924882 0.305114864725879
-0.153932571300515 -0.0427592916442854 -0.130393344113794 0.386347668308657
-0.0860562685049433 0.0506434037277061 0.0649943700371011 0.122844324615714
-0.00220044303526135 0.075490611350609 -0.0175646083258153 -0.0861957474676847
0.0334945968357489 0.0736198786039406 -0.146287043423165 -0.141358624787868
0.0543216548378501 0.0807867908073195 -0.215563826940238 -0.193615999394233
0.0395719842991445 0.0733371438575929 -0.134768186950836 -0.296234673001276
-0.0195031090430494 0.105473874613586 0.0862848464078433 -0.45035278187674
-0.117767576159316 0.0857655263474763 0.34768117882649 -0.382800313851028
-0.143518850850034 -0.0259026885151189 0.485817579833464 -0.139863641156369
-0.0620057797871401 -0.111981243153627 0.410216151169708 0.019201082345869
0.020469885606338 -0.106723149970517 0.244994147951553 -0.123439454135295
0.0761500082789411 0.0200401077802022 0.0292035916377125 -0.197604992241833
0.176237062189565 0.00846903376503285 -0.347917210436511 -0.682791316783224
0.0956859853200379 -0.233841543843674 -0.817717743124593 -0.249661058933539
-0.11556555705066 -0.221374820390684 -0.61571918627457 0.275265692275133
-0.191042557184325 -0.00367526517934066 -0.153812147927016 0.364956860880102
-0.077566639260328 0.107154077493281 0.0375615249220996 0.13601620197452
0.0359242625817708 0.125690543921916 -0.0154037124927543 -0.0566081915494803
0.0820362969825281 0.123881738040025 -0.115513487874555 -0.113179339314343
0.108635482151205 0.143490774403509 -0.185799332516218 -0.16558698922264
0.0619590715995587 0.152339752593945 -0.120001250791921 -0.254711724428474
-0.0553724822889563 0.191047006882723 0.0705172916489218 -0.409869485406901
-0.221533363215562 0.102287460244141 0.304310135123787 -0.375172457005122
-0.217593786489414 -0.097618569483023 0.473967309524732 -0.168470890159426
-0.0419018663136788 -0.195943088310233 0.440038997686896 0.0248731338903746
0.0813355698921802 -0.138473339193253 0.220247579540581 -0.0876070272582715
0.122833430082157 0.0112281852635199 0.000355184536742035 -0.182738924582258
0.216262463862601 -0.0468168184856554 -0.372778663646138 -0.631231094945329
0.058724393862188 -0.297746218004623 -0.789126279560188 -0.20578435507384
-0.191519554578382 -0.219579329378261 -0.586817470307308 0.274963620258343
-0.217357437476822 0.061279922942871 -0.161248889277884 0.354495777521098
-0.0541957938683331 0.161374302961961 0.0212069167911507 0.163498730966145
0.0715969001704699 0.160782731209614 0.00126144366532791 -0.00991339991492227
0.116975514327389 0.15667921157227 -0.0660349141486397 -0.0673439184486876
0.141582682972094 0.184177509755641 -0.137108130169511 -0.117869291452152
0.0629874557468423 0.200944539300411 -0.0970852523803251 -0.195339314760643
-0.093798155823497 0.228638595413781 0.0530585854408609 -0.357773557568244
-0.279960925028143 0.0788898489398595 0.268456286152884 -0.369966177942726
-0.230529453698578 -0.155909600832488 0.48882395051503 -0.192111936831549
-0.00709408401959858 -0.223803280359144 0.484030552115249 0.0667261469274362
0.116785004456861 -0.132597534713247 0.182844701886044 -0.0264529719828175
0.168431269379399 -0.0145235392266225 -0.0533336671597896 -0.147720903005897
0.233541860013666 -0.131459112916316 -0.406779738792719 -0.531557470135148
-0.00840823699033361 -0.348685394876359 -0.741884747010635 -0.131593633714882
-0.263280011138715 -0.183756566791084 -0.55194346834684 0.289229335188332
-0.217786677835322 0.13134055251176 -0.163901120319393 0.36547579565021
-0.0221256026516399 0.197393494059773 0.0206915940818408 0.209388087322163
0.0961701571645431 0.175576692234892 0.0359576669471345 0.0487821785726331
0.1346158547832 0.167164796911648 -0.0044135298559605 -0.0126697785706307
0.148446049669388 0.195771312259605 -0.0828965212935829 -0.0556321672671338
0.0457701622045534 0.206920870993378 -0.0791522349281934 -0.131744948468107
-0.119811305983566 0.206922877927634 0.0263461981408994 -0.313791211452948
-0.269422864232476 0.0239043307303863 0.249588829160127 -0.376184414243015
-0.172605413900687 -0.17789600548512 0.534350269931606 -0.205280236946225
0.0336615028807648 -0.182397491011158 0.533710465493583 0.140062620793617
0.119101213781404 -0.0920480446281382 0.139861327902432 0.0432006080483321
0.186759345607757 -0.0394969596932879 -0.12088108824798 -0.0892667227875434
0.208507327878605 -0.190011703117136 -0.429273843064001 -0.399640020245072
-0.0720505906870245 -0.341611823520067 -0.678075396205296 -0.0604325261835634
-0.285775208708963 -0.121531375291839 -0.513947166549943 0.306382601293773
-0.186493282655794 0.170372944806871 -0.161925829316601 0.397030297698017
0.00461935573166434 0.199923284871303 0.0387205721877963 0.265951840191135
0.1019933826311 0.165927557661986 0.0861981632713046 0.110099599726033
0.131641893729724 0.154803517434819 0.0604724783188212 0.043893508960807
0.132850985553334 0.175849302624697 -0.0359079508516658 0.00830659829486964
0.0254056029777624 0.170895649645467 -0.0728085233208079 -0.081507772213682
-0.110340978882581 0.141076277367917 9.53265751639303E-05 -0.299821446407172
-0.186242153320603 -0.0227590105853986 0.268139639384661 -0.396096937657665
-0.0763253594593148 -0.13497255481529 0.61295936887413 -0.187530359079563
0.0487091693897546 -0.0862897383344112 0.568407113701149 0.243247920275882
0.086726428237597 -0.0341649815440009 0.0954014058390465 0.10310341390858
0.164891281317587 -0.0408845185367998 -0.179254697446276 -0.0161525952082252
0.153933102991374 -0.181310117343038 -0.425950032655237 -0.261843898532157
-0.0917541878367797 -0.272507396654597 -0.616775958665648 -0.00334168649787842
-0.238236488700633 -0.0662411400856907 -0.484309183157616 0.325168317826577
-0.134500235970667 0.155143701036703 -0.151816323301688 0.438315905470031
0.0140663573702443 0.162596869046595 0.0723238455967533 0.319866493346131
0.0849558447803365 0.130350753421668 0.141290772636521 0.164331609479617
0.109138447821511 0.118246428113898 0.11698148521193 0.0939276532080346
0.103371553422478 0.128697538744865 -0.0026701728517655 0.0611215651270522
0.0202281334388754 0.109472723980709 -0.0714679684907734 -0.0579124313529412
-0.0586730674694702 0.0748573757995572 -0.00117515467912139 -0.319509996963534
-0.0751351158036492 -0.0147118892591372 0.33588418233893 -0.408156929183548
-0.0117029453741665 -0.0365784613617981 0.703901328701978 -0.115472651682016
0.016136623759259 0.0111696879433732 0.567456007661505 0.360674533947303
0.0340199488510981 0.0130470688383639 0.0591846844857762 0.142637325528658
0.107656431009857 -0.00852398787021189 -0.212936809585673 0.050051259945501
0.102951554684084 -0.101577323595495 -0.406912360197376 -0.153034706714365
-0.0486037757330106 -0.170601459574486 -0.563812715104447 0.0351907571704167
-0.135629349316976 -0.0449701440752003 -0.45623170463253 0.341733247809178
-0.0809013806776976 0.0843970267209808 -0.132685661528697 0.472385145920599
-0.00166084567517249 0.0905507201527573 0.109089525261861 0.356139857584919
0.0442584351498434 0.0733759293501864 0.187715757823813 0.200953747103177
0.0680783217434934 0.0647259934159343 0.156048619241398 0.129026268205453
0.0674824343416341 0.0660783857570742 0.0184015564486842 0.0923043512159122
0.0309970896681346 0.0453650639121794 -0.0617810901030657 -0.0596121485710191
0.0102416787669367 0.0384982139157778 0.0342996189372631 -0.348995616859519
0.0055041050552406 0.0420527157101188 0.430778864791306 -0.386206466555614
-0.0127658695800836 0.0598678605727657 0.765162326872408 0.00233668576937116
-0.0443115042771808 0.0560630829618354 0.529224204243857 0.467390533988913
-0.015754813587228 0.0312168126318708 0.0369086582297751 0.163971285906666
0.0319338741033942 -0.00342733402795818 0.0123547907656195 -0.218769347175711
0.123565457189671 -0.0251389599740565 -0.442104068299693 -0.639121999790447
0.0628200935722388 -0.173895525460363 -0.865664734198846 -0.119515042290128
-0.0551990254671067 -0.15421497381149 -0.566723968207468 0.397319915381011
-0.112290436736461 -0.0519570672794514 -0.0654520870633861 0.414992750124108
-0.0829444238012672 0.00322217865453781 0.0991987371389534 0.115751211843951
-0.0401209123123967 0.0189970937592176 -0.0211124938999428 -0.0873993281525607
-0.0209966239806192 0.015958627704667 -0.163502966361359 -0.130636310291762
-0.0121882238787259 0.00808370408676993 -0.229049383374446 -0.175285429147901
0.00132664548352835 -0.0218194439911576 -0.148461714875862 -0.303000176532274
0.0129575271797987 -0.00547577160811778 0.0705485829103483 -0.478443369557207
0.0122802340553544 0.049545962269962 0.365350495440001 -0.405537042241113
-0.0375798232621717 0.0536194416873189 0.509754125988295 -0.134982983234502
-0.0750325974370184 0.00489706829599746 0.408263439496754 0.0290602831873476
-0.0555324865928255 -0.0468214245324248 0.245930614290486 -0.135119246519102
0.0453283150890505 0.00900396733208576 0.0167286262147972 -0.210946429028246
0.144063449476189 0.00423382859753906 -0.404352543045153 -0.670062844239741
0.0860639261618547 -0.195010660929605 -0.859660793687655 -0.194277216807434
-0.0775703514922599 -0.19269563566356 -0.606713703305691 0.341964530140519
-0.153119814272984 -0.0356886772090087 -0.110119363385282 0.399002394823004
-0.0831006580051028 0.053689140251521 0.0702131639617278 0.125266160864065
0.00164458127455844 0.0721521315735836 -0.0274153739707926 -0.0772544224435747
0.0382358074270534 0.0678504098581869 -0.158040561591665 -0.123511474427268
0.0589186617819992 0.0741112122065468 -0.228712969877599 -0.170937441561439
0.0413977844068381 0.0672037919842814 -0.154728435748904 -0.282848116463079
-0.0123065384111106 0.103536478071033 0.0507332122255077 -0.457981369419804
-0.108310294335881 0.0916748080368699 0.319746549818184 -0.406854227612461
-0.144230792314213 -0.0172312679017527 0.48165435361735 -0.17074787064663
-0.0686977698197384 -0.107187835445423 0.415763847866241 -0.00310837834326575
0.0138310273265381 -0.105936582399955 0.239059694023766 -0.135379308498298
0.0715090602567422 0.0155626198447479 0.0122903181921152 -0.204635401428859
0.172530810817539 0.00187678960695423 -0.394601672368651 -0.665001662573734
0.0799965421355877 -0.231402352716008 -0.839140594689281 -0.2046921109492
-0.12436503726785 -0.209770928585977 -0.605975292176064 0.312940870952329
-0.184873397063572 0.00577127432132733 -0.134199625972578 0.377889752379521
-0.0682496441830804 0.107667079329903 0.045170949296327 0.137836027688933
0.0436451768437942 0.11763140078807 -0.0231917223423053 -0.0497291498930259
0.09059274493955 0.112000512620677 -0.126577429414621 -0.0992250286726404
0.118296611715548 0.130655468253981 -0.198259958178637 -0.146158022615135
0.0698482810455113 0.142805106778575 -0.137550115573534 -0.243420632827377
-0.0405810199347283 0.190952689750239 0.0380408035078538 -0.417698925032055
-0.210106786135853 0.115153241422514 0.278662583338955 -0.397735491001747
-0.222427990653002 -0.0827088597597037 0.469033010495832 -0.199473885700827
-0.0549629606110823 -0.190805375509902 0.444660220880952 -0.00128375188077409
0.0708879460270132 -0.141766905904288 0.216184276626053 -0.0978014982858814
0.116154998506624 0.00395278728024184 -0.013090713144743 -0.188427633374437
0.209476866408979 -0.0547354580484854 -0.415356090249161 -0.612666695403247
0.0390761302574886 -0.29148979697734 -0.807109094865689 -0.160171233987144
-0.19931203090108 -0.202462905201232 -0.577659144895906 0.31261827993841
-0.205207915489214 0.072297262650413 -0.140668456968701 0.367166645726533
-0.0408539466488468 0.159512620191128 0.0325081316302908 0.163900613908184
0.0812490012619189 0.149311483950142 -0.00241541246953251 -0.00636130437624421
0.128464791803691 0.140869732052455 -0.0738891631202998 -0.0594046418932509
0.153748248497548 0.167440243366393 -0.146064782526762 -0.102686009490307
0.074296560611485 0.189762562691801 -0.110053800755896 -0.187132861741868
-0.0751530269976363 0.229897499254746 0.0236789315893221 -0.36608648505576
-0.268322890638165 0.0962539944034792 0.244840172269343 -0.38782783129892
-0.238157960095639 -0.137687766471857 0.483689816725869 -0.225323390106106
-0.0229434116908417 -0.218163350246107 0.491317713992593 0.037451464368045
0.105236183353789 -0.138969208237733 0.18287400114604 -0.0328397460912466
0.160051923797915 -0.0244106720421153 -0.0632227053058152 -0.151176001799123
0.222721266690352 -0.139951574756507 -0.442642262067473 -0.510790016020954
-0.0307305943400245 -0.338106922835476 -0.754785613567609 -0.0893823391232856
-0.269201042542597 -0.16195171043727 -0.537042173835812 0.324150648070055
-0.201020967755582 0.141857198089196 -0.13892527587735 0.377790058323351
-0.0058456982551424 0.194341608864077 0.0369891081285766 0.207062691971821
0.107467954749982 0.16272725077722 0.0369629818279878 0.0468533735963281
0.146503177925867 0.150276618320022 -0.00802884024589556 -0.0118388902445098
0.162195739556813 0.177033585878974 -0.087177692523108 -0.0470880253299254
0.058841828737 0.19641112169679 -0.0881730193774392 -0.12681600610165
-0.101095181777375 0.209470979916492 0.00120887023765169 -0.3211745366315
-0.260396148091625 0.0415665853557206 0.228010913693883 -0.394261588059303
-0.181861888065304 -0.161403275571797 0.527733053001357 -0.240342552137422
0.0186454507601145 -0.177868770354203 0.545329557651669 0.108550759881509
0.108211339213857 -0.0986622527846209 0.143981685161886 0.0400760391803124
0.177406606586304 -0.0507566953032978 -0.126391605088538 -0.0882805111633899
0.194422855165379 -0.198630083533919 -0.458210300144048 -0.377817722490174
-0.0946171203398141 -0.328854645098089 -0.687682234029452 -0.0194315228148885
-0.2901268978271 -0.0994248148995505 -0.497599558873393 0.339774155200161
-0.168689530664752 0.180287503230852 -0.133402566659988 0.407870746947135
0.0208368533061076 0.196362618046367 0.0600959946592862 0.260171120120078
0.113049909940905 0.153968475123755 0.0920227649446996 0.102326490826128
0.143386575283824 0.137941844121857 0.0604550116732148 0.0370202717158362
0.146207357192001 0.158399059277975 -0.0352452002937963 0.00999722747607384
0.0377465931469724 0.162533621633837 -0.0771601336141648 -0.079707635258952
-0.0949170712756929 0.144343240685154 -0.0215746879486572 -0.306861136411408
-0.180152190872935 -0.00887458300795557 0.247017532882143 -0.415743856181632
-0.0844567027282229 -0.12319724352639 0.609295665535068 -0.225148557613799
0.0380604191694727 -0.0827110317650415 0.586252669491066 0.208692723332872
0.078554100342195 -0.0400612834352339 0.104030706851758 0.103506107323744
0.156194262217525 -0.0518849718817598 -0.181127813490823 -0.0116754430341893
0.141195988360782 -0.18733893403584 -0.447193961691492 -0.240456898530646
-0.110023761928875 -0.260249636001571 -0.622122646718841 0.0354489426464183
-0.240586535294496 -0.0477140562805661 -0.465416231188968 0.359668298358689
-0.118683751957709 0.162572275886549 -0.11916537394388 0.447721613006764
0.0270623216896182 0.158922081062457 0.0978256501277126 0.310858534261971
0.0937281767312313 0.121284912918523 0.152234440470248 0.15080986810083
0.118729645888919 0.104599423677469 0.121543968565775 0.0803507005170552
0.113980172317595 0.115172423388895 0.00311463510300278 0.0572258850309334
0.0291333182212517 0.103911118098836 -0.0722537288890366 -0.0584385509497089
-0.0492081265121799 0.0762093218834959 -0.0215389927862562 -0.326259078384924
-0.0709282800397353 -0.00669011343336997 0.316476028118782 -0.430958604339936
-0.0157305254101385 -0.0295154770551204 0.704773490870389 -0.15723316422493
0.0108497489925518 0.0147876850727965 0.592198413626426 0.32795785559457
0.0290949096014591 0.00933182676495665 0.0717850905518552 0.146588307778346
0.102804985318268 -0.0159700737045859 -0.210395634059268 0.0572720207275455
0.0963038167216582 -0.105944126989866 -0.42056393572179 -0.132539059259152
-0.0608241283420022 -0.163293705308873 -0.567789629367733 0.0713955985263994
-0.137828202073858 -0.0337077093849626 -0.436039534358068 0.373385399009349
-0.0723107554933387 0.0884162007124598 -0.0979404883574219 0.480631686351721
0.00625538427654546 0.090681440742327 0.13813179994803 0.343573507214922
0.050098015112459 0.069477226547466 0.201674449165458 0.182244286608393
0.0744251659373183 0.0565710585441957 0.163964237226253 0.111133429949641
0.0731486338650835 0.05815541150706 0.0277709222830284 0.085134826825423
0.0351507348505289 0.0418217394634586 -0.0615315830843161 -0.0622048356460511
0.0152856792047908 0.0374263472118016 0.0147040755687046 -0.356637462553802
0.0106274520442177 0.0437771292958938 0.412378115573802 -0.413547220161351
-0.0113843226115096 0.0641652410153418 0.772874519242066 -0.0410249122208139
-0.044865480592599 0.0613935548879188 0.559375804451731 0.43764423146087
-0.0165313118100912 0.0297021962347874 0.0520023101748584 0.169325777053877
0.0321438430133465 -0.00561223937977188 -0.00855215351557506 -0.218435218170864
0.120668559549975 -0.0318596830191673 -0.475615627695297 -0.604090070100547
0.0522230713635878 -0.173414203625539 -0.86217237291455 -0.075032261793633
-0.0619348800815059 -0.148588979069227 -0.541334724865995 0.420533652016008
-0.114222469855613 -0.0467024031079856 -0.0431031524818183 0.41581220915794
-0.0834700248424511 0.00855660227016014 0.103599875532817 0.113882132909994
-0.0398121965021538 0.0211693458831271 -0.0279643923014882 -0.0755066001158761
-0.020460249587233 0.0165874139119735 -0.168665479445106 -0.108541735010898
-0.0122464166534079 0.00917551189251846 -0.234068178819447 -0.148888920037132
-0.00377025904384053 -0.0221263901056394 -0.164302755090168 -0.283913442433379
0.0105454520373168 -0.00796506142030654 0.0336719043536215 -0.473676051204225
0.0163228930919178 0.0440368149925576 0.332955700733907 -0.421315381658859
-0.0335820252016734 0.0525568558592035 0.496587073095463 -0.162744102281107
-0.0717750300047733 0.00807055563862598 0.404364576645063 0.0089066261770615
-0.0553851497934378 -0.04132675708041 0.234869338639032 -0.144061586760625
0.0425002591277518 0.00607513931938173 -0.00269286244011495 -0.211504448118645
0.139456832890675 -0.00126354844809822 -0.436697382076912 -0.637600001276772
0.0730034344667785 -0.19037591203383 -0.858508403751862 -0.147566834922193
-0.0829771611748201 -0.181469039949959 -0.582268296178329 0.367230267296219
-0.150006544926953 -0.0290650666669924 -0.0886510705113508 0.401701250431525
-0.0783680391899914 0.0556052812487879 0.0748956743685518 0.123592409761529
0.00450523358517894 0.0675966274494783 -0.0342584843506768 -0.0651445947019094
0.040985159765452 0.0605228091667343 -0.164073438046418 -0.102826895206451
0.0613895643994606 0.0665466792591281 -0.234129634349179 -0.144340974601616
0.0416536703200659 0.0605079782275575 -0.16929742524399 -0.264718933935139
-0.00613218497840463 0.0990426464028516 0.0156479127712152 -0.453273196215203
-0.0981490297109243 0.0931663022246759 0.28830532491095 -0.41867142412205
-0.141238248669294 -0.0096095955109147 0.467232815475568 -0.196214874383689
-0.0728320251387261 -0.100774798180918 0.411220985677538 -0.0245326064820082
0.00756402267221079 -0.103563540296721 0.227301161089186 -0.143871980056124
0.0654497680971891 0.0117808843143935 -0.00365445468473999 -0.205718170086778
0.166357453941345 -0.00260160770590543 -0.426273553343933 -0.635190508971793
0.0654083601316171 -0.222210997890671 -0.840055094579027 -0.157524616981998
-0.128639518289802 -0.193814440738282 -0.583561753311567 0.339560312479804
-0.175602454923925 0.0129020453063401 -0.112578396897828 0.381311438650444
-0.0597106332859216 0.105604718624282 0.0520282746082877 0.135873376901151
0.0485328951551354 0.108302709401342 -0.0282743091531258 -0.0403668365206349
0.0953711997408776 0.0983027217673293 -0.131844826205633 -0.0827169172907931
0.123187420991897 0.115471598565512 -0.203231286426902 -0.12343460141323
0.0747869939202726 0.131124921455467 -0.150168328967181 -0.227894808031897
-0.0270094707578109 0.185004332880586 0.00659428810429745 -0.413632090003756
-0.194630497208549 0.123796769328979 0.249405569624656 -0.406720271324232
-0.221290225583901 -0.0671288979249696 0.454027416520078 -0.225059224011291
-0.0655998531303721 -0.181123198807035 0.440181385445326 -0.0241362652286594
0.0597436693385009 -0.142105217726934 0.207907769260459 -0.105056692931603
0.10773633984193 -0.00177327240443563 -0.0267471062298375 -0.189915624823409
0.199308003108452 -0.0590516368306583 -0.445130638369178 -0.583183604206736
0.0220602127483367 -0.277901918310651 -0.806133610960204 -0.117202458723132
-0.201209181176752 -0.181754922592648 -0.554026683183753 0.340223584911779
-0.190163089687443 0.0791349883147188 -0.117876083778874 0.37027272971642
-0.0279625937137091 0.153831759833093 0.0421910483372006 0.159363606027768
0.0883521656291297 0.135715719683678 -0.00528131422078854 -0.00256596012642583
0.134195350630194 0.122905094760718 -0.0786108749454951 -0.0503947225342458
0.160962390704703 0.147123760504158 -0.149446401338594 -0.086590886048517
0.0828999818182783 0.175662873875968 -0.120197158151576 -0.175245821485883
-0.0567691281543723 0.224675821499708 -0.00378368825158823 -0.362937905978466
-0.252358452558866 0.109198380458642 0.217971346466179 -0.3959004646859
-0.238992371654443 -0.118466993297635 0.466350139780306 -0.249949383333735
-0.0365603402252536 -0.207883879311891 0.486312927837379 0.00879367416318294
0.0913070906008735 -0.141447275116021 0.178547438215172 -0.0386982882917969
0.148982004042682 -0.032004196023839 -0.07291716305241 -0.151143868162504
0.208523050767137 -0.144330790313662 -0.466935102083142 -0.481898760865513
-0.0488933126697334 -0.319859684553116 -0.751335814710177 -0.0465339879007452
-0.267961563758685 -0.138107545779171 -0.513104257966887 0.350370602023721
-0.181242847577713 0.14738245499789 -0.113603884929454 0.37888223914299
0.00879531628828623 0.186102178943455 0.0510437384478835 0.198501985833807
0.115085763652359 0.147443722574099 0.0374508151963917 0.0445787904677251
0.153070034580028 0.130595294831349 -0.0113957325084298 -0.010597778683861
0.170406869911504 0.155262813806795 -0.0887543879658702 -0.0386778013272095
0.0688481339837829 0.182609700028621 -0.0941350728940954 -0.119349166824955
-0.0822340133287797 0.205804621533314 -0.0224959682869406 -0.319245106018843
-0.245908891381154 0.0559204617732266 0.201819022935842 -0.401432005457215
-0.185347305642063 -0.141899596305516 0.510527783788845 -0.267772311457769
0.00555461905023954 -0.169196618569205 0.543540760308736 0.0756934999937907
0.0945335717676155 -0.103137779440485 0.145546868997465 0.0362730875040068
0.164484897394194 -0.0595204495338694 -0.131121866948549 -0.086018399427372
0.178105307445885 -0.201497977681906 -0.474847374080592 -0.349669711474658
-0.111292428162844 -0.308227762380501 -0.680115804640057 0.0205775846261007
-0.285583685975591 -0.0758445972256804 -0.470919926871656 0.366103135871587
-0.148332386348319 0.183029452113722 -0.103984390225261 0.407291331752334
0.035213766017838 0.188143360613186 0.0778977946113611 0.24753629886087
0.120741989228613 0.139790986649972 0.0952678243320844 0.0917228405918436
0.150014172291938 0.119279779187709 0.0599275669385053 0.0297813444655362
0.153597547388266 0.13859906915342 -0.0333203439158059 0.0104728958897133
0.0477551237239284 0.151495165582879 -0.07968210090869 -0.0765703539570914
-0.0796002952933202 0.142412791023924 -0.0415713296961953 -0.304352829961018
-0.170813567198803 0.00304107718993017 0.22211860512755 -0.424768063801434
-0.0888877182226063 -0.109108900962555 0.590264371422737 -0.256943595753084
0.0284663311620822 -0.0766000953915006 0.586634021056374 0.17556658719156
0.0678755117685452 -0.0442601930656843 0.110769092354077 0.101277932182083
0.144172554021855 -0.0595191798273946 -0.179830360294302 -0.00632981328818996
0.127710382667439 -0.187985039907395 -0.457262894835165 -0.215082508907432
-0.123549975130405 -0.242870179864699 -0.61398119174775 0.0720371600033441
-0.236057255603719 -0.0291592162501665 -0.436869834757274 0.38210705737315
-0.102097843991193 0.164971729224582 -0.0867345098276783 0.444180997664066
0.038711066450614 0.153000910956283 0.11877427227803 0.293042263530579
0.100039420923211 0.110313016754698 0.157976087094373 0.1336544295269
0.123997606379713 0.0891782751030621 0.122244800616669 0.0651501037940243
0.119499507630758 0.10007267516635 0.00802653871216009 0.0516853428710061
0.0361834124703376 0.0961396428525109 -0.0728818661989199 -0.0585281415085103
-0.0386512630339653 0.0755266853393414 -0.0398521326870353 -0.325516580324859
-0.064878404915021 9.81150419710752E-05 0.291458823070626 -0.44471959781279
-0.0181854979938516 -0.0215859741741244 0.688950839151057 -0.193259457759802
0.00673325885516506 0.0195863238469884 0.600189352766123 0.290640803787033
0.0228692874428068 0.00561962221619396 0.0835239344645835 0.145857274624981
0.0955121709380528 -0.0220577796560009 -0.204809918170602 0.0632429038233784
0.0887234153971758 -0.1063774415928 -0.424268781431098 -0.109730979312277
-0.0695870940764695 -0.15225478893221 -0.557751214529437 0.104024408107418
-0.136252135229495 -0.0216408861004434 -0.406195030905162 0.394332316680528
-0.0627431366478467 0.0905784062656349 -0.0630424141683427 0.476420987945678
0.0134069639590349 0.0890024510343773 0.160112738226288 0.322551394505241
0.0547473330220913 0.064348211540647 0.208872823166678 0.160009748052756
0.0779445573548675 0.0481298603521848 0.166838531013743 0.0913980671087994
0.0767579819503667 0.0491499740514014 0.0352860877108284 0.0749438805499837
0.0381994714543409 0.0374911049467171 -0.0609550132414741 -0.0643786333527738
0.0198386303925403 0.0352750952016488 -0.00444800420583492 -0.356907125995442
0.0149980981170109 0.0447620337035749 0.390034997014866 -0.430684405165065
-0.0100854077230314 0.0678144301056463 0.761242428161389 -0.0813331586847252
-0.0437419163865299 0.0659663788100324 0.575632667604303 0.40085422641444
-0.0185009496569702 0.0280737115923016 0.0671249081375966 0.170423987768933
0.0272871425166959 -0.0175563124626711 -0.0899621428536342 -0.197611762411766
0.0935666321645459 -0.0726472922050723 -0.646372803174951 -0.39457643444747
-0.0161384749836614 -0.17162828353136 -0.820173502416383 0.220821170765101
-0.111351895274816 -0.10959495407809 -0.360215396791535 0.571763874141052
-0.121535071329891 -0.000549290989001954 0.0992562285886045 0.399380655255634
-0.0730744372011145 0.0390120087734589 0.136229602906976 0.0704205665101971
-0.0312327363326525 0.0340272374316993 -0.048544148477611 -0.0513785614322966
-0.015121416466727 0.0213283399409405 -0.187931168610507 -0.0320373823047289
-0.00864872547761597 0.0129522536756116 -0.258860219733668 -0.0502507733310369
-0.0146118504107374 -0.0168940186138133 -0.243069218199208 -0.201203053019432
0.00561678968108158 -0.0116032859542279 -0.132853909111593 -0.438503446677349
0.0290028701101696 0.0328899608904222 0.16479341820872 -0.493758632963084
-0.015157529626316 0.0553655762222253 0.405763049348244 -0.314720745453981
-0.06555904628126 0.0305628827061909 0.380505735967897 -0.121828763401791
-0.0638622722063845 -0.0186798637963168 0.171074708860893 -0.200922132896139
0.037749278819907 -0.00938345684445689 -0.0820499850881523 -0.193829419449533
0.12048066841217 -0.0478844304949913 -0.622621887563369 -0.438714760768702
-0.00127390076463038 -0.190745145388244 -0.838769128135722 0.152326946799163
-0.139524077796067 -0.130820298722554 -0.413551257331408 0.535254520561224
-0.145772823013293 0.0251833135988661 0.052056426311718 0.398700663327936
-0.0523656884547052 0.076434078939898 0.110374441819459 0.08813747993252
0.0249648397244125 0.0590061855380194 -0.0534884140423832 -0.0412301503303885
0.0542703438234938 0.0385132734270972 -0.184398216688727 -0.0274860934342988
0.0761759056810022 0.0370406767528482 -0.260106307784001 -0.0445700465809661
0.0542126407547185 0.0410457872438833 -0.24258266420182 -0.183118217200525
0.027528194590328 0.0894241871208963 -0.144960089165335 -0.416958551265619
-0.0575137731772073 0.116308793491747 0.127959345122739 -0.479883048307563
-0.132944659307375 0.0358164503913886 0.369641053726302 -0.334551648630007
-0.103712433057804 -0.0672079351637141 0.37295314150322 -0.15204175379265
-0.0268241301433224 -0.0962529585517758 0.161503373694004 -0.198359570759548
0.0587511330178861 -0.0106904063993792 -0.080589382365542 -0.188863485306666
0.143685679481591 -0.0569918800516791 -0.611936295867167 -0.439523455502587
-0.019325087661763 -0.214320517490889 -0.821844071110421 0.137671651083672
-0.183638494554015 -0.124047893452639 -0.42068139964694 0.507891175429278
-0.152211628228908 0.0707400621644312 0.0222654725316452 0.384177499064454
-0.0179949642641113 0.113556822892767 0.0914216122293383 0.105743157363571
0.0795943293303223 0.0792873430343349 -0.0423007883079964 -0.0231953978488332
0.115470276681042 0.0522482439569922 -0.150459713872271 -0.0214348555700608
0.148631882826036 0.0583965241748873 -0.225729785316131 -0.0364533459872881
0.107991154399825 0.0934035892336962 -0.215569888254886 -0.156455034207142
0.0384832410278779 0.173378750497525 -0.14198216188678 -0.379785390797447
-0.133993512963467 0.176410672560542 0.098654230183742 -0.457615122847007
-0.223287900614813 0.0115381980363176 0.350757575930572 -0.35566345032364
-0.12445287568649 -0.141906928015909 0.396600501306776 -0.159949498045337
0.00721984822308844 -0.148783197630504 0.152765611101009 -0.156308426341705
0.0923252337405013 -0.0368922138504936 -0.0946259254832219 -0.166550273363421
0.155053498227695 -0.120010112859623 -0.609137567269722 -0.384476527040179
-0.0772850759562006 -0.248913316422455 -0.773567417431156 0.166149055148318
-0.243558750834509 -0.0855815571252637 -0.39007556528564 0.494442473285319
-0.141596486884089 0.135553187204019 0.0135489160022285 0.372552883273567
0.0282517440457468 0.145815675161877 0.0888259323776067 0.128652524013106
0.126667807987064 0.0906513909378218 -0.0100176183769439 0.000400743758142046
0.15860366846388 0.0607659886813118 -0.0925317392635085 -0.0120636732394521
0.192709383203937 0.0725118227685958 -0.166356536929367 -0.0223839115199314
0.131139517863846 0.129081878821978 -0.171858943021529 -0.121354423050989
0.0260448822498611 0.217712261660372 -0.134222927103893 -0.332390373256911
-0.190631452901761 0.181896296264308 0.074205340196527 -0.440152271933092
-0.255093791490497 -0.0277418395950323 0.352643548223736 -0.38268894551058
-0.107170368808067 -0.174398695973283 0.449397591185264 -0.143953118375804
0.034419160152223 -0.158046919492315 0.147790622926413 -0.0871751508787827
0.119943929619461 -0.0797676122530363 -0.123889614712223 -0.113458478257975
0.134316621408987 -0.202535358726527 -0.596411356130045 -0.28046819414896
-0.156547185171586 -0.263462708991643 -0.694657516223308 0.210006062672344
-0.289074685218188 -0.0213415900885896 -0.347556748381451 0.48643171042977
-0.110264228814588 0.195319854739638 0.01812366358457 0.376952240658761
0.0731937124703626 0.164032069453807 0.108792100118801 0.159582382382056
0.156533223690529 0.092369963592785 0.0437046400204576 0.0253091948299942
0.179317594274807 0.0603575136503157 -0.0193529122663047 -0.00181012984100928
0.20370804171901 0.0759970170570949 -0.0953043948846896 -0.00216584462865246
0.121044791233816 0.138941274753595 -0.129631194046139 -0.0805734780475681
-0.00240250963439086 0.208489307715875 -0.134444368135492 -0.288725313186391
-0.201148404308149 0.131619863328695 0.0590637848617609 -0.439281839648577
-0.213847011917032 -0.0655884431566381 0.38693502717556 -0.413289699646857
-0.0568898321164218 -0.151511535124909 0.523088365358456 -0.102446568643776
0.0476566258144263 -0.123863882528592 0.142503206580188 -0.00881329808556167
0.125623647615616 -0.109842149600814 -0.155249392695959 -0.0329716940413514
0.0876801312386462 -0.245019970533822 -0.555847077776217 -0.153787270292263
-0.210121154711796 -0.232382473436117 -0.606423928799012 0.246428056592969
-0.28403595950081 0.0415956829930684 -0.30486093776423 0.484225606909543
-0.0678874633510874 0.217931269723751 0.0357510570218437 0.399837123491002
0.0983134420198742 0.157164486827748 0.149246670494978 0.193876757133815
0.160081038501173 0.0843418410037 0.112900519532712 0.0453600408770234
0.173805495819548 0.0515208714573668 0.0576933990000009 0.00675658204189129
0.184304648662218 0.0665576319449694 -0.0287919203128152 0.0204127425539293
0.0923467424043915 0.117158101874246 -0.101730301189308 -0.0486257822999831
-0.0199111664197628 0.149969120457141 -0.144541899083531 -0.270397209201702
-0.148719386287729 0.0600594906845107 0.0706040319841426 -0.467222966955454
-0.115202702092914 -0.0650331452476882 0.464878438711637 -0.430511948718332
-0.00568372835300319 -0.0739139098387075 0.596267582372461 -0.0268828556847212
0.0401593736603341 -0.0616273969137802 0.134954548537752 0.0609580696876087
0.108176911784967 -0.102777198925241 -0.17317720232343 0.0564534312148451
0.0468675882531365 -0.215151969647726 -0.493774689663152 -0.0374626318276667
-0.198057468026532 -0.16851877052285 -0.529240603237523 0.268720396733115
-0.223028132334456 0.066333050058789 -0.271845069506429 0.491521224217008
-0.0334560280678035 0.186843245863678 0.0642935507572506 0.428509634828119
0.0903541819234603 0.126733179787205 0.203272677919882 0.220545542597537
0.132661115323597 0.0652742774006118 0.184737364919916 0.0590387855923365
0.141870931397858 0.0347039825538358 0.127963295747309 0.0141551925682038
0.141919687005482 0.0442174545887884 0.0226788612758733 0.0402219006123101
0.0651522886979823 0.0717953544405695 -0.0880711449884462 -0.0360986791632249
-0.00549390390177199 0.0770628922077501 -0.147445700046679 -0.289012579888495
-0.0542492346010042 0.0233191261349807 0.126722921315902 -0.508007240004227
-0.0225633132194142 -0.00794556883985737 0.574247746391577 -0.40425791705475
0.00499935588037003 0.0193345439192986 0.648231958317089 0.0764402199410864
0.0147398975947957 -0.0015657867586339 0.127521111204492 0.110858361969041
0.0771803509135994 -0.0504173956590272 -0.172403968896004 0.127589545420922
0.0417900799183699 -0.12641082978237 -0.431830889915971 0.0451005241309574
-0.118272348311246 -0.106456048077097 -0.472757317692933 0.282569076411953
-0.130489170265552 0.0352859551827684 -0.24028167103495 0.497224773879856
-0.0242422932471024 0.107856310761295 0.100723533620697 0.452777503303928
0.0465583742808026 0.0797055897519527 0.255283955486986 0.232389992162693
0.0761939957291868 0.0398333755061228 0.242981159031394 0.0656339009469932
0.087281101428608 0.0141555515949556 0.178254821611026 0.0195486374534922
0.086910974823522 0.0160687702312016 0.0559447088234356 0.0495193604811537
0.048027729145997 0.0205543190225703 -0.0778626436637855 -0.0465203714159443
0.032979016628528 0.0241789703902376 -0.123727702532357 -0.328392863694455
0.0305335287189294 0.0380808333438791 0.220607621306561 -0.526027228401779
0.0118447638267008 0.0681225704885648 0.677135474970378 -0.325187459709747
-0.0253317542395658 0.0749677626833874 0.660042271232119 0.187305133877924
-0.0143209145229782 0.0301956334540684 0.123307036301098 0.138408135809288
0.0275975217667172 -0.0182198051477149 -0.101535703324026 -0.191375672433547
0.0917008369439732 -0.0741885943420622 -0.649580323839224 -0.372574912891192
-0.0185950131325813 -0.168495693951927 -0.809546384964847 0.238615698558867
-0.111223745068055 -0.106338880465655 -0.350183787843538 0.576100966214095
-0.122418706202316 0.00189954154049516 0.107683451469039 0.39664466900178
-0.0719637116676982 0.0417962815154268 0.137065049972653 0.069758219396629
-0.0313018210446991 0.03499107387115 -0.0463826052335084 -0.0414421000645675
-0.0158805490196519 0.0214889393793547 -0.182634686110723 -0.0172000618510513
-0.00834537974271098 0.0135098194608949 -0.251674591042067 -0.0351636702742348
-0.0181094802241422 -0.014449610525029 -0.244810946736814 -0.187069409420963
0.00221042635678291 -0.0119794380823887 -0.14812732180953 -0.425872974722124
0.0289676503893663 0.0281748615149845 0.146156297269071 -0.493101481847287
-0.0138194384587337 0.0536490702968197 0.394238079615098 -0.324333645972898
-0.0630002118777617 0.0301710700480234 0.376085081901649 -0.129483367512431
-0.0620889099971557 -0.0163417367951793 0.164693974272008 -0.201459658584366
0.0344298531056976 -0.00824931922980141 -0.0928694171267765 -0.189480181940214
0.117371971668568 -0.0473249710833344 -0.628604623232295 -0.418168450231973
-0.00365449213542845 -0.183729931626213 -0.829168216275777 0.170367857209038
-0.135910728215964 -0.125055632329623 -0.402608778578534 0.541360881408906
-0.142675548343988 0.0264025322457337 0.0594384151735669 0.39670696654439
-0.0500813534496527 0.0754562816431648 0.111489288466094 0.0877333212575949
0.0241249988377638 0.0555684348964076 -0.0514231901478105 -0.0313741263416494
0.0520763149795801 0.0337219932023275 -0.179139763297073 -0.0137111925766537
0.0748963209816566 0.0316156601053814 -0.253481259954419 -0.0299879963746664
0.0513344225244362 0.0383598902425023 -0.244465377214762 -0.169300665200796
0.0281274497304684 0.0848254231091318 -0.159431368476588 -0.403002156625933
-0.0523713468612569 0.112643251277011 0.11019587045425 -0.478274717189838
-0.129986979071618 0.0385813195940577 0.35773934535949 -0.343673675307348
-0.103660582955609 -0.0635346379602624 0.367155311063494 -0.159028619085065
-0.0294603478291228 -0.0931708111822927 0.155140693138074 -0.198357304467208
0.053202656468038 -0.0088700278905911 -0.0900874540652063 -0.18550299700593
0.138913353559574 -0.0546882077975267 -0.618140909754368 -0.418594677848507
-0.0198066559019744 -0.203739914247 -0.813354281475971 0.151653471485485
-0.175877607276959 -0.115561409709806 -0.408861266798196 0.514129790621498
-0.145666369915583 0.0698222332443628 0.0308141342765254 0.381762081111907
-0.0136468457691954 0.108643367471096 0.0925151576509991 0.103556937181468
0.0784725688358467 0.0712780320285757 -0.0411876822505293 -0.0152878885058647
0.112805211174031 0.0433771721180127 -0.146999555650188 -0.0099378907844172
0.145667143415306 0.0476614656897818 -0.221034806085266 -0.023455445969583
0.105633527823408 0.0868626899638657 -0.216648410004014 -0.144539625828514
0.0424530042673084 0.165622223998756 -0.155838624411324 -0.367560775137115
-0.125233761242519 0.174447045198274 0.0819931748627561 -0.456830654903427
-0.218397399944847 0.0190340840918278 0.338452197628617 -0.36473147889756
-0.126471359241521 -0.134531915442059 0.389219245197132 -0.167178451186786
0.000768435081388517 -0.145330760065667 0.14838465023448 -0.156190290565454
0.0840466732244969 -0.0344973796820464 -0.10282144270307 -0.164210748199374
0.14894926022325 -0.1166893527606 -0.614212339087417 -0.36507949938559
-0.0779031628068809 -0.234945969601682 -0.761757144076386 0.181285328610314
-0.233675224167882 -0.0755472825715365 -0.375604374718243 0.500130882426347
-0.131372692733834 0.13279604271356 0.0222231931469077 0.369354000111999
0.0340848921697853 0.137612136357497 0.0904340571842374 0.124042812242469
0.125379920120194 0.0805259746418952 -0.00986386485753688 0.00484288863656351
0.155371689304524 0.0486487244752766 -0.0911558333067985 -0.00462461635518799
0.189171396520752 0.0586830901900033 -0.161829867373224 -0.0122616528732485
0.13011468712495 0.119833581561964 -0.172737940053357 -0.112179060594215
0.0321164576020254 0.208542114974814 -0.146709348700897 -0.322156299219679
-0.178714091706086 0.182057935663129 0.0596451509583176 -0.438525787347858
-0.24951898951783 -0.0181093078112671 0.341263687775074 -0.391487022295284
-0.110897555363772 -0.165048936610041 0.442515883338967 -0.152540216103935
0.024456346544218 -0.15451306252463 0.145462457760391 -0.0870655757625385
0.110099236263304 -0.076659759448396 -0.129091753441073 -0.112059117282839
0.127516472798624 -0.198237389303614 -0.597248450760021 -0.264362057946018
-0.156457091596874 -0.248078445841747 -0.68423732172162 0.225771273685043
-0.277907017619563 -0.0108327279737941 -0.331780341671703 0.491562510243151
-0.0988115247849195 0.190860583652839 0.0288070666196805 0.371371448553909
0.0790136172439565 0.153395271469367 0.110589861405461 0.15172093836477
0.15518976933192 0.0809128651663017 0.042841736918677 0.0246943001005505
0.175969355277195 0.0472521871102213 -0.0205388727947771 -0.000257920859345604
0.200307476004719 0.0611220358943166 -0.0934101912723991 0.00229559145972818
0.121525533958254 0.128867504460594 -0.130267889836771 -0.0750986946520258
0.00557840649686215 0.19924433994209 -0.146569737633014 -0.280473123039572
-0.189121950082722 0.132778475915632 0.0458096057073697 -0.438920448221779
-0.208275665566124 -0.0536273452398172 0.374080221190447 -0.423356800146844
-0.0603926140518091 -0.142021717466807 0.514818660016324 -0.113574074956964
0.0361076156420507 -0.120464763424184 0.144147726456873 -0.00944362820310711
0.115442936802424 -0.107631788745256 -0.157418006750189 -0.0313699075152753
0.0802465811893642 -0.24088434905109 -0.557253492552911 -0.138569205842753
-0.209397462047964 -0.216704091533648 -0.594403762345762 0.259868501218418
-0.272543257024243 0.0504770399203191 -0.287437352695804 0.490747033691349
-0.0566324793285712 0.212583730420267 0.0473295314248735 0.391252991260683
0.104370414784635 0.14765638226156 0.152507507450646 0.181656863981388
0.159428605467669 0.07336156040645 0.110784529726032 0.0398306415807853
0.171155253483759 0.0383835698946053 0.0541544071346582 0.00280388094008214
0.181295070283942 0.0525970014737355 -0.0276601619784351 0.0189857584692928
0.0937339552818679 0.107498847688553 -0.102763395904781 -0.0467088819957888
-0.0122710173775928 0.142536309274156 -0.154381569287597 -0.265290019023458
-0.139221068897469 0.0623675625127396 0.057400351770097 -0.468532789599152
-0.111507731053887 -0.0543439880406451 0.449654672913555 -0.440620821640821
-0.00939124087196749 -0.0661403371219451 0.589963805025914 -0.0384396493790435
0.0295518179551278 -0.058930786747942 0.140127926041109 0.0604343988056264
0.0990663551635428 -0.100951299616079 -0.172039691301068 0.0580459014068279
0.040880376156026 -0.2111941999623 -0.492146280577771 -0.0244821186804921
-0.196335740932371 -0.156357743978874 -0.517949863140173 0.281142229782412
-0.213638230388552 0.073124949427571 -0.253174589717072 0.493518967252801
-0.0244220327769809 0.182684289689658 0.0780305815484128 0.41856116709171
0.0958403087159773 0.119556336939465 0.206309505904464 0.20497400041327
0.133287830172157 0.0573046140114154 0.181310984794203 0.0486455621539303
0.139898986902271 0.0239440401654234 0.122435263578266 0.00523690315077604
0.140153714324428 0.033762516610996 0.0230822479488533 0.0332279148152491
0.0661317405382716 0.0648449575312354 -0.0889586282582716 -0.0378263059125169
-0.000456488280537036 0.0721966680763498 -0.156311266441769 -0.285416213014264
-0.0477054031865231 0.0255892576128648 0.115021988350489 -0.50930160516698
-0.0206778689643541 -0.000117612064551166 0.561338772592146 -0.415984071933979
0.00288736235903197 0.024434979146173 0.643598883076088 0.0617056339933507
0.00621075214123249 -0.00087477130448187 0.135907871654516 0.109539113791023
0.0716805138631184 -0.0496070122061887 -0.168937446166741 0.128216603890052
0.0384933462921991 -0.124567148406224 -0.428360752630215 0.0564349932338027
-0.11754270642493 -0.0982644416817008 -0.460225589009247 0.295143369620269
-0.124985599278653 0.0405214302176989 -0.222083215757893 0.500509342434312
-0.018564974090124 0.106731307253183 0.115773089892352 0.439604096692009
0.0511233584808752 0.0760785040854656 0.257696876996416 0.2141329317892
0.0769819132927019 0.0354951259478185 0.238968181080656 0.0511536420649932
0.0859731309053404 0.00766022416817876 0.17257291282012 0.00786867358225477
0.0869441428569593 0.00961458780974474 0.0556458929011108 0.0392989924258841
0.0490386001490358 0.0166988777723011 -0.0784217592796068 -0.0506679141070286
0.0351918208072184 0.021310737251018 -0.132113455951451 -0.326032194562873
0.0334759099538143 0.0383879897803632 0.208434153665563 -0.529898019981675
0.0130454719543987 0.0724114878764018 0.66496391973453 -0.336565893065736
-0.0255834064695278 0.0773253540634858 0.658719814145148 0.171891741768445
-0.0191349375271942 0.0303497006466082 0.133845140876502 0.136407826602908
0.0283551043702249 -0.0193524569616586 -0.114663996591185 -0.187522091222177
0.0916219250147048 -0.0767442639867141 -0.665161525280926 -0.357409366649765
-0.0218182825793017 -0.168619149315994 -0.812594741679469 0.260556242922376
-0.113406825885689 -0.105420478179929 -0.341046069437288 0.593474413211913
-0.125630367888879 0.00593079491678331 0.117348692511909 0.400723385169197
-0.0716867561791161 0.0460442756649537 0.139909893700428 0.0694821735754432
-0.0308927849980854 0.0376561876938504 -0.0434286734297227 -0.0325586825521719
-0.016781971522946 0.0225062165933797 -0.178104567942634 -0.00385417713220901
-0.00843954086875323 0.0141311666542605 -0.248837463520511 -0.0215634526720796
-0.0213392157717809 -0.0120459710518291 -0.250443448837823 -0.175417395121939
-0.00104959616106648 -0.0120932642462257 -0.16510274568022 -0.419062998332947
0.028968284697197 0.0242073272228961 0.129728721093979 -0.501787472484382
-0.0137490199626718 0.0529888944813934 0.38906166113101 -0.341096161060969
-0.0622871365114509 0.0309557214359335 0.376384810498658 -0.139397486435975
-0.0614660974363924 -0.0137837807901322 0.161283761721961 -0.206881723732079
0.0324170264888627 -0.00741028147134123 -0.10490344781804 -0.187370727101648
0.11673820188145 -0.0470549556452964 -0.64263719039407 -0.404973526652476
-0.00506635377899711 -0.180455763383682 -0.834267394197148 0.1912816722432
-0.134679188487704 -0.122462179981447 -0.397635907008968 0.557959944337897
-0.142228527692964 0.0277870872089293 0.0684420442560922 0.402330405401385
-0.0483443914918564 0.0752779489390678 0.113646447320045 0.0890711773498858
0.0238719860103567 0.0533429984247512 -0.0491165416205437 -0.0225765812193638
0.0509706974129927 0.0301566122236418 -0.176176202562122 -0.000716434931363454
0.0745619856372979 0.0270300314749799 -0.251150986262604 -0.0151658022527692
0.049905279692991 0.0372003008512328 -0.24990965204283 -0.157395628028856
0.0286895472363655 0.0824522806120642 -0.177089250156954 -0.396408123992189
-0.0486690865163114 0.111958683476823 0.0945356066240781 -0.484656927411317
-0.129122368414262 0.0428301145730436 0.352026960362186 -0.358954232506499
-0.10658479217644 -0.0607599572161153 0.366224173189995 -0.168233596180687
-0.0330298126686638 -0.0913858363311403 0.151152118888111 -0.202744022740874
0.0486087084887237 -0.0068115112519941 -0.101445444480412 -0.184996971026673
0.137270106954019 -0.0534357183768628 -0.634539346059886 -0.407635256742796
-0.0216451560489734 -0.196909283581641 -0.818191724235727 0.173683552972563
-0.172283824974676 -0.110641861184092 -0.402399273409053 0.531267213109491
-0.141314758513299 0.0699939762746447 0.0392335969211984 0.386892766294262
-0.0103397219971331 0.10474122572824 0.0948263899400138 0.103868716602859
0.0784462751161742 0.0656449199684042 -0.0398210924720748 -0.00819482132510865
0.111603274536324 0.0357471583379721 -0.145058656515136 0.000902893310965056
0.144837622086831 0.038464355261823 -0.21858632297039 -0.0104866063749597
0.106126951903031 0.08172134064748 -0.221189494143085 -0.134541792597977
0.0471315441357446 0.161275145596192 -0.172433380695435 -0.361958359602808
-0.117606532855135 0.175975597420692 0.0668563488052589 -0.463701612896446
-0.217498542616149 0.0265874184356473 0.33170301525392 -0.379310868679341
-0.131430973708839 -0.129427966812754 0.388890685607091 -0.177754267775342
-0.00637338884755701 -0.143743440071369 0.145345309745996 -0.159880687037772
0.0783378556563202 -0.0324418500642026 -0.111883428424275 -0.163895474896719
0.14585188022071 -0.115865760630627 -0.628833986359928 -0.35356802481402
-0.0786600063673208 -0.226889571439303 -0.769214787731269 0.200611350276505
-0.228141359748857 -0.0684662254050393 -0.368954931507875 0.516458110420562
-0.12430874796219 0.131960117675908 0.0319372417968508 0.37185538320139
0.0387977529254088 0.131394352410353 0.0929884941174868 0.122292864761842
0.125708556011404 0.072051271709021 -0.00885562054867151 0.00879575123068113
0.154195205979034 0.0382362993057596 -0.0909182221731869 0.00261130899076935
0.188259293171389 0.0464235327405786 -0.160946253619301 -0.0038913150223739
0.131060348422136 0.112895867073256 -0.176260695613154 -0.104162027747386
0.0389422796027652 0.203070393123233 -0.162042831964115 -0.317084091352846
-0.170612653078891 0.185769787532491 0.0449235774687566 -0.445709623032394
-0.248295726470589 -0.00742214202732302 0.333172087450764 -0.407937755393976
-0.1161822725153 -0.15910096997593 0.441849067211865 -0.163879057747124
0.0152208838505918 -0.152361018088414 0.145973333182189 -0.0893260795028606
0.10328480648088 -0.0755036401724399 -0.136607867187741 -0.111844564650896
0.122484135439195 -0.1981953782032 -0.612139366447606 -0.251121628919612
-0.15813714888311 -0.237883962926851 -0.685637814956074 0.24346103526852
-0.271085228401387 -0.00280596430373988 -0.321779470235994 0.50742092360721
-0.0890899847543687 0.189385143043613 0.0395002343145815 0.372628547640135
0.085908047779446 0.145440778014465 0.114484143392482 0.146947861444495
0.155810993393325 0.0717831687148518 0.0430107742258343 0.0237350085673534
0.174883309695524 0.0353326184714053 -0.0219882081446747 0.00186344623660974
0.199483359388179 0.0467070958358022 -0.0930333009918468 0.00570578281376741
0.123546829287759 0.120584368994206 -0.133605042099616 -0.0704987207440615
0.0125295856829856 0.193455850943731 -0.160005611674145 -0.277346618549664
-0.180730067411429 0.137011102768506 0.0313006775969702 -0.447236834543252
-0.206408751439526 -0.0429870557694156 0.366755697353915 -0.440070422421682
-0.0657139361158847 -0.135159118727731 0.515853669898495 -0.124147655290586
0.025570679300579 -0.117909640770474 0.148163592316679 -0.0107425721406517
0.108221392757872 -0.106702141086359 -0.161961364262743 -0.0295345679346811
0.0742621923555552 -0.240986392534712 -0.567249966457699 -0.125624468627422
-0.211332457353183 -0.205904477890862 -0.593415814346771 0.277953071483798
-0.265279791614487 0.0603240836221922 -0.274952860437909 0.501461810692751
-0.0464769862503186 0.21183885265108 0.0593967266867733 0.39022863174103
0.111231117580864 0.139708740613288 0.156729147245591 0.173911283503717
0.16141154407104 0.0642707071098324 0.110167761229187 0.0343375624251175
0.169788458436655 0.0264374901132795 0.0516586053272944 9.04659695215233E-05
0.180358637202411 0.0386970051673338 -0.0279434207602383 0.0175721605150419
0.096106505819664 0.0999986461289875 -0.10508540003975 -0.0455487596204373
-0.00590252304930713 0.137399571424245 -0.167508009370952 -0.263463581681195
-0.131649494433476 0.0658449220830538 0.044608544581649 -0.477722498712031
-0.108963376350523 -0.0442407977482933 0.444565904941816 -0.460651334625782
-0.0133040624612005 -0.059073305283296 0.594035900847575 -0.0519557584291483
0.0187307802964144 -0.0558562404312773 0.146848161178654 0.0596029307442537
0.0929828845524719 -0.100636637860431 -0.17362210337705 0.0615599132101701
0.036331891719338 -0.211764860353007 -0.499297107812611 -0.0102012080118063
-0.198298217198417 -0.146346791684542 -0.513024649541805 0.298307178799993
-0.207841731464773 0.0814141739267251 -0.237685599702494 0.507432051243685
-0.0159309367979996 0.181709887590077 0.0929201373812931 0.415403445478182
0.102251775962183 0.113650991521779 0.212221219307205 0.193894505404596
0.135244322998953 0.0500042666804655 0.181096043370262 0.0383432395110515
0.138811376619662 0.0143223806322005 0.119141644558756 -0.00208637871542238
0.141076565360415 0.0222547483424604 0.0220968513567537 0.0270277143004931
0.0686139424682172 0.0590919859909528 -0.0916138205456919 -0.0396220609017994
0.00500854575408588 0.0685026306631768 -0.167556014598794 -0.286902916845601
-0.0411360506609994 0.0274947250369713 0.10268436235611 -0.522287439545685
-0.0175314653385653 0.00744762560054382 0.556243902528225 -0.435857226604167
0.000406310163905389 0.0309117232057608 0.651001777191928 0.047908416377555
-0.00251996022884536 0.00214645434524732 0.146522060012791 0.108251210750335
0.068440399142357 -0.0496882006168883 -0.167663690543046 0.132131507006925
0.036342887740769 -0.125861642557718 -0.431620760717802 0.0693168313688498
-0.118866032985564 -0.0919584679237876 -0.455031506230527 0.311453695567573
-0.121359455493895 0.0461717465889266 -0.207645457836204 0.510330468421687
-0.0136069353001949 0.107550158773596 0.130621317451174 0.434222823556879
0.0566886781992453 0.0732660768897901 0.263866655155002 0.199624113993707
0.0794887393012817 0.0313295075208226 0.23857084194959 0.0378857142760484
0.0860659074835708 0.00118186431220792 0.168621517174017 -0.00376922622082548
0.0883496728263776 0.00324112539850992 0.0548376912112941 0.0289233941600478
0.0508900262331007 0.0134622694981171 -0.0813021255179304 -0.0552695621574905
0.0382672125526833 0.0189309501555523 -0.14283103174467 -0.32945341143362
0.0381722363036361 0.0393871888776367 0.197535406298932 -0.54353267170539
0.0156545418384733 0.0774319373163566 0.664564326775227 -0.357514713432462
-0.0266063960493267 0.0813588459523137 0.668489948349618 0.159922600809268
-0.0248847827654698 0.0322447662515666 0.147009564546526 0.135716438936644
0.0297589301219226 -0.0218432868756699 -0.131914186115713 -0.1831396755044
0.0912802632772747 -0.082040259534196 -0.690452473173162 -0.334524473228731
-0.0282877527520756 -0.170327647776664 -0.817005895205716 0.299590288359479
-0.11840736437437 -0.104058240750822 -0.327553113184199 0.621386519402506
-0.129398637223311 0.0125436919960451 0.136039400826659 0.406450115086398
-0.0707189298502616 0.0509760570602853 0.144912400925782 0.0686227722581491
-0.0303151077058648 0.0408048381486343 -0.0404942735836491 -0.0247682226112553
-0.0167025652148445 0.0247076522000713 -0.174415509829429 0.0121264488206463
-0.00830766037060489 0.0143885316307291 -0.248158555333662 -0.00343971387946568
-0.024050425435523 -0.00934315950202216 -0.260787051172885 -0.161240104310932
-0.00438631782576033 -0.0114418103289012 -0.191524971134909 -0.41293332359936
0.0292008770147165 0.0197978652377689 0.1020821637073 -0.514620826568369
-0.0121455130627162 0.052798778298864 0.378112099603904 -0.366024251606749
-0.0622776834219267 0.0333267673837701 0.376888866643958 -0.157755852483673
-0.0614449778134333 -0.0105778471796064 0.153826967833235 -0.216562843841471
0.030809924975249 -0.00775341740691898 -0.121509611718015 -0.184177121720355
0.116268835415538 -0.0495449823269145 -0.669125496405223 -0.383324895748168
-0.00973473407022069 -0.178986840794887 -0.840479683207338 0.226783474475753
-0.136232007562424 -0.118984410865439 -0.384210987829971 0.587300679207419
-0.142828992645028 0.032258582746603 0.0862768904654623 0.410646677789058
-0.0455324665247341 0.0763299075724444 0.118524363556667 0.0881804901892372
0.0253122804559398 0.0513272562146314 -0.0470276851320041 -0.0146762843418728
0.050168650610589 0.0260451607249186 -0.172872330851526 0.0148528114496041
0.074250630574475 0.0208896026095763 -0.250188249004611 0.00326022975042866
0.0496684872337407 0.0354934637091494 -0.259770586372685 -0.142485147132217
0.0319611953900122 0.0808116119919405 -0.202652804992721 -0.389169854491609
-0.0439206536454843 0.11250543385736 0.067438346558867 -0.497199032668285
-0.128242643978873 0.0491195320647711 0.339206783328793 -0.384351845800838
-0.11035672350693 -0.0560029962488638 0.36489513326043 -0.18841055381049
-0.0382394349695493 -0.0892016112628888 0.144105999405155 -0.211730589157726
0.0454431880090075 -0.00580463270487968 -0.116296118694168 -0.183082283047574
0.136774932541684 -0.0552709337531179 -0.661487570948013 -0.389047856636219
-0.0257008117375841 -0.192621338409168 -0.827188959653385 0.208540376024642
-0.170722393037955 -0.104378348796122 -0.390743405000835 0.559196723898204
-0.137225700910543 0.0732731270499101 0.0560984514751639 0.394932031317922
-0.00495227868800559 0.10106922478272 0.0991645482470943 0.103597028350674
0.081127906740139 0.0586593111747893 -0.0381402814469104 -0.00145566717646894
0.110762785290556 0.0263411982576781 -0.143624015976975 0.0145445951584149
0.144959447179562 0.0261813967383255 -0.218514975158682 0.00643803949030121
0.108611101971984 0.0761949457788417 -0.228530324870847 -0.120914258788944
0.0541288549503536 0.1577274461397 -0.195967531607249 -0.353853294271241
-0.109571239251087 0.181383029483971 0.0428666452795723 -0.474609735275531
-0.217121043245393 0.0381826803437886 0.318133229174575 -0.405387264701187
-0.139114219590986 -0.123025449768811 0.387736350563107 -0.197297145961072
-0.015947749218271 -0.142085485963468 0.141281897729604 -0.166739730085499
0.0732469542386743 -0.0322079426728203 -0.125157036945191 -0.162549271028387
0.141872702404216 -0.118600559918588 -0.654709902121979 -0.333328514347885
-0.0846525174875523 -0.218805479658757 -0.773724300492633 0.236148594570181
-0.224596147415637 -0.0591512330379734 -0.355032048730809 0.543468140200271
-0.115004871305336 0.134283576566753 0.0488187974481981 0.377867907246864
0.0470157200714434 0.123797381588632 0.098195098440716 0.120189831726338
0.128935972971315 0.061603782318536 -0.0076341287985509 0.0120413515718821
0.15371151291552 0.025469198831452 -0.0903378592596793 0.011354582239679
0.188788021677263 0.0301141499630869 -0.161571067614545 0.00862967610751232
0.135549632746392 0.104793389062053 -0.182813726655349 -0.0940379955630045
0.0487303070411185 0.198826722988347 -0.183486877817889 -0.310268791962872
-0.160176680584641 0.193324291369122 0.021142159914934 -0.456111055665525
-0.247955249705589 0.00686968822731578 0.319081642795194 -0.43329744972426
-0.125237255006112 -0.15066584095347 0.443699585984992 -0.18439780913615
0.00327971309457327 -0.150558449767869 0.145675438750905 -0.0953180656002618
0.0966407445880666 -0.0765123087922791 -0.146293458309004 -0.1080739868054
0.115084705368738 -0.202170658204828 -0.635060365067733 -0.22981877964392
-0.165600472715446 -0.227285138423829 -0.689215007890792 0.278687131128385
-0.266091281010471 0.0102986075599549 -0.304722405077094 0.530473031636068
-0.0767866063342529 0.190498477939591 0.0569806157258047 0.375167058814724
0.0953956784731063 0.136173875642764 0.12102168306393 0.14140788265799
0.160006466110551 0.0597241651432681 0.0443388068160991 0.0226090323573466
0.174942748326213 0.0206005290199999 -0.0232670426924824 0.00501692014751347
0.200169670923289 0.0291782109779431 -0.0936410467074775 0.0121691241985996
0.128547245134255 0.111779927877488 -0.138864279093295 -0.064203803574245
0.0227555735230814 0.189099245868971 -0.179342320687 -0.272188001762027
-0.170849871602349 0.145913614380982 0.00793957462029325 -0.459015297350808
-0.205483078587315 -0.0287788641166948 0.351700493538838 -0.466854039882815
-0.0733921096604824 -0.127132558770864 0.520638903347161 -0.147639037935327
0.0135462145858475 -0.115470210684612 0.152210736409183 -0.0158738031955686
0.100704712723046 -0.108980469505281 -0.167865454792678 -0.0240071056442936
0.0643301878621989 -0.245497789312343 -0.583254626692135 -0.101580770899191
-0.218570604757601 -0.193740370560336 -0.590764054406423 0.308642575109974
-0.259300022231978 0.0736220288869621 -0.255655256725745 0.524805777757036
-0.032483522849967 0.212215048071704 0.0797656346928049 0.391128454133768
0.121772928347151 0.129873686891561 0.165136105050841 0.164755413146909
0.165578139593174 0.0525501893921322 0.111651805939355 0.0270721598488072
0.170100636842612 0.0122254310658947 0.0493261875194351 -0.00363099249462393
0.181130505755811 0.0218539316066739 -0.0301021541602402 0.0176226549821162
0.100829461578074 0.091542965293824 -0.10991917877444 -0.0427496103954617
0.00233193624860056 0.133358207338428 -0.185855323238561 -0.260628296484564
-0.123946453178525 0.0721081682994758 0.0215704904583814 -0.491502253288699
-0.106582246080519 -0.0329572297768092 0.431279949892787 -0.49079145511812
-0.0180975879876452 -0.0513961681680815 0.601962951738285 -0.0771388533627021
0.00783441027353923 -0.0519588146085556 0.157314523161248 0.0549289987953948
0.0864981946178964 -0.102787739004182 -0.174167935917333 0.0689053676821132
0.0273202348991243 -0.215048665641353 -0.507246876772445 0.0118993277279328
-0.203657851505236 -0.13541901547741 -0.507612671465269 0.326132466585167
-0.200852443828131 0.0933269704580282 -0.216669169472774 0.526041099725415
-0.00402657448396291 0.182112444363114 0.114310888339073 0.413015179370677
0.111823771563747 0.105568432693444 0.22214383946664 0.180597892911395
0.139997638372679 0.0404530962658327 0.182577942650135 0.0248394914876284
0.138881227121696 0.00224426204310973 0.115866527268518 -0.0121885125445065
0.141411452865256 0.00895821193656982 0.0205107389054124 0.021233235344514
0.0726554628090438 0.0519757824122141 -0.0962714617111026 -0.0407767724777209
0.0109730569709287 0.0641070387649618 -0.186496952868252 -0.286242234370457
-0.0343121283947165 0.0307446235957507 0.0804847701359969 -0.539688605847803
-0.0136515269450499 0.0157680842938269 0.548948830571786 -0.469558794875134
-0.00166965127048652 0.0374924465357316 0.664203546214125 0.0234067422912782
-0.0107612848880796 0.00677022550833597 0.160161728735024 0.104869052956177
0.0651566038568736 -0.0511504751928171 -0.164269940543441 0.141303028680386
0.0320791931315464 -0.12928675028396 -0.435518446086287 0.0901806013790114
-0.121199882005506 -0.0843328586276897 -0.447620005747423 0.336849500051043
-0.117573968252153 0.0537656429823903 -0.182994275754427 0.529308040834527
-0.00641524737519193 0.108652900036594 0.153705945868208 0.430806780313071
0.0639054610641309 0.0693676323421447 0.274961946799576 0.183540508544861
0.0836434760285051 0.0259137245260487 0.24031656596651 0.0199741346925344
0.0863350234876674 -0.00619229667127639 0.165363146607966 -0.0175729994441034
0.0897474480388891 -0.00563410639008227 0.053002760575204 0.0196002367361835
0.0531671594814931 0.00966918288821464 -0.0869418591140337 -0.0585052897958481
0.0417256542627487 0.0163531130680988 -0.160719005700308 -0.332277804291477
0.0440230478982569 0.0399225559449952 0.17570680136036 -0.566409490552394
0.0205271824951468 0.083311691246866 0.661886402114188 -0.393312248700439
-0.0270512967377344 0.0871648395941 0.688357013308341 0.136739376319149
-0.0302614947387086 0.036342935642193 0.163798523479199 0.131906406967161
0.029469858709781 -0.0254566272855183 -0.150318812073305 -0.173077472765755
0.0881311899361021 -0.0892653431845497 -0.714112084423388 -0.294745692334386
-0.0371405119496279 -0.169822421540816 -0.806239604242764 0.348445232449085
-0.123699315883285 -0.0996172355080067 -0.297383664506258 0.649956388308207
-0.130824942425077 0.0220936536426042 0.162453915341934 0.405721711979869
-0.067541005150242 0.0568671515516598 0.149305547329233 0.0639364628739665
-0.0280808302376527 0.0438462621135698 -0.0366976758631421 -0.0175119268841695
-0.0160547983256122 0.0268689179635068 -0.166625594846312 0.0297930987903972
-0.00806865319681925 0.014806596856583 -0.242484937871052 0.0188619847056832
-0.0257814750040299 -0.00563022353413019 -0.269742470397584 -0.138864510656726
-0.00684186341306265 -0.0100269390431773 -0.222390465597725 -0.395828747253611
0.0287267380835596 0.015013343320175 0.0650875744840472 -0.521282429360671
-0.00970217945395519 0.0527717657046891 0.354960761916115 -0.39519570060471
-0.0601199181456492 0.0368663865792222 0.369431430276716 -0.183116138933687
-0.0603043570595292 -0.0055109166390021 0.140813630184974 -0.227353414817368
0.0288875023232721 -0.00830823862664453 -0.139172289319935 -0.175381397741419
0.114163191837903 -0.0544077650543451 -0.696550688537598 -0.345198954183439
-0.0168102313059505 -0.175859185653254 -0.835171390795641 0.276534626220443
-0.138751429534565 -0.1132385843968 -0.357615585253743 0.618151570040436
-0.140148927542312 0.039747554017386 0.110380303009245 0.411734817990833
-0.0409209549877937 0.0769352395166516 0.12343656319145 0.085999096430264
0.0266991799075002 0.0480363510187023 -0.0438511576180176 -0.00626364891896317
0.049309044953032 0.0214324224609436 -0.165889022650341 0.0327000307128893
0.0729228936716122 0.0132056554167975 -0.24487069901459 0.0267896847278883
0.050097106983298 0.0323160393301679 -0.266415723090343 -0.120388443075596
0.035559702809668 0.0780600026816603 -0.231298683514842 -0.372100349377941
-0.0364349524470036 0.112786714629152 0.0310965019482633 -0.502407714645549
-0.124495969655762 0.057345915040942 0.314537478349556 -0.410373154995501
-0.11470287682292 -0.0481166589631559 0.356369438575297 -0.211494404357464
-0.0436148446000095 -0.0846384024615952 0.130836767334854 -0.221005762328536
0.0413883985827338 -0.00576250656453119 -0.133034936980024 -0.175427199795382
0.133073406761623 -0.058819169086686 -0.686072374028435 -0.352065113151765
-0.0318665975552656 -0.186212630712294 -0.823311531112834 0.256941490556097
-0.169277813280836 -0.0949530045443754 -0.362826690146207 0.588907975510644
-0.130331134539172 0.077723782538905 0.0795657833671516 0.397473605316531
0.00135424137362702 0.0963212156623266 0.104352382889875 0.101329592713895
0.0824556671488751 0.0492121163252052 -0.0358184710845618 0.005301785969551
0.108348841707171 0.0157417946778579 -0.138015993348979 0.0300791291103427
0.141872806845887 0.0115455707574044 -0.214386903950989 0.0272248446141372
0.111139992830822 0.0668135463967369 -0.234724189151642 -0.100794151836418
0.0634534456803176 0.151459771581985 -0.222525719278136 -0.337479820467494
-0.0955096328337187 0.184953555719445 0.00683083476005306 -0.478671918252277
-0.212293574679784 0.053530443090894 0.292908886475901 -0.429809144007975
-0.147373749061227 -0.111056265791959 0.377850719708868 -0.221765572564146
-0.0271495557780641 -0.137676079964313 0.131231380006249 -0.175342142859648
0.0668801671705746 -0.0322638001522309 -0.138555609114986 -0.155152393028481
0.134144289005383 -0.122000301913986 -0.680573567403366 -0.296874651809443
-0.0918081848796137 -0.207593772330832 -0.765686687717005 0.283639498695688
-0.219808740888014 -0.0454936404000725 -0.32548501379048 0.56999435568813
-0.102760653443587 0.136132684666535 0.0717700613136205 0.378582502579352
0.0552619677925269 0.113636722247801 0.104336668337059 0.115414171378691
0.130437921482745 0.0477517905548717 -0.00604226418307004 0.014140613727001
0.15119176144579 0.00994864119915035 -0.0879364029016072 0.0211295595281592
0.184874697264296 0.0107127392363985 -0.158744060367092 0.0237613312462903
0.140140517745937 0.0923509616968056 -0.187893387776646 -0.0786342633504453
0.0615893459816297 0.191054177398925 -0.207769181271529 -0.295344714260202
-0.144411957675297 0.20062378760333 -0.0134592276052488 -0.460172033703208
-0.243573195782911 0.025558369795528 0.292633540474809 -0.458185011915384
-0.134936462723227 -0.138475749581251 0.43480883472411 -0.212238569769735
-0.0100524119030152 -0.145561364724717 0.141127627928418 -0.103505957352343
0.0878545116147295 -0.0777938706032366 -0.156018953033137 -0.100353093734804
0.102095020048822 -0.206214841856294 -0.651710036266992 -0.191575872921714
-0.173660291171945 -0.211974869467957 -0.676770566628834 0.322003103876012
-0.258030785493551 0.0264119402084602 -0.272911020759611 0.556658961198903
-0.0599148617649833 0.189798862101517 0.0810158060689509 0.37257916841709
0.104950216951695 0.122670036601903 0.128289393779214 0.133402597618835
0.16257712391966 0.0433454134768333 0.0449287395662508 0.0192995719444205
0.171713984666079 0.00302583537158588 -0.023301828875125 0.00821875038029346
0.195956891410685 0.00811068818136493 -0.0928192347658697 0.0206436800094426
0.133794626685481 0.0984961024328351 -0.142932753295667 -0.053474405973753
0.035550760850766 0.181885845819405 -0.20215045037666 -0.259505283161097
-0.156960608840669 0.153440420630639 -0.0257700309125327 -0.463846403342921
-0.201783965665485 -0.012291967777458 0.322082855127888 -0.49404316194195
-0.0816687992026463 -0.114947530571925 0.515919611757854 -0.178870511753544
0.00036205233238565 -0.109475698705299 0.154706308843725 -0.0243142858427822
0.090413375259277 -0.111288255582976 -0.170858060159711 -0.0144306195319658
0.047948692559111 -0.247724868834453 -0.592713156254792 -0.0640654204062566
-0.225815136178512 -0.176010898413316 -0.576394559856696 0.34762001420013
-0.248002271326724 0.0904390160989597 -0.222547013586182 0.544567434365575
-0.0147883701936367 0.209649439646823 0.104788884574326 0.385075871002263
0.131473544539684 0.115131917521702 0.173897212016699 0.151377142745896
0.168728727662288 0.036000522494184 0.111044989423379 0.016656709813389
0.166810022592069 -0.00509745080766486 0.0460200160767203 -0.00757409364843559
0.178184668333316 0.00138890730340606 -0.0307873626193746 0.0186893399757762
0.105826501356298 0.0790453694245879 -0.113810706682261 -0.0366422883958839
0.0124855536982877 0.126952332681074 -0.20749446756833 -0.249729464044717
-0.112051848263266 0.078357775003981 -0.0138336940803068 -0.497503381729938
-0.102048614460552 -0.0206762181750462 0.402190025344016 -0.521323960497017
-0.0227935183279574 -0.0415840718758353 0.60419060777938 -0.112682833115854
-0.00265251751479892 -0.0458021002462178 0.165316766591369 0.0461996499359869
0.0778668690260414 -0.10588611019115 -0.171213278375036 0.0794590210761275
0.0131917685276843 -0.216828976388726 -0.509585672881468 0.0450334089711862
-0.209359915907088 -0.119126206390172 -0.489895780320124 0.361815268825952
-0.1905883999072 0.105926667988157 -0.181402737960603 0.543503703629732
0.0114748138471673 0.179421665840496 0.142075945285597 0.404323717445113
0.120793666773476 0.0932069942498371 0.230794347271098 0.161821793624761
0.142282081984415 0.027646411638868 0.18070333976854 0.00856833524520757
0.136445060981506 -0.012324697742659 0.110144172517399 -0.0230300639181628
0.138845722627868 -0.00772764171674199 0.0175690148131609 0.0159711107269124
0.075832655782728 0.0421247283406672 -0.101062699245325 -0.0375888997792699
0.0175379347598983 0.0588098544909827 -0.209096985566875 -0.27840689622158
-0.0255177784195246 0.032749443855085 0.0441712571586973 -0.551152251999669
-0.00771698228535145 0.0235045884836235 0.523740320414969 -0.506195928590706
-0.00207853314000065 0.0456956392534657 0.67097830741201 -0.0138906336278843
-0.0176092695352942 0.0131201061744632 0.173573996423371 0.0947888318261817
0.0601681929517213 -0.0544234805244838 -0.155850520495115 0.151863813220024
0.0232878517040435 -0.132247495790117 -0.431658955290631 0.119683482228587
-0.124991487589853 -0.0751043343746086 -0.427416882199679 0.368696788364
-0.110565345689064 0.062711547208787 -0.147950589565251 0.542999607947059
0.00317503409058467 0.10876009605799 0.18315082589887 0.416806272143313
0.0714934180113577 0.0623125753657224 0.284061853025175 0.159389437252149
0.0862804693970102 0.0177700763036945 0.237458614508281 -0.00212909498212626
0.0843194300877741 -0.0154943386853065 0.158303642623962 -0.0340699517557561
0.088709469463095 -0.0169090044841534 0.0495431069251405 0.00953403247083516
0.055216668591719 0.00282858274175455 -0.0937432952240216 -0.0586041685583495
0.0455701511925827 0.0119011455161016 -0.185158769083458 -0.328207499994013
0.0508442131034466 0.0390901572644692 0.143051213365732 -0.584060978658229
0.0272224312704875 0.0874104680622498 0.645484539437425 -0.434683661792055
-0.0256258110807781 0.0940724178946853 0.702390352638363 0.0983379225173341
-0.0331277015531592 0.041307024635654 0.180378981115803 0.12175980561308
0.0201902938037787 -0.0334106979917587 -0.17808886633093 -0.135213923009099
0.0526761001170933 -0.100288496620958 -0.737320733885941 -0.160002814088327
-0.0748390446762887 -0.145238699964727 -0.712231568531852 0.473447201981091
-0.13763456959536 -0.0615331778158341 -0.173244097025102 0.683478259697486
-0.11570095373237 0.0523189544577449 0.226697642511511 0.366987164819992
-0.0515387232544516 0.0661390050977193 0.153045718770165 0.0384398620982604
-0.0202362970664759 0.0493679715057913 -0.0325712382066971 -0.009244296964063
-0.0134666074057365 0.0318134235218137 -0.14700383623855 0.0594279447009782
-0.0073411789179311 0.0185344932508691 -0.225724892929047 0.0591367127084171
-0.0285327835944444 0.00449470191830058 -0.279790377229893 -0.0918676519838218
-0.014115121982132 -0.00504921094489265 -0.275005334339499 -0.345316310842097
0.0206944144076326 0.0083294283495489 -0.0159308652343394 -0.51400938652794
-0.00974153085129132 0.0496115791606928 0.287323394404067 -0.438999632632752
-0.0573816024106965 0.043801908672015 0.340288074869333 -0.23391702002125
-0.0594060389394976 0.00333765831535558 0.106307627127569 -0.237588821600137
0.0197908219136244 -0.0138043537254708 -0.167576382043661 -0.140280711699829
0.0823498394571524 -0.0690371315176127 -0.730338311291545 -0.213098607610662
-0.0546298134032692 -0.152225454002207 -0.754641184763939 0.410876927245203
-0.151930531951632 -0.0716503668051182 -0.235564758196212 0.660224434771919
-0.12119720321441 0.0679724297849707 0.177038262920477 0.380831426560573
-0.0237907934419909 0.078538892867561 0.130325270840838 0.0647115036683953
0.0322699034458987 0.0404306178755368 -0.0406218684494016 0.00417719665583091
0.0467775979422431 0.0141223591535382 -0.146782246831314 0.0635161135805781
0.0684301660201211 0.00073350732426466 -0.226980206187447 0.0685600014578848
0.0513500961220103 0.0262593814923763 -0.276159479381664 -0.0742964698840471
0.0422412557306264 0.0706018809165835 -0.28171472146658 -0.320754495092546
-0.0236405012623415 0.115158624657648 -0.0433470825051769 -0.495050006074481
-0.118403140470742 0.0741936458096341 0.249335116295601 -0.447056369021794
-0.123871575249343 -0.0277270859748097 0.319624754325731 -0.256310244294767
-0.0568394871520604 -0.0748987533916858 0.094506209549528 -0.228417732283655
0.0307300685995687 -0.0113302597903895 -0.161135769721727 -0.143153856257989
0.09837926775139 -0.0745135390201138 -0.723382506391073 -0.219431337299465
-0.0689449296329134 -0.157145461832012 -0.742728662989158 0.389905180498207
-0.17537843253992 -0.0491303938975517 -0.244321632906468 0.63370551467486
-0.10359859147208 0.100388284157341 0.142471629255259 0.370657668164426
0.0191882857903238 0.0874047306444426 0.113717053915611 0.0833308779000338
0.0859134994879746 0.028890373749501 -0.0341870241596192 0.0141463605853116
0.101469738205358 -0.00294445917020268 -0.121892643083735 0.0570820126311131
0.133483157727797 -0.0151896674287475 -0.198552892364056 0.0646486010586242
0.11610043620435 0.0478291845567549 -0.243335947953286 -0.0606502400129735
0.0821471401788072 0.134225641771115 -0.269417313064242 -0.290471574708337
-0.066316144535849 0.196465274050705 -0.0627960828591115 -0.47040289612253
-0.202380602053395 0.0865198313853955 0.227089283306996 -0.463508326154296
-0.16578536798665 -0.082118438361218 0.338274770741359 -0.266474609194553
-0.0504506721178154 -0.127479595551182 0.100448056516051 -0.183580145893246
0.0499352663700856 -0.0402843907370756 -0.161632482494443 -0.122193376346605
0.0878229357760585 -0.13336993875222 -0.70415407863617 -0.165059948148181
-0.128634189453041 -0.166469112558403 -0.682360739934616 0.402496229603144
-0.213046103107124 0.00807515289568926 -0.210965751250777 0.604419619923693
-0.0661853046160474 0.149243233497965 0.129181738619168 0.352403980565412
0.0737295879214698 0.0936797841882205 0.113816143237557 0.0961750799471654
0.133239282746817 0.0168220624246712 -0.0078438099777306 0.0171033599708708
0.140381351035437 -0.0173694039303639 -0.0782042999846815 0.0403168580985741
0.17410040291773 -0.025300534336008 -0.147137895459616 0.0526248395195551
0.14840611141266 0.065014712001147 -0.195015265063329 -0.0469809133678805
0.0874625718195129 0.170756385339825 -0.249567984819042 -0.254174184539417
-0.108345185349777 0.219938235573631 -0.0776650334101861 -0.451314980189172
-0.234486599177204 0.0652682232890931 0.223426144563793 -0.490016390153234
-0.157482459555928 -0.108186214959373 0.394691943168022 -0.263923828396241
-0.0360773616474957 -0.136711659152013 0.120210930253019 -0.115347884834611
0.0628689451391271 -0.0868614148588874 -0.166075597839484 -0.0664776384633076
0.042955139200211 -0.206718868640111 -0.65443232155814 -0.0684545925129759
-0.207467765146929 -0.155939476917371 -0.585787294646407 0.422774320585905
-0.235294508298679 0.0845391481853058 -0.161574250943409 0.575923017774074
-0.0159947367158976 0.19383922565612 0.135465349585238 0.344427441162415
0.124359703969914 0.0930064714516051 0.138309721106761 0.108604951714905
0.164872127537397 0.00576820478300565 0.0386712599340857 0.0116912446367713
0.158784134052651 -0.0286051548198038 -0.0216066421831701 0.016578546904324
0.18435660374655 -0.0315262644604484 -0.0861095049469479 0.0379181459273536
0.143885726762295 0.069679183161506 -0.149034951344819 -0.0310620719878924
0.0622202892171785 0.16448549116793 -0.23963228283237 -0.221778283854391
-0.127054431187378 0.175913269922269 -0.0891424627420841 -0.451771676723616
-0.19915402138781 0.0229019122245624 0.248651180499989 -0.528831175439195
-0.102553257347463 -0.0934041984251662 0.480627986238982 -0.245240521880544
-0.0213231958951322 -0.100934882322752 0.146196719588088 -0.0408132625277001
0.0599513069681832 -0.118664211397938 -0.16488891268997 0.0195880368192008
-0.0138947301986567 -0.236743759132695 -0.573690795275327 0.0439149509291365
-0.251040924300869 -0.113626459067501 -0.483346838578061 0.426736342193074
-0.214674102800838 0.144204721022121 -0.117732064255873 0.553294800112187
0.0320838766313489 0.205289999952868 0.159298121676431 0.351958379616386
0.150297229405873 0.0826578132278443 0.184055811899979 0.116352435687031
0.171144478974712 -0.00241503629890638 0.0996510764729764 -0.0036209885678526
0.154389609664095 -0.0363667435168113 0.0398873181210528 -0.0123580448249864
0.166681952032817 -0.0355350682316582 -0.0295176034418295 0.0235844347518431
0.114005623413968 0.0548055541827833 -0.119727555214857 -0.0204309544005161
0.0314062340298129 0.115403030575981 -0.243448777900891 -0.212780168514526
-0.0958244618034033 0.0949856216901553 -0.0840206191900026 -0.487647053834434
-0.10454965591881 -0.00060042289753106 0.321615869009865 -0.567291445521143
-0.0343454920523846 -0.0319113814555799 0.576150672226138 -0.192411072857683
-0.0144514673650978 -0.0380619134099156 0.168867525906894 0.0242266659045924
0.0500286587942697 -0.110180928151968 -0.14837861903186 0.108554193457191
-0.0394388273511202 -0.20126808361153 -0.47458857945877 0.134199440002136
-0.223801918568187 -0.0633418175967903 -0.399977479587467 0.424455780895485
-0.156724288660256 0.14998643800358 -0.0798748287634476 0.546418694654224
0.0523268150110901 0.174143394952345 0.199310728558221 0.364248443536959
0.138726062527601 0.0636428397070788 0.240876486793302 0.114867982566155
0.145530613162804 -0.00598317769787281 0.165165025187064 -0.0248303212100116
0.125589011471889 -0.0391817395993721 0.096313679812107 -0.0397891911548605
0.129227995910586 -0.0380417386711595 0.015076685911402 0.0116035611965039
0.0793945855722458 0.0238156519640554 -0.108673630974465 -0.0255245264852054
0.0255906451506712 0.0503427317153301 -0.248117482091202 -0.242748589140549
-0.0203474679129635 0.0370222474109102 -0.0329057712051751 -0.547852432694288
-0.0081537022727346 0.0259218814031281 0.442602205825761 -0.570833933890269
-0.00183599204108508 0.047632888393795 0.662409580574472 -0.107517495520161
-0.0202085647591883 0.0200367636338066 0.186532005032453 0.0694895755377579
0.0447717672617916 -0.0580904439737744 -0.122711527664416 0.173339285850385
-0.0108068231793623 -0.12379137295159 -0.389614330531431 0.192442644069609
-0.133906729685869 -0.0375669277450347 -0.341135395197084 0.42581193234106
-0.0889744973399238 0.0925484440717571 -0.0474690019595132 0.545588370398865
0.0327639207260981 0.109187657596321 0.24386736059126 0.368559191074205
0.0884788494144583 0.0431012408809805 0.292151378963912 0.101713387604432
0.0907213882965128 -0.00418830767750742 0.219402143615982 -0.0478405941152086
0.0776817173931226 -0.0331584432505124 0.140730864507579 -0.0607934898203137
0.081357873662141 -0.0368758197569048 0.0433162662032224 -0.00209486809734545
0.0542929009839886 -0.00929131805220303 -0.104233709958971 -0.0485637643983362
0.0444018127399325 0.00295078763287399 -0.232216254649192 -0.295334000481614
0.0518470478621792 0.0300354413934333 0.0580288561921442 -0.591557467727588
0.0325623123476181 0.0797885266563363 0.573241486224247 -0.518743466184627
-0.0171429087930565 0.0943403150002537 0.708995306014673 -0.00228296966559195
-0.0294948249454304 0.0470260334927366 0.199781396950179 0.0929662484722909
0.0185006188780377 -0.0347932845092161 -0.182463719713459 -0.118002975997223
0.0464917389717001 -0.101335010735101 -0.719742514250038 -0.120834423085309
-0.0781830516593044 -0.13833805628344 -0.67080992276105 0.488827542406443
-0.136265084215982 -0.0563544146152324 -0.137291769419464 0.676336846126139
-0.109698639960194 0.0571098422691355 0.238290014169302 0.349417155000349
-0.0467748427011669 0.0671157104970323 0.151390241700512 0.0355051392918102
-0.0176462497139476 0.0495617442766567 -0.0269408627176164 -0.00410970092871849
-0.0116441957485023 0.032009077394034 -0.130615091616451 0.0672876234052024
-0.00750752024799862 0.0185157010788885 -0.206841954131532 0.0731155568027851
-0.0276629501786145 0.00720380686113293 -0.270280791107336 -0.0687203559425608
-0.0149492406886925 -0.00375019795574766 -0.282745738858013 -0.312305860322449
0.0176131109128743 0.00480196531963844 -0.0429986590394863 -0.490625493545462
-0.00805617045632294 0.047374617815392 0.252471287404784 -0.438104186006872
-0.0524678267907145 0.044930247404322 0.3157631512414 -0.241490008658434
-0.0539774110419535 0.00590997443235777 0.0893947147881295 -0.233761900043584
0.0167825406788598 -0.0131317970200291 -0.172674202141366 -0.124515999223746
0.076758774486222 -0.0680669856888779 -0.715296163349166 -0.174143592712332
-0.0563591438931869 -0.143241302425151 -0.713412499279276 0.428517859217998
-0.146554864335647 -0.065829070109834 -0.198159307210071 0.656543714577593
-0.113327998436963 0.0687645141113884 0.190277321763413 0.366412201280653
-0.0209515485212385 0.0742529148978733 0.130389374960475 0.0623648810901744
0.030413212824005 0.0360174998237266 -0.0350136719857737 0.00989637686946385
0.0432080323106701 0.0104941764771112 -0.130539997229967 0.071840303184425
0.0619855733602322 -0.00439268466790609 -0.207804909313075 0.0828476533697901
0.0491145496220187 0.0225334457880008 -0.264993796971143 -0.0527532933442002
0.0429826356681526 0.0646643023488807 -0.288099145374156 -0.288978591406121
-0.0182709564905079 0.109210052303419 -0.0681837213941277 -0.470328971767906
-0.110130843193974 0.0773345661185344 0.21657296224072 -0.446055901952656
-0.119664556343934 -0.0190757806435012 0.296053647188706 -0.263067955056062
-0.0569232010992903 -0.0678175720637716 0.0792834143009162 -0.224245536928845
0.0259263051058321 -0.00813119808760331 -0.165212324631431 -0.129206703526026
0.0911024485164514 -0.0716375528360406 -0.709061750863482 -0.181181217895442
-0.0683754420112983 -0.144964814995584 -0.704036756706888 0.407843031586885
-0.165077407762996 -0.0430344872167895 -0.208369251857337 0.629890718838258
-0.0941880780890759 0.0959828231913015 0.156159430348041 0.356688934846727
0.0206127076618012 0.0781253979525469 0.114293605093663 0.0793819305236538
0.0804844645521659 0.0196388206174665 -0.0296549252463473 0.0190826417680331
0.0932280060764821 -0.0100695524588546 -0.109494083958945 0.0642441510172329
0.12163527079479 -0.023913925831008 -0.180867899438232 0.077427375775054
0.11161287610811 0.0382064426240544 -0.233838792101275 -0.0427778065130489
0.0844084493008935 0.121876137454325 -0.276096848644266 -0.260605594850762
-0.0536591184386672 0.189178625721234 -0.0858155480078476 -0.44767707452905
-0.18737283988041 0.0930705741137908 0.194236613504893 -0.459509511869549
-0.161746891958518 -0.0672467997084528 0.314957318078891 -0.274305342766132
-0.054440606612169 -0.116971901905162 0.0877930675653513 -0.180657672951702
0.0428688465746336 -0.0362243706980936 -0.163941414729823 -0.111418142568046
0.0782114696971331 -0.126635197205726 -0.688556830010131 -0.130931237169322
-0.12504735771322 -0.150167221371574 -0.644917436036454 0.420702948776706
-0.197036150239744 0.0144379327420292 -0.175192662688484 0.599038729321596
-0.054950031236113 0.140463362764152 0.142802925851394 0.337745527167511
0.0728542043090161 0.079557535298661 0.114436783474121 0.089728119550981
0.12464174777724 0.00420412872064143 -0.00595382062697309 0.0199880697568543
0.128958380101424 -0.027155598175143 -0.0705449612179774 0.0456748799874747
0.158546867605685 -0.037165285537388 -0.134207438825418 0.0619434198237467
0.142829349351219 0.0516838697527781 -0.186853637962589 -0.0331120929563977
0.0911796643826553 0.155289101588706 -0.2559436413594 -0.227091215444523
-0.0911251201588868 0.213213198818522 -0.101063304449101 -0.428526318623667
-0.218204120871623 0.0747660589739312 0.189373039620104 -0.485951670794334
-0.154503176781914 -0.0910766779950803 0.370494173529117 -0.27452136346924
-0.0428661516901969 -0.124037699315802 0.11179217271836 -0.115025096309726
0.0532352934214595 -0.0820618562423284 -0.165197604364967 -0.0576810132374092
0.0309257570168903 -0.196283736168073 -0.63552850675369 -0.0374477159229094
-0.200881141042493 -0.137022699861893 -0.549162489709287 0.435988499356638
-0.215524818728168 0.090487032958808 -0.127146248909886 0.567750689828897
-0.00332222378268305 0.181040519412048 0.14808565027938 0.327704994699865
0.121708568801775 0.075664498453118 0.137783262141213 0.0980762197719797
0.155439804045065 -0.0082970272532262 0.0364503960372197 0.0102279637720567
0.146303373103131 -0.0399657015160876 -0.0195618787669003 0.0182263876958707
0.167407379455777 -0.0451156510799284 -0.079226074392673 0.0433178055695304
0.137736871079859 0.054922121218377 -0.143660445710104 -0.0217331593807627
0.0668785562352418 0.149461084936821 -0.245044851824182 -0.198127968216149
-0.109289341173956 0.171125695189239 -0.112377263803432 -0.430620954930913
-0.184038077311826 0.0338581535315291 0.213859723162086 -0.525195508128476
-0.100343878857242 -0.076986102279255 0.455419219827598 -0.259654096826871
-0.0284249447937866 -0.089669630432871 0.14106163463595 -0.0454953204811202
0.0492689692288587 -0.113405851269278 -0.158733695819218 0.0250983203564331
-0.0260769577799844 -0.223550984843819 -0.551813339815212 0.0673983106352697
-0.242484861471233 -0.0944770599681342 -0.446537475369291 0.437095742905603
-0.194305296590605 0.14829223629336 -0.081986413723693 0.54204320972363
0.0428770628205256 0.190812547499827 0.17244710684376 0.330728577913932
0.147355091700437 0.0650856553273035 0.181614701082247 0.101568007519963
0.161953258889388 -0.0160216732588745 0.0921356358315793 -0.00960867594979967
0.141010956718389 -0.047093060732477 0.0354561615699215 -0.0133452418864848
0.151204493390154 -0.0485027311919906 -0.0282931613006778 0.0251001615797572
0.108563836882961 0.0415762607879532 -0.116869323598812 -0.0145721701291229
0.0358375225414518 0.103236245246368 -0.249292659445615 -0.191721164366509
-0.0819592044493288 0.092094669914841 -0.106996869680595 -0.466924262792847
-0.0932994981180127 0.00810936289223138 0.285505270284294 -0.566701264249737
-0.0323022406995254 -0.0193891402951216 0.55094925470339 -0.213227470829268
-0.0203571875565088 -0.0291717030220309 0.167447933053695 0.0161038418684358
0.0400347900081426 -0.105418429831388 -0.137554177596633 0.11015378019132
-0.0499078930814221 -0.189636474615663 -0.450773048371907 0.151342467135677
-0.215687621935652 -0.0484332652074672 -0.364275689648157 0.431101626533207
-0.139049603151794 0.151391633496309 -0.046652937268357 0.53230216986004
0.0611789048247921 0.16104816468871 0.210902264647238 0.339768070517008
0.136755595382265 0.0488419939308418 0.235003160780462 0.0954753294654077
0.13844585919655 -0.017590988336787 0.152407806297876 -0.035628047456519
0.115050771106736 -0.0473363102874005 0.0859924593018079 -0.0446460259358609
0.116493676007562 -0.0485893708958119 0.0110450742475568 0.00887836503040667
0.0754553927875768 0.0138297140091468 -0.108039387527138 -0.0217717759921443
0.0285898546829625 0.0418563477157609 -0.256016074430863 -0.22348520852062
-0.0119387472367203 0.0341587128889984 -0.0610900277669566 -0.528255826650032
-0.000729335447561879 0.030719150288446 0.402693457465118 -0.575383782371802
0.00154035110061109 0.0553659789653903 0.636606682344668 -0.132605227709734
-0.0229903924859554 0.0260587056758194 0.188628278974218 0.0576592074728279
0.0382487027819656 -0.0565311468987786 -0.109016724763362 0.171430310042628
-0.0183406052959326 -0.117766048862346 -0.364565999851642 0.203344792837941
-0.129377902238599 -0.028847873713377 -0.307091942346515 0.427421793436152
-0.0778292206273491 0.0932736775933388 -0.0163240383048061 0.529051204717161
0.0389585783650396 0.102118575333499 0.254406732254095 0.342435613535668
0.0877425180623318 0.0336841777649647 0.282881962751305 0.0792085902115694
0.0871424377982765 -0.0113365855375823 0.202697744795575 -0.0616950863248806
0.0709156295079612 -0.0377301419983759 0.125848342204335 -0.0686500697917877
0.0737629437056746 -0.0435257374112854 0.0358131588901849 -0.00728898010367909
0.0514522737413852 -0.0150787655469142 -0.106259021451248 -0.046204608282575
0.0456591066196498 -0.00261300470656141 -0.241432655326516 -0.276520796338115
0.0561523772080637 0.0267911947327614 0.0294891393935399 -0.576661532870231
0.0377880078950245 0.0802442934765056 0.532478882301698 -0.528095488319759
-0.0132229724086006 0.098243040535154 0.688593696843007 -0.0327052412972316
-0.0294903056826136 0.0498819970998454 0.203262638934535 0.0787702433352591
0.0173084498452229 -0.0357869543482656 -0.183454612483496 -0.106158135143181
0.0433978393088021 -0.101035413477751 -0.703954969823862 -0.104516431033795
-0.0790766964120156 -0.133847957759225 -0.645336515583271 0.489148772354017
-0.135222249878398 -0.0548649667503233 -0.118592324846309 0.667362421423678
-0.10609095099116 0.0591238927304439 0.24284627716042 0.339583199210623
-0.0439116375617068 0.0668074432221246 0.149912833788991 0.0359046146060255
-0.015623626420235 0.0494892522737912 -0.0216697740796785 -0.000266282437317397
-0.0101402920975732 0.0333708580565804 -0.117488137449871 0.0709870292285128
-0.00792658586141539 0.0178371104747532 -0.190333871489127 0.0797752089698029
-0.027323636671941 0.00865282045215557 -0.259372122605673 -0.0559729055733901
-0.0153309843391401 -0.00251539617234451 -0.282650842497897 -0.28916929133543
0.0141983005357923 0.00262481048770596 -0.0574201927426592 -0.470786505349089
-0.00818985990050172 0.0451795162271605 0.230975355360142 -0.431876488620846
-0.0478349102279435 0.0445516346620152 0.298562057723898 -0.24242222902215
-0.0487855235489895 0.00591072927072177 0.0792262847989424 -0.227922656700814
0.0143327089010456 -0.0116985410918085 -0.174579563383965 -0.114802928416278
0.0730032851568146 -0.0657039339377181 -0.699282738097104 -0.15619414902678
-0.0543941133595759 -0.136164431520832 -0.688469040132684 0.431369389956597
-0.141307317845118 -0.0654753946796843 -0.178215796703438 0.649066385488464
-0.108047992308102 0.0667645117565053 0.196307174994244 0.357296729017735
-0.0203529212934509 0.0704283426953883 0.130217189164107 0.0628058280537528
0.0278106327725198 0.0328924315727763 -0.0294646783831807 0.0146577073184032
0.0400903359129575 0.00858570291110286 -0.117774580045413 0.0758697180841845
0.056413096330742 -0.00688295545473024 -0.190685052967058 0.0893814477866696
0.0466433796689539 0.020289637649328 -0.253496971974781 -0.0401141991242472
0.0423471025256006 0.059839105804212 -0.287183529230864 -0.267308864714471
-0.0161879575464783 0.104131170351961 -0.0818762897715025 -0.450911253237655
-0.104254144031533 0.0771760169318505 0.195936531303423 -0.4376421815198
-0.114258414674163 -0.0142249860740058 0.279734569093 -0.263082038384983
-0.0554214916625561 -0.0636970884390887 0.0702134600997602 -0.217995348675849
0.0218357297352123 -0.00574357140681226 -0.166911803271532 -0.12095283640836
0.0872362809156814 -0.0658288280981102 -0.694098046056079 -0.165605060091453
-0.0639897363061748 -0.135378457249049 -0.680666855470873 0.412222695520411
-0.155550034147649 -0.0421310027579355 -0.188336211030486 0.621239212653733
-0.087954525840855 0.0898966003604455 0.163284306409189 0.34756883211145
0.0187845131761742 0.0704489436158962 0.114614304948656 0.0788052891957789
0.0730777751858823 0.0134791303179065 -0.0250423906084884 0.0230657098990013
0.0853637306362662 -0.0145028211588376 -0.0987293385165618 0.0677984146043044
0.110417594092203 -0.0283009522381342 -0.165811522411571 0.0837149627768818
0.106111259353814 0.0321900186179256 -0.223130937266242 -0.0319676823665446
0.0834444513891255 0.113067519097011 -0.274303942481084 -0.239486642047291
-0.0469556857240154 0.181316481717702 -0.0978912989652357 -0.426954384194884
-0.177454191575871 0.0949585520769687 0.17550996418592 -0.451250975759331
-0.155877881135913 -0.0580450898484562 0.298232036641619 -0.274304918067375
-0.0561426737224334 -0.109342388467196 0.0796780135203912 -0.175913601375023
0.0371680384429737 -0.0318109962092323 -0.163968698484223 -0.105249284343141
0.072652664841209 -0.11801464187014 -0.672552432375627 -0.115349419309709
-0.118258961270648 -0.138862577808323 -0.620496720183137 0.422600533891218
-0.183604895710906 0.0152287977479263 -0.152874885929431 0.590318416783234
-0.0484832149368089 0.130339092452982 0.150779182610175 0.327080837568358
0.0691477841441887 0.0688550332834065 0.114203397227362 0.086488793610697
0.115846943823899 -0.00368102045656091 -0.00409812688243123 0.0223701611197946
0.119319726638405 -0.0328136544234156 -0.0640002425902195 0.0478276155035144
0.144360160428061 -0.0431510590892453 -0.123065809228106 0.0672882573309571
0.135671314885074 0.042914724229537 -0.178896933566771 -0.0249706925796336
0.0906822355928608 0.143313896723519 -0.254500013025475 -0.208611732825502
-0.080446473611979 0.204328259077802 -0.110715144096308 -0.409580400804734
-0.204989123579535 0.0783649448172925 0.170007835181756 -0.47652662465836
-0.147947864926783 -0.0790641893565916 0.354721912472733 -0.276493054429756
-0.0457804019546047 -0.114896529872188 0.106052857779854 -0.113445423669793
0.0462421854129453 -0.0764064039904713 -0.163236182613884 -0.0542172802896401
0.0251231632933614 -0.184825078407155 -0.620093968746371 -0.0250299359829799
-0.192207688234988 -0.124200283614163 -0.524863509444228 0.437640771426787
-0.199851902757813 0.0900826520766818 -0.103746015219838 0.557864304702192
0.00287905190973715 0.16815979856916 0.154752648467343 0.314564777068291
0.116528934359151 0.063402081571014 0.135838439626689 0.0910030402818564
0.14559808087567 -0.0177394057440871 0.0343661418489627 0.00986245293379918
0.135023798029484 -0.0463419090156538 -0.0180411106093179 0.0188585158016019
0.152124044612228 -0.0516037001434426 -0.0726913532421425 0.0463021188460164
0.130597103871099 0.0451809524527285 -0.137710028390416 -0.016457779071652
0.0668907413909647 0.136898753062186 -0.24454959823967 -0.181961225359333
-0.0974999924404353 0.163934103810205 -0.122679279219833 -0.413773702098279
-0.170510882247998 0.038664844661272 0.19315081520272 -0.517751665317704
-0.0946094721148093 -0.0649068923061814 0.436487156521636 -0.262484529482935
-0.0323575073777709 -0.0799609980282816 0.137930884155625 -0.0461374406069453
0.0419529892279547 -0.107668817935357 -0.15432001927039 0.0258015920464087
-0.0326240877475715 -0.211409664892504 -0.533181064371364 0.0775389651684713
-0.232843775882816 -0.0833177593837864 -0.424363430987131 0.435775015049896
-0.178551885278077 0.146283509545296 -0.0619396403861428 0.528812140955148
0.0479658471957909 0.178427401374788 0.178067474199388 0.314923368296643
0.141982506260057 0.0526887831725574 0.176819101883435 0.0914481151388691
0.152670475080114 -0.0246652106862866 0.0862056953366731 -0.0125107737722781
0.130122921046763 -0.0536363337350423 0.0309396976421757 -0.0143394323111088
0.136387591134281 -0.0550711861476826 -0.0273789134446407 0.0261447366473733
0.102270519450919 0.0320102259745548 -0.114143720231525 -0.011619050738315
0.0368852405993228 0.0925020815012389 -0.250250339169526 -0.177978362339025
-0.0711401648338295 0.0866985312236245 -0.117298595566907 -0.451460739380479
-0.0822961056621888 0.0127243545222271 0.263116912827921 -0.558425212944267
-0.0279929613055855 -0.00945751502649574 0.532410299012314 -0.219735588514547
-0.0238210528710743 -0.0208249713869457 0.166666989871519 0.0123263600399333
0.0339307392838198 -0.100603044494849 -0.131050384796594 0.108305594908148
-0.0540668558128748 -0.179439560081315 -0.432705218693723 0.156791836832182
-0.20684597516012 -0.0395871659285869 -0.343294111048764 0.427467916262468
-0.126263308908949 0.149499300265964 -0.0259545712764206 0.518883797828645
0.0652631919473646 0.150791757122378 0.215292275818035 0.321412948500258
0.132097872282524 0.0387332496272977 0.227940045206298 0.0829933652889528
0.130882574875398 -0.0245187553532699 0.141184574928734 -0.0412131272173123
0.105408837755905 -0.0523869339954964 0.0773692040487576 -0.0470095958842774
0.105021043494157 -0.0543195488332436 0.00774483822091444 0.00726055129197423
0.0707049250514057 0.0058616349446207 -0.108100937463189 -0.0213633247559046
0.0295044952071002 0.0334435254785301 -0.258100651104748 -0.210459306483131
-0.00445114380710311 0.0306554474073398 -0.071246735761244 -0.513680184696442
0.00661181665983623 0.0345809935787272 0.379827194953621 -0.570426939426311
0.00490558017134693 0.0625764119295256 0.619623710835587 -0.144707523425714
-0.0259057707727461 0.0318438121041375 0.189547866283054 0.0516510822168724
0.0333443930574629 -0.0541445606251303 -0.100174957258707 0.167266572127418
-0.0223142148423846 -0.111752199707054 -0.346769221423129 0.204531054429326
-0.124698210428997 -0.0229479253092341 -0.285990144186142 0.423192999926954
-0.0701553935538097 0.0921121220020746 0.00340787961990114 0.514657547800771
0.0423174378291916 0.0959666334295367 0.256797601108599 0.321920300611708
0.0860823765397706 0.0259851849085745 0.271730909138176 0.0646264295389336
0.0828764670562547 -0.0161216579872155 0.188250689677018 -0.0687765120600086
0.0654648784974754 -0.0410991841792938 0.113450373431335 -0.0725058535809496
0.066660253904849 -0.0478473558498682 0.0292613637204596 -0.0108277083353559
0.0485895601408828 -0.0195041572943874 -0.108273019432951 -0.0469035422939887
0.0462798848511027 -0.00683723744737135 -0.244442844088101 -0.265007943936491
0.0589079894456529 0.0237968212279922 0.0157946636891808 -0.562873525408332
0.0414366462352941 0.0816145654268497 0.50800083688826 -0.525646531493909
-0.0100676164129492 0.101750275753921 0.669831997137612 -0.0449471141402325
-0.0314817271634614 0.0524029776656747 0.205251713628697 0.0709590291362121
0.0169375722235241 -0.0374441788378317 -0.186382176149783 -0.099201913299955
0.0422803372138346 -0.102037577754972 -0.699272546015322 -0.0987895891827099
-0.0797398129175259 -0.133058013764035 -0.638924946477713 0.4907363699331
-0.136327015790512 -0.0557993969963679 -0.10998453181596 0.66839284835238
-0.105492008879274 0.0612041732254968 0.249598498014504 0.33784356595938
-0.042975441831022 0.0681624610987464 0.152139166025032 0.0388293016637216
-0.014577066355129 0.050057829543338 -0.0166041918621359 0.00286744669229835
-0.00949559173039726 0.0337712149794843 -0.107513214120219 0.0737430772091519
-0.00800025266297854 0.018305419617494 -0.179078426311294 0.0838958289890464
-0.0273759159548755 0.00975379786069078 -0.252830250850332 -0.0465659667344644
-0.0161326795760805 -0.00220649210857114 -0.283672035514346 -0.275798099047714
0.0106790688399121 0.00132484521258975 -0.0661486675006594 -0.459882629587157
-0.008672260401523 0.0441354162851181 0.22060243132988 -0.429446466923909
-0.0449724238801025 0.0439535981351201 0.290868893496398 -0.245152851526568
-0.045612440977583 0.00464165260694996 0.0740888344410778 -0.226258075124563
0.0120502440861226 -0.0106397528200285 -0.17785277395882 -0.108325229456522
0.0722144312915915 -0.0626694772826619 -0.696503331277353 -0.149037385517841
-0.0515425338949108 -0.132820122830593 -0.682905973718042 0.431278316616732
-0.138287507253322 -0.0665871775564807 -0.169910642122721 0.649539318432973
-0.107089579942799 0.0652170813937397 0.202842106477667 0.356559983031385
-0.0215421417889248 0.0685070565220952 0.132427356975808 0.0654559769120031
0.0251342780537591 0.0309466406569066 -0.0243186733713769 0.0185031957537673
0.0372380285957979 0.00752351718284576 -0.108241259930508 0.0787150124225001
0.0517127322936202 -0.00799574723937833 -0.178667587421399 0.0950538822449234
0.0441864274261113 0.0192907916593857 -0.246360105801227 -0.0321793107633597
0.0411087998071239 0.0574562835620621 -0.286900051719079 -0.253830373837088
-0.0159627766675056 0.100825911246738 -0.0888443844423912 -0.44056933200646
-0.1016142471553 0.0776750275332337 0.186773464031794 -0.436226685561394
-0.110970260349014 -0.0118151939527478 0.271332746127389 -0.2631204113315
-0.0538367395927421 -0.0623880639720175 0.0648062251701248 -0.215650790532132
0.0180234671892792 -0.00232486482786169 -0.170011296002601 -0.116529093509631
0.085446374825487 -0.0597011069764672 -0.691395880002532 -0.158367107788812
-0.0586806988121141 -0.130266724628579 -0.674379072467045 0.414502213681039
-0.148877936290771 -0.0439685819521333 -0.17711359508548 0.622075902425484
-0.08576124170139 0.0850844628868303 0.170783390320749 0.345984636381674
0.0156679713201714 0.0650296379552003 0.11632388008545 0.0799542667211958
0.068167944539363 0.00915405273859385 -0.021346363895092 0.0265564498435285
0.0800070123064179 -0.0178260630984392 -0.0911563898782147 0.0706637805327637
0.102933461643188 -0.0314419022873012 -0.155106891838177 0.0889369556929936
0.101784609205174 0.028907148919886 -0.216539035734619 -0.0249630484280432
0.0821725373488795 0.10734019364987 -0.27451778949329 -0.227201197584599
-0.0436349283306331 0.17682747947472 -0.103482293835363 -0.41698067887305
-0.171274327730429 0.0959531062561284 0.164143041417321 -0.448858594813383
-0.150974098491424 -0.0524426020192233 0.290286324300298 -0.275364248232061
-0.0565453320577739 -0.105102772169528 0.0763572269325648 -0.173565299976544
0.0322102313714634 -0.0273379083541596 -0.165982544027989 -0.102632838625825
0.0712841538862877 -0.109874898457188 -0.669774430845989 -0.111155628477529
-0.111518317130213 -0.132354247173755 -0.614106403830729 0.426249464209947
-0.174475261327193 0.0131461024938172 -0.140804767094087 0.589625220148404
-0.045275703510295 0.122677940183154 0.156395702544222 0.324331650076867
0.0652191209035578 0.0612788628140211 0.11448839971057 0.0852487643045772
0.108463799483436 -0.00997299284249295 -0.00218714887634945 0.0243407052557166
0.111794001164997 -0.0368679459529915 -0.0590488118546901 0.0498721868068875
0.134165871477418 -0.0466542577050575 -0.11424665340852 0.0708314017004889
0.130300609117397 0.037635887678255 -0.174185785132991 -0.0205428716240129
0.089706543376624 0.135668264077088 -0.25498314062251 -0.196557520113607
-0.074856469118578 0.198592557690955 -0.117236531709867 -0.400838734949815
-0.196894264204562 0.0802131887947688 0.161089128159222 -0.477080434357074
-0.143034552436343 -0.0715276723554799 0.347207531429736 -0.276777274521488
-0.0483255009732138 -0.109051588517082 0.103846966385584 -0.111632856097451
0.0409780975769679 -0.0716433682434685 -0.164408746786653 -0.0537091793894619
0.0229247357825488 -0.175765536946096 -0.616997402401146 -0.0210121091374134
-0.184862058175021 -0.117277933528957 -0.516081212080636 0.441890037485956
-0.189778192349742 0.0878501954066387 -0.0921440707136604 0.554012558696406
0.00603626539120463 0.159462083555806 0.16098802758804 0.308335525723266
0.112319128660696 0.0551447077983255 0.13490923483524 0.0874190945280484
0.138167899795822 -0.0243326624956456 0.033505611619822 0.0104168972944556
0.126782885261096 -0.0511791739520215 -0.0170154613932491 0.0204051257898414
0.140979549369968 -0.0560400707240618 -0.0685775578350608 0.0487250827655901
0.124497174202118 0.0386671633971893 -0.135121259046811 -0.0140725594574886
0.0655883612666421 0.128529464450319 -0.246567923914201 -0.172185335811993
-0.0896556310748588 0.157959484250131 -0.128951368575917 -0.405213652848097
-0.160857923868125 0.0413813842312822 0.183497009611879 -0.518421072216866
-0.0891017212134401 -0.0558402338775577 0.431347798807202 -0.265776864923347
-0.0357627329735375 -0.0726675884553587 0.137722969264601 -0.0462706337332383
0.036767535773239 -0.102716977156135 -0.153103148156388 0.0255865322099121
-0.0347658039804836 -0.202552508716534 -0.527890679309959 0.0794831483342645
-0.225975930849409 -0.0763436997058882 -0.414699050785754 0.437531561889119
-0.16854223890626 0.14503171162219 -0.0476558882266188 0.525530145811782
0.0514763831748875 0.169731241181156 0.182940056219942 0.307042946536274
0.138179239646305 0.0442995553118775 0.173389631301628 0.0845663578115007
0.145598564560002 -0.0315460161401142 0.0819421744218653 -0.0141518500109485
0.122322778691313 -0.0582095914749505 0.0280326846462415 -0.014125357977231
0.125745751152921 -0.0600972691122961 -0.0265457370553753 0.0268728976619822
0.0968755780906509 0.0252042556732414 -0.113955522478694 -0.0109791670005344
0.0363858071123153 0.0839296076500636 -0.253507826343087 -0.170526124871263
-0.0629464650516523 0.0814640220918286 -0.124327098982631 -0.445250037656081
-0.0733032964634763 0.0167248735628788 0.253811795414596 -0.559975626617213
-0.0235441676960278 -0.000646217447299924 0.527587422671474 -0.223213951167244
-0.0281562230318074 -0.0138229203761755 0.169213286019868 0.0106393987224825
0.0290212808611457 -0.0970283405932707 -0.128114814733953 0.106694934027726
-0.056635042400568 -0.172214012495644 -0.425718461422355 0.158303096259537
-0.202325915894012 -0.0338704350419212 -0.33156240778328 0.43018363249601
-0.118217263687396 0.148057182314637 -0.0128448632438604 0.511936586199381
0.0682259180130829 0.144628668572729 0.219236869057209 0.311577636083487
0.129008955532567 0.0316582867171968 0.221915584791244 0.0744280859777914
0.126325165393705 -0.0302261253418804 0.13419044900275 -0.0450819357759989
0.0990757358815284 -0.0561919937245082 0.0705110117423872 -0.048283183519464
0.096215754104573 -0.0585290003367882 0.00440830559394898 0.00614471238754999
0.0664275216791224 0.000195461216211359 -0.109887170798267 -0.0217783542851731
0.0301290872951124 0.0267378351414999 -0.262073421119559 -0.20491096933344
0.00243615343646559 0.0268356824693427 -0.0792033566111688 -0.510307103453341
0.0138578178271102 0.0391173701974488 0.372366688287023 -0.571483338787658
0.00837499534111028 0.0697063096633991 0.613851247669525 -0.146964136079467
-0.0300408381803906 0.0370382012614905 0.193258521290405 0.0482817140883676
0.0295240211013687 -0.052013378977366 -0.0962975371703089 0.164940520873512
-0.0244877527256937 -0.106935618346286 -0.339427903830592 0.204368515873647
-0.1219268811499 -0.0194398072041945 -0.274890784729847 0.421560867795008
-0.0645839502235795 0.0916942883352969 0.0167934816894214 0.507613606400476
0.0450608007421864 0.0927488215837131 0.260669639475196 0.309508151594793
0.0847468538523211 0.0217866109104917 0.265414045069858 0.0551883618838112
0.0809458817262233 -0.0200677503205858 0.177894583570947 -0.0748753837342371
0.0612608347621902 -0.0434419030031814 0.104505575154587 -0.0758660364915398
0.0614575639619876 -0.0511184115398228 0.0232126251726724 -0.0135409692320636
0.0460164197438697 -0.023871618447881 -0.11229718859639 -0.0489054268623872
0.0468773817554261 -0.0111848211842922 -0.248765791473793 -0.260918830503175
0.063006823880389 0.0222990015493509 0.00970957461360325 -0.560263955696311
0.0457614829004202 0.0852934278475684 0.500574692529578 -0.530374386120994
-0.00783492875229338 0.106292835747332 0.666182303752403 -0.0492669130432575
-0.0341547142759071 0.0554695135394715 0.210624185395517 0.066326546448541
0.0166265595945407 -0.0399583520412639 -0.194744341676008 -0.0937177185728266
0.041817340038488 -0.10560676009983 -0.713939812095866 -0.0899116790371923
-0.0824461410466495 -0.134795459950644 -0.64397498777509 0.507589333807282
-0.142013876670514 -0.0565157609377851 -0.0964081734146787 0.6864356765436
-0.106733662077819 0.0658586966205667 0.26444664438919 0.342244202263742
-0.0423634630724495 0.0711303441385363 0.158068033076014 0.0407580358402923
-0.013300672614437 0.0517775817689985 -0.011684623056453 0.00611873867925208
-0.00847995379115776 0.0349756205421363 -0.0999402368683843 0.0779054515357424
-0.00918872840033268 0.0194225898786973 -0.171512622554885 0.0911241577443919
-0.0278205027815742 0.0119253513661762 -0.25170912688959 -0.0383345943221502
-0.017690134888668 -0.00141538920789374 -0.292165875439697 -0.267730530728936
0.00790570045153069 -0.000331936228687862 -0.0781483836093898 -0.460120173256937
-0.00909275776741201 0.0443480756478556 0.212428573316682 -0.439635142684728
-0.0428606864777178 0.0442591466195456 0.286890210296703 -0.252961940944155
-0.0436972053039516 0.0035251836853126 0.0679876317028271 -0.229967214693463
0.0103637802312434 -0.00938882138088154 -0.186276397858857 -0.10468747463683
0.0735850908803471 -0.0620862347082148 -0.711778144388622 -0.142706285030943
-0.0508441770366982 -0.132789760982937 -0.690551762772189 0.448149001829392
-0.139499686437092 -0.0691717192241031 -0.15893861025649 0.668104749450056
-0.108006000763076 0.0661454634599513 0.217005150719944 0.361576228530574
-0.0228311278936596 0.0688063808338535 0.138805873364795 0.0689298600310079
0.0233269793951246 0.0299905457285273 -0.0189231986485874 0.0222345679068622
0.0351583253184117 0.00601599891400205 -0.100828793061829 0.0837403379949304
0.0485321541585977 -0.00908032014209007 -0.170539512375474 0.102103609050206
0.043362985970972 0.0185603655721336 -0.245323334910281 -0.0240729812353579
0.0416573641606231 0.0563349235407932 -0.295080619747139 -0.244892014416907
-0.0156350949739364 0.100595489609108 -0.100723719399472 -0.439580954743673
-0.10098891232019 0.080230947140725 0.175564411220765 -0.445335192657243
-0.109689730978166 -0.00977538787263186 0.267088407215829 -0.270934409517008
-0.0548545147873441 -0.0622006725922824 0.0594403828080301 -0.21871380572286
0.0150019247474749 0.00161660688739809 -0.17808146655785 -0.114194296584017
0.0874106383070227 -0.0562538063955273 -0.706761377757806 -0.154070446668764
-0.0555713103687293 -0.127543598968444 -0.680203539091462 0.431474504770383
-0.146314668407429 -0.0462567695715322 -0.1671744610672 0.637814232231694
-0.0850868841265803 0.0829429586073539 0.183000359130907 0.350015299156813
0.0138369909416636 0.0623790535475079 0.121661381043122 0.0826380384318112
0.0640488239286134 0.00522808085184444 -0.0168752451061045 0.0308982338048537
0.0756436458137956 -0.0213244442038955 -0.0847711397061183 0.0753211976935101
0.0972395052956128 -0.03481539827858 -0.147314959994865 0.0957651319534839
0.100643720859922 0.0257968767508975 -0.214849930694922 -0.0190031584036912
0.0836749372796774 0.1041007525261 -0.281980760313495 -0.218981282104518
-0.0399247096694185 0.176916431350404 -0.114598779973399 -0.41686502749167
-0.168973685173553 0.100335747171906 0.154112958454151 -0.46039890279812
-0.150709874613347 -0.048536198945102 0.287700408627468 -0.283898880017635
-0.0599894528981236 -0.10348680770386 0.072553631995301 -0.176058279303455
0.0285018290539379 -0.0231305912443369 -0.173253551865647 -0.102038592910488
0.0717728132762708 -0.105423242228355 -0.686010852873212 -0.104295307654682
-0.108337208755231 -0.127828743220418 -0.618620699401806 0.44509933241394
-0.169520226023382 0.0118093182944817 -0.128562625827987 0.60400088065207
-0.0431128666175335 0.118793559677903 0.169496623270073 0.325934980172488
0.0631467086723261 0.0557805473049647 0.118630534233521 0.08580563088225
0.103797873936635 -0.0160807744896206 0.000249873309076125 0.0270092322820877
0.106179193975947 -0.0427617450193541 -0.0553035104149118 0.0530931086189598
0.126910659504026 -0.0516854124673264 -0.108175436029602 0.075927005076596
0.127936305702172 0.0333961067460379 -0.173264999772955 -0.0157373468248643
0.0910228203268399 0.131265902981567 -0.263066346198728 -0.188950735419156
-0.0698911782396139 0.198848037578135 -0.129015332091271 -0.401031708519071
-0.192312872836733 0.0853683654068493 0.150211218438987 -0.48766757033531
-0.140977253481467 -0.0657442978438538 0.345814928596064 -0.288512410542629
-0.0528338716717035 -0.105049203087776 0.103828479414859 -0.114438666962932
0.0361943669439599 -0.0686166506101888 -0.16994265496096 -0.0530551805033338
0.0212426256655147 -0.171764496835879 -0.628339683987061 -0.0124958225295757
-0.182943111081652 -0.111846202246363 -0.516675928918797 0.460004753840988
-0.183285141179711 0.0886238272884428 -0.0770781621393661 0.564550984906247
0.0102111536930658 0.155000605450372 0.172850030534383 0.307741524098198
0.110612849197952 0.0477508699586253 0.137425185752932 0.0849866276387018
0.134003916284378 -0.0324118829680577 0.0337418880570137 0.0105622349087119
0.120488079713318 -0.0580198923629841 -0.0165440126756097 0.0216573826657221
0.132562641790856 -0.0614783889043609 -0.0645193774879888 0.0521132978066906
0.121728010543961 0.0331247814998497 -0.135760406949506 -0.0109849683419156
0.0671060567057482 0.122317993337207 -0.254770807776171 -0.164014624387224
-0.0842666144598247 0.156445059534009 -0.141090528787581 -0.407209193568946
-0.154176512482395 0.045936722809618 0.173346359887577 -0.531042646037248
-0.0853042067458695 -0.0490332908752251 0.432932045288527 -0.276663501071124
-0.0410494514754648 -0.0670191502036967 0.140717130784974 -0.0490205899723693
0.0315075774046443 -0.100905398752462 -0.156272350930469 0.0274112762149445
-0.0386198516282701 -0.198866644705317 -0.535802762021755 0.0889868107770031
-0.225330512613979 -0.0702203396442917 -0.411004609029311 0.453907549103398
-0.161845531659628 0.147535352647796 -0.0311925237510016 0.531775049581108
0.0566465445810575 0.166181916024668 0.194631415725103 0.303587651768462
0.137099624115754 0.0369920030512236 0.174998998878027 0.0796629787278011
0.143079792401615 -0.0393973688786801 0.079345566461512 -0.0168544385829718
0.116286799728741 -0.0650569049321015 0.0257676250920182 -0.0150976246598652
0.116874327473536 -0.0657151698946853 -0.0258086169032893 0.0282850845689765
0.0931264572652926 0.0190305528135187 -0.116966697435788 -0.0101201299388555
0.036879321352419 0.0773288115713532 -0.263708327952393 -0.164571916993816
-0.0569503918183636 0.0786265181746676 -0.136813202654894 -0.451084239923405
-0.0647037357915773 0.0210597858430664 0.246335630140664 -0.577475764580284
-0.0185212416589957 0.00773213513672405 0.532098143567206 -0.235327879737626
-0.032991446918259 -0.0064580588694967 0.175470870600052 0.00739987373607912
0.0242382230064825 -0.0962695661541892 -0.127959200591111 0.109216364603227
-0.0609437564313575 -0.168557312769499 -0.428733418230759 0.166845164535968
-0.201326890856973 -0.0281648522505643 -0.326061674493139 0.441991296269528
-0.112056315440499 0.151012596468265 0.00446396134603538 0.515385506448786
0.0738646082017927 0.141300357732826 0.229959609052249 0.305392970634407
0.128819107637565 0.025498398094599 0.223135936472176 0.0674625966693853
0.12411484863632 -0.0371365616718728 0.129142511782241 -0.0505819208288945
0.0941165271471942 -0.0614193687638065 0.0652008007569719 -0.0515991257369917
0.0890237048995551 -0.0643453084320388 0.00186993764441419 0.00524029195583696
0.0628885826716467 -0.0061128581096521 -0.115838239429742 -0.0225560746916443
0.0308187289446981 0.0201064679743344 -0.273559595889487 -0.202043257321996
0.00909419228449209 0.0233041807712872 -0.090757460057342 -0.519237043418712
0.0230135454214633 0.0433997455730565 0.367873211963828 -0.591277128791161
0.0130258939549643 0.0780059225587843 0.62362836562602 -0.158623691750816
-0.034480830953404 0.0445589875578964 0.20264962497436 0.0436632108771681
0.0264830725317892 -0.0511343386040332 -0.093886109557934 0.167549763466093
-0.0273360447525296 -0.104768404438145 -0.339685039630929 0.211287831252034
-0.121184023098946 -0.015270114540675 -0.268232129152562 0.432634241777593
-0.0604703320671603 0.0934147558287624 0.0338447469579733 0.510799753164066
0.0491277939995472 0.0912746398559049 0.271784695813332 0.303317327665911
0.0849638639544378 0.0172365925679112 0.263804224239705 0.0468833510855424
0.0799547671495202 -0.0244778880348001 0.171540785763725 -0.0828379569638905
0.0577800011256007 -0.0472193318692857 0.0972767281469041 -0.080255758988828
0.0570838079268602 -0.0557697430082537 0.0179296012090188 -0.0161931604999175
0.044615995563607 -0.0280420975386675 -0.119716577258072 -0.0508908006077572
0.0483160146628782 -0.0162661384524335 -0.260573603989042 -0.261066857704747
0.0691457573012912 0.0205186919873468 -5.98489324078567E-05 -0.573421421838317
0.0524025580622944 0.090391924003033 0.502098907307913 -0.547849235423276
-0.00400854637485585 0.112755257032428 0.677151228538967 -0.0593898034656576
-0.0376384009011137 0.0599667651408279 0.221728171831507 0.0609763014455584
0.0093172833894415 -0.0410477590908759 -0.205738688523109 -0.0754667758798296
0.0226566929235022 -0.101117761171248 -0.729508092066299 -0.0283952824306214
-0.0993976898961472 -0.114859975580729 -0.598236733914997 0.569805314392017
-0.146800594775728 -0.0286931059294725 -0.0245427417673924 0.698876981293845
-0.0912146387593131 0.0819618704637991 0.303209886205651 0.317297806399918
-0.0327750436359926 0.0763148273225976 0.165445407243568 0.0280100914073135
-0.00601482389846306 0.0560042548503428 -0.0075478182100219 0.00510475562513233
-0.00551017503813313 0.0377635730431654 -0.0855174175320398 0.0904698807346503
-0.00777241994751015 0.0217962418958222 -0.158801261456907 0.113201407839824
-0.0253624296148337 0.0153409555797767 -0.260628163360559 -0.0130122002500388
-0.0148663470862832 -0.00148017805569266 -0.329161958640992 -0.243487742707606
0.0130254114185587 2.027991067312E-05 -0.131062683713242 -0.468486775682291
0.00120445147110955 0.0521507035745381 0.174151864532778 -0.479837328170805
-0.0347019211031658 0.0555740050228854 0.275998832570737 -0.29398759426683
-0.0392712521214481 0.00666812662955797 0.0517747007298017 -0.242378957801359
0.00516704546809313 -0.00585223958357737 -0.200766521188642 -0.0882299661709423
0.0595666358136855 -0.0582784643592526 -0.737146236385156 -0.0810547485999009
-0.0640737073853471 -0.114545283061145 -0.649910709227665 0.515956443287434
-0.143397392963519 -0.0429991979884971 -0.0892298347559835 0.686335854265149
-0.0927386675848627 0.0796636805097958 0.256748544304559 0.341959118397056
-0.0155648587697024 0.0692476075010288 0.14840800487504 0.0598698785243816
0.0246722603611225 0.0273096185118466 -0.013421288194107 0.0268604628417889
0.033062393907959 0.00371404741258017 -0.0852257691379171 0.0971564655070119
0.0445053997774026 -0.0145459736747079 -0.15717030277426 0.124622874492542
0.0451559175744668 0.0123468071665238 -0.253288070412599 0.00157801650008482
0.0501260198630745 0.0473094308491817 -0.331971155089649 -0.218929842137754
0.00305846091168228 0.103333527818206 -0.150545237912124 -0.44874192448607
-0.0857355779462559 0.0979878301410141 0.140329680439996 -0.486556168632223
-0.108696573969696 0.00864169644458212 0.257835724709769 -0.305820957425732
-0.0592487800727557 -0.0587177792384828 0.0424942696838072 -0.225565443699651
0.00993055681797608 0.00625594102834424 -0.193843354206452 -0.100773853543365
0.0750292226568374 -0.0507678166063891 -0.732916862970928 -0.0917620560770025
-0.0648749611574637 -0.107625417698954 -0.642991070687247 0.498750370363275
-0.143601589662219 -0.0208674641414502 -0.0999876969189679 0.65396869698401
-0.0688523473635065 0.0911339469921718 0.220918623170796 0.334197146145223
0.0187273125960663 0.0569368067412597 0.131196053564671 0.0761961061744886
0.0602657241769519 -0.00465687445402588 -0.0119330973706829 0.0381053858209859
0.0687393487038887 -0.0290714278450388 -0.0713620165803609 0.0875791943246923
0.0869275176752378 -0.0462920211469592 -0.133603187288971 0.115067793352456
0.102628825162763 0.0115840139925082 -0.223377787197267 0.00425224213588638
0.0968729539642952 0.0893858948298225 -0.31665102088728 -0.193393479740439
-0.0104740206959148 0.181631589399446 -0.166878126435805 -0.426768961239459
-0.150759517604792 0.126016227957538 0.120070496502184 -0.501333486097689
-0.153867725752309 -0.0255257822725789 0.278298784199306 -0.318046677557946
-0.0712633153102625 -0.0985350556549311 0.05932584320344 -0.179414349008897
0.0192035804086314 -0.0191966643511815 -0.186119334988703 -0.0885255581338563
0.054661398106233 -0.0965114974243264 -0.704072949986258 -0.0446861116692427
-0.115555786081092 -0.100585170270854 -0.576539162572128 0.500849862897277
-0.157029309263115 0.0392629847520464 -0.0659491688365544 0.609269286569986
-0.0228380913669699 0.119621938807488 0.201091615086705 0.311882787007541
0.0663862083580519 0.0436868001654943 0.126283620395759 0.0801001486026367
0.096683841891225 -0.0334083071291925 0.00158033782326907 0.035007907372845
0.0952566246917947 -0.0543460868541828 -0.0455393337097255 0.0622703659465211
0.113214383205605 -0.0677451089906727 -0.0974395692093841 0.090706936879089
0.129023646823012 0.0149904520804785 -0.18175220143013 0.0026045368341202
0.106218393583327 0.113625209585285 -0.296028860810754 -0.164708104562568
-0.0368656456553419 0.205397283197159 -0.179091312062308 -0.409777936876739
-0.172813150349818 0.113231423154274 0.1121153738919 -0.529808635613082
-0.144636445658497 -0.0413971176146041 0.339048129880604 -0.326239666400625
-0.065954860080096 -0.098036723774596 0.0971115267145147 -0.118739051373645
0.021626085810412 -0.065055565907184 -0.175183350766603 -0.0389608399571827
-0.00278102664165085 -0.156872790682204 -0.633973052024994 0.041969215435613
-0.188375539296349 -0.0756644840945441 -0.470090006617771 0.500495527969862
-0.160205287668285 0.118122449139558 -0.0246846109085155 0.56116229620042
0.0355963369343533 0.149047031236558 0.198944153468332 0.293774802716834
0.113792786590105 0.029981908699223 0.143726533690454 0.0775989015789934
0.125141655710313 -0.054620372999984 0.0297364860799656 0.0164461960250406
0.108165675255332 -0.0715730111274373 -0.0117918032721948 0.0257525438727126
0.11663534144768 -0.0791234866026874 -0.0578251348795003 0.0612758296569512
0.121648397657596 0.0152155353062074 -0.144687277555923 0.00287626524373445
0.081201168574015 0.106841377011543 -0.286385498562986 -0.141552683165805
-0.0550341955053328 0.162142904453298 -0.191439364464866 -0.416816917245883
-0.135140089158316 0.0694170761795267 0.132324381375984 -0.577462837436786
-0.0850003853265602 -0.0266155289261837 0.430464744373027 -0.327300010892461
-0.051488847042221 -0.056484712606295 0.144151037716667 -0.0568465819880087
0.0141769680705547 -0.0973225055672567 -0.152105859894253 0.0414469444515364
-0.0642445420412273 -0.177410526938016 -0.526648415497021 0.133372545754528
-0.225784768566195 -0.029205916211949 -0.364203070275859 0.480539930565226
-0.130588514756421 0.173910913988055 0.0149796656985653 0.521475626234407
0.0842290543417142 0.154232235252102 0.218500088913982 0.288287862954343
0.140025844769607 0.0155113871665617 0.179487944726028 0.0687748234802821
0.134301951820808 -0.0642989472880088 0.0703420921911522 -0.0157450524122997
0.103409759026363 -0.0783956614470637 0.0242950709029017 -0.016811476720218
0.100375556670117 -0.0818311743370098 -0.0242087207013554 0.0315967683950053
0.0909479069427657 0.00396258361964166 -0.12658010076571 0.00126567527615111
0.0468308728971022 0.0635952211157719 -0.295714691969096 -0.141731468520223
-0.0344323221551056 0.0801612972850616 -0.191126248802655 -0.46215303288641
-0.0447495367257296 0.0368788438998705 0.201256639927041 -0.631486819124291
-0.0115081267419966 0.0274942632512892 0.539966858132062 -0.297454033835459
-0.0393979085727407 0.00711658676465472 0.187759044862411 -0.00560562037512269
0.0091494190522105 -0.0922731756648832 -0.115142008307555 0.122327243993256
-0.0816621302172187 -0.147512165772981 -0.411681306168291 0.203096529054949
-0.197705741973617 0.00819459504974521 -0.281514481978794 0.462281771415725
-0.0804388732030478 0.170779345450007 0.0483030968182823 0.503696603043043
0.0995872352534969 0.129301998687341 0.256415825342982 0.286745897611045
0.132721414279914 0.00560178273630801 0.225328676122218 0.0502138993106773
0.117681419185609 -0.0586042237655879 0.114769935509869 -0.0575998187996045
0.0830762285779021 -0.0732354818034175 0.0576799490727661 -0.0588324876961421
0.0738046802158921 -0.0776528305810367 -0.00128627835103339 0.00480982257449653
0.0592551957527434 -0.0182020796153018 -0.12833522763445 -0.0125201481597114
0.0350032438848945 0.00774373812090443 -0.310142044093262 -0.181613743591299
0.0273465428570632 0.0196524693033844 -0.149653370275644 -0.538759890584796
0.0459808397773812 0.0544500600785319 0.326298442429389 -0.660192313805989
0.0248630808517449 0.0984551587860836 0.64358692329315 -0.229169400261831
-0.037636368399893 0.0601897189276083 0.222594224147543 0.025622828015283
0.0188127309408698 -0.0497912968628107 -0.0763479128074002 0.178313405775044
-0.0391161249393402 -0.0908428071951388 -0.31907189861137 0.241534722389388
-0.116944328107583 0.00927871997886141 -0.223631833711511 0.452615604283526
-0.0380468860723437 0.107082183009488 0.0815809970030305 0.500670457101529
0.0698877954041076 0.0846455772637164 0.299533383307212 0.278254453612273
0.0889272209595628 0.00235880900321212 0.265244574962902 0.0233091645511068
0.0770897400807787 -0.0393565887637655 0.154522497213356 -0.0990373787320979
0.0506215637754557 -0.0546734098415525 0.0841782476808593 -0.0931017238371869
0.0457811856487854 -0.0644717215849942 0.0109262698663379 -0.0195573754923152
0.0403346972617929 -0.0375617745834012 -0.136723931756325 -0.0427649791658073
0.0514418853649206 -0.0290091163575519 -0.302053640130654 -0.246182192157126
0.0865578625150933 0.014214675585002 -0.0587227186310514 -0.604052210398645
0.0765396478005573 0.1016787637345 0.471948710327278 -0.628368982793775
0.0064107830159236 0.134738259925582 0.712439675473292 -0.131348071117423
-0.0388526460386674 0.0743185846967773 0.246076887220867 0.0404747647448376
0.00669504232299871 -0.0442649071434278 -0.216964024310394 -0.0572884390126704
0.0165180314179883 -0.106145449505047 -0.740864733013895 0.0228321809814905
-0.108353716569017 -0.110260128065784 -0.567550578523981 0.617727684490528
-0.153509032782564 -0.0195383642460522 0.0282595556285078 0.710350735228281
-0.0855042318603449 0.0917193977550533 0.334063695077572 0.299626763478779
-0.0263716311206655 0.0814082522839381 0.174317814388079 0.0194369470429472
-0.00159677458161153 0.0577077622212606 -0.00171286133320642 0.00696221935029022
-0.00226169870105841 0.0396439579469587 -0.0722398607693855 0.0960032015465278
-0.00685546369598246 0.0233026913004783 -0.143270059468479 0.125680636657142
-0.0247015400557594 0.0185288113669352 -0.257539303783592 0.00823631210422519
-0.0158062278451675 0.000507320041833303 -0.346822957322834 -0.215267075573132
0.00954522567173491 -0.000732451415960509 -0.166472112003288 -0.456808345595865
0.00415532536167566 0.0516792898710479 0.136686595840176 -0.494680718456898
-0.0294765137660091 0.0559931335092917 0.255544429601795 -0.314030353043499
-0.0374648247144251 0.00641424446276931 0.0326048712456832 -0.247533837106771
0.00405926346878701 -0.00470885051623421 -0.213537374888948 -0.0719285954917775
0.0586344868812701 -0.0613294412441248 -0.751380795832166 -0.0320811098009994
-0.0690785170320448 -0.11147398034238 -0.626581270747759 0.56626065148866
-0.147021525099003 -0.0377237193276007 -0.0386959713141746 0.701353267831174
-0.0881908533626534 0.0855799406661947 0.289512668930578 0.32790425470713
-0.0126685492341308 0.0710289371380156 0.159498087402167 0.0532224217691411
0.0241837455819247 0.0260920878050386 -0.00575142455406513 0.0291590605057979
0.0311546558034221 0.00214698900766586 -0.0716261086538465 0.102397576395474
0.040238601016381 -0.0166787677179194 -0.139342625915367 0.136984849097492
0.0447589233770599 0.00992789282675534 -0.249293572113081 0.0217888585309471
0.0527609171357545 0.0438081820171743 -0.347854732823732 -0.191747127558835
0.0088360688591732 0.102891401700547 -0.185874543059129 -0.437296845485208
-0.0788963645777062 0.104590938746374 0.101999865991159 -0.499678627992191
-0.106870894923699 0.0146877661383912 0.2351414065952 -0.323861135358145
-0.0632129725254572 -0.0552907917815911 0.0241295500776173 -0.229050907690309
0.00864401247515716 0.0103646561377401 -0.2066167924707 -0.0861125383566331
0.0752588376553389 -0.0515650540987412 -0.750840073243349 -0.043894314350413
-0.0662390655058517 -0.102314017918914 -0.62002000779972 0.548523618632232
-0.14248508535635 -0.0167412150623105 -0.0530344873211299 0.668508742331941
-0.0638054928934707 0.091535029953417 0.251703083781167 0.321192345634668
0.0188449268094037 0.0538848423783393 0.142180278826378 0.0698200072912348
0.0544265844086522 -0.00977768077140904 -0.00419242347056474 0.0402302165678721
0.0618562246158212 -0.0335656266963603 -0.0595485835312277 0.0927122922520267
0.0791255182663836 -0.0514766021770759 -0.117626000415491 0.126370423968352
0.100236517177258 0.0041777433776275 -0.219982860063624 0.0213432412728656
0.101577936116081 0.0805494930396058 -0.3313515979363 -0.165965091531965
0.00121459999183292 0.181065730363618 -0.199066167828092 -0.414629184126738
-0.139686835009966 0.136906743677286 0.0803254308317303 -0.513199122063256
-0.152906540483519 -0.0152729498616135 0.256973815734348 -0.337461233587892
-0.0791101451408187 -0.0918897427818894 0.0446697225071802 -0.184348788477733
0.0155943859017515 -0.0147572491611194 -0.197990332654337 -0.076157868459012
0.0521864537221408 -0.0949434184805545 -0.717452804254873 0.00233401260486057
-0.115424636465634 -0.0914592932069328 -0.548027103594893 0.549331727109676
-0.150129268467964 0.044198250365176 -0.0206207987683796 0.6205100966433
-0.0147676006399687 0.115751687030602 0.228924792278291 0.297711512807716
0.0649994490483436 0.0358700942890875 0.135589663145872 0.0720491206334314
0.0877585482982201 -0.0427392930937195 0.00678598489170019 0.0357448768138232
0.0852606816747782 -0.0620085402437743 -0.0379638854458421 0.0660008166204355
0.101606554138124 -0.0751862067890298 -0.0850531790913687 0.0985066598451297
0.126158270202573 0.00536014457833464 -0.179438127916173 0.0167186570440916
0.11219041210605 0.10333309712734 -0.308316545602556 -0.138970250527255
-0.0218764065164252 0.204599106796209 -0.210513945905729 -0.398297199044395
-0.160674985565589 0.124878510235275 0.070558258033674 -0.544300703400285
-0.143162711658673 -0.0300023135915985 0.31853511198364 -0.352490296573462
-0.0750978572494592 -0.0886054047643486 0.089222630517994 -0.125892921182138
0.0141289847941342 -0.0612839400597225 -0.182468594549681 -0.0274291934277049
-0.0103060169414199 -0.151650026381617 -0.640120978353047 0.0861271242016259
-0.187395675415411 -0.0611297669730491 -0.43849254647438 0.541102707782298
-0.147270688221081 0.1240590174464 0.0203124263634615 0.565082209824857
0.0460509147040631 0.140592483000633 0.224551261315374 0.278635320694646
0.111638015544064 0.0178180566622 0.149713199674647 0.0669753124332212
0.114461070110571 -0.0667836767359779 0.0316577121500508 0.0143847550917117
0.0964724107324921 -0.0804822383349665 -0.0095538819485808 0.0272678485898405
0.102981581294392 -0.0873957118263596 -0.0498591339689036 0.0661948091372233
0.117490292382054 0.00475028434998506 -0.144326300961519 0.0139288991734247
0.0842514831382414 0.0962203524477162 -0.297949754374933 -0.116356002725342
-0.0423876558721649 0.161342065532036 -0.225688243982147 -0.405243313006625
-0.122895533961281 0.0779081532714309 0.0865248182658721 -0.594243748546955
-0.0805082224075798 -0.0176674916436197 0.411751694378564 -0.359429219781351
-0.0587804934065693 -0.045332295410887 0.142559625293494 -0.0682836283121224
0.00376958331024928 -0.0939005425287182 -0.15134072525343 0.0510823188608129
-0.0745962997667321 -0.169569831955183 -0.523741602379295 0.172532492243629
-0.223243954782187 -0.011646744235205 -0.331058183681796 0.512852432961054
-0.114128182735097 0.17956932067329 0.0571725060245688 0.520044697938348
0.0966764286968758 0.143536550500734 0.241447777393792 0.269219836353908
0.138516531689079 0.00195371334963822 0.182431618790346 0.0542712839855455
0.12420936838713 -0.0770783770962397 0.066571041575672 -0.022156761246306
0.091540627821984 -0.0874113663302458 0.0202248775501392 -0.017765912200674
0.0867045172379312 -0.0892657024627957 -0.0217657945317127 0.0341450757985711
0.0853404438677852 -0.00524076945410375 -0.129241749498479 0.0108412087559109
0.0471177587830563 0.0545945958108738 -0.310159506631402 -0.11721726591959
-0.0255196528908146 0.0763648673380928 -0.228330682216117 -0.453390313303783
-0.032250929900374 0.0400823154212869 0.155895262320919 -0.655456728016385
-0.00263639546074317 0.0337395915125733 0.525638112252479 -0.339043327189648
-0.0424485792360133 0.0187835089179248 0.192566135226902 -0.0208243308968516
-0.000205216026552159 -0.0895818446170346 -0.107346679093104 0.13026797489207
-0.0906368557658155 -0.139024982290815 -0.401510271581723 0.234008892735897
-0.19474945893887 0.0243642228581688 -0.246664329696121 0.486199721534125
-0.0653073880851708 0.175140863960917 0.0890631055690368 0.497484111518327
0.110967458008828 0.118853528681198 0.27788564683918 0.265651424093578
0.130762773661953 -0.00687024286659314 0.22588012209031 0.0324308044115856
0.110755820443575 -0.0703405276083391 0.10506254235272 -0.0679541655186306
0.0724164239216375 -0.0806340952926186 0.0479663542245672 -0.0629455718778832
0.0618078314971185 -0.0836956368414461 -0.00404071959915395 0.00558400084454233
0.0527592008940403 -0.0258695790343158 -0.135083874246584 -0.00356660119251597
0.0336825497484098 -0.001668456716501 -0.328996750299245 -0.15891918427956
0.0342674826487476 0.0120043677198913 -0.191231130073787 -0.536418384771358
0.0600174510800519 0.0533105231438976 0.282110832097115 -0.693303954958653
0.0367340218495468 0.102915139703345 0.637052216779275 -0.276425045786551
-0.037005134230411 0.0713454890411737 0.231735729988094 0.00706766257559325
0.0127229240664164 -0.0487099318390723 -0.0631273963876132 0.183896569484148
-0.0449002494721797 -0.0862626445744638 -0.30424568244437 0.265721169206524
-0.115469857960641 0.0195670335703586 -0.19059935546437 0.471860161058999
-0.0273514156640065 0.109234743677007 0.122763919067398 0.491845829838535
0.0790251757319041 0.0774208293648113 0.320835318200808 0.252032070067842
0.0889190873904886 -0.00590291216167684 0.262367899841917 0.0016982707273574
0.0730174880160946 -0.0479594215401581 0.138398674283488 -0.112921776478296
0.0440913849506605 -0.0589225485567033 0.0705048926894949 -0.100143485933614
0.0367783963943279 -0.0693995792389525 0.00377293258936564 -0.0209716924155348
0.035092071009859 -0.0435688943195496 -0.147252966129883 -0.0345313780045043
0.049606806130784 -0.0373932390318684 -0.327006295983398 -0.227083811964334
0.0926946932823984 0.00624446844476096 -0.103361491426095 -0.610589276679395
0.0910424619417912 0.100768466697283 0.431348847612065 -0.671612693602056
0.0177247762700403 0.138854477193296 0.714772311881856 -0.180814765627042
-0.0374630944996273 0.0829293491962899 0.257222010788789 0.0184155248102984
0.00363564568684282 -0.0471976069573612 -0.220395123427453 -0.0344982840527981
0.00901891395257811 -0.108990898676186 -0.729233032575016 0.0770150810541263
-0.11534899001944 -0.101246822447657 -0.515264648260942 0.648245915225337
-0.155395219700782 -0.00745941099754497 0.0834278975558825 0.695996128668418
-0.0750153900470215 0.0979144555081645 0.354520930211422 0.267380594869698
-0.0188363527877799 0.0832411350378507 0.17838270598495 0.00841898716461213
0.00416841548949806 0.0571907245458594 0.00455447297970457 0.00644767847900947
0.00199740799576079 0.0409037455198868 -0.0559312370386635 0.0965768850034006
-0.00530923638271672 0.0243599501757716 -0.121970940372454 0.132799831786608
-0.0229269587191678 0.0217468968623873 -0.245969633780195 0.0295104886566477
-0.0162903274478077 0.00267891493834093 -0.352770325537203 -0.177879191494178
0.00570201770555333 -0.000536200316060553 -0.196685695940817 -0.429159187285687
0.00729995688659625 0.0503196510396501 0.0918714124682103 -0.492217905401691
-0.0231691524089222 0.0538621384317896 0.223106705278731 -0.323787025568569
-0.0341283869769129 0.00622866805087686 0.00835186374957742 -0.244345910554946
0.00258511574013791 -0.00362303125221185 -0.217891642854956 -0.050049025338889
0.0551710134198849 -0.0638848849390891 -0.741364432692717 0.024769748736516
-0.0722140888700313 -0.104679290524166 -0.577756072587935 0.604223019058285
-0.146130679158174 -0.0290108940534796 0.015800844520896 0.691397117815821
-0.0796338750568602 0.0882308989261776 0.31286183118864 0.299203272992794
-0.0083783665226612 0.0704022453898302 0.166272690297199 0.0419444685880645
0.0232674249115935 0.0242023126585943 0.00257132484441015 0.0287800512099612
0.028652166672442 0.00101957142887807 -0.0555852682716277 0.104041561873872
0.0354903518084292 -0.0177848440182835 -0.116523112960646 0.14375112978189
0.0429965569454856 0.00653693701364162 -0.236878055633721 0.0418832599250594
0.0530621097274536 0.0382883714837875 -0.351216689642988 -0.155478941588206
0.0138967142333611 0.0997376430990662 -0.213936314410403 -0.408896583655003
-0.0681636075123882 0.108066881502316 0.0571853276759824 -0.495312893025189
-0.101110966922897 0.0202779932251397 0.204289955324357 -0.333832732491962
-0.0660953136096714 -0.049608360067628 0.00201114695883235 -0.224775993210061
0.00661677653247237 0.0142367369767611 -0.2127680465446 -0.0668951201066364
0.0738111354540186 -0.0520496474122438 -0.742553774696967 0.0119961403297174
-0.0654077558734177 -0.0949125058360524 -0.570578792342331 0.587319773103757
-0.137431669190348 -0.0121231892587515 0.000581090809381726 0.65999607034231
-0.0554295711108612 0.0892361723626651 0.274034888614999 0.294296299583578
0.0182232075068863 0.0494681814632986 0.149032583920885 0.0589357541417706
0.0473349984060556 -0.0137809466801451 0.0037037651572943 0.0392017646604645
0.0532256045738293 -0.0366688843632586 -0.0455630818644057 0.0944066976645087
0.0682225712545806 -0.054951847227644 -0.0968786637976389 0.131070799344794
0.0951513852129761 -0.00310920364940426 -0.208477608421973 0.0392111188743904
0.102683846585587 0.0692636894439483 -0.333148398876019 -0.131354246234637
0.0139174682333759 0.1743106736002 -0.225328751279682 -0.38561723318497
-0.123147149641706 0.142991736063172 0.0340002511344495 -0.507588728666411
-0.146717600396574 -0.00387567211936772 0.224212953418478 -0.347363723007727
-0.0848962762213528 -0.0808216503890608 0.0273038051469381 -0.182282218340534
0.0112010174663336 -0.00949217709214946 -0.203790520580324 -0.0590493362724707
0.0484700276713852 -0.0916395638341419 -0.706835819629879 0.0554357519437784
-0.111709228197523 -0.0796037559608639 -0.49793704249072 0.58196823507243
-0.138553421400272 0.0472930980869503 0.0280828059632118 0.607076682892028
-0.00676449807486176 0.107186698152032 0.249701121733116 0.271299176913221
0.0608276679139302 0.0267353909921375 0.140261786007483 0.0605531535236769
0.0751001926375634 -0.0494284565562237 0.0118412478413489 0.0341983083243451
0.0727396035216649 -0.0667846218440687 -0.02851889649212 0.0672791896931251
0.086239686748808 -0.0790988569324293 -0.0686783666107736 0.102007087776026
0.11892329011275 -0.00488040805624101 -0.170599237749226 0.0304541046794631
0.113106760782785 0.0896561481265792 -0.308931300802063 -0.106467840533691
-0.00566732001640506 0.197119620044445 -0.236827085697093 -0.369251077880006
-0.142184947367232 0.131884151540524 0.0224982236951988 -0.536648021951507
-0.136930416337501 -0.0180879755383274 0.284214980847726 -0.368054483513518
-0.0815505403253317 -0.0749514577013564 0.0766332847332648 -0.129485099534163
0.00646893302372522 -0.0552430157562306 -0.183572807295309 -0.0135200607933511
-0.0173011089894839 -0.142778028942538 -0.623587166115332 0.131534884048668
-0.179897745093299 -0.0445204249516086 -0.388673793130515 0.563754257968838
-0.129780183337194 0.12607447874736 0.065588684499809 0.547536070331287
0.0553329747211781 0.126801322709311 0.242008697128028 0.250351058906081
0.104962489003923 0.00516496793258781 0.150263635541623 0.0531437090735204
0.0995399882024421 -0.0758540101686969 0.0309621151961911 0.0113289197471769
0.0812437771040926 -0.086156888620963 -0.00668537414323033 0.0275553300158071
0.0853985537592287 -0.0913428010976951 -0.039687443625001 0.0677441394969419
0.109004832947801 -0.00497168027277222 -0.138477686532537 0.0256492605967593
0.0851846290007152 0.0837683432246188 -0.299275645050737 -0.0855487160068086
-0.026933288557949 0.153904910308394 -0.254638084398257 -0.376620372893118
-0.10629810477251 0.0830991687955045 0.0357624139501392 -0.589067182211672
-0.0735456940414719 -0.00889930401338658 0.377150278516635 -0.382100505958987
-0.0625757536993807 -0.0315352160834502 0.135278887159805 -0.0777864511589894
-0.00637541467750515 -0.0868584974361191 -0.145338755444074 0.0605603248406315
-0.0833364208145121 -0.156546623709793 -0.500771211279748 0.207975986076126
-0.212928129685734 0.00677410351274947 -0.282413857160279 0.525381361727146
-0.0931046299970282 0.179652723877266 0.0981116696471512 0.498044075250453
0.105154819303474 0.126505266464696 0.256969304463767 0.240053479429623
0.130587885194101 -0.0115750387548017 0.179907508488701 0.036714267804748
0.109519500713961 -0.0874694494889329 0.0593564614592845 -0.0268775498574512
0.0762366067349625 -0.092567292210311 0.0159908704408349 -0.0184615852632726
0.0695161572307838 -0.0930939979929996 -0.0181538301323603 0.0351390757943767
0.0767043358747418 -0.0133481506894964 -0.127349247576996 0.02143812723862
0.0454932112974697 0.0436384005003208 -0.312450966037775 -0.0867311706728983
-0.0158801587858773 0.0689995679683022 -0.261890283896484 -0.424559420284677
-0.0177760519771223 0.0395809410219073 0.0980369923045122 -0.654924431717917
0.00640408547362288 0.037208548861429 0.492395960833167 -0.368621180579259
-0.0423437789264691 0.0313273816460655 0.189281011079362 -0.0367620613576628
-0.0105453623971715 -0.0835133514153995 -0.0943510687916687 0.134610482682608
-0.0975853175962597 -0.126232940440471 -0.374835371537464 0.258976920301618
-0.183745882279634 0.0401863381231317 -0.202119169474503 0.491142020368513
-0.0462843441348893 0.172859179310464 0.128085877381987 0.472844605889787
0.118673711152543 0.102955539926847 0.290481760597109 0.231294922678137
0.124503280443618 -0.0193591223156948 0.218755502712444 0.0118703051364257
0.0976038450038555 -0.0803540839362583 0.091024528893565 -0.0740331486677513
0.0594727402202858 -0.0843271046158472 0.0367442102976939 -0.0647566254214293
0.0470644347637456 -0.0858731464572822 -0.00665494643538857 0.00627051151893414
0.0439869507367451 -0.0310677141489495 -0.13681305192013 0.00752025391092501
0.0298926079188589 -0.00994257257823547 -0.337299260468294 -0.127877786384888
0.039221215777463 0.00317619760642002 -0.232528192571907 -0.512995724159698
0.0734226418558791 0.0484439219420758 0.222509379659734 -0.702888602825541
0.048509380901293 0.102719520470582 0.60798861248438 -0.31625025908321
-0.0336993750548618 0.0813791637307606 0.231988423146474 -0.0140754075996036
0.00623839523766959 -0.0459994620260368 -0.0453886687205365 0.182711223734637
-0.0489562546741559 -0.0794239498543134 -0.276659677883819 0.281932900808954
-0.108162343102989 0.0296289704350551 -0.147685125533198 0.471597089823875
-0.0159789532047473 0.107469051160747 0.158537414820657 0.46464378110158
0.0850756923015425 0.0672442227439366 0.330830042242598 0.215874927582671
0.0849935057059127 -0.0142859274161817 0.251364655238567 -0.0198399945771503
0.0653512972961884 -0.0542852877514878 0.118263247741672 -0.120828814301316
0.0356234645999109 -0.0618498267724533 0.0543586118136017 -0.102315537316606
0.0256525726716884 -0.0711275940891407 -0.00326594706769986 -0.019957801516818
0.0280590593157892 -0.047670732674326 -0.153004541728866 -0.0230460149631363
0.0454621283707345 -0.0447475618317232 -0.341799383612589 -0.198480526278655
0.0956782816143122 -0.00287945856896982 -0.149555670672515 -0.597136269837111
0.103899346557506 0.0952384069184902 0.374444429364658 -0.694584589267242
0.0297512403957334 0.137747612939635 0.690021433296813 -0.228032179104951
-0.0334260568401387 0.0899477104059595 0.25820985092496 -0.00639052828302403
-8.53049433771581E-05 -0.0481805272167965 -0.215041636291669 -0.0160215800662314
0.00197420694246814 -0.10815548738399 -0.695818548337137 0.112988507980943
-0.117211711177512 -0.0922625985799877 -0.464546547509871 0.650725462139585
-0.151927440579704 0.0016048180503067 0.119411700664885 0.664688611193178
-0.0650257995921128 0.0987459700239502 0.357489343124044 0.236217194208192
-0.0114779782024066 0.0820859469263745 0.177225961360121 -0.00123328030464601
0.00791075261074575 0.0555554387029728 0.00957555121263367 0.0053957983226463
0.00594879626018503 0.0402208671413911 -0.0419942790556354 0.0923964997696396
-0.00340190457140412 0.025400085399481 -0.100239996577419 0.131828806214918
-0.020951268329904 0.0232641604455055 -0.227614681846578 0.0430908053821352
-0.0159617707114868 0.00421885322637579 -0.344296482341194 -0.145830368383752
0.00248334236532121 0.000585242184808999 -0.211317271875318 -0.39574913649168
0.00927477092572429 0.0481810195667012 0.0569993899099684 -0.473244557309405
-0.018519153110594 0.0489284136311674 0.19189984745181 -0.318795685980242
-0.0308402792096236 0.0042917619364137 -0.0100735562241975 -0.233007018729628
0.000949564598351372 -0.00269112650022172 -0.21455797493528 -0.0320677251070196
0.0515080037577129 -0.0638182004617957 -0.713445299895584 0.0615079510984952
-0.0712033363403337 -0.0966338301437835 -0.525010028193298 0.611126214532248
-0.141769978207524 -0.0236524306136653 0.0532155799398925 0.663963279552738
-0.0722268703250657 0.0863245598647795 0.319792350852503 0.268378290870537
-0.00585096497102204 0.0683203772055127 0.167994213583201 0.0318230762019784
0.0209122136808218 0.0227268263380843 0.00921906531359386 0.0267218132308832
0.0259399202393894 0.000803223221427308 -0.0410342728672134 0.100382794193483
0.0302126923829128 -0.0163535776740226 -0.0941092722119221 0.141841068622645
0.0397608609824573 0.00493366905892609 -0.218379673050076 0.0539019879235162
0.0507757433926954 0.0332819577572451 -0.341554497422209 -0.123552558307302
0.0171061778584735 0.0945143762541748 -0.227673679410606 -0.37414187929928
-0.0584911410989043 0.106620730817592 0.0245083627088671 -0.473985657869718
-0.0939400478233309 0.0224145218173305 0.174340528025555 -0.325489136992985
-0.0651218564332715 -0.0442273223679702 -0.0141996150063527 -0.213449931323008
0.00549688295147043 0.0173791034100608 -0.211188264201008 -0.0497077250493912
0.0711062645954049 -0.0504868178543118 -0.712046596022177 0.0514362396793956
-0.0606527441721498 -0.0874130671693211 -0.519818364262631 0.593640335693262
-0.129271749984126 -0.0100154692285281 0.0373272799611725 0.633267625481305
-0.0497485196949493 0.0832310961450936 0.281773711680163 0.265752242832972
0.0165354107112679 0.044842798212995 0.150476086893827 0.0476146776649749
0.0390498278655464 -0.0152746514249093 0.00931823326936759 0.0369913272626988
0.0446594501656879 -0.036633613899344 -0.0332962877743208 0.0906504625374354
0.0578568727260462 -0.0537828122525001 -0.0767532582998859 0.128285472171061
0.0876879101135714 -0.00775087992710387 -0.192950722340007 0.0498767245293162
0.0992576764877004 0.0595070272316908 -0.322573368413485 -0.10316957049287
0.0220030386082787 0.164140439468253 -0.237904923220952 -0.353094780099416
-0.106854206038661 0.143182365691033 0.000785462784902235 -0.485441830335093
-0.137795583620002 0.00291018305417926 0.19375105683617 -0.341642487849154
-0.0853055653959047 -0.0701658855519925 0.013522396335372 -0.174225002162902
0.00755234122985073 -0.00398872849250842 -0.201533173835026 -0.0440174149648247
0.0456376282214878 -0.0864054994383705 -0.677673222405316 0.0919179127214291
-0.102193798414576 -0.0701267722987547 -0.44832446856429 0.585051128653826
-0.125565250854871 0.0454164700448524 0.0615983310699544 0.578999553945936
-0.00279561336959587 0.0964076380509731 0.255958439160226 0.242642823945162
0.0538023103646971 0.0196859689543852 0.139252610741217 0.0495000622550214
0.0622525135491957 -0.0517320611621115 0.0153031913013291 0.0313723227878179
0.0602549162363705 -0.0667538435214126 -0.0201361127571645 0.0649224240133867
0.0723398131648969 -0.0775900809755361 -0.0534763591906822 0.0995378682808285
0.10946609576988 -0.0108060781933638 -0.158045709433774 0.0390038593309591
0.109430219582126 0.0770922560353749 -0.297998264450183 -0.0807642328279355
0.00508429129619601 0.184854436846956 -0.247039764404337 -0.337092793441532
-0.123665090146874 0.131996533987341 -0.0121380687815827 -0.513848961709732
-0.127374289746336 -0.00971079781828461 0.252077082534694 -0.365303396788763
-0.0821487304107296 -0.0617187447002553 0.0650139345664157 -0.127355412589508
-0.000521705473653485 -0.0475580155229851 -0.178838747044926 -0.00259082191695887
-0.0208992234105029 -0.131851797809077 -0.592814431192459 0.160463439386407
-0.166477096059393 -0.0323167653486664 -0.340118002907836 0.56008803658127
-0.112856524651642 0.121069019282888 0.0951671103867609 0.516375284148795
0.057245777951861 0.11131835543316 0.245885652920294 0.221743112216284
0.0948165224212727 -0.00348266906881237 0.145953315594078 0.0408306689872505
0.0835527283526734 -0.079254453568895 0.0296041887305224 0.0090992555934337
0.0663412437671789 -0.0862185635159731 -0.00430496093384745 0.0272333262658668
0.0695590641298699 -0.0892060808322206 -0.0305258162143402 0.0659297486671255
0.0983670082270289 -0.0105621384686742 -0.129323871166413 0.0331688650606088
0.0805592482564565 0.0717912457673942 -0.288762448464796 -0.0601595731315624
-0.0173709360195899 0.141802062547634 -0.265792426510637 -0.344968720198448
-0.0890125392261387 0.0818437489970193 -0.00395916551682216 -0.56571305254774
-0.0648107358377924 -0.00270444372496233 0.340953051648966 -0.385015448186365
-0.0622388046065173 -0.0184674984092566 0.125669094010533 -0.0820594030746891
-0.0144085412808753 -0.077675348017534 -0.136911196259724 0.0658088143812722
-0.085170104512814 -0.14193715330003 -0.470288008103908 0.227044144630296
-0.196419811976548 0.0190150463729168 -0.238226653405216 0.515986299848984
-0.0755152979327177 0.171710137217883 0.122854394040427 0.464943244890175
0.106449034674923 0.109356768388578 0.258432128532512 0.210128559814877
0.119995445780788 -0.0214590753699751 0.170552808277543 0.0237860856670029
0.0932314503835278 -0.0911430089985314 0.0515784807311881 -0.0286950161221189
0.0613705765059483 -0.0922147814732941 0.012079339575436 -0.0171881778776182
0.0537160831739687 -0.0910499776054895 -0.0148820964223945 0.0348148526471581
0.0661132039218802 -0.0175336634638731 -0.121400423341129 0.0289890859776263
0.0407837811606881 0.0345813781904254 -0.304817267189615 -0.0619450879588334
-0.00872991011194671 0.0589967518436676 -0.277767414929337 -0.392852200852009
-0.00432046029865061 0.0361989861140184 0.054781445069162 -0.635366653717696
0.0142168010407519 0.0388012711257167 0.454916266830569 -0.379875078943148
-0.0398490165107317 0.0416119560460171 0.180740130661218 -0.0471612962991026
-0.0176343588752971 -0.0755750378345679 -0.0822543917694779 0.132725608848873
-0.0985399616850075 -0.113687257745783 -0.343945480476981 0.267739544547246
-0.168687399753793 0.0490334162983107 -0.163881670716861 0.478016365798005
-0.0310020922308437 0.165303056043833 0.148753675312254 0.438777196304932
0.119595824931042 0.0874028125804994 0.288563421586614 0.20028809591102
0.114949941267386 -0.0272354848840697 0.205241902317288 -0.00262331113006301
0.0841550663432176 -0.0835598420541397 0.0762300888474749 -0.0759082000423583
0.0473843046520748 -0.0842562243832891 0.0266332280513519 -0.0624872250254691
0.0331870231570223 -0.0839221414204455 -0.00811506629389746 0.00764589245378712
0.0348715883569438 -0.0339695069017138 -0.134496977655135 0.0161570564510876
0.0247173317479084 -0.0163307301268459 -0.333485256039678 -0.101262761192715
0.0417375037703117 -0.00559946215811642 -0.253976990711408 -0.480793682799154
0.0833974511773238 0.0418541158433597 0.173187280766754 -0.68946245401744
0.0565062352539444 0.100531096867519 0.570760875960946 -0.334614718152629
-0.0295141998051561 0.0882164629658545 0.223618676973743 -0.029737036822713
0.000151474862250804 -0.041331662743001 -0.0314835662926847 0.175757527117881
-0.0509936875144801 -0.0716550908024834 -0.24724562173717 0.283219548751
-0.098573335846878 0.0355713883722895 -0.111732550506273 0.456421685783701
-0.00574777354259879 0.101817065019783 0.176635270560824 0.427978638162096
0.0868128526892873 0.0562536708427717 0.325582065203929 0.182069774555168
0.0793166018831567 -0.0196655885382748 0.233297543488564 -0.0345754654510927
0.0564621561252942 -0.0574501369654985 0.0977602845187595 -0.121223887300057
0.0279813436583822 -0.0609035921950603 0.0391423910600775 -0.0996030362345258
0.0165237341746541 -0.068854128274147 -0.00876013696934213 -0.0172936199480278
0.0210538798750574 -0.0489950475775047 -0.153873559636336 -0.0120402031002304
0.0397898269555901 -0.0497264063256919 -0.343026005819777 -0.17091179490702
0.0957974157340641 -0.011107331514777 -0.177457457682082 -0.56760072329683
0.112723548819493 0.0875584016504473 0.321804240111397 -0.688567394194911
0.0375837585315178 0.133229842401275 0.654703693281623 -0.253831120640445
-0.0287768742571639 0.0937267537224471 0.250745762873263 -0.0255402990383422
-0.00360243118922182 -0.0494017228385958 -0.209349174355822 -0.00397424224092
-0.00201014752082867 -0.107635020877998 -0.66846742553335 0.126797118362964
-0.116499375532406 -0.0862786451873197 -0.432309733766648 0.640068180733682
-0.148488978891968 0.00620686506960886 0.134403044218464 0.636832068251474
-0.0586120168683813 0.0972550320016094 0.353928382349687 0.216747470392097
-0.00646794002347968 0.0803511928281302 0.176313752419741 -0.00707384607314775
0.0102997779645223 0.0533981435572243 0.0135014095445022 0.00368029630604312
0.00851953772118159 0.0394296290943393 -0.0327100076486148 0.0863950186494612
-0.0021956116389154 0.0261213443719968 -0.0844924864063668 0.126856194664123
-0.0190548388544966 0.0246913056507806 -0.211466028191363 0.048256163332597
-0.0160282690730125 0.0056454832215696 -0.331199186849517 -0.125038290180855
0.000463873493242589 0.00225055782283081 -0.215516599847806 -0.369336522292763
0.0102679342578502 0.0458286208594618 0.0375641693393244 -0.452085197077007
-0.016277207888913 0.0437847355795111 0.173262919917361 -0.307255507861857
-0.0288591017041142 0.00186357454987076 -0.0208325695346783 -0.221742208610745
-0.00160107754071492 -0.00100400486462057 -0.210440625231101 -0.0201981119580306
0.0488536398502149 -0.0622922861707242 -0.686241840483854 0.0765802458600058
-0.067464023145894 -0.0919247076650737 -0.494677884574729 0.601395411053031
-0.136707589603331 -0.0221904760913136 0.0705342274371902 0.637514849308576
-0.0668979277239888 0.0824449490152711 0.318213604044989 0.248308382179053
-0.00481373071748106 0.0656309400617252 0.16755868354559 0.0248707828431116
0.0182992689584921 0.0223826876608255 0.0141303319349663 0.0241165669165134
0.0236151883148539 0.00143857877953475 -0.0315106477151176 0.0945512739693647
0.0269738811810157 -0.0145358661496596 -0.0779403326449552 0.135642028594163
0.0373038002875146 0.00503859193684867 -0.202011692935607 0.0582240164171266
0.0483473426399617 0.0303118093830386 -0.327371757571185 -0.104937306460273
0.01817436349431 0.0905787243707046 -0.228580873150216 -0.350869210783049
-0.0516505009754246 0.10328272785801 0.00514549109464568 -0.451000224708524
-0.0887039086972575 0.0212072345799209 0.155606672469159 -0.316499722811625
-0.0632186396050392 -0.0411494353842813 -0.0244147511230656 -0.202868548364217
0.0029345966931283 0.0210691308483066 -0.207899379762563 -0.0390003080138336
0.069924127982573 -0.0471942544367312 -0.688285429435699 0.066406028902111
-0.05365188212035 -0.0823614631067394 -0.487999649746302 0.585219106307138
-0.122032694227808 -0.0126799581067133 0.0534057271272085 0.608106283962586
-0.047623240275111 0.0764370610241899 0.281084933638322 0.245433136366183
0.0133339023126798 0.0414677028395821 0.149368249231185 0.0411957996404791
0.0319030130397799 -0.0148758098866375 0.0135483308704673 0.0340316907422217
0.0385954756283677 -0.0351996097553065 -0.0252730075887261 0.085989109406756
0.0499391902517574 -0.0496108735290235 -0.0621444556113419 0.12268245960009
0.0815120470742214 -0.0086880418734476 -0.178199349488906 0.0532458977982908
0.0945701457531357 0.0530725889039081 -0.308518337977105 -0.0849552735244704
0.0252523968907749 0.155429774583837 -0.237632978610516 -0.329588295243555
-0.0958428048026879 0.138758728575218 -0.0176309121407074 -0.462160703149333
-0.12988732510746 0.0049824682822082 0.175840253677798 -0.331362045548439
-0.083846974033393 -0.0620295272429791 0.00471849338781612 -0.165939737890305
0.00387595090078758 0.00187657583609838 -0.198126312952821 -0.0354376594463136
0.0451767886144758 -0.0795253203753864 -0.653736769271562 0.105440582697259
-0.0913692625767475 -0.0650682027484393 -0.417199054870498 0.57505086852555
-0.115872878372868 0.039689531272168 0.0761789721058609 0.55420843768701
-0.00222945768729855 0.0862755554134571 0.254421000540847 0.222871153786433
0.0469533615048847 0.0156146359876832 0.135944054782796 0.0422376212380131
0.0516214821409922 -0.0508545284614968 0.0162468395216178 0.0289170223333014
0.0501652592307313 -0.0643013009409631 -0.0150896043037345 0.0620748121009521
0.0611933109757525 -0.0736930854328856 -0.0424506950868789 0.0940289120992263
0.100220375428883 -0.0127433139807623 -0.146745211614946 0.04268353948696
0.103073798077467 0.0688470601012794 -0.285099475086209 -0.0642931038204319
0.0100646252244867 0.173044995168287 -0.248783132023439 -0.313266492273342
-0.10978224674264 0.126714658383607 -0.0311211830754878 -0.489095135408196
-0.118146158396903 -0.00660345257703589 0.230786848928947 -0.355508321509032
-0.0808730200186045 -0.0514672624894294 0.0572523804292935 -0.122757394005379
-0.00533304419197257 -0.0392995503122983 -0.174434277713536 0.00324746974788572
-0.0209790469818182 -0.121891853564495 -0.56722867874533 0.171976040986463
-0.152830001778669 -0.0266580920876973 -0.311842817307236 0.548675705954585
-0.10066512567912 0.112352608655797 0.107192247508165 0.490373614611508
0.0558702574218046 0.0987606627294329 0.242254324823139 0.202092341764284
0.0852597176470443 -0.00836813376256169 0.139278780543891 0.0340375926019297
0.0703848274556608 -0.0782291252062074 0.027297374996487 0.00787524694853191
0.0554036360541229 -0.0835023724564273 -0.00299418685566941 0.0261942271467941
0.0572046813906652 -0.0847492971113058 -0.023330747057935 0.062370198725527
0.0886754633579039 -0.0125910888845957 -0.12147815289138 0.0362012989109258
0.0743923226120395 0.0634337395373692 -0.27641431588041 -0.0450274262500649
-0.0120405635302042 0.130395491271192 -0.267746706012423 -0.319978660977497
-0.0757419950330923 0.076818718646681 -0.0248648101386104 -0.541159543648639
-0.0568613161442486 0.000470984826222001 0.318863438829913 -0.377919881115495
-0.0604623204892698 -0.00802474649738497 0.11791653230205 -0.0823681070596456
-0.0203753491684001 -0.0683839491600683 -0.130678645454682 0.0668136220557234
-0.08417789214248 -0.130254661491177 -0.445601784417127 0.231623030724061
-0.181838574490649 0.0234752793083322 -0.214088274597289 0.500727717088271
-0.0634487645364046 0.160945677439843 0.131442864288172 0.437847483544036
0.103693512515142 0.0967074510627511 0.252013765956762 0.189092587472211
0.110200009773451 -0.0262649504621383 0.160404415947417 0.0166300754358317
0.0804067129039745 -0.0909712047582659 0.0439339584135921 -0.0282087246957638
0.0503417131235103 -0.0893735907423419 0.008430919692201 -0.016486181872194
0.0416377636652443 -0.08603581900016 -0.0122868722820948 0.0336727267833292
0.0568937299269216 -0.0191603526746661 -0.116181555205561 0.0329887313922143
0.0347137771273495 0.0273530528399298 -0.295165003765432 -0.0462190065966611
-0.00541403593490063 0.0485411929061212 -0.282245998071594 -0.368979498281635
0.00660871921366444 0.030933346428636 0.0296313290723186 -0.611515842943701
0.0207972186949184 0.0398210075402984 0.43015368961569 -0.377481858978611
-0.0380631953043956 0.0501813890684231 0.173517263617991 -0.0521946855251047
-0.0232306482584204 -0.065841604432736 -0.0735178845345215 0.128064862620916
-0.0971360063281328 -0.103426391101712 -0.321686334458733 0.265929642236519
-0.155981879675665 0.0520342373426364 -0.141951648233945 0.460401060043715
-0.0215916914505826 0.155762813826455 0.155184621257696 0.410261820635236
0.116776252123559 0.0757158236211271 0.280067816204568 0.178711281775391
0.107097856153521 -0.0319843928334278 0.191120996338095 -0.00949285028740476
0.0727424644448406 -0.0838297741142759 0.064540654191469 -0.0734685454729297
0.0385132902283171 -0.0814284901398026 0.0194511961743875 -0.0591573983008471
0.0231548042815055 -0.0795762461373292 -0.00939665079571888 0.00796670891949342
0.0273959446785836 -0.0343204298246922 -0.131572852458876 0.0216808053817201
0.019345375673964 -0.021712888458575 -0.326489292624101 -0.0851639310665119
0.0435825969179236 -0.0132366457587918 -0.261045919840907 -0.457108210018501
0.0915896074854676 0.0363561100949837 0.144743104597524 -0.669109006120718
0.0608082485604563 0.0986402701882385 0.543342085340354 -0.336654927266464
-0.0268126737194413 0.0944929458442596 0.216245208174085 -0.038217586485326
-0.00463048380875774 -0.0359195479223992 -0.0222608605370147 0.167131890251564
-0.0508162238103309 -0.0655434349035628 -0.227817973190511 0.277339115084053
-0.0902036422520959 0.0377337001100883 -0.0934664789022223 0.436988300829689
0.000447059069220823 0.0956764639885051 0.180823477063094 0.398680680345395
0.0864189047951759 0.0476414495512634 0.312540288999224 0.161892575300253
0.0746843152905374 -0.0222135918236166 0.216936683618132 -0.0407337912663451
0.0494209219018889 -0.0577634599727334 0.0821102596928858 -0.117855371021121
0.0223296297444188 -0.0595231195783743 0.0277881307099634 -0.0947607060828285
0.00949608054508346 -0.0662045072488755 -0.0128562720217002 -0.0154328648127942
0.0153453215478288 -0.0488245475240984 -0.153356249808799 -0.00506389446204123
0.0357477786410839 -0.0531947961297556 -0.338648795467611 -0.15350713995027
0.0965377823204286 -0.0164614141781515 -0.189706659395894 -0.544913629710351
0.118267938450476 0.0818683591367953 0.292350136262287 -0.674003672045555
0.0406213413617535 0.130667156937056 0.627418010204279 -0.260411670070037
-0.0264851571210653 0.0969929876530751 0.243298784515461 -0.0367744698337174
-0.0157667902837868 -0.0469511464315423 -0.208474546483381 0.042547294796999
-0.0251080037120861 -0.0967195739850517 -0.637041341898299 0.253783536637984
-0.124992732264259 -0.0511081440633995 -0.30135688112955 0.702485213389647
-0.131545344339637 0.0426439361293997 0.251654397573708 0.591128686881865
-0.0292116394726454 0.0996306813605087 0.386437026937824 0.141808603286205
0.0116921521389079 0.0754648162059383 0.172123055862706 -0.0409654374144634
0.0219841616589728 0.048487634153438 0.0135920915391726 0.000456654301752729
0.0170400646426368 0.0361900060498972 -0.0111263421406837 0.0855686746911819
0.00369705889605521 0.0273988561252518 -0.0498560215176534 0.135354421639087
-0.0146647840672754 0.0280677487249707 -0.192594221455629 0.0905038214695839
-0.017540083539902 0.00658596790248518 -0.34703419191435 -0.048933019940662
0.000770174362114216 -0.00189737487417498 -0.287523307089515 -0.312705165584542
0.0226402836020953 0.0370324632533607 -0.0641096290396905 -0.448302996802815
-0.00292507513286125 0.0406697874645777 0.101437195804436 -0.341007448247475
-0.0262973248649109 0.000624830173501316 -0.0698304710929941 -0.211142078294747
-0.004339001996206 0.00163007370145708 -0.215907246036323 0.0280811928784041
0.0340219984138784 -0.0613095553794651 -0.664695109299699 0.212617174651006
-0.0771673475764947 -0.0672695804775893 -0.367757228551888 0.681725392593991
-0.12539223754174 0.0102006656995479 0.190383324298911 0.605495796786565
-0.0432955794666603 0.0858382503200973 0.356886471490133 0.178743453031961
0.0077595350875644 0.0608329015867216 0.169916764450984 -0.00804010186095039
0.0206060755268624 0.0192478387579622 0.0206618316521102 0.0197236944259331
0.0222458261917276 -0.00108483596226859 -0.00780488157815069 0.0938091479310963
0.0214715403683704 -0.0152677661340555 -0.0423470884954884 0.143811907455954
0.0331752425473372 -0.00113000031169439 -0.182290872675029 0.099764165706703
0.0453325325565103 0.0170767994066399 -0.339186105019683 -0.029494349683459
0.034594980898791 0.0750903718757096 -0.300276438445572 -0.291661023310954
-0.023756306473219 0.101318321577425 -0.0978057986629318 -0.443664468129246
-0.075322285839297 0.0349335457531986 0.0860365198579041 -0.345118227121689
-0.0684472635139548 -0.0302698135419365 -0.0652675213013608 -0.191025282433614
0.0036289721895927 0.0242943719395367 -0.218774383804061 0.00907181587955825
0.0593766781119602 -0.0487181790393133 -0.67118997842902 0.20496192840181
-0.0584230136815382 -0.0621207104901687 -0.363885171943555 0.665453208231813
-0.108099483084648 0.0122941447150207 0.168215515872423 0.57931809749926
-0.027640007723898 0.0745904530787416 0.321043136792034 0.183708803614198
0.0173794026984357 0.0349740954229587 0.155445608867802 0.0117003582065647
0.0218775239902593 -0.0184316514057258 0.0240856754303696 0.0303172131610876
0.0272139673621471 -0.0377566649596348 -0.00426124248418285 0.0853713143465333
0.034931719556957 -0.0520397225265455 -0.0310599027086416 0.128066473446545
0.0716342790747346 -0.0223516942412532 -0.16122844048091 0.0901430135357366
0.091286117397125 0.0295018172883726 -0.317003752939301 -0.0138040060078992
0.0533574440129594 0.132675012340901 -0.306563573885457 -0.270168854909499
-0.0561494817853341 0.140624212719595 -0.12378465668124 -0.451243555600421
-0.115699886224199 0.02873922192589 0.105219042363422 -0.366423574847597
-0.0916044299307513 -0.0423274524620819 -0.0267680961736136 -0.161039680267958
0.00124912105079872 0.008322378949834 -0.207459051341111 0.00872348388129141
0.0309384553184587 -0.0728154752283451 -0.627531520914374 0.235966131975481
-0.0881465990781814 -0.0386804108782328 -0.298154584876674 0.641119056839684
-0.0909870798903018 0.0577331015237329 0.176833689584153 0.521452374751568
0.0155058884291759 0.074308333044822 0.290239390756173 0.168070598482972
0.0426802697874873 0.00353137263316957 0.142196084259829 0.0161927066584156
0.030765311868709 -0.0556876863271832 0.0268737321476142 0.0269898438628905
0.0314650522154834 -0.0671879975774759 -0.000303280432408084 0.0614745054951504
0.0395625163280068 -0.0757110152438156 -0.0186374111065978 0.0972091973118948
0.0875704149155428 -0.0291320789688542 -0.134176370505406 0.0737849841970105
0.100384547956477 0.0426734824322429 -0.290226830735539 0.00200920645806707
0.0415339122725887 0.150509114338899 -0.31456719043447 -0.253038836005159
-0.0703521650742951 0.130249475986393 -0.143484730772841 -0.475733522320753
-0.104320951770659 0.0166720394424473 0.155701439484793 -0.403447841061017
-0.0852642278970583 -0.028816419850515 0.0344310256181564 -0.130495902511225
-0.0158622250705126 -0.027639399150037 -0.174056331437148 0.0385720043002224
-0.0391311684524385 -0.099913777103949 -0.527880274692871 0.279833077367157
-0.137317173733433 0.00891416306342846 -0.203559480996024 0.588668214054406
-0.0614580029486738 0.121435451632024 0.189976740832756 0.453588935962296
0.0723660613532137 0.0748238567208646 0.275362011327248 0.152402118199371
0.0739058468947383 -0.0267958190047465 0.143622908855865 0.00832350095619167
0.0425748043621382 -0.0866510437693819 0.0332279915702278 0.00672150805388879
0.0314578416626682 -0.0862246852412842 0.00290222805985614 0.0258504582980177
0.0324129676958648 -0.0854914862728938 -0.0084837591171566 0.0643437689531569
0.0752658964332683 -0.026810368176379 -0.112092784332881 0.0634625499149657
0.0719394081967103 0.0420268948374927 -0.279200618743919 0.0193195594771989
0.0126514397381423 0.111154471791251 -0.335006285593315 -0.256192456522993
-0.0453138845673728 0.0743099447638912 -0.145282924690337 -0.528603000650162
-0.0410502553278959 0.0125042988378741 0.235050526028866 -0.444721287116188
-0.056266565199088 0.0118258546242187 0.101080476401396 -0.106260103455892
-0.0345927826930302 -0.051468531046706 -0.114845597979725 0.0896758572213192
-0.100462026153535 -0.0960014214869371 -0.393808202372258 0.311590316064105
-0.155554514605552 0.061193966869842 -0.118796398637188 0.521367222404532
-0.0164711349370813 0.159745866810957 0.199436153958411 0.399813136964212
0.117791451536943 0.0626062419113944 0.282366618450618 0.139890069296678
0.0947015125912739 -0.048697920247524 0.160544545934939 -0.0117454522320032
0.0490564370690375 -0.101187033940108 0.0420141026658383 -0.0296597504088195
0.0261720255242263 -0.0919995722028362 0.00396589241115679 -0.0159569868942259
0.0169866419844872 -0.0841492674355007 -0.00491018525381447 0.0360424643016309
0.043428965599209 -0.0276793477806768 -0.108709515256051 0.0600307238607443
0.0278303091291068 0.0149021763843793 -0.299462052325637 0.0224271180050833
0.00468992368021904 0.0306694762184725 -0.361114977964165 -0.300982112986616
0.0257661530288588 0.0157774260961553 -0.105852980086915 -0.608778331355282
0.0429550788710016 0.0378297399246112 0.342822333565329 -0.46879432716041
-0.0218977518553602 0.065407552715843 0.159947064705015 -0.0926849558343374
-0.0369782851052017 -0.0494924247328264 -0.0445308274573421 0.137873147591655
-0.1077601471065 -0.0702707150601837 -0.263412310020384 0.320328394900962
-0.126970680233476 0.0829470809051205 -0.0564032199661309 0.468444179513193
0.021016839920229 0.145835944525064 0.217713922069883 0.370570421741902
0.127325420661521 0.040866100445156 0.308737610021256 0.124647618794001
0.0920284506501393 -0.0542603071155725 0.184320292140774 -0.0431017939304787
0.045361855696765 -0.0938126581992681 0.0503281959245133 -0.0768758478116034
0.0173660250809296 -0.082676370817092 0.00325663556028555 -0.057981873385384
0.00134148377489858 -0.0757251575603084 -0.00951544326511502 0.0116149729259905
0.0123256710766235 -0.0374134973668347 -0.127753447852958 0.0530771840233527
0.00514843419935766 -0.0298136587358744 -0.340627790519377 -0.0106113340229663
0.0426027697383523 -0.0373243253036977 -0.360674866475077 -0.392832836022764
0.108647383717627 0.00639726133748388 -0.00410954337760864 -0.68740227297622
0.093128820376779 0.0885352919778352 0.462063302060284 -0.455322721267663
-0.00310042419636797 0.105267945191414 0.203811676923944 -0.0903432521615386
-0.013878289773188 -0.0265468459769698 0.0151208135672024 0.16631751326379
-0.0579004753265516 -0.0464868613057551 -0.167812144609924 0.314284190495796
-0.0703939899179002 0.0557638103481692 -0.0105781842966547 0.437575104142883
0.0288802590963423 0.0867079920334018 0.246734391482112 0.353585459494633
0.0952943112739624 0.0207643633052056 0.335776510946273 0.0990262314013276
0.0651551132854198 -0.039424557524723 0.201006936203116 -0.0790897526066285
0.0303971541463493 -0.0659613069546979 0.0550433767253697 -0.122706176878993
0.00757744292673696 -0.060303044425195 0.00214947203486662 -0.0935090650598537
-0.0072327943969825 -0.0625653883794849 -0.0190855018950517 -0.00948291126629451
0.00048029746601327 -0.0501872147094592 -0.156208839784053 0.0315133623599869
0.0172866175295674 -0.0627611776022027 -0.369647139280663 -0.0754935011782315
0.0950100205986004 -0.0479505961083416 -0.308367566372887 -0.496411476337107
0.142278845668002 0.0478948245723459 0.140298549977991 -0.723073842065757
0.0769049432372164 0.124539060938561 0.562087971535058 -0.399665483941041
-0.00286231353042587 0.10516584297487 0.230963916526593 -0.0957368781374032
-0.0203540541798087 -0.0472969628080356 -0.208160600024095 0.0536325062232504
-0.0302772953850208 -0.0982317084258441 -0.63447377617156 0.269411677906471
-0.127696624262835 -0.0488141123859183 -0.29009595101026 0.714747696481466
-0.132380812863008 0.0472620430494405 0.267844150004061 0.588078071959417
-0.0264804471717415 0.101063930543499 0.395241447824975 0.131120894928813
0.0155629181167104 0.075343191342916 0.175543658449798 -0.0484743940292803
0.024883538715674 0.0484005660936408 0.0173930409416623 -0.00221557738141964
0.0199232488827898 0.0358777532751639 -0.00595445471519999 0.0824400839524901
0.00518946275892682 0.0288018103877807 -0.0401522965913619 0.131561392164605
-0.0131568991232975 0.0302004084201382 -0.184588182870284 0.0939715379439017
-0.0177410506293673 0.00785211756145529 -0.343523269507774 -0.036322198421189
-0.000311591305902786 -0.000310511328227008 -0.294839986237905 -0.300717789300401
0.0231643268672769 0.035941235333654 -0.0768229345034861 -0.441480944611838
-0.00424758150918673 0.0376857792786817 0.0916480857222147 -0.339955691597237
-0.0272147801618044 -0.0023297819651719 -0.0804726685911356 -0.205997171704426
-0.00648578848508087 0.00530879315305178 -0.217690143657882 0.0398652919481691
0.0336856974413019 -0.0614637777468353 -0.665886042890391 0.229442975665538
-0.0754690770366612 -0.0678119135820761 -0.355464179721743 0.696824903393435
-0.126736836162311 0.0100732806816337 0.207496313936629 0.60319245574605
-0.0436766069173067 0.0853513281239115 0.365722175204646 0.170471348340221
0.00797178339332301 0.0612544801468593 0.174019782940052 -0.0147591912781315
0.0187820471456799 0.0204758047312609 0.0247655184274442 0.0177430477480392
0.0213689036658337 -0.000215232184471655 -0.00250908430308216 0.0907534810466769
0.0206297959162586 -0.013424825770292 -0.0324325307178315 0.138785970931112
0.0330216478325631 -0.0003105757085818 -0.174403047632124 0.102293509305806
0.0444751606267229 0.0161913634578336 -0.334881156827254 -0.0176326622414304
0.0353822315068097 0.0745932072358021 -0.306686468401866 -0.28005146010708
-0.0202516041399835 0.100550151528172 -0.111247914482244 -0.435489493129966
-0.0754289763228327 0.0347505941057229 0.0774824547016146 -0.343301967068015
-0.0694211047668256 -0.0289203608186932 -0.0746828580389498 -0.185186739133269
0.00300347935090337 0.0309606288425657 -0.221314982820746 0.0189199571907075
0.0616573756253714 -0.0466504084636006 -0.670551808338973 0.222674097727145
-0.053546901760405 -0.063920716402732 -0.352748379247225 0.681098196545372
-0.10817008198286 0.0079237239435242 0.183937267284383 0.578729462316642
-0.0301173089421749 0.0714332659521904 0.328796844616383 0.174435755054715
0.0140459237224261 0.0347612777859985 0.158668218437617 0.00622579776001672
0.0174142665248625 -0.0159457328925122 0.026842215304036 0.0288436832559524
0.0230828871266923 -0.036009866583026 0.000841370173046939 0.0833375847867244
0.0316675284902376 -0.0493916562896261 -0.0222053345978711 0.122892421105915
0.0690935329645519 -0.0224652596559098 -0.154287784918756 0.0922472768514984
0.0894615298205957 0.0268999303996588 -0.312264446566737 -0.00289165700694317
0.0554067715777828 0.129373270313324 -0.311838912185794 -0.25775287794604
-0.050883859438137 0.13908067716839 -0.137238433542658 -0.442110298267653
-0.114457211448051 0.0296197540382236 0.0962043866009302 -0.365487115023458
-0.0924888805522262 -0.0374474372698495 -0.0342283411083059 -0.156458761248364
-0.000487031726384676 0.0166277211778356 -0.210247735130486 0.0166162703655648
0.0337381167307284 -0.0696329245915441 -0.626444587620573 0.251850507624635
-0.081364081492004 -0.0396776651489253 -0.28583557975901 0.651967563300117
-0.0889773960339334 0.0512426245550692 0.192078545828906 0.518746740155998
0.0121989140803291 0.0686163665846141 0.29602321163736 0.158265840328743
0.037223679448722 0.00250606198934921 0.143205979705232 0.0110977314973434
0.0235849542198262 -0.0538545623093227 0.0277570499848856 0.0263937674494902
0.0252511067949762 -0.0653487879366878 0.0026198538499825 0.0604333950923154
0.0339506108733927 -0.0724971989501595 -0.0118867457062635 0.0927667221649949
0.0834491425097827 -0.029363267010809 -0.128668122674312 0.0763937649973957
0.0978831608381324 0.039417157470203 -0.285657670935316 0.0118369785289964
0.0434563578229991 0.144610996628981 -0.321336982983592 -0.239560050708637
-0.0638472675394251 0.126780274932509 -0.157508335236293 -0.46789275705611
-0.10109159234311 0.0187453848633325 0.14719237593274 -0.406141422896907
-0.0849881416383529 -0.0208390325283925 0.0283913297392316 -0.129166077253977
-0.0183888822778008 -0.0179885717087401 -0.174759475314542 0.0440080981407774
-0.037346688903606 -0.0942799013346006 -0.525184081518625 0.294332726093075
-0.129652310739564 0.00939566008693593 -0.190125935741791 0.596428236292162
-0.0574751321449706 0.114727929508593 0.202029121071983 0.446256105838017
0.069933954132721 0.0676655179293779 0.278366420386081 0.141545784089621
0.0678465438740405 -0.0287123878186508 0.141648589350012 0.00453792112596504
0.0337307721810818 -0.0851306250074284 0.0316547526265057 0.00691294395625751
0.0238535488962912 -0.0839382133990771 0.00324878778783575 0.0263624354152474
0.025507051367823 -0.0816354965083088 -0.00422606058907034 0.061621978275142
0.0703743037800648 -0.0265345694270268 -0.108155629185286 0.0665749413865181
0.0670958182005655 0.0391284031338423 -0.27513262027794 0.0299517548095811
0.0129781058677568 0.103840427045809 -0.345230675207036 -0.242680025917584
-0.0383696794693772 0.0687021292623728 -0.162548793686347 -0.521341927056876
-0.0353460474206461 0.0140556264188062 0.2270608568122 -0.45261824370053
-0.0540925507151962 0.0213478910417882 0.0975828935283561 -0.107889398397586
-0.0382100505836395 -0.0418640190534369 -0.113193782209857 0.0923677953909403
-0.0999065645300466 -0.0898599786599237 -0.385477178977739 0.322503258297164
-0.148006748066157 0.0637793814809881 -0.106294146913722 0.524100614091003
-0.0110886869926547 0.152919525195102 0.208900323644855 0.392345509645915
0.116712904330781 0.0553086052280969 0.283894549593548 0.128769382595297
0.0886718317575725 -0.0518760509256888 0.156041377547168 -0.0152907376939754
0.040412384035842 -0.100964703827624 0.0373415080941086 -0.0283456616667458
0.0184464578409405 -0.0898033056212341 0.00107531537828378 -0.0144180891257508
0.00961805720409419 -0.0800309875670775 -0.0040109781708214 0.0350731971562442
0.0372369847186431 -0.0266569156237383 -0.10723878632238 0.0645628567231733
0.0216921437555604 0.0117949232614719 -0.298324244537734 0.0346972130062312
0.0045727835236688 0.0218535406924594 -0.372281979259842 -0.289798768099305
0.0336497869669987 0.00758934386733172 -0.124423922943825 -0.605889361300335
0.0509125507331048 0.0385866647815918 0.335388901375639 -0.480739583851902
-0.0186892363052792 0.0753798320437117 0.158054615370052 -0.09697996395052
-0.0399823590285768 -0.0404538601743071 -0.0397092648232474 0.136752796140239
-0.107850416994942 -0.0638212439376342 -0.254326408293081 0.326100653636434
-0.120020338547618 0.0853701359673975 -0.0448847315364509 0.466517303766
0.0264098498415393 0.139874831402728 0.225116724983886 0.360322299684253
0.127145554255146 0.0336302139077668 0.308127250354862 0.112327808570735
0.0876886302396341 -0.0576613648147279 0.177812106137847 -0.04666380243703
0.0381268523231446 -0.0941867455561118 0.0425647219577863 -0.0744256437481019
0.0106494053234872 -0.081424313576409 -0.00309060864458454 -0.0549228228873444
-0.00573732741611701 -0.07259818937878 -0.0109547826412658 0.0129273744231075
0.00636846643041446 -0.036889344000273 -0.128433750269121 0.0594475493963664
-0.000942040761183502 -0.033408787079886 -0.343167441117298 0.00300515816334984
0.042061108678309 -0.0475633231590236 -0.376181878980605 -0.384556822986195
0.11790735636908 -0.00176052484932174 -0.0223474434225392 -0.690010182638773
0.100863508690286 0.0906620864774959 0.457482845218085 -0.469893567277931
0.00111063660638681 0.113867685851978 0.202545408077388 -0.0991711126574891
-0.0166602689411073 -0.0193870715662287 0.0212326737626943 0.16224409575843
-0.0583227893402655 -0.0422249882748264 -0.158777447416579 0.315832470333687
-0.0653922298732653 0.057424293036065 -0.000146175157204009 0.433070162686222
0.0328064354411281 0.0821262921381302 0.252573860986734 0.343645047491465
0.0956473738358698 0.0144019580197974 0.335185551262128 0.0873283460345727
0.0630919995465705 -0.0422680531668111 0.193432154488797 -0.0826543770603317
0.0258058689479619 -0.0664749775159349 0.0444977640228267 -0.119396642686263
0.00367301764794961 -0.059932657654276 -0.00637541249112446 -0.0898101358288527
-0.0122564617102386 -0.060445326316126 -0.023166299196758 -0.00689794744405911
-0.00489025823435143 -0.0503141151290746 -0.15943128609007 0.0393541284268405
0.0125904616333328 -0.0671351232960573 -0.375707167282747 -0.0630718424423371
0.0966976774075538 -0.0561657423979517 -0.328439423538399 -0.491591574409259
0.151364034931477 0.0420761467036321 0.124116725769367 -0.731581495943383
0.0819763487066713 0.126318608339264 0.560901833348653 -0.414581390647373
-0.000232899604749207 0.111707356062642 0.230048971332385 -0.107028551931521
-0.0261773114901875 -0.0466551408683978 -0.205633302025741 0.071584225033624
-0.0380783571110389 -0.098396135235872 -0.62554113252377 0.305218161745303
-0.132459778585312 -0.0427203213041285 -0.25614157960011 0.73675302469805
-0.133718194602138 0.0563922945604582 0.302635662288592 0.580133624508865
-0.0209975546173439 0.102873623754172 0.407811110454546 0.109518096497586
0.0217035485252959 0.0747575552681743 0.177843389205186 -0.0610029924762529
0.0288121215756643 0.0477062249137936 0.0202392731242703 -0.00562833732861089
0.0239547870425215 0.0339511047176931 0.00126626508864288 0.0794977745109346
0.00822730035589023 0.0287341341273236 -0.0275814696436701 0.127794051308446
-0.0105436971944601 0.0321830661865694 -0.174654461812274 0.102087397565608
-0.0177551747003343 0.0102801035577294 -0.340828152422708 -0.0153789074757298
-0.00123449343737233 0.00182599985289968 -0.310453912111499 -0.280231764314543
0.0244471872421683 0.0339539461402794 -0.100706063853886 -0.432977935261472
-0.00516038156243435 0.0352464882779132 0.0726422091474615 -0.341279519869599
-0.0290513841650906 -0.00400766772032328 -0.0971999796664711 -0.196010325690105
-0.00833810624465073 0.0100777704646999 -0.216389942352086 0.0568242516207956
0.0319221992968694 -0.0626490991711865 -0.660898561187554 0.263637815004298
-0.0767518474651364 -0.0661796689850554 -0.325384136499147 0.720938084449475
-0.128873612744766 0.012984385860116 0.24040571106708 0.599431308727375
-0.0419709474989352 0.0864409628751297 0.380943321488422 0.150110882895555
0.00965773115006213 0.0615612643378265 0.178906617761135 -0.0266436392861528
0.0193545380641805 0.0221379589075228 0.0285827391976096 0.0141671804340336
0.0211270565578145 -0.000272341552683699 0.00534445579894622 0.088387337336783
0.0200825415767363 -0.0127616857539494 -0.0198286210719398 0.134185248559903
0.0325227833453148 -0.00078027229818488 -0.16443302856595 0.109414107795603
0.0442345239162613 0.0145382501068357 -0.33142100001249 0.00259982540660426
0.0384782474009311 0.0730500709481385 -0.321083832992604 -0.260264967204771
-0.014759820722524 0.100297493968093 -0.134869740243874 -0.424092056662802
-0.0754213220177959 0.0369490742105848 0.0591096698953107 -0.344811576520741
-0.0722371291716493 -0.0256300785618862 -0.0896346586347789 -0.175396633060816
0.00346468227647513 0.0385740550685232 -0.222824684175146 0.0355545970246729
0.0641569039544395 -0.0471270102288277 -0.667206081031359 0.257549373392668
-0.0504346298459974 -0.0647162526876795 -0.323801344839058 0.706295530020769
-0.109426103122583 0.00626902419903142 0.216016524436717 0.573018821762089
-0.0316104642929226 0.0698128323556682 0.342084044061946 0.155528780714057
0.0117045820952386 0.0347803451287315 0.162077577856116 -0.00503822052208048
0.0130411020359714 -0.0132116782141077 0.0304658543466265 0.0258937847632272
0.0185015520591327 -0.0349245785151345 0.00736258621150429 0.0814970648544
0.0273003835243998 -0.0481363919545807 -0.0109417967921846 0.117979059228555
0.0665703305492983 -0.0243529814985816 -0.145098800202567 0.0990493848660737
0.0883196094249063 0.0229151996343163 -0.308106775926239 0.0150886747682487
0.0611702580781991 0.125238953865255 -0.326926656616441 -0.237841588542664
-0.0428357747268061 0.139308617819215 -0.162462474906906 -0.431193743042831
-0.112934690925902 0.0348631880815964 0.0780553810511412 -0.368467933334561
-0.0944636777656895 -0.0295976836369928 -0.0465538603219847 -0.150111692072819
-0.000560694778645059 0.0264965741755637 -0.21219905762433 0.0305503169482526
0.036468714502891 -0.0674387045847939 -0.620319580677119 0.288097847569738
-0.0755903097252265 -0.0395262587696581 -0.254389810142945 0.675073930519422
-0.0875873495519308 0.0469945843719297 0.220105969782039 0.511594128271801
0.0104947211999737 0.0640411804679613 0.306731879602141 0.139814865026291
0.0321695922601717 0.000810218572703135 0.145207637049023 0.00258451795989453
0.0153521265613363 -0.0510743919802913 0.0300395077256891 0.0250405322909866
0.0174525224422488 -0.0633039324420768 0.00735455957625724 0.0593490809173064
0.0272896210513216 -0.0698576813206426 -0.00375263265181639 0.0887668321642787
0.0797080363629083 -0.0318191678423168 -0.120874382301179 0.0818425668065435
0.0957189025238725 0.0349819552388886 -0.280319954587106 0.0298112417182826
0.0486504130179741 0.139006640030187 -0.335432800202397 -0.219524221469051
-0.0555247878309558 0.12543258610286 -0.184521220543862 -0.456101163728659
-0.0972158976541596 0.0233565265451204 0.126595480572003 -0.414603371599392
-0.0849093159439851 -0.0107072837691847 0.019425894651103 -0.127565365934243
-0.0207011477723 -0.00650548322843924 -0.174604110073494 0.0548757798085513
-0.0369887367290234 -0.0883564990258758 -0.513883458893276 0.324429355780937
-0.121564080596598 0.0121523192360229 -0.158526169002556 0.609874678797652
-0.0520236009421185 0.110031976755785 0.227101145266662 0.436534257921882
0.0691375963347128 0.0591303743432129 0.285356372113482 0.123035362669821
0.0608820090441982 -0.0326480112280447 0.140630271215593 -0.00317150972209653
0.0228485456973114 -0.0838540567016831 0.0307838324560428 0.00704405734323443
0.0145139375113991 -0.0821017764666567 0.00440988996117442 0.0267336782129435
0.0174599369065658 -0.0777089893334982 0.000599813174418558 0.0582048959301662
0.0649383504760125 -0.0283845187470109 -0.102701891850376 0.072650186505147
0.0634771179038122 0.0355768631828111 -0.270603151449469 0.048238167066121
0.0154757185851267 0.096883011771361 -0.360581163042745 -0.220611353643917
-0.0308772935338804 0.063200597643421 -0.19340953334724 -0.510685489977956
-0.0292145306458926 0.0164605735416272 0.205972536714913 -0.467164874464203
-0.0509622824309432 0.0324625123651737 0.0908228971510666 -0.111997856679485
-0.0419494731476938 -0.0294542100793551 -0.108923882933962 0.0984308696068255
-0.100322358447448 -0.0800312438295517 -0.370789664689528 0.343852793666506
-0.138244234477331 0.0692544096491668 -0.0783174228130235 0.530083152059215
-0.00321346435928296 0.147624767134771 0.230535165554031 0.37802074985128
0.116214076664147 0.044734286982635 0.288952259278372 0.109984888776756
0.0820408345285108 -0.0578282092764522 0.152180936482967 -0.0221121467108218
0.0292543774515106 -0.100618347207414 0.0328500416975468 -0.0273844685792068
0.00875075981162538 -0.0878147470656068 -0.00184134702014515 -0.0115887001612226
0.00017797460443331 -0.0758262981076608 -0.00151436989479717 0.0337519977590862
0.0308118024032235 -0.0266225479408074 -0.10286614309022 0.0726467109424129
0.0156147141543838 0.00913596888650628 -0.295436599151824 0.055674660455324
0.00292560038887336 0.012555046234339 -0.39491329278681 -0.266387698652215
0.0407335103071777 -0.00282288714256704 -0.159099529077311 -0.598622551751913
0.0593872107760079 0.0380445015915033 0.314941063439111 -0.50169577358532
-0.0127940899106594 0.0863422106303458 0.153428552428954 -0.106945025287711
-0.0434034981913131 -0.029261668789744 -0.0322575007213563 0.137370471343402
-0.108830925422566 -0.0544246118914972 -0.236581079495702 0.339219754837645
-0.110905978335662 0.0906649551832793 -0.0205584693484458 0.466634442606646
0.0346337988667925 0.134281383125226 0.243486166471924 0.34434798468948
0.126673600531695 0.0223792713685977 0.311275022780166 0.0928990792407595
0.0821923912619653 -0.0637806676537341 0.170700960451373 -0.0545410217912948
0.0291197666652633 -0.0947379647816577 0.0332688588810136 -0.0723483842895323
0.002286546462029 -0.0796066308725592 -0.0098373666608647 -0.0506341200796094
-0.0138994400805894 -0.0679184851474238 -0.0120246022589821 0.0146712500279737
-0.000652413902060067 -0.0361068136187531 -0.127570802143272 0.0702330056290651
-0.00908996174451557 -0.0365751547637379 -0.345595472592717 0.0270017244521708
0.0398451112198016 -0.0586921482804611 -0.403022888101344 -0.364792522202905
0.125957792132276 -0.0147264474557354 -0.061196860850503 -0.691946260944489
0.111961968774154 0.0891147997333364 0.439281779803753 -0.499071501977697
0.00855615611208319 0.123607116126334 0.198689152809623 -0.113379638082353
-0.018386162325749 -0.0106606932308535 0.0314475589403368 0.157635197624327
-0.0591712008974666 -0.0361562181339722 -0.141134205409467 0.321770164751287
-0.0586502951085196 0.0605781796466747 0.0220818508093724 0.430812423079314
0.0380025658337601 0.0767905290299023 0.2677875266906 0.325691312234872
0.095659344331762 0.00547391001603377 0.335729294921531 0.0672248827996278
0.0599044336185807 -0.0471140178130917 0.183662113366823 -0.0917413632460196
0.0195808210535511 -0.0666422847844281 0.0315071366857005 -0.117020406565162
-0.00251748936603026 -0.0587828786844683 -0.0168389179543463 -0.0839213144510295
-0.0189537984657454 -0.0581193874781715 -0.0266259579248003 -0.0031809090402062
-0.0111495408086119 -0.0504973684486273 -0.161368675405146 0.0518087339084368
0.00545535901461916 -0.0711265747872146 -0.385467172980578 -0.0401210828265542
0.0965271295810175 -0.0674628111587234 -0.359202364596093 -0.477293569429379
0.161133324001637 0.031178315615358 0.0867682280852207 -0.743606085909255
0.0922922329862049 0.126487504377819 0.548000489910892 -0.450681387684085
0.00581692795805283 0.118575269012194 0.226004141324105 -0.124592157653643
-0.0316737403461693 -0.0425456709185845 -0.194485772768377 0.0906961991442608
-0.0470510004151741 -0.0946099830319159 -0.59372954611416 0.340548882872606
-0.134746946521453 -0.0328497443326068 -0.203104547364627 0.74322984415262
-0.129253231903209 0.0668469095296859 0.339954251660013 0.547951288771146
-0.0135850355549645 0.103405550888296 0.410422182369208 0.0750985635069114
0.0285038557419521 0.0707291894389046 0.172739083839911 -0.0763844347394359
0.0334104507724243 0.0448316352770132 0.0224898385836764 -0.00957210648976929
0.0275114257712574 0.0310061606577096 0.0100341150695152 0.0745297443995954
0.0115209835422364 0.0281360269325103 -0.0136376427914318 0.120231193373063
-0.00735482521902489 0.0336133583386554 -0.157867857339748 0.109737434705641
-0.0172098312889407 0.0122688218158023 -0.328484086061134 0.013021977866706
-0.00190005067958659 0.00382843959843511 -0.318719774062561 -0.247965958845016
0.0253748638675123 0.0313282511358483 -0.130236444701185 -0.409000968627737
-0.00570168848757146 0.0334659554389704 0.0468804565553934 -0.333661469091078
-0.0310781941817551 -0.00484150923377369 -0.113812086804836 -0.177535727234309
-0.0084713480828595 0.0150139600915907 -0.207293652929677 0.0778012225115342
0.028293528521113 -0.0623920676807084 -0.62879214473041 0.305463002289032
-0.0774159718948117 -0.0622108726843549 -0.272855039165935 0.734144750080072
-0.127912563366982 0.0194427629274239 0.280350778950908 0.572888420337943
-0.0385987948500252 0.0868408323882443 0.386923968804115 0.117645446812563
0.0125194045741044 0.0598650147524958 0.176204027211913 -0.0421284589592999
0.0200811974188578 0.0222655104028857 0.0321530791235638 0.00911727395071298
0.0200040176662716 -0.000647098486555909 0.0147474601643482 0.0832238400759308
0.0187986835103902 -0.0119584897118461 -0.00539652637636138 0.126090359066828
0.0322521895763711 -0.00103251269473377 -0.147678539029445 0.115815930451814
0.0425677123170407 0.0120888928823681 -0.317586228896968 0.0282624866236848
0.0417499121545772 0.0692853573018773 -0.329268942378958 -0.226309504704796
-0.0072415897990382 0.0979147995242413 -0.162468826047259 -0.399417112414433
-0.0723789339773647 0.040302426623385 0.0330962188948677 -0.335979668259772
-0.0734903375939211 -0.0202352826478339 -0.104165915429898 -0.158085772576978
0.00628262276856897 0.0459887141922356 -0.216544280133016 0.0555160961034434
0.0643765184723398 -0.047657865613434 -0.636293273273131 0.300039675974798
-0.0480498487633744 -0.0640939491806254 -0.270795797880196 0.718623765146557
-0.108898561346032 0.0072737934871565 0.254821582588241 0.549045915497927
-0.0316254825458613 0.0684006200991438 0.348595429678167 0.124685639354448
0.0102265001580198 0.0341420013739566 0.160621705467394 -0.0185202833133333
0.00900962296147125 -0.00973070702338976 0.033927805348116 0.0216128902735267
0.0136232721330231 -0.0324464562275754 0.0157274997883227 0.0772004771367565
0.0222744279882406 -0.0457369867817626 0.000995195916938198 0.109943665871119
0.0622622401684099 -0.0266406657016094 -0.130150437789611 0.104140575648622
0.0851377128426896 0.0170507342640076 -0.293232610395139 0.0385042771419831
0.0658492252407914 0.116442007923099 -0.33240841905459 -0.202571312737449
-0.0312271439575634 0.136239583361606 -0.189464521741676 -0.40306123195034
-0.107038243406481 0.0408917774480454 0.0502135731857763 -0.362834892635421
-0.0935154774701895 -0.01894214010104 -0.0591594432203331 -0.13676906613269
0.00190787683669105 0.03609438793963 -0.206977793336778 0.049238583228755
0.0372386032326585 -0.0645631872119112 -0.58999005138656 0.326235416382064
-0.0687817577488743 -0.0384183341292306 -0.203390887467537 0.681382757406055
-0.0835830933806215 0.0431607331727399 0.253870347640298 0.483271506063673
0.00833269428764721 0.0583243666677216 0.310179578512105 0.111857973620525
0.0261787358475339 0.000176819720772491 0.142753901891643 -0.0093653452258088
0.00677713741741034 -0.0468068236412141 0.0318835807779579 0.022105576883167
0.00904657643533743 -0.0595790226290739 0.0131153851119177 0.0570622984172258
0.0196283474322691 -0.0658395105042953 0.00515186807758864 0.081717025855524
0.0732831378762037 -0.0345431487552572 -0.109004978878782 0.0870086008483765
0.0916746248419154 0.0281672638871146 -0.266250220940307 0.0508267659883043
0.0542630662383251 0.128090094406608 -0.342187963602374 -0.184424671817111
-0.0436607757809558 0.121124645842259 -0.21306558203998 -0.42623463890214
-0.0905297621448815 0.0284847926293541 0.0960535915332931 -0.413104579069611
-0.0817160381603029 0.00187023526128925 0.00782677197237789 -0.121549162559986
-0.0197039918971165 0.00630881559129323 -0.168372300734695 0.067833029368848
-0.0356675848911011 -0.0794299461599043 -0.480698379937878 0.355249842367296
-0.110363404052051 0.0160735246022038 -0.111829115198133 0.609047830820311
-0.0445321390097299 0.102494757859119 0.25251720354692 0.40747733473266
0.0656613076282 0.0490627795170551 0.285612869756079 0.0959192775117444
0.0519228563835899 -0.0352722147872489 0.136050075925673 -0.012880132068663
0.0110930273741084 -0.0790846089081277 0.0295259890082041 0.00635279859008936
0.00406618753462853 -0.0771203476021653 0.00650256951977081 0.02698466688516
0.00761470130129943 -0.0720905224490318 0.00628694631014189 0.0532344755646986
0.0575885506335973 -0.0293142071482816 -0.0928129863525646 0.0782526019479125
0.0582750218344251 0.0309925380570079 -0.256002498703654 0.0692751119919712
0.0173906697374654 0.0871829244108448 -0.367028306539466 -0.183966926677922
-0.0227143903748347 0.0561707732844253 -0.225163357725215 -0.482057666517703
-0.0215419906384701 0.0177955865119071 0.169338381603537 -0.47173026551959
-0.0442631908362974 0.0440802078364436 0.0804958158999909 -0.113753451786373
-0.0422381069663201 -0.0146157089059523 -0.0993860249056211 0.103111028316032
-0.0992764832686129 -0.0670403354525069 -0.338265792308819 0.363223216718813
-0.124148458265607 0.0734631969465342 -0.0399546033753924 0.522440168299851
0.00681944888286272 0.13761603835597 0.25186504853339 0.348949906003134
0.11230815798872 0.0305398522640414 0.286287667542539 0.083303398327474
0.0721497253758591 -0.0621753167977785 0.143501409821553 -0.0317268055017805
0.0170308847832604 -0.0968814177969344 0.0273967989437449 -0.0255405690574653
-0.0020197777313655 -0.0825995049712335 -0.00461175257722221 -0.00808203195084029
-0.00901740161374073 -0.068431007729947 0.000601434079692861 0.0325624838465888
0.0234530319071204 -0.0252296828516164 -0.0948416221579415 0.0804192187824485
0.00850728040161352 0.00762012114927721 -0.282335620059023 0.0797641588916509
-7.57076845512294E-05 0.00383100552952178 -0.406684531888121 -0.227376205368373
0.0449007061929562 -0.0142328979533169 -0.200392678877774 -0.573594214039775
0.0686844702157087 0.0340987166957113 0.275015142080499 -0.517652095461693
-0.00215701648102459 0.0944261011976041 0.142145094974595 -0.115668754166826
-0.0433861520178573 -0.0154072905937477 -0.0208152886943237 0.134172824400928
-0.106242980617029 -0.0418050807107502 -0.206260345633078 0.346279849288787
-0.0967921357876681 0.0938166315390569 0.0118843533176537 0.453369553907338
0.0430313925095229 0.123133122958046 0.259156933491074 0.315670437604313
0.122895126946018 0.00879808202850705 0.306074117735197 0.0653270824958273
0.0729548085027868 -0.0691485776903107 0.158675597142647 -0.0636024801984435
0.0177032203130706 -0.0922917539555242 0.0239427486812255 -0.0679102727981085
-0.00685734653554873 -0.0749588605617566 -0.0163806920026275 -0.0440887218884834
-0.0225711237150638 -0.0618214118173867 -0.0122424363075006 0.0166731044753281
-0.00834194802179519 -0.0330317301607765 -0.120632122641388 0.0813653870373992
-0.0178304805608682 -0.0371909577976545 -0.336459085800022 0.0559816711606192
0.0333521966015593 -0.0697896322303545 -0.425656938775595 -0.324961009415316
0.128727817085315 -0.0304034229001796 -0.108556108863333 -0.673882595481363
0.122912848737433 0.0820117272620078 0.39924451472559 -0.524140646313681
0.020028694915876 0.129482893263859 0.186479688155832 -0.128034968782756
-0.0179496026713515 -0.000659242672371491 0.0436874612661137 0.147091678424863
-0.0579749689317269 -0.0287819332367068 -0.113860675358919 0.320269515900811
-0.0491455790395438 0.0618914776574655 0.0506512020863125 0.414666445137927
0.0428370857776123 0.0684366112706293 0.281012355501639 0.294252132916961
0.0915487316097366 -0.0049376995645912 0.328159491662628 0.0392506320296267
0.0537969328724811 -0.051849024564611 0.168445853100111 -0.100097822129431
0.0117464848834667 -0.0659274420783644 0.0170686975061928 -0.110344318995637
-0.0090249982494281 -0.0561347907441422 -0.0271172458591093 -0.0750255945517882
-0.0258519913678132 -0.0529345002150772 -0.0295561421007519 0.00182592942428784
-0.0174632785986826 -0.0481236889609133 -0.157076340570378 0.067293669417958
-0.00389279385229745 -0.0726697990591971 -0.38230936212575 -0.00613237545927789
0.0907340962067482 -0.0804293666949562 -0.392676895813696 -0.443130384122871
0.165839118092238 0.0151810334819777 0.0328362180211332 -0.737537707669737
0.102263010353786 0.120937208868757 0.510396937965638 -0.481115724091088
0.0150831063502305 0.122548550788682 0.212080848060057 -0.143519419923315
-0.034664763850228 -0.0368330725305522 -0.17519481930396 0.102362858104946
-0.0523567503947909 -0.087419886425087 -0.540981144105513 0.35545328570041
-0.130456118311158 -0.0230590734886754 -0.152596064205486 0.716201646279513
-0.120020461400955 0.0732655976071229 0.354258592762875 0.499577503226394
-0.00682055609832762 0.0997410568249042 0.394780863952682 0.0435817469554706
0.0320590699883224 0.0644865518770717 0.161621184650463 -0.0858171125269729
0.0361490000673724 0.0400082206563221 0.0233824488997036 -0.0128505370056628
0.0289312553257735 0.02685104124001 0.0170097648241898 0.0662281432001948
0.0137177827349444 0.0257812514281757 -0.00149299933444602 0.107982969599062
-0.00309768520093433 0.0332716513931689 -0.137747473460521 0.109714783670997
-0.0154553937933482 0.0142421961081662 -0.301421294530379 0.032971468307746
-0.00233115615819457 0.00611688934301364 -0.310698969912079 -0.210544551428796
0.0256805675160023 0.0278988016054387 -0.145032736291362 -0.371478190737754
-0.0062648530274356 0.0302715428046318 0.0239585555163617 -0.312113435690546
-0.0318681421457638 -0.00490436075036166 -0.121670010078889 -0.152275694570343
-0.00719376795712363 0.0201762901207718 -0.189495305517248 0.0911801776847637
0.0248970503753751 -0.0595275816332494 -0.57882294101048 0.32489108682486
-0.0748179867173464 -0.0564720670481475 -0.217221714782479 0.713235633744828
-0.122597660759636 0.023495479152708 0.298391798131513 0.525924048032933
-0.0346228434278547 0.0849186874770901 0.374784116266749 0.0855243785723619
0.0135213614591588 0.0567703677379885 0.166676240507934 -0.0538561528550672
0.0195733967227447 0.0225788363455921 0.0334349852129752 0.00430058952930792
0.0184616247405962 -0.000351809769149024 0.0219981505976915 0.0747114976275921
0.0174376672966544 -0.0108641876154159 0.00535506902702315 0.112127850612552
0.0300797501642414 -0.00182820188353679 -0.127719441521927 0.114483972894817
0.0396776257859391 0.0101063248444797 -0.29106145343693 0.0466644398578998
0.0416508009441111 0.0631489833287799 -0.318614814463214 -0.188837181458956
-0.00150415716193123 0.0912294917847638 -0.174859763666026 -0.360280673126558
-0.0679187389804812 0.0411094981756157 0.0123235653160374 -0.314305786226126
-0.0709153405035622 -0.0133540760007624 -0.110149605200421 -0.135079919583476
0.0101551265463261 0.0511616939216468 -0.200972330102491 0.0709093200241642
0.0634153436956953 -0.0461918953995886 -0.585793365990385 0.321712450277418
-0.0439209283179311 -0.0625920925566624 -0.216979223401842 0.698551885760266
-0.105564820850257 0.00713277660545436 0.275282212976269 0.504966374829805
-0.031419761959419 0.0649119120104947 0.33818573164392 0.094651759456355
0.00740471705975706 0.0334780135644457 0.15268552890447 -0.0299824437061233
0.00582515717157251 -0.00584787091356108 0.0354015126780936 0.0168344979109911
0.00918660775961344 -0.028402961379658 0.022233994834956 0.0698639377761519
0.0177112776064697 -0.0416853955239883 0.0101965925729246 0.0972716624650525
0.0561742390665674 -0.0273453265932556 -0.112490114177059 0.102584343959597
0.0790172486868426 0.0122521442887982 -0.267508349060235 0.0545010680106772
0.0666949425332825 0.10412173716391 -0.322448262454667 -0.167082238690459
-0.0212038089070489 0.127357011510113 -0.200362990623345 -0.362790350871065
-0.0983213493884352 0.0438134913858486 0.0266071166473366 -0.341459037046736
-0.0881094368856954 -0.0086505113708378 -0.0661249039750418 -0.118779383156239
0.0064865481826148 0.0446834311565567 -0.192630550353593 0.0616816348218147
0.0386380276320734 -0.0597516522014491 -0.538658895887975 0.344490116310419
-0.060582132060932 -0.038072220827476 -0.152741866721259 0.659087408462459
-0.0799139921445103 0.0382774211888119 0.270619389063124 0.440859061849629
0.00451197517305357 0.0520555876895416 0.298976298759277 0.0829660319076826
0.0200029430636851 0.000175895927607124 0.133742874420339 -0.0189374007362357
0.000212521265316195 -0.039449873122906 0.0319807956729994 0.018696129686747
0.00195827424249975 -0.0520407982885241 0.0175070956168613 0.0524728904705226
0.0129309954486292 -0.0589895126355117 0.0114134719925966 0.0715412657041408
0.0645829787544281 -0.0346746265250384 -0.0943351684095489 0.0865848890324436
0.0846775735273046 0.0223803601637255 -0.241529030784931 0.0639932008944046
0.0547085330673089 0.114874621614577 -0.329048350656965 -0.148156098076331
-0.0329552690175967 0.111508255847323 -0.225349056458978 -0.383623208401756
-0.0812227884576882 0.0312224932126664 0.0661548376405217 -0.392336522127667
-0.0736592537522225 0.0123327978157847 -0.000979280192948315 -0.110313040436457
-0.0159188690673778 0.0183090219552504 -0.155084534549274 0.0754317177081758
-0.0313003590592339 -0.0696111581563596 -0.432116550058576 0.365590430736745
-0.0967229682104792 0.0160610241293994 -0.0703639651762588 0.582346000959463
-0.0384645022883224 0.0915877062082202 0.263656585460919 0.365991676075158
0.0586086571390429 0.0391488611298639 0.273014395651505 0.0695183316221741
0.0418941140646561 -0.0351852608453725 0.125696677326652 -0.0210743690882747
0.00193939540979751 -0.0706224699588079 0.0277458146445858 0.00573009799044437
-0.00443306426186635 -0.0683270769272972 0.00822075327759808 0.0265365191230149
0.000165112065875095 -0.0629452083239775 0.0101745092893861 0.0467673962312059
0.0490476965105497 -0.0279692073972054 -0.0797510225727308 0.0791426817219837
0.051449738038074 0.027070616026494 -0.231375913014924 0.0825967061050244
0.0161489865033386 0.0761579565252967 -0.355501597693329 -0.145357451769828
-0.0160500749591624 0.0463987054309769 -0.243238966065062 -0.435822646669732
-0.0137192626078843 0.0173596355355999 0.133472315193558 -0.456893749119435
-0.0346036095703442 0.0518599888463093 0.0681078477041095 -0.1095173105965
-0.037767924170352 -0.000370821608491429 -0.0877578489596248 0.102945257202399
-0.0908185199630255 -0.0543138985203966 -0.296787505620808 0.36082550210746
-0.106332590786041 0.072219104620671 -0.00713220194751468 0.493304787483798
0.0128010950857954 0.122982631660638 0.2550785037832 0.309537932753579
0.102787607304746 0.0189251302527658 0.270488846157746 0.0574895443438103
0.059953330967169 -0.0625428449518531 0.130762445047226 -0.0374366350787348
0.00547247659037483 -0.0889582523431166 0.0224838625942149 -0.0222330996115704
-0.0106088562617908 -0.0739260442449986 -0.00527739062533922 -0.00475218694250216
-0.0158182572469047 -0.0586996296095908 0.00251349138480229 0.0293301343807314
0.0163760458605215 -0.022302568771275 -0.0828562178597435 0.0830543288319991
0.00155359172553581 0.00729435873090333 -0.257176400067413 0.096073093460256
-0.00516797496788487 -0.00421607899313019 -0.398861473203837 -0.185251053292124
0.0456993394200818 -0.025101148286286 -0.225263652048489 -0.527137528191973
0.0737077931185799 0.0288371152724707 0.230832169256951 -0.506703426289143
0.00826240710326619 0.0984116991017719 0.12694279205565 -0.117803385225243
-0.0391653686996901 -0.00163266632824936 -0.0104658639463274 0.124921445407249
-0.0981699334340111 -0.0304157370086549 -0.17254413038565 0.335671051477365
-0.0809172217516463 0.0911989260586057 0.0357835231818324 0.424261150354661
0.0468416122748469 0.108896985922993 0.258957455964753 0.277113269407811
0.113084204211674 -0.00203857448960499 0.287374376057669 0.0413209485102779
0.0618831286622114 -0.0701028143501741 0.142001463033555 -0.0673749273978768
0.00786818000529363 -0.0856178368651552 0.0152736018333866 -0.0600637669519701
-0.014174096011348 -0.0669912212205273 -0.0199864970742038 -0.0353873430094262
-0.0282986689146966 -0.0522731773891991 -0.0122374851852725 0.0179696888799673
-0.0139505398772993 -0.0287799817749701 -0.108757724881352 0.0879505027901021
-0.0257612193111432 -0.034769598971649 -0.313177050129042 0.07811782162252
0.0238929402874596 -0.0757457566088294 -0.423961989790229 -0.278017821924109
0.12560778981843 -0.0439499545737262 -0.143182767080588 -0.630961762483161
0.127210183276132 0.0721169668731239 0.349717759914974 -0.521823856290196
0.030525460505763 0.129024741283932 0.167789649873827 -0.134538273861463
-0.0141080481569303 0.00774823830109437 0.0508571926692879 0.131729633671229
-0.0532306823237812 -0.02096326839516 -0.0874269850170867 0.304841240843766
-0.0391567898449403 0.0592715593990746 0.0697336045342556 0.383717005900646
0.0442554036787157 0.0582109296654459 0.278810175129563 0.256320019592833
0.0836977638644488 -0.0129908241281334 0.305563961241538 0.0156739403879973
0.0464219530712912 -0.0534458039052887 0.147986848114755 -0.101561386325906
0.00573120876760385 -0.0612687161387822 0.0052643148879554 -0.0982114859162505
-0.013894291087151 -0.0504582423374602 -0.0329850964555142 -0.0626382340149772
-0.0304036937701894 -0.0460247869027482 -0.0303908856656549 0.00675491226523484
-0.0227430756806895 -0.0428797426002956 -0.145027380282829 0.0776323855894854
-0.0122704464898611 -0.0706603381032309 -0.36296036253901 0.0215713704919619
0.080762956756826 -0.0871960880714494 -0.400417879694367 -0.392875538541209
0.163074656581571 6.23531875950517E-05 -0.0132978645814678 -0.700390842579765
0.107144070765379 0.110886093134465 0.458091131201041 -0.487270095629187
0.0228472061992173 0.120595270222727 0.19101189194269 -0.152235712023328
-0.0381513691681285 -0.023288960182882 -0.140788413847255 0.125278352971057
-0.0581747111111647 -0.0608683111403753 -0.449615561340493 0.415075812172401
-0.111993294834674 0.00442584454150788 -0.0378829874806831 0.687301369565541
-0.0865640223646603 0.0823307433682301 0.3979712036396 0.410729482248204
0.0104795675651332 0.0852266587723423 0.374333612589122 -0.0179676967418289
0.0369797039562798 0.0525290795429212 0.140938641591715 -0.106256098282586
0.0396568927365771 0.0308581715663161 0.0231862629875919 -0.0162384668079731
0.0309723724320196 0.0201175536974121 0.0276718816414781 0.0557670957607937
0.0174413648816469 0.0220304425524548 0.0161495396609371 0.0942024403267333
0.00236914360890896 0.0329521662337147 -0.107711470993178 0.120527064290025
-0.0149629846962154 0.0177660093179883 -0.267888258640089 0.0787076819715064
-0.00494384271511249 0.00557540900134534 -0.312481769102107 -0.142174530934597
0.0245205739549408 0.0193275321358822 -0.189805155867223 -0.313213806382604
-0.00322465866568689 0.0238400807439345 -0.0277428664103438 -0.285097154110339
-0.0353156380209439 -0.00376693874640663 -0.133860644730295 -0.114596349617966
-0.00391955649847315 0.0278660759044129 -0.156227798603998 0.120600759366992
0.0193450453321484 -0.044943610081756 -0.485951367335768 0.393927437904453
-0.0637743791738612 -0.035349839475395 -0.096352046293954 0.692481372397948
-0.097144027909288 0.03476650210773 0.353235665036135 0.443685138625886
-0.0195470045742768 0.0756547990983449 0.361318161212996 0.0226529738109347
0.0175618868060007 0.0494864386394057 0.150184013617992 -0.0767662449631811
0.0214611371481655 0.0192547816830257 0.0344505583143434 -0.00227401862157062
0.0174871447970903 -0.00118573302211993 0.0342100555298458 0.0626541755136209
0.0155504806144965 -0.0111749001259899 0.0239734725861586 0.0976101767287142
0.027804081743827 -0.00297855351681193 -0.0967112134565435 0.124169916908973
0.0342508729738288 0.00801856485849 -0.25628388442235 0.08896514183119
0.0418106470888147 0.0515480827300996 -0.318321735987103 -0.122287254086607
0.00767762594262914 0.0794189037429704 -0.216099976719419 -0.29873228097814
-0.0568459781138469 0.0420832464596879 -0.0383458631642494 -0.285954416288141
-0.0700808958418061 -0.00471298257547908 -0.120649395653617 -0.100061734556243
0.0165179616708658 0.0569352159531431 -0.170124908282837 0.104325236195765
0.0587442712109773 -0.0376847626298795 -0.492867948705539 0.392556261719386
-0.0344511050604019 -0.0475442781380258 -0.0923859446680009 0.679979049053081
-0.0857129066920684 0.0144430995990375 0.329466218372497 0.424651412059191
-0.0215260564822502 0.05687303075091 0.327522396107165 0.0351579035340509
0.00748051470774056 0.0299159679717168 0.139647474181536 -0.0523662993407037
0.00326629457909043 -0.0024774635203694 0.0372751767977728 0.00905640612131898
0.00454619550590592 -0.0236962694162981 0.0339363959625456 0.0589185756568142
0.011404112131582 -0.0375983150583237 0.02611817961764 0.0839921696647348
0.0476556505119738 -0.0295378967184122 -0.0848926139681772 0.111742972064712
0.0700933031575728 0.00567654147788403 -0.233255684451556 0.0920526178741175
0.0690455717674678 0.0850417318175311 -0.319182040109554 -0.102541852942168
-0.00641293760649535 0.111831087068287 -0.24145566653586 -0.296623538545035
-0.082210802419357 0.0481463276823483 -0.028994307560333 -0.314643426560969
-0.0823427834879628 0.0038329326607307 -0.076612524692666 -0.093165946883456
0.0137432284824361 0.0526733052954635 -0.165658652630551 0.0935577736725156
0.0369045147329788 -0.0473196707267738 -0.443858870177928 0.405944398183535
-0.0454090572926937 -0.0264667170029346 -0.0402827151141633 0.631903699437113
-0.0598134151338763 0.0360905821196218 0.313841387859104 0.367195336928022
0.0075238972846869 0.0400267025747457 0.28957220477452 0.0302002036111851
0.013443452568486 -0.00143155897538238 0.122891796969976 -0.0391057097178461
-0.00747538273606128 -0.0315516422024909 0.0344161694797699 0.0114704063363462
-0.0060418537992474 -0.0439043362034977 0.0265422270892557 0.0448638938197841
0.00367838132855255 -0.0514916165096217 0.0229637868558808 0.0611497661156959
0.0533003374143006 -0.0366281428040948 -0.0702655990128288 0.0947759714958508
0.0753598386678214 0.0149114984537996 -0.207555083079334 0.097315145964767
0.0565191460484816 0.0951187073786902 -0.322894009635155 -0.0827197905260865
-0.0188326367311316 0.0961121110250042 -0.269463593422452 -0.312740028769265
-0.0649568873840661 0.033058440129849 -0.000900087582473508 -0.369942246405264
-0.0637140329146466 0.0237534555264627 -0.0162379159040715 -0.0960455262636102
-0.00857527003410909 0.0318390141496857 -0.129959065301697 0.0972076751526715
-0.026645078370484 -0.047926663037306 -0.34450733225835 0.40714926527145
-0.0709948362210275 0.0254555947305695 0.0215500950665889 0.549979467622712
-0.0164644814994351 0.0779780243839212 0.295621741399359 0.302161489376262
0.0541211208336209 0.0212302543954336 0.264400645955905 0.0211573219217075
0.0292884993216701 -0.0371774120969518 0.114432200968225 -0.0398793361719685
-0.0111886022752319 -0.0603133813996481 0.0286900526144885 0.000498494656628253
-0.0142996347555157 -0.0573386504218885 0.0135320039288275 0.0234019893924623
-0.008837055304851 -0.0529945197126618 0.017387723397492 0.0404794681761373
0.0390963774813356 -0.0280732668195625 -0.0587376430976491 0.0864145216572123
0.0434102652414554 0.0230737862335844 -0.19580540802398 0.114275514351701
0.0143837306807355 0.0623388688737278 -0.347950085892434 -0.0749249961974269
-0.0100017649354615 0.0323943725780882 -0.293642279246177 -0.360090824856683
-0.00195914742127253 0.0100942129430057 0.0478038673795926 -0.438740947002137
-0.0205146898011423 0.0570094382539685 0.0470063517753633 -0.107442760322551
-0.0291109828339423 0.0168177567092789 -0.064621566437504 0.108160557946655
-0.079043532713342 -0.0281618985589502 -0.220006132169232 0.380352176606765
-0.0744560464708748 0.0768030030964125 0.0625521943777855 0.458010766313067
0.0332307308662456 0.0996044490801248 0.280251629508689 0.252549593472867
0.0925446919865851 -0.00302549445582667 0.261699012495057 0.0103901807516774
0.0426541436885706 -0.0654267405777286 0.116147067404822 -0.0558762426093699
-0.00953235892601375 -0.0780171001343379 0.0193504261549177 -0.0239728818456496
-0.021060004647734 -0.0618405317925299 -0.00487958808599002 -0.0011263645757254
-0.0242627437040871 -0.0460924394973596 0.00742040428430625 0.027632802400102
0.00868624334883063 -0.0180849644737183 -0.0608479539907514 0.0923198162112126
-0.00564570621047647 0.0101015551851042 -0.218373557984254 0.132843150097119
-0.0163034710148035 -0.0122968494662539 -0.39453026061078 -0.103565531324122
0.0398396509661842 -0.0416975619901027 -0.292088449465325 -0.448260460514037
0.0830061010114601 0.00960736890090921 0.129411852144626 -0.502338631081235
0.0262190409345411 0.0954216879318957 0.0994274451751225 -0.125775366113186
-0.0295518687957941 0.0133125584979717 0.00964836316883108 0.113471304483641
-0.0830141104242223 -0.00839323868789812 -0.107989944547216 0.334926045248453
-0.0510485996331944 0.0911834861877088 0.0909655671079526 0.387300383095089
0.0625845426077594 0.0834389905314775 0.278705049221211 0.223205929354409
0.100089791082399 -0.0239333288351557 0.275236161409211 -0.00783043788046092
0.044115073669951 -0.074089062809401 0.122014987815771 -0.08382953995308
-0.00655652936829412 -0.0764871705713313 0.00615170063578882 -0.0565088362225117
-0.0234811923890142 -0.0560146054855214 -0.0238116505766974 -0.0257226892578274
-0.0355099532380719 -0.0392729729250267 -0.00769250110545068 0.0205965752927246
-0.0205497162897364 -0.0203948229406523 -0.0847259644650246 0.102243234950713
-0.0356783205756442 -0.0272191428781617 -0.275576989485803 0.12761451659264
0.0033379116989711 -0.0844321719178009 -0.436215342420461 -0.185725242532412
0.113467777779562 -0.0675950544884358 -0.2336529305996 -0.55956138587996
0.139358724129571 0.0445434942660077 0.234697669562963 -0.535692573658937
0.0499664488237414 0.120780590070219 0.133387236103531 -0.149194201252498
-0.00538807116692952 0.0167031479505195 0.0680560139730424 0.107986913843074
-0.043109479415601 -0.00764923080916815 -0.0340159197405532 0.291093602470874
-0.0187607507234876 0.0577196701011715 0.118497210163299 0.342858921940798
0.0531258012292743 0.0397893824815267 0.293123937879238 0.198933999554947
0.0731711548051098 -0.030436975976546 0.287408016256161 -0.0332200353096227
0.0324907117103394 -0.057716235314789 0.121753761166803 -0.115001230998439
-0.00472945665440238 -0.0553474215611522 -0.009252632315677 -0.0892137222459714
-0.0204390649466941 -0.042482722101445 -0.0405383004677375 -0.0474556830332998
-0.035882852185957 -0.0352590800041011 -0.0272539859927079 0.0145732635956433
-0.0302150901569195 -0.0343873612421933 -0.121988505481823 0.100118217767948
-0.0260874572598197 -0.0628689731843641 -0.333152266905649 0.0836398753492869
0.0578717924196006 -0.102393489450023 -0.435414336324438 -0.297241866872969
0.153508915334702 -0.0290741055034051 -0.121745229018905 -0.64560934710052
0.124923724221104 0.0849926280224107 0.342754641888261 -0.523068362418622
0.0406925150675878 0.112539421988459 0.152010150232745 -0.17057374975832
-0.0361617025942588 -0.0204677536458197 -0.130919673344926 0.119802600399787
-0.0563285507108771 -0.0584915101574471 -0.434185302951868 0.384532936223311
-0.10724437847946 0.00347274550202725 -0.048751565650692 0.653355268662555
-0.0845556609800293 0.0795597058015139 0.374626782617388 0.39693793695882
0.00949558233565186 0.0822643466290042 0.356615187330916 -0.0143462961886715
0.0345334506650289 0.0494969224352307 0.136723313542031 -0.10264548742215
0.0382666206961604 0.0289485983091988 0.0243179851018065 -0.0182971248240262
0.0296254910036771 0.0183439528220357 0.0279972579451289 0.0495984632690339
0.0167431199692246 0.0205263952522044 0.015787526650462 0.0833330588368182
0.0028505670250983 0.032008860439864 -0.0994817401848386 0.109052720594405
-0.01519414329279 0.0184101269701713 -0.247222476346375 0.0695281061163239
-0.00530084781947112 0.00732265364822311 -0.287591820136753 -0.137861530247835
0.02186206934649 0.0185327081756615 -0.170685592055835 -0.293530235440671
-0.00719720771919006 0.0217271430198733 -0.020513580237245 -0.264715039956642
-0.0358978981134404 -0.00550840231646263 -0.125233476358209 -0.101971783358407
-0.00193477121057309 0.0314571899303855 -0.146099509833153 0.115974292964766
0.0209288263723159 -0.0416801934971479 -0.468961041458868 0.362963222865721
-0.0587032527312253 -0.0371667314910389 -0.103947172055621 0.658548745243311
-0.0955942876503842 0.0305558858986797 0.330866499589205 0.425177029078217
-0.0222740709481706 0.0724912386200329 0.343268070468536 0.0233384621361432
0.0143052077400061 0.0482797749524991 0.144813926782037 -0.0745890106181265
0.019997710033599 0.0200254670623772 0.0349019233778191 -0.00510791938694125
0.0163396704241921 0.000165844502637731 0.0343868049218538 0.0560986135023528
0.0146509207237292 -0.00931938274784637 0.022846523840044 0.0869221986392117
0.0268070841345883 -0.00154239037705089 -0.0901585298436291 0.111988369551235
0.0315765561025379 0.00967393534419587 -0.237217447866009 0.0789697103910299
0.0376058575597975 0.0502424610373128 -0.29370038329691 -0.118962303623372
0.00522042958922596 0.0739333131914502 -0.195819695437582 -0.280238845976422
-0.0565323225539835 0.0385346937118008 -0.029476455115338 -0.266401758071926
-0.0663411055828491 -0.00494088808200049 -0.112546839921667 -0.0885638821256453
0.0188116129918648 0.0614030549605457 -0.160641476726002 0.100771175702296
0.0617913303387095 -0.0332934623074587 -0.475327861468585 0.365572468694352
-0.0278004681021336 -0.0505008162223792 -0.0994268230103775 0.645217079189049
-0.0858735647560278 0.00790203721921686 0.307673537130212 0.408090143869808
-0.0260750540741398 0.0541067151060576 0.309748658801395 0.0346170047010713
0.00325975873182922 0.0307004566082554 0.133391929491968 -0.0506606522645779
0.00228425114766511 0.00114004660589951 0.0366927147315731 0.00706572181553401
0.00363039321711517 -0.0193847731106983 0.0340305780290342 0.0535567670470972
0.0107837869018589 -0.0325036820370707 0.0246424669753095 0.0743167722689707
0.0450078727230608 -0.025358940914396 -0.0786087929173598 0.100523837037484
0.0645244599628472 0.00798045263797579 -0.215875815071074 0.08205606543326
0.0613590361643342 0.0814970071485674 -0.294671433058627 -0.0995801625287529
-0.00839785829613793 0.102919141925981 -0.220184149947439 -0.27814023784842
-0.0785319001319506 0.0438894351897286 -0.020768971971042 -0.294715435121529
-0.0762904218623622 0.00504323510610064 -0.0710270916166219 -0.0817052492318312
0.0174319980167597 0.0590477326367335 -0.157229979966449 0.0893873238454473
0.0432813547785239 -0.0426283850490901 -0.4288209202207 0.379728430103503
-0.0376455228352187 -0.0323126858627019 -0.0477478144204709 0.601115853442045
-0.0621893298988102 0.0268831967787773 0.292947976491816 0.34986067673947
0.000300260852788639 0.038233488198686 0.271667177211512 0.0292801190233452
0.00867301345563641 0.00146364900442305 0.115990473574055 -0.0369315810433558
-0.00850981914033697 -0.0255174943580296 0.0328611550889775 0.0112200863510243
-0.00650534151615641 -0.0376436442634574 0.0268511211536321 0.0414409177827826
0.00330023023031918 -0.0447636065513562 0.021517742648205 0.0539392655822825
0.05020147145903 -0.0315528277894251 -0.0652058425449827 0.0858766998881152
0.0677152274867043 0.0174377821266281 -0.191734609125999 0.0880459006982713
0.0473732251034275 0.089299339879305 -0.298714390199876 -0.0802846317960642
-0.019590783473483 0.0859317295737265 -0.24690556576841 -0.295133674098701
-0.059811504274003 0.0289870013641761 0.00597170540586281 -0.347238129105796
-0.0568883065220665 0.0264354014156986 -0.0133677353773908 -0.0857789440650507
-0.00288718421346694 0.0397680923298043 -0.124003004158765 0.0917906459509886
-0.0167257635095298 -0.0444654357017263 -0.332185071177689 0.38028484837484
-0.0628323030954174 0.016780205965877 0.0130892531617216 0.52085969679063
-0.0212765524852915 0.0676751807952148 0.275534870720307 0.285725077458669
0.0446815089979646 0.0200928676258189 0.246257398081353 0.0206058789000359
0.0241217860441012 -0.0324188182094321 0.107008130633883 -0.0361028995345011
-0.0120551900555473 -0.0529105673011083 0.0271896959584282 0.00262006334580244
-0.0147408187188929 -0.0497364158144289 0.0137366637445617 0.0229934523072775
-0.00907229663815473 -0.0447728201107719 0.0161673962881857 0.0358215281068912
0.0350953934015127 -0.0225882789202686 -0.0537471959555527 0.0798270766362428
0.0359691190460878 0.0251051472138672 -0.180639912392772 0.105604147754459
0.00591611823545131 0.0557387666954395 -0.32381388328828 -0.071899584284601
-0.00975274861462195 0.0232395297580438 -0.270810952182914 -0.340819168723453
0.00251962365242685 0.00787611110382891 0.0526053747825349 -0.414156916944371
-0.0146038264904231 0.0601218046762899 0.047002845862006 -0.0979985583826942
-0.0220575999906964 0.0247076917684239 -0.0614934234810625 0.101211945042881
-0.0675198828920292 -0.0266116451016939 -0.211406499509208 0.356373852630012
-0.0675642600453367 0.0661867339572283 0.0531099439152749 0.432541500673959
0.0269615000045182 0.0897196126918697 0.258403566349371 0.23861182996199
0.0823266747295503 -0.00290801911490781 0.242474739287592 0.0114880619498263
0.0371900492388235 -0.0604474272563462 0.108346062124871 -0.049882718943021
-0.0105519841350078 -0.0701312410775445 0.017669758326026 -0.0187886477763016
-0.0211140687554187 -0.0543035612420052 -0.0035988573218313 0.00152137673386645
-0.0244245526332883 -0.0383127020851118 0.00692138133771275 0.0252955989977651
0.00526685851571347 -0.0132724303614952 -0.0560428037836172 0.0875629968033395
-0.0115488509583805 0.011500383043892 -0.202892335687329 0.124933619362925
-0.0221545372129591 -0.0167508888577167 -0.370020770383912 -0.0996466447766227
0.0399675843185719 -0.0475773290214003 -0.268886962637045 -0.426514870325325
0.0845561308881301 0.00958291399860959 0.130603640735174 -0.475545556538745
0.0287995697636139 0.09786925151937 0.0960478730694009 -0.116895544789605
-0.0225982416113143 0.0196535656811949 0.00849720833375096 0.104334660003272
-0.073406865846475 -0.00767313958671312 -0.106554767520987 0.311854250284181
-0.0464043230082203 0.0821014472746639 0.0800276670155293 0.365579280161055
0.0555398268646003 0.0757358331277679 0.25612061124256 0.212115265515454
0.0910764638380306 -0.0229301872715096 0.255242834572428 -0.00462894258446542
0.0394355248532879 -0.0689195006660455 0.113862203320498 -0.0753279988542493
-0.00755918529405295 -0.0701822634519872 0.00590498323818787 -0.0482300021764904
-0.0232183573069598 -0.0496868168713352 -0.0220007751902419 -0.0200145141385694
-0.0349235553410004 -0.0326355636958461 -0.00839347401346199 0.0207185327183845
-0.022546241784996 -0.0169123621520654 -0.0800877867611014 0.0984729083462434
-0.0393710111190719 -0.0252386131033787 -0.259564586269661 0.120353220118012
-0.000371233270299646 -0.086464281564993 -0.411999050468741 -0.178329684732402
0.111588531927025 -0.0700410301337006 -0.21357551709771 -0.533805104900159
0.136999681677382 0.0452249455879835 0.232040306282395 -0.506075556035923
0.0501768385764643 0.122248697869277 0.128119803353597 -0.14070016015987
-0.000701817481998181 0.0220851669354236 0.0636378834897987 0.0981634974715745
-0.0371130485941836 -0.00672660713405519 -0.0363130346686393 0.269863189634189
-0.0160523507986206 0.0520189479770506 0.103226215919642 0.322496042279422
0.0483213837903747 0.0355200990840908 0.269536937371315 0.190742572468122
0.0667612911535559 -0.0289086622381359 0.266774345927122 -0.027659350517581
0.0290637907956579 -0.0547228238411659 0.114108860981534 -0.103368276889318
-0.0051300364150487 -0.0515905350314221 -0.0100754964749954 -0.07744659566581
-0.0205959952761472 -0.0383193178599346 -0.0385230491407219 -0.0393495685470334
-0.0351298247537494 -0.0307440960412509 -0.0271222812811746 0.0166804534310831
-0.030875935117505 -0.0315727565375585 -0.116494593883342 0.097361108557605
-0.0277662313844332 -0.0604258829059741 -0.316367168714724 0.0785737308399888
0.0547262106271382 -0.101841013963252 -0.409380769826657 -0.286097119643026
0.149642102789557 -0.0294385353526449 -0.104602293211649 -0.614789227046402
0.120631019774706 0.0844458857586846 0.335033620393762 -0.492668201261076
0.0395929130142045 0.112276300467198 0.144770445624002 -0.162562715271814
-0.0349408062457168 -0.0198459713739145 -0.12787104110536 0.117107150378029
-0.0554051148721605 -0.0597775209111428 -0.442189669312521 0.363055565119512
-0.106543173089585 0.000559790155861557 -0.0709933461420775 0.646000928542087
-0.0868278128092256 0.0786795344251136 0.357725461730139 0.405161010350824
0.00748711964150477 0.0825510039469948 0.353456194158542 -0.00630308648888918
0.0331909786513608 0.0503723508002497 0.139002141714787 -0.100823132562158
0.0380253393634225 0.0286714682550457 0.026565196561969 -0.0202336008013818
0.0293210619579281 0.0173421143478875 0.028926359931645 0.045840143239473
0.0162415721846283 0.0202598871694476 0.0145539382950114 0.0769808095256038
0.00317239017408243 0.0317970188546327 -0.0979220970764632 0.10039041018199
-0.0151331212062549 0.0188713047002065 -0.238025143598268 0.0596072345209931
-0.00566960477981584 0.00941522485907762 -0.272573078622036 -0.143731826409265
0.0194441997633027 0.0191002762395399 -0.154483571836754 -0.288290117285869
-0.0111396005722708 0.0210367071031381 -0.00973158277181034 -0.255338264151289
-0.0379135380757376 -0.00765006328349949 -0.11991451255651 -0.0957939293099376
-0.000266192200853251 0.0358222970323269 -0.143985526611259 0.113648123381627
0.0241961019110127 -0.0397259896694744 -0.47546661878432 0.342065590821722
-0.0549235263044257 -0.0407514542576409 -0.124281874584077 0.649423333994225
-0.0987510648934817 0.0262035101097158 0.315479710678551 0.431600964772036
-0.0265039749196399 0.0719448375002342 0.338609265870273 0.0311907426737018
0.0117399554088168 0.0496963675644763 0.145986321570727 -0.072559963163805
0.0190415376016285 0.0216323423727305 0.0365439421315676 -0.00640948096175299
0.0158918081665446 0.0019561008269107 0.03507435317915 0.0523418063279485
0.0146684693878499 -0.00740364190898252 0.021794537767594 0.0800240678970354
0.0266996440144419 0.000157640849708859 -0.08897971897928 0.103338386842507
0.0299224978500535 0.0116115812935238 -0.229158167715074 0.0685826488857187
0.0340569739610353 0.0519642390830179 -0.278639606536957 -0.124731403441463
0.00198863417506489 0.0716220888804938 -0.179091339238888 -0.275589238132314
-0.0585729189744097 0.0358748480349851 -0.0186100570781211 -0.257729242417588
-0.0658027771155687 -0.00612217061758983 -0.107083597976604 -0.081683030112776
0.0215293854159821 0.0678244773550187 -0.158557231739048 0.0976611138472481
0.0676517309039969 -0.0299564493228129 -0.480753276822005 0.34532750637767
-0.0223048837755605 -0.0560443520151005 -0.119265870546958 0.636086529054285
-0.089029799306961 0.000910462396881768 0.292077931086525 0.410669825595267
-0.0322012794470525 0.0531892692388805 0.304467227675285 0.0407868960788772
-0.000344666457432508 0.0332949055479506 0.133233203756233 -0.0484053837919877
0.0011591984717859 0.00458698386156564 0.0375291154027086 0.00672116602256578
0.00363962083897308 -0.0163423714779617 0.034722549122967 0.050404213482782
0.0110165274966573 -0.02936224625853 0.0226930795957124 0.0684360305144935
0.0449485606646557 -0.0221960308935023 -0.0774679325664586 0.0928668211443855
0.0616466940375231 0.0118524812967706 -0.208642718611873 0.0715543877303308
0.0550372169101141 0.0827153129320636 -0.279602609494278 -0.105374780900939
-0.0122554378864552 0.0986784387872065 -0.203912620963991 -0.275998684486529
-0.0791039033030608 0.040006648869312 -0.00820366864433516 -0.286547078957159
-0.073557167557139 0.00573139897954049 -0.0661023185914678 -0.0754083689486925
0.0210779959471514 0.0676318513098833 -0.155851868500565 0.0857247591194996
0.0515727089058394 -0.0394734444094495 -0.43507017995824 0.362227914688017
-0.0314318046608572 -0.0395333507708733 -0.0644291483243957 0.593377318334924
-0.0670318995458339 0.0188088108483656 0.278900894653569 0.351731633643096
-0.00753743465986753 0.0375937019383401 0.264818855034873 0.0336774550038316
0.004610988157404 0.00479224459798022 0.114394843641802 -0.0341751079541143
-0.00963097415123089 -0.0209678886720406 0.0328775660019679 0.0119513691790326
-0.00644405610612833 -0.0333811584649801 0.0276097711361594 0.0398280438989041
0.0035396529624265 -0.039996021943722 0.0203402411670168 0.049052127258836
0.0490792651648811 -0.0271519482555224 -0.0637593620821802 0.0790838992400559
0.0630761679849865 0.0212798869496735 -0.185128449837546 0.0783479966315602
0.0392205315582823 0.0885014661838373 -0.285129692385846 -0.0859044030400147
-0.0231537946357502 0.0790908375870157 -0.230833606660991 -0.292621272175935
-0.0576768483884569 0.0254846607592237 0.0184486701638013 -0.339314390895237
-0.0531094712084168 0.0291238294606755 -0.008854705017988 -0.0789647048548696
0.00211414222664169 0.0483675877350092 -0.123750091271887 0.0876045711694391
-0.00744607103868566 -0.0432188970197858 -0.338743496765634 0.364021850873758
-0.0583100077983151 0.00728420675600077 -0.00252065474506432 0.511998804106797
-0.0280761312748907 0.0598882742133054 0.25989848112496 0.286962883176428
0.0370389460179351 0.0208773977351557 0.237417209386312 0.0251552003627366
0.0203521649879241 -0.0289393279110415 0.10384001691391 -0.0322755341593438
-0.0128268238577337 -0.0476459127495969 0.0264523437144262 0.00529522914377998
-0.0149000790299057 -0.0452636739642155 0.0147067880384149 0.0229207391472916
-0.00861898830658694 -0.039056433168339 0.0153165170350655 0.033021828977751
0.0331083814231809 -0.0176767635877735 -0.0522495255216912 0.0753145493029245
0.0296877082487273 0.0287918826013765 -0.174591217781474 0.0979457330392755
-0.00194602014725206 0.0523200962894966 -0.311674170326646 -0.0774280684363994
-0.010652198288834 0.0145923523932933 -0.255015576244697 -0.339327645506117
0.00677983126161558 0.00668901330943669 0.0672461381111782 -0.405459225701949
-0.0111874197933969 0.0652096961358877 0.050581380513444 -0.0914589186946318
-0.0159905786694605 0.0321615493717085 -0.062749546948494 0.0962805123638348
-0.0585441378249076 -0.0272050898284888 -0.219574302669972 0.341586217810737
-0.0650788138649987 0.0573472033372553 0.0385735425317773 0.425187884081454
0.0192837697994791 0.0846842269119089 0.24275498192115 0.239594908239566
0.0755707292026788 -0.00132507302225469 0.233261578495621 0.0163674475975645
0.0352131677637527 -0.0567175307126548 0.105417610262746 -0.044056112128002
-0.0108085288800769 -0.0656258577227447 0.017542458708703 -0.0142590526831571
-0.0207892977074815 -0.0499997883473728 -0.0024193335731494 0.0038425166769215
-0.0240533928817772 -0.0327201211293834 0.00681272202253227 0.0245093221347184
0.00225069156060286 -0.00886456268712676 -0.0552149076788666 0.0848390714379309
-0.0177888624991953 0.0133728449918458 -0.198877956999095 0.117726954326182
-0.0277732298372124 -0.0222654661942414 -0.359334716516574 -0.105768360658588
0.0423731136620444 -0.0544100741135478 -0.251434913924505 -0.42567181859132
0.0893154297083597 0.0112966490066194 0.146368219675598 -0.465743010900027
0.0310546424089607 0.104706301679894 0.0990238986492054 -0.111432431527171
-0.0163551722927623 0.0263519194030892 0.00551898352900676 0.0999810182394236
-0.0669553492294949 -0.00911733903376518 -0.114354576490294 0.299372886301642
-0.0447419816601547 0.0749169542982566 0.0649842418515108 0.358090348627987
0.0496317985791681 0.0733434452419378 0.24079588581317 0.213703884825817
0.0867332740017234 -0.0207785918851983 0.245977580662558 0.00278547088799128
0.0379388327604673 -0.0661290773348833 0.111018123419252 -0.0684909051760114
-0.00737645431776725 -0.0663556485557647 0.00586515875958461 -0.0421494517870608
-0.022840568429462 -0.0465652730277773 -0.0208742693026017 -0.0162592392562097
-0.0352375064332009 -0.0278555368865419 -0.00834233268013531 0.0220415403827429
-0.0252224798730816 -0.014288809381713 -0.079929304836619 0.0974438723774521
-0.0443325438227341 -0.0253184265871974 -0.256184074218863 0.114164889786008
-0.00302868716581202 -0.0915118152416968 -0.401309647998897 -0.18689952168998
0.115513126273857 -0.0733613301404886 -0.194328117306829 -0.531685410691372
0.139546234907195 0.0498057567704474 0.247151166751056 -0.493700180963665
0.0505797359872317 0.128931074662345 0.130345510054639 -0.135874455997235
0.004330667801891 0.0273932590270887 0.0595563331426547 0.0937521194439057
-0.0324993289061482 -0.0070106222729572 -0.0448228583623261 0.260278105225233
-0.0148815842722084 0.0481055089777247 0.087630646922302 0.316872602432235
0.0444241997506245 0.0344160782529919 0.253934559741332 0.194709117144456
0.0643973047567671 -0.0274331556997214 0.258102120303296 -0.0184319550400887
0.0285821544432017 -0.0529700971825423 0.112627558755309 -0.0940297186798419
-0.00492311045527648 -0.0500377742841298 -0.00817048626408738 -0.0701794290935444
-0.0202563778618476 -0.0366419943315571 -0.0369184406005452 -0.0340086139753267
-0.0357640658162207 -0.0278265509026933 -0.0282150642962084 0.0185925892684196
-0.0321474909217666 -0.0305790609608069 -0.116667919154224 0.096521653561709
-0.0299980744464811 -0.0608332225839408 -0.312570037050331 0.0716918770725224
0.055496762324222 -0.104147001723354 -0.397297376792714 -0.294231633942941
0.151783130093177 -0.0287349450249889 -0.0842721381887347 -0.610254422677873
0.119426731641958 0.0895731601652538 0.350048204352212 -0.47612196748166
0.0384704115639176 0.117137839156412 0.146763455851204 -0.158226988082087
-0.0353995145797492 -0.0194722891259407 -0.128318310575517 0.121060501216243
-0.0573190958921181 -0.0626090336814522 -0.463972447907132 0.361822981954013
-0.110661551137133 -0.00143746846936858 -0.0892750763943401 0.664683924926618
-0.091818827937869 0.0827660558800038 0.362213470226144 0.422827878982142
0.00687695939882857 0.085943664745261 0.363899790547642 -0.00169165459997454
0.0339292802129194 0.0521830027917076 0.145476894290025 -0.104833942535543
0.0386174197769164 0.0289271277521404 0.0293315578665355 -0.023959782127684
0.0294827655825715 0.0168869755381389 0.0318669204882042 0.0429846146553349
0.0165151719014338 0.0210254147067439 0.0156806280384524 0.0730158309217508
0.00375703708747379 0.0326636228076802 -0.0981330500773984 0.0963421346209724
-0.015918257173546 0.0207551507221284 -0.237427469429589 0.0543666154826941
-0.0057996711558634 0.0116937845681294 -0.269255007102867 -0.151200215089879
0.0181986473830751 0.0203168892283884 -0.147507665834725 -0.292696603710959
-0.0154398068030952 0.0212233394967761 -0.0022605404050456 -0.255362471121675
-0.0416008513578536 -0.009167159872711 -0.119629365036044 -0.0907206566500613
0.00214347512096728 0.0402328470375848 -0.145610607864753 0.117714297670587
0.0282198217105569 -0.0402002182851232 -0.497408044056802 0.341532562818243
-0.0543459209111995 -0.0459094830185031 -0.142674614352204 0.667521116138679
-0.105004000733301 0.0239993819372628 0.316132846940173 0.451088682083614
-0.0306083287674817 0.074544657732267 0.348561169387543 0.0356153016436382
0.00946965891037788 0.053473225401264 0.152757663124455 -0.0755556326625181
0.0191420636350241 0.0239937729456479 0.0394613626901806 -0.00916157529644259
0.0161673225963151 0.00302890829220772 0.0380217959103002 0.0501063304646836
0.0151562597200944 -0.00609944806607237 0.0222621096270188 0.076521112330074
0.0280162919363369 0.00133263136592657 -0.089148832486085 0.0998726726211129
0.0297698045119509 0.0140547168135122 -0.229080225534395 0.0630483102371719
0.0328123355796442 0.0551726925367215 -0.276529111649569 -0.133011253392205
-0.00121626292108843 0.0724953302820378 -0.172504455355896 -0.280541288776446
-0.0631931909368599 0.035649869407592 -0.0110112109789817 -0.258654817367709
-0.0678156271044067 -0.00643380893658709 -0.106325957947343 -0.0769580052195002
0.0258646634318195 0.0769726390621541 -0.161538380141391 0.100353734754034
0.075852328927049 -0.0288410293109861 -0.50163517645773 0.345328407338764
-0.0179932184964982 -0.0639707742381591 -0.135334244054467 0.65368138208132
-0.0963900246935605 -0.0049993922816657 0.293901004114263 0.427110073731907
-0.0393023300619058 0.0549577494016762 0.31106042661249 0.0450149204058761
-0.00417838472769699 0.0369968387285593 0.137355133590829 -0.0502896734652835
-3.47203558641725E-05 0.00810942355259682 0.0399062013597412 0.0054391330630569
0.00302585663950875 -0.0137619876057792 0.0378105379573764 0.049111966110133
0.0118546122724186 -0.0270194172504148 0.0233635504123558 0.0645658833568096
0.0460716577277958 -0.0201644443582169 -0.0775317290972151 0.0894003033337154
0.0609910246378797 0.0151584217808454 -0.209233359118305 0.0662352054507909
0.0516581247129686 0.0861819483387064 -0.277190362017292 -0.112895540329715
-0.0160495964313728 0.0976934106542483 -0.197324081247584 -0.280931984977922
-0.0817750616032567 0.0389355516075484 -0.000482915254475366 -0.288958383233829
-0.0736987796277058 0.00731584355438346 -0.0643060986161668 -0.0709926018096986
0.0272323138385112 0.0781197120541631 -0.15984056166841 0.0876741375784818
0.0615097190559936 -0.0392037744540056 -0.456157040956064 0.363125809756143
-0.0268990335184153 -0.0487569415367913 -0.0765613227550123 0.608537751947247
-0.0749709404133199 0.0125699544614509 0.280681989196705 0.364347831142289
-0.0143452011371084 0.0389712967273445 0.267993171254652 0.0362734079156775
0.000803501686770594 0.00824539760025231 0.116850090952965 -0.0345258791052409
-0.0113125329802563 -0.017153880147893 0.0344967891382612 0.0128798143985949
-0.00770349223634217 -0.0297380476270926 0.0302249706418853 0.039600186885763
0.00432295425684804 -0.036531593062642 0.0209872740570235 0.0463099659331363
0.0493244404746785 -0.0241424269796061 -0.0634247968818065 0.0766005544818157
0.0610999687621407 0.0255743281995484 -0.185115944837356 0.0737989518496421
0.0332596388548799 0.0912014738880044 -0.284422639021148 -0.0921207310351189
-0.0263906216394217 0.0749776117881461 -0.226726928131432 -0.298976738880128
-0.0576334077690244 0.0230716655760389 0.0269178015147475 -0.343937498427166
-0.0507950285525584 0.0339498520890352 -0.00593252843812513 -0.0747619677861415
0.00862610636803806 0.0584783939267244 -0.127096743434506 0.0878859394780111
0.00178220011308742 -0.0437852358481766 -0.35431941585581 0.367624672379574
-0.0554122948281826 -0.00176733317450512 -0.0112611541921363 0.525400556783971
-0.0353331578529521 0.0554043852610564 0.260821616329397 0.294863707842918
0.0312304789847035 0.0220370980591906 0.238149703825823 0.0270660409276786
0.0175412763045817 -0.0266537512489907 0.10466704973134 -0.0306435172442303
-0.0150817803823386 -0.0444551024835265 0.0275047826442914 0.00771010028696944
-0.0163474485905178 -0.0418368253284738 0.016623172864198 0.0242908815603944
-0.0088407377447637 -0.0347775719656883 0.0154638505972412 0.0313699022242842
0.0319398005001865 -0.014519403520415 -0.0516910443314233 0.0743824335976308
0.0254588579571154 0.0333161182372444 -0.17464328022342 0.0944583406437777
-0.0106597119972496 0.0513835714767293 -0.312939689693884 -0.0827196587858817
-0.0117198748153164 0.00685709262790952 -0.252283806174589 -0.347397419615932
0.011847222201088 0.00506512419107165 0.0768938408532989 -0.414054118951654
-0.00708439924249426 0.0738414691291773 0.055081361172266 -0.0893410332694254
-0.00941890697585243 0.0411581045472534 -0.0645219773134812 0.0960390995090251
-0.0523143144451637 -0.0288141644293931 -0.230068840341479 0.343301038912249
-0.0641173744632106 0.0509954682006031 0.0313026778390776 0.433302252958162
0.0131601264590082 0.082704665280146 0.241085634207658 0.246321003397699
0.0723631905894934 -0.000420441756290907 0.233066857045058 0.020409406795049
0.0329218632435633 -0.055712110026475 0.105892978619229 -0.0414638242223355
-0.0125437455170295 -0.0632905695854948 0.0180791235396137 -0.0110377214614024
-0.0223439292882815 -0.047048674477953 -0.00165503180977916 0.00601022059589466
-0.0250169000141239 -0.0281486343212484 0.00671739354989427 0.0242235182418167
-0.000759664329117501 -0.00580092756257248 -0.0554710048985812 0.0863927539484362
-0.0246354631615124 0.0162190811850921 -0.200133215636558 0.117952869903509
-0.036186411394291 -0.0275733732698334 -0.36384219189797 -0.111798949156117
0.0457614312302058 -0.0644485726659985 -0.250288853052491 -0.438283347109097
0.0974822108370581 0.0128101067983255 0.160132378796612 -0.475997881611277
0.0360488929227596 0.115814042118758 0.104184992290526 -0.11152708278435
-0.0101458460861663 0.0335984664951924 0.0052018742125702 0.0988818723523144
-0.0629173869381486 -0.0102259452173886 -0.121463060453636 0.301494187252014
-0.0444826753676008 0.0711380263596238 0.0580083823518037 0.364180447262891
0.0459969362408259 0.073364419062322 0.237761994022584 0.220651012587394
0.0851005872796295 -0.0208388582470875 0.245809210694081 0.00749351278159863
0.0372221515439542 -0.0663762966327283 0.112788930781156 -0.0644393372242155
-0.00801064526970075 -0.0659392296695674 0.0064132698288176 -0.0380167914125697
-0.0242100110114848 -0.0444504413976927 -0.0200588171347399 -0.0131307486416106
-0.0370531257614075 -0.0239354366903777 -0.00853099187665399 0.0242850911420751
-0.0291946509657113 -0.0123516627431375 -0.0810429220508458 0.101043928378907
-0.0511932584475333 -0.0251777906072827 -0.259851220141159 0.115042597193367
-0.00651250815346354 -0.100212122134092 -0.408362777298493 -0.195907563460991
0.12256087656582 -0.0813229243370623 -0.189931665922372 -0.547654766226746
0.147665360667684 0.055147563919499 0.267650482740797 -0.503552654325648
0.0544740029865655 0.140537852710178 0.136384249293495 -0.138041828062888
0.0101740482389644 0.033081762643989 0.0600315074359973 0.0915232597721619
-0.0294873528219186 -0.00753973239109712 -0.0516026703330925 0.260373934383664
-0.0136006689165001 0.0458256296786356 0.0811992044794049 0.322600941750912
0.0425939734004421 0.0345708432199675 0.251041385224481 0.203357055365187
0.0638997178583646 -0.0277148472906141 0.25984288971008 -0.0126965287532297
0.0281412528450355 -0.0548162467762045 0.114648810973021 -0.0913512601949604
-0.00569420939508756 -0.0502301207912709 -0.00805951041870649 -0.0652500428810075
-0.0211891334413399 -0.0360256184003567 -0.0367413029643565 -0.0300258273188276
-0.0379500283452583 -0.0256356813860949 -0.0294677995981636 0.0221252162031758
-0.0347427305455272 -0.03032373411515 -0.119967728009706 0.100690608232189
-0.0343015419977261 -0.0632342289289856 -0.320158943133346 0.0718462736242513
0.0566241920511715 -0.110964090269986 -0.40544588832539 -0.309474562900231
0.159957503520566 -0.0313592003520464 -0.073349650026007 -0.629740071196509
0.124062319800076 0.0970348564303108 0.371110639764132 -0.484432245506227
0.0406226936558317 0.126727223593941 0.151829506141258 -0.162408674683517
-0.0365236588803917 -0.0189708605041264 -0.126974880574131 0.131793744171712
-0.0635856967123972 -0.0655715154871526 -0.481903244476887 0.387660962248285
-0.116872719991025 0.000843133046280583 -0.0815216392118949 0.702996859147812
-0.0950978459049697 0.0922110267112002 0.390064682451232 0.438991281512047
0.0101244726739249 0.0912246242143898 0.38345710262113 -0.0123318321272891
0.0376545498618661 0.0537413423795191 0.151068679456458 -0.117154696243014
0.0420272759411707 0.0282535871305373 0.0322702624942391 -0.0297451652016893
0.0315439682214568 0.0151776345933806 0.036300915466214 0.0390965130594277
0.0180492028231408 0.0215127127168869 0.0192675505871775 0.0694160514945015
0.00575190125288896 0.0337195159398147 -0.0973431494969928 0.0986637989283411
-0.0157332282492843 0.0235118831798699 -0.239880992079671 0.0578352296824592
-0.00574681535010562 0.0150792643741345 -0.278612855975704 -0.153737069597369
0.0176796076964323 0.0213240980604608 -0.154209401810266 -0.298307455464084
-0.0201306006333685 0.0230448307070567 -0.00418285362476702 -0.260742227255022
-0.0465370258476062 -0.00918042937032373 -0.124417165758024 -0.0834705316986495
0.00709181828123417 0.0456240841452457 -0.14582760497094 0.129398077149583
0.0314089962948185 -0.042979757920771 -0.516592346139047 0.366503416003386
-0.0567712475913788 -0.0509448040545386 -0.13807967974028 0.704951306174383
-0.11325452035815 0.0271922202138878 0.344888206812386 0.467930822956433
-0.0328230655706088 0.0802080170926314 0.366590141922077 0.027914956504688
0.0105307170380868 0.057744721101041 0.15912495156661 -0.085942178211571
0.0203956207504176 0.0265176759408332 0.0428408116840236 -0.0138925582872534
0.0166945843577019 0.00355760749976342 0.0436777801637671 0.0465410236506144
0.0160202772409909 -0.0055283681916192 0.0258328369657993 0.072780228770487
0.0294811677919974 0.000987644042703954 -0.0881917841289311 0.101062402267575
0.030800598469168 0.0157601591231526 -0.232433742403457 0.0665349522688631
0.0342266602465949 0.0586004928379 -0.285735980704631 -0.134101030493513
-0.00129959366784934 0.0749117354753211 -0.179870030029256 -0.285457698119387
-0.0674961414077319 0.0387637887194137 -0.0127789054937259 -0.264966586652157
-0.071349012175704 -0.00387229380874732 -0.110020305474718 -0.0692209787121934
0.0353773583495903 0.0863224661171758 -0.164042175370676 0.112427014963812
0.0859572612862021 -0.0317478723826678 -0.521756753067356 0.371582397551458
-0.0171684390745812 -0.0733126719916641 -0.127060131120058 0.692361630521947
-0.106761620280492 -0.00658833233365637 0.318701524015689 0.441199145624222
-0.0449928679433553 0.0597623228376458 0.326931281096635 0.0370521253153648
-0.00589390058370542 0.0417625903424975 0.143174764136169 -0.0581300981771678
-0.000789268222950393 0.0121629335321942 0.0429723736158179 0.00278890942137406
0.00217500009801471 -0.0115952397635569 0.0428910105591564 0.0459240291049989
0.0118412684767214 -0.0258460096556063 0.0269273742432807 0.0611046862348549
0.0473356806909353 -0.0209044139460133 -0.0761714986487596 0.0902367692243564
0.0624204621713717 0.0164852696249144 -0.21130770764654 0.0692015597730587
0.0526263850251019 0.0898417376341896 -0.286312272857185 -0.112330366003206
-0.0171991983303074 0.0992394752113109 -0.206716560339737 -0.284602782162798
-0.0855248495698129 0.0418951982965505 -0.00294158176629473 -0.297746493610224
-0.0746532864456922 0.0132444066814532 -0.065755632196223 -0.0643401910828702
0.0384052176791735 0.0893084617623148 -0.163151508483056 0.0971402095206048
0.0726919468527223 -0.0423054954073035 -0.469610365572105 0.390355212368315
-0.0248733304918429 -0.0597283150882083 -0.0659419928673125 0.64093370343511
-0.0848221180240073 0.00951216269250526 0.30390189096335 0.374373081804591
-0.0212166303221738 0.0418258471903389 0.279264017767137 0.0291669984572193
-0.00253529454591141 0.0120219713161049 0.120021171649023 -0.0392094425200026
-0.0136350052692308 -0.0123877437512736 0.0372914040984022 0.0123883971808498
-0.00988510555580723 -0.0267734653444495 0.0345384815165316 0.0381003847108857
0.0038363164386982 -0.0337556127906286 0.0229505510826258 0.0429290038200732
0.0501643404939297 -0.0238780352982894 -0.0614800132481862 0.0771920093420449
0.0617088347484305 0.0286870670979039 -0.185611544027313 0.0778615613635219
0.0311999131525259 0.0945037831136312 -0.292496638125443 -0.089437019968591
-0.0284621679181388 0.073436826686062 -0.238149959369983 -0.302689898990621
-0.057380977350869 0.0242437347956695 0.0247781015565606 -0.357616830383144
-0.0474641810456594 0.0422779081217604 -0.00451256242847418 -0.0718536798631696
0.0194397286978826 0.0694039000305409 -0.129811017626764 0.0950749339069976
0.0100891048009408 -0.0468615385037589 -0.363288803255602 0.391432763244813
-0.0540845286857457 -0.00949544760123059 0.000412255250260038 0.549101950070414
-0.0428196401524286 0.054055354386516 0.277381414832796 0.300417053891065
0.0264411973205922 0.0229429043324011 0.245063698534546 0.0220923056587245
0.0140479001317399 -0.0253748614584488 0.1066911321065 -0.0338695524836039
-0.0182742886531919 -0.0408766820959848 0.0293885992127535 0.00940513517856666
-0.0193330982021687 -0.0385614933758254 0.0194815856543782 0.0241003146010845
-0.00986241420076479 -0.0302676267208964 0.017646964506654 0.0288715422048077
0.0310736730603637 -0.0115228417303717 -0.0491588082260996 0.0764024937558473
0.0227037904769945 0.0380943531204371 -0.174641866168312 0.100953554140878
-0.0178524695580708 0.0526724690098633 -0.324245587821973 -0.0776495327069592
-0.014482755980674 -0.000911837130652879 -0.267971145688802 -0.354179100869271
0.0171751597376913 0.00334125872011013 0.0744953233018893 -0.434423110547393
0.00127114563590579 0.084400827175046 0.0585124289223441 -0.0913881086564036
-5.55242051191356E-05 0.0509285030187372 -0.0645736431828991 0.099726594331585
-0.0476709251848975 -0.0292953928805196 -0.2330269666702 0.36273056836172
-0.0624344128233245 0.0471029708780692 0.0408827629237071 0.449233209252821
0.0101582472108615 0.0826535003128239 0.253951483080277 0.249228702507848
0.0698561165634357 -0.00205472984322647 0.23788248726181 0.0149833172390161
0.0297632225819516 -0.0570965170176872 0.106668393814837 -0.0437499820839497
-0.0163734159395688 -0.0618164401707894 0.0185412271768799 -0.00755718229351501
-0.0259067644781115 -0.0436926818416645 -0.000162157816462301 0.0077874472216645
-0.0279989919538788 -0.0222331623656641 0.00816804249215561 0.024359087040686
-0.00397718419927775 -0.00151695241393897 -0.0523764042823269 0.0915812972534944
-0.0318123951424623 0.0214944258109002 -0.201611233269704 0.128064553460685
-0.0468752981427396 -0.0329136717418795 -0.381562985315935 -0.106401281989261
0.0465566320924808 -0.0787181168728606 -0.268772558383894 -0.450691015798911
0.109288069219932 0.0105487913747455 0.160189939567359 -0.503350047127971
0.0474485609303371 0.12873992423979 0.108862672944259 -0.117924550571954
-0.00168089360287903 0.0414537416553814 0.00843881243263262 0.0991023669061899
-0.0600366176679343 -0.00987846542920473 -0.120702897656484 0.313269178569014
-0.0425720706397565 0.0694509976878618 0.0657214533846824 0.376226898143759
0.0464002788954948 0.0732315563962446 0.248526195754894 0.224176564969551
0.0849084445792159 -0.0241011558156297 0.251683813657584 0.00247920151862347
0.0348173043889907 -0.0696762821281553 0.113599520184118 -0.0671701305078267
-0.0119638820298015 -0.0656192061442615 0.00549889892439389 -0.0343730888637385
-0.0285104637084333 -0.0420605776577975 -0.0201637784190881 -0.00951243055086271
-0.0404750280684458 -0.0187779625346526 -0.00841876328738225 0.0265825241504857
-0.0344871754220659 -0.00845251842234047 -0.0793137339041156 0.109624086920546
-0.0610644474977616 -0.0229201230578522 -0.266913340756749 0.128472186168162
-0.0156283856600013 -0.110784435217958 -0.433067148195638 -0.195686781682418
0.129390639944822 -0.0966397191631701 -0.207309423605054 -0.570667360607938
0.16315065248553 0.0561292414263519 0.273020255633799 -0.536403638510785
0.0666774600212317 0.154520719765503 0.140103473867138 -0.149236514431672
0.0185246825397973 0.038439208079851 0.0645467080008118 0.0882838162904499
-0.0267228544110206 -0.00791571188152519 -0.0485953805050974 0.268494009118394
-0.0111964633023368 0.0447160071743807 0.0878174278316693 0.332649379565765
0.0437314115227528 0.0342032717224944 0.261693081211829 0.206400253344359
0.0643066313403194 -0.0313288187538542 0.266224454113894 -0.0169864402675289
0.0261834828980376 -0.0576693567278426 0.115811437529619 -0.0938979954534077
-0.0084848853043342 -0.0507570492791632 -0.00919947243475889 -0.0612014550450373
-0.0244242152684165 -0.0350854875506496 -0.0380010004494594 -0.0252430259526499
-0.0413933445551884 -0.0222913785805587 -0.0300448005866005 0.0272694147334912
-0.0403282039230654 -0.0296401635183452 -0.121760032822058 0.112299151120135
-0.0424266547027679 -0.0650199546728242 -0.332463283413284 0.0854071313786142
0.0539520122228858 -0.123137916269168 -0.433397005664838 -0.315716094106022
0.170123226043613 -0.0414106301342576 -0.0886895070270261 -0.659206514211338
0.136346858058159 0.101890117580396 0.38447343691403 -0.517106382576438
0.0494853569732735 0.138332293877972 0.154583947017807 -0.176357032490567
-0.0318231431908599 -0.0217578877080007 -0.145337812961304 0.114373998633816
-0.0516562842090941 -0.0680197472022031 -0.557772048201 0.320905580006984
-0.110383608533458 -0.0135133189014303 -0.202728596970269 0.708597266444046
-0.100159144652613 0.0762944884812529 0.329187459305717 0.519835340003701
-0.00306620789564345 0.0870809277840148 0.399800498940198 0.0483077716727005
0.0299722997333926 0.0590089781773594 0.175850010386047 -0.100012823963376
0.0385602491509388 0.0344147463466653 0.0395459463537076 -0.0280623332897595
0.0288466771075832 0.0204842783898918 0.0345099905787723 0.0406200529868755
0.0151089075615215 0.0248549853702391 0.0108927897174689 0.0678840225557871
0.000177270336663249 0.0361471053924892 -0.110977571999075 0.0818965980846936
-0.022830805293115 0.0226301180970553 -0.246052482073302 0.0195256240760509
-0.0107625004362386 0.0127878441925424 -0.254149201055359 -0.201423186248985
0.0130439217555737 0.0211255834626859 -0.107614394884589 -0.322438927057982
-0.0277498842043619 0.0162998366294806 0.0407188467757883 -0.258570721282999
-0.0515554923846617 -0.0199852719511795 -0.109882637604557 -0.0958651529529763
0.00261889534717704 0.0545704916200823 -0.163326289964987 0.113770346477834
0.0442554116817959 -0.0288687129063974 -0.587669091456942 0.295383867484925
-0.0381087751607912 -0.0580610493888869 -0.254241342836221 0.699177292527551
-0.110205493125114 0.00509270047509379 0.276473856069448 0.537231888276914
-0.0466882866811902 0.0693821744910205 0.373823803958791 0.0860321944027786
-0.00037235306624048 0.0601241816633663 0.177864138358316 -0.0669299314582463
0.0161982012206323 0.0315928091206549 0.0484937917060124 -0.00994790838129119
0.0161382260548284 0.00772055204951289 0.040651953334943 0.0495723266026026
0.0174785195659779 -0.00176838522045768 0.017693502066017 0.0727794110610993
0.0300607494910371 0.0073827690821421 -0.10245424522429 0.0870842060760795
0.0251705003655884 0.0241124275041124 -0.241641256159333 0.0298524392314749
0.0216398682046011 0.0643355655707953 -0.267195410046869 -0.184103604526058
-0.017300395129744 0.0714638597411447 -0.134517865513907 -0.315687453193735
-0.0776873249009917 0.024456793004767 0.0351050662561617 -0.265775036962198
-0.0760412938047619 -0.0170500684837195 -0.0954325780251109 -0.0785858609526968
0.0263503173620688 0.103596745354036 -0.179697738818419 0.0952303851211151
0.101729098662105 -0.00759818560457569 -0.592112517524792 0.299419938355641
0.00801051483801463 -0.0765858773758332 -0.23973449933305 0.684367551246481
-0.100779887685116 -0.0314838603578029 0.255214874279368 0.502657386527093
-0.0586097059682483 0.046510331606313 0.328000963743022 0.0889036118476471
-0.015515356188356 0.0428621071420945 0.156016385667271 -0.0396734283279142
-0.00331610342381011 0.0163984660109942 0.0457169708157834 0.00807702113798226
0.00369016922006911 -0.00873968823777363 0.0401628186262204 0.050737311018151
0.0164131206888135 -0.021791463165763 0.0200301138477688 0.0614723419653744
0.0514090386765569 -0.0111077531575244 -0.0890639292439219 0.0780775798783761
0.0570621306385939 0.03181956135852 -0.222787500477255 0.0350152262780095
0.0334224281810986 0.0986713055689285 -0.27297272472571 -0.163155891272745
-0.0390411632163973 0.0911187983145542 -0.161669941995297 -0.318957943939718
-0.094097058083825 0.0234902169665376 0.051187252574953 -0.298642367819066
-0.0791050940566888 0.0024793334856718 -0.0498950648750675 -0.0677185126425461
0.0297410903185437 0.109195943388563 -0.177499022419058 0.0784770861353688
0.0926128553196451 -0.0212221389187717 -0.540503492066907 0.326332697748675
-0.00121188855432986 -0.0675325276654546 -0.166764954950741 0.641431653731185
-0.0840308927395876 -0.0136648412061078 0.249924842965155 0.42881978454559
-0.0339558826366453 0.0335617723208108 0.278769611547715 0.0721604897962639
-0.00832166147181041 0.0130920826305524 0.128006713307666 -0.0232207743146761
-0.0136137684595391 -0.0102776951039948 0.037417988918446 0.0182749661615403
-0.00645778056693879 -0.0246944795513529 0.0320805160060568 0.042250560762571
0.00970828805617576 -0.0294358921828382 0.0186307537585806 0.0433765376737967
0.0538024637083056 -0.0126260489209697 -0.0719576466456668 0.0675673420325132
0.0527280125027285 0.0453018902026429 -0.197337564438654 0.0467620787833581
0.00773552093168884 0.098817619745444 -0.281688786951005 -0.141095859740206
-0.0461733384008956 0.0584380605649348 -0.191876037571632 -0.341514768750909
-0.0582575784766033 0.00857738524657071 0.0858775841057566 -0.356247855542852
-0.0533045731092993 0.0413786571597537 0.0135394139787024 -0.069492818817498
0.0156489118258911 0.0858838291499667 -0.144281910837744 0.0783502881895655
0.0314433672580381 -0.0374987443543164 -0.430702855601092 0.343299027453799
-0.0403659968537537 -0.0243020489930983 -0.0867519834830821 0.558243995310629
-0.050330164589975 0.0380818283260072 0.234256640599399 0.351653595429995
0.0171241699476988 0.0227121250830696 0.245586373302725 0.0581440837511019
0.0142069528409191 -0.0217028948050473 0.112113043496263 -0.0185483381092311
-0.0137310134266016 -0.0394948710627467 0.0293819859966561 0.0152603664759121
-0.0142956865576863 -0.0377958251402081 0.0181108053690874 0.0275582324393875
-0.00549608666218724 -0.026578095693758 0.0152447453982567 0.0292066316690345
0.0308191873402932 -0.00208826366716701 -0.058016059567889 0.0695350680617674
0.00879095639906604 0.0485667676424366 -0.187896226381866 0.0739088776663802
-0.0394923860082766 0.0442842319492365 -0.313483435678729 -0.130744612631308
-0.0150675724932157 -0.0187603340023698 -0.217031122541808 -0.398043132066399
0.0264548392526922 0.000428779145091002 0.145867845506783 -0.427397323427572
-0.00753695381112834 0.0972094544921058 0.0795074549697319 -0.0845863346759241
0.000123801839348378 0.0620526905171628 -0.0808141480129078 0.0904424186721387
-0.0298244514146671 -0.0327305203445762 -0.294100397345119 0.331369382680515
-0.0611035519366831 0.0310785534158754 -0.0316171757347639 0.464542513834439
-0.00182225784602557 0.076813147735563 0.217665776886059 0.298984020664466
0.0657155470143748 0.00517813307683376 0.239608566046584 0.0491912469166613
0.0363199289195298 -0.0528871335472014 0.113698429177304 -0.0277581063660425
-0.00920620632902415 -0.0611161610371184 0.0212678891333495 -0.00293429083216153
-0.0203927145510184 -0.044632989409366 0.000205242293282813 0.00989244468730575
-0.0250303308317225 -0.0210615487262915 0.00616436503024922 0.0246971185294181
-0.00820326826470565 0.00288460069297854 -0.0631165753139699 0.0864373323771866
-0.0461683215239198 0.0199244107628561 -0.218833454886494 0.100576123727303
-0.0555699178639516 -0.0516444334864362 -0.368513820072666 -0.163889051759653
0.0658736218018592 -0.0888291196764645 -0.20735762558916 -0.497000220118133
0.123975593410823 0.0255829378343608 0.238665136649906 -0.487675626493168
0.0339643419346996 0.153678110051864 0.13373004423893 -0.109747673533355
0.00066595968138491 0.0489719854732022 -0.00699507930602001 0.0978553680749787
-0.0481150254267254 -0.0170873892423125 -0.172096955037694 0.29703610653449
-0.046414151183131 0.0579182612141689 0.00505641006339429 0.392762524867266
0.0360780007915753 0.0740916524516924 0.217305080580248 0.272453042774335
0.0860588270666421 -0.0156951438310164 0.255893393343498 0.0390739795706452
0.0443718391720772 -0.0658887983604482 0.124749250796881 -0.0502249280613319
-0.00364378699074559 -0.0655410463034229 0.0114624516826111 -0.0311295107327694
-0.0226869039511623 -0.0443322868664561 -0.0188306768089515 -0.00886069779472747
-0.0394309348955396 -0.0200642010827954 -0.0115761620319807 0.0269785296594415
-0.0390222416265886 -0.0104381224168515 -0.0940169254398043 0.103271092074983
-0.0680282712388576 -0.0341843094371868 -0.287211357896546 0.0953009735456732
-0.00740248814442302 -0.13054841163586 -0.41243295347944 -0.258137451456109
0.159364125699423 -0.0899449370437441 -0.131181410801715 -0.613121471077522
0.172507089206972 0.0851836238878103 0.358476231735821 -0.509644005569134
0.048028012720023 0.183392868129747 0.169707012215087 -0.140415409927985
0.0208640399640072 0.0461825298026227 0.0519809814280687 0.0944277356445322
-0.0179762137711679 -0.010635555136649 -0.0922277278716364 0.260417598343366
-0.0115750516817766 0.0398010070385324 0.0336069847671472 0.350104507655263
0.0408730446398827 0.0355318845111802 0.234160804084486 0.255795088307936
0.0685488267284993 -0.0269185414382864 0.274338600711428 0.0216471788027037
0.0349657710391549 -0.0560246654819615 0.131874548818388 -0.0765980168012402
-0.00174042015880051 -0.0516245617778455 0.000295207746898732 -0.0598427177137087
-0.0205073330011033 -0.037929451963385 -0.0345260861310103 -0.0265830124956262
-0.0398471911653649 -0.0264266324896195 -0.0346048181311703 0.0265942262176998
-0.0404390740638282 -0.0352650139187551 -0.139250768854358 0.101589553957532
-0.0386102031944587 -0.0764348379221813 -0.350840029815557 0.044587084318711
0.0714961240428119 -0.131933841801937 -0.400533808114961 -0.38240489164663
0.192440320120052 -0.0211001460957562 0.00533798370761425 -0.691895967721305
0.134534242911338 0.130165361011777 0.47119155252335 -0.473067694377694
0.0306144404887121 0.160732976910977 0.188997861916543 -0.166255232517178
-0.0323011220502163 -0.0194903383452055 -0.1286636851921 0.127957572235705
-0.0594109800740726 -0.0641110391163605 -0.52806640488547 0.363700647959683
-0.112316069103921 -0.00484459988863403 -0.143251114762328 0.722593254421082
-0.0927538462567503 0.0878523821926898 0.374044333362747 0.486682227488127
0.0057024531179569 0.0873919040669919 0.402676493082799 0.0116825702371591
0.0362609333944209 0.0555862199113975 0.165271221830597 -0.118461331631367
0.041863966579129 0.0292930604389054 0.0376112654511625 -0.035391983328149
0.0301483496855017 0.0158660573281813 0.0398225868663086 0.0318244609786333
0.0175367333181626 0.0227170033964689 0.0175406225206358 0.0592125098742477
0.00393586317379592 0.0352712595519431 -0.099188594245046 0.0853210794810527
-0.0202693637657695 0.0258021815534981 -0.235748705747383 0.0357760684361733
-0.00884585849558995 0.0159209078678031 -0.262298649537375 -0.178275086754762
0.0125458262506169 0.0202340151388097 -0.127382697329455 -0.30406333116085
-0.0300687201289807 0.0196266701090775 0.0225766918269887 -0.252416211179741
-0.0545156071026781 -0.0157595327587999 -0.113717095946192 -0.0760809076145154
0.0116719513121741 0.0563881328044815 -0.147001727009641 0.130286290252785
0.0441551560656502 -0.0333982695236855 -0.559467471892593 0.342295253691545
-0.0420966612257638 -0.0586546285047251 -0.195713486484388 0.718176541831364
-0.111865470685941 0.014406534728139 0.323534000692379 0.509479289347181
-0.0429743288373164 0.0744387396854433 0.379498417478127 0.0513161863757591
0.00434605220522137 0.0612596290069587 0.170778579257681 -0.0857020055186991
0.019439216638506 0.0314136918435923 0.0481036422254035 -0.0178165039551364
0.0161165003724276 0.00700889843884429 0.0464499621684241 0.0402750686909657
0.0172785607963924 -0.0020288204587741 0.0244027268454482 0.0633541678372725
0.030076384239355 0.00461710285699879 -0.090506379225645 0.0893851975818925
0.0268493251516491 0.0234504946397275 -0.231285465951152 0.0446309935601437
0.0257339922428027 0.0634267561009927 -0.273566202087483 -0.16026624968782
-0.013385558414092 0.0708725920029106 -0.151999481876392 -0.295097493824963
-0.0774631870812063 0.0312997214678557 0.0171180170312807 -0.259057646401587
-0.0760095055985524 -0.00898798758431269 -0.0982165556581215 -0.0604294346393842
0.0416115522531756 0.105685203405638 -0.166120140542873 0.112866634136715
0.106249083472618 -0.0175748300790558 -0.561143878547819 0.347833815250824
0.00432304840343706 -0.0850473428933613 -0.177826861674404 0.70238702094075
-0.107672885288147 -0.025890592390009 0.297508862616183 0.476412091761728
-0.059444593204633 0.0525948701210963 0.331701536907973 0.0574522690754679
-0.0141363787969506 0.0468807022591866 0.150592648249528 -0.0550520323900485
-0.00246777726826894 0.0201536372448167 0.046381391706571 0.00215812661243255
0.00206335175442415 -0.00554915357690897 0.0459328201347438 0.0419360257153491
0.0153139041029012 -0.0204097136137538 0.0252003820679601 0.0524026359207526
0.0494208023163207 -0.0141546485033056 -0.0777729063360263 0.0793978020412725
0.0586191638215704 0.0288178009494126 -0.211664915116569 0.0483637392554232
0.0384096822467697 0.0962787581944056 -0.27676564615792 -0.139451979302501
-0.0331926426612568 0.0907155002471585 -0.179237617406229 -0.296641407909589
-0.0912530972132364 0.0307728452946195 0.0294902842178269 -0.294809216910307
-0.0742927475696565 0.0128154597406433 -0.0521506441714551 -0.0541867549917992
0.0472857804559067 0.111927853788261 -0.166342934783784 0.0954162409240643
0.0992020308315165 -0.0299980046606758 -0.508060524992894 0.369093364061219
-0.00376327633041718 -0.0770495448676109 -0.110414219922586 0.650057640017626
-0.0905101405945813 -0.0110959139808271 0.284080351064942 0.401551508292771
-0.0372223898407282 0.0371688379108487 0.278980551313506 0.0453064984950596
-0.0108627884323679 0.0175933658467428 0.123316298866306 -0.0345404955097066
-0.0155491536755775 -0.00382154235135556 0.0394241702926925 0.0151365277011753
-0.00954710343566504 -0.0193000896854118 0.0374391588292037 0.0363025836766531
0.0078392027528115 -0.0256545019547456 0.0217857977435894 0.0354635992397501
0.0508894341374679 -0.0143442286767776 -0.0622345468777225 0.0679809515038111
0.0533627254176182 0.0440979208834099 -0.185950503596382 0.0585793086507741
0.0101449095476003 0.0980395829746473 -0.283140320075286 -0.115137489808699
-0.04293083366351 0.0559976396967905 -0.211992283750388 -0.317019517317872
-0.0546126826386601 0.0121864885154751 0.0582878770997396 -0.356469899686695
-0.0424537158129474 0.0510714622776153 0.0100714968795346 -0.0636999562875403
0.0319429121863217 0.0913914779027834 -0.134070645583586 0.0904163291787947
0.0371504540186686 -0.0418939185824977 -0.394916204678788 0.37392034575502
-0.0391234533139894 -0.0307331863076579 -0.0365472988642343 0.557737429074083
-0.0533220195601108 0.0375982746113346 0.25944649016089 0.323973115869245
0.0117289269777036 0.0220925438953547 0.242184482070898 0.0346276239337996
0.00858232808845508 -0.01996877783671 0.106562335754728 -0.0265616454365051
-0.0188735732695439 -0.0328968149057635 0.0308817952784741 0.0147265660921476
-0.0192964868603919 -0.0306223732160309 0.0220392343680766 0.0251243610387659
-0.00664925479195315 -0.0205832375835854 0.016952585458376 0.023926079577091
0.0286424278525808 -0.000394780676909628 -0.047860972242893 0.0703869505195658
0.00840027406343824 0.0521247682747659 -0.173700335690385 0.0859859903692426
-0.0436877292300429 0.0464165228646865 -0.315334821481166 -0.100058479529692
-0.0193126977694652 -0.026195525441385 -0.243910690512089 -0.370689771361104
0.032323043306849 -0.00388824166963243 0.110156204453164 -0.434574070660722
0.00987913030201725 0.104217522917443 0.0730829376082759 -0.087349111039221
0.0148546895323178 0.0679422182653711 -0.0709294675046482 0.0941756420974894
-0.0248592167040778 -0.0313583243113253 -0.261532356450514 0.349626678147225
-0.0558667500598341 0.026535085239191 0.0079137673039912 0.458370566301398
-0.000272161675181575 0.0732092698501385 0.236981970253479 0.271973903106092
0.0603352663978247 -0.000251412718572357 0.234795666933956 0.028694058643426
0.0283990460120637 -0.0534243939721228 0.107009666980659 -0.0349632597156063
-0.0157674076641818 -0.0555287759255422 0.0211491231199179 8.95267554890702E-05
-0.0257511550439114 -0.0367334932463208 0.00223739018724805 0.0113933904134444
-0.0264170427268232 -0.0121879987182037 0.00801058938284442 0.0226589919596554
-0.01098246196393 0.00855391146678428 -0.0506664668800057 0.0893597909338935
-0.0504673932527027 0.0284733134047741 -0.202527782460276 0.118203143850176
-0.0690261834311411 -0.0510296999163881 -0.375777368868098 -0.126754897752061
0.0573482069315915 -0.103985705077578 -0.245927165253961 -0.470716782550647
0.133141372027185 0.0145071301229241 0.196574214839743 -0.505119318614052
0.055804424524694 0.15788800341705 0.123727227589502 -0.120176022715669
0.0130594872965189 0.0535218574689691 0.00233671514595854 0.0925596163818228
-0.0437872162509065 -0.0142093532827089 -0.144660289816057 0.302429559297025
-0.0396636376634293 0.0548363617105395 0.0354788208286034 0.382905830530955
0.0390666399462258 0.0683401360808019 0.233507693458388 0.24832059692248
0.0797476240218313 -0.0231661236233344 0.25068553294223 0.0183865833359149
0.0357125841601739 -0.0689625066713291 0.116336121875673 -0.055877522768051
-0.0106125556529891 -0.0618297459338899 0.00872058643647581 -0.0257266916112228
-0.0280328586861617 -0.0377473356774701 -0.0183881582297663 -0.00315118712903487
-0.0412451312350107 -0.0107675859657082 -0.00859142465327355 0.0289608077624244
-0.0430978828316984 -0.00305449432908448 -0.0806885664605707 0.111255573930072
-0.07709913578245 -0.0246369716565599 -0.271664800632884 0.122579444321058
-0.0261586545231999 -0.13483389073223 -0.429943888315635 -0.21672696651925
0.152145990079278 -0.112192202463882 -0.181081613376684 -0.5964120615102
0.186153652693552 0.071389167247696 0.313221736446444 -0.536491054770107
0.0711723787150721 0.18611182098268 0.155103739004396 -0.155756935272269
0.0315502185122425 0.0470052589706232 0.0593313714102005 0.0822685651049279
-0.0155714557370507 -0.0102943999060934 -0.0698402105455036 0.258941861648116
-0.00648794716376151 0.0356914781804254 0.0587372167913918 0.338545402263949
0.0422614074490486 0.0308819712723525 0.247956307677712 0.231743838034075
0.0626078515467837 -0.0331466881225557 0.268527121393465 0.000617065538241727
0.0279097785565834 -0.0590864021937952 0.121196556926974 -0.0819752402141192
-0.00708812972454138 -0.0498093799851842 -0.00513094552502039 -0.0523234119977836
-0.0244609610116313 -0.0334148795168053 -0.0355181334945236 -0.0178383539370585
-0.0430348438897212 -0.0187139566835818 -0.0319495111195721 0.0327113595610551
-0.0465779957172312 -0.0291858004473487 -0.126980326818958 0.115771211741149
-0.0495320889287457 -0.0719466367971365 -0.342405974394241 0.0782956198174068
0.0561042876236829 -0.142569159067543 -0.431686419035844 -0.343803438587183
0.192104773282913 -0.0427064482756268 -0.0512152775265263 -0.687140987743456
0.149431308659306 0.121492409757067 0.431152213271612 -0.510724194729003
0.0496184641032907 0.162693560953659 0.170311985560823 -0.18434102311643
-0.0314983651771421 -0.0177899454653612 -0.108708466902045 0.131953530953588
-0.0643631611685299 -0.0580278594814408 -0.483864649420655 0.379832983240483
-0.109405689195441 0.00217084461846381 -0.0915725430444029 0.701977980849586
-0.081826784772545 0.0926865769909205 0.391320175591655 0.441736243550773
0.0118459408125212 0.0841584461381461 0.386714861636709 -0.0174859552414321
0.0392338091872623 0.0497041805398874 0.150155551004222 -0.127080525054981
0.0426475398917235 0.0237295020848751 0.0343175558085956 -0.0395515788414734
0.0290383084718496 0.0119765182289859 0.0408560314688118 0.0223907832843395
0.0186145968513746 0.019856921205269 0.0205320618836399 0.0483478344282694
0.00672843812876031 0.0327019247870054 -0.0864088957452936 0.0822712872045309
-0.017293174928568 0.0274603048305837 -0.21684756228524 0.0438341066743208
-0.006433918925064 0.0175476514006624 -0.255523931527265 -0.153744365020743
0.0114976122731506 0.0191563098302562 -0.13222963200184 -0.27693197281401
-0.0310898119918005 0.0223137265018316 0.01033269226614 -0.234919294299936
-0.0549963383304459 -0.0122633832912553 -0.110062799153729 -0.0558164140502982
0.018357024201637 0.0542866018918442 -0.126339240948449 0.136376618017283
0.0414866604876364 -0.0361987143921877 -0.513063966009941 0.361502043792784
-0.0442221909450235 -0.0576118270833753 -0.142090995558322 0.701641880329113
-0.10815228225568 0.0206445407341119 0.343937493241086 0.465398056794883
-0.038392454079874 0.0755293021959446 0.366325108958514 0.022808632349963
0.00781536547829671 0.0592815665310666 0.157311010430948 -0.095502718237245
0.0211614019355884 0.02981002911888 0.0449511433096505 -0.0235337966940849
0.0157959947852598 0.00636422876272657 0.0479909718394205 0.0301971741694632
0.016732903077536 -0.0028880561393948 0.0270004523032765 0.0527424589922893
0.0288818851702027 0.0028919545737931 -0.07849963058469 0.085223880242444
0.0271090504517119 0.0222154252647563 -0.212922861327012 0.0515392236502425
0.0286748046788479 0.0603645553989792 -0.265149282384526 -0.136281518286471
-0.0101671919765282 0.068062428521288 -0.155783973554123 -0.267552231157376
-0.0733881177987034 0.0358947711087405 0.0050179826804937 -0.241893974035485
-0.0719598029270288 -0.0024038403589655 -0.0933357244040604 -0.0423453360977857
0.0531503073762861 0.101487812080869 -0.145659447458002 0.121855508463904
0.106402544630678 -0.0248792391162084 -0.514462518295911 0.367726914252551
-0.000109334921567065 -0.0889108675922392 -0.125112103573718 0.682729700917671
-0.109230481150598 -0.0206990879358741 0.31630801843294 0.434470551027425
-0.0585688052002262 0.0562959140799097 0.319267591122955 0.0316128506540301
-0.0125442447875176 0.0486168517546737 0.139356449853785 -0.0645798231778655
-0.00072095056940134 0.0224534841240088 0.0448004218639633 -0.00304321196615807
0.00186224872533465 -0.0022692663484867 0.0475331585973495 0.0326129415535341
0.0137557639141432 -0.018038621326403 0.0262874041164885 0.0423445316537639
0.046166579708761 -0.015602292196807 -0.0681661055970055 0.0746588527963159
0.0570136817896182 0.0265456178372645 -0.194883113283793 0.0541549770226315
0.0399014904369979 0.0907547425075621 -0.265270837240099 -0.116403662290949
-0.0285782833766687 0.0864823956529286 -0.18086721870012 -0.268132060836612
-0.0847039143576804 0.0354166730284528 0.0143263095270781 -0.277412631177665
-0.065766416380144 0.0194268303110519 -0.0492853142075497 -0.0409862002068449
0.0612529625673824 0.10943762856257 -0.149357873833105 0.103787914578346
0.100430004113432 -0.0379624890478181 -0.460797117527697 0.385107280732993
-0.0063306412687505 -0.0832079983965262 -0.0622530773936116 0.626907254654183
-0.0936745935693425 -0.00845977768335757 0.296244607713568 0.360780640851202
-0.0395240249322913 0.0400966184226079 0.265731767182943 0.0237364037280183
-0.012210596986119 0.0210671483962652 0.113372810936159 -0.0411896254220735
-0.0150405053377074 0.00161256605637023 0.0393807744182409 0.0120646115611236
-0.0103752984374426 -0.0130752269139559 0.0391971068227687 0.0292202811288048
0.00720897648925833 -0.0217811056958381 0.0217387853477905 0.0275059065330421
0.0472620838893532 -0.0137129569308681 -0.0525265753243827 0.0632689631259679
0.052394380815473 0.0422117558086677 -0.169239053371497 0.0628743660206704
0.0105385148570194 0.0939474211727739 -0.270197127857184 -0.0926177900235591
-0.0413507632577108 0.0513695371232303 -0.214444702857092 -0.284254658318705
-0.0482745438918852 0.0137763450768579 0.036226508627022 -0.339614095921017
-0.0298177102930749 0.0555391983314786 0.00900046500299435 -0.0560311071794921
0.0460539216878633 0.0910341163082047 -0.12064681480566 0.0948769099315887
0.0410803597098621 -0.0450234884400661 -0.353825231327453 0.38187534480712
-0.0383670352028473 -0.0370767133299472 0.000519637867273988 0.532511079970728
-0.0546123463612069 0.0355452578180647 0.266769832189344 0.288460139505804
0.00655384170839292 0.0223593512771054 0.227130481984732 0.0177910190338081
0.00337664984708823 -0.0164544604830313 0.0970972970641374 -0.0304312143529439
-0.0206462766396821 -0.0255067550026574 0.0310270170738598 0.0144437862532392
-0.0205741646261635 -0.0226559914129546 0.024081490007772 0.0220466917769858
-0.00644425039159109 -0.0137480752855377 0.0165560470341137 0.0182023483638287
0.0259974540862657 0.00222020015308537 -0.0381720910488666 0.0659330205777587
0.00820838451094446 0.0543578102766208 -0.155043000774835 0.0895970893473326
-0.047293037958166 0.0471056554411694 -0.300248555272431 -0.0741764066231316
-0.0236430820869461 -0.03164239676533 -0.250278042928511 -0.333399195911872
0.0361325808218056 -0.00807338675221765 0.0791517643760918 -0.42011791556792
0.0255725386763561 0.104450630009359 0.0660862498156367 -0.0852578356043519
0.0276041197760619 0.0691183264269518 -0.0605261771337201 0.0909960086729247
-0.0184015543354864 -0.0310533929388447 -0.225942468294386 0.34557386062088
-0.0512337436231346 0.0204356100331114 0.0373995416724182 0.431083216940816
-0.000715766643515961 0.0671431359074629 0.238296125461134 0.240370031547573
0.0517356448038904 -0.00266586015817397 0.218521383532362 0.0129772409570428
0.020171074497512 -0.0507203353221529 0.096947798491938 -0.0364131474737734
-0.0197644110659638 -0.0481240396705959 0.0206739422730489 0.00284383596557152
-0.0268979822334922 -0.0283726495154432 0.00456874429365704 0.0116623674093079
-0.0247479754839869 -0.0040398656776776 0.00874009856931215 0.0196194166464598
-0.0119274837483074 0.0140522257260985 -0.039330044633765 0.0868428622147057
-0.0512852422475278 0.0358269772495536 -0.179655053653225 0.124881429475655
-0.0789307665248519 -0.046587646410721 -0.362912197602885 -0.0943186006915553
0.0462662446264385 -0.113095370191313 -0.261752135219088 -0.431008687131372
0.136007678266354 0.0036163355101575 0.157730285903344 -0.494719029314203
0.0742171868028533 0.153499698018617 0.110057613651773 -0.122334829778498
0.0245699761101165 0.0538726558690512 0.00827582148722448 0.0832880329953308
-0.0375868474000024 -0.0130366380777974 -0.11871439135146 0.291996347928206
-0.0344945449628676 0.048458770492545 0.0544207648916349 0.35830100923774
0.0390159761845872 0.061016501548363 0.232558958235585 0.2194670121247
0.0702365983055589 -0.0266781368062335 0.233747182963429 0.00333992054571843
0.0270633267846361 -0.0666651711364401 0.105040651646577 -0.0570754255104652
-0.0151466256122531 -0.0552505937689169 0.00795743748501339 -0.0195588526734288
-0.0292003855575505 -0.0301433895619739 -0.0160259416924018 0.0010392331961084
-0.0397965540852353 -0.00188783359924394 -0.00641604491634562 0.0291404555867851
-0.0441467666965816 0.00493258200590274 -0.0660599336636001 0.112698410356038
-0.0805815296601111 -0.0148368352956894 -0.247468025122026 0.135833100435176
-0.0423777896413731 -0.131790336882845 -0.425029000518022 -0.175880640244702
0.139011245241614 -0.125581161232257 -0.208376131394628 -0.557565380286131
0.190372811108503 0.0566719779796474 0.267512471095193 -0.534062326477064
0.0890424702190655 0.178716992977317 0.136472827954094 -0.160442829671669
0.0396673793467537 0.0444914771287312 0.0608346626232906 0.0676977182080426
-0.0123374962012207 -0.010681502977435 -0.0518721181084041 0.245081315223377
-0.00347992994787685 0.0295455947789231 0.0723772888267169 0.316052174994645
0.0413434429298872 0.0258388606028528 0.245345830525519 0.20448253506628
0.0549719473610415 -0.0361174839808834 0.251603722955094 -0.0138775790751919
0.0208514068083897 -0.058170843679758 0.109181340882092 -0.0821496681705975
-0.0104300532169316 -0.0458073514714811 -0.00692178663781326 -0.042726791480162
-0.0262397195480683 -0.0273754803997905 -0.0336374771892468 -0.0103801384219126
-0.0422749677914268 -0.0110393505214038 -0.0278667455818545 0.0361038349532411
-0.0492529351960522 -0.0223600346400519 -0.111076515975957 0.121264056401778
-0.0561875866822879 -0.0642508163203389 -0.31973553516009 0.0999680410400162
0.0397780818401309 -0.14537401307446 -0.436762280594352 -0.295106701767409
0.183290360752084 -0.058669610896292 -0.0911707325774417 -0.654539681229713
0.155676158853221 0.109647520401766 0.382229489311522 -0.517272404082728
0.0640788831885961 0.156376218707817 0.147539804081077 -0.189225835703858
-0.0303391472575236 -0.0174052591101499 -0.0935207420668205 0.129558748103818
-0.0658745297033979 -0.0535377127101995 -0.449329217620835 0.371931743209104
-0.105308229786102 0.0050366747648231 -0.0694579689311605 0.671547373189823
-0.0730203095116803 0.0928386528692549 0.38572319920238 0.408513850612194
0.0149395343805924 0.0800912620701195 0.369182453516934 -0.0308408137566005
0.0400432402270171 0.044810526323461 0.138600882375708 -0.128696777334696
0.0417032550014229 0.0201524742154329 0.0304567251243991 -0.0418874535736471
0.0272097407852694 0.00860272363103064 0.0391833793955581 0.0148198081048379
0.0191484725476329 0.0177542115647082 0.0198218563862089 0.0395338787057128
0.00769908399625552 0.0301495210931737 -0.0780180740687336 0.0749529721869188
-0.0144892606600303 0.0275747647373936 -0.200770543888112 0.042418396119475
-0.00436022587349762 0.0180171117971294 -0.24024888906767 -0.139061753069871
0.00943913303128306 0.0188379245956624 -0.123987479491032 -0.254653014343218
-0.0322533347694337 0.0240360798799028 0.00963254045752339 -0.216302852702954
-0.053898803612877 -0.0109319457761726 -0.101894339271454 -0.041518864563046
0.0225938303049034 0.0520829056689663 -0.110029271505183 0.134565296358354
0.0398872177457828 -0.0364423780056451 -0.476403949611124 0.356201638961283
-0.0441403226726952 -0.0579427470444913 -0.116121987575479 0.671348277880041
-0.104014163238291 0.0221773499069059 0.340549400852874 0.431824983930777
-0.0357845291785945 0.0743946827100925 0.348984792940553 0.00804226436696539
0.0090239557218538 0.0574620414935849 0.1462008769423 -0.0985620818682917
0.021419469989703 0.0284065046458968 0.0415789981628054 -0.0263339864087621
0.0152568000114548 0.00643121811746761 0.0468098789067741 0.0219328131200285
0.0167649466791964 -0.00314295934863355 0.0257431204162761 0.0432019435671314
0.0280424142974675 0.00192182732658652 -0.0711307853448649 0.0770117932410761
0.0265837289919693 0.0215805566029594 -0.197082157429313 0.0503033366808028
0.0285069424628646 0.0579172533811219 -0.248199957327842 -0.123729915217205
-0.00974317099414641 0.0647505499630757 -0.145457189980127 -0.246097694975857
-0.0701971030159085 0.0372833888305592 0.00384559023068563 -0.223643442983483
-0.0666162442948867 -0.000388539579102587 -0.0857898100076499 -0.0293451636190338
0.059935346881285 0.0978009523576879 -0.130792317563321 0.121003963715242
0.105351582811816 -0.02898039557648 -0.478023692293959 0.36166492482582
-0.00217948936619425 -0.0916316799749845 -0.0994427896381661 0.652837576215723
-0.1088080617856 -0.0191201884008871 0.313987221481373 0.400997026294662
-0.0580751846580583 0.0573620627400404 0.302632015170487 0.018268468131406
-0.0121459591823623 0.0493909399069017 0.129114170235384 -0.0673719025034709
5.56998040997549E-05 0.0238137352201303 0.0430798893785409 -0.00566540692841527
0.00176809113907379 0.000662725496425521 0.0469624859280098 0.0251146109951498
0.0136209526435513 -0.0160125949946854 0.0248193296040011 0.0339544893372503
0.0431893337823907 -0.0150462885883527 -0.0610413450486103 0.0669598003622191
0.0545106286312283 0.0250532771676896 -0.180002757088393 0.0514071070145444
0.038706552626675 0.0867121469907798 -0.248208548576071 -0.10494550671305
-0.0278764480985733 0.0805227057538121 -0.17038369014749 -0.246021506558556
-0.078586073814375 0.0357318754777031 0.0112607635136518 -0.258656590117243
-0.0568330215851083 0.0220433066229563 -0.044031789037448 -0.0300867141565058
0.0697176563334035 0.106112930392553 -0.135405374850836 0.103689158226445
0.101711335561649 -0.0420750516850772 -0.425397609594055 0.377556160248826
-0.00810415807873409 -0.0887301485320507 -0.0401101793411007 0.595833117328822
-0.0951138349426324 -0.00901363814914987 0.29133710069342 0.33161397765297
-0.0422265934138299 0.0420438149242992 0.24924634391472 0.0140584309634826
-0.0134647134318492 0.0238227732096288 0.10425747540871 -0.0427602343633553
-0.0143605697450141 0.00586943983685648 0.0382838284504675 0.010675865878638
-0.00957445569141608 -0.0078695236846003 0.0392163984066934 0.0234822701661979
0.00769457936363607 -0.0178113374229105 0.0197714128492175 0.0210501347548941
0.04439112274367 -0.0120450310508774 -0.0464891596696378 0.056081105636889
0.0499204583312109 0.041731045155105 -0.154700770050477 0.0591183711781849
0.00765061443694194 0.0904191190587856 -0.251815178773704 -0.0820335418576582
-0.04173983104514 0.0458367205664372 -0.203358870133987 -0.260537213946666
-0.0427873288608587 0.0127657127953863 0.0292398202936113 -0.3194910278148
-0.0191059951972559 0.0568667888265726 0.0101827176518507 -0.0482104408442824
0.0560060643311072 0.0894891092472119 -0.109801507763566 0.0932372796799367
0.0451170201586066 -0.0473668342507415 -0.323148963892232 0.370286365047792
-0.0374552167972389 -0.0436523083522297 0.0155701331004594 0.500529638759922
-0.0570729937381544 0.0323958419711051 0.257880977351393 0.26168596524721
0.000547785018970967 0.0239034891764656 0.210274799852456 0.0100487443462739
-0.000203461528178649 -0.0118021040108676 0.0885966578384096 -0.0303892250605555
-0.020534518558898 -0.0194155230069984 0.030614375215717 0.0149175252927782
-0.0192664456626898 -0.0159201997937565 0.0243986619393684 0.0187251394796977
-0.00451544783248181 -0.00885153479187892 0.015013885050493 0.0139369066941324
0.0242477624400645 0.00561861482350208 -0.0321038934275742 0.0588411939014566
0.00706903836852207 0.0559466831528071 -0.139726881147657 0.0855469818536459
-0.0515485927030883 0.0472174657114033 -0.280735433836744 -0.0615118629301108
-0.0276205939339789 -0.0368845902221025 -0.240330711312372 -0.305181385989462
0.0394687840038965 -0.0113607732701259 0.0662240631511363 -0.398629637282796
0.0369095405363265 0.102824680264114 0.0621425771508278 -0.0797334435404646
0.0378339193318169 0.0685711932883019 -0.0543083023573937 0.0861490501138127
-0.0118148812699113 -0.0319874644997804 -0.202666741472601 0.330921417172759
-0.0490093869020378 0.0126665701639906 0.0441297925200684 0.403261542764863
-0.00365435646061951 0.061790572917365 0.227094707830931 0.217351068465658
0.0437269478115621 -0.00176753873222162 0.201321937083001 0.00698070199986159
0.0147992559798591 -0.0459658419902613 0.0882172279625551 -0.0343704068553319
-0.0203862492993341 -0.0409741397314701 0.0210279062282444 0.00550729391938653
-0.0258354942459563 -0.0206627304549434 0.00583315325734201 0.0120363129688538
-0.0217317583729271 0.00183707846631903 0.00835782794489425 0.0173944630601573
-0.0120306103050817 0.0186250569764063 -0.0314847071559759 0.0806578388706906
-0.0514071808481578 0.0405036159010594 -0.162357122851338 0.121902463638267
-0.0861588902413834 -0.0432966639323812 -0.343743622935858 -0.0763179478443951
0.0381198130894421 -0.117795145820354 -0.256046415688875 -0.398385764563229
0.136518273482527 -0.00275445791859134 0.137193883773488 -0.473213119774462
0.084805345930711 0.148480573155902 0.1009486982861 -0.118578277950636
0.0327098371616572 0.0530573517673861 0.00932117694073015 0.0736999998617076
-0.0317088844686904 -0.0134429107217 -0.104818494291399 0.274428619838426
-0.0317730775824338 0.0402348126422831 0.0582704171896805 0.332774834026433
0.0352666362664987 0.0553826657158655 0.220636535712359 0.199161478634947
0.0624733061168141 -0.0258002557490271 0.216089625838422 -0.00159859124941792
0.0209769204288276 -0.0630844094099931 0.0958381791353982 -0.0532498034843525
-0.0166192515015138 -0.0493424289370135 0.0079861999720152 -0.0137064497280989
-0.0286931040068781 -0.0229217303229687 -0.0133503371119287 0.00439002077955835
-0.0364716727116578 0.00419706272927363 -0.00466703508733892 0.0289011734487232
-0.0442049924901069 0.0103053223366343 -0.056284739079628 0.108216780734213
-0.0815434862692601 -0.00839665862261876 -0.226700099781163 0.136936524780048
-0.0514174365932329 -0.12822053870299 -0.408478215211061 -0.151099846052899
0.128347070791067 -0.132136922655803 -0.211548735156766 -0.521538419551988
0.190181890231903 0.0479569057955414 0.24110775036754 -0.51487627227888
0.0981725630419394 0.171632285277679 0.122706426463802 -0.156577884074396
0.0452097712120756 0.042527550843378 0.0574724965767409 0.0557932012125008
-0.00920425112728105 -0.0108459562049641 -0.0443537471077186 0.226657145216064
-0.00309164996731514 0.0233860512417485 0.0723355875646579 0.292831332594993
0.038552624884736 0.0221251566295979 0.232339369778024 0.186425982430814
0.0486570580647951 -0.0352036448416728 0.233808905661662 -0.0179154761278483
0.0159906356591191 -0.0561334788383303 0.0999057624630135 -0.0770204333848567
-0.0118514087236076 -0.0416560615938754 -0.00634646984575729 -0.0344613637949541
-0.0261679931991393 -0.0225146371797293 -0.0301390889474294 -0.00492338848562257
-0.040235421289325 -0.00600552218200817 -0.0243720798627878 0.0379297493616265
-0.0492859993600365 -0.0169499393271833 -0.0992149269449487 0.120591101838339
-0.0590827283775547 -0.058275071515927 -0.298301291941575 0.106741168514053
0.0292326585827233 -0.143904705192471 -0.424806847378075 -0.265138044192718
0.17411050723211 -0.0660016913364654 -0.103227629767663 -0.619308989896468
0.156293432992632 0.101395391157103 0.35113328050346 -0.502785655419028
0.0713194742564691 0.150365583339255 0.131276816829108 -0.185490348721283
-0.0298396737072137 -0.018029812621282 -0.0842259673482079 0.125706910002284
-0.0671350607775309 -0.0512232439155548 -0.43520844848179 0.360989004977255
-0.104244171697268 0.00594094484051153 -0.065989614564157 0.651708630492228
-0.0686697160109647 0.0919097822841894 0.376556875721809 0.392745167593371
0.016478973820083 0.0782282650091246 0.357866772014698 -0.0353893437775468
0.0399344776324625 0.0419691649729003 0.131934444732176 -0.128928127303249
0.0409889145296814 0.0172646276783276 0.0281503850589625 -0.0434060173933347
0.0257299272014768 0.00717723590525901 0.0377968393987527 0.00895894157125535
0.0189326411380975 0.015334342766446 0.0179312896634923 0.0331008072721108
0.00790201257228925 0.0286433374836642 -0.0738759494415201 0.0672760131589089
-0.0124850409688753 0.027660451421797 -0.189559271468795 0.0366717378122784
-0.00293152203618756 0.0185327395261528 -0.228263717593091 -0.135349254454119
0.0077297294596967 0.0189810346195536 -0.113132114473049 -0.241747607233815
-0.0333610798777007 0.0251673468704419 0.0146655467017842 -0.203471877362051
-0.0531980792793391 -0.0114448299314014 -0.0952919436462946 -0.0319951695765046
0.0256154434329663 0.0504299539562767 -0.10027630275156 0.131829428612053
0.0397232203305877 -0.0366093753114592 -0.461033350407649 0.345418180799574
-0.0444994694216414 -0.0593795034026816 -0.109642929547284 0.652396845828936
-0.10246020768269 0.0219257495595699 0.333363492261109 0.416203302000578
-0.03552164177505 0.074325957024525 0.339026431254226 0.00363401184016476
0.00905983155097726 0.056434353297177 0.139713359713517 -0.0996656035799916
0.0217167881148831 0.0279808121591507 0.0398494081819813 -0.0289511496163746
0.0145822919202259 0.00722826191299319 0.0452640864622295 0.0161459537907396
0.0169341704338429 -0.00310174800132999 0.0239617368230618 0.0358344712771896
0.0272976704932999 0.0018407431093023 -0.0673599866167433 0.0689380990993296
0.0266336057948204 0.0219012065610499 -0.187021974519718 0.0440064952216225
0.0273444678691453 0.0574576369659155 -0.234905385850043 -0.120894829652805
-0.0113628638058148 0.0626100015951916 -0.132544900659618 -0.234966311082986
-0.0685120749241734 0.037510459406812 0.0093043515676071 -0.210745461493879
-0.0634769783767077 -1.95975024976109E-05 -0.0784227933984367 -0.0197387842415206
0.0645076929856058 0.09673360261294 -0.120703406404208 0.119576570634361
0.106495603197738 -0.0308999559055236 -0.460672636409757 0.352116048888026
-0.0028745459568799 -0.0960809603071291 -0.0924596282647074 0.63259833868577
-0.110386172963918 -0.0206057249951706 0.307153689438633 0.383897117184683
-0.0598794904511669 0.0583548656491204 0.291981671352513 0.014583953992123
-0.0127639103579721 0.0508566636084123 0.122817738565978 -0.0676552179170136
0.000931767069685044 0.0257334202942084 0.0415527506227518 -0.00716002135704515
0.00214016632156406 0.0031283314670347 0.0454089443324995 0.019924536329084
0.0138227034402457 -0.0145625473472828 0.0228353566422446 0.027899112265677
0.0421408418954965 -0.013747857197299 -0.0581359184031193 0.0590385168185389
0.0525395449959944 0.0259480469705866 -0.170798489760548 0.0453970809304957
0.0361559854736232 0.085742530453816 -0.233848847749867 -0.102820523708497
-0.0293769212437249 0.0763940001629977 -0.156584864019171 -0.235250135391776
-0.0749467137501297 0.0348718292785298 0.0153121660927312 -0.245667317673047
-0.0506672503529359 0.022816458790245 -0.0377327140109477 -0.0218748571335853
0.0765242249578079 0.106098873222856 -0.126838344660632 0.101728754494658
0.104909083689908 -0.0444328830215941 -0.407376015208557 0.365952391965894
-0.0084076811955999 -0.0942473965236723 -0.0341335508440105 0.575907557013384
-0.0985983252906277 -0.0117929524576254 0.281992288849871 0.316659131994393
-0.046034410753734 0.0439898667791243 0.23756789700893 0.0107891619389709
-0.0153027700266336 0.0269668371930946 0.0983059593261192 -0.0419552197447526
-0.0136297256444398 0.0094284819220768 0.037708614436904 0.0100302238098121
-0.00840498933800449 -0.00354148093813124 0.0386248290169986 0.0197089107707286
0.00915666242373453 -0.0147751365952535 0.017801025742636 0.0164276964803451
0.0430605757046824 -0.00977967172547706 -0.044272060108708 0.0489002738077694
0.047629374666798 0.0435821966633842 -0.145888384963022 0.0525810722201496
0.0032291278372114 0.0904482118766294 -0.236748419930025 -0.0799248225419547
-0.0441796941522576 0.040623974223672 -0.18920242616475 -0.248566104815912
-0.0378690128037213 0.0110031946606027 0.0309627232997386 -0.305938308338301
-0.0107959395085608 0.0574245963092265 0.0127566669844183 -0.0414375727679516
0.0643863522621561 0.0901367154632572 -0.103572674465768 0.0901217492909995
0.0504025070749534 -0.0498566576357485 -0.309013988332012 0.358132430388243
-0.0375418626098046 -0.0511910169860125 0.0173373231977244 0.479803173251774
-0.0614065697463103 0.0283869511202794 0.245705908736322 0.247560763466208
-0.00452087349422824 0.0260606868042921 0.197935368114831 0.00906836583911761
-0.00293923884907491 -0.00796726823292053 0.0829214195363898 -0.0274060740011645
-0.0200498084374417 -0.0145479281177055 0.0310476103165671 0.0161626898231889
-0.0176908034032007 -0.0102990630391419 0.0245735263969939 0.0167513324000679
-0.00220239195206061 -0.00455132853296744 0.0134688170237601 0.0108036391165398
0.0231026730948783 0.00913045394646139 -0.0291195266214599 0.0525773882538457
0.00520444043859281 0.0589467687527656 -0.130910605504274 0.0793161024651607
-0.0573078505635071 0.0471123692458369 -0.265418620920021 -0.0581636281283591
-0.0314122268509589 -0.0421626582905111 -0.227949662988621 -0.293079627102673
0.0439244820846677 -0.0141580674485437 0.0650389712995179 -0.384424627170916
0.0461215292950187 0.1026431912515 0.0611628867602363 -0.0747258598292378
0.046614432604245 0.0693894129115839 -0.0515526264454976 0.0805585124304167
-0.00606854058708078 -0.0340720695133003 -0.194821780297887 0.316423685461314
-0.0486706676797329 0.00488678818095599 0.044218071469354 0.384068975831444
-0.00818148145419663 0.0574866019814274 0.215754378330622 0.206233318526475
0.038217621988695 -5.92554700644381E-05 0.188321936655481 0.00749864681360714
0.0113886321643398 -0.0419279676425876 0.0827857290846413 -0.030410148625078
-0.0201945315188703 -0.036203698558155 0.0217890943645144 0.00847718509053225
-0.0242669724827277 -0.0156125650444277 0.00672818654743208 0.0126598130737238
-0.018654761128604 0.00677579884160967 0.00751138358774039 0.0159971762030615
-0.0125532394821462 0.0227979162159112 -0.0275254485426457 0.0759213578203323
-0.0529993478042903 0.0447386540409068 -0.151667683544568 0.116906901679514
-0.0928552225216837 -0.0419046975829692 -0.328103604055575 -0.0690154176436546
0.0333843519431533 -0.122996032255894 -0.2450710153272 -0.384553722579506
0.140198260267878 -0.00589901319157723 0.133029033196854 -0.459503232992041
0.0926916588079095 0.146858678955451 0.0962495454071604 -0.114701661504013
0.0402129654073093 0.0531714841828692 0.0086004419066145 0.0663648590553716
-0.0269278624749239 -0.0151990477750673 -0.101314846274556 0.259748911587211
-0.0322224202548482 0.0336088911566382 0.0533867234349449 0.316767261781019
0.0314891684493012 0.0519637350872739 0.207048287767671 0.190056334750931
0.0569249873111592 -0.0241015801014685 0.203031673029898 -0.000718939342048892
0.0177966632063436 -0.0595738626774511 0.0900705468077524 -0.048275540109267
-0.0164517333177433 -0.0456530013701396 0.00964073260026828 -0.00895162419041726
-0.0274240791150266 -0.0182692126840927 -0.0115868129993717 0.00646581941390431
-0.0335916238901363 0.00883030748905295 -0.00431686197105348 0.0295075478451142
-0.0441474453870209 0.0145954908163275 -0.0509402645744414 0.104837736557017
-0.083190368542745 -0.00404055264196159 -0.214049067416013 0.134905562013347
-0.0590166934833727 -0.127007807592617 -0.394758951610266 -0.141366931009916
0.123732800081795 -0.137108904923949 -0.20546594413141 -0.503738471324528
0.192608015190036 0.0448384004405657 0.232234591224024 -0.501331667798539
0.10485990711164 0.169738955859305 0.115675161136432 -0.152859377058934
0.0498096057118125 0.0413902336269851 0.0535064540227664 0.0475234534285221
-0.00698013423454127 -0.0117834005469291 -0.0442914367148268 0.21292829472899
-0.00409832046982444 0.0187265192609386 0.0650541771937652 0.279051036888157
0.0362207823989877 0.0199825903322188 0.219807228757751 0.178711329282026
0.0449248717899807 -0.0341718684072364 0.221853728019826 -0.0163166232051411
0.0136575003743399 -0.0536438020530238 0.0951737907352607 -0.0711509708805578
-0.0122790243870056 -0.0390464549351388 -0.00436553917925799 -0.0280945279335503
-0.0250371461158426 -0.0187974488470895 -0.0272408196859554 -0.000868641959494629
-0.0382650747588955 -0.0018601484914486 -0.0228250504902772 0.0397489638721666
-0.0504799041978142 -0.0135406559195697 -0.0926045215027984 0.11904039911193
-0.0611918942777258 -0.0544232597000471 -0.284410263218126 0.107837877314746
0.0228589990019058 -0.142891674321379 -0.41533361105282 -0.252812358522615
0.170400920402908 -0.0700943935384314 -0.100033000909005 -0.600885625560504
0.158393783994911 0.0991936949764603 0.341445280281056 -0.490488734047329
0.0758511339832229 0.148341717073927 0.121958655874293 -0.18124543845076
-0.0324513692262429 -0.00607598392078575 -0.020220315738534 0.146570423004235
-0.0731866591069271 -0.0180383833976439 -0.240296760581279 0.510945051809816
-0.0854944658294778 0.0420109292640795 0.216666724242538 0.618508967161734
-0.0209553377714958 0.100775804062922 0.512083604436785 0.195102366940582
0.0432857357281101 0.0592599131117403 0.307490962732309 -0.19014420169671
0.0518712051161102 0.019568656846431 0.0611100061113604 -0.175363994430749
0.0434924448820005 -0.00298410136129252 0.00616732599950069 -0.0539478146463581
0.0250763015663937 -0.0048966988823215 0.0354104657984947 -0.011703157057418
0.0233091620389453 0.00502146806385483 0.0266661332100323 0.0177767597479653
0.0195599367353429 0.0225519689847347 -0.0389458487187908 0.0876616957886232
0.000855085422160099 0.0318321828102502 -0.154563661802787 0.107211594689259
0.00381101983697671 0.0171763773731572 -0.258587383917282 -0.0280095410600149
0.0135510204657078 0.0129549217771995 -0.19372224180407 -0.168603770642999
-0.0200991024832256 0.0374452397693449 -0.0654618151034862 -0.18814563347916
-0.0568849905114781 0.0124600400648959 -0.0905558282868919 0.0140086238424158
0.0483232418565235 0.0346439693338025 -0.0277037738459799 0.159584092227114
0.0309440273530373 -0.0499733127991599 -0.269779270073748 0.505844606121502
-0.0576990574609627 -0.0436049806343085 0.17436990003034 0.633489631959602
-0.0827720013580039 0.0526553270212018 0.477918385690027 0.233340093271739
-0.00571500962813502 0.079312751122668 0.305185643153474 -0.14423748282647
0.0306891877828499 0.0480179823371848 0.0806608431165056 -0.151084475600209
0.0314240220950502 0.0164764947275749 0.0230722910148119 -0.0447488729562916
0.0160121541632717 0.000732256206487049 0.0448351072094239 -0.00894310433291113
0.0142401811258604 -0.00985135732216585 0.0337855209771405 0.0178163057416621
0.026182604144451 -0.00966333353919105 -0.0322210615583006 0.086249063539272
0.0342587864370177 0.0100205992532975 -0.149064867654169 0.114612020552176
0.0463140743084564 0.0398041232859862 -0.260458845880709 -0.0095098933937718
0.0135867755508066 0.0600328988497422 -0.211626926101859 -0.155126478365599
-0.0457216051043077 0.062086159530302 -0.0744598673292757 -0.194906645295298
-0.0578427613991738 0.027286304918865 -0.0708435344694294 0.0166562990790856
0.105415219626919 0.0614204706057064 -0.0501579709194969 0.1564838532175
0.0960133976200641 -0.0741720746748495 -0.264662521716082 0.508861731496527
-0.0359436940104819 -0.0962933830012212 0.180527171797559 0.602831352374478
-0.110401055074645 0.018796463730222 0.437120584284557 0.215867786275981
-0.0347456664673837 0.0770690951109597 0.266066961823476 -0.112164506123992
0.00882335068229713 0.0535238901518128 0.0795183800490895 -0.113494814519924
0.0129995147966715 0.0250068644305325 0.033992375455967 -0.0252716174646536
0.00517707172322083 0.00369228828513688 0.0480333125798653 -0.00585534599796603
0.008292968950834 -0.018610478861112 0.0287946265445141 0.0110408860202012
0.0331676885184357 -0.0292871311424971 -0.0279893561312868 0.073728533565607
0.0599438851474532 0.00423115433887454 -0.13401793327497 0.109587903305907
0.0643962669837514 0.0637297405000592 -0.253529701867158 0.00638219718320351
0.000786912539998578 0.0797269008027399 -0.234191307658274 -0.146506629056955
-0.0514280780448303 0.0599972626438174 -0.0839927701945986 -0.229691314206013
-0.032004171397857 0.0422936522520065 -0.0369585459339257 -0.00254857226271897
0.122431377294933 0.0658886674526107 -0.0637915847290911 0.143182186420725
0.0898120758414397 -0.0883399107568161 -0.211425550005169 0.498723614370663
-0.0426749155695258 -0.0940966425652548 0.20641964730458 0.526495735669259
-0.0986646107710848 0.0231974839111466 0.383320168215426 0.164035146266429
-0.0287659596700979 0.0601604425840574 0.214488101249094 -0.0900564795420501
-0.00318807129644831 0.0344538353189267 0.0681470416355171 -0.0775594394048503
-0.00620871216551889 0.0173117570712551 0.0387255813161469 -0.00684632224612909
-0.00650460986939709 0.00321179196078921 0.0422234042582072 -0.00179420240082468
0.00469010308041396 -0.0160647035730303 0.0200772251178579 0.00440983901753746
0.0363675862260074 -0.0249054180429865 -0.0198341083618788 0.0585980708502609
0.0628733238243243 0.0235936547675511 -0.109049140308347 0.105506197035426
0.034687501023034 0.0829291615580511 -0.247468330625495 0.0265970280945384
-0.0304411270307802 0.0508261274326137 -0.268289272187219 -0.14455193592723
-0.0270054901275158 0.018972051768211 -0.0950735141429093 -0.288574851185352
0.024084211613079 0.0555722405564756 -0.00368863140724653 -0.0403862079111301
0.105987333552678 0.0561143436511419 -0.0502775670135932 0.122854493552154
0.0376172400167012 -0.0727073260223727 -0.127637263881479 0.448942491060614
-0.0539707321904767 -0.0433081827259895 0.214320147252138 0.418447113968195
-0.0496503656732519 0.0456330808442917 0.321135676994094 0.118815344530585
0.0010195106446464 0.0278122578500795 0.177122028836923 -0.0743670040361762
-0.00688471535579866 -0.00221967724320621 0.0607906847892415 -0.0571640658190853
-0.022048017514367 -0.00111542407443826 0.0356828712419535 0.00201986312419192
-0.0174879520030197 0.00109178462713515 0.029663397525217 0.00301511220513182
-0.000511258543048317 -0.00136568781288418 0.0143194767647019 0.00256836852648923
0.0267546348237755 0.00190740393977391 -0.00399654306547856 0.0557823183986568
0.0301775991209556 0.0577154773091657 -0.0837548763972675 0.121904410739152
-0.0407101155024873 0.0721280698960856 -0.262680269024071 0.0548896379295397
-0.0547989875413179 -0.0332619132251658 -0.319376875019875 -0.166414713165848
0.0391268904684635 -0.0417731722782723 -0.0983524005840774 -0.369909176444884
0.100054632637486 0.0707984852127667 0.02086272274225 -0.0891704302364227
0.0801114403365648 0.0432729132330226 -0.0104756358383183 0.0916226264395097
-0.00924656833429179 -0.035965870904131 -0.0422301238606371 0.362554762457346
-0.0429264563943955 0.0141218603268383 0.196095027240711 0.32399559636434
0.0106618020722704 0.0502340710002083 0.277014552692741 0.0949822139136424
0.0295514199254607 -0.0133383034334903 0.167433509299886 -0.0716975334556226
-0.00877883523946695 -0.039265178927139 0.0598024586828812 -0.0589581539577206
-0.0314248088436081 -0.0206163007177527 0.0251888153830429 -0.000398504798888541
-0.0255058407202835 -0.000858081942329508 0.0129842270110684 0.00785296969430114
-0.0101325336421639 0.0168564754560565 0.0128650867951771 0.0104854037539525
-0.000513341840432705 0.0312938716538034 0.00835514834966288 0.0762160646953248
-0.030693382478434 0.0705613702551626 -0.0838333978539446 0.163553352638414
-0.113879101829193 0.0061827350425457 -0.320103808908807 0.0700799510185804
-0.0292099557434275 -0.138729118072255 -0.373150651248825 -0.238098390410926
0.133189144457885 -0.0772371331277036 -0.0712431649680752 -0.460759039458486
0.164972630785241 0.0907545053515208 0.0301046586645801 -0.138414172845136
0.0656737217308461 0.0296956793206252 0.0350163294794448 0.0523733376604118
-0.0231987287099994 -0.00928684058229168 0.0156839050241443 0.272683734564625
-0.0167120498164946 0.0352780240592869 0.176345360935345 0.260419679844028
0.0451016560915372 0.0286060399144817 0.26451111921441 0.0832836219488147
0.0368656231273304 -0.0442986891919372 0.177095650589038 -0.0862773690829356
-0.0106505401357164 -0.0590263738430577 0.0592342650793264 -0.0790064698443822
-0.0328654359108065 -0.0313386101475184 0.00736012088413494 -0.0103407871690273
-0.0296947066648994 -0.00270111060131087 -0.00484705236733571 0.0117514973013527
-0.0239315664774618 0.0253648397721365 0.00995967051359867 0.0281394883238789
-0.033520501749681 0.0373608412329444 0.00107817699786426 0.114043678533145
-0.080649332177663 0.0385268694287374 -0.129491346545928 0.206618609171951
-0.121276683492116 -0.0877758968950054 -0.405228156985259 0.0356118340741289
0.0510652522600777 -0.191908152575104 -0.389577503274916 -0.359425815438077
0.205637976033733 -0.0519164585890934 -0.000988113004442807 -0.539839034323019
0.184631648804519 0.106634875045797 0.0278247226531094 -0.181032615746947
0.067045112514986 0.014691023034675 0.0653954870955064 0.0152066820319947
-0.00661040032290015 -0.012653657016767 0.0452961930983189 0.205995383767393
0.00301883675107345 0.012141875311642 0.169847796229472 0.221499850622942
0.0376768466715967 -0.00217503290345125 0.270486221458298 0.0677542235510047
0.022689717691325 -0.0493591858059908 0.188121305696438 -0.108575598113567
-0.0123300694813232 -0.0531574515481571 0.0538839123604667 -0.101299418756699
-0.0269890090044241 -0.0289971605845319 -0.012738508374717 -0.0212040151072244
-0.0294881324017433 -0.00475532768816261 -0.0216321238884671 0.0130991857789633
-0.0337316601050083 0.0166627258802843 -0.000460425640219887 0.0468727478120671
-0.052104589300489 0.0124028740980054 -0.0287454240873471 0.145960019848823
-0.0824230614581685 -0.0197204600156278 -0.203238018221796 0.215810860579813
-0.0519679122731085 -0.14180119158322 -0.46999011645936 -0.0511819105290036
0.127152083370526 -0.149216473472074 -0.341562931663865 -0.487776865598646
0.1986246035325 0.0156841775593324 0.0991264838915959 -0.57635604043116
0.144918119978967 0.0998212955952171 0.0217948570594577 -0.211036458201674
-0.0343859740329417 -0.0062602990752925 -0.0112322401298028 0.145066321801811
-0.0762915564488094 -0.0140707738001632 -0.231804016560364 0.519286364103999
-0.0867210762206866 0.0466362119779047 0.232923271303617 0.620591806107241
-0.017245287570024 0.102620922376578 0.521482802463544 0.180669552007099
0.0466854907466264 0.0581474444518456 0.303483541115563 -0.204501005171894
0.0525375443127397 0.0171177188941117 0.0534525464572385 -0.179809947242853
0.0430733225688941 -0.00621793829732187 0.00238692083599018 -0.0566649407929303
0.0238044513490012 -0.00577657972525082 0.0323516943048251 -0.0165938219670751
0.023103862322349 0.00291808610588098 0.023421715275067 0.0129299116083317
0.0203600849298028 0.0218592438219029 -0.0393225510609757 0.084152675743883
0.00295880707951073 0.0318581945090056 -0.153580629519611 0.106692196709237
0.00617373570185431 0.0176551743471678 -0.257444199015517 -0.0253807958472015
0.013528278064538 0.0147936819111101 -0.191051010813299 -0.167389569614313
-0.0204332463988548 0.0410106972605078 -0.062563351944052 -0.186216606386554
-0.0592083577267638 0.0134630538931566 -0.083004604968313 0.0220567059589473
0.0525709119277057 0.0327211013326043 -0.0182819256579678 0.159144952836508
0.0305093447270789 -0.0523344243572899 -0.259618031141176 0.513939649606697
-0.0618455055611114 -0.0445701873968458 0.191693217900691 0.636800527842136
-0.0847462516432544 0.0556461897142874 0.48969935345447 0.221668321782223
-0.00356319089037917 0.0818560515576469 0.302618806440187 -0.157944535595414
0.0327755456799495 0.0486015849734708 0.0741362225496709 -0.156208934741468
0.0332602911250218 0.0158510221982301 0.0194410759478071 -0.0478384529891923
0.0167123690886667 0.000972102046570638 0.0424747401407141 -0.0141841281620152
0.0140633463751054 -0.0107870498018099 0.0299485081879843 0.012754326248685
0.0261071515345586 -0.0104391373108202 -0.0334933757236647 0.0827917568529842
0.035773483453704 0.00989692972114065 -0.148225242708262 0.113755641790003
0.0487328742578952 0.0399402327544269 -0.259219916726675 -0.00816918386276285
0.0137951942656023 0.0617083957609871 -0.208897656532521 -0.154114095794745
-0.0440924451706698 0.0646575737787199 -0.0727194559604769 -0.193140574104846
-0.0566284962852677 0.0283626369983133 -0.0622413252760701 0.0230900535704011
0.114723487671345 0.0580053793487566 -0.0409502606076219 0.1577129538258
0.0978537109287726 -0.0815065274629478 -0.253589856937565 0.518086008196101
-0.0431447383921413 -0.101357422932783 0.196341409054984 0.603961678973552
-0.116837921211026 0.0221849956859248 0.445827199030458 0.204326674559506
-0.0346257465357589 0.0829870007004146 0.263593759020376 -0.121682964947672
0.011040899991876 0.0569220841174147 0.0747553930398279 -0.116863051719938
0.0156700595559137 0.02663085956389 0.0332376377335844 -0.0276098730283101
0.00729378468763632 0.00507200210962509 0.0455888173077164 -0.0103062739296553
0.00867803202180559 -0.0187767020421635 0.0255011458652911 0.00747060127305238
0.0329848448952113 -0.0301046199024337 -0.0295806502403865 0.0704835231525119
0.061589385596306 0.00354117078649149 -0.133434163844776 0.108194248484474
0.0662921428208483 0.0648747164300855 -0.252450070820497 0.00697571206466485
-0.000445986448933875 0.0807159131853864 -0.232112180405688 -0.144689682165662
-0.049763336397811 0.0606231595315987 -0.0834294499775421 -0.228760480935939
-0.0269674702757767 0.0414592882519598 -0.0298510816743814 0.00248300616850125
0.134366288602398 0.0614265497146095 -0.0564644959583675 0.144411017350344
0.0924301867675659 -0.0973790329628414 -0.199365147233952 0.505189396628676
-0.0509795650997723 -0.101075617197202 0.219555177323323 0.521927678680055
-0.106901965527799 0.0265938572420074 0.387985597700741 0.154051348758336
-0.0297666864353956 0.0669902902315929 0.210071557337577 -0.0960749104951105
-0.00178638525254814 0.0387740808116889 0.0648275641933217 -0.0783062045239597
-0.00362138908181481 0.0208036744780227 0.0395027601306808 -0.00799480304575191
-0.00361188159177467 0.0057744322808484 0.0410402547642485 -0.00557483183114356
0.00656458104251023 -0.0153709625339918 0.0172114977299033 0.00144250111776013
0.0374867105008886 -0.0246046994874226 -0.0212721400693097 0.055135053640643
0.0659823505382725 0.0250100965889313 -0.107486030203942 0.103506921069534
0.0351718407720879 0.0876134464867116 -0.244468315629273 0.0276679722146003
-0.0344544028225664 0.0510606899499355 -0.267000184417798 -0.142102914068416
-0.0252037390801884 0.0159675127475258 -0.0981298655458985 -0.28767005782515
0.0334935097084097 0.0524792427399344 0.000901614112807736 -0.0374814419570229
0.118249893025778 0.0513310163243809 -0.0455129055109746 0.123095697675338
0.0400414511131952 -0.0808298034535705 -0.116085571835122 0.452179524948733
-0.0612676605472675 -0.0487209057266017 0.223541848194896 0.414270523851513
-0.0560624926979337 0.0487779309022577 0.321016539316639 0.109737453681647
-0.000264250132674033 0.0333189254878045 0.171728814404724 -0.0764980021271248
-0.00714014458720491 0.00202355488066908 0.0588004933974535 -0.0554796991833584
-0.0201392128183931 0.00289892650896972 0.0384802204074924 0.00188666187154605
-0.0140440701812798 0.00450251344671394 0.0297446216026822 0.000408074900768094
0.00304378313461927 0.000328470520906391 0.0124773930381229 0.000490213389954697
0.0291956571635011 0.00431608038692532 -0.00443155607661545 0.0521916949714519
0.0332258971870931 0.0621604399881132 -0.0798761548799177 0.119161286901631
-0.0442012826304244 0.080394673708844 -0.25919619740896 0.0581432245361105
-0.0638569264608733 -0.0351272758419155 -0.320123543655154 -0.161776634423008
0.0412714290742729 -0.0495948350930265 -0.105183932046343 -0.37056323701703
0.113231338034146 0.0651774658585017 0.0214793109863605 -0.0877111346956891
0.0916768234944826 0.0388710050798809 -0.00922249617664315 0.0897905429537053
-0.00719761855808557 -0.0417571281086772 -0.0353311685289647 0.36229393079536
-0.0481883610330645 0.0102440894730827 0.200228270661475 0.31866970377079
0.00648098129551789 0.0518751240360347 0.274170243015155 0.0896740186964016
0.0279996661208058 -0.0101739084715139 0.163127978584071 -0.0711798094033398
-0.00999616430847514 -0.036027819896711 0.058967452115622 -0.056443635764911
-0.0303543861812596 -0.0174148168129283 0.0279710664444012 0.000418337793371965
-0.0219588697549739 0.00286762813309329 0.0142948385815465 0.00783684423329896
-0.00569342641996756 0.0195177338954491 0.0128598314278068 0.00954207859982581
0.00222395381221926 0.0364001460163698 0.0110655309571008 0.0731758688436254
-0.0288844660323787 0.0782977486337159 -0.0771598133308739 0.162763986021114
-0.122687226250493 0.0150658740818361 -0.316303700926662 0.0779708421043693
-0.0407598067887504 -0.145028572147235 -0.379289302731133 -0.230147981314353
0.136890638698403 -0.0891617847573334 -0.0827111753765368 -0.462924925369319
0.17977516107652 0.0844679002804149 0.0267963301718822 -0.138040923651965
0.0751665308302415 0.0256870259901691 0.0331270291753582 0.0478547044189407
-0.021104028486076 -0.0125741637795708 0.0188344165904602 0.26857125806701
-0.0201696004892827 0.033433675596671 0.176392256947091 0.256275974856596
0.0425966940183732 0.0285884298201027 0.260961915234347 0.0799055937300646
0.0347049712099523 -0.0428627162105241 0.17264529308787 -0.0862408161544822
-0.0130409754500864 -0.0568919858288502 0.0585509597307344 -0.0763671758858417
-0.0331606546463224 -0.0288101503883531 0.0107144934039977 -0.00815176700628782
-0.0276056616126119 0.000675137528514987 -0.00198168108639346 0.0132920985456785
-0.0193614557137977 0.0284995421698214 0.0117368441948955 0.028671440750223
-0.0320968581977192 0.043909163682412 0.00710339288812647 0.113069106707084
-0.0816540755581324 0.0466510870605834 -0.120948720287032 0.209964099636807
-0.133024191478027 -0.0830365001981868 -0.40520687536285 0.0489010441488971
0.0415948670480019 -0.202370229172865 -0.401020587179909 -0.353204845726792
0.212276617498976 -0.0638290684735878 -0.0146424068185347 -0.545292488863769
0.199092731128475 0.100028697105907 0.0210590181735171 -0.181324281117075
0.0733969583606593 0.0104780197497129 0.0610067040575561 0.0090252187106369
-0.00537130217338682 -0.0140458423940288 0.0453116898990088 0.201191956170235
0.000173042819901732 0.0101353495179697 0.168327262450939 0.218622888555107
0.0357568934230104 -0.00354986184944238 0.267922317980427 0.0639638705417603
0.0206036710791807 -0.0490544298036961 0.184091912984148 -0.109784945182369
-0.0149691101007536 -0.0518887865610775 0.0523898972649357 -0.0996561244189576
-0.0278134221350913 -0.0269731140969035 -0.0090809818850427 -0.0180292833546334
-0.0278817192465785 -0.00246525209848518 -0.0181159664784594 0.0156042076499773
-0.0308130822274951 0.0199619064391761 0.00298095081109477 0.0485738225547617
-0.0529769099767562 0.0183110678792259 -0.0220500329076319 0.148023844324654
-0.0863481524776794 -0.0142592940621944 -0.194793363629006 0.223418694196614
-0.0626229025251338 -0.141644094613909 -0.474558825497162 -0.0342103880425372
0.122413508004555 -0.159279277176957 -0.355978084853737 -0.485361453591025
0.207059542367878 0.00788585021797852 0.0857672537683423 -0.586259883538817
0.155723103055618 0.0953851862393647 0.0128344602885339 -0.210798368259442
-0.0355949586936527 -0.00439460728796777 0.000939123257792816 0.141090812642372
-0.0782070088771346 -0.00788226429689761 -0.207752965128269 0.526707878700895
-0.0847730217942839 0.0528058095749087 0.262588571409084 0.610222641484822
-0.00976265700294621 0.103335927324984 0.530508494651842 0.152446378535752
0.0515820879093083 0.0543675392505719 0.288962482256269 -0.223429531821996
0.0539864192886092 0.013063378385419 0.0404348925361717 -0.184251789472782
0.0417686689517984 -0.0102687057420375 -0.00388023202082228 -0.0580993532062693
0.0219375618197499 -0.00725892111016183 0.0277326521671266 -0.0213001554551063
0.0219119769946639 0.000556829981134429 0.0196003776044013 0.0078902362823612
0.0216423340817541 0.020088975544474 -0.0376404932285304 0.0807072315058706
0.00553696814353103 0.0310343049370812 -0.148371631347994 0.10863315299605
0.00861875201739172 0.0169182171234568 -0.253464407049021 -0.0174636310889215
0.0139459374301576 0.0161587772701157 -0.189948925352667 -0.160694652652419
-0.0184458301123994 0.044192985079038 -0.0640193922660896 -0.181134777664534
-0.0607921094207896 0.0161082273430652 -0.0725369152724242 0.0300301146049731
0.0570621551209357 0.0283850075356543 -0.00447360699970889 0.156522262270437
0.028658428577055 -0.0551855353966946 -0.234558254685172 0.521723312301073
-0.0665078147279324 -0.042627764383861 0.220119987928947 0.625271493300305
-0.0842192546342219 0.0607379378261644 0.498282711148286 0.193794124720108
0.00110498575987564 0.0841370466129602 0.291033800801737 -0.175572605680748
0.0356581178057688 0.0478254646786127 0.0623053203840744 -0.160815828935896
0.0343779658644823 0.0142467212853403 0.0151433650408957 -0.0499609512529315
0.0175308930444186 0.000714518231512111 0.038027494201579 -0.0197923969994993
0.0131357267001006 -0.0115246281880808 0.026190362155052 0.00721747720967133
0.025258787622004 -0.0119363368845818 -0.0323013794490993 0.079879016227845
0.0370998708306847 0.0082152012778086 -0.143373447370709 0.115271811254117
0.0512223838176831 0.0384162088147246 -0.25515791497879 -0.00041810356504698
0.0158204479914424 0.0615370191299505 -0.208115713483967 -0.146984443111136
-0.0404967612829184 0.0677600434211575 -0.0739679586174974 -0.1881078762564
-0.0547506241120638 0.0297462976026783 -0.0515963925380343 0.0306059989639484
0.123238132394689 0.0500917322837695 -0.0282855204167976 0.156117174058683
0.0961002130722595 -0.0905714517503132 -0.227599428986654 0.525807184165261
-0.0522587363567281 -0.103927598468272 0.224499847149232 0.591929704510962
-0.121187447443922 0.0296813754465002 0.452915787996808 0.178660866329262
-0.0312515917517975 0.0887236178212295 0.253251567207504 -0.136477538509619
0.0149022299967658 0.0591385233772006 0.0656772116843568 -0.120425948477192
0.0189650971809191 0.0271891988396798 0.0304080304528646 -0.0298808625757821
0.00946308783311887 0.00605869237567806 0.0418915535070584 -0.0162401478460974
0.00863507550841787 -0.0188047892952778 0.021288683927767 0.00303888543533266
0.0317355408396106 -0.0316065883352635 -0.0293506568272964 0.06726148546098
0.0626108121445746 0.00131811934755496 -0.129078709148022 0.109492431445532
0.0697676581002381 0.0636917395615345 -0.247781724811303 0.0141021158726417
0.00104425300954607 0.0814649879513506 -0.230776477702128 -0.137451948005847
-0.0461334032500896 0.0615735789267996 -0.0878165121797843 -0.222897538089148
-0.0207526062810629 0.0402760527517982 -0.0213660773674976 0.00701755532233575
0.145493257565294 0.0514502064457389 -0.0447750034462574 0.144831235073036
0.0909651816680866 -0.107995489496298 -0.174517116168717 0.510569170313528
-0.0613216963506078 -0.103908814293523 0.243708611084799 0.506458811323641
-0.112174683710312 0.0341314114970714 0.390569979380708 0.131522292358937
-0.0279793758282316 0.0738478586242304 0.20035205860306 -0.104275938252329
0.00109185338373517 0.0429237506039809 0.0589653045431113 -0.0792673613116541
0.000135589474337092 0.0234246286129632 0.039618599892321 -0.0106462412375296
0.000258556181132304 0.00798361621240608 0.039185363724507 -0.00993470578597992
0.00803794575477823 -0.0152062900380677 0.0131591293761134 -0.00174619846184171
0.0372575376478316 -0.0254163251271951 -0.0213836314206463 0.0515110421293039
0.0681143832652556 0.023951023757124 -0.102430632721525 0.10266814983385
0.0382058380990444 0.0905285077135108 -0.238464399719691 0.0336370932527488
-0.0371468984393459 0.0525798793403534 -0.26667038875176 -0.131644433223263
-0.023212291880342 0.0134982099253935 -0.106334822619791 -0.280953728975487
0.0431648749516216 0.0469435989721968 0.00541685562191612 -0.034437501532735
0.130478753148989 0.0421576031195791 -0.0370944016659656 0.122562017132398
0.0391599693961353 -0.0896889159347988 -0.0937454663581126 0.450536496834189
-0.0696953555551734 -0.050965306849299 0.239021655108058 0.398218920264506
-0.0607066821214919 0.0540742735509416 0.319145378443786 0.0935545204385883
-9.16365026155507E-05 0.0386002164343355 0.163402841675556 -0.0805824380207795
-0.00607897381992612 0.00645363153671706 0.0547930444949649 -0.0543347766718829
-0.0174386267952659 0.00706983586410388 0.0401695681887213 -4.69069229351453E-05
-0.00945773566124591 0.00734126361913044 0.0291202381945643 -0.00190572101361073
0.00675955623773501 0.00144837377588571 0.00976127596618166 -0.00139382348556337
0.0313979722278384 0.00567807282806277 -0.00329082559696552 0.04752420650396
0.0380721923774475 0.0646710406908575 -0.0729247240876882 0.116864790014323
-0.0433318212196076 0.0887713429109729 -0.250354728726479 0.0663976192135123
-0.0731160739830435 -0.0345784332878075 -0.322011576700593 -0.146106060728743
0.0403998005111068 -0.0580439848556155 -0.119579731661821 -0.3611630906514
0.12541733290404 0.0547504705834439 0.0205061796764305 -0.0852316943160274
0.102399279050728 0.0304121579983807 -0.00547015930397149 0.0872813449958472
-0.0061758120960164 -0.0473945284509292 -0.0200999632540165 0.356415291339727
-0.0531455234787587 0.00874368835459874 0.209064615883946 0.304534488991625
0.0040300694478239 0.0532281565417576 0.270146033748974 0.0771057466870732
0.0256782014560958 -0.00754157415647667 0.154116319758624 -0.0736741612212487
-0.0120747944519602 -0.0320427686019653 0.0558170638303293 -0.0547004383269726
-0.0294105083303509 -0.0126865271062501 0.0312669929964545 0.000827203331748336
-0.017505806102625 0.00637650734191726 0.0157392466620663 0.00717110611475562
0.000127921456677451 0.0213508469881305 0.0123318734973236 0.00821416580253313
0.00677112026417312 0.0402290190729014 0.0148420137981738 0.0686880711446509
-0.023727043333764 0.0853192388518103 -0.0667761626551054 0.161328870106115
-0.128250018996602 0.0275963312074085 -0.306213893798002 0.0926369637888783
-0.055977110742801 -0.147530765927 -0.385853203133397 -0.211257247098997
0.135437624058185 -0.103525778083031 -0.103869752135304 -0.456404033162451
0.193554707563636 0.0700144055117158 0.0199915915925455 -0.136108676535247
0.0839718509064835 0.0183850857646452 0.0316762628912411 0.0424835484297494
-0.0196231366029552 -0.0154373862207749 0.026989336841415 0.260823002473856
-0.0224992707357067 0.0317451900310372 0.180441479102221 0.246006012779567
0.0404603347047739 0.0272661733595721 0.256589010529676 0.0694491766851814
0.0318443442212261 -0.0426470188099732 0.164438401426675 -0.0884677074424023
-0.0167605791149243 -0.053836439578359 0.0553289760944375 -0.0743633220161317
-0.0331844047708836 -0.0243543962244126 0.0143634653469359 -0.00688046105651354
-0.0236345787579967 0.00391564490671408 0.000749725649688564 0.0141858742768105
-0.0136549505614137 0.0315920674392216 0.0143317114827232 0.0279424704611161
-0.0280439216870232 0.0501175329315879 0.0145660134413893 0.109737466754589
-0.0794108701121492 0.0562016214759725 -0.106502817485394 0.212833120602777
-0.145272291078418 -0.072000555131248 -0.397447646072098 0.072469851282033
0.0251634064725063 -0.210424651749384 -0.417138311262608 -0.333567201180759
0.214339948698229 -0.0812477201282593 -0.0414414909360244 -0.544592142849097
0.212535817024624 0.0854858970555277 0.00970433296194379 -0.178439002033773
0.0788069474970433 0.00333318864692632 0.0551338895936106 0.00168250716889107
-0.00439006588152826 -0.0155537877079874 0.0483946067671532 0.193769738689829
-0.00203022641853784 0.00906780992056071 0.170505685936984 0.210380159379449
0.0334042810353416 -0.00533943412027876 0.263457172092842 0.0542634857171096
0.017337422100594 -0.0491997226810616 0.175401054390905 -0.113637725610544
-0.0187840762286891 -0.0493496687927571 0.0489055388844386 -0.0976865059253227
-0.0291641350552106 -0.0238050678696642 -0.00601427983556165 -0.0149664213014502
-0.0257560921592515 0.000456376500324107 -0.014218224702624 0.0180752692943508
-0.0276434006543909 0.0234161639967731 0.00861655274378317 0.0489314592762527
-0.0514830795695896 0.0244449163301571 -0.0107073166384656 0.147925090044981
-0.0881846720739062 -0.00620732216710349 -0.178646897643917 0.232464813134675
-0.0752012199622548 -0.137690236423229 -0.473364720025928 -0.00791432084391532
0.111582428266082 -0.170866617972707 -0.380094473292463 -0.467942415162651
0.212129105802876 -0.00609359736124127 0.0570274126766667 -0.590941553437912
0.166253440714557 0.0847327403396744 -0.00134720972674496 -0.207435056335325
-0.0359098321809923 -0.00290509788583968 0.012501302783506 0.131754999517182
-0.0768374901146283 -0.000809207926050206 -0.17579402695142 0.517624460245934
-0.0794029544407755 0.0581802777588574 0.283947052603079 0.579393571597236
-0.00314472560473506 0.100765289552638 0.521173584774838 0.117344586232794
0.0544809570118393 0.0494700129933336 0.263694907193805 -0.23493094795283
0.0522875636964412 0.00814533541570473 0.0253520493046189 -0.180765869985841
0.038482643988404 -0.0131905525890443 -0.00929905346469848 -0.0568059548217938
0.0192700227347766 -0.0085827416951998 0.0219142274655931 -0.0244898183365291
0.0201933832950294 -0.0014808345281064 0.0142216853474928 0.00356173983740644
0.0221060587725887 0.0175753956202794 -0.0364096989683969 0.0760615271604548
0.00825855821273376 0.0293578488036052 -0.139563964985053 0.108129661383288
0.0108464654381938 0.0159343716838844 -0.242748750357685 -0.00835861369832418
0.0142269553966115 0.0170557526662834 -0.184464005578601 -0.1499597254669
-0.0159294795422048 0.0464427338233299 -0.064060617447279 -0.171366716508955
-0.0602891258843701 0.018533844032577 -0.0598399627926471 0.0360663468971549
0.0590173023617821 0.0229100843762766 0.00872504779907302 0.147605969132755
0.0259624452727225 -0.0562586708476742 -0.201968420841856 0.514071649964927
-0.0694641601397418 -0.038623029336279 0.245987286535128 0.595760948486849
-0.0807226947749541 0.0648420552432795 0.492629394963179 0.160166621525631
0.00597869588860893 0.0832088184817526 0.268957577371073 -0.188102240708439
0.0379392416834021 0.045166979375921 0.0485359118431774 -0.159718447545753
0.0351025931738054 0.0121552113561728 0.00963699096692866 -0.0502401054672771
0.0176233727309906 0.000196350082946445 0.0322016109077917 -0.024378446478202
0.0123955836567903 -0.0124523159636279 0.0201345148228568 0.00273826927429736
0.0241155276042447 -0.0134203192330495 -0.0312307517545925 0.0748949808146618
0.037046204273907 0.00593413706070762 -0.134729230675567 0.11389260177578
0.0528964634340421 0.0350481569749436 -0.244696301744195 0.00724503953462385
0.0173695278668807 0.0604792527242559 -0.201111276547833 -0.136701454333869
-0.0352592418120844 0.0681675377481999 -0.0732917058878799 -0.178166746511788
-0.0507554378230637 0.0302239483815122 -0.0390307910050755 0.0346351429001862
0.127821246403749 0.0391287550186598 -0.0137930314746969 0.149673200471982
0.0907553558950566 -0.0972278075439371 -0.194894518816178 0.51736667811736
-0.0605865897894593 -0.101396872830327 0.247370457327983 0.561826772332132
-0.121842288917874 0.0374443977402298 0.446278478237781 0.147219471747004
-0.0258409509512 0.0918065193668802 0.234275015609404 -0.145653377601008
0.0187692986147067 0.0590465027168851 0.0545618146270196 -0.119091320521047
0.0215427512247729 0.0267132900419406 0.0265814719644134 -0.031443464165629
0.0123504183984938 0.00630049124291249 0.036656171577449 -0.0207088448143555
0.0085522897429557 -0.0183140278127587 0.0156448207907167 -0.000668091117505961
0.0296941725061814 -0.0321111818723256 -0.0294790040321511 0.0629983808526114
0.0618068233318067 -0.00127228226603239 -0.121244748758394 0.107006728110079
0.0709570461667517 0.0606762635073498 -0.236826207337086 0.0195604580846387
0.00244394664607412 0.0796125274897957 -0.223458536685502 -0.125362714976772
-0.0408844991887927 0.0603485023552341 -0.0894446219286947 -0.210397856402418
-0.0147203635636187 0.0371731408592384 -0.0114677742647419 0.0104477258791466
0.151153618815974 0.0383266531138374 -0.0320781535479226 0.139740812693267
0.0852908629597563 -0.116317763644708 -0.143559566671663 0.499280749233449
-0.0707383360944041 -0.102421368858382 0.260743901776923 0.476649731031942
-0.114092262770572 0.0420601738957821 0.380695507552126 0.104966946251453
-0.0238349056013907 0.0785819099618685 0.184278567263901 -0.109992723042695
0.00465950785281663 0.0455256665718658 0.0516221698272383 -0.0774369486891986
0.00396806142368365 0.0251612260739959 0.0380039155694848 -0.012414361288408
0.00388295374991304 0.00911453216042091 0.0352387560698754 -0.0134330554742875
0.00935287746813286 -0.0145627633287216 0.00901705293835222 -0.00426087566848782
0.0360734123769954 -0.0252536570036481 -0.0220160972023422 0.0474059258035602
0.0688053463846431 0.0221317757422491 -0.0954077073796782 0.0990090977264461
0.0411682017312405 0.0902405997793789 -0.22656962720115 0.0385122967068596
-0.0382707175449232 0.0530332999995411 -0.257648218542437 -0.117702912772078
-0.0213755027394299 0.0101964935251788 -0.112076478069609 -0.265616688788626
0.0500988850149553 0.0386133357964952 0.0099032296256884 -0.0311094258959581
0.136739695264656 0.0293943298973741 -0.0283614169521188 0.118022693845699
0.036250390525514 -0.0956916411703446 -0.0699379219839876 0.43615615995531
-0.076480751496296 -0.0498777881563088 0.248134933304572 0.370091507143529
-0.0625650509086691 0.0587291037962863 0.307735866441703 0.0739106811304163
0.00146811271329441 0.0429320162605568 0.149408782349836 -0.0818790945552244
-0.00490369079731539 0.0103841267858789 0.0503404541341179 -0.0520455963049043
-0.0138987782545031 0.0102491471226324 0.0406060203340868 -0.00164177174858214
-0.00469676716166432 0.00932196831097637 0.0276238303624925 -0.00471489265115955
0.0102817441421269 0.00156050453503541 0.00704911535813816 -0.00331762380697189
0.0329157235895434 0.0061389831544586 -0.00323633795019322 0.0424176588780217
0.0422745446974949 0.0644441315391946 -0.0649986996177164 0.110513746439432
-0.0401764943887885 0.0951787965537935 -0.235115868480271 0.0727328084123161
-0.0798464270177087 -0.0303548004081515 -0.313768779588555 -0.127325076365984
0.0375442104925836 -0.0656548395562615 -0.132139081955748 -0.344068432492068
0.13154642315261 0.0408896233638351 0.0186487444207978 -0.080924812366474
0.109319979830392 0.0195056820121272 -0.00204654201729821 0.081768824479757
-0.00664051608119467 -0.0517244752785548 -0.00455072057648131 0.340678080587427
-0.0562989683836623 0.00847390595194722 0.21129026283115 0.282237321769524
0.00185649117759907 0.054714189355908 0.258115238774437 0.0631280553316027
0.0239355763421796 -0.00434864390408774 0.1416120958444 -0.0732016496227689
-0.0127956401455575 -0.0273092703189063 0.0522566214997841 -0.0512453020931162
-0.0268939380086624 -0.00852222821380067 0.0336690403576384 -2.94141404891886E-05
-0.0129423805167755 0.00846022532089923 0.0161584501677694 0.00570759773330351
0.00519215777736764 0.0219775209635402 0.0114076921921862 0.00655063746677776
0.0112917340254148 0.0424274426893226 0.0181392098282874 0.0618284538815311
-0.0170078296016733 0.089509299192662 -0.0539231748656643 0.15443316593129
-0.127946236435114 0.0406144514878355 -0.287226371636257 0.102785467828084
-0.070469263358342 -0.14402339235062 -0.381904649757566 -0.1848752490475
0.128945272485478 -0.115539311279816 -0.122714066261266 -0.437864850131607
0.199143177385248 0.0513430139153668 0.0134149037731251 -0.129232363333576
0.0885926976715498 0.00897496309546932 0.0285828201085052 0.0366535216484547
-0.0179968891048938 -0.0184507969460746 0.0342622486103036 0.245962323525566
-0.0240586421360234 0.0304891216816327 0.179634432355526 0.227797719791399
0.0375224728658505 0.0261068264301092 0.245024525461168 0.0576602904176126
0.0276314904363716 -0.040412479023645 0.151319009183961 -0.0881206051528095
-0.0192088512911746 -0.0490354748410085 0.0516587379512631 -0.070643240698426
-0.032235798285983 -0.0205027135242418 0.0175261029093787 -0.00569819770035018
-0.0195738363633019 0.006390211723815 0.00364343914475037 0.0147236792166253
-0.00745276113734368 0.0326281398060611 0.0163754387388111 0.0254923677318722
-0.022045917103119 0.0544986549696599 0.0221545177406616 0.102954661214651
-0.0741006989180586 0.0643543590351682 -0.0886556401953597 0.209153679073484
-0.150902153240216 -0.0579072916694482 -0.376654667483057 0.0903431337406597
0.0066576319547448 -0.210577106763525 -0.420250039656237 -0.299857498762404
0.207655070148412 -0.0971959564352099 -0.0691088220868891 -0.525685886098345
0.217366342788674 0.0671525777997422 -0.000830375072325026 -0.170122507845833
0.0811289418956269 -0.00440387776304732 0.047365635033872 -0.00422613560509514
-0.00403993368796831 -0.0173702053855194 0.0489343298710035 0.180785907827571
-0.00455607890151162 0.00846261237176744 0.167124724590503 0.196663095388026
0.029677404989931 -0.00650063011430797 0.252411872577511 0.0441070840919282
0.0137948860506672 -0.0472336324835933 0.16175291509218 -0.113696995457431
-0.0216607761819557 -0.0453621404324225 0.0439444201604212 -0.0927307548119084
-0.0290500227865696 -0.0205063228022777 -0.00179414048324775 -0.0120667079284816
-0.0233093053189355 0.00248390087017205 -0.00954146124264954 0.0198233810710838
-0.0227602633337094 0.0256796520744647 0.0131942445586336 0.04652143211111
-0.0471342167891411 0.030279679067326 0.000157997820315848 0.142319415340433
-0.086919526572723 0.00257042235290695 -0.157424746397251 0.232925920768324
-0.0853271191665398 -0.128848926853747 -0.456705292343307 0.0213444239009973
0.0957244964066627 -0.176712878752396 -0.39396045618491 -0.434114770636148
0.210101321014817 -0.0209618924125857 0.0256284853045794 -0.57713802566651
0.170320938869947 0.0695313311578501 -0.0142811377432352 -0.196922334125669
-0.0352127153550471 -0.0020585904999906 0.0192307529959628 0.119489544435059
-0.0735238465059816 0.00360116821189845 -0.154031313127843 0.49294011346636
-0.0735004308929228 0.0599729072164613 0.287822327546318 0.544900251477671
0.00173238274964177 0.0959232560732975 0.498485011041468 0.0935266758857213
0.0544204684241639 0.0438017867759312 0.23836520887426 -0.233057701737875
0.0497524913343333 0.0050207461180302 0.0149139050070895 -0.172339175876048
0.0349390843495381 -0.0152558689437735 -0.013428302335408 -0.0543759915954891
0.0171430948075393 -0.00831885282032999 0.0155813690558429 -0.0261491846900667
0.0182071723515128 -0.00258517465824908 0.00859232396942243 0.000433855489775777
0.0215891755321052 0.0154783294217458 -0.0357331571581559 0.0695860575822395
0.00964329899301807 0.0270559712103657 -0.131018532451494 0.101645105831235
0.0121434215503376 0.0142068176791923 -0.228164061439458 -0.00651106511782584
0.0147761319463068 0.0173675429622635 -0.172546640440011 -0.14160250768756
-0.0137645519488819 0.0465688761616454 -0.0578369149125856 -0.159780538887532
-0.0595895033356341 0.0192997731605167 -0.0467328514498284 0.0383645819914558
0.058667736075807 0.0179263394890194 0.0173565016117094 0.134655146633013
0.0234801921979076 -0.0554361594781004 -0.180041578014419 0.491490118899342
-0.0688257726603378 -0.0352603677639067 0.250152263590532 0.560710331835899
-0.0770384211079642 0.0658626329719625 0.472169786045728 0.135107970627945
0.009114723378168 0.0807123419935298 0.245375802270206 -0.188303400383922
0.0385578984482453 0.0427982375957041 0.0383223633093887 -0.153093968428352
0.0342366251584476 0.0100936146161057 0.00512238712725696 -0.0485830052348291
0.0173949491348268 -0.000109987972303501 0.0253185272323834 -0.0259680587631571
0.011195639033938 -0.0123280537219447 0.0138743001319925 -0.000280706412862193
0.0222108816152046 -0.013761797423405 -0.031346697443689 0.0687195499433737
0.0363881834117407 0.00438779893866539 -0.126227917770278 0.107772476650335
0.0525184041690937 0.0322811557366779 -0.230055133596441 0.00839969994968285
0.017632589234399 0.0583319581030751 -0.188625915344216 -0.128766402458863
-0.0314099421034612 0.0664069658038614 -0.0674167729975043 -0.166628242228703
-0.0473263522816737 0.0289331177721336 -0.0267185623611458 0.0359880049921193
0.127096567630891 0.0298332583141549 -0.0043218001642091 0.138220125643121
0.0848207852568281 -0.0997534790757156 -0.170899466650436 0.491670029861037
-0.0647175296612222 -0.0972573512000872 0.249240922790683 0.52634178297081
-0.119422311701667 0.0422717262119739 0.42633845225612 0.124636385604347
-0.0212564310919848 0.0922551663473682 0.214461716739988 -0.14592851857356
0.0212119357044122 0.0583927702553372 0.0456080265818863 -0.113780998489111
0.0237352452045814 0.0260540752100269 0.0234999346079847 -0.0312529564891026
0.0137360453484802 0.00615486539126392 0.0311768459162007 -0.0224398904985929
0.00848367154815996 -0.0175076780251881 0.0100820384352808 -0.00328752476760482
0.0274532650110423 -0.0310327596414884 -0.0299649976874503 0.0576486457413888
0.0594931013856362 -0.00252148217346247 -0.114379299281582 0.100238653021009
0.0706802715225608 0.0577840489704559 -0.222581834428891 0.0193234549891253
0.00227749180431357 0.0764344989058469 -0.209084187635282 -0.117146840334539
-0.0365733371173857 0.0568924830604504 -0.0835086476501018 -0.19747961135212
-0.0100804919978267 0.0330961610370985 -0.00216769991953197 0.0114661413937337
0.151448465330837 0.0280052571358621 -0.0229076945354051 0.129591895825366
0.079390885017367 -0.119204804967006 -0.122266208162469 0.472561405583693
-0.075746339795489 -0.0991334762660885 0.259189152357954 0.442352154096969
-0.11364188634717 0.0473716988738964 0.359655081293192 0.0873306882574741
-0.0204658041745441 0.080457205547414 0.167763485180075 -0.107723542679847
0.00759070539053089 0.0462386311010464 0.04529585419619 -0.0723496768404752
0.00766780547524022 0.0256308619950947 0.0359399838178485 -0.0131290702144774
0.00728424122393032 0.00901867559906441 0.0306522851006287 -0.0160655656654739
0.0105236139871188 -0.0138795950596015 0.00421110326592382 -0.00525361143869209
0.0348123501348615 -0.0246564591443941 -0.0228082551386729 0.0426427323324064
0.067698539296675 0.0202333958487941 -0.0897829347748363 0.0911424214877082
0.0416288919703577 0.0891720168118278 -0.212012412751529 0.036919079814601
-0.0397933591439034 0.0522542518199218 -0.241337014951026 -0.108179085780119
-0.0196845493597447 0.00612393295678209 -0.108671440264492 -0.248456857056815
0.0537619571236257 0.0308013617095096 0.0149283085835581 -0.0281950751290863
0.138260815189799 0.0187514469586259 -0.0215998936011548 0.109965600488461
0.0331844777512308 -0.0990792537331145 -0.0560758370558105 0.412190266317749
-0.0797490302165017 -0.048701791677365 0.241377508381424 0.340493017548625
-0.0625170159678849 0.0620056917808387 0.287946964150949 0.0611388999334597
0.00245588341320182 0.0456460840988992 0.135795649950238 -0.0776969833034238
-0.00304176001339714 0.0134400447463144 0.0467825939593753 -0.0469708722579471
-0.00997950578839685 0.0123687668182708 0.0399681082222183 -0.00275744405520217
-0.000418670118135609 0.00968790486202934 0.0252470216993845 -0.00637433409628843
0.0132685071665618 0.00145565217442751 0.0033709872201707 -0.0041670867535037
0.0339227790342812 0.0066031631373424 -0.00418648194899683 0.036489573527182
0.0445029735858329 0.0632581060482768 -0.0588877217960083 0.101412628420344
-0.0370603751194782 0.0983316074834809 -0.217764769775105 0.0707748174698508
-0.0838885974868173 -0.0275798725666347 -0.296034858578218 -0.113345765348357
0.0339680021577123 -0.0695921426191366 -0.131561829684427 -0.320801230663395
0.132190037167642 0.0296143736269228 0.0194010288851055 -0.0753035706461073
0.111135852275367 0.0104481926342793 -0.000493749607464032 0.0746454559139352
-0.0059253959184852 -0.0551508358681814 0.00212717838608123 0.3190482064907
-0.0581653871088544 0.00771302713682922 0.202588700732456 0.260359060322642
-0.00107122590751981 0.0555772355322602 0.239977062031712 0.0550132284421099
0.0228913454499604 -0.00111764685381516 0.129827132554898 -0.067884382330569
-0.0127687371146524 -0.0229455147807041 0.0499513495340944 -0.0462099785255868
-0.023831949336174 -0.00545014080890937 0.0340398814995362 -0.00112097846736295
-0.00830029375454978 0.00927044678408102 0.0164180781052278 0.00468054867323396
0.00966783021829922 0.0210055302861524 0.010032818831854 0.00550892130736224
0.0156093986601046 0.0431211027251094 0.0180377456547958 0.0544714321596186
-0.0110817069001142 0.0901375182647794 -0.0457083367375162 0.143596076579927
-0.124860101894087 0.0495823757660699 -0.265111236990193 0.104273783813503
-0.079271357296065 -0.137298901345743 -0.365361678442251 -0.166014903922318
0.120672738399363 -0.121244049978215 -0.127662480438559 -0.411042249280285
0.197231734989346 0.0376532784773759 0.0107216847470531 -0.120336166343813
0.0902105390342057 0.000839140977147046 0.0245148492920706 0.031024212670424
-0.0159519250824943 -0.0213529012290737 0.0329059197651804 0.228326899086405
-0.0259336293608656 0.029037109832114 0.170211205733322 0.212143074663377
0.0333470982107396 0.0258819040312893 0.228258154014607 0.0524004059137533
0.024857115491528 -0.0370868340573056 0.139228166413001 -0.0818545247598303
-0.0200961740871799 -0.0436856347614722 0.0488971662965834 -0.0643127011795925
-0.0299387151289038 -0.0165711592758045 0.0198642962281996 -0.00494592705036502
-0.01555881963234 0.00759831841565407 0.00600483048585642 0.0140854218421679
-0.00250322302697135 0.0323847550233641 0.0168026697545546 0.0233784846859427
-0.0167378600279171 0.0563753002771264 0.0251055784445571 0.0941464264099762
-0.067390259681762 0.068449363253377 -0.0754561078733891 0.197576974683758
-0.151545644418562 -0.0455153819017862 -0.351308703349609 0.0988727434565185
-0.00607133359824518 -0.205455187671717 -0.408944425255325 -0.273104833624309
0.19748841243102 -0.10503472945704 -0.0792950663787525 -0.49682915763853
0.214307064151199 0.052248637952414 -0.00621800729709489 -0.157886371234185
0.0803243088630342 -0.0109018695891675 0.0384155035492925 -0.00799771662176962
-0.00277224529872336 -0.0188590787151206 0.0449996867785587 0.166490151905638
-0.00651352997256841 0.00801307926754957 0.157436367358422 0.184042193412489
0.026023591755899 -0.00647389365897708 0.235290391905789 0.0390884309974922
0.0113625706797925 -0.0442316707562097 0.148204328224848 -0.106953112689785
-0.0222779664784207 -0.0402448531001018 0.040955902795628 -0.0855675256363664
-0.0281326939954481 -0.0171887872993512 0.00214094096328363 -0.00980867394442315
-0.0199300057786075 0.00405713996890531 -0.00497739916046599 0.0200858319357398
-0.0183117005305385 0.0261817063311499 0.0159451557214894 0.0438994378113506
-0.0428487927522765 0.033837126238392 0.00765979347476392 0.133571520807793
-0.0832093174064101 0.00866971762827585 -0.138839906264403 0.225082874590875
-0.0899480774394718 -0.11845446957171 -0.429285391130772 0.036036911308069
0.0828802536561699 -0.174976836108457 -0.387431656538887 -0.40179112455793
0.202586787111619 -0.0306235319787171 0.00799690208677806 -0.548313434019349
0.167629455482282 0.057022184098195 -0.0206181142753792 -0.182512189085221
-0.0341626919776747 -0.00515633362644512 0.0136315290042712 0.111198519062348
-0.0656510388152905 -0.00131167248850647 -0.17580019418605 0.458621573614144
-0.0681762103758059 0.0494289847144387 0.23932792960421 0.533080956659134
-0.00344517923962648 0.0863850190447145 0.468976990111984 0.113903928665293
0.0461791845653221 0.0424403657836396 0.233350198061009 -0.211787063862232
0.045851503227247 0.00662194809169417 0.0186437068611338 -0.162417507502268
0.0328198467529001 -0.0142675876026844 -0.0124087095181714 -0.0528768363359115
0.0163771163212321 -0.00718551141508515 0.0123511496520876 -0.0261357297846379
0.0158047929207435 -0.00224260627238479 0.00339678957456874 -0.00118554926329114
0.0200615804986497 0.0156347344257548 -0.0396967618760996 0.0622542836722525
0.00845530321230772 0.0270267758139774 -0.130710011815345 0.0875715924110622
0.00832876970468454 0.0144097603594293 -0.212411731844116 -0.0206624289324311
0.0115658582145089 0.0166160280087975 -0.148402812832312 -0.145530164594967
-0.0157717348384765 0.0430279041852774 -0.0400086213871343 -0.154330250828513
-0.0597152527299007 0.0180151000821448 -0.0386852891539133 0.0335949922751222
0.0585696344972749 0.0196102070075316 0.0137872124476403 0.122958193114029
0.0324497395289302 -0.0549838538157672 -0.200908563480812 0.45273366555596
-0.059677016971941 -0.0435132729142241 0.201893938227239 0.546002490744274
-0.0786293665000607 0.0550425984428613 0.438687041177973 0.153411292743662
0.00146421866548882 0.0771044267229374 0.239007357433413 -0.166846064396165
0.0343840302256856 0.0436214253126461 0.041571168410525 -0.142050925832165
0.0326713059426644 0.0110999420062159 0.00572287984497301 -0.0465115886177176
0.0177035684477535 0.000691780998525033 0.0216567153722 -0.0261620462199769
0.0112301453155504 -0.0113053760595684 0.00806833980973293 -0.00172759266869398
0.0220186668925392 -0.0121187226098828 -0.0351242581325453 0.061466409669413
0.0349951325635089 0.00689338208928158 -0.125995937606741 0.0936747148448111
0.0459110306635236 0.0347100914269712 -0.215806115970788 -0.00539289670266942
0.0112692643676821 0.056140496507975 -0.166011628380748 -0.134107176857317
-0.0331371664533227 0.0593923099703541 -0.0493419229741636 -0.161485181674695
-0.0461270721638481 0.0257475201079268 -0.019798000713899 0.0326558859099333
0.126716025380001 0.0350737499227786 -0.0050892948890762 0.12221511594065
0.0952889027990223 -0.0959003499425227 -0.194679497671388 0.453665320474027
-0.0534125947601212 -0.105440534229067 0.201996975543646 0.510868224299874
-0.119525403697118 0.0318865999980513 0.391577463059737 0.143134522047242
-0.0284288522449441 0.088571925181258 0.207925783496215 -0.125318894848827
0.01772740828166 0.0589579778885244 0.0477347218340921 -0.103345298683719
0.0236429404914105 0.0268736557150915 0.0235352284435069 -0.0290973011510553
0.0149047710665671 0.00702657147315548 0.0273400597246209 -0.0224007059396702
0.0101139963152766 -0.0165345313912518 0.00475622133536513 -0.00474148787369852
0.028219906729458 -0.0281985191334666 -0.0332659425546846 0.0509899608256788
0.0580661488744984 0.0017937217907558 -0.113760464576603 0.0878003533725177
0.0616281059929113 0.0612326946874076 -0.209711492329706 0.0062101974295448
-0.0065852411128365 0.0726275117291073 -0.187712499622038 -0.12460555347535
-0.0377591537767546 0.0480865105993165 -0.0634481643458987 -0.191968925254976
-0.00811640490745611 0.0287008166730288 0.00387247809111037 0.0125592213056554
0.152198694542551 0.0337208900195228 -0.0233037804931021 0.112956945763579
0.0912600043268323 -0.117136534981944 -0.147674794517906 0.436411960755143
-0.0668525960861185 -0.108233238889113 0.211483269594285 0.432754612097665
-0.115425099157822 0.0386228892379828 0.33052580878372 0.10463967068101
-0.0264246311486825 0.0788396633004235 0.162075686564015 -0.0894702201986122
0.00560258095049843 0.047760927258147 0.0459802486284384 -0.0631532711179361
0.00861670680150711 0.0267481563325725 0.0360341566578609 -0.0105991572870557
0.009563311138137 0.00962797675596649 0.0273992530224908 -0.0155507284937687
0.0128490506545512 -0.0129557624718602 0.000165105442306449 -0.00599600610100262
0.0355765258612731 -0.0211877860006211 -0.0261390822636683 0.0372676970773125
0.0659253698045247 0.025264033375879 -0.0905986431680027 0.0807147514244553
0.0326253885014417 0.091879805052079 -0.202087659016884 0.0240449874953511
-0.0483419616175234 0.0472468773423071 -0.218472056422314 -0.118077419566642
-0.0201404392211846 -0.00312680572999402 -0.0840352740020739 -0.240910117184268
0.0551957133615642 0.0264017232680694 0.0216982674311186 -0.0223085630979489
0.140893704950515 0.0232802078526482 -0.0231913005062684 0.0947922277257877
0.0447012441327224 -0.101923058936689 -0.0787449695838226 0.3827533473305
-0.0753080444047295 -0.0593787631954207 0.201273513851786 0.335950629294403
-0.0678792832021076 0.0559616912497334 0.264551590302082 0.0773462661538386
-0.00196106835094628 0.0474459225638389 0.130010636073341 -0.0617824393694224
-0.00270661256768621 0.0155380446655545 0.0468151156759863 -0.0383850647292774
-0.00742005236108333 0.0128707477489479 0.039807217919778 -0.000176410139279362
0.00247877716842693 0.0102440746293301 0.0231294651797185 -0.00586360997918656
0.0155745387055562 0.001931538103127 0.000930473603958971 -0.00450491195372207
0.0351996949043559 0.0101782493787595 -0.0071411342921417 0.0322328929959232
0.0425401268527631 0.067539509313719 -0.0622667886919392 0.0909433299225171
-0.0442996335955419 0.0999532010243583 -0.211048265894502 0.0545231424361887
-0.0903699932974729 -0.0327504987768893 -0.268640179285719 -0.127110782441549
0.0343133587865299 -0.0769186546571493 -0.101168719440658 -0.308704944634722
0.131726095429825 0.0260711564052996 0.0269704129402676 -0.0636483281911171
0.114574902721151 0.012775558632427 -0.00400017790630808 0.0640057909209374
0.00264672596546255 -0.0613112031527373 -0.0210861965779105 0.297895281804534
-0.058794677017569 -0.00165699954458497 0.169538337850296 0.257121356858041
-0.00814916072673987 0.053793317409966 0.219675250533541 0.068692714190249
0.0200573073595183 0.00287968236594807 0.123440059346888 -0.0526333229587169
-0.0106164981471783 -0.0198273217037075 0.0497111501761258 -0.0370383117278413
-0.0198879450181516 -0.00391017987445144 0.0347619639546679 0.00134432884253545
-0.00496001014227729 0.00936193358688898 0.0160020526538972 0.00547911280714046
0.0122559837759753 0.0214763025894643 0.0084111643259057 0.00492126498990433
0.0163569613862781 0.0458430586744977 0.0139866466639371 0.0494012139525213
-0.0125769872148723 0.092570067185306 -0.0512519122376733 0.13032900506295
-0.128681976736658 0.0511106486880572 -0.257750318129334 0.0821301728241191
-0.0827640768571232 -0.141268179501094 -0.32959548727478 -0.178566342428271
0.121159881935141 -0.125086347704613 -0.0928368183899734 -0.391664131455001
0.193062653952772 0.0352376372250637 0.0193363882896491 -0.104472948861513
0.0926967449744301 0.00251480494060644 0.0185010664172349 0.0247004951782557
-0.0107451083100266 -0.0273681277918799 0.0128870912579151 0.215002304562251
-0.0281930675152659 0.022455658249785 0.141346496477862 0.21050381208212
0.0269928555292089 0.0265914556695763 0.208741867160165 0.0651017880956841
0.0239866081183914 -0.0322620429014779 0.132772702556917 -0.0660450495292345
-0.0173657048783963 -0.0412635954150265 0.0495672740035458 -0.0544991551321855
-0.0260337234512071 -0.0156964091560868 0.0217209506026706 -0.00282779860937144
-0.012502998833579 0.00697660446553714 0.00742369773026452 0.0143410239560348
0.00014214431828981 0.0320919622900359 0.0159213703464237 0.0224543981129257
-0.0150713744346792 0.0583301922144869 0.0213107706548292 0.0878901841147038
-0.0677359713178565 0.0697227036756901 -0.0797263306270272 0.179805144473295
-0.152175149423317 -0.0418516705650162 -0.337345384587354 0.071197515610624
-0.00849141504173988 -0.205811165131351 -0.36279222139733 -0.280463730987854
0.196459707010253 -0.107152762499411 -0.0441029829383133 -0.468962645344902
0.20775510235519 0.050551892266122 0.00429911023978866 -0.139583623755179
0.0818061429183425 -0.00839840582923874 0.031931966190221 -0.0112495582561224
0.00106122563778144 -0.0222688231449628 0.0258537482955178 0.15771074113599
-0.00711604222009191 0.00495544200415463 0.130467779779712 0.184602717891728
0.022205259812595 -0.00543066543127296 0.216389389472058 0.0526518870442049
0.0112680382468158 -0.0416936050560634 0.14228038286321 -0.0899828187644488
-0.0199580122300721 -0.0384852776201131 0.0431723953815101 -0.0753902869430468
-0.0249762489469414 -0.016645683070487 0.00556144124698672 -0.00799908614040779
-0.0176415333685208 0.00338937763655849 -0.00238302792634149 0.0198858031634843
-0.0165078404728889 0.0254838825266558 0.0158339399017082 0.0418569845265663
-0.0408256465920715 0.0349690997469931 0.00479670706823188 0.125676966793474
-0.0821815664969554 0.0095221575101198 -0.139045753783036 0.203994564679789
-0.0925028400783628 -0.112314132880936 -0.405201686076082 0.00874876806038788
0.0795925263914585 -0.175061018354084 -0.339458861798189 -0.398290770096411
0.200834715567473 -0.0332731870818628 0.0391866399414819 -0.511944241502046
0.160868881098264 0.0545031337662876 -0.00957894001634717 -0.164649320596536
-0.0345899732747491 -0.0058020503655656 0.0141488428994325 0.103488548308769
-0.0640197222864822 -0.00100070311096119 -0.185249171235004 0.443704390296718
-0.0668605787723265 0.0491261940456829 0.224830272799663 0.528238672584915
-0.00383981066599974 0.0845535461400588 0.454160164394895 0.119763518160824
0.0459279457750065 0.0411273275348746 0.227773685603737 -0.203464453977706
0.0447718646568197 0.00623598234143507 0.0184480635451639 -0.158023893372261
0.0307289752727192 -0.0137324309296911 -0.0135891291733689 -0.0519090348116739
0.0150760340191997 -0.00642962355262657 0.00866836404787204 -0.0265429008142656
0.0144081480845984 -0.00198044683402027 -0.0017467270576487 -0.00247824604340819
0.0192793982773358 0.0150611131018494 -0.0438518328442812 0.0571580864099351
0.00841672294622105 0.0262891164167086 -0.130840954586328 0.0786755046993551
0.00922208892519749 0.013928759543609 -0.205266757672343 -0.0294739647091194
0.011736339472963 0.0177234404933196 -0.136173070155918 -0.150023067765864
-0.0162291972169249 0.043637836558349 -0.0286229454844128 -0.150857832196969
-0.0613834215788351 0.0167062603138731 -0.0304301778408148 0.0339261753726376
0.0581591835865295 0.018806321619991 0.014813757953556 0.115344498429473
0.0338663702819104 -0.0543778841139306 -0.209082044194953 0.43508366136347
-0.0590477163974154 -0.044620525237035 0.186203653333806 0.538509721811165
-0.0797609503658414 0.054558302142821 0.425560005357368 0.15784964392666
0.000866386080109244 0.0769458257133361 0.233376941839629 -0.159315899802496
0.0338501172229228 0.0437000793797999 0.0399237679036459 -0.13819812740131
0.0322858415646088 0.0117215755905286 0.00432496426349567 -0.0458111005273445
0.0175694687863222 0.00133795820481954 0.0179978827086229 -0.0261379099108935
0.0106931926236127 -0.0108429223212545 0.00287160074748388 -0.00348166441678928
0.0215432527074271 -0.0116569131036399 -0.039590673348432 0.0568141754409267
0.0349416358988229 0.00748522026807649 -0.126953174188432 0.0856139856747819
0.0449606838311526 0.034979366911721 -0.208882486080877 -0.0157378470355033
0.00959990933439125 0.0562400181605952 -0.15374674819206 -0.139823826109138
-0.0332519761440815 0.0578509145361049 -0.0373578739283494 -0.158941572582052
-0.0455172841014378 0.0235923007495749 -0.0117342720269021 0.0328988892534225
0.127409724242363 0.0344392793345238 -0.0041201093976037 0.114834623891416
0.0966766801280776 -0.0959169706213319 -0.201489467766636 0.432944491088931
-0.053831613437025 -0.106747863400143 0.183652246347463 0.502676824722498
-0.121704413283567 0.0319912155364517 0.378539994304407 0.145601673141149
-0.0286109994576015 0.089682375067717 0.201766652755233 -0.118522724283008
0.0182161654379544 0.0606782610653501 0.0465818580000936 -0.0987658425523536
0.0245413324595445 0.0274034196034012 0.0225425616244779 -0.0281239189526895
0.0163315634052333 0.00788499311630133 0.0236397757808526 -0.0232959958330013
0.0106152181756574 -0.01593797351185 0.00033440599467671 -0.00478678820213419
0.0283214426021457 -0.0271128146430922 -0.0374697361377106 0.0467271214678961
0.0579683469621033 0.00323887245049556 -0.115264839225665 0.0796258794406184
0.0598517466402074 0.06275033363557 -0.204308078972718 -0.00391864886923543
-0.00967937920581139 0.0721708318027139 -0.175068281406208 -0.131173383466497
-0.0378657045418208 0.0448669352508774 -0.0508412920212428 -0.189192284159891
-0.00658863948268986 0.0251117228563035 0.0111887243451513 0.0136918969227864
0.154016813738319 0.0324462029839757 -0.0227771567533626 0.105518804587465
0.0934944940764892 -0.118818281333613 -0.156376737013737 0.419260723584456
-0.0683215616492715 -0.11091847150415 0.195849552548564 0.42500691018854
-0.118528131134119 0.0398538691565637 0.316659260934979 0.108143920672405
-0.02677529604198 0.0817904961308981 0.15665502438037 -0.0822377144767479
0.00657171675757632 0.0495306163923471 0.0459565020421069 -0.058546162699012
0.0105915970319863 0.0274687513812041 0.0358403812956662 -0.0102813930554729
0.0122908879050546 0.0101860549217692 0.0254822198263401 -0.0156070734757102
0.0148281802389228 -0.01222548101798 -0.00331922312863195 -0.00703076031329084
0.0364315366508075 -0.0192243388893774 -0.0295006861921907 0.0325955425266764
0.0658145116854579 0.0276709377539012 -0.0927496273200128 0.072119378068003
0.0303228331069635 0.0944623202607625 -0.197022926925627 0.0135799423611092
-0.0525868458782474 0.0461360251888304 -0.205636245438047 -0.124702978845628
-0.0193977804354041 -0.00704336010810857 -0.0713026220604357 -0.236920212256135
0.0576599514678071 0.023048273519834 0.027427576725365 -0.0198133907650258
0.143905805783277 0.0213614796759205 -0.0238045704138089 0.0887267018689593
0.0468217814324819 -0.105429629501953 -0.0888614465962067 0.366975681737549
-0.0778022459178509 -0.0626713873529496 0.18548955996184 0.329362639522086
-0.0720402167444722 0.0581597574557621 0.250539817567282 0.0817586844166022
-0.00238023227291599 0.0509675293674888 0.12571448593424 -0.053255669548556
-0.0018399259960548 0.0184366092917214 0.0473184793113453 -0.0335556618270386
-0.00451386804363036 0.0145585723144569 0.0410286413494122 0.000463523694617234
0.00586227355298335 0.0106042982872394 0.0223024897092335 -0.00555031425979122
0.0185017830491986 0.00242267178714039 -0.00140825330304061 -0.00498183413659796
0.0362043532644563 0.0121410809286143 -0.010346925510748 0.0277986026961108
0.0428268866571341 0.069832930406267 -0.0638618129163169 0.08243115718059
-0.0459900794554192 0.103131790552612 -0.205049017873569 0.0443178255090851
-0.0945416805346218 -0.0339877324423937 -0.255369917008456 -0.132826324366775
0.0351637291013283 -0.0805856083865475 -0.0892546793394202 -0.303731401285904
0.134223997945578 0.0230100842265749 0.0315870779042232 -0.0600124579289102
0.117641993341025 0.00988463658008867 -0.00656332123306738 0.0593051550914907
0.00480562734053081 -0.0656069447729002 -0.0315129477568286 0.286357349278367
-0.0618485148992084 -0.00449521507737536 0.15407420706161 0.25387823842955
-0.0122293773693052 0.0564058285097244 0.207262006925545 0.0743680132567523
0.0195974871569844 0.00686145975552533 0.120014964695745 -0.0433465537524394
-0.00932163017591795 -0.0171756926460293 0.0514124428077343 -0.0319585666567777
-0.0173799278837802 -0.00266285854432829 0.0368207743637508 0.00218729760245233
-0.00164465912141864 0.00975292944091811 0.0169369459053956 0.00521457256160904
0.0152345858267926 0.0209505763765462 0.00711651133354296 0.00448949504784134
0.0180800045926092 0.0474548844999416 0.0120285886880002 0.0453088998639991
-0.0124868196243075 0.0947546686780164 -0.0522446605722247 0.121568675333815
-0.130168204118957 0.0547596487599815 -0.250480921680503 0.0728639786278214
-0.0865120829727962 -0.14192608051991 -0.315451153151118 -0.181892012859502
0.122029974531577 -0.127713925140484 -0.0799819931458974 -0.384190012606817
0.194195846772837 0.033581266664464 0.0229118277801734 -0.099013332140189
0.0948810357729592 -0.000134597804828876 0.0142540764215133 0.0221369389622157
-0.00909607389043105 -0.0311499503261953 0.00203777373522907 0.20687887470004
-0.0307222993966807 0.0209648912189417 0.127219236510503 0.209454009661133
0.0236945044865238 0.0292107536037482 0.196888756763511 0.0726098981957243
0.0236851647738075 -0.029470131560214 0.129973191304575 -0.0559411042565763
-0.0159997419303309 -0.0385818305431494 0.051735214184029 -0.0489158632605618
-0.02370753294705 -0.0147537521389266 0.0248215520791159 -0.00164023575616953
-0.0097583881234904 0.00745506562017567 0.0093300100621684 0.014613833470894
0.00285771384361529 0.0318907400161914 0.0157864988846266 0.0220423612849361
-0.013137123949539 0.0597757274606391 0.0201905633562508 0.0833376882769829
-0.0664989361250816 0.0712235519512942 -0.0800299942015899 0.171579536117377
-0.153560282042095 -0.0387931155148709 -0.327424682739468 0.0637055077924181
-0.010664311618901 -0.205992242345227 -0.349094752643315 -0.282094129179396
0.196879896181905 -0.107918256861999 -0.0314298363198393 -0.459745435652226
0.206898822185552 0.049361734962531 0.00729039416002657 -0.133381851350879
0.0830082675713255 -0.0104763277382633 0.0249874299560406 -0.0126411476559145
0.00266487442744018 -0.0242415804191809 0.0144498084177537 0.151486091396572
-0.00899202420387799 0.00469914219356911 0.116360281795104 0.185345834699941
0.0202526799912926 -0.00364211927291359 0.205404984505308 0.0617687518374755
0.0114576753473736 -0.0396184815121152 0.139818437303311 -0.0795174057248736
-0.0185655307868986 -0.0363734917061321 0.0461853007275538 -0.0694307711251154
-0.0236999277752522 -0.0156557755006262 0.00898411574535865 -0.00667441825341951
-0.0164157407181355 0.00368034680947986 0.000679391821246143 0.0204518991183603
-0.0144001863110955 0.0256854982263708 0.0167553714641752 0.0409338042536559
-0.0393423078757958 0.0360148827049167 0.00471543889771406 0.120985035479626
-0.0809404330230315 0.0114293223919179 -0.137655876671466 0.195373274271022
-0.0932734631833176 -0.109709198368854 -0.39437307022494 0.00343247929375585
0.0780659895536089 -0.173783999309798 -0.325358255053583 -0.395630610664269
0.2002181588458 -0.0330216379012542 0.0503967616789205 -0.501796080065354
0.159134494382181 0.0537109072821567 -0.00705084769379496 -0.157501421381618
-0.0354755846446418 -0.00602838613320847 0.014620110267148 0.098844597027693
-0.0647393583996083 -0.000300507577562645 -0.20004706253938 0.439410486197588
-0.0672681876550609 0.0499279362955092 0.215289953527408 0.539946013078532
-0.00402275900711748 0.086091924339481 0.45415109219941 0.129534440195027
0.0466086099818125 0.041070560843032 0.228621537589958 -0.201542067184454
0.0448778353564548 0.00575169783998774 0.0179169411249753 -0.158762296019787
0.0303671137036229 -0.0143037723741772 -0.0154115738660862 -0.0526594273473007
0.0147763146090043 -0.00590072322898295 0.00531256231464413 -0.0278393491569656
0.0133712931642555 -0.00163599209813306 -0.0067002828762425 -0.00390320942569304
0.0192494392551207 0.0148580380091544 -0.0485262719149035 0.053468496126387
0.0086924592250672 0.0264158889636594 -0.135075589074489 0.0730360198665333
0.00994167816592508 0.013626834072031 -0.204071051682783 -0.0393688361095913
0.0120796121642288 0.0197890611935886 -0.128095145370301 -0.158195191375256
-0.0173413209232547 0.0458475930279821 -0.0177704836228757 -0.152788526545571
-0.064778655476421 0.0166290837452088 -0.0231011952664669 0.0354125025693919
0.0601125539360922 0.019472404316088 0.0161572513339736 0.11077862967388
0.0358011746023829 -0.055659096945252 -0.221273851595031 0.429088600099229
-0.0600288066071825 -0.0468884943145921 0.174448040717473 0.546888682261171
-0.0830223054718539 0.0555955316224993 0.423797731839024 0.165284554253478
0.000258628064826709 0.0789459254638051 0.234043951399791 -0.157167289175156
0.0346992449289757 0.0454188984564461 0.0396868879696388 -0.138274166419306
0.0330202020923152 0.012379461500062 0.00366023150308106 -0.0463306500759464
0.0183730082100312 0.00187189983841134 0.0147801375313881 -0.0276247423976245
0.0108662576387904 -0.010422003637447 -0.00174444954435746 -0.00453588834614469
0.0218053232241706 -0.0113804382944636 -0.0448630151962085 0.0535455670822688
0.035602765518877 0.00847247286367258 -0.131840402133384 0.0795215902779969
0.0455426396306813 0.0367944888065809 -0.209015669999424 -0.0253907299684713
0.00827172983700867 0.0582255440998131 -0.146920316420775 -0.148630100359524
-0.0347386553826895 0.0584694591986291 -0.0263757301760953 -0.161681274455743
-0.046071983022352 0.02217008720944 -0.00417244755381483 0.0336108993176105
0.131441841663216 0.0345567550554123 -0.00282063346006336 0.110503571945155
0.100797232245292 -0.0991975833754537 -0.214392922726266 0.428020364878295
-0.055703613530879 -0.111598348246172 0.174219869126177 0.510428247700578
-0.127015570991023 0.0338759778957185 0.376241881817841 0.152751039317761
-0.0297773690284656 0.0939136210754149 0.202031489157447 -0.115136555491773
0.0195454453667374 0.0630868150454551 0.0473800096132645 -0.0977525234782698
0.0263081686522211 0.0289913869713875 0.0228427612170196 -0.0282989086654636
0.0183309153899688 0.00787212902401011 0.0211611801366436 -0.0240664291533759
0.0122627534138471 -0.0157904549515012 -0.00446644123086889 -0.00620214065165658
0.0288689383675141 -0.0268891061465546 -0.0427294040136146 0.0436987373814379
0.0593339703114728 0.00563289220187984 -0.120646298558338 0.0742165515272254
0.0603258516514861 0.0666363922797898 -0.205249523521335 -0.0136450550318731
-0.0134470723809794 0.0742265917043028 -0.168448778700046 -0.140481716612149
-0.038626284610892 0.0427469334560164 -0.0411332690468099 -0.192165356564456
-0.00424424712041432 0.0226440122429495 0.0185792326370508 0.0144015352364803
0.160248308479484 0.0317794530076312 -0.0222871377040577 0.101748323384414
0.0982780187967625 -0.123967055681526 -0.167947685822106 0.415738786263915
-0.0713128222567088 -0.116937701413625 0.186523698207869 0.431076153385892
-0.125077455570058 0.042503062754583 0.312447016566161 0.114653546890846
-0.0271995462391152 0.0865147375958273 0.155585214275871 -0.0776041456010578
0.00764382134690393 0.0530772034994504 0.0465721132265849 -0.0557736269666974
0.0129888727071742 0.0292366370816981 0.0368188845575794 -0.00955656051645684
0.0152416505355959 0.0105821391948299 0.0234711314931305 -0.0163351603486288
0.017074898306779 -0.0122503502630736 -0.00736298613263531 -0.00791978494002729
0.0377991620176975 -0.0179105181742711 -0.0340124983267491 0.0296405431601598
0.0676016984221401 0.0310492126701199 -0.0971117471443768 0.0664427302694547
0.0295628214501229 0.10010365371303 -0.197828227993531 0.00395377037820535
-0.0579850096065734 0.046787334943761 -0.200006435520601 -0.134549162716261
-0.0194438963071318 -0.0110778787287725 -0.0609038312231563 -0.240504117644585
0.0623719840750388 0.0201394843276627 0.0342386009340529 -0.0178963818257407
0.150979987914322 0.0196720355784531 -0.0244015575573338 0.0850168012902183
0.0507854478363331 -0.112147786152926 -0.0998868846378796 0.363311684192628
-0.0828514198542294 -0.067453611613073 0.175423819031033 0.334726655917577
-0.0780089678205864 0.0622357971967866 0.244935264841734 0.088648031791115
-0.00233542248821342 0.0559950402682802 0.124808244937057 -0.0466680098285135
-0.000680396084353193 0.0212915204171649 0.0493393299910844 -0.030056409096242
-0.00210424589893618 0.0158628000291911 0.043140481761928 0.000795587961839811
0.00912497008634658 0.0109602381959345 0.0221696808984847 -0.00608012840033691
0.021133054000887 0.00223683119468336 -0.00396801607533556 -0.00560968820877657
0.0383909471182411 0.0147049261247877 -0.0137423188276012 0.0243215385655023
0.0443222624896456 0.0742815045270809 -0.0671500396916469 0.0774540544269023
-0.0491922032802603 0.109661421809533 -0.205363588916354 0.0362785429934934
-0.101926751236557 -0.0360422424984881 -0.249821483673392 -0.141188590786168
0.0368994650733138 -0.0862591803449208 -0.0789176519246323 -0.307385451196857
0.14060903639551 0.0212452018675678 0.0372450034654822 -0.0575895171936596
0.123778014676806 0.0077804146142407 -0.00944663362771863 0.0566448782576276
0.00707835963261647 -0.0718510176863642 -0.0419132004669162 0.283379849100155
-0.0668190128517253 -0.00730792649736231 0.142911487442369 0.258150972669119
-0.0161848524005777 0.0607886942752746 0.201207089095011 0.082966741227528
0.0201052324909655 0.0107801151720947 0.120185799628733 -0.0352681817560872
-0.00855607354981163 -0.0153561606524555 0.0542111430348766 -0.0279434089411689
-0.0151891846814407 -0.00155725434627199 0.0398782968634704 0.00294896814519115
0.00122979633309949 0.0102027396732135 0.0179225149205694 0.00561153037205188
0.018571928516546 0.0215211334989811 0.00612349570695513 0.00357268924923627
0.0206077125989154 0.0512090618784806 0.0101979189794788 0.0421903707995702
-0.0116987760544723 0.0998348040097547 -0.0543204008248995 0.117095335308597
-0.135860871139555 0.0591614460836835 -0.250267846584618 0.0660665395115945
-0.0923318355643911 -0.146412235002444 -0.310872124585772 -0.189344336839405
0.126070058739474 -0.133557672017065 -0.0719839249918059 -0.388392577712556
0.201186180977234 0.033127802018188 0.027239711020466 -0.0970378603228224
0.100577215048828 -0.0029479632615197 0.00976955229467458 0.0195813932720016
-0.0071988416913262 -0.0360743764562107 -0.00850530304864328 0.204264238389428
-0.0342335547979751 0.0199147638736559 0.116923234126762 0.214880833350119
0.0213942628474196 0.0330897202681974 0.191012375973938 0.0822976672022539
0.0249184229856114 -0.0279468122202603 0.132268135136098 -0.0476340199131687
-0.015161302924901 -0.0372762452657242 0.0557577191822354 -0.045122044242681
-0.0220901578233724 -0.0135525022948496 0.0283199831661398 -0.00100465733463073
-0.00748534355270266 0.00781322198398475 0.0115834426336512 0.0148277044346476
0.00539036493816021 0.0330449295762559 0.0163983985214828 0.0212001414405518
-0.0115511428385491 0.063855103014316 0.0193180491598225 0.0813579762454975
-0.0673950309973363 0.0754499569692769 -0.0817690226682001 0.168441291392042
-0.158911848647502 -0.0369831325124834 -0.327918301466448 0.0582012255107612
-0.0135589901033147 -0.211406936365263 -0.343950021191817 -0.290220467868469
0.20289552720109 -0.111519051864087 -0.0212576473748392 -0.463786139325704
0.212685666517846 0.0494644833231233 0.010130923049934 -0.130926545373347
0.0865892041583539 -0.012535913544575 0.0192719115482785 -0.0145215949877052
0.00405200940851504 -0.0269341487041812 0.00434022812926556 0.15041386182501
-0.0105299346847956 0.00442152135150321 0.106400371416405 0.191828110897223
0.0188410872589086 -0.00141214609374126 0.201545949115877 0.0718709205715859
0.0121296228834884 -0.0395438408121967 0.142477801559848 -0.0713663473122111
-0.0181205623785073 -0.0358973370094467 0.0506728128608181 -0.0655274980167762
-0.0224901679807933 -0.0147450076508069 0.0127871258284403 -0.00570712974440361
-0.0149085537591555 0.00391666756843037 0.00379434790480694 0.0209021338594992
-0.0124604713195477 0.0267770239967195 0.0183503509452804 0.0411115729493627
-0.0390907470675451 0.0389386124474882 0.00486938799397033 0.120149768645128
-0.0816757321583196 0.013093649105221 -0.139617539561741 0.193622238004887
-0.0966064248322688 -0.110125090264263 -0.394938719969311 -0.00255466979843144
0.0780422482105441 -0.177425006955727 -0.318628124544039 -0.40612035709851
0.205634456349432 -0.0334839714407263 0.0629658086300952 -0.505016185962093
0.162051275346902 0.0544649082581498 -0.00464597436860885 -0.15527513442545
-0.0375457596645741 -0.00613594416286758 0.0170304804395257 0.0949278974911901
-0.0669909763659869 0.00146079518578407 -0.207935974555482 0.449938767052532
-0.0679124901525083 0.0525695990096578 0.222522729519308 0.555430840913064
-0.00207465742380774 0.0894439312580892 0.466472689349086 0.128792085349335
0.0489745673829134 0.0405618944505347 0.229359735186679 -0.208474619019401
0.0460642339720652 0.00472335159869508 0.0137037266454719 -0.162592855102984
0.0296932338812825 -0.0151990267749914 -0.018633288065929 -0.0536298297207665
0.0139854021683519 -0.00589632490733241 0.00152676904316743 -0.0296323151692674
0.0124183226462629 -0.00153651255354611 -0.0116767636869091 -0.00516533542548191
0.019810617333657 0.0144871504873854 -0.0541123638645931 0.0526305610715383
0.00984920476918918 0.0266142660461778 -0.141197471168778 0.0716355461852116
0.0115697988673501 0.0134893923943979 -0.208241185471661 -0.0455911298859487
0.0135854181973861 0.0216660419971402 -0.126400648829173 -0.166979811973941
-0.0177343670244777 0.0493809888199521 -0.0102907601347874 -0.157479797503055
-0.0691233362724272 0.0181321081466299 -0.0153054080700908 0.0371851883076677
0.0635347979763007 0.0184381604727641 0.0200726312379272 0.107560689002059
0.0373629972832223 -0.0592390027482164 -0.231003444279894 0.438120730683778
-0.0631253464101738 -0.0493247567963235 0.180710603219042 0.562743851839187
-0.0860152792445657 0.0605980219749962 0.434377516231423 0.168697221427311
0.00237439064603301 0.0825406980008137 0.235600940853124 -0.162598418955291
0.0373544908456298 0.0470936519231924 0.0373278514149885 -0.14210378620251
0.0348625726352079 0.0122120065725953 0.00152506104016291 -0.0479016312670876
0.019775585733697 0.00204495399579645 0.0111259087670995 -0.0299146541194372
0.0107504009504546 -0.0106430003605877 -0.00719069161188346 -0.00567455598162806
0.0219505724773521 -0.01168954516742 -0.0503763454603902 0.053233885878429
0.0376793056586757 0.00850947085799261 -0.138189845910479 0.0788890072037188
0.048745756133094 0.0382019878665853 -0.214667278423187 -0.0313982569000248
0.00824251214816097 0.0611887698649361 -0.146176366525073 -0.158557095380419
-0.035247531321723 0.0603980366864056 -0.0194394453291055 -0.167731104394805
-0.0475030344298521 0.0219655160608818 0.00438953865236794 0.0354338412806446
0.139615689079977 0.0323369817354899 0.000173645000732267 0.108151187544128
0.104855122474555 -0.106862453260664 -0.222155729554109 0.436996826332975
-0.0612386222012493 -0.117811060115708 0.179514013890476 0.525200736340479
-0.134034957806926 0.0392461044858215 0.384789286523398 0.155106456517345
-0.0292925925359643 0.100005703572047 0.202708581214898 -0.118158492719768
0.0224340722247645 0.0671216929757231 0.0464524444218257 -0.0996723133592206
0.0292642491896702 0.0305692077884609 0.0229063804280421 -0.0296356660189823
0.0213017046514816 0.00792871884771611 0.0188150905865812 -0.026225351154333
0.0132997795364827 -0.0166087274902727 -0.00951263788336489 -0.00728094010168736
0.030216887876108 -0.0270030878173026 -0.0482848453024418 0.0422517538761233
0.0623910337039673 0.00572599681024821 -0.127053678165686 0.073187257847255
0.0631939706493862 0.0701381590600298 -0.211062381091034 -0.0199201656349319
-0.0154606084489272 0.0776737567443956 -0.168636170968036 -0.150643381801726
-0.039978967952388 0.0427941670568897 -0.034370842166588 -0.199114530715642
-0.00213530732657185 0.0204159609317289 0.0273682153971727 0.0153549262515322
0.170733125365361 0.0284268574695003 -0.0201310648025903 0.099598723290906
0.101967596506882 -0.134499443791076 -0.173514958331421 0.421838955663273
-0.0794960547168906 -0.123760053434783 0.189720233415053 0.441254784671633
-0.132691228916852 0.0492810342489126 0.316539175538625 0.116654096068072
-0.0262914755300573 0.0939532212500931 0.156191180132613 -0.0775963122034838
0.010078542796152 0.0572124833300311 0.0478631347757892 -0.055512823716326
0.0163831044231793 0.0313771059385492 0.0384961932189635 -0.0111089508986665
0.0186851586953202 0.0104646169621789 0.0217926085141875 -0.0180327845859938
0.0192802170145441 -0.0131832222495586 -0.0117184921522547 -0.00826226318996682
0.0400531225317755 -0.0176614468985089 -0.0391053964481162 0.0275620890616203
0.072022175791678 0.0332463152535977 -0.102631153827635 0.0647882891908084
0.0316862362599568 0.107228728393202 -0.202861273854824 -0.00160341264312793
-0.0643565949736894 0.0497975745381508 -0.20067170157516 -0.142745702050997
-0.020799694756386 -0.0150787600441821 -0.0569558294944293 -0.248420724620318
0.0685362573389282 0.0164997153635619 0.0421748916576009 -0.0178684886421706
0.161453130589552 0.0152469041033966 -0.0241711127392872 0.0829752748860358
0.05305231320565 -0.122269731208233 -0.105665148923041 0.369092257645534
-0.0908123870253266 -0.0720926494207126 0.176157638664411 0.340868847366133
-0.0830994233328542 0.0697609676189554 0.245804058598878 0.0926910785714374
-0.000755648887334923 0.062084555225417 0.125399000882974 -0.0439144326733442
0.00119711447553815 0.024848018963811 0.0516877631695826 -0.0276430415035499
0.000782903596498268 0.0182474464845233 0.0456423917458219 0.000117327984785713
0.0130937353939825 0.0112075435946372 0.022002740360267 -0.00706371425000336
0.0247045105527833 0.00195884976182865 -0.00665138452128231 -0.00650423702190724
0.0427247211370768 0.0166548432199673 -0.0176952361598351 0.0217081498010079
0.0490771722984726 0.079288894884156 -0.0710575802302314 0.074608881415053
-0.0507447409004715 0.119636799455183 -0.209205621878083 0.0325658882205741
-0.111831196818141 -0.0351783912221543 -0.252244701695757 -0.147969085055086
0.0371411902307693 -0.0950030507821278 -0.0772692408991945 -0.316257939296392
0.150415997392959 0.016497631584573 0.0426013794119271 -0.0577152421175867
0.133080496247218 0.00254461747317521 -0.0106816728177247 0.0543214321981964
0.00773553635702477 -0.0804110539106004 -0.0474770389688975 0.286844943252255
-0.0731221302682679 -0.00903452590491343 0.141705327606173 0.264810765952687
-0.0183995717375798 0.0670105678860498 0.201216969852146 0.0891107779285115
0.0218563517089676 0.0139560077842706 0.122658255404093 -0.0311059386394553
-0.0075744335512224 -0.0130101321011526 0.0580672735490732 -0.0254608467732135
-0.012635255927452 0.000212890210068253 0.0435380687683132 0.00212660587383096
0.00469905236339193 0.0103346084328598 0.0196382218456892 0.00471127550598302
0.0226956611128823 0.0220088891825323 0.00547273317657664 0.00285224848103198
0.0251754754338784 0.0555368829987818 0.00917702261482202 0.0395478789444281
-0.0088489423163468 0.106830734313356 -0.0550649231948192 0.116484077517252
-0.141859879997987 0.0694750918187172 -0.253671421531573 0.0659015476012261
-0.103987006972132 -0.151670275652106 -0.31654376804954 -0.195738205544429
0.129720935600518 -0.145265545089323 -0.0712256248743917 -0.399370744286369
0.212990332687417 0.0289306840306966 0.0303015320283593 -0.0971711929629704
0.107436977860644 -0.00759117011213901 0.0064682082630349 0.0175394881461958
-0.00676157828459444 -0.0418338899120602 -0.0151322237061907 0.206412802590857
-0.0381617333044929 0.0197505849958659 0.113620278606587 0.222089908341313
0.0203974077091644 0.0373305495315037 0.1917628112399 0.0904261451318348
0.0253820387417564 -0.0268602638650253 0.135114369235434 -0.0432840412848541
-0.0151081894820583 -0.036681299933528 0.060068509648799 -0.0435203258252201
-0.020909009528906 -0.0124654644680281 0.0329847478771191 -0.00103057743982511
-0.00544116332612327 0.00815330958467787 0.0146166822814006 0.0150316988295502
0.00948243037014957 0.0341293360895413 0.0173983701297123 0.0205268575732505
-0.0083896752037145 0.0690619373806065 0.0210514142029204 0.0798239572453145
-0.0680876235290743 0.0821231986996382 -0.0816829026779059 0.17042189091245
-0.16807787019163 -0.0315733027541766 -0.333538304928147 0.0596285867535644
-0.0219066256715167 -0.220506762658736 -0.353863941473059 -0.297223596063739
0.210089208630834 -0.121876897918705 -0.0212113310023917 -0.477668677111669
0.223471123736032 0.0466837424444327 0.0110648911729462 -0.131452024748254
0.0912716331228054 -0.0172579515917447 0.0139900403755369 -0.0171709849072562
0.0051819822492921 -0.0311094964378404 -0.00287654741733984 0.152236664857133
-0.012338237415795 0.00452492221545217 0.102845953444474 0.200475654973336
0.0178691413131342 0.000412751136994041 0.202904998503482 0.0806981309315122
0.0122298591166588 -0.040226079698194 0.147710536798937 -0.067998892268445
-0.0183999416971058 -0.035380117662824 0.0550061742065932 -0.0650061395578066
-0.0222754249087525 -0.0134257074784228 0.0172837545520751 -0.00579904085306965
-0.0136219478956224 0.00456027273174439 0.00767303017092157 0.0213168739546007
-0.0101719317266645 0.0280723321619829 0.0208420928090462 0.0404231109923511
-0.0372813488063013 0.0432069225617165 0.00763583149704515 0.121614457871925
-0.084673831702986 0.0166836993770339 -0.140554755060304 0.198672400847497
-0.104540549371455 -0.110355411885106 -0.401993247819813 -0.000963604783794987
0.0759366558737189 -0.186209303819942 -0.330241432833299 -0.416416425596055
0.213788333888454 -0.0400532139244778 0.0656379742734237 -0.519821443269842
0.168737345454064 0.052768338592425 -0.00513232157917161 -0.155660018680141
-0.0396371108565125 -0.00489480809701172 0.0223960936347982 0.0905377289841112
-0.0685356258466793 0.00525863324585604 -0.203672066700611 0.465484533989378
-0.0669426291462258 0.0572774439045219 0.24771853354946 0.565081274228987
0.00300265801439397 0.0925584123514249 0.484140154864073 0.115227033563411
0.0525141983614817 0.0384870093119243 0.224042647716378 -0.220993383121801
0.0469191195572117 0.00183682387445577 0.00553941607878599 -0.166529111079482
0.0284897868667945 -0.0172176988044268 -0.0233740466702486 -0.0536907475953815
0.0135067247287341 -0.00635364294468124 -0.00335202468649407 -0.0304233122180205
0.0114361835259707 -0.00166896672465253 -0.0168212980440182 -0.0051752262389107
0.0207488688385507 0.0142087634314238 -0.0582949929324952 0.0539935340662099
0.0117177376357506 0.0262883878559718 -0.144313182416661 0.0748135070674899
0.0134045618302142 0.0124892290312633 -0.214490087268701 -0.0459883847587476
0.0152437023656379 0.0234588325415821 -0.129076810778721 -0.172988038333052
-0.0164259042905298 0.0533433856355058 -0.00780466310468552 -0.163538249762369
-0.0731985683282323 0.022209847556831 -0.00571443688451484 0.0391517707949575
0.0680140723982304 0.0151758598400385 0.0262843003027803 0.103559571985765
0.0364347798166321 -0.0640553778160213 -0.227537768897329 0.453862069233931
-0.0686604496206946 -0.0497105505527614 0.203894822010168 0.573371468124508
-0.0869466215659124 0.0677849003223831 0.450017745071988 0.156022100199911
0.00672167032286971 0.0862158048426422 0.232020597159255 -0.17483217563621
0.0414316351574321 0.0472121110750865 0.0302712705534273 -0.146272219505298
0.0370986078469364 0.0120011243048314 -0.00178695546991235 -0.0493051027168061
0.0211000824050161 0.00145730929216445 0.0059104395585658 -0.0315890908958817
0.0104870002532123 -0.0111973136367262 -0.0130511055077667 -0.00622864778999307
0.0222145521862653 -0.0129416860437657 -0.0546626009581667 0.054016610215787
0.0396700767965913 0.00733084503536137 -0.142267475350028 0.0826741002895068
0.0527363702108868 0.037661789801306 -0.22136187749729 -0.0308981449617186
0.0105380888782475 0.0638766301000587 -0.150480552042364 -0.164128611274571
-0.034003067821935 0.0636087024110166 -0.0174241090293013 -0.173810620812279
-0.0481557827118247 0.0232073578902202 0.0143855999687929 0.0362284130185368
0.148391408116599 0.0258842895202375 0.00598963532320884 0.104399861576248
0.104958454201197 -0.118003771281451 -0.219946834475522 0.451889713822446
-0.0715864967239428 -0.121155529906979 0.200742365931621 0.530650246180299
-0.139244413027549 0.0493391862573188 0.39620264975725 0.144641390176213
-0.0243245104387164 0.107244335943737 0.199548104247151 -0.127750859727106
0.0278262267093636 0.0699865493844209 0.0414535896547853 -0.102643911152137
0.0336561836715462 0.0303929223658791 0.0217044641151891 -0.0320769258359705
0.0240785850793093 0.00664752077142437 0.014356840819831 -0.0285835713207556
0.0142826416789708 -0.0180161205693176 -0.0151633665923862 -0.00762662179544437
0.0301392596497451 -0.0289191731366728 -0.0532933478517332 0.0432652669571567
0.0656870189954964 0.00419823741043487 -0.130937557537738 0.075895044338862
0.0690441870346034 0.0718520141859542 -0.217671454358193 -0.0195571322878826
-0.0148540031888824 0.0829396924062214 -0.174083812137037 -0.155531232076676
-0.0399574749053323 0.0438392135724777 -0.0347931385516535 -0.205466165909544
0.000550098732078901 0.0182076008341005 0.0363584326202895 0.0147703158327082
0.181573483178912 0.0190466994051187 -0.0158244789078053 0.0976623727133347
0.100963337642955 -0.14846173278409 -0.168160929878173 0.434761722127899
-0.0920275337467585 -0.127544664761589 0.206072511328575 0.444977280234508
-0.138082784420624 0.0606761587977675 0.323681587820314 0.109522922091626
-0.0215363962603073 0.102174984581857 0.153708312723335 -0.0816621522100056
0.0149822915645393 0.0611433278106717 0.0465999723002127 -0.0564539068467149
0.0209696040237791 0.032211089551953 0.0397645796985305 -0.0135353987482626
0.022209324695697 0.00950144374728194 0.01942777925823 -0.0203578713680275
0.0211989459298189 -0.0147946682248364 -0.0162528883624109 -0.00837793323580894
0.0425894771117062 -0.018835411382504 -0.0441648952336622 0.0272548437582399
0.0772699968541827 0.0323281307001302 -0.106320785011643 0.0657675572706675
0.037932397614054 0.113656169744366 -0.208718142313134 -0.000949695485057186
-0.0685169531409627 0.0561874296266235 -0.20630504804635 -0.145498780388307
-0.0226997094090855 -0.0186380562084971 -0.060726174155384 -0.254687821944431
0.0753158642585312 0.00948502579841267 0.0490016981718852 -0.0195374913428561
0.171485157143381 0.00465884414091869 -0.0215011963496924 0.0813790559474
0.0510394272763518 -0.135130241621531 -0.100948368351021 0.377124066345581
-0.102146297403174 -0.0737755612485353 0.186575709757337 0.343125800864875
-0.0858248452366853 0.0804149206653344 0.249291055232615 0.0885208010168549
0.00330549212587962 0.0681666333104683 0.124513109948731 -0.0439921767691495
0.00429811207772518 0.0280006655163608 0.0536332660445065 -0.0276056387588905
0.00454625688822858 0.019420304146412 0.0482164173540404 -0.00271482491276003
0.0173932174716427 0.0106127343369289 0.0216778301159578 -0.00902780340272112
0.0283854884449926 0.000189939882140777 -0.00987341587766761 -0.00721608927906791
0.047391904675615 0.0168513866894106 -0.021152040021543 0.0193697388530123
0.0560426328740574 0.0827779962920598 -0.0726305982049958 0.0748053062951972
-0.0471979622032277 0.13180826540643 -0.212242980253985 0.0348404642455654
-0.122994914756073 -0.0303112994963779 -0.259762214551648 -0.146804861735059
0.0336152090973689 -0.104928450462201 -0.0848052726857438 -0.322636401331894
0.160418115647552 0.00606927561595497 0.0467376557901312 -0.0592149547880918
0.142260150983769 -0.0075794107474361 -0.0109799637482931 0.0522338308083111
0.00543550674621365 -0.0894509679131765 -0.0454746682145464 0.291288743791449
-0.0804506261642131 -0.00781647595044018 0.147826087855236 0.266897924544968
-0.0182358832932376 0.0751143557071161 0.2028528715823 0.0893840501764073
0.0241471428938039 0.0168198968763587 0.123841746865105 -0.0303165461244147
-0.00735227831453544 -0.0111252387779686 0.0613686909377623 -0.0255272761214749
-0.0105193236236265 0.00190495305427986 0.0466862793857538 0.000156813793030332
0.00868181418460849 0.0101457698828472 0.0209516354018318 0.00343399154523443
0.027455692648202 0.0210308457529439 0.00435013492372156 0.00155258953662196
0.0318010099099671 0.0586293115136573 0.00831985451910039 0.0365701577760682
-0.00234615950179278 0.114078896489025 -0.0528393674766729 0.116991750851183
-0.144799480704464 0.0843561538649957 -0.255270015922747 0.0724036564356409
-0.120650156540195 -0.15208317105147 -0.328659820320131 -0.190654271069262
0.127329166670147 -0.160948402866466 -0.0834140110786336 -0.408687376696017
0.225489062355794 0.0168370347743558 0.0302730754252243 -0.0982454903450723
0.113381027602461 -0.0168083069355998 0.00308188358259868 0.0153339219495943
-0.0088291417656734 -0.0479835858499379 -0.0158189240322952 0.20817046876534
-0.0416920054354853 0.021594059963209 0.116288729662036 0.226357663589223
0.0217259251252999 0.0412910019483192 0.194894540514632 0.092349215296892
0.0251548939054986 -0.0267735102940581 0.138063623310627 -0.0431865533896669
-0.0162704695683618 -0.0355142408226735 0.0636835206364529 -0.0438250774382493
-0.0198502235892188 -0.0114273958077529 0.0367431464878598 -0.00280003465781121
-0.00193743554644907 0.00865429917240692 0.0179183492149043 0.0140366358117144
0.0145153974800437 0.0343990828079509 0.0193177229751898 0.0188291707407088
-0.00261422532282382 0.0741365267877932 0.02465976507095 0.0778643527693359
-0.06538945423398 0.0913413860201452 -0.0762552822604227 0.175365105898524
-0.178534246176595 -0.0195053030497127 -0.33716037357155 0.0716805276101745
-0.0379674560814858 -0.227669224079093 -0.371349046716092 -0.291524849652904
0.212548348556172 -0.139374850013274 -0.0350860167167132 -0.489610590778189
0.236098447886577 0.0368482983293375 0.00812026123103617 -0.131744895478663
0.0945569016581986 -0.0247553024066671 0.00721150419923853 -0.0196074313310973
0.00419908482347458 -0.035283097908406 -0.0064368984078867 0.153851970896268
-0.0138019183316829 0.00492122035794949 0.105387664602494 0.205696652564261
0.0179266338804932 0.00193037883611212 0.207507638727219 0.0827727063507371
0.0108216235868106 -0.0410583934867073 0.150662989612272 -0.0685523918416559
-0.0199638955326685 -0.0345890714764323 0.0570897690685343 -0.0659116934957824
-0.0216865004005358 -0.0120644737827877 0.0214313183511869 -0.00593417530458346
-0.0125586881547068 0.00592615506928657 0.0121526792952959 0.0208664476028739
-0.00654657954058958 0.0297644370912731 0.0240358659661695 0.0394949459814335
-0.0351239610506389 0.0482611041963075 0.0140909218726071 0.121516257289036
-0.0866392031731357 0.0228639481615729 -0.134222412691243 0.207822117857986
-0.115664856887204 -0.106711560667805 -0.410962557873506 0.0138165782810413
0.0666176609281894 -0.1971366104831 -0.353557362657692 -0.413951787519353
0.220867781016113 -0.052640157559133 0.0531370375780127 -0.537667228895528
0.177795325380857 0.0460469421537855 -0.0111551868047124 -0.156149711939718
-0.0337979530396512 -0.0234994803648546 -0.0174182495327212 0.0878911891494713
-0.0593306028249762 -0.0288122713370413 -0.397685969277166 0.325968759685964
-0.0829034664312512 0.0139592026728998 -0.0314561078078965 0.622826326885723
-0.0394904062763152 0.0796230568988889 0.387742616031298 0.318869452556395
0.026747465489627 0.0555133656705718 0.299201615320513 -0.103243386271851
0.0405987376144239 0.0211994467394043 0.0761468134807962 -0.14938356214696
0.0322989145367887 -0.00433095859399063 0.000397892912006171 -0.0593948003052617
0.0141892894210738 0.000233192671424564 0.00676926088277677 -0.0304204004480153
0.00964406051349654 0.00363316500224375 -0.0177012414870099 -0.0144513607829983
0.0120772770508412 0.0220796413477041 -0.0789584369172407 0.0188148814567591
-0.000807679326398937 0.0294355645663171 -0.163545553378183 -0.000669252948343078
0.00366823928204668 0.0173679046927954 -0.167482171448804 -0.142172043868742
0.00270972902292538 0.0274747646100475 -0.0302074810666275 -0.217120719139245
-0.0394518340035626 0.0405110913100871 0.0765184513935934 -0.150497381278962
-0.0788474723305159 -0.0116952436505678 -0.0164291058290712 0.0356770706279856
0.0573366453875854 0.0426369237714572 -0.0178308037583125 0.0990823269785423
0.0697100299020389 -0.0469129817320638 -0.416777039869464 0.304660851671238
-0.0374457020021077 -0.0861203151707919 -0.0771687629667609 0.61127019591575
-0.111809220663135 0.0188340935800724 0.338633838496697 0.343646828812703
-0.0352808946791439 0.080210495194255 0.287689948992787 -0.0555680773872096
0.0164152008355371 0.0619196921996469 0.0911755265463816 -0.11975887381596
0.0291448382328704 0.0268659903310081 0.0190966235861644 -0.0463255704510983
0.0188987151408489 0.0108320837014933 0.0159472137606087 -0.0275038567286233
0.0138896231246556 -0.00567330342625604 -0.0136376680387594 -0.0129708834866107
0.0260355129634317 -0.00135622612827464 -0.0760316828115381 0.0208300556715706
0.0325260746958495 0.0248208171550696 -0.164615441183212 0.00847448070386731
0.0278611218057268 0.0583444257808805 -0.18128023998048 -0.130916062834121
-0.0218895201660782 0.0616442221430058 -0.0544121076742553 -0.219121724355697
-0.0590573946090991 0.0398396854239332 0.0727571585115805 -0.165519734648611
-0.0542647122762689 -0.00146224858893382 0.00383046138525456 0.0426421598424103
0.128912866634928 0.0886123520545569 -0.0365850360461494 0.08915410980567
0.158006868584434 -0.0687664383299752 -0.409408695043215 0.305977086832956
-0.0100410156636313 -0.155380850187519 -0.0637971775570115 0.571300230680865
-0.152515360005244 -0.0190883825456538 0.293337903570926 0.310798532776043
-0.0729698121286322 0.0875819494537553 0.23787604705602 -0.0241326944884245
-0.00480630704601919 0.0772993292894603 0.0830463957450685 -0.0738380004933276
0.0191518081108136 0.0430755562115619 0.0332689470708038 -0.0205956780066827
0.0207233984438697 0.0178342415621707 0.0225568501522202 -0.021451550207683
0.020742636150991 -0.00984246485927439 -0.0148928074527934 -0.0146669004889122
0.0404477167468042 -0.0119982325981748 -0.0696289473579381 0.0118425505310717
0.0583919326851756 0.0339884169647741 -0.151661899945865 0.00777258170217205
0.0275927597902606 0.0979711202059041 -0.18440090358101 -0.118456303843573
-0.0551049548247312 0.0669461845547919 -0.0808337308691904 -0.223635559445458
-0.0548826952964491 0.0168228030889404 0.0714489515865756 -0.203390603518873
-0.00464661103759694 0.0139879683226092 0.0326426146574199 0.0339379978584309
0.164107954106175 0.0968785377375463 -0.0544464485802315 0.0719184497872502
0.167509978914807 -0.100030247327469 -0.357134488145172 0.314517374626614
-0.0276770340994698 -0.169718207085221 -0.0203795244346538 0.495793936896924
-0.156863754372942 -0.00695604272234314 0.241309199562936 0.246144203748359
-0.0667039573573626 0.0851900694656673 0.175447417242773 -0.00179987035155377
-0.0123837563382499 0.0646436966794591 0.0680884875716485 -0.0282558002869081
0.00767894758246493 0.0401725910624352 0.0428081087020136 0.00458827856957451
0.0189845757260734 0.0194925478107218 0.0240740113255124 -0.0119341251565035
0.0272881522986788 -0.00439501455574606 -0.0144931212103644 -0.0162612354267623
0.047643851349607 0.00271832259939034 -0.0544103133115544 0.00206402234433614
0.0570381008448886 0.0661517113314755 -0.126049938162246 0.00988610762154536
-0.0187624217917555 0.123747024733311 -0.18633482576159 -0.0972835970154796
-0.0937486569632728 0.0178671493778809 -0.11455463016283 -0.229834384851769
-0.0118292213906665 -0.0344855681043685 0.0719855862114813 -0.258331912996062
0.0688168181296537 0.0385727325951425 0.0585038330068971 0.0104715868395033
0.161993584764312 0.0794097631400023 -0.0542734471636731 0.0551361784873875
0.114490783677769 -0.110800232288648 -0.267951625739591 0.292811400100395
-0.0625482144345235 -0.123587058044317 0.00786340405550765 0.393745497280726
-0.118000527882059 0.0345931120386559 0.182132355726112 0.194660308157916
-0.0284719090977645 0.0657889730822919 0.131741736131883 0.0199325126139546
-0.00822783653892487 0.0299842830743212 0.0614457372749827 0.00237719360175114
-0.00134381381104079 0.0216642508242829 0.0463139176357795 0.0192651154666181
0.0142694090199957 0.0182381852779873 0.0228288385624636 -0.00022576676981343
0.028294238047616 0.012611964034175 -0.0083715808198983 -0.0124100441159833
0.0381490734803476 0.0383675611319891 -0.0300145511568754 0.00475103902000752
0.0171247326237044 0.103976656225583 -0.0998258540926464 0.0327556900240722
-0.104788562702235 0.104929405234308 -0.207367401252866 -0.0674317829309317
-0.106788722736852 -0.0859640642004188 -0.160942702954515 -0.256928203779702
0.0771500034624004 -0.0905367495805824 0.0805865184280317 -0.329538868185903
0.149255360384304 0.072788611630293 0.0725895399570619 -0.0253300296821699
0.139876897851876 0.054437749692097 -0.0345373037806369 0.034478714227734
0.0502834561112796 -0.088726251664137 -0.178355220906546 0.239708834223231
-0.0722908762602504 -0.0509541475291669 0.00681311773730017 0.30594625943705
-0.0528322921467921 0.0606593147524723 0.138975523292953 0.174697956377435
0.0133920330260604 0.0275676726500842 0.123406091889455 0.0325475972826454
-0.00132757831451998 -0.0111375320780603 0.0674258713825621 0.00877035346074402
-0.00770030947390335 -0.00182254876236852 0.0439670913252861 0.0215546278448716
0.00626718934296081 0.0138138675498742 0.018919327908799 0.011708912345146
0.0192109850539417 0.031698069716511 0.00204396416907276 0.00147809547481473
0.00640626902024887 0.0707804739586216 -0.00914817532764388 0.0322402717879331
-0.0507527502330998 0.108170659646286 -0.100637915864339 0.0789414990550042
-0.173811776960819 0.0205291617800174 -0.263041108757988 -0.0544343632898165
-0.0506843587593294 -0.196868082960267 -0.202083364216207 -0.326300511776772
0.188245251489696 -0.101699193356578 0.120180125139711 -0.403063392266399
0.203366578008595 0.111779371203177 0.0738938839978605 -0.0673682974977912
0.11543670347604 0.0325358862844098 -0.00752435081294364 0.00849510854137424
0.0173626679711812 -0.0548219513696505 -0.114629511265222 0.177782733908617
-0.0487393543171673 -0.00426899891619153 -0.00404590009944412 0.25633853087986
-0.000655974762492061 0.0467350347015642 0.130820603847258 0.175179092542398
0.0327391038900059 -0.0126574012602775 0.141794797528885 0.0279132974896376
0.000764586530197083 -0.0381801186019772 0.0778297315650109 -0.00658071504846418
-0.011640182725157 -0.0173119075156077 0.0364957345293003 0.0152740974031867
-0.00325385713477826 0.00800180660818377 0.0125461814495106 0.0203500630829343
0.000944303497612022 0.0381025424665659 0.00889642748551164 0.0235593564877129
-0.0315344945249335 0.0707483898972206 -0.0115490053497635 0.0769782247423063
-0.0992774287206563 0.0599964217217838 -0.145984928310614 0.121347093687187
-0.161002831156304 -0.088198884185924 -0.334058904531147 -0.0920144441494056
0.0598549476263417 -0.231155041584055 -0.193137319405118 -0.435471623898079
0.257309340615829 -0.0449337975084507 0.200404650905256 -0.454905803135435
0.202228769982125 0.135269215275623 0.0680448937145991 -0.108338041132047
0.099368590178186 0.0177603064264634 0.00944234060023345 -0.0209461593602062
0.0229403345029805 -0.0349717124280117 -0.0826149486282621 0.131782376287083
-0.0151717398807109 -0.00604045829563711 -0.0067072244401012 0.233777312108754
0.0129421715526596 0.00891996368671542 0.145268426370641 0.174231332867796
0.0259504394463088 -0.0334882615646522 0.163729387431056 0.00911636542308469
-0.00242539143004529 -0.0399222069148212 0.0830756433116565 -0.0285593216532301
-0.0134615995426659 -0.0191709678578719 0.0248227770469177 0.00632145998653134
-0.0124266417795185 0.000992104339783916 0.00496719031630799 0.0241782794926614
-0.0169782742521633 0.0250187475600413 0.00645130024477124 0.0444170262277559
-0.0510544906619584 0.0328738461922254 -0.0384893650872773 0.112761701608043
-0.09047430344658 -0.0127626215703411 -0.211280167011492 0.124797300862829
-0.0671268766551545 -0.141601731474764 -0.371851333481336 -0.176752695246717
0.142983440639871 -0.156633423693261 -0.123345310341803 -0.533776424977375
0.227401940884678 0.0395660626653689 0.300275071545104 -0.456613312674762
0.14226625598296 0.118777998318843 0.0618377584883592 -0.13998120117736
-0.0354260317329432 -0.0214183402338856 -0.0101374422785632 0.081054520809715
-0.0601659377254999 -0.0242235549106829 -0.380359991537721 0.334955538185076
-0.0808281758146539 0.0188095804569605 -0.002884829606507 0.61445263664676
-0.0333468016171398 0.0810043938037286 0.39701543756007 0.295063122742216
0.0301128039083639 0.0526092504757064 0.284828894215241 -0.115250860897236
0.0407651906117641 0.0176781421062149 0.0641216708300102 -0.150386847973283
0.0304660598124268 -0.00665717561184976 -0.00473145315512091 -0.0580651835181704
0.012760418427478 -0.000415072195912256 0.00185465132234249 -0.0308539247487648
0.00808830589802156 0.00300128993644477 -0.0222880102220566 -0.0156840393534518
0.0133426163270207 0.0205181229866572 -0.0804214675396894 0.0194360180956573
0.00131090013074231 0.0288042330304285 -0.161860697632997 0.00299945679463858
0.0058766235541546 0.0167748257169265 -0.169181967281183 -0.137839483871182
0.00400520247835418 0.0290120284673956 -0.0317853400439915 -0.216194119703744
-0.0379377082178876 0.0438174047751691 0.0768602347266916 -0.150626131841891
-0.0808465411006397 -0.00710485300123132 -0.00670163689693055 0.0387444397008553
0.060552329935392 0.0384153432200897 -0.00952625892532446 0.0921673282465039
0.0670342226257965 -0.0513383848741042 -0.400225096795294 0.313404079895873
-0.0427396797325823 -0.0848673707053063 -0.0495817740776838 0.604053795076467
-0.110245704227762 0.0259138636283629 0.346587756679207 0.320582463021939
-0.0301292582601901 0.0819197023645297 0.27571847420212 -0.0683375973777328
0.0201178141353727 0.0601957557336347 0.080660096899803 -0.12188326596606
0.0310247450542096 0.0248393936526023 0.0144868049968642 -0.0465235292026302
0.0196751535456982 0.00960310035981356 0.0104290059874844 -0.0291624769250766
0.0133352161998366 -0.00615156969142393 -0.0190476487821373 -0.0138891586003366
0.0253941335237643 -0.00291528648783267 -0.0781024139763618 0.0217006869946263
0.0342761121760716 0.0227803028768793 -0.163391029573535 0.012383364996743
0.0316420378345912 0.0572884568514011 -0.182853041006846 -0.126924377320915
-0.0191051611650655 0.0632472967421123 -0.0568211239943944 -0.217765718648321
-0.0561156993335205 0.0423627827402844 0.0728160382179557 -0.166147837732019
-0.0538661633705954 0.000190480762255997 0.0138478482433231 0.0443398494097168
0.136183967710764 0.0790688422651808 -0.0279307851183401 0.0833909672926517
0.154156094191027 -0.0793925841964325 -0.393004474404374 0.314897232243962
-0.020262534587052 -0.156503870283336 -0.0395608971507409 0.564735831563549
-0.154394847674187 -0.00923222686820749 0.299155775752863 0.291218739802062
-0.0667323905277047 0.0924754251808211 0.227835111877396 -0.0351739593393924
0.000628170464092821 0.0784179106786456 0.0764538909984842 -0.0754256869303539
0.0230283290886271 0.0427274923264974 0.0309395724618957 -0.0228003668744292
0.0232165061395063 0.0159706399181806 0.01746897396433 -0.0236084856346844
0.0204041182382588 -0.0113727138157902 -0.0196393397261567 -0.0149793306468456
0.0393861637642011 -0.013552406944401 -0.0722389776829767 0.0125847933996481
0.0603555351268041 0.0315205146557355 -0.151369890255372 0.0110309229385125
0.0332822490302698 0.0975163424371259 -0.186506146333887 -0.114416424633336
-0.0527718394442513 0.0690150396611177 -0.0834696282727132 -0.220906718554857
-0.0530453249945064 0.0171378202435445 0.0691031293928968 -0.203397376927417
-0.00108805492072558 0.0120798117207039 0.0413631611621355 0.0346458006483596
0.171610854105273 0.0854363935401264 -0.0472431090508826 0.0681999107611708
0.16308081728969 -0.112385977672088 -0.340381250489991 0.319685663813692
-0.0395665183466286 -0.170804391588347 -0.00132373438653538 0.4864559857857
-0.159021292281257 0.0040306715640299 0.244799709508415 0.230294499183715
-0.0611453232709943 0.091504986946605 0.168136674351427 -0.00712622709155508
-0.00719353588460869 0.0670640956261549 0.0644852998378876 -0.0284601163131679
0.0119498336484747 0.0408892163427834 0.0419433172605783 0.00216098302519219
0.0224504197866945 0.0183744217928935 0.021236307075165 -0.0139516021734875
0.0284514193993757 -0.00564472851280463 -0.0191870008076272 -0.0163372186398784
0.0487449227536454 0.000872495760133536 -0.0577562202249759 0.000643731259323423
0.0615674460045672 0.0641022315905355 -0.125076186626232 0.0108266092007603
-0.0123149440717003 0.127193422075719 -0.186810395369694 -0.0930100152775981
-0.0962955951210804 0.0230389683967828 -0.117117955316019 -0.225286231354043
-0.0129322260078432 -0.0376094406684642 0.065359482967224 -0.257755691783062
0.0749780440511748 0.0314007003259781 0.064122666378475 0.0104515364346618
0.169775048890557 0.0676170444815594 -0.0490207296708251 0.0517106747688577
0.109791223964999 -0.121002949841865 -0.254406420028187 0.2939820167377
-0.0729574145792862 -0.122453380075467 0.0202931563471853 0.384322233401578
-0.117720901773352 0.0440796170343561 0.182156829206403 0.184387799158472
-0.0244528156986764 0.0704818766641672 0.126885075292301 0.0181422614914586
-0.00538596478806028 0.0325525121013026 0.0609886086253474 0.00290433656972684
0.00208451737697377 0.0229718485996994 0.0471814936063485 0.0162193141794086
0.0182860592529997 0.0171014001563766 0.0215873579507919 -0.00221807857435994
0.031364888111875 0.0108888894843875 -0.0117587367278106 -0.012651760555874
0.0414367500308155 0.0379510970960072 -0.032285808176996 0.00198768762181224
0.0239044243997727 0.105203918069695 -0.0970988691264298 0.0322161774492996
-0.0991318356788209 0.115131703327087 -0.20473265693457 -0.0619710439290714
-0.115789165936148 -0.0804108240748463 -0.164491042101644 -0.247730671391396
0.0729878110305319 -0.0986782677029583 0.0698807964885155 -0.327600594428347
0.157007081744174 0.0608008736705423 0.0740519632261448 -0.0252262700143142
0.146073148122349 0.0436265197875056 -0.0329209913561978 0.0307410718313021
0.0464803525608376 -0.0956986416307034 -0.169473233742776 0.237348905283939
-0.0773866461464513 -0.0491355659939039 0.0135097617600964 0.298933105115707
-0.0511836723147328 0.0657757560554226 0.138886710193495 0.16916470163082
0.0144591028990628 0.0293788462254906 0.120534864491254 0.0309278238319623
-0.00178336000535187 -0.00886517096038045 0.0683396647159391 0.00882604026286422
-0.00537148646859434 0.000319981446657381 0.0463963463015233 0.0193253583132766
0.0101301202519279 0.0136243587724096 0.0198671992430502 0.00995170899638266
0.0237274827108686 0.0300333942610794 0.000452936658500524 0.000381331334582868
0.0132648019217594 0.0724937778295336 -0.00856523661929933 0.0284379340682985
-0.0434205627023969 0.11398364070217 -0.0942335613993529 0.0782828720810031
-0.173864925823309 0.0354671057480484 -0.258370253249197 -0.0438060945561412
-0.0671474421759862 -0.194333411562024 -0.209573777276266 -0.312286219725407
0.182498055203249 -0.114979704419762 0.103511681363285 -0.401637838270179
0.211834528397046 0.0974422772021805 0.0715083764607877 -0.0655206599228931
0.119869629337435 0.0242175229864071 -0.00977433412454866 0.0044252936894435
0.0151498508854628 -0.05936959354891 -0.111163302012344 0.173858998947608
-0.0511498248919711 -0.00367447525540124 -0.000844676168492303 0.251157416075635
-0.000498486514929574 0.0491131785530259 0.130497166704848 0.171132617537033
0.0317557557268215 -0.0126220607591484 0.139166785999877 0.0262193349753759
-0.00141648405195818 -0.0368788226391938 0.0788225031388936 -0.00642411870445135
-0.0105932280806785 -0.0153669636110525 0.0394636022994958 0.0140646577705176
-0.000346178080819624 0.00885059387088169 0.0155830888592706 0.0189964499316805
0.00614917242641679 0.038585760459105 0.0106744530581608 0.0212752613377144
-0.0251532445634211 0.0744527645391509 -0.00698337282283907 0.0731546948587811
-0.0950286057478882 0.0682794028708063 -0.135082436837578 0.123365634289478
-0.167847540087677 -0.0745228749466252 -0.330721782229907 -0.0755577982768599
0.0419227747966673 -0.234242800839111 -0.207623944289324 -0.419695724822423
0.254728963970056 -0.0612432550008384 0.179905954203709 -0.456863666536933
0.210604157798606 0.122347008551085 0.0615544559599343 -0.105440789260148
0.100511912597499 0.010274173594942 0.00326450915601551 -0.0240902576089332
0.0212939320675438 -0.038566156852423 -0.0837309408057339 0.12875232331561
-0.0162247633996468 -0.00527397985334992 -0.00437768153951501 0.232888592573241
0.0121950819673092 0.00940835984237253 0.146654992707192 0.170770219459063
0.0237537696416522 -0.0339934336733973 0.161978966344404 0.00702821773934789
-0.0040736850971763 -0.0384538079563519 0.0829387960394758 -0.0289355376126703
-0.0123591860808333 -0.0169460413890843 0.0280490728321207 0.00598109181110104
-0.0109076894782142 0.00252548316634774 0.00886010023446283 0.0238229427887119
-0.0137858584835425 0.0267752399639197 0.00984235489070676 0.0420362297721895
-0.047566347299033 0.0376166773452651 -0.0304428904065338 0.11093823788445
-0.0909137057252657 -0.0048837602799277 -0.198227774535107 0.132832213730348
-0.0769308401800799 -0.13389923275324 -0.372784731436849 -0.155898642840706
0.130916133419443 -0.164576188746085 -0.143219185139337 -0.520715365102701
0.229176107731907 0.0248111871949702 0.276969621374935 -0.46316281492393
0.14780683377014 0.109849828292238 0.0539472832353967 -0.136663502563396
-0.0361543572612365 -0.0198426283143904 -0.0053323904193322 0.0739663213174818
-0.0609970483532562 -0.0200253180612621 -0.364953107619195 0.335174253764559
-0.0781843883630023 0.021606259443285 0.0149128820786809 0.601371399787088
-0.028130528999066 0.0806848361857053 0.395001929754678 0.274065096809992
0.0319148611745996 0.0493321049058613 0.27047182201096 -0.12172491033973
0.0404403833610713 0.0146531833296855 0.0542870376065699 -0.148064968245443
0.0286236953872951 -0.00834851412323517 -0.00825891630356923 -0.056093137259631
0.0115607622408847 -0.000764274403452882 -0.00256673356458708 -0.0312356011673253
0.00615407721418028 0.00312920293513739 -0.0271774298861765 -0.0155443522882521
0.0129381253656606 0.0192824282360794 -0.0818621511288225 0.0193483645768819
0.00272435261937573 0.0276220301155184 -0.159758040087174 0.00441749017796673
0.00700413877159487 0.0157754660903214 -0.16747321706146 -0.134424859437116
0.00518507242389758 0.0293067097145817 -0.0298847981123053 -0.214151875192606
-0.0361729140273225 0.0456612628510072 0.0784098517771541 -0.149429981687413
-0.0820830423566652 -0.00359101871910434 0.00245302552412359 0.0405364289462295
0.0620949627366265 0.034549372540206 -0.00324175212591684 0.0847302598394626
0.0641452389979982 -0.0536820232648971 -0.38586094569121 0.31375191563331
-0.0461255436658812 -0.0825144271862743 -0.0327680556773206 0.593182946027649
-0.107442714219862 0.0308871345598577 0.347831427226343 0.301855915144144
-0.0252876786341471 0.0822032179259002 0.263157548736158 -0.0749854529629257
0.0228926723886402 0.0587761181491499 0.0717493698427573 -0.120340589330631
0.0316215694721509 0.0228978359049211 0.0107465422541285 -0.045793567012161
0.0203251417778303 0.0081632942341191 0.00583294167431524 -0.0294733476744404
0.0121837589883236 -0.00632522929415519 -0.0241502120248674 -0.0135900906721091
0.0242510845179371 -0.00401432977288037 -0.0795650796157385 0.0211977222247182
0.0347911337617168 0.0213054589580936 -0.161370484170424 0.0136545491726046
0.0338960988535267 0.0549814232097124 -0.181880974902945 -0.123521350074856
-0.0173394044289555 0.0636551368484891 -0.0553367014563175 -0.215808795823627
-0.0539524097360434 0.0431039329682652 0.0739397744208487 -0.164756992538523
-0.052655465158399 0.00144881029668478 0.0225346747668262 0.0452070645577583
0.139109635758088 0.0712713427383939 -0.0215165421011492 0.0770295986582332
0.14880793520565 -0.086059381761195 -0.379689117279185 0.314039927388456
-0.0284259689603954 -0.155516017994341 -0.0245447200615265 0.551861822537158
-0.153550359723066 -0.000921138472826673 0.298463437254682 0.273630793511546
-0.0609626171570678 0.0960175937532378 0.21804624875253 -0.039297457436373
0.00476706508050694 0.0783893213645092 0.0699935733769195 -0.0744501710722075
0.0263864681048091 0.0410529598379867 0.0285571812784105 -0.0234897559272138
0.0244952510155551 0.0146309366153536 0.0137988844177316 -0.0240942903266345
0.0203395515973691 -0.0120577452419735 -0.0244034741238096 -0.0147735963549948
0.0383261154348809 -0.0146606656991421 -0.0748941966122338 0.0120801488677972
0.0613825992207073 0.0291104251537204 -0.149839630148334 0.0118849419600467
0.037017466317844 0.0965459391037151 -0.184955612811133 -0.111661274981926
-0.0517472982831995 0.0707841898373706 -0.0824247542990169 -0.217467695083063
-0.0519129979861988 0.0171276860422973 0.0689025606113496 -0.200971203908595
0.00103343052274909 0.00950550496555306 0.0485853222829974 0.0349091539935081
0.17594742402779 0.0749340374015572 -0.0415283431764767 0.0620559690979292
0.156830054742479 -0.121069055409654 -0.32787570763736 0.316997351998071
-0.0497657266388329 -0.169665851713923 0.00957576375350431 0.473933193956782
-0.159095898853952 0.0125509166853572 0.241394365211519 0.216909157333528
-0.0557446828416181 0.0949456297875009 0.159751903847839 -0.00963055377767458
-0.00338193538885399 0.0680127916442752 0.0613586130468553 -0.0270270885188601
0.0160972999679089 0.0404761554652005 0.0411145372434438 0.000484143311683317
0.0252299739226895 0.0165708123998809 0.0183380715554862 -0.0151001377266314
0.0293651172076609 -0.00754378871953191 -0.0233530517153339 -0.0160341913742073
0.0488847495733342 2.83398312499552E-06 -0.0605089646441545 9.0902555604093E-05
0.0642387330610064 0.0619081896163658 -0.123829993769427 0.0106141731792335
-0.00658304024897512 0.128755503236994 -0.185103666719345 -0.0907335729065877
-0.0971894014701866 0.0268250665671578 -0.115248402502681 -0.220680611388702
-0.0142503109119704 -0.0405247707403298 0.0624384639258631 -0.253914755857934
0.0782702248446212 0.0249975835383848 0.0687511683321872 0.0106954069503685
0.173857397192735 0.0576847226499407 -0.0453901123144702 0.0464523803264806
0.104244019367868 -0.12865225202871 -0.244315923705578 0.288944501967865
-0.0802871803945385 -0.121276030630302 0.0261017151541793 0.373517307028671
-0.116513163106426 0.0514411271593596 0.177529210565079 0.175677100261931
-0.020134564687184 0.0733318548182896 0.121490461831459 0.0182233959117302
-0.00313776026799485 0.0345490280444031 0.0606898549447851 0.00403316287585323
0.00561139335532195 0.0237954659451722 0.0478519203874432 0.0143058064644863
0.0214340133189508 0.0159759573092869 0.0200324185030467 -0.00346433131153998
0.0334666128269367 0.0086865826858652 -0.014685767495271 -0.012918305594776
0.04410836970502 0.0373975189137369 -0.0348158202051247 -0.00063644558708618
0.0291061004862271 0.104985717960415 -0.0952813375783378 0.0297178461352427
-0.0930970356251984 0.12204300453862 -0.200791144995329 -0.0585653455649896
-0.12248382529439 -0.0738251925459766 -0.162494460153935 -0.239233842329742
0.0681454722605781 -0.104982437604508 0.0623918579594824 -0.321786993059078
0.161033194241957 0.0505951662526682 0.0759571989052072 -0.023645637979714
0.149127521629018 0.0345169336567534 -0.0317521938926202 0.0263280813954322
0.0428557320424135 -0.100820814373629 -0.164503029278305 0.232124272955872
-0.0818604669441117 -0.0477585185532225 0.0143549236964773 0.290431300762234
-0.0494809465975191 0.0700749056382235 0.134476960431795 0.164175381003512
0.0161595543497973 0.0311780620652137 0.116814128666001 0.032600899696465
-0.00151792153682248 -0.00713009474853816 0.0692203966003477 0.00942105173717593
-0.00242030641107477 0.00169895309699318 0.0481500196061312 0.0177340599315658
0.0130940320707164 0.0128852328548219 0.0197415222661466 0.00799076773219953
0.0272165773322278 0.0284538567745073 -0.000570703367381798 -0.00104192891421506
0.0186820723257967 0.0730218509022186 -0.00931698479791262 0.0238494452461919
-0.0362489987747041 0.117441116066765 -0.0887151722298612 0.0756130270877081
-0.170836111678592 0.0469423934014229 -0.251716762214702 -0.0370591768028358
-0.0795743047969424 -0.188753462296207 -0.209137561048745 -0.29983415345988
0.175958672629961 -0.124844685916883 0.0925585628812693 -0.395799828793289
0.216578421354522 0.0847737635435027 0.069885260744892 -0.0626728352415234
0.121178361330365 0.0168084475268944 -0.0126747840225738 0.000953683969161442
0.0134384951652815 -0.0628503226622777 -0.110975113673263 0.168409777660877
-0.0527172070993153 -0.00296223432801048 -0.000875745065256721 0.246503230984727
0.00148437512254332 0.050907367454753 0.127630558203223 0.168349133891519
0.0301497140038807 -0.0118438908017132 0.136423618067644 0.026627788399323
-0.0023117672160612 -0.0348019185488872 0.0796925663675278 -0.00573956328965219
-0.00871178176069539 -0.0133514856833628 0.0415709757227424 0.0133550487206429
0.00225140201767139 0.00896211069158201 0.017296393975064 0.017728304595589
0.0101189308865756 0.0377888012558716 0.0110017209062787 0.0191374474080659
-0.0194284777763737 0.0770423274773884 -0.00398773902644968 0.0679264013767548
-0.0903148634187996 0.0744441604997674 -0.124853280677197 0.12240359940324
-0.170265483018234 -0.0620858425211348 -0.322979010760331 -0.0638052233741147
0.0271146595318251 -0.233753901019518 -0.215017355448175 -0.403582629835511
0.249253583013632 -0.0738791371845778 0.164801631360765 -0.451114632869168
0.214809935766321 0.110677311508275 0.0578652003750265 -0.100652541256281
0.100485695636478 0.00523833507952733 -0.00261214096598256 -0.0268251330902991
0.0193868376360462 -0.0409313528839898 -0.0859044906193522 0.124875523177902
-0.0172668507473867 -0.00576279287118099 -0.00496214224067556 0.229533540151273
0.012542660438323 0.0104356317984679 0.144866937732447 0.16761603213775
0.0212056011956086 -0.0336912933650293 0.158833849340342 0.00725419227464759
-0.00531152297441544 -0.0372226906869364 0.0834981598187382 -0.0277476838406728
-0.0116458960372945 -0.0157295577496395 0.0310909373058268 0.00634163933766077
-0.0093048659591601 0.00391549963129024 0.0121679870071974 0.0227666501593428
-0.0104872456847143 0.0272466482961161 0.0119412529536402 0.0397895905108899
-0.043992548831781 0.0411806302151645 -0.0242015061043707 0.107604361127711
-0.0899981498857979 0.00105836937342213 -0.1865439242803 0.135259656786824
-0.0836958867713546 -0.126499265058443 -0.367067523389896 -0.139560306842659
0.119785394968699 -0.168067894286556 -0.153795220308311 -0.502931339803207
0.227478419957136 0.013285626402136 0.259997964309336 -0.462179025208904
0.150954154461879 0.101834552284477 0.0476836756238363 -0.130392069254884
-0.0369919137554065 -0.0187757399263491 -0.00201160872966205 0.0667234559762489
-0.0612488426545514 -0.0172268231719293 -0.358455908253722 0.332698363414195
-0.076318002711754 0.0233561869988564 0.024624115220965 0.590400601422661
-0.0239581886467969 0.0803453330225162 0.392065842750559 0.258638483373583
0.0333581422305692 0.0471753706507414 0.259559836679944 -0.123378038561593
0.0395656262272097 0.0124660801286314 0.0468409566305652 -0.144697321777839
0.0265035065668479 -0.00946579751473117 -0.0114537822332999 -0.0537698583733433
0.0105100726507233 -0.000589528632282947 -0.0055651112480935 -0.0306637529908555
0.00506888669498755 0.00394585756421182 -0.031251156765298 -0.0153076495160025
0.012776952544708 0.018375491603407 -0.0841751843811189 0.0188000292357796
0.00350208982421127 0.026942210792584 -0.157779465397952 0.00390699347280381
0.00797078837476075 0.0150415428020736 -0.165081036779735 -0.13368784111597
0.00637205368709423 0.0306247894187795 -0.0269046272126323 -0.213802968263412
-0.0350640213940847 0.0478622386894284 0.0820512992305638 -0.148444934242315
-0.083463255875433 8.07853802509608E-05 0.0107874157464634 0.0414104650766126
0.0629584318677687 0.0317108688814911 0.00108714406717687 0.0772056251563917
0.0618135190494445 -0.0557269602002175 -0.377903492267662 0.311213601233666
-0.0493305909041184 -0.0824160091683394 -0.0212092417487346 0.58325016886654
-0.105470455947606 0.034372755216608 0.345591497167698 0.287895814315525
-0.0227454478468561 0.0828181038598559 0.252147767565802 -0.0779136593901116
0.0248044830768215 0.0571113672568035 0.0651756439023015 -0.118338222233545
0.0321171448691255 0.0209212405404802 0.00791914286754894 -0.0447898448301286
0.0202088318742293 0.00720735083096016 0.0021001670584029 -0.0292133468575669
0.0111505840566305 -0.00667987674215679 -0.0281711123594641 -0.0138649682056384
0.0234616753650233 -0.00502495036184795 -0.082027379430488 0.0207303864432675
0.0351854074671054 0.0197133780423907 -0.159925394684977 0.0134402601979315
0.0353254692933529 0.0543548466233503 -0.18006841050847 -0.122483207780467
-0.0161050916351975 0.0642871017336378 -0.0526626373614373 -0.215594359936541
-0.0524476622641162 0.0438359709255696 0.0768683126854618 -0.164304269861981
-0.0523379328857076 0.00228886747862101 0.0310079449842465 0.0455156401405265
0.141452799438727 0.0647502871936563 -0.017443593057437 0.0695771316615387
0.145338436337904 -0.0922227935699002 -0.371183335426179 0.312171574910078
-0.0350949645319245 -0.15536143970677 -0.0143005549263615 0.541800302896748
-0.153570677659472 0.00545223274405225 0.29546350892656 0.261597175791978
-0.0565588642817961 0.0986688062931148 0.208883591668268 -0.040939833970744
0.00779602609138331 0.0786345822222925 0.0653676663043176 -0.0724748726001943
0.0284042260423681 0.0398719332585396 0.0267751314752866 -0.0227427919758663
0.0255784166063334 0.0135062557193531 0.00961480428219071 -0.0237455951905401
0.0198496490273596 -0.0129157115158956 -0.0289563172963093 -0.0146944383822371
0.0375076303952711 -0.0157318976816514 -0.0779234729571484 0.0115348190647691
0.0615425148188748 0.0275497455436498 -0.148675462951644 0.0114191742178857
0.039840754855577 0.0957852328074771 -0.183888337396252 -0.11029502964754
-0.0512350216232503 0.0724938631153414 -0.0794594557395319 -0.21705238915265
-0.0513922120207181 0.0156825358139024 0.0708226647932487 -0.199283308997507
0.00320184149566143 0.00688505885087451 0.0559146712656574 0.0347326275643123
0.179590044501148 0.0671455337310482 -0.0374628640326129 0.0557858126702019
0.152237969214111 -0.127904134117676 -0.31947521922447 0.312446494343644
-0.0579496071639545 -0.169750808354543 0.0166776723078734 0.463931034741335
-0.158924221244292 0.020274712863694 0.236438729377171 0.208310168235102
-0.0510017568596069 0.0986630762347241 0.153433809082119 -0.00925907040752515
-0.000131284912763701 0.06955802380842 0.0594807837861537 -0.025121247484749
0.0192941102738235 0.0398339313386602 0.0409617078971941 -0.000820727219612912
0.0270576769651033 0.0151051616260306 0.0153165317089536 -0.0158262880964039
0.0295889564052981 -0.00882616257253576 -0.0270539195433101 -0.015448541223966
0.0493757895458515 -0.000914224427849444 -0.0637891785923564 -0.00123604601063859
0.0662216561155557 0.061146182100118 -0.123539394141083 0.00923980916446814
-0.00207380179124682 0.131480293214246 -0.183071087753044 -0.0897602973798535
-0.0990705459332865 0.0300717077534741 -0.112115185547434 -0.219078069179869
-0.0153675466905561 -0.0431735882653096 0.0623095779945936 -0.251010370356561
0.0814524814901403 0.018777672896255 0.0742641050131337 0.0114185164989682
0.177422842249403 0.0489900614912848 -0.0430332963276099 0.0411959367521649
0.0998353662723351 -0.134543731441694 -0.238732783729616 0.284169270804853
-0.0868908119354418 -0.120086842164428 0.0275784864691191 0.363751382275992
-0.115825533949847 0.0576002050308687 0.172194968385766 0.170193113662103
-0.0170898057442741 0.076198162697187 0.116694979473752 0.0201201094013913
-0.00141568128334827 0.0361158378303404 0.0607546397970607 0.00621908778935892
0.00881624477708015 0.023680313844787 0.0486290350235795 0.0130465945765769
0.0242352800349729 0.0143205407764564 0.0188585021444189 -0.00411638273815278
0.0347599485465201 0.00680176645457691 -0.0176029062249654 -0.0131112262167704
0.047330292539446 0.0366420045980543 -0.0378417855540164 -0.0028840879398229
0.033711301416134 0.105416201701873 -0.0936722948238121 0.0267257344632643
-0.0883130998089414 0.127888798700685 -0.196449366792707 -0.0566689054491708
-0.128485663547039 -0.068938978957891 -0.159044098578737 -0.235195644501782
0.0643245906761324 -0.110011500518346 0.0593676198251889 -0.316774471837968
0.164901560654349 0.0423212523367523 0.0789291459139442 -0.0218460385525425
0.151732994464774 0.0272283954843053 -0.0324242891054659 0.0222034883446048
0.0399306636284122 -0.10564148186366 -0.162864367442976 0.226743012170557
-0.0860313547265717 -0.0472417810734678 0.013650998357795 0.284909726202237
-0.0481568803416453 0.073779010735579 0.129624717133113 0.161560723881731
0.017142343045555 0.0333530743550798 0.114040588983141 0.0350182863427044
-0.00146062284473123 -0.00530827564708671 0.0708652043904826 0.0107226794739528
-0.000721708845645586 0.00205194937354446 0.0497545761466083 0.0165214288762161
0.0157932331252821 0.0118098218434485 0.0203985439493224 0.00748947158328906
0.0295582137351241 0.0268503768398654 -0.00278307402617193 -0.0021091347762827
0.0231945419428917 0.0736560278149393 -0.0105402951188751 0.0201920107041841
-0.0307113443153544 0.120333503668139 -0.08444316108445 0.0716009120202391
-0.168687099337217 0.056648592750741 -0.245328057838721 -0.0330131699877499
-0.088983846367288 -0.18464739478693 -0.205633168365783 -0.291727826079348
0.171555841860478 -0.133245903116586 0.0855080221981807 -0.390564031894302
0.220026648197021 0.0750526991927879 0.0703693786679935 -0.0591792010832428
0.123109056073417 0.0110903493257651 -0.0155461802561024 -0.00233905908646245
0.0112703890291799 -0.0656158068165749 -0.11249715220749 0.164170170945942
-0.0543880515052213 -0.00276141722664326 -0.00324156417648673 0.243596633126104
0.00214412351533895 0.053071994832616 0.12423504219043 0.167870219562856
0.0296674103151756 -0.0107910896513118 0.134882753344314 0.0284666426673577
-0.00357090443881044 -0.0330972542795068 0.081312077430064 -0.00474669236491343
-0.00677673781718813 -0.012516625594129 0.0443426560273187 0.0125404840031207
0.00469477361340994 0.00903060196371973 0.0194359232086156 0.0163677127101168
0.0131020293483883 0.0368251118036003 0.0110384584703368 0.017029077900505
-0.0140924906673592 0.0790675338195927 -0.00224150849257175 0.0636961045258365
-0.0861230675728912 0.0799167358056479 -0.118417544868135 0.120271628644376
-0.171928519214136 -0.0517708474666511 -0.316300774418187 -0.0556344692245518
0.0154548167796573 -0.232649299127531 -0.214374869069058 -0.392462732951498
0.245197486849001 -0.0838433615960649 0.15491428562863 -0.446715215197187
0.218428115713496 0.101855970128091 0.0558887506127411 -0.0959026117980993
0.100795988056211 0.0015836640492598 -0.00815880904736987 -0.0287327924041328
0.0180900390032701 -0.0429756184763211 -0.0905928592317771 0.121268235606045
-0.0185008683714976 -0.00596163146727735 -0.00763243546918234 0.228853970685882
0.0120404911238416 0.0117349285537371 0.14230470687866 0.167811156029662
0.0195048874946779 -0.0336394182517482 0.157283234670675 0.00894430472449451
-0.00597636173602917 -0.0363176733802716 0.0846287497693524 -0.0267168731595516
-0.0103021120880363 -0.0148512107845817 0.0344675941767384 0.00623786301384309
-0.00715606958601146 0.0046163611362493 0.015274097796874 0.0216544858986532
-0.00802701961874883 0.0279911700066683 0.0136512741353993 0.037711935345697
-0.040903407289627 0.0435426662226595 -0.0194400552651644 0.103955513586647
-0.0889970449686206 0.00575897637580798 -0.177362261355476 0.136033267660012
-0.0883142553575598 -0.120274882946481 -0.362736527191343 -0.127304010412497
0.110414411966037 -0.170678546811563 -0.159523733046702 -0.488980064435233
0.226207944959985 0.00511752662091994 0.248615821580568 -0.459314871485578
0.152918016944238 0.0961592581411807 0.0444043384744516 -0.124536698366042
-0.0375954972644034 -0.0169454076088926 0.00118032396166727 0.0599033839249803
-0.061446551375413 -0.0133333556302764 -0.354451883247047 0.333675771405482
-0.075112678989518 0.0248585221341727 0.034289154831357 0.58609533453089
-0.0209504809769922 0.079808157186163 0.392078211295501 0.246721157209601
0.0344675725702099 0.0445851243589953 0.251512661933323 -0.126175040722837
0.0389585835416658 0.010475012832757 0.0406167295942493 -0.142164593909565
0.0245315551961409 -0.010629799127713 -0.0144361137087964 -0.0520057709729581
0.00924727372586336 -0.00021487630549204 -0.00820954118103441 -0.0300173156813593
0.00403830459423768 0.00412105927332483 -0.0356620341934758 -0.0149551551043867
0.012330518837624 0.0169798379052654 -0.0874315556907629 0.0193982848702742
0.00454507448285466 0.0262175813941906 -0.157259724361163 0.00407077239050947
0.00940984664510916 0.0142167747171483 -0.165053974424086 -0.133923594048881
0.00715748031172542 0.0320847125810166 -0.0245313106231338 -0.216895084699243
-0.0335382397595599 0.0493268178766391 0.0850921056581379 -0.149088691818512
-0.0852396098038518 0.00391448574583072 0.0192248001897304 0.0418233867291272
0.0648236253943248 0.0284117007239595 0.00456365860651065 0.0700255781932658
0.0594897525443809 -0.0580209305229431 -0.373485062864291 0.311362769451125
-0.0531059141722973 -0.0814462263210377 -0.0111958985226048 0.578407044404226
-0.104251225097118 0.0375106146937051 0.346146236433736 0.27555210967321
-0.0186913303036958 0.0834122555392445 0.244917491024178 -0.0813465855268035
0.0263078649982581 0.0562537366633385 0.059760664458645 -0.116200911498022
0.0324998395210184 0.0196005803499549 0.00582939971414556 -0.0438633522169134
0.0198940339321967 0.00692056457781979 -0.00176483937727675 -0.0290034142286347
0.0100285472266569 -0.00652200586830886 -0.0328739603463419 -0.0122397815139695
0.0219329721968955 -0.00533155644388312 -0.0851358302082215 0.0211637296631149
0.0358781373761363 0.0187020718827918 -0.15914245770352 0.0135605621043603
0.03745557894888 0.0535428019333025 -0.180421973953974 -0.122389041252803
-0.0153735906472893 0.0659669995090969 -0.0509517544023435 -0.217525143282138
-0.0520366656088401 0.0444276394314266 0.0805594346857755 -0.164081180641943
-0.0525247974232306 0.00301661599488172 0.0393453443666792 0.0452296678460072
0.144314189668559 0.0590077287357395 -0.0133844644724402 0.0626517919959742
0.143188414819732 -0.0971804665816617 -0.364948298202913 0.311756989585295
-0.0424189688130768 -0.155539446275845 -0.00713565531467149 0.537463325115152
-0.154074200240493 0.0114927922912845 0.29553665492698 0.251226695294472
-0.0515966685138015 0.101563382378968 0.201606973892224 -0.042393128127312
0.0117351900319118 0.0790469620109767 0.0621786906981419 -0.0711828194534676
0.0303534450615556 0.0384430589966339 0.025435284488533 -0.0229062679211695
0.0266804391124751 0.0121360212587541 0.00685648276667645 -0.0237185432794314
0.0192530531923835 -0.0135244821071474 -0.0326833838950383 -0.0138061093568286
0.0364067394229853 -0.0166704659776816 -0.0817479021835 0.0117391291815967
0.0623313931059677 0.02558324432497 -0.149828174335535 0.011099002993984
0.0433469671908132 0.0962072224135224 -0.184486098718339 -0.110855421391439
-0.0507670438655547 0.0739263467851546 -0.077323804248968 -0.218313402382658
-0.0510696866808542 0.0152314332831112 0.0733771411958893 -0.199359895296544
0.00485316124388211 0.00501874786944143 0.0637560627201472 0.0343770560359998
0.184644159264507 0.058742501693754 -0.0348523344538303 0.0501939906695525
0.148015932977975 -0.135586099856074 -0.316896599884197 0.312851233739502
-0.0647833063014303 -0.170116551766934 0.0210144280659908 0.455914004547746
-0.158712016284497 0.0268124178914743 0.232444497465135 0.201088174717476
-0.0463463959061241 0.102816422907054 0.147924290185934 -0.00769648710171978
0.00233955167018721 0.0719818289992328 0.0575721120234656 -0.0226379896035079
0.0224052029297994 0.0392305735363283 0.0416096772974361 -0.00216417866907122
0.0286070975644796 0.0142246766445694 0.0114458962996717 -0.0151979543508612
0.0299497408094138 -0.0109117062441557 -0.0291081777088891 -0.0150173319385307
0.0495730381909468 -0.000777969697900639 -0.0683042124699141 -0.00102561587208628
0.068958130269433 0.0598865851780062 -0.124564293171454 0.00962359809000891
0.00302511814274299 0.133856184561486 -0.182028700587037 -0.0903211345002465
-0.101187774038061 0.0338508275423642 -0.110561967444549 -0.219304426687332
-0.018373576026836 -0.0455305597750061 0.0624793913881751 -0.249421546968515
0.0849588840250811 0.0140981537196774 0.080376170090524 0.0109206941535078
0.182876674572885 0.0406855396466823 -0.0419878204454692 0.0369856999962504
0.0959041033389975 -0.141624351963291 -0.237200381914971 0.282566779086158
-0.0944196991959398 -0.119952439680209 0.0289673814549784 0.35787587484677
-0.113060906937294 0.0639409718887547 0.167708544713181 0.165973154204945
-0.0131361183762834 0.0802196226322241 0.113558761789957 0.0230783859975908
0.00166862478259208 0.0378537472351031 0.0620808787516131 0.00804195935177925
0.0114536805714417 0.0238026886105633 0.0501677999800914 0.0111305343393727
0.0264418221499761 0.0127538561385585 0.0183489955370477 -0.00644302421531093
0.0354349402708497 0.00504911420528593 -0.0195113780503202 -0.0121412848117557
0.0492213457697594 0.0361224170166582 -0.0407974383524401 -0.00368150672172017
0.0386102576050599 0.105821457226418 -0.0928082181957516 0.0240541391009308
-0.0849346529928045 0.135102734339975 -0.194869263678658 -0.0561971829706601
-0.133987343857803 -0.064979672228061 -0.156703232754929 -0.233024808957183
0.0608936851059246 -0.115926453848977 0.056362328423248 -0.315208493697182
0.169362390254975 0.0331982948668186 0.082225601734425 -0.0205530300102214
0.155051920169906 0.0208860790485729 -0.0334797973308868 0.0177563610174212
0.037132726198939 -0.110292507500198 -0.162248522371131 0.223176333707627
-0.0905554010908522 -0.0463551140870458 0.0128715595709277 0.281517780607451
-0.0460301163504879 0.0772522685535855 0.126493061196629 0.162252657893907
0.0189657562664998 0.0347331107742967 0.11291517585941 0.037829515892989
-0.00126847137978579 -0.00295942654889837 0.0730508350748008 0.0117113811703595
0.000910710465331489 0.00257065468008504 0.0515011855889992 0.0149655774829879
0.0187287314646938 0.0110264639116193 0.0206950747459154 0.00667657398331104
0.0334544691867539 0.0249029134181169 -0.00419219713433187 -0.0032234839118254
0.0279641853107663 0.0738471856065675 -0.0133759728471259 0.016567602598821
-0.024950883220714 0.123620677223495 -0.0815027329156927 0.068076855333028
-0.166671999096134 0.0665582623679117 -0.241414855148265 -0.0300600188563687
-0.0992552765648709 -0.180928259359775 -0.206502556028657 -0.283767836214172
0.166551557989795 -0.142748721370597 0.0798657404304716 -0.388662159393918
0.224837298204671 0.065671128102541 0.0718234930824304 -0.056952501300844
0.125901215190567 0.00554015744427486 -0.0191368278286452 -0.00570504773271713
0.00913121597057464 -0.0693508411499961 -0.115479021530031 0.16209843168965
-0.0572903183486502 -0.00236003747288717 -0.00599110270478547 0.242596619710639
0.00395247712959892 0.0550173071954367 0.122182701698251 0.16881195780095
0.0295924372969969 -0.00998670738513604 0.133163751603049 0.0308506485973321
-0.00451938891169987 -0.0317841771766746 0.0837040549150527 -0.00460730540775724
-0.00573361754724403 -0.0122321286666633 0.0469263010153731 0.0114050411307608
0.00759178927141327 0.00860139648796702 0.0219424482357366 0.0153461299821785
0.0169970590371191 0.035849869295747 0.0102766600367417 0.015777433259221
-0.00950997856849809 0.0812449582437158 -0.000718216075285315 0.0601360779283096
-0.0819102214197001 0.0850150492959986 -0.112128372637251 0.118549113995426
-0.174837384742365 -0.0430393163368438 -0.312155576882471 -0.0494110499581275
0.004179676023191 -0.232327769665841 -0.216916210790511 -0.381836356604838
0.242914717833085 -0.0935631767167532 0.146525058095057 -0.44556413556885
0.222677616578229 0.0933525416950536 0.0549931168449541 -0.0917128923666733
0.102108055880361 -0.00343827350895516 -0.0133517045607786 -0.0302963935996005
0.0164776851826825 -0.0451627197877835 -0.0945019710623399 0.119841764750432
-0.0203469048787016 -0.00527603380517155 -0.00855458723061308 0.230187999552595
0.0121272339206773 0.0129715888350998 0.142043544674149 0.169124119464225
0.0183389978147961 -0.0325020513842563 0.157331461602551 0.0101601576745183
-0.00708154215610047 -0.0354379119006217 0.0886714057795783 -0.0270283925193288
-0.00934874389247289 -0.0146487643460733 0.0390568472050485 0.00634778672383711
-0.0057256330802343 0.00450146600109588 0.0182409918246694 0.0204639166574539
-0.0052310678452691 0.0287196942808156 0.0153191219608699 0.0358705983393947
-0.0375623549138496 0.0464218468419398 -0.0152317973557326 0.100489041976356
-0.087969733324864 0.0109754782416603 -0.169235936181927 0.136942512789774
-0.0930255238977897 -0.11454413534027 -0.358747433507171 -0.116400564114782
0.101778009994634 -0.173867382934475 -0.166614779165761 -0.481616598519788
0.226616674735674 -0.00342260209417294 0.23989524872506 -0.458279268015251
0.155315349711052 0.0906128332641113 0.0420307443648912 -0.119191451502201
-0.0340371916138711 -0.0249585516772536 -0.00826701558080292 0.0522260863414167
-0.0578367455900742 -0.0296597970082236 -0.407686343733078 0.253355657930509
-0.0832708414685498 0.00672624234086719 -0.078261094032293 0.569874121102583
-0.038350714419779 0.0717898101442088 0.33070859093636 0.309642477887883
0.0230012920391786 0.0516334426830555 0.262573401907785 -0.0775342124278757
0.0349020868751388 0.0180267147588336 0.0638787558902507 -0.128156347045786
0.0235988917783328 -0.00668849673304882 -0.00452265775480053 -0.051661845465349
0.00766231347293869 0.0015309940038363 -0.00516867049697373 -0.0312474951830816
0.00181308128719145 0.00541900972693258 -0.036533578715545 -0.0213911351136292
0.00846118267619942 0.0191468468319307 -0.0909943083860083 -0.00022625326098923
-0.000323243826247241 0.0254531092042366 -0.153857385162229 -0.0294237482160516
0.00455991102030859 0.01647643962345 -0.131469748353693 -0.168295251929169
-0.000313901809631605 0.0333452906681622 0.0247002439606562 -0.22025700755761
-0.0447516353941786 0.0418267900670665 0.119957733425001 -0.130266978614238
-0.0849525524119031 -0.0123135795851915 0.0163727677320728 0.0490233596436504
0.0577574847649805 0.0375212736240706 -0.00460810638984642 0.0638076594350189
0.0667856872511189 -0.052499800385598 -0.424310750407088 0.234627386598
-0.0441847242618605 -0.0940046359568044 -0.119386497039766 0.5543554730317
-0.111930190298255 0.0188286077824518 0.282484697752365 0.327563076932918
-0.0350581886362799 0.0791591377922622 0.248910862832192 -0.034865097899286
0.0156776936626184 0.0602071745564826 0.076956496382865 -0.100875296741819
0.0278837019891519 0.024129174391633 0.0125816150634702 -0.040538209089627
0.0186328103441291 0.0107831423105126 0.00148465944572151 -0.0280947132931747
0.0104049928217624 -0.00453201511634652 -0.0335409234467966 -0.0188778976093779
0.0220746649149842 -0.00174050291835924 -0.0895462222761577 0.00230201351271149
0.0318595218604628 0.0254129873889135 -0.156889804150788 -0.0209443442050085
0.0240504646671075 0.060333384352111 -0.149004778994346 -0.159165996885066
-0.0307195565820064 0.0608168418246061 -0.00317062164668238 -0.225422763813814
-0.061017596232291 0.0315314923974962 0.118922212000139 -0.147889340312538
-0.0521010690461733 -0.00793998059350936 0.0373337499101654 0.0559177983078624
0.129717651029227 0.0802568785574833 -0.0209761582195024 0.0544997576679327
0.152406819119999 -0.0785530827576021 -0.413907185488229 0.239555775387797
-0.0227398477866659 -0.164049404317405 -0.103696866127421 0.51477177866339
-0.15508250902369 -0.0147903145510229 0.238293716198748 0.293546027269659
-0.0695214724180389 0.0918379472938351 0.202155348491273 -0.00425874112632134
-0.00361965489559196 0.0800746693796634 0.0715248672849987 -0.0561397158769929
0.0238925720909409 0.0426617899111464 0.0281876746644244 -0.0175276744426767
0.0257616949849467 0.0168415129571663 0.00895185050942725 -0.0216282890581835
0.0213813486158026 -0.00928723916079084 -0.0321210630669634 -0.019194248676947
0.0384632024114563 -0.00936431191995837 -0.083822821979136 -0.0058404495642646
0.0562876816222651 0.0384036323747056 -0.146783973056342 -0.0211045231336991
0.0215614756676742 0.103571954145509 -0.153952552596387 -0.146755592102173
-0.0695457609087716 0.0610990377008273 -0.0306061494718958 -0.231508145630213
-0.0541749709067322 0.00144126735259276 0.117378051448877 -0.184477075200228
0.00574088325726612 0.0035694013207773 0.0635867809600533 0.04981137659201
0.170250298637614 0.088183254611737 -0.0395298978874918 0.0376564005895178
0.166561084753423 -0.113629102083792 -0.36453266431033 0.248870926727799
-0.0426536663813396 -0.180791124359083 -0.0604392003883774 0.441868013673967
-0.16329309581289 0.000907063928033805 0.184543057832301 0.234103367103484
-0.0632009243421974 0.0942203534991737 0.143966815482368 0.0207433577655095
-0.0101270858357462 0.0712970590960606 0.0610425696828247 -0.00967206758869882
0.017792803510452 0.0430332002397455 0.0403798762740965 0.00665597780891768
0.0284905831159433 0.018422940240488 0.0135033034240158 -0.0136240538556684
0.0324497876079819 -0.00486883063865651 -0.0302245411538665 -0.0198111414301113
0.0494972321342209 0.00815053550294718 -0.0674516221762847 -0.0169973367515673
0.0571291880018288 0.0745594121073112 -0.121463423752853 -0.0180456546510461
-0.0244992445570026 0.13404363767777 -0.158355908781411 -0.127228282333572
-0.112368654762808 0.00996250429897207 -0.0634891034925939 -0.239628020768411
-0.00838596067571156 -0.0541471091190123 0.116020163299088 -0.235894480037107
0.0839449270471456 0.0281781505059465 0.0854980009532579 0.0306668110897521
0.17101649325364 0.070337327437511 -0.0445570017223577 0.0258056637326611
0.115788576447054 -0.128680120083665 -0.280523536251824 0.232530197515903
-0.0783541514814805 -0.137483492361252 -0.0400157298702155 0.347584623449686
-0.124204057781875 0.0420447307508146 0.126114456541264 0.189945576666506
-0.0273514376953997 0.0772938760916245 0.10343236666918 0.0459553797456258
-0.00654527137028317 0.0402196384798387 0.0601574799287936 0.0212749228295421
0.00941268324120799 0.0240858939789955 0.0482580709294787 0.0217883715223319
0.0263364350660779 0.0180172936507043 0.0185456308702734 -0.00164856370182657
0.0352399295515984 0.0112073084925069 -0.0205136725777041 -0.0170122229968749
0.0439125177623267 0.0449390962739601 -0.0417558475147889 -0.0141671512552845
0.0191981853105419 0.112427754842055 -0.0940696093266055 0.00453912008787922
-0.107980977033254 0.117504753574353 -0.177214830007389 -0.0924582527255828
-0.124147306727069 -0.0917861182296777 -0.108566014188663 -0.264147669628709
0.080002701157322 -0.107103127276982 0.124641624817453 -0.300462422720387
0.16286139799109 0.0640008841257984 0.0921105550213436 -0.000668370297478248
0.149715830456693 0.0462883570346084 -0.0351265294322626 0.00744547393630414
0.0535624927496551 -0.107374865922045 -0.199273500920229 0.185834399039544
-0.0858785055729544 -0.0649081325175675 -0.0449344259797526 0.269650208884956
-0.0605702215580834 0.0679200130560891 0.0852179929407148 0.181752269396976
0.0111910519347193 0.0395652270184003 0.100250459292526 0.0617137734421157
-0.00126426201715199 -0.000573525602939419 0.0710296235548276 0.028596986089409
0.00282193060547751 0.00222500575490432 0.0503376666775116 0.0251344868434107
0.0187893345889288 0.0143322239917227 0.0193493745609449 0.00934966939442378
0.0282611444204165 0.0310037389083097 -0.0056658075012905 -0.00389900685803402
0.015782615283847 0.0792496858203741 -0.0176913584157407 0.0111880100054355
-0.0466525525824271 0.118495734168838 -0.092298454966793 0.0504162668465018
-0.175337917875713 0.0365527911396724 -0.231598486535575 -0.0757663565010113
-0.0663866152720383 -0.199594832284538 -0.146670464035428 -0.325824281498052
0.189948337692795 -0.112118207831594 0.162183098703353 -0.367631473551034
0.211771597858395 0.106956311772179 0.0875143905293422 -0.0380860988420105
0.122621728457209 0.026229194281154 -0.0184506379604278 -0.0116430710106608
0.0202669815166863 -0.0705120173007436 -0.145310206599673 0.133977808043679
-0.0595024969591745 -0.0161767489992175 -0.0572183306171142 0.232552740537627
-0.00905698793303595 0.0536562125432743 0.0816195193523486 0.190730190288068
0.0282749799128591 -0.00223614209521514 0.123789002233744 0.0588473294541577
0.000666823530234492 -0.0303030920113788 0.0865228411312684 0.0137018849191871
-0.00200884331407188 -0.0134680545644052 0.0469138144142753 0.0204769902656513
0.00684911043925384 0.0101067807108718 0.019439268171421 0.0177820968195775
0.0106834888470792 0.0382901612584221 0.00578276272496615 0.0170471499870275
-0.0216196391313936 0.0794958094907166 -0.0128664717852759 0.0556950240826384
-0.0960096567131373 0.0700972384646098 -0.13067096242776 0.0935574674243624
-0.162341330294102 -0.0693761711903302 -0.297776089758295 -0.110682677039928
0.0459316996052401 -0.229599858038268 -0.137451832117948 -0.424777947554554
0.254160837693395 -0.0498338872830857 0.237855624251797 -0.41011515217012
0.202936221228844 0.135364090885056 0.0770798758429911 -0.076268108578974
0.100274601552217 0.0156238311920088 -0.0101526961621776 -0.0342344587393355
0.0235427308902876 -0.0444780239803438 -0.119881989671514 0.0990172185041856
-0.0225575947651792 -0.0121894842389074 -0.0586511227329517 0.221753869293716
0.00637591163698821 0.0156078849233995 0.10271451284843 0.196246601493889
0.020269846006379 -0.0263422890045106 0.150831876303361 0.0444460688186153
-0.00221417597794739 -0.0346262472162889 0.0954842246241521 -0.00746102297957599
-0.00511729445158451 -0.0162802792495652 0.0395243977878112 0.0140324178405544
-0.00428712100073984 0.00489611716377591 0.0167916733580118 0.0220295684010022
-0.00938221458036626 0.0269003668094162 0.00768817349269348 0.0365298983226728
-0.0434804881102437 0.0404187734651521 -0.0339563760732709 0.0926115338140174
-0.0882379860149039 -0.00398267707114013 -0.190233622868257 0.0987725882067805
-0.0700818748996701 -0.124016476097868 -0.326290710894314 -0.187044721710768
0.130444104090344 -0.15144778948921 -0.0661404992916872 -0.508093825329068
0.220812846638646 0.035836124998503 0.332372517169965 -0.405028759996562
0.136258588008092 0.120180267327514 0.067518150988069 -0.105849964393834
-0.034445392072467 -0.0240976425041362 -0.00517028607506482 0.0455487302431907
-0.0578212598528444 -0.0264095365461317 -0.398318628487684 0.255409710619392
-0.0817833148508846 0.00829036405320609 -0.0655085864355863 0.561215372355578
-0.0350347394942619 0.0719672445697818 0.329497572629384 0.294305057943031
0.0241963745057366 0.0482211952769395 0.253282181743429 -0.0803335378770965
0.0340495217357899 0.0154279571062941 0.057423593456028 -0.12585085960177
0.0217058745289167 -0.00812586889404811 -0.00764251140035097 -0.0496053930244919
0.00729536192451996 0.00138793669744607 -0.007675801706614 -0.030554881639664
0.000216466120403723 0.00675446001994703 -0.0397192586129777 -0.0203098087031797
0.00813879075155974 0.0185934537050398 -0.0925727866435108 0.00147126488362898
0.000488561760443415 0.0248718655031458 -0.153286484520041 -0.0294361616638497
0.00561667178553979 0.016007227221248 -0.130843071499654 -0.166884497921746
0.000736163812874176 0.0340588969524388 0.0253937608475919 -0.219883999737885
-0.0433177504746162 0.0431909521673062 0.121701367821264 -0.129547502291724
-0.0857124297091924 -0.00857444855360395 0.024480649851908 0.0501899399200677
0.0583699995022225 0.035071462134952 -8.34572228235814E-05 0.057029483519244
0.0638565946872878 -0.0544882276515636 -0.414632796110583 0.234732283732417
-0.0478952159878637 -0.0924768263620303 -0.10653895498722 0.545652594696266
-0.109539673223868 0.0223917473479271 0.282701021638021 0.313514613124302
-0.0314255852414305 0.0788436551674839 0.241476707212191 -0.0382545516955689
0.0177555523326898 0.0593728695583834 0.0709147406757934 -0.0990066806862605
0.028477913027409 0.0224724344271817 0.0104792643535455 -0.0391775988630812
0.0185720985551048 0.00937887664136267 -0.00182972551938766 -0.0267328252815303
0.00950523009171362 -0.00401597346613113 -0.0368743212909707 -0.0174347617557201
0.0215542925491925 -0.00225218690729235 -0.0920511691639021 0.00302774846583484
0.0320268885906853 0.0238940870013011 -0.15623337658509 -0.0197190427964621
0.0259948091487813 0.0593374555059995 -0.147746361728231 -0.157304362311235
-0.0292183351474433 0.0618664896782156 -0.00116110154181194 -0.225966615621574
-0.0591775369599835 0.0327719618394082 0.119755392215814 -0.147076306875497
-0.0508378883595369 -0.00655840951964098 0.0442460016470219 0.0562848174278376
0.132650318861176 0.0742991436139278 -0.016991999911771 0.0477289010106432
0.148984853799076 -0.084893073800774 -0.404958026983666 0.241691708505485
-0.0308976997841267 -0.162741592966245 -0.0923652211633246 0.505266087566925
-0.15428567999449 -0.00873380357157207 0.236610419881055 0.281460779021731
-0.0646871942482035 0.0937054781099634 0.194945746691492 -0.00687992659068037
0.000740753364997979 0.079878226717748 0.068214668160358 -0.0544891962579894
0.026117482367602 0.0404646866002309 0.0278346568368736 -0.0171783275324956
0.0269894297841602 0.0147398861034972 0.00545714492515263 -0.0210887072393186
0.0209591875274745 -0.0103738623160659 -0.0367187999632139 -0.0173755314889073
0.0373928330205165 -0.010822412820878 -0.0867627723300031 -0.00482493855089844
0.0570020587531216 0.03606820476753 -0.144769018527975 -0.0200010418136942
0.025580594971418 0.102003547209282 -0.154084890675546 -0.144714633599035
-0.0692093747546286 0.0633654411968824 -0.02953196902903 -0.230467458460035
-0.0538801329109619 0.000383625871481823 0.119323566510789 -0.182915797136831
0.00748528987304397 0.00161775249244255 0.0701793892270789 0.0496257859335564
0.172739979554013 0.0810083193215854 -0.0362442438744544 0.0323500149163571
0.160355485162685 -0.121343132798928 -0.354637612665459 0.249087652318497
-0.0522738808511825 -0.179654752618465 -0.0530043084251755 0.433779417153401
-0.16102046432062 0.00765009068444639 0.182053402030994 0.22558183019433
-0.0582545120076621 0.0954048789640496 0.138883884988105 0.0187428059193485
-0.00653668108479667 0.0721513270821108 0.0597696889490892 -0.00857332344952614
0.0202373240216083 0.0408509838187867 0.0414948674051031 0.00526706312325537
0.0300662564504559 0.0175042937316682 0.0106263309464479 -0.0130310290886849
0.0333631729857095 -0.00570218715955699 -0.0334574931152604 -0.0186114124559708
0.0492784199390676 0.00647943976170032 -0.0708938299467878 -0.0173698642129091
0.0591448562385393 0.0700213694217001 -0.121403839532565 -0.0182390395011267
-0.0182292699167264 0.135913380819871 -0.155628784207475 -0.121845568531792
-0.11269330205151 0.0164093041828596 -0.0615059399685631 -0.236624912996867
-0.0103056783520579 -0.0551640118418346 0.114763541903272 -0.234792409700468
0.0861834717280616 0.0211863296052996 0.0899096172288724 0.0303775060240246
0.172392943491905 0.0625546834266196 -0.0437541239908935 0.0181512874068338
0.11179671166783 -0.133382917656411 -0.274550469373226 0.230965946665427
-0.0848696923355129 -0.135233877219348 -0.0360274396826454 0.339604831773853
-0.122181289483839 0.0485123443124156 0.121423944080889 0.184762610748955
-0.0221291862783613 0.0783751696988954 0.10026065173186 0.0464544750039592
-0.0039758624059408 0.0416141036499551 0.0604058835423106 0.0214872879193073
0.0102647101549551 0.0239451860123251 0.0484347044826308 0.0190060876157478
0.0295674351901767 0.0145743243370755 0.016509682233587 -0.00255827952940483
0.0370236509024349 0.00915462915683322 -0.0215986819365605 -0.0161269150128591
0.0467300381192379 0.0452392160960237 -0.0451755790589856 -0.0155372632555624
0.0240402295614057 0.112193382299406 -0.0926926318844378 0.00157132136558927
-0.102569215649686 0.122787263832792 -0.17496120018553 -0.0904337613383562
-0.130527038248863 -0.0863217693725595 -0.107784003335185 -0.260135881018952
0.0760700414630945 -0.111644651535691 0.120064354237523 -0.297262902426655
0.166100182579837 0.0545179829427277 0.0945205899922022 0.000636849970656005
0.152534616766087 0.0383342862034703 -0.0362008942595039 0.00416037417360448
0.0501276902212918 -0.111465073838821 -0.197668304022767 0.184252920570243
-0.0909175681787177 -0.062488755751203 -0.0434395160788327 0.264489940220681
-0.0580940732292978 0.0707281998250456 0.0825423188001644 0.178546851392241
0.013005855145821 0.0402491692806484 0.0986498980623171 0.0632943127611285
-0.000636914204879783 0.00118116755029052 0.0737374548833363 0.0283021532152695
0.00430289034369312 0.00230629461106013 0.0518598829513375 0.0236684218673986
0.020910719728401 0.0133822673801448 0.0197035967371422 0.00834369636529805
0.0304985139707742 0.0287588051500775 -0.00603509391848879 -0.00446924655731379
0.0206585459943731 0.0794212241101003 -0.0188925437861174 0.00809275101738897
-0.0402424675108311 0.120530607286852 -0.0889544077766412 0.0469865548497437
-0.171247635337185 0.0463401523511781 -0.22556371101558 -0.0711007070406337
-0.0769307999493303 -0.194916449056761 -0.146828737576317 -0.318781542369416
0.183890482234827 -0.120262663262873 0.153468684258082 -0.364159163807018
0.215277634396383 0.0964089485924175 0.0874074690900283 -0.0345274578942593
0.124501812673381 0.0207773699712919 -0.0222674953715964 -0.0138993205887629
0.0175298783651749 -0.0726027706583998 -0.145198146762351 0.131464420597806
-0.0617360116583373 -0.0148009818870369 -0.0581296991853984 0.228154317882959
-0.00773806574054778 0.0546423871590985 0.079564461175106 0.188560373768886
0.0274291061934303 -0.00158667692187537 0.121715671287473 0.0602121168460433
-0.00122530172260591 -0.0283801497284579 0.0888174001622104 0.0120038470218065
-0.00143392661509898 -0.0124214038156323 0.0496581738399043 0.0191863617866036
0.0101902529265093 0.00910963167194868 0.0215800870000017 0.0164479644426105
0.0141820889144505 0.0376738319218331 0.00624620612662514 0.0154517088361805
-0.016759737270725 0.0807927834834772 -0.0119246317064267 0.0513924810085232
-0.0912920505718169 0.0749935256419999 -0.124559239850947 0.0906347441550144
-0.163688062790601 -0.0598122505068174 -0.290747584249078 -0.101291088281511
0.0334666254499083 -0.22820491246415 -0.140635688453803 -0.413745397154282
0.2489675446736 -0.0596488120446572 0.226832648702097 -0.406663289678744
0.20574127286133 0.124462422640519 0.075446089124259 -0.0719740794407781
0.10103264405592 0.0119346589777101 -0.0162308623300344 -0.0365962737418929
0.0218761434273295 -0.0458312116698732 -0.122885477432705 0.0962237479559089
-0.0235030029280337 -0.0122698158496185 -0.0586420950478574 0.220957374375568
0.00648451153478294 0.0163354096538296 0.101914725474614 0.194759972755953
0.0190996670413644 -0.0271372060857381 0.150104724524531 0.043506882356242
-0.00341912625393266 -0.0335933124154186 0.0970318151349222 -0.00915941943334861
-0.00525211330671064 -0.0157476539502994 0.0434068415569455 0.0128857338225309
-0.00311379035701781 0.00593642622005568 0.0191723088684427 0.0204478098781547
-0.00707381443907862 0.0275755741352008 0.00963445751666004 0.0352826622217446
-0.0405559583617029 0.0437363951123707 -0.0297078067994198 0.0889981046810203
-0.0874366406938549 0.00124404096697426 -0.180888339616011 0.100401781314703
-0.0748318236109593 -0.117894309879726 -0.323407585770388 -0.175755785376107
0.121518034477061 -0.153717773707164 -0.0734303408572273 -0.496142081362824
0.21881918508715 0.0271863325507224 0.31848426720287 -0.403733163586235
0.138406189902695 0.113331105882286 0.0658280546211193 -0.100855313112199
-0.0349094589231754 -0.0228885230483509 -0.00280964757370078 0.0388217611304234
-0.0568538218630527 -0.0235328652541186 -0.392427355788874 0.251155233246303
-0.080201686233029 0.0105315401283029 -0.0592307967973978 0.550433230628734
-0.0318161450503164 0.0703784905230615 0.323862935264916 0.28342606765545
0.0254106484084969 0.0456757658157781 0.244578383112839 -0.079517772159458
0.0337619574056337 0.0138587997160692 0.0527209558363781 -0.122260721905929
0.0204999091779963 -0.00822030158177934 -0.00844970174874087 -0.0470125794471259
0.00600777370738696 0.0013749475911346 -0.0104482472495335 -0.0288385224245904
-0.000451374294374257 0.00688146675292008 -0.0431685886544033 -0.0183237663217442
0.0072736690097182 0.0174933079747619 -0.0939841981103456 0.00202195694491125
0.000789949287632021 0.0243577334436676 -0.150824599029879 -0.0298101155564728
0.00626668590309319 0.0138497233824688 -0.127680872204175 -0.165603396375887
0.00181155625669243 0.0338968147649157 0.0283370429581777 -0.220088797246627
-0.0431053618552618 0.0451834192011001 0.125602428950129 -0.127611431129312
-0.0848871572717782 -0.00673319746030487 0.0305027795914837 0.0515214354331963
0.0591809021399952 0.0318871488598304 0.00100158513742186 0.0490545863853703
0.0621779625097011 -0.0546332549437749 -0.408991850291193 0.230613517754886
-0.0503495443281499 -0.0901401786297812 -0.10011408736176 0.535598988442878
-0.107239620333507 0.0241821531566693 0.27849656609534 0.30328620520175
-0.0282119234419342 0.0776388888862836 0.2336896815477 -0.0388071966434447
0.0192301348082745 0.057746824827793 0.0678609609085707 -0.0963050859318228
0.0274323345129628 0.0210012371250064 0.00878255989940218 -0.0373760464521226
0.0183894796364856 0.00843477038872321 -0.00419346610239066 -0.0268559426667772
0.00858846085314196 -0.0036698174167158 -0.0398940961062883 -0.0166327858634619
0.0191871631104896 -0.00255497024762553 -0.093730236050081 0.00327779286861004
0.0316329502816588 0.0225572597907697 -0.15525007544485 -0.0209930336371503
0.0280678104546213 0.0569823230798143 -0.146034059947135 -0.156047224850222
-0.0286373370032126 0.0626468391234486 0.00172116820925527 -0.224815800648958
-0.0585939762120749 0.0328604639127186 0.122517311760845 -0.145574385209631
-0.0492242496996319 -0.00648007707296729 0.0507646270264039 0.0560577523401918
0.133739305797961 0.0685320719004116 -0.014405965496474 0.0417846017154168
0.145516650445342 -0.0883915255049527 -0.398446456204128 0.236195275552654
-0.0347455854172333 -0.16149979846623 -0.0860292759953934 0.49425644778499
-0.153181573641033 -0.00308788171552066 0.229676020092283 0.271764677297618
-0.0599767209708044 0.0935806961523131 0.189157280371039 -0.00699226149676528
0.003925449707828 0.0796077722058821 0.0658086801166056 -0.0511279048484035
0.0260526030036181 0.0387175799416553 0.0264919234110166 -0.0173593353529151
0.0269064183610483 0.0127606302660777 0.00379470916893439 -0.0214821816327795
0.0198567368699024 -0.0108921536980488 -0.0391028295132435 -0.0165606085474166
0.0354455471481961 -0.0112747349586482 -0.0883123341538125 -0.00490695933519823
0.0572844628326049 0.0346854965008318 -0.143451862130658 -0.0215303412288679
0.0280111928156525 0.100964220181444 -0.151815065290132 -0.14382610251229
-0.0677828764419918 0.0640597426286426 -0.0272337705656275 -0.230156758288312
-0.053167187139051 -0.000474532723475875 0.12040633480256 -0.179729253788092
0.00886957181575408 -0.000770799585029768 0.0747978505253823 0.0494884222176282
0.173578104642238 0.0719462816949866 -0.0372768340386537 0.0264626655233316
0.156533685104174 -0.125100392055217 -0.347687588734254 0.243822866622295
-0.0569394116806145 -0.177033850144956 -0.0524955239028746 0.421766220666052
-0.16102120869654 0.0127330933521354 0.176136845629844 0.219361065838143
-0.0546688735293208 0.0966514599977945 0.133697336677561 0.0215202416524561
-0.00144453093096599 0.0732420454019277 0.0599833859993236 -0.00895703884382081
0.0211439692446897 0.0399082350139869 0.0403267841405233 0.00582561221067997
0.0309708020370911 0.0140552254801003 0.00958896427091868 -0.0150845125493529
0.0305986441281843 -0.00666248722933346 -0.0353458457048844 -0.0173310932128008
0.0480573318121581 0.00589717297571814 -0.0746310762669702 -0.0142352026307555
0.0623258205178234 0.0696715870538904 -0.121533187284888 -0.0199374733812735
-0.0145138755688585 0.134974694036639 -0.153713433550313 -0.123811132671337
-0.113233439553764 0.0175834496560452 -0.0597549816703021 -0.236301017549786
-0.0116914546783967 -0.0562365056709496 0.116208860825383 -0.230444501781143
0.088706342182724 0.0156109597491141 0.0950593793953106 0.0305237982967429
0.175583168200944 0.0538106369256742 -0.0420719411333939 0.0147095489880581
0.107580178861262 -0.138279615735294 -0.271715554954822 0.224547216868941
-0.0911011835777057 -0.131519032417011 -0.035767846847294 0.328139249288748
-0.121333724308006 0.0524474043301028 0.115617769846002 0.181988310171824
-0.0192077506576871 0.0794310578454185 0.0982868632334453 0.0489618989063463
-0.00139690705368741 0.0433905365152168 0.0614427848503263 0.0231329477083266
0.0138133217084225 0.0253462078900608 0.0493511073004158 0.0183444248287628
0.0298539583512731 0.0137588773815099 0.0167673492331837 -0.0034811497349592
0.0368169897056127 0.00848429648689777 -0.0246898392316781 -0.0156466178726565
0.0479688451899677 0.0428579879670906 -0.0482110827864292 -0.0171410156144941
0.029134754708364 0.111868225435116 -0.0921764747697194 -0.000998478292068474
-0.0975111065969301 0.127594239231947 -0.1701282058708 -0.0900199639904757
-0.133841898504871 -0.0809823241200168 -0.104106339183638 -0.255012861519836
0.0719792131489069 -0.11525637862474 0.1184194994041 -0.292129986789667
0.167119629597596 0.0479265580176513 0.0973636974459748 0.00218316248917797
0.154385301841451 0.0322063660934571 -0.0363150810214027 -3.2627937976804E-05
0.0483240965945435 -0.114046844900682 -0.19492309618625 0.177300215810834
-0.0931988871289886 -0.0602475501603957 -0.0464994422698465 0.258273627669194
-0.0562632351485019 0.072865766592882 0.0766019347440304 0.177146024753515
0.0140401616307416 0.0406259163157437 0.0968198704665652 0.0649621042886548
-0.000115665358424645 0.0026918749529883 0.0740465057277068 0.0280253963893463
0.00537664242389889 0.00373439737134926 0.0526967065507584 0.0211399457565966
0.0231080347363041 0.0113179602429068 0.0203279919263293 0.00675275101316859
0.0326015200641766 0.0274827719533489 -0.00750105391968818 -0.00412794557130231
0.0242258123350442 0.0776027213730493 -0.0203278159677732 0.00541517127731361
-0.035624099536689 0.122370122785945 -0.0851133279937372 0.0425733067061861
-0.168307193576919 0.0527559592630235 -0.219073740706953 -0.0684130576773721
-0.0835720068904124 -0.190064631548921 -0.143015256567489 -0.310646885509135
0.178095177929815 -0.124760593626923 0.148975431467627 -0.358263659672297
0.215764341204047 0.0871723079338662 0.088476511656342 -0.0321889086696671
0.12689441593861 0.0153312581013247 -0.0248685722989232 -0.0172473529274514
0.0171480147136113 -0.0743864854679979 -0.145690000247595 0.127158827017405
-0.0639051291805505 -0.0135201890316571 -0.0601458586300162 0.224685036689826
-0.00584158197232489 0.0568159222296483 0.0763391684288102 0.189235911624039
0.0275582035516816 -0.00146347755938364 0.120375124678324 0.0622046724315302
-0.00178629771751772 -0.026093140029933 0.0892733899260379 0.011204179368313
-0.000723042219608831 -0.012038855333774 0.0514905846402937 0.0174337017152809
0.01186400831238 0.00912912739724862 0.022194596717909 0.0148686914344849
0.0171787550987667 0.0365132644136649 0.00607360905246795 0.014110384728561
-0.0126486507935238 0.0815080709465646 -0.0110147696748393 0.0476282083059202
-0.0861970975410431 0.0774167347408793 -0.118178436477597 0.0876055047799362
-0.163769978035113 -0.0517562059289012 -0.282613015794988 -0.0953097279520564
0.0247416681136103 -0.225684319421454 -0.139485600773675 -0.403673608663759
0.243393449445289 -0.0668462849549258 0.219700060488281 -0.40051007231245
0.206568607130598 0.117363831918315 0.0747048263475681 -0.0662574812521967
0.10135517524955 0.00769410402175502 -0.0214351223583112 -0.0382192767528879
0.0215972505952491 -0.0460480454268657 -0.125075037764717 0.0932789133011497
-0.0264656699594291 -0.0117913849686003 -0.061648323186889 0.219207093022283
0.00738985979894722 0.0165307746165695 0.0999041093147505 0.194921786353636
0.0178353572172139 -0.0261761721375212 0.148843920563166 0.0447348567080413
-0.00433702544747438 -0.0328284730665157 0.0971834247094749 -0.00941635342989906
-0.0055714262966917 -0.0152132053426637 0.0454967006366787 0.0114666774192177
-0.000844351221607261 0.00545966662831099 0.0214300493489389 0.0194108798355979
-0.00562828883093201 0.0288479264813452 0.0109899981117082 0.0335259449473157
-0.0373552923200676 0.0448812477774988 -0.0263012570823346 0.0849920008831484
-0.0849396911251933 0.00504154040469501 -0.172540463887198 0.0988194189514104
-0.0779520460604656 -0.112888716079293 -0.31481603207009 -0.16511145023578
0.113117287108782 -0.154354420058603 -0.0760140604024836 -0.48294284420551
0.215463655738134 0.0208646052275919 0.310413459039092 -0.398039786155324
0.138206141523689 0.107205371049486 0.0642762887936388 -0.0930742043466894
-0.0356207280794931 -0.0231874472745685 -0.0020155990655328 0.0319366687274502
-0.0562482145249751 -0.0222762876075121 -0.392113055138651 0.243983645996917
-0.0794330774807762 0.0110691796226449 -0.061091712899693 0.543754549408997
-0.0303868242890771 0.0693695250442865 0.317149874457775 0.279005340420225
0.0252133545590564 0.0439251684154121 0.240030724890198 -0.0769756404391728
0.0333384096834393 0.0131702726676267 0.0504728215669283 -0.119326879150386
0.018316210890184 -0.00890542017967039 -0.00931153438865118 -0.0438645727509665
0.0046473260431571 0.00171700428017825 -0.0123246594753862 -0.0279437648119571
-0.00128248287719548 0.00878076104158166 -0.0453697747397398 -0.0170211277025291
0.00612243382629383 0.0166256281638696 -0.0961642839049781 0.00171574418827266
0.000984491141076553 0.0229451592113536 -0.150591451730734 -0.0320423567906667
0.00674316837680737 0.0140954358570708 -0.123800205372629 -0.167706363716993
0.00174447561106022 0.0345572577224841 0.0335871664423736 -0.220447127247461
-0.0425610243973462 0.0455298030082383 0.129962413720043 -0.125659856771238
-0.0847971379272913 -0.00501181883824663 0.0358050700537847 0.051803657241141
0.0586396340977333 0.0299412010014796 0.00276220207014671 0.0425747860940199
0.0616886590536838 -0.0556484302258475 -0.406985901570588 0.223640513404875
-0.0517407745069632 -0.0899502044761594 -0.0997910122687506 0.526662983529343
-0.105980584139921 0.0252614012699961 0.270462559525641 0.298618552955736
-0.0274049257659141 0.0768255433751217 0.228239434783557 -0.0362915283472664
0.0197231882614608 0.0561892075863846 0.0660349470055342 -0.0934082237677852
0.0269956652922255 0.0200278251619067 0.00819005909964544 -0.0361649896170934
0.0179955481289063 0.0079382038282273 -0.00608765227982393 -0.0256757640463175
0.00785084878252592 -0.00321049188134271 -0.043619191726286 -0.015080912482315
0.0185044092258162 -0.00329699006936622 -0.0959479771541732 0.00352468561129612
0.03169086835775 0.0222589636531696 -0.154301190724299 -0.0232582245756095
0.0283692213973942 0.0568371650937972 -0.142409925850808 -0.158428756337459
-0.0288925857597425 0.0620477343370808 0.0066856009931501 -0.22590575922365
-0.057769611777263 0.032321362263225 0.128126346334403 -0.142940463161929
-0.0485426752801546 -0.00663382453751781 0.0561440574724373 0.057092837949776
0.134381880359171 0.0655221518939714 -0.0141961028916137 0.0345084287809906
0.143648576042696 -0.0902984053527936 -0.398189547155558 0.230502346062343
-0.038226711076871 -0.160334521229397 -0.0867396424217347 0.486638945260651
-0.153130499519305 -0.000844117407421663 0.222055093941856 0.267636856514317
-0.057400166537417 0.0936554499680423 0.184275325685097 -0.00483776089007201
0.00578517356065445 0.0783125445356253 0.0648072306056376 -0.0503971969007584
0.0268427588301599 0.0381160257696353 0.026758995847256 -0.0160856542342231
0.0277146418842482 0.0121898227720278 0.00201029760442132 -0.0204786932705432
0.0187787379656913 -0.0107778799003471 -0.0416898922604328 -0.0155113812673878
0.0349491160268792 -0.0112652718474797 -0.0912769776428912 -0.00501543235356315
0.0571731718331831 0.0338185822472122 -0.144024700784707 -0.0239122150059661
0.029442408505296 0.100306958690654 -0.148977796634477 -0.146322215541906
-0.0696303152520692 0.0651214461906559 -0.0210559564071979 -0.231502020019597
-0.0532030008033284 -0.00146092608404626 0.12597611207709 -0.178711475868677
0.0108702091956816 -0.00327842919561073 0.0799400695473483 0.0508280198796611
0.175419736347012 0.0690537973310851 -0.0343086027720463 0.0209274752146173
0.154734189648205 -0.128569326999706 -0.347575756384646 0.236026498492002
-0.0620832614176865 -0.175850239895934 -0.0543061000436948 0.414387011226647
-0.16036955641585 0.0157472569912596 0.168678167674239 0.215392246859895
-0.0519792235307079 0.0971365902135243 0.129918589610076 0.0241118263683289
-0.00036330824336338 0.0735846349043208 0.0595672251311572 -0.00493326686889666
0.0234631570479433 0.0389851458976633 0.0409292118507338 0.00375945464342453
0.0326316323351564 0.0127833477937651 0.0077640889188884 -0.01403780111895
0.0313637512065202 -0.00756705068929858 -0.0372595392937126 -0.0169631203319265
0.0483736306358433 0.00570102498823146 -0.0777909069104437 -0.0167783334345532
0.0629110832971425 0.0682650605189905 -0.120545581259148 -0.0237192231498176
-0.0122362304104649 0.135299948197563 -0.150457694846515 -0.125369214465303
-0.116540188268404 0.0186446159165604 -0.0541105875469506 -0.237592633040177
-0.0117068104725856 -0.0603280073003598 0.121095513222491 -0.227484418308707
0.0889383161539448 0.0116024079388256 0.0963168627229988 0.031793588326081
0.176878183176785 0.0510782911273966 -0.0433058895372421 0.00966825389549634
0.105529317530743 -0.140788284648633 -0.27106627699199 0.218078964322077
-0.0941208637909565 -0.131337438771312 -0.0407302603337483 0.323571528034186
-0.121105635718975 0.0551478245387171 0.108193064296671 0.180650821391182
-0.0179448680123026 0.0798287462252593 0.0944813274776882 0.0524604151030949
0.000738405235682775 0.0437463448493186 0.063451468922439 0.0244643103115925
0.0144129703487625 0.0244051402245712 0.0488470606906958 0.0174225474581205
0.0319318371954963 0.0126655182603937 0.0146885208373935 -0.00305151218627597
0.0378544534081171 0.00692251753407754 -0.0257465785348031 -0.0149346904036033
0.0494561223960076 0.0433195464576268 -0.050723623268866 -0.0181487486402717
0.030992196646249 0.111011886510081 -0.0923958595853895 -0.00577429530451361
-0.0940025221201345 0.129206433363357 -0.166298465627007 -0.0915248019115808
-0.136795482923309 -0.078892177434432 -0.0980116793865604 -0.254335075263445
0.069915543716638 -0.117537500315624 0.121091362468982 -0.287432234555958
0.169010362655448 0.0424428529342061 0.0996704143585882 0.00530660774676629
0.155743752895608 0.0286458109764627 -0.0375485995163509 -0.00360058919348742
0.0470929849683523 -0.116317576699305 -0.196417816780479 0.172543560942499
-0.0954728035327381 -0.0602245764718454 -0.0521397048114632 0.25366168942254
-0.0549030232570194 0.074753474290423 0.0706270306490902 0.178838000110085
0.015675087114101 0.0413291338413396 0.0944704300394743 0.0684312388144754
0.000608494628335438 0.00489494537947442 0.0760788044115119 0.028007603733161
0.00667921930609329 0.00292169714134615 0.0538174181066075 0.0203046647218346
0.0251352529122682 0.0103351216080686 0.020001863686508 0.0066510883207353
0.0334218017614957 0.0264858982612137 -0.00980547005038304 -0.00475074702534231
0.0264770916337498 0.0787620118603943 -0.0227517991110467 0.00379037731784669
-0.0312274841393061 0.122633237795786 -0.0846256799053112 0.038582640521678
-0.165996866025006 0.0568699263154983 -0.213046742995267 -0.0698462793337013
-0.0889458490108536 -0.186514535177795 -0.137308731028134 -0.307762044945231
0.175701740044326 -0.127861591082175 0.149505602038412 -0.351428924297804
0.217181127520159 0.0833703690687945 0.0906085261279296 -0.0280314418193524
0.127629565250468 0.0130599073474255 -0.0270691094905873 -0.0190349549411383
0.0165933179774091 -0.0760280179164697 -0.149784080244522 0.122613857410748
-0.064846366131135 -0.0137400875593525 -0.0664292988025252 0.222541226889077
-0.00571371685324406 0.0571378353310138 0.0709035735541843 0.190504982565165
0.0270755638024694 -0.000585276784690625 0.119045019369709 0.0647164072089341
-0.00209721897928846 -0.0245446515628807 0.0904482165253917 0.0120738760131831
0.000338258689016124 -0.0119663147303981 0.0532370439312581 0.0161929971094097
0.0131270108201823 0.00799826284013874 0.0228632265788223 0.0131468551446194
0.0186559955554969 0.0362554661570181 0.00549754207415094 0.0128906772744966
-0.00921626429891493 0.081932397844611 -0.0116647352316962 0.0441462580984249
-0.0837626443852686 0.0796006052332774 -0.114473556710226 0.0828276121548682
-0.162154440236799 -0.0467646617698919 -0.276096864438238 -0.093815551458655
0.0189872013992694 -0.222926565531581 -0.133838996089011 -0.396851592824501
0.24137918259652 -0.0702563458866121 0.220588443210151 -0.393320823655988
0.207179897144914 0.113145704736384 0.0758534710975113 -0.0613036234476022
0.101323919227675 0.00712636764220589 -0.0249640711930414 -0.0393854392689162
0.0214854328007008 -0.0468629132839204 -0.128646308020479 0.0913623200200319
-0.0267572477884684 -0.0106204545717713 -0.0661893454853852 0.218379556977446
0.00741239543520174 0.0177076875893128 0.0938471300202405 0.197202453792764
0.0162001592761442 -0.0252517695215344 0.147261186821702 0.0469186001417782
-0.004839366109874 -0.0315596595575937 0.0986173339750243 -0.00974948056193397
-0.00415955543214475 -0.014446693832034 0.0483119851037853 0.0106897484543747
0.000952905993871865 0.00513567617770794 0.0227423910064592 0.0177467819862864
-0.0026052733386115 0.028402633820036 0.0106914739136873 0.0318898817489228
-0.036020997222227 0.0462274333436445 -0.0255092021491568 0.0814157389877979
-0.0838215338643682 0.00803465959202554 -0.167716020120141 0.0959782163537217
-0.0786713104681724 -0.108513270524251 -0.306799889588069 -0.162465015408625
0.108519726355285 -0.154217416573418 -0.0714366385043615 -0.475108206861731
0.212789232451062 0.0182666112516591 0.311634511599847 -0.390433799381375
0.137659716597658 0.105489646333446 0.0638737621506676 -0.0880070524475884
-0.0363041511326737 -0.0239054629177822 -0.00179197968927594 0.0261746387630463
-0.0564823973941046 -0.0215642337398284 -0.400550944496142 0.239796541854014
-0.080722485357151 0.0112945105441718 -0.0651570613758868 0.545592103700721
-0.0294982948301802 0.069130352231959 0.314851598928722 0.280543493570322
0.0254766849040215 0.0426493821332133 0.240382577519659 -0.07589325902093
0.0324013180269628 0.0122379646228523 0.0493923136719975 -0.117291198773718
0.0159128403026052 -0.00905467474025767 -0.00997659567112189 -0.0429482878880016
0.00482698704458949 0.00181989175113564 -0.0150725866734232 -0.0273014520128711
-0.00186737935460757 0.00910012073067125 -0.0498948426983209 -0.016704335014607
0.00518063046377983 0.0164746164927437 -0.0997428757776991 0.00137170115771641
0.00123104189095641 0.0227608409584213 -0.15347430972766 -0.036160519693158
0.00748385771611558 0.0132441222452136 -0.122154754574453 -0.172980125434019
0.00205319954238475 0.0362286617882137 0.0414143578775393 -0.224412412002853
-0.0442481495443506 0.0472708184928708 0.138231124903591 -0.124070397823918
-0.0854923131326601 -0.00529450186444054 0.0420608196850012 0.053738633663171
0.0597752505532377 0.0288820301894742 0.00367971821596578 0.036792013575823
0.0621833325969467 -0.0561039624815402 -0.414669657916828 0.218877800840039
-0.0535555561946661 -0.0905979231979277 -0.10624297177082 0.528414509646644
-0.107549493412598 0.0259750344532307 0.268389466127006 0.299820797445877
-0.0268822881258364 0.0770443324024478 0.228491400776478 -0.0340388745838514
0.0208955756789504 0.057092887862477 0.0655864885655145 -0.0921916902433804
0.0266612854697328 0.0192316752154367 0.00733912368104404 -0.0348806710929305
0.0176481052180707 0.00747532785293894 -0.00758740641400356 -0.0249363549128625
0.00770500290710988 -0.0028571370329729 -0.0469975197481232 -0.0137429930578421
0.0177822404085389 -0.00308860411612244 -0.0994101452193705 0.00338223474229473
0.0319194054620732 0.0212108661417995 -0.156701417039306 -0.0257102283530496
0.0288704494429937 0.0562702364347692 -0.141857634935573 -0.164019966655015
-0.0297164664796001 0.0633774080269159 0.0130735663612409 -0.231174691342833
-0.0591426519950167 0.0327852040259964 0.136603960394373 -0.142427399490763
-0.0489776189856786 -0.00750832438961267 0.0624801558592294 0.0584618819097531
0.137276931359035 0.0641135686690936 -0.0141587171702342 0.0288857992036608
0.145528682446477 -0.0933293547133536 -0.404360828006117 0.223730211101961
-0.0421489367462246 -0.162181166035817 -0.0938852205123767 0.486521498054049
-0.155170519453983 0.000879086603206613 0.219141138421382 0.26921630427417
-0.0573816402935563 0.0943925984131966 0.182644479181559 -0.0020731324860648
0.00747891259506977 0.0798793867467305 0.0651285533399116 -0.0486395798651156
0.0282808561560908 0.0382457937775683 0.0266310395887979 -0.0155781964784917
0.0277914610583135 0.011146717761419 9.47836550704543E-05 -0.0200616453321325
0.0186440710692429 -0.0108356246749854 -0.0456886710787063 -0.0135086660279949
0.0340412964920241 -0.011234065799467 -0.0954621984777039 -0.00555615485341243
0.0583051675939773 0.0336007543313767 -0.14665030897852 -0.0276603406317774
0.0308610553997038 0.101061824443965 -0.148783128054916 -0.151821397947418
-0.0709314458389774 0.0672724427518433 -0.0156323756339556 -0.236334123229034
-0.0546943523674743 -0.00335890224664833 0.133465462676595 -0.179332251711388
0.0119596797672659 -0.00567785547946328 0.0861239909017537 0.0528611989389053
0.177715907610613 0.0670255048177577 -0.0353066262645799 0.0159282670170105
0.155420602473081 -0.132911100430682 -0.35470328324544 0.23397931664778
-0.0664102573478432 -0.17957792363386 -0.0595485714768913 0.413503557050047
-0.161755328229641 0.0195211777075037 0.163432954730681 0.217091928888257
-0.0505483524014384 0.0980020351843289 0.127548908283261 0.029034852485422
0.00181067970607782 0.0741974222204491 0.0616981143117889 -0.00353269034324933
0.0242393979347181 0.0393554231312193 0.0413407734179167 0.00334270788382705
0.0334218810953535 0.0114439004639217 0.00867308022758575 -0.0139972123868431
0.0301429919574769 -0.00714992445374569 -0.0393650680090899 -0.0178625356717401
0.0493742181407185 0.00547614091284931 -0.0815762151761578 -0.0179479241903028
0.0637263255623581 0.0696572129412809 -0.122476854801998 -0.0289988072248602
-0.0109689442787522 0.137385558852246 -0.149872121525469 -0.129396127001163
-0.120403810030705 0.0220858049247503 -0.048022530001976 -0.242058370554692
-0.013949033017765 -0.0631311097196249 0.128273563737204 -0.227400523215367
0.0927925268166926 0.00840562878974952 0.103441353069596 0.0345698175376099
0.180244299247303 0.0483407452686923 -0.0436668498193737 0.00282389945310123
0.107606743564291 -0.1467433195275 -0.275662588613544 0.215102708480539
-0.0977428901935153 -0.134450064333439 -0.0465845735305794 0.322252869040397
-0.122729381869499 0.0574755308143435 0.101745235831671 0.184083966534553
-0.015020550090177 0.0813340905553248 0.0931311425418239 0.0571136383891582
0.00219730360603275 0.0458072284527429 0.0653218865182477 0.0261302370768899
0.0164223686593806 0.0245033422284221 0.0517291161591515 0.017911961193313
0.0334638951858919 0.0105422885616739 0.014095550992989 -0.00359313115118984
0.0383284365527276 0.00670355406457381 -0.0277818535366759 -0.0150127737657429
0.0508991007320607 0.0434133491723435 -0.0548802641400047 -0.0197129946868667
0.0323671330103705 0.112501461467189 -0.0942186527368253 -0.00955663414668939
-0.0930723732751829 0.132258123769725 -0.165888770168166 -0.0958565024591419
-0.142577666455087 -0.0778814386757285 -0.0930674364501396 -0.259425408920538
0.0707697477461284 -0.122452121855626 0.127569820742409 -0.287197166200759
0.172987936097056 0.0392323493807535 0.104280066604005 0.0084306714548979
0.159103995038448 0.0259618176534613 -0.0394846206027479 -0.00724939715639936
0.0474809871584152 -0.12082104224015 -0.201857935906899 0.168969420646292
-0.0990595773089627 -0.0608516443911752 -0.059368993891449 0.253818991555998
-0.0552529602434812 0.0768097053517538 0.0644505453531379 0.182784380712171
0.01790097123103 0.0434397882698599 0.0945712300279998 0.0736982282814911
0.00137058764820865 0.00669256706183165 0.0780910486730349 0.0298981329553609
0.0084373041864632 0.00352804068488375 0.0558368778877419 0.0195118517939735
0.0268418653158246 0.00869841797574613 0.0203204232119807 0.00633488119266976
0.0348588231553292 0.0255013954670387 -0.00957574264738461 -0.00502983311370298
0.0289847631704888 0.0799520615551176 -0.0250229925166069 0.000820036104057375
-0.0300028036839092 0.125763639334944 -0.0853678001098149 0.0339826215516239
-0.166328125952458 0.0621812674845662 -0.21080827142438 -0.072627273850875
-0.0944112597865304 -0.187701517979435 -0.132322038726597 -0.311541458396925
0.176572047656028 -0.132492516100812 0.155591741604324 -0.351373530342976
0.220313876062929 0.0818353352220775 0.0950659253949435 -0.0243375735892325
0.130320990128964 0.0108750672061757 -0.0294533476190637 -0.0223141111282522
0.0163412730934833 -0.0793280288236498 -0.156444704313278 0.120406207467328
-0.0672946533261866 -0.0137033814633169 -0.0740470775443312 0.223732595684259
-0.00528777959447122 0.0595686243673696 0.0658425796468114 0.195977571485766
0.0281724768283959 0.00115475413581765 0.119098213542331 0.0694445654959739
-0.00182518092505799 -0.0228896314119236 0.0925973656105123 0.0124504055675235
0.0015987864247207 -0.0114214000204713 0.0557682284116003 0.0154692738841202
0.015432744241508 0.00756568442310931 0.0239468688413024 0.0126537691396
0.0205880653332506 0.0365743635788239 0.00530451559335819 0.0122726811491051
-0.00687294793696211 0.0842323764226568 -0.0127010607747772 0.0417456946460315
-0.0825158134162066 0.0828709284160494 -0.114399187183828 0.0797237924105289
-0.164635739543373 -0.0434001849997774 -0.273074671657046 -0.0953308265640819
0.0152485275415438 -0.224959428676628 -0.128859088924621 -0.398495413209643
0.243676227381407 -0.0725440888969162 0.227286325334963 -0.394338369279809
0.210731397401975 0.112650677852668 0.0788482174716377 -0.0565729376482566
0.103368788375562 0.00534900218865062 -0.0283419061352216 -0.0419042085588463
0.021167297838509 -0.0497444212560111 -0.135586136733293 0.0892971556916373
-0.0277674560393105 -0.0106703319616235 -0.0734033495230422 0.221190834167971
0.0073103619707288 0.0190675782492741 0.0909775485236485 0.203338406332601
0.0166167340464787 -0.0241442736033981 0.148309644491089 0.0509512341150489
-0.00505802502153062 -0.0308853303369429 0.101298105916966 -0.00970578837813443
-0.00359072015884601 -0.0147525686314139 0.0513529469908245 0.00965394714272183
0.00228355976900246 0.00473200099691699 0.0248682708749067 0.0170948080697385
-0.000912979878488402 0.0291500042065076 0.00997228411457115 0.0310720082871776
-0.0338692190172898 0.0484648776765396 -0.0244108423270492 0.0793760910134343
-0.0840453351407316 0.0098227524170223 -0.166934421198746 0.0931980033715688
-0.0805420338641761 -0.106721813324304 -0.305763527722135 -0.164470275836503
0.106599867765356 -0.155412067501149 -0.0656889191185905 -0.477807064080405
0.215484197834151 0.0172822101100207 0.317354091854452 -0.390795649856303
0.139479793917001 0.105837060902357 0.0667884261219922 -0.0841486392687173
-0.044479071088461 0.00110893047026843 0.00982959704012062 0.0203674350785307
-0.0568327248290585 0.0182111865892332 -0.186567249975661 0.437867340637832
-0.0551999450482953 0.0594684850864349 0.271827339611464 0.489175255668312
0.0175160360062644 0.0705538981326276 0.429687163609756 0.0408691229831553
0.044339423452717 0.018072640600784 0.148304142111929 -0.205368323261087
0.0325240791795353 -0.010686826773766 -0.030546774492868 -0.123197084267231
0.00634135393582697 -0.0162785115807647 -0.03406965489519 -0.0265819395046588
0.00404520276391767 -0.0010299093412443 -0.0298277341068414 -0.0106691399085559
0.00416113806206263 0.00931156763750457 -0.0528377955188576 0.02128279639053
0.0135653240588047 0.0111873057002374 -0.0826922884192931 0.0643877351413195
0.013805358031753 0.0182882676333981 -0.149889197681187 0.0651404495201713
0.0122202180381911 0.00679525629720163 -0.209075210034658 -0.0694864300560649
0.0245098483662886 0.0264704049648533 -0.10649345675804 -0.213947070113905
-0.00509412743534443 0.0673573915835057 0.0367062309574505 -0.194512611429068
-0.0753135874952769 0.0528126074379884 0.0778570821306423 0.0120704047844762
0.065713977779097 -0.011789794859524 0.0231887368730272 0.0184734270561541
0.0173764192690251 -0.0792257780871937 -0.206109103230604 0.427106582530887
-0.0963787057431093 -0.0376067079467715 0.223366398988898 0.496527143551653
-0.0692962391580641 0.0826907634590898 0.398853286027174 0.0883613176617536
0.0233573216173586 0.0767598218194576 0.163235429440544 -0.164056767029269
0.0506283673455891 0.0323139138822013 -0.00248301583369299 -0.112076390716105
0.0328548137689095 -0.000754289105633634 -0.014475604168975 -0.0326789255101976
0.018799817651538 -0.00518761389712817 -0.0226785991630275 -0.0135844022942974
0.00374360215013429 -0.00669021038043481 -0.0479198735692625 0.0207988079334951
0.0112850849906409 -0.0130033362584132 -0.0819637596674445 0.0669589883058278
0.0383686573566148 -0.00198924995469201 -0.147068879506556 0.0750214586835661
0.0580429796518595 0.0290958395504601 -0.220130115614375 -0.0495869439869181
0.0132354877603559 0.0716893105449304 -0.133302942660245 -0.202330806259134
-0.0284797596333867 0.0623334226093936 0.0229314076500376 -0.210000791589463
-0.0447287936985381 0.0243054416707287 0.0968191292597493 0.00378382936289958
0.15005320050256 -0.0269201803806862 0.00577555500544291 0.0179914073524766
0.0618437237004989 -0.157967040799786 -0.194689605751509 0.42118827472702
-0.130028410913503 -0.103741485498617 0.205662652706895 0.452450626724172
-0.122458581349176 0.0916768449734316 0.336997633544943 0.0953894561493762
0.00998921451203981 0.109145948086211 0.146509082229878 -0.109179070762404
0.0544348304491646 0.0597582291886377 0.0248740955954885 -0.075937793827737
0.0462633341594075 0.0125477772607131 0.0129165903366975 -0.0290301140225878
0.0292302425411819 -0.00971342716096507 -0.0133734005710292 -0.0149668068752411
0.00829219099271842 -0.0215093573504183 -0.0475648001788875 0.0194778501282755
0.0199158558512895 -0.0306582854415364 -0.0839571356121081 0.0578218612129132
0.0685904339229921 -0.00867618013314473 -0.139731390465246 0.0668091410762664
0.0880163157981129 0.0662432483201672 -0.218647334606018 -0.0363104186695136
-0.0212349424416237 0.102929210655184 -0.159221783310959 -0.188636386887067
-0.049375134677746 0.0276365024153695 -0.00107074516764421 -0.237055300319291
0.007965264712897 -0.0153876411040772 0.110638919630124 -0.0143439869150608
0.18755300240765 -0.0507577536940722 -0.0194360536620544 0.0165767237120649
0.0463388142522848 -0.197229265658596 -0.151012844721446 0.39535905925367
-0.1600992577378 -0.102632272379111 0.187856992933552 0.374409528194073
-0.118814836366979 0.110425611386993 0.258836535798587 0.0887028376730998
0.0182005284681614 0.107753929237258 0.121027915948635 -0.0506284878426435
0.0473746326683391 0.0597253284524924 0.050433640542842 -0.0374289303630384
0.0432516016145355 0.0147720787624699 0.0376389871635977 -0.0228249499456661
0.0348941210178815 -0.0130125472006898 -0.00298158617860263 -0.0141707522641062
0.0205240262433628 -0.0271483083877803 -0.0437630114404061 0.0154929447063007
0.0434736862776969 -0.0270614015503427 -0.0808882549578974 0.0377001837726053
0.097302852938914 0.0175246310818801 -0.121011009130839 0.0508341664378389
0.0765714343834127 0.123270124996149 -0.205348634446944 -0.0185288036326066
-0.0930880773473109 0.0968240081391822 -0.190248232818835 -0.171696565767652
-0.0560277668719793 -0.0493971314525331 -0.0348805475312528 -0.26977939616532
0.0857866748290943 -0.0568484233770698 0.109258744507578 -0.0356704989245689
0.179487068125358 -0.0676634261970836 -0.0358636822490118 0.014048581776169
-0.000529861216645524 -0.180308300153424 -0.0990328269995179 0.33433147227349
-0.160768683336306 -0.0488451807701734 0.143017100221007 0.295031515971676
-0.0624998453904242 0.118316707498903 0.190598517975452 0.0983395928957106
0.036751343004603 0.0745320042435705 0.11247387229201 -0.00594135179419465
0.0312203378615865 0.0366015300879384 0.0710151682508095 -0.0162735058342365
0.0286644199891041 0.00787894850998802 0.0537957939332665 -0.0181335740749315
0.0345462103307124 -0.0148139330293343 0.00891668565062476 -0.0119393156079182
0.0359871534993175 -0.020369195011924 -0.0335926322883893 0.00799914608500335
0.0710539869870764 0.0040140003424296 -0.0612207868357437 0.0182269376046395
0.099774868950947 0.0726445724469257 -0.085968105146078 0.0468747118523787
0.00695270171774453 0.171892623852161 -0.194791582765628 0.0187815128108926
-0.177004122922839 0.0282365968892719 -0.234738361200496 -0.155662154301375
-0.02442318822493 -0.153599588130019 -0.072186434763983 -0.315352620193163
0.172194617918888 -0.0838416239191037 0.0914565483876793 -0.0548181082275761
0.148202171314771 -0.0733490857685785 -0.0399078228858143 0.00530005761263736
-0.0331613463605932 -0.12548529790986 -0.0682221878533545 0.255467662149293
-0.117849902550813 0.0115300542217411 0.0933989198082624 0.249303165341113
0.0023971096180948 0.0954713464156316 0.164193033651693 0.120912803413135
0.0408718955457795 0.0238938552530366 0.123992390441422 0.00657228710097641
0.00672705431107619 0.00521846051345562 0.0836307858179949 -0.023710701075262
0.0100028298553602 -0.00425428308589472 0.0581626343626798 -0.0202693932285474
0.0282450791204618 -0.0112772351077342 0.0197945441275756 -0.00841850036438212
0.0460145653630509 -0.0024549351958691 -0.0138333859869379 0.00298675951391972
0.0763282284451097 0.0461093292774841 -0.0243150188183524 0.0163990923216044
0.0567146798062896 0.1233156432722 -0.0500848796404731 0.0764097389813655
-0.0987541812915066 0.159496271126239 -0.215497764327084 0.0682417109645006
-0.208439130547045 -0.0960678384999788 -0.29805493492444 -0.1707957757499
0.057247381593973 -0.232571958539925 -0.0915387864192774 -0.381738467375525
0.24021163340092 -0.0801740397418984 0.0585896157448992 -0.0720894261138718
0.114645828514544 -0.0689894528447414 -0.0432063678840057 -0.0108325708231237
-0.0329363914924888 -0.0746541841799431 -0.0605234539845248 0.189695897455016
-0.0636614595268444 0.0314084618401977 0.0670094752360502 0.234604147145978
0.032267748030319 0.051409631684644 0.175634489470233 0.128906089256735
0.0245316608001877 -0.0156888108638805 0.141606426923743 -0.0127785086091744
-0.0141992002984185 -0.0162891122764189 0.0838708719056704 -0.0483146214487958
-0.00534646827338751 -0.0109132419074727 0.0553373284414402 -0.0240900621760698
0.0186142097232416 -0.00520342567624029 0.0269793451652913 -0.00575291957916466
0.0411683745397689 0.0158465144507934 0.010237525118237 0.00678460835304284
0.050437712365846 0.0736091136653528 0.0118098174678353 0.0397701468641947
-0.013807108383192 0.123530892459872 -0.0430562339532763 0.131625839435955
-0.164705180574961 0.0712687947119532 -0.278576775436056 0.0898097032220507
-0.141096464311369 -0.199616396188554 -0.350964103944445 -0.240700222584408
0.152985720346269 -0.225733704315219 -0.0628196812982477 -0.459877268808121
0.251839228345522 -0.0457292458393927 0.0234176241299509 -0.0898958001115672
0.0888232999538756 -0.0573467937182256 -0.0530991366098379 -0.0226903934971818
-0.0118930815915568 -0.0522295675022491 -0.0618957739876672 0.154130930487247
-0.0285180500797036 0.0100594740593362 0.0679760522113715 0.230932375101466
0.0185920454033688 0.0112354221645339 0.200891275117811 0.11690560613125
-0.00122072712246592 -0.0290000340695772 0.153351965480353 -0.0474730569592742
-0.0222139549539208 -0.020922524645879 0.0759108788636163 -0.0723640959036593
-0.0109266846930322 -0.00980677477833901 0.0495257397519776 -0.0276739153464473
0.00652488917250276 0.00167536559409079 0.0301285317291745 -0.00324369726310926
0.0193209252498762 0.0242513806450895 0.0273184068760999 0.0180639994365781
0.00546573121167021 0.0618394887851081 0.0269913513986605 0.077730922992621
-0.0621969753563637 0.064683924751813 -0.0752200282594721 0.175898643896096
-0.135647792975392 -0.0337716798210634 -0.347049816370621 0.055745840087178
-0.0187485114000543 -0.202675288290471 -0.350971817789218 -0.344420167332442
0.189159143121926 -0.132959716039061 0.0111824550450732 -0.514467464814055
0.186938204967922 -0.00390300893297286 -0.0017909499220247 -0.105395159833228
-0.0467875684112339 0.00293664730577584 0.00739774626243099 0.0161211355668746
-0.0567263655544459 0.0214282868322462 -0.184023121476037 0.455452795225153
-0.0552487644510247 0.0637047281422728 0.291456545871911 0.496040774483113
0.0213561067138432 0.0706053637467812 0.438795489750958 0.0308743200068735
0.0449562003182335 0.0159863855519461 0.145128600987584 -0.213806875750547
0.032401802308113 -0.0127691797208253 -0.0353019347942662 -0.123075021355983
0.00462391569866203 -0.0161105893537701 -0.0349111179185539 -0.0256074733124545
0.00322522799271521 0.000390110906943758 -0.0310576081596122 -0.00817531538976957
0.00464410946973026 0.0101267643541044 -0.0545916446965684 0.0267314160045685
0.0137881524526994 0.0113620796907751 -0.0843148190178703 0.0708570464093388
0.0145815317367947 0.0178728829907753 -0.155186406914227 0.0705891927671012
0.012555536988706 0.00581444874892492 -0.218410053132882 -0.0692856659161305
0.0275204021070138 0.0271553302994792 -0.115255152435285 -0.223402217378312
-0.00258462871195965 0.0705772458069993 0.0368089182086185 -0.204915849213373
-0.075167045277963 0.0581242380497534 0.0862879085068417 0.00763303337466191
0.0667092304301529 -0.0148682750060433 0.0205799404083308 0.0140260161258242
0.0140386885718477 -0.0823188304055649 -0.206771961559191 0.444786292499592
-0.101482895788679 -0.0348969647958772 0.242968917595292 0.50365993451997
-0.0681103547140302 0.0884504199170287 0.409619267304975 0.0792854375505407
0.0270031244964854 0.077163116939021 0.161721775774134 -0.172172576707021
0.0535044004966535 0.0305453380174788 -0.00631031458638774 -0.113411515263447
0.0332070857172554 -0.00211436190322054 -0.0148640383591904 -0.0325935924066591
0.0185891442832791 -0.00636703420264865 -0.0246550076132594 -0.0110356696379205
0.00322431332370442 -0.007303215706734 -0.0504061185928892 0.0266857631166656
0.011175036255651 -0.0134593653573244 -0.0836540200125227 0.0738785269793143
0.0393081830373321 -0.00390979518290673 -0.152067705598827 0.0813403456520375
0.0612967101238204 0.027181421601896 -0.229830695007307 -0.0477227167977549
0.0169103387112159 0.0739486881714152 -0.142891618603325 -0.211293525512671
-0.0276966464610608 0.0653236963904162 0.022739062672301 -0.221513282791028
-0.0457146459692743 0.0254262880798032 0.10562266295258 -0.00197185004224906
0.154164952176392 -0.0356014430637693 0.00291237395418099 0.013350365251186
0.0562761036139775 -0.166726258110325 -0.192788271072794 0.437990815030126
-0.139676910012746 -0.0999756264263133 0.221276058424908 0.458075258952206
-0.122372700044133 0.100194160705791 0.34566445479525 0.0895926923181286
0.015022257539285 0.111073576699569 0.14652322339369 -0.113352422480073
0.0593968615885809 0.0582496240597123 0.0241727067973268 -0.0776354509196133
0.048015469915055 0.0103647475010521 0.0120151943216157 -0.0305518983824078
0.0297386380096818 -0.0119503801545526 -0.0147108487100457 -0.0130667735361563
0.00647833989755277 -0.0222667574736413 -0.049982356041309 0.0244643696476737
0.0199772274651532 -0.0327509931257528 -0.0867896407031671 0.0637934540039911
0.0698845693030346 -0.0125026284836474 -0.145552796227768 0.0733123212656459
0.0945276108641621 0.0640978140641571 -0.228313766029758 -0.0335242066813468
-0.0181012887023706 0.109001993102593 -0.169861167696847 -0.196346120410024
-0.0514653554575794 0.0295770286218838 -0.00383065567636488 -0.248105304768065
0.00674968017583079 -0.0193534262133618 0.118933144663112 -0.0207164334541031
0.190594008233423 -0.0602632433344813 -0.0233366176701155 0.0139782210733207
0.0387178804250928 -0.207867471504806 -0.147176319455111 0.410627598545766
-0.172409179179501 -0.0978109651875089 0.19917054921373 0.378087585563924
-0.116755267330234 0.119942617119087 0.26523911540205 0.0867355051488525
0.0251140674630246 0.110579743799006 0.123757266637939 -0.0517457579889047
0.0530817874596732 0.0579645819313863 0.0514013462786779 -0.0398298330498846
0.0456482354531443 0.0133280088848046 0.0389391823648483 -0.0240442493319583
0.0349231660474153 -0.0164841246487845 -0.00292453077248474 -0.0151032263138054
0.0193893728574537 -0.0295621535183296 -0.0466888156262085 0.0176604820890141
0.0440170857080164 -0.0288510093259507 -0.0843812412316234 0.0443627750815225
0.101778754519302 0.012810220574571 -0.126811723891279 0.055563605832753
0.0862095843446906 0.125289839708412 -0.214516904213039 -0.014552028579611
-0.0922856489818041 0.10597342109114 -0.200471754196235 -0.177059181482321
-0.0611247187416775 -0.0509971133120572 -0.0398248574638664 -0.280496469256172
0.0847328920014976 -0.0661998858724188 0.117939187388417 -0.0414379742125583
0.182227632318771 -0.0793179762920528 -0.0404329563310932 0.0138173223215701
-0.00908871441833147 -0.189542695432434 -0.095476223603354 0.346212519954217
-0.169911206314861 -0.0422679710605967 0.149553063910906 0.300031478209567
-0.0587879835083864 0.126132882622543 0.19789415273225 0.102294785197638
0.0430135317437652 0.0753848222642122 0.116917973322452 -0.00432027437203779
0.0358017258335443 0.0358131429710065 0.0746675437947795 -0.0193501198079721
0.0313235255707334 0.00545644149407057 0.0542894398898872 -0.0226009844193071
0.0348066381903722 -0.0187497151405377 0.00798130444791389 -0.0120377839905434
0.036293253971584 -0.0232211759289313 -0.0358161464477689 0.0114153228948147
0.0739340623763559 0.000356209859886982 -0.0654014178968946 0.0221314971398624
0.107245418693197 0.070227083251923 -0.0913464622131067 0.0492972209636591
0.0161471451834659 0.178177417096184 -0.200456653768932 0.0221599375906799
-0.182813560059536 0.0391941470388182 -0.244683062904401 -0.158353958486853
-0.0333761576037726 -0.160530557148786 -0.0794736154300238 -0.325091347611891
0.174582670576987 -0.0973279314469461 0.096550498398412 -0.0593367638942198
0.15099660642715 -0.0843635358045145 -0.0454765686595424 0.00470821394649922
-0.0408331131108978 -0.131481072055392 -0.067338853125085 0.264392973199618
-0.123282106824035 0.0183770548329143 0.0977460070184241 0.256221131316767
0.00776407378344539 0.0997495396143507 0.17034095767966 0.12553288802112
0.044935033887175 0.022419023181887 0.130130897647171 0.00750738380400272
0.00893090177905854 0.00508212476596963 0.0872401073912708 -0.0277598949821919
0.0104514380549983 -0.00484754218300519 0.0591973685243575 -0.0240049907123538
0.0289764195293699 -0.0153841619999075 0.0187757682401213 -0.00941591478890852
0.0485461619123532 -0.00535052269952509 -0.0152481324960214 0.00437443972017416
0.0832650760473425 0.0437687486734165 -0.027610625137121 0.0172497643178884
0.0662697339626606 0.124239681658996 -0.0525246109073697 0.0771952222656307
-0.0929739292303897 0.169871823493618 -0.218395970982778 0.0738548187790818
-0.22051706162053 -0.0878161247140936 -0.309771062184858 -0.170756884302391
0.0486825691596826 -0.244744054271977 -0.100962153781208 -0.390534683167133
0.244441197291996 -0.0953939674002083 0.0632181399822796 -0.0752080219629952
0.116148582089849 -0.0779591312061269 -0.0483247154258196 -0.00992813293456984
-0.0382265540357933 -0.0770854704171023 -0.062168920279276 0.197427221578795
-0.0658173457907794 0.0361417447732813 0.0706289879220756 0.243946701879732
0.0362209131198222 0.0524176059356212 0.183300568684228 0.13309111834715
0.0257820913244565 -0.0170269072220564 0.148327518154374 -0.0142000258053848
-0.0138471276586163 -0.016254987454325 0.0864685003196567 -0.0531142578818479
-0.00499371694262017 -0.0116803134761198 0.0568259148232785 -0.0289373919943591
0.0196150759499071 -0.0075925388717507 0.0271367101746303 -0.00767242753934136
0.0441034559848026 0.0137702427311545 0.00969291106245819 0.00671580166743876
0.0574048067397417 0.0728653722474642 0.0110284742507737 0.0397796401561875
-0.00628891083452433 0.128226814034912 -0.0420746717241742 0.133413305193684
-0.164232370519002 0.08227753109594 -0.281768249903518 0.0986334628350529
-0.155108520032634 -0.198573592006712 -0.36582643555241 -0.241143051675793
0.147860053083716 -0.240874059327753 -0.0765568880951605 -0.470625636543159
0.258318591015634 -0.0584341346202192 0.0265389168673347 -0.0908464225676968
0.0902473810338765 -0.0636999673228752 -0.0594148832272116 -0.0211519462975265
-0.0137864631189461 -0.0537536327270198 -0.0646615865222115 0.162047573959347
-0.0288409804235178 0.0121159255321879 0.0729345284850486 0.240034021926823
0.0208532496458114 0.0113558259563324 0.210955234795312 0.121451720937448
-0.000645098170553909 -0.0296595693139174 0.159349679063301 -0.0501827018247152
-0.0232112558245338 -0.0199606659755576 0.0776603409346334 -0.0779658764616795
-0.0109418259613954 -0.0101412330827719 0.0499964150575799 -0.0331647222109299
0.007811476583811 0.000155789998738349 0.0301695093437554 -0.00672027624998821
0.0225859611412524 0.0233445015025618 0.0289442670158939 0.0169084982548566
0.00984447137515248 0.0642856820806655 0.0296559616323352 0.0767161866406951
-0.0604923898766477 0.0700582682189017 -0.0719530496759012 0.179591188913336
-0.139876926992282 -0.0273622550454578 -0.353001171665008 0.0657588794966825
-0.0274565472732339 -0.205965915141858 -0.367677892853276 -0.343819459483472
0.189040639200929 -0.145447060637738 -0.00176556627167857 -0.530546527494624
0.193484913232179 -0.0112768733403669 -0.000215653532674979 -0.106173079288807
-0.0475818770109472 0.00576516198429958 0.00410459063047789 0.011822247857233
-0.0559875007476249 0.0250349066194045 -0.169904102240321 0.470693630906279
-0.052410344451442 0.0681265436441452 0.315638745476247 0.487741597824479
0.0257594202553984 0.0698878956113526 0.442999258732787 0.0114524289875543
0.0458268681608917 0.0123328234951901 0.133868164599398 -0.221274797204097
0.0308219124927711 -0.0161061763980951 -0.0417044127113615 -0.121188720618875
0.00244839736946967 -0.0158032168873249 -0.0351420854531312 -0.0224625807605329
0.00329657574764866 -0.000218655719845384 -0.0317394124617532 -0.00459076519446979
0.00427174423943807 0.0107382943562373 -0.0545739721679554 0.0338984610646961
0.0140526535408166 0.011001555308366 -0.0839032167784097 0.0779048282448695
0.0147306467717048 0.0169886950086492 -0.155723907069528 0.0798176543855315
0.0124442161153102 0.00442994944081818 -0.226601440284596 -0.0630958150090072
0.0303662920525593 0.0263856959822664 -0.126867568616249 -0.227980412504237
0.00304839985474617 0.0728545487195218 0.0318609781926577 -0.213303277729854
-0.0750408480753642 0.0632357078769046 0.0938666139713568 0.000228868919935716
0.0663629224561447 -0.0198134954950129 0.0180585822921351 0.00893242151091843
0.00914330037324576 -0.0844869359238624 -0.1916199777458 0.46086407211293
-0.10616502740446 -0.028570155241814 0.266589650858002 0.496760385810725
-0.0638551251995904 0.0938375852296488 0.414690958078663 0.0627919780906634
0.03202105003921 0.076209279814123 0.153042594928417 -0.179189119303918
0.056120297799112 0.0268063508504757 -0.0118594593260459 -0.112822088343476
0.0327374565102701 -0.00365185674557601 -0.0171959507173791 -0.0309942232574058
0.0180945629748575 -0.00743734388611131 -0.0255959105782868 -0.00787425923794119
0.00242240062492326 -0.00691558606346575 -0.0506981819791125 0.0334399579714859
0.00934963343348506 -0.0132008986928708 -0.0831367823863768 0.0810892774711301
0.0391795013314104 -0.00630058704108981 -0.152857913054495 0.0903768022699329
0.0639648620927331 0.0232759223631377 -0.237812441271603 -0.0404671794321846
0.022509986669457 0.0750586394486563 -0.155772922548903 -0.212704936706616
-0.0244254606490025 0.0681203157569109 0.0163457753087065 -0.229808492427912
-0.0460302803275584 0.0274264972646941 0.112768369270154 -0.0104280660397973
0.153831380448182 -0.0470085306037351 -0.000262686819979529 0.0095821436583022
0.0461440989790253 -0.173181210720468 -0.178954107952233 0.45237928545723
-0.149188896432722 -0.0918986295244016 0.242993262225487 0.454901178122633
-0.117643891187089 0.109996157300559 0.350618518271119 0.0758757943828638
0.0225974010339941 0.111146720823032 0.142439606763696 -0.118568081604562
0.0650508263974417 0.0544589781363482 0.020795702641308 -0.0793040112125323
0.0487933859268756 0.00705285911666975 0.0111590399366113 -0.0321607154913571
0.0283401255404708 -0.0147914314874097 -0.0159459762172923 -0.011398535569998
0.00544090012187816 -0.0230122912838777 -0.0498554150108779 0.0309006165657262
0.0170918622729482 -0.0326104716671663 -0.0854115875833152 0.0724184024596424
0.0707186239016757 -0.0164831168165537 -0.147693696053482 0.0814554112675127
0.100594985555537 0.0583600873106323 -0.235659947654515 -0.0255152614589495
-0.0118778643796989 0.113407236685538 -0.182372343263446 -0.195931159067409
-0.0516984850254851 0.032302031873963 -0.0115879899373735 -0.255300872846585
0.00504843677943558 -0.0223947819925428 0.124506391284164 -0.0301021306081057
0.189899065098699 -0.0754957698241367 -0.0274558639545537 0.0135373737824092
0.025466390208237 -0.215052671442845 -0.133137181108387 0.422808856291639
-0.18342858469796 -0.0882384503571968 0.214361167143351 0.373826630177669
-0.111144131735028 0.130320963762247 0.268481214992163 0.0795220411798662
0.0330722670361779 0.10957468408393 0.122661945418378 -0.0544897140909136
0.0604990581479315 0.0554679252453096 0.0513594356301028 -0.0408497766666576
0.0474465445027705 0.00981043077488759 0.037562739653854 -0.0290136413055226
0.0336548105231891 -0.0202420396835877 -0.00518061678094755 -0.0124050346659129
0.0169212860957088 -0.0326531323537687 -0.0480289760184405 0.0252881734357927
0.0431285138057906 -0.0310366766391205 -0.0852199688077083 0.0515628595124638
0.103605376712626 0.00729740792991787 -0.130047882407723 0.0612367521560532
0.0968721195658102 0.12049715987788 -0.218897183290737 -0.00650867337098856
-0.0886341342489586 0.115796909467204 -0.21229902387872 -0.175259616743081
-0.0677248534266657 -0.050326669469731 -0.050884146271952 -0.285621863655885
0.0823638632560193 -0.0754731951696142 0.121813155186637 -0.0500929219896674
0.180234976397199 -0.0952370280182046 -0.0444510846660803 0.013338571410261
-0.0233805589179652 -0.1932612027826 -0.0843554804861286 0.352418435442114
-0.176860839653139 -0.0298460651233653 0.160642904217379 0.298839128771814
-0.0507798977709136 0.133353365513084 0.199435604009885 0.0991944180942992
0.0494542139188326 0.0726697024801699 0.1204375601752 -0.0053303506177699
0.0409618089471222 0.0330915002421221 0.0765738317228597 -0.0245604988726099
0.0317195495936916 0.00389921739179821 0.0533575090333501 -0.0257022633360931
0.0337519602413943 -0.0238304911077524 0.00700812220815495 -0.0126786513782424
0.0344367066031409 -0.0277993208672869 -0.0360951568517585 0.0156474263592667
0.0765395456078023 -0.00463323169315819 -0.0684648846884716 0.0282378183171168
0.115221849747905 0.0640541859363248 -0.0942673530081566 0.052939380571672
0.030175274925795 0.179400767773721 -0.202550327971514 0.0293511441358612
-0.184362159785417 0.0532227888004135 -0.255346467483395 -0.153367656917584
-0.0457391040072381 -0.163535607292582 -0.0940379874364907 -0.325840731101114
0.171530058789983 -0.113082036934632 0.100864119396196 -0.0663432144566703
0.147834869288381 -0.0976939776082106 -0.0501858984224575 0.00556663970575087
-0.0511764798062459 -0.133001646771892 -0.0604975054639689 0.270062291712255
-0.126117796178162 0.0272371222900272 0.105700901466323 0.25886025041758
0.0143520856846886 0.101541117114194 0.17706268072061 0.125649494860447
0.0483782812604853 0.020042311324351 0.134722662594917 0.00579921546358804
0.0117009549120207 0.00417395937219901 0.0882384737719253 -0.033046187134068
0.0107458480716112 -0.00662137996066657 0.057940184357326 -0.0291953783735433
0.0286915207620004 -0.0194680352249074 0.0181675676377142 -0.0110686435421546
0.0492142563486465 -0.0103292559839036 -0.0164310022450396 0.00708877384720343
0.0895968038534074 0.0384967762294676 -0.030193854817268 0.0198600275187292
0.0762525006810635 0.121768168874636 -0.0526051767796517 0.0791295850284254
-0.0811833875337667 0.179206727290625 -0.216651057846543 0.0820287343912364
-0.229496260612323 -0.0729309451411014 -0.321134178431924 -0.161170500619164
0.0327567944635346 -0.253099003901158 -0.119373835762157 -0.390823959644999
0.242199534880221 -0.115068829501564 0.0667434559758353 -0.0790930437334619
0.113669838121518 -0.0879217937680608 -0.0538851378489581 -0.00798918739401432
-0.0443801577848592 -0.0780313654158965 -0.0584943580708171 0.203741120395302
-0.0653083122062311 0.0413642332086195 0.0793858431887991 0.248377041131621
0.0416837210876265 0.0513544968046123 0.192658666238536 0.132801731399669
0.0263146842859281 -0.0187968115977171 0.152419873318421 -0.0187771870449708
-0.0134808236202348 -0.0155556256085572 0.0856142113694077 -0.0587128970298111
-0.00554896491487114 -0.0118537559756225 0.055451074608785 -0.0335350483715257
0.0197984424004205 -0.0110468296473988 0.0267299621236676 -0.0103735642920289
0.0466360949680131 0.00976207399730773 0.00977806530785911 0.0060357805688035
0.0655075110971072 0.0691951657880903 0.0107829713586256 0.0388295012713481
0.00344860743774161 0.130401397939909 -0.0379504837402808 0.134530096084038
-0.159603190348953 0.0955994960421602 -0.277839361941246 0.11204243551552
-0.170376827123187 -0.188283560560223 -0.378616180598937 -0.227383801713597
0.13525353866334 -0.255099669717486 -0.0983678443446946 -0.473056650103616
0.259394318630841 -0.076839186376979 0.027743277081538 -0.0921660912685948
0.0885167110958772 -0.0711562309689972 -0.0649621866894608 -0.0174654126219052
-0.0175901944497003 -0.0555747666256929 -0.0637479030348356 0.168370481381826
-0.0296142802713134 0.0142355127883384 0.0820195284907707 0.245477336868353
0.0227639249515372 0.0113131741269602 0.220254695656383 0.117795476623957
-0.001739460065205 -0.0295207878056974 0.161657455501228 -0.0563721485266472
-0.0233991344487878 -0.0185053581743676 0.0752273515297648 -0.0834318948052527
-0.0114073394555058 -0.0103497647313298 0.0494431314891036 -0.0387673608620706
0.00855605800030518 -0.00222585604581908 0.0303253466143325 -0.00942212625673913
0.025609864848841 0.0207473292860787 0.0294471016061434 0.0150752863169474
0.0160389463880282 0.063386817814091 0.0326269232251498 0.074262207237532
-0.0551368740397375 0.0756294009081436 -0.064532207981773 0.183110150676603
-0.141938753952628 -0.0172571848958419 -0.350477667825554 0.0831518846218971
-0.0403058690975354 -0.205184080317324 -0.387681184157135 -0.332266538012696
0.183107594747541 -0.159280653441998 -0.0252552971745583 -0.5365812393952
0.196128832556622 -0.0237296105838319 -0.000470959538868639 -0.103973049460315
-0.0477916908286947 0.00751868825732863 0.0002307152734549 0.00740714614296066
-0.0530796114433603 0.0285921200836994 -0.149009904888776 0.475606590155531
-0.04741067641354 0.0703461985240287 0.334807920786417 0.467908891132239
0.0294532149625522 0.0675740179459043 0.433875691690187 -0.00818835334895771
0.0441659909158224 0.0089983897511536 0.1202981119369 -0.223098303456933
0.0281945411984073 -0.0177916155772578 -0.0474920275827526 -0.115313750696742
0.00135633125517557 -0.0144767982163555 -0.0353534444465848 -0.0191236963790819
0.00297865734627928 0.000729121021322298 -0.0321186226207821 -0.00117594602524803
0.00614939505951788 0.0107567934539172 -0.0518775080887161 0.0394371977289221
0.0146125566762507 0.0105676095763547 -0.0800530155002402 0.0836890860944505
0.0150082501375175 0.0159772508131392 -0.153684426858222 0.0871872538910687
0.0125494460114182 0.00293757288785343 -0.22978780230828 -0.0543513001812548
0.0326669801125916 0.0239048059840002 -0.137650490431727 -0.224916533598968
0.00817229004477544 0.072703152764988 0.0256186690225908 -0.216734529973844
-0.0698643034488796 0.0673800928682912 0.0975981685368585 -0.0081128574185378
0.0638829363063417 -0.0248322883192982 0.0136966605310791 0.00347940348554061
0.00422639450191827 -0.0846800224701864 -0.171740161790105 0.465416944853927
-0.10720547716876 -0.0211193302520454 0.284835080081084 0.479615118015002
-0.0572021754099424 0.0972676230407178 0.409251513320564 0.0443262298270916
0.0356073522511795 0.0727197658764869 0.140996078403367 -0.182436929963204
0.0566896162127554 0.0225796613581235 -0.0173506609026371 -0.110163314173331
0.0322548646943098 -0.00563814764889247 -0.0184679772558873 -0.0292542211959841
0.0165053855786758 -0.00868026553509063 -0.0256642040484825 -0.00504867327518286
0.00130594393334218 -0.00668535501096752 -0.048009398759219 0.0388680996542278
0.00801865222325763 -0.0127009962755952 -0.0784116149000525 0.0874261941570284
0.0377706271460498 -0.00874109195909547 -0.150110193904757 0.0972388712286487
0.0646736359793011 0.0183349578598792 -0.239686457755377 -0.0304022209636941
0.0269526757527724 0.0741573937370641 -0.165489890356824 -0.208988538929276
-0.0201568929939344 0.0687381171308027 0.00891024921181678 -0.233704917726223
-0.0439734859876003 0.028614345981683 0.116014848531682 -0.0198967655707117
0.148625803586731 -0.0569902116225627 -0.00357294947221471 0.00611319431295994
0.0347189233442463 -0.174978950906036 -0.159772016071347 0.4565074892989
-0.1542324635692 -0.0809689227977611 0.25809506199267 0.437443989164995
-0.109165205633801 0.11719689330529 0.346436803515644 0.0608828873052247
0.0293549046138209 0.108066829601122 0.133830699126652 -0.121265984309546
0.0683870788472276 0.0485836288220158 0.0168701409440481 -0.0784062115232884
0.0484635856531526 0.00344351090864063 0.00967048978133034 -0.0309342349827086
0.0265885334545262 -0.0174441144693359 -0.0171974913515786 -0.00892498846846762
0.00261020892576141 -0.0234157684499095 -0.0473721197224555 0.0367819984681226
0.0141556710199912 -0.0327166868317492 -0.0825274649580129 0.0784735720674155
0.0684663151571999 -0.0209177034317683 -0.145570563930432 0.088424010451545
0.103965315139835 0.0519163148026168 -0.236354695710122 -0.0155200332738092
-0.00496765626773444 0.114393921785619 -0.191087484320463 -0.190229607368765
-0.0507251050028851 0.033885753619229 -0.0199534334947858 -0.257243101199812
0.00279498711528118 -0.0249992676714999 0.127250545603553 -0.0397683862502689
0.183763698990543 -0.088612298171198 -0.0303082712616901 0.0110055073495581
0.0106365510051414 -0.215710781448058 -0.113546351488324 0.423559880203821
-0.188072371787809 -0.0749443242998723 0.226966327473407 0.359946293014264
-0.100622247885886 0.136957275795958 0.265447722465567 0.0685115411323737
0.0397543061606596 0.105932341240432 0.119421290179592 -0.0556461101831167
0.0637410588915621 0.0499066360356308 0.0500016303286064 -0.044053925754391
0.0473907467572831 0.0056479416403628 0.0340602372149816 -0.029937973003565
0.0309449196143103 -0.0246042232740154 -0.00717736681498417 -0.0117153915170493
0.0140121041126162 -0.0336694823329555 -0.0461297454584016 0.0300809771385058
0.041458672873711 -0.0339475936255888 -0.0835193566352956 0.0582171996008501
0.104725248197433 6.46120463585181E-05 -0.130924795320714 0.0679894953084886
0.103584606980615 0.112267198377266 -0.219596176039074 -0.00025343990642499
-0.0810952828692576 0.123300464927144 -0.219134758307887 -0.167474765360378
-0.0722619619228731 -0.0473728214095159 -0.0595635423265983 -0.282778711223433
0.075858486718445 -0.0834904492192239 0.123106986843308 -0.0598342613071861
0.173610287473088 -0.107810956202783 -0.0478379772990108 0.0143483298844606
-0.0355111682748301 -0.191617212241742 -0.0703028621961817 0.353617889134636
-0.179418937122836 -0.0174521442057492 0.167433072438651 0.289046835344172
-0.0412514531371952 0.135352267773566 0.200753190563742 0.0934814314939542
0.0533903847428021 0.0681541368314877 0.121293418559614 -0.00674616177335834
0.0435884901623334 0.0292127513983601 0.0757781914107576 -0.0279021187782744
0.0324850047638374 -0.000321385322764448 0.0512451881519841 -0.0292439569287102
0.0304813085164066 -0.0270224969473641 0.00483428131369031 -0.0122174199456579
0.032338804822647 -0.0304934026136186 -0.0363581388991994 0.0196453947783983
0.0763035423611956 -0.00894189176922407 -0.0686698590085779 0.0340674530170916
0.119235130659126 0.0544100465285696 -0.0950639189580452 0.058097861312084
0.0423172661630902 0.176249158048301 -0.198632510969969 0.035819666667727
-0.179632691540388 0.0662081755674529 -0.260468487647154 -0.142908453234213
-0.0571443250439117 -0.161633508654927 -0.104026507390705 -0.319559617616954
0.161426460244592 -0.126085957439516 0.100961229993806 -0.0723456898529048
0.140585500281297 -0.108360307838757 -0.0534245378881053 0.00722222922690569
-0.0603289434061847 -0.130906391846766 -0.0515814308342974 0.269631920282614
-0.123759204251021 0.0354884383371041 0.111534634376373 0.254389899698393
0.0222642781607575 0.100330518716002 0.180193365906518 0.122220239653591
0.0499186061640246 0.0158078455405452 0.137916326033045 0.00265660629280354
0.0134258577248339 0.00315082739179764 0.0870234890880981 -0.0375929764352034
0.0106173171562519 -0.00834911006740389 0.0561914998778817 -0.0326191698404652
0.0265150782036294 -0.0230218848616198 0.0168799976740281 -0.0120672559170774
0.0480410781480378 -0.0142620328489899 -0.0166074338504611 0.0087047582041881
0.0927443608626222 0.0310938153263589 -0.0319013749339031 0.0219768539910995
0.0852636726782737 0.115005931331151 -0.0521899613245092 0.0792579174838032
-0.0663116206627484 0.182997739587536 -0.208845608262201 0.0892194256365628
-0.232679605641854 -0.0558248738365024 -0.324609269679914 -0.146306492747152
0.0155625145486008 -0.255137194903769 -0.133579886072494 -0.3804123939437
0.233020100930491 -0.130622740020208 0.0657162237196338 -0.0827514090108167
0.107552091295756 -0.0969788564244031 -0.0577166467709877 -0.00561619454404918
-0.0495539127068287 -0.0764503053845705 -0.0545298338641177 0.204624851697271
-0.0624514198625187 0.0454871759730407 0.0854493760239742 0.247487603538561
0.0456827448239868 0.0485808445830098 0.198082935007081 0.128015981449047
0.026251500890686 -0.0210301227092225 0.153943514402842 -0.0229627555078749
-0.0125385558595652 -0.0146606996443262 0.0825122211043621 -0.0630658231322268
-0.00556938837063002 -0.0128953823456925 0.0525610816075138 -0.0379374259635737
0.0194191977260626 -0.014777509449674 0.0246346414910222 -0.0123559147065282
0.0473680620370847 0.00474348914765754 0.00863048242338163 0.00579032572944589
0.0712322863146304 0.0634845048378077 0.00943538442466095 0.0375455291656048
0.013395381368785 0.128790621526733 -0.0333820553891569 0.132363987700005
-0.14999165062259 0.105443037109854 -0.267053765382671 0.121834741877365
-0.179660390069058 -0.173994866611377 -0.384822227663261 -0.207645379101954
0.117643122423874 -0.262125878224369 -0.118287909412818 -0.462411575725759
0.252061684658723 -0.0935704233188004 0.0281332099471164 -0.092052761024066
0.0831748799874826 -0.076838312978398 -0.069682142421665 -0.0132996821009531
-0.0208497186490108 -0.0551473986680409 -0.0608836141874745 0.171289199468373
-0.028009875968761 0.016898181657678 0.0906628048747361 0.245248939620753
0.0244981815834156 0.00965369786017775 0.226847729556902 0.110985409051299
-0.00288562226219166 -0.0293652721485511 0.160440572013759 -0.0621928454100193
-0.023264240212999 -0.0168209020209606 0.0702284206573877 -0.0866086790282374
-0.0111038722525388 -0.00972389536009097 0.0462719999817297 -0.0421604175712227
0.00921575653231992 -0.00320977681675742 0.0288361696322211 -0.0130055892851692
0.0276310346341532 0.0179984725220612 0.029445008366621 0.0117383904170113
0.021466322823687 0.0616794029987779 0.0338820893031354 0.0698103990618201
-0.048628890648763 0.0781976418324696 -0.0547374294501363 0.181352204698501
-0.139300263971878 -0.00822679819170952 -0.339850346404833 0.0983904198357841
-0.0534683711576016 -0.197698435824213 -0.396673329326663 -0.310536307746822
0.172473557712998 -0.168892705470618 -0.0510143016414085 -0.529250958713674
0.192533073809015 -0.0354923058710339 -0.000452060521835761 -0.102516438678296
-0.0458768561873028 0.00984100151779212 -0.00390290551351357 0.00360154483415212
-0.050167195129616 0.0292227264336823 -0.136007434679685 0.469735184369227
-0.0425549922395041 0.0707698370388616 0.337690745671194 0.446097580548746
0.0319711132215692 0.0637143701080263 0.420556823881672 -0.0183925738310585
0.0428984425866556 0.00716156425768759 0.109041922797072 -0.219431335783741
0.0255362087071865 -0.019096175681585 -0.0501441766969948 -0.109170766186057
0.000836924460495355 -0.0129022527939161 -0.0328254390319359 -0.0170200574504691
0.00355429346515977 0.00163362580024164 -0.0303801216305373 0.0010596537317811
0.00600700103915544 0.0112217418796214 -0.0478974869970232 0.0441439574889426
0.014132746413118 0.00985917617315811 -0.0764235696791911 0.0868930288340407
0.0149638988674557 0.0147874178333815 -0.149445183126472 0.0905269154247224
0.0117091822136428 0.00155372714512033 -0.228599539573707 -0.049016250602229
0.0346455238706736 0.0214048566568743 -0.141799205044455 -0.219461595667614
0.0119888198373891 0.070830956884785 0.0212776762987773 -0.216231837127084
-0.0665760069415962 0.0680350249196753 0.099437791284321 -0.0144122666528124
0.060169341930821 -0.0272761436471588 0.0102634387628754 -8.28272696285544E-05
0.000931065662964316 -0.0837518257407223 -0.158220894729419 0.457933008422589
-0.10442858188616 -0.0159954547435324 0.289515724713299 0.457271790239156
-0.0512479314323751 0.0968044539148249 0.397317847315394 0.0321531105985289
0.0364625934101098 0.0688021967358663 0.130638944680302 -0.179583237210858
0.0562765523538252 0.019056293233555 -0.0209813572597427 -0.104190024367048
0.0302238002908623 -0.00633308116828183 -0.0184627167951084 -0.0275382072798706
0.015818952878586 -0.00895544475416615 -0.025537090159196 -0.00243459514442826
0.000700614304237895 -0.00602319659137465 -0.0450029053193995 0.042829170523322
0.00687754477514177 -0.012436349405036 -0.0746518708078249 0.0891662713119886
0.0359021544954445 -0.010002284326842 -0.145381122948856 0.100602744795181
0.0632942985129223 0.0146746235401217 -0.236330051425483 -0.0250974112486553
0.0298194002626637 0.0717342411949426 -0.168319472734283 -0.203634149511315
-0.0169663086146936 0.0671329527776976 0.00519942972118476 -0.232873023220246
-0.042279790731346 0.0281504096984608 0.116312919901943 -0.0268447783234381
0.141390185525119 -0.0632040474562508 -0.00769833904305401 0.00253783034231319
0.0261957397280077 -0.172379469607255 -0.145344466949403 0.44916310601715
-0.154417223704807 -0.0708172278816914 0.260862791390946 0.419563191139148
-0.101071158547341 0.119194629339897 0.336193274010973 0.051912261983236
0.0332982941323708 0.103593002288119 0.126239585948616 -0.119687629798496
0.069153047107336 0.0435910831554542 0.0145949637650521 -0.0763031568513776
0.0476130223403188 0.00129676071580984 0.00789264380834719 -0.0311599775418537
0.0241073867609591 -0.0189196578721897 -0.0168381688667596 -0.00676189352801089
0.000658579435943982 -0.0222547628909326 -0.0447859040307499 0.0400914808718739
0.0132109978366312 -0.0316814016252403 -0.0800203863350741 0.0813984207416625
0.0661419927708135 -0.023729341501343 -0.141907020377985 0.0927864934942287
0.103867433392181 0.0454602915923456 -0.232642023942456 -0.0104529521446332
0.000156234199237594 0.11256094301481 -0.19319926526264 -0.184385951027975
-0.049170526264469 0.0338166054900338 -0.0242349303072603 -0.253746978975129
0.000282344245643923 -0.0272264795210077 0.126810981054746 -0.0470760891960164
0.173909644291879 -0.0951155246573061 -0.0309152801596699 0.0104953519048303
0.001122468649919 -0.212535073754562 -0.102815908683071 0.413749004970951
-0.187408722275641 -0.0642674331039551 0.226049899930219 0.345790459806407
-0.0921213842031447 0.138759318265195 0.258009968981074 0.0643041689011836
0.0432596436505614 0.0997546730646382 0.115417372120633 -0.054523211375953
0.0666416943478515 0.0447295543825291 0.0484101102066227 -0.0456503889277866
0.0472506650299737 0.00383467883654904 0.0321531494027756 -0.031219301715449
0.0298244607216248 -0.0274773863804729 -0.00887861378032098 -0.00871227309872743
0.0114766399577574 -0.0339216614853149 -0.0431074772500116 0.0331687732712414
0.0395774689420398 -0.0345703442137257 -0.0810538687551912 0.0624568340456419
0.102304629888423 -0.00562443073053182 -0.127759678060658 0.0716540398259693
0.107826750172686 0.105531606960335 -0.215120549136575 0.00382003159603333
-0.0749960965898699 0.124698728770494 -0.218570545026744 -0.160674509596741
-0.0753122288388272 -0.0441184759177991 -0.064130236673473 -0.277220737919883
0.0672073639551851 -0.0877979026571897 0.122913421511494 -0.0644164317616477
0.165172818530538 -0.116447721912952 -0.0501403173032793 0.0112748429868035
-0.0455922527200148 -0.188380477076168 -0.0613766597442623 0.345564080062474
-0.176095350083015 -0.00918553403512367 0.167224311332779 0.278271086575264
-0.033045608121191 0.13508878685686 0.196278201369876 0.0907088675663757
0.0562938593190064 0.0638090060095074 0.119388043581152 -0.00738238699588177
0.0458907017953151 0.0264028335712155 0.0745681242429213 -0.0301572032241654
0.0316176182183399 -0.00290674618207626 0.0478114856887644 -0.0293078146975525
0.0270555117937057 -0.030312406044696 0.00414636520193378 -0.0103282392918236
0.0295722247796036 -0.0317528140320532 -0.0350313213562281 0.0228368252365557
0.0752328142996638 -0.013777437919937 -0.0683690945153628 0.0368136475545036
0.119778164863484 0.0487525267016554 -0.0957249169127633 0.0600615454798807
0.0515384853101691 0.169858251034412 -0.194311216550074 0.0383656860946007
-0.173042528894816 0.0740225238535772 -0.258077617994578 -0.13578612794093
-0.0654616543341558 -0.157112323174609 -0.109053487890404 -0.310757359297619
0.151584715087468 -0.132950361298872 0.10064983593803 -0.0759783339076243
0.132942020631745 -0.115495899734094 -0.0564231490737704 0.00710841816073749
-0.0666735116267182 -0.126811447271826 -0.0466100071326803 0.263809655632532
-0.120682144620874 0.0404766019772386 0.112089885215712 0.250344509675332
0.0277340853595663 0.0964966172124111 0.17892139322996 0.119775541708142
0.0498480772994391 0.0130099917817923 0.137238859134677 0.00177366397950549
0.0145498033814931 0.00177927302422899 0.085191028090804 -0.0404481752930448
0.0106951926160528 -0.00936112783149714 0.0522266405221733 -0.035161810136761
0.0242417141388313 -0.0252891891597974 0.0161651680260971 -0.0120409850831961
0.0463141267191815 -0.0174463031841249 -0.0168382040655836 0.0104865410310201
0.0938742952240526 0.0252525675031372 -0.0331749781433032 0.0233657054715739
0.0889580523659595 0.107033907957885 -0.0516279540847875 0.0793219452394919
-0.0559325230011289 0.180174116722015 -0.199991676279512 0.0904036642395478
-0.229348747117834 -0.0423068478993364 -0.319215606002415 -0.13537518993404
0.00296356043788275 -0.25190657867499 -0.139945186780984 -0.366821832580754
0.221463220417548 -0.140361901255221 0.0665256291220044 -0.0834180111039907
0.101375288199957 -0.100357986026272 -0.0606232963564607 -0.00325462236000177
-0.0528973142932886 -0.074549533928615 -0.0525154538895046 0.200990149109918
-0.0598548317719003 0.0473069186538438 0.0869898703710302 0.245006546448665
0.0479161076783442 0.0445944647416743 0.198369237260579 0.124838064729967
0.02423678752865 -0.0220794561593415 0.1528380567661 -0.0255142861254979
-0.0118150811780691 -0.0136610378111231 0.0792154978418664 -0.0646286412023957
-0.00539748920927067 -0.0119408844569278 0.0490765173922745 -0.0401918311830091
0.0176528347079216 -0.0164028763532055 0.0236216806321839 -0.0132505813904903
0.0474907427950869 0.00143292111670396 0.00775355846602968 0.0054183145562006
0.0750444867176498 0.0574894992787931 0.007580953292107 0.0355786703586031
0.0199841405405549 0.124518993759224 -0.0305910444605068 0.128731961349088
-0.139458945792846 0.109146835485037 -0.254149287911182 0.125010326895119
-0.182827765798761 -0.160313031072756 -0.379957994725483 -0.193359127405963
0.103367755460613 -0.262827769296723 -0.12742436851637 -0.446051579657582
0.24188858918956 -0.102946262842298 0.0287328717003765 -0.0905227842173255
0.0781719350102225 -0.0806024213990497 -0.0726425822008084 -0.0103780705296133
-0.0226401212900053 -0.055286823359683 -0.0601051767318014 0.170609738735049
-0.0261397618501802 0.0180517961278892 0.092588721571888 0.24183323647926
0.0260264122277398 0.00781401630235135 0.226651137171292 0.106559611444934
-0.0038970088345945 -0.0285086458373074 0.15785570016726 -0.0653230625239217
-0.0223014530922871 -0.0147700136826713 0.0665319324244466 -0.087360600417283
-0.0105112146942312 -0.0090854311165238 0.0426627211118359 -0.0447424590229222
0.00874185132787816 -0.00527134166053216 0.0274582402327997 -0.0150362973567542
0.028975130187883 0.0153542005951046 0.0279209860758762 0.00970436727842663
0.025850066706371 0.0587171377774988 0.0328728210466871 0.0646888306149459
-0.0419649269082287 0.0790984489574599 -0.0481600985227521 0.177033327029331
-0.13392399066898 -0.000427344820087298 -0.324917167398455 0.104564190505639
-0.0587358955106238 -0.189909767076131 -0.394152729072406 -0.291541459233982
0.160661345281666 -0.173178196137732 -0.0635660623760958 -0.514312645295685
0.186944144081298 -0.0424652832940237 0.00112010781088931 -0.0986018217939251
-0.0472354299266481 -0.0124736046709923 -0.00635546261300224 0.00179060356051706
-0.05526387075384 0.00437808019236345 -0.319083918474177 0.36358232249477
-0.0656500878903216 0.0454469181688282 0.115877294924224 0.545403491577869
-2.27435674790581E-05 0.0669288670937044 0.387869829249877 0.156684476981352
0.0322372073844647 0.0248629770099155 0.186366823784303 -0.15016870944738
0.0298398750185822 -0.00653620220938488 -0.000275938826504523 -0.116814902346955
0.00574059612135797 -0.0101426939580441 -0.0227108300093465 -0.0275780509422963
0.00218107291047517 0.00394747157393883 -0.0280997509391567 -0.00954365673037618
0.00101158488925132 0.0139631372232528 -0.0618051206015337 0.0224946384776123
0.00856632342812064 0.0154129297655113 -0.105888428572094 0.0479629439283506
0.00791864775454436 0.0208821466765246 -0.171055902975497 0.0184833599970407
0.00841740568526192 0.00775493693880533 -0.182922190420651 -0.142087854029915
0.0201873223203856 0.032342937766844 -0.0342177117414459 -0.256532145448923
-0.0163570670393212 0.0656862828395578 0.108047068552874 -0.186149793292451
-0.0845127527989884 0.0380845087731696 0.0989698481166195 0.0216220050320212
0.0669565741586334 0.000601683764762901 0.00239807954150501 -0.00698765252265776
0.0373763080428599 -0.0739218376046493 -0.342200593805725 0.340792450976246
-0.0858161532566634 -0.0572060172153388 0.0623411166013992 0.538862955526224
-0.0860595072583483 0.0625858862065459 0.346967814400545 0.199283476386419
0.00185549782824758 0.076825873471564 0.193379885949409 -0.104134709312761
0.0419575168196079 0.0387102601426506 0.0259551939397985 -0.101302163677816
0.0295309003911346 0.00662095387573237 -0.00465551248868433 -0.0311348948785935
0.0171056337451308 -0.00246550695202904 -0.0222958120888282 -0.0110779464688039
0.00219684649415575 -0.00404064342409239 -0.0578599484535501 0.0229218931789277
0.0106471990859242 -0.00712514619392202 -0.105431056961887 0.0517116002947313
0.0367889383216055 0.00656262085534008 -0.172888928037699 0.029304647953116
0.049855554788258 0.0400453411000063 -0.200949256263434 -0.1227468747158
-0.0034022507543229 0.0775563683683975 -0.0654898532803883 -0.252432108829557
-0.0427579486882131 0.0512683912471421 0.0989169985667996 -0.209442896722921
-0.0473877022051485 0.00744031789377288 0.120679977753487 0.0186972348322074
0.157071911024381 0.00411527917518726 -0.0197958865254108 -0.019047202519658
0.0975750141066734 -0.142593452562248 -0.329141325338724 0.33669548602577
-0.106814295742544 -0.127377154013982 0.0492175258118271 0.493182367210418
-0.139203524952509 0.0618420048760118 0.284256741136676 0.197165263476465
-0.0155204707402445 0.104472570257253 0.166665347523657 -0.0504890995863703
0.0446057666206095 0.0657409928239781 0.0467462704258251 -0.0623267072179704
0.0420858824927889 0.0194802166036705 0.0199857210419056 -0.0251877970084701
0.0287682099915368 -0.00839674354190932 -0.0129756917504224 -0.0123986263464314
0.00842265688411134 -0.01960561025673 -0.0565194195866794 0.0198157824839758
0.0226533333771801 -0.0222367861428145 -0.105912129904427 0.042205718767921
0.0684378448944747 0.00563972916218304 -0.166228297300551 0.0235867801244544
0.0755629507059806 0.0827072206076177 -0.204083940617934 -0.107096871994649
-0.0462854857452265 0.105595622867167 -0.0963087150716121 -0.245667547166421
-0.0610146592938284 0.00809202842456618 0.0826262405597 -0.242261968173011
0.0117418069146113 -0.0293813209785529 0.139558057005671 0.00861672048738828
0.201216484937064 -0.0121098525766183 -0.0490466310296772 -0.0254564127016582
0.0915560198099401 -0.189056340114611 -0.27939663314084 0.322523088415908
-0.141175887575899 -0.134346386970432 0.0485685753054498 0.414386615603236
-0.139275089652667 0.0822662483585115 0.208885273460888 0.177324874439873
-0.00498681902208533 0.106671853881838 0.131107486969798 0.00268992947265697
0.0406432120397611 0.0654807095468709 0.064602639475886 -0.0205110084619826
0.0404503231649975 0.0204611432318529 0.0420972906062601 -0.0147554175019447
0.0360550879295335 -0.0136329788172093 -0.00281521353796716 -0.0105734032174763
0.0226471985435555 -0.0251186485854164 -0.0538023985886635 0.0149077659858527
0.0494068665167723 -0.0152288047180471 -0.0995172640086472 0.0233886805879923
0.0951577695566618 0.0353944975377144 -0.145928034108459 0.0105675547537548
0.0565063185615518 0.138301547878527 -0.195300580003245 -0.0862538900067559
-0.120216181621559 0.089102979391404 -0.128449946496253 -0.235468194987559
-0.0570967812849575 -0.0731672155508005 0.0595222628407029 -0.279598642330295
0.0968779275011584 -0.060981283947393 0.143327315805594 -0.00471266361576439
0.200858709231228 -0.0341667675735717 -0.0689307524794864 -0.0282772535052333
0.0403044212400548 -0.188298452989028 -0.214150017968522 0.28018487102175
-0.154627656853252 -0.0809416260874352 0.0251928404193966 0.333075810244655
-0.0849496277831193 0.103944680031156 0.143325294810917 0.174001285772502
0.0223758406650277 0.0777510264878366 0.115109547253002 0.0455076745810003
0.0307439414489535 0.0414165084151258 0.0808810532959045 0.00377939009500301
0.030043429607373 0.0106363311544588 0.0551872217541678 -0.00916104086268459
0.0360752544717264 -0.0180128650785767 0.00775877605202444 -0.00774739964009018
0.038549262183312 -0.0175243703669647 -0.0397710294446159 0.0076127565623871
0.0741134431582751 0.016616624423472 -0.0777949319649079 0.00754584212406294
0.09086770108932 0.0896916282473567 -0.111458456704756 0.0142603456018443
-0.0183721921001096 0.174901189275337 -0.190408227681395 -0.0471595638946069
-0.192314526711616 0.00808473298588138 -0.173663735581904 -0.231456454545215
-0.00815946896829076 -0.17187909746337 0.0386231214334411 -0.326302411093927
0.188939645214189 -0.0728870626027074 0.130725252159666 -0.0167341557565115
0.172509827717902 -0.0480521683619681 -0.0717118777802235 -0.0311022302616009
-0.00416451569224233 -0.143776964398609 -0.164583099239951 0.216888608709421
-0.12571867862785 -0.0143193172464735 -0.00890989681731769 0.28161606447676
-0.0158489412415002 0.0962400375069278 0.116809938707303 0.188882846692535
0.0381898449103326 0.0311851850450373 0.125319225753112 0.0601345751736299
0.0134580131049902 0.00757566352536504 0.0929936314903605 -0.00146776827232082
0.0141135477076033 -0.004488060697591 0.0612545005753968 -0.0102198351700094
0.0320256807724389 -0.0152246636507246 0.0181402987981079 -0.0048625485780573
0.0487851573961035 0.00111368214200537 -0.0193523658906368 0.00408182683578432
0.076268394304579 0.0584333219677318 -0.0432691485583153 0.00941425277434585
0.0416687282546078 0.132032144659516 -0.0806641361058369 0.0474217572113753
-0.117239687760973 0.145352872405321 -0.216710815471237 -0.00501477732684449
-0.201201779160941 -0.11996029778686 -0.225239898818869 -0.257826371012353
0.0874472244005622 -0.232908716705004 0.0377558099990693 -0.386685134335792
0.255243028718744 -0.0527506689961277 0.101462780687615 -0.0330939693706103
0.138331014624903 -0.049592267759505 -0.0700389620440423 -0.0395538563825221
-0.0146141155029509 -0.0908869641100081 -0.141404168007401 0.159175369841824
-0.073561646520392 0.0180421191962026 -0.0285729680425676 0.264885908018104
0.0240096441870678 0.0589870792674136 0.131149739338286 0.199354624701998
0.0302301600537773 -0.00964336482435788 0.148592865727176 0.042991366456736
-0.00371816129227842 -0.0166578371286902 0.0973698795314236 -0.0246836726633276
0.00143713355156019 -0.0131664798226344 0.0591774897013828 -0.0161944619237638
0.0230902104430704 -0.0094574916504566 0.0248629962472926 -0.00398867333088489
0.0434601676800908 0.0184291505293344 0.00399816220080546 0.00837305832001083
0.0472139023977407 0.080354007798383 -0.0102711624942671 0.0354374848741719
-0.0262226415433631 0.121489763216188 -0.0815384159899123 0.0998862509270779
-0.165491052757685 0.0494298664528168 -0.277680658923131 0.00278116779238237
-0.115274917966448 -0.211409955159207 -0.251266972124405 -0.331985326921807
0.181900152564587 -0.205992698915594 0.0814358185540343 -0.44595257600013
0.259728430065058 -0.010516524084577 0.0682205312710383 -0.0536966630326908
0.107606364359952 -0.0388031423142156 -0.0745587533222482 -0.0469309725714267
0.00403314197498765 -0.059378635582703 -0.134781587749221 0.126954672098612
-0.0304968584393639 0.00517643260190562 -0.0232658597065333 0.263798339309906
0.0200498723878641 0.0166874192613862 0.16265208537018 0.194746607254592
0.00758216301495369 -0.0268238801711939 0.168596385752363 0.0116982108633939
-0.0128358553036711 -0.0225190839743524 0.0950693131380167 -0.0505758608378438
-0.0045168344858117 -0.0120563433125573 0.056547072410324 -0.0233704335491826
0.0112163487664511 -0.002268282982342 0.0288725668826762 -0.00379463991164477
0.0218085294388993 0.0237819996130669 0.0207087032349466 0.0193690502278241
0.00414146957523721 0.0619037920465898 0.000688905161597606 0.0708697923346227
-0.0648717729605213 0.0577269908766025 -0.115239270742629 0.133238747364615
-0.120296966114605 -0.04720189962652 -0.330719845980164 -0.0430497586761433
0.00827005697863361 -0.192638156072505 -0.221314435024308 -0.419242986164248
0.202215925033278 -0.104902803259001 0.160944687637092 -0.479251136948112
0.186962549853504 0.0259349501554376 0.0438563012903774 -0.0752219337700567
-0.0482656247568115 -0.012024676283646 -0.00791723007446057 -0.00278566551287868
-0.0547683262960529 0.00468865400426689 -0.321312864674515 0.364175355875443
-0.0637553251688665 0.0471349434484092 0.118084977337299 0.543059799853553
0.0020706697973552 0.0660333182526741 0.385854272651698 0.156262883585265
0.032267479662914 0.0236674789219918 0.182514580334442 -0.149412737446534
0.0281351078867974 -0.00725030151781955 -0.00319803271359066 -0.114857874340128
0.00485451535456588 -0.00968805631885352 -0.0214143245361137 -0.0264564881693429
0.0021737836229448 0.00395860643427231 -0.0285219960098366 -0.00761220797199038
0.00110250420940856 0.0141521522613138 -0.0612426146330742 0.0250710608565909
0.00967515387734259 0.0168825322796269 -0.106797817071964 0.0511613235979222
0.00781077703448018 0.0209904513648294 -0.173498137118748 0.0200800458172955
0.00893434036638464 0.00741691839112988 -0.18626037406597 -0.144714262673201
0.0224404290363539 0.0318238165478659 -0.0339016831408931 -0.260420989886865
-0.0143719684820725 0.066041771423339 0.112100440253151 -0.18897658906303
-0.0842917611271197 0.0384094736691839 0.104119905471749 0.0201140286220809
0.0663153328940368 -0.00137340128349581 -0.000762184435061569 -0.0129426664082207
0.0364684144703761 -0.0750175346427988 -0.343228238832867 0.34019011372408
-0.0862292644587198 -0.0551306053738195 0.0619694486656407 0.538001338664065
-0.08486854892679 0.063778736940192 0.343691523699095 0.198407328354004
0.00365172112766286 0.0765761638562626 0.190039308267086 -0.103845559617962
0.0431869221314207 0.0372108398099627 0.0233981283254349 -0.0999440696986704
0.0293862496853615 0.00625809324015243 -0.00492061961338425 -0.0312774375120729
0.0166725419183771 -0.00265842498636317 -0.0223890786639023 -0.00979060820271367
0.00196717700363513 -0.00383386877248559 -0.0574902042061016 0.0264050345485387
0.0101756631611857 -0.00631102826769205 -0.106486344975949 0.0540606052282902
0.0361873087882147 0.00583636857035784 -0.175120191781286 0.030932221495257
0.051149775463021 0.0388149563704226 -0.203895998550347 -0.124118424303661
-0.00114979202206625 0.0778582635996984 -0.0661579370247895 -0.256054871629147
-0.041867645870486 0.0514490099968049 0.102298472351247 -0.21320339771923
-0.04765559564318 0.00744404175421766 0.126158038367625 0.0163659699238981
0.155854213245321 -0.000111742770773461 -0.0229099506324252 -0.0225646709635771
0.0948341949794607 -0.145001475845401 -0.330749598586117 0.335734767264386
-0.109821820578488 -0.124411227265148 0.0480482589717864 0.491745587566128
-0.137128324466799 0.0651644752504244 0.281702000483631 0.196543548931761
-0.0136394868781462 0.105309267092193 0.164610924348376 -0.049084571740225
0.0463743603125095 0.0644623276024754 0.0457220420349242 -0.0615598360092989
0.0425847900023832 0.0185926351108835 0.019530985440218 -0.0245511523818228
0.0288054841264085 -0.01014057559652 -0.014418251593123 -0.0101345677831371
0.00794640365778358 -0.0194028888145845 -0.0570859413212861 0.0220757200813992
0.0221264721640378 -0.0222533390261015 -0.10733003455825 0.044830390191351
0.0686677639823664 0.00439611555482358 -0.169456075733451 0.0251462669897496
0.0775784508140269 0.0809640215930406 -0.206074609866173 -0.109052855872677
-0.0446424317979853 0.1076307379568 -0.096515155177307 -0.24919642261809
-0.0624479599002956 0.00770396142352017 0.0858453870006894 -0.246265811326895
0.0102280087001578 -0.0324275684732268 0.143951234860895 0.00618185977100517
0.200530764201504 -0.0173212187993888 -0.0521254260657008 -0.0284697821595628
0.0877510894182904 -0.191537365405675 -0.28186455870348 0.320606648300075
-0.143946724519973 -0.132026712478628 0.0453022411873793 0.414853120341194
-0.136826923701364 0.0853798961176689 0.207327142714872 0.179222359903463
-0.00303918193592544 0.105897084469143 0.130597465557848 0.00560092498932739
0.0423924733323676 0.0638331811781293 0.0647743852851746 -0.0208024663742101
0.043122439423436 0.0199725194300413 0.0414473222023775 -0.0150444477654734
0.0327903892529922 -0.0167735284282392 -0.00527888728934813 -0.0113954424120396
0.0220777575661532 -0.0250816722969842 -0.0531020935804092 0.0168624272853159
0.0490618053462707 -0.0157669859166035 -0.101902598202893 0.0267837802357958
0.0948990170158258 0.0330882395809349 -0.150843110788043 0.0127025025575302
0.0603616182776185 0.137871844116297 -0.196106251217728 -0.088499321880186
-0.118364067943602 0.0928201685655734 -0.130385226202842 -0.23918077395776
-0.0592997605516736 -0.0746369348243396 0.0626149096627425 -0.282540223966686
0.0952217000845928 -0.0671222577207714 0.149295435230107 -0.00563744046188199
0.201574938482224 -0.0404854207030265 -0.072499809399817 -0.0297913204366709
0.0376240987687761 -0.190039071448653 -0.21549382310822 0.278374647420108
-0.15661928295015 -0.0783511311518602 0.0203792723783764 0.334303631173251
-0.0836789175916816 0.106430633678448 0.142063690772185 0.177441759326563
0.0248700029052892 0.0781872213948202 0.117786865041339 0.0486686755235647
0.0321289080106957 0.0390043598064461 0.0813621694685497 0.0012342347077435
0.0308097689953299 0.00875020512356953 0.0544488803469852 -0.00818434551980853
0.0354285545100469 -0.0206348948335524 0.00670882775927382 -0.00800222218380032
0.0380352657771625 -0.0187465992307992 -0.0419595220730948 0.00944072226120693
0.0755081239793218 0.0145629690318423 -0.0820703131327716 0.00946372679307831
0.0938565019307047 0.0880235491437597 -0.11545803737042 0.0144419860376667
-0.0145112822723667 0.175871819391734 -0.190348521088761 -0.0496909062212244
-0.19314910640512 0.0122635203822782 -0.174031161907837 -0.232933548153009
-0.0129130918136781 -0.175175049788513 0.0402504153576596 -0.327267768538208
0.18703196070567 -0.0787887366220288 0.135345826940143 -0.0180540804686984
0.172173036662509 -0.0543912500825377 -0.0754400502891686 -0.0325408996390998
-0.00772486928012871 -0.145743320829465 -0.166856051858581 0.214561959830854
-0.127644933638298 -0.0115629960463181 -0.0124090475753202 0.284135683224529
-0.0133070065782903 0.095799655133978 0.11482954814343 0.192763099527683
0.0386258806120443 0.0301688808515264 0.128229597709731 0.0632986592055546
0.0139279920969088 0.00744604810876177 0.0938841173330804 -0.00300027796519435
0.0151359085857943 -0.00520532411919853 0.0614939821231264 -0.0110246810582275
0.0310230830721367 -0.017572348056596 0.0171367229392449 -0.00474445675667694
0.0496307381666899 -0.00106994988022103 -0.020347512303825 0.00437559349422551
0.0798749636692899 0.0561117872313151 -0.0458745318021197 0.0100469314869947
0.045997048724583 0.130947649725265 -0.0828827051605288 0.0469791918543946
-0.114064832854658 0.14783982859776 -0.21383162881705 -0.00612263357106911
-0.204075276429982 -0.115124721408236 -0.224383147745966 -0.257775938646225
0.0819475461128484 -0.23677541749416 0.0392178297150197 -0.385899563294265
0.254143388384589 -0.0600246864640444 0.105715717510885 -0.0331901738949619
0.13751897122365 -0.0527526769332367 -0.0740482489311642 -0.038918222271722
-0.0161528777665833 -0.0926871299410454 -0.145956243363959 0.158930236409532
-0.073984056962097 0.0185114303114559 -0.031764400702144 0.269659123158461
0.0255660051090819 0.0582402204973282 0.13127678568049 0.204087798271834
0.0303284742409948 -0.0104502012917987 0.15145155045879 0.0444949068790531
-0.00320359420020131 -0.0165252212590015 0.0977592018262925 -0.0264555804192334
0.00245172240548305 -0.0136211315311655 0.059802161846769 -0.0178498830891815
0.0231757389002454 -0.0122533892568546 0.0244903537050794 -0.00391915693679534
0.0444753807465976 0.0167406764952139 0.00340051733342744 0.00797842614803141
0.0512182800830548 0.0787434070128975 -0.0131321609867514 0.0348280694901124
-0.0223984041387531 0.122112138562215 -0.0807981867559889 0.0987673133724202
-0.162829701771669 0.0531115405700432 -0.274178496632709 0.00400508030620127
-0.119970787630343 -0.207042660664744 -0.252752971415724 -0.330459053894876
0.177268947789278 -0.211181944656919 0.0806723024722014 -0.446312359498445
0.259912731415922 -0.0165417939077506 0.0727918531079744 -0.0529612692621829
0.108124223230026 -0.0426732087734443 -0.0805631346464439 -0.0472987997477611
0.00350506401344742 -0.0608684651204257 -0.142043002790185 0.128948481664699
-0.0314451331431519 0.0045916688052986 -0.0259001361973256 0.268537449400024
0.0206938798837072 0.0154947391486292 0.164781264585777 0.198380085707722
0.00712262207992398 -0.0272223962223453 0.172194153535611 0.0123184158511352
-0.0120254619875385 -0.022509265958705 0.0947080052683431 -0.0511796335995534
-0.00346441476003809 -0.0127301667004636 0.0561105052328048 -0.0251561359292898
0.0119737809663123 -0.00373319523889098 0.0283135048185977 -0.00580771419495206
0.0236197893421201 0.0221663181513741 0.0198017354544475 0.0178397901052332
0.00756983963246581 0.0615466154266519 -0.000156501736292198 0.0694122997755494
-0.0632345980988381 0.0587460023518855 -0.113569918996626 0.132763237266067
-0.119513842563755 -0.044508886054723 -0.327463022574644 -0.0410579010868764
0.00424011267290734 -0.191523624888242 -0.22177773338236 -0.419215792652315
0.200340737986344 -0.108872838634167 0.160621018290565 -0.4785229046532
0.187044026151949 0.0219417736507267 0.0483218461910632 -0.0723379153281062
-0.0493753428345006 -0.0105064316193905 -0.0116225288215703 -0.00786835174380521
-0.0545744957676273 0.00681161399210334 -0.323213700581399 0.373026330310179
-0.0622538792264866 0.0496982215243318 0.128182028210007 0.548503707854115
0.00427248525150245 0.0665731870148208 0.390647758845576 0.152051819881476
0.0330984897729635 0.0236623843845053 0.179627384662484 -0.15307411937678
0.0275525800178614 -0.00909788320945274 -0.00584534815711116 -0.113707366385421
0.00456239465898356 -0.00982704727120819 -0.0211000266072304 -0.0251120273458896
0.00215404629770624 0.00458483281466229 -0.0291755575167884 -0.00576035466575123
0.00192020915475352 0.0155808074425513 -0.0618351031027256 0.0296266921282952
0.00969206314165592 0.0175061261557145 -0.10838861381212 0.0567670841474497
0.00842358472090279 0.0210228076594269 -0.177312907225553 0.024460836362967
0.00847608921694063 0.00687775693969466 -0.192545274838009 -0.145941396502071
0.0242651706098651 0.0317457934335407 -0.0385479584708358 -0.268447195956891
-0.0129944867050846 0.0688244859060195 0.114368235167367 -0.196697617101847
-0.0842776430915533 0.041893841380489 0.110766929499036 0.0153331684069659
0.0662863705966683 -0.00406567307422412 -0.00350870946540275 -0.0172312871055031
0.0346509076367149 -0.0769069857134804 -0.345674028899475 0.350360120142658
-0.0892677398505051 -0.0523762911092847 0.0700937642045207 0.543842117741388
-0.0832698195500358 0.0675816903452861 0.349641262477979 0.194764585096982
0.00572846139543399 0.0772156429863455 0.188838550208226 -0.107240139487099
0.0442064608288238 0.0353006289226162 0.0206568401263 -0.0999185667510187
0.0299334668792003 0.00518818020257297 -0.00546305818559645 -0.030658876085093
0.0167902348728718 -0.00327234476057445 -0.0228510291137549 -0.00763196516469281
0.000912876742354522 -0.0034662046459368 -0.0580616823692893 0.0302064064395688
0.010131885722547 -0.00576837211466467 -0.1080378173782 0.0594623250925034
0.0367840309915492 0.00476166236125753 -0.179649533340332 0.0358978114183137
0.052637707774244 0.0370097058922862 -0.210268065599369 -0.124639117935321
0.00119404551791685 0.0790775003278061 -0.0708728518471583 -0.263967150684998
-0.0418697700622296 0.0523633757416833 0.103717472947023 -0.221563639287368
-0.0489728711123104 0.00724303589630023 0.132586945493728 0.0117454315019808
0.158034795239829 -0.00585700242437269 -0.0253293463756916 -0.0266611132599942
0.0911029049451072 -0.149734255221262 -0.33171615045983 0.343468776819807
-0.115970071539113 -0.122895380900656 0.0550260594407313 0.497450992674587
-0.136968829976182 0.070225120383307 0.285760871393144 0.194868490262863
-0.00980811813260074 0.106756570965773 0.164662624710163 -0.0508886556037639
0.0493519775358598 0.0623373915601938 0.0449692795883822 -0.0613938821796477
0.0443037409348733 0.0167350045015913 0.0195991385087737 -0.0250293914344551
0.0274265478553116 -0.0119454534425071 -0.0158414981263719 -0.010064396952543
0.00628243502687965 -0.0192118363248961 -0.0572524710346096 0.0275603817313865
0.0217324895334156 -0.0221547306775123 -0.109157069109303 0.0506480785694951
0.0695925238053888 0.00187258984882255 -0.175014710612021 0.0292284831825284
0.0811593050423876 0.079275251757161 -0.212831025269663 -0.108891887862762
-0.0426327493876391 0.111344988533999 -0.102557610894024 -0.255303689272773
-0.0642321731923675 0.00842597092157551 0.085816716192391 -0.255159962128938
0.00870552138940258 -0.0357940922609255 0.151128358878074 0.00124293980909953
0.202413456659422 -0.0253887772345269 -0.0567969251676544 -0.0316281876175577
0.0805276531100266 -0.198973101056917 -0.281808810137669 0.32927159292198
-0.150802782110623 -0.128866546924999 0.0500232165394519 0.418195320070363
-0.135038946789178 0.0925248245751135 0.208294884381274 0.180282536777647
0.00127437248433338 0.107623385617805 0.132928582101401 0.00572775196608469
0.0457978541429654 0.0621269334013362 0.0661382990784494 -0.0213914804618058
0.0441581176371746 0.0173628987387386 0.0421672439443126 -0.0164309861381061
0.0334503145552767 -0.0199995811607367 -0.00562751859136284 -0.0101858977751248
0.0198959855679326 -0.0277224189023952 -0.053473351347 0.0214366619393278
0.0487856200294984 -0.0181026911819172 -0.104969004950407 0.0321637416106234
0.097322332412066 0.0298411157507083 -0.154604115628244 0.0175285570818429
0.0670513179604186 0.135855638837818 -0.201296170227685 -0.0882220411170851
-0.117485796115045 0.10005407929747 -0.13640157049966 -0.242525932494473
-0.0653593446264096 -0.0758024152523545 0.0607230156752508 -0.289702815587088
0.0926195627591926 -0.0737041960232927 0.157277056837557 -0.0111315221897121
0.202363649595657 -0.0486740766657221 -0.0760087922983739 -0.0316412121708052
0.0293643401700491 -0.198453344927743 -0.218031953884506 0.282716971059702
-0.164197397856521 -0.0744509765516293 0.0244860105347668 0.339462220225205
-0.0806140748815284 0.110898202114049 0.145102212787478 0.182405813505314
0.0272783570236083 0.077757703040599 0.121379667986765 0.0513307646235301
0.0356674827279549 0.0378527157135498 0.084523282475947 0.0014316203647971
0.0329930092520199 0.0063566556634302 0.055935156898814 -0.0116156176093524
0.0341972665971096 -0.0230448883426835 0.00599561013764828 -0.00719028115964408
0.0381683596109873 -0.0211082906799114 -0.0427131432434942 0.0125845187998042
0.0783279886329124 0.0129391157536198 -0.0852372601571675 0.0133935724395395
0.098544098159812 0.084446530778029 -0.118922374618643 0.0169062016705252
-0.00720995094320837 0.178093456153634 -0.193112482876707 -0.0490768525073718
-0.196822991174519 0.020780364368459 -0.179878624556382 -0.234944901765721
-0.0205604425445609 -0.179205053831116 0.0372890744245272 -0.333581582061632
0.185983841109701 -0.0899661904834358 0.14114406417191 -0.0224406419476092
0.172758122163836 -0.0614585393908929 -0.080966831353477 -0.0331209262576545
-0.0141281842137515 -0.150291282518229 -0.17000511209907 0.218853982268107
-0.131368913297043 -0.00768309448806227 -0.0133292393278277 0.291873321684669
-0.00919942226489841 0.0981267801057559 0.118498047405021 0.199897220576631
0.0411198461148935 0.0287296733739093 0.134170793760591 0.0649057387662156
0.0158400556622751 0.00592243872457347 0.0954897884210665 -0.00476836800216458
0.0160475950138103 -0.0071067867232619 0.0617071250745381 -0.0137829080910223
0.0301624235174314 -0.0208566452137752 0.0162447142774928 -0.00577854531023865
0.0504839682440135 -0.00375375539218164 -0.0211109604915788 0.00654948355805244
0.0846477970523763 0.0531685192496527 -0.0492867252272393 0.0114153254637631
0.0526957532781842 0.13047295002212 -0.0846526976746034 0.0482259936469251
-0.108156703157085 0.15334174189511 -0.215694452523806 -0.00369837737863143
-0.211575814240815 -0.108854535942712 -0.23188022565726 -0.258757715538762
0.073717882901721 -0.244951122660456 0.0341334433442225 -0.389695881838071
0.255234957491019 -0.0719123331075466 0.111760053661061 -0.0360763329212228
0.13777584557253 -0.0605565940907259 -0.0801643479167743 -0.0400923682261089
-0.020229198505802 -0.0960863848336509 -0.152279324849263 0.16321953469329
-0.0761308348703272 0.0213591837255291 -0.030885566360822 0.278054565190797
0.0287460412587525 0.0574803147775303 0.136002881316902 0.209691270692564
0.0309275653106395 -0.0113525810100964 0.157357710250848 0.0452072632120221
-0.00296043585801662 -0.0168331659390408 0.0984172664031426 -0.0294994001395614
0.00263990950096895 -0.0147291697109693 0.0598596237794555 -0.0200665729340786
0.0229676947427006 -0.0142202055154299 0.0241570982778648 -0.00560020560788711
0.0467678741873409 0.013925632325959 0.00264844092439442 0.00801695248065993
0.057797865534133 0.0768685491737688 -0.01536020926562 0.0348851009303223
-0.0171849550993039 0.123880383442562 -0.080685914431076 0.10073799786904
-0.162214048539549 0.0598991729571495 -0.274495731012486 0.00810499183217414
-0.127856926213107 -0.204661846027984 -0.25942094276409 -0.330877757327864
0.171857037464881 -0.220658046167711 0.075998091333029 -0.451594168365204
0.262611562504433 -0.0262089570518175 0.0774917671893244 -0.0532886914983331
0.107868126106399 -0.0476972847557294 -0.0860022506187123 -0.0458247897566065
0.000935571013682472 -0.0633956741378548 -0.148892760667887 0.133752396916477
-0.0315425252465963 0.00579750339438147 -0.0258760394454873 0.279184774761511
0.0224276729312435 0.0147781618493822 0.171791172212359 0.202513026796696
0.00713248496233255 -0.0273682751178449 0.17706743203042 0.00964677087268782
-0.0130367721958725 -0.0219464045604575 0.0960467520462067 -0.0545201977462471
-0.00373440479044688 -0.012840870318222 0.0566788360512899 -0.0275580002688334
0.0127206026211488 -0.0057550995406381 0.0281719126793899 -0.0067853000776033
0.0262589508956785 0.0217921537268296 0.0204473351778479 0.0158024225444963
0.0119454139332811 0.0625315761086072 -0.000607195259998627 0.0689541159440132
-0.0605029724537413 0.0622046610162132 -0.111676901000504 0.135163662916522
-0.12181905885155 -0.0399704713326325 -0.328463431539027 -0.0353102455994618
-0.001281853498894 -0.192071891855273 -0.228962830466442 -0.4205616084171
0.198920161768744 -0.116549400626653 0.154557770921742 -0.486491649112683
0.190799126797764 0.0162061742675732 0.0518968258890251 -0.0727105741875097
-0.0509958609271174 -0.00867360314318938 -0.0156967527481937 -0.0118326719964723
-0.0540998436679432 0.00953807096454437 -0.317027986762864 0.387566636753123
-0.0594420437525231 0.0533036841115076 0.148463511900301 0.544385345890166
0.00800562779818417 0.0650565722936665 0.39503455339951 0.138158612257938
0.0341409808288917 0.0213973155893587 0.173224040603376 -0.159014488785743
0.0254456048488616 -0.0110596290598053 -0.0119302740251145 -0.111337530369889
0.00454135157412381 -0.00938689969262922 -0.0214748482530476 -0.0239065728917716
0.00222052685535156 0.00516989442749752 -0.0281992558212056 -0.00324549807282152
0.00315083067851569 0.0160615344781224 -0.0586982592690209 0.0359377624481606
0.0109241197458097 0.0181757002297463 -0.107280755007671 0.0640331765234154
0.00972693238850638 0.021458478364349 -0.179082557127536 0.032959388811093
0.00929257360816155 0.00522235851239602 -0.201985926392096 -0.142040562865207
0.0265641444859865 0.0304325303099299 -0.0494248756140181 -0.272885599781044
-0.0100373175949186 0.0696178764734567 0.11103146911992 -0.205716521766001
-0.0839068821755769 0.045544940876093 0.116299957640737 0.00923060522589096
0.0655955904089776 -0.00717308946830823 -0.0073332676237923 -0.0215341945520858
0.0310483036198092 -0.0792541805997434 -0.338611063235485 0.364614857528249
-0.0921955484773233 -0.0474488334395574 0.0904520849339447 0.542958594127713
-0.0799389954749679 0.0719448998493934 0.355871521739343 0.182793419328618
0.00957280468571476 0.076193081578081 0.183647700182177 -0.112891011217263
0.0456338231386018 0.0326477398043557 0.0155670976506089 -0.0995955830231791
0.0308610304490899 0.00283695954659359 -0.00592810111406154 -0.0294236276326082
0.0160466013015504 -0.00410306660159737 -0.0234481302695029 -0.00540385176387558
0.000892555373558058 -0.00250091849953986 -0.0562131996794628 0.0358590689376691
0.00893787314237769 -0.00473165532533048 -0.10604960379363 0.0668518928353255
0.0368781590885144 0.0033208963760024 -0.180574977165615 0.0446289714797428
0.0551154371321043 0.0329449990090209 -0.217785471491239 -0.119243652416138
0.00616984570015459 0.0801451793567063 -0.0817810347470148 -0.266144530135463
-0.0401438661897651 0.0543622237348865 0.0985330515536815 -0.231040956779708
-0.050382970902079 0.007587830716536 0.138676404956104 0.00336856407681738
0.15649731621611 -0.0147962317962786 -0.0298526454289056 -0.0301618767449684
0.0826872648302544 -0.156613032714569 -0.323532012565269 0.3575012428208
-0.123019239478521 -0.116275811607557 0.0718753435469205 0.497219016074739
-0.132659078788727 0.0787521053303362 0.291593581543951 0.186739334950612
-0.0045707970515381 0.10738491611167 0.163002582653091 -0.0555469041192691
0.0530206620009075 0.0589079794998532 0.0421022916065129 -0.0629010169674251
0.0456509992922932 0.0137588651517263 0.018307481077917 -0.0261308633013001
0.0258117071778412 -0.013930583431951 -0.0158545092486874 -0.00721572298588959
0.00477038237380743 -0.0195882790213756 -0.0561018843702372 0.0324988314249557
0.0204175592049092 -0.0223769232108809 -0.109824648163625 0.0585977277362836
0.0692126955030307 -0.00151234989590792 -0.176457783024309 0.0384110564721063
0.0862894360946067 0.0743032922688409 -0.219982703328021 -0.103432120157458
-0.0366540553026364 0.114333506178256 -0.114253636919295 -0.256072789048578
-0.0655756367495741 0.0102172324765524 0.0788181934285953 -0.263331498122878
0.00478907929435641 -0.0384490205340962 0.156198271956867 -0.00725352221387136
0.20061130406444 -0.0377566556165515 -0.060762045908401 -0.0316592240830099
0.0706901553675869 -0.204116848917729 -0.274518993135443 0.340085853378558
-0.158861196083355 -0.120670982093457 0.0621149276641831 0.417033445181927
-0.13003565465234 0.100462299074951 0.214116052776493 0.175175246437955
0.00759622788812007 0.107226147438827 0.134286145235751 0.00374710682390993
0.0500242183030642 0.0588136892631138 0.0640483177498128 -0.0235310064653031
0.0444821769165041 0.012425350503351 0.0412708446626054 -0.0178297165306492
0.0310237500776862 -0.0222038368097602 -0.0066992147628178 -0.00875268913382602
0.0163888220918128 -0.0273575710131352 -0.053341021753365 0.0245850835438104
0.0498305661602142 -0.0200119313736602 -0.106406838383137 0.0382860776311636
0.100829653042007 0.0241318133855875 -0.158434787476036 0.0249723034059062
0.0746628026547124 0.132085088739137 -0.207230425759917 -0.0842412072495301
-0.113049879831556 0.107180018412316 -0.147174698836013 -0.241593000004449
-0.0717273310052068 -0.0746092696456747 0.0527109562253029 -0.295929209095979
0.08851527348985 -0.0827441753421002 0.161636442180566 -0.0194914097280845
0.199438505076125 -0.0622122529513732 -0.0811126083122336 -0.0309606894715055
0.0177270411189243 -0.200416764822579 -0.212269856457849 0.29179981575251
-0.169659554796618 -0.0659533362799906 0.0334472392529947 0.340955473747958
-0.0731977308537227 0.116536250979949 0.150192064173696 0.181738154889979
0.0312311154597481 0.0750422520974883 0.125857395402763 0.0489559791043666
0.0384482783847467 0.0364925286516316 0.0850191281188137 -0.00219365366685839
0.0335525583422518 0.00367525179146231 0.0559045339104684 -0.0143346598454463
0.0309891099442005 -0.0259767835785153 0.00450323821235421 -0.0066212840003753
0.036485980661884 -0.0244519267782655 -0.0430166557925099 0.0159342948386995
0.0813410020362781 0.00816147375356657 -0.0871851374405076 0.0195551742133545
0.103730634024627 0.0792816187235271 -0.122531014181951 0.0225378374450718
0.00272085592954571 0.178729596298842 -0.196257034809727 -0.0451014480236608
-0.196937973301889 0.032418889553448 -0.190278117609174 -0.232580967359651
-0.0338769468833178 -0.180036797371056 0.0282039999041459 -0.33810770295128
0.180998298446025 -0.102655485090155 0.145421551896669 -0.0293648585388676
0.169665914964366 -0.0735626358516708 -0.0858428345968372 -0.0311505438846841
-0.0227946814854753 -0.151362780209844 -0.168362101034139 0.225304662576636
-0.134343034414965 -0.000821594482420215 -0.00543042437035009 0.297625782501897
-0.00330504640359182 0.0987798161120686 0.125968748423623 0.201812483477579
0.0428291265720018 0.026416747453988 0.140909627845448 0.0632320100634924
0.0164585618070891 0.00555119915263924 0.0965265568108901 -0.00823041876299898
0.0162656717843903 -0.00937919283430748 0.0609908056465415 -0.0162893298966311
0.0281126023799734 -0.0242062893845781 0.0163470187259017 -0.00593663505377847
0.0504112887208206 -0.00735569208737671 -0.0216715591474849 0.00844762781647744
0.0896305610975909 0.0480284556583851 -0.0521065288265622 0.015108412593993
0.0607318714438208 0.128133820428254 -0.0856280461503879 0.0511339991683038
-0.099219116206392 0.161323190339618 -0.215212832351409 0.00186703134354439
-0.21893170897901 -0.0963147250672506 -0.241766035560339 -0.252073115924138
0.0588298766422056 -0.251873915932631 0.022658363015946 -0.394177852297366
0.251384095661972 -0.0872936830968237 0.114660662532636 -0.041303136136356
0.135475788902192 -0.0696560358802227 -0.086088391264713 -0.0373207349003141
-0.0257979150715486 -0.0972213135575205 -0.152816339757776 0.169253438857419
-0.0768663577617058 0.0254579745500672 -0.0247354920394364 0.28671916676307
0.0327190902669452 0.056338443382096 0.146314340588147 0.210144710645858
0.0305294065982954 -0.0130585288154016 0.164226542993819 0.0398438266493344
-0.00391814287923739 -0.0161272460249996 0.0986809528586306 -0.0334332793645313
0.00265342708838359 -0.0162093319381744 0.0598158917505156 -0.0237253682560907
0.0217306905360082 -0.017161527895524 0.0235922284839312 -0.00632454270400884
0.0483423772830962 0.0103505568591871 0.00210893689164284 0.00742499750142964
0.0636805383751457 0.0725136987726458 -0.0160045644519348 0.0359966552360167
-0.0094691690326753 0.125582523705199 -0.0783993036495822 0.102925657091597
-0.158803483061278 0.0695389887431673 -0.272631920703287 0.0178022424391446
-0.140197305901871 -0.196601878655182 -0.273719287701788 -0.322409563883736
0.159633881808301 -0.232650140763258 0.0596632782720488 -0.456741606609049
0.261926397121443 -0.0413729519066361 0.0806805159988681 -0.0553093390573024
0.105765834506641 -0.0542215030394521 -0.0927275429280808 -0.0421273689882161
-0.00217439362593196 -0.0648221471975181 -0.151548905992896 0.141568574884743
-0.0325675103799476 0.00710536460122041 -0.0162263663843147 0.288240163061595
0.023315704502001 0.013601242557366 0.183071480705901 0.201193488681478
0.00565906778129682 -0.0276094414067019 0.182225462698222 0.00378498155281923
-0.0138265159075894 -0.0219018615676424 0.0941377402005924 -0.0597184627982537
-0.00242617484014749 -0.0136709553245728 0.0549672056531971 -0.0315992284870809
0.0123292636037169 -0.00821345317129719 0.0271925732588669 -0.00850012557632849
0.0288305501023555 0.018350349935257 0.0197969318210825 0.0146588723971148
0.0178171235695463 0.0612460968456462 0.000636032094332917 0.068037132017845
-0.0561743185460255 0.0662566548348488 -0.105723602432788 0.139700147900014
-0.123762973795347 -0.0331222967665379 -0.328025477633186 -0.0219915639631068
-0.0118504580928457 -0.191327612841081 -0.247209140903111 -0.412009227030086
0.192679431949569 -0.128693536502359 0.137697848174629 -0.494184628155342
0.192222541813298 0.00542129041782867 0.0535374486397142 -0.0727347163906109
-0.0506922606518663 -0.00565215337326882 -0.0199132910794988 -0.0158448924385703
-0.0514932151652761 0.0123930743527107 -0.29519450270742 0.392390955862694
-0.0545409535440074 0.0551453780171134 0.167246700501425 0.527247984020387
0.0118225006162593 0.0631527671370178 0.39171461087588 0.118893014685242
0.0343527869463935 0.0188050631766394 0.160193970305297 -0.160959747639506
0.0240726945789674 -0.0112765086579352 -0.0177877799885862 -0.10579419976681
0.00319298007015608 -0.00939538096913653 -0.0212172560951847 -0.0212724861480231
0.00284600599510718 0.00540373933132602 -0.0272753626711487 -0.000909416337783341
0.00434531316780016 0.0164196502169821 -0.0549882349377152 0.0394474892354929
0.0105246638269223 0.0177134586320441 -0.101497346792231 0.0701766080598706
0.0101986920057094 0.0192513760276345 -0.175717769745242 0.0409969638445083
0.00852647161429648 0.00499039460879891 -0.206182187770025 -0.133141623364444
0.0294201944259322 0.0285082283210299 -0.0596443721543663 -0.268799347685939
-0.00508088428928188 0.0689128267223298 0.102963126548455 -0.209762153218529
-0.0807292287170371 0.0493786114750353 0.119785554876979 0.000696852766114358
0.0631342425522822 -0.0114929925478716 -0.0120449553832752 -0.0262846151221257
0.0259601684832265 -0.0793126863726706 -0.32014634042561 0.369395515415759
-0.092354251300403 -0.0413421809864326 0.108196657627277 0.527576032358298
-0.0739862770486278 0.0745689717327513 0.353491054367732 0.166914987863133
0.0136516350843588 0.0741138934128341 0.173092439011119 -0.117167772126441
0.0458713433605093 0.0283370903887562 0.0104434975552597 -0.0963397378734127
0.0293735214306559 0.00200420585571657 -0.00726413603326008 -0.0281374157033649
0.0150018281763058 -0.00500201734243708 -0.0229395727358142 -0.00325386317195422
0.000752737964474702 -0.00151183199802209 -0.0521493226064824 0.0394632732752204
0.00858003099360687 -0.00465976449757975 -0.101639397672083 0.0728737054490795
0.0362189905229168 0.000904343511542627 -0.176429145836414 0.053334500088429
0.0551849662392793 0.0288238446737145 -0.221663247895245 -0.10963225930362
0.0100726317445352 0.0780558162327594 -0.0920012768334102 -0.261381482612758
-0.037218408558481 0.0552542090327081 0.0901565643319963 -0.234296402503972
-0.0500763584383776 0.00853631011605298 0.140648325367379 -0.0056809744698201
0.152131825447021 -0.0242491149050088 -0.0339666972188678 -0.0321479652582953
0.0716348273443144 -0.158202267684891 -0.307443981134124 0.362375208200016
-0.126431274239929 -0.105624789015732 0.0877967311458624 0.483482526397735
-0.124675179306867 0.084718805188169 0.290455840471345 0.171809835648447
0.00130797008839456 0.104654112726955 0.156122397645226 -0.0587946229903238
0.0545675238578338 0.053636981936709 0.0380024317150099 -0.0627650008716999
0.0453464544222128 0.00983034123623967 0.0167452316277818 -0.0262532422751794
0.0232334575036284 -0.0156437942990147 -0.016114956347621 -0.00548670419509902
0.00330041981835645 -0.0186429853271987 -0.0529385599588192 0.0360841527538566
0.0187922955076215 -0.0217822406772762 -0.104867917726423 0.0642285796973574
0.0676431600140948 -0.00628621293875208 -0.172271716465597 0.0465627344512438
0.0883233252083804 0.0677850476869363 -0.222655317896263 -0.0939500738147789
-0.0293830202711494 0.115318431716814 -0.122228573722875 -0.250083978266405
-0.0653433109738923 0.0129318505903461 0.0683787695617038 -0.265580102198405
0.00149440552551863 -0.0403021815483361 0.157152253293283 -0.0175309557091542
0.193364540570213 -0.0496334221197009 -0.0649730872676848 -0.0310743493706369
0.0560020237440426 -0.205623551190676 -0.258415600188968 0.342622532958685
-0.164361925761529 -0.107728020373254 0.0739352761207113 0.408036413226928
-0.120399784487309 0.107266620652004 0.215667638191919 0.167363446342788
0.0130334363158625 0.104593376338699 0.133023335922235 -7.62129791158757E-05
0.0530544887245625 0.0545289429681212 0.0634177154580225 -0.0245584985096639
0.0455390283588076 0.0108470593337401 0.0411414407137101 -0.020179995704422
0.0279262568586757 -0.025884780304183 -0.00590143983089623 -0.00669345749279389
0.0157157744416061 -0.0288966255427259 -0.0500193030991483 0.0281824053516705
0.0473122065444383 -0.0220470430856231 -0.104156302114535 0.0443159409070671
0.100033674673417 0.0172068266804809 -0.155787617724333 0.0325551057061734
0.081207198771176 0.125578220385138 -0.207847588609439 -0.0755697042379845
-0.105151354768344 0.11297055802259 -0.153808144521422 -0.234688495330861
-0.0770151440060119 -0.0694349044760303 0.0409528261258026 -0.297430491595052
0.0799160138258855 -0.0884922072365184 0.160101610016947 -0.0268314631136746
0.191175470810604 -0.0725696458354982 -0.0840409188836547 -0.0287089996439441
0.00468303972045444 -0.198341251148823 -0.200017955634839 0.29164984332378
-0.171479835913372 -0.0539960468933104 0.0421677210578815 0.335019276212106
-0.0646941034554738 0.117352758059645 0.152636548376243 0.177010252336462
0.0352221860611834 0.0720527159350921 0.128595222398002 0.0456912387877079
0.0399313128205075 0.0323358061425079 0.0844572266583079 -0.00550019366323115
0.0336149621922801 0.000447495420767514 0.0541642460611661 -0.0175800286518177
0.027318774376002 -0.0275943164361699 0.00509421470888375 -0.00658257296152443
0.0343592995376128 -0.0262608470008094 -0.0403352411790031 0.0184010341834411
0.0801495165577523 0.00170250475645952 -0.0863456359488259 0.0251328594145527
0.105820466031717 0.0709196036673578 -0.120638119628059 0.0281059561179394
0.0144673513520238 0.174789171028524 -0.193696592025781 -0.0381927407582953
-0.191516286907284 0.0448285126972315 -0.195895700189524 -0.221370385355124
-0.0454649894772641 -0.176313999456706 0.0156053300137264 -0.334026124475571
0.169069256397776 -0.112272736774928 0.146077976321927 -0.0371243056003711
0.161695532488689 -0.0828908566039161 -0.0889985220922814 -0.0287443797029766
-0.0320597433017866 -0.14939556767159 -0.160673253507441 0.227115333889994
-0.132329402554606 0.00736800037106226 0.00342026862403784 0.294906641490939
0.00293735528129855 0.0970871935107939 0.131938984714192 0.198013249746358
0.0430526440621228 0.0235938055731494 0.144036980487763 0.0571877633089499
0.016676376170807 0.00445026058037189 0.0951849516177437 -0.0132629341623331
0.0159024870148216 -0.0111048386913972 0.0593063972655192 -0.0199337078193875
0.0249487963525967 -0.0270313800495671 0.0149695010263695 -0.0067092504450315
0.0489132567694705 -0.0113737846019319 -0.0217205471855637 0.0096319449047773
0.0916022020633448 0.0402447924841574 -0.0526329268914095 0.0188306994046201
0.0678652722869817 0.12039959777627 -0.0823860578985738 0.0544707611634479
-0.0872328456396562 0.163114763521148 -0.208827451234602 0.00851382894042728
-0.219851452320747 -0.07988026382345 -0.246560081206081 -0.237842029272288
0.0414038696469079 -0.250863629309172 0.00802754316077549 -0.386394779207083
0.239765686335501 -0.100996556831889 0.115344289987627 -0.0462000160083244
0.128204248925978 -0.0771182324150982 -0.0886654948250601 -0.0334470056580133
-0.0320127171833569 -0.0956517584528432 -0.147345069397274 0.173504652083506
-0.0748248618902083 0.0293259687597689 -0.0143715785245579 0.28758785490367
0.0356697375735492 0.0523728211963996 0.153154934778701 0.205429028525912
0.0288947722338844 -0.0146217968277437 0.16643177220757 0.0333925036793874
-0.00394838369464991 -0.0159578389329828 0.0954706546479071 -0.0376775551772581
0.0019841649496969 -0.0177757469699282 0.0573751276837702 -0.0269251777704922
0.0193262075996383 -0.0192912064832216 0.0226226454163156 -0.00751597126902589
0.0491089567668953 0.00569533001407099 0.00172045009901448 0.00702412774440598
0.0687143680319404 0.065695558768177 -0.016101396043469 0.035879136432473
-0.000757800950941852 0.12321098310231 -0.0719039388144302 0.102769173599002
-0.149725723723742 0.0768893647445235 -0.26288621406728 0.0272294723279788
-0.147321725343181 -0.183205657770164 -0.27886236128815 -0.304050753404426
0.141573335294534 -0.236747926351187 0.0416372453543271 -0.449342316372671
0.252159055606727 -0.0561041923660267 0.08097051212559 -0.0577277970777153
0.100381656162709 -0.0594320049612491 -0.0963588578793174 -0.0371617439291054
-0.0064317488002013 -0.0649116237853893 -0.147931130279212 0.148140418414964
-0.0316915134208994 0.00880052949712499 -0.00635726547238606 0.288867015212504
0.0248631739716884 0.0122192633452657 0.189091186270183 0.194443785611977
0.00422787281811497 -0.0275913063408829 0.181445527291238 -0.00480124698324998
-0.0138450293410891 -0.0200014743746917 0.0895404192063105 -0.0626549602310817
-0.00215248275891922 -0.0145859719885602 0.0528316801639588 -0.0346197101409824
0.0121107608714036 -0.0101805596880315 0.0257601600044668 -0.010420080549218
0.0299191230482586 0.0151039003143162 0.0198318483696977 0.011903784650887
0.0216398565313837 0.058278715619822 0.00276904465407431 0.0664183587089803
-0.0497889598006018 0.067893855317802 -0.0959292484933756 0.1390664148989
-0.120740852790077 -0.0249548135126456 -0.318426577932185 -0.00825880595443982
-0.0205665035685819 -0.183952873618939 -0.256103681437621 -0.393178202672535
0.181174639871679 -0.136259577827217 0.115308446283888 -0.48944872269535
0.187824286099539 -0.00541107242108993 0.053763881854847 -0.072893848554261
-0.0509489257549098 0.000799563876621601 -0.0210354079479712 -0.0170326587610845
-0.0479130386451028 0.0204601244324231 -0.240294849429925 0.409997390024162
-0.0412491754372605 0.059557287019237 0.223038909743411 0.485294453611881
0.0188221583661722 0.0581735658665472 0.38787254489624 0.0603774151954533
0.0355008719657543 0.0139828113453438 0.13224851448376 -0.174003847124938
0.0197138190292943 -0.0144589885150851 -0.0299082769421407 -0.0969606404910351
0.00104780923199314 -0.00855600973132276 -0.0217497786568806 -0.017459632183275
0.00337521297693379 0.00442705636457221 -0.0244069539509584 0.00317500417792224
0.00678886786048862 0.0160256560357054 -0.0455418747994328 0.0453217637809898
0.0131689137850734 0.0151587031962264 -0.0867942604147185 0.0813863285642713
0.0133039471740546 0.0178015995961574 -0.163514160132106 0.0593158459035033
0.00883222472953345 0.00534363851235419 -0.215467700740237 -0.106996768507087
0.0292578543157627 0.0239331628675628 -0.0861706828199376 -0.255414325029137
0.000889234038062235 0.0653183704749425 0.0771572820688881 -0.212711800488759
-0.0687673794893741 0.0552537729163987 0.115967245820381 -0.0143124085840113
0.0588550757706466 -0.0207112976968828 -0.0231488905201551 -0.0245557171969081
0.0148512820976061 -0.0761131672309254 -0.268855772061486 0.393111311758339
-0.0896286308415604 -0.0271036320150657 0.169230741059323 0.495306239238995
-0.0597903320153984 0.0790183122761168 0.362502737425054 0.11114059334106
0.0214159383453364 0.0687345526485178 0.151363289287539 -0.134154585248073
0.045823642975877 0.0208068823633259 -0.0014589819106921 -0.0928510610161967
0.0277896726061899 -0.00214872622878569 -0.00945297453619781 -0.0269330239239916
0.0126353606349792 -0.00743315466673236 -0.02143494943824 0.000945490075704647
0.000499658905426227 -0.000978045090105189 -0.0435877387879192 0.0452840288170375
0.00807550680688132 -0.00472175218366477 -0.0874487881052367 0.0840603747933433
0.0358481680823489 -0.00335361023167307 -0.163401927243847 0.0714242393897518
0.0563770595379025 0.0230019253862886 -0.226762848727432 -0.0836066312902754
0.0190360340690064 0.0744893811949555 -0.115963167782135 -0.242667764293538
-0.0318213866744037 0.0556725070032386 0.0604073005745012 -0.234991034931103
-0.0473018504820246 0.0123328846581488 0.136564806612027 -0.0248559212247542
0.143242989358374 -0.0446019215547815 -0.0521009261624237 -0.0256355813473622
0.0491475771553448 -0.156144791518564 -0.257549387291947 0.388924302888422
-0.130991222382698 -0.084539128004669 0.143285139518833 0.460664224401437
-0.107417233669175 0.09501397046686 0.305079512907906 0.127750788940467
0.0137652035946459 0.0990988539147686 0.144004736509302 -0.0773037165142026
0.058307293827591 0.044139495137702 0.0299858499233169 -0.0657793156075184
0.0434300191630787 0.00328852054974802 0.0144335924211497 -0.0288064067885503
0.0190920484974747 -0.0183449619529318 -0.0157213309770026 -0.00231510205200085
0.000125232830749598 -0.017277705568872 -0.0454693065046953 0.0421179352330506
0.016527707993125 -0.0223747681741674 -0.0920499178939635 0.0760692461100966
0.0646763723350376 -0.0135264510843088 -0.161128990535597 0.0635281309451411
0.0919123999314963 0.0549335819199306 -0.223549783642438 -0.0696271727261953
-0.0132257177337847 0.115480639428557 -0.144428861852848 -0.225888914897359
-0.064656792745292 0.0205831009910677 0.0325460550528932 -0.261717056507607
-0.00675966872082724 -0.041345666815188 0.152431002115853 -0.0393484403816106
0.180888295933254 -0.0750650584527955 -0.0845716998999639 -0.0179182084311498
0.0270161954070383 -0.20009690268623 -0.212722659736549 0.36298183663447
-0.168094590634587 -0.0824292019347185 0.122781839389868 0.390579693955975
-0.102559312879882 0.114102284556481 0.231895679401399 0.132867664738182
0.026351726901153 0.0969744921537601 0.131395780494289 -0.0176997780598856
0.0564417889394423 0.0441264743184933 0.0587891593448363 -0.0337220570148144
0.0436467628541068 0.00291498141969036 0.0374093509898244 -0.0255581233133579
0.021461867695562 -0.0266822541010345 -0.00763017438312935 -0.00434254264464202
0.011298703506291 -0.0289931396003841 -0.0432679704333102 0.0344754804668036
0.0424736692287684 -0.0274602358490592 -0.0938323904158761 0.0564197743714649
0.0972264908911851 0.00447964381888683 -0.145655850835712 0.0458519377388994
0.0917590416396519 0.111417633486339 -0.206259885798149 -0.0512750512299588
-0.086050965346314 0.124032368870538 -0.174651701398453 -0.205052784620134
-0.0859820900813778 -0.0546129572083145 0.000413681113850524 -0.292033637615684
0.0600609049718454 -0.0951242627477341 0.157206430293624 -0.0518338092735893
0.173274252278282 -0.0989180810981624 -0.10164392252152 -0.010104363103262
-0.0212176407276713 -0.189013197275507 -0.16107558769255 0.308538340235624
-0.169060833271642 -0.0288521388007725 0.0829429887735843 0.322446687763918
-0.0481899538146287 0.11916321838901 0.173516386856846 0.152068935735678
0.0414182382424435 0.0642324257654551 0.131860671084963 0.0273881457071933
0.0416815204767367 0.0263810888784454 0.0805289735007848 -0.0169570713049495
0.0321564885109511 -0.0035581877359125 0.0511472059335985 -0.0252803175356087
0.0209719819921434 -0.0313850420725773 0.00351602783567159 -0.00575993635830092
0.0290902077424276 -0.0289141669924841 -0.0366112589276731 0.0222762341572612
0.0761613911286743 -0.00889349262777181 -0.0797869840084145 0.0350411405670528
0.111430111452362 0.0536645090831877 -0.111313140491042 0.0381541267270718
0.0365593845120106 0.164802256029927 -0.187237737204037 -0.0158205373696316
-0.174847117792444 0.0717645155736017 -0.215088534804612 -0.186137079389723
-0.0711792683449496 -0.157373110969448 -0.0301262060143864 -0.326976417026186
0.138722740230989 -0.131071917831221 0.144705414161429 -0.0581501685378546
0.145509558999915 -0.104535241317421 -0.103501656383044 -0.00772313921413167
-0.0501665021126234 -0.13919715927548 -0.129661043046546 0.240234344349463
-0.124490199803901 0.024746855959972 0.0429260980724944 0.287816625286478
0.0139705305856148 0.0922558769760233 0.154757375748719 0.174058040138922
0.0438388730265966 0.0173527474737529 0.146648848681933 0.0367908433931992
0.0175868218983565 0.00129821321417502 0.0909781407704403 -0.02441142934567
0.0133774580607167 -0.0135906326804683 0.0554704357247607 -0.027562794688089
0.0188355194864297 -0.0298166940456842 0.0138297280345273 -0.00769223752856192
0.0447305587941039 -0.0182389670316086 -0.0185335364452852 0.0110334885461145
0.0918866073525414 0.025187871980612 -0.0470944955504839 0.0259603447891931
0.0807501300019647 0.104984254605949 -0.0710670814810753 0.0590640273190072
-0.0594161689865079 0.163931028310257 -0.196597737250088 0.0331532474685617
-0.218166348110654 -0.0411833777550678 -0.269170097476973 -0.197273401941951
-2.87487925967403E-05 -0.236730285812897 -0.0411135113227735 -0.380756166767852
0.207240065901182 -0.129413634539921 0.117448284568156 -0.0613758027378799
0.112897427121614 -0.0941812038574861 -0.101996861449098 -0.0126863859536881
-0.0433931904527959 -0.0877642944469064 -0.125143985167249 0.188606151845809
-0.0668097679628918 0.0392058593789968 0.0214935700977692 0.281551344854128
0.0402329016446072 0.0462350668874743 0.175683224519664 0.178834433435278
0.0258715880613021 -0.0169548360668797 0.164455709221002 0.0123884213820696
-0.00532829299289178 -0.0146320146698992 0.0877293019138027 -0.0464822401742345
0.000598899429072983 -0.017896456122326 0.0517958646558983 -0.0332601999478343
0.0155255916647669 -0.0225037255377678 0.0200538305994817 -0.0104979690771894
0.0476335316081241 -0.00187449692467028 0.00218917587672484 0.00646130518834542
0.0740180961779667 0.0520200198778453 -0.00968068057736451 0.0370391559296547
0.016995056971351 0.115556300109487 -0.0544825793572164 0.105171972555179
-0.128756989770208 0.0913064738369361 -0.248591483339894 0.0581858239643431
-0.164550231320855 -0.147347705319707 -0.309468796580093 -0.260172158180393
0.0950879013593819 -0.236129207595444 -0.0125519810538491 -0.443880513855539
0.22460565122563 -0.0878054765369595 0.0830695654820491 -0.0662050289162912
0.0897567356087716 -0.0723129388009437 -0.108048682192505 -0.0170558196737514
-0.0143532479254382 -0.0618023142720149 -0.129182432771884 0.165059563079584
-0.0282861704016586 0.0136328284804711 0.0295733668622883 0.284803789442685
0.0251530296536735 0.0079733376261684 0.209794343755441 0.163256290840917
0.00170182225378104 -0.0254987750148206 0.176346674320669 -0.0266687158547806
-0.0157370903108587 -0.0177236029812248 0.0791511186635927 -0.070820857363692
-0.00304955719245593 -0.0148198224461651 0.0455960608656747 -0.0404962908675116
0.00960790449801244 -0.0125260571745209 0.0228657768677948 -0.013213085205093
0.0317668707764155 0.00995648652145486 0.0191895285669411 0.00922407574793444
0.0288457285975935 0.0502410168197563 0.0109204451803703 0.0622660648376553
-0.0361070010025169 0.0696357459032594 -0.0739999864136284 0.143393806574449
-0.114196385379579 -0.00651210212221594 -0.307161298872955 0.0296012074185208
-0.0464745226635632 -0.165939866860261 -0.29397952312385 -0.352919877733909
0.14375522629338 -0.148215886026018 0.0555693117374597 -0.488747166193034
0.172115105561294 -0.0309166596324226 0.0543814621966498 -0.07452193795352
-0.0502384986620822 0.00156736374674924 -0.0241443636261211 -0.0197529520714004
-0.0459711645706632 0.0195167205067533 -0.240834839891285 0.393458839263822
-0.0396593109861925 0.0569241207183338 0.207347862893347 0.469685292237674
0.0180261298500879 0.0551183738059598 0.371654303009557 0.0655497715866066
0.0333381649263034 0.013051167767561 0.127382826224714 -0.164448167907464
0.0180670897371081 -0.0125958476454987 -0.0264345924136398 -0.091128434239443
0.000238265688999061 -0.00771661577498434 -0.0191505536955352 -0.0173774851459717
0.00346902304725208 0.00494170918266513 -0.0232509505519291 0.00368857324663565
0.00704905052060334 0.0154598179070908 -0.042105510115103 0.0448681345485378
0.0130109768225755 0.0157447958856873 -0.0836656087373168 0.0793802374724612
0.0126119501315813 0.0159471893262412 -0.158780444117611 0.0567905142827824
0.00846211290843447 0.00513793487553716 -0.208813264362899 -0.107275990585576
0.0292248849401071 0.0230069111748249 -0.0813745553386271 -0.25207470948257
0.000664584151537114 0.064061589006272 0.0803971434983206 -0.207976961622889
-0.0672253711937708 0.0530425419639825 0.115274227461264 -0.0160906499013056
0.0555666867363308 -0.0190801967391676 -0.0262713632726011 -0.0278588701651452
0.0142669646760131 -0.0727322693303155 -0.266539464527219 0.37714264428391
-0.0853332767936531 -0.0255678337598254 0.154436317298682 0.480391127198227
-0.057525103530476 0.076481313937391 0.344938061232217 0.114285720369739
0.0207121959103827 0.0661454828810308 0.146183457695271 -0.12596617966682
0.0439821577463053 0.0199389178430827 -0.000688305924213867 -0.0876263228806984
0.0263512658497057 -0.00261000721416972 -0.0082575475250986 -0.0251447937579642
0.0114323018830239 -0.00720074351554161 -0.019725869094363 0.00121554108354563
0.000382761255943651 -0.000521017029238216 -0.0415193507353889 0.0446104289554743
0.00770033455371386 -0.00432796615414018 -0.0841743120518642 0.0815383815717754
0.0336364591394828 -0.00362993344002501 -0.159261916629691 0.0685794053130259
0.0536320768696325 0.0219481682017412 -0.219257481534348 -0.0842996997522261
0.0184449897702819 0.0717876609665593 -0.109323177958805 -0.238935047737345
-0.0315722504019888 0.0535885085910505 0.0620560148594467 -0.229731116117855
-0.0468677430695169 0.0118254072101818 0.135021190803216 -0.0251760617594143
0.135956884254146 -0.0433208062453544 -0.0538172256735305 -0.0288016933616746
0.0456550605728744 -0.151159309791264 -0.256308260369715 0.370127308507899
-0.125849565458083 -0.0809203083763335 0.131686163600574 0.445090687190564
-0.10257306673353 0.091858201659058 0.291254816154861 0.129443946781525
0.0140921713205812 0.0950400435051211 0.140565793175253 -0.0710660353315273
0.05539115686349 0.0417862282886469 0.0293801367255484 -0.0622521965706054
0.0414776093251355 0.00257010845650263 0.0135652722626174 -0.0280018867941415
0.0168466884025314 -0.0178165705398302 -0.014394381629082 -0.0023234269293237
2.24682935263299E-05 -0.0166777859143851 -0.0428732579830855 0.0408909810951912
0.0148004218581195 -0.0208598246774813 -0.0893358128023911 0.0746138215040594
0.0616276342645673 -0.0132825652060208 -0.158189205341207 0.0618105095399877
0.0887309626924682 0.0520951463379796 -0.216887233832198 -0.0702585316294363
-0.0134645863780066 0.112032945070605 -0.136152812368567 -0.222369538033522
-0.064029405648849 0.0188280990870236 0.0367005527973886 -0.256592267479556
-0.00829927618316176 -0.040058941330067 0.15098063986479 -0.0396727774023689
0.172943299103595 -0.0728375856534371 -0.0841920016787264 -0.0204934357204248
0.0250363284863411 -0.192764757156591 -0.21383795206222 0.348564823840518
-0.160864132378338 -0.0789481691778502 0.112117823742627 0.378289391030247
-0.0974712800661909 0.111289955245092 0.221585307034737 0.1352710968959
0.024080572469209 0.0925969349916029 0.127678740584462 -0.0151204523363186
0.0549497071655444 0.041647543844571 0.0568451513326965 -0.031997641952512
0.0409723389258868 0.00261964868462663 0.0359270323600411 -0.0252220087657127
0.0184724245791645 -0.0260933672774075 -0.0054914751928727 -0.00422712140125375
0.00916205628107161 -0.0269790444812358 -0.0419788316764133 0.0335128545125605
0.0412505505909072 -0.0244454233628007 -0.0908486285538048 0.057021458589658
0.0931668901229169 0.00306380747202259 -0.144390872638384 0.0457773705544493
0.0895314297213221 0.104656908089003 -0.200681910630434 -0.0531762180887638
-0.082787005824587 0.120899113994019 -0.16541599526467 -0.200817974867356
-0.0850486741849769 -0.0540520155723783 0.00599972934617453 -0.284274743009936
0.0537674600137955 -0.0933095848298704 0.156345447402289 -0.0510328576093332
0.166495853152482 -0.0962564736176695 -0.100681827538297 -0.0121470287873471
-0.0212818175958664 -0.183030440306285 -0.162901430257101 0.296195044671523
-0.163367210499441 -0.027349625496665 0.0747649234135408 0.313670044290526
-0.0450981182524601 0.115312396642931 0.165357654200125 0.153223704689111
0.0401550243149783 0.0615287142270308 0.129497083037358 0.0294346636710849
0.0404396210169387 0.0238121225825771 0.0781215232051907 -0.016455069700894
0.0298481989261889 -0.00474794448037178 0.0495400260292469 -0.0250237738945399
0.0178421862906235 -0.0310337004601031 0.00371832806006665 -0.00596491663929946
0.027389504442592 -0.028453025876382 -0.0345464732963886 0.0224592412898982
0.0740204126584818 -0.00882741928602735 -0.0781150410901898 0.0356720415675668
0.107292993891852 0.0514562278824939 -0.109675309460155 0.035732063679325
0.0357988303069419 0.157383856312549 -0.180475541211709 -0.0204219272435293
-0.168202214810079 0.0704637116321471 -0.204332591060625 -0.183188464245466
-0.0715239060449878 -0.151709514889092 -0.0220910946923645 -0.318227042312329
0.132022595538376 -0.126587527034147 0.142726135440165 -0.0564850632660184
0.138405750430592 -0.101475618376886 -0.10249258135247 -0.00944630163356745
-0.0504087957735363 -0.134288947655088 -0.132474990938512 0.230387334666084
-0.121496256359889 0.0243384915455068 0.0349347071780737 0.282135082034928
0.0139135637723364 0.0877389357886577 0.148049869622245 0.175512440540505
0.0424478828453773 0.0166920704286922 0.144913261864036 0.0379920178190299
0.0169239518590206 0.00205319680886373 0.0884120237688932 -0.0228634312373318
0.0128149378293607 -0.0137099456178913 0.0532168533452066 -0.0275210761118537
0.0164518410125646 -0.0298964484294218 0.0136449471558047 -0.00835225189067572
0.0429336297134158 -0.0184128668438325 -0.0185688286760159 0.0112451352914418
0.089850557558579 0.0225722873196705 -0.0463782338013355 0.0249102146255447
0.078236065166912 0.100088311566153 -0.0702038045986636 0.0557683098798152
-0.0579397176668463 0.159364673018468 -0.188650449155551 0.0276302026849946
-0.211257333305141 -0.03892186020495 -0.255601751192329 -0.192999773256938
-0.00242553970623053 -0.228117204833589 -0.0309715933140961 -0.368491894124598
0.196898078644348 -0.123985196607053 0.117292463015044 -0.0595679883266322
0.108825912082997 -0.0913527015680506 -0.101716178548475 -0.013319257584392
-0.0439277739875531 -0.0859956982176052 -0.126057709136071 0.182549902245223
-0.0661588124668185 0.0378886896520678 0.0186052071340101 0.27645345620365
0.0389947257978694 0.0443391422295559 0.168815405433648 0.180136398249243
0.0252487062820516 -0.0162839695383544 0.162832953433518 0.0141708006285014
-0.00499417628503737 -0.0141966636536935 0.0853845157959062 -0.0443216829931037
0.000372856238950081 -0.0181065237140005 0.0505589564651779 -0.0330480129369419
0.0136992764184312 -0.022555227844316 0.0191840139587942 -0.0101281861568005
0.0454234270532129 -0.00324984551900254 0.00199363639694355 0.00591092873683667
0.0717715175867011 0.0481351964622621 -0.0108536653116825 0.0363647256984395
0.0167636145508453 0.110141239402209 -0.0540609421597977 0.10027738479425
-0.123033247130793 0.0881720369572197 -0.237115186909598 0.0520713563231918
-0.158838101791022 -0.140723316881519 -0.292729648815742 -0.254486288405074
0.0905896179901537 -0.226958433644727 -0.00440581048735517 -0.427926988919239
0.214720349667747 -0.0847047295927919 0.0848476887315289 -0.064036129800903
0.0852168835572856 -0.0706156465397817 -0.1073164164917 -0.0169786218763619
-0.0150582929776545 -0.0603971307114002 -0.130054395996671 0.1616032957321
-0.0284131109931389 0.0134289137871962 0.0259598468867918 0.280357280414757
0.0246776274898316 0.00800196899281174 0.203339221202896 0.164229364918567
0.00114382987981279 -0.0245414435815737 0.172230381216958 -0.0230374306624927
-0.0159615406284435 -0.0167182105106666 0.0777270241857546 -0.0681838825319912
-0.00289394753561457 -0.0145949313649912 0.0448968905539733 -0.040674230867162
0.00864689291442538 -0.0128663999505489 0.0214715625520117 -0.0131519715556522
0.0312248166741628 0.00719636741357635 0.0179229118315944 0.0077659304592362
0.0290535888619085 0.0476122277331735 0.00993919933264202 0.0596568785265353
-0.033936570111121 0.0664758362389834 -0.0721539033629085 0.136296738981364
-0.109603287341501 -0.00664448174377999 -0.292448401054757 0.0236387688264031
-0.0440346391133123 -0.158654595350432 -0.277360917273917 -0.342994682699061
0.138047414273624 -0.141578073435297 0.0629718559601399 -0.469595131979548
0.163867756571 -0.0298828529230298 0.0573164683121806 -0.070800688721085
-0.0499789134984862 0.000165605236707251 -0.0274793982764335 -0.0236881688509678
-0.0450762607999009 0.0185966531538619 -0.254799919757407 0.381646798860951
-0.0394476509276096 0.0543385486511046 0.189764544429545 0.471456326424509
0.0166712122539389 0.0544133398028081 0.365080037725559 0.0776106494314525
0.032103268667192 0.0135858416226365 0.130833123353625 -0.156812625681848
0.0173503030238396 -0.0133693070393231 -0.0236688797099879 -0.0882101868830741
-3.78877188848538E-06 -0.00792632480390783 -0.0168915334761927 -0.0166883539902691
0.00237037335560563 0.00552345132049964 -0.021023594878826 0.00320897358470646
0.00580548402343744 0.0156535900082898 -0.0414875393729464 0.0437895483340018
0.0124799514613854 0.0157084227564031 -0.0844361468775449 0.0782283049101345
0.0118051289744213 0.0162370170406622 -0.159895099750866 0.0529407104089404
0.00745884046014379 0.00559824246978713 -0.205835818995573 -0.114719951067299
0.0285723316743922 0.0232834565681685 -0.0706172259811328 -0.25558558052257
-0.000393393262624588 0.0636134697986919 0.0898660596209552 -0.206647006569549
-0.0694311434287281 0.0507658268036777 0.118560382440616 -0.0135478035726311
0.0550863820981122 -0.0182386267683203 -0.0299669880559896 -0.0321442454389101
0.0151834910677262 -0.0726335939641665 -0.281067435117473 0.364819862739159
-0.0838563252934508 -0.0281834759849086 0.135099188865712 0.480543046164793
-0.0581305381755902 0.0739586918419897 0.33733518217451 0.124978407576712
0.018733640807437 0.0654370316686735 0.14876060705921 -0.118432553848675
0.0427426467322279 0.0199417919108834 0.00167365156329517 -0.0849279943757561
0.0254731284127291 -0.00167292034259645 -0.00641549774902473 -0.0255168133597656
0.0106178753051766 -0.00643850301543511 -0.0181729582632237 0.00110410487422718
0.000538371086769731 -6.23033413476386E-05 -0.0405143429232685 0.0442491298618783
0.00674999354000157 -0.00271443849587743 -0.0850755958301512 0.0807497489039632
0.0330012953553577 -0.00229324574401535 -0.160799387431497 0.06420988087662
0.0526725679183222 0.0216076494271684 -0.216790651159898 -0.0923099338935414
0.0169717517545466 0.0728804878769105 -0.100975819524991 -0.243825027961035
-0.0333019027563585 0.0526789396088741 0.0712376663134468 -0.22939406863173
-0.047635435730769 0.00977331705455075 0.137287164454457 -0.0228609944501708
0.134624253335117 -0.0396718782996446 -0.0557852708929013 -0.0327195652154354
0.0477074652221275 -0.14729536024382 -0.269156436520921 0.359052300064121
-0.12261810975021 -0.0829188103675546 0.113248977185333 0.445667018956834
-0.102670327376985 0.0879418025134482 0.281546752668138 0.139873607911628
0.0116299069388185 0.09529123984851 0.140813088650445 -0.0636797994545385
0.0538554400188459 0.0413173696626819 0.0310091574153967 -0.0596864796358855
0.0401713703159395 0.00356943824087681 0.0145307859706531 -0.0273309794566541
0.0154463237376825 -0.0165955953990983 -0.0132634181142797 -0.00237615146997847
0.000518465653037337 -0.0164661010611261 -0.0424428776006643 0.0413643906228377
0.0154889444607338 -0.0195038572581684 -0.0912524235086415 0.0735872914348317
0.0608521144434083 -0.0124804019104813 -0.158791142296162 0.0578537115798941
0.0864822000470384 0.0522595451938443 -0.214682041145001 -0.0785547390674478
-0.0149334101986615 0.111531118865247 -0.128386132513739 -0.228370237782264
-0.0649890687024809 0.0167224412274642 0.0461438128632995 -0.255807425380885
-0.00927369829840207 -0.0405052039077717 0.153934700350616 -0.0366948162439031
0.170904402080945 -0.0690544536310196 -0.0861240256030094 -0.0274091717386063
0.0285757720133104 -0.190553115754603 -0.227483837977848 0.335583672487028
-0.158528335744103 -0.0813719638305988 0.0953872606188466 0.379663476648722
-0.0984195365002366 0.106749171221573 0.213831533651987 0.14387221874474
0.0210986178578481 0.0928384995167078 0.127336647896754 -0.00754056497155051
0.0546701570697849 0.0422142188388961 0.0583579761573719 -0.0304052565350081
0.0405439646438102 0.00231263859024686 0.0361947160652968 -0.0250577504941759
0.0173440707628667 -0.025676383004572 -0.00657383236791436 -0.00396024175143
0.00824247391840383 -0.0254648538514248 -0.0416577704903473 0.0332300585787942
0.0416894639844505 -0.0253395455759786 -0.0915206177394989 0.055211404793794
0.0913929202737853 0.00508860345926777 -0.144749146572737 0.0418617779626846
0.0856124579095304 0.104797792353104 -0.198322022720698 -0.0622163729935103
-0.0847752885112178 0.118983545003787 -0.156616927874687 -0.207361163899508
-0.086745534727119 -0.0554292026310881 0.0197113863535941 -0.283611374455425
0.0534231220923298 -0.0908559577138223 0.158845918945965 -0.0479511923175015
0.165380556534798 -0.0915259269873062 -0.102051464709879 -0.0177201279919952
-0.0182751262209691 -0.181090446922467 -0.174130866118549 0.28671113188284
-0.161184556850159 -0.030556313563275 0.060341218243008 0.315523300913775
-0.0464383429736426 0.112550208258091 0.158384512716545 0.162410093233913
0.03911938714662 0.0614062347669494 0.129469731788473 0.0351496700616411
0.0396695916997617 0.0248611115636342 0.0792917958051731 -0.0149560940935577
0.03022717045565 -0.00551835622437278 0.0489972430260917 -0.0239303077815966
0.0174796007722365 -0.0300301212638774 0.0038651040579314 -0.0066280221518794
0.0275720173460972 -0.0277194280184437 -0.0349267258988549 0.0214982987213741
0.0746630133591199 -0.00809704531184449 -0.0787490474193543 0.0352028641988767
0.104642876221343 0.0516096476552182 -0.112192724100809 0.0322654375304208
0.0314751400581491 0.156431520432733 -0.179727402158343 -0.0282229433971293
-0.168643894525774 0.0674149305083492 -0.194665250493948 -0.18966325011456
-0.0693940527461586 -0.152086955396655 -0.00965011605585748 -0.317811328292252
0.132755609564767 -0.122560552380585 0.146802575856245 -0.0532103338736493
0.138091622573201 -0.0986066301724937 -0.10519093134872 -0.0141396605838842
-0.0484807624466357 -0.135106981803996 -0.143456729233003 0.224855661482318
-0.121883760983049 0.0229048728468259 0.0232561803192866 0.283150156301296
0.0125993687947718 0.0876448128675222 0.143204193649499 0.184373757785232
0.0409293814979677 0.0173826849371622 0.146613980528483 0.0432681690562513
0.0174008723519273 0.00154676306137211 0.0885934900223859 -0.0205873603618673
0.0129698955996224 -0.0146288879631177 0.0524063544519177 -0.0258358894676971
0.0155180179513354 -0.0296207092438643 0.0144694812317098 -0.00808754387989432
0.0413946192325094 -0.0183388696307463 -0.0177024245078354 0.010163800958933
0.0889558736803237 0.0229784600969981 -0.0476221311734141 0.0256858915311333
0.0757590817022576 0.100380907127119 -0.0727820517030289 0.0524991275224501
-0.0597260241075711 0.155463335936728 -0.186948689748849 0.0179655668222841
-0.208213598143162 -0.0417224564297929 -0.245397852769126 -0.200832258669106
0.000852561575482733 -0.225583728171412 -0.0168521627851592 -0.366599211221054
0.196244413923776 -0.118383764977584 0.12261014369467 -0.0569167435667681
0.109180937105813 -0.0893769400062991 -0.103683645394759 -0.0172069270855542
-0.0426450049620545 -0.0867406426546854 -0.135730261198558 0.178468603999195
-0.0668511763756587 0.0369379181076608 0.00827737484037074 0.279622211175679
0.0382226440648148 0.0445685003682077 0.164170881431074 0.189154953169952
0.0247967050307507 -0.0156497616412508 0.163483995753708 0.0188925180929614
-0.00457182136222706 -0.0137328094479805 0.0871333565778672 -0.041598688791192
0.00055248642273271 -0.019444352435486 0.0511820242396542 -0.0316701461064192
0.0121467688436288 -0.0229964385740082 0.0197800263558922 -0.0104313424687374
0.0454033432970822 -0.00397414017585499 0.000789434532929204 0.00498832395003565
0.070482752624913 0.0479016959068595 -0.0129436267644481 0.0362069267203611
0.0149638079167982 0.109369414934766 -0.0571861521835687 0.0964856081373026
-0.122882988818 0.0845038450300677 -0.23527109032243 0.0408722933294185
-0.153732814506818 -0.141793262550875 -0.280766820457787 -0.26291676869799
0.0931161868868286 -0.222397206725289 0.0122131196052175 -0.424496774006194
0.21370704861916 -0.0787684159703273 0.0912020810372293 -0.0615709060740592
0.0867086053273036 -0.069476482403683 -0.108479248517457 -0.0201784713215314
-0.0143382483086326 -0.061088185609215 -0.138816229007081 0.159285645994495
-0.028863814134675 0.0137369501250386 0.0162029572327642 0.283702168968579
0.024272302519562 0.00872834330843903 0.198959216216842 0.172849900019473
0.00126759710654465 -0.0248378333290057 0.173767264290274 -0.017288656165517
-0.0140900204440885 -0.0165872025760729 0.0785853277497239 -0.0642818165837589
-0.00205212441939222 -0.0155143305810976 0.0444572573814242 -0.0391519114694693
0.00864413756377257 -0.0131470580416131 0.0210511544714358 -0.0136905407189962
0.0308022429459131 0.00601575072744282 0.016630556435716 0.00721000752359738
0.0291883127576122 0.0466746990393984 0.00731808113933333 0.0584388858179273
-0.0347181706105714 0.0651152924924882 -0.0750062147421833 0.131496577714318
-0.106695525310898 -0.00820349910386695 -0.287814844053621 0.0123698109363467
-0.0390865468734111 -0.156495264108115 -0.260007532509593 -0.349187055658847
0.139120763295673 -0.136850876626136 0.0784366254723183 -0.461762511957223
0.162720934903789 -0.0248526819214268 0.0628874873292082 -0.0693788097876225
-0.0525710688684877 -0.0010480446629066 -0.0327203046669809 -0.028349763044866
-0.046873221355163 0.0182160814741572 -0.278050533586561 0.384938164123865
-0.0413359210077929 0.0546084820617373 0.179483875187466 0.49172327419333
0.0158395475743911 0.0545295974018229 0.372085800240171 0.0943942171639834
0.031814210076089 0.014954140909476 0.139252745631631 -0.154504108952442
0.0176715004385895 -0.0129264379815208 -0.0214027136962214 -0.0893515310859431
-0.00036676797618957 -0.00704628831907554 -0.0157001947830177 -0.0178757107738484
0.00174794327164092 0.00563199416831738 -0.0204952756020402 0.00233657770776553
0.00622999718639685 0.0169192021348366 -0.0418334517192992 0.0448679381414585
0.0125951704788231 0.0172142311886399 -0.0876758344126494 0.0791199692160425
0.0107501936211328 0.0166190757268537 -0.166311822803914 0.0514850495247339
0.00709866350765771 0.00521116517651079 -0.209684453983454 -0.126769764641733
0.0286867324251987 0.0245930735658648 -0.0650060405401009 -0.26866312577631
-0.00205772381442514 0.0664966847295107 0.10171926735102 -0.212350806511484
-0.0740560923499868 0.0510498243737791 0.125609773068352 -0.0120137537772393
0.0543371060180427 -0.0176702583086742 -0.0335656274088117 -0.0371980287250206
0.0163128652669113 -0.0728639021024684 -0.304489113139479 0.366088972842833
-0.0854547273856435 -0.030825318417304 0.123156394098332 0.49779969078111
-0.0613781508918293 0.0738399331566594 0.341249251625475 0.140983194643747
0.0178690267061669 0.0675582396503316 0.155385999182541 -0.114390141989199
0.0422119144649492 0.0206256007417957 0.00379499303967584 -0.0853682810992369
0.0257217659425974 -0.00172705444460988 -0.00496743431730856 -0.025644675466906
0.00996388116552084 -0.00699589471670047 -0.018175963169543 0.000794657519551615
-0.00021105572075689 0.000528407105056606 -0.0412692131409749 0.0450846543066053
0.00783492504235761 -0.00196117822251231 -0.0886941059898864 0.082027598974197
0.033025553542653 -0.00240452355250025 -0.167448618548211 0.063106674061107
0.0530352274078692 0.0235102652835599 -0.222270291198291 -0.103219774167659
0.0163759004044023 0.0749985257054055 -0.0967608719343727 -0.258074032783933
-0.0361425802582114 0.0536539240622334 0.0834685227558084 -0.237579266042906
-0.0512796196289226 0.0092779864730003 0.145819085933107 -0.022542788208784
0.137519222325741 -0.0391060922259739 -0.0599375265663791 -0.0371068245345713
0.0511049935565578 -0.149706130831091 -0.291906413603797 0.359728823684164
-0.12491828329022 -0.087864608765431 0.100594076823724 0.461869616459025
-0.106590433944006 0.0883892068196518 0.283784708866441 0.154894022766057
0.00940180207041406 0.0967512851553697 0.146920501855742 -0.0582715201816793
0.0544362619233574 0.0427978034664074 0.0332935722153241 -0.0590539749244309
0.0411454971580382 0.0039596667384603 0.0159302042879445 -0.0274877946588853
0.0142420421499516 -0.017245865514389 -0.0124102510488027 -0.00260773175157929
-0.000859902357511413 -0.0161558566479559 -0.0434129542637598 0.0416246188109098
0.0163655362547772 -0.0189367364184752 -0.093622180483107 0.0741454245248053
0.0620082735268743 -0.0112571247768096 -0.165649836146485 0.0567170975115222
0.0872929627856939 0.0548493180611296 -0.2222234529153 -0.0887100110560478
-0.017506279068777 0.114362841491816 -0.125097772477058 -0.242636738850572
-0.069178367149317 0.0165134224862428 0.0580709783516606 -0.264364856782369
-0.010013889571466 -0.0428563390477464 0.162488016772438 -0.0361349824844154
0.175499377263353 -0.0656900326871852 -0.0908915505828908 -0.031408655928969
0.0310938340632842 -0.195069864175636 -0.246541868708166 0.338395003976932
-0.161158793122353 -0.0855304279387566 0.08374858879334 0.394119006278505
-0.102327897207186 0.107511761045857 0.216834076712876 0.157694719119907
0.0195366118983148 0.0956362435024163 0.132189222445923 -0.00127911213687046
0.0553485250240905 0.044008399193739 0.0595356285847547 -0.0287751260901109
0.0425105476499618 0.000776130440197232 0.0368220661058111 -0.025778782008477
0.0176895553821765 -0.0259802670164379 -0.00497354952435256 -0.00393985173688642
0.00723171690978261 -0.0270681091857349 -0.0435911325847037 0.0343839854239164
0.0425622349590492 -0.022895139013354 -0.0969470453061718 0.0569869167345735
0.0944910893527831 0.00699958394841623 -0.151642817542227 0.0410589730648159
0.087062467566782 0.110084568994048 -0.204054567773358 -0.0721518257110099
-0.0908266256937058 0.120386175104125 -0.154109064366011 -0.221018199378121
-0.0894385072482878 -0.0581847000488455 0.0294484697466135 -0.291927213749944
0.0552932004969484 -0.0931932700357695 0.167280062910767 -0.0473498212223245
0.171349342577295 -0.091201292896974 -0.106937008256147 -0.0214934271418387
-0.0178193114090723 -0.186730049536846 -0.192487795747562 0.288903455928985
-0.166575965934732 -0.0331733096354919 0.0485313259979215 0.329592341908172
-0.0487092756677702 0.114074063807652 0.158835572256503 0.174576531092086
0.0382060585463596 0.0629860106321121 0.135685182626419 0.0405942008640926
0.0409398562266345 0.0252631800031222 0.0826573164341755 -0.0118401534873918
0.0297306139842716 -0.00634232863143708 0.0512336775091887 -0.0243517880155035
0.0160426472272889 -0.0316603926567841 0.00495830095500753 -0.00607517439368529
0.0273529629753889 -0.0283137622486828 -0.0359447762938827 0.0214947195681964
0.0768309052639217 -0.00776091082851679 -0.0820824139980614 0.0355560571645161
0.106864983636623 0.0554064849287091 -0.118007374154326 0.0310793946932123
0.029737934153594 0.159983858342471 -0.184527483007184 -0.0378660923964804
-0.175535275853267 0.0665382473903326 -0.1939531050471 -0.203295147889857
-0.070321812353261 -0.156678405635281 0.00414030162149972 -0.328278447401076
0.136682724830226 -0.124011384276585 0.157005351792167 -0.0521971427843619
0.143383741445641 -0.0991416127119055 -0.109336835409453 -0.0182666122069425
-0.0495281536259514 -0.140118495728348 -0.159026889757152 0.225758872294387
-0.125576727114026 0.0212234204867483 0.0136313604642118 0.295291227294846
0.0112180379875028 0.0893793342434289 0.142818094722856 0.198233901259208
0.0416699103463302 0.018843606330295 0.151454696466443 0.0502079372613446
0.017806334738664 0.0022787533907931 0.0930537812130157 -0.0190320259401797
0.0127612305648374 -0.0161350682664429 0.0553742210038852 -0.0263304177760027
0.0133401533123121 -0.0298807124130869 0.0133928635665561 -0.00819363522268826
0.0437223047457934 -0.0191766265749763 -0.0197555156181162 0.0106596278005695
0.0914755795733212 0.0240909284973259 -0.0504471834224819 0.025225507875961
0.0766257903770641 0.103541349976983 -0.0775480359802766 0.0523625245274689
-0.0643816482220119 0.159017853373318 -0.192218149700682 0.0100136535283176
-0.213175670564302 -0.0462901069308413 -0.244182554437867 -0.214844563823311
0.00370360803286518 -0.232658604646287 -0.00263926042105532 -0.377408710983062
0.202459780058336 -0.11748837607981 0.131205869888448 -0.0563381887775978
0.113261952786749 -0.0902237920172325 -0.108755544132081 -0.0215449630089662
-0.0437339491311959 -0.0902435945622491 -0.149385822212276 0.179395374225635
-0.0698290784030356 0.0374239499555798 -0.00120684691927613 0.291609146277354
0.0390147523598361 0.0457594358147665 0.166211022971648 0.204342366706297
0.025526805706335 -0.0152812122966038 0.171710749585568 0.0241866000956201
-0.0042105597305493 -0.0140373275565689 0.0909807682547504 -0.0409560195226777
4.11117630869443E-05 -0.0206254299231909 0.0528634259757057 -0.0323275027378097
0.0116209812753832 -0.0236538848500506 0.0207142288147443 -0.0105064917009743
0.0464898612490552 -0.00487548338160393 0.000232208213762416 0.00554110508942284
0.0725554407371276 0.0501475965151591 -0.0152417313249853 0.0368964468887487
0.0139573791903167 0.111690639463717 -0.0616568680492947 0.0964542067524671
-0.127132897648855 0.0851731365034812 -0.239967825389458 0.0319188287714918
-0.154594545562831 -0.14721666405875 -0.278394732509284 -0.278222829097445
0.0985372364423401 -0.226109997321338 0.0294532154932414 -0.435012354787517
0.219015475838209 -0.075610349185803 0.0997194408654894 -0.0604243039110458
0.08993367942932 -0.0688529757192164 -0.114105327245882 -0.0242482903077573
-0.0144936788887339 -0.0636832398632987 -0.152275663084717 0.1616191391808
-0.0297652650879841 0.0132488200604915 0.00884929736365449 0.296571423923171
0.0252250304562884 0.00882672458706596 0.203157977743731 0.188717905502605
0.00154802782408957 -0.0250207483123315 0.18227745489404 -0.0133671356169798
-0.0134684965991156 -0.0169791449203389 0.0832670832590181 -0.0647183903683229
-0.00236780904450876 -0.017508675589578 0.0470375673375915 -0.0403526717665492
0.00819608257890615 -0.0139525427431751 0.0221986811327513 -0.0133275895441892
0.0313156014304595 0.00598157482324433 0.0166090763677108 0.00721611728088267
0.0293620923921189 0.0488413938316432 0.00511144533982994 0.0600748997895077
-0.0363443207785544 0.0672957627316916 -0.0802954016788409 0.131024434715877
-0.109527625327925 -0.0110786697625414 -0.293369581935269 0.00121213706170842
-0.0370675218597658 -0.160002337426204 -0.254869539319219 -0.366624629890758
0.144753407670393 -0.13726336972434 0.0986771242996746 -0.47153926048504
0.16569511701503 -0.0215219856612518 0.072944369189415 -0.0683627191814773
-0.0564578947476619 -0.000932279796498369 -0.0397214281707803 -0.0337321291858649
-0.0500854509817224 0.0193412645666635 -0.300971256804511 0.407992306224474
-0.0431460897562332 0.0580394430791334 0.185406373697691 0.52143995418545
0.0168955149031345 0.0567048052246116 0.392266007919868 0.101720430773853
0.0338080257270143 0.015581167348704 0.147997876169328 -0.161440069126576
0.0175734749053844 -0.0134576192728322 -0.0213293327959114 -0.0920408518665864
-0.000149999073109252 -0.0071704069915796 -0.0155052123230793 -0.018344653032832
0.00183982146099044 0.00548320617203243 -0.0207544071744829 0.00246072173195468
0.00688590874285201 0.0181517520436653 -0.0423815188597296 0.0477542293806303
0.0129806023965602 0.0183572756741341 -0.0909135441526087 0.0853568736059868
0.0121501838359165 0.0178995614202594 -0.176199916083529 0.0546274900013221
0.00767194656268423 0.00516419223014824 -0.224795436067857 -0.137213108645305
0.0315414665641205 0.0259675176197461 -0.0679239314106727 -0.289011782523539
-0.00135485151310555 0.0716236947816946 0.111472897704377 -0.228238916352772
-0.0794313872149852 0.054946472966991 0.137792458312106 -0.0147288066132228
0.0569705380994449 -0.0188577731541932 -0.0406995193409458 -0.0426666510814929
0.0161334334609215 -0.0774508237813529 -0.326482850919084 0.388474417302715
-0.0908371789531777 -0.0324938194207404 0.127330976118484 0.528274624392494
-0.0631881913075278 0.0778794518861928 0.360341496889506 0.152604966448908
0.0190777325673099 0.0711308478147089 0.16530126965956 -0.117918157028475
0.044788972640771 0.0217685117528066 0.00519640200652987 -0.0880454320075191
0.0262334021864755 -0.0026045486896197 -0.00512586631041205 -0.0268540471639036
0.00814209048465518 -0.00694954993456456 -0.0178269697882401 0.000704019568565482
-1.51736045265963E-05 0.000917404366437453 -0.0415339318472424 0.0480274215808861
0.00805360471723284 -0.000768275936641353 -0.0925218502752465 0.0889631235367862
0.034166463120689 -0.00264155160157709 -0.177376010284872 0.0678692379902747
0.0561134872915984 0.0240544594070178 -0.23759771467405 -0.112169912720385
0.0180244144692978 0.0792749847784017 -0.101465631353257 -0.27679181202738
-0.0390859049226912 0.0567035613997701 0.0913744146368766 -0.254889726673191
-0.0556878328972812 0.00946384895340217 0.158545012349669 -0.0260568420475563
0.145027294356422 -0.0402260534609769 -0.0681419082771797 -0.0442216639545353
0.0523106821580708 -0.158370453661992 -0.314314478687712 0.378522311416592
-0.132664066154236 -0.0913875113643994 0.102029474707716 0.490312220997872
-0.11156133654761 0.0943223798260129 0.29974493850931 0.168083435249949
0.0103337318904793 0.102385730571206 0.157509743261994 -0.0596697792913688
0.0567802954967873 0.044416794782611 0.0356320835371904 -0.0610592167749784
0.043011366975806 0.00162514211023917 0.0167489185921812 -0.0303080760490318
0.0132767712754817 -0.0183257740817434 -0.0125942085514199 -0.00200969493363997
-0.00158825561221238 -0.0159927081112542 -0.0446123450829262 0.045064668687124
0.016779279374985 -0.0187316473106643 -0.0992897986570438 0.0800336526695292
0.0642880905081793 -0.012263420978394 -0.176343064694275 0.0607170375107845
0.092155523208958 0.0570435425648648 -0.236403888662729 -0.0972618955015537
-0.0182061705473579 0.121588583359049 -0.132336053003897 -0.260484864738202
-0.0748317277655335 0.0187653620689111 0.0640341230545338 -0.284154397219526
-0.0123247655881604 -0.0452800116044808 0.175554152256607 -0.0401655275216689
0.183726803391254 -0.0711874030629227 -0.0989630083112696 -0.0350088171401234
0.0304172797838171 -0.205018732037444 -0.266624109496549 0.356655133165013
-0.172485280229991 -0.0874320738554721 0.0841937041197106 0.417692727329923
-0.106534849319829 0.114262656575229 0.227354188632713 0.172654394320722
0.0224786731359099 0.101763668351989 0.14328401955218 -0.000157615510158394
0.0573949401467551 0.044177812034831 0.0654519399368175 -0.028622850689794
0.0424725134766123 0.000649647821340811 0.0381304031347469 -0.0274673322435872
0.0149250695642411 -0.0270439839445851 -0.00560677346331512 -0.00592515779835343
0.008151015579613 -0.0291123443699378 -0.0449109501375481 0.0363221172866398
0.0452643080527676 -0.025811639046208 -0.101638761791606 0.0617579112351173
0.0986929412990513 0.00662945326330939 -0.160530533693698 0.0438710393386036
0.0928271176640262 0.112274673181097 -0.218805009065564 -0.0790099183970516
-0.0932413723859484 0.129900668993373 -0.162701523862859 -0.236321338102714
-0.0983034129962148 -0.0591581744147084 0.0345796192883591 -0.313137642591872
0.0568375154734758 -0.0995693405827223 0.181122450575853 -0.0507645913229324
0.177690894866666 -0.0981178036929626 -0.116636147222561 -0.0254183648913277
-0.0213807241514518 -0.197377368288348 -0.210137305382706 0.306122342072541
-0.177843640876872 -0.0334709471043102 0.0502382727958839 0.351571336041556
-0.0508096138813348 0.121286834169428 0.167549053055876 0.190646077901097
0.0409765626522462 0.0676568425362135 0.145952218020674 0.0449599584714211
0.0436386137631929 0.0259081732044842 0.0872975425713365 -0.0126113395654359
0.0309668485484754 -0.00745247723148153 0.0541380178653615 -0.026572473325333
0.0147294013872575 -0.0324294085928622 0.00572071324029811 -0.00750537344996141
0.0278869343557633 -0.0308998397949321 -0.0378681909385731 0.0241219083647277
0.0808490941767064 -0.00871867700985634 -0.0877149603993161 0.0395889908889991
0.113108036696813 0.0558645818216502 -0.126178518118387 0.0348738168116968
0.0338557764784151 0.169095703596974 -0.196645597077897 -0.0430559490186909
-0.184244377834586 0.0731059293344717 -0.203030549912646 -0.218257153207251
-0.0769782954681882 -0.165234006497578 0.00853849475379972 -0.350089504272047
0.141978952121478 -0.131520032387013 0.168927685215824 -0.0577176466925496
0.149212862352691 -0.10602087081361 -0.11924873541325 -0.0214392835752722
-0.0551295652150609 -0.148034965965531 -0.173947676022946 0.239143279422636
-0.134171911136676 0.0246427220320612 0.0121825027341767 0.316200750241363
0.0135492448754605 0.0938892448587524 0.153510489951665 0.2163629294789
0.0441726960306766 0.0192140618215352 0.164821802220282 0.0530395843244219
0.0202524589449587 0.00205507176378035 0.0994745497913488 -0.0197163405462623
0.0119138145611586 -0.0172976735723428 0.0581850087615485 -0.0293005248746346
0.0124607694375043 -0.0320545131722741 0.015243027802872 -0.00905376834569831
0.0449983698231254 -0.0212539965538993 -0.0210863004539777 0.010216114726195
0.0974693470648925 0.0237797094852256 -0.0536470200605931 0.027875704579313
0.0819469901596967 0.109360608232497 -0.0836609358825645 0.0543824022401317
-0.0660393803425817 0.167725296163318 -0.203318656564111 0.00670533768158624
-0.225403429788034 -0.0459836792539468 -0.255324771054471 -0.229680589282999
0.000300053767046822 -0.24444106641041 0.00232719078846737 -0.400465428139166
0.213087474214533 -0.125138523098319 0.142873521908351 -0.0605131138690448
0.117789350288716 -0.0968910811043663 -0.118539866531615 -0.0236626041632334
-0.0490178381752407 -0.0961733959752636 -0.163305712041916 0.191436384198967
-0.0737550493629321 0.04053025519012 -0.0029597590796779 0.312887754336573
0.0417741066312589 0.0471672360226515 0.179793380865243 0.221807581626542
0.0261186646124205 -0.0159242927773933 0.185661735382653 0.0264560255246368
-0.00367080352155997 -0.014055069869946 0.0974876213052543 -0.0441451932268434
-0.000707822786361399 -0.0228274768663393 0.0560585640805709 -0.0355769758215729
0.0109165176087278 -0.0259505549814776 0.021340175145349 -0.0113275465875223
0.0482646947486683 -0.00736501918771861 -0.000110333946440244 0.00573158913231823
0.0783179509829746 0.0508671321294692 -0.0168936829018918 0.0394368590272948
0.0159654925935245 0.118621495010635 -0.0649716641759343 0.100739951929754
-0.134703850285031 0.0905260060231764 -0.252635714468211 0.030768969157809
-0.16381280771682 -0.153026935152514 -0.289547712872791 -0.295829094010052
0.101144163613866 -0.239224761831596 0.0364160297193963 -0.460192226341243
0.231451328360159 -0.081008608475599 0.110293145744521 -0.065460320486212
0.0939938408071996 -0.0752263066873956 -0.124722228617639 -0.025638547849504
-0.0165175266521285 -0.0671948499709225 -0.165192166339432 0.174498389802272
-0.032382677578243 0.0149610902551437 0.00861911883776812 0.318754343985592
0.0275292471833903 0.00925526403291535 0.219493018433818 0.204986164000075
0.00117486364792505 -0.0259480381339159 0.197370173907069 -0.0137113111892247
-0.0140530369714019 -0.0174527924464457 0.0892729141228531 -0.0687939786686749
-0.00292207824693695 -0.019754872606999 0.0492682540948198 -0.0436361318516984
0.00777835056580568 -0.0157765494226402 0.022728274404292 -0.0150037997655117
0.0341829313279052 0.00463225041466504 0.0161648611830562 0.00705981039369636
0.0324025047361993 0.0505413836304427 0.00429954497050805 0.0628802653231263
-0.0380778442364864 0.0713974557082372 -0.0843528870362488 0.137210337167098
-0.115429823623763 -0.0105698880478565 -0.308316777426327 -0.00193315182219961
-0.0386119352620128 -0.167832683471716 -0.267346972064817 -0.389205521782099
0.150222110557465 -0.145204200780487 0.110250029275578 -0.498656210961413
0.175724214050829 -0.0241271944502789 0.0819858639888856 -0.0726303302994143
-0.059774111752451 0.00988690879439724 -0.0507322676949561 -0.0349075785842502
-0.0507751384221998 0.0236671107115561 -0.25182907096191 0.482488926255253
-0.0416454587216766 0.0642607288207259 0.285803683584868 0.515967825717567
0.0232675513783266 0.0600847419586227 0.428562630632761 0.0337408736591677
0.0388268123854409 0.0125633980464868 0.124914791896895 -0.194152085363409
0.0155593789329296 -0.0159896421524459 -0.0371763962904278 -0.0897924086504293
-0.00316894783579792 -0.00733294356978114 -0.0185411193309022 -0.0169031561356047
0.00156778133468423 0.00643207760509408 -0.0200770511543432 0.00504277527205874
0.00995714206454925 0.0175446093142471 -0.0336628387246918 0.0577189357664683
0.0153122881411826 0.015941938804458 -0.0795502505476153 0.10546911550076
0.0137172333967807 0.0143940246449913 -0.176896580002433 0.0870857662492652
0.00988243408792621 0.00451801874583921 -0.262320187692139 -0.110334521408954
0.0383522637119867 0.0217100953607899 -0.119754397277224 -0.299555529467733
0.00918652158857851 0.0756865150047188 0.0853052734011416 -0.261870812982512
-0.0745305483255338 0.0700134522883893 0.146957591219012 -0.039562893623591
0.0560782045531004 -0.0306867249081874 -0.0585548710648557 -0.0348686426943882
0.00372025385601415 -0.0887380960855754 -0.28360319561292 0.471542138782728
-0.105541232593688 -0.0219041200371092 0.229999381764151 0.538322513091749
-0.0573866294465461 0.0942000933553771 0.408108947434555 0.0922491435515019
0.0317732119504389 0.0728228865671765 0.152067075354412 -0.155300500845254
0.049562349662179 0.0154313561692327 -0.0108655982984654 -0.0914256060755248
0.0266114292986942 -0.0068090344432714 -0.0100211829050549 -0.0279904905116393
0.00634188626383954 -0.00856854308423384 -0.0171771308985934 0.0030072613963051
-0.00114835318612485 0.00215146060167679 -0.0333783305309793 0.057565117874243
0.00815038854134625 -0.00198773922565361 -0.0818051606087553 0.109328834665688
0.0342249129619622 -0.00991697008738104 -0.176527075850731 0.100626802292663
0.0629511834997536 0.0160114641054567 -0.273530266282576 -0.0829898315202368
0.0331593830247891 0.0799192619437108 -0.151850551793625 -0.281488517846334
-0.0323592124125491 0.0677822205815516 0.0582935005406868 -0.284942910036234
-0.0581796192832098 0.0188120515098267 0.166918914691046 -0.0549222824010724
0.14553546957741 -0.0702662251671046 -0.0915552595409109 -0.0241592046067273
0.0276881074068458 -0.179876546902423 -0.271434265001713 0.464784904522701
-0.160233646668223 -0.0773313797878765 0.201647595512276 0.503385744626547
-0.106345286198856 0.118072421736745 0.349983218189045 0.118657908534562
0.0277553383400978 0.106848056556917 0.154629956487992 -0.0943416590460632
0.0665453470595515 0.0372571224372931 0.0243309173388912 -0.0698250550629901
0.0440671186582057 -0.00491262224574529 0.0116875188754842 -0.0349195538563402
0.00897920113289607 -0.020420815110626 -0.0136618137524197 -0.000861075819631096
-0.00599892914309056 -0.0164714339617332 -0.0391341982448692 0.0548988331691216
0.0139882049702217 -0.022873067599666 -0.0900605942521283 0.102043512182386
0.0640364620954757 -0.0258549536896267 -0.177826772102388 0.0943333065607135
0.106552805469982 0.0448685457170515 -0.26985757106814 -0.0679208733135833
0.00354895733210531 0.129760239295988 -0.179105358128558 -0.257571397698487
-0.0766233869985902 0.0323708639517896 0.0236997444191001 -0.31130908314348
-0.0230263534317 -0.0448568578176321 0.182718827402137 -0.0727096644707245
0.18126129702793 -0.110233541705442 -0.12249333086782 -0.00551488169497721
-0.00321239683241095 -0.22607343840466 -0.221348398122371 0.432185926429751
-0.200016755875531 -0.0663287500185837 0.171085834574506 0.42948668421281
-0.0960438273903599 0.138125378009903 0.27587401834308 0.135643803918999
0.0394798457057696 0.103847574619722 0.151487019230632 -0.0285522011364324
0.0681803046648175 0.0362557646416042 0.0615494750698374 -0.0434282807412435
0.0449169861303778 -0.00776235590606853 0.0335572109146039 -0.0383414068625338
0.00784603186999396 -0.030460514322635 -0.00596510735656602 -0.00304047803865734
0.00293430806988699 -0.0309179817483887 -0.0415435069575197 0.0467322067995696
0.0441709611151201 -0.0340967717567854 -0.0966748344872382 0.0827487321102294
0.102720386047205 -0.0134902764680837 -0.166046159645521 0.0737202754109299
0.11639907719858 0.103548495587375 -0.247570389691619 -0.0550396295184969
-0.0731037442905396 0.152182447843934 -0.20782748003257 -0.227592098807653
-0.112258301551909 -0.0446946442733255 -0.0152474896218018 -0.335857989201991
0.0391478673037052 -0.111715144052089 0.187716805984886 -0.0854682639210496
0.172603489295981 -0.136856783608629 -0.136609681033206 0.0102368015687773
-0.0576001274906522 -0.209380852293783 -0.169639073091155 0.365736159614024
-0.195773254422043 -0.00633812936548879 0.12228934222536 0.361371020079789
-0.0377216376197637 0.135355708063995 0.217050965883829 0.168243983055841
0.0518679574261237 0.0665628473362602 0.163060566417707 0.0177518718622157
0.0508184079521127 0.0194332677112652 0.0893202945344948 -0.0303202099774707
0.0287545335906426 -0.0128943046959553 0.051355367398548 -0.0382178345377493
0.00633708147199778 -0.0355847880018432 0.00452165470307739 -0.0092242257444571
0.0213075780558282 -0.0371195800092196 -0.0347440165936556 0.0315038490507061
0.0833923478381238 -0.0245748505761782 -0.0853719078154821 0.0556093812536632
0.127428472815909 0.0371628957082755 -0.130384278533973 0.0570252910522887
0.0630738606700638 0.169355180391522 -0.215915879099993 -0.0196205182049459
-0.178646305834506 0.110007120247627 -0.245604405542828 -0.197468544232149
-0.110554794200803 -0.155358401481905 -0.048314254605159 -0.369736355693311
0.120487700711045 -0.159618902585359 0.172381539036172 -0.0897845024591456
0.138644848024141 -0.142104353377684 -0.137065359018143 0.0144153268079623
-0.0843296508772329 -0.150547449688873 -0.142370830153155 0.288812083030007
-0.139630116054911 0.0467902030556901 0.071830930460788 0.330538516548786
0.0254219205781211 0.0960712095750987 0.203583609937192 0.198315175729431
0.047969863225864 0.015456095377231 0.185592924801864 0.0256504803134341
0.0212844292400285 -0.000288610134039513 0.101258371324966 -0.0386693469898863
0.00853164510570496 -0.0205243148167777 0.0564138822832419 -0.0431534953679474
0.0057130677588194 -0.0346935245106963 0.013751464227954 -0.0126448733244102
0.0408465266602096 -0.0310673269879961 -0.0203501246086122 0.0150700612333035
0.105308455443114 0.00691695156206931 -0.0527254031161014 0.0385784214008082
0.103149184314777 0.0976470854708539 -0.0814194434194325 0.0692606186763326
-0.0405542510913357 0.185937390793506 -0.211197681175648 0.033746344242106
-0.240824956822972 -0.00588020800155791 -0.30413061428118 -0.198780602385947
-0.0422957105182887 -0.249712579763378 -0.0663972351655758 -0.423435807660438
0.195913145651575 -0.165011147029517 0.145690553455939 -0.0893993831438433
0.106713961878753 -0.126313854605001 -0.135281705731548 0.00967182016512929
-0.0692691083712037 -0.0964912326530433 -0.140582375655859 0.235744609260136
-0.0734241603308425 0.0536093528461458 0.0530159764972404 0.332009607494186
0.0476897113966548 0.0434430332213603 0.231542453431212 0.20102057569764
0.023935323984814 -0.0179760758237971 0.202183080438586 -0.00679137547107388
-0.00575535739352037 -0.013190670142504 0.0966023810184734 -0.0638435397469136
-0.00537853149347089 -0.02419898578534 0.0527083842401104 -0.0480217074661929
0.00446635657130283 -0.0286194082627565 0.0199811447676691 -0.0169072896555695
0.0479724735059763 -0.0167053692551634 -0.000169645636095457 0.005553053372479
0.0897582757377636 0.0377669127424462 -0.0121698589034887 0.0430129372518456
0.0364199363639111 0.119403436717753 -0.0535271981518565 0.113287193144328
-0.123083028634546 0.11576402273178 -0.257551655101861 0.0694574232382958
-0.195518802498191 -0.128576599083634 -0.352981846179977 -0.262501689489384
0.0642971096640931 -0.259360473760605 -0.0391194867117959 -0.494181755205627
0.223413189507882 -0.121227339301531 0.111011808833333 -0.0889760453478388
0.0858578785416824 -0.0978071687405422 -0.142947811385238 0.00528266122391764
-0.0304927377070207 -0.0731070661788626 -0.146347023633332 0.219707198487709
-0.0334000862516709 0.0196953984410773 0.0668133497169932 0.339349360723294
0.0271258239804781 0.0054919445521399 0.270372578757674 0.175713537561676
-0.00276869289983116 -0.0241005371205844 0.208649895927353 -0.0518149781109773
-0.0184464307804969 -0.0150587266904221 0.0845777078554268 -0.0879730216661319
-0.00679433188412454 -0.0213866867367168 0.0442971044589463 -0.0559456543759601
0.00477679089150427 -0.0186618941407213 0.0205709107331294 -0.0207038206642481
0.0350797437803195 -0.00231651494903366 0.0168808104679482 0.00436846338102586
0.0426427029378104 0.0459078024037236 0.0143903342798453 0.065002112958501
-0.026894261080458 0.0788000744180838 -0.064303454687965 0.154453211295822
-0.120024630323737 0.00686236004656489 -0.322636428930726 0.0473897042677499
-0.0678549157753103 -0.16613312492081 -0.3439500805958 -0.365835117675272
0.130204086470886 -0.170278975342164 0.0346717265608492 -0.545163741144372
0.175862626581934 -0.0514847211196142 0.0818236530724861 -0.091878465789688
-0.0617703101218901 0.016509717410904 -0.0610312008529061 -0.0317332876123381
-0.0484383607476951 0.0288568935360628 -0.218050850029368 0.517242186097548
-0.0357501394441591 0.0683218965835605 0.334227760284815 0.50455043757126
0.0280586763125189 0.0582092857998334 0.440853734962666 -0.00117615861605598
0.0398661528126209 0.00875474241053656 0.110616239768199 -0.208142942122262
0.0143118315872304 -0.0182085679736965 -0.0434760850005476 -0.0861674246086919
-0.00435449600444272 -0.00623898326731751 -0.0180648284379511 -0.0154709804498104
0.00121098414219062 0.00640294063736449 -0.0189972593705182 0.0057852097989321
0.0121709434084721 0.0177768166760033 -0.0268350708776129 0.0605381913622956
0.0180206985944493 0.0156542685759189 -0.0699982593332624 0.114778671523101
0.0145548277966149 0.0124753419785027 -0.172031405862828 0.105145783129261
0.00923349415790058 0.00326881123206506 -0.280393171007396 -0.0915635932068088
0.041846983948 0.0185602978474479 -0.148913393017163 -0.300030381037478
0.0172830771249628 0.0771033459885672 0.0668811539751973 -0.279187128577811
-0.0697713063437838 0.0779664458535278 0.14904558684502 -0.056653206918813
0.053664033270374 -0.0357910604737945 -0.068183164512391 -0.0321520451187005
-0.00456859459265719 -0.0907722975717237 -0.252426808065269 0.50783608689841
-0.109659977434317 -0.0129740944357849 0.278612240105385 0.529389929200251
-0.0503941980375579 0.100953661644494 0.424150980358083 0.0606875289832147
0.0390153091732978 0.070865583032426 0.141685836289089 -0.170424966135873
0.0508556922847461 0.010402310906548 -0.0173761499987529 -0.0903559988665514
0.0257322837036294 -0.00936086679836953 -0.0121371386313894 -0.0274933632112169
0.00437619088001441 -0.00844837042569652 -0.0165170348550299 0.00448916668995999
-0.00141272831575018 0.00242325833462213 -0.0274626690032342 0.061638188540736
0.00815060472446526 -0.0021204263403443 -0.0714762916581052 0.119695177120762
0.0329206830325145 -0.0138043096711465 -0.171390054088926 0.120139627354098
0.0645457986329835 0.00981115571185203 -0.2885709725833 -0.0614028170300321
0.0422297237924162 0.0782840944876042 -0.180788672273665 -0.277741365023751
-0.0271429315334458 0.0723860312387649 0.0360571503996683 -0.300651893185029
-0.0586485434715635 0.0248617758439329 0.168460565420736 -0.0736730709427792
0.140464720946121 -0.0833424643849938 -0.0995316161857123 -0.0175242801567352
0.010620662772432 -0.185636544367487 -0.241064753593866 0.498350534260896
-0.170510870719013 -0.0630840731178048 0.246831135431381 0.497451912639662
-0.0963837201743314 0.130300615551243 0.367822959646925 0.0924282779610497
0.038073042005306 0.106372772980467 0.151590808048321 -0.107735356652742
0.0706548014537467 0.0299160441444647 0.0207495305944543 -0.0712607728927609
0.0433382434857331 -0.00958404220711607 0.00880227785735264 -0.0367134386494136
0.0055407488678864 -0.021191769249696 -0.0128988081799576 -0.000378787251210756
-0.00861013767852841 -0.0161845374779117 -0.0320491047353857 0.0588447736863083
0.0122948611223781 -0.0241555820200784 -0.082077721694104 0.113596152496757
0.0621103448133011 -0.0324554499740025 -0.173578688160339 0.11396164315178
0.111890246214813 0.0350820493166539 -0.284288261650529 -0.0474573309944818
0.0162897314976706 0.132616724399478 -0.206059479417085 -0.250147480998643
-0.0757765265731286 0.0417653566447291 -0.00248072428129095 -0.32300654422878
-0.0291585044639169 -0.0433436162823634 0.182975728739151 -0.0930797314754924
0.173524852969917 -0.128848200250882 -0.130028145537207 0.00376510037832262
-0.0271053341586671 -0.228304809090873 -0.191826991322644 0.461981658380512
-0.209568653406323 -0.0479942033886154 0.210069504415228 0.42591030128873
-0.0837299367573936 0.149445195987332 0.292534773922285 0.117557123386865
0.0495816358662424 0.101744657402633 0.155161293329329 -0.0419443892698522
0.0717466791457174 0.0300400892728764 0.0609144522542232 -0.0476587183254737
0.0426530750992404 -0.0117865646987251 0.0315148312499637 -0.0412285442793031
0.00379798072127235 -0.0313384026659942 -0.00869698533504608 -0.00539372368803529
-0.00282489195309666 -0.0307038777909878 -0.0363760653338029 0.0505272606840857
0.0398250108080198 -0.0381412753567887 -0.0901552094829852 0.0948347936610533
0.102734081097179 -0.0223506184733722 -0.163851668562707 0.089192345838055
0.127015294251319 0.0933074547091639 -0.259765285873413 -0.0352378771228191
-0.0584259020208086 0.162250637742649 -0.229886833618013 -0.216520654766639
-0.120633926223566 -0.0335605960201469 -0.0422644890035654 -0.344002400194046
0.0262753628577472 -0.117549570651746 0.184495216725584 -0.104950489900443
0.159754087858079 -0.154573630854138 -0.141255040556664 0.0216445970820806
-0.0798752869588359 -0.205440464897024 -0.14552973086278 0.389543567589198
-0.199409220935142 0.0138901537111629 0.151969996941026 0.359978048685845
-0.0249567015696102 0.140354043314426 0.23684414912263 0.154777696690122
0.0588898563410111 0.0616444057739393 0.171850339264732 0.00300080181468646
0.05343825716136 0.0151576262633132 0.0908968725954912 -0.0376928201232734
0.0278125341554752 -0.0163792938517726 0.048163026044813 -0.0446599434368451
0.00139330483055734 -0.0360679968691563 0.00257142633701536 -0.00858798223207008
0.0167656709963558 -0.0399465339859095 -0.0338060920532751 0.0357003773485875
0.0826441968309892 -0.0332560120647268 -0.0819853696851413 0.0677219383983554
0.132782961444604 0.0249475438317048 -0.129318059719862 0.0701450733845825
0.0805419171965935 0.167536593981375 -0.224910620054364 -0.00364643366554688
-0.171119694053272 0.129504639949555 -0.266158236209472 -0.182255696514019
-0.127598722763277 -0.145994087070964 -0.0788641709686131 -0.375733401388564
0.107503451421922 -0.173695225026261 0.172166476348661 -0.110248151397653
0.126292692113353 -0.156401857051622 -0.14137572647042 0.0261207348183946
-0.101005552315178 -0.144648777186304 -0.124031991587581 0.308703853576131
-0.137643439650829 0.0614138044460595 0.099684330803746 0.333827054245078
0.0338947343950012 0.0943344898044036 0.229497090483785 0.188224081945918
0.0500854320040041 0.0117477254329465 0.194952803479903 0.00726431862818187
0.0215547382242969 -0.0023944878191499 0.101257281858659 -0.0499397603752289
0.00548785229234511 -0.0222440259834056 0.053114523779437 -0.049914682456489
0.000180148397338844 -0.0351626322432175 0.012103476399009 -0.0152273406929463
0.0372394832691289 -0.0363608871558644 -0.0200624302327061 0.0172313222730348
0.108041168848782 -0.00522060429581192 -0.0511597445913585 0.0456652094686372
0.114681385357208 0.0895350775195292 -0.0774944421718498 0.0769772790759011
-0.0224493310720195 0.192629473372862 -0.213860447455377 0.0492638472226186
-0.245517650159274 0.017783223840865 -0.324813300409421 -0.178375528730998
-0.0684253987734571 -0.248155084354976 -0.102057055511152 -0.428738493538398
0.183006027473877 -0.184581182186423 0.14458902274353 -0.106595443010096
0.0957178256022601 -0.137939383037965 -0.140980610551817 0.0213866209541067
-0.0814407881094263 -0.0918948044846239 -0.126347265672638 0.255990889803493
-0.0698625296658063 0.0620262721180485 0.0840606680179692 0.337682966517085
0.0524405129855275 0.0387991883875899 0.259372564058283 0.187173146771628
0.0221311354363723 -0.0199986425703881 0.209545083339619 -0.0269503260759294
-0.00662672354746284 -0.0135065525473322 0.0942083175121318 -0.0741597012567308
-0.00858246590320127 -0.0244124081006501 0.0488521789595327 -0.0556948342698708
0.000835202446888095 -0.0295313188111392 0.0173772924778279 -0.018838874865034
0.0462040689359269 -0.0227655645980091 -0.000923183320380788 0.00574617634962652
0.0957308092414491 0.0289288647647319 -0.0087863922079015 0.046156573774802
0.0490840432147139 0.117757944802013 -0.0446343923282548 0.119028080770488
-0.113705000384849 0.130544460853883 -0.256538944882258 0.090240948274074
-0.210559266958684 -0.111532745549196 -0.377836688945517 -0.238625543489212
0.0384740744818957 -0.26934657222905 -0.0799850766421155 -0.500303637384869
0.214748487183698 -0.143368593126913 0.11017330316298 -0.103202093738584
0.0773181375957021 -0.107997282226401 -0.149377207476028 0.0192341911972836
-0.039288718506097 -0.0709007751400073 -0.133288112767974 0.239998289331935
-0.032560496390807 0.0233985404847362 0.0989104856106781 0.345352172121079
0.0270272648520001 0.00323906692248337 0.297641152875249 0.157157354143183
-0.0061248458681645 -0.023371523011975 0.211290058569326 -0.0734433465334735
-0.0191534695294976 -0.0135310496337444 0.0790042169174378 -0.0990078667892458
-0.00950905138550087 -0.0206857263655079 0.0395096060902173 -0.0611276627949881
0.000818911056443409 -0.0192033939417729 0.0179557395381316 -0.022670384612484
0.0351717743402067 -0.00637356521848817 0.0157442393150099 0.00235319353177313
0.0482923766847532 0.0409852871375172 0.0199031712843903 0.0637935357783004
-0.0188580101013572 0.0834757023958047 -0.0525527054429952 0.16223022883234
-0.120754985889426 0.0199588869024563 -0.323530168615937 0.0731223640413968
-0.0839368610130639 -0.160511167270583 -0.378348783242756 -0.343993417044409
0.115430018065409 -0.185197631446402 -0.0109159173624094 -0.5600949284716
0.173201975522288 -0.0692824704854249 0.0793325839594208 -0.101928500141183
-0.0590381967160137 0.0217171495748228 -0.0685277683782521 -0.0261303220053556
-0.0435348857010215 0.0319852750257225 -0.175699149428448 0.519740477756093
-0.0293369759556497 0.0682489866183357 0.359029087426898 0.462239988783742
0.0314311129747587 0.0532973552963219 0.426272230991895 -0.0332565696385913
0.0387023423893899 0.00509018639329588 0.0912065877248552 -0.208664366796551
0.0106563646963354 -0.0188426235177238 -0.0455623237413917 -0.0780952752809817
-0.00540019518901957 -0.00585350666328414 -0.0165816499850399 -0.0151282374400842
0.00098200668876665 0.00672845084094975 -0.0169546766306892 0.00687924756344485
0.0127098185658628 0.0156978353304106 -0.0205458089224678 0.0596458845020285
0.0187012885925727 0.0138108654564886 -0.0564730616101225 0.116918951559786
0.014184927616963 0.0117141560722208 -0.157574029825798 0.115488840153133
0.00888914102162999 0.00218002403966791 -0.282801233207523 -0.0675475288843715
0.0423568070516902 0.014194949864373 -0.167951525532339 -0.281486635512613
0.0234033358849588 0.0738025396822224 0.0449229825324479 -0.278662368265062
-0.0626320123959863 0.0819603588597675 0.143060464554393 -0.0702554247962475
0.0481315644312406 -0.0381058999810474 -0.0741193239420668 -0.026161144889533
-0.0126421485255596 -0.0863891708994457 -0.210529851891283 0.513010921045255
-0.106706179616494 -0.00370460900908172 0.308855477105546 0.49307162502566
-0.0404427858052967 0.100927076500279 0.415205922222683 0.0281906798777479
0.0438085096572913 0.0654245983202081 0.125002194187422 -0.175616299496497
0.0495356759411011 0.00471642562593883 -0.0215084341728501 -0.0839166099551253
0.0229611842914353 -0.0105557424285237 -0.012009892064325 -0.0262156720681783
0.00229379862809038 -0.00701353710783537 -0.0153415296801057 0.00436378630982852
-0.00171307684986715 0.00314119604307198 -0.0206170309683422 0.0602768543553325
0.00783318669028841 -0.00269613145177707 -0.0582036272310802 0.122030884069724
0.0299195987290147 -0.0151851172746368 -0.1551024967718 0.131281575444183
0.0626714382366626 0.00352599028699556 -0.287954748531036 -0.0374816099316598
0.0474687801225226 0.0712632208764526 -0.19741271384712 -0.258485250912664
-0.0198362855558387 0.0723102126458742 0.0119750435533026 -0.298306469019768
-0.0562386056246606 0.029205626229773 0.160416955524954 -0.08813325190899
0.127332934301793 -0.0915320210887921 -0.101886477355383 -0.00966382530684523
-0.00473322299758998 -0.179716894864014 -0.198532271900911 0.503155405224954
-0.169451326305917 -0.0461996963825258 0.272875090836329 0.463372834757668
-0.0817204302481833 0.133219880830436 0.362369670035791 0.0624939671896085
0.0452797697404366 0.0987950138707601 0.138851343983249 -0.117031764439961
0.0701381807756876 0.0226012689394312 0.0159509911151186 -0.0701299393095994
0.0401578954392548 -0.0131319043492351 0.00600015548823131 -0.0371285688940449
0.00143654850330893 -0.0188493155239283 -0.0123146287738155 0.000544825190189534
-0.00979858664040076 -0.0139426459120786 -0.025810115796902 0.059175010955308
0.0103945579194499 -0.0241742974063913 -0.068729124184852 0.117222406008862
0.0565220994490023 -0.035169099292706 -0.158595891060004 0.126191225263548
0.110225876226411 0.0233472906082231 -0.282641637661831 -0.0243384138615731
0.0273832688201456 0.12670998535669 -0.220021402520099 -0.23126543615052
-0.0696449414633937 0.0474837461399392 -0.0249235660168757 -0.315941454182237
-0.0336272497488557 -0.0393036082631936 0.172126544964749 -0.107759217680801
0.154273444167532 -0.137893603610769 -0.12934224665769 0.0141901271024665
-0.0435595001880564 -0.218004054230602 -0.154783408776869 0.463671732960445
-0.207734196312785 -0.0286750519771949 0.233514198949737 0.396212627128286
-0.0692306789825976 0.151172404135505 0.292262773401709 0.0935983667061498
0.0567629842462791 0.0937125334084104 0.148360448361909 -0.0534067558191269
0.0702491294836224 0.0223649691981179 0.0560234294943476 -0.0515452723512534
0.0391656626854576 -0.014006413405719 0.0264809752587726 -0.0430786559963458
-0.000382493987594268 -0.0267841572520028 -0.00808513896111666 -0.00487524415894958
-0.00582155177076816 -0.0294469449966042 -0.0311762419684847 0.0525386532838777
0.0350517738068848 -0.0427020040171042 -0.0791638134400329 0.100409096186274
0.0977747179550235 -0.0306357814699435 -0.152535483405219 0.102008650102412
0.130264564279863 0.0791704823593151 -0.25842589948714 -0.0151811777842823
-0.0447856213541676 0.161721477036082 -0.241712468064271 -0.197022679205426
-0.121831058719039 -0.0211262038697021 -0.0658954908440701 -0.334070598066406
0.0160164301704222 -0.115165501024421 0.173338217773444 -0.119853882028277
0.141031825034779 -0.161571777168133 -0.13759638699838 0.0292739474085897
-0.0935398061569796 -0.19086620755239 -0.114022531749079 0.387993512828754
-0.191739377204195 0.0289731378763305 0.171901430084147 0.34002194235188
-0.0133596095530102 0.136743807881298 0.242658324950747 0.136549192650164
0.0623523135250308 0.0536895666877586 0.168830539993858 -0.0121699066967755
0.0533542937614209 0.00868299504517575 0.0858462994540425 -0.0447324928015062
0.0230249829759007 -0.0186475608016975 0.0422285690459318 -0.0490988173590752
-0.00450911812691584 -0.0341338929892786 0.00226247375167522 -0.0102316056304615
0.0123605508586752 -0.0391477605868612 -0.0305743915070651 0.0379219015057314
0.0756908861366182 -0.0403059163299393 -0.0728783914988491 0.0723489075730662
0.130074917548993 0.01274491701106 -0.120456663385824 0.0787812501860836
0.091641492391271 0.154208352746244 -0.220273376642688 0.0108192388158499
-0.153767875886787 0.141333253256918 -0.270527836654016 -0.159895559773897
-0.137125070350086 -0.129976813492113 -0.104938814902367 -0.35960531466587
0.0882226506256947 -0.177073859825312 0.160565327823691 -0.121343912187715
0.108966179932075 -0.161434358543735 -0.138331006172629 0.0357472445402747
-0.111084228654494 -0.130632242404971 -0.0995915764221268 0.309267632398219
-0.128198997087868 0.0718448177008345 0.121727928536719 0.319361955210099
0.0407227257144331 0.0877165674862899 0.240969311747199 0.166931727328508
0.0489729407838941 0.00721217536041408 0.191314149816715 -0.00968885130776678
0.0217919089141295 -0.00515343662300685 0.0956243752369804 -0.0567125832570945
0.00215618212621009 -0.02170486091928 0.045695802972692 -0.0527009873032448
-0.0040891865291115 -0.0335210435222287 0.00972629267617841 -0.0163022835816177
0.0322464097021905 -0.0382589569363741 -0.01868835224428 0.0185675726419814
0.104057094594082 -0.0152140602280735 -0.0455720852704106 0.0492279561765565
0.118977875426814 0.0760536202169275 -0.0706083192891397 0.0812414196108863
-0.00566412410249209 0.18848609968347 -0.204561326227693 0.0613936707330976
-0.234924120986452 0.0394498405336295 -0.325602274322352 -0.150674582716118
-0.0884592679316426 -0.233019379516239 -0.127827024829498 -0.409383696096032
0.161396889912819 -0.193939206128074 0.134658185674942 -0.116318077761807
0.0799502059025804 -0.141773183253494 -0.138987250340423 0.032234808438953
-0.0871584647223801 -0.0816340233029384 -0.105153634849293 0.259902974903112
-0.062210124793946 0.0660834024191672 0.106656725134756 0.324708617554858
0.0534002468791597 0.0320011710987042 0.270562451915613 0.162501913072835
0.0198171563457853 -0.0217392289125346 0.202257896047592 -0.0444208211039568
-0.0066278316746214 -0.0122627249547094 0.0855727271318112 -0.0803004564729109
-0.0116721026362872 -0.0229338127130446 0.042475744660483 -0.058401292509637
-0.00305758081215229 -0.0265407036620545 0.0143622605400236 -0.0196980715685326
0.0414279150586472 -0.0264324518442042 -0.00131254183478115 0.00467407117073342
0.0951018584773704 0.0183352432803667 -0.00539063697623584 0.045265551993728
0.0583661499343255 0.10984303085365 -0.0347262394199144 0.118081795215634
-0.0988851488717954 0.135882304087592 -0.241815229283059 0.104288868452202
-0.211454208512756 -0.0884358214519741 -0.382488744307165 -0.203175195415527
0.0140437963480455 -0.261326816046176 -0.111795792009792 -0.480760707993878
0.194813895335501 -0.15706011781508 0.102554144963767 -0.111499019017645
0.0648572905630516 -0.110352387402583 -0.147453039031837 0.0324170990341598
-0.0443841427937694 -0.0647237635573404 -0.111197699929771 0.246718818025779
-0.028499599485687 0.0266922614230672 0.125160537320323 0.330304634801546
0.0265241562400002 0.000273605208143537 0.30597275558589 0.130065020146151
-0.00768537808493059 -0.0226250170669352 0.199974449306814 -0.0908101806946829
-0.0183201218994013 -0.0113316026318879 0.0693228969708238 -0.105043387261828
-0.0110064373811873 -0.0195187443498463 0.0334341580845594 -0.0630540186901352
-0.000971667801834146 -0.0179291023126232 0.0137844328962683 -0.0230831881911604
0.031942484822789 -0.0107071645282517 0.0132819149151765 0.00133072833209441
0.0507591389312648 0.0348636523759635 0.0232448937069373 0.0598873020851716
-0.0103701182574735 0.0831862799578947 -0.0380733493689612 0.158134152296131
-0.114999462818408 0.0282361312878371 -0.307763692994125 0.0925151564989833
-0.092759258109524 -0.147700517710526 -0.38960479170811 -0.307451679200697
0.0955926200988285 -0.186902322926932 -0.0482296474381419 -0.543521678707146
0.161945665211766 -0.0813715629255925 0.0734270331726159 -0.10730023450331
-0.0544455626723262 0.0227453531430977 -0.0704946940993415 -0.0221253597550503
-0.0398019565124868 0.0311115013608836 -0.151668517882796 0.498546803462795
-0.0247015768491325 0.0639241415685925 0.354234429055414 0.424926747199591
0.0310208063067788 0.0481944753084839 0.401804106655498 -0.0448821276826162
0.0358651779388256 0.00292874154953545 0.0788517709750318 -0.19870050518122
0.00842315359804606 -0.0176956379419142 -0.0430731006903296 -0.0709000941156127
-0.00588596800641406 -0.00432599469742909 -0.0153639633712922 -0.0148837197078065
0.00118632904073354 0.00663070209033087 -0.0159526848776632 0.00523627492339057
0.0127260943049758 0.0146805706367576 -0.0139826492122266 0.0545050574183039
0.0188102165716081 0.0126175245117714 -0.0479684481642629 0.112727838252413
0.0134636343288003 0.0113540946889654 -0.143429382095855 0.114856657118497
0.00774472377662228 0.00201677117128156 -0.27175783653119 -0.0541270123990229
0.0412167706464948 0.0112421798787306 -0.169093060828142 -0.26340482735845
0.0256643523230659 0.0684855104731169 0.0343919038417357 -0.26933338328242
-0.0571819985722671 0.0809271131071522 0.135897049953031 -0.0748678018799993
0.0429780007893212 -0.0374860156080464 -0.0760443756458246 -0.0218484935392355
-0.0147031664030248 -0.0814804793137794 -0.182865212061101 0.492381407195417
-0.100879479825501 0.0002245300385129 0.305118628269691 0.455442876175565
-0.0338686057811261 0.0965874466206182 0.392355405258026 0.0125195746761687
0.0423848744522225 0.0600138250278427 0.112698889185911 -0.169243769534402
0.0455487242821603 0.00209390830792582 -0.021581474216416 -0.077007024341696
0.0199557704818515 -0.0107432193674391 -0.0101798134822558 -0.0239099356292201
0.000683676493958373 -0.00522642122031115 -0.0144454754078204 0.00440047981566508
-0.00201395059826352 0.00335047657186705 -0.016314249442933 0.0569477450506996
0.00795181189610791 -0.00247358889089939 -0.0487245414929249 0.117758931904508
0.0267099492378825 -0.0146752564867458 -0.141625047736617 0.130197679103733
0.0579095154144548 0.000423495191024571 -0.276818674009435 -0.0257957914667841
0.0486951232718356 0.0652956460026491 -0.196478253800118 -0.240772437948584
-0.0160070933009778 0.0689357930846382 0.00286695343542526 -0.284605271315976
-0.0528405765113205 0.0299702093405428 0.151255170945237 -0.0915672908461745
0.115710224800719 -0.0914993283722938 -0.101258366197653 -0.00636756013179238
-0.0128310669911184 -0.168168934127915 -0.173007458379849 0.481998943657674
-0.161524018463382 -0.0370832742955263 0.273407137885885 0.429157999888242
-0.071451451617524 0.128446602365046 0.344596304374777 0.0483687454410809
0.0455279179224054 0.090633780936573 0.12883058083124 -0.114840898524959
0.0657934981244647 0.016662921654294 0.0146541366828555 -0.066339279916813
0.035476463438752 -0.0145328894477676 0.0042170524926696 -0.0351188088250716
-2.33266360582962E-06 -0.0163074535846732 -0.0125585112259182 0.00050946816200624
-0.0108747321378016 -0.0111829443673033 -0.0218704127227655 0.0575048544351647
0.0091643822309527 -0.0231757773781886 -0.0589338266283065 0.114346276303617
0.0514018928917298 -0.0354243103446237 -0.144248799233458 0.124851383761877
0.103300698744087 0.0167090647452465 -0.270495463624966 -0.0134846969929043
0.0312961781460546 0.117778091026493 -0.216959141536003 -0.214384113506555
-0.0652697681335534 0.0485640405536984 -0.0344812577507526 -0.300199836956261
-0.0345949796809247 -0.0351126128111695 0.162317780305785 -0.110539044728744
0.140962143405789 -0.134890046220659 -0.123570313821134 0.0164884815176799
-0.0501814485724296 -0.203740231751689 -0.131696590862682 0.443038120390297
-0.196544000211012 -0.0197594536614802 0.229581071083203 0.369736153457089
-0.0586248451728009 0.146542259768653 0.281430343415985 0.0797449116100868
0.0564450957383986 0.0858990719084486 0.140501356753342 -0.056591728387254
0.0686420773681398 0.0164349351565451 0.052720831229496 -0.0500249653182156
0.036139774698309 -0.0169449586589978 0.023850599900329 -0.0409864603176003
-0.00307567961623274 -0.0257512930649659 -0.00812110981165814 -0.00505692671904891
-0.00807454864089872 -0.0265695020622901 -0.0253112895836293 0.0503706479957306
0.0336618094624103 -0.0392056610916028 -0.0682889640795347 0.099206233102291
0.0902376669253726 -0.0334085013850632 -0.138734928404425 0.104050352233444
0.126453608680231 0.0690594139812747 -0.245612611059224 -0.0064665424932315
-0.0341761069870852 0.154917106340484 -0.232325179519955 -0.182502414557209
-0.115755007783069 -0.0143672133012633 -0.0717793939578222 -0.314425474699649
0.00937657049233526 -0.109110764928679 0.162039095258979 -0.122704274254452
0.125641255957569 -0.157688967417553 -0.135117059275012 0.0337632569905955
-0.0971767169849164 -0.17688311234658 -0.098578963685757 0.37396839892387
-0.179312341624852 0.0358153309082605 0.172368631355516 0.31634036576952
-0.00672963296560639 0.129227500316508 0.237206977271329 0.120795703013589
0.0606412394075885 0.0490740273726002 0.161149232020617 -0.0181413873724163
0.0495172171216369 0.00555462798415162 0.0801742102225108 -0.045834621650837
0.0198208440198073 -0.01835471407613 0.0368456888688973 -0.0468941131459733
-0.0073210334793001 -0.0298509324183086 0.00107995397522977 -0.00987673510193144
0.00691543159274508 -0.0368535261512198 -0.0260925893406135 0.0371481992064051
0.0693553973650255 -0.0428816660951504 -0.0662929269658275 0.0734406886232727
0.122977189838727 0.00703330864286542 -0.110849211029448 0.0813479378716004
0.0921416278489743 0.141424305146672 -0.210162566555389 0.0166623647253662
-0.13827946219773 0.139872837347111 -0.260226953184914 -0.145388959698964
-0.135611809953597 -0.115430359955018 -0.108471009146916 -0.337977495693384
0.0747492521727381 -0.170685452612386 0.150355262033407 -0.12368533374526
0.0956136744977947 -0.155300445973494 -0.132534546159618 0.0384788019584566
-0.110538615690396 -0.118489934559894 -0.0873516225370106 0.296483000571367
-0.117740033102253 0.0730188127186233 0.124036224313835 0.301060440046219
0.0406408614625491 0.0805765355629939 0.235732112399972 0.151230784169284
0.0464154309197462 0.00457747741806341 0.182557481646395 -0.0181510971272849
0.0205605492330144 -0.00634909057895886 0.0880710872146793 -0.0579108379513596
-0.000233756087061545 -0.0197753004842439 0.0409254401695111 -0.0529158667607524
-0.00764793986181299 -0.0294205009752048 0.00772371177594084 -0.0150642890352195
0.0263728329754229 -0.0379814927643229 -0.017171991703317 0.0196049206002627
0.096555113322464 -0.0207027908598129 -0.0410714417935845 0.0500615579220267
0.115791845354642 0.0659734232428625 -0.0641673038695801 0.0797258630798977
0.00275076205884509 0.177541451097569 -0.192009901926385 0.0632128676406045
-0.219176783078851 0.0479316929768413 -0.310760409379206 -0.133866487824242
-0.0922330708450428 -0.213541464602946 -0.1328127397497 -0.384655370858917
0.143125234753098 -0.189592235128803 0.12534124275568 -0.116957092386291
0.069720380386035 -0.135644779135595 -0.13334087504137 0.0366102361173614
-0.0864040846977126 -0.0736451127749843 -0.093325343264858 0.251148284942824
-0.0562871000651599 0.0650116378618308 0.111965532933017 0.305877451155111
0.0512616891185734 0.0277342214161211 0.265944688663898 0.145950150975217
0.0176218192114294 -0.019800141336097 0.191138628139442 -0.0515168681761246
-0.00570955189345598 -0.0122820505794474 0.0776163756503014 -0.081583428440108
-0.0122901521752471 -0.0208968997426178 0.0371277078122285 -0.0578167630311083
-0.00532024796506785 -0.0245271325094536 0.0120532519184862 -0.0195234695366173
0.0371701565098815 -0.0277258170846005 -0.00166677396014455 0.00480796621263234
0.0901816907946168 0.0113891063366796 -0.0041111658679528 0.0445938358978657
0.0605312137462376 0.100794848571452 -0.0284998648208038 0.111889121314364
-0.0871707404658845 0.133155287273596 -0.223846719796436 0.103850573819478
-0.202241504806963 -0.0743098383402699 -0.366388380801591 -0.182465005239573
0.00273781053288561 -0.245377442669622 -0.119617138165747 -0.452580963631273
0.177222284677739 -0.154310293838211 0.0955416822956928 -0.111687554512448
0.0564940299732505 -0.105824172503604 -0.141825517198605 0.0370164840312646
-0.0452704931709853 -0.060251028896788 -0.0979778119892215 0.240365563128047
-0.027094361905925 0.0252414949668422 0.130318552360462 0.311680675894569
0.0251987698511786 -0.000856371099119148 0.298438572103376 0.11300746904563
-0.00812851371833713 -0.0196551908835037 0.186814984449654 -0.0958475137355736
-0.0176444913897334 -0.00979655420317702 0.0615303204097998 -0.103133169284997
-0.0120960529258345 -0.018351010935189 0.0281870772702517 -0.0625018214883709
-0.00186211879702151 -0.0171196801999092 0.0122595944499522 -0.0219698126451718
0.0280216200526506 -0.0124584064528422 0.0117368346041726 0.00130438263949963
0.0503632421109777 0.0299029136102896 0.0231974190227949 0.0550738787210478
-0.0058060431835493 0.0788586576750435 -0.0307612511294253 0.149997729043926
-0.106966670461342 0.0322051004261428 -0.284931759048118 0.0954513905941657
-0.092244020621278 -0.134814109419552 -0.375828568195668 -0.278643126965057
0.0829841260937223 -0.178806987925254 -0.0618250783066372 -0.512988296819554
0.148860707638672 -0.0826096156538377 0.0694667759797894 -0.106549613434861
-0.0529554523986287 0.0218640336299262 -0.0728937644755703 -0.0207996673546577
-0.0377932113366953 0.0292093152655627 -0.152405728526754 0.478335259505567
-0.0241792542253169 0.0600920491060999 0.334854629568966 0.412252680608524
0.029621315820337 0.0458619383462914 0.384883253854769 -0.0388271004677627
0.0335360248141764 0.00234681934269486 0.0776642488706572 -0.188877270071931
0.00732326377648563 -0.0171139615765168 -0.0393908718982295 -0.0675302547934861
-0.00635141961156209 -0.00373000554308598 -0.0131930940841701 -0.0147206713698456
0.000458538352958079 0.00784277719397559 -0.0149134952190177 0.00464786262942737
0.0119232431548954 0.0142643635897227 -0.0142100945148629 0.0523397724079175
0.0175039106326536 0.0120591875501931 -0.0440189416966823 0.107811831152408
0.012477030146498 0.0107959353136934 -0.13901050693741 0.109414400636529
0.00670252188523977 0.000712605572970232 -0.262793188280858 -0.0544071761806704
0.0400934401957623 0.0098531054610418 -0.161629717994565 -0.25782801228381
0.02481401822734 0.065520743918408 0.0367377181226126 -0.261193757203056
-0.0548270608200146 0.077370692198243 0.133520354639417 -0.0727012517539223
0.0405592152561439 -0.0346642814308402 -0.0770911632990934 -0.0215949115267771
-0.014010336423671 -0.0780861936218251 -0.183156352385171 0.472375269866114
-0.0963969336681492 -0.000804681980478524 0.287522684940596 0.440549204426947
-0.0323938724062584 0.0918286988562549 0.375422567233854 0.0160518891643977
0.040597663719187 0.0565751746083208 0.109083809511636 -0.161490859581357
0.0428227041122282 0.00142074357786379 -0.0186321213114916 -0.0732855711124987
0.0180789713127045 -0.0103896737230639 -0.0094430444458932 -0.0238349257628341
-0.000171696340271454 -0.00407819748504703 -0.01424601183669 0.00255806740346953
-0.00155750288287714 0.00397609268410633 -0.0154006711685261 0.0538658722102741
0.0077519820667936 -0.00257329426970188 -0.045720870075074 0.112485412939675
0.0250186468402406 -0.0141128477831127 -0.135669400961583 0.124439941564852
0.0541638952323646 -0.000781041400315255 -0.268064130407814 -0.0261296094665474
0.0459872297672344 0.0620644246366022 -0.18857427811043 -0.235625284571912
-0.0164481330447576 0.0668598914328642 0.00652989922275301 -0.276127496594256
-0.0525881590028595 0.0294420643572565 0.148321043090779 -0.0895058177691671
0.110224711248659 -0.0864458782128646 -0.0997460652470839 -0.00704450259208234
-0.0122251905963045 -0.1605874994234 -0.172107232248424 0.462069221394484
-0.154239052963653 -0.0361882484212547 0.255481082084802 0.415365114031348
-0.0688428561800894 0.122566526017112 0.329757964923721 0.0501006738622027
0.0437444467506354 0.0867402961872095 0.124545849368014 -0.108269013120132
0.0627349675582536 0.0156146084851026 0.0155269602814406 -0.0636148718693028
0.0328216272940028 -0.0140632891420263 0.00534843610648138 -0.0333762199486469
-0.00128788996826678 -0.014232756876921 -0.0117086493540667 -5.71846369837026E-05
-0.0110262326817771 -0.0105389806396928 -0.0202072878133624 0.0537931218272298
0.00860207749334097 -0.0220066520115532 -0.0557531349754678 0.110862122023516
0.0484603232948694 -0.0336290760815475 -0.138088067746734 0.120126031507186
0.0983262841719499 0.0160062571899203 -0.261633493152146 -0.013979887727361
0.0290086808048924 0.112110544201875 -0.206872681447102 -0.209891856007393
-0.0642498459376573 0.0459945163148854 -0.0289777151598724 -0.291228968153399
-0.0342246352903827 -0.0330724878860181 0.158578166180705 -0.107035804743355
0.132353808435767 -0.128275415964925 -0.12217764741617 0.0152566797420143
-0.050213262431313 -0.194154075435592 -0.135416542309887 0.426759059629322
-0.187882920939863 -0.0175735084691334 0.216902479232278 0.357881762801004
-0.0568522502366394 0.138528341064707 0.270804631415006 0.0810467382798282
0.0534887719585642 0.0826853625362288 0.136097360490489 -0.0527272157264285
0.0631007909901369 0.0157906914043097 0.0535171761331647 -0.0484990031490277
0.0310742031299035 -0.015150432163932 0.0225231154735091 -0.0404072547336073
-0.00569103998394391 -0.0221398418914809 -0.00778883339389467 -0.00423278645196053
-0.00877895357483988 -0.0245983651822874 -0.0251066444650684 0.0493431960715927
0.0295549157444898 -0.0406520563706359 -0.0663281424692128 0.0943798605809493
0.0842116264960704 -0.0298531767044761 -0.132608214393857 0.100299293768356
0.12065334585714 0.0650243425141089 -0.240210672858573 -0.0087619498360796
-0.0332516794051634 0.148851151523731 -0.222657580512982 -0.17930594258368
-0.110598952897542 -0.0134031861196528 -0.0661274228421572 -0.304632055092555
0.00813654148862602 -0.104646887604883 0.160216951908302 -0.119315593753814
0.121097297986889 -0.149285177080138 -0.134011665284795 0.0323297230811894
-0.0924551272215546 -0.168443349323385 -0.100354077984272 0.357239418461148
-0.172848419741517 0.0334054318214708 0.160430174653322 0.308201203370129
-0.00611407005131148 0.12359130292814 0.227908077120673 0.119907526820607
0.0575860088040442 0.0467514609018689 0.155932898077439 -0.0181364784717203
0.0474499024175181 0.00423091659223702 0.0769658090128967 -0.044073448166956
0.0188192007168547 -0.0188833245290981 0.0349336360658668 -0.0455436467691287
-0.00735383996240278 -0.0270334833756607 -0.00168630797620657 -0.00912904088710026
0.00605516155088345 -0.0352792488272617 -0.0254138395937054 0.0357184719561633
0.0659103207778201 -0.0417309119826394 -0.0630921468155218 0.0707897344883718
0.117560687266613 0.00621407634417238 -0.107158891240392 0.0772660232549269
0.0901248860111359 0.134527027784994 -0.203918826523492 0.0131439964007542
-0.1322806866561 0.134502757750302 -0.248079062978377 -0.145249323854646
-0.130034742975346 -0.109768147006546 -0.100862830607208 -0.327311049779552
0.0706582559785823 -0.162919820067902 0.147712675764022 -0.120908107670931
0.0914283024291836 -0.147616768870147 -0.131010054712614 0.0355772760944125
-0.106254589042322 -0.113546735390627 -0.0902839005373423 0.285975243358312
-0.114088973303169 0.069600388850256 0.115041101727773 0.293030755377801
0.0389073154486368 0.0768929685285783 0.229474227838475 0.149210736128565
0.0449747873453392 0.00475453555579188 0.176329504807097 -0.0181096227905878
0.0202542847573053 -0.00615147457309976 0.0850338726362231 -0.0576860694507893
-0.000263802784548529 -0.01930707518088 0.0389859912864104 -0.0506991205351244
-0.00739932746779576 -0.0266975092597153 0.00617778154927779 -0.0145268454327478
0.0245829677387214 -0.0353281582458016 -0.0182731063021133 0.0183112643816281
0.0923070779865571 -0.0213094906741781 -0.0395460438059012 0.0484515078825044
0.111131364631468 0.0627153750121828 -0.0625010380153556 0.076381825682133
0.0035033944184751 0.170058869862389 -0.186848765868355 0.0572428276970967
-0.210359955039543 0.0462218601469943 -0.295496741252281 -0.134227139745936
-0.0893709623579491 -0.204815323053857 -0.121907768804597 -0.371811670164319
0.136292062284189 -0.181058618166393 0.123950354596086 -0.114577492725553
0.0670564622057774 -0.128578804791503 -0.131746909815764 0.0357101750430277
-0.0839236732684799 -0.0704710834627709 -0.0942187265543177 0.241396627279793
-0.0542858644305401 0.0618685312614446 0.105567898080876 0.298531699091075
0.0488331363356809 0.0265404634031331 0.258090148916032 0.142990120931641
0.0175176310743027 -0.0176870049607971 0.184473410584348 -0.0504431979681155
-0.00490200634356674 -0.0120438193018543 0.0748465402028752 -0.0787555892574901
-0.0124462957442386 -0.0202019550811013 0.0344762853936557 -0.0558017064175775
-0.00581285890602795 -0.0226454574691632 0.0106850144797482 -0.0184604129513717
0.0335205741783852 -0.0267708740219679 -0.00400397615682936 0.00517567914444905
0.0862373532177547 0.00935481716183324 -0.00392513221341257 0.0432087882652532
0.059031801544792 0.0955431174461135 -0.0285611810507443 0.106831309761098
-0.0830094101522292 0.127851389706715 -0.215887747088554 0.0952132355243727
-0.192900229791589 -0.0712430634325641 -0.347853151971607 -0.181206243725876
0.00331735138830397 -0.234194392169437 -0.108390998844402 -0.435418190166066
0.169756005945903 -0.147736566429661 0.0956875990361264 -0.108587695566045
0.0535024014738648 -0.0997108153467073 -0.139605944241069 0.0366428611325994
-0.0450566659853235 -0.0571520289018536 -0.0980507582663568 0.232274238861863
-0.0257342988195827 0.0237448229382986 0.124906416888302 0.30377726328992
0.0240041377297289 -0.00134292525019895 0.290122530943717 0.11041369221167
-0.0069457268607337 -0.0176084489925194 0.179013504448732 -0.0935586789575566
-0.0165838851448561 -0.0104399776740641 0.0569750170966246 -0.0994646660720945
-0.0121139963285772 -0.0185858556908051 0.0271049270486959 -0.0609258730562786
-0.00346193122196955 -0.0148052173425513 0.0113349465215012 -0.0207590408286344
0.0269304812007755 -0.0127936451763647 0.0102642751269252 0.00113337181133579
0.0480594892211462 0.0265580262575575 0.0215798599476023 0.0528657265279407
-0.00371066399125962 0.075401371156504 -0.0299042108592286 0.142472034497102
-0.101876894664158 0.0316035213792735 -0.272790185955524 0.0871984158938888
-0.0875656048535678 -0.127673788205469 -0.356388117342355 -0.273139781969698
0.0785005630265944 -0.170298730416835 -0.0527273786394486 -0.492106754928705
0.140883767352375 -0.0788692609079849 0.0718133175553979 -0.103762731549651
-0.0546515987415055 0.0143561151788377 -0.0729983656891406 -0.034997674874074
-0.0416170157060086 0.0203843843501978 -0.227204432022472 0.450389950205491
-0.0345669694275913 0.0532012062124467 0.264055131553329 0.455101936761632
0.0195751075735196 0.050507873700576 0.378013571868505 0.017216328174533
0.032973261502521 0.00854314514488188 0.10176852945412 -0.17364611597523
0.00891985813003778 -0.0158213121947347 -0.0260327282486823 -0.0712229375742177
-0.00571842617007108 -0.00412945720782052 -0.00879405900429778 -0.0172179975564347
-0.00140816676784592 0.00852862516836387 -0.0153377664324079 0.000733668259954033
0.00999559009586405 0.0163929121552708 -0.0219631187855448 0.0479010150351756
0.0158257014168334 0.0149115361699246 -0.0602590055639951 0.0980819585110202
0.00867412380610179 0.0154733431816749 -0.154465790549494 0.084335553733516
0.00403683575831112 0.00526206729198188 -0.253375773506477 -0.09817921234495
0.0308766202608341 0.0153190400677744 -0.114763022059616 -0.285703196103229
0.0106996086352571 0.066438966822715 0.0837192853231106 -0.256136291134336
-0.0691132775872704 0.0650727694101725 0.14960312645432 -0.0523986398929711
0.0439034150544893 -0.0287641244346598 -0.0771862508400438 -0.0278035031340231
-0.00279434248210585 -0.0796440917846609 -0.25196323650966 0.443502370057097
-0.0966591703025938 -0.0170238719299292 0.218412423298911 0.474830156377391
-0.0474977474126898 0.0839804464623882 0.362483189687941 0.0670780996846189
0.0298732721100732 0.0617684078891231 0.127508850224352 -0.143313437005008
0.0396934915802431 0.00847340800992148 -0.00679147509628774 -0.0731953695569572
0.0182609847845521 -0.00736678365564683 -0.00518544400351174 -0.0255219145141014
-0.000895512119848936 -0.00264049453943868 -0.0147283306752904 0.00121567362488231
-0.00312763654590614 0.00433418354211263 -0.0228091029423765 0.0501679982948199
0.00802412552797761 6.94066061555496E-05 -0.0625345087812244 0.104189207219984
0.0261791839228119 -0.00647034241278894 -0.154275182433015 0.0994898128819544
0.0512786401254958 0.0126739567644763 -0.26417937082662 -0.0713923596696241
0.0290045710715338 0.0669841264157181 -0.144435992899603 -0.268805683025898
-0.0309617719110645 0.0607345500145929 0.0561125236148577 -0.273770385033152
-0.0579440839710766 0.0168249489094435 0.166805351383527 -0.065188646157059
0.11918868028261 -0.0685046559429121 -0.100559622343978 -0.010977338114839
0.0126237849312584 -0.160364925393941 -0.237252352641345 0.437776667148861
-0.147466027987606 -0.0593411674920187 0.196220834798943 0.443052776957972
-0.0868293649319767 0.107861490935623 0.312938093309646 0.0906813392541946
0.0276191017690478 0.0921528817706657 0.135656083493937 -0.0911398947235333
0.0570816301504659 0.0244574851977601 0.0232325587675233 -0.0581470644844715
0.0337871717700383 -0.00805913306547801 0.00926854751984548 -0.033014280100561
-0.00136973021759477 -0.0123924678478997 -0.0125873791575009 -0.00151310721188282
-0.0099001548637778 -0.00998045850668726 -0.0288462576855706 0.0503903017962978
0.0121771452441111 -0.019269378040366 -0.0723589576458242 0.0999166736786912
0.0518829530861255 -0.0215759386118179 -0.156499535884031 0.0950800232490259
0.0912021589893702 0.0342393245100396 -0.26037070900212 -0.0596280881469552
0.00521168602446257 0.114725528166541 -0.165904221517751 -0.247396164095812
-0.0740789118498588 0.0343224241482847 0.0250183921183335 -0.292622162254691
-0.0298670136954799 -0.0416029630676958 0.17893550674293 -0.080622361174317
0.149047621395428 -0.106302907365827 -0.124209815658425 0.00936987258473585
-0.0183536634596704 -0.199824903830693 -0.191124975395955 0.406610580091414
-0.182654906740594 -0.0471091379635624 0.163544853745541 0.377932863632602
-0.0787954886315549 0.125648609686035 0.249131144770935 0.11252878272328
0.0371579653872655 0.0886401909576716 0.137161012646977 -0.0346808855305926
0.057521205353187 0.0246274687610966 0.0575775701711781 -0.0376499021953804
0.0341006166839845 -0.0117295815453928 0.0266590981156871 -0.0374730714939016
-0.0032316460114203 -0.0202477772309182 -0.0060068482116169 -0.00548682840890749
-0.00560908662199032 -0.0234048975650023 -0.032504831993159 0.0431217983725674
0.0362330739650738 -0.0325940436330822 -0.0808565647608706 0.0839157358906726
0.0877009345125276 -0.0128721600973604 -0.149517366682405 0.0751741663188368
0.104294956788669 0.0876701066003522 -0.240052091033964 -0.0496327006618291
-0.0606091592893395 0.14209825890353 -0.186404386524922 -0.219121706863114
-0.111232898145774 -0.03031529454781 -0.0093678654903911 -0.31070479665906
0.0225062024432276 -0.104124121913733 0.182462688864813 -0.0910782431299231
0.138760826719818 -0.128129042303711 -0.131844836627851 0.0255223346119215
-0.0664502349183045 -0.180250783882248 -0.144523514200691 0.34070682129545
-0.174416221266681 0.00670696664860373 0.11365027929752 0.320571380460189
-0.0281834367358074 0.118695638834098 0.203741924307676 0.148249307413863
0.0495583072865246 0.0559265231330464 0.152504024200552 0.00437364795031128
0.045057010966041 0.0111820489165969 0.0825817022774632 -0.0307005232792549
0.0206988441910099 -0.0151718374243729 0.0395868973620539 -0.0410166690874623
-0.00468553303329517 -0.0257608510560055 -7.26984017416515E-05 -0.00702954438887798
0.0107611002315541 -0.0320199908594035 -0.0309539950969212 0.0304707292930069
0.0696661519343573 -0.0306872555948786 -0.0735589302294728 0.0593004678294918
0.11279248155522 0.0266650584759857 -0.119901007591971 0.056785835711857
0.0638824643700518 0.149532300747147 -0.20571829333405 -0.0250337361025248
-0.155067601385957 0.112011157746694 -0.214338943041179 -0.186235421936928
-0.114039702491956 -0.127005829243008 -0.0421254501136265 -0.337113872998059
0.0951368996974279 -0.149852749687096 0.168017119699887 -0.0950040003885742
0.109958860516087 -0.131350795831346 -0.132413239060208 0.0290648953214995
-0.0882612790957431 -0.128982467016177 -0.127177370652143 0.269417266187544
-0.122448194466015 0.0501062523167314 0.0686905829496288 0.30161645060959
0.0243008670521912 0.0814196771269628 0.201769472890512 0.177337243113052
0.0424415551298194 0.0140048366002143 0.175502384586941 0.00672475396401077
0.0195636646554521 -0.0045735071374583 0.0916406398116727 -0.0434503508205352
0.00189405527901277 -0.0199148075241835 0.0440910400151389 -0.0451889065181097
-0.00469788621339009 -0.0265204764689755 0.00733875019499291 -0.0124608711025659
0.0280699034336463 -0.0304935444839808 -0.0211653390521389 0.0155541871294521
0.092362847691816 -0.00744526860626479 -0.046330675240606 0.0410518134871446
0.0974125901978254 0.0796978114431918 -0.0740947488466198 0.0631444153912735
-0.0240752281826227 0.169634673457726 -0.193399441001747 0.0209572128320879
-0.216266355843682 0.0157831539593234 -0.262834570651942 -0.18194316953057
-0.0581012521769836 -0.212704488510926 -0.057822210654515 -0.383471995652108
0.162377067188901 -0.15537149872716 0.143540994825218 -0.0944678255054361
0.0837699361565142 -0.116255678684102 -0.133007646046938 0.0257332438665376
-0.0727261437282581 -0.0832155970466913 -0.127667704762561 0.225474833367673
-0.0643706970007294 0.0514075519887066 0.0580858433338266 0.309026786853867
0.0415790866657709 0.0340878555188546 0.232219536141164 0.177823068315685
0.0208083632896727 -0.0128738593516834 0.188180730575823 -0.023797656885154
-0.00343597240885882 -0.0126295677410494 0.0850327808216795 -0.0670834090011128
-0.00965315827043334 -0.0224311316176735 0.0411109751719414 -0.0502927150328867
-0.00282071826254411 -0.0220864786870857 0.0128116420000599 -0.0160502852442341
0.0356823573171116 -0.0201713532739032 -0.0062855490012638 0.00544356196013647
0.0828391705095672 0.0209082331044758 -0.0101241823555123 0.0400087131700184
0.0428651734127502 0.102462073410143 -0.0450204602127479 0.098716514376252
-0.100817904865518 0.113990404597065 -0.227454633638423 0.0543037386386459
-0.181688051317044 -0.0956823902918271 -0.308008784992696 -0.235620393895824
0.0353958832890693 -0.226172822941194 -0.0349773216262556 -0.447023458182197
0.188324426474972 -0.116979058212178 0.114186850501716 -0.0939506297333575
0.0675435486456632 -0.0908097405957642 -0.141287993268149 0.0244838803558101
-0.0369794034252337 -0.0637061957763508 -0.131129757834625 0.216765629465718
-0.0308164998756259 0.0191579450829169 0.0782293499826899 0.319624614904435
0.0223991079974601 0.00425551445532295 0.270398893357185 0.148381263245608
-0.00321918734777731 -0.0161601644584797 0.19085305816967 -0.0677020139297628
-0.0147202451361964 -0.0131071011644641 0.0732566699007781 -0.0918832850470075
-0.00898005708842002 -0.0207553757242752 0.0344791476594694 -0.0563442480697221
-0.00135508253515076 -0.0150961641042176 0.013516050848427 -0.0193069304531554
0.0269521368191178 -0.00860946595346843 0.0086708442318844 0.00298662007424881
0.0433269760838224 0.0330415597482059 0.0132992331457668 0.0548260474841075
-0.0142372358777355 0.0732634153213239 -0.0525773568475075 0.133133752978625
-0.104142289459683 0.0186603446446141 -0.282669303206815 0.0385805421762428
-0.0722444891005518 -0.134997812837745 -0.300783655912628 -0.328656843667253
0.0992804154325465 -0.151641238083974 0.030952980997116 -0.495487615508953
0.150119046347203 -0.0532554086699835 0.0922351922864349 -0.0939811745569773
-0.0568359871145327 0.0148843342689241 -0.0805673785047886 -0.035526051721892
-0.0422813931210497 0.0193775917645062 -0.243022284052711 0.462436798201712
-0.0363113027528694 0.0534414235018434 0.264846485748803 0.471381656352525
0.0195959295849296 0.050680322894348 0.387234542462597 0.0230684995181847
0.0331376302711411 0.00801477883628567 0.10510443881515 -0.175237211104846
0.00798775273129922 -0.0163977978632395 -0.0240031326958771 -0.0727899099153499
-0.00676995172275508 -0.00362856710938056 -0.0081982766444249 -0.018235791909015
-0.00213480033791672 0.0100975570610369 -0.0155890909940018 0.000991233972125956
0.00982141017096796 0.0166307311433649 -0.0228987169421467 0.0480673936280487
0.0165650868820546 0.0151993054487503 -0.0612081313677487 0.100209032548564
0.0092550916805385 0.0162212868213937 -0.158610940233276 0.0851763313495636
0.00295624045976057 0.00526043200898581 -0.262135750919832 -0.102032593373479
0.0319896563708095 0.0146819555758623 -0.115935587156106 -0.298147904901055
0.0106772963319422 0.0684680215590885 0.090995746548785 -0.263860721700117
-0.0725924266765063 0.0663334039479899 0.157975144967264 -0.0544979485038135
0.0449527448593322 -0.028291068371893 -0.0833018639672255 -0.0291617187209799
-0.00296752410352415 -0.0820907875062863 -0.267428367277369 0.45400377162784
-0.0995871709693442 -0.017926250001218 0.219167652637632 0.491365765181745
-0.048462206482696 0.0858769629285335 0.370133954360472 0.0729900496323152
0.0300924316511984 0.0632364979307656 0.131430909120221 -0.146068860641348
0.0402453791509359 0.00748001106592292 -0.00596899541263937 -0.0739153164703382
0.0176323646077799 -0.00775990834256917 -0.00498302848989185 -0.0270187882989697
-0.00140147878792312 -0.00187290442467533 -0.0157804702771791 0.00031624531658449
-0.00370409508585456 0.00465546905695741 -0.0238295440754455 0.0509496762670184
0.00849099799930947 7.11909781229402E-05 -0.0634462181219428 0.106642331101653
0.0261914394873738 -0.00548820350269884 -0.158480944287916 0.101000434359579
0.0513893895966593 0.0123554198475531 -0.272637570305024 -0.0760438868455749
0.0293002370776171 0.0681493206844578 -0.146524851250158 -0.281007945506132
-0.0319737408722156 0.0629569265844644 0.0627453564947906 -0.283474800206498
-0.0610295930171438 0.0176244334207451 0.175282327869927 -0.06812191817
0.122315073313213 -0.0686479737502978 -0.106669873263227 -0.0132019380912121
0.012789881232344 -0.163001255229396 -0.251541009489571 0.446302703764085
-0.151374710790206 -0.0615258702840213 0.193820225723604 0.457857845009874
-0.0891162950772735 0.11003155589228 0.319193598621377 0.098929249952937
0.028342112583035 0.0932333425448131 0.138114211985331 -0.0934724766257992
0.0569735557689162 0.0242573320835793 0.0259982853920633 -0.0590819255626614
0.0325528407959578 -0.00833474393651882 0.00940100931574047 -0.0339989323682879
-0.00150297958270018 -0.0117168860954823 -0.0132160467855522 -0.00216792291854304
-0.0108726047177985 -0.00925437940749211 -0.0295820849923991 0.0510010893811625
0.0121373525001381 -0.0196110609520284 -0.0734349674578139 0.10294361255462
0.0527952901430438 -0.021349735060312 -0.161359002715105 0.0971922160002336
0.0928737271569833 0.0358706757998538 -0.269610626254382 -0.0626663287155227
0.00490242310531576 0.118265162865595 -0.168569610856711 -0.258515700049569
-0.0768491246132413 0.0344854082030062 0.0291833133492919 -0.303434230361807
-0.0313760010539227 -0.0422332754472909 0.187149172188816 -0.083587305363713
0.154464433634844 -0.10451643148975 -0.12839385326927 0.00856821185063874
-0.0194232256538702 -0.201816172334305 -0.202524731409056 0.416071467843462
-0.187160413480143 -0.0483205270126577 0.161641522076866 0.391588687866411
-0.0803149535090138 0.128631436401257 0.255795644401558 0.119077407362255
0.0381874031629187 0.0911411381232474 0.142485742264619 -0.035440032927697
0.0581147313530918 0.0238379147799667 0.0597674137416673 -0.0393840482824728
0.0324675482705929 -0.0116676663589052 0.0269392767821308 -0.0391987453222163
-0.00298724179874821 -0.0199184769575343 -0.00785522301924533 -0.005340460595302
-0.00725055202349209 -0.0228458989470107 -0.0350167559069327 0.0464219160935702
0.0349921897684599 -0.0343722750234989 -0.0831847207472221 0.0864790903660413
0.0898964246637695 -0.0133012458065068 -0.153820885529483 0.0795106556994971
0.107480825553149 0.0889107152924578 -0.247374634349708 -0.055731959480372
-0.0627572087001901 0.144636924217214 -0.188769679853446 -0.228891615529238
-0.114470958495029 -0.0327457881979702 -0.00399634559891622 -0.320625561571114
0.0231648206983269 -0.107328678582172 0.190176689239501 -0.0955852573313677
0.143103700330532 -0.131149003313 -0.14033852090262 0.0241171597685067
-0.0682737224897672 -0.184480192771935 -0.1578345580954 0.34870097714806
-0.180475957163349 0.00643903508945052 0.111292158602309 0.33152165488267
-0.0295436519312833 0.121747918472635 0.208885818345801 0.153998692480909
0.0490736709978016 0.0565205485103052 0.156938336288191 0.00443144228099016
0.0458554179075771 0.0102434845089781 0.0852268538863961 -0.0324077239965253
0.0187140634036433 -0.0155793710108398 0.0394226016032407 -0.0416176598152407
-0.00547713937688009 -0.0251270996530111 0.000472144597614005 -0.00861227206495415
0.00868872603752601 -0.0316122100977282 -0.0333216923766233 0.0325436138443831
0.071251699667008 -0.0318092468104681 -0.075507522319997 0.0609818258588022
0.115704398074166 0.0272924119080232 -0.122706441314677 0.0582591221322036
0.0661521554667738 0.151982060052683 -0.213762698487566 -0.028288130582228
-0.159879035638659 0.115039995941933 -0.217919011264409 -0.197395180559514
-0.115547607171548 -0.131003669425436 -0.038133828456996 -0.346575192056608
0.0977407416806464 -0.153609221061375 0.175806338200914 -0.0986621860319762
0.114536884242955 -0.133188365054337 -0.139270917163491 0.0293294107742073
-0.0909035080158264 -0.132229709896201 -0.138209271703806 0.276137655338066
-0.127418866221345 0.0510668926215243 0.0659408303857945 0.31304893217596
0.024338241415391 0.0825188200285729 0.207316413068274 0.186862784445067
0.0442592150525388 0.014066026096865 0.18086146974079 0.00780091161749308
0.0203708440823 -0.00539657547445604 0.0946595222471155 -0.0450617842762238
0.00105337421300609 -0.0205537460648321 0.0437542100551471 -0.0462491121607315
-0.00509222297194764 -0.025809563227049 0.00727980283611234 -0.012448411271231
0.0281103495980475 -0.0306709740801169 -0.0234478234770369 0.0165965289152083
0.0941364078835223 -0.00848677220078723 -0.0480287810523416 0.0422621815758556
0.0999578061782608 0.0813800494676335 -0.0778121100171984 0.0645157937437154
-0.0248020008505561 0.173982163599977 -0.19913219429312 0.0175792126277933
-0.220778289542834 0.0151951993959677 -0.267067682566055 -0.192906100285216
-0.058008762268618 -0.217645769949823 -0.0534390311884371 -0.395995263748759
0.165808404817356 -0.159402237869422 0.150104119076843 -0.0982647739576822
0.086317557678488 -0.117643222896816 -0.140383907368963 0.0260650736963579
-0.0749286384150678 -0.0856979544729799 -0.137768721860019 0.231744594846961
-0.0670385605531801 0.0524330227817368 0.0550714799466995 0.321343348679826
0.0425430276352646 0.0343565701536755 0.240266898586443 0.185506117905311
0.021714792499776 -0.0128834000478261 0.194617480458274 -0.0236921574766641
-0.00321960186343152 -0.0138794967804014 0.0868660935081876 -0.0680096429190251
-0.0100054127560728 -0.0235618015285842 0.0409454035869357 -0.0524327797883115
-0.00366704763625802 -0.0214623998285548 0.0124710482921277 -0.0165770819121642
0.0359780562412986 -0.022171395342597 -0.00718445453752646 0.00562186503110519
0.0840154448919699 0.0206746402416402 -0.0121802571843161 0.0412433608220936
0.0442509060126324 0.105229380166809 -0.0467795945801152 0.0997569580439489
-0.10295516447743 0.116736864590085 -0.234800272622639 0.0519850466823361
-0.185336438670803 -0.0979981982724257 -0.311940003541634 -0.247791206704592
0.0375893327167373 -0.230718084585733 -0.0275582851656816 -0.461009924852729
0.193142207991775 -0.119695109833572 0.120682767991698 -0.0972862567242804
0.0694627231302082 -0.092013668691903 -0.148946176263178 0.026207412145726
-0.0384959911553622 -0.065703014079796 -0.139076782816684 0.22306675085089
-0.0316639702995039 0.0196305242431646 0.0778782551709443 0.332522879638051
0.0227749544076049 0.00357188420812736 0.279293115474744 0.156865378234802
-0.00193014504001501 -0.0157720390888634 0.195924812951375 -0.070041059460013
-0.0141368643684275 -0.0140145039597568 0.0730379216449795 -0.0944462039423332
-0.009794113616752 -0.0221274973987162 0.0349108430009761 -0.0590682599706616
-0.00130387133636929 -0.0149368834649546 0.0127765675552021 -0.0187886766441598
0.0262275209900773 -0.0095360938238725 0.00667971079804911 0.0039858453538818
0.0445170540308322 0.0326115790484532 0.0121663913203931 0.0556505417297286
-0.0135173570879142 0.0755052821901876 -0.0537357202211134 0.135367774502576
-0.106214462937929 0.0182406475543142 -0.290754906222912 0.0356982962398914
-0.0722479979737758 -0.139459591559656 -0.303595712538816 -0.343354434814698
0.102448973829328 -0.153756402405837 0.0404845637709162 -0.508378449668279
0.153873367022005 -0.0542809076213553 0.0987110659579896 -0.0979926455896847
-0.057664484699797 0.0169166298296933 -0.0896319412526462 -0.0340538975512259
-0.0430795390744309 0.0205949919858286 -0.24252002682958 0.484894324798772
-0.0358584081258837 0.0553539424839416 0.283836065818736 0.482220857810004
0.0213097505485636 0.051343886809064 0.400600870475177 0.0147172734730961
0.0344246803204522 0.00691396692674666 0.102708023825784 -0.183258152273585
0.00703058137086088 -0.0166349643876457 -0.025026629249537 -0.0735307525557024
-0.00810559318000963 -0.0028522138810356 -0.00850084794314607 -0.0207338716427664
-0.00132343917176642 0.0107548244055217 -0.0164302733151639 0.000897082073853008
0.0106594237146792 0.0168296683478714 -0.0208639498350092 0.0496843905011104
0.0169170577196674 0.0149659258976335 -0.0585507405006793 0.105133560318043
0.010111756925609 0.0168614065454036 -0.16141790227892 0.0930375950809113
0.00356433630288028 0.00549120114844514 -0.27671168889792 -0.0989521687602373
0.0342016061874539 0.0127231931803299 -0.127860967082134 -0.308484001616351
0.0141176423248602 0.0705676591813754 0.0888119543744564 -0.279700628808316
-0.0737650991243466 0.0723807159897916 0.164176869780691 -0.0632671124966837
0.0448959973346671 -0.0296041328481066 -0.0908140969448225 -0.0281828894521238
-0.00603932862234537 -0.0842754968942375 -0.26797111296865 0.477126356142407
-0.104272929928045 -0.0162167755589925 0.237031887189637 0.501631086009472
-0.0472973982490961 0.089058543322777 0.383087280893734 0.0682399165638524
0.0334343253706915 0.0640821899440609 0.129364704816137 -0.152996213291674
0.0406404539714533 0.0070662795396001 -0.00620249901268634 -0.0758362049676108
0.0166933271704754 -0.00869218176203474 -0.00548763594918668 -0.0279500148820676
-0.0023062685612314 8.45609195562835E-05 -0.0155965946769749 0.000913833212759031
-0.0037595114761577 0.00637026979872284 -0.0234211045294687 0.052767421109329
0.00875913358536784 -0.000754576798429682 -0.0615110071667868 0.112156494003266
0.0271708679160147 -0.00641636359707739 -0.16017342681658 0.110175292667721
0.052854467154102 0.0111536809532464 -0.286252497550433 -0.071680586443057
0.0325218267851831 0.0691128576850624 -0.160366135754401 -0.290931108099589
-0.0314738766093697 0.0659360279073925 0.0592088931855813 -0.297337291996953
-0.0636089276974658 0.0214669149953361 0.182447970969759 -0.0786474804702838
0.123394523191446 -0.0738425170551702 -0.114560260737948 -0.0105166407747078
0.00797256366339465 -0.167747207250911 -0.252317216472868 0.468404251525907
-0.158174255421031 -0.0586178592358563 0.209108001384938 0.46985755923136
-0.0894399114414606 0.115634498823741 0.332392032447052 0.0953520493617386
0.032726259519121 0.095685278897218 0.139290062960463 -0.0987309366273244
0.0582183252160301 0.0237897553843706 0.0258678740297938 -0.0611309173987199
0.0318218993617923 -0.0103021122492413 0.00778380920002472 -0.0357468848394288
-0.00241145706155039 -0.0108083447223916 -0.0143336245093419 -0.00203214236258885
-0.0126557111318149 -0.00761982366708094 -0.0293216313785413 0.0538286213676499
0.0115117609500088 -0.0205016370605245 -0.0733592611133691 0.109449015887934
0.0535701691210447 -0.02407801962584 -0.163312951741271 0.106631481701972
0.0964866607408875 0.03286134612601 -0.283025131189208 -0.0576354237376173
0.00873113507709605 0.120821597159605 -0.183403740237819 -0.26714324350161
-0.0787212033092455 0.0387872269537018 0.0239096356178974 -0.316796454621313
-0.0348670126013221 -0.0419870950706613 0.193925641195423 -0.0953665379228576
0.154106130502458 -0.113504363603083 -0.136571249784474 0.0108262205464496
-0.0264125063412827 -0.208133280865975 -0.204490426707537 0.434309955068309
-0.193884181155648 -0.0444793874036773 0.175620421064265 0.401948386153748
-0.0786000789268664 0.134189159620863 0.265331280567415 0.121009512452827
0.0427902832416502 0.0924545863712073 0.143853919858008 -0.039541433798568
0.0617265233154389 0.0224415265335333 0.0614012032889688 -0.0426668299319513
0.0311985680027806 -0.0129754344780614 0.0261984119811562 -0.0396938939044988
-0.00397059789642356 -0.0173378296784091 -0.0089260959775096 -0.00449161041140043
-0.00994138547112179 -0.0216488300012965 -0.0343039250347899 0.048255987481789
0.035003863763195 -0.0392742233138252 -0.0814962846386131 0.0927557182233805
0.0900920897269422 -0.0173045615158787 -0.15601219581403 0.0859756441770416
0.111920797800436 0.0883079090283147 -0.260295231691281 -0.0506435960488164
-0.0625914590387416 0.15208746348343 -0.202107429780525 -0.23554672436863
-0.120191424506689 -0.0298585148488588 -0.0119800752647272 -0.333933150946801
0.0177017411202606 -0.110209923547144 0.194952690720991 -0.105121207096147
0.142869359740073 -0.137585340410105 -0.146815261050338 0.0282413879140046
-0.076594149071525 -0.18643347629706 -0.156768445683606 0.365228923180852
-0.185658524546887 0.0125630562245837 0.121573193793485 0.34383391541504
-0.0259611876572449 0.124626568324182 0.221555315195562 0.157633518426795
0.0533577003619444 0.0579004943077325 0.164302356075259 0.00146053026444311
0.0455529241094015 0.0083078343894653 0.0867713551030491 -0.0375925383207279
0.0180468063916254 -0.0163496866629386 0.0388697398393703 -0.0442033723002757
-0.00555983499769502 -0.0237237015753506 -0.00112872516182234 -0.00787627791869673
0.00843516179279283 -0.0323142949633588 -0.0339196780708727 0.0340559603534018
0.0712456111837177 -0.0364803993175313 -0.0755700253040138 0.0659296811492471
0.119753955269216 0.024133992801334 -0.124402629032114 0.065521458747596
0.0732948105767438 0.15542076804487 -0.221905641099954 -0.0241166643040408
-0.16146439566077 0.124732553955711 -0.231749048990468 -0.202582182011006
-0.125788704678578 -0.131202927282878 -0.045891224835368 -0.36071962712519
0.0938856151670202 -0.160740746526705 0.181164005725493 -0.107641905806172
0.113598293259244 -0.139975535088836 -0.145580434718179 0.0328075648050054
-0.0990114424595968 -0.132296037283518 -0.138757722702885 0.290266080017659
-0.129350460290528 0.0570937657773973 0.0739471673267628 0.325262619095647
0.0277614070469669 0.083832196895697 0.221621908787322 0.188796555129082
0.0465012838852332 0.0131499848169659 0.187730876744803 0.00173063681204624
0.0202825959132935 -0.00628094358572234 0.0953451813207882 -0.0490004197143269
-0.000566828102225328 -0.0216015232035409 0.0424214471602199 -0.0494959423027365
-0.006834925705988 -0.0242406439424865 0.00639416424937353 -0.0133723940445753
0.0257444741563447 -0.0320144533075987 -0.0248011036539315 0.0189284198844548
0.0965681202391128 -0.0129663891280321 -0.0486444939377992 0.0447444407912711
0.106891885348712 0.0791489332149663 -0.0772282427753598 0.0688756053133647
-0.0183197320876837 0.179781385647725 -0.20653048433937 0.0219040700730819
-0.227852626770671 0.0238443655512527 -0.281573578323747 -0.196105010783533
-0.0673854553796685 -0.221670853524444 -0.0641641030147132 -0.409250819007945
0.164324094521809 -0.17058892679378 0.153373377653427 -0.107090419213256
0.0858495281460831 -0.123584775795193 -0.148132228784618 0.0320537170390428
-0.0822301167497436 -0.0848385552712135 -0.139784196178844 0.243189720732976
-0.06796580360123 0.0579273383883207 0.0643866473670447 0.334132818004184
0.044692595413333 0.0336942429156076 0.25679100152019 0.187219940130678
0.0231441117495304 -0.0137596959146692 0.200588430369557 -0.031533674106016
-0.0030441368378482 -0.0147736629910611 0.0862753677938897 -0.0737578873225292
-0.012623804376065 -0.0240531410327082 0.0399557659937881 -0.0561907905616552
-0.00483615029147366 -0.0206353361641492 0.0119019270929755 -0.0165311894368629
0.0355335125703209 -0.0234936707236583 -0.00914222954167847 0.00623531728122784
0.0881092136591705 0.0168372248689158 -0.0112642120183792 0.0427616160270293
0.0507310245273444 0.106976086523803 -0.0454341432064503 0.104087588382501
-0.101125484620296 0.12463228689074 -0.240250026938819 0.0587238872541061
-0.194021777460069 -0.0944929156017167 -0.327535438553463 -0.252063599201811
0.0305653890392094 -0.238707478087055 -0.0396652223420043 -0.477101747855728
0.194179694928045 -0.129872085145405 0.122502358097996 -0.10668462220553
0.06857065896201 -0.0961070862767684 -0.15732188514492 0.0319862321512199
-0.0433457811477936 -0.0656428547101897 -0.141286750317659 0.236136221708493
-0.0332166794726393 0.0216804402099582 0.0897001796435206 0.346175687203515
0.0233015077119987 0.00261185730150169 0.297099031361462 0.155161108447093
-0.00192969613758658 -0.0157451085414385 0.200621648182683 -0.0784135562755821
-0.0150484706783696 -0.0145022555591593 0.0705701432124857 -0.0997645127163043
-0.0116517673409399 -0.0234422552845791 0.0327464595325915 -0.0625441957411892
-0.00261867459102919 -0.0146974753944856 0.012823386202461 -0.0191136506241163
0.026383560060702 -0.0115498633414468 0.0057032220365501 0.00354688005544457
0.0475406083634628 0.0308647792700104 0.0137420230007437 0.0572191336598361
-0.00896412604979491 0.0784299298465941 -0.0504531083658783 0.14081911172454
-0.108425538330947 0.0239227548765691 -0.297352022334135 0.0429529179736793
-0.0784484245700746 -0.141540857378149 -0.322738165866723 -0.349865329615892
0.101669943874091 -0.162540810763966 0.0299835347815218 -0.528336991348412
0.155722865362668 -0.0605692471471858 0.100784112116356 -0.106744733007399
-0.0572766006982165 0.0207542603319445 -0.0962876390658063 -0.0289545790666895
-0.0419665097300989 0.0236894480616733 -0.223495440841671 0.504318221743175
-0.0339202522054303 0.0566604095750062 0.308264645305963 0.472759035824653
0.0242509826141632 0.0496617237886445 0.403511298397394 -0.00380516807759741
0.0349732757514252 0.00509608218048963 0.0923831661081059 -0.188765562136794
0.00505226378912864 -0.0171877870133833 -0.0276462557053571 -0.0722964197210246
-0.00918228760713379 -0.00210151850855672 -0.00916634273366366 -0.0216633407587518
-0.000950219981497279 0.0128529607530636 -0.0155328238473291 0.00168969170889691
0.0119562524041342 0.0171690496672188 -0.0185043782559322 0.0505204089095921
0.0183018741119568 0.014231250734371 -0.0518311453055993 0.109005664892368
0.0113589201145666 0.0169377476470847 -0.157507393840599 0.102126354872817
0.00312061891263192 0.00541884763042083 -0.286184812200627 -0.085856612612856
0.0342611277250742 0.0110894409221338 -0.147601058488919 -0.309822140150417
0.0180518559905055 0.0702239763336692 0.075889054339614 -0.289858117734387
-0.0708673860676636 0.0781549033405518 0.164696803038643 -0.0756197274033601
0.0429248551797372 -0.0317905333685788 -0.0980150376941436 -0.0236325163154165
-0.0101638569477315 -0.0841397590322208 -0.248799872817241 0.495420114092428
-0.105856561616055 -0.00995802996940987 0.261385767663467 0.496160274165526
-0.0423502781803386 0.0919565008577366 0.389738075984385 0.0505193079566176
0.0371772261200884 0.0623732252154668 0.121025767553823 -0.159403479575896
0.0399944854685456 0.00425694403428962 -0.00888826931141626 -0.0751736589206894
0.0154600989569149 -0.00934078897808705 -0.00658103450666733 -0.0289202797640293
-0.00255303553673613 0.00135033460523243 -0.016693393248197 0.000680760946060058
-0.00404317484420065 0.00770704022924681 -0.020509912488495 0.0541196678223459
0.009237510641867 -0.00088237575857448 -0.0545892630590461 0.115956640001094
0.0269590955746826 -0.00730535537343717 -0.155808896942557 0.11903373037015
0.0528583815414328 0.00736357972703029 -0.296016454415605 -0.0554909086910716
0.0364259181364908 0.0675735553623166 -0.177984477479277 -0.288134755087964
-0.027386190108742 0.0685627234987739 0.0451222460968459 -0.306666696902984
-0.0636786705027795 0.0256032141303624 0.181532310929357 -0.0916204984157696
0.120638458484222 -0.080166941437815 -0.119390742122649 -0.0060540000919324
-0.00163643686757305 -0.169080047604411 -0.233481051656823 0.487480803225887
-0.162503541973806 -0.0502099513939794 0.232892674395213 0.464329892717923
-0.0819815885512212 0.121178533982389 0.338891950911569 0.0818534851217348
0.0386568450685417 0.0942980258322438 0.134460771483577 -0.106208864557071
0.0599509875348951 0.0193101568277987 0.0232979967832313 -0.0626644759390701
0.0299201835853462 -0.0122885321800287 0.00681723955938656 -0.0363679591456648
-0.00407945204056374 -0.00899864978021698 -0.0149095376538188 -0.000694617149037979
-0.0134683924567521 -0.00537999592577236 -0.0256686474600341 0.0559510751956877
0.0105431190731239 -0.0213771243579808 -0.0661065980371081 0.114502712477706
0.0526152177015424 -0.026255400615783 -0.159032282662631 0.115965626953221
0.0979234008941196 0.0268011205567798 -0.290260364556074 -0.0432561551793346
0.0140379613056434 0.121098934376269 -0.200492454160063 -0.262817860946207
-0.0781428627433921 0.0431827392398547 0.00921882212119027 -0.322545430832481
-0.0388213354461213 -0.0398781738006879 0.193724215914115 -0.107723170042323
0.149897343660675 -0.123082973178114 -0.139766754081588 0.0185927798418563
-0.0366876993129782 -0.205750612420022 -0.186064767713655 0.448082210661942
-0.199186577267701 -0.0323811166509064 0.194492572333268 0.398585343690716
-0.072042059551229 0.138326601508664 0.274619539921626 0.110112786385517
0.0486331873477241 0.0901412997402588 0.143193442817861 -0.0465650542850532
0.061832510376579 0.0184264200200523 0.0584755395245025 -0.0454868676016901
0.0292994993782919 -0.0145971996944613 0.0225241879310798 -0.0414800450142653
-0.00650254940263346 -0.0156950616340901 -0.00840361838507399 -0.00471043186328386
-0.0110126850564072 -0.0194439070865395 -0.0326777110205314 0.0502355323098442
0.0332501555919735 -0.0389333262539115 -0.0753432014804475 0.0983749362644009
0.0915679584029853 -0.023435455166404 -0.15223858934267 0.0948445124458862
0.117592582118157 0.0797306485306525 -0.266287336065343 -0.0372379486658259
-0.0532679657111553 0.155703676641154 -0.21611543049701 -0.230356117929838
-0.124217784396044 -0.0220813092874704 -0.0256312645947224 -0.338925289125883
0.0129726637489134 -0.111832960486003 0.193061697826955 -0.119536841593977
0.138021231724215 -0.146114419043926 -0.14852640333748 0.0362434836542259
-0.0876402375933005 -0.183438818673389 -0.142401621721109 0.376137823042302
-0.186117712198975 0.0241562804372902 0.13823519138324 0.342621609911888
-0.0185884746450429 0.127065324517154 0.231341770091378 0.150636407492066
0.0573507400176422 0.0542121151182489 0.164928294272591 -0.00766249352014672
0.0468108780205542 0.00504507121570454 0.087199154528922 -0.0401540647983104
0.0143710789119371 -0.0181259290049915 0.0354152807426021 -0.0468357575580165
-0.00831086064080059 -0.0225894749820068 -0.00228256190139155 -0.00875061404087487
0.00412284165356831 -0.0321125675928966 -0.0341011216646073 0.0377273486742327
0.0692423719481934 -0.0405077613608742 -0.0731680909750437 0.0723703023622172
0.122520767879529 0.0161928410976464 -0.121739929701042 0.0712654214154076
0.0833318540948176 0.150431337248755 -0.22914319231951 -0.0136980899254803
-0.155315427077513 0.136026429329202 -0.24351322248161 -0.194461044332679
-0.13427322491333 -0.124475886724144 -0.0633258961561348 -0.362395136666784
0.0842098756033535 -0.166766820336657 0.177263959989612 -0.12067605801914
0.108194121878868 -0.145673810758127 -0.149006437969194 0.0419046919211939
-0.10629806498295 -0.126632640921905 -0.129176774935307 0.299422475068164
-0.126602648123693 0.0656118744567027 0.0896956998302323 0.328155700915556
0.0325052016538143 0.0821102149354647 0.235013270730018 0.181270723371195
0.0487264842723214 0.010457352779318 0.189280539400738 -0.00903050561895269
0.0201608736147171 -0.00837071311716153 0.09336721164818 -0.0550693391684961
-0.00320224046462141 -0.0215258791788961 0.0393342070774341 -0.0522853554932911
-0.00869881243496652 -0.0229068779251672 0.00478349790086898 -0.013137770011554
0.0230518555747938 -0.0329797193531767 -0.0247765781255731 0.0203726552296695
0.095516739709788 -0.019977669601425 -0.0466522424737821 0.048333559277181
0.11233135319691 0.0731503008137024 -0.0739500561106279 0.0732447289466538
-0.00748541197382935 0.182112901576414 -0.208242410272296 0.0314715673963472
-0.228119279151498 0.0384026868125332 -0.293423777471361 -0.186614463834157
-0.0807032992358888 -0.218676199073058 -0.0832023420658134 -0.411648188450029
0.154887911127937 -0.180033653074075 0.150740879609436 -0.118951466593271
0.0815649360234852 -0.128450412661409 -0.150499978336004 0.0409844338413334
-0.0876023588382774 -0.0796784689970955 -0.132145587715952 0.254177607034202
-0.06457857758984 0.0635145172869678 0.0809238219763845 0.336845938095523
0.0466727363031573 0.0301611723822259 0.27195946806513 0.176712224308101
0.0237613489064973 -0.015271347368658 0.200504244913219 -0.0440337969390495
-0.00441523492212508 -0.0148521085695295 0.0825194920676099 -0.0792066457087307
-0.0154243705832265 -0.0235775276520459 0.0355228668134686 -0.0589635162636738
-0.00612455877200236 -0.019944737294943 0.010759014502527 -0.0177033022370387
0.0323078068575892 -0.0254221495560833 -0.0102148140791544 0.00803882734077178
0.0891280454986471 0.0108043135969568 -0.00911484769679386 0.0429054368924912
0.0579714914402708 0.103146321991849 -0.0393968041949633 0.106546237429876
-0.0933193167235254 0.13140154874537 -0.239381048620305 0.0700063418156317
-0.199653326208389 -0.0839858039373583 -0.34273801444031 -0.240195148915089
0.0182900378098711 -0.241625016735364 -0.0630852768696347 -0.48073491936057
0.186088999269659 -0.141191499366196 0.119521115573654 -0.116330746734718
0.0651155418431255 -0.0991614266864354 -0.160076857480653 0.0417322020255228
-0.0473796221740877 -0.0634279547899015 -0.134307796579566 0.247371863973228
-0.0321233038359779 0.0245641267440085 0.10888022316903 0.347513358480796
0.0248634349612731 0.000424342877957722 0.310694014673739 0.140532128966369
-0.00158382237286809 -0.0157057055473548 0.196214954101067 -0.0920449296895152
-0.015552547155861 -0.01459147164826 0.0648250081765729 -0.104353236870573
-0.0146297339474592 -0.022983379293982 0.0284015815832071 -0.0649169614946189
-0.00269497513110411 -0.0146645532006998 0.0105974989799261 -0.0197665165278392
0.0254626317854313 -0.0128555379336638 0.00408864384616042 0.00459009968090091
0.0505443918669297 0.0274415068666392 0.0164696086865762 0.0557842145574046
-0.00413141085799536 0.0794920391795664 -0.0431996785704411 0.141300260781924
-0.106734342891243 0.0310610926975185 -0.296383865164864 0.057380737460292
-0.0867153695586794 -0.138542857541314 -0.341273276397714 -0.340800202989655
0.0925824068324443 -0.168707009529341 0.00612545027541263 -0.5352035135839
0.151638604756402 -0.0703068827878528 0.0975818048200488 -0.115337980599108
-0.0544589624920458 0.0227999084963191 -0.0994722094325239 -0.0229194580731972
-0.0397007729677633 0.0236852005471828 -0.199493207473465 0.50177906452349
-0.0307118166277202 0.0559813127141419 0.318209342715716 0.449023684043488
0.0254073484370952 0.0458104991910646 0.391783352347228 -0.0183220417179749
0.0337606193923725 0.00318563832682557 0.0803503711599587 -0.185581505973847
0.00379321168468344 -0.0162931373382395 -0.0274559585701737 -0.0689720900565749
-0.00931215948855958 -0.0011926959678785 -0.008723456009592 -0.0216910925944876
-0.000342364662266175 0.0131800012916946 -0.0163486231177382 0.0008537668901
0.0125494041187062 0.0164263361913808 -0.0147837305350513 0.0492626402168827
0.0181278833848411 0.0131841055767799 -0.0441999126680805 0.107526798765503
0.0121419242159407 0.0164018415818086 -0.149479680935669 0.105137486485527
0.00246115715933265 0.00473608900311795 -0.285168559279743 -0.069945549022221
0.033578174478225 0.00814814760555599 -0.159292201885811 -0.297858436469023
0.0217550576544403 0.0678758916571353 0.0626358595783592 -0.288024918638502
-0.0655169270873344 0.0803833521156481 0.158234088397108 -0.0837449753137509
0.0409946820209087 -0.0325608558067043 -0.100579253132405 -0.0184543501702419
-0.0137668435242861 -0.0808238693395448 -0.225557219518213 0.49490494997535
-0.103694953251051 -0.00492846518525033 0.273655567724342 0.472176868184699
-0.0369945995424742 0.0907228003413664 0.380879125913651 0.0344850839214236
0.0393781715543021 0.0582634576707452 0.109073423412916 -0.159456285234992
0.0381021319810405 0.0021333568362605 -0.0110904704733107 -0.0721167166485281
0.012813558327718 -0.00884469972993876 -0.00794207290956873 -0.0288650678283221
-0.00180357836235431 0.00271725422504267 -0.0164976990420658 0.00150173169373394
-0.00270969415243973 0.00906911411403471 -0.0171003698603501 0.0531716800247247
0.00858751294886309 -0.000926319536618273 -0.0468284257241439 0.115627416097802
0.0260682973563062 -0.00827805835484958 -0.146406864261938 0.122696566155616
0.0504720884529149 0.00434449246191227 -0.291257192273878 -0.0411185415194805
0.0384651895663098 0.0636925807383845 -0.188155748925452 -0.275805609916061
-0.0235495169539585 0.0679400137971335 0.0323967238150051 -0.30313803369484
-0.0610054372919582 0.0285257230450836 0.174768288848481 -0.0997380520480494
0.113179092328018 -0.0825105192697623 -0.119719547224685 -0.00036572076073684
-0.00869530027520451 -0.162082320735421 -0.210463370799273 0.483445322246617
-0.160049933533975 -0.0400239922763572 0.244203848579815 0.444371444641551
-0.0739137042690197 0.120937335556787 0.332953336391082 0.0670063600630621
0.0418837967354444 0.0892473853379892 0.125404226708609 -0.10727732466258
0.0579961146274958 0.0155495686380341 0.0208938127873297 -0.0613384582379043
0.026762711920609 -0.0129122620145895 0.0046961111491178 -0.0356143018565384
-0.00396439635286941 -0.0061740575798228 -0.0146391209233707 0.000219694653066317
-0.0134035148886867 -0.00305716913768936 -0.0232038309843644 0.055744581360669
0.00886072004314367 -0.0209828329835001 -0.0582456191551333 0.113723460619909
0.0502160395740275 -0.0274763855914823 -0.149167693251998 0.119310690121181
0.0949559460043318 0.0215726768743176 -0.287389175982492 -0.0288922607837134
0.0199501741002048 0.116957756141854 -0.208513369742038 -0.250145672325044
-0.0747145904553082 0.0460756351631028 -0.00206148530299868 -0.316912651278143
-0.0400923869514616 -0.0358373404942866 0.18549839793029 -0.117317093061787
0.139064586535562 -0.123771010861386 -0.139803579701818 0.0236746822264535
-0.046143338194562 -0.196731739371541 -0.16430172598681 0.444862917031824
-0.193792611935063 -0.0209311453321292 0.204651461156849 0.381116049107076
-0.0631520458030004 0.136470539628334 0.271034520040557 0.0977030768539964
0.0509197706084359 0.085767301342477 0.139819475686777 -0.0503905132792625
0.0599647561008133 0.0145389545224192 0.0554810708342034 -0.0465522804878201
0.0260317892228417 -0.0145428039170138 0.0207866051209994 -0.0413553660871683
-0.00827364114349845 -0.0141967776860134 -0.0102492855720318 -0.00132468918453878
-0.0123538793450438 -0.0162018177214877 -0.0302308856277727 0.0523013282935979
0.0298778935969104 -0.0381699990509283 -0.070394892395164 0.0999346125643007
0.0895823756141194 -0.0279975055149897 -0.145339428574439 0.0990973598478226
0.11827697411671 0.071768728213348 -0.265797743633813 -0.0246113185929957
-0.0436702980517231 0.153861124779109 -0.221727430643177 -0.219208176212778
-0.119736226734748 -0.015979091591295 -0.0389533000402781 -0.330462404322519
0.00641878521264088 -0.107394747075772 0.184377764587684 -0.12534674692008
0.128982120947487 -0.147775928785233 -0.148863430346393 0.0409094159800443
-0.0943236923679544 -0.173112849547968 -0.127087281631927 0.370674825235662
-0.179075202603368 0.0318345825358639 0.146815367602821 0.331554915332934
-0.0121686958207552 0.124728291620446 0.232412734559727 0.138509285523675
0.0589713235752688 0.0491863662384504 0.160011543397329 -0.015427121138725
0.0451986153144946 0.00145960908401633 0.0826400694353484 -0.0452011554787044
0.012716283231988 -0.0174483023794488 0.0304596758088519 -0.0472735563741115
-0.00835009374583471 -0.0194151650916224 -0.00308071997644493 -0.008019714275562
0.001750015623072 -0.0278636587461848 -0.0290922528537163 0.0381325802854702
0.0636859491164208 -0.044706294350158 -0.0673665537940819 0.0738217931888809
0.120327225356801 0.00943562424616302 -0.116511967674017 0.07565034664006
0.0878119338253793 0.142313977023385 -0.224331720222062 -0.00413682024048069
-0.144530094412436 0.139763972389318 -0.246277582550832 -0.181891521583881
-0.136500494033343 -0.114534051146088 -0.0757482935666801 -0.350831691960181
0.0734717635530202 -0.166185680981857 0.168670825459057 -0.125954554910485
0.100062954422085 -0.147696687453138 -0.146451065895564 0.0475689181434297
-0.109324944626645 -0.117361001602831 -0.117387810637392 0.29864362425417
-0.119613462658259 0.0698391293717061 0.0990801950453313 0.318211099537074
0.0348754824943964 0.0773310002590182 0.238290616103969 0.168500904978747
0.0482567891573337 0.00749581450110472 0.183879855799318 -0.0179476245606182
0.0189681785512447 -0.00921341677030176 0.0882820107823374 -0.0574695822267875
-0.00552811966712179 -0.0198656747974765 0.0345760592325636 -0.0519040362430007
-0.00901289070500469 -0.0204031707055349 0.00388067129477701 -0.0130387375971452
0.019488226483288 -0.0325306386478052 -0.023665582782242 0.0214484043540269
0.0913039420120176 -0.0252751849862715 -0.0447108606780222 0.0493871493495337
0.11385483770577 0.0652136162898417 -0.0687175351755219 0.0732968555544025
0.00251103255327276 0.177524366066605 -0.202488750214595 0.0382410699313558
-0.218393062697354 0.0478858224143449 -0.293454065306222 -0.170943527915985
-0.0890310999805546 -0.208678715893048 -0.0971679229872231 -0.397457240111944
0.139702929299025 -0.181462775115335 0.142218051492006 -0.122951858248858
0.0744928769651298 -0.127930563505233 -0.147969559974933 0.0471488088251596
-0.0887150120839684 -0.0723838759308726 -0.122429497190085 0.254665848169827
-0.0598792581397394 0.0643644970773305 0.0933936583184278 0.329251688134292
0.0464606494682915 0.0270662044283908 0.275706473663068 0.160716733568076
0.0230116613668242 -0.0161198111741516 0.192629973008837 -0.0529429782296984
-0.00523240442910042 -0.0152728299844327 0.0757356926507591 -0.0806128643800464
-0.0173568705563115 -0.0219914285424514 0.0305301539698357 -0.0591905268603375
-0.0066287647156167 -0.0176733822609468 0.00852723872329835 -0.0170307878996983
0.0299988302787329 -0.0262338416364378 -0.0111293878310243 0.00911590364155458
0.0869166345546373 0.0047596176470972 -0.0082098604034849 0.0425775476469901
0.0620137493258769 0.0976571434141962 -0.0331072835145957 0.103198185380149
-0.0829610818222365 0.13255587900491 -0.228968320271142 0.0756922514423587
-0.198370320434725 -0.0710541164116774 -0.34490392928892 -0.220369985524566
0.00605840877963764 -0.23563229056854 -0.080174666959889 -0.466457114384225
0.173135316292649 -0.144973967618909 0.11174911011756 -0.120105820584375
0.0600942765463822 -0.0991335497790008 -0.157321179505318 0.0504977374146091
-0.0496075565592748 -0.0579070375527463 -0.122590532450029 0.247794264153103
-0.0291492769584299 0.0255343131770984 0.121055936881218 0.336785405976517
0.0241489057869547 -0.000735345749430571 0.310978643380071 0.123640640447386
-0.00104084129509524 -0.0148617138458701 0.187160368583269 -0.0991043227285785
-0.0162392401436197 -0.0137682634110983 0.0576398748049973 -0.104517227136659
-0.016036928757791 -0.0223191018578813 0.0227475177828877 -0.0659353381945618
-0.00356197893304907 -0.0132403855073944 0.00927796934957616 -0.0196023215226572
0.0247068450550035 -0.0140687774915608 0.00238939621604855 0.00488900538627353
0.0500018782753818 0.0237986641265134 0.018444418432532 0.0531187560182637
0.000575116040442724 0.0766078595010715 -0.0341843538604523 0.137328343193452
-0.101398286492717 0.0356831467849419 -0.284235804597078 0.0669621129065364
-0.0897861762301888 -0.129586120398489 -0.346321971576739 -0.317405147813403
0.0821153303220556 -0.167453739376478 -0.0154970994100837 -0.522127749363923
0.143238446462395 -0.0740368338954543 0.0916400467840156 -0.118770615834943
-0.0541629675962237 0.0155596506782242 -0.0968699533034984 -0.0352246522079434
-0.0398437181153831 0.0162542979722964 -0.252541146970672 0.450464268178932
-0.0386427620759519 0.0477768320700241 0.240073347102363 0.460143571025061
0.0167718411901858 0.0483323766194266 0.362531153517796 0.0315671167189168
0.0322488435933134 0.00849715041290383 0.0955290124228632 -0.161099378218364
0.00496867165281277 -0.0142183768530932 -0.0165308304275724 -0.0679665712658731
-0.00958337793088702 -0.000729379077317201 -0.00497922820128935 -0.0231405682400124
-0.00170246575094125 0.0134059064670806 -0.0163050791504213 -0.00207264190106985
0.0103454555836848 0.0172033456367437 -0.021221248320107 0.0446131960214519
0.0161320990206142 0.0141420347770159 -0.0553119023752807 0.0968332719597258
0.0111565908893893 0.017048303269542 -0.157355157217328 0.0821323337954901
0.00392721870471292 0.00818078475597743 -0.270783760461562 -0.103792028019891
0.0292001264094608 0.0165147520403519 -0.117536464426186 -0.313339859271298
0.0112456552677515 0.0693930837487666 0.097019375308134 -0.27817681685935
-0.0746624033780779 0.0708570498219634 0.168849516445504 -0.0696289314784514
0.0420087719977655 -0.0236282146507263 -0.0919235164015181 -0.0265081596457617
-0.00195924895051493 -0.0772060893958479 -0.272468853056149 0.439245565750762
-0.0975975223689166 -0.01873569348792 0.19624464900609 0.472520419003668
-0.0486178225060669 0.0808003469600857 0.343583416304568 0.0779031881777103
0.0289805189152728 0.061872477082348 0.117643886340747 -0.133499779774062
0.0350151521412909 0.00724635266284464 0.000462027447923575 -0.0673420734700462
0.0118173650043394 -0.00583293171253352 -0.00283708450914868 -0.0288745230897491
-0.00265473555257197 0.00351608693506929 -0.0168332365572158 -0.00192639441886677
-0.00387783710472278 0.00920551474222732 -0.0227863523150535 0.048683567720763
0.00881336136279068 0.000399772412443259 -0.0579150306912025 0.104901901249541
0.0276307916774604 -0.0040509072540179 -0.157671684620606 0.0995648823228677
0.0504619647829461 0.0134702187488631 -0.281863381127458 -0.0750800293820573
0.0280395268048124 0.070622907197722 -0.148653441627163 -0.297934837638171
-0.0328099990201656 0.0643532135448781 0.0700471399443481 -0.296311688474845
-0.0640292015166885 0.0221114005864261 0.188025307345624 -0.0820862753304293
0.115931067180727 -0.0616399684909836 -0.107729183667828 -0.0100335942558186
0.0137218367466079 -0.152548909931682 -0.252416990994223 0.428255821469022
-0.145340293036009 -0.0593560802581323 0.172691424691346 0.437155587268376
-0.0871145298019037 0.103559942586168 0.294919973049306 0.101325535900659
0.0266878970719176 0.0905767928107775 0.123795345105835 -0.0840529367789328
0.0508526045617936 0.0219679321356808 0.0279813391625115 -0.0525493297778456
0.0252950446777555 -0.00749414900534058 0.00851388230660509 -0.033657695005828
-0.00352294742941755 -0.00482609581310609 -0.0159680981875297 -0.00225424231271437
-0.0119545069957401 -0.00263508875325796 -0.0289933067342483 0.0508149699441539
0.0113648977957988 -0.0193308037291715 -0.0705228289098346 0.103516649511058
0.0536271689172386 -0.0206518792348317 -0.161224792928511 0.0971747876448902
0.0917030454341628 0.0338954971771026 -0.280325638173249 -0.0636130987925575
0.00352058730434356 0.12008088535806 -0.170818925384549 -0.277106778729463
-0.0788393059703208 0.0380612041719264 0.0410195496200208 -0.31292977092572
-0.0366704936409245 -0.0388274249367756 0.200659093229558 -0.0934314579435715
0.146580224641257 -0.0977187444874953 -0.124388714176728 0.0110426848074855
-0.0156023523613298 -0.189636343445136 -0.204273455456149 0.393490379417497
-0.179808222524861 -0.0460233046183128 0.139522500504252 0.372871643471078
-0.079630896617195 0.119973494688395 0.2339092056929 0.123151641056832
0.0362663067618582 0.087841619949202 0.13135320312011 -0.0299594106359921
0.0524532770799863 0.0211666204061358 0.0591661750249105 -0.0346617172164921
0.0258501568270003 -0.0103573887081841 0.0234185392903432 -0.0371321741623248
-0.0052650282165867 -0.0127985891410745 -0.00946308247295248 -0.00333160466911771
-0.00931118289065307 -0.0165825721834422 -0.0351322248477266 0.0440528941921136
0.0335111647305604 -0.0346984323612036 -0.0797514491604051 0.08783816814293
0.0891903296156406 -0.0147858779889666 -0.156191441427864 0.076545177646449
0.106143136956464 0.0859268868401303 -0.259530174174026 -0.0595378851969009
-0.0624860494397755 0.150014135762657 -0.185890483542289 -0.247310446419926
-0.117824873918638 -0.0267825800328912 0.00990029703622076 -0.327248218648586
0.0161896318923565 -0.103881990783457 0.200653310392773 -0.097530160218799
0.138870663441714 -0.120754447317088 -0.131489725344998 0.0265890250805434
-0.0619039783315416 -0.174093361526861 -0.162054279700036 0.329502683877385
-0.173595245733438 0.00609877009308216 0.0887145893591211 0.321559516652994
-0.030971856140472 0.115242540544412 0.195297135483455 0.15928525504821
0.0474293199642621 0.0550051744645223 0.148265715221059 0.00612350635682402
0.0408183288455895 0.00837368214413421 0.0842975523681096 -0.0311734500050526
0.0128437660822695 -0.0151971397438192 0.0344880196035792 -0.0403817742831978
-0.00640908261141425 -0.0179180992770756 -0.00277098708296999 -0.00783121120213786
0.00546250079907874 -0.0266480007976619 -0.0357639730504197 0.0339262286831174
0.0670553119260713 -0.0344206660394717 -0.0763603774276261 0.0620739487549037
0.115280123290524 0.023921030863927 -0.125604172017326 0.0560107145418673
0.0704925889289156 0.148612918703632 -0.221810857157145 -0.0376709867970847
-0.155757897175119 0.121754128480939 -0.209515664118744 -0.213966163413521
-0.119132425372308 -0.122276110877832 -0.0213975626348842 -0.348300045320867
0.0876530091325247 -0.150989864042587 0.183392737712432 -0.0974379732360715
0.112045053277126 -0.124082403653107 -0.133315589371178 0.03106481899907
-0.0855137096586973 -0.123075459558604 -0.147601716214757 0.261865098520677
-0.122239313571049 0.0492350528302108 0.0473414076409643 0.30983671807705
0.0194374045960639 0.0781661389501433 0.200161801431477 0.188035081976796
0.0445692541355894 0.0143801253741594 0.173126309845844 0.00767388130862133
0.0178194468187581 -0.00596361966306289 0.090268193147178 -0.043056930864514
-0.0043701680553543 -0.0188520886327878 0.0375427702301192 -0.0454918904894733
-0.00577272055349972 -0.019346193353725 0.00518679513128797 -0.0119788132661673
0.022882673685609 -0.0285402018616967 -0.0278726947350896 0.0184702135048397
0.0900422536413451 -0.0137871636622067 -0.0509747848767769 0.0402379952958399
0.101788247326487 0.0766077398842235 -0.0784352203156708 0.0570558442696058
-0.0169820579480692 0.170964163569043 -0.202508474340547 0.00512459851551822
-0.214893384401021 0.0265447202606387 -0.254774029653058 -0.204615285781805
-0.061683385384965 -0.207427935740597 -0.0395122603568863 -0.390588661585364
0.154275925202296 -0.157465949993036 0.154430772189347 -0.0933408402168079
0.0868337789119339 -0.10925093842664 -0.136921649390801 0.0295451514181259
-0.07290552338005 -0.0783772525453752 -0.149745572524418 0.222052912220633
-0.0650476975737909 0.0512449488131677 0.0436457750292092 0.321909800829511
0.0387628776640284 0.0330104842520589 0.23757727453683 0.184821918928869
0.0251867841209039 -0.0109837746418265 0.186781890471491 -0.0264115774106329
-0.00375340924211714 -0.0140429912752025 0.0810730686678099 -0.067629857422792
-0.0149361360555834 -0.02202431272358 0.0345358150076695 -0.0525188180417791
-0.00455324052801481 -0.0170505096437255 0.00941499816901447 -0.0156652022130925
0.0311548365769753 -0.0209614971160853 -0.0141069834023451 0.00815345543178908
0.082228099620576 0.0141852397162619 -0.0157081530625112 0.0375675424264713
0.0488807939216116 0.0999533561542776 -0.0453366975598014 0.0888955564994581
-0.0927293649183311 0.117560607023522 -0.229865236867761 0.0397863638979673
-0.181498066271999 -0.0845704007182118 -0.298463452896641 -0.256209139285627
0.0322625497677524 -0.221174764819308 -0.0186789225013509 -0.452759140890864
0.181709942951185 -0.11841583461092 0.122824133926481 -0.0955632387746401
0.0698799997408763 -0.0849975010321455 -0.148187977728341 0.0317485765005826
-0.0379287422885993 -0.0596683109555982 -0.146807563840413 0.217336230940552
-0.0316410783943089 0.0201465206105525 0.072456300291417 0.333717330459598
0.0218075599561418 0.00320555001041582 0.276977251591858 0.153506160700375
0.00363499076077628 -0.0137524160390052 0.185737070007094 -0.07188298552161
-0.0129651774381544 -0.0136435019884311 0.0644628420738675 -0.0925071731823963
-0.0135579014865145 -0.0224792641208915 0.0285783290073235 -0.0597142342035212
-0.00109518965569668 -0.0132809650820776 0.0104250708299167 -0.0165864857287081
0.0243881083356023 -0.00943886399243286 1.10594613492514E-05 0.0049550448380781
0.0457643519999279 0.0278541959215855 0.00820052951296108 0.0496132821499708
-0.00676231820459326 0.0727977970444351 -0.0483892214965329 0.12294593243513
-0.0968144768907997 0.0223486056472038 -0.280595339233473 0.0252424156265743
-0.0704255816231938 -0.12655935630725 -0.292471861485195 -0.34975330203614
0.0963147433447657 -0.146559612637154 0.0485822560535456 -0.50081487273138
0.144561177328739 -0.0539866662305171 0.101402464755093 -0.100594713307489
-0.052990000528058 0.0138417186817672 -0.0982851666060341 -0.0363806050715593
-0.0395319670909001 0.0148975320899963 -0.262974806134328 0.438850870518257
-0.0396320001213463 0.046037847389488 0.221763469059544 0.459074802651179
0.0145892551860794 0.0466866603220664 0.35525404461314 0.0415965904303785
0.0309534481879152 0.00851054777287233 0.0966362221860756 -0.154445740369797
0.00499921649344156 -0.0138644303793978 -0.012523356406852 -0.067318813135003
-0.0100444355233649 0.000745960418064439 -0.00321238845767 -0.0246221279905861
-0.00186962249956619 0.0138436844152744 -0.0157322746243309 -0.00327179119675905
0.0100562560571372 0.0173213282075299 -0.020691507382824 0.0415876867769838
0.015662542388005 0.0142144158157517 -0.0546883674755141 0.0929605659769749
0.0116149794120873 0.0174075881031678 -0.157140520904467 0.0763909898614831
0.00312193607606758 0.00791523230392406 -0.264248701154148 -0.108584202284978
0.0276892820413819 0.0167785642701763 -0.108823828673599 -0.31427056405494
0.0101643640977676 0.0684898318262965 0.103797582745129 -0.27363255788534
-0.0757159767397677 0.0695899268868789 0.170077687547578 -0.0671578108157917
0.0418631738725207 -0.0224009941460201 -0.0936217306878366 -0.0283300648446674
0.000102714241680412 -0.074758983994468 -0.281650212340065 0.425614746173357
-0.0956089333869314 -0.0198778695112722 0.178158217019192 0.470599867918048
-0.0493753314367428 0.0778054142446375 0.335217768554578 0.0867686319844596
0.0272428943996355 0.0603183531686353 0.11767753823174 -0.126363181424007
0.0331677948830925 0.00745376851684529 0.00307470172394597 -0.06599934494765
0.0111948977896071 -0.00411163061409773 -0.00258976843056545 -0.029755076455094
-0.00259416189897216 0.00570205629716399 -0.0167670387132214 -0.00216843319728808
-0.00430437192164919 0.00945595961430734 -0.0236559287257875 0.0463987545222682
0.00863568947450377 0.000759660928007208 -0.0589998279802735 0.101560651918262
0.0277637565555381 -0.0031290030534236 -0.15708249836575 0.0937214332083036
0.0483294233093755 0.014225046715273 -0.276822020894935 -0.0822101057811089
0.0254523110314107 0.0696808891110479 -0.140319626261658 -0.300638944794658
-0.0333391371982753 0.0634726292788043 0.0789700966162632 -0.292173291190507
-0.0642420541925985 0.0207920080329445 0.189230823185415 -0.0789355559398072
0.115191037054337 -0.0581332909470863 -0.108957027726421 -0.0132499726936684
0.0170202424296588 -0.148503796283188 -0.260465069464094 0.41621685549673
-0.141358036643027 -0.0599327181962169 0.155872183375337 0.434405872831945
-0.0875754690059702 0.099541728929285 0.286896340258939 0.109209037394428
0.025266790561529 0.0896180606462281 0.123742860913219 -0.078455971557282
0.0485722748962519 0.022350402397625 0.0298090739603351 -0.0510946679497124
0.02356021860439 -0.00662127398139882 0.00865246334243517 -0.034348158451417
-0.00353987001433902 -0.00349404517219704 -0.0157623562765203 -0.00258027355295852
-0.0124647445702435 -0.00198384559403474 -0.0299934664566557 0.0487045094101854
0.0113977262272643 -0.0176970671520968 -0.069632351456837 0.100013715302088
0.0529902903473684 -0.0191346421738096 -0.160481694300069 0.0921013074662275
0.0878345033480254 0.0354534198621501 -0.27505034160923 -0.0701696619403012
2.41698442878335E-05 0.118575190964725 -0.160385805702865 -0.28019499334888
-0.0786679808529099 0.0358307621088887 0.0506423146274087 -0.309366365885624
-0.0358553945670446 -0.0376409541957572 0.201948739969061 -0.0903015278551611
0.146619770453151 -0.0921325795006249 -0.125551070892832 0.00657969931250757
-0.011215220486115 -0.185241743984092 -0.212282181322764 0.382810722100757
-0.17486934848015 -0.0484558815828846 0.126093753526409 0.370315380910379
-0.0803153907676397 0.115646956175179 0.227411557760297 0.130240796676778
0.0343731534883164 0.0867249614053748 0.127929523276883 -0.0253090194878682
0.0517850219456323 0.0223621689079409 0.0598712996188341 -0.0335873604900436
0.022070324484467 -0.00917398137610656 0.0227124322728529 -0.0366101885292744
-0.00570488445681296 -0.0108852133036902 -0.0115152531761446 -0.00315677899204872
-0.00952390172996636 -0.0152433548569403 -0.0355031680708731 0.0454810899213193
0.0329711852644517 -0.0328769461083754 -0.0824071740255712 0.0854473709857601
0.0872705473685121 -0.0129602557736482 -0.154735016465307 0.0729611590631441
0.102267209934558 0.0854031904604536 -0.25502689781569 -0.0641420063831286
-0.0659673883160606 0.146278083705321 -0.175610738029572 -0.251249925968524
-0.114983853531531 -0.0302492776525485 0.0207717702685969 -0.323165721176782
0.0170930371277905 -0.0985861920624521 0.201389824887906 -0.0942796031362284
0.140247975754782 -0.116628136534944 -0.133103526474171 0.0218698542693681
-0.0571473343213361 -0.171358852475205 -0.170131838930675 0.318784974072939
-0.170099839533678 0.00113942148155691 0.0761573510316735 0.320403695219067
-0.0334694503988434 0.112217131795459 0.187794203923751 0.164928247682481
0.0461086390921633 0.0537577966148857 0.147093957427499 0.0112454331916406
0.0412857901455916 0.00846864127001077 0.0839526844925819 -0.0282619095440649
0.0112910635003026 -0.0138188444954413 0.0318634285997731 -0.0389746209454131
-0.00653826439577698 -0.0163245785295934 -0.00356083596103387 -0.008248070326458
0.00470056793239846 -0.0258931512012084 -0.0360719781794709 0.0329542411311835
0.0668152215162111 -0.0337174508031338 -0.0767830959074622 0.0595506190222703
0.112125213844591 0.0241912479625509 -0.125024105272837 0.051618965122315
0.0659360594035408 0.147434686958444 -0.218936181049737 -0.0438536543850525
-0.154470057153218 0.118266958766299 -0.200475924449033 -0.218143465906665
-0.115495813878583 -0.124098760859979 -0.00954964159384579 -0.343724827740824
0.0886508419397628 -0.145940247322049 0.184822420634741 -0.0913322496184277
0.113765922110464 -0.118975937894357 -0.134384871278035 0.0270846203828223
-0.0806191441946202 -0.122897454684907 -0.155400389468996 0.252809007933228
-0.120471350695558 0.0457794417701454 0.0367249294193256 0.309256927133161
0.0168773958689035 0.0762597548222092 0.193893443183826 0.192572264318102
0.0441944437727215 0.0140038976936332 0.171397985073101 0.0108594825498417
0.0179313801016713 -0.00616982292505837 0.09065397982808 -0.0409113879623578
-0.00529135832013108 -0.0172717215978643 0.0374879851825674 -0.0446824586072326
-0.00610842753076442 -0.0173091470868588 0.00381931267782037 -0.011507110317777
0.0225450861351225 -0.0259653042362399 -0.0286380988529856 0.0183136334115051
0.0881077368926822 -0.0124044762939225 -0.0523713644682756 0.0388267538424544
0.0986098825088457 0.0756637907498112 -0.0796055698471977 0.0529116425946315
-0.0197834582988972 0.167399133622489 -0.198597204290353 -0.00257433654184362
-0.21120497732349 0.0220138735231686 -0.244868736536703 -0.210224771857
-0.0562632268240316 -0.205255644338276 -0.0270960638284828 -0.385522043281534
0.153433072705839 -0.150143842397827 0.156068854727283 -0.0883612611266005
0.0890026646361147 -0.105730661810607 -0.138430639942366 0.0264651023398979
-0.069549281692827 -0.0787070660907926 -0.156360468742546 0.215880444881775
-0.0649345788332736 0.0498430578859211 0.0328073208502257 0.320599159701439
0.0365564851929026 0.0328308203515605 0.231424333399083 0.188797904733003
0.0261311011817648 -0.0110652103214351 0.183712397351533 -0.0218393910766441
-0.00326453956272916 -0.0139793948434068 0.0809990318325237 -0.0647241860471913
-0.0151831104047179 -0.0216149198337029 0.0335658668296615 -0.05140077878526
-0.00377575258767782 -0.0158650846000888 0.00938059750815805 -0.0149650360745091
0.0301945193923297 -0.0192092911044425 -0.0150127708276392 0.0087034776663003
0.0802613217820169 0.0151172166062942 -0.0165468091587899 0.036154398757308
0.0461540809302826 0.0984792624288829 -0.0464481793215427 0.0845718645345647
-0.0918816069477915 0.113438998517854 -0.226115949294857 0.0301840321192739
-0.175247076685524 -0.086324835953303 -0.287372026420816 -0.262403725289943
0.0360439375262436 -0.216382516771822 -0.00382305955590492 -0.446186062697255
0.179999699292056 -0.110824809204808 0.123810498719641 -0.091486799550384
0.0711366362289281 -0.0808254100005469 -0.148646966497898 0.0288752669943611
-0.0355006201727978 -0.0591899481526154 -0.155197831247293 0.212398107582038
-0.0314307832669898 0.0200059197030829 0.0631724621521888 0.333082847184836
0.020907468305307 0.00388615302959777 0.27232017561092 0.15803972458423
0.00479081206001896 -0.0142334989471908 0.18515316506803 -0.0659625624040706
-0.0130676753622807 -0.0152291345471032 0.0650229509929947 -0.0899211853683805
-0.0141426021144749 -0.0226764873665412 0.0281716657828683 -0.0576954857442444
-0.000864243463693984 -0.0122442179372222 0.0100455783357141 -0.0171642431871989
0.0230211503418198 -0.00919270690870642 -0.00153834854261274 0.0063375268849292
0.0444457270301543 0.0272946552155186 0.00694434102442679 0.0486778811434768
-0.00650157509394046 0.0700785218129402 -0.0511273529575547 0.11728586595515
-0.0949461711866931 0.0200684339403604 -0.274405368844265 0.0159414397768179
-0.06696514984793 -0.125391540623928 -0.277847757169746 -0.351823597302942
0.0981951737411525 -0.142551520961697 0.0627451663327353 -0.493451279595571
0.143308472800746 -0.0482148251333472 0.103091188671361 -0.0972971383986373
-0.0543775206050697 0.012810315041711 -0.102589790767589 -0.0399962109095777
-0.0407790624007006 0.0134274466924815 -0.288586376328616 0.439666270890256
-0.042210533423892 0.0456395021306009 0.209119956548821 0.478447734852929
0.0128363321786901 0.0477348188161039 0.361063057413457 0.056731706302811
0.032046683187649 0.00974777183585623 0.103993951234678 -0.153330780504846
0.00394937564783007 -0.0141353855917501 -0.00879487105727192 -0.0695569990536309
-0.0107803868677724 0.0011784466152004 -0.00315508692474787 -0.0268300756459661
-0.00255238869621481 0.0156537431246539 -0.0175232840684478 -0.00374856801567032
0.0095331503021808 0.0183217832726155 -0.0226454467169166 0.041334395601458
0.015726336144862 0.0153834238529592 -0.0585644720693383 0.0925219914179176
0.0112379850387277 0.0176900602482667 -0.163652769740889 0.0725782966758893
0.00154586522038217 0.0089185100321062 -0.268485025875955 -0.119413580254568
0.0285938001539753 0.0178501137101927 -0.100792798042249 -0.330163694998781
0.00936513228561454 0.0704164163925402 0.117693662735559 -0.27895829607009
-0.079473620136428 0.0697047812599154 0.177867306597623 -0.0650877001964622
0.0427536925695118 -0.021346423176502 -0.0974656475561417 -0.0330656942096873
0.00239941100794658 -0.0765198764196514 -0.30640690378868 0.424643356117334
-0.0974748788245172 -0.0228136125886383 0.16246133546173 0.486846087903271
-0.0529959820759904 0.076849374745742 0.338602895247182 0.102100155927335
0.026714181303227 0.0620355329471061 0.123706834276668 -0.123338684569018
0.0327263620415283 0.00885853870486529 0.00701595282007786 -0.0677538443903148
0.0101361739555341 -0.00287625852368854 -0.0010155661165799 -0.0316501735384103
-0.00366708395653431 0.00695980294392358 -0.017607854265805 -0.00352663547154067
-0.00428845512681497 0.0104580647712947 -0.0263052738696455 0.046274345257738
0.00874140432994728 0.000800274391056794 -0.0620672163809994 0.101452451716033
0.0284212188762332 -0.00330570419515788 -0.16388266763384 0.0909545896114726
0.0471458775628823 0.0159651618621767 -0.28140570061655 -0.092641760038379
0.023467421026937 0.0726367627757884 -0.134144031378948 -0.315392226957923
-0.0364031497203715 0.0637225509455815 0.0923018675491592 -0.298347331855569
-0.0658592404482027 0.0208812773743631 0.197610812980985 -0.0770066853745961
0.119742456534848 -0.0547821785314965 -0.113488795638715 -0.0177647683493673
0.0218660548266826 -0.150609075641687 -0.286717938966888 0.416122697205902
-0.1423080417573 -0.0654104420562288 0.139761605279634 0.450900678591765
-0.0929300461698509 0.0982826695204372 0.28994352999362 0.124399189838795
0.0230082135992979 0.0913332655568137 0.128743737432593 -0.0736938897690152
0.0482590740401835 0.0240131381242608 0.0336021838236591 -0.0518768547792354
0.0230572902048136 -0.00427321531642531 0.0101395473006831 -0.0359262592829181
-0.00386828586864411 -0.00156196780549616 -0.016523780799085 -0.00313705622412127
-0.0120013997243582 -0.0011571737837866 -0.0326966268638234 0.0492686888222441
0.0123850729689396 -0.0175534080986528 -0.0739691447923069 0.0997380033952334
0.054967663706773 -0.0178543778094519 -0.167857684785483 0.088641548693434
0.0877623538596009 0.0380682371021642 -0.279915492669906 -0.0809264690278389
-0.00307349076235959 0.122788154576424 -0.155563357054055 -0.295269889787696
-0.0822671559890326 0.0342931447191783 0.0643490674234461 -0.316741202294945
-0.035774246866441 -0.0387991543519611 0.212088075049241 -0.0865581490578509
0.153290867984651 -0.0886577632961365 -0.130103767460075 0.00249303769348646
-0.00492534582202061 -0.189060801547297 -0.233225854865331 0.382363300298854
-0.177176848816505 -0.0539113050043886 0.113083424088837 0.384368495019649
-0.0852992943185102 0.116964280784642 0.228455564340833 0.142041874096066
0.0333425920875406 0.0884051233511008 0.131998818727504 -0.0190392605275443
0.0505835610661789 0.023422973341877 0.0628536059779133 -0.0339363124238671
0.0213652077261562 -0.00690714535279744 0.0239533506781608 -0.0375217202829145
-0.00458655484969006 -0.00949233661412206 -0.0111789987476479 -0.00558186395916313
-0.00890126411603822 -0.0147275321259669 -0.0389211700225229 0.0444139241182456
0.0337372075480155 -0.0334251712539298 -0.0858228349107486 0.0842374115225632
0.0898080849088184 -0.0116630911779894 -0.160129474233446 0.0687485881756215
0.101186913976189 0.0887218481979443 -0.259068859268463 -0.0746674178510832
-0.0697637555453006 0.147919800809656 -0.171783763857898 -0.265585477953166
-0.117966148423886 -0.0331575924255462 0.0358362021016601 -0.331095779314352
0.0193096305505376 -0.100689900642236 0.212063541782456 -0.0914840668170895
0.147855943417392 -0.114648040728913 -0.140269203048353 0.017890050723311
-0.0538021781166679 -0.176148378520966 -0.188990119625387 0.320364953433376
-0.172917933058363 -0.00240543086083209 0.063223842208646 0.332300441409551
-0.0385860858476712 0.113108731851601 0.188177950163527 0.175630045187333
0.0451348508634989 0.0558953148365203 0.151784163778225 0.0170080879816925
0.0392219568420095 0.00984781116373062 0.0874853684249325 -0.0277529708975793
0.0106635204143688 -0.0126735731133722 0.0345636565172741 -0.0403099179924826
-0.00657053980437261 -0.015132256688413 -0.0045352759820553 -0.00721234448227034
0.0056890813829612 -0.0233578394817204 -0.0391580273987504 0.0338097644764836
0.0684998584909878 -0.0328456753401069 -0.0810981931899333 0.0585900756933193
0.11475920932465 0.0274875721297655 -0.130930075030408 0.0482109257576359
0.0626553774659063 0.151519578278406 -0.223645139564179 -0.0535925177303212
-0.161516590315033 0.117365769266969 -0.197661936006027 -0.23275736893237
-0.115158656296069 -0.130090157482001 0.00477941505522676 -0.351994166922712
0.093438000774844 -0.145374502569083 0.194145700676018 -0.0884851229375157
0.122363852762305 -0.117916899053704 -0.139554014818921 0.0224902092079191
-0.0784695262006226 -0.127578916595579 -0.171036847656413 0.254166744215602
-0.124421887475692 0.0436587010944084 0.0242047812024841 0.319764711280136
0.0145724276420483 0.0783356491696095 0.194069731371381 0.205342495084916
0.0452168454026715 0.0144994893320808 0.174940276346527 0.0163946334790456
0.0176695457124698 -0.00498140616649737 0.0946206033379352 -0.0397475612431284
-0.00532079344280265 -0.0177294183896106 0.0376171839017267 -0.0452009276137721
-0.00536479352433617 -0.0174538401885234 0.00305745192955057 -0.0122965657508006
0.0229708889324897 -0.0249123309552203 -0.0311192121152354 0.0193501849060111
0.0906318638063923 -0.0110978236640184 -0.0548457894520775 0.0384169851424401
0.0991427960774023 0.0800127241545087 -0.0827126701218048 0.0503150680376309
-0.024512161512725 0.169912004009639 -0.204835268353525 -0.0104002782808949
-0.216552999358503 0.0171725863525533 -0.242146644367924 -0.225438436480608
-0.052352208876182 -0.211395310140004 -0.0121035244386995 -0.394615253407232
0.160868976979395 -0.147347114804213 0.16408361790736 -0.0854146254851827
0.0956656352533009 -0.105203068269591 -0.144664065487737 0.0236676347003561
-0.0682481888789281 -0.0816091487336151 -0.17108145618524 0.216692706230578
-0.0673019514757774 0.0496337313879434 0.0222816594720602 0.332757543817863
0.0357064944092961 0.0339107709925299 0.232858578029038 0.202589702727991
0.0273919581700645 -0.0111659946491968 0.189900225759261 -0.0162214176629275
-0.00382994959698428 -0.0145824930922069 0.084742052820307 -0.0633404078367586
-0.0156792443470179 -0.0221407190043362 0.0347280723804977 -0.0530903313989738
-0.00229429866186711 -0.015108275880743 0.00896659838204373 -0.0156155281056297
0.0303234766372531 -0.0183949829848123 -0.0167605309137912 0.00987415776815868
0.0818443764951263 0.0175564986469101 -0.0199957874735469 0.0358245885841603
0.0452082604980512 0.101147423521218 -0.050235635635194 0.0820603651448058
-0.0966560672195715 0.113454651018267 -0.231582715407921 0.0215639516185163
-0.175707996758819 -0.0930463537075707 -0.283540701981232 -0.278432558364277
0.0435775065676541 -0.21937843693869 0.0133353839000378 -0.454174464682307
0.186403440497396 -0.106614319242787 0.131304726155832 -0.0887107770031182
0.0763616367979609 -0.0811731180666543 -0.155423857365851 0.0253771094400795
-0.035077092645772 -0.0605001967218268 -0.170378598059516 0.214059786376759
-0.0315526473650284 0.0195394817480749 0.052931147083586 0.345802120737764
0.0214416611026031 0.00416919876888449 0.276534367240162 0.17120182278286
0.00612706495280055 -0.0142913340755283 0.189764015357407 -0.062805635806144
-0.0124819480319186 -0.0162094387132398 0.0691490629054719 -0.0897907250034621
-0.0137792110083948 -0.0228652677585881 0.0279986790049048 -0.0596860801661657
6.95955986081235E-05 -0.0120636186344015 0.0102561733145304 -0.0168057132930904
0.0236858739024751 -0.00879767383870838 -0.00411042102090388 0.00816740651875781
0.0456871672437026 0.0277761221425217 0.0041765288537361 0.0487384527306146
-0.00828936420117232 0.0714395751770773 -0.054384286654831 0.1164097663654
-0.0966839159779088 0.0188975542932926 -0.280477014001924 0.0050799819142068
-0.0632230861636461 -0.129005125970098 -0.271303676048428 -0.371237977178444
0.10381677813649 -0.142366258790977 0.0841314841032088 -0.501042959000809
0.145424534141757 -0.0432515132273926 0.109864863664059 -0.0963489503188017
