TRXV5
3
4
4
9
string Extension=J
integer IsArchMeasurement=1
integer IsSpherical=1
string Generator=SPM
string GeneratorVersion=1.3.1 Dev
double ArchRadius=0.449999988079071
integer FrequencyAxisIndex=0
integer AzimuthAxisIndex=1
integer ElevationAxisIndex=2
Frequency
5 136 690000000 960000000 LIN
Azimuth
7 8 0 2.74889357189107 LIN
Elevation
7 15 -2.74889357189107 2.74889357189107 LIN
Polar H Real Part
13
Polar H Imaginary Part
14
Polar V Real Part
13
Polar V Imaginary Part
14
Polar H Magnitude (dB)
12 0xC0000002 0 1
Polar H Phase
7 0xC0000003 0 1
Polar V Magnitude (dB)
12 0xC0000002 2 3
Polar V Phase
7 0xC0000003 2 3
-0.00335001945495605 -0.000942230224609376 -0.198928833007813 -0.0436248779296875
-0.00319957733154297 -0.00526142120361328 -0.180770874023438 0.171905517578125
0.00734424591064453 0.00386142730712891 0.0166778564453125 0.235977172851562
-0.000300884246826172 -0.00312376022338867 0.103271484375 0.115180969238281
-0.00429296493530273 0.00745344161987305 0.0647392272949219 0.0183601379394531
0.0129985809326172 0.0191860198974609 -0.000691652297973632 0.00287866592407227
0.0213584899902344 0.0146751403808594 -0.0669479370117187 0.0305099487304688
0.0149145126342773 0.00525760650634766 -0.129364013671875 0.0624465942382812
0.0154609680175781 -0.00119972229003906 -0.198837280273438 0.0628204345703125
0.0125904083251953 -0.00045013427734375 -0.262222290039063 -0.020050048828125
0.0104484558105469 0.00659561157226563 -0.268997192382812 -0.139984130859375
-0.00193023681640625 0.00887393951416016 -0.163406372070313 -0.277679443359375
-0.0239086151123047 0.00264549255371094 0.05029296875 -0.35162353515625
-0.0251541137695313 -0.0355987548828125 0.142669677734375 -0.262405395507813
-0.004180908203125 -0.0548515319824219 0.171295166015625 -0.15997314453125
0.0067291259765625 0.0732269287109375 -0.189697265625 -0.0525970458984375
0.0457763671875 0.0558815002441406 -0.185592651367188 0.155609130859375
0.0731887817382813 0.008209228515625 -0.00729370117187502 0.233123779296875
0.0394554138183594 -0.0553398132324219 0.0862350463867188 0.126411437988281
-0.0162010192871094 -0.0533943176269531 0.0647735595703125 0.0315933227539063
-0.0475120544433594 -0.0168609619140625 5.29289245605445E-05 0.00531482696533203
-0.0388908386230469 0.01873779296875 -0.0631942749023438 0.0292282104492187
-0.0313625335693359 0.0137882232666016 -0.126266479492188 0.0605926513671875
-0.037750244140625 0.00412750244140625 -0.197067260742188 0.065521240234375
-0.04022216796875 -0.0154991149902344 -0.262176513671875 -0.0120391845703125
-0.0204277038574219 -0.0310649871826172 -0.27288818359375 -0.127166748046875
-0.00072860717773438 -0.0435676574707031 -0.178756713867188 -0.264556884765625
0.0312423706054688 -0.0207386016845703 0.025238037109375 -0.35333251953125
0.0359039306640625 0.00461196899414063 0.128204345703125 -0.271759033203125
0.0208663940429688 0.018951416015625 0.17236328125 -0.167465209960938
0.017120361328125 0.140625 -0.180755615234375 -0.0511322021484375
0.0973358154296875 0.109344482421875 -0.18853759765625 0.13330078125
0.135169982910156 0.00555419921875 -0.041229248046875 0.225692749023437
0.0725326538085938 -0.104736328125 0.062652587890625 0.152099609375
-0.028839111328125 -0.1060791015625 0.0748748779296875 0.061553955078125
-0.101753234863281 -0.047760009765625 0.0242443084716797 0.0148067474365234
-0.092559814453125 0.0207595825195313 -0.0375328063964844 0.0231361389160156
-0.0730514526367188 0.021636962890625 -0.104927062988281 0.0504150390625
-0.0869064331054688 0.00847625732421874 -0.180877685546875 0.0576324462890625
-0.0904617309570312 -0.0287857055664063 -0.248580932617188 -0.0115203857421875
-0.0517463684082031 -0.0673294067382813 -0.263290405273438 -0.118072509765625
0.000495910644531242 -0.0946731567382813 -0.1807861328125 -0.249801635742188
0.085205078125 -0.0445404052734375 0.01104736328125 -0.344451904296875
0.0930023193359375 0.042205810546875 0.123855590820312 -0.265304565429687
0.04486083984375 0.08837890625 0.176559448242188 -0.154403686523438
0.0296173095703125 0.191619873046875 -0.174606323242187 -0.033294677734375
0.14300537109375 0.141937255859375 -0.196182250976563 0.120010375976563
0.179428100585938 -0.0079803466796875 -0.07763671875 0.23175048828125
0.0875701904296875 -0.143814086914063 0.044952392578125 0.193222045898438
-0.0443801879882813 -0.140281677246094 0.0995559692382813 0.101554870605469
-0.141311645507813 -0.0663604736328125 0.0685920715332031 0.0266838073730469
-0.129997253417969 0.0216293334960938 0.00792598724365234 0.010685920715332
-0.104743957519531 0.0264511108398438 -0.06817626953125 0.0291252136230469
-0.127578735351562 0.01263427734375 -0.150131225585938 0.0408477783203125
-0.130477905273437 -0.0423355102539063 -0.216888427734375 -0.01751708984375
-0.0753326416015625 -0.100334167480469 -0.236968994140625 -0.1109619140625
0.00557708740234374 -0.138748168945313 -0.16729736328125 -0.231246948242188
0.131340026855469 -0.0589141845703125 0.010650634765625 -0.32464599609375
0.135231018066406 0.0777053833007813 0.131637573242188 -0.245162963867188
0.0599365234375 0.14453125 0.182785034179688 -0.118881225585937
0.04071044921875 0.217041015625 -0.172286987304687 0.00152587890625
0.171127319335938 0.145858764648438 -0.205551147460938 0.127365112304688
0.192535400390625 -0.025146484375 -0.100784301757813 0.257415771484375
0.0815277099609375 -0.1593017578125 0.0462646484375 0.24298095703125
-0.057159423828125 -0.14764404296875 0.1385498046875 0.139419555664063
-0.159088134765625 -0.067535400390625 0.126365661621094 0.0332412719726562
-0.1461181640625 0.022064208984375 0.061614990234375 -0.00818252563476563
-0.121124267578125 0.0274887084960938 -0.0232963562011719 0.00348663330078125
-0.151657104492187 0.0108184814453125 -0.107650756835938 0.0192184448242188
-0.153152465820312 -0.056915283203125 -0.1697998046875 -0.02581787109375
-0.084075927734375 -0.127410888671875 -0.194839477539062 -0.101242065429688
0.020111083984375 -0.1649169921875 -0.142623901367188 -0.204345703125
0.162918090820313 -0.054901123046875 0.01519775390625 -0.292572021484375
0.152984619140625 0.1065673828125 0.14080810546875 -0.216064453125
0.06103515625 0.175582885742188 0.18487548828125 -0.07110595703125
0.0460205078125 0.206939697265625 -0.170501708984375 0.0505218505859375
0.16693115234375 0.126174926757813 -0.207656860351563 0.157424926757813
0.171493530273438 -0.03411865234375 -0.0970458984375 0.291900634765625
0.063629150390625 -0.145004272460938 0.070220947265625 0.2840576171875
-0.0604934692382813 -0.128654479980469 0.183853149414063 0.1624755859375
-0.151992797851562 -0.056793212890625 0.184280395507812 0.030487060546875
-0.138404846191406 0.0198211669921875 0.114646911621094 -0.0306320190429688
-0.119346618652344 0.0239028930664063 0.0243721008300781 -0.0247268676757813
-0.153228759765625 0.00497436523437501 -0.0574989318847656 -0.00338363647460938
-0.14910888671875 -0.0679473876953125 -0.111976623535156 -0.0289077758789063
-0.0702896118164062 -0.137519836425781 -0.146286010742187 -0.083709716796875
0.0417022705078125 -0.159271240234375 -0.117889404296875 -0.17041015625
0.165512084960938 -0.02978515625 0.01751708984375 -0.261306762695313
0.136192321777344 0.120964050292969 0.150405883789063 -0.189285278320313
0.0470428466796875 0.176422119140625 0.181533813476563 -0.0189971923828125
0.042236328125 0.169448852539063 -0.16864013671875 0.102554321289062
0.134124755859375 0.094329833984375 -0.196334838867188 0.195343017578125
0.130317687988281 -0.0275955200195313 -0.06982421875 0.32061767578125
0.043365478515625 -0.107452392578125 0.106842041015625 0.3052978515625
-0.0508956909179688 -0.0946578979492187 0.224502563476563 0.167556762695313
-0.12200927734375 -0.0410842895507812 0.231155395507812 0.0201416015625
-0.109962463378906 0.0135574340820313 0.157424926757813 -0.0541534423828125
-0.0997695922851563 0.0171432495117187 0.06640625 -0.0495872497558594
-0.129653930664063 -0.00344085693359378 -0.00764083862304688 -0.0207729339599609
-0.118797302246094 -0.0684738159179688 -0.0567550659179688 -0.0249137878417969
-0.043182373046875 -0.122184753417969 -0.104255676269531 -0.0588150024414062
0.0538177490234375 -0.122467041015625 -0.103424072265625 -0.137580871582031
0.133888244628906 0.00186920166015625 0.0135955810546875 -0.23980712890625
0.09381103515625 0.113746643066406 0.15740966796875 -0.17303466796875
0.0260009765625 0.14605712890625 0.173919677734375 0.02569580078125
0.0298309326171875 0.110794067382813 -0.164871215820313 0.145614624023437
0.08135986328125 0.0576705932617188 -0.1773681640625 0.229476928710938
0.07965087890625 -0.009979248046875 -0.035430908203125 0.335845947265625
0.0280609130859375 -0.0591316223144531 0.143157958984375 0.30792236328125
-0.0310897827148438 -0.0552482604980469 0.252548217773438 0.160308837890625
-0.0765914916992187 -0.024658203125 0.262344360351562 0.0055084228515625
-0.06744384765625 0.00514984130859373 0.185638427734375 -0.0737457275390625
-0.0648918151855469 0.00864791870117186 0.0966720581054688 -0.066619873046875
-0.0859909057617188 -0.00839996337890624 0.0319309234619141 -0.0303058624267578
-0.0704574584960938 -0.0509567260742187 -0.0150232315063477 -0.0155668258666992
-0.0154190063476562 -0.079742431640625 -0.0790252685546875 -0.0374221801757813
0.0457839965820313 -0.0661239624023438 -0.0990982055664062 -0.117050170898438
0.0756683349609375 0.0204849243164063 0.01263427734375 -0.233200073242188
0.0422210693359375 0.0763626098632813 0.168441772460937 -0.1656494140625
0.00592803955078126 0.0915985107421875 0.163528442382813 0.0581817626953125
-0.00165295600891113 -0.00226068496704102 -0.20611572265625 -0.03076171875
-0.00353860855102539 -0.00669002532958984 -0.172348022460938 0.19085693359375
0.00908088684082031 0.00326633453369141 0.037139892578125 0.239425659179688
-0.00155091285705566 -0.00370550155639648 0.115242004394531 0.10858154296875
-0.00533103942871094 0.00851154327392578 0.0669517517089844 0.0121078491210937
0.0149517059326172 0.0183620452880859 -0.00194978713989258 5.30481338500992E-05
0.0242557525634766 0.0128822326660156 -0.0681800842285156 0.0359725952148437
0.0167875289916992 0.00412464141845703 -0.129486083984375 0.07598876953125
0.0158758163452148 -0.00151157379150391 -0.19866943359375 0.0801239013671875
0.0132675170898438 -0.00155925750732422 -0.2698974609375 1.52587890625004E-05
0.0124654769897461 0.00635242462158203 -0.287322998046875 -0.122283935546875
-0.00163841247558594 0.00921344757080078 -0.190200805664063 -0.27301025390625
-0.0244312286376953 0.00409889221191406 0.023773193359375 -0.366455078125
-0.0292301177978516 -0.0347156524658203 0.12786865234375 -0.2813720703125
-0.00965499877929687 -0.0560836791992188 0.168136596679688 -0.17852783203125
0.0135574340820312 0.0735015869140625 -0.197418212890625 -0.0416107177734375
0.0527267456054688 0.0543441772460938 -0.178909301757813 0.174468994140625
0.0777816772460937 0.003692626953125 0.012481689453125 0.239166259765625
0.0367355346679688 -0.0610008239746094 0.09881591796875 0.120872497558594
-0.0221824645996094 -0.0536651611328125 0.0678977966308594 0.0238571166992187
-0.050872802734375 -0.0136528015136719 -0.000830173492431644 0.00299286842346191
-0.0380439758300781 0.0218353271484375 -0.0654335021972656 0.0350494384765625
-0.0299472808837891 0.0182456970214844 -0.125343322753906 0.0741424560546875
-0.03778076171875 0.007598876953125 -0.196807861328125 0.083404541015625
-0.04229736328125 -0.0130081176757813 -0.269439697265625 0.00791931152343755
-0.0222015380859375 -0.0309562683105469 -0.29119873046875 -0.1090087890625
-0.00414657592773437 -0.0448722839355469 -0.205276489257812 -0.25732421875
0.0303401947021484 -0.0239944458007813 -0.00360107421874998 -0.365814208984375
0.0361557006835938 0.0026397705078125 0.112518310546875 -0.2901611328125
0.0226211547851563 0.0195407867431641 0.168853759765625 -0.187057495117188
0.0296783447265625 0.143539428710938 -0.188461303710937 -0.0415496826171875
0.110382080078125 0.106689453125 -0.182830810546875 0.150421142578125
0.141555786132813 -0.0034332275390625 -0.024139404296875 0.23431396484375
0.0673828125 -0.11376953125 0.0757598876953125 0.14947509765625
-0.03875732421875 -0.107391357421875 0.0805892944335938 0.0555801391601562
-0.109336853027344 -0.0409011840820313 0.0234889984130859 0.0120620727539062
-0.0927963256835938 0.028076171875 -0.0374526977539063 0.0268707275390625
-0.0723495483398438 0.0284042358398437 -0.104248046875 0.0612945556640625
-0.08935546875 0.017852783203125 -0.180557250976563 0.074951171875
-0.095916748046875 -0.0218353271484375 -0.255950927734375 0.00836181640625001
-0.0575828552246094 -0.0649185180664063 -0.280426025390625 -0.0990142822265625
-0.00732421875 -0.097442626953125 -0.206008911132813 -0.242568969726562
0.083740234375 -0.0511322021484375 -0.016845703125 -0.35479736328125
0.098388671875 0.0378646850585938 0.10833740234375 -0.282928466796875
0.0526504516601563 0.089569091796875 0.174240112304688 -0.173507690429688
0.0453643798828125 0.195693969726563 -0.180557250976563 -0.0225677490234375
0.160446166992188 0.136627197265625 -0.192047119140625 0.13690185546875
0.18743896484375 -0.0202178955078125 -0.0615997314453125 0.243255615234375
0.0797271728515625 -0.15557861328125 0.0606689453125 0.19342041015625
-0.0572662353515625 -0.141098022460938 0.108833312988281 0.095123291015625
-0.15069580078125 -0.0562896728515625 0.0708465576171875 0.020904541015625
-0.131568908691406 0.0325698852539062 0.00717449188232421 0.00922584533691406
-0.103897094726563 0.0353240966796875 -0.0689125061035156 0.0373077392578125
-0.130111694335938 0.0240249633789062 -0.151107788085938 0.0549163818359375
-0.138717651367187 -0.032257080078125 -0.223495483398438 -0.000228881835937453
-0.0845489501953125 -0.0980148315429687 -0.252212524414063 -0.0932159423828126
-0.0045318603515625 -0.144073486328125 -0.190475463867188 -0.223602294921875
0.130424499511719 -0.0703353881835938 -0.016876220703125 -0.3341064453125
0.145599365234375 0.0723114013671875 0.117050170898437 -0.263137817382812
0.072998046875 0.146331787109375 0.18218994140625 -0.138687133789063
0.05804443359375 0.21990966796875 -0.176284790039063 0.0140380859375
0.188796997070313 0.138397216796875 -0.201904296875 0.145767211914063
0.199066162109375 -0.0391693115234375 -0.084625244140625 0.270477294921875
0.0715484619140625 -0.170486450195313 0.065216064453125 0.245086669921875
-0.070770263671875 -0.147796630859375 0.151763916015625 0.131881713867188
-0.169586181640625 -0.0551910400390625 0.131095886230469 0.022979736328125
-0.147323608398438 0.0343780517578125 0.0618362426757813 -0.0139350891113281
-0.121955871582031 0.0375747680664063 -0.0242977142333984 0.00651741027832032
-0.1551513671875 0.025390625 -0.108795166015625 0.0286331176757813
-0.163650512695313 -0.0457611083984375 -0.176055908203125 -0.0121612548828125
-0.0960311889648438 -0.125709533691406 -0.208099365234375 -0.0870361328125
0.008026123046875 -0.1712646484375 -0.1630859375 -0.198074340820313
0.163162231445313 -0.0689239501953125 -0.00848388671875001 -0.302581787109375
0.166351318359375 0.100189208984375 0.1287841796875 -0.234222412109375
0.076324462890625 0.178939819335938 0.188232421875 -0.0882415771484375
0.061859130859375 0.211044311523438 -0.17181396484375 0.0648040771484375
0.183074951171875 0.117904663085937 -0.201675415039062 0.175582885742188
0.175094604492187 -0.0470733642578125 -0.077484130859375 0.306884765625
0.054534912109375 -0.154266357421875 0.095062255859375 0.286590576171875
-0.0721817016601563 -0.127937316894531 0.201034545898438 0.152191162109375
-0.159637451171875 -0.0456390380859375 0.190567016601562 0.0161895751953125
-0.1390380859375 0.0316085815429688 0.113967895507813 -0.0421218872070313
-0.119888305664063 0.0348281860351562 0.0215682983398437 -0.0270004272460937
-0.157333374023438 0.0189666748046875 -0.0579147338867188 0.00111389160156251
-0.16021728515625 -0.0582733154296875 -0.117202758789063 -0.0216445922851562
-0.0835113525390625 -0.136650085449219 -0.157699584960937 -0.0723724365234375
0.0304107666015625 -0.167343139648437 -0.134414672851562 -0.165023803710938
0.168533325195313 -0.0419769287109375 -0.00384521484374999 -0.269363403320313
0.150741577148438 0.117431640625 0.14013671875 -0.20733642578125
0.0625152587890625 0.180999755859375 0.188095092773438 -0.0345306396484375
0.0559539794921875 0.172027587890625 -0.16668701171875 0.118423461914063
0.145950317382813 0.0869903564453125 -0.188323974609375 0.214767456054688
0.132461547851563 -0.0378036499023438 -0.048126220703125 0.334136962890625
0.0362548828125 -0.114189147949219 0.13336181640625 0.30462646484375
-0.05975341796875 -0.0936355590820313 0.243499755859375 0.155593872070313
-0.127838134765625 -0.0313339233398437 0.23907470703125 0.000854492187499998
-0.111106872558594 0.0233306884765625 0.156692504882812 -0.0699005126953125
-0.0992660522460938 0.026336669921875 0.0637016296386719 -0.0554351806640625
-0.134002685546875 0.00882720947265622 -0.00795364379882813 -0.0205574035644531
-0.129142761230469 -0.0610198974609375 -0.0589027404785156 -0.021331787109375
-0.0530471801757813 -0.123748779296875 -0.111663818359375 -0.0503158569335938
0.0472869873046875 -0.129737854003906 -0.117401123046875 -0.13104248046875
0.13946533203125 -0.00717926025390625 -0.0070343017578125 -0.24664306640625
0.106430053710937 0.1123046875 0.148086547851563 -0.192138671875
0.0383758544921875 0.151382446289062 0.182723999023438 0.0126953125
0.0384597778320313 0.112113952636719 -0.159896850585938 0.162429809570312
0.0891799926757813 0.0528564453125 -0.165740966796875 0.247161865234375
0.0826644897460938 -0.0161590576171875 -0.011077880859375 0.34722900390625
0.0255699157714844 -0.0626869201660156 0.169952392578125 0.30474853515625
-0.0359535217285156 -0.0536079406738281 0.271560668945312 0.145401000976562
-0.0793914794921875 -0.0193023681640625 0.269500732421875 -0.0166778564453125
-0.0684967041015625 0.0103645324707031 0.184860229492188 -0.0918426513671875
-0.064697265625 0.0143966674804688 0.094573974609375 -0.0764846801757813
-0.0890579223632812 -0.00157928466796877 0.031463623046875 -0.0341930389404297
-0.0778121948242188 -0.0475387573242188 -0.0150575637817383 -0.0144710540771484
-0.020965576171875 -0.0817718505859375 -0.0839767456054688 -0.0295486450195313
0.0424880981445312 -0.0710678100585938 -0.111328125 -0.11083984375
0.0795211791992187 0.0159378051757812 -0.00765991210937498 -0.240524291992188
0.0494537353515625 0.0786285400390625 0.160186767578125 -0.185165405273438
0.0135726928710937 0.096405029296875 0.173995971679688 0.047576904296875
-0.000463962554931641 -0.0040438175201416 -0.205474853515625 -0.01898193359375
-0.0040440559387207 -0.00650835037231445 -0.156982421875 0.201629638671875
0.01068115234375 0.00235080718994141 0.0552215576171875 0.233627319335937
-0.00227880477905273 -0.00367021560668945 0.122077941894531 0.097198486328125
-0.0050048828125 0.00903892517089844 0.0659637451171875 0.00333023071289063
0.0162258148193359 0.0168867111206055 -0.00379347801208496 -0.0014348030090332
0.0257530212402344 0.00952720642089844 -0.0672760009765625 0.0420913696289062
0.0187644958496094 0.00280570983886719 -0.123016357421875 0.0867538452148437
0.0152196884155273 -0.00194072723388672 -0.190887451171875 0.09466552734375
0.0133333206176758 -0.00242900848388672 -0.266647338867188 0.0196533203125
0.0131454467773438 0.00540733337402344 -0.294525146484375 -0.100616455078125
-0.00123405456542969 0.010014533996582 -0.210205078125 -0.256011962890625
-0.0245456695556641 0.00575828552246093 -0.00323486328124996 -0.3663330078125
-0.0320205688476563 -0.0318489074707031 0.108734130859375 -0.28936767578125
-0.0128211975097656 -0.0548324584960938 0.158981323242188 -0.191909790039063
0.01959228515625 0.0718765258789063 -0.196807861328125 -0.0299835205078125
0.0569305419921875 0.0498886108398438 -0.16400146484375 0.1861572265625
0.0810012817382813 -0.00164794921875 0.0304412841796875 0.234100341796875
0.0323562622070312 -0.0639114379882813 0.106590270996094 0.111190795898438
-0.0255851745605469 -0.0512466430664062 0.0669326782226562 0.0170745849609375
-0.0514907836914062 -0.00962066650390626 -0.00371217727661133 0.00316691398620605
-0.0347976684570313 0.0242958068847656 -0.0643501281738281 0.0400428771972656
-0.0263500213623047 0.0191612243652344 -0.119827270507812 0.0854415893554688
-0.0375442504882813 0.011077880859375 -0.188888549804688 0.096893310546875
-0.0428314208984375 -0.0103721618652344 -0.2666015625 0.0283203124999999
-0.0247001647949219 -0.0292625427246094 -0.297027587890625 -0.0856018066406251
-0.00728988647460938 -0.0435714721679687 -0.223342895507813 -0.241714477539062
0.0282478332519531 -0.0259380340576172 -0.029876708984375 -0.363128662109375
0.0361480712890625 0.00168228149414063 0.093231201171875 -0.297515869140625
0.0241241455078125 0.0190277099609375 0.158935546875 -0.199722290039063
0.039154052734375 0.140762329101563 -0.1888427734375 -0.0296630859375
0.118644714355469 0.0987319946289062 -0.170120239257813 0.161712646484375
0.143951416015625 -0.01263427734375 -0.0063629150390625 0.23382568359375
0.0604171752929687 -0.118431091308594 0.0854263305664063 0.140167236328125
-0.047454833984375 -0.104209899902344 0.08148193359375 0.0470199584960937
-0.111648559570313 -0.0323486328125 0.0217018127441406 0.00932121276855469
-0.089752197265625 0.0338211059570312 -0.0375022888183594 0.0296058654785156
-0.0680732727050781 0.0337448120117187 -0.100883483886719 0.0709228515625
-0.0867385864257813 0.0256271362304688 -0.17303466796875 0.0888214111328125
-0.0969161987304688 -0.0147933959960938 -0.251739501953125 0.0267333984375
-0.0622062683105469 -0.061737060546875 -0.286376953125 -0.0771789550781249
-0.0142669677734375 -0.0957717895507813 -0.22259521484375 -0.224533081054688
0.07958984375 -0.0562744140625 -0.04412841796875 -0.351837158203125
0.100990295410156 0.03271484375 0.08880615234375 -0.290069580078125
0.060089111328125 0.0880050659179688 0.16607666015625 -0.18634033203125
0.058197021484375 0.19244384765625 -0.18060302734375 -0.0121002197265625
0.1710205078125 0.12554931640625 -0.181304931640625 0.147918701171875
0.188018798828125 -0.0326385498046875 -0.0438232421875 0.2452392578125
0.0691070556640625 -0.161209106445313 0.0728759765625 0.186798095703125
-0.0671844482421875 -0.137916564941406 0.1136474609375 0.0858535766601562
-0.154922485351562 -0.043548583984375 0.0701942443847656 0.0151023864746094
-0.127830505371094 0.0424957275390625 0.00639820098876952 0.00901889801025391
-0.1004638671875 0.0434494018554688 -0.0676155090332031 0.0437545776367188
-0.128227233886719 0.0350112915039062 -0.144561767578125 0.066925048828125
-0.14141845703125 -0.021881103515625 -0.221893310546875 0.0155181884765625
-0.0911712646484375 -0.0931015014648437 -0.257965087890625 -0.07275390625
-0.0155487060546875 -0.142242431640625 -0.206741333007813 -0.207138061523437
0.125587463378906 -0.0781326293945313 -0.041778564453125 -0.330902099609375
0.15130615234375 0.063568115234375 0.0978546142578125 -0.271026611328125
0.0829315185546875 0.1434326171875 0.176025390625 -0.152175903320313
0.0726165771484375 0.215576171875 -0.174209594726562 0.02459716796875
0.19989013671875 0.125442504882812 -0.190994262695313 0.156219482421875
0.197921752929688 -0.0522003173828125 -0.065338134765625 0.274276733398438
0.05950927734375 -0.175201416015625 0.08209228515625 0.238677978515625
-0.0818023681640625 -0.142074584960938 0.159149169921875 0.120330810546875
-0.173049926757813 -0.0410919189453125 0.130752563476563 0.0131912231445312
-0.143218994140625 0.04486083984375 0.0594940185546875 -0.0186882019042969
-0.117401123046875 0.0467147827148438 -0.0242443084716797 0.00932121276855469
-0.151718139648438 0.0378570556640625 -0.10455322265625 0.0375213623046875
-0.166946411132813 -0.0335235595703125 -0.175018310546875 0.000259399414062478
-0.105026245117188 -0.119522094726562 -0.213790893554687 -0.0703125
-0.004730224609375 -0.1715087890625 -0.17669677734375 -0.184097290039063
0.158706665039063 -0.078643798828125 -0.032135009765625 -0.29949951171875
0.174530029296875 0.09039306640625 0.111892700195313 -0.243682861328125
0.0898590087890625 0.1759033203125 0.184249877929688 -0.102645874023437
0.0758209228515625 0.20635986328125 -0.167388916015625 0.0750732421875
0.191482543945312 0.104232788085938 -0.18951416015625 0.187271118164063
0.173797607421875 -0.05743408203125 -0.05615234375 0.310089111328125
0.0434417724609375 -0.157333374023437 0.113937377929688 0.278244018554688
-0.0809783935546875 -0.122329711914063 0.210357666015625 0.135986328125
-0.161697387695313 -0.0325164794921875 0.189483642578125 0.001220703125
-0.135482788085938 0.0416412353515625 0.109939575195313 -0.0516510009765625
-0.115707397460937 0.0423431396484375 0.0199031829833984 -0.0274486541748047
-0.154678344726562 0.032318115234375 -0.0561485290527344 0.00580215454101563
-0.164291381835938 -0.0460662841796875 -0.117164611816406 -0.0130767822265625
-0.0924148559570312 -0.132293701171875 -0.160125732421875 -0.0582427978515625
0.0193023681640625 -0.1697998046875 -0.145004272460937 -0.152664184570313
0.166259765625 -0.0526580810546875 -0.0249481201171875 -0.26690673828125
0.159439086914063 0.1094970703125 0.124221801757812 -0.217666625976563
0.0759735107421875 0.178115844726562 0.187225341796875 -0.0484161376953125
0.0670928955078125 0.1685791015625 -0.158782958984375 0.12872314453125
0.152374267578125 0.0758209228515625 -0.173797607421875 0.224624633789063
0.13153076171875 -0.0458145141601563 -0.025665283203125 0.334503173828125
0.0288925170898437 -0.115753173828125 0.15423583984375 0.293731689453125
-0.06549072265625 -0.0882644653320312 0.252532958984375 0.136672973632812
-0.128135681152344 -0.02142333984375 0.236572265625 -0.016632080078125
-0.107559204101563 0.031707763671875 0.14990234375 -0.0821685791015625
-0.0961380004882812 0.0326385498046875 0.0596847534179687 -0.0597305297851563
-0.132835388183594 0.0197601318359375 -0.00772285461425782 -0.0204143524169922
-0.13360595703125 -0.0513839721679687 -0.0587997436523438 -0.0165863037109375
-0.06219482421875 -0.120399475097656 -0.11370849609375 -0.0395355224609375
0.0384597778320312 -0.133987426757813 -0.125343322753906 -0.119857788085938
0.139564514160156 -0.0146865844726562 -0.0268402099609375 -0.24383544921875
0.115005493164063 0.107635498046875 0.132736206054688 -0.203155517578125
0.049652099609375 0.150726318359375 0.184967041015625 -0.000579833984374991
0.045928955078125 0.109100341796875 -0.150039672851562 0.172561645507813
0.0918045043945313 0.0456466674804688 -0.149734497070313 0.256546020507813
0.0821609497070313 -0.0214996337890625 0.013519287109375 0.345062255859375
0.0210075378417969 -0.0637855529785156 0.19110107421875 0.290435791015625
-0.0393218994140625 -0.0511245727539062 0.280319213867188 0.124710083007813
-0.0796051025390625 -0.013519287109375 0.265548706054688 -0.0367431640625
-0.0663032531738281 0.0163421630859375 0.175674438476563 -0.105850219726563
-0.0619659423828125 0.0194549560546875 0.0877227783203125 -0.0826797485351562
-0.0883636474609375 0.0062408447265625 0.03082275390625 -0.0363922119140625
-0.0806732177734375 -0.0420455932617188 -0.0136508941650391 -0.0134449005126953
-0.0265731811523437 -0.0809173583984375 -0.0837860107421875 -0.0208892822265625
0.0379562377929687 -0.0748443603515625 -0.117446899414062 -0.0991592407226563
0.081939697265625 0.0119171142578125 -0.02655029296875 -0.238510131835938
0.0546417236328125 0.07635498046875 0.144515991210938 -0.198287963867188
0.021087646484375 0.09521484375 0.177215576171875 0.0357208251953125
-0.000983715057373047 -0.00603389739990234 -0.201019287109375 -0.0121612548828125
-0.00439882278442383 -0.00864124298095703 -0.1444091796875 0.204330444335938
0.012110710144043 6.00814819335938E-05 0.0643768310546875 0.225631713867188
-0.00256848335266113 -0.00342750549316406 0.12274169921875 0.0881576538085937
-0.00524711608886719 0.0103034973144531 0.0623207092285156 -0.000709533691406249
0.017054557800293 0.0172290802001953 -0.00658035278320313 -0.00157117843627929
0.0266437530517578 0.00775718688964844 -0.0658454895019531 0.0452156066894531
0.0200614929199219 0.0018157958984375 -0.116729736328125 0.092742919921875
0.0153131484985352 -0.00230121612548828 -0.18157958984375 0.101104736328125
0.0123825073242188 -0.00328350067138672 -0.259857177734375 0.0309295654296875
0.012913703918457 0.00338649749755859 -0.293060302734375 -0.084075927734375
-0.00034332275390625 0.0100259780883789 -0.217117309570312 -0.241683959960938
-0.0232124328613281 0.00638771057128906 -0.0196533203125 -0.357940673828125
-0.0339164733886719 -0.0301513671875 0.097015380859375 -0.28948974609375
-0.013946533203125 -0.052764892578125 0.151565551757813 -0.1956787109375
0.0215721130371094 0.068450927734375 -0.19329833984375 -0.024017333984375
0.058074951171875 0.0459671020507812 -0.1527099609375 0.187545776367188
0.0815811157226563 -0.00563812255859375 0.039764404296875 0.226715087890625
0.0299301147460938 -0.0638351440429688 0.108024597167969 0.101669311523438
-0.0285797119140625 -0.049041748046875 0.0646553039550781 0.0124702453613281
-0.0509490966796875 -0.0060882568359375 -0.00530004501342774 0.00156402587890625
-0.0325489044189453 0.0244007110595703 -0.0620002746582031 0.0430679321289063
-0.0239391326904297 0.0199604034423828 -0.113517761230469 0.0913848876953125
-0.0358657836914063 0.0139198303222656 -0.180191040039063 0.104339599609375
-0.043609619140625 -0.00764083862304688 -0.259353637695312 0.0393218994140625
-0.0248889923095703 -0.0290546417236328 -0.2950439453125 -0.0697021484375
-0.00850677490234375 -0.04217529296875 -0.230209350585938 -0.226333618164063
0.0278396606445312 -0.0261039733886719 -0.04534912109375 -0.354736328125
0.0354728698730469 0.00167465209960938 0.07977294921875 -0.29669189453125
0.0257949829101563 0.0186252593994141 0.152297973632813 -0.204360961914062
0.0433502197265625 0.136741638183594 -0.184478759765625 -0.0239105224609375
0.121063232421875 0.091949462890625 -0.160079956054688 0.163955688476562
0.14501953125 -0.0177459716796875 0.00321960449218752 0.22711181640625
0.0553359985351563 -0.120521545410156 0.088714599609375 0.13201904296875
-0.0503463745117188 -0.1015625 0.0793609619140625 0.0427703857421875
-0.110939025878906 -0.0265655517578125 0.0209121704101562 0.00795745849609375
-0.086151123046875 0.0375823974609375 -0.0367012023925781 0.0320777893066406
-0.0634346008300781 0.0353736877441406 -0.094635009765625 0.0762863159179688
-0.0837249755859375 0.0298690795898438 -0.1649169921875 0.09490966796875
-0.0967178344726563 -0.010711669921875 -0.245452880859375 0.0377197265625
-0.0623283386230469 -0.0590286254882812 -0.283905029296875 -0.0611572265625001
-0.0177764892578125 -0.0936126708984375 -0.229354858398438 -0.209762573242188
0.0763931274414063 -0.0584182739257812 -0.059478759765625 -0.34234619140625
0.102424621582031 0.0301284790039063 0.076141357421875 -0.290069580078125
0.062835693359375 0.08538818359375 0.158920288085938 -0.192169189453125
0.063629150390625 0.186477661132812 -0.176162719726563 -0.00596618652343751
0.174667358398437 0.114547729492187 -0.17138671875 0.150985717773438
0.1871337890625 -0.04058837890625 -0.0335235595703125 0.2408447265625
0.062591552734375 -0.1619873046875 0.0781097412109375 0.17779541015625
-0.0727005004882812 -0.132606506347656 0.112266540527344 0.0782928466796875
-0.153213500976562 -0.0354461669921875 0.0681648254394531 0.0118865966796875
-0.122329711914063 0.046966552734375 0.00590991973876952 0.00970745086669922
-0.0944900512695313 0.0463027954101562 -0.0632667541503906 0.0479354858398438
-0.123046875 0.041290283203125 -0.13739013671875 0.0727081298828125
-0.140533447265625 -0.0152053833007813 -0.216400146484375 0.0252838134765625
-0.0932235717773438 -0.0889053344726563 -0.256072998046875 -0.05889892578125
-0.0203399658203125 -0.139190673828125 -0.211624145507813 -0.193435668945312
0.120903015136719 -0.0812911987304688 -0.05609130859375 -0.321746826171875
0.15277099609375 0.05853271484375 0.086090087890625 -0.271408081054688
0.088714599609375 0.138740539550781 0.169631958007813 -0.159500122070312
0.0786285400390625 0.209625244140625 -0.169967651367188 0.0299530029296875
0.202362060546875 0.113861083984375 -0.181976318359375 0.1600341796875
0.195709228515625 -0.0597381591796875 -0.054229736328125 0.27081298828125
0.0529632568359375 -0.175674438476563 0.08966064453125 0.22906494140625
-0.0866241455078125 -0.137031555175781 0.1597900390625 0.11065673828125
-0.17144775390625 -0.0332183837890625 0.128364562988281 0.00806427001953125
-0.138229370117188 0.0507431030273437 0.0565834045410156 -0.0209884643554687
-0.111038208007812 0.0505218505859375 -0.0237808227539063 0.0116062164306641
-0.147323608398438 0.04541015625 -0.0994186401367188 0.0411224365234375
-0.167190551757813 -0.0248870849609375 -0.171524047851563 0.00779724121093748
-0.1077880859375 -0.114692687988281 -0.212493896484375 -0.05767822265625
-0.011077880859375 -0.168655395507812 -0.180389404296875 -0.171432495117187
0.154006958007813 -0.082672119140625 -0.044830322265625 -0.290924072265625
0.177093505859375 0.0846099853515625 0.0992431640625 -0.24542236328125
0.09722900390625 0.17156982421875 0.17950439453125 -0.111602783203125
0.081939697265625 0.199691772460938 -0.161117553710938 0.079254150390625
0.193008422851563 0.09356689453125 -0.179275512695313 0.19000244140625
0.170578002929688 -0.063934326171875 -0.043670654296875 0.305999755859375
0.0372772216796875 -0.15594482421875 0.122406005859375 0.266876220703125
-0.0842742919921875 -0.116539001464844 0.211074829101563 0.125411987304688
-0.159423828125 -0.02392578125 0.185302734375 -0.006591796875
-0.129997253417969 0.0469131469726562 0.1046142578125 -0.0550308227539063
-0.109031677246094 0.0465545654296875 0.0178737640380859 -0.0265045166015625
-0.149856567382813 0.0391998291015625 -0.0542106628417969 0.0081787109375
-0.164932250976563 -0.0380401611328125 -0.114227294921875 -0.00769042968749999
-0.0967864990234375 -0.1287841796875 -0.15869140625 -0.0491485595703125
0.0126800537109375 -0.168228149414063 -0.147689819335938 -0.141876220703125
0.163131713867188 -0.05828857421875 -0.03741455078125 -0.25885009765625
0.163162231445313 0.103958129882813 0.112274169921875 -0.2203369140625
0.0839080810546875 0.174407958984375 0.184234619140625 -0.0575408935546875
0.071807861328125 0.163162231445313 -0.151687622070313 0.132156372070313
0.153411865234375 0.0680389404296875 -0.162811279296875 0.226974487304687
0.128738403320313 -0.0504379272460938 -0.012908935546875 0.328582763671875
0.0247879028320313 -0.11505126953125 0.162765502929687 0.281051635742188
-0.0673141479492188 -0.0845260620117188 0.253128051757813 0.122650146484375
-0.126358032226563 -0.0154647827148438 0.230880737304688 -0.02783203125
-0.103828430175781 0.0352859497070312 0.1419677734375 -0.08782958984375
-0.0921249389648438 0.0361251831054687 0.0556640625 -0.06036376953125
-0.129096984863281 0.02642822265625 -0.00666618347167969 -0.0199375152587891
-0.133979797363281 -0.0447616577148438 -0.0565528869628906 -0.0145721435546875
-0.0659027099609375 -0.11834716796875 -0.111412048339844 -0.0319976806640625
0.0322036743164063 -0.133636474609375 -0.126655578613281 -0.110404968261719
0.13824462890625 -0.0191268920898437 -0.03851318359375 -0.236724853515625
0.119087219238281 0.103744506835938 0.120849609375 -0.206298828125
0.05682373046875 0.147445678710937 0.182586669921875 -0.00901794433593749
0.048065185546875 0.1053466796875 -0.140945434570313 0.175308227539062
0.0919189453125 0.0404739379882813 -0.138076782226562 0.257247924804688
0.0806045532226563 -0.024139404296875 0.026397705078125 0.337890625
0.01812744140625 -0.0636100769042969 0.199462890625 0.276901245117188
-0.0403480529785156 -0.0483436584472656 0.279251098632813 0.110198974609375
-0.077789306640625 -0.00908660888671876 0.25885009765625 -0.0484466552734375
-0.0640678405761719 0.0182723999023437 0.16668701171875 -0.11199951171875
-0.0589408874511719 0.0214653015136719 0.0835189819335938 -0.0841751098632813
-0.0857391357421875 0.0107574462890625 0.0307388305664062 -0.0379409790039063
-0.08197021484375 -0.0369949340820313 -0.0125837326049805 -0.0129585266113281
-0.0290603637695312 -0.0799407958984375 -0.0804977416992188 -0.01495361328125
0.0356521606445313 -0.0758056640625 -0.118911743164062 -0.0891494750976563
0.081756591796875 0.0095977783203125 -0.03900146484375 -0.231552124023438
0.0585250854492188 0.0760421752929687 0.131927490234375 -0.202072143554687
0.025787353515625 0.0942153930664063 0.177169799804688 0.027313232421875
-0.00232458114624023 -0.00795125961303711 -0.19879150390625 -0.01141357421875
-0.00514984130859375 -0.00801753997802734 -0.14117431640625 0.20440673828125
0.0125274658203125 -0.00129985809326172 0.0667266845703125 0.221450805664063
-0.00240540504455566 -0.00435948371887207 0.122238159179688 0.085174560546875
-0.0049591064453125 0.0113353729248047 0.0600433349609375 -0.00326919555664062
0.0177497863769531 0.0165634155273438 -0.00974845886230469 -0.00233936309814453
0.0278491973876953 0.00708580017089844 -0.0657844543457031 0.0473823547363281
0.0211849212646484 0.000993728637695313 -0.113670349121094 0.0955047607421875
0.0159053802490234 -0.00155258178710938 -0.178863525390625 0.10369873046875
0.0111846923828125 -0.00408458709716797 -0.2578125 0.034698486328125
0.0125789642333984 0.00230216979980469 -0.292572021484375 -0.0792236328125
-0.000438690185546875 0.0101518630981445 -0.220077514648437 -0.237274169921875
-0.0237827301025391 0.00746726989746094 -0.023193359375 -0.35540771484375
-0.0346508026123047 -0.0283317565917969 0.09405517578125 -0.290496826171875
-0.013641357421875 -0.0522689819335938 0.152359008789063 -0.198577880859375
0.0201835632324219 0.0673446655273438 -0.190689086914063 -0.0226593017578125
0.0576858520507813 0.0448837280273438 -0.14886474609375 0.188156127929688
0.0826873779296875 -0.00794219970703125 0.0420684814453125 0.223846435546875
0.0292625427246094 -0.0648765563964844 0.1082763671875 0.0986251831054688
-0.0289573669433594 -0.0493354797363281 0.0604896545410156 0.0101776123046875
-0.0494613647460938 -0.00482940673828125 -0.00800371170043946 0.00186681747436523
-0.0302085876464844 0.0238838195800781 -0.0617523193359375 0.0443229675292969
-0.0214519500732422 0.0201663970947266 -0.110214233398438 0.094390869140625
-0.0346851348876953 0.0153369903564453 -0.1767578125 0.106796264648438
-0.0437507629394531 -0.00712203979492188 -0.256576538085937 0.0426177978515625
-0.0246086120605469 -0.0293846130371094 -0.293243408203125 -0.06329345703125
-0.0089111328125 -0.0414161682128906 -0.232315063476563 -0.220260620117187
0.0267276763916016 -0.0251369476318359 -0.050628662109375 -0.351898193359375
0.0362586975097656 0.00136566162109375 0.07720947265625 -0.2977294921875
0.0261974334716797 0.0191440582275391 0.152191162109375 -0.2073974609375
0.0430526733398438 0.135986328125 -0.183486938476563 -0.02349853515625
0.122711181640625 0.089080810546875 -0.156143188476562 0.164199829101563
0.147781372070313 -0.0210113525390625 0.00674438476562502 0.224807739257813
0.0541458129882812 -0.121978759765625 0.0878372192382813 0.128532409667969
-0.052276611328125 -0.0998001098632813 0.0775299072265625 0.0398788452148437
-0.110595703125 -0.023651123046875 0.0188217163085937 0.00821495056152344
-0.0839996337890625 0.0388031005859375 -0.0369224548339844 0.033477783203125
-0.0616416931152344 0.0346488952636719 -0.0912399291992187 0.0793609619140625
-0.0822219848632812 0.03192138671875 -0.161178588867187 0.0974273681640625
-0.0963058471679687 -0.00870513916015627 -0.243255615234375 0.0415496826171875
-0.0634002685546875 -0.0596580505371094 -0.2825927734375 -0.0548095703125
-0.0179290771484375 -0.0935745239257812 -0.230392456054688 -0.204666137695312
0.0758056640625 -0.0580978393554688 -0.064117431640625 -0.339111328125
0.102493286132813 0.0302734375 0.073822021484375 -0.291351318359375
0.0644302368164063 0.08416748046875 0.159133911132813 -0.196792602539063
0.063140869140625 0.18597412109375 -0.175338745117188 -0.00590515136718746
0.175628662109375 0.111526489257813 -0.16802978515625 0.150283813476563
0.189666748046875 -0.04302978515625 -0.03094482421875 0.238937377929687
0.0615997314453125 -0.163055419921875 0.078277587890625 0.175430297851562
-0.0741729736328125 -0.131752014160156 0.11273193359375 0.07684326171875
-0.153549194335938 -0.0326995849609375 0.0672569274902344 0.0116844177246094
-0.121002197265625 0.04791259765625 0.00529098510742187 0.0101289749145508
-0.0926132202148437 0.0465316772460938 -0.0600242614746094 0.0519447326660156
-0.121482849121094 0.0443038940429688 -0.133964538574219 0.0743408203125
-0.141021728515625 -0.0115814208984375 -0.213836669921875 0.029022216796875
-0.094635009765625 -0.0888290405273438 -0.254165649414063 -0.0531768798828125
-0.0214385986328125 -0.137870788574219 -0.212646484375 -0.188308715820312
0.120346069335938 -0.0805740356445313 -0.061309814453125 -0.317626953125
0.155715942382813 0.05804443359375 0.082305908203125 -0.272918701171875
0.0917510986328125 0.139190673828125 0.170181274414063 -0.16278076171875
0.07940673828125 0.20855712890625 -0.168960571289063 0.0296173095703125
0.203811645507813 0.110427856445313 -0.179656982421875 0.15924072265625
0.196670532226562 -0.062164306640625 -0.05194091796875 0.269989013671875
0.05157470703125 -0.176559448242188 0.0899505615234375 0.226531982421875
-0.0874252319335938 -0.13623046875 0.159225463867188 0.10748291015625
-0.17047119140625 -0.0308074951171875 0.126472473144531 0.00656890869140625
-0.135475158691406 0.0528793334960937 0.0560989379882812 -0.0212211608886719
-0.1077880859375 0.0498809814453125 -0.0221328735351563 0.0144615173339844
-0.14483642578125 0.0483551025390625 -0.0964736938476563 0.0430526733398438
-0.167221069335938 -0.021209716796875 -0.170150756835938 0.010711669921875
-0.109344482421875 -0.114547729492187 -0.210067749023438 -0.0526885986328125
-0.01263427734375 -0.168319702148438 -0.180984497070313 -0.167068481445313
0.153289794921875 -0.0823211669921875 -0.0498046875 -0.287445068359375
0.179885864257813 0.0852508544921875 0.0958404541015625 -0.247116088867188
0.0998687744140625 0.169876098632812 0.180282592773438 -0.115234375
0.08172607421875 0.199111938476563 -0.1605224609375 0.079803466796875
0.1932373046875 0.0898895263671875 -0.17889404296875 0.189605712890625
0.171768188476562 -0.06591796875 -0.041656494140625 0.303924560546875
0.03662109375 -0.157501220703125 0.124618530273437 0.263671875
-0.0853424072265625 -0.115882873535156 0.2113037109375 0.121429443359375
-0.158248901367188 -0.0217132568359375 0.184112548828125 -0.010101318359375
-0.128028869628906 0.0493545532226563 0.103935241699219 -0.0562667846679688
-0.106971740722656 0.046142578125 0.0194892883300781 -0.0246219635009766
-0.147903442382813 0.0425262451171875 -0.0517616271972656 0.00806045532226564
-0.165679931640625 -0.0348968505859375 -0.113777160644531 -0.00696563720703128
-0.0986709594726563 -0.129806518554687 -0.156524658203125 -0.04547119140625
0.0101470947265625 -0.169281005859375 -0.14813232421875 -0.136810302734375
0.163436889648438 -0.05810546875 -0.0417022705078125 -0.254913330078125
0.168197631835938 0.104446411132813 0.108551025390625 -0.221466064453125
0.086151123046875 0.1741943359375 0.185012817382813 -0.061798095703125
0.0703887939453125 0.162368774414063 -0.15081787109375 0.13232421875
0.152969360351563 0.0655059814453125 -0.161972045898438 0.22625732421875
0.1297607421875 -0.0510635375976563 -0.010589599609375 0.32659912109375
0.0238265991210937 -0.115257263183594 0.165695190429688 0.276535034179688
-0.0687713623046875 -0.0829086303710938 0.252609252929688 0.118896484375
-0.124618530273437 -0.0131988525390625 0.229095458984375 -0.03106689453125
-0.102058410644531 0.0363616943359375 0.140083312988281 -0.0894241333007813
-0.0891571044921875 0.036651611328125 0.0547943115234375 -0.0593643188476563
-0.127647399902344 0.0289840698242188 -0.00619506835937501 -0.0208549499511719
-0.135749816894531 -0.0430374145507812 -0.054718017578125 -0.0150527954101563
-0.0669326782226562 -0.11920166015625 -0.1087646484375 -0.028717041015625
0.0322418212890625 -0.134208679199219 -0.126541137695313 -0.105667114257812
0.139045715332031 -0.0191726684570313 -0.042999267578125 -0.233428955078125
0.122840881347656 0.105812072753906 0.116470336914063 -0.208358764648438
0.0593109130859375 0.147140502929688 0.183364868164063 -0.012786865234375
0.0477218627929688 0.104522705078125 -0.141357421875 0.175949096679687
0.0915145874023438 0.0387039184570313 -0.13751220703125 0.25714111328125
0.0809173583984375 -0.0255966186523437 0.02801513671875 0.33489990234375
0.0185470581054687 -0.0637321472167969 0.201736450195312 0.272109985351562
-0.0400428771972656 -0.0487747192382812 0.2789306640625 0.105209350585938
-0.0778427124023438 -0.00904846191406251 0.256103515625 -0.0526885986328125
-0.0629615783691406 0.0198402404785156 0.16387939453125 -0.114959716796875
-0.0574874877929687 0.0217437744140625 0.0817337036132812 -0.0857620239257813
-0.0845718383789063 0.0123062133789063 0.0309219360351562 -0.0394401550292969
-0.0830307006835938 -0.0367889404296875 -0.0106306076049805 -0.0137319564819336
-0.0290679931640625 -0.0809555053710938 -0.0772705078125 -0.0117416381835937
0.0353622436523438 -0.0757217407226562 -0.118919372558594 -0.0858001708984375
0.0823593139648438 0.0102691650390625 -0.043182373046875 -0.22821044921875
0.060333251953125 0.0766525268554687 0.127334594726563 -0.2042236328125
0.0279617309570313 0.09356689453125 0.1763916015625 0.025238037109375
-0.00333404541015625 -0.00829219818115234 -0.202056884765625 -0.012481689453125
-0.00718021392822266 -0.0109481811523437 -0.1436767578125 0.210494995117188
0.0133953094482422 -0.00407314300537109 0.069427490234375 0.225357055664063
-0.00351285934448242 -0.00483083724975586 0.124656677246094 0.0841827392578125
-0.00446510314941406 0.0123624801635742 0.0596084594726563 -0.0048675537109375
0.0196437835693359 0.0172061920166016 -0.0125007629394531 -0.00328254699707031
0.0289344787597656 0.00600814819335938 -0.0678939819335937 0.0503349304199219
0.0230617523193359 4.1961669921875E-05 -0.113677978515625 0.101165771484375
0.0164060592651367 -0.000885963439941406 -0.181930541992187 0.108367919921875
0.0119905471801758 -0.00429916381835938 -0.263137817382813 0.0377655029296875
0.0128078460693359 0.00268173217773438 -0.29827880859375 -0.077056884765625
0.000333786010742188 0.0109949111938477 -0.226486206054687 -0.240158081054688
-0.0240287780761719 0.00784111022949219 -0.026275634765625 -0.364105224609375
-0.0350017547607422 -0.0288047790527344 0.096954345703125 -0.29888916015625
-0.0134849548339844 -0.0539894104003906 0.159744262695313 -0.205368041992188
0.0185585021972656 0.0686492919921875 -0.193679809570313 -0.025726318359375
0.0594863891601563 0.0450706481933594 -0.151885986328125 0.19293212890625
0.0867996215820312 -0.0104827880859375 0.0443115234375 0.2286376953125
0.0299110412597656 -0.0675849914550781 0.11053466796875 0.099456787109375
-0.0310592651367187 -0.0488510131835938 0.0613632202148438 0.0096435546875
-0.0505409240722656 -0.00397491455078125 -0.0108222961425781 0.002166748046875
-0.0315475463867188 0.0241870880126953 -0.0637969970703125 0.0484504699707031
-0.0211658477783203 0.0187320709228516 -0.11004638671875 0.100135803222656
-0.0344295501708984 0.0171966552734375 -0.178192138671875 0.111129760742188
-0.0446853637695313 -0.00618743896484374 -0.261520385742188 0.0462646484375
-0.0256671905517578 -0.0310783386230469 -0.30010986328125 -0.0625915527343751
-0.0076141357421875 -0.04248046875 -0.238815307617188 -0.22296142578125
0.0282154083251953 -0.0252132415771484 -0.054168701171875 -0.35882568359375
0.0379219055175781 0.00262451171875 0.07879638671875 -0.306304931640625
0.0279521942138672 0.01934814453125 0.159423828125 -0.21630859375
0.041748046875 0.140899658203125 -0.186050415039063 -0.0252532958984375
0.125762939453125 0.091766357421875 -0.160446166992188 0.167068481445313
0.153778076171875 -0.02362060546875 0.00624084472656253 0.229141235351563
0.055755615234375 -0.127029418945312 0.0895919799804687 0.129714965820312
-0.0534133911132813 -0.102882385253906 0.0776596069335938 0.0398025512695312
-0.114265441894531 -0.0241470336914063 0.0168113708496094 0.00910663604736328
-0.0854415893554688 0.0390472412109375 -0.0373039245605469 0.034881591796875
-0.061370849609375 0.0353736877441406 -0.0907058715820312 0.0843048095703125
-0.0822219848632813 0.0347747802734375 -0.163726806640625 0.1015625
-0.100074768066406 -0.00715637207031249 -0.247802734375 0.0438232421875
-0.0651626586914063 -0.0615615844726562 -0.2877197265625 -0.053497314453125
-0.0191497802734375 -0.0946197509765625 -0.236618041992188 -0.2069091796875
0.0778045654296875 -0.0581130981445313 -0.06707763671875 -0.345977783203125
0.108551025390625 0.0323410034179688 0.074981689453125 -0.301025390625
0.0681381225585938 0.0879974365234375 0.166412353515625 -0.205001831054687
0.062103271484375 0.193069458007813 -0.178848266601563 -0.00651550292968751
0.181106567382812 0.11395263671875 -0.173370361328125 0.153884887695312
0.19708251953125 -0.0463409423828125 -0.0315093994140625 0.243850708007813
0.0630035400390625 -0.168975830078125 0.079742431640625 0.178390502929688
-0.0768661499023437 -0.135093688964844 0.113357543945313 0.0785369873046875
-0.157318115234375 -0.0319976806640625 0.0681915283203125 0.01153564453125
-0.123504638671875 0.0496749877929688 0.00618553161621093 0.0104885101318359
-0.0933456420898438 0.0463027954101563 -0.0587158203125 0.0549545288085938
-0.12213134765625 0.0474166870117188 -0.13580322265625 0.0764389038085938
-0.1455078125 -0.0100860595703125 -0.220046997070313 0.0314178466796875
-0.098968505859375 -0.0920944213867187 -0.258880615234375 -0.05206298828125
-0.022064208984375 -0.141921997070313 -0.21783447265625 -0.190994262695313
0.124137878417969 -0.081329345703125 -0.06439208984375 -0.3255615234375
0.162277221679687 0.060455322265625 0.08380126953125 -0.281494140625
0.0952606201171875 0.142333984375 0.176193237304688 -0.171051025390625
0.0789337158203125 0.21588134765625 -0.173263549804688 0.0294342041015625
0.208663940429688 0.111526489257813 -0.184402465820313 0.162887573242188
0.204696655273438 -0.0657806396484375 -0.0530548095703125 0.276718139648438
0.0532989501953125 -0.183212280273438 0.09136962890625 0.2318115234375
-0.0902633666992188 -0.139007568359375 0.16375732421875 0.110000610351562
-0.173965454101563 -0.0292510986328125 0.129257202148438 0.0050048828125
-0.137870788574219 0.0551605224609375 0.0573768615722656 -0.0225715637207031
-0.109336853027344 0.051300048828125 -0.0201644897460938 0.0153465270996094
-0.146865844726563 0.0522918701171875 -0.0982437133789063 0.0442428588867187
-0.172744750976563 -0.0196380615234375 -0.17327880859375 0.0110015869140625
-0.114227294921875 -0.119377136230469 -0.2139892578125 -0.0514984130859375
-0.012481689453125 -0.17327880859375 -0.18536376953125 -0.1695556640625
0.159942626953125 -0.085052490234375 -0.051971435546875 -0.29364013671875
0.189361572265625 0.0870208740234375 0.09771728515625 -0.255050659179688
0.104721069335937 0.175323486328125 0.18701171875 -0.121597290039062
0.08203125 0.205886840820313 -0.165740966796875 0.08062744140625
0.19873046875 0.091461181640625 -0.184112548828125 0.194137573242187
0.17779541015625 -0.0688934326171875 -0.0426025390625 0.3126220703125
0.037353515625 -0.161758422851563 0.12799072265625 0.269378662109375
-0.088134765625 -0.118141174316406 0.217636108398438 0.1234130859375
-0.163253784179688 -0.021026611328125 0.189285278320313 -0.011474609375
-0.129524230957031 0.0505828857421875 0.105300903320313 -0.0585861206054688
-0.107383728027344 0.047454833984375 0.0205593109130859 -0.0246315002441406
-0.150238037109375 0.0452728271484375 -0.0516395568847656 0.00807571411132812
-0.171951293945313 -0.032684326171875 -0.114791870117188 -0.00679779052734378
-0.1024169921875 -0.1341552734375 -0.159255981445312 -0.04461669921875
0.011199951171875 -0.1749267578125 -0.150604248046875 -0.13873291015625
0.170089721679688 -0.0583648681640625 -0.0447998046875 -0.259796142578125
0.175979614257813 0.10784912109375 0.109054565429688 -0.229965209960938
0.090850830078125 0.178619384765625 0.191390991210938 -0.0654754638671875
0.070892333984375 0.16754150390625 -0.155517578125 0.13507080078125
0.156784057617187 0.0651702880859375 -0.167938232421875 0.23199462890625
0.133544921875 -0.0536422729492188 -0.01092529296875 0.3353271484375
0.0246658325195313 -0.117889404296875 0.169403076171875 0.282135009765625
-0.070281982421875 -0.0854034423828125 0.26068115234375 0.119873046875
-0.12823486328125 -0.012664794921875 0.234298706054688 -0.034454345703125
-0.103706359863281 0.0387725830078125 0.143020629882813 -0.093231201171875
-0.0902328491210938 0.0370101928710938 0.0570030212402344 -0.0617256164550781
-0.129081726074219 0.031707763671875 -0.00488662719726563 -0.0217685699462891
-0.14105224609375 -0.042510986328125 -0.0551185607910156 -0.0153884887695312
-0.0710067749023437 -0.123832702636719 -0.10943603515625 -0.0280380249023437
0.033782958984375 -0.139915466308594 -0.128143310546875 -0.10540771484375
0.145111083984375 -0.018829345703125 -0.0471649169921875 -0.236602783203125
0.129440307617188 0.10986328125 0.116729736328125 -0.215667724609375
0.0619354248046875 0.150863647460938 0.18927001953125 -0.0149993896484375
0.0473175048828125 0.109138488769531 -0.145721435546875 0.18048095703125
0.0920944213867188 0.0382843017578125 -0.142593383789063 0.263931274414063
0.0840377807617187 -0.025726318359375 0.02862548828125 0.342864990234375
0.0197334289550781 -0.0658988952636719 0.207473754882813 0.2774658203125
-0.0416145324707031 -0.0488662719726563 0.2872314453125 0.10540771484375
-0.0794754028320313 -0.009063720703125 0.26153564453125 -0.057281494140625
-0.0631866455078125 0.0191192626953125 0.167037963867188 -0.118881225585937
-0.0573539733886719 0.0209274291992188 0.0858840942382813 -0.0880279541015625
-0.0861434936523438 0.0131759643554687 0.0335617065429687 -0.0418510437011719
-0.0854339599609375 -0.0366592407226563 -0.00851631164550782 -0.0156583786010742
-0.0311660766601562 -0.0849227905273438 -0.0764541625976563 -0.0100021362304688
0.03704833984375 -0.0785980224609375 -0.119270324707031 -0.0836410522460938
0.0864639282226563 0.012847900390625 -0.0480194091796875 -0.232315063476563
0.0653915405273438 0.0803298950195313 0.1273193359375 -0.211288452148438
0.0302200317382813 0.0966262817382812 0.182327270507812 0.0248260498046875
-0.00442695617675781 -0.0100603103637695 -0.209716796875 -0.011322021484375
-0.00838184356689453 -0.011296272277832 -0.146377563476563 0.225296020507812
0.0125236511230469 -0.00674533843994141 0.0780487060546875 0.236175537109375
-0.00484800338745117 -0.00462436676025391 0.13226318359375 0.084075927734375
-0.00392723083496094 0.0143623352050781 0.0589408874511719 -0.00732421875
0.0224494934082031 0.0174465179443359 -0.0165596008300781 -0.0027761459350586
0.0308036804199219 0.00417709350585938 -0.0702705383300781 0.0556678771972656
0.0245628356933594 -0.00269317626953125 -0.114776611328125 0.109870910644531
0.0190258026123047 -0.00166702270507813 -0.186614990234375 0.117889404296875
0.0111875534057617 -0.00422954559326172 -0.27447509765625 0.04571533203125
0.0124845504760742 0.00131797790527344 -0.3145751953125 -0.073333740234375
0.000814437866210937 0.0117130279541016 -0.242324829101563 -0.245681762695312
-0.0246696472167969 0.0096282958984375 -0.03692626953125 -0.38037109375
-0.0368423461914063 -0.0289764404296875 0.096405029296875 -0.316619873046875
-0.0142707824707031 -0.0573387145996094 0.16644287109375 -0.222183227539062
0.02093505859375 0.0729904174804688 -0.202590942382813 -0.02484130859375
0.0626754760742188 0.0455284118652344 -0.155120849609375 0.205368041992188
0.0923919677734375 -0.0147628784179687 0.052490234375 0.239349365234375
0.0299148559570312 -0.0732421875 0.11651611328125 0.100425720214844
-0.0323295593261719 -0.0514144897460937 0.0620613098144531 0.00742721557617187
-0.0525856018066406 -0.00362777709960937 -0.0141658782958984 0.00264358520507813
-0.0327987670898438 0.0259456634521484 -0.0663528442382813 0.053802490234375
-0.0205326080322266 0.0191268920898437 -0.110687255859375 0.109237670898438
-0.0342559814453125 0.0186882019042969 -0.183944702148438 0.121795654296875
-0.0476264953613281 -0.00450897216796875 -0.271896362304688 0.0551300048828125
-0.0294418334960938 -0.0323314666748047 -0.314971923828125 -0.0582580566406251
-0.00937271118164063 -0.0441970825195313 -0.254928588867188 -0.227935791015625
0.0309410095214844 -0.0259284973144531 -0.065521240234375 -0.374481201171875
0.0413665771484375 0.003021240234375 0.07672119140625 -0.324920654296875
0.0311126708984375 0.0196914672851563 0.167678833007813 -0.233367919921875
0.0454254150390625 0.149551391601563 -0.194076538085937 -0.025848388671875
0.133399963378906 0.0940933227539063 -0.164901733398437 0.179718017578125
0.16363525390625 -0.0298614501953125 0.01177978515625 0.240280151367188
0.0562820434570313 -0.1365966796875 0.09576416015625 0.133148193359375
-0.0592803955078125 -0.107757568359375 0.0811386108398438 0.0396881103515625
-0.119285583496094 -0.0221099853515625 0.0157203674316406 0.0088357925415039
-0.0875778198242188 0.0430068969726562 -0.0382881164550781 0.0387306213378906
-0.0623512268066406 0.0371818542480469 -0.091094970703125 0.0921554565429688
-0.0844650268554688 0.0385208129882812 -0.1673583984375 0.109848022460937
-0.1055908203125 -0.00429534912109374 -0.258819580078125 0.0520172119140625
-0.0722274780273438 -0.0650558471679687 -0.3023681640625 -0.048431396484375
-0.0205307006835937 -0.0990753173828125 -0.252944946289063 -0.21173095703125
0.0826492309570313 -0.0621795654296875 -0.078460693359375 -0.361114501953125
0.116416931152344 0.031890869140625 0.07293701171875 -0.3184814453125
0.0738525390625 0.0908737182617188 0.173782348632812 -0.222137451171875
0.0678558349609375 0.204360961914063 -0.186996459960938 -0.00651550292968746
0.19287109375 0.115402221679688 -0.178665161132813 0.16455078125
0.209320068359375 -0.0536651611328125 -0.0286712646484375 0.2574462890625
0.06298828125 -0.182403564453125 0.086090087890625 0.185653686523438
-0.0842742919921875 -0.141311645507812 0.119171142578125 0.07952880859375
-0.166107177734375 -0.02923583984375 0.0696983337402344 0.0102996826171875
-0.128150939941406 0.0549163818359375 0.00634384155273437 0.0111923217773438
-0.09466552734375 0.0489044189453125 -0.0578269958496094 0.0597991943359375
-0.126091003417969 0.0531005859375 -0.1396484375 0.0834197998046875
-0.15350341796875 -0.00616455078124999 -0.228591918945312 0.0377655029296875
-0.107521057128906 -0.0963287353515625 -0.272247314453125 -0.0471649169921875
-0.0259246826171875 -0.149459838867188 -0.23248291015625 -0.195571899414062
0.131599426269531 -0.08819580078125 -0.075897216796875 -0.33843994140625
0.175048828125 0.0598602294921875 0.08184814453125 -0.2998046875
0.104476928710938 0.147979736328125 0.185134887695313 -0.186965942382813
0.0849151611328125 0.22894287109375 -0.181472778320313 0.033782958984375
0.221817016601563 0.1131591796875 -0.192214965820312 0.174041748046875
0.216659545898438 -0.07464599609375 -0.0506591796875 0.292755126953125
0.0535430908203125 -0.195343017578125 0.099853515625 0.241226196289063
-0.0988922119140625 -0.144683837890625 0.1727294921875 0.111495971679687
-0.184661865234375 -0.0269775390625 0.13531494140625 0.00258636474609375
-0.142715454101563 0.0600433349609375 0.0594863891601563 -0.0252952575683594
-0.112464904785156 0.0542068481445312 -0.0186386108398438 0.0171260833740234
-0.151443481445313 0.057891845703125 -0.100502014160156 0.0477981567382812
-0.18182373046875 -0.014495849609375 -0.180099487304688 0.0155181884765625
-0.1243896484375 -0.124732971191406 -0.224151611328125 -0.0487060546875
-0.0169219970703125 -0.182907104492188 -0.197418212890625 -0.173324584960938
0.169082641601563 -0.091461181640625 -0.062469482421875 -0.305450439453125
0.204971313476562 0.088287353515625 0.0956878662109375 -0.271865844726563
0.114273071289063 0.182449340820313 0.19677734375 -0.134628295898438
0.0885162353515625 0.219039916992187 -0.173736572265625 0.087127685546875
0.2095947265625 0.091796875 -0.191879272460937 0.207717895507813
0.186981201171875 -0.0763397216796875 -0.039306640625 0.330108642578125
0.0359344482421875 -0.172286987304688 0.138870239257812 0.279251098632813
-0.0955886840820313 -0.121795654296875 0.231170654296875 0.124252319335937
-0.171493530273438 -0.017822265625 0.197601318359375 -0.01702880859375
-0.135032653808594 0.0560760498046875 0.108917236328125 -0.0654449462890625
-0.111305236816406 0.0509109497070313 0.0223598480224609 -0.0263328552246094
-0.155014038085938 0.0518646240234375 -0.0529708862304688 0.00926208496093751
-0.182952880859375 -0.029754638671875 -0.121192932128906 -0.00514221191406249
-0.113800048828125 -0.141036987304688 -0.165740966796875 -0.042022705078125
0.00856018066406251 -0.185592651367188 -0.159210205078125 -0.140762329101563
0.182327270507813 -0.0635986328125 -0.053863525390625 -0.269699096679688
0.191925048828125 0.111038208007813 0.108230590820312 -0.244964599609375
0.100006103515625 0.185958862304688 0.201705932617187 -0.0754547119140625
0.07586669921875 0.177719116210938 -0.16278076171875 0.145965576171875
0.164581298828125 0.0656280517578125 -0.173736572265625 0.247955322265625
0.140655517578125 -0.0593109130859375 -0.00531005859374997 0.35400390625
0.0247344970703125 -0.125556945800781 0.18389892578125 0.292510986328125
-0.0755081176757813 -0.08782958984375 0.2752685546875 0.119171142578125
-0.134895324707031 -0.0100250244140625 0.244857788085937 -0.0423736572265625
-0.106819152832031 0.042572021484375 0.147613525390625 -0.102005004882813
-0.09210205078125 0.039154052734375 0.0599746704101562 -0.0661163330078125
-0.134307861328125 0.0360641479492188 -0.00440406799316407 -0.0241680145263672
-0.149826049804688 -0.0397796630859375 -0.0579109191894531 -0.0163307189941406
-0.0787124633789063 -0.131019592285156 -0.112541198730469 -0.0258712768554688
0.033111572265625 -0.14892578125 -0.135231018066406 -0.105567932128906
0.156524658203125 -0.0206298828125 -0.05694580078125 -0.245681762695313
0.141860961914062 0.112808227539062 0.11639404296875 -0.230300903320312
0.069000244140625 0.158157348632813 0.199935913085938 -0.02099609375
0.0502471923828125 0.115608215332031 -0.15203857421875 0.194000244140625
0.0963363647460938 0.039031982421875 -0.1470947265625 0.281494140625
0.0880203247070313 -0.0289077758789063 0.035736083984375 0.3602294921875
0.0201644897460938 -0.0696487426757813 0.222503662109375 0.286285400390625
-0.0446586608886719 -0.0500984191894531 0.303131103515625 0.102996826171875
-0.0832061767578125 -0.00637054443359375 0.27264404296875 -0.0679931640625
-0.0651626586914062 0.0220680236816406 0.172225952148438 -0.130752563476563
-0.0591316223144531 0.0223655700683594 0.0874862670898438 -0.0948257446289063
-0.0887451171875 0.0169219970703125 0.0358238220214844 -0.0467338562011719
-0.0917739868164063 -0.0362777709960938 -0.00734901428222657 -0.0174484252929688
-0.0357437133789062 -0.0897674560546875 -0.07781982421875 -0.00716400146484374
0.0376663208007813 -0.084075927734375 -0.127212524414063 -0.0838699340820313
0.0940628051757813 0.0129318237304688 -0.058258056640625 -0.241592407226562
0.0721664428710938 0.0843582153320313 0.126907348632813 -0.2269287109375
0.0342025756835937 0.100517272949219 0.191986083984375 0.02130126953125
-0.00555038452148437 -0.0108747482299805 -0.219406127929688 -0.00436401367187504
-0.0119161605834961 -0.0128927230834961 -0.140411376953125 0.247787475585937
0.011622428894043 -0.00961875915527344 0.096282958984375 0.245010375976563
-0.00584888458251953 -0.00441837310791015 0.142166137695313 0.0800018310546875
-0.00262832641601562 0.0146703720092773 0.0592308044433594 -0.0125732421875
0.0254058837890625 0.0156822204589844 -0.0191440582275391 -0.00101470947265625
0.0323352813720703 0.00219535827636719 -0.070556640625 0.064788818359375
0.0277729034423828 -0.00560760498046875 -0.112571716308594 0.12347412109375
0.0205421447753906 -0.00240898132324219 -0.189437866210938 0.135101318359375
0.0103378295898437 -0.00480079650878906 -0.286041259765625 0.0639038085937499
0.0118570327758789 0.0009613037109375 -0.334747314453125 -0.0599365234374999
0.00359249114990234 0.0114011764526367 -0.27044677734375 -0.24609375
-0.0242633819580078 0.0119857788085937 -0.05963134765625 -0.3995361328125
-0.0409812927246094 -0.0275535583496094 0.08404541015625 -0.34112548828125
-0.0177001953125 -0.0602684020996094 0.168609619140625 -0.24591064453125
0.0240402221679688 0.0777740478515625 -0.210845947265625 -0.0200347900390625
0.0665054321289062 0.0465164184570313 -0.151443481445312 0.22564697265625
0.096160888671875 -0.0227508544921875 0.0687255859375 0.249618530273438
0.0268630981445313 -0.0797348022460938 0.128410339355469 0.0969161987304688
-0.0355339050292969 -0.0539436340332031 0.062774658203125 0.0014495849609375
-0.0558090209960937 -0.000812530517578115 -0.0169429779052734 0.00417423248291016
-0.032623291015625 0.0268650054931641 -0.0669631958007813 0.0609626770019531
-0.0193519592285156 0.0181694030761719 -0.106483459472656 0.12054443359375
-0.0327167510986328 0.0218696594238281 -0.185867309570313 0.137008666992188
-0.0517311096191406 -0.000598907470703131 -0.2838134765625 0.073272705078125
-0.0358390808105469 -0.0322990417480469 -0.334014892578125 -0.043731689453125
-0.0115547180175781 -0.0478096008300781 -0.279556274414063 -0.224884033203125
0.0329093933105469 -0.028564453125 -0.089324951171875 -0.390167236328125
0.0457229614257813 -5.7220458984375E-05 0.0634765625 -0.348663330078125
0.0340633392333984 0.0181770324707031 0.167800903320312 -0.259307861328125
0.0532989501953125 0.157073974609375 -0.20513916015625 -0.0206146240234375
0.14471435546875 0.0929412841796875 -0.165069580078125 0.197784423828125
0.173492431640625 -0.0418853759765625 0.0247802734375 0.253219604492188
0.0526580810546875 -0.148330688476563 0.107505798339844 0.133598327636719
-0.068267822265625 -0.111099243164063 0.084442138671875 0.0377349853515625
-0.128265380859375 -0.0168533325195312 0.0138483047485351 0.0101804733276367
-0.0906143188476562 0.0486297607421875 -0.0372390747070313 0.0436134338378906
-0.0637855529785156 0.0376167297363281 -0.0882034301757812 0.102584838867188
-0.0844955444335938 0.0441818237304688 -0.169403076171875 0.125152587890625
-0.112098693847656 0.00241851806640626 -0.268585205078125 0.0693969726562499
-0.0824737548828125 -0.06640625 -0.320068359375 -0.03521728515625
-0.0285186767578125 -0.103813171386719 -0.277145385742188 -0.209243774414063
0.0862045288085937 -0.0708999633789063 -0.103118896484375 -0.375335693359375
0.126625061035156 0.0266952514648438 0.059539794921875 -0.342987060546875
0.08233642578125 0.0907363891601563 0.176513671875 -0.248916625976563
0.0802764892578125 0.215591430664063 -0.19732666015625 -0.000183105468750008
0.209396362304688 0.113754272460938 -0.180160522460938 0.18359375
0.220306396484375 -0.0697021484375 -0.01519775390625 0.27520751953125
0.0574951171875 -0.19830322265625 0.099578857421875 0.190505981445312
-0.0977325439453125 -0.145767211914063 0.128334045410156 0.0764236450195312
-0.177093505859375 -0.021209716796875 0.0727157592773437 0.00850677490234375
-0.129554748535156 0.065185546875 0.00919342041015624 0.0116643905639648
-0.0953445434570312 0.0545120239257813 -0.0550727844238281 0.0663032531738281
-0.127914428710938 0.0632553100585938 -0.141937255859375 0.0953826904296875
-0.162353515625 0.00469970703124998 -0.23779296875 0.0522308349609375
-0.11981201171875 -0.096893310546875 -0.2891845703125 -0.036346435546875
-0.033721923828125 -0.156723022460938 -0.256301879882813 -0.19183349609375
0.137710571289063 -0.101814270019531 -0.09857177734375 -0.35321044921875
0.190582275390625 0.05322265625 0.06939697265625 -0.322113037109375
0.118438720703125 0.151168823242188 0.187713623046875 -0.212020874023438
0.0999755859375 0.241119384765625 -0.1907958984375 0.0437469482421875
0.240234375 0.10791015625 -0.195770263671875 0.194122314453125
0.226364135742187 -0.092864990234375 -0.03631591796875 0.313140869140625
0.04669189453125 -0.21063232421875 0.118927001953125 0.248733520507813
-0.111526489257812 -0.148483276367188 0.187973022460938 0.109024047851563
-0.196533203125 -0.016876220703125 0.141342163085938 -0.0055389404296875
-0.146224975585938 0.072784423828125 0.0624618530273437 -0.0310821533203125
-0.115501403808594 0.0612869262695313 -0.015625 0.0187358856201172
-0.153701782226562 0.0723876953125 -0.102378845214844 0.0546340942382813
-0.195648193359375 -0.00329589843750004 -0.190673828125 0.0250091552734375
-0.140350341796875 -0.124961853027344 -0.236846923828125 -0.0374908447265625
-0.0273284912109375 -0.195327758789062 -0.216201782226563 -0.170639038085938
0.1773681640625 -0.104934692382812 -0.08135986328125 -0.318389892578125
0.223587036132813 0.0807342529296875 0.08624267578125 -0.294464111328125
0.129669189453125 0.186309814453125 0.201034545898438 -0.158462524414063
0.1025390625 0.229156494140625 -0.179183959960938 0.099884033203125
0.225494384765625 0.0853271484375 -0.192794799804688 0.229583740234375
0.1949462890625 -0.0931396484375 -0.02392578125 0.3526611328125
0.0272064208984375 -0.185867309570313 0.161590576171875 0.287109375
-0.106887817382813 -0.124595642089844 0.250808715820312 0.1192626953125
-0.180953979492187 -0.00885009765624998 0.203887939453125 -0.0295562744140625
-0.13897705078125 0.066009521484375 0.111885070800781 -0.076324462890625
-0.113487243652344 0.0555038452148437 0.0246620178222656 -0.0305233001708984
-0.159866333007812 0.06292724609375 -0.0551376342773438 0.011688232421875
-0.194992065429687 -0.0187530517578125 -0.127677917480469 -0.000656127929687514
-0.1297607421875 -0.143798828125 -0.173538208007813 -0.0353851318359375
0.0006256103515625 -0.198287963867188 -0.174468994140625 -0.138534545898438
0.193405151367188 -0.0772857666015625 -0.0720977783203125 -0.279739379882813
0.212066650390625 0.105926513671875 0.100509643554688 -0.266586303710938
0.115402221679687 0.192108154296875 0.209716796875 -0.0938720703125
0.0868988037109375 0.18798828125 -0.165985107421875 0.16278076171875
0.175048828125 0.060882568359375 -0.172210693359375 0.272537231445313
0.14678955078125 -0.0713043212890625 0.014251708984375 0.374847412109375
0.0196990966796875 -0.135078430175781 0.2080078125 0.29827880859375
-0.08355712890625 -0.0894241333007812 0.297149658203125 0.11016845703125
-0.142578125 -0.00270080566406252 0.254592895507813 -0.0598602294921875
-0.1090087890625 0.0493621826171875 0.148544311523438 -0.119094848632813
-0.0946426391601563 0.0431442260742187 0.060638427734375 -0.0743789672851563
-0.137847900390625 0.0447463989257813 -0.00546073913574219 -0.0267505645751953
-0.16156005859375 -0.0330352783203125 -0.0598678588867188 -0.0161399841308594
-0.0930938720703125 -0.136589050292969 -0.1168212890625 -0.0221633911132812
0.0274810791015625 -0.1610107421875 -0.146804809570312 -0.101333618164063
0.167739868164063 -0.03057861328125 -0.0741729736328125 -0.25360107421875
0.157470703125 0.111907958984375 0.108200073242188 -0.251266479492188
0.081695556640625 0.162109375 0.209701538085938 -0.034881591796875
0.0588531494140625 0.122627258300781 -0.154876708984375 0.2132568359375
0.101493835449219 0.0365524291992187 -0.142333984375 0.30706787109375
0.0916976928710938 -0.0364303588867188 0.057281494140625 0.37884521484375
0.0189743041992188 -0.0746612548828125 0.24945068359375 0.288299560546875
-0.0496368408203125 -0.0508041381835937 0.324859619140625 0.09130859375
-0.0878829956054688 -0.00177764892578125 0.28228759765625 -0.088043212890625
-0.0675468444824219 0.0267753601074219 0.172760009765625 -0.14898681640625
-0.0618133544921875 0.0238723754882813 0.0876541137695313 -0.108100891113281
-0.09112548828125 0.0212478637695313 0.03363037109375 -0.0520782470703125
-0.0991744995117188 -0.0332489013671875 -0.00742340087890626 -0.0190162658691406
-0.0449447631835937 -0.0966339111328125 -0.0796432495117187 -0.0045318603515625
0.0352325439453125 -0.0924148559570313 -0.134574890136719 -0.0762100219726562
0.102584838867188 0.0085296630859375 -0.0770111083984375 -0.250274658203125
0.0831680297851563 0.085479736328125 0.11907958984375 -0.2490234375
0.0407333374023438 0.102371215820313 0.20416259765625 0.0105438232421875
-0.00805950164794922 -0.0105600357055664 -0.2247314453125 0.00904846191406251
-0.01739501953125 -0.0118608474731445 -0.125625610351563 0.266464233398438
0.00846004486083985 -0.0140142440795898 0.12200927734375 0.244125366210938
-0.00476169586181641 -0.00546121597290039 0.153213500976563 0.06988525390625
-0.000600814819335936 0.0181407928466797 0.056060791015625 -0.01751708984375
0.0268707275390625 0.0135993957519531 -0.0240631103515625 0.00130462646484375
0.0343551635742188 -0.00164794921875 -0.069732666015625 0.0706558227539063
0.0291061401367187 -0.00835418701171875 -0.10321044921875 0.136711120605469
0.0221996307373047 -0.00385475158691406 -0.185989379882813 0.1553955078125
0.0118007659912109 -0.00593852996826172 -0.28741455078125 0.0881652832031251
0.0130510330200195 -0.000956535339355469 -0.35040283203125 -0.033233642578125
0.00394630432128906 0.0109834671020508 -0.296783447265625 -0.228363037109375
-0.0243854522705078 0.0129928588867188 -0.093048095703125 -0.405120849609375
-0.0434341430664063 -0.0266609191894531 0.058349609375 -0.361083984375
-0.0247879028320312 -0.0626068115234375 0.155319213867188 -0.2711181640625
0.028472900390625 0.08001708984375 -0.218215942382813 -0.00836181640624999
0.0707778930664063 0.0454483032226563 -0.135330200195313 0.24420166015625
0.0983505249023438 -0.030487060546875 0.0949249267578125 0.252685546875
0.0192489624023438 -0.085723876953125 0.135231018066406 0.0883331298828125
-0.0419807434082031 -0.049957275390625 0.0633201599121094 -0.002410888671875
-0.059356689453125 0.00453948974609375 -0.0192489624023438 0.00643348693847656
-0.0251140594482422 0.0319366455078125 -0.0625190734863281 0.0687675476074219
-0.0195159912109375 0.0194244384765625 -0.0969924926757813 0.132560729980469
-0.0304927825927734 0.0269851684570313 -0.178054809570313 0.159927368164062
-0.0543060302734375 0.00419616699218751 -0.287689208984375 0.098785400390625
-0.0427780151367188 -0.0316810607910156 -0.347869873046875 -0.015533447265625
-0.0161209106445312 -0.0488510131835937 -0.310821533203125 -0.210601806640625
0.0320816040039063 -0.0379524230957031 -0.1259765625 -0.395721435546875
0.045654296875 -0.00522994995117188 0.03887939453125 -0.3662109375
0.0351791381835938 0.01556396484375 0.15594482421875 -0.2843017578125
0.0660552978515625 0.162078857421875 -0.21075439453125 -0.00794982910156246
0.153564453125 0.083831787109375 -0.153961181640625 0.216720581054688
0.178955078125 -0.055694580078125 0.0482940673828125 0.2606201171875
0.038970947265625 -0.161270141601563 0.120689392089844 0.130813598632813
-0.0793304443359375 -0.109176635742188 0.0924148559570313 0.032684326171875
-0.132179260253906 -0.00689697265625002 0.0175018310546875 0.00758266448974609
-0.0882110595703125 0.05841064453125 -0.0361709594726563 0.0480728149414063
-0.0623245239257813 0.0470619201660156 -0.0793685913085938 0.110191345214844
-0.083282470703125 0.053436279296875 -0.163101196289063 0.145034790039063
-0.11260986328125 0.013214111328125 -0.270538330078125 0.09295654296875
-0.087554931640625 -0.0621414184570312 -0.32928466796875 -0.008636474609375
-0.0366897583007813 -0.106048583984375 -0.30145263671875 -0.191864013671875
0.0874176025390625 -0.0803451538085938 -0.13568115234375 -0.379180908203125
0.131622314453125 0.0151290893554688 0.031463623046875 -0.357940673828125
0.0932388305664063 0.086517333984375 0.162155151367188 -0.276107788085938
0.1004638671875 0.218673706054688 -0.20159912109375 0.014404296875
0.221832275390625 0.100906372070313 -0.171112060546875 0.20172119140625
0.224349975585938 -0.0907135009765625 0.00683593749999999 0.285369873046875
0.0423431396484375 -0.210296630859375 0.114501953125 0.185287475585938
-0.108596801757812 -0.139656066894531 0.1395263671875 0.0699920654296875
-0.185836791992187 -0.01080322265625 0.0729446411132812 0.0031280517578125
-0.1300048828125 0.0755767822265625 0.0101709365844726 0.0102939605712891
-0.0954437255859375 0.059295654296875 -0.0493240356445313 0.0716323852539062
-0.125068664550781 0.076416015625 -0.140098571777344 0.111030578613281
-0.168182373046875 0.0190277099609375 -0.242568969726562 0.0704193115234375
-0.134681701660156 -0.09136962890625 -0.300872802734375 -0.0161437988281249
-0.0485382080078125 -0.162246704101563 -0.277587890625 -0.179443359375
0.13922119140625 -0.114151000976563 -0.128936767578125 -0.354248046875
0.203704833984375 0.037445068359375 0.042327880859375 -0.338653564453125
0.13336181640625 0.147201538085937 0.1790771484375 -0.236770629882812
0.121383666992187 0.244354248046875 -0.192779541015625 0.0579071044921875
0.256881713867188 0.0907440185546875 -0.18792724609375 0.217071533203125
0.227890014648438 -0.114715576171875 -0.01007080078125 0.322174072265625
0.0273895263671875 -0.221893310546875 0.141021728515625 0.246627807617187
-0.127456665039063 -0.144912719726562 0.198867797851563 0.096527099609375
-0.206771850585938 -0.00164794921874997 0.147232055664063 -0.016998291015625
-0.1434326171875 0.0828399658203125 0.0594482421875 -0.0340080261230469
-0.112380981445312 0.0731277465820313 -0.0138835906982422 0.0237884521484375
-0.151214599609375 0.0847625732421875 -0.101303100585938 0.0654220581054688
-0.198074340820312 0.0158843994140625 -0.194503784179688 0.040069580078125
-0.161285400390625 -0.11761474609375 -0.246444702148438 -0.024566650390625
-0.0426025390625 -0.199142456054687 -0.232772827148437 -0.1588134765625
0.179229736328125 -0.127044677734375 -0.114410400390625 -0.320709228515625
0.240020751953125 0.0657501220703125 0.064727783203125 -0.310333251953125
0.149993896484375 0.179367065429688 0.195968627929688 -0.183792114257813
0.127700805664062 0.235885620117188 -0.177169799804688 0.119766235351562
0.239517211914063 0.06964111328125 -0.180435180664063 0.25274658203125
0.194488525390625 -0.114715576171875 0.00717163085937501 0.362762451171875
0.0139007568359375 -0.195327758789063 0.1851806640625 0.280502319335938
-0.122024536132813 -0.121383666992187 0.266937255859375 0.104354858398437
-0.185440063476563 0.00692749023437498 0.205078125 -0.04779052734375
-0.134025573730469 0.0781707763671875 0.106033325195312 -0.0908203125
-0.110916137695313 0.0649566650390625 0.0244598388671875 -0.0319175720214844
-0.156936645507812 0.078643798828125 -0.0544357299804688 0.0139961242675781
-0.200225830078125 -0.00183105468750003 -0.132537841796875 0.00950622558593748
-0.152313232421875 -0.1380615234375 -0.181594848632813 -0.023895263671875
-0.0174407958984375 -0.206710815429687 -0.185943603515625 -0.129730224609375
0.197616577148437 -0.098297119140625 -0.101242065429687 -0.279190063476563
0.228530883789063 0.0935211181640625 0.077423095703125 -0.283660888671875
0.135498046875 0.1885986328125 0.207183837890625 -0.118072509765625
0.106521606445313 0.192901611328125 -0.159774780273438 0.1796875
0.182449340820313 0.04998779296875 -0.158660888671875 0.2974853515625
0.145248413085938 -0.0877532958984375 0.045166015625 0.3863525390625
0.0103759765625 -0.144363403320313 0.237335205078125 0.28973388671875
-0.093475341796875 -0.0880050659179687 0.31195068359375 0.088958740234375
-0.145553588867187 0.010528564453125 0.257766723632813 -0.0812530517578125
-0.110153198242188 0.0615615844726562 0.141921997070313 -0.135238647460938
-0.09381103515625 0.050445556640625 0.05670166015625 -0.0841140747070313
-0.136528015136719 0.05755615234375 -0.0096263885498047 -0.0257358551025391
-0.169647216796875 -0.02032470703125 -0.0641517639160156 -0.0132179260253906
-0.11260986328125 -0.133796691894531 -0.12109375 -0.01214599609375
0.0138397216796875 -0.1717529296875 -0.157485961914063 -0.0911407470703125
0.172760009765625 -0.044342041015625 -0.097442626953125 -0.251968383789063
0.175064086914062 0.100143432617187 0.0855560302734375 -0.270004272460938
0.0970916748046875 0.15985107421875 0.214324951171875 -0.057342529296875
0.0687408447265625 0.125816345214844 -0.144027709960938 0.231094360351563
0.10614013671875 0.0347442626953125 -0.12811279296875 0.33135986328125
0.0954742431640625 -0.0459976196289063 0.091644287109375 0.38824462890625
0.0109329223632813 -0.0779190063476563 0.281402587890625 0.278961181640625
-0.0530433654785156 -0.0469779968261719 0.338836669921875 0.064361572265625
-0.0934524536132813 0.00605010986328125 0.2823486328125 -0.11480712890625
-0.0648460388183594 0.0293006896972656 0.163604736328125 -0.169540405273438
-0.0602836608886719 0.0254631042480469 0.0844192504882813 -0.118003845214844
-0.093902587890625 0.028961181640625 0.0334625244140625 -0.0592498779296875
-0.1033935546875 -0.025665283203125 -0.00872611999511719 -0.0235576629638672
-0.053924560546875 -0.0954208374023437 -0.0790786743164063 0.00425720214843749
0.0303573608398437 -0.100837707519531 -0.144241333007813 -0.064849853515625
0.109901428222656 0.00222015380859375 -0.101837158203125 -0.246017456054687
0.09393310546875 0.0836639404296875 0.100692749023438 -0.266769409179688
0.0505828857421875 0.101181030273438 0.209457397460938 -0.00320434570312499
-0.00795936584472656 -0.00922298431396485 -0.223709106445313 0.02301025390625
-0.0185928344726562 -0.0105934143066406 -0.102371215820312 0.274490356445313
0.00689029693603516 -0.0141916275024414 0.141555786132812 0.232315063476563
-0.0104618072509766 -0.00610923767089844 0.155960083007812 0.055816650390625
-0.00163745880126953 0.015131950378418 0.0523300170898438 -0.0224227905273438
0.0282421112060547 0.0109577178955078 -0.0250377655029297 0.00652503967285156
0.0348148345947266 -0.00749397277832031 -0.0616302490234375 0.0804672241210938
0.0280055999755859 -0.0112972259521484 -0.088134765625 0.1446533203125
0.0225791931152344 -0.00838088989257813 -0.171401977539063 0.169036865234375
0.010345458984375 -0.00674915313720703 -0.278656005859375 0.11102294921875
0.0108432769775391 -0.00137233734130859 -0.349822998046875 -0.00637817382812501
0.00433111190795898 0.00876140594482422 -0.315277099609375 -0.20428466796875
-0.0209236145019531 0.0150985717773438 -0.121551513671875 -0.396820068359375
-0.0452995300292969 -0.0228614807128906 0.03271484375 -0.365264892578125
-0.0269050598144531 -0.0614013671875 0.138214111328125 -0.288177490234375
0.034637451171875 0.0789794921875 -0.21868896484375 0.00819396972656246
0.0738677978515625 0.0383529663085938 -0.118118286132813 0.255828857421875
0.0959320068359375 -0.0406875610351563 0.115081787109375 0.241302490234375
0.0118865966796875 -0.0897064208984375 0.141311645507813 0.07586669921875
-0.0456771850585938 -0.0494880676269531 0.0576934814453125 -0.00809860229492188
-0.05975341796875 0.00569915771484376 -0.0186672210693359 0.0117130279541016
-0.0262603759765625 0.0297031402587891 -0.0567703247070313 0.0774002075195313
-0.0179290771484375 0.0181694030761719 -0.083953857421875 0.1409912109375
-0.0292892456054688 0.0261707305908203 -0.16796875 0.17095947265625
-0.0526313781738281 0.00839233398437501 -0.275314331054688 0.119308471679687
-0.043365478515625 -0.0274543762207031 -0.346282958984375 0.01165771484375
-0.0199851989746094 -0.0495834350585938 -0.32366943359375 -0.183837890625
0.0314826965332031 -0.0374412536621094 -0.154937744140625 -0.381866455078125
0.0484390258789063 -0.00942230224609375 0.00952148437499996 -0.3702392578125
0.0370292663574219 0.013427734375 0.13232421875 -0.29931640625
0.078643798828125 0.160232543945313 -0.211166381835938 0.00712585449218753
0.161056518554688 0.076141357421875 -0.134124755859375 0.2283935546875
0.172225952148438 -0.07244873046875 0.0722198486328125 0.252365112304688
0.0272064208984375 -0.164703369140625 0.123893737792969 0.117156982421875
-0.0919723510742188 -0.104904174804687 0.0887603759765625 0.0256118774414062
-0.133712768554688 0.00444793701171873 0.0152797698974609 0.0125827789306641
-0.0825424194335938 0.062591552734375 -0.03057861328125 0.0516357421875
-0.0589065551757813 0.0458221435546875 -0.065826416015625 0.116111755371094
-0.0778579711914063 0.0599441528320313 -0.15069580078125 0.153640747070313
-0.111572265625 0.0242233276367188 -0.262557983398438 0.113739013671875
-0.0986175537109375 -0.0511932373046875 -0.32928466796875 0.016571044921875
-0.045806884765625 -0.1044921875 -0.316650390625 -0.167510986328125
0.081756591796875 -0.0854415893554688 -0.16595458984375 -0.364044189453125
0.136337280273438 0.00411224365234375 0.00625610351562499 -0.362457275390625
0.099822998046875 0.0796737670898438 0.141143798828125 -0.290496826171875
0.116729736328125 0.21539306640625 -0.202789306640625 0.0275115966796875
0.231109619140625 0.085479736328125 -0.154129028320312 0.215072631835938
0.216903686523437 -0.109573364257813 0.032257080078125 0.279891967773438
0.0257110595703125 -0.218841552734375 0.126953125 0.177719116210938
-0.124870300292969 -0.136024475097656 0.140716552734375 0.0589752197265625
-0.184539794921875 0.00758361816406254 0.0730743408203125 -0.0004730224609375
-0.120674133300781 0.0855331420898438 0.0122184753417969 0.0102548599243164
-0.0912551879882813 0.0662612915039063 -0.0412979125976563 0.0719223022460938
-0.116645812988281 0.08258056640625 -0.128395080566406 0.121650695800781
-0.1651611328125 0.0321807861328125 -0.23541259765625 0.09228515625
-0.14300537109375 -0.0785675048828125 -0.298004150390625 0.0108032226562501
-0.060882568359375 -0.159957885742188 -0.289215087890625 -0.154693603515625
0.129348754882813 -0.128379821777344 -0.156036376953125 -0.340576171875
0.20892333984375 0.021453857421875 0.01898193359375 -0.342315673828125
0.143585205078125 0.137771606445313 0.15875244140625 -0.256790161132813
0.140838623046875 0.240493774414063 -0.189254760742188 0.0720672607421875
0.260833740234375 0.0748138427734375 -0.169113159179688 0.23004150390625
0.221237182617188 -0.135711669921875 0.014801025390625 0.325103759765625
0.011474609375 -0.227096557617188 0.155075073242188 0.236129760742187
-0.139633178710938 -0.136260986328125 0.2081298828125 0.0784912109375
-0.201995849609375 0.0167083740234375 0.142578125 -0.0251617431640625
-0.135772705078125 0.0930938720703125 0.0580291748046875 -0.04205322265625
-0.109886169433594 0.0737533569335938 -0.0106773376464844 0.0175609588623047
-0.143096923828125 0.0970001220703125 -0.0970687866210938 0.0734100341796875
-0.197296142578125 0.0331268310546875 -0.192657470703125 0.0554962158203125
-0.17169189453125 -0.105575561523438 -0.24603271484375 0.000640869140624987
-0.057373046875 -0.198348999023438 -0.246719360351562 -0.138336181640625
0.168228149414063 -0.137680053710938 -0.135284423828125 -0.3060302734375
0.24755859375 0.045074462890625 0.03955078125 -0.31634521484375
0.162567138671875 0.17315673828125 0.181198120117187 -0.200180053710938
0.14276123046875 0.226348876953125 -0.169464111328125 0.132553100585938
0.24066162109375 0.05413818359375 -0.160232543945313 0.266464233398438
0.188385009765625 -0.12725830078125 0.03460693359375 0.36309814453125
0.00106811523437498 -0.1983642578125 0.20684814453125 0.268203735351563
-0.13055419921875 -0.11279296875 0.271194458007813 0.07958984375
-0.187240600585937 0.019439697265625 0.202713012695313 -0.0633697509765625
-0.129959106445313 0.0856170654296875 0.0956344604492188 -0.0989303588867188
-0.1077880859375 0.0705337524414063 0.0222930908203125 -0.039581298828125
-0.15087890625 0.088348388671875 -0.0540199279785156 0.0193328857421875
-0.203323364257813 0.0153045654296875 -0.130615234375 0.0190811157226563
-0.16314697265625 -0.128631591796875 -0.180938720703125 -0.010650634765625
-0.032928466796875 -0.206069946289062 -0.193618774414062 -0.113983154296875
0.190872192382813 -0.111618041992187 -0.119003295898437 -0.267913818359375
0.236892700195313 0.0738677978515625 0.054779052734375 -0.28900146484375
0.146133422851563 0.180938720703125 0.199325561523437 -0.13641357421875
0.122268676757812 0.188262939453125 -0.148895263671875 0.19476318359375
0.186386108398438 0.0380096435546875 -0.13525390625 0.308258056640625
0.140472412109375 -0.0989608764648438 0.077117919921875 0.38134765625
-0.00329589843750001 -0.143646240234375 0.257461547851563 0.271453857421875
-0.100456237792969 -0.0791244506835937 0.32037353515625 0.064056396484375
-0.1458740234375 0.021697998046875 0.246231079101562 -0.101760864257812
-0.10235595703125 0.0668487548828125 0.129684448242188 -0.147872924804688
-0.0911788940429687 0.0547027587890625 0.048858642578125 -0.0882568359375
-0.133270263671875 0.0665206909179688 -0.0107517242431641 -0.0283794403076172
-0.170455932617187 -0.00556945800781247 -0.0651130676269531 -0.0100822448730469
-0.123252868652344 -0.125015258789063 -0.11834716796875 -0.00205230712890624
0.001922607421875 -0.172821044921875 -0.160903930664063 -0.0810089111328125
0.173416137695313 -0.05999755859375 -0.118026733398437 -0.24029541015625
0.1865234375 0.0866546630859375 0.0638427734375 -0.27374267578125
0.104537963867188 0.155166625976563 0.207733154296875 -0.074066162109375
0.0802764892578125 0.124298095703125 -0.12762451171875 0.246353149414063
0.109024047851563 0.02508544921875 -0.09857177734375 0.33935546875
0.0904693603515625 -0.0518722534179687 0.121917724609375 0.378997802734375
0.006744384765625 -0.080535888671875 0.301177978515625 0.255706787109375
-0.0573997497558594 -0.0430984497070313 0.34417724609375 0.03875732421875
-0.0902252197265625 0.0130462646484375 0.268310546875 -0.136550903320312
-0.0631904602050781 0.0358161926269531 0.147735595703125 -0.182861328125
-0.0591888427734375 0.0295028686523438 0.0734405517578125 -0.125968933105469
-0.0907211303710938 0.03619384765625 0.0262718200683594 -0.06353759765625
-0.105880737304688 -0.0162124633789063 -0.0103034973144531 -0.0197334289550781
-0.0645370483398438 -0.0903549194335938 -0.0758132934570312 0.00666809082031251
0.0218429565429687 -0.102363586425781 -0.147964477539063 -0.0563507080078125
0.10992431640625 -0.0050506591796875 -0.123199462890625 -0.235885620117188
0.101097106933594 0.0743255615234375 0.0735321044921875 -0.273681640625
0.0562362670898438 0.0980606079101562 0.205718994140625 -0.023162841796875
-0.00970268249511719 -0.00903129577636719 -0.216781616210938 0.0303955078125
-0.0188999176025391 -0.00789451599121094 -0.082855224609375 0.274642944335938
0.00520038604736328 -0.0147056579589844 0.15264892578125 0.219497680664062
-0.0126485824584961 -0.00480175018310547 0.15277099609375 0.0444183349609375
-0.00134086608886719 0.0159091949462891 0.0447235107421875 -0.0234336853027344
0.0260276794433594 0.00932693481445313 -0.0266284942626953 0.00879859924316406
0.0329723358154297 -0.00995635986328125 -0.0551528930664063 0.08221435546875
0.0251922607421875 -0.0158481597900391 -0.0778961181640625 0.1458740234375
0.0215377807617188 -0.00970840454101563 -0.1585693359375 0.1766357421875
0.00981235504150391 -0.00542545318603516 -0.2679443359375 0.122909545898437
0.0085453987121582 0.000110626220703125 -0.341827392578125 0.0114746093749999
0.00455284118652344 0.00799989700317383 -0.318603515625 -0.183349609375
-0.0200119018554688 0.0135917663574219 -0.141998291015625 -0.381805419921875
-0.0452194213867188 -0.0213394165039062 0.014617919921875 -0.359954833984375
-0.0303726196289063 -0.058929443359375 0.123260498046875 -0.291900634765625
0.0399246215820313 0.0796737670898438 -0.213272094726562 0.01324462890625
0.074371337890625 0.036529541015625 -0.0981292724609375 0.25628662109375
0.0938339233398438 -0.04534912109375 0.129196166992188 0.230499267578125
0.00745391845703124 -0.08978271484375 0.140106201171875 0.0660400390625
-0.0505485534667969 -0.0469284057617187 0.0541458129882813 -0.00782394409179688
-0.0584602355957031 0.0102806091308594 -0.0200614929199219 0.0146007537841797
-0.0265121459960938 0.0302791595458984 -0.0507888793945312 0.0770721435546875
-0.0179557800292969 0.0163688659667969 -0.0745849609375 0.14202880859375
-0.0263595581054687 0.0259780883789063 -0.153564453125 0.177291870117188
-0.0518302917480469 0.0118141174316406 -0.265090942382813 0.1314697265625
-0.0457305908203125 -0.0251235961914063 -0.3382568359375 0.028289794921875
-0.0213623046875 -0.0474853515625 -0.32464599609375 -0.162567138671875
0.0282516479492188 -0.0383720397949219 -0.170318603515625 -0.368011474609375
0.0479240417480469 -0.0115776062011719 -0.00701904296875001 -0.362884521484375
0.03570556640625 0.0103912353515625 0.118804931640625 -0.3067626953125
0.087127685546875 0.157638549804688 -0.2054443359375 0.0144348144531251
0.163040161132813 0.0685272216796875 -0.116653442382812 0.230422973632812
0.168350219726563 -0.0811767578125 0.086212158203125 0.242782592773437
0.018035888671875 -0.165023803710938 0.127304077148438 0.109893798828125
-0.0941696166992188 -0.0999603271484375 0.0853729248046875 0.021484375
-0.1337890625 0.0114059448242188 0.0154523849487305 0.0134744644165039
-0.079803466796875 0.0651016235351562 -0.0267524719238281 0.0508537292480469
-0.057220458984375 0.0453987121582031 -0.0594558715820313 0.115646362304688
-0.0728836059570313 0.0608673095703125 -0.140670776367188 0.160430908203125
-0.108818054199219 0.03094482421875 -0.251480102539063 0.124832153320313
-0.100570678710938 -0.0461349487304687 -0.32220458984375 0.03350830078125
-0.0482101440429688 -0.101539611816406 -0.31787109375 -0.1474609375
0.076751708984375 -0.0907669067382813 -0.180419921875 -0.350067138671875
0.135879516601562 -0.003387451171875 -0.012237548828125 -0.356353759765625
0.0999374389648437 0.07464599609375 0.127288818359375 -0.2967529296875
0.12799072265625 0.21173095703125 -0.195663452148438 0.03570556640625
0.231002807617188 0.0748138427734375 -0.139923095703125 0.218734741210937
0.211090087890625 -0.11962890625 0.047515869140625 0.272186279296875
0.012603759765625 -0.2159423828125 0.132431030273438 0.169586181640625
-0.130691528320313 -0.127761840820312 0.139503479003906 0.0526046752929687
-0.182479858398438 0.0183868408203125 0.0734939575195312 -0.000923156738281249
-0.115776062011719 0.0886688232421875 0.0106945037841797 0.00785446166992188
-0.0887298583984375 0.0663681030273438 -0.0349273681640625 0.07061767578125
-0.110198974609375 0.0866928100585938 -0.119781494140625 0.125228881835938
-0.158706665039063 0.043792724609375 -0.226776123046875 0.100997924804688
-0.147552490234375 -0.0691375732421875 -0.291961669921875 0.0267333984375
-0.0684967041015625 -0.152389526367188 -0.29150390625 -0.137115478515625
0.122184753417969 -0.131813049316406 -0.16912841796875 -0.326080322265625
0.205734252929688 0.009613037109375 0.00100708007812504 -0.3387451171875
0.146804809570313 0.128005981445313 0.144622802734375 -0.261856079101563
0.153579711914063 0.23370361328125 -0.181655883789063 0.078887939453125
0.260726928710938 0.0623016357421875 -0.15301513671875 0.234603881835937
0.211807250976563 -0.143264770507813 0.033050537109375 0.316314697265625
-0.00244140625 -0.224685668945313 0.164352416992187 0.22454833984375
-0.146041870117188 -0.12664794921875 0.206878662109375 0.069915771484375
-0.1988525390625 0.0271759033203125 0.139701843261719 -0.0315093994140625
-0.128623962402344 0.0988922119140625 0.0536231994628906 -0.0466270446777344
-0.105545043945313 0.076202392578125 -0.00885009765625001 0.0169754028320313
-0.136268615722656 0.1004638671875 -0.0901947021484375 0.0767974853515625
-0.19171142578125 0.0432891845703125 -0.186080932617187 0.06475830078125
-0.175643920898437 -0.093963623046875 -0.242095947265625 0.00975036621093751
-0.0673828125 -0.191970825195313 -0.246322631835937 -0.123886108398438
0.162918090820313 -0.146682739257812 -0.147216796875 -0.293304443359375
0.246429443359375 0.031036376953125 0.021026611328125 -0.31182861328125
0.165451049804688 0.161697387695313 0.166824340820313 -0.208892822265625
0.153091430664062 0.2215576171875 -0.16033935546875 0.13714599609375
0.241409301757812 0.04425048828125 -0.144561767578125 0.27093505859375
0.179901123046875 -0.136520385742188 0.055419921875 0.352508544921875
-0.0114593505859375 -0.194808959960938 0.215530395507813 0.254348754882813
-0.134178161621094 -0.103828430175781 0.2703857421875 0.0648651123046875
-0.18267822265625 0.03228759765625 0.196304321289063 -0.07135009765625
-0.122657775878906 0.091461181640625 0.0910491943359375 -0.102157592773438
-0.105667114257813 0.072906494140625 0.0196647644042969 -0.0413818359375
-0.14373779296875 0.094085693359375 -0.054107666015625 0.0218009948730469
-0.197540283203125 0.027069091796875 -0.129219055175781 0.02490234375
-0.168975830078125 -0.115890502929688 -0.177291870117188 -0.000244140625000012
-0.0427093505859375 -0.203277587890625 -0.195846557617187 -0.100814819335938
0.185684204101563 -0.12213134765625 -0.129623413085937 -0.255661010742188
0.239364624023438 0.05889892578125 0.03729248046875 -0.286041259765625
0.1507568359375 0.1702880859375 0.186843872070313 -0.145675659179688
0.1309814453125 0.180984497070313 -0.136917114257813 0.198760986328125
0.186248779296875 0.0291900634765625 -0.1163330078125 0.31072998046875
0.135124206542969 -0.102943420410156 0.0960693359375 0.369537353515625
-0.0100555419921875 -0.14111328125 0.266937255859375 0.254241943359375
-0.102882385253906 -0.0722579956054688 0.3150634765625 0.04510498046875
-0.141647338867188 0.0290679931640625 0.234970092773438 -0.111968994140625
-0.097869873046875 0.070404052734375 0.116943359375 -0.151840209960938
-0.0886306762695313 0.0556869506835937 0.0431060791015625 -0.0925827026367188
-0.127143859863281 0.0726547241210938 -0.0130233764648438 -0.0278301239013672
-0.168441772460938 0.00512695312500002 -0.0661125183105469 -0.00680541992187501
-0.129608154296875 -0.115791320800781 -0.114578247070313 0.00218963623046874
-0.00582885742187498 -0.17230224609375 -0.159286499023438 -0.0684661865234375
0.170989990234375 -0.0669708251953125 -0.128997802734375 -0.227630615234375
0.18670654296875 0.0765380859375 0.045867919921875 -0.272293090820313
0.11083984375 0.148178100585938 0.197906494140625 -0.083709716796875
0.0870208740234375 0.119728088378906 -0.115402221679688 0.249160766601563
0.108169555664063 0.0215377807617188 -0.07952880859375 0.340789794921875
0.086029052734375 -0.055999755859375 0.138580322265625 0.36578369140625
0.00115966796875 -0.0806808471679688 0.305450439453125 0.237396240234375
-0.0587844848632812 -0.0404777526855469 0.33905029296875 0.020111083984375
-0.0873489379882813 0.0176239013671875 0.253952026367188 -0.146682739257813
-0.060638427734375 0.0377197265625 0.1324462890625 -0.188034057617188
-0.0579071044921875 0.0308456420898438 0.0628433227539063 -0.130088806152344
-0.0868988037109375 0.0390396118164063 0.0223312377929687 -0.0634269714355469
-0.106613159179687 -0.0108108520507812 -0.0126514434814453 -0.0232429504394531
-0.0701370239257813 -0.0863037109375 -0.0719833374023438 0.01129150390625
0.017364501953125 -0.103553771972656 -0.145645141601563 -0.0442962646484375
0.112190246582031 -0.0125579833984375 -0.132568359375 -0.221588134765625
0.103515625 0.0663909912109375 0.0546112060546875 -0.27191162109375
0.058074951171875 0.0939483642578125 0.200912475585938 -0.0335540771484375
-0.00973796844482422 -0.00844573974609375 -0.214263916015625 0.0302734375
-0.0194206237792969 -0.00687980651855468 -0.07220458984375 0.27349853515625
0.00376033782958984 -0.0157632827758789 0.158828735351563 0.212478637695313
-0.0133857727050781 -0.00382423400878906 0.150772094726562 0.040008544921875
-0.00154018402099609 0.0165691375732422 0.0404281616210938 -0.0231475830078125
0.0256099700927734 0.00940132141113281 -0.0274066925048828 0.0104007720947266
0.0315914154052734 -0.012115478515625 -0.0513916015625 0.08306884765625
0.023345947265625 -0.0186405181884766 -0.072418212890625 0.14605712890625
0.0219192504882813 -0.0105228424072266 -0.151199340820312 0.179641723632813
0.00979709625244141 -0.00449752807617188 -0.26214599609375 0.128585815429687
0.00754976272583008 0.00100278854370117 -0.337860107421875 0.0191955566406251
0.00394916534423828 0.00719404220581055 -0.319305419921875 -0.173675537109375
-0.0197486877441406 0.0126533508300781 -0.147216796875 -0.3746337890625
-0.0457954406738281 -0.0201530456542969 0.00775146484375 -0.3587646484375
-0.0322113037109375 -0.05828857421875 0.117462158203125 -0.295928955078125
0.041290283203125 0.0795745849609375 -0.209564208984375 0.014251708984375
0.074676513671875 0.0367889404296875 -0.0886383056640625 0.255020141601563
0.0922317504882813 -0.0480499267578125 0.134750366210938 0.222259521484375
0.00362396240234375 -0.0898895263671875 0.139259338378906 0.0616607666015625
-0.0517997741699219 -0.0454864501953125 0.0508079528808594 -0.00831985473632813
-0.0587959289550781 0.0125923156738281 -0.0209598541259766 0.0165252685546875
-0.0267963409423828 0.0298423767089844 -0.0483856201171875 0.0777587890625
-0.0188941955566406 0.0144557952880859 -0.06866455078125 0.141372680664063
-0.0254402160644531 0.0257492065429688 -0.146240234375 0.18060302734375
-0.0497169494628906 0.0145797729492188 -0.259307861328125 0.136001586914062
-0.0466728210449219 -0.0224876403808594 -0.332916259765625 0.03546142578125
-0.0215225219726562 -0.0476150512695312 -0.32501220703125 -0.152740478515625
0.0286483764648438 -0.0404701232910156 -0.17535400390625 -0.36053466796875
0.0466117858886719 -0.0129318237304687 -0.01416015625 -0.36175537109375
0.0361862182617187 0.009368896484375 0.1138916015625 -0.30999755859375
0.0904388427734375 0.157424926757813 -0.202468872070313 0.0150604248046875
0.163726806640625 0.0655059814453125 -0.108566284179687 0.229721069335937
0.167037963867188 -0.085174560546875 0.0936737060546875 0.235610961914063
0.0132904052734375 -0.1649169921875 0.126457214355469 0.106513977050781
-0.0970840454101563 -0.0970993041992188 0.0840301513671875 0.0206756591796875
-0.132186889648437 0.0166091918945312 0.016754150390625 0.014373779296875
-0.0788116455078125 0.0659027099609375 -0.02557373046875 0.05084228515625
-0.0581932067871094 0.0444717407226563 -0.0546951293945313 0.114097595214844
-0.0693702697753906 0.0602302551269531 -0.133132934570313 0.164291381835938
-0.105155944824219 0.0346908569335937 -0.246856689453125 0.129241943359375
-0.101371765136719 -0.0417022705078125 -0.31732177734375 0.0416564941406249
-0.0506057739257813 -0.100349426269531 -0.316802978515625 -0.13836669921875
0.074554443359375 -0.0929336547851563 -0.1859130859375 -0.34136962890625
0.134880065917969 -0.00763702392578125 -0.01885986328125 -0.35430908203125
0.0994338989257812 0.0733184814453125 0.1197509765625 -0.300933837890625
0.133453369140625 0.209747314453125 -0.192413330078125 0.036895751953125
0.232284545898438 0.0700225830078125 -0.13055419921875 0.218902587890625
0.209060668945313 -0.124969482421875 0.05438232421875 0.2659912109375
0.0066986083984375 -0.21441650390625 0.132705688476563 0.165023803710938
-0.133735656738281 -0.124374389648437 0.138961791992188 0.0506134033203125
-0.180618286132813 0.024932861328125 0.0736236572265625 -0.00215911865234375
-0.112442016601563 0.0905532836914063 0.0104398727416992 0.00728321075439454
-0.0888519287109375 0.0663375854492188 -0.0338706970214844 0.0701980590820312
-0.106758117675781 0.0885696411132813 -0.114028930664063 0.127784729003906
-0.155059814453125 0.04913330078125 -0.222763061523438 0.106430053710937
-0.149276733398438 -0.0631103515625 -0.287750244140625 0.0321044921875
-0.0720672607421875 -0.150711059570313 -0.290679931640625 -0.1287841796875
0.119735717773437 -0.135932922363281 -0.17498779296875 -0.317901611328125
0.20550537109375 0.003143310546875 -0.00711059570312499 -0.33697509765625
0.1473388671875 0.125320434570313 0.137039184570312 -0.265899658203125
0.159317016601563 0.231170654296875 -0.177566528320313 0.08062744140625
0.260772705078125 0.0570220947265625 -0.144683837890625 0.235397338867187
0.20892333984375 -0.148147583007813 0.041259765625 0.30987548828125
-0.00946044921875001 -0.22314453125 0.165237426757813 0.219863891601563
-0.148696899414062 -0.121932983398438 0.206436157226563 0.0655975341796875
-0.196182250976563 0.03521728515625 0.138481140136719 -0.0340576171875
-0.126724243164063 0.100639343261719 0.0503959655761719 -0.048095703125
-0.105278015136719 0.0767135620117188 -0.00839614868164063 0.0149660110473633
-0.132850646972656 0.102378845214844 -0.0868301391601563 0.0782470703125
-0.18878173828125 0.048858642578125 -0.18328857421875 0.0687255859375
-0.177932739257813 -0.08795166015625 -0.238494873046875 0.0163421630859375
-0.072784423828125 -0.190658569335938 -0.244979858398437 -0.117691040039063
0.16058349609375 -0.151229858398438 -0.151763916015625 -0.285003662109375
0.24639892578125 0.02349853515625 0.012847900390625 -0.309234619140625
0.166549682617187 0.157852172851563 0.1600341796875 -0.213272094726562
0.16046142578125 0.218948364257812 -0.157424926757813 0.138931274414063
0.240554809570312 0.0393218994140625 -0.137176513671875 0.271316528320312
0.1771240234375 -0.139663696289063 0.062713623046875 0.34625244140625
-0.0174407958984375 -0.19189453125 0.218551635742188 0.248886108398438
-0.136024475097656 -0.0996475219726563 0.26898193359375 0.0587005615234375
-0.178817749023438 0.0384063720703125 0.19281005859375 -0.0752105712890625
-0.118667602539062 0.0940780639648438 0.084808349609375 -0.103805541992188
-0.105743408203125 0.0729827880859375 0.0164566040039062 -0.04315185546875
-0.140037536621094 0.0970001220703125 -0.0526275634765625 0.0230903625488281
-0.194107055664063 0.0319061279296875 -0.129043579101563 0.0271682739257813
-0.172882080078125 -0.10943603515625 -0.174362182617187 0.00367736816406251
-0.04754638671875 -0.202224731445313 -0.1953125 -0.0960845947265625
0.184066772460938 -0.125961303710937 -0.133895874023437 -0.248214721679688
0.239273071289063 0.05279541015625 0.028656005859375 -0.28411865234375
0.152099609375 0.167694091796875 0.180877685546875 -0.150253295898438
0.136703491210938 0.178787231445313 -0.131881713867187 0.200057983398438
0.186141967773438 0.026885986328125 -0.10888671875 0.311309814453125
0.132514953613281 -0.105613708496094 0.103118896484375 0.361419677734375
-0.014007568359375 -0.1395263671875 0.268280029296875 0.246337890625
-0.103897094726563 -0.068634033203125 0.312042236328125 0.036773681640625
-0.139053344726563 0.0337371826171875 0.229293823242188 -0.11761474609375
-0.0954818725585937 0.0713348388671875 0.110549926757813 -0.153289794921875
-0.0890579223632813 0.0565261840820313 0.03961181640625 -0.0940704345703125
-0.124320983886719 0.074127197265625 -0.0137939453125 -0.0276279449462891
-0.166839599609375 0.00987243652343748 -0.0665359497070313 -0.00573730468750001
-0.133155822753906 -0.111907958984375 -0.111488342285156 0.00475311279296876
-0.010162353515625 -0.1722412109375 -0.15838623046875 -0.0638427734375
0.170623779296875 -0.071929931640625 -0.132476806640625 -0.219039916992188
0.188201904296875 0.0717620849609375 0.036651611328125 -0.269821166992188
0.11114501953125 0.145797729492188 0.192733764648437 -0.0887908935546875
0.0910110473632813 0.117805480957031 -0.10980224609375 0.251022338867187
0.1083984375 0.0199661254882813 -0.071380615234375 0.341033935546875
0.0856781005859375 -0.0580368041992188 0.145751953125 0.356414794921875
-0.000228881835937502 -0.0793838500976563 0.30682373046875 0.22796630859375
-0.0600433349609375 -0.0384025573730469 0.334503173828125 0.012054443359375
-0.0865554809570313 0.020599365234375 0.247222900390625 -0.151535034179687
-0.0601577758789063 0.0385665893554687 0.123886108398437 -0.188796997070313
-0.0581436157226563 0.0298957824707031 0.0572509765625 -0.132057189941406
-0.0857620239257812 0.0401382446289063 0.019622802734375 -0.0645942687988281
-0.105796813964844 -0.00775909423828123 -0.0128364562988281 -0.0228900909423828
-0.07269287109375 -0.0834884643554688 -0.068450927734375 0.0129470825195312
0.01446533203125 -0.104049682617188 -0.1431884765625 -0.03985595703125
0.112754821777344 -0.0150909423828125 -0.137802124023438 -0.213668823242188
0.104667663574219 0.0630035400390625 0.0460205078125 -0.269210815429687
0.0581436157226562 0.092437744140625 0.196578979492188 -0.036376953125
-0.00943470001220703 -0.00835514068603516 -0.215667724609375 0.0291290283203125
-0.0206413269042969 -0.0061187744140625 -0.0659637451171875 0.277206420898438
0.00262737274169922 -0.0165672302246094 0.166915893554688 0.211227416992188
-0.0145025253295898 -0.00302505493164063 0.152938842773437 0.0385894775390625
-0.00144195556640625 0.0177726745605469 0.0379219055175781 -0.022613525390625
0.0260772705078125 0.00994873046875 -0.0291233062744141 0.0137710571289062
0.0304317474365234 -0.0131607055664063 -0.0504379272460938 0.0848312377929688
0.0210056304931641 -0.0205669403076172 -0.0705718994140625 0.148208618164063
0.0227909088134766 -0.0116405487060547 -0.14959716796875 0.185897827148438
0.0106868743896484 -0.00450325012207031 -0.264251708984375 0.134536743164063
0.00684976577758789 0.00217533111572266 -0.342193603515625 0.024139404296875
0.0036773681640625 0.00703763961791992 -0.325775146484375 -0.1715087890625
-0.0194778442382813 0.0123348236083984 -0.154449462890625 -0.378265380859375
-0.0469856262207031 -0.0203933715820312 0.00375366210937501 -0.36651611328125
-0.0323486328125 -0.0594444274902344 0.118011474609375 -0.30523681640625
0.043701171875 0.0820083618164062 -0.212631225585938 0.0123138427734375
0.0764236450195313 0.0373916625976563 -0.0845184326171875 0.2587890625
0.09375 -0.0516815185546875 0.141860961914062 0.220550537109375
0.001739501953125 -0.0915679931640625 0.14105224609375 0.0607452392578125
-0.0540542602539062 -0.0449295043945312 0.0495796203613281 -0.0074462890625
-0.0603523254394531 0.0161399841308594 -0.020416259765625 0.0192356109619141
-0.0275173187255859 0.0315704345703125 -0.0481491088867188 0.0796051025390625
-0.0213394165039063 0.0145053863525391 -0.0662994384765625 0.14361572265625
-0.0247974395751953 0.0251331329345703 -0.143264770507813 0.185928344726562
-0.0488166809082031 0.0161056518554688 -0.260726928710937 0.142593383789063
-0.0492591857910156 -0.0199432373046875 -0.337921142578125 0.0407714843749999
-0.0241622924804688 -0.0485954284667969 -0.3314208984375 -0.150146484375
0.0292129516601562 -0.042388916015625 -0.181671142578125 -0.36279296875
0.0476188659667969 -0.0141220092773438 -0.018585205078125 -0.3695068359375
0.0367927551269531 0.0101356506347656 0.11187744140625 -0.3201904296875
0.0957794189453125 0.161392211914063 -0.205322265625 0.0144195556640625
0.168914794921875 0.0666961669921875 -0.104476928710937 0.234130859375
0.170547485351563 -0.0904083251953125 0.0995941162109375 0.23431396484375
0.00994873046875001 -0.16729736328125 0.128524780273437 0.107902526855469
-0.101303100585938 -0.0967254638671875 0.0840072631835937 0.0221176147460937
-0.133804321289063 0.0220565795898437 0.0171327590942383 0.0159444808959961
-0.0789337158203125 0.0687789916992188 -0.0253257751464844 0.052642822265625
-0.0607147216796875 0.0457344055175781 -0.052642822265625 0.116165161132813
-0.0698356628417969 0.0618057250976562 -0.130569458007813 0.16943359375
-0.105216979980469 0.038177490234375 -0.249114990234375 0.135635375976563
-0.105331420898438 -0.0390548706054687 -0.322845458984375 0.046966552734375
-0.0541305541992188 -0.101783752441406 -0.323089599609375 -0.134857177734375
0.0750885009765625 -0.0967864990234375 -0.191619873046875 -0.3433837890625
0.135612487792969 -0.0095672607421875 -0.022979736328125 -0.361358642578125
0.102622985839844 0.0745849609375 0.117767333984375 -0.3104248046875
0.139572143554688 0.215286254882813 -0.194961547851562 0.0374908447265625
0.23876953125 0.0697021484375 -0.1278076171875 0.223388671875
0.213623046875 -0.131668090820313 0.06024169921875 0.266006469726563
0.00283813476562501 -0.218612670898438 0.136215209960938 0.167800903320313
-0.138458251953125 -0.124183654785156 0.140625 0.050201416015625
-0.181655883789063 0.0310821533203125 0.0763320922851562 -0.00185394287109375
-0.114303588867188 0.0942611694335937 0.00990486145019531 0.00676155090332032
-0.091644287109375 0.0691986083984375 -0.0335235595703125 0.0708847045898438
-0.106941223144531 0.0907440185546875 -0.112953186035156 0.132171630859375
-0.154937744140625 0.05316162109375 -0.225555419921875 0.11187744140625
-0.154205322265625 -0.060028076171875 -0.29119873046875 0.0384521484375
-0.07647705078125 -0.153091430664063 -0.295562744140625 -0.127349853515625
0.12091064453125 -0.141876220703125 -0.18048095703125 -0.31982421875
0.209640502929688 0.00042724609375 -0.0111083984375 -0.34283447265625
0.150909423828125 0.12689208984375 0.136428833007813 -0.27606201171875
0.166961669921875 0.235626220703125 -0.180267333984375 0.082977294921875
0.266448974609375 0.055145263671875 -0.142807006835937 0.239181518554687
0.213119506835938 -0.155258178710938 0.046630859375 0.311065673828125
-0.0120391845703125 -0.226364135742188 0.170928955078125 0.2244873046875
-0.152679443359375 -0.121734619140625 0.210113525390625 0.0638275146484375
-0.196792602539063 0.040252685546875 0.140853881835938 -0.03631591796875
-0.127128601074219 0.104927062988281 0.0488700866699219 -0.0492820739746094
-0.109024047851563 0.0796585083007813 -0.00985527038574219 0.0136795043945313
-0.132843017578125 0.105430603027344 -0.0860671997070313 0.0818252563476563
-0.18914794921875 0.0537567138671875 -0.186813354492188 0.0738067626953125
-0.18438720703125 -0.0841827392578125 -0.240966796875 0.0204010009765625
-0.078857421875 -0.193710327148438 -0.249786376953125 -0.115707397460938
0.163482666015625 -0.15728759765625 -0.157684326171875 -0.2860107421875
0.251266479492188 0.02081298828125 0.00857543945312501 -0.315399169921875
0.170989990234375 0.160964965820313 0.159820556640625 -0.220947265625
0.167739868164063 0.222793579101563 -0.15814208984375 0.143386840820313
0.246307373046875 0.037139892578125 -0.134613037109375 0.27679443359375
0.18035888671875 -0.145904541015625 0.06805419921875 0.348358154296875
-0.0209808349609375 -0.194137573242187 0.224853515625 0.251434326171875
-0.14056396484375 -0.09857177734375 0.273193359375 0.055633544921875
-0.179885864257812 0.0436859130859375 0.194091796875 -0.0789337158203125
-0.12017822265625 0.0974197387695313 0.082183837890625 -0.107009887695313
-0.110031127929688 0.0753250122070313 0.0147857666015625 -0.0442886352539062
-0.139656066894531 0.100418090820313 -0.0521812438964844 0.0241127014160156
-0.197250366210938 0.0379791259765625 -0.131813049316406 0.0300750732421875
-0.179367065429688 -0.107254028320312 -0.174850463867188 0.00709533691406253
-0.052001953125 -0.20623779296875 -0.197616577148438 -0.0952301025390625
0.18756103515625 -0.132492065429688 -0.13848876953125 -0.248001098632813
0.245513916015625 0.0494384765625 0.0247802734375 -0.2886962890625
0.156219482421875 0.170272827148438 0.180831909179688 -0.156509399414063
0.143951416015625 0.181854248046875 -0.133377075195313 0.206298828125
0.189697265625 0.0249176025390625 -0.105804443359375 0.31805419921875
0.134262084960938 -0.110618591308594 0.10955810546875 0.363372802734375
-0.0163497924804688 -0.140419006347656 0.275588989257813 0.248611450195313
-0.106475830078125 -0.0681381225585938 0.3167724609375 0.0333251953125
-0.139236450195313 0.0390243530273438 0.23065185546875 -0.122024536132813
-0.0959854125976563 0.0746002197265625 0.106704711914063 -0.156753540039063
-0.0926895141601563 0.0586013793945313 0.0366363525390625 -0.0968017578125
-0.126075744628906 0.0770950317382813 -0.0146408081054688 -0.0282936096191406
-0.168975830078125 0.0130462646484375 -0.0682296752929688 -0.00486373901367188
-0.138671875 -0.111183166503906 -0.111503601074219 0.00606536865234376
-0.013153076171875 -0.176071166992187 -0.159286499023438 -0.06256103515625
0.17474365234375 -0.0767059326171875 -0.137313842773438 -0.21722412109375
0.193466186523437 0.0706634521484375 0.0318603515625 -0.273956298828125
0.1142578125 0.148513793945313 0.194091796875 -0.0925445556640625
0.0972900390625 0.121009826660156 -0.109848022460937 0.2587890625
0.110572814941406 0.01922607421875 -0.06793212890625 0.34796142578125
0.087371826171875 -0.0601425170898437 0.151947021484375 0.35870361328125
-0.00232696533203125 -0.0815200805664063 0.314697265625 0.228302001953125
-0.0614700317382813 -0.0386276245117187 0.338470458984375 0.006378173828125
-0.0864105224609375 0.0241012573242188 0.2459716796875 -0.157791137695312
-0.0607948303222656 0.0399360656738281 0.119598388671875 -0.192703247070313
-0.0616950988769531 0.0317802429199219 0.05279541015625 -0.135063171386719
-0.0866546630859375 0.0411376953125 0.0187873840332031 -0.0660018920898438
-0.107208251953125 -0.00598144531250001 -0.0139064788818359 -0.0244255065917969
-0.0764923095703125 -0.0830612182617187 -0.067596435546875 0.013702392578125
0.01336669921875 -0.106979370117188 -0.143280029296875 -0.0367889404296875
0.116279602050781 -0.0164642333984375 -0.143447875976562 -0.211273193359375
0.106971740722656 0.0633468627929688 0.039337158203125 -0.272796630859375
0.0592269897460938 0.094818115234375 0.1978759765625 -0.0384521484375
-0.00923633575439453 -0.00876617431640625 -0.223770141601563 0.0317535400390625
-0.0212554931640625 -0.00419807434082031 -0.05810546875 0.28692626953125
0.00143051147460937 -0.017730712890625 0.180862426757812 0.20941162109375
-0.0167388916015625 -0.00252914428710937 0.159149169921875 0.0345001220703125
-7.24792480468742E-05 0.0195655822753906 0.035980224609375 -0.0216827392578125
0.0282135009765625 0.0111656188964844 -0.0303707122802734 0.0167865753173828
0.0301990509033203 -0.0143394470214844 -0.0492477416992187 0.0902786254882813
0.0198402404785156 -0.0219955444335938 -0.0665283203125 0.155609130859375
0.0231189727783203 -0.0142631530761719 -0.147598266601563 0.198043823242187
0.0108966827392578 -0.00408077239990234 -0.270660400390625 0.148513793945312
0.00742769241333008 0.00292253494262695 -0.353973388671875 0.036102294921875
0.00262594223022461 0.00599050521850586 -0.341827392578125 -0.167877197265625
-0.0208854675292969 0.0122756958007812 -0.170623779296875 -0.388458251953125
-0.0489082336425781 -0.0198440551757812 -0.00552368164062503 -0.381317138671875
-0.0349998474121094 -0.0608634948730469 0.115875244140625 -0.324432373046875
0.048126220703125 0.0849838256835938 -0.21978759765625 0.014617919921875
0.0809097290039063 0.0377731323242188 -0.0764923095703125 0.268936157226563
0.0963897705078125 -0.0577163696289062 0.155853271484375 0.2213134765625
-0.00215911865234375 -0.0943450927734375 0.148208618164063 0.0582122802734375
-0.0577049255371094 -0.0453147888183594 0.04962158203125 -0.00702667236328125
-0.0598983764648437 0.0205612182617188 -0.0211296081542969 0.0221462249755859
-0.0283908843994141 0.0339279174804688 -0.0471115112304687 0.08514404296875
-0.0232563018798828 0.0157489776611328 -0.063507080078125 0.1502685546875
-0.0251502990722656 0.0267696380615234 -0.141326904296875 0.198623657226563
-0.0493736267089844 0.0184402465820312 -0.267166137695313 0.156723022460938
-0.0511703491210938 -0.0177383422851562 -0.34918212890625 0.053314208984375
-0.0277366638183594 -0.0493049621582031 -0.34716796875 -0.145050048828125
0.0287666320800781 -0.0456733703613281 -0.199310302734375 -0.370758056640625
0.0487632751464844 -0.0165748596191406 -0.02923583984375 -0.384674072265625
0.0383529663085938 0.00980377197265625 0.10797119140625 -0.339813232421875
0.105560302734375 0.166824340820313 -0.212615966796875 0.016845703125
0.177658081054687 0.06591796875 -0.09906005859375 0.2427978515625
0.17572021484375 -0.101730346679688 0.110183715820313 0.23602294921875
0.00527954101562499 -0.174896240234375 0.136566162109375 0.108009338378906
-0.10858154296875 -0.0973739624023438 0.0871734619140625 0.021942138671875
-0.136344909667969 0.0282745361328125 0.0190620422363281 0.0172691345214844
-0.0805587768554687 0.0744400024414063 -0.0248756408691406 0.0557746887207031
-0.0636177062988281 0.0499916076660156 -0.0503082275390625 0.121826171875
-0.0700225830078125 0.065093994140625 -0.1287841796875 0.17926025390625
-0.10589599609375 0.043426513671875 -0.254898071289062 0.149856567382813
-0.11041259765625 -0.0354995727539063 -0.333038330078125 0.059417724609375
-0.0601043701171875 -0.104560852050781 -0.33819580078125 -0.131195068359375
0.0762252807617188 -0.104461669921875 -0.209686279296875 -0.34967041015625
0.141998291015625 -0.0139007568359375 -0.0347900390625 -0.3763427734375
0.108711242675781 0.074798583984375 0.114532470703125 -0.328704833984375
0.153152465820313 0.221099853515625 -0.201248168945313 0.042938232421875
0.250701904296875 0.0666656494140625 -0.124786376953125 0.232528686523438
0.21826171875 -0.14605712890625 0.0706329345703125 0.270782470703125
-0.00416564941406249 -0.225799560546875 0.145401000976562 0.172012329101563
-0.1484375 -0.124053955078125 0.147811889648438 0.0497283935546875
-0.185592651367188 0.039764404296875 0.0803985595703125 -0.0040740966796875
-0.115547180175781 0.10235595703125 0.00975990295410156 0.00721931457519532
-0.0958404541015625 0.0750885009765625 -0.0326004028320313 0.0746231079101562
-0.1085205078125 0.0970916748046875 -0.111053466796875 0.141250610351563
-0.1572265625 0.061279296875 -0.232437133789062 0.124771118164062
-0.161865234375 -0.05511474609375 -0.30126953125 0.047943115234375
-0.0853271484375 -0.157272338867188 -0.310638427734375 -0.12249755859375
0.121856689453125 -0.15106201171875 -0.19659423828125 -0.3250732421875
0.217819213867188 -0.00665283203125 -0.02178955078125 -0.356964111328125
0.160629272460938 0.129440307617188 0.13348388671875 -0.293182373046875
0.181655883789063 0.2418212890625 -0.184219360351563 0.0899505615234375
0.2789306640625 0.0507354736328125 -0.140838623046875 0.250732421875
0.218185424804688 -0.170028686523438 0.0562744140625 0.318359375
-0.0194244384765625 -0.234390258789063 0.183609008789062 0.229202270507812
-0.163497924804687 -0.121246337890625 0.219650268554688 0.0611114501953125
-0.2001953125 0.0501708984375 0.146591186523438 -0.042236328125
-0.128318786621094 0.113716125488281 0.0478057861328125 -0.0516090393066406
-0.113449096679687 0.0869979858398438 -0.0106716156005859 0.0150814056396484
-0.134635925292969 0.112998962402344 -0.0861740112304688 0.0872344970703125
-0.193634033203125 0.063201904296875 -0.193435668945313 0.0835418701171875
-0.195159912109375 -0.08038330078125 -0.248519897460938 0.0286712646484374
-0.0880889892578125 -0.198883056640625 -0.261444091796875 -0.113327026367187
0.166168212890625 -0.169998168945313 -0.17108154296875 -0.290863037109375
0.262954711914063 0.0137481689453125 -0.00152587890624996 -0.328033447265625
0.182037353515625 0.164474487304688 0.158981323242187 -0.23675537109375
0.181961059570313 0.228515625 -0.161270141601563 0.152725219726563
0.257720947265625 0.0321044921875 -0.13153076171875 0.2900390625
0.183425903320313 -0.15869140625 0.07928466796875 0.35748291015625
-0.0273284912109375 -0.200698852539063 0.240020751953125 0.25616455078125
-0.14923095703125 -0.097381591796875 0.284698486328125 0.050811767578125
-0.18212890625 0.053070068359375 0.20068359375 -0.08758544921875
-0.120697021484375 0.104850769042969 0.080596923828125 -0.112228393554687
-0.113784790039063 0.0830078125 0.0123863220214844 -0.0462608337402344
-0.143661499023437 0.10858154296875 -0.0535087585449219 0.0262565612792969
-0.202774047851562 0.04669189453125 -0.137237548828125 0.0359420776367187
-0.191787719726563 -0.103790283203125 -0.180572509765625 0.011505126953125
-0.0612335205078125 -0.212966918945313 -0.206283569335937 -0.0922088623046875
0.194015502929688 -0.144485473632813 -0.149856567382813 -0.250732421875
0.257659912109375 0.0451202392578125 0.01593017578125 -0.29974365234375
0.166015625 0.175506591796875 0.182327270507813 -0.167770385742188
0.15655517578125 0.186111450195313 -0.133514404296875 0.21868896484375
0.197265625 0.0211029052734375 -0.100433349609375 0.333221435546875
0.137809753417969 -0.120735168457031 0.122467041015625 0.371368408203125
-0.0203704833984375 -0.144744873046875 0.292510986328125 0.25152587890625
-0.112625122070313 -0.0662841796875 0.3280029296875 0.025665283203125
-0.141128540039062 0.04534912109375 0.235565185546875 -0.134109497070313
-0.0970306396484375 0.0806808471679688 0.103500366210937 -0.163787841796875
-0.096710205078125 0.0644912719726563 0.033447265625 -0.101287841796875
-0.128242492675781 0.0835800170898438 -0.0155391693115234 -0.0287990570068359
-0.174667358398438 0.0196685791015625 -0.0729217529296875 -0.00309753417968749
-0.148391723632813 -0.108749389648437 -0.113624572753906 0.00934600830078126
-0.0200958251953125 -0.183639526367188 -0.165054321289063 -0.0596160888671875
0.182281494140625 -0.085357666015625 -0.148101806640625 -0.218963623046875
0.202926635742188 0.0687255859375 0.023040771484375 -0.284423828125
0.121536254882813 0.1534423828125 0.197036743164063 -0.100784301757812
0.106147766113281 0.123016357421875 -0.107955932617187 0.27349853515625
0.114860534667969 0.0174179077148437 -0.06036376953125 0.364410400390625
0.0891571044921875 -0.0665740966796875 0.167144775390625 0.3651123046875
-0.0047760009765625 -0.0830841064453125 0.332489013671875 0.228424072265625
-0.0649223327636719 -0.0372505187988281 0.34918212890625 -0.002410888671875
-0.087982177734375 0.0289688110351562 0.2493896484375 -0.1697998046875
-0.0613517761230469 0.0440711975097656 0.115707397460938 -0.20318603515625
-0.0649490356445313 0.0355453491210938 0.0485382080078125 -0.14178466796875
-0.0895004272460938 0.0451889038085938 0.0168266296386719 -0.0695419311523438
-0.11248779296875 -0.002166748046875 -0.0158309936523438 -0.0248031616210938
-0.0823822021484375 -0.0827789306640625 -0.0674324035644531 0.0163459777832031
0.0105361938476562 -0.1124267578125 -0.147598266601563 -0.033355712890625
0.122604370117188 -0.0213699340820313 -0.155136108398437 -0.211761474609375
0.113296508789062 0.0629119873046875 0.0296630859375 -0.283203125
0.0630111694335938 0.0978012084960938 0.202407836914062 -0.044342041015625
-0.00977325439453125 -0.00809383392333984 -0.231369018554688 0.0404205322265625
-0.0231208801269531 -0.00279808044433593 -0.041534423828125 0.29791259765625
-0.000402450561523439 -0.0194931030273438 0.20086669921875 0.203125
-0.0185108184814453 -0.000478744506835935 0.1654052734375 0.025604248046875
0.000684738159179689 0.0211467742919922 0.0357208251953125 -0.0221176147460938
0.0312976837158203 0.0107460021972656 -0.0314254760742187 0.0228710174560547
0.0306720733642578 -0.0160293579101563 -0.0447769165039063 0.0966720581054687
0.0177497863769531 -0.0244159698486328 -0.0579376220703125 0.164352416992188
0.0229206085205078 -0.0174083709716797 -0.138534545898438 0.214736938476563
0.0120782852172852 -0.00534152984619141 -0.271774291992188 0.17041015625
0.00828075408935547 0.00417470932006836 -0.365020751953125 0.058685302734375
0.00243806838989258 0.00642013549804688 -0.362060546875 -0.152069091796875
-0.0209846496582031 0.0131187438964844 -0.198455810546875 -0.392669677734375
-0.051727294921875 -0.018463134765625 -0.026336669921875 -0.39739990234375
-0.0393829345703125 -0.0614280700683594 0.102630615234375 -0.347625732421875
0.056121826171875 0.0879669189453125 -0.228302001953125 0.0229644775390625
0.086212158203125 0.0361328125 -0.0624847412109375 0.280059814453125
0.0969390869140625 -0.067047119140625 0.174041748046875 0.216156005859375
-0.0075531005859375 -0.097320556640625 0.15533447265625 0.051910400390625
-0.063232421875 -0.0430335998535156 0.0495796203613281 -0.00806427001953125
-0.059326171875 0.0257682800292969 -0.0200119018554688 0.0265064239501953
-0.0276832580566406 0.0369300842285156 -0.0439529418945313 0.091156005859375
-0.0248889923095703 0.0184288024902344 -0.0549774169921875 0.159515380859375
-0.0247287750244141 0.0275821685791016 -0.132278442382812 0.21435546875
-0.0478630065917969 0.0232772827148438 -0.267440795898438 0.179718017578125
-0.0538177490234375 -0.0138092041015625 -0.358062744140625 0.0766601562499999
-0.0325241088867188 -0.0498809814453125 -0.368255615234375 -0.129730224609375
0.0273780822753906 -0.0501747131347656 -0.226959228515625 -0.3729248046875
0.0507354736328125 -0.019500732421875 -0.05194091796875 -0.39996337890625
0.0410957336425781 0.0085601806640625 0.094268798828125 -0.3623046875
0.120040893554688 0.169631958007813 -0.220062255859375 0.025970458984375
0.189056396484375 0.059478759765625 -0.08740234375 0.254104614257813
0.177902221679688 -0.117706298828125 0.127120971679688 0.235275268554688
-0.0042572021484375 -0.181488037109375 0.147171020507813 0.104751586914062
-0.119834899902344 -0.0948333740234375 0.0908889770507813 0.0197067260742187
-0.137603759765625 0.0388259887695312 0.0227909088134766 0.0174331665039063
-0.0791702270507813 0.0832672119140625 -0.0224761962890625 0.0598640441894531
-0.0648765563964844 0.0562477111816406 -0.044830322265625 0.129768371582031
-0.0696334838867188 0.0713958740234375 -0.120315551757813 0.194107055664063
-0.106010437011719 0.0515365600585938 -0.2564697265625 0.173049926757812
-0.116188049316406 -0.0284271240234375 -0.34136962890625 0.081024169921875
-0.06817626953125 -0.104469299316406 -0.35797119140625 -0.115753173828125
0.0732879638671875 -0.113067626953125 -0.23590087890625 -0.351226806640625
0.147003173828125 -0.0233612060546875 -0.057464599609375 -0.390228271484375
0.117538452148438 0.0735549926757813 0.1005859375 -0.351898193359375
0.172561645507813 0.223846435546875 -0.207138061523438 0.0528259277343751
0.264923095703125 0.0571136474609375 -0.115249633789063 0.24560546875
0.219558715820313 -0.1669921875 0.0862884521484375 0.2735595703125
-0.0159149169921875 -0.234146118164063 0.16064453125 0.171463012695312
-0.162063598632812 -0.11981201171875 0.156448364257813 0.04498291015625
-0.18804931640625 0.0532684326171875 0.0851058959960937 -0.009246826171875
-0.113441467285156 0.113960266113281 0.0104103088378906 0.00846958160400391
-0.096527099609375 0.0845565795898438 -0.0293655395507813 0.0797042846679688
-0.107063293457031 0.106719970703125 -0.105575561523438 0.152572631835937
-0.15814208984375 0.07293701171875 -0.234786987304687 0.145233154296875
-0.171600341796875 -0.0458984375 -0.309051513671875 0.0684814453124999
-0.097808837890625 -0.156875610351563 -0.328216552734375 -0.108795166015625
0.119720458984375 -0.1646728515625 -0.2210693359375 -0.325469970703125
0.226608276367188 -0.01904296875 -0.043182373046875 -0.37042236328125
0.173629760742188 0.127365112304688 0.121429443359375 -0.31512451171875
0.204879760742188 0.243560791015625 -0.186538696289063 0.10296630859375
0.2928466796875 0.0379638671875 -0.131668090820312 0.267547607421875
0.21728515625 -0.191802978515625 0.07330322265625 0.325042724609375
-0.0332489013671875 -0.241943359375 0.202789306640625 0.229110717773437
-0.177474975585938 -0.115097045898437 0.23162841796875 0.0523681640625
-0.202362060546875 0.0643768310546875 0.15093994140625 -0.0521087646484375
-0.125480651855469 0.126213073730469 0.0458450317382812 -0.0549049377441406
-0.114387512207031 0.0984649658203125 -0.0105962753295898 0.0173864364624024
-0.133209228515625 0.124862670898438 -0.08367919921875 0.0958328247070313
-0.195953369140625 0.0780487060546875 -0.197357177734375 0.10028076171875
-0.20733642578125 -0.0694427490234375 -0.255599975585938 0.044769287109375
-0.104110717773437 -0.201751708984375 -0.276992797851562 -0.102386474609375
0.164840698242187 -0.187301635742188 -0.192413330078125 -0.29046630859375
0.2738037109375 -0.000244140625 -0.02056884765625 -0.34088134765625
0.196975708007812 0.163986206054688 0.151138305664063 -0.256027221679688
0.204925537109375 0.228622436523438 -0.159133911132813 0.166915893554688
0.268524169921875 0.01910400390625 -0.12164306640625 0.308380126953125
0.182525634765625 -0.178054809570313 0.100128173828125 0.36456298828125
-0.038787841796875 -0.206222534179687 0.26361083984375 0.254562377929688
-0.161041259765625 -0.0908355712890625 0.298309326171875 0.036956787109375
-0.182785034179687 0.0663909912109375 0.202865600585938 -0.102996826171875
-0.118370056152344 0.116737365722656 0.0758056640625 -0.119277954101563
-0.115188598632813 0.0940780639648437 0.00885772705078124 -0.0480117797851562
-0.142608642578125 0.120803833007813 -0.0532798767089844 0.0307044982910156
-0.206832885742188 0.0611419677734375 -0.142059326171875 0.0474395751953125
-0.20458984375 -0.095001220703125 -0.185531616210938 0.0221405029296875
-0.076873779296875 -0.218948364257813 -0.217132568359375 -0.083892822265625
0.195388793945312 -0.162445068359375 -0.168746948242187 -0.24932861328125
0.271255493164063 0.0326995849609375 -0.00198364257812495 -0.3114013671875
0.180877685546875 0.17535400390625 0.178817749023438 -0.185653686523438
0.1751708984375 0.186538696289063 -0.127273559570312 0.2352294921875
0.20623779296875 0.0109100341796875 -0.08636474609375 0.35089111328125
0.136085510253906 -0.134857177734375 0.1461181640625 0.37762451171875
-0.029144287109375 -0.14910888671875 0.31683349609375 0.245147705078125
-0.12103271484375 -0.0619354248046875 0.341827392578125 0.00836181640625
-0.141265869140625 0.0567626953125 0.23565673828125 -0.15191650390625
-0.0951309204101563 0.089935302734375 0.0962066650390625 -0.174301147460938
-0.09857177734375 0.0735855102539062 0.026611328125 -0.105560302734375
-0.129043579101563 0.094146728515625 -0.0186634063720703 -0.0297908782958984
-0.180465698242188 0.0320892333984375 -0.0769195556640625 0.00234222412109375
-0.161575317382812 -0.103302001953125 -0.114677429199219 0.0154800415039063
-0.0311737060546875 -0.189895629882813 -0.17230224609375 -0.051513671875
0.187850952148438 -0.0997314453125 -0.166015625 -0.2159423828125
0.2156982421875 0.06103515625 0.00497436523437499 -0.295440673828125
0.133453369140625 0.154510498046875 0.1978759765625 -0.115127563476562
0.119911193847656 0.122337341308594 -0.097320556640625 0.291168212890625
0.120704650878906 0.0121994018554688 -0.042205810546875 0.381744384765625
0.0890579223632813 -0.07611083984375 0.191192626953125 0.36944580078125
-0.0084991455078125 -0.0855789184570312 0.356475830078125 0.219757080078125
-0.0691986083984375 -0.034393310546875 0.36090087890625 -0.021759033203125
-0.0874557495117188 0.0360336303710938 0.247940063476563 -0.19000244140625
-0.061126708984375 0.0500984191894531 0.106658935546875 -0.215042114257812
-0.0670661926269531 0.0407333374023438 0.040679931640625 -0.148849487304687
-0.0914459228515625 0.0524520874023437 0.0134048461914062 -0.0739822387695313
-0.116249084472656 0.00428009033203123 -0.0188064575195313 -0.0253696441650391
-0.0907516479492187 -0.0804595947265625 -0.0660285949707031 0.020294189453125
0.00414276123046876 -0.117431640625 -0.153167724609375 -0.024322509765625
0.129371643066406 -0.0295181274414063 -0.173095703125 -0.208023071289063
0.120872497558594 0.0598678588867188 0.01165771484375 -0.29364013671875
0.069244384765625 0.0985565185546875 0.2066650390625 -0.0557861328125
-0.0098114013671875 -0.00659465789794922 -0.2333984375 0.0529632568359375
-0.0228614807128906 0.000720977783203122 -0.01910400390625 0.300323486328125
-0.00277137756347656 -0.0199623107910156 0.2176513671875 0.186767578125
-0.0188713073730469 0.00147438049316407 0.168136596679688 0.013092041015625
0.0027618408203125 0.0222072601318359 0.0329837799072266 -0.0224323272705078
0.0346279144287109 0.00935745239257813 -0.0294589996337891 0.0278701782226562
0.0295314788818359 -0.0182342529296875 -0.0375289916992188 0.102294921875
0.0155506134033203 -0.0255374908447266 -0.0438690185546875 0.1700439453125
0.0212783813476563 -0.0201950073242188 -0.121200561523437 0.22698974609375
0.0129241943359375 -0.00651264190673828 -0.261215209960938 0.19476318359375
0.008575439453125 0.00476408004760742 -0.36431884765625 0.087738037109375
0.0018010139465332 0.00704717636108398 -0.3770751953125 -0.126922607421875
-0.0205249786376953 0.0141315460205078 -0.228240966796875 -0.382659912109375
-0.0540199279785156 -0.0150070190429688 -0.05609130859375 -0.402862548828125
-0.0440483093261719 -0.0595245361328125 0.078521728515625 -0.36383056640625
0.0645828247070313 0.086822509765625 -0.231124877929688 0.03533935546875
0.0907363891601563 0.0325469970703125 -0.041290283203125 0.283660888671875
0.0930023193359375 -0.0764007568359375 0.191207885742188 0.202835083007812
-0.0152816772460938 -0.0985565185546875 0.159881591796875 0.0408477783203125
-0.0672416687011719 -0.0377769470214844 0.0493850708007812 -0.00975418090820313
-0.055572509765625 0.0310211181640625 -0.0179729461669922 0.0296306610107422
-0.0245933532714844 0.0410003662109375 -0.03619384765625 0.0964279174804688
-0.0254001617431641 0.0215606689453125 -0.0419769287109375 0.165451049804688
-0.0235328674316406 0.0290985107421875 -0.115280151367188 0.227096557617188
-0.0457954406738281 0.0264244079589844 -0.257492065429688 0.204635620117187
-0.0550193786621094 -0.00793075561523438 -0.356292724609375 0.1060791015625
-0.037139892578125 -0.0479812622070313 -0.380523681640625 -0.104034423828125
0.0242805480957031 -0.053619384765625 -0.256439208984375 -0.360504150390625
0.0493927001953125 -0.0241317749023437 -0.0823974609375 -0.4033203125
0.0424308776855469 0.0062408447265625 0.06878662109375 -0.378692626953125
0.1368408203125 0.166885375976563 -0.222335815429688 0.0385284423828125
0.1966552734375 0.0486297607421875 -0.0695037841796875 0.26068115234375
0.171539306640625 -0.134323120117188 0.144378662109375 0.225860595703125
-0.0175323486328125 -0.184356689453125 0.1549072265625 0.0962677001953125
-0.128990173339844 -0.0867385864257813 0.0931320190429687 0.015106201171875
-0.134056091308594 0.0499267578125 0.0245819091796875 0.0156059265136719
-0.072723388671875 0.0907211303710938 -0.0175628662109375 0.0637435913085938
-0.0628776550292969 0.0632438659667969 -0.0347213745117188 0.134506225585938
-0.0649871826171875 0.076568603515625 -0.1055908203125 0.205551147460937
-0.101570129394531 0.0610275268554688 -0.246734619140625 0.197006225585937
-0.119125366210938 -0.0172576904296875 -0.3394775390625 0.109161376953125
-0.078582763671875 -0.1004638671875 -0.37005615234375 -0.089813232421875
0.0671920776367188 -0.121101379394531 -0.26336669921875 -0.3365478515625
0.147491455078125 -0.034759521484375 -0.08770751953125 -0.392791748046875
0.124000549316406 0.0678787231445313 0.0753173828125 -0.367950439453125
0.193817138671875 0.217575073242187 -0.206878662109375 0.0659942626953125
0.273239135742188 0.040863037109375 -0.0988922119140625 0.255630493164062
0.210464477539062 -0.187744140625 0.104888916015625 0.26849365234375
-0.0337982177734375 -0.23760986328125 0.1746826171875 0.163375854492187
-0.173477172851563 -0.108444213867187 0.161148071289062 0.03570556640625
-0.18408203125 0.068023681640625 0.085693359375 -0.0157928466796875
-0.104904174804687 0.124702453613281 0.0114946365356445 0.00834178924560548
-0.0925064086914062 0.0942840576171875 -0.0234909057617188 0.0826950073242188
-0.100799560546875 0.115707397460938 -0.0938720703125 0.16302490234375
-0.152694702148437 0.08624267578125 -0.22723388671875 0.169174194335937
-0.1768798828125 -0.03192138671875 -0.306610107421875 0.093780517578125
-0.111465454101563 -0.151611328125 -0.33905029296875 -0.086029052734375
0.110458374023438 -0.177749633789062 -0.246185302734375 -0.313720703125
0.228912353515625 -0.0369873046875 -0.072540283203125 -0.37322998046875
0.184478759765625 0.118728637695312 0.0987548828125 -0.330963134765625
0.22723388671875 0.234405517578125 -0.183013916015625 0.115814208984375
0.299560546875 0.0186767578125 -0.115020751953125 0.278244018554688
0.205398559570313 -0.212417602539063 0.095794677734375 0.32281494140625
-0.051605224609375 -0.242828369140625 0.22247314453125 0.219680786132812
-0.188629150390625 -0.102401733398438 0.238006591796875 0.0373992919921875
-0.1971435546875 0.0813140869140625 0.149139404296875 -0.064208984375
-0.116470336914062 0.137557983398438 0.0420989990234375 -0.05828857421875
-0.109840393066406 0.109603881835937 -0.00899124145507813 0.0192279815673828
-0.125953674316406 0.137344360351563 -0.0766677856445313 0.1031494140625
-0.190399169921875 0.093841552734375 -0.193511962890625 0.1202392578125
-0.214080810546875 -0.052154541015625 -0.254669189453125 0.0651092529296875
-0.121002197265625 -0.196197509765625 -0.287353515625 -0.0832519531249999
0.154525756835938 -0.204177856445313 -0.21429443359375 -0.27899169921875
0.278823852539063 -0.0204010009765625 -0.046722412109375 -0.34503173828125
0.21160888671875 0.154373168945313 0.133041381835938 -0.273193359375
0.226547241210938 0.218414306640625 -0.150161743164062 0.180557250976563
0.27374267578125 0.0016326904296875 -0.101287841796875 0.3206787109375
0.170791625976562 -0.1964111328125 0.125396728515625 0.361663818359375
-0.0542755126953125 -0.206039428710938 0.2852783203125 0.2406005859375
-0.170364379882813 -0.0787811279296875 0.303802490234375 0.015838623046875
-0.17791748046875 0.081939697265625 0.197738647460938 -0.12030029296875
-0.110595703125 0.128059387207031 0.06756591796875 -0.125137329101563
-0.110710144042969 0.105216979980469 0.00440979003906249 -0.0484886169433594
-0.135818481445312 0.133445739746094 -0.052093505859375 0.0355300903320313
-0.203826904296875 0.077911376953125 -0.141510009765625 0.061859130859375
-0.21490478515625 -0.079193115234375 -0.184738159179687 0.036651611328125
-0.094970703125 -0.215713500976563 -0.224807739257813 -0.068939208984375
0.1893310546875 -0.181427001953125 -0.1871337890625 -0.238525390625
0.278579711914063 0.0140228271484375 -0.026519775390625 -0.315399169921875
0.195114135742188 0.1676025390625 0.166412353515625 -0.202560424804688
0.192825317382813 0.177566528320313 -0.112625122070312 0.248611450195313
0.20965576171875 -0.002471923828125 -0.062957763671875 0.36285400390625
0.127578735351563 -0.148178100585938 0.172607421875 0.371826171875
-0.039398193359375 -0.148513793945313 0.339996337890625 0.227325439453125
-0.126861572265625 -0.0526199340820312 0.345794677734375 -0.015655517578125
-0.136367797851563 0.0684661865234375 0.226028442382813 -0.17218017578125
-0.088348388671875 0.0985565185546875 0.0834197998046875 -0.182525634765625
-0.0956039428710938 0.0829238891601563 0.0175857543945312 -0.107315063476563
-0.12469482421875 0.105972290039063 -0.0218715667724609 -0.0291290283203125
-0.179595947265625 0.0461578369140625 -0.078460693359375 0.0103836059570313
-0.1712646484375 -0.09112548828125 -0.113449096679688 0.0239791870117188
-0.04595947265625 -0.191314697265625 -0.176162719726563 -0.0394744873046875
0.186187744140625 -0.115753173828125 -0.182708740234375 -0.204025268554687
0.224273681640625 0.04779052734375 -0.01837158203125 -0.29791259765625
0.145263671875 0.149810791015625 0.191070556640625 -0.131484985351563
0.132095336914063 0.116233825683594 -0.07861328125 0.305419921875
0.122978210449219 0.00457763671875 -0.01580810546875 0.39154052734375
0.0846710205078125 -0.0846939086914063 0.217498779296875 0.35968017578125
-0.0145721435546875 -0.086456298828125 0.37750244140625 0.197998046875
-0.0720596313476562 -0.0287246704101563 0.36383056640625 -0.048797607421875
-0.0833511352539062 0.043212890625 0.23529052734375 -0.210678100585938
-0.0576629638671875 0.0550994873046875 0.0903167724609375 -0.223434448242188
-0.0663795471191406 0.0478668212890625 0.028228759765625 -0.152236938476562
-0.08935546875 0.0597610473632813 0.00716400146484374 -0.0767059326171875
-0.116668701171875 0.0125198364257813 -0.0216140747070313 -0.0232086181640625
-0.0982284545898438 -0.0735092163085937 -0.06201171875 0.0243682861328125
-0.00374603271484374 -0.119796752929688 -0.1536865234375 -0.01275634765625
0.131874084472656 -0.0400543212890625 -0.189498901367187 -0.194854736328125
0.127593994140625 0.0530548095703125 -0.01220703125 -0.29693603515625
0.0756607055664063 0.0976638793945313 0.204681396484375 -0.070343017578125
-0.00883197784423828 -0.00545120239257812 -0.229904174804688 0.063018798828125
-0.0218524932861328 0.00301742553710937 -0.000274658203125019 0.294586181640625
-0.00511741638183594 -0.0199985504150391 0.224884033203125 0.167160034179688
-0.0198211669921875 0.00355911254882812 0.165740966796875 0.0019378662109375
0.00482559204101562 0.0224800109863281 0.0297412872314453 -0.0213813781738281
0.0364151000976563 0.00633621215820313 -0.0270271301269531 0.0312900543212891
0.0278224945068359 -0.0195751190185547 -0.029632568359375 0.103096008300781
0.0121707916259766 -0.0251426696777344 -0.0305938720703125 0.169265747070313
0.0191822052001953 -0.0220451354980469 -0.102462768554688 0.231063842773438
0.0126628875732422 -0.00722599029541016 -0.244232177734375 0.210205078125
0.0100870132446289 0.00576400756835938 -0.3524169921875 0.110687255859375
0.0017547607421875 0.00685262680053711 -0.378143310546875 -0.100555419921875
-0.0205974578857422 0.0138301849365234 -0.248382568359375 -0.36334228515625
-0.05511474609375 -0.0117378234863281 -0.080108642578125 -0.39447021484375
-0.0467643737792969 -0.0566062927246094 0.05499267578125 -0.367279052734375
0.071441650390625 0.0826339721679688 -0.227371215820313 0.045318603515625
0.094390869140625 0.0283584594726563 -0.0230255126953125 0.279342651367188
0.086639404296875 -0.082061767578125 0.199600219726563 0.1837158203125
-0.0213470458984375 -0.0957489013671875 0.159149169921875 0.02978515625
-0.0683326721191406 -0.0323143005371094 0.0466766357421875 -0.0105438232421875
-0.05133056640625 0.0346565246582031 -0.0151939392089844 0.0308437347412109
-0.0214080810546875 0.0418167114257812 -0.0289077758789062 0.0974273681640625
-0.0241241455078125 0.0236759185791016 -0.02899169921875 0.164779663085938
-0.0223865509033203 0.0292167663574219 -0.096649169921875 0.23065185546875
-0.0414543151855469 0.0289306640625 -0.239364624023438 0.220260620117188
-0.0540885925292969 -0.00262832641601562 -0.342926025390625 0.12750244140625
-0.0402297973632813 -0.0439949035644531 -0.3792724609375 -0.0780639648437499
0.0211029052734375 -0.0550651550292969 -0.274200439453125 -0.33782958984375
0.0469017028808594 -0.0272369384765625 -0.10675048828125 -0.39300537109375
0.0432243347167969 0.00450515747070313 0.043548583984375 -0.382049560546875
0.147109985351563 0.157974243164062 -0.218948364257813 0.048309326171875
0.198776245117187 0.03826904296875 -0.05242919921875 0.258743286132813
0.160751342773438 -0.143951416015625 0.155075073242188 0.211318969726563
-0.028839111328125 -0.180267333984375 0.158935546875 0.085174560546875
-0.133087158203125 -0.0770111083984375 0.0925140380859375 0.0113296508789062
-0.126991271972656 0.0576095581054687 0.0256557464599609 0.0145053863525391
-0.0648956298828125 0.0944595336914063 -0.0126686096191406 0.0642662048339844
-0.0582160949707031 0.0672988891601563 -0.02313232421875 0.133804321289063
-0.0592727661132812 0.080047607421875 -0.0884552001953125 0.20916748046875
-0.0946807861328125 0.0654296875 -0.22955322265625 0.213592529296875
-0.117805480957031 -0.00811767578125 -0.3250732421875 0.129791259765625
-0.0834197998046875 -0.0924224853515625 -0.368011474609375 -0.06500244140625
0.058563232421875 -0.124732971191406 -0.278472900390625 -0.31640625
0.142410278320313 -0.0430908203125 -0.111358642578125 -0.382781982421875
0.126365661621094 0.0612564086914063 0.04998779296875 -0.37042236328125
0.20806884765625 0.204681396484375 -0.201080322265625 0.07550048828125
0.2733154296875 0.0251312255859375 -0.082122802734375 0.255020141601562
0.195663452148438 -0.199111938476563 0.1165771484375 0.257003784179688
-0.04852294921875 -0.232391357421875 0.181930541992187 0.151443481445312
-0.178390502929688 -0.0949859619140625 0.161102294921875 0.026519775390625
-0.174850463867187 0.0788726806640625 0.083526611328125 -0.0219497680664062
-0.09429931640625 0.129196166992188 0.0122051239013672 0.00775432586669923
-0.08587646484375 0.0996780395507812 -0.0155105590820313 0.0831298828125
-0.092376708984375 0.120208740234375 -0.081146240234375 0.166152954101563
-0.142822265625 0.094268798828125 -0.212203979492187 0.184402465820313
-0.175750732421875 -0.0176544189453125 -0.29461669921875 0.112457275390625
-0.120498657226562 -0.141921997070313 -0.338623046875 -0.063323974609375
0.0982208251953125 -0.18328857421875 -0.261260986328125 -0.292999267578125
0.224151611328125 -0.050445556640625 -0.094940185546875 -0.3643798828125
0.1890869140625 0.108795166015625 0.0750732421875 -0.334259033203125
0.24139404296875 0.218612670898438 -0.174697875976563 0.1243896484375
0.297332763671875 0.001708984375 -0.09765625 0.280380249023438
0.189239501953125 -0.223556518554688 0.110565185546875 0.311920166015625
-0.065185546875 -0.236846923828125 0.2335205078125 0.20452880859375
-0.192138671875 -0.0884857177734375 0.237319946289063 0.0225830078125
-0.186752319335937 0.09228515625 0.141983032226563 -0.07391357421875
-0.104461669921875 0.144058227539063 0.0377044677734375 -0.0599784851074219
-0.102157592773438 0.116729736328125 -0.00747299194335938 0.0198307037353516
-0.116058349609375 0.143173217773438 -0.0688247680664063 0.106651306152344
-0.18121337890625 0.106048583984375 -0.182052612304688 0.134811401367188
-0.214813232421875 -0.0363922119140625 -0.245651245117188 0.0806732177734375
-0.1324462890625 -0.185546875 -0.286285400390625 -0.064300537109375
0.141830444335938 -0.213729858398438 -0.227005004882813 -0.26123046875
0.274505615234375 -0.0372772216796875 -0.069732666015625 -0.33685302734375
0.217636108398438 0.142410278320313 0.112289428710938 -0.278594970703125
0.238876342773437 0.203048706054687 -0.137924194335937 0.18695068359375
0.269760131835938 -0.014434814453125 -0.08074951171875 0.32159423828125
0.155410766601563 -0.204116821289062 0.1424560546875 0.347991943359375
-0.06500244140625 -0.199554443359375 0.297882080078125 0.220916748046875
-0.171539306640625 -0.0659332275390625 0.299896240234375 -0.001953125
-0.167037963867188 0.0909881591796875 0.185760498046875 -0.131622314453125
-0.0989532470703125 0.132926940917969 0.0583267211914062 -0.126922607421875
-0.103515625 0.112655639648438 0.00175857543945312 -0.0468978881835937
-0.12615966796875 0.141021728515625 -0.0496406555175781 0.0389404296875
-0.195404052734375 0.09088134765625 -0.135910034179688 0.073272705078125
-0.217483520507813 -0.062774658203125 -0.17852783203125 0.047576904296875
-0.10784912109375 -0.20703125 -0.223114013671875 -0.05438232421875
0.177352905273438 -0.193679809570313 -0.197677612304688 -0.22235107421875
0.276596069335938 -0.0030670166015625 -0.04852294921875 -0.30767822265625
0.202239990234375 0.157150268554688 0.149978637695312 -0.21063232421875
0.204010009765625 0.163772583007813 -0.096588134765625 0.252044677734375
0.205535888671875 -0.0141448974609375 -0.039703369140625 0.361663818359375
0.11505126953125 -0.153945922851563 0.190460205078125 0.356842041015625
-0.0482330322265625 -0.14434814453125 0.3492431640625 0.20477294921875
-0.127853393554688 -0.042633056640625 0.337921142578125 -0.03656005859375
-0.1270751953125 0.075286865234375 0.210189819335937 -0.182846069335938
-0.08062744140625 0.102836608886719 0.0695648193359375 -0.1837158203125
-0.0902786254882812 0.089813232421875 0.0099639892578125 -0.106391906738281
-0.117240905761719 0.11273193359375 -0.0244064331054688 -0.0267162322998047
-0.173751831054688 0.057647705078125 -0.077880859375 0.01763916015625
-0.1749267578125 -0.078216552734375 -0.108406066894531 0.0286788940429688
-0.0571746826171875 -0.18634033203125 -0.173095703125 -0.0277557373046875
0.17938232421875 -0.128143310546875 -0.19061279296875 -0.187652587890625
0.225112915039063 0.0336761474609375 -0.0391845703125 -0.29022216796875
0.151626586914063 0.142471313476563 0.1788330078125 -0.140701293945313
0.139686584472656 0.106307983398438 -0.0592041015625 0.306793212890625
0.121307373046875 -0.00197601318359375 0.00857543945312497 0.38873291015625
0.0768814086914062 -0.089935302734375 0.23431396484375 0.34197998046875
-0.0194244384765625 -0.083984375 0.384521484375 0.17315673828125
-0.0717926025390625 -0.022674560546875 0.354095458984375 -0.070465087890625
-0.0779571533203125 0.0473403930664062 0.216705322265625 -0.220947265625
-0.0524330139160156 0.0573387145996094 0.0732574462890625 -0.224380493164063
-0.063201904296875 0.05194091796875 0.016632080078125 -0.150283813476563
-0.0862045288085938 0.0647125244140625 0.000427246093749987 -0.0758514404296875
-0.115135192871094 0.02008056640625 -0.0237350463867188 -0.0199756622314453
-0.101638793945313 -0.0657424926757812 -0.0581779479980469 0.0269699096679688
-0.0106124877929688 -0.118179321289063 -0.1490478515625 -0.00178527832031251
0.1300048828125 -0.0479278564453125 -0.198638916015625 -0.177764892578125
0.128158569335938 0.0458602905273438 -0.033355712890625 -0.289764404296875
0.0782928466796875 0.093963623046875 0.197128295898438 -0.08050537109375
-0.00702619552612305 -0.00553083419799805 -0.225189208984375 0.0665435791015625
-0.0206584930419922 0.00434684753417969 0.0084228515625 0.285430908203125
-0.00802230834960938 -0.019378662109375 0.224380493164063 0.153350830078125
-0.0202903747558594 0.0052490234375 0.160781860351563 -0.00408935546875
0.00537109375 0.0224723815917969 0.0286521911621094 -0.0191726684570313
0.0382080078125 0.00435638427734375 -0.0244255065917969 0.0339431762695312
0.0269718170166016 -0.0203018188476563 -0.025482177734375 0.101051330566406
0.0103645324707031 -0.0240631103515625 -0.0217132568359375 0.16461181640625
0.0170402526855469 -0.0222396850585938 -0.089599609375 0.228713989257813
0.0121908187866211 -0.0068511962890625 -0.23016357421875 0.215072631835937
0.0109767913818359 0.00678730010986328 -0.33837890625 0.120208740234375
0.00149011611938477 0.00662660598754883 -0.3699951171875 -0.086761474609375
-0.0201988220214844 0.0135993957519531 -0.252288818359375 -0.348175048828125
-0.0537796020507813 -0.00971603393554688 -0.09149169921875 -0.384185791015625
-0.0463371276855469 -0.0539627075195313 0.042083740234375 -0.363800048828125
0.074432373046875 0.079833984375 -0.224609375 0.047882080078125
0.0931854248046875 0.0265655517578125 -0.0138397216796875 0.27081298828125
0.0816192626953125 -0.0829544067382813 0.198928833007813 0.170669555664063
-0.0260009765625 -0.0935211181640625 0.156036376953125 0.0233612060546875
-0.0681686401367187 -0.0287857055664062 0.0451278686523437 -0.00951385498046875
-0.0469741821289063 0.0341224670410156 -0.0141391754150391 0.0322227478027344
-0.0191574096679687 0.042449951171875 -0.0249710083007813 0.0953750610351563
-0.0230731964111328 0.0242080688476562 -0.0201568603515625 0.16064453125
-0.0207118988037109 0.0288810729980469 -0.0839080810546875 0.22698974609375
-0.0395927429199219 0.0293426513671875 -0.2235107421875 0.225616455078125
-0.05181884765625 8.77380371093785E-05 -0.328460693359375 0.13677978515625
-0.0395774841308594 -0.0412483215332031 -0.371490478515625 -0.0634765625
0.0184288024902344 -0.0559501647949219 -0.2772216796875 -0.323486328125
0.0444374084472656 -0.0284805297851563 -0.118438720703125 -0.38330078125
0.0431747436523438 0.00439453125 0.02880859375 -0.376495361328125
0.151641845703125 0.151748657226563 -0.21368408203125 0.0519561767578125
0.197952270507813 0.033355712890625 -0.0435791015625 0.252761840820312
0.153030395507813 -0.146926879882812 0.155960083007813 0.199203491210938
-0.0344696044921875 -0.177017211914063 0.157257080078125 0.0789031982421875
-0.132522583007813 -0.0702438354492187 0.0902633666992188 0.0099334716796875
-0.120620727539063 0.06011962890625 0.0251026153564453 0.0142421722412109
-0.0598068237304688 0.0948257446289062 -0.0102920532226563 0.0621681213378906
-0.0553398132324219 0.0688743591308594 -0.0162582397460938 0.130760192871094
-0.0564498901367187 0.0789794921875 -0.077301025390625 0.206710815429688
-0.0892868041992187 0.0671463012695313 -0.215164184570313 0.218994140625
-0.114387512207031 -0.00302886962890627 -0.312103271484375 0.137939453125
-0.0856399536132812 -0.0875778198242188 -0.359832763671875 -0.0518798828125
0.052886962890625 -0.124443054199219 -0.28131103515625 -0.3006591796875
0.138320922851563 -0.0470733642578125 -0.123046875 -0.371551513671875
0.125640869140625 0.056304931640625 0.03558349609375 -0.365997314453125
0.21124267578125 0.195526123046875 -0.195877075195312 0.0784759521484375
0.268722534179688 0.0171661376953125 -0.073394775390625 0.25140380859375
0.184783935546875 -0.202667236328125 0.119735717773438 0.247314453125
-0.0552978515625 -0.226913452148438 0.182998657226563 0.143661499023437
-0.17706298828125 -0.0865020751953125 0.158294677734375 0.0218658447265625
-0.16571044921875 0.0826416015625 0.080596923828125 -0.0244598388671875
-0.0865936279296875 0.130218505859375 0.0124740600585937 0.00732994079589845
-0.0817337036132813 0.101737976074219 -0.011260986328125 0.0806808471679687
-0.0874176025390625 0.120071411132813 -0.0719757080078125 0.165863037109375
-0.135208129882813 0.0972137451171875 -0.199356079101562 0.191482543945313
-0.171173095703125 -0.010101318359375 -0.283843994140625 0.120849609375
-0.121231079101563 -0.134963989257812 -0.331390380859375 -0.05230712890625
0.0913238525390625 -0.184844970703125 -0.263214111328125 -0.278945922851563
0.21734619140625 -0.05767822265625 -0.106964111328125 -0.353851318359375
0.188720703125 0.102737426757813 0.0611572265625 -0.33056640625
0.245651245117188 0.2088623046875 -0.167770385742188 0.126113891601563
0.291259765625 -0.006378173828125 -0.085693359375 0.275527954101563
0.17681884765625 -0.225921630859375 0.116424560546875 0.301544189453125
-0.071685791015625 -0.229751586914063 0.23602294921875 0.1939697265625
-0.190170288085937 -0.0789337158203125 0.232421875 0.0166778564453125
-0.177017211914063 0.094512939453125 0.135940551757813 -0.07659912109375
-0.0967864990234375 0.143402099609375 0.0343360900878906 -0.0592765808105469
-0.0965499877929687 0.119125366210938 -0.00649070739746094 0.0190105438232422
-0.110000610351563 0.14422607421875 -0.0630035400390625 0.10797119140625
-0.172348022460938 0.109664916992188 -0.171890258789063 0.141891479492187
-0.21063232421875 -0.0269927978515625 -0.23651123046875 0.087066650390625
-0.135406494140625 -0.1776123046875 -0.28045654296875 -0.0539398193359375
0.13311767578125 -0.214767456054687 -0.229110717773438 -0.247695922851562
0.267715454101563 -0.045318603515625 -0.08056640625 -0.326629638671875
0.216262817382813 0.135726928710938 0.09759521484375 -0.27630615234375
0.241867065429688 0.191696166992188 -0.130691528320312 0.18670654296875
0.263229370117188 -0.0200042724609375 -0.0697021484375 0.317413330078125
0.143722534179688 -0.2049560546875 0.148773193359375 0.338165283203125
-0.071014404296875 -0.1937255859375 0.298553466796875 0.20770263671875
-0.168991088867188 -0.058258056640625 0.29351806640625 -0.011260986328125
-0.157150268554688 0.0931243896484375 0.175186157226563 -0.13433837890625
-0.0908889770507813 0.132148742675781 0.0527267456054688 -0.125221252441406
-0.0984573364257812 0.114212036132812 -0.001068115234375 -0.0458488464355469
-0.119430541992187 0.142745971679688 -0.0466842651367188 0.0409965515136719
-0.186660766601563 0.0959014892578125 -0.129058837890625 0.0803146362304688
-0.21466064453125 -0.0529937744140625 -0.171737670898438 0.051727294921875
-0.111572265625 -0.20013427734375 -0.218063354492188 -0.046722412109375
0.1697998046875 -0.196685791015625 -0.19891357421875 -0.210174560546875
0.271881103515625 -0.0113067626953125 -0.05853271484375 -0.29827880859375
0.202499389648438 0.150253295898438 0.137908935546875 -0.210464477539063
0.2069091796875 0.15301513671875 -0.0880279541015625 0.249923706054688
0.200088500976562 -0.0177154541015625 -0.028839111328125 0.355804443359375
0.10675048828125 -0.154312133789063 0.195037841796875 0.342987060546875
-0.0513916015625 -0.1400146484375 0.3494873046875 0.190093994140625
-0.125389099121094 -0.0369110107421875 0.328521728515625 -0.046142578125
-0.119735717773438 0.077056884765625 0.197494506835938 -0.185821533203125
-0.0741043090820312 0.102218627929688 0.0611114501953125 -0.17938232421875
-0.0859146118164063 0.091552734375 0.00537872314453124 -0.103042602539063
-0.111808776855469 0.115058898925781 -0.0257415771484375 -0.0242271423339844
-0.168701171875 0.0634307861328125 -0.0746383666992188 0.0228271484375
-0.173965454101563 -0.0693817138671875 -0.103286743164063 0.0309982299804687
-0.061614990234375 -0.181121826171875 -0.167724609375 -0.0218658447265625
0.173568725585938 -0.133636474609375 -0.191192626953125 -0.175537109375
0.222091674804688 0.027008056640625 -0.0493927001953125 -0.280990600585938
0.151473999023438 0.138198852539063 0.168533325195313 -0.1416015625
0.141769409179688 0.0989837646484375 -0.049224853515625 0.30377197265625
0.118019104003906 -0.00431060791015625 0.019775390625 0.38067626953125
0.0712814331054688 -0.0902252197265625 0.237701416015625 0.328094482421875
-0.0216751098632813 -0.0829315185546875 0.3817138671875 0.1571044921875
-0.0701141357421875 -0.019287109375 0.34149169921875 -0.079315185546875
-0.0719985961914063 0.0474929809570312 0.201797485351563 -0.221954345703125
-0.0485343933105469 0.0574798583984375 0.063629150390625 -0.2197265625
-0.0611114501953125 0.0543899536132812 0.0108184814453125 -0.145706176757813
-0.0828704833984375 0.0665206909179687 -0.00328826904296875 -0.0739974975585938
-0.112319946289062 0.0232009887695313 -0.0232906341552734 -0.0182418823242187
-0.100898742675781 -0.0615615844726562 -0.0537261962890625 0.026824951171875
-0.013885498046875 -0.116256713867187 -0.1434326171875 0.00294494628906249
0.127906799316406 -0.053192138671875 -0.198974609375 -0.165069580078125
0.127349853515625 0.0411529541015625 -0.044921875 -0.279434204101562
0.0785675048828125 0.0930023193359375 0.189697265625 -0.082916259765625
-0.00523090362548828 -0.00694513320922851 -0.22662353515625 0.0650787353515625
-0.0189075469970703 0.00501060485839844 0.01031494140625 0.281707763671875
-0.00880813598632812 -0.019775390625 0.222549438476563 0.149063110351563
-0.0214519500732422 0.00565147399902344 0.15863037109375 -0.0065460205078125
0.00704193115234375 0.0232601165771484 0.0284500122070313 -0.0167179107666016
0.0393257141113281 0.0029449462890625 -0.0233726501464844 0.03643798828125
0.0263557434082031 -0.0203819274902344 -0.0242462158203125 0.101020812988281
0.00928497314453125 -0.0235252380371094 -0.0181732177734375 0.162200927734375
0.0150985717773437 -0.0232868194580078 -0.08416748046875 0.226821899414063
0.0128450393676758 -0.00743198394775391 -0.223648071289062 0.217254638671875
0.0116758346557617 0.00666618347167969 -0.33392333984375 0.123687744140625
0.00034952163696289 0.0064234733581543 -0.36700439453125 -0.08465576171875
-0.0205287933349609 0.013336181640625 -0.25341796875 -0.344482421875
-0.0542716979980469 -0.00878906250000001 -0.094573974609375 -0.382049560546875
-0.0455131530761719 -0.0542030334472656 0.036865234375 -0.36492919921875
0.0774307250976563 0.0795516967773438 -0.225509643554688 0.0465850830078125
0.095123291015625 0.0262527465820313 -0.012725830078125 0.268173217773438
0.0802383422851563 -0.0844802856445313 0.197708129882812 0.167495727539062
-0.02679443359375 -0.0925064086914063 0.153518676757813 0.021942138671875
-0.0677604675292969 -0.0279388427734375 0.044708251953125 -0.00765228271484375
-0.0449676513671875 0.0329551696777344 -0.0134735107421875 0.0340232849121094
-0.0179634094238281 0.0416336059570313 -0.0240936279296875 0.0958023071289063
-0.0247325897216797 0.0250244140625 -0.01690673828125 0.157745361328125
-0.0225105285644531 0.0288066864013672 -0.07861328125 0.226150512695313
-0.0384788513183594 0.0292854309082031 -0.217849731445312 0.22784423828125
-0.0508880615234375 0.001068115234375 -0.32525634765625 0.13934326171875
-0.0413475036621094 -0.0403900146484375 -0.368377685546875 -0.0614929199218749
0.0171241760253906 -0.0571212768554688 -0.278045654296875 -0.3197021484375
0.0433921813964844 -0.0286140441894531 -0.1212158203125 -0.380157470703125
0.0435333251953125 0.0042877197265625 0.02508544921875 -0.37713623046875
0.15484619140625 0.150146484375 -0.2139892578125 0.0507049560546875
0.199066162109375 0.0326690673828125 -0.0407562255859375 0.249588012695312
0.150634765625 -0.149429321289063 0.154464721679688 0.19610595703125
-0.0376129150390625 -0.17681884765625 0.156524658203125 0.0772857666015625
-0.132896423339844 -0.0688705444335938 0.0902252197265625 0.0110092163085937
-0.117637634277344 0.0597000122070313 0.02484130859375 0.0139217376708984
-0.0571823120117188 0.0946197509765625 -0.0102653503417969 0.0624008178710938
-0.0560150146484375 0.0697097778320313 -0.013458251953125 0.128471374511719
-0.0571517944335938 0.0793533325195313 -0.0731658935546875 0.205001831054688
-0.0867767333984375 0.0682373046875 -0.208206176757813 0.222442626953125
-0.112510681152344 -0.000839233398437484 -0.307769775390625 0.14093017578125
-0.0858230590820313 -0.0863037109375 -0.358001708984375 -0.0502319335937499
0.051544189453125 -0.126617431640625 -0.28192138671875 -0.296600341796875
0.136734008789063 -0.0485153198242188 -0.126495361328125 -0.37005615234375
0.125831604003906 0.0573883056640625 0.03094482421875 -0.366302490234375
0.214828491210937 0.192962646484375 -0.195953369140625 0.0789031982421876
0.268692016601563 0.0169677734375 -0.0712890625 0.248260498046875
0.1822509765625 -0.203399658203125 0.119613647460937 0.2442626953125
-0.0573577880859375 -0.226470947265625 0.1839599609375 0.141860961914063
-0.177032470703125 -0.08477783203125 0.158279418945313 0.022064208984375
-0.163467407226563 0.082000732421875 0.0788421630859375 -0.0246963500976562
-0.0838775634765625 0.129203796386719 0.0113706588745117 0.00690555572509766
-0.0807113647460938 0.103607177734375 -0.00995635986328126 0.0792312622070313
-0.0866165161132812 0.121513366699219 -0.068939208984375 0.164566040039063
-0.132431030273438 0.0986251831054688 -0.193283081054688 0.195236206054688
-0.17047119140625 -0.00804138183593747 -0.279739379882813 0.12286376953125
-0.123222351074219 -0.132972717285156 -0.329315185546875 -0.0492858886718751
0.0884552001953125 -0.18646240234375 -0.263656616210938 -0.27410888671875
0.215866088867188 -0.0582122802734375 -0.11114501953125 -0.351593017578125
0.18829345703125 0.103042602539063 0.05633544921875 -0.3309326171875
0.247222900390625 0.204574584960938 -0.167510986328125 0.1260986328125
0.29046630859375 -0.0068359375 -0.08477783203125 0.274734497070313
0.172958374023438 -0.225570678710938 0.115997314453125 0.29949951171875
-0.07464599609375 -0.228469848632813 0.236373901367188 0.191864013671875
-0.18963623046875 -0.0768585205078125 0.23162841796875 0.015380859375
-0.173904418945313 0.0948486328125 0.13287353515625 -0.0782623291015625
-0.0933990478515625 0.141921997070313 0.0331230163574219 -0.0597038269042969
-0.0956192016601562 0.120246887207031 -0.00572586059570313 0.0191059112548828
-0.10833740234375 0.145767211914062 -0.0607757568359375 0.107284545898438
-0.168609619140625 0.110916137695313 -0.167587280273438 0.146820068359375
-0.209991455078125 -0.0238800048828125 -0.233245849609375 0.088836669921875
-0.137741088867188 -0.175094604492187 -0.278030395507812 -0.0531768798828126
0.130340576171875 -0.21771240234375 -0.229354858398437 -0.244781494140625
0.266204833984375 -0.047576904296875 -0.084503173828125 -0.32373046875
0.216552734375 0.136962890625 0.09375 -0.276397705078125
0.244354248046875 0.18896484375 -0.128860473632812 0.186782836914063
0.261932373046875 -0.020538330078125 -0.0673828125 0.3162841796875
0.139984130859375 -0.205307006835938 0.148345947265625 0.335205078125
-0.0725250244140625 -0.192840576171875 0.29998779296875 0.205413818359375
-0.167526245117187 -0.0566558837890625 0.2900390625 -0.01177978515625
-0.154052734375 0.09307861328125 0.171875 -0.134918212890625
-0.088409423828125 0.1322021484375 0.048858642578125 -0.1239013671875
-0.0971145629882812 0.115882873535156 -0.00125503540039063 -0.0442581176757812
-0.119186401367188 0.143646240234375 -0.0461311340332031 0.0419349670410156
-0.184677124023438 0.0973968505859375 -0.125396728515625 0.0850830078125
-0.213790893554687 -0.0493316650390625 -0.16998291015625 0.051513671875
-0.11395263671875 -0.198806762695313 -0.2164306640625 -0.0460968017578125
0.167465209960938 -0.200515747070313 -0.198226928710938 -0.205947875976562
0.270782470703125 -0.0136871337890625 -0.0635986328125 -0.295318603515625
0.20220947265625 0.151260375976563 0.133453369140625 -0.209609985351563
0.20794677734375 0.150588989257813 -0.0871124267578125 0.2515869140625
0.1993408203125 -0.01861572265625 -0.02593994140625 0.354705810546875
0.102890014648438 -0.154312133789063 0.1956787109375 0.341522216796875
-0.0529403686523438 -0.138816833496094 0.349456787109375 0.186920166015625
-0.123626708984375 -0.0349273681640625 0.325958251953125 -0.047271728515625
-0.116493225097656 0.075958251953125 0.1922607421875 -0.1849365234375
-0.0716781616210937 0.10150146484375 0.0587615966796875 -0.17840576171875
-0.085662841796875 0.093719482421875 0.00339508056640624 -0.101188659667969
-0.111373901367188 0.116973876953125 -0.0260105133056641 -0.0220203399658203
-0.16705322265625 0.0643768310546875 -0.0726776123046875 0.0259780883789062
-0.174911499023437 -0.06719970703125 -0.102188110351563 0.0306167602539062
-0.06365966796875 -0.18109130859375 -0.164764404296875 -0.021270751953125
0.173019409179688 -0.137374877929688 -0.191146850585937 -0.1708984375
0.22216796875 0.025421142578125 -0.05450439453125 -0.276641845703125
0.152206420898438 0.140594482421875 0.16558837890625 -0.141754150390625
0.143569946289063 0.0966949462890625 -0.04779052734375 0.30401611328125
0.11663818359375 -0.00388336181640625 0.022796630859375 0.3782958984375
0.06842041015625 -0.0892715454101563 0.237823486328125 0.32476806640625
-0.0228729248046875 -0.08154296875 0.381134033203125 0.15411376953125
-0.0697402954101563 -0.0188865661621094 0.33795166015625 -0.080078125
-0.0701866149902344 0.0469436645507813 0.19732666015625 -0.221237182617188
-0.0478096008300781 0.0576248168945313 0.0585479736328125 -0.217376708984375
-0.0613327026367187 0.0563888549804688 0.007537841796875 -0.14422607421875
-0.0836410522460938 0.06805419921875 -0.00453948974609375 -0.071807861328125
-0.112876892089844 0.0243606567382812 -0.0223636627197266 -0.0147361755371094
-0.101921081542969 -0.059478759765625 -0.0519752502441406 0.0254974365234375
-0.014801025390625 -0.116622924804688 -0.139663696289063 0.00321197509765622
0.128410339355469 -0.0564193725585938 -0.199234008789063 -0.161270141601562
0.128555297851563 0.0411224365234375 -0.0496978759765625 -0.274505615234375
0.0780868530273437 0.0952529907226563 0.187713623046875 -0.0818023681640625
-0.00424528121948242 -0.00873756408691406 -0.234375 0.0659637451171875
-0.0182170867919922 0.00502777099609375 0.010528564453125 0.285980224609375
-0.00967025756835938 -0.0193824768066406 0.227081298828125 0.149505615234375
-0.0233802795410156 0.00724983215332031 0.16107177734375 -0.0072174072265625
0.00667953491210937 0.0245361328125 0.0290317535400391 -0.0152053833007812
0.0419349670410156 0.001129150390625 -0.0235252380371094 0.0387954711914063
0.027740478515625 -0.021453857421875 -0.0244522094726562 0.103622436523438
0.00869941711425781 -0.0224456787109375 -0.0167694091796875 0.16290283203125
0.0137901306152344 -0.0236320495605469 -0.082916259765625 0.230987548828125
0.0127019882202148 -0.00800609588623047 -0.224685668945313 0.223709106445313
0.0129108428955078 0.00733757019042969 -0.3404541015625 0.127716064453125
-0.000550270080566407 0.00661706924438477 -0.374542236328125 -0.0859374999999999
-0.0225410461425781 0.0120334625244141 -0.260223388671875 -0.354095458984375
-0.0566520690917969 -0.00867080688476562 -0.098907470703125 -0.39276123046875
-0.0461006164550781 -0.05584716796875 0.0361328125 -0.374725341796875
0.0814437866210938 0.080810546875 -0.232177734375 0.0477447509765625
0.099578857421875 0.02813720703125 -0.01348876953125 0.272674560546875
0.0820083618164062 -0.0875778198242187 0.202102661132812 0.169464111328125
-0.0286865234375 -0.09417724609375 0.156906127929688 0.0224609375
-0.0706787109375 -0.029205322265625 0.0458145141601563 -0.00585556030273438
-0.045501708984375 0.0324783325195312 -0.0129928588867188 0.0356369018554688
-0.0165786743164063 0.0427970886230469 -0.0242996215820312 0.0982208251953125
-0.0245151519775391 0.0269737243652344 -0.0159149169921875 0.158737182617187
-0.0241355895996094 0.0306491851806641 -0.0775909423828125 0.22998046875
-0.0387725830078125 0.029571533203125 -0.21771240234375 0.23565673828125
-0.0512657165527344 0.00170516967773437 -0.33026123046875 0.143218994140625
-0.0427093505859375 -0.0416488647460938 -0.376068115234375 -0.0621337890625
0.0153770446777344 -0.0588493347167969 -0.284454345703125 -0.32843017578125
0.0439071655273438 -0.0297203063964844 -0.127197265625 -0.390167236328125
0.0451545715332031 0.00378799438476563 0.023040771484375 -0.38763427734375
0.161209106445313 0.153396606445313 -0.22161865234375 0.0514373779296875
0.205581665039063 0.0345306396484375 -0.0426483154296875 0.253494262695313
0.154632568359375 -0.153823852539063 0.15704345703125 0.198638916015625
-0.04034423828125 -0.181655883789063 0.160202026367188 0.0784912109375
-0.136680603027344 -0.0703887939453125 0.093017578125 0.0127944946289062
-0.119903564453125 0.0594482421875 0.0252456665039062 0.0147361755371094
-0.0581207275390625 0.09600830078125 -0.010986328125 0.063690185546875
-0.0572052001953125 0.0726242065429687 -0.0126876831054687 0.128669738769531
-0.05859375 0.0822677612304687 -0.0726165771484375 0.209915161132813
-0.0877685546875 0.0693893432617187 -0.208633422851562 0.230682373046875
-0.114677429199219 -0.000282287597656251 -0.31298828125 0.146514892578125
-0.0888671875 -0.087982177734375 -0.36517333984375 -0.0507812500000001
0.0515975952148438 -0.131278991699219 -0.28863525390625 -0.3037109375
0.139602661132813 -0.05084228515625 -0.13238525390625 -0.3790283203125
0.129188537597656 0.0597305297851563 0.029144287109375 -0.374603271484375
0.222320556640625 0.197189331054688 -0.200836181640625 0.0794525146484375
0.27728271484375 0.0173797607421875 -0.0726776123046875 0.254150390625
0.186233520507813 -0.2095947265625 0.121017456054688 0.24957275390625
-0.0611572265625 -0.23175048828125 0.187835693359375 0.146591186523438
-0.181915283203125 -0.0862274169921875 0.162628173828125 0.024688720703125
-0.16558837890625 0.0823974609375 0.0797576904296875 -0.0253677368164062
-0.08349609375 0.132431030273437 0.0106163024902344 0.00780963897705079
-0.082611083984375 0.107208251953125 -0.00957489013671875 0.0796356201171875
-0.0881805419921875 0.126060485839844 -0.068267822265625 0.1685791015625
-0.134330749511719 0.101028442382812 -0.193649291992188 0.20330810546875
-0.173828125 -0.0060272216796875 -0.285125732421875 0.12750244140625
-0.128097534179688 -0.136703491210938 -0.3370361328125 -0.0515441894531251
0.0904083251953125 -0.19244384765625 -0.27081298828125 -0.28173828125
0.220245361328125 -0.060699462890625 -0.116180419921875 -0.359283447265625
0.193511962890625 0.106536865234375 0.0555419921875 -0.338836669921875
0.25482177734375 0.208755493164063 -0.172607421875 0.129180908203125
0.29736328125 -0.006591796875 -0.0874481201171875 0.280349731445313
0.177047729492187 -0.231887817382813 0.11773681640625 0.307373046875
-0.0779876708984375 -0.234725952148438 0.242355346679688 0.196640014648437
-0.194503784179687 -0.0777587890625 0.238800048828125 0.016571044921875
-0.175521850585938 0.095916748046875 0.134605407714844 -0.0793991088867188
-0.0928955078125 0.144683837890625 0.0327262878417969 -0.0592994689941406
-0.0980987548828125 0.12481689453125 -0.00671195983886719 0.0186309814453125
-0.1109619140625 0.149871826171875 -0.0610885620117188 0.111831665039062
-0.170867919921875 0.114212036132812 -0.16796875 0.153762817382812
-0.215087890625 -0.022552490234375 -0.237716674804688 0.0924224853515625
-0.141403198242187 -0.179916381835938 -0.284881591796875 -0.054718017578125
0.13275146484375 -0.224533081054688 -0.235153198242188 -0.249557495117187
0.272735595703125 -0.04974365234375 -0.089752197265625 -0.332000732421875
0.2230224609375 0.141372680664063 0.094390869140625 -0.28155517578125
0.252517700195313 0.19195556640625 -0.133453369140625 0.191497802734375
0.267562866210938 -0.0211334228515625 -0.069488525390625 0.322784423828125
0.142898559570313 -0.209854125976562 0.152130126953125 0.3433837890625
-0.07568359375 -0.196746826171875 0.308380126953125 0.209503173828125
-0.171844482421875 -0.056732177734375 0.2978515625 -0.011962890625
-0.156600952148437 0.0938873291015625 0.173538208007812 -0.137359619140625
-0.08795166015625 0.13385009765625 0.0484848022460938 -0.125053405761719
-0.100288391113281 0.121879577636719 -0.003173828125 -0.0445404052734375
-0.121688842773438 0.148788452148438 -0.0473861694335938 0.0437545776367188
-0.187530517578125 0.101181030273438 -0.125419616699219 0.0897293090820313
-0.219131469726562 -0.049224853515625 -0.173019409179688 0.05340576171875
-0.11798095703125 -0.204696655273438 -0.220535278320313 -0.0475311279296875
0.170639038085938 -0.208740234375 -0.204055786132813 -0.210159301757812
0.278457641601563 -0.0140228271484375 -0.067718505859375 -0.299285888671875
0.208328247070312 0.158233642578125 0.134323120117187 -0.214340209960937
0.2154541015625 0.153335571289063 -0.089599609375 0.257858276367188
0.203842163085938 -0.0179901123046875 -0.02691650390625 0.363189697265625
0.104461669921875 -0.157546997070313 0.199371337890625 0.349639892578125
-0.0552978515625 -0.142410278320313 0.3597412109375 0.190185546875
-0.125495910644531 -0.0350494384765625 0.33184814453125 -0.048431396484375
-0.116905212402344 0.0766754150390625 0.19512939453125 -0.188308715820313
-0.0718231201171875 0.103271484375 0.0574188232421875 -0.181869506835938
-0.0881423950195313 0.0985946655273438 0.00109863281249999 -0.101570129394531
-0.114753723144531 0.1209716796875 -0.0265254974365234 -0.0218486785888672
-0.171066284179688 0.0670623779296875 -0.0726776123046875 0.02862548828125
-0.178741455078125 -0.06787109375 -0.102890014648438 0.0310592651367187
-0.06634521484375 -0.186553955078125 -0.167953491210938 -0.0231475830078125
0.177200317382812 -0.14373779296875 -0.195877075195312 -0.174224853515625
0.228363037109375 0.02581787109375 -0.058685302734375 -0.280792236328125
0.1552734375 0.147552490234375 0.169174194335937 -0.143478393554688
0.148391723632812 0.0979156494140625 -0.049530029296875 0.313018798828125
0.120124816894531 -0.00267791748046875 0.0240478515625 0.389068603515625
0.069244384765625 -0.0908279418945313 0.244293212890625 0.33355712890625
-0.0244216918945313 -0.0838775634765625 0.390625 0.156463623046875
-0.0702095031738281 -0.0188217163085937 0.345458984375 -0.08245849609375
-0.0701942443847656 0.0473670959472656 0.198577880859375 -0.225494384765625
-0.0477867126464844 0.0575714111328125 0.058013916015625 -0.220565795898437
-0.0628166198730469 0.0589942932128906 0.00476074218749999 -0.144927978515625
-0.0868988037109375 0.0704879760742188 -0.00642395019531251 -0.0732803344726563
-0.114723205566406 0.0255203247070313 -0.021484375 -0.0149269104003906
-0.104034423828125 -0.061920166015625 -0.0522613525390625 0.02520751953125
-0.0152969360351563 -0.1197509765625 -0.141525268554688 0.00357055664062502
0.133598327636719 -0.0600433349609375 -0.205108642578125 -0.161972045898437
0.131881713867188 0.0425643920898437 -0.053131103515625 -0.278564453125
0.0802230834960938 0.100425720214844 0.192123413085938 -0.0827484130859375
-0.00341796875 -0.00992584228515625 -0.24786376953125 0.070953369140625
-0.0182075500488281 0.00491142272949219 0.01593017578125 0.297882080078125
-0.0121345520019531 -0.0203857421875 0.238571166992188 0.15057373046875
-0.0249404907226563 0.0100345611572266 0.165130615234375 -0.012847900390625
0.00798797607421875 0.0265865325927734 0.0309181213378906 -0.0158119201660156
0.0434799194335938 -0.00223541259765625 -0.0226898193359375 0.0421562194824219
0.0283603668212891 -0.0241279602050781 -0.0239028930664063 0.109161376953125
0.00824928283691406 -0.023529052734375 -0.0123443603515625 0.169387817382813
0.0131969451904297 -0.0235748291015625 -0.078582763671875 0.2421875
0.0136785507202148 -0.00994396209716797 -0.227279663085938 0.239059448242187
0.0141458511352539 0.00737190246582031 -0.351226806640625 0.1417236328125
-0.00142145156860352 0.00728559494018555 -0.3955078125 -0.0827941894531251
-0.0245742797851562 0.0128841400146484 -0.279876708984375 -0.36505126953125
-0.0599098205566406 -0.00732421875 -0.112884521484375 -0.408905029296875
-0.0490493774414063 -0.0582809448242188 0.028594970703125 -0.394744873046875
0.0896835327148438 0.082489013671875 -0.245559692382813 0.051910400390625
0.106361389160156 0.0266799926757812 -0.00808715820312498 0.2847900390625
0.0835647583007813 -0.0942916870117188 0.212570190429688 0.17144775390625
-0.0335006713867187 -0.0977096557617187 0.162643432617188 0.0195159912109375
-0.074859619140625 -0.0280075073242187 0.0487289428710937 -0.0050506591796875
-0.0472679138183594 0.0330238342285156 -0.0122337341308594 0.038818359375
-0.0168380737304688 0.0433387756347656 -0.0240097045898438 0.103843688964844
-0.0257205963134766 0.0300388336181641 -0.0117950439453125 0.16461181640625
-0.025543212890625 0.0333976745605469 -0.0730743408203125 0.23974609375
-0.0394210815429688 0.0312995910644531 -0.219558715820313 0.25225830078125
-0.0523605346679688 0.00371551513671876 -0.34161376953125 0.158782958984375
-0.0481376647949219 -0.0416450500488281 -0.3963623046875 -0.058929443359375
0.0134010314941406 -0.0633811950683594 -0.306060791015625 -0.337799072265625
0.0443305969238281 -0.0319557189941406 -0.142486572265625 -0.40631103515625
0.0469093322753906 0.00260162353515625 0.014892578125 -0.407470703125
0.173934936523438 0.1578369140625 -0.233062744140625 0.05694580078125
0.218612670898438 0.0312347412109375 -0.0395660400390625 0.265640258789063
0.159378051757813 -0.16436767578125 0.167251586914063 0.205322265625
-0.047149658203125 -0.189620971679687 0.168121337890625 0.0789642333984375
-0.145462036132813 -0.070281982421875 0.0980453491210937 0.0131988525390625
-0.124549865722656 0.063690185546875 0.026702880859375 0.0168037414550781
-0.056549072265625 0.100677490234375 -0.0102920532226563 0.0684928894042969
-0.0588760375976562 0.0791473388671875 -0.00978088378906251 0.134330749511719
-0.0617218017578125 0.0885696411132813 -0.06854248046875 0.219253540039063
-0.0902023315429687 0.072723388671875 -0.2098388671875 0.24639892578125
-0.119575500488281 0.00323486328125 -0.323944091796875 0.161346435546875
-0.095703125 -0.09014892578125 -0.3848876953125 -0.046478271484375
0.0499114990234375 -0.139030456542969 -0.310211181640625 -0.3123779296875
0.14404296875 -0.0561370849609375 -0.149200439453125 -0.393646240234375
0.137359619140625 0.0605239868164062 0.02215576171875 -0.394287109375
0.239273071289063 0.200851440429687 -0.210540771484375 0.0864105224609375
0.29296875 0.013214111328125 -0.0710906982421875 0.265869140625
0.191116333007812 -0.223968505859375 0.1300048828125 0.259719848632813
-0.0706939697265625 -0.242721557617188 0.199905395507812 0.14984130859375
-0.19366455078125 -0.0866851806640625 0.172470092773438 0.023468017578125
-0.171096801757812 0.0893096923828125 0.0833587646484375 -0.0275192260742187
-0.0840377807617188 0.138618469238281 0.0102033615112305 0.00883960723876954
-0.084625244140625 0.115646362304687 -0.00958251953125001 0.0833053588867188
-0.0912399291992188 0.134925842285156 -0.0657501220703125 0.17718505859375
-0.137130737304688 0.107521057128906 -0.194610595703125 0.21844482421875
-0.182022094726562 -0.00195312499999999 -0.294464111328125 0.140350341796875
-0.137763977050781 -0.139396667480469 -0.354736328125 -0.046630859375
0.088531494140625 -0.205490112304688 -0.290771484375 -0.289276123046875
0.228851318359375 -0.068328857421875 -0.131927490234375 -0.37298583984375
0.205108642578125 0.10955810546875 0.049346923828125 -0.3563232421875
0.273590087890625 0.213333129882812 -0.179794311523437 0.1373291015625
0.31231689453125 -0.01324462890625 -0.086456298828125 0.295623779296875
0.179183959960938 -0.247817993164062 0.1275634765625 0.3197021484375
-0.0887451171875 -0.244644165039063 0.258941650390625 0.201690673828125
-0.204360961914063 -0.0774383544921875 0.250625610351563 0.0131683349609375
-0.181915283203125 0.10302734375 0.137641906738281 -0.0855255126953125
-0.0936737060546875 0.152252197265625 0.0308494567871094 -0.0620002746582031
-0.0993194580078125 0.134368896484375 -0.00743103027343751 0.0194034576416016
-0.112899780273438 0.16082763671875 -0.05908203125 0.118331909179688
-0.1761474609375 0.123794555664063 -0.168014526367188 0.166748046875
-0.225494384765625 -0.018585205078125 -0.24627685546875 0.101364135742188
-0.153961181640625 -0.185501098632812 -0.300689697265625 -0.0521850585937501
0.133804321289062 -0.241912841796875 -0.251663208007813 -0.256576538085937
0.283782958984375 -0.058990478515625 -0.103363037109375 -0.34320068359375
0.236221313476563 0.146484375 0.091094970703125 -0.297698974609375
0.268707275390625 0.195907592773438 -0.138839721679687 0.20428466796875
0.279937744140625 -0.026153564453125 -0.066192626953125 0.341278076171875
0.14453125 -0.222824096679687 0.1641845703125 0.357574462890625
-0.08599853515625 -0.205154418945313 0.327789306640625 0.213775634765625
-0.180191040039063 -0.055816650390625 0.313018798828125 -0.017242431640625
-0.160980224609375 0.100189208984375 0.17828369140625 -0.147293090820313
-0.088470458984375 0.139724731445313 0.0461044311523437 -0.131645202636719
-0.101425170898438 0.129997253417969 -0.00509262084960938 -0.0455818176269531
-0.123748779296875 0.16046142578125 -0.0475578308105469 0.0476417541503906
-0.193496704101563 0.110641479492188 -0.126075744628906 0.098724365234375
-0.231231689453125 -0.0451202392578125 -0.17864990234375 0.059967041015625
-0.129989624023437 -0.21209716796875 -0.232437133789063 -0.04736328125
0.17449951171875 -0.225372314453125 -0.217605590820313 -0.21441650390625
0.29144287109375 -0.02142333984375 -0.08026123046875 -0.3109130859375
0.220718383789063 0.165847778320313 0.135711669921875 -0.225540161132813
0.229522705078125 0.154541015625 -0.090576171875 0.272491455078125
0.212677001953125 -0.0218505859375 -0.020843505859375 0.382568359375
0.10546875 -0.166275024414063 0.214691162109375 0.36322021484375
-0.061859130859375 -0.147750854492188 0.381072998046875 0.191131591796875
-0.131683349609375 -0.0339889526367188 0.3477783203125 -0.05572509765625
-0.120613098144531 0.0817031860351563 0.19781494140625 -0.20050048828125
-0.072845458984375 0.107383728027344 0.0540313720703125 -0.189468383789062
-0.089752197265625 0.106132507324219 -0.00209808349609375 -0.105117797851563
-0.117706298828125 0.131385803222656 -0.0284271240234375 -0.0208072662353516
-0.17791748046875 0.074737548828125 -0.0726776123046875 0.03350830078125
-0.19024658203125 -0.0660552978515625 -0.106483459472656 0.03363037109375
-0.074798583984375 -0.194961547851563 -0.175201416015625 -0.0214691162109375
0.183029174804688 -0.157501220703125 -0.208663940429687 -0.176498413085938
0.241043090820313 0.022735595703125 -0.069915771484375 -0.29046630859375
0.165847778320313 0.15411376953125 0.173370361328125 -0.153244018554688
0.15771484375 0.098236083984375 -0.045318603515625 0.32958984375
0.125991821289063 -0.00318145751953125 0.033172607421875 0.408111572265625
0.0701828002929688 -0.0952835083007813 0.261993408203125 0.345245361328125
-0.0285110473632813 -0.0881729125976563 0.413970947265625 0.15484619140625
-0.0731048583984375 -0.0175628662109375 0.359466552734375 -0.09246826171875
-0.07196044921875 0.0493011474609375 0.201416015625 -0.23876953125
-0.0484428405761719 0.0599555969238281 0.053955078125 -0.22998046875
-0.0650787353515625 0.0644989013671875 0.000869750976562499 -0.150680541992188
-0.0894927978515625 0.0779876708984375 -0.0084228515625 -0.074737548828125
-0.121337890625 0.0299530029296875 -0.0217685699462891 -0.0149497985839844
-0.11138916015625 -0.0608062744140625 -0.0528106689453125 0.0268020629882812
-0.0187835693359375 -0.126350402832031 -0.14642333984375 0.00622558593749999
0.138175964355469 -0.068603515625 -0.218536376953125 -0.163345336914063
0.139450073242188 0.0429306030273438 -0.06536865234375 -0.286956787109375
0.0863723754882813 0.106826782226562 0.198577880859375 -0.08782958984375
-0.00280952453613281 -0.0129718780517578 -0.25885009765625 0.086761474609375
-0.0180950164794922 0.00467491149902344 0.0308837890625 0.311279296875
-0.0149574279785156 -0.0217247009277344 0.2569580078125 0.1439208984375
-0.0262012481689453 0.0140857696533203 0.171539306640625 -0.0209808349609375
0.00991630554199219 0.0278282165527344 0.0324516296386719 -0.0166187286376953
0.0449790954589844 -0.00714874267578125 -0.0205764770507812 0.0476188659667969
0.0281333923339844 -0.0289821624755859 -0.0180892944335938 0.116706848144531
0.00738716125488281 -0.0231399536132813 -0.00398254394531249 0.174636840820313
0.0114822387695313 -0.0248508453369141 -0.0670623779296875 0.2550048828125
0.0136384963989258 -0.0116548538208008 -0.221359252929688 0.2613525390625
0.0163469314575195 0.00684547424316406 -0.360321044921875 0.166900634765625
-0.0021672248840332 0.00872373580932617 -0.41729736328125 -0.0672912597656249
-0.0269813537597656 0.0148468017578125 -0.31353759765625 -0.36871337890625
-0.0632400512695313 -0.00490188598632813 -0.139312744140625 -0.42333984375
-0.0542678833007813 -0.0613327026367188 0.00991821289062503 -0.41607666015625
0.0996322631835938 0.0801849365234375 -0.258087158203125 0.0652313232421875
0.114837646484375 0.0225448608398438 0.0048828125 0.297637939453125
0.082427978515625 -0.103050231933594 0.230499267578125 0.16876220703125
-0.0421524047851562 -0.100448608398438 0.1702880859375 0.0117950439453125
-0.0811767578125 -0.0247955322265625 0.0517959594726562 -0.00707244873046875
-0.0486679077148438 0.0350189208984375 -0.01177978515625 0.0435295104980469
-0.0158538818359375 0.0443305969238281 -0.0190200805664063 0.111518859863281
-0.0263671875 0.0341567993164063 -0.0031890869140625 0.170654296875
-0.0262031555175781 0.0381202697753906 -0.0612335205078125 0.2532958984375
-0.03955078125 0.0339813232421875 -0.213531494140625 0.274871826171875
-0.0541534423828125 0.00666427612304688 -0.347686767578125 0.18463134765625
-0.0528106689453125 -0.0415191650390625 -0.417449951171875 -0.041900634765625
0.00922775268554687 -0.0671577453613281 -0.33831787109375 -0.338409423828125
0.0440177917480469 -0.0354766845703125 -0.170806884765625 -0.418792724609375
0.0503044128417969 0.000598907470703125 -0.00500488281250004 -0.42852783203125
0.1923828125 0.1556396484375 -0.242965698242188 0.0696258544921875
0.232192993164063 0.0217742919921875 -0.0288238525390625 0.279525756835938
0.159011840820313 -0.181854248046875 0.18463134765625 0.205184936523438
-0.0604248046875 -0.196029663085938 0.179122924804688 0.0750885009765625
-0.15789794921875 -0.0663604736328125 0.105972290039062 0.0104598999023437
-0.129135131835938 0.072509765625 0.0288066864013672 0.0164051055908203
-0.0545883178710937 0.105796813964844 -0.0077667236328125 0.0737228393554688
-0.057586669921875 0.08624267578125 -0.00348663330078127 0.139511108398438
-0.060791015625 0.09783935546875 -0.05877685546875 0.230636596679688
-0.0904083251953125 0.0794143676757813 -0.202178955078125 0.269332885742188
-0.124465942382812 0.00982666015625002 -0.32928466796875 0.18505859375
-0.10565185546875 -0.0887985229492188 -0.40625 -0.028839111328125
0.0429229736328125 -0.149017333984375 -0.34112548828125 -0.311614990234375
0.14703369140625 -0.0658721923828125 -0.17730712890625 -0.40478515625
0.147079467773438 0.05804443359375 0.00198364257812504 -0.4150390625
0.261962890625 0.198486328125 -0.218002319335937 0.0996856689453125
0.30859375 -0.00103759765625 -0.062286376953125 0.2816162109375
0.189254760742188 -0.246780395507813 0.148269653320313 0.265640258789063
-0.0890045166015625 -0.250518798828125 0.217086791992188 0.146835327148437
-0.208251953125 -0.0801239013671875 0.1837158203125 0.0168914794921875
-0.175827026367188 0.100540161132813 0.0849456787109375 -0.0320510864257812
-0.081298828125 0.146591186523438 0.010767936706543 0.00925731658935548
-0.0823745727539063 0.125923156738281 -0.00518035888671876 0.086883544921875
-0.088775634765625 0.147720336914062 -0.0582122802734375 0.187789916992188
-0.138191223144531 0.119941711425781 -0.187240600585938 0.239517211914063
-0.190231323242188 0.00747680664062501 -0.299041748046875 0.162841796875
-0.15240478515625 -0.138427734375 -0.37518310546875 -0.0308227539062499
0.0805816650390625 -0.221786499023438 -0.318145751953125 -0.287109375
0.235031127929688 -0.0838165283203125 -0.15802001953125 -0.383331298828125
0.220840454101563 0.107223510742188 0.032440185546875 -0.375518798828125
0.297943115234375 0.208740234375 -0.1824951171875 0.154006958007812
0.327484130859375 -0.02789306640625 -0.0758056640625 0.312896728515625
0.17608642578125 -0.26837158203125 0.14947509765625 0.32940673828125
-0.106658935546875 -0.250686645507813 0.2833251953125 0.198333740234375
-0.219497680664063 -0.070526123046875 0.265060424804688 0.001983642578125
-0.185470581054688 0.115371704101562 0.138809204101563 -0.0961837768554687
-0.0909423828125 0.1607666015625 0.0282402038574219 -0.0656394958496094
-0.0969696044921875 0.146514892578125 -0.00767135620117188 0.0217056274414063
-0.1102294921875 0.176177978515625 -0.0558319091796875 0.125679016113281
-0.17803955078125 0.138336181640625 -0.162429809570313 0.18310546875
-0.238388061523438 -0.00595092773437495 -0.251678466796875 0.120285034179687
-0.172821044921875 -0.186492919921875 -0.319366455078125 -0.040191650390625
0.125320434570313 -0.2620849609375 -0.277679443359375 -0.255477905273438
0.294464111328125 -0.0755615234375 -0.128143310546875 -0.35186767578125
0.254898071289063 0.145294189453125 0.079742431640625 -0.315704345703125
0.29254150390625 0.189971923828125 -0.13616943359375 0.221023559570312
0.29296875 -0.0413818359375 -0.053436279296875 0.359954833984375
0.140701293945313 -0.2384033203125 0.188873291015625 0.368408203125
-0.101242065429688 -0.209930419921875 0.3553466796875 0.207183837890625
-0.192031860351563 -0.0486602783203125 0.328338623046875 -0.03363037109375
-0.163116455078125 0.11114501953125 0.17681884765625 -0.163330078125
-0.0866546630859375 0.148651123046875 0.0408706665039062 -0.138092041015625
-0.0990142822265625 0.14288330078125 -0.0088653564453125 -0.0461921691894531
-0.122283935546875 0.176681518554688 -0.0455856323242188 0.0528411865234375
-0.197509765625 0.126312255859375 -0.123115539550781 0.111328125
-0.245254516601562 -0.0351409912109375 -0.1837158203125 0.0719451904296875
-0.148468017578125 -0.216217041015625 -0.24749755859375 -0.0378875732421875
0.171859741210937 -0.247329711914062 -0.239059448242188 -0.212799072265625
0.304901123046875 -0.037078857421875 -0.1016845703125 -0.318511962890625
0.240264892578125 0.167617797851563 0.129547119140625 -0.242874145507813
0.248077392578125 0.148757934570313 -0.083282470703125 0.290191650390625
0.22210693359375 -0.0323028564453125 -0.00195312499999995 0.40185546875
0.101730346679688 -0.177581787109375 0.2425537109375 0.36962890625
-0.07525634765625 -0.151077270507812 0.409698486328125 0.180755615234375
-0.138351440429687 -0.0291671752929687 0.3621826171875 -0.07647705078125
-0.122062683105469 0.08941650390625 0.1947021484375 -0.218795776367188
-0.0711517333984375 0.114158630371094 0.0452728271484375 -0.199539184570313
-0.08856201171875 0.11663818359375 -0.0087890625 -0.108543395996094
-0.116775512695313 0.145278930664063 -0.0301246643066406 -0.0201339721679687
-0.182159423828125 0.0882720947265625 -0.0713729858398438 0.0391921997070313
-0.20263671875 -0.05914306640625 -0.108406066894531 0.0399093627929688
-0.08941650390625 -0.201339721679688 -0.18408203125 -0.0148468017578125
0.184783935546875 -0.177490234375 -0.228240966796875 -0.171493530273437
0.253997802734375 0.012298583984375 -0.0902404785156249 -0.298553466796875
0.182281494140625 0.157699584960938 0.17340087890625 -0.167831420898438
0.171798706054688 0.0925750732421875 -0.034210205078125 0.34954833984375
0.132102966308594 -0.00829315185546875 0.056182861328125 0.4268798828125
0.0681686401367188 -0.102943420410156 0.291748046875 0.348663330078125
-0.0360260009765625 -0.0899658203125 0.441131591796875 0.141571044921875
-0.076812744140625 -0.0159759521484375 0.371337890625 -0.113555908203125
-0.0722732543945312 0.0533065795898438 0.196884155273437 -0.258819580078125
-0.0489120483398438 0.0637092590332031 0.0430755615234375 -0.240402221679688
-0.064849853515625 0.071624755859375 -0.00897216796875001 -0.154708862304688
-0.0910186767578125 0.0880050659179688 -0.0126495361328125 -0.0767440795898438
-0.126182556152344 0.0373306274414062 -0.0214824676513672 -0.0142288208007812
-0.119148254394531 -0.0576858520507812 -0.0534133911132813 0.0289115905761719
-0.0279006958007812 -0.132369995117188 -0.15234375 0.0135345458984375
0.14093017578125 -0.0801849365234375 -0.238388061523438 -0.156814575195312
0.148452758789063 0.03948974609375 -0.084686279296875 -0.294097900390625
0.0954208374023438 0.110755920410156 0.204513549804688 -0.100479125976563
-0.00458908081054687 -0.0177383422851563 -0.262313842773438 0.105911254882813
-0.0186023712158203 0.00405502319335937 0.053253173828125 0.318023681640625
-0.0182552337646484 -0.0222663879394531 0.27252197265625 0.130447387695313
-0.0279254913330078 0.0182933807373047 0.173294067382812 -0.0345458984375
0.0140132904052734 0.0289440155029297 0.0346469879150391 -0.0183200836181641
0.043914794921875 -0.0116195678710937 -0.0156402587890625 0.0525054931640625
0.0261745452880859 -0.0313701629638672 -0.00935363769531249 0.122383117675781
0.00539207458496094 -0.0236377716064453 0.00895690917968749 0.177597045898437
0.00884246826171875 -0.0254631042480469 -0.04962158203125 0.263626098632813
0.0131921768188477 -0.0132761001586914 -0.206756591796875 0.283050537109375
0.017460823059082 0.0055084228515625 -0.35662841796875 0.19635009765625
-0.00267601013183594 0.01019287109375 -0.433502197265625 -0.0387268066406251
-0.0277767181396484 0.0193519592285156 -0.347564697265625 -0.356048583984375
-0.0655021667480469 0.000385284423828114 -0.171600341796875 -0.42559814453125
-0.0609550476074219 -0.0590057373046875 -0.01800537109375 -0.42828369140625
0.110595703125 0.0722198486328125 -0.263412475585938 0.0837860107421874
0.120323181152344 0.0136566162109375 0.024658203125 0.305023193359375
0.0785369873046875 -0.11309814453125 0.24737548828125 0.157638549804687
-0.0510101318359375 -0.0981369018554688 0.174179077148438 0.000320434570312494
-0.0845565795898438 -0.0217437744140625 0.0533103942871094 -0.0100288391113281
-0.0488204956054687 0.0383033752441406 -0.00787353515625 0.0477943420410156
-0.0140533447265625 0.0444488525390625 -0.01025390625 0.118263244628906
-0.0238685607910156 0.0366554260253906 0.009735107421875 0.173385620117188
-0.0231781005859375 0.0423126220703125 -0.0435943603515625 0.261322021484375
-0.0394020080566406 0.0373687744140625 -0.195709228515625 0.296356201171875
-0.0555877685546875 0.00995635986328126 -0.34259033203125 0.2138671875
-0.0589370727539063 -0.0380058288574219 -0.43255615234375 -0.0137023925781251
0.00225067138671875 -0.0691757202148438 -0.3702392578125 -0.3236083984375
0.0423660278320313 -0.0405044555664063 -0.2049560546875 -0.419036865234375
0.0526046752929688 -0.00218963623046875 -0.034454345703125 -0.4404296875
0.210006713867188 0.144027709960938 -0.247222900390625 0.0882110595703125
0.240554809570313 0.0064849853515625 -0.010345458984375 0.2882080078125
0.152114868164063 -0.199127197265625 0.201553344726563 0.199600219726563
-0.0768585205078125 -0.196823120117188 0.188201904296875 0.0648193359375
-0.166015625 -0.0572967529296875 0.1119384765625 0.002410888671875
-0.12786865234375 0.081634521484375 0.0310802459716797 0.0155849456787109
-0.0499954223632813 0.1119384765625 -0.00270080566406251 0.078277587890625
-0.0526351928710938 0.0929031372070313 0.00685119628906248 0.1436767578125
-0.0543670654296875 0.105804443359375 -0.0442962646484375 0.238800048828125
-0.0848312377929688 0.0882339477539062 -0.184478759765625 0.288604736328125
-0.127647399902344 0.0198593139648438 -0.322845458984375 0.2122802734375
-0.117019653320313 -0.0824432373046875 -0.419647216796875 -0.00164794921874998
0.03118896484375 -0.1563720703125 -0.373809814453125 -0.296478271484375
0.145904541015625 -0.077545166015625 -0.21002197265625 -0.4027099609375
0.155075073242188 0.0503692626953125 -0.026214599609375 -0.426116943359375
0.283447265625 0.184173583984375 -0.219314575195312 0.117279052734375
0.318572998046875 -0.021881103515625 -0.043487548828125 0.290740966796875
0.176651000976563 -0.2674560546875 0.16961669921875 0.262924194335938
-0.110610961914063 -0.25048828125 0.232772827148438 0.135879516601562
-0.220443725585938 -0.069061279296875 0.190109252929688 0.0052947998046875
-0.174545288085937 0.115524291992188 0.0844802856445312 -0.0375137329101563
-0.0745086669921875 0.154647827148438 0.0112495422363281 0.0112800598144531
-0.07659912109375 0.136032104492187 -0.00123596191406251 0.0894317626953125
-0.08111572265625 0.158157348632813 -0.0450286865234375 0.196670532226563
-0.132499694824219 0.132057189941406 -0.17254638671875 0.258941650390625
-0.194564819335938 0.0219879150390625 -0.295196533203125 0.186981201171875
-0.168655395507812 -0.130645751953125 -0.389739990234375 -0.00607299804687494
0.06536865234375 -0.233322143554688 -0.3480224609375 -0.271514892578125
0.235382080078125 -0.1011962890625 -0.190521240234375 -0.37982177734375
0.235885620117188 0.097076416015625 0.0084228515625 -0.389129638671875
0.32098388671875 0.19195556640625 -0.178390502929688 0.170318603515625
0.335479736328125 -0.051300048828125 -0.0567626953125 0.32586669921875
0.1622314453125 -0.286773681640625 0.174224853515625 0.327545166015625
-0.12860107421875 -0.250030517578125 0.30364990234375 0.184173583984375
-0.231399536132813 -0.0561065673828125 0.273178100585938 -0.0152587890625
-0.1837158203125 0.1304931640625 0.134231567382813 -0.107917785644531
-0.0835418701171875 0.168075561523438 0.0240478515625 -0.0650787353515625
-0.0900726318359375 0.157974243164063 -0.00697517395019532 0.0230140686035156
-0.100021362304687 0.191543579101563 -0.04705810546875 0.132545471191406
-0.17266845703125 0.153060913085938 -0.14825439453125 0.201812744140625
-0.244140625 0.012542724609375 -0.2490234375 0.14117431640625
-0.192611694335937 -0.17803955078125 -0.331085205078125 -0.0183410644531249
0.108810424804688 -0.280364990234375 -0.302337646484375 -0.241180419921875
0.297149658203125 -0.096343994140625 -0.156219482421875 -0.350311279296875
0.273178100585938 0.134124755859375 0.05889892578125 -0.3277587890625
0.313232421875 0.171630859375 -0.127456665039063 0.238433837890625
0.298736572265625 -0.0621337890625 -0.03125 0.372894287109375
0.127777099609375 -0.254837036132813 0.218505859375 0.365753173828125
-0.120498657226563 -0.20611572265625 0.3802490234375 0.188995361328125
-0.2012939453125 -0.0379486083984375 0.33587646484375 -0.0587158203125
-0.159469604492188 0.122955322265625 0.169113159179688 -0.178268432617188
-0.080047607421875 0.157073974609375 0.031005859375 -0.142898559570313
-0.0918121337890625 0.154281616210937 -0.0117950439453125 -0.0447463989257812
-0.1141357421875 0.1920166015625 -0.0429229736328125 0.057098388671875
-0.194564819335938 0.145248413085938 -0.116340637207031 0.124237060546875
-0.2564697265625 -0.01788330078125 -0.182388305664063 0.0853271484375
-0.170181274414063 -0.212020874023437 -0.255691528320313 -0.0236663818359375
0.157302856445313 -0.267990112304688 -0.258834838867188 -0.200210571289063
0.30987548828125 -0.0574951171875 -0.126495361328125 -0.317596435546875
0.258895874023437 0.159805297851563 0.11700439453125 -0.255630493164063
0.264877319335938 0.133377075195313 -0.0672607421875 0.306396484375
0.225830078125 -0.0460968017578125 0.025665283203125 0.41253662109375
0.09259033203125 -0.188827514648437 0.274261474609375 0.364898681640625
-0.0873565673828125 -0.14825439453125 0.434722900390625 0.1580810546875
-0.144821166992188 -0.019683837890625 0.36517333984375 -0.104278564453125
-0.119644165039062 0.0983047485351563 0.181976318359375 -0.237472534179687
-0.0667877197265625 0.119216918945313 0.030303955078125 -0.204559326171875
-0.0823287963867188 0.126617431640625 -0.0195541381835938 -0.1082763671875
-0.1103515625 0.1597900390625 -0.031982421875 -0.0183429718017578
-0.182174682617187 0.102874755859375 -0.0683174133300781 0.0455322265625
-0.212997436523438 -0.0456695556640625 -0.10540771484375 0.0476913452148438
-0.107589721679688 -0.201431274414063 -0.189529418945313 -0.00314331054687504
0.177154541015625 -0.198577880859375 -0.246597290039062 -0.157852172851563
0.262680053710938 -0.0028839111328125 -0.114776611328125 -0.294921875
0.199462890625 0.154327392578125 0.166839599609375 -0.182571411132813
0.18304443359375 0.0808563232421875 -0.011322021484375 0.364105224609375
0.137886047363281 -0.0153121948242188 0.0880126953125 0.434906005859375
0.061553955078125 -0.108161926269531 0.321380615234375 0.339111328125
-0.0440597534179688 -0.0894546508789063 0.463958740234375 0.112945556640625
-0.07861328125 -0.0111236572265625 0.37274169921875 -0.14349365234375
-0.0718231201171875 0.0583114624023437 0.180892944335938 -0.277053833007813
-0.0475234985351563 0.0664138793945312 0.0263671875 -0.247848510742188
-0.0621490478515625 0.0789871215820313 -0.02044677734375 -0.154067993164063
-0.086822509765625 0.0978775024414063 -0.0186538696289063 -0.076690673828125
-0.127632141113281 0.047210693359375 -0.0213413238525391 -0.0126495361328125
-0.125892639160156 -0.0507049560546875 -0.0513458251953125 0.0322303771972656
-0.037445068359375 -0.133934020996094 -0.154388427734375 0.02435302734375
0.138702392578125 -0.0941085815429687 -0.254348754882813 -0.141128540039063
0.155471801757813 0.034332275390625 -0.106475830078125 -0.293121337890625
0.106651306152344 0.110633850097656 0.203903198242188 -0.116806030273438
-0.00337696075439453 -0.0173549652099609 -0.256881713867188 0.12249755859375
-0.0161857604980469 0.00447273254394531 0.075897216796875 0.3133544921875
-0.0219440460205078 -0.0212478637695313 0.280426025390625 0.111770629882812
-0.0278682708740234 0.020172119140625 0.1683349609375 -0.0432586669921875
0.0162544250488281 0.0294437408447266 0.0333385467529297 -0.0188522338867187
0.041778564453125 -0.0146026611328125 -0.011444091796875 0.0523643493652344
0.0238494873046875 -0.0364761352539063 0.003082275390625 0.123420715332031
0.00345611572265625 -0.0226726531982422 0.0213165283203125 0.174087524414063
0.00585174560546875 -0.0242843627929687 -0.0326385498046875 0.266937255859375
0.00999355316162109 -0.0139741897583008 -0.18505859375 0.292083740234375
0.0171146392822266 0.00536918640136719 -0.339691162109375 0.220245361328125
-0.00348377227783203 0.00946712493896485 -0.4376220703125 -0.0135498046875001
-0.0288200378417969 0.0208282470703125 -0.37005615234375 -0.3387451171875
-0.0650291442871094 0.00360107421875 -0.1986083984375 -0.41485595703125
-0.0601692199707031 -0.0584907531738281 -0.041473388671875 -0.42694091796875
0.114791870117188 0.0645599365234375 -0.261398315429688 0.0976715087890624
0.121101379394531 0.00446319580078125 0.044830322265625 0.302734375
0.0707626342773438 -0.11822509765625 0.256973266601563 0.142669677734375
-0.0583877563476562 -0.0935897827148438 0.174148559570313 -0.010162353515625
-0.0865097045898438 -0.0121688842773437 0.0542755126953125 -0.0123023986816406
-0.0485191345214844 0.0426559448242188 -0.00519561767578126 0.0501022338867187
-0.0148239135742187 0.0448875427246094 -0.00163269042968749 0.116355895996094
-0.0209617614746094 0.0395088195800781 0.0182647705078125 0.167633056640625
-0.0216751098632812 0.044830322265625 -0.02691650390625 0.264923095703125
-0.0388526916503906 0.0420570373535156 -0.173858642578125 0.308990478515625
-0.0515060424804688 0.0161170959472656 -0.326507568359375 0.236236572265625
-0.0601348876953125 -0.0327491760253906 -0.43255615234375 0.011749267578125
-0.0021820068359375 -0.0719528198242188 -0.389984130859375 -0.303009033203125
0.0407447814941406 -0.0406455993652344 -0.23468017578125 -0.404022216796875
0.0521202087402344 -0.00674819946289062 -0.063446044921875 -0.44207763671875
0.217575073242188 0.131912231445313 -0.242645263671875 0.0997772216796876
0.24676513671875 -0.0088958740234375 0.0120849609375 0.2857666015625
0.138015747070313 -0.212539672851563 0.214691162109375 0.189529418945313
-0.08697509765625 -0.19232177734375 0.191421508789063 0.0552825927734375
-0.174362182617188 -0.0451507568359375 0.11175537109375 -0.001983642578125
-0.125762939453125 0.0893478393554688 0.0340213775634765 0.0155010223388672
-0.0446319580078125 0.115669250488281 0.00318908691406249 0.0803604125976563
-0.0499954223632813 0.097808837890625 0.0136337280273437 0.140434265136719
-0.0458297729492188 0.112846374511719 -0.0273284912109375 0.240310668945313
-0.0827102661132813 0.0920181274414063 -0.16058349609375 0.2987060546875
-0.125839233398437 0.0275497436523438 -0.30780029296875 0.2353515625
-0.122932434082031 -0.0725936889648437 -0.42279052734375 0.0252380371093749
0.0218658447265625 -0.161544799804688 -0.391021728515625 -0.27496337890625
0.141311645507813 -0.0865325927734375 -0.233612060546875 -0.386749267578125
0.161346435546875 0.0402374267578125 -0.050079345703125 -0.42791748046875
0.295135498046875 0.16473388671875 -0.2142333984375 0.129928588867187
0.3204345703125 -0.043670654296875 -0.025177001953125 0.292633056640625
0.16351318359375 -0.28082275390625 0.183822631835938 0.254180908203125
-0.123825073242187 -0.242019653320313 0.239730834960938 0.121078491210938
-0.22723388671875 -0.04998779296875 0.191543579101562 -0.010833740234375
-0.1663818359375 0.123184204101563 0.0809860229492187 -0.0442428588867187
-0.0659637451171875 0.160110473632812 0.0115499496459961 0.00914573669433595
-0.0685653686523437 0.140167236328125 0.00717163085937499 0.0878524780273438
-0.070465087890625 0.166183471679688 -0.0321807861328125 0.200027465820313
-0.122764587402344 0.140106201171875 -0.150955200195313 0.267425537109375
-0.192245483398437 0.0344696044921875 -0.279388427734375 0.207199096679688
-0.17681884765625 -0.117279052734375 -0.388824462890625 0.0177917480468751
0.0485382080078125 -0.2381591796875 -0.3673095703125 -0.25250244140625
0.227630615234375 -0.114486694335937 -0.21624755859375 -0.366302490234375
0.240310668945313 0.08477783203125 -0.0130615234375 -0.386138916015625
0.332275390625 0.173004150390625 -0.173751831054687 0.180313110351563
0.33154296875 -0.074798583984375 -0.035919189453125 0.330841064453125
0.14483642578125 -0.299224853515625 0.19403076171875 0.3187255859375
-0.142807006835938 -0.23681640625 0.315673828125 0.166839599609375
-0.238677978515625 -0.0428619384765625 0.276077270507813 -0.033905029296875
-0.175537109375 0.141006469726563 0.127998352050781 -0.114295959472656
-0.074554443359375 0.17120361328125 0.0187797546386719 -0.0653533935546875
-0.0825958251953125 0.163177490234375 -0.00846290588378906 0.0265865325927734
-0.0896453857421875 0.196517944335937 -0.0367050170898437 0.138442993164063
-0.165023803710938 0.166534423828125 -0.132049560546875 0.209014892578125
-0.243118286132813 0.029388427734375 -0.237060546875 0.154830932617188
-0.207382202148438 -0.166900634765625 -0.334442138671875 -0.000213623046875012
0.087677001953125 -0.289794921875 -0.31866455078125 -0.22076416015625
0.29156494140625 -0.1134033203125 -0.179840087890625 -0.33966064453125
0.28314208984375 0.119171142578125 0.03985595703125 -0.333648681640625
0.32177734375 0.152923583984375 -0.116653442382813 0.245651245117187
0.292938232421875 -0.0811767578125 -0.00933837890625002 0.37689208984375
0.116836547851562 -0.26397705078125 0.24310302734375 0.351226806640625
-0.1346435546875 -0.194992065429688 0.39434814453125 0.1666259765625
-0.202117919921875 -0.025848388671875 0.332061767578125 -0.079864501953125
-0.155548095703125 0.13555908203125 0.157608032226563 -0.183609008789063
-0.0721282958984375 0.160507202148437 0.0250701904296875 -0.144424438476563
-0.0850830078125 0.16058349609375 -0.0159530639648438 -0.0404739379882812
-0.10101318359375 0.197463989257813 -0.0406150817871094 0.0603904724121094
-0.185653686523438 0.154998779296875 -0.105133056640625 0.129890441894531
-0.255950927734375 0.000198364257812452 -0.173721313476563 0.0975189208984375
-0.184326171875 -0.200439453125 -0.259048461914063 -0.00918579101562495
0.141571044921875 -0.2816162109375 -0.272293090820313 -0.183090209960937
0.3096923828125 -0.076446533203125 -0.1497802734375 -0.304962158203125
0.269912719726563 0.146957397460938 0.103103637695313 -0.264389038085938
0.272933959960938 0.115829467773437 -0.0489501953125 0.313568115234375
0.226303100585938 -0.060089111328125 0.05059814453125 0.4132080078125
0.0836334228515625 -0.195541381835938 0.296966552734375 0.35028076171875
-0.0966796875 -0.142669677734375 0.446533203125 0.13153076171875
-0.1451416015625 -0.0102386474609375 0.36041259765625 -0.124664306640625
-0.115814208984375 0.104728698730469 0.164520263671875 -0.24578857421875
-0.062042236328125 0.123527526855469 0.020111083984375 -0.202606201171875
-0.0759811401367188 0.135284423828125 -0.0231781005859375 -0.106735229492187
-0.101119995117188 0.167465209960937 -0.0363121032714844 -0.0134391784667969
-0.17706298828125 0.113983154296875 -0.0636863708496094 0.0505905151367188
-0.215576171875 -0.033447265625 -0.101539611816406 0.0533065795898437
-0.120773315429688 -0.1949462890625 -0.193130493164063 0.00968933105468745
0.164581298828125 -0.209213256835938 -0.255386352539063 -0.138641357421875
0.266738891601563 -0.0172882080078125 -0.1318359375 -0.2894287109375
0.209564208984375 0.144821166992188 0.1558837890625 -0.194564819335938
0.188247680664063 0.064727783203125 0.010772705078125 0.366119384765625
0.13726806640625 -0.0221328735351563 0.11376953125 0.43267822265625
0.0606002807617187 -0.115882873535156 0.343536376953125 0.321380615234375
-0.0485000610351563 -0.08648681640625 0.4710693359375 0.08154296875
-0.0824661254882813 -0.00714874267578124 0.366424560546875 -0.167449951171875
-0.0680160522460938 0.0655479431152344 0.161895751953125 -0.28472900390625
-0.0459403991699219 0.0683708190917969 0.01007080078125 -0.24798583984375
-0.0547256469726563 0.0835189819335937 -0.032073974609375 -0.15399169921875
-0.0816726684570312 0.106498718261719 -0.0260467529296875 -0.0761032104492188
-0.126312255859375 0.0567474365234375 -0.0199604034423828 -0.0135650634765625
-0.133407592773438 -0.0430450439453125 -0.0469284057617188 0.035491943359375
-0.04547119140625 -0.134025573730469 -0.152740478515625 0.034576416015625
0.135238647460938 -0.1051025390625 -0.267868041992188 -0.122268676757812
0.158035278320313 0.0255889892578125 -0.125 -0.282745361328125
0.114944458007812 0.106369018554687 0.196548461914062 -0.126144409179688
-0.00581932067871094 -0.0227642059326172 -0.25244140625 0.133987426757813
-0.0168914794921875 0.00361347198486328 0.088714599609375 0.3111572265625
-0.0220718383789063 -0.021759033203125 0.284942626953125 0.101776123046875
-0.0251483917236328 0.0249366760253906 0.16558837890625 -0.051483154296875
0.0159015655517578 0.0266513824462891 0.0340366363525391 -0.0220184326171875
0.0408515930175781 -0.0171089172363281 -0.00662612915039062 0.0543136596679688
0.0181083679199219 -0.0358619689941406 0.00606536865234376 0.123588562011719
0.00438117980957031 -0.025421142578125 0.027923583984375 0.1707763671875
0.00805282592773438 -0.0266056060791016 -0.0184783935546875 0.263702392578125
0.0100345611572266 -0.0125789642333984 -0.169891357421875 0.299713134765625
0.0183620452880859 0.00338363647460937 -0.330474853515625 0.2318115234375
-0.0027618408203125 0.0136842727661133 -0.433074951171875 0.00610351562499994
-0.0258636474609375 0.0227279663085938 -0.383087158203125 -0.319854736328125
-0.0632781982421875 0.00564956665039063 -0.21502685546875 -0.4073486328125
-0.0655136108398438 -0.0586013793945313 -0.058837890625 -0.425048828125
0.117645263671875 0.0566177368164062 -0.256912231445313 0.111618041992188
0.122825622558594 -0.00130462646484375 0.05682373046875 0.2989501953125
0.0652999877929688 -0.124618530273438 0.26361083984375 0.129135131835938
-0.0624237060546875 -0.0909347534179688 0.17291259765625 -0.017547607421875
-0.0880279541015625 -0.00939941406250002 0.055999755859375 -0.0161476135253906
-0.0481033325195313 0.0448379516601562 0.00157546997070312 0.0505142211914063
-0.0124168395996094 0.0465278625488281 0.00688934326171875 0.119911193847656
-0.0206260681152344 0.0401954650878906 0.027496337890625 0.166702270507813
-0.0190544128417969 0.0452346801757813 -0.014312744140625 0.257736206054688
-0.0378913879394531 0.0430717468261719 -0.15576171875 0.310882568359375
-0.0525245666503906 0.0183334350585938 -0.31292724609375 0.249969482421875
-0.06304931640625 -0.027923583984375 -0.431427001953125 0.0331115722656251
-0.00629043579101562 -0.0679473876953125 -0.402587890625 -0.281951904296875
0.0372657775878906 -0.0404586791992188 -0.2474365234375 -0.395263671875
0.0500755310058594 -0.0075836181640625 -0.07525634765625 -0.436279296875
0.22283935546875 0.118682861328125 -0.238632202148438 0.111785888671875
0.240646362304688 -0.02105712890625 0.021514892578125 0.285247802734375
0.1319580078125 -0.219924926757813 0.220657348632813 0.177764892578125
-0.09930419921875 -0.186080932617188 0.192459106445313 0.045196533203125
-0.174835205078125 -0.0388641357421875 0.113601684570313 -0.009857177734375
-0.122535705566406 0.0982589721679687 0.0331497192382812 0.0151634216308594
-0.0406341552734375 0.117385864257813 0.0109786987304687 0.0807037353515625
-0.0428695678710937 0.100494384765625 0.0217132568359375 0.138458251953125
-0.04071044921875 0.112411499023437 -0.015289306640625 0.236648559570313
-0.0775299072265625 0.0971832275390625 -0.145263671875 0.3065185546875
-0.123558044433594 0.0348129272460938 -0.2962646484375 0.244537353515625
-0.128143310546875 -0.0654830932617187 -0.41925048828125 0.0443115234375001
0.011993408203125 -0.15771484375 -0.400787353515625 -0.25592041015625
0.13623046875 -0.0903167724609375 -0.251739501953125 -0.379425048828125
0.15924072265625 0.03363037109375 -0.066986083984375 -0.423583984375
0.298309326171875 0.15277099609375 -0.207168579101563 0.139297485351562
0.31683349609375 -0.05572509765625 -0.01373291015625 0.29290771484375
0.1512451171875 -0.288330078125 0.194808959960938 0.245376586914062
-0.13653564453125 -0.236358642578125 0.24725341796875 0.113754272460937
-0.228866577148438 -0.043182373046875 0.193206787109375 -0.0183563232421875
-0.1629638671875 0.134719848632813 0.0798721313476562 -0.0448684692382812
-0.0640106201171875 0.161697387695313 0.0136651992797852 0.0124235153198242
-0.061737060546875 0.146194458007813 0.0100936889648438 0.0877685546875
-0.0640716552734375 0.169662475585938 -0.022796630859375 0.195205688476563
-0.118804931640625 0.146881103515625 -0.135177612304687 0.274002075195312
-0.192413330078125 0.045562744140625 -0.270782470703125 0.217788696289062
-0.182418823242188 -0.1072998046875 -0.39013671875 0.0341491699218749
0.038482666015625 -0.238052368164063 -0.373809814453125 -0.234283447265625
0.223068237304688 -0.123931884765625 -0.2291259765625 -0.35888671875
0.244003295898437 0.0758209228515625 -0.030670166015625 -0.38671875
0.334075927734375 0.15594482421875 -0.160659790039062 0.189132690429688
0.32647705078125 -0.08599853515625 -0.023162841796875 0.330169677734375
0.13372802734375 -0.306488037109375 0.20660400390625 0.3125
-0.154769897460938 -0.231964111328125 0.321319580078125 0.153594970703125
-0.236480712890625 -0.031494140625 0.272369384765625 -0.047821044921875
-0.1708984375 0.150466918945312 0.122093200683594 -0.1168212890625
-0.07220458984375 0.17633056640625 0.0176811218261719 -0.06689453125
-0.0709686279296875 0.16845703125 -0.00532341003417969 0.0232677459716797
-0.0800323486328125 0.202407836914063 -0.0309600830078125 0.134796142578125
-0.15625 0.172775268554688 -0.12091064453125 0.216079711914062
-0.244598388671875 0.0381317138671875 -0.231124877929688 0.163726806640625
-0.21221923828125 -0.1541748046875 -0.332855224609375 0.0162048339843751
0.077362060546875 -0.291473388671875 -0.322906494140625 -0.20806884765625
0.28656005859375 -0.125213623046875 -0.19464111328125 -0.329986572265625
0.289337158203125 0.11395263671875 0.0255126953125 -0.333709716796875
0.324737548828125 0.138427734375 -0.10662841796875 0.252883911132813
0.28997802734375 -0.092437744140625 0.00689697265625005 0.377471923828125
0.10394287109375 -0.26934814453125 0.25347900390625 0.3482666015625
-0.143692016601563 -0.189865112304688 0.398101806640625 0.147918701171875
-0.202743530273438 -0.014984130859375 0.3275146484375 -0.093719482421875
-0.147598266601562 0.140472412109375 0.146591186523438 -0.18975830078125
-0.0686187744140625 0.164093017578125 0.013092041015625 -0.142059326171875
-0.075347900390625 0.164016723632813 -0.0181846618652344 -0.0393333435058594
-0.091949462890625 0.205001831054688 -0.0349693298339844 0.0618667602539063
-0.177200317382813 0.16473388671875 -0.0981521606445313 0.132919311523438
-0.255050659179688 0.0116119384765625 -0.171188354492188 0.0995941162109375
-0.194656372070313 -0.192474365234375 -0.26025390625 0.00392150878906246
0.12835693359375 -0.2877197265625 -0.27630615234375 -0.168853759765625
0.305908203125 -0.08563232421875 -0.159942626953125 -0.29779052734375
0.277603149414062 0.1375732421875 0.08978271484375 -0.267044067382812
0.27264404296875 0.10076904296875 -0.039215087890625 0.316986083984375
0.2208251953125 -0.0681304931640625 0.065887451171875 0.411895751953125
0.0750885009765625 -0.19879150390625 0.308837890625 0.338043212890625
-0.102149963378906 -0.135993957519531 0.44818115234375 0.1121826171875
-0.146041870117187 -0.00485229492187503 0.354583740234375 -0.140655517578125
-0.1099853515625 0.109123229980469 0.154769897460938 -0.25054931640625
-0.059967041015625 0.126091003417969 0.0078887939453125 -0.201553344726563
-0.0691909790039063 0.1378173828125 -0.0281982421875 -0.0990219116210937
-0.09063720703125 0.17315673828125 -0.0342369079589844 -0.0136432647705078
-0.171585083007812 0.124343872070313 -0.0577507019042969 0.0520744323730469
-0.219741821289063 -0.0223388671875 -0.0998153686523438 0.0548553466796875
-0.130508422851562 -0.189315795898438 -0.190948486328125 0.0151367187499999
0.154937744140625 -0.219085693359375 -0.260147094726563 -0.125213623046875
0.26470947265625 -0.028076171875 -0.1448974609375 -0.276107788085938
0.2176513671875 0.138763427734375 0.148635864257813 -0.1986083984375
0.185943603515625 0.055999755859375 0.022125244140625 0.365997314453125
0.132911682128906 -0.0288238525390625 0.132537841796875 0.427337646484375
0.053009033203125 -0.115020751953125 0.35589599609375 0.30670166015625
-0.0523757934570313 -0.0818023681640625 0.473876953125 0.063507080078125
-0.08038330078125 -0.00251770019531251 0.35406494140625 -0.181488037109375
-0.0684394836425781 0.0668525695800781 0.149139404296875 -0.28948974609375
-0.04608154296875 0.0705184936523438 -0.000305175781249977 -0.242904663085938
-0.0536956787109375 0.0868453979492187 -0.039093017578125 -0.146820068359375
-0.075927734375 0.10955810546875 -0.0240936279296875 -0.07415771484375
-0.124778747558594 0.0642623901367188 -0.0194549560546875 -0.0110969543457031
-0.133003234863281 -0.0384445190429688 -0.0433578491210938 0.0330009460449219
-0.052276611328125 -0.128486633300781 -0.149322509765625 0.03900146484375
0.128005981445313 -0.111183166503906 -0.268386840820313 -0.107955932617187
0.158935546875 0.0196075439453125 -0.136917114257813 -0.273895263671875
0.1229248046875 0.105667114257813 0.195693969726563 -0.135223388671875
-0.0107460021972656 -0.0259437561035156 -0.251022338867188 0.142791748046875
-0.0182113647460938 0.00249099731445312 0.09991455078125 0.310272216796875
-0.0264530181884766 -0.0222682952880859 0.291534423828125 0.092926025390625
-0.0230140686035156 0.0283069610595703 0.16363525390625 -0.0557861328125
0.0181369781494141 0.0285015106201172 0.0326004028320313 -0.0231266021728516
0.0397605895996094 -0.0200157165527344 -0.00234603881835938 0.05511474609375
0.0150680541992187 -0.0384025573730469 0.0131378173828125 0.123443603515625
0.0028228759765625 -0.0248336791992187 0.0339202880859375 0.16802978515625
0.00686073303222656 -0.0256862640380859 -0.0088653564453125 0.261154174804688
0.00819683074951172 -0.0140542984008789 -0.160736083984375 0.304290771484375
0.019500732421875 0.00268173217773437 -0.325469970703125 0.242767333984375
-0.00335788726806641 0.0148601531982422 -0.437896728515625 0.016754150390625
-0.0273494720458984 0.0224838256835937 -0.39398193359375 -0.3155517578125
-0.06365966796875 0.00861740112304686 -0.230224609375 -0.4056396484375
-0.0675926208496094 -0.0566902160644531 -0.0694580078125 -0.42962646484375
0.114913940429688 0.0536651611328125 -0.256011962890625 0.117843627929688
0.124366760253906 -0.00624847412109375 0.068572998046875 0.2996826171875
0.0608978271484375 -0.130531311035156 0.270172119140625 0.123672485351562
-0.0657196044921875 -0.0888137817382813 0.170669555664063 -0.0209197998046875
-0.0892486572265625 -0.00497436523437502 0.0546722412109375 -0.0170021057128906
-0.0468482971191406 0.0454330444335938 0.00362014770507813 0.0496940612792969
-0.0151443481445313 0.0464134216308594 0.0117874145507812 0.119346618652344
-0.0196495056152344 0.0412635803222656 0.033172607421875 0.164413452148438
-0.0167274475097656 0.046844482421875 -0.00556945800781252 0.258773803710938
-0.0349464416503906 0.0428962707519531 -0.147308349609375 0.31658935546875
-0.0521354675292969 0.0188217163085937 -0.30792236328125 0.258544921875
-0.0659103393554688 -0.0257568359375 -0.4351806640625 0.043914794921875
-0.00766754150390626 -0.0682525634765625 -0.412933349609375 -0.2772216796875
0.0376319885253906 -0.0440292358398438 -0.2606201171875 -0.392730712890625
0.0517539978027344 -0.0123672485351563 -0.08782958984375 -0.441314697265625
0.2255859375 0.114700317382812 -0.23846435546875 0.11920166015625
0.2440185546875 -0.0274658203125 0.029510498046875 0.286529541015625
0.12567138671875 -0.228179931640625 0.2291259765625 0.174468994140625
-0.106002807617187 -0.185714721679688 0.19610595703125 0.0433807373046875
-0.17919921875 -0.032379150390625 0.113250732421875 -0.0127792358398438
-0.120979309082031 0.101524353027344 0.0361251831054687 0.0137901306152344
-0.0424346923828125 0.117935180664063 0.0138092041015625 0.0789337158203125
-0.04107666015625 0.10235595703125 0.02691650390625 0.136146545410156
-0.0383071899414063 0.116836547851563 -0.00848388671874998 0.237167358398438
-0.074615478515625 0.101387023925781 -0.136016845703125 0.309326171875
-0.123649597167969 0.0383834838867187 -0.289642333984375 0.25433349609375
-0.130332946777344 -0.061981201171875 -0.42279052734375 0.055267333984375
0.008026123046875 -0.160797119140625 -0.4102783203125 -0.248077392578125
0.135780334472656 -0.095947265625 -0.2650146484375 -0.377044677734375
0.163101196289063 0.0312652587890625 -0.0775146484375 -0.426239013671875
0.30126953125 0.145843505859375 -0.206512451171875 0.145706176757813
0.31610107421875 -0.065032958984375 -0.00527954101562501 0.2947998046875
0.144256591796875 -0.2984619140625 0.204544067382813 0.2440185546875
-0.146255493164063 -0.234100341796875 0.252273559570313 0.110092163085937
-0.233200073242188 -0.0363006591796875 0.195877075195312 -0.023193359375
-0.162185668945312 0.14080810546875 0.0805130004882813 -0.0466537475585938
-0.0617523193359375 0.16497802734375 0.0157880783081055 0.0120859146118164
-0.0587158203125 0.14862060546875 0.013031005859375 0.0869903564453125
-0.056304931640625 0.173294067382813 -0.017669677734375 0.19818115234375
-0.114044189453125 0.151336669921875 -0.126785278320313 0.27740478515625
-0.19189453125 0.0518646240234375 -0.26629638671875 0.225814819335937
-0.188919067382812 -0.102767944335938 -0.392181396484375 0.0467224121093749
0.0315093994140625 -0.243728637695313 -0.3824462890625 -0.226348876953125
0.222274780273437 -0.13140869140625 -0.2418212890625 -0.35693359375
0.248291015625 0.0722198486328125 -0.03875732421875 -0.3922119140625
0.336669921875 0.14935302734375 -0.160171508789063 0.195602416992187
0.326385498046875 -0.09466552734375 -0.01373291015625 0.333526611328125
0.127044677734375 -0.314605712890625 0.218109130859375 0.31256103515625
-0.164047241210938 -0.229171752929688 0.331573486328125 0.148162841796875
-0.240936279296875 -0.022796630859375 0.275802612304688 -0.0553436279296875
-0.168014526367187 0.157012939453125 0.119590759277344 -0.120903015136719
-0.0696868896484375 0.181716918945312 0.0164299011230469 -0.0665740966796875
-0.06915283203125 0.172012329101563 -0.00256729125976563 0.0258769989013672
-0.0726776123046875 0.208999633789063 -0.0279769897460938 0.138984680175781
-0.150527954101563 0.180740356445313 -0.113876342773438 0.218505859375
-0.244949340820313 0.0478668212890625 -0.22796630859375 0.170013427734375
-0.22076416015625 -0.149032592773438 -0.33721923828125 0.02569580078125
0.070556640625 -0.29864501953125 -0.33221435546875 -0.2005615234375
0.286224365234375 -0.13372802734375 -0.203155517578125 -0.32672119140625
0.293365478515625 0.10858154296875 0.019073486328125 -0.337799072265625
0.32525634765625 0.1298828125 -0.100616455078125 0.259521484375
0.287811279296875 -0.099151611328125 0.0167846679687501 0.3802490234375
0.0966339111328125 -0.275863647460938 0.267608642578125 0.345611572265625
-0.148818969726563 -0.187774658203125 0.407440185546875 0.1405029296875
-0.20611572265625 -0.00863647460937499 0.33056640625 -0.104034423828125
-0.146392822265625 0.147262573242188 0.143936157226563 -0.194931030273438
-0.067901611328125 0.167724609375 0.0117034912109375 -0.141448974609375
-0.0723876953125 0.169784545898438 -0.0180015563964844 -0.0378494262695312
-0.0845184326171875 0.211746215820312 -0.0342597961425781 0.06427001953125
-0.174972534179688 0.17425537109375 -0.0894775390625 0.135704040527344
-0.261322021484375 0.01959228515625 -0.168991088867188 0.106094360351562
-0.203262329101563 -0.187530517578125 -0.262557983398438 0.0116729736328125
0.1199951171875 -0.29473876953125 -0.2835693359375 -0.162872314453125
0.3077392578125 -0.095428466796875 -0.16888427734375 -0.295654296875
0.286895751953125 0.13629150390625 0.08514404296875 -0.2725830078125
0.273666381835938 0.0942230224609375 -0.033233642578125 0.322265625
0.220001220703125 -0.0755615234375 0.078460693359375 0.413970947265625
0.06964111328125 -0.201766967773438 0.321929931640625 0.336700439453125
-0.108078002929688 -0.131721496582031 0.456512451171875 0.101470947265625
-0.147048950195312 -4.57763671875062E-05 0.35357666015625 -0.15283203125
-0.108451843261719 0.116180419921875 0.148422241210938 -0.253067016601563
-0.0586929321289063 0.130851745605469 0.0024261474609375 -0.201812744140625
-0.0664215087890625 0.141387939453125 -0.0311126708984375 -0.097137451171875
-0.087310791015625 0.180160522460938 -0.0335140228271484 -0.0125579833984375
-0.169265747070313 0.132675170898438 -0.0542640686035156 0.0523567199707031
-0.222122192382813 -0.0165557861328125 -0.0984954833984375 0.0561294555664062
-0.137603759765625 -0.187255859375 -0.190658569335938 0.0218505859375
0.150604248046875 -0.226409912109375 -0.264984130859375 -0.118743896484375
0.26763916015625 -0.033416748046875 -0.153182983398437 -0.273910522460938
0.226806640625 0.136871337890625 0.145278930664063 -0.204177856445312
0.185272216796875 0.0501708984375 0.031402587890625 0.372650146484375
0.135406494140625 -0.0331268310546875 0.146240234375 0.428253173828125
0.0503692626953125 -0.117996215820313 0.3656005859375 0.30279541015625
-0.0567092895507812 -0.0792312622070313 0.47979736328125 0.05303955078125
-0.0811767578125 -0.000602722167968753 0.353668212890625 -0.1917724609375
-0.067047119140625 0.0685195922851562 0.14141845703125 -0.292327880859375
-0.0446319580078125 0.0751571655273438 -0.00790405273437498 -0.243453979492188
-0.052490234375 0.0908126831054687 -0.041717529296875 -0.143951416015625
-0.073699951171875 0.11572265625 -0.0280227661132813 -0.0728759765625
-0.125244140625 0.0679244995117187 -0.01824951171875 -0.0136032104492187
-0.135643005371094 -0.0345001220703125 -0.0435676574707031 0.0330696105957031
-0.0576324462890625 -0.130035400390625 -0.149063110351563 0.0440521240234375
0.12579345703125 -0.116798400878906 -0.27362060546875 -0.098602294921875
0.163711547851563 0.0162353515625 -0.146011352539063 -0.271011352539063
0.128326416015625 0.10357666015625 0.19183349609375 -0.142593383789063
-0.0139427185058594 -0.0278511047363281 -0.254013061523438 0.151565551757813
-0.0207004547119141 0.00141525268554688 0.1141357421875 0.313812255859375
-0.0309848785400391 -0.0228691101074219 0.30267333984375 0.08514404296875
-0.0220775604248047 0.0311546325683594 0.166900634765625 -0.061187744140625
0.021270751953125 0.0292606353759766 0.0322208404541016 -0.0239086151123047
0.0396652221679688 -0.0222091674804688 0.00104522705078125 0.0573883056640625
0.0116729736328125 -0.0393829345703125 0.0193634033203125 0.124702453613281
0.00164794921875 -0.025115966796875 0.0396881103515625 0.1685791015625
0.00646018981933594 -0.0257759094238281 1.52587890624978E-05 0.264205932617187
0.00861835479736328 -0.0145683288574219 -0.152862548828125 0.31585693359375
0.0200042724609375 0.00198936462402344 -0.324859619140625 0.26019287109375
-0.00302410125732422 0.0156965255737305 -0.44891357421875 0.0297546386718749
-0.0268802642822266 0.0238571166992187 -0.415008544921875 -0.311981201171875
-0.0648155212402344 0.00978851318359375 -0.248046875 -0.41156005859375
-0.0717849731445312 -0.0584869384765625 -0.08135986328125 -0.442718505859375
0.118011474609375 0.0505447387695312 -0.259567260742188 0.128173828125
0.125938415527344 -0.00989532470703125 0.081512451171875 0.304840087890625
0.0555191040039062 -0.138595581054688 0.282867431640625 0.117919921875
-0.069976806640625 -0.0893707275390625 0.175537109375 -0.025634765625
-0.0915603637695313 -0.00205230712890626 0.0553321838378906 -0.0201072692871094
-0.04736328125 0.0494194030761719 0.006561279296875 0.0515213012695313
-0.0153541564941406 0.04925537109375 0.0172882080078125 0.120849609375
-0.0191535949707031 0.0435791015625 0.039642333984375 0.165557861328125
-0.0151519775390625 0.0492095947265625 0.003204345703125 0.262359619140625
-0.0341033935546875 0.0450325012207031 -0.13958740234375 0.326416015625
-0.0529060363769531 0.0220222473144531 -0.30853271484375 0.27374267578125
-0.0676155090332031 -0.0220489501953125 -0.445648193359375 0.0572509765625001
-0.0110855102539062 -0.070648193359375 -0.43365478515625 -0.2740478515625
0.0366249084472656 -0.0469589233398438 -0.2822265625 -0.397491455078125
0.0518455505371094 -0.0148124694824219 -0.100860595703125 -0.45263671875
0.231658935546875 0.11114501953125 -0.242050170898437 0.128128051757813
0.248809814453125 -0.0354156494140625 0.040985107421875 0.291534423828125
0.12060546875 -0.241607666015625 0.242767333984375 0.170761108398437
-0.114578247070312 -0.186630249023438 0.204010009765625 0.0387420654296875
-0.184417724609375 -0.0258941650390625 0.117530822753906 -0.0167922973632813
-0.120513916015625 0.109931945800781 0.0377426147460937 0.0145454406738281
-0.0421142578125 0.123794555664062 0.0176773071289063 0.0801773071289063
-0.0394744873046875 0.107208251953125 0.0307998657226563 0.136962890625
-0.0350875854492187 0.120933532714844 -0.000701904296874993 0.24212646484375
-0.0724411010742188 0.105537414550781 -0.127227783203125 0.319305419921875
-0.125076293945313 0.0440139770507812 -0.288787841796875 0.2705078125
-0.1353759765625 -0.0572891235351562 -0.43243408203125 0.0692138671875001
0.003387451171875 -0.16558837890625 -0.42999267578125 -0.244659423828125
0.135932922363281 -0.102218627929687 -0.28472900390625 -0.379852294921875
0.167953491210938 0.0269012451171875 -0.0902099609375 -0.4398193359375
0.31109619140625 0.143310546875 -0.207687377929688 0.154998779296875
0.320587158203125 -0.0750732421875 0.004913330078125 0.302642822265625
0.137969970703125 -0.31402587890625 0.21923828125 0.245651245117188
-0.156951904296875 -0.23651123046875 0.262863159179688 0.106414794921875
-0.24072265625 -0.028076171875 0.201126098632812 -0.0305633544921875
-0.16204833984375 0.151611328125 0.0806732177734375 -0.0494232177734375
-0.0599212646484375 0.173858642578125 0.0179042816162109 0.0124893188476563
-0.0560760498046875 0.155044555664063 0.0165557861328125 0.0880355834960938
-0.0522918701171875 0.180511474609375 -0.011749267578125 0.202301025390625
-0.112197875976563 0.158920288085937 -0.117523193359375 0.287139892578125
-0.195358276367187 0.061187744140625 -0.266006469726563 0.240142822265625
-0.19744873046875 -0.0975189208984375 -0.4019775390625 0.0603027343749999
0.0234527587890625 -0.2520751953125 -0.400115966796875 -0.22271728515625
0.224578857421875 -0.141189575195312 -0.259368896484375 -0.358306884765625
0.257827758789063 0.0678863525390625 -0.05059814453125 -0.40380859375
0.34625244140625 0.145294189453125 -0.159378051757813 0.205337524414062
0.33135986328125 -0.105682373046875 -0.00387573242187497 0.342498779296875
0.119842529296875 -0.33038330078125 0.23553466796875 0.316162109375
-0.176345825195313 -0.229248046875 0.34661865234375 0.142181396484375
-0.24761962890625 -0.0152740478515625 0.281585693359375 -0.06646728515625
-0.167327880859375 0.168670654296875 0.119422912597656 -0.126686096191406
-0.06707763671875 0.190231323242188 0.0151710510253906 -0.067596435546875
-0.0653839111328125 0.180557250976563 -0.00129508972167969 0.0270614624023438
-0.0680694580078125 0.217941284179688 -0.0237884521484375 0.142349243164063
-0.148712158203125 0.191055297851563 -0.10626220703125 0.225189208984375
-0.250762939453125 0.0589141845703125 -0.2288818359375 0.181793212890625
-0.23175048828125 -0.145706176757812 -0.34600830078125 0.0379333496093749
0.062286376953125 -0.3096923828125 -0.34637451171875 -0.19744873046875
0.29083251953125 -0.14569091796875 -0.219573974609375 -0.329437255859375
0.3057861328125 0.10504150390625 0.00994873046874999 -0.350311279296875
0.33404541015625 0.126190185546875 -0.09576416015625 0.27032470703125
0.292755126953125 -0.108551025390625 0.0300903320312501 0.3895263671875
0.0909423828125 -0.286834716796875 0.28619384765625 0.34912109375
-0.158401489257813 -0.185989379882813 0.42474365234375 0.13153076171875
-0.211471557617187 -0.00196838378906251 0.33673095703125 -0.117279052734375
-0.144607543945313 0.156112670898438 0.140518188476562 -0.201614379882812
-0.065399169921875 0.176742553710938 0.00643920898437501 -0.144439697265625
-0.068695068359375 0.1778564453125 -0.0189323425292969 -0.037078857421875
-0.0789031982421875 0.22259521484375 -0.032928466796875 0.0666007995605469
-0.173934936523437 0.185882568359375 -0.0848388671875 0.140518188476563
-0.268051147460937 0.02978515625 -0.169876098632813 0.11187744140625
-0.215560913085938 -0.186691284179688 -0.2686767578125 0.0204925537109375
0.11395263671875 -0.3079833984375 -0.295257568359375 -0.158111572265625
0.314849853515625 -0.106475830078125 -0.183258056640625 -0.29693603515625
0.2989501953125 0.133026123046875 0.07928466796875 -0.284271240234375
0.2791748046875 0.089935302734375 -0.0257568359375 0.334259033203125
0.2220458984375 -0.0828704833984375 0.094329833984375 0.42498779296875
0.0661163330078125 -0.210983276367188 0.34344482421875 0.338348388671875
-0.114799499511719 -0.131004333496094 0.4730224609375 0.09063720703125
-0.149765014648437 0.00451660156249999 0.35797119140625 -0.16790771484375
-0.107154846191406 0.122001647949219 0.144607543945312 -0.261505126953125
-0.0573577880859375 0.137588500976563 -0.00396728515625002 -0.20477294921875
-0.063568115234375 0.1484375 -0.0349273681640625 -0.096649169921875
-0.0827484130859375 0.189559936523438 -0.0348949432373047 -0.0117931365966797
-0.170455932617187 0.142990112304688 -0.0511932373046875 0.0528755187988281
-0.230209350585938 -0.00885009765625 -0.100250244140625 0.0584869384765625
-0.147811889648438 -0.188568115234375 -0.19464111328125 0.02923583984375
0.146820068359375 -0.237838745117188 -0.275070190429688 -0.11224365234375
0.274978637695313 -0.0417633056640625 -0.166885375976562 -0.27508544921875
0.23883056640625 0.137115478515625 0.143753051757813 -0.215072631835938
0.186859130859375 0.045745849609375 0.04150390625 0.384857177734375
0.137725830078125 -0.0375289916992187 0.16387939453125 0.43646240234375
0.0496063232421875 -0.122734069824219 0.38739013671875 0.30291748046875
-0.0610733032226562 -0.0771713256835938 0.4957275390625 0.039825439453125
-0.0828933715820313 0.00182342529296875 0.357025146484375 -0.208831787109375
-0.0662460327148437 0.0724029541015625 0.136627197265625 -0.3017578125
-0.044647216796875 0.07952880859375 -0.0166015625 -0.24658203125
-0.0501480102539062 0.0960159301757813 -0.0465240478515625 -0.142745971679688
-0.0722808837890625 0.123649597167969 -0.0303726196289063 -0.0745773315429687
-0.12677001953125 0.0754318237304688 -0.016998291015625 -0.0146322250366211
-0.140342712402344 -0.0305633544921875 -0.0428199768066406 0.0336875915527344
-0.0624923706054687 -0.131980895996094 -0.15167236328125 0.0511627197265625
0.126235961914063 -0.1241455078125 -0.28375244140625 -0.091094970703125
0.169937133789063 0.0131683349609375 -0.157989501953125 -0.272125244140625
0.136253356933594 0.104049682617188 0.194076538085938 -0.152923583984375
-0.0195827484130859 -0.0293407440185547 -0.255905151367188 0.170028686523437
-0.0238418579101563 0.0018310546875 0.13531494140625 0.318389892578125
-0.0374679565429688 -0.0223541259765625 0.320770263671875 0.071807861328125
-0.0205516815185547 0.0342063903808594 0.170608520507813 -0.0721282958984375
0.0249347686767578 0.0293235778808594 0.0313720703125 -0.0258846282958984
0.0390357971191406 -0.0250930786132813 0.00459671020507813 0.0585174560546875
0.00811767578125 -0.0394287109375 0.0273208618164063 0.126541137695313
-0.000341415405273438 -0.0246601104736328 0.04962158203125 0.169113159179688
0.005035400390625 -0.02740478515625 0.01483154296875 0.270111083984375
0.00796222686767578 -0.0159635543823242 -0.140350341796875 0.330963134765625
0.0213451385498047 0.000440597534179688 -0.32275390625 0.285736083984375
-0.00160789489746094 0.0173835754394531 -0.46588134765625 0.05303955078125
-0.0274677276611328 0.0250034332275391 -0.44879150390625 -0.304962158203125
-0.0669212341308594 0.0128097534179688 -0.27972412109375 -0.415679931640625
-0.0785598754882813 -0.0586166381835937 -0.104736328125 -0.458740234375
0.123001098632813 0.0474395751953125 -0.263595581054688 0.142974853515625
0.12835693359375 -0.0162429809570313 0.101654052734375 0.3096923828125
0.04827880859375 -0.147293090820313 0.301788330078125 0.104766845703125
-0.07598876953125 -0.0887832641601562 0.182571411132813 -0.0363006591796875
-0.0943832397460938 0.00298309326171875 0.056182861328125 -0.0238800048828125
-0.0461692810058594 0.0549163818359375 0.0103416442871094 0.0525665283203125
-0.015228271484375 0.0535240173339844 0.0252838134765625 0.124130249023438
-0.0185737609863281 0.0472145080566406 0.0497894287109375 0.165573120117188
-0.0135726928710937 0.0527763366699219 0.016876220703125 0.268798828125
-0.0325202941894531 0.0485877990722656 -0.125152587890625 0.342987060546875
-0.052703857421875 0.0252952575683594 -0.3043212890625 0.299560546875
-0.0703353881835938 -0.0168075561523437 -0.459625244140625 0.0828857421875001
-0.0157928466796875 -0.073486328125 -0.46466064453125 -0.264984130859375
0.0354995727539063 -0.0520210266113281 -0.31390380859375 -0.39910888671875
0.0518264770507813 -0.01885986328125 -0.126251220703125 -0.468963623046875
0.244125366210938 0.105575561523438 -0.244705200195312 0.14312744140625
0.256103515625 -0.048431396484375 0.05853271484375 0.297698974609375
0.11102294921875 -0.2591552734375 0.263153076171875 0.1632080078125
-0.129684448242188 -0.188613891601563 0.214828491210938 0.0305633544921875
-0.19287109375 -0.0168914794921875 0.121025085449219 -0.0244216918945313
-0.119979858398438 0.120651245117188 0.0402679443359375 0.0132293701171875
-0.0378570556640625 0.133804321289063 0.0235824584960938 0.0815200805664063
-0.0354537963867188 0.113845825195313 0.0397109985351563 0.138298034667969
-0.029541015625 0.127876281738281 0.0115509033203125 0.249267578125
-0.0700759887695313 0.113853454589844 -0.11285400390625 0.334686279296875
-0.1268310546875 0.0536575317382812 -0.286163330078125 0.29608154296875
-0.1417236328125 -0.051422119140625 -0.44580078125 0.093963623046875
-0.00650024414062502 -0.172698974609375 -0.4608154296875 -0.2325439453125
0.134979248046875 -0.114219665527344 -0.3165283203125 -0.379364013671875
0.174606323242188 0.0216064453125 -0.114013671875 -0.45501708984375
0.32635498046875 0.1370849609375 -0.208724975585937 0.170028686523438
0.3287353515625 -0.091552734375 0.021331787109375 0.311370849609375
0.125946044921875 -0.335662841796875 0.242477416992188 0.242706298828125
-0.176010131835938 -0.237167358398437 0.281219482421875 0.097015380859375
-0.252044677734375 -0.0172576904296875 0.20770263671875 -0.042572021484375
-0.15997314453125 0.165939331054688 0.082183837890625 -0.0543899536132812
-0.05352783203125 0.185028076171875 0.0199909210205078 0.0117015838623047
-0.0497589111328125 0.165313720703125 0.0222625732421875 0.0892410278320313
-0.0436859130859375 0.192153930664062 -0.00169372558593752 0.208648681640625
-0.106414794921875 0.171112060546875 -0.105133056640625 0.30145263671875
-0.199172973632813 0.075408935546875 -0.264694213867187 0.262176513671875
-0.208221435546875 -0.0901641845703125 -0.415435791015625 0.0831909179687501
0.0108184814453125 -0.263900756835937 -0.427093505859375 -0.212249755859375
0.225723266601563 -0.1580810546875 -0.288238525390625 -0.3594970703125
0.2703857421875 0.0600738525390625 -0.072357177734375 -0.420013427734375
0.36309814453125 0.13909912109375 -0.156341552734375 0.221221923828125
0.33892822265625 -0.12274169921875 0.0145263671875 0.354217529296875
0.1075439453125 -0.35137939453125 0.262725830078125 0.315948486328125
-0.194580078125 -0.2281494140625 0.36968994140625 0.130035400390625
-0.257537841796875 -0.00250244140625003 0.290313720703125 -0.084197998046875
-0.163497924804687 0.182937622070313 0.117759704589844 -0.135780334472656
-0.0608978271484375 0.203521728515625 0.0123672485351562 -0.0701217651367187
-0.058746337890625 0.19122314453125 0.00150299072265625 0.0287303924560547
-0.0566253662109375 0.23052978515625 -0.0169525146484375 0.148361206054688
-0.143478393554688 0.20648193359375 -0.0962982177734375 0.236343383789063
-0.256683349609375 0.0757598876953125 -0.228759765625 0.199386596679688
-0.247390747070313 -0.137924194335937 -0.35693359375 0.0557250976562499
0.0477294921875 -0.32598876953125 -0.369537353515625 -0.18817138671875
0.295379638671875 -0.165557861328125 -0.244476318359375 -0.330963134765625
0.322723388671875 0.097991943359375 -0.00662231445312498 -0.36590576171875
0.348297119140625 0.118743896484375 -0.088226318359375 0.2861328125
0.29638671875 -0.124420166015625 0.0518798828125 0.403350830078125
0.07861328125 -0.304962158203125 0.317413330078125 0.347900390625
-0.173690795898437 -0.18316650390625 0.448883056640625 0.115966796875
-0.218658447265625 0.00897216796874999 0.343170166015625 -0.141510009765625
-0.140609741210937 0.17022705078125 0.136077880859375 -0.214813232421875
-0.059722900390625 0.187911987304688 0.000671386718749982 -0.147689819335938
-0.0611724853515625 0.19000244140625 -0.0196685791015625 -0.0364646911621094
-0.0695648193359375 0.236099243164063 -0.0299301147460937 0.0707321166992188
-0.169769287109375 0.2021484375 -0.0787353515625 0.146804809570313
-0.277725219726563 0.04571533203125 -0.171783447265625 0.123764038085938
-0.232986450195312 -0.181640625 -0.276657104492188 0.0344543457031249
0.1026611328125 -0.32806396484375 -0.31341552734375 -0.14910888671875
0.323150634765625 -0.126312255859375 -0.205841064453125 -0.298919677734375
0.31756591796875 0.127288818359375 0.067901611328125 -0.301116943359375
0.289093017578125 0.08331298828125 -0.01202392578125 0.350677490234375
0.224929809570313 -0.0944671630859375 0.119354248046875 0.435516357421875
0.0576019287109375 -0.22235107421875 0.37542724609375 0.335296630859375
-0.126022338867188 -0.128166198730469 0.49725341796875 0.068267822265625
-0.15447998046875 0.0128631591796875 0.36407470703125 -0.195098876953125
-0.103897094726562 0.13177490234375 0.136978149414062 -0.27606201171875
-0.0529632568359375 0.147018432617187 -0.0143280029296875 -0.209945678710937
-0.057586669921875 0.158615112304687 -0.0392227172851562 -0.096221923828125
-0.07476806640625 0.202987670898438 -0.0366554260253906 -0.00978469848632811
-0.169052124023438 0.158843994140625 -0.048492431640625 0.054779052734375
-0.240982055664062 0.00297546386718754 -0.100387573242188 0.0642471313476563
-0.163497924804688 -0.188751220703125 -0.199935913085938 0.0399627685546875
0.14068603515625 -0.256790161132813 -0.289642333984375 -0.100341796875
0.286834716796875 -0.0565185546875 -0.187576293945313 -0.276229858398438
0.255523681640625 0.132797241210938 0.137252807617188 -0.232086181640625
0.191848754882813 0.040252685546875 0.060455322265625 0.399993896484375
0.140525817871094 -0.0442428588867188 0.193695068359375 0.4456787109375
0.0453414916992187 -0.130294799804687 0.418914794921875 0.29632568359375
-0.0667343139648438 -0.0767669677734375 0.5172119140625 0.01373291015625
-0.0848388671875 0.00676727294921874 0.359466552734375 -0.234161376953125
-0.0641403198242187 0.0777206420898438 0.12652587890625 -0.316680908203125
-0.0430831909179687 0.0865554809570313 -0.0298004150390625 -0.252090454101563
-0.046722412109375 0.103118896484375 -0.054534912109375 -0.142501831054688
-0.0677413940429688 0.134300231933594 -0.035675048828125 -0.0753860473632812
-0.128486633300781 0.0870361328125 -0.0167369842529297 -0.0176448822021484
-0.148590087890625 -0.0252227783203125 -0.0419235229492188 0.0351181030273438
-0.0710296630859375 -0.134811401367188 -0.152847290039063 0.0613250732421875
0.124038696289063 -0.136146545410156 -0.29888916015625 -0.0772705078125
0.177642822265625 0.0059814453125 -0.179107666015625 -0.274017333984375
0.147262573242188 0.102310180664063 0.192840576171875 -0.169631958007813
-0.0243396759033203 -0.0291004180908203 -0.249603271484375 0.190017700195313
-0.0262279510498047 0.00369453430175782 0.1629638671875 0.31329345703125
-0.0436859130859375 -0.0186042785644531 0.33526611328125 0.0462646484375
-0.017425537109375 0.0365486145019531 0.169677734375 -0.0877685546875
0.0288505554199219 0.0271987915039063 0.0304107666015625 -0.0291423797607422
0.0366020202636719 -0.0288429260253906 0.0101089477539062 0.0593223571777344
0.00371551513671875 -0.0391159057617188 0.0386734008789062 0.126235961914063
-0.00199508666992188 -0.0245304107666016 0.063232421875 0.1656494140625
0.00316810607910156 -0.0283679962158203 0.03521728515625 0.2706298828125
0.00653457641601563 -0.0164899826049805 -0.1177978515625 0.346649169921875
0.02166748046875 -0.00169754028320313 -0.308441162109375 0.31622314453125
-5.9127807617189E-05 0.0186519622802734 -0.473419189453125 0.0866394042968749
-0.0273513793945312 0.0267124176025391 -0.48541259765625 -0.28173828125
-0.0679893493652344 0.0162315368652344 -0.317901611328125 -0.407257080078125
-0.0863494873046875 -0.0555572509765625 -0.139434814453125 -0.465484619140625
0.1270751953125 0.0407333374023438 -0.260940551757812 0.16400146484375
0.130615234375 -0.0260009765625 0.12689208984375 0.306365966796875
0.035064697265625 -0.155197143554688 0.31915283203125 0.083770751953125
-0.0844802856445313 -0.08587646484375 0.184783935546875 -0.0524444580078125
-0.09588623046875 0.0100479125976563 0.0562744140625 -0.0284881591796875
-0.0443077087402344 0.0591011047363281 0.0161323547363281 0.0530128479003906
-0.0113334655761719 0.058349609375 0.0368728637695312 0.123443603515625
-0.0146522521972656 0.0505599975585938 0.06280517578125 0.16265869140625
-0.0096435546875 0.0545616149902344 0.036865234375 0.26983642578125
-0.0292549133300781 0.0518684387207031 -0.101837158203125 0.356353759765625
-0.0517044067382812 0.0304336547851563 -0.288726806640625 0.3292236328125
-0.0721359252929687 -0.0120697021484375 -0.465789794921875 0.1177978515625
-0.023193359375 -0.0748138427734375 -0.49847412109375 -0.238677978515625
0.031829833984375 -0.0567283630371094 -0.350067138671875 -0.386627197265625
0.0500640869140625 -0.0224037170410156 -0.161895751953125 -0.47467041015625
0.256805419921875 0.094696044921875 -0.2421875 0.162216186523437
0.25872802734375 -0.0655670166015625 0.08306884765625 0.29803466796875
0.09197998046875 -0.274459838867188 0.28326416015625 0.145477294921875
-0.146926879882813 -0.184112548828125 0.223419189453125 0.0132293701171875
-0.198898315429687 -0.00343322753906247 0.123138427734375 -0.0347518920898438
-0.112541198730469 0.132614135742187 0.0436363220214844 0.0114097595214844
-0.0287017822265625 0.141372680664062 0.03173828125 0.0807342529296875
-0.0267715454101563 0.119636535644531 0.0510330200195312 0.134963989257813
-0.0194854736328125 0.13336181640625 0.03082275390625 0.251419067382813
-0.0624160766601562 0.120513916015625 -0.0889892578125 0.3475341796875
-0.1241455078125 0.0658721923828125 -0.269775390625 0.323944091796875
-0.146774291992188 -0.040771484375 -0.450042724609375 0.1297607421875
-0.0212249755859375 -0.177322387695313 -0.4901123046875 -0.20611572265625
0.1290283203125 -0.12646484375 -0.352142333984375 -0.367462158203125
0.179168701171875 0.0099945068359375 -0.1497802734375 -0.46197509765625
0.342376708984375 0.120391845703125 -0.202911376953125 0.188003540039063
0.330352783203125 -0.1153564453125 0.045623779296875 0.31378173828125
0.10284423828125 -0.35540771484375 0.267807006835937 0.228012084960937
-0.19757080078125 -0.22998046875 0.29632568359375 0.0767822265625
-0.258193969726563 0.00244140624999996 0.21014404296875 -0.06103515625
-0.15045166015625 0.18255615234375 0.0817489624023437 -0.060760498046875
-0.0413665771484375 0.195632934570313 0.0229377746582031 0.0103073120117188
-0.0379791259765625 0.1728515625 0.03033447265625 0.0876235961914063
-0.02880859375 0.200149536132813 0.0142822265625 0.21246337890625
-0.095428466796875 0.1827392578125 -0.083953857421875 0.31304931640625
-0.196868896484375 0.093292236328125 -0.25054931640625 0.287811279296875
-0.21875 -0.07568359375 -0.41851806640625 0.116302490234375
-0.0102691650390625 -0.272048950195313 -0.45343017578125 -0.188018798828125
0.218338012695312 -0.178665161132813 -0.32293701171875 -0.347442626953125
0.280990600585938 0.04486083984375 -0.10357666015625 -0.427825927734375
0.379058837890625 0.12054443359375 -0.145187377929687 0.23779296875
0.336944580078125 -0.147369384765625 0.041168212890625 0.358795166015625
0.082122802734375 -0.368896484375 0.2950439453125 0.301971435546875
-0.214599609375 -0.219955444335938 0.39007568359375 0.10540771484375
-0.263092041015625 0.0161895751953125 0.291534423828125 -0.109375
-0.152969360351562 0.19921875 0.112457275390625 -0.147354125976563
-0.0465087890625 0.214004516601563 0.0089263916015625 -0.0719528198242188
-0.0448760986328125 0.200088500976563 0.00461387634277344 0.0286521911621094
-0.0391387939453125 0.241424560546875 -0.00579833984375 0.152420043945313
-0.13043212890625 0.221923828125 -0.0796356201171875 0.245880126953125
-0.25628662109375 0.0989990234375001 -0.219192504882813 0.220809936523438
-0.262451171875 -0.121826171875 -0.361236572265625 0.0833740234374999
0.024169921875 -0.33905029296875 -0.3919677734375 -0.166717529296875
0.290557861328125 -0.19061279296875 -0.275726318359375 -0.321441650390625
0.33795166015625 0.079498291015625 -0.033172607421875 -0.377044677734375
0.36279296875 0.100982666015625 -0.070953369140625 0.30078125
0.29412841796875 -0.14544677734375 0.08319091796875 0.407867431640625
0.0576171875 -0.318817138671875 0.35296630859375 0.331756591796875
-0.189865112304688 -0.174041748046875 0.47052001953125 0.084014892578125
-0.22125244140625 0.0255126953125 0.342498779296875 -0.171478271484375
-0.130279541015625 0.183547973632813 0.12506103515625 -0.228317260742188
-0.0467071533203125 0.199249267578125 -0.00874328613281251 -0.149276733398438
-0.04766845703125 0.198486328125 -0.0213470458984375 -0.034830093383789
-0.051177978515625 0.248641967773437 -0.0253524780273438 0.0746002197265625
-0.158676147460937 0.220596313476563 -0.0686798095703125 0.1531982421875
-0.281021118164063 0.0699615478515625 -0.1668701171875 0.138412475585938
-0.251266479492187 -0.168899536132813 -0.280914306640625 0.0560760498046875
0.080047607421875 -0.3450927734375 -0.332611083984375 -0.128570556640625
0.322418212890625 -0.1524658203125 -0.23388671875 -0.289764404296875
0.335418701171875 0.110107421875 0.046173095703125 -0.3140869140625
0.2989501953125 0.06903076171875 0.01177978515625 0.36181640625
0.224151611328125 -0.110595703125 0.156494140625 0.43682861328125
0.0419769287109375 -0.233078002929688 0.41021728515625 0.31353759765625
-0.136474609375 -0.120811462402344 0.515411376953125 0.03228759765625
-0.155929565429687 0.023895263671875 0.357879638671875 -0.226776123046875
-0.0955352783203125 0.1417236328125 0.12176513671875 -0.290435791015625
-0.043487548828125 0.155654907226562 -0.02911376953125 -0.21185302734375
-0.0459747314453125 0.166915893554688 -0.0452194213867188 -0.093658447265625
-0.059478759765625 0.215255737304688 -0.0378761291503906 -0.00741577148437499
-0.160903930664063 0.176132202148437 -0.0457038879394531 0.0563774108886719
-0.2464599609375 0.0216064453125 -0.0984573364257813 0.07196044921875
-0.1807861328125 -0.181564331054688 -0.200531005859375 0.0555877685546875
0.125640869140625 -0.27508544921875 -0.303466796875 -0.08148193359375
0.28997802734375 -0.077911376953125 -0.213424682617188 -0.268264770507813
0.272537231445313 0.12060546875 0.122039794921875 -0.247787475585938
0.195968627929687 0.0304412841796875 0.089263916015625 0.40869140625
0.141098022460938 -0.052978515625 0.232940673828125 0.441864013671875
0.035675048828125 -0.137611389160156 0.4517822265625 0.271575927734375
-0.072998046875 -0.0713043212890625 0.53070068359375 -0.02313232421875
-0.0858306884765625 0.0124893188476562 0.350189208984375 -0.267578125
-0.05963134765625 0.0847930908203125 0.107177734375 -0.3309326171875
-0.0382614135742187 0.0925445556640625 -0.0477447509765625 -0.252578735351563
-0.0395278930664063 0.109893798828125 -0.063934326171875 -0.138671875
-0.0571746826171875 0.144439697265625 -0.042266845703125 -0.0739822387695313
-0.125007629394531 0.0992202758789062 -0.0188102722167969 -0.0195980072021484
-0.15380859375 -0.0147857666015625 -0.0404701232910156 0.0374069213867187
-0.0818862915039062 -0.133979797363281 -0.150222778320313 0.074005126953125
0.116836547851563 -0.149017333984375 -0.311492919921875 -0.05511474609375
0.184127807617188 -0.0067291259765625 -0.204391479492187 -0.266860961914063
0.1585693359375 0.0955047607421875 0.184768676757812 -0.187896728515625
-0.02935791015625 -0.0270576477050781 -0.236618041992188 0.206939697265625
-0.0265121459960938 0.00630378723144531 0.188385009765625 0.296875
-0.0486831665039062 -0.013427734375 0.33843994140625 0.01678466796875
-0.0136871337890625 0.0378761291503906 0.162033081054688 -0.10205078125
0.0319137573242188 0.0244026184082031 0.0275936126708984 -0.0308113098144531
0.0332870483398438 -0.0318565368652344 0.0156288146972656 0.0577964782714844
0.000900268554687503 -0.0374069213867187 0.04888916015625 0.120841979980469
-0.00266838073730469 -0.0232601165771484 0.0740203857421875 0.156784057617188
0.000434875488281253 -0.0281581878662109 0.0560760498046875 0.261886596679687
0.00473594665527344 -0.0174064636230469 -0.090576171875 0.351409912109375
0.0219287872314453 -0.00310897827148438 -0.280059814453125 0.338592529296875
0.0016937255859375 0.0184803009033203 -0.466583251953125 0.1236572265625
-0.0262527465820313 0.0269927978515625 -0.50665283203125 -0.24456787109375
-0.0665168762207031 0.0207061767578125 -0.349090576171875 -0.38153076171875
-0.0914535522460938 -0.0499954223632812 -0.172332763671875 -0.45849609375
0.128936767578125 0.0320968627929688 -0.248992919921875 0.18206787109375
0.127952575683594 -0.034088134765625 0.15118408203125 0.292266845703125
0.0202789306640625 -0.15716552734375 0.32574462890625 0.05401611328125
-0.0909652709960938 -0.0782241821289063 0.179824829101563 -0.067657470703125
-0.0941543579101563 0.0170364379882812 0.0546112060546875 -0.0330696105957031
-0.039581298828125 0.0623588562011719 0.0211067199707031 0.0523605346679688
-0.00762557983398437 0.0608940124511719 0.0472793579101563 0.118019104003906
-0.00935745239257813 0.0525093078613281 0.0745086669921875 0.1533203125
-0.00471115112304687 0.0548858642578125 0.0574951171875 0.2608642578125
-0.0250091552734375 0.0531425476074219 -0.07275390625 0.359283447265625
-0.0473251342773438 0.0348434448242188 -0.259918212890625 0.35064697265625
-0.0711822509765625 -0.0053253173828125 -0.455291748046875 0.152862548828125
-0.0310821533203125 -0.0736236572265625 -0.516815185546875 -0.19989013671875
0.0264129638671875 -0.058746337890625 -0.380218505859375 -0.35906982421875
0.046722412109375 -0.0262451171875 -0.19586181640625 -0.466461181640625
0.2625732421875 0.0783233642578125 -0.231689453125 0.178863525390625
0.254425048828125 -0.0838775634765625 0.106170654296875 0.287200927734375
0.067962646484375 -0.281982421875 0.29473876953125 0.119171142578125
-0.160125732421875 -0.17218017578125 0.224105834960938 -0.00508117675781251
-0.198043823242188 0.0121612548828125 0.120147705078125 -0.0448455810546875
-0.102783203125 0.142074584960938 0.0463333129882812 0.00778198242187501
-0.0170440673828125 0.145339965820313 0.038818359375 0.0767593383789063
-0.0174102783203125 0.121955871582031 0.0611648559570312 0.126693725585938
-0.007843017578125 0.134361267089844 0.04937744140625 0.244308471679688
-0.052001953125 0.124580383300781 -0.061614990234375 0.349884033203125
-0.116783142089844 0.07586669921875 -0.2421875 0.343841552734375
-0.148345947265625 -0.029266357421875 -0.439239501953125 0.16357421875
-0.0363311767578125 -0.17547607421875 -0.506378173828125 -0.16888427734375
0.1177978515625 -0.13616943359375 -0.379791259765625 -0.339752197265625
0.1785888671875 -0.00152587890625 -0.18359375 -0.45440673828125
0.350555419921875 0.09893798828125 -0.190200805664062 0.2022705078125
0.32122802734375 -0.13720703125 0.07000732421875 0.305877685546875
0.07269287109375 -0.363739013671875 0.28533935546875 0.203460693359375
-0.215240478515625 -0.213699340820313 0.30267333984375 0.0526123046875
-0.2567138671875 0.022552490234375 0.205169677734375 -0.078125
-0.135665893554688 0.194244384765625 0.0784225463867187 -0.0662384033203125
-0.02508544921875 0.199951171875 0.0246772766113281 0.00716400146484376
-0.0234375 0.1754150390625 0.0372085571289062 0.0829620361328125
-0.0104522705078125 0.201522827148438 0.0309906005859375 0.208541870117188
-0.0801849365234375 0.189193725585938 -0.057586669921875 0.315399169921875
-0.187042236328125 0.108688354492188 -0.22637939453125 0.30682373046875
-0.222625732421875 -0.059112548828125 -0.409576416015625 0.1478271484375
-0.0334320068359375 -0.271072387695313 -0.467803955078125 -0.153472900390625
0.203781127929688 -0.1943359375 -0.350677490234375 -0.323150634765625
0.284271240234375 0.026580810546875 -0.136322021484375 -0.422149658203125
0.38751220703125 0.098236083984375 -0.129425048828125 0.249221801757813
0.326141357421875 -0.169342041015625 0.0690917968750001 0.3516845703125
0.0523681640625 -0.376068115234375 0.317352294921875 0.2762451171875
-0.231338500976563 -0.201751708984375 0.3978271484375 0.07366943359375
-0.260330200195313 0.0363311767578125 0.282012939453125 -0.134246826171875
-0.136581420898437 0.2103271484375 0.102218627929687 -0.154083251953125
-0.0292510986328125 0.218490600585938 0.00432586669921875 -0.0723648071289063
-0.029083251953125 0.2032470703125 0.00825691223144531 0.0269756317138672
-0.0173797607421875 0.244049072265625 0.00619506835937499 0.15130615234375
-0.111541748046875 0.231704711914062 -0.059356689453125 0.247787475585938
-0.246444702148438 0.120208740234375 -0.201156616210938 0.237152099609375
-0.27020263671875 -0.10186767578125 -0.35418701171875 0.110626220703125
-0.00375366210937501 -0.340057373046875 -0.404510498046875 -0.1363525390625
0.275009155273438 -0.2120361328125 -0.299957275390625 -0.299591064453125
0.34490966796875 0.057861328125 -0.06341552734375 -0.3753662109375
0.36871337890625 0.0797119140625 -0.05029296875 0.306854248046875
0.28369140625 -0.16363525390625 0.115203857421875 0.397857666015625
0.030792236328125 -0.323394775390625 0.377960205078125 0.3018798828125
-0.201553344726563 -0.157974243164062 0.47589111328125 0.045318603515625
-0.217681884765625 0.0424346923828125 0.328277587890625 -0.198822021484375
-0.114227294921875 0.192352294921875 0.108734130859375 -0.235626220703125
-0.0309906005859375 0.203399658203125 -0.0193634033203125 -0.147705078125
-0.0312652587890625 0.20111083984375 -0.0218505859375 -0.0341377258300781
-0.0284576416015625 0.25262451171875 -0.0190200805664063 0.0760269165039063
-0.13995361328125 0.233062744140625 -0.0558013916015625 0.154388427734375
-0.273834228515625 0.0930328369140625 -0.155654907226563 0.15008544921875
-0.263671875 -0.150177001953125 -0.274566650390625 0.0758209228515625
0.052459716796875 -0.3526611328125 -0.340576171875 -0.10272216796875
0.31060791015625 -0.176177978515625 -0.256027221679688 -0.271011352539063
0.34490966796875 0.089385986328125 0.020965576171875 -0.317962646484375
0.30206298828125 0.05108642578125 0.03729248046875 0.36273193359375
0.215988159179688 -0.124740600585938 0.189208984375 0.42230224609375
0.0231475830078125 -0.237014770507812 0.4354248046875 0.280975341796875
-0.144134521484375 -0.108901977539062 0.517181396484375 -0.00769042968750001
-0.151824951171875 0.035858154296875 0.339385986328125 -0.255126953125
-0.084197998046875 0.147979736328125 0.10052490234375 -0.29754638671875
-0.0318756103515625 0.159957885742188 -0.04388427734375 -0.20635986328125
-0.0321197509765625 0.16925048828125 -0.0494613647460938 -0.0892333984375
-0.03936767578125 0.219833374023438 -0.03790283203125 -0.00398254394531248
-0.146255493164063 0.189346313476562 -0.0414772033691406 0.0566520690917969
-0.243682861328125 0.0414276123046875 -0.0927734375 0.0773086547851563
-0.194107055664063 -0.168975830078125 -0.193771362304688 0.0700225830078125
0.103912353515625 -0.284881591796875 -0.307891845703125 -0.056243896484375
0.28546142578125 -0.0994873046875 -0.234603881835937 -0.250289916992188
0.281646728515625 0.102752685546875 0.101654052734375 -0.257675170898438
0.196151733398438 0.0197296142578125 0.11810302734375 0.403656005859375
0.138298034667969 -0.0624542236328125 0.267303466796875 0.420806884765625
0.02447509765625 -0.141021728515625 0.473541259765625 0.235107421875
-0.0771942138671875 -0.0649185180664063 0.5274658203125 -0.0662841796875
-0.0829238891601563 0.018768310546875 0.32806396484375 -0.294830322265625
-0.0525970458984375 0.0884780883789063 0.083892822265625 -0.335174560546875
-0.0313796997070313 0.0966796875 -0.065521240234375 -0.244796752929688
-0.029693603515625 0.111984252929688 -0.0719680786132812 -0.131919860839844
-0.0438690185546875 0.149261474609375 -0.04791259765625 -0.0698814392089844
-0.117218017578125 0.110313415527344 -0.0213794708251953 -0.021026611328125
-0.154937744140625 -0.0036468505859375 -0.0372543334960938 0.0380592346191406
-0.0915298461914063 -0.128883361816406 -0.141998291015625 0.084259033203125
0.105300903320313 -0.158096313476562 -0.314178466796875 -0.02874755859375
0.185394287109375 -0.0193023681640625 -0.2261962890625 -0.249465942382812
0.165817260742188 0.08526611328125 0.168121337890625 -0.201705932617188
-0.0323677062988281 -0.0249481201171875 -0.220504760742188 0.214385986328125
-0.0261478424072266 0.00743293762207032 0.201675415039063 0.277389526367188
-0.0508880615234375 -0.00783157348632812 0.33197021484375 -0.00634765625
-0.0110816955566406 0.038604736328125 0.15167236328125 -0.110824584960938
0.0334968566894531 0.0212173461914062 0.0253238677978516 -0.0318031311035156
0.0295677185058594 -0.03253173828125 0.0205574035644531 0.0552825927734375
-0.0015869140625 -0.0342769622802734 0.0562820434570313 0.112907409667969
-0.00286674499511719 -0.0222816467285156 0.079742431640625 0.144378662109375
-0.000915527343750003 -0.0272426605224609 0.06805419921875 0.246673583984375
0.00344085693359375 -0.0168819427490234 -0.066986083984375 0.345245361328125
0.0219078063964844 -0.00499534606933594 -0.25115966796875 0.345947265625
0.00300025939941406 0.0174808502197266 -0.449798583984375 0.146697998046875
-0.0260162353515625 0.0277805328369141 -0.511871337890625 -0.210296630859375
-0.0648117065429688 0.023101806640625 -0.3626708984375 -0.354736328125
-0.09326171875 -0.0446090698242187 -0.1942138671875 -0.4427490234375
0.127655029296875 0.0269851684570313 -0.23419189453125 0.191268920898438
0.123703002929688 -0.039764404296875 0.165924072265625 0.273880004882813
0.00833129882812499 -0.154129028320312 0.32159423828125 0.030517578125
-0.0935897827148438 -0.0713653564453125 0.1712646484375 -0.0785064697265625
-0.0911331176757813 0.0212936401367188 0.05157470703125 -0.0360984802246094
-0.03533935546875 0.0646324157714844 0.0257530212402344 0.0498123168945313
-0.00290298461914063 0.0618133544921875 0.0542068481445312 0.1099853515625
-0.00558853149414063 0.0516853332519531 0.08001708984375 0.141067504882813
-0.000579833984374995 0.0540084838867188 0.0692596435546875 0.247055053710938
-0.0209617614746094 0.0533027648925781 -0.049896240234375 0.3515625
-0.0424232482910156 0.035888671875 -0.231719970703125 0.35687255859375
-0.0691642761230469 -0.00207901000976561 -0.437255859375 0.17529296875
-0.0366172790527344 -0.0701942443847656 -0.51904296875 -0.166656494140625
0.02117919921875 -0.0594406127929688 -0.393280029296875 -0.3323974609375
0.0442390441894531 -0.0276870727539063 -0.217498779296875 -0.44879150390625
0.261825561523438 0.0651397705078125 -0.218109130859375 0.188125610351562
0.245376586914063 -0.094207763671875 0.120361328125 0.270645141601563
0.0478973388671875 -0.2799072265625 0.295440673828125 0.0946044921875
-0.167068481445313 -0.15966796875 0.219558715820313 -0.020294189453125
-0.192092895507812 0.0228729248046875 0.11480712890625 -0.0523681640625
-0.0912628173828125 0.1451416015625 0.0479736328125 0.00531768798828126
-0.00701904296875 0.1441650390625 0.0440635681152344 0.07012939453125
-0.00900268554687501 0.120208740234375 0.0657806396484375 0.116600036621094
0.00211334228515626 0.131790161132812 0.0608367919921875 0.232589721679688
-0.0430831909179687 0.124137878417969 -0.03863525390625 0.342041015625
-0.106704711914063 0.0804214477539063 -0.21502685546875 0.349212646484375
-0.144927978515625 -0.02001953125 -0.42034912109375 0.185089111328125
-0.0482940673828125 -0.168716430664063 -0.50604248046875 -0.137420654296875
0.106086730957031 -0.139350891113281 -0.392303466796875 -0.31195068359375
0.174789428710937 -0.00970458984375 -0.20574951171875 -0.438751220703125
0.350189208984375 0.082122802734375 -0.175918579101562 0.208633422851563
0.309295654296875 -0.149322509765625 0.0855712890625 0.29071044921875
0.048675537109375 -0.360870361328125 0.290618896484375 0.178924560546875
-0.222763061523438 -0.196258544921875 0.2994384765625 0.03265380859375
-0.249465942382813 0.0357513427734375 0.196701049804688 -0.0901947021484375
-0.120391845703125 0.197921752929688 0.074981689453125 -0.0687637329101562
-0.0114898681640625 0.197860717773437 0.0260734558105469 0.00380897521972657
-0.0120086669921875 0.172012329101563 0.0406951904296875 0.0755615234375
0.00329589843749998 0.19683837890625 0.0419464111328125 0.199798583984375
-0.0670318603515625 0.18963623046875 -0.03778076171875 0.308074951171875
-0.173385620117188 0.118240356445312 -0.2015380859375 0.3123779296875
-0.21923828125 -0.0447845458984375 -0.392181396484375 0.1671142578125
-0.0498199462890625 -0.263229370117188 -0.468231201171875 -0.12335205078125
0.18756103515625 -0.200790405273438 -0.36126708984375 -0.29681396484375
0.28033447265625 0.012664794921875 -0.158203125 -0.40960693359375
0.384857177734375 0.079132080078125 -0.113265991210937 0.251708984375
0.310943603515625 -0.1812744140625 0.0869140625 0.33587646484375
0.02685546875 -0.370880126953125 0.3250732421875 0.249420166015625
-0.236801147460937 -0.183380126953125 0.394805908203125 0.047882080078125
-0.251296997070312 0.0503082275390625 0.267852783203125 -0.148681640625
-0.119842529296875 0.214065551757813 0.093414306640625 -0.15643310546875
-0.0146484375 0.216522216796875 0.00152587890625 -0.0720443725585937
-0.0145111083984375 0.19921875 0.00955963134765625 0.0234336853027344
-0.000289916992187523 0.238632202148438 0.0152130126953125 0.1468505859375
-0.09466552734375 0.2332763671875 -0.0440216064453125 0.242446899414063
-0.231613159179688 0.131912231445313 -0.181106567382813 0.242294311523437
-0.269439697265625 -0.0853271484375 -0.340667724609375 0.126922607421875
-0.024627685546875 -0.334686279296875 -0.403350830078125 -0.11114501953125
0.257644653320313 -0.222412109375 -0.31182861328125 -0.27557373046875
0.341949462890625 0.041107177734375 -0.0841064453125 -0.36566162109375
0.36517333984375 0.062042236328125 -0.03277587890625 0.30548095703125
0.269699096679688 -0.174072265625 0.134124755859375 0.37939453125
0.01007080078125 -0.318389892578125 0.38751220703125 0.271026611328125
-0.20513916015625 -0.142425537109375 0.46966552734375 0.017852783203125
-0.208358764648438 0.052886962890625 0.30859375 -0.214569091796875
-0.100021362304688 0.193588256835938 0.0950775146484375 -0.236602783203125
-0.0173187255859375 0.20098876953125 -0.0255126953125 -0.143173217773437
-0.018829345703125 0.197738647460938 -0.0215873718261719 -0.0325698852539062
-0.010528564453125 0.2479248046875 -0.0131683349609375 0.0751571655273438
-0.122100830078125 0.2374267578125 -0.04638671875 0.1512451171875
-0.261016845703125 0.107757568359375 -0.142608642578125 0.154251098632813
-0.266860961914063 -0.133041381835938 -0.263961791992187 0.088714599609375
0.0311279296875 -0.34942626953125 -0.3382568359375 -0.081298828125
0.295379638671875 -0.189788818359375 -0.266632080078125 -0.249404907226563
0.345458984375 0.071685791015625 0.00170898437500004 -0.313507080078125
0.297821044921875 0.037628173828125 0.055511474609375 0.3560791015625
0.20599365234375 -0.1319580078125 0.20892333984375 0.3990478515625
0.00723266601562498 -0.233367919921875 0.441650390625 0.248443603515625
-0.145660400390625 -0.0976715087890625 0.506378173828125 -0.03887939453125
-0.14434814453125 0.0420989990234375 0.316009521484375 -0.270355224609375
-0.072540283203125 0.1488037109375 0.083251953125 -0.2958984375
-0.0214080810546875 0.159011840820313 -0.052825927734375 -0.198455810546875
-0.021087646484375 0.166534423828125 -0.0512313842773437 -0.083526611328125
-0.0223388671875 0.217559814453125 -0.0369644165039063 -0.000911712646484365
-0.131683349609375 0.196029663085938 -0.0380630493164063 0.0542182922363281
-0.236190795898437 0.056182861328125 -0.0854949951171875 0.0789566040039063
-0.199630737304687 -0.155960083007812 -0.184066772460938 0.078155517578125
0.084442138671875 -0.28704833984375 -0.30340576171875 -0.036529541015625
0.275665283203125 -0.113388061523438 -0.245147705078125 -0.230850219726562
0.283538818359375 0.08758544921875 0.0837554931640625 -0.257614135742188
0.191513061523438 0.01220703125 0.138153076171875 0.391876220703125
0.132705688476563 -0.0678634643554688 0.28509521484375 0.39263916015625
0.0146484375 -0.139358520507813 0.474639892578125 0.2021484375
-0.0770797729492188 -0.0586471557617187 0.51153564453125 -0.095947265625
-0.07843017578125 0.0221481323242187 0.3031005859375 -0.307220458984375
-0.0456466674804688 0.0890731811523438 0.064361572265625 -0.33160400390625
-0.0248031616210938 0.097076416015625 -0.076568603515625 -0.233505249023438
-0.0220947265625 0.111366271972656 -0.0749130249023437 -0.123023986816406
-0.0314178466796875 0.148635864257813 -0.0504989624023438 -0.0648574829101562
-0.108734130859375 0.115875244140625 -0.0228061676025391 -0.0218486785888672
-0.151824951171875 0.00517272949218749 -0.0336151123046875 0.0366935729980469
-0.0969085693359375 -0.122467041015625 -0.132339477539063 0.0903472900390625
0.09405517578125 -0.1610107421875 -0.308258056640625 -0.00830078125
0.182144165039063 -0.028472900390625 -0.237136840820313 -0.230712890625
0.168380737304688 0.0761871337890625 0.1514892578125 -0.206710815429688
-0.0338859558105469 -0.0229644775390625 -0.209732055664063 0.215713500976563
-0.0261211395263672 0.00876045227050781 0.206924438476563 0.261856079101563
-0.0522384643554688 -0.00321197509765625 0.324676513671875 -0.019989013671875
-0.00848007202148438 0.0392951965332031 0.144058227539063 -0.114608764648437
0.0343437194824219 0.0184593200683594 0.0246772766113281 -0.0314121246337891
0.0279464721679688 -0.0322132110595703 0.0240325927734375 0.0527305603027344
-0.00194931030273438 -0.0322113037109375 0.0597915649414063 0.105728149414063
-0.00226974487304688 -0.0220489501953125 0.080596923828125 0.135627746582031
-0.00168991088867187 -0.0262241363525391 0.0717010498046875 0.23333740234375
0.00167274475097656 -0.0164680480957031 -0.054168701171875 0.335296630859375
0.0213203430175781 -0.00672149658203125 -0.23193359375 0.345001220703125
0.00342750549316406 0.0171928405761719 -0.437225341796875 0.15771484375
-0.0275421142578125 0.0272979736328125 -0.50885009765625 -0.191558837890625
-0.0633316040039062 0.0244674682617188 -0.367401123046875 -0.33648681640625
-0.0933990478515625 -0.0415420532226562 -0.20318603515625 -0.431884765625
0.125679016113281 0.0243453979492187 -0.226058959960937 0.19293212890625
0.120468139648438 -0.0417556762695313 0.1707763671875 0.259796142578125
0.00158691406249999 -0.149078369140625 0.315521240234375 0.0164794921875
-0.0933074951171875 -0.0669097900390625 0.164566040039063 -0.083770751953125
-0.0873260498046875 0.023345947265625 0.049346923828125 -0.0375518798828125
-0.0326118469238281 0.0649490356445313 0.0290641784667969 0.0470924377441406
0.00127410888671874 0.0618019104003906 0.0585403442382812 0.102500915527344
-0.00286865234375001 0.0506782531738281 0.0801925659179688 0.131431579589844
0.00189590454101562 0.0524978637695312 0.0730438232421875 0.235397338867188
-0.01904296875 0.0529212951660156 -0.037445068359375 0.342010498046875
-0.0389938354492188 0.0357933044433594 -0.21246337890625 0.354522705078125
-0.0669898986816406 -0.000144958496093763 -0.423370361328125 0.183990478515625
-0.0403213500976563 -0.0671310424804688 -0.5147705078125 -0.14703369140625
0.0175743103027344 -0.0580177307128906 -0.395782470703125 -0.3118896484375
0.0412330627441406 -0.0280494689941406 -0.2279052734375 -0.43695068359375
0.259674072265625 0.05950927734375 -0.208953857421875 0.190322875976563
0.239227294921875 -0.098876953125 0.125564575195313 0.257217407226563
0.0362548828125 -0.275787353515625 0.291717529296875 0.080780029296875
-0.168472290039063 -0.150985717773438 0.214004516601563 -0.02838134765625
-0.186691284179688 0.0280303955078125 0.110992431640625 -0.05615234375
-0.083526611328125 0.146240234375 0.0500717163085937 0.00286102294921876
-0.000442504882812493 0.142440795898438 0.0466156005859375 0.0644454956054688
-0.00370025634765626 0.116867065429687 0.0662384033203125 0.108627319335938
0.00820922851562501 0.127815246582031 0.065277099609375 0.222244262695312
-0.0374679565429687 0.123146057128906 -0.027099609375 0.332183837890625
-0.100059509277344 0.0815811157226562 -0.19696044921875 0.346527099609375
-0.142135620117188 -0.0153656005859375 -0.40667724609375 0.193115234375
-0.0548553466796875 -0.163177490234375 -0.501556396484375 -0.120391845703125
0.0984725952148438 -0.137626647949219 -0.394683837890625 -0.292877197265625
0.170974731445313 -0.0130462646484375 -0.21539306640625 -0.42718505859375
0.347442626953125 0.073333740234375 -0.167129516601562 0.210891723632812
0.300323486328125 -0.154296875 0.091339111328125 0.277664184570313
0.033447265625 -0.35491943359375 0.288970947265625 0.16357421875
-0.223556518554688 -0.185272216796875 0.294342041015625 0.020721435546875
-0.241912841796875 0.042083740234375 0.189605712890625 -0.095855712890625
-0.10968017578125 0.1982421875 0.0745773315429688 -0.0701675415039062
-0.002716064453125 0.194625854492187 0.0267124176025391 0.000183105468750012
-0.0058135986328125 0.167999267578125 0.0412368774414063 0.0695304870605469
0.012359619140625 0.191055297851563 0.046630859375 0.19256591796875
-0.0577545166015625 0.187164306640625 -0.027252197265625 0.30010986328125
-0.1632080078125 0.120941162109375 -0.1865234375 0.31036376953125
-0.216094970703125 -0.037841796875 -0.37896728515625 0.17401123046875
-0.0592041015625 -0.2567138671875 -0.462982177734375 -0.1068115234375
0.177230834960937 -0.201278686523438 -0.36358642578125 -0.279815673828125
0.276779174804688 0.006103515625 -0.167083740234375 -0.39898681640625
0.380950927734375 0.0706787109375 -0.103851318359375 0.251327514648438
0.301605224609375 -0.18487548828125 0.093963623046875 0.323028564453125
0.01275634765625 -0.36358642578125 0.326324462890625 0.23199462890625
-0.2359619140625 -0.171417236328125 0.3883056640625 0.032684326171875
-0.242462158203125 0.0555419921875 0.2574462890625 -0.155654907226563
-0.108367919921875 0.213104248046875 0.089141845703125 -0.156326293945313
-0.00494384765625002 0.212982177734375 0.000312805175781243 -0.0724334716796875
-0.00880432128906251 0.19488525390625 0.0104179382324219 0.0205726623535156
0.010589599609375 0.232345581054687 0.0198516845703125 0.141632080078125
-0.08428955078125 0.231491088867188 -0.035919189453125 0.236328125
-0.220413208007813 0.137222290039062 -0.169265747070312 0.24151611328125
-0.26666259765625 -0.0753936767578125 -0.329498291015625 0.13287353515625
-0.036834716796875 -0.327728271484375 -0.3992919921875 -0.0972595214843751
0.24560546875 -0.225418090820312 -0.315948486328125 -0.25994873046875
0.338104248046875 0.03314208984375 -0.094146728515625 -0.358489990234375
0.360748291015625 0.0546875 -0.02386474609375 0.302947998046875
0.260269165039063 -0.176315307617188 0.14105224609375 0.363922119140625
-0.00320434570312498 -0.31103515625 0.38726806640625 0.25244140625
-0.203628540039062 -0.132583618164063 0.4609375 0.000701904296874992
-0.20001220703125 0.0567474365234375 0.294708251953125 -0.222259521484375
-0.08978271484375 0.19195556640625 0.0881805419921875 -0.23431396484375
-0.00965881347656251 0.198043823242187 -0.0284271240234375 -0.139671325683594
-0.0118865966796875 0.19329833984375 -0.0215339660644531 -0.0326576232910156
0.00106811523437502 0.241348266601562 -0.0104827880859375 0.0740432739257813
-0.110549926757812 0.237594604492187 -0.0414581298828125 0.146728515625
-0.250503540039063 0.1142578125 -0.134841918945313 0.1533203125
-0.26641845703125 -0.122833251953125 -0.255264282226563 0.0924530029296874
0.017730712890625 -0.3448486328125 -0.333709716796875 -0.070220947265625
0.285369873046875 -0.19439697265625 -0.270431518554688 -0.23577880859375
0.342529296875 0.06329345703125 -0.00827026367187495 -0.30792236328125
0.292938232421875 0.032379150390625 0.065032958984375 0.350555419921875
0.199249267578125 -0.133804321289062 0.215362548828125 0.38134765625
-0.00155639648437502 -0.2276611328125 0.43988037109375 0.228851318359375
-0.143630981445313 -0.090484619140625 0.49407958984375 -0.055999755859375
-0.13812255859375 0.0439224243164062 0.299652099609375 -0.2750244140625
-0.06524658203125 0.146835327148437 0.074005126953125 -0.290863037109375
-0.0146942138671875 0.157470703125 -0.0567474365234375 -0.191696166992188
-0.015228271484375 0.162796020507813 -0.05084228515625 -0.0811386108398438
-0.0124664306640625 0.212051391601562 -0.0357284545898438 0.000522613525390643
-0.121612548828125 0.196945190429688 -0.0367622375488281 0.05242919921875
-0.228759765625 0.0618896484375 -0.0803146362304688 0.0775527954101562
-0.201141357421875 -0.148513793945312 -0.177093505859375 0.0800323486328124
0.074371337890625 -0.28472900390625 -0.298004150390625 -0.0261230468750001
0.268630981445313 -0.119186401367188 -0.248611450195312 -0.217697143554688
0.28314208984375 0.081024169921875 0.073516845703125 -0.254623413085938
0.1878662109375 0.0093231201171875 0.14691162109375 0.384307861328125
0.129280090332031 -0.0694580078125 0.2901611328125 0.37615966796875
0.00866699218750001 -0.137001037597656 0.471405029296875 0.182891845703125
-0.0758285522460937 -0.054595947265625 0.497772216796875 -0.1121826171875
-0.0743408203125 0.022308349609375 0.285308837890625 -0.309539794921875
-0.0408401489257812 0.0877838134765625 0.054168701171875 -0.325531005859375
-0.0205764770507813 0.096832275390625 -0.0807647705078125 -0.2244873046875
-0.0173492431640625 0.108833312988281 -0.0744247436523437 -0.117362976074219
-0.023651123046875 0.145278930664063 -0.05059814453125 -0.0610847473144531
-0.102287292480469 0.117828369140625 -0.0249080657958984 -0.0224113464355469
-0.148757934570313 0.00836181640625001 -0.0317897796630859 0.0341949462890625
-0.0986404418945313 -0.1190185546875 -0.125312805175781 0.0909500122070312
0.0877838134765625 -0.160888671875 -0.301422119140625 0.00262451171875
0.17913818359375 -0.0333709716796875 -0.241897583007813 -0.217147827148437
0.167953491210938 0.0716705322265625 0.142303466796875 -0.205413818359375
-0.0347862243652344 -0.0223159790039063 -0.207473754882812 0.216995239257812
-0.0265674591064453 0.00980377197265625 0.211639404296875 0.256393432617188
-0.0537261962890625 0.00136184692382812 0.325653076171875 -0.02777099609375
-0.0063629150390625 0.0391464233398437 0.142120361328125 -0.118515014648438
0.0355072021484375 0.017425537109375 0.0241680145263672 -0.0315132141113281
0.0271873474121094 -0.0317287445068359 0.0274124145507813 0.0506782531738281
-0.000770568847656249 -0.0308704376220703 0.0613784790039063 0.101295471191406
-0.00123023986816406 -0.0224647521972656 0.0796966552734375 0.130599975585938
-0.00155448913574219 -0.0262107849121094 0.07177734375 0.228195190429688
0.00175189971923828 -0.0157718658447266 -0.049285888671875 0.333221435546875
0.0214290618896484 -0.00793075561523438 -0.224639892578125 0.345794677734375
0.00314426422119141 0.0171165466308594 -0.435302734375 0.162200927734375
-0.0289402008056641 0.0278739929199219 -0.515472412109375 -0.1826171875
-0.0639762878417969 0.0255165100097656 -0.372894287109375 -0.332550048828125
-0.09527587890625 -0.0409164428710937 -0.20782470703125 -0.434295654296875
0.12677001953125 0.0234909057617187 -0.223663330078125 0.195877075195313
0.12078857421875 -0.0428695678710937 0.174301147460938 0.254348754882813
-0.00212097167968751 -0.147247314453125 0.31732177734375 0.00854492187499999
-0.0931396484375 -0.06561279296875 0.162994384765625 -0.0886077880859375
-0.0864486694335938 0.0228500366210938 0.048187255859375 -0.0383262634277344
-0.0306205749511719 0.0660629272460938 0.0327720642089844 0.045684814453125
0.00387954711914062 0.06256103515625 0.0596466064453125 0.0980606079101563
-0.000877380371093749 0.0494728088378906 0.0791397094726563 0.126625061035156
0.004425048828125 0.0521202087402344 0.0743255615234375 0.229400634765625
-0.017547607421875 0.0533447265625 -0.032196044921875 0.338775634765625
-0.0367240905761719 0.0348434448242188 -0.205474853515625 0.354705810546875
-0.0668296813964844 0.000694274902343737 -0.421142578125 0.189910888671875
-0.0443801879882813 -0.0652999877929688 -0.518341064453125 -0.140380859375
0.015625 -0.0569114685058594 -0.401153564453125 -0.309356689453125
0.0399055480957031 -0.02801513671875 -0.232177734375 -0.440093994140625
0.26239013671875 0.05804443359375 -0.206161499023437 0.19232177734375
0.239593505859375 -0.0998992919921875 0.128768920898438 0.251419067382813
0.0316162109375 -0.274703979492188 0.293304443359375 0.073394775390625
-0.169418334960938 -0.149154663085938 0.213104248046875 -0.0338592529296875
-0.186187744140625 0.029632568359375 0.109451293945312 -0.0590133666992188
-0.0795440673828125 0.147430419921875 0.0530128479003906 0.00161361694335938
0.00404357910156249 0.142776489257813 0.0474815368652344 0.0602607727050781
-0.001434326171875 0.116493225097656 0.0650482177734375 0.103515625
0.0121536254882812 0.126434326171875 0.0675201416015625 0.218032836914063
-0.0342788696289063 0.1236572265625 -0.021881103515625 0.329681396484375
-0.096221923828125 0.0810394287109375 -0.190460205078125 0.3470458984375
-0.141220092773438 -0.01312255859375 -0.4051513671875 0.198211669921875
-0.059112548828125 -0.161285400390625 -0.505157470703125 -0.11279296875
0.0956649780273438 -0.137863159179688 -0.399749755859375 -0.28802490234375
0.171218872070313 -0.0141143798828125 -0.221649169921875 -0.428466796875
0.350067138671875 0.072723388671875 -0.164260864257813 0.213333129882812
0.30010986328125 -0.15606689453125 0.0936737060546875 0.27264404296875
0.02685546875 -0.353973388671875 0.290863037109375 0.156494140625
-0.225112915039062 -0.182601928710938 0.295684814453125 0.01409912109375
-0.240875244140625 0.043853759765625 0.18780517578125 -0.100128173828125
-0.104629516601563 0.199462890625 0.07568359375 -0.0724411010742187
0.00245666503906249 0.194717407226563 0.0259876251220703 -0.00227165222167968
-0.00279235839843751 0.167312622070312 0.0403976440429688 0.0657806396484375
0.016571044921875 0.189422607421875 0.0492401123046875 0.189315795898437
-0.052581787109375 0.187973022460937 -0.023040771484375 0.297821044921875
-0.158309936523438 0.122817993164062 -0.18017578125 0.3106689453125
-0.215164184570313 -0.034423828125 -0.377685546875 0.17889404296875
-0.0653533935546875 -0.255569458007813 -0.466888427734375 -0.102203369140625
0.173446655273438 -0.201904296875 -0.369171142578125 -0.273651123046875
0.27740478515625 0.0057220458984375 -0.174468994140625 -0.40179443359375
0.3836669921875 0.069488525390625 -0.100616455078125 0.2548828125
0.300262451171875 -0.186370849609375 0.09521484375 0.31805419921875
0.00585937499999998 -0.363037109375 0.328643798828125 0.22613525390625
-0.237060546875 -0.168258666992188 0.389007568359375 0.024658203125
-0.240081787109375 0.0566864013671875 0.254608154296875 -0.1614990234375
-0.1036376953125 0.213485717773438 0.0899505615234375 -0.158920288085938
-0.000747680664062482 0.212982177734375 -0.00080108642578125 -0.0740127563476562
-0.00541687011718749 0.19378662109375 0.0100631713867188 0.0172595977783203
0.016571044921875 0.229843139648438 0.0221633911132812 0.140556335449219
-0.0782470703125 0.233001708984375 -0.031829833984375 0.2349853515625
-0.2158203125 0.140625 -0.165115356445313 0.24212646484375
-0.267654418945313 -0.0720977783203125 -0.329010009765625 0.13665771484375
-0.043182373046875 -0.327911376953125 -0.401611328125 -0.092071533203125
0.243438720703125 -0.227737426757813 -0.32073974609375 -0.254608154296875
0.341094970703125 0.032135009765625 -0.100311279296875 -0.359832763671875
0.363525390625 0.054901123046875 -0.019073486328125 0.30560302734375
0.259628295898437 -0.177963256835937 0.1434326171875 0.359832763671875
-0.00878906249999999 -0.310333251953125 0.390045166015625 0.2462158203125
-0.203628540039062 -0.130096435546875 0.4622802734375 -0.00900268554687501
-0.197494506835938 0.0573272705078125 0.291015625 -0.227142333984375
-0.0848388671875 0.192489624023438 0.0869903564453125 -0.236587524414062
-0.00433349609374999 0.198150634765625 -0.0298995971679688 -0.139564514160156
-0.0089874267578125 0.192672729492187 -0.0207862854003906 -0.0331954956054687
0.007110595703125 0.238876342773438 -0.00872802734374999 0.0738449096679688
-0.104385375976562 0.239852905273438 -0.040069580078125 0.14581298828125
-0.247482299804687 0.117813110351562 -0.132659912109375 0.153030395507812
-0.268722534179688 -0.120758056640625 -0.255233764648438 0.0938873291015625
0.011566162109375 -0.3460693359375 -0.334503173828125 -0.0651855468750001
0.284271240234375 -0.198455810546875 -0.27606201171875 -0.230514526367187
0.34637451171875 0.0618896484375 -0.01397705078125 -0.3095703125
0.29437255859375 0.031951904296875 0.069915771484375 0.353363037109375
0.197586059570313 -0.134536743164063 0.217803955078125 0.377227783203125
-0.00666809082031248 -0.22698974609375 0.442901611328125 0.22222900390625
-0.142288208007813 -0.0881195068359375 0.494140625 -0.064361572265625
-0.136024475097656 0.0436782836914063 0.29443359375 -0.280792236328125
-0.061004638671875 0.147064208984375 0.071807861328125 -0.29229736328125
-0.011138916015625 0.158065795898438 -0.0582275390625 -0.190322875976562
-0.012664794921875 0.162750244140625 -0.0501174926757813 -0.080230712890625
-0.00735473632812501 0.21026611328125 -0.0349159240722656 0.000648498535156265
-0.116744995117188 0.199539184570313 -0.0373573303222656 0.0511665344238282
-0.227554321289062 0.0650634765625 -0.0802764892578125 0.0757522583007813
-0.203826904296875 -0.1475830078125 -0.176422119140625 0.0808258056640625
0.069854736328125 -0.287567138671875 -0.297882080078125 -0.0210876464843751
0.2686767578125 -0.12200927734375 -0.2547607421875 -0.212234497070313
0.286590576171875 0.079925537109375 0.0688018798828125 -0.256759643554688
0.187362670898438 0.00927734375 0.151397705078125 0.386322021484375
0.129264831542969 -0.0707550048828125 0.291961669921875 0.369659423828125
0.00511932373046874 -0.135955810546875 0.474365234375 0.175537109375
-0.0748214721679688 -0.0542221069335938 0.495880126953125 -0.121063232421875
-0.0732421875 0.0212860107421875 0.280487060546875 -0.314697265625
-0.0390396118164063 0.0876617431640625 0.050811767578125 -0.325103759765625
-0.0190963745117187 0.09881591796875 -0.0821685791015625 -0.221572875976562
-0.016326904296875 0.108718872070312 -0.0738983154296875 -0.115036010742187
-0.0193939208984375 0.145095825195313 -0.0509796142578125 -0.0605278015136719
-0.0989990234375 0.121284484863281 -0.0267772674560547 -0.0237560272216797
-0.1485595703125 0.00982666015625 -0.0309467315673828 0.0314712524414063
-0.101142883300781 -0.11962890625 -0.123329162597656 0.0907669067382812
0.084930419921875 -0.163299560546875 -0.302001953125 0.00897216796874994
0.18060302734375 -0.0346527099609375 -0.247314453125 -0.213348388671875
0.170394897460938 0.071807861328125 0.138153076171875 -0.207382202148438
-0.0370368957519531 -0.0217247009277344 -0.209182739257813 0.225540161132813
-0.0270423889160156 0.0107402801513672 0.2225341796875 0.2542724609375
-0.0553436279296875 0.00575637817382813 0.333984375 -0.038726806640625
-0.004180908203125 0.0396080017089844 0.140899658203125 -0.125595092773438
0.0370864868164063 0.0147743225097656 0.0247440338134766 -0.0320949554443359
0.0272922515869141 -0.0326519012451172 0.0310935974121094 0.0490226745605469
0.000122070312500002 -0.0309066772460937 0.0646896362304688 0.0991439819335938
-0.000473022460937498 -0.0233421325683594 0.0808334350585938 0.12823486328125
-0.00158119201660156 -0.0266075134277344 0.074310302734375 0.22796630859375
0.00170803070068359 -0.0144376754760742 -0.043701171875 0.337890625
0.0216026306152344 -0.00904083251953125 -0.22100830078125 0.354583740234375
0.00309181213378906 0.0183544158935547 -0.443084716796875 0.17681884765625
-0.0324535369873047 0.0305252075195312 -0.533721923828125 -0.17523193359375
-0.0649375915527344 0.0277862548828125 -0.388427734375 -0.332733154296875
-0.0994949340820313 -0.040557861328125 -0.22149658203125 -0.44488525390625
0.131797790527344 0.0229949951171875 -0.226272583007813 0.20361328125
0.124282836914063 -0.0447158813476563 0.183807373046875 0.252822875976563
-0.00552368164062501 -0.148208618164063 0.325653076171875 -0.00170898437500001
-0.0964584350585938 -0.0659866333007812 0.163726806640625 -0.09619140625
-0.0881805419921875 0.0236663818359375 0.0484466552734375 -0.0415420532226563
-0.0289840698242187 0.0683021545410156 0.0364761352539063 0.0434951782226563
0.0080108642578125 0.0636978149414063 0.0620880126953125 0.0961074829101563
0.0008392333984375 0.0501289367675781 0.0803985595703125 0.124107360839844
0.00707244873046875 0.0522804260253906 0.07763671875 0.229354858398438
-0.0158424377441406 0.0550193786621094 -0.026153564453125 0.344085693359375
-0.0357513427734375 0.0350494384765625 -0.20050048828125 0.36444091796875
-0.0679702758789063 0.00232315063476563 -0.429840087890625 0.20343017578125
-0.0490226745605469 -0.0648155212402344 -0.53619384765625 -0.131561279296875
0.014312744140625 -0.0565147399902344 -0.417022705078125 -0.30743408203125
0.0399551391601563 -0.0288581848144531 -0.247650146484375 -0.450103759765625
0.272918701171875 0.056640625 -0.208023071289062 0.201507568359375
0.2452392578125 -0.105392456054687 0.135101318359375 0.251861572265625
0.025360107421875 -0.280868530273438 0.30230712890625 0.0648193359375
-0.175796508789062 -0.150634765625 0.21710205078125 -0.04107666015625
-0.1905517578125 0.032440185546875 0.111343383789062 -0.0629730224609375
-0.076812744140625 0.15289306640625 0.0567626953125 -0.00162887573242187
0.01007080078125 0.145538330078125 0.0491828918457031 0.0577888488769531
0.00168609619140626 0.11846923828125 0.0654525756835938 0.101875305175781
0.0159759521484375 0.127395629882813 0.0713043212890625 0.219467163085938
-0.0302810668945312 0.12652587890625 -0.016143798828125 0.334686279296875
-0.094757080078125 0.0841522216796875 -0.18560791015625 0.35662841796875
-0.143569946289063 -0.0103302001953125 -0.413055419921875 0.21221923828125
-0.0670318603515625 -0.162384033203125 -0.521697998046875 -0.1046142578125
0.094482421875 -0.141265869140625 -0.41668701171875 -0.288909912109375
0.175430297851563 -0.015045166015625 -0.23712158203125 -0.44000244140625
0.363677978515625 0.071319580078125 -0.163528442382813 0.222991943359375
0.307098388671875 -0.163665771484375 0.0992584228515625 0.27447509765625
0.01953125 -0.36212158203125 0.301422119140625 0.15142822265625
-0.2337646484375 -0.18267822265625 0.302154541015625 0.00726318359374999
-0.245468139648437 0.0477142333984375 0.189743041992187 -0.108062744140625
-0.100341796875 0.20489501953125 0.0787582397460938 -0.0771560668945312
0.00949096679687498 0.198684692382813 0.0259933471679688 -0.00508499145507811
0.00135803222656249 0.169967651367188 0.0402488708496094 0.0642738342285156
0.02337646484375 0.191024780273437 0.0531005859375 0.191513061523438
-0.04815673828125 0.19305419921875 -0.016754150390625 0.30242919921875
-0.157318115234375 0.12774658203125 -0.177703857421875 0.3199462890625
-0.220382690429687 -0.0300445556640625 -0.385528564453125 0.1904296875
-0.0747528076171875 -0.258148193359375 -0.48248291015625 -0.095184326171875
0.174819946289063 -0.209121704101563 -0.385009765625 -0.272552490234375
0.28631591796875 0.00335693359375 -0.187957763671875 -0.41094970703125
0.397705078125 0.067230224609375 -0.0972747802734375 0.264862060546875
0.3062744140625 -0.1951904296875 0.10125732421875 0.3211669921875
-0.00231933593749998 -0.37042236328125 0.3414306640625 0.222900390625
-0.24554443359375 -0.16864013671875 0.400848388671875 0.015380859375
-0.244155883789062 0.0607452392578125 0.257278442382813 -0.172439575195313
-0.099090576171875 0.219192504882813 0.0910797119140625 -0.166183471679688
0.00653076171875001 0.217041015625 -0.00193786621093751 -0.0761337280273437
-0.00108337402343751 0.198150634765625 0.00968647003173828 0.0166606903076172
0.0233612060546875 0.232711791992187 0.0252838134765625 0.142868041992188
-0.0717620849609375 0.24017333984375 -0.0275726318359375 0.238815307617188
-0.2158203125 0.147354125976562 -0.164505004882813 0.2489013671875
-0.2755126953125 -0.06805419921875 -0.336334228515625 0.145721435546875
-0.053497314453125 -0.334259033203125 -0.415252685546875 -0.0867004394531249
0.245925903320313 -0.236541748046875 -0.335784912109375 -0.253570556640625
0.353363037109375 0.029205322265625 -0.11187744140625 -0.36920166015625
0.375762939453125 0.05279541015625 -0.0126953125 0.316314697265625
0.263641357421875 -0.184890747070313 0.150238037109375 0.364105224609375
-0.01629638671875 -0.315032958984375 0.404693603515625 0.243072509765625
-0.208847045898438 -0.128631591796875 0.472564697265625 -0.020599365234375
-0.200439453125 0.059844970703125 0.291900634765625 -0.23980712890625
-0.0806121826171875 0.196945190429688 0.086578369140625 -0.244369506835938
0.00186157226562498 0.202362060546875 -0.0337982177734375 -0.142364501953125
-0.00463867187499999 0.19659423828125 -0.0218009948730469 -0.0339508056640625
0.0140380859375 0.24310302734375 -0.00725555419921875 0.0753097534179688
-0.0986480712890625 0.24847412109375 -0.0394744873046875 0.149124145507813
-0.249435424804688 0.126144409179688 -0.134033203125 0.157669067382812
-0.277984619140625 -0.118072509765625 -0.26092529296875 0.100311279296875
0.00360107421874999 -0.355682373046875 -0.345703125 -0.059844970703125
0.289031982421875 -0.20672607421875 -0.288970947265625 -0.228790283203125
0.359954833984375 0.060394287109375 -0.022247314453125 -0.318115234375
0.303955078125 0.03106689453125 0.079833984375 0.364532470703125
0.202011108398438 -0.139801025390625 0.227691650390625 0.38031005859375
-0.011962890625 -0.229110717773437 0.4591064453125 0.218048095703125
-0.145828247070312 -0.088470458984375 0.50445556640625 -0.079345703125
-0.137748718261719 0.044342041015625 0.294830322265625 -0.294342041015625
-0.05780029296875 0.149795532226563 0.069580078125 -0.30084228515625
-0.00656127929687501 0.16229248046875 -0.062896728515625 -0.19134521484375
-0.009246826171875 0.166427612304688 -0.0510711669921875 -0.0809249877929687
-0.000228881835937501 0.214065551757812 -0.0349636077880859 0.00179672241210939
-0.112274169921875 0.207794189453125 -0.0385322570800781 0.0519866943359375
-0.231430053710937 0.070526123046875 -0.0815887451171875 0.0766067504882813
-0.212875366210937 -0.147140502929688 -0.1787109375 0.084747314453125
0.06488037109375 -0.296844482421875 -0.306884765625 -0.0137634277343751
0.27587890625 -0.128860473632813 -0.267868041992187 -0.209457397460938
0.298126220703125 0.0792236328125 0.0641021728515625 -0.264251708984375
0.193344116210938 0.0096893310546875 0.16455078125 0.39727783203125
0.132301330566406 -0.0738983154296875 0.30462646484375 0.3719482421875
0.00167846679687501 -0.137199401855469 0.491973876953125 0.169830322265625
-0.0760498046875 -0.0538177490234375 0.50506591796875 -0.135711669921875
-0.0733795166015625 0.0208740234375 0.2794189453125 -0.32855224609375
-0.037109375 0.0892333984375 0.047760009765625 -0.333648681640625
-0.0153961181640625 0.101890563964844 -0.0875396728515625 -0.222412109375
-0.0136795043945313 0.111549377441406 -0.0751419067382812 -0.115219116210938
-0.0149078369140625 0.147293090820313 -0.0522346496582031 -0.0599403381347656
-0.0968475341796875 0.127449035644531 -0.0290775299072266 -0.0247631072998047
-0.152481079101563 0.0115966796875 -0.0318622589111328 0.0306663513183594
-0.10601806640625 -0.121749877929688 -0.123565673828125 0.0939559936523437
0.0843658447265625 -0.168853759765625 -0.3095703125 0.018402099609375
0.186355590820312 -0.0379791259765625 -0.261764526367188 -0.210540771484375
0.177627563476563 0.072265625 0.136093139648438 -0.215530395507813
-0.0395622253417969 -0.0216140747070312 -0.207275390625 0.240890502929688
-0.0276908874511719 0.0130863189697266 0.242080688476563 0.250259399414063
-0.0568122863769531 0.0118064880371094 0.34490966796875 -0.058502197265625
-0.00200271606445312 0.0409393310546875 0.140144348144531 -0.137748718261719
0.0387191772460938 0.0122909545898438 0.0244102478027344 -0.0344219207763672
0.0275840759277344 -0.0352592468261719 0.0353126525878906 0.0456466674804688
0.000331878662109372 -0.0316257476806641 0.0698089599609375 0.0961532592773438
-0.000921249389648436 -0.0255298614501953 0.0846710205078125 0.12615966796875
-0.00191497802734375 -0.0274887084960938 0.0822296142578125 0.229629516601563
0.00232601165771484 -0.0141992568969727 -0.03125 0.347686767578125
0.0216903686523438 -0.0112361907958984 -0.212127685546875 0.372528076171875
0.00450515747070312 0.0198497772216797 -0.451263427734375 0.202484130859375
-0.0343132019042969 0.0349826812744141 -0.561614990234375 -0.15728759765625
-0.0655860900878906 0.0323104858398438 -0.4146728515625 -0.328277587890625
-0.10504150390625 -0.0379257202148438 -0.249267578125 -0.455291748046875
0.139015197753906 0.018646240234375 -0.22509765625 0.220443725585938
0.128227233886719 -0.0506973266601563 0.2000732421875 0.250900268554688
-0.01220703125 -0.150970458984375 0.337127685546875 -0.020233154296875
-0.102210998535156 -0.0656509399414062 0.164321899414063 -0.108108520507812
-0.09112548828125 0.026092529296875 0.0484695434570312 -0.0445022583007813
-0.0260696411132813 0.0718612670898438 0.0413246154785156 0.0414047241210938
0.0124626159667969 0.0654144287109375 0.0671310424804688 0.0932159423828125
0.00407791137695313 0.0506248474121094 0.0837554931640625 0.122520446777344
0.0101699829101562 0.0524368286132813 0.085418701171875 0.232421875
-0.0125961303710938 0.0580863952636719 -0.012420654296875 0.3526611328125
-0.0347137451171875 0.0365753173828125 -0.19085693359375 0.38177490234375
-0.0685806274414063 0.00673294067382811 -0.43695068359375 0.230560302734375
-0.0555648803710938 -0.0619277954101562 -0.56304931640625 -0.113037109375
0.0128250122070312 -0.0581817626953125 -0.445343017578125 -0.3011474609375
0.0402145385742188 -0.0303573608398437 -0.278167724609375 -0.460052490234375
0.288330078125 0.048095703125 -0.206146240234375 0.21697998046875
0.252822875976563 -0.117782592773437 0.148681640625 0.250747680664063
0.014862060546875 -0.2901611328125 0.31475830078125 0.049468994140625
-0.189208984375 -0.147705078125 0.221481323242187 -0.0536956787109375
-0.196701049804688 0.039398193359375 0.111701965332031 -0.071197509765625
-0.0715484619140625 0.1602783203125 0.0613288879394531 -0.00570678710937499
0.0188446044921875 0.148605346679688 0.052032470703125 0.0552787780761719
0.00759887695312499 0.120460510253906 0.0683135986328125 0.100631713867188
0.0240249633789062 0.12890625 0.0799560546875 0.221908569335938
-0.0235214233398437 0.131782531738281 -0.000915527343749982 0.34381103515625
-0.091949462890625 0.0894317626953125 -0.174896240234375 0.374053955078125
-0.1466064453125 -0.00354003906250002 -0.4200439453125 0.237579345703125
-0.07818603515625 -0.16156005859375 -0.5462646484375 -0.084716796875
0.092010498046875 -0.147567749023438 -0.44317626953125 -0.2803955078125
0.18133544921875 -0.0210113525390625 -0.264373779296875 -0.45001220703125
0.383697509765625 0.06060791015625 -0.158920288085938 0.23834228515625
0.3138427734375 -0.18084716796875 0.111190795898438 0.27679443359375
0.00515747070312503 -0.374053955078125 0.317657470703125 0.13970947265625
-0.249282836914063 -0.180679321289062 0.3128662109375 -0.00796508789062501
-0.253677368164063 0.058563232421875 0.191543579101562 -0.121261596679687
-0.0936737060546875 0.215835571289063 0.0814437866210938 -0.0860061645507812
0.020782470703125 0.20318603515625 0.0261344909667969 -0.00729942321777342
0.00900268554687501 0.174545288085938 0.0418281555175781 0.0634880065917969
0.034393310546875 0.193572998046875 0.0615234375 0.194717407226563
-0.03839111328125 0.200347900390625 -0.00411987304687499 0.3115234375
-0.15472412109375 0.136611938476563 -0.16961669921875 0.33685302734375
-0.227279663085938 -0.0216217041015625 -0.393402099609375 0.214447021484375
-0.090972900390625 -0.261367797851563 -0.505950927734375 -0.0762023925781251
0.172683715820313 -0.221023559570313 -0.410308837890625 -0.266998291015625
0.298126220703125 -0.006256103515625 -0.21380615234375 -0.42041015625
0.418121337890625 0.056549072265625 -0.0868988037109375 0.27960205078125
0.312164306640625 -0.211761474609375 0.11529541015625 0.3267822265625
-0.0184326171875 -0.379638671875 0.362060546875 0.2137451171875
-0.259536743164063 -0.163970947265625 0.413909912109375 -0.00244140625000001
-0.250579833984375 0.071136474609375 0.25811767578125 -0.190185546875
-0.0903167724609375 0.22943115234375 0.0896148681640625 -0.177078247070312
0.018402099609375 0.223068237304688 -0.00599670410156251 -0.0796127319335937
0.00750732421874999 0.203353881835937 0.0101194381713867 0.0164728164672852
0.0359954833984375 0.23614501953125 0.03173828125 0.145721435546875
-0.060394287109375 0.250534057617187 -0.0183563232421875 0.246856689453125
-0.214828491210937 0.160598754882813 -0.159942626953125 0.262725830078125
-0.287353515625 -0.058349609375 -0.3438720703125 0.164276123046875
-0.07196044921875 -0.341583251953125 -0.434783935546875 -0.0707092285156251
0.246231079101563 -0.253341674804688 -0.35894775390625 -0.246307373046875
0.3701171875 0.0185546875 -0.1326904296875 -0.379974365234375
0.39410400390625 0.041778564453125 0.00244140625 0.331329345703125
0.26824951171875 -0.199813842773438 0.167724609375 0.369384765625
-0.02996826171875 -0.32232666015625 0.428955078125 0.23388671875
-0.220413208007813 -0.124069213867187 0.48883056640625 -0.04217529296875
-0.204635620117187 0.068115234375 0.290283203125 -0.261810302734375
-0.072967529296875 0.204742431640625 0.0814666748046875 -0.258560180664063
0.0118560791015625 0.208663940429687 -0.0395355224609375 -0.144699096679687
0.00347900390625 0.20269775390625 -0.0240116119384766 -0.0337848663330078
0.0276336669921875 0.246810913085938 -0.00371551513671874 0.0789642333984375
-0.0879669189453125 0.2603759765625 -0.0341644287109375 0.154800415039063
-0.25164794921875 0.139572143554688 -0.13214111328125 0.165878295898438
-0.2928466796875 -0.111175537109375 -0.267501831054687 0.114120483398438
-0.01373291015625 -0.3681640625 -0.360443115234375 -0.0453796386718751
0.29296875 -0.2254638671875 -0.31085205078125 -0.221893310546875
0.378204345703125 0.04974365234375 -0.038543701171875 -0.329559326171875
0.317962646484375 0.02264404296875 0.100555419921875 0.377685546875
0.205184936523438 -0.1505126953125 0.248291015625 0.38507080078125
-0.022430419921875 -0.233230590820313 0.483856201171875 0.20587158203125
-0.152313232421875 -0.0847015380859375 0.516937255859375 -0.105438232421875
-0.139610290527344 0.0497055053710937 0.291290283203125 -0.317718505859375
-0.0517425537109375 0.155227661132813 0.06146240234375 -0.315093994140625
0.00224304199218752 0.16754150390625 -0.0709381103515625 -0.1937255859375
-0.00196838378906248 0.17193603515625 -0.0541763305664062 -0.0796737670898437
0.0107421875 0.218536376953125 -0.0352516174316406 0.00402832031250001
-0.104248046875 0.220306396484375 -0.0386505126953125 0.055206298828125
-0.235549926757812 0.082427978515625 -0.0823974609375 0.0804061889648438
-0.226730346679688 -0.144760131835937 -0.1822509765625 0.0939788818359375
0.05426025390625 -0.309478759765625 -0.31890869140625 0.00180053710937492
0.28240966796875 -0.144775390625 -0.28839111328125 -0.201995849609375
0.315460205078125 0.0728759765625 0.053558349609375 -0.27642822265625
0.201797485351563 0.0041656494140625 0.188201904296875 0.409027099609375
0.135551452636719 -0.0801467895507813 0.3280029296875 0.373870849609375
-0.00315856933593751 -0.139366149902344 0.516082763671875 0.153076171875
-0.0795135498046875 -0.0527877807617188 0.515716552734375 -0.163909912109375
-0.0748138427734375 0.0222015380859375 0.273101806640625 -0.350677490234375
-0.0329818725585938 0.0931930541992188 0.036651611328125 -0.346221923828125
-0.010162353515625 0.107101440429687 -0.0978240966796875 -0.223388671875
-0.00870513916015626 0.116004943847656 -0.078948974609375 -0.114463806152344
-0.00769042968749999 0.15234375 -0.0556068420410156 -0.0587120056152344
-0.0921096801757813 0.136695861816406 -0.0321025848388672 -0.0245075225830078
-0.157943725585937 0.0177154541015625 -0.0319061279296875 0.0306720733642578
-0.114303588867187 -0.122283935546875 -0.123970031738281 0.102378845214844
0.0803375244140625 -0.178390502929687 -0.32080078125 0.0354309082031249
0.193740844726563 -0.046051025390625 -0.28277587890625 -0.203155517578125
0.189117431640625 0.069854736328125 0.131195068359375 -0.227676391601562
-0.0428695678710938 -0.0207023620605469 -0.196395874023437 0.258590698242188
-0.0273075103759766 0.0158977508544922 0.264236450195313 0.236709594726563
-0.0562362670898438 0.0188407897949219 0.348876953125 -0.0882568359375
0.000389099121093752 0.0417442321777344 0.132766723632813 -0.151763916015625
0.0390548706054688 0.00889205932617188 0.02337646484375 -0.0370979309082031
0.0255584716796875 -0.0372314453125 0.0396194458007813 0.0416069030761719
-0.000360488891601566 -0.0323600769042969 0.0758132934570313 0.09136962890625
-0.00244712829589844 -0.0267467498779297 0.0904769897460938 0.121452331542969
-0.00311660766601563 -0.0290508270263672 0.0937347412109375 0.226959228515625
0.00236320495605469 -0.0139789581298828 -0.00997924804687498 0.353668212890625
0.0207672119140625 -0.0128498077392578 -0.191925048828125 0.391815185546875
0.0057220458984375 0.0210914611816406 -0.449249267578125 0.2381591796875
-0.0336799621582031 0.0403671264648438 -0.58502197265625 -0.12127685546875
-0.0638084411621094 0.0370750427246094 -0.446441650390625 -0.308074951171875
-0.110267639160156 -0.0319671630859375 -0.284912109375 -0.45257568359375
0.144744873046875 0.009368896484375 -0.215240478515625 0.23846435546875
0.129920959472656 -0.0588912963867187 0.220855712890625 0.239990234375
-0.021728515625 -0.151443481445312 0.3433837890625 -0.049560546875
-0.109588623046875 -0.0602569580078125 0.159652709960937 -0.124237060546875
-0.0933456420898438 0.03216552734375 0.0471267700195312 -0.0497016906738281
-0.0208282470703125 0.0748367309570313 0.0463066101074219 0.0355491638183594
0.0185928344726562 0.0649795532226563 0.0732879638671875 0.0883941650390625
0.0076141357421875 0.0503044128417969 0.0895004272460938 0.118095397949219
0.0143547058105469 0.0507545471191406 0.0988616943359375 0.229888916015625
-0.00703430175781251 0.0597114562988281 0.009735107421875 0.357879638671875
-0.0323028564453125 0.03851318359375 -0.16949462890625 0.40045166015625
-0.0676383972167969 0.0121612548828125 -0.43157958984375 0.2664794921875
-0.0620193481445313 -0.0554962158203125 -0.58367919921875 -0.0770874023437501
0.0105628967285156 -0.0585365295410156 -0.475433349609375 -0.278564453125
0.0395545959472656 -0.0323600769042969 -0.315216064453125 -0.45672607421875
0.30023193359375 0.03106689453125 -0.194931030273437 0.234970092773438
0.254180908203125 -0.135726928710938 0.16705322265625 0.244140625
-0.00283813476562498 -0.296417236328125 0.32513427734375 0.024566650390625
-0.203231811523438 -0.14068603515625 0.222061157226563 -0.0717926025390625
-0.200637817382813 0.0529632568359375 0.108978271484375 -0.0811386108398438
-0.0610809326171875 0.168365478515625 0.0641212463378906 -0.0138626098632812
0.0312042236328125 0.149642944335938 0.0559539794921875 0.0509757995605469
0.0153427124023438 0.121910095214844 0.0726547241210938 0.096923828125
0.0337448120117187 0.12701416015625 0.093292236328125 0.220184326171875
-0.0130538940429688 0.134521484375 0.02081298828125 0.348785400390625
-0.0870819091796875 0.0951919555664062 -0.15533447265625 0.392303466796875
-0.148025512695313 0.00639343261718752 -0.41510009765625 0.272125244140625
-0.0914764404296875 -0.155303955078125 -0.56585693359375 -0.0482788085937499
0.0862274169921875 -0.155120849609375 -0.473236083984375 -0.257476806640625
0.185073852539063 -0.0316009521484375 -0.30194091796875 -0.44580078125
0.39874267578125 0.038177490234375 -0.143707275390625 0.254623413085938
0.313262939453125 -0.203765869140625 0.129196166992188 0.273971557617187
-0.0194091796875 -0.381439208984375 0.332733154296875 0.1182861328125
-0.266708374023438 -0.167694091796875 0.31842041015625 -0.030181884765625
-0.25701904296875 0.074859619140625 0.187530517578125 -0.137466430664063
-0.079315185546875 0.224945068359375 0.0795211791992188 -0.0971603393554687
0.0365142822265625 0.205322265625 0.0259418487548828 -0.010986328125
0.020263671875 0.176849365234375 0.0448036193847656 0.0615577697753906
0.04852294921875 0.192123413085938 0.0753936767578125 0.194534301757813
-0.0223236083984375 0.205276489257813 0.016876220703125 0.316131591796875
-0.146774291992187 0.148880004882813 -0.15155029296875 0.3538818359375
-0.231948852539063 -0.00674438476562495 -0.3902587890625 0.24627685546875
-0.110870361328125 -0.256393432617188 -0.523345947265625 -0.0445556640624999
0.163803100585938 -0.2353515625 -0.43865966796875 -0.24346923828125
0.30682373046875 -0.022918701171875 -0.249237060546875 -0.4185791015625
0.43475341796875 0.03192138671875 -0.0673828125 0.2926025390625
0.309173583984375 -0.234649658203125 0.136322021484375 0.32611083984375
-0.043426513671875 -0.385162353515625 0.383087158203125 0.191375732421875
-0.275390625 -0.150314331054687 0.4229736328125 -0.0313720703125
-0.252975463867188 0.0875701904296875 0.250442504882813 -0.212188720703125
-0.0756988525390625 0.23809814453125 0.0822906494140625 -0.190261840820313
0.034942626953125 0.225250244140625 -0.0108489990234375 -0.081268310546875
0.02081298828125 0.206192016601563 0.0108880996704102 0.0159139633178711
0.054046630859375 0.236175537109375 0.0428466796875 0.147720336914063
-0.04193115234375 0.258255004882813 -0.00239562988281249 0.252410888671875
-0.2071533203125 0.177719116210937 -0.14642333984375 0.277328491210938
-0.29620361328125 -0.041015625 -0.343048095703125 0.192718505859375
-0.09686279296875 -0.34136962890625 -0.450225830078125 -0.0426940917968749
0.237319946289063 -0.273330688476563 -0.383270263671875 -0.226806640625
0.38299560546875 -0.0023193359375 -0.16363525390625 -0.381744384765625
0.408447265625 0.018798828125 0.028289794921875 0.340789794921875
0.26373291015625 -0.220001220703125 0.19366455078125 0.3680419921875
-0.050445556640625 -0.324310302734375 0.453582763671875 0.2078857421875
-0.231918334960938 -0.112945556640625 0.495880126953125 -0.077850341796875
-0.204788208007813 0.0810546875 0.278564453125 -0.287689208984375
-0.059173583984375 0.211822509765625 0.0672149658203125 -0.271331787109375
0.028106689453125 0.211013793945312 -0.0485687255859375 -0.144866943359375
0.016815185546875 0.205764770507812 -0.0246238708496094 -0.0330085754394531
0.0453948974609375 0.248184204101563 0.00324249267578125 0.0816726684570313
-0.0689849853515625 0.271636962890625 -0.0247650146484375 0.15899658203125
-0.247100830078125 0.159255981445313 -0.125396728515625 0.176589965820313
-0.306549072265625 -0.0953674316406251 -0.2677001953125 0.135025024414062
-0.039031982421875 -0.373382568359375 -0.37188720703125 -0.020263671875
0.28851318359375 -0.248931884765625 -0.333282470703125 -0.20208740234375
0.39483642578125 0.02886962890625 -0.063568115234375 -0.334625244140625
0.329010009765625 0.00482177734375 0.130859375 0.38238525390625
0.2027587890625 -0.165847778320313 0.276031494140625 0.380523681640625
-0.0367279052734375 -0.234100341796875 0.508819580078125 0.17730712890625
-0.15960693359375 -0.076934814453125 0.5220947265625 -0.143096923828125
-0.140052795410156 0.056884765625 0.275299072265625 -0.343658447265625
-0.0412750244140625 0.160018920898438 0.04364013671875 -0.32684326171875
0.014892578125 0.171127319335937 -0.0833282470703125 -0.191864013671875
0.00892639160156251 0.17462158203125 -0.0575408935546875 -0.0779266357421875
0.026275634765625 0.220123291015625 -0.0341053009033203 0.00759887695312502
-0.0885162353515625 0.232345581054688 -0.0361175537109375 0.0580406188964844
-0.235885620117187 0.09942626953125 -0.079742431640625 0.0852279663085938
-0.241989135742188 -0.135025024414062 -0.1806640625 0.107955932617188
0.03515625 -0.319549560546875 -0.32513427734375 0.0269775390624999
0.28302001953125 -0.166015625 -0.3101806640625 -0.182830810546875
0.33233642578125 0.056243896484375 0.03497314453125 -0.285888671875
0.20831298828125 -0.006591796875 0.223175048828125 0.40911865234375
0.135780334472656 -0.0901336669921875 0.356292724609375 0.36322021484375
-0.0109710693359375 -0.14031982421875 0.5384521484375 0.12322998046875
-0.0831146240234375 -0.0489730834960938 0.514739990234375 -0.20147705078125
-0.0756378173828125 0.0252609252929688 0.25537109375 -0.3765869140625
-0.027099609375 0.0959548950195313 0.01580810546875 -0.356597900390625
-0.0016937255859375 0.111183166503906 -0.110626220703125 -0.219161987304688
-0.00174713134765625 0.118736267089844 -0.0834579467773437 -0.1107177734375
0.00267028808593749 0.154281616210937 -0.0586013793945313 -0.0556907653808594
-0.0828704833984375 0.14599609375 -0.0354537963867188 -0.0230598449707031
-0.160797119140625 0.0283050537109375 -0.0316410064697266 0.0308418273925781
-0.124771118164063 -0.119049072265625 -0.119659423828125 0.112884521484375
0.0715789794921875 -0.18682861328125 -0.32501220703125 0.0618896484374999
0.199020385742188 -0.0587310791015625 -0.304443359375 -0.18426513671875
0.200485229492188 0.0611419677734375 0.117935180664062 -0.2406005859375
-0.0461883544921875 -0.0172233581542969 -0.177047729492187 0.269790649414063
-0.0260543823242187 0.0178623199462891 0.278045654296875 0.214874267578125
-0.0531806945800781 0.0251731872558594 0.340240478515625 -0.117095947265625
0.00332260131835938 0.0422515869140625 0.119552612304688 -0.161880493164063
0.0380477905273438 0.00658416748046875 0.0213088989257813 -0.0389976501464844
0.0224990844726563 -0.0381965637207031 0.0414047241210938 0.0358428955078125
-0.00204277038574219 -0.0319557189941406 0.079681396484375 0.0829620361328125
-0.00422859191894531 -0.0270328521728516 0.0935821533203125 0.11370849609375
-0.00506782531738281 -0.0291481018066406 0.103973388671875 0.218032836914063
0.00327587127685547 -0.0139398574829102 0.0123291015625 0.349334716796875
0.0194931030273438 -0.0148162841796875 -0.164886474609375 0.40008544921875
0.0081787109375 0.0213222503662109 -0.4295654296875 0.2703857421875
-0.0317649841308594 0.0453262329101562 -0.59149169921875 -0.07855224609375
-0.0598907470703125 0.0404205322265625 -0.463531494140625 -0.276702880859375
-0.112159729003906 -0.0248260498046875 -0.31610107421875 -0.433502197265625
0.1444091796875 -0.000762939453125 -0.196990966796875 0.2509765625
0.127845764160156 -0.0670166015625 0.235458374023438 0.222122192382812
-0.029296875 -0.147918701171875 0.33746337890625 -0.078704833984375
-0.11279296875 -0.0527114868164063 0.148468017578125 -0.135482788085938
-0.0932693481445313 0.0389556884765625 0.0431594848632812 -0.0533828735351563
-0.014678955078125 0.0760574340820313 0.0491447448730469 0.02874755859375
0.0244979858398438 0.0631217956542969 0.0770263671875 0.0804214477539063
0.0100784301757813 0.0484237670898438 0.09246826171875 0.110786437988281
0.0178756713867187 0.047882080078125 0.110061645507813 0.221359252929688
-0.000583648681640621 0.0578117370605469 0.032989501953125 0.35174560546875
-0.0286140441894531 0.0396461486816406 -0.140655517578125 0.407562255859375
-0.0652542114257813 0.0174636840820312 -0.411346435546875 0.295257568359375
-0.0650749206542969 -0.0463638305664063 -0.58697509765625 -0.0338134765624999
0.0077667236328125 -0.0583305358886719 -0.4930419921875 -0.244842529296875
0.0363044738769531 -0.0344810485839844 -0.345947265625 -0.43603515625
0.301788330078125 0.01165771484375 -0.176193237304687 0.24591064453125
0.247802734375 -0.151260375976563 0.181655883789063 0.229934692382813
-0.02105712890625 -0.29400634765625 0.3232421875 -0.00274658203125002
-0.211273193359375 -0.125701904296875 0.214035034179688 -0.0884857177734375
-0.198883056640625 0.066070556640625 0.10296630859375 -0.08837890625
-0.047943115234375 0.171127319335938 0.0639572143554688 -0.0224838256835937
0.042236328125 0.145050048828125 0.0578117370605469 0.0450363159179688
0.0226593017578125 0.118804931640625 0.0758819580078125 0.090972900390625
0.0417251586914062 0.121734619140625 0.1063232421875 0.212356567382813
-0.000976562499999993 0.132080078125 0.044189453125 0.342132568359375
-0.0781478881835938 0.0986251831054688 -0.12841796875 0.39794921875
-0.144866943359375 0.0164947509765625 -0.39569091796875 0.30120849609375
-0.100830078125 -0.143722534179688 -0.5665283203125 -0.00848388671874993
0.0766754150390625 -0.158126831054688 -0.488616943359375 -0.223846435546875
0.182968139648438 -0.0423126220703125 -0.333770751953125 -0.425537109375
0.402130126953125 0.01080322265625 -0.123199462890625 0.261947631835938
0.302032470703125 -0.222747802734375 0.145843505859375 0.262115478515625
-0.043182373046875 -0.377197265625 0.3377685546875 0.09075927734375
-0.276382446289063 -0.14923095703125 0.31341552734375 -0.05328369140625
-0.25213623046875 0.0924835205078125 0.1766357421875 -0.150741577148438
-0.0615692138671875 0.228378295898437 0.07354736328125 -0.1058349609375
0.0518951416015625 0.200393676757813 0.0246238708496094 -0.0142574310302734
0.0321044921875 0.173553466796875 0.0472526550292969 0.057952880859375
0.06158447265625 0.1849365234375 0.0873870849609375 0.188095092773438
-0.00512695312500002 0.203384399414063 0.0384521484375 0.31109619140625
-0.133590698242188 0.156295776367188 -0.12615966796875 0.35986328125
-0.22900390625 0.00936889648437503 -0.372528076171875 0.27459716796875
-0.127059936523437 -0.2440185546875 -0.524139404296875 -0.00604248046875013
0.149078369140625 -0.243484497070313 -0.453521728515625 -0.21063232421875
0.305145263671875 -0.040802001953125 -0.279052734375 -0.40118408203125
0.4373779296875 0.003875732421875 -0.044097900390625 0.29522705078125
0.295501708984375 -0.253387451171875 0.15594482421875 0.315460205078125
-0.067535400390625 -0.378448486328125 0.392425537109375 0.16168212890625
-0.282989501953125 -0.12982177734375 0.417694091796875 -0.061737060546875
-0.247207641601562 0.103439331054688 0.233871459960937 -0.229644775390625
-0.0567474365234375 0.240097045898438 0.0700836181640625 -0.198699951171875
0.0525054931640625 0.220489501953125 -0.0162429809570312 -0.0806884765625
0.0341949462890625 0.203781127929688 0.0121374130249023 0.0145788192749024
0.0694122314453125 0.227706909179688 0.0538482666015625 0.144210815429688
-0.0197906494140625 0.257278442382813 0.015380859375 0.249313354492188
-0.191802978515625 0.18963623046875 -0.1279296875 0.284210205078125
-0.29608154296875 -0.0208740234375001 -0.329833984375 0.21661376953125
-0.11944580078125 -0.329620361328125 -0.4503173828125 -0.00894165039062502
0.22027587890625 -0.288299560546875 -0.39727783203125 -0.19683837890625
0.3839111328125 -0.025848388671875 -0.19183349609375 -0.369049072265625
0.409027099609375 -0.006561279296875 0.0555114746093751 0.337127685546875
0.25177001953125 -0.235092163085938 0.21527099609375 0.354827880859375
-0.070220947265625 -0.316650390625 0.464691162109375 0.174957275390625
-0.235885620117187 -0.0958099365234375 0.48760986328125 -0.1121826171875
-0.199798583984375 0.093231201171875 0.25628662109375 -0.305999755859375
-0.0427703857421875 0.21197509765625 0.0490570068359375 -0.2769775390625
0.044219970703125 0.208145141601563 -0.0564117431640625 -0.140243530273438
0.0298919677734375 0.203277587890625 -0.0244674682617187 -0.031473159790039
0.0624542236328125 0.240829467773438 0.0106887817382813 0.0810775756835938
-0.045867919921875 0.27197265625 -0.0131378173828125 0.1591796875
-0.233688354492187 0.174774169921875 -0.114303588867188 0.182968139648438
-0.311553955078125 -0.074493408203125 -0.25823974609375 0.153640747070313
-0.063934326171875 -0.367401123046875 -0.370361328125 0.00830078124999993
0.273818969726563 -0.26727294921875 -0.3453369140625 -0.174407958984375
0.399169921875 0.004608154296875 -0.0889282226562499 -0.328521728515625
0.329315185546875 -0.015289306640625 0.16015625 0.373443603515625
0.19329833984375 -0.177017211914062 0.299896240234375 0.362030029296875
-0.0493011474609375 -0.227706909179688 0.51751708984375 0.139892578125
-0.161849975585938 -0.0653228759765625 0.508087158203125 -0.178009033203125
-0.136161804199219 0.0642547607421875 0.249176025390625 -0.3599853515625
-0.0291748046875 0.160110473632813 0.02142333984375 -0.329315185546875
0.029083251953125 0.168212890625 -0.092041015625 -0.184234619140625
0.02081298828125 0.173599243164062 -0.0586013793945312 -0.0739364624023437
0.0410308837890625 0.215118408203125 -0.0304241180419922 0.0101871490478516
-0.0687713623046875 0.235809326171875 -0.0321731567382813 0.0601730346679688
-0.22796630859375 0.114578247070313 -0.0754776000976563 0.087982177734375
-0.249786376953125 -0.119277954101562 -0.17340087890625 0.120697021484375
0.01483154296875 -0.31976318359375 -0.320220947265625 0.05316162109375
0.274917602539063 -0.184127807617187 -0.322296142578125 -0.156463623046875
0.337890625 0.03594970703125 0.012451171875 -0.285888671875
0.207977294921875 -0.0180511474609375 0.25286865234375 0.394317626953125
0.131553649902344 -0.0978927612304687 0.379608154296875 0.339935302734375
-0.0184478759765625 -0.136734008789063 0.544189453125 0.084564208984375
-0.084503173828125 -0.0429840087890625 0.498260498046875 -0.2359619140625
-0.0745849609375 0.0291366577148437 0.22589111328125 -0.391815185546875
-0.0196456909179687 0.0960006713867188 -0.00808715820312503 -0.355194091796875
0.00779724121093749 0.110641479492187 -0.120498657226562 -0.209335327148438
0.0066986083984375 0.118637084960938 -0.0851516723632813 -0.104682922363281
0.013885498046875 0.1519775390625 -0.0593414306640625 -0.0511436462402344
-0.0698699951171875 0.150177001953125 -0.0371322631835938 -0.0206184387207031
-0.159408569335938 0.0389862060546875 -0.0304050445556641 0.0303993225097656
-0.132850646972656 -0.11187744140625 -0.110794067382813 0.120895385742187
0.0608062744140625 -0.190139770507813 -0.3187255859375 0.088775634765625
0.197494506835938 -0.072265625 -0.318206787109375 -0.15655517578125
0.206283569335938 0.0491943359375 0.098968505859375 -0.246185302734375
-0.048583984375 -0.0143203735351563 -0.161087036132812 0.270843505859375
-0.0239295959472656 0.019500732421875 0.282867431640625 0.19390869140625
-0.0483551025390625 0.0295982360839844 0.3267822265625 -0.1370849609375
0.00615310668945312 0.0417747497558594 0.107559204101562 -0.166244506835938
0.0364570617675781 0.00500869750976563 0.0185279846191406 -0.0398483276367188
0.021087646484375 -0.0369834899902344 0.0407066345214844 0.0302772521972656
-0.00202178955078125 -0.0313224792480469 0.079315185546875 0.0749282836914062
-0.00589752197265625 -0.0260791778564453 0.0919036865234375 0.106658935546875
-0.00698280334472656 -0.0283222198486328 0.1068115234375 0.208511352539063
0.00408649444580078 -0.0141172409057617 0.025665283203125 0.338348388671875
0.0181713104248047 -0.0153026580810547 -0.143157958984375 0.396209716796875
0.00989723205566406 0.0212650299072266 -0.408843994140625 0.285064697265625
-0.0285072326660156 0.048736572265625 -0.58343505859375 -0.04974365234375
-0.0557746887207031 0.0418128967285156 -0.46661376953125 -0.25079345703125
-0.112327575683594 -0.0197677612304688 -0.32989501953125 -0.41436767578125
0.141128540039062 -0.0064239501953125 -0.182113647460937 0.252731323242188
0.124717712402344 -0.0703811645507813 0.239990234375 0.204742431640625
-0.0334320068359375 -0.141815185546875 0.3255615234375 -0.099517822265625
-0.112678527832031 -0.046234130859375 0.136688232421875 -0.142425537109375
-0.0910568237304687 0.0434417724609375 0.0390052795410156 -0.0547218322753906
-0.0098114013671875 0.0761032104492188 0.0491714477539063 0.0230216979980469
0.0284194946289063 0.0603675842285156 0.0772476196289063 0.0731964111328125
0.0118293762207031 0.0468215942382813 0.091888427734375 0.102912902832031
0.0186042785644531 0.0451126098632813 0.11505126953125 0.212142944335938
0.00416183471679688 0.0550003051757813 0.046478271484375 0.3397216796875
-0.0250816345214844 0.0381011962890625 -0.1207275390625 0.40240478515625
-0.0609283447265625 0.0201568603515625 -0.389923095703125 0.310821533203125
-0.0645408630371094 -0.039093017578125 -0.576171875 -0.00372314453124993
0.00619506835937499 -0.0568695068359375 -0.492584228515625 -0.21685791015625
0.034515380859375 -0.0340309143066406 -0.3594970703125 -0.4124755859375
0.2982177734375 -0.00164794921875 -0.15985107421875 0.247573852539062
0.240524291992188 -0.158615112304688 0.187759399414063 0.215438842773438
-0.0321044921875 -0.28662109375 0.31451416015625 -0.023773193359375
-0.213394165039063 -0.112655639648437 0.203384399414063 -0.097930908203125
-0.193710327148438 0.075531005859375 0.0955581665039063 -0.091827392578125
-0.03753662109375 0.169403076171875 0.0614967346191406 -0.0279579162597656
0.0508193969726562 0.139480590820313 0.0569610595703125 0.0389595031738281
0.027374267578125 0.115005493164063 0.0756378173828125 0.0852432250976563
0.0453033447265625 0.115272521972656 0.1121826171875 0.203155517578125
0.00703430175781249 0.126235961914063 0.058563232421875 0.330810546875
-0.0703353881835938 0.0979843139648438 -0.106842041015625 0.39373779296875
-0.138656616210938 0.0224151611328125 -0.372711181640625 0.315948486328125
-0.104209899902344 -0.131721496582031 -0.55609130859375 0.02008056640625
0.069976806640625 -0.157272338867188 -0.489044189453125 -0.196929931640625
0.1778564453125 -0.047271728515625 -0.348114013671875 -0.403045654296875
0.3963623046875 -0.006103515625 -0.106185913085937 0.259933471679688
0.2901611328125 -0.2310791015625 0.154022216796875 0.2489013671875
-0.056976318359375 -0.3668212890625 0.332794189453125 0.06927490234375
-0.276153564453125 -0.1331787109375 0.30340576171875 -0.068115234375
-0.24462890625 0.103363037109375 0.165084838867187 -0.155929565429687
-0.0476226806640625 0.225677490234375 0.0675811767578125 -0.110885620117187
0.061859130859375 0.192535400390625 0.0225410461425781 -0.0168838500976562
0.0383453369140625 0.168807983398438 0.0471725463867188 0.0534820556640625
0.06787109375 0.175949096679688 0.0949554443359375 0.179962158203125
0.00732421874999998 0.1956787109375 0.05218505859375 0.300872802734375
-0.121597290039062 0.15667724609375 -0.108184814453125 0.357574462890625
-0.221389770507813 0.0194244384765625 -0.35308837890625 0.288543701171875
-0.133590698242188 -0.228515625 -0.51397705078125 0.019012451171875
0.13720703125 -0.24456787109375 -0.45416259765625 -0.18426513671875
0.29937744140625 -0.05169677734375 -0.29302978515625 -0.38275146484375
0.4296875 -0.01385498046875 -0.02545166015625 0.289581298828125
0.28179931640625 -0.260894775390625 0.1656494140625 0.301788330078125
-0.080780029296875 -0.367156982421875 0.391998291015625 0.138427734375
-0.28204345703125 -0.114044189453125 0.405120849609375 -0.08087158203125
-0.237960815429688 0.113174438476563 0.21746826171875 -0.236984252929688
-0.042694091796875 0.235885620117188 0.0594482421875 -0.201141357421875
0.06378173828125 0.211715698242188 -0.018707275390625 -0.0795364379882812
0.042694091796875 0.197738647460938 0.012664794921875 0.0126333236694336
0.0780029296875 0.217208862304688 0.0612411499023438 0.13836669921875
-0.00401306152343749 0.249237060546875 0.026885986328125 0.241546630859375
-0.178024291992187 0.193206787109375 -0.114044189453125 0.28350830078125
-0.289886474609375 -0.00674438476562497 -0.3143310546875 0.229461669921875
-0.1302490234375 -0.315093994140625 -0.44110107421875 0.0143737792968749
0.2061767578125 -0.29193115234375 -0.397796630859375 -0.171905517578125
0.377166748046875 -0.040252685546875 -0.206939697265625 -0.353515625
0.401824951171875 -0.021820068359375 0.072357177734375 0.32696533203125
0.239303588867188 -0.240570068359375 0.22637939453125 0.339752197265625
-0.079803466796875 -0.30548095703125 0.465301513671875 0.14947509765625
-0.23175048828125 -0.0827484130859375 0.472137451171875 -0.134063720703125
-0.19189453125 0.0995635986328125 0.236175537109375 -0.31158447265625
-0.03106689453125 0.207321166992188 0.0358734130859375 -0.275894165039062
0.0552215576171875 0.1998291015625 -0.0608062744140625 -0.135505676269531
0.038299560546875 0.198471069335938 -0.0232372283935547 -0.031036376953125
0.07177734375 0.230712890625 0.0171127319335937 0.0785903930664063
-0.028839111328125 0.265838623046875 -0.00588989257812499 0.15576171875
-0.220138549804687 0.181488037109375 -0.105850219726563 0.183273315429687
-0.308502197265625 -0.058685302734375 -0.24749755859375 0.16326904296875
-0.0777587890625 -0.35626220703125 -0.36077880859375 0.028228759765625
0.259750366210938 -0.2742919921875 -0.346099853515625 -0.1517333984375
0.3939208984375 -0.010833740234375 -0.104156494140625 -0.317596435546875
0.3223876953125 -0.0272216796875 0.17669677734375 0.3590087890625
0.184829711914063 -0.181488037109375 0.309844970703125 0.343597412109375
-0.0550689697265625 -0.219482421875 0.514617919921875 0.112274169921875
-0.158554077148438 -0.0563812255859375 0.488250732421875 -0.199554443359375
-0.131515502929688 0.0685043334960938 0.225555419921875 -0.363494873046875
-0.01959228515625 0.155502319335938 0.00680541992187499 -0.323944091796875
0.03863525390625 0.162933349609375 -0.09619140625 -0.17608642578125
0.0280303955078125 0.169265747070312 -0.0570297241210938 -0.0711288452148437
0.0507659912109375 0.207809448242187 -0.0264701843261719 0.011627197265625
-0.053253173828125 0.23211669921875 -0.0288887023925781 0.0602226257324219
-0.218475341796875 0.122482299804688 -0.0717544555664063 0.0879287719726563
-0.251251220703125 -0.106216430664062 -0.16375732421875 0.12744140625
0.00292968750000002 -0.313812255859375 -0.30889892578125 0.071197509765625
0.265045166015625 -0.193893432617188 -0.32281494140625 -0.13336181640625
0.335784912109375 0.022491455078125 -0.0029296875 -0.278884887695312
0.203750610351562 -0.0244903564453125 0.268707275390625 0.376861572265625
0.1270751953125 -0.102005004882813 0.388275146484375 0.320068359375
-0.021270751953125 -0.13201904296875 0.537841796875 0.057769775390625
-0.0821914672851563 -0.0385284423828125 0.47479248046875 -0.256134033203125
-0.073272705078125 0.0311355590820313 0.2022705078125 -0.39300537109375
-0.0138168334960938 0.093475341796875 -0.023223876953125 -0.346710205078125
0.0157012939453125 0.108329772949219 -0.123977661132813 -0.19879150390625
0.01220703125 0.116561889648437 -0.0839157104492187 -0.100288391113281
0.0206298828125 0.146957397460937 -0.0573654174804688 -0.04736328125
-0.0588836669921875 0.149490356445313 -0.0373458862304688 -0.0181045532226562
-0.155105590820312 0.045074462890625 -0.0298614501953125 0.0297393798828125
-0.134628295898438 -0.105224609375 -0.101814270019531 0.124313354492188
0.0538177490234375 -0.188888549804688 -0.305389404296875 0.107818603515625
0.194305419921875 -0.079681396484375 -0.319488525390625 -0.134124755859375
0.206695556640625 0.0406036376953125 0.08428955078125 -0.244430541992188
-0.0504531860351563 -0.0111846923828125 -0.153152465820313 0.268783569335937
-0.0217094421386719 0.0206146240234375 0.28314208984375 0.182464599609375
-0.0445098876953125 0.03106689453125 0.3170166015625 -0.148284912109375
0.00769805908203125 0.0411949157714844 0.0993804931640625 -0.1676025390625
0.0352783203125 0.00603103637695313 0.0163345336914063 -0.039642333984375
0.02081298828125 -0.0356674194335937 0.0387115478515625 0.0271797180175781
-0.00100135803222656 -0.0303764343261719 0.0760421752929688 0.0699615478515625
-0.00584983825683594 -0.0249385833740234 0.0881576538085938 0.102653503417969
-0.00808906555175781 -0.0276985168457031 0.105545043945313 0.203445434570313
0.00464344024658203 -0.0148687362670898 0.0306396484375 0.3292236328125
0.0176162719726563 -0.0157432556152344 -0.133392333984375 0.39263916015625
0.0112686157226562 0.0214824676513672 -0.3973388671875 0.29156494140625
-0.0262908935546875 0.0503807067871094 -0.577392578125 -0.03338623046875
-0.0534744262695313 0.0406646728515625 -0.4652099609375 -0.237701416015625
-0.111701965332031 -0.0167465209960937 -0.334747314453125 -0.404144287109375
0.138778686523438 -0.0078887939453125 -0.172866821289063 0.251556396484375
0.125228881835938 -0.0720748901367188 0.241409301757813 0.1942138671875
-0.0335617065429688 -0.140251159667969 0.31719970703125 -0.111663818359375
-0.111381530761719 -0.042877197265625 0.128250122070313 -0.14508056640625
-0.0905227661132813 0.0469741821289062 0.0363998413085937 -0.0545768737792969
-0.00627899169921875 0.0757522583007813 0.0469474792480469 0.0189018249511719
0.0308151245117188 0.0579719543457031 0.0746307373046875 0.0678863525390625
0.0126800537109375 0.0465469360351563 0.0874481201171875 0.099273681640625
0.0187911987304688 0.0434379577636719 0.11431884765625 0.206085205078125
0.00600433349609375 0.0515823364257813 0.0516357421875 0.33197021484375
-0.0234756469726563 0.0364151000976562 -0.110931396484375 0.397613525390625
-0.0572242736816406 0.0200996398925781 -0.377777099609375 0.317047119140625
-0.0624542236328125 -0.0331382751464844 -0.5693359375 0.00927734374999992
0.00572586059570312 -0.0563011169433594 -0.4898681640625 -0.204864501953125
0.0321903228759766 -0.0324821472167969 -0.36529541015625 -0.402801513671875
0.29461669921875 -0.006591796875 -0.15106201171875 0.245758056640625
0.238006591796875 -0.161544799804688 0.189666748046875 0.206695556640625
-0.0360107421875 -0.28326416015625 0.307403564453125 -0.036407470703125
-0.2115478515625 -0.106964111328125 0.195571899414063 -0.101882934570313
-0.19134521484375 0.080841064453125 0.0911483764648437 -0.0930557250976563
-0.0306549072265625 0.168060302734375 0.0589675903320313 -0.032379150390625
0.0553131103515625 0.135009765625 0.0545883178710938 0.0350494384765625
0.0291976928710938 0.113578796386719 0.0727081298828125 0.0815048217773438
0.0462799072265625 0.11175537109375 0.113525390625 0.196563720703125
0.0110931396484375 0.120635986328125 0.063812255859375 0.3221435546875
-0.06597900390625 0.0959243774414063 -0.0977172851562499 0.38983154296875
-0.13360595703125 0.0245285034179687 -0.3609619140625 0.321014404296875
-0.102363586425781 -0.123764038085937 -0.54833984375 0.03369140625
0.066741943359375 -0.15631103515625 -0.4862060546875 -0.18280029296875
0.174942016601563 -0.047698974609375 -0.353118896484375 -0.3917236328125
0.39208984375 -0.01214599609375 -0.0968475341796875 0.25634765625
0.286865234375 -0.233856201171875 0.157073974609375 0.242156982421875
-0.061798095703125 -0.36151123046875 0.32745361328125 0.05718994140625
-0.274246215820313 -0.125396728515625 0.2957763671875 -0.07427978515625
-0.240707397460937 0.108642578125 0.157882690429687 -0.15771484375
-0.040008544921875 0.221755981445313 0.0635528564453125 -0.113784790039062
0.067840576171875 0.186019897460938 0.0200614929199219 -0.0188274383544922
0.0419769287109375 0.1658935546875 0.0459136962890625 0.050506591796875
0.069854736328125 0.170028686523438 0.0978240966796875 0.174301147460938
0.0129852294921875 0.187942504882813 0.058074951171875 0.2933349609375
-0.115310668945313 0.15521240234375 -0.1002197265625 0.354888916015625
-0.215118408203125 0.0232391357421875 -0.34173583984375 0.294525146484375
-0.134033203125 -0.21923828125 -0.505859375 0.0324707031249999
0.132583618164063 -0.243606567382812 -0.450164794921875 -0.171234130859375
0.295379638671875 -0.05438232421875 -0.298797607421875 -0.37261962890625
0.42620849609375 -0.020416259765625 -0.017120361328125 0.28424072265625
0.276443481445313 -0.26300048828125 0.169952392578125 0.2940673828125
-0.084625244140625 -0.35955810546875 0.387359619140625 0.124481201171875
-0.277587890625 -0.106765747070313 0.397308349609375 -0.08941650390625
-0.233200073242188 0.1182861328125 0.208389282226562 -0.237548828125
-0.0350189208984375 0.231307983398438 0.0533599853515625 -0.202163696289062
0.0708465576171875 0.205108642578125 -0.02099609375 -0.0792007446289062
0.0467529296875 0.194229125976563 0.012782096862793 0.0109338760375977
0.081329345703125 0.2110595703125 0.0656280517578125 0.133323669433594
0.00363159179687498 0.241592407226563 0.032196044921875 0.237335205078125
-0.169540405273438 0.192718505859375 -0.108367919921875 0.28240966796875
-0.284271240234375 -0.00119018554687506 -0.305023193359375 0.235748291015625
-0.133026123046875 -0.305938720703125 -0.43292236328125 0.025665283203125
0.199432373046875 -0.2921142578125 -0.395477294921875 -0.15924072265625
0.374786376953125 -0.04400634765625 -0.21307373046875 -0.343963623046875
0.3983154296875 -0.027374267578125 0.0806884765625 0.3201904296875
0.234573364257812 -0.241348266601563 0.2308349609375 0.331756591796875
-0.08184814453125 -0.2984619140625 0.461029052734375 0.135101318359375
-0.22784423828125 -0.077056884765625 0.4613037109375 -0.144012451171875
-0.187026977539063 0.10302734375 0.2244873046875 -0.3126220703125
-0.0238494873046875 0.202301025390625 0.029022216796875 -0.274459838867188
0.0623016357421875 0.193771362304688 -0.0621490478515625 -0.132911682128906
0.04327392578125 0.195175170898438 -0.0229701995849609 -0.0320663452148437
0.0763702392578125 0.224609375 0.02142333984375 0.0760726928710938
-0.0204925537109375 0.259384155273438 -0.00131225585937501 0.1529541015625
-0.212509155273438 0.183914184570312 -0.102462768554688 0.182449340820313
-0.30517578125 -0.05242919921875 -0.239944458007813 0.168365478515625
-0.081268310546875 -0.348968505859375 -0.35260009765625 0.039642333984375
0.253463745117188 -0.27734375 -0.343963623046875 -0.138885498046875
0.39251708984375 -0.016204833984375 -0.1104736328125 -0.309783935546875
0.3194580078125 -0.0308837890625 0.1842041015625 0.35028076171875
0.181915283203125 -0.182586669921875 0.313720703125 0.33453369140625
-0.0556182861328125 -0.214065551757813 0.509918212890625 0.097930908203125
-0.154205322265625 -0.0524749755859375 0.476898193359375 -0.20843505859375
-0.128494262695313 0.0703353881835938 0.21331787109375 -0.363128662109375
-0.01470947265625 0.15118408203125 -0.000396728515624992 -0.320404052734375
0.044769287109375 0.158706665039063 -0.0962982177734375 -0.171371459960938
0.032073974609375 0.16693115234375 -0.0550537109375 -0.0714111328125
0.0542755126953125 0.201858520507813 -0.0228900909423828 0.0104846954345703
-0.045379638671875 0.227371215820313 -0.0269737243652344 0.0597114562988281
-0.2127685546875 0.125381469726563 -0.0710830688476563 0.0870437622070313
-0.249832153320313 -0.10107421875 -0.158187866210938 0.130020141601562
-0.00106811523437499 -0.310333251953125 -0.2999267578125 0.082122802734375
0.261032104492188 -0.19708251953125 -0.320709228515625 -0.12017822265625
0.33489990234375 0.01751708984375 -0.00994873046874998 -0.273712158203125
0.201919555664063 -0.027008056640625 0.274749755859375 0.365631103515625
0.126434326171875 -0.104347229003906 0.3892822265625 0.30914306640625
-0.0210494995117187 -0.129341125488281 0.531494140625 0.04339599609375
-0.0797882080078125 -0.0359878540039063 0.461456298828125 -0.26312255859375
-0.0721588134765625 0.0323333740234375 0.189361572265625 -0.389923095703125
-0.010101318359375 0.0913009643554688 -0.029083251953125 -0.34027099609375
0.0204849243164062 0.106002807617188 -0.12322998046875 -0.193161010742187
0.0152664184570312 0.115211486816406 -0.0808258056640625 -0.0996627807617187
0.0236663818359375 0.144058227539062 -0.0545501708984375 -0.0461959838867188
-0.053131103515625 0.146957397460937 -0.0366668701171875 -0.01708984375
-0.1534423828125 0.047882080078125 -0.0305156707763672 0.0287952423095703
-0.135353088378906 -0.1029052734375 -0.096343994140625 0.126144409179688
0.0521392822265625 -0.187423706054688 -0.29608154296875 0.118560791015625
0.193252563476563 -0.083953857421875 -0.317840576171875 -0.119140625
0.206771850585938 0.038299560546875 0.0764617919921875 -0.24072265625
-0.0520248413085938 -0.00876235961914062 -0.15277099609375 0.270538330078125
-0.0197734832763672 0.0207004547119141 0.288330078125 0.17779541015625
-0.0427169799804687 0.0319366455078125 0.31622314453125 -0.15966796875
0.00936508178710937 0.0412864685058594 0.0950927734375 -0.17083740234375
0.035888671875 0.0076446533203125 0.0153884887695313 -0.0389175415039062
0.0217399597167969 -0.0352745056152344 0.0374908447265625 0.0263938903808594
-7.43865966796889E-05 -0.0311660766601563 0.0733108520507813 0.0691680908203125
-0.00587654113769531 -0.0245189666748047 0.0845565795898438 0.103080749511719
-0.00867271423339844 -0.0259284973144531 0.104736328125 0.205047607421875
0.004913330078125 -0.016148567199707 0.031585693359375 0.330322265625
0.0168113708496094 -0.0169887542724609 -0.13323974609375 0.396453857421875
0.0133228302001953 0.0219669342041016 -0.396453857421875 0.29925537109375
-0.0257110595703125 0.0530815124511719 -0.58465576171875 -0.0281372070312499
-0.0535392761230469 0.039520263671875 -0.471832275390625 -0.23736572265625
-0.113876342773438 -0.0162353515625 -0.3408203125 -0.408935546875
0.140625 -0.006988525390625 -0.172637939453125 0.253692626953125
0.128944396972656 -0.0739593505859375 0.2454833984375 0.190963745117188
-0.0330963134765625 -0.142547607421875 0.314727783203125 -0.12237548828125
-0.112602233886719 -0.0433883666992187 0.124755859375 -0.147979736328125
-0.09112548828125 0.050262451171875 0.0349235534667969 -0.0547561645507813
-0.00453186035156251 0.0771255493164063 0.0462646484375 0.0176124572753906
0.0340766906738281 0.056549072265625 0.071533203125 0.0665969848632813
0.0136985778808594 0.0470657348632813 0.0848312377929688 0.09912109375
0.0185737609863281 0.0438041687011719 0.114410400390625 0.206619262695313
0.00654983520507813 0.04949951171875 0.05352783203125 0.33087158203125
-0.0231533050537109 0.0348758697509766 -0.109130859375 0.40179443359375
-0.0552291870117188 0.0207099914550781 -0.37847900390625 0.324859619140625
-0.0607986450195313 -0.0305938720703125 -0.5758056640625 0.0164184570312499
0.00589370727539063 -0.0581512451171875 -0.496124267578125 -0.2037353515625
0.0319938659667969 -0.0305042266845703 -0.371978759765625 -0.407623291015625
0.299591064453125 -0.007476806640625 -0.148880004882813 0.246856689453125
0.2442626953125 -0.166275024414063 0.194656372070313 0.205047607421875
-0.037139892578125 -0.286712646484375 0.305816650390625 -0.0455322265625
-0.214736938476563 -0.107391357421875 0.1942138671875 -0.10498046875
-0.192901611328125 0.0854034423828125 0.09039306640625 -0.0941390991210938
-0.0274658203125 0.169036865234375 0.0579910278320313 -0.0358238220214844
0.0585250854492188 0.13330078125 0.0519256591796875 0.0342788696289063
0.0309829711914062 0.11444091796875 0.0701370239257813 0.0816497802734375
0.047088623046875 0.111328125 0.115036010742187 0.197128295898438
0.0125198364257813 0.117317199707031 0.066162109375 0.322021484375
-0.0650405883789063 0.0946044921875 -0.095733642578125 0.3946533203125
-0.131378173828125 0.024871826171875 -0.36199951171875 0.330352783203125
-0.101234436035156 -0.120735168457031 -0.5538330078125 0.0400695800781249
0.0672760009765625 -0.158599853515625 -0.492919921875 -0.181976318359375
0.176681518554688 -0.0460968017578125 -0.36175537109375 -0.396484375
0.39825439453125 -0.013427734375 -0.09381103515625 0.257415771484375
0.292327880859375 -0.2401123046875 0.161163330078125 0.241867065429687
-0.0640869140625 -0.366058349609375 0.32684326171875 0.049774169921875
-0.276214599609375 -0.124771118164063 0.2958984375 -0.07806396484375
-0.242324829101563 0.114532470703125 0.157119750976562 -0.160720825195313
-0.0360870361328125 0.22314453125 0.0620498657226563 -0.118827819824219
0.0724029541015625 0.183914184570313 0.0178394317626953 -0.0200138092041016
0.044586181640625 0.16644287109375 0.0440750122070312 0.0500030517578125
0.0711669921875 0.16986083984375 0.100479125976563 0.174484252929687
0.015472412109375 0.18499755859375 0.0609130859375 0.293212890625
-0.114059448242188 0.154861450195313 -0.0986022949218751 0.35919189453125
-0.214691162109375 0.0242767333984375 -0.34295654296875 0.303802490234375
-0.134384155273437 -0.217086791992188 -0.509674072265625 0.0386352539062501
0.13311767578125 -0.246871948242188 -0.457305908203125 -0.16912841796875
0.299530029296875 -0.053131103515625 -0.30609130859375 -0.374969482421875
0.43133544921875 -0.021331787109375 -0.0128173828124999 0.28533935546875
0.28192138671875 -0.267730712890625 0.173919677734375 0.295379638671875
-0.0865478515625 -0.3634033203125 0.390289306640625 0.11993408203125
-0.278396606445313 -0.10589599609375 0.3985595703125 -0.0941162109375
-0.233779907226562 0.122543334960938 0.206573486328125 -0.241409301757812
-0.03106689453125 0.230789184570312 0.0503692626953125 -0.207244873046875
0.075286865234375 0.2027587890625 -0.0233230590820313 -0.080230712890625
0.0498199462890625 0.196151733398438 0.011906623840332 0.00987339019775392
0.0831756591796875 0.2110595703125 0.069061279296875 0.133430480957031
0.00704956054687498 0.238845825195313 0.0358734130859375 0.236846923828125
-0.168289184570313 0.194732666015625 -0.1077880859375 0.286651611328125
-0.285308837890625 0.000976562499999953 -0.307403564453125 0.24310302734375
-0.1346435546875 -0.305816650390625 -0.4354248046875 0.0314941406249999
0.2012939453125 -0.297637939453125 -0.40045166015625 -0.155670166015625
0.380523681640625 -0.04364013671875 -0.22076416015625 -0.3460693359375
0.403778076171875 -0.028350830078125 0.0850830078125 0.32122802734375
0.238510131835937 -0.245941162109375 0.236602783203125 0.333648681640625
-0.082611083984375 -0.301025390625 0.46624755859375 0.129608154296875
-0.22711181640625 -0.0761871337890625 0.4637451171875 -0.15081787109375
-0.187286376953125 0.106414794921875 0.222137451171875 -0.317230224609375
-0.02032470703125 0.201309204101563 0.0267181396484375 -0.278457641601563
0.066650390625 0.19183349609375 -0.0634765625 -0.133781433105469
0.045928955078125 0.196792602539062 -0.0228042602539062 -0.034759521484375
0.0779571533203125 0.224807739257813 0.0246353149414063 0.074951171875
-0.0166168212890625 0.257904052734375 0.000152587890625005 0.153915405273438
-0.21234130859375 0.18646240234375 -0.103851318359375 0.185501098632813
-0.308349609375 -0.051605224609375 -0.241317749023438 0.173599243164062
-0.0830078125 -0.351348876953125 -0.352294921875 0.045623779296875
0.257049560546875 -0.283477783203125 -0.347381591796875 -0.134490966796875
0.39990234375 -0.015167236328125 -0.11669921875 -0.311004638671875
0.323760986328125 -0.0302734375 0.190216064453125 0.352294921875
0.184555053710938 -0.186111450195312 0.32037353515625 0.3375244140625
-0.0549774169921875 -0.215606689453125 0.5169677734375 0.092864990234375
-0.152679443359375 -0.0524444580078125 0.477874755859375 -0.214569091796875
-0.128547668457031 0.0726547241210938 0.2105712890625 -0.367156982421875
-0.011444091796875 0.149169921875 -0.002655029296875 -0.323211669921875
0.0491943359375 0.157135009765625 -0.0971832275390625 -0.17205810546875
0.035064697265625 0.168777465820313 -0.0546722412109375 -0.0743560791015625
0.0568389892578125 0.203201293945312 -0.0201072692871094 0.00955772399902345
-0.04217529296875 0.226776123046875 -0.0263824462890625 0.0598526000976563
-0.214080810546875 0.128829956054688 -0.073028564453125 0.088409423828125
-0.254119873046875 -0.101974487304687 -0.157699584960938 0.134017944335938
-0.000823974609374982 -0.314697265625 -0.29705810546875 0.08843994140625
0.265701293945313 -0.203125 -0.32470703125 -0.113861083984375
0.342498779296875 0.01898193359375 -0.0140228271484375 -0.275054931640625
0.205535888671875 -0.0261688232421875 0.282440185546875 0.368255615234375
0.12957763671875 -0.1070556640625 0.397674560546875 0.311676025390625
-0.0199203491210937 -0.131301879882812 0.5386962890625 0.038177490234375
-0.0786972045898438 -0.03619384765625 0.463165283203125 -0.27020263671875
-0.0727005004882813 0.0341720581054688 0.187835693359375 -0.39459228515625
-0.00841522216796875 0.0905303955078125 -0.032073974609375 -0.34185791015625
0.0249099731445312 0.104972839355469 -0.123016357421875 -0.193130493164062
0.0181427001953125 0.116592407226562 -0.079254150390625 -0.103416442871094
0.025726318359375 0.14459228515625 -0.0532989501953125 -0.0483665466308594
-0.0511932373046875 0.146713256835938 -0.0364303588867188 -0.0175819396972656
-0.155410766601563 0.049591064453125 -0.0326728820800781 0.0275249481201172
-0.137527465820312 -0.104522705078125 -0.0940933227539063 0.129440307617188
0.0542144775390625 -0.191177368164063 -0.293182373046875 0.12786865234375
0.197952270507812 -0.0876007080078125 -0.32281494140625 -0.1126708984375
0.212295532226563 0.04034423828125 0.0732879638671875 -0.242385864257813
-0.0545005798339844 -0.00615310668945312 -0.15203857421875 0.281890869140625
-0.0181255340576172 0.0209293365478516 0.302642822265625 0.174652099609375
-0.0430717468261719 0.0329551696777344 0.3199462890625 -0.179229736328125
0.010711669921875 0.0416030883789063 0.0914306640625 -0.17962646484375
0.0378189086914063 0.009002685546875 0.0152511596679688 -0.0393257141113281
0.0239982604980469 -0.0363998413085938 0.0380401611328125 0.0259590148925781
0.000871658325195315 -0.0331783294677734 0.0727157592773438 0.0705032348632813
-0.0052947998046875 -0.0250988006591797 0.0840301513671875 0.106765747070313
-0.00901603698730469 -0.0252723693847656 0.108184814453125 0.211227416992188
0.00426292419433594 -0.0181312561035156 0.03570556640625 0.339263916015625
0.0160617828369141 -0.0183353424072266 -0.1300048828125 0.41278076171875
0.0144233703613281 0.0226154327392578 -0.404998779296875 0.321014404296875
-0.0248298645019531 0.0567207336425781 -0.60650634765625 -0.0169067382812501
-0.0555152893066406 0.0399856567382813 -0.49359130859375 -0.23809814453125
-0.119514465332031 -0.014312744140625 -0.360595703125 -0.4210205078125
0.146728515625 -0.0076904296875 -0.172943115234375 0.264541625976563
0.136703491210937 -0.0804824829101562 0.25982666015625 0.190093994140625
-0.03662109375 -0.149032592773438 0.31781005859375 -0.14080810546875
-0.117080688476562 -0.0436935424804688 0.123016357421875 -0.155990600585938
-0.0929946899414063 0.05694580078125 0.0351371765136719 -0.0562705993652344
-0.000503540039062505 0.0793914794921875 0.047027587890625 0.0149574279785156
0.0373191833496094 0.055633544921875 0.0709075927734375 0.06787109375
0.0157012939453125 0.0484619140625 0.0841445922851563 0.102638244628906
0.020294189453125 0.0459785461425781 0.119140625 0.211456298828125
0.0070953369140625 0.0482025146484375 0.058868408203125 0.3392333984375
-0.0239067077636719 0.0345783233642578 -0.106353759765625 0.41839599609375
-0.0542259216308594 0.0216445922851563 -0.38580322265625 0.34747314453125
-0.06121826171875 -0.0281105041503906 -0.59747314453125 0.029296875
0.00465011596679688 -0.0602149963378906 -0.519622802734375 -0.202301025390625
0.0330142974853516 -0.0303115844726563 -0.394073486328125 -0.417022705078125
0.313018798828125 -0.010650634765625 -0.149642944335937 0.256454467773438
0.255218505859375 -0.177993774414062 0.206512451171875 0.20526123046875
-0.043731689453125 -0.299285888671875 0.3096923828125 -0.059814453125
-0.223434448242188 -0.108139038085938 0.1968994140625 -0.112335205078125
-0.197479248046875 0.0956573486328125 0.09149169921875 -0.0983963012695312
-0.0220184326171875 0.17462158203125 0.0584564208984375 -0.0406684875488281
0.0641632080078125 0.133857727050781 0.0509567260742188 0.0343360900878906
0.0354766845703125 0.117164611816406 0.0695419311523438 0.0834121704101563
0.0507965087890625 0.114715576171875 0.121246337890625 0.201202392578125
0.014129638671875 0.117630004882813 0.073822021484375 0.329376220703125
-0.0652542114257812 0.0966796875 -0.0921630859375 0.41021728515625
-0.132911682128906 0.0265884399414062 -0.367828369140625 0.35284423828125
-0.103477478027344 -0.121047973632813 -0.57403564453125 0.0532836914062501
0.06707763671875 -0.164443969726563 -0.512664794921875 -0.17779541015625
0.18316650390625 -0.047088623046875 -0.38330078125 -0.406494140625
0.414398193359375 -0.018035888671875 -0.09112548828125 0.266769409179688
0.303253173828125 -0.2554931640625 0.171890258789063 0.24481201171875
-0.072509765625 -0.3802490234375 0.334808349609375 0.039886474609375
-0.287628173828125 -0.1251220703125 0.30364990234375 -0.085906982421875
-0.24761962890625 0.125381469726562 0.159378051757812 -0.168136596679688
-0.0306396484375 0.2283935546875 0.0610198974609375 -0.126190185546875
0.0804595947265625 0.185760498046875 0.0154399871826172 -0.0206775665283203
0.0500030517578125 0.171234130859375 0.0432090759277344 0.0515823364257813
0.077392578125 0.174163818359375 0.1072998046875 0.176895141601563
0.0193634033203125 0.187301635742188 0.068817138671875 0.300048828125
-0.113754272460937 0.160354614257813 -0.096282958984375 0.3751220703125
-0.219329833984375 0.0277557373046875 -0.349578857421875 0.324188232421875
-0.139114379882813 -0.220077514648438 -0.52777099609375 0.05029296875
0.134078979492188 -0.258193969726563 -0.475677490234375 -0.166229248046875
0.31219482421875 -0.05584716796875 -0.327423095703125 -0.38531494140625
0.448516845703125 -0.02752685546875 -0.00656127929687495 0.294464111328125
0.291107177734375 -0.284027099609375 0.1866455078125 0.301544189453125
-0.095672607421875 -0.375701904296875 0.403228759765625 0.1126708984375
-0.287628173828125 -0.105377197265625 0.410369873046875 -0.10498046875
-0.238632202148438 0.133148193359375 0.208969116210938 -0.253570556640625
-0.0253448486328125 0.235916137695313 0.047882080078125 -0.216796875
0.0836334228515625 0.203811645507813 -0.0268783569335938 -0.0823287963867187
0.0565643310546875 0.200759887695313 0.0107498168945313 0.00955963134765626
0.0911407470703125 0.215606689453125 0.0754165649414063 0.134391784667969
0.0114593505859375 0.242767333984375 0.0411376953125 0.242996215820313
-0.16973876953125 0.2037353515625 -0.10699462890625 0.300048828125
-0.29486083984375 0.00445556640624998 -0.312591552734375 0.260955810546875
-0.14227294921875 -0.3135986328125 -0.449462890625 0.0423278808593749
0.204803466796875 -0.312164306640625 -0.41796875 -0.152862548828125
0.3978271484375 -0.046661376953125 -0.23681640625 -0.354736328125
0.420257568359375 -0.03375244140625 0.0961914062500001 0.33087158203125
0.245941162109375 -0.259979248046875 0.251922607421875 0.341552734375
-0.089141845703125 -0.31005859375 0.483184814453125 0.12286376953125
-0.23309326171875 -0.076080322265625 0.4766845703125 -0.164459228515625
-0.1898193359375 0.115142822265625 0.223358154296875 -0.33111572265625
-0.015716552734375 0.20477294921875 0.021636962890625 -0.290191650390625
0.075103759765625 0.192596435546875 -0.0684585571289063 -0.136436462402344
0.0532379150390625 0.202133178710938 -0.0243606567382812 -0.0360374450683594
0.085906982421875 0.230377197265625 0.0284805297851563 0.0749282836914063
-0.011627197265625 0.263931274414063 0.00379943847656251 0.158096313476563
-0.216064453125 0.197067260742187 -0.105667114257812 0.19512939453125
-0.320556640625 -0.0489196777343749 -0.245773315429688 0.186691284179687
-0.089813232421875 -0.363677978515625 -0.360321044921875 0.05413818359375
0.263336181640625 -0.29937744140625 -0.3616943359375 -0.129302978515625
0.419219970703125 -0.01849365234375 -0.129364013671875 -0.31915283203125
0.337493896484375 -0.035736083984375 0.2044677734375 0.36187744140625
0.190109252929687 -0.196548461914063 0.339630126953125 0.3463134765625
-0.0591583251953125 -0.222640991210938 0.53631591796875 0.084716796875
-0.155014038085938 -0.0527496337890625 0.49066162109375 -0.232513427734375
-0.13037109375 0.078033447265625 0.211029052734375 -0.383636474609375
-0.0082244873046875 0.151687622070313 -0.00878906249999999 -0.334503173828125
0.0565032958984375 0.158233642578125 -0.102630615234375 -0.175857543945313
0.04107666015625 0.173843383789063 -0.0567703247070312 -0.077972412109375
0.0632171630859375 0.208633422851563 -0.0188713073730469 0.00852584838867189
-0.0387115478515625 0.233154296875 -0.0254364013671875 0.0613327026367188
-0.219818115234375 0.137619018554687 -0.076416015625 0.0932235717773438
-0.265853881835937 -0.102752685546875 -0.159439086914062 0.142623901367188
-0.00451660156250003 -0.327392578125 -0.301910400390625 0.100860595703125
0.274520874023438 -0.216934204101562 -0.33782958984375 -0.1072998046875
0.360076904296875 0.01708984375 -0.022247314453125 -0.282257080078125
0.213958740234375 -0.0291900634765625 0.300445556640625 0.379241943359375
0.133476257324219 -0.113685607910156 0.4200439453125 0.317535400390625
-0.0216827392578125 -0.135963439941406 0.557769775390625 0.026611328125
-0.0792694091796875 -0.0367355346679687 0.473785400390625 -0.28924560546875
-0.073699951171875 0.03729248046875 0.18560791015625 -0.410430908203125
-0.00552368164062501 0.09112548828125 -0.037200927734375 -0.352447509765625
0.0312728881835938 0.105873107910156 -0.127975463867188 -0.197540283203125
0.0225143432617188 0.1204833984375 -0.081939697265625 -0.107841491699219
0.0299224853515625 0.149826049804688 -0.0542716979980469 -0.0510787963867188
-0.049957275390625 0.151580810546875 -0.0385513305664063 -0.0183219909667969
-0.1607666015625 0.055450439453125 -0.0344123840332031 0.0294189453125
-0.145050048828125 -0.1083984375 -0.0935287475585938 0.136878967285156
0.055511474609375 -0.200973510742188 -0.296966552734375 0.14306640625
0.20599365234375 -0.0958404541015625 -0.336578369140625 -0.1063232421875
0.224578857421875 0.0405426025390625 0.0699615478515625 -0.249221801757813
-0.0567169189453125 -0.00261688232421875 -0.145355224609375 0.299957275390625
-0.0161514282226562 0.0206336975097656 0.324127197265625 0.162750244140625
-0.0431900024414062 0.0363540649414063 0.317596435546875 -0.2095947265625
0.0129890441894531 0.0420494079589844 0.083343505859375 -0.192062377929688
0.0414505004882813 0.00867462158203125 0.0140380859375 -0.0408172607421875
0.0253791809082031 -0.0388259887695313 0.0388832092285156 0.0246238708496094
1.1444091796874E-05 -0.035736083984375 0.0750579833984375 0.0708541870117187
-0.00576019287109375 -0.0263042449951172 0.08837890625 0.110282897949219
-0.00970077514648438 -0.0258960723876953 0.118667602539063 0.2156982421875
0.00261116027832031 -0.0190677642822266 0.050750732421875 0.3505859375
0.0148048400878906 -0.0196933746337891 -0.1165771484375 0.437469482421875
0.0176868438720703 0.0224857330322266 -0.406219482421875 0.358856201171875
-0.0224761962890625 0.0626335144042969 -0.63690185546875 0.0139770507812501
-0.0578804016113281 0.0431938171386719 -0.52789306640625 -0.22637939453125
-0.126319885253906 -0.00817108154296873 -0.3973388671875 -0.426483154296875
0.154693603515625 -0.013671875 -0.16741943359375 0.282989501953125
0.142745971679688 -0.0943145751953125 0.280136108398437 0.181854248046875
-0.045806884765625 -0.155715942382813 0.317840576171875 -0.169769287109375
-0.125106811523438 -0.04144287109375 0.1177978515625 -0.168960571289063
-0.09375 0.065460205078125 0.033935546875 -0.0595817565917969
0.00591278076171874 0.0821533203125 0.0480384826660156 0.0115585327148438
0.0419731140136719 0.0543861389160156 0.0738067626953125 0.0692672729492188
0.0191078186035156 0.0490379333496094 0.087921142578125 0.105766296386719
0.0236740112304688 0.0470046997070313 0.131362915039063 0.215621948242187
0.00796890258789062 0.0482597351074219 0.0753173828125 0.349639892578125
-0.0240707397460938 0.0355682373046875 -0.0908203125 0.44091796875
-0.0539207458496094 0.0234489440917969 -0.383697509765625 0.38446044921875
-0.0626716613769531 -0.0244140625 -0.62353515625 0.06146240234375
0.00119781494140624 -0.0625572204589844 -0.553680419921875 -0.18707275390625
0.0330123901367188 -0.0298919677734375 -0.432525634765625 -0.422943115234375
0.32843017578125 -0.025421142578125 -0.142059326171875 0.274017333984375
0.262527465820313 -0.202285766601563 0.2247314453125 0.200393676757813
-0.060211181640625 -0.312347412109375 0.31280517578125 -0.082733154296875
-0.239166259765625 -0.103225708007813 0.197113037109375 -0.126907348632812
-0.200729370117188 0.111968994140625 0.0912322998046875 -0.107040405273438
-0.0123138427734375 0.180694580078125 0.0575294494628906 -0.0478363037109375
0.0740280151367188 0.133247375488281 0.0521202087402344 0.0347976684570313
0.0426101684570312 0.120170593261719 0.0727005004882813 0.08648681640625
0.0582199096679688 0.115798950195313 0.134445190429687 0.20355224609375
0.0190277099609375 0.11871337890625 0.09063720703125 0.338592529296875
-0.06329345703125 0.102302551269531 -0.076202392578125 0.43292236328125
-0.135063171386719 0.0314559936523437 -0.366180419921875 0.3900146484375
-0.110359191894531 -0.119285583496094 -0.5972900390625 0.0851440429687501
0.0625152587890625 -0.174163818359375 -0.545440673828125 -0.1632080078125
0.19140625 -0.0535736083984375 -0.422393798828125 -0.409942626953125
0.435760498046875 -0.03753662109375 -0.0799713134765625 0.280715942382813
0.30889892578125 -0.285491943359375 0.191070556640625 0.24371337890625
-0.09503173828125 -0.395050048828125 0.344146728515625 0.02276611328125
-0.3056640625 -0.117919921875 0.312286376953125 -0.103759765625
-0.250823974609375 0.144912719726563 0.158843994140625 -0.183441162109375
-0.0181732177734375 0.237167358398437 0.0558395385742188 -0.137344360351563
0.0926361083984375 0.184951782226563 0.0130195617675781 -0.0211086273193359
0.060211181640625 0.174835205078125 0.0452880859375 0.0535392761230469
0.089080810546875 0.176193237304688 0.119857788085938 0.1781005859375
0.026824951171875 0.190383911132812 0.085052490234375 0.3077392578125
-0.110198974609375 0.170639038085938 -0.08203125 0.3975830078125
-0.224929809570312 0.037200927734375 -0.3482666015625 0.35980224609375
-0.15283203125 -0.221923828125 -0.54791259765625 0.0795593261718749
0.128494262695313 -0.274520874023438 -0.505645751953125 -0.149078369140625
0.327362060546875 -0.068145751953125 -0.36285400390625 -0.387664794921875
0.46978759765625 -0.048126220703125 0.008331298828125 0.30596923828125
0.29345703125 -0.3121337890625 0.209197998046875 0.30487060546875
-0.117523193359375 -0.388916015625 0.42120361328125 0.096282958984375
-0.303253173828125 -0.09857177734375 0.423370361328125 -0.129058837890625
-0.240447998046875 0.151473999023438 0.2056884765625 -0.274459838867188
-0.013397216796875 0.243133544921875 0.0385284423828125 -0.231109619140625
0.09698486328125 0.2042236328125 -0.0331039428710937 -0.0830230712890625
0.0689849853515625 0.204986572265625 0.0104217529296875 0.0104684829711914
0.105972290039062 0.21942138671875 0.0852432250976562 0.135154724121094
0.0235748291015625 0.249725341796875 0.0545806884765625 0.250076293945313
-0.165802001953125 0.219329833984375 -0.097625732421875 0.31964111328125
-0.305511474609375 0.016815185546875 -0.31439208984375 0.290283203125
-0.159942626953125 -0.321197509765625 -0.466094970703125 0.0664367675781251
0.20166015625 -0.335601806640625 -0.443145751953125 -0.13763427734375
0.419525146484375 -0.062896728515625 -0.26611328125 -0.35845947265625
0.4385986328125 -0.053314208984375 0.1181640625 0.340789794921875
0.246826171875 -0.283843994140625 0.28057861328125 0.344757080078125
-0.10638427734375 -0.319976806640625 0.507171630859375 0.10382080078125
-0.243927001953125 -0.070556640625 0.48931884765625 -0.1942138671875
-0.191009521484375 0.128204345703125 0.21661376953125 -0.3565673828125
-0.00483703613281252 0.210113525390625 0.00799560546875001 -0.3050537109375
0.0881500244140625 0.192855834960938 -0.0773239135742188 -0.137481689453125
0.06585693359375 0.206985473632812 -0.0275421142578125 -0.0373382568359375
0.101287841796875 0.235061645507813 0.0345840454101563 0.07525634765625
-0.000122070312500001 0.272842407226563 0.011016845703125 0.16314697265625
-0.21600341796875 0.21575927734375 -0.1029052734375 0.209320068359375
-0.337554931640625 -0.037384033203125 -0.247055053710938 0.208740234375
-0.108489990234375 -0.377227783203125 -0.37042236328125 0.0754089355468749
0.26336669921875 -0.3262939453125 -0.384124755859375 -0.114227294921875
0.443267822265625 -0.03466796875 -0.153472900390625 -0.32562255859375
0.35223388671875 -0.050750732421875 0.23193359375 0.3697509765625
0.1915283203125 -0.215179443359375 0.3731689453125 0.34722900390625
-0.0703125 -0.23016357421875 0.56268310546875 0.05902099609375
-0.161209106445313 -0.0497283935546875 0.49871826171875 -0.26593017578125
-0.130508422851563 0.08734130859375 0.199981689453125 -0.409332275390625
9.45698968001564E-18 0.154449462890625 -0.023773193359375 -0.34844970703125
0.0674896240234375 0.158096313476563 -0.112899780273438 -0.177581787109375
0.052459716796875 0.17840576171875 -0.0625152587890625 -0.08001708984375
0.077484130859375 0.213943481445313 -0.017974853515625 0.00700950622558595
-0.028961181640625 0.242767333984375 -0.0243759155273438 0.0642051696777344
-0.223419189453125 0.155746459960937 -0.077362060546875 0.101463317871094
-0.28363037109375 -0.096405029296875 -0.157974243164063 0.158187866210937
-0.018646240234375 -0.3448486328125 -0.306121826171875 0.122589111328125
0.279525756835938 -0.240676879882813 -0.358184814453125 -0.091094970703125
0.382965087890625 0.004608154296875 -0.038360595703125 -0.291595458984375
0.223495483398437 -0.0389556884765625 0.332977294921875 0.3853759765625
0.135536193847656 -0.127510070800781 0.457000732421875 0.3135986328125
-0.027557373046875 -0.141067504882813 0.58441162109375 0.000183105468749991
-0.0823822021484375 -0.0355224609375 0.477783203125 -0.32470703125
-0.0741806030273437 0.0421676635742188 0.173004150390625 -0.43646240234375
0.000122070312500001 0.0929183959960938 -0.054656982421875 -0.36431884765625
0.0393295288085937 0.106208801269531 -0.139373779296875 -0.197982788085938
0.0311965942382812 0.123794555664063 -0.0893478393554688 -0.111373901367187
0.0396575927734375 0.154983520507813 -0.057586669921875 -0.0529365539550781
-0.045257568359375 0.159576416015625 -0.0410919189453125 -0.0185127258300781
-0.166275024414063 0.0659942626953125 -0.0361404418945313 0.0322761535644531
-0.157882690429688 -0.1085205078125 -0.0878143310546875 0.148162841796875
0.05096435546875 -0.215240478515625 -0.298309326171875 0.168121337890625
0.21356201171875 -0.110870361328125 -0.3570556640625 -0.0885314941406251
0.240509033203125 0.0348358154296875 0.0585784912109375 -0.261566162109375
-0.0583953857421875 0.00204849243164063 -0.127716064453125 0.3172607421875
-0.0147285461425781 0.0191936492919922 0.344940185546875 0.138519287109375
-0.0423393249511719 0.0403823852539063 0.302825927734375 -0.244384765625
0.0147552490234375 0.0423583984375 0.0671844482421875 -0.203933715820312
0.0436859130859375 0.00661087036132813 0.0121803283691406 -0.0427589416503906
0.0254173278808594 -0.0428276062011719 0.0408248901367188 0.0217475891113281
-0.00206756591796875 -0.0373115539550781 0.07891845703125 0.0700607299804688
-0.00675773620605469 -0.0275001525878906 0.0946273803710938 0.110366821289063
-0.0108909606933594 -0.0247821807861328 0.134078979492188 0.21514892578125
0.000314712524414064 -0.0194988250732422 0.074188232421875 0.356109619140625
0.0121479034423828 -0.0213832855224609 -0.088104248046875 0.457122802734375
0.0206565856933594 0.0211505889892578 -0.390411376953125 0.40252685546875
-0.0175666809082031 0.0673942565917969 -0.6578369140625 0.0653076171874999
-0.0584907531738281 0.0479698181152344 -0.560821533203125 -0.193450927734375
-0.1298828125 0.00317382812500001 -0.440826416015625 -0.413665771484375
0.159759521484375 -0.025177001953125 -0.150482177734375 0.302032470703125
0.141937255859375 -0.111724853515625 0.30157470703125 0.161529541015625
-0.0599517822265625 -0.158004760742188 0.3048095703125 -0.20257568359375
-0.133964538574219 -0.0335769653320312 0.104965209960937 -0.182601928710938
-0.09027099609375 0.0763168334960938 0.0308456420898437 -0.0633010864257813
0.014495849609375 0.0823822021484375 0.0485115051269531 0.00681686401367188
0.0474929809570312 0.0506172180175781 0.0781478881835938 0.06732177734375
0.0240669250488281 0.0484085083007813 0.0947189331054688 0.105476379394531
0.0280418395996094 0.0464363098144531 0.14727783203125 0.212738037109375
0.0102882385253906 0.0478096008300781 0.100250244140625 0.352813720703125
-0.0234565734863281 0.0374298095703125 -0.059356689453125 0.460662841796875
-0.0518836975097656 0.0258560180664063 -0.364898681640625 0.428375244140625
-0.0634841918945313 -0.0191421508789062 -0.63922119140625 0.11279296875
-0.00488281250000001 -0.06317138671875 -0.5841064453125 -0.15228271484375
0.0343303680419922 -0.0298061370849609 -0.47882080078125 -0.407135009765625
0.338653564453125 -0.049530029296875 -0.124298095703125 0.289581298828125
0.25775146484375 -0.232437133789063 0.24542236328125 0.185226440429687
-0.087066650390625 -0.31939697265625 0.30633544921875 -0.111358642578125
-0.255355834960938 -0.0894927978515624 0.19140625 -0.1444091796875
-0.196609497070313 0.131423950195313 0.086212158203125 -0.116600036621094
0.00277709960937498 0.18365478515625 0.0539779663085938 -0.0558090209960937
0.0858993530273438 0.127960205078125 0.0534439086914063 0.0339851379394531
0.0528106689453125 0.118980407714844 0.0784759521484375 0.0863113403320313
0.0690689086914063 0.114067077636719 0.150634765625 0.19927978515625
0.0255661010742187 0.118553161621094 0.11572265625 0.339752197265625
-0.0584335327148438 0.107192993164063 -0.04559326171875 0.452880859375
-0.134117126464844 0.0397567749023438 -0.34552001953125 0.43316650390625
-0.118865966796875 -0.1131591796875 -0.61102294921875 0.13421630859375
0.05126953125 -0.181442260742188 -0.57470703125 -0.1259765625
0.197158813476563 -0.0640411376953125 -0.466796875 -0.393218994140625
0.446868896484375 -0.06915283203125 -0.059783935546875 0.292816162109375
0.299102783203125 -0.31884765625 0.213607788085938 0.234512329101562
-0.1285400390625 -0.40057373046875 0.3480224609375 -0.00454711914062502
-0.32330322265625 -0.0998229980468751 0.312530517578125 -0.12908935546875
-0.245468139648437 0.168777465820313 0.150299072265625 -0.200302124023438
0.000640869140624984 0.24078369140625 0.0454864501953125 -0.147857666015625
0.108169555664063 0.178695678710938 0.0107612609863281 -0.0202465057373047
0.0743560791015625 0.173675537109375 0.0486984252929688 0.0530014038085938
0.104812622070313 0.172683715820313 0.13525390625 0.173080444335938
0.039825439453125 0.190505981445313 0.108917236328125 0.3089599609375
-0.10076904296875 0.181838989257813 -0.054290771484375 0.415985107421875
-0.227615356445312 0.0521240234375 -0.33099365234375 0.40008544921875
-0.170242309570313 -0.216262817382812 -0.55908203125 0.12371826171875
0.1126708984375 -0.291015625 -0.5330810546875 -0.115966796875
0.3385009765625 -0.089599609375 -0.404205322265625 -0.374420166015625
0.482452392578125 -0.0810546875 0.0333251953125 0.3131103515625
0.28167724609375 -0.345123291015625 0.237060546875 0.29632568359375
-0.149505615234375 -0.39141845703125 0.43560791015625 0.06671142578125
-0.31756591796875 -0.08050537109375 0.425933837890625 -0.16357421875
-0.233291625976563 0.173858642578125 0.191802978515625 -0.298370361328125
0.00471496582031248 0.24664306640625 0.020599365234375 -0.24322509765625
0.114166259765625 0.198104858398438 -0.0396347045898437 -0.0810775756835937
0.0856475830078125 0.204986572265625 0.0106582641601563 0.0104856491088867
0.125106811523438 0.215866088867187 0.0975341796875 0.13055419921875
0.0410614013671875 0.251861572265625 0.0742950439453125 0.2525634765625
-0.154037475585938 0.23736572265625 -0.07659912109375 0.338287353515625
-0.31317138671875 0.038604736328125 -0.30035400390625 0.325408935546875
-0.186737060546875 -0.31964111328125 -0.4737548828125 0.103179931640625
0.18389892578125 -0.36041259765625 -0.466339111328125 -0.106414794921875
0.434356689453125 -0.09149169921875 -0.303924560546875 -0.349639892578125
0.4495849609375 -0.084503173828125 0.147705078125 0.3426513671875
0.23468017578125 -0.311248779296875 0.31463623046875 0.33416748046875
-0.1331787109375 -0.321746826171875 0.525848388671875 0.068450927734375
-0.253402709960937 -0.0560302734375 0.489349365234375 -0.23565673828125
-0.184738159179688 0.145965576171875 0.1964111328125 -0.381988525390625
0.0105743408203125 0.210800170898438 -0.01568603515625 -0.315399169921875
0.104339599609375 0.186904907226563 -0.0881729125976563 -0.134437561035156
0.083038330078125 0.20648193359375 -0.0301551818847656 -0.0360946655273437
0.122634887695312 0.233016967773438 0.041900634765625 0.0725479125976563
0.01934814453125 0.278518676757813 0.022735595703125 0.166885375976563
-0.205490112304687 0.238784790039063 -0.091278076171875 0.22467041015625
-0.351593017578125 -0.0144958496093749 -0.238052368164063 0.235595703125
-0.138885498046875 -0.38189697265625 -0.373809814453125 0.105621337890625
0.24993896484375 -0.356292724609375 -0.4033203125 -0.08563232421875
0.46270751953125 -0.065093994140625 -0.1839599609375 -0.322357177734375
0.3603515625 -0.075775146484375 0.267547607421875 0.366455078125
0.182418823242188 -0.236557006835938 0.412811279296875 0.329376220703125
-0.0882110595703125 -0.231475830078125 0.5819091796875 0.01947021484375
-0.167205810546875 -0.0417633056640625 0.4931640625 -0.311798095703125
-0.126068115234375 0.0987472534179688 0.176239013671875 -0.434783935546875
0.0114288330078125 0.15423583984375 -0.051025390625 -0.356842041015625
0.0811920166015625 0.152664184570313 -0.126510620117188 -0.172866821289062
0.0683441162109375 0.178207397460938 -0.0691375732421875 -0.0786056518554687
0.0964202880859375 0.213714599609375 -0.0171604156494141 0.00683116912841798
-0.0128021240234375 0.250167846679687 -0.0208244323730469 0.0675811767578125
-0.218338012695313 0.177780151367188 -0.0736312866210938 0.110458374023438
-0.302001953125 -0.07989501953125 -0.148971557617188 0.174758911132813
-0.042755126953125 -0.35693359375 -0.301116943359375 0.150787353515625
0.274032592773438 -0.270309448242188 -0.375732421875 -0.06158447265625
0.40301513671875 -0.0206298828125 -0.063873291015625 -0.29376220703125
0.227874755859375 -0.0549774169921875 0.372406005859375 0.375152587890625
0.130996704101563 -0.142059326171875 0.49713134765625 0.29052734375
-0.0381927490234375 -0.142349243164063 0.59942626953125 -0.04510498046875
-0.085357666015625 -0.0324020385742188 0.4664306640625 -0.3699951171875
-0.07159423828125 0.0494537353515625 0.144805908203125 -0.459228515625
0.00728607177734375 0.0918807983398438 -0.080718994140625 -0.369781494140625
0.0487060546875 0.102516174316406 -0.153717041015625 -0.193572998046875
0.0426177978515625 0.124313354492188 -0.0983200073242188 -0.110069274902344
0.053955078125 0.155868530273437 -0.0626602172851563 -0.0520362854003906
-0.0351715087890625 0.166824340820312 -0.0441017150878906 -0.0158958435058594
-0.166336059570313 0.08111572265625 -0.0366554260253906 0.0360565185546875
-0.17242431640625 -0.101730346679688 -0.07659912109375 0.159164428710938
0.038238525390625 -0.228500366210938 -0.2899169921875 0.19952392578125
0.214065551757812 -0.130996704101562 -0.37432861328125 -0.05853271484375
0.25677490234375 0.02081298828125 0.038482666015625 -0.269088745117188
-0.0587844848632813 0.00662994384765626 -0.102325439453125 0.32489013671875
-0.0142478942871094 0.0169248580932617 0.353179931640625 0.10662841796875
-0.0396041870117187 0.0446090698242188 0.2730712890625 -0.270919799804688
0.0168609619140625 0.0414581298828125 0.0469818115234375 -0.208267211914063
0.04595947265625 0.00434494018554688 0.0089263916015625 -0.0435409545898438
0.0237197875976562 -0.0455436706542969 0.0398483276367188 0.0181503295898437
-0.00393295288085938 -0.0386619567871094 0.08135986328125 0.0660247802734375
-0.00755500793457031 -0.0274124145507813 0.0997848510742188 0.1058349609375
-0.0116348266601563 -0.0237369537353516 0.146835327148438 0.206283569335938
-0.00187492370605469 -0.0180778503417969 0.0989990234375 0.34967041015625
0.00895118713378906 -0.0215167999267578 -0.050872802734375 0.4632568359375
0.0230827331542969 0.0182704925537109 -0.355072021484375 0.433837890625
-0.01177978515625 0.0697593688964844 -0.652587890625 0.12188720703125
-0.056304931640625 0.0540351867675781 -0.57568359375 -0.1488037109375
-0.128105163574219 0.01397705078125 -0.472076416015625 -0.3836669921875
0.1578369140625 -0.0376129150390625 -0.12542724609375 0.31109619140625
0.13336181640625 -0.126960754394531 0.31268310546875 0.133514404296875
-0.0738983154296875 -0.152801513671875 0.278411865234375 -0.228073120117188
-0.137527465820313 -0.0227737426757813 0.08642578125 -0.189208984375
-0.0820465087890625 0.08441162109375 0.0264739990234375 -0.0658454895019531
0.0222625732421875 0.0783004760742188 0.0461273193359375 0.00151824951171875
0.0510597229003906 0.0445404052734375 0.081085205078125 0.0637283325195313
0.0277824401855469 0.0461540222167969 0.0993118286132813 0.101943969726563
0.0318107604980469 0.0431480407714844 0.160171508789062 0.201751708984375
0.011962890625 0.046783447265625 0.125457763671875 0.34423828125
-0.021453857421875 0.0386238098144531 -0.023223876953125 0.46435546875
-0.0486259460449219 0.0272445678710938 -0.326416015625 0.458984375
-0.0631866455078125 -0.0124092102050781 -0.633056640625 0.167724609375
-0.00972366333007812 -0.0603141784667969 -0.59625244140625 -0.1058349609375
0.0356979370117188 -0.0299644470214844 -0.509979248046875 -0.373321533203125
0.3353271484375 -0.075531005859375 -0.09954833984375 0.296234130859375
0.24041748046875 -0.256378173828125 0.259292602539063 0.162307739257812
-0.113494873046875 -0.3115234375 0.287689208984375 -0.136444091796875
-0.262786865234375 -0.069732666015625 0.177505493164062 -0.158233642578125
-0.18389892578125 0.14776611328125 0.0772552490234375 -0.123519897460938
0.0186309814453125 0.17962646484375 0.0457382202148438 -0.0621795654296875
0.0946044921875 0.11767578125 0.0545425415039063 0.0316276550292969
0.06048583984375 0.113388061523437 0.0828323364257813 0.0832366943359375
0.0772171020507813 0.106857299804688 0.163619995117188 0.186721801757813
0.0324172973632813 0.115730285644531 0.14013671875 0.3292236328125
-0.0502853393554688 0.109672546386719 -0.00909423828125005 0.45465087890625
-0.129402160644531 0.0470733642578125 -0.308258056640625 0.46160888671875
-0.124153137207031 -0.102348327636719 -0.600830078125 0.18682861328125
0.03814697265625 -0.182403564453125 -0.584716796875 -0.0809936523437501
0.197418212890625 -0.076751708984375 -0.498260498046875 -0.36016845703125
0.441925048828125 -0.102508544921875 -0.03521728515625 0.2940673828125
0.274749755859375 -0.345550537109375 0.230453491210938 0.213211059570312
-0.160614013671875 -0.389251708984375 0.33929443359375 -0.03216552734375
-0.33172607421875 -0.075958251953125 0.300567626953125 -0.153411865234375
-0.229171752929688 0.188034057617187 0.134613037109375 -0.212432861328125
0.0197296142578125 0.23577880859375 0.0306549072265625 -0.153762817382812
0.120086669921875 0.166412353515625 0.00839042663574219 -0.0199260711669922
0.0868682861328125 0.166534423828125 0.0512275695800781 0.0510368347167969
0.117263793945313 0.162460327148438 0.147109985351563 0.161117553710938
0.053192138671875 0.185516357421875 0.13116455078125 0.299652099609375
-0.085784912109375 0.187728881835937 -0.02032470703125 0.420135498046875
-0.221145629882812 0.0665740966796875 -0.296295166015625 0.428131103515625
-0.18414306640625 -0.202316284179688 -0.5496826171875 0.17254638671875
0.09222412109375 -0.296234130859375 -0.541778564453125 -0.0723571777343751
0.338165283203125 -0.1124267578125 -0.436737060546875 -0.343109130859375
0.475860595703125 -0.118011474609375 0.05908203125 0.3077392578125
0.254791259765625 -0.368408203125 0.259078979492188 0.2752685546875
-0.179534912109375 -0.378143310546875 0.433197021484375 0.033050537109375
-0.322540283203125 -0.057464599609375 0.411895751953125 -0.19635009765625
-0.216964721679688 0.191024780273438 0.16827392578125 -0.31170654296875
0.0238494873046875 0.239410400390625 -0.0012359619140625 -0.24566650390625
0.127273559570313 0.184280395507813 -0.0457916259765625 -0.0763931274414062
0.0996551513671875 0.196151733398437 0.0109615325927734 0.0101337432861328
0.14093017578125 0.202987670898438 0.107215881347656 0.121345520019531
0.0589141845703125 0.246078491210937 0.0926361083984375 0.24517822265625
-0.134490966796875 0.247894287109375 -0.049560546875 0.344635009765625
-0.309844970703125 0.06085205078125 -0.273651123046875 0.351043701171875
-0.209259033203125 -0.30340576171875 -0.464691162109375 0.14276123046875
0.158172607421875 -0.372650146484375 -0.474456787109375 -0.066497802734375
0.435516357421875 -0.1226806640625 -0.333465576171875 -0.3253173828125
0.442718505859375 -0.115966796875 0.175628662109375 0.3297119140625
0.21063232421875 -0.33050537109375 0.340972900390625 0.3077392578125
-0.15594482421875 -0.308929443359375 0.526153564453125 0.02691650390625
-0.255416870117188 -0.0389404296875 0.468505859375 -0.275115966796875
-0.169891357421875 0.158172607421875 0.1656494140625 -0.39593505859375
0.0258636474609375 0.203201293945313 -0.042083740234375 -0.314605712890625
0.116363525390625 0.173721313476563 -0.0966796875 -0.126327514648437
0.097991943359375 0.198028564453125 -0.0330829620361328 -0.0344600677490234
0.140335083007813 0.220626831054688 0.0470962524414063 0.0672264099121094
0.040008544921875 0.275314331054688 0.035125732421875 0.164077758789063
-0.185089111328125 0.254653930664063 -0.0740814208984375 0.232864379882813
-0.353057861328125 0.01116943359375 -0.218887329101563 0.254669189453125
-0.167755126953125 -0.373199462890625 -0.361968994140625 0.137664794921875
0.22515869140625 -0.375823974609375 -0.408966064453125 -0.048583984375
0.46636962890625 -0.0994873046875 -0.211395263671875 -0.30426025390625
0.354278564453125 -0.101287841796875 0.297637939453125 0.34600830078125
0.164306640625 -0.250686645507813 0.438934326171875 0.296356201171875
-0.104660034179688 -0.22332763671875 0.57977294921875 -0.0279541015625
-0.168243408203125 -0.0305633544921875 0.46807861328125 -0.3492431640625
-0.115379333496094 0.106849670410156 0.140655517578125 -0.4456787109375
0.0221099853515625 0.148056030273438 -0.078216552734375 -0.35150146484375
0.091796875 0.141845703125 -0.136505126953125 -0.16217041015625
0.081390380859375 0.170623779296875 -0.0736923217773438 -0.0749969482421875
0.113296508789063 0.204055786132813 -0.0170822143554687 0.00634098052978517
0.00616455078125001 0.250534057617188 -0.0161247253417969 0.0686149597167969
-0.2037353515625 0.195999145507813 -0.0658035278320312 0.117156982421875
-0.309967041015625 -0.056427001953125 -0.133377075195313 0.18695068359375
-0.07000732421875 -0.35546875 -0.2833251953125 0.177154541015625
0.255218505859375 -0.292510986328125 -0.378692626953125 -0.0252685546874999
0.4105224609375 -0.051483154296875 -0.0888671875 -0.2845458984375
0.223770141601563 -0.07098388671875 0.40399169921875 0.348724365234375
0.119216918945313 -0.15252685546875 0.520904541015625 0.251739501953125
-0.0474777221679688 -0.13873291015625 0.59246826171875 -0.0924072265625
-0.0859222412109375 -0.026397705078125 0.434844970703125 -0.405181884765625
-0.0650978088378906 0.0541648864746094 0.10858154296875 -0.4676513671875
0.01397705078125 0.087432861328125 -0.1090087890625 -0.361602783203125
0.056060791015625 0.0946426391601563 -0.164321899414063 -0.18109130859375
0.0526809692382813 0.11932373046875 -0.104995727539063 -0.103828430175781
0.0663299560546875 0.150588989257813 -0.0662727355957031 -0.048553466796875
-0.0218505859375 0.168914794921875 -0.0462608337402344 -0.0122756958007812
-0.160537719726562 0.095977783203125 -0.0345878601074219 0.0390701293945313
-0.182373046875 -0.0900421142578125 -0.061767578125 0.165237426757813
0.0207366943359375 -0.233688354492188 -0.2689208984375 0.22589111328125
0.207229614257813 -0.148147583007813 -0.378814697265625 -0.0213012695312501
0.263885498046875 0.001861572265625 0.01507568359375 -0.266769409179688
-0.0585784912109375 0.0107688903808594 -0.08038330078125 0.322509765625
-0.0151491165161133 0.0145816802978516 0.34954833984375 0.080596923828125
-0.0377426147460938 0.0464363098144531 0.243011474609375 -0.281707763671875
0.017730712890625 0.0413017272949219 0.02978515625 -0.205917358398438
0.0466499328613281 0.0014495849609375 0.00664520263671875 -0.04351806640625
0.0214309692382812 -0.04864501953125 0.0372276306152344 0.0159568786621094
-0.0059814453125 -0.0390129089355469 0.0814285278320313 0.0620193481445313
-0.00825691223144531 -0.0275173187255859 0.100807189941406 0.101493835449219
-0.0117778778076172 -0.0224742889404297 0.151885986328125 0.196212768554688
-0.0028533935546875 -0.0165596008300781 0.11474609375 0.33660888671875
0.00650215148925781 -0.0198955535888672 -0.022369384765625 0.45465087890625
0.0236072540283203 0.0153217315673828 -0.319915771484375 0.447906494140625
-0.00653839111328125 0.0708541870117188 -0.63348388671875 0.16314697265625
-0.0523681640625 0.0568161010742188 -0.57257080078125 -0.1119384765625
-0.122802734375 0.0200424194335938 -0.48779296875 -0.3541259765625
0.152877807617188 -0.0451812744140625 -0.104400634765625 0.3096923828125
0.122962951660156 -0.135307312011719 0.312591552734375 0.10894775390625
-0.08245849609375 -0.14483642578125 0.250640869140625 -0.23968505859375
-0.137619018554688 -0.013092041015625 0.0707550048828125 -0.189895629882813
-0.0737457275390625 0.088043212890625 0.021759033203125 -0.0664100646972656
0.026458740234375 0.0721206665039063 0.0415191650390625 -0.00156402587890625
0.0517044067382812 0.0378913879394531 0.0813980102539062 0.0597991943359375
0.0297927856445313 0.0419464111328125 0.100700378417969 0.0968246459960938
0.0333671569824219 0.0403480529785156 0.164749145507813 0.190597534179688
0.0136184692382813 0.0453529357910156 0.139312744140625 0.329437255859375
-0.0197486877441406 0.0384674072265625 0.00558471679687499 0.454193115234375
-0.0462455749511719 0.0266761779785156 -0.291259765625 0.471160888671875
-0.0598983764648438 -0.00689315795898437 -0.60870361328125 0.205810546875
-0.0119094848632813 -0.0565605163574219 -0.59124755859375 -0.06976318359375
0.0371894836425781 -0.0309867858886719 -0.52459716796875 -0.34100341796875
0.32440185546875 -0.09124755859375 -0.079559326171875 0.292938232421875
0.220855712890625 -0.26861572265625 0.261611938476563 0.139907836914062
-0.129608154296875 -0.298858642578125 0.265411376953125 -0.148895263671875
-0.263046264648438 -0.052734375 0.162750244140625 -0.164764404296875
-0.169342041015625 0.15570068359375 0.0689849853515625 -0.125648498535156
0.02801513671875 0.1707763671875 0.0379867553710937 -0.0640678405761719
0.0977325439453125 0.107192993164063 0.0542335510253906 0.0301895141601563
0.0651016235351563 0.106895446777344 0.0833587646484375 0.0789337158203125
0.0812149047851563 0.0983200073242188 0.168075561523438 0.174942016601563
0.0371627807617187 0.110633850097656 0.154510498046875 0.31427001953125
-0.0432662963867188 0.108734130859375 0.0185546875 0.445648193359375
-0.123786926269531 0.0502090454101563 -0.272979736328125 0.4730224609375
-0.123809814453125 -0.0918197631835937 -0.57904052734375 0.22216796875
0.0289306640625 -0.178024291992188 -0.58050537109375 -0.0444335937500001
0.19482421875 -0.0849456787109375 -0.51190185546875 -0.328704833984375
0.428680419921875 -0.12371826171875 -0.01605224609375 0.2874755859375
0.251190185546875 -0.356781005859375 0.237167358398438 0.192489624023437
-0.1795654296875 -0.371185302734375 0.323089599609375 -0.047882080078125
-0.3291015625 -0.055572509765625 0.2852783203125 -0.167327880859375
-0.211715698242188 0.196990966796875 0.120010375976563 -0.21612548828125
0.0323028564453125 0.224411010742187 0.0172271728515625 -0.1531982421875
0.12451171875 0.152633666992188 0.00726699829101563 -0.0181179046630859
0.0929718017578125 0.156814575195313 0.051116943359375 0.0486946105957031
0.123138427734375 0.150054931640625 0.151519775390625 0.148452758789063
0.0604248046875 0.177581787109375 0.14544677734375 0.284637451171875
-0.0730743408203125 0.186843872070313 0.00531005859374996 0.41259765625
-0.213165283203125 0.07574462890625 -0.264495849609375 0.440277099609375
-0.188613891601563 -0.186676025390625 -0.5294189453125 0.20428466796875
0.076171875 -0.2940673828125 -0.5362548828125 -0.0386047363281251
0.332366943359375 -0.12860107421875 -0.451202392578125 -0.311920166015625
0.460235595703125 -0.1383056640625 0.0772705078125 0.296173095703125
0.22930908203125 -0.376220703125 0.268768310546875 0.25299072265625
-0.197174072265625 -0.358795166015625 0.4217529296875 0.01031494140625
-0.318450927734375 -0.0383300781250001 0.3929443359375 -0.216796875
-0.200149536132812 0.19793701171875 0.1466064453125 -0.3157958984375
0.0342254638671875 0.22723388671875 -0.0184173583984375 -0.241043090820312
0.131271362304688 0.169479370117188 -0.0484466552734375 -0.0706100463867187
0.107467651367187 0.185272216796875 0.011012077331543 0.01007080078125
0.148910522460938 0.1885986328125 0.111122131347656 0.111198425292969
0.070343017578125 0.237030029296875 0.1048583984375 0.234481811523438
-0.11602783203125 0.248748779296875 -0.02947998046875 0.3414306640625
-0.30023193359375 0.075408935546875 -0.2469482421875 0.3624267578125
-0.220672607421875 -0.2860107421875 -0.446533203125 0.168609619140625
0.137420654296875 -0.3746337890625 -0.46856689453125 -0.0346069335937499
0.428131103515625 -0.14581298828125 -0.3477783203125 -0.2991943359375
0.427581787109375 -0.1357421875 0.19256591796875 0.313323974609375
0.188018798828125 -0.334503173828125 0.351043701171875 0.282684326171875
-0.169036865234375 -0.293243408203125 0.515228271484375 -0.00201416015625002
-0.251312255859375 -0.0251312255859375 0.444549560546875 -0.296417236328125
-0.15576171875 0.162063598632812 0.140350341796875 -0.39697265625
0.034332275390625 0.191543579101563 -0.060516357421875 -0.30523681640625
0.120712280273438 0.159896850585937 -0.100479125976562 -0.117431640625
0.105789184570313 0.186843872070313 -0.034341812133789 -0.0324649810791016
0.15008544921875 0.205795288085938 0.0494461059570313 0.0624160766601563
0.054534912109375 0.266326904296875 0.0435333251953125 0.15936279296875
-0.165664672851563 0.260147094726563 -0.059783935546875 0.233535766601563
-0.34722900390625 0.03033447265625 -0.19891357421875 0.264404296875
-0.184417724609375 -0.356964111328125 -0.343963623046875 0.156219482421875
0.203155517578125 -0.38189697265625 -0.402557373046875 -0.019744873046875
0.460418701171875 -0.125335693359375 -0.225982666015625 -0.284576416015625
0.341400146484375 -0.11529541015625 0.313629150390625 0.32403564453125
0.146987915039063 -0.254119873046875 0.44915771484375 0.266357421875
-0.112350463867187 -0.212417602539063 0.5654296875 -0.0596923828125
-0.163742065429688 -0.0217132568359375 0.437103271484375 -0.3704833984375
-0.105110168457031 0.10882568359375 0.112548828125 -0.44415283203125
0.0275192260742187 0.138504028320313 -0.09686279296875 -0.34014892578125
0.0947113037109375 0.130134582519531 -0.1400146484375 -0.151016235351563
0.0883636474609375 0.161209106445313 -0.0757827758789063 -0.0708541870117187
0.121841430664062 0.19158935546875 -0.0159120559692383 0.00567626953125001
0.02093505859375 0.244949340820313 -0.0121078491210938 0.0687637329101563
-0.187835693359375 0.204330444335938 -0.0593948364257813 0.119117736816406
-0.310150146484375 -0.0387268066406251 -0.119354248046875 0.191482543945313
-0.08892822265625 -0.34710693359375 -0.26373291015625 0.192489624023437
0.238037109375 -0.30328369140625 -0.371795654296875 0.00320434570312504
0.4061279296875 -0.0751953125 -0.104782104492187 -0.26934814453125
0.214385986328125 -0.078765869140625 0.418060302734375 0.32171630859375
0.107940673828125 -0.15655517578125 0.52740478515625 0.218414306640625
-0.0527877807617188 -0.132301330566406 0.57574462890625 -0.1256103515625
-0.0842742919921875 -0.0222702026367187 0.40313720703125 -0.42340087890625
-0.059906005859375 0.0556182861328125 0.07977294921875 -0.462554931640625
0.016815185546875 0.0809173583984375 -0.125640869140625 -0.3480224609375
0.0592727661132812 0.0866622924804687 -0.167221069335937 -0.1689453125
0.0584487915039063 0.112808227539063 -0.10797119140625 -0.098968505859375
0.0742034912109375 0.142532348632813 -0.0678825378417969 -0.0453338623046875
-0.0112152099609375 0.1676025390625 -0.0466728210449219 -0.00904846191406249
-0.151077270507813 0.104110717773438 -0.0333442687988281 0.0398979187011719
-0.186553955078125 -0.078826904296875 -0.0486602783203125 0.165267944335938
0.00762939453124998 -0.231979370117188 -0.244384765625 0.241851806640625
0.1978759765625 -0.159027099609375 -0.370697021484375 0.00836181640625004
0.265853881835938 -0.014312744140625 -0.000991821289062511 -0.257080078125
-0.058349609375 0.0139617919921875 -0.067047119140625 0.316619873046875
-0.0167398452758789 0.0128517150878906 0.34429931640625 0.0631103515625
-0.0356216430664063 0.0479316711425781 0.221435546875 -0.285430908203125
0.01751708984375 0.0419158935546875 0.0182037353515625 -0.20208740234375
0.0474777221679687 0.000576019287109375 0.00516891479492188 -0.0436325073242188
0.0191421508789063 -0.0505447387695312 0.0345783233642578 0.0151214599609375
-0.0068206787109375 -0.0403251647949219 0.08099365234375 0.0611419677734375
-0.00859260559082031 -0.0285663604736328 0.0998001098632813 0.0996856689453125
-0.0108833312988281 -0.0223617553710938 0.15234375 0.189849853515625
-0.00283718109130859 -0.0150461196899414 0.120819091796875 0.325836181640625
0.00513076782226563 -0.0188369750976562 -0.00643920898437496 0.445526123046875
0.0229759216308594 0.0130252838134766 -0.298004150390625 0.451080322265625
-0.003448486328125 0.0708999633789063 -0.61474609375 0.1878662109375
-0.0494270324707031 0.0577430725097656 -0.566650390625 -0.0926513671875
-0.118728637695313 0.0213775634765625 -0.492034912109375 -0.33740234375
0.149078369140625 -0.04718017578125 -0.0899658203125 0.3038330078125
0.114303588867188 -0.140884399414063 0.309295654296875 0.0928955078125
-0.0867691040039063 -0.139183044433594 0.230117797851563 -0.243759155273438
-0.136550903320313 -0.00698089599609373 0.0595855712890625 -0.187789916992188
-0.068084716796875 0.089202880859375 0.019073486328125 -0.06658935546875
0.0277442932128906 0.0669517517089844 0.0379638671875 -0.00217437744140625
0.0507621765136719 0.0339241027832031 0.0811691284179688 0.0589752197265625
0.0295753479003906 0.0386314392089844 0.099090576171875 0.0955123901367188
0.0341072082519531 0.037109375 0.164413452148438 0.184585571289063
0.0143966674804688 0.0442886352539062 0.14544677734375 0.3182373046875
-0.0186767578125 0.0377883911132813 0.02008056640625 0.445159912109375
-0.0447196960449219 0.0255317687988281 -0.267181396484375 0.473602294921875
-0.0563087463378906 -0.00371170043945312 -0.59063720703125 0.22802734375
-0.0114059448242188 -0.0536155700683594 -0.5836181640625 -0.0487670898437499
0.0383186340332031 -0.0324745178222656 -0.52899169921875 -0.32562255859375
0.31732177734375 -0.097503662109375 -0.066864013671875 0.287261962890625
0.20770263671875 -0.274032592773438 0.260696411132813 0.12506103515625
-0.13836669921875 -0.288909912109375 0.248321533203125 -0.153778076171875
-0.260772705078125 -0.04180908203125 0.15185546875 -0.166351318359375
-0.16015625 0.158294677734375 0.06317138671875 -0.126739501953125
0.0316619873046875 0.1630859375 0.0317268371582031 -0.0645599365234375
0.0964584350585938 0.09893798828125 0.0537643432617188 0.0296516418457031
0.06610107421875 0.101463317871094 0.081787109375 0.07757568359375
0.0811920166015625 0.0929183959960938 0.167266845703125 0.167572021484375
0.0386734008789063 0.106071472167969 0.16119384765625 0.30206298828125
-0.0396652221679687 0.106452941894531 0.0333251953125 0.43621826171875
-0.120025634765625 0.0501251220703125 -0.249847412109375 0.4769287109375
-0.121673583984375 -0.08489990234375 -0.5615234375 0.24267578125
0.025726318359375 -0.1746826171875 -0.57135009765625 -0.0231933593749999
0.19354248046875 -0.0899658203125 -0.51715087890625 -0.308258056640625
0.41778564453125 -0.1307373046875 -0.00422668457031248 0.280242919921875
0.234222412109375 -0.360595703125 0.2369384765625 0.177658081054688
-0.189239501953125 -0.35797119140625 0.31024169921875 -0.05499267578125
-0.325531005859375 -0.043304443359375 0.274215698242187 -0.173446655273437
-0.200119018554688 0.198715209960937 0.110916137695312 -0.217269897460938
0.0358123779296875 0.214614868164063 0.00915527343750002 -0.150924682617188
0.124038696289063 0.142974853515625 0.00643157958984376 -0.0165138244628906
0.093536376953125 0.150543212890625 0.0503501892089844 0.0480995178222656
0.1239013671875 0.141815185546875 0.1517333984375 0.1414794921875
0.064361572265625 0.170883178710938 0.151397705078125 0.2738037109375
-0.06475830078125 0.183425903320312 0.019287109375 0.405364990234375
-0.206558227539063 0.0782318115234374 -0.243896484375 0.445709228515625
-0.188079833984375 -0.17645263671875 -0.51318359375 0.22308349609375
0.068603515625 -0.290740966796875 -0.527862548828125 -0.016632080078125
0.3284912109375 -0.13690185546875 -0.4559326171875 -0.294830322265625
0.4476318359375 -0.146575927734375 0.086700439453125 0.2861328125
0.212646484375 -0.3779296875 0.271148681640625 0.238037109375
-0.20367431640625 -0.34527587890625 0.411468505859375 -0.00100708007812502
-0.313201904296875 -0.028045654296875 0.37835693359375 -0.227142333984375
-0.187973022460937 0.198074340820313 0.134185791015625 -0.31536865234375
0.03802490234375 0.217315673828125 -0.0283355712890625 -0.2357177734375
0.130508422851563 0.15875244140625 -0.0493087768554687 -0.0671272277832031
0.109039306640625 0.17742919921875 0.00991535186767579 0.0105457305908203
0.150802612304688 0.178543090820313 0.111518859863281 0.105712890625
0.0766143798828125 0.228591918945313 0.110931396484375 0.226821899414063
-0.104690551757812 0.246795654296875 -0.01708984375 0.337127685546875
-0.293792724609375 0.083404541015625 -0.229583740234375 0.369110107421875
-0.224273681640625 -0.273590087890625 -0.431884765625 0.18377685546875
0.126129150390625 -0.373870849609375 -0.46099853515625 -0.0157775878906251
0.423309326171875 -0.1585693359375 -0.355224609375 -0.281402587890625
0.41619873046875 -0.14166259765625 0.201934814453125 0.3011474609375
0.174163818359375 -0.33404541015625 0.354278564453125 0.265350341796875
-0.17333984375 -0.28143310546875 0.503997802734375 -0.017974853515625
-0.245162963867188 -0.0181427001953125 0.4261474609375 -0.3072509765625
-0.14605712890625 0.16119384765625 0.12469482421875 -0.3935546875
0.035003662109375 0.182235717773437 -0.071807861328125 -0.2972412109375
0.119583129882813 0.149322509765625 -0.100090026855469 -0.111625671386719
0.107696533203125 0.179153442382812 -0.0350456237792969 -0.031005859375
0.151870727539063 0.195144653320313 0.0504798889160156 0.0585174560546875
0.06231689453125 0.258163452148438 0.0482635498046875 0.154556274414063
-0.153228759765625 0.260665893554688 -0.0531768798828125 0.233184814453125
-0.34222412109375 0.04205322265625 -0.185699462890625 0.269821166992188
-0.19329833984375 -0.345123291015625 -0.3297119140625 0.16729736328125
0.19061279296875 -0.385467529296875 -0.39434814453125 -0.00137329101562496
0.455413818359375 -0.139678955078125 -0.2337646484375 -0.26910400390625
0.3321533203125 -0.11944580078125 0.32061767578125 0.309600830078125
0.136489868164063 -0.253570556640625 0.449920654296875 0.246612548828125
-0.115081787109375 -0.2042236328125 0.551239013671875 -0.076629638671875
-0.159500122070313 -0.01806640625 0.417633056640625 -0.37945556640625
-0.0985183715820313 0.107032775878906 0.09552001953125 -0.43853759765625
0.026824951171875 0.130195617675781 -0.107177734375 -0.3289794921875
0.0946426391601563 0.121322631835938 -0.139480590820313 -0.143844604492187
0.0905609130859375 0.1546630859375 -0.0771026611328125 -0.0682144165039062
0.125778198242188 0.182571411132813 -0.0164155960083008 0.00548553466796876
0.0289764404296875 0.239013671875 -0.0101737976074219 0.0682144165039063
-0.176834106445313 0.207077026367188 -0.0565338134765625 0.119598388671875
-0.30859375 -0.0279541015624999 -0.108963012695313 0.194091796875
-0.09906005859375 -0.339874267578125 -0.247940063476563 0.200332641601562
0.228668212890625 -0.30908203125 -0.363037109375 0.0222473144531251
0.403839111328125 -0.08935546875 -0.112533569335937 -0.257339477539063
0.208740234375 -0.0798797607421875 0.42523193359375 0.3052978515625
0.100433349609375 -0.1572265625 0.527313232421875 0.19580078125
-0.05413818359375 -0.129501342773438 0.55987548828125 -0.14398193359375
-0.080810546875 -0.0201568603515625 0.381988525390625 -0.430419921875
-0.0553970336914063 0.054779052734375 0.064453125 -0.4559326171875
0.0157012939453125 0.0748138427734375 -0.132659912109375 -0.33648681640625
0.0587158203125 0.0802078247070313 -0.166168212890625 -0.161117553710938
0.0600967407226563 0.107124328613281 -0.109527587890625 -0.095794677734375
0.0771484375 0.136802673339844 -0.0682029724121094 -0.0430107116699219
-0.00462341308593749 0.16400146484375 -0.0459938049316406 -0.00793838500976562
-0.144912719726563 0.10699462890625 -0.0326881408691406 0.0398750305175781
-0.1883544921875 -0.071685791015625 -0.040435791015625 0.1649169921875
0.00122070312499998 -0.230072021484375 -0.226425170898437 0.249710083007813
0.1934814453125 -0.165252685546875 -0.36285400390625 0.0278625488281251
0.264846801757813 -0.0244140625 -0.01092529296875 -0.247329711914063
-0.0582046508789063 0.0171966552734375 -0.059967041015625 0.3153076171875
-0.0195083618164063 0.0114173889160156 0.34576416015625 0.052154541015625
-0.0359268188476562 0.0503082275390625 0.207794189453125 -0.28955078125
0.018280029296875 0.0433921813964844 0.00961303710937502 -0.200912475585937
0.0493812561035156 -0.0015716552734375 0.00308990478515625 -0.0443916320800781
0.0177383422851563 -0.0534133911132812 0.0322265625 0.0158214569091797
-0.00891494750976562 -0.0415153503417969 0.0813446044921875 0.0624237060546875
-0.00984764099121094 -0.0308933258056641 0.0986328125 0.101554870605469
-0.0113639831542969 -0.0232715606689453 0.1531982421875 0.19036865234375
-0.00232696533203125 -0.014862060546875 0.124267578125 0.3238525390625
0.00445175170898437 -0.0180778503417969 0.00238037109374995 0.4439697265625
0.0222110748291016 0.0115375518798828 -0.284393310546875 0.461669921875
-0.000839233398437502 0.0734634399414063 -0.61016845703125 0.2066650390625
-0.0478706359863281 0.0584259033203125 -0.56915283203125 -0.0813598632812499
-0.118354797363281 0.0209808349609375 -0.5040283203125 -0.33575439453125
0.148666381835938 -0.0484466552734375 -0.08258056640625 0.3023681640625
0.110122680664063 -0.145416259765625 0.310943603515625 0.082275390625
-0.090850830078125 -0.1373291015625 0.217269897460938 -0.247344970703125
-0.137046813964844 -0.002716064453125 0.0521240234375 -0.188308715820312
-0.06402587890625 0.0901641845703125 0.0167312622070313 -0.0677566528320313
0.0278434753417969 0.0636978149414063 0.0351638793945313 -0.00163650512695312
0.0493850708007813 0.0303153991699219 0.08099365234375 0.0595474243164063
0.0291404724121094 0.0370368957519531 0.0982894897460938 0.09722900390625
0.03375244140625 0.0353317260742188 0.165908813476563 0.183547973632812
0.0145835876464844 0.0436248779296875 0.14984130859375 0.31488037109375
-0.0194473266601563 0.0370101928710938 0.029052734375 0.443450927734375
-0.0454940795898438 0.0242271423339844 -0.25421142578125 0.483734130859375
-0.0534858703613281 -0.00119018554687499 -0.5850830078125 0.2479248046875
-0.0108070373535156 -0.0531272888183594 -0.58636474609375 -0.0384521484375001
0.03912353515625 -0.0350685119628906 -0.54107666015625 -0.319244384765625
0.31719970703125 -0.1009521484375 -0.05877685546875 0.28485107421875
0.201934814453125 -0.281280517578125 0.262893676757813 0.11541748046875
-0.1456298828125 -0.2869873046875 0.238296508789063 -0.1572265625
-0.26171875 -0.0359344482421875 0.146682739257812 -0.168853759765625
-0.155502319335938 0.16064453125 0.059906005859375 -0.129447937011719
0.032379150390625 0.159210205078125 0.0269241333007813 -0.0642929077148437
0.0956344604492188 0.094635009765625 0.0545272827148438 0.0308456420898438
0.0650863647460938 0.100227355957031 0.0812149047851563 0.0788421630859375
0.0812454223632812 0.0901031494140625 0.168472290039063 0.16619873046875
0.0399703979492188 0.104583740234375 0.165069580078125 0.298583984375
-0.0381317138671875 0.104888916015625 0.04327392578125 0.43511962890625
-0.119987487792969 0.049713134765625 -0.236968994140625 0.48602294921875
-0.119903564453125 -0.0814208984375 -0.55511474609375 0.25970458984375
0.02484130859375 -0.174667358398438 -0.57489013671875 -0.01129150390625
0.195083618164063 -0.094818115234375 -0.529388427734375 -0.302215576171875
0.41815185546875 -0.135711669921875 0.00314331054687503 0.27642822265625
0.226654052734375 -0.3671875 0.239608764648438 0.169601440429687
-0.196868896484375 -0.353851318359375 0.304229736328125 -0.058746337890625
-0.325714111328125 -0.03619384765625 0.269393920898438 -0.179443359375
-0.194808959960938 0.201324462890625 0.106353759765625 -0.221786499023437
0.0366363525390625 0.2105712890625 0.00294494628906251 -0.150680541992187
0.122848510742187 0.138542175292969 0.00651073455810548 -0.0149421691894531
0.09442138671875 0.147994995117188 0.0499763488769531 0.0495719909667969
0.12408447265625 0.137893676757813 0.152450561523437 0.140060424804688
0.0666046142578125 0.167236328125 0.156768798828125 0.270263671875
-0.06158447265625 0.181671142578125 0.028350830078125 0.4052734375
-0.206207275390625 0.0798797607421875 -0.231658935546875 0.454986572265625
-0.188888549804688 -0.171920776367188 -0.50689697265625 0.236724853515625
0.0654296875 -0.29296875 -0.528900146484375 -0.00549316406250009
0.33038330078125 -0.145172119140625 -0.46771240234375 -0.286834716796875
0.44873046875 -0.150909423828125 0.09521484375 0.283050537109375
0.205596923828125 -0.38153076171875 0.274871826171875 0.23114013671875
-0.210479736328125 -0.3419189453125 0.40765380859375 -0.00769042968750002
-0.31219482421875 -0.02227783203125 0.373382568359375 -0.23614501953125
-0.182632446289063 0.199111938476562 0.12689208984375 -0.31976318359375
0.037384033203125 0.212600708007813 -0.03619384765625 -0.2347412109375
0.129119873046875 0.154067993164063 -0.0490150451660156 -0.0647773742675781
0.109619140625 0.174728393554688 0.00939559936523438 0.0116243362426758
0.152053833007813 0.173141479492188 0.112220764160156 0.103126525878906
0.08062744140625 0.2249755859375 0.115081787109375 0.223358154296875
-0.0987091064453125 0.246658325195313 -0.0103759765625 0.339324951171875
-0.292144775390625 0.088348388671875 -0.219940185546875 0.376861572265625
-0.228271484375 -0.268402099609375 -0.426727294921875 0.196044921875
0.121246337890625 -0.377777099609375 -0.45941162109375 -0.00228881835937509
0.4254150390625 -0.168182373046875 -0.3648681640625 -0.27264404296875
0.415496826171875 -0.1441650390625 0.210174560546875 0.296173095703125
0.16729736328125 -0.336761474609375 0.360992431640625 0.2581787109375
-0.1771240234375 -0.278396606445313 0.50262451171875 -0.0272216796875
-0.24310302734375 -0.0151519775390626 0.41912841796875 -0.318603515625
-0.141326904296875 0.160308837890625 0.115936279296875 -0.3973388671875
0.0333709716796875 0.177658081054688 -0.0791015625 -0.29437255859375
0.117828369140625 0.144729614257813 -0.099945068359375 -0.108840942382813
0.108856201171875 0.176742553710938 -0.0369834899902344 -0.0296401977539062
0.15386962890625 0.191314697265625 0.0508079528808594 0.0575294494628906
0.0678253173828125 0.255386352539063 0.051300048828125 0.153213500976563
-0.146560668945313 0.26226806640625 -0.0495452880859375 0.235946655273438
-0.342803955078125 0.048828125 -0.179107666015625 0.27685546875
-0.199554443359375 -0.343170166015625 -0.322509765625 0.1761474609375
0.18536376953125 -0.39324951171875 -0.39251708984375 0.0122070312500001
0.45782470703125 -0.152008056640625 -0.242355346679687 -0.261795043945313
0.33087158203125 -0.119781494140625 0.3310546875 0.304290771484375
0.131698608398438 -0.255645751953125 0.45697021484375 0.238128662109375
-0.117111206054688 -0.202560424804688 0.55023193359375 -0.088592529296875
-0.157150268554688 -0.017120361328125 0.408599853515625 -0.391204833984375
-0.09564208984375 0.105079650878906 0.086669921875 -0.4404296875
0.0237350463867187 0.126823425292969 -0.114227294921875 -0.32562255859375
0.0929412841796875 0.11724853515625 -0.138809204101563 -0.141738891601563
0.09173583984375 0.15277099609375 -0.0784988403320313 -0.067474365234375
0.128402709960938 0.178573608398438 -0.0161266326904297 0.00476360321044923
0.034637451171875 0.236740112304687 -0.00824356079101563 0.0675811767578125
-0.173049926757812 0.209701538085938 -0.0562286376953125 0.122032165527344
-0.31182861328125 -0.02099609375 -0.102645874023438 0.19830322265625
-0.10552978515625 -0.339935302734375 -0.237899780273438 0.207656860351563
0.224212646484375 -0.31884765625 -0.360137939453125 0.0365295410156249
0.4072265625 -0.100830078125 -0.120452880859375 -0.25079345703125
0.2081298828125 -0.0789794921875 0.436065673828125 0.3009033203125
0.0975341796875 -0.158676147460938 0.534759521484375 0.185211181640625
-0.05548095703125 -0.128799438476563 0.556549072265625 -0.1585693359375
-0.07904052734375 -0.019927978515625 0.37054443359375 -0.4407958984375
-0.0534591674804687 0.0533561706542969 0.055389404296875 -0.455810546875
0.0124359130859375 0.0725479125976563 -0.1385498046875 -0.33282470703125
0.0580825805664063 0.0770645141601563 -0.16534423828125 -0.158843994140625
0.06134033203125 0.105644226074219 -0.111427307128906 -0.0961380004882813
0.0796585083007813 0.134506225585938 -0.0698585510253906 -0.0429191589355469
-0.000991821289062484 0.16339111328125 -0.0462188720703125 -0.00720214843749999
-0.1429443359375 0.109848022460937 -0.0334739685058594 0.0417556762695313
-0.192474365234375 -0.068695068359375 -0.033843994140625 0.167251586914063
-0.00279235839843749 -0.232040405273438 -0.214370727539063 0.258743286132813
0.191909790039063 -0.173248291015625 -0.360015869140625 0.043609619140625
0.26751708984375 -0.0319671630859375 -0.0171966552734375 -0.242050170898438
-0.0593528747558594 0.0208473205566406 -0.05072021484375 0.3197021484375
-0.0230922698974609 0.0112991333007812 0.35406494140625 0.03875732421875
-0.0362510681152344 0.0536422729492188 0.196563720703125 -0.300811767578125
0.0208663940429687 0.0455780029296875 -0.000167846679687512 -0.203994750976563
0.0512313842773437 -0.00452423095703125 0.000343322753906255 -0.0463142395019531
0.0148773193359375 -0.056243896484375 0.0323162078857422 0.0175018310546875
-0.0118293762207031 -0.0438346862792969 0.0838546752929688 0.0637969970703125
-0.0124835968017578 -0.0330924987792969 0.10211181640625 0.105918884277344
-0.0119724273681641 -0.0242748260498047 0.159896850585938 0.19403076171875
-0.0020599365234375 -0.0148200988769531 0.133941650390625 0.32666015625
0.00219917297363281 -0.0180511474609375 0.014251708984375 0.45318603515625
0.0212993621826172 0.0104656219482422 -0.27447509765625 0.479400634765625
0.00267791748046876 0.0764617919921875 -0.6146240234375 0.23651123046875
-0.0471458435058594 0.0592880249023438 -0.58465576171875 -0.06964111328125
-0.12335205078125 0.022430419921875 -0.530487060546875 -0.334320068359375
0.15191650390625 -0.051116943359375 -0.07464599609375 0.307708740234375
0.106948852539063 -0.15350341796875 0.319183349609375 0.07073974609375
-0.0979461669921875 -0.136703491210938 0.208175659179688 -0.2576904296875
-0.140106201171875 0.002777099609375 0.043853759765625 -0.192520141601563
-0.063262939453125 0.0928268432617188 0.0131912231445313 -0.0710372924804688
0.0279388427734375 0.0628166198730469 0.0328464508056641 -0.00114822387695312
0.0486068725585938 0.0279197692871094 0.0841140747070313 0.06048583984375
0.0283584594726563 0.0354652404785156 0.101394653320313 0.101295471191406
0.03399658203125 0.0344333648681641 0.1717529296875 0.186935424804687
0.0159835815429688 0.0435562133789063 0.159759521484375 0.31683349609375
-0.0199089050292969 0.0367546081542969 0.0435791015625 0.451416015625
-0.0471343994140625 0.0243949890136719 -0.243011474609375 0.50433349609375
-0.05157470703125 0.00164413452148437 -0.587890625 0.27587890625
-0.0105094909667969 -0.0546531677246094 -0.603271484375 -0.0223388671875001
0.0387077331542969 -0.0381889343261719 -0.568603515625 -0.31597900390625
0.324462890625 -0.108428955078125 -0.050018310546875 0.288909912109375
0.197235107421875 -0.295257568359375 0.270767211914063 0.106338500976563
-0.157745361328125 -0.28863525390625 0.233230590820312 -0.164505004882813
-0.268524169921875 -0.0280303955078125 0.142242431640625 -0.176620483398438
-0.154373168945313 0.167587280273438 0.056396484375 -0.135490417480469
0.034332275390625 0.159454345703125 0.0234794616699219 -0.0647201538085937
0.096588134765625 0.0932388305664063 0.0561294555664063 0.0311546325683594
0.06695556640625 0.100723266601563 0.0841522216796875 0.0825271606445313
0.0829544067382813 0.08905029296875 0.175674438476563 0.167800903320313
0.042388916015625 0.104026794433594 0.176025390625 0.299163818359375
-0.0372085571289063 0.104850769042969 0.05682373046875 0.442291259765625
-0.122077941894531 0.052032470703125 -0.22357177734375 0.50787353515625
-0.12042236328125 -0.0791549682617187 -0.55731201171875 0.286285400390625
0.0229034423828125 -0.180007934570313 -0.58953857421875 0.00518798828124993
0.198959350585938 -0.102996826171875 -0.557037353515625 -0.29705810546875
0.42742919921875 -0.1456298828125 0.01287841796875 0.27825927734375
0.220611572265625 -0.38372802734375 0.24859619140625 0.1644287109375
-0.21148681640625 -0.357421875 0.3048095703125 -0.06634521484375
-0.333953857421875 -0.028411865234375 0.269134521484375 -0.191650390625
-0.193649291992187 0.20965576171875 0.101043701171875 -0.231002807617188
0.039215087890625 0.212432861328125 -0.00439453125 -0.15289306640625
0.125648498535156 0.136383056640625 0.00677299499511719 -0.0144538879394531
0.09722900390625 0.148880004882813 0.0508995056152344 0.0521049499511719
0.12823486328125 0.135818481445313 0.158370971679688 0.139968872070313
0.0711669921875 0.166549682617188 0.166839599609375 0.271392822265625
-0.0591278076171875 0.18438720703125 0.04132080078125 0.41424560546875
-0.209243774414062 0.0848846435546875 -0.219146728515625 0.476409912109375
-0.1934814453125 -0.169876098632812 -0.510528564453125 0.25982666015625
0.06072998046875 -0.301971435546875 -0.542083740234375 0.0113525390624999
0.337646484375 -0.158111572265625 -0.49273681640625 -0.279205322265625
0.45904541015625 -0.160369873046875 0.107696533203125 0.283660888671875
0.1998291015625 -0.396087646484375 0.2867431640625 0.226318359375
-0.22406005859375 -0.342926025390625 0.4151611328125 -0.017059326171875
-0.318267822265625 -0.0155944824218751 0.37481689453125 -0.25372314453125
-0.181610107421875 0.205734252929687 0.120452880859375 -0.331756591796875
0.03900146484375 0.214080810546875 -0.045684814453125 -0.236801147460937
0.131927490234375 0.152435302734375 -0.0502510070800781 -0.0642547607421875
0.1131591796875 0.176513671875 0.00896739959716798 0.0127840042114258
0.157516479492188 0.171859741210937 0.11712646484375 0.102958679199219
0.087799072265625 0.224456787109375 0.123992919921875 0.223892211914063
-0.0945281982421875 0.251953125 -0.001495361328125 0.349212646484375
-0.2969970703125 0.09710693359375 -0.2108154296875 0.397003173828125
-0.2374267578125 -0.268829345703125 -0.42755126953125 0.214263916015625
0.11517333984375 -0.3924560546875 -0.469329833984375 0.012847900390625
0.43450927734375 -0.1865234375 -0.386260986328125 -0.266937255859375
0.42498779296875 -0.15191650390625 0.22625732421875 0.296051025390625
0.162994384765625 -0.348175048828125 0.376007080078125 0.252716064453125
-0.187759399414063 -0.2796630859375 0.5108642578125 -0.040924072265625
-0.246627807617188 -0.0114593505859375 0.418243408203125 -0.34027099609375
-0.140548706054688 0.163742065429688 0.105743408203125 -0.41058349609375
0.0328826904296875 0.178558349609375 -0.090240478515625 -0.2977294921875
0.120361328125 0.143417358398438 -0.102195739746094 -0.109458923339844
0.114059448242188 0.178314208984375 -0.0380134582519531 -0.0285110473632813
0.161727905273438 0.189056396484375 0.0534248352050781 0.0565414428710938
0.0766143798828125 0.2568359375 0.0576324462890625 0.154571533203125
-0.14300537109375 0.269912719726563 -0.04437255859375 0.245269775390625
-0.35125732421875 0.0595703124999999 -0.171783447265625 0.291290283203125
-0.213165283203125 -0.3465576171875 -0.3199462890625 0.190948486328125
0.1796875 -0.410858154296875 -0.3995361328125 0.0285339355468749
0.4683837890625 -0.170928955078125 -0.2586669921875 -0.256393432617188
0.338714599609375 -0.12530517578125 0.35076904296875 0.30340576171875
0.127395629882812 -0.264144897460938 0.476043701171875 0.22955322265625
-0.124114990234375 -0.205047607421875 0.558197021484375 -0.10650634765625
-0.158309936523438 -0.017181396484375 0.404083251953125 -0.413665771484375
-0.0945816040039062 0.106781005859375 0.074920654296875 -0.453887939453125
0.0221481323242188 0.126884460449219 -0.124603271484375 -0.328704833984375
0.0941848754882813 0.115837097167969 -0.142120361328125 -0.141921997070313
0.0951995849609375 0.153335571289063 -0.082122802734375 -0.0677871704101562
0.134918212890625 0.17840576171875 -0.0173006057739258 0.00494480133056641
0.041839599609375 0.239639282226563 -0.00720596313476563 0.0691566467285156
-0.170852661132812 0.21917724609375 -0.055755615234375 0.128799438476563
-0.3218994140625 -0.0123291015625 -0.0965881347656251 0.207183837890625
-0.117095947265625 -0.34771728515625 -0.229751586914062 0.221694946289063
0.22210693359375 -0.33642578125 -0.364013671875 0.053619384765625
0.418060302734375 -0.115966796875 -0.131866455078125 -0.247940063476563
0.2135009765625 -0.0803375244140625 0.45782470703125 0.297088623046875
0.09478759765625 -0.164077758789063 0.553192138671875 0.173553466796875
-0.0600509643554688 -0.131828308105469 0.5634765625 -0.1785888671875
-0.0790939331054688 -0.0215911865234375 0.363555908203125 -0.46124267578125
-0.053192138671875 0.0530471801757812 0.04229736328125 -0.46728515625
0.0102386474609375 0.0726852416992187 -0.148040771484375 -0.334869384765625
0.058502197265625 0.076416015625 -0.168792724609375 -0.160491943359375
0.06427001953125 0.105766296386719 -0.116523742675781 -0.09619140625
0.0845184326171875 0.134437561035156 -0.0729217529296875 -0.0433502197265625
0.00379943847656251 0.165908813476563 -0.0481033325195312 -0.00659561157226561
-0.144180297851563 0.115875244140625 -0.0349807739257813 0.0449485778808594
-0.2010498046875 -0.065093994140625 -0.025787353515625 0.17291259765625
-0.00854492187499999 -0.239273071289063 -0.203903198242187 0.274307250976563
0.194000244140625 -0.187210083007812 -0.364013671875 0.0626525878906251
0.275253295898437 -0.041229248046875 -0.024810791015625 -0.241226196289062
-0.0597343444824219 0.0261421203613281 -0.036163330078125 0.325286865234375
-0.0266246795654297 0.0121383666992187 0.364410400390625 0.017181396484375
-0.0354766845703125 0.0591888427734375 0.1802978515625 -0.318511962890625
0.0246925354003906 0.0472259521484375 -0.0144195556640625 -0.20745849609375
0.0521354675292969 -0.00823974609375 -0.00384902954101562 -0.0471725463867187
0.0107498168945312 -0.0596122741699219 0.0330333709716797 0.0192546844482422
-0.0159950256347656 -0.0448684692382813 0.08837890625 0.063201904296875
-0.0163516998291016 -0.0345134735107422 0.108238220214844 0.1083984375
-0.0134086608886719 -0.0254364013671875 0.172119140625 0.195587158203125
-0.00227928161621094 -0.0153799057006836 0.151092529296875 0.329071044921875
0.000364303588867189 -0.0174980163574219 0.037628173828125 0.4630126953125
0.0203742980957031 0.00981330871582031 -0.252105712890625 0.50921630859375
0.0094451904296875 0.0792999267578125 -0.6136474609375 0.27899169921875
-0.0464057922363281 0.0621337890625 -0.6072998046875 -0.04266357421875
-0.128456115722656 0.0280838012695312 -0.56939697265625 -0.3223876953125
0.156219482421875 -0.058197021484375 -0.059326171875 0.31396484375
0.0994720458984375 -0.164352416992188 0.331634521484375 0.051177978515625
-0.108314514160156 -0.13446044921875 0.194656372070313 -0.273757934570313
-0.142959594726563 0.0106048583984375 0.031829833984375 -0.19854736328125
-0.06011962890625 0.0967483520507812 0.00773620605468749 -0.074188232421875
0.0289497375488281 0.0620841979980469 0.0321769714355469 -0.000150680541992184
0.0483512878417969 0.0257835388183594 0.08892822265625 0.0602645874023438
0.0279350280761719 0.0355186462402344 0.108383178710938 0.103599548339844
0.035614013671875 0.0331993103027344 0.184661865234375 0.187164306640625
0.0173759460449219 0.0427169799804688 0.17694091796875 0.316925048828125
-0.0209579467773438 0.0381584167480469 0.066497802734375 0.461273193359375
-0.0487251281738281 0.0257911682128906 -0.217864990234375 0.5322265625
-0.0480422973632812 0.004364013671875 -0.5860595703125 0.31842041015625
-0.0135154724121094 -0.0564842224121094 -0.62200927734375 0.00811767578124989
0.037445068359375 -0.0413780212402344 -0.60797119140625 -0.30029296875
0.3326416015625 -0.12493896484375 -0.034912109375 0.29278564453125
0.18621826171875 -0.314666748046875 0.282501220703125 0.08917236328125
-0.177734375 -0.28741455078125 0.225982666015625 -0.178817749023438
-0.27685546875 -0.0153350830078125 0.13470458984375 -0.187423706054688
-0.150909423828125 0.177780151367188 0.048736572265625 -0.143707275390625
0.039276123046875 0.161270141601563 0.0185356140136719 -0.0660285949707031
0.100273132324219 0.0908203125 0.0592002868652344 0.0307731628417969
0.0706863403320313 0.100135803222656 0.0894241333007813 0.08404541015625
0.0880584716796875 0.0863113403320313 0.186874389648438 0.165817260742188
0.046722412109375 0.102798461914063 0.19354248046875 0.297088623046875
-0.0359573364257812 0.107452392578125 0.08123779296875 0.451507568359375
-0.124420166015625 0.0569076538085937 -0.199188232421875 0.53564453125
-0.1219482421875 -0.0751876831054687 -0.55377197265625 0.328125
0.0166015625 -0.18658447265625 -0.60687255859375 0.0363769531250001
0.201004028320313 -0.115493774414063 -0.594482421875 -0.2789306640625
0.437164306640625 -0.16748046875 0.02935791015625 0.279693603515625
0.20703125 -0.405792236328125 0.262283325195313 0.151458740234375
-0.23583984375 -0.35528564453125 0.306304931640625 -0.080474853515625
-0.342315673828125 -0.0133056640624999 0.264602661132813 -0.210235595703125
-0.189239501953125 0.223114013671875 0.090484619140625 -0.244796752929687
0.045928955078125 0.214736938476563 -0.0143585205078125 -0.155441284179688
0.131149291992188 0.133506774902344 0.00628471374511719 -0.0148477554321289
0.104141235351563 0.149169921875 0.0545806884765625 0.0540809631347656
0.135757446289063 0.131919860839844 0.168350219726563 0.1370849609375
0.079620361328125 0.1656494140625 0.1834716796875 0.267578125
-0.0532073974609375 0.18939208984375 0.06378173828125 0.424163818359375
-0.211578369140625 0.095794677734375 -0.195831298828125 0.50311279296875
-0.202713012695313 -0.164718627929687 -0.5062255859375 0.296661376953125
0.049102783203125 -0.314971923828125 -0.55841064453125 0.0415039062499999
0.341949462890625 -0.180084228515625 -0.52703857421875 -0.260345458984375
0.46795654296875 -0.18121337890625 0.12713623046875 0.281219482421875
0.185211181640625 -0.415740966796875 0.305206298828125 0.215240478515625
-0.2469482421875 -0.340301513671875 0.42333984375 -0.0364990234375
-0.32550048828125 -0.00286865234374998 0.369354248046875 -0.281097412109375
-0.176986694335938 0.217010498046875 0.104644775390625 -0.348724365234375
0.045074462890625 0.2166748046875 -0.059783935546875 -0.239776611328125
0.137435913085938 0.150177001953125 -0.0530242919921875 -0.0637893676757812
0.122329711914063 0.177108764648437 0.00958919525146485 0.0145158767700195
0.167800903320313 0.167709350585938 0.125381469726563 0.100044250488281
0.09918212890625 0.2227783203125 0.138198852539063 0.222518920898438
-0.0850372314453125 0.260696411132813 0.017181396484375 0.360931396484375
-0.301727294921875 0.113372802734375 -0.19183349609375 0.42181396484375
-0.25579833984375 -0.264617919921875 -0.423248291015625 0.2437744140625
0.099212646484375 -0.41107177734375 -0.481231689453125 0.04071044921875
0.442352294921875 -0.2135009765625 -0.41534423828125 -0.251068115234375
0.43426513671875 -0.170867919921875 0.2509765625 0.29132080078125
0.150421142578125 -0.363800048828125 0.39935302734375 0.239654541015625
-0.205947875976562 -0.27777099609375 0.520904541015625 -0.06695556640625
-0.251251220703125 -0.00335693359374994 0.4095458984375 -0.373077392578125
-0.137924194335937 0.17108154296875 0.0870056152343749 -0.428253173828125
0.0368804931640625 0.181686401367187 -0.107421875 -0.299224853515625
0.12548828125 0.140777587890625 -0.108375549316406 -0.107894897460937
0.122848510742188 0.17901611328125 -0.0402374267578125 -0.0275001525878906
0.173187255859375 0.185287475585938 0.057403564453125 0.055694580078125
0.090301513671875 0.255966186523438 0.0660247802734375 0.155014038085938
-0.13409423828125 0.283447265625 -0.03399658203125 0.256561279296875
-0.359771728515625 0.079193115234375 -0.1572265625 0.3106689453125
-0.23486328125 -0.346832275390625 -0.31378173828125 0.2139892578125
0.164215087890625 -0.43505859375 -0.405975341796875 0.0545043945312499
0.4776611328125 -0.199615478515625 -0.282073974609375 -0.245147705078125
0.347076416015625 -0.13897705078125 0.38043212890625 0.294219970703125
0.117660522460938 -0.27545166015625 0.502685546875 0.210235595703125
-0.137161254882813 -0.204635620117188 0.5654296875 -0.1395263671875
-0.1614990234375 -0.0137939453125 0.38958740234375 -0.445892333984375
-0.09368896484375 0.109764099121094 0.05291748046875 -0.469482421875
0.0227279663085938 0.129493713378906 -0.1434326171875 -0.328887939453125
0.0984344482421875 0.113655090332031 -0.149627685546875 -0.140533447265625
0.10302734375 0.153274536132812 -0.0874099731445312 -0.0660171508789062
0.146652221679688 0.17559814453125 -0.0174188613891601 0.00542640686035157
0.054290771484375 0.24127197265625 -0.00403594970703125 0.0704879760742188
-0.164901733398437 0.232925415039063 -0.0515060424804688 0.137344360351563
-0.3336181640625 0.00335693359375005 -0.0841064453125 0.219192504882813
-0.13714599609375 -0.353912353515625 -0.217193603515625 0.239959716796875
0.211700439453125 -0.362091064453125 -0.3670654296875 0.0803527832031251
0.4276123046875 -0.14202880859375 -0.149551391601562 -0.241744995117188
0.22027587890625 -0.0875091552734375 0.49176025390625 0.282501220703125
0.088623046875 -0.173858642578125 0.5809326171875 0.149658203125
-0.0683212280273438 -0.132789611816406 0.566650390625 -0.21435546875
-0.0808486938476563 -0.0219879150390625 0.3448486328125 -0.495361328125
-0.05218505859375 0.054351806640625 0.0190734863281251 -0.482421875
0.00930023193359375 0.0750579833984375 -0.165771484375 -0.336578369140625
0.061248779296875 0.07354736328125 -0.177642822265625 -0.159332275390625
0.0688552856445313 0.106346130371094 -0.12396240234375 -0.094482421875
0.0930633544921875 0.134025573730469 -0.0779953002929688 -0.0416030883789063
0.0121002197265625 0.169418334960938 -0.050750732421875 -0.00499725341796874
-0.143264770507813 0.125442504882813 -0.0340919494628906 0.0488624572753906
-0.211929321289062 -0.057525634765625 -0.0122528076171875 0.177505493164062
-0.0196380615234375 -0.248550415039063 -0.1865234375 0.293792724609375
0.190048217773438 -0.206146240234375 -0.367279052734375 0.0910949707031249
0.284088134765625 -0.056732177734375 -0.0377197265625 -0.238494873046875
-0.05804443359375 0.0317230224609375 -0.0126953125 0.324737548828125
-0.0297260284423828 0.0143299102783203 0.36865234375 -0.0155029296875
-0.0318183898925781 0.0643463134765625 0.1539306640625 -0.332672119140625
0.0290184020996094 0.0472030639648438 -0.032806396484375 -0.206375122070313
0.0518302917480469 -0.0130844116210937 -0.00922012329101562 -0.0466995239257813
0.00534820556640625 -0.0612640380859375 0.0347805023193359 0.0199184417724609
-0.0200920104980469 -0.044281005859375 0.0936431884765625 0.0604019165039063
-0.0212383270263672 -0.0341758728027344 0.116981506347656 0.106689453125
-0.0161895751953125 -0.0255813598632812 0.186264038085938 0.189529418945313
-0.00308609008789062 -0.015986442565918 0.170654296875 0.322113037109375
-0.00206851959228515 -0.0164194107055664 0.068450927734375 0.46331787109375
0.0196056365966797 0.00906944274902344 -0.2154541015625 0.5321044921875
0.017486572265625 0.0796737670898438 -0.59521484375 0.3292236328125
-0.0440902709960938 0.0639419555664062 -0.6181640625 -0.00238037109374987
-0.130569458007813 0.0371780395507812 -0.60400390625 -0.29083251953125
0.1571044921875 -0.0678558349609375 -0.03765869140625 0.31451416015625
0.086944580078125 -0.174148559570313 0.33782958984375 0.02105712890625
-0.119804382324219 -0.126960754394531 0.173004150390625 -0.287750244140625
-0.143707275390625 0.02008056640625 0.0150146484375 -0.201126098632813
-0.0557403564453125 0.101654052734375 3.81469726562423E-05 -0.075592041015625
0.0319404602050781 0.0605850219726563 0.032440185546875 -0.000123977661132809
0.0482826232910156 0.0237274169921875 0.0939788818359375 0.0559005737304688
0.0281162261962891 0.0350418090820313 0.116165161132812 0.102081298828125
0.0366096496582031 0.0305328369140625 0.19842529296875 0.179794311523438
0.01983642578125 0.0407333374023438 0.19696044921875 0.30718994140625
-0.0214424133300781 0.0399932861328125 0.09765625 0.460113525390625
-0.0500640869140625 0.0283164978027344 -0.17840576171875 0.553924560546875
-0.0444412231445313 0.00723266601562499 -0.5650634765625 0.3668212890625
-0.0172691345214844 -0.0579643249511719 -0.63165283203125 0.0512084960937501
0.0348968505859375 -0.0433235168457031 -0.64300537109375 -0.26318359375
0.332611083984375 -0.147857666015625 -0.0144653320312499 0.2908935546875
0.16534423828125 -0.332275390625 0.29083251953125 0.064239501953125
-0.200180053710938 -0.277679443359375 0.21124267578125 -0.1943359375
-0.280914306640625 0.00241088867187498 0.120010375976562 -0.19873046875
-0.1417236328125 0.1903076171875 0.03662109375 -0.149581909179687
0.0485992431640625 0.160537719726563 0.0135269165039062 -0.0662956237792969
0.103996276855469 0.0854644775390625 0.0626144409179688 0.02764892578125
0.0752716064453125 0.0979843139648437 0.0965576171875 0.08319091796875
0.0921096801757813 0.0816268920898438 0.1995849609375 0.157867431640625
0.05242919921875 0.0984420776367188 0.213348388671875 0.285675048828125
-0.0317840576171875 0.109375 0.11248779296875 0.450103759765625
-0.124122619628906 0.0637283325195312 -0.158477783203125 0.556396484375
-0.123374938964844 -0.069305419921875 -0.53271484375 0.37249755859375
0.00489807128906248 -0.191085815429688 -0.6136474609375 0.0801391601562499
0.197402954101563 -0.130172729492188 -0.6275634765625 -0.24090576171875
0.436370849609375 -0.196380615234375 0.05096435546875 0.273513793945313
0.18109130859375 -0.423919677734375 0.274063110351563 0.129608154296875
-0.2628173828125 -0.341827392578125 0.30145263671875 -0.0999755859375
-0.346771240234375 0.00735473632812505 0.250411987304688 -0.231735229492188
-0.177764892578125 0.236984252929687 0.072235107421875 -0.254989624023438
0.0577392578125 0.21392822265625 -0.02569580078125 -0.155517578125
0.137443542480469 0.126426696777344 0.00666999816894532 -0.0155868530273437
0.1126708984375 0.1463623046875 0.0593719482421875 0.0532150268554688
0.143020629882813 0.124465942382813 0.180282592773438 0.12823486328125
0.089447021484375 0.158905029296875 0.202163696289063 0.2567138671875
-0.0439910888671875 0.19207763671875 0.09442138671875 0.424835205078125
-0.208572387695313 0.10919189453125 -0.157958984375 0.5238037109375
-0.211074829101563 -0.155380249023437 -0.48760986328125 0.33831787109375
0.0296630859375 -0.32293701171875 -0.562164306640625 0.081817626953125
0.337432861328125 -0.204132080078125 -0.556640625 -0.22552490234375
0.467254638671875 -0.211639404296875 0.150421142578125 0.269775390625
0.15966796875 -0.431915283203125 0.32318115234375 0.193603515625
-0.272186279296875 -0.3258056640625 0.4222412109375 -0.0640869140625
-0.32794189453125 0.0155029296875 0.352752685546875 -0.310882568359375
-0.166305541992187 0.229293823242188 0.08050537109375 -0.361907958984375
0.05596923828125 0.2161865234375 -0.07757568359375 -0.238494873046875
0.14556884765625 0.14215087890625 -0.0564117431640625 -0.0620613098144531
0.132919311523438 0.173431396484375 0.0114192962646484 0.0156574249267578
0.177871704101563 0.157684326171875 0.133682250976563 0.0935287475585938
0.11346435546875 0.216140747070312 0.153762817382813 0.214279174804688
-0.0703887939453125 0.266921997070313 0.042449951171875 0.365203857421875
-0.298675537109375 0.133636474609375 -0.158843994140625 0.441986083984375
-0.273178100585938 -0.252212524414063 -0.40899658203125 0.27764892578125
0.073333740234375 -0.4256591796875 -0.48297119140625 0.0784606933593749
0.4378662109375 -0.245697021484375 -0.44012451171875 -0.22052001953125
0.434295654296875 -0.19805908203125 0.276229858398438 0.272659301757813
0.12799072265625 -0.37518310546875 0.420318603515625 0.211944580078125
-0.225387573242188 -0.266250610351562 0.5177001953125 -0.102783203125
-0.253021240234375 0.0087127685546875 0.3861083984375 -0.40679931640625
-0.129180908203125 0.178817749023438 0.056549072265625 -0.440399169921875
0.0445709228515625 0.181564331054688 -0.1282958984375 -0.295013427734375
0.131904602050781 0.133651733398438 -0.114036560058594 -0.10382080078125
0.133087158203125 0.174758911132813 -0.0414009094238281 -0.0246772766113281
0.18499755859375 0.175125122070313 0.0621719360351563 0.0524444580078125
0.1070556640625 0.250259399414063 0.0764312744140625 0.15106201171875
-0.117431640625 0.29345703125 -0.0167083740234375 0.2640380859375
-0.35955810546875 0.10357666015625 -0.132110595703125 0.326080322265625
-0.259429931640625 -0.33734130859375 -0.29736328125 0.236419677734375
0.136749267578125 -0.454986572265625 -0.4039306640625 0.08734130859375
0.47393798828125 -0.235443115234375 -0.303558349609375 -0.22259521484375
0.3487548828125 -0.159820556640625 0.40948486328125 0.268951416015625
0.1015625 -0.284942626953125 0.52606201171875 0.176300048828125
-0.1513671875 -0.19696044921875 0.559722900390625 -0.179595947265625
-0.1630859375 -0.00794982910156253 0.35919189453125 -0.481292724609375
-0.0889358520507812 0.114356994628906 0.01983642578125 -0.4786376953125
0.0271835327148438 0.130416870117188 -0.164886474609375 -0.323822021484375
0.104209899902344 0.107963562011719 -0.157302856445313 -0.1353759765625
0.112533569335938 0.150177001953125 -0.0923538208007812 -0.0614089965820313
0.158905029296875 0.16748046875 -0.0174417495727539 0.00647354125976564
0.070648193359375 0.2381591796875 -0.000114440917968751 0.0710983276367188
-0.1527099609375 0.246337890625 -0.04376220703125 0.14410400390625
-0.339599609375 0.0261535644531249 -0.065032958984375 0.22686767578125
-0.161407470703125 -0.352294921875 -0.1961669921875 0.256790161132813
0.18896484375 -0.384735107421875 -0.36212158203125 0.113311767578125
0.4266357421875 -0.173553466796875 -0.167892456054688 -0.2266845703125
0.222930908203125 -0.0996551513671875 0.52197265625 0.253936767578125
0.0778656005859375 -0.180877685546875 0.60052490234375 0.10882568359375
-0.0775985717773438 -0.12945556640625 0.55523681640625 -0.25775146484375
-0.0822830200195313 -0.0208282470703125 0.30975341796875 -0.524688720703125
-0.0509834289550781 0.0560111999511719 -0.01416015625 -0.48846435546875
0.0110015869140625 0.0762710571289063 -0.187255859375 -0.329376220703125
0.0650978088378906 0.0696601867675781 -0.18585205078125 -0.1531982421875
0.0761184692382813 0.103286743164063 -0.132408142089844 -0.0885467529296875
0.10302734375 0.12860107421875 -0.0832290649414063 -0.0374069213867187
0.0223846435546875 0.168502807617188 -0.05242919921875 -0.00290298461914061
-0.138015747070313 0.137107849121094 -0.0321464538574219 0.0524711608886719
-0.22027587890625 -0.04339599609375 0.0043792724609375 0.179351806640625
-0.035400390625 -0.253952026367188 -0.159149169921875 0.311767578125
0.178375244140625 -0.225601196289063 -0.360687255859375 0.125244140625
0.28656005859375 -0.077301025390625 -0.05322265625 -0.231094360351563
-0.0537490844726563 0.0366096496582031 0.00692749023437498 0.313262939453125
-0.0317306518554688 0.0170669555664062 0.359588623046875 -0.0472412109375
-0.0268325805664062 0.0671424865722656 0.125244140625 -0.337677001953125
0.0325355529785156 0.0450515747070312 -0.0504913330078125 -0.199386596679688
0.0495414733886719 -0.0159378051757813 -0.0147819519042969 -0.0448493957519531
0.000297546386718746 -0.061431884765625 0.0367889404296875 0.0186004638671875
-0.0239334106445312 -0.0426254272460938 0.0966262817382813 0.0558090209960937
-0.0243663787841797 -0.0314426422119141 0.122566223144531 0.1021728515625
-0.0177497863769531 -0.0248641967773438 0.195770263671875 0.177978515625
-0.00402545928955078 -0.0160589218139648 0.185821533203125 0.308197021484375
-0.00416088104248047 -0.0142793655395508 0.0970153808593749 0.452728271484375
0.0182456970214844 0.00875282287597656 -0.17254638671875 0.539215087890625
0.0245590209960937 0.07708740234375 -0.5595703125 0.368072509765625
-0.0420112609863281 0.0646438598632813 -0.6121826171875 0.03814697265625
-0.128425598144531 0.0460281372070312 -0.6246337890625 -0.250244140625
0.154434204101563 -0.0762481689453125 -0.017333984375 0.303924560546875
0.072662353515625 -0.177581787109375 0.33233642578125 -0.00982666015625001
-0.126823425292969 -0.116340637207031 0.146270751953125 -0.294403076171875
-0.140899658203125 0.029266357421875 -0.00283813476562502 -0.197921752929688
-0.0495681762695312 0.10504150390625 -0.00807952880859375 -0.0736923217773438
0.033294677734375 0.0575408935546875 0.0321445465087891 -0.000566482543945309
0.0477371215820313 0.0200462341308594 0.0968856811523438 0.0506362915039062
0.028106689453125 0.0345344543457031 0.122146606445313 0.096832275390625
0.0363693237304688 0.0279006958007813 0.206924438476563 0.167465209960937
0.0204238891601563 0.0373153686523437 0.210418701171875 0.29168701171875
-0.0205268859863281 0.0406417846679688 0.12615966796875 0.446624755859375
-0.0490875244140625 0.0305824279785156 -0.134368896484375 0.557952880859375
-0.0387039184570313 0.00818252563476562 -0.527679443359375 0.402099609375
-0.0209503173828125 -0.0564384460449219 -0.622802734375 0.0929565429687501
0.0326347351074219 -0.0439643859863281 -0.658935546875 -0.21929931640625
0.32403564453125 -0.16668701171875 0.00379943847656254 0.278976440429688
0.140777587890625 -0.339141845703125 0.288787841796875 0.036376953125
-0.215545654296875 -0.26025390625 0.1912841796875 -0.203811645507813
-0.277267456054688 0.01800537109375 0.102249145507812 -0.2030029296875
-0.129302978515625 0.197052001953125 0.023284912109375 -0.150543212890625
0.0559234619140625 0.155014038085937 0.00883102416992188 -0.0659599304199218
0.106002807617187 0.077392578125 0.0636978149414063 0.023651123046875
0.0792236328125 0.0947189331054688 0.1005859375 0.0784988403320313
0.0930099487304688 0.0747909545898438 0.207351684570313 0.144393920898438
0.0551223754882813 0.0919570922851563 0.226303100585937 0.268295288085938
-0.0280990600585937 0.108444213867188 0.141021728515625 0.436370849609375
-0.120704650878906 0.0695648193359375 -0.112152099609375 0.560150146484375
-0.121429443359375 -0.0633544921875 -0.494781494140625 0.406341552734375
-0.00769042968749999 -0.189651489257813 -0.6025390625 0.12066650390625
0.18939208984375 -0.140060424804688 -0.64093017578125 -0.19464111328125
0.42535400390625 -0.2213134765625 0.0677947998046875 0.257797241210938
0.1524658203125 -0.4295654296875 0.276504516601563 0.103546142578125
-0.281585693359375 -0.320343017578125 0.286712646484375 -0.116424560546875
-0.342010498046875 0.02734375 0.229461669921875 -0.245391845703125
-0.161911010742188 0.244308471679688 0.05157470703125 -0.257354736328125
0.0672454833984375 0.207183837890625 -0.035797119140625 -0.151901245117188
0.140098571777344 0.116226196289063 0.00638008117675782 -0.0167570114135742
0.118827819824219 0.140510559082031 0.0624198913574219 0.0509719848632813
0.146255493164063 0.11358642578125 0.187026977539063 0.115936279296875
0.094818115234375 0.148056030273438 0.214157104492188 0.239273071289063
-0.0333404541015625 0.190383911132812 0.121185302734375 0.41339111328125
-0.200454711914063 0.1190185546875 -0.114654541015625 0.529449462890625
-0.214309692382813 -0.142471313476563 -0.45526123046875 0.366973876953125
0.00869750976562497 -0.3221435546875 -0.54998779296875 0.121337890625
0.3238525390625 -0.22320556640625 -0.56805419921875 -0.18359375
0.4549560546875 -0.2371826171875 0.166351318359375 0.2491455078125
0.1304931640625 -0.435211181640625 0.328948974609375 0.1654052734375
-0.28802490234375 -0.302978515625 0.410675048828125 -0.08941650390625
-0.32159423828125 0.0324401855468751 0.32464599609375 -0.33087158203125
-0.151275634765625 0.234878540039062 0.052703857421875 -0.36328125
0.06549072265625 0.2099609375 -0.0920867919921875 -0.229934692382813
0.148727416992188 0.131607055664063 -0.0587692260742187 -0.0594444274902344
0.141082763671875 0.165420532226563 0.0137109756469727 0.0157527923583984
0.18328857421875 0.144317626953125 0.13848876953125 0.0831985473632813
0.123336791992188 0.20269775390625 0.164337158203125 0.200332641601562
-0.0543060302734375 0.26605224609375 0.06622314453125 0.35919189453125
-0.28717041015625 0.151214599609375 -0.12255859375 0.447998046875
-0.28277587890625 -0.23382568359375 -0.38018798828125 0.3009033203125
0.044342041015625 -0.42596435546875 -0.470855712890625 0.112945556640625
0.421112060546875 -0.2725830078125 -0.4510498046875 -0.18499755859375
0.424285888671875 -0.22027587890625 0.29248046875 0.24664306640625
0.104095458984375 -0.3775634765625 0.4295654296875 0.179168701171875
-0.238189697265625 -0.246505737304688 0.505279541015625 -0.135162353515625
-0.248703002929688 0.0195159912109375 0.350860595703125 -0.427093505859375
-0.118850708007812 0.18218994140625 0.024444580078125 -0.438385009765625
0.0516204833984375 0.177139282226563 -0.144775390625 -0.283111572265625
0.134536743164063 0.123748779296875 -0.11700439453125 -0.0984344482421875
0.141006469726563 0.166275024414063 -0.0415763854980469 -0.0220069885253906
0.1925048828125 0.160842895507813 0.0660858154296875 0.0471076965332031
0.119873046875 0.23712158203125 0.084014892578125 0.14276123046875
-0.099029541015625 0.297271728515625 0.000885009765625003 0.264297485351563
-0.350006103515625 0.125457763671875 -0.103515625 0.329681396484375
-0.276336669921875 -0.319671630859375 -0.27239990234375 0.251922607421875
0.105072021484375 -0.46185302734375 -0.389373779296875 0.118560791015625
0.45794677734375 -0.26348876953125 -0.314300537109375 -0.19317626953125
0.34283447265625 -0.1771240234375 0.424835205078125 0.235626220703125
0.083221435546875 -0.285308837890625 0.531524658203125 0.13677978515625
-0.160400390625 -0.184341430664063 0.5377197265625 -0.214752197265625
-0.16107177734375 -0.00305175781250002 0.3182373046875 -0.497100830078125
-0.082550048828125 0.115264892578125 -0.01318359375 -0.4730224609375
0.031829833984375 0.1282958984375 -0.182769775390625 -0.309783935546875
0.105186462402344 0.0995635986328125 -0.16107177734375 -0.128585815429688
0.120071411132813 0.14276123046875 -0.0938796997070312 -0.055450439453125
0.166412353515625 0.154937744140625 -0.0161733627319336 0.00731182098388673
0.0832672119140625 0.228652954101563 0.00312042236328125 0.0687789916992188
-0.136917114257812 0.252822875976563 -0.0338287353515625 0.147293090820313
-0.335723876953125 0.048309326171875 -0.04376220703125 0.226089477539063
-0.18267822265625 -0.34100341796875 -0.169189453125 0.264617919921875
0.161041259765625 -0.3963623046875 -0.345947265625 0.14208984375
0.415313720703125 -0.200103759765625 -0.1787109375 -0.20562744140625
0.220962524414063 -0.111373901367188 0.53759765625 0.214263916015625
0.0650787353515625 -0.181732177734375 0.601318359375 0.06402587890625
-0.084625244140625 -0.122116088867188 0.52862548828125 -0.29156494140625
-0.0821456909179687 -0.0195388793945312 0.264862060546875 -0.53765869140625
-0.0482673645019531 0.05560302734375 -0.047515869140625 -0.47998046875
0.0133743286132812 0.0762939453125 -0.204071044921875 -0.314697265625
0.0659904479980469 0.0637359619140625 -0.19061279296875 -0.144866943359375
0.0813369750976562 0.097198486328125 -0.135513305664062 -0.0801239013671875
0.110557556152344 0.119880676269531 -0.0840225219726563 -0.0316390991210938
0.0319366455078125 0.163742065429688 -0.0531234741210937 -0.000770568847656232
-0.1292724609375 0.14459228515625 -0.0285873413085938 0.0548858642578125
-0.222885131835938 -0.02923583984375 0.0213470458984375 0.174301147460938
-0.05108642578125 -0.252304077148437 -0.128173828125 0.317138671875
0.16015625 -0.23876953125 -0.34295654296875 0.155120849609375
0.281707763671875 -0.095001220703125 -0.0643768310546875 -0.216796875
-0.0493202209472656 0.0388870239257813 0.018798828125 0.298126220703125
-0.0327358245849609 0.0194320678710938 0.34503173828125 -0.071014404296875
-0.0227127075195312 0.0682029724121094 0.100372314453125 -0.334259033203125
0.0339279174804688 0.0430984497070313 -0.0626373291015625 -0.189315795898437
0.0474853515625 -0.0174140930175781 -0.0180206298828125 -0.0408515930175781
-0.00360107421875 -0.0599708557128906 0.0374603271484375 0.017547607421875
-0.0256881713867187 -0.0410728454589844 0.0969009399414062 0.0521163940429687
-0.0257911682128906 -0.0291423797607422 0.12493896484375 0.09844970703125
-0.0196628570556641 -0.0234737396240234 0.198074340820313 0.168548583984375
-0.00444984436035156 -0.0161027908325195 0.19183349609375 0.29425048828125
-0.00491237640380859 -0.0111885070800781 0.1138916015625 0.437591552734375
0.0167264938354492 0.00902748107910156 -0.1390380859375 0.532257080078125
0.0296783447265625 0.0723648071289063 -0.522796630859375 0.386505126953125
-0.040252685546875 0.0647201538085938 -0.60040283203125 0.0651855468750001
-0.125053405761719 0.0513992309570313 -0.6260986328125 -0.21923828125
0.150726318359375 -0.08135986328125 -0.00695800781250002 0.2886962890625
0.0614013671875 -0.175628662109375 0.320281982421875 -0.033782958984375
-0.128791809082031 -0.107505798339844 0.12420654296875 -0.29290771484375
-0.136405944824219 0.03448486328125 -0.015655517578125 -0.190261840820312
-0.0448074340820312 0.105636596679688 -0.0136146545410156 -0.069976806640625
0.0339927673339844 0.0548439025878906 0.0317745208740234 -0.00141525268554687
0.0464057922363281 0.0177116394042969 0.0973434448242188 0.0462188720703125
0.0285129547119141 0.0343189239501953 0.123992919921875 0.0933380126953125
0.034759521484375 0.0252876281738281 0.209732055664063 0.157028198242188
0.0199851989746094 0.0352783203125 0.214263916015625 0.276473999023438
-0.020660400390625 0.0414657592773438 0.142333984375 0.429656982421875
-0.0486488342285156 0.0319023132324219 -0.10107421875 0.548583984375
-0.0343742370605469 0.00649261474609375 -0.490875244140625 0.4169921875
-0.0242919921875 -0.0549964904785156 -0.60687255859375 0.12103271484375
0.0311737060546875 -0.0428619384765625 -0.6600341796875 -0.18505859375
0.314422607421875 -0.17767333984375 0.0135345458984375 0.262725830078125
0.121917724609375 -0.337799072265625 0.279312133789063 0.0147552490234375
-0.221908569335937 -0.243759155273438 0.173614501953125 -0.205535888671875
-0.270339965820313 0.0290679931640626 0.0871734619140625 -0.200637817382813
-0.118515014648437 0.199417114257813 0.0131988525390625 -0.146713256835938
0.058837890625 0.148880004882812 0.00494766235351563 -0.0643157958984375
0.104743957519531 0.071197509765625 0.0635147094726563 0.019805908203125
0.0795822143554687 0.0915069580078125 0.103347778320313 0.0754928588867188
0.0916366577148438 0.0695419311523438 0.209030151367188 0.1337890625
0.0552291870117188 0.0859909057617188 0.229415893554688 0.25128173828125
-0.0251235961914062 0.107276916503906 0.156707763671875 0.4200439453125
-0.116233825683594 0.071746826171875 -0.0802307128906251 0.550750732421875
-0.117149353027344 -0.059844970703125 -0.460723876953125 0.41845703125
-0.0156707763671875 -0.185028076171875 -0.5859375 0.14776611328125
0.182403564453125 -0.1436767578125 -0.64013671875 -0.162109375
0.4119873046875 -0.234832763671875 0.0747833251953126 0.2396240234375
0.13043212890625 -0.426177978515625 0.270309448242188 0.0825653076171875
-0.287811279296875 -0.299102783203125 0.271560668945312 -0.123825073242187
-0.333038330078125 0.0389404296874999 0.210586547851562 -0.248779296875
-0.149078369140625 0.245895385742188 0.035888671875 -0.253173828125
0.0726776123046875 0.199569702148438 -0.0429229736328125 -0.147003173828125
0.13873291015625 0.107490539550781 0.00566959381103516 -0.0172662734985351
0.121009826660156 0.1351318359375 0.0644607543945313 0.0487480163574219
0.144638061523438 0.105697631835938 0.188018798828125 0.105911254882813
0.0956344604492188 0.138214111328125 0.217681884765625 0.224273681640625
-0.0271453857421875 0.185897827148437 0.13812255859375 0.39959716796875
-0.192031860351563 0.12359619140625 -0.0828247070312501 0.521026611328125
-0.210968017578125 -0.133193969726563 -0.42242431640625 0.37884521484375
-0.00546264648437501 -0.3153076171875 -0.531951904296875 0.146697998046875
0.3123779296875 -0.231842041015625 -0.56658935546875 -0.15057373046875
0.442291259765625 -0.250701904296875 0.171524047851563 0.229080200195312
0.1103515625 -0.429718017578125 0.325958251953125 0.14239501953125
-0.2921142578125 -0.282257080078125 0.39495849609375 -0.10247802734375
-0.313446044921875 0.0418090820312499 0.29949951171875 -0.336944580078125
-0.139312744140625 0.234527587890625 0.032257080078125 -0.35723876953125
0.0694427490234375 0.20220947265625 -0.101226806640625 -0.221176147460938
0.146652221679688 0.122100830078125 -0.0595321655273438 -0.0577239990234375
0.143630981445313 0.158447265625 0.0154275894165039 0.0153493881225586
0.182540893554688 0.133270263671875 0.139732360839844 0.0750579833984375
0.125686645507813 0.190567016601563 0.16778564453125 0.187637329101563
-0.0443267822265625 0.261581420898438 0.08197021484375 0.3494873046875
-0.27581787109375 0.158126831054688 -0.094390869140625 0.44134521484375
-0.284088134765625 -0.220001220703125 -0.35406494140625 0.30841064453125
0.024932861328125 -0.41998291015625 -0.452911376953125 0.135101318359375
0.403961181640625 -0.284271240234375 -0.449676513671875 -0.1556396484375
0.41253662109375 -0.232635498046875 0.2950439453125 0.222686767578125
0.087554931640625 -0.37060546875 0.42584228515625 0.15234375
-0.23974609375 -0.230087280273437 0.484710693359375 -0.1527099609375
-0.242218017578125 0.0252227783203124 0.321136474609375 -0.432586669921875
-0.11004638671875 0.180419921875 0.00213623046874999 -0.429290771484375
0.0539398193359375 0.171127319335938 -0.15386962890625 -0.271469116210938
0.132888793945313 0.115669250488281 -0.11767578125 -0.0943679809570312
0.144607543945313 0.158889770507812 -0.0403861999511719 -0.0202445983886719
0.1927490234375 0.148635864257813 0.0673637390136719 0.042022705078125
0.124755859375 0.22491455078125 0.0875091552734375 0.134971618652344
-0.085693359375 0.294036865234375 0.01361083984375 0.260543823242188
-0.337615966796875 0.1378173828125 -0.082000732421875 0.32550048828125
-0.2835693359375 -0.303558349609375 -0.25054931640625 0.254806518554688
0.08056640625 -0.457427978515625 -0.370758056640625 0.138458251953125
0.441802978515625 -0.27801513671875 -0.3138427734375 -0.168731689453125
0.334381103515625 -0.18719482421875 0.42779541015625 0.208740234375
0.0706787109375 -0.279815673828125 0.524383544921875 0.108245849609375
-0.162155151367188 -0.171676635742187 0.51251220703125 -0.2332763671875
-0.158065795898438 -0.000564575195312515 0.285858154296875 -0.49871826171875
-0.0781402587890625 0.11309814453125 -0.0361328125000001 -0.4600830078125
0.03302001953125 0.125205993652344 -0.190521240234375 -0.29595947265625
0.103446960449219 0.0927734375 -0.160964965820313 -0.12298583984375
0.123214721679688 0.135513305664063 -0.0932464599609375 -0.0519638061523438
0.1683349609375 0.143585205078125 -0.0150051116943359 0.00671577453613282
0.0894927978515625 0.218276977539063 0.00423431396484375 0.0667686462402344
-0.124176025390625 0.2535400390625 -0.026397705078125 0.1468505859375
-0.327117919921875 0.0616149902343749 -0.02789306640625 0.21990966796875
-0.19384765625 -0.330047607421875 -0.1475830078125 0.262557983398438
0.13812255859375 -0.397613525390625 -0.325836181640625 0.161285400390625
0.40142822265625 -0.214508056640625 -0.180633544921875 -0.186538696289062
0.217849731445313 -0.118621826171875 0.537322998046875 0.18359375
0.0563201904296875 -0.179595947265625 0.59033203125 0.03363037109375
-0.086212158203125 -0.115005493164063 0.50018310546875 -0.306549072265625
-0.0817947387695312 -0.0195693969726563 0.23211669921875 -0.534881591796875
-0.0460052490234375 0.0543937683105469 -0.0687255859375 -0.466888427734375
0.0142593383789062 0.0754928588867188 -0.210235595703125 -0.30206298828125
0.064666748046875 0.0585975646972656 -0.190292358398438 -0.139572143554688
0.0834426879882813 0.0920639038085937 -0.135124206542969 -0.0751800537109375
0.113304138183594 0.111862182617188 -0.0830459594726562 -0.028228759765625
0.0366058349609375 0.157318115234375 -0.0538406372070313 0.00145339965820313
-0.121810913085938 0.14715576171875 -0.02545166015625 0.0548667907714844
-0.220291137695312 -0.0192413330078125 0.03363037109375 0.165481567382813
-0.061431884765625 -0.249130249023438 -0.10235595703125 0.31353759765625
0.144927978515625 -0.243560791015625 -0.322235107421875 0.174468994140625
0.274917602539063 -0.105880737304688 -0.067657470703125 -0.20166015625
-0.0460166931152344 0.0387840270996094 0.02154541015625 0.285430908203125
-0.0342369079589844 0.0207881927490234 0.332305908203125 -0.086212158203125
-0.0205879211425781 0.0692329406738281 0.085968017578125 -0.330108642578125
0.0349960327148438 0.0426902770996094 -0.07025146484375 -0.180755615234375
0.0469436645507813 -0.0167198181152344 -0.0200347900390625 -0.0373954772949219
-0.00551223754882813 -0.0585365295410156 0.0390396118164063 0.0171928405761719
-0.02655029296875 -0.04071044921875 0.0978927612304688 0.0511322021484375
-0.0262107849121094 -0.0276470184326172 0.126457214355469 0.0975418090820313
-0.0205440521240234 -0.0230083465576172 0.19940185546875 0.16461181640625
-0.00536441802978516 -0.0160026550292969 0.191436767578125 0.28814697265625
-0.00563621520996094 -0.00923728942871094 0.122161865234375 0.4281005859375
0.0167407989501953 0.00981521606445313 -0.1197509765625 0.525482177734375
0.0327224731445313 0.0689544677734375 -0.500091552734375 0.39337158203125
-0.0410804748535156 0.0644569396972656 -0.59234619140625 0.0807495117187499
-0.12225341796875 0.0553741455078125 -0.62890625 -0.2027587890625
0.150497436523438 -0.085601806640625 -0.00384521484374996 0.276885986328125
0.0553131103515625 -0.175430297851562 0.309173583984375 -0.048309326171875
-0.128997802734375 -0.1025390625 0.10992431640625 -0.2906494140625
-0.1346435546875 0.0365371704101562 -0.0241241455078125 -0.184173583984375
-0.0414199829101562 0.106910705566406 -0.0173416137695313 -0.0663986206054688
0.0337638854980469 0.0539627075195312 0.0321311950683594 -0.00217056274414062
0.0444564819335938 0.0155181884765625 0.0976791381835938 0.0446853637695313
0.0287647247314453 0.0348930358886719 0.125251770019531 0.0918121337890625
0.0340061187744141 0.0249347686767578 0.209686279296875 0.1527099609375
0.0177326202392578 0.0329914093017578 0.214889526367188 0.269363403320313
-0.0208015441894531 0.0419692993164062 0.150726318359375 0.42022705078125
-0.0481147766113281 0.0332412719726563 -0.0806579589843749 0.54144287109375
-0.0302467346191406 0.00447845458984375 -0.467529296875 0.42205810546875
-0.0260162353515625 -0.0540313720703125 -0.5966796875 0.13525390625
0.0319633483886719 -0.0416221618652344 -0.66204833984375 -0.16851806640625
0.311676025390625 -0.184600830078125 0.014923095703125 0.250396728515625
0.1123046875 -0.336883544921875 0.269668579101563 -1.52587890625206E-05
-0.223648071289063 -0.234832763671875 0.1617431640625 -0.205215454101563
-0.267898559570313 0.033782958984375 0.0781097412109375 -0.197616577148438
-0.112869262695313 0.200759887695312 0.00653076171875 -0.143508911132813
0.060028076171875 0.145797729492188 0.00234222412109375 -0.0642242431640625
0.101600646972656 0.0673065185546875 0.0627822875976563 0.0180015563964844
0.0802536010742187 0.0901947021484375 0.104118347167969 0.0738677978515625
0.0897140502929687 0.0675048828125 0.209228515625 0.128646850585938
0.0520553588867188 0.0821075439453125 0.228729248046875 0.242874145507813
-0.024993896484375 0.105438232421875 0.16595458984375 0.41064453125
-0.114013671875 0.0720672607421875 -0.0595703125000001 0.543609619140625
-0.112983703613281 -0.0609588623046875 -0.4376220703125 0.423828125
-0.01971435546875 -0.182205200195313 -0.57550048828125 0.16253662109375
0.180862426757813 -0.145355224609375 -0.64019775390625 -0.14447021484375
0.405853271484375 -0.241302490234375 0.0751190185546875 0.226104736328125
0.119140625 -0.423553466796875 0.2628173828125 0.0684051513671875
-0.288360595703125 -0.28814697265625 0.261627197265625 -0.126388549804688
-0.328704833984375 0.0435180664062501 0.199050903320313 -0.248855590820313
-0.141998291015625 0.245803833007813 0.0268096923828125 -0.250778198242188
0.0729827880859375 0.195159912109375 -0.0474395751953125 -0.144241333007813
0.135665893554688 0.1026611328125 0.00509834289550782 -0.0183067321777344
0.121978759765625 0.131919860839844 0.0658340454101563 0.0476951599121094
0.142288208007813 0.101486206054688 0.187606811523438 0.099822998046875
0.0932998657226563 0.13275146484375 0.217041015625 0.215438842773438
-0.0249481201171875 0.182907104492188 0.147064208984375 0.390899658203125
-0.187606811523437 0.124130249023438 -0.0635375976562501 0.513458251953125
-0.20831298828125 -0.13104248046875 -0.404571533203125 0.382476806640625
-0.012939453125 -0.311065673828125 -0.520660400390625 0.160552978515625
0.308197021484375 -0.23529052734375 -0.5638427734375 -0.1334228515625
0.436248779296875 -0.25787353515625 0.170700073242188 0.215179443359375
0.100555419921875 -0.424285888671875 0.32000732421875 0.12860107421875
-0.291412353515625 -0.271697998046875 0.3848876953125 -0.10919189453125
-0.308502197265625 0.04425048828125 0.28570556640625 -0.3387451171875
-0.133392333984375 0.232574462890625 0.02142333984375 -0.353485107421875
0.0697479248046875 0.19775390625 -0.105697631835938 -0.21600341796875
0.143142700195313 0.117340087890625 -0.0595512390136719 -0.0575981140136719
0.14501953125 0.155075073242188 0.016362190246582 0.0145235061645508
0.180389404296875 0.12799072265625 0.140426635742188 0.0694503784179688
0.123916625976562 0.182785034179688 0.167770385742188 0.180130004882812
-0.0398406982421875 0.257415771484375 0.091217041015625 0.344635009765625
-0.26922607421875 0.160858154296875 -0.076141357421875 0.435394287109375
-0.283782958984375 -0.21490478515625 -0.338897705078125 0.310394287109375
0.012847900390625 -0.415130615234375 -0.439666748046875 0.147308349609375
0.399444580078125 -0.289031982421875 -0.447906494140625 -0.13934326171875
0.408660888671875 -0.238800048828125 0.294464111328125 0.20733642578125
0.079864501953125 -0.3646240234375 0.421539306640625 0.13751220703125
-0.23822021484375 -0.221755981445313 0.47265625 -0.161041259765625
-0.239227294921875 0.025238037109375 0.302520751953125 -0.433380126953125
-0.106964111328125 0.177520751953125 -0.010528564453125 -0.42303466796875
0.0539398193359375 0.168304443359375 -0.158721923828125 -0.264999389648438
0.128890991210938 0.11114501953125 -0.117881774902344 -0.093109130859375
0.1458740234375 0.155319213867188 -0.0386695861816406 -0.0203361511230469
0.191146850585938 0.142257690429688 0.0679092407226563 0.0382728576660156
0.124786376953125 0.216766357421875 0.0875167846679688 0.131134033203125
-0.07940673828125 0.29156494140625 0.0207672119140625 0.25830078125
-0.331787109375 0.143524169921875 -0.0682373046875 0.32000732421875
-0.286895751953125 -0.296966552734375 -0.236404418945313 0.25335693359375
0.068511962890625 -0.454925537109375 -0.35736083984375 0.14990234375
0.435821533203125 -0.287017822265625 -0.311859130859375 -0.15447998046875
0.331298828125 -0.192779541015625 0.4256591796875 0.191070556640625
0.0650787353515625 -0.275711059570313 0.5201416015625 0.0916748046875
-0.159927368164063 -0.165451049804687 0.499176025390625 -0.240447998046875
-0.15692138671875 -0.00227355957031252 0.266510009765625 -0.495208740234375
-0.0766067504882813 0.110755920410156 -0.04852294921875 -0.451812744140625
0.0331497192382812 0.12347412109375 -0.19451904296875 -0.289306640625
0.10003662109375 0.0895919799804688 -0.161087036132813 -0.122772216796875
0.124107360839844 0.131492614746094 -0.0919189453125 -0.0505599975585937
0.167999267578125 0.13720703125 -0.0134820938110351 0.00544166564941407
0.09051513671875 0.21173095703125 0.00415802001953125 0.0652503967285156
-0.117706298828125 0.253280639648437 -0.0222015380859375 0.146835327148438
-0.3228759765625 0.067657470703125 -0.0179595947265625 0.213088989257813
-0.19989013671875 -0.32550048828125 -0.133209228515625 0.258682250976563
0.125335693359375 -0.397552490234375 -0.310699462890625 0.173583984375
0.39739990234375 -0.222564697265625 -0.178436279296875 -0.173294067382813
0.21795654296875 -0.12274169921875 0.53607177734375 0.16558837890625
0.0518341064453125 -0.17657470703125 0.582275390625 0.01666259765625
-0.0851516723632813 -0.11041259765625 0.4827880859375 -0.313140869140625
-0.0824737548828125 -0.0214920043945312 0.210540771484375 -0.5306396484375
-0.0454788208007812 0.0530166625976563 -0.080902099609375 -0.4559326171875
0.0145950317382812 0.0748977661132813 -0.213897705078125 -0.294891357421875
0.061492919921875 0.0564727783203125 -0.190170288085938 -0.139053344726563
0.0847930908203125 0.0888900756835938 -0.134292602539063 -0.0735244750976562
0.11419677734375 0.107009887695313 -0.0832748413085937 -0.0274276733398438
0.0382843017578125 0.15325927734375 -0.0549278259277344 0.00220489501953125
-0.118759155273437 0.148651123046875 -0.0235862731933594 0.0554618835449219
-0.219253540039063 -0.014312744140625 0.0417327880859375 0.1575927734375
-0.06640625 -0.248275756835938 -0.085845947265625 0.308563232421875
0.134872436523437 -0.246383666992188 -0.30615234375 0.187591552734375
0.27410888671875 -0.11175537109375 -0.066070556640625 -0.191635131835938
-0.0447463989257813 0.0390968322753906 0.0210418701171875 0.2806396484375
-0.0359535217285156 0.0227699279785156 0.326263427734375 -0.09893798828125
-0.01898193359375 0.0717544555664063 0.074188232421875 -0.332916259765625
0.0362510681152344 0.0431251525878906 -0.077728271484375 -0.17572021484375
0.048980712890625 -0.0172271728515625 -0.0216655731201172 -0.03466796875
-0.00679779052734375 -0.0592613220214844 0.0410881042480469 0.01629638671875
-0.0282249450683594 -0.0420951843261719 0.10064697265625 0.0513763427734375
-0.0269851684570312 -0.0273170471191406 0.130783081054688 0.0995712280273438
-0.0210437774658203 -0.0224094390869141 0.202102661132813 0.165634155273438
-0.00586891174316406 -0.0161504745483398 0.193511962890625 0.2904052734375
-0.00464868545532226 -0.00692510604858399 0.129852294921875 0.429412841796875
0.0168933868408203 0.0110883712768555 -0.107147216796875 0.529083251953125
0.0355758666992187 0.0671463012695313 -0.490814208984375 0.40362548828125
-0.0428543090820313 0.0652885437011719 -0.59698486328125 0.09210205078125
-0.122711181640625 0.058135986328125 -0.64373779296875 -0.19537353515625
0.15289306640625 -0.090576171875 -0.00521850585937498 0.271957397460938
0.0518035888671875 -0.177734375 0.303680419921875 -0.0625
-0.131126403808594 -0.100456237792969 0.10107421875 -0.293487548828125
-0.135749816894531 0.0393905639648437 -0.03082275390625 -0.180938720703125
-0.0392837524414062 0.110343933105469 -0.0201416015625 -0.0643043518066406
0.0338401794433594 0.0536537170410156 0.0312213897705078 -0.00310325622558593
0.0428428649902344 0.0141334533691406 0.10003662109375 0.04302978515625
0.0292434692382813 0.0352897644042969 0.129547119140625 0.0931320190429687
0.0333652496337891 0.0262813568115234 0.2135009765625 0.1531982421875
0.0161247253417969 0.0328407287597656 0.217132568359375 0.270355224609375
-0.0221748352050781 0.0440711975097656 0.159759521484375 0.42047119140625
-0.0483856201171875 0.0328826904296875 -0.06683349609375 0.5433349609375
-0.0286598205566406 0.000928878784179686 -0.458648681640625 0.4329833984375
-0.0283622741699219 -0.05303955078125 -0.601318359375 0.1484375
0.0344505310058594 -0.0419158935546875 -0.6749267578125 -0.1593017578125
0.314788818359375 -0.193511962890625 0.0143585205078125 0.244171142578125
0.108184814453125 -0.34100341796875 0.2650146484375 -0.0120086669921875
-0.228302001953125 -0.233200073242187 0.154586791992187 -0.207611083984375
-0.27032470703125 0.0370635986328125 0.07177734375 -0.197418212890625
-0.109954833984375 0.205368041992187 0.001800537109375 -0.143280029296875
0.06121826171875 0.146041870117187 0.000267028808593761 -0.0649452209472656
0.0999298095703125 0.0661392211914063 0.0636978149414063 0.0168609619140625
0.0820770263671875 0.0904312133789063 0.107246398925781 0.0751953125
0.0896530151367188 0.0674057006835938 0.212631225585938 0.1273193359375
0.049560546875 0.081207275390625 0.231369018554688 0.243057250976563
-0.0256729125976563 0.106254577636719 0.174560546875 0.409423828125
-0.114433288574219 0.0726547241210938 -0.044952392578125 0.54461669921875
-0.112571716308594 -0.063629150390625 -0.4306640625 0.432281494140625
-0.0230255126953125 -0.182479858398438 -0.57623291015625 0.1771240234375
0.185012817382813 -0.149139404296875 -0.6517333984375 -0.1341552734375
0.4093017578125 -0.251312255859375 0.073974609375 0.219970703125
0.115386962890625 -0.427947998046875 0.259918212890625 0.059173583984375
-0.29388427734375 -0.28582763671875 0.258148193359375 -0.1298828125
-0.331634521484375 0.0458679199218749 0.193939208984375 -0.252609252929688
-0.139129638671875 0.250213623046875 0.0200653076171875 -0.251708984375
0.074127197265625 0.195144653320313 -0.0518341064453125 -0.145599365234375
0.133636474609375 0.101493835449219 0.00450134277343751 -0.0197982788085937
0.124786376953125 0.133293151855469 0.0681495666503906 0.0481681823730469
0.14202880859375 0.101348876953125 0.191543579101563 0.09808349609375
0.0911712646484375 0.131118774414063 0.220443725585937 0.21405029296875
-0.02532958984375 0.183380126953125 0.156585693359375 0.391693115234375
-0.188552856445313 0.126327514648438 -0.0492858886718751 0.51611328125
-0.209609985351563 -0.1331787109375 -0.3983154296875 0.38983154296875
-0.017822265625 -0.31231689453125 -0.520477294921875 0.175445556640625
0.313690185546875 -0.24298095703125 -0.57354736328125 -0.12347412109375
0.441314697265625 -0.26751708984375 0.171295166015625 0.208770751953125
0.097503662109375 -0.427215576171875 0.3209228515625 0.120330810546875
-0.29510498046875 -0.270538330078125 0.38458251953125 -0.1151123046875
-0.3114013671875 0.0452575683593751 0.27911376953125 -0.34429931640625
-0.1329345703125 0.2354736328125 0.012298583984375 -0.355987548828125
0.070159912109375 0.197738647460937 -0.112045288085938 -0.217315673828125
0.141769409179688 0.11688232421875 -0.0612335205078125 -0.0592079162597656
0.147415161132813 0.156356811523437 0.0174808502197266 0.0146293640136719
0.180755615234375 0.126358032226563 0.14337158203125 0.066497802734375
0.123153686523438 0.18084716796875 0.170013427734375 0.179168701171875
-0.0388336181640625 0.259307861328125 0.10015869140625 0.347137451171875
-0.271072387695312 0.164474487304688 -0.065277099609375 0.436126708984375
-0.28857421875 -0.21636962890625 -0.333282470703125 0.316070556640625
0.00628662109375001 -0.4188232421875 -0.436798095703125 0.1602783203125
0.405181884765625 -0.299774169921875 -0.454925537109375 -0.129058837890625
0.41229248046875 -0.246673583984375 0.297210693359375 0.201324462890625
0.07855224609375 -0.36602783203125 0.425323486328125 0.12957763671875
-0.239273071289063 -0.220230102539062 0.472625732421875 -0.170196533203125
-0.242111206054688 0.0239105224609375 0.2947998046875 -0.439361572265625
-0.1072998046875 0.1773681640625 -0.019744873046875 -0.425323486328125
0.0539703369140625 0.168487548828125 -0.16552734375 -0.264862060546875
0.126716613769531 0.111083984375 -0.120758056640625 -0.0962905883789063
0.148834228515625 0.1553955078125 -0.0387649536132812 -0.021881103515625
0.192092895507813 0.140121459960938 0.0697288513183594 0.0361671447753906
0.125 0.214447021484375 0.0887985229492188 0.13043212890625
-0.076751708984375 0.295166015625 0.02734375 0.262115478515625
-0.332275390625 0.147796630859375 -0.0592041015625 0.319244384765625
-0.29449462890625 -0.29925537109375 -0.231353759765625 0.255569458007812
0.059539794921875 -0.46063232421875 -0.350830078125 0.1619873046875
0.44281005859375 -0.297943115234375 -0.313995361328125 -0.14593505859375
0.33642578125 -0.199462890625 0.4312744140625 0.1849365234375
0.0642242431640625 -0.27581787109375 0.524810791015625 0.082763671875
-0.160690307617188 -0.165283203125 0.497467041015625 -0.24920654296875
-0.159988403320313 -0.00492858886718753 0.256683349609375 -0.502197265625
-0.0777435302734375 0.109947204589844 -0.0570678710937501 -0.452972412109375
0.0328521728515625 0.123878479003906 -0.200958251953125 -0.2894287109375
0.0969696044921875 0.0895843505859375 -0.164810180664062 -0.125823974609375
0.126853942871094 0.131988525390625 -0.0925827026367188 -0.052001953125
0.170822143554688 0.135147094726563 -0.0132722854614258 0.00408363342285157
0.0917205810546875 0.210845947265625 0.00387573242187501 0.0659446716308594
-0.117095947265625 0.258193969726563 -0.019256591796875 0.14984130859375
-0.32611083984375 0.07220458984375 -0.0109710693359375 0.210159301757813
-0.2073974609375 -0.32879638671875 -0.125198364257813 0.258621215820313
0.1180419921875 -0.404937744140625 -0.302276611328125 0.18609619140625
0.40338134765625 -0.2325439453125 -0.178497314453125 -0.167404174804688
0.222732543945313 -0.12786865234375 0.54351806640625 0.158203125
0.0513153076171875 -0.17620849609375 0.58978271484375 0.00555419921874999
-0.0852127075195313 -0.110282897949219 0.478271484375 -0.323516845703125
-0.0849533081054688 -0.0239181518554687 0.200408935546875 -0.53509521484375
-0.0466346740722656 0.0513114929199219 -0.0885009765625 -0.45654296875
0.01470947265625 0.0755233764648438 -0.219329833984375 -0.29656982421875
0.0592842102050781 0.0559234619140625 -0.194320678710937 -0.14239501953125
0.0859451293945313 0.0882644653320312 -0.136268615722656 -0.0745925903320312
0.115806579589844 0.104515075683594 -0.0845565795898437 -0.0274276733398437
0.0388031005859375 0.153060913085937 -0.0570793151855469 0.00273895263671875
-0.1187744140625 0.152328491210938 -0.0231132507324219 0.0560226440429688
-0.223541259765625 -0.013031005859375 0.0481414794921875 0.152145385742188
-0.072601318359375 -0.253677368164063 -0.07427978515625 0.3096923828125
0.129913330078125 -0.252120971679688 -0.297393798828125 0.20068359375
0.280624389648438 -0.119125366210938 -0.0638275146484375 -0.187088012695312
-0.044647216796875 0.0402908325195312 0.024169921875 0.28106689453125
-0.0382537841796875 0.0257797241210937 0.324188232421875 -0.11859130859375
-0.0167770385742188 0.0751266479492188 0.0596923828125 -0.341827392578125
0.0381507873535156 0.044036865234375 -0.0879364013671875 -0.172012329101563
0.0520057678222656 -0.0191802978515625 -0.0230846405029297 -0.0323162078857422
-0.00875854492187501 -0.060577392578125 0.0425567626953125 0.0138778686523437
-0.0316085815429687 -0.0431365966796875 0.106101989746094 0.0500411987304688
-0.0283336639404297 -0.0275325775146484 0.138931274414063 0.101638793945313
-0.0219058990478516 -0.0224189758300781 0.2127685546875 0.167526245117188
-0.00664234161376953 -0.016423225402832 0.20465087890625 0.29632568359375
-0.00500679016113281 -0.00471973419189453 0.147064208984375 0.436248779296875
0.0178852081298828 0.0124778747558594 -0.0892944335937501 0.541839599609375
0.038909912109375 0.0653572082519531 -0.4847412109375 0.42718505859375
-0.0440902709960938 0.0697555541992187 -0.61004638671875 0.11456298828125
-0.12359619140625 0.06396484375 -0.6729736328125 -0.18212890625
0.155776977539063 -0.09893798828125 -0.00422668457031251 0.272125244140625
0.04693603515625 -0.183395385742187 0.302459716796875 -0.0806884765625
-0.13787841796875 -0.0989761352539062 0.08880615234375 -0.302642822265625
-0.139167785644531 0.0438919067382812 -0.0402679443359375 -0.178878784179688
-0.0353317260742187 0.114120483398438 -0.024322509765625 -0.0622138977050781
0.0349807739257813 0.0537452697753906 0.0312938690185547 -0.00477218627929687
0.041107177734375 0.0134658813476562 0.104248046875 0.0414962768554688
0.0309638977050781 0.036041259765625 0.137153625488281 0.09539794921875
0.0338516235351563 0.0269584655761719 0.223678588867188 0.153579711914063
0.0150699615478516 0.0335540771484375 0.227584838867188 0.273345947265625
-0.0226974487304687 0.0469932556152344 0.176239013671875 0.425384521484375
-0.0491409301757813 0.0352401733398438 -0.04730224609375 0.554168701171875
-0.0276508331298828 -0.001708984375 -0.45257568359375 0.456573486328125
-0.0309219360351563 -0.0520515441894531 -0.61297607421875 0.17279052734375
0.0371131896972656 -0.0446128845214844 -0.70611572265625 -0.14288330078125
0.3201904296875 -0.20953369140625 0.0155792236328125 0.243362426757813
0.101531982421875 -0.353057861328125 0.263717651367188 -0.02813720703125
-0.24169921875 -0.233306884765625 0.147598266601562 -0.216476440429688
-0.27838134765625 0.0449981689453125 0.0657958984375 -0.200454711914062
-0.1064453125 0.214202880859375 -0.0044403076171875 -0.144607543945313
0.065155029296875 0.147293090820313 -0.00426101684570312 -0.0677833557128906
0.100456237792969 0.0652999877929688 0.0651931762695313 0.0153007507324219
0.08660888671875 0.0927047729492187 0.11358642578125 0.0759124755859375
0.09197998046875 0.0683364868164063 0.221511840820313 0.126022338867188
0.049530029296875 0.0814437866210938 0.240966796875 0.244583129882813
-0.0269317626953125 0.110038757324219 0.1932373046875 0.414581298828125
-0.116958618164062 0.0763778686523438 -0.025634765625 0.55657958984375
-0.115036010742188 -0.0661849975585938 -0.426177978515625 0.4559326171875
-0.0285186767578125 -0.185028076171875 -0.58587646484375 0.20330810546875
0.190948486328125 -0.160186767578125 -0.67822265625 -0.1163330078125
0.41790771484375 -0.27093505859375 0.07684326171875 0.21759033203125
0.106903076171875 -0.44219970703125 0.261611938476563 0.0466156005859375
-0.308929443359375 -0.28668212890625 0.257965087890625 -0.140151977539063
-0.34112548828125 0.054779052734375 0.190216064453125 -0.26171875
-0.136764526367188 0.26007080078125 0.00976562500000001 -0.257705688476562
0.07843017578125 0.197311401367188 -0.0597991943359375 -0.148208618164063
0.135078430175781 0.101905822753906 0.00338745117187501 -0.0217361450195312
0.131088256835938 0.135200500488281 0.0723419189453125 0.0483169555664063
0.145889282226563 0.101913452148438 0.198867797851563 0.0948028564453125
0.0923004150390625 0.131202697753906 0.229263305664062 0.213668823242188
-0.0244140625 0.18878173828125 0.175140380859375 0.396697998046875
-0.19146728515625 0.132705688476563 -0.0306396484375001 0.526947021484375
-0.217727661132812 -0.135269165039062 -0.39495849609375 0.411041259765625
-0.026397705078125 -0.319000244140625 -0.526824951171875 0.197296142578125
0.321258544921875 -0.2607421875 -0.595458984375 -0.10675048828125
0.449981689453125 -0.28533935546875 0.177703857421875 0.20526123046875
0.090606689453125 -0.4395751953125 0.328521728515625 0.1103515625
-0.308074951171875 -0.2705078125 0.389434814453125 -0.1285400390625
-0.32061767578125 0.050872802734375 0.27459716796875 -0.3594970703125
-0.131561279296875 0.242752075195313 -0.00103759765625004 -0.36395263671875
0.0739288330078125 0.200820922851562 -0.1239013671875 -0.220504760742188
0.142349243164063 0.1177978515625 -0.065582275390625 -0.0615119934082031
0.155624389648438 0.1575927734375 0.0197238922119141 0.0132732391357422
0.185821533203125 0.126571655273438 0.149124145507813 0.062896728515625
0.127166748046875 0.18115234375 0.178131103515625 0.179641723632813
-0.03424072265625 0.266616821289063 0.115142822265625 0.353759765625
-0.274337768554687 0.17486572265625 -0.05023193359375 0.4461669921875
-0.30108642578125 -0.2169189453125 -0.331878662109375 0.330657958984375
-0.00582885742187503 -0.428955078125 -0.439300537109375 0.18218994140625
0.412872314453125 -0.321868896484375 -0.469146728515625 -0.11602783203125
0.42230224609375 -0.263671875 0.30841064453125 0.1949462890625
0.073699951171875 -0.37554931640625 0.437713623046875 0.117095947265625
-0.247909545898437 -0.220046997070313 0.47943115234375 -0.1884765625
-0.249374389648438 0.0267181396484375 0.289031982421875 -0.458465576171875
-0.107772827148437 0.182510375976563 -0.036102294921875 -0.434112548828125
0.055908203125 0.171401977539063 -0.179214477539062 -0.267929077148438
0.127784729003906 0.112411499023438 -0.127235412597656 -0.09857177734375
0.156097412109375 0.157257080078125 -0.039825439453125 -0.0224494934082031
0.198822021484375 0.13958740234375 0.0732345581054688 0.0334854125976563
0.131011962890625 0.216522216796875 0.0936126708984375 0.131919860839844
-0.071929931640625 0.305450439453125 0.0368499755859375 0.269546508789063
-0.3397216796875 0.160308837890625 -0.049285888671875 0.324310302734375
-0.311431884765625 -0.302520751953125 -0.227035522460938 0.265823364257812
0.0477294921875 -0.474395751953125 -0.348541259765625 0.181427001953125
0.45330810546875 -0.32208251953125 -0.32379150390625 -0.1363525390625
0.343994140625 -0.214447021484375 0.4471435546875 0.17584228515625
0.0611572265625 -0.282073974609375 0.540863037109375 0.065277099609375
-0.166305541992188 -0.166839599609375 0.501251220703125 -0.271697998046875
-0.166030883789062 -0.00497436523437502 0.244964599609375 -0.519012451171875
-0.0793914794921875 0.111961364746094 -0.074462890625 -0.461273193359375
0.0344009399414063 0.127082824707031 -0.215118408203125 -0.29248046875
0.0976104736328125 0.09136962890625 -0.173629760742188 -0.128219604492188
0.133468627929688 0.1326904296875 -0.0956497192382812 -0.0528717041015625
0.176544189453125 0.133926391601562 -0.0143251419067383 0.00278854370117188
0.0972900390625 0.213668823242188 0.00382614135742188 0.0681838989257813
-0.114089965820313 0.26922607421875 -0.01422119140625 0.155426025390625
-0.335601806640625 0.08282470703125 -0.00320434570312501 0.210098266601563
-0.225372314453125 -0.335357666015625 -0.116561889648438 0.265518188476563
0.10748291015625 -0.41912841796875 -0.29486083984375 0.206207275390625
0.413543701171875 -0.25396728515625 -0.182601928710938 -0.161956787109375
0.228836059570313 -0.138885498046875 0.56268310546875 0.14337158203125
0.048828125 -0.1796875 0.60516357421875 -0.01513671875
-0.0882339477539063 -0.11126708984375 0.47991943359375 -0.34661865234375
-0.0901947021484375 -0.0255203247070313 0.187347412109375 -0.550811767578125
-0.0487327575683594 0.0523643493652344 -0.107177734375 -0.464141845703125
0.0155181884765625 0.0782852172851562 -0.234130859375 -0.300079345703125
0.0588607788085938 0.0568656921386719 -0.204208374023437 -0.146240234375
0.0906829833984375 0.0878524780273438 -0.141586303710938 -0.0750885009765625
0.120849609375 0.10400390625 -0.0878829956054687 -0.0269393920898438
0.0418853759765625 0.156463623046875 -0.0603256225585937 0.00468826293945315
-0.119186401367188 0.161331176757813 -0.0214080810546875 0.0583534240722656
-0.231964111328125 -0.00842285156249998 0.056488037109375 0.148391723632813
-0.083404541015625 -0.261611938476563 -0.05975341796875 0.318206787109375
0.124191284179688 -0.262863159179688 -0.289520263671875 0.222686767578125
0.289093017578125 -0.132659912109375 -0.064453125 -0.185592651367188
0.0501840147271286 -0.0168845983315643 -0.228684090551502 0.166593468698515
0.0211393369309103 0.0354114340020098 0.281973312702116 0.225543157437302
0.0804370740640525 0.000731818783140346 0.336014601061794 -0.151140850225876
0.0210110029881649 -0.05364155671128 0.0875781596891134 -0.163804398192213
-0.0522509379373151 -0.0213591059213809 0.0150941492265061 -0.0297114083350562
-0.0456051419841892 0.0447737215044197 0.0175100638592595 0.0463266352219479
-0.027398996026356 0.0512130986391982 0.000245406941701885 0.123534937886888
-0.0129959500356978 0.0329385014333226 -0.0277940466689232 0.189331101347354
-0.0167206285899876 0.0160213159317356 -0.0654912238401315 0.275003479571528
-0.025437878779276 0.0034919513247395 -0.155614030902707 0.323113685047331
-0.00424068625061014 -0.0175892946492857 -0.331527336510874 0.360278427130676
0.00598106247493247 -0.0552486893570055 -0.550220864659407 0.194321121425466
0.0550964840252094 -0.094526042227824 -0.636189322167135 -0.155356734071114
0.114209519210285 -0.0121362064018824 -0.414152554270716 -0.485332384529426
0.146888287256641 0.0671920714779328 -0.265153850995583 -0.640371769273224
-0.17070843933717 -0.10423329068946 -0.235955023858823 0.175969016355071
-0.207473225796411 0.0990598653984587 0.258952336292795 0.264833603854562
0.00275571115461159 0.207221716122638 0.371271810021676 -0.111602740111462
0.147391141615042 0.103523443425424 0.142192438348035 -0.17267196421445
0.112991752767 -0.0552145285015541 0.0234615336334489 -0.0665767913451568
0.0163807251085213 -0.0604917356752857 0.00861605581092826 0.025941613605109
-0.0152149627857336 -0.044282009786432 -0.00800308756690487 0.117328754786495
-0.00400872701652848 -0.0523757647814183 -0.0302798517091086 0.185812406023821
-0.00726474934299339 -0.0610950652486941 -0.0556833059117795 0.278162101997646
0.000518190538177657 -0.0442805240124677 -0.132283877136875 0.327541101785901
0.0466071481855003 -0.0377774848828193 -0.310241775236684 0.375793286657991
0.0654105374520927 -0.0103438707101011 -0.531615447429389 0.230702125189791
0.0551793539407494 -0.00192605047160419 -0.632727345725736 -0.113548683093455
0.0140189666728082 0.0472657643743335 -0.463796377249387 -0.440879725871575
-0.0202973224798636 -0.00665046582869279 -0.330461505674501 -0.627858302864525
-0.35222217425817 -0.1757898554285 -0.201371054731381 0.207717808431635
-0.381228419995973 0.15935888373934 0.208624903315211 0.286996208691899
-0.056761734853271 0.370549488247487 0.365327745046856 -0.0155237132620658
0.240753699053076 0.228212181921121 0.235014794578345 -0.124204943156692
0.239724257499424 -0.0691455546227456 0.0987316489410312 -0.111462576855954
0.0733192617457479 -0.137060824467246 0.0322722400796419 -0.0381746015611628
0.0034370325951449 -0.123510088810631 -0.00900262030571698 0.0685213846277059
0.00334861432606407 -0.129051653401355 -0.0312264804157333 0.155048532712245
-0.00538137635511067 -0.134079151612623 -0.0379186818997653 0.265294425823746
0.0179324980231829 -0.100129228515106 -0.107172607471836 0.321763137127478
0.0955694412115824 -0.077153377561621 -0.296641655659254 0.378526231637217
0.142019668505144 0.0229957438890688 -0.518420883357642 0.239807621539484
0.0733284782697354 0.105046507540376 -0.605396396310083 -0.0937588299003008
-0.0904126701546516 0.123627797853288 -0.46793369221276 -0.387921919983708
-0.191982368118131 -0.0696408780797196 -0.35109570967938 -0.577553331764176
-0.463603702348295 -0.21920391704662 -0.142747129759728 0.265158560829411
-0.459929591566173 0.203881121437196 0.149225439334366 0.338182050751548
-0.0740189206792181 0.455280926668895 0.375223675176088 0.123508079681417
0.283965672629688 0.2843226847626 0.363281670020669 -0.0612210885876175
0.296990019124453 -0.0680899013639532 0.205870865496991 -0.171932698803332
0.108056113380119 -0.170014007895687 0.0712697359878122 -0.128107497121161
0.0223312110467608 -0.1724336216939 -0.00512151444219244 -0.00738688794070738
0.0094263221349906 -0.18797678197811 -0.0292654375523446 0.10189227300893
-0.00690369289714971 -0.19797431701303 -0.0245322921123844 0.230936854772551
0.0297904601230919 -0.165243370968592 -0.0959942443515788 0.294279510759897
0.152319778412701 -0.131268704615179 -0.297887705407672 0.346003780653097
0.238244127985273 0.0545070864776231 -0.490836120581723 0.205355714373711
0.0995957676696315 0.226436570453081 -0.538805975761182 -0.0978935855403665
-0.195836164275406 0.203509122222473 -0.42715271244046 -0.322896458999784
-0.343437076514355 -0.120284682130066 -0.319911373955503 -0.493269006009549
-0.503698454485517 -0.23577784100746 -0.0749071436643751 0.35191725047181
-0.45672300369775 0.208758666616864 0.124737185742474 0.434276247259542
-0.0747522492120996 0.446272420458683 0.434074511575205 0.255694552058297
0.259094600091417 0.279367688813022 0.496608348500768 -0.0295220876402428
0.283862534858052 -0.0462953719637134 0.302140970958118 -0.242963160261796
0.120132292816667 -0.159435532347542 0.105908124013842 -0.220324416641051
0.0380111620990107 -0.185524224035883 0.00591731002051371 -0.0898166218735357
0.0140560333048692 -0.217809673902664 -0.023696791365322 0.0333973303684591
-0.00703609017200499 -0.243969192941858 -0.021063209156459 0.171479322501409
0.0493964132742331 -0.224218065721793 -0.0991479054015488 0.230499922675315
0.220349597823437 -0.176274323491527 -0.295226235839502 0.258943576968997
0.32839510900746 0.103762212506214 -0.419624127883429 0.131583880916197
0.101675163982067 0.348517139177017 -0.424492928607564 -0.0934253806738633
-0.298072349442414 0.255905326616157 -0.363191738312148 -0.239671049906508
-0.445388619338653 -0.16012487988312 -0.243270693787667 -0.394480465268496
-0.485992161491821 -0.220535235955651 0.00791142010704998 0.456792989112683
-0.402879696616731 0.181626312525449 0.16689225402 0.532742613127432
-0.0767934007794587 0.373764886718453 0.523555718943813 0.315980904006002
0.184924455624855 0.245902008540613 0.590426309849922 -0.04693325131462
0.226557924676918 -0.010895574125912 0.356328326383062 -0.309672968886671
0.113929617777126 -0.120911254451798 0.129376026894829 -0.292327880191067
0.045347766976785 -0.16755375815825 0.0221598923177025 -0.163591421282068
0.0173095641868825 -0.216025647429475 -0.016873048892109 -0.0430066183937893
0.000365034541659072 -0.259802081445475 -0.0279827970021991 0.0867642007681275
0.0798370679942121 -0.249850583085058 -0.103031432156525 0.130777013497845
0.278404292373545 -0.172380499388433 -0.256593641002255 0.135385425743351
0.35851315600923 0.177650290289697 -0.295924018249805 0.063807430894164
0.0451028636872412 0.421121154740219 -0.30119145991124 -0.0400145457678533
-0.368660480580469 0.244277885057505 -0.318636562097902 -0.150521092769804
-0.471324404951204 -0.187384356598112 -0.142178910554338 -0.292892064543069
-0.419750627324205 -0.179677093483303 0.107283436985308 0.553054610678437
-0.32772841851296 0.137442667951167 0.254147288745629 0.593133219564689
-0.0804464627075835 0.280233103145379 0.592726253941786 0.303386917549088
0.101427339212665 0.201142704038169 0.623024393705234 -0.092510457575094
0.15757437950402 0.0239455613209609 0.367705610851661 -0.354707081311842
0.096130023251433 -0.0736338092449716 0.143839618864099 -0.335758545868896
0.0444451198247799 -0.127798090683087 0.0411297441536271 -0.219425240401423
0.017823268562605 -0.181327261680482 -0.010785498790131 -0.115013318245687
0.0130401010492216 -0.232674432000376 -0.0348568327441962 -0.00940667225152181
0.104912449887878 -0.220552269861959 -0.0888888682031546 0.020356205933221
0.283161337516817 -0.11126276256403 -0.168470231284625 0.0268169620744471
0.285784161884856 0.229343432655322 -0.157094604725586 0.0562195772438467
-0.0480147970873525 0.386173025502017 -0.239464898266032 0.062921745947512
-0.367055634039161 0.164601008233173 -0.322011802028068 -0.0918130939264287
-0.406179278205537 -0.18981249758565 -0.0306767341851396 -0.204104748152786
-0.308649051744587 -0.119047986942127 0.203340872028962 0.616066057624949
-0.23865650616079 0.0916240642718496 0.348579513789209 0.598159334252798
-0.0760756547113731 0.187447297807691 0.629418455366088 0.252714073496511
0.0345818757665425 0.150372147865649 0.614863012646082 -0.138171680807119
0.0932532687935235 0.0441181477116722 0.360588808350526 -0.378406441968594
0.0712620435104382 -0.0277054142302715 0.15069639168237 -0.35421437041618
0.0356391126524858 -0.0731700886084171 0.0554740072266012 -0.25549767842636
0.0164193843855246 -0.118658367603975 -0.00640772962114069 -0.173076070964703
0.023924376125874 -0.1619987245141 -0.0315302574071114 -0.0951584961192611
0.100756791550224 -0.137139996701046 -0.0540501292486653 -0.0652026229851403
0.206307274475568 -0.0269275082500476 -0.069023714195427 -0.0197891563086906
0.137512074513782 0.201608903775873 -0.0717029016694393 0.103789638239724
-0.106315375889272 0.231247870555643 -0.26590174968436 0.148498272292351
-0.258810764876239 0.055752064922934 -0.343154968510014 -0.092023264393841
-0.251625985668662 -0.151327685039315 0.0737620613208898 -0.140323995521693
0.0502867076016762 -0.0196788120595095 -0.219293742537971 0.176199978368968
0.0271711963800272 0.0351444300570763 0.303232713341243 0.196407366587054
0.0840574870497221 -0.00630283103849427 0.325060706353468 -0.181378662287721
0.0196529680974968 -0.0576666163172669 0.0707731814860517 -0.169789096800974
-0.0562146149574994 -0.0186568727539511 0.0110561367502358 -0.0275168443223227
-0.0427087600341763 0.0492141788992835 0.0199941697737152 0.043954425779932
-0.0230974195462538 0.0556991771893034 0.00916730855656239 0.125712207987693
-0.0118093276720826 0.0357215614580532 -0.0147295328203909 0.19654374392092
-0.0159265934563271 0.0167822331393216 -0.0511457080654736 0.28602587279979
-0.0246267206504178 0.00483419054124309 -0.140723202667832 0.339865315775852
-0.00456355046057098 -0.0198195419602143 -0.309637407401852 0.387250302057326
0.00265035819823405 -0.0564022378938678 -0.536900162859646 0.235031876906248
0.0471061951243567 -0.0982063638595816 -0.650866514064989 -0.109941995497659
0.116949245620886 -0.020009305738138 -0.454745235724531 -0.462631250622369
0.152679418474189 0.0581654783998189 -0.316699973462529 -0.636076187559932
-0.180966976969196 -0.0950218425204804 -0.226488357347417 0.186177181638729
-0.202348428437566 0.115009838022936 0.282017058551024 0.237924995957347
0.0190359714484296 0.20882526199125 0.363280432342756 -0.143563898351506
0.158575621611392 0.0953098585626173 0.127514703164779 -0.18345681866704
0.109622126950246 -0.0645274679653197 0.0158051751132018 -0.0665714778100995
0.0139748527229589 -0.061340994137362 0.00844985437231965 0.0231580239300423
-0.0145164324381371 -0.0418475136755403 0.000511739366111185 0.118528508638647
-0.00714275828535682 -0.0529022854320974 -0.0188006908029763 0.193080971071555
-0.0105708202693523 -0.0621301371854713 -0.0401056764624423 0.287933342185244
0.000260677510402679 -0.0436377992619211 -0.115341191602696 0.34038506322223
0.045613481200199 -0.0423708061701214 -0.286377321051734 0.401564065831775
0.065129941117725 -0.0130366634485496 -0.517357167661031 0.270294447200787
0.0522583828927283 -0.00366377982086992 -0.644112089627836 -0.0673105856763711
0.0179613733595381 0.0451634580736302 -0.502046424858479 -0.413010275115583
-0.0239636761323404 -0.00640378738340729 -0.38299028510374 -0.618502806359461
-0.370467824100234 -0.156255622316201 -0.188292961514516 0.215744867057206
-0.375745205548425 0.186989162788896 0.232497807186245 0.264619974203086
-0.0316325502803433 0.378826957999038 0.364698137510089 -0.0446620823999486
0.260644998789917 0.217191231591899 0.226620306059164 -0.141468569603262
0.238725277513027 -0.0862906350623013 0.0878055937240514 -0.119329292532997
0.0677515343988001 -0.142419907968724 0.0272695648007181 -0.0436382379338359
0.000869322571813566 -0.123664690453071 -0.00507508495217777 0.0673942321016799
-0.00322504948059781 -0.131660404306783 -0.0212936482187117 0.161314213053087
-0.0117901309081832 -0.13598200308288 -0.0225057941282396 0.272094057774835
0.0140246630677221 -0.100934522774185 -0.0894006280767948 0.333413470344058
0.0936022273107485 -0.0832073796582581 -0.273063351375962 0.403842047534861
0.144652344328479 0.0175183476856446 -0.501989823034711 0.278522069049742
0.0765231831046247 0.104130827261991 -0.616401519291302 -0.0509801826229488
-0.0830960403595883 0.128528706654605 -0.503640732376332 -0.358425164311756
-0.203636931387369 -0.0596240416611592 -0.399846370522465 -0.56309852978445
-0.486058152790437 -0.194749216353111 -0.12698705402058 0.271648614022041
-0.453341966775042 0.234303293874146 0.174539787728313 0.321395870408794
-0.0438000207385665 0.465635512212936 0.38473728298072 0.0966128290531152
0.307274654965299 0.271540263674256 0.362542762858977 -0.086350153158335
0.296943575989718 -0.0875550359875008 0.1930121224267 -0.187456717760939
0.101735106685621 -0.178094739919748 0.0600538400370397 -0.137637354568939
0.0180478672701792 -0.174023742982357 -0.00550070736562628 -0.0101079748741339
-0.00107646670359039 -0.192081309973097 -0.0220742029242987 0.106651893477565
-0.0171184581803188 -0.200283731289141 -0.00969181501620271 0.236430255242677
0.0233559475602457 -0.166594150831218 -0.0788941272110948 0.304286499664806
0.147663415868471 -0.142212323439335 -0.275766194043542 0.371435682331259
0.244230736247495 0.0436349918970528 -0.477932312718582 0.241253426589433
0.111650355651647 0.226350033324502 -0.55047598410738 -0.0623113532694027
-0.185776285704855 0.216595236556782 -0.456530286755408 -0.292424769728226
-0.361727436336641 -0.101879359854073 -0.36194143052837 -0.478683582501986
-0.527890720997551 -0.208583854548603 -0.0521369499583121 0.357000623734801
-0.449587872460604 0.239062310178576 0.155834109519571 0.42350400280216
-0.0476651649996241 0.456425577733425 0.455374466943308 0.227976479930147
0.281214698324702 0.270964088950292 0.501499781358081 -0.0637931236268569
0.285333387467816 -0.0625625672587817 0.286077771961406 -0.267755049009713
0.115107946105553 -0.168080214398421 0.0899560683565525 -0.232178917610075
0.0332392736947735 -0.189233818970494 0.000112977970170082 -0.0949863353196553
0.00245643477196019 -0.222502778422177 -0.0203443228170174 0.0353906546790253
-0.0196049764671482 -0.246864540786724 -0.00902188141269128 0.174031161829894
0.0385424250270035 -0.227694451304371 -0.085555650203588 0.239985593033509
0.212885000316111 -0.192260338147987 -0.279118822656982 0.284535586764902
0.340703433686817 0.0877714019065965 -0.411957946886206 0.160131632273931
0.123158505156972 0.349799873610714 -0.435014635846898 -0.0651498770989202
-0.285221406831704 0.276780598442148 -0.383223457200166 -0.210267217310624
-0.46995639951827 -0.134086046748085 -0.278376181830242 -0.378701891907026
-0.510684587905754 -0.197190149388755 0.0384096465118675 0.461154321105691
-0.399702975491904 0.205626562404301 0.205172634400851 0.525513549929743
-0.0555966466069261 0.3822712989485 0.549780606253809 0.283513652805699
0.20322403520182 0.24196665236099 0.594697506909548 -0.0871640190389734
0.229880007271024 -0.0207058718186934 0.335716004178333 -0.338808764617704
0.110812908260517 -0.128369587413287 0.109437409263625 -0.305805854609643
0.0416031024766952 -0.170625749204587 0.0134929462989043 -0.171257613887225
0.00548553974549278 -0.220475323255409 -0.0179761150491094 -0.043015456834838
-0.0142305051189736 -0.262886527752822 -0.0210777218522852 0.0883489658135138
0.0678110588460914 -0.256684495467662 -0.0969212342902299 0.139230914633294
0.272349991807386 -0.192793506754568 -0.249769056708471 0.157282908150595
0.376767358224096 0.159795522115075 -0.290960645393846 0.0813471895652561
0.0715689772949222 0.428268070760051 -0.3047714770761 -0.0192221434742473
-0.357179597848515 0.270828510641812 -0.330139139167422 -0.121105981069117
-0.498246079833538 -0.160719568465938 -0.1655055129962 -0.281701867780035
-0.439729133088204 -0.158982349577975 0.144190288975577 0.55451795356574
-0.324310648965015 0.156065937596265 0.298485856457528 0.582104749367871
-0.0660610018501966 0.287574296891606 0.621771525956598 0.266970344930188
0.115321394986469 0.201890917227018 0.623762575294 -0.133289849719756
0.162961438551406 0.0179164490119714 0.344917053445266 -0.384656433671216
0.0958945805211128 -0.0790940861551326 0.122102219911554 -0.350185496567747
0.0420234153975056 -0.130954988924512 0.0295118374677119 -0.229361512747279
0.00785258974694342 -0.184977787873864 -0.0163558035094403 -0.117148420443943
0.000149450059803239 -0.236007801531056 -0.0347207668753059 -0.00872741787100396
0.094674077026309 -0.229816064430756 -0.0900009735795932 0.0259820665353186
0.281966967689098 -0.131805952622823 -0.168744230507338 0.040220761329649
0.307487368652864 0.218187765176984 -0.149051632820054 0.0648609911684015
-0.0247968265639749 0.39843345022263 -0.233515750774076 0.0825284495025778
-0.361355339573841 0.190050662286713 -0.329836487855382 -0.0585836957027611
-0.433080737661707 -0.165980278245671 -0.0451306942908148 -0.198434737587401
-0.323784934634056 -0.102895120725723 0.248885994812898 0.612912148371124
-0.237208707124584 0.104446382743163 0.394710603307848 0.580607203238373
-0.0667631252134396 0.192943462453628 0.653119760677028 0.212368034419458
0.0441821029375653 0.153570233946701 0.612227385161863 -0.181683466853621
0.0981954216044272 0.0415042422794075 0.335602690504733 -0.405967307671893
0.071999343198751 -0.0321400700060803 0.129169111123974 -0.370494139647105
0.0351244907008795 -0.0752519557798809 0.0419085895648376 -0.266573652586311
0.0094744076260129 -0.121177782545525 -0.0164304126190124 -0.176914208317657
0.0144315107912704 -0.165161878183072 -0.0384131560374559 -0.0962905086757751
0.0957809572305285 -0.145940961225177 -0.0609243102503025 -0.0633552196694866
0.209688571636187 -0.0415342034611421 -0.0706484018957311 -0.0156235561146216
0.154358289453125 0.199594492963121 -0.0588369794255946 0.106927305311128
-0.0949040592614246 0.246089873414498 -0.252777492422562 0.174254776362359
-0.258201914181518 0.0737045694492661 -0.352633853166035 -0.0562870087872509
-0.271914983739165 -0.13827014752848 0.0663546991299484 -0.139786305231719
0.0492188982141138 -0.0229887279056451 -0.206169014405002 0.180097914128358
0.0330036345331223 0.0337184542568423 0.313109043343476 0.162344385019586
0.0850530430184087 -0.0140428508423181 0.305061692891519 -0.205465464014703
0.0176198848380596 -0.0618969838984887 0.0534355451869021 -0.170485491277282
-0.0587052969449045 -0.0148234002851866 0.00757413532491367 -0.0250048345645825
-0.0381304438244482 0.0517041672594673 0.0207870149150033 0.0413372580594769
-0.0173427742949294 0.057760145384643 0.0171881150612674 0.123490250765299
-0.00955138813202284 0.0366311883880935 -0.00141875055964339 0.197983360593148
-0.0157388751492281 0.0171657452557412 -0.0349915587510867 0.289605356132813
-0.0237352768862238 0.0061545916261195 -0.121675205359064 0.34805956717466
-0.0055341381808295 -0.021985241279217 -0.281538587418417 0.402914445867184
-0.00104107231433705 -0.0567514167468937 -0.514434296886785 0.265466979368674
0.039446072640909 -0.0994888914307365 -0.649032927140729 -0.0631907272350778
0.116814636419283 -0.0273544316499806 -0.481148285804674 -0.431449793095814
0.154852928884535 0.0492264506272096 -0.358053691473085 -0.615247555434612
-0.187247541683055 -0.0837392768649977 -0.21251852699056 0.190783275678005
-0.191864793224355 0.127512783783639 0.295800598220776 0.203737978195518
0.0327562495081019 0.205124986328646 0.345600566096884 -0.171185546281103
0.165314711481592 0.0828794239577152 0.109674560524982 -0.188333576798119
0.104421681272231 -0.0716739987779852 0.00831401110685601 -0.0638730208194362
0.0118350670740938 -0.0621875340512279 0.00682578796724891 0.0214933690832936
-0.0133771530142948 -0.0395500146259706 0.00748041449589835 0.115936312550815
-0.00951981549141077 -0.0517882963311977 -0.00550222208847628 0.194715638203662
-0.013603972798841 -0.061870941732121 -0.0238039032589452 0.290311869324176
-1.48144456502061E-05 -0.0429093120254081 -0.0962049107826963 0.346791855874473
0.0443352674942175 -0.0452433884438749 -0.256049835603148 0.416807961698677
0.0634823557229695 -0.0157365018022306 -0.49133009669482 0.300522557713939
0.0485232379019504 -0.00398736368704953 -0.639859684941683 -0.0235855733368205
0.0211806485668564 0.0420944710442271 -0.526899739755653 -0.377198589416332
-0.0265945096634613 -0.00494274749171361 -0.42485341325673 -0.592273719701275
-0.380671838511942 -0.133187385321361 -0.172831768301515 0.218478740017879
-0.362346174177946 0.208494045574745 0.247300697386729 0.234578421290997
-0.00640892942314743 0.37762523294956 0.354463771244731 -0.0730226857763447
0.274309435717277 0.200308896011561 0.213617723396522 -0.153758021467448
0.232203859078566 -0.100856436028626 0.0761737686790779 -0.121371449008652
0.0604917600261546 -0.146131824042206 0.0206727451854479 -0.0456983071131069
-0.00208340353553535 -0.122163203033084 -0.0010928741311145 0.0648868025446271
-0.0103080343737118 -0.131688769111831 -0.0109359402204005 0.16269107864747
-0.0177219856956443 -0.135209286301834 -0.00687360316126316 0.272098958136338
0.0125386531706106 -0.0996526372009702 -0.0699378347381105 0.336780775344745
0.0898286571348448 -0.0879902001424302 -0.240874133474776 0.417565743286924
0.144866502782063 0.0118876184523853 -0.475273874870111 0.308446052528958
0.0783896553096685 0.102140825375291 -0.614468421716876 -0.00979404947989144
-0.0752779135159389 0.13020803591738 -0.52302202383119 -0.319637331026584
-0.210669965160308 -0.0471428014957272 -0.438129860813751 -0.534740812487441
-0.497032479083337 -0.166160350544701 -0.109132523131674 0.270764385757911
-0.436665774368752 0.25985326083129 0.192698860865921 0.296548653867682
-0.015230468119219 0.462986656677781 0.38370145113416 0.0693035950333396
0.324013066809998 0.253909525151252 0.35426148254151 -0.108484584178494
0.291078032501352 -0.103791382000999 0.176751185513884 -0.197658576524501
0.09360903382745 -0.182217981253703 0.0465263418837885 -0.141624044398242
0.0133706713955126 -0.173467312678285 -0.00631479657358767 -0.0127701763308124
-0.0105275454005531 -0.19151914028878 -0.0154187672862712 0.107508964339184
-0.02637558050286 -0.198757981738442 0.00415680426517614 0.234968336999851
0.0171765304651055 -0.164774603458419 -0.0597086536239288 0.3070335545143
0.139474558697761 -0.148845416205869 -0.246793099657987 0.387285240215915
0.247098912133504 0.0320530694145662 -0.453876835901632 0.269405368455496
0.121044533957278 0.221451277120258 -0.548833541824257 -0.0256755287381834
-0.173198915395019 0.224060763985829 -0.470724003450214 -0.255519583888943
-0.371931838375071 -0.0784151428919214 -0.393253515727818 -0.450947436861278
-0.540886481389331 -0.180424677536983 -0.0297344921080311 0.354390135318992
-0.434636458754012 0.260710759537404 0.181268752725248 0.402639660046827
-0.0201917202394394 0.454444271293448 0.464086352431989 0.195540398316951
0.296599176097749 0.255483090483049 0.494206107719659 -0.0951840188221405
0.280849998368055 -0.0767036608494356 0.26378332585532 -0.28277567968056
0.107850915014285 -0.172629052463762 0.070903795994686 -0.237054651307597
0.0281614232086193 -0.188778905932451 -0.0052388183850317 -0.0977298946581781
-0.00906277247044221 -0.22238112929377 -0.0174802251535925 0.0362805184321013
-0.031863528357609 -0.244971269461183 0.0018921706119964 0.173150402802101
0.0282329888775843 -0.226472674853982 -0.070303758139985 0.243339189395517
0.201183122284289 -0.203349846663833 -0.256666860101701 0.302751417082386
0.345166450959248 0.0699351713582238 -0.394430795493515 0.184272080769711
0.140503720239889 0.343659640151308 -0.434466520690154 -0.0374080336474837
-0.267959969940396 0.28991450107658 -0.391376441156662 -0.178206490305264
-0.483213506388617 -0.105611161131688 -0.302216794903098 -0.355661702538021
-0.522829450813913 -0.169364021583567 0.0673404211335605 0.45453105181965
-0.386456779432507 0.223268171058097 0.23706055732408 0.504246557257564
-0.0343920496339386 0.381735743212107 0.563748087175651 0.246675033281587
0.216505735924169 0.232688247377656 0.585187747403994 -0.124705526674614
0.229525516479436 -0.0306061003815367 0.308705355305529 -0.356939083935194
0.1057046030024 -0.133224269947951 0.0867611356226175 -0.310578031894389
0.036856510663974 -0.17168599463923 0.00366459991380886 -0.174502702173364
-0.00599715647211923 -0.219967806665455 -0.0182878495199964 -0.0430857474382904
-0.0275978182530297 -0.260741383264471 -0.015034169345204 0.0879326792233004
0.0541862450701095 -0.257813914733137 -0.0879105115554571 0.144633391205385
0.260447670817494 -0.208978528335724 -0.237141552326191 0.173245954168961
0.386677460029224 0.139221573751679 -0.279532068106068 0.0972167531692916
0.0967285750636743 0.425375496385841 -0.300629439692104 0.000600891195682815
-0.341441754353402 0.289779273025606 -0.332098380794071 -0.0885829015738704
-0.513959281905427 -0.127717329724924 -0.183421452701074 -0.263582306488116
-0.450263246160632 -0.134202083610678 0.178936766882682 0.543649880931861
-0.315272317659057 0.170093266742707 0.335391642612502 0.557326756614383
-0.0512771461129777 0.287674801162635 0.632338202109052 0.22463039659661
0.126819365098404 0.197903098601578 0.60930829701629 -0.173476150918029
0.164648549809431 0.0124166189952124 0.314528459669783 -0.401984074007478
0.0928800302833824 -0.0841698489207871 0.0976516747881856 -0.354300017125252
0.0390826200032456 -0.132541264643628 0.0170708179805841 -0.233517169525846
-0.00170763780374522 -0.185294208086021 -0.021579598228582 -0.116652857044701
-0.0129127307297229 -0.234545122520194 -0.0347392295804515 -0.00786384473468906
0.0825883277147221 -0.233725257737656 -0.0889385834058051 0.0310266790111404
0.273276015606349 -0.149700648697997 -0.164611055091137 0.0518314511604557
0.321798503348562 0.201490700441237 -0.139267769517067 0.0699286685463654
-0.000919829350351217 0.402953931516283 -0.221485419371698 0.0989971948128631
-0.349170169490225 0.211085601170341 -0.326316403382381 -0.0253874942127971
-0.447594072910443 -0.137761299126818 -0.0570343989260867 -0.188676824994175
-0.331029075242965 -0.0846523298269835 0.286005559011486 0.596279914298887
-0.23197650632113 0.115174793740429 0.431806204442722 0.553175177997431
-0.0568074990892071 0.193882191737892 0.660476270009029 0.168505163775698
0.0543552740502609 0.152816834376124 0.595171120689637 -0.219797054947091
0.101231884375749 0.0383618866260434 0.302897023279478 -0.423008292208392
0.0707491219970853 -0.0368108406634964 0.104820776158196 -0.374049849035918
0.0340389205407866 -0.0772716606421754 0.0273298089527314 -0.271070803885761
0.00334665976425085 -0.120826672385412 -0.0255279047468791 -0.176262615347833
0.0049555067243649 -0.165535809708051 -0.0447198757805601 -0.0941276234565656
0.0885047781735968 -0.1511967787755 -0.0662298251056222 -0.0596662896737472
0.207797087189972 -0.0551149185615566 -0.0700500913053732 -0.0122686291239962
0.168344606658065 0.193308265379448 -0.0455759802705156 0.106641116155723
-0.0801639160862215 0.255072902579883 -0.232552525009242 0.194302578187159
-0.253688052913555 0.0888387909104094 -0.349590487878271 -0.0190449863991743
-0.284699927121957 -0.120264640952822 0.0587454733037293 -0.136771930581949
0.0390650812089323 -0.0372575905531912 -0.132780590416199 0.231770493637161
0.0503381791872183 0.0167989561055453 0.338944510251228 0.029984835929113
0.0742431099280537 -0.050482602387362 0.204954366833412 -0.293676126558391
-0.00762927822554277 -0.0679723364024613 -0.00882757956650439 -0.17099851023411
-0.0603346687523893 0.00677565252177025 -0.0001404407433872 -0.0238307258977132
-0.0170913282114723 0.0607580949668969 0.0298422446467823 0.0301126779987154
0.00624303699287585 0.0608061161798377 0.0594403463516721 0.105319947085889
0.00401146006317419 0.0388750351678476 0.0692889419681244 0.183086383083894
-0.00955610379358482 0.0212570764800231 0.0650180996129005 0.28185316885102
-0.0174487830514018 0.0126859865382067 0.00333395570066657 0.365647200190473
-0.0149483973656641 -0.0204322586533503 -0.116841607804402 0.463494402210234
-0.0190244571069124 -0.0533589136383534 -0.380049470679465 0.415849875439891
0.00260688030819803 -0.101281980296415 -0.617710484497214 0.162324005307337
0.104043148500525 -0.0625986581720672 -0.591575237472465 -0.237164685958356
0.165526337478064 -0.00132806046798993 -0.534425862791085 -0.458407726315144
-0.208733335604504 -0.00809170594998695 -0.127105589314135 0.2380146370689
-0.127783224324321 0.189225503743434 0.33910670911428 0.0626311459656469
0.106112980945238 0.17289398888156 0.242413971467745 -0.283549891870778
0.185366689553771 0.00978259456684465 0.0259477440622347 -0.203424807031685
0.0702844117863368 -0.10368759585163 -0.0138035911144239 -0.0526913531007753
-0.00987567585407102 -0.0619312735389293 0.0127426710257956 0.020032510890092
-0.0230415908795009 -0.0328453117064956 0.0484489707401631 0.104661508783451
-0.0256224597430034 -0.0437813612765892 0.0653663081784249 0.182467314736695
-0.0336361486350057 -0.0531765033015659 0.0763709120176345 0.278850921723066
-0.0111071778046047 -0.040914735848723 0.0266942467888511 0.355861987819149
0.0245803941234494 -0.0576250435883664 -0.0900359677677235 0.468104331209258
0.0553453468700573 -0.0353577917386301 -0.348747028240323 0.439332899057692
0.0423632011486172 -0.0151787157084465 -0.597854125083569 0.196149220706262
0.0377398109050273 0.0338981115227163 -0.614363899437316 -0.170985855891052
-0.0239776453114654 0.00800515864837823 -0.584656312876439 -0.408899645658551
-0.411215510414157 0.0148272756623366 -0.0740303913655391 0.245297379572757
-0.258322757787487 0.328544596439324 0.305888759288203 0.0981149661073878
0.131737007832518 0.348917098162619 0.274383422969316 -0.199609662904175
0.330855841767819 0.0782755382198704 0.127675657687872 -0.203497374387533
0.179650126073595 -0.175429104690531 0.0282911712199965 -0.123813432077544
0.00723050374722525 -0.156733451212706 0.00392020970970703 -0.0440903841371152
-0.0398486258277123 -0.115371511587016 0.0214884293907752 0.0627420882910143
-0.0520445914995361 -0.117458969383975 0.0508203653422669 0.155227675421822
-0.0612176372659143 -0.119471705111653 0.0872222955289232 0.255550464540657
-0.0178579723606698 -0.097195295884617 0.0480965529237079 0.337830615182973
0.0530438490572267 -0.111800788449015 -0.0750148187346121 0.466190958127598
0.140211109749238 -0.0361865798440033 -0.333208951339516 0.442279684543443
0.105676767758121 0.0734665403722851 -0.569142773170509 0.196172492296436
-0.022336730410271 0.147791088374668 -0.588315637497961 -0.117607524486959
-0.21300587894306 0.0289629597749326 -0.574433617766787 -0.344296927764332
-0.53466887644705 0.0256266909517138 0.00833086305722011 0.270629765507161
-0.31098750113382 0.404750662422688 0.276794207936329 0.172185934915047
0.155036975782883 0.431796469393092 0.347463713086222 -0.0787696906237843
0.396661249570599 0.110767134350939 0.271281165362363 -0.208889114902332
0.235081993200713 -0.199852005814587 0.0942396856751905 -0.226743090594477
0.0264073112253069 -0.202060652979817 -0.00416706803292363 -0.140276262952601
-0.0425771091109637 -0.170398769383124 -0.0114356351441165 -0.00604617586706436
-0.0720588319017216 -0.173183282649208 0.0285810735821528 0.106328597965846
-0.0905901932619704 -0.175300272375949 0.0870253899694469 0.215598917806608
-0.034698243661496 -0.159102187844322 0.0485746973544638 0.307494186598535
0.0780335223119718 -0.184493303745616 -0.0898384604454379 0.44306790603324
0.241698941177141 -0.0514430116764992 -0.329857650595698 0.398470925632005
0.185348111278144 0.169731669352062 -0.514066828452892 0.157422051011789
-0.0810105474117308 0.267653392457438 -0.515522829926046 -0.0759441205349522
-0.37652552630972 0.0518812399078806 -0.502588780579032 -0.275379136809062
-0.579412646355863 0.026172468157625 0.112204212374184 0.322021600920385
-0.309564138292367 0.403538182952907 0.303195247770607 0.278701822719372
0.146487690728931 0.425884672806367 0.469102481612112 0.0118105486016907
0.372436182130269 0.123851313448049 0.408904441826157 -0.246543036028856
0.237504320007851 -0.171164312229254 0.144479197876659 -0.337526419284561
0.0436454947367696 -0.198750618612597 -0.0147869217495726 -0.236779510351624
-0.0338983187582695 -0.190671540443302 -0.0402697534125067 -0.0849831550219921
-0.0809643089820223 -0.20265806199897 0.00281039968359015 0.0402790727243671
-0.111068070533429 -0.215997064838913 0.0644756209829278 0.158273024631454
-0.046599363487977 -0.219841939976931 0.018654122775303 0.253910228099828
0.115470764143399 -0.256391994690004 -0.129276121650898 0.371819634219346
0.346922231227814 -0.0505581920062305 -0.306632768528546 0.299714400536592
0.245428500588331 0.275598708713952 -0.411292114341616 0.104917107605755
-0.14735148618649 0.361882011234828 -0.410891527401099 -0.0280351399551331
-0.491739252141205 0.0643990245263683 -0.385352693462075 -0.21298214550976
-0.55736202800533 0.0295035652280955 0.238219817963992 0.385995163736173
-0.278734004659294 0.350145491420193 0.393567354582387 0.360323415710245
0.10573667097019 0.36330800402168 0.583598041317652 0.0261520627019315
0.290166494359205 0.133381101398188 0.485960682932179 -0.310005788091966
0.206540528525121 -0.109952671425694 0.159185684806459 -0.423756331025641
0.0554191323461209 -0.162886218679594 -0.0262694048565443 -0.310546691904994
-0.0198641346200015 -0.179117281333118 -0.0597314501864272 -0.160003592083904
-0.0774098760295728 -0.201982092131261 -0.0262591184085939 -0.0323609700012081
-0.113010562217902 -0.232135567496984 0.0200811552468155 0.0860539829619685
-0.0347664526506254 -0.257682914345331 -0.0313234901641905 0.169022651167151
0.167615517892344 -0.282397219838229 -0.157063202603216 0.249092082968378
0.410103992596332 -0.00122714584968349 -0.232349609380625 0.178743819342524
0.23282669864878 0.365950823904935 -0.272587221382501 0.0921920074180857
-0.215160161757639 0.386955663545801 -0.321963134072434 0.0368268064948713
-0.529267270124947 0.0532565801712894 -0.244850892794228 -0.163654135101928
-0.474201801332498 0.036069506575184 0.370136073038815 0.435220100690396
-0.230583126808041 0.273613500622467 0.505393857765596 0.382197912243905
0.0567667200004675 0.282422984230029 0.648744883978643 -0.0181295979922297
0.195218891688366 0.135121573929061 0.492218978568168 -0.368570172128367
0.162211626749374 -0.0480129178825468 0.14930798747015 -0.47032512955608
0.059769597517523 -0.113602532255287 -0.0320811276433698 -0.355491194352157
-0.00511251840868166 -0.14316365706422 -0.0685183913728486 -0.220523727076169
-0.0619087467288261 -0.170459378892798 -0.0552783584426512 -0.100321937451482
-0.0917496082019493 -0.212831150655458 -0.0314342207835669 0.00523371024496989
-0.00149458617631054 -0.244675303510281 -0.0712164917607186 0.064179821135168
0.200691685557729 -0.233477994547626 -0.134542971873096 0.110537158932244
0.371672768175593 0.0791238614646691 -0.110220214113864 0.104369721334376
0.136073039873511 0.377357827573653 -0.160520510631613 0.159263182914673
-0.249524906612566 0.317269706343885 -0.294897269389603 0.0972664764318681
-0.470305785689065 0.0240527845408716 -0.104676770966395 -0.13594673669547
-0.340752906396115 0.0396513941991162 0.48488588405949 0.452520695462735
-0.16996394361493 0.191233011192131 0.596013260522971 0.350382360755762
0.0178207392482327 0.196658035543098 0.661090412321468 -0.079079767754717
0.11028703405717 0.119204043423076 0.466413831527883 -0.406518263313121
0.110997158843113 -0.00313290344581675 0.13242592606304 -0.488257005979398
0.0545660634952923 -0.063074229472032 -0.0326589950891846 -0.378939210418054
0.00804056503171712 -0.0883015855395236 -0.0714316001694204 -0.262067974145536
-0.0367467906089804 -0.112756337775699 -0.0820595278176778 -0.154379814192985
-0.0516507237889129 -0.154452608590424 -0.0724482375456914 -0.0709841859627812
0.031594066597251 -0.170710493461169 -0.082905624287558 -0.029361271425394
0.173747506340488 -0.123763725073822 -0.0715325233136344 0.0159088616103946
0.226086259523107 0.125076859593125 -0.00721117073919279 0.105170041328203
0.0128433788176654 0.267124810700141 -0.13617350725155 0.256631459593428
-0.202748170269047 0.169786339052193 -0.317771797794962 0.110685832774235
-0.311331539805527 -0.0146494910210022 0.0161366213528842 -0.129447849434213
0.0377252671855785 -0.0387570451487236 -0.127484404323122 0.226665091584702
0.054296136881039 0.0138280428582002 0.330262622865661 0.00488087098352656
0.0720929049715198 -0.0565068677801546 0.183088656382234 -0.301214545010281
-0.0113636855744014 -0.0716551195200266 -0.0190629400360083 -0.165385629373143
-0.060966000594793 0.00936886502371581 -0.000158029806094718 -0.0201044145615553
-0.014843048598075 0.0600956790005618 0.0289452519439286 0.0306247040862447
0.0102883489800803 0.0600686546799412 0.0619787307861808 0.101324329996237
0.00640369487547133 0.0393827450310023 0.0757567020983138 0.180082639726749
-0.00927285692903141 0.0216327234600346 0.073967155370008 0.282167059136592
-0.0174284791087539 0.0121957118873197 0.0157808810769988 0.367102205423099
-0.016414812407531 -0.0213849096028785 -0.0984930830538547 0.462284154142629
-0.0204142737534495 -0.0530459406065743 -0.360267818761735 0.424492374769023
-0.00154390970257281 -0.0996580767158473 -0.602393066636762 0.185280098924432
0.102553935340806 -0.0656149667871711 -0.598955911064455 -0.214834222127451
0.165961435231208 -0.00588103016523338 -0.554585383009446 -0.437403149613659
-0.210534196747095 -0.00103048226416255 -0.121356254880772 0.232083636861503
-0.119701881915577 0.193108621437787 0.331908124973601 0.0358354165668549
0.111160279837683 0.165921552220798 0.221558308327077 -0.293080860193744
0.184556277758473 0.000848063264202591 0.0147811734545238 -0.20059534898319
0.0662459806091062 -0.105879556291994 -0.0161141070695995 -0.0472561482848519
-0.0120078975325594 -0.0630774680774397 0.0117202190720569 0.022910622290312
-0.0210267368979654 -0.0341561411217465 0.0494785753163007 0.101385912217731
-0.0258621692970803 -0.0425034275001519 0.0718278843830444 0.179366137720035
-0.0352218282336924 -0.0524916904830062 0.0843155297458893 0.277924836926549
-0.0100448107139411 -0.0415113466945049 0.0375980918700313 0.355148953064959
0.0234905734337189 -0.059041111770794 -0.0716526980950483 0.465248874979327
0.0549906128575164 -0.0355300660541192 -0.327851745760838 0.44740514835806
0.0405179565992405 -0.0135294480434101 -0.581860521309429 0.216904279050587
0.0383278010761512 0.0316623360761348 -0.615286931017136 -0.147742805247888
-0.0241802955093889 0.0106123657459897 -0.603139251617854 -0.386769030504964
-0.411700229422271 0.0290051410606759 -0.0673418786014609 0.238037935322409
-0.245934284103399 0.336513508260077 0.298836981049568 0.0731129687455866
0.141695003374318 0.340877781378519 0.257759893848696 -0.210398411714015
0.333057698566686 0.065839203455294 0.116312143471974 -0.205886236056215
0.173027313126765 -0.181923357154739 0.0229151613565134 -0.119991886612797
0.00267521117628695 -0.157738891409766 6.58947443894256E-05 -0.0411771433520489
-0.0395425907947971 -0.116487129935656 0.0211010008476688 0.0605621435592421
-0.0554048642508223 -0.116831772391153 0.0558929293386312 0.153753514410918
-0.0641113829256589 -0.118689879766071 0.0948331152176931 0.253375502841286
-0.0167561281165189 -0.0975396091208336 0.058281401641737 0.33513214296827
0.0503668491744385 -0.112618966886479 -0.0558760519919279 0.464472279511691
0.1401384218935 -0.0382321821528372 -0.312776561331748 0.450009537924274
0.106015650874449 0.0737613504110641 -0.553814008788752 0.218551971797909
-0.0187421354090894 0.147257624201005 -0.588910257471399 -0.0930767138303065
-0.213352916426768 0.0374462652524164 -0.589920477379288 -0.321557965471032
-0.535927663214665 0.0423730098119309 0.0161866471150206 0.262230648800991
-0.298882746099613 0.412228541202958 0.273912977247365 0.151122274058127
0.165799270963669 0.423557832305816 0.336642115372845 -0.0918366255772796
0.400414023119238 0.0976202529469958 0.261075456077137 -0.217460935242558
0.2294015934363 -0.20715888362948 0.0842639752187559 -0.225733191873428
0.0208354072318443 -0.203566398070971 -0.0105085339505706 -0.136653955699534
-0.0433559441759184 -0.17162252340689 -0.0140715973274039 -0.00731344844645836
-0.0765774056254849 -0.172460772958822 0.0328837859446087 0.105352665560145
-0.0947162478967582 -0.173456792208831 0.0937783164777253 0.211533962367948
-0.0359924255930488 -0.157608714383876 0.0592110052216655 0.304092584361875
0.0733314945772462 -0.185219656216397 -0.071143084769893 0.441492381013038
0.241385181477588 -0.0570077302176281 -0.309793589823478 0.407382521625344
0.189073849571099 0.167286392311306 -0.503711822949147 0.177150271958818
-0.0744747778514422 0.269009687253795 -0.511664341820675 -0.0549209079919998
-0.377530877868478 0.0673914813722307 -0.513645949432937 -0.253349338218652
-0.582729906275808 0.0444886096332317 0.12281289266078 0.311978322418055
-0.299064262188556 0.410255452656782 0.305826439436276 0.259229118042808
0.15558425186083 0.418647909163768 0.462444542973809 -0.00563103913424311
0.37631775150911 0.114332207201559 0.39778516112105 -0.261743887574391
0.234730883078238 -0.176713307161355 0.13079731146817 -0.337815437557079
0.0384683712429418 -0.200520474657764 -0.0240080045303729 -0.231865738052742
-0.0343554046010237 -0.193105123459359 -0.0460484576269129 -0.0854936242825797
-0.0861787743382094 -0.20218258307553 0.00480546051974798 0.040092721529841
-0.117039413445655 -0.212775685457168 0.0697826542987711 0.155172201173355
-0.0500871709325028 -0.217352975678127 0.027578354022799 0.251885933975897
0.107586032927447 -0.25816031176594 -0.112666256677456 0.374167546163651
0.346977708810328 -0.0597553086327281 -0.292891835787344 0.307874899014512
0.254101884245817 0.270606903841392 -0.403351581610261 0.120177610205397
-0.13756578539567 0.365365260296384 -0.40319890941114 -0.00867705713047879
-0.491719877757058 0.0836151569533518 -0.392606579832784 -0.193514644447659
-0.559259351639836 0.0446587802671019 0.250623321456899 0.373830029663822
-0.271605537396176 0.355506959319569 0.402080995692274 0.338639494352318
0.112218384172834 0.358420283714578 0.580740906751695 0.00480023511506209
0.295014038075759 0.126761435072032 0.471360146634246 -0.326724977006575
0.207018867924132 -0.115167649844151 0.141913066523151 -0.423585309804461
0.0526176651985305 -0.164637826955923 -0.0367307428060428 -0.305558041521379
-0.0208077227341036 -0.181577536391779 -0.0661295444408191 -0.16038410255664
-0.0826342541923461 -0.201269542262142 -0.0257072611372906 -0.0331558955632986
-0.119493248675286 -0.228532426153509 0.023874403564022 0.0846033217378137
-0.0406451151334208 -0.255562999181702 -0.0258791514728355 0.169312812751102
0.158491248306807 -0.287899733610114 -0.146663371926759 0.253681122669627
0.413446612521329 -0.0133488922285608 -0.22301001925924 0.182223775305716
0.246320716267197 0.360008027884536 -0.263334788597805 0.101943876458763
-0.204428324661513 0.394103948494655 -0.310218881420893 0.0538424445192756
-0.531223260987576 0.075102002127462 -0.248508772835571 -0.149147314722722
-0.475634192266992 0.0482210374471014 0.386266970606867 0.419877972832906
-0.225622827560342 0.278592383989474 0.518302010786582 0.359007419574363
0.0604289312433174 0.279638592512953 0.641768165616647 -0.0415906697827648
0.199741941605519 0.131220107435923 0.476625220055008 -0.384174611731863
0.164155232421857 -0.0510832895129709 0.130289916039256 -0.46982763329365
0.0581616710982799 -0.115602934886365 -0.0427854491842974 -0.351407298266928
-0.00572296264385487 -0.145092956144962 -0.0759873516350502 -0.22098791770767
-0.0660817765236041 -0.169310479063781 -0.0575130370218246 -0.100166247651889
-0.0975594891552743 -0.210166514406533 -0.0309854208106908 0.00613016289581372
-0.00756961351829782 -0.244462701992156 -0.0697515495972972 0.0667614573974053
0.19300215630374 -0.24068305703358 -0.130836078862863 0.114865495411258
0.378454069411022 0.0678957550823015 -0.104353894021174 0.102918278648643
0.150445772494073 0.375578908052012 -0.147150722721914 0.164756658605325
-0.2413068400534 0.325476079918618 -0.27979633890806 0.115188326589415
-0.473225902579923 0.0426386113921708 -0.107229450377607 -0.126058248977986
-0.341273005009031 0.0496863634929233 0.501721493422253 0.434201157470675
-0.167709587061329 0.194729258933877 0.608866448420939 0.325130464437825
0.020273578604983 0.195968952187985 0.652361763992531 -0.101598209359387
0.11499998777864 0.116687367995049 0.446798239153436 -0.422498427099087
0.113420535555201 -0.00582902738457982 0.113871582704745 -0.48667153332729
0.0531145648156472 -0.0651067881469781 -0.0423913066542251 -0.374888461240579
0.00782328092286695 -0.090527561715527 -0.0798776033971042 -0.262277725591869
-0.0396929491142337 -0.111645089452162 -0.0855492251418151 -0.152394709856026
-0.0562008844130281 -0.152396695955294 -0.0756616209477234 -0.0674793288589751
0.0268485648544658 -0.172368937168326 -0.0850186673718033 -0.0263655131902741
0.170034202725745 -0.130705526677504 -0.0716713518515925 0.0169629294116413
0.234195217143877 0.118796838679268 -0.000247504764544067 0.100321229408332
0.0229105024788559 0.270093927935582 -0.116223780020568 0.26193351201004
-0.19860059606365 0.177159310426445 -0.301561382353402 0.131153321965484
-0.314983733129023 -0.000890938313874288 0.0149296641681822 -0.12401135515456
0.0361189908411121 -0.0405046228792308 -0.124990803694931 0.224300142781812
0.0589559726180954 0.0107896939839729 0.3235992535845 -0.0198143225941445
0.0705372344625498 -0.0629079197986749 0.164141110692608 -0.31477443521437
-0.0160180592822336 -0.0760531049872493 -0.028894979120942 -0.161386736819685
-0.0625270408973028 0.0119201729344134 0.000716403228571466 -0.0156973633356678
-0.0133177444115573 0.0610695460133919 0.029760636653901 0.0328517303373449
0.0134370805502755 0.0596486205242278 0.064861153762212 0.100356845952801
0.00854358199541709 0.0402037953465428 0.0823777947212224 0.179157498989994
-0.00952593362799107 0.0221295543177747 0.0845630099876191 0.286339715938789
-0.0164826179404376 0.0118199568619128 0.029261129275016 0.372495577408134
-0.0183452950765833 -0.022704353730134 -0.083021749232535 0.469186621684543
-0.0214998277122285 -0.0538100288301903 -0.344921324467909 0.441362160920738
-0.00537768277562401 -0.0986734311676421 -0.594904639763369 0.209878458356548
0.102685441210088 -0.070289864793319 -0.614161712538668 -0.192888699614389
0.17019357122691 -0.0110301367947007 -0.582706470940264 -0.423440945701262
-0.21512227715208 0.00655448581115119 -0.118314740672677 0.229909983547445
-0.112327581515707 0.200569749721575 0.327131634382997 0.0112745260862608
0.118154035917998 0.161317565770687 0.20221983345442 -0.307320592082621
0.187001164237442 -0.00849707676614514 0.00341204449516524 -0.199190534080335
0.0620395702255938 -0.11080096595751 -0.0173385515570987 -0.0416956982107582
-0.0148916017826945 -0.0644597622931649 0.0109949401274172 0.025763677647963
-0.0200132335330587 -0.0366200060160548 0.0512118144683968 0.100089184664844
-0.0266890874124838 -0.043847291328109 0.0784036286035841 0.179819216148961
-0.0378671868361798 -0.052827000501935 0.0954520781352159 0.28093378990782
-0.00909685646587905 -0.0431380395264561 0.0505175732264947 0.358879667908406
0.0220933545397731 -0.0614198424556446 -0.0550010359990535 0.469846129642481
0.0561882929274131 -0.0369067614162044 -0.310030644766974 0.462305941377597
0.0400309995242954 -0.0113546045230877 -0.573605073946632 0.242834695075791
0.0395577504605894 0.0305043330689394 -0.62808998225955 -0.122465210528344
-0.0236135180394411 0.0126278064737853 -0.630128142897054 -0.369097620200917
-0.419936919932787 0.0440444826663964 -0.0627214429172807 0.234260021803056
-0.237600981283862 0.349972198803359 0.294867332855603 0.050723286124406
0.15388078493949 0.338717737438142 0.24257554571005 -0.223431805058171
0.339999325243915 0.0535154427223993 0.107432091607294 -0.210045175607953
0.169296972597721 -0.191746774419485 0.0187487499415107 -0.117088471683628
-0.00227823565145036 -0.160528103773921 -0.00242600858291489 -0.038833200276443
-0.0407386311079582 -0.1203822708921 0.0207416061710582 0.0596642744312805
-0.058561055415663 -0.118172772646197 0.0625644119107616 0.154455644237237
-0.0689775913464016 -0.119270479250179 0.105688294262578 0.255245955987959
-0.0177593549114861 -0.0994413590254015 0.0713987672226624 0.337767252967584
0.0493477476415526 -0.115300624888251 -0.0379121309442305 0.468332380825055
0.142929342714777 -0.041511247533079 -0.294864598993329 0.465679570973435
0.109401089708702 0.0754445544120569 -0.547305779028103 0.243689795543866
-0.0154509731071598 0.149037592398904 -0.596868084726029 -0.0701337991762354
-0.215379576183335 0.0470630483411418 -0.613638421019145 -0.303691447407996
-0.545584958808784 0.0604598660408202 0.0233303957696293 0.256608084496801
-0.291205781327991 0.429112412477492 0.272776213680309 0.132181873733885
0.180489523968934 0.422522060600948 0.329023135643425 -0.105875064026828
0.409518333411004 0.0857754848440484 0.254876796138847 -0.228038484083475
0.226352239546873 -0.218324817719334 0.0760782136727026 -0.228516690809167
0.0146678462352257 -0.207763231270613 -0.0166682470973611 -0.135778926420046
-0.0453864525476314 -0.176761631922918 -0.0176616488748565 -0.0081686031479719
-0.0820840238301397 -0.174531432809372 0.0373191699685327 0.105411412474551
-0.10138440099288 -0.174267799737052 0.101865148234191 0.212541681213445
-0.0377697857174298 -0.159240054542281 0.0702041444825602 0.30555287030074
0.0702049623056676 -0.189216777894485 -0.0542425124530457 0.448064452337181
0.245552027427796 -0.0635749423300397 -0.295052724704076 0.423237333924753
0.196916988748703 0.16768346831757 -0.498436725101335 0.199395858689157
-0.0684775201336884 0.273775375036692 -0.516069832861459 -0.0311049014613259
-0.3828927645016 0.083459365734284 -0.532065694630478 -0.234280615551668
-0.594227826384266 0.0627022421886562 0.134811287002594 0.307052337166484
-0.292929864834483 0.424907298498268 0.311054871992736 0.242925895388909
0.167560203287522 0.417756960069803 0.46178380318482 -0.0218328952976764
0.386057177490592 0.1049034733418 0.391380634321799 -0.279820458085505
0.233866099004955 -0.187026630872613 0.11789908516857 -0.343736096736462
0.0347188740325437 -0.204934106661267 -0.032556227496939 -0.232264566159899
-0.0373371936784221 -0.198656463567167 -0.0521050121596654 -0.0868517786690103
-0.0932543173074463 -0.204846323144975 0.00767348408911561 0.0398396195021379
-0.124730255416763 -0.213675917825394 0.0773171695888346 0.154413882613828
-0.0551493932982273 -0.218895973922145 0.0375278887303937 0.253568593555701
0.101124821216317 -0.264863140013626 -0.0990607567065641 0.382957614305807
0.353625746916562 -0.0718929563902464 -0.28201093611971 0.321411452100983
0.267717749443872 0.270191861943493 -0.398264490081697 0.135863803328912
-0.129310132441563 0.375276387765844 -0.401215952581037 0.010272862479842
-0.498392414893258 0.104869783123062 -0.405200312110444 -0.177742288850625
-0.570498747077285 0.0616943602654814 0.268078520218815 0.367392397707539
-0.268136884025312 0.368496730177035 0.414721262569021 0.32261540302954
0.120987339873673 0.358873711186325 0.583216824409784 -0.0166935824416379
0.303390101253278 0.121924735463133 0.464148004679051 -0.348977112776109
0.20973580460143 -0.123204531681885 0.126691056861272 -0.430090531037932
0.050497932883947 -0.169049809509277 -0.0472045970085006 -0.305872557391213
-0.0228632183956446 -0.188224440023954 -0.0748674300968131 -0.162507734044824
-0.089021659104756 -0.20453173447105 -0.0256300778641048 -0.0343121994795232
-0.128435507429886 -0.228802291671718 0.0283851707116387 0.0846074249137478
-0.0476573106265581 -0.257746928891145 -0.019733465354789 0.173030172797568
0.150120265237541 -0.297212131870721 -0.137910253881966 0.262389351857733
0.423368490412817 -0.0279750811692049 -0.218142459695668 0.190689941697233
0.263945332710529 0.360027308566736 -0.256851876732224 0.113399657771596
-0.195507374091401 0.407067104594177 -0.302930508493974 0.0705492900070259
-0.538304200016062 0.0972839798023329 -0.25663399773581 -0.136687160854891
-0.485237685025059 0.0637222765728937 0.408658161325399 0.410081974613549
-0.22528541831971 0.288749193333496 0.536366791040866 0.340125204813521
0.0661020584269418 0.281413749634406 0.645501398374041 -0.0647472891569019
0.207887731223402 0.129973374800575 0.465569027748267 -0.405188532697882
0.16794510037483 -0.056628365793808 0.113236024923612 -0.474067691788585
0.0566964841987529 -0.11961027164994 -0.0535015641229518 -0.35267596181829
-0.00790065763468139 -0.150676268558677 -0.0854794594221193 -0.224215111215782
-0.0717225640173408 -0.171249983812441 -0.0592465999167684 -0.101404144995328
-0.107007675152657 -0.210138917531763 -0.0305919756314955 0.0080823483147068
-0.0146816975883174 -0.24910083979104 -0.0693253490411202 0.0702725372515368
0.18750307740149 -0.252560835058641 -0.128242408214822 0.120922918492747
0.391343965165473 0.0565427943248402 -0.0996804400203735 0.104232148625796
0.167417771030961 0.380672112794324 -0.133893848080812 0.171864366607944
-0.234922049123301 0.34059153632505 -0.266823435957969 0.133199951952695
-0.482116780503843 0.0631894531879263 -0.109658258526917 -0.117693569352058
-0.348539375902146 0.0607216852147099 0.529136402237691 0.422163936685088
-0.167288428594892 0.203449920549152 0.630188066868694 0.303424036820317
0.0237640525163487 0.198080352173657 0.65291839994075 -0.127808679515179
0.120386569123081 0.117206955156735 0.433447199262836 -0.44139908067264
0.118059530301025 -0.00907118190015227 0.096602596344855 -0.492057896470635
0.0519708882457552 -0.0682777212036975 -0.054098969588276 -0.377162836295313
0.00715706988610775 -0.0946987418493567 -0.0895670863149009 -0.265280560690602
-0.0424293907001234 -0.112650024595551 -0.0899564018695909 -0.153183536335953
-0.062635123432442 -0.153793320841962 -0.0794019955899685 -0.0636850273253073
0.021791382077109 -0.176934237356207 -0.0888766374859393 -0.0230473491622125
0.169202844113486 -0.139659773279258 -0.0731435786926268 0.0181778837568051
0.247810644637333 0.113721829846652 0.00624047277417513 0.0966191320150685
0.0341174202486903 0.277569006115088 -0.0957716474819681 0.270320788814784
-0.196695585574576 0.187509763636541 -0.288427072546727 0.151764084798526
-0.322665100255513 0.013017674543725 0.0151983128512215 -0.120528599847979
0.0343518735945642 -0.0428813249534723 -0.121427119691952 0.225884744601958
0.064500307309075 0.00591196096952173 0.314935605323716 -0.0504233676134124
0.0674900826752017 -0.0718187769839005 0.138888058210192 -0.328792775026298
-0.0230828938470755 -0.0809824003159016 -0.0413051695557755 -0.15645503103399
-0.0641576338235186 0.0156634606898544 0.00234975847748453 -0.0123037824148905
-0.0110593148633158 0.0632292266228595 0.0323408329419999 0.0350965773124812
0.0181970376188642 0.0573327204680841 0.0684429084124851 0.099027760000972
0.0128389125417967 0.0410631766235839 0.0922253467554941 0.178332261321362
-0.00887215568896335 0.0235353888427624 0.101820317853144 0.290606486843124
-0.0163211280760301 0.011547542370447 0.0489535279683372 0.37965082961953
-0.0210515716355454 -0.0244421850500159 -0.0591214024671757 0.477949643597337
-0.0245538050219817 -0.0539635510882574 -0.322154365682076 0.466085726636408
-0.0109038291176611 -0.0984361536682916 -0.587569503968889 0.247363981935859
0.103359526035287 -0.0782904324948586 -0.634829730329643 -0.161339169581579
0.175175218038702 -0.0205427042454518 -0.623925044986856 -0.400666659968379
-0.220455479799286 0.0186237666517668 -0.114121272818652 0.23043837512114
-0.10211676122698 0.210271664136629 0.319802634379203 -0.0187517250765054
0.128416323553024 0.156746615719238 0.177675261667831 -0.324016194850556
0.188640555722251 -0.0216194310025725 -0.0108858834580675 -0.197707890816986
0.0573216006318468 -0.116689889714883 -0.0178166377239171 -0.0367497790233946
-0.0190552373515858 -0.0649582937847276 0.0132516262477149 0.0290730323601853
-0.0208625310935069 -0.0393764161540659 0.054507054513453 0.0999959306381116
-0.0287428818023924 -0.0438912381480037 0.0887353577578963 0.179801792263916
-0.0416071265619939 -0.0520957827783876 0.113096001744692 0.28409175728767
-0.0098730444989167 -0.0451020688276464 0.07049806481138 0.363517459206324
0.020360439878949 -0.0646225264884427 -0.03002080074153 0.47775340937809
0.0572301847659077 -0.0396834336821834 -0.28547728489813 0.485359878786912
0.0397235677799244 -0.011140886759488 -0.564761909195637 0.280831614667716
0.0426336750302554 0.0277487525449264 -0.646437104185852 -0.0883094916966436
-0.0225995456864278 0.0136792517844798 -0.668581640327046 -0.339889936944713
-0.428367873400322 0.0665915608342784 -0.0552478291636633 0.232847484354208
-0.224023064507974 0.371122510076107 0.290876390474152 0.0244306600109664
0.173314235810489 0.336571279756893 0.224505290813433 -0.240337986224869
0.349872988407496 0.0352208274561086 0.0951780941530947 -0.217124202964341
0.162287220079285 -0.206232310778329 0.0140342421704949 -0.116235661860149
-0.011943887403407 -0.164203682761012 -0.00407991938055517 -0.0363711753767931
-0.0452526623748251 -0.124642603327182 0.0203318073183622 0.0598125656080226
-0.0648647614487299 -0.119903845368999 0.0711475807023983 0.153887079361372
-0.0771402583238013 -0.119135141496328 0.121798840155161 0.256470001246962
-0.0202481130553528 -0.101915880545837 0.0904903183229159 0.340120456159252
0.0459480820427927 -0.119945873539263 -0.0126110813270916 0.476131289635948
0.146138615983962 -0.0482041073762828 -0.268706671462146 0.487311923880487
0.115031739445535 0.0743440041307862 -0.540193292817536 0.278800723963568
-0.00886079500906186 0.151395403772615 -0.609149594453805 -0.0348462307919815
-0.21826720776915 0.0598258667996943 -0.645811057839776 -0.272682452384534
-0.556375546016146 0.0900460241004101 0.0347473268600246 0.251871739907482
-0.275462500411048 0.452603826664311 0.27366875141911 0.111348779912787
0.202962710038104 0.420603576802761 0.321523837992515 -0.122974898969865
0.423403071842536 0.066618140020078 0.245634769149603 -0.245215765591943
0.220255258799245 -0.237073063374648 0.066484405255345 -0.232149360124794
0.0054447483696375 -0.212572178939119 -0.0240154248504154 -0.135339062109457
-0.0525561223466019 -0.183033001232873 -0.0228174458032713 -0.00725870241778222
-0.0924440134320273 -0.17681909708793 0.0440973862883473 0.105327562915626
-0.112134534899767 -0.173061771371108 0.116875814765636 0.212347106440966
-0.0436697849148802 -0.161452082657978 0.0884300206388965 0.306680493875517
0.0632018872993843 -0.195875312141128 -0.0287753836263188 0.456660897343008
0.249586114418009 -0.0757562456780388 -0.2716548870544 0.444898896837238
0.209840064092696 0.164164333464885 -0.492551593162044 0.232665553966685
-0.0572405459015376 0.282724609383672 -0.522227907858935 -0.0012204722282311
-0.388054252410645 0.106814791371446 -0.559116389267076 -0.207888659894956
-0.607520272375541 0.0931994481079852 0.151404540901815 0.299476092208696
-0.282020499814113 0.448872229440576 0.321123060954047 0.224960188047577
0.187983679517298 0.417859271350488 0.463873103043857 -0.0460932201978204
0.399575534871538 0.0890163262711893 0.383457610372747 -0.306083632910736
0.23132091223336 -0.204393629538918 0.102636972011946 -0.352758101956308
0.026724665045988 -0.210396587748935 -0.0447493651400701 -0.23338926990893
-0.0454547936551719 -0.205791243183808 -0.0613735900361909 -0.0856583525546622
-0.105085796274818 -0.206776626116673 0.011191977076118 0.0385285781411437
-0.138454518841876 -0.211237014376329 0.0888915502653368 0.153555539082543
-0.0642934385722358 -0.221433342921758 0.0523090165053883 0.255607187100322
0.0902151060283459 -0.275277507587557 -0.0777445542599814 0.39400941162415
0.360691138275004 -0.0908007471890308 -0.266580417394747 0.341578781924701
0.288667495368685 0.264716864855087 -0.392871598743962 0.161745307839189
-0.113438405999609 0.389324295275397 -0.400538579980611 0.0340704809729553
-0.505453488806239 0.135560017810037 -0.422665688634978 -0.15353235482483
-0.585763188571926 0.0908937247633644 0.294238529173448 0.356266375464845
-0.259950899122772 0.390090742477895 0.435521142637045 0.302046758264468
0.136878607117643 0.360996869402263 0.589203483513958 -0.0479571438969415
0.317467988221968 0.112249766659847 0.452970821751898 -0.38115831641939
0.210668691590415 -0.136511403064528 0.106317934273622 -0.440046494572557
0.0444993818970375 -0.175427493801407 -0.0622042144279713 -0.308142474234563
-0.0300085314379846 -0.195268683692806 -0.0873331653809267 -0.164000126383218
-0.101130082168628 -0.205786284784228 -0.0268091627827107 -0.0359074142188545
-0.143057344908167 -0.226917650953528 0.0354736545594186 0.0845926348565771
-0.0599244772255178 -0.261427226210535 -0.0105767252695913 0.176898275713186
0.138532756913968 -0.311844665492365 -0.12543160615128 0.274885545252493
0.434680660128897 -0.0508717081834326 -0.20909575649138 0.204164344859875
0.290797970354432 0.357211431631181 -0.247903788877065 0.127349263275209
-0.179364090989928 0.425978359836655 -0.293730378814515 0.0918076391322021
-0.548384997071442 0.132020687075686 -0.26594008268933 -0.119232221666361
-0.497760853791133 0.0871260715864603 0.441718678519811 0.395196915059335
-0.220835205389418 0.306060342090728 0.564090761477754 0.3132553142822
0.0773364282875188 0.285221741132617 0.649937201569319 -0.101744433864808
0.219274833692532 0.125503806442394 0.450262158010553 -0.43676826467375
0.17222823027819 -0.0665094828295654 0.0905263781435219 -0.484094932882517
0.0531446228963091 -0.124827513289835 -0.0700986298876935 -0.356746740030658
-0.0126906417730414 -0.157157756934044 -0.100015196274543 -0.227008397212607
-0.0803227066061273 -0.172811027861317 -0.0647747861259773 -0.10301540950679
-0.120299573485981 -0.208716912894173 -0.0287065571857466 0.0103108773091541
-0.0272455646494785 -0.254268958521129 -0.0676813626831305 0.0755430716681215
0.178525058629361 -0.268405431485379 -0.124844575340488 0.130717418417797
0.408253535691541 0.0365726878905757 -0.0937303296106707 0.107223545466379
0.194451423601587 0.382572595261421 -0.116981100096709 0.181076191358955
-0.222983933264487 0.360964855785465 -0.252708562441332 0.155491973176087
-0.491224550941192 0.0925460954084979 -0.11485800353888 -0.107783052112126
-0.356152561535938 0.0790865430299679 0.566118025834729 0.402528754190772
-0.163876510283217 0.215943484389067 0.65940447003445 0.271670897612427
0.0307606071610569 0.20168634449492 0.653050458282434 -0.165682002202077
0.130114709277784 0.115531140907012 0.414768888250333 -0.46884492112991
0.121340419959615 -0.0158726875866265 0.0710180946573181 -0.499934720063997
0.049384368043831 -0.0721593261345261 -0.0711172043265878 -0.381112137227431
0.00339455366108351 -0.100201622480671 -0.105789609814763 -0.26903401864809
-0.0481667498547845 -0.113478061116918 -0.098470489618682 -0.154264342012346
-0.0730008086760131 -0.152928539638473 -0.0831327155419978 -0.0596401896296444
0.0135232166292995 -0.183855537324169 -0.0940986550729005 -0.0180712155153466
0.165882377219254 -0.153515724247187 -0.0751972530482738 0.0214787994314695
0.264525805074275 0.103242718858246 0.0149893256524367 0.0929774146285159
0.0514714634001648 0.28541084775142 -0.0697624152391268 0.278644199571134
-0.19153984993625 0.203603538361982 -0.272152030000937 0.177055371747798
-0.33031487459892 0.0325638503673267 0.0130736411369625 -0.116433241303994
0.0321275039647488 -0.0443435209245239 -0.113434899860976 0.226639843160646
0.0687352158725916 -0.00069292471470114 0.297562643116288 -0.0822938882096617
0.0612287267208177 -0.0803612152325367 0.104181623899566 -0.338553033565316
-0.0330703481250476 -0.0830760550162387 -0.0546982355432524 -0.147481645957212
-0.0646597937983433 0.020582495224659 0.00547920180293423 -0.00912974147580161
-0.00705465864612144 0.0654551598634584 0.0366099622346238 0.0354950548290124
0.0220501509325753 0.0556897886926561 0.0736670588755877 0.0967988989957431
0.0166464477850176 0.0407058178163659 0.103108154123088 0.174247696086358
-0.0079206717750691 0.0246293727458726 0.125309805530083 0.288380473899872
-0.0159850035526768 0.0116407138347787 0.0759333542927591 0.379474588283155
-0.024048108627385 -0.0246877591802949 -0.0257462566736716 0.481627809573008
-0.0283217601751884 -0.0546163019728319 -0.285192174418645 0.487948530103868
-0.0181394285061751 -0.0961875213792301 -0.565778774931663 0.288125126319018
0.100047457915751 -0.0873903054692029 -0.649900878057358 -0.112836774435778
0.176997065320225 -0.0344534170870294 -0.662609791728005 -0.35575081020077
-0.222351074306938 0.0366179870099698 -0.104535238275223 0.230330681088855
-0.0849918809778182 0.218834881115472 0.305067811749978 -0.0517402242848578
0.1384405422743 0.146827718318099 0.143733383236527 -0.335993671860425
0.186517531483894 -0.0372945645082834 -0.0271995851105799 -0.19387613286913
0.0475808902408158 -0.12316468542386 -0.0173662082595647 -0.0312402249064943
-0.0245063375768997 -0.0631803685358377 0.0174262479951052 0.0309237050250699
-0.0232053731964844 -0.0413477975574491 0.0588666786941568 0.0988942830153257
-0.0306725622951558 -0.0429969033684878 0.100504300399111 0.174385497307283
-0.0457410657557627 -0.0495398783304327 0.134943160008436 0.280605269732092
-0.0118986765591511 -0.0464720368056672 0.0960458444206069 0.362222374023261
0.0166765281075945 -0.0679013552384036 0.00326698288118423 0.479331958175609
0.0564979898670012 -0.043922713396909 -0.246541805715894 0.504393551926996
0.0393298424390995 -0.011152910353556 -0.542202706534981 0.320553871519786
0.045628128236949 0.0227735480448575 -0.655025994503115 -0.040097398115415
-0.0217907920700515 0.0140445772726054 -0.702357079134827 -0.292431805862473
-0.430440673599407 0.0997773010325411 -0.0454180244360158 0.228284455265817
-0.19831121831833 0.390598782444053 0.279374248314358 -0.00480292768567264
0.196346196277157 0.325922242216914 0.19871669500522 -0.253950077796627
0.355372981233983 0.00994138141014742 0.0785078680469732 -0.221483647561706
0.147596322720761 -0.220358999101312 0.00931560827027078 -0.11351066040625
-0.0226498350795822 -0.163812002774599 -0.00530736550840934 -0.034559706114024
-0.0528176537256056 -0.12737040999734 0.0207894415378108 0.0611092148209422
-0.0732587857331836 -0.118869459337088 0.0822767370994383 0.150142969226964
-0.086016500592737 -0.114504454146257 0.142251174242721 0.25064292358379
-0.0246636495991201 -0.102962569732352 0.113710541870007 0.335719133390575
0.0395303973262625 -0.124397870254174 0.0212635610871337 0.475647109833985
0.146422810461499 -0.0577154094696531 -0.2289633622581 0.504663703408104
0.12111420091288 0.0708226515904382 -0.516058028642458 0.318441909115446
0.000550805921094921 0.150575271435687 -0.613738634856871 0.0112852676496425
-0.216552041159294 0.0757946071636654 -0.674209118606531 -0.224633332288503
-0.558766429976765 0.131509396113746 0.0484354908628703 0.242961960752277
-0.247850297173485 0.476320779920828 0.270271949090947 0.0855682236389052
0.230850497126546 0.410412332544644 0.306669228622462 -0.143391430957252
0.43228610347994 0.0384287971724465 0.228522042387854 -0.263023906043089
0.205334872335823 -0.255038736048685 0.0527118390310476 -0.234357595469228
-0.00844218904851283 -0.213673171101117 -0.0323431010432765 -0.132973796331207
-0.0640849956736747 -0.18652210114866 -0.0271859875272665 -0.00335067240527555
-0.104112158012074 -0.17499501396657 0.0513955196145454 0.102283254570647
-0.125282162125301 -0.167791054153208 0.134524330097758 0.205400204004961
-0.0518225701541595 -0.162019792178799 0.110035276077192 0.301617262634283
0.0515283324829963 -0.201970649433724 0.00489219148561897 0.459861812947268
0.249620533426102 -0.0931878655947512 -0.236832668714047 0.465387221591909
0.223644808490103 0.154609559036554 -0.472253146593484 0.268227897454962
-0.0393096381739857 0.288040548670282 -0.520963576547461 0.0370886093569215
-0.38506913910043 0.135423818368961 -0.579461713869032 -0.164596986221557
-0.609605142575171 0.136606455550151 0.171349872799436 0.283795224132805
-0.254570546131991 0.472258490264472 0.329790873534791 0.197887162627049
0.213744167533669 0.409286084556499 0.459029447232624 -0.0763054337000763
0.410260045785021 0.0646872301549753 0.363728381813801 -0.336748242241928
0.219745893065632 -0.223088876286468 0.0794426146515615 -0.35811054557741
0.0138981761474119 -0.213198222847471 -0.0596743134151326 -0.230790895044819
-0.0573172888707836 -0.21038348795147 -0.0707253881132966 -0.0815911946740013
-0.119479470336873 -0.204731622870388 0.0143926498836027 0.0358464276241381
-0.153608117950035 -0.20409678671997 0.102587050362039 0.146724043730308
-0.0774304679373288 -0.219727467539321 0.0697402313728958 0.252618326822061
0.0725966424894337 -0.283488433316346 -0.0479801490592595 0.402000494198919
0.359920539045655 -0.116999841893348 -0.238759126312869 0.360470784253378
0.31041101031032 0.249383571356622 -0.37794855025504 0.189244949307196
-0.0875460839793963 0.400268986008443 -0.394300241464616 0.0634364545919418
-0.503020692308974 0.174185976684403 -0.435276928018871 -0.118676837618549
-0.589558543867981 0.131467319403341 0.320678387292697 0.334357891677065
-0.240777295532384 0.411557719284894 0.454458573306663 0.268735551445437
0.1578835647254 0.35654920994011 0.585880796144885 -0.0888989150497648
0.328979236400666 0.0956235376700272 0.427794792175436 -0.414250324837812
0.205081802064811 -0.152591467351745 0.0771704113219795 -0.447310282086042
0.0344833198153643 -0.179211187107282 -0.0824473656749929 -0.305262303801724
-0.0416578644704242 -0.200300253473779 -0.102047932377852 -0.158311203316926
-0.115140884052086 -0.203405712404906 -0.028954729301671 -0.0379668508010148
-0.160150806083348 -0.219064142140941 0.0436476520666863 0.0811625905555479
-0.0764202553581672 -0.261077706596467 0.00134488997736051 0.178045018212295
0.118753624655074 -0.324294496609479 -0.105364290009764 0.285410719314286
0.4388730188018 -0.0825388161153786 -0.193073034055694 0.217200902355659
0.321210205946806 0.343531930485098 -0.23373997049605 0.142754813540041
-0.151855838674433 0.442835689773684 -0.278839377788357 0.114236828621913
-0.546701205551388 0.17379716712078 -0.273649539035165 -0.0949930078889466
-0.502048685999378 0.122315119133502 0.47496135136554 0.365208864039334
-0.20612356165584 0.325126120842255 0.58788941151653 0.268659943255937
0.0930287536842002 0.284332351124148 0.644912748975883 -0.147302434822422
0.231224303297965 0.114853901650795 0.421403932327382 -0.47013578859372
0.172341997207898 -0.0792709214562056 0.0574427062279897 -0.488942954481017
0.0459348532714511 -0.128899501462252 -0.0928878207042178 -0.353613544364461
-0.0223903310461002 -0.162136036069753 -0.118717659569096 -0.222769102151898
-0.0928379845157027 -0.170780246723122 -0.0714604972189532 -0.103350272801444
-0.135571956650799 -0.201826739402521 -0.0262752867027904 0.0118220242289869
-0.0440095608493306 -0.255548120469296 -0.0635543742878546 0.0813794956228858
0.161607337888685 -0.284866460029137 -0.117038513968908 0.140600619339325
0.419726329975091 0.00563076675107556 -0.0848435606220915 0.110444062726774
0.225596720414679 0.375494283772374 -0.0948868512256109 0.185542805426075
-0.199093430706133 0.380730139487826 -0.231093462381498 0.177116217274678
-0.490962703075005 0.131441238411408 -0.118294910283084 -0.0943443045570432
-0.359241720128494 0.103367575146967 0.600500128501935 0.363816812441089
-0.152561671667755 0.231290586302172 0.683621264493605 0.219334998029494
0.0415556255702163 0.202451561918987 0.642257285093044 -0.211910715596651
0.1395181765019 0.109628750967348 0.379480221851061 -0.498665979126579
0.123194547684495 -0.024799441821556 0.0370788739875056 -0.50420680529093
0.0448627079721317 -0.0757035418576296 -0.095541617756174 -0.379596673778664
-0.00240983452365744 -0.104010476192431 -0.126568093217729 -0.266013874890361
-0.0556058847677983 -0.112207490109506 -0.108869412820165 -0.151531801651978
-0.0840095279804943 -0.14857730171431 -0.0865701782481368 -0.0532774730381656
0.00162236416904694 -0.187961024094163 -0.0974288772026431 -0.0107254751574669
0.157566286097787 -0.168466103842221 -0.0760897524834027 0.02710700395721
0.279965485639849 0.0845054258456578 0.0245219946290561 0.086451633050235
0.0745412997505888 0.288178553769575 -0.0371419204744564 0.281172994119705
-0.178180544388242 0.220612467404269 -0.24855163185904 0.201655238539902
-0.332510601360217 0.0577885495416752 0.010031655526937 -0.112540521059332
0.0235047630400826 -0.0431819906644789 -0.0792790821916359 0.232706493750958
0.0737145995804339 -0.0226808066160313 0.254267904012165 -0.133818228104824
0.0397384595500138 -0.0988897401904161 0.031116260538951 -0.336350154195807
-0.0553731474368214 -0.0766934308317495 -0.0746793159307438 -0.127275248442276
-0.0600806935164707 0.0319879788317174 0.00819074364565307 -0.0123111912330159
0.00583791211130069 0.065106683011928 0.0416653633240741 0.028862600108871
0.0342556084052792 0.0503282049796187 0.0853560250739138 0.0814721148335491
0.0269451365541871 0.0358626936567534 0.124865999090126 0.152173356163151
0.000743998266390544 0.0266146035673554 0.16626756152462 0.263531927032731
-0.00995747758473196 0.01073942978147 0.130717469386774 0.36186563137289
-0.0243433479285932 -0.0205153456882545 0.0464586616730719 0.469475197975202
-0.0291615014948066 -0.0483123528431728 -0.203425437967625 0.513813445792392
-0.0243653317761007 -0.0829948958819657 -0.503029021855319 0.366834605614384
0.0889072516099575 -0.0972366888345763 -0.657581092327598 -0.0126507362462557
0.167380734208519 -0.0567927863710356 -0.701614804499053 -0.253027719980943
-0.207928611348969 0.0851004413944019 -0.0669413388138369 0.222151166650381
-0.0305647228132223 0.222031460749415 0.259885835635381 -0.11679506446337
0.159450357139461 0.107887017369871 0.0581532920790883 -0.341556566903399
0.168599823090006 -0.0774306663437198 -0.0651014828938705 -0.167847169930209
0.0214043174116854 -0.127676707925042 -0.0124055271994572 -0.0222435963479429
-0.0328799242180114 -0.0548663704349173 0.0267458341169541 0.0276701620873106
-0.0289994888789456 -0.0381948237189606 0.0738635703493749 0.0887993830756153
-0.0328933977571376 -0.0372756172506237 0.124715555412207 0.153137401281726
-0.0493585780396503 -0.0397339464541553 0.175023936477775 0.254187618995278
-0.0148702963349512 -0.0474155494714296 0.146417209115508 0.342054553497691
0.00977380743790309 -0.069391928593424 0.0741955509236307 0.462122287556344
0.0562435372921768 -0.0525768275423756 -0.163681597809391 0.523997374093976
0.045524631282226 -0.00981254206258077 -0.475452957226007 0.392183263170544
0.0531654791847827 0.0179254949910237 -0.647001131745315 0.0598311216680096
-0.0197166673868068 0.0234652814201929 -0.727104682926523 -0.181265437473612
-0.397106868329015 0.185532058262985 -0.00663543586817154 0.201045794889379
-0.107361011706212 0.411048371183524 0.238471521825715 -0.0749757717613102
0.252002915307028 0.272223888184587 0.11632516214247 -0.27313117834838
0.343713599866338 -0.0659014276723778 0.0257392254746084 -0.209043845902325
0.100125898785638 -0.242582868894222 0.00110109633255912 -0.100870668862002
-0.0499287153841324 -0.153044652565966 -0.00346750826376927 -0.0309655879587451
-0.0758906781249598 -0.11908910665589 0.0326966767941439 0.0630186639682329
-0.0863734915078211 -0.103996845686746 0.10528430745958 0.130963946926413
-0.0996321136847454 -0.0972478991212528 0.178238138997285 0.223108226572958
-0.0367598345568018 -0.100835484022565 0.161377939090234 0.312976851991279
0.0235645176186131 -0.128196739203104 0.0928809752141349 0.458192487413194
0.14367064120684 -0.0813908490925249 -0.149608934030478 0.525198597973087
0.138033404538861 0.055412136840809 -0.452522068589367 0.383772168136639
0.0303446633672358 0.149449734910254 -0.593008572469069 0.103847459874754
-0.202061201768177 0.115549853862848 -0.684126469414475 -0.115471690894159
-0.515352350766054 0.241297873938139 0.0892873008063373 0.192994318931979
-0.13744083353204 0.507108755226774 0.244936534499654 0.0112818585227175
0.303587195777507 0.350161978394101 0.237444513485956 -0.186195073147563
0.428088836603275 -0.0543100402094013 0.160479681187167 -0.276043353106564
0.150060559794592 -0.28968995711307 0.022269473475259 -0.223847941380659
-0.0455631308630062 -0.206336886776242 -0.0454650413029521 -0.120885806945104
-0.0982296773434858 -0.175872734095546 -0.024208950252516 0.0105958227112978
-0.127516405220179 -0.154252750422634 0.069892748686521 0.088416887028154
-0.148517992562022 -0.142434523969119 0.165515768132468 0.17768932293206
-0.0731885827012626 -0.15238649847116 0.153224186615107 0.280613184976893
0.021560456625555 -0.204228183321575 0.0757522713478831 0.446673715852686
0.238009513871717 -0.135060524337474 -0.165500933147355 0.487875187897285
0.251435139598141 0.120034234402622 -0.420788116300784 0.325380863159644
0.0134342737537204 0.288347521748236 -0.493151140749003 0.114511486273622
-0.358671114555483 0.201611446870928 -0.576062123920029 -0.0660065269954709
-0.564099424932921 0.255480662697088 0.217280479292926 0.210795219541399
-0.146681848465054 0.506504139249383 0.326161307062983 0.110536259359925
0.288894235477434 0.352064330451429 0.398827010030828 -0.150038051938939
0.414933615696857 -0.0257942099933301 0.277299630138743 -0.372421586318923
0.17063175810545 -0.263605310790691 0.0246757865432073 -0.348020741101414
-0.0250950261577223 -0.211870067574142 -0.0894172287021334 -0.209530841321765
-0.0978527005300231 -0.202139927063027 -0.0797509284642454 -0.0567215720275562
-0.147973282410534 -0.181049481329316 0.0222413713313807 0.0294688312498119
-0.184714785433434 -0.173349985707805 0.12531641570173 0.124700101950606
-0.10983845982739 -0.204302378423002 0.107905948971233 0.239144195300867
0.0265212141895074 -0.286708274181224 0.0165937785502664 0.401439138931654
0.34140191442268 -0.178923257460421 -0.187137990674791 0.3863701069616
0.352091829678444 0.196068262147692 -0.344177099204167 0.228667269866482
-0.0158878098992628 0.405222051053608 -0.35995667654079 0.122053667593346
-0.469535640757599 0.257679312110798 -0.425194292649828 -0.0400446652727029
-0.543132926860743 0.244676897788041 0.371644478451262 0.236305873551542
-0.141989460936569 0.443817970117718 0.464765146240501 0.156694669221151
0.225703164603674 0.311241766685809 0.525627994656994 -0.188706312082905
0.343587757939075 0.0195189622636615 0.325741641810283 -0.467638819805538
0.169830866941409 -0.194657760697049 0.0035173805008628 -0.434395571222349
-0.000365180372785309 -0.183250816847574 -0.125160052596313 -0.277423641884527
-0.0811778338819456 -0.195654717799554 -0.123711537746734 -0.127553273041625
-0.144855743543224 -0.180932639069913 -0.0308830077127635 -0.0350100074002846
-0.194585090868397 -0.185417440991827 0.0591093351120699 0.0701121522805021
-0.117495378491621 -0.242796863849003 0.0302309716703426 0.177694729654832
0.0604192295640402 -0.334486544851864 -0.0576864322053196 0.299396767761554
0.423271535643585 -0.160981173393284 -0.166029875002085 0.23945783160714
0.376507585930322 0.283633039285127 -0.207162688455675 0.157556490794996
-0.0711610942013774 0.45743986961331 -0.233952763742662 0.154555772632273
-0.512359447054831 0.26401558803114 -0.26284327438234 -0.0383925898264121
-0.455427223007039 0.21784889106401 0.525834667776257 0.243715597012832
-0.122737902346286 0.352749045250933 0.600662931358454 0.13541213843111
0.149315682922453 0.252065575658515 0.575692429629753 -0.256308992098033
0.252409428803074 0.0571804093132392 0.31134812583035 -0.521211090234045
0.14978097521571 -0.118567446364399 -0.0252857443981503 -0.473262624807482
0.0174520716496651 -0.138564443926089 -0.144561780799308 -0.322656603272002
-0.0563131072497881 -0.161245779771553 -0.150986218207011 -0.190644985112095
-0.118167193139283 -0.152308402176952 -0.082739382667589 -0.0923706168836638
-0.169222434482449 -0.172931423119955 -0.0201200554513256 0.0132649028671684
-0.0870397636039633 -0.242778544878386 -0.0489284233183877 0.0934511270646762
0.107282290216959 -0.304242995306557 -0.0928610429058839 0.160619680534873
0.419287512607641 -0.0719626198493642 -0.07612223422478 0.115227318236463
0.289334657422579 0.32939054591856 -0.0599210145768228 0.176406879145504
-0.127636774568688 0.404736237887087 -0.176350167270999 0.210748151850384
-0.465569791366979 0.21094100140268 -0.111807872693983 -0.0599303643596417
-0.31777782692408 0.169616428336987 0.646571661830857 0.226226184886804
-0.0888112586926972 0.249373430746397 0.689721812151804 0.074982227161723
0.0839113895507916 0.181512825142815 0.568770382809356 -0.319741617140303
0.160599064831456 0.0696125040931093 0.269250508517052 -0.543279260296206
0.111123826176321 -0.0572157302764433 -0.0497927688630692 -0.484025553497678
0.0232368228644464 -0.0867604279580825 -0.152997040956296 -0.348126361944471
-0.0266030038433424 -0.106001581405287 -0.167084477125404 -0.234024672922919
-0.0737002637263139 -0.100999423071403 -0.127412361616402 -0.131668373584581
-0.111406421531912 -0.129285138115771 -0.0888512828810673 -0.0392978663835005
-0.0325680099464311 -0.183352769435624 -0.0980128748542788 0.0081319553043062
0.123159733068727 -0.19115738269412 -0.0717142780220477 0.0409717685565965
0.294909818868352 0.029987003803969 0.0313139707078251 0.0725667984802763
0.128216250195557 0.269582666966027 0.016705353223154 0.263994001786822
-0.133279322221905 0.244737602805372 -0.194209319034628 0.239230123223715
-0.321673299913996 0.111634903400694 0.00738419746922977 -0.0987918752252595
0.021928908302638 -0.0427322244615884 -0.0743020327158867 0.224040702042089
0.0732241045028147 -0.0299079517568686 0.22083630651501 -0.144438357982537
0.0310670106611806 -0.0991816524376107 0.00232187653037691 -0.321033880559805
-0.0623368787470541 -0.0715725496084044 -0.0793052453968539 -0.113739080275178
-0.057479134027959 0.0350191697749769 0.0112587240863971 -0.0125793475880766
0.0100163681769951 0.0627757884238052 0.0448196485513083 0.0259530837101553
0.0359747047732269 0.0463161645683582 0.0865409025596538 0.0764664081705943
0.0292027339472361 0.0331157562705977 0.12620243033704 0.143247616920168
0.00200888645953338 0.0265645650507215 0.17412653682072 0.247387456705872
-0.00975025427982141 0.0100442494092932 0.145080088726128 0.34418654188251
-0.0262003298950381 -0.0196194827996063 0.0670559446378863 0.447174089219465
-0.0312928252437165 -0.0462726270841532 -0.166426955568997 0.501991210971607
-0.0262500101073883 -0.0778530164076693 -0.460164444210929 0.376608252634595
0.0820358316524426 -0.100962444045323 -0.634333009568353 0.0235963929532319
0.158930204010844 -0.0649824823508139 -0.694625005192996 -0.205132425620856
-0.196662765783152 0.0947097233840873 -0.0642037539415775 0.212526589116514
-0.0154947022392813 0.214603967725972 0.226938729764349 -0.129184864427312
0.158751913274321 0.0958428422287888 0.0275577101932417 -0.327847658795186
0.156912496854959 -0.0849872100519815 -0.0731931462671618 -0.155032251127719
0.0117996204220022 -0.124556904568567 -0.00922262320936077 -0.020216518481146
-0.034124386756636 -0.0510655100053438 0.0295160622801743 0.0257359451096657
-0.03015042787795 -0.0377592357110817 0.0762265059737359 0.0851167343898471
-0.0332019746253296 -0.0366000951225749 0.127712376643861 0.143631335517412
-0.0491169845472685 -0.0358768626866203 0.183385240461596 0.237697125774638
-0.0170430080212999 -0.0466697694387242 0.159016314774095 0.322628839948429
0.00537885128164894 -0.0688421758170137 0.0941535958016921 0.43928984729563
0.052806650106525 -0.0539580751702775 -0.128364122937138 0.508199749986255
0.0448424177893399 -0.00964313624842346 -0.433155412236009 0.399373633507618
0.0519443358287965 0.0114269791183866 -0.62102911025975 0.0951151058218217
-0.0180005053167695 0.022872597622085 -0.715582109653164 -0.133661215720702
-0.376534665237874 0.202568365622974 -0.00625414964142076 0.187835955649084
-0.0798362517921908 0.403680910395078 0.20908355776006 -0.0871493981913151
0.256647379944967 0.251924963342092 0.089356730172904 -0.265008211374483
0.32988490241341 -0.0826285958619117 0.0111699001249612 -0.201798159069296
0.0823119834123942 -0.239865137050597 0.000341656195410622 -0.0971072111181453
-0.0548671347295752 -0.14539674800066 -0.00373524146654388 -0.029930790108786
-0.079875604090021 -0.114909558920476 0.0345838637790203 0.0616683376223989
-0.0891194720280912 -0.0991697977568636 0.108274418830731 0.12210529850333
-0.101073903226067 -0.0899516084493744 0.185235461379749 0.205993962983997
-0.0389158930868341 -0.0974622716477859 0.170863976471846 0.293605150425312
0.0177860341079083 -0.125768165122023 0.112865535552573 0.435106322391745
0.136508784070764 -0.0854926441850751 -0.113584454436866 0.507941379693172
0.137709448825314 0.0494448736069203 -0.411650742010318 0.390867243499371
0.0353826559013377 0.140496523926607 -0.566097058632997 0.133052675242605
-0.19094138925612 0.122546030497998 -0.669124090823932 -0.0718603228429362
-0.488419899165821 0.261052335204894 0.0876401598876976 0.176193483572066
-0.107135129490587 0.498606397304957 0.222056021779319 -0.0034892703156956
0.309076687327352 0.325263804788649 0.213744010219113 -0.1876530244882
0.412897514376481 -0.0747815702050076 0.138105911210292 -0.274559277238919
0.129607356070132 -0.288536983944607 0.0132015519090282 -0.217869247241974
-0.0524804950440482 -0.196883641150152 -0.0496272792245303 -0.11482128711206
-0.104810881666021 -0.170423584715237 -0.0227976616038723 0.0137294577297372
-0.131528169574647 -0.146395916300515 0.0709773538498635 0.0816128483823671
-0.149839795547466 -0.130898716405351 0.169845536806477 0.161546342775292
-0.0770267704085296 -0.146182211116342 0.16135071573608 0.262133904107105
0.0122872733574366 -0.199411984445128 0.0975206392613857 0.425236588941778
0.22602943888464 -0.143162130034459 -0.129687334020585 0.473668866961706
0.25122267479867 0.104868118755101 -0.386132390168804 0.333824650629698
0.0255037518023814 0.275322209987644 -0.467794861408471 0.139005031339638
-0.33806186972239 0.214498384633034 -0.560547841367041 -0.0291557884114099
-0.535786010037197 0.277651401256179 0.21603691511634 0.188104785316731
-0.11705897348325 0.499669840961747 0.309744271615746 0.0876330078045337
0.294061846294413 0.328873108026056 0.373956983724708 -0.163204456006041
0.403050561361735 -0.0450242188207206 0.244914524115846 -0.376093479868652
0.153248726399414 -0.263862814701996 0.00856190821511354 -0.338447026096436
-0.0321014733968133 -0.20354432656229 -0.0969203412509113 -0.198953043725943
-0.105957870880644 -0.195285049883835 -0.080254996467925 -0.0490988671000058
-0.152907437243832 -0.171343612666489 0.0228497236008661 0.0254786282658307
-0.186429049033496 -0.158598717371644 0.129062155810302 0.111871408173658
-0.114398866756742 -0.193400076018794 0.115755409056202 0.224830222333394
0.0117357943993292 -0.279106288070554 0.0383944579269776 0.38623491371499
0.323731302218257 -0.191964652965928 -0.157671372867864 0.379516724901938
0.352991388260036 0.173649603472938 -0.3167301368349 0.23597358802261
0.00330001662842498 0.392229936521259 -0.33610561481934 0.135798704718755
-0.443028739790739 0.2761882537124 -0.410666296319194 -0.0119799520453781
-0.5177168816923 0.266195567314308 0.369100448100577 0.205945205946333
-0.117828361844847 0.439827885900876 0.449910819899436 0.125337686070115
0.230464798253291 0.293524305613497 0.495257746733422 -0.206701711739385
0.336514320469911 0.00403062221734665 0.287667576162299 -0.470317583275117
0.157001340971051 -0.197007743568476 -0.017274476091454 -0.418330185721793
-0.00675978450393269 -0.177333311377718 -0.133864301511439 -0.263544579876241
-0.0892260550010036 -0.189540518870932 -0.127106045202355 -0.116182790759561
-0.149784536079859 -0.1712777675121 -0.032214027153124 -0.0354360444849054
-0.196780629378352 -0.169367024710233 0.0616294897462396 0.0618150935444331
-0.125298001427522 -0.230308642787314 0.0371336428323533 0.169595116012903
0.0408360116407642 -0.327510104982614 -0.0389135836432905 0.293882556396004
0.404232848151099 -0.18033679675639 -0.146739848889262 0.234510701690506
0.382944764618184 0.257779878761702 -0.188314611971856 0.156812411351664
-0.0461376176656301 0.445814561723361 -0.210261199161267 0.160833193248822
-0.483661230927015 0.284391191041458 -0.250422399118307 -0.0201900003036457
-0.435743870276342 0.234511551767809 0.520584277710917 0.206300861706951
-0.103443491081062 0.350556658694135 0.582792960574064 0.0947371998505537
0.154622360916849 0.240592567401887 0.541208766222256 -0.278597848139438
0.25073533951868 0.0460731591480711 0.271866509634643 -0.521502439131785
0.141242751443995 -0.122228069211562 -0.046452355078534 -0.453296387836749
0.0119619110061716 -0.134237196486819 -0.154933714501351 -0.306430916250919
-0.0635307239320779 -0.156376360966589 -0.156708076794175 -0.177512533168461
-0.12233971821558 -0.144509639261075 -0.086097890817286 -0.0882371638368988
-0.171702627622713 -0.157546389084493 -0.0170651880925259 0.0118326905534271
-0.0969381013459665 -0.230883469868268 -0.0441422596890348 0.0936846389800699
0.0878303495079267 -0.301574897782314 -0.0812512835304841 0.160559892376127
0.406139432241198 -0.0942333543016652 -0.0676170014223404 0.108746937723276
0.301996656597174 0.305939582484143 -0.0423517794971537 0.165454023978364
-0.102412434730941 0.397172756886946 -0.148847077958574 0.212681882614299
-0.441982728011817 0.232043994210293 -0.105009856053899 -0.048409830871798
-0.303436960233067 0.182605971946108 0.639146309630112 0.183916338801171
-0.0737334576650148 0.247267050093837 0.666105314517891 0.0308561509367159
0.0884466305844149 0.174924017123634 0.530682528851635 -0.339134256661245
0.161282367215221 0.0611510217268699 0.229675204225655 -0.539218386639176
0.105998093192694 -0.0601128381592918 -0.0699460120144574 -0.461037384473255
0.0187176555945033 -0.083670284853425 -0.16481199028728 -0.331118599699966
-0.0318397086327533 -0.103617142869009 -0.174876326620851 -0.220187869122135
-0.0756807590447348 -0.0958808624909089 -0.130518908709182 -0.124354743067674
-0.113877674991845 -0.117916255624735 -0.0866057330678811 -0.0341296014377157
-0.0414685557372083 -0.176905203502031 -0.0965257243641166 0.014615370818266
0.109263956593487 -0.193966072520629 -0.0691828650845131 0.0443236207482488
0.291961654498906 0.0103221651945232 0.0345432944611566 0.061304631139436
0.141727134490167 0.256326099970008 0.0385536194178672 0.245217133965947
-0.115624430139951 0.243304238303804 -0.163110138945694 0.24264137630059
-0.308272664655744 0.127327763748805 0.0093147575140439 -0.0926875961502879
0.0210214258685521 -0.0421243296822562 -0.0771195682887634 0.216053262466252
0.0735179192774081 -0.0353415055887986 0.19322402250492 -0.147162579621453
0.0260249605135927 -0.0989975643842836 -0.017335662761541 -0.305519010857664
-0.0663928299911705 -0.0681013190072428 -0.0817228744267685 -0.103309051221768
-0.0554338612171414 0.0364884051646419 0.0138017535832675 -0.0130261733734145
0.0119950286355496 0.0612125899487441 0.0467749898435539 0.0239066204135448
0.0369931778218132 0.0436028851769275 0.0861580384289339 0.0733235777256947
0.0303845943385666 0.0303281446115797 0.125931135558463 0.139087959270669
0.00329420110950743 0.0261628328079859 0.176514187686104 0.237498767955665
-0.010243199592315 0.00949515501036075 0.149237347886196 0.330952737626047
-0.0280350254595458 -0.0187754335904918 0.075166511071203 0.430225950860819
-0.0314919047801694 -0.0451719732711828 -0.145810640901397 0.486506661350905
-0.0258110327470211 -0.0734335702028319 -0.431893993137197 0.374823609464173
0.076325726668454 -0.102844198101022 -0.614739980342836 0.043386537266459
0.152934974953084 -0.0682112371706569 -0.68608108216863 -0.176222039479786
-0.189475338774618 0.098096209631494 -0.0666090271180851 0.205007137182258
-0.00592039934648916 0.206465419418619 0.200214261066692 -0.132482937560953
0.156941213484782 0.0880088183893307 0.00795466925055636 -0.313304150018036
0.149301263405959 -0.0874439732128559 -0.0781918861667131 -0.144492591747246
0.00687078666742997 -0.120589843502356 -0.00591340788548096 -0.0200831137201012
-0.0330616943914432 -0.0484590526286049 0.0311018692881447 0.0239634351276785
-0.0314525263744608 -0.0377004110084463 0.0769845023620211 0.0825864432774785
-0.0327086166083209 -0.0363531631492579 0.12675041267838 0.138151749074889
-0.0475924883979666 -0.0334249850622009 0.184417451835001 0.227130467532739
-0.0174387990001975 -0.0467786347008876 0.161448931695994 0.310950086902328
0.0039075033848104 -0.0676617360907448 0.102151714106775 0.422114576420251
0.0508061450490927 -0.0544468387764123 -0.108488974771048 0.491826569748169
0.0446368810038236 -0.008828289983347 -0.405055707166411 0.396770670660535
0.048854544974206 0.00690995002910968 -0.598619627626864 0.112560202461479
-0.0184227838712518 0.0227983445007069 -0.7024471321406 -0.106610253219241
-0.362796461918157 0.208848550828031 -0.0105006116955255 0.178279717161752
-0.064296508108209 0.393232620929144 0.183851888022094 -0.0910996688590389
0.256290502223863 0.238406774594711 0.0724212195633968 -0.254005075901122
0.318880115534102 -0.0899182706592329 0.00231530324926742 -0.19400311556566
0.0726854926007087 -0.235030674177335 0.000121002060984703 -0.095322740053148
-0.0556894794243544 -0.13963445755223 -0.003886836319308 -0.0289178633275393
-0.0816240686893021 -0.113056998581264 0.0358555908026968 0.0610472918583263
-0.0900995888054174 -0.0968467392293145 0.106959746119797 0.117613355240304
-0.0993158806750809 -0.08462817434107 0.185425324143501 0.195250784706092
-0.0395203398735292 -0.0957420349364684 0.172390876402701 0.281578107991724
0.0149222350398539 -0.123843272726486 0.120766692122076 0.416107865900942
0.132785121097407 -0.0868235296386204 -0.0930003056693003 0.490920080994988
0.136669902879112 0.0462361934970457 -0.385401983167216 0.389682776786196
0.035521774691082 0.132485538648217 -0.542807000603922 0.14946238297845
-0.183774722732683 0.124649621969974 -0.653926158503304 -0.0480209630458186
-0.471792376584384 0.2693129511977 0.0815360200199785 0.164845788646439
-0.088694516819231 0.487660396525485 0.200229349593337 -0.0097251508453465
0.308981930205718 0.310052256188718 0.197313664034083 -0.18301169446257
0.401835183411789 -0.0837039892616231 0.122617229853242 -0.27144168832257
0.117906814841596 -0.283217478926791 0.00905618358196482 -0.213118364860059
-0.0534067457425387 -0.190551678296284 -0.051383670242024 -0.111420530359828
-0.108075108998362 -0.166768465462429 -0.0214479481685635 0.0160065620876581
-0.132738663263405 -0.14225847502919 0.0710384662655197 0.0771826937756043
-0.147512702973812 -0.123859743421961 0.16950539535081 0.151178465235858
-0.0768208125776946 -0.141641450633652 0.162918638567387 0.249557419848882
0.00795969393129629 -0.194290932627566 0.106688771958546 0.40811551443549
0.219051742575177 -0.144926040674658 -0.11081997622474 0.458894990857589
0.248738224096652 0.0977861486504947 -0.363501334559116 0.332376880624977
0.0299589482230285 0.264871959992204 -0.447174703764339 0.150119758327956
-0.325900100333701 0.219148848668797 -0.545209129441263 -0.00978213780309704
-0.518491063855446 0.285294136250695 0.209537069901018 0.173431057430208
-0.101838246591296 0.488854373001456 0.291716901409387 0.0766533116958481
0.293783895626577 0.315774323796402 0.355133192077616 -0.165981039676053
0.393579883543643 -0.0520060721708668 0.224250412717395 -0.375070606500159
0.143206365274266 -0.260763938106128 0.000754705079430236 -0.329642789227404
-0.0331041372219795 -0.197409528028498 -0.099941487827033 -0.192162422761996
-0.109014765369765 -0.191818229207263 -0.0794241810252111 -0.044173098353286
-0.154486342651139 -0.166225917367186 0.0218483617705301 0.022512841938316
-0.184528035601861 -0.14937018604945 0.129031674588994 0.102727213688786
-0.115430962915165 -0.18616465126176 0.116930729355838 0.215136199886407
0.00404918832514952 -0.271674295565956 0.0492578088852412 0.372981636300712
0.312607221720315 -0.196400632619734 -0.142135173595678 0.367527516041105
0.350372049458346 0.161026775921799 -0.298705866261502 0.234736012114425
0.0118041824148774 0.379531803219368 -0.316947337208878 0.141764296761418
-0.426561589639919 0.283724415154954 -0.3973764547473 0.00174864768786346
-0.501489855368204 0.273822462413666 0.362109141725241 0.187117367842088
-0.102838480703298 0.431946504581865 0.432963970985862 0.107502609001616
0.230459461485672 0.284029934429394 0.473559655327981 -0.215283568663722
0.332099722044503 -0.0025685346311337 0.262240481576042 -0.466600752941233
0.149403924986702 -0.194949333374406 -0.0262233779837267 -0.406145840840468
-0.00759177436731768 -0.172450212247126 -0.138155317467073 -0.253753985443127
-0.0931806762322814 -0.185660576287295 -0.126513611244719 -0.110151875632872
-0.151502224474988 -0.166246992626575 -0.0338507950527246 -0.0360512469967746
-0.194991025699962 -0.159257919933695 0.0625784104316323 0.0548876337161454
-0.127477435441652 -0.220909202729202 0.0392752418604479 0.164826336072596
0.0307755523283286 -0.320905052898032 -0.0284180082635517 0.285957438711917
0.392267955720975 -0.189605003590214 -0.136591407488484 0.227037134605928
0.382971260095357 0.240526793730253 -0.176038719366834 0.151859729702242
-0.0335557758290014 0.433495805622675 -0.192163040425107 0.162275658820371
-0.46720303954691 0.293840555669677 -0.239148982716931 -0.00961076961281182
-0.422687061975068 0.243234290784717 0.513307625168631 0.182874272020048
-0.0924174207603208 0.344706584539584 0.562439934947688 0.0737673192802471
0.154516172779667 0.234899196712819 0.516273492996066 -0.285399410514449
0.248299038955524 0.0409589451000253 0.246020279606942 -0.515474215920521
0.137337690886136 -0.122825352140947 -0.0553149752922595 -0.437593516076323
0.0111310730108746 -0.130012530803447 -0.158548640152511 -0.295562688238329
-0.0662497242965897 -0.153658938149185 -0.158137933168196 -0.170213040215373
-0.123914538602442 -0.140220908023682 -0.0871271597891334 -0.0868009598685943
-0.170643156220398 -0.148612688216881 -0.0149000501811536 0.00946967538350106
-0.100545560195873 -0.223237986184396 -0.0425704504418442 0.0938676804946804
0.0761555719252541 -0.297787226947323 -0.0747733986632836 0.15915950320274
0.396377151429962 -0.106481311268686 -0.0633083132587265 0.100939938769763
0.305678617641986 0.291637242734503 -0.0322304773226205 0.154002310248307
-0.0890889752521763 0.388860246329855 -0.128333551069075 0.210796334646011
-0.426809636562489 0.24109612594909 -0.0968781805509611 -0.0414723202193021
-0.294890766916649 0.188546293201461 0.628446632548751 0.159106391668009
-0.0651763897594788 0.243895053558303 0.644338400754211 0.0062357768908025
0.0896889386108798 0.171756909861325 0.505022017969221 -0.344819849958415
0.161402531324906 0.0567073927362967 0.204260519940827 -0.528889451016749
0.103108801947599 -0.062013142824661 -0.0786007026990139 -0.444902942792437
0.0173829994499923 -0.0804603467147299 -0.168206706528932 -0.319838567035708
-0.0341717354345165 -0.101835753780849 -0.177026228286414 -0.211869161243793
-0.0758134307708216 -0.0932847179186239 -0.130936312058611 -0.121458924163351
-0.113226145056189 -0.110553510327038 -0.083411644002467 -0.0318555067181225
-0.0454671006427948 -0.171923067757524 -0.0958500188099758 0.0190948703580842
0.101529752107291 -0.194099593338034 -0.0664874273918301 0.0461656125730157
0.288081919639868 -0.000333766393937023 0.0352477331482103 0.0509807598866485
0.149522416429451 0.247686961858166 0.0516165342444094 0.227890111177435
-0.107084116935069 0.23925314293562 -0.140127717145786 0.241510552625714
-0.299164925737948 0.135782500811198 0.0132542790794172 -0.0883529306565492
0.0209851810349857 -0.0417205091905691 -0.0831941022826086 0.212454690920173
0.0746948011399793 -0.041727547843857 0.17276997114444 -0.146242271867051
0.0227163434283089 -0.100946927048498 -0.0314995869728279 -0.295272604346636
-0.0696491400493688 -0.0662275071037852 -0.0836433739769935 -0.096089921481833
-0.0548594371037508 0.03814614268654 0.015771784301312 -0.0143213385283802
0.0138795354516441 0.0609004290335269 0.0490542449157189 0.0224508192457659
0.0374200660675171 0.0412694606489289 0.0871639703756217 0.0727908175111648
0.0313665465172668 0.0289161913022402 0.126319019519049 0.139041049379237
0.00396349118730116 0.0261626877325071 0.178182121165166 0.235104369914502
-0.0109450821994467 0.00907357864241404 0.151760674660934 0.327402136363419
-0.0298552835001567 -0.0191526180347201 0.0792691411458451 0.422584634587472
-0.031843719994491 -0.0450100593959286 -0.136032451304185 0.478890351122887
-0.0251632842084109 -0.0720697595778195 -0.417656467647043 0.375435595504539
0.074015658887813 -0.10513054888156 -0.607973826037466 0.0559425928730554
0.151420506223064 -0.0711342609954364 -0.686571015837365 -0.161587786323751
-0.187452423695445 0.102086485504798 -0.0735116643235537 0.200522966450751
-5.5555534672503E-05 0.201004724233747 0.179273457408171 -0.1330261741421
0.156834873403459 0.0841267012258441 -0.00594966713583825 -0.304069596497775
0.145687121282789 -0.090047316725788 -0.082494130818625 -0.137716885882187
0.00435259282512455 -0.119632734319399 -0.00300733647634585 -0.0205587382799808
-0.0328043147647701 -0.0475761338503594 0.0332719994710488 0.0225957706257472
-0.0319173207943718 -0.0389938769618036 0.0776782355878168 0.0813549571719403
-0.0328319486909526 -0.0379787617879013 0.126607603511023 0.137790452377763
-0.0459917076109425 -0.03252532976126 0.186910029582037 0.224047674231824
-0.0179862982427682 -0.0469129333619369 0.162579254726249 0.307047336641928
0.00240294758690086 -0.0680515877577769 0.105496673622542 0.414144169023065
0.0517095756152925 -0.0546145295260162 -0.0988521247378285 0.483502872782376
0.0453012095753513 -0.00816771076059943 -0.391100529838232 0.395947869394141
0.0468887199995493 0.0033990420570738 -0.589434276860011 0.12369974058894
-0.0184193279390865 0.022203177687467 -0.702185055587423 -0.0911939393670653
-0.358686947763441 0.214083112347354 -0.0176999292244691 0.174378392702856
-0.0554464462560568 0.388752878078494 0.164952402664629 -0.0916681282631272
0.257797104106435 0.233442105412574 0.0598891024538811 -0.247324618137211
0.316478356203653 -0.0946665630639251 -0.00467887271933178 -0.189879998405312
0.0676176576566419 -0.234516067055494 0.00107892367703952 -0.0946615209703485
-0.0552671873832489 -0.138308711937627 -0.00341281061461145 -0.0297056251957747
-0.0842846744048751 -0.113528716601084 0.0372342288315561 0.0612049105795151
-0.0916536784690677 -0.0982954768825841 0.107200937625803 0.115889702278384
-0.0974961012651531 -0.0839365606643579 0.187595653938675 0.190737540732963
-0.0387138515341478 -0.0962809956418811 0.172605906724711 0.276669509418716
0.0137519437787124 -0.1237362800196 0.125575480732563 0.408086106469852
0.133139603297759 -0.0885904684796741 -0.0836911751681881 0.481402336046666
0.13769097582385 0.0465570350464791 -0.372130859007472 0.389180371302458
0.0336747053790406 0.127702735021674 -0.534511337250438 0.158859971108354
-0.182083080650911 0.126203304151375 -0.652513520484949 -0.0342376814602815
-0.468122540289079 0.276003607274161 0.0753671149622198 0.159630354828107
-0.0823429434426058 0.4830909435893 0.184771310394474 -0.0103653566936667
0.310132794251336 0.306103571544089 0.188129637669198 -0.180751188756852
0.400428126584777 -0.0892974785525155 0.113023182357256 -0.270735942037913
0.113133611894522 -0.283110550272821 0.00749657563409489 -0.213357751401805
-0.0528968490064377 -0.189330727388666 -0.0530253163643871 -0.110127448997591
-0.110805406176524 -0.168068577704117 -0.0202775570340365 0.0170822129725411
-0.135643254444755 -0.142916491320174 0.0701098476939523 0.0757184780849638
-0.14649376496661 -0.12157209417528 0.170961601835941 0.145657661087833
-0.0762639013141964 -0.140920754939657 0.163463052417857 0.246059856981392
0.00636370426238573 -0.193064484790287 0.112204666811413 0.401643008630352
0.217524116994133 -0.14734484505392 -0.1021232927757 0.451344284214907
0.250401750701295 0.0951137534807275 -0.352603655685554 0.333024385612458
0.0297789354024614 0.259723653316993 -0.436620143864562 0.157590192370701
-0.322764677496351 0.224171440853851 -0.540886516016193 0.00172538251405581
-0.516174762605073 0.29235299743661 0.205032872795157 0.166591334968266
-0.0942883282565925 0.486834522559106 0.279431545487079 0.0723315828918772
0.294721283970959 0.312877878297146 0.34643045232969 -0.167999157104098
0.39361282503843 -0.0569657568964667 0.21179260772742 -0.376548160525775
0.139544124237071 -0.261110277688014 -0.00350440243590841 -0.327112048490129
-0.0317115735121772 -0.196531868374159 -0.102503665969209 -0.190342182561109
-0.112495668649778 -0.19315380067251 -0.0793428309245203 -0.0424088174045862
-0.157791253107392 -0.166362813419053 0.0207998414312457 0.02057189437844
-0.183474974203401 -0.146651040743308 0.129539011010061 0.0971586192316147
-0.115159257978907 -0.183992494108279 0.118157322080052 0.211838627720406
0.00123803821523596 -0.269974031471085 0.0555450353718256 0.367910968180592
0.310598239804892 -0.20201190748953 -0.134500001557477 0.361834860732282
0.353863779174893 0.156149937170908 -0.291455833207336 0.233576272455351
0.0138334485731071 0.374272566354015 -0.30608864079128 0.146977714488592
-0.421929009714976 0.291315663793008 -0.392348282121772 0.0109280462875302
-0.499368407424525 0.282057380088734 0.359798032865253 0.178181842155731
-0.0984169614895116 0.430582847486473 0.422342759607907 0.0996734437667517
0.231305591155112 0.283582668313066 0.463785152587746 -0.21982734666713
0.332921090858556 -0.00509506556045342 0.248458239089363 -0.470361547977508
0.148945738353337 -0.196303615885327 -0.0313431838217764 -0.40309851291127
-0.00606990411503557 -0.171936868963514 -0.140493659399947 -0.251625995814708
-0.0961176467187451 -0.187504274505563 -0.128165029667521 -0.108127902718075
-0.154588359813677 -0.166211397268568 -0.0357637376672743 -0.0384942974713463
-0.194724156169174 -0.155661432844581 0.0631730053383595 0.0501701278703345
-0.128901087356679 -0.218522825251209 0.039657543847836 0.164083266428689
0.0255061203857448 -0.320011429732425 -0.0226572129536355 0.284468505228951
0.389187443982178 -0.197225263199263 -0.132320089439535 0.222222698950975
0.386796501372441 0.235018553676257 -0.170453850102699 0.14762951453781
-0.030551352323935 0.430114050907179 -0.179854026938334 0.163682173304228
-0.462382129563631 0.302075156645354 -0.234697278600777 -0.00296306355949546
-0.421254034335636 0.249929779000502 0.512381177672134 0.172605904221717
-0.0878766421766711 0.344066160077578 0.553106812485498 0.0617986416976072
0.155686923470701 0.235160967243396 0.504677360410568 -0.292615173933599
0.251933951598677 0.0389337507798596 0.229924800648998 -0.515923394234899
0.137503230133142 -0.123572299459204 -0.0596845715414712 -0.432567829962109
0.0122762320151544 -0.129290857587793 -0.161206147005105 -0.293091320122935
-0.0688447645902822 -0.154702115273757 -0.160336617214279 -0.167931015488429
-0.125950157278753 -0.140490641380327 -0.0894779494169626 -0.0883462708445154
-0.170165478374525 -0.143767921092883 -0.013395119440458 0.00656683600645063
-0.102782670625207 -0.220641803991887 -0.0421735774644257 0.0960548170008221
0.0697055820826801 -0.298478477710986 -0.0716399626559957 0.159798782452943
0.395784306478949 -0.115353694654981 -0.0623006577619779 0.0947784111996893
0.313033158222276 0.286024507570118 -0.0258078712060193 0.145341775432511
-0.0850374972678277 0.386695721282576 -0.114177791111172 0.210799385018667
-0.42454999987458 0.250599043245849 -0.0923863944773005 -0.0375484718878313
-0.294149369808977 0.19369456039541 0.627349020352076 0.147818434414152
-0.0621714183205958 0.243456730816446 0.634013510143401 -0.0087480266217441
0.0914037943359702 0.172801432144076 0.491944798038006 -0.350681315950828
0.164019384169245 0.0562750441360617 0.19051815172069 -0.526572212931153
0.103471834297278 -0.0623847422293778 -0.082770056153868 -0.437608363496499
0.0180738993949961 -0.0791896059576591 -0.171093244246291 -0.316493481920599
-0.0365182767260778 -0.101504167760235 -0.179745892421295 -0.210289823129727
-0.0766506354260381 -0.0934981179856084 -0.132614627021534 -0.122801872935194
-0.112943421104577 -0.108083067379812 -0.0822855956163098 -0.0320729949403522
-0.0485048573681604 -0.170630046623344 -0.096763491530163 0.023897915040813
0.0974142163608837 -0.196184061870634 -0.0662464328877688 0.0470402320753043
0.290187498438163 -0.00802300882047943 0.0341755804025184 0.0423035103730352
0.156589284151246 0.245986017407304 0.0611340310252647 0.21629248268856
-0.103709484303023 0.238307966509783 -0.123077019277081 0.241924223664083
-0.298143428201169 0.142818639320569 0.0187191446562305 -0.0854053012374572
0.0217352749116108 -0.0423047945893942 -0.0909121655256318 0.216752348999052
0.0767014590601091 -0.0497598500677851 0.157105205812911 -0.14926728908593
0.0188642691792574 -0.105347013877179 -0.0475797171186148 -0.29078042097353
-0.0760405379576635 -0.0653877602071033 -0.0885091558648805 -0.0893124906068787
-0.0551886410247266 0.0404174997313721 0.0179051392829921 -0.0158282255281467
0.0160118648823643 0.0610956036846218 0.0530610822768487 0.0192730436001474
0.0393877143735282 0.0411309586957097 0.0907163791530256 0.0722905405405526
0.0337050386864725 0.0276548601695386 0.130598870602327 0.141936786438584
0.00559474113707888 0.0271098692998856 0.187250896535845 0.237392564324524
-0.0122080314879283 0.00891137471930036 0.160761249829142 0.331593419937742
-0.0323482363504596 -0.0193465840614261 0.0863860782713088 0.426244340475199
-0.0331779691043509 -0.0458756949207704 -0.128352034188571 0.483467730000755
-0.0255329205130847 -0.0725909506857599 -0.410850040987667 0.385636620985418
0.0724993663015248 -0.110731804859409 -0.613055910049263 0.0733191992484327
0.151782800505337 -0.0766524677172433 -0.70696797471719 -0.145438836123152
-0.188458172758789 0.109459979043672 -0.0807502232914151 0.203913522400972
0.00615945701311261 0.200312731196775 0.163321749854443 -0.136065000934243
0.160608209189703 0.0818069272024174 -0.0209872053911103 -0.301730541634714
0.145168606628072 -0.0948574692138659 -0.0897714743854564 -0.132755874045207
0.000977634208942887 -0.121452875620759 -0.00147226742481034 -0.0214610230344422
-0.0328138692194283 -0.0481478951894898 0.0364529178559862 0.0208110438711375
-0.0341310838147996 -0.0402709517421679 0.0820584695354138 0.0820327522406386
-0.0350858216390423 -0.0399657557482254 0.131432127181 0.139465214405525
-0.046752005983818 -0.0336404169937514 0.195368577006228 0.224445036090346
-0.0188146787234699 -0.0484406510524837 0.171600275059223 0.310092631149964
0.00112768500955254 -0.0699582910525847 0.113294346108574 0.415628966414558
0.0520287118232309 -0.0568959573243479 -0.0882444728768067 0.486247058812857
0.0471119098690247 -0.00708796410626403 -0.384216894574953 0.408040061915232
0.0444216972598983 0.000202033782803691 -0.593854018119221 0.143154120563751
-0.0193317995785063 0.0224747019706718 -0.719963453097504 -0.0735630113081424
-0.361713345810715 0.227759943512186 -0.0237753034082103 0.175570578284332
-0.047346240906385 0.394370809197692 0.150467872766978 -0.0939536650731658
0.268004772335924 0.232002157412076 0.0492462526189446 -0.247732740123976
0.320104136143329 -0.103542960940852 -0.0122108048031686 -0.188842366646853
0.063400329676003 -0.241071371328868 0.000937002240700331 -0.097978009905421
-0.0571477174778285 -0.140533510617833 -0.00348473996085675 -0.0313253613603901
-0.0898598779158686 -0.116439119044875 0.0404242197474402 0.0623992014973522
-0.0974157011367464 -0.100923079994524 0.110465605814631 0.117401317216457
-0.0999398929669504 -0.0847130311211589 0.195343908992771 0.190528828636507
-0.0403759467130967 -0.0988849114236707 0.180191514928482 0.279634370363248
0.012575731981747 -0.126356959683855 0.135173632448469 0.41031732520529
0.135225035560571 -0.0930302025095531 -0.0730050970736121 0.484953324050841
0.141871612530172 0.0463143553118639 -0.366682379505664 0.401705925086957
0.0325133008496538 0.127152941773521 -0.535090999074819 0.17618301932906
-0.184508232265132 0.133393816173531 -0.664935210262092 -0.0166782509836384
-0.47473130328579 0.293422489479744 0.0728127184270358 0.158357669845667
-0.0711018002361447 0.491679931223865 0.174205909973271 -0.0119088864719944
0.322024066313109 0.306764196460658 0.182639941118842 -0.183177223520427
0.407146783123485 -0.0997807554706526 0.104615039635585 -0.275141221842347
0.109178923314575 -0.290851593069544 0.00413516484408616 -0.218333459291376
-0.0549627104312615 -0.192610815446677 -0.0565476262590306 -0.112310080904803
-0.118369964089894 -0.171649799143761 -0.0194373860735651 0.017768593320307
-0.143400757816904 -0.145675189958506 0.071934727315231 0.0755723642584083
-0.149682253138688 -0.122731442423275 0.177023653397062 0.143563685924453
-0.0785447886693334 -0.143998801638688 0.170589844047494 0.247163991960836
0.00349454400638541 -0.196922903768299 0.123212298244688 0.403807868773005
0.220718866711789 -0.15553913052532 -0.0917079245311565 0.455850165066665
0.257522960704387 0.0932371020812149 -0.348372510611848 0.344470509217411
0.030992309570334 0.261777579550944 -0.435362081929153 0.171956830615148
-0.326450989517104 0.23708054611803 -0.550986980167943 0.0172298563200633
-0.523069106783756 0.311698296201044 0.20702639455141 0.163283495834627
-0.0870623968102518 0.495729033732366 0.275656215622263 0.0700910836097655
0.305889114796391 0.316544324374736 0.346139067420875 -0.176480182856951
0.402633065742623 -0.0654000617825689 0.201037911339403 -0.386709881893114
0.138280306902122 -0.269267850592243 -0.0102993479623405 -0.334544885564044
-0.0323075016357978 -0.201177508290831 -0.109048116008046 -0.192747404940297
-0.12054622021678 -0.197551248443722 -0.0810760203958388 -0.0416682507587722
-0.166874450707989 -0.169762639389815 0.0196982181708753 0.0195642416075205
-0.187833584342559 -0.146680228091045 0.133531144461453 0.0927334248396141
-0.119138971870994 -0.186011143286534 0.123704094577151 0.214315808614411
-0.00411177248755522 -0.274116338103624 0.0665641445741974 0.371992791250754
0.313239701035405 -0.213512608214925 -0.128042902925948 0.366472206364522
0.365457595508326 0.152668686404143 -0.289513703914839 0.240280999745244
0.017177895729479 0.37907093311845 -0.3012235852336 0.156796689428228
-0.427052927557965 0.309331783852922 -0.396789420417347 0.0233116052135005
-0.507938048979379 0.300485733752202 0.367605821118004 0.171258475977171
-0.0938318723530186 0.439957832798483 0.42413057969118 0.0931597700578533
0.240413622234161 0.287491347995964 0.4637417849903 -0.234859641158848
0.342073100920637 -0.0108071328755127 0.234524943404656 -0.482503985446096
0.149975187459291 -0.203002526150184 -0.0398977102920744 -0.409169532477321
-0.00488994871334016 -0.175914120773686 -0.148671915078943 -0.253752886367564
-0.103198914823844 -0.191982615930341 -0.132485782980496 -0.107919752473117
-0.162853521231304 -0.169379866264666 -0.0394337725878907 -0.0405535668396538
-0.200043515901769 -0.155623500238498 0.0650760391309444 0.0469414869853104
-0.134179029710303 -0.220407087615328 0.0430074105009727 0.168321967667426
0.0179900234976444 -0.325662515496028 -0.0151448650572618 0.289942263391893
0.394384190531956 -0.212942422213062 -0.131230024840435 0.22413237368905
0.402888824071071 0.231177093502379 -0.168855813318075 0.148151919558756
-0.0254252863494982 0.438292375556278 -0.169890950115441 0.169937699502641
-0.46725116643387 0.323221959086084 -0.234401362099857 0.00465815178739973
-0.429219629698768 0.266040270778866 0.524642253961363 0.163231456281198
-0.0850622365923038 0.352367695747413 0.556340146649941 0.0498888946710485
0.162822475196958 0.240449751910764 0.502447527497499 -0.310607361120558
0.261124720721481 0.0364440400139119 0.216740691778801 -0.529138062045795
0.140220149229319 -0.128620815775674 -0.0684153885232182 -0.437137504734883
0.0135677809998276 -0.132249260231054 -0.170144716431254 -0.295564511519174
-0.0747762703850368 -0.158400074851928 -0.167213162706786 -0.169218826351493
-0.132192761429374 -0.143512401678056 -0.0949561657708599 -0.0921868150479849
-0.175178329701099 -0.143353571363553 -0.0134574133367313 0.00409145515172849
-0.108649897481127 -0.222785233045666 -0.0421961151978473 0.102063232129477
0.063275106268268 -0.306405060081444 -0.0681131643772402 0.164749319637656
0.404349554767588 -0.130077180240004 -0.063986923254061 0.0914858318273688
0.32997184993514 0.285113046280008 -0.0207427597479821 0.140419296062607
-0.0812779395157553 0.39520938627988 -0.100475814061772 0.216133800739579
-0.428571740540478 0.268604759320181 -0.0889382339022095 -0.0337043008548488
-0.299361082099961 0.206218201482648 0.644961782833828 0.133832499544029
-0.0590123092561712 0.248800494150121 0.638852944795229 -0.0254793452538273
0.0958426813793562 0.177819912763492 0.488644862384824 -0.369150888113161
0.170818613266236 0.056044575959817 0.178153707025008 -0.536839216632278
0.105579590947692 -0.065093225816007 -0.0902829860787588 -0.440847666411038
0.0190438155545336 -0.0796439470532682 -0.180111071085828 -0.319976998014845
-0.0399726510165257 -0.104781590687169 -0.188832818607241 -0.213305005250474
-0.080194969936842 -0.0963776757744066 -0.139628680359355 -0.124663196574171
-0.11568102620613 -0.107290272295922 -0.0831035020935884 -0.0323684628754386
-0.0528368925542717 -0.173411951277807 -0.100018124358311 0.0302594719809368
0.0933780312990298 -0.203538911859993 -0.067081530920011 0.0503029187524995
0.299110572232216 -0.018270879877847 0.0339816653702623 0.035009267949251
0.168066497172563 0.248266189014041 0.0721996937496319 0.209949004147431
-0.103030247319407 0.243772976477784 -0.109165783447807 0.248634678666971
-0.303005537356812 0.156547585413075 0.023380424565944 -0.085223813044918
0.0195093976000936 -0.042494060189711 -0.0821171522478411 0.229971023638015
0.0695253615444938 -0.0688786529286095 0.134743631125802 -0.156744941239948
-0.00197490727086543 -0.111023376251217 -0.0747944310759925 -0.27838665392059
-0.0914475819215937 -0.0541235350632207 -0.0922128649228099 -0.080653609967638
-0.0507539838941525 0.0474867455003641 0.0153698454603506 -0.0231328880531927
0.0238196673321316 0.0596383137368868 0.0545946718224558 0.0121752053879228
0.0469939079042348 0.0364574334219331 0.0955274347672067 0.0644799956716217
0.038628085147896 0.0234370096789892 0.148773934444964 0.134218810016726
0.00942227278398586 0.0268771820798757 0.221099414315397 0.229683072964496
-0.0159969973399431 0.00987217332467244 0.202052532935781 0.333077325544697
-0.0421140219939597 -0.0155089114364645 0.132883665950019 0.434288599143868
-0.0477887969095457 -0.0481989866541143 -0.0817587178252124 0.516157384793372
-0.0378201668366376 -0.0789087630094171 -0.385074768300776 0.442833485153626
0.0648499112241551 -0.136657342775094 -0.642218916724554 0.14493744516245
0.153587475677638 -0.105905574876022 -0.762706540981022 -0.088492902405661
-0.170904023328516 0.139545087201273 -0.0829992011659132 0.200481379566077
0.0320919945294426 0.191761985714006 0.12660437621761 -0.14931148687258
0.168432452781775 0.0578420014228798 -0.0674847133622953 -0.284439787370873
0.127278106936361 -0.117898145362459 -0.100401094557401 -0.106558242954046
-0.0160277985739457 -0.122236754038009 0.00788062786528622 -0.0230147837726791
-0.0374261059289274 -0.0453118362372716 0.0431817532996984 0.0137448794782766
-0.0410483797470674 -0.0367924985235462 0.0968111709260351 0.074512659283177
-0.0391479804358899 -0.0389890755124869 0.1495051800776 0.129624539266674
-0.0512891238697182 -0.0281393915764386 0.227302457335028 0.215597517914649
-0.0284838784185048 -0.048779746342973 0.211515921721244 0.31149015730211
-0.0137715638577449 -0.0705350303090352 0.160464989987346 0.423023113616837
0.0392740784581895 -0.0696975090843067 -0.0449496323646333 0.516163296900586
0.0430515652632439 -0.0205989069301746 -0.359988675370303 0.46256495208359
0.0442367823567466 -0.0183625677536677 -0.607446176901926 0.211031844587225
-0.0179257546729138 0.0161088061808668 -0.756666808139958 -0.0117206669218402
-0.329068247011071 0.282278190863137 -0.0342172473570436 0.152294854393134
0.00328138583134837 0.394928332480425 0.106863474410005 -0.109052790700056
0.298491196933867 0.195048735527639 -0.00299369728277271 -0.228022862366176
0.30549310287056 -0.15290324888346 -0.0307591414375295 -0.157026947001653
0.0320298442417134 -0.251509291763049 0.00938906013124286 -0.0981921261131486
-0.0719942549213253 -0.137002728867668 0.00127847809150129 -0.0365940683009841
-0.109043456803395 -0.107139845692144 0.0587263686632632 0.0595480301234602
-0.108295340404983 -0.0944849844860738 0.125169361847775 0.106981129921064
-0.111228102715145 -0.0742423894229457 0.223005267646717 0.177735161545417
-0.0546072106037318 -0.0976110515378959 0.218464020002631 0.278236717475666
-0.00699997215251846 -0.129340557492351 0.184975240899796 0.414745912608465
0.120606452637925 -0.116881976547475 -0.0292277588441493 0.516126244755235
0.146107658217675 0.0239260983277667 -0.347358268320737 0.453420813789462
0.0432924194330249 0.115622184874968 -0.538115381410682 0.236410685367538
-0.180990610386799 0.150364318044105 -0.681170597819637 0.0436788592231519
-0.432745556553994 0.36041854635814 0.0609478029006503 0.118662883725601
-0.00755190221144291 0.498925268386202 0.134335630603607 -0.0296003349921953
0.366178840538116 0.2629602721271 0.132845479659528 -0.174591181490127
0.395319122016606 -0.162946813885941 0.0763783169839525 -0.251751897193724
0.0713659016871167 -0.309406862348907 0.00340492618514133 -0.21847429330458
-0.077538008825198 -0.19131470247716 -0.0586276576762911 -0.112867647200906
-0.146695033113166 -0.1610285141023 -0.00189643033282263 0.022628717412926
-0.161024331094728 -0.136663910165777 0.0807845983953708 0.0664956471150245
-0.16566720188013 -0.107047412951129 0.198383950539749 0.128956019810177
-0.0982907072646498 -0.138442647001653 0.206618714101998 0.245499902697166
-0.0239686288408424 -0.198320890348019 0.174416359803649 0.410116793216164
0.199434680939877 -0.192305648771113 -0.0525227536644614 0.493295255518483
0.271971064770325 0.0585436334340641 -0.340420397197552 0.390148819804102
0.0553323928001024 0.25886309382224 -0.427166646282098 0.212121608494976
-0.319072616414482 0.276399087971618 -0.546422328152649 0.0680070820217135
-0.480639129316388 0.384059642432791 0.198773049485048 0.107793927757483
-0.0209912448990249 0.503374261188513 0.24711583051997 0.0426417504681949
0.352293967692127 0.273396043615916 0.300971614635132 -0.187948308537464
0.397095786472003 -0.129614403295599 0.159654103141814 -0.374733095650605
0.103063616914499 -0.292529208742085 -0.0245937384545144 -0.333218459288558
-0.0562791396401366 -0.202352629645058 -0.119043120680902 -0.188337699632673
-0.153614474324456 -0.187305341219418 -0.0694650129144013 -0.0307509110422636
-0.188145156600629 -0.15867622243214 0.0211338349936997 0.0120229233250172
-0.206903880828244 -0.126206590781846 0.148194487905844 0.0794073067997608
-0.144990486397219 -0.175874051968003 0.15516419480869 0.216177517864483
-0.0423493935896762 -0.275288187119788 0.113895392243789 0.385983068759045
0.288074204908239 -0.265349695775271 -0.103428772538879 0.406990101780069
0.391409814633876 0.106956937445415 -0.297274921654796 0.276309402110849
0.0549561456833415 0.386280814520371 -0.281887929034754 0.174655389873398
-0.418415921431592 0.366561810545873 -0.375115737031672 0.0607148849734168
-0.466819180198265 0.369459995347858 0.36803129643603 0.104917329191564
-0.0337856297678584 0.446701709440456 0.405785747893268 0.0499964642730929
0.282050054783153 0.254495338776907 0.417688537122191 -0.265656493295755
0.345882801475984 -0.067025828144147 0.182235717252261 -0.482218050323531
0.123491466265431 -0.228830751145158 -0.0666742978655453 -0.403158645107553
-0.026146816563437 -0.179668225095378 -0.166193262792006 -0.24589808654362
-0.135294487377114 -0.184467971192239 -0.131210332157164 -0.0928670172443048
-0.184544514012954 -0.157833923214697 -0.0461456950628311 -0.043713597166676
-0.220747316873637 -0.132421827468494 0.0726203975421357 0.0378693889424479
-0.164081353080848 -0.208310519942794 0.0674349943804379 0.176701536693176
-0.0251773356501071 -0.331113971434156 0.020961473918232 0.310260148945099
0.372263201810568 -0.275522722774381 -0.125179345693911 0.259116633977108
0.441608492127611 0.184359861987981 -0.182409199035223 0.160573287840096
0.0156027479774931 0.454860754498183 -0.137301720694146 0.172052876407518
-0.458890765464501 0.388395060149392 -0.201876143087256 0.0266437366758983
-0.391627426000176 0.323061671854465 0.533663760051234 0.0874747264868374
-0.035415135700083 0.35536077057412 0.545883297892177 -0.00799311682129675
0.19650648186 0.215816633576546 0.452964841955985 -0.352548525376893
0.269172106970555 -0.00838512260911655 0.154924276629864 -0.534333422455748
0.121787357570818 -0.152391636872237 -0.10377859487072 -0.428047098467937
-0.0034949335665906 -0.136581847364743 -0.194817857815574 -0.285803928957444
-0.101535252501859 -0.153947854228026 -0.176995562397629 -0.152306222278602
-0.150886263902867 -0.134320202568991 -0.109055439747468 -0.0897565012462104
-0.19363692143855 -0.123721594375193 -0.0139905642231962 0.00296454672592746
-0.138133185345347 -0.214662108204565 -0.0295450158799564 0.117670173289759
0.0237339144303659 -0.31764409204356 -0.0498848568026453 0.185617303142584
0.395580365572802 -0.191277587793596 -0.0706569643480946 0.109355204159121
0.37204332739122 0.251342471974273 -0.0229625436084147 0.132269296995796
-0.0484197216152446 0.417589213456223 -0.0554531368740303 0.216441115237187
-0.42399199477246 0.330901678320444 -0.0557542245651524 -0.0245668323689019
-0.268599350780425 0.243810807115309 0.658264747851101 0.0594141109030515
-0.0227223673597874 0.24556855697627 0.627170211689557 -0.0917734656726765
0.120766816669187 0.160758716324326 0.43896840243913 -0.416434077575046
0.180150936416646 0.0240750496995992 0.116253518396052 -0.545683296486823
0.0929150156794867 -0.083272246296342 -0.129610113829578 -0.430480525478739
0.00691687289697679 -0.0821375214769189 -0.210175581835714 -0.309415967891057
-0.0587935430530788 -0.102518031489628 -0.207638193252855 -0.196079666880981
-0.0927359921565729 -0.0911317492566455 -0.157905117996986 -0.11851961630714
-0.12951596321883 -0.0940506286948766 -0.0891418694931826 -0.0271242350005345
-0.0745598287293883 -0.171078609477119 -0.0982284355617869 0.0483939547345914
0.068191586569305 -0.218756218625863 -0.0640941086573238 0.0639028313425778
0.304093407106194 -0.0607877533953442 0.0270622949330423 0.0325729685229759
0.202043184519873 0.234075029575438 0.0908389587046911 0.193063354253278
-0.0877042151597351 0.261657279823638 -0.0626105018780867 0.261332631781242
-0.302543673425486 0.200929066192795 0.0457914707139886 -0.0866969749880205
0.017451895118797 -0.0445676328822811 -0.0761015899786451 0.239691006164694
0.0632375928082004 -0.0800598487942426 0.111115713023195 -0.163192757328202
-0.0126738274818847 -0.11316926258737 -0.103682107540418 -0.266907498758187
-0.0999249333789462 -0.0464219497073801 -0.0983344037233572 -0.0678011835074775
-0.0484981268160265 0.0522133373731532 0.0156986065895423 -0.0270159015963653
0.0289021791567361 0.0585950029591876 0.0577712771301998 0.00425511612168132
0.0495922795368126 0.033399056849709 0.102256761855125 0.0575763467839331
0.0415669761722043 0.0191707620827783 0.160863391438518 0.127426246173054
0.0119381500837077 0.0266989164882718 0.241478344484793 0.217484607283192
-0.0163443767280634 0.0112675541948179 0.229835997482697 0.324197857347263
-0.0463549528696204 -0.0121658034445325 0.163352570983008 0.429282131645797
-0.0524023279472419 -0.0468551112305358 -0.0460699215035384 0.524776341595652
-0.0424459678183492 -0.0760122192340771 -0.35214132186565 0.472208426365226
0.0539928118240045 -0.144192122016745 -0.635327010432938 0.196965640128187
0.146681832871523 -0.119795513811006 -0.783340660511803 -0.0272642467253384
-0.16437674612156 0.15566199917391 -0.0794577267640492 0.208790344649101
0.0450063628983613 0.188876247581876 0.103576573398191 -0.153716271637375
0.174816810722064 0.0450498967379629 -0.0967361332893078 -0.273334718216821
0.119310150125148 -0.129055250045086 -0.110607262102745 -0.0925183220441085
-0.0258493173901748 -0.122517078691513 0.00773393321908518 -0.0264077263439764
-0.0407391404013248 -0.0438367032626988 0.0456020698616338 0.00674067874036674
-0.0455073125842231 -0.0348816221501807 0.102930826847453 0.0673904340041456
-0.0435811243771847 -0.0382845886179619 0.161014420221924 0.122941178189215
-0.0532154161843942 -0.025802897965565 0.247069507866472 0.20174618521443
-0.0324535630399549 -0.0480907077758339 0.237023013750963 0.301283345792057
-0.018915430113351 -0.0704044688585595 0.191900891101427 0.413949939294418
0.0353359197747456 -0.0747851351510303 -0.00805572001334807 0.521276332640476
0.0437782345820682 -0.0220405484960211 -0.32628481113528 0.490651342860664
0.0387741108426876 -0.0226047695825849 -0.594977009198832 0.263163424159923
-0.0188673641510625 0.0178269835230771 -0.770893750660291 0.0516397867805346
-0.314032038401688 0.313455411366495 -0.0326942765768075 0.156066779527137
0.031542613183875 0.39753682644852 0.0864350744044729 -0.112709197202698
0.318473616582729 0.175489739858637 -0.0279150584646063 -0.224129953884806
0.298923348240895 -0.179416849063797 -0.0458462293309612 -0.150239820535435
0.0119116276813006 -0.257126521311908 0.00436293691653143 -0.103112974062474
-0.0819123563506325 -0.135257164088932 -0.00160546679979998 -0.0391284413719075
-0.120685212334508 -0.101935702006338 0.0642865400273465 0.0554340730552134
-0.119513521085746 -0.0904918431316236 0.134669966321907 0.100307863284487
-0.117334536164429 -0.0695298601451185 0.239340716536978 0.163442467651797
-0.0616584273325616 -0.0967524940803687 0.241144982468678 0.26696014833318
-0.0155975741328069 -0.130487126623329 0.21608798659515 0.403856593606894
0.114585627912844 -0.127621078196645 0.0101454439209685 0.519750960459465
0.151845576465796 0.0157111488237918 -0.3138956766901 0.482675052780508
0.0459590381112546 0.114444273326297 -0.521637815212129 0.279518535710837
-0.174782769809844 0.168571239521695 -0.688642467462518 0.100143008779404
-0.415403715407958 0.402306679114964 0.0627210549679375 0.113978547061406
0.0256137852768268 0.504146169701858 0.122960962076305 -0.0350238669430014
0.392155693597251 0.241305140990296 0.116121755568679 -0.182261712018834
0.390999034117697 -0.196437253407813 0.0544895824386251 -0.255086309976395
0.0481818943003703 -0.318559881401201 -0.0123444605074917 -0.223615856462304
-0.0901584033699184 -0.1903864999421 -0.0690901525167605 -0.112221876050082
-0.162939484190867 -0.154095355798979 -0.000462807579376961 0.0218755042742516
-0.176923110053401 -0.128976775307492 0.0855729420048748 0.061527492614583
-0.175750722888246 -0.0990326844738164 0.210342180721869 0.113540678710619
-0.108375715781993 -0.134664455342932 0.226808663230354 0.234484976286024
-0.0369299506381492 -0.199506137968873 0.206907671361929 0.399889584688727
0.190272942624551 -0.211891063710007 -0.0188606149464504 0.497152745274891
0.281795698558237 0.04097532254773 -0.313747805042116 0.420312201639031
0.0688008975566564 0.259407706710503 -0.410701858027943 0.247670665910354
-0.304411778073311 0.308218607016031 -0.546662411648961 0.115475338801175
-0.462494703810233 0.429995264524149 0.204466321736862 0.0923916927767909
0.0127264368049255 0.5124620929932 0.244761258600082 0.0280512803628315
0.37751847850402 0.254128975530304 0.284565248219084 -0.210218596798169
0.397275999558193 -0.162376941269925 0.129248998332859 -0.387647979039347
0.0838396387588766 -0.305644587986547 -0.050685560683562 -0.336664177177446
-0.06819958333146 -0.203640600388283 -0.137134283811027 -0.184114936191643
-0.171182549624091 -0.181219418840761 -0.073229679461937 -0.0277317355796176
-0.205592333760396 -0.149492565336694 0.0201945204230848 0.010365337465901
-0.218753694530098 -0.1149546639767 0.15483197576271 0.0665293848659652
-0.157437302426644 -0.169535633018809 0.174136907500522 0.208071133409145
-0.0616919115980285 -0.276448627563247 0.145072214951855 0.379329391158001
0.274056379640326 -0.294076960670475 -0.0757775455437895 0.416360153665132
0.407051029239526 0.0796796041928923 -0.279288571699695 0.298090041648518
0.0792608646465405 0.389608406456346 -0.264691285554532 0.196596742773383
-0.397573528713623 0.406868143819569 -0.372158789847906 0.092465258646066
-0.45101817002405 0.413955884765225 0.378267995686712 0.075834383239649
-0.00394065616492463 0.456138173242537 0.407648600914743 0.0220486011089765
0.305968121862431 0.240182185035245 0.397381946808751 -0.298910532245114
0.350325545127308 -0.0935366107437219 0.141176144912594 -0.49851973250229
0.109450726191107 -0.241362113976533 -0.0979636696112222 -0.404768786304477
-0.0363325768506027 -0.18276412587475 -0.189069158158835 -0.238686176467549
-0.153634240693737 -0.178602568151162 -0.14048593952231 -0.0863084266426329
-0.201630173167986 -0.149655632915716 -0.0535999198086277 -0.0420971070899154
-0.231900420354133 -0.120141911761081 0.0747662278234466 0.029452759617612
-0.18102181754697 -0.200096331750396 0.082752464189351 0.176799135776302
-0.0504852302777592 -0.333964141439969 0.0445895263121922 0.311366897261771
0.35850257926647 -0.311147190211804 -0.11092284700294 0.268369485155493
0.46543054901607 0.155620159432753 -0.173380562106959 0.172484041704161
0.0467963719858489 0.463317546873329 -0.115929618342831 0.180704355417213
-0.437755450895506 0.434313900596576 -0.198161724071449 0.0456632588940428
-0.376725679913281 0.362573926495252 0.547065869525868 0.0456575717070816
-0.0131132895796503 0.363873123139471 0.543943175273344 -0.0497617260084485
0.217273676854415 0.208631171507094 0.426617819583915 -0.391004667408962
0.277690843959061 -0.0269739335257722 0.112549913740686 -0.547293445867442
0.11467112528835 -0.16328820117235 -0.134269012467448 -0.424664270727798
-0.00966060750889353 -0.139380414496035 -0.2190394903092 -0.276965476151671
-0.116960530136657 -0.150352382600748 -0.192425720637746 -0.144069227887776
-0.165947640953993 -0.127759001623004 -0.120597833307805 -0.0853645614026707
-0.20540449137462 -0.112174773026393 -0.0147610514925963 0.000743659775905056
-0.156213609819893 -0.207862332796695 -0.0194010430464479 0.124631989354936
-0.000526036270695228 -0.325026229592241 -0.0369956268757897 0.190932613109815
0.388740931802286 -0.228976881934637 -0.0684539859360876 0.11067378254788
0.402087372105051 0.226431068685383 -0.0131352052675586 0.127640972621942
-0.0215783759517827 0.430324538516722 -0.0277856975288023 0.220417746365552
-0.405989677079028 0.374778385832848 -0.0518005164116155 -0.0191561165257333
-0.257434932943265 0.272629305091997 0.672165224154427 0.00597322661867804
-0.00706451856646318 0.251890388583042 0.622814127505342 -0.142222922696378
0.1356389738984 0.15695746849012 0.406575370647883 -0.455000445082769
0.189058588471302 0.011760503791856 0.0741307556291538 -0.555192816302282
0.0900211373542472 -0.0912757341376393 -0.160244984893241 -0.424810874736351
0.00348050623959805 -0.0834675186092505 -0.236346117206043 -0.301162114193665
-0.0683538058537174 -0.0998350369950185 -0.226924968506956 -0.186199126145072
-0.102327538641362 -0.0882022205396159 -0.171268555133213 -0.111003822557982
-0.137841214222403 -0.0865086528831527 -0.0931152840513795 -0.022770448840642
-0.0884041963816518 -0.168480720067702 -0.0946981413685788 0.0614131983867857
0.051125040720176 -0.228100252293085 -0.0611792220059476 0.0691949686824867
0.306360229786535 -0.0896073409064282 0.0249288849360776 0.0234594676150788
0.227462615679415 0.223032843547294 0.109800866871109 0.178480168353943
-0.0728376875843242 0.274580147773839 -0.0311051971477152 0.265238680081122
-0.29359460562546 0.232237253341 0.048313763966195 -0.0906415118005857
0.0145442537172113 -0.0445257056081794 -0.0665306885502602 0.243017898034347
0.0538762540191011 -0.0882471443406771 0.0833052229578627 -0.162428631695734
-0.02359791433161 -0.111907414281487 -0.129086691026529 -0.243792086778072
-0.105793569362615 -0.0360222099151104 -0.0999423254655764 -0.0515684891148825
-0.0443663185657835 0.0558847104452906 0.0140884629010902 -0.0290785667141945
0.0338317478996745 0.0551882211738016 0.0571169425263265 -0.00463727352801338
0.051403189962845 0.0286657101190848 0.10419538258156 0.0483420396082782
0.0418480784942875 0.0144422594519286 0.167996402519243 0.116223675146802
0.0142033280959538 0.0252718915714373 0.256773574912579 0.195684760379808
-0.016671123374413 0.0131929843596824 0.252728209055442 0.301878106071813
-0.0486979060310313 -0.00777153490214078 0.192481223507637 0.408445913069256
-0.0558346477545537 -0.042487457299621 -0.00525746124819336 0.51334913817801
-0.0461151876102337 -0.0709963136744796 -0.306331699464622 0.486215508025458
0.0391791687559674 -0.146229162246539 -0.605316081437779 0.245269785281016
0.133204718242688 -0.129220198427452 -0.772861225331957 0.0428105251815865
-0.148193436056062 0.169630377419843 -0.0714221387759334 0.212034480992974
0.0574896721034286 0.178365577447253 0.0757044775161267 -0.152777573773975
0.175011756084908 0.0294254438543239 -0.124252486132825 -0.251768882517592
0.105993080952904 -0.136197259391702 -0.115474113486884 -0.0744504319345868
-0.0367277445192523 -0.118187608256123 0.00683663998923689 -0.0286142729956212
-0.0425638418158581 -0.04086315403607 0.0450864587067242 7.15677764881472E-06
-0.048662390307852 -0.0304098427396824 0.106089720307423 0.0576456228028807
-0.0476546337703253 -0.0364086590367888 0.167407899509716 0.110743996635827
-0.0543438430593779 -0.0225484213241297 0.260277411319733 0.1796248220954
-0.0357177002321035 -0.0464822886986755 0.256630796617199 0.279347118104045
-0.0241754115345151 -0.0685576202992528 0.2188583247559 0.390081182251754
0.0298935429663258 -0.0769605992701026 0.0328222873914675 0.507624543014814
0.0425592994506617 -0.0239868425434662 -0.277637723806861 0.504079408798048
0.0322762603527062 -0.023848864514609 -0.558406053338381 0.30575240216879
-0.0177955423007317 0.0203014971302544 -0.753744108173775 0.117561915304015
-0.285226784175264 0.338207382963786 -0.0284351561892951 0.155816122376355
0.0610879387746834 0.387250912530283 0.0627622353497449 -0.110211826117366
0.327867334888326 0.147622469366167 -0.0513733422163652 -0.210311622017183
0.280307062515297 -0.201998139277181 -0.0577426870708785 -0.136933841232261
-0.0103988156797657 -0.253005715317484 -0.00395022281124407 -0.103946183535194
-0.0908018136321839 -0.12813088431095 -0.00647544030028455 -0.0410598160857008
-0.128289032311631 -0.0914885551974318 0.0659399539364254 0.0483381521457108
-0.127720433084113 -0.0812251060809134 0.139937289022364 0.0905869932799822
-0.121003205124314 -0.060913941591726 0.248411722290335 0.140291463801325
-0.0674013464279923 -0.0920378887637458 0.259026144797291 0.244094717074084
-0.0237937911555142 -0.12802093111971 0.241970179215489 0.377409226019994
0.104440881763876 -0.136071011094839 0.0488097738881964 0.504720767553324
0.152429389374546 0.00465920230445175 -0.26806036013288 0.495867490514365
0.0488439765776562 0.111084308959138 -0.482695850418298 0.315758988757419
-0.159094005381878 0.181666304205294 -0.667580353749597 0.161004599114734
-0.379850048707649 0.435495772138822 0.0633229141248998 0.106392040256804
0.0626899583570505 0.494041372202463 0.106482800414044 -0.0378447026451038
0.406227897638376 0.206498049319079 0.0933306458737972 -0.18261273377109
0.371666129763342 -0.22586635488299 0.0313907518301842 -0.24869474738177
0.0219775796779647 -0.317460992366233 -0.0309731063034897 -0.221378514688141
-0.101926976186823 -0.183468999494847 -0.0793783886334298 -0.106128155351938
-0.174546266549848 -0.139554256286982 7.44889634895503E-06 0.0208481888941035
-0.187670651222444 -0.115039898430201 0.0883864147538038 0.0548075154339952
-0.180493716840635 -0.0863300123683145 0.214189177815605 0.0932388126367464
-0.115468333631295 -0.126371991706934 0.241521444919546 0.212919286906017
-0.0500140645654674 -0.194162856590192 0.23453626321276 0.373352382074239
0.171652218672859 -0.225382071793766 0.020323449942471 0.487008696334985
0.282841111569773 0.0189818149370425 -0.273629756313391 0.43584297875668
0.0830798021080837 0.2521726401455 -0.376352506234561 0.275669692164439
-0.277510329189704 0.331304851657458 -0.526379937155911 0.161384324837917
-0.424724455281075 0.467946357999393 0.20354991688513 0.0727350848267371
0.0494890251346968 0.504238305297609 0.233688410233846 0.0132633977089251
0.393375126201036 0.223813079823711 0.257248851653116 -0.226362652622527
0.381222869265911 -0.191430810364863 0.0919892242384681 -0.386761868915828
0.0598281335840319 -0.306522592269671 -0.0782926771768374 -0.328636655591836
-0.0812838670658374 -0.198432258165005 -0.152035536300431 -0.17147963007093
-0.185009076109124 -0.165900766160668 -0.0757585384806856 -0.0227374500980009
-0.218849032603185 -0.13278698407613 0.0185650893928304 0.00884070980807639
-0.223558536208329 -0.0985480701849368 0.155197037795787 0.0507933041391712
-0.166793626527749 -0.156628909087341 0.188920544306136 0.192482607402253
-0.0805897869651624 -0.267060563266969 0.173332007085575 0.359334434006143
0.246090929992846 -0.314788374583776 -0.0430213976854079 0.411765475661646
0.409183403788554 0.0455042745905669 -0.250987463574235 0.314053925710602
0.103805100288145 0.379861557444985 -0.236749565503009 0.213161502173643
-0.36069059950235 0.437046424333656 -0.355189534897868 0.124735747318848
-0.412532218971166 0.449805866678315 0.375374430356421 0.04184051848547
0.0281712164586273 0.450118943444317 0.395394393096234 -0.00803546789681225
0.320966018696898 0.215638451671072 0.359067151442348 -0.325451085169017
0.342636527053835 -0.120659826987901 0.0951401055022035 -0.495946422733892
0.0910975160272095 -0.247246940592394 -0.12886426056635 -0.38906960034668
-0.0465354660898827 -0.180512614784533 -0.207052203031968 -0.221490157371001
-0.167411265279759 -0.165666536398624 -0.146418088625726 -0.0753289589944195
-0.214925985590295 -0.133559372663431 -0.0587049763633487 -0.0379176441672082
-0.23759220873109 -0.101841806697272 0.0731113708643444 0.0200725195939625
-0.19317966241825 -0.183414201879401 0.0968724208848032 0.169703205786105
-0.075959298527963 -0.324141648950251 0.0698490502422453 0.301523930087664
0.32879811827861 -0.341006027498194 -0.0916145171290364 0.269950434902781
0.474596623555214 0.114069523398798 -0.158487700408266 0.179431617985894
0.0784128869798923 0.456224928673665 -0.0898386803765857 0.183101706907904
-0.395838545899469 0.467935361453255 -0.185113836032924 0.0623124068356998
-0.34373463095739 0.393515258215252 0.540187680918603 -0.00235792106748395
0.0126883137882038 0.360694669437004 0.524923816866815 -0.0907044152809813
0.230955487491374 0.191584766763744 0.381946218472911 -0.41846552277916
0.2766304772344 -0.0489608224883759 0.0639211093341065 -0.541562905344978
0.102497467877706 -0.17115033482974 -0.164876758387929 -0.406997479711124
-0.0169638336886378 -0.138316463910035 -0.239583300219285 -0.257577197956946
-0.128365367819802 -0.138984842290913 -0.202108811546781 -0.128137421015239
-0.177299538888793 -0.114574441226212 -0.128388343402765 -0.0761251023669968
-0.211177273225919 -0.0960582197354822 -0.016023159161547 -0.00123483856165514
-0.170464631896253 -0.192355215925396 -0.00700049200890388 0.128037198211158
-0.0265441287437938 -0.319976508349044 -0.0211739132406226 0.190888466354997
0.365326993019412 -0.26246341024895 -0.0643455783799353 0.110299549120411
0.416846586358843 0.189916096252735 -0.00248529792788391 0.119243015527861
0.00943856393367536 0.429490447897082 0.00181493883965575 0.213346413641577
-0.369164120221465 0.407068220481522 -0.0451486432960046 -0.0137140251492663
-0.233053380147749 0.294292788617155 0.664160582585001 -0.0513032833616699
0.0104711641977769 0.24947332397931 0.593971952842001 -0.19210922171382
0.147625349804938 0.145760401068596 0.355386293845043 -0.478400040193335
0.190996902149109 -0.00340347661140904 0.0259070039039789 -0.543491672655915
0.0829137724933904 -0.0959877324864571 -0.187179024235828 -0.403467541062121
0.000312313326930578 -0.0824620120007129 -0.257054971474755 -0.280763330346353
-0.0761781447841914 -0.0927698380525146 -0.240011744011861 -0.167846524456515
-0.110859524139145 -0.0799575530121002 -0.180342146683268 -0.0981853279238836
-0.141841006585306 -0.0744860328665974 -0.0938053554085674 -0.0171458501962906
-0.101471873778853 -0.159381429448339 -0.0863490529857142 0.0722333529177902
0.031726443754309 -0.229628298591247 -0.0559969095151313 0.0730210878394258
0.295710591177345 -0.117195988871597 0.0207969150408798 0.0150453907202787
0.246682032672199 0.201340208018073 0.123096213997195 0.157216767964115
-0.0533028487547033 0.280006244296526 0.00415150373780115 0.258910577723678
-0.269464075788655 0.257979641189633 0.0487279998417704 -0.0934501806818553
0.0126571785242306 -0.0429484342801861 -0.0595977931487201 0.239829254743063
0.0446618351272457 -0.0924509993427573 0.0584213358270919 -0.152157062734227
-0.0326353206739082 -0.10679579589186 -0.142889921395515 -0.215407868884469
-0.107603284075281 -0.025743743321283 -0.0958778868239077 -0.0363852655382945
-0.0417386474103901 0.0571151099578452 0.0132595481535965 -0.0301724297822361
0.0359419085505433 0.0504729433300261 0.0528572805253089 -0.0118093060892244
0.0515795262845158 0.0254322922213479 0.102144674668667 0.0411746189526783
0.0411837267834688 0.0103533919484788 0.168233935148472 0.10542617499629
0.0156651951523801 0.0238541147893922 0.258794526321599 0.173731214997113
-0.0166767861070505 0.013660214253055 0.261253265387613 0.276887254712988
-0.0486559346457483 -0.00345336444711827 0.206693494247931 0.380333309580726
-0.0570830164709602 -0.0389399859418508 0.0229590433643118 0.489488694304738
-0.0465130254601862 -0.0655294784082921 -0.264371049805026 0.480080196279513
0.0274494199065866 -0.1425726121192 -0.562617690927759 0.271901029847167
0.119661673550275 -0.130977216454658 -0.742076766823561 0.0918499612810603
-0.131840926215455 0.175409117180731 -0.0657568293400988 0.209440864557566
0.0648213965650764 0.166769317844448 0.0514869685991044 -0.14348529045018
0.169395778958945 0.017572244044497 -0.139648534304344 -0.224457655766503
0.0917290335542527 -0.137527594203101 -0.112951488012688 -0.0567541755543266
-0.0448218059375042 -0.110974144922077 0.00550456056773109 -0.0296986063760619
-0.0434808373786637 -0.037698620539026 0.0417969867795345 -0.00520447112571736
-0.0487095533548833 -0.0264589266886681 0.103921466549339 0.049391949349001
-0.0501700000333255 -0.032957980752181 0.167236569162346 0.0997307423828897
-0.0531316450984193 -0.0195157114759643 0.260911276442436 0.156891211231359
-0.0375348482319695 -0.0428562144390275 0.26380357407886 0.254227476147608
-0.0270645200971643 -0.0643301378180431 0.231043099732035 0.360810735224416
0.0244484351567958 -0.0766744468271748 0.0589961514245127 0.480182738626454
0.0415315171484568 -0.0244646691366041 -0.235629559005777 0.496661835125307
0.0256291966829181 -0.0239816046712947 -0.51385652187054 0.329145956318011
-0.0174038038121363 0.0214622086890731 -0.719187450045472 0.163547857072408
-0.253958165612826 0.347894180216759 -0.0272310358740554 0.152296642033552
0.0798833704949366 0.368867357725394 0.0426649542994817 -0.102110285557822
0.325717609388732 0.122089903048889 -0.0683855225063855 -0.189457254441404
0.257377443045504 -0.212700316903893 -0.0621105797989302 -0.120797246941917
-0.0257572427634744 -0.242866754222233 -0.0103685743188497 -0.101804374344334
-0.0942594683897503 -0.119892743031191 -0.0107415046717984 -0.0402938287265657
-0.129883551623078 -0.0804358569016273 0.0649388611505077 0.0422496464949054
-0.131463575111349 -0.0726294789940822 0.138501143068009 0.0804322797218586
-0.119753540005661 -0.054390366014323 0.24630857207373 0.119795862102266
-0.0693884192050753 -0.0872316126939484 0.263595163706201 0.220980168915559
-0.0286526488127474 -0.122971909904675 0.252913723700555 0.346468377819063
0.0938517618731487 -0.138859660390446 0.0750513245322244 0.478115368351428
0.148472632213418 -0.00347291399570603 -0.226523723980644 0.490012592026806
0.0487951452494602 0.106268930685136 -0.439391359672403 0.332801598709406
-0.143625150348516 0.185772708914602 -0.632946584235288 0.199772160835077
-0.339773646785176 0.446482638721593 0.0590850512887842 0.0982339759860731
0.0874572611865094 0.472704644486028 0.0894274479598956 -0.0355342084807369
0.404858035613545 0.175862381991063 0.0729168775483508 -0.17423980269047
0.344994011171941 -0.241555834535393 0.0155117354013168 -0.234443647440352
0.00225032631999523 -0.306978680499267 -0.0448843484410114 -0.21314301412571
-0.107860196372065 -0.172823577196842 -0.086225726543941 -0.0977786784074626
-0.178117244518442 -0.125254221273427 -0.000533159373643476 0.0196290791023793
-0.192346890163053 -0.101237064609364 0.0865106307675521 0.0492165102110663
-0.178570135102034 -0.0750278686754879 0.209808868833913 0.0752631121307913
-0.11696956361255 -0.11734809588655 0.24571178202057 0.191640807124132
-0.0579091943101623 -0.184494775152131 0.245925916301896 0.343247170248462
0.153147099025441 -0.22904282976072 0.0454526139658135 0.463266347913574
0.274091548396562 0.0017495364393678 -0.235395924778808 0.433858345148817
0.0896452336703695 0.240883354125621 -0.33875528594461 0.285620940886505
-0.248367011955503 0.338229388691714 -0.494771782644511 0.190623815134675
-0.382135582212857 0.481520077857374 0.195588293436626 0.05688132554874
0.0746508726674299 0.485010104953953 0.217194947363039 0.00504520154194995
0.393634541916228 0.193824736744573 0.228314049169668 -0.22808458869095
0.359833613774133 -0.209061500194906 0.0628877020105448 -0.371077842440695
0.0409062857169084 -0.300032255692698 -0.0963402115598813 -0.312946727909473
-0.0875912051548186 -0.189654683588129 -0.159240761894624 -0.155862261310222
-0.189977700572276 -0.15053103950671 -0.0756956285334347 -0.0178378821440243
-0.223604881048302 -0.117122286354575 0.0160405469251212 0.00824391677748039
-0.221706231815133 -0.0844101872714174 0.149427417871309 0.0372666657447474
-0.168111918748852 -0.142645230196883 0.194359243971551 0.174477138329276
-0.0920870410280804 -0.252324080925331 0.187756694975718 0.334043591491733
0.218474186746929 -0.321145087024432 -0.0198606706406777 0.397195535356654
0.399897018720327 0.0196682427423707 -0.222200600189192 0.316152960082606
0.118536538960954 0.363599397463842 -0.207539803955083 0.214781497022212
-0.320906947292625 0.446092611697152 -0.3309239904998 0.144324120591916
-0.371860155376198 0.464778171655927 0.361183814011363 0.0156127370459935
0.0489941306487728 0.435064069304666 0.372650214261814 -0.0277621248774429
0.324714637473815 0.191604724809465 0.319572783328352 -0.330401264369756
0.327493800579185 -0.138015546382114 0.0595343032307748 -0.476219584212344
0.0763180868629303 -0.244149248766668 -0.147014643669633 -0.367333821826781
-0.052048669842456 -0.174403673170755 -0.214480111131898 -0.200872129272931
-0.172099062254873 -0.150709460542445 -0.147230227789498 -0.0645711497163821
-0.220359191279274 -0.117448811051351 -0.0617512475458702 -0.0330549414906406
-0.235249344005192 -0.0859963822611303 0.0691247642454016 0.0128051397829794
-0.195390769726191 -0.1668580320294 0.105490845248182 0.158210795937404
-0.0917675141852035 -0.307910842301345 0.0850154360243855 0.285194578351071
0.295292764153562 -0.352280314258823 -0.0765806192843382 0.263070637003157
0.466595491339501 0.0794253347850339 -0.142255580065006 0.179197118728703
0.100081296827276 0.438727314457317 -0.0670314383174667 0.175559699561486
-0.352947589406381 0.479512170356054 -0.168548336417949 0.0718885511034596
-0.309416372296172 0.405870353706001 0.518904171854293 -0.0364666151978864
0.0298591354574782 0.349598181419749 0.493889637731389 -0.116331946394987
0.236428359786015 0.173655490172903 0.336337299188969 -0.42303540486104
0.268404543230381 -0.0652248042644998 0.0261042178123075 -0.517004692190366
0.0921329749249665 -0.170926628951759 -0.17961347096736 -0.381369257346208
-0.0207945098732084 -0.134457381554689 -0.247533104962972 -0.234789504101331
-0.133006160613338 -0.126972427089859 -0.204847090268272 -0.11331444705565
-0.18136157810622 -0.101186067369396 -0.131457641474627 -0.0668692248962175
-0.208210086014144 -0.0809983479026454 -0.017078113314502 -0.00219998523083669
-0.175182653013955 -0.17645500299214 0.00355641671418176 0.126102883620222
-0.0452826251118226 -0.307301792992308 -0.0105268562419869 0.184924779632952
0.335336854391562 -0.281036965288514 -0.0615616740204462 0.107301366399453
0.418340845545309 0.15626914077937 0.00323170392390088 0.108341580764699
0.0327456087821522 0.417526839960342 0.0255021415566907 0.198740346010587
-0.329169619725206 0.420618729726722 -0.0370874815943916 -0.0107550854526601
-0.206848505928281 0.303737355979744 0.635808764244565 -0.0931852287608064
0.0232500942235349 0.24198741066136 0.552167552133724 -0.219281560896291
0.152726480169735 0.134241799649309 0.308790649336673 -0.478746529304734
0.18767626270226 -0.0156148204697106 -0.0093333890763693 -0.518787365445395
0.0766437039328765 -0.0968352085017346 -0.200426170569597 -0.37644287074019
-0.00213832106491853 -0.079517132507069 -0.264643375901491 -0.255688358907914
-0.0796823201058777 -0.084452164427077 -0.243405786654166 -0.14969750337474
-0.114115879291876 -0.071563087070169 -0.182193067168459 -0.0863117437295318
-0.141030526184873 -0.0641710789862381 -0.0914734514741072 -0.0126387229925008
-0.107320791665879 -0.147481623034284 -0.0753593090553824 0.0776497285925504
0.0163039165029751 -0.224228501116197 -0.0513802993480199 0.0739708206326611
0.277940136917346 -0.136062578975156 0.0142666791581464 0.0088771372609225
0.254554893473849 0.17767398196402 0.128852468125118 0.134430070337369
-0.0361835816967876 0.277451692891223 0.0321094045881198 0.24161032996915
-0.24316253451214 0.270196762285883 0.0491312255124714 -0.0935513017767568
0.0126714286621188 -0.0414300587003445 -0.0589179379456116 0.236476184993978
0.0374438546851145 -0.0944226539356558 0.0402986838083414 -0.139704500620542
-0.0375283945604252 -0.102634980141943 -0.148857317914592 -0.192211861605871
-0.107261975991478 -0.018408496858722 -0.0893054660016932 -0.0260878162109776
-0.0409566934050492 0.0585546481399461 0.0131792236878406 -0.0306167175769352
0.0365686382303053 0.0475548862488438 0.0488568414488921 -0.0170396524298576
0.0514767323124681 0.0222197737006792 0.0990162378667764 0.0370887681011277
0.039301140888877 0.00778300078188577 0.166916395609723 0.100389276348226
0.01654386980187 0.0225092198398278 0.256090283515778 0.161022133829199
-0.0170162192918745 0.0145896492009068 0.262474855187537 0.259570748096081
-0.0486875411524205 -0.000982626996419524 0.209865401869327 0.360147109794728
-0.0574103954810819 -0.0367145490455697 0.0372927334174779 0.468537500287392
-0.0452258078166687 -0.0626860271891324 -0.236894949328209 0.465512505033696
0.0203900669970688 -0.138146376813369 -0.529675844033887 0.282665003003189
0.110719023917066 -0.129678419000964 -0.714678990741809 0.118082837301792
-0.119246831860733 0.176916237892816 -0.066006678376786 0.207269892150704
0.0664315386615353 0.156864622242022 0.0336285350104162 -0.13090765502736
0.164030237105279 0.00946944499481603 -0.147612138924818 -0.200100606739324
0.081703677915268 -0.135565649868792 -0.106893214463618 -0.0441464175099609
-0.0496772921924384 -0.104167313572097 0.00550430210889408 -0.0299676237388976
-0.0432900848326251 -0.0358959094131873 0.0383853515962534 -0.00899578956338389
-0.0485056019332006 -0.0249935237942846 0.100327280877066 0.0447729815076117
-0.0518156058354372 -0.0314273165992017 0.164707483893803 0.0946905544554694
-0.0517334869762144 -0.0187960196211116 0.256643221990357 0.144159897274315
-0.0377653606976898 -0.042086139219952 0.264631317040272 0.238712477494522
-0.0284115430904927 -0.061990642309671 0.231585677317688 0.340216273775303
0.0208446023837482 -0.075862277294821 0.0714885702069187 0.458220757618337
0.0404224587310588 -0.024514975067218 -0.207770594890177 0.482833127163117
0.0206604897205591 -0.0215547818954388 -0.479515679499277 0.333806859484825
-0.0164198090415619 0.022885157865883 -0.688735073762023 0.187582020950466
-0.231397071614486 0.348525183317877 -0.0303292454262882 0.149353018577223
0.0883812921180335 0.352858831629826 0.0266993480136722 -0.0911991527504804
0.3200371753679 0.106173144454626 -0.0779992531275722 -0.170294978405563
0.240910363929886 -0.215659165137258 -0.0623942173527925 -0.107691817118809
-0.0347521840470542 -0.233089871618446 -0.0141200789158744 -0.0986253991326937
-0.0951438568543809 -0.114150612979509 -0.0138467755772197 -0.0392835420691839
-0.129045433680953 -0.0745018839538763 0.0625061697476141 0.0393115580705304
-0.13303534185879 -0.0662050334796101 0.135687712773103 0.0764777539364698
-0.117330456265101 -0.0503354526269677 0.240440277300166 0.108016510071063
-0.069496537254693 -0.0843064806691687 0.262436768992345 0.205837674260679
-0.0306710564835026 -0.119073718678302 0.25325391867107 0.325732896597679
0.0871013280855169 -0.137769247624371 0.0863684395888085 0.454966108091346
0.144650330674094 -0.00711823090841287 -0.199886857027917 0.477212624709308
0.0463678010687227 0.10407306515205 -0.407679510381066 0.334218529546296
-0.133384086606991 0.186528598753923 -0.602996111697344 0.219203357619145
-0.312185767580621 0.448739063479273 0.0535937873263297 0.0924888572342878
0.0999071819187463 0.454263968752631 0.0759996882983243 -0.0284027701827346
0.398528015055216 0.156430607663383 0.0591871909447068 -0.162149729099387
0.325646985754384 -0.246924900681776 0.00765857070825655 -0.220227213454821
-0.00727705241751957 -0.29694208076254 -0.0518782446222816 -0.204871089123916
-0.109817702403424 -0.165906149030557 -0.0888561144819346 -0.0915295379058553
-0.17779750503898 -0.115983991332053 -0.00182793328481635 0.019060898457661
-0.19370072833844 -0.0924081493211081 0.0835451456510438 0.0463610324607985
-0.175734136144553 -0.0692307677134396 0.202835786295903 0.0649622173656133
-0.115653145796772 -0.112131845174107 0.244310915126097 0.17689310158835
-0.0601373394603352 -0.177870480331269 0.248176761780969 0.320883880194682
0.140149564923162 -0.227485016357927 0.0592186590739398 0.443192185316202
0.266678073695081 -0.00751538329609708 -0.211343568172474 0.425266319794613
0.0908339458299591 0.233249801071821 -0.311777820206617 0.284272104292062
-0.229376377515046 0.337906040675228 -0.468907616262988 0.203834714305874
-0.352909958374812 0.483810619201028 0.185150285666516 0.0473114176890154
0.0857003349298335 0.466723044945753 0.201645586747911 0.00400697804845056
0.389557582197566 0.17557417684172 0.207555960462993 -0.221722101291658
0.342356424308311 -0.216460502124955 0.0478902648909359 -0.354490268391054
0.0312379375373302 -0.291690567923263 -0.104967836305622 -0.298229107254871
-0.0891559672158997 -0.18451031169195 -0.162321264766062 -0.14423414770275
-0.189648300583012 -0.140594298860379 -0.0757994472436001 -0.0153331115763153
-0.224840683484191 -0.106416942427404 0.0130966328384989 0.00885369713688247
-0.216890405658756 -0.0766846283141798 0.14228506528151 0.0299385248127082
-0.165518198396898 -0.134268017221328 0.194214203846319 0.162188667329723
-0.0957942078056297 -0.241498253109761 0.19190974173033 0.313880589312508
0.199721012637037 -0.320555983097659 -0.00831767582556337 0.382804130536559
0.388663161711043 0.00392721873799997 -0.203789821081801 0.312796958799599
0.123579349104437 0.352075754707913 -0.186185930767145 0.20974293160258
-0.293480384895648 0.446803666502395 -0.309808651523539 0.151590770974618
-0.344469212218119 0.469914355294356 0.346084859691576 0.000257276262939561
0.0607210860553156 0.42179405885814 0.352764958194296 -0.0347208690589342
0.32126009966089 0.177632334377977 0.292154012126901 -0.324759323090496
0.315516299382212 -0.146119647606349 0.0404744397979844 -0.455119005095559
0.069334268510474 -0.239456437810151 -0.154462730684741 -0.349715654647764
-0.0536208551316788 -0.170160629230546 -0.216226432755048 -0.186341981205954
-0.172064342860994 -0.140832090798412 -0.146920405796211 -0.0587612683742498
-0.221243458165252 -0.106706538484662 -0.0635468577486534 -0.0291719649882382
-0.230201974104965 -0.0783920843097284 0.0637210232762943 0.00868840911946444
-0.192752314185214 -0.156139414596396 0.109407981479199 0.150469266322168
-0.0995885514770032 -0.295699885242064 0.0919624299465753 0.27329954962568
0.272052469269254 -0.355962588209211 -0.0700350022184908 0.256552867697163
0.457048631969029 0.0592975842848756 -0.130933276830221 0.174803825760864
0.108902435583505 0.42479449697354 -0.0499420449880429 0.166029469020411
-0.322695195651919 0.480515238880353 -0.154981695635164 0.0762291538414073
-0.284115049177586 0.409422839291683 0.49914573419277 -0.0568231171024176
0.0393189700678869 0.340167590204838 0.465334177775225 -0.127423668000633
0.2355829633128 0.162784900060539 0.303160498506602 -0.41454024291832
0.261011013854341 -0.0738041083741531 0.00746923713448309 -0.493478633196253
0.0868133239829158 -0.16998652654019 -0.185045526756999 -0.360603103055824
-0.0206038099142384 -0.131779475892196 -0.248344505277625 -0.218562410549636
-0.133397141224826 -0.11852288463527 -0.203682509283058 -0.104156560721144
-0.182945902830329 -0.0921122594608154 -0.133065274786967 -0.0606395586332311
-0.204153414121815 -0.0729398123631648 -0.0191107382992967 -0.0034445312369519
-0.175007201147088 -0.165074335624899 0.0104985431821727 0.123718389712072
-0.0549023602192322 -0.295844992264462 -0.00422274479507542 0.180239219289823
0.313300775898176 -0.287905554785803 -0.0626482036651293 0.103971217617239
0.412300014958041 0.134716805973249 0.00706338647612358 0.0990558721872651
0.0437794822314186 0.407613136449784 0.041213333924817 0.183790906595382
-0.302545507281587 0.42244876896255 -0.0295708921401571 -0.00956773429453013
-0.188094441867739 0.305996180991007 0.611039170873522 -0.117271575237161
0.0303626471503141 0.235790101487467 0.520864301442577 -0.230177974258497
0.153960736937719 0.125970832583696 0.274449804074687 -0.46657740084499
0.18491285408885 -0.0235780860759588 -0.0260463129003087 -0.492531461816604
0.0744300787104991 -0.096029568148269 -0.202255519747832 -0.357645576632244
-0.00073039465499098 -0.0777662406876799 -0.264775472645416 -0.239419523282672
-0.0800910118884427 -0.0780515076437541 -0.24257796769468 -0.138496451697907
-0.115757022098192 -0.0655113463934931 -0.1828133342477 -0.0786059788339808
-0.138295970035139 -0.0583551651158469 -0.0890805556855914 -0.0104334989194286
-0.109048097910201 -0.139899951872985 -0.0672542413804051 0.0804874938821342
0.00689722766166962 -0.217967326003886 -0.0489928438950995 0.0743245044783972
0.263660947224216 -0.145487366939252 0.00733823405285834 0.00481920240446788
0.255192591722049 0.162026295540479 0.129514808587217 0.116526431223735
-0.0274851318508788 0.272773227142682 0.0500350509368853 0.225448113771798
-0.224257398417499 0.27414410938552 0.0517589234773212 -0.0932833155864058
0.00439161010060339 -0.0408372900528169 -0.0138068701702633 0.25462038547396
0.0106114229036876 -0.0997590091500388 0.0081586590143427 -0.137438423652403
-0.061109366937201 -0.0882479226303427 -0.181086634381445 -0.15335678772254
-0.106808697897211 0.0110846894923296 -0.0890760496973229 -0.0108535326164187
-0.0285025920766139 0.0661041165591392 0.00338361680558628 -0.0331451689598554
0.0436618433189752 0.0365034397516066 0.0405723583627203 -0.0246413327687614
0.0544639582253171 0.00957784496420874 0.102320337929103 0.0225280772227221
0.038845027372321 -0.00044338494210177 0.183753134199356 0.0673331402060924
0.0224692031704424 0.0188943521123255 0.285895541739937 0.106692377824605
-0.012343146939154 0.0213658300421683 0.316765714992207 0.200986490395481
-0.0452926256142438 0.0144131393192773 0.282679865121539 0.309129945878164
-0.0676670818629165 -0.0171756219953275 0.140656480421637 0.448239093658273
-0.0593753712848278 -0.047394712896161 -0.129932280278356 0.505589231342956
-0.0203477515774682 -0.13862900675819 -0.450674215286668 0.406719106313819
0.0695550956807236 -0.15051704452043 -0.680237433352044 0.282917011314586
-0.0736937719717749 0.189682593378543 -0.0433367040373261 0.229201593732243
0.0921990335926301 0.131004490997174 -0.00634338660416469 -0.118310837741468
0.151501265179765 -0.0268458998335599 -0.180688614717495 -0.143510794224524
0.0431628307844547 -0.142665276250987 -0.0958982403564718 -0.0148150049679999
-0.069514299150393 -0.085234452197047 0.0017538132061284 -0.0393527134383558
-0.0481790706674017 -0.0262950980219563 0.0332987726216636 -0.021374480815203
-0.0491110049672253 -0.0128242659077736 0.105932828596958 0.0209952402186526
-0.0558358883972815 -0.020460132599477 0.18040938159258 0.0623370367988274
-0.0503274908789451 -0.00814428465972387 0.282861371442685 0.0911462750979393
-0.0427558829161608 -0.0299922048712479 0.315507804512958 0.181336404242863
-0.0373796655619214 -0.0480350659302162 0.300678925431229 0.284970262833832
0.000726083692145496 -0.0695992544591356 0.169184059533242 0.432657694525995
0.0289547083405146 -0.0283096063288376 -0.0990379910337962 0.520550961348922
0.00411744284411391 -0.0250778843822019 -0.392712848493575 0.440251347227422
-0.0213929868943513 0.0253424545450665 -0.638743045905938 0.33228158067879
-0.144693157670681 0.371972559014225 -0.0318587626594677 0.165111066130304
0.155429937148326 0.311769337513028 -0.0116666328651163 -0.0701420036257205
0.319311385727418 0.0300242956429263 -0.104381335285802 -0.113443360802572
0.174580794174136 -0.255474107628715 -0.0541445966633544 -0.077704191486563
-0.0834180955873308 -0.211055137535574 -0.0252300218522119 -0.1086636230011
-0.113744976652571 -0.0905168630665173 -0.0216047327751646 -0.0445220541652669
-0.137099648058508 -0.0420460034050217 0.0694859772013317 0.0156065196609034
-0.14106019066737 -0.0385661597600538 0.147956695123438 0.0492768672806295
-0.119658013046321 -0.0266782933849849 0.259515453222292 0.0586711853242822
-0.0802006318682202 -0.0663247115208714 0.307232233135893 0.149300008819161
-0.0485019934889397 -0.1017908545905 0.319573077402652 0.264611412698465
0.0512456203875306 -0.14145277332692 0.183487354035779 0.429234320553861
0.12901062389659 -0.032338546059977 -0.0931982014945316 0.519154642309599
0.0548293082468952 0.0913307383739498 -0.326075135420873 0.419566021129441
-0.0991717920859561 0.209486190368338 -0.545990195171024 0.331937737077072
-0.200526456759069 0.482963955755618 0.0327277282798594 0.090697574774202
0.186740029196438 0.40574639751915 0.048033874863133 -0.0160384091746983
0.405371919538679 0.0604109436895024 0.0326015665737093 -0.128458404535096
0.248313565021778 -0.306938094599699 -0.00512333582987773 -0.197736955672253
-0.0716114617926492 -0.278471514522718 -0.080610303165341 -0.205432110786308
-0.137563626627141 -0.137112229056555 -0.103687344825279 -0.0819670474317622
-0.192957931702025 -0.0713585683282425 0.00583230678502917 0.00342399757357374
-0.205379242256478 -0.0518231519520086 0.0904485208307308 0.030100057706714
-0.178532068479704 -0.0338247046671563 0.213423333892095 0.0242764170627698
-0.129080079952776 -0.0851101987320382 0.285095492202096 0.123205193522767
-0.086201771754034 -0.151210960596375 0.31584799124322 0.261677915279709
0.083195318869169 -0.238442066454415 0.157672664002199 0.426429659723236
0.243795911530271 -0.0577046983839837 -0.113728922316666 0.476585696608993
0.127155540064294 0.20781969999443 -0.24826171850468 0.34090377430651
-0.156639764227388 0.377690624327076 -0.418138045618354 0.279685647188279
-0.229930087534969 0.523784978645707 0.15254963517723 0.0148601510646117
0.178158499178398 0.419832279073467 0.180282334104328 -0.0109247959291636
0.401543421435371 0.0794068662381072 0.163553252783074 -0.219057248553591
0.269378599010288 -0.284028817582328 0.00523413792142084 -0.336468036348841
-0.0342322766984455 -0.283765118585319 -0.150235880193651 -0.283945699680599
-0.122023041349205 -0.158620010567774 -0.183961582484408 -0.118221775807087
-0.210181015720289 -0.0909181687368461 -0.0716277125849163 -0.0173720784941033
-0.237652410873276 -0.0580603775856782 0.0137418980961521 0.00664602753948062
-0.219811815149666 -0.0334115577504187 0.145789716320065 0.00189075912710838
-0.18093339126984 -0.0956804623784653 0.234329646549592 0.118358241688201
-0.132450707005788 -0.204654930194007 0.26189264648959 0.266212256041776
0.119258038679276 -0.339718935712107 0.0793030646128058 0.38564132902023
0.36207300113306 -0.0738847814381071 -0.135522075589953 0.368528779493397
0.186991478198674 0.313940540966605 -0.146742171028197 0.233182024929918
-0.193589041142788 0.496968507962807 -0.270004427755342 0.184990844324187
-0.224125536094794 0.508370109824655 0.307079506597227 -0.0684460962077371
0.145004069892386 0.382050091104874 0.323655076348337 -0.0862213182637419
0.338686452311088 0.0958658564352137 0.221462074965727 -0.343493268033674
0.259492067042254 -0.212794446188549 -0.0301163545390758 -0.43310148685668
0.0125006512008909 -0.242957691671938 -0.208795208814933 -0.319571543008458
-0.0856983386306053 -0.152979013029385 -0.24429819612887 -0.146562745724909
-0.194402758574115 -0.0947455158962545 -0.1482617227111 -0.0447283604249581
-0.235042379745818 -0.0587155589721166 -0.070157151555166 -0.0154255789962049
-0.232800601304006 -0.0313841108482541 0.0651477624270664 -0.0034713896680757
-0.211614359532877 -0.109971375343974 0.149603925707928 0.125355624735056
-0.148141775998262 -0.253203545922469 0.154701491934803 0.248974633490399
0.179899507476378 -0.390694073512722 -0.0103743752889715 0.277367420973962
0.438775491794862 -0.0379781493145759 -0.0989352447468514 0.217973155300581
0.192837933956369 0.389718331120712 -0.0240937019474957 0.15157086752677
-0.211474630634207 0.535446585430352 -0.13217935899164 0.0735529965872739
-0.179864093476447 0.44077797679677 0.453792178781658 -0.159129942239349
0.107389303158949 0.307861654606001 0.420014952024869 -0.206606485440116
0.25486263227906 0.0997861454413958 0.2103133095171 -0.440902813133142
0.223998139031735 -0.134003316086415 -0.0758055633825279 -0.465610240958563
0.0436442610331212 -0.180376125811982 -0.242045314920705 -0.320426236965444
-0.0459739553639348 -0.122024821468765 -0.281968765034121 -0.17025097183309
-0.153213602554481 -0.0815585970346258 -0.21330935588041 -0.0743464653982297
-0.195761600302688 -0.0526299851061641 -0.14415990729471 -0.032059046374502
-0.20700453479323 -0.0310070410854518 -0.0184847317780102 0.00173303199581481
-0.198772590784797 -0.122925720455877 0.0473288602225798 0.121322448700279
-0.108587749419294 -0.264324661706067 0.0397569625713316 0.180063316694042
0.234111849729872 -0.337290326184868 -0.0401490481953151 0.126577117645111
0.414913190785289 0.0421946938054252 0.0177580235478073 0.106704725848299
0.128372726341834 0.387728074676852 0.0751250438037455 0.145211338313747
-0.201439441699756 0.474854834074393 -0.0241214903427021 -0.0350352081875956
-0.110110198771447 0.325854202065202 0.562795540470568 -0.24448086341204
0.0758780890478269 0.211340997171456 0.45659824959131 -0.325090361335957
0.170079848627523 0.0822713187486209 0.168766983491789 -0.493087894860039
0.163294108351923 -0.0698577699849951 -0.1140174927876 -0.462454884655975
0.0470900367464294 -0.107745822161502 -0.261320122545009 -0.310476593093814
-0.0158410222831035 -0.0727360035239263 -0.304919574305033 -0.185242817644192
-0.0938111954954747 -0.0550908341875879 -0.261301148835229 -0.0961682458688625
-0.12610475587211 -0.0398348138421671 -0.195851168170826 -0.0403034948711021
-0.141942258299478 -0.0291580488862784 -0.0887714995079586 0.00808175273915127
-0.132293622381914 -0.110843079576744 -0.039550771768697 0.0967125613471181
-0.0367742658154301 -0.204282044649885 -0.0295694080515131 0.0868389257210792
0.218037542677772 -0.193484653064497 0.00228235464904647 0.00999705699664209
0.274099121935734 0.100324226743447 0.143035822050925 0.087685561062922
0.0304469418966214 0.274313387983972 0.102277842495279 0.187958077441237
-0.155655851743316 0.314836670149782 0.0397014171307375 -0.126209015066366
0.00498400851702305 -0.0414912351586305 -0.0128842565242195 0.26314314085152
0.00315472958201228 -0.102705806146997 -0.00285270748727406 -0.125782528925385
-0.0679830329441688 -0.0871199332209143 -0.185901047184481 -0.135074486781093
-0.107922580510329 0.0178350623095607 -0.0829961644547152 -0.0044672301279338
-0.0273259101637593 0.0717866023928501 0.00405516583822369 -0.0359755923751512
0.0451928175144366 0.0359558802234533 0.0362614341575768 -0.0286608726407023
0.0552540193953589 0.0062644066711714 0.103220568629451 0.0211217089030438
0.038396749313529 -0.00188724746456207 0.1910788543661 0.0661629031002358
0.0232194018760843 0.0173490428702508 0.292011223201786 0.100437379408572
-0.0129373299239237 0.0226093639501246 0.32546641179591 0.19316934663637
-0.0470571537214243 0.0169810821710534 0.291707732985075 0.30385751106487
-0.0703441956044686 -0.014940706649947 0.152123841070973 0.442164466729841
-0.0594906163666646 -0.0473497436333261 -0.113600061980243 0.507123336483946
-0.0256052520199325 -0.137483194577408 -0.435526655269363 0.422168170055436
0.0657006904377396 -0.152160207713321 -0.673388222392547 0.311975792968807
-0.0649345728685898 0.194261795979367 -0.0439488688336097 0.238127814573423
0.0936440732914627 0.127456816242798 -0.0170812569883054 -0.105420279382414
0.149742598245692 -0.0330709567178367 -0.185492203611322 -0.124734082448195
0.0376818241250519 -0.143665983152648 -0.0909666758567269 -0.00741603918080157
-0.0740061158771358 -0.08050681632139 0.00218436435244754 -0.0412655723104264
-0.0498066844709687 -0.0252828872444055 0.0305040148371188 -0.0240004816762828
-0.0502820082160293 -0.0122174193429062 0.106930233180111 0.0193926039380979
-0.0587452550505644 -0.0187794017506042 0.185529095862785 0.0610116685453071
-0.0514437396051074 -0.00799709387844893 0.288307798343715 0.0852417878054227
-0.0444160911142563 -0.0300359543066623 0.323760239274944 0.172859449618754
-0.0393815960727275 -0.0475000249618669 0.308549479175798 0.278025828230734
-0.00152176871451412 -0.0703950700504129 0.182196887435893 0.425821561075628
0.0297786678831442 -0.0293265385164906 -0.0818684963319324 0.521114614181263
0.00100903041593095 -0.0230521214301908 -0.376975506986613 0.45189394897116
-0.020498894020733 0.0280362256105946 -0.630264824539753 0.360658162873397
-0.129867998790713 0.381786775770195 -0.0347747017960123 0.17229239284151
0.164505448734363 0.30802129222076 -0.0209858562979804 -0.0577103163495247
0.322176346903187 0.0183399127937229 -0.109253712587783 -0.0979183069231414
0.167084902221541 -0.263629073507928 -0.0521888898716759 -0.0714574086209121
-0.0905531360575266 -0.208380549962304 -0.0286282755707622 -0.108657602825737
-0.117837976176495 -0.0889177651378462 -0.0258634280464773 -0.0448143232684144
-0.139778362609397 -0.0393296592869484 0.0694170944609888 0.0149464907058297
-0.146141221713398 -0.0337352710281659 0.15194658124615 0.0482217983833285
-0.121850346477144 -0.0257721942374399 0.261821924605682 0.0524154532189262
-0.0827338548218584 -0.0673867630676676 0.313244060070502 0.14132947672923
-0.0510780291759726 -0.102531455404717 0.327131689754818 0.256041052790444
0.0473911695384213 -0.144689122646426 0.195411925330514 0.423545580484354
0.130011939103767 -0.0357463564364947 -0.0743124975577146 0.520010037600205
0.0558166234240546 0.0942697712353451 -0.310354469903065 0.428270707223404
-0.0922705910955762 0.21589217156196 -0.536121109588361 0.356155090522215
-0.182216861218331 0.494761297701268 0.0282002167290946 0.0938336393947596
0.201276742919238 0.401799979141368 0.0410207779613348 -0.00592168322937473
0.410819826597909 0.0466424721860267 0.0277867600662372 -0.118067134680874
0.239189651144625 -0.318087573795104 -0.0073960901837715 -0.193854397037166
-0.0805931680686802 -0.277843850045057 -0.088486956316066 -0.203988163503868
-0.143030682437172 -0.136331714536455 -0.108687072839607 -0.0785363997651208
-0.197230525964701 -0.0663193505676191 0.00431040455974264 0.00406104679445103
-0.211806690763152 -0.0442850404312648 0.0926681052435955 0.0301381237932217
-0.182385061732867 -0.0314870562734237 0.213007764338631 0.0199740556385322
-0.132083940230681 -0.0847872428581067 0.290328637502938 0.115543417661528
-0.0896728960877447 -0.151353212586527 0.323906795533301 0.2517429709996
0.0758943969005752 -0.243227775400422 0.170398096766765 0.420816025694039
0.244927745893518 -0.065596108867097 -0.0973000149479169 0.480062000959338
0.131939339542765 0.209507178115186 -0.234355031218472 0.346276304965764
-0.144283375040632 0.389256444434725 -0.406387273255157 0.297530672798843
-0.211849778228047 0.538424319705087 0.147683472537843 0.0118154918122149
0.190873897674884 0.418202861290709 0.175168191462972 -0.00817576548744031
0.408230905538462 0.0673603601543976 0.154761463360812 -0.215620835220675
0.263504820341662 -0.296389971077101 -0.00284742690906456 -0.333014348437398
-0.0419046386297195 -0.285413681047354 -0.161622764439619 -0.280144884820179
-0.126525211162829 -0.15942292302762 -0.190189482470766 -0.112396514797635
-0.215603313563306 -0.0859809341183427 -0.0735343264125148 -0.0147769980843376
-0.245692927173353 -0.0495988058945998 0.013239102487899 0.00855792330385095
-0.223289160403612 -0.0286397804441629 0.144078450414217 -0.0016603042303647
-0.183484436313472 -0.094001050902379 0.240235240911391 0.111601130150207
-0.138799529385057 -0.202326311243588 0.271756942600312 0.258612529179556
0.106988990945118 -0.346700929151012 0.090433852060516 0.386059662073653
0.362445879346628 -0.0872122105960427 -0.12287242185129 0.372259554915935
0.198196905443329 0.314611993935473 -0.135757430199066 0.231937453957258
-0.177184622377081 0.509835840594485 -0.26189169052635 0.196696821868429
-0.206219933393005 0.524944529442712 0.301732871988422 -0.0792793743973387
0.156470342247287 0.380657217388715 0.317523927546814 -0.0894612225471115
0.345572716576448 0.0853561199404703 0.207885303688855 -0.343513936897491
0.256431558597177 -0.225487748834072 -0.0425334022258262 -0.429266743994999
0.00671404809770172 -0.247860356562548 -0.22019137454632 -0.313955417967463
-0.0888382405254957 -0.156048451350631 -0.25094113994898 -0.1390050486847
-0.198885079264258 -0.0913411035243012 -0.152622238321055 -0.0399782745695252
-0.242435456417742 -0.0506441203772253 -0.0731341042481576 -0.0116756102947262
-0.236232862682128 -0.0258146397657009 0.0622832815918951 -0.00440394177455151
-0.217091051968887 -0.106521244475833 0.156971443313848 0.121925559548278
-0.156428577601621 -0.250809420826652 0.163996918326357 0.245575267898294
0.165995428007594 -0.401137874489837 -0.00425232442436769 0.281290775767161
0.442304710186752 -0.0551980502162481 -0.0928313996526139 0.218542443475068
0.205569760682606 0.391246091630982 -0.013820816371746 0.144796699093659
-0.193183894151926 0.550587393075106 -0.12430580048222 0.0773935285270895
-0.163092843276095 0.453103003647171 0.448344413447608 -0.177164726011696
0.117330980290073 0.30819845921319 0.411415680690273 -0.21510854113529
0.261971697466796 0.0929254835613741 0.192908362807027 -0.442672315550186
0.22388909476935 -0.145000775487269 -0.0880538799084334 -0.459881112371264
0.0408811890197299 -0.186299330502209 -0.251907546073252 -0.31515186306114
-0.0475069473015885 -0.126154030099663 -0.289809177819334 -0.162352302002219
-0.15605978875914 -0.078240895459836 -0.220617425179224 -0.0688833654948058
-0.202551371709545 -0.0452855970018347 -0.149121200084535 -0.0267816642728869
-0.209819161927203 -0.0260692131534061 -0.0208716716325837 0.00237907900063187
-0.203585473524211 -0.117665055517713 0.0548355821308456 0.12070435610956
-0.118868455174033 -0.262642071488168 0.0454719234092954 0.181470213016285
0.222428429412229 -0.350523811313002 -0.0413912120875996 0.13036574019988
0.422765815658481 0.0261364079878808 0.0185113024530091 0.100216783455968
0.142637993546726 0.389484759945355 0.0863390064592201 0.132952035097067
-0.184147788787877 0.488660564453511 -0.0188219597314708 -0.0376790257568618
-0.0960214009448149 0.335116844897527 0.554927720873742 -0.268082000296793
0.0839331645366399 0.211427732164555 0.443096364722822 -0.337668103789489
0.175605268367618 0.0782386501425854 0.150653994613063 -0.493353823487272
0.163331092016096 -0.0775763959110495 -0.124506769262498 -0.456967538637332
0.0462367609190329 -0.112053149602827 -0.268354541168875 -0.305075371847608
-0.0148406378520431 -0.0755700559775341 -0.311825824221013 -0.177449862145511
-0.0955385514781616 -0.0523733301460209 -0.268677962701932 -0.0894516659745109
-0.130165065533619 -0.0352368208339778 -0.201356514593952 -0.0341224541062413
-0.143598376908895 -0.0259132471701006 -0.0896930948250539 0.00964941130832623
-0.137844468292375 -0.107879637897224 -0.0324075031619593 0.098891143154065
-0.0441314165591628 -0.205828913772746 -0.0280690122573052 0.0909492147312941
0.211261678143523 -0.205082500575064 -0.00375340320275143 0.00999879367108966
0.281504040843332 0.0900522250956089 0.144545756075402 0.0736024690502606
0.0401489586226705 0.27892095660917 0.115857111368974 0.174353352351559
-0.142878651947139 0.326370677382586 0.0431906591549895 -0.132769599380645
0.0038640406047284 -0.0423671485484392 -0.00392693478695594 0.273223063858619
-0.0074585246911285 -0.105337149717401 -0.0153877132574209 -0.113335475519217
-0.0767394625281074 -0.0825950683078036 -0.192396223424388 -0.112478109623555
-0.108473679686501 0.0286253296022932 -0.0768197660752398 0.00283453385508699
-0.0224340033254136 0.0786762240973143 0.00316087161346899 -0.0400093096666504
0.0474102869872318 0.0336058110447299 0.0314203303211005 -0.0318834801656506
0.0561371613888539 0.00237207331620278 0.105557515271164 0.0166731121341713
0.0385092418004462 -0.00423397922199235 0.199909209285127 0.0589998701128636
0.0247631013547184 0.0158155798648275 0.302705748864295 0.0874235441997689
-0.0121992001139816 0.0252922839362666 0.340539984148034 0.175719021445383
-0.0474081605506637 0.0207930617738686 0.309619261850169 0.290290319671722
-0.0732642059160946 -0.0107048148890951 0.177161857245638 0.432887193367308
-0.0615012431481462 -0.0459051669111127 -0.084560433174727 0.511823899015216
-0.0346294612474099 -0.135817672081796 -0.408469871884468 0.448205616650867
0.0577658987253233 -0.156531516668517 -0.656177840943132 0.360084995071673
-0.0518190986097306 0.199536967283084 -0.0366758931634198 0.250464513509523
0.0994885636319398 0.121482743186566 -0.0292097247179249 -0.0916447474022761
0.146542831454945 -0.0429110029614669 -0.192044536662004 -0.101399950590969
0.0292868149848352 -0.145924917279441 -0.0852641156915637 0.0018967144261398
-0.0790193516915413 -0.073316016209632 0.000662476123515228 -0.0435975265227223
-0.0517541871464044 -0.0232733340768614 0.0262177687083795 -0.0262160884099717
-0.0519796955775906 -0.010718679421675 0.108650519727891 0.0146625128354665
-0.0618845467715457 -0.0148222747518741 0.194299224935648 0.054175699193446
-0.0532129953548399 -0.00691600936499379 0.297225729340855 0.0712706995136477
-0.0468076381090854 -0.0291931158836571 0.336503375977387 0.156761217247678
-0.0421907370683259 -0.0463030342848723 0.324431928807251 0.263261205524715
-0.00573546851570136 -0.0710456258470224 0.204834092374677 0.414635799969287
0.0296382858304714 -0.0316799021070528 -0.0517696283587539 0.525184384231614
-0.00242462450403442 -0.0199426912311454 -0.347463763216226 0.474338714054739
-0.0183725587347747 0.0307899641627525 -0.610245347858698 0.404846585211496
-0.104073747099207 0.39296636485955 -0.0314996182434375 0.18242845224515
0.181737033179261 0.29951012580576 -0.0292592004430759 -0.0430772540195519
0.325018643347316 -0.00235136615135884 -0.114535443445921 -0.0793706682165435
0.151530005472798 -0.276737090536556 -0.0508322294704526 -0.0647362149651916
-0.104866857011797 -0.202012977534196 -0.0353930772039722 -0.108510321873641
-0.124074492387817 -0.0837803928194909 -0.0311745454943867 -0.0436120966003777
-0.144396787182311 -0.0327983960169039 0.0701090002327068 0.0124556816888361
-0.152262146560949 -0.0242339980496016 0.159164800490197 0.043215779905114
-0.126119448254813 -0.0209001099891305 0.266934882725262 0.0397321177416408
-0.0879623005406301 -0.0659338897896557 0.32440382498108 0.123793722537886
-0.0573031446582459 -0.102432851817449 0.341954957192093 0.238523665167269
0.040094992795615 -0.149472374191056 0.219541263584088 0.41058630240612
0.130617385238659 -0.0430161571810829 -0.0430013817637252 0.523498083597155
0.0595189512127758 0.0960783744558411 -0.2810377723112 0.446289313913566
-0.0785894033293673 0.225716964110135 -0.515384360017213 0.394878185465377
-0.149530614158121 0.511029069897006 0.0270673658116841 0.0973010354805609
0.224485272109985 0.392585912786443 0.0371540269383977 0.00448210607552079
0.416724864125072 0.0209046559015803 0.0218011054632979 -0.109125462162137
0.222097953546786 -0.337731612754016 -0.0145704830866659 -0.19065757872735
-0.097308745104919 -0.274904722879943 -0.102411456897766 -0.199800915514827
-0.15193807155791 -0.131627194691068 -0.116406245000185 -0.0722686613000684
-0.203969312207214 -0.0570533190172071 0.00328801481026785 0.00474231333207274
-0.219494694232392 -0.0306417416477404 0.0961311493361737 0.0283023790557382
-0.186921357947886 -0.023207243379568 0.214441948279109 0.00855046658611994
-0.137687648461801 -0.0816203337718966 0.300077703097441 0.0993572808074526
-0.0990332708121622 -0.149678330127214 0.339670570347922 0.233654295889692
0.0621984769752016 -0.250171487595198 0.193345601544827 0.412546445566048
0.243396667035615 -0.0801815353241589 -0.0681632731209517 0.485337779322973
0.144118169526216 0.207577944688461 -0.209591707711703 0.358499028340707
-0.11932733679113 0.403087575463051 -0.387716972766309 0.326035676494474
-0.178275040844742 0.556748063117802 0.143408982215137 0.00621744328637877
0.215863197892938 0.410380388601081 0.172596908119427 -0.00784481886669386
0.416743615668656 0.0431342790531189 0.142268921243178 -0.216661533434362
0.248327617322306 -0.317102840638054 -0.0197078930641812 -0.33085991648372
-0.0585799467767158 -0.286918301069848 -0.179840145044879 -0.271489898366248
-0.136563529689175 -0.158289893153904 -0.19948092406275 -0.100893530717597
-0.223264983827967 -0.076404847539085 -0.0772454856337099 -0.0092801404917317
-0.253731512492804 -0.0337269205877391 0.0137818063085564 0.0108931479716862
-0.228851574770047 -0.0184019589960361 0.142976597033779 -0.00809591203120678
-0.191035074887893 -0.0873359755835918 0.249738405184926 0.0980342542946363
-0.1508204265062 -0.197607495519784 0.287913526770232 0.244315854377389
0.0862778268228306 -0.356528257527528 0.113444785989336 0.381910786513248
0.360873043100746 -0.11105116316205 -0.100988938653254 0.379468301704551
0.217344911447149 0.308902420709441 -0.118573187498423 0.234572591302725
-0.145018273976674 0.529164338382304 -0.247452525311492 0.213673271199329
-0.171856752451576 0.541787027245722 0.293935580487646 -0.0972041123724545
0.179753324747778 0.375417034810012 0.31133540621524 -0.10068277938227
0.35564812353366 0.0664363770511493 0.186724145382611 -0.34960259399336
0.246605657770074 -0.244781025747622 -0.0655789596897772 -0.424728665160771
-0.00594863713818262 -0.252934295037886 -0.240215063826174 -0.302400048115715
-0.0971601348169419 -0.157525298599011 -0.261702696430682 -0.125146666652287
-0.206221877008142 -0.0817036510479003 -0.158585372684535 -0.0312022428465412
-0.250836327819877 -0.0344600262164283 -0.0756420317707683 -0.00495215351367447
-0.241586421481436 -0.0144268899959637 0.0604871136128326 -0.00638385095001231
-0.223783025638831 -0.0964295426939924 0.167884137183765 0.112571501714284
-0.172612916699532 -0.244748517437059 0.180020257763583 0.238387742646366
0.139466620385108 -0.416437786734546 0.0111269597112307 0.285847717435077
0.444247250918168 -0.0846055089643549 -0.0813057723720662 0.222928670718123
0.232368136560994 0.383978362835872 -0.00158251589792017 0.137239045940624
-0.157180557053364 0.570918293118036 -0.114776996570151 0.083141012614075
-0.133312630488778 0.468798238544081 0.437889161970249 -0.206043374686919
0.135749514877457 0.303819440645948 0.397514261156307 -0.235716251063669
0.272001884504342 0.0780158092683303 0.165264772165633 -0.448647403100652
0.219108708009402 -0.162105794860123 -0.113515569488923 -0.45339799376101
0.0322972801121239 -0.19420719024165 -0.270529957500354 -0.303240739215859
-0.0532306322474959 -0.130023962019917 -0.301762268505702 -0.147013320599912
-0.161709221361005 -0.0714443588694426 -0.22928059623595 -0.0563356563858268
-0.209159965917128 -0.0318820043499869 -0.153821330345808 -0.0169823242443645
-0.214748476467595 -0.0157004285085745 -0.0224991843162389 0.0041807358177293
-0.212249161735239 -0.108003159736455 0.0667299271989567 0.118144566638899
-0.135586912274781 -0.258138750454338 0.0563535865260351 0.182536866755091
0.199383125983043 -0.370050406295177 -0.0377345759491271 0.136296159840566
0.430100817597369 -0.00248479414965376 0.0222918830878406 0.0936336913848712
0.168594728858756 0.388503299452744 0.100282007767139 0.117881552142799
-0.15102497274507 0.507518326968625 -0.0151181478628587 -0.0411635770261606
-0.0729107455688335 0.346725296589403 0.540350977368049 -0.305491627190353
0.096560972678639 0.207973319965836 0.422352839894404 -0.360512065720058
0.183481571905654 0.0672859588299072 0.119275225473515 -0.49705474740638
0.161940077103695 -0.0903037562133667 -0.148736211538029 -0.447737202084579
0.0421846567493077 -0.118039420446988 -0.285435833261762 -0.293317536659554
-0.0163028173677393 -0.0798212765224807 -0.326761528347152 -0.16205877481352
-0.0980110886440352 -0.0482791002180757 -0.279917359295323 -0.074660388695688
-0.135221154027651 -0.0266841464713582 -0.208073471860901 -0.0223083010919646
-0.147206280432552 -0.0185685875452596 -0.0898218475412031 0.0149867349480116
-0.145513465513 -0.101308487242991 -0.0216881800846386 0.101580274894434
-0.0581742411069311 -0.205593923641214 -0.0232772614430145 0.0957467187641973
0.199148412067945 -0.222278256472066 -0.00955503609592448 0.0115508372330792
0.292007111921346 0.0722621333524072 0.147167277757518 0.0559052728710388
0.0578429340085536 0.283712319427422 0.134204817625143 0.156492071099244
-0.119973137032817 0.341329415268665 0.0420665552082538 -0.141878268804003
0.00204133689157201 -0.0432030167393 0.0136011064919101 0.27616086459675
-0.0198271358916617 -0.10243844162457 -0.0266956557533234 -0.0964846008950501
-0.0855924942648391 -0.0734640352755378 -0.192005777793484 -0.0843083074647251
-0.104448590132428 0.0402831767444665 -0.0673655984327043 0.00999932866380311
-0.0135030862728631 0.082482262505777 0.000298298227514977 -0.0426503773082453
0.0489784425577345 0.0295943289089096 0.0245538986628091 -0.0344341395387589
0.0550003787510174 -0.00312722320434901 0.105403971054867 0.0094159831955153
0.036915616060839 -0.00756190651363814 0.206001315898932 0.0447465891297984
0.0253364452154843 0.0135657817242686 0.306605350339095 0.0638016881197485
-0.0108150538715204 0.0269427781783192 0.348805701472477 0.146862712876388
-0.0461002194815632 0.0254097146105364 0.324674645963778 0.261558393983194
-0.0734625937730292 -0.00375599730119724 0.204250195921463 0.406814383620393
-0.0631558754079797 -0.04190195983831 -0.0438996995114086 0.503850859376894
-0.0442646027209181 -0.128492874096837 -0.360431889208546 0.467831864090898
0.045172690238981 -0.157316192387124 -0.611710887568005 0.410050418614444
-0.0321338544532362 0.199596588150977 -0.0218873530121221 0.256112573433974
0.103953906603175 0.111473560709799 -0.038264086982849 -0.0731464676982885
0.13769450660488 -0.0536672794390407 -0.191465504939687 -0.0719792237559807
0.0160953011243741 -0.144542241325694 -0.0762873990723743 0.0113110522705102
-0.0826636752500343 -0.0626747207473482 -0.00196118598853998 -0.045539433601366
-0.0528161659276621 -0.0188086765375366 0.0199765496849061 -0.0282834397943199
-0.052326004449896 -0.00769459231161438 0.106831731703243 0.0079064487401973
-0.063923800322606 -0.0093983762826678 0.199413594194454 0.0413697801089116
-0.0535805377529118 -0.00415862943399448 0.298850175136707 0.0487290469645656
-0.0494878729713011 -0.0261241068824628 0.342847522141021 0.128641890441918
-0.0462789726818936 -0.0424612976171755 0.336858355595472 0.233931092857094
-0.0107555924710823 -0.0688763287752065 0.230131078633293 0.386386098078603
0.0272026017473983 -0.0336697389680244 -0.00984040328799316 0.51423122045385
-0.00561172425621836 -0.0160055456856534 -0.296324250076976 0.488558149765418
-0.0142790274509195 0.0327610747927925 -0.560925991345716 0.45103468769233
-0.0679581115668643 0.394067529309285 -0.0227167000675675 0.187813268783662
0.199725923331544 0.280262595866491 -0.0347810153360319 -0.0263870035012785
0.317033102131558 -0.0288365523675271 -0.114781982306937 -0.0561243561283946
0.125894889589025 -0.285048466715762 -0.0487388010167861 -0.0564256217884446
-0.117541872207587 -0.188379302083293 -0.0429691640743602 -0.104859748151516
-0.128311685711519 -0.0743079833692029 -0.0368010502245318 -0.0405875407654048
-0.14520340336065 -0.0220802080068492 0.0684486490828325 0.00834951905738818
-0.153899627820704 -0.0108933659204951 0.162155852055852 0.033197881563697
-0.126940121842857 -0.0128158616578277 0.265815301982833 0.020978620465245
-0.0926559364002935 -0.0606525856836077 0.329350815354103 0.0967157957607532
-0.0636394664111052 -0.0977303894930577 0.352635708896987 0.207121642114613
0.0281423571399431 -0.149810914043867 0.244020179960019 0.382461756897656
0.125771231376743 -0.0519926326654976 0.000792495954511947 0.513974834415462
0.0642036855902541 0.0940435780307075 -0.236108043828749 0.454477914826635
-0.0568943110592903 0.228615513991075 -0.469609391788497 0.432527310624
-0.103177167611587 0.514801701368725 0.0279903996093588 0.0989892052028015
0.248970964541265 0.368031633263997 0.0349097630547756 0.0137674292343292
0.410163442932929 -0.0142175428049031 0.0155269033711121 -0.0974862477382337
0.191299518615108 -0.350242859803542 -0.0247085349883907 -0.183150870664704
-0.116020346376844 -0.262074552722695 -0.116145518722775 -0.187739950055144
-0.159062829480374 -0.120126617630525 -0.12169000763778 -0.0616321595403666
-0.205551195435381 -0.0417205545272623 0.00155360853992436 0.0061214762547306
-0.22038787499891 -0.0108153179497601 0.0984199063112115 0.0228026379343278
-0.187948156232428 -0.010607255201351 0.210548563958488 -0.00580350316326249
-0.14225890671971 -0.07311007632993 0.302333697626937 0.0748627863029774
-0.107814859691494 -0.141226820124296 0.350338402033633 0.202378196216037
0.0416159596097086 -0.250126235961024 0.221552922874001 0.38796175966811
0.233849647870923 -0.0985633267399646 -0.0270120826066891 0.477417022208758
0.15630215363265 0.196930231761233 -0.174150557858019 0.360798122030925
-0.0825362927002695 0.406216407195837 -0.350396415101374 0.352765221614117
-0.125741160456688 0.562370061955069 0.135403566757607 -0.00170876492590838
0.241855466919907 0.38634238610222 0.166875477737359 -0.0105932307567917
0.411732362077466 0.00849820879615819 0.124339588270734 -0.214324566268292
0.219001607588909 -0.332753483198554 -0.0427662890310855 -0.320190251464018
-0.0781233235826086 -0.277664406964154 -0.197492506117385 -0.251230030137019
-0.146568196685281 -0.149221471212556 -0.2054400249648 -0.0828429706219375
-0.226147070278662 -0.0598425154276086 -0.078742645725694 -0.00207143227819017
-0.254493415661077 -0.0113043819351804 0.0147770149498649 0.0115517042343574
-0.228285916281072 -0.00246938130053984 0.138397995065983 -0.0170534389227924
-0.193498603049237 -0.0740731103442043 0.253797615985872 0.075272899814959
-0.162775498841261 -0.183502400196435 0.302024821184512 0.216905367036677
0.0555722463702904 -0.357369978023953 0.140267714140906 0.365356721397511
0.3458105134511 -0.138581385658786 -0.0676565059056502 0.377969390599409
0.237112365045403 0.290720003157126 -0.0940768836411362 0.232303389410835
-0.0948471692816199 0.532372244585688 -0.220036721723263 0.228404170469012
-0.121474847947287 0.546674828754978 0.275506195159383 -0.116178905491188
0.202845292470228 0.354893949935387 0.295707986975215 -0.115260170663911
0.354194952246244 0.0363262124241173 0.156502840677908 -0.348877894652745
0.223507436735988 -0.261673210062505 -0.0953434704160647 -0.407721251426244
-0.0239550071767475 -0.25045878538187 -0.258394695261253 -0.276921415209149
-0.107880192317546 -0.152824477130283 -0.267633087593548 -0.101611624412619
-0.209663455723752 -0.0672890145696688 -0.160593510072421 -0.0172446924664014
-0.251316509158365 -0.0121758909791941 -0.0753785920639851 0.00316097148713112
-0.239433789471565 0.00261993343562436 0.0576300981917686 -0.0105567900489522
-0.227329778784593 -0.0795914212213964 0.176363598993386 0.0967207475725836
-0.189192795030781 -0.227287146484568 0.196226768931074 0.220927167778509
0.102228192057792 -0.42129974099227 0.0314499819113873 0.281030307092827
0.429743091510962 -0.120789471796585 -0.0638600000801019 0.221092656187954
0.258854262763538 0.362331751111514 0.0124894928058841 0.125604404887182
-0.10311466218006 0.574378333728786 -0.100985368743046 0.0873047727739272
-0.0885247375780641 0.471891653182208 0.40763601776897 -0.237409487213818
0.155299373685522 0.288236697798561 0.36872455484692 -0.256338292623411
0.273732815533394 0.0554763316564794 0.127044587852992 -0.444054425869873
0.202791258704782 -0.17929398417415 -0.144745125602086 -0.431901641802904
0.017843137298027 -0.196407602483718 -0.28652080049367 -0.2761632591993
-0.061713254959051 -0.129623152653668 -0.308257315192994 -0.1203324874472
-0.163942062220732 -0.0601794875282257 -0.232259111128011 -0.0368752209298397
-0.209921506194968 -0.012807262377135 -0.153294189549094 -0.00319317960522637
-0.212474274740797 -9.81056789893868E-05 -0.022270939011555 0.00602369014516353
-0.216959537716025 -0.0904389630464825 0.0783840155745714 0.109662937765066
-0.154465871645429 -0.243693049608447 0.0707353592376375 0.176648930400107
0.163988675119726 -0.380858427389294 -0.0293738952255625 0.138666695639768
0.422164554132562 -0.0386533602837732 0.0250990576372169 0.0845630901822886
0.197966453522912 0.37081985399129 0.110907276284991 0.0966001187550469
-0.103532665859718 0.513186902713683 -0.0122203800408103 -0.0442175559698468
-0.0393794303354954 0.34634039008059 0.502593207730747 -0.343399018123196
0.111049646782813 0.196328544493506 0.381892672350671 -0.381883137770651
0.186610433292902 0.0512882719086519 0.0779517087270873 -0.488034685874606
0.151100501168848 -0.103941668138794 -0.177125514609315 -0.423237862732227
0.0325333777960909 -0.121485549100412 -0.299422171171401 -0.267304143416764
-0.0204269451474978 -0.0818505149099876 -0.334123847227814 -0.133831088050602
-0.098653581507208 -0.0410856930026825 -0.283267539681039 -0.0520871154060682
-0.136185159797367 -0.0145417962062919 -0.207806538545212 -0.00475843775641331
-0.147113030992742 -0.00830279782693447 -0.0872501983716294 0.0215206295832927
-0.152098692429106 -0.0886558236749052 -0.00866586562284517 0.101110206929863
-0.0744395245528233 -0.198256598159416 -0.0155072733549171 0.0983818380760789
0.17572350179555 -0.236447737288377 -0.0129904688284442 0.0137795779531085
0.294161585570955 0.0449347986273472 0.143394124061243 0.0351438940984831
0.0806686579458146 0.277069490288968 0.14862637744772 0.130738444256108
-0.0860835594232901 0.347351953261956 0.0355520280631655 -0.148991211167706
0.000624024040239399 -0.0417139929219168 0.0283534574785188 0.267378764344377
-0.0283083465054759 -0.0951206601304776 -0.0330821137979643 -0.0768636385289381
-0.0890340756132349 -0.0613522385214345 -0.179353890278606 -0.056833161999161
-0.0954243725847435 0.0483105752255993 -0.0561226022849998 0.0147859366663298
-0.00424822528235252 0.0812044793450032 -0.00236533669277541 -0.0438888602774217
0.0481048925212497 0.0252436803000899 0.0171454651112908 -0.0334291458582067
0.0513635503978641 -0.00733834372186617 0.101393701385291 0.0033461118406918
0.0344330602005108 -0.00998363570779046 0.202921515050937 0.0297523262390049
0.024711661093328 0.0104202336641297 0.29693922929234 0.0414802641307184
-0.0087261665259998 0.0273051393771861 0.339523580560808 0.117568485667401
-0.0431321667896758 0.0283932146252906 0.322672272658337 0.227033721856482
-0.0701675379585656 0.00232828394527017 0.215272172986362 0.367199531943186
-0.062326877477348 -0.037739847861753 -0.00932708172482971 0.475529990878715
-0.0509745500164151 -0.117118456999717 -0.30577480388918 0.461326139016353
0.0331868803736872 -0.151519432840545 -0.545275706818834 0.432254131126917
-0.0141929074632304 0.189606912707662 -0.00769489780383007 0.250496186105205
0.103212487429227 0.0987895267063644 -0.0423742968824399 -0.0537837682656653
0.12401640155194 -0.0596774318589262 -0.179672771297579 -0.0440839742494796
0.00476044497151022 -0.136759108849733 -0.064608779417871 0.0170289585933736
-0.0797257505213217 -0.0510234959799009 -0.00535384722244282 -0.0458207291897684
-0.0513059140215013 -0.0148971374098673 0.0136177222233765 -0.0285871574351867
-0.0511404525547603 -0.00512484595691091 0.10129704922062 0.00222162940612348
-0.062172749356962 -0.00404383825795211 0.195897410342005 0.0275027722808763
-0.0521577414340001 -0.00122831631607095 0.288037765113335 0.0286612843358052
-0.0496299086935085 -0.022158710032098 0.333642443537412 0.10077243022863
-0.0470644816539944 -0.0378190583335863 0.331059762710819 0.199660308553104
-0.0138578639294938 -0.0645974455729296 0.238852982330817 0.346754332888248
0.0242462776768579 -0.0340923953174315 0.0237872559766041 0.480677744318554
-0.00729809820063139 -0.0114286155424352 -0.244181436264563 0.476142445057896
-0.00995445138705073 0.0316629748846836 -0.495586942465173 0.466334555593816
-0.0345584854291636 0.375999154427678 -0.0140102732304295 0.186347558630336
0.205339523782804 0.252288215301743 -0.0349992291334948 -0.00987898585876285
0.295494265727051 -0.0483407322982346 -0.106003716168089 -0.0348013527313155
0.0988330139786067 -0.277843217986558 -0.0438684416041831 -0.0489311332277246
-0.12205439756118 -0.169241092689107 -0.0478591514123566 -0.0987591792637633
-0.126077301690089 -0.0631279644745594 -0.0405670988593118 -0.0351068854892555
-0.139515884113425 -0.0129602044451042 0.0639647975697706 0.00500880661885205
-0.1477767290717 0.00124884052789038 0.159341335609274 0.0224045055015518
-0.12285792645858 -0.00503360924114294 0.25347186424168 0.00377525806322053
-0.0922530583192553 -0.0539361005270807 0.317317500235755 0.0709036706793527
-0.0661755649751286 -0.0897687501222315 0.344327766231099 0.172881669375586
0.0192816229263998 -0.143321143374894 0.25340017808775 0.342660999201169
0.116111031152959 -0.0573916117041001 0.0347215187206061 0.481288265914227
0.0648814611065531 0.0891111955908477 -0.188791985444573 0.440598512449744
-0.0371060443625832 0.21994728706107 -0.411337238795329 0.440546616159436
-0.0596340301885992 0.493253319730368 0.0280083103624352 0.0969809536413331
0.257109844456318 0.331730312091433 0.0330073224392684 0.021736943312566
0.385189454603524 -0.039672642175337 0.0131725052350636 -0.083359425752489
0.155570620681309 -0.345969740960121 -0.030730610185176 -0.169104799228733
-0.126527732178301 -0.239833658564624 -0.122802952707634 -0.170633322719708
-0.158500922737958 -0.106187831292433 -0.121375103865938 -0.0491129390573957
-0.198851993675538 -0.0285065147264499 0.000379332531795911 0.00740322682625062
-0.211621529187686 0.00511260871857799 0.0969226881397032 0.0165288660897289
-0.180440092875127 0.000890034336980278 0.198788685062649 -0.0178449914435229
-0.139254440911502 -0.063801393404382 0.29028200914751 0.0503038978349329
-0.110448190525059 -0.128597919796035 0.342215435558843 0.167827772954013
0.0244819677485453 -0.239588377667382 0.231369318011376 0.350166537152983
0.215366761278271 -0.107823235324448 0.00672244595800475 0.448577579085388
0.159206810244335 0.179500483329779 -0.138052705283004 0.346366844455985
-0.0482247319832808 0.389356062388697 -0.302703747195224 0.358050459760174
-0.0778380724907367 0.540369577474427 0.123496096083175 -0.00693270153785396
0.251605515944345 0.350261071073589 0.15656565359024 -0.0116673887924867
0.388866363079518 -0.0194568259390137 0.106866428456817 -0.201635346236392
0.184855806686641 -0.330877316563902 -0.0579032351819664 -0.297206076233949
-0.0911881028446817 -0.258755833958855 -0.203768964316456 -0.224056314037439
-0.14896108941593 -0.136040492105386 -0.201464067649617 -0.0638261678104398
-0.218764821733923 -0.0440645407198631 -0.0767381452665856 0.00464881261060882
-0.2438018232636 0.00698306138425267 0.0156941399133984 0.011702315836937
-0.218438526623253 0.0111859171279192 0.129059042074614 -0.0238722403210412
-0.188196878665432 -0.0609617993984676 0.245360304421214 0.0546353006479555
-0.165880401982441 -0.164362002720732 0.298919754093069 0.184757412542862
0.0283584176871596 -0.341351864057998 0.15531724720781 0.335861409359454
0.318066727368885 -0.155438227593617 -0.0401941635638805 0.35887249437105
0.242942585353105 0.263000906880758 -0.071232544252734 0.218715951358752
-0.0511186873306595 0.508507312429745 -0.188403159455699 0.228878608429728
-0.0746922469407721 0.526138183570563 0.248590602783307 -0.126511067893212
0.212364808729725 0.323318888018936 0.270904026920018 -0.120728089762856
0.337251925683376 0.0114388324800775 0.126288574284386 -0.332068198578469
0.194310498031497 -0.264652336808429 -0.113217515668208 -0.376027706004404
-0.038597500066697 -0.238604421326462 -0.261416506064754 -0.244689648569899
-0.112372081835104 -0.143574494307607 -0.260471113573595 -0.0779537354335414
-0.203955559468144 -0.0522120718210184 -0.155002105026665 -0.00427337567683292
-0.240298229136007 0.00716481052007965 -0.0709186220488881 0.0091221620619826
-0.228320186791491 0.0170141107876806 0.052750882295493 -0.0125704683725737
-0.220201694010902 -0.063372836797589 0.174900625914657 0.0784347129550563
-0.193320689576843 -0.203382648062068 0.200910225992113 0.195466839911791
0.0657274446801904 -0.405280761264373 0.0474990591080873 0.264005259642542
0.398569132438698 -0.144988638310705 -0.0483967365091382 0.210919155608798
0.269489460974723 0.329356903480564 0.0220440025270074 0.108172712330715
-0.0543375388693545 0.550567231050209 -0.0849406605763209 0.086068955926395
-0.0489210602534057 0.452127089511233 0.366473038131716 -0.250085156858906
0.162969083924513 0.263125849741006 0.329876516707139 -0.259746606688373
0.262972948874121 0.0340559895723243 0.0902958506108558 -0.418965990411887
0.180499601670198 -0.184978107148827 -0.160914297819093 -0.394183543525153
0.00479806147443544 -0.189480334214871 -0.28637995218326 -0.242692322992254
-0.0671554398510735 -0.124241056036819 -0.29990904929129 -0.0938675833351221
-0.159633132143124 -0.0482089160113704 -0.22452817061632 -0.0189857472075495
-0.201167612082116 0.00322819203971321 -0.146946348761402 0.0083126296966279
-0.203192789179199 0.0127561847881519 -0.0212521102630064 0.0072632140577998
-0.211120297202898 -0.0723913202336104 0.0847407174816646 0.0968367190916414
-0.163612501210951 -0.220686427794389 0.079722732826003 0.164442610927136
0.125724890937716 -0.372546632098991 -0.020824708543823 0.134612718615091
0.397904605561464 -0.0679367146106949 0.0250961117245784 0.073633444285051
0.21291178582556 0.34178498614192 0.114276717987481 0.0732859326986328
-0.0573854221466135 0.492219821899275 -0.0107084514891522 -0.0460771088617712
-0.00981802082765372 0.329741635100583 0.448548486396898 -0.359603041157425
0.116073203824573 0.177928788228747 0.333307674787629 -0.380588272645502
0.179676434847087 0.0350502926619303 0.041482993026591 -0.459330838859806
0.136331132163426 -0.110268330837698 -0.19164113501448 -0.386169858968109
0.0239263000263006 -0.119263395501875 -0.29849528774945 -0.234835131742327
-0.024141651747861 -0.0808188849253066 -0.325685789167921 -0.105596823388145
-0.0957255142729524 -0.0349663830051958 -0.274777249651754 -0.0294776055771281
-0.131232863564149 -0.00338356051544595 -0.198948509149224 0.00928255893476276
-0.140382807609917 0.000624888866504782 -0.080736908022864 0.0245790818253423
-0.150030945234331 -0.0743728467383967 0.00272686155665543 0.0941184105313397
-0.0849517773416514 -0.183364436971959 -0.00785470574974623 0.0971883190167767
0.148190844874344 -0.236858088582295 -0.015112091839623 0.0152382136125221
0.283077041138289 0.0198629057724298 0.132983992008623 0.0172429483153756
0.0961541923591625 0.25967751686426 0.152222060126886 0.101811922074616
-0.0529405817085635 0.334891955341325 0.028054498934016 -0.149281486124156
0.00107364223871083 -0.0363414709254589 0.0702708813881381 0.244769786367484
-0.0427871959052237 -0.0812591580190457 -0.0425536522101277 -0.0583134161117637
-0.091353298806463 -0.0389046409192683 -0.172808767232135 -0.0208926408750639
-0.0779200892291712 0.060729190873585 -0.0507787422587843 0.0215305605100715
0.00989856654461692 0.0753070582539744 -0.0117426573311093 -0.0381757069091299
0.0471140081049815 0.0170945063647221 0.0100630990600439 -0.0315999766366251
0.0450270523613156 -0.0154735422295823 0.0990272169275349 -0.00938443589537548
0.0303232845227734 -0.0149643419135384 0.197756612505502 -0.00183918442225167
0.0243964134970118 0.00391041216811994 0.286851407867599 -0.00662749391573952
-0.00200005503080238 0.0263492884090418 0.33642359363176 0.0534564370040259
-0.0335741516089264 0.0326621403852618 0.335714856634139 0.157652177932327
-0.0630788809153349 0.0160951770748253 0.254264114624286 0.300783068585984
-0.0621714602177994 -0.0242008132827494 0.0681238485086003 0.434092431604983
-0.0681289377711679 -0.0936014339649228 -0.196822737823886 0.468168366604623
0.00699925325700355 -0.136150771824715 -0.431537980628457 0.479652045377669
0.0165950849758366 0.176253697857111 0.0331849802107318 0.246625527890265
0.104508983014959 0.0763120336277676 -0.043721667568756 -0.0266995886951628
0.100028346303107 -0.0665015083379199 -0.156203718998314 -0.00475729963371017
-0.0165512315823096 -0.120799327396303 -0.0459562854057219 0.0179222158854569
-0.0774315835763475 -0.0342163287776268 -0.0175085348637865 -0.0480776215509223
-0.0492409739264727 -0.00728867533748146 0.00338435808483318 -0.0279869550003807
-0.0478904352003462 0.000543621833314869 0.0941618115026798 -0.0123719258130554
-0.0580157699850611 0.00290158469799401 0.190020253824381 -0.00374335616751398
-0.0491316103492148 0.00284024969273072 0.278017259952071 -0.0180268399998057
-0.0472362110764995 -0.015443877043713 0.329668199185895 0.0382175625232146
-0.0442755218338817 -0.0293028270503991 0.339713554989936 0.131119434902854
-0.018269190893049 -0.0535973651570981 0.272142827610535 0.281302475524705
0.0179484485370772 -0.0303519479441324 0.101601633873486 0.436965772783954
-0.0139324808894253 -0.000586329418936098 -0.140298158427544 0.471821100746565
-0.00885988725815231 0.0389426386543403 -0.381739743992884 0.502382391966262
0.0201824235051078 0.348323728436852 0.0139115012819443 0.196320925804605
0.219198983968246 0.200813708111023 -0.0261466621621927 0.0187288907381074
0.256822304661227 -0.082209028811864 -0.0762084398317526 -0.00432734106344909
0.0450975321661684 -0.263354183970381 -0.0261576197105969 -0.0511990170662343
-0.134541743499357 -0.134683382693494 -0.067999228805385 -0.097848100048592
-0.124681042376529 -0.041702633132957 -0.0512037831293364 -0.0280888604058891
-0.130830200704739 0.00585372703280269 0.0552412363446011 -0.00649617476731506
-0.13661763280899 0.0191529763234363 0.154004645843156 -0.00386944859888955
-0.116078454063741 0.00838080245920228 0.24246263913143 -0.0367948990786564
-0.091507012711331 -0.0402939620167486 0.310064142555016 0.0125381029549133
-0.0682343848096943 -0.0768969660563041 0.346581848449937 0.10583788903367
0.00229168533058863 -0.131767931061281 0.285451551094536 0.276505293428299
0.0995564427513489 -0.0620448882233286 0.113524531619689 0.434778956391706
0.0670670414700261 0.0816452590826399 -0.0992094468401641 0.428957931291232
-0.00884656135455823 0.216203977804935 -0.310566640369239 0.465443809807912
0.0110422621788746 0.45478799895889 0.0357376047453275 0.111832963201712
0.277888201343351 0.265749849516297 0.0445926815456747 0.0390044431339087
0.339107134253447 -0.0889204034826531 0.0312057382758658 -0.0673609126142164
0.08365391637342 -0.334894056161964 -0.0286940939708572 -0.166951119353186
-0.149792807917157 -0.197829260043825 -0.148461349450677 -0.156281890091994
-0.16084799486159 -0.078013217074637 -0.130466185038556 -0.030032484803539
-0.18638188561285 0.000440457223277504 -0.00732032536868536 0.00344917113697204
-0.195064364692711 0.0317595235081972 0.0937218130634197 -0.000147017873740692
-0.168506553487748 0.0215101235894417 0.187096196562967 -0.0489593969186112
-0.137259648689416 -0.0441257631716011 0.281807205185993 -0.00377632977918886
-0.112618241966953 -0.107753148887189 0.345369381212543 0.100160682459725
-0.00627672093309772 -0.22144519964263 0.268182261060393 0.28741471670021
0.182970797272088 -0.120675760417322 0.0833631661589402 0.412871720216588
0.167144295424336 0.151450191491269 -0.0706651257673098 0.334713898551332
0.00417434568829853 0.372523189598255 -0.224713154679148 0.370939040470706
0.00110660745835542 0.49819932250495 0.104140555183253 0.000211581687187212
0.274612804670589 0.280860820855708 0.153491804184922 -0.014812319439778
0.345049986301485 -0.0719702652581883 0.0974767460232905 -0.191105602057131
0.110495371382406 -0.326764258508006 -0.07375585284494 -0.278413508788122
-0.121835223870816 -0.220367397777835 -0.229438362380126 -0.193573764758437
-0.156729975204652 -0.107096762906292 -0.20539570020021 -0.0331899824796788
-0.208054308738129 -0.0107014811556331 -0.0816100694843296 0.0105904107523276
-0.224564094306434 0.0390667799694433 0.0164509623958158 0.0071392087019329
-0.202632996211564 0.0373006139047202 0.120171783856602 -0.0445920570510113
-0.181245117383424 -0.0349429144005427 0.241242947178708 0.00485082227564686
-0.168092614240732 -0.133905012419414 0.309440251344575 0.121180774646056
-0.0176840455607729 -0.315054120124171 0.198204589638928 0.290277179625921
0.269949832365513 -0.176722394412401 0.0273195989666927 0.338363975926987
0.257935156679833 0.212990867647821 -0.0356242854388165 0.205237996179689
0.0190479831892242 0.482374046216893 -0.141892592262534 0.234632474327315
0.00303603534357656 0.480384927832427 0.198006312455409 -0.132480772473169
0.234012255999818 0.259673184574244 0.238612695380371 -0.138050546701641
0.30090727410944 -0.0384515869019454 0.0887323651162211 -0.314541626666026
0.126858124601156 -0.2682192869593 -0.140574600752957 -0.336952014530624
-0.0722426312123659 -0.208739608376423 -0.282176054566477 -0.201292456252148
-0.124267326447443 -0.119043385948388 -0.260944192177012 -0.0384752171286015
-0.194929238558658 -0.020093476300082 -0.156153525188526 0.0125995410614866
-0.221714592704071 0.0380889245634167 -0.0657872391007527 0.0172863546786883
-0.210319170694106 0.0448177564723652 0.0500803811288817 -0.0228867443581376
-0.211492402768063 -0.0305800971635192 0.181114425846382 0.0367323345318791
-0.199111567150974 -0.164634169509831 0.221739933809403 0.148899002607894
0.005941045628543 -0.380654547395235 0.087129981354475 0.24391159553537
0.344384375069892 -0.180511732923242 -0.00549630586659532 0.203566845783851
0.293870165307896 0.268174819644207 0.0294558299360557 0.0874993660793304
0.0213216939140159 0.519723647350011 -0.0666498194085674 0.0856767402241276
0.0178744158382197 0.407035225261284 0.286651499441597 -0.271440656162215
0.179749140593504 0.210428335699046 0.267750297725476 -0.279855951964975
0.235133469237204 -0.00838848199812555 0.03543936643964 -0.388720876918445
0.125775435882255 -0.193477212642157 -0.192045842283438 -0.344470011899571
-0.0266894908825422 -0.170706197676645 -0.302757742718816 -0.193161689241646
-0.0807269720478071 -0.106968618924425 -0.297096532578921 -0.0473624536650845
-0.153958165879536 -0.0222234189601345 -0.222667005857029 0.0107347306967321
-0.185942899393451 0.0298692207454577 -0.137591550735613 0.0290329702920649
-0.187231063019521 0.0378626028497779 -0.0158204851885203 0.00617351223910643
-0.205037861639164 -0.0391423232412014 0.101234414417362 0.0691106605943743
-0.175157653160824 -0.183651244682025 0.104389837067708 0.141673220941066
0.0646415103242532 -0.361063460614694 0.000480938436957086 0.137382992881912
0.355374941278686 -0.111628971142299 0.0359706117928708 0.0654495074334522
0.245669436243076 0.287520015150703 0.107710236674897 0.0369755198094327
0.0126573462494029 0.463474137011062 -0.0178690878974505 -0.0484907146584394
0.0373491753139963 0.28835457426299 0.34591709170347 -0.390486415947537
0.124104474283891 0.138623696599536 0.248138232310657 -0.397498279408145
0.159103960427477 0.00341676684734562 -0.0212426040088238 -0.420045371423079
0.0962702416335245 -0.119241971163211 -0.223877410160509 -0.32843814647701
4.09136458496169E-05 -0.108489624060368 -0.310314399047384 -0.178252761595632
-0.034953633359238 -0.0714244658083372 -0.321531090096676 -0.0522392369654291
-0.0925957200876874 -0.0177147829836142 -0.269379941688873 0.00990690149335308
-0.122376637272063 0.0152551310664353 -0.186686932354283 0.0371198355580015
-0.131075883197413 0.0195677403733869 -0.0696776326854535 0.0326734639853624
-0.148706013283226 -0.0475909799914321 0.0243335867494001 0.0811420353786739
-0.100096505777089 -0.157807475280328 0.0113559986183567 0.0941302038916507
0.103325104005614 -0.240459231580462 -0.0163523279410908 0.0242047256605648
0.261320747446562 -0.0175407138013527 0.121944279340123 -0.00679581112483858
0.127309752006939 0.228508203840559 0.15109785910971 0.0552944583961946
-0.0032611294736952 0.315565714646425 0.00354777429613143 -0.149043733521256
0.00258219856043298 -0.03654712011665 0.0638198321110446 0.238668828969345
-0.0416718983398273 -0.0770217325836333 -0.0374458106160328 -0.0447711193207986
-0.0874309769871824 -0.0359351062086813 -0.155667574941249 -0.0155446819973684
-0.0735959824578585 0.0594968995267828 -0.0418975563939762 0.0183925389623659
0.0109133016024729 0.0717431837372735 -0.0122360640327214 -0.0388844763612541
0.0441105424728431 0.0168532706444016 0.00669112972487355 -0.0283379935827512
0.0420396536090372 -0.0143580667275082 0.0947807397315344 -0.00714711825238418
0.028186507374331 -0.0144894074212871 0.191880441976293 -0.000112743082306113
0.0225650031725809 0.00322765889174883 0.275419141289471 -0.00123152363201891
-0.00206667075982585 0.0258667121066074 0.318974647592637 0.0552557219228159
-0.033132166524229 0.0319483418050447 0.315764974457785 0.154396342229733
-0.0599628238598565 0.0146787605803673 0.232667205224095 0.285667503040559
-0.0593637720942488 -0.0255585321053857 0.0583858575460016 0.407623133667621
-0.0636346000874556 -0.087122954229698 -0.188545225336045 0.436807651408196
0.00865134972286219 -0.128806049675764 -0.407792142454544 0.451856722523484
0.0154109457149681 0.164858754213894 0.0272504193424883 0.240157877404512
0.0969400321322179 0.0737300171733843 -0.038561403633608 -0.0155349716539794
0.0945682988155227 -0.0607890685218654 -0.140648289774064 0.000358841279103482
-0.0155231039748227 -0.114236286978552 -0.0371834058361419 0.0160221452685509
-0.0710168079651209 -0.0321754608924788 -0.0179890215265027 -0.0480457812280145
-0.0469099560346461 -0.00787788318705269 0.000107981887293463 -0.0245696983658231
-0.0469251010843407 -0.000331657932187054 0.0894401065414521 -0.00962901836029806
-0.056449895376347 0.00235966279017933 0.184392891969023 -0.00156308356700989
-0.0474123308216365 0.00101941654564404 0.266058741816125 -0.0131857474393552
-0.0456879212050694 -0.0158293740525245 0.312345897773009 0.0409043158066699
-0.042483863331563 -0.028179729025956 0.318343412723757 0.130098070210994
-0.0161327239026541 -0.0519649567340648 0.249154795778954 0.267753440533584
0.0173887026278061 -0.0293126322884787 0.0918865700660329 0.410644068521787
-0.0131864083098939 0.0025097734380314 -0.135521647341397 0.441007737079825
-0.00800335795330287 0.0368612627635257 -0.362778958599869 0.473023778093092
0.0182068280696819 0.327841565467203 0.00978960370771845 0.192312172093778
0.20513884678781 0.193174152729327 -0.0228343249286193 0.0274176509538132
0.243677413764394 -0.0751112268954949 -0.0651347459191429 0.00133837162669998
0.0437691678081134 -0.249358708029838 -0.0190670700781746 -0.048960761701576
-0.123856089563868 -0.128274224586217 -0.0649125268569624 -0.0946791704925313
-0.118522782130938 -0.0425027972626136 -0.051528375567868 -0.0255196020401742
-0.125675326243454 0.00353975410099882 0.0515006722102545 -0.00316589137178703
-0.131336580894887 0.0172529351736409 0.149341442531856 -0.00157080788142061
-0.111740543446804 0.00573383089733813 0.231450785701545 -0.0309735745023416
-0.0883420864338529 -0.041701933233925 0.293368429332459 0.0162764466980386
-0.0645651484416349 -0.075174196217484 0.325764921476087 0.104062408292994
0.00505627012947817 -0.126366774475744 0.26256270958368 0.263486997226701
0.0958907316444974 -0.0574027938825535 0.100882765122562 0.409025766997059
0.0625533914972971 0.082781037609073 -0.0960266979351111 0.399670998182175
-0.00937194171426623 0.204116172807134 -0.293516486050886 0.43881953292659
0.0095175961805588 0.428751128192079 0.0311350881392368 0.111807008275158
0.259522086557723 0.255765978544941 0.0447193047892792 0.0456557663386013
0.321591535523852 -0.0815300718389975 0.036528320503545 -0.05719088941252
0.0818730147807678 -0.317155718184467 -0.0210564603469319 -0.157981595832165
-0.138599280434424 -0.189952975391832 -0.140436951054496 -0.149742999655301
-0.152868837603525 -0.0780552367604057 -0.125346726159059 -0.0279344462564185
-0.179333460513595 -0.00297436943948131 -0.00856955386505628 0.00600772641628878
-0.18708689971955 0.0294625702384743 0.0907186353437587 0.00101199574358919
-0.16261839892258 0.0179389425745926 0.177947876242646 -0.0426786124811886
-0.130871399863334 -0.046438793897127 0.267047288090053 -0.00051022223877738
-0.105922384143458 -0.10508581962858 0.324256424304498 0.0977658280986611
-0.00210538080130036 -0.210278239302849 0.249104080243932 0.273078535154104
0.174672959450719 -0.111877983463304 0.0761068229259527 0.388343293674008
0.156595228765622 0.148946479996945 -0.0709564816655654 0.310711575067343
0.00155226284567447 0.353196291901285 -0.212689252451936 0.348527565026127
0.000131193929786603 0.469253164607458 0.0962454934305897 0.00556835084802418
0.255872218522903 0.270614681778149 0.147430603559851 -0.00615032732188331
0.327158765093185 -0.0649776759367737 0.0990154518810624 -0.174823633260132
0.106870643826304 -0.309553462546081 -0.0636392309426072 -0.263014755817401
-0.11227577719388 -0.211892301454022 -0.216323275670834 -0.186365698638556
-0.149007988151773 -0.106740025891406 -0.196165138150826 -0.0326978874500014
-0.199940718727243 -0.0140728984225617 -0.0786997888088367 0.0116216266350182
-0.215168999393436 0.0362701278949844 0.0157329042543045 0.00747034236812447
-0.193985658821241 0.0318806324893196 0.113553649019407 -0.041027009687436
-0.172734445627325 -0.0376509187786428 0.229181690906479 0.00607595511283071
-0.157864847604071 -0.129506794143284 0.291930514177592 0.117828157112174
-0.0135998419337379 -0.299202371482146 0.184081777730414 0.276080256254288
0.257203628731995 -0.165252701488335 0.0227829359182615 0.317374781768474
0.242832960131442 0.207924432064026 -0.0361660485507979 0.187203681592781
0.0163620233630973 0.456581223254301 -0.130652806832223 0.218257015448891
0.00045216302952621 0.453081560741669 0.186846378674657 -0.121044794061383
0.21781093741781 0.250670891013987 0.229136095942885 -0.123011948032835
0.285546632054242 -0.0322304379004177 0.0908275429663222 -0.291216109355569
0.123872696414307 -0.254198877380845 -0.126515753959955 -0.31864785441543
-0.0654468189893304 -0.201228901804885 -0.265188098186113 -0.195515737654318
-0.118354918317956 -0.118075558456982 -0.248474135049763 -0.039150784429612
-0.187582288224716 -0.0234201606009946 -0.14951376514894 0.0121289575769387
-0.212304569623341 0.03568234122213 -0.0632522114749131 0.0168829745377059
-0.202075622127008 0.0395798443716701 0.0472431344981219 -0.0211890850552834
-0.200540967311551 -0.0339275233144486 0.172111003140075 0.0353378203100154
-0.188067323840027 -0.158684797880429 0.210352593605355 0.143269489816416
0.00848501652315052 -0.36132638046573 0.0785464631286349 0.232175387810844
0.32711233315243 -0.170003614113729 -0.00861934300219774 0.191983395473181
0.277546431804312 0.260699699602583 0.0266149647974163 0.0747332486956272
0.0202158567530985 0.490878983598415 -0.0617176320945811 0.0766686742613882
0.0154386173735226 0.383801292233779 0.271687847653226 -0.253262502767028
0.166589392482627 0.202847723267772 0.256409003085061 -0.258609248013287
0.22301618197176 -0.00437633393800043 0.0405884881395977 -0.362361238048335
0.121007190530376 -0.183899261475651 -0.17502222092324 -0.324043866662146
-0.0224075751137667 -0.165042736526306 -0.283556446525284 -0.187855945660533
-0.0772698024886395 -0.107102946320445 -0.281892284690731 -0.0485125028235117
-0.147657847153297 -0.0249420089060128 -0.212942823948779 0.00960958616707961
-0.177741429021804 0.0277128417313369 -0.132041424967135 0.0268116184129753
-0.180002579825632 0.0338196112183042 -0.0161305714755786 0.005061534393117
-0.194364582877707 -0.0405079396360327 0.0975664727832605 0.063608643717779
-0.166005599502897 -0.175745272972156 0.0995558340765634 0.13584781811025
0.0631123326205642 -0.342735526149047 -0.00305889128408135 0.131485664056895
0.337067720896914 -0.1057942539829 0.0301226205765592 0.0602417978994136
0.232900584188999 0.277782091877052 0.101778000693734 0.0261820895123166
0.0109070690011248 0.438623226378929 -0.014245723114392 -0.0507908917713959
0.0353717793325923 0.271260922980247 0.328909415422906 -0.367147918919052
0.114393508780898 0.133570511086635 0.238811594771195 -0.370507257345059
0.151144341102931 0.00583640245984962 -0.0134204250196521 -0.391640603991242
0.0925221137227999 -0.113336567384601 -0.204318371097651 -0.310761142654746
0.00151668197542829 -0.104997793862934 -0.289661854025597 -0.173655751804302
-0.033314743096503 -0.0720538553462746 -0.303782993700685 -0.0532486078079214
-0.0892852678903078 -0.0197865764545019 -0.25760867255649 0.00812460402177035
-0.11698455431338 0.0143221695015222 -0.17923430077637 0.0342133094574786
-0.125258899016201 0.0166229906408679 -0.0667377955122682 0.0283617517271058
-0.141635060448226 -0.0473439017952303 0.0256249306876173 0.0737166753973503
-0.0953661604642116 -0.150860808040826 0.0113739025810913 0.0920691819010391
0.0989872182491416 -0.228499641859726 -0.0192743808986409 0.0247508674887119
0.248812874110318 -0.0173312825759438 0.110668559342522 -0.00930849325965712
0.121104239153698 0.221092548404528 0.143487869534458 0.0422189702398063
-0.00173831606597386 0.298025139797303 0.00654343774555297 -0.148206994830447
0.00438061404887767 -0.0381243775868617 0.055683804318443 0.242446650368245
-0.0405232007419603 -0.0770658341241912 -0.0342772281806561 -0.035027978565926
-0.0863844646531987 -0.0362154564088363 -0.145731628558889 -0.0140884988648445
-0.0728158379776998 0.0586601735887873 -0.0352514950039706 0.0156383944624816
0.0112150318901234 0.0707932883551025 -0.0128618167716564 -0.0402049695317548
0.0437447568323335 0.0179556265649862 0.00389871250070021 -0.0257471960491565
0.0409346199984611 -0.0135106778720706 0.0940150064068254 -0.00343137836302943
0.0269690902440815 -0.0138055838832511 0.193507749630385 0.00447562871329623
0.0219942650224034 0.00344842487969504 0.274922195566203 0.00684687984513047
-0.00330337670972192 0.026458565406557 0.314145958889434 0.065295875952007
-0.0344988298871415 0.0324993563832679 0.305464758164526 0.162415078299448
-0.0599862276965329 0.0124881053231133 0.216405909306879 0.287628489342558
-0.0579589870129206 -0.028101297102099 0.0445249226192836 0.398860130145374
-0.0593518313907909 -0.0859955521263137 -0.194693454687252 0.419616467268496
0.013539948129793 -0.126419197672356 -0.409171741379293 0.434770564435743
0.0128247322191039 0.160552746769396 0.0191607519877946 0.243271212902208
0.0922362275206191 0.0750345301278545 -0.035699585921105 -0.00637961161231882
0.0933469431377483 -0.0576878832576009 -0.131082691526067 0.00305014315488202
-0.0122198887875308 -0.111444841208775 -0.0309631799869222 0.013761011430152
-0.0674777821684808 -0.0339253856110255 -0.0183398357105918 -0.0504496129263768
-0.046548659955181 -0.00973020304860326 -0.00234478251989713 -0.0228038102641619
-0.0475211112859488 -0.00239149923970662 0.0882518585394466 -0.00490465228814076
-0.0570952422699562 0.000888718169685916 0.185640594565937 0.00366359737564785
-0.0482880265879041 -0.00150836892081026 0.265820376377755 -0.00438441091970385
-0.0458567255464624 -0.0174025372180696 0.308246457699355 0.0503382624100945
-0.0421335712853674 -0.0289590986150972 0.308538857957096 0.138551658263158
-0.013619645896348 -0.0529192307854477 0.233724831465366 0.271113021452765
0.0182124034233233 -0.0288030613315314 0.0783762680324236 0.403010796329559
-0.0123926383667661 0.00610942640109436 -0.143362127229304 0.423800365907949
-0.00792149890353504 0.0354042527261638 -0.366207244235623 0.45823180485238
0.0106819132154978 0.320454506814158 0.00243065377452178 0.195525942762266
0.195282268431222 0.196268286969563 -0.0211404035676205 0.0352275424531951
0.240955672813589 -0.0667849835351125 -0.0569338631187176 0.00562068964621457
0.0488601438178668 -0.244192396128632 -0.0121294326465109 -0.048731190964244
-0.117685708659781 -0.129938678764739 -0.0632098605944572 -0.0964307305097516
-0.116055464901202 -0.0466312836453578 -0.0524526662317291 -0.0235255849278648
-0.125727139890984 -0.0010990189135045 0.0503149937891199 0.000871764330844717
-0.1322229352459 0.0142519277495345 0.15026920574849 0.00302976573059617
-0.112503664211161 0.00100161044069834 0.230476801667971 -0.023359218777677
-0.0870951381057046 -0.0456365935516162 0.289657957010422 0.0252539644536616
-0.0617405612978693 -0.0764869743166913 0.316212988287562 0.111878078082589
0.0102721191417499 -0.125536005252837 0.247877209530846 0.266319860546201
0.0960270530484033 -0.0537880320460521 0.0892174905938663 0.40148982819742
0.0594681111858272 0.0870407787565198 -0.10525240809539 0.385132974188944
-0.0138660025584393 0.19983125159539 -0.295647051413277 0.42451369330824
-0.000505850073171237 0.420597203662362 0.0258127227638933 0.116029273868941
0.248009543056936 0.260184288251835 0.0441845425163464 0.0529387682784184
0.318553105552409 -0.0712243055938777 0.0438647226043431 -0.0502661395157451
0.0883366605717355 -0.311135374583517 -0.0128632791151537 -0.156371590686555
-0.130059524338023 -0.191420036083916 -0.136575411518932 -0.15267428376407
-0.149630493108609 -0.0837629610280265 -0.125008972226539 -0.0295479662802967
-0.178754046735615 -0.00915535973493672 -0.00878663822570788 0.00773078733797662
-0.187589494103563 0.0249965976011464 0.0913641229351621 0.00409223424017817
-0.163093876242162 0.0110932800920443 0.176516632789963 -0.0373419971417769
-0.129573934932321 -0.0526303079129981 0.263284149460944 0.00702275802278329
-0.101605517003275 -0.10742196286071 0.315435979853863 0.105382187668279
0.0053824508103833 -0.208557152705477 0.235367971230985 0.275121709257347
0.17500843093836 -0.105052749564768 0.064228398331092 0.382031402036064
0.150541358236005 0.156173266978766 -0.0759959542979307 0.296760000551855
-0.00570138944280565 0.345596403791854 -0.214710883070548 0.337915326098102
-0.0116387204162836 0.459569311063439 0.0923914976829492 0.0114713296825035
0.242773468994023 0.275394818671482 0.147340087047929 0.00452467006424827
0.323414177130762 -0.0541030134398266 0.107605303918873 -0.164383091323898
0.113814511028126 -0.301884893301745 -0.0526420023236584 -0.260687222370886
-0.103305875909164 -0.213622918646919 -0.209090643992521 -0.190655567873626
-0.145043321015846 -0.113186697466136 -0.19403919106512 -0.0359719976706373
-0.19939303405993 -0.0217021773347446 -0.0792363792150375 0.0122755275228068
-0.214906744926221 0.0310923716677242 0.0158126638549014 0.00780712009624132
-0.194613405169004 0.0247180562649746 0.113186822936754 -0.0370429574204722
-0.170273408917334 -0.0450538696264908 0.22550046918274 0.0117581809810682
-0.15233842028066 -0.132774106973278 0.283395099854419 0.12293243006438
-0.00475087839194395 -0.296348016526178 0.172008920618479 0.276101077950871
0.257298371062085 -0.156899164306971 0.0144635249350045 0.311258800651956
0.234110381398555 0.2159505294083 -0.0396022047786822 0.175979588885115
0.00550567607650088 0.44859396958432 -0.132043909426746 0.209853981062418
-0.0104780444076865 0.44365519824731 0.184820095444598 -0.112359456869261
0.205127098492642 0.255211776096029 0.230727062960184 -0.110701582062323
0.281960313066381 -0.0229847640362758 0.101193283025028 -0.279603543228442
0.12892864722797 -0.247860486107773 -0.112492038467838 -0.315616882973249
-0.0581769287725457 -0.203644225315531 -0.255976774617333 -0.200524290643625
-0.115851243191457 -0.124747200058625 -0.243556504336889 -0.0455236639645224
-0.186166284691798 -0.0307076129585564 -0.14970426690577 0.0093568113198442
-0.212236238737369 0.0300971034526772 -0.0634539100570754 0.015438258681684
-0.202392845032727 0.0326830788860036 0.0466235847124119 -0.0200049810140394
-0.197396110098301 -0.0407222530322548 0.16994660244783 0.0366825853042004
-0.182035532536057 -0.160834013505956 0.20428832314579 0.146641957604755
0.0165322772881777 -0.357390810958704 0.0698751389230727 0.232266871766585
0.326124619104622 -0.159983765747006 -0.0143636159560391 0.186646950301296
0.268179691617742 0.267200049466022 0.02385696349384 0.0659186370312004
0.00913510961840491 0.483903052582918 -0.0596924715734731 0.0696910094155221
0.00769255707115297 0.375257057091946 0.271756502776833 -0.241165861859634
0.156397372846056 0.206529240229116 0.260479361413539 -0.24369186995399
0.220243081160673 0.00237544002697279 0.0528329103680985 -0.349806360406228
0.125196909655112 -0.178807997334472 -0.159421055304291 -0.32242734205347
-0.0170092379281195 -0.166295177267096 -0.272956238241301 -0.194280677392856
-0.0750029529461004 -0.111725795371784 -0.276947226265115 -0.0562369251205912
-0.146702775346714 -0.0305842620605554 -0.211838450727209 0.00470269234263448
-0.177576841773209 0.0241243779703643 -0.132806749893537 0.0235653676577073
-0.179509274567393 0.0273028664373086 -0.0170073117743988 0.00340442318128995
-0.191792659798366 -0.0458668393959063 0.0964362129312392 0.062797078748223
-0.160366351642183 -0.177219020491461 0.0967644510958 0.137687134497775
0.0699553906486091 -0.337447139795931 -0.00880228731087786 0.130724057491296
0.333588139208251 -0.0976987969332665 0.0252262005652026 0.0579477681770601
0.224500141261604 0.283200165255065 0.0990086023739114 0.0179586221741816
0.00254035912377689 0.431667236815642 -0.0107432995099195 -0.0562032298938682
0.0295659269051257 0.265675808202983 0.332377498419966 -0.352569319492453
0.107994692851493 0.136225742207695 0.24426524496377 -0.355135689740925
0.149350220494798 0.00995074139517289 0.000109064731438701 -0.381807101565873
0.0938798656781499 -0.109816258864039 -0.187757361548919 -0.30975156498217
0.00556350495467352 -0.106216459053055 -0.279682771565583 -0.18219231388013
-0.0320996825832478 -0.0755060682649195 -0.29802049560096 -0.0623230131998047
-0.0877361895616547 -0.0237898349378242 -0.255354062123952 0.00153679287293101
-0.116546829663039 0.0117529992439161 -0.180145866596413 0.0300738950643456
-0.125569862847138 0.012208867739348 -0.0678290487809104 0.0239569095922245
-0.139125722484409 -0.050564685894921 0.0255982574308364 0.0700379318115046
-0.0914118068543893 -0.151063399295883 0.0106787344598153 0.0926134571700937
0.102808074440833 -0.224824695335354 -0.0232913200516429 0.0248658610835497
0.245175029602325 -0.0126475674759118 0.104283533700323 -0.00958936664844108
0.115977605184152 0.224048161980865 0.139406805534282 0.0342678551487961
-0.00563230976248535 0.292267923767281 0.01207866669219 -0.151549694741707
0.00573871260415793 -0.0421084573241121 0.0525481790071171 0.255641154526743
-0.0432348909713215 -0.0801572094454899 -0.0330855493355421 -0.0263902219576575
-0.0895834038179645 -0.0375632927194247 -0.141722396576096 -0.0119477316315169
-0.0745555362647718 0.0611590158148405 -0.0299188041900715 0.0131862379635115
0.0121443061511964 0.0719323445094351 -0.0138858028841864 -0.0435398404480764
0.0445033023703724 0.0192923786447669 0.00119778454165771 -0.0240530031311869
0.0410509918910352 -0.0142868094778244 0.0968445865106339 -0.000695105988367627
0.0269876333568862 -0.0143257913788238 0.202598937100135 0.00739232156240854
0.0215260298677842 0.00326772121832031 0.286316503981536 0.0124841113809176
-0.00432253489916482 0.0279894800002038 0.323212289128581 0.0741654205035255
-0.0365811583521654 0.034526982337817 0.309488831067276 0.172532646104869
-0.062462278660378 0.0113239327938612 0.212401490701125 0.299202372051364
-0.0600611029042271 -0.0313438990748036 0.0383013154638013 0.404637108524192
-0.0583917487132846 -0.0871533222942632 -0.20623658435122 0.421130756771018
0.0169316520931885 -0.129597206865869 -0.422556435222249 0.441039834627756
0.0110517249824849 0.161730561785566 0.0148497617344149 0.256580437523245
0.0913650027066928 0.0786550916661135 -0.0346823234594408 0.00223193931436083
0.095414224876356 -0.0574037493000258 -0.126805711072103 0.00642763846440183
-0.0109941814953125 -0.113568140648371 -0.0258213467126705 0.0118077132351635
-0.0672040972016232 -0.0362424566023618 -0.0195882976000484 -0.0538578847394947
-0.0474164246669978 -0.0109622411242966 -0.00555770291014006 -0.0210401516183323
-0.0500649546988959 -0.00438732749503714 0.0907677996373447 -0.00127224813073073
-0.0605451542657443 0.000250881368307509 0.194214352526158 0.00655040670653797
-0.0515899507578971 -0.00325295509266621 0.27549976245093 0.00123427545651377
-0.0481128983837904 -0.0196127438944579 0.316700663448551 0.0584208979741979
-0.0426978886779539 -0.0299227790588373 0.313040842981769 0.148950693561543
-0.0122116604950303 -0.0562961055199842 0.230239430756897 0.282321047689787
0.0196250229640842 -0.0300246562509823 0.0711847223255203 0.409703244654781
-0.0115475923247128 0.00916381191096722 -0.153138213578571 0.426069509447665
-0.00754234338810328 0.0358065739672832 -0.376762414471735 0.463175465607966
0.00718604986228133 0.326621162519036 -0.0013710530104177 0.206250023166895
0.196242230119719 0.205770728226548 -0.0205360745973855 0.0442440907146934
0.24687278636221 -0.0657583171875995 -0.0512378341915882 0.0104950299558799
0.0536552377393756 -0.249928696087682 -0.00671748494665455 -0.0514949872364766
-0.11732744492224 -0.135810493977003 -0.0655792149221016 -0.100935509171907
-0.119116393620516 -0.0511896659839877 -0.0567141165579991 -0.0231602925753551
-0.130897325116614 -0.00514846413321928 0.0509472600403689 0.00503047778565522
-0.13829364221606 0.0134819935275849 0.157049485581908 0.00537535815617953
-0.117770530457814 -0.00274630104350953 0.238391071956318 -0.0182890874310828
-0.0906626927870301 -0.0507511804676032 0.297557157605474 0.0316569068609768
-0.0618813825511412 -0.0800713211189894 0.319638199275662 0.121638532236037
0.0137840727891727 -0.13068352329917 0.245644622931696 0.276373546500629
0.100190640123729 -0.0532025301474705 0.085002279743312 0.409726741614019
0.060006854050026 0.0957478231675586 -0.113388173734139 0.386825035561045
-0.0165712314528642 0.20349522176523 -0.305920561214534 0.431222258159472
-0.00636218300244063 0.428424106369092 0.0224807487334442 0.123433127963831
0.248941346158797 0.272180757974792 0.047018159671103 0.0621169602370324
0.327765223327324 -0.0681694484254807 0.0518132817699895 -0.0458179552900207
0.0947079831480416 -0.317429026522523 -0.00692948411557715 -0.161353643379755
-0.129661001400368 -0.199455233654364 -0.140063809456461 -0.160229858174222
-0.153564094573199 -0.0907077717575209 -0.130503925470917 -0.0299005996676709
-0.185838741262276 -0.013994051535086 -0.0108215866233058 0.0106289545852732
-0.195284795284351 0.0245464939243188 0.0948004470614098 0.00611502554092261
-0.169612279795412 0.00774260951226255 0.182041072342601 -0.0342267454906347
-0.13366946568643 -0.0589095494095556 0.270530626256227 0.0120721158931456
-0.102250381028486 -0.11324478703563 0.318980312247267 0.113167414551497
0.00971801620634611 -0.215593462846322 0.234079960667489 0.285535267001814
0.181357220269512 -0.104509886876923 0.0609273767716787 0.387626669552235
0.152521679685135 0.167206037765095 -0.0826275977500405 0.296582153184784
-0.0105977071758231 0.353930653338868 -0.222447989812506 0.340665650800191
-0.0178275666413956 0.467785597929485 0.0925991616374515 0.0163665506370919
0.242471457319449 0.288960312868959 0.152036502462878 0.0117968274688666
0.332188861491987 -0.0502391919828757 0.117109409179118 -0.162429270430673
0.120811488858562 -0.308528967867647 -0.0466713573922243 -0.267593783300852
-0.102153592954662 -0.22332553183791 -0.213282301870262 -0.19962432641427
-0.149430397479101 -0.122089745706292 -0.20030310449137 -0.0390413388153806
-0.205988597311042 -0.0274801668344504 -0.0827128164049987 0.0124561235646289
-0.223456829982419 0.0301205445014269 0.0167619143818388 0.00903852291887219
-0.202474438544079 0.0212714188444742 0.116049117598252 -0.0353070221492641
-0.175464063155292 -0.0521674149238231 0.231749946036828 0.0143195952272989
-0.154192841138041 -0.138299877011484 0.287830253591581 0.129725475341572
-0.00038935812895477 -0.305335694153744 0.170048856988706 0.285095749195584
0.265557084514186 -0.157220743850534 0.0108346557642322 0.316909601908952
0.237639437311144 0.229317314963865 -0.0443741704933785 0.172166815041841
0.000274561668190745 0.459362444513931 -0.135492428630902 0.210714625215147
-0.0158827029133002 0.45150947255069 0.189235851396335 -0.110295733770839
0.203749340216876 0.267882415305018 0.23888064511082 -0.106218004791164
0.2904937277335 -0.0179176090205862 0.111473616245169 -0.280153663959033
0.136528404025232 -0.252908290608948 -0.10793428887503 -0.324585024775773
-0.0552332490772264 -0.212848697254107 -0.26055936627004 -0.210832836361416
-0.119259943825069 -0.134361180125766 -0.250841496098392 -0.0508108015631653
-0.193177930970109 -0.036425854810841 -0.154536907360381 0.01013213570198
-0.220523374841591 0.0301113665676161 -0.0663139938596501 0.015276160246574
-0.209982520550106 0.0284011561819146 0.0463315048908578 -0.0201917987962267
-0.203090735362645 -0.0472536938629669 0.174749898099421 0.0381576068538981
-0.184271783911595 -0.167212723934755 0.20766472880548 0.152596062359128
0.0219790851760445 -0.366517788968729 0.0663133349272199 0.239738758155348
0.337182426784479 -0.160899706245975 -0.0179225094585525 0.189633832710714
0.273005416762281 0.281995354489491 0.0222310953605746 0.0584816030939633
0.00516734228883066 0.494117401899418 -0.0605173692149813 0.0673593663121919
0.00204450051623558 0.381006168215851 0.279885744766529 -0.242474583645588
0.155029365379475 0.216490351386615 0.271249232556629 -0.243068495194988
0.226799833582062 0.00751380152544084 0.0631033620128939 -0.352667306447968
0.131804303619324 -0.182092148046027 -0.155206472668297 -0.330503612571019
-0.0142985157065389 -0.17473509567489 -0.276118363653539 -0.206269435758605
-0.077459466262263 -0.120722217473869 -0.283571735548169 -0.0640752237451931
-0.152080602339243 -0.0362838371427852 -0.218097593692022 0.00251312217095175
-0.184316671041607 0.0234191821061314 -0.138273608499156 0.0228786904931437
-0.186795476451273 0.0242445989730811 -0.0192814062317688 0.00234424919060394
-0.196056043571974 -0.0512740704947685 0.099340221322384 0.0627189915847014
-0.162853291320343 -0.1823227402313 0.0983752381460112 0.143328219886861
0.0752155525201205 -0.34658058919635 -0.013945757382054 0.135400394299865
0.343157571195486 -0.0975987280565306 0.0228023671042836 0.0572784700009292
0.228366336689232 0.296826685321468 0.100345667783223 0.00971316900956658
-0.00188252235305556 0.441253608464814 -0.00871822349142473 -0.0627447331616317
0.0285400385974439 0.269335417108727 0.343143135127732 -0.355777962214397
0.106482952297047 0.143472879114643 0.255162282002243 -0.356579563715376
0.153562413544021 0.0134050925482229 0.00984364396529307 -0.38556942372334
0.098213217778864 -0.111853065877049 -0.184395265497834 -0.317875643333784
0.00783263489190896 -0.110403999671673 -0.28209482420528 -0.19450730441052
-0.0332952342486595 -0.0815196983982573 -0.304930336107973 -0.0716605112186037
-0.0910813238412733 -0.0285494981013168 -0.263413784951263 -0.00170358550354881
-0.121264601632449 0.0113012772267975 -0.187932572519423 0.0287130902872647
-0.130798214202215 0.00999401583835819 -0.0713245973031996 0.0219217238795943
-0.142694757992948 -0.0540822806961175 0.0276378018354053 0.0691589212708285
-0.0929315852959421 -0.155590914298144 0.0113882817969415 0.0973974318094108
0.107597392361025 -0.231291052944435 -0.0277729578681741 0.0271917801940245
0.251371600060657 -0.0114370080909535 0.103810616735251 -0.0119144148798135
0.117766451532867 0.235006773064739 0.142660501389043 0.0261856091235311
-0.00811772302090925 0.299443068630218 0.0158202660315911 -0.162170838633614
0.00462571742924626 -0.0472059007705898 0.0605047324558843 0.271777260691476
-0.0502935492748054 -0.083026448925594 -0.032817185183516 -0.0176756296720274
-0.0964564049085658 -0.0362062090586056 -0.14195132310921 -0.00420811873895999
-0.0752861246524116 0.0675833087945177 -0.0247498496350815 0.0113701920430006
0.0155796796179414 0.0747622113904394 -0.0176642834102922 -0.0475417010141581
0.0469766018166983 0.0193373988294146 -0.00198434071076532 -0.0221191692742681
0.0415159196585997 -0.0161132657386908 0.102397085119819 -0.000926842115785548
0.0261643257872078 -0.0156511761907949 0.217566676962931 0.00301984150171724
0.0212950670920225 0.00243306869100631 0.305422422894411 0.00781531028787691
-0.00470811612518439 0.0298163961574169 0.343153318258955 0.0712303638736883
-0.0380621436404744 0.0392004841851119 0.328312234297618 0.177022525083896
-0.0665363765199754 0.0130769471519231 0.224830686838679 0.30993168613964
-0.0648763493408156 -0.0330266500036429 0.0471982508714005 0.418700888461354
-0.0610074205102978 -0.0892660980522241 -0.205820143707621 0.441273381206999
0.0160564274644676 -0.137599230574235 -0.426808836073605 0.47248299257937
0.0158572789221819 0.166452167608569 0.02147036892619 0.274017608466742
0.0956986411304142 0.0810499412379945 -0.0341083204762659 0.012739868965482
0.0968328720326713 -0.0622689716030001 -0.126028328374626 0.0149143618367762
-0.0140338105220507 -0.117718693462311 -0.0212099588189484 0.0104292118059275
-0.0699838682948243 -0.036616771427903 -0.0243887239501257 -0.0572279764338183
-0.0507721663834785 -0.0111464618496211 -0.00931161099738554 -0.018639244561291
-0.0544088440433766 -0.00447385042015382 0.0955872090646312 -0.000514026258777426
-0.0655972881714735 0.00240882068085141 0.207768750024298 0.00213632240339088
-0.0563247846790847 -0.00360451473583448 0.292870511422991 -0.00413480359718229
-0.0519541709510346 -0.0203646420326111 0.3353470077543 0.0556881369734405
-0.0460277822470639 -0.0297915636928686 0.329056930598766 0.151155840160256
-0.0144171410889763 -0.0597935345247842 0.243340067097449 0.290933341014915
0.0192521674011941 -0.0314502076586379 0.0841660877543855 0.422993871643738
-0.0102786329313724 0.0133040888662638 -0.151441332498796 0.444776115874021
-0.00634058301537334 0.0363310182829858 -0.378596547877356 0.494884318751682
0.0152014372538003 0.340064889387458 0.00203544000026098 0.221501030001019
0.208706357170416 0.211141370224276 -0.0180839914492706 0.0553031153636949
0.256203950607293 -0.0747907273953802 -0.0467640704929325 0.0170960053046275
0.049357610976005 -0.262162717572655 -0.00306201241665372 -0.0558347292394456
-0.124984279256593 -0.139887235471238 -0.0744212023910328 -0.106104532086467
-0.127353202145415 -0.0521439943515031 -0.0625638213181043 -0.0199482211079417
-0.140067945700669 -0.00312581327876416 0.0539970661360505 0.00716037248990903
-0.147334175239894 0.0188010092147401 0.1678311391487 0.00268335989404657
-0.126883323951797 -0.00149285911497837 0.251930382000107 -0.0240644221583311
-0.0981027630965176 -0.0532720296249473 0.313630700162545 0.0278967197730812
-0.0668240185364708 -0.0835099660647742 0.335820327629612 0.121596214527974
0.0117953720962638 -0.138943684294045 0.260633023338697 0.284445482630315
0.103854624044349 -0.0574051315210146 0.0977089953870046 0.422949876628371
0.0665722284733298 0.103376907588957 -0.109134898164466 0.401774933209312
-0.011894804215599 0.212551096696952 -0.305865212771722 0.45917516787947
0.00440226529400484 0.448079924505267 0.0250937434805932 0.132954378442285
0.264325312287879 0.281548063452468 0.0524159047701757 0.0711919968175529
0.340699757074178 -0.0793450444730152 0.0592639914748246 -0.044596948366988
0.0908787266639628 -0.335047878544032 -0.00683150735481191 -0.169771264545502
-0.139177047773791 -0.208489516759182 -0.153438196030698 -0.164647675685561
-0.165311961499117 -0.0946256599106484 -0.139716704378547 -0.0255078032282269
-0.198785701695759 -0.0121356076390759 -0.0109552268889969 0.015591892981222
-0.207172145210319 0.0314614435562792 0.10136892314369 0.00468310504732429
-0.181833846967151 0.0100368498004204 0.191020887422443 -0.0394355371341626
-0.143243929380039 -0.0614686253609447 0.28420432390384 0.00590404641859757
-0.10941952669559 -0.117602166977969 0.335871371203209 0.111410841901633
0.00654293926229353 -0.228199122150982 0.248917882723311 0.292780282047843
0.187739952945336 -0.112908007819778 0.0726343422429142 0.401468038301037
0.165591379735043 0.176704462839206 -0.0797574640592516 0.306029751117868
-0.00149909594685787 0.36967837153569 -0.219626458883332 0.361679569892667
-0.00787441571053274 0.48853965350895 0.0959278316089307 0.0178307433618784
0.259072556507164 0.299498547758634 0.161344441449167 0.0136250142646651
0.346832224259243 -0.0599120127929134 0.123528760370809 -0.16879798413345
0.119931621135004 -0.325882144228142 -0.0526783778759917 -0.279362163023098
-0.111073424076402 -0.234648882232838 -0.231002994605193 -0.204221567764954
-0.162412419870844 -0.1289993085444 -0.213015483688377 -0.0350710476973291
-0.220921936113038 -0.0259823721515571 -0.0863879614195565 0.0185099154128445
-0.236949519139701 0.0386703848403859 0.0178075826979143 0.0101506353292711
-0.215621588657386 0.0246087262814723 0.119198000285252 -0.0387452882332064
-0.186765289473313 -0.0538884906278386 0.243495851879596 0.00857056756453162
-0.164308128494367 -0.14190798204213 0.304558579536304 0.129349932721492
-0.0075757721413025 -0.32148081672445 0.183553755184241 0.294474751165101
0.274187101280859 -0.170116758014015 0.0203892119559735 0.328403300286773
0.256818544182708 0.239719078807361 -0.0430946704729372 0.173804596952962
0.0130469232199395 0.480664711801839 -0.133373312709021 0.221650196369322
-0.00631156204764279 0.471511460660017 0.194090612123922 -0.118864472815268
0.217434412688236 0.279602769904524 0.248985697597721 -0.112808668434067
0.303831890802412 -0.0249648540320674 0.114082193070647 -0.291914157057812
0.13854818294187 -0.269697648072652 -0.117205647562729 -0.335556544219945
-0.062604812154073 -0.22538599086423 -0.279450491483089 -0.2162866069638
-0.13148449250852 -0.142817481416816 -0.266391362749914 -0.048014246933628
-0.207185506098123 -0.0364285931196626 -0.163285729613171 0.0157071271700056
-0.23263888277335 0.0385957056660054 -0.0697070939912815 0.0191342228662276
-0.223170792972387 0.0335041237863831 0.0463923247725027 -0.0219557566088892
-0.214841698710748 -0.0471659801454415 0.184746286457457 0.0336615789136575
-0.19712920854553 -0.170178160853526 0.222504671043188 0.155547421362464
0.0133804969831752 -0.385954137565126 0.0731898814396494 0.249576109377735
0.34628657150331 -0.177340080034224 -0.013982876554677 0.195802686918078
0.294399417647468 0.293101205814281 0.0230498056569233 0.0515064030495743
0.019041951395536 0.516916880630226 -0.0591561794296037 0.0678512000877447
0.0120296258993851 0.396692987653416 0.286114773403193 -0.258825199460274
0.164262134420791 0.22656307795272 0.27871867037505 -0.258478529250541
0.238398575385376 0.00342437897977315 0.062687690283755 -0.366979062331476
0.135041898667308 -0.195492474584187 -0.165109747152044 -0.342740522871718
-0.0190614609380979 -0.185870089161617 -0.294617679703829 -0.212008409842393
-0.0869146941173979 -0.129742481469889 -0.300302509032285 -0.0628585181843308
-0.162986622682507 -0.037065553865308 -0.230184566313402 0.00891576728902834
-0.194355207711306 0.0308094240611874 -0.145431297992593 0.0286640072240853
-0.198231464992948 0.0293296958765662 -0.021976414234074 0.00216750480706211
-0.207309551669349 -0.049809170725744 0.107161719957051 0.0597774826744154
-0.175341341876484 -0.186590746527531 0.108986619511063 0.149439555643852
0.0680481875676287 -0.367412145185666 -0.0142609644228739 0.143986708808516
0.356909003553638 -0.111794278638766 0.0235584988621966 0.0556992524733586
0.249770388614979 0.30927388577458 0.103634404032007 -0.00280086295820841
0.0123444342089424 0.461311604427019 -0.00891146349688859 -0.0709298901283339
0.0361416906469638 0.278702101578558 0.348782062925706 -0.380862414589284
0.11365566193027 0.149063934861665 0.25981444988487 -0.377259387130069
0.160945750044933 0.0102998717925205 0.00503528839290189 -0.398726162314597
0.100746479647419 -0.120325246517915 -0.195213396585124 -0.327525716361747
0.00605324967496165 -0.118430370275725 -0.299918294659776 -0.200220875325447
-0.0379456771997027 -0.0887506354060533 -0.322746139892071 -0.0703978021868926
-0.0976831773831691 -0.0292868066918997 -0.277940333092511 0.00482710166568924
-0.128157436469161 0.01587315344943 -0.199031104602109 0.0356936997655147
-0.139068738420654 0.0129535102271183 -0.0762318813117273 0.0231502776864512
-0.151543786619471 -0.0538252852723601 0.0323717847003549 0.0679603695373585
-0.102473299033709 -0.159892578600115 0.0163679334059432 0.103693509664669
0.104751086935996 -0.24699674845401 -0.0327185634387485 0.0317037842106714
0.263056301303741 -0.0199589736732353 0.104903963248188 -0.019731427061405
0.132760488703529 0.246084485922611 0.148280283277921 0.0120789588616886
0.00118895043972141 0.312151417520302 0.0139004005556035 -0.176403089976536
0.0182778161819245 -0.0473919928277772 0.0173000189785179 0.287895477163217
-0.0399245348733023 -0.0908940814689414 -0.0321425632479348 -0.0153008837502836
-0.0937852747493078 -0.0498498998574292 -0.144348759640472 -0.021735861607757
-0.0841398075691238 0.0584126253223276 -0.0278132759040185 0.00776097773146401
0.00292740756313829 0.0784982962477003 -0.0122989726344853 -0.0500449912634301
0.04457014181926 0.0271049548454557 -0.00113289633151946 -0.0192936156153109
0.0444390956461018 -0.0102626425505468 0.109205189657512 0.0178343585263376
0.0299311539664778 -0.0119071090166598 0.228647165452654 0.0371746145702734
0.0207582213759645 0.00621950942395008 0.320555135292753 0.0548341694780291
-0.00808944719907724 0.030930137541139 0.345215798087194 0.125335054137919
-0.0449963949027297 0.0377247858936002 0.311631812923165 0.22978279411562
-0.0709863934009157 0.00768514968293638 0.182438214403888 0.350722331137696
-0.0643896387843898 -0.043802694102536 -0.014553852702904 0.433451370153982
-0.0504650793140326 -0.0975509978145329 -0.274110242025327 0.417501563319648
0.0415210685845479 -0.137426893992378 -0.520767641334413 0.418979209019254
-0.00795936444585828 0.171137406715276 -0.0240893541750126 0.292938854427746
0.0806659386873444 0.0975507816768917 -0.0336583197729426 0.0210322130914097
0.105426943463426 -0.0439868001030831 -0.119438080163159 -0.000874098632229431
0.0042990659167035 -0.118178926755949 -0.015328139404158 -0.00200731437551124
-0.0648971426276183 -0.0482267303713543 -0.0234230816216492 -0.0669575127320107
-0.0506711825081365 -0.0209369094381909 -0.0107353911862282 -0.0183369491429459
-0.0557897164006529 -0.0149067024990581 0.0988317914542478 0.0163681264248441
-0.0682194350403906 -0.0100157913793135 0.218947367664857 0.0351100597696592
-0.059459320042511 -0.0151232853050084 0.310090663053399 0.040307098811176
-0.0493842257687666 -0.030457204348047 0.341780594820108 0.108332661033102
-0.0386657376409699 -0.0372820776915033 0.316214013735797 0.207124652691508
-0.00413997189928425 -0.0598636779383863 0.203435415366569 0.339892063009059
0.0231424896976344 -0.0230963062540835 0.0218699348633969 0.440914127345167
-0.0167157703744538 0.0205628609033261 -0.220664505463726 0.423710985227843
-0.0153739131806686 0.0416673794198416 -0.469530741736154 0.443692123066496
-0.0396640671919876 0.346158428674907 -0.037172665260683 0.242406726567559
0.173094753330746 0.247744728521826 -0.0203959236298654 0.0694729823102445
0.267665140053349 -0.0302888150969618 -0.0285657257452581 0.0127851087898044
0.0885249357179228 -0.25514639110811 0.0197521024537134 -0.0753569045467968
-0.103712006455125 -0.161419154131595 -0.0726837939457493 -0.128654955167726
-0.122952028240501 -0.0765562237221119 -0.0680119833716333 -0.0283434319488466
-0.144012848572326 -0.0277597347474226 0.0516950948665809 0.0162518655082063
-0.156166580006205 -0.00831482915609093 0.176114487630934 0.0297880966907462
-0.133255757266441 -0.02596758564898 0.269770256803971 0.0129606046291426
-0.0916067376508609 -0.0746025219356871 0.324414302212416 0.0749078400784024
-0.0492815268038711 -0.0983339565928481 0.327942634161257 0.180418773213777
0.0376077566248014 -0.13805816978846 0.222768974235509 0.340615648688909
0.115618860249575 -0.0320942985215023 0.0354034682415971 0.443957978493235
0.0471494751154455 0.128967939977554 -0.17583892976465 0.379938174258322
-0.0553748684816946 0.22716401514771 -0.384177546109644 0.409190375006886
-0.0709735493718606 0.450749347044147 -0.00121162562485968 0.159469991866747
0.218106644644961 0.327049772211292 0.0510026881093038 0.0962150350979143
0.353610225315247 -0.0227134806428415 0.0932634246614206 -0.0357741775951653
0.139342146960746 -0.321108778455369 0.036908238858158 -0.19602569511683
-0.108522900940164 -0.231859859715131 -0.146943957059781 -0.203482514109832
-0.155700465986713 -0.126972558389614 -0.147235371912838 -0.0474531827787772
-0.20253538054792 -0.0466791525122981 -0.019097685703042 0.0126158330887181
-0.219893438655905 -0.00576106440765442 0.106013802856909 0.02087881338634
-0.191272209985692 -0.0237804447819424 0.20722600445397 -0.0129644176208093
-0.136670966204845 -0.092247838241976 0.296426783507951 0.0476638458871757
-0.0857563868981542 -0.142483430273434 0.330926380654857 0.169231410613817
0.0461463030147883 -0.230869584587705 0.21228016458028 0.351432427834466
0.212824781010887 -0.0720181506755074 0.0133242861068334 0.420543261852714
0.136428473039308 0.220636302005365 -0.136101217434305 0.28317141400037
-0.0740321862256739 0.393835516970963 -0.276116274242219 0.315173876125611
-0.0918759186111107 0.488963325030096 0.0870154697941458 0.0541137116478447
0.208633070644246 0.343344289156619 0.171115038109157 0.0527045734385796
0.356578432135624 -0.00232995307526782 0.177458284409092 -0.151864876176136
0.165572228819968 -0.308343694097909 0.00819138226956907 -0.314691065438787
-0.0759483236667328 -0.254044298669689 -0.218449242919526 -0.256885997628759
-0.147367239096297 -0.161759265363014 -0.220994861745206 -0.0703315182356153
-0.223715849365115 -0.0658229726908914 -0.0989070087023995 0.00258602477433206
-0.251956284989094 -0.0041048703668891 0.0171618994487529 0.0131698819720308
-0.229029816039427 -0.0142397485600879 0.131973790552914 -0.0245136888127586
-0.182688975717231 -0.0912352018601144 0.255104493831585 0.041312748577299
-0.137671508770545 -0.177848689149294 0.299244551358238 0.183483063979679
0.045723715422506 -0.328890823033695 0.147812853808633 0.347388633500945
0.312253158493643 -0.116218988302046 -0.0343616985154544 0.338027112491586
0.221388674130561 0.301002271743121 -0.0829115802513727 0.150140317981821
-0.0778191386037079 0.511747301041184 -0.160220733569168 0.178305752168738
-0.0879457622623109 0.46562071077086 0.207594736043806 -0.0703893881038467
0.167806936916417 0.314575837809765 0.2778114121336 -0.0665360747433216
0.304981781555987 0.0244317727512615 0.181945211052368 -0.278245597903731
0.175661199297846 -0.247545518624206 -0.0502647358232957 -0.37821336123632
-0.0292279212194253 -0.237216831469486 -0.261866762678578 -0.278000577377778
-0.115249955140152 -0.171039184830226 -0.273139757420036 -0.0940839411940267
-0.20849106216734 -0.0734483949746964 -0.177785793724918 -0.0133131207199678
-0.248127490543982 -0.00334405572379507 -0.0764105923525186 0.00901447307294636
-0.237145677584655 -0.00579064632596853 0.0537443124407076 -0.0185216473578395
-0.211643319276379 -0.0883070267801345 0.191472546141359 0.0569357660371368
-0.16667273068633 -0.21201174949465 0.213897081977484 0.199963377833758
0.0746186484147302 -0.393887632454182 0.0422740529545948 0.290149030079038
0.389546045084803 -0.11037056928579 -0.0526235989647802 0.197411830621006
0.255753158464724 0.360626354153812 0.001123051000745 0.0316353437718542
-0.0770106364483827 0.55050056930918 -0.0592809656947059 0.0297983289800364
-0.0585185192797716 0.390639902850192 0.32530168129289 -0.200892742251902
0.122274854166999 0.251958502573514 0.328147684764119 -0.212634053348911
0.233746850195482 0.0422529319856505 0.136059617480823 -0.359778417790328
0.159748410368857 -0.17402090813319 -0.101835906301471 -0.387067140132611
0.00788450617874491 -0.188880829555681 -0.275147342518277 -0.27524811174605
-0.0716133845067642 -0.149744244992153 -0.304427959311901 -0.116164910542373
-0.163433585409166 -0.066860083857112 -0.245826277647795 -0.0300237672250316
-0.207546223534965 -0.00436923362099053 -0.157212255480373 0.00688385976872673
-0.210551272870635 -0.00607239427182233 -0.0221546995867208 -0.00501810104895391
-0.2041716755111 -0.0888737394798343 0.108047887552754 0.0717418723530903
-0.144445478431356 -0.224603888239859 0.097960625825217 0.17799600434463
0.127576011170368 -0.368380832105593 -0.0351391374510066 0.169761213056735
0.388934191469288 -0.043655637806461 0.00441130558876349 0.0565199136272201
0.207363706346419 0.368693468595088 0.0938887250096421 -0.0134379335021069
-0.072839690309451 0.488745410197419 0.0146531375134669 -0.103181138681464
-0.0129580062017836 0.272488255541827 0.408681548837132 -0.319314700774207
0.0828554225487033 0.164614109805367 0.323915901372576 -0.339055883444302
0.154863186434045 0.0357228867668244 0.0779685920190419 -0.399876857196625
0.113085553398018 -0.103008913038826 -0.137209752728508 -0.371976303997161
0.0217021902175783 -0.11616519403719 -0.278742084856675 -0.260602410179314
-0.0284237045687502 -0.0987312633808929 -0.324210628977732 -0.127207112281059
-0.0980757037030397 -0.0479916527080929 -0.294037154142749 -0.040322962024764
-0.136377703095912 -0.00590560860632542 -0.213105997868835 0.00514227012889489
-0.146247706692576 -0.011833851088298 -0.0827083648482023 0.00939166997920265
-0.146312071991756 -0.08094861956442 0.0292854930964772 0.0689289816495133
-0.0746424243213372 -0.184365480705782 0.00758549521431724 0.11751518005228
0.146011534054401 -0.23964088374984 -0.0423205885868862 0.0462621251884349
0.276142901254139 0.0322680606865978 0.100364102807904 -0.0117694031720161
0.0971229867007743 0.282956749972244 0.143483572349511 0.0110981450113966
-0.0556846085644962 0.327832195716875 0.0517751769901896 -0.201402904401486
0.0133526384087688 -0.0502318525229536 0.0414412143864564 0.288847819113141
-0.0506874041305429 -0.0853178413432216 -0.0313458520884228 -0.00140535171851482
-0.0996691757385304 -0.0400053079991914 -0.13866931321966 -0.00350658068228541
-0.0773523996704288 0.0662999787232091 -0.0211313269512436 0.00666509177097441
0.0106860377645698 0.0774643811188883 -0.0189669161121014 -0.0498454698484112
0.0468262295699523 0.0238178711858427 -0.00546338294817952 -0.0155458905829859
0.0410593529134812 -0.0146912475398147 0.110295055563574 0.0104023802932402
0.0273934663933207 -0.0139886350345917 0.234629213638205 0.0157192041062406
0.0200214212825972 0.00414932492488417 0.328357051996554 0.0257718525063069
-0.00540537474006343 0.0324550640760297 0.355994699981532 0.0956603517131916
-0.0411982749743273 0.0437506783463026 0.329474759760575 0.203478708637613
-0.0715411196967015 0.0137058115529534 0.208786671871876 0.333580921251124
-0.0689001894724512 -0.0387993004710788 0.0207279399041525 0.425286072266828
-0.0554686471101906 -0.0912168900285646 -0.235450858653583 0.432006220594747
0.0292533732331271 -0.14176598050424 -0.473083784772495 0.462191930940393
0.00675431129951923 0.168626142180563 0.000676630000945969 0.297713008701263
0.0865755756257725 0.0908069896060382 -0.0295291733316212 0.0342319473958169
0.0975156520491009 -0.051774178689999 -0.111985956252751 0.0156424504099683
-0.00591486408566994 -0.117775327952235 -0.00996109590298623 -0.00402539310554027
-0.0673891301064407 -0.0423366354909104 -0.0322543450666022 -0.0651502866429224
-0.0530049960643509 -0.0162817382791091 -0.0154152073129216 -0.0131526207982055
-0.0599458488203798 -0.0102123650132022 0.100602204144052 0.0107494383265019
-0.0705282841659908 -0.00233667809214679 0.224350206320438 0.015606463328501
-0.0630276532702412 -0.0103874491527862 0.315956241225621 0.0134845378324126
-0.0520113268477274 -0.0272722254757106 0.350217953705466 0.0778995080434885
-0.0412955424823652 -0.0338474508353803 0.330922812962891 0.180616785245526
-0.00925084128838968 -0.0597546742234989 0.228344348136588 0.319900249049454
0.0207551025936669 -0.0243730980708335 0.058391390340425 0.429312946324033
-0.0124593006027133 0.0245156824026084 -0.182862899185633 0.433818940322229
-0.0114262614656087 0.0403886440715139 -0.421145753116789 0.480264836432825
-0.00913842449864299 0.345272041465881 -0.0169049779700839 0.248574266356645
0.192460988689948 0.232335941608168 -0.0125351188139092 0.0800048343554738
0.261149327372061 -0.0541508436900158 -0.0219897609486396 0.0208590350570811
0.0652020207368679 -0.260338105985786 0.0175442548229285 -0.0784763231491213
-0.116243481867766 -0.151365272210945 -0.0867891723481865 -0.121129576740109
-0.130253094314996 -0.0665804514077631 -0.0726174490617188 -0.019360319823758
-0.149555135045216 -0.016287255502738 0.0531830560686616 0.0153134909384729
-0.157558716893321 0.00684106149887359 0.180957875642041 0.0139728839274633
-0.138156918840356 -0.0150014811738098 0.271100591512184 -0.010443498777747
-0.0988426644372524 -0.0686328657602437 0.329671395313155 0.0466697971041439
-0.0562890957952797 -0.094600197280638 0.338921209062843 0.15175536803412
0.0258699553635305 -0.142096709426335 0.247796740205083 0.317881521349501
0.112871020145007 -0.0398107271014111 0.0740000649319957 0.430662793573517
0.0603481691761001 0.127256364311253 -0.142246876804119 0.386837778937096
-0.0348911722368419 0.227367865208188 -0.340595035407986 0.437853800307525
-0.0308143884688327 0.452305243810381 0.0104694805641126 0.1617996646462
0.242979939667273 0.307480188926191 0.0600851808855994 0.098594956062549
0.346560695161436 -0.0531180602309933 0.0940278702856166 -0.038663143204565
0.110116650251794 -0.33140379560281 0.0228447803973454 -0.19885637496283
-0.126566928583369 -0.221625908734261 -0.167155337306125 -0.1882330833164
-0.168018429103048 -0.114825687193042 -0.153538936036852 -0.0310841681903349
-0.209619076949461 -0.0305513687103291 -0.0168282447701248 0.0179263030078605
-0.221346865980449 0.0153481626592682 0.10944385092499 0.0119055196498799
-0.196155654993504 -0.00812013562868039 0.205628228709547 -0.0299921806781408
-0.145673339551077 -0.0835255248679264 0.298960714588043 0.0213176627945307
-0.0962510560914563 -0.135194167869381 0.341401039412039 0.140945788613597
0.0265481435824406 -0.234844820942754 0.239251687261462 0.329420874152492
0.205302609409999 -0.0878648907528712 0.0495857035232682 0.408682561256158
0.157684757859182 0.212355402620478 -0.111569805428746 0.286116406796516
-0.0375182348067631 0.395433686321405 -0.24113008072525 0.335189889194521
-0.0482747918920044 0.491481115099254 0.088065768620045 0.0479969543769437
0.234853783703626 0.3254770806289 0.174066066568841 0.0427995275426428
0.351256077821471 -0.0319319790998381 0.166775731507176 -0.162132753945469
0.138151575505487 -0.321381315443644 -0.0168024888612967 -0.31274836712702
-0.0971761068492452 -0.247055754129604 -0.243082225094075 -0.235554489341932
-0.163836970248461 -0.151381410139555 -0.228757312474718 -0.0488367866324578
-0.232649575540255 -0.0468920560906585 -0.0976192681528383 0.0147067963976709
-0.252975543050567 0.0206117899459964 0.0191682487671767 0.0120095014621475
-0.232221915031722 0.00552149830370244 0.1295481585866 -0.0354391620840431
-0.189637188109378 -0.0785807805146742 0.256707064408393 0.0172854976783311
-0.150547623504101 -0.165009456848492 0.31230545756086 0.156305243251456
0.0170173710770114 -0.331324564025053 0.17559053534632 0.332029080132205
0.299420732106196 -0.141077803235747 -0.00362520100522888 0.332595756307293
0.248966692284769 0.281889081620809 -0.0712478349509748 0.147724075053974
-0.0303289994369596 0.511905024121645 -0.140809059781823 0.188817887327919
-0.046352725070125 0.467857719309589 0.196397362891112 -0.0866876326379823
0.191215139549548 0.301548569491918 0.269057355867242 -0.0864722702751656
0.304140882395777 0.000220984642714674 0.160206264450726 -0.287230030982062
0.152887660022993 -0.262399571240253 -0.0790698147186391 -0.371306930388414
-0.0490572303844512 -0.235556285696814 -0.286824773738738 -0.253187117821533
-0.132964273937423 -0.164488985054598 -0.282159626740656 -0.0691299521459283
-0.218085849636564 -0.0571250551879246 -0.178071300653921 0.00440880726865206
-0.248233970757455 0.0205668927576422 -0.0749844585890639 0.0161280651359534
-0.240357516084302 0.0141967074915063 0.0500615712656908 -0.0229454971026671
-0.218559806940114 -0.0713783867365948 0.194818414454901 0.0358630528431396
-0.182719106809223 -0.195821514600242 0.231221977654393 0.179534044960986
0.0368018426546931 -0.399005245830155 0.0661373225191702 0.285323767732884
0.375888301129635 -0.145683881301519 -0.0360797736625581 0.194903959744414
0.288158622222808 0.337067857589018 0.00100032997454412 0.0221892058707326
-0.0262051038551877 0.550483331503135 -0.0540679544915061 0.0307475131980098
-0.0240318246186054 0.390424234147906 0.300776948155173 -0.227684709305789
0.140660053150911 0.24302186113599 0.30509317170912 -0.237765289490763
0.235032247263717 0.0229686202633309 0.105565111289313 -0.365338200318181
0.144397502002698 -0.187872806391282 -0.129490821173878 -0.374617395339792
-0.00815173493882181 -0.191287460845174 -0.298829604022457 -0.250576422137004
-0.0880683847707452 -0.146417504748663 -0.315608893316024 -0.0896440896939342
-0.171949140868225 -0.0544911393819658 -0.248095497245469 -0.00739176097959562
-0.207996773325951 0.0169346813719743 -0.157206085699127 0.0203261112343931
-0.212885402560857 0.0121181081663216 -0.0244305108750865 -0.00262453097580842
-0.209942242171352 -0.0720519753547531 0.113758301913294 0.0578432406405782
-0.162009175540052 -0.209898813948582 0.115616569640013 0.170223368029892
0.0904625957294067 -0.378127268627778 -0.0229300607128772 0.174243638012513
0.382301765258024 -0.0807016559169707 0.00662101167123267 0.0504136754662954
0.242636444574422 0.349841749245691 0.088756530938947 -0.0328337076476658
-0.0272634570776714 0.489160006608985 0.00649325833317646 -0.108842389159221
0.0109930062778603 0.269886409498877 0.374881295581479 -0.351709490458605
0.0951659665811856 0.158393180310754 0.290625419188695 -0.362435437636053
0.156130574803253 0.0234185658023329 0.0455187996502229 -0.400537994432088
0.103769577069216 -0.112946618382636 -0.162854437860239 -0.356280968443427
0.0121874676971852 -0.119083368360326 -0.298672327256583 -0.237458093051914
-0.0389858002731944 -0.0989775252612795 -0.335577044772048 -0.0999779129120825
-0.104171382618983 -0.0414235471904825 -0.297734925666207 -0.0149029320114272
-0.13705014735683 0.00792371777308839 -0.213199609643155 0.0243381462096265
-0.148681094574298 0.00162298870930483 -0.0832312137487216 0.0146352299375686
-0.151875273562809 -0.068183479015386 0.0351543423696214 0.0610360987857207
-0.0912631758668976 -0.175354052459448 0.0208064153912113 0.118832339728649
0.121374794116113 -0.252582489860565 -0.0425474312112225 0.0523608277225152
0.27738722657711 0.00581114986733528 0.093391502086322 -0.0271659590290725
0.12708649800235 0.274532880177989 0.140737025227749 -0.0144103211719009
-0.0239137722372534 0.328647841685129 0.0340807902420726 -0.209826672442669
0.00881912235257126 -0.0509614324080124 0.0575560095412814 0.278017000641233
-0.0564179516453582 -0.0772189997763822 -0.0274002173787606 0.0110708680235351
-0.0998059704980472 -0.0290032216917184 -0.125876297954519 0.0107950193943227
-0.0680051370500879 0.0685925717994507 -0.0157424739159033 0.00355693232613245
0.0163771131800272 0.0732597328154636 -0.0238236904082421 -0.04787587286416
0.0461976496599305 0.0196222936363883 -0.00861570264228295 -0.0104929398177391
0.0366672842886204 -0.0165226980299573 0.107851982453596 0.00440673638023781
0.0241858339109337 -0.0149283895062255 0.229867420329922 -0.00169938445332446
0.0181498333622143 0.00275244698124036 0.320994599161868 0.00212289153851623
-0.00348734997739676 0.0319214007901825 0.348985417903604 0.0686577803103653
-0.0359861479417881 0.0459357961928465 0.328652036502685 0.173703760526834
-0.0689888379684226 0.0184081585491245 0.218025763298499 0.30658860445182
-0.0691686778904843 -0.0335236181537853 0.0440996036743998 0.400735684366263
-0.0564288438490885 -0.0830408010499999 -0.196618951815214 0.422544538912434
0.019343404056984 -0.138473520513396 -0.41661910751955 0.472046720839918
0.0167543242126346 0.159149807824585 0.0195806235659382 0.288183564421733
0.0874825182819894 0.0823437740243718 -0.0230619252868597 0.043949179841432
0.0878685157589358 -0.0541966356128847 -0.0992170720843173 0.0279087410008441
-0.0140994507848003 -0.1123933808334 -0.00617508039949657 -0.00679917077188034
-0.0662661003770971 -0.035795396276064 -0.0383680224822592 -0.0605771607670599
-0.0520587056475739 -0.0122297715531837 -0.0180509271176838 -0.0074931109072007
-0.0607033752116862 -0.00573288582630305 0.0975558965505515 0.00618187401107321
-0.0692806182118451 0.00308089391895539 0.219352705673634 -0.00100616644385251
-0.0637816010579158 -0.00612040045681277 0.307241799873227 -0.00852359730805001
-0.0527141861501323 -0.0240732901722214 0.341489071898753 0.052733270376392
-0.0405933286538081 -0.0296032733817089 0.327886280928931 0.153053285497482
-0.0132768589430561 -0.0574667917101407 0.236413179120988 0.292174837931105
0.0184111585203806 -0.0241081928741493 0.0818977142262076 0.400969292599781
-0.00751472020497855 0.0263213589914091 -0.146777637349181 0.420402150695467
-0.00910194913045582 0.0373264632638143 -0.366564366453247 0.486360741082229
0.0139312750620918 0.329389863041434 0.000110519320376197 0.242094564443903
0.198565650605595 0.211072386102528 -0.00468371008421048 0.0859309954259656
0.244050185833094 -0.06753588064079 -0.0131862666185185 0.0262478834369623
0.0433631891133307 -0.253876964746644 0.0150243834904955 -0.0787791857145475
-0.119917786291087 -0.137188491742154 -0.0942453068345022 -0.109682968884328
-0.129752260463063 -0.0558971728204247 -0.0737525574569907 -0.00863306869314014
-0.147507449915401 -0.00601688505001071 0.0542346308470753 0.0142021671175998
-0.152283442297045 0.0195788528398153 0.176956534063393 0.000242358294750078
-0.136988898656327 -0.00623871608945904 0.262647866889769 -0.027796572927031
-0.100921884946723 -0.0620697432242108 0.318761536991847 0.0240256858312499
-0.0593228132323702 -0.0890632485605517 0.334281458828926 0.126227022013983
0.015510728259277 -0.138952932660907 0.254689585806987 0.28771308047686
0.10650327574869 -0.0436105766862289 0.0970857028877389 0.399724392505497
0.0687341826108715 0.120601925165577 -0.112037122016612 0.372544054110841
-0.0194643777483742 0.217350404127294 -0.292634868613742 0.440795029734158
0.000357616103116672 0.431997904347398 0.0196651834782859 0.156743073498653
0.252522616377584 0.280248344069187 0.065143118746814 0.0973024611654333
0.325790022593373 -0.0722615037494727 0.0932318592489662 -0.0394601964670366
0.0824823911390292 -0.324884290533919 0.0114419838270236 -0.193597557527225
-0.134775708670274 -0.204854922417067 -0.176065410120691 -0.168110780060266
-0.170344695962449 -0.0999115319080978 -0.151278374555219 -0.0149742927744372
-0.207192862589397 -0.0157713207291815 -0.0134075951826135 0.0212337022256139
-0.212324979013206 0.0314985884648223 0.107029819948701 0.00366735261866156
-0.192553565585992 0.00471455822653534 0.196443627500209 -0.0412179845414476
-0.146878568679151 -0.0741864496766742 0.287735507136179 -0.000118155045769016
-0.0990784333030051 -0.125613573580506 0.335140720422791 0.113623998034431
0.0102910035434801 -0.227968784861203 0.248413428746348 0.298688697734436
0.191577113750028 -0.0955465443067539 0.0715983105191536 0.380946882584715
0.166731873450235 0.19493312368012 -0.0893026570076701 0.274055196498218
-0.0110373834698746 0.378158726892331 -0.204472529476146 0.334118429515076
-0.0142549905144383 0.470663571052055 0.0850714297094188 0.0426156407134259
0.244203561520011 0.298979622663964 0.168699545872245 0.034529766447338
0.332076058466345 -0.0515032801093528 0.152262797071325 -0.161938230919564
0.110752046601737 -0.317455729506034 -0.0340005007555694 -0.299096886035339
-0.108122434897809 -0.232250046907076 -0.251055068701367 -0.20754599522232
-0.17043411232862 -0.136886344420729 -0.224667658884214 -0.0275767268191463
-0.230589667494038 -0.0310370884832085 -0.0915121447500658 0.0225111684054982
-0.241930233989299 0.0380338370199212 0.0195162455884078 0.0108030114788176
-0.226199189890363 0.0196111661482442 0.121308149575104 -0.0411504702579859
-0.188106261102876 -0.066501971260738 0.246122772293506 -0.0016481996572618
-0.152387087190118 -0.149543836833198 0.309576256690538 0.12912658682127
-0.00662158824253808 -0.31844505763824 0.188369305485347 0.305402086121929
0.277069386897011 -0.152710392087591 0.0172628722926539 0.312356788557158
0.259578346263529 0.255599574805896 -0.0606272425880118 0.138960248202911
0.00471019875410804 0.488435912682984 -0.119033668060057 0.186378210213542
-0.0154140174150055 0.44796870847198 0.179595048899389 -0.0941601821460909
0.200881344663299 0.279988640916279 0.250613905272376 -0.0968519931123364
0.289983399522962 -0.0172648982774308 0.136246598556082 -0.281786774416053
0.130025763331686 -0.262270680597174 -0.0978161530266349 -0.348720282724363
-0.0617750171495155 -0.224924821980766 -0.293419534411201 -0.223189246534558
-0.141343429729808 -0.151324550233713 -0.277615165915478 -0.0458248733751267
-0.217278739934441 -0.041374060253461 -0.170271184915736 0.0176923132514348
-0.237833634923038 0.0389394091371251 -0.0718599670088868 0.0213024524478442
-0.23245806977156 0.0292008401573199 0.0452516625254597 -0.0247391952450212
-0.214303762071339 -0.0578566807799357 0.187917764911161 0.0190408320184527
-0.186870625026679 -0.175746062591824 0.23530242982886 0.156277136642936
0.00769436084533542 -0.383255839227451 0.0805216918421496 0.268915590738043
0.348880589054912 -0.162996800666243 -0.0233491912250242 0.182444837642787
0.301840273983211 0.304322887157096 -0.00221675706592482 0.0121520131287294
0.0132766782724564 0.525206056819791 -0.0476781916491707 0.0288344111043962
0.00254985154253211 0.37256508631815 0.269388772231153 -0.236074937819173
0.149135578453959 0.227816692853409 0.274130995719167 -0.243424890473017
0.226634779205587 0.00880019258583954 0.0803624972569181 -0.352470504867966
0.126625324312046 -0.190779272466024 -0.144527069513996 -0.349816729855335
-0.0196704875058795 -0.186050358257856 -0.303560627529102 -0.221322244493696
-0.0968580112770274 -0.137538312801214 -0.310079822892107 -0.0644047719709023
-0.172346948266152 -0.0416343347903303 -0.239440768434164 0.00957749841642304
-0.198276985345997 0.032138138296038 -0.149482454754701 0.0307825971587607
-0.206407010571359 0.026421380410785 -0.0245163870691941 -0.00121947088395735
-0.205803713582582 -0.0574383591519852 0.111715939092468 0.0436650759810293
-0.168450129192442 -0.189247491140579 0.125678703398902 0.155225137350758
0.0593351341403283 -0.36809347076694 -0.0125644715270068 0.170309796765539
0.360056548226825 -0.102799824181635 0.00560342133070254 0.0421977040069687
0.259553717115868 0.318800856674797 0.0784362219250711 -0.0472649881557035
0.00752770467419676 0.466366955167613 -0.000745281793954305 -0.109058781667018
0.0279187400356434 0.25458649938133 0.332016289086654 -0.360415213319853
0.100055248816095 0.147758408435811 0.250892473733341 -0.360648112774917
0.150761195880681 0.013415826370095 0.0200449117878398 -0.38191151486751
0.0921235944659093 -0.116132541481836 -0.174891897472937 -0.330446649164798
0.00454987386435312 -0.117372688274646 -0.302323323600447 -0.209988814860796
-0.0461614047294367 -0.0949385348612908 -0.330475789596502 -0.0753621558324465
-0.104711269140528 -0.033874499911195 -0.287632249779626 0.0058335251561176
-0.130860406130216 0.0181849644152156 -0.20454267706133 0.0375544224336574
-0.144790971142137 0.0116932061547674 -0.0805427286125338 0.0187923315270924
-0.149723373926022 -0.0561258301505621 0.0368812913591985 0.0523482748358235
-0.0990086096227962 -0.161775276148648 0.0317888463610677 0.113698451031273
0.0972137972588144 -0.25021050649214 -0.04045403050469 0.0555060910528561
0.266528583521954 -0.0130728226088333 0.0815221828034093 -0.0382443566145757
0.144443281834831 0.255084909539528 0.129198126884805 -0.0345468153918002
0.00108032050359585 0.312617598827414 0.01765010153366 -0.208098658577604
0.00580774352512531 -0.0503048096349124 0.0627187361880671 0.266446511236221
-0.0583978377410503 -0.0701713674805831 -0.0224550871021855 0.0208401972138215
-0.0972463083362221 -0.0220268441567529 -0.112734433116519 0.0185834446870917
-0.0618444462493149 0.0683490865297817 -0.0114199198729541 -0.000688037717871755
0.0189843171873268 0.0694273758486748 -0.0266454497721015 -0.0454660488985506
0.0446610498462857 0.0179839840868211 -0.0102457875023016 -0.00549025660293425
0.0327406861341792 -0.0160328083007395 0.104509085017533 0.00226173966232557
0.0210971327460428 -0.0147163707223738 0.221791619172451 -0.00993553940665163
0.0170614839327466 0.00217966531545859 0.309864653945028 -0.0104557136474359
-0.00202666605429914 0.0313715657633942 0.336498163231976 0.0555054111990153
-0.0318416200283267 0.0465587920327148 0.316993085119837 0.156693381504416
-0.0654797202610645 0.0198275854599571 0.214458613657806 0.285023330534866
-0.0674533603717934 -0.0300514663929804 0.0500071288906769 0.3743704294508
-0.0539258919518786 -0.0784634471389342 -0.175049771381247 0.404365304496603
0.0138946668332397 -0.133473217975727 -0.376566583089274 0.459994679529895
0.0205748198910502 0.149082384119422 0.0269941108439247 0.277744849777063
0.0847567474023196 0.0768572634452082 -0.0185002358435857 0.0514280307501708
0.0804239616522189 -0.0529227262519443 -0.0865427852959737 0.0338680200749489
-0.0173249013513007 -0.105456069527794 -0.00279340128418283 -0.00978635427921081
-0.0623512350656352 -0.032014881941421 -0.0413829383746378 -0.0563852486909459
-0.0497117829422596 -0.0102025271864722 -0.0192586735794143 -0.00172874755293467
-0.0604934977174977 -0.00247747419509793 0.0954888278078075 0.00511404296942675
-0.0672238550139118 0.00672586225145881 0.211905880258031 -0.00921623304765972
-0.0638492872373734 -0.00360510539364499 0.296726813825575 -0.0194923873060513
-0.0525296332341042 -0.0220711080906621 0.328293333402194 0.0400970932276829
-0.0390153064587828 -0.0272524104542121 0.316923490327317 0.137859876537359
-0.0147530084853271 -0.0552471060549548 0.229634872134369 0.270733475999386
0.0179592251302275 -0.0227591539842011 0.0858230190376601 0.373048630945559
-0.00414378889557727 0.0265074867011196 -0.126569999509411 0.399859430836372
-0.00944820246396729 0.034730682825351 -0.328802148997997 0.474116536795188
0.0234285295035756 0.310600964936698 0.00587624077692153 0.234000592190402
0.194226148419623 0.196115967651357 0.000132657877833169 0.0897519988082933
0.227627393566193 -0.0697793084917835 -0.00552828786884822 0.0294149997631049
0.0325106248191564 -0.242825166148563 0.0138958645239172 -0.0781701475984478
-0.117222304345505 -0.127128177748887 -0.0968423944275801 -0.100417602673307
-0.125942903069485 -0.0500828563327262 -0.0710969203621308 -0.00140283210578835
-0.144127970245538 -0.00022944694549907 0.0535204592649697 0.0147559772022857
-0.14552154395489 0.025103317003628 0.171116963887373 -0.0062054619424761
-0.134467726743091 -0.00146965053580464 0.252111039045738 -0.034373619570556
-0.10066397732875 -0.0580148425260207 0.305082900018808 0.0136841828511191
-0.05813760881707 -0.0842310304536333 0.320531475564336 0.111711783224433
0.0110017834030998 -0.134440198707598 0.248246015016891 0.265884238209869
0.10161207971016 -0.0433662966898367 0.100692394876332 0.372031608960251
0.0711001084648904 0.115565026392619 -0.0960946885262613 0.351416501872572
-0.0133626113473445 0.205361280511783 -0.259100976023166 0.424754838853144
0.0139922320973292 0.41037838394424 0.0211338005235265 0.15193474004605
0.247570119478922 0.2603633336731 0.0661314994925202 0.0965888767796894
0.305650313833029 -0.0757460227057993 0.09208745896802 -0.0363023855637896
0.0678025183223365 -0.311182976920273 0.00666357787319216 -0.186703399707888
-0.133018777885728 -0.191985023161098 -0.175969745927347 -0.152956138934554
-0.166510111143561 -0.0916947657312417 -0.145821703206797 -0.00517662867074449
-0.202065173509916 -0.00863861347921669 -0.0103133397779867 0.0234246439712011
-0.20263869994474 0.0390766012722968 0.103797837349892 -3.53897024118201E-05
-0.187694137856919 0.0101933741978145 0.187329955290584 -0.0450064987335864
-0.14409299745878 -0.0699949157201628 0.272985993652914 -0.00865128625240407
-0.0970857055500989 -0.118603074855529 0.322388311686243 0.0992425226703768
0.00374377790461575 -0.218092207745389 0.24189060255488 0.276047515381159
0.180967842612627 -0.0944804049023472 0.0795451071390326 0.354516998228262
0.166307860275499 0.183098384216971 -0.0795842552345565 0.257277907178824
-0.000335628805138266 0.357612349518521 -0.180375993078543 0.320534085138537
0.00123027979281808 0.445876313638852 0.0798349706533471 0.040484515069427
0.240281124133603 0.280937838833665 0.162153999927151 0.0323216776093532
0.312429822995503 -0.0570658079109714 0.143633857714398 -0.155674783618541
0.0957812804091932 -0.305798115444732 -0.0400315882948528 -0.283719083654945
-0.108926131511836 -0.220309693164046 -0.248174406863325 -0.187458447185538
-0.168261180062402 -0.126764375603998 -0.215628286083481 -0.0154094131507132
-0.225396494067095 -0.0221324155443525 -0.0854621876894441 0.0269656914089975
-0.230836462654689 0.0471489663942908 0.0192473053860076 0.00979557070770317
-0.218655111308777 0.0261341490206687 0.11461477817226 -0.042469908868778
-0.182648702304745 -0.0616435606358172 0.232667529202635 -0.0099237758568094
-0.148067753399665 -0.138891229636893 0.299697550174891 0.112597702551224
-0.0160715798898282 -0.303088715514495 0.185866025954542 0.284775722735525
0.259122432174178 -0.151877139828052 0.0235840294670017 0.289684987665139
0.257097358617006 0.236454415271894 -0.0578804267299276 0.127246120459025
0.0194154127621075 0.462220035625192 -0.104502309485614 0.176505777295673
-0.000625461554627879 0.425922073341989 0.164117652252113 -0.0929828764862155
0.198447107415577 0.264671597005034 0.233495204279502 -0.0958049850119244
0.275171518590989 -0.0222726883720796 0.124161587246381 -0.2675652461352
0.116797056592733 -0.254319813414737 -0.101480646374549 -0.328877420622759
-0.0649025295318746 -0.215969821755513 -0.28737436026252 -0.201882104556708
-0.142295675603802 -0.142208064706253 -0.266548737601799 -0.0328290534601506
-0.212778452265966 -0.0327228865077877 -0.161481461630186 0.0234908786486148
-0.225875812687775 0.0468288539265549 -0.0680614844678596 0.022198693244316
-0.223555646829925 0.0358111107411594 0.0417236826570249 -0.0250434518600173
-0.206267468805992 -0.0522224966794228 0.177809173670749 0.0105836985451799
-0.181273352488903 -0.161230708889247 0.231091054714719 0.14011384081709
-0.00631204665122985 -0.36512993081427 0.083257240140366 0.254777134106295
0.326827711567876 -0.164637423838505 -0.0196434441532787 0.168842946988322
0.299839033449579 0.281990922891763 -0.00590575896355075 0.00428326400498099
0.0283488975610483 0.496474449136113 -0.0432599401315112 0.024890339945568
0.0120645115984406 0.353308917863668 0.245109042495027 -0.231729835526971
0.147648020632386 0.216042879352706 0.251310030183633 -0.236220748274156
0.215975872430913 0.00394826785081005 0.0678422301926714 -0.333384117276664
0.115033956923624 -0.18676886785459 -0.145640382374717 -0.326781779665836
-0.0249175613442372 -0.179378914967381 -0.296057286961112 -0.201958345421241
-0.0997301684758705 -0.130703467652409 -0.299639095351977 -0.051503666543346
-0.169635405777735 -0.0352410083156798 -0.228419117700565 0.0172642667721347
-0.188511477727926 0.0387465772978007 -0.143330828526183 0.0337192639640416
-0.198090806894577 0.0323356804445519 -0.0245330236245614 -0.000876292300784068
-0.19837449879304 -0.0505614156131384 0.106355661786664 0.0351308467916217
-0.165424311514007 -0.174702514904254 0.128342215976099 0.14309762073833
0.0423959575904561 -0.352059795863189 -0.00921782146979052 0.164498210840044
0.339240768798653 -0.108930299148703 0.00123583988769529 0.0344757177494752
0.26063416438136 0.295299101438419 0.0674345080017979 -0.0561835753547098
0.0224431573659664 0.441026745638653 -0.00424697368878152 -0.108591359129725
0.0337354518779204 0.239056647430948 0.301284456670195 -0.350673471652228
0.0988240193559032 0.140403134337189 0.226001068026632 -0.34783272380553
0.143960495236392 0.00966022175653591 0.0104639156362557 -0.359336223262756
0.0843330553872351 -0.114596871707391 -0.171824222039893 -0.308771860642513
0.000567413815875671 -0.113899424213874 -0.29361466835108 -0.193077126957008
-0.0491558200630167 -0.0906973897742922 -0.319009609431133 -0.0622219337524323
-0.103672175973441 -0.0291798800163208 -0.275802319077705 0.0139459210817182
-0.124472956926784 0.0231591475158384 -0.196224456501697 0.0421745609922748
-0.139368394833961 0.0162548824102302 -0.0775274710079408 0.0196424591074474
-0.144585031993682 -0.0501516157716756 0.0353557820853979 0.0452702199194065
-0.0993983054016741 -0.150120639692685 0.0378434245441572 0.107076824440783
0.0816911753039243 -0.24201645098247 -0.0391138044216373 0.0575241064176252
0.253647183471123 -0.0221179950866523 0.0692751787075116 -0.0440702022508208
0.149454473972444 0.237696936559522 0.116092300475349 -0.0468287560807907
0.0121161862280822 0.295109567707776 0.0097125324796105 -0.202833782130787
0.00434588371797785 -0.0508430272776515 0.0623254989410101 0.261874288329162
-0.0582276313093902 -0.0661525503234195 -0.0182420240572534 0.0292621561519732
-0.0953842077496191 -0.0180483499619808 -0.102116994491546 0.0228868591887867
-0.0587089687488103 0.0674027491858494 -0.00869492340507215 -0.00479096725198529
0.020137122641757 0.0670300400126838 -0.0294123088939413 -0.0444369012254412
0.0436047205572128 0.0168160842776184 -0.0110016755477546 -0.000661321803370533
0.0302965846703905 -0.0146980940113916 0.102691355724482 0.00342398198397972
0.019511928194249 -0.0136023273278453 0.218121574561192 -0.0128523491580938
0.0151455255217957 0.00196562488476092 0.304449186366733 -0.0147778730471743
-0.00211004403859688 0.0314161627610277 0.329038785312226 0.0517246737129851
-0.0299748588422966 0.0469759618346344 0.30871508080579 0.150475937023704
-0.0640406535423913 0.0203965396882521 0.207277057840151 0.275292481707718
-0.066008129045213 -0.0295377438215546 0.0459565598884881 0.357726908223914
-0.0503958568998748 -0.0762424312566009 -0.167693411644262 0.387887809087713
0.0114704328811604 -0.130310700817286 -0.357555013710016 0.449392118179728
0.0209965888689402 0.142615893295455 0.0277201126985001 0.273549070146516
0.082061352159478 0.0754792064004238 -0.0136753149724195 0.0583819303407199
0.0760613536472839 -0.0498015247480588 -0.0772732011708842 0.0377269958722331
-0.0182092597619589 -0.10185100318059 -0.000284875390113767 -0.0129360041904865
-0.0605258077003657 -0.0305156302196158 -0.0442714265823972 -0.0543229970060701
-0.0488273506341558 -0.00963487018964948 -0.0193502679955594 0.00303129847192717
-0.061139360958075 -0.0014293134404205 0.0945949117172786 0.00594635952673381
-0.0658855211282214 0.00839285318302768 0.208798146792878 -0.011320503180453
-0.0647497433536709 -0.00246327512286088 0.291838248884619 -0.0229466332806982
-0.053025726617178 -0.0216972649216307 0.320672055897601 0.0373120684269441
-0.0374451528976788 -0.02605595156878 0.308916856415885 0.133033079832418
-0.0144994283548086 -0.0541476056165168 0.222159423831635 0.261213229728527
0.0181875582091538 -0.0222177462298089 0.0808919612991109 0.356372453089455
-0.00173838883665905 0.0263187240942351 -0.123286095292947 0.383602490893196
-0.0104244045100173 0.0326675039749999 -0.310046314265503 0.46097174162321
0.0255081333912686 0.299991156852792 0.00655350382728851 0.230069587150733
0.189597606677517 0.190074738676889 0.00451218028283925 0.0939993887269361
0.218990285717659 -0.0681273155812739 0.00151522855591356 0.0326016983570074
0.0277988139720564 -0.235625174518933 0.0152280121332795 -0.0789589753301612
-0.113873408616944 -0.123222214657086 -0.0975216079352062 -0.0947294767927425
-0.123622124455097 -0.0483848440808387 -0.0695565681127824 0.00406610393758671
-0.143401652572591 0.00218193833103466 0.0545983756382494 0.0164307243855472
-0.142785714830508 0.0277408079081682 0.168284228264963 -0.00839486189807947
-0.134914531356194 0.000418154264632001 0.247507574837804 -0.036953230207365
-0.100011246431543 -0.0581856591633853 0.2968727230313 0.0109304272118613
-0.0562091556039757 -0.0829466434973702 0.312414977265914 0.107797700774247
0.0101055397481095 -0.131288691577734 0.239657150256291 0.255535767133314
0.100214808995609 -0.0412146904213539 0.0965360884716596 0.354301895024935
0.0716983810418771 0.112989420459367 -0.092578106307114 0.337036773017065
-0.0136918518329673 0.197830167121653 -0.245500794556442 0.412986225416491
0.0176492686235872 0.396728493239933 0.0203210133546806 0.14985434876334
0.24141821498229 0.253194856671332 0.0662275464858187 0.0987821582554456
0.295119518947055 -0.0748084241167515 0.0940625284804378 -0.0327026514432915
0.0613767824819775 -0.302879295791464 0.00596865063079311 -0.182399629865181
-0.130337619488819 -0.186667821932845 -0.174981259340527 -0.143906754657618
-0.164556129775374 -0.0893502602077068 -0.141975745423568 0.000967242928992035
-0.200557563494531 -0.0060153440086783 -0.00813228551205294 0.0256781693514386
-0.198265869847767 0.0429289212300244 0.102050528822037 -0.00098026841493828
-0.186590515841026 0.0120406627530272 0.182737971129347 -0.0459280233793474
-0.143464925871687 -0.0695535938648227 0.264641825098675 -0.0102753336228296
-0.0937805875694171 -0.116788565774393 0.313739524584397 0.0943767631310692
0.00230198163558704 -0.212537799443565 0.234019779601827 0.265070816275476
0.176146543968634 -0.090666145772195 0.0757281864124706 0.335741128857576
0.164521826754812 0.177933434484917 -0.0784867752140975 0.244531527746197
0.000573550109624815 0.344771154938137 -0.167391155098752 0.310572891840013
0.00499682163849285 0.43240254067925 0.0744742168486067 0.040705519301709
0.233971827806243 0.273900338982615 0.156662203780617 0.0350399868928497
0.303274648222062 -0.0543772290288668 0.141413927149523 -0.14863494881538
0.0900093700590881 -0.296989403166798 -0.0398598214626517 -0.275589758679891
-0.106955796797221 -0.21527580533103 -0.244652084582474 -0.177969807804288
-0.16723398653902 -0.124585199963912 -0.210431475388725 -0.00931328670098423
-0.223477005167918 -0.0192967081699709 -0.0823292606454962 0.0281737883421496
-0.225173617611079 0.0499254305021166 0.0189774394560997 0.00933596795423924
-0.216279105668412 0.0282706837667133 0.111463977050787 -0.0425381772005766
-0.181547495597922 -0.0624664734928692 0.224612670698576 -0.0120837883339866
-0.143401108579332 -0.135726113096999 0.292259942186469 0.107001929737736
-0.0176407054435615 -0.294665916575172 0.180191723025999 0.274325350250742
0.251469191621688 -0.147253442505351 0.0219181155122421 0.274887346879704
0.253346594826595 0.228609645335604 -0.0588919129611874 0.118691436740871
0.0206072130275973 0.446292879896819 -0.097714857247092 0.168819092454661
0.0019486305286618 0.411243498652517 0.155026871859395 -0.0893848714016222
0.193671018257678 0.260060702523116 0.224670709369055 -0.0908224145599739
0.267492943524602 -0.0207650515274107 0.120783712112594 -0.256629082861821
0.111220620085017 -0.248929065866319 -0.0994517833088612 -0.31781981569859
-0.0647084042741353 -0.212364478106001 -0.283819113347932 -0.191744574594152
-0.142480252352356 -0.139995348121476 -0.26057325461941 -0.0271992435273293
-0.211366282122079 -0.0296347240326023 -0.156448434315835 0.0252114913412213
-0.219575567704513 0.049773364622727 -0.0664722840547872 0.0218678780381406
-0.220361771932998 0.0377133027558862 0.0401036680691676 -0.0244139012789297
-0.203407212794135 -0.0518127089408397 0.171371079377176 0.007363349790654
-0.175763125635712 -0.155591875379468 0.228053019382551 0.133341126323178
-0.0105218002822697 -0.352914065979964 0.0814855338881016 0.247334947436104
0.315521634853738 -0.162197250882168 -0.0219977226386399 0.16027698712321
0.295264790198959 0.270289092745407 -0.0107576082279574 -0.00191143242265079
0.0301607097406554 0.479234713829507 -0.0404190853576084 0.0205931084446582
0.0139211498717006 0.340474623220229 0.233031977517766 -0.224400831108135
0.144530991310034 0.21340177987027 0.239973912104414 -0.228552456851227
0.210169260892921 0.004636468298808 0.0656558894678013 -0.319256591480574
0.110440330517621 -0.183128418479984 -0.141890445248984 -0.317012291542854
-0.0252901843470702 -0.177326834546304 -0.290355967440637 -0.193701920433339
-0.100565040736484 -0.128562318318618 -0.292419503734675 -0.0470096373624363
-0.168750521893871 -0.0328316513465061 -0.223548772221181 0.0186563325106555
-0.182921787963141 0.0411328354410416 -0.141351621954821 0.0346143013260221
-0.194550807394884 0.0348700260426643 -0.0253197202918181 -0.00125220671072078
-0.19427272818542 -0.0505109345035726 0.102255817763906 0.0314068720390202
-0.160831863599285 -0.16808804103217 0.129222168140977 0.136819177759521
0.035856305932473 -0.341132292482443 -0.00906184513347553 0.162461913370437
0.327900328099361 -0.109703373251946 -0.00447030467940111 0.0299249151400422
0.258917177368693 0.283135449636571 0.0586242001786873 -0.0627918991679454
0.0259635938721755 0.425713765231851 -0.00490717900912722 -0.109441175617658
0.0343920373855107 0.230095787868875 0.286390623691931 -0.341425000443326
0.0966505822098487 0.138593782660318 0.213852714174926 -0.335971261807156
0.140295008280983 0.009274749474296 0.00993447067756167 -0.345296052650549
0.0808891942276492 -0.112755631421938 -0.165702267460943 -0.298933764556644
0.000239784237072243 -0.1133530701601 -0.287973838180825 -0.187387746218119
-0.0503338666898431 -0.0902395279860034 -0.313239932483486 -0.0586952826134715
-0.103372497515129 -0.0276119975022505 -0.270393134702533 0.0154274341546391
-0.120137435863409 0.0251422145550514 -0.193039279211591 0.0429402017210473
-0.137338852292723 0.0187429547948419 -0.077075979173167 0.0179440684158028
-0.140999191073993 -0.0489592639309213 0.033952428320998 0.0407817694013328
-0.0982963194593454 -0.14457585209663 0.0423383335088829 0.103718013845677
0.0754548346929713 -0.23599126438456 -0.0406411208767392 0.059371713748641
0.247071996198624 -0.025532031884953 0.0592906350019798 -0.0474674796312744
0.151234695616695 0.22863969376113 0.106355353185863 -0.055213138401623
0.014771958609845 0.284677731658174 0.00682890212972549 -0.201634740057723
-0.0148580494865633 -0.0526644583679629 0.165853845521952 0.213519594173932
-0.0783701400815255 -0.033749712769376 0.00173377023701013 0.0412137242044099
-0.0911678082663525 0.0259635980114702 -0.0762365902882107 0.0682585944942348
-0.0230078270161965 0.0842626492612745 -0.00986347887285681 -0.000833119084101596
0.0466316991156231 0.0517554798057753 -0.045703609094058 -0.026147565897608
0.0470149473931436 -0.0027635755805297 -0.00763249532057794 0.00773889177139071
0.020670264723835 -0.0235056098102417 0.0963133370243112 -0.0418675926812483
0.011042260275396 -0.019786370691162 0.192561171212544 -0.110808177597086
0.0147969024869144 -0.00339329694981795 0.269441155378422 -0.150647792405592
0.0122176099765063 0.029123019018538 0.319079714364858 -0.0983137125257515
-0.00465780884431627 0.0561316321346429 0.33909549526569 0.0015749839066329
-0.0455810225549103 0.0498332134333319 0.297575370475999 0.158080588975965
-0.0748663292979401 0.00518818350550301 0.189669683570014 0.29473516400693
-0.080658815164422 -0.0448920092208089 0.0148021130151539 0.414013578691841
-0.0513781944480665 -0.121556519561428 -0.125026532043538 0.554474783957712
0.0779367737459281 0.116038220316396 0.146191636080742 0.241187346090955
0.104638714788892 0.0353931923579661 0.0220258588544939 0.0631079087330876
0.0502278642416535 -0.0728308480605187 -0.0457174712818238 0.063340273638635
-0.0580188755819374 -0.0814992563000404 -0.00969546354506154 -0.0179728020231576
-0.0657484220821039 -0.00203200832434713 -0.0680974314041778 -0.025074429612482
-0.0483042147486761 0.0116049425753809 -0.0150487654152596 0.0168551180484096
-0.0569591394811908 0.0269832056012884 0.0884472107406962 -0.033873267731625
-0.0588852462991543 0.0367706110643139 0.184794396220719 -0.104965753790836
-0.0609980352231148 0.0268938610965839 0.253066495765048 -0.153431640997609
-0.0581712019330154 0.00120515713815328 0.305822108118712 -0.108854159900752
-0.0440329094503778 -0.00998106194326604 0.335560416361793 -0.0141707591448262
-0.0329087714312186 -0.0398573629706672 0.31141627107897 0.138687794907315
0.00822687745156681 -0.0235780648046391 0.220298792334279 0.281817931072189
0.0092650536967059 0.0286534502040127 0.0459925830489686 0.393769324639633
0.0019161537351214 0.039145933866249 -0.0863751929602202 0.541825879716853
0.144456564574908 0.2564860561065 0.114658759676119 0.214183784062315
0.247473618938695 0.0931108350784477 0.0551952525694728 0.0843069318303015
0.169334756576873 -0.147796754374622 0.0225805294889507 0.0182107077430091
-0.0742261004910395 -0.217222442321942 -0.0282180633268187 -0.0889208657633596
-0.151534709732661 -0.0619120109161982 -0.138049846475183 -0.0361739054595825
-0.132383767487644 0.00890735651503553 -0.0618275680973712 0.0405361177094566
-0.130291600411419 0.0642286887035434 0.0539472774730155 -0.00534838102698306
-0.121387406184273 0.086472231254474 0.148509161955312 -0.0838530329374635
-0.125051242842515 0.0591724462123158 0.206980888137116 -0.145329077923868
-0.119434555080873 -0.012038459667462 0.272362719354869 -0.122415364627983
-0.0864514493312995 -0.0553810933598386 0.329787927613381 -0.0404631214634674
-0.0439291414810306 -0.121271737678579 0.330908070645041 0.125451319742301
0.0766551066430536 -0.0757881683604962 0.233912593121009 0.275308008207677
0.114450269022967 0.0765759441844909 0.0492614089965029 0.343141588222661
0.074852697610208 0.193713261164871 -0.055633018621539 0.469443113724823
0.173638187710123 0.348561747167694 0.0949032757220775 0.138144790195352
0.318606244755927 0.129095495496423 0.113928535788774 0.0609787814459544
0.233607473386859 -0.183471858290917 0.0779037198447784 -0.0833576254997631
-0.0720445278454338 -0.288807868507015 -0.0824429864265492 -0.180960787517279
-0.191945518082558 -0.111517647581021 -0.23036048338552 -0.0460312471358266
-0.186947355303468 -0.0112252501255793 -0.129529395970541 0.0692027573491792
-0.185053057759851 0.0808196050820018 -0.000426246855942174 0.0310179549962267
-0.166365535591298 0.123168751362277 0.0900552542140023 -0.0478115296612384
-0.168183481577909 0.0923155742196138 0.143994071749239 -0.125129353274049
-0.165065884955329 -0.00564513869390521 0.232639721682961 -0.128949175413122
-0.134978489476497 -0.0714467633230256 0.325902100051843 -0.055083196732479
-0.0851050430930672 -0.190327268986496 0.335327911620512 0.132147473063377
0.126485427770392 -0.15385222041101 0.21085886750811 0.27057327201652
0.227935463300036 0.0949405784932152 0.0197546048252078 0.259035840402512
0.155734693659859 0.321683570031403 -0.0395426633272463 0.34430913554358
0.173759225422403 0.384747725506733 0.0991049370373847 0.0180122640177215
0.318634266292204 0.151312331479052 0.167007098853548 -0.0359147262515049
0.248501873773865 -0.168531210478701 0.0701742643207252 -0.206791373057629
-0.0449242491706453 -0.29545003596128 -0.164013917327551 -0.244143927043335
-0.183831338963719 -0.146055290984035 -0.308333571980523 -0.0473139524573638
-0.205258580962445 -0.0411813086787418 -0.197065243113038 0.0882709040316553
-0.212345848672382 0.0783284237532347 -0.0680979042556179 0.0656238855518365
-0.186850365656827 0.140945189665832 0.018709627040551 -0.0012234368334754
-0.18863353666315 0.118599792214287 0.079508412901864 -0.0901814404579444
-0.19583830363546 0.0164884468155211 0.194320499359135 -0.113995044784358
-0.188097813159146 -0.0680502946628913 0.312721839988239 -0.0386070247303451
-0.139000416554806 -0.252976527992434 0.296073661829893 0.15769502741057
0.169798527558256 -0.238746844661848 0.140169450539059 0.242523017600943
0.33004374764594 0.100075586063757 -0.0198871815571338 0.142554190939788
0.221568474517658 0.404071971808958 -0.0422198489436132 0.18676602100568
0.160600803486905 0.369428676903311 0.116197880130977 -0.134639459500994
0.27593559788522 0.157160588443966 0.17086628378644 -0.178036276700945
0.229883323554245 -0.122350974687817 0.00566874747250957 -0.291386131518333
-0.00607598546431806 -0.260248312051786 -0.232667072803294 -0.255477606882879
-0.14511521480316 -0.160261734056964 -0.347663293271217 -0.0460294114383684
-0.189966877368279 -0.0656507905596896 -0.250587446436125 0.0926745774588215
-0.205666130741821 0.0635145877600886 -0.138876816192156 0.0948774224184731
-0.181310980169694 0.138516245369056 -0.053514095403745 0.0494234574442594
-0.188005967664029 0.129513092162967 0.021727982929237 -0.0425185109983478
-0.210666299948011 0.0354988577045809 0.153363275918112 -0.0744764229492257
-0.225859460088115 -0.0711131175176405 0.267694167870564 0.0101786384590262
-0.159498357482377 -0.308468665863011 0.20007905643504 0.175765197022253
0.221890161325257 -0.281566036443381 0.0522722816358926 0.162222395280644
0.387073595993292 0.116217534203453 -0.0306405944679832 0.0160194937511739
0.247375398404018 0.427826569629758 -0.0569946197402835 0.0279404203364106
0.139757002788205 0.301504422440497 0.128128246361115 -0.291393596900854
0.210704524656747 0.136272233366712 0.123589854644821 -0.307528234630182
0.188691610014465 -0.075981416518557 -0.0706818255857102 -0.320635310030625
0.0202681983476307 -0.202748342940072 -0.266094689610861 -0.235147433223797
-0.0954359999952158 -0.144999303694372 -0.353838555521251 -0.0476018943568538
-0.14730797922694 -0.0725136512711008 -0.288912139939346 0.0871955059750386
-0.168034465308485 0.0426852959599602 -0.20134997090314 0.117642891084826
-0.15040743343032 0.114790560838646 -0.115759956945326 0.0942889708248224
-0.164069566004225 0.115610742271772 -0.0271996703883219 0.00758121098446996
-0.2011890097245 0.0343986495649413 0.101439402124977 -0.023037202567253
-0.218295984771975 -0.0868508772870055 0.183080616359089 0.0557301742009841
-0.115500883339552 -0.318671941229612 0.0833895018898302 0.143026433705791
0.255070484144981 -0.241719735592035 0.00906733613901265 0.0409453216434626
0.361711312428925 0.142789169524294 0.00418167540859877 -0.0712612860952925
0.21925330117706 0.379604118344189 -0.0770115630020392 -0.103781724956552
0.11229800677239 0.193318266323722 0.122190575976315 -0.422041443894112
0.136921894522284 0.0902512334800466 0.0523064455508616 -0.392482740902636
0.12714061538952 -0.0430986726502408 -0.131724224225905 -0.31630026019518
0.0231300036380164 -0.127086972815763 -0.278874234845664 -0.205817359890065
-0.0459782188436566 -0.0981369380289877 -0.345340110202417 -0.0450079439522178
-0.0850900072868298 -0.058326648925238 -0.311414952699695 0.0836623266863371
-0.106531752658347 0.0188121478826078 -0.244041901226076 0.133817292152812
-0.0986273606889044 0.0744780912411836 -0.158469939211459 0.12522605777153
-0.118138477507712 0.0765606273822138 -0.0649538550690885 0.048354338177867
-0.151230028665991 0.0131586239163519 0.0446405108328575 0.016611401221823
-0.151173870513449 -0.0909610777260013 0.0906885602288842 0.0662976671545914
-0.0358432422064522 -0.24229152996385 0.00556430295421034 0.0716569124431355
0.217655448620341 -0.131057483290825 0.0270341342718538 -0.0575821532081872
0.240579101956708 0.139655365180446 0.0522738186019105 -0.0909361387921379
0.144282165519695 0.252423672401799 -0.0980949258048845 -0.191113844792964
-0.0183229917299518 -0.0535401485325356 0.174887902955573 0.213934286301189
-0.0802521272170451 -0.0298713660946908 0.011157085737444 0.0467933206485597
-0.0899719108651685 0.0315405394972207 -0.0669688099285032 0.0710006643568207
-0.0197763548420548 0.086239232270282 -0.00994673386928849 -0.00423017473991456
0.0497968579132398 0.0504764613591749 -0.0498634864552145 -0.0232400621513209
0.0478841133511423 -0.00393524161842122 -0.00516467219861996 0.0124548742404014
0.0206962349663375 -0.0231178730827604 0.0983532953194395 -0.0448204197830273
0.0104436857877006 -0.0193583041366076 0.192690462248671 -0.120616505502867
0.0144150290108607 -0.00269481277908137 0.26883152673105 -0.165939470698542
0.0140792302678179 0.0303852016856895 0.322121791353191 -0.109394800612569
-0.000863402885278906 0.0574171613924331 0.342907575000272 -0.00760187992006842
-0.0450676555657321 0.0520710283372201 0.30422098240014 0.152331339354565
-0.0763875666229289 0.00775575385280669 0.19507814879067 0.291017998470301
-0.0813668564925801 -0.044838615559274 0.0248550263387662 0.415593496405027
-0.055933087802969 -0.120956023111137 -0.104151171096303 0.56029611651132
0.0812297303468535 0.113124466050611 0.156364599378397 0.242412895574358
0.106778892658673 0.0328377601701718 0.0312471396317728 0.0677390479332016
0.0488431270597556 -0.073121904869284 -0.0364584887265093 0.0658163963161163
-0.0614078670366229 -0.078865788661266 -0.010612142941815 -0.0210518341914842
-0.0654095748340199 -0.00118242333112643 -0.0716120011667065 -0.0207736308074086
-0.0484676967003547 0.01321394615844 -0.0123644074049129 0.0213363571767805
-0.0573197515898619 0.0315905847221784 0.0907274661448495 -0.035454225812071
-0.058751105733305 0.0408332684085158 0.184501356537714 -0.114976855490237
-0.0632058273880074 0.031494155995458 0.252175995901179 -0.166778429827482
-0.0611105364514531 0.00380912937824801 0.308200891594675 -0.119620541638568
-0.044255209246786 -0.00979497137657659 0.338814234804111 -0.0232769491114213
-0.0352042495310728 -0.0399672890600278 0.317830410163219 0.133181903397894
0.00809191329175623 -0.0239302781304504 0.225204678606591 0.276797887006699
0.0119835072876718 0.0280119898991909 0.0563290222088788 0.394743899000034
0.00228094650964258 0.0403418278695631 -0.0660777184513365 0.547201144653663
0.153266938114825 0.252463212815637 0.122633875108423 0.216161788577596
0.253669285146058 0.0867685992376201 0.0645209769874176 0.0887489710778739
0.166385361957742 -0.152939593030506 0.0307295344602242 0.0184749935733406
-0.0819269231623542 -0.215099176604028 -0.0312235733081646 -0.0915349863587414
-0.154683578247528 -0.0592307275977661 -0.141956975308568 -0.0283651156210992
-0.13518308402927 0.0123283655078054 -0.0583199365481126 0.0472155895746969
-0.131064486757795 0.0723573652545936 0.0573519996488701 -0.00622942137062447
-0.120231138184368 0.0936129859755331 0.148879529892314 -0.0911135046644155
-0.127609663314561 0.0675206206018122 0.205889000881077 -0.157343195337579
-0.125125641546119 -0.00857427655100644 0.273710933695846 -0.132194235463365
-0.0900645070727434 -0.0556935894029108 0.332712320087894 -0.0509980591627995
-0.0484371160153911 -0.122630758981067 0.336197025888438 0.118616590578529
0.0773951625084149 -0.0792645172444288 0.239191686237411 0.269409804440714
0.11996851459642 0.0749452107874648 0.0568210923327236 0.343675104672379
0.0798821233579073 0.194094105940414 -0.0384028885420944 0.472289435462868
0.186026141943284 0.343973742549024 0.100180799660783 0.139569991789876
0.326284784255765 0.122092269141478 0.121252194990902 0.0627659470451577
0.23030272256809 -0.191243289623451 0.0826518489649702 -0.0852794645464129
-0.0827807118509159 -0.288073339688838 -0.0890571556236341 -0.181561951869178
-0.197858782023588 -0.108401012480181 -0.235240071516083 -0.0342422819717747
-0.191853214590999 -0.00659108795865149 -0.125766796659805 0.0776626085306112
-0.1872158539025 0.091862648248866 0.00232947049877958 0.0326719397108576
-0.163774159853515 0.132105422710936 0.0901663617938222 -0.0519238762233158
-0.170055235557782 0.102618719295919 0.142365792401849 -0.132386561147916
-0.172221375988256 -0.00107236192785382 0.231929242818575 -0.13680116489716
-0.139494965431428 -0.0710354679081119 0.328740465923914 -0.0662809810202828
-0.0924125019634953 -0.191511663616719 0.340482313073323 0.124528351953005
0.125117255227512 -0.159952305661427 0.21569761982369 0.26569511324
0.235018291872789 0.0904974403942458 0.0242879919922992 0.259280735348159
0.166201544726111 0.320064529022397 -0.0275556306073557 0.344584467911639
0.187062062118307 0.381387966477103 0.0993832829117353 0.0179157040004862
0.328140535761631 0.146348172199222 0.169133200189904 -0.0365157411099802
0.246978861152025 -0.17584245997811 0.0699535833902138 -0.209140332414727
-0.0546564206425898 -0.296531573571214 -0.172585138986131 -0.242468986007261
-0.190953520528778 -0.144583995651921 -0.313687611412543 -0.0327048297931219
-0.212025487084508 -0.0365903792619891 -0.193800493946118 0.0991900155256172
-0.215456534540371 0.0893804113739566 -0.0656334561359845 0.0703372612313115
-0.184333015668153 0.150861676375765 0.0188322139168504 -0.00106798330366541
-0.18958434082607 0.12960681310025 0.0770143240748639 -0.0939811257090776
-0.202756519726684 0.0223164650481692 0.191761448268328 -0.12170639776147
-0.192459966005488 -0.0659492027652485 0.31548610625986 -0.0501014445360649
-0.14894554374526 -0.25211936368254 0.302470338457211 0.152051738494961
0.165237764413039 -0.246314398695581 0.144215727174584 0.239529814918126
0.337867535422169 0.090141667508419 -0.020721102594258 0.142496220039074
0.235888419557239 0.401085026329917 -0.0368297565480803 0.186481483654512
0.172746031744313 0.366465349967824 0.111120694365124 -0.136113731021709
0.285276431885841 0.153020423620661 0.167868091281458 -0.179753427083788
0.230022390825459 -0.128917270449977 0.00120640607180138 -0.291960590854071
-0.014315619351394 -0.263208884938794 -0.242136166603245 -0.251552040730617
-0.153289250815012 -0.160657681629692 -0.354159766607974 -0.032031676743849
-0.197895368580097 -0.061951585251825 -0.249663160443416 0.104523007114658
-0.20932084389968 0.0726045499886743 -0.13744563422842 0.102861747691284
-0.178435215905806 0.147750123509376 -0.0537420870022098 0.0534645692979196
-0.187518383495001 0.140873125539841 0.0193180942036584 -0.0438254414055524
-0.216618262566762 0.0417402825664704 0.151609983573861 -0.0805034456288483
-0.229631735218858 -0.0668084836801097 0.273123598295648 -0.00142978754211313
-0.17200869144053 -0.306683898352118 0.207082428124388 0.174051475563535
0.214757956905664 -0.292658269209294 0.0529314798809525 0.161594278182186
0.39600721881017 0.104324113969645 -0.0366069152379205 0.015302415776527
0.264090016297162 0.42310594357263 -0.0578604035095917 0.0268720096781409
0.148562274740425 0.297471717823087 0.117924742502995 -0.295995584828589
0.21958425533681 0.135241902553648 0.11501539149685 -0.309788796127977
0.190915032642872 -0.0810536377636588 -0.0755263718453653 -0.318637093963
0.0143030754692614 -0.205925561158462 -0.274816500668611 -0.230095512882656
-0.10271730091209 -0.146832420477515 -0.360900661901816 -0.0349904853646711
-0.155026795023815 -0.0693596589622216 -0.291256968392293 0.0993600588702518
-0.171390720461767 0.0501868945804478 -0.201675585621665 0.127315027892977
-0.146715096421875 0.122312220805549 -0.115943863558519 0.10084912167198
-0.163409178324953 0.124882360532094 -0.0295193387473651 0.00850760325738643
-0.205547176727869 0.0404412898439554 0.10042771041805 -0.0272390196769052
-0.222126288297685 -0.081101371269926 0.188654135650292 0.0468634538018079
-0.12831728795316 -0.317178023577009 0.0887522047624432 0.146506316325625
0.249789769822089 -0.254051432379326 0.00367364706671261 0.0417117188912959
0.371803548862297 0.131013260904725 -0.00578846986233457 -0.0743917224298594
0.234668108238425 0.375798275776326 -0.0841160037040394 -0.105825691077318
0.118233855852268 0.190202395784642 0.108562207161951 -0.427333539810506
0.143152034025225 0.0886826237214207 0.0403338668207997 -0.391770270202159
0.128616465326899 -0.0462652952418759 -0.137980238260331 -0.313037374462938
0.0193727078452094 -0.129630430487133 -0.285771140996513 -0.202398360526882
-0.0502703521212213 -0.100118247408393 -0.353360100707746 -0.0346185335497183
-0.0912756393919348 -0.0573086247140558 -0.3148044026758 0.0954038102204265
-0.109240421639806 0.0238211194328011 -0.2460282345673 0.145761456831105
-0.0957145404439102 0.0787728039348068 -0.158925028793933 0.134274993762315
-0.117189687686902 0.0837158535386306 -0.0669943245969199 0.0511881837175005
-0.154457562023177 0.0184127812751258 0.0441961651592249 0.0140358087188421
-0.155226627907402 -0.0867506812033025 0.0961209969552245 0.0610867456089754
-0.0454586356499157 -0.243528727571147 0.00719736648080324 0.0770418294544071
0.21503934832026 -0.142379834030095 0.0175284732372673 -0.0570010434334589
0.249985447610272 0.1314648889075 0.0410647687885787 -0.0977022846424402
0.155096849554994 0.24921816087085 -0.108311793523907 -0.192805175228182
-0.0233596619550618 -0.0531639336558383 0.187109368887306 0.206512003008462
-0.0819118343084078 -0.0244023021804457 0.0217008188386135 0.0511827944476361
-0.0863335221593053 0.0387521614721786 -0.0551952021454004 0.0734276003372198
-0.0141180732594868 0.0874901454859013 -0.0114386734992547 -0.00702811210820943
0.0536823163142638 0.0469323401807552 -0.0542913277488544 -0.0189752938046362
0.0476661585492629 -0.00659685441816082 -0.00176536430072235 0.0165667325703538
0.019628188322819 -0.0221053729933357 0.0982394140129233 -0.0494692560517319
0.00919768988699204 -0.0187796754224487 0.186732486211892 -0.13346991591409
0.0135672416118543 -0.00231909110514987 0.258873147499649 -0.184117467575658
0.0166299775995952 0.0306598066176286 0.317661131529946 -0.128868496778295
0.0041636499510677 0.0569737680064615 0.341801070252357 -0.0254761400304473
-0.0423183384969864 0.0553459781600499 0.310275169423335 0.137827148514956
-0.0769016373672278 0.0119286181185977 0.205303110639082 0.280034184591197
-0.0824203217097628 -0.0419755511847428 0.0432827894979836 0.409143529540218
-0.063501198310574 -0.11743664449534 -0.0683647849271012 0.559456006338646
0.0858939378316042 0.106780065782973 0.169750710269686 0.235991024584488
0.109113485364314 0.0278818631574301 0.0429053589989377 0.0710993900792117
0.0449660731404003 -0.0740711973453259 -0.0248956233812656 0.0662672448516962
-0.065921848863725 -0.0735850869273109 -0.0121057716593298 -0.0234541112241241
-0.0645909348044025 0.00256624596182004 -0.073775181782237 -0.0135032847284674
-0.0482901889730251 0.016176529359644 -0.00780464125702214 0.0256875254348697
-0.0548341812987509 0.0375335171230146 0.0911396854171571 -0.0401064281229459
-0.0560184128601705 0.0461508716179459 0.178928970167746 -0.127064862423888
-0.0629571464657114 0.0373849844845892 0.24320393917294 -0.18428124611403
-0.0624853342946416 0.00783172007722807 0.302283002197513 -0.137166002647435
-0.0446001447074276 -0.00821579823573168 0.337621164059991 -0.0412162852082068
-0.0375182625877754 -0.0385908759533475 0.322421317064146 0.118673902104519
0.00802697902010251 -0.0248017470377733 0.233352137874256 0.263278682294195
0.0154761856294013 0.0271301289381493 0.0743553959087163 0.386946371658156
0.00308728764359884 0.040246398321392 -0.0324794955547935 0.543699459277673
0.165777079962935 0.240976325114546 0.134749177329957 0.211921991260482
0.258438379200542 0.0728928620150155 0.0757367496438596 0.0891417831760999
0.157025898291234 -0.160905357518482 0.038745827459957 0.0162007016699513
-0.094382592977336 -0.208371349595972 -0.0359081124129204 -0.091432171452198
-0.157566551312277 -0.0514403360902395 -0.142850841775666 -0.0162497164486235
-0.135619573066976 0.01936383771448 -0.0519895536127477 0.0544932876786959
-0.128645874838949 0.0823753401800137 0.0601460207884844 -0.0078893877015379
-0.11452452025696 0.102613941683637 0.143921109474281 -0.100434434309183
-0.125166411122079 0.0782037604602767 0.196820986069509 -0.171248635504673
-0.129118974611167 -0.00145272653669158 0.266938103631092 -0.14687541301047
-0.0931873949537427 -0.0531777034303264 0.329694333488727 -0.068280210310711
-0.0552966925668425 -0.121166883535563 0.339822306903913 0.102395623384425
0.0746959253187885 -0.0834952491403232 0.247498935856228 0.254830368139203
0.12560581837743 0.0686234771199999 0.0721684627757854 0.337005026135
0.0893884667535405 0.189241325185846 -0.0101021128454696 0.468463699912474
0.203502076321043 0.330226954573271 0.106746513151166 0.136917423947319
0.332795265779877 0.105239089095793 0.128329121992694 0.0611334675147372
0.219447188715116 -0.201653922972609 0.0838597411704647 -0.0893461552919037
-0.0986906783130739 -0.28131037869069 -0.0986781052701005 -0.176891953785588
-0.203488767324161 -0.09831309669236 -0.235822921110198 -0.0159234924752168
-0.194698756218263 0.00362359000358933 -0.117747226906272 0.0880638720202671
-0.183231436577215 0.105109401902198 0.00753489327804721 0.0340580106607705
-0.155702384401017 0.143836020812334 0.0877293558400483 -0.0567904014918953
-0.166231114365751 0.115227011604519 0.134015347016199 -0.141627414932566
-0.177581304247247 0.00854821299874508 0.225466626798252 -0.148694719499077
-0.144334488982512 -0.0665220179340207 0.323949504619026 -0.0841849602014772
-0.103469472664938 -0.18728339986189 0.34414319903987 0.107552696676999
0.118172312115387 -0.166302918776862 0.224076111855987 0.251003554672447
0.240986604477509 0.0774342755686115 0.034431289353455 0.255625699889536
0.181687098997532 0.309709140523841 -0.00826402702092196 0.341353543826349
0.206810268585378 0.368039336610416 0.0987086928399925 0.0162416222805444
0.33683206544172 0.129474685300905 0.169236582946881 -0.0400837820007667
0.237574387922774 -0.18703762812961 0.0638470322606391 -0.210723765209094
-0.0705441381530237 -0.291702578037201 -0.184495925344219 -0.232258612414518
-0.200140987835953 -0.13618111066853 -0.312778666504398 -0.0107233358976464
-0.217594501777307 -0.0257818682567256 -0.185092848972507 0.112789072956984
-0.212024058449766 0.10448290964904 -0.0598818702453735 0.0755181219655946
-0.175038234894297 0.162912715640675 0.0181383931998387 -0.00108215660658934
-0.183478249068503 0.143805200641949 0.070162418044939 -0.0981281455284914
-0.206259717751198 0.0328041164744232 0.185405771201171 -0.131325808801926
-0.195335525171781 -0.0581380633636591 0.311095482474849 -0.0694378224035885
-0.162858468123263 -0.244291647413115 0.308378254532898 0.137625187139213
0.152736604742207 -0.255096258427043 0.151864917535206 0.230020185580887
0.342842345219055 0.0723216761735164 -0.0174750571960899 0.142718040407046
0.257508354987145 0.384944788327375 -0.0268941768080562 0.183749492721127
0.190112497261875 0.353579918730533 0.101098869295085 -0.137679141644601
0.295111986802518 0.139479087045655 0.158064285508532 -0.182054199047012
0.225021973802544 -0.13956509761815 -0.00963443252879588 -0.289303535120814
-0.0284910492225917 -0.261754447478301 -0.253577479375109 -0.237327672319717
-0.163446980680224 -0.154641617132832 -0.354063836926175 -0.00755307905363899
-0.205206338976069 -0.0517985163718505 -0.241823118038377 0.120008023746314
-0.207987756765847 0.0876303225434843 -0.131230435664282 0.111579601703485
-0.168881841032131 0.15927335657694 -0.0517680202109982 0.0587789352216814
-0.179884323190071 0.153462951302545 0.0145642936407265 -0.0441292631361735
-0.218821005137325 0.0534197490241574 0.145935685562241 -0.0888879924659407
-0.232210486244693 -0.0563803527997187 0.271502701640463 -0.01977045973275
-0.188854306322093 -0.295251194508423 0.216470462668262 0.164859896749969
0.198446535300673 -0.304253598746467 0.0563734392106006 0.158581676470234
0.401167609753026 0.0817840741715321 -0.0421688650229216 0.0155803522150594
0.28720346423557 0.404596024853322 -0.0581559532955276 0.026829055746435
0.162974644416425 0.287661030057866 0.0986711534873767 -0.297524686228348
0.22915843777897 0.124894205691861 0.0977482633957284 -0.308466727698596
0.188270263564223 -0.090559421923034 -0.0885864421294704 -0.312374089961217
0.00229366257768652 -0.206886482971995 -0.285591700712806 -0.215099277869539
-0.112189364729035 -0.144350433256062 -0.362538906116419 -0.0129967410898155
-0.163353957068419 -0.0614902699809779 -0.284986507704743 0.11681141694848
-0.170437103904336 0.062042349722866 -0.195606227879657 0.141091230213409
-0.138826072281998 0.131611983749032 -0.112126376616168 0.110409596643078
-0.155926710324854 0.136387604361926 -0.0313181081948178 0.0109739440824098
-0.205638694769033 0.0512777201988873 0.0973307709864217 -0.0338081784393175
-0.225583098582556 -0.0695922915114269 0.191925757570087 0.032128182795951
-0.147322766782843 -0.308713352858929 0.0974239932304725 0.145596058390242
0.23291679020234 -0.268678615325364 0.000171467030188021 0.0429275804201956
0.378411363161459 0.107314675460644 -0.0176013004696037 -0.0762729946027775
0.256495899002255 0.357727657835814 -0.0926396426242502 -0.102844529174029
0.125841004108264 0.181989328385996 0.0826987236076816 -0.429511648880818
0.150157836403934 0.0824003442659877 0.0185831120408489 -0.387508876946526
0.127388497434896 -0.0529468534375025 -0.149624582989502 -0.302775918018528
0.012495129129094 -0.130521198472655 -0.295271759633586 -0.18703616810983
-0.0569269029774513 -0.0999517104495413 -0.35584022852861 -0.0142356491245946
-0.0972166103353102 -0.0530275307725638 -0.311677037298092 0.113460396133323
-0.108703283454293 0.0312262160500205 -0.239488334843877 0.162141757447188
-0.0899338318687951 0.0842804342749231 -0.153484886765433 0.146679811756359
-0.111423414989464 0.0919978126101756 -0.0675052419313408 0.0554723944528622
-0.155026476121597 0.0274889619686952 0.043710703821038 0.0101489945062178
-0.15930424316791 -0.0776206431342715 0.101025675313459 0.0513544047985946
-0.0602628934899425 -0.240048280506992 0.0126277885235962 0.0816260711353187
0.204711930206254 -0.156331258594615 0.00744850027429241 -0.0556212189337915
0.258305688664827 0.114613898473374 0.026595600823888 -0.102910707200777
0.169756111786602 0.237338048076652 -0.121800831833153 -0.18830573223521
-0.0278003697539798 -0.0503089621672759 0.194200019508225 0.191793116335357
-0.0798638976657318 -0.0176454768860946 0.0325913047238043 0.0515797280161092
-0.0797157023199687 0.0442308055178766 -0.0422313481372498 0.073024922584997
-0.00761810526350195 0.0860264813112855 -0.0124464970805864 -0.00969574929719918
0.0548763564956121 0.0411831302251072 -0.0557214198280985 -0.0132060722640573
0.0466130960720576 -0.00877768917960787 0.00327447696773051 0.0190230933046286
0.0193763168042141 -0.021359842646057 0.0949692664410546 -0.05290794085079
0.00819309888429812 -0.0170588663775594 0.174485758939504 -0.143329152262248
0.0129566511746304 -0.00167017515590839 0.239761062403258 -0.196809118302875
0.0181431618880291 0.0290763242737189 0.300795339161623 -0.14459197367614
0.008459125953414 0.0545853022119059 0.328702814443681 -0.043280660303924
-0.0380125517533355 0.0566707780315506 0.306490377872362 0.117147979438205
-0.0743260911087285 0.0161168358653358 0.208877386725685 0.26005208239971
-0.0820703964869436 -0.0378130183777611 0.0635288087071786 0.391553721008832
-0.068284257151025 -0.109908451048559 -0.0312247776411411 0.538592151059615
0.0873110761534104 0.0971081305920686 0.179039850413848 0.221395031495191
0.107413510619854 0.0206735626598193 0.0535576319323889 0.0697305248623834
0.0400401830625777 -0.072815641059241 -0.0127372974184009 0.0649671669378605
-0.0672288658639073 -0.0659992518797621 -0.0135955794295798 -0.0240595476205916
-0.061557971721493 0.00484428603793402 -0.0728400538566633 -0.00600439123169748
-0.0462339939388266 0.0180150483218281 -0.00190890475491888 0.0283997062530243
-0.0503792669162726 0.0419880005044345 0.0892330256558233 -0.0432054548233312
-0.0511096859934262 0.0495285094285835 0.166764245675313 -0.135591362596758
-0.0590158743460587 0.04299130869977 0.225158914708321 -0.19599227533278
-0.0620929868318567 0.0123066721787918 0.287231253653284 -0.151514210409213
-0.0438795332205948 -0.0064136864178208 0.324865533419641 -0.0585945963950768
-0.0390900989732597 -0.0355528738050352 0.317638253511389 0.0985121979850839
0.00681179098344784 -0.0240512956783093 0.236290076850584 0.24275853278753
0.0176929586224644 0.0247956163733283 0.0910130938347308 0.367921737459014
0.00456786323109033 0.039718717192188 0.00332871228396005 0.522259296701244
0.172472933247701 0.221109775302638 0.143413966839966 0.200527108758092
0.253653600886532 0.0568136432928695 0.0853650149759429 0.0865540460276092
0.143058814574599 -0.163375283656288 0.0455454493211676 0.0127664038806347
-0.1037957944851 -0.194156874495995 -0.0404184969712988 -0.0878599626636933
-0.155172715126922 -0.0419032481996257 -0.138166521320353 -0.00353987687232199
-0.132026708905709 0.0261754858501164 -0.0430507864718582 0.0581161120117176
-0.118960462707303 0.0902697282418232 0.0605883244545523 -0.0103861169543643
-0.104405123745539 0.108437472031772 0.135137049577817 -0.107305976510571
-0.118521802781219 0.0869410956069521 0.18054190532081 -0.179100710415774
-0.129851265312177 0.00676818167093515 0.251820794230342 -0.15744256368834
-0.0948643459692078 -0.0482437607705617 0.316094518063389 -0.084717307128374
-0.0612566618956595 -0.115702073864934 0.333387284240382 0.0819444458180439
0.0689658772252856 -0.0859229454375029 0.248545007623411 0.232402835493282
0.127377029934351 0.0595975673988023 0.0872161469270564 0.320704286493392
0.0958458511576509 0.178695032205703 0.018279998136339 0.448317809292777
0.214069199080035 0.305211741998505 0.110735313006056 0.129895495465413
0.329088393410392 0.0834974729452386 0.133030260397571 0.0563312191728629
0.201256031454097 -0.206134021795089 0.0824348193479513 -0.091291675603963
-0.111373203954254 -0.265420089914631 -0.104799881112959 -0.166227369954917
-0.203220118204379 -0.0858563630897861 -0.226346706034786 0.00257775517614532
-0.191016546977944 0.0139897596451388 -0.104701656701559 0.0949253597450549
-0.173069826300649 0.115731630134166 0.0121564007241013 0.033559107936265
-0.142391303784363 0.150518143786497 0.0827868557285202 -0.0604868101740494
-0.155961061188178 0.125333798580696 0.121398204949327 -0.145696961421852
-0.176269953528492 0.0196878259558658 0.210778260588729 -0.156632605648539
-0.145173853348903 -0.0591884161187141 0.308704017110672 -0.100056392994166
-0.111161372691661 -0.176897217923453 0.338180846227805 0.086761204752132
0.106478763707032 -0.168301033539646 0.226636763389555 0.230022812502075
0.239403831628347 0.0617219999258378 0.0444077158085987 0.244240817747388
0.192245406609089 0.288436058208395 0.0131566396391116 0.326383762412929
0.219598758202516 0.34124484212869 0.0952414475825266 0.0141568509887334
0.335194097828658 0.108360387910014 0.165496868804569 -0.0426654541609508
0.220781546098469 -0.193413085621981 0.0552643857639537 -0.206642996374875
-0.0844260389566575 -0.278192806302639 -0.191370439252166 -0.213540303828989
-0.202680385061375 -0.122828807678824 -0.30098863656986 0.0120479837364228
-0.21649167113127 -0.012805882647928 -0.169974227693597 0.122032718838198
-0.201085041842187 0.116686332217668 -0.0513593687568981 0.0778428598106067
-0.159475046698117 0.170461818526553 0.0179348223800025 -0.000724133123886783
-0.170536151788946 0.153614659738139 0.0612555317042952 -0.0979718717016059
-0.203375687880918 0.0450490567687118 0.172153557737258 -0.137720458274847
-0.193236960293604 -0.0485133098334668 0.297404776790343 -0.0865305918046556
-0.171794867421117 -0.227797371951698 0.306380751373003 0.117530482601987
0.134238460707231 -0.255652470392825 0.155568456972047 0.213036447107836
0.337258472555531 0.0504922153239602 -0.0131702962083136 0.136814971528853
0.269573380162247 0.35673526508071 -0.0152696322448963 0.175588571703823
0.202378893456267 0.329030608413337 0.0886132044064737 -0.134763446700077
0.296755374967416 0.121016016080469 0.145546012430491 -0.179018769369057
0.21228535827797 -0.147299362759312 -0.0204270004310863 -0.27782256098575
-0.0416037882748565 -0.252257737381284 -0.257410844334733 -0.214526052714391
-0.169942841541972 -0.143939293670013 -0.341222286490335 0.01689002123448
-0.206693203088897 -0.0384152080945787 -0.225932115593537 0.132232382713548
-0.198306574859872 0.100156086561875 -0.119913980140048 0.117763924444726
-0.1535259978132 0.165108797447878 -0.0470701500070637 0.0625844034410045
-0.165366242930969 0.162109584703249 0.0101668159102264 -0.0423256419297289
-0.212462272136853 0.0647817996530457 0.13580698160792 -0.095177409056762
-0.227648465890938 -0.043010622637189 0.26086969592571 -0.0374208133575396
-0.200155276206152 -0.274732250862349 0.21913780413004 0.149321596155434
0.171959136729472 -0.305658175502856 0.0594572479863678 0.150602771970257
0.394312709315706 0.0551873781809569 -0.0460498650860046 0.0161826732198447
0.300028755656826 0.37228284663373 -0.0559114148838915 0.0271627252486471
0.172310515321232 0.267541963621251 0.0759793152533208 -0.288299678919887
0.231975336719978 0.10947448373069 0.078666640990552 -0.297048979428454
0.180126376408643 -0.0979120186533152 -0.0989803914900343 -0.294984959224377
-0.0083088240584395 -0.200803583214021 -0.286981912226854 -0.192192970354218
-0.119671130730997 -0.136374790812552 -0.351846748726335 0.0114427162128068
-0.165654737623865 -0.050444323664293 -0.269948678483169 0.131172497143171
-0.163532742095873 0.0723876150054204 -0.181746312696552 0.150750688059535
-0.12656336590734 0.136303207582164 -0.103010262439085 0.117053893532237
-0.14237760976204 0.143813206767099 -0.0324224803193049 0.0134312707970226
-0.19870110916148 0.0625598105980066 0.0912173566240864 -0.0396171919528395
-0.221434841311459 -0.0560681878053523 0.187755258122115 0.0165271519976738
-0.161306571262946 -0.289158126370563 0.104288138143793 0.138689224426331
0.207404356073866 -0.2744166538477 -0.00224465880725727 0.0431155020419817
0.373525378381471 0.0802832239070582 -0.0291604194222939 -0.0738176372328878
0.268591113793369 0.32833949422344 -0.097907463312533 -0.0959149794857936
0.130451674606565 0.167436075589865 0.0536772448928536 -0.415644720112005
0.15241076834779 0.0718373862331286 -0.00232132763548546 -0.36917137796785
0.122498627239663 -0.0581680892588217 -0.157078606674167 -0.283724895290967
0.00512707446726392 -0.127431005436334 -0.294821357072352 -0.165453405077351
-0.0625894444849891 -0.096244305420943 -0.347025701415719 0.00699836072291147
-0.100183788701558 -0.0458993431605574 -0.297280522966464 0.129236524443856
-0.104779903759566 0.0382111201658848 -0.22446491326183 0.174569455163092
-0.0814414443716145 0.0870268124365921 -0.14164914825397 0.154921152832337
-0.101492049335481 0.0966815361654942 -0.0647930290958843 0.0583921795570262
-0.1505692327186 0.0360171648322719 0.0410909247282735 0.00592066375475522
-0.158550715054076 -0.0666534096874618 0.101424346057312 0.0406074190998865
-0.0740748687423389 -0.229188502406018 0.0185389889260018 0.0834071423632978
0.18724769543991 -0.165402033427516 -0.00211580718728288 -0.0516466841093575
0.258218765543181 0.0932762341276556 0.010826053407178 -0.102795898381676
0.178431321151377 0.216288861397805 -0.132278238230948 -0.176773076993173
-0.0300886112789935 -0.0463592649266005 0.192138549599042 0.178066470759818
-0.0762689943409696 -0.0131321960053099 0.040967189894531 0.05035664882316
-0.0719461437178924 0.0459042140124712 -0.030803062791815 0.0686613900695659
-0.00266419946089475 0.0830068527347005 -0.0136481197605076 -0.0112470409184433
0.0545013932681596 0.0363290594720749 -0.0559575157567344 -0.008285439066587
0.0447921789366451 -0.00952890084231655 0.00701960066488526 0.0198892154112317
0.019489220936113 -0.0196997845325945 0.0917166186940965 -0.0530423838922408
0.00772972596647005 -0.0152971407356537 0.161854954834759 -0.144575572226693
0.0122372231018382 -0.000446887441937022 0.220163818209684 -0.198200017766562
0.0190358412875777 0.027551223399522 0.282277582634726 -0.148420344875329
0.0108475144687637 0.0513909815525665 0.310273599707195 -0.0510566670759649
-0.0343075604315713 0.0557305136333858 0.294457973118708 0.103022107367814
-0.0704151492515248 0.0184588696729857 0.202363314583175 0.240546484599503
-0.0783282101958046 -0.0351045901228953 0.0701402816418544 0.36661060904388
-0.0687002096503283 -0.10081525935256 -0.009071496469993 0.503642408714193
0.0843238274705668 0.0881417204100778 0.178520876854051 0.206689566050732
0.102826725081836 0.0162783381420774 0.0613013810229777 0.0675750936049632
0.0363207535350413 -0.0685272776559713 -0.00243803544673105 0.0605347352248853
-0.065635749332147 -0.0586826793593618 -0.0138856373038971 -0.0245995189312147
-0.0580677626308295 0.00563291990823636 -0.0696532376467072 -0.00104289023029625
-0.0439692007449392 0.0188111449337703 0.00288170678964742 0.0288747552850634
-0.0453879262351392 0.0433723220959251 0.087252256823702 -0.0443832966673698
-0.0464137450736522 0.0508265711508737 0.155713250457228 -0.13676589733755
-0.0552220529175369 0.0454855773630646 0.205839041896763 -0.196291225346115
-0.0601968810388602 0.0144236797243367 0.268496263621849 -0.1543055007806
-0.0420979346860385 -0.00635595421816378 0.306056049069984 -0.0658618499959163
-0.0388494517171087 -0.0328243750498422 0.304156634913428 0.0849531590312566
0.0066383927710319 -0.0236650706167504 0.226709449311516 0.222386789448102
0.0191206929130705 0.0220148728001469 0.0971917959505183 0.34419597698758
0.00453555734561972 0.0378427487920699 0.0203368076208321 0.488312828352467
0.169394741692244 0.201698286684073 0.143035034106992 0.187752976614717
0.243450187990908 0.0452986644554663 0.0905996865365087 0.0825028333332272
0.130074450969486 -0.158247753907417 0.0510526491737641 0.00982202356717237
-0.104221500801699 -0.17927996519828 -0.0409492895562489 -0.0833878383659733
-0.148875192888102 -0.0358278546447842 -0.129433934042659 0.00486804976724215
-0.126141167183326 0.0293206534117397 -0.0345560653695077 0.0581248819346178
-0.109640783374125 0.0922160527035047 0.0612571381709573 -0.0112711333897826
-0.0947354498783998 0.108350349659839 0.126122930476004 -0.10764019810577
-0.110128512277357 0.0898037904085232 0.164662094576973 -0.177723916417989
-0.125945896791027 0.012221933125145 0.235843080925129 -0.159062911243914
-0.0933760762360921 -0.0448996924598547 0.296671949419277 -0.0899120781911449
-0.0631963669371964 -0.108786085420635 0.318257444286912 0.0691193336411127
0.0640698437259365 -0.0841556783341097 0.23916792534036 0.212236459665467
0.12433453565146 0.0528248579764429 0.0902918398681979 0.298761621894733
0.0954850543348114 0.166017215018726 0.0344684746795033 0.4196771291519
0.211363631718852 0.279203406876438 0.10978690457525 0.123108524364528
0.315451306094274 0.0678405208287033 0.134087401104404 0.0529945464354749
0.184020517975062 -0.201315587702762 0.0809393852538765 -0.0889207064571973
-0.114213866983536 -0.245923045691897 -0.104657873933238 -0.153941013173369
-0.196973873492401 -0.0761653681898614 -0.211690564988999 0.0144140240574912
-0.183706050124731 0.019731254522154 -0.0921891416906623 0.0949439839878218
-0.160807296537393 0.118754525300578 0.0156688206991431 0.0315216229279306
-0.129858734647415 0.150034000903422 0.077426905647995 -0.0598619786635282
-0.143573329018597 0.128101710767138 0.108655242613456 -0.142707664173668
-0.171066576525017 0.0259338348479003 0.195482714732785 -0.156419488616206
-0.141526509333907 -0.0542540704043764 0.289151153289158 -0.105451417043907
-0.112455336848269 -0.165504965120489 0.323218488104018 0.0735052462867848
0.0966998284898997 -0.162993527358397 0.217294020996101 0.210416782278217
0.230838354107972 0.0518666063441247 0.0475920280913551 0.228635565310341
0.189761038104349 0.265995637510841 0.024657434660922 0.304131982084753
0.216683751986596 0.31413463584522 0.0901170522792911 0.0149509088555349
0.323076737086542 0.0919444837053155 0.159890411212844 -0.0411606293508856
0.204154771203443 -0.189306526654266 0.0517788793069412 -0.196655717704438
-0.0879887983513947 -0.260440297633262 -0.186748119952482 -0.195466473381801
-0.198804242724838 -0.112262927216434 -0.281222725967159 0.0256305437521311
-0.209876727835103 -0.00508398231090226 -0.153354937846241 0.122497846589834
-0.187753248907523 0.12118239292909 -0.0437433864107471 0.0766816306221653
-0.144907347522455 0.169045003455257 0.0185723978898442 0.000320919245085714
-0.157266272976834 0.154512470712908 0.0537510415447826 -0.0946200004400978
-0.19583196064154 0.0501594033025441 0.158638744212192 -0.136492542446656
-0.186464847525719 -0.0420852850921949 0.277504003370452 -0.0931811056829647
-0.170805175237689 -0.210525155692605 0.294343977533522 0.103386195385448
0.118901503335829 -0.246660880370662 0.15080983348413 0.19650761957863
0.322315141878443 0.0368643420207374 -0.0119688703135739 0.129519573231412
0.265767255669816 0.326966243094009 -0.00949357998344699 0.163456414200471
0.201401672732587 0.302656365138879 0.0787588508368564 -0.126106810271315
0.287356105713782 0.106080979441433 0.135022752007538 -0.168835235162793
0.198141433459925 -0.14600682330329 -0.0230043800366751 -0.260566837234155
-0.0473073119956225 -0.238919420361384 -0.249318304981375 -0.194367283190677
-0.168260508101391 -0.133604423780217 -0.319868631232971 0.0312000527290288
-0.202110723822397 -0.0292710724933359 -0.20814625463858 0.133971581264534
-0.18581031066691 0.104701351588274 -0.108790855477819 0.117175251588682
-0.139522310346062 0.163952577684867 -0.0416180526372662 0.064270849287375
-0.151337754145487 0.161758412442744 0.00657859281050083 -0.0390461487162582
-0.202890990743851 0.069150944619388 0.124903523761153 -0.0952664566220991
-0.21826327220252 -0.0359833872263957 0.245215045656285 -0.0469194140030652
-0.200359018291543 -0.252869916037211 0.21439606676668 0.137247749082718
0.152953187870544 -0.295474202218161 0.056840509926821 0.14190827754074
0.375469394423739 0.0386649490256034 -0.0483761101335437 0.0171307711875338
0.294578243752487 0.339367573105085 -0.0536023944585147 0.0253976110478921
0.170518963159479 0.245832178670499 0.0614188930364138 -0.270848205149742
0.22592277134197 0.0975510178504948 0.0674985693664776 -0.278421168993062
0.169438792417684 -0.0992324667091702 -0.097806868481124 -0.27453622532403
-0.0141302667293837 -0.191246995708091 -0.276947388832815 -0.172012281413131
-0.121487909185267 -0.127385523582286 -0.331011459478261 0.0256479347393228
-0.162940694759457 -0.0421657603800702 -0.251871751228819 0.134894668607177
-0.154237893178023 0.0768486709478846 -0.167496602906638 0.151808804502615
-0.114740922872611 0.134464614804632 -0.0933924886013495 0.118578870270394
-0.129939771452309 0.142779038464625 -0.0323570510804291 0.0161581287318477
-0.188696827633913 0.0671514437670214 0.0836378438619842 -0.0417880048478929
-0.211572724670574 -0.0467543534612261 0.177453464675263 0.00571284388910125
-0.164874456374706 -0.267387592973547 0.106584313064362 0.13112140953963
0.185376815677023 -0.268357833720278 -0.00574657973376616 0.0433945922119246
0.356440247701038 0.0612602480196203 -0.0372336974062063 -0.0692249012469148
0.264335057726077 0.29732235968102 -0.0983342712134947 -0.0887487975953567
0.127042348368123 0.153595418025709 0.0359427150900911 -0.392077357415219
0.148690771010678 0.0640637276180615 -0.012471372347777 -0.343647340585145
0.115689575981457 -0.0597895786702909 -0.153694210610728 -0.262278332431315
0.000982826282586297 -0.121170096701411 -0.283981081989311 -0.147040515139984
-0.0647948360286188 -0.0909316880549551 -0.329429443657244 0.0202750148478013
-0.0999034484479822 -0.0398048992667625 -0.278913243136725 0.135024279140223
-0.0988537688338928 0.0417584633754799 -0.208168637377355 0.176824615947515
-0.0736656331013617 0.0853941968796821 -0.130049593770588 0.156188526129443
-0.0921301080702156 0.0963307602282376 -0.0621652571108811 0.0601603715955961
-0.143111520365764 0.0400593702670356 0.0372449750403675 0.00301270577541679
-0.152385980763272 -0.0578634724396329 0.0972598523276731 0.0317807859029409
-0.0796817463862973 -0.213484128687236 0.0233064123454769 0.0821304144362017
0.169787444762068 -0.164764632412956 -0.00946231303459788 -0.0454782381339605
0.249069994307301 0.0772682871868959 -0.00155949249272079 -0.0988979949699999
0.176325905673904 0.196664144540501 -0.134033250541585 -0.164350127632796
-0.0265019333806057 -0.0498591830536604 0.171595239389675 0.183264141630393
-0.0715511109609471 -0.0175284888480086 0.0438995370462852 0.054116724462551
-0.0691072772250304 0.0408804871934026 -0.0238899133810676 0.0646247319268595
-0.00596518551039566 0.0782021225427833 -0.0108249243366317 -0.0105773904298757
0.0495990296745709 0.0372827489048441 -0.0514771909544086 -0.00871930671997815
0.0437368651481526 -0.00717708361687945 0.00944218239060221 0.0193734534082139
0.0216738252116859 -0.0177540260379951 0.0918655567598171 -0.048830048799951
0.00928741304899214 -0.0131930753226285 0.159615837291549 -0.135546237934466
0.0139802359527054 -0.000472401681570781 0.215431176862833 -0.184332467959116
0.0189936610773546 0.025924909710528 0.273689218283352 -0.133716687981007
0.0115154064777389 0.0483436876738193 0.294242965614238 -0.0349479526840152
-0.0295227171686938 0.0524529535249908 0.270681211099206 0.112366608726926
-0.0657470386048976 0.0189739720578654 0.173361204409916 0.235355233237431
-0.0731993711126374 -0.0320982112427207 0.0475486634837109 0.345144266797509
-0.0605861889017481 -0.0928124179934354 -0.0353848431377978 0.465052601050127
0.0752395867126459 0.0871565251132768 0.163445702091577 0.206953623302581
0.0977216930545339 0.0208792494191512 0.0627780344566957 0.0661283483902733
0.0404866674970516 -0.0635133093323204 -0.000936598999256427 0.0537025103053978
-0.0582712575860105 -0.0573822918874491 -0.0152621646551661 -0.0254247226272968
-0.0546375984759897 0.00173587489848784 -0.0670283511998589 0.00120074825633389
-0.0431273995496358 0.0157820884346285 0.0048161004206476 0.0295865024280351
-0.0440624518063733 0.0403831665422184 0.0879122822804121 -0.037650249472244
-0.0466217542742703 0.0483351387422337 0.153256390134801 -0.127242512462356
-0.0539657999199603 0.0425638474568203 0.200667828699628 -0.18291620770976
-0.0589443790215998 0.0111315901880844 0.26084651380835 -0.140904578660091
-0.0391385289723605 -0.00983556719300689 0.291679183742541 -0.0515578664825441
-0.0306822324587975 -0.0333463517257114 0.283707396973532 0.0928923192269642
0.0110183358307702 -0.0189423779653914 0.19956352336991 0.221061390005393
0.0188410882966096 0.0271862126499527 0.0722280436708747 0.328309055720397
0.00536994722998391 0.0405659636973899 -0.00807037956578098 0.454934614079865
0.149090509805696 0.202566685099974 0.136119326297784 0.186083426359369
0.22969590141652 0.0565704897502066 0.0893452244969135 0.0782429454756521
0.134264030307444 -0.143617411418895 0.0479495995429999 0.00533369103880971
-0.0882106827738092 -0.171809828545186 -0.0424725408420442 -0.0831521159298137
-0.13859578495682 -0.0415703559934842 -0.125526337809198 0.00650851567275372
-0.122706878043058 0.0220725553562943 -0.0326077191183966 0.0578239102553505
-0.108783718548853 0.0846851445174628 0.0622689394487426 -0.00538559671783204
-0.0963513339322962 0.102094376481936 0.124164520590322 -0.0984114606464857
-0.109070476583167 0.0835561535937248 0.159982806119317 -0.165934624023562
-0.12462193234496 0.0073474968115535 0.228608570730238 -0.147484301693938
-0.0887897300443031 -0.0501826714146469 0.284281244855883 -0.0767583352040005
-0.0509500701117561 -0.107481305269069 0.298859824000866 0.0753259175072591
0.0699544150435275 -0.0748109669852899 0.21380379621884 0.21197609144342
0.119150440803316 0.0606526481317327 0.0675120655853271 0.288466314949512
0.0884721594179539 0.164397750387913 0.00309667900219435 0.393425688913166
0.183806145918299 0.280966687212735 0.111319630161248 0.122413583770841
0.297047944940829 0.0831812447138195 0.131226480343411 0.0509717284974312
0.188162751554311 -0.181391413674411 0.0793500643115462 -0.0877484185319744
-0.0941729679662267 -0.235193346381474 -0.101840723191553 -0.153400094190034
-0.182200106249043 -0.0827973175331379 -0.204871567344981 0.0132904488065742
-0.178418408577282 0.0101376744751708 -0.0894570808165784 0.0907154917390275
-0.159469783495779 0.108143634436462 0.0165471830195591 0.0363120721091834
-0.13260556196677 0.140261177426335 0.0759140762813592 -0.0528698994093273
-0.144287477425853 0.119862763214007 0.105792891129559 -0.133874219214195
-0.169813645243643 0.0183892298192429 0.189140354318195 -0.145571829766071
-0.135330522898988 -0.0616871653717643 0.276137914147245 -0.0950187002842167
-0.095014437263113 -0.162936598654931 0.303511941761774 0.0755250324472407
0.104089691131245 -0.149320752524071 0.197109871863219 0.208622678685262
0.219675574502399 0.0626991024921595 0.0310646035465474 0.223256160680943
0.175279729009672 0.26026994512228 -0.00104004613225125 0.289555520368464
0.18410553938855 0.316440748574704 0.0998984417328102 0.0190123401470663
0.301639402388088 0.107831392318935 0.160060823127507 -0.0364018872844699
0.206250940290841 -0.168079548466921 0.0568619272612915 -0.189932777236194
-0.0692984511981363 -0.247734702144881 -0.177472617921193 -0.196864897771956
-0.181771697916283 -0.116900359718582 -0.271579929292154 0.0212230667999032
-0.203113347027543 -0.0137849909358364 -0.149617775504381 0.114398805719362
-0.187425575381698 0.109289382957475 -0.0434509332730304 0.0777618583762299
-0.148878220386503 0.158271923658416 0.0174927209622073 0.00383221023574565
-0.15788067581398 0.145483558143482 0.0512689599270258 -0.0888720581081908
-0.195491547046027 0.0415159053410676 0.151976760431417 -0.128002799405767
-0.179186206960532 -0.0524568565466346 0.263710108581085 -0.0860152111795266
-0.148712175837164 -0.206890056682057 0.275690109578326 0.0989063866403822
0.126700956324206 -0.22779021288075 0.137825205744273 0.19168992704665
0.306290131820242 0.0497003105630788 -0.0205331307769997 0.130410470495335
0.244401071485063 0.318195871055086 -0.0255373470585509 0.159005091455462
0.170179790544125 0.305506451173762 0.0958514303162984 -0.114730052196656
0.2675978735146 0.120690896455664 0.142032645749691 -0.157182076127644
0.19848711861607 -0.126234692138646 -0.00850446237303526 -0.253876632185963
-0.0313356708027573 -0.225422826917015 -0.234008033187505 -0.199241699471389
-0.152226025227674 -0.135516787752882 -0.308622434187989 0.0219719022251616
-0.194277608570464 -0.0367589904100803 -0.202955622212721 0.122085253784902
-0.185357422993411 0.0941389018885432 -0.107746524435045 0.114690128082735
-0.1433513208076 0.153000410121646 -0.0421526137874082 0.0637036940105035
-0.152400140951106 0.152307673203115 0.0031605208474942 -0.0363629216428015
-0.201905509662584 0.0598728334084003 0.116876360239737 -0.0899313361553762
-0.208216402900428 -0.046726360012628 0.230720438518202 -0.0450783111987959
-0.176658676433767 -0.246245973672024 0.200195461712657 0.125425715277921
0.158379888217301 -0.274137030090244 0.0540331122191286 0.136488201693131
0.356591776759699 0.0500874555722808 -0.0507654912035093 0.023687442474447
0.272313641457069 0.3288629038282 -0.0609545657594553 0.028410755032014
0.142201002771608 0.249097286880241 0.0846282554568367 -0.253630386512182
0.209060039353231 0.109484279833065 0.0829863105898084 -0.262151348626003
0.168152941939032 -0.0829466226466365 -0.0765014523545768 -0.268771579559562
-0.00288957569269654 -0.179160104970688 -0.258472496753468 -0.179253054096529
-0.108251575104256 -0.126778336142485 -0.319397284140395 0.0142019993603168
-0.155930308175144 -0.0467359994795331 -0.246030887911463 0.120313094851135
-0.153766871301273 0.0686716516089964 -0.166751740271225 0.144891160637758
-0.11795410262181 0.125456597469107 -0.0932270436789259 0.114783255146776
-0.130161481016258 0.134398382158827 -0.0356122013430088 0.0156292897410014
-0.187105784266987 0.0579879991629692 0.0760639826575065 -0.0406750638134821
-0.201728997794516 -0.0552472014771594 0.165648753944022 0.00207417277751491
-0.144659122576431 -0.257342732150744 0.100217100898486 0.116137134201391
0.186952792606222 -0.248281308321002 -0.000790223836623751 0.0437953370582092
0.339384710237049 0.068592591772107 -0.0386195070328854 -0.0574372978758141
0.243008063672728 0.287724573105795 -0.0958615698323524 -0.0822143253401218
0.106340044041895 0.15812482233727 0.0623444215536798 -0.368632560102476
0.136815686212436 0.0731894257083642 0.0102088891717515 -0.326381021160083
0.114088459727679 -0.047848406360064 -0.128458693842779 -0.258245838376921
0.00701769761261306 -0.112044662063939 -0.264505215487873 -0.155717176026428
-0.055753646191759 -0.0887030696046064 -0.316281267050998 0.00770754388636396
-0.094797047799599 -0.0409488554022928 -0.272384148842321 0.117966852950514
-0.0987762766496342 0.0365630328106951 -0.205973138098862 0.166146723718979
-0.0752441919524267 0.0792496567578922 -0.12836004198376 0.150198700972769
-0.0917554221198473 0.0911212678569922 -0.0647468768190041 0.0564739208347592
-0.140093913882804 0.035124064217524 0.0314608715074978 0.000275248941362958
-0.144416867115286 -0.062393541640445 0.0905108202023101 0.0256279482402428
-0.0679504010459595 -0.204142560305631 0.0250950831254111 0.0720031206430888
0.167184071188012 -0.152912911176665 -0.00496570425252502 -0.0387481019251123
0.236870555532934 0.078987951260595 -0.00573407945126184 -0.0868900525353576
0.160911043180515 0.187783208029493 -0.123223102024482 -0.156971753697968
-0.0263627359965889 -0.0493282355498551 0.164648532749992 0.183950180812289
-0.0694885379209468 -0.0179464301956944 0.0493336207882907 0.0554123598509269
-0.0664060826635459 0.0387166979876956 -0.0174581623785516 0.0606231332315165
-0.005665454251517 0.0764184461630631 -0.0102955809968081 -0.0121489013168991
0.0480611264415638 0.036621868196343 -0.0513324393615879 -0.00670879152672121
0.0433774881282631 -0.00636374159944951 0.0120580129556768 0.020259104000624
0.0230776133731233 -0.0164003585938271 0.0933852175441076 -0.0471646243874611
0.0102535302308147 -0.01141412246055 0.158681305018924 -0.133677295198741
0.0141883846037049 0.00114537123040244 0.212955696139781 -0.179273488496462
0.0187186102257063 0.0265315290380678 0.270213837712714 -0.128354174919081
0.0114140424990671 0.0470241525223492 0.288452420936511 -0.0284144211633086
-0.030043233438392 0.0515722822363688 0.262505236619398 0.114857790726084
-0.0648551867906667 0.017973865478532 0.161705599867901 0.233516546022229
-0.0706247995721099 -0.0343769360686626 0.0392440461525651 0.335067767920099
-0.057432772046116 -0.0916182662262243 -0.0417339577675643 0.447580422353229
0.0692853537509556 0.0854909489194574 0.157118926464977 0.207964575776793
0.0947033907100513 0.0217108165754069 0.0673002518264334 0.0678757726406998
0.0406997770144902 -0.0605817268917284 0.00551856515903696 0.0509381203974205
-0.0551651919914007 -0.0554627840028285 -0.0145075502816624 -0.0263112950939807
-0.0537709126003074 0.000673117084890603 -0.0650564560464054 0.0026807405829742
-0.0428056678813342 0.0150295596363698 0.00700123816307125 0.0300470481924997
-0.0426299670641875 0.0398841320314951 0.0897594449155177 -0.0361932147012849
-0.0454612150720791 0.0482734473399209 0.153528328754988 -0.125116602841436
-0.0528945353849163 0.043854009084924 0.198741834024973 -0.178020980334643
-0.0595187962438405 0.0114578369197914 0.258691360766673 -0.135246553519174
-0.0389118594838025 -0.0117732061348459 0.286573439963304 -0.0444129623318673
-0.0301046627786451 -0.0332204368207291 0.275626924581232 0.0970029160304557
0.0117706227007681 -0.0186011621490195 0.187210749825155 0.220385366625031
0.0189175346695239 0.0261209911864453 0.063265248230314 0.31930159312021
0.00383729756052685 0.0410614313116941 -0.0152114975280792 0.437714577126304
0.139971297933868 0.198669109017686 0.130383636039874 0.187037577562294
0.222944726402429 0.0579300501390601 0.0928314007847761 0.0801108012446672
0.133055036077403 -0.136994073679443 0.0538872905374239 0.00460615148903783
-0.083254428112099 -0.168272173436945 -0.0394599822097903 -0.0832336499493988
-0.13525194947174 -0.0439970369880137 -0.120837938259057 0.00682595609482806
-0.121723880643284 0.0199358062033911 -0.0297938107737657 0.0571089130837137
-0.107146104465254 0.0829334363546765 0.0640134770919737 -0.00489592628480719
-0.0952015129115771 0.100063477303967 0.124565870535181 -0.0968892652165157
-0.107936125358189 0.0833974667539215 0.158537215351673 -0.160367866812183
-0.125026505010848 0.00704355788445423 0.22743447349217 -0.14113541343979
-0.0880395334132835 -0.0526984780073331 0.279279333727375 -0.0703960445828276
-0.0487318581792121 -0.106969421966843 0.290704050674903 0.0795936747825323
0.0709900010851519 -0.0720005212254071 0.201725790144266 0.21105458895312
0.117177727810724 0.0613085297330512 0.0593479452297142 0.281256702930255
0.0819062405078145 0.162850304965685 -0.00294328192110461 0.379460199825033
0.172236861952644 0.274340737337397 0.107123186066591 0.125187216865486
0.288655491454449 0.0863783695564219 0.132877283566635 0.0550545933303093
0.185654558377032 -0.172913062698284 0.0854712631780761 -0.084827888198994
-0.0873506959457397 -0.230467242764814 -0.0953251997162448 -0.152209090619402
-0.177510700805544 -0.0851027709938554 -0.196483850219244 0.0122999535478149
-0.177787481205468 0.00803319922233657 -0.0855928111729917 0.0875668766968515
-0.157801559405856 0.104915287272273 0.0186378244721607 0.0354635002224394
-0.131081204319626 0.137572783309046 0.0773761486851375 -0.0512657441810869
-0.143055786746184 0.118589514660264 0.105228522862986 -0.128307220027225
-0.170888065673638 0.0175921678254396 0.188352843941935 -0.140195464319059
-0.134002547762924 -0.0655230076698059 0.270960130452228 -0.0874317925429967
-0.0909831261501992 -0.162286827753644 0.296048510249586 0.0798602928960247
0.105676238241479 -0.143373797605371 0.185389947371961 0.206746784669343
0.214731740818548 0.0654067456082996 0.0242700741270842 0.216786524312004
0.164898578380619 0.257409821371016 -0.00626143208249741 0.277432204658725
0.172315195370278 0.309509248791329 0.0975010532110214 0.024285287822422
0.293924503390386 0.110857903323302 0.161528557900332 -0.0286229061921745
0.20490651448016 -0.159954329719575 0.0649049042224389 -0.183886470018747
-0.0629055288472058 -0.243432126517342 -0.167438625621652 -0.194823369548151
-0.178122425593231 -0.118962581321432 -0.261008522847497 0.0183800067267742
-0.201944113196722 -0.0166163996385816 -0.146527083609631 0.10972386353776
-0.18523111369274 0.106435658217729 -0.0412320509897563 0.0757533669725067
-0.147294468077547 0.154150088393223 0.0189909619220502 0.00509742843786953
-0.156595700456654 0.142870654559935 0.0505581248439587 -0.0843152355801351
-0.195762153485183 0.038951955858864 0.150765796981819 -0.123866739717456
-0.176220865231381 -0.0575697477885627 0.257918106364705 -0.0795544788918049
-0.142464538594266 -0.205087141751739 0.268188725539723 0.102623994523437
0.1283048733756 -0.219829397223531 0.128045437030108 0.189797573759102
0.299259696650865 0.0543807013914497 -0.0248900466575396 0.125504120343848
0.231015159718911 0.314449578033594 -0.0283956561695603 0.151707247180285
0.157753790774504 0.298953980406243 0.0952954237941011 -0.10528028358264
0.260141543308128 0.123268648570003 0.14578033022694 -0.146013517914134
0.197120212830234 -0.120202231699878 0.00211353681714105 -0.246286492482817
-0.0262679476195023 -0.221904661663803 -0.223192322442596 -0.198289515986584
-0.149383112649424 -0.136275087121314 -0.297770029423417 0.0188697063625557
-0.194121384151776 -0.0379605851783126 -0.199585216148693 0.117622349708735
-0.183573042590345 0.0911912102475739 -0.106294415148022 0.111953312929711
-0.142142388828292 0.148253972740883 -0.0400595630148197 0.0638659598679171
-0.15144575065872 0.14900283971452 0.00340852873767451 -0.0331477933062188
-0.20173054892648 0.0562776018148008 0.114964306013308 -0.0867384504152049
-0.203848155593112 -0.0514698870411706 0.224561281883781 -0.041258882836562
-0.168797613273357 -0.242380793362493 0.195190454992019 0.12655970563031
0.157949804074338 -0.264464991088145 0.0474429958822038 0.13519584212467
0.347011511312836 0.0544663424201591 -0.0545991796321935 0.0221862267136007
0.257986121668273 0.324821359911546 -0.0610249252620854 0.0244032467512258
0.132179369252723 0.244487662266316 0.0864409117243309 -0.241261658064147
0.204780231410473 0.111488250012275 0.0887233630693822 -0.249189000051588
0.166920211766666 -0.0789433943216067 -0.0651829854462309 -0.262451764657259
0.000122859193800838 -0.176648316510525 -0.247520633645469 -0.179938332307912
-0.106463610607045 -0.127803569166423 -0.309413737138297 0.0105570424956213
-0.156235879918995 -0.047271496401385 -0.243098734209566 0.114687742930451
-0.152817076520873 0.0665919657763004 -0.164834934471286 0.141617568107145
-0.11665305309444 0.121459628417432 -0.0908420216627545 0.113999751452733
-0.129012941060984 0.131061612192645 -0.0367422203210678 0.0168087524692326
-0.185845662493377 0.0550419629244518 0.0733732013968123 -0.0395430347059369
-0.1965053746812 -0.0586234282455207 0.161086187016513 0.00295616306322628
-0.139063904068915 -0.252313243325681 0.0993548907502594 0.117119966710479
0.183972941670442 -0.239285769564978 -0.0052656757210885 0.0445645690977498
0.330436308884263 0.0707235323434659 -0.0430925103102524 -0.0564888606917045
0.229549801001037 0.283123646735228 -0.0940704721932569 -0.0830482663879568
0.098851438002436 0.155440740122249 0.06684250377145 -0.354309520817656
0.13405026166248 0.0741368141803349 0.0180831110518573 -0.313390569856378
0.113690664622863 -0.0459601148906642 -0.116652790905511 -0.253552463976049
0.00941408911511723 -0.110149424880533 -0.253705965915071 -0.15721764395296
-0.0554882704126559 -0.0890591324109495 -0.30820548324585 0.00438877707687477
-0.0950451706383393 -0.0411592080771952 -0.269577444067926 0.11273443731146
-0.0985472015931957 0.0357527896017407 -0.2047794790774 0.162261072557135
-0.0743502981619852 0.0761406150652377 -0.126759994048241 0.147976826147522
-0.0903020962142856 0.0879405066512091 -0.0663109450128257 0.0568115803448291
-0.138347021595652 0.0327568205192403 0.0284638221784741 -0.000572833612415035
-0.140269948502724 -0.063856421345748 0.0874422068588 0.0245229983247317
-0.0651377560213082 -0.199074827019698 0.026005314741059 0.0734349943461511
0.163841392644352 -0.146537080343163 -0.00882215266540566 -0.035121864752809
0.230421201462305 0.0785204607736212 -0.0118469251974272 -0.0852434232238812
0.152715330003405 0.183008050335244 -0.120171341696073 -0.156602501401704
-0.0278440287029831 -0.049445620038375 0.163324546639535 0.189976038158546
-0.0700367072400827 -0.018702151396136 0.0566128564698639 0.05873499577116
-0.0658452694179579 0.0380805468606732 -0.0119100432023224 0.0581627110452595
-0.00536312866640471 0.0774514543597766 -0.0104249630505876 -0.0138280539811612
0.0482323780637222 0.0367008115489227 -0.0526740543065887 -0.00524094560041707
0.0445108209579219 -0.00614557990705929 0.0143916269234874 0.0216251545406138
0.0248633117155804 -0.016462175757146 0.0973719549386979 -0.047297055880061
0.0115898504136734 -0.0107139768517251 0.162118721523894 -0.136632762049661
0.0146709902604169 0.00317276216915487 0.216441811975201 -0.179906562209574
0.019283425130146 0.0278662335543691 0.27462253069965 -0.126943199615954
0.0114605119060643 0.046496326281764 0.291077147604747 -0.0226907902391045
-0.0307797620880835 0.0523984745055784 0.262428746516671 0.120204919926702
-0.0658758998672126 0.0180497399654336 0.15537751116209 0.239205754399836
-0.0703773327273635 -0.0375431258403057 0.032026203074448 0.3346790562752
-0.056734722356487 -0.0921595633670888 -0.0485806145032215 0.442870925863994
0.0667093805385921 0.0859446501567789 0.155928290430692 0.21375234868334
0.0942708706440486 0.0229541200284508 0.0743169795591593 0.0713788564303412
0.0417376526744661 -0.0596532064263205 0.0119036926365151 0.04870856081706
-0.0535338938113958 -0.0558263835917079 -0.0139395531700543 -0.0288759078841949
-0.0540082314011516 -0.000690283893937895 -0.0650754241553798 0.00345194037271126
-0.0436887370401908 0.01472183341622 0.00998042022155629 0.0312761255273459
-0.0426547825561384 0.0401985457649902 0.0939266717982757 -0.0359347997820284
-0.0455677833723612 0.0494430224032318 0.156673704698717 -0.127521420833948
-0.0538513457247793 0.0452455246018711 0.20253314221592 -0.177957958761493
-0.0613121223186283 0.0124487321071735 0.263314806892587 -0.133673510858119
-0.0402522771040314 -0.0139356078679824 0.289717588940161 -0.0386317933883588
-0.0302690609917163 -0.034132296254224 0.276000961906262 0.102064352833484
0.012621948868024 -0.0181768497782322 0.182305876583493 0.224950889205647
0.0201262923409989 0.0265132069417478 0.0565598915109615 0.320145906161376
0.00234991051548137 0.0420203268910776 -0.0216872268986896 0.43558381050559
0.134547317368847 0.200161257393801 0.128565610482611 0.192532733783744
0.223000391241688 0.0618370329935256 0.0993147995060352 0.0842987586619295
0.134747827436591 -0.135052508879759 0.0608635173180616 0.00352982919784185
-0.0803305251104992 -0.169198115235671 -0.0378816449335277 -0.0852316499845092
-0.135511019782883 -0.0468416470476969 -0.118898100894512 0.00674234093775592
-0.124797319005142 0.0188352805738338 -0.02743358423226 0.0573882017837519
-0.108624005111201 0.0831583035361153 0.0677685662550252 -0.0048346363011936
-0.0963888215847924 0.101534696230348 0.128277087684186 -0.098833144643327
-0.110148137644925 0.085738815333528 0.162343238842852 -0.16076191229137
-0.129225609318747 0.00735023135765979 0.231758519720129 -0.138988042229746
-0.0903455137091254 -0.0565827028071202 0.281927873674514 -0.065289719787412
-0.0488627692596501 -0.109389462893629 0.291817158994053 0.0859879756121198
0.0736874787028353 -0.0715451379491005 0.195569187903929 0.216267776317787
0.118537807756868 0.0641777007612792 0.0529541856374466 0.280363114816922
0.0782341145539325 0.165309012212208 -0.00816378909429922 0.376479962899455
0.164508564360992 0.276805781362311 0.106445063246301 0.130455910299452
0.288363377188492 0.0907679572460749 0.13880696232344 0.0604915015720743
0.188552410662207 -0.170071208361549 0.0943457374374806 -0.0850502189990761
-0.084663332656747 -0.232618197559915 -0.0925637166150036 -0.154672668014631
-0.178754677930616 -0.0892692273881327 -0.194321813309905 0.0112199437823753
-0.181604339413712 0.00553343418250232 -0.0846641769004703 0.0878723464353396
-0.161177863554655 0.105915267474224 0.0210641946076884 0.0353723008173659
-0.133086238937673 0.13833079910095 0.0799760963708423 -0.052357717557527
-0.14566387545055 0.120460967683115 0.107689263065048 -0.127385291959306
-0.176147141802199 0.0172217614052567 0.191970478650188 -0.138898095051973
-0.136282032798316 -0.070416702862328 0.27348970229487 -0.0832573128299221
-0.0897298945426552 -0.166490669501606 0.297152078968544 0.0860860600437966
0.109894443761051 -0.1429662560028 0.179494783680177 0.211820569082698
0.216499848981251 0.0706285595489466 0.018067153048645 0.216185714543817
0.159524451371997 0.261234616343682 -0.011039568205364 0.274353033196337
0.1651253159461 0.310985960666106 0.0982139019036175 0.0300445759176874
0.294584494796132 0.116346492536695 0.168336531197006 -0.0227559417723217
0.207969693528064 -0.156542827956486 0.0743181572932235 -0.184022148670454
-0.0582015748572463 -0.246391319660234 -0.164170862972072 -0.198269119444455
-0.179160802327013 -0.124551933318553 -0.258453091407067 0.0166051791390028
-0.207532546040541 -0.019051311329318 -0.146891085061423 0.109242833122808
-0.189336123383974 0.106947891205012 -0.0401484607640883 0.0758491167222635
-0.149858045824705 0.154016111407219 0.021153893232085 0.0053290916312103
-0.159600290096084 0.144631127699552 0.0522859822423799 -0.0828534039529682
-0.201471229560853 0.0384707201111739 0.153803658530249 -0.12268110141525
-0.178028197076833 -0.0635143890061801 0.259679209894726 -0.0765008777188775
-0.140474454408489 -0.208796473421632 0.269093195344232 0.107840807204195
0.132970834488273 -0.218203430633653 0.122232568578932 0.193756535407014
0.300793352083995 0.0597184187025268 -0.031117255671747 0.125051417769272
0.226289004891745 0.316909322771777 -0.0322048985062715 0.149083356741966
0.150146204981198 0.300954688905408 0.0977341913967463 -0.10012501368263
0.261792986157375 0.128646891119667 0.153367634819555 -0.140283695242894
0.200707566028656 -0.117238004284268 0.0116964570573161 -0.246910946639973
-0.0225180258977437 -0.225019389140752 -0.219070499493851 -0.202232698417605
-0.15174900809674 -0.141885573992209 -0.295556763096943 0.0160980151868638
-0.199259129071483 -0.0401208524751707 -0.201999909783223 0.115992532204109
-0.188294972681189 0.0917189313258824 -0.107024260777853 0.112787546872575
-0.145073439376213 0.148305569469361 -0.038829933822789 0.0649521486904316
-0.154333465267031 0.149493760295918 0.00298979595945402 -0.0314088010249678
-0.207092239053853 0.0556099942269689 0.11585930570437 -0.0868385852297383
-0.205676584631602 -0.0577558636534426 0.225306753331295 -0.0396362912072553
-0.166874237085131 -0.245827070215005 0.196158724285773 0.131051552584526
0.16244107388437 -0.261834214703031 0.0427769086538281 0.137845361591584
0.349517252037147 0.058964148271899 -0.0595996398381017 0.0215558944632816
0.251791217358292 0.328868590237416 -0.062611183119864 0.02178484955181
0.126294601315546 0.24674110375448 0.0910903404899442 -0.237045064108959
0.205679061996125 0.115769003434051 0.0965919572698095 -0.244416709631293
0.169939019552468 -0.0770260957302951 -0.055326745200162 -0.264220463247555
0.00337393569622657 -0.179211225509243 -0.243114971898506 -0.185303820343363
-0.108368754088802 -0.132165592280297 -0.307909629457029 0.00728436086974564
-0.160821642360023 -0.0490691958905707 -0.246709210633022 0.113764839440367
-0.156606810441635 0.0665742583571633 -0.167591184197923 0.142734128510332
-0.119371176695652 0.121160087889401 -0.0909589147130421 0.115884549883381
-0.131241390206744 0.130625395898921 -0.0375112632267047 0.018792369611407
-0.189563445225771 0.0539177709808436 0.0727064389546761 -0.039488262348728
-0.196542391402249 -0.0640972949343202 0.16102126543322 0.00323767604935666
-0.137111998592283 -0.254747455530576 0.100724102322397 0.120468574056433
0.187215087254502 -0.237789616246268 -0.00985880207251909 0.0469723597374305
0.331218059518369 0.0746625362488839 -0.0479446778209425 -0.0572939324490969
0.225243076025956 0.283720297252362 -0.0954421358393278 -0.0859595018048048
0.0950460653975452 0.157721099208536 0.0724855606891049 -0.350979290763545
0.134913223425075 0.0769400454374281 0.0259380828105917 -0.310062105802631
0.115296564900083 -0.0450367901225306 -0.107581633527307 -0.255928819411841
0.0120707676662817 -0.111782934252852 -0.249924290006427 -0.163101074743786
-0.0566269170171199 -0.0922857099755047 -0.308535305093647 0.000270273168137534
-0.0976223666557531 -0.0417972525298838 -0.27426905888951 0.111634092199658
-0.100559832190328 0.0358348490739383 -0.208618896246335 0.164128993417528
-0.0752724762583985 0.0755019008408771 -0.128675190463552 0.149899213992697
-0.0908124220733894 0.0881017764390382 -0.0690904250339007 0.058170419135039
-0.140419593061737 0.0320505911711237 0.0259730249183896 -0.000896032129631037
-0.140271362865329 -0.0668502695680756 0.0874512830432677 0.0236399506939609
-0.0637777385509917 -0.200588665080128 0.0280406816961991 0.0757042898009811
0.165109305630411 -0.1454620883465 -0.0127368283596269 -0.0327945426850071
0.231262254197258 0.0798826651197547 -0.0175046043996123 -0.0861358045605813
0.149152962913496 0.183836898340609 -0.120695909579074 -0.160242848516376
-0.0313217853576485 -0.0495657455624108 0.168913811319451 0.197186363985738
-0.0728681118174171 -0.018033313322148 0.0668465792021867 0.0610000685189535
-0.066508811614782 0.0397222077964797 -0.00558954483570731 0.0568158873811537
-0.00386723059716211 0.0791880679176792 -0.011116878714579 -0.0159100529397059
0.0494217737498414 0.0367693556420443 -0.0557648388055857 -0.00273806785667296
0.046298304531815 -0.00629926708526381 0.0180896191327958 0.0228267070685066
0.0266487960404106 -0.0170042468638716 0.102427141528398 -0.0511866859921853
0.012517291750474 -0.00977279525944486 0.165381710932122 -0.145157418100906
0.0161510794226506 0.00397957698886772 0.220498274915208 -0.189669160540774
0.020392979544694 0.0294801416679048 0.281840829595275 -0.134101833187464
0.0116737630069698 0.0471876059372979 0.299617893165037 -0.0235048963173304
-0.0309000962512589 0.0552168117043407 0.269651454985305 0.12200987128324
-0.0678801796763913 0.0192273026675985 0.157299169145897 0.246270547019716
-0.0721542156705948 -0.0397138309159865 0.0332962658906527 0.340209960982867
-0.0583672270028476 -0.0934089133823997 -0.0477549943409233 0.448359509921503
0.065976754458242 0.0875760660392874 0.161604652005614 0.220831001322419
0.0952803952387475 0.0225338343243206 0.0849092994433709 0.0736533231902573
0.0419938633634347 -0.0602428959263434 0.0193120899991816 0.0471924930521133
-0.0545889058568847 -0.0561178250123435 -0.0141347404189724 -0.0308771561503094
-0.0556972114188541 -0.000469256111100662 -0.0667363919019613 0.00597397180959644
-0.0448204264095531 0.0157049014934622 0.0132956888559928 0.0330157817450979
-0.0422614932039533 0.0425295470657558 0.0995788651282579 -0.0393813529960204
-0.0455846239355828 0.0524172320738601 0.160516250081336 -0.136015877010609
-0.0543722333334132 0.0491952700424373 0.206348862031824 -0.186597513141804
-0.0638895473759497 0.0147014117813013 0.270395469654242 -0.140771435014861
-0.043020653598533 -0.0158183918982828 0.298330100280369 -0.0397931218836181
-0.0318698926076253 -0.0348229917574028 0.284535520890008 0.104803053787749
0.0139305059295039 -0.0180928179246079 0.184338148433136 0.232236576481158
0.02195694890455 0.0264527885467401 0.0580795226919295 0.325193837854858
0.00215571786360595 0.0442449415948042 -0.0210551115505194 0.439418761857987
0.135833537220854 0.20316988860982 0.134159403657028 0.200160294547649
0.227970608170374 0.0615911791271756 0.109339390265721 0.0873218015487596
0.136015581908616 -0.138160208180054 0.0700416416467064 0.00116897013788191
-0.0831069121833859 -0.171790567233982 -0.0384739094177843 -0.088717442851478
-0.140415645255686 -0.048299173958241 -0.120668161840519 0.00865790868246339
-0.129294787478176 0.0208934958154535 -0.0251108777567601 0.059899254486622
-0.110836534184976 0.0882890944943774 0.0733670084734522 -0.00688539146033723
-0.0968429413419689 0.107072294226065 0.131490614919942 -0.105377973310145
-0.112275664723271 0.0913644073757626 0.165528892522207 -0.167676189522502
-0.135513903360314 0.0107551690029931 0.238381993108712 -0.14605118401354
-0.0954400959984827 -0.0589694424813581 0.290433078266834 -0.0672824297494153
-0.0517847572284003 -0.113412406740228 0.300521978922721 0.0879882881619063
0.0767947629388864 -0.0739549034743232 0.198487725164843 0.222007554728259
0.123585227213388 0.0660224171218763 0.0543133071395978 0.286109115476443
0.079565133004009 0.169943568503036 -0.00790833367034604 0.381064296093131
0.167041828115043 0.280791508954754 0.110350133997861 0.136588275684632
0.295636250158798 0.0927351174900452 0.149341123109943 0.0630727770263217
0.190799331582709 -0.173154351928367 0.102872542150164 -0.0893401837160999
-0.086644580881696 -0.237738791855385 -0.0947064238448819 -0.158751337780928
-0.185584503197154 -0.0917948304875225 -0.195220884937156 0.0139794691363034
-0.189854425503079 0.00842796273695999 -0.0839169490340343 0.0913922309832754
-0.165411497370362 0.112514530194287 0.0255707039202872 0.0352831754312695
-0.135020767705596 0.145561476790443 0.0830519729297817 -0.0562846720678299
-0.149234483617259 0.127697363465491 0.109850735837949 -0.131631438257482
-0.184800229130258 0.0218540275676173 0.197630435535993 -0.144575045094056
-0.143749477372935 -0.0741349558435048 0.28052925969731 -0.0859220551733325
-0.0943503459735748 -0.171406410366926 0.306345081648495 0.0872527090116985
0.114035639841057 -0.147111610926495 0.182382680448449 0.21619024299963
0.224174957427474 0.0721157296960337 0.0176046904720495 0.219844691904951
0.163082866096446 0.266823338090859 -0.0105846517064042 0.277676932993837
0.167908742488025 0.318024196293375 0.101875512656266 0.033790072524664
0.302755683445564 0.119143740380129 0.178069196677935 -0.021554870056934
0.212701880415223 -0.16041443261957 0.0823256157171182 -0.190794848072265
-0.0612804041202729 -0.253268501934827 -0.167334836556728 -0.20286245626024
-0.187861327362235 -0.128199245974934 -0.260478620531074 0.0187955736676272
-0.217520999305548 -0.0161996292344277 -0.147754855441212 0.114077278089396
-0.195953878636396 0.114099055626582 -0.0386829264951014 0.0781986999275979
-0.152622849089488 0.162301855454678 0.023952422319931 0.00460844907574707
-0.163321445851612 0.151867084800306 0.0533403045651512 -0.083939192432954
-0.210224206511812 0.0434872747658076 0.156301249981862 -0.127844159480149
-0.185491284207187 -0.06723249856917 0.265229175995678 -0.0799583457639025
-0.147327265888276 -0.214178425969869 0.278799093994251 0.109552480447107
0.135807666121945 -0.22349304798901 0.124080985902619 0.197742638248377
0.310159445431985 0.0607340186652457 -0.0338774987089767 0.127207548602521
0.230192204922111 0.323562379484707 -0.03295286883926 0.149535501231418
0.15253823165487 0.307170413974066 0.100720865553694 -0.0995993798817051
0.270236145633256 0.131257302704104 0.161193439031181 -0.141222196892922
0.205714533260562 -0.120652168784893 0.0172287545845872 -0.25392542962671
-0.0240497170816559 -0.232357611178719 -0.223386442822944 -0.207077479920383
-0.160126458701401 -0.146273007020795 -0.298581107157382 0.0180858980083625
-0.209706280148818 -0.0378091959980231 -0.205822601964677 0.121700990144514
-0.19456495927205 0.0981225118745405 -0.108015712373144 0.117802087359039
-0.148106562665085 0.155418933828081 -0.037609802802461 0.0681347995030514
-0.157194773509205 0.156900465286027 0.00306140024120107 -0.029619872538579
-0.215128065494166 0.060727750804754 0.117322983194497 -0.0906463702500623
-0.212610607352042 -0.0604472835231908 0.230142940856347 -0.0433425160473213
-0.173168885175812 -0.25153070942609 0.204963885531121 0.133994694222167
0.164316551759838 -0.268471302592763 0.042176803474886 0.142305949860571
0.358467161461699 0.0586478667381649 -0.065080177810185 0.0218195492062957
0.257636953431725 0.333801545608029 -0.0657336667034127 0.0204408452872803
0.127617633956623 0.252048848339415 0.0930873050016952 -0.238987735494868
0.213608492542745 0.119015230303419 0.1027343140869 -0.247246819270322
0.17512601658673 -0.0797285939767785 -0.0524537359677919 -0.270236675641064
0.00242773701000907 -0.185540827357529 -0.24842466090602 -0.188916281576471
-0.116121265634066 -0.136462330406907 -0.31288550899668 0.00984152654697924
-0.169574404144639 -0.0472951116610675 -0.252942368818951 0.119645296985161
-0.161859064833345 0.0724870548574421 -0.170164701861469 0.150254501019933
-0.121490711622449 0.126074820943393 -0.0910692506509549 0.121822580989054
-0.133176509624781 0.136054307501376 -0.0395109152729835 0.0223095332615342
-0.195910693594825 0.0583492165462088 0.0726990068598506 -0.0420483522066716
-0.203657754137099 -0.0663982481864806 0.164523505118147 0.000446070018316166
-0.143399956105197 -0.259347368159625 0.107168106173499 0.123690237300568
0.18881149658023 -0.243903326818818 -0.0126444523312397 0.0503081992996622
0.340035599597604 0.0722797392660012 -0.0554234416243268 -0.0586798303656208
0.230075236515661 0.288353312273903 -0.100108591667876 -0.08868110699263
0.095642083109652 0.160347983608103 0.0726297088369099 -0.356709704634025
0.140289475314356 0.078229669371303 0.0288209341184555 -0.314680908649945
0.118480343349644 -0.0473843826909276 -0.106900471167734 -0.262061355768695
0.0116472974456143 -0.11624426317597 -0.2563580318977 -0.16652481478274
-0.0614478821017795 -0.0962318300944483 -0.315049608686741 0.00236770397560886
-0.103348587372736 -0.040879113467898 -0.282807923588882 0.118909190716538
-0.104006476319057 0.0390191744915318 -0.21293322453216 0.173575209914744
-0.0769970372307114 0.0777827166943853 -0.128885631914456 0.157391832814991
-0.0925781819555786 0.0914609220753322 -0.0715207040000596 0.0624899380521197
-0.144679818599158 0.0344211787882481 0.0245918205598841 -0.00190448448921365
-0.145120293338221 -0.068662435594387 0.0896915899612663 0.021649841873706
-0.0683573595479396 -0.204638634221257 0.0330403620391898 0.078513470511813
0.166334099305145 -0.150438926258069 -0.0178136083857425 -0.0300585809697023
0.237902951604664 0.0777918257514468 -0.0260954098058674 -0.0880886508707782
0.152030946180307 0.18577769517492 -0.127447562279216 -0.164485229519953
-0.0352535014959848 -0.0480684470411041 0.181233639757087 0.198786095315774
-0.0764675851110526 -0.0153985593106844 0.0780047934064582 0.0599124007082288
-0.0652784106097774 0.0438856987694221 0.00292262234653279 0.0557249655074356
0.00076871240777866 0.0812873322176901 -0.0111651517673158 -0.0172536645112979
0.052206942686934 0.0357639748410109 -0.05810241072484 0.00224969552120734
0.0479585023937538 -0.00880528153317372 0.0223254636929961 0.0235770836812491
0.0277428909290482 -0.0191179700587806 0.10541720056213 -0.0583131884723148
0.0137423387976124 -0.0104300534196462 0.162757101071165 -0.158321743099886
0.0170085697818722 0.00503098079607539 0.219012611626354 -0.204884567062565
0.0226113489642683 0.0307035881594861 0.285470157793731 -0.149226731149316
0.0138397981962289 0.048084927099161 0.307264146019073 -0.0332502976987632
-0.029868824869717 0.0582164887374524 0.280026867816263 0.116054343369492
-0.0679234608720278 0.0227940483621241 0.167552114670514 0.247275399669859
-0.0760299573120109 -0.0398426453228808 0.0442365610084931 0.344544318957772
-0.0627273202905216 -0.0923115164352792 -0.0348028712252192 0.456440964793442
0.068199211210455 0.0886178831771346 0.174566154783856 0.22387838774363
0.0972137852204556 0.0203036072699754 0.0974167911076446 0.0730116005807079
0.0404353167230032 -0.062189144029763 0.0286197231154913 0.0438062173603966
-0.0569056254842642 -0.0547111218478303 -0.0144884544910242 -0.0327745068058316
-0.0578776451783593 0.00104644770812772 -0.0685062788267381 0.00992680348365133
-0.0457793215619097 0.018163797047474 0.0179446161561503 0.0337328411250428
-0.040580242599231 0.0459595127866881 0.103803466712297 -0.0463170990677774
-0.0432039962339146 0.0567089891004265 0.157985280120876 -0.148841804818436
-0.0534510510683494 0.0545625656904286 0.204367440456014 -0.201027004952776
-0.0660923512928737 0.0199284523982007 0.274068695292812 -0.155534220980061
-0.0464326272727176 -0.0152004862366887 0.305735946447167 -0.0506543338807815
-0.0344244987470202 -0.0351343958262159 0.294570394966896 0.0968724009401984
0.0148289289368451 -0.0191368941314247 0.19429726572296 0.232105152270586
0.0247113261563453 0.0251369873855633 0.0687298597599319 0.328273171455605
0.00303231679027063 0.0459577224462158 -0.00792643817730582 0.446704394502384
0.143741854741658 0.203056571727282 0.145896927260285 0.202719168905654
0.23412289605889 0.0546938921546723 0.122521812003826 0.0856128192699907
0.133781534868554 -0.14319311063313 0.0784377676612265 -0.00460981512976201
-0.0912517461735077 -0.172298859187993 -0.0415568423128217 -0.0903457060417241
-0.147162545694772 -0.0442540683056168 -0.121470034368464 0.0144695498346022
-0.133500696835222 0.0272352544115092 -0.0207156568314525 0.0623925166464935
-0.109457847213964 0.0961900922636173 0.0783103054167026 -0.0121965570949466
-0.0943907696771761 0.115469255016119 0.130569180894916 -0.115776996240827
-0.11090354342704 0.102009377873915 0.162925241903547 -0.179170514189572
-0.141223461265142 0.0189166872869432 0.240116108298947 -0.160665510089414
-0.103520411648624 -0.0580054648840662 0.296530664593299 -0.0782601797124699
-0.0584590968624592 -0.115433517187134 0.311644999036759 0.0796748550803975
0.0789137067883513 -0.0789324610024923 0.208486766233753 0.220230823057848
0.130452648629721 0.0634878342197434 0.063201126974239 0.288930342937037
0.0861836557951571 0.172278051483353 0.00594027849903355 0.385766968403686
0.17698179663795 0.28138464375342 0.118510664790772 0.139367292612723
0.304872330520719 0.0846191954797655 0.162292393322186 0.0597418131355592
0.189698389972779 -0.181539582080056 0.108249972625041 -0.0983882972164615
-0.0971933142715228 -0.239976923254554 -0.100485329641909 -0.159949820475295
-0.195015418234614 -0.0872009069238041 -0.196490757367803 0.0219227532960691
-0.19691622769768 0.0172249897488773 -0.0797846383626757 0.0978904799352394
-0.165352076205979 0.124362628842748 0.0302808723638796 0.0334888014978082
-0.131751468856994 0.156210817781335 0.0842695190443095 -0.0633947369000136
-0.147493159440568 0.139858188933071 0.107941092015432 -0.138766528482607
-0.191887027501593 0.0327981227470384 0.197272893726581 -0.156349078735246
-0.153646964779582 -0.0725942647675731 0.284230545295365 -0.097468624647341
-0.103967355997733 -0.173129679875214 0.317266921158224 0.0784647578949621
0.113625529911771 -0.153991751295034 0.191409975381712 0.21543491339448
0.234352207316762 0.0679288639630094 0.0232785512095637 0.222478496934322
0.174377380972181 0.268917504073772 -0.00214010872109261 0.280978434842222
0.178735842079712 0.318491958491595 0.105610997849511 0.0343068065683017
0.314317009803816 0.112754300313073 0.187707760252214 -0.0264728276239793
0.21211515208175 -0.169423166293318 0.0833847783003239 -0.200368258644366
-0.070214848894482 -0.257932251088508 -0.176232371784212 -0.202323567108659
-0.199905817766539 -0.124864765966059 -0.261701003701542 0.0292479323813779
-0.227381848556607 -0.00655997247644306 -0.145194358235083 0.122922151069026
-0.196583018296123 0.127581397480195 -0.034058300180648 0.0808908600533102
-0.149888647479506 0.174522107087862 0.0257772548101426 0.00300227870763618
-0.161588697553999 0.164906904497767 0.0514447223407769 -0.087372807624021
-0.217801069083803 0.0556814795415937 0.156097385975945 -0.13656569135046
-0.196552193754878 -0.0640652315221822 0.268254532769667 -0.0916446386865627
-0.158836492632093 -0.215145877562854 0.29059008712337 0.101256647801199
0.1327339423635 -0.23257208338595 0.131941540974419 0.197938541077096
0.320742118126652 0.0517090449459026 -0.033236425867331 0.13054686817804
0.245623142436885 0.322848695528802 -0.0292708496949266 0.151624927132402
0.162086706737629 0.309718637894104 0.0997622499117158 -0.101335981892702
0.28181505647054 0.126626739645358 0.165932501219224 -0.147655735621532
0.208100461049004 -0.129475069017865 0.0151334092696483 -0.2622194159795
-0.0329422321512875 -0.239479368198677 -0.233323424224674 -0.204730746228284
-0.17377245426706 -0.144524373700301 -0.301160038868671 0.0288767509821529
-0.22112697224759 -0.0283307023241282 -0.205096330862427 0.133419979113203
-0.196950196319229 0.112008733399001 -0.104070000388448 0.125554339386906
-0.145145712568371 0.166398017682113 -0.0340244845195702 0.0712606494699227
-0.154800930360722 0.169027267227157 0.00247930301122486 -0.0289560109528183
-0.220988979387537 0.0721193018791709 0.115252654081583 -0.0974533636733958
-0.222492725826559 -0.056346621898381 0.23281936051812 -0.0535966776361798
-0.187516672766778 -0.250438239090519 0.217134419726689 0.128346169456045
0.158099755398129 -0.279142104088394 0.0463611107784693 0.144422913472932
0.367728695240913 0.0460548060486697 -0.0696679566701283 0.0252219911232291
0.273080365337853 0.331396609199546 -0.0682039464342117 0.0215706819695107
0.135719237401935 0.252873994196536 0.0866343763723756 -0.244050415035274
0.224379529928051 0.115276408776438 0.101176002920293 -0.254420758449634
0.177726153871273 -0.0880377994428957 -0.0572844090448383 -0.276500910752658
-0.00529681973114741 -0.191794451264091 -0.25892287160089 -0.185320399584396
-0.128108680020702 -0.136405857336687 -0.316728655819962 0.0197429801704196
-0.179779103918905 -0.0395414041774214 -0.255293671668938 0.13371496068927
-0.164842860181414 0.0833695484661008 -0.167207821376051 0.162852872547276
-0.119092982828197 0.134492308141086 -0.0863420587236322 0.129542841657766
-0.130798168237839 0.146754873364689 -0.0401029882910001 0.0260015455865421
-0.200154559842056 0.0686124554754698 0.0712947940894031 -0.0457867046961328
-0.212261695965494 -0.0619357689580671 0.167672628505039 -0.0072206080114088
-0.157491632114464 -0.259184772030549 0.117838642115219 0.122615999157094
0.18315745534727 -0.25562003989331 -0.0136237173386759 0.0540891772516995
0.350275346010263 0.0601304140637072 -0.0642352344625319 -0.0567644356846407
0.243984435825718 0.285426922263033 -0.107787672745226 -0.0880498191379897
0.100955002257881 0.1612050136164 0.0626934855262215 -0.363163832870404
0.147732189167891 0.0750959897155608 0.0222182728233757 -0.319191035654385
0.120260560013325 -0.0524108401423301 -0.113057851060918 -0.265711083662908
0.00754654195711809 -0.120506664344528 -0.265720258809899 -0.162694075095186
-0.0700695063130632 -0.096401149854429 -0.320781323297626 0.0133625236165882
-0.109704932394179 -0.0361703790110631 -0.285999272984312 0.134123723720777
-0.10636240392423 0.0457418015505661 -0.210700129752747 0.189356777958459
-0.0759977343581974 0.0833378244667034 -0.124537630054865 0.168720665429509
-0.0907609968175686 0.0980629584176984 -0.07204516698573 0.0696170288197623
-0.146987065864286 0.0413417391031862 0.0223435032333862 -0.00336971999569061
-0.15187857552592 -0.0661973495006068 0.0922403663004835 0.0164986347994401
-0.07929195514061 -0.206165234768864 0.0392717425204967 0.0798138022565865
0.163293312185988 -0.159633104895839 -0.022179258327491 -0.0267973946078698
0.246302584359639 0.0681804529792328 -0.036755833653151 -0.088692855057092
0.160523672589805 0.184231499378459 -0.138428951847564 -0.164588049911272
-0.0121659915883577 -0.0621582286404621 0.0736886308210379 0.26800267789327
-0.0640170481763739 -0.0478914918326109 0.0530258335369714 0.0934527873591605
-0.0778477104811578 0.0102458704748791 -0.0123902762412417 0.0518405239808166
-0.0339941212305794 0.0733009213354657 0.00117875470803365 -0.0223557526859877
0.0308239884611511 0.0559007197907596 -0.0535546771353582 -0.0232675128910068
0.0479070618264271 0.0132599818039817 0.0117612293593125 0.0321871150290199
0.0355255594678581 -0.00544654434544933 0.123416084092165 -0.00557902280362827
0.0186377902600952 -0.00343019391251524 0.214763546058215 -0.0746293083079084
0.0141014833695957 0.0111607454430893 0.284665674423226 -0.0923552451851682
0.0089298458510898 0.0366627632082917 0.3195014115661 -0.0111084174484844
-0.00702976768423662 0.0485457157944326 0.290577203567197 0.106551039094338
-0.0463499448374243 0.0402358232036278 0.195956787743635 0.229543540251207
-0.0701200388731099 -0.0071079905023249 0.0332254165681547 0.298344083642061
-0.0499077334936716 -0.0659659378742731 -0.119523884969705 0.326659597775358
-0.0148131790845862 -0.109178471549204 -0.247413998997327 0.387239689078115
0.0198215027825455 0.107141013872194 0.0604609782316595 0.284251689203834
0.0775382427907117 0.059903520224631 0.0613355615322107 0.10999910054973
0.0650462699763506 -0.0374592955077212 0.0105275926988409 0.0529182607779325
-0.0264656011766886 -0.0724216070707989 0.0017356899172859 -0.0363100156231537
-0.0509050510017876 -0.0238509438389288 -0.0664517304835439 -0.0164237405592217
-0.0493857463415919 -0.00423598109208054 0.00368623383841338 0.0411413360866625
-0.0568830242770677 0.0234102240252959 0.117617963672551 0.00481128384598672
-0.0640521414829446 0.0329560338166582 0.207339419021997 -0.066475936871716
-0.0720587006062303 0.0263355122877767 0.270227632618355 -0.0945086791943227
-0.0696980483032226 -0.0109894282652705 0.3134164136337 -0.0225973479911985
-0.0354114914591065 -0.0357949609407437 0.296686469275669 0.0888017692387029
-0.0116797733330904 -0.0473157107109107 0.219893933633161 0.21798880088337
0.0255108284080059 -0.00738307292748343 0.0665796378679374 0.297561533987353
0.0121476761246133 0.0378493110125948 -0.0920240043770015 0.326057313982431
-0.0172682370858108 0.0443585637623967 -0.221137902705412 0.391885092978998
0.035820568610643 0.24454086283422 0.0459955662131141 0.249802486059012
0.185592850184192 0.15184678950343 0.0742222053939462 0.128971785604207
0.183926613646554 -0.0693737733577649 0.0725837860602007 0.0296433980431534
-0.00588523611752221 -0.190742439464581 -0.000664622306340319 -0.0998458175823718
-0.111248246075763 -0.103761505022823 -0.118634113333005 -0.0326435583958431
-0.133826677412271 -0.0343256288841151 -0.043116422627181 0.0527852542096332
-0.141949095280084 0.0399811776681827 0.0795867256681071 0.0251288140667368
-0.138431111124689 0.0641587268172189 0.168692130314112 -0.0473363910191385
-0.145747077617676 0.0446823548748339 0.223967847541855 -0.0919904588684728
-0.139023836856199 -0.0441394123153715 0.283457128775828 -0.0421554530562006
-0.0701565859917914 -0.101397833643636 0.299883632365255 0.0579636008514273
0.00231576829046256 -0.13121380717751 0.244553028055985 0.206554700820029
0.109815005998752 -0.0325853785269071 0.0865623621717237 0.294345445738021
0.0923947348029834 0.119924925032786 -0.0801473360230634 0.288966179249631
0.00166499562915859 0.193895108174866 -0.184033715679708 0.343220540452998
0.0307832671085083 0.331573491662227 0.0525423454395599 0.179349301597177
0.236290729568482 0.210780016477108 0.119354131379307 0.122542948863185
0.249779416600549 -0.0778762266570518 0.139729618589306 -0.0407768736909631
0.0188227237848931 -0.254158823761615 -0.0250186383237261 -0.187440369664268
-0.135381248124945 -0.16441288799743 -0.189225151399322 -0.0576768549287854
-0.188099765737888 -0.0704081691260633 -0.112194985242641 0.0583520500103113
-0.206512148467574 0.041231064302386 0.0159165382512819 0.0454623117863021
-0.191266748742001 0.084607385179053 0.10453062771029 -0.0188346659338564
-0.196372406476721 0.0639549230238996 0.157475309594616 -0.079134999252099
-0.191710582908717 -0.0534788518310854 0.243578165552737 -0.0581675122351276
-0.10954516320823 -0.138033648089564 0.297950293776053 0.0333361164387174
-0.0137296819649989 -0.202832541849142 0.250928448764562 0.206344411544073
0.175822539286033 -0.0839774926039466 0.0758773129742635 0.281835055546317
0.182596697354184 0.168879464631133 -0.0882666987003949 0.213818329761987
0.0373101464946918 0.31922238041029 -0.141016443323003 0.24647892194997
0.012754684127188 0.365344028631545 0.0881297095248688 0.0781027991148079
0.231411148558486 0.240972677451673 0.179457582782687 0.0558183293217095
0.264870631860174 -0.0538305896478646 0.162583958451078 -0.14308681108728
0.0496107843356673 -0.258426007049312 -0.0751550670872643 -0.259903585438127
-0.123258278927667 -0.200001197202933 -0.252783447508694 -0.0808023109402145
-0.204734432050252 -0.105279335659988 -0.183564260755304 0.0529882874340565
-0.238115150350323 0.0317443320638292 -0.0638661075067763 0.0598672054084536
-0.21511604230285 0.093633851585372 0.02442044155623 0.0157133887970586
-0.219652073678094 0.0804643642556804 0.083537272375767 -0.0562421485539873
-0.224134152620647 -0.0439132245232889 0.19652001735305 -0.0583358037506741
-0.151457769450657 -0.148996322948878 0.28013953631337 0.0291014408247997
-0.0447625217640413 -0.261991570870224 0.216615215516188 0.212778377145739
0.226084195235688 -0.145240774762679 0.0323848982710901 0.238000852265394
0.264642279006742 0.191057961791703 -0.0975827757750588 0.106892711531167
0.0775047819861305 0.397812695463327 -0.105793785036804 0.118724573449669
0.00186579304968995 0.350860538106745 0.144588300433775 -0.0474491938596773
0.196326397933019 0.24239646642319 0.215234911769672 -0.0631701776862152
0.245187078561824 -0.0196277618744602 0.129549701165562 -0.230546724525373
0.076443187101513 -0.224594789869588 -0.123861358008854 -0.287217261289755
-0.0908705495891802 -0.206173389070084 -0.288828484550242 -0.100603861447904
-0.190850333053942 -0.121397032962966 -0.24334081778016 0.0343363253607139
-0.232060176366472 0.0183528489265436 -0.147877892923197 0.0692138342258927
-0.208668281776995 0.0886978963914839 -0.0593014746912868 0.0509735230735666
-0.214034519804358 0.0871284680852585 0.013528996845411 -0.0254879825054399
-0.23322791963788 -0.0299985836466672 0.143063090257306 -0.0413682059721284
-0.17722501612854 -0.15174654230861 0.230333007788532 0.0459022213404355
-0.0558725143287313 -0.304666321944845 0.140055021101304 0.203767929702063
0.267955588881742 -0.175870924472712 -0.01898046629348 0.150976955824768
0.310036638789799 0.205085986559132 -0.0835877048210764 -0.00395072542696936
0.0985143218953463 0.416698244837065 -0.0785707424156152 -0.0159426229065904
0.00209204969319549 0.290988804887313 0.194725116500834 -0.182666036352492
0.150149072782722 0.207358869566244 0.204347060351648 -0.186693231575709
0.199396273894699 0.00534012437807105 0.0732328151539834 -0.275671290107728
0.0808215136054482 -0.170899164783646 -0.15381128855291 -0.282467022527415
-0.0547430538722463 -0.177392872898822 -0.299185959614656 -0.11769466786971
-0.147717249429244 -0.11182182245676 -0.290506860274645 0.0117766240179289
-0.189119650379051 0.00740406465277153 -0.222824739758133 0.0743459891535488
-0.17026044819115 0.0711960637720547 -0.132492773687524 0.0807303430429023
-0.182521333860626 0.0768423059242088 -0.0488849076895488 0.00748885148084452
-0.212935435412724 -0.0242904472009324 0.0803714992107445 -0.014112726643425
-0.16603551191061 -0.150720019275039 0.152589122577927 0.0584048353039285
-0.0270877343997267 -0.297636282768593 0.0554792502522686 0.154362840466149
0.277435716585487 -0.145058488345257 -0.0324065889103348 0.0445141492849025
0.287917110866463 0.20666031813917 -0.042740542790934 -0.0760326487101947
0.0926302273836446 0.362594334435791 -0.061824315947201 -0.132236453064303
0.0112452710908219 0.193649914265534 0.223711823094829 -0.301453726941504
0.0978931403138099 0.138047709452942 0.164000222464186 -0.278598960101046
0.132636647254152 0.0105347080623011 0.0183020871908394 -0.291138239833903
0.059440283468346 -0.101399383615212 -0.169357692099081 -0.266923012785692
-0.0199833351346333 -0.115266929192124 -0.29881961982161 -0.128404293651079
-0.084894909490726 -0.0787678771132041 -0.319514837092947 -0.00412596715154237
-0.11960902651854 -0.00257727067721427 -0.273976392791138 0.0790123777654936
-0.107532408509911 0.0431116991553567 -0.184030806473519 0.100603296092739
-0.124502510457554 0.049726223066422 -0.097049154755162 0.0323031438209324
-0.151964310283684 -0.0258760810617841 0.0187190963923157 0.00432326322722916
-0.109235391070732 -0.126460430153415 0.0762394161597022 0.0479457586047735
0.0178411722158806 -0.216603076766825 0.0049399305584883 0.0852594085540167
0.21723286428389 -0.0698833893627203 -0.00729757308657856 -0.0315417162557657
0.191684151073773 0.166672448140587 -0.00303151313529545 -0.0939950020127575
0.0615384803056029 0.234691249572191 -0.0508885600148675 -0.215590711111582
-0.0157859228954248 -0.0582740406037215 0.0854213210257496 0.2626430088998
-0.0661836956657222 -0.0430963350527525 0.0636127872747467 0.093052885572804
-0.0745498104623946 0.0149978376593219 -0.00247395687525171 0.0504940215864519
-0.029027117735942 0.0741472527465512 0.00179442729522633 -0.0241918937080077
0.0335397646200261 0.0535315009643869 -0.0552763381352819 -0.0174891384990592
0.0488851229032371 0.0100617201097225 0.0153477525136459 0.0324520997058768
0.036122814575649 -0.00740020323218222 0.124281993076236 -0.0130363523925511
0.0194299660935095 -0.00336766876868267 0.208319633252895 -0.0856668250581839
0.0150676761363981 0.0117962793852899 0.27567014890514 -0.105939989742546
0.0109064528553253 0.0363190527820697 0.315193622790876 -0.0267601664490526
-0.00505931009762254 0.0478826224761429 0.291377040797012 0.09239811194981
-0.0440643838037794 0.0417638992348719 0.201999356192222 0.21761239109402
-0.06908472762671 -0.00331759125271044 0.0443135238415763 0.292560528258521
-0.0518723491276375 -0.0641739707694485 -0.103783718119909 0.322781152063315
-0.0190044919880135 -0.106300287892399 -0.224490228777606 0.386530764450691
0.0226726618870601 0.105132978510724 0.0732378642376767 0.27944026648449
0.0772595291381043 0.0560537978719982 0.07176715894182 0.106569337222749
0.0614342993509271 -0.0380415442619202 0.0208154423093449 0.0496068934070119
-0.0293400012212479 -0.0697851748922937 0.00133228132376095 -0.0374888292011765
-0.0513152179505248 -0.021423734190016 -0.0666872221419382 -0.0108628198665801
-0.048487425788868 -0.00153730124703949 0.00829731590683124 0.0416249027497661
-0.0537652462608332 0.026480290302463 0.119121652880029 -0.00254271898701168
-0.0599953967165833 0.0372190777541477 0.201593926713533 -0.0776571299499724
-0.0695692871166504 0.0320837606863538 0.260911378434757 -0.108648679028121
-0.0697032745599073 -0.00623148761022691 0.307220867627707 -0.0388846779949339
-0.0378359154460557 -0.0342131082140858 0.29741759892453 0.0747255747368208
-0.0135730360384311 -0.046591748129522 0.225711625349862 0.204283819113579
0.0260926280634978 -0.00794765156702884 0.0763319619943539 0.28977032038678
0.0153584646323016 0.0368075884839731 -0.0761481366145269 0.320286241958535
-0.0154045932096037 0.0445318549365681 -0.19967465664734 0.390318865878023
0.0431798576834291 0.238954884025243 0.0583033877806247 0.245914479615965
0.187723966523887 0.141431277563117 0.0854998523229618 0.126027332734727
0.176519577442762 -0.0744370570602677 0.0805455957332996 0.0246663165840694
-0.0150894469456364 -0.186442422420913 -0.00283927937550092 -0.0988327489001276
-0.114199480908618 -0.0969985535224072 -0.116187193231339 -0.0247508731248478
-0.133507814702248 -0.0266106185375509 -0.0367986861268448 0.05459142451609
-0.138146182393748 0.0478881563566891 0.0831375321906731 0.0191215065572125
-0.131251013177691 0.0718442120016509 0.164522918830547 -0.0570741207421383
-0.141183825488295 0.0546619148711727 0.215995168522421 -0.102001106390654
-0.140712189490121 -0.0343190444997157 0.278892156171819 -0.0558021145408905
-0.0760185590446613 -0.0979857128590867 0.299784270072519 0.0443355479940291
-0.00518175552144927 -0.129640130314133 0.249913932813932 0.19321093134979
0.109888699867511 -0.0363657354564173 0.0956785021469144 0.284990271072506
0.0977467089944967 0.11414099164944 -0.0681271108122515 0.283879259400399
0.00932493790865863 0.191333362686026 -0.163544930330573 0.342638790808526
0.0411975044962595 0.32330151948198 0.0595681182106085 0.17657470211486
0.240832051810351 0.197404296385149 0.127444621928231 0.117181437000506
0.241808539431824 -0.0841442662055685 0.142059411915812 -0.0469173544875405
0.00667274448219882 -0.249891002029215 -0.0307526141744213 -0.184384787912812
-0.141458347316545 -0.156052745371267 -0.185957197572388 -0.0464348561585076
-0.1901815028575 -0.0596355226636815 -0.104825552625176 0.0642357634524125
-0.202680005545118 0.053009179180134 0.0206672395902441 0.042083785853512
-0.183118413522066 0.0954584183846242 0.102628428560201 -0.0259760250462002
-0.190282756542244 0.0763815292579251 0.150388297438818 -0.0854335803935856
-0.194555261101748 -0.0416370898984893 0.238232663326933 -0.0688958279252401
-0.117032007003385 -0.132672942837012 0.295288986208468 0.019495698535229
-0.0237233472447748 -0.199744764124692 0.256653690910554 0.191157214685405
0.171196313750418 -0.0896749302206993 0.0858015727392435 0.271769195377251
0.188634542686331 0.159158770102285 -0.078439961274379 0.210588123696346
0.0499264200355714 0.311297403759065 -0.127456346079673 0.244705699206794
0.0256485599218256 0.35863610345336 0.090392431755917 0.0764527360000683
0.238754226564865 0.228557030693337 0.184170873551419 0.0498844198474008
0.258754599043146 -0.0619220761904897 0.16003540810083 -0.149133770344369
0.0374239809143241 -0.256542173752493 -0.0839181678360498 -0.252328776944065
-0.132820546618797 -0.192313301436531 -0.249022991273982 -0.0670105559929049
-0.210862803880943 -0.0919418395600735 -0.175498007705907 0.061512387499568
-0.233877197886514 0.0455218774292429 -0.0576261382237306 0.0618560605981573
-0.206698939833367 0.105158156582142 0.0253554657478301 0.0133334030733234
-0.212167222676144 0.0930698781256501 0.0790727978887542 -0.0582768805560986
-0.226178547288263 -0.0305868362251467 0.190032075081964 -0.0678719511932451
-0.158023065446422 -0.140962114026728 0.27581397815832 0.0153046457287935
-0.0567146718524353 -0.25603268210134 0.224984715307746 0.198744572035873
0.217608515555036 -0.151523559446629 0.0406169624427914 0.230953849966097
0.270777905687158 0.177043506953569 -0.0936865794034226 0.106748301724486
0.0922840095300618 0.386326500384988 -0.0982399928460937 0.119113125757694
0.0139609106548012 0.344593003604044 0.139030468780785 -0.0492698297549487
0.205233086960754 0.231131406552306 0.21255155738695 -0.0680092286357004
0.240650417209613 -0.0277931095879826 0.122426714045137 -0.233072128175348
0.0647155038052518 -0.226125676249605 -0.133143442544723 -0.277134533534143
-0.102247391189565 -0.199686077822251 -0.284614713568508 -0.085537611189626
-0.196862316363725 -0.108358941411872 -0.23719685749247 0.0462843233215552
-0.229279068492173 0.0320537897629029 -0.140666101757972 0.0751685357443117
-0.200690360409777 0.0986042081910765 -0.0545578476815962 0.0534633949862214
-0.207162005884007 0.0982520549253519 0.0111390467442476 -0.0236366987588497
-0.233548264726121 -0.0170290197236909 0.137288287817536 -0.0471751078877021
-0.183859828898501 -0.143638862573836 0.228426222094544 0.033241346890677
-0.0691460041146961 -0.29495729347229 0.1496288552105 0.193075002132884
0.255835060930137 -0.18277645435623 -0.0137524384698121 0.149069893304204
0.314806747339449 0.187043679376832 -0.0859352052128228 -0.00168099610840205
0.114102410269677 0.403716349275674 -0.078398902528839 -0.0141492828802279
0.0114755556769573 0.28620685385132 0.182205391600176 -0.183651446219869
0.157505830365103 0.19853697550774 0.195370480583623 -0.188724116239738
0.19769272544142 -0.00377673613521988 0.0647051360107992 -0.274419850711235
0.0715526676310871 -0.172768090759953 -0.161759502907651 -0.271039648521961
-0.0651321755759249 -0.173669929458928 -0.296859502792238 -0.103023351262066
-0.15401263421364 -0.101801909529411 -0.284551714314766 0.0257307781523829
-0.18767080117409 0.0184330039284771 -0.214488115648012 0.0854334924378411
-0.164371407328232 0.0790737122227061 -0.125212813165999 0.0870449880196847
-0.175284330276562 0.0854609248107493 -0.0487733043880636 0.0112628585638886
-0.211818241465796 -0.0129051744905464 0.0768401279327903 -0.0184949897883955
-0.171051028894514 -0.142071504466525 0.153458038907469 0.0481075437740472
-0.0410706651127063 -0.289758888032177 0.0653834181691813 0.148681139267025
0.265184018620155 -0.155028336682117 -0.0332112316493204 0.045142161794169
0.292012757700365 0.189018980264299 -0.0496738784311711 -0.0744452732975435
0.10592967163042 0.35085090838057 -0.0669875235708566 -0.128720711577214
0.01769586233142 0.189030328144235 0.205878411143816 -0.302548592886893
0.103236420272049 0.131885288853562 0.150010403271347 -0.277491946141269
0.131358929946474 0.00496062191567705 0.00980780165939863 -0.286574684355255
0.0538883367365051 -0.103854960456882 -0.176701263524549 -0.254687880125617
-0.0267003737173057 -0.113435723086095 -0.298487752096896 -0.112865773226677
-0.0891091147032954 -0.0717991055072876 -0.315908086719694 0.0127360359732733
-0.118230718211255 0.00562992279411528 -0.265460981129005 0.093550419258209
-0.103541797712518 0.0478656876008386 -0.175070479251992 0.109183428853753
-0.119108037915217 0.0560469711470763 -0.0944483498760381 0.0382218978346234
-0.151276300137895 -0.0169462793834292 0.0163369175163176 0.00265189695377874
-0.113760039074859 -0.119789844923074 0.0771095895511086 0.0415661853588186
0.00532450646392904 -0.21329667283702 0.011571827270751 0.0844330192896505
0.208955509349677 -0.0792549717848 -0.0122784668411919 -0.0294017234059264
0.196031227911461 0.15293290631895 -0.014286162368304 -0.0944054735588936
0.0705740890400668 0.226191611019726 -0.0614301328245813 -0.210107639344826
-0.0174227239866835 -0.0547573154389109 0.0915900851265354 0.256270777952762
-0.0659597213261679 -0.0389237209989013 0.071785654526555 0.0899696364366778
-0.0717192184940589 0.0168707124993986 0.00620251920931283 0.0469883347960021
-0.025681879947561 0.0731637332453824 0.00182431088295001 -0.0262673672404504
0.0346528147418603 0.0512745080162315 -0.0553708870101357 -0.0124280430432434
0.0481151386473588 0.00782322773462602 0.0192835420710638 0.0323851065783455
0.0354491851547109 -0.00849175628822247 0.123905466297791 -0.0186634923018254
0.0203286946095568 -0.0041887597953804 0.200530422154517 -0.092321040898494
0.0161333457255536 0.0122231081212881 0.265001447241424 -0.11458148687536
0.0126819597386802 0.0362735104067587 0.308078207966295 -0.038004362849793
-0.00293734477921127 0.0471796679904323 0.288862989003799 0.0813840545362585
-0.0408976521328286 0.0429042114042439 0.203585921887409 0.205482032829243
-0.0665284796231814 -0.000681869257140555 0.049982175402118 0.283476047332654
-0.0522850890025139 -0.0630415557902232 -0.0926942349007539 0.314308553080327
-0.021750566624965 -0.103071794601064 -0.206996890749729 0.379701404000642
0.0240368027070153 0.103173052036389 0.0809233524668718 0.272548300950281
0.0770218586005708 0.0526697253260756 0.0805032691989069 0.103088494169574
0.0583978100306446 -0.0378828371597664 0.0288433392289071 0.0458488722639814
-0.0304449266718642 -0.0661987032118288 0.00139711672063518 -0.0388947805639626
-0.0504771142889151 -0.0192246107962192 -0.0652140670022823 -0.00650928888633643
-0.0478254563282324 -0.00015748074178467 0.0123691390566409 0.0412830820981239
-0.0510581721713824 0.0285440428068975 0.1190507025845 -0.00832544641876613
-0.0564441201194846 0.0394330433817275 0.194627431674225 -0.0849374200265482
-0.0661032004456272 0.0360008326179201 0.251067212938456 -0.115765043931528
-0.0690538666027416 -0.00215059496444453 0.300611438959867 -0.0489660690618417
-0.0395215897243345 -0.0331137122354457 0.294334069632356 0.0636438345849408
-0.0148566918263836 -0.0455776193436055 0.226767426419694 0.191838397926494
0.0271091925307858 -0.00929257692895471 0.0808393835675942 0.280418557220925
0.0168166915225422 0.03456335552252 -0.0660209495469599 0.311814866462674
-0.0141810089558595 0.0442833960276514 -0.18199731992142 0.382461718799409
0.0472311366191922 0.231603677235349 0.065496753948923 0.24041305076743
0.18732152547598 0.132454013878475 0.0929958014415217 0.120822798843537
0.169197416146037 -0.0757981176345518 0.0862236442780536 0.020263073764744
-0.0202434545065658 -0.18053141965785 -0.00472628761738181 -0.0982312705099973
-0.11447028241133 -0.0916117055694073 -0.113120267418857 -0.0190719904859238
-0.132857175599258 -0.0214063637823465 -0.0319828054167716 0.055482317601192
-0.133306165462146 0.0529362713997254 0.084317611286473 0.0145945939219398
-0.124787358581364 0.0764569713398794 0.159362558233379 -0.0633575689805097
-0.135786451097793 0.0605307521583097 0.20704267581557 -0.107813429891579
-0.140611370566398 -0.0269710341274225 0.271943661866157 -0.0644831191756059
-0.0793974493188212 -0.0951295817644109 0.295170404839174 0.0344690002127866
-0.0094583529321042 -0.127555489580732 0.249986683092087 0.18014437790773
0.108308181439718 -0.03902272903067 0.0988016471180068 0.274411728760607
0.10067153723673 0.109199690562748 -0.0594565451147424 0.275865261980851
0.0133218426137577 0.185946319214652 -0.148626792056788 0.33376268711978
0.0476984598160946 0.313654279158418 0.0648110815401039 0.172844378729858
0.240605144679383 0.18557948585181 0.133882890835959 0.111929854423874
0.233253288602624 -0.0869706745729193 0.143214731323401 -0.0516206618768711
-0.00105381060798356 -0.243321382919511 -0.034684994941942 -0.179992636328432
-0.143682056316793 -0.148793102364326 -0.180646304719718 -0.0392560704530054
-0.190106123994164 -0.0512367963511749 -0.0979392661114698 0.0660444427705647
-0.196153915802237 0.0610310846502904 0.0240439275095443 0.0393835206526835
-0.174444657851114 0.101599016427152 0.100314631834279 -0.0301090123124759
-0.183055489236292 0.0836057201653621 0.144374771830159 -0.0879458423152448
-0.193855833330176 -0.0322401671544224 0.230339000815315 -0.0756875102443844
-0.121482199152411 -0.127940613984935 0.289492183743665 0.00993584634441132
-0.0299309286400221 -0.195085657631968 0.257357488510944 0.178025176255206
0.167424885906268 -0.0924558984852999 0.0891681665278899 0.260881806021466
0.190385775495343 0.150553875937447 -0.0722137587545906 0.204656686198072
0.0557069964659675 0.301707520211081 -0.117094325777971 0.239258164527088
0.0331420630777587 0.348070106742383 0.0911577245662872 0.075154254943538
0.240638708089328 0.216847121342628 0.186114727120107 0.0443507229097409
0.251771438436857 -0.0655988953732899 0.156772965175567 -0.151170801875696
0.0288140438631386 -0.251563497320534 -0.0873023242618962 -0.24406315255584
-0.137778682640297 -0.184988429586436 -0.241298389101249 -0.0572240899718327
-0.211934942615956 -0.0812389965815221 -0.168452872355027 0.0663346118119358
-0.228027645144467 0.0554337517624316 -0.0529746219555878 0.061278802932583
-0.197663139791831 0.11125686030373 0.0266372842163039 0.0111156481979886
-0.204275742329864 0.100648762486109 0.0752367503197433 -0.0586137745739236
-0.224993610647388 -0.0208447674585075 0.183492829491067 -0.0724959347256935
-0.161783575063818 -0.135372548533149 0.269961358758172 0.00636967892343702
-0.0632529063877624 -0.248975947866292 0.227478991434401 0.185404678427332
0.210152123967091 -0.153249024307945 0.0441223980527958 0.221878591963602
0.269806645991437 0.165313283388376 -0.0907431609853266 0.104618432357712
0.0989391945508396 0.37392704795962 -0.0927044140122378 0.115901643769832
0.0206914555654011 0.336362482818375 0.134805634678867 -0.0483757966578297
0.207834043044313 0.221195735579285 0.209799338516618 -0.0704718548126234
0.235701683053815 -0.0326417551970405 0.117985548325033 -0.231634362516263
0.0558568127988152 -0.223086932173435 -0.136216160301995 -0.266259814766732
-0.108973993812407 -0.193338331936783 -0.277490525295863 -0.0750750441724205
-0.199518601847024 -0.0982349370122943 -0.229738873393308 0.0535707212461033
-0.223526213294944 0.0420496561367259 -0.134130905830641 0.079016715668138
-0.19211236503966 0.105231180395341 -0.0500289982645654 0.0540416101045094
-0.199389717527522 0.104588698837768 0.00988032738628304 -0.0218536572574054
-0.231248791983517 -0.00856954154388061 0.132362013438139 -0.0508286382679792
-0.1856860297978 -0.136378233456582 0.224090940535044 0.0240820874534648
-0.0777374241520842 -0.285771203165647 0.154057483990002 0.181925805758491
0.244059455533317 -0.185391447150776 -0.0114148462239461 0.144220579544655
0.312347164451808 0.17280870903663 -0.0874475589000086 -0.000512897096206954
0.121767733429714 0.389354108286063 -0.077217232782599 -0.0128085862586123
0.0169353687093652 0.278483472205149 0.172316823644161 -0.180083101596565
0.161068266189791 0.190418708193152 0.188618562811167 -0.186941282056324
0.194516103037035 -0.00811870678486951 0.0594066447835284 -0.269656606957764
0.0638491037151493 -0.172392972583329 -0.164381148946224 -0.260366642442963
-0.072138024217302 -0.168108314242273 -0.290163514807496 -0.091940487098708
-0.15616292488431 -0.0931506383022541 -0.277465121699192 0.0356428810259588
-0.184158162298561 0.0266232769185835 -0.206416239053916 0.0924193772981718
-0.157424220775639 0.0841948852112468 -0.11757689170762 0.0893276796364895
-0.169080957799151 0.0905956855700693 -0.0472557081518072 0.0143178033116452
-0.208710593343318 -0.00510655766788837 0.073573083642374 -0.0211388927529781
-0.172324888400197 -0.133877857573765 0.151565404009598 0.040785566509586
-0.0508249154433501 -0.280195729476623 0.0710357590314281 0.142622818440935
0.253032480643407 -0.158628060186792 -0.0337022205957489 0.0450324357174215
0.289984668245823 0.173818108037689 -0.0562231699350727 -0.0712215418332316
0.112744099592786 0.337572958112793 -0.0704355400930816 -0.124619497811483
0.0204142399500888 0.184453998580609 0.190605584380203 -0.296207956860077
0.106048196188547 0.126356774705613 0.14133761136659 -0.27159741289636
0.129538281908627 0.000698792622244314 0.00529134666192299 -0.280209546691783
0.0492090630556399 -0.103209169070672 -0.179248281239971 -0.243956067739927
-0.0318737615772558 -0.11088794202353 -0.293523411886448 -0.102091652358607
-0.0908950131183948 -0.0664780576225167 -0.308681144511497 0.0245287342338898
-0.11621059737338 0.0113340493878699 -0.256708756009148 0.102608198861909
-0.0995995255144595 0.050175196839309 -0.166873365463115 0.113697608134604
-0.114712699274423 0.059112724053382 -0.0917016740668957 0.0424449468639861
-0.149274331143794 -0.0116345372606417 0.0149899137619208 0.00141365952100433
-0.116000593867651 -0.113161134371067 0.0770132401566179 0.0364451064207027
-0.00338605416819406 -0.206593915798271 0.0166549602665679 0.0815252808888856
0.200097009198059 -0.0835060633024762 -0.016957669176361 -0.0276364804905014
0.196805907585856 0.140792546797081 -0.0229699915342072 -0.0917640185095393
0.0745327622723829 0.217087441960688 -0.0672174651280288 -0.204062794342451
-0.0178245326285581 -0.0515113632244866 0.0961915398186031 0.251985270210454
-0.0654441637370453 -0.0356459154343364 0.0788904934307167 0.0875252111281676
-0.0693749346523681 0.0183707840044981 0.013507078206376 0.0426426856806989
-0.0223407899008523 0.0725344108492191 0.00196377151175766 -0.0289662467885038
0.0353908205041712 0.0497621657790471 -0.055348259143867 -0.00851251404841285
0.0474014821269029 0.00636922185286324 0.0223707296027295 0.0314612499478489
0.0356249450576227 -0.00957046447610765 0.12389215801372 -0.02349527494726
0.0207109069967759 -0.00426377101505855 0.194865526111888 -0.0973902437623659
0.0172316071268306 0.0126503685059119 0.257626386824894 -0.121106697594105
0.0142863875875537 0.0364088421769775 0.303316561749577 -0.0461712514488443
-0.00129573227620058 0.0464430505229868 0.286404129187844 0.0733803574168346
-0.0393464823127826 0.0429731504456727 0.203785087160494 0.197787353798153
-0.0648421645716689 0.000745354589700797 0.0529890660418048 0.277562822179104
-0.0530490909320721 -0.0626615671224896 -0.0865533166366761 0.307228167856964
-0.0234345709715082 -0.0997485519752358 -0.195309162810605 0.37083741087287
0.0251068639190816 0.101008255908201 0.0863277182486887 0.267382612630688
0.0763489956558751 0.0500387811000143 0.0874321891240219 0.100470631387867
0.0566292239428492 -0.0374598442810709 0.0358683102937945 0.0414376161511972
-0.0306237250432207 -0.0629491975346733 0.00122977217534955 -0.0413350584983713
-0.0497594384630927 -0.0183508605556344 -0.0642294253692014 -0.00313262879843038
-0.0473429182789412 0.000662082028185311 0.0155021451147298 0.0407696248365912
-0.0485900171179303 0.0299528257153296 0.119630462901836 -0.0130586929535066
-0.0533832927658792 0.0405309604033535 0.18925677193503 -0.0900318059513504
-0.0629507938331316 0.038342000430727 0.243524636851145 -0.120852122442935
-0.0686846634131956 0.00124846547381038 0.296166681234381 -0.0563580612224376
-0.0408632287054948 -0.0320455873545865 0.291607841408326 0.0560786991764364
-0.0166573226080324 -0.0449063752671733 0.226714545997003 0.183942889237558
0.0281868481046698 -0.00998393846015135 0.0820796677211283 0.272893678472004
0.0179918136111306 0.0326630027945993 -0.0603878314751608 0.304210343739694
-0.014291311191909 0.0446512974626022 -0.170725906190643 0.373659909845734
0.0500476634867083 0.226503378940561 0.0702781943496474 0.236680991471328
0.185925973267306 0.125440236570305 0.100510684823293 0.117128379446914
0.163852760775319 -0.0755802287483087 0.0911351360579841 0.0156089705133368
-0.0229681135516563 -0.17460181618797 -0.00591355974404322 -0.098010931205858
-0.114319768720835 -0.0878974201807463 -0.109716630153275 -0.015488502098847
-0.132181009654566 -0.0178088912230621 -0.0280202452294228 0.0557503470876605
-0.12961266878239 0.0568961147676996 0.0853834423666876 0.0105748173776649
-0.119334047751994 0.0789555047023367 0.156116322110892 -0.0685317901342633
-0.13115597964915 0.0654438617004898 0.200639688242801 -0.111095496493746
-0.140669613541961 -0.021269899488691 0.266594750871408 -0.0705030242981351
-0.0828278179937106 -0.0926363661515605 0.291928519193513 0.0278732636391715
-0.0131576541338637 -0.125916688846781 0.250356472636601 0.171055889150966
0.107666170936874 -0.0412676874011397 0.100408553731449 0.266789996842414
0.102456893722959 0.105731767386233 -0.054570046412799 0.268714472626101
0.0154539595932366 0.182654961589731 -0.139376580731916 0.326767936961893
0.0511220629156316 0.306614971594851 0.0678505639204305 0.170543958672179
0.240081301944454 0.178105072640969 0.139033980145999 0.107228013936317
0.22735571382012 -0.0877771502399919 0.145738873899606 -0.055372128255992
-0.00557332785899126 -0.237565168146471 -0.0363169542021588 -0.177430804944793
-0.145354338629202 -0.143990836504316 -0.175973641079651 -0.0348553970031082
-0.189496135063071 -0.0453869228789896 -0.0932628682214568 0.0676101137538583
-0.191764590913735 0.067227333818252 0.0262753499024806 0.0368055980054343
-0.168159966099128 0.105161153047919 0.0986528268650811 -0.0335795136408636
-0.177261511253349 0.0891338246164038 0.139647890828931 -0.0892434378695594
-0.194511281797065 -0.025593692697198 0.225779969760471 -0.0799769426432441
-0.12530031783254 -0.124338467501723 0.285033827151197 0.00386980221926708
-0.0349330309477884 -0.192102898518981 0.256586762371714 0.168872525555585
0.165140030572116 -0.09404096300772 0.0898019199925667 0.252985090397033
0.191673691611467 0.144634128454529 -0.0694538254378487 0.200643177822858
0.0592226166069548 0.295143308286024 -0.109799415590393 0.234293539930301
0.0368505279028429 0.339562146148633 0.0917236756722923 0.0743465007434285
0.240746807404468 0.209458511937198 0.188330332746952 0.0411035171801581
0.246362369747818 -0.0675490697670927 0.156195657335322 -0.15300584840018
0.0234752329687784 -0.247578815205511 -0.0886401058669771 -0.238522009232116
-0.140905563139159 -0.179307778917319 -0.235349606337391 -0.0522582262555112
-0.211802890080119 -0.0743402230082668 -0.162490552903172 0.0691182185787502
-0.222835555505636 0.0624345561460028 -0.0498273793175983 0.0612560567818921
-0.191097662952774 0.115435748291282 0.0272832629846604 0.00906718676742171
-0.198125548820443 0.107002061875142 0.0726285053477812 -0.0579580975729803
-0.223905648559094 -0.0138069258474559 0.178958704534046 -0.0757511720529595
-0.164615818342342 -0.131544819125455 0.266130331567427 -0.000377431920278128
-0.0678922441023215 -0.2436537192143 0.227803669443525 0.176352859879109
0.20574427115162 -0.153672345104987 0.0446576080867523 0.215330214701385
0.268990371435649 0.157965714213742 -0.0893298880003931 0.102378292715316
0.103239809335401 0.364106026211843 -0.0880606849091197 0.11351249170504
0.024133447086304 0.329069322423479 0.131337784241488 -0.0467074120335957
0.209547755445815 0.213832103751094 0.208738282899813 -0.0712492110982412
0.232574501073589 -0.0353798957648155 0.115980430189678 -0.230055240889238
0.0510112076364661 -0.220783201880053 -0.137928942751042 -0.259656851198566
-0.113898317940333 -0.189010922619185 -0.271330937682458 -0.0702777894615662
-0.200766038593617 -0.0906161558604299 -0.22385760423233 0.0580355001706068
-0.219764776038945 0.0496264489326157 -0.129264970429455 0.0807866292895793
-0.185771473336556 0.10892077612974 -0.0470996934345216 0.0535672324001291
-0.192731258316859 0.110053786202768 0.00930727423386454 -0.0202893190857064
-0.230201958902704 -0.00217163373793238 0.128490346925597 -0.0534360204473855
-0.186358835916213 -0.131435712680802 0.221097966865072 0.0175708472029621
-0.0830222443622169 -0.278099439708317 0.157000804787658 0.173982644582333
0.236968254242507 -0.185554691617983 -0.0111015624545252 0.140622500851256
0.310229452978211 0.163836980919929 -0.0891519267582579 -0.000324467030543601
0.125353942567572 0.377846490435102 -0.075869091507843 -0.0120849572232999
0.0198428806209838 0.273410891856753 0.165877856796292 -0.176806056831239
0.163282156208009 0.184272580806877 0.185499000911643 -0.184521998817932
0.192475738595651 -0.0112302292680036 0.0569513031398929 -0.266555177870003
0.0591156128026533 -0.171730323859232 -0.16503812754924 -0.252360405451157
-0.0773280580830644 -0.164960631969721 -0.284840867282561 -0.0857777550103508
-0.157974795124382 -0.0870773586552796 -0.272159113676798 0.0417192497259733
-0.180558992865343 0.0326592105648477 -0.20050812336045 0.0969545099582091
-0.152595518284977 0.086597327401011 -0.112175935979214 0.0911773460680611
-0.163480413988682 0.0943596604769703 -0.0464808542084901 0.016994739000861
-0.206834601111096 -0.000198681314370637 0.0709836943128694 -0.022721461177621
-0.173043444604114 -0.129301666171963 0.14930624203544 0.035113953428556
-0.0569915474889973 -0.272302957285383 0.0752747505611829 0.137975584748556
0.244696348959276 -0.15989275381214 -0.0356121423242935 0.0447985913084771
0.288023474563506 0.163484036214303 -0.060798004335843 -0.0691098398510904
0.115507906427181 0.327498689207026 -0.071707785918236 -0.121820448212665
0.0218899737195722 0.181063613615506 0.181344865517578 -0.290280136758278
0.107266877900278 0.122261217141369 0.136878377362987 -0.266190836712853
0.127927122330324 -0.00177681740911068 0.00415752769082728 -0.275472122474655
0.0459638160112473 -0.103045580295213 -0.17881793441647 -0.236312586212779
-0.0360492727670282 -0.109226909303076 -0.289039541296506 -0.0946393054933735
-0.092086487950053 -0.0623624352054797 -0.303099400647342 0.0317901391504225
-0.114367090388549 0.0150751534954542 -0.250395378795684 0.10852226708108
-0.0962836063505436 0.0517332424728389 -0.159618867402332 0.115478526567107
-0.11038679941334 0.0612877846540037 -0.0899837669605875 0.0456964871086526
-0.148241214124277 -0.00808346382147774 0.0137145842141123 0.000615140354021849
-0.116958875187231 -0.10853109891468 0.0763244635371922 0.0315505729564739
-0.00908909714403702 -0.201485941401529 0.0205992463907266 0.0799752018912081
0.194013237137281 -0.0864363306358806 -0.0215838207609895 -0.0257818471356033
0.195477506378677 0.132100315943797 -0.0299514166635256 -0.0896248917130111
0.0766215950281927 0.211052733267258 -0.0714995834920478 -0.199871989191234
-0.0185428198521001 -0.0496603764329208 0.101224589620487 0.249694644287138
-0.0657089320293333 -0.0334690855272789 0.0870022095123745 0.0855925218819239
-0.0681455313227225 0.01991051332512 0.0199191123636994 0.0385248050951741
-0.0199594931200218 0.0720057965381372 0.00101860197511513 -0.0313318637124799
0.0368813355989481 0.0484458669168166 -0.0557243127170965 -0.00461661586352326
0.0471172616510297 0.00477363895626659 0.0250406393598846 0.0305509778891728
0.0356544098535043 -0.011017723384527 0.124276381632658 -0.0286862599142646
0.021750398458375 -0.00528494721885404 0.190639699120833 -0.103313597172587
0.0188135211107834 0.0122436565478665 0.251913762636487 -0.127162723717794
0.0161901565994899 0.0366238906516756 0.299841136929286 -0.0534325812496502
-0.000211182691328198 0.0456951969791917 0.286467538081587 0.0672397408432079
-0.0376490291767948 0.0436710554356268 0.204748505505154 0.191577817441441
-0.0632239976613564 0.00187357300939331 0.0560604565402368 0.273388804702345
-0.0544670901786633 -0.0626165895989145 -0.0819688100654832 0.302711438341631
-0.0247885798168204 -0.0975130429625831 -0.186683405916566 0.364290927750032
0.0266922111007437 0.0998056278192305 0.0920577074172364 0.265193024412909
0.0752895112344062 0.0482161151210357 0.095430491283705 0.0970477265137943
0.055247655447227 -0.0366781994298007 0.0424850994037438 0.037062116446415
-0.0305655723124361 -0.0606499011591784 0.000668690766907268 -0.0437783571157167
-0.0496344441524967 -0.0170886781648373 -0.0635877968916271 -0.000185680979630251
-0.0475590254400222 0.00140065384983273 0.0177011851418901 0.0402071953378281
-0.0470795932210656 0.0306362396128334 0.119912540489252 -0.0176707802186031
-0.051101671342113 0.0414119734069595 0.185371399581489 -0.0950613102362675
-0.0602050005118152 0.041849614060141 0.23856431572963 -0.126666708425553
-0.0685775350644789 0.00405799303989446 0.292904150225153 -0.0640912260886145
-0.04239256379995 -0.031505054404626 0.292148942521608 0.0495614906348949
-0.0180060878056843 -0.0448178316825443 0.22813208547622 0.176755528617828
0.0296646170615009 -0.0112084144062711 0.0846489461744853 0.268666607004155
0.0189907066429281 0.0317677876949487 -0.0562136532906199 0.297949017845956
-0.0139223871294563 0.0447940403864431 -0.161349636501021 0.369822747520464
0.052251079535366 0.222297296756295 0.0746119001905654 0.234606305709556
0.18478573588435 0.12079203288563 0.10697046486275 0.113686462621171
0.159829241119443 -0.0760537321780435 0.0963160615193134 0.0102255624486321
-0.0262243245032115 -0.171129702682843 -0.00700924381466282 -0.098821949465608
-0.115114930209501 -0.0846133944779347 -0.108019620462121 -0.0122893591211715
-0.131889680446767 -0.0146182344662516 -0.0247486739433583 0.0560837854363862
-0.126008502107969 0.0602671250869639 0.0868744085524552 0.00647800835074899
-0.116249269433373 0.0814396159922701 0.15265768479121 -0.0729451372508616
-0.127327640553394 0.0694584145638399 0.196719286412302 -0.114912253085526
-0.142196916825363 -0.015734397598839 0.264686369797845 -0.0767469860875518
-0.0863568394325386 -0.0908991440536535 0.290857792747997 0.0221683439288778
-0.0168788146121871 -0.12564368378998 0.251235048677325 0.163424114924132
0.107932481367766 -0.0439314123807185 0.10213839544183 0.261465763047129
0.104881824825243 0.10229791400918 -0.0494377094692638 0.264468332222778
0.0171138212818089 0.180521082464119 -0.132082271101569 0.32188104755101
0.0545010349237201 0.30214646304283 0.0717227464057267 0.169283240805845
0.239763131842053 0.171082154017369 0.143972430352987 0.103614732302776
0.222646666334102 -0.0883198652055087 0.147975510537583 -0.0599724504762344
-0.00951529344371419 -0.23461301767871 -0.0385826157389439 -0.176489986875038
-0.147514004923696 -0.140186306504792 -0.172874677335353 -0.0309888903032368
-0.190062743891263 -0.0405429081634902 -0.0893115816325134 0.0693687258960168
-0.187715997407191 0.0734266760138246 0.0280232679760545 0.0350757528649058
-0.162929904525017 0.108917786236993 0.097108187750748 -0.0371860493024658
-0.172702029835343 0.0955251039023353 0.137163045125066 -0.0912037656965216
-0.195535969014153 -0.0183567820955798 0.222470690552125 -0.0855961394772151
-0.130243272204751 -0.122326747403592 0.283710940411614 -0.00167039062725826
-0.0393089068281561 -0.191289059428153 0.258443501948801 0.160703360990946
0.164200081433576 -0.0970220804543423 0.0906971230402123 0.247266209075346
0.193932428775791 0.140326544983187 -0.0667094836841206 0.196112552837608
0.0619597535282113 0.290259909607407 -0.103942467915901 0.2298428381582
0.0397748731035618 0.335262956395864 0.093309687676635 0.0737082256773542
0.241280696776615 0.202721516536927 0.191770252077869 0.0368974716663343
0.243236522197034 -0.0693696504486603 0.156108276312991 -0.156028584555669
0.0192316193869029 -0.245088643969847 -0.0914759237344006 -0.234561523758012
-0.145030459250539 -0.175884877886793 -0.231342735650887 -0.0481420599211827
-0.214129844842994 -0.0678959351950774 -0.158124540619658 0.0719285901114421
-0.219613349596824 0.0696714978737427 -0.0471697700411183 0.0613518146858953
-0.185909358451082 0.119673947523814 0.0273399101100687 0.00695787147512581
-0.192723568420793 0.112613724669949 0.0711646265744078 -0.057724604654371
-0.225937314105574 -0.0071512603728883 0.175941075320171 -0.0791852667764686
-0.168556456531512 -0.128749596287885 0.263592654273929 -0.00612778780548182
-0.0738497835206013 -0.240670895123489 0.230301951563858 0.168349860307133
0.202300257231354 -0.155776267075711 0.0452923067083587 0.210698803957104
0.269925968416778 0.151960208478941 -0.0885495870633308 0.101078560031623
0.1068540119162 0.356313724348254 -0.0849866398392303 0.111187536598536
0.0276545237480142 0.324705416914215 0.130079476734683 -0.0457496512113422
0.212307536265518 0.207780175326187 0.209396915475921 -0.0737460687223728
0.231772049052898 -0.0383673348801794 0.114068459657967 -0.230996499327585
0.0454407685178115 -0.220769554176626 -0.139993698329427 -0.254022117597673
-0.119985504547455 -0.185407564770852 -0.26726141814273 -0.0648017672859342
-0.202568097156399 -0.0844940241830523 -0.220045556826839 0.0621954266138289
-0.216340064406041 0.0570153736217033 -0.12613503104147 0.0835471756566391
-0.180539485896832 0.113229417762063 -0.0448879930174554 0.0535531006764856
-0.187659118945275 0.115274543483913 0.00894959552517734 -0.0186081349957898
-0.230791436476713 0.00414831615995092 0.126060677295208 -0.0562239221205009
-0.189872999441728 -0.127908150489787 0.218847770216411 0.0119252723758196
-0.0879123273264492 -0.273422652984068 0.160859124637587 0.167198755516139
0.23222192957562 -0.18753571437705 -0.0116898764278518 0.138505617886919
0.31088620363481 0.155629947214404 -0.0913311024353437 0.00116008806188407
0.129663352080801 0.368588361844199 -0.0752948406614431 -0.0121368210905681
0.0221764978162194 0.270246204965337 0.16194933366061 -0.173148185125667
0.166704283339371 0.179387775469372 0.183440351776769 -0.184726212640229
0.192143584556 -0.0156982677941863 0.055346062654992 -0.265549531382675
0.0545188062429807 -0.171881153918687 -0.166251826368253 -0.246749464500656
-0.0836465534680875 -0.162722645936816 -0.281396438618415 -0.0801982491702562
-0.160637318630327 -0.082186287544982 -0.268489229343733 0.0481193007883339
-0.178598799520888 0.0392447211110794 -0.196320244151763 0.102098145255398
-0.148376507183667 0.0899072197320887 -0.109090096760362 0.0925098734213526
-0.159119458030251 0.0986533457915263 -0.0456334478677698 0.0192036110393883
-0.206705675366778 0.00521793906007016 0.0691737184965007 -0.024879286132176
-0.175621088084238 -0.125207143375904 0.149134989528682 0.0298705049755894
-0.0630345796681445 -0.266564609373649 0.079307673671723 0.133408102694979
0.237815219150904 -0.16289853795807 -0.0377169367908454 0.0448992525764341
0.286715311070392 0.154690104004463 -0.0657648667142963 -0.0667855113913663
0.119210452376591 0.319739887439947 -0.0744862162147423 -0.119745374268806
0.023488303676359 0.178941892601124 0.17454864430119 -0.286606038429552
0.109009060579503 0.118523786554667 0.133470195368051 -0.26320801775041
0.127547500674359 -0.00429473219839282 0.00262424690970175 -0.272798962983945
0.043598511525192 -0.102940887291767 -0.18054911134269 -0.23102379991704
-0.0403694516433448 -0.108478602201593 -0.28695772911397 -0.0884172646851199
-0.0935372567537674 -0.0601628580958538 -0.300307969062097 0.039714119362814
-0.112504604377147 0.0191157971490996 -0.245485104521719 0.116293815647353
-0.0943522311840783 0.0534262315462458 -0.155069092434725 0.11839052396667
-0.107330963127232 0.0638015859140947 -0.0876429611097584 0.0478743061191867
-0.147491316583261 -0.00409792345803866 0.0131096824331452 -0.000117218394018319
-0.118640687284029 -0.105111009111461 0.0765970803573061 0.0276074324385299
-0.0151085746181066 -0.198363798677129 0.0244449595810535 0.0781654737344284
0.188617657475912 -0.0897039772595382 -0.0262494890196803 -0.0243704663304785
0.195542203188703 0.125023583759098 -0.0367795403347222 -0.0873240910186593
0.0798631732389781 0.20568703584612 -0.0758698788661883 -0.197007587672128
-0.011207367695534 -0.0515295121378443 0.0551373826523552 0.26465596964247
-0.059707687701375 -0.0421659582671317 0.0775936770579153 0.0971604875846217
-0.0691957538085227 0.00722867504265682 0.0172802994172408 0.0363038028872935
-0.0302769802225565 0.0645162621848401 0.00539895041767084 -0.0328342721570027
0.0274367190374214 0.0526226480730337 -0.0547198043609797 -0.0127880635803321
0.0443058712517821 0.0128223717436744 0.0191067843801529 0.0361718701515025
0.0370731554839189 -0.00568861722720965 0.129608220652861 -0.00584502561506395
0.0221710079223594 -0.00142388552774159 0.20535005097428 -0.0646565241827976
0.015980182499367 0.0167660113734746 0.269247538002094 -0.0766492209145423
0.00874099568160194 0.0381820486106324 0.300275567020117 0.00653694625252155
-0.0095792394473992 0.0439414378557266 0.264764382490456 0.121765361041275
-0.0435034347760131 0.0326411889551506 0.160688310040899 0.228151765582697
-0.0603468982829328 -0.0106837725069058 -0.00184486841103862 0.279078039019436
-0.0385900225932631 -0.0715063957353186 -0.141012706392463 0.279504224194502
-0.00492040806974329 -0.0999885785746205 -0.26272267552811 0.320233661267543
0.00255656401492876 0.0985918393222877 0.042613342020839 0.278059016298185
0.060171234502387 0.058950226508272 0.0786177704367027 0.113345121954891
0.0579449768626686 -0.0241140109636169 0.0406497509343904 0.0430954598917817
-0.016587888127482 -0.0614578637052719 0.0104743523728841 -0.0445399155483851
-0.0432212457267031 -0.0257072109876888 -0.0607110144843388 -0.00975405396700183
-0.0466864133618439 -0.00769210126035598 0.0120567786008508 0.0425616909000582
-0.0501653991152328 0.0211270440452647 0.12269534202465 0.00366918550540098
-0.0579693181406339 0.0312784522604204 0.198509873802953 -0.0586121202115009
-0.0664740969311532 0.0295933987281932 0.255645911803645 -0.0779911752572091
-0.0680455407600554 -0.0085913374330074 0.294354444331608 -0.00543331779930004
-0.0367663048440189 -0.0403562673257475 0.2723472911164 0.104166770264648
-0.00669335712054413 -0.0484265630355538 0.186102287804093 0.215996430114355
0.0342661436930322 -0.00426353174171676 0.0301774006716887 0.278962842967609
0.0142337169862356 0.0357152578837725 -0.115231261566107 0.282658745256753
-0.0237083596258031 0.0408325681970442 -0.239028666256884 0.330741822449412
0.00372362509758829 0.220466603286265 0.0306027946421482 0.246552552504993
0.151304316444492 0.146093774968128 0.0826829162657756 0.13456156612403
0.164833380929296 -0.0408574725857009 0.0978268170044162 0.0308587915289654
0.00760138655979686 -0.163480221843504 0.0152962048307947 -0.0991270604612745
-0.0930235438490734 -0.103651151060989 -0.100216535846252 -0.0291077661455003
-0.125436641769375 -0.0393731351920937 -0.0308030965164087 0.0488070445703512
-0.132326535868619 0.0358084396378507 0.0847608395120754 0.0207312588901582
-0.129078838429226 0.0586833948630915 0.16259482943981 -0.0421230888737519
-0.136717477702743 0.0445187904428853 0.212265426800115 -0.0740506446646491
-0.136242642184471 -0.0420526353831375 0.268691332761386 -0.0250426403255457
-0.0682210752649722 -0.107197518120252 0.275608238988396 0.074706956853227
0.0105490344720513 -0.126838019166373 0.212127172238021 0.204449305392028
0.118967005022412 -0.0191931800257391 0.050438405758477 0.274028598910886
0.0830071406005809 0.122775923528222 -0.103217230943917 0.251806109356844
-0.0221933849763479 0.179457565489363 -0.199037484204338 0.289779794469835
-0.00967624927800385 0.296033793372612 0.0393137532572846 0.183589513352385
0.194199179824348 0.204943965833586 0.117840474119958 0.133884335697872
0.228446253680652 -0.0397716693605419 0.160407934280032 -0.0246551072250692
0.035298706689874 -0.219579181680952 0.000827687839755316 -0.179060506783962
-0.114346753276114 -0.162697278757625 -0.158516001408422 -0.0584119273070046
-0.176633565116147 -0.0743646738238381 -0.0956455706808413 0.0493206240131772
-0.194562388734784 0.0379656380133522 0.0204128551999326 0.0376708298058025
-0.180849597755996 0.0768878073569633 0.102240351551667 -0.0182315351399553
-0.185520822390823 0.0601557425236865 0.149335864823368 -0.0623855847601499
-0.188218471110526 -0.0546172575289678 0.229540018847325 -0.0411574551621209
-0.104273976920872 -0.146351615710775 0.272455127661663 0.0490818859726133
0.00257375882876943 -0.193939431589015 0.217655430626119 0.201427283422848
0.185255481537413 -0.0582269843413213 0.0427661363071992 0.256037573729938
0.161416326662586 0.177413990120412 -0.106951165711973 0.18351920064043
-0.0007207379168931 0.294513756417523 -0.150477783044306 0.20572819637927
-0.0298210353094156 0.325679258180329 0.076677455014124 0.095957522998277
0.192550505708637 0.237199179093694 0.17408568658401 0.0784111830067522
0.247150027272892 -0.0174526096236194 0.18482020541562 -0.114464926301649
0.0659078885705393 -0.225640675417273 -0.0396913854396529 -0.243440812790985
-0.104834940201698 -0.196837931757394 -0.211897666017056 -0.0852694341408362
-0.194919422529749 -0.105436871334357 -0.163610128819302 0.038871891377743
-0.224807483938244 0.0303221506055491 -0.0586763509773266 0.0492869273099534
-0.204984987304722 0.083224606684459 0.0263271923663592 0.0118706095945182
-0.208658803686475 0.072450345104531 0.0788009854050037 -0.042244144922099
-0.219253207876355 -0.0496170322907626 0.182449002791875 -0.0447067323600022
-0.139682177991991 -0.160609576378643 0.252011339872301 0.0399716500429452
-0.0194207491531136 -0.247297506852932 0.189256434982666 0.200841353111192
0.23426838871089 -0.106409113828526 0.00684204981117817 0.209038340624431
0.231543562861512 0.204487812198038 -0.10974561581479 0.0862320989024157
0.0295099812137296 0.366916816261868 -0.106667244726356 0.0917948485514649
-0.0388786320688656 0.315321157886883 0.134344570547992 -0.0137969939121023
0.165214951612196 0.23858647340977 0.210448536747593 -0.0262726884636126
0.231664906300604 0.00992981658656256 0.158506666527288 -0.194943064009169
0.0860963995587805 -0.198705052864516 -0.0826596541551963 -0.271217484583225
-0.0795123628683166 -0.20147115866725 -0.2439940817665 -0.108091699180505
-0.181232380407551 -0.119605396670812 -0.22242051430653 0.0182420841647738
-0.219713963685052 0.0191708109029464 -0.141347888720943 0.0565340557998
-0.198809022859713 0.0777431473823735 -0.0525724928425214 0.0428902141311999
-0.204233835377071 0.075611112196226 0.0112397638833154 -0.0156586922704576
-0.226557673797584 -0.0398272626526562 0.129228681095219 -0.032272706099945
-0.159461312371998 -0.164186256507199 0.204090123252493 0.0477099368417041
-0.0272027996509296 -0.280004778507864 0.121734871375478 0.185467268323297
0.267764043529422 -0.130467662316858 -0.0341716351737793 0.126551300583186
0.267898165803055 0.215646485613045 -0.0929841634163223 -0.0120881639937565
0.0487350756166409 0.385458562964145 -0.0711094196873401 -0.0296154041031772
-0.0318666570456607 0.265152300737365 0.187719974123697 -0.133811179754162
0.128051457754301 0.20388003911428 0.206657514867423 -0.140191823953645
0.190303896328825 0.0236266161999297 0.106899111531636 -0.240454300056299
0.0859758889212415 -0.151870246780091 -0.110943933063254 -0.268695528481204
-0.0483231061039991 -0.172885430178933 -0.25560503238175 -0.126406269203787
-0.140026577342076 -0.108464116646238 -0.268556980825679 -0.00455218367584124
-0.179298765822927 0.00880735769658553 -0.214225320049414 0.0620197127168367
-0.16286932915936 0.0602713913731233 -0.122181773670247 0.0686286520965047
-0.172921178277029 0.0646930371465648 -0.0490606045585472 0.0106595236856465
-0.202266216197841 -0.0344567734974296 0.0683164599851124 -0.0122443264397126
-0.145513139901859 -0.156786598615775 0.133130429492166 0.0508115808284158
-0.00448014438955061 -0.26641884662606 0.05012570121536 0.136863738680143
0.267008956960757 -0.105968900615305 -0.0419334936391852 0.0319022873885481
0.24513386109036 0.207649088924697 -0.054898204602568 -0.0739170427378867
0.0485390509882295 0.333162428406784 -0.0477598943221406 -0.13601693068151
-0.0117975696091713 0.178730965142681 0.221490548767304 -0.241209695937487
0.0858521206253013 0.135632923567305 0.173837768410848 -0.226908664881935
0.126435707122314 0.0208374410614019 0.0566110291842559 -0.259163936899926
0.0629358056633018 -0.0890422639829301 -0.12945632672351 -0.256450173582553
-0.0170360528476703 -0.112213612080478 -0.261121128201011 -0.136595576776958
-0.0780889883186087 -0.0756714106924265 -0.299661979889041 -0.0173258602392363
-0.111808050278101 0.00048485949295989 -0.26429670394171 0.0669627129077844
-0.101939437037401 0.0346033133021284 -0.171735146512606 0.0860017214910539
-0.115529593747619 0.0404618062492902 -0.0956247008020201 0.030828519239302
-0.142311047599345 -0.0320440746966082 0.0100334241243918 0.000333247057039148
-0.0944327638538635 -0.125981470971419 0.0657178552012542 0.0362749782819027
0.026357452064691 -0.190751228296459 0.00894405876431822 0.074864566730511
0.202204121511016 -0.0466791072472083 -0.0195198223629729 -0.0308249490301894
0.162641483958777 0.158940414012352 -0.0245604574358096 -0.0898814646876254
0.0343341783357868 0.215346926679387 -0.0342221209722816 -0.213506674361485
-0.0122000870707219 -0.0499532828232672 0.0605977050084903 0.26003531791844
-0.0601898515117275 -0.0388605994907871 0.0841208715559868 0.0930479108600823
-0.067073446758835 0.00983795117246585 0.0221951466511589 0.0321964739788718
-0.0272202635791378 0.0640679557760837 0.00457043536920877 -0.034911120293271
0.0287235997372876 0.0505834846002696 -0.0552646959590474 -0.00829501106833318
0.0434739875977222 0.0110287126986467 0.0211719283468211 0.0358886509172426
0.0367854069367956 -0.00737285114898922 0.128586181246997 -0.0114780168730622
0.0222954326635488 -0.00268263791658635 0.19977940343828 -0.0706518270315252
0.0174351402181112 0.0160738142252219 0.261879384977167 -0.0832656794355048
0.0105659738422095 0.0382579237067425 0.295148695320961 -0.00280251881696254
-0.00818439982310685 0.0435283344775868 0.26353151034293 0.113388415654256
-0.0421599433850017 0.0329557464095353 0.162128379088046 0.219150720329523
-0.0584933795460907 -0.00954497210520743 0.00253604744459806 0.273705590160223
-0.0401634827898187 -0.0710584878060045 -0.133596107549126 0.274217756676929
-0.00724131433953906 -0.0967563415739642 -0.249900054418407 0.315000081583928
0.00397354909936768 0.0962998717745494 0.0485075780749354 0.273282692022911
0.0590501599035263 0.0566388297730884 0.0857257334700584 0.10918447698615
0.0561075548237698 -0.0233859578863634 0.0457637183967707 0.0390441462089726
-0.0171605671171791 -0.0591500869017638 0.00929470223039584 -0.0456570514199141
-0.0426061714101276 -0.024669204875322 -0.0601512755681311 -0.00588946825231241
-0.0467002963207463 -0.00659770359712401 0.0140169804573645 0.0422437392174036
-0.0485884309993731 0.0210870013539621 0.121888583800776 -0.00158745871552507
-0.0550669907323786 0.0320968275090611 0.193705329906312 -0.0645911037721502
-0.0632126314788507 0.0317939362316291 0.249329845428494 -0.0846859370420732
-0.067332945051382 -0.00551606170988145 0.289474167660241 -0.0149405370066186
-0.0381376811411381 -0.0389954873078924 0.271357833580609 0.0956054769023973
-0.00866446157003679 -0.0483687158730193 0.187942209692673 0.205802816162353
0.0347311066464044 -0.00567883457404284 0.0339485484691091 0.272909826329581
0.0149867585441596 0.0340529554063995 -0.107273441900207 0.276903646464872
-0.0240644000385812 0.0415248869540233 -0.225151691412695 0.323493914165594
0.00702453356852155 0.215359642149596 0.0372066095136158 0.241728835760024
0.150111744694846 0.139685463370665 0.0886647508232413 0.129467340112286
0.16049368289088 -0.041910411402376 0.101385229057871 0.0262714293644222
0.00383167177476016 -0.159287010748626 0.0132235875579584 -0.0995779802438415
-0.0938366827036531 -0.100247713881186 -0.0988946387985944 -0.0252611199440483
-0.125505986021564 -0.035742140442467 -0.0278129095581184 0.050195961380173
-0.128943514881107 0.0392104773100654 0.0845921188192362 0.0165665075716632
-0.124957069879669 0.0615660462281006 0.158814320610831 -0.0473863532278827
-0.132598769396872 0.0488521145468221 0.20670773023484 -0.0779859468336439
-0.13583403586449 -0.0360206826269782 0.263725631824132 -0.0334676039313805
-0.0720301591873267 -0.104817133619931 0.273447414727968 0.0665766386490703
0.005899986420923 -0.125895257448423 0.212531530155845 0.193687313832265
0.118109631193854 -0.0228952660907319 0.0523341083720353 0.26698094695833
0.0856012985864918 0.118589712742475 -0.0970275521593204 0.246078165478528
-0.0198770157850469 0.175839421762126 -0.187595436751475 0.284368743992967
-0.00553248557048091 0.289784109136877 0.0428686253269987 0.179897943201105
0.194221814805417 0.196018381217331 0.12183421951449 0.127842841030204
0.222255612724749 -0.0421216221355984 0.161287533491317 -0.029202834432202
0.0300328047995544 -0.215405682743202 -0.0033297245174733 -0.175937892826321
-0.116969541898647 -0.157938878122555 -0.154931225169527 -0.0534113377658834
-0.177415874803706 -0.0686211085038231 -0.0914010468948427 0.0519294166604433
-0.189820988713673 0.043917223881626 0.0223353627583429 0.0357957656487923
-0.17498601435883 0.0811278226114348 0.100016132611387 -0.0216522757164333
-0.179972154923478 0.0656373531079036 0.14582960996875 -0.0645580197156939
-0.188400257490047 -0.046848950067641 0.224891209874458 -0.0471950486810076
-0.10924933591555 -0.142537236578941 0.269561374255399 0.0412981644788959
-0.00313272574399279 -0.191020083910539 0.219267738240417 0.189917806209824
0.182425320996705 -0.0620054350592573 0.0445832380326932 0.24872493305377
0.16289522749943 0.171316298334184 -0.102027852417443 0.179749343966873
0.00291711278213912 0.287913758468576 -0.14224929599912 0.200997069555732
-0.0241434812042389 0.319816746778263 0.0773130859445749 0.0932491586029132
0.193147868966243 0.228738521779091 0.175065734677267 0.0727209749066204
0.242771581148236 -0.0204394324044241 0.183173331633077 -0.117638553423421
0.0594430187544635 -0.223158681975506 -0.043319309418143 -0.238898030347705
-0.109338024630628 -0.190963328954515 -0.207316630418525 -0.0793894757988115
-0.196967534729019 -0.098006284383498 -0.158356112996258 0.0436522788504565
-0.220066682996017 0.0371997149388375 -0.0552864619492512 0.0496226383396498
-0.199663621180071 0.088107789459273 0.0264477253333551 0.0100742694122943
-0.202567308832509 0.0785717593252477 0.077857422560792 -0.0421934672269992
-0.218711330371029 -0.0412824130608619 0.178143379077604 -0.0501835821512902
-0.143562762581999 -0.15656604736726 0.248566847689294 0.0328654138349241
-0.0260235791457208 -0.242179436781029 0.190656422292414 0.190439561929871
0.228685121584412 -0.108973542799399 0.00878742442492577 0.203204848818285
0.232189863065958 0.195473328134608 -0.107575639163155 0.0843342479820707
0.0352012848870008 0.358284270994348 -0.101763794274089 0.0891713798732575
-0.033904090052308 0.309824458181622 0.131482089383118 -0.0150135906868049
0.167553851089888 0.230686167055837 0.208691674720214 -0.0306611657790034
0.228300037154503 0.00553936694498252 0.154735673576201 -0.195147781891553
0.0797353646048921 -0.196990756055552 -0.0855545445643856 -0.263755838777501
-0.0855670799548181 -0.196106895652541 -0.239372120827033 -0.101383454566195
-0.183365079256875 -0.112009812332344 -0.217789798343607 0.0239130699934848
-0.215349571776558 0.0262014582798547 -0.136755505200965 0.0603224414991779
-0.193212497567764 0.0823105653152633 -0.0503898472600884 0.0433142029502975
-0.197864811080539 0.0811157505294678 0.0110599369024611 -0.0146569078941607
-0.225368757001372 -0.0320347877854783 0.124852205273661 -0.0360355989450202
-0.162555550583754 -0.157940297711121 0.201811423348883 0.0406088956514797
-0.0344901802037544 -0.273041930771039 0.125006523400967 0.17690077095321
0.259787211232332 -0.132971995463477 -0.0336602409065861 0.12334042144831
0.267641581221823 0.203869106516072 -0.0940673517710805 -0.0106691793999665
0.0543567878565287 0.373162295624525 -0.070494889611873 -0.0289666335613977
-0.0279321364032018 0.260299637965553 0.182038920540932 -0.13145413905514
0.131038590791029 0.19712791704758 0.202185315385977 -0.140213201111508
0.188243115621318 0.0191344746051591 0.103430334526238 -0.238817264456164
0.0804500847967036 -0.15159715604844 -0.112595956279701 -0.260833015481678
-0.0550087286445753 -0.168700820221121 -0.252266664862479 -0.119100988182527
-0.142336158615119 -0.102723417660328 -0.264133699245531 0.00341205392152589
-0.17611476302902 0.0147048059541904 -0.208397999369047 0.0687176435036499
-0.158829947524785 0.0638575077852328 -0.118421577179765 0.0718915659899284
-0.16682855298276 0.068386331510445 -0.0476465248466437 0.0134794060653597
-0.200749764885255 -0.0280948402563942 0.0664428575248139 -0.015353843906398
-0.147994883867025 -0.151660957542778 0.132183242381794 0.0448491331346483
-0.0127880723407824 -0.259866477002599 0.0548380563764865 0.131124472016878
0.257799034793943 -0.108336265321874 -0.0442384431257931 0.0318975496755456
0.243698855820288 0.196698100260549 -0.0593401186805647 -0.0713555189541382
0.0543143975763855 0.323429609231872 -0.0504650624430138 -0.133296610123146
-0.00938939595852341 0.175198944728906 0.212786385864811 -0.237304137580961
0.0873678040136307 0.130911405704893 0.167916962886002 -0.224090488720197
0.124798256177895 0.0170905659955281 0.0533319628092604 -0.255603343022693
0.0598181650538487 -0.0887555705031514 -0.130809939979913 -0.247907589115888
-0.0221304259059757 -0.11049721845627 -0.257309000065506 -0.129058187701269
-0.0805058134545337 -0.0720442207070127 -0.295352298466189 -0.00838827790993638
-0.109076316454469 0.00416691731341914 -0.257631985830205 0.0763212994718472
-0.0996356428403798 0.0360973494837316 -0.166892099902507 0.0893708385203326
-0.112075571824895 0.0427000611474804 -0.0929710638724099 0.0338906115762854
-0.141311780859058 -0.0269366971648745 0.00892798492500358 -0.000981135867892233
-0.0959130577512386 -0.120687564552249 0.0653021929406764 0.0313895172943223
0.0195495464199418 -0.186478539927304 0.0129285612213833 0.0721578165413445
0.195574239656558 -0.0508300099655354 -0.0241242300988277 -0.0295393090616799
0.162993213924619 0.1500746268641 -0.0308100009027308 -0.0875880480419435
0.0378740055414687 0.208156804412824 -0.0397835453112615 -0.209078396581534
-0.0128438998526691 -0.0487109189014483 0.0637033941113019 0.255712897107618
-0.0599389289709867 -0.0360067301973922 0.0889035154919638 0.0886158013463633
-0.0642814110532023 0.0115377863059385 0.0264610541192598 0.028642153814698
-0.025009554514492 0.0631798724033188 0.00378448058493076 -0.0353783542842021
0.0281372315929884 0.0491576302045018 -0.054525881996772 -0.00377068469470985
0.0422049191088492 0.0107211111965678 0.0225948215991337 0.0356297546598702
0.0357266091254529 -0.00841925692378935 0.126092975899253 -0.015735777590783
0.0218544016385105 -0.00314808994836758 0.195083830965093 -0.0740005137595387
0.0184930679144376 0.0155106114383628 0.255476468939393 -0.0869066116453077
0.0120963989112405 0.0380107728493851 0.288716317312247 -0.00847345782811424
-0.00726446816161873 0.0422108209984503 0.259926221339249 0.107170994643944
-0.0406467145555968 0.03347272811482 0.160970984605185 0.210754932477095
-0.0566960508633338 -0.00858263382834456 0.00410048201435425 0.26728054788304
-0.0408299018769874 -0.0698842770404254 -0.128306537684866 0.266522051100043
-0.00861530147923109 -0.0932280296928727 -0.241747354755391 0.305213764613497
0.0043130515003074 0.0940090843983164 0.0516351955436929 0.267042154075994
0.0572976944374628 0.0552863960866743 0.0887465799637315 0.104202086896604
0.0549158999920923 -0.0218344399608468 0.0496660650103674 0.0350825364638535
-0.0171897298208863 -0.0565233729788924 0.00812208875142587 -0.0460909414724179
-0.041801119542531 -0.023633272733954 -0.059310867523674 -0.00278334207265336
-0.0463986371736707 -0.00564726919132521 0.0157552167766765 0.0425151607782715
-0.0469964895375493 0.0213599069731443 0.1201274721389 -0.00525567742271711
-0.0530667432080812 0.0320625689803222 0.188939526335648 -0.0680124139948461
-0.0608926581813726 0.0326638838350965 0.24248285911511 -0.0873050585788277
-0.0660920417893355 -0.00292141006610483 0.283902595826589 -0.0200752786676026
-0.0391872434412024 -0.0386001336854614 0.267704431909446 0.0901134455262693
-0.0101355796164885 -0.0469400023410626 0.185521553973285 0.197545316080151
0.035073354252635 -0.00680779273368693 0.0343670357502662 0.266600971399711
0.0154914332761285 0.0325625137517008 -0.103733563620918 0.268488770394837
-0.0242866808571063 0.0418530026938431 -0.216414036117859 0.314355465327257
0.00766011369126827 0.209755475198736 0.0390540060682683 0.236323616705008
0.147471711714951 0.135048182928469 0.0917492249473609 0.123596002951526
0.155944234677117 -0.0406152043656098 0.104369915245448 0.0226349063773828
0.00216155870961629 -0.154634242345429 0.0114184017445514 -0.0987189721166172
-0.0936273664381208 -0.0966678086014331 -0.0956841180146029 -0.0222522250439039
-0.124170900772552 -0.0327292300190799 -0.0258320152483329 0.0508251272363924
-0.125848793440037 0.0404217263436258 0.0842691820067005 0.0140968242957069
-0.121075352043661 0.0627261083750589 0.154932768600027 -0.0496886790969813
-0.128236288019115 0.0516452955233316 0.201893913798105 -0.0797713568610996
-0.135362137521826 -0.0307837560930226 0.258801992141736 -0.037451464852043
-0.0749669941643706 -0.102057761780782 0.270281655416838 0.0612842464714614
0.00249002246177522 -0.123499674368205 0.210113078496467 0.185150112321598
0.117238987932181 -0.0242267265030078 0.0523927845381766 0.259963650955417
0.0858241808900374 0.114673445217766 -0.0933055650801516 0.239071325870417
-0.0192131456837969 0.173248041089654 -0.178581023612695 0.274725917212383
-0.00394032333138753 0.282584496908398 0.0441398874273796 0.176008564971053
0.190174480911467 0.189863068896236 0.123199433587307 0.122592691666292
0.217092648860483 -0.0411808282454906 0.16246371137747 -0.0317025437932229
0.0275102864011075 -0.210402009750922 -0.00507175841589063 -0.172728743359338
-0.116766086255392 -0.152938142852351 -0.151004449272424 -0.0492518288403607
-0.177139008682839 -0.0641036629473671 -0.087602338944771 0.0539800380675009
-0.185426048305685 0.0469038271565225 0.0238359485486947 0.0344818028284718
-0.170299213802981 0.0827520162147261 0.0982061273397471 -0.0238728831625697
-0.174922487322444 0.0691897931330315 0.143082553158689 -0.0649558828708428
-0.186896192410492 -0.0412398302856756 0.220230298720516 -0.0514567081174621
-0.111861497309502 -0.139421909867402 0.265138894593494 0.036775401551259
-0.0071227037511687 -0.186808080859789 0.217133015075126 0.180376619841972
0.17942961715132 -0.0635291252304544 0.0444213338365089 0.242128388033278
0.162232125861736 0.165799643239805 -0.0989973387353109 0.174605341559619
0.00348305217067977 0.280553635905013 -0.136592055124866 0.194858629693227
-0.0235573950595492 0.312643752385345 0.0772878770090428 0.0912909721963718
0.190176295106044 0.221124310496037 0.174691416922162 0.0690327412362265
0.237770826178684 -0.0205917029537802 0.181803673948624 -0.117631415998592
0.0557733483626758 -0.218751370288119 -0.0441531772372114 -0.233686842839799
-0.111321433713899 -0.186337231600082 -0.202498858378639 -0.0756676192951323
-0.197171720947336 -0.0928902472552641 -0.153789713047599 0.0463179293297229
-0.216318273169945 0.0415589725616817 -0.0528240152114742 0.050296190444991
-0.194110155104526 0.0903293647338054 0.0263131588111781 0.00901052367038711
-0.196244466196877 0.0814541459718468 0.0760727791989554 -0.0409544672039819
-0.217027555039885 -0.0355868368883926 0.174421494648712 -0.0530924472900032
-0.145671937195224 -0.153190480905198 0.24389948553935 0.0286193041709906
-0.0299195889357348 -0.236609086034206 0.18955271040716 0.181664300197218
0.223888297512293 -0.109217604520811 0.00746556004457722 0.197429565231484
0.22884321986667 0.189249011520901 -0.106131339438127 0.0821710458300596
0.0357153855564066 0.347003472153777 -0.0982325151929067 0.0859328577376789
-0.0322497396280144 0.303322444744645 0.128875375766891 -0.0140032841534498
0.166814631404697 0.223724434919827 0.205256731094498 -0.0317165924698107
0.2251394921123 0.00372843000646746 0.153633771329849 -0.193638237568572
0.075710745612728 -0.194929925567802 -0.0853364414941716 -0.257058753003229
-0.0893488455466005 -0.191290902778267 -0.234028681016084 -0.097090795506677
-0.183769527752088 -0.105864312496555 -0.213171324006159 0.0286251812360356
-0.210838751869186 0.0304360491520589 -0.131872953385482 0.0631361956700864
-0.188745230778579 0.0839050272961454 -0.0483675033832486 0.0428352181942281
-0.191873618736273 0.0830365889815481 0.0117555050930191 -0.012968374991011
-0.222888168532621 -0.026929777898104 0.122095197876918 -0.0385796404588424
-0.163033351208695 -0.154251892006692 0.197913437610604 0.0355135722830795
-0.0381548242409454 -0.265241668881881 0.126015130228429 0.168401208960217
0.252918306044888 -0.13243806744931 -0.035196380134944 0.120575377894103
0.261967269936392 0.196746496417177 -0.0941583031170142 -0.0110203175810251
0.0549406950766086 0.361328691928749 -0.0689124158488653 -0.029197560125875
-0.0265536003451107 0.254088871920438 0.177393899792935 -0.128449597077348
0.131126550274999 0.190993753505892 0.19811096078783 -0.137986256879624
0.185068908100453 0.017081361331762 0.101857169894626 -0.235439782570841
0.0770387015800578 -0.150029019718722 -0.11168785718797 -0.254646971654663
-0.0589260561216024 -0.164194475746794 -0.247055084274459 -0.115029911034189
-0.143773132204706 -0.0978465026626133 -0.259485164147251 0.00899976012772949
-0.172412465594705 0.0185442653862572 -0.202019604535483 0.0722502453375267
-0.155210607369738 0.0648615684588147 -0.114327416024542 0.0726351306432774
-0.162258576328654 0.0695642691148096 -0.0458766747765095 0.0150986194517899
-0.197912311106125 -0.0237122503697988 0.0638679333413431 -0.0175943729329748
-0.147751286845263 -0.146999130955493 0.130147783146533 0.0403235346966915
-0.0161566505169727 -0.252010476764887 0.056559825640098 0.125673231552805
0.250010642238933 -0.108844604908268 -0.0456889472634961 0.0318335739115353
0.239893901184207 0.188788641936575 -0.0622436302249624 -0.069319883063
0.0552431980087971 0.312593680717416 -0.0517398370843965 -0.130237209785622
-0.0091219582351353 0.172336391547755 0.205183245421793 -0.231400417202485
0.0868550642469538 0.125686470486529 0.16455794664726 -0.21868548951838
0.122607649391638 0.0149111225762209 0.0526483220840717 -0.252452938480931
0.05630590678638 -0.0882862311325966 -0.129210310804576 -0.241069931652684
-0.0256420878131394 -0.107356634556387 -0.253650972609935 -0.123783673546387
-0.0816326062919394 -0.0691667089660891 -0.291232162201539 -0.00262685541997887
-0.107305638922621 0.00565987001060856 -0.249838546111433 0.0804390457229338
-0.0978041076437138 0.0369988349181025 -0.161532175155462 0.0916454071300904
-0.108204201623289 0.043640181359631 -0.0907609178090215 0.0349307245694966
-0.139793992486117 -0.0246163708809786 0.00737372955169654 -0.00259926212339261
-0.0963794956768725 -0.117598372364404 0.0645593902793282 0.028543411886338
0.0157091734668486 -0.181018063906157 0.0152311882341368 0.0693104693659789
0.18954928434488 -0.0522104738901775 -0.0278334945093735 -0.0272940318708959
0.159655872281851 0.143201833753334 -0.0354425065891443 -0.0850588168886952
0.0385142209640306 0.20187405188559 -0.0418642364125546 -0.204370726590756
-0.0126221808332281 -0.04755297368516 0.0635765909386849 0.253214115349209
-0.059233652171109 -0.0343450064751359 0.0922909951468362 0.0867695675630424
-0.0622081535685968 0.011988073149076 0.0299449963601963 0.0260419826612384
-0.024111716949199 0.0615881563080658 0.00327555494651316 -0.0364400789464567
0.0278417341698354 0.0485607704560274 -0.0539994463396104 -0.000432040132866811
0.0414444668448428 0.0104822302412904 0.0240246326268377 0.0361874477613252
0.035272546184904 -0.00879406697193064 0.124754530566622 -0.0183945267654953
0.0212599346273214 -0.00311172189897182 0.192559359042321 -0.0756090008136622
0.018761946671879 0.014911819711753 0.251144493217334 -0.0875689422915101
0.0132242393734539 0.037429545825551 0.285423096651061 -0.00983880028603852
-0.00731533145916441 0.0416348622734501 0.257582037208353 0.105085444929589
-0.0403302317194016 0.033457425663271 0.156696761273254 0.206437359593248
-0.0549520164826008 -0.00893226310222211 0.00157573896333539 0.263339950739921
-0.0411124953723892 -0.0699339857640102 -0.127913192867508 0.259510044047973
-0.00794442513951089 -0.0899306146248138 -0.238946792508005 0.295003187873476
0.00287594106366259 0.0924772742935813 0.051755440236239 0.264542670531652
0.05544558045387 0.055425601282938 0.0916209117722646 0.101147601114603
0.0545900352455939 -0.0200481615146611 0.0537868001666219 0.0319487127166339
-0.0162228930544323 -0.0547980000290908 0.00789230921790503 -0.0470735973654813
-0.0413783492672619 -0.0236794655714021 -0.0587056836040645 9.073044845875E-05
-0.0464076041191236 -0.00581979523180729 0.0174293799889394 0.043563837556871
-0.0472963229183707 0.0212066984415992 0.119171631764612 -0.00759419050834928
-0.0528112099680955 0.0326023228009882 0.186945087615177 -0.0692931484077423
-0.0590579233418078 0.0334401303921637 0.239535516501049 -0.0876560597226452
-0.0646775334958537 -0.00173842233971208 0.28005434736628 -0.0216442228167752
-0.040265129290376 -0.0380497553608837 0.265733670531397 0.0878772528106334
-0.0107024865834255 -0.0459375471229221 0.182067515829082 0.19253961722448
0.03632951189381 -0.00778457977582296 0.0318968000512463 0.262577003269817
0.0149260058095524 0.0312162030260489 -0.103514360889149 0.262081479348235
-0.0249064032707578 0.0425135993140121 -0.214587576860896 0.305553653209544
0.00578405397609945 0.206332449544806 0.0393809517313254 0.233511578448886
0.143593293021383 0.133161351756284 0.0936171159427772 0.120857313352278
0.153925365236294 -0.0374991532898208 0.106752216226815 0.0198980777659851
0.00287238627732919 -0.151137875561788 0.0120135867361829 -0.0979938483736429
-0.092613552728797 -0.0954594669986157 -0.0941223553525877 -0.0199564868319898
-0.124330975403675 -0.0317185387720868 -0.0231606711076376 0.0518600056414548
-0.124501619737652 0.0406405744616491 0.0847100460339704 0.0126728156858363
-0.118617844709746 0.062661830961071 0.153350863711638 -0.0516373317641199
-0.125845696595846 0.0522737932534856 0.200070011909243 -0.0799004906979425
-0.134442619243845 -0.0287629597675116 0.255242234624294 -0.0391148107783845
-0.0765238158589989 -0.101434013362785 0.267769663950214 0.0606409497033264
0.00104595301996613 -0.121259125003172 0.206526361396355 0.181067499864834
0.117293036031815 -0.0250929627485117 0.0485567080682883 0.255810047694372
0.0848969566154182 0.113392388071554 -0.0941245683167106 0.232295078388365
-0.0217930255083763 0.171093534437103 -0.176415269431606 0.267564574745134
-0.00695612611186413 0.27807013649321 0.0438275410718327 0.173708536382828
0.186820191722032 0.187161413411922 0.123386328639772 0.120057421151594
0.215070272115672 -0.0380571430193987 0.163738001399749 -0.0332532820700621
0.0276824314113629 -0.206207530687206 -0.00439034247196892 -0.170838076859472
-0.116133727049229 -0.151421617889919 -0.147702158585331 -0.0482890401412271
-0.176791883541535 -0.0628920258500124 -0.0848800551685782 0.0544720254999844
-0.183804486229144 0.0471696370645249 0.0245786715204937 0.033046747061557
-0.168093820710681 0.0831215547584153 0.0968921783681451 -0.0249121399858914
-0.171560048033661 0.069902177603079 0.142128732651817 -0.0643880494031594
-0.186073821654318 -0.0380077452318498 0.217141090940158 -0.0533169840395363
-0.113990192051479 -0.138103091711941 0.263130123187597 0.0354281885163088
-0.00886794639974728 -0.184464866924452 0.213897606384708 0.175765056467824
0.179703634505992 -0.0630739554063829 0.0400307699558933 0.236982753668342
0.159891957706135 0.164461132744391 -0.0993554024928377 0.168970097899183
-0.000158233632320304 0.276970359471381 -0.134265394150232 0.187402732860456
-0.0250459218784684 0.307567158263559 0.0753661091420581 0.090756220090412
0.186419707493849 0.218484320746855 0.173326605902387 0.067061415163946
0.235537508872344 -0.0179786924851696 0.183509364197675 -0.118115713516204
0.0558617288616091 -0.215490896345583 -0.0425621297427064 -0.230263787533687
-0.111485325800248 -0.184143005803663 -0.197802362640515 -0.0749215260626715
-0.196344575476457 -0.0904304876671772 -0.150743898687609 0.047522889046058
-0.213346474565227 0.0423857521738246 -0.0504925971551625 0.0501845666728105
-0.191666155187537 0.0901533928596115 0.0259381032343214 0.00793734566277739
-0.193080994607411 0.0824442266953083 0.0762692205882396 -0.0406637543637638
-0.215068657603596 -0.0332402720505025 0.170826821092278 -0.0539806605863145
-0.147027784864211 -0.151470327160927 0.241169015272204 0.0258789069212156
-0.0301212470927496 -0.232558999704235 0.18687608068913 0.17603497820172
0.22255185641615 -0.107165660761515 0.00424724780178564 0.19403692853755
0.225119809325446 0.187345501847409 -0.106647896103972 0.0786131981324279
0.0301437704897442 0.340899803577554 -0.0969501262256115 0.0818813401804691
-0.0345694705811409 0.299269332869907 0.127012402796626 -0.0125191451391294
0.163198554536769 0.221466022306267 0.203952885856833 -0.0305774084123962
0.223556215063302 0.00495381415317818 0.154428201315425 -0.192157095665758
0.0752239680847782 -0.192398546670429 -0.082971310135425 -0.253963639424226
-0.0899974836043804 -0.188570629343684 -0.229739394858765 -0.0968576319603543
-0.184856428170226 -0.103709858846645 -0.209770002520114 0.0304446569580152
-0.208924175770556 0.0315248464982527 -0.128804881449164 0.0631978553180666
-0.187150736802627 0.0845442683312889 -0.0474579253846187 0.0429958198792952
-0.189010817588847 0.0837389693588663 0.0126253264478629 -0.012282839303605
-0.221493838342283 -0.0250670270735999 0.119015530704859 -0.0407432497302616
-0.163195467744616 -0.152734120668584 0.195432801809795 0.0337779440138809
-0.0378534459345475 -0.259572770442848 0.124839971943257 0.162829040349276
0.250152292126367 -0.129418976382711 -0.03777994763957 0.118221838883849
0.257643215207572 0.194053269835647 -0.0948707900920165 -0.0115122998319343
0.0496572684105562 0.354115200389333 -0.0677587555539308 -0.029966056284251
-0.0286883322795409 0.250857061097417 0.174887085572994 -0.124480909912073
0.128706027158672 0.188566392804734 0.197033918608017 -0.13572227307589
0.183890485026373 0.0167772237128196 0.103703973239135 -0.233139558667214
0.0756123324324605 -0.148374623732017 -0.109161692769759 -0.25064618597466
-0.0609815142209634 -0.16160343064809 -0.242611903786552 -0.114902588434592
-0.144819373789055 -0.0955369779381809 -0.256468916963988 0.0113289036378329
-0.170575826147044 0.0191336707884785 -0.198324895095053 0.0738395973218735
-0.153372895394879 0.0652252359514091 -0.112929384269024 0.0722699867159752
-0.159510590900414 0.0699316735025825 -0.0445964613946953 0.0155160279793948
-0.196072814366702 -0.0223348996213527 0.0609609116990688 -0.0189301580082754
-0.146916210285202 -0.14534931898045 0.1281610443614 0.0376999067713257
-0.0171728424617603 -0.246254712624743 0.0571283201972652 0.121319107060314
0.245781243552352 -0.106190438515167 -0.0487960294760057 0.0315739616537955
0.234661539885273 0.184792798396069 -0.0644072015884045 -0.0678136556440092
0.0513786896530953 0.305966477618268 -0.0504785140765139 -0.128471491428946
-0.0104873461291627 0.169410030712009 0.203547510866929 -0.224369656773505
0.0853273504330487 0.124209647878471 0.164377875801456 -0.214424132010129
0.121363219784182 0.0146968398116483 0.0537354423153112 -0.249328490317107
0.0564033999876933 -0.0880976346429337 -0.126298586260351 -0.237384338519941
-0.0271034309676806 -0.106092091872778 -0.249067480733001 -0.123362914301532
-0.0821951407797631 -0.0680523145369988 -0.287266725016337 -2.35135551124447E-05
-0.106021052404664 0.00677480015769588 -0.245843394795796 0.0823442484294325
-0.0971329411420668 0.0366582912550119 -0.159423532440544 0.0910816190832448
-0.10625216959756 0.0430258794495264 -0.0891148000153566 0.0355359582586472
-0.138534162475079 -0.0235458798062583 0.00593546117732325 -0.00396380110767534
-0.095426033135894 -0.115077977855794 0.0634454422341852 0.0261515180116067
0.0135704096333817 -0.176209582829477 0.0167294643922261 0.0664131340688937
0.185790374516815 -0.0513647860118939 -0.0315319497169558 -0.0260437979821341
0.157063412123666 0.139190908488042 -0.0392591993903165 -0.0827689068249607
0.0368128416729157 0.196969187264286 -0.0421654675324613 -0.201273486890222
-0.0124466184889709 -0.0476769181047437 0.0637231083026461 0.255548504207913
-0.0587718871356173 -0.0330412953617124 0.0959420611975747 0.0845795682934904
-0.060858894173316 0.0118789048895346 0.0334463695033224 0.0232866406919704
-0.0231062083112745 0.0619158614751394 0.00319779065453784 -0.037978173054988
0.0281246010564235 0.0493754938487614 -0.0539196204802914 0.00293719072744739
0.0417021508587863 0.0109954511293311 0.025201420819754 0.0377419811806852
0.0350585101769769 -0.00921901390840218 0.124631104269036 -0.0205871062290561
0.0215549782963679 -0.00363577120804529 0.192510031724786 -0.0781293716576303
0.0195352109227855 0.015493407411418 0.252526144233259 -0.0895291819379023
0.014423404253848 0.0378466051188784 0.286817186302948 -0.0100265266809237
-0.00770956260590575 0.0419417277793505 0.257918557590744 0.105927239990729
-0.0405932645322255 0.033910296191655 0.155358177901019 0.206272147730564
-0.0548307518405371 -0.00980529265838504 -0.000756188058504528 0.26417683757974
-0.0419280612962338 -0.071148785885613 -0.13131280764536 0.256679982256869
-0.00750381747222161 -0.0881431152806935 -0.242795488747422 0.289391201767621
0.00156800224811127 0.0930178566880293 0.0517175549858964 0.265991907597905
0.0547618679630777 0.0563963850677036 0.0946524531733167 0.100155651698452
0.0558810392382891 -0.0180949411096448 0.0581641036049273 0.0293957070903822
-0.0152135919002598 -0.0543205813848448 0.00831907520126808 -0.0485699413262703
-0.0414563226090444 -0.0242493554877382 -0.0580786643231515 0.00199343831792763
-0.0475695551290441 -0.00518479038825275 0.0186357524796827 0.0453820897151112
-0.0474040778029986 0.0216384024051188 0.120469058662377 -0.0091989500016727
-0.0530664734889264 0.033254773266003 0.187272760266296 -0.0713821269595897
-0.058860736273363 0.0351274777766943 0.24096644201988 -0.0890071913527131
-0.0642041182908245 -0.00130788955367094 0.281577631382449 -0.0235224777283478
-0.0423236511937906 -0.0380230477266938 0.267934197897642 0.088468941110798
-0.0115052540620062 -0.04643041862718 0.179948228031338 0.192105654038219
0.0374353627021089 -0.00877520877111459 0.0282996959151069 0.263540265213551
0.0147193576646972 0.0309413124369999 -0.10701093634281 0.259729161543444
-0.0265297290181163 0.0445422129608922 -0.217686501760209 0.298884693080349
0.00278245214205556 0.206702755951681 0.0378024692994895 0.234307035483102
0.141973430665067 0.134400587505741 0.0950540783021272 0.119876389886043
0.154929523339935 -0.0348413356613476 0.111126119550404 0.0180521338587113
0.00464739796002115 -0.150465164065233 0.0121233301496833 -0.0990367515072174
-0.0927241239099472 -0.0962366774548992 -0.0931537313545203 -0.0182659854047899
-0.126322596655156 -0.031489942286009 -0.0216574046970401 0.0538340559730947
-0.125831016070329 0.0417576935131761 0.0852959747875898 0.0107950137290782
-0.120133180573774 0.064216764923127 0.154951599539634 -0.053030255264973
-0.125768724385422 0.0539796121066125 0.202338319507641 -0.0809072339161655
-0.135319602755379 -0.0277018405263066 0.256168644581668 -0.0406605190466498
-0.0797648248073345 -0.102215172894859 0.27074757454458 0.0606495730903627
0.000121186888961062 -0.12183391347373 0.205175460498177 0.179898384201445
0.119657118998883 -0.0257156115048131 0.0455169511131526 0.256501581942096
0.0853749020749782 0.113817809741759 -0.0967204117870193 0.22971841367609
-0.0246949344652553 0.172871107118862 -0.178765328877654 0.262711860504796
-0.0103448358250039 0.278801543444712 0.0424426712948488 0.174057981768884
0.185074628222934 0.189371810439207 0.124885046754169 0.119470069777884
0.216342071220938 -0.0345633108993731 0.167775489911799 -0.0342135385820727
0.0291696331123594 -0.2055808061482 -0.00335207879933482 -0.171210372408684
-0.117029975407991 -0.152478735823186 -0.14690123459983 -0.0480098695285359
-0.179418900427261 -0.0625509567911198 -0.0834728487420691 0.0567606829811058
-0.185179110884211 0.0491343935029672 0.0253689246665686 0.032766112986779
-0.16916599880191 0.0845871234885781 0.0976523616988265 -0.0255276942829592
-0.172284815009717 0.071344497660966 0.144067723574657 -0.0650498889225008
-0.188281303005669 -0.0369755984023464 0.217545459806081 -0.0543173904624275
-0.116733292738377 -0.139621822769379 0.264804648899004 0.0358657407504108
-0.00956086823845921 -0.185347324743231 0.212530610884252 0.174974040834702
0.182257704657506 -0.0631792471173066 0.0359227949988456 0.237581032247531
0.160646160097213 0.165855932128901 -0.102563553606098 0.166123775076458
-0.00486970170800844 0.277068516153298 -0.136668077163753 0.184131771248151
-0.0299089189578825 0.308145323629482 0.0752842261549161 0.0920532651701076
0.184912686643173 0.221016659717308 0.174478562141708 0.0677750877554343
0.237780535727377 -0.014996391391332 0.186974422506546 -0.118919133985249
0.0577928452323199 -0.216008470939723 -0.0407674537629803 -0.230875000493562
-0.11308250537802 -0.185441283555162 -0.196693323504045 -0.0760114631621138
-0.200235179165023 -0.0899997920066416 -0.149959868341372 0.0487639396273443
-0.215103972921444 0.0440304469196382 -0.0498446942725229 0.0508068508993745
-0.192842534481257 0.0923728775345993 0.0265721474700144 0.00791769682397351
-0.193376415207172 0.0838828581036021 0.077938443882947 -0.040358801230906
-0.218279814510293 -0.0322337819079032 0.17087215384286 -0.0555975991666354
-0.150406285170428 -0.153592369758302 0.242804371984592 0.0263422881325719
-0.0300730885680697 -0.233427059778549 0.186033795180057 0.174334170515212
0.225791442683576 -0.10640128261463 -0.000636654166975968 0.193516065033687
0.224601509596082 0.189708543497947 -0.109567445756604 0.0766351489329784
0.0247504015146674 0.341603457795402 -0.0969984790764474 0.0791677218860686
-0.0384781131217315 0.300063903579752 0.127292824893055 -0.0104537018056813
0.162086685581266 0.223134544757177 0.205442020885065 -0.0300935917822433
0.22545181539967 0.00724676605014256 0.158399012731916 -0.193000249531479
0.0765066389196928 -0.193839305622039 -0.0810001173516303 -0.254682799795458
-0.0915415872399057 -0.189740087737802 -0.228415991684579 -0.0986782725943351
-0.188138219424751 -0.103208499608814 -0.209568155017396 0.0317802368505979
-0.210176552598641 0.0334518885433866 -0.128384689521708 0.0649635742094189
-0.188196982226287 0.0861650580385972 -0.0477048373057599 0.0429946635182548
-0.189458008084121 0.0843889359459208 0.013574288108372 -0.011445281281142
-0.222835989183972 -0.0243851346776196 0.11809042299233 -0.0417401463368478
-0.165483587716092 -0.15535328813304 0.19601124805129 0.0325014127449104
-0.0369371680075415 -0.259417970663344 0.123865484877792 0.160933043057391
0.251869645892455 -0.127481198999471 -0.0414737871779963 0.11801131845471
0.256260430941315 0.196451617952303 -0.0978888886365412 -0.0131179054775279
0.0445177810693959 0.354041624739465 -0.0673838022230524 -0.0323085135507087
-0.0324593502828182 0.252253702113659 0.176603953597485 -0.12137691074982
0.12798466142479 0.190208836156904 0.19936232354962 -0.13510172708268
0.185580923480728 0.0179138906567654 0.107530492882443 -0.234302002146865
0.0767987334658877 -0.149616810274483 -0.106476791621558 -0.251428031833868
-0.0624271041347018 -0.162855798275698 -0.241676290245351 -0.116442491482988
-0.147134055304781 -0.0957421555064074 -0.257258560969896 0.0122137711639333
-0.172164219637072 0.0210024536359608 -0.197786548645493 0.0757138951772466
-0.155017299549664 0.0665918970051293 -0.113241874509392 0.0731498582534073
-0.159724979023824 0.0704863289310306 -0.0443217374746928 0.0161629842414242
-0.197543503633197 -0.0221889678462562 0.0597210003827101 -0.0203978971929637
-0.147491021464818 -0.146780464905336 0.128910936827721 0.0366342130910681
-0.0168847939020224 -0.244976909402174 0.0576745852013167 0.119109757301711
0.246789197044739 -0.10516760239214 -0.0523606056240788 0.0323625370421793
0.233133855314943 0.18592890763159 -0.0671924778455574 -0.0685877118248693
0.0469735230750583 0.305797018475338 -0.0499842158074014 -0.130920829884029
-0.0132298662601044 0.170051926147905 0.206497319352413 -0.221163498525364
0.0844059485740097 0.125369795501397 0.166963485464109 -0.212801750704315
0.122246939397208 0.0153578818855629 0.0571054512582883 -0.25113706437044
0.0566623163507886 -0.0882762960054672 -0.124406186575656 -0.238629373359681
-0.0288647110429306 -0.106597113975006 -0.249428162820369 -0.12508241237724
-0.0836946588902987 -0.0688504325918194 -0.28799773158289 0.00162647650209099
-0.107274072245568 0.00717582747226168 -0.24544013042726 0.084209999372029
-0.0981328753333445 0.0373441392888058 -0.160422415139841 0.0924969404970451
-0.106111644962393 0.0426180699300601 -0.0891017758800364 0.0362224635273627
-0.13856126395259 -0.0232647466701852 0.00444816551922798 -0.00465030181398559
-0.0950677359595435 -0.116008721249235 0.0638009830409951 0.0245904799278749
0.0134862457233979 -0.175161317265061 0.0175768214167959 0.0656732259459552
0.185313998340323 -0.0504471003384687 -0.0356129316506716 -0.0240370133323153
0.155957273414071 0.139109319479144 -0.0424669583086279 -0.0817970977974616
0.0336366137876458 0.196314631351108 -0.0414734405595763 -0.202388943295667
-0.0359439193146379 -0.0312220628084042 0.205640003623358 0.169531420336392
-0.0650679253256375 0.00764855624372337 0.128924956414566 0.00758987986248151
-0.0411059365789845 0.0438264986017683 0.0416380579139507 -0.00277090467303032
0.0168518695017049 0.0623364688736966 -0.019164479193027 -0.0314116137836409
0.0518968418330325 0.0232386023274253 -0.0376251323681121 0.0371480239591684
0.0406999741283481 -0.0157790680269493 0.0470620989961915 0.0144971483045723
0.0220499042606764 -0.0292101960230835 0.0880995526467562 -0.096424819440961
0.0156654260801677 -0.0165208356128531 0.106346462920337 -0.183101651921991
0.0271747923286844 -0.00163750848156825 0.14851335237288 -0.23071899589231
0.0372396527506865 0.020000314913291 0.227031679684576 -0.185752167230035
0.0219223325431423 0.0383940452684465 0.274346288330084 -0.0757125824704589
-0.00954769894394153 0.0525696503697007 0.25331425374097 0.0721309566660853
-0.0495732143533578 0.028024962021622 0.163758185926838 0.214295098770013
-0.0805189999305981 -0.0283157188039759 0.0574983582358618 0.288535596969543
-0.0633554757975362 -0.0640978682635416 -0.0154047733049433 0.392117196283125
0.0544813260351162 0.0781410538113265 0.210077653774237 0.182650124350646
0.0765663992825406 0.0140356629545236 0.141900518185491 0.0196777332758043
0.0359863016694288 -0.0473189460238892 0.0665492156944624 -0.0176550378953809
-0.0424631264552647 -0.0355722015138056 -0.0253470756144131 -0.0465320358626492
-0.0469189232800792 0.00509541469001659 -0.0435418291512492 0.0394010035941701
-0.041799198278901 0.0248284231771175 0.0440340103912343 0.0251323297856785
-0.025810765746518 0.0461814449313071 0.0911054435246626 -0.0825277094917374
-0.0217636559524444 0.0597488871214362 0.106561182656954 -0.175149649583442
-0.0251457455468434 0.0628981320600048 0.139991046672758 -0.224285829376494
-0.0526385396937864 0.0389500671986013 0.215209475110442 -0.19410707038889
-0.0575254291117175 -0.00557495987839388 0.270977278519665 -0.0941974055282621
-0.0358493753382346 -0.0323486341411964 0.264803235676479 0.0447489161030072
0.0297483691360443 -0.0308896637330098 0.186499544386511 0.195902495413799
0.0330356652259915 0.0203204300708113 0.0752343384127356 0.276920886757636
0.00501430184164714 0.0600947195930443 0.00576082007100093 0.380516503945641
0.119367728594446 0.17212382009016 0.187029518530622 0.163593379531959
0.190607291695099 0.027571813050577 0.157653396644714 0.0363869152784104
0.10814455766716 -0.118638904545288 0.105097577017612 -0.0628191161459989
-0.0813001990307251 -0.123614034177493 -0.0555675717617942 -0.0927403339237542
-0.130887683745512 -0.0230622861910348 -0.0873635698073477 0.0428194569794715
-0.121087090240942 0.050992633179668 0.0142102978487114 0.0571179867444365
-0.0754907816614438 0.110065294623794 0.0763206382350011 -0.0429730031699921
-0.0569808097897542 0.126667485342542 0.0907606647133621 -0.140451972882231
-0.0681319930940946 0.121853325263389 0.113135860261293 -0.194565416778089
-0.127328314353014 0.0617844864356947 0.183799004087798 -0.193003967725739
-0.129617936890337 -0.0345288838657618 0.256829803902445 -0.117929547325417
-0.0732242057666738 -0.102649388311403 0.276604375475545 0.0193943341767099
0.0890439757307691 -0.0989081568116743 0.194708674258593 0.180697063590082
0.145453558747301 0.0443548871308543 0.0627885062538947 0.249729891703574
0.0878485391782459 0.167251516487534 0.00906760660199202 0.322028365751321
0.149266025552209 0.239900696212043 0.159191462817707 0.113021820065597
0.25575161682101 0.0473285218975338 0.183806581152509 0.0193752388317503
0.159087887024321 -0.154347430623004 0.121259299471305 -0.141601274592543
-0.0928797565342305 -0.182779908212087 -0.113719173002135 -0.144677606259487
-0.183915955385212 -0.0540648562212698 -0.149698451701653 0.0503098121805798
-0.182768547613224 0.0582118455126138 -0.0354959672040872 0.0972273616068448
-0.118258713910927 0.15222367722836 0.0405889674119218 0.0133312574489928
-0.0842763411903989 0.174530260835412 0.0625054298612689 -0.0834807861312055
-0.0955303394264043 0.165797648576406 0.0768538447190391 -0.145889661579717
-0.177810901539889 0.0875812847674797 0.144197247136863 -0.180501425688704
-0.18615011329676 -0.0417758879252922 0.235964452238853 -0.13416098114773
-0.120745749117303 -0.150224521850569 0.279755174893716 0.0110755923337834
0.118996443000638 -0.170069487461037 0.174349029367597 0.171911013681608
0.241106723881308 0.0396017650480467 0.0150776745785089 0.205090070778745
0.171258543200712 0.241374937703589 -0.00947793511033236 0.228063921960606
0.149119957162342 0.275035858856634 0.137598066757162 0.0277498595881342
0.274843372732884 0.0723270902788618 0.194065819657144 -0.0508856090838929
0.187822273376717 -0.151661901144706 0.0880971043347453 -0.222379808066715
-0.077099497604656 -0.207174012772343 -0.180902888422845 -0.172004170191187
-0.200594913161802 -0.0821271673852615 -0.208396574222535 0.0574323274609009
-0.215970327787955 0.049329904430697 -0.0952114211322806 0.131302491572783
-0.144978081505747 0.167126511499651 -0.00984971703666957 0.0759141396627727
-0.099217125665787 0.195314775729062 0.0256839953222526 -0.0110208962511876
-0.105846385013612 0.189104961890975 0.0386086575499423 -0.0851032871975218
-0.199127175129504 0.110281422183398 0.104153672984317 -0.152311577995657
-0.221399175366886 -0.0339016940768251 0.211740367408624 -0.127313635410135
-0.16674093154474 -0.176467238581244 0.257397468933308 0.0271176970860275
0.12712592830091 -0.233729425193703 0.116381863917028 0.160246385429781
0.308098652553538 0.0176785989745873 -0.0471397242973889 0.139761655592058
0.235403562494794 0.273804232408448 -0.0467688233591387 0.117413974969768
0.136494672584958 0.272589597821268 0.118025315863224 -0.0855261295036053
0.257986676653315 0.0865376796835838 0.159448091349383 -0.14819656353391
0.189946579675949 -0.12743763228645 0.0203346915247237 -0.265269651557602
-0.0503216931135414 -0.199798651754891 -0.225967722664662 -0.167452654208303
-0.186316183970692 -0.0968794185492348 -0.24823736409067 0.0577630275355339
-0.213891053043404 0.0317481923305307 -0.153869652449057 0.153962618605704
-0.146622300159985 0.156134775518788 -0.0648424940704718 0.136784182143883
-0.0996374372491333 0.187605735214188 -0.0124590212784459 0.0632379647704253
-0.102519215922 0.187220726150132 0.00402535648006098 -0.0202989503461305
-0.19862621597675 0.119862699416676 0.0695961942008183 -0.108004527398771
-0.234629006390534 -0.0263038620342316 0.178062362761214 -0.092868418964307
-0.187904608747476 -0.193633047587701 0.199671175409666 0.0544911967759169
0.135687663926514 -0.267289280014986 0.036047175504951 0.125700610445279
0.335908804192301 0.00279251794954528 -0.094361956896132 0.0617980405041084
0.260202749202963 0.269168876017538 -0.0934139242596154 0.00807214944551471
0.114957082424328 0.228324641883901 0.0875075775243995 -0.204703827185672
0.210775592431367 0.0787939785705348 0.0895900180535421 -0.228514595113694
0.162411764765368 -0.0955736167295403 -0.0467720828581935 -0.265420343168376
-0.0262992167195107 -0.163941720443131 -0.244155596973221 -0.148113126080176
-0.147222118566673 -0.0919860002582489 -0.269990861375921 0.0519624830350603
-0.176534559724118 0.0135703564698106 -0.203637015977631 0.167870943794834
-0.123838482197042 0.122816042087698 -0.113958076585952 0.188581423722354
-0.0849504149105098 0.151395691643127 -0.0465125478173519 0.129091246111167
-0.0877584498940482 0.157094760004826 -0.0259501674870472 0.0388750264986461
-0.176376884142602 0.105389691420971 0.0350361887855493 -0.0543731952598753
-0.21495337126179 -0.0296968132566254 0.125138203951203 -0.0494415643400333
-0.162072678776367 -0.19294111961395 0.12004242168892 0.062126721185142
0.143099756690612 -0.244315710502486 -0.0267104198066527 0.0644672038018616
0.309212413425159 0.00706136116196712 -0.104363333091774 -0.00251438221063489
0.231756974010683 0.225672711183177 -0.139523932710619 -0.0819285706553369
0.0850415901203423 0.148193030704221 0.0464250439804673 -0.302939371301612
0.138142238917691 0.0518235687357228 0.0138721571431656 -0.271856158889702
0.107693257171225 -0.0608955672048221 -0.0998822763936145 -0.245583099871877
-0.00696166758599827 -0.103758829501226 -0.248196097281569 -0.124589670992809
-0.0864294196905796 -0.066655632175673 -0.280159193667682 0.0493587275930081
-0.108879418019734 -0.00284266886878789 -0.233596649323655 0.178750972987999
-0.0795353339203988 0.0719798029457628 -0.146523953426652 0.224157261680899
-0.0574294942452409 0.0922497648738029 -0.0717342825821133 0.174434474853045
-0.0617341450142006 0.1017356531102 -0.0510235440164129 0.0841687561035276
-0.128777788956642 0.0678503304480114 -0.00106048078509603 -0.00610750156758883
-0.150953084307382 -0.0369214793603467 0.0653218061967663 -0.0189726321327541
-0.0948347067739341 -0.152692859025385 0.0542471486117718 0.0432716001201264
0.124601219585112 -0.16036747630506 -0.047349095324611 0.00817518576928121
0.214897933096732 0.0159428276975015 -0.0918519485000354 -0.0303405959463686
0.151029617325505 0.141017465353124 -0.172743590083564 -0.143804671452868
-0.0377953489628517 -0.0302021235689779 0.216761476380188 0.166789174937128
-0.0648031379491336 0.00995743887829285 0.132735654030862 0.000490085913528346
-0.0401656653246359 0.0453328873312005 0.0432530980785701 -0.0087285036579556
0.0195757669841046 0.0623203883047629 -0.0211597385881486 -0.0326888831455162
0.0546120932127801 0.0221168558263565 -0.0340886137098848 0.0404333320054469
0.0423546411883773 -0.0173961643387997 0.0509543437457072 0.0129688988835069
0.0212676166594979 -0.0307895591140304 0.0848401219440248 -0.102724610957595
0.0157651008352419 -0.0174075489560983 0.100922000369488 -0.192405581809221
0.0284785358160633 -0.00277363746986294 0.142814369092521 -0.243017519585538
0.0397146611022081 0.018169793482316 0.226435085822859 -0.199538075498716
0.023940725538481 0.0389045689021939 0.279006866961051 -0.0870828525622322
-0.00785087155641994 0.0545191020462112 0.258889191677728 0.0662799617748384
-0.0504550691898038 0.028984052381156 0.174663033597253 0.216383975729944
-0.0848512218351933 -0.0262524268452266 0.0646252528123365 0.291795798579164
-0.0643005612589091 -0.0630884443658523 -0.00903832941357982 0.401519230505433
0.0577007651458178 0.0789429700649808 0.22098210540592 0.180571203128808
0.0786942340041507 0.0130811112439798 0.145361519142578 0.0137012532567165
0.0367764081834509 -0.0500834750192719 0.0688844049004728 -0.0245272890482703
-0.0434076650750884 -0.0352189988233126 -0.0278651891274474 -0.0475301803794996
-0.0474369840027294 0.00672411142452633 -0.0408585760815651 0.0422634422808734
-0.0413787294977509 0.0277890717075739 0.0487691011598209 0.0243854535460532
-0.0240058926671189 0.0483463893089741 0.0901314471487183 -0.0889761782086207
-0.0194944043081026 0.0625377347355357 0.101278320150863 -0.184468260418134
-0.0225918381926695 0.0659242119386949 0.134808588240708 -0.237334133506364
-0.0523849289890779 0.0417522791437292 0.213538235879915 -0.207750155409477
-0.0606317930812371 -0.00262992986178698 0.275023808295476 -0.10734666700235
-0.0378832047955058 -0.0312416618196686 0.269862329072283 0.0380009567559217
0.0295337323625394 -0.0343603873555085 0.195712443440135 0.196712486429584
0.0341143361114319 0.0199094485734378 0.0820901430201037 0.280311951843157
0.00845588212663535 0.0637964640026908 0.0136399991992151 0.387202031477417
0.126698322138706 0.173692160056283 0.195835480817528 0.162234472733697
0.195240871915161 0.0235724748441807 0.16180731355894 0.0314828129213721
0.108901408018113 -0.124413610907429 0.106920136263616 -0.0723392969634209
-0.0855365073667322 -0.124272399254102 -0.0598426797193768 -0.094350902580118
-0.13556799648256 -0.0194155581833747 -0.0856660930169875 0.0464159207725283
-0.123033012884352 0.0583235239113883 0.0192043280630148 0.057962531189025
-0.0725152005577279 0.116629739763774 0.0764666104761494 -0.0480013947636924
-0.052747836213301 0.133337623494185 0.0872092335090561 -0.148710797343316
-0.0639891633707256 0.128142416708285 0.109617007479137 -0.205772485385095
-0.128541692445376 0.0681198306756703 0.181305356472587 -0.20511100583005
-0.135960970503213 -0.0293712126516062 0.259778398137236 -0.130776911400876
-0.0789742271201042 -0.102485011310492 0.281293702111814 0.0111823842206789
0.0880147823789934 -0.10604693555138 0.203917319636619 0.180957236230326
0.150613312973902 0.0411827461114062 0.0683586644477412 0.253111204247633
0.0950520791507683 0.171134240646202 0.0142080348296338 0.327368115592898
0.158364794800173 0.242326394245767 0.165187601427774 0.111824434111152
0.262978318651738 0.0425162213092324 0.188404127566677 0.0137885179890406
0.160685242552097 -0.162996889467284 0.121229892071935 -0.152554080855268
-0.099962991917297 -0.184697599092702 -0.120271679876971 -0.145951645388242
-0.191321129313299 -0.0492558755211232 -0.15059719443121 0.0550664174366643
-0.186419973809223 0.0682395785006056 -0.0303206478254166 0.100294768101038
-0.114573481084985 0.161819524030536 0.0430457894096351 0.0110879324509971
-0.078836737382466 0.183188160250385 0.0598800279174137 -0.0880595202284046
-0.0901795818153476 0.173957173642238 0.0737975640959247 -0.154362328342544
-0.179381001717052 0.0974862712546169 0.140089705794274 -0.190457185210355
-0.194191868663905 -0.0351120152313449 0.23819171108741 -0.146122921144325
-0.128898520553532 -0.149738413674306 0.284342865276243 0.00257661882450283
0.117101071898602 -0.180289937244859 0.18211732493233 0.17320613636212
0.249036526052331 0.033572802118508 0.0185188884908593 0.208925311935881
0.181242433686784 0.245844234200113 -0.00630793186253608 0.231311073274879
0.159625381369331 0.279381155427432 0.141200290659243 0.0257695195419887
0.283160807356907 0.0674471314242744 0.196586476006568 -0.0578902718361501
0.190191028738067 -0.161896415473624 0.0854606511485317 -0.23371644891847
-0.0846923875988895 -0.210917499159498 -0.188494966631081 -0.171466388516158
-0.210219699617312 -0.0768419335577882 -0.2111423435208 0.0636065113217445
-0.221181410293075 0.060387994073232 -0.0903187389128793 0.137651025271687
-0.140920456567358 0.178568985448254 -0.00585186966622235 0.0778252914094136
-0.09351723140634 0.205786660691879 0.0257091463573242 -0.0128417564479438
-0.100553460859685 0.198834383402549 0.0371891875353324 -0.0898574186525288
-0.200787682543865 0.122421133503497 0.10007639915099 -0.159804900035043
-0.230598800035563 -0.025813693564693 0.212909741709987 -0.139426752073444
-0.176626183255263 -0.175500921070493 0.262077848506107 0.0182747185041981
0.124779594104002 -0.244634404237612 0.12173249041629 0.162794562756842
0.316756099134547 0.0102394029826458 -0.046703018458519 0.144184262350306
0.24745381056156 0.277378920140886 -0.0471710667625464 0.118993389944848
0.146346552824371 0.277135115474262 0.118661516877706 -0.0891937497677728
0.267143324440673 0.0817645960482921 0.159175868740456 -0.155784948521213
0.19330331643514 -0.137594608858467 0.0143485926578067 -0.273748903668805
-0.0579009758247463 -0.20425135013316 -0.234794438923754 -0.164721759419842
-0.195699331697063 -0.0920662970714994 -0.252355740374878 0.0654990929710021
-0.22026564347521 0.0427492179997716 -0.150868440677249 0.164004038666345
-0.144091513616051 0.167334379755771 -0.0600578642305316 0.14222373595913
-0.0947744312604387 0.198039279097346 -0.0102751731769156 0.0657227038462107
-0.0975853617567264 0.196188359195507 0.00365383760547869 -0.0217171844313006
-0.200943497729916 0.130516114868754 0.0658398508880325 -0.112509800517294
-0.243475347684713 -0.0185165586430432 0.179085098666989 -0.102928927753675
-0.197767640673689 -0.191882356814128 0.204172673196338 0.0481730767681415
0.131940364095079 -0.27809148819005 0.0375237804565501 0.12990621777335
0.343861834186747 -0.00603794598607832 -0.0966567834262146 0.0665984404839099
0.271871678806703 0.270933572323164 -0.0972042986048249 0.00944257495922035
0.12320550894596 0.231930913703652 0.085549602153271 -0.211315786070197
0.218792810581729 0.0750988187339754 0.0858795428263048 -0.236321516036515
0.164399943646461 -0.104337029549543 -0.0543445634718137 -0.273049701434542
-0.0324901882777273 -0.16763330402955 -0.252704632098753 -0.144708101296116
-0.155367020543977 -0.0874303547845124 -0.275356681422649 0.0596784129683834
-0.18181859942916 0.0222583658090616 -0.202002826402392 0.180405291211748
-0.121984895413745 0.131765836859173 -0.107770580684218 0.198093189576145
-0.0811478368972278 0.160545743995244 -0.0428953242747985 0.133985899482313
-0.0837768780761755 0.1646793338327 -0.0249768287579324 0.0409549380338093
-0.17805846460212 0.114407037048861 0.0318292026973499 -0.0563675531165021
-0.222010229063293 -0.0236690685849172 0.12626856710472 -0.0558590787717714
-0.170626984927218 -0.191072961794118 0.12306334046021 0.0574432723323766
0.13908916127566 -0.254811138475129 -0.0270510012114643 0.069452359006939
0.315564006217155 -0.0020128943422528 -0.10882622566802 0.00282126717950842
0.241818058048039 0.225444024430706 -0.146744455866936 -0.08099373917986
0.090551397637411 0.150234074642497 0.0412043787668294 -0.310493409664785
0.142637621786808 0.0493934986866324 0.00694417762517254 -0.279201562153448
0.109296063998842 -0.0658358842573679 -0.10840213697013 -0.249974524323951
-0.011243605407853 -0.106039316571058 -0.256793623637468 -0.120831600188838
-0.0924018839387677 -0.0641596723140848 -0.28587265343759 0.0582812641419458
-0.113438864055555 0.00150202766029424 -0.233549340934506 0.192189749072932
-0.0790336283994 0.0774659267478445 -0.139645251582058 0.235960533820803
-0.0559267131262138 0.0975812167651105 -0.0678187329700683 0.181958322786083
-0.05985764414567 0.105776548157768 -0.0483976824772447 0.0883668037671622
-0.130228567589773 0.0740467965694572 -0.00324125293974372 -0.00592173345206095
-0.156925889163867 -0.0329032010454426 0.0649280298716024 -0.0234716571089394
-0.101304297346754 -0.152272985632203 0.0552517713673945 0.0405113135495718
0.121765559894501 -0.167968602208629 -0.0505162216787562 0.0142201714779405
0.218989531124103 0.00979361392890146 -0.0963166022471044 -0.0258425142456446
0.157333440647514 0.140244126084361 -0.1829084198545 -0.142055714010181
-0.0393668072643856 -0.0274172811257795 0.226647128286074 0.156596943487995
-0.0641855883691596 0.0137565788812368 0.133611662179422 -0.00788411456986109
-0.0373493241708602 0.0459790145149197 0.043529209272909 -0.0144720183771269
0.0234161533412091 0.0609182933898925 -0.0236171913388453 -0.0332385979188645
0.056852490786226 0.0189558424685152 -0.0288862200485094 0.0429674101607711
0.0424416251487665 -0.0199750548834804 0.0547206199758965 0.00934267786407567
0.0195411608017127 -0.0325600889499791 0.0786501691361086 -0.108289823221276
0.0157066175879692 -0.0180689392654327 0.0902261442715117 -0.201020367552843
0.028845202125025 -0.00496777569397461 0.129771602675535 -0.254317412076832
0.0411648670072042 0.0152201100117652 0.217272462370611 -0.215103227170492
0.0262441654483972 0.0382524231093758 0.276541677691039 -0.103055743477228
-0.00466369721790327 0.0552543164488753 0.262160828227046 0.0551899221068098
-0.0494449630657676 0.0312703216449575 0.186107480952516 0.210095282057426
-0.0877969945354624 -0.0216043806947199 0.0751711291783839 0.289258639164872
-0.0654824150844238 -0.0603880721604769 0.00524203259392075 0.403275863217977
0.0619849242207952 0.0778992913218007 0.230834738473046 0.17124426868192
0.0798041564291278 0.0102460605191427 0.147372439156975 0.00479456539424888
0.0352327153572765 -0.0530449095658172 0.0685255261206034 -0.0326719857632905
-0.0451376067052889 -0.0340847568438828 -0.0307503950751529 -0.0480408918743874
-0.0473863833164621 0.00903800381365235 -0.0366438427757999 0.0443719080142693
-0.0397833476572803 0.030997502335934 0.0532673191617818 0.0209040620622793
-0.0210863156387212 0.0505487670436653 0.0853756169053874 -0.0947702950704322
-0.0152315660244068 0.0649050401251169 0.0906201327666003 -0.19210004599378
-0.0170991879098947 0.0674779654483099 0.121365186458259 -0.248057008242914
-0.0496382021478247 0.044899058701653 0.203243709132196 -0.222107090555387
-0.0616299695669677 0.001831774638218 0.272078205058124 -0.123477861198748
-0.0398973787373559 -0.0296729836406433 0.271538867783856 0.0249344645554362
0.0272381209906083 -0.0374237758739306 0.207546812703588 0.18949667745351
0.0350252310066956 0.0185165200821394 0.0936060733691618 0.276476689653613
0.0130142587750921 0.0652295811260564 0.0272315920846016 0.389010234571274
0.135740041296254 0.169812820090965 0.204338004184394 0.154957375155672
0.196791317044519 0.0153821809067764 0.1643366910745 0.0219168247023475
0.104594293348502 -0.130485672180862 0.104980042487005 -0.0822735388306562
-0.091486821936464 -0.121622597202192 -0.0648230948192803 -0.0926373374410451
-0.137609112639651 -0.0129109903125399 -0.0824676929452672 0.0500592975893503
-0.121092339950905 0.0662882717945629 0.0255115536000786 0.0562624415305514
-0.0652880417848579 0.122073618179284 0.074655680627302 -0.0530013960323709
-0.0445149626358471 0.137944205230243 0.0783318832723016 -0.155177463407747
-0.0557423286315165 0.132600958224359 0.098310050851829 -0.215211710677372
-0.125602726984713 0.0766945846617107 0.17005262216543 -0.217540212906012
-0.14001881294044 -0.0206004614351187 0.255162759688922 -0.147580894394604
-0.0853122831432788 -0.0987980249368326 0.281064609924819 -0.00269224360154101
0.0833144113768007 -0.113520548554731 0.213329983965259 0.173953544128156
0.154296833334312 0.0343160716592996 0.0771663255048885 0.250278475857894
0.105004213814832 0.170624156338533 0.0265028614488804 0.327201291506767
0.170494724659877 0.23811007495464 0.170939260778618 0.106121500170761
0.266619893653041 0.0312201089084213 0.190133420201485 0.00451789708910428
0.155463372126999 -0.171752239735104 0.11559048051085 -0.163895977266981
-0.10918487362423 -0.182412075898493 -0.127320649628876 -0.14192045872863
-0.196263652109408 -0.0388011400663175 -0.147841593862461 0.0620256050504133
-0.184889896902296 0.0806113821317906 -0.0226842997195647 0.102199371277574
-0.105308393273154 0.170599065386507 0.0450243446779114 0.00774072211610406
-0.0676528995551679 0.190411585553377 0.054730902728091 -0.0927710980661164
-0.0793067910877863 0.180604886674286 0.0658616067545906 -0.161000177861695
-0.174771928532761 0.109529215480641 0.129653285328996 -0.19921983723182
-0.199592720800016 -0.023777885914293 0.232785302940111 -0.162380738178652
-0.13821255879676 -0.143810589367884 0.282465614945658 -0.0125837329098163
0.110002252278277 -0.190295438654498 0.189483921310234 0.167410933431113
0.253631742768887 0.0217414483863596 0.0252192587285742 0.209234200275965
0.194680873662903 0.242388639727078 0.00147597629152208 0.232032959033609
0.173657615256454 0.27524064096675 0.142721541223365 0.0202314794352534
0.28804433041036 0.0558723956273446 0.195537875834101 -0.0667988571793571
0.18548931792736 -0.172802300393954 0.0759713204655261 -0.243173353122042
-0.0959298844485562 -0.209366493178028 -0.197437836429963 -0.164424810156997
-0.21650523824816 -0.0655866651076034 -0.20943257101449 0.0733730796611288
-0.220500561341041 0.0755484410403141 -0.0817923929662592 0.14370761361055
-0.130303127730781 0.18902047252331 -0.000135545217783802 0.0776917706251645
-0.081453144635784 0.214043157172249 0.024244418179359 -0.0147099608886248
-0.0890840748088447 0.206723332860256 0.0315110060430175 -0.0937719741814964
-0.196899999124947 0.13550322781487 0.0910079543574276 -0.166257000429152
-0.236795987076033 -0.0126578230481584 0.20779107348792 -0.152630367657546
-0.1864816888645 -0.16764105440677 0.261356095617685 0.00490830515603906
0.115212969807227 -0.255388831297904 0.128571121834021 0.159982380674098
0.319755569777893 -0.00427405191795637 -0.0431558831374941 0.147154070698707
0.261817459771292 0.270832387374329 -0.0442641802629997 0.120011368853649
0.160882724109159 0.273749324988752 0.115451797553119 -0.0945125096375596
0.273528453112285 0.0706863500472912 0.15296327611838 -0.163482100864514
0.188988253597598 -0.1492269341874 0.00203781102353465 -0.280468281631693
-0.0693517852128646 -0.203971339104249 -0.243598995931511 -0.155723244761446
-0.203825554148958 -0.0808936759913765 -0.251419619320832 0.07752924535769
-0.220444139968375 0.0577013082968422 -0.14223108186732 0.172584310139722
-0.133884801503244 0.177413002254095 -0.0504707045836402 0.14634807524719
-0.083264934692415 0.206920381407771 -0.00691881336019435 0.066831645461493
-0.0869307211079993 0.202993321661924 0.00229903309615657 -0.0229631315326903
-0.195741630107486 0.143504741419026 0.0586083545238671 -0.115821831079061
-0.248787464284077 -0.00552057092702863 0.174508576818851 -0.115173123060067
-0.20855865635537 -0.182679483331748 0.20412360764464 0.0366723876544441
0.119648960193789 -0.28791643061377 0.0428406626556239 0.132036670564325
0.34626781843485 -0.0219635955922154 -0.0965056564698001 0.0731066413776344
0.284962838023029 0.263590541025893 -0.0991186820316287 0.0123051098455104
0.134750800338158 0.22955135333024 0.0771342408040147 -0.214989296038642
0.224457729187057 0.0659310610357225 0.0750568992075821 -0.241198863939965
0.161206148414488 -0.114498377858857 -0.0673927254903956 -0.27428819729882
-0.0426214453378212 -0.168356420971868 -0.260900851016721 -0.134454380138219
-0.162414026257927 -0.0775418478888923 -0.275331225901353 0.0723700570013161
-0.18330120575666 0.0348044593897508 -0.192966235037361 0.193015834762303
-0.113561955879833 0.140128800476969 -0.0956224095814475 0.204894967046842
-0.0723430820204526 0.167595392685286 -0.0356967125446322 0.138514869880114
-0.0743548889994493 0.170012255774186 -0.0235047515909044 0.0425898204799663
-0.174053168584467 0.126670928846415 0.0273998462844168 -0.0572707461051804
-0.226899028457677 -0.0124485667541477 0.122626886780778 -0.06460298555657
-0.180588161762451 -0.182601724174769 0.123948074704971 0.0500621177872285
0.128149786242857 -0.262434016686789 -0.0256160654108687 0.0749214639712778
0.31727128971124 -0.0155561939696404 -0.110906153686558 0.0098156827533682
0.253012806210294 0.21717131968299 -0.153236330717284 -0.0754935490231782
0.0968551191514275 0.147868719904705 0.0277675519124212 -0.314235673913412
0.146376825313482 0.0437017980454244 -0.00572633650002723 -0.280213514597796
0.106886727204433 -0.0724267017329783 -0.120902668010791 -0.247905867057331
-0.0170098630999651 -0.107037764469781 -0.263875109474808 -0.109614701044044
-0.0972780261573022 -0.0576482267597015 -0.286406759967004 0.0721009426930383
-0.115412317573285 0.00982901332940453 -0.224256705443431 0.206495821977257
-0.0742036148443877 0.082353336220177 -0.126561671592257 0.245471121447374
-0.0504634553648956 0.102986757006878 -0.0571880161524191 0.187957008030391
-0.0543933967371018 0.109779367249692 -0.0444567628224619 0.0926415513644285
-0.127570098944117 0.0823884750828986 -0.0049287160586149 -0.00482209668017067
-0.160541390453276 -0.0253518560743456 0.062979397391119 -0.027902721547556
-0.108229847984966 -0.146444445302927 0.0564620479773935 0.0367861166726135
0.1133918822116 -0.174939490097991 -0.0511598360024977 0.0214631957080778
0.219389496683299 -0.000395039417606946 -0.0998173462577161 -0.0186918438959843
0.164417959367015 0.135383183994397 -0.19308122573034 -0.134481775379575
-0.0395571697913364 -0.0246283756497001 0.231271786139716 0.143646897488659
-0.0618097959661339 0.0170782116761956 0.131286031528652 -0.0166116820910149
-0.0348593622240026 0.0460561564021452 0.0419788801473009 -0.019921735097412
0.0258576929954523 0.0578505850971553 -0.0255761649778819 -0.0336500075475001
0.0575762731350119 0.0152571842600508 -0.0229799109684907 0.0436096633064365
0.0411219360053273 -0.0221678462405014 0.056728490999204 0.00504217301831274
0.017344432123937 -0.0324668485859428 0.0709249464378256 -0.111143404270845
0.0149118050443065 -0.0186183845453833 0.0758013299497179 -0.203205192149363
0.02909148376766 -0.00672701160116636 0.112225153586045 -0.258275762585506
0.0419020510186646 0.0111433951031461 0.201627883154364 -0.224007648665838
0.0280329294563435 0.0365823438928954 0.267190705904599 -0.116238758163968
-0.00173477626816493 0.0540876246270608 0.258903399590389 0.0430996699633072
-0.0485275721483663 0.0324801201435521 0.193327799770023 0.19883383465076
-0.0886157742483374 -0.016025495822122 0.0845361622182458 0.280271578554982
-0.0651638029888455 -0.0567830100006803 0.0206827219364786 0.395810461086879
0.0651551503110097 0.0745659882185417 0.235006331989073 0.157738797014501
0.0790528494446027 0.00707055830599951 0.144964215582495 -0.00313815631820058
0.0322236683624629 -0.0540144634403081 0.0664160619986053 -0.0397603663480275
-0.0456078314632744 -0.0313793617283374 -0.0330612518052415 -0.0474020479508904
-0.0460493619774449 0.0110550136265996 -0.0318472200390905 0.0449203853843635
-0.0372088434825559 0.0328909758640471 0.0559894043360771 0.0162965820747275
-0.0179136962478829 0.0513238713740139 0.0785933363340626 -0.0994261042417287
-0.0102610027289793 0.0651955227774557 0.0776496344204972 -0.195265470983703
-0.0121414481736782 0.0668584473466405 0.104384932241304 -0.253005270819837
-0.0464350992075306 0.0464909887817841 0.187674248814675 -0.230178115115998
-0.0607272838929215 0.00587014147661428 0.261847851546042 -0.136935462719763
-0.0406790909073123 -0.0266145064606979 0.266503582787671 0.0127361317637467
0.0245869337223702 -0.039637230587822 0.212705209475174 0.176544121959924
0.0353701411902505 0.0177689243152301 0.100836916734364 0.265996605676225
0.0183279036005382 0.064580502535809 0.041923505978604 0.380740175666881
0.141542347813011 0.162108501722725 0.207359154689318 0.143346753951607
0.194291467204248 0.00617598168166564 0.161963757011227 0.0141421762286818
0.0973045515962936 -0.133498507819456 0.0999236647735401 -0.0904151806854414
-0.0955606772070393 -0.115167169999451 -0.0684436898823831 -0.0901049338411862
-0.135583982921161 -0.00515374011109538 -0.0772192929175381 0.0522646454618024
-0.115317355847528 0.0737119386324856 0.0310089269106927 0.0527694713325143
-0.0567428823395589 0.124527557498165 0.0712632622801228 -0.0583647819878844
-0.0345455440880089 0.138651583331872 0.0674119879206766 -0.157723482969111
-0.0456602797511183 0.132732479832463 0.0827066643889313 -0.218964419535703
-0.119966132923046 0.0838069712021155 0.155775200473652 -0.224111051707803
-0.140102428650884 -0.0111693050645472 0.243900282431444 -0.160204122003079
-0.0900250476085008 -0.0926125210455819 0.273425035649185 -0.0158849630678451
0.075888000436355 -0.118015908467063 0.217303220494322 0.161688850095871
0.154106390033638 0.0267955952845345 0.0843982125874426 0.241616903897549
0.113150992488318 0.165485764695261 0.0381285145521376 0.32012002877842
0.17855479742479 0.227234048538803 0.171734971954046 0.0977911781617241
0.262995811409987 0.0196746007961594 0.186421973667458 -0.00358079464725395
0.146050199377517 -0.17649069333273 0.106985814854928 -0.171048471275776
-0.11598743669504 -0.174383309569947 -0.132424199702161 -0.134713415664215
-0.195600468922282 -0.0276771224269045 -0.142130735739963 0.0670138192087189
-0.177971553372624 0.091606892448932 -0.0145185654130597 0.100795237233244
-0.0931131710509457 0.17369292892843 0.0457181670112814 0.00342162341202336
-0.0544992334406803 0.191811176031201 0.0478316775722079 -0.0946244900767199
-0.0666587649931245 0.18232496568603 0.0543798051611269 -0.163599370919747
-0.16731843665673 0.11871512768491 0.116685581402422 -0.203211896409995
-0.199168494948059 -0.0107588565627486 0.220447508816005 -0.173856030001223
-0.143158399749011 -0.134077807727464 0.274286050276533 -0.0264964411337465
0.0988429199102797 -0.194880673624708 0.193348391603946 0.15691324085459
0.251574828919874 0.0102663800649876 0.0309826653478097 0.203855404743662
0.203365673223835 0.231933815264799 0.00833437372948442 0.227502220121965
0.183720350349367 0.264492610048838 0.140932306632544 0.0154998259064683
0.286359494547941 0.0418622733614347 0.188696248872367 -0.07285213267744
0.176054367595172 -0.17960538971375 0.0628206480696349 -0.246431133477229
-0.105228761819408 -0.202284613851852 -0.20187385428105 -0.153171152139839
-0.216995461270714 -0.0519400879787898 -0.202547686836166 0.0813410228127833
-0.213681630001205 0.0890833687227765 -0.071498762999912 0.144793955908107
-0.117015781519603 0.193551836665163 0.0053471962642763 0.0749459197354706
-0.0664681827655468 0.215914397321542 0.0231886383670447 -0.0157176647831632
-0.0744238107748266 0.207808264322909 0.0257321379463721 -0.0957622696320693
-0.186458362193142 0.145214980583209 0.0792899052441241 -0.167059710198892
-0.235447430609919 0.0012231738501322 0.195938874603965 -0.163396618730277
-0.191774282806892 -0.155201922968389 0.253220011954731 -0.00875290189847944
0.101067313128167 -0.25775266911976 0.132234168321028 0.152818072242122
0.315665416493023 -0.018517933508052 -0.0391220430312596 0.147828835402792
0.270663913871027 0.257714541912419 -0.0408677392135594 0.119035092125377
0.170178862429167 0.263853377769281 0.108945386786406 -0.0968289078811851
0.273033898582284 0.0573647023911169 0.143263419184482 -0.166225165833892
0.180113298666339 -0.15721405776479 -0.0100675514584518 -0.278715730876022
-0.0792598610127886 -0.197847242199061 -0.246639427596498 -0.14223784556563
-0.205628988079129 -0.0671843536819369 -0.244074175931602 0.0866106925493049
-0.214758071017181 0.0719403429131608 -0.129212622953059 0.177634373925519
-0.121151040551991 0.182825791124441 -0.0400884594047562 0.14539400130399
-0.0686381961067427 0.209200597856692 -0.00267426731885786 0.0662716267525803
-0.0734225338424342 0.204480602719409 0.000167241615431292 -0.0235914989495806
-0.185941068613935 0.153063818422584 0.0497764386845411 -0.116089652465092
-0.246505307291639 0.008253392819715 0.164606298260819 -0.123696201702656
-0.212869642575677 -0.16920351021098 0.199251968196741 0.0253579684370197
0.104518563500418 -0.289254627299072 0.0465650361445292 0.130528352972027
0.339573182413446 -0.0359253862221017 -0.0938266641145687 0.076324042549122
0.292014170629438 0.248191101204168 -0.0999076624363685 0.0162138740921335
0.143281118116585 0.221439360419225 0.0663778270904442 -0.214511204587073
0.225242361480582 0.0553054523890477 0.0630645364114458 -0.239186475903506
0.15324137522433 -0.12133501812223 -0.0790312410227797 -0.268520752523328
-0.0509537468895935 -0.163663596204425 -0.262478446202191 -0.121863636510252
-0.164138324977187 -0.066071136122889 -0.267563461435743 0.0851936715312734
-0.17934052403873 0.0465215112937156 -0.178577223219131 0.200572184372666
-0.103440504445739 0.144527753944361 -0.0814065381959743 0.206629260406423
-0.0604500109340234 0.170141357943669 -0.0266771344480967 0.138474451775695
-0.0643138339773374 0.171720465428008 -0.0212679573748744 0.0431947145085101
-0.165390353145458 0.133584768938916 0.0224354081681612 -0.0563953122353461
-0.225065616307161 -0.000227920523463531 0.115794751012419 -0.0720245453421074
-0.184807035827284 -0.169597963945716 0.12116244588335 0.0425662075711536
0.112894252568557 -0.264275761862318 -0.0230734461658084 0.0783904524461421
0.310440022082832 -0.0294938909149453 -0.11023842043165 0.0162376444924693
0.257842747503403 0.204205237729925 -0.156524286927046 -0.0668447639982962
0.102306433444408 0.142049102610588 0.0147531349965466 -0.308938718201586
0.146690411960864 0.0364168362270763 -0.0179099693851306 -0.274400230034901
0.101287932748054 -0.0770375771257737 -0.130252539198759 -0.240404266195363
-0.0232855127733214 -0.104533001277765 -0.26331131007091 -0.0966690418183851
-0.0992054677596654 -0.0493022847988361 -0.278920932209236 0.0860154475982279
-0.113740238078635 0.0178648967873035 -0.209316391237863 0.21694900181804
-0.0679959764833855 0.0852702300790249 -0.110046285774457 0.248324301480275
-0.0431874679084098 0.104792003582541 -0.0450353568602402 0.188900605541658
-0.047818056334342 0.110745966613431 -0.0391748433467137 0.0945108175226353
-0.121811956234689 0.0871176570176013 -0.00600659402990864 -0.00330713400314647
-0.159129777697567 -0.0166167448463805 0.0587658960994665 -0.0322347555882982
-0.112746466059894 -0.137155954606539 0.0555596399662579 0.032431012105664
0.102181893382614 -0.177239949109308 -0.0505312049463883 0.0280098186908687
0.214898699255752 -0.0100644560053486 -0.100007375356912 -0.0115306728454289
0.167922809899931 0.126847133246993 -0.19814785536129 -0.122312706442254
-0.0385110817287698 -0.021749748729975 0.228201719998105 0.131826652104307
-0.0581464804942265 0.0187641568023161 0.12598586744887 -0.0211075499792124
-0.0328526445751988 0.0442543904730005 0.0400761923407567 -0.023850446225919
0.0264377414865313 0.0542363560610597 -0.0270453967091394 -0.033789154181042
0.0564130521332956 0.0122474271810772 -0.0188781415174237 0.0429064293517582
0.0399684367939683 -0.0239681934062898 0.057763469232539 0.00109804089347135
0.0158475379855745 -0.0321809505349295 0.0641002743265359 -0.109971837194266
0.0142864959026596 -0.0188349784527906 0.0646078211919797 -0.199894087641717
0.0284953181254887 -0.00823607893253635 0.0976716247433053 -0.254991980567245
0.0415648382368475 0.00855822315864737 0.187240256340287 -0.225089965585524
0.0290583744584529 0.0348205327787304 0.254515848238183 -0.121465220922365
0.000791518674184748 0.0524129487814789 0.251522972727184 0.0344644240134288
-0.0465262468035744 0.0322651426329865 0.19279394010108 0.186873744155328
-0.0865152582685806 -0.0116194219035253 0.0855219973009324 0.268395388042033
-0.0627060061418222 -0.0536378989861837 0.0281728672210719 0.383313753485822
0.0660347024918183 0.0712990550678196 0.231654428370606 0.146194029806152
0.0770985535186137 0.00483890579688839 0.139753234629588 -0.00750398485017464
0.0297274871063342 -0.0536612323856485 0.0627958526821607 -0.0441725498910158
-0.0449564937090146 -0.02934229954607 -0.0345400447392305 -0.0471411589416576
-0.0434760753975264 0.0116844304989481 -0.0272697637075438 0.0438724914945166
-0.0344401206067937 0.0336321362607172 0.0575774048185249 0.0123631876741048
-0.0146982761665512 0.0503955844179096 0.0720300047780831 -0.0999915999631566
-0.00614995065847691 0.0632861696716335 0.0666158059613421 -0.192283850075922
-0.00861270164035287 0.0649600498015399 0.0903100094388553 -0.250121558860422
-0.0435717659425202 0.0467925786881256 0.173720959980653 -0.230601155489141
-0.0594014722207072 0.00899380748103562 0.248801586739184 -0.143058073907364
-0.0405376263411321 -0.0245958963004412 0.256486972504632 0.00510544859259021
0.0213330657710397 -0.0404509748716038 0.210697581819317 0.165953404678029
0.035010484208497 0.0165116444283855 0.101775340583968 0.254085220609007
0.0215659514233621 0.0622323296167392 0.0468779275966736 0.367787113352632
0.142774655855571 0.153983145942241 0.203750892658716 0.134260534478508
0.18760503976886 0.00205256799729787 0.157489601633939 0.00975734918048448
0.0911592894690905 -0.131839183349455 0.0936233767233771 -0.0942893549358613
-0.0956076838936848 -0.1094744242649 -0.0689380370480875 -0.0866439644652408
-0.1316427031941 -0.0010755460483343 -0.0725432177165469 0.0520793268958265
-0.108770457295014 0.0762918761421623 0.0342784440841617 0.0477006947952579
-0.0498970585479064 0.122308717351431 0.0667531410915653 -0.0603036163331935
-0.0269858928706847 0.135646253533454 0.0577459588608288 -0.155616442194071
-0.0377901097712665 0.130270607264922 0.0704389090017145 -0.216835230901507
-0.1126948388094 0.0860191735754591 0.14227723512951 -0.222589135144256
-0.136941274668309 -0.00473378967065457 0.230562344995712 -0.165153278809864
-0.0901672811733098 -0.0862114566027485 0.262600933548052 -0.0231321044384107
0.0693431293070724 -0.118417570880229 0.214802861686279 0.151117679567575
0.151658504809663 0.0219470692385284 0.0838781650201742 0.231209662264482
0.116547090843809 0.159300546484396 0.0421278145223775 0.308417647678785
0.180061475149427 0.216492193254117 0.168405990500785 0.091530262950449
0.255174529795346 0.012002430075633 0.180636159915263 -0.00708296533837167
0.137396015943494 -0.174856502088271 0.0979238238709855 -0.172487219772715
-0.117683282231952 -0.165990623173529 -0.132095030222982 -0.128062885999263
-0.190503369119619 -0.0204877562386316 -0.13566433164118 0.0681317119630331
-0.169316043326039 0.097276158313775 -0.00883313116387211 0.096626997007279
-0.0825266952537433 0.172166900402599 0.0447290312497045 0.000156894274977869
-0.0438485225206278 0.188507434265944 0.0421856755029658 -0.0937155247042846
-0.0560016567944687 0.179084275998007 0.0450382211683472 -0.161442009087078
-0.157891564918709 0.122612738855451 0.105109721069883 -0.200800316658918
-0.195188960204331 -0.00248617645183805 0.207789628110027 -0.178252310791228
-0.143371274426254 -0.124963809788092 0.262073079773899 -0.0322787809796834
0.0895961297716707 -0.193322909327662 0.190623596579199 0.147284417254177
0.245810908816715 0.00341127551302173 0.0324565453956563 0.196843520585761
0.204964219132463 0.221848452098125 0.01213920947139 0.219105971011637
0.186039059151255 0.252236567125401 0.136117606599158 0.0126244048882352
0.27940759409531 0.0337768984430699 0.181448409869631 -0.0744129219340202
0.166493915985055 -0.179222285124378 0.0540081653749171 -0.243776587287687
-0.108337482091938 -0.193128133278352 -0.199475840159936 -0.143658222988
-0.212485318318362 -0.0427129871984429 -0.193748174666383 0.0844442013505389
-0.204371865623009 0.0968500772356394 -0.0622767895356613 0.141623833403898
-0.105338601829492 0.192142377488023 0.00876898389967607 0.0703754760380548
-0.0542978654371424 0.212859339437856 0.0210931009614262 -0.0164528394346028
-0.0628420465269919 0.203110345373567 0.0196781830203291 -0.0939104555621215
-0.176517098389937 0.149164224899173 0.0702913389873277 -0.164210373865613
-0.230016418178737 0.0103809918770206 0.182829220000756 -0.167237454148462
-0.191301714309573 -0.144344132519741 0.24172749967956 -0.0154174686943998
0.0905829701204213 -0.254643577891815 0.130773006419797 0.146167257485787
0.307045206902887 -0.0258497715243761 -0.0368477952397159 0.144153617949827
0.269335617701897 0.244952330335501 -0.0395038539168691 0.116071812395506
0.172469749455721 0.252491317190194 0.103108767329893 -0.0948515508231451
0.26781689569465 0.0484777827121601 0.134418228744071 -0.163699288669671
0.171182155455446 -0.158205775598224 -0.0182140690187768 -0.272513048724556
-0.0838660325657187 -0.189811479295263 -0.242537679364371 -0.131939712510777
-0.201558328380109 -0.0573100483310959 -0.234243149401456 0.09183134879188
-0.205927208823954 0.080003019816651 -0.117642853416869 0.176402583167648
-0.110127439920663 0.181741732798865 -0.0327766160495444 0.140899908905077
-0.0565382409207319 0.205238293004509 -0.000532765502565783 0.0650154891118589
-0.0621294846597244 0.200709133317023 -0.00173091430298981 -0.0228049556422358
-0.176300694644334 0.155465688966936 0.0433793757150317 -0.112976630426791
-0.240340446140618 0.0167681298990258 0.153333072919252 -0.127130230401647
-0.210528642367408 -0.156642656013338 0.190429002533179 0.0183894652309272
0.0941704639129994 -0.285353696676214 0.0474472733624721 0.126891179480356
0.32878644166454 -0.0431792699891545 -0.0913341321986522 0.0778611545054076
0.28992370504631 0.23441476555574 -0.098281464102632 0.0180649118597755
0.145497741943858 0.211912590294661 0.0596547236479451 -0.2077328574626
0.220986008916773 0.0479393739361794 0.0552744425365956 -0.231540695863906
0.146042409327735 -0.123037103148426 -0.084657278870328 -0.260616384046065
-0.0553833834664963 -0.157422529880064 -0.25657325838958 -0.111114495155999
-0.161801299803221 -0.0568044055196894 -0.258738909510715 0.0909794443938016
-0.172478862893244 0.0546068673483196 -0.165265237424214 0.200698738801759
-0.0942550036016186 0.143880515657438 -0.0710813736557383 0.20174796251474
-0.051013071678307 0.167470361986896 -0.0205797422669577 0.135631253696042
-0.0559523436609154 0.168348462974476 -0.0199966422600261 0.0428617546881817
-0.15657062483532 0.136416590963866 0.0185115269778275 -0.0540820275246097
-0.219137462006825 0.00782066746761527 0.108172736321311 -0.0751104770853179
-0.182172841741781 -0.158079249532836 0.115735541144537 0.0375278832152518
0.101424914549168 -0.259696541170882 -0.0208501222011049 0.0798625874034986
0.299426208216627 -0.0361862809878274 -0.107957941065427 0.0203360030271237
0.255570563292958 0.192921839768559 -0.155069358561905 -0.0600656227515335
0.103052792553117 0.136451048664245 0.00743715393366464 -0.299530288127302
0.143921798731715 0.0321657156205441 -0.0239143957285076 -0.264606825132783
0.0961434952762245 -0.0779251269287767 -0.13332664229178 -0.231050002791245
-0.0264317221082502 -0.100324481939743 -0.257951097850454 -0.0868053159621036
-0.0975176407322429 -0.0432096707280068 -0.268492633218102 0.0924205293631085
-0.110489590408771 0.0235105803733597 -0.194335100723728 0.217619891568597
-0.0631032096015024 0.0851078356462493 -0.0961838665701649 0.24376625652632
-0.0371840659703779 0.103728397658199 -0.0369067648366777 0.184400573859064
-0.0428705259914524 0.108934040413398 -0.0353682434348399 0.0940613132175413
-0.115774226147841 0.0892680878369807 -0.00690932082387697 -0.00230678162009218
-0.155321580565295 -0.0109916856782217 0.0541841964388658 -0.0348445540235226
-0.111806299141923 -0.128976433642507 0.0522623000932104 0.0299825560496025
0.0923553767061818 -0.174766627958192 -0.0478648471047104 0.033012353126047
0.20669490331625 -0.0148782913949219 -0.0987540325061493 -0.00610734461766309
0.16612570438892 0.118749315031977 -0.196525740656006 -0.111888575263437
-0.0239162491856461 -0.0363501026508079 0.146081369169695 0.216850530572472
-0.0580717605233492 -0.00842342630434271 0.12227765255735 0.0371365203852065
-0.0484746955251691 0.0239606147631329 0.0496536636332053 -0.00523494024687367
-0.00076799183850859 0.0579267248232737 -0.00753973756884274 -0.0442205580880995
0.0448207601866679 0.034319777612512 -0.0306784830108941 0.0277635248500711
0.0449691320299564 -0.00408514114248051 0.0530040764849576 0.0220114631412927
0.0269021571403038 -0.0212561899111315 0.101146314600997 -0.0728662078710723
0.0211890457939021 -0.0112275757832477 0.136540808856881 -0.151346724935303
0.0287558517931528 0.00210482314990037 0.187980700291515 -0.187286500671338
0.0326413819033827 0.0206341402443656 0.25848955806202 -0.124759518888536
0.0125028734091607 0.0388965420621071 0.273251550988367 -0.00335531462643877
-0.0173812013299293 0.0443775154430475 0.205941567253682 0.136545147330751
-0.0509488925349536 0.0106957263284784 0.0911911060003327 0.242886888385252
-0.0692327048890275 -0.0392898833885293 -0.0352743015991101 0.266632626075308
-0.0332341189367169 -0.0667098142686153 -0.131980021667285 0.350427407662788
0.0277747038760824 0.0944065623080865 0.150483718034867 0.218536539494673
0.0644010944564055 0.038611624516933 0.129493881714969 0.047885265291343
0.0492053890609209 -0.0347199614231595 0.0731539449960297 -0.0192462712953224
-0.0260117374253359 -0.0447190288336008 -0.0144704783289859 -0.0570676050156193
-0.0422645191658231 -0.00894769343170478 -0.0411021249442142 0.0294051175722185
-0.0437078087324142 0.0157488413249711 0.0488668227986911 0.0357564475711638
-0.0330018426179445 0.0388126604951403 0.105696799191302 -0.0587964717188178
-0.029852056838417 0.0539091327475156 0.135449720336381 -0.144469583257661
-0.0330808859348872 0.0530453528498765 0.177697884351693 -0.186222671906199
-0.0587527365109737 0.0233870202841964 0.247939513347646 -0.135551584039752
-0.0569364805177119 -0.0176607328654015 0.277051353490465 -0.0252454703758907
-0.0248605731129434 -0.0405672265736444 0.2222430725329 0.110882358034929
0.0391647704851289 -0.0300287547593738 0.117126238191035 0.231526753612688
0.030135743235699 0.0318376458642942 -0.015530248775193 0.266828814390854
3.85684800623849E-05 0.0710183917599418 -0.11612704942221 0.346201707398396
0.0588103226892136 0.204287140085067 0.138512603334232 0.186078290072931
0.161897189473465 0.0846555394565195 0.138025972697392 0.0647059782359649
0.137071591987938 -0.0769571609003825 0.116695472719669 -0.0555667537264202
-0.0352283292694586 -0.134977914985569 -0.0352269923429512 -0.105233261987735
-0.113637352203298 -0.0576929720509857 -0.0864310933912676 0.0224224320708954
-0.126718130290177 0.0224694331206239 0.0126384864779406 0.0609241583267616
-0.0928557628150682 0.0874155395423804 0.0848671229678661 -0.0254323314684626
-0.0768218615028567 0.111085108954959 0.113620612758929 -0.114913404871509
-0.0846040278267376 0.100070208603863 0.145625967018002 -0.165078187635756
-0.135956837240398 0.0318264029126932 0.215500378911874 -0.14211805579207
-0.121750830003629 -0.0594989378103629 0.269036025820852 -0.0538339299483699
-0.0452527838932006 -0.114934162660037 0.239201662146732 0.0871847739566115
0.112325549030177 -0.0841129339454784 0.127778152269815 0.221001736461971
0.131867926481867 0.079032059244502 -0.0206138039450882 0.244903882823473
0.0496987478298608 0.193728861940806 -0.101899948903201 0.294119055579011
0.0642717870034842 0.277532859305918 0.130497904853478 0.128939080121903
0.215386255123216 0.124087235272859 0.166385732369752 0.0566607114907503
0.197356231861324 -0.0952858612696327 0.151166462388361 -0.126658416158445
-0.0298433407679861 -0.193222185591896 -0.0778134531028118 -0.166855055664617
-0.156174444981745 -0.0991744236069464 -0.151224105246272 0.0126225239444509
-0.188243387957755 0.0161734669037034 -0.0463570993682618 0.0890759149918372
-0.142048994343117 0.117750848410192 0.0413501674513023 0.0199386295204829
-0.113145937874007 0.151208148586194 0.0745287534830905 -0.0669567640381307
-0.119541993717741 0.136467687892403 0.10048346051093 -0.127010136874436
-0.189919235326904 0.0474690437975922 0.172016951675982 -0.13845462403783
-0.175805525178399 -0.0792358044935686 0.252911574859598 -0.0754561814298837
-0.078670476735926 -0.170641048082397 0.242114026728884 0.0762637158440674
0.160001948979346 -0.144479000803837 0.109226023900095 0.208218728563153
0.222712884968281 0.0986389825893182 -0.0506992593346268 0.1984186358149
0.105724002837507 0.283966227009101 -0.0966671963246846 0.204557530700027
0.0522309749706733 0.313067801288645 0.138299033108225 0.044713020531723
0.228521196940042 0.153179043870264 0.196514878686413 -0.00371189687244526
0.225435066950897 -0.0871977233890934 0.141279846149925 -0.210763085928836
-0.010249876225505 -0.213376309378217 -0.133124496276448 -0.209901278842034
-0.165796882263423 -0.127485652570722 -0.211741282734807 0.00296418912026729
-0.219177932100906 0.00144932621999223 -0.11322083636498 0.107982365877734
-0.169131958398902 0.126208005977034 -0.0191515419873046 0.0683967374214024
-0.132606551373454 0.169156403416435 0.0250106817685276 -0.00566699469751671
-0.135613565558039 0.156731519091455 0.0509856564925711 -0.0767201626660327
-0.217496398400211 0.0644686076047174 0.126083521344382 -0.119209399103615
-0.211341602043857 -0.0817330014098699 0.227226901072805 -0.0761543168770959
-0.112196436292582 -0.206651008888201 0.217225241470034 0.0823290465895919
0.184099109278378 -0.198628674579318 0.0576392522198004 0.183029852396419
0.286892575733446 0.0963824261606857 -0.0886881329139292 0.126960223497254
0.153620808149352 0.327208354124421 -0.101594987599265 0.0938336420747335
0.0407481302891616 0.306978399635792 0.154561686059178 -0.0634594760017075
0.211654917839351 0.161576332728665 0.192165854720062 -0.101486448991856
0.219697529389887 -0.0669593230871622 0.089596827695118 -0.265892802923938
0.0091287035010279 -0.199237760846397 -0.176135177044712 -0.218646846031656
-0.149746673637372 -0.134178914933736 -0.25182343947188 -0.00770614867929885
-0.213672334483792 -0.0129847889473689 -0.178471076216772 0.115749657339879
-0.169154833620701 0.115787024936548 -0.0849491107086667 0.114815182419269
-0.132088221506129 0.162285836195826 -0.0260532915521687 0.0571792972586316
-0.13349270139866 0.154535036911337 0.00332394205909498 -0.0215439291799145
-0.21917784758155 0.0712871467087332 0.0808799899195687 -0.0842969382499238
-0.22272724038645 -0.0803250556179275 0.184456978219514 -0.0528697085901042
-0.122970678803799 -0.224057651232539 0.156665978242821 0.0903681606554096
0.196929063950218 -0.222663660655281 -0.00692688583164776 0.131814858327079
0.31076348155084 0.0890116172684283 -0.10902661333341 0.0475437945813028
0.174717201038077 0.324017288584094 -0.113373899735878 -0.0163833021339124
0.0339390980032583 0.258434833025731 0.160014555184868 -0.178920365684308
0.171787842115224 0.139718353042208 0.150189304999229 -0.192756006544322
0.182030036295498 -0.0468781965746689 0.0280745501049076 -0.280931949028013
0.0194016507135789 -0.158745514284879 -0.194264469400155 -0.206487138472359
-0.114722357187512 -0.116469480260024 -0.272319130094756 -0.0196347224781827
-0.173766789589933 -0.0211314675235047 -0.231103605852294 0.116619037616371
-0.140469114639326 0.0880685286898912 -0.144540668388662 0.15267959211295
-0.11168712385456 0.130167892405394 -0.0720800124828762 0.112464482953989
-0.115897199189186 0.12838482392102 -0.0382093708770576 0.0294308528124994
-0.193885141862444 0.0608411589388192 0.0346815979208599 -0.0418764762122735
-0.199507740954569 -0.0794671708189433 0.122707457826982 -0.025401624157464
-0.0978073177593364 -0.213481392115804 0.0846329680259164 0.0764935270370684
0.192414834308593 -0.195934461393277 -0.0474485307707144 0.0636671848593596
0.280324481183565 0.0829023860506054 -0.101647128476354 -0.0109803307815296
0.1579075956872 0.27036863402247 -0.128350539291738 -0.109278908374368
0.0302394047519755 0.170392635886937 0.144893996262042 -0.275688181165507
0.111245673792385 0.0928142149240443 0.0922948925905797 -0.250895723915066
0.11817660726655 -0.0281081172842789 -0.0253366343454806 -0.270259111894833
0.0199878168366186 -0.0965097288919837 -0.200906190334137 -0.186421553668216
-0.0638253328515793 -0.0777064760263195 -0.280067610689766 -0.0249121227038563
-0.10603954281972 -0.0240306102316592 -0.262596630679063 0.117877942915645
-0.0901684200842093 0.0490992255524391 -0.184484503626687 0.1792749277204
-0.0745018187372387 0.0788124183068652 -0.106069490681277 0.149809830110886
-0.0808132270994302 0.0810168946302761 -0.0711740185470741 0.0690246079506047
-0.138683061814586 0.0348047741780404 -0.00820089256568609 -0.00567726417600046
-0.134934809595301 -0.0712776742607298 0.059180528499457 -0.010909879337236
-0.0474166758434127 -0.157642300110005 0.0331483108055578 0.0452446188112368
0.149589261669137 -0.122064266893309 -0.0533676106135112 0.0132798752544798
0.188319987401664 0.0655740592747534 -0.0843343494323673 -0.0343748472012394
0.10367022813559 0.168881785905764 -0.139808067326731 -0.175400789735604
-0.0225317715276946 -0.0351687746953105 0.14556955059578 0.216263109362331
-0.0569147239677361 -0.00804237452488954 0.123240350345554 0.0369571505465404
-0.0484045655880597 0.0234526973551252 0.0507478819007495 -0.00777621410881493
-0.000892752639847514 0.0571011293649945 -0.0091761867715479 -0.0465545241180054
0.0447839063675419 0.0331729775871801 -0.0287007614114052 0.0276847083246711
0.0454745134803484 -0.00470062741358876 0.0554570705180088 0.0202744082262326
0.0265716582434912 -0.0210117197032632 0.0994507973860509 -0.073496341200451
0.0212407261739509 -0.0115466255878086 0.133066999372816 -0.153207970528082
0.0287639937752336 0.00143550147834031 0.182905477498325 -0.189240891274843
0.0325900941155491 0.0195831466947947 0.255389886955227 -0.128339318320574
0.0131053437211256 0.0386649083848669 0.27163489106886 -0.00636889653393955
-0.0168746734097364 0.0440907460480259 0.204896491408879 0.135304655550418
-0.0515389394904915 0.0108156787759167 0.0913973672763533 0.240320835809152
-0.0693656710145879 -0.0376526833906134 -0.036981676502565 0.264023356607363
-0.0317472010615095 -0.0667441935629647 -0.132435727135957 0.349214091654212
0.0285881655712579 0.0942693100647351 0.149490653525931 0.21779955294411
0.0644391360634965 0.0385739962058931 0.129500892258004 0.0474216395603017
0.0487241663460573 -0.0347678843866251 0.0731894826409841 -0.0222690244121272
-0.0258660616901343 -0.0440664374207062 -0.0161494186545508 -0.0589487199881841
-0.0419146186541227 -0.00905660904065362 -0.0398354554061668 0.0293076166534476
-0.0425922090344406 0.0162007517529036 0.0512120647423253 0.0332840825538509
-0.0320315126722857 0.0393724341367579 0.103629443363895 -0.0609526574861041
-0.0283701454355834 0.0545560045281717 0.131851705342645 -0.145690126050088
-0.0306155710435674 0.0527279404797295 0.172618849342877 -0.188614944894
-0.0586943542603722 0.0232845642538569 0.244512017447992 -0.138828449594273
-0.0569209191196318 -0.0161810123604337 0.274552986248625 -0.0294356191776365
-0.025234669707861 -0.0398992615656761 0.220582369069964 0.109761745900539
0.0385082159947267 -0.0314856722040622 0.117556663434567 0.229822726427498
0.0305976171352197 0.0320104721254406 -0.0180610820733051 0.264237132232239
0.00246088660651663 0.0717779304065311 -0.115621598382054 0.34431937850064
0.0596097003348644 0.202699255178207 0.136182851118138 0.186906468709102
0.160910674303727 0.084199630973894 0.138247571196683 0.0648194580819774
0.136557213730156 -0.0759699058694483 0.116757354476409 -0.0594767162664084
-0.0358517787041114 -0.13363021144214 -0.0353949747700949 -0.105842044588419
-0.112754969922011 -0.0566767098528539 -0.0850444013691268 0.0225418087117951
-0.125782556150927 0.0246999568778969 0.0154875826432267 0.0596427440967091
-0.0914448036110131 0.0883851063604837 0.084285268095122 -0.0277389393341929
-0.0736803825300746 0.112036567206933 0.110138602284507 -0.11639362770951
-0.0816446063731473 0.100335419360291 0.141381367367789 -0.166071949495393
-0.1357374106479 0.0338027072927343 0.212432515010833 -0.145308241532266
-0.122826127775697 -0.0564508234041693 0.266479785752814 -0.0578863310837688
-0.0466402337974705 -0.113975356266349 0.235721055135708 0.0854997325936326
0.111562634931232 -0.0854756013876266 0.126650811031511 0.219057281715713
0.132898655437473 0.0798907344061513 -0.0235848754099191 0.242629239873956
0.0510380441425415 0.19483557123603 -0.102719773448695 0.292420120452952
0.0655693925294969 0.276056377199754 0.128241873444019 0.129477747748792
0.214410658810117 0.123852164329619 0.166540876502595 0.057635606733418
0.197167235662887 -0.0947078181820886 0.150578235582607 -0.129621245518594
-0.0302067504123581 -0.192113620976025 -0.0784072170069349 -0.1670861835749
-0.155935222271643 -0.0977138515057049 -0.150157468050054 0.0126586986364425
-0.187182441372185 0.019645765888186 -0.0422738667375905 0.0874794448509251
-0.13920674481702 0.119213501881589 0.0418990781167826 0.0173997753317727
-0.108977943898715 0.152440701408638 0.0727117064656868 -0.0673567646736752
-0.115900365306492 0.136460383386717 0.0973938268940833 -0.128046334185755
-0.189671728611754 0.0510627188976135 0.169523878744236 -0.13998519092167
-0.17702136075076 -0.0762432876082454 0.250927957749068 -0.0795215995399451
-0.0797549416829011 -0.168671189326837 0.238463740547404 0.0746573754812909
0.158868050576404 -0.146354735915559 0.107142537670616 0.208146737821487
0.2240855502677 0.099013277150684 -0.0533436021656448 0.19677003102936
0.107473591066896 0.284688090967288 -0.0981155467632674 0.20268007143118
0.0532573269896742 0.311672769874208 0.136204334610281 0.0458658740429066
0.228055580615067 0.152643764033179 0.1958593155595 -0.00194635122282107
0.225767154701738 -0.0873589921722981 0.140499367522034 -0.213452275352201
-0.0115200283899814 -0.212445093479311 -0.132871749078661 -0.2088912254479
-0.166335704698545 -0.124701731115139 -0.210752758110094 0.00378604531046272
-0.21777380876311 0.00591882191608565 -0.110053870628671 0.107379003317374
-0.166310284894413 0.128094685458138 -0.0177746569605603 0.0666202782696353
-0.12772216907595 0.170798382271244 0.0251086953079856 -0.00603687827985106
-0.132257370285039 0.157206636545659 0.0493429251014837 -0.0770523761304358
-0.217130296856873 0.067844455874795 0.123826604584749 -0.12035816674887
-0.213704269085221 -0.0793226318236587 0.224300941884316 -0.0794648575486123
-0.112457756833362 -0.204683755941935 0.212306360107867 0.0806583197695384
0.183288200733915 -0.199537350281037 0.0557498045858414 0.183288424948683
0.287632332360966 0.096637724349885 -0.0913824250387657 0.126800281189453
0.154801985071996 0.327856175965891 -0.102745779571771 0.0923696049645182
0.0413891868380289 0.306430513235206 0.152878305400265 -0.0621859211650304
0.21178263854428 0.160667985585502 0.191890797818141 -0.0994122541507764
0.219786763617117 -0.0683156429346647 0.0891104568092485 -0.268113819510365
0.0076841793091995 -0.198728727992231 -0.174892758075668 -0.217300997853161
-0.15035760286313 -0.131737440484604 -0.250764437890812 -0.00714004468530559
-0.213301843718269 -0.00833320669777982 -0.175040189498108 0.115994147016154
-0.166205545388115 0.117090913596975 -0.0827854350961655 0.113565125841877
-0.127852111931397 0.163199050435476 -0.0252001511686686 0.0579825093738395
-0.13051562570258 0.154924593230282 0.00206677751870759 -0.0214578193021031
-0.219114501361466 0.0742111502062877 0.0784567689184912 -0.085247335950169
-0.22425975365818 -0.0774893935992175 0.181093409703701 -0.0562108520221936
-0.122942398956976 -0.221850425274251 0.153243517752118 0.0887313695198934
0.195464904905607 -0.222029692817161 -0.00863413182804318 0.133242015626797
0.310892403914242 0.0882937514921203 -0.110968551709739 0.0483130455497323
0.174828107062802 0.323796326926753 -0.114542389265948 -0.0165271011997621
0.0351816933706416 0.258610758424062 0.158402596538064 -0.177395355331297
0.172637029208241 0.139186133537519 0.149418272195467 -0.190455138200401
0.181940989003315 -0.0478501133511037 0.0271913642343819 -0.281889364099864
0.0180286943817705 -0.158031262579305 -0.193726643769259 -0.205544597054351
-0.115334776517206 -0.113655452942802 -0.271457900047831 -0.0191112370259996
-0.17392291085897 -0.0175095784144521 -0.227532626519442 0.119081426604485
-0.139344282385855 0.0900137864476354 -0.140305007740136 0.153255219530886
-0.10786001725797 0.131739611261939 -0.0701555419643029 0.112620844382283
-0.113443950455836 0.129012475225537 -0.0388814673002892 0.0304148630521095
-0.193953027171206 0.0639746711021269 0.0331637002777021 -0.0418575979336892
-0.199407369651311 -0.0771630957069531 0.120083594227908 -0.0287917193113822
-0.0970707903222136 -0.2105198808837 0.082047682924296 0.0752246819750232
0.190028970471308 -0.194888037412762 -0.0486350925663731 0.0666862559136868
0.279549063844066 0.0827008237967067 -0.103246122857411 -0.00924478502958423
0.158131328872389 0.269768844595548 -0.129398103162185 -0.108372773491604
0.030885533341478 0.170574019627647 0.144802857228325 -0.27422899480855
0.111685325565238 0.0927586704647318 0.0920901445720236 -0.248007358737061
0.117834710789414 -0.0286642845604991 -0.0261299526387236 -0.270361457408936
0.0192738451246029 -0.0959967361653209 -0.200657512612459 -0.184433796740698
-0.0641989952667335 -0.0757184824519734 -0.279323591580926 -0.0232122879677616
-0.10626709496314 -0.021330597953585 -0.259427096930751 0.12080509037639
-0.0894257739848294 0.0501933253687005 -0.180734770192637 0.180078811089623
-0.0724057663301938 0.0795776903557918 -0.103635441331029 0.150844574658994
-0.0794510812558312 0.0811403736421179 -0.0706695142708991 0.0699618175870008
-0.13858324231757 0.0371615040994137 -0.00947217018616514 -0.00546347951595983
-0.134974941692005 -0.0699336705466775 0.0574657726002852 -0.0139131363368351
-0.0463023084226543 -0.15527559644344 0.0309984159587454 0.0449937555593555
0.147697653475418 -0.121375318423274 -0.054040415259801 0.0172303732122488
0.187917090441251 0.0657371270950787 -0.0863067358441439 -0.0324351710485392
0.104082549369284 0.168858201025309 -0.141273838880278 -0.173662424487035
-0.0228731730330332 -0.0346079938502572 0.15020556096174 0.216454672338828
-0.0572174725986316 -0.00706554745573481 0.12708952332021 0.036068429134914
-0.0490323535922135 0.0235342773346376 0.0525260885318238 -0.0111695792371634
-0.000205322571469392 0.0576616006196761 -0.0125382414246118 -0.0483059672897552
0.046684463044264 0.0322209891743295 -0.0272360596751815 0.0287680069083252
0.0459486285321006 -0.00639834783320142 0.0583951291824822 0.0173942650678687
0.0266964925415635 -0.0214314453162321 0.0981438192459731 -0.0758445609238207
0.0216554412900275 -0.0119264156535315 0.128858918409789 -0.157887045311329
0.029884606336847 -2.55769974011289E-05 0.178015522373957 -0.195942066314623
0.0332378565282696 0.0186045171093363 0.253848412344075 -0.135643494189514
0.0142546568385106 0.03882991973684 0.27376582198187 -0.0126513017311291
-0.0156291677280803 0.0449031481713597 0.207795867104344 0.133386849705513
-0.0517326927520282 0.0117222998678729 0.0970264254590701 0.240271143920685
-0.0704297991207257 -0.0357634933764607 -0.0359220726191945 0.265822189200974
-0.0305130972103078 -0.0671592705931542 -0.12942144662793 0.353637326846016
0.0310057204456272 0.0946807313181178 0.153144127437771 0.218241623381146
0.0653944628267097 0.0377241053499869 0.133567018931907 0.0468033355648475
0.0484743591093003 -0.0356902328134674 0.0747590905991442 -0.0272226362392603
-0.0272240841251329 -0.0434808385729115 -0.0183290651645007 -0.060502376943769
-0.0424346935110449 -0.00878056559114902 -0.0378061257694654 0.0296618080768903
-0.0420750354506157 0.0173954348516469 0.0541570646347156 0.0307978575073069
-0.0307097946532921 0.0404631509580234 0.102732183609356 -0.0643077456687222
-0.026136893332232 0.0556626595546682 0.128267945167234 -0.150565495150247
-0.0287868736381074 0.053787359613602 0.16784778298411 -0.194623432708733
-0.059185224878765 0.0254554848471454 0.242955317122399 -0.146839690374609
-0.0589420601891037 -0.0142257882485154 0.276072350909655 -0.0370346076474295
-0.0264263168375707 -0.039450423590318 0.222744819834437 0.107081882490913
0.0379231052788612 -0.0330776557881872 0.1217620617785 0.229538428541974
0.0329538822818036 0.0330512587897433 -0.0171678418782716 0.26512728622533
0.00595544600157344 0.0730251501037904 -0.113166292918519 0.348514280936433
0.0639365609631877 0.203012602068517 0.139202461041393 0.187843841188553
0.162674094207373 0.0827947196927416 0.141643288785208 0.0648990888310752
0.136968931062684 -0.0790412464932814 0.117320524102033 -0.0644511359131371
-0.0381933761644045 -0.133573502861415 -0.0383488135633076 -0.107054275941518
-0.115390163926108 -0.0551030945641457 -0.0846819138208746 0.02286191145283
-0.125344229206255 0.0289787287046521 0.0194570616470012 0.0579783660794201
-0.0892346309845483 0.0917327199392117 0.0842662787155274 -0.0314362527400111
-0.0700085991411748 0.114723997746123 0.108053892126005 -0.120418666347528
-0.0787099554788332 0.10257563947246 0.137335271768913 -0.172250676178756
-0.137439382517757 0.0394045499936039 0.210712362053391 -0.152366062625051
-0.127123247840554 -0.0530234700554308 0.267488319770554 -0.0661351864265433
-0.0501292450485935 -0.113696843770775 0.237074800579263 0.0828087799238017
0.110952932456064 -0.089725158548638 0.130831094150376 0.219654361281141
0.138164865762018 0.0792976821440495 -0.0224837664530722 0.244313751683132
0.0576454130173732 0.197807333641552 -0.100973371920258 0.295491968662272
0.0703364231026357 0.278020330008695 0.129971538365331 0.130848572848972
0.218041956431668 0.122204301594794 0.169814651361133 0.0568198059438376
0.198936879189787 -0.0989691877723765 0.149614577521837 -0.13726386578808
-0.0331359539926075 -0.193108750123918 -0.0817206109218595 -0.167953754991377
-0.159350001154382 -0.0953056801896557 -0.150789641569866 0.014704466043065
-0.188024118448469 0.0257126872036572 -0.0391129909345846 0.087313825060605
-0.137101477027752 0.124068611346195 0.0425440047180454 0.0147449827966618
-0.104105311282064 0.156263441569895 0.0712875709095463 -0.0703106458497689
-0.112275555769256 0.140418335505724 0.0933946385371865 -0.131513214384659
-0.191292384926548 0.0574942041862017 0.16751760382791 -0.145753569343969
-0.182406951519652 -0.0721962056101146 0.250410464432209 -0.0881613680559836
-0.0834465309738956 -0.168516541606481 0.239103324002826 0.0726245702056813
0.158434283283556 -0.152217637505419 0.110318967182935 0.209141914117861
0.230367081655386 0.0974267126985831 -0.0537913788241602 0.198593600459191
0.115231791635671 0.287514365675631 -0.0980185062337856 0.20446725443587
0.0588957925638611 0.313784923286255 0.136525231174789 0.0470854987637109
0.232167826533303 0.152599046212444 0.199413332765645 -0.00339449260612587
0.228394381705368 -0.0924645414112375 0.137982600996369 -0.220370539247772
-0.0151451100054769 -0.214031345786139 -0.137230226971053 -0.209546953047961
-0.170821368902444 -0.12293844161927 -0.212146482706646 0.00676244734884279
-0.219782480097596 0.0131143301074137 -0.106584065853746 0.109176350136234
-0.163834096267918 0.133400214199506 -0.0161473160186108 0.0652387337192328
-0.123301718652217 0.175722221886439 0.0246191838565971 -0.00707048915556028
-0.128453789208298 0.161413835371933 0.0455363640132913 -0.0786727304845151
-0.218315271581333 0.0750697114262764 0.121032570020199 -0.124324101771796
-0.21902464859513 -0.0743270683487412 0.223178026950634 -0.0875519492093067
-0.117806279243022 -0.204177478678514 0.212759118577623 0.0783929364664445
0.182527930482424 -0.206112380963138 0.0579640268990531 0.185107264853696
0.294024948300449 0.0938330394239822 -0.0928446357183435 0.12992269717191
0.162800487360431 0.330243887823628 -0.104933784389418 0.0942593130315092
0.0476700631394838 0.309994542525179 0.152295413824815 -0.0627588224682623
0.21772761779817 0.160353203910431 0.193209352709968 -0.100840866561378
0.222872885985195 -0.0734502827764939 0.0845384477415497 -0.274294633047651
0.00429797944323497 -0.200841466764959 -0.179839673879471 -0.21665295841659
-0.155186879323295 -0.128861019078185 -0.253179344763948 -0.00338141648848403
-0.215119048906463 -0.00107525863353906 -0.172506982679255 0.120718668376799
-0.165076935719937 0.122930917389272 -0.0805368273950977 0.115031810845047
-0.122558986759874 0.168542286302612 -0.0240163436499023 0.0586042107223624
-0.127780557918263 0.159693252160441 0.000615644589505191 -0.0215506625750114
-0.22007113093537 0.0814579439260008 0.0767807566812916 -0.0876639424736917
-0.2291293567196 -0.0730553559206252 0.179472928021919 -0.0631815146365553
-0.127669958350635 -0.221421802933636 0.153341712888815 0.0879025998332402
0.194036836388272 -0.227862972157985 -0.00763073401586762 0.137062631039621
0.316438040038088 0.085804953735762 -0.11413266771015 0.051356474087198
0.182678041398316 0.325328820883513 -0.117884790062898 -0.015402099645347
0.0402379789870356 0.259982767962482 0.156591300759228 -0.18013991900545
0.177679725850606 0.138184557076866 0.14908188955675 -0.192231356092063
0.184468089963948 -0.0524768796764444 0.022444572530835 -0.286712326076797
0.0151580980724594 -0.159767272171552 -0.197838516906275 -0.203957608879766
-0.118238558445015 -0.111877849444558 -0.27452616689122 -0.0145023362769639
-0.175237955184558 -0.0116971589287831 -0.226265525331132 0.124782277869783
-0.137908807918996 0.0946246367190811 -0.137770965038132 0.156449499441904
-0.10478061931389 0.136346160976394 -0.0678952637147695 0.115296641408143
-0.111424171804655 0.132535358616633 -0.0389720401649145 0.0324329463666696
-0.195207288766204 0.0696479325900353 0.0314161583064935 -0.043465004239994
-0.202703362228156 -0.0745389510021151 0.118556149922904 -0.0335231577729583
-0.100921478372245 -0.20964064080494 0.081367979803981 0.0751503003424058
0.188042444683587 -0.199903459806901 -0.048753912245441 0.0713584195129485
0.283692458463852 0.0794454676481189 -0.106298005997391 -0.00622430005086896
0.163965383269995 0.270810121184307 -0.13413949122897 -0.107423575237249
0.0340258485459201 0.172036277619717 0.141532748561998 -0.277691828544493
0.115449058798547 0.0927770891052751 0.0898959679671611 -0.250356379709409
0.119056808223691 -0.0314593384827205 -0.0313041666589646 -0.272955209185824
0.0174947994657404 -0.0970758062733228 -0.204576494543222 -0.183707784386491
-0.0661945937492042 -0.0745810486320502 -0.281332847837326 -0.017686620485705
-0.107613264737402 -0.0168361930028402 -0.258408033127956 0.128180889246307
-0.0890875065004002 0.0529311839364716 -0.177547602153802 0.185263577070034
-0.0698112664055617 0.0825608835963349 -0.100334976862699 0.15473015819331
-0.0786269374338037 0.0835390575592893 -0.0699433989529927 0.0728509615206008
-0.139512632568907 0.0412624360459037 -0.0102631211659322 -0.00517339530012398
-0.137309115450166 -0.0670938986520567 0.0552813313664378 -0.0171555419396934
-0.0488273396636119 -0.154948299119264 0.0301915999994889 0.0454977181589941
0.145376200882902 -0.125137205157306 -0.0550778496256853 0.0223856789964737
0.191156659536534 0.063215814367133 -0.0891482213852373 -0.0294517593055493
0.108211892344917 0.168286660050893 -0.146737405178031 -0.172210543748859
-0.022939614636429 -0.033540433546496 0.158811552653646 0.212318806360788
-0.0566241798576545 -0.00453482989692696 0.131176471135987 0.0310848434872225
-0.0488437280414888 0.025873050829027 0.0535481446369397 -0.016113042179377
0.00198703755928171 0.0578823959320989 -0.0167273461832454 -0.0492741255918522
0.0479650764958102 0.0295049018233072 -0.023681978958432 0.0295563319470642
0.0462732805841252 -0.00865785128594557 0.0608954142774379 0.0133867342177868
0.0261071256110579 -0.0222176540796299 0.093647155720665 -0.0801363972358811
0.0211682899328747 -0.0131980044850039 0.120110756844263 -0.16331644789278
0.0300583513131946 -0.00218097623900525 0.167191062883061 -0.204095788359205
0.0339343718703438 0.0162023245137422 0.247108871427046 -0.148090183846733
0.0161973641415448 0.0388345214580613 0.273170329716128 -0.0253169862004563
-0.0134873335395679 0.0450891622058626 0.212904536214408 0.125981762716233
-0.0514413020576765 0.0132369776719351 0.10617818333069 0.235253668466991
-0.0718225713287778 -0.0325673763087076 -0.0288837187402708 0.267077611052112
-0.0318655430338968 -0.0671382350431353 -0.117121141918573 0.359473093492095
0.0355592486896079 0.0941414019472869 0.161099954747294 0.214572248859387
0.0669832210771619 0.0362531450962163 0.137803035927225 0.0419067483742583
0.0459307572073174 -0.0373888391356436 0.0744450589505403 -0.0328592136632925
-0.028379373184283 -0.042126537179867 -0.0230333366232658 -0.0607697865071636
-0.0428199529771145 -0.00755252605023294 -0.0359665525428104 0.0303211312708653
-0.0410957343621489 0.0197898889590598 0.0578049861473797 0.0270222113645247
-0.0284119264315547 0.0425673722569797 0.0994038876670337 -0.0698617871647695
-0.0224969471189678 0.056560382757045 0.119802482962625 -0.15647303679298
-0.0258934330255378 0.0541156136510364 0.156504173997523 -0.202699183050934
-0.0582543036630405 0.028484335072771 0.235110284415388 -0.158869446041784
-0.0596557108599298 -0.0108244964950423 0.273561523970757 -0.0504558326876872
-0.0281170282264945 -0.0381143780342801 0.225275726238127 0.0996812363308254
0.0360968306617893 -0.0358687536884736 0.130383184714356 0.224992744787423
0.035508221527718 0.0321972752398662 -0.0102690998129594 0.265385226063356
0.0104966724116004 0.0730401768648164 -0.10156758819217 0.353915339525164
0.0721431796479743 0.20115278373599 0.145767339762037 0.185373702563155
0.165130720381203 0.077783507386532 0.146183422360287 0.0601299128995494
0.133785782602373 -0.0838089090894713 0.115009863322967 -0.0728902761233069
-0.0429618747592127 -0.131465706593364 -0.0434649827947925 -0.106957764704701
-0.117910415203333 -0.0508166828629715 -0.0832475715080175 0.0257698030722962
-0.124207005585669 0.0346088416601883 0.0230143918391227 0.0549311844897458
-0.0844178340602549 0.0965665914949275 0.0822645707719552 -0.0362581639381093
-0.0634006149850642 0.117971869005711 0.10159340413744 -0.12515091435295
-0.0733330868037838 0.105655091560066 0.126613148489242 -0.178906225485782
-0.136119643875028 0.0459091068542605 0.203219393786314 -0.162966236891431
-0.13045695608498 -0.0464271566456105 0.263845310307691 -0.0793663914154653
-0.0551490610264622 -0.110989740692034 0.238693202494974 0.0746456467644042
0.106891763346517 -0.0959205897635694 0.138426805496221 0.215143210959821
0.14373028750334 0.0744239805345878 -0.0170924533582856 0.245590570661824
0.0680260336940805 0.196210666125143 -0.0923861381155271 0.299854038541158
0.0811272875202194 0.27583764304846 0.133865067943359 0.128997082765372
0.222571298616249 0.115966031323701 0.173824993095944 0.0524820412235909
0.19615451360571 -0.106220036070699 0.144474509110525 -0.145978788493034
-0.0406573425591127 -0.191434304656424 -0.088017681062499 -0.165465147664732
-0.164419236677404 -0.0893701363243962 -0.150125522783415 0.0195912953421803
-0.186627270800548 0.0350886083557068 -0.0342754468318647 0.0875192364162041
-0.130976253927962 0.130315920843064 0.0425959203748964 0.0113088163047137
-0.0955994043983982 0.161929965726225 0.0676282990853942 -0.0734911561379707
-0.105114308128411 0.144897016811123 0.0853722191568018 -0.135961136494198
-0.189363676389164 0.0679981769532745 0.16030284930199 -0.154450404667259
-0.187186596789664 -0.0626204708802958 0.244963288680214 -0.101667376094361
-0.0913504829683099 -0.165361963074738 0.239578545018112 0.0641142302929085
0.152559859640322 -0.161092512105838 0.11722082325992 0.205822614225203
0.23718539167702 0.0887295962840897 -0.0492468684212173 0.200621571688798
0.128408490628771 0.285182491781077 -0.0923168267693339 0.208343970739205
0.0715718723027386 0.31177588776015 0.1374339158855 0.0443148975946948
0.238875652034705 0.145986676825041 0.200862554441496 -0.00876246530139194
0.226431637090432 -0.101780919271076 0.12900292861422 -0.228843266480916
-0.0229633826813112 -0.21343071997061 -0.144452745682442 -0.204278487213141
-0.176835906589987 -0.115982850153713 -0.212250579424721 0.0140326072803508
-0.218956209262803 0.0245256258433318 -0.101239300045379 0.112975219661549
-0.157577733024449 0.141835522761711 -0.0131225215037335 0.0647013977748986
-0.112767220494919 0.181846393697687 0.024773007100913 -0.007732775889899
-0.120672975073367 0.166581567472204 0.0412654908506229 -0.0809013651313763
-0.215749258750083 0.0872184343784693 0.115157046816944 -0.130220728459029
-0.224077910962289 -0.0644331482159449 0.217397051651394 -0.0996036619816448
-0.12558033343313 -0.19885765599767 0.21283996625842 0.0722117973478728
0.175040421322829 -0.214846147915576 0.0633874309997297 0.185146769276272
0.300803763355574 0.083411319496849 -0.0910773138343892 0.133502935579123
0.177420028012276 0.325906641221618 -0.102950126136281 0.0975075328675271
0.058999830013248 0.308352405416463 0.149187254879206 -0.065979191601359
0.224606035417953 0.153060283273498 0.191120567151722 -0.106995067906377
0.222199446269681 -0.0832652889636664 0.0742645362789846 -0.279837402693891
-0.00403453526771274 -0.201840710736873 -0.18709772281282 -0.211037731195101
-0.16137983287942 -0.122059545401787 -0.253760679153506 0.0065631620999219
-0.215236235694805 0.0102338496442301 -0.167195564658664 0.127648783386391
-0.158895296041529 0.130857928758652 -0.0748256106009351 0.116821560699009
-0.113562661639981 0.174718161388827 -0.0207963396111293 0.0595890606365043
-0.119593721237461 0.164455403254693 -0.000931990602152954 -0.0208864657316962
-0.217741756873214 0.0931724356825614 0.0717510036866807 -0.091301031961099
-0.233641652420875 -0.0632364237604289 0.174448881066857 -0.0727277496956601
-0.135757833608878 -0.215583513988508 0.154000545296559 0.0826717907956412
0.185926676409977 -0.236468073960316 -0.00433596935175482 0.140136234840616
0.322452783923355 0.0746923818987042 -0.114197092283734 0.0565900575681934
0.196862567003283 0.320442675087349 -0.120367683184817 -0.0111119060347431
0.049492058554144 0.259815299788153 0.149731324951695 -0.183679922815817
0.184134629580875 0.132603996789089 0.143242304543305 -0.196535395590943
0.183671199421165 -0.0609540029350418 0.0105465204380941 -0.28946838162743
0.00865877444764188 -0.160489391972414 -0.204877569506892 -0.197952435766161
-0.123289007991006 -0.106461884199141 -0.274861927035098 -0.00374832742788128
-0.175942223041929 -0.00190300383342924 -0.21969542789944 0.135054179114049
-0.133063345166676 0.101709604406406 -0.130645225238859 0.162293965312151
-0.0970197770171017 0.14092359305584 -0.0615349568567598 0.118185406070689
-0.105149990299117 0.136933348680261 -0.0384225624093987 0.0348790670028109
-0.192301626090397 0.0796032785193729 0.0292346998530239 -0.0447173856732336
-0.207234647767889 -0.0659349849863498 0.114280311098863 -0.040785755559109
-0.108136034056368 -0.204762473956935 0.082096733744303 0.0731803982343265
0.180112750677433 -0.206479095326012 -0.046807029112052 0.0759568304238067
0.287781404245261 0.0699133867583912 -0.108460284390374 -0.000590266561704482
0.175023105842532 0.264773789635079 -0.140539615056517 -0.102010133312328
0.0403989927362172 0.171499598123384 0.131024631086192 -0.282281031355869
0.119864270628176 0.0893800999976796 0.0814387566394771 -0.252119644491249
0.118789272184233 -0.0369091885471685 -0.0430227680221179 -0.273842989642652
0.0140390047578519 -0.0978606566902613 -0.21036995138508 -0.177174084080034
-0.0689645425743724 -0.0709510376690033 -0.282282811411346 -0.00677479536994076
-0.1083986753674 -0.0109386334241279 -0.252603844242939 0.139761515389128
-0.0867732805203615 0.0576467717046262 -0.168149374420147 0.192799406423011
-0.0652117262812286 0.0861618209333546 -0.0922118814079997 0.159500918067887
-0.0758280008884482 0.0870468094814937 -0.0667754148384833 0.0768906019971351
-0.137826466652734 0.0483524848707972 -0.0112905045066341 -0.00561977837577387
-0.140906515769567 -0.0618846143536314 0.0516082020986109 -0.0205279960565726
-0.0543481651638267 -0.152323220468767 0.0309742524606612 0.0453272670976941
0.13928895330161 -0.130074700107998 -0.0541623477126358 0.0282294997155719
0.193646665580784 0.0559567648469031 -0.0917591823548054 -0.024063021321918
0.115340427762033 0.164220787535196 -0.154706206914455 -0.165506502678774
-0.0228085351516373 -0.0318087715727294 0.163507294266394 0.201483572917301
-0.0547291763657843 -0.00234840574935211 0.132342979694744 0.0241016329853655
-0.0477043415742135 0.0271691760357246 0.0528126535759229 -0.0206342492450415
0.00400943238526666 0.0565939736282816 -0.0207569562333719 -0.0476578815241823
0.0481416647674822 0.0262427664819137 -0.020534689090894 0.0302455516541031
0.0449975492714996 -0.0107623639013362 0.0606338537638075 0.00902625411562659
0.025297971108771 -0.0228178297065749 0.0873315662430301 -0.0821919616213912
0.0207974879119388 -0.0135313244694993 0.108199637026998 -0.164165397939409
0.0294852487078839 -0.00401099185849632 0.15099698439386 -0.20692708290552
0.0330548823936718 0.0136957884643071 0.233057261106015 -0.157363261946662
0.0175765972559871 0.0373869636576365 0.263651716870647 -0.0369108304543978
-0.0112997660815344 0.0442816546835742 0.2126369579232 0.113069480135428
-0.0503593095189349 0.0150850719872673 0.113069211544674 0.224380417726101
-0.0704154270687661 -0.0284520723710313 -0.020520246838015 0.261124558974759
-0.0321422808799522 -0.0652730257164872 -0.100881462119508 0.35490636611646
0.0395583310105589 0.0896453791291719 0.165981507535785 0.204529777089723
0.066793585212045 0.033822444562226 0.138252576938299 0.0350961121615722
0.0432277503482151 -0.0374267340820168 0.0721334595965462 -0.038663553542576
-0.0294616063449002 -0.0394404982465244 -0.0254049607680814 -0.0595094294886242
-0.0419460996831527 -0.00582739658983279 -0.0327993248601788 0.0307334717130327
-0.0385414636291368 0.0202759730476298 0.0581977775739001 0.0219457341454039
-0.025278554059053 0.0430920102735963 0.0927614662864248 -0.0727368944970627
-0.0181715760613338 0.0560736842922661 0.108568357955724 -0.157541395133356
-0.0220887348780601 0.0536351284898959 0.140581869560727 -0.204500665650054
-0.0558215837789218 0.0309124466832732 0.220488796384806 -0.167330617332273
-0.0593476374685701 -0.00709950039356449 0.263923576512085 -0.0629134105181835
-0.0292359989997877 -0.0356976355903191 0.223267152763466 0.088115605067437
0.0331975283117505 -0.0376657117185816 0.135726749063156 0.21355631471457
0.0373840084147249 0.0299193368890945 -0.00233364457036075 0.259097898850582
0.0152398263657428 0.0706266381917386 -0.0849935158276847 0.348422415759157
0.0788100679021924 0.192480203871853 0.148900308879566 0.177545153402197
0.163807270217962 0.0699168171782995 0.146893807688382 0.0528458151343027
0.127549892067912 -0.0860560774022696 0.108844954223364 -0.0783622890650665
-0.0464864590243987 -0.126097163754146 -0.0474382222719582 -0.103592088361492
-0.117713242501231 -0.0445501430342895 -0.0797359639106815 0.0277798450527355
-0.118990326905967 0.039844325883804 0.0262945648884541 0.0509511899324244
-0.0770603656646599 0.0980093309969518 0.0778146226318139 -0.0401921204752501
-0.0549967672980829 0.117822842865904 0.0922559262272946 -0.12674768172409
-0.0653350784846277 0.105327529319081 0.112951058337583 -0.180495169575928
-0.130207882707208 0.0525115188768411 0.188832257374221 -0.169495920228815
-0.129326403052502 -0.038677379010032 0.252163791180408 -0.091692434472443
-0.0588441560256652 -0.10557849359915 0.234838467799049 0.0643185216324941
0.100039079376506 -0.0997889966341633 0.14293038663481 0.204392911108048
0.145284632246359 0.0658994433717668 -0.00985153232358248 0.239965828000342
0.0766752249039228 0.188778261861475 -0.0792911549049507 0.296328372951384
0.0907736394265237 0.264299994406224 0.135522443270606 0.123935140711262
0.221581066975152 0.105284950949243 0.173053738326397 0.0453993971373726
0.187661715674732 -0.111207699305131 0.134189833996991 -0.150589938066266
-0.0470109296819336 -0.185410605800054 -0.092400684277163 -0.15828301452498
-0.164576234231742 -0.0800172736636314 -0.145122839254278 0.0249806880765948
-0.180867171329542 0.0440551475823814 -0.0281795098576856 0.08517474271324
-0.120706095962453 0.13402604904454 0.0421380583140811 0.0082044311023995
-0.083687557091453 0.161610102116357 0.062129053974931 -0.0749380322991687
-0.0949558133384557 0.145726526096008 0.0748712186175303 -0.136927967535947
-0.181435283316312 0.0769558554042397 0.147459513018686 -0.158511506830737
-0.186691448505688 -0.0513159230930451 0.232541337932047 -0.111383622872717
-0.0962663465646783 -0.156867025978748 0.234207296557934 0.0542551053197881
0.141927458622441 -0.16490750631444 0.121757833913948 0.197403633767988
0.237389018990867 0.0767162013318791 -0.0439725585158483 0.198743797052057
0.139314594598619 0.273330384105973 -0.0836634028277671 0.207229225380862
0.0819447452758804 0.301188894977229 0.135292271586488 0.0411021379967629
0.239287529893831 0.133668416829134 0.197407812798736 -0.0156817125467988
0.218056365135052 -0.109208674328715 0.115507020746372 -0.230518332676177
-0.0313323056520025 -0.208017772616389 -0.148641010526769 -0.194075227517675
-0.177739467882696 -0.10504758571671 -0.20636202493018 0.0224981571771339
-0.212217742919391 0.0353060931155674 -0.0930845455276096 0.113732115109936
-0.146357584992241 0.146407480974942 -0.00998848477240963 0.0627836888825401
-0.0995126625574379 0.181764627449278 0.0232231451956167 -0.00906031661377123
-0.108786376584707 0.167460851346124 0.0346875060733156 -0.0807998268970036
-0.206326004514894 0.0969883907610714 0.104910717506924 -0.132872551199449
-0.222913235338697 -0.0511344661644339 0.205309186051911 -0.108697298872562
-0.130785678161937 -0.188394322898126 0.208682609903384 0.0633080534185902
0.162078238885188 -0.218027313717626 0.0682723013156985 0.180578157698265
0.29999974087391 0.0698215510779487 -0.0857693309163459 0.134631595146239
0.187132610115668 0.311262129817758 -0.0981345314234781 0.0992638277107041
0.0702795220648158 0.298375453707351 0.142960066411714 -0.0669703308410169
0.227415263626836 0.141441469564856 0.183836741484284 -0.110381749497262
0.21401596391346 -0.0914856473310669 0.0595027507440443 -0.278171340789605
-0.0122869619108751 -0.19710288226398 -0.190420707790074 -0.19882790363608
-0.162754383720451 -0.111437772938138 -0.247250106030765 0.0166410461951712
-0.208302274104637 0.0213827582007776 -0.156219066520168 0.131259739027802
-0.147776326082556 0.135918203592309 -0.0678036308014335 0.116808154409263
-0.0998780975004734 0.175730667518913 -0.0169442253405814 0.0587899399287685
-0.108651010900447 0.165583852448969 -0.00341200234116478 -0.0198141991940754
-0.207873780712887 0.102555388362283 0.0645488517064895 -0.092070140399066
-0.231703473138169 -0.0509640515349421 0.163681005528771 -0.081373743894275
-0.140771798147723 -0.205020291849662 0.151464895917408 0.0757954710798833
0.171704050052153 -0.239087823650975 0.000822738289905152 0.138287542319261
0.319488378146486 0.0604762766322207 -0.111438355133993 0.0605793340662173
0.206004705090184 0.30418474288099 -0.119480912962439 -0.00581562258722759
0.0597037582590778 0.2509820613784 0.139215648000209 -0.182895213739355
0.1866894438536 0.122958678804803 0.133103850988219 -0.19609970891745
0.176910391694352 -0.0681091827235808 -0.00273812740751844 -0.283565446158245
0.000414239141560238 -0.157130166186847 -0.206851279201776 -0.185389712833401
-0.124754194350561 -0.0975901556623528 -0.268508864925246 0.00775764350998628
-0.17113964723305 0.00798861083506296 -0.207797879391174 0.141368824118883
-0.124890629649095 0.10625967652444 -0.118897536990639 0.163253497268996
-0.0859900099176785 0.142367156720543 -0.053893113741315 0.11831479854351
-0.0959230162136718 0.138126228915014 -0.0362065918555063 0.0362411498494751
-0.183810980201346 0.0874574125558818 0.0242790379331416 -0.0450658555464985
-0.205924444602209 -0.0556543996083519 0.106496804744816 -0.0466814294156398
-0.112610592081909 -0.195101225626275 0.0816617050190298 0.0690409571473983
0.167162305893491 -0.208724024204631 -0.0423758531747641 0.0794074830866306
0.284555285190966 0.0563127026329349 -0.107299345980485 0.00537684578559969
0.183459627579513 0.251192343050274 -0.142745076079213 -0.0929966229163605
0.0465764371787549 0.16571559886455 0.117836627811003 -0.278459663608884
0.122404049647493 0.0832482605607535 0.0708794956145663 -0.248403730976127
0.114789142484147 -0.0417077784226206 -0.0538521709624814 -0.26592423344962
0.0088755698835291 -0.096126134717573 -0.211030217709127 -0.165165939673869
-0.0700340861251645 -0.0660461741148485 -0.275492227520811 0.00521697135588179
-0.105877012628372 -0.00456846270458967 -0.238924253070905 0.14776674492321
-0.0823276658183336 0.0610365538526177 -0.154281059840175 0.195529900850165
-0.0584286808801203 0.086976510350829 -0.081903909849136 0.159153755939561
-0.0693711005478823 0.0883863522957016 -0.0618106860592785 0.0792479055261184
-0.132205070082545 0.054375795802661 -0.0127737163606039 -0.00480410320218365
-0.140194142993706 -0.0550174946315967 0.0473524655419531 -0.023535921968394
-0.0582562647848395 -0.145702546035221 0.0313131533095909 0.0439701353400341
0.129321167328614 -0.131932329779236 -0.0511336988144774 0.0331006974766561
0.192028019644763 0.0470152922821956 -0.0918526721270967 -0.0174581490728412
0.119592806207287 0.154458177826097 -0.159747415871524 -0.153646928205683
-0.0235101103704275 -0.0282169906427783 0.18266180461166 0.177828437343827
-0.0508154587741269 0.00280172538604671 0.133500119177151 0.00634665448486858
-0.0427528374105395 0.0314531501698882 0.0510996181336426 -0.029988604512391
0.00917891868700426 0.053290555142261 -0.0264540252574712 -0.0448179079034748
0.0482917583933595 0.0195659809219249 -0.0163557947047088 0.0292553405025326
0.0414935375813212 -0.0153972934044665 0.0586184246724851 -0.00053440177863695
0.0220001412596016 -0.0251490609228177 0.0737090604684625 -0.0893375204752728
0.0187057805377265 -0.0160583371572591 0.0816640275018652 -0.16770016722615
0.02649089320196 -0.00776410252389749 0.118206748309139 -0.213843242743458
0.0307049889269866 0.00932248657254104 0.202043276596966 -0.178311170192995
0.0191269860179853 0.0326555020664319 0.247187004848659 -0.0645847514318488
-0.00615086758744701 0.0397690438026054 0.216637663684538 0.0874929165651419
-0.04460931135443 0.017956925432521 0.130816225402196 0.202889139470589
-0.0650483235873421 -0.0199475901646737 0.00464314238579956 0.251604797130609
-0.0328737442580207 -0.0566812450363427 -0.0576664689096959 0.348930964555315
0.0523101444066216 0.0829994528541068 0.177973057485705 0.171653641273796
0.0678118268991002 0.0249464798892251 0.135894102931477 0.0154373796288376
0.0368218207684418 -0.0402143654948384 0.0625738138041777 -0.0468176586794725
-0.0313469543497675 -0.0339868457296965 -0.0333820417765189 -0.0515047571852503
-0.0404945618556981 -0.0016887482424401 -0.0264550513340494 0.034514520580181
-0.0342112582533421 0.0237694422794589 0.0603339718585955 0.0134715142258209
-0.0183389286417817 0.0428913714157047 0.082057875821207 -0.0800896190143875
-0.0100477381110225 0.0548436513586177 0.0827727162673469 -0.16108137318649
-0.015498905013065 0.0525370393711006 0.10816130203579 -0.209034358994499
-0.0500992853137367 0.0364195234684609 0.187739562982157 -0.184737314011399
-0.0592351824013317 0.000311339991484273 0.24299246345256 -0.0884123092844818
-0.0322402293618629 -0.0334618263812138 0.222527111942555 0.0609371424194965
0.0270014652301431 -0.0422032446450422 0.152378693161617 0.186605013419019
0.0421861985169101 0.0218766910817086 0.0271920715145523 0.247176867103727
0.0284150173017187 0.0636364957914153 -0.0423145025013896 0.346372806660114
0.103630141149829 0.177934664926402 0.152717915330798 0.139793385346254
0.164807503656341 0.0509759414313629 0.142388687746291 0.0310621141232993
0.112485573075946 -0.0965900717727287 0.0885442124135482 -0.0869183469636005
-0.0554670914252112 -0.11495171243682 -0.0601560878692878 -0.0875947712647795
-0.11653582425159 -0.0308921479427049 -0.0697910720256535 0.0402984989820464
-0.108227064059946 0.0498977359120802 0.0359630103944494 0.046913527207101
-0.0609139933030267 0.100530308428181 0.0723700650630046 -0.0454221382617598
-0.0370318015444637 0.116921716176263 0.0718688505134563 -0.12964126636503
-0.050340815865317 0.107100099062963 0.0849975587871802 -0.180753330234819
-0.117626728975207 0.0656214756919035 0.156071552556906 -0.181284110636416
-0.129838233628988 -0.019833122386497 0.226379039951458 -0.113507648714468
-0.0677972850666588 -0.0944137753167186 0.227248061191978 0.037271445907528
0.0825081485210531 -0.10958252905541 0.157980487902637 0.174815437162333
0.147175806421876 0.043293124073525 0.0231245730145089 0.228995723036865
0.0994016872754264 0.166960019761204 -0.041236009916368 0.298744053303473
0.122397198016484 0.246961819302886 0.131507040734449 0.0845967281811275
0.223567374881847 0.078988800250027 0.164448071132618 0.0200331746510716
0.167251623484929 -0.127291026325083 0.100933371126598 -0.158136169097448
-0.0616231413608164 -0.171469350160153 -0.11040087099869 -0.13320308087938
-0.164917427665657 -0.0591863058877766 -0.132378340045399 0.0477066284155887
-0.165919962487709 0.0611444269190688 -0.0112684352383292 0.0881997066303509
-0.0984403571787817 0.139185745360328 0.0446410687795203 0.00609954948556901
-0.059259728227358 0.161908856208911 0.0491944514540163 -0.0772201240149312
-0.0722834800390598 0.148659254658577 0.0547869692769877 -0.134238722603461
-0.162640818237962 0.0949773126775638 0.117968319916966 -0.16422714320977
-0.185027802694008 -0.0256021045725979 0.203762304732317 -0.128462113716771
-0.108440290714018 -0.138092579828301 0.224019171626907 0.0273772231818259
0.113933988144213 -0.176751313952569 0.13613949090052 0.169084149838904
0.23454841909917 0.0432419361484606 -0.00907815678052861 0.192081295518378
0.166519343210511 0.23747507670463 -0.0546096997632063 0.21600394555665
0.119232954243858 0.284577904449172 0.123528120359554 0.0024536043442727
0.243795035541161 0.103863122417291 0.18001869584207 -0.0413258672593262
0.196280567272649 -0.130004263623946 0.0723170689566071 -0.231709232940123
-0.0503990952125341 -0.19511008502066 -0.169769148205017 -0.159687703548728
-0.180556957917187 -0.0811925534142811 -0.190936576627826 0.0537332519107912
-0.196671591409693 0.0576342785394461 -0.0696088317842643 0.124212290835942
-0.121807674019778 0.155040624611412 0.00101490454204955 0.0661554489822193
-0.0718347038751319 0.183441711998687 0.0212952737635487 -0.0104319343321902
-0.0833292986236302 0.17110503017355 0.023162897680896 -0.0753845439806716
-0.183583081230405 0.116838102174809 0.0798463641794604 -0.134109233995067
-0.219001375775568 -0.0211018037222322 0.177992196700398 -0.120642209661342
-0.144031489689184 -0.164477750722632 0.198969241938007 0.0401780469612965
0.126271911329737 -0.22888898949369 0.0812566966121242 0.156655646835533
0.290531504553864 0.0313629224573905 -0.0542261623771899 0.134510591970453
0.215289743482038 0.266686504064297 -0.0793220609918553 0.116376000161065
0.107840208574938 0.282052745777707 0.118357953890715 -0.102684085754209
0.233246773259291 0.11221551692582 0.156745450936988 -0.130120297246071
0.193666273367118 -0.113328731901253 0.0134775896047551 -0.27083775967065
-0.0316761855480225 -0.185780563110882 -0.20918925977207 -0.159357709191712
-0.166987412322122 -0.0889271280882549 -0.231221991680206 0.0525908122208296
-0.195177337462724 0.0443462992192141 -0.128696743817081 0.149081006982244
-0.124876393768312 0.145624112618003 -0.0492296334472026 0.125704655981256
-0.0732150258649827 0.177077138932502 -0.00846308872355377 0.0586952608644963
-0.0837725384872152 0.169317005335763 -0.00506633512110837 -0.0137828636109022
-0.184063918669522 0.121816323394908 0.0464887003350218 -0.0898330509508595
-0.227552450872876 -0.0211783958649258 0.141773506937869 -0.0899356317792681
-0.153643897215682 -0.178842024106879 0.144909273802657 0.0585468679330583
0.133484666301043 -0.246901924362565 0.0128904494501455 0.124797947256146
0.306552240128141 0.0215498437883511 -0.0857238096393326 0.0658971808496457
0.229196309253081 0.259273180793578 -0.111141586108034 0.0181074161851652
0.0894543184351797 0.237762905412757 0.103949192370254 -0.208794530881993
0.193038031633142 0.0977379273376927 0.0996612462149022 -0.204884883060892
0.160323241602341 -0.0866823831640315 -0.0451306261460219 -0.269153887507942
-0.0154266162899377 -0.149791821397475 -0.22435504872835 -0.146153962461658
-0.129166538586719 -0.0802565833761984 -0.252642812370486 0.0453187405164197
-0.160982299116649 0.027488813137571 -0.177825869332953 0.164454047767654
-0.105652068769478 0.115250308033658 -0.0926447126489653 0.175842058641067
-0.0637768683036909 0.143997981880419 -0.0358774657666776 0.119431786913274
-0.0746408373467621 0.142048450714662 -0.0304970420899536 0.0430249251392397
-0.163052496351506 0.104954974918206 0.0144030072911009 -0.040881093851357
-0.202444459091671 -0.0282118608116578 0.0909773122466638 -0.0514103173264136
-0.125148326124133 -0.1722415395479 0.0780970458311157 0.0589515754783671
0.132322558972909 -0.216071021719307 -0.0337410023365278 0.073082708296054
0.272459896883902 0.0218693933767007 -0.0894572744197158 0.0139934871007917
0.199869255502278 0.211133888307808 -0.143735292061319 -0.0639787859389882
0.0658603693910219 0.154460457382103 0.0745457221784957 -0.291797969577335
0.126653732140861 0.0660026958481245 0.0359472799720501 -0.246779437217522
0.103076885967071 -0.054261074342101 -0.0886540310572911 -0.24733171670795
-0.00148247491404828 -0.092417784135245 -0.224667207093588 -0.128080937155274
-0.0731663649313923 -0.0564299139591227 -0.261818297461288 0.0421742541725887
-0.100644480319215 0.00842570773435346 -0.208094204943412 0.172736224877656
-0.0709300488250039 0.068393491764046 -0.124263670251094 0.210011982390862
-0.0445729911064235 0.0893102490347629 -0.058523606910919 0.160950041629553
-0.0557068131480344 0.0916229844038202 -0.0497573802641677 0.0849944557527468
-0.117941414534472 0.0665479251647519 -0.0159272762554855 0.000213727480665348
-0.139122964204454 -0.0357483966877021 0.0376240284530145 -0.0247532005646775
-0.0683754284081811 -0.130773452353061 0.0303973488967619 0.0396345970247035
0.104862228832271 -0.138620902610377 -0.0451558553801435 0.033892171794468
0.18425445890244 0.0226095152052149 -0.0823126349801312 -0.00768167940503236
0.129346117232009 0.130031758559671 -0.167942106134996 -0.122612273074481
-0.020780556347645 -0.0284601013495186 0.173142683502363 0.175087629121556
-0.0481374299710521 0.00122405908424345 0.130160624811737 0.0068615273751747
-0.0414973688968123 0.0304527737084202 0.0499549242416538 -0.031481597765295
0.0079119511293361 0.0515851848491702 -0.0269845550716282 -0.0436260342707733
0.0461431265601885 0.0188201014794059 -0.0146407499937603 0.0272891750100071
0.0395528905710438 -0.0149006603446417 0.0574158046429363 -0.00158520165865577
0.0218572382690404 -0.0241164673776876 0.0715108787583359 -0.0846442816564438
0.0184035973741547 -0.0155086459852028 0.0791491581781825 -0.159567106564045
0.0251481981948705 -0.00783252731099317 0.113767600650999 -0.203218671933027
0.0293238784184056 0.00885397669375095 0.194630563965 -0.170280684632662
0.0183291778029646 0.0312146236334496 0.237552712756228 -0.0600696200118989
-0.00615121524925076 0.0374567426076639 0.206870352495233 0.0866828889247018
-0.0432714646769266 0.016225640512787 0.122012282204899 0.196543740363791
-0.0627287103846601 -0.0200212093840409 -0.000957498859777135 0.242431853821513
-0.0297314094457871 -0.0557944771366994 -0.060600057431901 0.334257137270453
0.0492918979500195 0.0794545435055676 0.169597525996886 0.169330088017068
0.0653182577918336 0.0250003113845629 0.132444892341355 0.0157264130445237
0.0361957209056529 -0.0376666415570502 0.0603691261396048 -0.0473672019536801
-0.0290663492467444 -0.0326301562219618 -0.0323660794286741 -0.0503435230064967
-0.0391660762164233 -0.00256128491564019 -0.0250238188405914 0.0327565293734189
-0.0334539536032533 0.0219068178577417 0.0589954032490216 0.0124253142733723
-0.0173075606110631 0.0404694869483591 0.0795139541794086 -0.075733540325195
-0.00898867311825385 0.0523604333314231 0.0799366439542914 -0.153741887627766
-0.0148149895740233 0.0495906252107422 0.103572246527141 -0.198716418001218
-0.0492482886892777 0.0348732518459114 0.179977031426994 -0.176376067201936
-0.0567133513847665 0.00072991332065655 0.232244495488795 -0.0835314366337887
-0.0305180057574959 -0.0320266769192876 0.211455289195865 0.0622478312907293
0.0261368573160491 -0.0418739675242574 0.142404168726792 0.180376852603734
0.0413353254980848 0.020521776743083 0.0209542958591133 0.239085217790222
0.0280933056591093 0.0606763924987967 -0.0464413910116085 0.331446271801087
0.0970447379516426 0.171414302574207 0.145979124288259 0.139119989751094
0.157657038582777 0.0514618374729883 0.138102239416331 0.0319842196208072
0.109547579773348 -0.0901313664019908 0.0856775058124923 -0.0849518712021743
-0.0508099437808855 -0.111129761542922 -0.0577669088108002 -0.0856839126328823
-0.111495847167172 -0.0308769314698185 -0.0678782371588421 0.0375331340036658
-0.104695379599479 0.0477215172033821 0.0339062404152747 0.0445289576038314
-0.0586497760271239 0.0962168218703488 0.0703199114215694 -0.0427976475180265
-0.0357149904462649 0.112109117981637 0.0690324988824294 -0.123025161667217
-0.0484787350359578 0.102021700386121 0.0815349073485875 -0.171871120357735
-0.11364025646712 0.0636186074079001 0.15009452227999 -0.173839862392542
-0.124737203044072 -0.0190524005713792 0.216743790368285 -0.107683836218398
-0.0642622655105646 -0.0912798053958482 0.217428224597399 0.039425098261701
0.0797903064163273 -0.106087590874022 0.148182041885766 0.169678641617279
0.14309408961126 0.042000052252007 0.0166639312782039 0.221713209096333
0.0951255048371964 0.161411279720035 -0.0451405485841692 0.286489927671985
0.114646597706701 0.23803073994639 0.126244229412762 0.08590229800926
0.214189629350414 0.0798509988634613 0.159499475626842 0.0223150200332389
0.163885263410766 -0.119903224058749 0.098235617299152 -0.151395094769955
-0.0561609136018025 -0.165416500350144 -0.104078394657058 -0.130160258705124
-0.158050794207708 -0.0587744458403071 -0.127815322180212 0.0436378392047976
-0.160186973079787 0.0576118394349302 -0.0111882976228707 0.0837012570580504
-0.0948409689795758 0.133386574388615 0.0421381976573881 0.00610711297237139
-0.0567191769373512 0.155107164506538 0.048034052338943 -0.0732806642940862
-0.0709491511478556 0.141443476831586 0.0518571083830132 -0.127437272535585
-0.156821773801297 0.0909781169639274 0.112827571729228 -0.157847132843289
-0.177948681243915 -0.0248638290071638 0.194600677807615 -0.122578847319347
-0.103448272210726 -0.13390646234125 0.214117886394645 0.0310788104754854
0.11087080735797 -0.170423841427735 0.127128696864856 0.164434251001105
0.22694384077952 0.044373314127463 -0.0133700317635228 0.185574022233749
0.158633797131869 0.230590552491311 -0.0561217833033995 0.20738214863325
0.110941633548829 0.274539693192104 0.11914970801262 0.00690462739492617
0.235001107485701 0.104386516587907 0.174483970403101 -0.0356298683253102
0.191707244266265 -0.122807247439442 0.0719834311802053 -0.222958319625729
-0.046032621496726 -0.188364445613417 -0.160481185322622 -0.157116999020248
-0.172658754883483 -0.0800977293099867 -0.184947339310898 0.0484658647476381
-0.189588545847724 0.0538669355334089 -0.067400622677353 0.118225950612508
-0.11778147671327 0.147577930607841 -0.000263370829051753 0.0626878666237923
-0.0692270227143257 0.174748063391695 0.0202240636770657 -0.00945674575957195
-0.0808062506488924 0.162408496062507 0.0217265710324106 -0.0708906204414805
-0.177770487873719 0.111479231522743 0.0767698068408793 -0.127412370557121
-0.211283406904038 -0.0209873635877558 0.168985687306669 -0.116093985963035
-0.136681024038367 -0.160030551625059 0.189108967011501 0.0429833768957485
0.124655841306583 -0.219474719725149 0.0754685018442782 0.153094112547477
0.280986335398027 0.033217653683449 -0.0558099791017963 0.129800417079254
0.203938802564945 0.259315045436999 -0.0784589385744052 0.111134775017964
0.0993152427808695 0.272354054837147 0.11552187205907 -0.0938616489268
0.224844942441244 0.111441172401996 0.153316775551321 -0.121147266391475
0.188487822556231 -0.107566860951844 0.0148042439425267 -0.26144340263145
-0.0286212606377768 -0.179598903998568 -0.199242458213777 -0.157341749607939
-0.15971169630844 -0.087100072913259 -0.22357276218819 0.0474646905293674
-0.187292504302875 0.0417170137333223 -0.123946530345067 0.142080686539497
-0.119679427086849 0.139469100514176 -0.047513451700116 0.119128602848076
-0.0703495964444217 0.169001043805707 -0.00891699443208904 0.0567926396257979
-0.0813658631741978 0.1613620060001 -0.00529789005973148 -0.0118447484515124
-0.177918378683901 0.116565103223891 0.0436478177675519 -0.0856743691142919
-0.219357754822782 -0.0212818116262101 0.134569201416961 -0.0858682494174324
-0.144288408685455 -0.173637306421788 0.137521110213173 0.0594144701756617
0.131840083196484 -0.236018409232553 0.0109635901747661 0.121340534137995
0.295706869405369 0.0243357772301995 -0.0847427894369841 0.0639134990029366
0.217438771345881 0.250699101754309 -0.107666615784914 0.0164948107270625
0.083478446895877 0.229542746953924 0.103651364840074 -0.197599137981705
0.186279462223072 0.0964848903381945 0.0995700685166447 -0.193763113252659
0.154964385003199 -0.0825262120815996 -0.0407983901731477 -0.259860721612306
-0.0134309459757026 -0.144022615523454 -0.213651710519387 -0.14501811621422
-0.123327044839808 -0.078302091613901 -0.244405744098545 0.0409381294773539
-0.154630432174638 0.0255425311804034 -0.171341153829646 0.156773084597873
-0.101775155792459 0.110549392435896 -0.0904078307029106 0.168108018186987
-0.0613822642609095 0.137703850461199 -0.0363222212113632 0.113966838719765
-0.0731157090574132 0.135818525956722 -0.0299976093117379 0.0417531839475554
-0.157977060441574 0.0990334526448899 0.0127189402264803 -0.0382715182562319
-0.194950403812971 -0.029250302139826 0.0845451597069459 -0.048625682788863
-0.116356355301191 -0.166506505199283 0.0738086767549638 0.0585968259517134
0.129728398382733 -0.205198174739162 -0.0332752279441152 0.0720772494923786
0.26288205285268 0.0243325474019301 -0.0873445628796278 0.0140562673631097
0.188892978504153 0.204719962904217 -0.137248237422881 -0.0619738616861401
0.0610903792703055 0.149789782236974 0.0769574520168088 -0.278298555422221
0.122801153084154 0.0646846018010964 0.0388508998010459 -0.23566108593688
0.0995839000039123 -0.051711810961784 -0.0824063110365389 -0.238023767807701
-0.000892168760789917 -0.0890524520585512 -0.214264641060959 -0.127580899636852
-0.0696560241839742 -0.0548500701792754 -0.251108853317077 0.0376340406835164
-0.0966494558098241 0.00722608856578417 -0.20118362161996 0.165002189502287
-0.0682198625709027 0.0659008735991989 -0.121253365921758 0.200505591793797
-0.0425830788111862 0.085558398428646 -0.0568427363416378 0.154042911630383
-0.0546283387647545 0.0877372227741119 -0.0486507369821024 0.0821293584040975
-0.114274441236706 0.0627596818285884 -0.0162903351411703 0.000583632900091108
-0.13402533596689 -0.0366103485263959 0.03419435565494 -0.0230352300353635
-0.0629982826945561 -0.125780388559449 0.0282933576177938 0.0393324012916842
0.102527767018772 -0.13112832809781 -0.042756201561055 0.0343585127437572
0.17703718698137 0.0237737758448081 -0.079580205785369 -0.00648179558461232
0.122321059030448 0.125436236205465 -0.160105143305394 -0.118444528538502
-0.019308013997414 -0.0298883551768872 0.166927735542189 0.180139515575132
-0.04714058749596 -0.00119246784680768 0.130266675893007 0.00998232422356699
-0.0418256261600909 0.028542175104561 0.0511438100331694 -0.0321953927210292
0.00636936513343953 0.0507507965258239 -0.0261938609847198 -0.0427961811688487
0.0448457275767014 0.0198324500355679 -0.0144964672834018 0.0264612416944572
0.0402429607744391 -0.0138064728554529 0.057973490312594 -0.000663250596360406
0.0225793145379089 -0.0236697782147931 0.0736635153088811 -0.0807167670506299
0.0191993042279891 -0.0149312147797138 0.0824728785691243 -0.15458926735666
0.0251951085501357 -0.00746366762254405 0.116708904570536 -0.196763091988384
0.0285598931046169 0.0092939548235362 0.195684928235956 -0.162122254075497
0.0174407604104253 0.0315355867100981 0.235698809768523 -0.0526216789405545
-0.00735769890670548 0.036714729892969 0.200711248354288 0.0933604230131245
-0.0442724863039511 0.0141513707002855 0.112595190544183 0.197238167155578
-0.0610953335435717 -0.0219937829406598 -0.0113223737308954 0.240514835867027
-0.0268220992997093 -0.0572261236027456 -0.071235966588102 0.328005514105369
0.0464227257110125 0.0781521297866952 0.162730136797547 0.175595207531415
0.0634436065246445 0.0264460545151645 0.132439645705644 0.0191983024740818
0.0373147360804052 -0.0352252905812711 0.0615673022106128 -0.0466895579328403
-0.0273081499104977 -0.0331089408198031 -0.0318344697513049 -0.0514938444143017
-0.0387025683504923 -0.00427554900213162 -0.0259817445591218 0.0314957828786955
-0.0336392965676335 0.0210793347824199 0.0592516277468281 0.0128664892084966
-0.0174504515604689 0.0390046210793264 0.0805556826304051 -0.071694002273734
-0.00950445448057139 0.0509198692537907 0.0834157063308773 -0.148796213349708
-0.0164243546595183 0.048695336892696 0.107204846007613 -0.191802834768695
-0.0496506557913747 0.0336916304522965 0.182016791656942 -0.169550240628903
-0.0560046467090892 -0.000478082909722739 0.230893695402511 -0.075559336771466
-0.0292793696631478 -0.0331756047801903 0.206529572241118 0.0693540900503431
0.0270524032160285 -0.0409740859308858 0.133882250323347 0.183184697811437
0.0408491161713049 0.021000445451926 0.00938901286804877 0.237525679222698
0.0263088626249993 0.0599300826054859 -0.0586483398405684 0.325918433057269
0.0900984393027942 0.17154206661232 0.140998133510961 0.144576608902005
0.154051715113491 0.0571333681051914 0.136742297679582 0.0358273536692556
0.112080997671678 -0.0848265514292359 0.0874167876664647 -0.0832675874719194
-0.046068667540332 -0.111029713014559 -0.0537044095820936 -0.0874681654704551
-0.109397366908427 -0.0348186026247058 -0.0679377986802353 0.03489644113788
-0.104771506751833 0.0439949601871275 0.0339857819916689 0.0441415061365626
-0.0605590563011701 0.093079589780673 0.070482853595015 -0.0406463288977353
-0.0367586194292444 0.108674894944191 0.0713018116680422 -0.119705437593167
-0.0505603911237581 0.098776255211563 0.0839607220561646 -0.166241858282398
-0.114468363766664 0.0602050243914341 0.151226755252636 -0.167055478131559
-0.123474630292277 -0.0216761470922546 0.215519334047845 -0.100381099998241
-0.0605328321447194 -0.0920490035677492 0.213104712155339 0.0478720558292314
0.0811547860866239 -0.103266781498257 0.139570405372307 0.174000405577976
0.141195540704413 0.0452474629957497 0.00630694352115069 0.219925292767623
0.0895905888118518 0.162111631967462 -0.0548782918753362 0.280848985415176
0.105335227717739 0.238010924984457 0.122762228395722 0.0920360835374132
0.209704552025506 0.0870357579708249 0.157802957677963 0.0278474149446851
0.166426158346644 -0.112981890587577 0.101710374788359 -0.147538206621962
-0.0500199585789491 -0.165268619433051 -0.0985090376020189 -0.133733428529536
-0.154899456159805 -0.0636270538088402 -0.128554191943037 0.0390709959115567
-0.159204987870984 0.0524268892480767 -0.01170945003273 0.0812893960270122
-0.0974231588189997 0.128941032155092 0.0412901391425277 0.00703854339909359
-0.0583396858579208 0.150583423483767 0.0490297170996899 -0.0709101528603416
-0.0736323510489433 0.137380131344418 0.0535739159273154 -0.122948110805247
-0.158547559386803 0.0869578457952976 0.114501983876387 -0.151781762082523
-0.176657119725121 -0.0284774143130404 0.194774776448784 -0.116062344080819
-0.0978119258260876 -0.13541149052205 0.210120278065405 0.0394821341713321
0.114407372881562 -0.166387692420395 0.11899343755185 0.168080370666835
0.225270655917544 0.0502190146021821 -0.022488510945602 0.184225717099024
0.150159263394067 0.232213857043565 -0.0637603874113802 0.203718976491737
0.0998370104301695 0.27462074095969 0.118466021570715 0.0144453491236985
0.230271104366601 0.111532061966644 0.174679799628999 -0.0280815271339942
0.193809546797741 -0.115660101438056 0.0781066749063917 -0.218506253460645
-0.0383542901165454 -0.188094490333297 -0.153018655736922 -0.161934826655939
-0.169101351789119 -0.0848924035315326 -0.184535918451395 0.0418128384769374
-0.188506741728512 0.0487629987738201 -0.0684975175972254 0.114078034030493
-0.120067955273233 0.143014379172748 -0.00195988138115242 0.0617534615256808
-0.0714148000409731 0.170220483717045 0.0197478997553181 -0.0089726756116511
-0.0847535971895618 0.158128007875679 0.0229186184374242 -0.0687902464430634
-0.179378688904445 0.106299475919064 0.0778469277712526 -0.123522052505976
-0.209761648624987 -0.0263326820885632 0.168282501708535 -0.110921042659525
-0.128946357943513 -0.1623630809582 0.185120299742834 0.0500132206224621
0.130322859454231 -0.214014800384713 0.0685700585371061 0.155766246873718
0.27864075172586 0.0411496989460534 -0.0618410949135245 0.127913005366742
0.193613796825251 0.263021400142343 -0.0821710673651798 0.107146480977672
0.0895728551316755 0.272758645128069 0.119287906077712 -0.0861919572709805
0.220983361229606 0.117513955829336 0.15720532928482 -0.113213382911354
0.189764170173512 -0.101349856324056 0.0234712377711078 -0.257916156655249
-0.0226105473870553 -0.178690771073801 -0.191632676384869 -0.163898999619692
-0.155431480833734 -0.0914855741942677 -0.224356884145979 0.0392503925253199
-0.186622795530291 0.0368845234518871 -0.125399830538772 0.136740213094497
-0.122182068834295 0.134783886883824 -0.050587232765689 0.116374983362659
-0.0729088597466243 0.164474506711221 -0.0106211862994594 0.0557252337085259
-0.0853680660554582 0.157068273618338 -0.0055601725715619 -0.010543391431067
-0.180032263833939 0.110376863587948 0.0446668964324046 -0.0825830393250398
-0.217689533041429 -0.0276216376072904 0.132283987739571 -0.0808070282285318
-0.13615214651416 -0.176784265612527 0.132764216726085 0.0651270271543318
0.138356696638559 -0.228920809086321 0.00589908105846008 0.122069731340457
0.292667648498566 0.0339174979675863 -0.0872713431682397 0.0617356061563919
0.205709019281192 0.255189684652075 -0.107557152451068 0.0136682277810787
0.0750817081076546 0.22936406268928 0.109546281013938 -0.189886041617626
0.183264829144487 0.100986622989695 0.106138432695695 -0.186790845157438
0.156278923264429 -0.0773969033949787 -0.0328240540432159 -0.257929637513209
-0.00907267616329462 -0.142650588443339 -0.205528525692012 -0.151959494440892
-0.120133129459879 -0.0809436120622833 -0.243599027846341 0.032265914760305
-0.153674974917061 0.0209931649587932 -0.173704937564216 0.149965296005802
-0.104111462984386 0.106989146577211 -0.0939520675188894 0.162776657869189
-0.0628187281874433 0.133831040630869 -0.0395774195531032 0.111960444095429
-0.0765104865988997 0.131934766006169 -0.0303298671275517 0.0417430903356498
-0.159356674685568 0.0944731715214398 0.0121486952062382 -0.03661535998355
-0.193045479602731 -0.0350532968492923 0.0831589439480849 -0.0455279101236228
-0.108650057831955 -0.169124237831481 0.0703290383090536 0.062186649056169
0.134596201995466 -0.197805510423466 -0.0346817037302741 0.0720401189918373
0.259072676016973 0.032351061555953 -0.0874346831725611 0.0124735350958631
0.179369969597666 0.207256863575904 -0.133611371093486 -0.0648103955804636
0.0558856395926654 0.150277480992644 0.0861233124553751 -0.271266231406761
0.121272026473241 0.0670993202388877 0.0472414750619338 -0.229525858680458
0.100169209919635 -0.0489236149942499 -0.0745558125802292 -0.238068818573637
0.00195919362251028 -0.08778196892573 -0.208124824521593 -0.134186127768172
-0.0672095842451393 -0.0562885640604309 -0.250104561227555 0.028605197435356
-0.0960070140531576 0.00507825812318927 -0.202580893754633 0.157204765621954
-0.0692404340294171 0.0635363691856187 -0.124425263603108 0.194701320000914
-0.0437292861776205 0.0826877642859213 -0.0606568975691072 0.150658390762109
-0.0571711672702436 0.086225025543571 -0.0504749609865055 0.0806682597490254
-0.114849830881861 0.058415267745666 -0.0178988538749538 0.000235778174141373
-0.131773768569263 -0.040863425095324 0.0326254289731026 -0.0223280485358224
-0.0568812463320689 -0.127351612098583 0.0266174451720945 0.0404013577468159
0.104627732029019 -0.124207102276417 -0.0424793001238079 0.0344421726110012
0.174050552877477 0.028782335520188 -0.0794283828037942 -0.00795687183025942
0.11589691790916 0.126370359500412 -0.153908990213751 -0.121611814923058
-0.0185648973563459 -0.0320884956412905 0.167365639340096 0.191153072081432
-0.0483932528838201 -0.00332878695797783 0.135146832272069 0.0122191019863516
-0.0435155815849321 0.027852458434428 0.0529641829908269 -0.0344540745946957
0.00486510975991476 0.0527407897086221 -0.0268986866218264 -0.0441136790368102
0.045279307105631 0.0212820147512261 -0.014865881218795 0.0262705168238578
0.0411216432026718 -0.0132415802871224 0.0610580648571812 0.000200687733575343
0.0242666101286868 -0.0237807316021575 0.07807582845275 -0.079723584738525
0.0206287786398585 -0.015694074899443 0.0883650198152206 -0.154947897041225
0.0255593637316201 -0.00714967671216049 0.123729286084234 -0.197460830054411
0.0286631862157493 0.0109461442664483 0.203446019544668 -0.161195721357657
0.0171505321994897 0.0326615546502575 0.24188827056142 -0.0465233319783808
-0.00912600613149251 0.036864135417838 0.203078839018653 0.102609578251496
-0.0462907583204579 0.0126116319505035 0.108265884751383 0.206487417635396
-0.0620330547104108 -0.0244172585949652 -0.0213781644651517 0.246382261022668
-0.0249778061468941 -0.0610485519968992 -0.0848960302682254 0.332770959106986
0.0446393150156352 0.0808404138861673 0.162395897775875 0.186662098269216
0.0642465673783263 0.0287013360956572 0.136467634131466 0.0234859753550103
0.0395163727698033 -0.0346153524977112 0.0643039249391809 -0.0485408600299449
-0.0262841833266853 -0.0347447602098013 -0.032193778142693 -0.0536858615483532
-0.0397275833674002 -0.00629256615833181 -0.0273343227957349 0.0310553993184819
-0.034595831140557 0.0206078040294843 0.0616178504797853 0.0136698987967195
-0.0187536146732474 0.0397822104682646 0.0850469666090816 -0.0716011818792891
-0.00962805681563608 0.0511457026298744 0.0889529137031607 -0.149781165164566
-0.0175850714224787 0.0485706657184775 0.113890684521015 -0.192294956889734
-0.0521397516807085 0.0335011822837148 0.188976153616256 -0.168489559021841
-0.0576107150973026 -0.00141280622803677 0.237020317571965 -0.070712428202108
-0.0293506714015311 -0.0345192701095922 0.208848023723941 0.0789863319438727
0.0272662141547433 -0.0427941523408296 0.129985096091044 0.192440289350715
0.0420695635269816 0.0219327775980876 -0.000107505946034182 0.244827811742033
0.0265751087370061 0.0614839965070782 -0.0705554276810972 0.33126664288642
0.0861639655703119 0.177388006308172 0.141305971061971 0.154971554507638
0.156135892746839 0.0634301846183452 0.139706169009341 0.0419799906972649
0.118400444811148 -0.0834338223697645 0.0914302277505739 -0.0836691901041727
-0.0428126042375132 -0.115022879499865 -0.0534594855523116 -0.0918956711693404
-0.11175349989269 -0.0401212179595082 -0.0715227346177626 0.0340755005444931
-0.108850788407482 0.0426269352193808 0.0351833578723805 0.0450677828524062
-0.0640403913279061 0.0940315170853176 0.0731976020102263 -0.0401018644719525
-0.0393754287561984 0.10954357543026 0.0761425517820171 -0.120296460769022
-0.0545375012067666 0.0995909710638295 0.0888469905315477 -0.166973627798761
-0.119192407635707 0.0600987297840506 0.157981040989388 -0.166975450945374
-0.126336511567408 -0.0244419982927222 0.221833830890911 -0.0972507756667285
-0.0595613503809427 -0.0959209402432634 0.216104169391488 0.0567343651556141
0.0853757814127755 -0.104940435908593 0.136514692553581 0.182827330242577
0.144738718378297 0.0493962045492354 -0.00262869275059282 0.227341019905773
0.0875574285523772 0.168155498231867 -0.0665037068758596 0.286512783281123
0.0996162419658499 0.246656618874085 0.124718153394548 0.101547347573264
0.213003949667234 0.0961576063482257 0.161801728539525 0.034476590143506
0.175416289663556 -0.109872432370197 0.108802170646377 -0.149052184385885
-0.045242646092851 -0.171636926234629 -0.0975467856181715 -0.141048711619302
-0.157402759628992 -0.070455294498398 -0.133403768789211 0.0356496838984308
-0.165789339344234 0.0495155775766838 -0.0132412164076348 0.082044032552728
-0.102899960747615 0.130217521193325 0.0418574373101359 0.00765187615830737
-0.0630131251083467 0.152111396257343 0.0511629091410231 -0.0709002406864529
-0.0791563954829323 0.138411323101515 0.0576776713398314 -0.123226930137596
-0.16529031927092 0.0853584051454162 0.119844929182608 -0.152021006642873
-0.180608805697626 -0.0333561572770494 0.200206024950485 -0.114361373587822
-0.0957600463503293 -0.141245822074334 0.213622784794091 0.0493446857210053
0.121978896647158 -0.167954449556519 0.116001650361982 0.17727142493438
0.231045466844555 0.0569206632201345 -0.0310314781608071 0.188919568019326
0.146870700423628 0.242997992024054 -0.0723146813516268 0.205991382644096
0.0935708148684772 0.283280319543976 0.122062936434968 0.0217336954705538
0.234364470680176 0.121782213146066 0.181861358404527 -0.0207000597049768
0.203693627837588 -0.112864820669685 0.086371477746118 -0.222417090445004
-0.0336148417584997 -0.194354535570177 -0.152284277766365 -0.17233542475426
-0.170848946674136 -0.0930275673033375 -0.192078264352153 0.0367431898483291
-0.195112837364151 0.044890539482043 -0.0725594431441526 0.114175891737663
-0.126440426108816 0.144200266078583 -0.00323567604398628 0.0620935101125378
-0.0768117842229754 0.171674669426319 0.0200547577990655 -0.00812692912073169
-0.0908881187564085 0.159133882006949 0.0244128316166894 -0.0678614430016436
-0.18708242401028 0.104572175890056 0.0817000618254569 -0.123289298190014
-0.215939037107124 -0.0325351914029688 0.173452521186839 -0.107993074623435
-0.127103599027487 -0.171025822256007 0.187597113237827 0.0587464240965475
0.139848658585959 -0.216619817784275 0.0651269569870053 0.162450840113186
0.286666978517041 0.0505027060670911 -0.0693693841646192 0.130139842719977
0.190166394685716 0.275072257611864 -0.0889383596271482 0.108038613048358
0.0827738464386164 0.281091740389759 0.125981293339856 -0.0820936626204165
0.224725817806705 0.127020882433705 0.166524587445589 -0.108538500139413
0.198619470638874 -0.0985933884856095 0.0313371248026576 -0.263292789567663
-0.0175295105920489 -0.184255369781931 -0.19187420874857 -0.175123509643228
-0.156823299904818 -0.0983043872267937 -0.231885060012708 0.0334482181186826
-0.19217583513905 0.03271296415892 -0.131912532012839 0.136392761223341
-0.128238504915829 0.135044538557346 -0.0551911069196728 0.117057253924938
-0.0770565433470675 0.165834767848417 -0.0127096325220481 0.0568419646095809
-0.0918793662748745 0.158320985998939 -0.00561823325478292 -0.00979958274542002
-0.188525991529052 0.109694918378493 0.0465749528197223 -0.0828309793383763
-0.224140080768302 -0.0344239094942378 0.135495410331535 -0.0794075387724418
-0.133573118012227 -0.186097879216581 0.133842405564597 0.0733297953376948
0.14937477490321 -0.230790772745833 0.00173042138057678 0.126677881422275
0.30092804083188 0.0433160686741626 -0.0927311455942354 0.061692278728556
0.202666363144083 0.267165514010541 -0.110891232170871 0.0108536679197835
0.0699790126142416 0.237007230467487 0.119603884705517 -0.188773233787808
0.186267000676521 0.108263806258058 0.117065800682462 -0.186054018641755
0.162641013267952 -0.0752544558004 -0.0249187511497806 -0.265290399618102
-0.00489849558768576 -0.146736710386799 -0.206908212020957 -0.162848022905377
-0.120730723496211 -0.0865238348226175 -0.251819699478377 0.0253608497242771
-0.158080285296314 0.0178130162410087 -0.1806746380802 0.148722353661535
-0.108337223275985 0.107001396558334 -0.100461337265172 0.164010007514109
-0.0667394864935787 0.134632743126007 -0.0432655666903279 0.113524728031451
-0.0820072009250549 0.132960762376071 -0.0328766601669312 0.0435733728129623
-0.167079037926358 0.0922966954405712 0.0120840920829986 -0.0365549377660837
-0.198179224251466 -0.0422633918995537 0.0836799220180751 -0.0446008650178193
-0.104394656680511 -0.176724439373578 0.0696832513199716 0.0668790693597769
0.14473388844944 -0.197339285746395 -0.0375602428313003 0.0741763583739313
0.264862519858626 0.0412981667597803 -0.0909452387255641 0.0121001987167402
0.176273446663255 0.218007029277871 -0.135097714401846 -0.0701527428939366
0.0531321569073227 0.155556587982841 0.0981190342900657 -0.2740367557853
0.123744112212302 0.0721849344516857 0.0571246368075028 -0.232918547306348
0.103692534147025 -0.0471570067661469 -0.068368451478086 -0.245522909747561
0.00470134795716648 -0.0901611664199213 -0.210294467651641 -0.145609018764738
-0.0671876657858626 -0.0600436327671644 -0.25841989651676 0.0218050745633347
-0.0987305278528366 0.00256121061322663 -0.211362220018958 0.156392585752928
-0.0717884267980952 0.0637982554724039 -0.132195530988422 0.196558703843748
-0.0461766467139829 0.0824509510540062 -0.0663700677480065 0.153188143527746
-0.0608190702361694 0.0870726874821826 -0.0539504242615744 0.0817784826596411
-0.120010550260028 0.0567553441147727 -0.0198736478599425 0.00133440460465847
-0.134623982637938 -0.0462824173231405 0.0324245543689755 -0.0217395580739602
-0.0523301535253623 -0.131627358404913 0.0260000896083996 0.0433436327716498
0.11095351787323 -0.12335968981408 -0.0442170565839159 0.035622854897556
0.177580475464049 0.0345005517723996 -0.0819074363632728 -0.00853839870054775
0.114274215307827 0.131524593508695 -0.154223588858856 -0.128476733389429
-0.0200775985028214 -0.0347796539390904 0.177022312331591 0.204134587015463
-0.051297193702915 -0.00434544717125258 0.144727166934811 0.0123665012431316
-0.046212646800255 0.0297507661326731 0.0564852111703773 -0.0386916691561181
0.00489018879560014 0.0559677577664236 -0.0298185740132955 -0.0465666704932336
0.0475746527037136 0.0219675136810942 -0.0148018590151094 0.0271105519666719
0.0442464726995355 -0.0137801733612456 0.0655601808068936 -0.00237351094181805
0.0257209141354403 -0.0252308724768864 0.0831350182405981 -0.0836169772799749
0.0220391016692223 -0.0165324476935757 0.0930212713535029 -0.162648694697061
0.0268456969982494 -0.00756431288184373 0.129733941241341 -0.207409302434319
0.0300580832855228 0.0114627857464283 0.214031183992056 -0.170348393819074
0.0188470669383518 0.0338891981435245 0.25459385028667 -0.0495188083432767
-0.00991782987446212 0.0388654036960269 0.2129289561772 0.109523733552841
-0.0501394424347976 0.0127835000440651 0.112461279621596 0.217979499914833
-0.0657970512343009 -0.0262333653016582 -0.0263618172892867 0.260705698693931
-0.0252182151697836 -0.0654249967398698 -0.0917787264402349 0.350420892729998
0.0463941989845978 0.0845770047957842 0.172497030790489 0.199687099907211
0.067603590590346 0.030501813527652 0.145650961601096 0.0240934293166017
0.0421688407020923 -0.0359147774946704 0.067921359977126 -0.0533195986701939
-0.0270988731459003 -0.036290066344241 -0.0346458801254966 -0.0572634306252429
-0.0423452983890556 -0.00699723395872707 -0.0289510175790813 0.0331102808968805
-0.0365734344462406 0.0213331392571808 0.0656803560389951 0.0123718398386309
-0.0196437903506691 0.0419103812579288 0.0903680258049482 -0.0747533524373109
-0.00981911775298064 0.0529391668973787 0.0931519492345301 -0.156997622776152
-0.0194084870071327 0.0507487810604994 0.118817246643415 -0.201563071980614
-0.0553154812496815 0.0362592946173418 0.198656606725683 -0.178201863434272
-0.061020577726327 -0.000981399361239418 0.249295204577287 -0.0752906937991412
-0.0307181485704362 -0.0364261786982946 0.220105072631968 0.0847052364848074
0.0280063282843448 -0.0456650861465605 0.135958707065636 0.203569425705039
0.0452422563752613 0.0224174645854073 -0.00348212201772604 0.259473144783313
0.029215831448139 0.0642545924365956 -0.0766597228629128 0.349290558159924
0.0898812580198031 0.186586343290869 0.150428160837953 0.166475886579373
0.164499569861857 0.0680245327366223 0.148812870887047 0.045191319287314
0.125411559341766 -0.086711474861334 0.0968108757488586 -0.0897181130732431
-0.0439826072432327 -0.121848414734642 -0.056425544399787 -0.0976552945902228
-0.118365877244382 -0.0423225640306887 -0.0762455660608991 0.036549413043109
-0.115044809968428 0.0445473234068902 0.0376945059462761 0.0460083524499207
-0.0670796782118491 0.0993422352097697 0.0775061468487438 -0.04216937281202
-0.0411827543438549 0.114695979440334 0.0799092718247327 -0.126359779657514
-0.0573745973988378 0.104747792264639 0.0926295215790092 -0.174093042754098
-0.126187008783299 0.0639008731235604 0.165079145085413 -0.175685123021329
-0.133907303848037 -0.024571726725074 0.232446769026723 -0.103548362640457
-0.0627173025696025 -0.101082836944859 0.22745822382001 0.0621159136035751
0.0891895741320844 -0.111656796618978 0.142146079938049 0.194864253838746
0.153952985926336 0.0516072521406343 -0.00671771061346281 0.241032541700461
0.092916950008964 0.177466129795024 -0.0722388198915067 0.302120896685042
0.103945607751782 0.259530940185415 0.132490500624681 0.109794662713809
0.225289501810921 0.103037361051582 0.172313966336155 0.0391291146939214
0.186695498683748 -0.115607819259251 0.114926399492426 -0.158175266327631
-0.046933378328694 -0.181358229561333 -0.102666700107091 -0.150412638899669
-0.166781524957182 -0.0751344417484857 -0.142217316811481 0.0386328823786798
-0.175068691279444 0.0527312675985922 -0.0126764517798956 0.0851443504320688
-0.107866643005775 0.137490084794439 0.044197915516032 0.00735178690249688
-0.0654549897836141 0.159736988219566 0.0536402667909249 -0.0743335257562056
-0.0832633731150239 0.145393289024908 0.0595203660928976 -0.1277819475418
-0.174553639915474 0.0921607725047431 0.124739426504115 -0.160070853736493
-0.191783762574799 -0.0333047929685595 0.208724239268254 -0.120991204779641
-0.100956576712655 -0.149676809312326 0.224702951554267 0.0542143002163822
0.128665233369296 -0.17871388928535 0.120953539550575 0.18876586099736
0.245876210192216 0.0592720125327686 -0.0360403340362597 0.201841120791223
0.155415500585118 0.256645795338529 -0.0778555059786973 0.217537135547963
0.0965672535444568 0.298150327584889 0.130691821720964 0.0257915472650878
0.247513653585882 0.129389817937052 0.193584240050607 -0.0195674588680426
0.216566722276678 -0.119028736240776 0.0920362515649305 -0.233975293823112
-0.0349997894318618 -0.205423790885194 -0.160273443479519 -0.183782433916431
-0.18197205123307 -0.0985605712756776 -0.203868548735119 0.0392235471958795
-0.206877808813642 0.047947147823527 -0.0761075543665023 0.120311024788572
-0.132874595159476 0.15264840557638 -0.00424238733453479 0.0655161630913366
-0.0790732834990716 0.180000193579172 0.0207697579033119 -0.00830258879010599
-0.0958246806076098 0.16855869913096 0.0251585369302223 -0.0694633360666424
-0.198321060183443 0.112449586886214 0.0845637841984547 -0.129394202395357
-0.229376699530285 -0.033108194856197 0.180201128936578 -0.114375371819799
-0.13349079293744 -0.181463590567267 0.197402821179733 0.0655340330053945
0.148800107547478 -0.229307829075811 0.0663924837253908 0.173680121900312
0.304283765456081 0.0524400882088101 -0.0753233800773239 0.138890620249306
0.200296204189442 0.291517743376558 -0.0946064877345399 0.113679060443175
0.0857504036561226 0.29718920900657 0.134941755987621 -0.0832660998935618
0.238540860280049 0.134444690997175 0.178202296332241 -0.112117347622663
0.210639394487672 -0.104572751017295 0.0342070211953728 -0.277045534743244
-0.0186995387564803 -0.194868692645116 -0.202490785124929 -0.186830369027177
-0.167055332415523 -0.104888088605504 -0.245582794325473 0.035564046100646
-0.204029402681563 0.0355378505494423 -0.138191781804198 0.143618172762665
-0.134814189496569 0.144110213590775 -0.0573987956898729 0.123335640977145
-0.0798745182780895 0.173969569827359 -0.0132715291345383 0.0605594564737596
-0.0972259248542839 0.167566366160436 -0.00640253226005675 -0.00848599490809419
-0.200011868577214 0.116407985046915 0.0473382694044658 -0.086014724213414
-0.237987714010796 -0.0364364096690256 0.140177074369728 -0.0840959274187959
-0.138502511077484 -0.197865006172831 0.14055271122794 0.0796948007589979
0.158831130466772 -0.243574344397754 0.000540201092922044 0.134809344451858
0.319377042587004 0.0466523777021255 -0.0987521871490922 0.0661556276603131
0.212044275636465 0.281951940021271 -0.117254630020541 0.0112649998686123
0.0728174684342941 0.249683451991823 0.127864082148621 -0.196653427065277
0.198234212675421 0.113775605719208 0.125856050647268 -0.194239750155666
0.171394300372666 -0.0802866052360642 -0.0255434898225854 -0.278649358304801
-0.00476028226489307 -0.155152908881906 -0.21898596426223 -0.174527515827052
-0.128040223737852 -0.0916699133425983 -0.267034727767875 0.0264572280182635
-0.167644692818475 0.0198103557220235 -0.190207243781567 0.157253695980743
-0.113573384524924 0.114236679169953 -0.105654972522771 0.173454220106262
-0.0690579093142807 0.141114620103043 -0.0453418623123308 0.120284325046086
-0.0867788799170782 0.141524578137868 -0.034249196303881 0.0469250152529863
-0.17784799825931 0.0982488396328805 0.0106564754881103 -0.0373351166101828
-0.210944840576295 -0.045041973924187 0.0857201513810593 -0.0470875096356927
-0.107389975638164 -0.188219239727021 0.0734584329241896 0.0723170112446073
0.154083544007188 -0.206986662682409 -0.0393262897147394 0.0791273311423009
0.280866636833054 0.0440027585618743 -0.0969892130151205 0.0140292014417496
0.184143237683437 0.229767937319086 -0.142267589999077 -0.0740146155340736
0.0550473319230252 0.163890504034396 0.105377796522169 -0.287321699480561
0.132008364785698 0.0752213050680531 0.0639541909152612 -0.244215218805486
0.108627585187049 -0.0504857760733778 -0.0713714947460229 -0.258427804682877
0.00523438937236611 -0.0952951169836813 -0.222285979207498 -0.155171160340572
-0.0708840175823827 -0.06401725251169 -0.272942634600327 0.0230097617037313
-0.104741420649599 0.00338096069323698 -0.222429034792209 0.164782416073702
-0.075404876425402 0.0672911033239614 -0.138568111136796 0.20794080928827
-0.0479431323314212 0.0869550788123393 -0.0697138925883786 0.162501666599375
-0.0639766514751546 0.0919538389384245 -0.0572254244138002 0.0875545823401276
-0.127906645251986 0.0603895411631667 -0.0226164229515277 0.00206452871812543
-0.143021385158127 -0.0495728958526776 0.0315119893579869 -0.0230205458499364
-0.0529580240228711 -0.140229366007139 0.0268663588197728 0.0466151420589143
0.117505948319865 -0.128585925168578 -0.046020945437195 0.0397784651106283
0.18727562130575 0.0356306814609002 -0.0869856625111836 -0.00733215733916575
0.118575946661358 0.139058541456812 -0.162136743663167 -0.134761238782834
-0.0306538945219514 -0.0334463275064357 0.228781761015345 0.185951780425013
-0.0566263077451513 0.00340061330035659 0.159117966592882 -0.0147710231906243
-0.0449111084088004 0.0397116254843743 0.0538670185924245 -0.0563889947942781
0.0142237856450606 0.0584511414188894 -0.0407562055169878 -0.0453819904520922
0.0517520465701106 0.0163263453183786 -0.0131359948811592 0.0309830410213387
0.0441084903892935 -0.0211084595447157 0.0667100496962391 -0.0153710054638567
0.0244279377652646 -0.030613087859731 0.0734928712944942 -0.103314029456966
0.0216826083869172 -0.0213907417392273 0.0702158753439843 -0.183659405713136
0.0278191359541839 -0.01232621126518 0.100904574011677 -0.236639393303245
0.0332363665773191 0.00897805461832457 0.194120698489277 -0.212979231773327
0.0238433515091963 0.035290508678655 0.259632036952823 -0.0925343689234457
-0.0062590824007115 0.0409161496312084 0.243426438052779 0.0813580810913221
-0.0507740251690808 0.0215852141490927 0.153514304791246 0.211897076539979
-0.0717361092073044 -0.0188380334397133 0.0117521080596429 0.279864088609989
-0.0337249311410259 -0.0666366838535568 -0.0441071664318198 0.382235573628299
0.0603448912233444 0.0811750168109805 0.21207664165883 0.179667523701413
0.0742031237152879 0.0224042633385286 0.156227255251198 0.000728596699323298
0.0390768363136715 -0.0431138997973317 0.0604007356480407 -0.067494328421577
-0.0322890675477157 -0.0341328666045489 -0.0459470561851469 -0.0515851635232784
-0.0465098571907957 -0.0012988805816134 -0.0216673094874745 0.0409213046071809
-0.0358371378403805 0.0285024534399522 0.0736905938932714 -0.00147684160188876
-0.0133967720649485 0.0463944333276995 0.0834469213978252 -0.0970786364643642
-0.000730815693872048 0.057017754488629 0.0713663216921099 -0.178009525752016
-0.0102550053431024 0.0561883028538415 0.0908666074489472 -0.229699124778461
-0.0502729545164094 0.0494031429481705 0.177670175438318 -0.218632553557596
-0.0639618829795753 0.0122104561909329 0.248941896448442 -0.118565622932394
-0.0398321916307191 -0.0336468555599768 0.245979010497078 0.0560824609804965
0.0192386719342215 -0.0524621773846808 0.173405026000901 0.192826044473953
0.0503532333929593 0.0135429823907375 0.0362375839814727 0.272034720715665
0.0424943259465438 0.0584193506658817 -0.0286383601580925 0.380372181575622
0.125358604335684 0.182198321937355 0.17331532447685 0.145372579304466
0.182970915967562 0.0480966404977822 0.158681764379535 0.0234990483300916
0.119313445230817 -0.10904851391162 0.0825767373033287 -0.104825753112139
-0.0610493694745653 -0.121595962622847 -0.0748075630510372 -0.0869055052889702
-0.131100815415459 -0.0282736968143583 -0.06786137246269 0.0535816909426118
-0.114183600908471 0.0644218187482846 0.0532021395267137 0.0365246712514506
-0.0542470699507269 0.114506764365124 0.0773622984052654 -0.0615063771483029
-0.0231994402603397 0.125994959884424 0.062034218781664 -0.144458515583112
-0.0410134465688279 0.11836714587812 0.0689070305119784 -0.196144974388499
-0.119423760600483 0.0902456829196517 0.143917070827899 -0.209789104529906
-0.142789223403071 -0.000231767065921943 0.227541721889978 -0.145242682899163
-0.0825141480640251 -0.0962223115310138 0.2497644198117 0.0327783660911535
0.0720660313123171 -0.131299612667117 0.177346146171318 0.182364690127889
0.167782870991349 0.0260546442378577 0.0311590188143858 0.251318615651093
0.126125491456735 0.165706340667057 -0.0292799843908104 0.329536867546204
0.153854790445563 0.257624212737769 0.138921977064527 0.0847520341812441
0.252622747901942 0.076230505038058 0.178524387740675 0.0140763456095158
0.179792524719337 -0.149012083086725 0.0877974822673865 -0.175524933661555
-0.0719430874448906 -0.184196950156912 -0.131938631689242 -0.129789747980179
-0.186836750867444 -0.0562143776394813 -0.133707386886907 0.0697961781486494
-0.176017127845802 0.0824590632802807 0.00925356996290874 0.0872185245715129
-0.0913341567443037 0.161067461960394 0.0531742350200566 -0.00313024425604329
-0.0416436512000758 0.176319843533646 0.0435295592418281 -0.0868988281148485
-0.0611062046522464 0.165038035968331 0.0416180683131261 -0.142059978182009
-0.165117588417845 0.125915272508549 0.104338284657665 -0.185252787604062
-0.204573232510851 -7.94358014802096E-05 0.200897821616807 -0.159780088454078
-0.129224328926387 -0.14131643184524 0.246393202319254 0.0268117130541264
0.10176864200103 -0.2070036898195 0.152397944337266 0.180577464702038
0.265035641008759 0.0195867145290086 -0.00592764780040469 0.212580469898742
0.201918638397567 0.238585398473388 -0.0483738998822407 0.242015382149849
0.154906299483458 0.301094893541597 0.120310374891247 -0.00701892950072026
0.282141156859212 0.101168696146804 0.190008306200296 -0.0513509429574995
0.211255929751026 -0.157678407933299 0.0492101118793652 -0.250401630749844
-0.0624627832718804 -0.212326395061898 -0.198964205272803 -0.153182248710236
-0.205246018369126 -0.0789913240648838 -0.196837784501958 0.0825646134554588
-0.209644293750999 0.0826832089760426 -0.0490238042191378 0.134397056622256
-0.115103202233496 0.179869244533774 0.0128525040843753 0.0669861937323652
-0.052987793801661 0.199884513924617 0.0204695452100607 -0.0126231654800208
-0.0709827796265373 0.190783423676172 0.0157134422931933 -0.0761329866300133
-0.187311254572091 0.151527253721573 0.0673960614382322 -0.146717330668469
-0.243774973295354 0.0064502179846569 0.171989575084905 -0.14856799893992
-0.167019566607509 -0.16998198850191 0.220118650160271 0.0424060842801976
0.114948986633522 -0.263220941003444 0.0924764954938717 0.173610795669414
0.324408508301022 0.00458774106701939 -0.0573958819641065 0.151642930784744
0.253026736691434 0.268396676387226 -0.0813800026311161 0.135305597938829
0.143564202524126 0.302528721835856 0.105511103147266 -0.123082202738235
0.274207463872423 0.107631042056547 0.158610639110695 -0.146723902199654
0.207692583404792 -0.142378972753048 -0.0200341186491673 -0.286896716479783
-0.0448407773096867 -0.20340285140449 -0.244687128711454 -0.148640251525074
-0.190776545980771 -0.0879076430912759 -0.242751944102227 0.085959671061214
-0.208804821388369 0.068473785581049 -0.110906094909585 0.170995754253129
-0.119233928449249 0.171052461342293 -0.032915757956822 0.139684074847433
-0.0556947622858432 0.19254798273194 -0.00389835877238871 0.0644007313363423
-0.0730776975578811 0.190260028650502 -0.00735191458914591 -0.00648381279864747
-0.188853773892464 0.155192213864921 0.0352531170480946 -0.09492321107306
-0.254257238962391 0.00351330547156478 0.134814984213248 -0.108585414667602
-0.174286159564233 -0.187161140435538 0.161370711681728 0.0673256943426
0.123869195948986 -0.278980187451643 0.0163663138585748 0.143680808950256
0.33831511656551 -0.00342127019729537 -0.0931625685063808 0.0789099442613678
0.261689995578205 0.257415657421324 -0.120438821358599 0.0305213397348863
0.123156624639599 0.255354825447085 0.0825096594373871 -0.240234026743995
0.228445405069023 0.0916770546014148 0.0915945094393292 -0.224757369323271
0.170043747983484 -0.110612983193628 -0.0820505074614791 -0.279664521345586
-0.0247973165441436 -0.164041775303827 -0.260570969921195 -0.134938818900439
-0.147747720447836 -0.081383737211681 -0.2687718345648 0.0809571619548571
-0.172680648696182 0.0464662997425095 -0.16451578048078 0.195787587782426
-0.10152224711396 0.136506468636324 -0.0757339514729803 0.201340970397891
-0.0500340576613845 0.156612300744228 -0.0270914217127774 0.132079860150039
-0.0667699656441751 0.161390442982245 -0.0277105077456451 0.0559794058532798
-0.169230024667111 0.131755812848221 0.00538746329399294 -0.037564375022675
-0.226448099533194 -0.0122483986225787 0.0834646810641194 -0.0618806905490749
-0.139791582302902 -0.182486974350173 0.089390557869382 0.0697811367531086
0.125318887838024 -0.239608163646717 -0.0338575666094395 0.0915746303162381
0.296998382478705 0.000993324294180482 -0.0985530794728831 0.0251595176179807
0.22470703720449 0.208102644548846 -0.159795123975339 -0.0549557276102169
0.0900210871115594 0.166894565953534 0.0485700627366136 -0.326983657470789
0.153937405975116 0.0601414699830816 0.0207802912617884 -0.266971564179249
0.109030055733182 -0.0686185246818164 -0.123922390567963 -0.254153633259337
-0.00561829006777903 -0.102418333636112 -0.26099526119048 -0.116371016830376
-0.0844764050513284 -0.0603577113329976 -0.278316717784429 0.0753119385715778
-0.109498615914811 0.0181444506996574 -0.199792354204853 0.211112946095058
-0.068657081565114 0.0818704274570616 -0.105905541350774 0.245192339125132
-0.0366529133899326 0.096223401070496 -0.0456951673963334 0.179485134099296
-0.0518360925276438 0.106530483531383 -0.0456661350097935 0.102052294470542
-0.123835043527424 0.0835362363076702 -0.0234684994471701 0.00875863387255644
-0.157434182348391 -0.0283920622987065 0.0295200327366851 -0.0275007955688248
-0.0749614470637445 -0.13988162962947 0.0366311803001699 0.0489503915958223
0.101098646806394 -0.150983906803902 -0.0448000735778866 0.0501259895791576
0.19878653254144 0.00729381961395496 -0.0924840687853673 0.00477266931531804
0.142883831539608 0.124896589267011 -0.190157830837637 -0.115598506218144
-0.034790079279584 -0.0320808341624035 0.250871551082133 0.169872123101311
-0.0577395015688462 0.00806600329022853 0.161929713838493 -0.0305003908023942
-0.04172731013326 0.0439310442033949 0.0491208457827117 -0.0646780340009949
0.0195007126528726 0.0582805249078623 -0.0464088369021397 -0.0416316818299541
0.0538737157783441 0.0122011097305941 -0.00981855703935804 0.0320264836237087
0.0435215801783038 -0.0256332172823334 0.0659589775437944 -0.0238722665582964
0.0223964785639168 -0.033919732691994 0.065444088736769 -0.112023355011262
0.019927613181866 -0.0240462152750398 0.0555995282000233 -0.192338223752264
0.0269282128760956 -0.0149997004705633 0.0811380424972489 -0.248589388715728
0.0346313388423987 0.00610192387545922 0.177826857818915 -0.234386264354391
0.027989469431508 0.0335797705768321 0.253686598460279 -0.117152510250603
-0.00258989736226266 0.042109103933678 0.253894768019892 0.0620889800064697
-0.0506205238151606 0.0266128447124965 0.17326172498286 0.20197190578912
-0.0744811586324162 -0.012311234094476 0.0341097828881857 0.284494513017139
-0.0398584491080218 -0.0665693157456498 -0.012388320277696 0.392851809840548
0.0677686711383337 0.0771003107413704 0.233019772217137 0.163846348785715
0.0766392486895016 0.0172936656751451 0.160319753016211 -0.0145684978142408
0.0359979951186249 -0.0465247077051248 0.0553129717748403 -0.0762293829924617
-0.0344109512978308 -0.0315541525975065 -0.05234965924388 -0.0476260593263632
-0.0475066206875058 0.00284048846504537 -0.0185635404397298 0.0440871676415315
-0.0336001813215658 0.032141374728593 0.074097012687847 -0.0102558318563058
-0.00831371499979586 0.048696575843927 0.0766558771496742 -0.106960113408894
0.00454963735621473 0.0563407152211833 0.0569742156738471 -0.186750047235645
-0.00530469401414526 0.0577958823330075 0.070964323303512 -0.239169975284621
-0.0468869503911331 0.0554591531024893 0.1593864131901 -0.236669586221867
-0.0633687846608891 0.0189825304830728 0.240325203287448 -0.142899119491544
-0.0431411747688897 -0.0307667291220948 0.255108588087757 0.036925479749885
0.0134245692627342 -0.0546881988726819 0.191722904257145 0.181239640323169
0.0524773132109641 0.00868060431143411 0.0584450947068879 0.274448427905989
0.0491116895127939 0.0543285648004553 0.00366730807868714 0.38796744592957
0.141876151281802 0.172963804718851 0.191006298565822 0.133337082902947
0.189254794845503 0.0334102494796821 0.165760249382369 0.010180791851658
0.112706571574277 -0.120113259854129 0.0746708632224796 -0.115237842011063
-0.0712177565900419 -0.118615299430884 -0.0844616293363785 -0.0818307669892088
-0.13650964111626 -0.0176281828795153 -0.0636256558669585 0.0621229043328176
-0.110707793683735 0.0758374299102965 0.0571865479952246 0.0309794603589268
-0.0440611071083037 0.120654753048618 0.0731766977531787 -0.0695075903994058
-0.0117722616332073 0.128538961962993 0.0499280042213114 -0.151609561105479
-0.0307136895638291 0.123877104740871 0.0516062762574543 -0.203216424659379
-0.113072283545158 0.103882296895529 0.125895060264082 -0.224997490510904
-0.145412873403583 0.0135899370116131 0.215629203851409 -0.167413896009195
-0.0914888785170764 -0.0901315831672042 0.257858319585915 0.0128625652538637
0.059990700004319 -0.140605996229815 0.195780960640331 0.171280865143653
0.172971129298739 0.0103041528252727 0.051538643797109 0.254079874585189
0.142554535128283 0.156135823553145 -0.00152304265651324 0.337570441620838
0.177193871031621 0.247340028610804 0.150516059787658 0.075036505324165
0.26337167240357 0.0567204144852801 0.185061154547065 0.000298874949406929
0.170908284556786 -0.167067513166819 0.0744378359007178 -0.186671125737001
-0.0882593322659634 -0.182180645448281 -0.145329918209948 -0.121430292271887
-0.196177100001186 -0.0413885009619931 -0.130008575715306 0.0837850500008554
-0.172538254928511 0.100225305060375 0.0174329454412795 0.0863477019067781
-0.0774432052431487 0.172343026877018 0.0535224953377298 -0.00805406828509709
-0.0255056558062221 0.181343429773684 0.0366243385674876 -0.0912073593919326
-0.0476256456027831 0.173414539829184 0.0300185368237471 -0.145402756710099
-0.156756134500617 0.145194560294132 0.0886278382591576 -0.197104664869326
-0.20848930976618 0.0197314388449269 0.187450794277695 -0.179973233566879
-0.143174390570743 -0.132677777536507 0.25338194236416 0.00665095366611195
0.0841051906005336 -0.22065725947423 0.169802242021702 0.171787615283593
0.27065729127002 -0.00456890103188064 0.0107603510021058 0.217748844431976
0.225166345905337 0.2240747284032 -0.0287196172060839 0.25066385564575
0.181796712192739 0.291878539653139 0.123397751402862 -0.0145484502316791
0.296106907004216 0.0786606468801714 0.192027905548305 -0.0667136775815727
0.202480306509639 -0.179730724376485 0.0282871803991884 -0.258964593753701
-0.0820636548625565 -0.211904823133112 -0.215979093106228 -0.139440190915257
-0.217933803893808 -0.0621822251111748 -0.193605283986305 0.102739128247764
-0.206698864369797 0.103455947935749 -0.037736007893641 0.14066551997332
-0.0998559301721869 0.19354547126009 0.0194142266372622 0.0667014364810146
-0.0348561526895674 0.206035509690806 0.019535092466511 -0.0141987507859399
-0.0548750335242734 0.199865050451007 0.0102655674726915 -0.075898670743554
-0.176853331547846 0.173235853389181 0.055031028019793 -0.15394477954775
-0.248209335284514 0.029137808735145 0.158172618139577 -0.165316051183423
-0.184366236224774 -0.158715516456251 0.228147749813468 0.0262878665801135
0.0937827486472569 -0.278311063333529 0.108031996934195 0.170888950593138
0.329984127102864 -0.0239825668969132 -0.0456891727097458 0.160274071959576
0.278421141372111 0.250698813775666 -0.0715035628410614 0.143889561104964
0.1708620778918 0.29379002813037 0.0990303327915092 -0.131283588027915
0.288870248756376 0.0842194002948541 0.151040136502116 -0.161484887027637
0.198764867921158 -0.163684676769025 -0.0437410206657649 -0.29004862291974
-0.0635819090931017 -0.20374063779721 -0.262847238593786 -0.130807377112565
-0.202696317356075 -0.0722970023628686 -0.239823126026132 0.111017479313194
-0.205971953211607 0.0897566747325289 -0.0966926397896508 0.183590140620136
-0.103944528878476 0.184843816872278 -0.021031007545228 0.144214784836883
-0.0386277593482798 0.199497311198221 0.00158002141860205 0.0667662065585004
-0.0563652205051393 0.199617607768968 -0.00731050781454402 -0.00416581843861769
-0.178706636094251 0.177086770149382 0.027495407326589 -0.0976387975751385
-0.259083962368848 0.0263827071309222 0.123894091196157 -0.122318753738509
-0.192916852429253 -0.176622925488049 0.171174821402011 0.0559430927301357
0.102267310031961 -0.294244874162689 0.0284872641064931 0.146764764181716
0.343283700106526 -0.0339718023985995 -0.0876129137046049 0.0903909651861725
0.287062292972037 0.239712966558854 -0.120018934410512 0.0419035674875785
0.146267129289382 0.247517189005765 0.0648877231816493 -0.248537508775869
0.24175142749879 0.0712091705834206 0.0761419086659994 -0.235460507303824
0.163023409083743 -0.128190152963591 -0.106101350882258 -0.277830945435429
-0.0399428597281766 -0.165134486155779 -0.277408938905187 -0.114118263623191
-0.158859828998599 -0.0694700769429584 -0.266240502867444 0.10680567970877
-0.172309978030654 0.064149957339343 -0.148640277495957 0.214178378953081
-0.0902658796391492 0.148363598760284 -0.0580320939584592 0.211514392561533
-0.0362303704146303 0.162113250312804 -0.0146761471871347 0.137816552582023
-0.0529457930751468 0.170572027690274 -0.0225997734489019 0.0613778865507224
-0.160803104906121 0.150457784911341 0.00144705558053617 -0.0370785186978793
-0.233227540631644 0.008761489071583 0.0760078757160786 -0.0698127787856792
-0.156682185831371 -0.175268459027037 0.0970426333938101 0.0646849732225157
0.108120990784684 -0.253812972869295 -0.0263697919074459 0.0981361205467774
0.300855221958791 -0.0258131764391173 -0.0976211732225246 0.035247431878831
0.244406696854983 0.192926290007876 -0.167268807174458 -0.0419091911901726
0.10488482037102 0.160987228991402 0.0232921209024628 -0.334487833147877
0.162416919717212 0.04607012289486 0.000106454650190927 -0.272901357827893
0.104673262151151 -0.0797322487269787 -0.146829433603258 -0.246845510885756
-0.0148220301441419 -0.104050264706941 -0.276634306901248 -0.0953382194171034
-0.0918258683619126 -0.054470907839655 -0.27591653432727 0.10281195369365
-0.110368339221664 0.0301809049545117 -0.182400153746067 0.232526410839787
-0.0618903895478181 0.089926219678485 -0.0847427978337087 0.258064085549655
-0.0284947828155006 0.100100039782408 -0.0295210537636438 0.186882574324324
-0.0422355596137125 0.11337184951872 -0.0364444205225194 0.109480657110789
-0.119476417274374 0.0971074479161866 -0.0239327373666767 0.0125113639960959
-0.163446679052073 -0.0154210441974988 0.0243532224375333 -0.0304574080330202
-0.0881365741286031 -0.137275991892799 0.0421239368085542 0.0467324018184323
0.0900024484158489 -0.160766923468182 -0.0399980387042932 0.0574856859634786
0.201593004006242 -0.011054711206017 -0.0924227377521155 0.0139784075907656
0.153790606693318 0.114646335082822 -0.203588957389132 -0.0998468683931528
-0.036212466715525 -0.0285116572994802 0.256775330100708 0.142951650270438
-0.0560725284051542 0.0125197838324748 0.153981451134385 -0.0444254003418767
-0.0369010112202791 0.0459730833331538 0.0411892759642198 -0.0688649365098315
0.0238752050418396 0.0547804825976937 -0.0483320459791791 -0.0354352468201979
0.0531351953544392 0.00813731071759156 -0.00662473381931276 0.0319676736229947
0.0400708876495131 -0.0285778479310859 0.0606999167971243 -0.030154984609535
0.0192732579294298 -0.0354225636291474 0.0550143618478202 -0.113886343785875
0.0172523772196079 -0.0250804769008627 0.0394679124002962 -0.189044741182309
0.0247188111062165 -0.0165286646932771 0.0581719458878057 -0.244570306866585
0.0339195570588387 0.00345199421354776 0.152037205315658 -0.239013554491642
0.0298733745152047 0.0298627275772205 0.235082548150519 -0.131841953907038
0.000218862938904197 0.0410064495352928 0.249463474014659 0.0406598545261327
-0.0478186553398261 0.0300871541220213 0.180603720267052 0.180685703702505
-0.0725854724654814 -0.00579772021829049 0.0520177412758626 0.27227327632406
-0.0434625954969877 -0.063066892920219 0.0167478511738142 0.378064758555654
0.0701729139389306 0.068246509231475 0.239467944572095 0.139324941397281
0.0744792198417348 0.0115066076035107 0.155604769155094 -0.0268538312510624
0.0319359093088681 -0.0470095693761285 0.0460976830862677 -0.0805027647947393
-0.0348383710350942 -0.0285486712660883 -0.0545651502326472 -0.0417853445126936
-0.0461104296078999 0.00639013711008911 -0.0138572286357819 0.044799742341514
-0.0298495140262615 0.0340671719801127 0.0699260393706962 -0.0173764026885782
-0.00367502008873134 0.0462078591836604 0.0656576276532426 -0.109313784214821
0.00870882082218718 0.0535864704653986 0.0413166180595836 -0.183671832613409
-0.000589215191552726 0.0562792496115796 0.0495686700063525 -0.235143620085601
-0.0406139519926263 0.0584292289782507 0.133845689151206 -0.239849199258079
-0.0594034934955948 0.0227901308713487 0.219211900276872 -0.156014645185799
-0.0438758388372303 -0.0263628012458678 0.250123632853649 0.0165547433111674
0.0075488050003145 -0.0532527610900552 0.197588827577362 0.159884774804779
0.051114043730112 0.0028894460877919 0.0748222160351442 0.262485716394645
0.0514258618885297 0.0471165041869282 0.0325600101440833 0.372531498547877
0.148326562821783 0.155222303900708 0.197082006152355 0.11434295335184
0.184039507435358 0.0189360850723201 0.162199870023476 -0.00275530416462363
0.100429507670485 -0.123911455831567 0.0626465283103065 -0.118220643299868
-0.0768592196209043 -0.109333477376509 -0.0887429689605528 -0.0717755804758973
-0.134193316495191 -0.00617290288365517 -0.0558059948111393 0.0659448464835327
-0.101102289599169 0.0833458958511269 0.0576759640383754 0.0245438937361707
-0.031464291581552 0.119169688006292 0.0651171995166173 -0.0740787911566719
-0.00103049589113722 0.123481860625566 0.0372563689269356 -0.149508519931016
-0.0202685472230481 0.121221085890786 0.0345729103278215 -0.197657653111623
-0.100912256858365 0.110537335970664 0.10298306463935 -0.225518662900478
-0.138803067312375 0.0256014948333336 0.192342155633383 -0.178282557659419
-0.0952908413750909 -0.0805828708229521 0.250022722801793 -0.00648056676354429
0.0456357858053911 -0.139736143657005 0.201129551328934 0.150184276147962
0.16751255050301 -0.00432958622142332 0.0667469568829275 0.243216243711559
0.149866785456578 0.139168836758106 0.0241718092603236 0.324952018718768
0.188152432081336 0.224189705317442 0.153544914631019 0.061790823162861
0.257962701529633 0.0348941183430825 0.180827526797204 -0.0126907408419974
0.15286534777679 -0.17398788960039 0.0570875755875303 -0.186572652870306
-0.0980900697746534 -0.170318638945058 -0.150421924573987 -0.106267935472674
-0.193356144257128 -0.0243168332464262 -0.118510522426906 0.0918630102623898
-0.158700153493646 0.111621161772039 0.0239698335039668 0.0812829056848594
-0.0598627493867656 0.171437643254319 0.0506716205350264 -0.0125157207947119
-0.00981880523987889 0.174998952099422 0.0286557920583681 -0.0902153217881119
-0.0316453260961341 0.17054433818267 0.018120833718265 -0.140529513522717
-0.139647409800796 0.154433476322144 0.0684683316783493 -0.19555314057016
-0.200390233046983 0.0368918996305606 0.163449865293092 -0.187979018821339
-0.148124076640909 -0.117388967823447 0.246031544616253 -0.01204449230276
0.0627793739360103 -0.219035950247696 0.176558995715052 0.153760507089382
0.260964287200361 -0.0269950074654433 0.0260484978152992 0.21177958177759
0.234863338299651 0.198566712509855 -0.00896101371362162 0.242915785954635
0.196290071176843 0.265270259960927 0.119827151161311 -0.0221585788104061
0.291757045859179 0.0528540046003435 0.182851261015697 -0.0776237836470229
0.181807394170619 -0.188587259607481 0.0084099037166881 -0.252096652861813
-0.0950768092768258 -0.199013797234286 -0.219613577768613 -0.117847146036883
-0.216251143888395 -0.0425272380932542 -0.178379979025414 0.116081318283882
-0.191382530296651 0.117815454459687 -0.0245777030797139 0.138201413832786
-0.0801360596865 0.194408026213975 0.0236420792498363 0.0626453475841851
-0.0170764767000361 0.199337502351533 0.0179207980369468 -0.0140779811773807
-0.0366713439892111 0.197129941941983 0.00456887526190063 -0.0722003631169091
-0.156497455508703 0.182660936633538 0.0398642921545624 -0.151125865012865
-0.238059826612369 0.0490057879630905 0.136665057530621 -0.171277509730857
-0.190217329787822 -0.140745509345274 0.222936167158728 0.00897356570484459
0.0682999838835087 -0.27605828862437 0.117287834200362 0.157994254131234
0.316429286579408 -0.0506635348489914 -0.0319493124539935 0.160417274416689
0.287464918114342 0.221182942612475 -0.0567696788296609 0.143939378280745
0.186114553840974 0.268679892962258 0.0882850478338906 -0.131942556622411
0.285665650424315 0.0585320023712192 0.135979944486988 -0.165897655702586
0.179408071639329 -0.173533550448645 -0.0638152724080772 -0.275641069757359
-0.0767314162926435 -0.192782638851012 -0.262672785832024 -0.106469445795339
-0.20272309413247 -0.0539579776173155 -0.222031200645793 0.126713655353163
-0.192138340695843 0.104759062087797 -0.0779480487079017 0.184741894632457
-0.085000204686058 0.186325908794487 -0.00862632295861195 0.140272995437078
-0.0209273157683127 0.19329763686102 0.00763673300463081 0.064652264710795
-0.0384182775621773 0.19703359158818 -0.00620262817973526 -0.00113598836090573
-0.158378702449461 0.185915865729256 0.01742322161659 -0.0945597596353159
-0.249379797562151 0.0475251225345435 0.106734474856777 -0.126731290935354
-0.199502008199387 -0.157302986460135 0.169997223658938 0.0421110770804143
0.0768400917930514 -0.291577075890548 0.0386098345260865 0.141405939269933
0.327841704213627 -0.0595428313674329 -0.0774169970208789 0.0950889557877515
0.293847680789747 0.209607922540588 -0.11252681564974 0.0491123627483135
0.158256268715062 0.226040701469024 0.045757491881943 -0.241618652062226
0.238739944561421 0.0486720148641489 0.0580074191679208 -0.232033210232534
0.147329204129228 -0.136395328661056 -0.122214335593477 -0.259263051564967
-0.0512830199412411 -0.156959830969618 -0.276419226609485 -0.0887991945603458
-0.159285118601972 -0.0547412809965907 -0.248495378259943 0.125153136488401
-0.161464323312896 0.0770829705829142 -0.125248311510535 0.217891704653673
-0.0740296560366245 0.149747189265043 -0.0386028256462342 0.208319015777148
-0.0220103033282062 0.157533084348417 -0.00356570590781559 0.133942608583382
-0.036795653855135 0.168548935284709 -0.0160867711469612 0.0620549147788435
-0.142904187543288 0.160019811556501 -0.00228468825773138 -0.0342096700878117
-0.226326501686614 0.0267841065752421 0.0644284646963901 -0.0714211831053892
-0.16483660374601 -0.158711963924338 0.0992761582936413 0.0560891567905621
0.0861900521464705 -0.25150718847415 -0.0168744264531445 0.0985551056909839
0.287528612663681 -0.047699970726869 -0.0908353805032742 0.0432933178961332
0.248581698403614 0.167964685533527 -0.163924031085504 -0.0270465084002876
0.113113831441564 0.1457703430003 -0.00156707105367306 -0.322932464289249
0.159926402759257 0.0305644891170498 -0.0183185195445667 -0.261469170682488
0.0940296119107264 -0.0844220780282843 -0.159287393188926 -0.226533920331553
-0.022464378439237 -0.0998117901456757 -0.27445739401934 -0.0702826066261337
-0.0935959089295931 -0.0454464363165375 -0.258353783675003 0.121181930966214
-0.10410928777858 0.039357802194033 -0.156889330622648 0.239170388321288
-0.051665074941854 0.0912570896445458 -0.0598542675228371 0.255961790940721
-0.0196732864476493 0.097671617005997 -0.0131670377689421 0.182443800510503
-0.0310224470532098 0.112844420840151 -0.0253854784984909 0.109529914522586
-0.107716255144337 0.104471023782865 -0.0229202813285394 0.0150249097979748
-0.160263623372069 -0.00200211846946643 0.0187433527056605 -0.0302379349937637
-0.0946549587049006 -0.127344499292525 0.0446597693238477 0.0425950470934258
0.0746264192109354 -0.161170475163285 -0.0326645537263276 0.0600746937717389
0.191412655850121 -0.0257096187999182 -0.0873031038160779 0.022334972077173
0.15528177580342 0.099197088315629 -0.20382677826596 -0.080340306143629
-0.0352488189165326 -0.0253298168270048 0.247101667347766 0.124893121012009
-0.0525265621833046 0.0137745347839596 0.144510002605703 -0.0487658136323924
-0.0330470785318461 0.0446715069199419 0.035035550339428 -0.0677886449721444
0.0248483489450605 0.0506591889706594 -0.0467550777734823 -0.0313456977000056
0.050336302046716 0.00566397147378915 -0.00458042515385335 0.030590170661865
0.0368083014742119 -0.0285153404601842 0.055161308339308 -0.0319291008323953
0.0166455659273465 -0.0350727016284592 0.0480860169715089 -0.109869972572496
0.0149821246246728 -0.0248521215949634 0.030860997466939 -0.178994760678218
0.021997873342838 -0.0164616580307963 0.0460337160089066 -0.230907868899396
0.032153513170079 0.00215262259749371 0.133489395487318 -0.230092297814169
0.02951077209365 0.0263563928594864 0.215039552668976 -0.131972412767958
0.00193742312893313 0.0383281723239425 0.236103672997877 0.0298633449332231
-0.0446535294491189 0.0306361327165092 0.174406995972034 0.163801301274753
-0.0677315367362767 -0.00301214771776022 0.0565467065776389 0.256168489843611
-0.042924026058154 -0.0592950038195317 0.0275386468530969 0.353210448815135
0.0673319971283345 0.061301957255284 0.231211179283163 0.123088940775289
0.0692048490364872 0.00931599597698506 0.146640922982775 -0.0315515777275467
0.029385960809708 -0.0447752261801958 0.0395168533546399 -0.0786993630818795
-0.0328817860051073 -0.0261823515001331 -0.0527432723335751 -0.0364948641041368
-0.0435686227987874 0.00794936652197533 -0.0103191676065755 0.0432373672534171
-0.0269780203710012 0.032905472998761 0.0649424486492712 -0.0198588840227685
-0.0013453600841168 0.0428665192458714 0.0580201827966748 -0.105917564489731
0.0102795632267661 0.0484280050580179 0.0326873651489113 -0.173887456307139
0.00142137339001828 0.0529203458124437 0.0385917139176596 -0.220834190051405
-0.0355367649066201 0.0568763137865975 0.115758420270887 -0.230034061565629
-0.0543895304050464 0.0239597089552767 0.198955932602949 -0.153802319604567
-0.0418269461703757 -0.0237082990778784 0.23561987447897 0.00688400248146201
0.00461949451835763 -0.0502162047258339 0.189907903722763 0.144173051327617
0.0484895206550752 0.00120952989791962 0.0772785946395479 0.245754532469034
0.0492065647942791 0.0416318329375447 0.042789527868825 0.348290600838864
0.143309359090513 0.140153503740229 0.190048374266232 0.100790553234355
0.172765245449657 0.0124445647005214 0.153646629712968 -0.00822715406462933
0.0909271699226059 -0.119457568564515 0.0540599642337358 -0.114149805263596
-0.0751190425568359 -0.101713536174154 -0.0852037105320985 -0.0651410440867584
-0.126928021494845 -0.000745764698980014 -0.0488772876718633 0.0645963603609406
-0.0926477169114706 0.0822368580663875 0.0550406044886832 0.0191959324574961
-0.025671210026067 0.112310700853061 0.0579839646465468 -0.0718950462959182
0.00396609481896822 0.114888929512358 0.0305873960742661 -0.141789886217545
-0.0146872235783366 0.114969236255452 0.0257838481925344 -0.18547701223677
-0.0897694602452847 0.109153715940877 0.0870531859223697 -0.214859010804341
-0.129529653644716 0.029779791664189 0.172136429673949 -0.1732923648399
-0.0920965332485413 -0.0725918661335684 0.236115202635241 -0.0146396337513451
0.0372939451301286 -0.132500117302609 0.193342324865627 0.135973685897847
0.156905955307069 -0.0106893099747156 0.0700407178333254 0.228655930095845
0.14508559671691 0.12500097908728 0.0331817219825708 0.302632831746357
0.182432244879533 0.203182063722328 0.148175996342496 0.0544942063707458
0.243506370161353 0.0249259767110773 0.171918654513582 -0.0171495567645706
0.139399672231704 -0.167930771456935 0.0477461831879642 -0.177600650417062
-0.0972106932493894 -0.157853195048494 -0.144848098930005 -0.095119233209934
-0.183954389140236 -0.015894384450438 -0.106814596205403 0.0919893279747696
-0.145661934038862 0.111801545510308 0.0260239181366237 0.0748574273302592
-0.0491913456514658 0.163248653600614 0.0471018393814947 -0.0142219175833001
-0.0031308867444223 0.162875609089268 0.0241393176909959 -0.0858048521411539
-0.022961649676737 0.161945866038632 0.0129653025520353 -0.131059536772516
-0.124820655617882 0.152290707758212 0.0566804560123766 -0.185054142848922
-0.186662937014113 0.0440529919923547 0.143730018149992 -0.181459136406279
-0.14371052026744 -0.106434001652974 0.231678012757683 -0.0186504973448019
0.050811872797402 -0.208642092300568 0.17081908147353 0.140762885175703
0.243770698184025 -0.0343534158117519 0.0313912883575262 0.199673547051103
0.226716684448688 0.178592364966555 -3.1198408357181E-05 0.227771434238192
0.190412854689541 0.241804048941746 0.11535934285892 -0.0230616409291343
0.276600127305023 0.040157599900817 0.171825709288227 -0.0781103130070178
0.165480403500186 -0.183693019251588 0.00042463008468117 -0.238327069772229
-0.0965752050209546 -0.185138901007 -0.209946009985828 -0.104002590694918
-0.205980000004985 -0.0323559518178034 -0.163471854522983 0.116033671527764
-0.176132439286061 0.119404790725374 -0.0168506966868507 0.130317686759024
-0.0677461727821044 0.185492746553429 0.0240830367110108 0.0573810857414632
-0.00862611837971597 0.186295506721859 0.0174075934646856 -0.0137770139300511
-0.0268830084651087 0.186569441785185 0.00280675338667909 -0.0667683395682334
-0.139933091835424 0.17901519636427 0.0313944472172035 -0.141887461618484
-0.223120337861944 0.0566142118362548 0.119455793456331 -0.164805470655243
-0.184217594002583 -0.127609567999526 0.211359760423092 0.00210531654231639
0.0544310683652754 -0.261837783443188 0.115928237267516 0.146979607545555
0.295436053791688 -0.0590313967118543 -0.0254804898661893 0.152907608765831
0.275701052588096 0.198674881311906 -0.0487457544149487 0.136344796790918
0.181943861389231 0.24485933296928 0.0811251482341462 -0.124899730683866
0.270644577549413 0.0439922026823534 0.125835557060353 -0.159289608969092
0.163054585356004 -0.170329756287271 -0.0683526628439041 -0.257414683892609
-0.0797666958290529 -0.17989160431967 -0.251157735964986 -0.0908751204849815
-0.193814635186879 -0.0430106357261623 -0.203806413870956 0.128582862850809
-0.176844453659476 0.107218351082621 -0.0654981829080425 0.176380481713829
-0.0720993290492105 0.178456629217459 -0.00310004180384895 0.132011634883508
-0.0129015665194683 0.181186011999244 0.0106308018379758 0.0602058882487901
-0.0278708933849574 0.18661583020454 -0.00430023454493238 0.000583739739722675
-0.141779316171125 0.182909182251147 0.0127135435150328 -0.0879584814977306
-0.234747043151962 0.0549254194366736 0.092601164461907 -0.12166703097624
-0.194025016477961 -0.14351892530011 0.162681192586796 0.0343338404574565
0.0624623628943374 -0.276751595194866 0.0420192414417538 0.13377149372855
0.304969485619724 -0.067203796816057 -0.069273313267297 0.092471438449833
0.28208133861031 0.188154352495418 -0.103725578105737 0.0500473524758061
0.15506481843622 0.206361170120635 0.0375606540762154 -0.226582957294583
0.226371571155694 0.0363075567317909 0.0493681497762222 -0.219082887997871
0.133232584383292 -0.133390729617711 -0.123020924386714 -0.239772539643373
-0.0541691897229851 -0.145909435450688 -0.262874341158216 -0.0738989252820921
-0.152687287376861 -0.0457691568325057 -0.228641973223703 0.126904985397061
-0.148423569244601 0.0803727830404707 -0.109354084491962 0.209669636581878
-0.0634740166920467 0.143741381667203 -0.0280298938031147 0.196710856487892
-0.0148988578823614 0.147144986877626 0.00277489700023891 0.125766540245527
-0.0276977222994827 0.159605523770354 -0.0118669407163671 0.060806412574379
-0.129265591522483 0.15689546228366 -0.00400298794121241 -0.0307635748042035
-0.212746742204544 0.0348538539082055 0.0554530206095129 -0.0683313839693313
-0.15999957969705 -0.145905530815069 0.0965197481858139 0.0496728229705165
0.0739509893839618 -0.238329293078806 -0.010964712649903 0.0947158794807025
0.267420027988512 -0.0541615164801505 -0.0824372892538064 0.0442570066520462
0.238306281655931 0.15008837567998 -0.1547631283837 -0.0198634827124138
0.109653621386983 0.132010632075881 -0.00964884600786705 -0.30139403463236
0.151311465015769 0.0220944097856358 -0.0229571394724239 -0.244405241407671
0.0853436779380867 -0.0832992838868322 -0.155983070472311 -0.207427997879003
-0.0254020566334314 -0.09363520725435 -0.259634166463944 -0.0563564253165144
-0.0907072714546985 -0.0399242092912749 -0.237857080776665 0.122377900508362
-0.0965543831190203 0.0421981292136057 -0.137240002867608 0.230830824313108
-0.0446607629522712 0.0876420126007865 -0.0468497359218273 0.242255909991023
-0.0150124736534609 0.0910261180043077 -0.0051395527039574 0.17220122485828
-0.0244618048108714 0.106913459180123 -0.0198677253143409 0.104428669934418
-0.0976218681865492 0.102592328131823 -0.0217584699875167 0.0167299769319513
-0.152665068124365 0.00415407421222996 0.0141013526900413 -0.0283851551147613
-0.0935824916932928 -0.117989479465171 0.0435620312397679 0.038867278267467
0.0663459892356846 -0.152826402764603 -0.0268506062793451 0.0588315259666041
0.177458223846067 -0.0306719466958874 -0.0800698306226161 0.0244435271653382
0.147488178017548 0.0892932439808049 -0.193821603027698 -0.0680027755610168
-0.0338444891827752 -0.0239573245253611 0.235665931858608 0.119808163236526
-0.0504053052732312 0.0137084151461109 0.139223170233449 -0.0478212266778638
-0.031680547986968 0.0421503678469049 0.0329774032023789 -0.0661234755035149
0.0233330647346329 0.0485285564665605 -0.0445812992928143 -0.0291862547259257
0.0485037775582119 0.00647248224630516 -0.00392576731863441 0.0292136191021916
0.0356528527646364 -0.027651761163304 0.0520051439284177 -0.0316205586735794
0.016177804120064 -0.0335707682404572 0.0466042647356921 -0.105097589429167
0.014857069817843 -0.0240025582084134 0.0312554141326101 -0.170734088857146
0.0211502162009855 -0.0154821911104357 0.0453624883208016 -0.219188315184373
0.0303826753217658 0.00272839500442409 0.127823242211664 -0.218345152149626
0.027669388479612 0.0248927394179076 0.205545156218865 -0.123752931060551
0.00145869967142731 0.036463894116724 0.2256160121769 0.0299381579986761
-0.0428232251314428 0.0288571989049752 0.163522846686982 0.157664673173114
-0.0643171901126188 -0.00316914985346775 0.0504295643317213 0.247089650476167
-0.0407212892710172 -0.0584057584197124 0.0225391739554156 0.336584139054197
0.0626348162198102 0.0588427576939811 0.220717693778151 0.118073538221003
0.0652892252323252 0.0105426198486742 0.14171719664317 -0.0313311853911471
0.0283741036598081 -0.0422690730967206 0.0375430131364305 -0.0759923163336736
-0.0306418338751665 -0.0250917095507508 -0.0504720539965278 -0.0359869908533968
-0.0419033589778955 0.00739372440035696 -0.00918818566257084 0.0421664117809075
-0.0258762629795833 0.0318111019804618 0.0616199086946989 -0.0198948691712274
-0.00144882561676732 0.0401974275264028 0.0554738906097827 -0.10168782008103
0.00961460077324925 0.045328354282469 0.0327639746319623 -0.166028544290102
0.00117820127376545 0.0506990525995111 0.0391312816275817 -0.209643797491885
-0.0337107412595271 0.0546986306588171 0.110819519045369 -0.21863537833008
-0.0523825400548255 0.0229967164988516 0.190036069131374 -0.143990630455031
-0.0401213364359968 -0.0232523757881374 0.22480161182646 0.00849867946838642
0.00395600138271479 -0.0465721283834763 0.179066048855702 0.140097685298237
0.0461947312089797 0.0012179338078177 0.0704183154081884 0.23707141182223
0.0467721115521046 0.038279903755814 0.0368224040223862 0.330712503778436
0.133115659322924 0.134813853672525 0.182063190581132 0.0976675219437088
0.164723318550867 0.0148731453821992 0.148889885285654 -0.00710773982071062
0.0893026376549304 -0.113001975973828 0.0520275301500113 -0.110097246068305
-0.0700134603298649 -0.0979336336900803 -0.0812130138278577 -0.0636794654799756
-0.121594336348949 -0.0017912581338221 -0.0468746260798987 0.0622491524377343
-0.0882514027489576 0.079034503220661 0.0526435775525648 0.0178514832443098
-0.0242717695045023 0.106581468203115 0.0560395204183018 -0.0686211009939151
0.00275365596221258 0.108927879459946 0.0301951844301804 -0.13539055845193
-0.0143237454217932 0.109635901458744 0.0268599299877574 -0.175172934779652
-0.0858616496642517 0.104877082702194 0.0837039162115192 -0.204016925197775
-0.123378062708741 0.0285256230023107 0.163026286570471 -0.163781720282497
-0.08815614658923 -0.0705119273611042 0.226215147349662 -0.0116514540005497
0.0353201320076495 -0.125547759964718 0.183067035182963 0.132657273863732
0.150017419370076 -0.0091501838751588 0.0647660948821954 0.220119076368165
0.137282713985678 0.120209175086917 0.0281885236563463 0.287565848302012
0.169801707900408 0.194660882658627 0.143134370500484 0.053667793256375
0.232079521586487 0.0269031280165695 0.167369569390176 -0.0153493571695183
0.136062009994585 -0.159843541175109 0.0472261959321389 -0.169992954019122
-0.0919415756878715 -0.15280334932369 -0.137498211489912 -0.0928079662134647
-0.176823273967291 -0.016136869325186 -0.102331456886293 0.0875176408302265
-0.139613476193827 0.107415914152258 0.0253779590745812 0.0704771707977447
-0.0478169641589089 0.155385797657853 0.0445087674392948 -0.0135665519415276
-0.00406178692937817 0.155062011969647 0.0242204617395289 -0.0816064209698474
-0.0226455491987443 0.153517161392548 0.0145153169491806 -0.12358493426454
-0.11927345279514 0.145637886731925 0.0548859983832762 -0.175357700632121
-0.178945351656129 0.0415758402591085 0.136013425904564 -0.171176099834704
-0.136930954988133 -0.10295018831106 0.222119980406724 -0.0160803573687757
0.0494540311544822 -0.198046175621386 0.16189061072978 0.136920996957513
0.232540547507087 -0.0316635906330963 0.027829427339303 0.192229743928406
0.215069146127408 0.17237338846991 -0.00183099895031845 0.216265422436919
0.177906275494583 0.231888858866295 0.112258102077017 -0.0200404342409671
0.263588876224824 0.040599939018112 0.168200314934098 -0.0729381134908389
0.160436894021345 -0.174626070456063 0.00289629741763797 -0.227603184025097
-0.0905216334360655 -0.178728943031621 -0.200083456213591 -0.101704952320057
-0.198300684760185 -0.0315405725034356 -0.154853852903 0.110900663688943
-0.168405103446735 0.114491205870198 -0.015727828681785 0.123775951750405
-0.0646710420973786 0.176880778463162 0.0224633413665877 0.0545854325012989
-0.00955653456672684 0.176723729010085 0.017196593352332 -0.0132398582274534
-0.0265849422018281 0.177487981290414 0.00499205721070268 -0.0614608604957201
-0.135194256040654 0.172358438640377 0.0305887916057175 -0.134342150488907
-0.213787933171936 0.0541818143374607 0.111702165859476 -0.154989204331656
-0.175949431912533 -0.123778226747898 0.202044392953409 0.00342646134362567
0.0540755062507684 -0.249316174980854 0.109653600445423 0.142690247596515
0.281877290054823 -0.0535803844334856 -0.025563988425697 0.146575984134881
0.262114859844838 0.191909903145761 -0.0484808109956185 0.129467620743793
0.169403436649865 0.23408189198201 0.0806747452350332 -0.116897519560439
0.258381952259065 0.0441178173906651 0.124769423516337 -0.150043653846624
0.157147407584968 -0.160852833961906 -0.0621321587722043 -0.245838171344992
-0.0743815247772323 -0.173181087936411 -0.23882181116892 -0.0902206161036949
-0.186519142877296 -0.0423451304972782 -0.194332857621404 0.122122619624591
-0.169702226736016 0.10344972771578 -0.0622307448623822 0.167682492384056
-0.0691471379034455 0.17007977606076 -0.00345168797636755 0.125519524951671
-0.0134555509585175 0.171812818924982 0.0107451444141906 0.0579872031245462
-0.0269971754432162 0.177688172814736 -0.00236092186057887 0.00175912890936197
-0.136913813136513 0.176043303105267 0.0126161178232733 -0.0822030003576108
-0.224970470789308 0.0519518766213154 0.0863383553423115 -0.114035478009171
-0.184703848120563 -0.140234048946863 0.155312877364766 0.0343155820959359
0.0635956956974614 -0.263347315158557 0.0402163750551421 0.129386522313869
0.291557466670958 -0.0605425118724403 -0.0661144665040211 0.0880068237296079
0.267200800776507 0.182974608132023 -0.0994052992357464 0.046081799331788
0.143736557472785 0.197247593152372 0.0406723193844243 -0.214086228936387
0.216527613874886 0.0356402134698673 0.0526513062718538 -0.207625565929499
0.128799688700434 -0.126954977601671 -0.11497484412716 -0.229382344642175
-0.0512085099242276 -0.140510403546636 -0.250114390354158 -0.0722902723619753
-0.147236566737404 -0.0440243588814168 -0.218281419113097 0.120053768569071
-0.141566541834639 0.0772377308645899 -0.104084042879976 0.199286563595011
-0.0605103561991449 0.137054161183747 -0.0273155375136683 0.187766255834213
-0.0153632643654549 0.139172426063181 0.00214575567523481 0.120122927964873
-0.0272165421072987 0.152489911275997 -0.00986747942132697 0.0595042083629893
-0.123817447820802 0.150665544176672 -0.00387270898711186 -0.0274717376168199
-0.20488282946514 0.0318192035481739 0.0497832802923289 -0.062741096198591
-0.153162232359031 -0.142264046921402 0.0928056270907474 0.0484148949078041
0.0732208507407865 -0.226907854665268 -0.00985310574745731 0.0914853454097734
0.254520806185584 -0.0481794486856376 -0.0785671807466536 0.0411259179079461
0.224470770820297 0.146780256461957 -0.147328919171845 -0.0198288877010313
0.101800660329813 0.126377496029851 -0.00371717141253468 -0.285669023560688
0.144939060102134 0.02076953212667 -0.0180346821330353 -0.233156341589483
0.0819199282499592 -0.0786577275523329 -0.145958082078023 -0.19880721308523
-0.0241438697485071 -0.0895490608507136 -0.2476288449853 -0.0552442905011965
-0.0874087193869205 -0.0381824764205234 -0.227647747924419 0.115829962112559
-0.0918656043543278 0.0409650634503767 -0.131153634613748 0.219753429491704
-0.0426809700993309 0.0838368733428099 -0.0448282576935736 0.230885052214715
-0.0153023136233628 0.0863104856075636 -0.00535185007372285 0.164172533353338
-0.0236632290663081 0.10201257806701 -0.0185380597845311 0.101257837915314
-0.0934964567260601 0.0988943899752047 -0.0213708626017657 0.0167748034594707
-0.146655222255214 0.00389561577052288 0.0113103666586293 -0.0249532236574838
-0.0886951805109031 -0.115159246765818 0.0425548075005429 0.0375897151695046
0.0655571913475866 -0.144106953041836 -0.0239595909094461 0.0574084511475549
0.168517511122995 -0.0274197572263861 -0.0756499916185806 0.0231614225520256
0.13942240512682 0.0872024430596309 -0.183171920382608 -0.0653570765305385
-0.0296774051211143 -0.0282403635124718 0.217673669721349 0.149251002070235
-0.0515198875333018 0.00647274958304157 0.146115408277053 -0.0310100456943005
-0.0372445858450498 0.0363386972008372 0.0398478343078331 -0.0651241690856037
0.0144858993058568 0.0510553890683557 -0.0408676199993283 -0.035835452809414
0.0457228933636069 0.0151265877269113 -0.0095073136668478 0.028793080073617
0.0396730794784116 -0.02144589427998 0.0544919561684216 -0.0219827799766298
0.0215430546744868 -0.0317660081089002 0.0606742090901003 -0.0962410236803844
0.0181714191680785 -0.0228714019185137 0.0591024930043244 -0.161936122569945
0.0215852304239348 -0.0129462690020382 0.0815356862319767 -0.207085259259809
0.0285941283168738 0.0057222828001492 0.159707793135887 -0.193053074326605
0.023665835162069 0.0252618813502797 0.222049674062813 -0.0866163467904487
-0.00437292453020275 0.0323085774260979 0.215611271978896 0.0672735112464408
-0.04192308286763 0.0209054856553723 0.131340357084656 0.182774691667944
-0.0576617138782426 -0.0136973441484795 0.00597381518392129 0.252707909301481
-0.0251210912895011 -0.0643052426482503 -0.0391406406113942 0.33522722067658
0.0505057306166961 0.0663547428084498 0.194719986183996 0.14854738827129
0.0615914266499486 0.0220380230459596 0.143719754901395 -0.00811762277839637
0.0351243096810198 -0.0361416021599392 0.0487444679577732 -0.0675474749626751
-0.0240732465398127 -0.0303919908109072 -0.0423738831645549 -0.0410691394712124
-0.0418111030050263 0.000116354367908449 -0.0124420863734491 0.0391559190518513
-0.0302900382070803 0.026234098197056 0.0632602506705898 -0.0130305682122107
-0.00832368912285481 0.0381185407149882 0.0696303108910525 -0.0929496215537253
0.00133733762597314 0.0444702990811372 0.0601850075403258 -0.156797205490384
-0.00889656256238906 0.0468682032864892 0.0742979531604548 -0.197130188921241
-0.0421544810513937 0.0462706342624829 0.144163268469866 -0.193640185218364
-0.0535981341448829 0.0103375964533016 0.2094253789782 -0.108039149107442
-0.0340205644508284 -0.0324699714994412 0.219625180891625 0.0471553876133373
0.015523212392112 -0.0454828701408857 0.148260986250029 0.167983694381975
0.0482062864935774 0.00878759276241823 0.0263964943809412 0.244200138234903
0.0428336009398034 0.0454990537869712 -0.0239967545754272 0.331717226146713
0.108009911414756 0.150248916072387 0.151877526505954 0.12507790468693
0.157031190257479 0.0426238379477167 0.144706571326357 0.0207549469972239
0.105654325809772 -0.0946554678787711 0.0699903928731536 -0.0925369864157341
-0.0495886450324212 -0.108127495037262 -0.0647993956441129 -0.0707951704239284
-0.117893678616734 -0.0232750960593214 -0.0476632180142015 0.0522550050361723
-0.0991785327464716 0.0622249489112561 0.0503706584871169 0.0191877691394444
-0.0419643228629202 0.100025577368747 0.0656085704493206 -0.0623946537272055
-0.0157965795861946 0.104708141029014 0.0528668010195611 -0.125978522639192
-0.0326869860484667 0.10077790854339 0.0565359764797368 -0.16523905171756
-0.100330188655477 0.0858680650042197 0.115888077304737 -0.182944740008655
-0.124032192574324 0.00521872140764647 0.18585027513723 -0.130383571263069
-0.0726309641848953 -0.0877847374060728 0.22449232919816 0.0285805459661504
0.0589055882670973 -0.116914222565054 0.15322893736484 0.161869628318768
0.149277510326119 0.0158571151521276 0.0219568950185462 0.224208922731213
0.11575167012062 0.139769916396673 -0.0241652454373377 0.285739981922518
0.134114026821271 0.213721281670695 0.115598401257389 0.0771041284007496
0.221306765418886 0.0652682216946032 0.161042566797927 0.0192910542006458
0.158269489775896 -0.132418844710206 0.0755967728188766 -0.148033047294258
-0.060851151743631 -0.164967535684352 -0.112747622015947 -0.105913618962573
-0.169051113595341 -0.0472022848126817 -0.103002408776358 0.0696071407861035
-0.15350643754334 0.0820023513748476 0.0165112591304946 0.0644568015184731
-0.0722665983269907 0.143816769790047 0.0478040146764481 -0.0108788665158774
-0.0298233961398537 0.148806941262408 0.037161615215652 -0.0747696597769543
-0.0479399846002053 0.143047744481369 0.0373097100425786 -0.116869514529983
-0.139443299107876 0.121851542506882 0.0838245828059389 -0.158698835920593
-0.179917355386271 0.00894280470718851 0.161202591352124 -0.140907770164552
-0.115783793957111 -0.127751317142943 0.22255279810538 0.0245226210779587
0.084482501405956 -0.184008263189365 0.130701774032148 0.163217532370625
0.232768650154508 0.00938791512476828 -0.0107680684403663 0.187907780648585
0.18024369998671 0.205329053276282 -0.0413737331643678 0.208073178601803
0.135968765040739 0.2507373914652 0.0932299751888144 0.000533662658171953
0.249816070853277 0.0833871867214808 0.169472767616418 -0.0357189641435799
0.185119507493802 -0.143465683115034 0.0403814817837121 -0.209239591873477
-0.0561723719635826 -0.189445152245511 -0.170990298719471 -0.123355966159708
-0.186735695607478 -0.0657659788347715 -0.157676294217235 0.0837767330782075
-0.182143037641728 0.0843571715302868 -0.0309867537757368 0.108983847760984
-0.0925642542973662 0.163218435078361 0.0163056880576728 0.0532323555618778
-0.0390386621060618 0.169199861263655 0.0188021253181948 -0.00941931576010476
-0.0544101238752291 0.166380940173615 0.0176159146779924 -0.0576082214706012
-0.158933512316403 0.145273991452945 0.0543276142922468 -0.12132044240274
-0.216096232912694 0.0150836615598681 0.134038540107343 -0.127950430720946
-0.149599172076742 -0.155193299018855 0.199608935437449 0.041615153851428
0.0980006624258649 -0.232161219895354 0.0788121052911182 0.160830371371793
0.283660531462371 -0.00216993739629515 -0.053911960018844 0.133032310965984
0.220880218234445 0.2345510856731 -0.0715418598098329 0.113544317707692
0.128221697218058 0.25205730976733 0.0778411342248359 -0.0987952595680233
0.244127190155641 0.0845312547974016 0.139206296770449 -0.11889064479493
0.179326669528771 -0.131211073330968 -0.0207015060092226 -0.237486843354569
-0.0421610584551993 -0.180907277691436 -0.21108798269717 -0.1156604518047
-0.173901515557589 -0.0735090062836496 -0.198012014148031 0.0897444915242162
-0.180367853182018 0.0734855705896854 -0.0827051051526594 0.145763762327517
-0.0951734938926461 0.155664088005095 -0.0189889604951704 0.119204567336805
-0.0419394561604187 0.163474567399003 0.000477539765870818 0.0585061314516449
-0.0547973228279501 0.166386150878192 0.000402555981924816 0.00316460543475564
-0.161173366946261 0.14837011092353 0.0285792601640993 -0.0740329455041416
-0.22684068864772 0.0117262425035275 0.102142892513996 -0.091346286146026
-0.154767630042333 -0.171849760183952 0.148036896987325 0.0646003863525386
0.108450760800875 -0.242992181814334 0.0126940714168568 0.135242589092101
0.293262303440406 -0.00618331072078641 -0.0842414416014363 0.0674805470081267
0.226638279933696 0.226275213686062 -0.107502115288664 0.0232739675656684
0.109062040969435 0.213410425923637 0.0556788223945254 -0.200936295864046
0.205421059262388 0.0686462986206271 0.0782366156315884 -0.188287481411909
0.1462618766231 -0.102574473344901 -0.0754265620576351 -0.231169155177421
-0.0249270845282799 -0.14503911473846 -0.22648744212709 -0.101410464871059
-0.135784705862405 -0.0688713816406455 -0.222882012015542 0.0844617207276384
-0.148754700684689 0.0526329575723887 -0.129182275035871 0.173031937829451
-0.0813773018790868 0.124795556860494 -0.0514622536454503 0.17792113845006
-0.0384073755281775 0.132605905852833 -0.0179256778383553 0.117442930559652
-0.050254172025742 0.14199380010324 -0.0170397338059643 0.0574801071254369
-0.145011382753574 0.126155497495317 0.00317454891241829 -0.0231974941697371
-0.204288098847825 -0.00412584743117434 0.0579696510727971 -0.0483107586687105
-0.122370842044584 -0.168144963290535 0.0828225456843663 0.0672012143971907
0.111801929693303 -0.204798670724867 -0.0289624110272892 0.0890961108283692
0.253676209425831 -0.000288478759593337 -0.0874456326203674 0.0206085796515144
0.190381687500107 0.185084097663611 -0.142211858115559 -0.0489782593575564
0.0788525337023051 0.138637874712345 0.0289159850151615 -0.277656156202373
0.138411980189778 0.0428023431202489 0.0148071272704137 -0.225792419000147
0.0934489900135566 -0.0624239909811603 -0.111307789017503 -0.210551297707409
-0.00729435482712013 -0.0918625391486314 -0.229123276676287 -0.0853421171751191
-0.0792368852316555 -0.0532263788249726 -0.234180572153503 0.0796051133271002
-0.0940133760066596 0.0259931580751519 -0.1599482822235 0.190573993426501
-0.0542584653231473 0.0762379883338321 -0.0744844784252891 0.218702316558133
-0.0295471556984805 0.0811389648122247 -0.0332202402928317 0.158778290434355
-0.0380097884407477 0.094973328393923 -0.032729378879254 0.0967744736506789
-0.107242494823566 0.0808812712801212 -0.0220379335301101 0.0160374470962888
-0.14258112470241 -0.0210906448036068 0.0130745892220589 -0.0190721916417337
-0.0658075423068217 -0.129361848395087 0.0359729206686576 0.0465393657882491
0.0892083988624056 -0.126093879114904 -0.0344007458989103 0.0527410386401628
0.166651644466204 0.00460828178264802 -0.0801336657477725 0.00535119192572777
0.117346845619717 0.111227247060693 -0.169689475746364 -0.0982294604430262
-0.0297682288324187 -0.0290459687775017 0.219487417842758 0.153032792700976
-0.0524860123907339 0.00618791289637635 0.150268352149991 -0.0326004318825947
-0.0386028059703843 0.0362596847910606 0.0410752499832562 -0.0674807618264759
0.0144097363943026 0.0527654752133408 -0.041337271294405 -0.0371419950971767
0.0470168816992854 0.0161903177968813 -0.00852971760048792 0.030282425355012
0.0406650040790795 -0.021460682156373 0.0545616795348497 -0.0228389648841652
0.0220670669735021 -0.0328811693331431 0.0625805909001315 -0.0976501602967941
0.0182911819789714 -0.0230930771982817 0.0628912800687786 -0.165224109409013
0.0223685003229095 -0.0134275461955015 0.0850341596344645 -0.209366406202326
0.0297961581896992 0.00617418430349749 0.164044202914993 -0.195420772550495
0.0236892927521261 0.0254001384567412 0.226951332060206 -0.0852691609514819
-0.00428592178969431 0.0333829892395802 0.218743366479812 0.0710994705185482
-0.0434855899108591 0.0212854693006809 0.130627472081168 0.188856827031909
-0.0576052813873084 -0.0146350335881472 0.00139209644788835 0.259212553139662
-0.0248477906121493 -0.0669006135148355 -0.0456946526498685 0.340404581711289
0.0504553594065799 0.0689026295549216 0.19632340027154 0.152225854496734
0.0617666856181959 0.02437842104658 0.148108878010443 -0.00961858712709563
0.036559116752101 -0.0357702596558649 0.0493608781691724 -0.0697782825157314
-0.0239407447974536 -0.031226622475103 -0.0423943162592741 -0.0427458239564506
-0.0422385961399495 0.000282716794020049 -0.0114904936660802 0.0405069256650386
-0.0309836115558248 0.026522498087897 0.0646443551943899 -0.0139668130081204
-0.00808001602174331 0.038354813155638 0.0714636295433363 -0.0948297511593282
0.000758713577013672 0.044512038382969 0.062706957166051 -0.159695894489206
-0.00922474684751752 0.0482488215249483 0.0777481823465738 -0.199401694334262
-0.0429412419060902 0.0474913684863303 0.148432691526624 -0.195569260092355
-0.0554941569932523 0.0106907312662733 0.213227626163707 -0.107461811915518
-0.0350582700149064 -0.0339622179625196 0.223468716802144 0.0504372166188732
0.0162670886812007 -0.0460410799917653 0.149014611720734 0.173550157105114
0.0494939038909047 0.00942347111908602 0.022896536496399 0.250876760212786
0.0434431351369607 0.0458855012661135 -0.0295380245831478 0.336242605994401
0.106608439868534 0.154340842474837 0.1550702419107 0.129097136842863
0.159771489037482 0.0465373467105056 0.148748134608396 0.021641084663582
0.109595248383349 -0.0950231786726068 0.0722182582254121 -0.0949322427731397
-0.0485627568717679 -0.111622792572339 -0.0651823953086504 -0.0735739565564645
-0.120774172726674 -0.024744849790904 -0.0480212755799437 0.0539275496544274
-0.101542163595787 0.0633065784563544 0.0512128418659875 0.018657700076223
-0.0426555215392449 0.101392088617419 0.0672878669370338 -0.0638404118746988
-0.0167501268093442 0.105581618099885 0.0550781903385645 -0.12917865586256
-0.0341978779073989 0.10290274815899 0.0605757881806874 -0.16771694982441
-0.102889676401096 0.088333855874427 0.119261627539387 -0.184098009452126
-0.126414276433327 0.00454997629659345 0.188944057947464 -0.12951940869305
-0.0742385008417442 -0.0901074737652443 0.229045584652635 0.0307401867151706
0.0614971804916108 -0.118026696665964 0.153814398989756 0.16795857417352
0.152723041158662 0.0176531860482757 0.0189656604383483 0.230342368838244
0.117434808838722 0.143489458012838 -0.0289215230593224 0.288552231385673
0.131390860769746 0.21901377572451 0.118438312775716 0.0805205279435138
0.224794412717726 0.070011115485456 0.167198216075981 0.0219096720011377
0.164743596314333 -0.133489170556494 0.0797524366281491 -0.151145936461668
-0.0603915667630523 -0.170411299934038 -0.113741902464481 -0.110867581857021
-0.173586858682525 -0.0492309779305267 -0.104023076549644 0.0698934368653758
-0.157377912820621 0.0832597590783645 0.0169680535941386 0.0639534320427421
-0.0742301926217539 0.146191613627066 0.0484093634998136 -0.0112733270019991
-0.0318050062571779 0.150612451321534 0.039040186245939 -0.0760917856654951
-0.0491049734723272 0.145679969833776 0.0404762937619824 -0.117946897442052
-0.143489299889704 0.124449630149224 0.0863535111945642 -0.159948016792086
-0.184470007041797 0.00815502007614569 0.162474375743995 -0.140294211288926
-0.117561936344863 -0.132110604162495 0.226553923648221 0.0276485038216986
0.0885174915763084 -0.186932849570108 0.132390370662077 0.170190406899778
0.238565707042851 0.0122806339576204 -0.0129892223497517 0.192081677013653
0.181713780675549 0.211924038690845 -0.0460210869721454 0.210058927198835
0.133283165799477 0.25735278089701 0.0977533561925195 0.00204857902579153
0.254370645677606 0.0875290957912359 0.176811320488007 -0.0340846697590417
0.191812239903989 -0.144541023396589 0.0447989865888168 -0.213267700972111
-0.0556117535660853 -0.195184374941755 -0.173393017967708 -0.128565493003429
-0.191283136236817 -0.0690281354369039 -0.160437657042873 0.0841453477916299
-0.186639571902578 0.0867906107673003 -0.0313542799230426 0.110469922600678
-0.0950651693938294 0.166300403475824 0.016267985285913 0.0539158474148125
-0.0418353272876966 0.170802087608433 0.0192389891366553 -0.00965409930986097
-0.0564721451447717 0.1688566220233 0.0202432984936091 -0.0580625087788504
-0.163237551090906 0.148594790112312 0.0561241903215053 -0.122357017978195
-0.222033606883511 0.0148728344489656 0.134687439469699 -0.127390815144927
-0.152424241408763 -0.160743711592079 0.204067114443984 0.0446480150857329
0.10364958039287 -0.235989040763578 0.0792057210544 0.165794072099214
0.290171195894091 0.00136456786690831 -0.0575213068776727 0.134545045662339
0.224198002008124 0.241912966039515 -0.0748110201154431 0.113639222445994
0.124094291153834 0.259341746351082 0.0833641556959122 -0.0990337200987405
0.249200050942251 0.0880362954369226 0.146579313684936 -0.119516864980806
0.186222799709168 -0.133058029128555 -0.0173417937550615 -0.243381378377653
-0.0424768501938994 -0.186261046106738 -0.214242681899321 -0.121692763564869
-0.178221582820429 -0.0761634027506469 -0.201543094499013 0.0889525273566891
-0.184712688829841 0.0750723901842113 -0.0844397671996469 0.147541837628861
-0.0973734500534296 0.158729338349563 -0.0210889921229759 0.121379584184798
-0.0450450533107787 0.16535306306421 0.000298981688120264 0.0594421710742548
-0.0570817889711984 0.168903408706874 0.00193997309231514 0.00438074093744039
-0.165939562422573 0.152169373961208 0.0298434266360558 -0.0735226963180138
-0.23337083379359 0.010665053372888 0.101728531906275 -0.0903215866539135
-0.157478061334333 -0.178294653891294 0.150867157729361 0.0674694538688291
0.115564428545175 -0.246371401812169 0.0124247482539912 0.13880866375291
0.299505894539133 -0.00200118063693814 -0.0865641820621022 0.0672045843221088
0.227881392211419 0.234376265973168 -0.110024039198019 0.021719073374238
0.105985494988767 0.217948153985591 0.0631959188502074 -0.20229160719997
0.208878570716108 0.0709644066477585 0.0849660693590256 -0.190554554900028
0.150517682011611 -0.103467133375779 -0.0729824770801046 -0.237447902370825
-0.0247185662716826 -0.148334682111705 -0.229648573676912 -0.106342702129395
-0.13921496543342 -0.0716766326438708 -0.227539062984246 0.0842308641170698
-0.15129535591263 0.0541894764389256 -0.131162501341754 0.175152417125317
-0.0832647841169868 0.127274625057534 -0.0535565754393414 0.180533833031775
-0.0414121729542263 0.133985739435744 -0.0187158133921329 0.120180933623759
-0.0522056293921295 0.144691359678717 -0.0158461219986426 0.0596302409722305
-0.14904447855149 0.12923766451931 0.00278918980084697 -0.0220083605586659
-0.209484500840137 -0.00517456484998908 0.0563953521914399 -0.0465735452820577
-0.124472059519288 -0.17444237558635 0.083949018222232 0.068856025606561
0.118469523238935 -0.206881021141021 -0.0290790172067769 0.0914103496078132
0.258330142595245 0.00373027162065193 -0.0890482401104758 0.0199448873382859
0.191955038280709 0.191832592675727 -0.14462503660404 -0.0519810742645679
0.0766619125447628 0.142308946707131 0.035335383339345 -0.280931861012297
0.14010141413515 0.0434619939525121 0.0207652472339212 -0.229288428622606
0.0961098103154386 -0.0636764803682488 -0.110223867562114 -0.215757873996297
-0.00765484891121042 -0.0937276853676219 -0.232345905161187 -0.0900833262913395
-0.0821880908643365 -0.0550448446874547 -0.239709987013279 0.078397923562544
-0.0953869794156173 0.0270643574146892 -0.162910233906668 0.193307879137875
-0.0551528078115224 0.0783270304952488 -0.07722269747429 0.222225752495491
-0.0313771808129714 0.0818124247223426 -0.0354858553259088 0.162113266977241
-0.0390036109378353 0.0967362560055744 -0.0334002979877631 0.099194440644571
-0.109866847031499 0.0825075477602888 -0.0238410661362404 0.0179370421502088
-0.146878462009413 -0.0223939361875652 0.0111554616171197 -0.017682422278994
-0.0661511995793944 -0.133543825975339 0.0362423876849206 0.0475530790501613
0.0934657505293884 -0.127553958252476 -0.0337355833984427 0.0544432608920332
0.168999121921595 0.00809722394116213 -0.0819650116976115 0.0047486819004262
0.11784967378065 0.115414358594466 -0.171392194120104 -0.101686028009261
-0.0304729686764312 -0.0289596033592837 0.228468317517394 0.150266397659428
-0.0538286429862273 0.0081635291592849 0.153106982239899 -0.0391299941889761
-0.0392619784440385 0.0382825799834416 0.039669368262585 -0.0725030193428063
0.0168356809266295 0.0539359290009998 -0.0438773787861027 -0.0369645801165523
0.0496935364514605 0.0154208586686471 -0.00646691469778878 0.0313496424875926
0.0417362928354477 -0.0241505392461779 0.0545686061219302 -0.0256245923274155
0.0219952520006683 -0.0352074629653531 0.0616685361750614 -0.102515998761433
0.0178425477602495 -0.0246675996454017 0.0600702265374381 -0.171610996164882
0.0229274149647185 -0.0142852670328046 0.0822220142221874 -0.218309281185101
0.0305205087000754 0.00528584675897049 0.162229059945086 -0.204482737253869
0.0244086180260523 0.0249880046485597 0.230722127898092 -0.0927971758492824
-0.00353342609546222 0.0343866444961226 0.226383317406742 0.0674265013936002
-0.0443155987158163 0.0238010159387656 0.137163435046019 0.19116325973018
-0.0592816816458276 -0.0138038053958128 0.00682335415401305 0.267503872135728
-0.028087229277448 -0.0695286154114962 -0.0401612841296526 0.348951720778907
0.0530731778619945 0.0690740551584809 0.206070918798727 0.150952662926948
0.0646110161764514 0.0245932885663234 0.152537755955999 -0.0150957916883576
0.0373607736716451 -0.0373174968967892 0.0485600198019654 -0.0748019652985028
-0.0247330702370898 -0.0319766837449247 -0.0449108397712392 -0.0429153619715742
-0.0436891780289537 0.00120143687642047 -0.00917037085449473 0.0419085615195326
-0.030997287727072 0.02809316716719 0.0651554697698299 -0.017319248881879
-0.00653311886720462 0.0386277168055231 0.070843892688706 -0.0993123410325346
0.00208967592705584 0.0454267671773945 0.0614875940934744 -0.166349684493401
-0.00758918497625492 0.0495789767402379 0.0749574918987057 -0.207106044048686
-0.0420760827703028 0.050802560534103 0.14590720869364 -0.204677730770087
-0.0571599760677503 0.0121938637746561 0.214870830646827 -0.11542886419575
-0.0373071892895061 -0.0338461877962499 0.230467500322019 0.0461551450682053
0.01592431824471 -0.0471934034650536 0.156605442136784 0.175182550760384
0.0516919180194756 0.00787670938324916 0.029361743807545 0.258167144282764
0.0453285827016228 0.0451037920980754 -0.0233216890604043 0.343108076007429
0.111526556224647 0.15581871547588 0.162785816541037 0.127960254788131
0.16510694887922 0.044708247325584 0.154883993044581 0.016903068730137
0.111467599472083 -0.100021197492135 0.0722933526689254 -0.0996951705795577
-0.052654718944035 -0.114370448593237 -0.069051976764378 -0.0747952201899655
-0.125927931412729 -0.0218901332338955 -0.0461972217405893 0.0568015598307881
-0.103207505399553 0.068940468892952 0.0531838998060049 0.0160066592067109
-0.0405899677142182 0.104932527190564 0.0671772190634415 -0.0674897273639812
-0.0147741809450907 0.108702316487372 0.0538346599705337 -0.135024666905831
-0.0316367829565396 0.106849426040287 0.0592253764535796 -0.172971257401103
-0.102893320382366 0.0947835271685006 0.117016743152341 -0.192323555593213
-0.130956657484734 0.00890687401944606 0.189180173430896 -0.136079975357955
-0.0789174946096041 -0.0908440013693962 0.235960645216618 0.0262917885240761
0.0598573298862537 -0.12264268485696 0.162127393367893 0.169439872625602
0.157894338439233 0.0133239242680203 0.0248414609459866 0.2371423175548
0.124296165046874 0.143861670907066 -0.0235376430464838 0.29571926387942
0.137766445279152 0.22190930582689 0.124908213866108 0.0800013429033621
0.232675697505126 0.0668981517700268 0.174570471269453 0.0175817261134475
0.166525691131286 -0.141314011319191 0.078876080111084 -0.157798922063368
-0.0668048303946555 -0.173983434855614 -0.120137455877628 -0.112022444858945
-0.180609633758722 -0.0455407668842657 -0.104087657828425 0.0744102949924123
-0.159100111184956 0.0917539995764624 0.0190581526613043 0.0640405881794275
-0.0716651277619929 0.152736672065683 0.0487450761019582 -0.0134505859061068
-0.029126091013447 0.154918911291389 0.0385910140721062 -0.0801740046260224
-0.0465044322822582 0.15047270921711 0.0401705880737223 -0.12127939052887
-0.143448391016294 0.133448668730068 0.0840121329554076 -0.165151802099307
-0.190443443223255 0.0145413865837179 0.160902917854609 -0.147038991694728
-0.125612431922045 -0.133019416802024 0.233888994800543 0.0223017883162475
0.0866715913844861 -0.194406004140289 0.140737090988957 0.17147903384587
0.245453039781235 0.00627371910574414 -0.00981293902375636 0.197868697886125
0.193158733258513 0.213024808573257 -0.0421685393710066 0.214460836362068
0.140156088213522 0.261077318378805 0.103209806518057 0.00152814956003068
0.26396039009069 0.0833132235577533 0.184430308646373 -0.0390987564595982
0.194677261163655 -0.154664027904845 0.0416687675138972 -0.221702017272718
-0.0632370355487187 -0.200469480680253 -0.181606045967067 -0.128879442348833
-0.200845347795419 -0.0644639258325426 -0.161296475882127 0.0911565549143147
-0.188997437803776 0.0959792438039395 -0.0289837221015726 0.11248329914614
-0.0919686487009917 0.173641511462311 0.0174839007220084 0.0548468922491645
-0.0388071309026322 0.175764048504445 0.0207368843071986 -0.0103561923319974
-0.0527007937768579 0.174083623942925 0.0215630336163374 -0.058814677413932
-0.162624231041976 0.15933675148762 0.0541105061920495 -0.125682253230547
-0.229669608879149 0.022169787895924 0.132275387082915 -0.132046732489063
-0.162091141098942 -0.161983692434351 0.210556857184524 0.0408229001914099
0.102053590939099 -0.246012343465506 0.0862602554947208 0.168685354015515
0.29910596989569 -0.00524281313869032 -0.0573129581257563 0.138974669687272
0.23649926615651 0.242824942176313 -0.075004852193787 0.116697850361276
0.130708575243281 0.263267566987512 0.0865550244476355 -0.102489082711404
0.258419540665898 0.0834140507647138 0.151228446637569 -0.125912189761791
0.188524298877663 -0.141991466381949 -0.0223494506538741 -0.250269543914505
-0.0491566219182008 -0.190479935331525 -0.223638156319255 -0.120387046814525
-0.18774785556392 -0.0727809303504318 -0.204803079193509 0.0964984156168248
-0.186710686915035 0.0844167054614508 -0.0818863041867378 0.152283865978041
-0.0943754577327125 0.16655281499443 -0.0177015804975324 0.124768283327756
-0.042081680746345 0.169532849432217 0.00224791137906535 0.0612527047833098
-0.0530879408721493 0.174647515786871 0.00398033407720452 0.00449782526678829
-0.165854742984401 0.162900825506214 0.0283969063505945 -0.0743916129413808
-0.240892051100128 0.0190480967042582 0.0998890329036471 -0.0924590740180662
-0.16838925099437 -0.180595302879819 0.156538982474661 0.0661816717366338
0.114393179137003 -0.256207196040724 0.017448224165324 0.142658885256434
0.308130161474442 -0.00799431119403198 -0.088221448315169 0.0698917989784826
0.240990986794627 0.236027512083774 -0.113004647801407 0.0231994587270543
0.111208615085933 0.221912491682742 0.0634719641047614 -0.207700618737188
0.216392507640062 0.06653545579381 0.0859792412646125 -0.196988701097935
0.152460716846521 -0.111148512891909 -0.0797629255218897 -0.242478471026696
-0.0302000520714073 -0.152009731049802 -0.239067387735551 -0.104373696621628
-0.146998897111425 -0.068662302671477 -0.230875345617312 0.0921775675043396
-0.153456111813825 0.06187539710382 -0.129088708031026 0.181813673693794
-0.0805064892158401 0.133878977411145 -0.0502243079363081 0.186442505513288
-0.0398243595900986 0.137801629930421 -0.0162926438991456 0.123753449870062
-0.0485621887584786 0.149034159959382 -0.0131574501676693 0.0618538431761498
-0.150282652030213 0.138585854096373 0.00221148379053216 -0.0209609545579866
-0.216943667596855 0.00085762362198973 0.0545691829599041 -0.0464649570657745
-0.13340961988907 -0.17678748260701 0.0883356680294116 0.0683577145938886
0.118276956205342 -0.215259235590747 -0.0255623936479804 0.0940058545743327
0.265893664097688 -0.00120410358303733 -0.0915099892417329 0.0213107537901072
0.201796659382273 0.191904316906333 -0.149042262762808 -0.0504765796134039
0.0796096607235573 0.144409861271926 0.0335276009221638 -0.288086791853108
0.144771492757809 0.0391269127036059 0.0182370067518731 -0.235618944138539
0.0972352339416407 -0.0686065078882828 -0.117065386321469 -0.219860267090376
-0.0105138869216804 -0.0960833765252249 -0.240208809410862 -0.0861819710534319
-0.0868271399424531 -0.0534411611887353 -0.243988444234413 0.0868053950884169
-0.0960172523003232 0.0317210788426018 -0.160680084306921 0.202370193350655
-0.0535439144310928 0.0820663465906027 -0.0733183456941294 0.230917599839868
-0.0312334304925086 0.0838184265102746 -0.0312511208139833 0.167845701283125
-0.0368745089671312 0.0997177393038433 -0.03070859457896 0.103432837178755
-0.111133450553028 0.0897749296594233 -0.0240509746019897 0.021468653142621
-0.152871826215315 -0.0185603453081069 0.00846253834146237 -0.016023810665546
-0.0725941443894409 -0.136439731865652 0.0377559138833926 0.04747122532771
0.0948702516800211 -0.132380806698337 -0.0318676069340305 0.0561929519267262
0.174240931240509 0.00525884098702054 -0.0838931954973073 0.00714490813164643
0.124069074526537 0.116222880058778 -0.177151953340386 -0.0996849387459536
-0.0309195234760505 -0.0278480977366184 0.2361938090002 0.139616734170847
-0.0531830094036965 0.0114656532520975 0.152407479660181 -0.0493454060931899
-0.0375664950314967 0.0410964147014648 0.034812780863528 -0.0761971079222501
0.0202978885908266 0.0534233272669605 -0.0453282953954411 -0.0352833787874604
0.0518044212725978 0.0132886637763552 -0.00356697000950003 0.0313635683153633
0.0406097159021705 -0.0263861091001745 0.0527507332317276 -0.0291790120321337
0.0205111412744009 -0.037729069156 0.056806900268127 -0.106498769539322
0.0169762618427971 -0.0260096489262429 0.0518964824869811 -0.176031094060446
0.0217677768213078 -0.0148531383545917 0.0708841262958965 -0.222705590437087
0.0314813744899578 0.0036805694957295 0.151592826519238 -0.213381581295195
0.0253924950064253 0.024232571290785 0.226301332434566 -0.10505903536545
-0.00194896802779965 0.0344994184212957 0.229648656888053 0.0564287059346183
-0.0429684543683157 0.0262851796024969 0.144804041006357 0.185437591292433
-0.0592241633609987 -0.0119170139225592 0.0185496554383481 0.269184480711038
-0.0324473715726381 -0.0695601314777044 -0.0249424873122635 0.349842516940775
0.0554640760842163 0.0670915954953455 0.213238451168736 0.140436678386779
0.065848050909285 0.0223034205488829 0.152345447527937 -0.0251866090850212
0.0359584199059385 -0.0382653761455416 0.0446493653737718 -0.0786067730538146
-0.0261708777768699 -0.0313321539031412 -0.0475073484379163 -0.0416557006437461
-0.0437240223532027 0.00367629882871848 -0.00604847124583704 0.0420538623966813
-0.0298031180804805 0.0305059092878645 0.0635221499055694 -0.021561832935838
-0.0047333545869404 0.0380720052391763 0.0659138019091528 -0.103795316579256
0.00401038572266538 0.0450880277878462 0.0530321281854601 -0.170589654164947
-0.00495892953356578 0.0499250321874236 0.0646115376755952 -0.211580504138106
-0.0391120180843506 0.0534070788035562 0.136064090885437 -0.212046746130663
-0.056123806279603 0.0156145547908739 0.208492890634614 -0.124576154971815
-0.0387150151855879 -0.0317114660637758 0.232468889041111 0.0349250138912395
0.0135352524338256 -0.047438704940905 0.164578717801217 0.16877517271721
0.052332873153615 0.00504810991326581 0.0406710464721238 0.258275877893914
0.0471211961713761 0.0419189020770031 -0.00802875857169251 0.343093072169484
0.117580792253721 0.151313215550492 0.169903672033398 0.120062750667834
0.16730262433578 0.0379692792803668 0.157561539001249 0.00852119211779613
0.107553312105671 -0.104842740357589 0.06736578568218 -0.104388458847306
-0.0580813649843722 -0.112138327308847 -0.0732615687793584 -0.0726784223974758
-0.128032846008589 -0.0150355044231285 -0.0421233855365896 0.0582421164746211
-0.0993945033954112 0.0749759951936362 0.0531841479641498 0.011912280477942
-0.0345546853568145 0.10704875888778 0.0638177933620769 -0.0715040387063824
-0.00984557918452936 0.108749845144327 0.0471908508572659 -0.138117887421224
-0.02596538152262 0.108204627091167 0.0508567016209022 -0.176432649855234
-0.0973059641746508 0.101380191843882 0.107527486889453 -0.197625067615119
-0.131219794046594 0.016091155669585 0.181596479380275 -0.145198236168777
-0.0848989568141532 -0.0868264146127579 0.237434127818575 0.01475468233805
0.0548414113356506 -0.125780465427007 0.170389182857945 0.161494411170867
0.159462367706255 0.00552974132079173 0.0352008700231832 0.236543579094844
0.131064957139003 0.13699264356468 -0.0112025644327308 0.294792048930527
0.145745711679069 0.216416805128376 0.131283228321452 0.0738620735407689
0.236394057086007 0.0563476656940731 0.177559666793054 0.00831533594775003
0.161621168207956 -0.149820286067381 0.0722806835789063 -0.163062896601651
-0.0752586486521718 -0.171693242251287 -0.126021034758496 -0.107391039144709
-0.184522363852783 -0.0355283024634676 -0.0995317321760414 0.0792053705027868
-0.154702148839719 0.101196700403987 0.0226051560956084 0.0610014372307618
-0.062463762090123 0.156364657210738 0.0472364105216651 -0.0159667140180797
-0.021555111251043 0.155570143507609 0.0346520756819955 -0.0825667119452272
-0.0384851699282685 0.152814702931665 0.0357187058910114 -0.12291590502982
-0.136037399732028 0.143130485141214 0.0760701707616718 -0.168373749562242
-0.190823860978553 0.0260580761080688 0.152093811262802 -0.15250123324434
-0.133319560655779 -0.126402509782095 0.235559199361958 0.0112100715369736
0.0784756687024515 -0.199197812246593 0.149554697866427 0.16506212081686
0.247780408257971 -0.00602170006588701 -0.000930670285835373 0.198787855413497
0.204019227562288 0.203176097748545 -0.0339861407797738 0.214379056545975
0.148950146978208 0.255903851530592 0.1058605383458 -0.00291664029032078
0.267480920172911 0.0703069547276689 0.186056336711623 -0.0477759212133934
0.187983698659335 -0.164724122539188 0.0330101111572488 -0.224820766161876
-0.0735273014954896 -0.197641518365644 -0.188737163664466 -0.121892788511437
-0.20598707780361 -0.0530997747357896 -0.156528957861402 0.0987747436166639
-0.183835903240637 0.10773080760741 -0.023051949162426 0.112313129186567
-0.0812624274207776 0.178637123093345 0.0197386847177882 0.0538822124586355
-0.0304510369472981 0.17751702969826 0.020232238527001 -0.0119666040403998
-0.0431229682623557 0.176693299426004 0.020461746591058 -0.0601040850268881
-0.154759349727878 0.17047031088915 0.0484211158962015 -0.126773796169551
-0.229686118711608 0.0359977613395768 0.124576544543291 -0.135827917021883
-0.171849653427717 -0.153485678420366 0.212674132777981 0.0310889447129591
0.0915862518978167 -0.25222529962899 0.0944350068681639 0.164725040639252
0.300654805707012 -0.0200225944792336 -0.0511661106399412 0.141269753718989
0.248489329627608 0.231888800182594 -0.0704468985813299 0.118429511908311
0.139798525949807 0.258834084265996 0.08544943272315 -0.105852090766854
0.262261549172203 0.0699496442949709 0.14896071443322 -0.133933293742403
0.18173695153189 -0.152398759645193 -0.0332628229865064 -0.250835976603486
-0.0595440038682434 -0.188337695576792 -0.230418151090802 -0.111329397875971
-0.192736937498247 -0.061967969787844 -0.199942507268025 0.106404979931577
-0.181766468540791 0.0954195709599387 -0.0739173455709222 0.155283522838107
-0.0846236780645142 0.171803351457733 -0.0118621043755509 0.125831457030685
-0.0349181758690541 0.171393232426506 0.00510747534802325 0.0606671687539453
-0.0441927856645984 0.177100012480625 0.00619193186185761 0.0043985095986269
-0.157320142868592 0.174078166733951 0.0252450819765868 -0.0740402129196445
-0.242584331633647 0.032397261815152 0.0927033603117642 -0.0938426902734261
-0.178864875709907 -0.172801975977999 0.160203130907633 0.0587076036236588
0.104656582653477 -0.263603614970435 0.0247312333660934 0.140360681799888
0.309201119851759 -0.0221017580106344 -0.0864387400870821 0.0731251354371444
0.252808596502968 0.224448584577279 -0.112301264929285 0.0276575748885794
0.119260842550019 0.218265274073131 0.057689738225525 -0.210804162674022
0.218723908463337 0.0536743637446979 0.080004089099844 -0.201714263430284
0.146662539684096 -0.119700277135094 -0.090717045684586 -0.240130423449419
-0.0382122432058531 -0.150587301857276 -0.244173975196591 -0.0933196606049596
-0.15177529834692 -0.059516231077935 -0.226958911441733 0.104136158559084
-0.148874327329866 0.0709730501482318 -0.119976437429578 0.187324469289795
-0.0722192754172044 0.138193684312218 -0.0405051944067733 0.188878367046268
-0.0340918239763328 0.139618055092034 -0.0102070809923203 0.125735315116141
-0.0399032027385841 0.151301769192246 -0.00927196378688365 0.0628311924845281
-0.142561257594693 0.149138164678948 0.00123988858547161 -0.0193620014561803
-0.219359135353749 0.0131332461774944 0.0499195688029302 -0.0460244937745196
-0.143469071492383 -0.170629991286181 0.0912367943355064 0.0647469360761611
0.110894365879329 -0.22270589839823 -0.0203226272263351 0.0939786615270128
0.266505123201052 -0.0124835530474376 -0.0910447546937813 0.0246681957603039
0.211302695853136 0.182556183820913 -0.151990032667406 -0.0442438858421937
0.0843160338700419 0.141694808624136 0.0240955488424744 -0.289543841601212
0.145351856564332 0.0307165195495768 0.00913743426090633 -0.237007664435359
0.0939156109580653 -0.0740524071074673 -0.126862872022594 -0.214819782138638
-0.0157910937885471 -0.094409729372524 -0.244811521199642 -0.0751360251264574
-0.0911151464031245 -0.0481142025901506 -0.240280564304124 0.0984507829054464
-0.0930150849554155 0.0373447368595917 -0.150651325644239 0.209785838215031
-0.0482338833547865 0.0848339114406533 -0.0607256995017558 0.234653517230152
-0.0280615806244638 0.0852996182638669 -0.0233084058523301 0.17064730801648
-0.0315052686343491 0.100606485653884 -0.0243122138400351 0.105457194853707
-0.105946391465168 0.0978642779578489 -0.022885220300731 0.0243609552448331
-0.155959418855194 -0.0102738231596572 0.00572067722809179 -0.0134580971701956
-0.080319018157344 -0.133956541830563 0.0403253375170531 0.0453017537646184
0.0901620250785158 -0.137278402736491 -0.0273325776696736 0.0571310793574504
0.174296583054834 -0.00184290946440164 -0.0847425227540343 0.010600837926804
0.129667577751355 0.109906836341985 -0.182043220450141 -0.0906284052323479
-0.030835198821 -0.0263968975902696 0.233132370535831 0.124228777765223
-0.0504135304869878 0.013989287975167 0.144759510296887 -0.0562387150603009
-0.0338911895389942 0.0418030110322151 0.0298147297704696 -0.0766450993245026
0.0218336738429773 0.0508727925589755 -0.0449061803728282 -0.0321967161788994
0.0506931078921773 0.00994647821706656 -0.00094499480955306 0.0305600613284085
0.0380743960014416 -0.027490766234071 0.0483408583605681 -0.0303683846558583
0.0175108904095772 -0.0379797781972126 0.0511912463826134 -0.105240866781602
0.0156227078602444 -0.0260179220602025 0.0437383104699896 -0.173560079972449
0.0209410201648337 -0.0153794009905005 0.0583642650795898 -0.217860141059795
0.0305771352211337 0.00257485087984832 0.137420956277408 -0.212105620864467
0.0252927567296121 0.0220605150371438 0.215011409595541 -0.109800867985309
-0.000113854709894183 0.0331560131777545 0.22288863367829 0.0456782472615732
-0.0398313590158134 0.0276187755637604 0.146392737844254 0.1740540654152
-0.0575219570646753 -0.00970486438213877 0.0280271645588915 0.260330037634045
-0.0346834887707755 -0.0661324520310884 -0.0120771946418578 0.337535081163138
0.0556757447728252 0.0627022445862458 0.211743700494963 0.126384104712102
0.0649401333820284 0.0201585478838405 0.146658141181838 -0.0333931902794534
0.0341352490525 -0.0379757618126266 0.0395974966021638 -0.0791399642144314
-0.0257468065742159 -0.0288919582747066 -0.0484058730375362 -0.0385714295994813
-0.0420936303918048 0.00539828271369135 -0.00293013501249478 0.0406144759705877
-0.02712189240714 0.0307787612117889 0.060176644629478 -0.0242109757848014
-0.00281574531615729 0.0361192788317951 0.0590163063562516 -0.102478818900679
0.00561617955601712 0.0426203029721435 0.0450040273309553 -0.168178733699586
-0.0021384574995093 0.0485250334837933 0.0546672887555026 -0.20726537645857
-0.0356555123152359 0.0540648169397775 0.121615512947568 -0.209756919262787
-0.0542811202784523 0.0179228532699573 0.19623382243483 -0.128177745426887
-0.0389911699728421 -0.0288927124211118 0.225460255209286 0.0245755598644846
0.0119016759500933 -0.0457036665368828 0.164222711922877 0.156889044965265
0.0513423263951645 0.00136113404557908 0.0490038890016421 0.249143816908318
0.0465968428693035 0.0376596573311815 0.00325001993983996 0.329912822938704
0.117021343329938 0.141930381293173 0.169580631618027 0.10833618512039
0.163200590614739 0.0314050886442041 0.153469649116024 7.89007064679206E-05
0.101088104767158 -0.105597201137923 0.0611726260968313 -0.104210812783633
-0.0603628397611151 -0.106515413377845 -0.0740845056265192 -0.0678583640436292
-0.124927815506208 -0.00886844689188055 -0.0377046495255986 0.0569914168910994
-0.0930213821872024 0.0778367963821148 0.0512782049782789 0.00801844903826064
-0.0283190861264561 0.103589231037886 0.0580768701405858 -0.0719205530067482
-0.00532570447892001 0.105459935817753 0.039762984039979 -0.136038507495445
-0.0202676592779176 0.105686613818132 0.0434931768631278 -0.17256459436737
-0.0890346508949376 0.103786383811645 0.095476268707551 -0.194510736567616
-0.126274471885647 0.0221401218466779 0.167550585332254 -0.144857859028671
-0.0860034129232077 -0.0794396309764438 0.230004571669351 0.00444308235184949
0.0482175205971192 -0.124289091969341 0.170607400604017 0.149658787783547
0.155366713041185 -0.00137277545783829 0.0420145261998939 0.227462489273871
0.132078099968157 0.126345682227352 -0.00235895447889364 0.282781654197296
0.147159736225034 0.204179662120498 0.131198178861109 0.0659392419223332
0.230260718569811 0.0460259470593704 0.174114706773145 0.000593925145548311
0.151512792864763 -0.151547797387741 0.064350323920149 -0.160568711939057
-0.0800392732794433 -0.164018958920105 -0.126807018488598 -0.100602857045174
-0.181607193970779 -0.0259482328993573 -0.0928467956833703 0.0798123052127136
-0.145404851969873 0.105922003383315 0.0238861473068121 0.0565921142958272
-0.0531037755212443 0.152617871201934 0.0447274959869663 -0.0173828331185702
-0.0152959610515432 0.150348423717971 0.0304755303536049 -0.0819584494960134
-0.0303379248738037 0.14879662084221 0.0309196992084291 -0.121101917164012
-0.124413745565506 0.145974498418967 0.0665759987084796 -0.165664248976695
-0.184252296662415 0.0350508724353004 0.1396983560489 -0.150689447996301
-0.134677727383532 -0.116303595018223 0.22776009153654 0.00124868308523391
0.0685214292732837 -0.196501876856398 0.150687602384323 0.152811806066386
0.23948911023513 -0.0157750273486727 0.00515392826170615 0.192333786478284
0.205064295955589 0.187531671967433 -0.0271146566678525 0.205833444231066
0.150584478998416 0.243331251281941 0.104707774901236 -0.00707901335056688
0.26107532197127 0.0574648441477637 0.180570958769532 -0.0544616849168463
0.176588078547603 -0.167370900231173 0.0243631889697345 -0.219826377264119
-0.0796367940641927 -0.188592572625097 -0.188059359629511 -0.111323254520984
-0.202725005297758 -0.0419737773814894 -0.14697152623807 0.10105133158679
-0.172240202730905 0.112726530060753 -0.0179867338771054 0.108045402061075
-0.0694982889116835 0.175478007669991 0.0209909399042296 0.0511347691832418
-0.0233188081615064 0.171947778389457 0.0196513945772116 -0.0127874146805652
-0.0347736148019231 0.171732739322454 0.0190696745283103 -0.0593320832102214
-0.141192784318778 0.173288526922176 0.0416828618225139 -0.124162253218322
-0.221532265197155 0.0458020121141551 0.113203969505304 -0.132998477456806
-0.173750435036525 -0.141057891974402 0.20711270605653 0.0211028684171958
0.0797975643312814 -0.248494303773679 0.0978058638244741 0.155110830304548
0.291616140799474 -0.030408932256438 -0.0460857464781701 0.138289450859669
0.249350486071152 0.213286627896132 -0.0658342442333264 0.114918787561194
0.142118487221699 0.245374329025404 0.0820298198709661 -0.105139573353317
0.255085806699825 0.0568403577997403 0.142350477210035 -0.135301577851081
0.170054437392808 -0.155298934884483 -0.0411731435024853 -0.242488876936371
-0.0647434708586389 -0.179647459562119 -0.22775204695196 -0.0989658396563675
-0.190431297768587 -0.050270483049556 -0.188837207213046 0.110923546081326
-0.170398521481842 0.101448086567679 -0.0649583733417711 0.151508194459703
-0.0728898830550223 0.168785662657216 -0.00591389732931886 0.122129298214399
-0.027046667324736 0.16738699626337 0.00825863451587265 0.0588587887556962
-0.0346065626429189 0.172213067054281 0.00768115760659007 0.00373873567303236
-0.143779850856664 0.177186426812766 0.0219407689867568 -0.0718437109122934
-0.234144460418427 0.0437019722557989 0.0844774256112198 -0.091114232932794
-0.180838010075674 -0.159376361706351 0.156724522024998 0.0509682633560543
0.0929928100932095 -0.260544780383235 0.0297726522079131 0.134917816659857
0.299155091394309 -0.0331188226757426 -0.0820794289573621 0.0732428137774551
0.2530862288466 0.206501992820904 -0.108556695714477 0.0290438724784538
0.121374398560559 0.207675446043812 0.0508536779111279 -0.205629163598749
0.211523727294755 0.0423829228382865 0.0720793160218215 -0.198461411291563
0.136615263639885 -0.121978032556707 -0.0959321187284254 -0.230296907802217
-0.0435673273032814 -0.143227162830504 -0.2403095627936 -0.0808250114362812
-0.150854726711866 -0.049782861801233 -0.215651167566314 0.109078849626441
-0.140166787696588 0.0751396669829029 -0.107578301848158 0.184784975695522
-0.0624844694256864 0.136480644390165 -0.0308989367758192 0.184725620608847
-0.0280325268152466 0.136247751246734 -0.00414770821093372 0.122166646538895
-0.0328348291575196 0.146749373330904 -0.00466516419833242 0.0612639274046166
-0.130819896925709 0.151601006798647 0.000999385249044531 -0.0170450518335967
-0.212823668181742 0.0232838940505239 0.0447985348736858 -0.0428580599202923
-0.146263831626289 -0.159768229286887 0.0902575618756906 0.0587849642182643
0.100693129143875 -0.2203478877375 -0.0158344838348092 0.0906186800180424
0.258111073123871 -0.0212765814355869 -0.0888997520809954 0.0265421338841025
0.211356020421977 0.167567085528268 -0.148684385132506 -0.0370190383558577
0.0848412103307333 0.135273556183667 0.0151738375034056 -0.28108936323093
0.140203190336393 0.0227018313841661 0.00351678085927251 -0.229438920111403
0.0865521333283228 -0.0754947956988695 -0.130852863257097 -0.20394114755386
-0.0187925763838524 -0.090416787652454 -0.239483096346185 -0.0630123763082613
-0.0907775955075914 -0.0416805505851671 -0.228293149557145 0.1049703584705
-0.0875470030329656 0.0403984705354429 -0.136586537886232 0.207863609454343
-0.0419656104084333 0.0834328583561774 -0.0487224246028791 0.229173195186197
-0.0245391775949007 0.0838689675010482 -0.0155346921006736 0.166489307305163
-0.0260320129749328 0.0975298892297699 -0.0184306000895291 0.102614206852331
-0.0984372567429257 0.0993973808005954 -0.0214145280114703 0.0258763376947515
-0.152101655400662 -0.00244415453006855 0.00396118981939435 -0.0100965642866501
-0.0831696742552515 -0.125540394812667 0.0410822243698672 0.0420128644193578
0.0834344623891935 -0.136261226753517 -0.0241297201151199 0.0554947937577944
0.168871287441822 -0.00758076527990345 -0.0826698250528412 0.013187495222515
0.129294438833409 0.101624601458003 -0.178524534758646 -0.0804230061870493
-0.0247227958651297 -0.0291139277321996 0.202017465881211 0.139584783724183
-0.0482476801258426 0.00636299839043448 0.139786140236911 -0.0393005764679838
-0.0374533552417438 0.0342315484005481 0.0341203072870215 -0.0702445329270588
0.0126218003573002 0.0506038661095221 -0.0389745295398942 -0.0348827564277305
0.0465927972658415 0.0175037812426405 -0.00551688989682591 0.0295278439880384
0.0397316919612314 -0.0201964047490724 0.0489412808102725 -0.0214343091277331
0.0212978802901658 -0.0348317015566201 0.0607937617643762 -0.0925602046747637
0.0183158767495412 -0.023460395214929 0.0639631034051289 -0.159156401791814
0.0207410331353269 -0.01121225911569 0.0836952083192907 -0.200159540440708
0.0278780847330597 0.00652714778776989 0.156610179075303 -0.184828276488237
0.0190953353625019 0.0242318501960985 0.219786586419122 -0.0779110549066771
-0.00742218107073018 0.0296180497113311 0.208167298164782 0.0723606540489619
-0.0406902703736895 0.0187998635476537 0.117413360361402 0.187620398884698
-0.0527548350328849 -0.0189364492334418 -0.00415122054130704 0.256609798249821
-0.0240071515548949 -0.0703653086405048 -0.054764402682659 0.32663223046974
0.0422123069286618 0.0654328780360858 0.1793056138898 0.146887069254343
0.0572113698218304 0.0285974778714587 0.142546106688588 -0.0121217479794868
0.0382791087077257 -0.029803112186572 0.0493690197714524 -0.0692400969709445
-0.0191222948571903 -0.0317929401475226 -0.0381499380082072 -0.0426188630954186
-0.0407758031284775 -0.00121591326556333 -0.00616508380276882 0.0352731262193514
-0.0299699061031204 0.0257632357634992 0.0563860884286314 -0.016592940265732
-0.00828674399813652 0.0329355795267937 0.0678402267786047 -0.0905938684537
-0.000726047229132826 0.0403779039303955 0.0650912785656967 -0.153986341127715
-0.0101792456411356 0.0461335728727748 0.0798483707946489 -0.190497627457187
-0.0417657829543283 0.047176582440031 0.144194591879005 -0.185228235537675
-0.0561016532420404 0.0102121115348637 0.206498357604993 -0.0966434310948133
-0.0359568807044478 -0.0351004813758687 0.215537104472136 0.0530940137733007
0.0177066772825465 -0.0461581343499487 0.136064005267927 0.173993803394539
0.0499466592422931 0.00553179114750145 0.0120137287972241 0.247503858725092
0.0405458793753578 0.0398929761033258 -0.0439822564708911 0.318848016890695
0.088176352873897 0.147145831927985 0.139221517348603 0.131141990470675
0.145561641341959 0.0529895114599887 0.147571633084352 0.0240045374243915
0.110243588080758 -0.0817786516076759 0.0785619821342728 -0.0882404868438931
-0.0389975380074632 -0.109850909242091 -0.0557935254268153 -0.0745557106949126
-0.116367557293145 -0.0281130598629372 -0.0385209789368557 0.0433071544746563
-0.098103488050601 0.0606193383494969 0.0429289307457788 0.00975837998912731
-0.040373076087025 0.093353472863886 0.0630347476243505 -0.0624896323635658
-0.0191285243583348 0.09860328528213 0.0565749109329929 -0.124015390316456
-0.0343372950739974 0.0979663680355676 0.0663131962709377 -0.160314345754197
-0.0987409201895181 0.0880258002987865 0.119961641122478 -0.173412783184171
-0.125460822360512 0.00513961034553822 0.184141932313212 -0.114786586155166
-0.074609175709458 -0.0891178953266892 0.223401880132942 0.0361258738430437
0.0620635909935162 -0.115746480042091 0.140997924629142 0.170056149876957
0.149688187592006 0.0159794882871584 0.0039691485605428 0.226036442794644
0.111873915466915 0.136101812511187 -0.0483349268134144 0.271520982561289
0.105846779205273 0.209847011708267 0.10600711100913 0.0906646968778345
0.205588611341298 0.0761698944408039 0.169306196733731 0.0311610476514341
0.163875915654692 -0.117863125348271 0.0921677074913658 -0.138525383424011
-0.0482338259957179 -0.165982070438584 -0.0983714138592142 -0.110688312870233
-0.16737514032794 -0.0528191443514008 -0.0907412901279997 0.0556445955656061
-0.150088344525304 0.0795874811050565 0.00986682414824342 0.0500824169107785
-0.0694959696904453 0.137319059976237 0.0436777547023461 -0.0134460262080388
-0.0349808425399224 0.141256499943063 0.0405411346715854 -0.0730410775232073
-0.0495697843005743 0.137289324925635 0.0485656573907174 -0.112745853373731
-0.137106578186273 0.123802242729689 0.0907208136342885 -0.150524207119919
-0.181859003630005 0.0091501414882784 0.159001371107563 -0.123065341148445
-0.117099706083276 -0.130336635037576 0.224201644560175 0.0331686862775527
0.0905696816152616 -0.183933240255165 0.120207347460599 0.172949284374973
0.232751274915292 0.0138116931524294 -0.0320108521517904 0.188044754043661
0.173630839964091 0.204207190145732 -0.0666557750080715 0.192436356175415
0.104653635956903 0.246016072349564 0.089094818516824 0.0212607087858487
0.233074590209283 0.091565570483545 0.183585282442194 -0.0177456554166664
0.188554034129342 -0.129697021590372 0.0635618280677832 -0.196932785630612
-0.0443000829349787 -0.189748753055887 -0.152491359023372 -0.128365467924129
-0.184680308334798 -0.071154288424314 -0.143523158168295 0.0680283532696781
-0.176934478207751 0.0815198369974283 -0.0365558946797856 0.0916266329423454
-0.0874406377824358 0.156037513854047 0.0133508787287797 0.0472985155225261
-0.045489971295602 0.161346308119342 0.0213731057320935 -0.00854449033599778
-0.0566542995723066 0.158482105370827 0.0297775828717954 -0.0556278955632208
-0.156994747283538 0.147727132469674 0.0631293065602029 -0.11383454351312
-0.219812463113717 0.0157661095396085 0.133230329588962 -0.108551658596582
-0.150740583159088 -0.160066723984323 0.202834658103805 0.0513934933346545
0.109192758594352 -0.231799429203274 0.067474535460946 0.168849989729441
0.28389860052579 0.00729473347604323 -0.076384435405093 0.128898632234757
0.213022990013965 0.235570188042182 -0.0951394977841055 0.0987140251984209
0.0961822174149686 0.248379278239955 0.0797415182619158 -0.0732952529464214
0.226336406086843 0.0888179160930729 0.157076547796277 -0.0984371960305989
0.180780997865102 -0.119984720138109 0.00418888321618553 -0.227039648823659
-0.0322581611536672 -0.178227984895591 -0.190729699780537 -0.122326575507335
-0.171938322615209 -0.0769634317627935 -0.183285575200585 0.0730502518651163
-0.173151462926064 0.0701394917727929 -0.085052759208225 0.12708685167264
-0.0893931542794141 0.149685284163744 -0.0212030017475657 0.111276066398552
-0.0495741052785239 0.156297849008684 0.00112018457526142 0.057885976362911
-0.0563659266536996 0.157778791048642 0.0112001973674678 0.00244157977711214
-0.160082908908214 0.150944665298581 0.0377970068567124 -0.0668294345966822
-0.231645443699049 0.0107918293992462 0.100501480047839 -0.0713501173479328
-0.154198475575021 -0.179153415010969 0.149743861633679 0.0733179869157492
0.12364331885273 -0.240147360662788 0.00421469218612812 0.140029792173172
0.292516627808681 0.00670246357398128 -0.103580105722343 0.0625049451260867
0.217272385093701 0.230053570453518 -0.124879892447049 0.0111767787209635
0.0817658760940466 0.209947084533145 0.0656312817835874 -0.172130109809883
0.18844814715915 0.0685951478896638 0.0986892941795672 -0.168393721365152
0.144175436782589 -0.0935826308204222 -0.0509403723349674 -0.22227202563615
-0.0178497060050625 -0.141067258375001 -0.205534935070127 -0.105648835683355
-0.134023547624845 -0.0700429995413533 -0.208391637347702 0.0697164386775518
-0.140418594038389 0.0495507618406111 -0.127778590526091 0.154533868777653
-0.0749249692257982 0.1201804328913 -0.0513448631165248 0.168125971872895
-0.0467106633645739 0.126436372222355 -0.0185602772327204 0.116251650885175
-0.050370697735617 0.134143570509125 -0.00922378555664046 0.0559425780806055
-0.143900440386523 0.128385887185228 0.0097137965619195 -0.0164860351706502
-0.207752567485508 -0.00622355398205913 0.0554645787642566 -0.0293762245011424
-0.119742823668866 -0.174695306486075 0.0835812021573032 0.0732165422188204
0.126715935335777 -0.198718161370071 -0.0328209122985204 0.0903164353735085
0.250795371532387 0.0135281977650915 -0.101059226344768 0.0160267941282496
0.181785264074572 0.188450323045276 -0.15195159034165 -0.0572184420118511
0.0584299021998712 0.137900233707808 0.0444833433188516 -0.251029939675304
0.124280736709138 0.0398147999679781 0.035393020441891 -0.208762478747423
0.0916044248962872 -0.0573228667067474 -0.0902683324903532 -0.204067592700098
-0.00359195633262415 -0.0874750679127076 -0.20914679549162 -0.0885830889432147
-0.0794739382592592 -0.0530370674175368 -0.221234951181613 0.0666679169365763
-0.0862088586057921 0.0231791682854152 -0.155166734487968 0.174186345191673
-0.0485712174342255 0.0731794218551459 -0.0725146851325181 0.208737715683055
-0.0358186716831226 0.0774888995237645 -0.0359746166013955 0.156430281703616
-0.0373289758263397 0.088468598962222 -0.0287729130824223 0.0956741662599306
-0.106102015525509 0.0821524472463453 -0.0189132676898774 0.0227416372270116
-0.1461138837905 -0.0224095245562356 0.00940327009139867 -0.00398182245537861
-0.0629933666547412 -0.13295047303822 0.0359904036400511 0.0495708627164307
0.0990642746458778 -0.120240446356961 -0.0339492092572941 0.0533133917284733
0.163084076460155 0.0152699469837275 -0.0893669910074674 0.00412210084529185
0.112334727700879 0.114373025198002 -0.169973819155811 -0.101608491576725
-0.0235658174605441 -0.0295184608666534 0.192161049918835 0.142092786106431
-0.0467053791447372 0.00510051234209007 0.137123227417424 -0.0363923869206088
-0.0365500358271626 0.0318139627662051 0.0350414620127115 -0.0688704459637789
0.0114728787518366 0.0497065720700166 -0.0372307490130483 -0.0358035930439399
0.0451312261435471 0.018227709167422 -0.00474945267931999 0.027847776887313
0.039641899576689 -0.0189368271748334 0.0480868059988712 -0.0195422598093958
0.0203496584120429 -0.0342786129909626 0.0621998311281144 -0.0886812396674367
0.018450983978449 -0.0230743379252919 0.0672219688783949 -0.154857260351441
0.0200828187149402 -0.00959952706719905 0.0880736142893862 -0.193050781673987
0.0272514345784507 0.00713050118751672 0.157455571863544 -0.176551922535663
0.0179489243017178 0.024450984253279 0.217073880471684 -0.0703958154175008
-0.00803528112960381 0.0281985906989472 0.200702002907215 0.0775912403670992
-0.0401162514113054 0.0170572257531832 0.108560749067677 0.187837721680223
-0.0509793370245737 -0.0204492014000077 -0.0125207259257032 0.250670849481275
-0.022330773533445 -0.0693593521399838 -0.0653425562520348 0.316343402477039
0.0389042528796101 0.0645816480692977 0.169491829223087 0.147893234654309
0.0550782490644388 0.0306508709235424 0.139903649915412 -0.00955555792922334
0.0389171419969944 -0.0281200254722588 0.0501209036778706 -0.0674894321361269
-0.0168916505413439 -0.0315483148884153 -0.0368998084947371 -0.0428415244137002
-0.0397712582996613 -0.00222678836197572 -0.00622339958046179 0.0338845953400952
-0.029870561577833 0.0249054354073838 0.0553275121169719 -0.0151930549946418
-0.0088257183621497 0.0307022257286968 0.0695213337373814 -0.0869086928911534
-0.00180727287522138 0.0391800440572971 0.0683794851216428 -0.149867998647967
-0.0108704287618214 0.0450473336034607 0.0843282996173803 -0.183758499916393
-0.0419935271582335 0.04537236449095 0.145394085903864 -0.176489231567239
-0.0552368105541472 0.00896606443436033 0.204887387428677 -0.0879508259596304
-0.0348886950173889 -0.0350670778092677 0.208707820699144 0.0585861280247286
0.018923088565217 -0.0447357447690635 0.126152926414828 0.175169986325713
0.0485956745742169 0.00676547173188755 0.00362811882255633 0.242761941795554
0.0380158790637146 0.0390990972415757 -0.0551985330685845 0.307776917914174
0.0796477452164078 0.14721403309273 0.131262905559032 0.131453734365184
0.140704486973157 0.057806318467524 0.144585938090048 0.0273973160228624
0.1117496086983 -0.0769897824346029 0.0796305452071826 -0.0850029399715929
-0.0342295134718343 -0.108728884772026 -0.052179643904237 -0.0742251183221776
-0.113750579009646 -0.0301739474962088 -0.038500014931325 0.04099256883556
-0.0973148189186548 0.0574326949293841 0.0407251463886094 0.0101863947480481
-0.0423542764119149 0.0894591788749265 0.063908586354119 -0.0592478009574527
-0.0223154667701116 0.0953478482591131 0.0592918606991531 -0.120390211809776
-0.0362802849310919 0.0949463665192503 0.0704513871480159 -0.154453890596511
-0.0989221836640031 0.0842019374477547 0.122191309486198 -0.165880711496466
-0.123246777866612 0.00257509392093169 0.182954016838073 -0.106062942255295
-0.0707585529606265 -0.0892128106286913 0.21706392321752 0.0423389804746268
0.0647103371260299 -0.11198068576142 0.131562417059446 0.17053959777716
0.146014604218548 0.019533051273507 -0.00492624456466169 0.22165933686521
0.104855141066493 0.134777496068726 -0.0586464619812343 0.260882063979916
0.0946039805223444 0.209089458037709 0.101454370361773 0.0915044977380236
0.198266738527798 0.0818929646041779 0.166134861359503 0.0352725877665057
0.165620653114129 -0.110470603146412 0.0951069242677329 -0.134165819368242
-0.0420076981653506 -0.163715402639031 -0.0930386136448088 -0.112494424583988
-0.163117614788456 -0.055775647342767 -0.0902095213225372 0.051784802068964
-0.148403763106657 0.0744099557155482 0.00678226156454288 0.0482854982217745
-0.0721007410099119 0.131643921335075 0.0432792841413731 -0.0117524650383734
-0.0390809158507415 0.136419358715439 0.0426663569082925 -0.0706877814969253
-0.052403213586726 0.132148127712418 0.0522857882115166 -0.109172225753986
-0.136747752015396 0.118905741733976 0.0930019054024363 -0.14374192350995
-0.178660094876813 0.00646410786468271 0.15824986046742 -0.113521053469399
-0.11123489302581 -0.130783208771007 0.217608383063832 0.0397734702279952
0.0953533790358887 -0.178159956452819 0.110901707224597 0.172732093142405
0.228006300564413 0.02014945450743 -0.0383189966118276 0.18275520203988
0.163273507078295 0.203209502252828 -0.0748790110598112 0.184262508507166
0.0918124438503636 0.245206488684781 0.0881272376778043 0.0233749398568175
0.22415069119146 0.0968476623801701 0.182353961395058 -0.0119297925100608
0.189897731183832 -0.121527025871413 0.0686543777512101 -0.192459286345675
-0.0373508358158164 -0.186412285051176 -0.145097311772186 -0.131538837695742
-0.179616038954083 -0.0738034503807735 -0.142410133232673 0.0618118032700487
-0.174754690672007 0.075753828301296 -0.0383799975417471 0.0879829686589067
-0.0894328288760145 0.149347797607989 0.0112730251485644 0.0469808791632724
-0.0499338875572494 0.155775538497883 0.0215169329265727 -0.00809844748082315
-0.0591987605033269 0.152514855552397 0.0323079153955204 -0.0542715274373244
-0.156566214178576 0.142518190598342 0.0656150833941774 -0.109306308581447
-0.215508540503951 0.0110138716892095 0.132653245830098 -0.0998482608688171
-0.142934441415054 -0.160430382732845 0.196384716764785 0.0561706257398815
0.115264900658844 -0.224924177179741 0.0600383518539554 0.16691128225672
0.278460063280347 0.0153883449274843 -0.0811268426879207 0.123525114982684
0.20026956552112 0.235856782068048 -0.0986117227297849 0.0923225778795219
0.0844114268380428 0.247134406556016 0.0825198594727943 -0.06974236632745
0.218186468625194 0.0939542784824337 0.15902947391546 -0.0920129521894445
0.180683464003097 -0.11205121957835 0.0121048240043472 -0.222511137090868
-0.0262164410918932 -0.175397714254033 -0.18328879108363 -0.124851705292983
-0.166609187063382 -0.0787602830600759 -0.181378691917162 0.0660791215286187
-0.170624149594117 0.0648556876576633 -0.0870733418851334 0.120636005453323
-0.0906695097389171 0.143594835754793 -0.0236309234130551 0.108669835998179
-0.0533748084775716 0.150952959860544 0.0002889703805331 0.0562585088698166
-0.0599736622601515 0.151817662189177 0.0123975907291777 0.00307222324566266
-0.159482331258673 0.145593687187617 0.0392860382237015 -0.0632532661991937
-0.227704587299901 0.00585861625352852 0.100516952540156 -0.0637730486334921
-0.146640911303926 -0.179371604130147 0.143867629210106 0.0770026207366851
0.131001322142293 -0.233094197565715 -0.00187037562916088 0.136322132959192
0.286413989905216 0.0161213144444353 -0.105254125639739 0.0567669726953267
0.204238602392294 0.230004307756738 -0.124767472193876 0.00640811723862793
0.0719700448732398 0.21040770563429 0.0722571050779844 -0.166979973247275
0.180574302726273 0.0729023867872498 0.104434238543096 -0.161965736553267
0.143402564868289 -0.0877124291876272 -0.0422141186697011 -0.220153535491513
-0.0130240410590985 -0.138722905079188 -0.198125804173164 -0.109342436823656
-0.129599542358791 -0.0710571812010769 -0.206126797564603 0.0616228410158151
-0.137872187353755 0.0451916746461569 -0.129460059982106 0.146492871577834
-0.0752591501778198 0.114790485047197 -0.0544935328783497 0.16267275026641
-0.0501372931089242 0.122639635594239 -0.0213607845688667 0.113408300412609
-0.0537561754997457 0.128730312641885 -0.00918046562129544 0.054782456767507
-0.143876922138711 0.122440021189559 0.0114266609333843 -0.0149531901691497
-0.204186434733873 -0.0101307708249124 0.0547704329486072 -0.024050332846316
-0.112676879605528 -0.174709395201092 0.0790696017157178 0.0741456293338056
0.131781447729119 -0.19143645099746 -0.0360309700241843 0.0863918272365279
0.245774128083109 0.021173702498315 -0.101384257820431 0.0123926837267703
0.171098184228758 0.188675236152478 -0.147672669630109 -0.0611361529001941
0.0516247544483643 0.137349553648456 0.0541755005621256 -0.244354442253464
0.11905099727947 0.0430522967449956 0.0436657585011638 -0.204279272650309
0.0906562486058312 -0.0534032400960224 -0.0815765489183463 -0.202785269818918
-0.00030754919911022 -0.0852304390083066 -0.201641249424032 -0.0927961939207824
-0.0768695077132868 -0.0532136837533658 -0.218757893118468 0.0579526954681428
-0.0838666055058068 0.0203003958921644 -0.157326261223945 0.165713016925027
-0.0489717146676791 0.0698348682647486 -0.07636660591357 0.202399790325218
-0.037829627181457 0.0748422931100241 -0.0390967361367719 0.153013193747537
-0.03991818478396 0.0843746045657161 -0.0300646865004462 0.0927837290687891
-0.106085056401031 0.0785653069715036 -0.0190833938227042 0.0226418998930093
-0.143319039275877 -0.0245290536939995 0.00911248630870843 -0.000599488860916701
-0.0584612271960328 -0.131959792055558 0.03354188364433 0.0489889410843672
0.101576094490897 -0.114593861859007 -0.034573718123492 0.0493445217740191
0.15880195623901 0.0209290154835977 -0.08860864308302 0.00115632391670404
0.105231333848434 0.114875716024414 -0.162344935713985 -0.103955326168953
-0.0225610054377608 -0.0316090395137001 0.188271824253074 0.15184084481024
-0.047095409924783 0.00310854490104672 0.139760290247694 -0.0331466775853227
-0.0385208396929678 0.0304671688781824 0.0373175371468966 -0.0709133608810056
0.00983738981616519 0.0513779265095259 -0.0360736122806897 -0.0382888030860913
0.045360375977211 0.0204780715701434 -0.00439878770880602 0.028669855575227
0.0412145336091135 -0.0175604214129918 0.0490791623633665 -0.0174416658703685
0.0211312122974585 -0.0346876109463234 0.0669326475846325 -0.088211600501157
0.0197104435036604 -0.0230472472950785 0.0744074268548034 -0.15613040840398
0.0217527274630557 -0.00943842161163613 0.0973258045633668 -0.192578812475296
0.0269280720173713 0.00856820741652101 0.166007447345775 -0.173250399941335
0.0173464864214301 0.0252143306883312 0.223458001659553 -0.063742446607887
-0.00891219585910802 0.0275666427537414 0.200873457057512 0.0866135638323842
-0.0412948961714685 0.0162502573866126 0.10138538949563 0.196513829283587
-0.0511507526296437 -0.0229919547471883 -0.0229005213182701 0.254774325856844
-0.0198251373657784 -0.0718631879869082 -0.0815326365984756 0.317264188538592
0.0359578673245916 0.0678830519653626 0.166246957308823 0.15697760059937
0.0545709338212714 0.0341391589984771 0.142107688271636 -0.00555361916843905
0.0414394968611171 -0.0270913286149763 0.0533494701971925 -0.0676433015713846
-0.0151986590436421 -0.0332540500421966 -0.0355356120477047 -0.0453577488913267
-0.0406428890317261 -0.00381457499866548 -0.00622769053906048 0.0339826858039146
-0.0313485086034043 0.0243043919002916 0.0559928958840811 -0.0131350719604312
-0.0115116186758182 0.0308718920541049 0.0741974842008857 -0.0854482840235531
-0.00385411035053036 0.0388773196870268 0.0757461586570442 -0.151117127131984
-0.0121059327154475 0.0450738305326273 0.093254322678486 -0.183957334924375
-0.0442228541586526 0.0458626551562456 0.154374439147196 -0.173499525930584
-0.0566339532836504 0.00793245846656784 0.210672678736513 -0.0810594989333237
-0.0339146240365736 -0.0372582751034554 0.208912765224122 0.0675314840777158
0.0211426843566255 -0.0448262535513906 0.120093635985335 0.183927946673086
0.0493203687982653 0.00822113335576171 -0.00769614391929466 0.247453844301069
0.036767246756241 0.040809732162593 -0.0719500861042553 0.308627943722388
0.0741719407714473 0.153150243083676 0.128538365872064 0.138690590385237
0.14023931634493 0.065121922958497 0.145907682654148 0.0322406487560732
0.117743353004699 -0.0742089143095628 0.0848855705986008 -0.0850247257146364
-0.0296626561000962 -0.112126688218666 -0.0506467430495506 -0.0783008425045964
-0.115575042039958 -0.0345941391435241 -0.0402572574839082 0.0401380395379305
-0.101040522517546 0.0552839325855411 0.0402902553339059 0.011722370739987
-0.0471395377838737 0.0883067780156418 0.0673221949287616 -0.0580994719328301
-0.0267705207220664 0.0958839764015147 0.0645019231995506 -0.121705833602152
-0.0399795346950231 0.0945912834493335 0.0781751581714636 -0.154384329528901
-0.103043470446341 0.0833532629570056 0.129300096607046 -0.164109182019989
-0.125645796994442 -0.000502664744441179 0.189821342820558 -0.10049107924494
-0.068641276596076 -0.0932594465715871 0.21844112432622 0.0512914438352942
0.0703678655519351 -0.111938633508065 0.125888579450284 0.178724935688633
0.147405864494839 0.0250802651842222 -0.0151151145873475 0.225774103106997
0.100328504095707 0.140413092500416 -0.0735984642816905 0.261791497368855
0.0861406593118732 0.216765382497922 0.0998047017243903 0.096797037876799
0.197774479593641 0.0922574503901199 0.168922040991494 0.0419265345190157
0.173186069148756 -0.106271230606907 0.103520950140609 -0.133513311250182
-0.0352310694237212 -0.169414682894237 -0.0899169013698362 -0.118294894670387
-0.164827618308255 -0.0616073331945178 -0.0937261188089912 0.0479683979313095
-0.153617449723688 0.0715121881013872 0.00480098580027334 0.0488547803252522
-0.0777404505186745 0.129699630532263 0.0444828811139194 -0.0101700305531563
-0.0455909201690155 0.136713070768699 0.0459894678914632 -0.0705932437007758
-0.0582131324271471 0.132021646458411 0.0587129691325333 -0.109186528022226
-0.143235668068656 0.11795234985563 0.100314529503021 -0.142492040236263
-0.182746715865922 0.00139685475989921 0.164958821189982 -0.108292702188877
-0.108161320477648 -0.137074902567449 0.219673851241363 0.049284927813967
0.103941924843793 -0.178856511826085 0.10492792327441 0.181076923788372
0.232390679065652 0.0286832759864666 -0.0494424301484159 0.185144199229087
0.157161787811848 0.212401699007733 -0.0867118532728072 0.182755050918848
0.0818638544030949 0.254337629150143 0.0898261797445942 0.0265038125086858
0.222729111695268 0.108710578342149 0.187452487925576 -0.00493061398678053
0.199038282516024 -0.11717458711073 0.0788745758252099 -0.194438580051618
-0.0305487747841634 -0.192082768356793 -0.142763351924202 -0.140021027247122
-0.180971473329837 -0.0802196706158051 -0.147548855893258 0.0572982424598108
-0.179630237333584 0.0717438645953822 -0.0434858348715571 0.0874262753550082
-0.0964390406721566 0.147784749257806 0.00997307353429581 0.0489782205983754
-0.0573670471122047 0.156374502850431 0.0223344298974857 -0.00827421550422146
-0.0662733274428629 0.152355466204997 0.0364580586024729 -0.0541247461800836
-0.163988250934525 0.140838274514054 0.071004513013632 -0.108263059580375
-0.220961959254748 0.00584146066679964 0.139130371651935 -0.0939759200466022
-0.140148475919151 -0.16862804485358 0.196929195794816 0.0661390286756652
0.126738034769246 -0.226147403621067 0.0530259420341392 0.172326549528046
0.28418575115108 0.0259936837287085 -0.090043757024333 0.123264925195067
0.193321550221013 0.246222671743778 -0.10703240590334 0.0891127006992426
0.0738870937470901 0.256545795618148 0.0890976273415384 -0.0676214665238445
0.216959752107334 0.104402728494099 0.168027238851141 -0.0872287545176256
0.188359058435578 -0.107572396743221 0.0219325606800502 -0.226803000985812
-0.0197492548896624 -0.179530406990706 -0.181246070027477 -0.135031958535506
-0.167623704383113 -0.0847814663577415 -0.187726439253039 0.0602417782063631
-0.175044626319978 0.0602292315829983 -0.0939248991413283 0.119450369264535
-0.0972795412490902 0.141916879426294 -0.0277944384908744 0.110403402705182
-0.0614693189543071 0.151799028394454 -0.00169949127990542 0.0573375938020615
-0.0664812964669375 0.15149582085102 0.0139365056783685 0.00304100622697418
-0.166851915215293 0.143572265790532 0.0439429732180842 -0.0621181556030822
-0.233378470462686 7.95997440002456E-05 0.105120638829328 -0.0581851112058269
-0.142381077286884 -0.189028763115816 0.143236237549713 0.0842958277562675
0.14351902460089 -0.23355749001801 -0.00858892742646359 0.138085456787731
0.292214124536298 0.0278375657920694 -0.112869065257197 0.0535984175652979
0.197090429889668 0.2416212075352 -0.129341474090019 0.00079476608755752
0.0626864086769077 0.217996408075252 0.083513952705101 -0.167257930191974
0.179167219337308 0.0813252802888743 0.11470224743797 -0.161022645036771
0.149671516684692 -0.0839261925674039 -0.0333402624047606 -0.226230431401829
-0.00738575281704151 -0.141113971981384 -0.197018406392729 -0.119530738837153
-0.130476475639879 -0.0755311011492197 -0.212717001834792 0.0547190388371433
-0.141233968816178 0.0407029210595716 -0.137779210734137 0.144091390473703
-0.0808485752614851 0.112991076341977 -0.0610965378123521 0.163619207993145
-0.0561668159467808 0.123196022722474 -0.0253886999507434 0.114914733296237
-0.0604059582166556 0.128469791657483 -0.0102101328795651 0.0552383925179859
-0.150284757627147 0.12071282440299 0.0126378847814896 -0.0135686117374026
-0.209286348676618 -0.0161659605550507 0.0569606689300782 -0.0194888191123153
-0.107787690523696 -0.181693666330354 0.0767346592798452 0.0793280873528139
0.14370550446012 -0.191332112154304 -0.0410216340587195 0.0852613416977803
0.250058251097213 0.0320344289399159 -0.105849173184139 0.00840167939420987
0.165066345200927 0.198635836418618 -0.148306701272348 -0.0677081700665644
0.0453651659199282 0.144015064932089 0.0687515727640754 -0.245946623725808
0.118125542787441 0.0484517785106439 0.0554314075656693 -0.205937214570386
0.0938819259065228 -0.0508542550279607 -0.0743248975353683 -0.210537057092183
0.00332511629841311 -0.08662878561796 -0.20120899588595 -0.101970106766247
-0.0773017619262519 -0.0557812235139587 -0.224463669734205 0.0508404504073152
-0.0854772792721829 0.0174181939721299 -0.166837897701952 0.16159062661615
-0.0515704614189487 0.0680100744687467 -0.0850161769758951 0.202827329255012
-0.0425184983665041 0.076065421814842 -0.0452258165556073 0.154723505511159
-0.0436335174054508 0.0843882600638717 -0.0327917660336643 0.0930047772430285
-0.109434897950009 0.0768247246370351 -0.0190983533356193 0.0230677347759461
-0.145651789768384 -0.0293510256424267 0.00888072907366813 0.0020121659035977
-0.0545207224813136 -0.1364983282164 0.031220912559905 0.0515266745672476
0.108800455936618 -0.113348172089839 -0.03831436667347 0.0487646487579431
0.162095849277709 0.0278374088053264 -0.0914408661403002 -0.00134665389377943
0.101943562469873 0.120061041819251 -0.160955808605108 -0.11218710536065
