TRXV5
3
4
4
9
string Extension=J
integer IsArchMeasurement=1
integer IsSpherical=1
string Generator=SPM
string GeneratorVersion=1.3.1 Dev
double ArchRadius=0.449999988079071
integer FrequencyAxisIndex=0
integer AzimuthAxisIndex=1
integer ElevationAxisIndex=2
Frequency
5 136 690000000 960000000 LIN
Azimuth
7 8 0 2.74889357189107 LIN
Elevation
7 15 -2.74889357189107 2.74889357189107 LIN
Polar H Real Part
13
Polar H Imaginary Part
14
Polar V Real Part
13
Polar V Imaginary Part
14
Polar H Magnitude (dB)
12 0xC0000002 0 1
Polar H Phase
7 0xC0000003 0 1
Polar V Magnitude (dB)
12 0xC0000002 2 3
Polar V Phase
7 0xC0000003 2 3
0.0337104797363281 0.0113143920898438 -0.04937744140625 -0.14599609375
0.0264720916748047 -0.00653457641601563 -0.0450439453125 -0.459716796875
-0.0188674926757813 -0.0136299133300781 -0.344482421875 -0.449676513671875
-0.0256366729736328 0.00145149230957031 -0.49530029296875 -0.159820556640625
-0.0183029174804688 0.00382232666015625 -0.371826171875 0.12640380859375
-0.0233287811279297 0.0193710327148438 -0.159164428710938 0.254241943359375
-0.0111808776855469 0.0312690734863281 0.027618408203125 0.178970336914063
-0.00155067443847656 0.0260715484619141 0.111976623535156 0.03070068359375
0.00514793395996094 0.0338077545166016 0.163925170898438 -0.0938720703125
-0.000129699707031248 0.0386848449707031 0.251785278320313 -0.118606567382813
-0.0137481689453125 0.0338821411132813 0.36053466796875 -0.0750732421875
-0.0164699554443359 0.0258007049560547 0.417755126953125 0.1043701171875
-0.0218105316162109 -0.00241851806640625 0.330535888671875 0.42523193359375
0.00229144096374512 -0.00158596038818359 0.09564208984375 0.5028076171875
0.0170431137084961 0.0128612518310547 -0.13006591796875 0.291656494140625
0.112068176269531 -0.0464859008789063 -0.0258331298828125 -0.149642944335938
0.070892333984375 -0.0857467651367188 -0.00570678710937505 -0.47174072265625
-0.0392913818359375 -0.0758514404296875 -0.31024169921875 -0.47698974609375
-0.0773696899414063 -0.01043701171875 -0.47314453125 -0.192718505859375
-0.0526847839355469 0.0321617126464844 -0.36505126953125 0.096588134765625
-0.0210952758789063 0.0668182373046875 -0.160736083984375 0.2337646484375
0.0141830444335937 0.0619697570800781 0.022491455078125 0.160888671875
0.0218925476074219 0.0434532165527344 0.106216430664063 0.0152969360351563
0.034393310546875 0.0518341064453125 0.1563720703125 -0.11212158203125
0.0289764404296875 0.0679893493652344 0.244400024414062 -0.14227294921875
0.000617980957031252 0.0712356567382813 0.354034423828125 -0.107696533203125
-0.0278282165527344 0.069580078125 0.426605224609375 0.066986083984375
-0.0753326416015625 0.00975036621093751 0.3619384765625 0.398773193359375
-0.0380859375 -0.049102783203125 0.12420654296875 0.487762451171875
0.0269966125488281 -0.0636978149414063 -0.1199951171875 0.28790283203125
0.16314697265625 -0.10455322265625 0.019622802734375 -0.161849975585938
0.0847015380859375 -0.156845092773438 0.031768798828125 -0.4755859375
-0.0728530883789063 -0.118057250976562 -0.28204345703125 -0.483062744140625
-0.120162963867187 -0.00788116455078126 -0.444244384765625 -0.20733642578125
-0.0725860595703125 0.0609359741210938 -0.345001220703125 0.066192626953125
-0.0113983154296875 0.1026611328125 -0.16046142578125 0.199935913085937
0.037933349609375 0.08111572265625 0.00691986083984375 0.133544921875
0.0428504943847656 0.0548019409179688 0.0863037109375 -0.00461578369140625
0.0589790344238281 0.0647773742675781 0.137847900390625 -0.127143859863281
0.0530014038085938 0.0904464721679688 0.227737426757813 -0.162063598632813
0.0107192993164062 0.102935791015625 0.34356689453125 -0.133453369140625
-0.0424118041992187 0.104141235351563 0.43280029296875 0.03997802734375
-0.12237548828125 0.011566162109375 0.37896728515625 0.379058837890625
-0.0672836303710938 -0.0981674194335938 0.131805419921875 0.46697998046875
0.0435256958007813 -0.131439208984375 -0.110488891601563 0.263656616210938
0.170700073242188 -0.157119750976563 0.0711822509765625 -0.183120727539062
0.052337646484375 -0.204208374023438 0.05596923828125 -0.481048583984375
-0.119361877441406 -0.120796203613281 -0.262054443359375 -0.474517822265625
-0.143600463867188 0.0194244384765625 -0.412689208984375 -0.2132568359375
-0.0680160522460937 0.0887832641601563 -0.324310302734375 0.036712646484375
0.0123825073242188 0.120384216308594 -0.165359497070312 0.162109375
0.0588302612304687 0.0843963623046875 -0.01898193359375 0.102531433105469
0.0582542419433594 0.0568351745605469 0.0558547973632813 -0.0243148803710937
0.0779495239257813 0.0712127685546875 0.11163330078125 -0.142257690429688
0.0671157836914063 0.105995178222656 0.207611083984375 -0.179977416992187
0.00865936279296874 0.124717712402344 0.333740234375 -0.152557373046875
-0.0641860961914062 0.121017456054688 0.435089111328125 0.02496337890625
-0.154937744140625 -0.00782775878906251 0.381988525390625 0.371429443359375
-0.0721893310546875 -0.14703369140625 0.123870849609375 0.444671630859375
0.0720672607421875 -0.18060302734375 -0.093505859375 0.22418212890625
0.140380859375 -0.18701171875 0.111663818359375 -0.218063354492188
-0.00402832031250001 -0.209060668945312 0.059814453125 -0.492767333984375
-0.152557373046875 -0.0853729248046875 -0.2586669921875 -0.462860107421875
-0.133224487304688 0.0562515258789063 -0.39105224609375 -0.212921142578125
-0.0402908325195312 0.102981567382813 -0.314849853515625 0.012298583984375
0.0401153564453125 0.113304138183594 -0.179306030273438 0.128082275390625
0.0700531005859375 0.0721893310546875 -0.0533218383789063 0.076812744140625
0.0656814575195313 0.0500450134277344 0.0186309814453125 -0.0417098999023438
0.0854873657226563 0.0703125 0.0810089111328125 -0.155975341796875
0.0661239624023438 0.112098693847656 0.186630249023438 -0.196182250976563
-0.00586700439453125 0.1309814453125 0.32684326171875 -0.166168212890625
-0.0899200439453125 0.112716674804688 0.435791015625 0.022674560546875
-0.161224365234375 -0.0464019775390625 0.3719482421875 0.370880126953125
-0.0457305908203125 -0.184844970703125 0.111663818359375 0.4195556640625
0.108169555664063 -0.19830322265625 -0.061859130859375 0.178466796875
0.08856201171875 -0.1842041015625 0.13037109375 -0.261566162109375
-0.0515289306640625 -0.172622680664063 0.0347900390625 -0.504302978515625
-0.152267456054688 -0.03448486328125 -0.2752685546875 -0.44390869140625
-0.0951919555664063 0.0797042846679688 -0.38848876953125 -0.20269775390625
-0.0034332275390625 0.094146728515625 -0.318572998046875 0.00283813476562502
0.060089111328125 0.0853652954101563 -0.201980590820313 0.109237670898437
0.0695915222167969 0.0478630065917969 -0.090087890625 0.0633926391601563
0.0633964538574219 0.0339431762695313 -0.0184440612792969 -0.0541419982910156
0.0831451416015625 0.0595855712890625 0.0514068603515625 -0.169601440429688
0.0556411743164062 0.102729797363281 0.171524047851563 -0.21337890625
-0.0223159790039062 0.117935180664063 0.330322265625 -0.17279052734375
-0.102485656738281 0.0811004638671875 0.443023681640625 0.033782958984375
-0.134712219238281 -0.0847930908203125 0.3614501953125 0.383758544921875
-0.000305175781250008 -0.192977905273437 0.104461669921875 0.401153564453125
0.135055541992188 -0.180984497070313 -0.014129638671875 0.139732360839844
0.03875732421875 -0.147491455078125 0.1280517578125 -0.30316162109375
-0.0648651123046875 -0.112953186035156 -0.00750732421874999 -0.509796142578125
-0.117088317871094 0.00355529785156251 -0.307373046875 -0.414947509765625
-0.0477066040039062 0.0729904174804688 -0.39996337890625 -0.179901123046875
0.0232200622558594 0.0634078979492188 -0.333251953125 0.0136413574218749
0.0618095397949219 0.0454940795898438 -0.225509643554688 0.109573364257812
0.054656982421875 0.0193748474121094 -0.120803833007812 0.0641632080078125
0.0519523620605469 0.0118598937988281 -0.0500946044921875 -0.0575523376464844
0.0703582763671875 0.0372772216796875 0.027984619140625 -0.180084228515625
0.0434951782226563 0.0762557983398438 0.16644287109375 -0.226287841796875
-0.0265274047851562 0.087615966796875 0.345733642578125 -0.16864013671875
-0.0878524780273438 0.0432357788085937 0.455810546875 0.0582275390625
-0.0849533081054688 -0.0958786010742187 0.349609375 0.41546630859375
0.0361328125 -0.160903930664063 0.099853515625 0.399444580078125
0.132255554199219 -0.136009216308594 0.0385208129882813 0.119232177734375
0.005035400390625 -0.0850830078125 0.1116943359375 -0.333282470703125
-0.0419197082519531 -0.0524978637695312 -0.057281494140625 -0.5048828125
-0.064910888671875 0.0139045715332031 -0.344329833984375 -0.37994384765625
-0.00939559936523438 0.0419044494628906 -0.4176025390625 -0.145111083984375
0.0310573577880859 0.0211296081542969 -0.343597412109375 0.038330078125
0.0428695678710938 0.00316238403320313 -0.2410888671875 0.125640869140625
0.0278816223144531 -0.00789642333984375 -0.138862609863281 0.075958251953125
0.0327224731445313 -0.0134143829345703 -0.0705642700195313 -0.0533599853515625
0.0511550903320313 0.00424957275390625 0.0138092041015625 -0.182586669921875
0.0376205444335938 0.0369949340820313 0.1690673828125 -0.228408813476563
-0.0102615356445313 0.0508460998535156 0.364410400390625 -0.152679443359375
-0.0480499267578125 0.0198020935058594 0.465423583984375 0.10101318359375
-0.038818359375 -0.0663948059082031 0.326812744140625 0.460479736328125
0.0376739501953125 -0.0958175659179687 0.09124755859375 0.41851806640625
0.08984375 -0.0786819458007813 0.0787200927734375 0.115089416503906
0.0353889465332031 0.00943374633789063 -0.0648651123046875 -0.1446533203125
0.0260963439941406 -0.00877952575683594 -0.07928466796875 -0.460052490234375
-0.0211467742919922 -0.0130767822265625 -0.379638671875 -0.427459716796875
-0.0267333984375 0.00235748291015625 -0.508697509765625 -0.12274169921875
-0.0193595886230469 0.00582313537597656 -0.3648681640625 0.15960693359375
-0.0216827392578125 0.0234470367431641 -0.137313842773438 0.273269653320313
-0.0096893310546875 0.0356636047363281 0.044769287109375 0.180694580078125
-0.000988006591796877 0.0274276733398438 0.115959167480469 0.0224990844726563
0.00819206237792969 0.0328235626220703 0.154312133789063 -0.10546875
0.00316619873046875 0.0399017333984375 0.239913940429688 -0.137863159179688
-0.0121421813964844 0.0361557006835938 0.354248046875 -0.107757568359375
-0.0149173736572266 0.0281105041503906 0.4298095703125 0.06719970703125
-0.02313232421875 -0.000547409057617188 0.37322998046875 0.40032958984375
0.00162434577941895 -0.00344228744506836 0.14044189453125 0.50384521484375
0.0166635513305664 0.00890731811523438 -0.107940673828125 0.312713623046875
0.110054016113281 -0.0549545288085938 -0.0412139892578125 -0.151397705078125
0.06524658203125 -0.0922164916992188 -0.041778564453125 -0.47509765625
-0.045745849609375 -0.0748138427734375 -0.345947265625 -0.456390380859375
-0.0796966552734375 -0.00637817382812501 -0.491790771484375 -0.157470703125
-0.0520706176757813 0.0369377136230469 -0.35943603515625 0.128265380859375
-0.0167160034179688 0.0708084106445313 -0.139328002929687 0.251907348632813
0.0182342529296875 0.0645217895507813 0.0386505126953125 0.162139892578125
0.0239982604980469 0.0442771911621094 0.109085083007812 0.00672149658203125
0.0376205444335938 0.0497779846191406 0.145538330078125 -0.124252319335938
0.0349388122558594 0.0675163269042969 0.230224609375 -0.161941528320312
0.00488281250000001 0.0734939575195313 0.345062255859375 -0.140167236328125
-0.0230026245117187 0.0720748901367188 0.43597412109375 0.029510498046875
-0.0761947631835938 0.0153884887695312 0.40301513671875 0.371734619140625
-0.0433998107910156 -0.0488014221191406 0.167633056640625 0.4862060546875
0.0210533142089844 -0.0696983337402344 -0.097991943359375 0.307952880859375
0.157821655273438 -0.11700439453125 0.00437927246093752 -0.166641235351563
0.0730743408203125 -0.165573120117188 -0.00396728515625004 -0.4813232421875
-0.0829315185546875 -0.115562438964844 -0.31842041015625 -0.4639892578125
-0.12347412109375 -0.00142669677734375 -0.462738037109375 -0.173309326171875
-0.070831298828125 0.0672073364257812 -0.339385986328125 0.0961914062500001
-0.00305938720703125 0.106407165527344 -0.142562866210938 0.21685791015625
0.0439224243164063 0.0816802978515625 0.0205764770507812 0.134414672851563
0.0450935363769531 0.0543403625488281 0.0866317749023438 -0.0118331909179687
0.0634498596191406 0.0603179931640625 0.125679016113281 -0.138778686523438
0.0599365234375 0.0889358520507813 0.212158203125 -0.180892944335938
0.0165481567382813 0.104591369628906 0.332977294921875 -0.16583251953125
-0.0363616943359375 0.108177185058594 0.439056396484375 0.00207519531250001
-0.122940063476562 0.0207061767578125 0.4195556640625 0.35101318359375
-0.0764846801757813 -0.0961227416992188 0.172393798828125 0.46453857421875
0.033172607421875 -0.140350341796875 -0.090972900390625 0.281890869140625
0.162322998046875 -0.17169189453125 0.055389404296875 -0.192672729492188
0.0369415283203125 -0.210708618164062 0.02081298828125 -0.4920654296875
-0.130043029785156 -0.114364624023438 -0.30120849609375 -0.45794677734375
-0.144332885742188 0.02838134765625 -0.430511474609375 -0.181732177734375
-0.0640945434570313 0.0945510864257813 -0.3212890625 0.06463623046875
0.021514892578125 0.121604919433594 -0.1485595703125 0.178970336914063
0.0654754638671875 0.0832748413085938 -0.00819396972656249 0.105033874511719
0.061004638671875 0.0549507141113281 0.0540695190429688 -0.0301971435546875
0.0830764770507813 0.0658950805664063 0.097991943359375 -0.15252685546875
0.0754318237304688 0.103530883789062 0.19091796875 -0.197189331054688
0.0157852172851563 0.126335144042969 0.321319580078125 -0.183929443359375
-0.05731201171875 0.126373291015625 0.43994140625 -0.013427734375
-0.15716552734375 0.00334167480468748 0.418060302734375 0.3431396484375
-0.0850067138671875 -0.14617919921875 0.161376953125 0.443634033203125
0.0578765869140625 -0.192459106445313 -0.076171875 0.240005493164062
0.128921508789063 -0.199920654296875 0.0936431884765625 -0.231826782226562
-0.019866943359375 -0.211151123046875 0.023468017578125 -0.503265380859375
-0.16021728515625 -0.0761260986328125 -0.295440673828125 -0.446441650390625
-0.131149291992187 0.0650863647460938 -0.409332275390625 -0.182373046875
-0.0345840454101563 0.106109619140625 -0.3128662109375 0.03955078125
0.048370361328125 0.112342834472656 -0.164947509765625 0.144805908203125
0.0755462646484375 0.0697250366210938 -0.0452499389648437 0.0813751220703125
0.0680007934570312 0.0479812622070312 0.0147857666015625 -0.0454483032226562
0.0905380249023438 0.064697265625 0.0664215087890625 -0.164260864257813
0.07489013671875 0.108932495117188 0.168975830078125 -0.212615966796875
0.0017242431640625 0.133872985839844 0.31494140625 -0.19683837890625
-0.0837478637695312 0.119903564453125 0.44207763671875 -0.015869140625
-0.166290283203125 -0.035888671875 0.409332275390625 0.343994140625
-0.06170654296875 -0.186569213867188 0.145721435546875 0.418212890625
0.093048095703125 -0.21282958984375 -0.047760009765625 0.190567016601563
0.0769500732421875 -0.19305419921875 0.1097412109375 -0.277923583984375
-0.0656280517578125 -0.170516967773437 -0.00335693359375002 -0.5140380859375
-0.15618896484375 -0.023681640625 -0.31243896484375 -0.426055908203125
-0.0902175903320313 0.0856552124023437 -0.4053955078125 -0.173858642578125
0.002197265625 0.09344482421875 -0.3170166015625 0.0299072265625
0.0663909912109375 0.0816574096679688 -0.188812255859375 0.126907348632813
0.073516845703125 0.0446243286132813 -0.0830764770507812 0.0699844360351563
0.0646553039550781 0.0312995910644531 -0.0230827331542969 -0.0543861389160156
0.0861282348632813 0.0531234741210938 0.0354156494140625 -0.176589965820312
0.0634918212890625 0.0998764038085937 0.153121948242188 -0.228759765625
-0.01507568359375 0.121551513671875 0.318267822265625 -0.203277587890625
-0.097991943359375 0.0886001586914063 0.4493408203125 -0.00485229492187499
-0.141586303710938 -0.0766754150390625 0.398529052734375 0.35821533203125
-0.015655517578125 -0.197616577148438 0.136871337890625 0.399139404296875
0.121551513671875 -0.19671630859375 -0.00210571289062498 0.147109985351563
0.0293731689453125 -0.150924682617188 0.103973388671875 -0.3209228515625
-0.0733871459960937 -0.109146118164063 -0.047637939453125 -0.51580810546875
-0.117919921875 0.0123291015625 -0.342254638671875 -0.3929443359375
-0.0424957275390625 0.0757522583007813 -0.415863037109375 -0.14971923828125
0.0268440246582031 0.0603065490722656 -0.32928466796875 0.0413208007812499
0.0650520324707031 0.04095458984375 -0.212417602539063 0.128997802734375
0.0559463500976562 0.0163307189941406 -0.113906860351562 0.0727691650390625
0.0508499145507812 0.00910186767578125 -0.056243896484375 -0.0567207336425781
0.0717544555664063 0.0307846069335938 0.0110321044921875 -0.18560791015625
0.0495452880859375 0.0732574462890625 0.147811889648437 -0.241806030273437
-0.0211334228515625 0.0907745361328125 0.334014892578125 -0.20257568359375
-0.08599853515625 0.0490646362304687 0.464385986328125 0.022003173828125
-0.092193603515625 -0.091522216796875 0.386871337890625 0.3924560546875
0.024566650390625 -0.166854858398438 0.13153076171875 0.398681640625
0.121932983398438 -0.150039672851563 0.0496902465820313 0.121696472167969
-0.000236511230468754 -0.0842819213867187 0.08563232421875 -0.34967041015625
-0.0453376770019531 -0.0488510131835938 -0.09942626953125 -0.507965087890625
-0.064239501953125 0.019622802734375 -0.378204345703125 -0.35284423828125
-0.005340576171875 0.0412979125976563 -0.4312744140625 -0.110626220703125
0.0321102142333984 0.0168628692626953 -0.3392333984375 0.068511962890625
0.0426750183105469 -0.0009002685546875 -0.2276611328125 0.14666748046875
0.0270061492919922 -0.00935745239257813 -0.131950378417969 0.08648681640625
0.0302963256835938 -0.0158958435058594 -0.0755996704101563 -0.0510101318359375
0.0498466491699219 -0.00240325927734375 -0.00347900390624999 -0.18658447265625
0.0414047241210938 0.0331382751464844 0.151351928710938 -0.243484497070312
-0.00668716430664062 0.0521621704101562 0.353118896484375 -0.18414306640625
-0.04644775390625 0.0220146179199219 0.476654052734375 0.063323974609375
-0.0431938171386719 -0.0641670227050781 0.3677978515625 0.439422607421875
0.0304183959960937 -0.100494384765625 0.123291015625 0.4168701171875
0.0831527709960938 -0.0880813598632813 0.0897750854492187 0.113517761230469
0.0362358093261719 0.007110595703125 -0.0770645141601563 -0.137168884277344
0.0263214111328125 -0.00922393798828125 -0.10858154296875 -0.442108154296875
-0.0223617553710938 -0.0117206573486328 -0.396759033203125 -0.38836669921875
-0.0267829895019531 0.00329780578613281 -0.5035400390625 -0.0843505859375
-0.019287109375 0.00724601745605469 -0.34136962890625 0.183441162109375
-0.0190620422363281 0.0266246795654297 -0.11041259765625 0.278671264648438
-0.0064697265625 0.0372772216796875 0.059326171875 0.174026489257813
-0.000394821166992185 0.0285129547119141 0.114181518554688 0.0141983032226563
0.009552001953125 0.0318336486816406 0.14068603515625 -0.1121826171875
0.00633621215820312 0.0398902893066406 0.219802856445313 -0.149642944335938
-0.00976181030273438 0.0381088256835938 0.33331298828125 -0.1328125
-0.0129032135009766 0.0286922454833984 0.4239501953125 0.031463623046875
-0.0233192443847656 0.000297546386718746 0.395782470703125 0.362396240234375
0.000322818756103516 -0.00557613372802734 0.177978515625 0.4862060546875
0.0154571533203125 0.00563430786132813 -0.08197021484375 0.321380615234375
0.105613708496094 -0.0613555908203125 -0.0543975830078125 -0.145217895507812
0.0575637817382813 -0.0944290161132813 -0.072540283203125 -0.46014404296875
-0.0509567260742188 -0.070953369140625 -0.36749267578125 -0.42010498046875
-0.0799560546875 -0.0033721923828125 -0.4888916015625 -0.11944580078125
-0.049957275390625 0.0397415161132813 -0.338226318359375 0.1519775390625
-0.0109100341796875 0.0721282958984375 -0.114181518554688 0.258346557617188
0.0232810974121094 0.0642013549804688 0.0522918701171875 0.15521240234375
0.0249977111816406 0.0435791015625 0.106552124023438 -0.00136566162109375
0.0395317077636719 0.0464820861816406 0.130950927734375 -0.129249572753906
0.0388755798339844 0.0649833679199219 0.208984375 -0.17193603515625
0.00901031494140624 0.0729217529296875 0.321990966796875 -0.16497802734375
-0.0186843872070313 0.0724334716796875 0.4259033203125 -0.006988525390625
-0.0737762451171875 0.02008056640625 0.42376708984375 0.329925537109375
-0.047088623046875 -0.0474739074707031 0.20166015625 0.46697998046875
0.0139083862304687 -0.0726394653320313 -0.0726318359375 0.316192626953125
0.14764404296875 -0.126708984375 -0.01104736328125 -0.164459228515625
0.06109619140625 -0.166839599609375 -0.036529541015625 -0.4697265625
-0.0888290405273437 -0.108505249023438 -0.340728759765625 -0.429962158203125
-0.122001647949219 0.00556182861328125 -0.46063232421875 -0.1373291015625
-0.0664825439453125 0.0699386596679687 -0.321746826171875 0.11932373046875
0.00390625 0.10565185546875 -0.118682861328125 0.223770141601563
0.0486297607421875 0.0800018310546875 0.0321884155273438 0.129386901855469
0.0468177795410156 0.0517158508300781 0.0839691162109375 -0.018707275390625
0.0654830932617188 0.0560684204101563 0.110458374023438 -0.1431884765625
0.0652923583984375 0.08447265625 0.1905517578125 -0.18975830078125
0.0215072631835937 0.103271484375 0.308013916015625 -0.18804931640625
-0.028961181640625 0.107856750488281 0.42645263671875 -0.034088134765625
-0.119941711425781 0.0273818969726563 0.4375 0.310211181640625
-0.083343505859375 -0.0926055908203125 0.20477294921875 0.44537353515625
0.0197906494140625 -0.143096923828125 -0.067108154296875 0.289764404296875
0.148605346679688 -0.179306030273438 0.037567138671875 -0.1932373046875
0.021484375 -0.209136962890625 -0.013763427734375 -0.481903076171875
-0.134437561035156 -0.104110717773438 -0.323028564453125 -0.4251708984375
-0.141098022460938 0.0353851318359375 -0.431854248046875 -0.145904541015625
-0.0582809448242188 0.096160888671875 -0.30438232421875 0.087066650390625
0.0284347534179688 0.118621826171875 -0.1268310546875 0.185623168945313
0.069793701171875 0.0797805786132812 0.00214385986328126 0.101814270019531
0.0616950988769531 0.0525398254394531 0.049896240234375 -0.0348052978515625
0.0839614868164062 0.059722900390625 0.081787109375 -0.155136108398438
0.0806121826171875 0.0978469848632813 0.168045043945313 -0.204544067382813
0.02215576171875 0.124496459960937 0.296173095703125 -0.20550537109375
-0.0492172241210938 0.127212524414063 0.427001953125 -0.048797607421875
-0.153350830078125 0.012481689453125 0.436431884765625 0.3026123046875
-0.095428466796875 -0.140228271484375 0.19110107421875 0.42437744140625
0.0406646728515625 -0.195022583007813 -0.055999755859375 0.246780395507813
0.113967895507813 -0.203842163085937 0.0736846923828125 -0.235748291015625
-0.0345458984375 -0.205337524414063 -0.0125732421875001 -0.49517822265625
-0.1619873046875 -0.0635223388671875 -0.319366455078125 -0.413909912109375
-0.124641418457031 0.070556640625 -0.411224365234375 -0.14825439453125
-0.0281982421875 0.10540771484375 -0.297637939453125 0.06158447265625
0.0545654296875 0.107322692871094 -0.144699096679688 0.15277099609375
0.078704833984375 0.0649795532226563 -0.0360641479492187 0.0811080932617188
0.0673713684082031 0.0445175170898437 0.00995254516601562 -0.0474128723144531
0.09100341796875 0.0575408935546875 0.0489654541015625 -0.16534423828125
0.080535888671875 0.102409362792969 0.14605712890625 -0.219375610351562
0.00875091552734376 0.13232421875 0.289947509765625 -0.21734619140625
-0.0750579833984375 0.121902465820312 0.4285888671875 -0.051422119140625
-0.164154052734375 -0.0251312255859375 0.42730712890625 0.30517578125
-0.074310302734375 -0.18206787109375 0.174835205078125 0.40179443359375
0.0748443603515625 -0.217636108398438 -0.031982421875 0.194793701171875
0.063629150390625 -0.193374633789063 0.085601806640625 -0.282562255859375
-0.074951171875 -0.161163330078125 -0.0398864746093751 -0.5037841796875
-0.153396606445313 -0.01226806640625 -0.334686279296875 -0.39190673828125
-0.083160400390625 0.0884552001953125 -0.4075927734375 -0.14056396484375
0.00691986083984375 0.0908966064453125 -0.303314208984375 0.0523986816406251
0.0696182250976563 0.0756607055664063 -0.16973876953125 0.136825561523438
0.0743179321289063 0.0402984619140625 -0.0732498168945313 0.0717849731445312
0.0632095336914063 0.0281562805175781 -0.0286979675292969 -0.0535659790039063
0.0859222412109375 0.0461044311523437 0.018463134765625 -0.175445556640625
0.0689544677734375 0.0941238403320312 0.130828857421875 -0.234039306640625
-0.00820922851562501 0.121177673339844 0.29412841796875 -0.225433349609375
-0.0911026000976563 0.0923995971679688 0.436920166015625 -0.039825439453125
-0.142959594726563 -0.0665283203125 0.416168212890625 0.3216552734375
-0.03045654296875 -0.194961547851563 0.16229248046875 0.383697509765625
0.103286743164063 -0.203353881835938 0.00994873046875002 0.147994995117187
0.020660400390625 -0.149322509765625 0.07733154296875 -0.324676513671875
-0.0782241821289062 -0.100204467773438 -0.085479736328125 -0.502532958984375
-0.113960266113281 0.0199661254882812 -0.3624267578125 -0.358642578125
-0.0371017456054688 0.0758056640625 -0.4144287109375 -0.1143798828125
0.028594970703125 0.0563697814941406 -0.313507080078125 0.06390380859375
0.0654869079589844 0.0351181030273438 -0.192398071289062 0.140182495117188
0.0551300048828125 0.0136070251464844 -0.103744506835937 0.0767288208007813
0.0487747192382813 0.00664520263671875 -0.0604438781738281 -0.0540847778320312
0.0697593688964844 0.0238876342773437 -0.00592041015625001 -0.1827392578125
0.0532875061035156 0.0684051513671875 0.124649047851563 -0.246734619140625
-0.0147705078125 0.0904998779296875 0.311126708984375 -0.22332763671875
-0.0806732177734375 0.0527191162109375 0.453155517578125 -0.014892578125
-0.09613037109375 -0.083709716796875 0.40667724609375 0.355224609375
0.0117034912109375 -0.166351318359375 0.157745361328125 0.38140869140625
0.107192993164063 -0.1563720703125 0.0588531494140625 0.118782043457031
-0.00447082519531251 -0.0807037353515625 0.057098388671875 -0.352569580078125
-0.0458450317382813 -0.0427093505859375 -0.13507080078125 -0.4903564453125
-0.0600738525390625 0.0243606567382812 -0.39373779296875 -0.31597900390625
-0.003753662109375 0.0396842956542969 -0.425506591796875 -0.07562255859375
0.0309906005859375 0.01361083984375 -0.320587158203125 0.091217041015625
0.0409889221191406 -0.00354385375976563 -0.205963134765625 0.159210205078125
0.0252094268798828 -0.0102176666259766 -0.120429992675781 0.09027099609375
0.0262680053710937 -0.017333984375 -0.079986572265625 -0.0470962524414063
0.0463409423828125 -0.00651931762695313 -0.019378662109375 -0.183212280273438
0.0427474975585938 0.0288734436035156 0.12835693359375 -0.24951171875
-0.00253677368164063 0.051025390625 0.330322265625 -0.2080078125
-0.0445060729980469 0.0248374938964844 0.467559814453125 0.025482177734375
-0.0461044311523437 -0.060089111328125 0.39044189453125 0.402374267578125
0.0226058959960938 -0.101234436035156 0.15118408203125 0.399688720703125
0.0728073120117188 -0.0922622680664063 0.0979461669921875 0.108650207519531
0.0373115539550781 0.00516891479492188 -0.083160400390625 -0.129005432128906
0.0264225006103516 -0.0102577209472656 -0.121368408203125 -0.420867919921875
-0.0223102569580078 -0.0102691650390625 -0.39520263671875 -0.3583984375
-0.0273933410644531 0.00319862365722656 -0.486602783203125 -0.059967041015625
-0.0190467834472656 0.00780296325683594 -0.319183349609375 0.191558837890625
-0.0164375305175781 0.0271587371826172 -0.0909271240234375 0.274688720703125
-0.00423049926757812 0.0386314392089844 0.066680908203125 0.165802001953125
-0.000202178955078127 0.028961181640625 0.110427856445313 0.00923919677734375
0.00998497009277344 0.0302886962890625 0.128273010253906 -0.111114501953125
0.00905609130859375 0.0395469665527344 0.201278686523438 -0.151412963867188
-0.00771331787109376 0.0386772155761719 0.309814453125 -0.143463134765625
-0.0125579833984375 0.0288906097412109 0.406768798828125 0.008697509765625
-0.0234546661376953 0.000980377197265626 0.39947509765625 0.327850341796875
-0.00153923034667969 -0.00648117065429687 0.196319580078125 0.46502685546875
0.0128498077392578 0.00347900390625 -0.062591552734375 0.3214111328125
0.101470947265625 -0.0640106201171875 -0.0620651245117187 -0.137611389160156
0.0530319213867188 -0.0936355590820313 -0.0875244140625001 -0.439239501953125
-0.0509529113769531 -0.0673370361328125 -0.36761474609375 -0.389556884765625
-0.0789413452148438 -0.000556945800781261 -0.4720458984375 -0.0944824218749999
-0.0483169555664063 0.0397758483886719 -0.316650390625 0.16082763671875
-0.00727844238281249 0.0710983276367188 -0.094696044921875 0.254287719726563
0.0251922607421875 0.0636711120605469 0.0586700439453125 0.147705078125
0.0249824523925781 0.0436363220214844 0.101699829101563 -0.0059356689453125
0.0393867492675781 0.0442619323730469 0.11846923828125 -0.127983093261719
0.0407333374023438 0.0628929138183594 0.18951416015625 -0.172088623046875
0.0111541748046875 0.072540283203125 0.297698974609375 -0.173736572265625
-0.0167770385742188 0.0714569091796875 0.407562255859375 -0.029022216796875
-0.07110595703125 0.02117919921875 0.426116943359375 0.296142578125
-0.0494308471679688 -0.0459403991699219 0.218963623046875 0.443115234375
0.00787353515625001 -0.0723800659179688 -0.054718017578125 0.315582275390625
0.139984130859375 -0.129043579101563 -0.0204620361328125 -0.1583251953125
0.053375244140625 -0.163299560546875 -0.0528564453125001 -0.45123291015625
-0.0896987915039062 -0.101959228515625 -0.341949462890625 -0.4000244140625
-0.119476318359375 0.00765228271484374 -0.447479248046875 -0.114471435546875
-0.0633888244628906 0.0695152282714844 -0.30242919921875 0.12860107421875
0.00769042968749999 0.103050231933594 -0.0998687744140625 0.2213134765625
0.0506591796875 0.07745361328125 0.0385513305664063 0.122138977050781
0.0456047058105469 0.0507469177246094 0.0786361694335938 -0.0223236083984375
0.0639305114746094 0.0530509948730469 0.09710693359375 -0.141403198242188
0.0663375854492188 0.0809707641601563 0.171493530273438 -0.188934326171875
0.023681640625 0.101463317871094 0.2825927734375 -0.1964111328125
-0.0255661010742187 0.105888366699219 0.40655517578125 -0.055816650390625
-0.115158081054687 0.0294342041015625 0.43743896484375 0.275146484375
-0.0864944458007813 -0.0885543823242188 0.21978759765625 0.423736572265625
0.01055908203125 -0.141067504882813 -0.05047607421875 0.288665771484375
0.138748168945312 -0.180389404296875 0.02630615234375 -0.189346313476563
0.0128021240234375 -0.202301025390625 -0.031097412109375 -0.464111328125
-0.133438110351563 -0.0963668823242187 -0.325775146484375 -0.396240234375
-0.136367797851563 0.0377731323242188 -0.4193115234375 -0.123199462890625
-0.0544891357421875 0.0951080322265625 -0.2860107421875 0.096832275390625
0.0317153930664063 0.11431884765625 -0.10943603515625 0.183685302734375
0.0708084106445313 0.076202392578125 0.00813293457031251 0.0963668823242187
0.06005859375 0.0509300231933594 0.0447540283203125 -0.0371665954589844
0.082000732421875 0.0562057495117187 0.06890869140625 -0.152359008789063
0.0817184448242188 0.0924072265625 0.149688720703125 -0.203399658203125
0.0250320434570312 0.121376037597656 0.272232055664063 -0.213302612304688
-0.0438079833984375 0.124900817871094 0.40631103515625 -0.069366455078125
-0.148651123046875 0.016082763671875 0.436279296875 0.2689208984375
-0.100257873535156 -0.135200500488281 0.20654296875 0.4044189453125
0.0290069580078125 -0.192764282226562 -0.041717529296875 0.246475219726563
0.103897094726563 -0.202362060546875 0.0586395263671875 -0.232345581054688
-0.0399017333984375 -0.196395874023437 -0.031829833984375 -0.476593017578125
-0.157913208007813 -0.05548095703125 -0.322021484375 -0.38665771484375
-0.119636535644531 0.0715179443359375 -0.3995361328125 -0.1265869140625
-0.0257568359375 0.102836608886719 -0.27984619140625 0.0718994140624999
0.0561294555664062 0.102500915527344 -0.128036499023438 0.152069091796875
0.0784912109375 0.0618743896484375 -0.029144287109375 0.07733154296875
0.0647010803222656 0.0432701110839844 0.00553131103515625 -0.0474815368652344
0.0880966186523437 0.0535354614257812 0.037139892578125 -0.161453247070313
0.0815353393554688 0.0970230102539063 0.127944946289063 -0.216232299804688
0.01251220703125 0.12939453125 0.265777587890625 -0.224945068359375
-0.0698776245117187 0.11981201171875 0.40802001953125 -0.070220947265625
-0.15997314453125 -0.019317626953125 0.427215576171875 0.27337646484375
-0.0818939208984375 -0.175369262695312 0.1866455078125 0.381805419921875
0.060272216796875 -0.215225219726563 -0.0208892822265625 0.194305419921875
0.056488037109375 -0.189620971679688 0.0697021484375 -0.278717041015625
-0.0776824951171875 -0.152145385742188 -0.0592956542968751 -0.483551025390625
-0.147491455078125 -0.00639343261718753 -0.337127685546875 -0.36395263671875
-0.0780563354492188 0.0871810913085938 -0.3946533203125 -0.11651611328125
0.0078277587890625 0.0867233276367187 -0.285064697265625 0.062652587890625
0.0694580078125 0.0709075927734375 -0.152618408203125 0.137466430664062
0.073028564453125 0.0377655029296875 -0.0666656494140625 0.0703811645507813
0.0599822998046875 0.0275917053222656 -0.0320472717285156 -0.0527610778808594
0.0827255249023438 0.0419387817382813 0.00746154785156249 -0.16998291015625
0.070037841796875 0.0886917114257813 0.113250732421875 -0.230926513671875
-0.004302978515625 0.118537902832031 0.270751953125 -0.231414794921875
-0.08563232421875 0.0914840698242188 0.417022705078125 -0.05950927734375
-0.140571594238281 -0.0603179931640625 0.415924072265625 0.28997802734375
-0.0388641357421875 -0.1895751953125 0.173492431640625 0.36444091796875
0.0893707275390625 -0.201950073242188 0.0169219970703125 0.146209716796875
0.0164642333984375 -0.144378662109375 0.059234619140625 -0.320220947265625
-0.0773773193359375 -0.0929946899414063 -0.104583740234375 -0.4818115234375
-0.107200622558594 0.0238113403320312 -0.362701416015625 -0.328155517578125
-0.0348434448242187 0.0735321044921875 -0.40081787109375 -0.091339111328125
0.0281105041503906 0.0524787902832031 -0.294891357421875 0.0743408203125
0.0633621215820313 0.0315933227539063 -0.174713134765625 0.14080810546875
0.0536270141601563 0.0119209289550781 -0.0955963134765625 0.0755233764648437
0.0450630187988281 0.00690460205078125 -0.0635833740234375 -0.0511665344238281
0.0659141540527344 0.0206069946289063 -0.016448974609375 -0.176437377929688
0.0545845031738281 0.063568115234375 0.107955932617187 -0.242919921875
-0.0118179321289062 0.0885238647460938 0.286224365234375 -0.231109619140625
-0.0774459838867188 0.0530929565429687 0.43310546875 -0.03515625
-0.0949859619140625 -0.0778121948242187 0.405731201171875 0.324188232421875
0.00317382812499999 -0.163116455078125 0.168212890625 0.363861083984375
0.0950775146484375 -0.155899047851563 0.0640640258789062 0.115158081054688
-0.00429534912109374 -0.0774383544921875 0.039703369140625 -0.345001220703125
-0.0429000854492187 -0.0394248962402344 -0.151153564453125 -0.469879150390625
-0.0552787780761719 0.0263595581054688 -0.392913818359375 -0.285919189453125
-0.002227783203125 0.0369529724121094 -0.410125732421875 -0.0521240234374999
0.0293788909912109 0.011444091796875 -0.300079345703125 0.102081298828125
0.0385589599609375 -0.00531387329101563 -0.186660766601562 0.159988403320313
0.0238552093505859 -0.0107650756835938 -0.110664367675781 0.088958740234375
0.0232067108154297 -0.0159912109375 -0.08172607421875 -0.0439682006835937
0.0422706604003906 -0.00905990600585938 -0.0290069580078125 -0.175872802734375
0.0428276062011719 0.0249404907226563 0.11114501953125 -0.24554443359375
-0.000354766845703125 0.0491523742675781 0.307769775390625 -0.216796875
-0.0418205261230469 0.0258750915527344 0.450286865234375 0.0030517578125
-0.0466690063476562 -0.0563507080078125 0.391876220703125 0.3707275390625
0.0163955688476562 -0.0996475219726563 0.16229248046875 0.3809814453125
0.0644149780273438 -0.090545654296875 0.102081298828125 0.103851318359375
0.038604736328125 0.00336074829101563 -0.0860061645507813 -0.124801635742188
0.0274810791015625 -0.0108451843261719 -0.121551513671875 -0.406951904296875
-0.02166748046875 -0.0091094970703125 -0.385589599609375 -0.345489501953125
-0.028076171875 0.00367355346679687 -0.47174072265625 -0.0554504394531251
-0.0198650360107422 0.00757217407226563 -0.307952880859375 0.191864013671875
-0.0151729583740234 0.027862548828125 -0.0820770263671875 0.271636962890625
-0.00283050537109375 0.0403366088867188 0.0690155029296875 0.16131591796875
-0.000320434570312498 0.0312080383300781 0.106239318847656 0.0083160400390625
0.00952339172363281 0.030029296875 0.122116088867188 -0.106597900390625
0.00986099243164062 0.039306640625 0.190948486328125 -0.147842407226562
-0.00615692138671875 0.0398292541503906 0.295013427734375 -0.1453857421875
-0.012298583984375 0.0285587310791016 0.39361572265625 -0.00213623046875
-0.0242137908935547 0.00120735168457032 0.39739990234375 0.31158447265625
-0.00440168380737305 -0.00749921798706055 0.20318603515625 0.453125
0.0111255645751953 0.00265216827392578 -0.054779052734375 0.323089599609375
0.100242614746094 -0.0655288696289062 -0.0655670166015625 -0.134147644042969
0.052978515625 -0.0921707153320313 -0.088470458984375 -0.4261474609375
-0.050201416015625 -0.0654182434082031 -0.359130859375 -0.37738037109375
-0.0787887573242188 -0.000831604003906238 -0.459564208984375 -0.0884094238281249
-0.04852294921875 0.0396385192871094 -0.3043212890625 0.161285400390625
-0.00618743896484375 0.0710830688476563 -0.0856781005859375 0.2503662109375
0.0258979797363281 0.064544677734375 0.0611114501953125 0.1434326171875
0.0240364074707031 0.0453300476074219 0.0971832275390625 -0.00725555419921875
0.03826904296875 0.043853759765625 0.111503601074219 -0.12322998046875
0.0414314270019531 0.0620269775390625 0.179550170898437 -0.16796875
0.0112228393554687 0.0737533569335938 0.282684326171875 -0.175262451171875
-0.0167922973632812 0.0706863403320313 0.392730712890625 -0.036468505859375
-0.0709228515625 0.0202484130859375 0.42254638671875 0.279815673828125
-0.0517845153808594 -0.0465164184570313 0.223876953125 0.4326171875
0.00492095947265625 -0.0726089477539063 -0.047119140625 0.3162841796875
0.138175964355469 -0.128524780273438 -0.0246734619140625 -0.155029296875
0.0524139404296875 -0.160507202148438 -0.0545654296875 -0.438629150390625
-0.0882186889648438 -0.100357055664062 -0.3360595703125 -0.38812255859375
-0.118888854980469 0.00741577148437499 -0.4361572265625 -0.1072998046875
-0.0636520385742187 0.0685844421386719 -0.289520263671875 0.129119873046875
0.00788116455078126 0.102272033691406 -0.0905609130859375 0.216476440429688
0.0503463745117188 0.0779037475585938 0.0403823852539063 0.1187744140625
0.0441932678222656 0.054046630859375 0.0739593505859375 -0.023345947265625
0.0617027282714844 0.0535545349121094 0.090087890625 -0.136909484863281
0.0661392211914063 0.0799713134765625 0.161376953125 -0.18414306640625
0.0234909057617188 0.101646423339844 0.268585205078125 -0.197540283203125
-0.0260696411132812 0.104141235351562 0.39208984375 -0.0638427734375
-0.11346435546875 0.0287246704101562 0.4315185546875 0.25958251953125
-0.089141845703125 -0.0879440307617188 0.222991943359375 0.413055419921875
0.0072479248046875 -0.139938354492188 -0.043853759765625 0.28973388671875
0.136215209960938 -0.179534912109375 0.02069091796875 -0.18597412109375
0.0125579833984375 -0.198318481445313 -0.034942626953125 -0.452972412109375
-0.130744934082031 -0.093719482421875 -0.32061767578125 -0.38433837890625
-0.134963989257813 0.0372390747070312 -0.40985107421875 -0.116455078125
-0.0549697875976562 0.0934906005859375 -0.274871826171875 0.0976104736328125
0.0312652587890625 0.112876892089844 -0.100006103515625 0.179641723632813
0.0696487426757813 0.0766677856445313 0.010284423828125 0.0926589965820313
0.0580101013183594 0.0534629821777344 0.0406570434570313 -0.0379142761230469
0.0789031982421875 0.0559463500976563 0.0612335205078125 -0.148513793945313
0.0807418823242188 0.0913238525390625 0.139892578125 -0.198501586914063
0.0246963500976563 0.121391296386719 0.258514404296875 -0.213790893554687
-0.0447845458984375 0.122611999511719 0.39227294921875 -0.07598876953125
-0.145767211914063 0.0154266357421875 0.431121826171875 0.255126953125
-0.103591918945312 -0.1341552734375 0.20965576171875 0.39453125
0.024322509765625 -0.190811157226563 -0.0358428955078125 0.247116088867188
0.101638793945312 -0.201004028320313 0.0523223876953125 -0.22930908203125
-0.0395050048828125 -0.191787719726563 -0.03643798828125 -0.466583251953125
-0.153884887695313 -0.0535736083984375 -0.3175048828125 -0.373931884765625
-0.118576049804687 0.0700836181640625 -0.39007568359375 -0.117767333984375
-0.0270462036132812 0.100318908691406 -0.268096923828125 0.0734710693359375
0.0550155639648437 0.100906372070312 -0.118331909179687 0.148178100585938
0.0774383544921875 0.0621185302734375 -0.027313232421875 0.074066162109375
0.0625534057617188 0.0452537536621094 0.00224304199218751 -0.0474891662597656
0.0847625732421875 0.053314208984375 0.0301666259765625 -0.157546997070313
0.0801773071289063 0.09539794921875 0.119827270507813 -0.211990356445313
0.0121231079101563 0.12841796875 0.251968383789063 -0.2249755859375
-0.0695343017578125 0.117782592773438 0.394744873046875 -0.077301025390625
-0.15814208984375 -0.0200653076171875 0.420867919921875 0.258941650390625
-0.0852203369140625 -0.173812866210938 0.188507080078125 0.372802734375
0.05499267578125 -0.212814331054687 -0.016082763671875 0.194427490234375
0.0553436279296875 -0.187728881835938 0.0626983642578125 -0.275543212890625
-0.0755462646484375 -0.147842407226563 -0.06439208984375 -0.474029541015625
-0.142807006835938 -0.00491333007812497 -0.332550048828125 -0.35113525390625
-0.0773696899414063 0.0850296020507812 -0.385284423828125 -0.10894775390625
0.00622558593749999 0.0850677490234375 -0.273818969726563 0.0646972656250001
0.0677452087402344 0.069549560546875 -0.142837524414063 0.13360595703125
0.0716781616210938 0.0382537841796875 -0.0629158020019531 0.0675048828125
0.0573005676269531 0.02923583984375 -0.0352935791015625 -0.0525932312011719
0.0787734985351562 0.0417251586914062 0.00144958496093752 -0.166717529296875
0.0687942504882813 0.086700439453125 0.10479736328125 -0.225997924804688
-0.00388336181640625 0.117324829101563 0.257720947265625 -0.2320556640625
-0.08447265625 0.0903701782226562 0.403778076171875 -0.067138671875
-0.138320922851563 -0.0595626831054688 0.41021728515625 0.276336669921875
-0.0428619384765625 -0.187362670898438 0.174835205078125 0.35626220703125
0.0837860107421875 -0.19891357421875 0.020416259765625 0.146636962890625
0.01739501953125 -0.142120361328125 0.05194091796875 -0.3165283203125
-0.0735702514648437 -0.0903167724609375 -0.108245849609375 -0.470245361328125
-0.103347778320313 0.0245742797851563 -0.357147216796875 -0.31671142578125
-0.0339202880859375 0.0710525512695313 -0.39031982421875 -0.0841979980468749
0.0261192321777344 0.0508804321289063 -0.282623291015625 0.0759887695312501
0.0613174438476563 0.0309982299804688 -0.164047241210938 0.1385498046875
0.052215576171875 0.0127906799316406 -0.0921401977539063 0.0728912353515625
0.0431289672851563 0.008270263671875 -0.0660247802734375 -0.0508079528808594
0.0620536804199219 0.0206298828125 -0.0218505859375 -0.172317504882813
0.0534782409667969 0.0610008239746094 0.09967041015625 -0.238372802734375
-0.0109100341796875 0.0869827270507813 0.274307250976563 -0.230300903320312
-0.0763397216796875 0.0525894165039063 0.420379638671875 -0.040557861328125
-0.0940933227539063 -0.0760650634765625 0.40057373046875 0.30865478515625
-0.000518798828124992 -0.160171508789062 0.168914794921875 0.3553466796875
0.08953857421875 -0.153152465820313 0.0661163330078125 0.115188598632812
-0.002532958984375 -0.0758209228515625 0.030792236328125 -0.342987060546875
-0.0390815734863281 -0.0378570556640625 -0.154388427734375 -0.456298828125
-0.0518798828125 0.0268325805664063 -0.38568115234375 -0.273193359375
-0.0024566650390625 0.0354766845703125 -0.397308349609375 -0.0456848144531249
0.0272541046142578 0.00958251953125 -0.286224365234375 0.103179931640625
0.0370254516601562 -0.00571060180664062 -0.175018310546875 0.156463623046875
0.0222244262695312 -0.00977516174316406 -0.106475830078125 0.085968017578125
0.0209751129150391 -0.0139789581298828 -0.0836029052734375 -0.043975830078125
0.0385246276855469 -0.00909423828125 -0.0335235595703125 -0.171630859375
0.0422821044921875 0.0228195190429688 0.103973388671875 -0.24072265625
0.000694274902343745 0.049591064453125 0.29461669921875 -0.21612548828125
-0.0412254333496094 0.0258407592773438 0.435882568359375 -0.00299072265625
-0.04656982421875 -0.0553245544433594 0.38751220703125 0.355377197265625
0.0130844116210937 -0.0971298217773437 0.16363525390625 0.370758056640625
0.0606765747070313 -0.0883407592773438 0.103858947753906 0.103141784667969
0.041168212890625 0.00172805786132812 -0.0904693603515625 -0.125190734863281
0.0298576354980469 -0.0113239288330078 -0.122222900390625 -0.408843994140625
-0.0210437774658203 -0.00873374938964843 -0.383636474609375 -0.34765625
-0.0291099548339844 0.00345420837402343 -0.472747802734375 -0.0552062988281249
-0.0216293334960938 0.00798988342285157 -0.306365966796875 0.193389892578125
-0.0148582458496094 0.0293540954589844 -0.0774078369140625 0.275192260742187
-0.00136184692382812 0.0427932739257813 0.072021484375 0.163558959960938
-0.000513076782226561 0.0342845916748047 0.1055908203125 0.0096893310546875
0.00942230224609375 0.0316562652587891 0.120346069335937 -0.104240417480469
0.0116767883300781 0.0402336120605469 0.187301635742188 -0.145736694335938
-0.00443649291992187 0.0426521301269531 0.290130615234375 -0.14727783203125
-0.0134792327880859 0.0311851501464844 0.39288330078125 -0.006072998046875
-0.026153564453125 0.00128555297851563 0.403167724609375 0.307403564453125
-0.00673198699951172 -0.00838899612426758 0.2120361328125 0.458709716796875
0.00957775115966797 0.00173377990722656 -0.05023193359375 0.33294677734375
0.102622985839844 -0.0678253173828125 -0.0696029663085937 -0.134628295898438
0.0551910400390625 -0.0943374633789063 -0.08905029296875 -0.428802490234375
-0.0495834350585937 -0.0666465759277344 -0.358367919921875 -0.3792724609375
-0.0812530517578125 -0.00157928466796875 -0.46136474609375 -0.090423583984375
-0.0513916015625 0.0394363403320313 -0.302276611328125 0.163330078125
-0.006622314453125 0.0732421875 -0.0807037353515625 0.252853393554688
0.027008056640625 0.0675544738769531 0.06329345703125 0.14459228515625
0.0239295959472656 0.0495223999023437 0.0963058471679688 -0.0063629150390625
0.0374908447265625 0.0465087890625 0.109207153320312 -0.121795654296875
0.0429496765136719 0.063995361328125 0.176284790039063 -0.16693115234375
0.0117111206054687 0.0765457153320313 0.278213500976562 -0.177978515625
-0.0189437866210938 0.072418212890625 0.39141845703125 -0.041534423828125
-0.0736236572265625 0.020416259765625 0.427154541015625 0.27471923828125
-0.056060791015625 -0.0480003356933594 0.2322998046875 0.437744140625
0.00316619873046875 -0.074005126953125 -0.042999267578125 0.325958251953125
0.140914916992188 -0.132858276367188 -0.0286102294921875 -0.155899047851563
0.0538482666015625 -0.162811279296875 -0.05633544921875 -0.442047119140625
-0.0876235961914063 -0.101264953613281 -0.336090087890625 -0.3902587890625
-0.122459411621094 0.00731658935546875 -0.437103271484375 -0.107666015625
-0.0670356750488281 0.0692596435546875 -0.28857421875 0.130035400390625
0.00734710693359375 0.104759216308594 -0.085906982421875 0.21826171875
0.0520858764648438 0.0812606811523438 0.04193115234375 0.118721008300781
0.04437255859375 0.0585861206054688 0.0718841552734375 -0.0230636596679687
0.0612945556640625 0.05645751953125 0.0868682861328125 -0.135833740234375
0.0670013427734375 0.0818099975585938 0.158233642578125 -0.183883666992188
0.0234146118164063 0.105094909667969 0.262527465820313 -0.199447631835937
-0.0287628173828125 0.106117248535156 0.389495849609375 -0.068145751953125
-0.116912841796875 0.0277328491210938 0.438507080078125 0.2557373046875
-0.0943069458007813 -0.090850830078125 0.2330322265625 0.417205810546875
0.00422668457031251 -0.142349243164063 -0.03985595703125 0.29876708984375
0.138687133789062 -0.183990478515625 0.017578125 -0.18841552734375
0.0138092041015625 -0.201263427734375 -0.03564453125 -0.455169677734375
-0.130767822265625 -0.0951614379882813 -0.32049560546875 -0.38726806640625
-0.13824462890625 0.0360870361328125 -0.4097900390625 -0.1165771484375
-0.0578155517578125 0.0943450927734375 -0.272552490234375 0.0990753173828125
0.0307769775390625 0.115715026855469 -0.095550537109375 0.180419921875
0.0707778930664063 0.0797500610351563 0.0115203857421875 0.0923614501953125
0.0576095581054688 0.0583686828613281 0.0380020141601563 -0.0380477905273437
0.0783309936523438 0.0598373413085938 0.0584259033203125 -0.148162841796875
0.08148193359375 0.093536376953125 0.136672973632813 -0.198532104492188
0.0240402221679687 0.125099182128906 0.253463745117188 -0.215866088867188
-0.0473709106445313 0.124320983886719 0.390380859375 -0.080230712890625
-0.149566650390625 0.0140533447265625 0.435546875 0.2510986328125
-0.108207702636719 -0.136604309082031 0.214263916015625 0.3980712890625
0.0213470458984375 -0.193923950195312 -0.0326080322265625 0.254531860351563
0.10455322265625 -0.204986572265625 0.0506591796875 -0.232864379882813
-0.0380859375 -0.19390869140625 -0.03851318359375 -0.470550537109375
-0.154037475585938 -0.055389404296875 -0.31951904296875 -0.37640380859375
-0.121536254882813 0.0696029663085937 -0.390533447265625 -0.118255615234375
-0.0296630859375 0.101821899414063 -0.267135620117187 0.074188232421875
0.0546722412109375 0.103286743164063 -0.114486694335938 0.148361206054687
0.0780563354492188 0.0647735595703125 -0.02618408203125 0.0732421875
0.0623931884765625 0.0497932434082031 -0.00180816650390624 -0.0480232238769531
0.08355712890625 0.0569534301757813 0.026702880859375 -0.157394409179688
0.0808792114257812 0.0971908569335937 0.116119384765625 -0.212692260742187
0.0118942260742188 0.131645202636719 0.248016357421875 -0.22857666015625
-0.0722579956054688 0.119224548339844 0.39288330078125 -0.07977294921875
-0.161087036132813 -0.0218048095703125 0.426300048828125 0.257415771484375
-0.0896148681640625 -0.176193237304688 0.193756103515625 0.37603759765625
0.0530548095703125 -0.215789794921875 -0.0133209228515625 0.20111083984375
0.057373046875 -0.19122314453125 0.0606536865234375 -0.2803955078125
-0.0744171142578125 -0.149734497070313 -0.066192626953125 -0.47894287109375
-0.142471313476563 -0.00587463378906247 -0.33441162109375 -0.352752685546875
-0.0790176391601563 0.0843582153320313 -0.38671875 -0.108306884765625
0.00380706787109375 0.0855789184570313 -0.27099609375 0.0651702880859375
0.0669021606445313 0.0715789794921875 -0.139015197753906 0.133277893066406
0.0719146728515625 0.0399169921875 -0.0628166198730469 0.0664863586425781
0.0577239990234375 0.0334892272949219 -0.0389213562011719 -0.0530357360839844
0.0772552490234375 0.04437255859375 -0.00250244140625001 -0.166900634765625
0.0690078735351563 0.0875778198242187 0.101654052734375 -0.227981567382813
-0.00460052490234375 0.119392395019531 0.253692626953125 -0.2359619140625
-0.0869522094726562 0.0906906127929688 0.4024658203125 -0.0697021484375
-0.141159057617188 -0.0616607666015625 0.41436767578125 0.27569580078125
-0.04632568359375 -0.189453125 0.1796875 0.358612060546875
0.082611083984375 -0.200164794921875 0.0234832763671875 0.15093994140625
0.01861572265625 -0.144195556640625 0.049896240234375 -0.322998046875
-0.0723953247070313 -0.0917282104492188 -0.11224365234375 -0.47528076171875
-0.101898193359375 0.024139404296875 -0.3599853515625 -0.316070556640625
-0.0345687866210938 0.0705490112304688 -0.390655517578125 -0.08251953125
0.0236434936523437 0.051177978515625 -0.279571533203125 0.0775604248046875
0.0607872009277344 0.0324440002441406 -0.159652709960938 0.137985229492188
0.0525283813476563 0.0141639709472656 -0.0910873413085937 0.071441650390625
0.04254150390625 0.0115966796875 -0.0699119567871094 -0.0511016845703125
0.0605049133300781 0.0220870971679688 -0.0252227783203125 -0.1729736328125
0.0536575317382813 0.0611915588378906 0.097259521484375 -0.24017333984375
-0.0108718872070312 0.0880813598632812 0.270919799804688 -0.234283447265625
-0.0779037475585938 0.053436279296875 0.419189453125 -0.044281005859375
-0.095001220703125 -0.0780105590820313 0.4053955078125 0.3094482421875
-0.00292968749999999 -0.161300659179687 0.1724853515625 0.356536865234375
0.0886077880859375 -0.153549194335938 0.0704193115234375 0.118576049804687
-0.000778198242187495 -0.0773239135742188 0.0289306640625 -0.34930419921875
-0.0365524291992188 -0.0389938354492187 -0.15948486328125 -0.462066650390625
-0.0498199462890625 0.0263442993164063 -0.389068603515625 -0.272125244140625
-0.00288200378417968 0.0345211029052734 -0.39874267578125 -0.0433044433593749
0.0258655548095703 0.00862503051757813 -0.28314208984375 0.10430908203125
0.0365066528320313 -0.00513839721679688 -0.1700439453125 0.15618896484375
0.0226593017578125 -0.00927734375 -0.106498718261719 0.0847702026367188
0.0198402404785156 -0.0125389099121094 -0.0878677368164063 -0.0450515747070313
0.0366325378417969 -0.00896453857421875 -0.0378265380859375 -0.172515869140625
0.04193115234375 0.021820068359375 0.102203369140625 -0.24334716796875
0.00263595581054688 0.0490951538085938 0.292388916015625 -0.219512939453125
-0.041961669921875 0.0268020629882813 0.43524169921875 -0.004180908203125
-0.0462913513183594 -0.0547409057617188 0.3892822265625 0.355712890625
0.0113067626953125 -0.0972366333007813 0.166290283203125 0.3729248046875
0.0591583251953125 -0.0872116088867188 0.108161926269531 0.105628967285156
0.0430488586425781 -0.00159454345703125 -0.0997543334960937 -0.126991271972656
0.0325069427490234 -0.0139904022216797 -0.132537841796875 -0.419586181640625
-0.0202903747558594 -0.00926780700683594 -0.4002685546875 -0.353271484375
-0.0314350128173828 0.00437355041503906 -0.4864501953125 -0.05023193359375
-0.0242481231689453 0.00896835327148438 -0.30963134765625 0.206573486328125
-0.0147743225097656 0.0318374633789063 -0.069610595703125 0.28607177734375
0.000232696533203125 0.0457496643066406 0.0793609619140625 0.168701171875
0.000934600830078123 0.0379981994628906 0.107902526855469 0.0113449096679688
0.00970840454101563 0.0343437194824219 0.12078857421875 -0.105751037597656
0.0140838623046875 0.0421218872070313 0.187835693359375 -0.150039672851563
-0.00202178955078125 0.0455665588378906 0.29034423828125 -0.156341552734375
-0.0140190124511719 0.0339069366455078 0.400177001953125 -0.01641845703125
-0.0295791625976563 0.00215721130371094 0.42431640625 0.305206298828125
-0.0101795196533203 -0.00874042510986328 0.23443603515625 0.470367431640625
0.00826311111450195 0.00124835968017578 -0.041900634765625 0.35211181640625
0.106788635253906 -0.0750885009765625 -0.0787582397460938 -0.137359619140625
0.0574722290039063 -0.0999755859375 -0.09832763671875 -0.438446044921875
-0.051361083984375 -0.0690689086914062 -0.374542236328125 -0.386077880859375
-0.0858306884765625 -0.00105285644531251 -0.47540283203125 -0.086090087890625
-0.0550384521484375 0.0424308776855469 -0.308074951171875 0.17352294921875
-0.0057220458984375 0.0778121948242188 -0.073486328125 0.262557983398438
0.0301437377929688 0.0716552734375 0.0690765380859375 0.148880004882812
0.0256767272949219 0.0544509887695313 0.0972518920898438 -0.00612640380859375
0.0391120910644531 0.050567626953125 0.108192443847656 -0.124496459960938
0.0458297729492188 0.0665321350097656 0.17510986328125 -0.172210693359375
0.0146865844726562 0.0811538696289062 0.27685546875 -0.186935424804687
-0.019805908203125 0.0767669677734375 0.398193359375 -0.05340576171875
-0.078765869140625 0.0217819213867187 0.4483642578125 0.270263671875
-0.0623092651367187 -0.0498924255371094 0.254058837890625 0.447723388671875
0.000183105468750006 -0.07763671875 -0.0341796875 0.344512939453125
0.145599365234375 -0.143035888671875 -0.036376953125 -0.160797119140625
0.0550537109375 -0.171142578125 -0.0653076171875 -0.455352783203125
-0.0904922485351563 -0.105606079101563 -0.351409912109375 -0.3985595703125
-0.127357482910156 0.00765228271484375 -0.451507568359375 -0.10467529296875
-0.071807861328125 0.0730514526367188 -0.29241943359375 0.13885498046875
0.00893402099609376 0.110641479492188 -0.07940673828125 0.225921630859375
0.0555419921875 0.08648681640625 0.0470733642578125 0.121826171875
0.0467643737792969 0.0638351440429688 0.071685791015625 -0.023681640625
0.0639152526855469 0.0609703063964844 0.0842208862304687 -0.138885498046875
0.0715866088867187 0.085357666015625 0.155242919921875 -0.1893310546875
0.0260162353515625 0.1103515625 0.262832641601563 -0.210128784179688
-0.0301284790039063 0.11199951171875 0.396270751953125 -0.08074951171875
-0.123558044433594 0.0301132202148437 0.458526611328125 0.249969482421875
-0.102691650390625 -0.0930328369140625 0.25140380859375 0.42657470703125
-3.05175781249963E-05 -0.148590087890625 -0.0323486328125 0.315887451171875
0.142135620117188 -0.195831298828125 0.0117340087890625 -0.195587158203125
0.0125579833984375 -0.209686279296875 -0.044281005859375 -0.470550537109375
-0.135330200195313 -0.099029541015625 -0.33746337890625 -0.394866943359375
-0.144805908203125 0.0389556884765625 -0.423919677734375 -0.113250732421875
-0.0620498657226563 0.099151611328125 -0.276336669921875 0.10687255859375
0.033233642578125 0.121337890625 -0.0900115966796875 0.1856689453125
0.0749588012695313 0.0839385986328125 0.0141067504882813 0.094696044921875
0.0605812072753906 0.0642967224121094 0.0354080200195313 -0.0389404296875
0.0810546875 0.0645904541015625 0.0539093017578125 -0.151824951171875
0.0859298706054688 0.0970306396484375 0.133438110351563 -0.205291748046875
0.0264205932617188 0.131355285644531 0.252227783203125 -0.228622436523438
-0.0495452880859375 0.130767822265625 0.3970947265625 -0.093414306640625
-0.157638549804687 0.0156707763671875 0.456085205078125 0.24609375
-0.11865234375 -0.140792846679688 0.232879638671875 0.407989501953125
0.0172271728515625 -0.20196533203125 -0.0271759033203125 0.269760131835938
0.106185913085937 -0.216903686523438 0.0460662841796875 -0.242996215820313
-0.0419464111328125 -0.201995849609375 -0.0462646484375 -0.487518310546875
-0.158645629882812 -0.0566558837890625 -0.33599853515625 -0.383758544921875
-0.126480102539063 0.0726318359375 -0.404754638671875 -0.11407470703125
-0.032440185546875 0.106101989746094 -0.270126342773438 0.0804595947265625
0.0570526123046875 0.107887268066406 -0.11029052734375 0.152725219726563
0.0819854736328125 0.06829833984375 -0.0253219604492187 0.0750274658203125
0.0651626586914063 0.0557670593261719 -0.00591659545898437 -0.04937744140625
0.0862503051757813 0.0610427856445313 0.0212249755859375 -0.1614990234375
0.084747314453125 0.100593566894531 0.11224365234375 -0.220138549804687
0.0132980346679688 0.137870788574219 0.246261596679688 -0.24212646484375
-0.0755844116210937 0.125450134277344 0.40008544921875 -0.0928955078125
-0.1693115234375 -0.0213623046875 0.44598388671875 0.254241943359375
-0.099456787109375 -0.181900024414062 0.209442138671875 0.3857421875
0.04986572265625 -0.224624633789063 -0.0072174072265625 0.212692260742188
0.057525634765625 -0.201400756835938 0.0555419921875 -0.29351806640625
-0.0772247314453125 -0.1551513671875 -0.078826904296875 -0.495880126953125
-0.146011352539063 -0.00575256347656252 -0.352996826171875 -0.358673095703125
-0.0827102661132813 0.0876846313476562 -0.3992919921875 -0.103729248046875
0.00222015380859375 0.0888137817382813 -0.274673461914063 0.0721435546875
0.069854736328125 0.0744705200195313 -0.1358642578125 0.137382507324219
0.0751800537109375 0.0423202514648438 -0.0635299682617187 0.0683212280273438
0.0591545104980469 0.037872314453125 -0.0446739196777344 -0.0537338256835938
0.0792617797851563 0.0479736328125 -0.00918579101562501 -0.171585083007812
0.0718994140625 0.0901641845703125 0.09771728515625 -0.23651123046875
-0.00302124023437501 0.124610900878906 0.25390625 -0.248443603515625
-0.0901947021484375 0.0965194702148438 0.4110107421875 -0.080108642578125
-0.148483276367188 -0.06207275390625 0.43280029296875 0.274505615234375
-0.0536041259765625 -0.195831298828125 0.192657470703125 0.3668212890625
0.08074951171875 -0.208770751953125 0.029632568359375 0.159255981445313
0.0185394287109375 -0.152191162109375 0.042694091796875 -0.337921142578125
-0.07415771484375 -0.0943756103515625 -0.12640380859375 -0.492095947265625
-0.103500366210938 0.0258102416992188 -0.379486083984375 -0.318878173828125
-0.0360260009765625 0.0724639892578125 -0.40313720703125 -0.07659912109375
0.0232772827148437 0.0527992248535156 -0.282318115234375 0.084075927734375
0.0627021789550781 0.033477783203125 -0.15814208984375 0.141998291015625
0.0538520812988281 0.0150794982910156 -0.0929946899414063 0.0738372802734375
0.0432701110839844 0.0143928527832031 -0.0766677856445313 -0.0521087646484375
0.0611190795898438 0.0248985290527344 -0.03228759765625 -0.178009033203125
0.0552444458007812 0.0621490478515625 0.0933837890625 -0.249526977539063
-0.00910186767578126 0.0914993286132812 0.272018432617188 -0.247467041015625
-0.0803604125976562 0.0568084716796875 0.428070068359375 -0.05255126953125
-0.10009765625 -0.0794906616210938 0.422882080078125 0.3099365234375
-0.00749206542968751 -0.16650390625 0.18609619140625 0.365234375
0.088714599609375 -0.158721923828125 0.0777359008789062 0.123725891113281
-0.000862121582031245 -0.0807342529296875 0.02032470703125 -0.36590576171875
-0.0351638793945313 -0.0398750305175781 -0.176055908203125 -0.476531982421875
-0.0479965209960938 0.0270729064941406 -0.4091796875 -0.272125244140625
-0.00296783447265625 0.0348320007324219 -0.408447265625 -0.0352172851562499
0.0255489349365234 0.00939750671386719 -0.285064697265625 0.1126708984375
0.0369224548339844 -0.00583267211914063 -0.16815185546875 0.16162109375
0.0223407745361328 -0.0096435546875 -0.108009338378906 0.087158203125
0.0202789306640625 -0.0105876922607422 -0.0948257446289063 -0.0443572998046875
0.0350379943847656 -0.00793266296386719 -0.0445709228515625 -0.177398681640625
0.0434951782226563 0.0205345153808594 0.098419189453125 -0.25286865234375
0.00472259521484376 0.0505790710449219 0.294891357421875 -0.232879638671875
-0.0430488586425781 0.0297393798828125 0.44537353515625 -0.012725830078125
-0.0501441955566406 -0.0558395385742187 0.40704345703125 0.357818603515625
0.00797271728515624 -0.0987472534179688 0.17889404296875 0.380950927734375
0.0601272583007813 -0.08905029296875 0.117263793945313 0.109619140625
0.0450973510742187 -0.0060272216796875 -0.114250183105469 -0.12603759765625
0.0347366333007813 -0.0181102752685547 -0.158050537109375 -0.427001953125
-0.0203151702880859 -0.00969696044921875 -0.430267333984375 -0.34716796875
-0.0333595275878906 0.00638198852539062 -0.506317138671875 -0.0292358398437501
-0.0264186859130859 0.0118637084960938 -0.308380126953125 0.230255126953125
-0.0132827758789063 0.0355911254882813 -0.053314208984375 0.30023193359375
0.0038909912109375 0.050201416015625 0.09466552734375 0.17303466796875
0.0041351318359375 0.0426902770996094 0.113029479980469 0.00974273681640625
0.0129547119140625 0.0370521545410156 0.119636535644531 -0.111587524414063
0.0177268981933594 0.043487548828125 0.184844970703125 -0.16168212890625
0.00202178955078125 0.0482864379882813 0.287384033203125 -0.17578125
-0.0135421752929688 0.0373382568359375 0.409027099609375 -0.0394287109375
-0.0331630706787109 0.00504302978515625 0.457427978515625 0.2889404296875
-0.0141506195068359 -0.00831794738769531 0.274017333984375 0.47674560546875
0.00773954391479492 0.000428199768066406 -0.020843505859375 0.375762939453125
0.108116149902344 -0.0864181518554687 -0.0918350219726562 -0.137031555175781
0.0560531616210938 -0.109580993652344 -0.12469482421875 -0.450225830078125
-0.0546798706054688 -0.0724105834960937 -0.40570068359375 -0.382080078125
-0.089996337890625 0.00249481201171874 -0.49554443359375 -0.0662231445312499
-0.0582122802734375 0.0476303100585938 -0.30767822265625 0.1943359375
-0.0016632080078125 0.0829925537109375 -0.0583648681640625 0.275466918945313
0.0357284545898437 0.0758285522460938 0.0817413330078125 0.152114868164063
0.030487060546875 0.0594406127929688 0.099395751953125 -0.00804901123046875
0.0447196960449219 0.0537643432617188 0.104881286621094 -0.130119323730469
0.0519142150878906 0.0681114196777344 0.17047119140625 -0.184036254882813
0.0199050903320312 0.0846786499023438 0.271041870117187 -0.20648193359375
-0.0175704956054687 0.0828170776367188 0.403961181640625 -0.07861328125
-0.0840911865234375 0.0267486572265625 0.47882080078125 0.251617431640625
-0.0715103149414063 -0.0489044189453125 0.292724609375 0.45220947265625
-0.00589752197265625 -0.0817031860351563 -0.013916015625 0.36761474609375
0.145156860351562 -0.159500122070313 -0.048919677734375 -0.164535522460938
0.050506591796875 -0.183303833007813 -0.089813232421875 -0.4686279296875
-0.0976028442382813 -0.109344482421875 -0.382049560546875 -0.39703369140625
-0.135032653808594 0.0148162841796875 -0.47222900390625 -0.0873413085937501
-0.0740814208984375 0.080078125 -0.293212890625 0.158294677734375
0.015472412109375 0.117355346679688 -0.066375732421875 0.23638916015625
0.06280517578125 0.09014892578125 0.057159423828125 0.124290466308594
0.0525665283203125 0.0702896118164063 0.07098388671875 -0.025115966796875
0.0700759887695313 0.0634803771972656 0.0780487060546875 -0.145263671875
0.0794754028320313 0.08599853515625 0.1488037109375 -0.201461791992187
0.0332870483398438 0.1163330078125 0.255630493164062 -0.230316162109375
-0.0275192260742187 0.120414733886719 0.402191162109375 -0.10455322265625
-0.129753112792969 0.0377120971679688 0.489532470703125 0.232086181640625
-0.115264892578125 -0.092376708984375 0.288665771484375 0.430389404296875
-0.008636474609375 -0.156417846679688 -0.014434814453125 0.33709716796875
0.138427734375 -0.214767456054688 -7.62939453124947E-05 -0.204254150390625
0.0040283203125 -0.2213134765625 -0.06982421875 -0.4879150390625
-0.143951416015625 -0.0995941162109375 -0.368682861328125 -0.394317626953125
-0.151260375976562 0.0465240478515625 -0.443756103515625 -0.0959472656249999
-0.06317138671875 0.106834411621094 -0.277679443359375 0.123687744140625
0.0404129028320312 0.126594543457031 -0.078948974609375 0.194229125976563
0.082794189453125 0.087066650390625 0.0207061767578125 0.0967330932617188
0.0674400329589844 0.0700759887695313 0.0320472717285156 -0.0403213500976562
0.0880508422851563 0.0679702758789063 0.0462646484375 -0.157241821289063
0.0942001342773438 0.0982437133789063 0.125579833984375 -0.217636108398438
0.0329208374023438 0.138137817382813 0.245132446289062 -0.249313354492188
-0.0479736328125 0.140899658203125 0.402191162109375 -0.118743896484375
-0.166946411132813 0.0230712890625 0.485260009765625 0.227142333984375
-0.13433837890625 -0.1412353515625 0.267333984375 0.41192626953125
0.00740051269531251 -0.21173095703125 -0.01043701171875 0.288482666015625
0.100067138671875 -0.234954833984375 0.03350830078125 -0.257110595703125
-0.05206298828125 -0.210220336914063 -0.074005126953125 -0.504150390625
-0.166366577148438 -0.053741455078125 -0.369537353515625 -0.381500244140625
-0.13037109375 0.0805282592773438 -0.423309326171875 -0.098358154296875
-0.0322341918945312 0.112983703613281 -0.272323608398438 0.0958557128906251
0.0645904541015625 0.11126708984375 -0.102096557617188 0.16070556640625
0.0890731811523438 0.0699539184570313 -0.0214691162109375 0.077972412109375
0.0715103149414063 0.0605010986328125 -0.0116462707519531 -0.0489120483398437
0.0924835205078125 0.0644302368164063 0.0107421875 -0.1671142578125
0.0923995971679688 0.101463317871094 0.103271484375 -0.232864379882813
0.0200042724609375 0.144760131835938 0.23876953125 -0.263458251953125
-0.07464599609375 0.135307312011719 0.40771484375 -0.118133544921875
-0.179519653320313 -0.0150909423828125 0.474945068359375 0.237579345703125
-0.115493774414062 -0.185455322265625 0.2388916015625 0.389801025390625
0.039459228515625 -0.237045288085938 0.00622558593749999 0.226058959960938
0.0511627197265625 -0.215179443359375 0.0406494140625 -0.31103515625
-0.086669921875 -0.15985107421875 -0.109222412109375 -0.513519287109375
-0.150665283203125 -0.0011138916015625 -0.385589599609375 -0.353851318359375
-0.0833282470703125 0.0948562622070313 -0.417083740234375 -0.0859680175781251
0.00387573242187499 0.0932388305664062 -0.276504516601563 0.0865325927734375
0.0760116577148438 0.0754318237304688 -0.12939453125 0.145065307617188
0.0808792114257813 0.0433197021484375 -0.0622177124023437 0.0725784301757813
0.0640182495117188 0.0417442321777344 -0.0518264770507813 -0.0522842407226562
0.0840377807617188 0.049957275390625 -0.020965576171875 -0.17669677734375
0.077911376953125 0.09130859375 0.0877685546875 -0.250030517578125
0.00241851806640624 0.130287170410156 0.246612548828125 -0.270553588867188
-0.0912628173828125 0.105682373046875 0.419769287109375 -0.1051025390625
-0.1593017578125 -0.059112548828125 0.46209716796875 0.2613525390625
-0.0677642822265625 -0.200881958007813 0.220123291015625 0.370880126953125
0.0732421875 -0.22149658203125 0.042236328125 0.167312622070313
0.0118560791015625 -0.161422729492188 0.025787353515625 -0.357666015625
-0.0796966552734375 -0.096954345703125 -0.159820556640625 -0.50762939453125
-0.104324340820313 0.0288848876953125 -0.412322998046875 -0.312103271484375
-0.0354690551757813 0.0756149291992188 -0.41839599609375 -0.05816650390625
0.0243453979492187 0.053863525390625 -0.284515380859375 0.10064697265625
0.0668220520019531 0.0322685241699219 -0.152542114257813 0.150543212890625
0.0569419860839844 0.0156135559082031 -0.0930023193359375 0.0798263549804688
0.0455474853515625 0.0175552368164062 -0.0852432250976562 -0.04913330078125
0.06304931640625 0.0262069702148438 -0.0449981689453125 -0.183990478515625
0.0592231750488281 0.0615882873535156 0.0832061767578125 -0.26312255859375
-0.00524139404296875 0.095916748046875 0.268264770507813 -0.27032470703125
-0.081634521484375 0.0638961791992188 0.4395751953125 -0.076324462890625
-0.109855651855469 -0.07818603515625 0.45428466796875 0.29766845703125
-0.017303466796875 -0.171630859375 0.212982177734375 0.367431640625
0.0836639404296875 -0.169662475585938 0.0905685424804688 0.125732421875
-0.0045623779296875 -0.0855255126953125 0.000579833984374987 -0.38531494140625
-0.0355796813964844 -0.0422286987304687 -0.211883544921875 -0.4888916015625
-0.0469398498535156 0.0298194885253906 -0.439208984375 -0.258392333984375
-0.00226211547851562 0.0346050262451172 -0.421844482421875 -0.0146789550781251
0.0246601104736328 0.00893402099609375 -0.284027099609375 0.12884521484375
0.0373191833496094 -0.00754547119140625 -0.160995483398438 0.171875
0.0227470397949219 -0.009002685546875 -0.107337951660156 0.094268798828125
0.0195446014404297 -0.00900840759277344 -0.103736877441406 -0.0408554077148437
0.0348186492919922 -0.00825881958007813 -0.0572662353515625 -0.181838989257813
0.045257568359375 0.0180778503417969 0.0886688232421875 -0.268142700195313
0.00783920288085937 0.0508842468261719 0.2919921875 -0.25604248046875
-0.0427818298339844 0.0343818664550781 0.45880126953125 -0.03619384765625
-0.0551528930664063 -0.0539932250976563 0.43792724609375 0.34814453125
0.00305175781249999 -0.101005554199219 0.206024169921875 0.38421630859375
0.0578079223632813 -0.0934982299804688 0.130821228027344 0.110191345214844
0.0454750061035156 -0.0110206604003906 -0.12921142578125 -0.117218017578125
0.0366477966308594 -0.0248756408691406 -0.192108154296875 -0.418731689453125
-0.0191555023193359 -0.0104751586914062 -0.459869384765625 -0.321533203125
-0.0333099365234375 0.00868606567382813 -0.51458740234375 0.00683593750000001
-0.0278606414794922 0.0147380828857422 -0.292266845703125 0.255859375
-0.00851058959960937 0.0376091003417969 -0.026702880859375 0.30694580078125
0.0101966857910156 0.0525245666503906 0.112411499023437 0.169082641601562
0.00893020629882813 0.0460166931152344 0.115798950195313 0.00574493408203125
0.0161666870117188 0.0390205383300781 0.1126708984375 -0.118011474609375
0.0230598449707031 0.0435066223144531 0.171768188476563 -0.171890258789063
0.0076446533203125 0.049835205078125 0.272842407226563 -0.19622802734375
-0.0107269287109375 0.0408782958984375 0.406494140625 -0.07220458984375
-0.0358238220214844 0.00894927978515624 0.4866943359375 0.251953125
-0.0179653167724609 -0.00581169128417968 0.3218994140625 0.460601806640625
0.00742101669311523 0.000172615051269531 0.01220703125 0.390838623046875
0.103019714355469 -0.10015869140625 -0.109352111816406 -0.1302490234375
0.04937744140625 -0.1185302734375 -0.160797119140625 -0.44549560546875
-0.0582504272460938 -0.0726776123046875 -0.43829345703125 -0.35894775390625
-0.0927963256835938 0.00867462158203126 -0.505035400390625 -0.0307922363281249
-0.0575065612792969 0.0546150207519531 -0.294769287109375 0.220306396484375
0.0046844482421875 0.0875701904296875 -0.0328369140625 0.280868530273438
0.0436477661132813 0.0774993896484375 0.0970916748046875 0.1485595703125
0.0390968322753906 0.0624542236328125 0.100563049316406 -0.0128555297851562
0.0504379272460938 0.0530128479003906 0.0966339111328125 -0.136917114257813
0.0589065551757813 0.0660476684570313 0.1558837890625 -0.195083618164063
0.0292510986328125 0.0858840942382813 0.253829956054688 -0.227767944335938
-0.0130081176757812 0.0861358642578125 0.39849853515625 -0.11248779296875
-0.0856704711914063 0.03564453125 0.503753662109375 0.21307373046875
-0.07940673828125 -0.0433578491210938 0.336029052734375 0.4337158203125
-0.0125732421875 -0.0844955444335937 0.019378662109375 0.382659912109375
0.134658813476563 -0.178115844726563 -0.06634521484375 -0.16180419921875
0.03961181640625 -0.193359375 -0.12554931640625 -0.46722412109375
-0.105545043945313 -0.107940673828125 -0.417388916015625 -0.37432861328125
-0.138648986816406 0.0233612060546875 -0.48199462890625 -0.0554504394531251
-0.0733413696289062 0.089080810546875 -0.27978515625 0.181167602539062
0.0238571166992187 0.121353149414063 -0.045166015625 0.241363525390625
0.071807861328125 0.090087890625 0.0696868896484375 0.119361877441406
0.0635604858398438 0.0720291137695313 0.0689964294433594 -0.0266227722167969
0.0770339965820313 0.0634307861328125 0.0669403076171875 -0.150009155273438
0.0870895385742188 0.082733154296875 0.133392333984375 -0.213455200195313
0.0419464111328125 0.118980407714844 0.236343383789063 -0.252227783203125
-0.0217666625976562 0.12420654296875 0.39593505859375 -0.138885498046875
-0.133331298828125 0.0470352172851563 0.513092041015625 0.19195556640625
-0.129417419433594 -0.0865936279296875 0.329437255859375 0.41302490234375
-0.021728515625 -0.1593017578125 0.015838623046875 0.350067138671875
0.124832153320313 -0.233139038085938 -0.01788330078125 -0.207015991210938
-0.0123443603515625 -0.22784423828125 -0.109130859375 -0.48968505859375
-0.153793334960938 -0.095001220703125 -0.40380859375 -0.3724365234375
-0.151870727539062 0.057525634765625 -0.455047607421875 -0.065185546875
-0.0599136352539063 0.114784240722656 -0.26934814453125 0.143692016601562
0.0511245727539063 0.127731323242188 -0.0608062744140625 0.199310302734375
0.0918426513671875 0.0861587524414063 0.029571533203125 0.0954513549804687
0.0753936767578125 0.0715408325195313 0.0273933410644531 -0.0409011840820312
0.0951766967773438 0.06634521484375 0.0329437255859375 -0.161331176757813
0.102363586425781 0.0965957641601563 0.107498168945312 -0.228103637695313
0.0435104370117187 0.140357971191406 0.223114013671875 -0.271270751953125
-0.0408782958984375 0.148544311523438 0.394256591796875 -0.150482177734375
-0.171127319335938 0.0348663330078125 0.508575439453125 0.188446044921875
-0.151275634765625 -0.133941650390625 0.304046630859375 0.39654541015625
-0.0109100341796875 -0.217514038085938 0.01605224609375 0.298736572265625
0.0832061767578125 -0.251144409179688 0.0139312744140625 -0.264877319335938
-0.0676727294921875 -0.2142333984375 -0.115234375 -0.50946044921875
-0.173110961914062 -0.047576904296875 -0.403076171875 -0.358306884765625
-0.128608703613281 0.0908966064453125 -0.434539794921875 -0.06695556640625
-0.0281829833984375 0.118743896484375 -0.2647705078125 0.11480712890625
0.0743179321289063 0.110382080078125 -0.0876312255859375 0.165054321289063
0.096527099609375 0.0682296752929688 -0.0147628784179687 0.0787506103515625
0.0802230834960938 0.0611419677734375 -0.0170097351074219 -0.0477523803710938
0.0999069213867188 0.061767578125 -0.00408935546875001 -0.169631958007812
0.100547790527344 0.0987396240234375 0.0840606689453125 -0.243301391601563
0.0292205810546875 0.1473388671875 0.217498779296875 -0.284393310546875
-0.0686187744140625 0.146026611328125 0.398834228515625 -0.151214599609375
-0.186553955078125 -0.00183105468749999 0.50054931640625 0.201202392578125
-0.133956909179687 -0.180328369140625 0.2738037109375 0.37713623046875
0.022125244140625 -0.244354248046875 0.0269927978515625 0.234085083007812
0.0354156494140625 -0.2264404296875 0.015472412109375 -0.322540283203125
-0.100326538085938 -0.158950805664062 -0.152252197265625 -0.51507568359375
-0.153823852539063 0.00637817382812502 -0.419281005859375 -0.327392578125
-0.0783920288085938 0.101615905761719 -0.42633056640625 -0.0565795898437501
0.0081787109375 0.0951995849609375 -0.26983642578125 0.105728149414062
0.0823440551757813 0.071044921875 -0.117385864257813 0.1519775390625
0.0860137939453125 0.041534423828125 -0.05718994140625 0.07611083984375
0.0703811645507812 0.0422821044921875 -0.0586357116699219 -0.0478248596191406
0.0902633666992188 0.0482330322265625 -0.0374755859375 -0.177230834960938
0.0845870971679688 0.0882720947265625 0.0674285888671875 -0.259765625
0.011566162109375 0.133590698242188 0.226806640625 -0.294921875
-0.0871124267578125 0.114471435546875 0.414215087890625 -0.13665771484375
-0.168258666992188 -0.0484771728515625 0.4874267578125 0.225616455078125
-0.08648681640625 -0.198501586914063 0.25189208984375 0.358642578125
0.057861328125 -0.231842041015625 0.05859375 0.169998168945312
0.001861572265625 -0.167312622070313 -0.00531005859375 -0.37030029296875
-0.0872802734375 -0.0968017578125 -0.204315185546875 -0.504150390625
-0.102432250976563 0.0326919555664062 -0.444061279296875 -0.280670166015625
-0.0317611694335938 0.0771331787109375 -0.42523193359375 -0.026397705078125
0.0266685485839844 0.0550880432128906 -0.274749755859375 0.120941162109375
0.0699729919433594 0.0286636352539063 -0.139816284179688 0.158905029296875
0.0590362548828125 0.0126800537109375 -0.0883407592773438 0.0841445922851563
0.0503387451171875 0.0183944702148437 -0.0932083129882813 -0.0427017211914062
0.06671142578125 0.024200439453125 -0.06201171875 -0.181015014648438
0.0630035400390625 0.0581398010253906 0.0621795654296875 -0.275344848632813
0.00221252441406251 0.097015380859375 0.248291015625 -0.295745849609375
-0.078643798828125 0.0697784423828125 0.4375 -0.10955810546875
-0.118476867675781 -0.0704498291015625 0.479766845703125 0.26617431640625
-0.0335845947265625 -0.17230224609375 0.244903564453125 0.3541259765625
0.0722503662109375 -0.1776123046875 0.105728149414063 0.123603820800781
-0.010009765625 -0.0887680053710938 -0.0330810546875 -0.395172119140625
-0.0387344360351563 -0.0440216064453125 -0.258331298828125 -0.48162841796875
-0.0438346862792969 0.0303840637207031 -0.467254638671875 -0.225341796875
0.00074577331542969 0.0340538024902344 -0.425048828125 0.0174865722656249
0.0232868194580078 0.004486083984375 -0.272369384765625 0.149139404296875
0.0364952087402344 -0.0118637084960938 -0.149215698242188 0.181594848632813
0.0237941741943359 -0.009063720703125 -0.103279113769531 0.101982116699219
0.019073486328125 -0.0085906982421875 -0.11102294921875 -0.0317840576171875
0.0347747802734375 -0.00945281982421875 -0.07305908203125 -0.181350708007813
0.0446128845214844 0.012939453125 0.068267822265625 -0.279891967773438
0.0128860473632813 0.049652099609375 0.27398681640625 -0.281341552734375
-0.0381050109863281 0.0382194519042969 0.460418701171875 -0.071441650390625
-0.0600204467773438 -0.0500450134277344 0.468048095703125 0.31622314453125
-0.00757598876953125 -0.0986404418945313 0.237274169921875 0.37127685546875
0.0510177612304688 -0.0984420776367188 0.147308349609375 0.101486206054688
0.0417022705078125 -0.0165443420410156 -0.139007568359375 -0.102760314941406
0.0323524475097656 -0.0299415588378906 -0.217071533203125 -0.394287109375
-0.0180530548095703 -0.0119037628173828 -0.471771240234375 -0.282379150390625
-0.0321159362792969 0.00979042053222656 -0.50189208984375 0.03985595703125
-0.0268478393554688 0.0174827575683594 -0.267135620117188 0.269851684570313
-0.00548553466796875 0.0383033752441406 -0.00192260742187501 0.301544189453125
0.0156211853027344 0.052520751953125 0.124359130859375 0.158859252929687
0.0153846740722656 0.0465316772460938 0.116004943847656 -0.000274658203124997
0.0202789306640625 0.0377616882324219 0.104164123535156 -0.12127685546875
0.0259246826171875 0.0399856567382812 0.156112670898438 -0.178497314453125
0.0128898620605469 0.0480461120605469 0.248046875 -0.211273193359375
-0.00737762451171875 0.0427169799804688 0.387664794921875 -0.10198974609375
-0.0363311767578125 0.0146713256835938 0.494049072265625 0.2071533203125
-0.0200443267822266 -0.00384902954101563 0.35137939453125 0.427215576171875
0.00543069839477539 -0.0023646354675293 0.0477294921875 0.389617919921875
0.0931167602539063 -0.109077453613281 -0.118919372558594 -0.117942810058594
0.0406036376953125 -0.123344421386719 -0.1878662109375 -0.423004150390625
-0.0626449584960938 -0.070892333984375 -0.453094482421875 -0.320892333984375
-0.0925674438476563 0.0139236450195313 -0.49566650390625 0.0016784667968751
-0.0548553466796875 0.0587692260742187 -0.270187377929688 0.235015869140625
0.0117416381835937 0.08447265625 -0.0105133056640625 0.275924682617187
0.0508499145507813 0.075286865234375 0.107521057128906 0.138534545898438
0.0450935363769531 0.062225341796875 0.0997543334960938 -0.0169830322265625
0.0546150207519531 0.0524711608886719 0.0853805541992188 -0.138084411621094
0.0636940002441406 0.063140869140625 0.137847900390625 -0.197830200195312
0.0352096557617188 0.0845565795898438 0.227325439453125 -0.238174438476562
-0.00750732421875 0.0894393920898438 0.37786865234375 -0.138153076171875
-0.0841522216796875 0.0427780151367188 0.50885009765625 0.16778564453125
-0.0852279663085938 -0.0374832153320312 0.367218017578125 0.40045166015625
-0.0196990966796875 -0.0833740234375 0.052276611328125 0.3802490234375
0.120071411132812 -0.1881103515625 -0.0783538818359375 -0.154876708984375
0.0230712890625 -0.19573974609375 -0.157958984375 -0.447540283203125
-0.111724853515625 -0.10235595703125 -0.434173583984375 -0.337127685546875
-0.135826110839844 0.0305709838867188 -0.47607421875 -0.0207519531250001
-0.0682449340820312 0.093353271484375 -0.262451171875 0.196914672851563
0.0314483642578125 0.116317749023438 -0.0240631103515625 0.2369384765625
0.0797348022460937 0.0860214233398438 0.0759963989257813 0.114082336425781
0.0689849853515625 0.0705642700195313 0.065216064453125 -0.0299453735351563
0.0835189819335938 0.0598678588867188 0.0543060302734375 -0.149307250976563
0.0922622680664063 0.078094482421875 0.114547729492188 -0.215103149414063
0.0509033203125 0.115036010742188 0.2073974609375 -0.262176513671875
-0.01300048828125 0.128273010253906 0.371246337890625 -0.165618896484375
-0.130264282226562 0.0574569702148438 0.51531982421875 0.147125244140625
-0.136871337890625 -0.0752029418945313 0.356048583984375 0.38214111328125
-0.0347900390625 -0.157958984375 0.04754638671875 0.3492431640625
0.10552978515625 -0.242034912109375 -0.03466796875 -0.202301025390625
-0.027801513671875 -0.227142333984375 -0.14263916015625 -0.473724365234375
-0.158355712890625 -0.0873870849609375 -0.42205810546875 -0.336822509765625
-0.147430419921875 0.0658416748046875 -0.449310302734375 -0.0330505371093751
-0.053466796875 0.119453430175781 -0.250930786132813 0.157241821289063
0.058685302734375 0.123237609863281 -0.04290771484375 0.194732666015625
0.09857177734375 0.0811233520507812 0.0367050170898438 0.0916671752929688
0.0838241577148438 0.070159912109375 0.023223876953125 -0.0391159057617187
0.100532531738281 0.0634613037109375 0.01812744140625 -0.158294677734375
0.107940673828125 0.0884628295898438 0.08746337890625 -0.229110717773438
0.0528640747070312 0.137451171875 0.195083618164063 -0.279876708984375
-0.03131103515625 0.150588989257813 0.371063232421875 -0.17742919921875
-0.168624877929688 0.04736328125 0.5125732421875 0.145965576171875
-0.162078857421875 -0.121246337890625 0.33026123046875 0.365997314453125
-0.0271148681640625 -0.215713500976563 0.04217529296875 0.2969970703125
0.06414794921875 -0.257461547851563 -0.0103607177734375 -0.26318359375
-0.0822906494140625 -0.207962036132813 -0.152099609375 -0.490936279296875
-0.174453735351563 -0.03875732421875 -0.4208984375 -0.320404052734375
-0.121025085449219 0.09759521484375 -0.4287109375 -0.0377197265625001
-0.0220794677734375 0.120155334472656 -0.249053955078125 0.128204345703125
0.0802536010742188 0.10400390625 -0.0717010498046875 0.162734985351563
0.101631164550781 0.0640106201171875 -0.00931549072265624 0.0782012939453125
0.0853500366210938 0.0593490600585938 -0.0212364196777344 -0.0422821044921875
0.104629516601563 0.0586700439453125 -0.0184478759765625 -0.164474487304688
0.105239868164063 0.093170166015625 0.063140869140625 -0.2435302734375
0.0387420654296875 0.144866943359375 0.18890380859375 -0.293975830078125
-0.0587921142578125 0.14898681640625 0.378173828125 -0.176910400390625
-0.18682861328125 0.00990295410156253 0.502044677734375 0.15924072265625
-0.14715576171875 -0.167556762695313 0.2965087890625 0.349395751953125
0.00369262695312502 -0.243698120117188 0.0487823486328125 0.231048583984375
0.017730712890625 -0.22772216796875 -0.00985717773437499 -0.3209228515625
-0.109375 -0.152481079101562 -0.19000244140625 -0.4959716796875
-0.149917602539063 0.0128173828125 -0.43548583984375 -0.2886962890625
-0.0724105834960937 0.103828430175781 -0.420440673828125 -0.0249633789062499
0.0123748779296875 0.0945358276367188 -0.254425048828125 0.119354248046875
0.0854263305664062 0.0652389526367188 -0.101913452148438 0.152420043945313
0.0887603759765625 0.0370254516601563 -0.05023193359375 0.077880859375
0.075531005859375 0.041259765625 -0.0634384155273438 -0.0412216186523438
0.092315673828125 0.044891357421875 -0.053466796875 -0.171524047851562
0.0877761840820313 0.0821304321289063 0.045654296875 -0.259979248046875
0.018951416015625 0.130783081054688 0.1983642578125 -0.304931640625
-0.0786590576171875 0.119377136230469 0.394287109375 -0.164459228515625
-0.169754028320312 -0.036102294921875 0.49298095703125 0.185333251953125
-0.0997467041015625 -0.188674926757813 0.27227783203125 0.334442138671875
0.041046142578125 -0.23175048828125 0.074981689453125 0.1641845703125
-0.0120086669921875 -0.1666259765625 -0.033843994140625 -0.367218017578125
-0.09228515625 -0.0911636352539063 -0.2427978515625 -0.4810791015625
-0.099029541015625 0.0368118286132812 -0.456787109375 -0.240203857421875
-0.02569580078125 0.0786819458007813 -0.415802001953125 0.00390625000000009
0.028350830078125 0.0519866943359375 -0.258071899414062 0.132904052734375
0.0694007873535156 0.0224456787109375 -0.123214721679688 0.160720825195313
0.0598182678222656 0.0114974975585938 -0.0799484252929687 0.0875701904296875
0.0534286499023438 0.0181655883789063 -0.096771240234375 -0.032318115234375
0.0665245056152344 0.0217552185058594 -0.0778961181640625 -0.175933837890625
0.0640106201171875 0.0541267395019531 0.0399627685546875 -0.274688720703125
0.00720977783203126 0.0945816040039063 0.21954345703125 -0.306732177734375
-0.0728988647460937 0.0759048461914062 0.417449951171875 -0.138824462890625
-0.12091064453125 -0.0610580444335938 0.486907958984375 0.22607421875
-0.04339599609375 -0.165924072265625 0.26300048828125 0.329498291015625
0.0607147216796875 -0.180130004882813 0.117744445800781 0.113395690917969
-0.0155868530273438 -0.0860748291015625 -0.063140869140625 -0.391204833984375
-0.0394554138183594 -0.0421562194824219 -0.292144775390625 -0.454925537109375
-0.0389480590820313 0.0308265686035156 -0.4744873046875 -0.183929443359375
0.0021820068359375 0.0322494506835937 -0.411041259765625 0.047119140625
0.0232620239257813 0.00467872619628906 -0.2532958984375 0.163238525390625
0.0352363586425781 -0.0148239135742188 -0.12939453125 0.180999755859375
0.0211277008056641 -0.0106277465820313 -0.0936050415039063 0.103561401367188
0.0207023620605469 -0.00706863403320313 -0.112625122070313 -0.0231399536132813
0.0321273803710938 -0.00974655151367188 -0.0889129638671875 -0.173812866210938
0.0441703796386719 0.009429931640625 0.0465240478515625 -0.280426025390625
0.0156364440917969 0.04632568359375 0.247589111328125 -0.29461669921875
-0.0349006652832031 0.0412788391113281 0.4429931640625 -0.098663330078125
-0.0624618530273438 -0.0425643920898438 0.478546142578125 0.277069091796875
-0.0118408203125 -0.0973663330078125 0.25860595703125 0.34600830078125
0.0445404052734375 -0.0998764038085938 0.155838012695313 0.089202880859375
0.0379142761230469 -0.0206832885742188 -0.143096923828125 -0.089752197265625
0.0295658111572266 -0.0333099365234375 -0.227752685546875 -0.36834716796875
-0.0194091796875 -0.0123462677001953 -0.46435546875 -0.2508544921875
-0.0318603515625 0.01025390625 -0.48114013671875 0.057708740234375
-0.0267410278320312 0.0182399749755859 -0.243148803710937 0.2711181640625
-0.00278091430664062 0.0368766784667969 0.01483154296875 0.289886474609375
0.0198860168457031 0.0512924194335938 0.130462646484375 0.148712158203125
0.020233154296875 0.0461692810058594 0.115524291992188 -0.00225830078125
0.0236320495605469 0.0367012023925781 0.0963516235351563 -0.118606567382813
0.0279121398925781 0.0377998352050781 0.141387939453125 -0.174880981445313
0.0163230895996094 0.0457000732421875 0.224822998046875 -0.211593627929688
-0.0035858154296875 0.0434684753417969 0.36505126953125 -0.1170654296875
-0.0353279113769531 0.0183181762695312 0.484161376953125 0.173248291015625
-0.0212879180908203 -0.00192642211914062 0.36578369140625 0.394622802734375
0.00455474853515625 -0.00380373001098633 0.070709228515625 0.381134033203125
0.0841293334960937 -0.112022399902344 -0.124717712402344 -0.106147766113281
0.0331649780273438 -0.125045776367188 -0.20074462890625 -0.3978271484375
-0.0646438598632813 -0.0696945190429688 -0.44830322265625 -0.289215087890625
-0.0901870727539063 0.0152969360351562 -0.477783203125 0.0212097167968749
-0.0537147521972656 0.0597076416015625 -0.249069213867188 0.236099243164063
0.0154342651367187 0.0818862915039063 0.00537109374999998 0.264205932617188
0.0559234619140625 0.0732421875 0.113357543945312 0.129234313964844
0.0510978698730469 0.0614967346191406 0.0969467163085938 -0.0173416137695312
0.0587272644042969 0.0504150390625 0.0763778686523438 -0.133949279785156
0.0656242370605469 0.0587005615234375 0.123077392578125 -0.193939208984375
0.0384292602539063 0.0810012817382813 0.204071044921875 -0.238052368164063
-0.00277709960937501 0.0894927978515625 0.353271484375 -0.152191162109375
-0.0816726684570313 0.0463180541992187 0.497802734375 0.1351318359375
-0.085968017578125 -0.0315093994140625 0.37554931640625 0.368499755859375
-0.024505615234375 -0.0822982788085937 0.074798583984375 0.371307373046875
0.105453491210938 -0.190704345703125 -0.0863189697265625 -0.14361572265625
0.01324462890625 -0.19464111328125 -0.17279052734375 -0.423248291015625
-0.113853454589844 -0.0990524291992188 -0.431671142578125 -0.303955078125
-0.1319580078125 0.0335617065429687 -0.459686279296875 -0.000610351562500097
-0.06488037109375 0.0947418212890625 -0.242111206054688 0.197189331054687
0.035980224609375 0.112579345703125 -0.00996398925781249 0.225570678710938
0.0848007202148438 0.0836334228515625 0.081634521484375 0.106796264648438
0.075164794921875 0.0694046020507813 0.0633430480957031 -0.0293502807617188
0.0861740112304688 0.0594482421875 0.04571533203125 -0.14422607421875
0.0940780639648438 0.07440185546875 0.099273681640625 -0.2088623046875
0.0551681518554687 0.11083984375 0.184600830078125 -0.259246826171875
-0.00847625732421874 0.126922607421875 0.3470458984375 -0.176849365234375
-0.126655578613281 0.0630416870117188 0.50244140625 0.115478515625
-0.138496398925781 -0.0666885375976563 0.366546630859375 0.352325439453125
-0.042144775390625 -0.153945922851563 0.06793212890625 0.340728759765625
0.0891265869140625 -0.2430419921875 -0.045623779296875 -0.195053100585938
-0.0384674072265625 -0.221893310546875 -0.159149169921875 -0.44976806640625
-0.15887451171875 -0.08294677734375 -0.421661376953125 -0.305633544921875
-0.142776489257813 0.06817626953125 -0.434600830078125 -0.0135803222656251
-0.0503921508789063 0.118911743164062 -0.233444213867187 0.159927368164063
0.06201171875 0.117904663085938 -0.030792236328125 0.185073852539063
0.102333068847656 0.0773162841796875 0.0404891967773438 0.0864944458007813
0.0894775390625 0.0682449340820312 0.0205612182617188 -0.0369338989257812
0.103248596191406 0.0611572265625 0.00909423828125002 -0.152511596679688
0.109237670898437 0.0847702026367188 0.07244873046875 -0.22308349609375
0.0570907592773438 0.13201904296875 0.172027587890625 -0.277481079101562
-0.0255584716796875 0.149978637695313 0.346405029296875 -0.1893310546875
-0.164154052734375 0.053680419921875 0.499908447265625 0.114715576171875
-0.1644287109375 -0.110946655273437 0.338165283203125 0.338775634765625
-0.03656005859375 -0.210693359375 0.0594482421875 0.290130615234375
0.0484161376953125 -0.25433349609375 -0.023651123046875 -0.255691528320313
-0.0902099609375 -0.200881958007813 -0.17193603515625 -0.468597412109375
-0.17303466796875 -0.034393310546875 -0.42156982421875 -0.2899169921875
-0.116828918457031 0.0971603393554688 -0.41387939453125 -0.01776123046875
-0.018890380859375 0.119186401367188 -0.232162475585938 0.132064819335938
0.0813064575195313 0.0987701416015625 -0.060089111328125 0.155731201171875
0.104804992675781 0.059814453125 -0.00410461425781249 0.0749359130859375
0.0910263061523437 0.0582656860351563 -0.0236968994140625 -0.0387687683105469
0.106361389160156 0.0569381713867187 -0.0282135009765625 -0.158111572265625
0.105796813964844 0.08831787109375 0.04742431640625 -0.236679077148438
0.0433425903320313 0.140403747558594 0.1661376953125 -0.2918701171875
-0.0527801513671875 0.148239135742188 0.352142333984375 -0.188140869140625
-0.182846069335938 0.0172271728515625 0.49127197265625 0.1287841796875
-0.151824951171875 -0.15667724609375 0.303375244140625 0.32403564453125
-0.007659912109375 -0.239227294921875 0.0624542236328125 0.223831176757812
0.00517272949218751 -0.22418212890625 -0.02764892578125 -0.313873291015625
-0.113555908203125 -0.145904541015625 -0.209014892578125 -0.470703125
-0.146759033203125 0.014892578125 -0.43353271484375 -0.256591796875
-0.0675430297851562 0.101730346679688 -0.40362548828125 -0.00567626953125006
0.0130081176757812 0.0928802490234375 -0.237548828125 0.123046875
0.0847244262695313 0.0604934692382813 -0.0900421142578125 0.145858764648438
0.090667724609375 0.0349578857421875 -0.0442276000976562 0.0758743286132813
0.0788803100585938 0.0401382446289063 -0.0648841857910156 -0.0358200073242188
0.0933837890625 0.0436325073242188 -0.06219482421875 -0.163467407226563
0.0877685546875 0.0783462524414063 0.02984619140625 -0.25347900390625
0.0225067138671875 0.126991271972656 0.1754150390625 -0.302703857421875
-0.0723648071289063 0.119827270507813 0.371124267578125 -0.1766357421875
-0.167022705078125 -0.02880859375 0.481719970703125 0.15576171875
-0.105789184570312 -0.180267333984375 0.27655029296875 0.309600830078125
0.029937744140625 -0.2283935546875 0.0847320556640625 0.1573486328125
-0.01995849609375 -0.161895751953125 -0.053314208984375 -0.357513427734375
-0.0929946899414063 -0.0862503051757813 -0.260833740234375 -0.454132080078125
-0.0941848754882813 0.0366058349609375 -0.450164794921875 -0.20684814453125
-0.0237274169921875 0.0755081176757813 -0.3994140625 0.0235595703125001
0.0273170471191406 0.0497169494628906 -0.24005126953125 0.13623046875
0.0671806335449219 0.0195693969726563 -0.110748291015625 0.154739379882813
0.0610733032226563 0.0105438232421875 -0.0738983154296875 0.0866241455078125
0.0551910400390625 0.0176773071289063 -0.0961227416992187 -0.0267562866210938
0.0667037963867188 0.0215911865234375 -0.0871734619140625 -0.16754150390625
0.0634613037109375 0.0507926940917969 0.0237579345703125 -0.269058227539063
0.01043701171875 0.0912704467773438 0.19671630859375 -0.30767822265625
-0.0672378540039063 0.0771408081054688 0.395904541015625 -0.15252685546875
-0.118858337402344 -0.0542984008789063 0.477081298828125 0.19525146484375
-0.04925537109375 -0.158523559570313 0.266448974609375 0.304656982421875
0.0510101318359375 -0.177688598632813 0.123359680175781 0.105125427246094
-0.0198745727539063 -0.0829696655273438 -0.0836181640625 -0.38128662109375
-0.0400772094726563 -0.0423164367675781 -0.307098388671875 -0.42547607421875
-0.0363807678222656 0.0279121398925781 -0.46533203125 -0.15045166015625
0.00363349914550781 0.0295276641845703 -0.390655517578125 0.0624694824218751
0.0208148956298828 0.00242424011230469 -0.23284912109375 0.164886474609375
0.0323276519775391 -0.0162220001220703 -0.114959716796875 0.1759033203125
0.0216579437255859 -0.00993919372558594 -0.0862197875976562 0.102912902832031
0.0232124328613281 -0.00674819946289063 -0.112823486328125 -0.0167388916015625
0.0314350128173828 -0.00848007202148438 -0.09747314453125 -0.166107177734375
0.0424842834472656 0.00693130493164063 0.03070068359375 -0.273773193359375
0.0176506042480469 0.0427627563476563 0.223480224609375 -0.29669189453125
-0.0308761596679688 0.0412101745605469 0.42120361328125 -0.11407470703125
-0.0603713989257813 -0.0376701354980469 0.470489501953125 0.243927001953125
-0.0154190063476562 -0.091217041015625 0.26361083984375 0.319854736328125
0.0399551391601563 -0.09716796875 0.159988403320312 0.078643798828125
0.0352516174316406 -0.0219917297363281 -0.144699096679687 -0.0814971923828125
0.02728271484375 -0.0350666046142578 -0.226959228515625 -0.35107421875
-0.0200443267822266 -0.0149669647216797 -0.45379638671875 -0.23675537109375
-0.0320873260498047 0.00909996032714844 -0.468597412109375 0.061248779296875
-0.0269107818603516 0.0187892913818359 -0.231231689453125 0.266921997070312
-0.0025177001953125 0.0351600646972656 0.02349853515625 0.280715942382813
0.0236091613769531 0.0502243041992188 0.1339111328125 0.143508911132813
0.0246696472167969 0.0454483032226563 0.116485595703125 -0.0017547607421875
0.0247917175292969 0.0365943908691406 0.093109130859375 -0.114540100097656
0.0290184020996094 0.0368232727050781 0.134811401367188 -0.168960571289063
0.0178947448730469 0.0439224243164063 0.210891723632812 -0.206924438476562
-0.00167465209960938 0.0442466735839844 0.347625732421875 -0.12091064453125
-0.0347957611083984 0.0208415985107422 0.474609375 0.155029296875
-0.0225238800048828 -0.000835418701171877 0.3680419921875 0.376708984375
0.00291776657104492 -0.00510263442993164 0.081939697265625 0.376739501953125
0.0785598754882813 -0.113471984863281 -0.126670837402344 -0.0988845825195313
0.0294876098632812 -0.125030517578125 -0.20208740234375 -0.37982177734375
-0.06585693359375 -0.070648193359375 -0.438201904296875 -0.273284912109375
-0.0901641845703125 0.0151138305664063 -0.464935302734375 0.026397705078125
-0.0544281005859375 0.0606422424316406 -0.237777709960938 0.23309326171875
0.015594482421875 0.0804672241210938 0.0130157470703125 0.254653930664063
0.05926513671875 0.0714492797851563 0.116058349609375 0.12493896484375
0.055908203125 0.0607490539550781 0.0974273681640625 -0.0164413452148437
0.0611763000488281 0.050506591796875 0.0725326538085938 -0.129608154296875
0.0665283203125 0.0576095581054688 0.116455078125 -0.18756103515625
0.0404510498046875 0.0797271728515625 0.190170288085938 -0.2320556640625
-0.00100708007812499 0.0888519287109375 0.33612060546875 -0.1536865234375
-0.0812301635742188 0.0485000610351563 0.485565185546875 0.118499755859375
-0.0872879028320313 -0.0292205810546875 0.379119873046875 0.35113525390625
-0.0272369384765625 -0.0823135375976563 0.085723876953125 0.36724853515625
0.0980987548828125 -0.191482543945312 -0.0895614624023437 -0.136917114257813
0.00823974609374998 -0.193252563476563 -0.17462158203125 -0.40765380859375
-0.115280151367187 -0.0993423461914063 -0.423309326171875 -0.2889404296875
-0.131866455078125 0.03240966796875 -0.4471435546875 0.004180908203125
-0.0657806396484375 0.0960235595703125 -0.23138427734375 0.193038940429688
0.03619384765625 0.110641479492188 -0.00286865234375 0.216720581054688
0.087432861328125 0.0819854736328125 0.0846710205078125 0.102577209472656
0.0802230834960938 0.0689315795898438 0.0630683898925781 -0.0274314880371094
0.0890350341796875 0.0601577758789063 0.041778564453125 -0.139915466308594
0.0953598022460937 0.0738449096679688 0.0914306640625 -0.202438354492187
0.056121826171875 0.109481811523438 0.171157836914063 -0.253341674804688
-0.00701141357421874 0.12701416015625 0.329437255859375 -0.17828369140625
-0.125457763671875 0.0641708374023438 0.492431640625 0.09844970703125
-0.140312194824219 -0.0629806518554687 0.36749267578125 0.334625244140625
-0.0454864501953125 -0.152679443359375 0.07855224609375 0.3367919921875
0.0805511474609375 -0.2421875 -0.0507354736328125 -0.1893310546875
-0.0428466796875 -0.219772338867188 -0.16326904296875 -0.434326171875
-0.159469604492188 -0.0823822021484375 -0.414276123046875 -0.287750244140625
-0.141769409179688 0.066680908203125 -0.4234619140625 -0.00741577148437506
-0.051025390625 0.119659423828125 -0.224029541015625 0.156463623046875
0.0611114501953125 0.115325927734375 -0.0252227783203125 0.176300048828125
0.104827880859375 0.076324462890625 0.0432205200195313 0.08282470703125
0.0943374633789063 0.067596435546875 0.0208797454833984 -0.0345077514648437
0.105804443359375 0.0622100830078125 0.004547119140625 -0.146865844726563
0.109130859375 0.0845565795898438 0.0647430419921875 -0.216766357421875
0.0574874877929688 0.131065368652344 0.1573486328125 -0.272308349609375
-0.0242919921875 0.149337768554688 0.33056640625 -0.19073486328125
-0.1629638671875 0.0552520751953125 0.488037109375 0.098541259765625
-0.166351318359375 -0.10687255859375 0.338043212890625 0.323394775390625
-0.0406951904296875 -0.208755493164063 0.06927490234375 0.2862548828125
0.0408477783203125 -0.252304077148438 -0.030364990234375 -0.2520751953125
-0.0931396484375 -0.198257446289063 -0.177978515625 -0.45379638671875
-0.1719970703125 -0.0345916748046875 -0.415802001953125 -0.2718505859375
-0.115943908691406 0.0952377319335938 -0.402435302734375 -0.00988769531250007
-0.0200424194335938 0.119369506835938 -0.22332763671875 0.12933349609375
0.079498291015625 0.0962295532226563 -0.05474853515625 0.14764404296875
0.106544494628906 0.058929443359375 -0.00121307373046874 0.0714187622070313
0.0955581665039063 0.0574722290039063 -0.0241775512695312 -0.0360336303710938
0.108306884765625 0.0580825805664063 -0.03399658203125 -0.152542114257813
0.105384826660156 0.0881881713867187 0.040191650390625 -0.231658935546875
0.042938232421875 0.138771057128906 0.153564453125 -0.288360595703125
-0.0512542724609375 0.147537231445312 0.3375244140625 -0.189849853515625
-0.181365966796875 0.01849365234375 0.479705810546875 0.11492919921875
-0.15447998046875 -0.152252197265625 0.30206298828125 0.3099365234375
-0.0121612548828125 -0.236190795898438 0.0696868896484375 0.220001220703125
-0.000991821289062518 -0.22149658203125 -0.035552978515625 -0.310089111328125
-0.114212036132813 -0.143814086914063 -0.215423583984375 -0.4547119140625
-0.145370483398438 0.0137939453125 -0.427032470703125 -0.238128662109375
-0.06781005859375 0.0986557006835937 -0.39166259765625 0.000152587890625003
0.0108261108398437 0.0927352905273438 -0.22821044921875 0.120986938476563
0.082305908203125 0.058441162109375 -0.08441162109375 0.137802124023438
0.0918502807617188 0.0341262817382813 -0.0414199829101562 0.0725250244140625
0.0829086303710938 0.039825439453125 -0.0645561218261719 -0.032958984375
0.094573974609375 0.0449371337890625 -0.0676116943359375 -0.1585693359375
0.0868072509765625 0.0779495239257813 0.0228729248046875 -0.248626708984375
0.0225067138671875 0.124305725097656 0.162933349609375 -0.298919677734375
-0.0697860717773437 0.1185302734375 0.35546875 -0.178466796875
-0.165069580078125 -0.0266265869140625 0.4703369140625 0.141845703125
-0.107772827148437 -0.175384521484375 0.27447509765625 0.29571533203125
0.0256805419921875 -0.225845336914063 0.0898590087890625 0.152420043945313
-0.023681640625 -0.159271240234375 -0.062225341796875 -0.35321044921875
-0.0935440063476563 -0.085662841796875 -0.266326904296875 -0.436248779296875
-0.0932388305664062 0.034576416015625 -0.4425048828125 -0.18841552734375
-0.0244598388671875 0.0721969604492188 -0.38519287109375 0.0283813476562501
0.0253753662109375 0.0492019653320313 -0.22906494140625 0.132919311523437
0.0636138916015625 0.0179939270019531 -0.104690551757813 0.146347045898437
0.0617256164550781 0.0100212097167969 -0.0702438354492188 0.0834426879882813
0.0584335327148438 0.0171051025390625 -0.09600830078125 -0.0244293212890625
0.0669898986816406 0.0226020812988281 -0.0915679931640625 -0.16229248046875
0.0617942810058594 0.0505599975585938 0.017181396484375 -0.264175415039062
0.010467529296875 0.0881729125976563 0.184295654296875 -0.303955078125
-0.0636520385742188 0.0756988525390625 0.382232666015625 -0.154083251953125
-0.116889953613281 -0.05224609375 0.46588134765625 0.180816650390625
-0.050567626953125 -0.155166625976563 0.263763427734375 0.29107666015625
0.047607421875 -0.175460815429688 0.126655578613281 0.0999984741210937
-0.0211257934570313 -0.0798797607421875 -0.093109130859375 -0.374969482421875
-0.0397987365722656 -0.0429000854492188 -0.312042236328125 -0.408599853515625
-0.035430908203125 0.0251731872558594 -0.454315185546875 -0.132843017578125
0.00292015075683594 0.0257797241210938 -0.377410888671875 0.06982421875
0.0184535980224609 0.00214576721191406 -0.220809936523438 0.159713745117188
0.0291500091552734 -0.0168209075927734 -0.107803344726562 0.167144775390625
0.0216655731201172 -0.0100879669189453 -0.082427978515625 0.0986862182617188
0.0249195098876953 -0.00639915466308594 -0.111610412597656 -0.0146255493164062
0.0306396484375 -0.00740432739257813 -0.101806640625 -0.161392211914063
0.0396385192871094 0.00715255737304688 0.0226287841796875 -0.2706298828125
0.0176277160644531 0.0398635864257813 0.211944580078125 -0.29339599609375
-0.02813720703125 0.0403823852539063 0.4071044921875 -0.117218017578125
-0.0581436157226563 -0.0351219177246094 0.459564208984375 0.2286376953125
-0.0156936645507812 -0.0881805419921875 0.260650634765625 0.305694580078125
0.0376358032226563 -0.0951309204101563 0.162429809570313 0.0722808837890625
0.0338897705078125 -0.0229434967041016 -0.148681640625 -0.0767669677734375
0.0260734558105469 -0.0383224487304687 -0.228759765625 -0.34527587890625
-0.0210647583007813 -0.0168399810791016 -0.45062255859375 -0.23345947265625
-0.0334281921386719 0.00822448730468751 -0.46728515625 0.063262939453125
-0.0294475555419922 0.0199680328369141 -0.228836059570312 0.264694213867188
-0.00327873229980469 0.034759521484375 0.0286102294921875 0.278778076171875
0.027130126953125 0.0501136779785156 0.140411376953125 0.142532348632813
0.0289878845214844 0.0450210571289062 0.120323181152344 -0.001434326171875
0.0278358459472656 0.0367393493652344 0.0939712524414062 -0.11236572265625
0.0306358337402344 0.0365257263183594 0.13397216796875 -0.16546630859375
0.0196418762207031 0.0431022644042969 0.205398559570312 -0.204666137695313
0.000484466552734373 0.0451507568359375 0.341644287109375 -0.12396240234375
-0.0355720520019531 0.0235519409179688 0.475372314453125 0.147674560546875
-0.0247764587402344 -0.000408172607421877 0.377288818359375 0.371429443359375
0.00107622146606445 -0.00668430328369141 0.092742919921875 0.383270263671875
0.0762176513671875 -0.115806579589844 -0.130447387695312 -0.0942916870117188
0.026763916015625 -0.128280639648438 -0.20306396484375 -0.373931884765625
-0.0682373046875 -0.0739898681640625 -0.436920166015625 -0.267486572265625
-0.092681884765625 0.014129638671875 -0.464691162109375 0.02728271484375
-0.0574150085449219 0.0628700256347656 -0.235443115234375 0.231338500976562
0.0148773193359375 0.0808639526367188 0.0169677734375 0.25091552734375
0.0635833740234375 0.0723495483398438 0.12127685546875 0.12396240234375
0.0619659423828125 0.0609550476074219 0.1005859375 -0.015594482421875
0.0650787353515625 0.0525131225585938 0.07305908203125 -0.127037048339844
0.0696258544921875 0.0586776733398438 0.114151000976562 -0.184814453125
0.042205810546875 0.07989501953125 0.184371948242188 -0.230316162109375
-0.000457763671874996 0.0912246704101562 0.329864501953125 -0.1561279296875
-0.0827484130859375 0.0508193969726562 0.48577880859375 0.10888671875
-0.0902175903320313 -0.0286483764648438 0.38720703125 0.346710205078125
-0.0298233032226563 -0.0846405029296875 0.09619140625 0.37347412109375
0.0952911376953125 -0.195327758789063 -0.0937576293945313 -0.134666442871094
0.00544738769531248 -0.196533203125 -0.1776123046875 -0.402679443359375
-0.119613647460938 -0.102958679199219 -0.42230224609375 -0.28472900390625
-0.135444641113281 0.032196044921875 -0.44683837890625 0.00637817382812508
-0.0691986083984375 0.098968505859375 -0.2301025390625 0.191787719726563
0.0348587036132813 0.111862182617188 -9.15527343749777E-05 0.211807250976563
0.091827392578125 0.0834426879882813 0.0887603759765625 0.101325988769531
0.08709716796875 0.0699844360351563 0.0654754638671875 -0.0261039733886719
0.0945358276367188 0.062835693359375 0.0399703979492188 -0.137825012207031
0.0981369018554688 0.0755996704101563 0.089324951171875 -0.200439453125
0.0569992065429688 0.111343383789063 0.164825439453125 -0.252365112304688
-0.00685882568359375 0.130134582519531 0.32330322265625 -0.1815185546875
-0.128524780273438 0.065887451171875 0.490386962890625 0.089691162109375
-0.144424438476563 -0.0629730224609375 0.373626708984375 0.33099365234375
-0.0487213134765625 -0.156509399414063 0.0885009765625 0.342041015625
0.0775146484375 -0.24627685546875 -0.0547637939453125 -0.189849853515625
-0.04638671875 -0.222747802734375 -0.167694091796875 -0.431732177734375
-0.163665771484375 -0.085418701171875 -0.413787841796875 -0.28204345703125
-0.145721435546875 0.0659332275390625 -0.420806884765625 -0.00476074218749998
-0.054534912109375 0.123031616210938 -0.222244262695313 0.155120849609375
0.05987548828125 0.117591857910156 -0.023162841796875 0.171218872070313
0.109176635742187 0.0774993896484375 0.0468063354492188 0.080596923828125
0.101081848144531 0.06878662109375 0.0212745666503906 -0.033060073852539
0.111480712890625 0.0649566650390625 0.001007080078125 -0.145095825195313
0.111854553222656 0.0873031616210938 0.0615234375 -0.216110229492187
0.0577774047851563 0.133644104003906 0.1514892578125 -0.2720947265625
-0.024871826171875 0.15216064453125 0.32391357421875 -0.192413330078125
-0.166610717773438 0.0562896728515625 0.48779296875 0.09063720703125
-0.171112060546875 -0.10711669921875 0.3441162109375 0.318939208984375
-0.0449981689453125 -0.212326049804688 0.077484130859375 0.290618896484375
0.03704833984375 -0.255584716796875 -0.0352935791015625 -0.254959106445313
-0.096343994140625 -0.19989013671875 -0.18243408203125 -0.450103759765625
-0.176406860351563 -0.0370941162109375 -0.415191650390625 -0.264739990234375
-0.119308471679688 0.0945663452148437 -0.401397705078125 -0.00869750976562505
-0.02301025390625 0.122856140136719 -0.220809936523438 0.127670288085938
0.0787353515625 0.0980224609375 -0.0537567138671875 0.141952514648438
0.110992431640625 0.0598831176757813 0.000793457031250008 0.0690269470214844
0.102165222167969 0.0587615966796875 -0.0246486663818359 -0.034881591796875
0.11297607421875 0.0611801147460938 -0.0386199951171875 -0.1512451171875
0.107223510742188 0.0917892456054687 0.035797119140625 -0.231491088867188
0.04290771484375 0.141143798828125 0.14715576171875 -0.288421630859375
-0.0522918701171875 0.1497802734375 0.332855224609375 -0.1925048828125
-0.184677124023438 0.0190277099609375 0.47906494140625 0.108184814453125
-0.158920288085938 -0.153549194335938 0.3060302734375 0.30780029296875
-0.014984130859375 -0.240478515625 0.0768280029296875 0.222076416015625
-0.004150390625 -0.223709106445312 -0.0423583984375 -0.3145751953125
-0.11712646484375 -0.145416259765625 -0.22247314453125 -0.453125
-0.148529052734375 0.011871337890625 -0.4267578125 -0.23052978515625
-0.0707550048828125 0.0975494384765625 -0.38922119140625 0.00457763671874999
0.00852203369140625 0.0952224731445313 -0.225250244140625 0.119003295898437
0.0804443359375 0.0608291625976562 -0.083526611328125 0.132476806640625
0.0954818725585938 0.035064697265625 -0.0402336120605469 0.0699195861816406
0.08843994140625 0.04034423828125 -0.0659065246582031 -0.0324897766113281
0.0980911254882813 0.047698974609375 -0.0728759765625 -0.157394409179688
0.0879669189453125 0.080963134765625 0.0181121826171875 -0.249618530273438
0.021636962890625 0.126243591308594 0.155914306640625 -0.30120849609375
-0.0711593627929688 0.119766235351563 0.35235595703125 -0.180908203125
-0.167526245117188 -0.027923583984375 0.4691162109375 0.13714599609375
-0.110397338867188 -0.177200317382813 0.276458740234375 0.29315185546875
0.0231475830078125 -0.2291259765625 0.09515380859375 0.152114868164063
-0.026611328125 -0.1591796875 -0.069854736328125 -0.358001708984375
-0.0953750610351563 -0.08697509765625 -0.274017333984375 -0.433135986328125
-0.0945510864257813 0.0327606201171875 -0.44122314453125 -0.179534912109375
-0.0264358520507812 0.0714263916015625 -0.382049560546875 0.0317077636718751
0.022705078125 0.0508346557617188 -0.226043701171875 0.130950927734375
0.0621223449707031 0.0186347961425781 -0.102981567382813 0.141204833984375
0.0638008117675781 0.009918212890625 -0.0696792602539063 0.08050537109375
0.0620651245117187 0.0174407958984375 -0.0983657836914063 -0.0238037109375
0.0692634582519531 0.0249824523925781 -0.0985260009765625 -0.162033081054688
0.0618782043457031 0.0521926879882812 0.0127410888671875 -0.265823364257813
0.00885009765625 0.0889053344726562 0.178314208984375 -0.3065185546875
-0.0638275146484375 0.0756454467773437 0.3778076171875 -0.15631103515625
-0.117523193359375 -0.052642822265625 0.463531494140625 0.175689697265625
-0.0520172119140625 -0.155258178710937 0.264862060546875 0.287567138671875
0.0469207763671875 -0.177398681640625 0.131500244140625 0.097747802734375
-0.0213165283203125 -0.0786972045898438 -0.100555419921875 -0.381317138671875
-0.040863037109375 -0.0442733764648438 -0.3203125 -0.40338134765625
-0.0349826812744141 0.0235424041748047 -0.45281982421875 -0.12322998046875
0.00144004821777344 0.0237827301025391 -0.373565673828125 0.070831298828125
0.0168418884277344 0.00184440612792969 -0.2166748046875 0.15618896484375
0.025665283203125 -0.0170650482177734 -0.10662841796875 0.161544799804688
0.0225334167480469 -0.0104236602783203 -0.0817413330078125 0.0955734252929687
0.0273361206054688 -0.00723457336425781 -0.114112854003906 -0.0144195556640625
0.0315189361572266 -0.00642204284667969 -0.1072998046875 -0.161285400390625
0.0382499694824219 0.00742340087890625 0.0184783935546875 -0.27392578125
0.0166282653808594 0.0384521484375 0.2078857421875 -0.295989990234375
-0.0266304016113281 0.0395927429199219 0.4041748046875 -0.118194580078125
-0.0568351745605469 -0.0347900390625 0.456939697265625 0.22442626953125
-0.0163345336914062 -0.0871658325195313 0.25933837890625 0.300323486328125
0.0375900268554688 -0.0952682495117188 0.1680908203125 0.068603515625
0.0328578948974609 -0.0249462127685547 -0.15716552734375 -0.070281982421875
0.0247535705566406 -0.0418014526367188 -0.23651123046875 -0.342132568359375
-0.0227813720703125 -0.0189228057861328 -0.459808349609375 -0.227569580078125
-0.035858154296875 0.00835418701171875 -0.476348876953125 0.0709533691406249
-0.0315780639648438 0.0223941802978516 -0.227294921875 0.274749755859375
-0.00394439697265625 0.0363731384277344 0.036895751953125 0.282470703125
0.0312728881835938 0.0499801635742188 0.150848388671875 0.141998291015625
0.0343093872070313 0.0438575744628906 0.128082275390625 -0.00295257568359375
0.0320053100585938 0.0376052856445313 0.0958404541015625 -0.113983154296875
0.0339508056640625 0.0368423461914063 0.1334228515625 -0.168411254882813
0.0217475891113281 0.04345703125 0.201248168945313 -0.20867919921875
0.00301361083984375 0.046905517578125 0.3392333984375 -0.133544921875
-0.0362014770507813 0.0271568298339844 0.486907958984375 0.13482666015625
-0.0274372100830078 0.000755310058593745 0.400543212890625 0.368194580078125
-0.00116539001464844 -0.00848865509033203 0.11151123046875 0.396392822265625
0.0739898681640625 -0.122703552246094 -0.138961791992188 -0.089691162109375
0.0228958129882813 -0.13494873046875 -0.212890625 -0.372222900390625
-0.0736465454101563 -0.0773696899414063 -0.44677734375 -0.264007568359375
-0.0976715087890625 0.0148239135742188 -0.474090576171875 0.0370483398437499
-0.0597991943359375 0.0677604675292969 -0.236160278320313 0.239212036132812
0.0151519775390625 0.0848007202148438 0.0236968994140625 0.252655029296875
0.0701065063476563 0.0730438232421875 0.130722045898438 0.123146057128906
0.069366455078125 0.0612564086914063 0.106163024902344 -0.0166244506835937
0.0720367431640625 0.0541152954101562 0.0728607177734375 -0.129180908203125
0.0741424560546875 0.0597991943359375 0.113510131835938 -0.1875
0.045166015625 0.0820083618164063 0.178726196289062 -0.235641479492187
0.00166320800781251 0.0952682495117187 0.32763671875 -0.16802978515625
-0.085845947265625 0.0558090209960938 0.49627685546875 0.09588623046875
-0.0970306396484375 -0.0274810791015625 0.408416748046875 0.34210205078125
-0.0352630615234375 -0.0886459350585938 0.115325927734375 0.386444091796875
0.0917510986328125 -0.205062866210938 -0.10174560546875 -0.133651733398437
-0.000701904296874994 -0.2047119140625 -0.18939208984375 -0.4041748046875
-0.126609802246094 -0.106536865234375 -0.433624267578125 -0.279754638671875
-0.14208984375 0.033782958984375 -0.454376220703125 0.0153198242187499
-0.0721054077148437 0.105583190917969 -0.230819702148438 0.19873046875
0.0365219116210937 0.117362976074219 0.00471496582031249 0.211700439453125
0.0994110107421875 0.0848846435546875 0.095367431640625 0.100166320800781
0.0967636108398438 0.0702896118164063 0.0690956115722656 -0.0264701843261719
0.103141784667969 0.0647125244140625 0.0371627807617187 -0.138816833496094
0.104682922363281 0.0785598754882813 0.0860595703125 -0.204360961914063
0.0609283447265625 0.115623474121094 0.157989501953125 -0.258392333984375
-0.00514984130859375 0.13568115234375 0.3214111328125 -0.192413330078125
-0.133308410644531 0.0712432861328125 0.501251220703125 0.075897216796875
-0.153915405273438 -0.061859130859375 0.393951416015625 0.32843017578125
-0.056060791015625 -0.161895751953125 0.10565185546875 0.35382080078125
0.072265625 -0.256698608398438 -0.0633087158203125 -0.1939697265625
-0.053985595703125 -0.230133056640625 -0.180908203125 -0.43499755859375
-0.172470092773438 -0.0872039794921875 -0.42498779296875 -0.277313232421875
-0.152694702148438 0.069305419921875 -0.4290771484375 0.00360107421875002
-0.0570449829101563 0.131080627441406 -0.223495483398437 0.161041259765625
0.0616683959960937 0.122840881347656 -0.0203704833984375 0.170806884765625
0.117233276367187 0.0784683227539062 0.0513687133789063 0.0794296264648438
0.111053466796875 0.0688247680664063 0.0224380493164063 -0.0337448120117187
0.121086120605469 0.0675201416015625 -0.00431823730468751 -0.145904541015625
0.118965148925781 0.09051513671875 0.0563507080078125 -0.220611572265625
0.0613632202148437 0.139350891113281 0.144180297851562 -0.279617309570313
-0.024566650390625 0.159011840820313 0.323028564453125 -0.20477294921875
-0.173507690429688 0.0612335205078125 0.49981689453125 0.078277587890625
-0.182220458984375 -0.107818603515625 0.36102294921875 0.31805419921875
-0.0531158447265625 -0.2203369140625 0.0933837890625 0.29962158203125
0.03118896484375 -0.265518188476563 -0.0448760986328125 -0.262741088867188
-0.1051025390625 -0.205642700195312 -0.19873046875 -0.4544677734375
-0.184326171875 -0.036865234375 -0.427490234375 -0.25982666015625
-0.125213623046875 0.0987777709960938 -0.407257080078125 0.000579833984374983
-0.0239486694335937 0.130165100097656 -0.222564697265625 0.132064819335938
0.0801773071289063 0.102653503417969 -0.052978515625 0.140792846679688
0.117927551269531 0.06103515625 0.00322723388671876 0.0680580139160156
0.110610961914063 0.059051513671875 -0.0259170532226562 -0.0350513458251953
0.122146606445313 0.0637283325195313 -0.046234130859375 -0.151840209960937
0.113334655761719 0.0953140258789063 0.029022216796875 -0.237411499023438
0.04486083984375 0.146896362304687 0.140350341796875 -0.297393798828125
-0.0529022216796875 0.156295776367188 0.332672119140625 -0.205780029296875
-0.192337036132813 0.022674560546875 0.49005126953125 0.09722900390625
-0.169586181640625 -0.15533447265625 0.32000732421875 0.306396484375
-0.022430419921875 -0.249801635742188 0.088653564453125 0.2276611328125
-0.01007080078125 -0.230316162109375 -0.05389404296875 -0.32525634765625
-0.124603271484375 -0.148391723632812 -0.23992919921875 -0.455413818359375
-0.154067993164063 0.01263427734375 -0.43804931640625 -0.221771240234375
-0.0748214721679688 0.100624084472656 -0.396026611328125 0.0127258300781251
0.00768280029296876 0.100807189941406 -0.226654052734375 0.123138427734375
0.0817031860351563 0.0638580322265625 -0.083984375 0.130973815917969
0.100433349609375 0.0349273681640625 -0.0395393371582031 0.0688400268554687
0.0954208374023438 0.0398712158203125 -0.0696945190429688 -0.0312995910644531
0.105354309082031 0.050140380859375 -0.0828857421875 -0.158493041992187
0.092010498046875 0.0847854614257812 0.010162353515625 -0.256607055664063
0.02252197265625 0.130958557128906 0.14996337890625 -0.31268310546875
-0.072113037109375 0.12469482421875 0.353118896484375 -0.19232177734375
-0.174468994140625 -0.0263671875 0.480438232421875 0.1285400390625
-0.119369506835938 -0.180679321289063 0.28802490234375 0.292327880859375
0.0185546875 -0.237472534179687 0.105712890625 0.153671264648437
-0.0303497314453125 -0.1632080078125 -0.08428955078125 -0.370941162109375
-0.100257873535156 -0.08917236328125 -0.293914794921875 -0.435882568359375
-0.0979995727539063 0.0337142944335937 -0.450958251953125 -0.168365478515625
-0.0289535522460938 0.0721206665039063 -0.386566162109375 0.04107666015625
0.0215187072753906 0.0547065734863281 -0.2269287109375 0.134841918945312
0.0614547729492188 0.0207252502441406 -0.104278564453125 0.140869140625
0.0667228698730469 0.00960540771484375 -0.0706329345703125 0.0803909301757813
0.0671653747558594 0.0164070129394531 -0.102813720703125 -0.0227127075195312
0.0744705200195313 0.0261917114257813 -0.1094970703125 -0.1630859375
0.06402587890625 0.0548744201660156 0.00291442871093748 -0.274703979492188
0.00900268554687499 0.0909805297851563 0.17486572265625 -0.317718505859375
-0.0647048950195313 0.0777664184570312 0.38153076171875 -0.166290283203125
-0.121543884277344 -0.053253173828125 0.474090576171875 0.16937255859375
-0.057098388671875 -0.158981323242188 0.2734375 0.28619384765625
0.0447540283203125 -0.183425903320313 0.141067504882813 0.095489501953125
-0.02294921875 -0.0795440673828125 -0.11688232421875 -0.393585205078125
-0.0422744750976562 -0.0467262268066406 -0.3408203125 -0.403045654296875
-0.0353507995605469 0.0231475830078125 -0.461944580078125 -0.110809326171875
-0.000436782836914062 0.0230445861816406 -0.375 0.080078125
0.0142526626586914 0.00315761566162109 -0.2158203125 0.160690307617187
0.0232028961181641 -0.0164108276367188 -0.10552978515625 0.160675048828125
0.0225811004638672 -0.0111789703369141 -0.08319091796875 0.0963134765625
0.0294742584228516 -0.00916099548339844 -0.119331359863281 -0.0122528076171875
0.0337982177734375 -0.00596046447753906 -0.118804931640625 -0.162628173828125
0.0384979248046875 0.00662612915039063 0.00997924804687497 -0.2835693359375
0.0170440673828125 0.0370941162109375 0.204132080078125 -0.308319091796875
-0.0252571105957031 0.0405235290527344 0.407928466796875 -0.129852294921875
-0.0577507019042969 -0.0345039367675781 0.46612548828125 0.219268798828125
-0.0176467895507812 -0.0886459350585938 0.26910400390625 0.297882080078125
0.0372467041015625 -0.0976409912109375 0.177871704101563 0.064239501953125
0.0319118499755859 -0.0273303985595703 -0.1671142578125 -0.0592803955078125
0.0222244262695313 -0.0459747314453125 -0.2552490234375 -0.3321533203125
-0.0245933532714844 -0.0201416015625 -0.47479248046875 -0.21099853515625
-0.0383987426757813 0.00978851318359376 -0.483795166015625 0.0942077636718751
-0.0329418182373047 0.0261440277099609 -0.220550537109375 0.290435791015625
-0.00399017333984375 0.038543701171875 0.0535888671875 0.284820556640625
0.0364112854003906 0.04925537109375 0.16571044921875 0.137298583984375
0.0403938293457031 0.0417442321777344 0.1351318359375 -0.00870513916015625
0.037200927734375 0.0372962951660156 0.0944976806640625 -0.118186950683594
0.038177490234375 0.0358734130859375 0.129547119140625 -0.175521850585938
0.0255126953125 0.0427970886230469 0.191802978515625 -0.218505859375
0.00564956665039062 0.0488014221191406 0.334197998046875 -0.15301513671875
-0.0361824035644531 0.0318870544433594 0.50311279296875 0.1080322265625
-0.0303306579589844 0.00358200073242188 0.433135986328125 0.3543701171875
-0.00377082824707031 -0.00981426239013672 0.14361572265625 0.407379150390625
0.06903076171875 -0.131340026855469 -0.149383544921875 -0.0804443359375
0.0157318115234375 -0.141693115234375 -0.233367919921875 -0.3653564453125
-0.0797500610351562 -0.0786209106445313 -0.463165283203125 -0.247650146484375
-0.102813720703125 0.0188980102539063 -0.482452392578125 0.057830810546875
-0.0611190795898437 0.0754928588867187 -0.230392456054687 0.254898071289063
0.0180130004882812 0.0891265869140625 0.0370635986328125 0.255523681640625
0.0783462524414063 0.0719070434570313 0.143539428710938 0.1187744140625
0.078826904296875 0.0579986572265625 0.111839294433594 -0.0220108032226562
0.081268310546875 0.0532455444335938 0.0693511962890625 -0.1322021484375
0.0815200805664063 0.0592880249023438 0.107742309570313 -0.194320678710938
0.0507965087890625 0.0840988159179688 0.167251586914063 -0.244964599609375
0.00650787353515624 0.0998153686523438 0.319854736328125 -0.186370849609375
-0.0877532958984375 0.06341552734375 0.510284423828125 0.067474365234375
-0.104560852050781 -0.0230789184570313 0.439605712890625 0.3287353515625
-0.0433197021484375 -0.0918655395507813 0.146514892578125 0.396514892578125
0.08245849609375 -0.2177734375 -0.113616943359375 -0.129440307617188
-0.0131378173828125 -0.212265014648437 -0.210784912109375 -0.3997802734375
-0.137893676757813 -0.106338500976563 -0.449310302734375 -0.263519287109375
-0.149078369140625 0.0401611328125 -0.462890625 0.035888671875
-0.0727310180664063 0.116195678710938 -0.22674560546875 0.213485717773438
0.0412750244140625 0.123222351074219 0.014404296875 0.214080810546875
0.110122680664063 0.0830841064453125 0.10577392578125 0.0969314575195313
0.107994079589844 0.067230224609375 0.0717849731445313 -0.0305938720703125
0.115066528320312 0.0637054443359375 0.031402587890625 -0.140899658203125
0.11419677734375 0.0782928466796875 0.0776214599609375 -0.210556030273438
0.0680770874023438 0.119010925292969 0.146163940429688 -0.268936157226563
1.52587890625038E-05 0.142288208007813 0.312744140625 -0.211212158203125
-0.136863708496094 0.0811233520507813 0.513397216796875 0.04742431640625
-0.165679931640625 -0.056549072265625 0.42181396484375 0.31390380859375
-0.0693206787109375 -0.166946411132813 0.1343994140625 0.3623046875
0.05975341796875 -0.26995849609375 -0.0770416259765625 -0.195297241210938
-0.0680999755859375 -0.235504150390625 -0.20391845703125 -0.43414306640625
-0.184478759765625 -0.0846405029296875 -0.44207763671875 -0.26348876953125
-0.158660888671875 0.0775299072265625 -0.43597412109375 0.0227966308593749
-0.05523681640625 0.141342163085938 -0.220565795898438 0.173126220703125
0.0675735473632813 0.128326416015625 -0.014312744140625 0.171630859375
0.12811279296875 0.0769577026367187 0.0575942993164063 0.0764541625976563
0.122634887695313 0.0655670166015625 0.0224876403808594 -0.0352783203125
0.133773803710938 0.0672454833984375 -0.013671875 -0.146240234375
0.129364013671875 0.0913543701171875 0.045379638671875 -0.226211547851563
0.068511962890625 0.144012451171875 0.1290283203125 -0.29107666015625
-0.019134521484375 0.167449951171875 0.315521240234375 -0.225067138671875
-0.17974853515625 0.07183837890625 0.51116943359375 0.052825927734375
-0.197052001953125 -0.102508544921875 0.387237548828125 0.306304931640625
-0.068023681640625 -0.227203369140625 0.117340087890625 0.3062744140625
0.0165863037109375 -0.276657104492188 -0.0631256103515625 -0.269287109375
-0.120101928710937 -0.208297729492188 -0.22552490234375 -0.45452880859375
-0.194366455078125 -0.0316162109375 -0.444976806640625 -0.24310302734375
-0.129325866699219 0.106575012207031 -0.413848876953125 0.019378662109375
-0.0213851928710938 0.139427185058594 -0.220474243164063 0.143722534179687
0.0861892700195313 0.107337951660156 -0.0491790771484375 0.142135620117188
0.127754211425781 0.0587158203125 0.0067138671875 0.066253662109375
0.121665954589844 0.0552520751953125 -0.0289192199707031 -0.0346622467041016
0.134254455566406 0.0624771118164063 -0.0586090087890625 -0.15081787109375
0.12347412109375 0.0965194702148437 0.0147552490234375 -0.243972778320313
0.0508880615234375 0.152694702148438 0.1239013671875 -0.31097412109375
-0.049072265625 0.165206909179688 0.326263427734375 -0.225860595703125
-0.200668334960938 0.03143310546875 0.503326416015625 0.07305908203125
-0.185455322265625 -0.153335571289062 0.343017578125 0.29705810546875
-0.0372467041015625 -0.258621215820313 0.108688354492188 0.230804443359375
-0.0233917236328125 -0.237060546875 -0.0775146484375 -0.33587646484375
-0.136505126953125 -0.14849853515625 -0.270477294921875 -0.453643798828125
-0.159912109375 0.017852783203125 -0.45452880859375 -0.20294189453125
-0.0772781372070313 0.107109069824219 -0.4005126953125 0.03179931640625
0.00986480712890625 0.107307434082031 -0.224945068359375 0.133636474609375
0.08514404296875 0.0667266845703125 -0.08148193359375 0.133338928222656
0.1075439453125 0.0328216552734375 -0.0388603210449219 0.0688858032226563
0.1041259765625 0.0365982055664063 -0.0742416381835938 -0.02886962890625
0.115020751953125 0.0492706298828125 -0.0976715087890625 -0.15667724609375
0.0994110107421875 0.0867691040039063 -0.00611877441406248 -0.2640380859375
0.0263137817382812 0.136451721191406 0.134185791015625 -0.327545166015625
-0.0710830688476562 0.131736755371094 0.350006103515625 -0.213226318359375
-0.183364868164063 -0.02069091796875 0.4957275390625 0.106781005859375
-0.1329345703125 -0.18084716796875 0.3070068359375 0.28399658203125
0.00660705566406249 -0.247802734375 0.120635986328125 0.151870727539062
-0.0395660400390625 -0.165924072265625 -0.110504150390625 -0.381591796875
-0.108688354492188 -0.088653564453125 -0.3253173828125 -0.43072509765625
-0.100349426269531 0.0371856689453125 -0.465423583984375 -0.14691162109375
-0.0306243896484375 0.074951171875 -0.388885498046875 0.05908203125
0.0226402282714844 0.0572395324707031 -0.223587036132813 0.144317626953125
0.0623512268066406 0.0223846435546875 -0.10150146484375 0.14300537109375
0.0704879760742188 0.007568359375 -0.0704116821289062 0.082244873046875
0.0722122192382813 0.0130538940429687 -0.109336853027344 -0.018341064453125
0.080657958984375 0.0255279541015625 -0.12506103515625 -0.160781860351563
0.0678749084472656 0.0558624267578125 -0.01422119140625 -0.283477783203125
0.0106887817382812 0.0937347412109375 0.159912109375 -0.3341064453125
-0.06341552734375 0.0823516845703125 0.38055419921875 -0.1875
-0.128135681152344 -0.0498886108398437 0.488677978515625 0.150299072265625
-0.0666351318359375 -0.160675048828125 0.289947509765625 0.278289794921875
0.036773681640625 -0.191680908203125 0.15380859375 0.0881195068359375
-0.0261459350585937 -0.0792312622070312 -0.147003173828125 -0.403472900390625
-0.0456924438476563 -0.0475044250488281 -0.371978759765625 -0.394012451171875
-0.0357437133789062 0.0228118896484375 -0.47247314453125 -0.086273193359375
-0.00258445739746094 0.0223274230957031 -0.3748779296875 0.0992431640625
0.0127277374267578 0.00380516052246094 -0.210647583007813 0.168838500976563
0.0203323364257813 -0.0150642395019531 -0.102676391601562 0.163650512695313
0.0229263305664063 -0.0123271942138672 -0.0831375122070312 0.0990982055664063
0.0304393768310547 -0.0113658905029297 -0.126495361328125 -0.00714111328124999
0.0349903106689453 -0.00719642639160156 -0.135391235351562 -0.160659790039063
0.0388641357421875 0.00583648681640625 -0.00778198242187498 -0.293121337890625
0.0172882080078125 0.0363540649414063 0.19195556640625 -0.32568359375
-0.0231056213378906 0.0410919189453125 0.41009521484375 -0.150177001953125
-0.0601997375488281 -0.0326957702636719 0.482208251953125 0.201019287109375
-0.0219345092773438 -0.0887832641601563 0.286651611328125 0.289215087890625
0.0348052978515625 -0.101524353027344 0.189956665039063 0.0536346435546875
0.0289554595947266 -0.0299243927001953 -0.1729736328125 -0.041839599609375
0.01715087890625 -0.0494270324707031 -0.271209716796875 -0.310638427734375
-0.0266742706298828 -0.0210227966308594 -0.481231689453125 -0.181304931640625
-0.03985595703125 0.0119171142578125 -0.476806640625 0.121795654296875
-0.0326156616210938 0.0309047698974609 -0.200958251953125 0.30419921875
-0.00252914428710938 0.0416526794433594 0.073455810546875 0.280166625976563
0.04180908203125 0.0458869934082031 0.180068969726563 0.125869750976563
0.0456695556640625 0.0370635986328125 0.139533996582031 -0.0176925659179688
0.0427932739257813 0.0342063903808594 0.090423583984375 -0.122177124023438
0.0421066284179688 0.0336074829101563 0.119049072265625 -0.179794311523438
0.0284767150878906 0.04132080078125 0.173675537109375 -0.225112915039063
0.0106773376464844 0.0495834350585938 0.31658935546875 -0.17205810546875
-0.0344810485839844 0.03778076171875 0.505401611328125 0.069854736328125
-0.0330009460449219 0.00679969787597657 0.461578369140625 0.322113037109375
-0.00734901428222656 -0.0110359191894531 0.18170166015625 0.404632568359375
0.0581130981445313 -0.138282775878906 -0.157150268554688 -0.0652618408203125
0.0041656494140625 -0.1451416015625 -0.25140380859375 -0.344268798828125
-0.0878829956054687 -0.0769882202148437 -0.47125244140625 -0.220428466796875
-0.105514526367188 0.0247955322265625 -0.477874755859375 0.0864257812499999
-0.0586776733398438 0.0826339721679688 -0.2138671875 0.268508911132813
0.0229721069335938 0.0924148559570313 0.05352783203125 0.251205444335938
0.0863876342773437 0.0677947998046875 0.155181884765625 0.108444213867188
0.0873184204101563 0.0518951416015625 0.114166259765625 -0.0292510986328125
0.0899276733398438 0.048370361328125 0.0624618530273438 -0.134292602539063
0.0886001586914063 0.0551986694335938 0.0948944091796875 -0.197372436523438
0.0573348999023438 0.0826797485351563 0.14764404296875 -0.250091552734375
0.0128250122070312 0.102066040039063 0.30108642578125 -0.204833984375
-0.085723876953125 0.0716400146484375 0.51092529296875 0.028045654296875
-0.11053466796875 -0.01507568359375 0.4674072265625 0.295074462890625
-0.0536041259765625 -0.0913772583007812 0.18487548828125 0.392974853515625
0.0655364990234375 -0.225570678710937 -0.124992370605469 -0.119270324707031
-0.029510498046875 -0.214248657226562 -0.23236083984375 -0.383056640625
-0.147842407226563 -0.101333618164063 -0.459442138671875 -0.236541748046875
-0.151504516601563 0.0496368408203125 -0.458831787109375 0.0649719238281251
-0.0683746337890625 0.124954223632813 -0.213165283203125 0.2265625
0.0484771728515625 0.126472473144531 0.0269927978515625 0.21038818359375
0.119850158691406 0.0777740478515625 0.114166259765625 0.088409423828125
0.117500305175781 0.059722900390625 0.0726394653320313 -0.034881591796875
0.12646484375 0.0577468872070312 0.022674560546875 -0.13909912109375
0.122917175292969 0.0737762451171875 0.0631256103515625 -0.21209716796875
0.0766677856445313 0.118972778320313 0.123443603515625 -0.273223876953125
0.00825500488281251 0.146255493164063 0.293365478515625 -0.23004150390625
-0.136238098144531 0.0923385620117188 0.513092041015625 0.01116943359375
-0.174407958984375 -0.0457763671875 0.446624755859375 0.281768798828125
-0.084930419921875 -0.165603637695312 0.16851806640625 0.358428955078125
0.039031982421875 -0.278427124023438 -0.0939178466796875 -0.190811157226563
-0.08673095703125 -0.233932495117188 -0.231414794921875 -0.41766357421875
-0.193374633789063 -0.0764923095703125 -0.454620361328125 -0.233978271484375
-0.160247802734375 0.088165283203125 -0.433380126953125 0.04913330078125
-0.0492706298828125 0.150039672851562 -0.209381103515625 0.185775756835938
0.07586669921875 0.131301879882813 -0.0046539306640625 0.169662475585937
0.137351989746094 0.0706405639648438 0.0637626647949219 0.0702781677246094
0.132980346679688 0.057769775390625 0.0211105346679688 -0.0368423461914063
0.145889282226563 0.0599212646484375 -0.02484130859375 -0.1422119140625
0.139541625976563 0.0872039794921875 0.0283660888671875 -0.227188110351563
0.0778961181640625 0.145126342773438 0.105987548828125 -0.296234130859375
-0.0109405517578125 0.172531127929688 0.294830322265625 -0.24444580078125
-0.180404663085938 0.0848388671875 0.511322021484375 0.015777587890625
-0.2099609375 -0.0909881591796875 0.408905029296875 0.2796630859375
-0.0870819091796875 -0.226669311523437 0.146240234375 0.301971435546875
-0.00378417968750002 -0.280532836914063 -0.0866851806640625 -0.2681884765625
-0.136306762695313 -0.202667236328125 -0.254364013671875 -0.439208984375
-0.200302124023438 -0.0220947265625 -0.4547119140625 -0.212860107421875
-0.128623962402344 0.115455627441406 -0.410308837890625 0.0453186035156249
-0.0153350830078125 0.14605712890625 -0.211395263671875 0.155349731445312
0.0931930541992188 0.108619689941406 -0.0419921875 0.1424560546875
0.135856628417969 0.0526580810546875 0.01055908203125 0.0630149841308594
0.130966186523438 0.0477828979492188 -0.0320663452148437 -0.0328350067138672
0.145172119140625 0.056610107421875 -0.0717926025390625 -0.14398193359375
0.133171081542969 0.0938949584960937 -0.00463867187499997 -0.244140625
0.0600433349609375 0.155136108398438 0.098663330078125 -0.31732177734375
-0.0424041748046875 0.171783447265625 0.307373046875 -0.245880126953125
-0.204635620117188 0.044097900390625 0.50469970703125 0.03863525390625
-0.200759887695313 -0.142959594726563 0.362579345703125 0.27313232421875
-0.05718994140625 -0.260833740234375 0.130447387695313 0.225616455078125
-0.040313720703125 -0.237808227539062 -0.1065673828125 -0.33526611328125
-0.148422241210938 -0.141891479492188 -0.301025390625 -0.435760498046875
-0.16253662109375 0.0262451171875 -0.462005615234375 -0.172027587890625
-0.0756759643554687 0.112312316894531 -0.39483642578125 0.056610107421875
0.0148391723632813 0.111221313476562 -0.215133666992188 0.145263671875
0.0897064208984375 0.0678253173828125 -0.07550048828125 0.135398864746094
0.113204956054688 0.028167724609375 -0.0361366271972656 0.0684890747070312
0.110855102539063 0.0298690795898438 -0.0792160034179688 -0.0240936279296875
0.124404907226563 0.0441207885742188 -0.113296508789062 -0.147933959960938
0.106971740722656 0.08441162109375 -0.028350830078125 -0.264724731445313
0.0332260131835938 0.138954162597656 0.108306884765625 -0.335784912109375
-0.0654144287109375 0.137619018554688 0.33154296875 -0.2359619140625
-0.1883544921875 -0.00979614257812497 0.49700927734375 0.075592041015625
-0.148040771484375 -0.174652099609375 0.322967529296875 0.262664794921875
-0.0113067626953125 -0.251876831054687 0.136199951171875 0.142745971679687
-0.0504608154296875 -0.163909912109375 -0.144775390625 -0.3804931640625
-0.115928649902344 -0.0832672119140625 -0.3568115234375 -0.407196044921875
-0.0996932983398438 0.0414962768554687 -0.46832275390625 -0.114044189453125
-0.0299301147460937 0.0773239135742188 -0.380584716796875 0.0839538574218749
0.0244827270507813 0.0598030090332031 -0.213470458984375 0.154586791992188
0.0634002685546875 0.0232582092285156 -0.0955047607421875 0.14508056640625
0.0729904174804688 0.0048980712890625 -0.06854248046875 0.0835342407226562
0.0761032104492188 0.00769805908203125 -0.113945007324219 -0.0108413696289062
0.085906982421875 0.022216796875 -0.141311645507812 -0.1507568359375
0.0718460083007813 0.0544586181640625 -0.037628173828125 -0.28399658203125
0.0143661499023437 0.0958938598632813 0.134674072265625 -0.345245361328125
-0.060211181640625 0.0859375 0.36553955078125 -0.210113525390625
-0.132728576660156 -0.042694091796875 0.492462158203125 0.11962890625
-0.078704833984375 -0.158065795898438 0.30517578125 0.256378173828125
0.0247802734375 -0.196380615234375 0.163955688476563 0.0745391845703125
-0.0305709838867187 -0.0765762329101563 -0.1815185546875 -0.399932861328125
-0.0496139526367188 -0.0465011596679687 -0.401702880859375 -0.36773681640625
-0.0345230102539062 0.0226554870605469 -0.471099853515625 -0.05181884765625
-0.00393867492675781 0.0218410491943359 -0.363922119140625 0.120849609375
0.0102615356445313 0.00452327728271484 -0.198013305664063 0.177749633789062
0.0176010131835937 -0.0127182006835938 -0.09454345703125 0.164169311523438
0.0226612091064453 -0.013214111328125 -0.0806045532226563 0.101356506347656
0.0311527252197266 -0.014862060546875 -0.130760192871094 0.00154113769531249
0.0361824035644531 -0.00791549682617188 -0.151702880859375 -0.150802612304687
0.0385780334472656 0.00492477416992187 -0.032012939453125 -0.294921875
0.0176277160644531 0.0352287292480469 0.16693115234375 -0.338470458984375
-0.0198211669921875 0.0418510437011719 0.398681640625 -0.17401123046875
-0.0615272521972656 -0.0283546447753906 0.489959716796875 0.172088623046875
-0.0277175903320313 -0.0873031616210938 0.30133056640625 0.26727294921875
0.02874755859375 -0.103187561035156 0.1976318359375 0.0361480712890625
0.0255680084228516 -0.0309505462646484 -0.172210693359375 -0.0248870849609375
0.0116348266601562 -0.0507049560546875 -0.27362060546875 -0.28143310546875
-0.0284233093261719 -0.0214939117431641 -0.469573974609375 -0.154449462890625
-0.0398406982421875 0.0131072998046875 -0.45721435546875 0.142120361328125
-0.0314273834228516 0.03387451171875 -0.179931640625 0.306121826171875
-0.00115966796875 0.0432624816894531 0.0878143310546875 0.268280029296875
0.045135498046875 0.0417594909667969 0.18695068359375 0.112167358398438
0.0486106872558594 0.03118896484375 0.139801025390625 -0.0252304077148438
0.0465965270996094 0.0300254821777344 0.084716796875 -0.121253967285156
0.04437255859375 0.030120849609375 0.106903076171875 -0.177780151367188
0.0308647155761719 0.0393104553222656 0.154083251953125 -0.221328735351562
0.0144844055175781 0.0487442016601563 0.291778564453125 -0.180267333984375
-0.0320816040039063 0.0420608520507813 0.491455078125 0.036163330078125
-0.034210205078125 0.0105514526367187 0.471893310546875 0.281280517578125
-0.0108728408813477 -0.0116701126098633 0.211395263671875 0.389007568359375
0.0479965209960937 -0.139213562011719 -0.157958984375 -0.0502166748046875
-0.00688171386718749 -0.14337158203125 -0.25738525390625 -0.31646728515625
-0.0918731689453125 -0.0735092163085938 -0.462188720703125 -0.19036865234375
-0.106109619140625 0.0297698974609375 -0.458038330078125 0.108001708984375
-0.0547943115234375 0.0879287719726563 -0.194320678710938 0.272003173828125
0.0269546508789062 0.09429931640625 0.06597900390625 0.240219116210938
0.0909271240234375 0.0612106323242188 0.160720825195313 0.0960235595703125
0.0916290283203125 0.0440750122070313 0.114189147949219 -0.035247802734375
0.0955581665039063 0.04241943359375 0.0564041137695312 -0.131584167480469
0.09283447265625 0.0505828857421875 0.08251953125 -0.1937255859375
0.0614089965820313 0.0805435180664063 0.126998901367188 -0.244613647460938
0.0179519653320313 0.101448059082031 0.274917602539063 -0.213027954101563
-0.0818328857421875 0.0775680541992187 0.494720458984375 -0.003631591796875
-0.112594604492187 -0.0080413818359375 0.473419189453125 0.256744384765625
-0.0613937377929688 -0.0883941650390625 0.213226318359375 0.377593994140625
0.049468994140625 -0.226547241210938 -0.130477905273438 -0.106231689453125
-0.041900634765625 -0.209442138671875 -0.242279052734375 -0.35601806640625
-0.152969360351563 -0.094085693359375 -0.452850341796875 -0.20721435546875
-0.1507568359375 0.05609130859375 -0.44146728515625 0.08551025390625
-0.062591552734375 0.130508422851563 -0.194915771484375 0.230361938476563
0.0544662475585938 0.127685546875 0.03753662109375 0.201507568359375
0.125297546386719 0.0704803466796875 0.118782043457031 0.0777587890625
0.122665405273438 0.0508804321289063 0.0709991455078125 -0.0378875732421875
0.133163452148437 0.0498428344726562 0.0154800415039063 -0.133087158203125
0.129142761230469 0.0675277709960938 0.049224853515625 -0.2066650390625
0.082672119140625 0.116477966308594 0.101669311523437 -0.2664794921875
0.0149688720703125 0.146453857421875 0.266220092773438 -0.235916137695312
-0.131629943847656 0.100471496582031 0.49493408203125 -0.021331787109375
-0.178329467773438 -0.034881591796875 0.45361328125 0.246856689453125
-0.096923828125 -0.160247802734375 0.195281982421875 0.343536376953125
0.0200347900390625 -0.27606201171875 -0.10626220703125 -0.179702758789063
-0.099822998046875 -0.225357055664063 -0.244476318359375 -0.3924560546875
-0.197250366210938 -0.0676727294921875 -0.447998046875 -0.20526123046875
-0.157363891601562 0.095245361328125 -0.416412353515625 0.0704040527343749
-0.0426483154296875 0.154586791992188 -0.193511962890625 0.189971923828125
0.0826263427734375 0.131088256835938 0.00320434570312499 0.163681030273438
0.142684936523438 0.0636749267578125 0.0665740966796875 0.0627059936523438
0.138252258300781 0.04888916015625 0.0190582275390625 -0.036468505859375
0.153472900390625 0.05157470703125 -0.0329971313476562 -0.133377075195313
0.145416259765625 0.0815887451171875 0.01220703125 -0.220611572265625
0.08447265625 0.143295288085938 0.0823974609375 -0.289764404296875
-0.00393676757812499 0.173538208007813 0.268722534179688 -0.251510620117188
-0.177352905273438 0.09490966796875 0.49371337890625 -0.014984130859375
-0.215499877929687 -0.077484130859375 0.415496826171875 0.24786376953125
-0.101882934570313 -0.220474243164063 0.168212890625 0.28839111328125
-0.022216796875 -0.275482177734375 -0.1051025390625 -0.258895874023437
-0.146438598632812 -0.192840576171875 -0.272125244140625 -0.41162109375
-0.200332641601563 -0.0137939453125 -0.4493408203125 -0.184417724609375
-0.125373840332031 0.120689392089844 -0.39422607421875 0.06549072265625
-0.00932312011718749 0.149032592773438 -0.195968627929688 0.159500122070312
0.0983810424804688 0.108993530273438 -0.0351715087890625 0.137954711914063
0.139656066894531 0.0457000732421875 0.0130233764648438 0.0583724975585938
0.135406494140625 0.0396347045898438 -0.0339202880859375 -0.0294437408447266
0.151947021484375 0.049102783203125 -0.0807952880859375 -0.13299560546875
0.139045715332031 0.089141845703125 -0.0218963623046875 -0.235977172851562
0.066558837890625 0.154754638671875 0.074005126953125 -0.31201171875
-0.034820556640625 0.173233032226563 0.28155517578125 -0.253814697265625
-0.202102661132813 0.055023193359375 0.490631103515625 0.010009765625
-0.209518432617188 -0.130050659179687 0.36688232421875 0.245574951171875
-0.0736083984375 -0.255081176757813 0.146636962890625 0.21221923828125
-0.053863525390625 -0.230606079101563 -0.130279541015625 -0.325164794921875
-0.154342651367187 -0.132217407226563 -0.31964111328125 -0.406494140625
-0.160263061523437 0.0314788818359375 -0.4549560546875 -0.141387939453125
-0.0733871459960937 0.115638732910156 -0.378265380859375 0.0744018554687499
0.0184173583984375 0.112846374511719 -0.20074462890625 0.149078369140625
0.0924530029296875 0.06805419921875 -0.068817138671875 0.132194519042969
0.115646362304688 0.0230789184570313 -0.0332069396972656 0.0658836364746094
0.113548278808594 0.0232696533203125 -0.0811004638671875 -0.01861572265625
0.129463195800781 0.0376968383789063 -0.123146057128906 -0.134750366210937
0.111953735351563 0.0817794799804688 -0.0475616455078125 -0.255950927734375
0.038330078125 0.138763427734375 0.08251953125 -0.3311767578125
-0.0595932006835937 0.139808654785156 0.307342529296875 -0.246246337890625
-0.188079833984375 -9.15527343749973E-05 0.48406982421875 0.0474853515625
-0.158523559570313 -0.163681030273438 0.32623291015625 0.238006591796875
-0.026275634765625 -0.248397827148437 0.145370483398438 0.128860473632812
-0.0583343505859375 -0.156219482421875 -0.171142578125 -0.367279052734375
-0.118537902832031 -0.0766143798828125 -0.37213134765625 -0.375823974609375
-0.0970306396484375 0.0428314208984375 -0.45635986328125 -0.0841979980468749
-0.0294342041015625 0.0784759521484375 -0.361236572265625 0.100738525390625
0.0248031616210937 0.0606307983398438 -0.198272705078125 0.157546997070312
0.0627593994140625 0.0254669189453125 -0.087677001953125 0.142501831054688
0.0740890502929688 0.00241851806640625 -0.064788818359375 0.082855224609375
0.0771331787109375 0.003570556640625 -0.115127563476563 -0.00388336181640624
0.0886611938476562 0.0181427001953125 -0.151397705078125 -0.137313842773438
0.0746841430664063 0.0523605346679688 -0.058349609375 -0.274978637695313
0.0176162719726563 0.0951385498046875 0.10772705078125 -0.342529296875
-0.0556182861328125 0.08721923828125 0.342193603515625 -0.223297119140625
-0.133651733398438 -0.0349655151367188 0.4815673828125 0.092254638671875
-0.086517333984375 -0.150192260742187 0.30548095703125 0.23236083984375
0.01275634765625 -0.193771362304687 0.167251586914063 0.05902099609375
-0.032318115234375 -0.07061767578125 -0.209686279296875 -0.385223388671875
-0.0512847900390625 -0.0439682006835938 -0.415008544921875 -0.3328857421875
-0.0330467224121094 0.0209884643554688 -0.454498291015625 -0.0231933593750001
-0.00585556030273438 0.0221385955810547 -0.342620849609375 0.135986328125
0.00840139389038086 0.00659418106079102 -0.18218994140625 0.178268432617187
0.0157346725463867 -0.00936603546142578 -0.086456298828125 0.160247802734375
0.0213851928710938 -0.0129623413085938 -0.0767135620117187 0.100532531738281
0.0303211212158203 -0.0163059234619141 -0.131683349609375 0.00932312011718752
0.036285400390625 -0.00925064086914063 -0.161224365234375 -0.136672973632812
0.0373916625976563 0.00431442260742188 -0.053863525390625 -0.288177490234375
0.017364501953125 0.0344009399414063 0.140899658203125 -0.337249755859375
-0.017364501953125 0.0411300659179688 0.3773193359375 -0.187652587890625
-0.0607185363769531 -0.0238571166992187 0.47894287109375 0.14263916015625
-0.0310287475585938 -0.0831527709960938 0.301361083984375 0.240997314453125
0.024078369140625 -0.10211181640625 0.197357177734375 0.01898193359375
0.0233325958251953 -0.0308895111083984 -0.168350219726563 -0.0128021240234375
0.00730133056640625 -0.0502090454101563 -0.265457153320312 -0.260452270507813
-0.0300025939941406 -0.0231819152832031 -0.449462890625 -0.14019775390625
-0.0407981872558594 0.0133514404296875 -0.4390869140625 0.14642333984375
-0.0309371948242187 0.0361442565917969 -0.16748046875 0.299896240234375
-0.000396728515625004 0.0456886291503906 0.0931549072265625 0.255874633789063
0.0464859008789063 0.0386314392089844 0.188919067382813 0.1024169921875
0.0493812561035156 0.0273094177246094 0.13916015625 -0.0280303955078125
0.0486946105957031 0.0262222290039063 0.0833053588867188 -0.116836547851562
0.0459365844726562 0.0272979736328125 0.1002197265625 -0.169723510742188
0.03143310546875 0.0376472473144531 0.142074584960938 -0.210098266601563
0.0163383483886719 0.0482635498046875 0.270645141601563 -0.175338745117188
-0.0292015075683594 0.0449104309082031 0.469696044921875 0.017913818359375
-0.0352897644042969 0.012908935546875 0.467254638671875 0.254913330078125
-0.0147066116333008 -0.0112552642822266 0.226776123046875 0.37445068359375
0.0406036376953125 -0.137260437011719 -0.1561279296875 -0.039337158203125
-0.0126495361328125 -0.139877319335938 -0.24981689453125 -0.29583740234375
-0.0943603515625 -0.0727767944335937 -0.443695068359375 -0.17572021484375
-0.105888366699219 0.0308609008789062 -0.440704345703125 0.11279296875
-0.052734375 0.08990478515625 -0.181838989257812 0.266754150390625
0.0292282104492187 0.0959320068359375 0.0702667236328125 0.229904174804687
0.093017578125 0.0577850341796875 0.162429809570313 0.0874786376953125
0.0928115844726563 0.0387191772460938 0.113273620605469 -0.0370254516601562
0.0986862182617188 0.0370101928710938 0.05413818359375 -0.125556945800781
0.0943679809570312 0.0472259521484375 0.0756378173828125 -0.184829711914063
0.0626296997070313 0.0792770385742188 0.11480712890625 -0.2320556640625
0.0201416015625 0.101600646972656 0.253448486328125 -0.205490112304688
-0.0790863037109375 0.0806732177734375 0.470489501953125 -0.01885986328125
-0.114089965820312 -0.003021240234375 0.467315673828125 0.230316162109375
-0.0663223266601563 -0.085784912109375 0.22833251953125 0.36309814453125
0.0396575927734375 -0.222030639648438 -0.132431030273438 -0.0958786010742187
-0.0499267578125 -0.203262329101563 -0.238250732421875 -0.334869384765625
-0.154586791992188 -0.0917816162109375 -0.43505859375 -0.192718505859375
-0.150543212890625 0.058258056640625 -0.4215087890625 0.09027099609375
-0.0602645874023438 0.132705688476563 -0.182876586914063 0.225997924804688
0.0578842163085937 0.128746032714844 0.040924072265625 0.19268798828125
0.127517700195313 0.0669479370117188 0.119071960449219 0.0707168579101563
0.124977111816406 0.0455703735351563 0.0707473754882813 -0.0380172729492187
0.137321472167969 0.0445480346679688 0.0128097534179688 -0.125175476074219
0.131820678710937 0.0650711059570312 0.0419769287109375 -0.19744873046875
0.08441162109375 0.11566162109375 0.08892822265625 -0.25390625
0.017425537109375 0.145767211914063 0.24468994140625 -0.22930908203125
-0.128517150878906 0.103828430175781 0.47186279296875 -0.035369873046875
-0.179931640625 -0.02813720703125 0.447265625 0.222503662109375
-0.102249145507813 -0.155181884765625 0.208740234375 0.3299560546875
0.00958251953125002 -0.269149780273438 -0.112030029296875 -0.170928955078125
-0.105224609375 -0.217742919921875 -0.243408203125 -0.3707275390625
-0.197586059570312 -0.063995361328125 -0.432373046875 -0.188629150390625
-0.156784057617188 0.097076416015625 -0.39892578125 0.076080322265625
-0.0399932861328125 0.156265258789063 -0.181304931640625 0.186386108398438
0.084991455078125 0.132949829101563 0.005950927734375 0.156005859375
0.144744873046875 0.060272216796875 0.0670166015625 0.0564994812011719
0.140144348144531 0.0436172485351562 0.0181159973144531 -0.0349960327148438
0.15704345703125 0.04693603515625 -0.0355606079101562 -0.124122619628906
0.1488037109375 0.0790557861328125 0.00437927246093753 -0.210067749023438
0.086517333984375 0.143417358398438 0.0689849853515625 -0.276748657226563
-0.00154113769531249 0.1737060546875 0.24737548828125 -0.24560546875
-0.174118041992188 0.0984954833984375 0.472686767578125 -0.027801513671875
-0.218154907226563 -0.0692901611328125 0.40972900390625 0.227081298828125
-0.1090087890625 -0.214263916015625 0.179229736328125 0.2757568359375
-0.030364990234375 -0.267715454101563 -0.114334106445313 -0.249664306640625
-0.1483154296875 -0.184555053710937 -0.273101806640625 -0.3897705078125
-0.199493408203125 -0.01177978515625 -0.4326171875 -0.16741943359375
-0.125 0.122184753417969 -0.376220703125 0.0707397460937501
-0.00756835937500002 0.15032958984375 -0.18463134765625 0.156173706054688
0.100814819335938 0.110328674316406 -0.0322341918945312 0.131103515625
0.141754150390625 0.0431060791015625 0.0130882263183594 0.0535202026367188
0.136947631835937 0.0348892211914062 -0.0351486206054687 -0.027130126953125
0.156219482421875 0.0444183349609375 -0.0842208862304688 -0.122261047363281
0.141281127929687 0.08709716796875 -0.0311279296875 -0.22528076171875
0.0686187744140625 0.155166625976563 0.060089111328125 -0.2999267578125
-0.033050537109375 0.172760009765625 0.262298583984375 -0.249969482421875
-0.199935913085938 0.0595245361328125 0.469635009765625 -0.001861572265625
-0.211471557617187 -0.121505737304688 0.35943603515625 0.227569580078125
-0.0812835693359375 -0.248977661132813 0.15380859375 0.200714111328125
-0.0589752197265625 -0.222946166992187 -0.143218994140625 -0.31396484375
-0.154861450195313 -0.126312255859375 -0.320037841796875 -0.3824462890625
-0.158447265625 0.0305938720703125 -0.437530517578125 -0.125640869140625
-0.0742721557617188 0.115333557128906 -0.359466552734375 0.08062744140625
0.018951416015625 0.114044189453125 -0.188735961914063 0.144927978515625
0.0939102172851563 0.0706787109375 -0.0659713745117188 0.125923156738281
0.116493225097656 0.021484375 -0.0332679748535156 0.0615615844726562
0.114540100097656 0.0199127197265625 -0.0815200805664062 -0.0150985717773438
0.132354736328125 0.0349884033203125 -0.126457214355469 -0.123672485351562
0.113998413085937 0.0802688598632813 -0.0572662353515625 -0.24462890625
0.0391921997070312 0.139442443847656 0.0677490234375 -0.32147216796875
-0.057159423828125 0.1387939453125 0.288330078125 -0.241668701171875
-0.186386108398437 0.00483703613281247 0.466552734375 0.035736083984375
-0.160980224609375 -0.156448364257813 0.317657470703125 0.221527099609375
-0.0341644287109375 -0.242904663085938 0.148162841796875 0.117645263671875
-0.05963134765625 -0.149337768554688 -0.185333251953125 -0.35491943359375
-0.1175537109375 -0.0731201171875 -0.37255859375 -0.352081298828125
-0.0961685180664063 0.0410079956054688 -0.43646240234375 -0.06878662109375
-0.031036376953125 0.0779647827148438 -0.342498779296875 0.104156494140625
0.024078369140625 0.0619468688964844 -0.187164306640625 0.152435302734375
0.0635490417480469 0.02911376953125 -0.084869384765625 0.135292053222656
0.0738754272460938 0.0017547607421875 -0.0646820068359375 0.079376220703125
0.0770187377929688 0.0014495849609375 -0.115859985351563 -0.000236511230468771
0.0902557373046875 0.0163040161132813 -0.155075073242188 -0.12579345703125
0.0749053955078125 0.0527267456054688 -0.069000244140625 -0.265411376953125
0.0174026489257813 0.0958709716796875 0.0933837890625 -0.333709716796875
-0.0537567138671875 0.0860748291015625 0.32318115234375 -0.220062255859375
-0.13134765625 -0.0314483642578125 0.4635009765625 0.082000732421875
-0.0894622802734375 -0.1435546875 0.296875 0.214874267578125
0.00703430175781251 -0.189971923828125 0.166275024414063 0.0482635498046875
-0.0299911499023438 -0.0661354064941406 -0.22271728515625 -0.371429443359375
-0.0511932373046875 -0.0429229736328125 -0.412109375 -0.3079833984375
-0.0327434539794922 0.0181732177734375 -0.43310546875 -0.00958251953124999
-0.00798988342285156 0.0209503173828125 -0.3226318359375 0.13720703125
0.00584030151367188 0.00833749771118164 -0.171798706054687 0.170608520507813
0.0147733688354492 -0.00445365905761719 -0.083526611328125 0.151596069335937
0.0205440521240234 -0.0116481781005859 -0.07647705078125 0.0966415405273438
0.0288753509521484 -0.017364501953125 -0.130989074707031 0.0132675170898437
0.0361976623535156 -0.00958633422851563 -0.166305541992188 -0.126556396484375
0.0358810424804687 0.00469207763671875 -0.06573486328125 -0.27728271484375
0.015625 0.0338726043701172 0.1268310546875 -0.329986572265625
-0.015777587890625 0.0389251708984375 0.3577880859375 -0.1873779296875
-0.0582733154296875 -0.0215110778808594 0.460235595703125 0.130828857421875
-0.032196044921875 -0.0781707763671875 0.29107666015625 0.22320556640625
0.0212173461914062 -0.0993728637695313 0.193939208984375 0.00720214843749999
0.02203369140625 -0.0302867889404297 -0.166763305664063 -0.005462646484375
0.00446319580078125 -0.0500450134277344 -0.25262451171875 -0.250564575195312
-0.0320606231689453 -0.0256118774414062 -0.43438720703125 -0.14288330078125
-0.0425453186035156 0.0125541687011719 -0.430419921875 0.141326904296875
-0.0316390991210938 0.038055419921875 -0.164215087890625 0.29315185546875
0.000930786132812498 0.0486907958984375 0.0941314697265625 0.251190185546875
0.0470771789550781 0.0375633239746094 0.19195556640625 0.09832763671875
0.0498199462890625 0.0240478515625 0.142791748046875 -0.029205322265625
0.0500106811523438 0.0232696533203125 0.0858612060546875 -0.113021850585938
0.046356201171875 0.026275634765625 0.100082397460937 -0.162582397460938
0.0330162048339844 0.0369377136230469 0.138626098632813 -0.198944091796875
0.017730712890625 0.0487899780273438 0.259796142578125 -0.1666259765625
-0.0280075073242187 0.0473594665527344 0.4566650390625 0.0145263671875
-0.0378608703613281 0.0154800415039063 0.4627685546875 0.243316650390625
-0.0184497833251953 -0.0116558074951172 0.236724853515625 0.3709716796875
0.0381851196289062 -0.136459350585938 -0.15521240234375 -0.032379150390625
-0.0154037475585937 -0.1390380859375 -0.23876953125 -0.284912109375
-0.0971145629882813 -0.0752792358398438 -0.428009033203125 -0.17669677734375
-0.108757019042969 0.0302505493164062 -0.431304931640625 0.10882568359375
-0.0548629760742187 0.0926132202148438 -0.178619384765625 0.261611938476563
0.0307846069335938 0.100082397460938 0.070037841796875 0.225540161132813
0.0951004028320312 0.057220458984375 0.164230346679688 0.0838165283203125
0.0952301025390625 0.0367813110351563 0.115798950195313 -0.03692626953125
0.101753234863281 0.0347213745117188 0.0567779541015625 -0.120559692382813
0.0972137451171875 0.0475921630859375 0.0748748779296875 -0.177490234375
0.064208984375 0.0812454223632813 0.112152099609375 -0.221054077148438
0.0207748413085938 0.103355407714844 0.24273681640625 -0.196304321289063
-0.079681396484375 0.0832366943359375 0.457305908203125 -0.0228271484375
-0.117835998535156 -0.000968933105468764 0.463592529296875 0.221282958984375
-0.0708160400390625 -0.0858306884765625 0.238189697265625 0.3592529296875
0.0360870361328125 -0.220932006835937 -0.133796691894531 -0.0903701782226563
-0.052276611328125 -0.2020263671875 -0.229461669921875 -0.326080322265625
-0.157577514648437 -0.094085693359375 -0.4212646484375 -0.191497802734375
-0.154937744140625 0.0586700439453125 -0.411956787109375 0.0884399414062499
-0.0618896484375 0.13623046875 -0.179397583007812 0.220993041992188
0.060028076171875 0.135299682617188 0.0402374267578125 0.1890869140625
0.13140869140625 0.06695556640625 0.120124816894531 0.0669174194335938
0.128501892089844 0.0433578491210938 0.0724945068359375 -0.0374069213867188
0.14276123046875 0.043121337890625 0.014404296875 -0.119537353515625
0.136001586914063 0.0667037963867188 0.0412445068359375 -0.189193725585938
0.0865402221679688 0.119544982910156 0.085418701171875 -0.243179321289062
0.01605224609375 0.1492919921875 0.235061645507813 -0.220489501953125
-0.130424499511719 0.106292724609375 0.45855712890625 -0.03863525390625
-0.18426513671875 -0.025970458984375 0.442535400390625 0.2149658203125
-0.106979370117187 -0.155624389648438 0.218017578125 0.325592041015625
0.00608825683593747 -0.267425537109375 -0.115585327148437 -0.166458129882813
-0.106903076171875 -0.216018676757812 -0.237548828125 -0.3626708984375
-0.200164794921875 -0.0662994384765625 -0.41790771484375 -0.188140869140625
-0.162155151367188 0.0977630615234375 -0.38818359375 0.0741882324218749
-0.04217529296875 0.16070556640625 -0.177780151367188 0.1812744140625
0.0885772705078125 0.139541625976563 0.00559997558593749 0.15167236328125
0.148529052734375 0.060791015625 0.0672645568847656 0.0531463623046875
0.14404296875 0.0419464111328125 0.0192813873291016 -0.0344429016113281
0.162841796875 0.0453338623046875 -0.0355224609375 -0.117835998535156
0.152725219726563 0.0813751220703125 0.00131225585937499 -0.202651977539062
0.088104248046875 0.148544311523437 0.064117431640625 -0.268112182617188
-0.00317382812500002 0.177291870117187 0.23870849609375 -0.237152099609375
-0.177490234375 0.100448608398438 0.4609375 -0.028961181640625
-0.22174072265625 -0.067962646484375 0.403656005859375 0.22015380859375
-0.113525390625 -0.214675903320313 0.186508178710938 0.27056884765625
-0.0326690673828125 -0.265853881835937 -0.1212158203125 -0.245590209960938
-0.14910888671875 -0.183425903320312 -0.269744873046875 -0.3812255859375
-0.202163696289063 -0.014739990234375 -0.422149658203125 -0.16546630859375
-0.1300048828125 0.123336791992188 -0.365570068359375 0.067535400390625
-0.00929260253906251 0.154464721679688 -0.180831909179687 0.150604248046875
0.1044921875 0.116661071777344 -0.0333404541015625 0.127105712890625
0.145370483398438 0.0438690185546875 0.0116004943847656 0.04962158203125
0.140625 0.0342864990234375 -0.0357437133789062 -0.0253982543945312
0.161834716796875 0.0441436767578125 -0.0853652954101562 -0.115554809570313
0.145919799804688 0.0904693603515625 -0.03515625 -0.21875
0.068817138671875 0.160659790039063 0.0550537109375 -0.292388916015625
-0.034515380859375 0.1751708984375 0.25384521484375 -0.2423095703125
-0.202774047851563 0.0610198974609375 0.459075927734375 -0.001708984375
-0.215240478515625 -0.120010375976563 0.353302001953125 0.222442626953125
-0.085205078125 -0.248672485351563 0.158233642578125 0.195449829101562
-0.0593414306640625 -0.220367431640625 -0.15179443359375 -0.3116455078125
-0.15460205078125 -0.126510620117188 -0.3194580078125 -0.374053955078125
-0.161087036132813 0.028045654296875 -0.42510986328125 -0.1231689453125
-0.0792617797851562 0.116050720214844 -0.348907470703125 0.07769775390625
0.0166702270507812 0.118362426757812 -0.185150146484375 0.1390380859375
0.0971145629882812 0.0768508911132813 -0.0668716430664063 0.120262145996094
0.119789123535156 0.0231857299804688 -0.0358009338378906 0.0580711364746094
0.117317199707031 0.0192642211914063 -0.0835952758789062 -0.0136795043945313
0.13690185546875 0.034423828125 -0.128379821777344 -0.117637634277344
0.117034912109375 0.0838851928710938 -0.06280517578125 -0.2392578125
0.0383758544921875 0.143768310546875 0.062744140625 -0.314300537109375
-0.0597457885742188 0.139961242675781 0.281082153320313 -0.236282348632812
-0.188339233398438 0.00448608398437497 0.454345703125 0.038482666015625
-0.16363525390625 -0.154373168945313 0.3104248046875 0.216339111328125
-0.0367584228515625 -0.2425537109375 0.149749755859375 0.111831665039062
-0.057464599609375 -0.147567749023438 -0.194091796875 -0.3525390625
-0.117599487304688 -0.0737152099609375 -0.371185302734375 -0.342498779296875
-0.097930908203125 0.0377578735351563 -0.4249267578125 -0.0669250488281249
-0.0348968505859375 0.0784530639648437 -0.331390380859375 0.100006103515625
0.0223922729492188 0.0656547546386719 -0.183151245117188 0.144973754882812
0.0652389526367188 0.0342864990234375 -0.0866775512695313 0.129302978515625
0.07598876953125 0.0035247802734375 -0.0673904418945313 0.0753860473632813
0.0785598754882813 0.0010223388671875 -0.117637634277344 0.00158691406250001
0.0931625366210938 0.0162124633789063 -0.158477783203125 -0.120529174804687
0.0758438110351563 0.0550460815429688 -0.0750885009765625 -0.2596435546875
0.0160446166992187 0.0980682373046875 0.08807373046875 -0.327239990234375
-0.0550613403320312 0.0858917236328125 0.31689453125 -0.214508056640625
-0.130996704101563 -0.0314178466796875 0.451446533203125 0.083038330078125
-0.0901336669921875 -0.14263916015625 0.28558349609375 0.209930419921875
0.00611877441406249 -0.189193725585938 0.1661376953125 0.0411224365234375
-0.0264015197753906 -0.0638923645019531 -0.23248291015625 -0.370086669921875
-0.0502548217773438 -0.0440254211425781 -0.410400390625 -0.30078125
-0.0337810516357422 0.0148105621337891 -0.420074462890625 -0.00738525390625001
-0.0114021301269531 0.0200347900390625 -0.31219482421875 0.132354736328125
0.00445365905761719 0.010493278503418 -0.167999267578125 0.161941528320312
0.0154571533203125 -4.9591064453125E-05 -0.0862579345703125 0.144256591796875
0.0208244323730469 -0.00987815856933594 -0.0803604125976562 0.0933609008789063
0.0289421081542969 -0.0178909301757813 -0.133216857910156 0.0149154663085937
0.0364265441894531 -0.00922775268554688 -0.169525146484375 -0.1219482421875
0.0354881286621094 0.00643157958984375 -0.071624755859375 -0.272323608398438
0.0144157409667969 0.0348987579345703 0.121368408203125 -0.3232421875
-0.0150184631347656 0.0378303527832031 0.350433349609375 -0.181121826171875
-0.0565452575683594 -0.0209846496582031 0.447265625 0.131927490234375
-0.0320663452148437 -0.0762481689453125 0.27923583984375 0.215835571289062
0.0217742919921875 -0.0978164672851563 0.19207763671875 -0.00102233886718751
0.0226001739501953 -0.0309982299804688 -0.16973876953125 0.00180053710937497
0.00189971923828124 -0.0511474609375 -0.245651245117188 -0.249465942382812
-0.035125732421875 -0.0290069580078125 -0.429931640625 -0.152191162109375
-0.0462760925292969 0.0119972229003906 -0.43505859375 0.139068603515625
-0.03424072265625 0.0414352416992188 -0.169036865234375 0.296234130859375
0.00238418579101562 0.0532341003417969 0.09588623046875 0.25506591796875
0.0494346618652344 0.0379180908203125 0.20086669921875 0.0979766845703125
0.0509910583496094 0.0223922729492188 0.150543212890625 -0.0304718017578125
0.0522270202636719 0.0210227966308594 0.093109130859375 -0.111846923828125
0.0486984252929688 0.0262222290039063 0.104583740234375 -0.15838623046875
0.0348472595214844 0.0378799438476562 0.14044189453125 -0.193252563476562
0.019622802734375 0.0506248474121094 0.258834838867188 -0.16058349609375
-0.0273284912109375 0.0518150329589844 0.455963134765625 0.0126953125
-0.0414772033691406 0.0185089111328125 0.4700927734375 0.2431640625
-0.0235958099365234 -0.0125064849853516 0.252685546875 0.379913330078125
0.038116455078125 -0.139976501464844 -0.159027099609375 -0.02587890625
-0.018035888671875 -0.141250610351563 -0.232086181640625 -0.285614013671875
-0.102455139160156 -0.0799484252929688 -0.4241943359375 -0.18646240234375
-0.116622924804688 0.03033447265625 -0.434600830078125 0.10528564453125
-0.0580215454101563 0.0978469848632813 -0.182571411132812 0.263076782226563
0.0341110229492188 0.107902526855469 0.07147216796875 0.228363037109375
0.100227355957031 0.059661865234375 0.171493530273438 0.083587646484375
0.0999679565429688 0.0355758666992188 0.122970581054688 -0.037811279296875
0.108291625976563 0.0335235595703125 0.0622940063476562 -0.118637084960937
0.102729797363281 0.0498580932617187 0.0786285400390625 -0.173538208007813
0.0678176879882813 0.0856475830078125 0.113113403320313 -0.215850830078125
0.0215988159179688 0.108161926269531 0.241455078125 -0.191299438476563
-0.0822677612304688 0.08831787109375 0.457305908203125 -0.02392578125
-0.124183654785156 0.000984191894531237 0.471405029296875 0.2203369140625
-0.0770797729492188 -0.0885848999023437 0.254058837890625 0.367828369140625
0.0342864990234375 -0.227310180664063 -0.138938903808594 -0.08697509765625
-0.05511474609375 -0.206573486328125 -0.224853515625 -0.3270263671875
-0.165115356445312 -0.0991058349609375 -0.418670654296875 -0.199798583984375
-0.16400146484375 0.06072998046875 -0.4154052734375 0.083709716796875
-0.0663909912109375 0.144515991210937 -0.182830810546875 0.221649169921875
0.0653076171875 0.14471435546875 0.0408477783203125 0.191085815429688
0.138648986816406 0.0708999633789063 0.125068664550781 0.065826416015625
0.134986877441406 0.043975830078125 0.07733154296875 -0.0377883911132813
0.15142822265625 0.0427093505859375 0.0183258056640625 -0.11785888671875
0.144668579101563 0.06988525390625 0.04327392578125 -0.1864013671875
0.09063720703125 0.127891540527344 0.08544921875 -0.239883422851563
0.0160980224609375 0.1568603515625 0.234283447265625 -0.215362548828125
-0.137054443359375 0.111579895019531 0.4605712890625 -0.039459228515625
-0.192977905273438 -0.0250091552734375 0.4490966796875 0.213897705078125
-0.115066528320313 -0.161666870117188 0.23126220703125 0.3319091796875
0.00457763671875001 -0.273956298828125 -0.122802734375 -0.166015625
-0.110595703125 -0.221694946289062 -0.236175537109375 -0.36553955078125
-0.209518432617188 -0.0714874267578125 -0.41656494140625 -0.19696044921875
-0.1728515625 0.10150146484375 -0.39117431640625 0.070831298828125
-0.046112060546875 0.170135498046875 -0.180465698242188 0.180999755859375
0.09521484375 0.149871826171875 0.00437927246093749 0.15179443359375
0.157562255859375 0.06451416015625 0.0684814453125 0.0514907836914063
0.152084350585938 0.042724609375 0.0210685729980469 -0.0343265533447266
0.173934936523438 0.0458984375 -0.035003662109375 -0.114898681640625
0.162750244140625 0.0866241455078125 0.00125122070312503 -0.200607299804688
0.0926513671875 0.159042358398438 0.0627899169921875 -0.266098022460938
-0.00523376464843751 0.185791015625 0.238052368164063 -0.23419189453125
-0.186126708984375 0.104507446289063 0.462371826171875 -0.027313232421875
-0.232376098632812 -0.068115234375 0.40960693359375 0.2205810546875
-0.12060546875 -0.22186279296875 0.197189331054688 0.275543212890625
-0.033935546875 -0.27154541015625 -0.130828857421875 -0.249176025390625
-0.153793334960938 -0.188934326171875 -0.27142333984375 -0.3853759765625
-0.211380004882813 -0.0183563232421875 -0.421783447265625 -0.17169189453125
-0.140609741210938 0.128204345703125 -0.367156982421875 0.0656433105468751
-0.0123748779296875 0.164657592773438 -0.183380126953125 0.149444580078125
0.112113952636719 0.126655578613281 -0.0357284545898437 0.125862121582031
0.154251098632812 0.048004150390625 0.00991439819335938 0.0477294921875
0.147903442382813 0.03466796875 -0.036651611328125 -0.0253067016601563
0.172088623046875 0.0452728271484375 -0.0877227783203125 -0.113235473632813
0.1551513671875 0.0970916748046875 -0.0378265380859375 -0.217605590820313
0.07135009765625 0.171493530273438 0.053619384765625 -0.292022705078125
-0.0392303466796875 0.18328857421875 0.254714965820313 -0.241470336914063
-0.212371826171875 0.0626678466796875 0.461334228515625 0.001068115234375
-0.225112915039063 -0.122161865234375 0.3570556640625 0.2255859375
-0.09075927734375 -0.257400512695313 0.165435791015625 0.196395874023437
-0.0596160888671875 -0.225494384765625 -0.163421630859375 -0.31707763671875
-0.158447265625 -0.131576538085937 -0.32452392578125 -0.3780517578125
-0.16949462890625 0.025177001953125 -0.425506591796875 -0.126220703125
-0.087432861328125 0.121109008789063 -0.34881591796875 0.0741577148437499
0.0149078369140625 0.126998901367188 -0.187454223632813 0.135711669921875
0.104141235351562 0.085357666015625 -0.07147216796875 0.118026733398437
0.127410888671875 0.0259780883789062 -0.0401573181152344 0.0562095642089844
0.123672485351563 0.02008056640625 -0.0869827270507812 -0.01275634765625
0.145355224609375 0.036041259765625 -0.134269714355469 -0.115226745605469
0.123527526855469 0.0900955200195312 -0.0673980712890625 -0.240219116210938
0.0388641357421875 0.153091430664063 0.061004638671875 -0.316925048828125
-0.0651092529296875 0.145492553710938 0.28338623046875 -0.233978271484375
-0.195083618164063 0.00398254394531251 0.456298828125 0.043243408203125
-0.17041015625 -0.157730102539063 0.30859375 0.22015380859375
-0.038970947265625 -0.249862670898438 0.154769897460938 0.110382080078125
-0.05609130859375 -0.150390625 -0.208465576171875 -0.360809326171875
-0.11993408203125 -0.0780105590820313 -0.379180908203125 -0.345916748046875
-0.103485107421875 0.0357513427734375 -0.424102783203125 -0.0702514648437499
-0.0416946411132812 0.081756591796875 -0.331573486328125 0.096466064453125
0.0207748413085937 0.0718307495117188 -0.186553955078125 0.1405029296875
0.0706253051757813 0.0408782958984375 -0.0928573608398438 0.1259765625
0.0815887451171875 0.00618743896484375 -0.0742874145507813 0.0738143920898437
0.0816192626953125 0.0013275146484375 -0.123283386230469 0.00274658203124997
0.098236083984375 0.017730712890625 -0.166458129882813 -0.119064331054688
0.0794677734375 0.0600509643554688 -0.081298828125 -0.261978149414063
0.0152587890625 0.103286743164062 0.088226318359375 -0.330657958984375
-0.0587234497070313 0.0874786376953125 0.322357177734375 -0.212432861328125
-0.13421630859375 -0.033294677734375 0.451568603515625 0.089996337890625
-0.0927886962890625 -0.144805908203125 0.281829833984375 0.212249755859375
0.00659179687499999 -0.194900512695312 0.169296264648438 0.0357666015625
-0.0227432250976562 -0.0643577575683594 -0.24713134765625 -0.3802490234375
-0.0508499145507813 -0.0467262268066406 -0.41998291015625 -0.3021240234375
-0.0367469787597656 0.0117454528808594 -0.418487548828125 -0.00888061523437496
-0.0158061981201172 0.0206012725830078 -0.3104248046875 0.128692626953125
0.00207328796386719 0.0142583847045898 -0.171401977539063 0.156417846679687
0.0162801742553711 0.00435066223144531 -0.0935440063476563 0.140251159667969
0.0222969055175781 -0.007049560546875 -0.0873870849609375 0.0922012329101562
0.0289974212646484 -0.0179653167724609 -0.140518188476563 0.0167922973632812
0.0383338928222656 -0.00930404663085938 -0.178253173828125 -0.121124267578125
0.0365791320800781 0.00809478759765625 -0.07940673828125 -0.275192260742187
0.0132255554199219 0.0368804931640625 0.121490478515625 -0.325836181640625
-0.0148353576660156 0.0372390747070313 0.355438232421875 -0.17724609375
-0.0553741455078125 -0.0217437744140625 0.44439697265625 0.13934326171875
-0.0323486328125 -0.0762405395507812 0.27386474609375 0.215911865234375
0.0239334106445313 -0.100425720214844 0.194976806640625 -0.00769042968750001
0.0229606628417969 -0.0326328277587891 -0.17633056640625 0.013946533203125
-0.00140380859375 -0.0528068542480469 -0.245941162109375 -0.250030517578125
-0.040679931640625 -0.0324592590332031 -0.43841552734375 -0.16021728515625
-0.0518035888671875 0.0125579833984375 -0.448974609375 0.144500732421875
-0.036468505859375 0.0464057922363281 -0.171905517578125 0.30950927734375
0.00555038452148438 0.0587158203125 0.106231689453125 0.262710571289063
0.0535888671875 0.0383148193359375 0.216201782226563 0.0953826904296875
0.0539436340332031 0.0200347900390625 0.162460327148438 -0.0364227294921875
0.0561981201171875 0.0186614990234375 0.101066589355469 -0.115966796875
0.0532379150390625 0.0257110595703125 0.110321044921875 -0.159347534179688
0.0389022827148437 0.0387992858886719 0.143417358398438 -0.192535400390625
0.0237007141113281 0.0529365539550781 0.260543823242187 -0.162185668945313
-0.0255966186523438 0.0580596923828125 0.465606689453125 0.001922607421875
-0.0454978942871094 0.0229988098144531 0.494110107421875 0.235137939453125
-0.0288677215576172 -0.0120964050292969 0.28314208984375 0.392852783203125
0.0352935791015625 -0.147308349609375 -0.166229248046875 -0.015716552734375
-0.0241546630859375 -0.147445678710938 -0.236175537109375 -0.2874755859375
-0.112884521484375 -0.0850448608398438 -0.4320068359375 -0.19354248046875
-0.126060485839844 0.0344085693359375 -0.448150634765625 0.111907958984375
-0.0612411499023438 0.108535766601562 -0.185745239257813 0.275253295898438
0.041534423828125 0.117996215820313 0.07904052734375 0.235580444335938
0.110069274902344 0.06109619140625 0.184783935546875 0.0804443359375
0.107650756835938 0.033447265625 0.132545471191406 -0.0433578491210938
0.118461608886719 0.0302963256835937 0.0689926147460938 -0.122085571289063
0.113426208496094 0.050079345703125 0.0829620361328125 -0.17523193359375
0.0754013061523438 0.0911788940429688 0.114044189453125 -0.217315673828125
0.0252456665039062 0.11676025390625 0.242874145507812 -0.193145751953125
-0.0862960815429687 0.0974960327148438 0.46795654296875 -0.03521728515625
-0.134536743164063 0.00658416748046875 0.49517822265625 0.21282958984375
-0.0881729125976563 -0.091827392578125 0.283447265625 0.378387451171875
0.029571533203125 -0.238922119140625 -0.14849853515625 -0.0826568603515625
-0.0641021728515625 -0.214950561523437 -0.23077392578125 -0.331634521484375
-0.18023681640625 -0.104598999023437 -0.4281005859375 -0.20819091796875
-0.178329467773438 0.067657470703125 -0.426055908203125 0.0903625488281251
-0.0697784423828125 0.158767700195313 -0.186447143554688 0.2315673828125
0.076446533203125 0.156768798828125 0.0453948974609375 0.196121215820312
0.152786254882813 0.0727386474609375 0.134124755859375 0.0644073486328125
0.146453857421875 0.04156494140625 0.0836563110351563 -0.0419464111328125
0.166305541992188 0.0393218994140625 0.0215301513671875 -0.118492126464844
0.159423828125 0.0726470947265625 0.04339599609375 -0.188186645507813
0.101066589355469 0.13726806640625 0.0847015380859375 -0.242507934570313
0.0191192626953125 0.169448852539063 0.235122680664063 -0.219940185546875
-0.145462036132813 0.122833251953125 0.470672607421875 -0.050079345703125
-0.209274291992188 -0.0194244384765625 0.469390869140625 0.211273193359375
-0.129318237304688 -0.168060302734375 0.258544921875 0.3416748046875
-0.00213623046875003 -0.287841796875 -0.136306762695313 -0.16656494140625
-0.12188720703125 -0.230499267578125 -0.24737548828125 -0.372833251953125
-0.226821899414063 -0.0744171142578125 -0.42950439453125 -0.201568603515625
-0.185867309570313 0.112457275390625 -0.400177001953125 0.0760192871093751
-0.0481719970703125 0.186355590820313 -0.183700561523438 0.187454223632812
0.108856201171875 0.1624755859375 0.00630187988281252 0.155731201171875
0.173370361328125 0.0665130615234375 0.0723342895507813 0.0501785278320313
0.165267944335938 0.0413360595703125 0.0226554870605469 -0.0361862182617188
0.191162109375 0.043701171875 -0.0362167358398437 -0.114105224609375
0.1796875 0.0912017822265625 -0.00241088867187501 -0.20294189453125
0.102813720703125 0.172119140625 0.059173583984375 -0.271377563476563
-0.00398254394531249 0.201171875 0.239486694335938 -0.240676879882813
-0.198486328125 0.116119384765625 0.474853515625 -0.036224365234375
-0.251388549804688 -0.0650634765625 0.426910400390625 0.220184326171875
-0.136428833007813 -0.231964111328125 0.218154907226563 0.281082153320313
-0.041748046875 -0.284637451171875 -0.148971557617187 -0.254547119140625
-0.166122436523438 -0.196990966796875 -0.28875732421875 -0.3934326171875
-0.227508544921875 -0.018707275390625 -0.4339599609375 -0.174163818359375
-0.151992797851562 0.139923095703125 -0.376495361328125 0.070648193359375
-0.0120697021484375 0.180511474609375 -0.187286376953125 0.153701782226563
0.126518249511719 0.137901306152344 -0.03741455078125 0.128211975097656
0.169754028320313 0.04913330078125 0.00860977172851563 0.0469741821289063
0.1611328125 0.0336761474609375 -0.0387916564941406 -0.0245437622070312
0.1885986328125 0.0431671142578125 -0.0941696166992187 -0.110916137695313
0.171401977539063 0.102813720703125 -0.046051025390625 -0.220458984375
0.0799713134765625 0.18597412109375 0.046905517578125 -0.300567626953125
-0.040802001953125 0.19830322265625 0.256546020507813 -0.249649047851563
-0.22613525390625 0.07086181640625 0.4747314453125 -0.004608154296875
-0.243408203125 -0.123016357421875 0.3699951171875 0.226165771484375
-0.104461669921875 -0.269363403320313 0.1805419921875 0.19830322265625
-0.06573486328125 -0.235336303710938 -0.18756103515625 -0.32611083984375
-0.169235229492188 -0.137039184570312 -0.3458251953125 -0.38409423828125
-0.182159423828125 0.025604248046875 -0.43817138671875 -0.125396728515625
-0.0961685180664063 0.13232421875 -0.35516357421875 0.0788269042968751
0.0162734985351562 0.139976501464844 -0.192276000976563 0.138687133789063
0.117279052734375 0.09442138671875 -0.0753631591796875 0.119758605957031
0.139846801757813 0.0264358520507813 -0.0455589294433594 0.0568695068359375
0.133979797363281 0.0188140869140625 -0.0933380126953125 -0.0104751586914062
0.158493041992188 0.0352630615234375 -0.1453857421875 -0.112960815429688
0.136558532714844 0.0957489013671875 -0.079010009765625 -0.244186401367187
0.044219970703125 0.166244506835938 0.054901123046875 -0.3272705078125
-0.068634033203125 0.156524658203125 0.28924560546875 -0.244781494140625
-0.207733154296875 0.00755310058593747 0.470123291015625 0.041412353515625
-0.184341430664062 -0.161636352539062 0.318115234375 0.222564697265625
-0.0487060546875 -0.263534545898438 0.16448974609375 0.106842041015625
-0.0586395263671875 -0.156509399414063 -0.236541748046875 -0.371795654296875
-0.127830505371094 -0.0819854736328125 -0.403411865234375 -0.349700927734375
-0.112266540527344 0.0357284545898438 -0.435546875 -0.06561279296875
-0.0475311279296875 0.089691162109375 -0.336181640625 0.101348876953125
0.0211029052734375 0.0811614990234375 -0.191452026367187 0.142349243164063
0.0804519653320312 0.0474700927734375 -0.0988388061523438 0.128379821777344
0.0899810791015625 0.0066375732421875 -0.08245849609375 0.0753173828125
0.08795166015625 0.0002899169921875 -0.132514953613281 0.00704193115234374
0.106681823730469 0.0170059204101563 -0.180068969726563 -0.116546630859375
0.0877456665039063 0.0643768310546875 -0.0950469970703125 -0.268157958984375
0.0167922973632812 0.112312316894531 0.082763671875 -0.344024658203125
-0.0621795654296875 0.0930633544921875 0.329254150390625 -0.220428466796875
-0.142105102539063 -0.0340118408203125 0.46563720703125 0.091339111328125
-0.101287841796875 -0.14910888671875 0.285614013671875 0.214447021484375
0.00257873535156248 -0.204971313476563 0.175918579101563 0.027740478515625
-0.0200653076171875 -0.066497802734375 -0.27923583984375 -0.390106201171875
-0.0540084838867188 -0.0503997802734375 -0.44580078125 -0.30328369140625
-0.0406951904296875 0.00939941406249999 -0.427703857421875 -0.00329589843750009
-0.0205631256103516 0.0226497650146484 -0.313446044921875 0.1329345703125
0.000680923461914061 0.019134521484375 -0.176620483398438 0.157455444335937
0.0209808349609375 0.00860214233398437 -0.101028442382812 0.142593383789063
0.0251636505126953 -0.00618362426757813 -0.0976028442382813 0.0943984985351563
0.0306472778320313 -0.0187492370605469 -0.150955200195313 0.021087646484375
0.0409965515136719 -0.0106697082519531 -0.193191528320313 -0.119415283203125
0.0387840270996094 0.0097198486328125 -0.0933837890625 -0.283203125
0.0138893127441406 0.0394668579101563 0.119354248046875 -0.33935546875
-0.0156059265136719 0.0377273559570312 0.3653564453125 -0.185882568359375
-0.0568618774414063 -0.0221405029296875 0.45721435546875 0.14312744140625
-0.034698486328125 -0.0781173706054688 0.277313232421875 0.219100952148438
0.0242919921875 -0.105339050292969 0.201492309570313 -0.020263671875
0.0230026245117188 -0.0357551574707031 -0.181045532226563 0.032806396484375
-0.0062255859375 -0.0548744201660156 -0.254379272460938 -0.245651245117188
-0.0483779907226563 -0.0342254638671875 -0.453887939453125 -0.15557861328125
-0.0573806762695313 0.0152091979980469 -0.457550048828125 0.165435791015625
-0.0372810363769531 0.0536994934082031 -0.165069580078125 0.33056640625
0.0120620727539062 0.064178466796875 0.125213623046875 0.267929077148438
0.0604591369628906 0.0368118286132813 0.236282348632812 0.084625244140625
0.0574188232421875 0.0159492492675781 0.17462158203125 -0.04925537109375
0.0601043701171875 0.0136146545410156 0.107757568359375 -0.123733520507813
0.0588531494140625 0.0219383239746094 0.113906860351563 -0.16436767578125
0.0443305969238281 0.0388679504394531 0.14276123046875 -0.197738647460938
0.0298728942871094 0.0549125671386719 0.258956909179688 -0.17108154296875
-0.0214767456054688 0.0650978088378906 0.47528076171875 -0.022613525390625
-0.0491600036621094 0.0298500061035156 0.525543212890625 0.214385986328125
-0.0365753173828125 -0.0105018615722656 0.330322265625 0.395355224609375
0.0282440185546875 -0.156951904296875 -0.17291259765625 0.000152587890624996
-0.0351715087890625 -0.152557373046875 -0.24639892578125 -0.282928466796875
-0.126976013183594 -0.0860443115234375 -0.44781494140625 -0.190216064453125
-0.137046813964844 0.0438385009765625 -0.45733642578125 0.132232666015625
-0.0608062744140625 0.122665405273437 -0.18121337890625 0.29443359375
0.0550689697265625 0.126182556152344 0.0958251953125 0.240676879882813
0.1240234375 0.0583572387695312 0.201034545898437 0.0717010498046875
0.116737365722656 0.0276641845703125 0.141891479492188 -0.0540771484375
0.129646301269531 0.0230789184570313 0.07293701171875 -0.127975463867188
0.126388549804688 0.0464248657226563 0.0842132568359375 -0.179641723632813
0.0873947143554688 0.0943984985351563 0.110305786132813 -0.221923828125
0.03363037109375 0.1243896484375 0.239776611328125 -0.20220947265625
-0.0864181518554687 0.110649108886719 0.475311279296875 -0.059600830078125
-0.145126342773438 0.01690673828125 0.523040771484375 0.193511962890625
-0.103164672851562 -0.0926437377929688 0.328887939453125 0.38092041015625
0.016326904296875 -0.253402709960938 -0.160552978515625 -0.0702667236328125
-0.0796356201171875 -0.2215576171875 -0.24713134765625 -0.3297119140625
-0.199966430664063 -0.102584838867187 -0.44549560546875 -0.203338623046875
-0.190689086914063 0.0821685791015625 -0.435516357421875 0.108184814453125
-0.0674285888671875 0.177749633789063 -0.183212280273437 0.247879028320313
0.0949859619140625 0.16705322265625 0.0574951171875 0.201248168945313
0.170272827148438 0.0692901611328125 0.14501953125 0.057464599609375
0.16058349609375 0.0343170166015625 0.0896530151367188 -0.0490646362304687
0.183731079101563 0.030487060546875 0.0220565795898438 -0.121047973632813
0.178665161132813 0.068634033203125 0.0406646728515625 -0.191177368164063
0.11767578125 0.144775390625 0.07659912109375 -0.248199462890625
0.028045654296875 0.182876586914062 0.230224609375 -0.230926513671875
-0.149246215820313 0.141143798828125 0.47943115234375 -0.073577880859375
-0.226181030273437 -0.00660705566406247 0.498626708984375 0.19183349609375
-0.150863647460938 -0.171005249023437 0.297821044921875 0.34173583984375
-0.01947021484375 -0.3031005859375 -0.154861450195313 -0.161300659179688
-0.141525268554688 -0.236572265625 -0.26910400390625 -0.371368408203125
-0.248031616210937 -0.0689544677734375 -0.44830322265625 -0.193939208984375
-0.197250366210938 0.131179809570313 -0.408233642578125 0.0929260253906251
-0.0428314208984375 0.20703125 -0.182220458984375 0.201263427734375
0.130767822265625 0.17156982421875 0.01318359375 0.160247802734375
0.193939208984375 0.0621185302734375 0.0776443481445313 0.0457229614257813
0.181442260742188 0.0341644287109375 0.0240592956542969 -0.0387535095214844
0.211334228515625 0.03375244140625 -0.0400848388671875 -0.11236572265625
0.202438354492188 0.0887603759765625 -0.0108184814453125 -0.204483032226563
0.121383666992188 0.18267822265625 0.0466766357421875 -0.277984619140625
0.00436401367187498 0.218185424804688 0.234710693359375 -0.25384521484375
-0.206924438476562 0.135894775390625 0.48626708984375 -0.060546875
-0.27325439453125 -0.05279541015625 0.453369140625 0.20648193359375
-0.161788940429688 -0.238296508789062 0.249984741210938 0.280914306640625
-0.05914306640625 -0.297760009765625 -0.176162719726563 -0.254486083984375
-0.185226440429688 -0.20037841796875 -0.319000244140625 -0.3919677734375
-0.24676513671875 -0.01116943359375 -0.453948974609375 -0.165130615234375
-0.160308837890625 0.159759521484375 -0.381072998046875 0.085052490234375
-0.00483703613281249 0.199066162109375 -0.187423706054688 0.163848876953125
0.14892578125 0.144882202148437 -0.035064697265625 0.132614135742188
0.189422607421875 0.0442352294921875 0.00855255126953126 0.0462608337402344
0.176727294921875 0.0269622802734375 -0.042694091796875 -0.0234184265136719
0.208877563476562 0.0358428955078125 -0.103660583496094 -0.105621337890625
0.193527221679688 0.1019287109375 -0.0600433349609375 -0.2215576171875
0.0968780517578125 0.199005126953125 0.031097412109375 -0.30975341796875
-0.0359954833984375 0.216552734375 0.2530517578125 -0.265533447265625
-0.239288330078125 0.08770751953125 0.48883056640625 -0.024169921875
-0.267898559570313 -0.115142822265625 0.39007568359375 0.217193603515625
-0.128662109375 -0.279861450195313 0.202545166015625 0.195205688476562
-0.0791473388671875 -0.245254516601563 -0.22283935546875 -0.32904052734375
-0.1856689453125 -0.138092041015625 -0.3814697265625 -0.378570556640625
-0.19659423828125 0.033050537109375 -0.4547119140625 -0.11248779296875
-0.101699829101563 0.14849853515625 -0.35986328125 0.093292236328125
0.0229644775390625 0.15484619140625 -0.193511962890625 0.146743774414063
0.13629150390625 0.0989456176757813 -0.0767364501953125 0.124443054199219
0.156600952148437 0.021881103515625 -0.0510101318359375 0.0588150024414062
0.146469116210938 0.013671875 -0.100997924804688 -0.00450134277343752
0.175308227539063 0.02923583984375 -0.159423828125 -0.10516357421875
0.154495239257813 0.096954345703125 -0.0981903076171875 -0.246490478515625
0.05682373046875 0.179092407226563 0.0382080078125 -0.3404541015625
-0.0682525634765625 0.171218872070313 0.288543701171875 -0.2626953125
-0.22174072265625 0.01885986328125 0.4864501953125 0.024078369140625
-0.205490112304688 -0.159515380859375 0.332672119140625 0.217071533203125
-0.0674591064453125 -0.276351928710938 0.177215576171875 0.0985260009765625
-0.0659942626953125 -0.163131713867188 -0.279083251953125 -0.375152587890625
-0.138938903808594 -0.0830230712890625 -0.440673828125 -0.33880615234375
-0.121955871582031 0.0401611328125 -0.4483642578125 -0.0485534667968749
-0.0509796142578125 0.0992965698242188 -0.3380126953125 0.11395263671875
0.025421142578125 0.0912628173828125 -0.192962646484375 0.149749755859375
0.0928268432617188 0.0509872436523438 -0.102798461914062 0.134262084960938
0.100204467773438 0.003875732421875 -0.0901947021484375 0.0813980102539062
0.0954132080078125 -0.00354766845703125 -0.143051147460938 0.0158843994140625
0.117118835449219 0.0130615234375 -0.198806762695313 -0.107559204101562
0.0987319946289062 0.0662384033203125 -0.11737060546875 -0.270355224609375
0.0236968994140625 0.121879577636719 0.066864013671875 -0.35968017578125
-0.0628433227539063 0.100822448730469 0.33148193359375 -0.24114990234375
-0.15167236328125 -0.0290679931640625 0.482635498046875 0.080047607421875
-0.114944458007813 -0.150009155273438 0.2965087890625 0.211090087890625
-0.00872802734375001 -0.216995239257813 0.183349609375 0.01348876953125
-0.0183181762695312 -0.0702781677246094 -0.325042724609375 -0.394378662109375
-0.0596122741699219 -0.0528984069824219 -0.4825439453125 -0.289764404296875
-0.046295166015625 0.00873565673828126 -0.436492919921875 0.01434326171875
-0.0249252319335938 0.0264663696289062 -0.314208984375 0.144378662109375
-0.000600814819335936 0.0235652923583984 -0.178085327148438 0.16357421875
0.0267238616943359 0.0123958587646484 -0.106246948242188 0.148025512695313
0.0295467376708984 -0.00647735595703125 -0.106147766113281 0.102470397949219
0.0308971405029297 -0.0206699371337891 -0.16339111328125 0.03106689453125
0.0430335998535156 -0.012054443359375 -0.214218139648438 -0.11004638671875
0.0421104431152344 0.0101051330566406 -0.117431640625 -0.2869873046875
0.0161399841308594 0.0417594909667969 0.105499267578125 -0.358062744140625
-0.0145645141601562 0.0386390686035156 0.37054443359375 -0.204681396484375
-0.059051513671875 -0.021148681640625 0.473541259765625 0.13330078125
-0.039154052734375 -0.0779647827148438 0.284210205078125 0.21258544921875
0.0206375122070313 -0.112297058105469 0.206253051757813 -0.038909912109375
0.021759033203125 -0.0392875671386719 -0.178848266601562 0.0562744140625
-0.0120697021484375 -0.053955078125 -0.259231567382813 -0.230133056640625
-0.0560684204101563 -0.0331153869628906 -0.463714599609375 -0.140045166015625
-0.06201171875 0.0206108093261719 -0.45477294921875 0.19317626953125
-0.0343666076660156 0.0617637634277344 -0.147003173828125 0.34808349609375
0.0208244323730469 0.067413330078125 0.14874267578125 0.263824462890625
0.0675048828125 0.0319175720214844 0.253173828125 0.0651397705078125
0.0595474243164063 0.01055908203125 0.182403564453125 -0.066986083984375
0.062408447265625 0.00645828247070312 0.111373901367187 -0.133773803710938
0.0640640258789063 0.0168876647949219 0.114501953125 -0.170074462890625
0.0505447387695313 0.0354270935058594 0.136749267578125 -0.199630737304688
0.0366630554199219 0.0547752380371094 0.249526977539063 -0.179336547851563
-0.0149612426757813 0.0712051391601563 0.47161865234375 -0.05462646484375
-0.050933837890625 0.0382843017578125 0.547210693359375 0.17547607421875
-0.0433311462402344 -0.00551986694335937 0.37933349609375 0.38134765625
0.0167694091796875 -0.164535522460938 -0.1748046875 0.02191162109375
-0.04803466796875 -0.15277099609375 -0.255218505859375 -0.268829345703125
-0.142593383789063 -0.0816650390625 -0.459869384765625 -0.1746826171875
-0.143447875976563 0.056549072265625 -0.455902099609375 0.15814208984375
-0.0551528930664062 0.13677978515625 -0.16448974609375 0.310882568359375
0.0721282958984375 0.129348754882813 0.115203857421875 0.238204956054687
0.137626647949219 0.0500259399414062 0.214508056640625 0.0544891357421875
0.124565124511719 0.0184402465820312 0.147903442382813 -0.068115234375
0.139083862304687 0.0111846923828125 0.07427978515625 -0.134323120117188
0.139427185058594 0.036834716796875 0.082122802734375 -0.182632446289062
0.100143432617188 0.0935821533203125 0.10052490234375 -0.223037719726562
0.0453567504882812 0.129997253417969 0.22802734375 -0.210723876953125
-0.0817031860351562 0.123649597167969 0.47021484375 -0.09173583984375
-0.152740478515625 0.032318115234375 0.544158935546875 0.154327392578125
-0.120353698730469 -0.086090087890625 0.37652587890625 0.3651123046875
-0.00299072265625 -0.261367797851563 -0.1697998046875 -0.0530548095703125
-0.1004638671875 -0.221282958984375 -0.263153076171875 -0.316314697265625
-0.218399047851563 -0.0947265625000001 -0.459136962890625 -0.18743896484375
-0.197174072265625 0.101898193359375 -0.435882568359375 0.133056640625
-0.0579986572265625 0.196182250976563 -0.168777465820313 0.2623291015625
0.119277954101562 0.170989990234375 0.0726318359375 0.20037841796875
0.188690185546875 0.0582733154296875 0.155258178710938 0.044769287109375
0.172683715820313 0.0227203369140625 0.0932388305664063 -0.0579452514648437
0.198410034179688 0.01519775390625 0.0218124389648438 -0.122512817382813
0.196807861328125 0.0572052001953125 0.0354766845703125 -0.19171142578125
0.13665771484375 0.145614624023438 0.0635833740234375 -0.247482299804688
0.0440216064453125 0.193130493164062 0.217941284179687 -0.240081787109375
-0.147430419921875 0.160614013671875 0.475677490234375 -0.10516357421875
-0.239044189453125 0.013336181640625 0.51806640625 0.159942626953125
-0.175308227539063 -0.1656494140625 0.340087890625 0.32684326171875
-0.043304443359375 -0.311187744140625 -0.17291259765625 -0.147842407226563
-0.164566040039063 -0.2330322265625 -0.293365478515625 -0.357513427734375
-0.266998291015625 -0.0570220947265625 -0.462066650390625 -0.17462158203125
-0.201217651367187 0.154556274414063 -0.40655517578125 0.11578369140625
-0.0293731689453125 0.226043701171875 -0.171356201171875 0.213470458984375
0.1572265625 0.172714233398438 0.0237884521484375 0.160186767578125
0.214492797851563 0.0498046875 0.08184814453125 0.0392913818359375
0.195968627929688 0.021240234375 0.0244522094726563 -0.0424041748046875
0.229248046875 0.0172576904296875 -0.0442581176757812 -0.10809326171875
0.224365234375 0.0773162841796875 -0.0218048095703125 -0.201797485351562
0.144073486328125 0.187149047851563 0.0288848876953125 -0.2789306640625
0.019378662109375 0.232498168945313 0.220062255859375 -0.265762329101563
-0.207763671875 0.158294677734375 0.484039306640625 -0.0911865234375
-0.291534423828125 -0.032470703125 0.471038818359375 0.17822265625
-0.190231323242188 -0.234649658203125 0.28363037109375 0.26751708984375
-0.08184814453125 -0.303375244140625 -0.205902099609375 -0.243209838867188
-0.206893920898437 -0.193878173828125 -0.348663330078125 -0.372894287109375
-0.261947631835938 0.003265380859375 -0.466522216796875 -0.141265869140625
-0.16119384765625 0.18206787109375 -0.378753662109375 0.106903076171875
0.00924682617187498 0.215652465820312 -0.178604125976563 0.17462158203125
0.17413330078125 0.1444091796875 -0.0290451049804687 0.133743286132813
0.207778930664063 0.0316162109375 0.00833129882812501 0.0450553894042969
0.190811157226563 0.015106201171875 -0.04595947265625 -0.0198326110839844
0.226058959960938 0.020263671875 -0.112396240234375 -0.0949554443359375
0.216110229492188 0.093048095703125 -0.0758514404296875 -0.216766357421875
0.119171142578125 0.207077026367188 0.007537841796875 -0.3114013671875
-0.0237274169921875 0.2333984375 0.238540649414062 -0.280471801757813
-0.246047973632813 0.110702514648438 0.49285888671875 -0.05401611328125
-0.288543701171875 -0.09716796875 0.407440185546875 0.196319580078125
-0.15802001953125 -0.280303955078125 0.224594116210937 0.181655883789062
-0.0986328125 -0.248504638671875 -0.26116943359375 -0.315673828125
-0.2032470703125 -0.131759643554687 -0.414642333984375 -0.35479736328125
-0.207275390625 0.04559326171875 -0.464813232421875 -0.0867919921875
-0.101089477539062 0.166183471679688 -0.354827880859375 0.111053466796875
0.0358123779296875 0.16766357421875 -0.187576293945312 0.155731201171875
0.157546997070313 0.097076416015625 -0.0749359130859375 0.128547668457031
0.171905517578125 0.011627197265625 -0.0540313720703125 0.0633392333984375
0.157119750976563 0.0037078857421875 -0.107200622558594 0.00433349609375002
0.1903076171875 0.0171966552734375 -0.172470092773437 -0.0901031494140625
0.173934936523437 0.091461181640625 -0.1195068359375 -0.238815307617188
0.0737762451171875 0.18804931640625 0.012298583984375 -0.345550537109375
-0.0615081787109375 0.185562133789063 0.273834228515625 -0.280715942382813
-0.231033325195312 0.0350189208984375 0.492523193359375 -9.15527343749978E-05
-0.226272583007813 -0.148452758789063 0.343414306640625 0.202301025390625
-0.092864990234375 -0.28070068359375 0.187347412109375 0.0834197998046875
-0.075897216796875 -0.164703369140625 -0.325775146484375 -0.361602783203125
-0.14996337890625 -0.07855224609375 -0.476165771484375 -0.3101806640625
-0.128173828125 0.0476760864257813 -0.453521728515625 -0.023101806640625
-0.0516204833984375 0.109947204589844 -0.331512451171875 0.127685546875
0.033355712890625 0.0988998413085938 -0.1885986328125 0.15692138671875
0.108436584472656 0.049224853515625 -0.102592468261719 0.139045715332031
0.111137390136719 -0.00208282470703125 -0.0951004028320313 0.0895462036132813
0.101219177246094 -0.00928497314453125 -0.150238037109375 0.02850341796875
0.126419067382813 0.00614166259765625 -0.215438842773437 -0.09033203125
0.111793518066406 0.0630645751953125 -0.142593383789062 -0.26434326171875
0.0333099365234375 0.128288269042969 0.041778564453125 -0.368072509765625
-0.0606307983398438 0.10992431640625 0.322662353515625 -0.262359619140625
-0.159683227539063 -0.0205230712890625 0.489715576171875 0.05804443359375
-0.130218505859375 -0.144317626953125 0.302978515625 0.196136474609375
-0.02642822265625 -0.223876953125 0.1849365234375 -0.00546264648437501
-0.0184249877929688 -0.07427978515625 -0.3753662109375 -0.37799072265625
-0.0651779174804688 -0.0532913208007813 -0.51629638671875 -0.2564697265625
-0.0507278442382813 0.00978469848632812 -0.43597412109375 0.0403442382812501
-0.0288486480712891 0.0312671661376953 -0.305633544921875 0.158905029296875
0.00150299072265625 0.0297203063964844 -0.1729736328125 0.170639038085938
0.0338134765625 0.0149345397949219 -0.106689453125 0.15386962890625
0.0344676971435547 -0.00834465026855469 -0.11138916015625 0.112747192382813
0.0310630798339844 -0.0226936340332031 -0.171524047851563 0.0463104248046875
0.0436935424804688 -0.0144615173339844 -0.232666015625 -0.093170166015625
0.0458793640136719 0.00942611694335938 -0.144256591796875 -0.281112670898438
0.0194168090820313 0.0444183349609375 0.081939697265625 -0.36895751953125
-0.0127143859863281 0.0386619567871094 0.3648681640625 -0.22723388671875
-0.0603408813476563 -0.0178794860839844 0.482269287109375 0.11517333984375
-0.0454559326171875 -0.0758590698242188 0.28851318359375 0.196807861328125
0.013885498046875 -0.117286682128906 0.203369140625 -0.062835693359375
0.0190773010253906 -0.0420722961425781 -0.170578002929688 0.0785064697265625
-0.0171737670898438 -0.0517807006835938 -0.253433227539063 -0.212310791015625
-0.0624771118164063 -0.0301971435546875 -0.460479736328125 -0.1282958984375
-0.0657272338867187 0.0257339477539063 -0.439453125 0.2113037109375
-0.0296821594238281 0.0691337585449219 -0.1253662109375 0.355010986328125
0.0289382934570312 0.0660896301269531 0.166427612304688 0.250732421875
0.07244873046875 0.02508544921875 0.262161254882813 0.0422821044921875
0.0593032836914062 0.00579452514648437 0.184356689453125 -0.0843963623046875
0.0631904602050781 0.000213623046875 0.112472534179688 -0.142959594726563
0.0662727355957031 0.00873565673828125 0.113632202148438 -0.169952392578125
0.0550537109375 0.0305137634277344 0.128875732421875 -0.19500732421875
0.0435371398925781 0.0531272888183594 0.235794067382813 -0.181304931640625
-0.00607299804687501 0.07421875 0.453216552734375 -0.0828857421875
-0.0512847900390625 0.0482368469238281 0.55169677734375 0.135833740234375
-0.0508537292480469 -0.000541687011718751 0.419189453125 0.350616455078125
0.00495910644531249 -0.167221069335938 -0.168319702148437 0.04315185546875
-0.0613555908203125 -0.146835327148438 -0.25494384765625 -0.249725341796875
-0.15460205078125 -0.0737762451171875 -0.457733154296875 -0.1607666015625
-0.14654541015625 0.068328857421875 -0.44219970703125 0.177215576171875
-0.0458831787109375 0.14862060546875 -0.1436767578125 0.318603515625
0.087371826171875 0.128707885742188 0.13165283203125 0.227630615234375
0.147674560546875 0.0395050048828125 0.22265625 0.0366973876953125
0.128196716308594 0.0074005126953125 0.148590087890625 -0.0838165283203125
0.144393920898438 -0.0030975341796875 0.0768890380859375 -0.140579223632813
0.148361206054688 0.024383544921875 0.0805816650390625 -0.182723999023438
0.112060546875 0.0883636474609375 0.0928955078125 -0.216384887695313
0.0565948486328125 0.13043212890625 0.213302612304688 -0.21124267578125
-0.0737762451171875 0.132904052734375 0.450714111328125 -0.1185302734375
-0.156906127929688 0.0486907958984375 0.54931640625 0.115875244140625
-0.133720397949219 -0.0772247314453125 0.41522216796875 0.336029052734375
-0.02166748046875 -0.2637939453125 -0.170669555664063 -0.032806396484375
-0.117843627929687 -0.213699340820313 -0.268890380859375 -0.293243408203125
-0.23388671875 -0.0828094482421875 -0.45684814453125 -0.1700439453125
-0.199951171875 0.121917724609375 -0.42095947265625 0.150726318359375
-0.0428466796875 0.211090087890625 -0.151565551757813 0.269790649414063
0.138259887695313 0.1669921875 0.0861663818359375 0.193740844726563
0.2027587890625 0.04296875 0.159255981445313 0.0304107666015625
0.181564331054688 0.0098876953125 0.0944595336914063 -0.0678482055664062
0.209182739257812 -0.0037841796875 0.0233154296875 -0.123214721679687
0.21142578125 0.04193115234375 0.0305328369140625 -0.190414428710937
0.155197143554688 0.144363403320313 0.0510406494140625 -0.241256713867188
0.06103515625 0.199462890625 0.1986083984375 -0.242111206054688
-0.139358520507813 0.175277709960938 0.457275390625 -0.130615234375
-0.24420166015625 0.03375244140625 0.524322509765625 0.123748779296875
-0.195785522460938 -0.152740478515625 0.37237548828125 0.29840087890625
-0.06536865234375 -0.309967041015625 -0.186141967773438 -0.127792358398438
-0.183670043945312 -0.222671508789063 -0.30450439453125 -0.331817626953125
-0.279403686523438 -0.04083251953125 -0.461212158203125 -0.153076171875
-0.198837280273438 0.174774169921875 -0.39459228515625 0.13128662109375
-0.01300048828125 0.239974975585938 -0.156097412109375 0.218338012695312
0.18072509765625 0.166305541992188 0.032012939453125 0.155776977539062
0.22906494140625 0.0323333740234375 0.0836029052734375 0.031097412109375
0.205902099609375 0.0066070556640625 0.0246772766113281 -0.0448341369628906
0.241683959960938 -0.0016937255859375 -0.0457687377929687 -0.101318359375
0.241302490234375 0.061553955078125 -0.028961181640625 -0.194564819335938
0.1656494140625 0.186477661132813 0.011444091796875 -0.270401000976563
0.0359954833984375 0.2415771484375 0.201614379882813 -0.266998291015625
-0.20257568359375 0.178421020507813 0.47021484375 -0.116241455078125
-0.301177978515625 -0.00714111328125001 0.47515869140625 0.147552490234375
-0.215194702148437 -0.222244262695313 0.3092041015625 0.244842529296875
-0.103790283203125 -0.30157470703125 -0.229141235351563 -0.22076416015625
-0.223068237304688 -0.18408203125 -0.367156982421875 -0.344146728515625
-0.272369384765625 0.0178070068359375 -0.4644775390625 -0.117218017578125
-0.157546997070312 0.201950073242188 -0.366607666015625 0.12176513671875
0.0260009765625 0.227371215820313 -0.167877197265625 0.177749633789063
0.196395874023438 0.136199951171875 -0.0228195190429687 0.132377624511719
0.222854614257813 0.015594482421875 0.00706481933593751 0.0428504943847656
0.200164794921875 0.000518798828125 -0.0467262268066406 -0.016326904296875
0.2396240234375 0.0020751953125 -0.116508483886719 -0.0809097290039063
0.234390258789062 0.079254150390625 -0.088653564453125 -0.20562744140625
0.14117431640625 0.209060668945312 -0.01190185546875 -0.304046630859375
-0.010284423828125 0.245819091796875 0.219970703125 -0.285552978515625
-0.246017456054688 0.130020141601563 0.481231689453125 -0.0780029296875
-0.3028564453125 -0.075653076171875 0.41046142578125 0.172576904296875
-0.185317993164063 -0.270965576171875 0.239288330078125 0.162933349609375
-0.11431884765625 -0.246627807617188 -0.2928466796875 -0.291229248046875
-0.214645385742187 -0.121017456054688 -0.433837890625 -0.3214111328125
-0.213104248046875 0.0578460693359375 -0.460205078125 -0.0615844726562499
-0.096771240234375 0.181716918945313 -0.340789794921875 0.12347412109375
0.0494842529296875 0.17535400390625 -0.178375244140625 0.157943725585937
0.176513671875 0.0897064208984375 -0.071746826171875 0.12994384765625
0.183197021484375 -0.0026397705078125 -0.0560836791992187 0.0673408508300781
0.165664672851563 -0.007415771484375 -0.109573364257813 0.0139083862304687
0.199432373046875 0.0029296875 -0.178741455078125 -0.0719757080078125
0.189163208007813 0.0819091796875 -0.136627197265625 -0.225418090820312
0.08966064453125 0.192459106445313 -0.01080322265625 -0.339324951171875
-0.0521392822265625 0.197128295898438 0.2572021484375 -0.289947509765625
-0.233474731445313 0.05181884765625 0.485107421875 -0.023162841796875
-0.241058349609375 -0.131439208984375 0.34423828125 0.185516357421875
-0.116348266601563 -0.27716064453125 0.192153930664063 0.0663909912109375
-0.08465576171875 -0.165252685546875 -0.361785888671875 -0.33355712890625
-0.15777587890625 -0.0735626220703125 -0.492584228515625 -0.269134521484375
-0.131332397460937 0.053497314453125 -0.443878173828125 0.000701904296874975
-0.0489425659179688 0.120437622070312 -0.31781005859375 0.138092041015625
0.0426712036132813 0.107620239257813 -0.181167602539062 0.158233642578125
0.12060546875 0.0450973510742188 -0.101043701171875 0.142181396484375
0.118278503417969 -0.0129241943359375 -0.098297119140625 0.0963592529296875
0.106208801269531 -0.0170822143554688 -0.153289794921875 0.043365478515625
0.132095336914063 -0.0029754638671875 -0.2254638671875 -0.0688018798828125
0.120841979980469 0.059051513671875 -0.162277221679688 -0.250274658203125
0.043426513671875 0.132156372070313 0.01629638671875 -0.367401123046875
-0.057952880859375 0.11566162109375 0.304351806640625 -0.27587890625
-0.162551879882812 -0.0101470947265625 0.486572265625 0.036376953125
-0.139816284179688 -0.135169982910156 0.298919677734375 0.18194580078125
-0.0439605712890625 -0.224166870117188 0.178924560546875 -0.0232391357421875
-0.0164871215820313 -0.0770721435546875 -0.4185791015625 -0.347320556640625
-0.0699577331542969 -0.0514678955078125 -0.530548095703125 -0.212371826171875
-0.0540199279785156 0.0120353698730469 -0.4224853515625 0.062347412109375
-0.03070068359375 0.0370254516601563 -0.288726806640625 0.16436767578125
0.00513076782226562 0.03778076171875 -0.165557861328125 0.170730590820313
0.0400772094726563 0.012451171875 -0.1077880859375 0.1585693359375
0.0382270812988281 -0.0108451843261719 -0.113792419433594 0.121513366699219
0.0309410095214844 -0.0221385955810547 -0.17303466796875 0.0610198974609375
0.0454177856445313 -0.0169944763183594 -0.2435302734375 -0.0719757080078125
0.0489234924316406 0.00651168823242188 -0.165786743164063 -0.265487670898438
0.0217208862304687 0.0440864562988281 0.05792236328125 -0.36846923828125
-0.0129432678222656 0.0391082763671875 0.349365234375 -0.241607666015625
-0.0602874755859375 -0.0166053771972656 0.479095458984375 0.094635009765625
-0.0511207580566406 -0.069976806640625 0.281585693359375 0.184051513671875
0.00797271728515624 -0.117912292480469 0.192733764648438 -0.0846405029296875
0.0181694030761719 -0.0458488464355469 -0.15753173828125 0.0961761474609375
-0.02008056640625 -0.04852294921875 -0.240646362304688 -0.199539184570312
-0.0692596435546875 -0.0276412963867187 -0.452545166015625 -0.124542236328125
-0.0697174072265625 0.0312919616699219 -0.428466796875 0.2193603515625
-0.026611328125 0.073272705078125 -0.107330322265625 0.356475830078125
0.0364570617675781 0.0652198791503906 0.178817749023438 0.240585327148437
0.0751113891601563 0.0189056396484375 0.26776123046875 0.0224609375
0.0589065551757813 0.000423431396484375 0.185928344726563 -0.09912109375
0.0616683959960938 -0.00534439086914063 0.1168212890625 -0.150497436523438
0.0673179626464844 0.00284576416015625 0.117401123046875 -0.171600341796875
0.0591621398925781 0.0269927978515625 0.12823486328125 -0.18914794921875
0.0479393005371094 0.0501861572265625 0.226455688476563 -0.176239013671875
0.000740051269531251 0.0768356323242188 0.43280029296875 -0.0968017578125
-0.0491600036621094 0.0557708740234375 0.548858642578125 0.104522705078125
-0.0533676147460938 0.00734710693359375 0.44818115234375 0.325531005859375
-0.00480651855468749 -0.169326782226562 -0.160003662109375 0.0598602294921875
-0.0681915283203125 -0.142669677734375 -0.24505615234375 -0.233993530273437
-0.163589477539063 -0.068115234375 -0.4517822265625 -0.15252685546875
-0.148345947265625 0.080535888671875 -0.430755615234375 0.184722900390625
-0.036712646484375 0.1566162109375 -0.128509521484375 0.318145751953125
0.101089477539063 0.124435424804688 0.143020629882813 0.218734741210938
0.154769897460938 0.0279541015625 0.227188110351563 0.020111083984375
0.133018493652344 -0.00121307373046875 0.150863647460938 -0.0967254638671875
0.1468505859375 -0.0132598876953125 0.0800018310546875 -0.145431518554688
0.153915405273438 0.0132904052734375 0.0831298828125 -0.18267822265625
0.123481750488281 0.0865249633789062 0.09075927734375 -0.209335327148438
0.0660324096679688 0.13250732421875 0.203659057617188 -0.204330444335938
-0.0667266845703125 0.1412353515625 0.42987060546875 -0.13165283203125
-0.1578369140625 0.0611572265625 0.545013427734375 0.088623046875
-0.142410278320313 -0.066741943359375 0.44012451171875 0.309600830078125
-0.036773681640625 -0.26300048828125 -0.1695556640625 -0.0136413574218751
-0.128189086914062 -0.206008911132813 -0.262466430664063 -0.276168823242188
-0.244796752929688 -0.071441650390625 -0.451202392578125 -0.15960693359375
-0.200271606445312 0.13726806640625 -0.40899658203125 0.1580810546875
-0.033447265625 0.221420288085938 -0.137161254882813 0.268768310546875
0.15924072265625 0.1607666015625 0.0952606201171875 0.184463500976562
0.214279174804688 0.0283966064453125 0.163543701171875 0.0194854736328125
0.188522338867187 -0.004150390625 0.095001220703125 -0.075775146484375
0.21612548828125 -0.01788330078125 0.0260467529296875 -0.122848510742187
0.222763061523437 0.028717041015625 0.0311431884765625 -0.185699462890625
0.172256469726563 0.138748168945313 0.0459136962890625 -0.230224609375
0.07135009765625 0.20245361328125 0.190811157226563 -0.234786987304688
-0.133926391601563 0.18841552734375 0.437957763671875 -0.144195556640625
-0.249832153320313 0.051422119140625 0.519195556640625 0.096343994140625
-0.208648681640625 -0.140762329101563 0.39605712890625 0.275604248046875
-0.0833740234375 -0.307464599609375 -0.191299438476563 -0.109115600585938
-0.195037841796875 -0.21343994140625 -0.30517578125 -0.3126220703125
-0.289764404296875 -0.0281982421875 -0.4561767578125 -0.141754150390625
-0.197525024414063 0.193084716796875 -0.3795166015625 0.137908935546875
0.00111389160156249 0.250961303710938 -0.145553588867187 0.21612548828125
0.201400756835938 0.159072875976563 0.0388336181640625 0.150039672851563
0.2410888671875 0.0170440673828125 0.084747314453125 0.0250091552734375
0.214065551757812 -0.0065765380859375 0.0240936279296875 -0.0475540161132813
0.250335693359375 -0.0191650390625 -0.043365478515625 -0.0954055786132813
0.255783081054687 0.0466766357421875 -0.0322113037109375 -0.187088012695312
0.184326171875 0.184951782226563 0.00253295898437499 -0.25830078125
0.0497283935546875 0.25006103515625 0.189987182617188 -0.262191772460938
-0.199951171875 0.193817138671875 0.45452880859375 -0.1285400390625
-0.3082275390625 0.011322021484375 0.473785400390625 0.127166748046875
-0.232803344726563 -0.2113037109375 0.3248291015625 0.22430419921875
-0.1195068359375 -0.296905517578125 -0.243072509765625 -0.200027465820313
-0.23394775390625 -0.17291259765625 -0.3687744140625 -0.31866455078125
-0.279998779296875 0.02972412109375 -0.457000732421875 -0.10302734375
-0.153305053710938 0.218399047851562 -0.35418701171875 0.12457275390625
0.04052734375 0.236495971679687 -0.159652709960937 0.175430297851563
0.216842651367188 0.127853393554688 -0.02081298828125 0.129226684570313
0.233688354492188 -0.000518798828125 0.00582504272460939 0.0417938232421875
0.209152221679688 -0.0124359130859375 -0.0478744506835937 -0.0130615234375
0.249832153320313 -0.0136566162109375 -0.115570068359375 -0.0716629028320313
0.248916625976563 0.067169189453125 -0.094207763671875 -0.195098876953125
0.158966064453125 0.211395263671875 -0.0247802734375 -0.292144775390625
0.00170898437500001 0.254776000976563 0.2073974609375 -0.283233642578125
-0.244155883789062 0.146408081054688 0.46844482421875 -0.08978271484375
-0.312347412109375 -0.056915283203125 0.40771484375 0.15924072265625
-0.204254150390625 -0.261444091796875 0.247299194335937 0.146804809570312
-0.125778198242187 -0.242904663085938 -0.314453125 -0.266754150390625
-0.224029541015625 -0.113677978515625 -0.4403076171875 -0.291351318359375
-0.220260620117188 0.06732177734375 -0.4488525390625 -0.045501708984375
-0.0933685302734375 0.19622802734375 -0.32891845703125 0.126983642578125
0.06268310546875 0.183364868164063 -0.172622680664062 0.15533447265625
0.19256591796875 0.0816650390625 -0.0723037719726563 0.12835693359375
0.19256591796875 -0.0153656005859375 -0.0598602294921875 0.0716018676757813
0.173675537109375 -0.0179901123046875 -0.111373901367187 0.02252197265625
0.209869384765625 -0.0090179443359375 -0.181655883789063 -0.0576171875
0.202178955078125 0.072601318359375 -0.145721435546875 -0.212203979492188
0.105606079101562 0.19464111328125 -0.02764892578125 -0.33038330078125
-0.0452728271484375 0.206405639648438 0.242767333984375 -0.2889404296875
-0.236068725585938 0.064178466796875 0.4766845703125 -0.0323486328125
-0.250137329101563 -0.1182861328125 0.3388671875 0.1744384765625
-0.13531494140625 -0.270751953125 0.190673828125 0.053253173828125
-0.0892486572265625 -0.164230346679688 -0.389434814453125 -0.30523681640625
-0.164413452148437 -0.06732177734375 -0.49951171875 -0.237945556640625
-0.137611389160156 0.0608673095703125 -0.431060791015625 0.0155029296874999
-0.0485000610351563 0.131065368652344 -0.305389404296875 0.138702392578125
0.0503082275390625 0.112083435058594 -0.17730712890625 0.154617309570313
0.1329345703125 0.0400390625 -0.10418701171875 0.141921997070313
0.124931335449219 -0.021331787109375 -0.102348327636719 0.105201721191406
0.110313415527344 -0.022125244140625 -0.155975341796875 0.0545501708984375
0.138710021972656 -0.0108871459960937 -0.229156494140625 -0.051025390625
0.129409790039063 0.0527420043945313 -0.174819946289063 -0.23577880859375
0.0525283813476563 0.135147094726563 -0.000946044921875006 -0.35986328125
-0.0547256469726562 0.122291564941406 0.29193115234375 -0.279388427734375
-0.16534423828125 -0.00337219238281247 0.477783203125 0.02978515625
-0.1475830078125 -0.12701416015625 0.290496826171875 0.174041748046875
-0.0574493408203125 -0.221649169921875 0.170303344726563 -0.036865234375
-0.0159225463867187 -0.0794677734375 -0.443939208984375 -0.319671630859375
-0.0730056762695312 -0.0518569946289063 -0.5360107421875 -0.17974853515625
-0.0590553283691406 0.0109367370605469 -0.40740966796875 0.0761108398437499
-0.0340576171875 0.0424346923828125 -0.27825927734375 0.161941528320313
0.006072998046875 0.0416831970214844 -0.162811279296875 0.165206909179687
0.0461311340332031 0.0140724182128906 -0.110870361328125 0.158599853515625
0.0413703918457031 -0.0141220092773438 -0.120101928710937 0.132041931152344
0.0309486389160156 -0.0247821807861328 -0.177719116210938 0.0760345458984375
0.0478935241699219 -0.0176315307617188 -0.251449584960938 -0.0530242919921875
0.0507545471191406 0.00618743896484375 -0.1810302734375 -0.2509765625
0.0244941711425781 0.0455284118652344 0.040069580078125 -0.365142822265625
-0.0128364562988281 0.0386085510253906 0.33587646484375 -0.245849609375
-0.05999755859375 -0.01312255859375 0.4686279296875 0.09002685546875
-0.0508003234863281 -0.0661163330078125 0.26873779296875 0.174591064453125
0.000205993652343755 -0.119316101074219 0.180404663085938 -0.09771728515625
0.0160942077636719 -0.0510025024414063 -0.14593505859375 0.112197875976562
-0.0223846435546875 -0.0466804504394531 -0.226028442382813 -0.195877075195313
-0.07476806640625 -0.0259628295898438 -0.45367431640625 -0.130218505859375
-0.0731353759765625 0.0373001098632812 -0.42529296875 0.2225341796875
-0.022308349609375 0.0799179077148438 -0.09765625 0.358123779296875
0.0422935485839844 0.0636787414550781 0.191421508789063 0.233474731445313
0.0771865844726563 0.012603759765625 0.2752685546875 0.0068206787109375
0.0586738586425781 -0.00344085693359375 0.19000244140625 -0.1151123046875
0.0609512329101562 -0.0112457275390625 0.124069213867188 -0.16107177734375
0.0686264038085938 -0.00337982177734375 0.125762939453125 -0.174285888671875
0.0622978210449219 0.02294921875 0.133712768554688 -0.182662963867188
0.0531654357910156 0.04718017578125 0.222854614257813 -0.1688232421875
0.00706481933593751 0.0787353515625 0.4180908203125 -0.1024169921875
-0.04913330078125 0.0649909973144531 0.548736572265625 0.084564208984375
-0.0588531494140625 0.0145378112792969 0.47662353515625 0.305145263671875
-0.012786865234375 -0.172775268554688 -0.15155029296875 0.0765380859375
-0.0744705200195312 -0.139900207519531 -0.231231689453125 -0.228042602539063
-0.17437744140625 -0.06317138671875 -0.450592041015625 -0.158721923828125
-0.152923583984375 0.091766357421875 -0.4256591796875 0.186614990234375
-0.0296478271484375 0.166732788085938 -0.119415283203125 0.318695068359375
0.114311218261719 0.121978759765625 0.152389526367187 0.2137451171875
0.163040161132813 0.0174407958984375 0.232940673828125 0.0062255859375
0.136474609375 -0.00991058349609375 0.1541748046875 -0.109283447265625
0.152542114257813 -0.0249786376953125 0.0866546630859375 -0.1529541015625
0.1605224609375 0.0041046142578125 0.089813232421875 -0.184326171875
0.134994506835938 0.0832748413085938 0.093292236328125 -0.202102661132813
0.0757598876953125 0.134323120117188 0.200851440429688 -0.198089599609375
-0.0620574951171875 0.149002075195312 0.415435791015625 -0.13690185546875
-0.160751342773438 0.075347900390625 0.544464111328125 0.06805419921875
-0.153060913085938 -0.05828857421875 0.469085693359375 0.2899169921875
-0.0498046875 -0.265869140625 -0.16668701171875 0.000961303710937516
-0.138168334960937 -0.202041625976563 -0.25299072265625 -0.268890380859375
-0.257492065429688 -0.0643463134765625 -0.44879150390625 -0.161376953125
-0.202743530273438 0.152969360351563 -0.403350830078125 0.15948486328125
-0.0215606689453125 0.234771728515625 -0.1298828125 0.267578125
0.177154541015625 0.157257080078125 0.102371215820313 0.180633544921875
0.2266845703125 0.015533447265625 0.16815185546875 0.009063720703125
0.196182250976563 -0.0152587890625 0.0974960327148438 -0.0859146118164063
0.22418212890625 -0.0343475341796875 0.0315170288085938 -0.125717163085938
0.233749389648437 0.0152587890625 0.0354766845703125 -0.184356689453125
0.18927001953125 0.1390380859375 0.04534912109375 -0.222412109375
0.0856170654296875 0.209884643554688 0.186370849609375 -0.228134155273438
-0.1317138671875 0.201507568359375 0.426788330078125 -0.149383544921875
-0.25634765625 0.0686187744140625 0.519989013671875 0.081024169921875
-0.223663330078125 -0.13104248046875 0.418609619140625 0.258148193359375
-0.09814453125 -0.309844970703125 -0.195938110351563 -0.0930023193359375
-0.20697021484375 -0.2080078125 -0.300689697265625 -0.301849365234375
-0.304473876953125 -0.018096923828125 -0.453033447265625 -0.141204833984375
-0.1981201171875 0.21234130859375 -0.374908447265625 0.13922119140625
0.0147857666015625 0.264328002929688 -0.1405029296875 0.2142333984375
0.222427368164063 0.153518676757813 0.042572021484375 0.146408081054688
0.255020141601563 0.0018768310546875 0.0858230590820313 0.0192184448242188
0.224929809570313 -0.0205535888671875 0.0251197814941406 -0.0514755249023438
0.262649536132812 -0.0354461669921875 -0.039306640625 -0.093109130859375
0.271133422851562 0.0345458984375 -0.0315093994140625 -0.182907104492187
0.206207275390625 0.186843872070313 -0.00164794921875 -0.249588012695313
0.0626068115234375 0.261215209960938 0.185150146484375 -0.258270263671875
-0.20086669921875 0.210784912109375 0.445831298828125 -0.135589599609375
-0.317901611328125 0.0284423828125 0.473052978515625 0.11614990234375
-0.251068115234375 -0.202423095703125 0.34130859375 0.20977783203125
-0.133087158203125 -0.298919677734375 -0.255599975585938 -0.182647705078125
-0.245651245117188 -0.168563842773437 -0.3702392578125 -0.302276611328125
-0.292236328125 0.0404357910156251 -0.452667236328125 -0.0984802246093751
-0.152389526367187 0.23773193359375 -0.346649169921875 0.126007080078125
0.055755615234375 0.248886108398437 -0.157516479492188 0.172271728515625
0.237213134765625 0.120025634765625 -0.021087646484375 0.126968383789063
0.247650146484375 -0.015716552734375 0.00394821166992189 0.0423469543457031
0.220901489257813 -0.0243988037109375 -0.0489158630371094 -0.0105209350585937
0.26275634765625 -0.0296478271484375 -0.115097045898437 -0.0626907348632813
0.265472412109375 0.056884765625 -0.098785400390625 -0.186935424804687
0.1795654296875 0.214553833007812 -0.03289794921875 -0.284515380859375
0.0116729736328125 0.267745971679688 0.202423095703125 -0.280426025390625
-0.248428344726563 0.162078857421875 0.463531494140625 -0.09521484375
-0.3228759765625 -0.0419921875 0.405517578125 0.15277099609375
-0.223052978515625 -0.255645751953125 0.256149291992188 0.135162353515625
-0.136093139648437 -0.245162963867188 -0.333526611328125 -0.2467041015625
-0.23419189453125 -0.109420776367188 -0.44317626953125 -0.270172119140625
-0.230255126953125 0.0761871337890625 -0.443328857421875 -0.0390624999999999
-0.091278076171875 0.21234130859375 -0.323455810546875 0.123687744140625
0.0758209228515625 0.193817138671875 -0.173065185546875 0.150314331054688
0.210891723632812 0.07464599609375 -0.0755157470703125 0.128257751464844
0.203659057617188 -0.0293121337890625 -0.0637664794921875 0.076385498046875
0.182601928710937 -0.027740478515625 -0.113815307617187 0.0300750732421875
0.22247314453125 -0.0212554931640625 -0.184677124023437 -0.044403076171875
0.216461181640625 0.0658416748046875 -0.154098510742188 -0.203872680664062
0.121200561523438 0.200942993164063 -0.037994384765625 -0.324005126953125
-0.039886474609375 0.21783447265625 0.2386474609375 -0.290374755859375
-0.241897583007813 0.075531005859375 0.47503662109375 -0.035614013671875
-0.260574340820313 -0.107650756835938 0.33544921875 0.173431396484375
-0.152435302734375 -0.268402099609375 0.190505981445313 0.0433807373046875
-0.093475341796875 -0.168731689453125 -0.413665771484375 -0.282440185546875
-0.171371459960937 -0.065673828125 -0.505401611328125 -0.213623046875
-0.144271850585938 0.0648040771484375 -0.42205810546875 0.0224609375000001
-0.0486297607421875 0.144073486328125 -0.30029296875 0.13336181640625
0.0605621337890625 0.119659423828125 -0.178741455078125 0.1495361328125
0.145965576171875 0.034942626953125 -0.109695434570312 0.144180297851563
0.132720947265625 -0.0306854248046875 -0.108238220214844 0.113456726074219
0.117538452148437 -0.0277633666992188 -0.159835815429688 0.0658416748046875
0.147506713867188 -0.0166473388671875 -0.234939575195312 -0.0363006591796875
0.138908386230469 0.049346923828125 -0.187103271484375 -0.225372314453125
0.0625839233398438 0.139892578125 -0.012908935546875 -0.356292724609375
-0.0533294677734375 0.128684997558594 0.28887939453125 -0.279022216796875
-0.168914794921875 0.00141906738281247 0.47576904296875 0.029693603515625
-0.154571533203125 -0.121170043945312 0.280319213867188 0.176376342773438
-0.0682220458984375 -0.222198486328125 0.163619995117188 -0.04730224609375
-0.0129318237304688 -0.0863418579101563 -0.47161865234375 -0.294586181640625
-0.0780258178710938 -0.0535125732421875 -0.540435791015625 -0.155426025390625
-0.0651054382324219 0.0115509033203125 -0.39569091796875 0.07952880859375
-0.0374794006347656 0.0504875183105469 -0.272964477539063 0.154541015625
0.0109100341796875 0.0479888916015625 -0.166732788085937 0.15985107421875
0.0537147521972656 0.0124244689941406 -0.117782592773438 0.161468505859375
0.0445785522460938 -0.0181121826171875 -0.125946044921875 0.14263916015625
0.0350131988525391 -0.0254840850830078 -0.1822509765625 0.0897369384765625
0.0515289306640625 -0.0186500549316406 -0.258926391601563 -0.0354461669921875
0.0531044006347656 0.00481033325195312 -0.194732666015625 -0.241439819335938
0.0282325744628906 0.0469741821289063 0.0294189453125 -0.36370849609375
-0.0117835998535156 0.0388526916503906 0.3341064453125 -0.246185302734375
-0.0589141845703125 -0.0128746032714844 0.466217041015625 0.092071533203125
-0.0517196655273438 -0.0632286071777344 0.2554931640625 0.175613403320313
-0.00498962402343751 -0.120231628417969 0.168655395507813 -0.109390258789063
0.0123748779296875 -0.0574493408203125 -0.132965087890625 0.130584716796875
-0.0243110656738281 -0.0458259582519531 -0.213043212890625 -0.198028564453125
-0.0832290649414062 -0.0231781005859375 -0.461822509765625 -0.138885498046875
-0.0780792236328125 0.0455856323242187 -0.4300537109375 0.230224609375
-0.0171661376953125 0.0871429443359375 -0.08709716796875 0.366058349609375
0.0494003295898438 0.062103271484375 0.206787109375 0.228591918945313
0.0804672241210938 0.00612640380859375 0.286468505859375 -0.013153076171875
0.05908203125 -0.0080718994140625 0.195343017578125 -0.136016845703125
0.0607528686523438 -0.0168228149414063 0.132522583007813 -0.178482055664063
0.0696144104003906 -0.0102386474609375 0.137069702148438 -0.183395385742188
0.066986083984375 0.0179252624511719 0.143142700195313 -0.181640625
0.0590362548828125 0.0452384948730469 0.224945068359375 -0.164627075195313
0.0148849487304687 0.0823593139648438 0.410736083984375 -0.1092529296875
-0.0477447509765625 0.076568603515625 0.558685302734375 0.06292724609375
-0.0629386901855469 0.0227432250976563 0.51580810546875 0.283966064453125
-0.0238189697265625 -0.180465698242188 -0.142532348632813 0.0941162109375
-0.08233642578125 -0.138923645019531 -0.220718383789063 -0.226760864257812
-0.189041137695313 -0.0573883056640625 -0.45892333984375 -0.16632080078125
-0.159088134765625 0.107696533203125 -0.429718017578125 0.193084716796875
-0.0207672119140625 0.17987060546875 -0.112152099609375 0.3258056640625
0.130088806152344 0.119613647460937 0.165725708007812 0.209564208984375
0.173538208007813 0.0048980712890625 0.242584228515625 -0.011505126953125
0.142868041992188 -0.0204010009765625 0.158355712890625 -0.127105712890625
0.1585693359375 -0.03826904296875 0.0941619873046875 -0.167221069335938
0.170059204101563 -0.0076446533203125 0.098602294921875 -0.192245483398437
0.15045166015625 0.0787200927734375 0.100311279296875 -0.199691772460938
0.0885772705078125 0.138946533203125 0.203475952148438 -0.19366455078125
-0.0571136474609375 0.161468505859375 0.409271240234375 -0.144378662109375
-0.16461181640625 0.092803955078125 0.554931640625 0.04840087890625
-0.16552734375 -0.0487213134765625 0.504730224609375 0.269775390625
-0.067138671875 -0.273910522460938 -0.164154052734375 0.01910400390625
-0.151214599609375 -0.200088500976563 -0.246963500976562 -0.265304565429688
-0.27667236328125 -0.055877685546875 -0.455169677734375 -0.166534423828125
-0.207733154296875 0.17523193359375 -0.406219482421875 0.163330078125
-0.00779724121093749 0.251724243164063 -0.125473022460938 0.271347045898438
0.200088500976563 0.152969360351563 0.11212158203125 0.177291870117188
0.242141723632812 -0.002288818359375 0.174072265625 -0.0031890869140625
0.207901000976563 -0.0306396484375 0.0999679565429688 -0.0991439819335938
0.237289428710938 -0.0540008544921875 0.0376968383789063 -0.134292602539062
0.249755859375 -0.00030517578125 0.040618896484375 -0.188385009765625
0.212966918945313 0.136322021484375 0.0486602783203125 -0.2191162109375
0.101974487304688 0.219894409179688 0.187652587890625 -0.226364135742187
-0.128829956054688 0.220352172851562 0.4215087890625 -0.1583251953125
-0.265731811523438 0.090484619140625 0.529510498046875 0.065032958984375
-0.243606567382813 -0.121978759765625 0.449981689453125 0.238677978515625
-0.11737060546875 -0.316497802734375 -0.2015380859375 -0.0763397216796875
-0.222686767578125 -0.2052001953125 -0.302520751953125 -0.29547119140625
-0.323974609375 -0.00549316406250001 -0.459259033203125 -0.14080810546875
-0.199966430664063 0.23773193359375 -0.376861572265625 0.143341064453125
0.032501220703125 0.281982421875 -0.13946533203125 0.215621948242188
0.248214721679688 0.146209716796875 0.046875 0.144302368164063
0.272796630859375 -0.018218994140625 0.0882034301757813 0.0133056640625
0.23883056640625 -0.03765869140625 0.0252876281738281 -0.0576171875
0.279617309570313 -0.0581207275390625 -0.0355224609375 -0.0937652587890625
0.292388916015625 0.018463134765625 -0.031646728515625 -0.182861328125
0.234390258789062 0.187576293945312 -0.00392150878906251 -0.244293212890625
0.081207275390625 0.275985717773438 0.184799194335938 -0.259307861328125
-0.202407836914062 0.233139038085937 0.44415283203125 -0.14532470703125
-0.33233642578125 0.051116943359375 0.4818115234375 0.106109619140625
-0.274871826171875 -0.194183349609375 0.365234375 0.194244384765625
-0.1517333984375 -0.304534912109375 -0.270111083984375 -0.164337158203125
-0.26226806640625 -0.164047241210938 -0.377227783203125 -0.291046142578125
-0.310455322265625 0.0545349121093751 -0.45654296875 -0.0948486328124999
-0.150543212890625 0.263626098632813 -0.349212646484375 0.12701416015625
0.0756988525390625 0.264801025390625 -0.159347534179688 0.171401977539062
0.263092041015625 0.110855102539063 -0.0212631225585937 0.127311706542969
0.264450073242188 -0.036163330078125 0.00239562988281252 0.0433769226074219
0.2359619140625 -0.041961669921875 -0.0509376525878906 -0.00841522216796875
0.281402587890625 -0.050506591796875 -0.115470886230469 -0.0561599731445312
0.2877197265625 0.043121337890625 -0.10430908203125 -0.1829833984375
0.207321166992188 0.219482421875 -0.041168212890625 -0.279754638671875
0.026214599609375 0.2855224609375 0.200958251953125 -0.285247802734375
-0.254959106445313 0.183517456054688 0.467803955078125 -0.1029052734375
-0.340057373046875 -0.0240478515625 0.412567138671875 0.148681640625
-0.247817993164063 -0.252090454101562 0.269256591796875 0.124176025390625
-0.1512451171875 -0.251327514648438 -0.35736083984375 -0.2265625
-0.249404907226563 -0.10552978515625 -0.455291748046875 -0.254241943359375
-0.245010375976563 0.0888824462890625 -0.444122314453125 -0.0331726074218751
-0.088287353515625 0.234527587890625 -0.325225830078125 0.122833251953125
0.0937042236328125 0.206512451171875 -0.178558349609375 0.149398803710938
0.232696533203125 0.064544677734375 -0.0804519653320312 0.131019592285156
0.216903686523438 -0.047088623046875 -0.0692596435546875 0.0839080810546875
0.1953125 -0.0415191650390625 -0.118782043457031 0.0391082763671875
0.238861083984375 -0.0379638671875 -0.18927001953125 -0.0310211181640625
0.236465454101563 0.0573272705078125 -0.165069580078125 -0.1971435546875
0.14312744140625 0.208511352539063 -0.04974365234375 -0.323699951171875
-0.0324249267578125 0.234115600585938 0.239227294921875 -0.297088623046875
-0.25048828125 0.090728759765625 0.481414794921875 -0.04046630859375
-0.276443481445313 -0.097076416015625 0.33734130859375 0.17755126953125
-0.173690795898438 -0.26812744140625 0.193099975585938 0.033416748046875
-0.102096557617188 -0.176361083984375 -0.445220947265625 -0.258941650390625
-0.182968139648437 -0.0636444091796875 -0.51727294921875 -0.192657470703125
-0.155258178710937 0.073394775390625 -0.420074462890625 0.029266357421875
-0.0462493896484375 0.159637451171875 -0.302154541015625 0.130859375
0.074371337890625 0.129562377929688 -0.187454223632812 0.148452758789063
0.161727905273438 0.0274200439453125 -0.117263793945312 0.149917602539063
0.141830444335938 -0.04266357421875 -0.115501403808594 0.127143859863281
0.126029968261719 -0.0370407104492188 -0.165328979492188 0.0806884765625
0.1591796875 -0.02728271484375 -0.243637084960937 -0.0180816650390625
0.152374267578125 0.04534912109375 -0.201904296875 -0.217941284179688
0.0756378173828125 0.146392822265625 -0.02642822265625 -0.3582763671875
-0.05084228515625 0.13836669921875 0.291229248046875 -0.287994384765625
-0.175872802734375 0.00885009765625003 0.485015869140625 0.030059814453125
-0.163558959960938 -0.115631103515625 0.276275634765625 0.182449340820313
-0.0829925537109375 -0.224594116210938 0.158096313476563 -0.05841064453125
-0.0130996704101563 -0.0961151123046875 -0.508331298828125 -0.2689208984375
-0.0846939086914063 -0.0548782348632813 -0.55377197265625 -0.13079833984375
-0.07257080078125 0.0129470825195313 -0.39190673828125 0.0868835449218751
-0.0399169921875 0.0601997375488281 -0.274154663085938 0.151458740234375
0.0167312622070312 0.0552139282226563 -0.175674438476562 0.15740966796875
0.0628128051757813 0.0103302001953125 -0.128570556640625 0.16912841796875
0.0482864379882813 -0.0228042602539063 -0.134063720703125 0.159561157226563
0.0380973815917969 -0.0282859802246094 -0.189239501953125 0.108383178710938
0.0561180114746094 -0.0220794677734375 -0.270736694335938 -0.016693115234375
0.0577507019042969 0.003265380859375 -0.210861206054687 -0.232742309570313
0.0326919555664063 0.0490951538085938 0.018402099609375 -0.369049072265625
-0.0119743347167969 0.0404739379882813 0.3375244140625 -0.253875732421875
-0.0587005615234375 -0.0121612548828125 0.473602294921875 0.09686279296875
-0.0526046752929688 -0.0604057312011719 0.246337890625 0.18212890625
-0.0105133056640625 -0.122795104980469 0.158111572265625 -0.122802734375
0.00510406494140626 -0.0651473999023438 -0.114242553710938 0.152084350585938
-0.0272140502929687 -0.0452079772949219 -0.202987670898437 -0.201370239257813
-0.09271240234375 -0.0178985595703125 -0.480926513671875 -0.139739990234375
-0.0823287963867188 0.0570602416992187 -0.43609619140625 0.249114990234375
-0.0102691650390625 0.0949478149414063 -0.070892333984375 0.378204345703125
0.0587120056152344 0.0594940185546875 0.229019165039063 0.219207763671875
0.0836868286132812 -0.002838134765625 0.298004150390625 -0.041839599609375
0.0586357116699219 -0.0140304565429688 0.197189331054687 -0.164932250976562
0.0595703125 -0.0236282348632812 0.136016845703125 -0.20416259765625
0.0700416564941406 -0.0186042785644531 0.147216796875 -0.200576782226563
0.0722427368164063 0.010406494140625 0.153350830078125 -0.186660766601563
0.0670051574707031 0.0411415100097656 0.228866577148437 -0.1654052734375
0.0247573852539063 0.0849380493164063 0.40496826171875 -0.121307373046875
-0.0418777465820312 0.090911865234375 0.572509765625 0.02899169921875
-0.0665702819824219 0.0340728759765625 0.56494140625 0.2493896484375
-0.0417938232421875 -0.187850952148438 -0.128128051757813 0.114776611328125
-0.0937728881835937 -0.1373291015625 -0.213592529296875 -0.229095458984375
-0.20721435546875 -0.0462493896484375 -0.4757080078125 -0.166534423828125
-0.16259765625 0.129913330078125 -0.436187744140625 0.21044921875
-0.00566101074218748 0.194442749023437 -0.09906005859375 0.336669921875
0.150360107421875 0.113388061523438 0.184722900390625 0.2020263671875
0.184066772460938 -0.0134735107421875 0.25225830078125 -0.0359649658203125
0.149063110351563 -0.035430908203125 0.158065795898438 -0.152755737304688
0.164642333984375 -0.057342529296875 0.0975341796875 -0.1888427734375
0.179306030273438 -0.025390625 0.105606079101563 -0.207504272460937
0.168792724609375 0.0699462890625 0.107498168945313 -0.203201293945313
0.105987548828125 0.14105224609375 0.205490112304688 -0.195693969726563
-0.048248291015625 0.17596435546875 0.40338134765625 -0.158599853515625
-0.165725708007812 0.11663818359375 0.5687255859375 0.01556396484375
-0.180313110351563 -0.0345458984375 0.552825927734375 0.234161376953125
-0.092315673828125 -0.28143310546875 -0.159042358398438 0.0397491455078125
-0.169967651367188 -0.195938110351563 -0.245635986328125 -0.263946533203125
-0.300537109375 -0.038116455078125 -0.47314453125 -0.16705322265625
-0.208526611328125 0.205123901367188 -0.410247802734375 0.1771240234375
0.0146942138671875 0.271591186523438 -0.117782592773437 0.28033447265625
0.228912353515625 0.142532348632813 0.126007080078125 0.171920776367188
0.258499145507813 -0.0283966064453125 0.180526733398438 -0.021575927734375
0.218246459960937 -0.0531005859375 0.0993423461914063 -0.116859436035156
0.249130249023438 -0.0819549560546875 0.0413360595703125 -0.14801025390625
0.268051147460938 -0.02398681640625 0.0434417724609375 -0.198532104492188
0.243698120117188 0.126144409179688 0.05084228515625 -0.219009399414063
0.127700805664063 0.22882080078125 0.187332153320313 -0.230438232421875
-0.121597290039063 0.24591064453125 0.41839599609375 -0.1739501953125
-0.273849487304688 0.120391845703125 0.544647216796875 0.037689208984375
-0.267486572265625 -0.106246948242188 0.490234375 0.20904541015625
-0.1461181640625 -0.3226318359375 -0.208114624023438 -0.0558319091796875
-0.245559692382813 -0.197433471679687 -0.30963134765625 -0.28790283203125
-0.34869384765625 0.01739501953125 -0.472686767578125 -0.135498046875
-0.195571899414062 0.271835327148438 -0.38006591796875 0.153900146484375
0.060455322265625 0.301788330078125 -0.13720703125 0.221435546875
0.280136108398438 0.131362915039063 0.05426025390625 0.142608642578125
0.291290283203125 -0.04840087890625 0.0907974243164063 0.004547119140625
0.252655029296875 -0.0642242431640625 0.0225982666015625 -0.0648460388183594
0.2957763671875 -0.09063720703125 -0.034088134765625 -0.0965957641601562
0.31524658203125 -0.008056640625 -0.034271240234375 -0.184768676757813
0.271286010742188 0.181671142578125 -0.00865173339843747 -0.243026733398438
0.109130859375 0.2908935546875 0.18218994140625 -0.266433715820313
-0.199050903320313 0.264053344726563 0.444183349609375 -0.16229248046875
-0.346832275390625 0.082763671875 0.498321533203125 0.08673095703125
-0.30572509765625 -0.18084716796875 0.3953857421875 0.1708984375
-0.18072509765625 -0.309478759765625 -0.289581298828125 -0.14080810546875
-0.28594970703125 -0.154022216796875 -0.3917236328125 -0.276824951171875
-0.33258056640625 0.079986572265625 -0.466583251953125 -0.0860290527343749
-0.141632080078125 0.297515869140625 -0.35162353515625 0.136016845703125
0.10504150390625 0.281158447265625 -0.162826538085938 0.176040649414063
0.294464111328125 0.09320068359375 -0.0206069946289062 0.128929138183594
0.281494140625 -0.066314697265625 0.00108718872070314 0.04473876953125
0.249954223632813 -0.0677490234375 -0.0549507141113281 -0.0053863525390625
0.299560546875 -0.083251953125 -0.116325378417969 -0.0475311279296875
0.313262939453125 0.019622802734375 -0.113265991210937 -0.17877197265625
0.244140625 0.21844482421875 -0.053375244140625 -0.277359008789063
0.05059814453125 0.30621337890625 0.196685791015625 -0.296630859375
-0.258575439453125 0.214248657226562 0.474212646484375 -0.1199951171875
-0.359222412109375 0.00387573242187497 0.4266357421875 0.140045166015625
-0.280792236328125 -0.243194580078125 0.28704833984375 0.10675048828125
-0.17523193359375 -0.256759643554688 -0.38714599609375 -0.198516845703125
-0.270065307617188 -0.0959625244140624 -0.472625732421875 -0.229278564453125
-0.262191772460938 0.110427856445313 -0.4498291015625 -0.02130126953125
-0.0777587890625 0.2633056640625 -0.327362060546875 0.1298828125
0.1204833984375 0.218109130859375 -0.18634033203125 0.1536865234375
0.259033203125 0.04730224609375 -0.0850982666015625 0.138114929199219
0.230819702148438 -0.072509765625 -0.0729827880859375 0.0953140258789063
0.207366943359375 -0.06353759765625 -0.123085021972656 0.0528564453125
0.255996704101562 -0.064697265625 -0.194625854492187 -0.0133514404296875
0.259246826171875 0.040069580078125 -0.181228637695313 -0.18731689453125
0.173248291015625 0.211959838867187 -0.067596435546875 -0.323333740234375
-0.0174713134765625 0.2547607421875 0.235321044921875 -0.313140869140625
-0.259841918945313 0.11334228515625 0.493560791015625 -0.05487060546875
-0.296295166015625 -0.07843017578125 0.34576416015625 0.177459716796875
-0.202865600585938 -0.265625 0.197708129882813 0.019256591796875
-0.118072509765625 -0.183578491210937 -0.482421875 -0.226165771484375
-0.198257446289063 -0.057586669921875 -0.536468505859375 -0.160919189453125
-0.167800903320313 0.087677001953125 -0.420562744140625 0.04278564453125
-0.038177490234375 0.180633544921875 -0.305023193359375 0.13482666015625
0.0936965942382812 0.1376953125 -0.1966552734375 0.153045654296875
0.1800537109375 0.0140533447265625 -0.125106811523438 0.161880493164063
0.150192260742188 -0.060272216796875 -0.120010375976563 0.146743774414063
0.134201049804688 -0.0519256591796875 -0.169952392578125 0.102005004882813
0.171920776367188 -0.04473876953125 -0.252395629882813 0.00531005859375002
0.168365478515625 0.0356903076171875 -0.223007202148438 -0.2061767578125
0.0936737060546875 0.15087890625 -0.04644775390625 -0.36297607421875
-0.04498291015625 0.151931762695313 0.289031982421875 -0.30426025390625
-0.184051513671875 0.020721435546875 0.499969482421875 0.0218505859375
-0.177459716796875 -0.10723876953125 0.279266357421875 0.189361572265625
-0.103317260742187 -0.226455688476562 0.151031494140625 -0.072662353515625
-0.0172271728515625 -0.10833740234375 -0.552093505859375 -0.230316162109375
-0.0942764282226563 -0.0550537109375 -0.5703125 -0.0946655273437501
-0.0820770263671875 0.0172576904296875 -0.38824462890625 0.1007080078125
-0.0389251708984375 0.0723953247070313 -0.277359008789063 0.153610229492187
0.0258827209472656 0.0626144409179688 -0.186187744140625 0.162460327148437
0.0724945068359375 0.0048370361328125 -0.138397216796875 0.184738159179688
0.0512771606445313 -0.0294723510742188 -0.13897705078125 0.183624267578125
0.0407333374023438 -0.0325355529785156 -0.193756103515625 0.135177612304688
0.0615234375 -0.0282821655273438 -0.283233642578125 0.010894775390625
0.0641059875488281 -0.00022125244140625 -0.234161376953125 -0.221176147460938
0.0392417907714844 0.0494346618652344 -0.00073242187499997 -0.376251220703125
-0.0105247497558594 0.0432281494140625 0.340362548828125 -0.272247314453125
-0.0599555969238281 -0.0101394653320313 0.489227294921875 0.094482421875
-0.0555839538574219 -0.0574569702148438 0.242034912109375 0.189849853515625
-0.0194015502929688 -0.126739501953125 0.144256591796875 -0.140457153320313
-0.00663375854492188 -0.0700759887695313 -0.084991455078125 0.170639038085937
-0.0307998657226563 -0.0428047180175781 -0.19403076171875 -0.204238891601563
-0.101486206054687 -0.00859832763671875 -0.498779296875 -0.129119873046875
-0.0821380615234375 0.0717544555664063 -0.429595947265625 0.275054931640625
0.000938415527343749 0.100967407226563 -0.044525146484375 0.38629150390625
0.0675430297851563 0.0529365539550781 0.253997802734375 0.199310302734375
0.0836944580078125 -0.014617919921875 0.300933837890625 -0.07977294921875
0.0567550659179688 -0.0208549499511719 0.187362670898437 -0.1978759765625
0.0553932189941406 -0.0317001342773438 0.129470825195312 -0.234466552734375
0.0667762756347656 -0.0291213989257813 0.1502685546875 -0.224563598632813
0.0755157470703125 -8.392333984375E-05 0.16064453125 -0.197418212890625
0.0741195678710938 0.0339508056640625 0.229705810546875 -0.169265747070313
0.0371932983398438 0.084747314453125 0.390716552734375 -0.138275146484375
-0.0304946899414063 0.104141235351563 0.57720947265625 -0.02056884765625
-0.0667915344238281 0.0465202331542969 0.6097412109375 0.18798828125
-0.0657196044921875 -0.190200805664063 -0.104843139648438 0.134666442871094
-0.106597900390625 -0.1307373046875 -0.207489013671875 -0.228515625
-0.224472045898437 -0.0263214111328125 -0.4942626953125 -0.15545654296875
-0.157791137695313 0.15643310546875 -0.431640625 0.234588623046875
0.0175018310546875 0.205596923828125 -0.07763671875 0.3453369140625
0.170440673828125 0.0977020263671875 0.2064208984375 0.185867309570313
0.188827514648438 -0.039215087890625 0.254562377929688 -0.0686187744140625
0.149444580078125 -0.055755615234375 0.148818969726563 -0.180679321289063
0.163711547851563 -0.08154296875 0.091796875 -0.213577270507812
0.183990478515625 -0.04925537109375 0.105636596679688 -0.22637939453125
0.186538696289063 0.051544189453125 0.111373901367188 -0.209823608398438
0.127212524414063 0.136543273925781 0.203460693359375 -0.199630737304687
-0.0316925048828125 0.189361572265625 0.388153076171875 -0.17669677734375
-0.15814208984375 0.14312744140625 0.57391357421875 -0.03155517578125
-0.192794799804688 -0.012969970703125 0.59332275390625 0.1754150390625
-0.126312255859375 -0.27996826171875 -0.146331787109375 0.0632781982421875
-0.19085693359375 -0.183441162109375 -0.245941162109375 -0.258346557617188
-0.321014404296875 -0.00817871093750002 -0.48828125 -0.153778076171875
-0.197433471679687 0.241058349609375 -0.406768798828125 0.198333740234375
0.04779052734375 0.2855224609375 -0.101806640625 0.28759765625
0.257492065429687 0.119613647460937 0.142059326171875 0.16015625
0.267166137695313 -0.063720703125 0.181655883789063 -0.0447235107421875
0.222625732421875 -0.083160400390625 0.090850830078125 -0.136032104492188
0.2515869140625 -0.120132446289063 0.0384521484375 -0.16400146484375
0.278762817382813 -0.0592041015625 0.0402984619140625 -0.209869384765625
0.273590087890625 0.103363037109375 0.0493927001953125 -0.220046997070313
0.160354614257813 0.228256225585938 0.1815185546875 -0.23663330078125
-0.103042602539062 0.271224975585938 0.405426025390625 -0.19586181640625
-0.270858764648438 0.159103393554687 0.550262451171875 -0.00494384765624999
-0.290771484375 -0.0786743164062499 0.525390625 0.158294677734375
-0.185150146484375 -0.317718505859375 -0.209182739257813 -0.0281524658203126
-0.269134521484375 -0.179519653320313 -0.316192626953125 -0.2730712890625
-0.36810302734375 0.0533447265624999 -0.48583984375 -0.119232177734375
-0.176544189453125 0.3096923828125 -0.375946044921875 0.171661376953125
0.099395751953125 0.31304931640625 -0.128875732421875 0.22882080078125
0.311065673828125 0.1026611328125 0.0635299682617188 0.136589050292969
0.299713134765625 -0.089080810546875 0.0905838012695313 -0.00669097900390625
0.25823974609375 -0.0987396240234375 0.016326904296875 -0.0721817016601563
0.301849365234375 -0.13616943359375 -0.0348739624023437 -0.0995941162109375
0.333221435546875 -0.046600341796875 -0.040740966796875 -0.18511962890625
0.31011962890625 0.159515380859375 -0.017120361328125 -0.237808227539063
0.146270751953125 0.29644775390625 0.171768188476563 -0.274154663085938
-0.183349609375 0.29901123046875 0.436767578125 -0.18780517578125
-0.35174560546875 0.12603759765625 0.5086669921875 0.052978515625
-0.337005615234375 -0.152069091796875 0.42254638671875 0.129913330078125
-0.21728515625 -0.30316162109375 -0.30426025390625 -0.105133056640625
-0.309844970703125 -0.133056640625 -0.4033203125 -0.249755859375
-0.347442626953125 0.11761474609375 -0.4730224609375 -0.0664367675781249
-0.1181640625 0.331085205078125 -0.347930908203125 0.150787353515625
0.14447021484375 0.2879638671875 -0.16082763671875 0.183883666992188
0.322662353515625 0.060821533203125 -0.017364501953125 0.130149841308594
0.289154052734375 -0.105926513671875 0.00062942504882814 0.0466995239257812
0.256271362304688 -0.102432250976563 -0.0581321716308594 0.000709533691406243
0.308380126953125 -0.1275634765625 -0.115562438964844 -0.0368728637695313
0.33489990234375 -0.017486572265625 -0.124923706054687 -0.168365478515625
0.285125732421875 0.2020263671875 -0.0691680908203125 -0.269790649414063
0.08514404296875 0.31866455078125 0.182464599609375 -0.30908203125
-0.249847412109375 0.251922607421875 0.470550537109375 -0.146453857421875
-0.371826171875 0.0438232421875 0.43963623046875 0.11962890625
-0.3165283203125 -0.2196044921875 0.3018798828125 0.07781982421875
-0.20574951171875 -0.252639770507813 -0.41180419921875 -0.15411376953125
-0.289337158203125 -0.07598876953125 -0.485107421875 -0.191314697265625
-0.272003173828125 0.143035888671875 -0.4500732421875 6.38743881114354E-17
-0.054534912109375 0.2901611328125 -0.324493408203125 0.139923095703125
0.154830932617188 0.220321655273438 -0.19061279296875 0.162551879882813
0.282012939453125 0.017974853515625 -0.0853271484375 0.147262573242187
0.235916137695313 -0.106414794921875 -0.0719528198242188 0.109901428222656
0.213134765625 -0.092132568359375 -0.123428344726562 0.070770263671875
0.26568603515625 -0.102157592773438 -0.194732666015625 0.00964355468749998
0.279922485351563 0.011871337890625 -0.198348999023437 -0.169525146484375
0.20892333984375 0.20379638671875 -0.09136962890625 -0.3162841796875
0.00715637207031252 0.2711181640625 0.22039794921875 -0.328765869140625
-0.2603759765625 0.144577026367188 0.500274658203125 -0.07977294921875
-0.312591552734375 -0.0491943359375 0.357452392578125 0.169769287109375
-0.236480712890625 -0.251144409179687 0.198074340820312 -0.000167846679687515
-0.1380615234375 -0.1849365234375 -0.515594482421875 -0.171051025390625
-0.213134765625 -0.0438690185546875 -0.545440673828125 -0.112548828125
-0.17620849609375 0.108734130859375 -0.415618896484375 0.062469482421875
-0.021820068359375 0.200149536132813 -0.303436279296875 0.142608642578125
0.119155883789063 0.138496398925781 -0.203704833984375 0.163131713867188
0.196746826171875 -0.00762939453125 -0.127029418945313 0.178375244140625
0.153045654296875 -0.0833740234375 -0.117050170898437 0.17034912109375
0.138092041015625 -0.0706024169921875 -0.166976928710938 0.129058837890625
0.179702758789063 -0.069244384765625 -0.254989624023438 0.0366058349609375
0.1832275390625 0.0185394287109375 -0.244888305664063 -0.184188842773438
0.116897583007813 0.148269653320313 -0.07470703125 -0.359893798828125
-0.03277587890625 0.16485595703125 0.277313232421875 -0.326019287109375
-0.188446044921875 0.037872314453125 0.51165771484375 0.001983642578125
-0.190765380859375 -0.0912628173828125 0.284698486328125 0.19097900390625
-0.12945556640625 -0.220779418945313 0.137893676757813 -0.0885086059570313
-0.02679443359375 -0.120048522949219 -0.58819580078125 -0.168701171875
-0.105255126953125 -0.0510635375976562 -0.57769775390625 -0.04144287109375
-0.0916976928710938 0.0263214111328125 -0.37774658203125 0.116546630859375
-0.03436279296875 0.0862655639648438 -0.275543212890625 0.159271240234375
0.0390129089355469 0.0664558410644531 -0.194290161132812 0.171554565429688
0.0817337036132813 -0.004425048828125 -0.14080810546875 0.205169677734375
0.0526275634765625 -0.0383987426757813 -0.134109497070313 0.213333129882813
0.04193115234375 -0.0386543273925781 -0.189041137695312 0.166961669921875
0.0650825500488281 -0.0377235412597656 -0.287689208984375 0.0465393066406251
0.069488525390625 -0.00694656372070313 -0.259368896484375 -0.197952270507812
0.0472679138183594 0.0476837158203125 -0.031036376953125 -0.379913330078125
-0.0078887939453125 0.0455780029296875 0.330718994140625 -0.29364013671875
-0.0601730346679688 -0.007080078125 0.503021240234375 0.080474853515625
-0.0583343505859375 -0.0524635314941406 0.240966796875 0.19512939453125
-0.03045654296875 -0.127265930175781 0.12152099609375 -0.156753540039062
-0.0203857421875 -0.071136474609375 -0.04876708984375 0.179458618164062
-0.0329170227050781 -0.0396614074707031 -0.181747436523437 -0.208511352539062
-0.107017517089844 0.00313568115234374 -0.50823974609375 -0.1124267578125
-0.0759735107421875 0.0853271484375 -0.41180419921875 0.29608154296875
0.014129638671875 0.102523803710938 -0.014068603515625 0.38214111328125
0.0737686157226563 0.0430526733398438 0.2689208984375 0.168014526367188
0.0792236328125 -0.0260467529296875 0.289886474609375 -0.117767333984375
0.0514678955078125 -0.02655029296875 0.166244506835938 -0.226837158203125
0.0483589172363281 -0.037841796875 0.111953735351562 -0.261322021484375
0.0608711242675781 -0.0384483337402344 0.14483642578125 -0.246551513671875
0.0749435424804688 -0.012115478515625 0.162200927734375 -0.207550048828125
0.078857421875 0.0237579345703125 0.226608276367187 -0.170089721679687
0.0491561889648438 0.0799636840820313 0.36798095703125 -0.149322509765625
-0.0146484375 0.112014770507813 0.5596923828125 -0.069305419921875
-0.0632438659667969 0.0591049194335938 0.6302490234375 0.1114501953125
-0.0905609130859375 -0.182464599609375 -0.0737457275390625 0.146881103515625
-0.116912841796875 -0.119010925292969 -0.196945190429688 -0.228485107421875
-0.23333740234375 -0.00112915039062503 -0.50213623046875 -0.137725830078125
-0.142807006835938 0.179611206054687 -0.41461181640625 0.25555419921875
0.0431365966796875 0.207122802734375 -0.052703857421875 0.343170166015625
0.184326171875 0.075897216796875 0.220413208007813 0.159454345703125
0.184478759765625 -0.0657806396484375 0.245101928710938 -0.101760864257813
0.143234252929687 -0.07525634765625 0.129180908203125 -0.20428466796875
0.154052734375 -0.105377197265625 0.077545166015625 -0.2352294921875
0.1795654296875 -0.074432373046875 0.098785400390625 -0.244171142578125
0.196990966796875 0.0271759033203125 0.111526489257813 -0.215408325195313
0.145782470703125 0.124267578125 0.197799682617188 -0.200225830078125
-0.01080322265625 0.19622802734375 0.364959716796875 -0.1890869140625
-0.141265869140625 0.166900634765625 0.555999755859375 -0.080718994140625
-0.19720458984375 0.01263427734375 0.6123046875 0.10040283203125
-0.158767700195312 -0.265182495117188 -0.124397277832031 0.0825576782226562
-0.205917358398438 -0.162841796875 -0.239837646484375 -0.249252319335938
-0.329437255859375 0.027862548828125 -0.4935302734375 -0.1351318359375
-0.1729736328125 0.270355224609375 -0.390655517578125 0.2152099609375
0.085601806640625 0.285797119140625 -0.082550048828125 0.286865234375
0.276763916015625 0.086334228515625 0.153533935546875 0.140213012695313
0.262100219726563 -0.102127075195313 0.173843383789063 -0.068572998046875
0.214675903320313 -0.11376953125 0.075408935546875 -0.151336669921875
0.24029541015625 -0.158538818359375 0.0298919677734375 -0.1771240234375
0.277084350585938 -0.097259521484375 0.033905029296875 -0.218154907226563
0.294708251953125 0.07000732421875 0.0479583740234375 -0.218490600585938
0.190322875976563 0.215774536132812 0.1715087890625 -0.236480712890625
-0.07574462890625 0.2890625 0.38037109375 -0.2110595703125
-0.254745483398438 0.193801879882812 0.538848876953125 -0.048980712890625
-0.30303955078125 -0.043365478515625 0.54058837890625 0.09307861328125
-0.221343994140625 -0.299041748046875 -0.199234008789063 0.000457763671874977
-0.28594970703125 -0.152587890625 -0.3128662109375 -0.253173828125
-0.37249755859375 0.0962829589843749 -0.48553466796875 -0.09918212890625
-0.144683837890625 0.33795166015625 -0.362030029296875 0.1845703125
0.140777587890625 0.30908203125 -0.116546630859375 0.230316162109375
0.3310546875 0.063079833984375 0.0709228515625 0.125541687011719
0.29443359375 -0.131805419921875 0.0864791870117188 -0.0180282592773438
0.251296997070313 -0.134490966796875 0.00837707519531252 -0.0762252807617188
0.290985107421875 -0.181396484375 -0.0360107421875 -0.101264953613281
0.335693359375 -0.091522216796875 -0.0468597412109375 -0.181732177734375
0.3399658203125 0.12359619140625 -0.0236663818359375 -0.22802734375
0.184417724609375 0.2886962890625 0.155776977539062 -0.275390625
-0.15582275390625 0.326263427734375 0.413787841796875 -0.207366943359375
-0.340057373046875 0.16900634765625 0.502777099609375 0.016143798828125
-0.357574462890625 -0.11212158203125 0.433135986328125 0.078277587890625
-0.2513427734375 -0.284088134765625 -0.305267333984375 -0.064208984375
-0.323822021484375 -0.10418701171875 -0.401702880859375 -0.216949462890625
-0.347747802734375 0.158233642578125 -0.467987060546875 -0.0433349609375001
-0.08306884765625 0.355560302734375 -0.3353271484375 0.159423828125
0.185745239257813 0.279861450195313 -0.155136108398438 0.189239501953125
0.338653564453125 0.019683837890625 -0.0130996704101562 0.129020690917969
0.282684326171875 -0.147979736328125 0.00106048583984377 0.0483360290527344
0.249725341796875 -0.137832641601563 -0.0588569641113281 0.00791931152343749
0.300018310546875 -0.173980712890625 -0.110664367675781 -0.0258331298828125
0.342376708984375 -0.06048583984375 -0.131759643554688 -0.15283203125
0.319732666015625 0.172210693359375 -0.0823974609375 -0.25384521484375
0.123199462890625 0.31854248046875 0.161956787109375 -0.312530517578125
-0.22918701171875 0.28448486328125 0.45404052734375 -0.1705322265625
-0.368316650390625 0.0866394042968751 0.440399169921875 0.093994140625
-0.34234619140625 -0.182281494140625 0.305084228515625 0.04290771484375
-0.234146118164062 -0.237350463867188 -0.420928955078125 -0.10003662109375
-0.300567626953125 -0.04962158203125 -0.480010986328125 -0.146331787109375
-0.270187377929687 0.176834106445313 -0.4364013671875 0.019775390625
-0.0230712890625 0.30804443359375 -0.314697265625 0.14752197265625
0.189407348632813 0.210723876953125 -0.188613891601562 0.170989990234375
0.293365478515625 -0.01953125 -0.0824737548828124 0.15545654296875
0.229812622070312 -0.141204833984375 -0.0660858154296875 0.122817993164062
0.208404541015625 -0.122390747070313 -0.116836547851562 0.0884017944335937
0.26055908203125 -0.141326904296875 -0.186538696289062 0.0334930419921875
0.289306640625 -0.022918701171875 -0.207748413085937 -0.144027709960938
0.239120483398438 0.18341064453125 -0.112884521484375 -0.298370361328125
0.0368804931640625 0.27734375 0.198089599609375 -0.33795166015625
-0.250198364257813 0.17401123046875 0.4913330078125 -0.10418701171875
-0.317047119140625 -0.013916015625 0.360504150390625 0.1568603515625
-0.263961791992188 -0.222549438476563 0.1895751953125 -0.02056884765625
-0.159698486328125 -0.179107666015625 -0.52740478515625 -0.10565185546875
-0.221878051757813 -0.02508544921875 -0.53515625 -0.061248779296875
-0.176513671875 0.132537841796875 -0.3984375 0.079376220703125
0.00025939941406251 0.212905883789063 -0.2960205078125 0.14776611328125
0.143585205078125 0.130966186523438 -0.205413818359375 0.17340087890625
0.203887939453125 -0.034271240234375 -0.123764038085938 0.193252563476563
0.1485595703125 -0.106124877929687 -0.106185913085937 0.192031860351563
0.13482666015625 -0.0902557373046875 -0.154830932617187 0.153121948242188
0.177230834960938 -0.09698486328125 -0.246078491210938 0.06976318359375
0.191497802734375 -0.0038299560546875 -0.257095336914062 -0.153167724609375
0.137702941894531 0.137435913085938 -0.1019287109375 -0.345489501953125
-0.016357421875 0.172073364257813 0.255950927734375 -0.339080810546875
-0.186492919921875 0.056365966796875 0.510162353515625 -0.02069091796875
-0.196563720703125 -0.0706329345703125 0.28558349609375 0.189544677734375
-0.152481079101563 -0.204605102539063 0.117698669433594 -0.10028076171875
-0.0402297973632813 -0.126785278320313 -0.601806640625 -0.0953979492187501
-0.114273071289062 -0.0437469482421875 -0.562255859375 0.0129394531249999
-0.0980072021484375 0.0380096435546875 -0.357574462890625 0.1298828125
-0.0245361328125 0.0978012084960938 -0.269729614257813 0.16131591796875
0.053131103515625 0.0661697387695313 -0.197372436523438 0.182113647460937
0.0871429443359375 -0.0164871215820313 -0.136489868164062 0.22418212890625
0.05108642578125 -0.0462989807128906 -0.119705200195312 0.240234375
0.0411720275878906 -0.0448684692382813 -0.1719970703125 0.196731567382813
0.0650177001953125 -0.0480461120605469 -0.277999877929688 0.08465576171875
0.0719451904296875 -0.0153961181640625 -0.273468017578125 -0.164901733398437
0.0538215637207031 0.043212890625 -0.060211181640625 -0.36737060546875
-0.00397109985351563 0.0467529296875 0.312744140625 -0.30889892578125
-0.0590782165527344 -0.00395584106445312 0.50738525390625 0.062713623046875
-0.0588607788085937 -0.0457916259765625 0.237518310546875 0.198974609375
-0.0428466796875 -0.122230529785156 0.0914154052734375 -0.165557861328125
-0.0331916809082031 -0.0670661926269531 -0.0135498046875 0.1756591796875
-0.0337600708007813 -0.0371513366699219 -0.166900634765625 -0.218917846679688
-0.108833312988281 0.014251708984375 -0.507568359375 -0.1025390625
-0.0678787231445313 0.0949630737304688 -0.39093017578125 0.303253173828125
0.0254592895507813 0.100090026855469 0.00753784179687501 0.366424560546875
0.0758056640625 0.0329208374023438 0.271438598632813 0.137496948242188
0.0707550048828125 -0.0344390869140625 0.269515991210938 -0.14801025390625
0.0454597473144531 -0.0302085876464844 0.140701293945313 -0.246047973632813
0.0403251647949219 -0.0415115356445313 0.09185791015625 -0.27899169921875
0.0526504516601563 -0.0443916320800781 0.13580322265625 -0.2637939453125
0.0695343017578125 -0.0227584838867188 0.163803100585938 -0.21429443359375
0.080078125 0.0140380859375 0.225234985351563 -0.165283203125
0.0589218139648437 0.0728530883789063 0.34320068359375 -0.147491455078125
0.00113677978515625 0.115531921386719 0.527801513671875 -0.104217529296875
-0.0569725036621094 0.0691566467285156 0.6217041015625 0.04248046875
-0.110595703125 -0.168243408203125 -0.0419158935546875 0.147247314453125
-0.120979309082031 -0.106391906738281 -0.181076049804687 -0.2333984375
-0.233627319335938 0.0229339599609375 -0.49853515625 -0.12786865234375
-0.12451171875 0.19476318359375 -0.394073486328125 0.260101318359375
0.0652008056640625 0.20208740234375 -0.032958984375 0.33154296875
0.189971923828125 0.053375244140625 0.223709106445313 0.13287353515625
0.17291259765625 -0.0867156982421875 0.227188110351562 -0.127120971679687
0.132545471191406 -0.0893096923828125 0.106460571289062 -0.218734741210937
0.138641357421875 -0.122383117675781 0.060516357421875 -0.249908447265625
0.168899536132813 -0.0941925048828125 0.09051513671875 -0.256500244140625
0.198989868164062 0.0032501220703125 0.113632202148438 -0.217941284179687
0.15771484375 0.10968017578125 0.194305419921875 -0.194427490234375
0.00820922851562501 0.197357177734375 0.33880615234375 -0.185699462890625
-0.120986938476562 0.1810302734375 0.524932861328125 -0.11358642578125
-0.193984985351562 0.0352630615234375 0.60296630859375 0.03460693359375
-0.183624267578125 -0.242446899414063 -0.0989837646484375 0.0920486450195313
-0.210769653320312 -0.141387939453125 -0.22454833984375 -0.24603271484375
-0.327392578125 0.061279296875 -0.488800048828125 -0.125244140625
-0.1446533203125 0.28729248046875 -0.372222900390625 0.218902587890625
0.115249633789063 0.276229858398438 -0.0688323974609375 0.277999877929687
0.284515380859375 0.053924560546875 0.155731201171875 0.119415283203125
0.2476806640625 -0.13336181640625 0.160980224609375 -0.0872802734375
0.200958251953125 -0.136550903320312 0.058868408203125 -0.160171508789063
0.21942138671875 -0.18731689453125 0.021209716796875 -0.186859130859375
0.266006469726563 -0.1282958984375 0.0290374755859375 -0.223175048828125
0.30328369140625 0.036865234375 0.048828125 -0.214645385742187
0.211944580078125 0.1982421875 0.164901733398438 -0.229080200195313
-0.0498046875 0.29736328125 0.3546142578125 -0.2109375
-0.231887817382813 0.218734741210938 0.51226806640625 -0.079071044921875
-0.304046630859375 -0.0108642578125 0.532989501953125 0.0352783203125
-0.245941162109375 -0.272415161132812 -0.181640625 0.02288818359375
-0.29022216796875 -0.126220703125 -0.299591064453125 -0.238555908203125
-0.3653564453125 0.13189697265625 -0.47705078125 -0.0868530273437499
-0.11114501953125 0.3529052734375 -0.345245361328125 0.185272216796875
0.173797607421875 0.295745849609375 -0.107147216796875 0.225723266601563
0.337066650390625 0.02508544921875 0.0721282958984375 0.11279296875
0.278411865234375 -0.16705322265625 0.0792617797851563 -0.0269012451171875
0.2359619140625 -0.162277221679688 0.000198364257812516 -0.0772781372070313
0.269699096679687 -0.217727661132812 -0.0351409912109375 -0.103080749511719
0.326690673828125 -0.129302978515625 -0.048187255859375 -0.176849365234375
0.355010986328125 0.0859375 -0.023468017578125 -0.215774536132813
0.2139892578125 0.2734375 0.144729614257812 -0.266586303710938
-0.126190185546875 0.341888427734375 0.3885498046875 -0.211669921875
-0.318328857421875 0.201324462890625 0.483856201171875 -0.00915527343749999
-0.36358642578125 -0.0742797851562501 0.424591064453125 0.032928466796875
-0.274246215820313 -0.25732421875 -0.292205810546875 -0.028717041015625
-0.32672119140625 -0.076995849609375 -0.384918212890625 -0.190460205078125
-0.337860107421875 0.193328857421875 -0.453948974609375 -0.032745361328125
-0.048095703125 0.366546630859375 -0.32275390625 0.159698486328125
0.21728515625 0.262710571289063 -0.150238037109375 0.188995361328125
0.342132568359375 -0.01953125 -0.01177978515625 0.125411987304688
0.2666015625 -0.183059692382813 0.000900268554687514 0.0494232177734375
0.235565185546875 -0.1661376953125 -0.0574760437011719 0.0147972106933594
0.280197143554688 -0.211441040039063 -0.102149963378906 -0.0183029174804687
0.337188720703125 -0.098724365234375 -0.130714416503906 -0.137153625488281
0.34014892578125 0.1375732421875 -0.087066650390625 -0.234634399414063
0.15411376953125 0.309539794921875 0.14752197265625 -0.304840087890625
-0.203033447265625 0.30548095703125 0.432769775390625 -0.17938232421875
-0.35382080078125 0.121734619140625 0.430450439453125 0.0767822265625
-0.35382080078125 -0.144195556640625 0.29461669921875 0.0128173828125
-0.25360107421875 -0.215957641601562 -0.410400390625 -0.0513916015625
-0.30218505859375 -0.0260009765625 -0.457916259765625 -0.11175537109375
-0.261016845703125 0.205368041992188 -0.418792724609375 0.029571533203125
0.00662231445312503 0.315826416015625 -0.306060791015625 0.144378662109375
0.215438842773438 0.19439697265625 -0.187911987304688 0.174301147460938
0.294219970703125 -0.052978515625 -0.0796966552734375 0.160552978515625
0.216323852539062 -0.1690673828125 -0.0582809448242188 0.132774353027344
0.197479248046875 -0.145355224609375 -0.106903076171875 0.101974487304687
0.24505615234375 -0.174026489257813 -0.171463012695312 0.0501861572265625
0.288238525390625 -0.054901123046875 -0.20697021484375 -0.120101928710938
0.259521484375 0.158493041992188 -0.122848510742188 -0.2757568359375
0.0627899169921875 0.27545166015625 0.177337646484375 -0.333343505859375
-0.233963012695313 0.195556640625 0.475250244140625 -0.11724853515625
-0.310333251953125 0.016082763671875 0.356109619140625 0.149749755859375
-0.27874755859375 -0.191635131835938 0.1751708984375 -0.0360107421875
-0.175155639648438 -0.168777465820312 -0.516571044921875 -0.0460510253906249
-0.223922729492188 -0.00894165039062501 -0.506591796875 -0.022613525390625
-0.172134399414063 0.15277099609375 -0.3760986328125 0.0834960937499999
0.0219879150390625 0.218307495117188 -0.28997802734375 0.144439697265625
0.16217041015625 0.11962890625 -0.205398559570313 0.1795654296875
0.204025268554688 -0.058685302734375 -0.118606567382813 0.204208374023437
0.139602661132813 -0.124870300292969 -0.09222412109375 0.207794189453125
0.128288269042969 -0.105400085449219 -0.137557983398437 0.172195434570313
0.168304443359375 -0.118911743164062 -0.227462768554687 0.093658447265625
0.193267822265625 -0.0248260498046875 -0.257843017578125 -0.123672485351563
0.151748657226563 0.123077392578125 -0.11737060546875 -0.321075439453125
-0.000808715820312506 0.173171997070313 0.23455810546875 -0.339874267578125
-0.1788330078125 0.07037353515625 0.500396728515625 -0.0316162109375
-0.195053100585938 -0.0511932373046875 0.282135009765625 0.19256591796875
-0.165313720703125 -0.183212280273438 0.09564208984375 -0.10406494140625
-0.0536956787109375 -0.129867553710938 -0.59027099609375 -0.0283203124999999
-0.119026184082031 -0.035919189453125 -0.52935791015625 0.0537109375000001
-0.101249694824219 0.049774169921875 -0.335113525390625 0.1287841796875
-0.0142593383789063 0.105567932128906 -0.266082763671875 0.15631103515625
0.0643119812011719 0.0625495910644531 -0.198760986328125 0.188949584960938
0.0891265869140625 -0.0282745361328125 -0.130340576171875 0.239715576171875
0.0486640930175781 -0.0525436401367188 -0.100860595703125 0.259567260742188
0.0392532348632812 -0.0489578247070312 -0.150131225585938 0.217239379882812
0.061920166015625 -0.0569572448730469 -0.258743286132813 0.113479614257813
0.0716705322265625 -0.023162841796875 -0.274520874023438 -0.132614135742187
0.0577011108398438 0.0369186401367188 -0.07843017578125 -0.347625732421875
-5.72204589843733E-05 0.0454826354980469 0.292572021484375 -0.31390380859375
-0.0563774108886719 -0.00257110595703126 0.500823974609375 0.0523681640625
-0.0559768676757813 -0.03997802734375 0.229324340820313 0.207443237304688
-0.05059814453125 -0.114067077636719 0.06280517578125 -0.1640625
-0.0434036254882813 -0.0609855651855469 0.0148468017578125 0.165435791015625
-0.0333328247070312 -0.0353507995605469 -0.152420043945312 -0.2388916015625
-0.109169006347656 0.0238113403320313 -0.505950927734375 -0.105712890625
-0.0599441528320312 0.102279663085938 -0.378662109375 0.29840087890625
0.0337371826171875 0.0968093872070313 0.017791748046875 0.350738525390625
0.0749282836914062 0.0250701904296875 0.266921997070313 0.112594604492188
0.0631866455078125 -0.0388069152832031 0.2490234375 -0.169830322265625
0.0399017333984375 -0.0308189392089844 0.118850708007813 -0.257537841796875
0.033355712890625 -0.0420417785644531 0.073486328125 -0.292510986328125
0.0448760986328125 -0.0473251342773438 0.129684448242188 -0.278823852539063
0.0639457702636719 -0.0297698974609375 0.17022705078125 -0.22039794921875
0.079345703125 0.0059814453125 0.231521606445312 -0.15765380859375
0.06573486328125 0.0659217834472656 0.3280029296875 -0.13409423828125
0.014862060546875 0.115486145019531 0.49542236328125 -0.121826171875
-0.0510330200195313 0.0767669677734375 0.6043701171875 -0.00903320312499999
-0.123764038085938 -0.1536865234375 -0.0164337158203125 0.14154052734375
-0.121528625488281 -0.09783935546875 -0.163955688476562 -0.248794555664063
-0.23138427734375 0.0411834716796875 -0.496490478515625 -0.13165283203125
-0.108428955078125 0.204086303710938 -0.381500244140625 0.255157470703125
0.0810089111328125 0.195281982421875 -0.02435302734375 0.318267822265625
0.190399169921875 0.0357666015625 0.219573974609375 0.111358642578125
0.16021728515625 -0.101821899414063 0.209686279296875 -0.144973754882813
0.12225341796875 -0.0988388061523438 0.0871429443359375 -0.227859497070313
0.124015808105469 -0.134002685546875 0.046630859375 -0.261566162109375
0.157485961914063 -0.108795166015625 0.0855255126953125 -0.268447875976562
0.197357177734375 -0.01513671875 0.119766235351563 -0.221054077148437
0.166061401367188 0.09759521484375 0.199996948242188 -0.186279296875
0.0220794677734375 0.196304321289063 0.321685791015625 -0.172027587890625
-0.102691650390625 0.189910888671875 0.495574951171875 -0.128875732421875
-0.189208984375 0.05267333984375 0.5849609375 -0.0128173828125
-0.198989868164063 -0.221328735351562 -0.0757369995117188 0.0951614379882812
-0.211196899414063 -0.126312255859375 -0.207077026367188 -0.254135131835937
-0.321929931640625 0.0860595703125 -0.483306884765625 -0.126739501953125
-0.1220703125 0.297882080078125 -0.362091064453125 0.21099853515625
0.138504028320313 0.265625 -0.0634002685546875 0.268203735351563
0.284881591796875 0.027679443359375 0.152313232421875 0.102401733398438
0.2315673828125 -0.156997680664063 0.147674560546875 -0.100357055664063
0.186798095703125 -0.153762817382813 0.045318603515625 -0.165634155273438
0.199813842773437 -0.207901000976562 0.013031005859375 -0.195877075195313
0.25250244140625 -0.152755737304688 0.027496337890625 -0.228988647460938
0.306060791015625 0.00885009765625 0.0554046630859375 -0.212997436523438
0.227767944335938 0.182998657226563 0.167709350585938 -0.218536376953125
-0.0286865234375 0.3023681640625 0.3385009765625 -0.20037841796875
-0.210769653320313 0.235107421875 0.4871826171875 -0.092010498046875
-0.300994873046875 0.01434326171875 0.51507568359375 -0.0064697265625
-0.260467529296875 -0.247177124023438 -0.162429809570313 0.036376953125
-0.28973388671875 -0.107757568359375 -0.28131103515625 -0.236114501953125
-0.35662841796875 0.1590576171875 -0.467559814453125 -0.0893859863281251
-0.083892822265625 0.36163330078125 -0.33721923828125 0.1788330078125
0.19866943359375 0.28216552734375 -0.104782104492188 0.219696044921875
0.337432861328125 -0.00555419921875 0.0691986083984375 0.102760314941406
0.261337280273438 -0.193450927734375 0.0720596313476563 -0.0329360961914063
0.2220458984375 -0.183135986328125 -0.00555419921874999 -0.0772552490234375
0.247390747070312 -0.243621826171875 -0.0348968505859375 -0.106529235839844
0.315338134765625 -0.158599853515625 -0.04498291015625 -0.175003051757813
0.36334228515625 0.0552978515625 -0.0176849365234375 -0.207626342773437
0.235000610351563 0.259384155273438 0.143356323242188 -0.254974365234375
-0.10235595703125 0.35272216796875 0.371673583984375 -0.204132080078125
-0.29791259765625 0.2236328125 0.465087890625 -0.02008056640625
-0.36328125 -0.0444335937499999 0.4095458984375 0.000732421874999997
-0.288177490234375 -0.2342529296875 -0.274734497070313 -0.00323486328124998
-0.325592041015625 -0.05780029296875 -0.36151123046875 -0.17852783203125
-0.32806396484375 0.21954345703125 -0.44140625 -0.0344848632812501
-0.020477294921875 0.372467041015625 -0.317626953125 0.150909423828125
0.241500854492188 0.247482299804688 -0.150634765625 0.187301635742188
0.340301513671875 -0.050384521484375 -0.0135879516601562 0.122154235839844
0.249465942382813 -0.2083740234375 0.000804901123046893 0.0510177612304687
0.222747802734375 -0.187164306640625 -0.0550003051757812 0.020263671875
0.260238647460938 -0.23956298828125 -0.0933914184570313 -0.0158309936523438
0.32928466796875 -0.129241943359375 -0.125259399414062 -0.127227783203125
0.3529052734375 0.10870361328125 -0.0830230712890625 -0.219955444335938
0.177490234375 0.29986572265625 0.140472412109375 -0.292938232421875
-0.1826171875 0.320404052734375 0.418212890625 -0.17547607421875
-0.337738037109375 0.14605712890625 0.418304443359375 0.071258544921875
-0.356689453125 -0.1136474609375 0.280609130859375 -0.00785827636718751
-0.266204833984375 -0.198699951171875 -0.392669677734375 -0.0155029296875001
-0.301239013671875 -0.010986328125 -0.428741455078125 -0.0937194824218749
-0.253036499023438 0.228012084960938 -0.40264892578125 0.025482177734375
0.031005859375 0.319854736328125 -0.302093505859375 0.135498046875
0.235870361328125 0.180450439453125 -0.190643310546875 0.17645263671875
0.291961669921875 -0.081024169921875 -0.0799102783203125 0.164077758789063
0.202377319335938 -0.191238403320313 -0.051422119140625 0.140853881835938
0.18780517578125 -0.163925170898438 -0.096343994140625 0.112098693847656
0.229629516601562 -0.199111938476562 -0.15728759765625 0.0595245361328125
0.284820556640625 -0.080902099609375 -0.200302124023438 -0.102951049804688
0.273117065429688 0.136520385742188 -0.123428344726563 -0.257110595703125
0.0831298828125 0.27154541015625 0.1689453125 -0.3240966796875
-0.219711303710937 0.210220336914063 0.4656982421875 -0.115264892578125
-0.300933837890625 0.03802490234375 0.34967041015625 0.1533203125
-0.284759521484375 -0.16546630859375 0.159805297851563 -0.0436553955078125
-0.18743896484375 -0.159530639648437 -0.497314453125 -0.00164794921875
-0.225204467773437 0.00303649902343753 -0.474517822265625 -0.00198364257812508
-0.167892456054688 0.169723510742187 -0.360260009765625 0.076629638671875
0.0396270751953125 0.222396850585938 -0.29071044921875 0.135009765625
0.176803588867188 0.109222412109375 -0.211013793945313 0.184005737304687
0.202560424804687 -0.07855224609375 -0.11651611328125 0.213760375976563
0.130874633789063 -0.13946533203125 -0.07843017578125 0.220809936523438
0.122550964355469 -0.117172241210937 -0.121505737304688 0.185134887695313
0.15863037109375 -0.135818481445313 -0.209182739257812 0.108505249023437
0.192138671875 -0.0420379638671875 -0.2518310546875 -0.100845336914063
0.16192626953125 0.110580444335938 -0.121826171875 -0.302398681640625
0.01068115234375 0.173171997070313 0.22406005859375 -0.332366943359375
-0.172271728515625 0.079742431640625 0.4940185546875 -0.030242919921875
-0.189620971679688 -0.0372161865234375 0.2774658203125 0.203445434570313
-0.171951293945313 -0.165878295898438 0.0757675170898437 -0.102218627929688
-0.0659332275390625 -0.131271362304687 -0.57000732421875 0.0213623046875001
-0.122871398925781 -0.0300140380859375 -0.4959716796875 0.073822021484375
-0.103500366210938 0.061920166015625 -0.319122314453125 0.1181640625
-0.00457763671875 0.111839294433594 -0.269500732421875 0.146759033203125
0.074859619140625 0.0589523315429687 -0.205978393554688 0.1934814453125
0.0900344848632813 -0.038848876953125 -0.126434326171875 0.25262451171875
0.0471916198730469 -0.0587081909179688 -0.0840301513671875 0.275405883789063
0.0389785766601563 -0.0532073974609375 -0.130386352539063 0.23223876953125
0.0592460632324219 -0.0638275146484375 -0.2388916015625 0.13232421875
0.071624755859375 -0.029754638671875 -0.269546508789063 -0.1070556640625
0.0608634948730469 0.0323867797851563 -0.086151123046875 -0.32928466796875
0.00236129760742187 0.0449256896972656 0.2822265625 -0.307830810546875
-0.0540542602539063 -0.0019683837890625 0.4970703125 0.057037353515625
-0.0524177551269531 -0.0364303588867188 0.221527099609375 0.224502563476563
-0.0543441772460938 -0.106971740722656 0.0380859375 -0.156753540039063
-0.0529136657714844 -0.0547065734863281 0.0391387939453125 0.154464721679688
-0.0335769653320313 -0.0362205505371094 -0.1429443359375 -0.268951416015625
-0.110450744628906 0.0316925048828125 -0.51788330078125 -0.117340087890625
-0.0536422729492188 0.108711242675781 -0.380126953125 0.29461669921875
0.0407638549804688 0.0952606201171875 0.020416259765625 0.342132568359375
0.0741119384765625 0.0202178955078125 0.262908935546875 0.0955047607421875
0.0566673278808594 -0.0415115356445313 0.232986450195312 -0.187774658203125
0.0355415344238281 -0.0311279296875 0.100860595703125 -0.271163940429688
0.0277061462402344 -0.0418052673339844 0.058685302734375 -0.30877685546875
0.037811279296875 -0.0495071411132813 0.126556396484375 -0.2979736328125
0.0590629577636719 -0.0363388061523437 0.1810302734375 -0.2314453125
0.0793609619140625 -0.00077056884765625 0.246536254882813 -0.152862548828125
0.07171630859375 0.0601425170898438 0.324188232421875 -0.118621826171875
0.0270614624023438 0.116401672363281 0.4755859375 -0.129608154296875
-0.0461349487304688 0.0850372314453125 0.5921630859375 -0.0469970703125
-0.135635375976563 -0.14093017578125 0.00644683837890625 0.134918212890625
-0.122238159179688 -0.0933609008789063 -0.153350830078125 -0.274337768554688
-0.232192993164062 0.0569915771484375 -0.503936767578125 -0.143310546875
-0.0965423583984375 0.213607788085938 -0.383819580078125 0.2496337890625
0.0953216552734375 0.191925048828125 -0.023956298828125 0.310791015625
0.192428588867188 0.0216827392578125 0.215927124023438 0.0966796875
0.149993896484375 -0.113815307617188 0.196029663085938 -0.1610107421875
0.114448547363281 -0.107597351074219 0.07159423828125 -0.238693237304687
0.112106323242187 -0.144485473632813 0.035003662109375 -0.276473999023438
0.149673461914063 -0.12213134765625 0.083343505859375 -0.284820556640625
0.197006225585937 -0.031097412109375 0.130645751953125 -0.229843139648438
0.174636840820313 0.0886383056640625 0.214218139648438 -0.180953979492188
0.0347137451171875 0.198074340820313 0.3194580078125 -0.15771484375
-0.088043212890625 0.198348999023437 0.476806640625 -0.136627197265625
-0.1868896484375 0.0680694580078125 0.573974609375 -0.049560546875
-0.21234130859375 -0.204238891601563 -0.0548324584960938 0.0955886840820312
-0.212509155273438 -0.117538452148437 -0.1929931640625 -0.272918701171875
-0.319793701171875 0.107452392578125 -0.488983154296875 -0.140106201171875
-0.104034423828125 0.309600830078125 -0.36676025390625 0.202789306640625
0.159225463867188 0.260208129882813 -0.065032958984375 0.262710571289063
0.288055419921875 0.005584716796875 0.147705078125 0.091461181640625
0.2186279296875 -0.176223754882813 0.136619567871094 -0.111793518066406
0.17718505859375 -0.169326782226563 0.034088134765625 -0.171829223632813
0.183059692382813 -0.227188110351563 0.0067901611328125 -0.208236694335938
0.244064331054687 -0.174789428710938 0.028106689453125 -0.240371704101563
0.3114013671875 -0.01507568359375 0.066802978515625 -0.216552734375
0.24371337890625 0.172500610351563 0.178741455078125 -0.2127685546875
-0.0113525390625 0.3106689453125 0.3353271484375 -0.18792724609375
-0.1953125 0.250640869140625 0.47357177734375 -0.097381591796875
-0.3009033203125 0.035430908203125 0.503387451171875 -0.03741455078125
-0.275482177734375 -0.2288818359375 -0.14495849609375 0.04510498046875
-0.2913818359375 -0.0960388183593751 -0.2655029296875 -0.247390747070312
-0.353363037109375 0.184844970703125 -0.469940185546875 -0.100433349609375
-0.06219482421875 0.37347412109375 -0.341033935546875 0.169647216796875
0.222854614257813 0.274246215820313 -0.1090087890625 0.217666625976563
0.340301513671875 -0.0323486328125 0.0649261474609375 0.09625244140625
0.24713134765625 -0.217941284179687 0.0661087036132813 -0.0380172729492188
0.211776733398438 -0.202926635742187 -0.00997161865234374 -0.0783920288085938
0.229629516601563 -0.268081665039063 -0.0344161987304687 -0.113784790039063
0.307891845703125 -0.18634033203125 -0.041961669921875 -0.179122924804688
0.3743896484375 0.028564453125 -0.00747680664062497 -0.205307006835938
0.256607055664063 0.250411987304688 0.1517333984375 -0.248214721679687
-0.08404541015625 0.366851806640625 0.36962890625 -0.193695068359375
-0.284423828125 0.2442626953125 0.457275390625 -0.022003173828125
-0.36639404296875 -0.0198974609375 0.399810791015625 -0.022491455078125
-0.303009033203125 -0.2181396484375 -0.259429931640625 0.01556396484375
-0.328704833984375 -0.04583740234375 -0.344268798828125 -0.181976318359375
-0.3245849609375 0.2462158203125 -0.440673828125 -0.0455322265624999
0.00360107421874999 0.383819580078125 -0.32183837890625 0.1417236328125
0.26568603515625 0.237762451171875 -0.15777587890625 0.1881103515625
0.342437744140625 -0.0780029296875 -0.0181961059570312 0.122795104980469
0.236587524414063 -0.234100341796875 0.000782012939453136 0.0532875061035156
0.213973999023438 -0.208587646484375 -0.0526809692382812 0.0250434875488281
0.244735717773438 -0.26580810546875 -0.0869064331054687 -0.01641845703125
0.32598876953125 -0.156982421875 -0.119514465332031 -0.123764038085938
0.366973876953125 0.084014892578125 -0.07574462890625 -0.212432861328125
0.19989013671875 0.2957763671875 0.14453125 -0.285736083984375
-0.167755126953125 0.3370361328125 0.418426513671875 -0.16888427734375
-0.327117919921875 0.167999267578125 0.41668701171875 0.075592041015625
-0.363037109375 -0.0906066894531249 0.269577026367188 -0.0209197998046875
-0.279815673828125 -0.187210083007813 -0.37860107421875 0.01025390625
-0.30572509765625 0.000885009765624992 -0.4102783203125 -0.0907287597656251
-0.249343872070313 0.252426147460938 -0.39910888671875 0.015106201171875
0.053497314453125 0.32794189453125 -0.311248779296875 0.126129150390625
0.257644653320313 0.170440673828125 -0.199981689453125 0.180740356445313
0.2930908203125 -0.106292724609375 -0.082916259765625 0.170562744140625
0.1915283203125 -0.212371826171875 -0.0458831787109375 0.14984130859375
0.181015014648438 -0.182601928710938 -0.0879440307617187 0.12158203125
0.218460083007813 -0.222808837890625 -0.145980834960938 0.0656280517578125
0.283782958984375 -0.104766845703125 -0.194183349609375 -0.0921478271484375
0.287750244140625 0.11907958984375 -0.12030029296875 -0.246231079101563
0.0997161865234375 0.272598266601563 0.16973876953125 -0.319244384765625
-0.210586547851563 0.22509765625 0.469451904296875 -0.108367919921875
-0.295135498046875 0.055389404296875 0.352508544921875 0.166229248046875
-0.2919921875 -0.146331787109375 0.146881103515625 -0.04754638671875
-0.2001953125 -0.15399169921875 -0.48297119140625 0.03106689453125
-0.230133056640625 0.012054443359375 -0.45208740234375 0.0063476562500001
-0.16644287109375 0.188995361328125 -0.35589599609375 0.0634765625000001
0.0567779541015625 0.229537963867188 -0.302398681640625 0.12701416015625
0.193283081054688 0.101181030273438 -0.2210693359375 0.190628051757812
0.202957153320313 -0.09765625 -0.117691040039063 0.225555419921875
0.124557495117188 -0.154617309570313 -0.0672149658203125 0.234939575195313
0.119049072265625 -0.129859924316406 -0.108413696289063 0.198028564453125
0.151779174804688 -0.152206420898438 -0.1959228515625 0.120513916015625
0.193084716796875 -0.0585174560546875 -0.246444702148438 -0.0860443115234375
0.172348022460938 0.100997924804688 -0.121429443359375 -0.290283203125
0.0203857421875 0.175933837890625 0.226165771484375 -0.328216552734375
-0.169357299804687 0.088104248046875 0.5009765625 -0.021209716796875
-0.186172485351563 -0.027252197265625 0.278091430664063 0.224472045898438
-0.178298950195313 -0.153701782226563 0.0590591430664062 -0.0982208251953125
-0.0776214599609375 -0.132736206054688 -0.55596923828125 0.057891845703125
-0.129173278808594 -0.0250701904296875 -0.4718017578125 0.0826416015624999
-0.106536865234375 0.0743179321289063 -0.31597900390625 0.10491943359375
0.00581359863281249 0.120079040527344 -0.28411865234375 0.139556884765625
0.085662841796875 0.056396484375 -0.2188720703125 0.2027587890625
0.09222412109375 -0.04833984375 -0.125411987304688 0.269500732421875
0.0465927124023438 -0.0651969909667969 -0.0679931640625 0.293487548828125
0.0400123596191406 -0.0579795837402344 -0.114028930664063 0.246368408203125
0.0566940307617188 -0.0704574584960937 -0.22442626953125 0.147567749023437
0.072052001953125 -0.03643798828125 -0.264892578125 -0.0902404785156249
0.0638236999511719 0.0289039611816406 -0.087127685546875 -0.318145751953125
0.00396728515625 0.0448722839355469 0.284393310546875 -0.304779052734375
-0.0530738830566406 -0.00267028808593751 0.50531005859375 0.069122314453125
-0.0488395690917969 -0.0343208312988281 0.219253540039063 0.2508544921875
-0.0577621459960938 -0.102073669433594 0.017852783203125 -0.148483276367188
-0.0625457763671875 -0.046142578125 0.0643463134765625 0.143600463867188
-0.0360298156738281 -0.0373458862304687 -0.14581298828125 -0.30560302734375
-0.11334228515625 0.0420455932617187 -0.5439453125 -0.125274658203125
-0.0466995239257813 0.117362976074219 -0.391082763671875 0.3001708984375
0.049468994140625 0.0945968627929688 0.024871826171875 0.341796875
0.0746002197265625 0.0159912109375 0.262222290039063 0.0804595947265625
0.0509490966796875 -0.043609619140625 0.217117309570313 -0.20977783203125
0.0318832397460938 -0.0309734344482422 0.080047607421875 -0.289215087890625
0.0221977233886719 -0.0412063598632813 0.0394287109375 -0.330841064453125
0.0314140319824219 -0.0510482788085938 0.120635986328125 -0.325531005859375
0.0535049438476563 -0.0424537658691406 0.19305419921875 -0.251419067382812
0.0805206298828125 -0.00829315185546875 0.268569946289063 -0.157028198242188
0.0795974731445313 0.0546798706054688 0.33233642578125 -0.10797119140625
0.041046142578125 0.117073059082031 0.464508056640625 -0.1405029296875
-0.040679931640625 0.0945358276367188 0.589599609375 -0.08856201171875
-0.150192260742188 -0.127593994140625 0.0285720825195312 0.128730773925781
-0.1270751953125 -0.0900497436523437 -0.151947021484375 -0.307830810546875
-0.23492431640625 0.076080322265625 -0.52899169921875 -0.155548095703125
-0.0830078125 0.22747802734375 -0.394866943359375 0.251190185546875
0.112762451171875 0.1903076171875 -0.022796630859375 0.3116455078125
0.196929931640625 0.0064544677734375 0.214614868164063 0.083251953125
0.140838623046875 -0.128524780273438 0.18170166015625 -0.180160522460937
0.106986999511719 -0.118408203125 0.0531005859375 -0.2529296875
0.0995941162109375 -0.156387329101563 0.0185546875 -0.296875
0.140716552734375 -0.138092041015625 0.077880859375 -0.3082275390625
0.198715209960937 -0.0497894287109375 0.142120361328125 -0.248123168945312
0.186569213867187 0.0779876708984375 0.233596801757812 -0.184906005859375
0.051544189453125 0.2022705078125 0.326751708984375 -0.14947509765625
-0.0722198486328125 0.209579467773438 0.467742919921875 -0.14703369140625
-0.18621826171875 0.0867462158203125 0.57037353515625 -0.089599609375
-0.230453491210937 -0.187667846679688 -0.0345458984375 0.09588623046875
-0.218765258789063 -0.109634399414063 -0.191314697265625 -0.30145263671875
-0.3228759765625 0.13482666015625 -0.511474609375 -0.15203857421875
-0.083343505859375 0.3270263671875 -0.378753662109375 0.2022705078125
0.18597412109375 0.256378173828125 -0.06689453125 0.26556396484375
0.2943115234375 -0.019073486328125 0.145217895507813 0.08111572265625
0.20635986328125 -0.200592041015625 0.125640869140625 -0.12506103515625
0.166961669921875 -0.189651489257813 0.0207977294921875 -0.180572509765625
0.16510009765625 -0.249801635742187 -0.00434875488281247 -0.22467041015625
0.234954833984375 -0.201629638671875 0.0245208740234375 -0.258773803710937
0.31878662109375 -0.042510986328125 0.0765838623046875 -0.229949951171875
0.265548706054688 0.162139892578125 0.195281982421875 -0.21533203125
0.011199951171875 0.32354736328125 0.341766357421875 -0.180694580078125
-0.179611206054688 0.271743774414063 0.469146728515625 -0.10638427734375
-0.30474853515625 0.060089111328125 0.499755859375 -0.071136474609375
-0.2960205078125 -0.211151123046875 -0.128807067871094 0.0539474487304687
-0.30035400390625 -0.084320068359375 -0.262054443359375 -0.265289306640625
-0.35357666015625 0.21807861328125 -0.4876708984375 -0.109100341796875
-0.03619384765625 0.391510009765625 -0.3546142578125 0.167388916015625
0.254730224609375 0.266098022460938 -0.114898681640625 0.22198486328125
0.347015380859375 -0.063232421875 0.0606918334960938 0.0921249389648438
0.234146118164063 -0.247802734375 0.0597801208496094 -0.0432891845703125
0.201675415039063 -0.228607177734375 -0.0162200927734375 -0.0800323486328125
0.210906982421875 -0.298431396484375 -0.0369796752929687 -0.124114990234375
0.301666259765625 -0.220184326171875 -0.041351318359375 -0.188812255859375
0.38983154296875 -0.002471923828125 0.00102233886718753 -0.210769653320313
0.285003662109375 0.24322509765625 0.163772583007813 -0.249923706054687
-0.060791015625 0.387420654296875 0.378021240234375 -0.19049072265625
-0.27032470703125 0.270599365234375 0.46148681640625 -0.02642822265625
-0.3748779296875 0.00787353515625 0.393951416015625 -0.04608154296875
-0.323883056640625 -0.200836181640625 -0.246383666992188 0.033843994140625
-0.3385009765625 -0.030517578125 -0.33599853515625 -0.19036865234375
-0.3211669921875 0.28125 -0.452423095703125 -0.053375244140625
0.032745361328125 0.399444580078125 -0.33782958984375 0.139434814453125
0.29852294921875 0.22650146484375 -0.166412353515625 0.196701049804687
0.34808349609375 -0.11199951171875 -0.0225448608398437 0.126548767089844
0.223037719726563 -0.264495849609375 0.00088500976562502 0.0569915771484375
0.204360961914062 -0.23626708984375 -0.0506134033203125 0.0303878784179687
0.227081298828125 -0.298370361328125 -0.0831222534179687 -0.0181884765625
0.32305908203125 -0.192291259765625 -0.117584228515625 -0.123985290527344
0.38720703125 0.0570068359375 -0.0704498291015625 -0.211349487304688
0.229766845703125 0.294586181640625 0.152923583984375 -0.28790283203125
-0.1497802734375 0.36212158203125 0.43048095703125 -0.1683349609375
-0.320465087890625 0.194122314453125 0.427947998046875 0.079864501953125
-0.375244140625 -0.065216064453125 0.262954711914063 -0.034423828125
-0.300750732421875 -0.173797607421875 -0.36895751953125 0.0379333496093749
-0.31732177734375 0.015594482421875 -0.40087890625 -0.089569091796875
-0.2451171875 0.285552978515625 -0.40826416015625 0.00634765625000011
0.082122802734375 0.341217041015625 -0.32818603515625 0.1240234375
0.2862548828125 0.15716552734375 -0.211959838867187 0.192947387695313
0.29595947265625 -0.137298583984375 -0.0858001708984375 0.182632446289062
0.180419921875 -0.2401123046875 -0.0384368896484375 0.161911010742187
0.174148559570312 -0.206893920898437 -0.078460693359375 0.133613586425781
0.205307006835938 -0.25140380859375 -0.137458801269531 0.0727615356445313
0.2857666015625 -0.133514404296875 -0.193405151367188 -0.0838165283203125
0.3077392578125 0.0999755859375 -0.119735717773437 -0.241622924804688
0.123046875 0.277618408203125 0.17578125 -0.323150634765625
-0.2022705078125 0.246780395507813 0.4862060546875 -0.10894775390625
-0.2930908203125 0.0757141113281249 0.366851806640625 0.179412841796875
-0.305023193359375 -0.1273193359375 0.136222839355469 -0.050323486328125
-0.219192504882813 -0.148025512695312 -0.47430419921875 0.065216064453125
-0.239486694335938 0.02398681640625 -0.439056396484375 0.0137939453125001
-0.16326904296875 0.215118408203125 -0.362762451171875 0.05511474609375
0.079803466796875 0.239456176757813 -0.322265625 0.126617431640625
0.215469360351563 0.09002685546875 -0.235641479492188 0.207534790039062
0.204559326171875 -0.121673583984375 -0.117813110351563 0.245086669921875
0.117324829101563 -0.174209594726562 -0.052490234375 0.253433227539063
0.116134643554688 -0.147216796875 -0.09356689453125 0.214736938476563
0.144271850585938 -0.1719970703125 -0.184738159179688 0.134719848632812
0.195281982421875 -0.07708740234375 -0.24615478515625 -0.072235107421875
0.186279296875 0.0903778076171875 -0.125335693359375 -0.286041259765625
0.03271484375 0.18115234375 0.230194091796875 -0.33544921875
-0.167938232421875 0.099853515625 0.524200439453125 -0.01751708984375
-0.185623168945313 -0.01629638671875 0.293426513671875 0.249237060546875
-0.18865966796875 -0.142257690429688 0.0437164306640625 -0.0942306518554688
-0.0930557250976562 -0.1343994140625 -0.547393798828125 0.0985107421874999
-0.137855529785156 -0.0189437866210937 -0.458404541015625 0.094757080078125
-0.108596801757813 0.0912857055664062 -0.323150634765625 0.0958251953124999
0.0191497802734375 0.128807067871094 -0.30645751953125 0.14117431640625
0.0991058349609375 0.0513458251953125 -0.234085083007813 0.221145629882813
0.0940628051757813 -0.0610504150390625 -0.12225341796875 0.294097900390625
0.0452651977539063 -0.07452392578125 -0.048370361328125 0.315948486328125
0.0400733947753906 -0.0654067993164063 -0.095428466796875 0.266189575195313
0.0541915893554688 -0.0790557861328125 -0.211532592773438 0.166244506835938
0.072296142578125 -0.0445327758789063 -0.265274047851563 -0.0735015869140625
0.0684776306152344 0.0246009826660156 -0.09149169921875 -0.314727783203125
0.00617980957031249 0.0452651977539062 0.29315185546875 -0.311767578125
-0.053741455078125 -0.00306320190429689 0.529815673828125 0.07891845703125
-0.0462875366210937 -0.0337638854980469 0.22998046875 0.2835693359375
-0.0630416870117188 -0.0987625122070313 -0.0026092529296875 -0.139778137207031
-0.0719680786132813 -0.0334625244140625 0.091033935546875 0.128807067871094
-0.0403976440429688 -0.0376663208007812 -0.163818359375 -0.34326171875
-0.113716125488281 0.055999755859375 -0.583984375 -0.11932373046875
-0.0358505249023437 0.126846313476563 -0.40087890625 0.319671630859375
0.0606613159179688 0.0923004150390625 0.034881591796875 0.343597412109375
0.0757598876953125 0.01019287109375 0.262741088867188 0.061798095703125
0.0449333190917969 -0.0455093383789063 0.194259643554688 -0.236175537109375
0.0279655456542969 -0.0308017730712891 0.0499267578125 -0.30743408203125
0.016845703125 -0.0395469665527344 0.00924682617187497 -0.354583740234375
0.0233993530273438 -0.0534286499023438 0.103302001953125 -0.359222412109375
0.046234130859375 -0.0497856140136719 0.1983642578125 -0.28167724609375
0.0807952880859375 -0.0179061889648437 0.291046142578125 -0.173004150390625
0.0885543823242188 0.045562744140625 0.344085693359375 -0.10693359375
0.0580520629882813 0.1156005859375 0.45404052734375 -0.1591796875
-0.0314254760742188 0.10565185546875 0.58380126953125 -0.14208984375
-0.165802001953125 -0.108169555664063 0.0543289184570312 0.119422912597656
-0.135292053222656 -0.0841293334960938 -0.166778564453125 -0.3428955078125
-0.235076904296875 0.102218627929688 -0.56573486328125 -0.15338134765625
-0.0629119873046875 0.243453979492188 -0.4075927734375 0.26708984375
0.1365966796875 0.185165405273438 -0.015838623046875 0.317291259765625
0.2003173828125 -0.01348876953125 0.214675903320313 0.06732177734375
0.127609252929688 -0.144424438476563 0.161361694335938 -0.202117919921875
0.0967254638671875 -0.131240844726563 0.026763916015625 -0.267425537109375
0.08331298828125 -0.169357299804688 -0.00918579101562503 -0.31866455078125
0.127685546875 -0.15606689453125 0.0611572265625 -0.33807373046875
0.196533203125 -0.07342529296875 0.145538330078125 -0.274322509765625
0.201690673828125 0.0632476806640625 0.2532958984375 -0.200424194335938
0.0738525390625 0.20489501953125 0.33807373046875 -0.150604248046875
-0.0507965087890625 0.221832275390625 0.46026611328125 -0.166717529296875
-0.1820068359375 0.110671997070312 0.56256103515625 -0.1395263671875
-0.251602172851563 -0.162399291992188 -0.0118408203125 0.094085693359375
-0.22979736328125 -0.0964508056640625 -0.201904296875 -0.330352783203125
-0.318267822265625 0.17144775390625 -0.5457763671875 -0.150787353515625
-0.053558349609375 0.345977783203125 -0.393463134765625 0.21539306640625
0.219100952148438 0.245590209960937 -0.0643768310546875 0.273101806640625
0.2989501953125 -0.051422119140625 0.143463134765625 0.0703125
0.186752319335938 -0.227935791015625 0.109230041503906 -0.140144348144531
0.150650024414063 -0.211990356445313 0.00173950195312502 -0.189315795898438
0.140121459960938 -0.275482177734375 -0.0234222412109375 -0.242431640625
0.218765258789063 -0.235076904296875 0.0118865966796875 -0.280532836914063
0.324981689453125 -0.078826904296875 0.0805511474609375 -0.248626708984375
0.29302978515625 0.143341064453125 0.21173095703125 -0.228836059570313
0.0438232421875 0.336273193359375 0.35198974609375 -0.18621826171875
-0.156036376953125 0.29522705078125 0.465972900390625 -0.124114990234375
-0.307281494140625 0.09429931640625 0.493804931640625 -0.11395263671875
-0.321075439453125 -0.183349609375 -0.110382080078125 0.0636825561523438
-0.3135986328125 -0.0651245117187499 -0.268707275390625 -0.2838134765625
-0.344757080078125 0.26092529296875 -0.51702880859375 -0.108123779296875
0.002288818359375 0.40972900390625 -0.371734619140625 0.175933837890625
0.29425048828125 0.250335693359375 -0.116317749023438 0.233840942382813
0.35009765625 -0.1044921875 0.057647705078125 0.0895538330078125
0.2113037109375 -0.28350830078125 0.0518913269042969 -0.0487899780273438
0.18310546875 -0.259384155273438 -0.0242996215820312 -0.0818710327148438
0.182403564453125 -0.332733154296875 -0.04620361328125 -0.134979248046875
0.287506103515625 -0.26275634765625 -0.048583984375 -0.2005615234375
0.40350341796875 -0.0455322265625 0.00440979003906253 -0.221420288085938
0.321441650390625 0.2266845703125 0.174240112304688 -0.261123657226563
-0.02520751953125 0.410186767578125 0.388763427734375 -0.19976806640625
-0.249542236328125 0.302703857421875 0.466644287109375 -0.0406494140625
-0.382568359375 0.0457458496093749 0.3887939453125 -0.078582763671875
-0.350616455078125 -0.175079345703125 -0.231826782226563 0.056121826171875
-0.351593017578125 -0.00692749023437507 -0.337432861328125 -0.19561767578125
-0.307830810546875 0.327239990234375 -0.4752197265625 -0.0509643554687499
0.07586669921875 0.4141845703125 -0.356903076171875 0.148529052734375
0.3377685546875 0.20440673828125 -0.173187255859375 0.21240234375
0.3475341796875 -0.155731201171875 -0.025360107421875 0.133232116699219
0.199432373046875 -0.30145263671875 0.00281524658203126 0.0613136291503906
0.186126708984375 -0.268890380859375 -0.0474014282226562 0.0363616943359375
0.19927978515625 -0.335113525390625 -0.0815887451171875 -0.0193252563476563
0.31341552734375 -0.236236572265625 -0.120132446289062 -0.12371826171875
0.407806396484375 0.01702880859375 -0.0706939697265625 -0.213348388671875
0.26788330078125 0.286346435546875 0.158447265625 -0.29901123046875
-0.11993408203125 0.39068603515625 0.445648193359375 -0.180419921875
-0.30633544921875 0.2274169921875 0.4443359375 0.075103759765625
-0.38873291015625 -0.028961181640625 0.255767822265625 -0.0518035888671875
-0.326568603515625 -0.15130615234375 -0.356903076171875 0.0716552734374999
-0.328582763671875 0.040130615234375 -0.3953857421875 -0.0850524902343751
-0.2298583984375 0.32666015625 -0.423858642578125 0.00869750976562494
0.122344970703125 0.350006103515625 -0.34906005859375 0.134002685546875
0.320098876953125 0.1343994140625 -0.220611572265625 0.215255737304688
0.292266845703125 -0.1785888671875 -0.08502197265625 0.199554443359375
0.159957885742188 -0.27252197265625 -0.0260467529296875 0.175048828125
0.158737182617187 -0.236495971679687 -0.06500244140625 0.147201538085937
0.183441162109375 -0.2841796875 -0.127525329589844 0.0809707641601562
0.281890869140625 -0.170440673828125 -0.193359375 -0.0729217529296875
0.329986572265625 0.071075439453125 -0.1251220703125 -0.237380981445313
0.154800415039063 0.278106689453125 0.176513671875 -0.33544921875
-0.186370849609375 0.274856567382812 0.508026123046875 -0.12188720703125
-0.2884521484375 0.102386474609375 0.392852783203125 0.186798095703125
-0.3209228515625 -0.099090576171875 0.124969482421875 -0.0538330078125
-0.242385864257813 -0.133895874023437 -0.462554931640625 0.10919189453125
-0.249832153320313 0.043731689453125 -0.428955078125 0.026458740234375
-0.151748657226563 0.247314453125 -0.374847412109375 0.056640625
0.110671997070312 0.245437622070313 -0.344970703125 0.13848876953125
0.23992919921875 0.0718536376953125 -0.24676513671875 0.234848022460938
0.200714111328125 -0.152755737304688 -0.111526489257812 0.269577026367188
0.102935791015625 -0.197738647460938 -0.0294647216796875 0.273300170898438
0.10638427734375 -0.169113159179688 -0.071533203125 0.23291015625
0.13043212890625 -0.195846557617188 -0.170150756835938 0.15167236328125
0.19390869140625 -0.10186767578125 -0.248184204101562 -0.05340576171875
0.202163696289063 0.073944091796875 -0.135040283203125 -0.2811279296875
0.05078125 0.185653686523437 0.2308349609375 -0.350738525390625
-0.163436889648438 0.116653442382813 0.5552978515625 -0.02825927734375
-0.1849365234375 -0.00280761718749999 0.322418212890625 0.269256591796875
-0.2025146484375 -0.125411987304687 0.0264739990234375 -0.087493896484375
-0.112648010253906 -0.132331848144531 -0.534698486328125 0.149169921875
-0.146728515625 -0.00790405273437499 -0.444488525390625 0.11248779296875
-0.105659484863281 0.11212158203125 -0.333251953125 0.09588623046875
0.03814697265625 0.135498046875 -0.32940673828125 0.1552734375
0.113990783691406 0.0422897338867188 -0.244644165039063 0.25177001953125
0.0930862426757813 -0.077301025390625 -0.111236572265625 0.324371337890625
0.0404815673828125 -0.0862197875976563 -0.017578125 0.339630126953125
0.0374374389648437 -0.0756072998046875 -0.0675048828125 0.28741455078125
0.0491104125976563 -0.0898513793945313 -0.195144653320313 0.1890869140625
0.070587158203125 -0.0551376342773438 -0.266830444335938 -0.05255126953125
0.0735321044921875 0.0175857543945313 -0.10211181640625 -0.311920166015625
0.00959014892578125 0.0463600158691406 0.298431396484375 -0.329833984375
-0.0550689697265625 -0.00190353393554687 0.5672607421875 0.073974609375
-0.0447807312011719 -0.0322952270507812 0.2557373046875 0.315643310546875
-0.070098876953125 -0.0931167602539063 -0.024688720703125 -0.128410339355469
-0.076751708984375 -0.0158462524414062 0.117439270019531 0.105491638183594
-0.0452613830566406 -0.0352859497070312 -0.19769287109375 -0.37005615234375
-0.109550476074219 0.071563720703125 -0.61962890625 -0.0924072265625001
-0.0203857421875 0.133567810058594 -0.399139404296875 0.347137451171875
0.0728988647460938 0.0853118896484375 0.0521240234375 0.3419189453125
0.0761260986328125 0.00360107421875 0.258071899414063 0.03802490234375
0.0371170043945313 -0.0460968017578125 0.159500122070312 -0.2578125
0.0247344970703125 -0.0297355651855469 0.00915527343750003 -0.31756591796875
0.0116653442382812 -0.0369949340820313 -0.036163330078125 -0.36798095703125
0.0145263671875 -0.0528488159179688 0.069305419921875 -0.3875732421875
0.0352592468261719 -0.05523681640625 0.19000244140625 -0.3155517578125
0.0777664184570313 -0.0286712646484375 0.304656982421875 -0.20062255859375
0.0962142944335938 0.0322036743164063 0.352508544921875 -0.115325927734375
0.0758743286132813 0.108108520507813 0.4337158203125 -0.182586669921875
-0.0169143676757813 0.114547729492188 0.559051513671875 -0.20281982421875
-0.176681518554688 -0.080230712890625 0.0806121826171875 0.102386474609375
-0.143218994140625 -0.072479248046875 -0.194793701171875 -0.369110107421875
-0.225997924804687 0.132217407226563 -0.60430908203125 -0.13037109375
-0.03436279296875 0.25396728515625 -0.410003662109375 0.292144775390625
0.161376953125 0.170822143554688 -0.000579833984374976 0.320037841796875
0.1983642578125 -0.0379486083984375 0.210861206054687 0.04681396484375
0.106796264648438 -0.159027099609375 0.130844116210938 -0.22003173828125
0.07989501953125 -0.141265869140625 -0.00767517089843747 -0.274490356445313
0.05999755859375 -0.178176879882813 -0.048797607421875 -0.331512451171875
0.106216430664063 -0.172714233398438 0.029052734375 -0.36273193359375
0.186264038085938 -0.09967041015625 0.137847900390625 -0.303009033203125
0.212020874023438 0.0393218994140625 0.26434326171875 -0.226104736328125
0.100418090820313 0.198455810546875 0.343994140625 -0.159637451171875
-0.022125244140625 0.228469848632813 0.4395751953125 -0.1904296875
-0.16961669921875 0.1370849609375 0.5386962890625 -0.19989013671875
-0.266952514648438 -0.125473022460938 0.013671875 0.08685302734375
-0.238815307617188 -0.0756378173828125 -0.226226806640625 -0.35009765625
-0.30255126953125 0.212127685546875 -0.5811767578125 -0.1295166015625
-0.01165771484375 0.35687255859375 -0.40057373046875 0.23895263671875
0.254791259765625 0.22021484375 -0.0534210205078125 0.27996826171875
0.29290771484375 -0.090850830078125 0.138221740722656 0.0572433471679687
0.154693603515625 -0.254043579101563 0.0872344970703125 -0.151519775390625
0.12384033203125 -0.2337646484375 -0.0226898193359375 -0.192184448242188
0.101959228515625 -0.295654296875 -0.05322265625 -0.25347900390625
0.189010620117188 -0.265975952148438 -0.013153076171875 -0.29901123046875
0.31671142578125 -0.122802734375 0.074462890625 -0.269149780273438
0.317352294921875 0.111663818359375 0.218734741210938 -0.2503662109375
0.08599853515625 0.33734130859375 0.35601806640625 -0.1990966796875
-0.120147705078125 0.31427001953125 0.45513916015625 -0.14874267578125
-0.29736328125 0.134429931640625 0.4725341796875 -0.163665771484375
-0.340606689453125 -0.1416015625 -0.0871505737304688 0.0699462890625
-0.321990966796875 -0.036163330078125 -0.284820556640625 -0.293182373046875
-0.319000244140625 0.308074951171875 -0.545501708984375 -0.087249755859375
0.0523681640625 0.41607666015625 -0.38165283203125 0.199188232421875
0.334228515625 0.21649169921875 -0.1099853515625 0.246429443359375
0.338958740234375 -0.152374267578125 0.0542449951171875 0.0863800048828125
0.172607421875 -0.31549072265625 0.0410041809082031 -0.0525932312011719
0.150421142578125 -0.2872314453125 -0.0342025756835938 -0.0802001953125
0.13800048828125 -0.360595703125 -0.0616607666015625 -0.142333984375
0.25457763671875 -0.305145263671875 -0.063262939453125 -0.208908081054688
0.403167724609375 -0.09906005859375 0.000305175781250038 -0.231002807617188
0.35723876953125 0.193115234375 0.1767578125 -0.278594970703125
0.0244140625 0.42156982421875 0.3924560546875 -0.21942138671875
-0.214447021484375 0.332427978515625 0.46807861328125 -0.062896728515625
-0.3785400390625 0.0943603515625 0.371612548828125 -0.11492919921875
-0.371826171875 -0.132293701171875 -0.208084106445313 0.0775909423828124
-0.358642578125 0.0283203125 -0.34332275390625 -0.194793701171875
-0.27557373046875 0.373626708984375 -0.495758056640625 -0.0320434570312499
0.129852294921875 0.413482666015625 -0.36846923828125 0.16778564453125
0.374847412109375 0.165679931640625 -0.169586181640625 0.233078002929687
0.33111572265625 -0.206634521484375 -0.0239105224609375 0.141769409179688
0.15850830078125 -0.334716796875 0.00655746459960939 0.0657310485839844
0.152801513671875 -0.299041748046875 -0.0416908264160156 0.0429267883300781
0.154632568359375 -0.367523193359375 -0.0810546875 -0.0203094482421875
0.285552978515625 -0.28192138671875 -0.124900817871094 -0.120712280273438
0.416229248046875 -0.036041259765625 -0.0749969482421874 -0.21234130859375
0.31024169921875 0.261993408203125 0.155731201171875 -0.313079833984375
-0.075439453125 0.412445068359375 0.452056884765625 -0.206878662109375
-0.27886962890625 0.262161254882812 0.4599609375 0.05657958984375
-0.39227294921875 0.01947021484375 0.241714477539063 -0.0706787109375
-0.348602294921875 -0.11468505859375 -0.33245849609375 0.109222412109375
-0.33251953125 0.0745849609375001 -0.390289306640625 -0.074615478515625
-0.196929931640625 0.3675537109375 -0.4375 0.023834228515625
0.17120361328125 0.3448486328125 -0.363800048828125 0.15576171875
0.350372314453125 0.095306396484375 -0.219329833984375 0.243057250976562
0.273895263671875 -0.222915649414062 -0.07635498046875 0.217315673828125
0.1231689453125 -0.302947998046875 -0.00642395019531247 0.185791015625
0.131195068359375 -0.264572143554687 -0.04461669921875 0.157806396484375
0.14642333984375 -0.315521240234375 -0.114242553710937 0.0892486572265625
0.262588500976563 -0.211685180664063 -0.192703247070312 -0.0578002929687501
0.344635009765625 0.02911376953125 -0.133087158203125 -0.229278564453125
0.192184448242188 0.266845703125 0.168487548828125 -0.350494384765625
-0.156463623046875 0.299346923828125 0.5233154296875 -0.1513671875
-0.272796630859375 0.132843017578125 0.4232177734375 0.17913818359375
-0.33026123046875 -0.059112548828125 0.111663818359375 -0.0556793212890625
-0.262802124023437 -0.108505249023438 -0.4366455078125 0.15887451171875
-0.25360107421875 0.071563720703125 -0.4151611328125 0.04425048828125
-0.12677001953125 0.277786254882813 -0.3843994140625 0.0679016113281249
0.148727416992187 0.239669799804688 -0.35894775390625 0.1630859375
0.260726928710938 0.0412139892578125 -0.243423461914062 0.26885986328125
0.184814453125 -0.185134887695313 -0.094085693359375 0.29486083984375
0.078460693359375 -0.219375610351563 0.00387573242187498 0.287078857421875
0.0877838134765625 -0.189620971679687 -0.0403289794921875 0.246749877929688
0.106231689453125 -0.218994140625 -0.148696899414063 0.1680908203125
0.183349609375 -0.129959106445313 -0.2449951171875 -0.0292510986328125
0.213790893554688 0.0489959716796875 -0.148513793945312 -0.270233154296875
0.073394775390625 0.183822631835937 0.221588134765625 -0.370330810546875
-0.152114868164063 0.134506225585937 0.58111572265625 -0.0584716796875
-0.180572509765625 0.014617919921875 0.360107421875 0.2750244140625
-0.212371826171875 -0.0992584228515625 0.00833892822265623 -0.0757522583007813
-0.133308410644531 -0.121818542480469 -0.505859375 0.206756591796875
-0.153701782226563 0.00894165039062502 -0.42462158203125 0.1346435546875
-0.0941390991210938 0.134063720703125 -0.34033203125 0.105377197265625
0.0611953735351563 0.136054992675781 -0.344390869140625 0.18170166015625
0.127655029296875 0.0271682739257813 -0.2418212890625 0.28936767578125
0.085418701171875 -0.0950241088867188 -0.084747314453125 0.353485107421875
0.03082275390625 -0.0977401733398438 0.026092529296875 0.354339599609375
0.0311203002929688 -0.0853500366210938 -0.029022216796875 0.301177978515625
0.0394744873046875 -0.0997085571289063 -0.16851806640625 0.2100830078125
0.0649032592773438 -0.0653190612792969 -0.263763427734375 -0.024871826171875
0.0762710571289063 0.00812530517578125 -0.118621826171875 -0.304046630859375
0.0148849487304687 0.0465316772460938 0.29107666015625 -0.35272216796875
-0.0555381774902344 0.000930786132812497 0.60235595703125 0.04986572265625
-0.0429840087890625 -0.0309791564941406 0.29632568359375 0.332550048828125
-0.0774078369140625 -0.0835418701171875 -0.0476531982421875 -0.109100341796875
-0.0739364624023438 0.00162506103515626 0.1358642578125 0.0741195678710938
-0.0486373901367187 -0.0306243896484375 -0.2340087890625 -0.379364013671875
-0.0993728637695313 0.0843124389648437 -0.63873291015625 -0.0529785156249999
-0.00342559814453125 0.133491516113281 -0.382293701171875 0.37054443359375
0.080841064453125 0.0739898681640625 0.068634033203125 0.330596923828125
0.0739364624023437 -0.00382232666015625 0.24517822265625 0.016082763671875
0.0304641723632812 -0.0438499450683594 0.118026733398438 -0.265975952148438
0.0219364166259766 -0.02728271484375 -0.033172607421875 -0.311126708984375
0.00789833068847656 -0.0329627990722656 -0.081878662109375 -0.36322021484375
0.005279541015625 -0.0489578247070313 0.02685546875 -0.399810791015625
0.0225791931152344 -0.0559959411621094 0.169647216796875 -0.34234619140625
0.0705795288085938 -0.0382614135742188 0.304229736328125 -0.22882080078125
0.0974578857421875 0.0170669555664063 0.353485107421875 -0.123779296875
0.0899887084960937 0.0935516357421875 0.39990234375 -0.196746826171875
0.000144958496093753 0.117988586425781 0.50958251953125 -0.252471923828125
-0.175521850585938 -0.049041748046875 0.101554870605469 0.076934814453125
-0.145599365234375 -0.05731201171875 -0.226348876953125 -0.37945556640625
-0.20452880859375 0.155960083007813 -0.62384033203125 -0.0947265625
-0.00291442871093748 0.252182006835938 -0.3984375 0.315032958984375
0.179122924804688 0.14630126953125 0.015869140625 0.31304931640625
0.187286376953125 -0.0609588623046875 0.198379516601563 0.0283966064453125
0.0817413330078125 -0.1641845703125 0.0947113037109375 -0.225982666015625
0.05987548828125 -0.144882202148438 -0.043792724609375 -0.267593383789063
0.035003662109375 -0.178756713867187 -0.0897216796875 -0.327667236328125
0.079559326171875 -0.180191040039063 -0.00961303710937499 -0.371551513671875
0.166427612304687 -0.119979858398438 0.118988037109375 -0.32513427734375
0.213058471679687 0.0133209228515625 0.262710571289063 -0.251174926757813
0.122833251953125 0.181198120117188 0.340911865234375 -0.16912841796875
0.00659179687500001 0.222686767578125 0.409759521484375 -0.206024169921875
-0.146621704101563 0.15728759765625 0.490264892578125 -0.245849609375
-0.266998291015625 -0.083343505859375 0.0369491577148437 0.0716476440429688
-0.238357543945313 -0.05096435546875 -0.25103759765625 -0.356781005859375
-0.269790649414063 0.2445068359375 -0.59857177734375 -0.0955810546875001
0.031097412109375 0.35003662109375 -0.39361572265625 0.26043701171875
0.278244018554688 0.183517456054688 -0.0397186279296875 0.279617309570313
0.271697998046875 -0.126846313476563 0.128028869628906 0.04534912109375
0.114791870117187 -0.2659912109375 0.0609588623046875 -0.155029296875
0.0897674560546875 -0.243118286132812 -0.0463714599609375 -0.18585205078125
0.05963134765625 -0.300079345703125 -0.084808349609375 -0.25140380859375
0.146820068359375 -0.2838134765625 -0.042327880859375 -0.303985595703125
0.292449951171875 -0.160919189453125 0.06109619140625 -0.284088134765625
0.32696533203125 0.07196044921875 0.215927124023438 -0.270721435546875
0.125396728515625 0.32171630859375 0.3509521484375 -0.211883544921875
-0.079559326171875 0.318572998046875 0.429901123046875 -0.167938232421875
-0.27154541015625 0.169570922851563 0.43280029296875 -0.20428466796875
-0.34136962890625 -0.0937194824218749 -0.0600929260253906 0.06890869140625
-0.317413330078125 -0.00405883789062505 -0.29998779296875 -0.293182373046875
-0.276458740234375 0.342132568359375 -0.558074951171875 -0.05706787109375
0.10302734375 0.40277099609375 -0.3779296875 0.218963623046875
0.35736083984375 0.16845703125 -0.0975189208984375 0.253173828125
0.3095703125 -0.194854736328125 0.0489044189453125 0.0831222534179687
0.123809814453125 -0.330291748046875 0.0296669006347656 -0.052490234375
0.109893798828125 -0.3013916015625 -0.043060302734375 -0.0748062133789063
0.084716796875 -0.37030029296875 -0.0779571533203125 -0.142532348632813
0.206695556640625 -0.333099365234375 -0.0793609619140625 -0.209991455078125
0.381256103515625 -0.1492919921875 -0.00637817382812496 -0.236541748046875
0.3780517578125 0.148956298828125 0.171295166015625 -0.2928466796875
0.075347900390625 0.411834716796875 0.3843994140625 -0.2357177734375
-0.169525146484375 0.34539794921875 0.454925537109375 -0.085601806640625
-0.354705810546875 0.1405029296875 0.339324951171875 -0.14422607421875
-0.374481201171875 -0.0828552246093751 -0.17626953125 0.0910644531249999
-0.3504638671875 0.064605712890625 -0.344970703125 -0.18896484375
-0.227264404296875 0.40472412109375 -0.501251220703125 -0.00778198242187494
0.179718017578125 0.3917236328125 -0.368255615234375 0.1907958984375
0.393829345703125 0.112945556640625 -0.157684326171875 0.248931884765625
0.295684814453125 -0.247650146484375 -0.02105712890625 0.14752197265625
0.107452392578125 -0.35052490234375 0.0122451782226563 0.0676460266113281
0.110931396484375 -0.315093994140625 -0.0332450866699219 0.0465850830078125
0.10101318359375 -0.38079833984375 -0.081085205078125 -0.0199966430664063
0.2408447265625 -0.315185546875 -0.127731323242187 -0.114639282226563
0.4034423828125 -0.09033203125 -0.0776824951171875 -0.20721435546875
0.33935546875 0.2215576171875 0.14508056640625 -0.32293701171875
-0.023956298828125 0.4129638671875 0.44482421875 -0.231231689453125
-0.239349365234375 0.283203125 0.464385986328125 0.03228759765625
-0.37506103515625 0.0679321289062499 0.219619750976563 -0.084136962890625
-0.35382080078125 -0.0705871582031251 -0.293792724609375 0.136383056640625
-0.3231201171875 0.109130859375 -0.377044677734375 -0.06396484375
-0.150909423828125 0.39202880859375 -0.438323974609375 0.042327880859375
0.214874267578125 0.32049560546875 -0.36492919921875 0.17901611328125
0.3621826171875 0.046875 -0.205520629882813 0.265823364257812
0.238128662109375 -0.2586669921875 -0.06195068359375 0.230606079101562
0.0782470703125 -0.316619873046875 0.0159912109375 0.187423706054687
0.0935821533203125 -0.28021240234375 -0.0211334228515625 0.1597900390625
0.100433349609375 -0.329620361328125 -0.0989456176757812 0.0931854248046875
0.228271484375 -0.242843627929688 -0.185379028320312 -0.042510986328125
0.340972900390625 -0.01568603515625 -0.136611938476562 -0.214279174804688
0.222610473632812 0.241409301757812 0.15362548828125 -0.358734130859375
-0.1185302734375 0.31121826171875 0.520843505859375 -0.183746337890625
-0.24664306640625 0.155853271484375 0.44171142578125 0.1595458984375
-0.32232666015625 -0.016082763671875 0.0958786010742187 -0.0528564453125
-0.272659301757813 -0.07611083984375 -0.39080810546875 0.197540283203125
-0.245986938476562 0.0987701416015625 -0.38818359375 0.0557556152343749
-0.091064453125 0.296142578125 -0.38348388671875 0.0818786621093751
0.181777954101563 0.220108032226563 -0.361358642578125 0.18951416015625
0.267807006835938 0.0049896240234375 -0.22735595703125 0.29681396484375
0.156524658203125 -0.21026611328125 -0.068603515625 0.310943603515625
0.04498291015625 -0.229995727539063 0.039825439453125 0.286529541015625
0.06158447265625 -0.20166015625 -0.00491333007812498 0.24688720703125
0.07501220703125 -0.23046875 -0.121978759765625 0.176559448242187
0.161895751953125 -0.152069091796875 -0.233108520507812 -0.00717163085937503
0.215621948242188 0.020477294921875 -0.156753540039062 -0.25128173828125
0.0943450927734375 0.172958374023438 0.203033447265625 -0.38226318359375
-0.133392333984375 0.14678955078125 0.58807373046875 -0.09515380859375
-0.168624877929688 0.029266357421875 0.392333984375 0.26495361328125
-0.212173461914063 -0.07000732421875 -0.00545501708984376 -0.0581779479980469
-0.148681640625 -0.104629516601562 -0.453948974609375 0.251922607421875
-0.15283203125 0.0271759033203125 -0.3914794921875 0.147796630859375
-0.07586669921875 0.149871826171875 -0.3387451171875 0.11578369140625
0.0832443237304687 0.127143859863281 -0.34600830078125 0.210113525390625
0.13385009765625 0.0076904296875 -0.222930908203125 0.320281982421875
0.07196044921875 -0.108268737792969 -0.049774169921875 0.36907958984375
0.0163726806640625 -0.104110717773438 0.072509765625 0.3502197265625
0.0206069946289062 -0.0924758911132813 0.01312255859375 0.299652099609375
0.027252197265625 -0.105552673339844 -0.135818481445313 0.2210693359375
0.0547103881835938 -0.0736083984375 -0.248992919921875 0.000946044921875003
0.0757980346679688 -0.0021209716796875 -0.13006591796875 -0.2867431640625
0.020263671875 0.04376220703125 0.273284912109375 -0.370025634765625
-0.0548553466796875 0.00380706787109376 0.62054443359375 0.01348876953125
-0.0407447814941406 -0.029022216796875 0.333282470703125 0.333038330078125
-0.080474853515625 -0.070220947265625 -0.0634384155273437 -0.08270263671875
-0.0655403137207031 0.0150108337402344 0.143905639648438 0.0424346923828125
-0.0500030517578125 -0.0269889831542969 -0.260101318359375 -0.3800048828125
-0.0882720947265625 0.090606689453125 -0.6396484375 -0.0233154296874999
0.00917816162109374 0.128715515136719 -0.365875244140625 0.379180908203125
0.0833969116210938 0.0626678466796875 0.075958251953125 0.31536865234375
0.0692977905273438 -0.00879669189453125 0.225738525390625 0.0029754638671875
0.0258941650390625 -0.0394172668457031 0.0814666748046875 -0.258499145507813
0.0201511383056641 -0.0243568420410156 -0.064666748046875 -0.293792724609375
0.00632667541503906 -0.0278892517089844 -0.11669921875 -0.3470458984375
-0.00075531005859375 -0.043121337890625 -0.00961303710937504 -0.398162841796875
0.0115165710449219 -0.0523834228515625 0.147674560546875 -0.357086181640625
0.0617408752441406 -0.0444297790527344 0.299530029296875 -0.247314453125
0.0949935913085938 0.0045623779296875 0.351043701171875 -0.126068115234375
0.0966644287109375 0.0781478881835938 0.369476318359375 -0.193878173828125
0.014434814453125 0.116363525390625 0.45562744140625 -0.27496337890625
-0.164031982421875 -0.024749755859375 0.112930297851562 0.0494308471679688
-0.142410278320312 -0.044952392578125 -0.24871826171875 -0.38104248046875
-0.181381225585938 0.168746948242187 -0.62811279296875 -0.0659179687499999
0.0207061767578125 0.241806030273438 -0.3846435546875 0.32501220703125
0.185516357421875 0.122085571289063 0.023590087890625 0.30096435546875
0.1708984375 -0.0761260986328125 0.181472778320313 0.0178375244140625
0.0606536865234375 -0.162246704101562 0.0636138916015625 -0.22039794921875
0.0435943603515625 -0.142440795898438 -0.070037841796875 -0.251785278320313
0.01483154296875 -0.171722412109375 -0.121490478515625 -0.313446044921875
0.05584716796875 -0.177841186523438 -0.0418701171875 -0.36834716796875
0.144485473632812 -0.1295166015625 0.100677490234375 -0.335662841796875
0.206222534179688 -0.0081787109375 0.2576904296875 -0.267898559570312
0.13494873046875 0.16119384765625 0.338348388671875 -0.171875
0.02764892578125 0.209381103515625 0.378875732421875 -0.2039794921875
-0.122421264648438 0.167465209960937 0.440338134765625 -0.268157958984375
-0.253204345703125 -0.049835205078125 0.0537910461425781 0.0514640808105469
-0.229232788085938 -0.0321807861328125 -0.267181396484375 -0.357147216796875
-0.235565185546875 0.25897216796875 -0.60205078125 -0.0689086914062501
0.06341552734375 0.3323974609375 -0.383575439453125 0.27203369140625
0.284912109375 0.146392822265625 -0.0314178466796875 0.273529052734375
0.24462890625 -0.148544311523438 0.11468505859375 0.03948974609375
0.0790557861328125 -0.264328002929688 0.039306640625 -0.149078369140625
0.061798095703125 -0.241409301757812 -0.0636444091796875 -0.173995971679688
0.0240478515625 -0.291961669921875 -0.109283447265625 -0.242446899414063
0.10906982421875 -0.286102294921875 -0.066619873046875 -0.3009033203125
0.2623291015625 -0.183349609375 0.049407958984375 -0.291015625
0.323211669921875 0.038360595703125 0.210723876953125 -0.283111572265625
0.1512451171875 0.297607421875 0.34381103515625 -0.2149658203125
-0.047027587890625 0.30908203125 0.40380859375 -0.17120361328125
-0.240646362304688 0.189956665039063 0.389068603515625 -0.2220458984375
-0.3275146484375 -0.054046630859375 -0.0363998413085938 0.0595703125
-0.3037109375 0.02020263671875 -0.3055419921875 -0.2921142578125
-0.234100341796875 0.356597900390625 -0.558502197265625 -0.034027099609375
0.1376953125 0.377288818359375 -0.36968994140625 0.230224609375
0.363037109375 0.123809814453125 -0.08856201171875 0.252960205078125
0.273956298828125 -0.219284057617187 0.0426177978515625 0.08319091796875
0.079193115234375 -0.329681396484375 0.0202407836914063 -0.0489540100097656
0.07342529296875 -0.301300048828125 -0.0479888916015625 -0.0683059692382813
0.040374755859375 -0.364105224609375 -0.0913162231445313 -0.138885498046875
0.161529541015625 -0.34063720703125 -0.0917816162109375 -0.20623779296875
0.349884033203125 -0.182708740234375 -0.0107574462890625 -0.238540649414062
0.380706787109375 0.107513427734375 0.166290283203125 -0.29998779296875
0.111541748046875 0.389007568359375 0.3731689453125 -0.2427978515625
-0.130889892578125 0.342926025390625 0.4364013671875 -0.095001220703125
-0.322021484375 0.1689453125 0.3046875 -0.15655517578125
-0.36181640625 -0.0433349609375 -0.143692016601563 0.09271240234375
-0.333587646484375 0.090057373046875 -0.338653564453125 -0.186737060546875
-0.18072509765625 0.416259765625 -0.497528076171875 0.00930786132812493
0.213134765625 0.360748291015625 -0.362762451171875 0.20269775390625
0.3939208984375 0.065887451171875 -0.146072387695313 0.255203247070313
0.255126953125 -0.27056884765625 -0.0180206298828125 0.152679443359375
0.0611572265625 -0.34820556640625 0.0167770385742187 0.06829833984375
0.072723388671875 -0.31640625 -0.0260047912597656 0.0475959777832031
0.0543212890625 -0.376251220703125 -0.0806961059570313 -0.0200042724609375
0.1954345703125 -0.328033447265625 -0.127029418945313 -0.10882568359375
0.378448486328125 -0.12811279296875 -0.0757904052734375 -0.202011108398437
0.3504638671875 0.181884765625 0.138519287109375 -0.326080322265625
0.0150146484375 0.3994140625 0.431884765625 -0.24395751953125
-0.201934814453125 0.287933349609375 0.458404541015625 0.017822265625
-0.34619140625 0.101043701171875 0.196609497070312 -0.087615966796875
-0.344207763671875 -0.03363037109375 -0.252487182617188 0.14703369140625
-0.30535888671875 0.13299560546875 -0.360870361328125 -0.063385009765625
-0.108306884765625 0.399169921875 -0.432586669921875 0.05267333984375
0.242401123046875 0.28973388671875 -0.36126708984375 0.193817138671875
0.360015869140625 0.00469970703125 -0.190826416015625 0.278701782226563
0.200347900390625 -0.276412963867188 -0.049072265625 0.237319946289062
0.037322998046875 -0.31451416015625 0.033721923828125 0.182464599609375
0.060394287109375 -0.28253173828125 -0.00195312499999998 0.155548095703125
0.060516357421875 -0.32855224609375 -0.0850372314453125 0.0910491943359375
0.191970825195313 -0.2579345703125 -0.174606323242188 -0.032318115234375
0.32598876953125 -0.0498046875 -0.13287353515625 -0.201522827148438
0.239273071289063 0.211502075195313 0.143280029296875 -0.35986328125
-0.08575439453125 0.3084716796875 0.510650634765625 -0.203857421875
-0.219253540039063 0.165374755859375 0.450653076171875 0.143585205078125
-0.3028564453125 0.015716552734375 0.082672119140625 -0.0451431274414063
-0.270599365234375 -0.04754638671875 -0.340362548828125 0.21209716796875
-0.232955932617187 0.118133544921875 -0.363677978515625 0.055267333984375
-0.058563232421875 0.30303955078125 -0.37860107421875 0.087158203125
0.201705932617188 0.19635009765625 -0.357757568359375 0.206695556640625
0.264785766601563 -0.026641845703125 -0.208648681640625 0.31329345703125
0.127914428710937 -0.222610473632813 -0.0455322265625 0.31658935546875
0.0157318115234375 -0.229217529296875 0.0680999755859375 0.275558471679688
0.0382843017578125 -0.204513549804688 0.022186279296875 0.238021850585938
0.0468292236328125 -0.231613159179688 -0.0984649658203125 0.175323486328125
0.138229370117187 -0.1639404296875 -0.215057373046875 0.00723266601562498
0.208480834960937 -0.00225830078125 -0.153884887695313 -0.2337646484375
0.107696533203125 0.158065795898438 0.188323974609375 -0.383514404296875
-0.11517333984375 0.150344848632813 0.58343505859375 -0.1209716796875
-0.154266357421875 0.0370025634765625 0.41204833984375 0.252410888671875
-0.202194213867188 -0.0456390380859375 -0.0134086608886719 -0.0380592346191406
-0.156478881835938 -0.0854949951171875 -0.396820068359375 0.270904541015625
-0.148208618164062 0.041412353515625 -0.361297607421875 0.146148681640625
-0.0574951171875 0.15777587890625 -0.334503173828125 0.1187744140625
0.0982894897460937 0.114814758300781 -0.3411865234375 0.228485107421875
0.134567260742188 -0.0105819702148438 -0.202178955078125 0.3387451171875
0.057464599609375 -0.115371704101563 -0.020263671875 0.372650146484375
0.0026397705078125 -0.105979919433594 0.107696533203125 0.33465576171875
0.0104827880859375 -0.0961761474609375 0.044891357421875 0.2862548828125
0.0151138305664062 -0.107170104980469 -0.105575561523438 0.22021484375
0.044464111328125 -0.0768661499023438 -0.228652954101563 0.01708984375
0.0719146728515625 -0.0101318359375 -0.130416870117187 -0.268798828125
0.0231475830078125 0.0398178100585938 0.257354736328125 -0.372955322265625
-0.05279541015625 0.00593948364257813 0.623291015625 -0.013427734375
-0.0374069213867188 -0.0286636352539062 0.360260009765625 0.3265380859375
-0.07781982421875 -0.0586090087890625 -0.0703506469726562 -0.0541229248046875
-0.0561637878417969 0.0232467651367188 0.146591186523438 0.014434814453125
-0.0506362915039062 -0.0246009826660156 -0.278350830078125 -0.384307861328125
-0.0799484252929688 0.0938186645507813 -0.64141845703125 -0.00775146484374995
0.016815185546875 0.122917175292969 -0.357330322265625 0.38177490234375
0.0830917358398438 0.0551223754882813 0.073699951171875 0.303863525390625
0.0651206970214844 -0.011505126953125 0.20941162109375 -0.0011444091796875
0.0235748291015625 -0.0352210998535156 0.056793212890625 -0.247344970703125
0.0205554962158203 -0.02154541015625 -0.0843658447265625 -0.276824951171875
0.00665855407714844 -0.0243778228759766 -0.140655517578125 -0.331207275390625
-0.00464248657226562 -0.0363998413085938 -0.034271240234375 -0.39349365234375
0.00403213500976562 -0.0470314025878906 0.133331298828125 -0.3663330078125
0.0536384582519531 -0.0472984313964844 0.299163818359375 -0.260955810546875
0.0901641845703125 -0.0050506591796875 0.3551025390625 -0.121612548828125
0.09942626953125 0.0658187866210938 0.348846435546875 -0.180908203125
0.025421142578125 0.113372802734375 0.413665771484375 -0.280975341796875
-0.150253295898438 -0.0084686279296875 0.118843078613281 0.0245208740234375
-0.138107299804688 -0.0376052856445312 -0.2628173828125 -0.387725830078125
-0.163681030273438 0.173721313476563 -0.6300048828125 -0.0523681640625
0.035308837890625 0.230819702148438 -0.378204345703125 0.326080322265625
0.186569213867187 0.103652954101563 0.02325439453125 0.29144287109375
0.156585693359375 -0.08404541015625 0.16644287109375 0.0146484375
0.04486083984375 -0.156112670898438 0.0423431396484375 -0.209747314453125
0.0326766967773438 -0.138542175292969 -0.0857086181640625 -0.2374267578125
0.00181579589843749 -0.163467407226563 -0.143157958984375 -0.3004150390625
0.0384979248046875 -0.171737670898438 -0.06402587890625 -0.363067626953125
0.126708984375 -0.132637023925781 0.089324951171875 -0.343994140625
0.19842529296875 -0.02215576171875 0.256805419921875 -0.28057861328125
0.140350341796875 0.145309448242188 0.3397216796875 -0.16925048828125
0.0402374267578125 0.196670532226563 0.3592529296875 -0.1939697265625
-0.102676391601562 0.1702880859375 0.398529052734375 -0.273529052734375
-0.236785888671875 -0.02801513671875 0.0649261474609375 0.0305213928222656
-0.219573974609375 -0.0204620361328125 -0.276611328125 -0.36370849609375
-0.208526611328125 0.264511108398437 -0.6029052734375 -0.0556640625
0.082916259765625 0.314483642578125 -0.38006591796875 0.27459716796875
0.284515380859375 0.1185302734375 -0.0304412841796875 0.26763916015625
0.220550537109375 -0.160003662109375 0.102828979492188 0.039520263671875
0.052947998046875 -0.256637573242188 0.0246734619140625 -0.140853881835938
0.0407867431640625 -0.23590087890625 -0.073638916015625 -0.163253784179688
-0.000671386718750016 -0.280349731445312 -0.125991821289062 -0.2330322265625
0.08074951171875 -0.28155517578125 -0.082763671875 -0.29681396484375
0.23779296875 -0.194046020507813 0.0428466796875 -0.29815673828125
0.31646728515625 0.01458740234375 0.210418701171875 -0.29412841796875
0.165878295898437 0.277206420898438 0.342254638671875 -0.2138671875
-0.02655029296875 0.29779052734375 0.38818359375 -0.164276123046875
-0.214462280273438 0.199966430664063 0.352508544921875 -0.227020263671875
-0.30889892578125 -0.0267028808593751 -0.0180511474609375 0.0459403991699219
-0.29010009765625 0.03448486328125 -0.3079833984375 -0.2984619140625
-0.200439453125 0.360992431640625 -0.55548095703125 -0.0248718261718749
0.1591796875 0.353302001953125 -0.3680419921875 0.234527587890625
0.35955810546875 0.089630126953125 -0.0860748291015624 0.25152587890625
0.242721557617188 -0.232315063476563 0.0361099243164063 0.0861587524414062
0.045928955078125 -0.3218994140625 0.0136566162109375 -0.0435409545898438
0.04620361328125 -0.296966552734375 -0.0505485534667969 -0.0629730224609375
0.00808715820312503 -0.352203369140625 -0.101005554199219 -0.1353759765625
0.126495361328125 -0.33953857421875 -0.0988922119140624 -0.20379638671875
0.32232666015625 -0.20172119140625 -0.01043701171875 -0.24212646484375
0.3778076171875 0.077911376953125 0.1666259765625 -0.3072509765625
0.13336181640625 0.369232177734375 0.368682861328125 -0.24310302734375
-0.1036376953125 0.3343505859375 0.424713134765625 -0.09283447265625
-0.292999267578125 0.18408203125 0.2763671875 -0.157485961914063
-0.345611572265625 -0.015960693359375 -0.117088317871094 0.0852432250976563
-0.3177490234375 0.10595703125 -0.333099365234375 -0.194061279296875
-0.14508056640625 0.419036865234375 -0.4947509765625 0.0145263671875
0.23291015625 0.334320068359375 -0.362030029296875 0.20855712890625
0.388275146484375 0.0303955078125 -0.140365600585938 0.258514404296875
0.221343994140625 -0.281982421875 -0.0171661376953125 0.1580810546875
0.026519775390625 -0.34002685546875 0.0196647644042969 0.0682754516601562
0.043792724609375 -0.3126220703125 -0.0200347900390625 0.0463905334472656
0.0203857421875 -0.36724853515625 -0.0814437866210938 -0.021148681640625
0.159820556640625 -0.33056640625 -0.125877380371094 -0.106910705566406
0.353973388671875 -0.15185546875 -0.070098876953125 -0.201248168945312
0.354034423828125 0.151702880859375 0.137969970703125 -0.328521728515625
0.03961181640625 0.384674072265625 0.4254150390625 -0.248046875
-0.175750732421875 0.285308837890625 0.45330810546875 0.01458740234375
-0.31927490234375 0.120758056640625 0.179183959960937 -0.08441162109375
-0.33203125 -0.00872802734374999 -0.2181396484375 0.144622802734375
-0.291259765625 0.148223876953125 -0.34765625 -0.071533203125
-0.075592041015625 0.399444580078125 -0.43011474609375 0.05328369140625
0.259414672851563 0.264602661132813 -0.361846923828125 0.2021484375
0.35186767578125 -0.027099609375 -0.181793212890625 0.2862548828125
0.16839599609375 -0.2843017578125 -0.0397796630859375 0.243026733398437
0.00613403320312502 -0.307220458984375 0.0460052490234375 0.17742919921875
0.034698486328125 -0.2802734375 0.011932373046875 0.149063110351562
0.0299072265625 -0.32220458984375 -0.0764541625976562 0.0876693725585938
0.162384033203125 -0.262832641601563 -0.164596557617188 -0.0290374755859375
0.309661865234375 -0.072509765625 -0.1240234375 -0.195587158203125
0.2474365234375 0.187576293945313 0.140869140625 -0.359039306640625
-0.063720703125 0.301788330078125 0.50469970703125 -0.2132568359375
-0.198104858398438 0.166473388671875 0.45556640625 0.137481689453125
-0.282196044921875 0.03515625 0.0737686157226563 -0.03436279296875
-0.265716552734375 -0.0260467529296875 -0.300018310546875 0.214019775390625
-0.222015380859375 0.130508422851562 -0.344879150390625 0.044769287109375
-0.033905029296875 0.303192138671875 -0.3756103515625 0.0860900878906249
0.21441650390625 0.17559814453125 -0.357666015625 0.216522216796875
0.257888793945312 -0.05029296875 -0.19671630859375 0.32366943359375
0.104339599609375 -0.227691650390625 -0.029144287109375 0.32037353515625
-0.00726318359374999 -0.224853515625 0.087158203125 0.264739990234375
0.0194549560546875 -0.204421997070313 0.0413970947265625 0.226959228515625
0.0258941650390625 -0.229537963867188 -0.0813446044921875 0.171005249023437
0.1192626953125 -0.168487548828125 -0.199432373046875 0.0134429931640624
0.199737548828125 -0.017791748046875 -0.146408081054687 -0.223800659179688
0.114959716796875 0.144699096679688 0.184234619140625 -0.382598876953125
-0.102005004882813 0.14984130859375 0.5819091796875 -0.13458251953125
-0.142578125 0.0394744873046875 0.426025390625 0.247772216796875
-0.188934326171875 -0.0297698974609375 -0.016387939453125 -0.0197811126708984
-0.159576416015625 -0.0707550048828125 -0.352874755859375 0.2724609375
-0.143600463867188 0.051605224609375 -0.3372802734375 0.13433837890625
-0.042510986328125 0.161590576171875 -0.333953857421875 0.11517333984375
0.108482360839844 0.103439331054688 -0.341217041015625 0.241180419921875
0.132499694824219 -0.0242919921875 -0.188751220703125 0.35076904296875
0.0454788208007812 -0.118949890136719 0.00186157226562503 0.374420166015625
-0.00843811035156249 -0.105171203613281 0.130950927734375 0.31884765625
0.00173950195312501 -0.0977020263671875 0.0668487548828125 0.272750854492188
0.00624084472656251 -0.1080322265625 -0.083648681640625 0.216110229492188
0.03656005859375 -0.0777587890625 -0.210617065429688 0.02484130859375
0.0675430297851563 -0.0152206420898438 -0.124404907226563 -0.258132934570313
0.0249748229980469 0.0359420776367188 0.251861572265625 -0.374481201171875
-0.0513458251953125 0.00656127929687501 0.62664794921875 -0.029052734375
-0.0351600646972656 -0.0298385620117188 0.380523681640625 0.32598876953125
-0.0725173950195313 -0.0502090454101562 -0.0704879760742188 -0.029449462890625
-0.04779052734375 0.0279464721679688 0.148468017578125 -0.0110626220703125
-0.0525093078613281 -0.0233383178710937 -0.296905517578125 -0.397613525390625
-0.07562255859375 0.0974655151367187 -0.6549072265625 -0.000732421875000126
0.0216903686523438 0.1207275390625 -0.36175537109375 0.387420654296875
0.0831298828125 0.0500640869140625 0.070037841796875 0.30078125
0.0623588562011719 -0.012847900390625 0.19915771484375 -0.001190185546875
0.0237922668457031 -0.0321197509765625 0.0399322509765625 -0.238189697265625
0.0210762023925781 -0.020263671875 -0.0994110107421875 -0.266067504882813
0.00757026672363281 -0.0213756561279297 -0.159393310546875 -0.323272705078125
-0.00615501403808593 -0.0310897827148437 -0.053314208984375 -0.394989013671875
-0.000823974609374999 -0.0416526794433594 0.12530517578125 -0.3814697265625
0.0477981567382813 -0.04962158203125 0.3055419921875 -0.27716064453125
0.0867233276367188 -0.0122451782226562 0.368682861328125 -0.119110107421875
0.101211547851563 0.0567626953125 0.343017578125 -0.167144775390625
0.0345458984375 0.111236572265625 0.38751220703125 -0.283966064453125
-0.13909912109375 0.00157928466796876 0.123703002929687 0.00086212158203125
-0.135711669921875 -0.0334396362304688 -0.278106689453125 -0.4036865234375
-0.15142822265625 0.179458618164063 -0.64288330078125 -0.0458984375
0.0457305908203125 0.225265502929688 -0.384552001953125 0.331298828125
0.187057495117188 0.09112548828125 0.019561767578125 0.289764404296875
0.146392822265625 -0.089813232421875 0.156784057617188 0.0155792236328125
0.0345916748046875 -0.152008056640625 0.0275726318359375 -0.202316284179688
0.02459716796875 -0.136062622070313 -0.0983428955078125 -0.228591918945312
-0.00762939453125001 -0.158172607421875 -0.161712646484375 -0.293365478515625
0.026275634765625 -0.167083740234375 -0.08172607421875 -0.364593505859375
0.115074157714844 -0.134567260742188 0.082855224609375 -0.357574462890625
0.19342041015625 -0.032135009765625 0.262786865234375 -0.296783447265625
0.1446533203125 0.1348876953125 0.351837158203125 -0.166961669921875
0.04827880859375 0.189010620117188 0.3543701171875 -0.18218994140625
-0.0880126953125 0.17340087890625 0.37371826171875 -0.274932861328125
-0.22332763671875 -0.012847900390625 0.0736541748046875 0.0101852416992188
-0.214492797851563 -0.0142974853515625 -0.287994384765625 -0.379791259765625
-0.19012451171875 0.27130126953125 -0.61529541015625 -0.0515747070312501
0.097625732421875 0.304290771484375 -0.388214111328125 0.278594970703125
0.285675048828125 0.097686767578125 -0.034515380859375 0.267440795898438
0.202835083007813 -0.169586181640625 0.0947265625 0.0431289672851562
0.033538818359375 -0.251815795898438 0.0135955810546875 -0.134498596191406
0.0249481201171875 -0.233551025390625 -0.0826568603515625 -0.156646728515625
-0.0185699462890625 -0.273681640625 -0.14227294921875 -0.228652954101563
0.060455322265625 -0.278305053710937 -0.0960693359375 -0.29833984375
0.220932006835938 -0.202880859375 0.039581298828125 -0.310272216796875
0.313018798828125 -0.00286865234375 0.2156982421875 -0.308837890625
0.175979614257813 0.263931274414063 0.351043701171875 -0.212432861328125
-0.012481689453125 0.291412353515625 0.384033203125 -0.155517578125
-0.19598388671875 0.206863403320313 0.33050537109375 -0.22772216796875
-0.29498291015625 -0.00930786132812496 -0.00370407104492189 0.0302639007568359
-0.282806396484375 0.0445556640625001 -0.3145751953125 -0.31414794921875
-0.177459716796875 0.367095947265625 -0.56378173828125 -0.02337646484375
0.176025390625 0.339141845703125 -0.37725830078125 0.239715576171875
0.358917236328125 0.064971923828125 -0.0887298583984374 0.2550048828125
0.21990966796875 -0.242568969726563 0.031463623046875 0.0928115844726563
0.0213623046875 -0.315765380859375 0.00951004028320313 -0.0397796630859375
0.026123046875 -0.295135498046875 -0.0525741577148438 -0.0602684020996094
-0.016204833984375 -0.34625244140625 -0.1109619140625 -0.134307861328125
0.101531982421875 -0.33917236328125 -0.106658935546875 -0.206008911132813
0.304931640625 -0.21710205078125 -0.00901794433593747 -0.251785278320313
0.378997802734375 0.05596923828125 0.172271728515625 -0.31982421875
0.148223876953125 0.35723876953125 0.375946044921875 -0.245086669921875
-0.088043212890625 0.329986572265625 0.42523193359375 -0.087677001953125
-0.272689819335938 0.19512939453125 0.259002685546875 -0.155532836914063
-0.33349609375 0.00329589843749994 -0.0969161987304688 0.0739898681640625
-0.308990478515625 0.11767578125 -0.334930419921875 -0.210479736328125
-0.119781494140625 0.424835205078125 -0.50244140625 0.01385498046875
0.249542236328125 0.316375732421875 -0.371917724609375 0.21478271484375
0.38519287109375 0.003082275390625 -0.141921997070313 0.265380859375
0.196380615234375 -0.291473388671875 -0.0165557861328125 0.167190551757812
-0.00109863281249997 -0.3345947265625 0.0230789184570313 0.0689201354980469
0.02191162109375 -0.312042236328125 -0.0153846740722656 0.0455474853515625
-0.00546264648437501 -0.362091064453125 -0.0840225219726563 -0.0228500366210938
0.134674072265625 -0.333404541015625 -0.126434326171875 -0.108787536621094
0.338653564453125 -0.17041015625 -0.0648956298828125 -0.207382202148437
0.358428955078125 0.130340576171875 0.142425537109375 -0.338470458984375
0.05792236328125 0.376708984375 0.430877685546875 -0.252777099609375
-0.159271240234375 0.2835693359375 0.4595947265625 0.01849365234375
-0.299835205078125 0.133636474609375 0.167678833007812 -0.0785675048828125
-0.3243408203125 0.01007080078125 -0.19317626953125 0.138442993164063
-0.282867431640625 0.16119384765625 -0.343994140625 -0.088134765625
-0.049774169921875 0.403900146484375 -0.43609619140625 0.050811767578125
0.2742919921875 0.246719360351562 -0.37164306640625 0.210205078125
0.348968505859375 -0.052825927734375 -0.180267333984375 0.2974853515625
0.1451416015625 -0.291748046875 -0.0334625244140625 0.252716064453125
-0.01849365234375 -0.302215576171875 0.05670166015625 0.174972534179688
0.0146484375 -0.280776977539062 0.0222625732421875 0.144683837890625
0.00607299804687498 -0.31976318359375 -0.0707473754882813 0.0848236083984375
0.141799926757813 -0.267990112304688 -0.158432006835938 -0.0290374755859375
0.29913330078125 -0.09033203125 -0.1168212890625 -0.197463989257812
0.254302978515625 0.172134399414062 0.144927978515625 -0.36651611328125
-0.04864501953125 0.299285888671875 0.511474609375 -0.22149658203125
-0.185394287109375 0.166854858398437 0.46844482421875 0.138519287109375
-0.267288208007813 0.04803466796875 0.0692596435546875 -0.0233345031738281
-0.262542724609375 -0.01025390625 -0.27130126953125 0.211105346679688
-0.215988159179688 0.142776489257812 -0.33740234375 0.0292968750000001
-0.01361083984375 0.306854248046875 -0.38427734375 0.0817871093750001
0.225753784179688 0.160293579101563 -0.366424560546875 0.227569580078125
0.255172729492188 -0.0701751708984375 -0.19256591796875 0.336883544921875
0.0856170654296875 -0.23297119140625 -0.017059326171875 0.32965087890625
-0.02581787109375 -0.221633911132813 0.102554321289063 0.259140014648438
0.00453186035156248 -0.206100463867188 0.0561065673828125 0.220596313476563
0.00897216796875001 -0.229080200195313 -0.0697021484375 0.16815185546875
0.105133056640625 -0.172103881835938 -0.189437866210938 0.015655517578125
0.194412231445313 -0.0296630859375 -0.139678955078125 -0.22308349609375
0.120864868164062 0.135627746582031 0.187164306640625 -0.38909912109375
-0.0938568115234375 0.150253295898438 0.591796875 -0.14306640625
-0.135650634765625 0.039398193359375 0.4454345703125 0.251434326171875
-0.179229736328125 -0.019989013671875 -0.0165796279907227 -0.00238609313964844
-0.162734985351563 -0.0587310791015625 -0.32135009765625 0.271820068359375
-0.140571594238281 0.06097412109375 -0.3289794921875 0.118896484375
-0.029510498046875 0.16607666015625 -0.342926025390625 0.11181640625
0.117652893066406 0.0944976806640625 -0.349761962890625 0.254730224609375
0.1319580078125 -0.0359115600585938 -0.181976318359375 0.3663330078125
0.0354385375976562 -0.122283935546875 0.018585205078125 0.38092041015625
-0.0188064575195313 -0.104934692382813 0.14959716796875 0.30914306640625
-0.00624084472656251 -0.0999755859375 0.08404541015625 0.263870239257813
-0.00182342529296876 -0.108970642089844 -0.0683746337890625 0.213531494140625
0.030792236328125 -0.0792007446289063 -0.19775390625 0.0279083251953125
0.0648880004882813 -0.0199508666992188 -0.118026733398438 -0.256301879882813
0.0258769989013672 0.0334434509277344 0.255462646484375 -0.380889892578125
-0.0503997802734375 0.00722503662109374 0.64154052734375 -0.03790283203125
-0.0327339172363281 -0.0319995880126953 0.402801513671875 0.3341064453125
-0.0680923461914063 -0.0446968078613281 -0.0692901611328125 -0.00756454467773438
-0.0407028198242188 0.0317230224609375 0.149581909179688 -0.0377960205078125
-0.0560035705566406 -0.0222663879394531 -0.326690673828125 -0.417327880859375
-0.0715179443359375 0.103401184082031 -0.68157958984375 0.0136108398437502
0.0277557373046875 0.120956420898438 -0.3720703125 0.404937744140625
0.085113525390625 0.0467300415039063 0.068817138671875 0.305816650390625
0.0613059997558594 -0.0142059326171875 0.194717407226563 -0.002044677734375
0.0245323181152344 -0.0296573638916016 0.0237579345703125 -0.235488891601563
0.0227489471435547 -0.0192203521728516 -0.118026733398438 -0.261550903320313
0.00819587707519531 -0.0199623107910156 -0.184844970703125 -0.319976806640625
-0.006500244140625 -0.0261249542236328 -0.07733154296875 -0.403076171875
-0.00489425659179688 -0.0370826721191406 0.115447998046875 -0.405029296875
0.0429191589355469 -0.0524559020996094 0.31573486328125 -0.3038330078125
0.084381103515625 -0.019775390625 0.3912353515625 -0.124359130859375
0.105308532714844 0.0489578247070313 0.34771728515625 -0.162109375
0.045806884765625 0.110061645507813 0.369384765625 -0.2943115234375
-0.130813598632813 0.0112533569335938 0.127639770507813 -0.0242843627929688
-0.137779235839844 -0.0292205810546875 -0.306640625 -0.425140380859375
-0.142227172851563 0.189544677734375 -0.67047119140625 -0.0328369140624998
0.0577392578125 0.223953247070313 -0.39776611328125 0.349639892578125
0.192764282226563 0.079833984375 0.017852783203125 0.295501708984375
0.138175964355469 -0.0969085693359375 0.151535034179688 0.0164031982421875
0.0250701904296875 -0.150390625 0.0141448974609375 -0.199569702148438
0.0168838500976562 -0.137191772460938 -0.11419677734375 -0.223922729492188
-0.0177154541015625 -0.156051635742187 -0.186126708984375 -0.290618896484375
0.01580810546875 -0.165939331054688 -0.103607177734375 -0.371002197265625
0.105941772460938 -0.13970947265625 0.07305908203125 -0.37945556640625
0.19134521484375 -0.0445556640625 0.27032470703125 -0.323760986328125
0.151519775390625 0.126846313476563 0.371307373046875 -0.17523193359375
0.057373046875 0.185211181640625 0.359283447265625 -0.17803955078125
-0.07440185546875 0.1783447265625 0.35614013671875 -0.28485107421875
-0.21380615234375 0.00166320800781249 0.0808792114257813 -0.0120086669921875
-0.213958740234375 -0.00633239746093753 -0.311920166015625 -0.40234375
-0.174072265625 0.283355712890625 -0.64129638671875 -0.0410766601562499
0.116119384765625 0.299041748046875 -0.40203857421875 0.29473876953125
0.2921142578125 0.078033447265625 -0.0370025634765625 0.274566650390625
0.188430786132812 -0.181655883789063 0.0904769897460938 0.0470428466796875
0.014801025390625 -0.250228881835938 0.00420379638671876 -0.131729125976563
0.0101470947265625 -0.235671997070313 -0.092803955078125 -0.153213500976563
-0.03851318359375 -0.271270751953125 -0.163223266601563 -0.227584838867188
0.041656494140625 -0.280380249023437 -0.11517333984375 -0.304534912109375
0.207992553710938 -0.21722412109375 0.03240966796875 -0.3299560546875
0.316375732421875 -0.022918701171875 0.221282958984375 -0.33453369140625
0.192123413085938 0.256027221679688 0.365936279296875 -0.221099853515625
0.00112915039062501 0.290985107421875 0.39166259765625 -0.1534423828125
-0.180770874023437 0.217361450195312 0.31341552734375 -0.234527587890625
-0.28662109375 0.00848388671875002 0.00772190093994139 0.0132837295532227
-0.281219482421875 0.057037353515625 -0.334381103515625 -0.334075927734375
-0.15478515625 0.38140869140625 -0.58612060546875 -0.0140380859374999
0.198455810546875 0.329986572265625 -0.392547607421875 0.25506591796875
0.365234375 0.037506103515625 -0.091705322265625 0.265777587890625
0.200302124023438 -0.256805419921875 0.030120849609375 0.101463317871094
-0.00381469726562501 -0.31500244140625 0.00687789916992188 -0.037689208984375
0.00482177734375002 -0.299346923828125 -0.0559501647949219 -0.0587387084960938
-0.042266845703125 -0.345550537109375 -0.124862670898438 -0.133735656738281
0.0770263671875 -0.345428466796875 -0.119430541992188 -0.211181640625
0.291900634765625 -0.23797607421875 -0.0119781494140625 -0.26837158203125
0.386962890625 0.0328369140625 0.176544189453125 -0.3424072265625
0.170257568359375 0.3521728515625 0.389190673828125 -0.254913330078125
-0.071319580078125 0.333251953125 0.4366455078125 -0.08856201171875
-0.257461547851563 0.209335327148438 0.247726440429687 -0.15814208984375
-0.32763671875 0.0235595703125 -0.0816574096679688 0.0627899169921875
-0.30584716796875 0.134521484375 -0.348114013671875 -0.22686767578125
-0.092742919921875 0.437744140625 -0.521331787109375 0.0198974609374999
0.2738037109375 0.303070068359375 -0.387786865234375 0.228668212890625
0.389404296875 -0.02752685546875 -0.142623901367187 0.280975341796875
0.173614501953125 -0.305938720703125 -0.012786865234375 0.179351806640625
-0.028350830078125 -0.33319091796875 0.0278244018554688 0.0703811645507812
-0.00234985351562498 -0.317169189453125 -0.0112724304199219 0.0449562072753906
-0.033966064453125 -0.363433837890625 -0.0889358520507813 -0.0232315063476563
0.11090087890625 -0.342620849609375 -0.131568908691406 -0.11138916015625
0.327972412109375 -0.19378662109375 -0.064483642578125 -0.219085693359375
0.371368408203125 0.108551025390625 0.14605712890625 -0.35888671875
0.079193115234375 0.376800537109375 0.4443359375 -0.26763916015625
-0.144775390625 0.288726806640625 0.47833251953125 0.015899658203125
-0.28759765625 0.149444580078125 0.161834716796875 -0.0746612548828125
-0.321746826171875 0.03033447265625 -0.1739501953125 0.132369995117188
-0.278457641601563 0.18017578125 -0.352508544921875 -0.10235595703125
-0.022552490234375 0.415283203125 -0.452606201171875 0.0534973144531251
0.295562744140625 0.231048583984375 -0.386566162109375 0.2279052734375
0.34967041015625 -0.081451416015625 -0.17889404296875 0.317169189453125
0.1219482421875 -0.304534912109375 -0.02294921875 0.26812744140625
-0.044830322265625 -0.301055908203125 0.0690155029296875 0.17437744140625
-0.00738525390625001 -0.286590576171875 0.0339508056640625 0.142654418945312
-0.01898193359375 -0.32330322265625 -0.0672225952148437 0.0850601196289062
0.122756958007812 -0.27777099609375 -0.15740966796875 -0.0287628173828125
0.2943115234375 -0.111572265625 -0.115325927734375 -0.204193115234375
0.268234252929688 0.157791137695313 0.14886474609375 -0.3853759765625
-0.03277587890625 0.3040771484375 0.528656005859375 -0.23785400390625
-0.176101684570313 0.171676635742188 0.495697021484375 0.139495849609375
-0.25799560546875 0.061248779296875 0.0676460266113281 -0.0118675231933594
-0.264389038085938 0.00718688964843749 -0.249267578125 0.210006713867187
-0.21209716796875 0.158447265625 -0.3414306640625 0.016021728515625
0.00854492187500003 0.315277099609375 -0.3983154296875 0.08349609375
0.24310302734375 0.146713256835937 -0.380950927734375 0.248443603515625
0.25439453125 -0.09326171875 -0.187896728515625 0.360748291015625
0.0672607421875 -0.242523193359375 -0.000488281250000031 0.345489501953125
-0.04541015625 -0.221267700195312 0.121612548828125 0.25634765625
-0.01263427734375 -0.211105346679687 0.07281494140625 0.217269897460938
-0.0102386474609375 -0.233062744140625 -0.0592498779296875 0.169647216796875
0.093109130859375 -0.1802978515625 -0.184432983398437 0.018310546875
0.192764282226563 -0.04376220703125 -0.138336181640625 -0.228164672851563
0.129959106445313 0.128982543945313 0.19207763671875 -0.40667724609375
-0.0869293212890625 0.154922485351563 0.6142578125 -0.16461181640625
-0.131927490234375 0.0411911010742187 0.47808837890625 0.256561279296875
-0.173095703125 -0.0118255615234375 -0.0151090621948242 0.0151872634887695
-0.167556762695313 -0.0462188720703125 -0.2984619140625 0.274566650390625
-0.138725280761719 0.071533203125 -0.3306884765625 0.1109619140625
-0.015960693359375 0.172714233398438 -0.358795166015625 0.11456298828125
0.129478454589844 0.0850448608398438 -0.361602783203125 0.27752685546875
0.132591247558594 -0.0497970581054688 -0.174652099609375 0.3929443359375
0.02587890625 -0.128280639648438 0.040679931640625 0.394989013671875
-0.0289535522460938 -0.104774475097656 0.173553466796875 0.305023193359375
-0.014984130859375 -0.104034423828125 0.104583740234375 0.260116577148438
-0.0110626220703125 -0.112480163574219 -0.0528411865234375 0.215682983398438
0.0248565673828125 -0.0821075439453125 -0.190475463867188 0.0318756103515625
0.0629806518554688 -0.0254631042480469 -0.117431640625 -0.262313842773437
0.0281143188476562 0.0310001373291016 0.262603759765625 -0.3983154296875
-0.0506134033203125 0.00839614868164063 0.66949462890625 -0.0543212890625
-0.0334339141845703 -0.0341796875 0.43994140625 0.345123291015625
-0.0653114318847656 -0.0416717529296875 -0.0667533874511719 0.0141487121582031
-0.0336227416992187 0.0357742309570313 0.146957397460938 -0.068817138671875
-0.0603866577148438 -0.0183029174804688 -0.37353515625 -0.428558349609375
-0.06451416015625 0.111648559570312 -0.7139892578125 0.0490722656250001
0.0378570556640625 0.121528625488281 -0.373443603515625 0.438140869140625
0.088531494140625 0.041046142578125 0.07684326171875 0.3126220703125
0.0602531433105469 -0.0173072814941406 0.192413330078125 -0.0071258544921875
0.0260868072509766 -0.0295391082763672 0.00314331054687498 -0.2333984375
0.0244579315185547 -0.0201873779296875 -0.143798828125 -0.25384521484375
0.00906562805175781 -0.0188961029052734 -0.219390869140625 -0.311004638671875
-0.0071563720703125 -0.0219516754150391 -0.112091064453125 -0.410308837890625
-0.00891876220703125 -0.0324993133544922 0.09228515625 -0.435089111328125
0.0358390808105469 -0.0557403564453125 0.316986083984375 -0.342926025390625
0.0816802978515625 -0.0295944213867187 0.4144287109375 -0.14520263671875
0.11016845703125 0.03863525390625 0.35321044921875 -0.168853759765625
0.05902099609375 0.105804443359375 0.347015380859375 -0.31341552734375
-0.122665405273437 0.022430419921875 0.1279296875 -0.0532684326171875
-0.140777587890625 -0.0200958251953125 -0.350341796875 -0.440155029296875
-0.12628173828125 0.202835083007813 -0.70257568359375 -0.00158691406250002
0.0766754150390625 0.22113037109375 -0.402862548828125 0.37884521484375
0.199478149414063 0.0629425048828125 0.024017333984375 0.3040771484375
0.128219604492187 -0.107887268066406 0.148666381835938 0.01416015625
0.01251220703125 -0.15057373046875 -0.00433349609375001 -0.19744873046875
0.00597381591796874 -0.138679504394531 -0.136764526367188 -0.216827392578125
-0.031646728515625 -0.154037475585938 -0.219329833984375 -0.281829833984375
0.00205993652343751 -0.165985107421875 -0.13787841796875 -0.376495361328125
0.094573974609375 -0.1473388671875 0.0511474609375 -0.406463623046875
0.18939208984375 -0.0607757568359375 0.26788330078125 -0.36114501953125
0.16217041015625 0.115768432617187 0.3902587890625 -0.196807861328125
0.0713958740234375 0.180465698242187 0.364410400390625 -0.186004638671875
-0.0573883056640625 0.184310913085938 0.333587646484375 -0.3031005859375
-0.20477294921875 0.0189971923828125 0.084808349609375 -0.0367279052734375
-0.214920043945313 0.00714111328125001 -0.35174560546875 -0.418670654296875
-0.1497802734375 0.299530029296875 -0.67138671875 -0.0118408203124998
0.14068603515625 0.291168212890625 -0.411163330078125 0.32489013671875
0.299224853515625 0.0511474609375 -0.032623291015625 0.287811279296875
0.169708251953125 -0.196640014648438 0.0890655517578125 0.05023193359375
-0.00903320312500002 -0.248947143554688 -0.00823974609375001 -0.129981994628906
-0.0119476318359375 -0.237960815429687 -0.107681274414063 -0.148529052734375
-0.0646209716796875 -0.268173217773438 -0.190322875976562 -0.2196044921875
0.01629638671875 -0.284271240234375 -0.143585205078125 -0.307586669921875
0.190902709960938 -0.236587524414062 0.014739990234375 -0.352294921875
0.31884765625 -0.0498046875 0.2169189453125 -0.369720458984375
0.214447021484375 0.245391845703125 0.379791259765625 -0.24444580078125
0.021942138671875 0.292327880859375 0.39947509765625 -0.165130615234375
-0.161575317382813 0.231918334960938 0.295562744140625 -0.24847412109375
-0.277786254882813 0.0317840576171875 0.0157337188720703 -0.00669670104980468
-0.279144287109375 0.0773468017578125 -0.36859130859375 -0.34747314453125
-0.121368408203125 0.398895263671875 -0.6131591796875 0.00842285156250013
0.228424072265625 0.315643310546875 -0.40447998046875 0.282989501953125
0.370697021484375 0.0029296875 -0.087249755859375 0.28204345703125
0.17425537109375 -0.274337768554688 0.0329971313476563 0.109992980957031
-0.035614013671875 -0.313018798828125 0.00289154052734375 -0.0360069274902344
-0.02447509765625 -0.302825927734375 -0.0617408752441406 -0.0568161010742188
-0.07733154296875 -0.343963623046875 -0.143325805664063 -0.128799438476563
0.04534912109375 -0.353240966796875 -0.139358520507812 -0.213653564453125
0.272781372070313 -0.266342163085937 -0.024688720703125 -0.286895751953125
0.396240234375 -0.000457763671875 0.16986083984375 -0.373809814453125
0.199981689453125 0.343841552734375 0.3995361328125 -0.281341552734375
-0.0482177734375 0.34027099609375 0.451263427734375 -0.1015625
-0.238754272460938 0.229049682617187 0.234725952148437 -0.165283203125
-0.321563720703125 0.0500488281249999 -0.0690803527832032 0.0505790710449219
-0.2998046875 0.15899658203125 -0.374603271484375 -0.239532470703125
-0.05340576171875 0.452545166015625 -0.5452880859375 0.0379638671875001
0.305023193359375 0.282379150390625 -0.3997802734375 0.259185791015625
0.39056396484375 -0.066864013671875 -0.13580322265625 0.302642822265625
0.142547607421875 -0.322784423828125 -0.00233459472656249 0.1929931640625
-0.063201904296875 -0.329254150390625 0.0341796875 0.0706329345703125
-0.034515380859375 -0.320526123046875 -0.00655364990234375 0.0439643859863281
-0.071014404296875 -0.363494873046875 -0.0951995849609375 -0.0202178955078125
0.079620361328125 -0.35443115234375 -0.141677856445313 -0.111328125
0.313720703125 -0.225311279296875 -0.072662353515625 -0.231658935546875
0.386688232421875 0.077880859375 0.1383056640625 -0.38677978515625
0.11016845703125 0.37579345703125 0.453857421875 -0.296539306640625
-0.12530517578125 0.299560546875 0.50299072265625 -0.000762939453124982
-0.27178955078125 0.170272827148438 0.155868530273437 -0.073883056640625
-0.317413330078125 0.0577392578125 -0.156341552734375 0.128189086914063
-0.26971435546875 0.206161499023438 -0.369842529296875 -0.10931396484375
0.016448974609375 0.425445556640625 -0.472625732421875 0.06817626953125
0.3228759765625 0.205657958984375 -0.398529052734375 0.25970458984375
0.347320556640625 -0.12030029296875 -0.168243408203125 0.3441162109375
0.09185791015625 -0.318359375 -0.00378417968749999 0.284515380859375
-0.0777587890625 -0.29718017578125 0.0860748291015625 0.171798706054688
-0.037261962890625 -0.2908935546875 0.0490341186523437 0.138282775878906
-0.053131103515625 -0.32513427734375 -0.0614776611328125 0.0881576538085938
0.096771240234375 -0.290679931640625 -0.159149169921875 -0.0248870849609375
0.285614013671875 -0.13897705078125 -0.121551513671875 -0.211898803710938
0.285552978515625 0.13568115234375 0.139068603515625 -0.41204833984375
-0.00903320312500003 0.310028076171875 0.541748046875 -0.272796630859375
-0.16497802734375 0.182144165039062 0.531494140625 0.12615966796875
-0.247970581054687 0.0799407958984375 0.0685310363769531 -0.00249481201171875
-0.264312744140625 0.0311431884765625 -0.227630615234375 0.212890625
-0.203994750976562 0.180877685546875 -0.35205078125 0.0127868652343749
0.04010009765625 0.322357177734375 -0.41864013671875 0.097625732421875
0.263351440429688 0.124725341796875 -0.38934326171875 0.282135009765625
0.250747680664063 -0.123123168945313 -0.1729736328125 0.391632080078125
0.043212890625 -0.252517700195313 0.027679443359375 0.36004638671875
-0.0706329345703125 -0.218490600585938 0.148086547851563 0.250732421875
-0.0356597900390625 -0.214859008789063 0.095855712890625 0.212142944335937
-0.0349578857421875 -0.23583984375 -0.0436248779296875 0.1727294921875
0.0762939453125 -0.190673828125 -0.180465698242188 0.0255126953125
0.189010620117188 -0.062591552734375 -0.1455078125 -0.232070922851562
0.142044067382812 0.118240356445312 0.182769775390625 -0.43536376953125
-0.0760498046875 0.161941528320313 0.636962890625 -0.20001220703125
-0.129158020019531 0.0464935302734375 0.5238037109375 0.249176025390625
-0.169113159179688 -0.000427246093750036 -0.0103664398193359 0.0320873260498047
-0.171859741210938 -0.0297393798828125 -0.27227783203125 0.283203125
-0.135360717773438 0.0860671997070313 -0.3341064453125 0.110931396484375
0.00221252441406251 0.1783447265625 -0.376739501953125 0.128173828125
0.1422119140625 0.0715789794921875 -0.36651611328125 0.3135986328125
0.131019592285156 -0.0683746337890625 -0.154754638671875 0.424591064453125
0.0115966796875 -0.133895874023438 0.0750732421875 0.40838623046875
-0.0420608520507813 -0.10357666015625 0.20556640625 0.2952880859375
-0.0275115966796875 -0.106735229492188 0.131500244140625 0.25311279296875
-0.0240249633789063 -0.1156005859375 -0.0319366455078125 0.219345092773437
0.017578125 -0.0863494873046875 -0.18377685546875 0.04010009765625
0.0608749389648438 -0.0328178405761719 -0.125244140625 -0.266891479492188
0.0304317474365234 0.027801513671875 0.257476806640625 -0.429168701171875
-0.0502128601074219 0.0113258361816406 0.7015380859375 -0.09124755859375
-0.034759521484375 -0.0359878540039062 0.491180419921875 0.342620849609375
-0.0644798278808594 -0.0384292602539063 -0.0611991882324219 0.03692626953125
-0.0249786376953125 0.0381050109863281 0.135948181152344 -0.101608276367188
-0.063995361328125 -0.0113182067871094 -0.424163818359375 -0.420623779296875
-0.0537948608398438 0.118919372558594 -0.73248291015625 0.1033935546875
0.0497512817382812 0.118057250976563 -0.357208251953125 0.475677490234375
0.0910263061523438 0.0322799682617188 0.092010498046875 0.3145751953125
0.0574264526367188 -0.0208282470703125 0.187606811523438 -0.0160980224609375
0.0259342193603516 -0.0305633544921875 -0.0216827392578125 -0.226333618164063
0.0252323150634766 -0.0216388702392578 -0.172866821289063 -0.235916137695313
0.00937080383300781 -0.0182991027832031 -0.2581787109375 -0.288543701171875
-0.00736618041992187 -0.0187282562255859 -0.156829833984375 -0.406158447265625
-0.0120620727539063 -0.0270862579345703 0.053497314453125 -0.457733154296875
0.02703857421875 -0.0575599670410156 0.300140380859375 -0.385345458984375
0.07489013671875 -0.0392913818359375 0.427337646484375 -0.179901123046875
0.112998962402344 0.0244522094726563 0.352264404296875 -0.1834716796875
0.0717544555664063 0.0970611572265625 0.31231689453125 -0.334564208984375
-0.110366821289062 0.034271240234375 0.1204833984375 -0.084075927734375
-0.141006469726563 -0.00740051269531252 -0.401519775390625 -0.438720703125
-0.103775024414063 0.214126586914063 -0.722412109375 0.0501708984375
0.099395751953125 0.211669921875 -0.394378662109375 0.417816162109375
0.202972412109375 0.040435791015625 0.03765869140625 0.3092041015625
0.113822937011719 -0.11724853515625 0.144943237304688 0.00912475585937499
-0.0028533935546875 -0.14752197265625 -0.0260467529296875 -0.1912841796875
-0.00737762451171876 -0.137420654296875 -0.1607666015625 -0.201278686523438
-0.0477752685546875 -0.147415161132813 -0.254623413085938 -0.258834838867188
-0.0147857666015625 -0.161972045898438 -0.1798095703125 -0.369049072265625
0.0785675048828125 -0.154678344726563 0.0146484375 -0.4263916015625
0.181228637695313 -0.079071044921875 0.24853515625 -0.400909423828125
0.17169189453125 0.098480224609375 0.395904541015625 -0.229278564453125
0.0877227783203125 0.1710205078125 0.362701416015625 -0.203094482421875
-0.0364837646484375 0.186264038085938 0.2996826171875 -0.32196044921875
-0.189361572265625 0.0386505126953125 0.0811386108398437 -0.0641937255859375
-0.21038818359375 0.0259857177734375 -0.400054931640625 -0.41607666015625
-0.115020751953125 0.3114013671875 -0.69183349609375 0.03289794921875
0.1708984375 0.272964477539063 -0.40545654296875 0.361358642578125
0.29888916015625 0.0167236328125 -0.0198974609375 0.298065185546875
0.143798828125 -0.209884643554688 0.0894241333007813 0.051300048828125
-0.0371551513671875 -0.2423095703125 -0.022918701171875 -0.125
-0.03900146484375 -0.234115600585938 -0.124626159667969 -0.137367248535156
-0.0950927734375 -0.257278442382813 -0.21923828125 -0.200668334960938
-0.01434326171875 -0.281982421875 -0.177459716796875 -0.300750732421875
0.163589477539063 -0.254623413085938 -0.015228271484375 -0.369384765625
0.31298828125 -0.08343505859375 0.195892333984375 -0.404754638671875
0.237274169921875 0.223724365234375 0.3828125 -0.276580810546875
0.048553466796875 0.28765869140625 0.399505615234375 -0.18499755859375
-0.135055541992188 0.243743896484375 0.266952514648438 -0.26202392578125
-0.261245727539063 0.058380126953125 0.0189266204833984 -0.0276737213134766
-0.268341064453125 0.102493286132813 -0.40789794921875 -0.3450927734375
-0.0767822265625 0.407958984375 -0.62945556640625 0.0471191406250001
0.262603759765625 0.287872314453125 -0.40032958984375 0.320587158203125
0.3658447265625 -0.041259765625 -0.072845458984375 0.297454833984375
0.13934326171875 -0.288665771484375 0.0402908325195313 0.116500854492187
-0.07232666015625 -0.302001953125 -0.00222396850585938 -0.0340824127197266
-0.06060791015625 -0.29803466796875 -0.0682754516601563 -0.0522003173828125
-0.118133544921875 -0.33123779296875 -0.161911010742188 -0.116241455078125
0.00552368164062498 -0.35504150390625 -0.162933349609375 -0.207855224609375
0.241302490234375 -0.29437255859375 -0.047332763671875 -0.29949951171875
0.395355224609375 -0.042266845703125 0.14788818359375 -0.404510498046875
0.234710693359375 0.324554443359375 0.39678955078125 -0.31549072265625
-0.017242431640625 0.341064453125 0.458831787109375 -0.128692626953125
-0.21136474609375 0.248504638671875 0.2159423828125 -0.173309326171875
-0.30474853515625 0.0815429687499999 -0.0582809448242188 0.0368118286132813
-0.2833251953125 0.188568115234375 -0.405426025390625 -0.234466552734375
-0.00222778320312503 0.45745849609375 -0.559600830078125 0.070770263671875
0.336029052734375 0.2469482421875 -0.398101806640625 0.29644775390625
0.379669189453125 -0.114959716796875 -0.118316650390625 0.323638916015625
0.102386474609375 -0.333709716796875 0.0149993896484375 0.203201293945312
-0.102783203125 -0.315826416015625 0.0409202575683594 0.068115234375
-0.073577880859375 -0.315704345703125 -0.00141525268554688 0.0421295166015625
-0.11474609375 -0.351776123046875 -0.10040283203125 -0.0137252807617188
0.038604736328125 -0.3597412109375 -0.152999877929688 -0.105194091796875
0.285888671875 -0.259185791015625 -0.088226318359375 -0.239395141601563
0.394256591796875 0.035858154296875 0.11676025390625 -0.41302490234375
0.148529052734375 0.36480712890625 0.45025634765625 -0.335968017578125
-0.09698486328125 0.30694580078125 0.521942138671875 -0.032318115234375
-0.248382568359375 0.193145751953125 0.149490356445312 -0.07452392578125
-0.303955078125 0.0896911621093749 -0.137626647949219 0.122451782226563
-0.249237060546875 0.234573364257813 -0.39044189453125 -0.103515625
0.06536865234375 0.42559814453125 -0.48583984375 0.0953369140625
0.3470458984375 0.1685791015625 -0.395751953125 0.29864501953125
0.332244873046875 -0.1632080078125 -0.14385986328125 0.369964599609375
0.052520751953125 -0.3258056640625 0.02471923828125 0.29437255859375
-0.11358642578125 -0.28387451171875 0.104507446289062 0.163070678710937
-0.07440185546875 -0.286651611328125 0.0651092529296875 0.130218505859375
-0.09259033203125 -0.3172607421875 -0.052490234375 0.0899734497070313
0.06292724609375 -0.299591064453125 -0.158584594726563 -0.0173187255859375
0.267288208007813 -0.171005249023438 -0.133255004882812 -0.21392822265625
0.299102783203125 0.10400390625 0.115447998046875 -0.43707275390625
0.02294921875 0.3087158203125 0.5390625 -0.319091796875
-0.146682739257813 0.192184448242187 0.56500244140625 0.09173583984375
-0.232696533203125 0.101394653320312 0.0717391967773438 0.00487518310546876
-0.256668090820312 0.05914306640625 -0.20025634765625 0.215087890625
-0.18499755859375 0.2030029296875 -0.360443115234375 0.0187377929687501
0.07861328125 0.3199462890625 -0.430389404296875 0.12115478515625
0.279449462890625 0.092987060546875 -0.383209228515625 0.3223876953125
0.236221313476562 -0.156570434570312 -0.141326904296875 0.41961669921875
0.0113372802734375 -0.25665283203125 0.0648193359375 0.36724853515625
-0.098236083984375 -0.207366943359375 0.175811767578125 0.23541259765625
-0.0633392333984375 -0.212066650390625 0.121322631835938 0.1983642578125
-0.0650177001953125 -0.231475830078125 -0.0234222412109375 0.172470092773438
0.053314208984375 -0.198654174804688 -0.173004150390625 0.035736083984375
0.179107666015625 -0.083892822265625 -0.157760620117188 -0.2308349609375
0.153778076171875 0.10205078125 0.158538818359375 -0.461395263671875
-0.058746337890625 0.167526245117188 0.64349365234375 -0.2548828125
-0.123161315917969 0.0534820556640625 0.56903076171875 0.21685791015625
-0.16192626953125 0.0135955810546875 -0.000438690185546884 0.0483970642089844
-0.1719970703125 -0.00961303710937496 -0.241729736328125 0.290374755859375
-0.125846862792969 0.101348876953125 -0.3349609375 0.116943359375
0.024444580078125 0.179519653320313 -0.38629150390625 0.152099609375
0.15240478515625 0.051025390625 -0.3570556640625 0.35430908203125
0.123100280761719 -0.087799072265625 -0.11773681640625 0.45330810546875
-0.00551605224609375 -0.136192321777344 0.11981201171875 0.408966064453125
-0.056121826171875 -0.09832763671875 0.23974609375 0.273681640625
-0.042633056640625 -0.105316162109375 0.161575317382813 0.236358642578125
-0.0398330688476563 -0.114181518554688 -0.00555419921875 0.217315673828125
0.00732421875 -0.0889663696289063 -0.173446655273437 0.0496978759765625
0.0549049377441406 -0.0409317016601563 -0.139572143554687 -0.266876220703125
0.0327491760253906 0.0229835510253906 0.237274169921875 -0.45965576171875
-0.0477752685546875 0.0142059326171875 0.71844482421875 -0.14739990234375
-0.0367927551269531 -0.0366401672363281 0.544769287109375 0.318359375
-0.0641555786132813 -0.0333328247070313 -0.0487251281738281 0.0594673156738281
-0.0153656005859375 0.0378684997558594 0.115493774414063 -0.128738403320313
-0.0634040832519531 -0.00364303588867187 -0.466339111328125 -0.393280029296875
-0.0403213500976563 0.121536254882812 -0.7203369140625 0.15771484375
0.0604476928710937 0.109146118164063 -0.324615478515625 0.501129150390625
0.0902099609375 0.0235366821289063 0.105926513671875 0.306427001953125
0.0532608032226563 -0.0230369567871094 0.177688598632812 -0.0248870849609375
0.0248546600341797 -0.0308456420898438 -0.04443359375 -0.210922241210937
0.0247364044189453 -0.0236892700195312 -0.194183349609375 -0.20745849609375
0.00982952117919922 -0.0174751281738281 -0.285064697265625 -0.251068115234375
-0.00710582733154297 -0.0149726867675781 -0.196685791015625 -0.383697509765625
-0.013885498046875 -0.0219898223876953 0.00918579101562497 -0.462615966796875
0.016937255859375 -0.0563392639160156 0.26776123046875 -0.41680908203125
0.0649986267089844 -0.0463905334472656 0.423431396484375 -0.2135009765625
0.11004638671875 0.00911712646484375 0.340118408203125 -0.195068359375
0.0797500610351563 0.0833587646484375 0.267974853515625 -0.340087890625
-0.0938796997070313 0.0420150756835937 0.103302001953125 -0.110404968261719
-0.134284973144531 0.0053558349609375 -0.443389892578125 -0.4140625
-0.07647705078125 0.215850830078125 -0.7161865234375 0.1014404296875
0.11724853515625 0.192230224609375 -0.365203857421875 0.444671630859375
0.197067260742187 0.0179443359375 0.051544189453125 0.305999755859375
0.09490966796875 -0.120941162109375 0.137771606445313 0.00386810302734374
-0.017120361328125 -0.138290405273438 -0.045806884765625 -0.177841186523438
-0.021392822265625 -0.130622863769531 -0.178482055664063 -0.17669677734375
-0.0616989135742188 -0.135086059570313 -0.279464721679688 -0.223724365234375
-0.0306854248046875 -0.153076171875 -0.215667724609375 -0.345703125
0.058990478515625 -0.155075073242188 -0.02569580078125 -0.42840576171875
0.165786743164062 -0.0941925048828125 0.214324951171875 -0.427093505859375
0.17431640625 0.0789337158203125 0.38714599609375 -0.260772705078125
0.0990142822265625 0.1544189453125 0.348724365234375 -0.216766357421875
-0.016357421875 0.180633544921875 0.25823974609375 -0.32513427734375
-0.166732788085938 0.053253173828125 0.0699920654296875 -0.0877914428710938
-0.197311401367188 0.043121337890625 -0.43927001953125 -0.395599365234375
-0.076690673828125 0.31024169921875 -0.6856689453125 0.0815429687500002
0.192703247070313 0.242645263671875 -0.382049560546875 0.39068603515625
0.28643798828125 -0.016998291015625 -0.00405883789062501 0.299224853515625
0.112838745117187 -0.212722778320313 0.0886306762695313 0.0504302978515625
-0.06170654296875 -0.22442626953125 -0.0365982055664063 -0.114517211914063
-0.0631103515625 -0.2198486328125 -0.136428833007813 -0.119728088378906
-0.121047973632813 -0.234588623046875 -0.238677978515625 -0.171951293945313
-0.0447235107421875 -0.26837158203125 -0.206634521484375 -0.279296875
0.130218505859375 -0.2626953125 -0.049407958984375 -0.370269775390625
0.29425048828125 -0.112701416015625 0.162261962890625 -0.42608642578125
0.252365112304688 0.192962646484375 0.367889404296875 -0.3043212890625
0.0725250244140625 0.271270751953125 0.38848876953125 -0.204498291015625
-0.105438232421875 0.246292114257812 0.232406616210938 -0.265243530273438
-0.234619140625 0.078857421875 0.0156211853027344 -0.047454833984375
-0.246566772460938 0.122695922851562 -0.44073486328125 -0.324737548828125
-0.028472900390625 0.399169921875 -0.6253662109375 0.0881958007812499
0.28302001953125 0.247039794921875 -0.3812255859375 0.3505859375
0.345001220703125 -0.082183837890625 -0.0538330078125 0.30401611328125
0.099884033203125 -0.2894287109375 0.0490341186523438 0.117988586425781
-0.103652954101563 -0.277206420898438 -0.00707435607910157 -0.0306129455566406
-0.0930633544921875 -0.279251098632813 -0.072662353515625 -0.044830322265625
-0.152374267578125 -0.303009033203125 -0.172622680664063 -0.09637451171875
-0.03436279296875 -0.34088134765625 -0.181320190429687 -0.191299438476563
0.19989013671875 -0.310333251953125 -0.072601318359375 -0.300201416015625
0.37860107421875 -0.083343505859375 0.116302490234375 -0.4207763671875
0.2598876953125 0.2908935546875 0.377777099609375 -0.34246826171875
0.013885498046875 0.32867431640625 0.45263671875 -0.154022216796875
-0.177139282226563 0.257720947265625 0.192535400390625 -0.174407958984375
-0.277114868164063 0.106369018554687 -0.0511550903320313 0.0215530395507813
-0.254135131835938 0.209609985351563 -0.4267578125 -0.217559814453125
0.0487060546875 0.44134521484375 -0.555419921875 0.106475830078125
0.3511962890625 0.199798583984375 -0.38018798828125 0.326904296875
0.3509521484375 -0.15521240234375 -0.0924377441406249 0.333740234375
0.058807373046875 -0.3297119140625 0.034942626953125 0.204299926757812
-0.135986328125 -0.288177490234375 0.0463027954101562 0.0625572204589844
-0.108978271484375 -0.295654296875 0.00289916992187499 0.0380477905273437
-0.15283203125 -0.3236083984375 -0.100898742675781 -0.0047607421875
-0.00347900390625003 -0.349822998046875 -0.159820556640625 -0.0936737060546875
0.244903564453125 -0.281280517578125 -0.104751586914062 -0.23785400390625
0.3863525390625 -0.007476806640625 0.08544921875 -0.424774169921875
0.180877685546875 0.337493896484375 0.428375244140625 -0.366973876953125
-0.066864013671875 0.30242919921875 0.52264404296875 -0.06787109375
-0.216506958007812 0.208419799804688 0.139396667480469 -0.072967529296875
-0.277603149414063 0.11578369140625 -0.119468688964844 0.112709045410156
-0.217681884765625 0.253463745117188 -0.40093994140625 -0.0894775390625
0.112274169921875 0.404632568359375 -0.48431396484375 0.12249755859375
0.354705810546875 0.12286376953125 -0.3773193359375 0.331146240234375
0.300323486328125 -0.1990966796875 -0.111114501953125 0.3819580078125
0.012054443359375 -0.3177490234375 0.054962158203125 0.291656494140625
-0.143386840820312 -0.25689697265625 0.118942260742187 0.147430419921875
-0.10711669921875 -0.268539428710937 0.0777664184570313 0.115737915039062
-0.129425048828125 -0.29351806640625 -0.042205810546875 0.0888595581054687
0.025390625 -0.295318603515625 -0.15484619140625 -0.00862121582031251
0.235931396484375 -0.193771362304687 -0.144363403320312 -0.208267211914063
0.299896240234375 0.0677490234375 0.084228515625 -0.446380615234375
0.054351806640625 0.29510498046875 0.516632080078125 -0.359710693359375
-0.12445068359375 0.195770263671875 0.5762939453125 0.04931640625
-0.208892822265625 0.118148803710938 0.0753860473632812 0.0109481811523438
-0.237045288085938 0.083099365234375 -0.1717529296875 0.20880126953125
-0.15875244140625 0.217483520507812 -0.362335205078125 0.028717041015625
0.114288330078125 0.30224609375 -0.428558349609375 0.1474609375
0.282196044921875 0.055633544921875 -0.361328125 0.355987548828125
0.209823608398438 -0.182907104492188 -0.102386474609375 0.4306640625
-0.0199127197265625 -0.248855590820312 0.10247802734375 0.35760498046875
-0.120574951171875 -0.186676025390625 0.19744873046875 0.208740234375
-0.088287353515625 -0.198089599609375 0.14044189453125 0.176467895507813
-0.0930023193359375 -0.216354370117188 -0.002960205078125 0.1649169921875
0.0272216796875 -0.197555541992187 -0.16070556640625 0.04351806640625
0.160202026367188 -0.100921630859375 -0.167495727539062 -0.22137451171875
0.158660888671875 0.0807342529296875 0.125579833984375 -0.47283935546875
-0.0385894775390625 0.164932250976563 0.6234130859375 -0.3031005859375
-0.113761901855469 0.0588150024414063 0.594970703125 0.17193603515625
-0.149978637695313 0.0272674560546875 0.0125999450683594 0.0604248046875
-0.163009643554688 0.00871276855468748 -0.20257568359375 0.28594970703125
-0.110000610351562 0.112167358398437 -0.328033447265625 0.123748779296875
0.046051025390625 0.171173095703125 -0.38385009765625 0.176055908203125
0.154312133789063 0.02880859375 -0.330078125 0.387237548828125
0.107742309570313 -0.103080749511719 -0.073974609375 0.462249755859375
-0.02264404296875 -0.131294250488281 0.161865234375 0.391510009765625
-0.0672225952148438 -0.088134765625 0.264389038085938 0.23968505859375
-0.0562057495117188 -0.0988693237304687 0.184814453125 0.208786010742188
-0.054534912109375 -0.107200622558594 0.020599365234375 0.205703735351563
-0.004486083984375 -0.0879058837890625 -0.158294677734375 0.056976318359375
0.0453720092773438 -0.0468559265136719 -0.151214599609375 -0.257156372070313
0.0330238342285156 0.0169849395751953 0.205230712890625 -0.4757080078125
-0.0432548522949219 0.0155906677246094 0.708984375 -0.20391845703125
-0.0389480590820313 -0.03515625 0.58026123046875 0.274169921875
-0.0615386962890625 -0.0269050598144531 -0.0313339233398438 0.0764236450195313
-0.00774002075195312 0.0343227386474609 0.09161376953125 -0.146286010742188
-0.0605354309082031 0.00202560424804687 -0.48822021484375 -0.36590576171875
-0.0288009643554688 0.119361877441406 -0.69659423828125 0.19207763671875
0.0659255981445313 0.0986709594726563 -0.29296875 0.505615234375
0.0858688354492188 0.0168380737304688 0.112030029296875 0.295684814453125
0.0496406555175781 -0.0222206115722656 0.1656494140625 -0.028472900390625
0.0239601135253906 -0.0305099487304688 -0.058685302734375 -0.191436767578125
0.0235252380371094 -0.0239276885986328 -0.202590942382813 -0.179183959960938
0.0100431442260742 -0.0165672302246094 -0.296356201171875 -0.214630126953125
-0.00623416900634765 -0.0117473602294922 -0.220977783203125 -0.354522705078125
-0.0144329071044922 -0.0165634155273438 -0.025146484375 -0.454193115234375
0.00993728637695313 -0.0521774291992188 0.236968994140625 -0.429779052734375
0.0552787780761719 -0.049713134765625 0.41107177734375 -0.235137939453125
0.103118896484375 -0.00238800048828125 0.325592041015625 -0.197967529296875
0.0819320678710938 0.072021484375 0.23065185546875 -0.328399658203125
-0.0772933959960937 0.0431747436523438 0.0830307006835938 -0.12841796875
-0.125099182128906 0.0132827758789062 -0.46844482421875 -0.38885498046875
-0.0543365478515625 0.208831787109375 -0.696044921875 0.13531494140625
0.125473022460938 0.171127319335938 -0.3394775390625 0.4537353515625
0.185073852539063 0.0017547607421875 0.0589599609375 0.298095703125
0.0792922973632813 -0.1173095703125 0.129241943359375 0.00208282470703124
-0.0260009765625 -0.126808166503906 -0.0589141845703125 -0.16070556640625
-0.0304718017578125 -0.121192932128906 -0.185943603515625 -0.15191650390625
-0.0683059692382812 -0.120330810546875 -0.2877197265625 -0.18890380859375
-0.04119873046875 -0.140266418457031 -0.236175537109375 -0.31695556640625
0.0428314208984375 -0.149749755859375 -0.05615234375 -0.4189453125
0.149871826171875 -0.101455688476563 0.182952880859375 -0.436859130859375
0.17022705078125 0.0617828369140625 0.373046875 -0.2781982421875
0.10260009765625 0.137557983398438 0.332916259765625 -0.22021484375
-0.00238037109374998 0.1719970703125 0.221466064453125 -0.315216064453125
-0.143341064453125 0.0577545166015625 0.0556259155273437 -0.105239868164063
-0.179733276367188 0.052032470703125 -0.461517333984375 -0.371917724609375
-0.046173095703125 0.296173095703125 -0.66619873046875 0.11102294921875
0.200363159179688 0.211502075195313 -0.35968017578125 0.4029541015625
0.265228271484375 -0.0396881103515625 0.00546264648437504 0.294677734375
0.087158203125 -0.205703735351562 0.0862808227539063 0.04974365234375
-0.076568603515625 -0.202178955078125 -0.0450820922851563 -0.1026611328125
-0.07891845703125 -0.202133178710938 -0.141265869140625 -0.102981567382813
-0.134979248046875 -0.209152221679688 -0.244277954101562 -0.143630981445313
-0.0652313232421875 -0.248809814453125 -0.222122192382813 -0.255279541015625
0.100494384765625 -0.258468627929688 -0.07427978515625 -0.362762451171875
0.271484375 -0.130538940429688 0.132293701171875 -0.4327392578125
0.255172729492188 0.165542602539063 0.35101318359375 -0.319549560546875
0.0854644775390625 0.251556396484375 0.371795654296875 -0.21142578125
-0.081634521484375 0.24029541015625 0.202774047851563 -0.255401611328125
-0.20556640625 0.0865631103515625 0.00902175903320312 -0.0642166137695312
-0.221527099609375 0.132400512695312 -0.45697021484375 -0.304595947265625
0.00640869140624997 0.37738037109375 -0.60968017578125 0.1129150390625
0.286865234375 0.207916259765625 -0.359832763671875 0.364532470703125
0.3153076171875 -0.107757568359375 -0.039398193359375 0.302520751953125
0.0682373046875 -0.277267456054687 0.0548858642578125 0.116645812988281
-0.122482299804688 -0.249542236328125 -0.0105991363525391 -0.0259246826171875
-0.113418579101563 -0.2559814453125 -0.0737228393554688 -0.0378952026367188
-0.172882080078125 -0.271514892578125 -0.175155639648438 -0.0791473388671875
-0.062225341796875 -0.318878173828125 -0.191299438476562 -0.173995971679688
0.16192626953125 -0.30975341796875 -0.089630126953125 -0.294097900390625
0.353668212890625 -0.10943603515625 0.089630126953125 -0.423858642578125
0.270248413085938 0.257553100585938 0.356903076171875 -0.35516357421875
0.03369140625 0.310333251953125 0.43780517578125 -0.1688232421875
-0.1466064453125 0.256378173828125 0.1732177734375 -0.166351318359375
-0.245956420898438 0.117401123046875 -0.0478248596191406 0.00571060180664063
-0.224044799804687 0.21722412109375 -0.437103271484375 -0.202545166015625
0.08465576171875 0.413543701171875 -0.542266845703125 0.126220703125
0.34844970703125 0.157958984375 -0.359405517578125 0.343536376953125
0.31512451171875 -0.179443359375 -0.0718994140625 0.333709716796875
0.0262451171875 -0.31353759765625 0.0489654541015625 0.199050903320312
-0.154388427734375 -0.25634765625 0.0480422973632812 0.0570335388183594
-0.131210327148437 -0.270416259765625 0.00562095642089843 0.0336017608642578
-0.176300048828125 -0.290313720703125 -0.0986175537109375 0.000999450683593729
-0.03533935546875 -0.330413818359375 -0.161285400390625 -0.083953857421875
0.206756591796875 -0.287139892578125 -0.114776611328125 -0.23193359375
0.366546630859375 -0.039337158203125 0.061187744140625 -0.424896240234375
0.198486328125 0.30645751953125 0.402618408203125 -0.381317138671875
-0.0435791015625 0.28973388671875 0.513031005859375 -0.09100341796875
-0.185806274414063 0.212356567382813 0.131881713867188 -0.0675735473632812
-0.248519897460938 0.127273559570312 -0.106170654296875 0.09814453125
-0.186599731445313 0.258682250976562 -0.4036865234375 -0.079132080078125
0.141845703125 0.37554931640625 -0.47479248046875 0.13922119140625
0.347900390625 0.083770751953125 -0.35546875 0.348297119140625
0.26568603515625 -0.217849731445313 -0.08416748046875 0.380645751953125
-0.018402099609375 -0.300750732421875 0.0772247314453125 0.279998779296875
-0.159774780273438 -0.227874755859375 0.125747680664063 0.130989074707031
-0.128555297851563 -0.245513916015625 0.0845108032226562 0.100502014160156
-0.151199340820312 -0.2647705078125 -0.0333175659179688 0.0841751098632812
-0.00378417968749998 -0.2813720703125 -0.148056030273438 -0.00413513183593754
0.204055786132813 -0.203567504882813 -0.147964477539063 -0.200927734375
0.29034423828125 0.038421630859375 0.060943603515625 -0.44427490234375
0.0753021240234375 0.274261474609375 0.488067626953125 -0.379425048828125
-0.105209350585937 0.191986083984375 0.57342529296875 0.01434326171875
-0.183914184570313 0.126022338867188 0.0791168212890625 0.0162887573242188
-0.214157104492188 0.0951690673828125 -0.148651123046875 0.193878173828125
-0.133148193359375 0.220413208007813 -0.359039306640625 0.03369140625
0.13623046875 0.278762817382813 -0.4205322265625 0.162841796875
0.273208618164063 0.0255584716796875 -0.337677001953125 0.37249755859375
0.181106567382813 -0.195526123046875 -0.069793701171875 0.427001953125
-0.0421905517578125 -0.2327880859375 0.128631591796875 0.339202880859375
-0.131973266601563 -0.1641845703125 0.206649780273438 0.182998657226563
-0.104156494140625 -0.180984497070313 0.150726318359375 0.153213500976563
-0.109848022460937 -0.195968627929688 0.0117950439453125 0.151443481445312
0.00669860839843749 -0.18975830078125 -0.147552490234375 0.045684814453125
0.139488220214844 -0.109230041503906 -0.1695556640625 -0.210922241210938
0.156692504882813 0.062347412109375 0.100677490234375 -0.470611572265625
-0.02294921875 0.15655517578125 0.59765625 -0.3330078125
-0.104240417480469 0.0606536865234375 0.6019287109375 0.13134765625
-0.134544372558594 0.0360641479492187 0.0253791809082031 0.0675811767578125
-0.150283813476563 0.0200653076171875 -0.172470092773437 0.269973754882813
-0.0946578979492188 0.115631103515625 -0.319091796875 0.12457275390625
0.0604248046875 0.159530639648438 -0.376190185546875 0.189697265625
0.148941040039063 0.0103607177734375 -0.302764892578125 0.4022216796875
0.0919723510742188 -0.111335754394531 -0.0393371582031249 0.455230712890625
-0.0339126586914062 -0.122711181640625 0.1885986328125 0.3660888671875
-0.0726547241210937 -0.0773544311523438 0.27490234375 0.205612182617187
-0.0652389526367188 -0.0900115966796875 0.195724487304687 0.180816650390625
-0.0638656616210938 -0.0977783203125 0.03863525390625 0.18817138671875
-0.01318359375 -0.0834197998046875 -0.14227294921875 0.057952880859375
0.0362548828125 -0.0481529235839844 -0.155197143554687 -0.246185302734375
0.0321464538574219 0.0116748809814453 0.177154541015625 -0.477325439453125
-0.0384445190429688 0.0151634216308594 0.68609619140625 -0.24114990234375
-0.0397453308105469 -0.032958984375 0.59515380859375 0.23406982421875
-0.0565567016601562 -0.0212783813476562 -0.0133132934570313 0.0866470336914063
-0.00258445739746094 0.0295791625976563 0.0705718994140625 -0.1578369140625
-0.0573081970214844 0.00462341308593749 -0.50177001953125 -0.349334716796875
-0.021575927734375 0.11590576171875 -0.677490234375 0.20587158203125
0.0672073364257813 0.0904693603515625 -0.276885986328125 0.504974365234375
0.0815963745117188 0.0143203735351562 0.11041259765625 0.289794921875
0.0474815368652344 -0.0207672119140625 0.155502319335938 -0.027313232421875
0.0243053436279297 -0.0294113159179688 -0.06689453125 -0.174072265625
0.02313232421875 -0.0236854553222656 -0.205108642578125 -0.156631469726563
0.0108957290649414 -0.0149946212768555 -0.29754638671875 -0.186279296875
-0.00516414642333984 -0.00915813446044922 -0.23468017578125 -0.330413818359375
-0.0142192840576172 -0.0118618011474609 -0.046905517578125 -0.443359375
0.00523757934570312 -0.0473899841308594 0.215301513671875 -0.437164306640625
0.0467453002929688 -0.0505638122558594 0.401702880859375 -0.247650146484375
0.0950241088867188 -0.00839996337890625 0.31671142578125 -0.194915771484375
0.081390380859375 0.0648193359375 0.206298828125 -0.311553955078125
-0.0642318725585938 0.0398635864257813 0.065032958984375 -0.141082763671875
-0.115676879882812 0.0168991088867188 -0.4818115234375 -0.373931884765625
-0.0401763916015625 0.198989868164062 -0.68060302734375 0.14776611328125
0.126556396484375 0.153823852539063 -0.3232421875 0.45574951171875
0.173538208007813 -0.006744384765625 0.059600830078125 0.293304443359375
0.0687789916992188 -0.1116943359375 0.121406555175781 0.00389862060546874
-0.0299224853515625 -0.115760803222656 -0.0659332275390625 -0.145660400390625
-0.0349578857421875 -0.112663269042969 -0.188156127929688 -0.133377075195312
-0.0712127685546875 -0.108146667480469 -0.289642333984375 -0.163360595703125
-0.04693603515625 -0.129096984863281 -0.24749755859375 -0.294464111328125
0.031951904296875 -0.142974853515625 -0.07403564453125 -0.4091796875
0.137290954589844 -0.103317260742188 0.162841796875 -0.440948486328125
0.164764404296875 0.051116943359375 0.364471435546875 -0.28851318359375
0.101325988769531 0.126388549804688 0.32391357421875 -0.21746826171875
0.00656127929687502 0.164138793945313 0.200531005859375 -0.297454833984375
-0.124061584472656 0.0558700561523438 0.0416717529296875 -0.118637084960937
-0.1654052734375 0.0544891357421875 -0.47589111328125 -0.359527587890625
-0.027313232421875 0.279373168945313 -0.6534423828125 0.12371826171875
0.199508666992187 0.187545776367188 -0.3460693359375 0.407196044921875
0.245681762695313 -0.0516815185546875 0.00970458984375004 0.29119873046875
0.0707550048828125 -0.1953125 0.083099365234375 0.0511856079101562
-0.0833282470703125 -0.184341430664063 -0.050537109375 -0.0915985107421875
-0.0872650146484375 -0.186325073242188 -0.1427001953125 -0.090362548828125
-0.140487670898438 -0.187942504882812 -0.245269775390625 -0.124038696289063
-0.0771942138671875 -0.231094360351563 -0.230514526367188 -0.236038208007812
0.080047607421875 -0.250244140625 -0.088958740234375 -0.3548583984375
0.251846313476562 -0.138671875 0.114288330078125 -0.434661865234375
0.25201416015625 0.145614624023438 0.340850830078125 -0.32611083984375
0.0906219482421875 0.23614501953125 0.362701416015625 -0.211761474609375
-0.0646820068359375 0.2333984375 0.18536376953125 -0.239608764648437
-0.182296752929688 0.08538818359375 0.00157165527343749 -0.0773391723632813
-0.20166015625 0.133560180664062 -0.4671630859375 -0.2933349609375
0.028411865234375 0.355377197265625 -0.5989990234375 0.123046875
0.28204345703125 0.178741455078125 -0.34759521484375 0.36962890625
0.289031982421875 -0.12078857421875 -0.0321044921875 0.30078125
0.0480499267578125 -0.263015747070313 0.0579452514648438 0.1158447265625
-0.131027221679688 -0.22491455078125 -0.0131092071533203 -0.0219249725341797
-0.125534057617188 -0.235260009765625 -0.073699951171875 -0.0334930419921875
-0.1817626953125 -0.244110107421875 -0.174972534179688 -0.06719970703125
-0.08001708984375 -0.297393798828125 -0.195388793945313 -0.161392211914063
0.13482666015625 -0.303314208984375 -0.10009765625 -0.289459228515625
0.332275390625 -0.124908447265625 0.0733642578125 -0.424713134765625
0.2713623046875 0.23211669921875 0.345672607421875 -0.361175537109375
0.044158935546875 0.29443359375 0.428375244140625 -0.17376708984375
-0.124984741210938 0.251174926757813 0.16192626953125 -0.154403686523437
-0.2208251953125 0.117706298828125 -0.048095703125 -0.00819396972656249
-0.2012939453125 0.216400146484375 -0.443695068359375 -0.196136474609375
0.105438232421875 0.387847900390625 -0.53570556640625 0.134033203125
0.339691162109375 0.127593994140625 -0.347442626953125 0.35162353515625
0.286285400390625 -0.191070556640625 -0.060546875 0.331085205078125
0.00540161132812499 -0.29693603515625 0.058197021484375 0.194427490234375
-0.162078857421875 -0.230911254882813 0.0490341186523438 0.0530204772949219
-0.14361572265625 -0.248489379882812 0.00685501098632812 0.02923583984375
-0.18756103515625 -0.263015747070313 -0.09637451171875 0.00366973876953125
-0.055572509765625 -0.31005859375 -0.160934448242188 -0.0770263671875001
0.177581787109375 -0.283447265625 -0.1187744140625 -0.228866577148438
0.346893310546875 -0.058746337890625 0.0475158691406251 -0.423431396484375
0.206298828125 0.281158447265625 0.38720703125 -0.3863525390625
-0.0302734375 0.27813720703125 0.5047607421875 -0.10455322265625
-0.162078857421875 0.209579467773438 0.128311157226563 -0.0597686767578125
-0.22509765625 0.1287841796875 -0.09930419921875 0.08282470703125
-0.163116455078125 0.256378173828125 -0.40460205078125 -0.0753173828125
0.159210205078125 0.3504638671875 -0.47052001953125 0.146240234375
0.335723876953125 0.056976318359375 -0.3411865234375 0.3582763671875
0.236343383789063 -0.226150512695313 -0.0679931640625 0.37701416015625
-0.03570556640625 -0.2828369140625 0.091033935546875 0.269989013671875
-0.166000366210937 -0.20404052734375 0.12774658203125 0.118003845214844
-0.140350341796875 -0.225601196289063 0.0874862670898437 0.087921142578125
-0.162857055664062 -0.240966796875 -0.0279464721679688 0.0777816772460937
-0.0231781005859375 -0.265548706054688 -0.142166137695313 -0.00317382812500003
0.178665161132813 -0.204071044921875 -0.1474609375 -0.197113037109375
0.277359008789063 0.0188751220703125 0.048797607421875 -0.44140625
0.086822509765625 0.254257202148437 0.469879150390625 -0.388763427734375
-0.09228515625 0.18670654296875 0.5699462890625 -0.00323486328124999
-0.162399291992187 0.128128051757813 0.0834197998046875 0.021453857421875
-0.195022583007812 0.09820556640625 -0.135208129882813 0.176956176757813
-0.113967895507813 0.21832275390625 -0.357147216796875 0.031951904296875
0.148880004882813 0.258758544921875 -0.417816162109375 0.168975830078125
0.26202392578125 0.0054931640625 -0.322998046875 0.381134033203125
0.1585693359375 -0.201095581054688 -0.050933837890625 0.421142578125
-0.054412841796875 -0.218841552734375 0.144378662109375 0.32318115234375
-0.13641357421875 -0.1473388671875 0.210296630859375 0.162216186523438
-0.113922119140625 -0.166549682617188 0.154861450195312 0.134124755859375
-0.120086669921875 -0.179153442382812 0.0207290649414062 0.139068603515625
-0.00796508789062499 -0.180282592773438 -0.137344360351563 0.0437698364257813
0.1231689453125 -0.111259460449219 -0.167083740234375 -0.206344604492187
0.151229858398438 0.0479888916015625 0.087646484375 -0.467010498046875
-0.01300048828125 0.146316528320312 0.57781982421875 -0.3465576171875
-0.0964202880859375 0.0604476928710937 0.60174560546875 0.10748291015625
-0.119880676269531 0.0396804809570313 0.0367660522460937 0.0728607177734375
-0.1395263671875 0.0246353149414062 -0.1556396484375 0.252059936523438
-0.0827102661132812 0.114891052246094 -0.314483642578125 0.11944580078125
0.06915283203125 0.1492919921875 -0.372161865234375 0.196868896484375
0.141387939453125 -0.003143310546875 -0.28582763671875 0.409637451171875
0.078948974609375 -0.114738464355469 -0.018310546875 0.447357177734375
-0.0401992797851562 -0.115219116210938 0.203582763671875 0.344635009765625
-0.0745468139648438 -0.0692062377929687 0.277206420898438 0.180038452148438
-0.070526123046875 -0.0824508666992188 0.200973510742188 0.158218383789062
-0.0699844360351563 -0.0893936157226563 0.04949951171875 0.171356201171875
-0.020263671875 -0.0793685913085938 -0.1298828125 0.05426025390625
0.0287666320800781 -0.0479698181152344 -0.152862548828125 -0.240447998046875
0.03009033203125 0.00737190246582031 0.163604736328125 -0.475067138671875
-0.0352935791015625 0.0124893188476563 0.6697998046875 -0.2623291015625
-0.0395584106445313 -0.0308647155761719 0.601318359375 0.20843505859375
-0.0501632690429688 -0.0175628662109375 0.00269317626953124 0.0930557250976563
0.000549316406250002 0.0256862640380859 0.0535430908203125 -0.167922973632813
-0.0552520751953125 0.00623703002929687 -0.520263671875 -0.344207763671875
-0.0166091918945312 0.113677978515625 -0.67486572265625 0.21527099609375
0.0673370361328125 0.0849151611328125 -0.27227783203125 0.508544921875
0.0793380737304688 0.0137100219726563 0.107635498046875 0.29132080078125
0.0472946166992188 -0.0189399719238281 0.148605346679688 -0.0243682861328125
0.0254917144775391 -0.0292396545410156 -0.0718994140625 -0.161605834960938
0.0238189697265625 -0.0233497619628906 -0.20751953125 -0.141265869140625
0.0125436782836914 -0.0146350860595703 -0.300628662109375 -0.167724609375
-0.00394678115844727 -0.00664329528808594 -0.245880126953125 -0.31591796875
-0.0140867233276367 -0.00730419158935547 -0.061614990234375 -0.44146728515625
0.0029449462890625 -0.04412841796875 0.203277587890625 -0.44622802734375
0.0402679443359375 -0.0506401062011719 0.403289794921875 -0.25994873046875
0.0888595581054687 -0.0125045776367187 0.3172607421875 -0.1912841796875
0.0815582275390625 0.0611343383789062 0.196441650390625 -0.300079345703125
-0.0555191040039063 0.03594970703125 0.0493621826171875 -0.15240478515625
-0.109001159667969 0.0175704956054688 -0.500213623046875 -0.369659423828125
-0.030609130859375 0.192092895507813 -0.6790771484375 0.15496826171875
0.126083374023438 0.142578125 -0.3192138671875 0.461029052734375
0.164901733398438 -0.0108642578125 0.057891845703125 0.295013427734375
0.06329345703125 -0.106880187988281 0.117256164550781 0.00745391845703124
-0.0316009521484375 -0.108734130859375 -0.0713424682617188 -0.133941650390625
-0.0378265380859375 -0.106727600097656 -0.190582275390625 -0.1202392578125
-0.0719451904296875 -0.099822998046875 -0.293243408203125 -0.145751953125
-0.051422119140625 -0.121078491210938 -0.256546020507813 -0.2796630859375
0.025146484375 -0.137596130371094 -0.087738037109375 -0.406951904296875
0.129531860351563 -0.104888916015625 0.150726318359375 -0.450225830078125
0.160842895507813 0.0441131591796875 0.3634033203125 -0.29791259765625
0.0998306274414063 0.119827270507813 0.325408935546875 -0.21527099609375
0.0132904052734375 0.159896850585938 0.190765380859375 -0.2850341796875
-0.110801696777344 0.0509796142578125 0.029144287109375 -0.130149841308594
-0.15533447265625 0.0540771484375 -0.491241455078125 -0.356689453125
-0.0142364501953125 0.267822265625 -0.65533447265625 0.12786865234375
0.197265625 0.17083740234375 -0.34222412109375 0.41461181640625
0.23187255859375 -0.059112548828125 0.00991821289062502 0.294158935546875
0.0601806640625 -0.188034057617188 0.0817794799804688 0.0547027587890625
-0.087188720703125 -0.170745849609375 -0.0544357299804687 -0.0831298828125
-0.09326171875 -0.1756591796875 -0.144378662109375 -0.08184814453125
-0.144805908203125 -0.17340087890625 -0.248214721679688 -0.110671997070313
-0.085845947265625 -0.217971801757813 -0.238296508789062 -0.224746704101563
0.0665740966796875 -0.244171142578125 -0.099639892578125 -0.354736328125
0.2401123046875 -0.144638061523437 0.102783203125 -0.443206787109375
0.251144409179688 0.133102416992188 0.340118408203125 -0.33392333984375
0.0931854248046875 0.228424072265625 0.3629150390625 -0.211151123046875
-0.0522308349609375 0.229156494140625 0.178329467773438 -0.227828979492188
-0.16668701171875 0.0816802978515625 -0.00644683837890626 -0.0898513793945313
-0.188125610351563 0.1334228515625 -0.480865478515625 -0.292144775390625
0.043426513671875 0.3408203125 -0.6031494140625 0.1280517578125
0.278244018554688 0.15869140625 -0.346710205078125 0.378082275390625
0.270675659179688 -0.129348754882813 -0.02899169921875 0.30450439453125
0.034576416015625 -0.253631591796875 0.0606155395507812 0.117469787597656
-0.135711669921875 -0.208694458007813 -0.0152225494384766 -0.017913818359375
-0.133529663085938 -0.221389770507813 -0.0747833251953125 -0.0305404663085938
-0.188201904296875 -0.225875854492188 -0.176910400390625 -0.059326171875
-0.09246826171875 -0.2821044921875 -0.200302124023437 -0.152786254882813
0.11541748046875 -0.298797607421875 -0.107208251953125 -0.29071044921875
0.318695068359375 -0.13568115234375 0.063262939453125 -0.4312744140625
0.2750244140625 0.215621948242188 0.34515380859375 -0.368927001953125
0.05096435546875 0.286346435546875 0.428375244140625 -0.1771240234375
-0.108612060546875 0.247879028320313 0.158172607421875 -0.144607543945312
-0.204360961914063 0.11505126953125 -0.0510787963867188 -0.021453857421875
-0.185531616210937 0.215484619140625 -0.45587158203125 -0.19610595703125
0.120361328125 0.370361328125 -0.538848876953125 0.136077880859375
0.332550048828125 0.107574462890625 -0.344818115234375 0.361236572265625
0.265106201171875 -0.1990966796875 -0.053924560546875 0.334747314453125
-0.007904052734375 -0.286041259765625 0.0651397705078125 0.193145751953125
-0.167312622070312 -0.213241577148438 0.0483474731445312 0.0508689880371094
-0.15325927734375 -0.233200073242187 0.00723075866699218 0.0249233245849609
-0.19647216796875 -0.243850708007812 -0.0962905883789063 0.0044708251953125
-0.069976806640625 -0.295257568359375 -0.16229248046875 -0.0738525390625
0.157608032226563 -0.281051635742188 -0.122650146484375 -0.231658935546875
0.33404541015625 -0.072540283203125 0.038787841796875 -0.4296875
0.212493896484375 0.263626098632813 0.384765625 -0.395263671875
-0.0207672119140625 0.271194458007812 0.506866455078125 -0.1116943359375
-0.144683837890625 0.207992553710938 0.128547668457031 -0.0526504516601562
-0.209991455078125 0.127883911132812 -0.0976104736328125 0.0694503784179688
-0.14715576171875 0.255416870117188 -0.41290283203125 -0.0787353515624999
0.172698974609375 0.333770751953125 -0.4764404296875 0.150390625
0.32720947265625 0.038238525390625 -0.338348388671875 0.369873046875
0.21636962890625 -0.232742309570313 -0.058197021484375 0.3797607421875
-0.0477294921875 -0.27276611328125 0.10107421875 0.264617919921875
-0.171310424804688 -0.187606811523437 0.129959106445312 0.108993530273437
-0.150238037109375 -0.211715698242188 0.0897216796875 0.0780029296875
-0.172775268554687 -0.223861694335938 -0.0249710083007813 0.0723037719726563
-0.037994384765625 -0.254348754882813 -0.139259338378906 -0.00376129150390627
0.161834716796875 -0.204360961914062 -0.148208618164063 -0.20001220703125
0.269500732421875 0.004669189453125 0.040740966796875 -0.4459228515625
0.0942230224609375 0.239913940429688 0.4656982421875 -0.39801025390625
-0.0827789306640625 0.1829833984375 0.57305908203125 -0.01678466796875
-0.146270751953125 0.128067016601563 0.0898590087890625 0.0265731811523438
-0.183517456054688 0.0991973876953125 -0.13006591796875 0.162460327148438
-0.101730346679687 0.217300415039063 -0.363006591796875 0.0282287597656251
0.159042358398438 0.246292114257813 -0.421722412109375 0.17413330078125
0.254013061523438 -0.009307861328125 -0.316925048828125 0.39312744140625
0.142547607421875 -0.205795288085938 -0.0382080078125 0.4219970703125
-0.0633544921875 -0.210159301757813 0.15606689453125 0.314056396484375
-0.139778137207031 -0.135307312011719 0.213302612304688 0.1475830078125
-0.122329711914063 -0.1561279296875 0.158676147460938 0.119796752929687
-0.12786865234375 -0.166702270507813 0.0262298583984375 0.128646850585938
-0.0187530517578125 -0.17340087890625 -0.130699157714844 0.0407485961914062
0.111213684082031 -0.111961364746094 -0.165328979492188 -0.207626342773437
0.147293090820312 0.0384521484375 0.080810546875 -0.471588134765625
-0.00662994384765624 0.13861083984375 0.572265625 -0.358642578125
-0.0908050537109375 0.0600433349609375 0.61053466796875 0.0933837890625
-0.107894897460938 0.0409164428710937 0.0482406616210937 0.0779190063476563
-0.132850646972656 0.0267181396484375 -0.146194458007813 0.23712158203125
-0.0750274658203125 0.115272521972656 -0.31805419921875 0.1148681640625
0.0773773193359375 0.141983032226563 -0.377197265625 0.203460693359375
0.135696411132813 -0.012115478515625 -0.27734375 0.420379638671875
0.0689620971679687 -0.118087768554688 -0.00421142578124999 0.446685791015625
-0.044830322265625 -0.110801696777344 0.216339111328125 0.331878662109375
-0.0762786865234375 -0.0638275146484375 0.280975341796875 0.161605834960938
-0.0752182006835938 -0.0777130126953125 0.204788208007813 0.140701293945313
-0.0747299194335938 -0.0834121704101563 0.0565338134765625 0.159027099609375
-0.0258331298828125 -0.0755691528320313 -0.121528625488281 0.0500946044921875
0.0230331420898437 -0.0472564697265625 -0.151611328125 -0.2413330078125
0.0280742645263672 0.00345993041992187 0.158721923828125 -0.48150634765625
-0.0331535339355469 0.00909042358398437 0.666015625 -0.2763671875
-0.0382957458496094 -0.0295677185058594 0.6143798828125 0.19305419921875
-0.0435714721679688 -0.0157241821289062 0.016845703125 0.0992813110351563
0.00269889831542969 0.0222358703613281 0.035308837890625 -0.179718017578125
-0.0551261901855469 0.00740432739257813 -0.551025390625 -0.34002685546875
-0.0115737915039063 0.114166259765625 -0.689208984375 0.23370361328125
0.068572998046875 0.0814666748046875 -0.26837158203125 0.5272216796875
0.0798797607421875 0.0136489868164063 0.11187744140625 0.299041748046875
0.0491828918457031 -0.0184135437011719 0.145751953125 -0.022308349609375
0.0273056030273438 -0.0305137634277344 -0.0784912109375 -0.151351928710938
0.0251865386962891 -0.0239200592041016 -0.21533203125 -0.12762451171875
0.0141763687133789 -0.0144147872924805 -0.311126708984375 -0.14984130859375
-0.00257587432861328 -0.00374937057495117 -0.26251220703125 -0.30450439453125
-0.012852668762207 -0.0030355453491211 -0.0809326171875 -0.44696044921875
-0.000164031982421871 -0.0408401489257813 0.1907958984375 -0.46710205078125
0.0346298217773438 -0.0514717102050781 0.407928466796875 -0.28125
0.0849380493164063 -0.0160598754882813 0.3223876953125 -0.195159912109375
0.0851058959960938 0.0573272705078125 0.187286376953125 -0.294708251953125
-0.0492019653320313 0.0326156616210938 0.032745361328125 -0.164642333984375
-0.105331420898438 0.0181884765625 -0.533721923828125 -0.368316650390625
-0.022003173828125 0.189132690429687 -0.69580078125 0.17193603515625
0.128181457519531 0.134635925292969 -0.32012939453125 0.479156494140625
0.161590576171875 -0.0151824951171875 0.061309814453125 0.30413818359375
0.0594635009765625 -0.104949951171875 0.115470886230469 0.0102767944335937
-0.0337905883789063 -0.104476928710938 -0.0782089233398438 -0.124465942382812
-0.0413818359375 -0.102882385253906 -0.197921752929688 -0.108627319335938
-0.0751724243164063 -0.0938873291015625 -0.302490234375 -0.13031005859375
-0.0553665161132812 -0.115203857421875 -0.272323608398438 -0.269210815429687
0.0183029174804688 -0.134727478027344 -0.1063232421875 -0.4124755859375
0.124610900878906 -0.108924865722656 0.13714599609375 -0.469573974609375
0.1605224609375 0.037933349609375 0.367401123046875 -0.318389892578125
0.101341247558594 0.11688232421875 0.329498291015625 -0.220123291015625
0.0217742919921875 0.1591796875 0.184463500976563 -0.280044555664062
-0.101844787597656 0.0481414794921875 0.0161590576171875 -0.143478393554687
-0.148513793945313 0.0550079345703125 -0.523284912109375 -0.35577392578125
-0.00112915039062498 0.261795043945313 -0.670654296875 0.14361572265625
0.199127197265625 0.157760620117188 -0.34429931640625 0.433380126953125
0.224227905273438 -0.067138671875 0.013397216796875 0.303741455078125
0.0511932373046875 -0.18536376953125 0.082977294921875 0.0585250854492187
-0.093170166015625 -0.162124633789063 -0.0592498779296875 -0.0763702392578125
-0.10107421875 -0.168212890625 -0.150009155273438 -0.0741424560546875
-0.151275634765625 -0.162155151367188 -0.256423950195313 -0.097900390625
-0.096282958984375 -0.208740234375 -0.250717163085938 -0.215087890625
0.05340576171875 -0.243438720703125 -0.116058349609375 -0.360137939453125
0.2327880859375 -0.155517578125 0.0875244140625 -0.46075439453125
0.255844116210938 0.1220703125 0.342559814453125 -0.3544921875
0.100387573242188 0.226043701171875 0.369171142578125 -0.218963623046875
-0.0389862060546875 0.229827880859375 0.17559814453125 -0.223770141601562
-0.156387329101563 0.0802154541015625 -0.0165023803710938 -0.102378845214844
-0.178146362304688 0.1351318359375 -0.509033203125 -0.293731689453125
0.06036376953125 0.3319091796875 -0.61895751953125 0.1402587890625
0.278854370117188 0.142486572265625 -0.348663330078125 0.3978271484375
0.25921630859375 -0.14007568359375 -0.023590087890625 0.3140869140625
0.0215606689453125 -0.25 0.0653152465820313 0.120918273925781
-0.144378662109375 -0.1966552734375 -0.017451286315918 -0.0142345428466797
-0.145416259765625 -0.211380004882812 -0.0779953002929688 -0.0276565551757813
-0.19940185546875 -0.210220336914063 -0.182891845703125 -0.0518035888671875
-0.107162475585938 -0.271987915039063 -0.210647583007813 -0.146041870117187
0.099273681640625 -0.300201416015625 -0.120086669921875 -0.297088623046875
0.31072998046875 -0.150787353515625 0.05010986328125 -0.447662353515625
0.283660888671875 0.202392578125 0.346099853515625 -0.388214111328125
0.06103515625 0.284759521484375 0.43798828125 -0.1884765625
-0.0933685302734375 0.249542236328125 0.158615112304687 -0.141098022460937
-0.1939697265625 0.116043090820312 -0.0572128295898438 -0.0330924987792969
-0.1729736328125 0.220123291015625 -0.47869873046875 -0.194915771484375
0.13995361328125 0.36102294921875 -0.555999755859375 0.150115966796875
0.3321533203125 0.088134765625 -0.34625244140625 0.3841552734375
0.250518798828125 -0.211395263671875 -0.045684814453125 0.34588623046875
-0.0235595703125 -0.28179931640625 0.0744781494140625 0.194839477539062
-0.1767578125 -0.199600219726562 0.0503501892089844 0.0493583679199219
-0.1671142578125 -0.222320556640625 0.00711441040039061 0.0219383239746094
-0.209213256835938 -0.22760009765625 -0.0994338989257813 0.00638580322265625
-0.086822509765625 -0.285888671875 -0.167144775390625 -0.070526123046875
0.1402587890625 -0.28460693359375 -0.131576538085938 -0.237960815429688
0.32855224609375 -0.09002685546875 0.02532958984375 -0.444000244140625
0.223403930664063 0.2509765625 0.386688232421875 -0.41522216796875
-0.00990295410156248 0.270950317382813 0.51861572265625 -0.12646484375
-0.128616333007813 0.210296630859375 0.133155822753906 -0.0492095947265625
-0.201019287109375 0.130859375 -0.0991287231445313 0.0598068237304688
-0.133209228515625 0.259552001953125 -0.4307861328125 -0.0767822265625
0.191497802734375 0.323638916015625 -0.491912841796875 0.164154052734375
0.32525634765625 0.0198974609375 -0.337738037109375 0.391693115234375
0.200485229492188 -0.244003295898438 -0.0462646484375 0.390716552734375
-0.0616607666015625 -0.267303466796875 0.115127563476563 0.263565063476563
-0.180206298828125 -0.175186157226563 0.134780883789063 0.102264404296875
-0.164077758789062 -0.200637817382812 0.0928268432617187 0.069244384765625
-0.185928344726563 -0.20965576171875 -0.0232467651367188 0.0686607360839844
-0.0534820556640625 -0.247299194335938 -0.139862060546875 -0.00255584716796878
0.1473388671875 -0.208755493164063 -0.15399169921875 -0.20611572265625
0.2657470703125 -0.0100250244140625 0.0306396484375 -0.460113525390625
0.104278564453125 0.230987548828125 0.469146728515625 -0.4197998046875
-0.0738372802734375 0.183807373046875 0.5916748046875 -0.03411865234375
-0.132247924804688 0.129837036132812 0.0979995727539062 0.0303421020507813
-0.177291870117188 0.102676391601563 -0.128036499023437 0.15374755859375
-0.0898284912109375 0.22052001953125 -0.376556396484375 0.0300598144531249
0.175216674804687 0.237411499023438 -0.43499755859375 0.187286376953125
0.250991821289063 -0.0240325927734375 -0.3115234375 0.41583251953125
0.128616333007813 -0.214706420898438 -0.023773193359375 0.432586669921875
-0.074462890625 -0.206146240234375 0.17327880859375 0.3104248046875
-0.147293090820312 -0.125869750976563 0.221481323242188 0.134445190429688
-0.132766723632813 -0.148681640625 0.1650390625 0.1063232421875
-0.139236450195313 -0.156875610351563 0.03204345703125 0.121406555175781
-0.030731201171875 -0.168350219726563 -0.127265930175781 0.0392074584960938
0.102287292480469 -0.115028381347656 -0.169464111328125 -0.213394165039062
0.146392822265625 0.0292205810546875 0.072540283203125 -0.486541748046875
-0.00117492675781249 0.133285522460938 0.57794189453125 -0.38372802734375
-0.0858306884765625 0.0613784790039063 0.63177490234375 0.07452392578125
-0.0976104736328125 0.0428619384765625 0.0606842041015625 0.0822982788085938
-0.129631042480469 0.0290985107421875 -0.142349243164062 0.230545043945313
-0.0680084228515625 0.117195129394531 -0.327850341796875 0.11651611328125
0.0870208740234375 0.137336730957031 -0.387359619140625 0.218963623046875
0.133399963378906 -0.0207061767578125 -0.270416259765625 0.441925048828125
0.0607376098632812 -0.123794555664062 0.012725830078125 0.45611572265625
-0.05035400390625 -0.109321594238281 0.234283447265625 0.32476806640625
-0.0801162719726563 -0.0601272583007812 0.290435791015625 0.144378662109375
-0.0816421508789063 -0.0740737915039062 0.213577270507813 0.124710083007812
-0.0819244384765625 -0.078582763671875 0.0645294189453125 0.149368286132812
-0.03125 -0.0730667114257813 -0.116493225097656 0.047454833984375
0.0184783935546875 -0.0468368530273438 -0.156265258789062 -0.246826171875
0.0267696380615234 0.000225067138671875 0.150970458984375 -0.4974365234375
-0.0327262878417969 0.006683349609375 0.675048828125 -0.30316162109375
-0.0371551513671875 -0.0289230346679688 0.64093017578125 0.17718505859375
-0.0383949279785156 -0.0159759521484375 0.0317611694335938 0.105606079101563
0.00404167175292969 0.0187435150146484 0.012420654296875 -0.191085815429687
-0.0545120239257813 0.00982284545898438 -0.5938720703125 -0.32171630859375
-0.00565338134765626 0.11505126953125 -0.69915771484375 0.270751953125
0.0718231201171875 0.07843017578125 -0.255096435546875 0.55267333984375
0.082000732421875 0.0116424560546875 0.1234130859375 0.306610107421875
0.0508384704589844 -0.0193672180175781 0.143905639648438 -0.02325439453125
0.0280666351318359 -0.03363037109375 -0.0880966186523438 -0.140426635742188
0.0268020629882813 -0.0262069702148438 -0.225006103515625 -0.108673095703125
0.0159082412719727 -0.015167236328125 -0.32550048828125 -0.125640869140625
-0.000751972198486328 -0.000537574291229248 -0.287322998046875 -0.288848876953125
-0.0111665725708008 0.00194358825683594 -0.1103515625 -0.45208740234375
-0.00247573852539062 -0.0387153625488281 0.166900634765625 -0.494842529296875
0.0280914306640625 -0.0520896911621094 0.4073486328125 -0.3133544921875
0.081268310546875 -0.0200119018554688 0.327484130859375 -0.207611083984375
0.090301513671875 0.05181884765625 0.177154541015625 -0.296478271484375
-0.0439262390136719 0.0296287536621094 0.0123291015625 -0.176849365234375
-0.102218627929687 0.02105712890625 -0.578369140625 -0.3533935546875
-0.00959777832031249 0.18670654296875 -0.70794677734375 0.2054443359375
0.132537841796875 0.125106811523438 -0.3101806640625 0.50714111328125
0.159423828125 -0.023193359375 0.07208251953125 0.313140869140625
0.053680419921875 -0.104934692382813 0.115257263183594 0.0112228393554687
-0.0390167236328125 -0.101158142089844 -0.0859375 -0.113212585449219
-0.046600341796875 -0.0993270874023438 -0.20721435546875 -0.092071533203125
-0.079559326171875 -0.08648681640625 -0.316986083984375 -0.10693359375
-0.0630035400390625 -0.10760498046875 -0.294647216796875 -0.251678466796875
0.00980377197265624 -0.132766723632813 -0.13427734375 -0.416473388671875
0.117095947265625 -0.116134643554688 0.109649658203125 -0.49261474609375
0.161544799804687 0.0286712646484375 0.363616943359375 -0.347869873046875
0.106460571289062 0.113288879394531 0.333160400390625 -0.233978271484375
0.0349273681640625 0.157516479492187 0.1749267578125 -0.28265380859375
-0.0940780639648438 0.0470962524414062 -0.00146484375000001 -0.15472412109375
-0.1419677734375 0.058807373046875 -0.56591796875 -0.3419189453125
0.015899658203125 0.256378173828125 -0.6866455078125 0.1746826171875
0.204208374023438 0.143081665039063 -0.3370361328125 0.461212158203125
0.216293334960937 -0.0789794921875 0.025390625 0.3154296875
0.0388336181640625 -0.1842041015625 0.0857620239257813 0.06048583984375
-0.10272216796875 -0.152984619140625 -0.0650749206542969 -0.0670433044433594
-0.112869262695312 -0.15997314453125 -0.157806396484375 -0.06219482421875
-0.161453247070312 -0.147979736328125 -0.268661499023438 -0.07843017578125
-0.11053466796875 -0.198089599609375 -0.269546508789063 -0.19940185546875
0.0370330810546875 -0.243927001953125 -0.13995361328125 -0.364044189453125
0.222518920898438 -0.1708984375 0.06182861328125 -0.48046875
0.26458740234375 0.10589599609375 0.337921142578125 -0.382904052734375
0.113143920898437 0.222320556640625 0.37359619140625 -0.236053466796875
-0.02154541015625 0.23114013671875 0.16925048828125 -0.2261962890625
-0.1468505859375 0.0826873779296875 -0.0300750732421875 -0.113189697265625
-0.165557861328125 0.14111328125 -0.5467529296875 -0.279266357421875
0.083770751953125 0.322265625 -0.63543701171875 0.16973876953125
0.283660888671875 0.12261962890625 -0.3424072265625 0.429473876953125
0.244964599609375 -0.1566162109375 -0.010162353515625 0.327178955078125
0.00358581542968752 -0.247940063476563 0.07275390625 0.122978210449219
-0.156661987304688 -0.182846069335938 -0.0188045501708984 -0.00961303710937501
-0.161300659179688 -0.199356079101563 -0.0827713012695313 -0.0230712890625
-0.21380615234375 -0.192657470703125 -0.191436767578125 -0.0396728515625
-0.126388549804688 -0.260147094726562 -0.223220825195313 -0.134765625
0.077728271484375 -0.304046630859375 -0.14068603515625 -0.301605224609375
0.300567626953125 -0.172698974609375 0.024017333984375 -0.465240478515625
0.296783447265625 0.18304443359375 0.33892822265625 -0.41741943359375
0.077362060546875 0.28277587890625 0.445159912109375 -0.2099609375
-0.07373046875 0.252410888671875 0.15740966796875 -0.142745971679688
-0.184219360351563 0.122146606445313 -0.0651664733886719 -0.0421371459960937
-0.155899047851563 0.227203369140625 -0.50946044921875 -0.18267822265625
0.166259765625 0.347198486328125 -0.570556640625 0.17742919921875
0.33502197265625 0.064788818359375 -0.3397216796875 0.414398193359375
0.231338500976563 -0.228790283203125 -0.0288696289062499 0.359375
-0.04425048828125 -0.277114868164063 0.0886383056640625 0.195724487304687
-0.190444946289063 -0.183990478515625 0.0531082153320312 0.0479202270507812
-0.185745239257813 -0.207931518554687 0.00702857971191405 0.019287109375
-0.226699829101562 -0.208999633789063 -0.1025390625 0.0110015869140625
-0.108200073242188 -0.274810791015625 -0.174850463867188 -0.0624847412109375
0.11810302734375 -0.29083251953125 -0.147720336914062 -0.242691040039063
0.32049560546875 -0.11273193359375 0.00112915039062498 -0.460296630859375
0.238906860351562 0.233840942382812 0.379364013671875 -0.447540283203125
0.007537841796875 0.271041870117188 0.53057861328125 -0.153900146484375
-0.108810424804687 0.21405029296875 0.137290954589844 -0.0505218505859375
-0.190811157226563 0.138824462890625 -0.100852966308594 0.053741455078125
-0.113937377929688 0.266082763671875 -0.453155517578125 -0.067413330078125
0.217437744140625 0.307525634765625 -0.504547119140625 0.190704345703125
0.324066162109375 -0.003082275390625 -0.326690673828125 0.423553466796875
0.179412841796875 -0.259353637695313 -0.0247802734375 0.404693603515625
-0.0814971923828125 -0.26275634765625 0.134002685546875 0.261062622070312
-0.192825317382812 -0.159805297851563 0.141616821289063 0.0929107666015625
-0.181442260742188 -0.186859130859375 0.096832275390625 0.0586318969726562
-0.2030029296875 -0.192001342773438 -0.0210952758789063 0.0663375854492187
-0.0726318359375 -0.238693237304688 -0.141357421875 0.00169372558593746
0.130401611328125 -0.216018676757813 -0.16656494140625 -0.209335327148438
0.262100219726563 -0.02911376953125 0.00570678710937501 -0.477264404296875
0.118133544921875 0.21954345703125 0.46258544921875 -0.455352783203125
-0.0604400634765625 0.186477661132813 0.61004638671875 -0.06695556640625
-0.116401672363281 0.133125305175781 0.107780456542969 0.0306854248046875
-0.169662475585938 0.110671997070313 -0.12493896484375 0.150421142578125
-0.073516845703125 0.22576904296875 -0.391632080078125 0.041595458984375
0.196075439453125 0.223861694335937 -0.445281982421875 0.2158203125
0.247787475585938 -0.0422515869140625 -0.29913330078125 0.448638916015625
0.110305786132813 -0.224868774414063 0.00195312500000002 0.445770263671875
-0.090057373046875 -0.20074462890625 0.1973876953125 0.30316162109375
-0.15673828125 -0.114059448242187 0.231475830078125 0.117828369140625
-0.147018432617188 -0.138214111328125 0.173095703125 0.0888519287109375
-0.15338134765625 -0.14404296875 0.0396728515625 0.113914489746094
-0.0445404052734375 -0.162750244140625 -0.124427795410156 0.040924072265625
0.0909881591796875 -0.1195068359375 -0.180648803710937 -0.215545654296875
0.145126342773438 0.0167083740234375 0.051300048828125 -0.505523681640625
0.00688934326171874 0.12799072265625 0.57440185546875 -0.42388916015625
-0.0793991088867188 0.0641098022460938 0.6573486328125 0.04119873046875
-0.0877838134765625 0.0442428588867187 0.0747222900390625 0.0844039916992188
-0.128059387207031 0.0349349975585938 -0.134262084960937 0.227737426757813
-0.0585250854492188 0.120040893554688 -0.336700439453125 0.127166748046875
0.101249694824219 0.130264282226562 -0.393890380859375 0.245513916015625
0.129562377929688 -0.0320663452148438 -0.254364013671875 0.473052978515625
0.050048828125 -0.130455017089844 0.04119873046875 0.466705322265625
-0.05938720703125 -0.107337951660156 0.25860595703125 0.313446044921875
-0.0855255126953125 -0.0546798706054687 0.301727294921875 0.12139892578125
-0.09014892578125 -0.0678634643554688 0.22418212890625 0.1043701171875
-0.0904159545898438 -0.0717239379882813 0.0752716064453125 0.138687133789063
-0.0387649536132812 -0.0696182250976563 -0.110908508300781 0.0466079711914062
0.013031005859375 -0.0471916198730469 -0.167404174804688 -0.2508544921875
0.0250339508056641 -0.00341796875 0.131500244140625 -0.521209716796875
-0.0325832366943359 0.00455093383789062 0.6790771484375 -0.3458251953125
-0.0366325378417969 -0.0277252197265625 0.67138671875 0.1461181640625
-0.0340404510498047 -0.016448974609375 0.0493087768554688 0.109085083007813
0.00520896911621094 0.0150585174560547 -0.0148468017578125 -0.196136474609375
-0.0542526245117188 0.01275634765625 -0.63238525390625 -0.283447265625
0.00234985351562501 0.114288330078125 -0.69244384765625 0.318359375
0.0745697021484375 0.0728836059570313 -0.22698974609375 0.5772705078125
0.0839385986328125 0.0073089599609375 0.14080810546875 0.306732177734375
0.05206298828125 -0.0215530395507813 0.139930725097656 -0.0252532958984375
0.02642822265625 -0.0365257263183594 -0.0967025756835938 -0.126220703125
0.0268669128417969 -0.0292797088623047 -0.231292724609375 -0.0839080810546875
0.0170316696166992 -0.0161972045898438 -0.333892822265625 -0.0911254882812501
0.00181567668914795 0.00161683559417725 -0.309051513671875 -0.261077880859375
-0.00864362716674805 0.00597667694091797 -0.146728515625 -0.446197509765625
-0.0058441162109375 -0.0354957580566406 0.127593994140625 -0.5140380859375
0.0205078125 -0.0512237548828125 0.39154052734375 -0.346771240234375
0.0763320922851563 -0.0241622924804688 0.322174072265625 -0.225128173828125
0.0942916870117188 0.0432281494140625 0.159393310546875 -0.2982177734375
-0.0387001037597656 0.027374267578125 -0.0130615234375 -0.183074951171875
-0.0975189208984375 0.0243606567382813 -0.618896484375 -0.31817626953125
0.00405883789062499 0.181488037109375 -0.7071533203125 0.25225830078125
0.1363525390625 0.113014221191406 -0.283782958984375 0.533538818359375
0.154281616210938 -0.033233642578125 0.089691162109375 0.317108154296875
0.045989990234375 -0.104522705078125 0.113983154296875 0.0102767944335937
-0.0453567504882813 -0.095306396484375 -0.0936355590820313 -0.0997467041015625
-0.0535736083984375 -0.0935440063476562 -0.213912963867188 -0.069305419921875
-0.0836334228515625 -0.076446533203125 -0.32489013671875 -0.0744934082031251
-0.0690460205078125 -0.0970916748046875 -0.314788818359375 -0.2244873046875
0.000244140625000007 -0.128662109375 -0.167510986328125 -0.410003662109375
0.106552124023438 -0.1234130859375 0.0711669921875 -0.50823974609375
0.16033935546875 0.0166015625 0.34417724609375 -0.37994384765625
0.112411499023438 0.105728149414063 0.32586669921875 -0.253173828125
0.048980712890625 0.15057373046875 0.15936279296875 -0.284515380859375
-0.0852584838867188 0.0469589233398437 -0.023162841796875 -0.160797119140625
-0.132400512695313 0.0629959106445312 -0.6043701171875 -0.306396484375
0.036346435546875 0.245376586914062 -0.68707275390625 0.21923828125
0.20733642578125 0.124374389648438 -0.313995361328125 0.49114990234375
0.20330810546875 -0.0936431884765625 0.043548583984375 0.321563720703125
0.0235595703125 -0.180435180664063 0.088897705078125 0.0602493286132812
-0.112846374511719 -0.139656066894531 -0.0694847106933594 -0.0562362670898438
-0.124847412109375 -0.146759033203125 -0.16259765625 -0.0454559326171875
-0.171127319335937 -0.128524780273438 -0.276199340820313 -0.0525054931640625
-0.124832153320312 -0.181854248046875 -0.28533935546875 -0.174652099609375
0.016204833984375 -0.240524291992188 -0.169708251953125 -0.358306884765625
0.205718994140625 -0.187225341796875 0.023529052734375 -0.491943359375
0.268020629882813 0.0838623046875 0.3165283203125 -0.413177490234375
0.127883911132812 0.212966918945313 0.36737060546875 -0.259765625
-0.0004730224609375 0.227127075195313 0.156723022460938 -0.228713989257813
-0.134979248046875 0.0859527587890625 -0.0464630126953125 -0.11871337890625
-0.149703979492188 0.145797729492188 -0.5806884765625 -0.24755859375
0.10845947265625 0.30401611328125 -0.63763427734375 0.2125244140625
0.284149169921875 0.0965576171875 -0.32171630859375 0.46026611328125
0.223876953125 -0.173202514648438 0.01068115234375 0.33465576171875
-0.018218994140625 -0.240676879882813 0.0822982788085937 0.122421264648437
-0.169448852539063 -0.162689208984375 -0.0197944641113281 -0.00457954406738282
-0.177703857421875 -0.180206298828125 -0.085601806640625 -0.0153884887695313
-0.227218627929688 -0.166915893554688 -0.19671630859375 -0.0209197998046875
-0.1466064453125 -0.2401123046875 -0.23333740234375 -0.115463256835938
0.05035400390625 -0.3023681640625 -0.16485595703125 -0.297210693359375
0.28155517578125 -0.195343017578125 -0.0126953124999999 -0.47357177734375
0.307342529296875 0.155609130859375 0.316253662109375 -0.446075439453125
0.098541259765625 0.274276733398438 0.439788818359375 -0.23974609375
-0.0484771728515625 0.250076293945313 0.151824951171875 -0.146682739257812
-0.1695556640625 0.129379272460938 -0.075103759765625 -0.0465164184570312
-0.133514404296875 0.230819702148438 -0.53680419921875 -0.15301513671875
0.194610595703125 0.32171630859375 -0.5716552734375 0.2169189453125
0.331512451171875 0.03570556640625 -0.316680908203125 0.44598388671875
0.20428466796875 -0.2440185546875 -0.00360107421875001 0.36737060546875
-0.068328857421875 -0.266616821289063 0.105270385742188 0.190994262695313
-0.202972412109375 -0.160736083984375 0.0559120178222656 0.0444412231445312
-0.203689575195313 -0.186630249023437 0.0060911178588867 0.016352653503418
-0.241867065429688 -0.18096923828125 -0.104202270507813 0.018768310546875
-0.130706787109375 -0.256027221679687 -0.179412841796875 -0.050384521484375
0.090179443359375 -0.29339599609375 -0.166778564453125 -0.2396240234375
0.30462646484375 -0.138458251953125 -0.03326416015625 -0.46697998046875
0.252487182617188 0.20880126953125 0.355072021484375 -0.477447509765625
0.0299530029296875 0.266357421875 0.5277099609375 -0.19134521484375
-0.0853118896484375 0.213882446289063 0.138557434082031 -0.0546188354492187
-0.176712036132812 0.147628784179688 -0.102142333984375 0.050750732421875
-0.08935546875 0.267684936523437 -0.4705810546875 -0.0413818359375
0.243423461914063 0.280349731445313 -0.503662109375 0.226593017578125
0.31658935546875 -0.03057861328125 -0.301177978515625 0.456024169921875
0.151199340820313 -0.271499633789063 0.00607299804687501 0.411285400390625
-0.104690551757813 -0.249588012695312 0.155563354492188 0.250717163085938
-0.203964233398438 -0.136764526367188 0.147445678710938 0.07879638671875
-0.198150634765625 -0.165191650390625 0.0989913940429687 0.0454177856445312
-0.218475341796875 -0.1663818359375 -0.0185012817382813 0.0642127990722656
-0.0933685302734375 -0.223831176757813 -0.139854431152344 0.00856781005859376
0.107315063476562 -0.220352172851562 -0.181777954101562 -0.205474853515625
0.252685546875 -0.051971435546875 -0.0274658203125 -0.4837646484375
0.131332397460938 0.202835083007813 0.43695068359375 -0.492462158203125
-0.04254150390625 0.186172485351563 0.61517333984375 -0.1112060546875
-0.0976028442382813 0.134323120117188 0.116020202636719 0.0265731811523438
-0.158493041992188 0.120391845703125 -0.11798095703125 0.148696899414063
-0.0526123046875 0.2259521484375 -0.399810791015625 0.0622558593750001
0.215957641601563 0.20050048828125 -0.442169189453125 0.248870849609375
0.238845825195312 -0.06365966796875 -0.27056884765625 0.4765625
0.0860595703125 -0.233352661132813 0.037017822265625 0.449554443359375
-0.107421875 -0.189849853515625 0.222259521484375 0.28668212890625
-0.164993286132813 -0.096893310546875 0.238571166992188 0.0947113037109375
-0.160354614257813 -0.121185302734375 0.1776123046875 0.0675201416015625
-0.165573120117188 -0.1246337890625 0.0468292236328125 0.103713989257813
-0.05987548828125 -0.15301513671875 -0.118583679199219 0.0437469482421875
0.0770416259765625 -0.123611450195312 -0.194366455078125 -0.21173095703125
0.14129638671875 0.0019378662109375 0.01580810546875 -0.515838623046875
0.015045166015625 0.121131896972656 0.55145263671875 -0.468048095703125
-0.0698509216308594 0.067138671875 0.6722412109375 -0.0076904296875
-0.0767135620117187 0.0454864501953125 0.0890121459960938 0.0810623168945313
-0.124000549316406 0.0434799194335938 -0.121139526367188 0.225799560546875
-0.046600341796875 0.121307373046875 -0.337432861328125 0.14501953125
0.114608764648438 0.117034912109375 -0.38653564453125 0.276947021484375
0.123893737792969 -0.0429840087890625 -0.221435546875 0.4981689453125
0.0352249145507812 -0.134521484375 0.078948974609375 0.4671630859375
-0.0687713623046875 -0.101814270019531 0.285003662109375 0.29168701171875
-0.0907669067382813 -0.046630859375 0.309173583984375 0.090301513671875
-0.0977401733398437 -0.0590133666992188 0.230422973632813 0.07781982421875
-0.0980987548828125 -0.0613479614257812 0.0858612060546875 0.124114990234375
-0.0460700988769531 -0.0632438659667969 -0.103958129882813 0.0467453002929687
0.00688552856445313 -0.0467643737792969 -0.18218994140625 -0.2474365234375
0.0219669342041016 -0.00797271728515625 0.099853515625 -0.53515625
-0.032928466796875 0.00401496887207031 0.66180419921875 -0.39678955078125
-0.0350532531738281 -0.0256137847900391 0.6932373046875 0.09765625
-0.0303993225097656 -0.0168800354003906 0.0670700073242188 0.108314514160156
0.00409507751464844 0.0113563537597656 -0.04010009765625 -0.192413330078125
-0.0533828735351563 0.0155296325683594 -0.651123046875 -0.23455810546875
0.010009765625 0.110687255859375 -0.66522216796875 0.356201171875
0.0762481689453125 0.0671615600585938 -0.19036865234375 0.5841064453125
0.0834197998046875 0.0021820068359375 0.15484619140625 0.299774169921875
0.0523109436035156 -0.0232582092285156 0.133377075195313 -0.0265579223632813
0.0238265991210938 -0.0376472473144531 -0.101776123046875 -0.109344482421875
0.0254592895507813 -0.0320034027099609 -0.229278564453125 -0.057098388671875
0.018402099609375 -0.0176372528076172 -0.330108642578125 -0.0556945800781249
0.00478315353393555 0.00336360931396484 -0.32080078125 -0.226409912109375
-0.00545883178710938 0.00901317596435547 -0.1776123046875 -0.4281005859375
-0.00794219970703125 -0.0316390991210937 0.085968017578125 -0.517425537109375
0.0135574340820313 -0.0481224060058594 0.362701416015625 -0.369171142578125
0.0704498291015625 -0.0266265869140625 0.30889892578125 -0.234710693359375
0.0951156616210937 0.0331344604492188 0.140380859375 -0.292266845703125
-0.0338592529296875 0.0244846343994141 -0.037017822265625 -0.18115234375
-0.0920181274414063 0.0267562866210938 -0.63824462890625 -0.26959228515625
0.016876220703125 0.171234130859375 -0.68402099609375 0.29193115234375
0.136894226074219 0.0997238159179688 -0.251617431640625 0.546539306640625
0.145416259765625 -0.041412353515625 0.104644775390625 0.312042236328125
0.0385284423828125 -0.101028442382813 0.110435485839844 0.0103683471679687
-0.0498275756835938 -0.085968017578125 -0.0975341796875 -0.0836334228515625
-0.058258056640625 -0.0859832763671875 -0.21173095703125 -0.045684814453125
-0.0838470458984375 -0.0658950805664062 -0.32135009765625 -0.0399169921875
-0.0717697143554688 -0.0844268798828125 -0.32305908203125 -0.190093994140625
-0.00845336914062501 -0.120903015136719 -0.19586181640625 -0.391387939453125
0.093170166015625 -0.126045227050781 0.031402587890625 -0.5068359375
0.154510498046875 0.0061492919921875 0.315765380859375 -0.39892578125
0.115493774414063 0.0964431762695313 0.31146240234375 -0.264739990234375
0.0594024658203125 0.139251708984375 0.140487670898437 -0.280014038085938
-0.0763931274414063 0.0459823608398438 -0.0437774658203125 -0.160324096679688
-0.121070861816406 0.0638885498046875 -0.624267578125 -0.2620849609375
0.0523681640625 0.227554321289063 -0.66912841796875 0.25836181640625
0.204315185546875 0.103729248046875 -0.282073974609375 0.50701904296875
0.185867309570313 -0.10357666015625 0.06170654296875 0.318695068359375
0.009185791015625 -0.171356201171875 0.0907821655273438 0.0586776733398437
-0.118873596191406 -0.121025085449219 -0.0714569091796875 -0.044464111328125
-0.132736206054687 -0.1290283203125 -0.161834716796875 -0.0281829833984375
-0.173416137695313 -0.107421875 -0.273681640625 -0.0235137939453125
-0.132568359375 -0.159912109375 -0.290191650390625 -0.146270751953125
-0.00279235839843749 -0.2303466796875 -0.194427490234375 -0.3424072265625
0.183074951171875 -0.19586181640625 -0.0147705078125 -0.487091064453125
0.263809204101563 0.0614776611328125 0.286285400390625 -0.428436279296875
0.139419555664063 0.198684692382813 0.351409912109375 -0.276153564453125
0.018768310546875 0.215103149414062 0.14239501953125 -0.226593017578125
-0.12103271484375 0.0869979858398438 -0.0610504150390625 -0.11822509765625
-0.130844116210938 0.144393920898438 -0.596923828125 -0.20709228515625
0.127044677734375 0.277267456054688 -0.6219482421875 0.248291015625
0.276046752929688 0.071197509765625 -0.289794921875 0.476898193359375
0.197433471679687 -0.18255615234375 0.03265380859375 0.332183837890625
-0.037200927734375 -0.225357055664063 0.0894317626953125 0.117599487304687
-0.175582885742188 -0.13800048828125 -0.0195255279541016 9.53674316405184E-06
-0.187423706054687 -0.155914306640625 -0.0860824584960938 -0.00717163085937502
-0.2315673828125 -0.137222290039063 -0.194778442382813 -0.00160217285156255
-0.15948486328125 -0.213729858398437 -0.236328125 -0.0936126708984375
0.024078369140625 -0.291595458984375 -0.184967041015625 -0.28436279296875
0.253738403320312 -0.210540771484375 -0.0481262207031249 -0.466033935546875
0.306304931640625 0.125762939453125 0.2847900390625 -0.460601806640625
0.11651611328125 0.258407592773438 0.422515869140625 -0.26434326171875
-0.0244293212890625 0.240020751953125 0.142196655273438 -0.146804809570312
-0.151840209960937 0.132232666015625 -0.0824203491210938 -0.047454833984375
-0.109451293945312 0.226806640625 -0.544677734375 -0.11785888671875
0.2122802734375 0.28875732421875 -0.5576171875 0.24908447265625
0.31884765625 0.00897216796875 -0.28436279296875 0.463531494140625
0.1737060546875 -0.250167846679688 0.02301025390625 0.363861083984375
-0.088165283203125 -0.247329711914063 0.1180419921875 0.180709838867187
-0.208160400390625 -0.133544921875 0.0571174621582031 0.0397605895996094
-0.212615966796875 -0.159469604492188 0.00479793548583983 0.0140800476074219
-0.247665405273437 -0.148635864257813 -0.102546691894531 0.0272674560546875
-0.146255493164063 -0.2298583984375 -0.177841186523438 -0.036407470703125
0.062469482421875 -0.285736083984375 -0.181671142578125 -0.228668212890625
0.279388427734375 -0.157684326171875 -0.06640625 -0.45904541015625
0.257522583007813 0.179931640625 0.32049560546875 -0.494476318359375
0.0501708984375 0.253494262695313 0.512481689453125 -0.222686767578125
-0.0619354248046875 0.205780029296875 0.135513305664063 -0.0575485229492187
-0.158340454101563 0.152313232421875 -0.100975036621094 0.0477447509765625
-0.0646820068359375 0.261032104492188 -0.472930908203125 -0.0139160156250001
0.257095336914063 0.245529174804688 -0.488433837890625 0.256103515625
0.300537109375 -0.054443359375 -0.268402099609375 0.4718017578125
0.118942260742188 -0.273223876953125 0.036590576171875 0.40545654296875
-0.12255859375 -0.229751586914063 0.17254638671875 0.233184814453125
-0.207305908203125 -0.11187744140625 0.14825439453125 0.063812255859375
-0.207183837890625 -0.1396484375 0.0963287353515625 0.0323333740234375
-0.224456787109375 -0.1365966796875 -0.0154151916503906 0.061492919921875
-0.108245849609375 -0.20196533203125 -0.134895324707031 0.0147323608398437
0.0835113525390625 -0.217056274414063 -0.192459106445313 -0.196304321289063
0.235382080078125 -0.0701141357421875 -0.059234619140625 -0.4749755859375
0.139556884765625 0.1820068359375 0.400299072265625 -0.514678955078125
-0.02423095703125 0.179168701171875 0.6004638671875 -0.15130615234375
-0.0784225463867188 0.130172729492188 0.120491027832031 0.0213088989257813
-0.143936157226563 0.126129150390625 -0.109283447265625 0.143951416015625
-0.032196044921875 0.219451904296875 -0.396026611328125 0.0819702148437501
0.2255859375 0.1712646484375 -0.425567626953125 0.276092529296875
0.223770141601563 -0.0795440673828125 -0.232757568359375 0.490447998046875
0.06085205078125 -0.232437133789063 0.071014404296875 0.439666748046875
-0.120513916015625 -0.1739501953125 0.241073608398438 0.261550903320313
-0.167510986328125 -0.0772705078125 0.237167358398438 0.069854736328125
-0.167495727539063 -0.100433349609375 0.174667358398438 0.0457305908203125
-0.17205810546875 -0.102020263671875 0.050445556640625 0.0913925170898438
-0.0709381103515625 -0.137237548828125 -0.110054016113281 0.0448989868164063
0.0616683959960937 -0.122566223144531 -0.203018188476563 -0.201385498046875
0.132499694824219 -0.0110092163085937 -0.0167236328125 -0.5086669921875
0.0221023559570312 0.110885620117188 0.513763427734375 -0.496978759765625
-0.0583000183105469 0.0661697387695313 0.6629638671875 -0.05419921875
-0.0648956298828125 0.0434303283691406 0.0991287231445313 0.0757675170898438
-0.116554260253906 0.0509567260742187 -0.107147216796875 0.219512939453125
-0.0350418090820313 0.118240356445313 -0.329254150390625 0.15948486328125
0.121978759765625 0.0992584228515625 -0.367919921875 0.30010986328125
0.114715576171875 -0.0513916015625 -0.18310546875 0.508331298828125
0.02056884765625 -0.133369445800781 0.113067626953125 0.4539794921875
-0.0760116577148437 -0.0933303833007813 0.301849365234375 0.261199951171875
-0.0929718017578125 -0.036956787109375 0.305145263671875 0.059326171875
-0.101936340332031 -0.0472869873046875 0.227188110351563 0.0496978759765625
-0.10125732421875 -0.0484542846679687 0.091278076171875 0.106491088867188
-0.0506744384765625 -0.0539894104003906 -0.095184326171875 0.044647216796875
0.00170135498046875 -0.0441131591796875 -0.19189453125 -0.2373046875
0.0182933807373047 -0.01129150390625 0.064117431640625 -0.534820556640625
-0.0324230194091797 0.00287246704101562 0.62548828125 -0.4324951171875
-0.0324592590332031 -0.0238018035888672 0.6927490234375 0.04638671875
-0.0265407562255859 -0.0175495147705078 0.080718994140625 0.103553771972656
0.00212764739990234 0.00971221923828125 -0.059722900390625 -0.185333251953125
-0.0519065856933594 0.0180931091308594 -0.650146484375 -0.1962890625
0.0143203735351562 0.106124877929688 -0.63623046875 0.3707275390625
0.0758819580078125 0.0623092651367188 -0.16436767578125 0.5782470703125
0.0818252563476563 -0.00164794921875 0.160888671875 0.2904052734375
0.0523643493652344 -0.0249290466308594 0.126907348632813 -0.024261474609375
0.0217132568359375 -0.0374755859375 -0.102088928222656 -0.093994140625
0.0231437683105469 -0.0329914093017578 -0.220428466796875 -0.0373077392578125
0.0188751220703125 -0.0189933776855469 -0.31842041015625 -0.0291748046875
0.00801420211791992 0.00480031967163086 -0.318695068359375 -0.196044921875
-0.00203990936279297 0.0109519958496094 -0.19549560546875 -0.4071044921875
-0.0095672607421875 -0.0280551910400391 0.05572509765625 -0.507965087890625
0.00848388671875001 -0.0429115295410156 0.336822509765625 -0.37738037109375
0.0648231506347656 -0.0269966125488281 0.296051025390625 -0.2371826171875
0.0928802490234375 0.024749755859375 0.127304077148438 -0.280029296875
-0.0308876037597656 0.0221214294433594 -0.05499267578125 -0.174896240234375
-0.0861587524414063 0.0268630981445312 -0.63970947265625 -0.2340087890625
0.0235748291015625 0.158905029296875 -0.6591796875 0.31109619140625
0.132476806640625 0.0887908935546875 -0.22503662109375 0.543212890625
0.135101318359375 -0.045440673828125 0.11346435546875 0.304534912109375
0.0335693359375 -0.0958938598632813 0.106559753417969 0.0115432739257812
-0.0507431030273437 -0.0769805908203125 -0.097686767578125 -0.0697555541992188
-0.0605087280273437 -0.0779495239257812 -0.204879760742188 -0.0272064208984375
-0.0818862915039063 -0.0569610595703125 -0.30908203125 -0.0140380859375
-0.0701141357421875 -0.0731964111328125 -0.31964111328125 -0.162200927734375
-0.012908935546875 -0.112411499023437 -0.2115478515625 -0.371429443359375
0.0816192626953125 -0.124008178710938 0.00225830078125002 -0.493377685546875
0.1463623046875 -0.0003814697265625 0.289886474609375 -0.40386962890625
0.114967346191406 0.0886764526367188 0.297760009765625 -0.268524169921875
0.0642471313476563 0.127304077148438 0.127243041992188 -0.269012451171875
-0.0680503845214844 0.0433349609375 -0.0586700439453125 -0.155410766601563
-0.111000061035156 0.0611343383789062 -0.6251220703125 -0.22601318359375
0.0600738525390625 0.207778930664062 -0.64703369140625 0.27667236328125
0.195449829101563 0.087921142578125 -0.257049560546875 0.50897216796875
0.16778564453125 -0.106658935546875 0.072601318359375 0.312286376953125
0.000122070312500012 -0.159881591796875 0.0908889770507812 0.0582504272460937
-0.117759704589844 -0.104530334472656 -0.0707244873046875 -0.0337295532226563
-0.134902954101562 -0.112861633300781 -0.156982421875 -0.014495849609375
-0.169525146484375 -0.0890960693359375 -0.263153076171875 -0.00178527832031251
-0.132575988769531 -0.140182495117188 -0.286468505859375 -0.122161865234375
-0.014862060546875 -0.21612548828125 -0.208099365234375 -0.3245849609375
0.162979125976563 -0.196868896484375 -0.041229248046875 -0.47283935546875
0.254791259765625 0.0453033447265625 0.260955810546875 -0.430999755859375
0.143630981445313 0.1842041015625 0.3348388671875 -0.281829833984375
0.0302734375 0.200393676757812 0.131378173828125 -0.218429565429688
-0.108200073242188 0.084991455078125 -0.071197509765625 -0.116134643554687
-0.116340637207031 0.137603759765625 -0.5947265625 -0.17706298828125
0.1337890625 0.249786376953125 -0.6021728515625 0.265380859375
0.26275634765625 0.0528717041015625 -0.26336669921875 0.47943115234375
0.173675537109375 -0.182373046875 0.0462646484375 0.325103759765625
-0.04803466796875 -0.208175659179688 0.093841552734375 0.113136291503906
-0.173080444335938 -0.115951538085938 -0.018646240234375 0.00462532043457031
-0.189254760742188 -0.13372802734375 -0.0846099853515625 -0.000572204589843742
-0.227203369140625 -0.112823486328125 -0.188858032226563 0.0127105712890625
-0.1622314453125 -0.18865966796875 -0.231307983398437 -0.0765228271484375
0.00624084472656249 -0.276092529296875 -0.19573974609375 -0.26995849609375
0.228744506835937 -0.21417236328125 -0.0717773437499999 -0.450897216796875
0.297607421875 0.10357666015625 0.2586669921875 -0.46173095703125
0.126663208007813 0.240432739257813 0.403839111328125 -0.273529052734375
-0.00952148437500002 0.224609375 0.134597778320313 -0.14208984375
-0.135139465332031 0.131271362304688 -0.0868301391601563 -0.0482025146484375
-0.0921630859375 0.2166748046875 -0.5416259765625 -0.092803955078125
0.217529296875 0.257339477539062 -0.538848876953125 0.26580810546875
0.300811767578125 -0.009674072265625 -0.256500244140625 0.466217041015625
0.146820068359375 -0.246383666992188 0.040618896484375 0.354339599609375
-0.0995025634765625 -0.227081298828125 0.125259399414063 0.170486450195312
-0.204315185546875 -0.109893798828125 0.0566024780273437 0.0359268188476562
-0.214553833007813 -0.134841918945312 0.00261402130126952 0.0120115280151367
-0.243881225585938 -0.121475219726563 -0.0995712280273438 0.0336685180664063
-0.150527954101563 -0.204696655273438 -0.172805786132813 -0.027069091796875
0.0421905517578125 -0.272674560546875 -0.189254760742188 -0.218597412109375
0.254470825195313 -0.16534423828125 -0.086517333984375 -0.4427490234375
0.252471923828125 0.15655517578125 0.291717529296875 -0.494476318359375
0.0628204345703125 0.237289428710938 0.49102783203125 -0.240478515625
-0.0452880859375 0.192916870117188 0.132354736328125 -0.0567474365234375
-0.141464233398438 0.151718139648438 -0.0991439819335938 0.043487548828125
-0.0472412109375 0.247650146484375 -0.46624755859375 0.00415039062499998
0.258270263671875 0.213760375976563 -0.471649169921875 0.27142333984375
0.281585693359375 -0.06878662109375 -0.237274169921875 0.474212646484375
0.09405517578125 -0.266555786132813 0.05755615234375 0.392364501953125
-0.131759643554688 -0.209335327148438 0.181106567382813 0.216934204101563
-0.203262329101563 -0.09027099609375 0.144454956054688 0.0520172119140625
-0.207794189453125 -0.1160888671875 0.0909194946289062 0.0225296020507812
-0.222213745117188 -0.110885620117187 -0.0145034790039063 0.0583992004394531
-0.114059448242188 -0.180160522460937 -0.128028869628906 0.0175628662109375
0.064971923828125 -0.207122802734375 -0.196868896484375 -0.187454223632812
0.215423583984375 -0.0804595947265625 -0.080322265625 -0.461334228515625
0.140457153320313 0.162506103515625 0.36920166015625 -0.5157470703125
-0.0109405517578125 0.16845703125 0.58087158203125 -0.1761474609375
-0.0642471313476562 0.1212158203125 0.121376037597656 0.018798828125
-0.12908935546875 0.128036499023438 -0.102447509765625 0.135917663574219
-0.017974853515625 0.207962036132813 -0.38751220703125 0.0939941406249999
0.22662353515625 0.145797729492187 -0.4071044921875 0.289154052734375
0.207962036132813 -0.089324951171875 -0.203094482421875 0.488800048828125
0.0409698486328125 -0.22509765625 0.093231201171875 0.423431396484375
-0.126358032226563 -0.157302856445313 0.248016357421875 0.23895263671875
-0.164291381835938 -0.0612335205078125 0.229934692382813 0.0515899658203125
-0.168319702148438 -0.082855224609375 0.166976928710938 0.0291595458984375
-0.170074462890625 -0.0819091796875 0.0514755249023437 0.0807418823242188
-0.07611083984375 -0.121650695800781 -0.102867126464844 0.0426101684570312
0.0495452880859375 -0.117439270019531 -0.205078125 -0.193252563476563
0.121200561523438 -0.0189971923828125 -0.036041259765625 -0.495025634765625
0.0254287719726563 0.101219177246094 0.47943115234375 -0.50347900390625
-0.0482597351074219 0.062103271484375 0.6473388671875 -0.085693359375
-0.0551681518554688 0.0400238037109375 0.105133056640625 0.0706863403320313
-0.107688903808594 0.0558319091796875 -0.0968475341796875 0.207901000976563
-0.0271835327148437 0.112442016601563 -0.317779541015625 0.164581298828125
0.123176574707031 0.0836715698242188 -0.348114013671875 0.310028076171875
0.105857849121094 -0.0560760498046875 -0.15283203125 0.50408935546875
0.00920867919921874 -0.129379272460938 0.136077880859375 0.434722900390625
-0.079315185546875 -0.0846710205078125 0.307373046875 0.233795166015625
-0.0919342041015625 -0.0278778076171875 0.294036865234375 0.035491943359375
-0.102882385253906 -0.036895751953125 0.21771240234375 0.028533935546875
-0.101249694824219 -0.0369186401367187 0.09185791015625 0.0910568237304688
-0.0517997741699219 -0.0461463928222656 -0.0873184204101562 0.0402145385742188
-0.00244140625 -0.0411567687988281 -0.194686889648438 -0.228302001953125
0.0140695571899414 -0.0136833190917969 0.04058837890625 -0.52362060546875
-0.0307941436767578 0.00213241577148437 0.591552734375 -0.44720458984375
-0.0277652740478516 -0.0229434967041016 0.67816162109375 0.01165771484375
-0.0228672027587891 -0.0185661315917969 0.0904693603515625 0.098846435546875
0.000376701354980469 0.00938892364501953 -0.0731048583984375 -0.178741455078125
-0.0508842468261719 0.0196495056152344 -0.64813232421875 -0.17413330078125
0.0164566040039063 0.103485107421875 -0.620361328125 0.3780517578125
0.0741119384765625 0.059539794921875 -0.15185546875 0.57086181640625
0.0794219970703125 -0.00284576416015625 0.161651611328125 0.287139892578125
0.0526695251464844 -0.0264320373535156 0.122467041015625 -0.0195770263671875
0.0208473205566406 -0.0367164611816406 -0.101058959960938 -0.0817718505859375
0.0215396881103516 -0.0333423614501953 -0.21209716796875 -0.0235137939453125
0.0192680358886719 -0.0201930999755859 -0.305816650390625 -0.01104736328125
0.0115728378295898 0.00538730621337891 -0.31414794921875 -0.177154541015625
0.00103569030761719 0.0127878189086914 -0.2056884765625 -0.39288330078125
-0.0100746154785156 -0.0250148773193359 0.0374755859375 -0.4989013671875
0.00583648681640625 -0.0378952026367188 0.322174072265625 -0.37762451171875
0.0613746643066406 -0.0262718200683594 0.29046630859375 -0.236358642578125
0.089263916015625 0.0193862915039063 0.121688842773437 -0.268951416015625
-0.0283641815185547 0.0203113555908203 -0.06787109375 -0.16973876953125
-0.0817413330078125 0.0252227783203125 -0.63800048828125 -0.21160888671875
0.0261383056640625 0.149749755859375 -0.64617919921875 0.3173828125
0.127235412597656 0.0820770263671875 -0.212249755859375 0.539764404296875
0.126899719238281 -0.046142578125 0.115447998046875 0.302093505859375
0.0315704345703125 -0.0914688110351563 0.103561401367188 0.0156402587890625
-0.0498237609863281 -0.0694198608398437 -0.0960540771484375 -0.058441162109375
-0.0609512329101563 -0.0713653564453125 -0.197982788085938 -0.0145721435546875
-0.0786666870117187 -0.0511627197265625 -0.29754638671875 0.00320434570312501
-0.0673904418945312 -0.0651054382324219 -0.313446044921875 -0.144012451171875
-0.0147705078125 -0.105255126953125 -0.220123291015625 -0.35821533203125
0.0738143920898437 -0.120925903320313 -0.014373779296875 -0.483673095703125
0.140579223632813 -0.002655029296875 0.27691650390625 -0.40380859375
0.114143371582031 0.083709716796875 0.290924072265625 -0.26666259765625
0.0653610229492187 0.118263244628906 0.122161865234375 -0.258987426757812
-0.0619163513183594 0.0407028198242188 -0.06842041015625 -0.151641845703125
-0.103607177734375 0.0570068359375 -0.62384033203125 -0.20751953125
0.0622406005859375 0.192276000976562 -0.63470458984375 0.28485107421875
0.187149047851563 0.0782623291015625 -0.243743896484375 0.507110595703125
0.154373168945313 -0.105392456054687 0.0767822265625001 0.30889892578125
-0.00381469726562502 -0.14984130859375 0.0902557373046875 0.0601119995117188
-0.114891052246094 -0.0916595458984375 -0.0691947937011719 -0.0258064270019531
-0.134605407714844 -0.100944519042969 -0.1531982421875 -0.0050811767578125
-0.164077758789062 -0.0770111083984375 -0.254486083984375 0.0132598876953125
-0.129936218261719 -0.126602172851563 -0.280548095703125 -0.107147216796875
-0.0208282470703125 -0.204849243164063 -0.215606689453125 -0.3138427734375
0.149139404296875 -0.193649291992187 -0.054840087890625 -0.461822509765625
0.245819091796875 0.0366973876953125 0.24700927734375 -0.428131103515625
0.145278930664063 0.17376708984375 0.327056884765625 -0.281341552734375
0.0351715087890625 0.189163208007812 0.126419067382813 -0.210250854492187
-0.0979232788085937 0.0814285278320313 -0.0778121948242188 -0.115119934082031
-0.107048034667969 0.129684448242188 -0.59271240234375 -0.16015625
0.134475708007813 0.229461669921875 -0.59149169921875 0.2752685546875
0.2503662109375 0.0419769287109375 -0.250396728515625 0.479949951171875
0.15655517578125 -0.179046630859375 0.05389404296875 0.321868896484375
-0.0539093017578125 -0.194137573242188 0.0961761474609375 0.111106872558594
-0.168502807617188 -0.100753784179687 -0.0185184478759766 0.00786590576171874
-0.188186645507813 -0.117080688476563 -0.083587646484375 0.00441741943359376
-0.220916748046875 -0.096099853515625 -0.182266235351563 0.0233154296875
-0.15985107421875 -0.171035766601562 -0.226043701171875 -0.0657196044921876
-0.00384521484375 -0.262908935546875 -0.20245361328125 -0.261993408203125
0.210952758789063 -0.21337890625 -0.08416748046875 -0.4385986328125
0.28851318359375 0.09039306640625 0.2454833984375 -0.457855224609375
0.13037109375 0.227142333984375 0.394073486328125 -0.277557373046875
-0.001129150390625 0.212966918945313 0.13165283203125 -0.136100769042969
-0.122901916503906 0.127723693847656 -0.0899581909179688 -0.0506134033203125
-0.082244873046875 0.205673217773438 -0.540008544921875 -0.0823974609375
0.21502685546875 0.233810424804688 -0.528656005859375 0.27459716796875
0.28619384765625 -0.0189208984375 -0.242645263671875 0.467254638671875
0.127685546875 -0.240341186523438 0.049896240234375 0.34796142578125
-0.10369873046875 -0.210769653320313 0.1292724609375 0.163436889648437
-0.198150634765625 -0.09368896484375 0.0550422668457031 0.0340957641601562
-0.212982177734375 -0.116165161132812 0.000324249267578113 0.0115976333618164
-0.23760986328125 -0.101806640625 -0.096435546875 0.03790283203125
-0.149566650390625 -0.185592651367188 -0.167953491210938 -0.0222015380859375
0.0299530029296875 -0.259521484375 -0.193466186523438 -0.212875366210938
0.236404418945313 -0.166488647460938 -0.096832275390625 -0.431427001953125
0.246810913085937 0.141128540039062 0.27777099609375 -0.490631103515625
0.070220947265625 0.222946166992188 0.47930908203125 -0.248046875
-0.036041259765625 0.181900024414063 0.131301879882813 -0.0535507202148437
-0.128631591796875 0.149703979492187 -0.098785400390625 0.0381088256835937
-0.038055419921875 0.23614501953125 -0.462432861328125 0.0104675292968751
0.254608154296875 0.192092895507813 -0.462249755859375 0.2784423828125
0.267135620117188 -0.075653076171875 -0.2227783203125 0.47235107421875
0.07696533203125 -0.258758544921875 0.0692138671875 0.38360595703125
-0.134689331054688 -0.193893432617188 0.18572998046875 0.2044677734375
-0.196731567382812 -0.07513427734375 0.140899658203125 0.0447540283203125
-0.205902099609375 -0.0988616943359375 0.0851974487304688 0.01605224609375
-0.217132568359375 -0.0927581787109375 -0.0140495300292969 0.0561714172363281
-0.11431884765625 -0.163726806640625 -0.1231689453125 0.0169219970703125
0.0536346435546875 -0.197982788085937 -0.198699951171875 -0.184555053710937
0.2010498046875 -0.0841827392578125 -0.0883789062499999 -0.45013427734375
0.138290405273438 0.1494140625 0.353240966796875 -0.51483154296875
-0.00231933593749999 0.15716552734375 0.56610107421875 -0.1885986328125
-0.054534912109375 0.112983703613281 0.122825622558594 0.0191802978515625
-0.11871337890625 0.128021240234375 -0.0998764038085937 0.127403259277344
-0.0103302001953125 0.19818115234375 -0.383636474609375 0.0970153808593749
0.222930908203125 0.127838134765625 -0.398529052734375 0.293670654296875
0.196517944335938 -0.09320068359375 -0.185577392578125 0.4891357421875
0.02825927734375 -0.218399047851562 0.105438232421875 0.412567138671875
-0.128952026367187 -0.145904541015625 0.251754760742188 0.22320556640625
-0.15997314453125 -0.0494232177734375 0.222610473632813 0.038970947265625
-0.16754150390625 -0.0692901611328125 0.158660888671875 0.01776123046875
-0.167144775390625 -0.0674896240234375 0.0501861572265625 0.0736160278320312
-0.0762557983398437 -0.109931945800781 -0.0973968505859375 0.0379486083984375
0.0411453247070312 -0.11175537109375 -0.205169677734375 -0.190200805664063
0.111236572265625 -0.0230331420898438 -0.046417236328125 -0.4844970703125
0.0267105102539063 0.0931243896484375 0.460357666015625 -0.505035400390625
-0.0404624938964844 0.0566825866699219 0.63323974609375 -0.101806640625
-0.0481338500976563 0.0357666015625 0.109725952148438 0.0702438354492188
-0.100578308105469 0.058319091796875 -0.092864990234375 0.197860717773438
-0.0220260620117188 0.10699462890625 -0.313323974609375 0.164825439453125
0.121528625488281 0.0725250244140625 -0.33819580078125 0.31475830078125
0.100059509277344 -0.0582733154296875 -0.134552001953125 0.499176025390625
0.00180816650390625 -0.125015258789063 0.1480712890625 0.42095947265625
-0.08111572265625 -0.0786666870117188 0.30889892578125 0.215972900390625
-0.0897293090820313 -0.0219955444335938 0.283599853515625 0.02099609375
-0.102188110351563 -0.0290069580078125 0.208053588867188 0.014617919921875
-0.1002197265625 -0.0287094116210937 0.0905075073242188 0.0802383422851563
-0.0508651733398438 -0.0399742126464844 -0.08221435546875 0.0335922241210938
-0.0055694580078125 -0.0376052856445313 -0.193649291992187 -0.225341796875
0.00967884063720703 -0.0148124694824219 0.032073974609375 -0.514312744140625
-0.0286617279052734 0.000549316406249999 0.5714111328125 -0.4495849609375
-0.0226612091064453 -0.0247898101806641 0.66790771484375 -0.00738525390625
-0.0201053619384766 -0.0197830200195313 0.0977096557617188 0.097198486328125
-0.000851631164550781 0.00930976867675781 -0.0853424072265625 -0.17620849609375
-0.0509872436523438 0.0208358764648437 -0.6534423828125 -0.16546630859375
0.0179443359375 0.102760314941406 -0.619140625 0.38323974609375
0.0736541748046875 0.0588455200195312 -0.1494140625 0.5751953125
0.0786666870117187 -0.00363922119140625 0.164154052734375 0.291412353515625
0.054046630859375 -0.0276985168457031 0.121292114257813 -0.0135955810546875
0.0209197998046875 -0.0365524291992188 -0.100921630859375 -0.0717849731445313
0.0206203460693359 -0.0344181060791016 -0.208206176757813 -0.0129241943359376
0.0196037292480469 -0.02227783203125 -0.298492431640625 0.00265502929687499
0.0147027969360352 0.00596523284912109 -0.313232421875 -0.1651611328125
0.00404739379882813 0.0143861770629883 -0.216400146484375 -0.387420654296875
-0.0109882354736328 -0.0218448638916016 0.0252685546875 -0.499755859375
0.00438308715820313 -0.033843994140625 0.318023681640625 -0.38299560546875
0.0587882995605469 -0.0251502990722656 0.2928466796875 -0.236663818359375
0.0868301391601562 0.0156936645507813 0.122268676757812 -0.26409912109375
-0.0260257720947266 0.0191612243652344 -0.079010009765625 -0.168258666992188
-0.0791244506835938 0.0241851806640625 -0.6466064453125 -0.20013427734375
0.027435302734375 0.143997192382813 -0.64703369140625 0.32586669921875
0.123977661132813 0.0790176391601563 -0.21087646484375 0.5445556640625
0.122276306152344 -0.045867919921875 0.11822509765625 0.306732177734375
0.030914306640625 -0.0886459350585937 0.10321044921875 0.0210037231445312
-0.0481834411621094 -0.0642356872558594 -0.0955886840820313 -0.0489425659179687
-0.0618896484375 -0.0667915344238281 -0.195144653320312 -0.00479125976562498
-0.0777816772460937 -0.0478439331054688 -0.292144775390625 0.01629638671875
-0.0642547607421875 -0.0603179931640625 -0.3121337890625 -0.133026123046875
-0.0152740478515625 -0.100959777832031 -0.230865478515625 -0.35369873046875
0.0688629150390625 -0.119255065917969 -0.025421142578125 -0.482391357421875
0.138328552246094 -0.002777099609375 0.272613525390625 -0.4072265625
0.114273071289062 0.0813674926757812 0.29217529296875 -0.2674560546875
0.0658645629882813 0.113014221191406 0.12200927734375 -0.254486083984375
-0.0567703247070312 0.0384750366210938 -0.0779876708984375 -0.151931762695312
-0.099945068359375 0.0523223876953125 -0.631591796875 -0.1993408203125
0.0626983642578125 0.181961059570313 -0.6383056640625 0.292236328125
0.181320190429688 0.0726318359375 -0.241607666015625 0.5126953125
0.146133422851563 -0.10443115234375 0.080780029296875 0.3131103515625
-0.00653076171874999 -0.143569946289063 0.091766357421875 0.0642013549804687
-0.112472534179688 -0.0830001831054688 -0.0687026977539063 -0.018310546875
-0.135734558105469 -0.091278076171875 -0.151657104492188 0.0023193359375
-0.161941528320313 -0.068817138671875 -0.249664306640625 0.02520751953125
-0.12762451171875 -0.117385864257813 -0.279037475585938 -0.0977935791015625
-0.0247802734375 -0.198150634765625 -0.2257080078125 -0.310302734375
0.140029907226562 -0.192794799804688 -0.066558837890625 -0.45867919921875
0.241943359375 0.0322265625 0.24420166015625 -0.43255615234375
0.14727783203125 0.16876220703125 0.327362060546875 -0.2857666015625
0.0377349853515625 0.182785034179688 0.127166748046875 -0.205642700195313
-0.0904464721679688 0.0790863037109375 -0.0850372314453125 -0.117019653320312
-0.101806640625 0.123390197753906 -0.60009765625 -0.15191650390625
0.134841918945313 0.2158203125 -0.594970703125 0.28289794921875
0.242630004882812 0.03533935546875 -0.247283935546875 0.48590087890625
0.144363403320313 -0.176483154296875 0.06005859375 0.3240966796875
-0.0578460693359375 -0.1846923828125 0.0995025634765625 0.112083435058594
-0.164871215820313 -0.0895233154296875 -0.0179634094238281 0.0118846893310547
-0.189010620117187 -0.104568481445313 -0.084075927734375 0.008697509765625
-0.218124389648437 -0.0836334228515625 -0.1790771484375 0.03253173828125
-0.1575927734375 -0.159454345703125 -0.223968505859375 -0.0599212646484375
-0.0103912353515625 -0.2548828125 -0.210861206054688 -0.260086059570313
0.199966430664063 -0.213165283203125 -0.092193603515625 -0.436248779296875
0.285003662109375 0.082672119140625 0.242889404296875 -0.463043212890625
0.134552001953125 0.219375610351563 0.392608642578125 -0.284027099609375
0.0035247802734375 0.206298828125 0.132545471191406 -0.132354736328125
-0.114105224609375 0.125724792480469 -0.09466552734375 -0.0545501708984375
-0.0760650634765625 0.198486328125 -0.546600341796875 -0.076934814453125
0.21484375 0.219375610351563 -0.5321044921875 0.282073974609375
0.27813720703125 -0.0263519287109375 -0.238800048828125 0.47418212890625
0.114791870117187 -0.237274169921875 0.0584716796875 0.34942626953125
-0.1082763671875 -0.200439453125 0.134597778320313 0.161285400390625
-0.19451904296875 -0.082611083984375 0.0550193786621094 0.03314208984375
-0.213043212890625 -0.103103637695312 -0.00172901153564455 0.0122776031494141
-0.235198974609375 -0.0879516601562501 -0.094635009765625 0.0424957275390625
-0.149063110351563 -0.174072265625 -0.166015625 -0.0196380615234375
0.022308349609375 -0.251998901367188 -0.200851440429688 -0.212875366210938
0.22418212890625 -0.167984008789063 -0.104461669921875 -0.430206298828125
0.243484497070313 0.131515502929688 0.27410888671875 -0.4957275390625
0.075592041015625 0.214263916015625 0.47869873046875 -0.256561279296875
-0.029876708984375 0.175735473632812 0.134056091308594 -0.0508804321289062
-0.11956787109375 0.14874267578125 -0.101531982421875 0.0319900512695313
-0.0322113037109375 0.229156494140625 -0.46966552734375 0.0159301757812499
0.253646850585938 0.178863525390625 -0.464935302734375 0.288818359375
0.259567260742188 -0.0809326171875 -0.2154541015625 0.480499267578125
0.0648193359375 -0.254959106445313 0.078948974609375 0.3824462890625
-0.138931274414063 -0.184005737304688 0.192306518554687 0.198867797851563
-0.1929931640625 -0.0649871826171875 0.139106750488281 0.040008544921875
-0.205947875976563 -0.0858154296875 0.0811080932617187 0.011932373046875
-0.214599609375 -0.0795745849609375 -0.0136604309082031 0.0560150146484375
-0.114578247070313 -0.152664184570313 -0.121223449707031 0.0159225463867187
0.0461578369140625 -0.192047119140625 -0.203994750976563 -0.185470581054688
0.190109252929688 -0.0865020751953125 -0.0943603515625 -0.448394775390625
0.137741088867188 0.14013671875 0.34881591796875 -0.52020263671875
0.00421142578125 0.148574829101563 0.564697265625 -0.19854736328125
-0.0482330322265625 0.107620239257813 0.127357482910156 0.0215377807617188
-0.10980224609375 0.128570556640625 -0.101287841796875 0.12115478515625
-0.00604248046874999 0.19256591796875 -0.387725830078125 0.0994567871093751
0.221145629882813 0.116867065429688 -0.3984375 0.302276611328125
0.190444946289063 -0.097808837890625 -0.17779541015625 0.492706298828125
0.018157958984375 -0.214706420898438 0.1165771484375 0.409698486328125
-0.131721496582031 -0.138671875 0.2574462890625 0.213699340820313
-0.156997680664063 -0.0424957275390625 0.219207763671875 0.0305938720703125
-0.167678833007813 -0.0583343505859375 0.153732299804688 0.0097198486328125
-0.16607666015625 -0.0567474365234375 0.0504722595214844 0.0683403015136719
-0.077178955078125 -0.101669311523438 -0.09515380859375 0.0336761474609375
0.0355911254882812 -0.107841491699219 -0.208663940429687 -0.193161010742188
0.103965759277344 -0.0249481201171875 -0.050567626953125 -0.48455810546875
0.0279922485351563 0.08642578125 0.458282470703125 -0.5111083984375
-0.0343971252441406 0.0497398376464844 0.6334228515625 -0.1138916015625
-0.0430183410644531 0.0325698852539062 0.115745544433594 0.0717849731445313
-0.0945281982421875 0.0611495971679688 -0.0929718017578125 0.19091796875
-0.0190353393554687 0.10345458984375 -0.31689453125 0.1656494140625
0.120986938476562 0.0656890869140625 -0.33807373046875 0.320892333984375
0.096405029296875 -0.060760498046875 -0.126190185546875 0.50360107421875
-0.00408172607421874 -0.123023986816406 0.159637451171875 0.41796875
-0.0831527709960937 -0.074951171875 0.3138427734375 0.204833984375
-0.0889892578125 -0.0179977416992188 0.278701782226563 0.0102386474609375
-0.10321044921875 -0.0225067138671875 0.20220947265625 0.004150390625
-0.0999832153320313 -0.0222854614257812 0.0903091430664063 0.0719985961914063
-0.0504264831542969 -0.0361785888671875 -0.0796661376953125 0.0268402099609375
-0.00746536254882813 -0.0353279113769531 -0.197021484375 -0.22833251953125
0.00616741180419922 -0.0148954391479492 0.028411865234375 -0.51483154296875
-0.0276298522949219 -0.00182151794433594 0.569091796875 -0.4561767578125
-0.0185470581054687 -0.0281429290771484 0.66949462890625 -0.01885986328125
-0.01727294921875 -0.0202884674072266 0.10614013671875 0.0986557006835938
-0.00185585021972656 0.0103292465209961 -0.100997924804687 -0.175750732421875
-0.0508651733398438 0.0235862731933594 -0.67742919921875 -0.1488037109375
0.0215911865234375 0.103996276855469 -0.627685546875 0.40673828125
0.0755233764648437 0.0586929321289062 -0.1422119140625 0.5914306640625
0.0797348022460938 -0.00457763671875 0.173583984375 0.299285888671875
0.0560798645019531 -0.030914306640625 0.123313903808594 -0.0085601806640625
0.02142333984375 -0.0375289916992188 -0.102020263671875 -0.0608749389648437
0.0197982788085938 -0.0357398986816406 -0.208175659179688 -0.00100708007812505
0.0195732116699219 -0.0240993499755859 -0.296142578125 0.018463134765625
0.0182781219482422 0.00600433349609375 -0.31951904296875 -0.1541748046875
0.00731277465820312 0.0159826278686523 -0.23553466796875 -0.3870849609375
-0.011932373046875 -0.0194110870361328 0.00830078125000003 -0.50811767578125
0.00355720520019531 -0.0306568145751953 0.315216064453125 -0.397705078125
0.0582542419433594 -0.0257034301757813 0.2987060546875 -0.246673583984375
0.0860824584960937 0.0124359130859375 0.122161865234375 -0.266067504882813
-0.0231952667236328 0.0184345245361328 -0.093231201171875 -0.168701171875
-0.0778427124023438 0.023651123046875 -0.66949462890625 -0.186767578125
0.0305557250976563 0.140518188476563 -0.656982421875 0.3453369140625
0.124008178710937 0.0757293701171875 -0.20611572265625 0.56341552734375
0.119033813476563 -0.047149658203125 0.12744140625 0.31402587890625
0.02984619140625 -0.08795166015625 0.106575012207031 0.0261154174804687
-0.04754638671875 -0.0608100891113281 -0.0967788696289063 -0.0383224487304688
-0.0642776489257813 -0.0622749328613281 -0.19549560546875 0.00672912597656254
-0.07843017578125 -0.0441436767578125 -0.29022216796875 0.0322265625
-0.0632209777832031 -0.0558662414550781 -0.31707763671875 -0.121795654296875
-0.01702880859375 -0.0986099243164063 -0.248931884765625 -0.351837158203125
0.0638275146484375 -0.119796752929688 -0.0429382324218749 -0.487396240234375
0.138633728027344 -0.00505828857421875 0.26922607421875 -0.42266845703125
0.116844177246094 0.0791168212890625 0.2957763671875 -0.278106689453125
0.068115234375 0.109886169433594 0.12164306640625 -0.2562255859375
-0.0508880615234375 0.037384033203125 -0.0900421142578125 -0.154052734375
-0.097259521484375 0.0500717163085937 -0.6533203125 -0.18499755859375
0.0664825439453125 0.174957275390625 -0.6492919921875 0.31378173828125
0.179458618164063 0.06707763671875 -0.2371826171875 0.53094482421875
0.138587951660156 -0.105354309082031 0.0908203125 0.321441650390625
-0.0105438232421875 -0.139366149902344 0.0969467163085938 0.0679092407226562
-0.112403869628906 -0.0755538940429687 -0.0692367553710938 -0.0100975036621094
-0.13861083984375 -0.08203125 -0.15264892578125 0.0114593505859375
-0.163223266601563 -0.05975341796875 -0.248580932617187 0.039459228515625
-0.128166198730469 -0.110183715820312 -0.282806396484375 -0.088104248046875
-0.031097412109375 -0.1949462890625 -0.243499755859375 -0.3095703125
0.132675170898438 -0.196365356445313 -0.0811767578125 -0.462982177734375
0.24395751953125 0.0260467529296875 0.240692138671875 -0.447052001953125
0.153961181640625 0.164321899414063 0.329559326171875 -0.297515869140625
0.0434417724609375 0.1806640625 0.127914428710938 -0.207244873046875
-0.0831298828125 0.078033447265625 -0.0948028564453125 -0.120574951171875
-0.09796142578125 0.119705200195313 -0.61981201171875 -0.1392822265625
0.13836669921875 0.206008911132813 -0.60614013671875 0.3045654296875
0.240066528320313 0.0266571044921875 -0.242401123046875 0.505096435546875
0.133575439453125 -0.177932739257812 0.07086181640625 0.331573486328125
-0.0636749267578125 -0.178497314453125 0.107170104980469 0.113533020019531
-0.165298461914063 -0.0796051025390625 -0.0169467926025391 0.0162172317504883
-0.192672729492188 -0.0922393798828125 -0.0854949951171875 0.0148391723632812
-0.2198486328125 -0.0713043212890625 -0.17816162109375 0.0436553955078125
-0.160446166992187 -0.149948120117188 -0.227096557617187 -0.0528411865234376
-0.0197296142578125 -0.251205444335938 -0.227264404296875 -0.2601318359375
0.1903076171875 -0.218994140625 -0.1070556640625 -0.440032958984375
0.28753662109375 0.073486328125 0.23773193359375 -0.478790283203125
0.14306640625 0.213134765625 0.394439697265625 -0.299041748046875
0.0104522705078125 0.204132080078125 0.13531494140625 -0.133430480957031
-0.1051025390625 0.126106262207031 -0.101676940917969 -0.0582504272460938
-0.070220947265625 0.196121215820313 -0.56378173828125 -0.0639648437499999
0.218978881835938 0.20703125 -0.5413818359375 0.304656982421875
0.27435302734375 -0.03594970703125 -0.231170654296875 0.493133544921875
0.101776123046875 -0.238296508789063 0.07183837890625 0.355224609375
-0.115432739257813 -0.1932373046875 0.14410400390625 0.15924072265625
-0.194549560546875 -0.0716400146484375 0.0555839538574219 0.0331192016601562
-0.217620849609375 -0.08892822265625 -0.00405883789062501 0.0134363174438477
-0.236663818359375 -0.0739898681640625 -0.093658447265625 0.0483856201171875
-0.153030395507813 -0.163894653320313 -0.167266845703125 -0.0159759521484375
0.012603759765625 -0.24896240234375 -0.214874267578125 -0.213226318359375
0.21563720703125 -0.173828125 -0.11761474609375 -0.43353271484375
0.24658203125 0.121932983398438 0.270172119140625 -0.51300048828125
0.0839691162109375 0.207168579101562 0.482025146484375 -0.2735595703125
-0.0224456787109375 0.173187255859375 0.138641357421875 -0.050445556640625
-0.110687255859375 0.151123046875 -0.106040954589844 0.0284347534179688
-0.02545166015625 0.226409912109375 -0.48321533203125 0.0263671875
0.258148193359375 0.165725708007813 -0.471282958984375 0.30938720703125
0.255722045898438 -0.091339111328125 -0.206390380859375 0.49761962890625
0.051177978515625 -0.255401611328125 0.094696044921875 0.38604736328125
-0.145980834960938 -0.176345825195312 0.204193115234375 0.192535400390625
-0.193588256835938 -0.055206298828125 0.13958740234375 0.0344696044921875
-0.210174560546875 -0.0724945068359375 0.0790176391601563 0.00799560546875
-0.216552734375 -0.0656585693359375 -0.0126495361328125 0.0565948486328125
-0.118194580078125 -0.14410400390625 -0.121536254882813 0.015777587890625
0.0377349853515625 -0.1900634765625 -0.21539306640625 -0.18780517578125
0.182952880859375 -0.091278076171875 -0.10552978515625 -0.455047607421875
0.139579772949219 0.132125854492188 0.347503662109375 -0.537506103515625
0.0107421875 0.141448974609375 0.5704345703125 -0.22027587890625
-0.04144287109375 0.105453491210938 0.134956359863281 0.0226287841796875
-0.101844787597656 0.13177490234375 -0.104232788085937 0.118446350097656
-0.000122070312500001 0.190322875976562 -0.3978271484375 0.108734130859375
0.22491455078125 0.105987548828125 -0.403289794921875 0.323089599609375
0.186737060546875 -0.10595703125 -0.165924072265625 0.509613037109375
0.006988525390625 -0.214675903320313 0.134307861328125 0.411865234375
-0.138595581054688 -0.132293701171875 0.270767211914063 0.205001831054687
-0.15777587890625 -0.0348052978515625 0.220046997070313 0.020538330078125
-0.17120361328125 -0.0469818115234375 0.151077270507813 0.001251220703125
-0.167526245117188 -0.04547119140625 0.0518417358398437 0.0638999938964844
-0.0795059204101563 -0.0955429077148438 -0.094635009765625 0.030517578125
0.0296401977539062 -0.105674743652344 -0.218429565429688 -0.1964111328125
0.0983505249023437 -0.0281143188476562 -0.060546875 -0.493988037109375
0.0295181274414063 0.0809402465820313 0.457366943359375 -0.5306396484375
-0.0290794372558594 0.0442543029785156 0.64117431640625 -0.13421630859375
-0.0380516052246094 0.0303153991699219 0.125762939453125 0.0734100341796875
-0.0886611938476563 0.0641860961914063 -0.09368896484375 0.189529418945313
-0.0161514282226563 0.102119445800781 -0.3240966796875 0.174224853515625
0.123344421386719 0.0582656860351563 -0.3399658203125 0.33941650390625
0.0940017700195313 -0.065216064453125 -0.113433837890625 0.517181396484375
-0.0111312866210938 -0.122909545898438 0.17852783203125 0.419158935546875
-0.087799072265625 -0.0718536376953125 0.326873779296875 0.193267822265625
-0.0900802612304688 -0.0139236450195312 0.278945922851563 -0.0027313232421875
-0.105056762695313 -0.015625 0.199874877929688 -0.0074920654296875
-0.100944519042969 -0.0154190063476563 0.0918426513671875 0.063873291015625
-0.0510597229003906 -0.0324249267578125 -0.079132080078125 0.0214691162109375
-0.0101757049560547 -0.0335807800292969 -0.2061767578125 -0.233505249023438
0.00269031524658203 -0.0159091949462891 0.018951416015625 -0.5260009765625
-0.0264797210693359 -0.00445175170898437 0.5699462890625 -0.47711181640625
-0.0150432586669922 -0.0322589874267578 0.68060302734375 -0.03857421875
-0.0149250030517578 -0.0214996337890625 0.118087768554688 0.1015625
0.0256963691899156 0.0141924956622145 0.0848536596043294 -0.19614229233249
0.122724498742934 0.0231312109074887 -0.203935264760215 -0.728547644352085
0.119308453559832 -0.136325287688137 -0.754264259708964 -0.382638573777078
0.00149449106710415 -0.159872891061337 -0.639515112295385 0.183384283865244
-0.0841248222708273 -0.0837963964674753 -0.185510095847655 0.348014419781016
-0.0739243345968667 -0.0250073875262931 0.0592641001002051 0.122529799155611
-0.0402601303103236 0.00296623274968265 0.014381896730262 -0.10554815580761
-0.0240805586666382 0.0066451979718407 -0.10383803716929 -0.191307496769562
-0.0132484488531291 0.00246988696840036 -0.146668255372173 -0.256611436954135
0.011159629748567 -0.0179476295622664 -0.0283471380814705 -0.341400507003515
0.0145066556280689 0.000942160721173445 0.235955770136004 -0.417595318982673
-0.00742524123767996 0.0494255483094261 0.475528254533518 -0.249941584977452
-0.0501959286991967 0.0391573661665083 0.509824703747142 0.0389283777651156
-0.069162919335189 -0.0162436608211754 0.360295755272084 0.146878077750734
-0.0370061630697491 -0.0567479620063768 0.267609751007504 -0.0630166610062231
0.0390331267806061 0.0255228155796637 0.085432694132048 -0.188378418205814
0.135982468495558 0.0506177820537256 -0.158247878126389 -0.743953092274517
0.146781633829645 -0.157218303328191 -0.723757480352778 -0.44642196901607
-0.011685780883723 -0.208309927968901 -0.656526135838557 0.122247046474442
-0.135881551248612 -0.0815853789824887 -0.220287006294288 0.320544362112364
-0.0960766608755035 0.0267647725585194 0.0302968574408005 0.122326445926497
-0.0224478789232713 0.0733048836986987 0.00646160758001742 -0.0969574225115707
0.0115995201788241 0.0810364397665102 -0.0998339132439152 -0.183027005336652
0.0286945108896343 0.0938916657569413 -0.148239268448808 -0.251479666717168
0.0161302477244597 0.0825944995854556 -0.0404041611927656 -0.323749079359412
-0.0495658127698148 0.0958089990505279 0.209902389976748 -0.404664441726131
-0.137282698541911 0.047857342927692 0.432811580716628 -0.264993236603468
-0.128576942208612 -0.0646299283710231 0.492702390648475 -0.00450549632628148
-0.0276138403988036 -0.120968209004064 0.377008454762353 0.119630450870758
0.0459637051615134 -0.0927856354008285 0.261664098388111 -0.0677264093543247
0.065233443496771 0.0353780634193348 0.0778305333011633 -0.181737957860021
0.165930950002106 0.0510911409322476 -0.153060793356407 -0.735893232178688
0.152144832906066 -0.200988572746622 -0.70049824684845 -0.45278764001342
-0.0552539684833763 -0.24480461685454 -0.64733566896603 0.0923931792047566
-0.186008888022006 -0.0529263015373972 -0.23803385017052 0.294233635955378
-0.105494616282797 0.0854449414316129 0.000578837101123754 0.128471719371999
-0.000889806113513031 0.135125834322853 0.000388691739256652 -0.066439124444302
0.0441508937302745 0.145939997031489 -0.0789970939650325 -0.14632146425512
0.0643489734928921 0.172668557273598 -0.127693594522923 -0.21655379278976
0.0159843521203828 0.166549294371619 -0.0389729685096668 -0.279113034731432
-0.108250468096809 0.170425352621542 0.184637483266462 -0.368755571764261
-0.242101275248955 0.0373228976138536 0.389951497183243 -0.272009481957423
-0.183677192627061 -0.151843952514003 0.490019735624012 -0.0354051230715548
0.0102931491622592 -0.197705579127166 0.402634700693038 0.130744972147456
0.110661208210478 -0.111286772273702 0.229422827953012 -0.0409467453336395
0.113793396856702 0.0348844689548308 0.0467549407458115 -0.173801695793024
0.218177593375707 0.00406781980197845 -0.188334345346649 -0.692306231275509
0.130810366123313 -0.276034346132456 -0.68591837712946 -0.401810420600616
-0.132032629906827 -0.26468631717783 -0.624346685522478 0.0982995493956695
-0.231830583629636 0.0035527375423631 -0.245308062877207 0.283801938985881
-0.100484239043533 0.145442398840142 -0.0244245216756902 0.15276207625842
0.0214312863437482 0.181136676184075 0.0029527245655269 -0.015279596738605
0.0684152845650767 0.190138375130362 -0.0437922989952123 -0.0870315090888992
0.0847551467863561 0.223948827147435 -0.0953232142205685 -0.155231820949473
0.00283642555987904 0.215884320451908 -0.0340711608293966 -0.214623351438882
-0.155770275954661 0.198031055801676 0.151487754491038 -0.323248820317
-0.295006569870139 0.00227901166769848 0.351741913384858 -0.274715810610261
-0.184098652217464 -0.211351154664392 0.507536912201742 -0.0555510593004984
0.0482539390318682 -0.217850064458016 0.435872168628716 0.179858634509399
0.14251213480375 -0.101987672496004 0.180363982817709 0.00741032921608303
0.16385447214177 0.0197566917068978 -0.0132519911583665 -0.151783713236246
0.255720284398255 -0.0734594280033177 -0.245849541088121 -0.605770700475668
0.0771334472552087 -0.342198733012142 -0.659961081904406 -0.322890985680157
-0.211783879393487 -0.24869719231802 -0.59491955948926 0.120435073394035
-0.252204359519787 0.0697495653423182 -0.25369793519455 0.294716688118824
-0.080341101854683 0.189283297936631 -0.0399122771180806 0.198881620537738
0.0405184173377969 0.203007487540666 0.0190652835728461 0.0545073667551956
0.0817181934288167 0.206281576217734 -0.000323147754739824 -0.014610919989884
0.0870715306598234 0.237412230442848 -0.060084089425819 -0.0779587396035568
-0.015388130957156 0.217191292272657 -0.0347898305731637 -0.145064702583614
-0.175091277712018 0.171508948085722 0.113424596895633 -0.286148377884193
-0.271414953125728 -0.0462347064855418 0.334975508555541 -0.284329228523653
-0.12646116682123 -0.21604402255908 0.554248666931853 -0.0530955147003616
0.0724576693314704 -0.170679982607372 0.463780736380896 0.264361605723429
0.13346377316285 -0.0663518886263323 0.122695591465824 0.063350461913245
0.186410231273606 0.000647437349580234 -0.0914022152916988 -0.108358713080468
0.242710552892123 -0.136728466396101 -0.30208567321157 -0.481248900412498
0.0132808865651286 -0.34995228940373 -0.621013805047421 -0.236622207573638
-0.24903376913126 -0.194132616009397 -0.567900682845717 0.14824294919828
-0.23195973088288 0.1166311381176 -0.263259094814783 0.326821194834418
-0.0541676364964014 0.199220277933007 -0.040065439945568 0.261311855320127
0.0493622131135151 0.193984330048825 0.0481917214172746 0.130187685991463
0.083133670299485 0.191867565319924 0.0453443141880713 0.060232721659569
0.0779412201320745 0.213466032247927 -0.0334644507284166 -0.00056817904636778
-0.0251857769687221 0.177903411684372 -0.0427104436962358 -0.0920603312260261
-0.149657124731004 0.112008040785959 0.0832812378275748 -0.277665028755131
-0.181746276326706 -0.0685863821286649 0.357986095745626 -0.297620872312591
-0.0490899289474253 -0.152472744199383 0.622860696205329 -0.0131613630521313
0.060514453580469 -0.0798363054335196 0.471555694159809 0.372296486165682
0.0895561415429286 -0.0226390013535174 0.0674478361959057 0.112603718442659
0.16590644473546 -0.00686047006409542 -0.166354872933167 -0.0519567750289403
0.188189588542099 -0.140498598830813 -0.334258595461681 -0.351927191148818
-0.0224701937269096 -0.288161057915545 -0.579826542718918 -0.165704788736723
-0.217075421832806 -0.126597119566057 -0.544834175958423 0.176296750296056
-0.175302387552907 0.115945495710204 -0.267539710654193 0.370534959327601
-0.0341691509651241 0.164196250920906 -0.0253831305082929 0.324783225070121
0.0424969355098614 0.154488599927068 0.0856326285626877 0.199917014561655
0.0712790677944784 0.150560759942021 0.0858450470081678 0.126482008147744
0.0623115798110969 0.160331932330187 -0.0163788410499156 0.0627992061669855
-0.0147416148520299 0.117474095478217 -0.0491975109103939 -0.0658715090688849
-0.0830641148414259 0.0615221787456629 0.0851308035986924 -0.293133344137746
-0.0791473447907328 -0.0337197338126146 0.422554777321459 -0.289319805766575
-0.0124802443810676 -0.0449651315747895 0.691860676877156 0.078161190420884
0.00844369492927213 0.00216892365193492 0.44119335686535 0.484998541615858
0.0313337301060056 0.00892252116284487 0.0237170077070048 0.144684268076996
0.103457147700311 0.0105091744298052 -0.214849193365499 0.00484896601848205
0.11908798556244 -0.0755157365819431 -0.342102806888468 -0.240893584760362
-0.00681749592061936 -0.176325158212399 -0.538823875252748 -0.11487195332776
-0.12089484170092 -0.0775537535749845 -0.523821988176958 0.197820310455739
-0.101671921526578 0.0607606329139435 -0.26093812969268 0.410360336140226
-0.0276571384611509 0.0889763813799493 -0.00145083812392671 0.372781826092088
0.0203683563113849 0.086655343901102 0.119333694726078 0.250121959670493
0.0466849858925524 0.0859443411119426 0.114022466676227 0.173096557096327
0.0447679753416971 0.0869606600409144 -0.00490885544299597 0.101452565743616
0.0144577473439556 0.0572879435251875 -0.0408668917933734 -0.0625680633502289
-0.00651562911175536 0.0438999686034232 0.124184332397959 -0.310236439388595
-0.0151918697097573 0.0402716637484304 0.503995414693162 -0.242427783372514
-0.035350866967931 0.0459878275525727 0.718232799610358 0.204015256809156
-0.0563798218381718 0.0315702391607032 0.381224286857935 0.577388045777802
-0.0180724533895599 0.0157220856779717 -0.00301363941301295 0.162410479308084
0.0278276776666901 0.0123218001313109 0.0666111709255492 -0.208237801868613
0.124862798423023 0.0153843317519627 -0.252494984661869 -0.723772094307171
0.11139200643754 -0.143534269057978 -0.784163226515408 -0.347311874980932
-0.00638632116323218 -0.161082488720102 -0.638066031231114 0.218118301621964
-0.089341559163855 -0.08162487296225 -0.170422969721319 0.364657350645487
-0.0779112996561723 -0.0211907549838129 0.062796569900072 0.124968897840283
-0.0418321100787679 0.00451441160538032 0.00156454638262028 -0.0990894670738283
-0.0241971117790361 0.00728299647217657 -0.120778459117828 -0.177618256689724
-0.0142080526983267 0.00320011492456342 -0.166114508107497 -0.239482410069977
0.00732444664517057 -0.0209118314806984 -0.0517211618676446 -0.335740055623601
0.0135354005162662 -0.00223667963255442 0.204933752723841 -0.437084844303512
-0.00145470753068349 0.0478005473448751 0.460332200149819 -0.28255809221081
-0.0465830756669216 0.0401403296022887 0.518156055517519 0.008901049212062
-0.0685779677235869 -0.0118760774295715 0.373906557366499 0.130434331893581
-0.0397713596414503 -0.0523945600102819 0.266343153256341 -0.0753737437699963
0.0379130672006223 0.0221750488903624 0.0692735602184468 -0.199651112579792
0.136675244630675 0.0438316205850083 -0.207128999268261 -0.74214662103837
0.135483776229716 -0.162138413949726 -0.757233233593938 -0.412916946167587
-0.0214507962165174 -0.205196216972129 -0.658552277900704 0.155768304540065
-0.136865328939009 -0.0756400253671837 -0.206852667981303 0.337437105331145
-0.0941486051988767 0.0300160074365984 0.0337239183309086 0.125667212373555
-0.0179081166814928 0.0710375865340778 -0.0062966992886671 -0.0915250514225773
0.0182774451453432 0.0773718564200794 -0.116769943622103 -0.170071491668319
0.0355527890802776 0.0898042470270568 -0.16778683436476 -0.235272402163195
0.0201492386376856 0.0779778055207114 -0.0622808012885363 -0.319149843174397
-0.0421958166674359 0.0962915020207035 0.179984838777965 -0.422924515306679
-0.130829874140709 0.0558714962773064 0.415982599022187 -0.296256344278206
-0.131783383466072 -0.0573012874802062 0.498308750439547 -0.0323633549099996
-0.0345522528708414 -0.119173197402265 0.389288541148811 0.101180370929133
0.0396563926207114 -0.0938538861318791 0.259348851751954 -0.0798623338711022
0.0620478652091011 0.0300803776276732 0.0640210605382832 -0.193561289310231
0.164453826661526 0.0441983805803027 -0.198086095421962 -0.733461265952792
0.137005328188319 -0.204035033513725 -0.735373253444609 -0.419723003489673
-0.0669700209469723 -0.236513111521842 -0.652733811033389 0.127925540397225
-0.182843952096626 -0.0425678990982069 -0.224649337004534 0.312147668610922
-0.0977543122444982 0.0886106558431856 0.00576870266655516 0.132727445772558
0.00838973264391211 0.129659398343356 -0.00944582186133342 -0.062047923138747
0.0562600207633263 0.137891049688214 -0.0933017610793981 -0.13692637927221
0.0773087618346583 0.163664026405892 -0.146305842317017 -0.201893467816896
0.0260161143809215 0.160743444583767 -0.0592511631588526 -0.27503521293762
-0.0941341558612957 0.173807872724556 0.156427947297021 -0.387409513396211
-0.235690733783918 0.0526172280786239 0.372203936646636 -0.299201596095502
-0.192661426258189 -0.139702369481955 0.493998320014624 -0.0637791274096217
-0.00270098471696766 -0.196552223329597 0.414376397883506 0.111174577224746
0.10205179391914 -0.117184320636819 0.227811050640322 -0.0507369585916258
0.109256580141777 0.0269218291476146 0.0358951174188053 -0.183675049691871
0.213466997158271 -0.00500073655513998 -0.2311425322806 -0.687854797756411
0.110771481056594 -0.275610102138676 -0.716505787920309 -0.36809201952725
-0.144600110520185 -0.250660787068339 -0.626120083594705 0.133178930708664
-0.223775620289769 0.0168748766095772 -0.23097385871018 0.301560581311142
-0.0871959511520088 0.14806917918842 -0.0151699606140283 0.156868474063898
0.0347754185631943 0.174129318686094 -0.00199014797005442 -0.0128162262550935
0.0843171338086867 0.17914046953591 -0.0542803617785314 -0.0822357207084689
0.10195068119113 0.21187674542508 -0.108175997401059 -0.144504519090051
0.0174661410480474 0.209011576825849 -0.0487737983777099 -0.211990503390693
-0.138544780399778 0.205271153715777 0.128575283585086 -0.33995184645443
-0.289499971943635 0.0216224428413382 0.337280756566294 -0.298545736793942
-0.197143441170217 -0.196695830966303 0.510858522227174 -0.0843618503687533
0.0320949032562087 -0.217974659206411 0.449777167636909 0.157456402854772
0.132935635139413 -0.110780080744348 0.180778301594566 0.00135920054905682
0.158077356595161 0.00794490770469133 -0.0216823037577209 -0.157838960433263
0.24784711492193 -0.0843570816536071 -0.284705799161827 -0.600199869473819
0.0534676314014368 -0.339467294511808 -0.687219424103708 -0.288195401970057
-0.223771290613018 -0.229745617502167 -0.593722599772389 0.155972035526485
-0.240013315580679 0.0846619594452205 -0.235499292002561 0.313019758902245
-0.0647005054379732 0.191951761111827 -0.0244466483680538 0.202184410109542
0.0549651730416992 0.194805000702614 0.0198178444531362 0.0525148735930481
0.0994066810541304 0.194448232408932 -0.00440220321083446 -0.0152263792034262
0.106389655928777 0.224138195107582 -0.0672346105432209 -0.0718839775564827
-0.000142387014535792 0.212693308108169 -0.0431933624184124 -0.144476348705494
-0.157969664488537 0.179815508606218 0.0934949474523171 -0.300602758642403
-0.268131288136257 -0.0268532822877777 0.321515587900164 -0.306619231203339
-0.140097654902513 -0.203358619785888 0.559003224006359 -0.085325332041063
0.0569057961195014 -0.170422630823104 0.483550794712841 0.239808109399344
0.124215585359485 -0.0758768036526922 0.126601861719792 0.062421761093782
0.180248435675334 -0.0124832157584887 -0.0969143226940437 -0.110418397444534
0.232466732142383 -0.147069096767207 -0.332268160669527 -0.473633003742605
-0.010680217189505 -0.345101830341181 -0.64335182489815 -0.202666414607802
-0.258905349423034 -0.174380035158726 -0.564933519843391 0.183538638184949
-0.217474433434197 0.130392294779629 -0.24124930088797 0.345718886455247
-0.0385967685994217 0.200461131826949 -0.0189181043026148 0.263158951043073
0.0636079499097435 0.186928600983586 0.0565882868784706 0.124518039368054
0.0997332173137872 0.180436341571772 0.0476759612547888 0.0539252494251598
0.0955504556053499 0.201222801046849 -0.0332403627608353 0.000983959526067753
-0.0115290594005482 0.174393439618809 -0.0466676447515641 -0.0919472957379392
-0.135817386261869 0.119669659462306 0.066329456127412 -0.290725866451434
-0.180614231169332 -0.0534521149529728 0.345146898894675 -0.320741393217559
-0.0601742765376562 -0.142432715058241 0.631494840699268 -0.0484745725328482
0.0492458302732698 -0.0785471422794804 0.496479967971097 0.348259864406289
0.0825838244796452 -0.0302048194499217 0.0747906736064615 0.115760685818483
0.160639614513616 -0.0191882866314324 -0.168686785512269 -0.0486509832814041
0.177774335327567 -0.149392494824379 -0.358810100017916 -0.338650952067583
-0.0432735664975318 -0.281482198175641 -0.59587741228827 -0.131933046857557
-0.224231257725576 -0.109567964994046 -0.538967592592053 0.209925729515946
-0.162795367216141 0.12705904311843 -0.240795461499384 0.389608674617672
-0.0209920609343725 0.165307650973672 0.000590272681650626 0.324311692084194
0.0545143193956373 0.149324264134144 0.0999671133177445 0.190647506624624
0.0846916044816726 0.141318510746721 0.0942338389373456 0.115742548181545
0.0764706693478627 0.151000524715296 -0.00949245362154054 0.0607017716381992
-0.00444398998905587 0.115257852047495 -0.0488825123536355 -0.0670785616467927
-0.0742651819334419 0.0665726708488078 0.069381847387267 -0.305647855674622
-0.0772732645049099 -0.0239543829697736 0.41215426150275 -0.3166874424707
-0.0185565434232875 -0.037977098830778 0.702846013532581 0.0415613273167875
0.00160150481370752 0.00503975360040325 0.472436448487835 0.462013434829526
0.0263094393232659 0.00381214967325149 0.0340271190958492 0.151524363071407
0.100050645209194 0.0020779283213478 -0.213591400658929 0.0115928683428047
0.113588170826595 -0.080827713838501 -0.360576919722258 -0.227604130791972
-0.0199064348278232 -0.172942138045771 -0.554138626618493 -0.084053592098575
-0.126693959871009 -0.067410824042458 -0.515484605625506 0.233714494070452
-0.0957106833079024 0.0676525600509643 -0.23191098200726 0.429679398096685
-0.0203337200430114 0.0916009441794671 0.028938995021885 0.370393342041244
0.027232167924641 0.0855148380597651 0.138199021783914 0.23758370877969
0.0549495328273884 0.0802541368985112 0.126735255216358 0.158681120178403
0.0523417629283812 0.0817779482370258 0.00604851710160609 0.0966455795476
0.0186635828055632 0.0550718730354152 -0.0386904338865115 -0.065315020848848
-0.00151425670555231 0.0444763676275242 0.109380389242232 -0.324031285440572
-0.0111191910092932 0.0440775102255972 0.498368628305025 -0.273194430128848
-0.0359558116700054 0.0508986464906635 0.737521653044881 0.167354243255031
-0.0600536017091689 0.0360659222517021 0.416951655193512 0.560250920334804
-0.0197074707984042 0.0139471888386625 0.00930357081090182 0.171811679334051
0.0293048395096464 0.0106410295313208 0.0465944137461607 -0.213958785343405
0.124213165856392 0.00896141681540695 -0.290916794531868 -0.702238022709476
0.101709210073007 -0.146779835211476 -0.796340753143232 -0.305553875187055
-0.0141481444003982 -0.158487898807605 -0.623731959791619 0.246387511276093
-0.0926928429010496 -0.0776192487939228 -0.153263670837935 0.372244869915713
-0.0797805782442223 -0.0168384230361917 0.0658057099907096 0.125399540034037
-0.0424170838851091 0.00663716474608027 -0.00906063054616092 -0.0896034899312594
-0.0239448381547671 0.00778585250241995 -0.133092967121273 -0.159059555842131
-0.0145425877374845 0.00386949171385563 -0.179058514062412 -0.216915231665631
0.00278187107316197 -0.022757648016049 -0.0727105961299559 -0.323890842169556
0.0115213372249635 -0.00543668275188718 0.171492357411272 -0.444724188607642
0.00313739638685478 0.0445543674340374 0.437034166822161 -0.307034704150257
-0.0429192015030413 0.0398429939306444 0.513936310357444 -0.020179787406729
-0.0664173258382338 -0.00837706184314552 0.378489854246122 0.112977667740481
-0.0407896214810744 -0.0473667445011221 0.25819028442732 -0.0856739985685189
0.0361534213062127 0.0190360777301016 0.0518329545484406 -0.206520577052781
0.133914865430378 0.0380093729487258 -0.246765823961547 -0.722889744213483
0.122646094781527 -0.1619323698643 -0.772094207879703 -0.37243430893577
-0.0300307386992287 -0.197438745625168 -0.64683544297947 0.185233340054877
-0.136043435711891 -0.0684660285819881 -0.190374196689846 0.346553554901215
-0.0904819506596141 0.0332633229058364 0.037370919169744 0.126395703314901
-0.0137913761438546 0.0679745349254691 -0.0166214052627274 -0.0818979056408535
0.0228692000263238 0.0713159459947406 -0.128986125006666 -0.15286757776765
0.0405062522105349 0.0831941867403805 -0.181630710946896 -0.212847964900583
0.0222632395232836 0.0715731580822865 -0.0820215684510575 -0.307603608393011
-0.0352901793619673 0.0944988205206124 0.147445715974679 -0.429896222556999
-0.122116678019872 0.0608758489608036 0.39279477008835 -0.317281699017318
-0.13197621458598 -0.048950313836426 0.495295110985057 -0.0581161020435494
-0.0408600847474055 -0.114546577594745 0.390729222272015 0.0823473462165424
0.03323928561553 -0.0930375453635189 0.250472873040502 -0.0901926994940828
0.0572738265776217 0.0253506386063831 0.0490458031053133 -0.200154052412769
0.159410764557732 0.0380283409684991 -0.236710363427088 -0.715753574348419
0.120371488649394 -0.199388471962281 -0.749695116529277 -0.379127976636865
-0.0748273912736426 -0.223129880386361 -0.641841920208315 0.157917222345239
-0.176497183355159 -0.0332778768229469 -0.208202216070349 0.321736919371715
-0.0886055536087565 0.089393774268506 0.0114674271775534 0.133380493083748
0.0159659422223959 0.122393051607576 -0.0174375309702365 -0.0550190911562334
0.0649047741407223 0.126466500276531 -0.10424519089197 -0.12352952505292
0.0870182047834924 0.150436296300247 -0.157616725092886 -0.1831295618947
0.0340212061085411 0.150948562647845 -0.0754553861700003 -0.264957947305671
-0.0801792750369811 0.173413932378267 0.127016545811317 -0.393686308591393
-0.224184683414566 0.0652736636750358 0.351515252552406 -0.317078436440866
-0.196349939831052 -0.124940406086336 0.48933861143768 -0.0884549518772771
-0.0151275637423081 -0.191708215574966 0.416471959593351 0.088264278016693
0.0920846337247073 -0.120439082284611 0.221567646735071 -0.0597265416170671
0.102043822220257 0.0188126255230873 0.0240083035490525 -0.188709177437708
0.205333162500026 -0.011877698257249 -0.265906416051106 -0.671029953322774
0.0908361039464257 -0.26755045122422 -0.72859718582735 -0.329392726063221
-0.151987853212639 -0.231629259483201 -0.61563245184713 0.164721041305164
-0.211441719593918 0.0275387169231547 -0.212032869186841 0.310521717721373
-0.07305929298522 0.146810980197999 -0.00547907870998434 0.155985572268686
0.0458996929775168 0.163433870912134 -0.00642671482755812 -0.00981418300491854
0.095516497180615 0.164324984548679 -0.0617535783810794 -0.074523599978054
0.115398110614732 0.194911708075005 -0.117334295268333 -0.130853002212814
0.0288517742646532 0.198925579883789 -0.0613381337533182 -0.203916618934234
-0.119631364159354 0.206051630002418 0.101909556805123 -0.346099336833251
-0.277855873825508 0.0386926336239275 0.31673689668748 -0.31389170876139
-0.203832874095344 -0.178929840232129 0.505588991286063 -0.111267637003745
0.0165211972544202 -0.212432413486273 0.453476319308759 0.13302689667113
0.120481531601756 -0.116636024358667 0.178210962096269 -0.00453219546756025
0.149038416535601 -0.00161958558506666 -0.0298009396409005 -0.161341146967069
0.235032353492562 -0.0923867684401594 -0.314300778630213 -0.581018005340331
0.0315594876383179 -0.327333110949529 -0.696961268643725 -0.250178516266834
-0.229237742589299 -0.20770317730665 -0.581702531891552 0.186886353388166
-0.223227943911256 0.0959877451396056 -0.21476698682258 0.321463925771102
-0.0481630938777384 0.188559027658118 -0.0104598852008503 0.199073184346492
0.0674324064852022 0.18332601914607 0.0208442623036828 0.0505745831936325
0.111952466360739 0.178246507615266 -0.00798846962005667 -0.0150618834253893
0.120990760737485 0.206536299685027 -0.0711576607024913 -0.0644225898318134
0.0132211315683579 0.202925852668754 -0.0515160692372375 -0.139806439906272
-0.139626901556198 0.182022414298973 0.0713531926522015 -0.306451042194647
-0.259067942658154 -0.00967388239359094 0.301674361881155 -0.321576702439136
-0.148696129685236 -0.186039219000575 0.552178145318913 -0.113433245821362
0.0423026250554455 -0.165294722004067 0.489965473264945 0.212044302957334
0.112267942705053 -0.0830088545105718 0.127754130460982 0.0600010189682601
0.170056326131505 -0.0235775005765968 -0.100989437700826 -0.109637503684845
0.218354136051041 -0.153857341559468 -0.356722843342163 -0.45264332722494
-0.0312404961476738 -0.330268256060915 -0.64968938627928 -0.167444179756354
-0.261781724677697 -0.151998595170442 -0.549029200654215 0.216008850011629
-0.199568214422288 0.140245854983471 -0.214790556140206 0.353315657508498
-0.022610185956497 0.19705641371293 0.000541429540542793 0.257228724280294
0.075036881047092 0.176137460667189 0.0622034493223496 0.11660280414841
0.111291817917735 0.165455733096015 0.0490905764400725 0.0468934905866902
0.108890213602001 0.185335980980507 -0.0315864962107182 0.00182410040764164
0.00083469093808335 0.166524759385899 -0.0498262787714485 -0.0905584810149132
-0.120235303875824 0.122542773485023 0.0478018143227278 -0.295663584012257
-0.174498639977305 -0.0392643545773918 0.325966457833489 -0.337176809856337
-0.0681673517231372 -0.129620764940049 0.626448658881247 -0.0811042911499661
0.0383348531613351 -0.074691372149616 0.506950965427352 0.31755812177196
0.0731832410863379 -0.0369948246972471 0.0812834862475324 0.116663121935976
0.150819805391586 -0.0290737173259265 -0.168815553330853 -0.0447615847903157
0.165692927982749 -0.153304661400113 -0.374975765416267 -0.319593779352879
-0.05961104279784 -0.268333098397334 -0.598558120643917 -0.0995875810341764
-0.22556204662665 -0.0915006859950615 -0.521705345509335 0.240983213424887
-0.147977062353212 0.134131616563284 -0.211617539192348 0.39707391299197
-0.00815431077685854 0.163233103454287 0.0244418818157112 0.315224445242601
0.0646413587162995 0.141636767627658 0.110712183663019 0.176859059240835
0.0947057938139732 0.129376387042533 0.0993472037929592 0.101974274150886
0.0874943418515344 0.138277313435019 -0.00338264973142855 0.0562092659370471
0.0047096058648621 0.110271891570117 -0.0484864833592642 -0.0678072657784478
-0.0641343403753089 0.0686655261276073 0.0529554960732437 -0.311407632869005
-0.0735830644884411 -0.0159781855961031 0.395350843499599 -0.335807080869347
-0.0228361849661756 -0.0307420679010324 0.700242155380213 0.00454473441707864
-0.00412996282754199 0.00865861182495339 0.490722172089126 0.432150593248643
0.0208619392337291 -0.00126744410175985 0.0438507262339613 0.155571539036309
0.0945048130764668 -0.00507182388042375 -0.209934616040182 0.0172610084148552
0.107116824899946 -0.0833247367225674 -0.370517452072204 -0.209005434035852
-0.0314301246390364 -0.165192607057453 -0.554072100552813 -0.052713961283573
-0.128234175573487 -0.056375413873975 -0.496609891539547 0.262009191991269
-0.0877526263931634 0.0721136669193004 -0.198839638816261 0.435944710489181
-0.012888002648098 0.0923219794014461 0.0556623069497213 0.358666752118725
0.0341041225477231 0.0825865139021118 0.152004246629942 0.219219035797299
0.0614641018544946 0.073057243599132 0.135158296387208 0.141164266933281
0.0594100523827898 0.0752771807269909 0.0165090035315287 0.0888766391448681
0.0230760357252295 0.0524596817774223 -0.0362209692452461 -0.0675856410162166
0.00377364713283078 0.0440585498433065 0.0936415812750861 -0.330258402823908
-0.00705878718991667 0.0462279100232896 0.482238430028771 -0.295768837722318
-0.0363911763642464 0.0550330387218274 0.740104831841247 0.130232379123781
-0.0608721499469287 0.0407701484379857 0.439162148338663 0.532309780725056
-0.0217219899675376 0.0115825459768011 0.0219155964188441 0.17790488796864
0.0308944550015167 -0.00208424668485168 -0.0370503359000875 -0.215610134359738
0.111874432331978 -0.0384374837525279 -0.511057596615523 -0.551565365302476
0.0377548446004918 -0.165647639948429 -0.837728418989656 -0.0148479326973647
-0.0721278213393633 -0.13719686209512 -0.499059911513023 0.439376865183169
-0.113891053733814 -0.0374032177898213 -0.0169441733255935 0.397490289607557
-0.0794596311651806 0.0141378195056241 0.104536945291403 0.0949635182354928
-0.0389018934131411 0.0208223472662322 -0.0386196410923425 -0.0708922442667918
-0.0209424203887039 0.0142435575753048 -0.175916126228441 -0.0902794574385791
-0.0126854511669224 0.00838988344334477 -0.235062149320544 -0.131282811829523
-0.00936255102478619 -0.0210026511565084 -0.172718214632441 -0.270152408684755
0.00804112849986956 -0.0103525142981938 0.00115620787016012 -0.461575999766129
0.0181945492204348 0.0374287180453646 0.298932243140283 -0.423928720296983
-0.0267440177883033 0.0473493758086735 0.472940099068801 -0.18675711027828
-0.0663968378565427 0.0126683392178331 0.390686964656183 -0.0149092804088944
-0.0528409624770966 -0.0289173954885147 0.210234834282477 -0.154455544580917
0.0364448444880652 0.00439757174746468 -0.0294929047969715 -0.210806590250124
0.128989697882058 -0.0121165045755734 -0.477359216319581 -0.586147897204321
0.052029765147633 -0.183797238465204 -0.836973008747083 -0.0838077034051656
-0.0986477709972076 -0.165115413819706 -0.537560786289316 0.390223524002068
-0.147795544714042 -0.0155910275010811 -0.0606353059359088 0.382979170940552
-0.070993495293984 0.0603089660652979 0.0765099090653962 0.104368726204884
0.00898016590743034 0.0650135268257966 -0.0455965178615622 -0.063396450360457
0.0424720541502503 0.0533375983791832 -0.172919975416837 -0.0860164116966862
0.0638499486280783 0.0593447558549896 -0.237291948334635 -0.125805355982104
0.0403700889690773 0.0574806356423709 -0.17843126536015 -0.252390266470652
9.67669165881715E-05 0.0954747981329199 -0.0160710370695828 -0.443893164945192
-0.0899155260751269 0.0950123024661727 0.257692125729796 -0.42227794963084
-0.137277975591218 -0.00346976608769536 0.442560455438438 -0.214323910410021
-0.0783750515176612 -0.0919063478886713 0.388939682563146 -0.0456413024738481
-0.000136948497321698 -0.0957486364418888 0.198696528742763 -0.156529206775047
0.0555547068145336 0.00304987062072424 -0.0280599444826341 -0.204614631582955
0.152050015743235 -0.0198479720063629 -0.465398608543044 -0.583427499216073
0.0367776929893289 -0.214706654899839 -0.817022387164384 -0.0973443192241197
-0.147183669880084 -0.169851177173854 -0.537258089834661 0.360500973404143
-0.169698144182622 0.0298321071292442 -0.0857546923600539 0.362401537175917
-0.0492999366032592 0.109585754292564 0.0536678025593436 0.116764974320475
0.0566077876867816 0.103155948801326 -0.0391250975279985 -0.0417004217725672
0.0992733368507834 0.0872951736905949 -0.142326705823793 -0.0692500284852356
0.12889632563493 0.10244490883848 -0.207877834873442 -0.107490994919304
0.078198241756829 0.124400481714975 -0.15959279342341 -0.217586362855092
-0.0127773656885847 0.181467739093311 -0.0238945857486565 -0.406214219290682
-0.181719443548202 0.133378905870016 0.222660086220882 -0.409404669120338
-0.220131045887509 -0.0503086956379587 0.428870353572365 -0.23999162850288
-0.0819118320497529 -0.170242753815022 0.413733496865536 -0.04761241369748
0.0439634036356319 -0.14041720350557 0.18021825992734 -0.11999866760491
0.0942139880825613 -0.017693842435682 -0.0469303532411016 -0.185256707243655
0.177102822276174 -0.0811024171083821 -0.477241880040184 -0.529112050562676
-0.0138845109541843 -0.265625749602592 -0.776218348636765 -0.0554110957547764
-0.21951640227968 -0.148969213850057 -0.507066753479775 0.355128436485651
-0.17945750298942 0.0974909879980591 -0.0927697830398146 0.349630708253927
-0.0148961213445515 0.155843537844378 0.0439823559257265 0.141247088042039
0.0989971241795801 0.130880569015337 -0.0142395652675144 -0.00727870977265241
0.139794477804536 0.110832149261476 -0.0878810882529364 -0.0418116028605229
0.170000262283407 0.132034961000417 -0.153619006450029 -0.0748704904442132
0.0909986445228556 0.168250143516348 -0.127407991544992 -0.168810535811355
-0.0371664908030627 0.223460329519553 -0.0304850792711834 -0.357221341663233
-0.237832535943391 0.127975888718992 0.194616243562988 -0.395829621926956
-0.24424715819609 -0.0950038978677 0.436304317658585 -0.265583893710548
-0.061147957291037 -0.198334504719446 0.460116460838288 -0.0189000887005268
0.0695291329132387 -0.146515666117672 0.157295269350996 -0.0563854505618196
0.130223512153821 -0.0530798010011799 -0.0873108630666287 -0.139714273606457
0.177051256458477 -0.16605811966469 -0.488790332364115 -0.425883940759442
-0.0888780470136941 -0.300106294903902 -0.71400815387976 0.00499292471448408
-0.282149889199923 -0.0985783395322124 -0.465448265496592 0.360660275471908
-0.166473067309731 0.164031832656507 -0.0921301786773445 0.358232782657328
0.0232922232416975 0.186645905714745 0.0536727345752684 0.180309830677554
0.126049729618045 0.142624426777071 0.0315473575971541 0.0351959643009595
0.159842314511668 0.117558309451813 -0.0189251079071447 -0.00903609659096851
0.179222513258963 0.13912881492373 -0.089612864205002 -0.0324650434437662
0.0790867099488106 0.176297111990013 -0.0962456653732482 -0.115392736192715
-0.0617128258388888 0.207677481494867 -0.0425813684652634 -0.311953248034779
-0.235666446015786 0.0778209780233569 0.179821027452637 -0.398106494346155
-0.195459175266583 -0.117775225332975 0.478217166576194 -0.284300434056049
-0.0229630103963024 -0.1627758528799 0.519318679176483 0.0409567034065005
0.0711576007072846 -0.113123277052766 0.133180027110454 0.0184403603795513
0.143471885896424 -0.08047491464547 -0.135969894248871 -0.0671329565658151
0.140962765257853 -0.21715649388683 -0.483479327991767 -0.293772013281836
-0.147666194739084 -0.282631837004236 -0.643429939790199 0.0632196998145757
-0.292994467688773 -0.0366110425020039 -0.428316169672538 0.374107478153565
-0.130893781606315 0.19768532763262 -0.0835278075758599 0.387894658457997
0.0491637450046212 0.186532058866551 0.083863299800034 0.2289022902339
0.132124580764563 0.135089089685097 0.0929740285560336 0.0779681340839593
0.156803434403896 0.106174235202809 0.0543639066640694 0.0243168225548914
0.161721501226653 0.1246421561631 -0.0306683480947997 0.0119141372195429
0.0566842385014106 0.147602957761297 -0.077363586570482 -0.0725642059258323
-0.0629911898482463 0.147518791487637 -0.0576314920283828 -0.294602999145685
-0.167677826828315 0.0238089278207754 0.197071503969915 -0.419550876969009
-0.104190013831568 -0.0907730735090893 0.556354513196587 -0.277621926132796
0.00227290621871845 -0.0779371585469996 0.57041665286726 0.132559558363628
0.047730431038003 -0.058676305066996 0.110776700544033 0.0858250732552323
0.124271102016328 -0.0784960265463737 -0.175492719724258 0.015735358645389
0.0941232795469962 -0.198440659278307 -0.456567323484324 -0.164030862748224
-0.152008487493936 -0.216933682740406 -0.575180947803387 0.109496630763753
-0.238730666771522 0.00477716433294009 -0.396960511727494 0.390015927936789
-0.0870683111608788 0.176250927544412 -0.0641255780958235 0.428208062513259
0.0510147913385808 0.153827895154313 0.127674447491887 0.272945956225258
0.11113143457171 0.107872614701028 0.159476869220241 0.114515122540046
0.129878941666144 0.0809695947897938 0.120774414707377 0.0545326966869728
0.126793712095582 0.0913723807566505 0.0154697067629685 0.0480307695383
0.0424870003459546 0.096345324922915 -0.0669628734735721 -0.0539728906117475
-0.0301051435601227 0.0813571120533865 -0.0558940260605784 -0.30914090568893
-0.0685566677554289 0.0128391194745797 0.260821216713713 -0.44003505011146
-0.0324327606726216 -0.0148124052240008 0.654583715150011 -0.222837544512863
-0.00941301393280883 0.0106746107737412 0.592405018584498 0.245232584374603
0.0106301767034442 -0.00976775019307904 0.0927211791746805 0.13455121664387
0.0821147252427152 -0.0352475388811086 -0.192240367528523 0.0855576336104688
0.0659771836307665 -0.112563353910172 -0.41700249067047 -0.0668960923269056
-0.0896772053433643 -0.133310883169463 -0.52319813665486 0.138889960814013
-0.138123195110417 0.000455275254644401 -0.370626216826206 0.404963971596199
-0.0542050258457763 0.100506677779271 -0.0372708384548185 0.462209818318144
0.0225415603788976 0.0930268495922701 0.173683712677161 0.302186996673027
0.0632819655499687 0.0652538366608796 0.214865562495424 0.139259146976135
0.0822196358908349 0.0430539571032478 0.168904106147051 0.0757092079161424
0.0809016767701126 0.0459024927676575 0.0461333055787884 0.0690169702102396
0.0397667389500952 0.0392996582062921 -0.0545238186238379 -0.057913423836132
0.0213208363371314 0.0380103903166572 -0.0242676127597998 -0.33785113402336
0.0102752412895113 0.0481987431390642 0.354508745702094 -0.430774679570112
-0.0167431659305505 0.0650552480539658 0.730770493982881 -0.120438227185829
-0.0493046965609673 0.0557159684822974 0.578765722757636 0.355028926640333
-0.0218498009168481 0.0149912994615567 0.0826353109341444 0.162246856938618
0.0315811032523747 -0.00257636784874706 -0.0501466531472178 -0.214571121531888
0.110898337390731 -0.0401383010610881 -0.521760200011059 -0.534283891697211
0.0348066866386063 -0.164487618135122 -0.838046734465527 0.00111910678711643
-0.0732193006030822 -0.135236259943124 -0.492342307369073 0.448745616347244
-0.116156001049533 -0.03504460290175 -0.00920296042266729 0.398580173024022
-0.0799308447786472 0.0176300324186217 0.105543554490336 0.0956144932468957
-0.0397233231983415 0.0222350845150233 -0.0393184478762918 -0.0602781526092832
-0.0220448722598643 0.0141308096916561 -0.174838064508171 -0.0752874269108727
-0.0128035830699787 0.00899187772424427 -0.233522043960114 -0.115222673566597
-0.0128773203879546 -0.0200297535245827 -0.179712556374659 -0.258266617433877
0.00485834609614881 -0.0118227681553249 -0.0168901114093827 -0.454412656054226
0.0199731784580261 0.0335872901618581 0.281694260343042 -0.431905528561732
-0.0255538661980047 0.0459427899038485 0.466959282051271 -0.199596944011437
-0.064654862984409 0.0134913697154202 0.389427191700708 -0.0223210888535586
-0.0518052152287307 -0.0264837345767644 0.205406823590419 -0.157141264380312
0.0331723316387153 0.00392690865340463 -0.0404962342000305 -0.210721523263411
0.125780013058275 -0.0119138598458582 -0.48835070313212 -0.570956620723155
0.0488193903761607 -0.17810429212074 -0.836498528878757 -0.0672406045585932
-0.0969826511482898 -0.158800554628556 -0.531231005998145 0.399259729410882
-0.145286166044302 -0.0138821417872013 -0.0535500165345537 0.384720752443631
-0.068514224996827 0.0601257623563615 0.077174355677182 0.104101357787574
0.00916279556168191 0.0616663271166701 -0.0470824536524075 -0.0533462248498089
0.0423335427026786 0.0490237569394048 -0.172538096320723 -0.0717964270593682
0.0642228748289376 0.0536263063245536 -0.237747545141995 -0.10955860373653
0.0385625013382408 0.0545365902103462 -0.184929419200553 -0.240780812725606
0.00175456275718395 0.0915889592839939 -0.0339228419824881 -0.436922113274965
-0.0848290401384659 0.0943109480006342 0.243482856396464 -0.427468006874101
-0.135614582063226 -0.000183624129224708 0.436147763582336 -0.228106506598049
-0.0804189728796944 -0.0891317459201416 0.387582988606542 -0.0540970757498445
-0.00278776132732933 -0.0939643506321858 0.193219340666776 -0.158068699302715
0.0496664220483341 0.00357385503144658 -0.0376584456165157 -0.204698266242081
0.14691832830187 -0.0183215220618526 -0.476233475484767 -0.569821354636077
0.0330504620379107 -0.205136658131927 -0.817078450320947 -0.079926092664177
-0.143118531301041 -0.160810325623589 -0.531817233282118 0.371023667906367
-0.162911603153783 0.03055501003476 -0.0784146570806531 0.363787959240909
-0.0440158162830719 0.105667598074957 0.0546129373994001 0.116660844742815
0.0576675567558969 0.0960916691699487 -0.04058058106104 -0.033813847983875
0.0995174941943814 0.0782354598648304 -0.143253131998361 -0.0571803294597737
0.13030355611832 0.092155899096753 -0.207483712549779 -0.0930470921350877
0.0782951243135193 0.118144114740651 -0.164759459463708 -0.207714979209834
-0.00697610234242666 0.176131033264941 -0.0405267861501137 -0.401152456204966
-0.172844246008707 0.134879684915175 0.210032571802425 -0.413625877050886
-0.21831948242521 -0.0423056050456156 0.422609794299648 -0.252664653562418
-0.0862518219128005 -0.164158541418143 0.411053766586571 -0.0563941440735107
0.0366744836272507 -0.13949316968326 0.175853322581257 -0.120353966484892
0.0859504884343896 -0.0172268899494596 -0.0547068810908726 -0.186141551872616
0.17055210295312 -0.0792138505051214 -0.485539704201666 -0.515267498079454
-0.0177154674878875 -0.253286785969401 -0.77486201119478 -0.0403914073514496
-0.213673530595727 -0.137177481705741 -0.499257755856538 0.364859171995569
-0.169500886412153 0.0975095187340559 -0.0844131489079622 0.350652606141459
-0.00715525929542115 0.150296550079863 0.0470467834260931 0.138109014045481
0.100772079047823 0.121222005153783 -0.0150191123991844 -0.00299887427992767
0.140949364181872 0.0981232144271647 -0.0893120910986945 -0.0344647813865528
0.171489296374155 0.118201905342216 -0.153806195424963 -0.0645396032080369
0.0934941677922437 0.159658307088844 -0.131468499836711 -0.161309627949414
-0.0282912746202926 0.217170692639356 -0.0451784539089611 -0.352557571497595
-0.227331438547464 0.131554731647702 0.181843423919549 -0.400399383625103
-0.242296051816416 -0.0837450232342649 0.431662084558835 -0.277626150974619
-0.0668674630946539 -0.190861291983293 0.456830921129584 -0.0283160239876147
0.0594290454703762 -0.145968916626686 0.155803756176802 -0.0559409767585297
0.120635542070685 -0.0533630538985223 -0.0930134780949713 -0.140642943556919
0.17000474862171 -0.164201725692562 -0.499128975861713 -0.414083174585225
-0.0927471733664629 -0.286129929340777 -0.712686894374421 0.02081116899239
-0.274840738939303 -0.0853505871806302 -0.456109682562568 0.371359863581275
-0.154701127857488 0.163356597340991 -0.081450325411812 0.356688984205815
0.0316449879062811 0.179287010982893 0.0581908182629143 0.174357473671756
0.129501471858712 0.131752397752633 0.0311928784040296 0.0346188567696801
0.161565897909846 0.104099537353608 -0.0209100639211241 -0.00749523233342076
0.181290987254083 0.124437814281828 -0.0890701018375481 -0.0282032860181069
0.0828736623114449 0.167280967932268 -0.0991194237299072 -0.11113880492614
-0.0515460673514042 0.201687129206104 -0.0553768643054073 -0.309934418922845
-0.225324011537969 0.0828495612420753 0.168821482540794 -0.402958287431834
-0.194314910393986 -0.105552679688065 0.471892532085681 -0.296605570073045
-0.0290793795729254 -0.155125047275023 0.516471896556249 0.0302462357644406
0.0593819983444986 -0.112764576793915 0.135153251602935 0.0198218816141352
0.133423117061144 -0.0807143965132584 -0.138745120113597 -0.0672318191515772
0.133615999810596 -0.214823588964162 -0.489286649976776 -0.281429035482211
-0.150966547606175 -0.268313535419529 -0.63821576336601 0.0800663671339127
-0.285118853416944 -0.0243726199372377 -0.414790836505567 0.38333011491235
-0.119104949209703 0.196524501080837 -0.0703373198849987 0.384614711031584
0.0577268755979633 0.180215349474291 0.0893446907851751 0.21925442780025
0.134892560648153 0.124836264167128 0.0932689303709169 0.072390177825184
0.158086960799228 0.0936974051631855 0.0522866230390897 0.019682510832501
0.164152037918567 0.110691874748331 -0.0293698149970924 0.0104511142853156
0.0608636397195354 0.13935426126379 -0.0783663426960334 -0.0720466944193069
-0.0540345374839511 0.142943994092384 -0.0684841456729445 -0.293220738125335
-0.159461143769402 0.02892780285078 0.187936142942849 -0.42580377865655
-0.103947433171051 -0.0798251977085006 0.548986094060908 -0.291743442259226
-0.00263421931577792 -0.071082796393853 0.569013536447108 0.119648345010664
0.0366074503290168 -0.0590523825373321 0.116160219126635 0.0871621185297195
0.11595563003539 -0.0787581368131218 -0.175458581985325 0.0167227874072085
0.088109220686593 -0.196257325364899 -0.460187041202703 -0.153580640974367
-0.154600223234784 -0.204648519598838 -0.569545519839446 0.123222502669076
-0.23208668169015 0.0144536721424477 -0.382472501387343 0.399920982792387
-0.0772347359629954 0.174838537968204 -0.0498459570236849 0.423455753958592
0.0581607295275438 0.148513780762051 0.134567783539977 0.260424063183998
0.113733419470583 0.100498720237153 0.16042819571591 0.104119620004732
0.132233206091229 0.0702017692538374 0.11871578628839 0.0441059521101927
0.12956494200803 0.0801950232838629 0.0171325566497884 0.041436433972964
0.045658790225802 0.0898949884311503 -0.0669389752235972 -0.0560209451308445
-0.0232566512425035 0.0782885444211448 -0.0641790875341902 -0.309939484965346
-0.0625063125285687 0.0170659224456413 0.251092328339613 -0.446842004740849
-0.0326076582267683 -0.00644407911210393 0.647233695631773 -0.239241989798796
-0.0131518267811187 0.0152222761477532 0.59365721220328 0.232691993090118
0.00198907203888501 -0.0109451618513473 0.101267795945718 0.135994425186065
0.0766836057594195 -0.0353656786084782 -0.189903860249068 0.0868789740244224
0.0638711334973001 -0.111860924006054 -0.418898815560734 -0.0572255321041665
-0.0913906256316427 -0.125955486024589 -0.518245104394688 0.151835458780494
-0.134728433074541 0.00760525421275562 -0.356096262318317 0.413896466217205
-0.048747579048733 0.101227846049168 -0.020475600198281 0.456041833336561
0.0283911724280795 0.0911097569230005 0.182147869310053 0.287344825284727
0.0655506561627432 0.0614016642781138 0.21614188072785 0.125944124683718
0.0832721607868823 0.036997551364648 0.167597232647765 0.0626084693706649
0.0828847796541683 0.0402823339561968 0.0488509741905473 0.0589284177331855
0.0416816476394116 0.0364920781073056 -0.0539898572002172 -0.0627497868354463
0.024060787156692 0.0365369085773128 -0.031004184648773 -0.339712630165951
0.0134855420774355 0.0499923507658308 0.346040253918099 -0.439724522288257
-0.0167748491796866 0.0704044888894294 0.725850842396761 -0.135974006291826
-0.0504573700352799 0.0584851969828864 0.582836743778073 0.342409479989312
-0.027455487199309 0.0134865941390863 0.0933982652744383 0.164955584274439
0.0334597883584965 -0.00383015066046198 -0.063895128369069 -0.215972308328968
0.112245954021006 -0.0428120672575028 -0.541682394128345 -0.526995167625666
0.0326331710589987 -0.166969374084246 -0.850276079657999 0.0208320619240107
-0.074931136120949 -0.135121993901313 -0.493296229335135 0.465620744051739
-0.120551690038034 -0.0325845760074413 -0.0016513533557774 0.407022217376229
-0.0811478145985915 0.0216025791327204 0.108246417630797 0.0973060219798737
-0.0406339250024979 0.0245051141778836 -0.0395821227891185 -0.0515034010643607
-0.0230631731312823 0.0150485395899824 -0.176174539258048 -0.0614594511793711
-0.0128244375437099 0.00955724499092446 -0.236423340183763 -0.102042045240365
-0.0163145085015939 -0.0186297511567682 -0.189609089831285 -0.250389108167405
0.00199041895587936 -0.0125845142392296 -0.0351397952454039 -0.456285893953945
0.0208377580106239 0.0296033753125631 0.268901480195635 -0.44661158476642
-0.0251916214755085 0.0454912014762314 0.468037285716878 -0.216984449973332
-0.0640510583730414 0.0136586505921113 0.394815113708947 -0.031995339131075
-0.0522401972783979 -0.0242018650222648 0.20369699621207 -0.162570136288635
0.0311553862854711 0.00388533054002252 -0.0532797092781688 -0.212945572387206
0.125737370747242 -0.0122450941681648 -0.508299750713221 -0.565562896068359
0.0462694804859247 -0.176232749690022 -0.848760029669094 -0.0521741433210119
-0.0964917226605283 -0.156368992459683 -0.53458210085887 0.416044748886929
-0.145718637393735 -0.0124036392967112 -0.0479511135212958 0.393432893478432
-0.0670430815951717 0.0609600150694456 0.0789660215707849 0.106529058314911
0.00954595205420292 0.059562075772534 -0.0480048743840707 -0.0440304747852524
0.0422495173121137 0.0450235912299612 -0.174977954735006 -0.058439555684156
0.065639237558591 0.0490313944049452 -0.24001146486657 -0.0961176708188975
0.0381447475875845 0.0523228004705664 -0.193723589423177 -0.232846499793782
0.00315674050735262 0.0901254792723986 -0.0519848579120599 -0.438760834834056
-0.0814007012996244 0.094410959145009 0.231809268559412 -0.440328377678768
-0.136722733645422 0.00402064379068865 0.437182896762064 -0.244529785547065
-0.0835042659292977 -0.0876749382245473 0.392089097576466 -0.062246520721563
-0.0064438787612362 -0.0932574954275335 0.19160549310371 -0.16413065281809
0.0451947886283507 0.00427527537837828 -0.0487598908700213 -0.208407806935221
0.145995633569041 -0.0174407660303006 -0.495077120968159 -0.56542275145024
0.0307805556812822 -0.200070519496817 -0.828562625384994 -0.0647596700027508
-0.140796273679703 -0.155208852676004 -0.533061760948974 0.389248665499007
-0.159566127164439 0.03240601743941 -0.0727957737434807 0.371732028165259
-0.0390802953009268 0.104092887219093 0.0563305276683473 0.117620406600968
0.0601294969392371 0.0909911103110552 -0.0418912738995006 -0.026038450263263
0.101103312852694 0.0707002989284264 -0.144955849705194 -0.0463513086028675
0.133157781674515 0.0830097818824804 -0.211072758673361 -0.0812322590425401
0.080225233619662 0.11380583167926 -0.173090449445707 -0.199954854703223
-0.00162557445441574 0.17418879958503 -0.0578468423465795 -0.40151829972298
-0.167929922375572 0.139285841706509 0.197652028944245 -0.425810087218594
-0.220571810703693 -0.034783450188067 0.423470999826816 -0.269591825652719
-0.0925395388287575 -0.161673166222437 0.413749756258542 -0.0657282951045041
0.0299292212895231 -0.139234800446894 0.174792163519442 -0.124111421014652
0.079931110506205 -0.0170133011445812 -0.0640246516525366 -0.189684108831792
0.167898577696505 -0.0788796359068712 -0.504517765936582 -0.511847707710449
-0.0217160015657694 -0.246081964951895 -0.787459949454472 -0.0253311450895369
-0.210824878898242 -0.128781101658949 -0.498788160985867 0.383517028495431
-0.162522170872833 0.0998240689623907 -0.0778954788567535 0.357311969176731
0.000536762916553576 0.146118124697396 0.0493517113316331 0.138052743091977
0.10477851670658 0.113940497351471 -0.0158836517068977 0.00105620218408102
0.143589070149574 0.0882749604607353 -0.0919882221923115 -0.0279440773530417
0.174909097041466 0.105837395669163 -0.156204625522929 -0.0558340066433055
0.0971118892927147 0.154495150245947 -0.137443015954983 -0.156285769464796
-0.0208893028114883 0.215010456757068 -0.0599825208381193 -0.353809926743579
-0.221205853976156 0.137383130504376 0.17249792892132 -0.413498965945452
-0.244890939771061 -0.0743461101595331 0.430023552957281 -0.295635575974741
-0.0743272128322067 -0.18647690515172 0.46226600275312 -0.0393310180510424
0.049701964323248 -0.147070781273614 0.156862947842248 -0.057407329350479
0.113585313590747 -0.0532859694737958 -0.100038132393169 -0.142429095284277
0.165767201144481 -0.165697960218582 -0.514612776951363 -0.407725436259251
-0.0975904053750714 -0.277619959014398 -0.721898130610949 0.0375587472163014
-0.272044331569165 -0.0757381539744368 -0.452839829548893 0.388866761777552
-0.14570668977481 0.166282873746277 -0.072767830271286 0.363359744514533
0.0408283359894923 0.174431937164916 0.0627584343799051 0.171940585719635
0.13447705972182 0.123976447096625 0.0318402110224118 0.0347286281180277
0.16529514694072 0.0920995580580771 -0.0232858645425621 -0.0058089335576038
0.18529488353459 0.110623604695038 -0.0908325945849869 -0.0240450338152027
0.0873613118288712 0.16077828825805 -0.103258863568206 -0.109226837695093
-0.0432603956172743 0.198989214667889 -0.0692271515182343 -0.311706257066256
-0.21951492417059 0.0892569027093833 0.159840831861789 -0.416106790135995
-0.19560532183459 -0.0951553179004744 0.471413764732318 -0.317621749721055
-0.036021865170848 -0.149975542779309 0.52271390068344 0.020299334803759
0.0487194779106983 -0.113668155422521 0.139355876664594 0.0193954810824749
0.126377153098679 -0.0823230708312316 -0.143508757358945 -0.0671591347112383
0.128493204823479 -0.217665365083607 -0.504395947649192 -0.272502902494637
-0.156676253342723 -0.259325049107289 -0.643702777226389 0.0944574029818207
-0.282128615684046 -0.0138673559273778 -0.409009325769093 0.402662241466698
-0.109348187246586 0.198571925684607 -0.0595070557739511 0.388799224418435
0.0673067594755907 0.175781109431221 0.0963825626442612 0.214947229413536
0.140386513991198 0.117598349671272 0.0951675595561377 0.0681940876748928
0.16180641991897 0.0823455318307251 0.050608477685173 0.0163609381801746
0.168729634520779 0.0980203200146896 -0.0294723716454004 0.00902948031000621
0.0660316955020946 0.133713276857031 -0.081504218809395 -0.0729560176352542
-0.046597572361928 0.14049396752475 -0.0799552128431809 -0.296736555999728
-0.153274350284233 0.0345950469137115 0.179694832718968 -0.44078511254864
-0.104557924910661 -0.0698535237211043 0.551438683481587 -0.311594903889958
-0.00896525531446733 -0.0653878192748277 0.579349986205353 0.110693289587786
0.025497382359979 -0.0588510139009329 0.123615526432955 0.088566351722953
0.109793969835036 -0.0796778706027865 -0.178093723183261 0.0188556838251721
0.0843155240121258 -0.198671240804163 -0.471574504449902 -0.143569367435748
-0.159258921826701 -0.196787392934873 -0.57406381591183 0.140449474084422
-0.230340691378985 0.0239230066548333 -0.375897302511832 0.417039952525733
-0.0691344438543656 0.177378560018957 -0.0358817894840085 0.426195771727674
0.0665273822131368 0.145523429799855 0.144153958484364 0.252227314303731
0.118854289139169 0.0948465014000945 0.163844285491506 0.0954524455784902
0.134703798010607 0.0610538218611596 0.117885227157137 0.0361076185759241
0.133804702899167 0.070446061045628 0.0185220618944109 0.0353890192535499
0.0501633685292644 0.0857132578346983 -0.0690000664292567 -0.059981491492229
-0.0175933118047808 0.0767146455501733 -0.0742565752602866 -0.316011126396492
-0.0578028094272604 0.0214180654502829 0.246616466832386 -0.4635473610751
-0.0322777586563353 0.00210173902816251 0.652339013603091 -0.25830901165978
-0.0173795560672201 0.0209570539201667 0.606661680876138 0.223422285713213
-0.0075399619688922 -0.0108384400986089 0.111837222726767 0.139412178879527
0.0734190151313095 -0.0361363325357539 -0.190731192077423 0.0907773610711334
0.0624144941550674 -0.113340978030427 -0.426650165750569 -0.0476318411771459
-0.094345526917355 -0.12000623476816 -0.521509972872527 0.168094782463176
-0.133565843482855 0.013438137095925 -0.346314308091737 0.430235545917637
-0.0445662546512399 0.103236585043096 -0.00499506535847358 0.457929006767342
0.0341197164882089 0.0907772094631169 0.193739014509937 0.278224942359577
0.0701017519063023 0.0584253175706936 0.220529102457361 0.113717394200333
0.0859683161270802 0.0310210380778622 0.167888362419143 0.0509275747428136
0.0867332852548974 0.0341647098372263 0.0514511218958746 0.0495892428029325
0.0446707337026438 0.0345134472575071 -0.0548895041601969 -0.068684687217782
0.0281715767697748 0.0358056669926097 -0.0388514138959402 -0.347367170501625
0.0165363124948804 0.0526182701696411 0.342296485739282 -0.45624803930738
-0.0163801328481768 0.0768207529186687 0.735055252941355 -0.155180769948481
-0.0534640959103507 0.0624616138044147 0.597406220463698 0.335477004108785
-0.0337647945334772 0.0138561575964646 0.10666821816494 0.169072189422463
0.0356799553316661 -0.00538034902081298 -0.08179930058504 -0.217214410806906
0.114423299413379 -0.0483389245116528 -0.574970117030536 -0.515495591943275
0.0272547929954709 -0.171212404903231 -0.86992641020736 0.0544931598123066
-0.0803944522436309 -0.135959477346014 -0.490391818619745 0.497627982965901
-0.126633582378167 -0.027963539448436 0.0132682737654156 0.419342103700058
-0.0819910753360352 0.0263833096968475 0.11287010390612 0.0978989243976527
-0.0412825793905058 0.0270807909426034 -0.0403662407980226 -0.0425852309144829
-0.0241904283885142 0.0169606793837384 -0.177660215611248 -0.045720467895704
-0.0133073581000917 0.00985684606048513 -0.241960763410472 -0.0848547318261812
-0.0206232746789808 -0.0170168924568107 -0.204672936387798 -0.239983338437777
-0.000995368078055801 -0.0130541745320312 -0.0612044693493747 -0.45957515503671
0.0221144504178375 0.0260051067459241 0.249513565595887 -0.46852628717708
-0.0240477483548741 0.045723136604852 0.468248949822385 -0.246040394413109
-0.0646203995550163 0.015937476633904 0.40247170074238 -0.0499327671779269
-0.0523773392120186 -0.0209870517014214 0.200888063627897 -0.173823018737046
0.0300202683270857 0.00371093847184417 -0.0704340035422029 -0.215945633201778
0.127096219487803 -0.0152676950481956 -0.539500781080763 -0.555633908964075
0.0419919509898594 -0.176806283821884 -0.87143543887572 -0.0204183104030724
-0.0988850766663117 -0.154259184665805 -0.533421885621858 0.447583477259242
-0.148004230168336 -0.00778979042681078 -0.0352174069186458 0.407430978884421
-0.0650648233212243 0.0625597896931511 0.0827961310968028 0.108821926005679
0.0111492627548201 0.0577708365173698 -0.0489119052240823 -0.0351717727176204
0.0432849217963583 0.0409555176742191 -0.177331474717909 -0.0425929440340788
0.0676039236293786 0.0428829881560682 -0.246560517320212 -0.0774672348881232
0.0386638991337246 0.0509297076481703 -0.208465412388562 -0.221589661790992
0.00584213808759408 0.0898243497281247 -0.0785783843266713 -0.440213159289408
-0.0770404961865026 0.0970345652186992 0.210745558392661 -0.460853593301871
-0.138445446461726 0.0100923417145393 0.436062609571124 -0.271731929064695
-0.0894696948684192 -0.08432336136665 0.398380737644334 -0.0817330516258795
-0.0120341744490013 -0.0926878591124833 0.187625510016071 -0.173794891403687
0.0413123036604006 0.00462983834317788 -0.0643114159948361 -0.211588315188258
0.145002321666541 -0.0195668111260734 -0.529169514028779 -0.55649675503247
0.0249540285723783 -0.197120826195626 -0.850933053600772 -0.0341866238909853
-0.141812850942391 -0.148858505558048 -0.532357513944953 0.419254600394042
-0.156897455045228 0.0370083660275108 -0.0608829394304001 0.385273787040675
-0.0329719257927455 0.102482592163173 0.0602683078198909 0.11965149833639
0.0647459427630886 0.0841776873595347 -0.0430723988413843 -0.0192110602961491
0.103729961464214 0.061789027557656 -0.148312694575584 -0.0332682208453571
0.137257549514117 0.071636579486915 -0.216569452313075 -0.0648104691414239
0.0850802488349458 0.109890236014037 -0.185184566245162 -0.190021890425396
0.00673076205709528 0.173593582418747 -0.0825957886094956 -0.403355957721251
-0.160741760768929 0.147294016729322 0.180048680701945 -0.445956469830145
-0.224260134051308 -0.023049989609 0.420595757641735 -0.297871616205474
-0.102569122680246 -0.157624004223849 0.420911283761048 -0.0844321492749527
0.0197281134372062 -0.14139120373013 0.172574428086815 -0.132352279725873
0.0740625398833396 -0.0178881131595753 -0.07761418140868 -0.191704243396343
0.164933822198405 -0.083181689030436 -0.536403155364218 -0.502261634510538
-0.0293000264378445 -0.240729143705967 -0.805363064169718 0.00653717785363263
-0.211658260083289 -0.11838742269442 -0.496001393143931 0.414455429532326
-0.154851455265104 0.10536990520759 -0.0648912335901147 0.36847000081615
0.0101035192595629 0.142327207657878 0.0545962803003706 0.138323864517324
0.111426473694493 0.105176271634833 -0.0158075432079769 0.00520686921747082
0.148199242022434 0.0759333061945199 -0.09479033493999 -0.0189408188850267
0.180981899353846 0.0904953315261035 -0.160804439844898 -0.0450268426080798
0.104729961487866 0.14777222127552 -0.146759891452765 -0.148906988499052
-0.00943248566047134 0.214558586782866 -0.0831413331571269 -0.354830883366754
-0.214290278753113 0.148845817279561 0.153220324344437 -0.431534091622605
-0.249533416409875 -0.0595805086181231 0.425562175786872 -0.324288997884569
-0.0856075257748899 -0.182258954168263 0.46984545374966 -0.0581195787163942
0.0376260280709736 -0.148589004272572 0.1584236596479 -0.0637400802796408
0.106837814056 -0.0560534851996921 -0.110567955696829 -0.142813943653077
0.159250910233777 -0.172047358815671 -0.542659174543709 -0.394990981961128
-0.108526040629584 -0.270269274738559 -0.73606975018508 0.0671726042153081
-0.271816646386515 -0.061557929580138 -0.445242367175322 0.418293277055183
-0.134326892455608 0.171721939203568 -0.0576976402180798 0.372190862849981
0.0531154512296136 0.169015146398541 0.0704398350251377 0.169963415276532
0.142252911901115 0.113332201053281 0.0332039439912984 0.0338107423670714
0.170468091012288 0.0783457568929939 -0.0248640154074216 -0.0032521487703994
0.192184678310175 0.094756190517334 -0.0934584931045879 -0.0190174802354982
0.0958302843220218 0.154127824490851 -0.110211747369896 -0.104660333475882
-0.0317384639904614 0.198993972860465 -0.0891725304482024 -0.314676144163714
-0.213124551696182 0.100824754937997 0.141288387087483 -0.435229546156514
-0.199505538732226 -0.081428611195951 0.467752987189112 -0.346712868239041
-0.046267941988497 -0.144835993520649 0.534575156570447 0.000724201678358261
0.0355519157759797 -0.114201048320608 0.145206252466737 0.0167677305162747
0.119695806852066 -0.0858493510393001 -0.150904574661052 -0.0640645390331847
0.120225426496712 -0.224286623775407 -0.526364305645259 -0.257359410541331
-0.168267461614176 -0.250544329884674 -0.653478270593507 0.126643403237029
-0.281650849853229 0.00214395851120491 -0.398735568013514 0.429440981652603
-0.096664677381135 0.204553086948178 -0.041638088445134 0.396336564729277
0.0802797993802072 0.169902267345963 0.107917618882116 0.209388383172524
0.149006235656372 0.107966974623832 0.0991377146400696 0.0619553533319567
0.166863305062455 0.0685903135585118 0.0495580612812806 0.0122536544794975
0.175512396319329 0.0821914989642515 -0.0306470191788548 0.00803329831433399
0.0735710215286004 0.127348877177957 -0.0866301706494505 -0.0718737276749288
-0.037184803391682 0.140222181426788 -0.0985931611839275 -0.300954567111623
-0.147666304772563 0.0428987479057119 0.161954992841532 -0.461076774482887
-0.105340109791607 -0.0585814888412013 0.550416508519096 -0.344776873717801
-0.0157160280317065 -0.058994618456313 0.59706577242677 0.091114665930979
0.0134958175909335 -0.0577681823465233 0.134181578670042 0.0879800884745966
0.103919725026464 -0.0835077915193122 -0.181029902037964 0.0258669568673574
0.0769029259504807 -0.205110505729054 -0.487631216473701 -0.126656120997913
-0.168672963424372 -0.18804424060791 -0.579871533517482 0.169133321090947
-0.228468602784609 0.0371712582069694 -0.361232747783596 0.441615234861519
-0.0586830220875759 0.182244053507661 -0.0147038475463752 0.433038150784639
0.0788916459358767 0.14139881311656 0.158037074082729 0.244052609143467
0.126833460888239 0.0870628660076176 0.169361841449609 0.0840902633318486
0.139432357631713 0.0495153652772691 0.118512339927512 0.0262902595028374
0.139320311856763 0.0574919115783373 0.0192304262985423 0.0292906816245403
0.0562953745920656 0.080238445709758 -0.073226494983725 -0.0623154279386764
-0.0102409506569672 0.0751226915517486 -0.0920197208490701 -0.322083008848382
-0.0518193107180216 0.0273288871296935 0.230944872646705 -0.487968012974367
-0.0308433390423526 0.0119693501699961 0.656872755160273 -0.292723747907913
-0.0224316369962337 0.0276471610614409 0.629157695837763 0.205849152763407
-0.0177520149442795 -0.0078909660674637 0.126378089424974 0.140206193982053
0.070429350329719 -0.038503901100307 -0.190252414348514 0.0998977600422129
0.0587254216535124 -0.118199776073151 -0.437907181377971 -0.0288685057605467
-0.0998147389506902 -0.114279850399305 -0.522677340997348 0.196863060423529
-0.13208795087424 0.0220365149128945 -0.332720352148645 0.456455915154352
-0.0377400932603143 0.106866906598243 0.0182873300378863 0.463064942338282
0.0427943682958008 0.0897421853471143 0.209848833305744 0.265711913645377
0.0758772528468656 0.0538264257268971 0.228008589138807 0.0978236880576416
0.0889194924233371 0.0239831786032845 0.170473846698095 0.0366366701287413
0.091042185405474 0.0258052847239066 0.0532264647696384 0.0392314611147329
0.0487549607823345 0.0313887894303538 -0.0585363869023823 -0.074358328327504
0.0328498376930223 0.0342312415114527 -0.0554501672618767 -0.357015774213902
0.0225031112681715 0.0552314259507344 0.33004583849352 -0.48427091099809
-0.0137662739735128 0.0840807725252465 0.74316276827558 -0.187515778823754
-0.0561362831315929 0.068009431410556 0.624104718159328 0.321371714670081
-0.0406822287387201 0.0161055203771056 0.124134635560564 0.169691570053377
0.0370901796660858 -0.00896197123577144 -0.103123124243532 -0.212731462851191
0.114286619618901 -0.0557155518161742 -0.610986601494411 -0.484608220549115
0.018293148774916 -0.174259200319881 -0.876242983405493 0.104956645432365
-0.0870376703650003 -0.133564189736075 -0.471793836121425 0.534299944730487
-0.131574627572267 -0.0197841145158976 0.0366026605507769 0.426754843219377
-0.0809355364430687 0.0329016658246012 0.117921295511637 0.0955988693677116
-0.040571535796104 0.0312323080472066 -0.0388887458263128 -0.0339124655695427
-0.0246103492081927 0.0193619343710621 -0.176884837632856 -0.0257032867832666
-0.01333465825667 0.00993251208980256 -0.245277127491136 -0.0612346021528363
-0.0232110516175184 -0.0144942260873033 -0.221253392295055 -0.222233047605845
-0.00397826580571942 -0.0123793764343469 -0.0971593421235462 -0.454186449105639
0.0236325354421055 0.0210065731218132 0.215071100074941 -0.487114899883504
-0.0213776457592784 0.0460456849712808 0.456039408032887 -0.279006329671167
-0.0639954518602996 0.0196876348938358 0.404782914525833 -0.0748846785299894
-0.0523177913896103 -0.0162198731656315 0.191014096497923 -0.187485755109468
0.0286691507326361 0.00268891051773306 -0.0907289972644545 -0.212246074085083
0.126413983003333 -0.0205356951921368 -0.578075673664371 -0.528989207612954
0.0338180203926076 -0.176717054796848 -0.880457524596181 0.0281867192127786
-0.103549023516782 -0.149749410159231 -0.516495818831316 0.488075620806039
-0.148066611805339 2.21462362803571E-05 -0.0127510385837245 0.417555713485649
-0.0608702045501714 0.064052291329739 0.0872897646876211 0.108009626354472
0.0137982957061342 0.0549379393948615 -0.049462483232355 -0.0260559321313163
0.0439389816779828 0.0364487757979678 -0.176523261307298 -0.0228708334508222
0.0686572869968082 0.0353586242607205 -0.249701983014847 -0.0539366948685616
0.0402158871695707 0.0483683694011131 -0.223472300614369 -0.203697794003825
0.010582598231438 0.0882532911315923 -0.111922023322715 -0.433358578004496
-0.0699486290433256 0.0995771409884498 0.17821466605594 -0.478156377504675
-0.137541729330137 0.0192421869371622 0.421568617598308 -0.30506942045374
-0.0957864436404976 -0.0784316227474661 0.397319002251373 -0.104506280381331
-0.0179527743619757 -0.0897092623970794 0.177264349060323 -0.185893992881832
0.0369478395956413 0.00394298829510613 -0.0829102433350806 -0.209701261273555
0.142757952970705 -0.0238426228623605 -0.565298162430502 -0.531523812828453
0.0167281796385567 -0.19336703156209 -0.862239004552314 0.0130563546587191
-0.143862669389331 -0.139594205833972 -0.516186123709737 0.458291167470521
-0.151563227577377 0.0433486598365658 -0.0396556483702084 0.394839166777221
-0.0249518658278561 0.0996399182106714 0.065320457142986 0.119870267231664
0.0695748536328758 0.0761383670260526 -0.0428368927618751 -0.0113576971276788
0.105825554904888 0.0505779557148103 -0.148341772148785 -0.0168844973465093
0.139462554980029 0.0565339685938409 -0.220233852516274 -0.0432646973814413
0.0908426250490442 0.102345922555024 -0.198675819922839 -0.174499323638168
0.0179268071026451 0.170021495472862 -0.114229566872656 -0.396021202276002
-0.149611470076399 0.155913705356082 0.14601976998772 -0.460095601781397
-0.22403076760788 -0.00713891354791718 0.404020721742232 -0.329129294453284
-0.114306201516244 -0.148881069421709 0.419773137474607 -0.108458539020666
0.00819121049828657 -0.139897611804127 0.165357724268389 -0.141954989527939
0.0676865789608045 -0.0193648881219324 -0.0927967596975308 -0.18980322078248
0.158465144218754 -0.0891293998247547 -0.57222119770824 -0.476105848916548
-0.0406829734135219 -0.232229853799319 -0.814135473918386 0.052515739628719
-0.210864558415245 -0.104045293300129 -0.478231470680878 0.450628131814798
-0.143306135001776 0.111154005493923 -0.0438971153625596 0.377641059186815
0.0215286134190799 0.135343661728278 0.0615459915454159 0.136490729578974
0.117840294797034 0.0915814923874525 -0.0154047494222904 0.00911305484667202
0.150888001317433 0.059805506747071 -0.0952426382030624 -0.00817186263187782
0.184375538049244 0.0702441250138328 -0.16329390503246 -0.0287855309796929
0.113907613001881 0.13785644528841 -0.157417896762048 -0.136609515050032
0.00613581932364775 0.211385896692473 -0.111561643972939 -0.350032577252289
-0.201361584641591 0.161430838591367 0.121964540852103 -0.447522166238197
-0.251237871574661 -0.0402953337833015 0.409533113544825 -0.357775094356702
-0.0995936013412909 -0.173079629263045 0.471359516851339 -0.0851940858719107
0.0227026226948706 -0.147903271168155 0.156654083053463 -0.0714287520091047
0.0988864870786551 -0.0593219170520562 -0.122043744772011 -0.138578177805547
0.147619271225147 -0.179355753266521 -0.572961477005596 -0.367083199613107
-0.122299873100732 -0.2571060547538 -0.741360577963541 0.113679739374615
-0.269086044167697 -0.0430039474790545 -0.425006470146134 0.452477131839727
-0.117672121230216 0.177622060644556 -0.0348703483838489 0.378517018254566
0.067379319052608 0.158984849090546 0.0801942844371028 0.165138756798145
0.150496093881169 0.0986923486920517 0.0352092261793143 0.0318855294337819
0.173652803265851 0.0603532906372862 -0.0265305107599725 -0.000325352593877063
0.195616909232187 0.072530849592078 -0.0955391108969006 -0.0102946976703687
0.105660343108466 0.143376390428293 -0.117882050880203 -0.0965866789090042
-0.0170270106038796 0.196355122592215 -0.114616507418316 -0.309685391768163
-0.201642140251684 0.114333429658122 0.111118947311842 -0.450249802932378
-0.200664346612491 -0.0630970478562542 0.449691787435481 -0.382116936528434
-0.0577120662053358 -0.135273301242426 0.539533497726888 -0.0298386900203832
0.0206572675954834 -0.111888019195331 0.148923738158748 0.0104906973557465
0.110325481249342 -0.0905261092570266 -0.156705939311513 -0.0568495552594145
0.105556448377909 -0.23115117804384 -0.549088206857829 -0.226532267962228
-0.180562101679799 -0.235869133196912 -0.653028135323017 0.166883215765525
-0.276787278602996 0.0215094801862194 -0.374126133509625 0.460242754751086
-0.0784150774863843 0.20824677601644 -0.0163315317498182 0.400278486330293
0.0954898240970542 0.159809490388241 0.120714626837357 0.199497991930468
0.157105909807296 0.0937131360042389 0.101885064313281 0.0524687117190142
0.170410733419831 0.0510168580128447 0.0476374076085074 0.00794965688427461
0.179137744592902 0.0621401173033387 -0.0320000057855672 0.00853298093045459
0.0829451714062905 0.117122373851952 -0.0928471853205157 -0.0686439446480832
-0.0245038450430978 0.137306134667745 -0.122419158906922 -0.29829480053957
-0.139320540655062 0.0533751339037094 0.132861790239553 -0.479232777994761
-0.104610752586666 -0.0444757046565253 0.53459075376066 -0.383573716920887
-0.023126600426473 -0.050454205517909 0.608395849096728 0.0582342899526537
0.000909694242889768 -0.0541252849042075 0.144244788423217 0.0826855225057783
0.0960387232964078 -0.0882830942074353 -0.1812440801376 0.0365849275494149
0.0633676436334166 -0.210172194896112 -0.499860448924182 -0.0969888371883126
-0.178333885108985 -0.174620554290924 -0.573884451021648 0.208394232887082
-0.222543763701129 0.0536687776709785 -0.33584542071145 0.472463806833577
-0.043011250641336 0.18478451538626 0.0141845087852739 0.433696121147556
0.0920831772386839 0.132533065002029 0.174139786591092 0.229457531446181
0.134181885109087 0.075277567052656 0.173674331460647 0.067600991499494
0.142034181506843 0.0347592751573821 0.117316256809153 0.0139886299481634
0.142770354201861 0.0409183910444118 0.0186996321544105 0.0227932198615318
0.0638484098166408 0.0723833620498568 -0.0785793496033969 -0.0627759049867108
-0.00186918287573514 0.0724398444104856 -0.115074072251885 -0.322436381521099
-0.0441131900016041 0.0326517150525187 0.202908148479144 -0.509942196015476
-0.0273173247376727 0.0222110961535072 0.646316866184149 -0.334714561172689
-0.0255506405246947 0.036198727343182 0.648496434349664 0.173280172470239
-0.0267525351772456 -0.0038338167913 0.141750276049224 0.135477217797356
0.0661674808911494 -0.042281673673736 -0.184503291066657 0.112043102006591
0.051484254160283 -0.12301413072411 -0.443435497924436 -0.00138791252066384
-0.106106373886099 -0.106134554564373 -0.515875972815861 0.233411215397623
-0.128305868497982 0.0325977376030225 -0.303957375254366 0.482174314747456
-0.0289183424803893 0.110062052031255 0.0502611527456719 0.461780886378188
0.0516623044129606 0.0849363696785965 0.227554252568467 0.247079561341299
0.0806189438085661 0.0476171061729292 0.234071674901544 0.0758496604544471
0.0909523614471639 0.0147682271526576 0.169155468119641 0.0195537647695887
0.0943399300664279 0.0155232407670687 0.0529550177425561 0.0281472003480426
0.0535235094798101 0.0256685039286507 -0.0642263156782524 -0.0777522535289474
0.0382752574066379 0.031313622705182 -0.0796145206524499 -0.36138808007163
0.0298093061772601 0.0568379463451301 0.305541496780282 -0.511637010692864
-0.00881606233764885 0.0914347326891721 0.742931624769596 -0.23255416617147
-0.0570350190135742 0.0752688896925878 0.649483816979556 0.289673027945887
-0.0462556264787306 0.0203595068135784 0.14298932821236 0.166069100873866
0.0313576640203064 -0.019420206009226 -0.140936704267038 -0.183279212070195
0.0831977591656625 -0.0775866303913638 -0.672805376039988 -0.362691394559499
-0.0248901997099461 -0.162793787503955 -0.825236286555706 0.252509704421059
-0.112481510775072 -0.10208258202307 -0.362908169236226 0.604288074238723
-0.126519371218683 0.0135416393016357 0.109397051226632 0.410112943448757
-0.069369278527382 0.0462808875292657 0.128298761108302 0.0743897645706264
-0.0355735675010634 0.0385696887162571 -0.0387220073496403 -0.0227745046138082
-0.023535064247754 0.0254605425149337 -0.167925797922906 0.0100615926498055
-0.0145509333547885 0.0145773184107787 -0.242823269050808 -0.0162511353779666
-0.0295143702595277 -0.00568732019152426 -0.247703424815949 -0.180337648158882
-0.0127250082361324 -0.0100112966466316 -0.163750851572927 -0.422386178168834
0.0169275555354337 0.0123225653753541 0.135691114997549 -0.506372409566343
-0.0212254711084351 0.042703535399458 0.404927714153434 -0.341590166785036
-0.063413098381914 0.0263078702987739 0.389786724832181 -0.13009270082982
-0.0536911252416291 -0.0080280635161895 0.160297357098733 -0.205995908916733
0.0221578632139284 -0.00446356459922659 -0.128812683656507 -0.187372757086902
0.100249661906611 -0.0429765147036454 -0.650428884451494 -0.41136456430677
-0.00936266251549489 -0.164742652383613 -0.843662648548128 0.179378122071171
-0.12869054694965 -0.114198648035549 -0.414989708702122 0.56426806609508
-0.138041668404395 0.0326197896832729 0.0572295767990233 0.408502810157758
-0.0445755443940373 0.070548855146493 0.0988562215754142 0.0922272382637387
0.0212915330724138 0.0495305821023253 -0.0500175886942027 -0.0133117752601997
0.0437027422547843 0.0276003021346413 -0.168292528693284 0.0138686833790087
0.0685919104986454 0.0221002917609042 -0.247011296064057 -0.00732596984566444
0.043572566872747 0.0428761193051719 -0.247555495056904 -0.162249808680352
0.0202963272133483 0.0831686686017957 -0.17684958956086 -0.401507242090889
-0.0586351383294668 0.10672186015889 0.103860292854104 -0.493945703083331
-0.137033547156705 0.0375178133063144 0.369812705040179 -0.361637300701041
-0.110798615320512 -0.0618803974687534 0.376331725807804 -0.15798351534988
-0.0335875118550825 -0.0848590321447311 0.145126509581994 -0.201712474823946
0.0286600868550165 -0.00343382648230039 -0.119165071624257 -0.186806160699441
0.113198907774924 -0.0482781389718454 -0.639153069393152 -0.414794046548393
-0.028102431266546 -0.175359352874077 -0.82895099456238 0.160731064028583
-0.163089330421896 -0.0964489801856306 -0.418164762426379 0.533508091125056
-0.131754483692625 0.0732290486808962 0.0263760506577423 0.389689026769649
-0.00474562000346857 0.096284350729482 0.0779893779685753 0.106360790553862
0.0795509019102942 0.0575002451581251 -0.0455805473052786 -0.00132933065153368
0.105089623116826 0.029299657798683 -0.142119317424609 0.0154407730704697
0.140069392885441 0.0275979535388635 -0.217348400106414 -0.00169612557047129
0.102243144341707 0.0844432658482762 -0.220201084180007 -0.1382045839982
0.0412618693880804 0.159309267646712 -0.174037152109659 -0.366634140749865
-0.123621544240714 0.176302975309561 0.0778292449302996 -0.475368223861392
-0.224157284416591 0.0280555844501841 0.351531940544697 -0.381778624826497
-0.140039216859382 -0.126189503938974 0.394900946701135 -0.162052079589085
-0.0167285026497146 -0.136178632102061 0.138277677974099 -0.157509544575397
0.0527180898530772 -0.0300334895188026 -0.123800453157902 -0.165141958499838
0.116438624641229 -0.11117001172053 -0.632717920997608 -0.357732706104187
-0.0885061767218731 -0.201231950379355 -0.772131496183815 0.190041197966862
-0.219252606640355 -0.0484599230264792 -0.37968228884065 0.516729354004263
-0.11091804149969 0.135396558378648 0.0172315876470826 0.371010336277792
0.0472288946199822 0.12088509404886 0.075378637858784 0.122237313837088
0.131521578588633 0.062153857277939 -0.0185696500835322 0.0113391965650499
0.149961648609457 0.0287311741251739 -0.0926852464728324 0.0133773275354046
0.185995849423071 0.0304703782330884 -0.161622196819368 0.00261847938973869
0.131245354409655 0.112997919485082 -0.175184982108085 -0.10910037206971
0.0384943219311428 0.199110051623907 -0.165428198395887 -0.323730439724869
-0.170965091547802 0.191306753566068 0.0578555487851303 -0.458837929170137
-0.253661387870977 0.00162216171465292 0.354438483056508 -0.407528214982875
-0.129806747095217 -0.149303091674628 0.449570645839062 -0.146072143222096
-0.00533602166824054 -0.14489113524206 0.13836151742087 -0.0867638650501332
0.0755075045137969 -0.0729603596729627 -0.141393262144539 -0.109262270156814
0.0896550083577909 -0.194951102663918 -0.610484478424989 -0.249973369642205
-0.171012722009011 -0.211032217643449 -0.685027240431221 0.23432627821126
-0.263864852943503 0.0219606394645464 -0.326342941761156 0.503889821813863
-0.0745639237983884 0.194447178638741 0.0243575602624745 0.368746406809241
0.0966845794018187 0.136202555481455 0.0973617058973934 0.145203339712438
0.166669819221912 0.0623296941854922 0.0308892905999633 0.0231143867392379
0.172817301276547 0.024115938485017 -0.0271909848739641 0.00888372889794095
0.197736978800678 0.0290016911636819 -0.0950093255558051 0.00798560842255847
0.125508433759736 0.117730687948195 -0.131494318689559 -0.0782155629915422
0.014377218989366 0.187714017781877 -0.162409501816859 -0.285777263818831
-0.178204065362748 0.145225737501794 0.0470279287860061 -0.46089625393729
-0.208378898106478 -0.0280845739619203 0.39089466198148 -0.436704518397208
-0.084184924901863 -0.118836743649839 0.526716878190536 -0.101687103071946
-0.00306921244245208 -0.108447506456986 0.145457695366979 -0.0063795948473477
0.0820973321828398 -0.10427224350535 -0.159269685413362 -0.023594418873245
0.0423023618585956 -0.236686908121391 -0.562418054426731 -0.119516779451599
-0.223080685776091 -0.180772598794622 -0.589780229522102 0.270333049072808
-0.25938985027177 0.0856078309286422 -0.276268480651704 0.501383357134815
-0.0308294324055478 0.218900800503376 0.044544575088941 0.385884095830862
0.12502329311783 0.132902980732605 0.140936441123021 0.170657281587069
0.17354493666816 0.0564137263136391 0.0974329709422376 0.0295993105545249
0.168778665884955 0.0153497921218274 0.0437392455994572 0.00103901956778524
0.180772994893323 0.0211527144841716 -0.0323252652516093 0.0136408735284591
0.0994053688758936 0.0953611849154131 -0.103366172605418 -0.0564176711812449
-0.00172268000325864 0.131862833845335 -0.167644478496866 -0.275573696387181
-0.12680443938071 0.0752307438211398 0.0643926134273917 -0.491270231486131
-0.112154987668789 -0.024339184900044 0.471414819040159 -0.453539879718159
-0.0374191016804033 -0.0421819569701484 0.608116646757461 -0.0251490222591089
-0.0140946959643446 -0.0485198284962526 0.153350372213816 0.064422215545515
0.0698328678225358 -0.0983472210862537 -0.166128334093334 0.0695036946209973
0.00862807446878142 -0.208455676572714 -0.49248588971733 -0.00250640521471478
-0.208686213656086 -0.122931065988717 -0.508335914478829 0.294806444094066
-0.201469214696048 0.106546881844383 -0.240070749325351 0.505468563933529
-0.000280607529222085 0.191951543986936 0.0807363484029779 0.413973157204961
0.119313668923285 0.109162499413656 0.198178124266557 0.188995305154495
0.148778743081801 0.043548590973119 0.170187745573726 0.0297216086057551
0.140778641867571 0.00437407697248407 0.109860668942575 -0.00632368360606573
0.144064868488012 0.00691758399543637 0.0176022853523518 0.0169106052166365
0.0742539223281434 0.055379258976466 -0.0888210807731089 -0.0549650023161505
0.0103730572063125 0.0670619229374012 -0.162733158373003 -0.301753764575543
-0.0385926385804158 0.0398302968350534 0.127881684900773 -0.531444352392638
-0.0281147996767597 0.0267982420427324 0.588731466768312 -0.422030877802762
-0.0268655089676789 0.0399786792586619 0.667468676079986 0.0824437500378019
-0.0333593360162667 0.00340236070494859 0.160970482232159 0.114922262316075
0.0518386413786808 -0.0481871994129585 -0.157126573728251 0.14049326285724
0.0163184125498356 -0.123214727220449 -0.423999121561647 0.0789463341755529
-0.125412584605406 -0.0716082945283225 -0.449878852545005 0.312540299260561
-0.115339119103081 0.0682033384684207 -0.208247159889477 0.513689218154026
-0.000261891362846566 0.119421477334462 0.124417868652502 0.435332434898187
0.0750812078365594 0.0718036781673113 0.254184162454756 0.194199284116734
0.0936462575202638 0.0268487597833975 0.231458789081981 0.025355138499392
0.090299973295429 -0.00591778889614678 0.160708513870584 -0.0131884141772681
0.0946920441216847 -0.00716139261346716 0.051126743484926 0.013971124789105
0.0570981398377456 0.0133212988485762 -0.0769730864192683 -0.0731624305271004
0.041643678360083 0.0228765089147039 -0.132258556578469 -0.345137319048257
0.034456218132443 0.0512556547750123 0.229441709070241 -0.547272603810998
-0.00151298981929842 0.0874598792244024 0.699444584483324 -0.334770038521631
-0.0512116349718978 0.0793636149097935 0.685178203331865 0.197270465635816
-0.046076075874603 0.0278718198075498 0.169520636385989 0.14426327365238
0.0305639037819406 -0.0219152058741361 -0.150439523425423 -0.16882483265287
0.0782887272439489 -0.0808059693044706 -0.667515421738306 -0.323058700289369
-0.0305278291125029 -0.157879482057275 -0.790241669568505 0.278570470997018
-0.11322221863232 -0.0974993550997251 -0.329624300574406 0.608838171949846
-0.123073312855004 0.0202321924198438 0.124599643371881 0.399390826157581
-0.0650544176557342 0.0488008580317736 0.127304459294441 0.0722060529616957
-0.0332654263135195 0.0399684442290249 -0.0349756479928022 -0.0154799517254169
-0.0222749744006617 0.026320084385762 -0.154961196998398 0.0230963745587249
-0.0142559473849408 0.0146501610348214 -0.229414358900091 0.00228002471715857
-0.0295241553895544 -0.00278422700794222 -0.245636000075724 -0.155782823358404
-0.0137248094126169 -0.0084513023816854 -0.181932559167113 -0.394847952896476
0.0149641887352493 0.00836865563873308 0.103670563241247 -0.49265216376543
-0.0194212070168494 0.0405033640775331 0.37373346076803 -0.351358844851461
-0.0592964524633959 0.0287033386732781 0.371326657080553 -0.144810942471975
-0.0486616581529067 -0.00448638175741579 0.143632352527898 -0.207328748192443
0.0191204678229989 -0.00478969140215253 -0.138281031057181 -0.173804918215121
0.0945300898220656 -0.0443355063795443 -0.648299850112977 -0.37214876938723
-0.0137994482483244 -0.156593715122528 -0.811933546578436 0.208336511571047
-0.125326151076866 -0.107205554098392 -0.380804126508735 0.571286282366131
-0.130896759564064 0.0352289513501731 0.073622268653501 0.399982426947492
-0.0406329018535779 0.0677371306214424 0.0994066419453287 0.0910324346470205
0.0206630392691157 0.0444713469611853 -0.0465808921623131 -0.00491076986345309
0.0415590546540387 0.0235465818416699 -0.156618044230104 0.0275349705580684
0.063924627070074 0.0152223533460551 -0.232934936757845 0.0124307473140767
0.0423852491345227 0.0387212058341888 -0.24472963629789 -0.139035170882577
0.0231764572483226 0.07789284348265 -0.19341006984498 -0.373320695677114
-0.0516659548647703 0.103350099203398 0.0733724586523012 -0.479487551450189
-0.130050225313218 0.0426713125260133 0.339279281645313 -0.369851224488954
-0.109467182128605 -0.0525653007130568 0.357351549040103 -0.169538736026453
-0.0351711707040627 -0.0788056438010111 0.128888199594093 -0.201320410264035
0.0230403655494801 -0.00189761521970224 -0.127771458170528 -0.175188256814223
0.10571347892344 -0.0467953609784226 -0.637776693643549 -0.376668886755547
-0.0304246585647279 -0.162972142557452 -0.798177764079891 0.188489377643799
-0.154567011259774 -0.0869883531531205 -0.383283842759175 0.542474950193218
-0.121083362367119 0.072444577682963 0.0431297113627653 0.382480677476551
-0.000715396883806176 0.0873308745984709 0.0794454871841599 0.104181862727706
0.0770663491081067 0.0463836404823176 -0.0425510455279267 0.00570449031047386
0.09891998826003 0.0191157614022012 -0.132125922625687 0.0265266841653995
0.131274482104148 0.0146630786817809 -0.204752455576836 0.0159772983373443
0.10088486670435 0.0738231585455452 -0.216855906989953 -0.11838849669941
0.0486406760958525 0.148608155054419 -0.189040947369349 -0.341095341532121
-0.1098187062814 0.173138954647777 0.048956134498411 -0.460598582050111
-0.212553759123523 0.0382415049453048 0.321008714150111 -0.388023441075959
-0.140827494718867 -0.111001365814851 0.375855474624316 -0.175874548321841
-0.0235718380416633 -0.127591749345988 0.125077077320475 -0.157002754898557
0.0450818498020322 -0.02767915451138 -0.129282165217143 -0.155529079450512
0.104738311569901 -0.107050762275955 -0.630083853341892 -0.322248140278054
-0.089612511494269 -0.184521397379232 -0.742405001302338 0.21722741193661
-0.206135103974803 -0.0375924179702305 -0.345092990978462 0.524103999230321
-0.0967079585448152 0.129979372850122 0.0347018209692599 0.362634599727669
0.0509202022734626 0.107108639140896 0.0782943505189599 0.117220424952197
0.127120420742474 0.0472240433919029 -0.0173748471376055 0.0154781070782083
0.142045364748148 0.0148594034591055 -0.0863119759232503 0.0210425732382606
0.174346275560556 0.0135435533826948 -0.152734088394488 0.0157820426202938
0.130110145085014 0.0981636468980124 -0.172233193959884 -0.0933394799451891
0.0469449320612107 0.18548884134935 -0.178936126229993 -0.300445790908165
-0.152566000642543 0.190004349378233 0.030173231003123 -0.444560632859858
-0.240561049386161 0.0157097271350882 0.323547870889387 -0.412482322281541
-0.132401020611662 -0.131769419600537 0.43018388194955 -0.161962568894366
-0.015406927726555 -0.135487846791767 0.130220152233233 -0.0884322064136523
0.0649273582913211 -0.0704527560627321 -0.142549549534173 -0.101549038174012
0.0748691839718015 -0.187248865209742 -0.602881587959366 -0.215995850349807
-0.169885553520033 -0.19013961096139 -0.655095793736219 0.258338076356554
-0.246215410143439 0.0334753889053653 -0.291221548614964 0.508502141825196
-0.0582162879448771 0.185693353983178 0.0422035322881968 0.357547078523553
0.0997334968125349 0.119320990836161 0.100239071689642 0.135666702330415
0.161635667898964 0.0450823279248198 0.0296604287799093 0.0211361358600259
0.163545365784359 0.00896580913505137 -0.0257527697009095 0.0112111047512936
0.185818392572746 0.0105413799563088 -0.0901865287483398 0.0157101450644424
0.125328116528346 0.101817480535654 -0.130404426955561 -0.0674349494931993
0.0243505940723759 0.174196945394924 -0.17441497327759 -0.26624113472391
-0.159465562270382 0.145601519528436 0.0202992337565745 -0.448138453248359
-0.196172386275715 -0.0135123201463798 0.357676161828736 -0.44358032230865
-0.0860647961699515 -0.102697131443416 0.507117676564288 -0.122119889768246
-0.0128830716382405 -0.0988438934413069 0.141934371934757 -0.0109888601200002
0.0699549234346441 -0.101501415139132 -0.154849352606685 -0.0178586464119716
0.0270007876531176 -0.227671265543362 -0.54917501467694 -0.0914848880260284
-0.219652347860041 -0.159975637238856 -0.560198444683471 0.289293657866136
-0.24035616143485 0.0955495714871263 -0.240954650166092 0.501045660570943
-0.0153197605341198 0.208037603080972 0.0631402168045023 0.371698561625659
0.127869049561101 0.115225284025963 0.143861775267734 0.155451716402826
0.169433904033209 0.0395931357473504 0.092816469919681 0.0214413642081017
0.160194430991095 0.000691813053532455 0.0398453577306797 -0.00148410800649559
0.169803781821804 0.00327628864579785 -0.031491020414077 0.0155283636092836
0.0994913525139943 0.081172682706978 -0.103049638476274 -0.0504812143370532
0.00664717066179015 0.121141140568363 -0.179355380641062 -0.258467850093478
-0.112088620698975 0.0768963278632564 0.0357195298281468 -0.479763584547168
-0.103192447543798 -0.0129298087081039 0.437929783565702 -0.462122180983678
-0.0387741171518299 -0.0294344027803439 0.59065335317066 -0.0506639859228221
-0.0221149902291827 -0.0402806661752659 0.154840129795288 0.056838973789007
0.0593602961426691 -0.0962112239372041 -0.156478110505416 0.0729735169247415
-0.00476397808391025 -0.199757438809354 -0.475162384317262 0.0201469277253466
-0.204760550102753 -0.106790661596437 -0.478209636336538 0.309840121121047
-0.185101481425611 0.113797511201282 -0.206102613676505 0.502285040113506
0.0119345005819783 0.182540764260534 0.100482987253909 0.395076533061038
0.12154673080166 0.0942628954946773 0.198932879297 0.16886751722374
0.146091498996524 0.0294050762844156 0.161526016083453 0.0155062296323865
0.133531018364606 -0.00802920401500568 0.101301767219237 -0.0149222639191607
0.135293762434513 -0.00710652655258668 0.0144137307238037 0.0127774317368401
0.0742094348919099 0.0438864421361674 -0.0903398845325665 -0.0525581199105581
0.0164859991390344 0.0586255882439896 -0.175883150546611 -0.286859847356799
-0.028413884049139 0.0400905389828124 0.0993380086785444 -0.522978657439194
-0.0217181002976791 0.0338377487731138 0.555478237209843 -0.436642576528568
-0.0265757230363818 0.049152672191856 0.652072567429439 0.0516902563780815
-0.0386589359342827 0.00950753407981156 0.166949441755768 0.105530672633063
0.044856585282658 -0.0478881775612881 -0.144076054098433 0.142016995865954
0.00749247473882628 -0.119141390648429 -0.40472470769482 0.095629997010056
-0.123027220386469 -0.0618433039167225 -0.420491848909686 0.324457510119142
-0.105239059041594 0.0726221822469772 -0.17382236780198 0.509113472451965
0.00811673515293336 0.114648713534064 0.143869321974187 0.412040825079682
0.0777990356152375 0.061656261153023 0.252468139931633 0.169352064525817
0.0926694167212545 0.0185596798436518 0.220091929796096 0.00718960838699671
0.0854368418008251 -0.0130210328440919 0.149125569808974 -0.0253979766484511
0.0892662606089237 -0.01623030666321 0.0455174566689318 0.00579564620859377
0.0568285804030795 0.00711072237363101 -0.0798272939580942 -0.0727347041679636
0.0441849177465037 0.0179889975992236 -0.146828060211222 -0.331375132206058
0.0403212243238494 0.0485082504357221 0.197301263535455 -0.543229191882999
0.00384986350092937 0.0898623480968566 0.665895078040903 -0.355109474326136
-0.0485790104491066 0.0851048504241712 0.676241493191375 0.163861021152229
-0.0475251491946331 0.0311937004845369 0.177478760300382 0.133340909312141
0.0300279391637863 -0.0240714442195433 -0.155241288968014 -0.158387850964429
0.0756769128532615 -0.0818518363018209 -0.658113129091169 -0.3027280972128
-0.0325603096428163 -0.154014571667626 -0.768021573029965 0.285335974297373
-0.112699170984699 -0.0968414018582929 -0.312166627614934 0.607906510533377
-0.120705812315353 0.0232361287161936 0.132251104379247 0.392704180848315
-0.0628826756483856 0.049715018856375 0.126054967553893 0.0732333497516367
-0.0317484469084151 0.0407914244887019 -0.0309250550454848 -0.00971858319555543
-0.0212847929486734 0.0274341944861136 -0.143899630833719 0.0306916107812104
-0.0144847312673446 0.0146037715234012 -0.216164640389742 0.0143371854125077
-0.0297451370697898 -0.000560361673601443 -0.240044679473332 -0.139431966589855
-0.0146943646416833 -0.00783666740114036 -0.188158426038428 -0.373117902727587
0.0125381140654183 0.00485557164199609 0.0851674074773407 -0.478747564692878
-0.0186519349166551 0.038801673802134 0.352627619255089 -0.352947339075618
-0.0552423899258049 0.029952165756024 0.357069392222 -0.151555204505055
-0.0442410530996792 -0.00339943530282525 0.13382416063683 -0.20433481730213
0.0167049549741371 -0.00418197490729575 -0.142966953904747 -0.164587018366854
0.0903774476367465 -0.0425278692176602 -0.639600660016071 -0.351957378651047
-0.0137230462098994 -0.150342219411223 -0.79112439838384 0.216542912449466
-0.120348353292037 -0.104831432669498 -0.360640673048666 0.571481284139912
-0.126099002203108 0.0348254155497602 0.0816505152505347 0.394857749114511
-0.0395925837611783 0.0644371139032768 0.0994335600605619 0.0926600886780762
0.0190814508515166 0.0402663640100329 -0.0426120787617289 0.00169153742007706
0.0388326615260869 0.0204796329711157 -0.145012434977343 0.0351955730385238
0.0591107227484 0.0109338530445831 -0.219456019386613 0.0242610903988158
0.0411347888794957 0.0355282699025835 -0.238803579449869 -0.123258882316064
0.0234043837832346 0.0736373667110662 -0.199316170398397 -0.352943065954563
-0.0480249710768221 0.0986373432547755 0.0558751982903776 -0.46673573735022
-0.124883483071479 0.0438506693238083 0.317927169072038 -0.368827788604399
-0.105965563489667 -0.0469863296079798 0.343206379737082 -0.174376108049314
-0.0347805889610998 -0.0746869913197966 0.119701384540702 -0.197938937954355
0.0184194074238048 8.26216182907239E-05 -0.131808290855924 -0.167354421843494
0.100292403894673 -0.0419878090955441 -0.627901497533989 -0.357204382486957
-0.028455967723941 -0.152916182865213 -0.777728440891474 0.198003733958331
-0.145569240250374 -0.083578205360887 -0.364032348263983 0.541160753177347
-0.113691303995423 0.0680776266722301 0.0513790445571129 0.377263428148003
0.000253401234014228 0.0792966406964078 0.0801095724276312 0.104206964787831
0.0725001968392742 0.0383161991352973 -0.039378368790669 0.011461585265201
0.0934977766961847 0.0129770424099373 -0.123138446880907 0.0334060467065771
0.122109318535624 0.00672297273799826 -0.192631613828445 0.0268015411303634
0.0974875323927465 0.0667986607955308 -0.210662515265229 -0.104782712750201
0.0494330939797438 0.140054322272788 -0.194659622476119 -0.321540088544203
-0.100912623242725 0.168378430851937 0.0342499818979192 -0.447086133501709
-0.204113871579552 0.0430737879145126 0.301142632575867 -0.387159757309562
-0.13784067231878 -0.100771803286959 0.362542864672371 -0.179540789503714
-0.0266439023200389 -0.121286553266723 0.116838841329155 -0.154771355284614
0.0380001660909257 -0.0248277110686249 -0.131208760529368 -0.149698088627983
0.097489181049055 -0.0994714513712722 -0.619167938012028 -0.303809442678719
-0.0860093962300673 -0.171304346706755 -0.723730014310224 0.225421312369211
-0.193190836608494 -0.0337024380775384 -0.323943245703541 0.522260733796473
-0.0871418647718872 0.122211941805839 0.0429504474699304 0.355870711576327
0.0509204426377611 0.0953425986681764 0.0786533538439187 0.114575048682238
0.121367585440552 0.0359106870637998 -0.0162020135150966 0.0184592229410811
0.134264388880896 0.00627033791646301 -0.08078415318011 0.0257648626621038
0.16320588482698 0.00359212786468886 -0.143615065685834 0.0242038303029833
0.125618063889302 0.0875313465962713 -0.167660518367817 -0.0834001115197615
0.0497542304031516 0.174149940105943 -0.183325734138388 -0.28299092270565
-0.139910526366322 0.184756999880827 0.0157065709879109 -0.431521475745434
-0.228785805833954 0.0231321038568388 0.303874546106016 -0.412286682332784
-0.129734052933114 -0.118821197468499 0.417332263745368 -0.165376585681754
-0.0200272981906428 -0.126873159347375 0.125111210481735 -0.0872005481053565
0.0571705804287198 -0.0669299795734299 -0.142441651564293 -0.0978664013221216
0.0659469473401148 -0.177864824463769 -0.591845583293282 -0.200689885972445
-0.164187679532524 -0.17591072068699 -0.635067270451576 0.265277958756569
-0.230989007016078 0.0375207743357716 -0.27022522810358 0.505340601686873
-0.0484207917739363 0.175429608259319 0.0509787847288099 0.34837514541609
0.0992546660498124 0.105423741672882 0.100203722660342 0.128780934384988
0.155180502279095 0.0330260267275602 0.0282489510889777 0.020451646597957
0.154960892370569 -0.00122269666187173 -0.024612459691291 0.0128834736125999
0.173603745770376 -0.00104578402051674 -0.085656247729657 0.0202981954629269
0.121165100755257 0.0900706998908033 -0.126867914028678 -0.0615120602677505
0.0282289176204781 0.162438508619793 -0.179341676815537 -0.251728822241233
-0.145740970607091 0.142452167576221 0.0063323180905402 -0.436180929955193
-0.185216047828729 -0.00479707432745698 0.33848799651887 -0.443967432068772
-0.0849235268801175 -0.0892219011753463 0.49359348920687 -0.127999689671596
-0.0192941106139405 -0.090637849393714 0.139791350360567 -0.0116117716910115
0.061705426007366 -0.0972445777240742 -0.151002788788512 -0.0165910324121816
0.0187806363440191 -0.216884890633526 -0.536528724954115 -0.0785310584704541
-0.213132956415466 -0.146214659016277 -0.539307578796982 0.295762096071531
-0.225326170874386 0.098390271232694 -0.218963961601892 0.496069461860387
-0.00659842308122897 0.197742685551605 0.0728662866291915 0.359471815559058
0.126422953724984 0.10208344730099 0.142826618937877 0.14524624859181
0.163935986973288 0.0280445195409404 0.0879676695269295 0.0165974605044393
0.151735645834063 -0.00871623980757956 0.0362490831724304 -0.00334080267480832
0.15807764133229 -0.00799614236969211 -0.0312666396807803 0.0160812947268105
0.0962968578152549 0.0696368904681435 -0.101346459486016 -0.0478708984465531
0.0108653237582882 0.111020550070608 -0.184426986262768 -0.246202636331195
-0.0996355575946759 0.0752288974480378 0.021687382856412 -0.469831085705132
-0.0938433629239191 -0.00466256877771681 0.417101348086253 -0.462444308206152
-0.0376076871017764 -0.0180430195827527 0.577498869845718 -0.060703409724631
-0.0279838073013778 -0.0335295864204729 0.155572581777185 0.0537368028351392
0.0523564804894064 -0.0922333794735691 -0.150228968831516 0.0722194490203443
-0.0118792846164694 -0.190963068538666 -0.460783544221989 0.0289110095219755
-0.19852705071885 -0.0952983212155549 -0.457893379418879 0.313462013761353
-0.172886685434286 0.116144260167716 -0.180507179555554 0.49611018654252
0.0194584309419162 0.174157630253062 0.109412004493439 0.380192333605676
0.120406473240698 0.0829422968122155 0.195730361864762 0.154746351042232
0.141814191329991 0.0204794219658268 0.153707277349722 0.00706283050307507
0.126539990404106 -0.0156523820864037 0.0938490845781733 -0.019910779727071
0.126391060012412 -0.0166544195485621 0.0112015469069578 0.00991748488068997
0.072012566810809 0.0344626705737861 -0.0909267839272369 -0.0523944879126754
0.0200270619372902 0.0510071347258955 -0.181114920041217 -0.276095192269494
-0.0198718614717394 0.0387021700921816 0.0841970544220337 -0.513645619604769
-0.0151569608209104 0.0398450993738086 0.534987599093537 -0.439357404553709
-0.0251296951439213 0.0573298232221726 0.638830121039765 0.0387319587515052
-0.0432231088467318 0.0142979711546634 0.169881400178563 0.100822789238434
0.040022514135294 -0.0463489115368699 -0.135203589267018 0.139883006652024
0.00229955772255031 -0.114336556805334 -0.390064918384988 0.100919654676549
-0.120218192678386 -0.055569435157551 -0.401224195964281 0.325872765329638
-0.0973013936592481 0.0738369119513028 -0.151168491792448 0.502520321500963
0.0132167991888251 0.110010711543105 0.152048919869875 0.394307643196102
0.0776037266811899 0.0546434481255503 0.247569435613941 0.152358027440769
0.0907060234634735 0.0123071505752979 0.209512639487777 -0.00460765827759274
0.0812285716990783 -0.0178554789289755 0.138916261008464 -0.03319222163358
0.0837158986269796 -0.0225499249131688 0.0400557156578481 0.000132448709783105
0.0554388006265333 0.000919606436875136 -0.082466620704721 -0.0741588722135481
0.046494040006228 0.0134475351606587 -0.152841833871832 -0.322617586977617
0.0448114067973976 0.0476102205074744 0.182540159968669 -0.5351469157797
0.00712027431193979 0.0930455924957827 0.645193291600215 -0.359752108149341
-0.0472282732156239 0.0899750129099748 0.662627791945209 0.148254680194581
-0.0502199616366193 0.0328967848339535 0.182313137750536 0.126951684931149
0.0301097777017117 -0.025476049397871 -0.160189947578529 -0.153149006260688
0.0755265496346176 -0.0828867283753695 -0.656218698498021 -0.297104772210632
-0.0331998744890524 -0.153679268933619 -0.764006076892192 0.289158313850134
-0.113792338326185 -0.0990370231570091 -0.304649009590835 0.613221937101772
-0.120687984268101 0.0253723073648179 0.137228047982326 0.395080928697766
-0.0622115404266681 0.0512116957160159 0.127227412316738 0.076683439928603
-0.0313119441664959 0.0418391464120041 -0.0268127339177551 -0.00469062070372843
-0.0208567521013382 0.0285299510182434 -0.134845135324065 0.0362818802913646
-0.0150563422906432 0.0145475844157082 -0.207292744834662 0.0219832108647281
-0.0303182068080671 0.000709678678162505 -0.235960941415213 -0.129883656401898
-0.0162083603056779 -0.00744492941945956 -0.193287035359254 -0.361149207466684
0.00987168433876466 0.00273510958226218 0.0759095143301144 -0.471382532962912
-0.0192763503268146 0.0373302996310594 0.343076428950777 -0.354919561358017
-0.0526939892791338 0.0298375343671887 0.350818319578476 -0.152816960651298
-0.0402230631179513 -0.00386092676902497 0.128584277985271 -0.203408564027786
0.0138829037711795 -0.00369990108080675 -0.147842378776961 -0.16046496813198
0.0896197014300321 -0.0401943270781696 -0.638447999948199 -0.347402241911374
-0.0117092629834121 -0.14613402764239 -0.787748614693996 0.219207034246225
-0.117173955208046 -0.106130413363097 -0.353993780463552 0.577365716980497
-0.124181287481476 0.0330659818076223 0.0865725644707198 0.397437082453357
-0.039821053099563 0.0618079301452778 0.100418169305768 0.0965838743473283
0.0174869920269378 0.0383950947939257 -0.0387406016748335 0.00717618639865034
0.0365263478387422 0.0182262573328121 -0.137258686671736 0.0410025858570294
0.0553551789115397 0.00859701864909559 -0.209959542568362 0.0322362651950392
0.0393685376754103 0.0341795860636503 -0.233990947488904 -0.113814144862921
0.0233855323492483 0.0706349411810824 -0.202806619849879 -0.3417321880978
-0.0476646746012936 0.0957620880439718 0.0469342994867761 -0.458418754907193
-0.12329792731802 0.0447562759328636 0.310353532103626 -0.369951559304482
-0.10409863768747 -0.0438153250966848 0.337204889297745 -0.1758061032329
-0.0336331209168919 -0.0731124769179315 0.114757830619754 -0.196676392669375
0.0140367829052178 0.00241517275400259 -0.135519200195465 -0.165217599407963
0.0980675011462656 -0.0371215408864268 -0.62837869240098 -0.353777831330255
-0.0248651434254232 -0.146439405978226 -0.775179374150004 0.200869170146787
-0.138101842290931 -0.0842746379298948 -0.356934009123744 0.546396149108229
-0.11055209131067 0.0636959575920097 0.0575518100324747 0.379515339957739
-0.00054291580971378 0.0736115375832807 0.0811492258350155 0.107127426184747
0.0691171764609346 0.0328799626523577 -0.0365443819470092 0.0168059914266141
0.0890112915520129 0.00821103043096615 -0.116988599229919 0.0383587465174509
0.11597762068516 0.00237366773963918 -0.184331716349698 0.0346102490624187
0.0948910059180378 0.0622540792505827 -0.206643590993157 -0.0972002299942048
0.0501371857841193 0.134520432611937 -0.198185460272414 -0.311051827700063
-0.0969861930560804 0.165098595935519 0.0257140634811412 -0.439467437363359
-0.199599851799088 0.0459643381851481 0.294587432977682 -0.388227218703115
-0.135206087622244 -0.0947305798144204 0.357318980631523 -0.183153691493735
-0.0285443834510526 -0.117711355010238 0.11384348189956 -0.153137408568403
0.0324662740586526 -0.0214061050409777 -0.133696084461208 -0.149036395336688
0.0940034915123478 -0.0920252933426248 -0.618124368957467 -0.301142282225318
-0.0808521787951803 -0.163135336697934 -0.720296704444051 0.229962676127486
-0.18373283955566 -0.0326127106094765 -0.313160346061004 0.52534951118872
-0.0822691743784414 0.115993575272441 0.0498706407759292 0.356087963850728
0.0494294067796525 0.0872846235530912 0.0798361655100502 0.115058528388952
0.117255757069843 0.0283561009495224 -0.0146139663359878 0.021625903108348
0.128749327273635 -0.000606424345607197 -0.077080810198203 0.0296117286536061
0.154200982540835 -0.00313794206805181 -0.137147489564748 0.0303952205081108
0.122476740530804 0.0812395596387629 -0.164439175583834 -0.0778135505702625
0.0507391192564373 0.166496702575231 -0.188033734313023 -0.274396396459489
-0.132742029422315 0.1816148411094 0.00819904831648612 -0.426677229702916
-0.222174584408277 0.0270809306470481 0.296964163590865 -0.413863532086773
-0.126641025596676 -0.110144037486202 0.41239089057785 -0.169532695085039
-0.0244052572741145 -0.121924540290348 0.123523569906315 -0.0857517783662893
0.050762009520553 -0.0633094101655949 -0.143381250867251 -0.0983289599140294
0.0624726456406707 -0.170553505620983 -0.589089943329219 -0.199188109015442
-0.159226926576752 -0.166774209216343 -0.631382484536687 0.270571285003052
-0.220855225739616 0.0384700156271619 -0.257528488975804 0.508532236186607
-0.042745871465154 0.168740229942648 0.0579050271140352 0.345973043660255
0.0974501917623062 0.0959124351219842 0.100199677296383 0.125978322327025
0.150656175003536 0.024053551946139 0.0270240992891273 0.0209513267005095
0.148763138887401 -0.00832474365161053 -0.0239388057378361 0.0139669639161068
0.164014507516143 -0.00817985396810884 -0.0817670380780296 0.0238894965187432
0.11744701504676 0.0820232574592774 -0.125303146184087 -0.058818368299698
0.0297139790161921 0.154014124458895 -0.183650493727443 -0.244213533023754
-0.137435519359487 0.138484618908234 -0.00102533749252522 -0.431795588843281
-0.17709269322564 0.000506992435441653 0.331264553148012 -0.447325584046624
-0.0822369044845025 -0.0793382457937435 0.49092934975507 -0.13099216670698
-0.0245722663081668 -0.0849549302222817 0.140395687460071 -0.011232904918577
0.0562187945608797 -0.0944041453479285 -0.151290869858786 -0.0175550674846265
0.0143729491880916 -0.209794970762362 -0.532054799183746 -0.0763373507759815
-0.20925673204286 -0.138799120444814 -0.534043802658353 0.300658297130638
-0.216235235629339 0.0999816602023353 -0.206648024826929 0.498079283397569
-0.00145412316721723 0.191321580953929 0.0797179350032513 0.354567397636601
0.125655053235307 0.092833542061139 0.141894001628534 0.138841149650646
0.160284967043938 0.0195917667432034 0.0849229285659104 0.0140559266240151
0.145936375464063 -0.0160991637732175 0.0338190677265744 -0.00419975042735321
0.150105063390376 -0.0159706405192612 -0.0312173291915574 0.0168509460248126
0.0933614191805777 0.061874274126277 -0.102005207070495 -0.0473763049832302
0.0132418090901593 0.103166693481689 -0.189554959115652 -0.241554325833959
-0.0907367480882104 0.0726999418071674 0.0161414683802329 -0.467387138456987
-0.0868880945693261 0.00153529357813772 0.411109060488104 -0.465127867136804
-0.0353070797247355 -0.00798096593624064 0.574767287058176 -0.0636664375413942
-0.0338837219387296 -0.0278561345592448 0.15851789749122 0.0538895639495754
0.0474794627127008 -0.0900992777239167 -0.147349440351622 0.0706733804711299
-0.0156140705771267 -0.185472487638128 -0.457011215214805 0.0310545598963247
-0.195589646179605 -0.0893131739964494 -0.450925361991497 0.316783082568496
-0.164668522526322 0.117004638712114 -0.168360205495253 0.493759211858183
0.0236551234351277 0.169021869260669 0.115922699744776 0.373531859552502
0.11986032771072 0.0756685992296198 0.194269005325156 0.14608925995382
0.14006138839427 0.0135541861979857 0.147682544079338 0.00129546182480312
0.121760523560082 -0.0213395616937206 0.0885365349061835 -0.0230355543751329
0.119690537946895 -0.02377091045353 0.0085987674785955 0.00772087745695492
0.0704245519530379 0.0279934758194996 -0.0930882841309488 -0.0541518677240984
0.0225339824659425 0.0449127337221136 -0.186950090073001 -0.273484652967868
-0.0118770614746565 0.0378827126339987 0.0785561745224769 -0.513338029334772
-0.00976734267782474 0.0465077439461126 0.530814154963543 -0.44297154828536
-0.024192037643316 0.0657176693253788 0.637720466575358 0.0353328370235799
-0.0487754184166397 0.019097061652208 0.175041451879619 0.0994314337068211
0.0365429858729984 -0.0456378990979591 -0.131915496683015 0.138101006813864
-0.000691310911014941 -0.110913487973297 -0.384137178868171 0.101944519209903
-0.118625299075548 -0.0511959049059046 -0.392415134960892 0.328766557140711
-0.0927465002547218 0.0747347122649619 -0.13881084988966 0.501971012676933
0.0162941757831822 0.107955821371512 0.157945759152993 0.387656306879134
0.0776468226877081 0.0504482695230204 0.244209224064059 0.142824435467691
0.0894770174140648 0.00822816641222458 0.202089859852365 -0.0132222975249896
0.0779956773280875 -0.0215428674415751 0.131811468422051 -0.0390583525130495
0.0799532561020636 -0.0272984732360367 0.0349710790753658 -0.00437483037662437
0.055047208127063 -0.00318433180749616 -0.0855592683996347 -0.0780328316162272
0.0487241722289353 0.00997922139460755 -0.157573447243911 -0.321479052788126
0.0490671251978068 0.0474101363893178 0.179010825487073 -0.536004181127054
0.0105274051313476 0.0985385377675889 0.641589133012091 -0.364352045321292
-0.0464144282738504 0.09565923026715 0.661870582343791 0.142602024143735
-0.0542581721756879 0.035312765651366 0.189230578647465 0.124570890643487
0.0309356999308891 -0.0284320013171937 -0.169854565520201 -0.150980935055683
0.0771283301048277 -0.0864115917720897 -0.673828717207443 -0.296715906381259
-0.0352687528421714 -0.157747187753018 -0.782076430955811 0.302627389243987
-0.11917621210961 -0.1014948034645 -0.300776147414408 0.634708978181391
-0.124048239665813 0.0291527622520432 0.149377785967175 0.404977536955734
-0.063611061657845 0.0543118777726047 0.132611356978979 0.0820404864822218
-0.0307953180112729 0.0445244405367246 -0.0233507192049493 -7.11349410920695E-05
-0.0209414236687832 0.0298877507203021 -0.129704163979945 0.0433459074121658
-0.0162412942926834 0.0151917504564774 -0.202976769574504 0.0305221120842864
-0.0315022657898569 0.0023414578858162 -0.238267435662478 -0.122953914878363
-0.0175886020388054 -0.00731966418888095 -0.203853776883691 -0.358530585051023
0.00738301083511561 0.000621667676940274 0.0652737361391662 -0.478041025789066
-0.0201505398120104 0.0375972625133347 0.339657434306923 -0.366501244775072
-0.0508067132927081 0.0305057135322144 0.352463129594641 -0.162558653520402
-0.0379051093619073 -0.00475619131424204 0.125797493694612 -0.209268622516288
0.0120214771346516 -0.00308044754386651 -0.157520566131904 -0.159691511098405
0.0909425983639746 -0.0390946957861888 -0.657863194602479 -0.347938399370095
-0.0107849229669845 -0.146860948559468 -0.806232820929911 0.231033116844691
-0.118199640242152 -0.109507298284429 -0.353058670476968 0.597610416140241
-0.125885974447147 0.0343129107739909 0.0979649142445869 0.40899938627972
-0.041486634304453 0.0615470941867478 0.105598873040295 0.103063710920154
0.0155977891150956 0.0366895932435093 -0.0352430906282792 0.0134972661183468
0.0351715334895917 0.0164084031026152 -0.132499972145186 0.0485831708574593
0.0530955189126375 0.00672078159835636 -0.205060130360468 0.0422494962023077
0.0386542858848449 0.0328760233669171 -0.236041324523831 -0.10745617012183
0.0237225770944326 0.0702898222854945 -0.213889208294953 -0.337659302000268
-0.0473900957887738 0.0956928552412056 0.0375800862289363 -0.464099546083531
-0.124013048492448 0.0474388877947911 0.306074321593706 -0.382208174133115
-0.103803855821628 -0.0416480075420952 0.337756503407317 -0.185780755709312
-0.0340884040897764 -0.0736400302474968 0.111602068181236 -0.20163995909518
0.00969458391528846 0.00520230846693159 -0.144003841480717 -0.166439209686003
0.0989647833961217 -0.0319683939683777 -0.646411831193795 -0.356786086607826
-0.0220769682826954 -0.143523946477815 -0.79172042125037 0.214848034509316
-0.13606457843698 -0.0867927212854833 -0.354521236422543 0.565495952250363
-0.109574924000426 0.0616934667758068 0.0684645989172023 0.389260974376187
-0.00182380109757838 0.0701132641230134 0.0854788093561947 0.112284933214367
0.0665213542009137 0.0276864986460301 -0.0339796945664709 0.0223408554483203
0.0864223521233884 0.00304637909455569 -0.112806054051075 0.0448345568271645
0.112207198858436 -0.0024353839957305 -0.180053670987891 0.0435100712872569
0.0951831411758602 0.0591374447393715 -0.208262458346196 -0.0911930121498576
0.0524288644763646 0.132344264995148 -0.208124960209246 -0.306534636950974
-0.094349133015021 0.165961635587652 0.0160691180200459 -0.444205423088801
-0.199427753768864 0.0508659079453786 0.289318866466606 -0.40185302099458
-0.136195463154927 -0.0910136254500623 0.358210314387887 -0.190850677047851
-0.0314547406222173 -0.117292580388193 0.112219967686601 -0.156733538375311
0.0270045043788413 -0.0183144310108844 -0.141274837836996 -0.151406847915134
0.0940696323433143 -0.0873055614911082 -0.636603101649591 -0.303745341121361
-0.0789580696573878 -0.158643868895121 -0.732802896025139 0.245764864422714
-0.179473715485213 -0.0324905047095527 -0.308389602357503 0.544307599586536
-0.0798026658662566 0.113361747502113 0.0597715057335192 0.363673501606535
0.0495459310373199 0.0814078255738247 0.083075845682165 0.117277485917225
0.115475371778759 0.0205679682517061 -0.0133070571867023 0.025093418498493
0.125949472268296 -0.00731117794347658 -0.0748697825632457 0.0337585713398701
0.149209666570932 -0.00994656831204014 -0.133433796746533 0.0376972561587988
0.122283605522207 0.0763099678949379 -0.166120117656607 -0.0741039816868398
0.0540440601997299 0.163507941021401 -0.197635635210104 -0.269717880053154
-0.128730560021227 0.183089133268352 -0.000835553916891178 -0.431379774624117
-0.220376931112929 0.0332148471838354 0.292872155939814 -0.42969016733927
-0.127366888905989 -0.104893476529121 0.415034098264359 -0.177978722976057
-0.0298155146385961 -0.119931661475486 0.124495651224245 -0.0883111387593408
0.0452943691809234 -0.0612314854941307 -0.149342562742736 -0.0997446748447269
0.0597697012176948 -0.166235667313156 -0.605581138951621 -0.196535765584599
-0.159034099820106 -0.161497706254115 -0.639709779454778 0.286950846830221
-0.215912900850848 0.041301976300573 -0.248383512093034 0.522924487801369
-0.0378393048869348 0.165722980160665 0.06827239669018 0.350292806505369
0.0986650105947311 0.089348739909066 0.103345797264555 0.125353797968657
0.149775904848203 0.0157456769512004 0.0276423403108029 0.0212025137307548
0.145549506155604 -0.0170919430128355 -0.0238083048430402 0.015777721008322
0.158954156218951 -0.0164636837867541 -0.0797040362535412 0.0279187134813921
0.116620475359279 0.0759857284397415 -0.127475114272211 -0.0567752739878824
0.0323727109666013 0.149205433571113 -0.194531136200876 -0.241180154761717
-0.131629105767065 0.139406195041362 -0.0108696087385649 -0.43892768504247
-0.17313975586417 0.00694869617762139 0.329085723603123 -0.462248290984701
-0.0803341823070082 -0.0714209470357414 0.497459241436145 -0.141290556429853
-0.0308433734108012 -0.0808886602301278 0.14415820836207 -0.0124447453772772
0.0507698576765678 -0.0935566055131433 -0.155059678068491 -0.0180255180842051
0.0107325491433457 -0.207369044318432 -0.545526160033098 -0.0717695729961135
-0.210899888939772 -0.132970462452966 -0.538580330079449 0.316162948813547
-0.210910047891467 0.104069892157951 -0.195094735901229 0.509399661027425
0.005258045415853 0.189713806274439 0.0908260113838359 0.356437346452232
0.12752986084643 0.086322273201638 0.144982665034132 0.135518453300817
0.159971753141944 0.0111126568346118 0.0837210594678608 0.0110200644789901
0.142943969910896 -0.0242130610449798 0.0320632885732034 -0.00553338195745615
0.144567047920203 -0.0237760529000514 -0.0311633637830381 0.0182033890405635
0.0926101216510866 0.0549452374527029 -0.105877147229989 -0.0482490681668276
0.0156670040694821 0.0970930154312035 -0.201234834651753 -0.240152217850048
-0.0840646933186159 0.0718399988801376 0.00688947114241302 -0.477692973377892
-0.0799260962174255 0.00835019999492059 0.412921062815621 -0.486555446305872
-0.0327760217651457 0.00119972839353039 0.584853141354566 -0.0722944810608431
-0.0410603574359884 -0.0221661053627454 0.165544328629344 0.0531448819597331
0.0426429664534877 -0.0902218734436377 -0.148883376639397 0.0729889230201874
-0.0199857446122121 -0.183637034523925 -0.463636514294406 0.0375205696786223
-0.197596436151899 -0.083834125009225 -0.451810216189072 0.33220825296561
-0.160402828857796 0.121597845970876 -0.155205123703392 0.506147665860874
0.0300922724071488 0.168788122387497 0.128256940209199 0.373952454316732
0.122621616687718 0.0703013095752158 0.197039882495169 0.139957558724929
0.140526494355554 0.00678939617773407 0.145639547602889 -0.00515295625016882
0.118949283557249 -0.0282887494508613 0.0849982530571829 -0.0282585344673198
0.115121601310274 -0.031142813560178 0.00610648479068149 0.00594512762649205
0.0697040408927459 0.0212059573127127 -0.0980543968549415 -0.0573918325759728
0.0256182220154136 0.0387880350211416 -0.198174029133715 -0.275700666834008
-0.00450032021871806 0.0364311984916524 0.0712747525556893 -0.527504815373949
-0.00260597622585327 0.054218695366883 0.535911620984976 -0.462962239738248
-0.022172460999258 0.0758321952828691 0.652415669244269 0.0295942760348214
-0.0556032211142248 0.0242806868084184 0.185420685373028 0.0994601810389629
0.0333725214945704 -0.0455901050967905 -0.130216236443356 0.142214869875539
-0.0030136189545824 -0.110007895664697 -0.388550232648564 0.10763941090937
-0.119904648838412 -0.0472027368471628 -0.3918461820115 0.341883691570138
-0.0892976103148763 0.0780869075705238 -0.125015828166734 0.510784057119417
0.0209835366239573 0.108499798921954 0.169771320027342 0.385422285174138
0.0799763310559914 0.0463560764569046 0.247225425495203 0.134631860040295
0.0907337473351136 0.00360088065662368 0.199204400370313 -0.0231360796215352
0.0764090734005968 -0.0261041833234343 0.126864215970432 -0.0461241769864611
0.0779077996386996 -0.0333788541532505 0.0308037533117701 -0.0093158353597183
0.05534170151272 -0.00791123922861169 -0.0922696739144865 -0.0829904486483293
0.0524408275068362 0.00559844045370337 -0.16826526237497 -0.327345080589454
0.0554879624314898 0.04783083828887 0.175591112782067 -0.551340163633238
0.0148249088165782 0.106398093580314 0.651156523681442 -0.38103710302425
-0.0453905715635961 0.103255888900498 0.678787958206939 0.139905015704404
-0.0598522017614402 0.0392751602568286 0.201654092712328 0.123968813103956
0.0247876959662479 -0.0318444660614419 -0.187549149128598 -0.136931840029884
0.0580924469885437 -0.0885096283341326 -0.710924432972989 -0.244906614086609
-0.056582376604814 -0.143759888689997 -0.757342976312328 0.374238320761424
-0.133582777206481 -0.0771241898179557 -0.238110334222409 0.672287918478691
-0.115058731370775 0.0497996151031559 0.19350843991727 0.395223702834081
-0.0563399935225646 0.0622214832714653 0.142676519250533 0.0733038201794207
-0.0254088920487081 0.0506141185932289 -0.0195217360206343 0.00130240715935218
-0.0187879889145759 0.0340516967359218 -0.120511337386614 0.0601377546299742
-0.0149490344579013 0.0179464189891437 -0.199498133241897 0.0559876812231681
-0.0303351163190484 0.00604461228596688 -0.256955209709192 -0.101828280377577
-0.0146468357285526 -0.00644731982300928 -0.248045677756064 -0.348977311470316
0.0120625951009068 0.00289650766908225 0.0199933964601491 -0.503108630689646
-0.0126547147518048 0.0476719834667818 0.318462727602012 -0.41891364754176
-0.0465110730007012 0.0438669541174668 0.35652942456526 -0.204652216306247
-0.0342484591812473 -0.00186298278930786 0.113225994909836 -0.226571536196094
0.00603757563465851 -0.00123792665102418 -0.177369968734792 -0.149427787348277
0.0770553399025022 -0.0388749277846708 -0.699377023795858 -0.299490123938703
-0.02818808983894 -0.133252499849621 -0.791377891186645 0.305657361014819
-0.129817708325254 -0.0860255941134436 -0.294226810269409 0.63672980866328
-0.115950407473453 0.051639536804495 0.140946537734722 0.403188802882922
-0.0346801591283331 0.0647271829723557 0.116268225875048 0.0988482115759469
0.0179931122027449 0.0347253168923026 -0.0322974838765112 0.0202250411721423
0.0336588059100667 0.0133288834323097 -0.122581643964123 0.0668975580307152
0.0506221198518014 -0.000242374435642801 -0.201634002005036 0.0683434106280027
0.0433064671022863 0.0275502712655236 -0.254689546194242 -0.0854668215899977
0.0355034387703458 0.064762318043569 -0.258165069043958 -0.326011137563864
-0.0302895285116891 0.104570150327486 -0.00773442571927941 -0.491963115526451
-0.115404776707764 0.069735900284694 0.286071584139566 -0.434360916396876
-0.108518347041816 -0.0244354614476913 0.339463413196169 -0.221387613881967
-0.0392918915748938 -0.0730832785933537 0.0971983413968647 -0.213392038502733
0.00298396642016638 0.00899700608901068 -0.16459884971987 -0.158337253812193
0.0851603006169685 -0.029890787157381 -0.69071447656738 -0.307589518199455
-0.037229744419748 -0.126492444760114 -0.77965421088961 0.287365387284527
-0.141363168806978 -0.06045289987575 -0.29885213168059 0.601819427024896
-0.0956846953403668 0.0749677082764438 0.107197366781226 0.386896489774841
0.00473618752274299 0.0670824194157409 0.0963264137308984 0.110661945839837
0.0670414186395113 0.0164236653313064 -0.0328883277092685 0.031787608987456
0.082542440921601 -0.00723503236724685 -0.104267906067623 0.0616278400336215
0.106781034664058 -0.0184609775349065 -0.174864060981086 0.0671601498952984
0.101559682784212 0.0459773646001363 -0.22570426021917 -0.072380985426679
0.0709177948261436 0.122222552738684 -0.251555245145454 -0.295383845112257
-0.067543410125146 0.180192092034313 -0.0285788715087802 -0.472646953078531
-0.189183706248192 0.0813779275950979 0.26890014985129 -0.455339684594815
-0.146656272274875 -0.0696456585621636 0.362777206308501 -0.223760222495935
-0.0436493764444646 -0.116013862035312 0.100061825795847 -0.163296768547036
0.0167519936793105 -0.0157863605092152 -0.158078247711808 -0.143659798462874
0.0740963880853036 -0.0826537674776151 -0.674283979363669 -0.25386653841167
-0.0944347467852801 -0.133353296611438 -0.713301082203083 0.310964983511729
-0.175226446730012 -0.00121579582056998 -0.255364868857936 0.568938132780661
-0.0591392835646797 0.121087531633958 0.0923777079350288 0.361289701360113
0.057593285893039 0.070885775090971 0.0918964963032303 0.11565127672357
0.114341946744503 0.00118201228444223 -0.0157483935576416 0.03424011764667
0.119616574839817 -0.0227312306496083 -0.0686987793503887 0.0459817167065221
0.141680411064154 -0.0308120948408249 -0.129177380603591 0.0552875240622909
0.129983903027778 0.058681458890484 -0.18115657080797 -0.059977013365071
0.0749584524012035 0.151079163847362 -0.237647039121233 -0.258884854288275
-0.0986118488166373 0.200310342337627 -0.0451804257868857 -0.458364426788116
-0.20956827851825 0.0667741401934919 0.272025927236165 -0.484267269910351
-0.13820638295971 -0.0816074768532457 0.424175683663648 -0.215770655349009
-0.0452022707779804 -0.116672839993818 0.119946832269054 -0.0928207490082006
0.0298078347349209 -0.0607380573172847 -0.158909915799009 -0.0896941689534526
0.0319224860879359 -0.158318099153845 -0.629398703319681 -0.149717824807991
-0.175297781493737 -0.126714151516949 -0.611418934247641 0.340014360331338
-0.20123243709492 0.0774889189399159 -0.199576532217998 0.53546773823238
-0.010461494149786 0.168475095331572 0.0965908838758825 0.346937929644754
0.108464575992888 0.0734142160050773 0.111644769473361 0.121466405370372
0.150061234099744 -0.0100263957784793 0.021630131580318 0.0267576721175269
0.13834397256507 -0.0352251542480543 -0.0206983750812451 0.0214642541207892
0.149766432748458 -0.0399043502622891 -0.0768658421968492 0.0391294117335601
0.123915843185697 0.0581505896645834 -0.141745709393006 -0.0472116803571516
0.0520052207475834 0.138275521049124 -0.232732851424075 -0.23038369175088
-0.104186983877182 0.155001916718329 -0.055819582304404 -0.465901127758822
-0.16157518151241 0.0364144111208447 0.305399722465115 -0.522815878440938
-0.0869997799394162 -0.0487184130631891 0.513195794720476 -0.188319713472503
-0.0453125787156781 -0.0733034001388278 0.150758098945623 -0.0175867312239956
0.032903870913466 -0.0946508718001445 -0.154677394788358 -0.00429139664104562
-0.0203230739040227 -0.194278903697512 -0.55119482369432 -0.0288961715218507
-0.224420654809318 -0.0927424846833357 -0.505351035875891 0.356338120443211
-0.188349981019119 0.140419362054846 -0.150746138563273 0.514086070305267
0.0361299904407912 0.187994891179415 0.117121722550292 0.351984860360244
0.138351064822698 0.0669502066092845 0.152670411509088 0.12779535131033
0.16180299691365 -0.0157599168378405 0.0747613093404365 0.00937854212498754
0.136053070530206 -0.0422025201989138 0.0313080703899073 -0.00791382293842691
0.134677046688051 -0.0458930531563962 -0.0309158819723807 0.021841397419454
0.0961765886745041 0.0391349174120564 -0.11916144543733 -0.0406496908563
0.029845727787549 0.0863129991270475 -0.239360003288131 -0.230278392042119
-0.0617330843352411 0.0817174155867239 -0.0396589206227884 -0.508260797034026
-0.0653286973464402 0.0309982278462366 0.390250358114292 -0.552536687303887
-0.0323269021059445 0.0244970401166599 0.613157743709714 -0.128622385537604
-0.0522363134094576 -0.0101866152467613 0.182921065274968 0.0459699601917136
0.0269149258227673 -0.0904567192838986 -0.14081207936929 0.0876542068969037
-0.0461687259204643 -0.169050906418022 -0.459416276266915 0.0748701239073662
-0.205493270621877 -0.0475599311193651 -0.418762548500535 0.36329662008312
-0.13615794003219 0.151348326003647 -0.112213977700433 0.51039062412987
0.0594049656474709 0.16558755163149 0.157631204483394 0.365738751350738
0.132836150958181 0.0522108293233352 0.206099163930833 0.126175327266429
0.142317292418241 -0.0169137193097992 0.135148923418367 -0.0168784090163608
0.112740942439806 -0.0438250219281601 0.080390812748714 -0.0375204412275204
0.105738404807315 -0.0496195584563571 0.00341950111486813 0.00392072165790275
0.0706483670027739 0.00752011254801259 -0.114217245572674 -0.0529945726363948
0.0354821003353632 0.0275828687397048 -0.239496262318023 -0.270252210607628
0.0157019343124419 0.0401012877692281 0.0240201187091172 -0.568025491323136
0.0166789642682318 0.0730625211489202 0.519859391460337 -0.540920192885455
-0.0180428907616406 0.100531616463378 0.69590259552035 -0.0313772299004065
-0.064536890054037 0.0390604493154221 0.211084382407824 0.0895892495215478
0.0253223764314849 -0.0448707127801786 -0.117950960754921 0.155759849993302
-0.0184442614140606 -0.09910866520758 -0.379263862577046 0.142036726625107
-0.123097811179797 -0.0217590836566772 -0.358992186444618 0.373718999008907
-0.0717392661062088 0.0986801774209336 -0.0774728281902726 0.518381357923662
0.0433525283341046 0.108494202993041 0.20564760243656 0.372732444681728
0.0896071892117198 0.0340269917049845 0.256418306790035 0.112939844325802
0.0936536068308856 -0.0118725094127002 0.18876060979388 -0.0438683275216803
0.0722948658343504 -0.0362768786178167 0.11881257517014 -0.0625470499786621
0.0708339525851602 -0.0461845172724775 0.025488338304902 -0.0154449377608382
0.055309509261204 -0.0188259824920799 -0.110835092005941 -0.0826876355023835
0.0603473038764485 -0.00560501145637492 -0.211751825279006 -0.328514981743192
0.0753189070977635 0.0482009184741721 0.130486175743694 -0.601613802568518
0.0344470433642982 0.126348109091051 0.650288099082336 -0.467717294612895
-0.0438090223802259 0.129186287453953 0.737249877550828 0.0836123012400951
-0.0666043984158232 0.0530046147687805 0.232054259255175 0.112978359020828
0.0241344407649631 -0.0360144839109461 -0.204266465297238 -0.123393726369842
0.0551069728532789 -0.0962599673213248 -0.741495556874384 -0.204349925804297
-0.0671875787473381 -0.14398638907609 -0.748488861135103 0.430106248292927
-0.143686710717865 -0.0708608449133854 -0.195029249900359 0.701947830158967
-0.113118890598545 0.0604767254212016 0.228504375412164 0.390582257112599
-0.0525033792946838 0.0694061111648118 0.154071427351277 0.0703273063720003
-0.0219169358623912 0.0544929191229545 -0.0145865661938684 0.00601027882238422
-0.0165391828144374 0.0372570774494661 -0.110803000726903 0.0709119581008522
-0.0152905232552765 0.0197939785656525 -0.190060190502498 0.0741161049239671
-0.0314658402755069 0.00954203552659224 -0.262941621455308 -0.0811050819058142
-0.0158738718256046 -0.0048930286529395 -0.275831584904289 -0.329314076872417
0.0089650894538079 0.00112692471292992 -0.017156237951214 -0.506488819095719
-0.0104882271374039 0.0488998207591631 0.290762280187054 -0.44602111645182
-0.0418529475875058 0.0451404453866734 0.343738802503554 -0.229874248193941
-0.0317729646531586 -0.00161894535361371 0.0967445289135124 -0.23821732487027
0.00450829987758537 -0.000191871500295249 -0.194833740679392 -0.138494004089615
0.0776851109303822 -0.0422777067377241 -0.73362344935337 -0.258570757706847
-0.0338524474149525 -0.132355423755656 -0.786733892788094 0.362197283093612
-0.13582707345634 -0.0822435253153725 -0.254410026523292 0.669611855670555
-0.113582262038773 0.0590701166198925 0.175263261630841 0.403651280326766
-0.0327451438013093 0.0672977409987065 0.128823504029649 0.0977510790248931
0.0177460725165508 0.0335535129636074 -0.0255559866869857 0.0255440349417468
0.0321987866493411 0.0111571783195681 -0.112355669096329 0.0777639127546854
0.0474195765219839 -0.0041374225169662 -0.189878357085864 0.0869704658640514
0.0434807792796146 0.0249643157265526 -0.259067515076423 -0.0661900272557523
0.0391664995126079 0.0617595125138943 -0.283780921518505 -0.306611161410857
-0.0250928562693091 0.106520252091864 -0.0433472648550897 -0.492512165433361
-0.111289495099426 0.0783325808699581 0.256987266445843 -0.460529743597667
-0.108729525755976 -0.018175603787115 0.326376970003682 -0.246282470216634
-0.0439983315909035 -0.0711138950695754 0.0805790997756772 -0.222764750161501
1.32728701579751E-05 0.0130445173160528 -0.182335904018562 -0.150143082251635
0.0861231239147864 -0.030072578997038 -0.725504000801971 -0.269154133461527
-0.0399653699329564 -0.122530615616944 -0.777631075966713 0.34486043296376
-0.141362760319993 -0.056204415673084 -0.260048831260194 0.633504212484018
-0.0905683049919214 0.0776068855125387 0.138629992651934 0.387023711009069
0.00625805033834059 0.0640010602557986 0.10841168568349 0.10917331053912
0.0636890034493948 0.00934133805318008 -0.0260295108473285 0.037414304653031
0.077472013802018 -0.0140929715996278 -0.09547813699703 0.0717765063749222
0.10044738772255 -0.0268257257599323 -0.163458651875994 0.083152487095462
0.102990109259632 0.0383728214586148 -0.229498683893987 -0.0552175971485747
0.0782809289523256 0.116433841187461 -0.274067304543817 -0.274894972317464
-0.05578324878143 0.18530654325109 -0.0627896287093083 -0.473697789591347
-0.183605764944178 0.0960826406057828 0.239683589624183 -0.479902077605267
-0.149469821910759 -0.0595219182727183 0.349787302981229 -0.251341977723471
-0.0536167946038952 -0.113259184872654 0.0882036888301572 -0.171817733565163
0.0115978287639887 -0.011955345063777 -0.174093107122157 -0.136485488011402
0.0717386313611923 -0.0815118902976828 -0.705436504247661 -0.216512009471597
-0.0968530806446881 -0.124449534027366 -0.706066622636533 0.364179768116232
-0.169833861003056 0.00572126143841345 -0.218349145819045 0.593838140095841
-0.0497652831043764 0.120006521351626 0.123282564306976 0.359640558752668
0.0591421726865822 0.0625206735519036 0.102813220636731 0.112580424853916
0.109639041337553 -0.0114799514661805 -0.0108744453948706 0.0372551273427166
0.113015363757949 -0.0339861369824012 -0.0624784484921631 0.0528811598481251
0.133602582691417 -0.0424021833659228 -0.120386419936904 0.0674511065982771
0.131211046423312 0.0484831649664195 -0.184981926451468 -0.0460893848585071
0.083597447938179 0.143060300962357 -0.258817821593795 -0.239487514619545
-0.0839154447822409 0.205878902035876 -0.0794790020664274 -0.459233039931661
-0.202661419669806 0.0824544374216388 0.23898259810547 -0.511633148726515
-0.140640534923642 -0.0699077567044147 0.413761925501667 -0.248300913659693
-0.0567245723609153 -0.110244010900311 0.115246676576832 -0.10148865453086
0.0213104310390719 -0.0591440051005198 -0.1693502020676 -0.0820154700988579
0.02344739262653 -0.155189826522747 -0.651405166010428 -0.11099565870116
-0.17876422701447 -0.1124271484888 -0.599420842629212 0.386808729662135
-0.191154451527439 0.0882163657276491 -0.161707036848364 0.554928283660944
0.00333872323899087 0.164375503011935 0.125016020358399 0.342899791579652
0.111404310460014 0.0609385223455099 0.121020989193461 0.114278711073349
0.145046702089217 -0.0259242336643927 0.0241673242860439 0.0256439440263509
0.130910998796042 -0.0485409948466142 -0.01869407501359 0.023716241457937
0.14034127094776 -0.0528026150146046 -0.0717568244833162 0.0458421918758726
0.124224665901631 0.0467766701814359 -0.14532182979401 -0.0365655404519557
0.0597280830104033 0.130070446364463 -0.252705867191837 -0.21176394225399
-0.0914668028727154 0.158918032022451 -0.0916241470446779 -0.468179132361405
-0.152743373808597 0.0491767342785595 0.27222655879721 -0.553263683536125
-0.0859872087881746 -0.0381879941733069 0.50861870432228 -0.225757022867668
-0.0558065786139725 -0.064724003581289 0.152866426476754 -0.0279559772725059
0.022217457862167 -0.093983449877696 -0.158559806897516 0.0045032869939385
-0.0326782257958416 -0.19040341360596 -0.563214219411761 0.00577988586049459
-0.228157705277589 -0.0754312913734262 -0.486651218067163 0.396977224025713
-0.174568955056644 0.153090391035752 -0.111401367104335 0.527420754663292
0.0518210810754032 0.182586722086721 0.146168425166531 0.343810324580701
0.142044784166104 0.0534823932396104 0.161387137190384 0.115683041476437
0.157749621912473 -0.0324513640797876 0.07344700387409 0.00252130754177265
0.128561739538956 -0.0553982718090594 0.0285887680939636 -0.0107082609956585
0.124925550087452 -0.0584978595066637 -0.0298715853812854 0.0245522831967914
0.0951577859840169 0.0278835638694633 -0.125972767586207 -0.0339881960904492
0.0344145777490102 0.0785096833712467 -0.26113458631253 -0.213467111770668
-0.0507876735137163 0.0811181965527661 -0.0785013118378362 -0.515083335228921
-0.0538303410600497 0.038705296474527 0.356986522592718 -0.592340611352655
-0.0264346743455957 0.0342103812105849 0.616699594855018 -0.169526611014901
-0.0599781340910941 0.000889128921825898 0.192315485824133 0.0338226372184459
0.0170129357546891 -0.0902814063132457 -0.135969224841418 0.0976983858289939
-0.0572620190125694 -0.163931015069515 -0.461826747083672 0.10647470745128
-0.207955574509546 -0.0306918480829362 -0.394868132834544 0.39826860488182
-0.12226564097684 0.162394425397155 -0.0708837755730328 0.518115975835625
0.0745644847925144 0.160008522965315 0.186537236850879 0.354643888991169
0.137238933436057 0.0400666012954767 0.213902240655486 0.109159964104606
0.140637884176994 -0.0318564693583426 0.129824308942484 -0.0290556629530793
0.106018062551523 -0.0550450566124134 0.0734146030253995 -0.0455023008177956
0.0962827452522714 -0.0606000647406241 0.000344389475580267 0.00309321206891374
0.0678366252171666 -0.00188654602607002 -0.124130794515791 -0.0477682604800965
0.0375014823608602 0.0191414101043266 -0.265144147038725 -0.256889320740576
0.0256285758267787 0.0354758188731799 -0.0166311162497607 -0.581226585826849
0.0309505395523974 0.0785138907699646 0.491796087878984 -0.588549667644416
-0.00869336740190199 0.109988540008354 0.708667933940351 -0.0743970644489374
-0.0692053031337594 0.0512486495719046 0.22564256503115 0.0747829060923069
0.0192612629084198 -0.0460386506310215 -0.106890920491187 0.165770260287179
-0.0253998000004888 -0.0967686029040054 -0.374986154375638 0.167991389061979
-0.124294570781635 -0.0113975228657981 -0.335144715027116 0.403064750148202
-0.0627367502754149 0.104659622855208 -0.0382111424252986 0.524802626876439
0.0550191887505807 0.105857073864329 0.234971385341869 0.355993787027531
0.0923101572811271 0.0253970704153023 0.262681541801138 0.0929326509027036
0.0932133999166229 -0.0218234466598537 0.180076181479503 -0.0622966755814041
0.0677750664981769 -0.0434392734482682 0.109848479614557 -0.074002540308677
0.064093462914724 -0.0544525127407204 0.0194108540129415 -0.0192401317076274
0.0530396123147625 -0.027063358407925 -0.124187178328941 -0.0789524808466916
0.0622838842870373 -0.0139788149042423 -0.241605172222571 -0.319440762186243
0.0848598298829951 0.0437284271008726 0.0944765905740855 -0.625172193091445
0.0485429916495633 0.131306737616829 0.631687411397303 -0.520961120412327
-0.0343656799505251 0.137749767893149 0.756616707417945 0.0400879866314737
-0.0688261450446237 0.0617199730221405 0.250829334988662 0.0957466767289546
0.0222621294333963 -0.0402274745381978 -0.215853931105827 -0.103061954732295
0.0489423808484187 -0.101927041435448 -0.748181986329056 -0.147427387926096
-0.0769068819253194 -0.138829267450058 -0.712071410830006 0.476642066270719
-0.149920166734854 -0.0610207355393681 -0.139927196812123 0.70896493928998
-0.106180581069317 0.0703437691676838 0.257880553100134 0.369335149726344
-0.0460359760693645 0.0741496912577933 0.161963561870043 0.0620036883296255
-0.0166135413111313 0.0566860733407077 -0.00865149682962867 0.00865158893295508
-0.0133644028719586 0.0400933330720691 -0.0953360623115267 0.0780915236181519
-0.0143845026419827 0.0221837282258326 -0.172147245415255 0.0897339499205376
-0.03029161645805 0.0132477321352329 -0.259904809898212 -0.0568741429014061
-0.017494677775787 -0.00302963824925705 -0.295069842841717 -0.297803386724755
0.00532213781624749 -7.06401520601807E-05 -0.0570585530453569 -0.493319905320013
-0.00789993375138017 0.0490053216318786 0.248889722566258 -0.459896773936335
-0.0357591803358484 0.0451728167804539 0.319533444377666 -0.250394083994415
-0.0290840015543806 -0.00166542183788472 0.0739884825821885 -0.242071480454288
0.00316335895585358 0.000460425444995945 -0.207427085887439 -0.119165048886128
0.0755072190380538 -0.0458394492491654 -0.744827195332963 -0.205439519662171
-0.0391502369344872 -0.127467800877695 -0.756340085278423 0.412550196456967
-0.137595411449235 -0.0743270515345535 -0.202586478531246 0.680409577925056
-0.107463652900725 0.0642043847143522 0.20682203533947 0.386437508998698
-0.02863784381007 0.0682312000090411 0.139898405849721 0.0905944281396012
0.0174927406958512 0.0310913099097447 -0.0171109115154603 0.0288357106904069
0.0297806255594028 0.00906723179714786 -0.0971526192139265 0.0855400620034662
0.043088896083542 -0.00674527747739293 -0.170727911707721 0.101705917145274
0.0427520676596944 0.0213911771089465 -0.254563793194072 -0.0421980700795854
0.0417610653032239 0.0567095449668675 -0.301468846366113 -0.274482676475824
-0.0185550040173454 0.105415705469267 -0.0802241720211941 -0.476521943834073
-0.103275345688937 0.0857661054696885 0.214851706657843 -0.471582606128495
-0.105585916130127 -0.0113677651146301 0.300840472691388 -0.264657264415606
-0.0479353436808672 -0.0671017874561482 0.0594535180698798 -0.224942541647758
-0.00185160839481868 0.0162406857287604 -0.195078281321328 -0.133499192551073
0.085253061894376 -0.0311253828481447 -0.738810576994595 -0.215510261387228
-0.041302309709786 -0.114115324719638 -0.745484812375799 0.394451112698769
-0.137470901103247 -0.0500847838102683 -0.208637786339565 0.643128807502628
-0.0829982964271244 0.0778798023258739 0.169825919926212 0.371714387586233
0.0076117630795232 0.0591077705959811 0.11855452289845 0.102639405801369
0.0583533988647292 0.00235950219423739 -0.0180265798555537 0.0397739452591149
0.070733560679983 -0.0202918454551103 -0.0824476792684684 0.0780251002780715
0.091602178925636 -0.0331985423661447 -0.145945395497273 0.0953138920472819
0.100826800099235 0.0290796130577872 -0.22492835957356 -0.0342717127065033
0.0836507229206991 0.105892291239205 -0.288477887050812 -0.244252097627266
-0.041717213354664 0.183722292897049 -0.0971867778264885 -0.457695549325532
-0.170311156047101 0.107724594183245 0.195381713648103 -0.491489870191132
-0.148191989139027 -0.0476497002050655 0.324705278796692 -0.271498480111555
-0.0622466608633088 -0.104474557649663 0.0714184546378875 -0.175418000471814
0.00621813000923834 -0.00770581625351807 -0.185276475027673 -0.122599910859003
0.0679617972912759 -0.0789882674352246 -0.713569129147221 -0.165911561788584
-0.0960394853855118 -0.111808756782365 -0.673507175567982 0.410034863548944
-0.159963263863036 0.0130481325632253 -0.168028861288356 0.601703408170547
-0.0391024062408063 0.114695853966159 0.151451725039611 0.34328935795761
0.0586116486563292 0.0523211156268751 0.111444559754724 0.10418242594197
0.1004629476596 -0.0232314890919625 -0.00504790352868577 0.038036842205018
0.102223339453276 -0.0437063505993803 -0.0540091203218712 0.057088797587055
0.120752746297868 -0.0521716474050675 -0.10612395689096 0.076469507942943
0.127912789267509 0.0364112601369512 -0.182192946724309 -0.0295430113571765
0.0901015328504083 0.130697488804458 -0.271671240280472 -0.210343480159496
-0.0662107330151522 0.203928379836069 -0.113389342366838 -0.443044180342219
-0.186929243319127 0.0955330818211792 0.192997597422444 -0.523263503375874
-0.138414649719878 -0.0564662752456335 0.388766133216316 -0.270707602035674
-0.0670503912118279 -0.0991598825258092 0.104843964087043 -0.107379990014207
0.0121522441947095 -0.0547466591373405 -0.175242148942868 -0.0699729916782685
0.0148822342813027 -0.148513891907754 -0.653846523771489 -0.0648781290606763
-0.176315742536756 -0.0945675291340635 -0.563937167549719 0.425105105341853
-0.174301876709179 0.0964273928373857 -0.113969410749068 0.55625376918613
0.0166755718578919 0.154616139695633 0.151519340797451 0.324407531329765
0.109927258370472 0.0459984498931933 0.127143382610595 0.102551220365176
0.134082754107446 -0.0407208444464813 0.0252834150727175 0.0228963227415959
0.118318262472302 -0.0597139768104647 -0.0161464531116951 0.0252779086109208
0.125793705859733 -0.0631646631083472 -0.0627372163452102 0.0516934359113284
0.119504665883779 0.0338461082361753 -0.145220412945374 -0.0241165541104653
0.0642025825371205 0.11813561568173 -0.263440939558523 -0.184380246297644
-0.0744074300094679 0.156723408353 -0.126538428883764 -0.453046197850705
-0.138103661019665 0.0596269855242497 0.224653111408624 -0.567655894591256
-0.0815987379813029 -0.0270860647094113 0.485918718820299 -0.257501822642373
-0.0639656195177587 -0.0519395560895864 0.150210032777538 -0.038783640965431
0.010253685438853 -0.0901499970196457 -0.156868337391491 0.0148058896471346
-0.0440971323880999 -0.180257823206179 -0.557518734715803 0.0484045117673973
-0.223908988060122 -0.0538204562651519 -0.446005596471139 0.426627675885574
-0.155052732644699 0.160238878113623 -0.0652330347177855 0.523091422011076
0.0664960372332375 0.16932938453596 0.171208250965738 0.322818307247375
0.140031043357953 0.0370211402847841 0.165218087668836 0.0990358281007201
0.146687622239629 -0.0483460353631143 0.0690160784794658 -0.00436514865927174
0.116200699171346 -0.0665436174326213 0.025050574105548 -0.012256345765128
0.110181721630674 -0.0683643134598187 -0.0269493341546949 0.0269754752254471
0.0898081556777068 0.0168958751450282 -0.128380198364847 -0.0232843498834062
0.0367250376654695 0.0673684808153542 -0.275514102272227 -0.187220656399215
-0.0385977434766892 0.0772327642335277 -0.118143399957057 -0.502161391549318
-0.0397735094901062 0.0440452980752768 0.30692547161605 -0.613260262808853
-0.0183322266357138 0.0417805515416629 0.597989876300684 -0.209445149611727
-0.0642090645281833 0.013955023499785 0.195040728941347 0.0183700918204821
0.00597534732610876 -0.0874179547734911 -0.126294245123955 0.10508929879593
-0.067087225246761 -0.153839638435545 -0.447576162815018 0.137971016242782
-0.202659042437314 -0.0117732681428299 -0.358100158967725 0.41900718064187
-0.103633813775627 0.16670618758605 -0.0277276899503008 0.510210168145901
0.087470301806655 0.14808822237141 0.209965920253116 0.329276235628962
0.13554056257614 0.0253940796923514 0.214467093031293 0.087986949689987
0.131437100347737 -0.0459696011221893 0.119334764249236 -0.0408842399910764
0.095439939003151 -0.0639716388114591 0.0637250259649089 -0.0512154312833534
0.0833469678803206 -0.0688271420650903 -0.00240928388180887 0.00292633456490719
0.0621327024243557 -0.010986334121976 -0.130145914971308 -0.0384111416232357
0.0374283880331157 0.00909510166515576 -0.283675430798138 -0.232298882940203
0.03444361895294 0.0285763043664549 -0.0593235328080969 -0.576466454309609
0.0460765372021342 0.07920101603201 0.44370169743217 -0.61996291867806
0.00270091051514286 0.115303970422701 0.695799945313378 -0.123087714900712
-0.0695286770491537 0.0634897713026677 0.233527612934359 0.0556687866436968
0.011967948005117 -0.0444992843650501 -0.0902978973436118 0.169326117673165
-0.0311887441790152 -0.0914125377161137 -0.355927959339803 0.19230629140883
-0.120577168350728 0.00062984389018326 -0.296384835236132 0.419812847628839
-0.0505517796328443 0.107093195082979 0.00625154875323167 0.512505518556357
0.0646206360598094 0.0977588777172482 0.255912512303793 0.327090619087751
0.0921616162207261 0.0163196926812306 0.260254770924702 0.0682434803432848
0.0883892723112044 -0.0318341048415024 0.164130523625168 -0.0773470811113038
0.0606817972923486 -0.0489422304741335 0.0949234470578866 -0.0828343284886463
0.054604732844618 -0.0606034724289237 0.0121547854570874 -0.02172181010927
0.0480328318154223 -0.0334143278704351 -0.134916059913487 -0.0713816883640499
0.0612823016694828 -0.02306197613752 -0.264953377579129 -0.29986542764263
0.0923801808758831 0.0362546250997179 0.0465580890844262 -0.629822892059327
0.0638965187492354 0.131605905196498 0.586208675247894 -0.56258476427557
-0.0233676448535402 0.142034941810574 0.754046358751943 -0.0104373568835796
-0.0681321583564836 0.071028323179217 0.260464539106677 0.0725502935612088
0.0194129226203018 -0.043173314554559 -0.217970865586493 -0.0838764798629975
0.0430377361299257 -0.104438441776498 -0.731920028933658 -0.106379914872403
-0.0819292907834638 -0.131659831738362 -0.667936432539148 0.497142938713431
-0.150648681437376 -0.0514924571482848 -0.0965433919421765 0.693679160963494
-0.0975601717316691 0.0745511638645297 0.272761805426598 0.344348937447883
-0.0391488104138258 0.0762066091624206 0.166026352083618 0.0543082481944406
-0.0121815018213869 0.0566392320293152 -0.00236237108521195 0.00932030366418083
-0.009281107224772 0.0412891811047284 -0.0806410916438922 0.079705450439019
-0.0137053445583711 0.0239375050305684 -0.152253250470742 0.0969971237903452
-0.0292039393596994 0.0155641010088423 -0.247963733218106 -0.0379866053857531
-0.0179330793919685 -0.00141714690496302 -0.299089078425999 -0.264948586588506
0.0012876732072015 0.000133236062334079 -0.0813902794673964 -0.468051317867074
-0.00560416971008641 0.047886080739078 0.210109573024858 -0.454769803743728
-0.0302510563446428 0.0417924832125384 0.292079082488393 -0.256148189052918
-0.0258200687527284 -0.00314176305715591 0.0540471124479565 -0.237931128697581
0.00134665650905107 0.00103386606324025 -0.211041879454082 -0.101059769972364
0.0724406469157355 -0.0469442746611737 -0.73130415247306 -0.161446701318567
-0.0403966395834311 -0.120492556105482 -0.715683279394982 0.434777210057859
-0.135689237325326 -0.0674331742702432 -0.159193513337648 0.669525640050497
-0.099250303563875 0.0649519432297457 0.223410393006993 0.363110384933163
-0.0258804298039627 0.0669992392968103 0.145535543122793 0.0833392817232671
0.015670516353568 0.0292868927055178 -0.00945421199396065 0.0300457942234802
0.0272179104655963 0.00803175087861736 -0.0818379218832083 0.0873232517985309
0.0383318055484348 -0.00760182492473098 -0.149211346551425 0.108149258926959
0.0403629854700593 0.0186063325699248 -0.241852348810025 -0.0244232520789796
0.0412353417140349 0.0520072213101396 -0.302351202105976 -0.242688768832517
-0.0141132993550111 0.102497056427858 -0.104410328018885 -0.451503331531804
-0.0938123334125597 0.0880951706185407 0.177360349144503 -0.464860336792337
-0.100166800967167 -0.00684094583136269 0.274405648921046 -0.268332965618599
-0.0488802558417721 -0.0625054613236954 0.0413190697163294 -0.219678322835533
-0.00485723042567454 0.0193990916225915 -0.199505030586165 -0.117579936373788
0.0832197934712757 -0.0298197739590828 -0.726040606594995 -0.173461977559104
-0.0383247210312972 -0.106340943601765 -0.704500240727003 0.417042186730018
-0.130313489054914 -0.0462377165717689 -0.169827166348058 0.632467034661405
-0.075304215462626 0.0738276021586187 0.187048509561221 0.34954676708848
0.00724175470377078 0.0540440086257573 0.123616340396385 0.0948833962058784
0.0506029126673254 -0.00200353222308971 -0.0111558018631138 0.0401473680674333
0.0620817263619762 -0.0231894403954438 -0.0697740627851852 0.0803617252849609
0.0808038742840131 -0.0358203827886601 -0.126495126957903 0.100499427679876
0.0954779481854393 0.0225021166523525 -0.213686639819669 -0.019446565375199
0.0840734760782916 0.0952959450881096 -0.289227548469546 -0.214403142589387
-0.0305548281352942 0.177080446335528 -0.119028015366897 -0.432262696316504
-0.155162044949089 0.112413111411477 0.157279502448298 -0.482956284930984
-0.141512866173728 -0.0386238998844791 0.296702418939656 -0.276547650917857
-0.0665455473268006 -0.094860727280978 0.0566870131144295 -0.172303756073152
0.00105096202698517 -0.00292886102429894 -0.188816844816859 -0.109093653775976
0.0640924151927952 -0.0740040203783284 -0.701255684981949 -0.124694024550829
-0.0895552095106871 -0.099791661418938 -0.631754099995286 0.429588413035457
-0.146665945795435 0.0150804421157555 -0.131709214642231 0.587609675050333
-0.0314017196782247 0.105451780706111 0.16722206335211 0.321734772426021
0.0548992678869862 0.0433056537820802 0.115148952264496 0.0945268373511421
0.08907880041267 -0.030527127853594 -0.000895266469863888 0.0371418504052882
0.090552213278966 -0.0484478425506668 -0.0459646127567979 0.0582650649365521
0.106014667789945 -0.0561410518873525 -0.0909061244996333 0.0797680348842908
0.120541098339554 0.026816026625949 -0.173792352668922 -0.0171486512230186
0.09015548525296 0.117216446657997 -0.271197665358796 -0.182564840847367
-0.0520824304927069 0.195669857560747 -0.134050890965542 -0.418573695253971
-0.16948672182301 0.101370419169878 0.153682967324052 -0.513825276643022
-0.131843087828583 -0.0461114240408298 0.359894974609411 -0.280576546079367
-0.0720172127921959 -0.0867342471584017 0.0938498375476121 -0.109017004900361
0.00366088176583051 -0.0488200347200721 -0.175527489834103 -0.0593301011977492
0.00861460243929766 -0.139034423821736 -0.637359215707152 -0.0293699974692319
-0.166965267232703 -0.0790457043038521 -0.521192618549532 0.439129555233372
-0.156686395043867 0.0970307256832908 -0.0783406333670006 0.53944279470711
0.0246880028288679 0.140280680332324 0.164917034903383 0.301593208409247
0.104339350576925 0.0339986988520486 0.127279989127945 0.0901366733248887
0.120093489122342 -0.0500242892125412 0.0245732263179175 0.0202788195023805
0.10418896580638 -0.0656904503899968 -0.0138476122143395 0.0255061037770857
0.109122155908504 -0.0678609547234691 -0.0535370744387194 0.0538301238607939
0.111614451867374 0.0243107346220709 -0.140171711168411 -0.0141370388047778
0.064700897650187 0.104767012971242 -0.264740393463214 -0.158527989569827
-0.061117590692683 0.148767689847419 -0.148936097744618 -0.428138919228915
-0.12076461080704 0.0638278185226747 0.180090680544409 -0.560676334023348
-0.0744988850925211 -0.0183688167528502 0.45765784762609 -0.271649265507043
-0.0677988926151384 -0.0389090294405177 0.143086660275969 -0.044889248442449
-0.000153594115391931 -0.0834125618612401 -0.152036882844405 0.0210766078727115
-0.0508724416108293 -0.167586633856007 -0.535842771337408 0.0755873907238202
-0.212306855509364 -0.0375768091976937 -0.405893691970473 0.4345710089106
-0.135332803533831 0.159024999373854 -0.0321375494448798 0.502370237388616
0.0739823883734701 0.153689234299025 0.182818690133624 0.297078150587708
0.13410304524606 0.0242785811824136 0.16155450705561 0.0837872881580094
0.133505683651622 -0.0579217709122266 0.0629039780244133 -0.00948008860836404
0.102268996121988 -0.0723295605645625 0.0209732454926166 -0.013633081552311
0.09387381760941 -0.0723065891049531 -0.0235681065813038 0.0278412700829818
0.0817697416092763 0.00866025921681567 -0.126612564178662 -0.0148463852719364
0.0362080074665275 0.0564391060114963 -0.278087703045219 -0.162518824369348
-0.0284453426374805 0.0697406923285076 -0.143190852045986 -0.479898980758303
-0.0251383964031765 0.045202514793177 0.2606757359582 -0.610580906613043
-0.0106316843428675 0.0464922094876201 0.57118676693073 -0.230899629481377
-0.0650749204860378 0.0258657064135956 0.191775671538352 0.00626112960525935
-0.00373389429489979 -0.081218132384798 -0.115481920350978 0.106901118505012
-0.0721236825598026 -0.14232102655409 -0.423226593387162 0.15570166425725
-0.191491045507565 0.0017445145141962 -0.318825067049899 0.421282113661378
-0.0862370677690116 0.163805816126519 0.000967659150061023 0.48678291287423
0.0936432730622327 0.133424944417492 0.219106234579047 0.29991999944839
0.129992671177211 0.0140723877138504 0.206855407700771 0.0695729328931356
0.119706885467445 -0.0549217930590837 0.106615668829512 -0.0474257905064453
0.0836104550549348 -0.0683554845895468 0.0535580582850242 -0.0527185052409033
0.0698834543662723 -0.0719548552196701 -0.0049137478459548 0.00282107099978697
0.0542403392427425 -0.0171702879866096 -0.131940786123854 -0.0306489089004011
0.0351364887209774 -0.000167460932076145 -0.290544549006625 -0.208069700296427
0.040892748445432 0.0206047139828859 -0.0915768159920073 -0.557591942022113
0.0591524541159805 0.0771545193950018 0.393571967039388 -0.624311671078076
0.0115343817518141 0.117158680031661 0.670911272540979 -0.150277486489419
-0.0688265802919417 0.072777151853143 0.232337293961931 0.0389317855622873
0.00558961125208348 -0.0415928292926575 -0.0760908740479213 0.166875072963459
-0.0351386121208679 -0.0845062791057762 -0.330897495123447 0.203547860612752
-0.11354699509305 0.00903930891494878 -0.260136568077591 0.417011474330496
-0.0396528037397279 0.105345338934777 0.0347880078221769 0.485785291116788
0.0702931760017017 0.088318248611799 0.263190900879357 0.295803354994197
0.0888768262476824 0.00877911056079024 0.249266913281038 0.0484296039577691
0.0810724766876622 -0.0381280986232397 0.145165503553566 -0.0859879591051538
0.0537143423739229 -0.0513034251584087 0.0796773322664876 -0.0861639608332336
0.0448220389405803 -0.0623833256488503 0.00570577229503288 -0.02154428195003
0.0418074038983113 -0.0377743836403494 -0.139670421194513 -0.0622132945963499
0.0583831672487094 -0.0302620500487246 -0.277126867932604 -0.276657971369728
0.0962876862641786 0.0285840788825623 0.0111116556626401 -0.615707427842273
0.0754512023011895 0.127992092449699 0.540979756259292 -0.576115342990045
-0.0146056616840285 0.141570120585702 0.729802233003305 -0.0446510494735066
-0.0659582785575667 0.0773595567596218 0.261085050996528 0.0528042163492908
0.0166269186399882 -0.0454475528935577 -0.217070559543187 -0.0715339731469224
0.0389365102232187 -0.106427084693251 -0.713267272904982 -0.0869060799830531
-0.0834564763456137 -0.127209770371019 -0.641363216999525 0.499028316670042
-0.150183439591174 -0.0466173487803127 -0.0750321895744365 0.678003083847542
-0.0914643902631765 0.0757776489713912 0.27649159225013 0.328144485956861
-0.0343423670247849 0.0769481827084434 0.168393407046113 0.0490659925619509
-0.00893133753040869 0.0563536752632832 0.00283012808870689 0.00946878833321222
-0.00650253650270853 0.0415460440164939 -0.0690497087798586 0.0772889646825767
-0.0129681791853315 0.0250474584827005 -0.1356948064618 0.0979175053746356
-0.0280124666694723 0.0174827283512833 -0.236164036331059 -0.027084089596212
-0.0183681061260331 -0.000381222904810677 -0.295052805204247 -0.242303127897391
-0.00151724042656027 0.00148857092782437 -0.092537464428981 -0.446443257216123
-0.00428802251235176 0.046552041990658 0.186520441769093 -0.443918508344054
-0.0273225641937554 0.0373747262873021 0.272748393887283 -0.254584355514939
-0.0231148452952363 -0.00512553398016527 0.0404323153232849 -0.231913114581355
-0.00131132792254174 0.00196160405587016 -0.211686466785213 -0.0900474051120406
0.0701864039871899 -0.0469673974397117 -0.716802355912693 -0.139688486630902
-0.0381229091887193 -0.11550163050597 -0.688195973270558 0.438664043821948
-0.132300427254924 -0.0663198754355996 -0.13833826289809 0.654835483960308
-0.0943586004629677 0.0629058530951793 0.229348539384284 0.347388392345905
-0.0241114065248622 0.0651229929929936 0.148993143878466 0.0781588309204689
0.0134359443104409 0.0282917196448068 -0.00333994320387078 0.0296840189343572
0.0252744366787876 0.00813259545000429 -0.0710542532053527 0.0856386371278324
0.0342299317545051 -0.0069723449538927 -0.132182767807405 0.108507945583687
0.0385137715983065 0.0178207755266785 -0.229931111686194 -0.014486157899771
0.0403467137912659 0.0485080317841442 -0.297798532981295 -0.220103792750226
-0.0126596166299299 0.0992738817688512 -0.113920512377991 -0.431513880611551
-0.0870566881665616 0.0873681482451169 0.154442851276865 -0.45369440993422
-0.0954255497050937 -0.00662074173149515 0.255693445333353 -0.264752189360754
-0.0489294569302616 -0.0595132934261135 0.0294633467854454 -0.213423683577683
-0.00841915306334517 0.0227992712813821 -0.200920714483112 -0.107268678234666
0.0817360742634452 -0.026700701586897 -0.712720704103931 -0.151135944399211
-0.0324358150328395 -0.100197590672971 -0.678106546116676 0.423277834925823
-0.122968142374652 -0.0470424024461743 -0.147770144955627 0.619049386539033
-0.071031462689023 0.0675674627220145 0.192936339436327 0.333797786284624
0.00500602755310393 0.0499755662475061 0.126772339874825 0.0886542986728599
0.0435716134894004 -0.0045025818834279 -0.00602843493240063 0.0394814197460164
0.0555454241041947 -0.0242766571462768 -0.0605953980843385 0.07855784042168
0.0723804960131593 -0.0354689033313208 -0.110752792966635 0.100004780910424
0.0902868689290879 0.0193482416905744 -0.20261288413756 -0.0106000718459501
0.0812579473423411 0.0881768323435473 -0.28327695944838 -0.194544279560783
-0.0246652247049964 0.170515207095195 -0.127736893185591 -0.412900967194865
-0.14413887442497 0.112633010610072 0.133879470987139 -0.470201551595752
-0.135656327471972 -0.0347656662433937 0.278360803427674 -0.273176359715159
-0.067862615831923 -0.087503674616985 0.0470061020923791 -0.167594693318978
-0.00461712522489928 0.00246319359019947 -0.189634875389207 -0.100244669830651
0.0624289249980214 -0.0676695011737422 -0.687446040579172 -0.104120101576978
-0.0809305043715155 -0.0917010934043093 -0.604636710385576 0.434250547263032
-0.135504892454212 0.0119404081595925 -0.110845820948983 0.573263653842353
-0.0277706925390386 0.0953033101927258 0.173007378320085 0.30462100657602
0.0497036648371238 0.0366102674916766 0.115569659778091 0.0872562453404996
0.0781538169555998 -0.034179160846486 0.00113116062866265 0.0358547314618591
0.0803852558286846 -0.0501191873846703 -0.039327545055785 0.0573332916563561
0.0951934174208615 -0.0559511470612132 -0.0792716277879342 0.078763859037452
0.113559409357097 0.0220815424597301 -0.165019276419225 -0.0107734538676354
0.0875591672471598 0.108209706052256 -0.265341866364213 -0.164069396179196
-0.0439795333679486 0.186520250838599 -0.142415132261186 -0.399820759450166
-0.155591803831075 0.10100982605681 0.129374180829102 -0.500484363900876
-0.124873452507365 -0.0399840934535358 0.342027141834677 -0.279583789318806
-0.074021525860545 -0.0764404564614616 0.0863475513250982 -0.107440998542105
-0.00343184400056921 -0.0423004429440258 -0.174578095727747 -0.052765407730983
0.00642177366845499 -0.129087933332106 -0.620854902870612 -0.0132146184608996
-0.155526175586386 -0.0696941533248631 -0.493884816557268 0.440414206297872
-0.142550599036243 0.0924270237303075 -0.0599631561072212 0.521914917526842
0.0271216061349874 0.128087530855584 0.169112415879457 0.283443842781889
0.0970657374722006 0.0255921256406717 0.124862208990402 0.0824011946091315
0.107767754361172 -0.0550599408105041 0.0226863091404518 0.0181299388950181
0.0925352911381122 -0.0674969716556946 -0.0124305450214432 0.0251164151258735
0.0959152332551929 -0.0680598929352868 -0.0461281365468735 0.0530868512613614
0.102993573563675 0.019464541612808 -0.13457324137509 -0.00833053833173333
0.0614321902866007 0.0947861922029116 -0.259873689040797 -0.141532834598957
-0.0524588361621724 0.1392053848297 -0.158093652405313 -0.41020562222194
-0.106395844451193 0.0636509359594441 0.155171941068603 -0.548055371256635
-0.0676443088317872 -0.0127603969586423 0.438922976438851 -0.272457127352685
-0.0697848933778093 -0.0280533936712336 0.137534102629321 -0.0475026982273273
-0.00819277471795701 -0.0761755413574219 -0.14730350770779 0.0240895896767505
-0.053257928424919 -0.157030688214091 -0.518389734628642 0.0871231848475085
-0.200525387673069 -0.0281799776517075 -0.379435069270104 0.430468813093879
-0.121446375728722 0.153535296407808 -0.0168693136772469 0.483258816730638
0.075754664866675 0.140993246290501 0.184877525159943 0.278237978806485
0.127264849395344 0.016040408026727 0.15517447893096 0.0739108889923808
0.121326281149305 -0.0636855003064665 0.0560498235561066 -0.0114924251670889
0.0902810934819819 -0.0741091696635685 0.0176210341311947 -0.013806565801955
0.0810295476199145 -0.0732891926812731 -0.0210500040481683 0.0270180701488024
0.073320432637711 0.00390724451404071 -0.12440550002594 -0.00973175611272802
0.0328129438334237 0.0476745697413328 -0.274950191845788 -0.145903522335794
-0.0212009880211356 0.0611441738137957 -0.155734987884889 -0.462231026803343
-0.0122195865028842 0.0440890989937461 0.232413110800536 -0.601072860198906
-0.0044096482240646 0.0501900491985553 0.55056426102188 -0.237342555557496
-0.0660122533814717 0.0358190345675516 0.187854156202734 -0.000240988994315889
-0.0116831490944836 -0.0743356227881443 -0.107405934990221 0.105747074101131
-0.0738644920257472 -0.132291559778829 -0.404620437195993 0.162052977459203
-0.181172282659749 0.00863997926526579 -0.294830757722309 0.414523518485819
-0.0742162283606604 0.158639358170618 0.0153718259127461 0.464127530415425
0.0958747711208264 0.121578344476174 0.219535340171822 0.279580698827888
0.124130792661853 0.00730680230596471 0.198042710259535 0.0592330396134873
0.109715876432463 -0.0594382007332446 0.0947436981886791 -0.050112844148188
0.0739231582559519 -0.0699824153390767 0.0454985092209517 -0.0529996239423453
0.0589236808088098 -0.0725027726782958 -0.0068066610691701 0.00270237497924072
0.0470340681323365 -0.0211444813904636 -0.132521452620994 -0.0243847058122166
0.0317435368254979 -0.00688585778528525 -0.290826162157113 -0.191939684009114
0.0463444964269432 0.0136780799878708 -0.105619138213438 -0.541269447688222
0.0699929491423033 0.0748813218551339 0.364675538669244 -0.619431888230633
0.0164810830093793 0.118759050633926 0.652179833818778 -0.160275582072119
-0.0686441641980873 0.0806691353667204 0.230255125562488 0.0287692979171504
-0.00050550064362611 -0.037851844323685 -0.0659885060424442 0.162284292101323
-0.036570366010718 -0.0795532092961266 -0.313476792729675 0.204209260181811
-0.106430287326072 0.0139996851078463 -0.238548334001442 0.407463557694511
-0.0310624068379845 0.102015116676037 0.0479506344439445 0.463573924976324
0.0731161884112502 0.080452104496761 0.260194175743053 0.273790667895153
0.0858922119047048 0.00451012027831364 0.237116736675392 0.0369855948931024
0.0745360998922917 -0.0413717964820102 0.129536132915871 -0.0882972856084088
0.0478411748634493 -0.0525592059686855 0.0680186659502139 -0.0863175795747901
0.0373195828974264 -0.0624483914703224 0.000143419810661949 -0.021143276067035
0.0370831507856088 -0.0401085106689962 -0.143031015611876 -0.0567007318601727
0.0561522483636224 -0.0356375958598045 -0.280612657259209 -0.261964456919198
0.0993689460989894 0.023322782860832 -0.00763399095440458 -0.602369474503736
0.0841961632523851 0.125605050599768 0.511953673528345 -0.574620159933088
-0.0105925461754167 0.140944665895002 0.712970770685855 -0.0587801803374318
-0.065452159972173 0.0822527484943606 0.259785183743986 0.0401438200978638
0.0041213954514848 -0.0485907368245097 -0.233417660360905 -0.0230646882605752
0.012624546372715 -0.104743598938881 -0.729405149541699 0.0535784040072745
-0.105177506385187 -0.0972089275678872 -0.53582454519203 0.611725162132862
-0.147117957242654 -0.0042894031299768 0.0562751278889783 0.677507819546274
-0.0642692285688709 0.088917791019492 0.335670843808216 0.267543759188395
-0.0149874406594284 0.0792282084778192 0.177205142303525 0.0169028624194392
0.0047577686799042 0.0556779621008066 0.00459188957348025 0.00863316545835906
0.00302315887534101 0.0422150347061645 -0.0473508623499655 0.0860823701613881
-0.00746444189302153 0.028260130444429 -0.105708757735293 0.121497172561949
-0.0251035247917927 0.0226485212344564 -0.234491645925042 0.0231063396127953
-0.0204132109301838 0.000438803367605848 -0.340782004537151 -0.172229249268981
0.000637814432768866 -0.00313900026966685 -0.186917080231082 -0.417377617668726
0.0102276306676967 0.0416457910899285 0.0852855603082097 -0.477199791005588
-0.0128759288006002 0.0385793290765516 0.212003107749673 -0.312197819114174
-0.0208888273360464 -0.00727683259653109 -0.0117144790701418 -0.237341103705593
-0.00460956583906577 0.00350829245566257 -0.235977686920361 -0.0419619972807835
0.0555677196960981 -0.0511679764569588 -0.746204342617432 0.00230571834984657
-0.0561662349899034 -0.0950582889931462 -0.594239882791966 0.564611334840778
-0.132867723828139 -0.0302216023475448 -0.00966208317057959 0.669587710318449
-0.0713423986520275 0.0747983469279402 0.292785544291902 0.295570788709579
-0.0102954549680797 0.064936497940065 0.163808070876031 0.0485697989323031
0.016496667507862 0.0245829670211292 0.00500376952048401 0.0306781473945365
0.024089766478936 0.00494790595790431 -0.0472022533443918 0.0946957226066921
0.0286517578428397 -0.00941687946545013 -0.100375928127454 0.131422044598756
0.0366627705345857 0.00976984326120545 -0.226832376116983 0.0353880665286684
0.0424706957077397 0.0340168571645361 -0.339509705585476 -0.149891175211063
0.0094129663304624 0.0904376023248124 -0.208315447547838 -0.399043206474384
-0.05840744658636 0.095666412180358 0.0483381185693988 -0.484155296730018
-0.0870715249154464 0.0113847867670564 0.197994223441574 -0.319117792720848
-0.0575566994570642 -0.0514097534680029 -0.0150298093850066 -0.214439805967881
-0.00767802072082748 0.027295405600741 -0.230323890748388 -0.0627702327336982
0.0721160117922032 -0.0314865573226654 -0.746040769364065 -0.0112282572362346
-0.0436902376724115 -0.0809891608320037 -0.588113892558054 0.548577219319198
-0.117491922779299 -0.0171788869685773 -0.0250844485156824 0.634424613291653
-0.0501486388522061 0.0721815119202153 0.254440569616431 0.28967467431496
0.0119607032048489 0.0429964501872477 0.144073479292058 0.0646092007880508
0.0351279467592482 -0.0128629129512758 0.00609519424572632 0.0418480764578663
0.0449731212953575 -0.0314611600802059 -0.0390617690095215 0.0868295593423098
0.0576336981858397 -0.0443071408292841 -0.0823408492522072 0.118833592661054
0.085474268810653 0.00144913618511406 -0.201323763362561 0.0341560136989434
0.0876037636976802 0.0629750526036206 -0.320555115532851 -0.126021383589456
0.011584127327825 0.157431904667027 -0.219726610828211 -0.380063028778622
-0.104649735147072 0.129058110286559 0.0236849476556254 -0.500206660274159
-0.130051075958647 -0.00581272167457826 0.223092352595944 -0.332412741339261
-0.0824191273490454 -0.0702463044424957 0.0142071786358864 -0.172017043445689
-0.00898152755340721 0.00963679917787354 -0.21619463709237 -0.0602908937918318
0.0463085539132281 -0.0647775706617298 -0.70987158431405 0.0318959372354731
-0.0856197360638306 -0.0636179155712728 -0.51450520026284 0.543247729403072
-0.114439850658609 0.0390662513100001 -0.00160997599384733 0.581951803239605
-0.00422635729393281 0.0886441280526025 0.228114818423138 0.266896329303055
0.0503050593950434 0.0214529435673879 0.13202466685135 0.0663898216416806
0.059270441928014 -0.0485140886018044 0.0132799650689654 0.0390042994895032
0.0620109295051963 -0.0610573662106953 -0.024381285985827 0.0632121156612356
0.0731777363989149 -0.0676634641422783 -0.0573580473117743 0.0921814305397566
0.106747157667787 -0.000745292538682593 -0.165799150428302 0.0266559889162432
0.0953674427081488 0.0800789834608724 -0.296079028993208 -0.10020748239798
-0.00269463988101072 0.173997102190946 -0.232172184150206 -0.364426737487634
-0.115586151834559 0.118561671298339 0.0143938795385274 -0.529508057569774
-0.117827577172685 -0.0107854967087137 0.286789183182259 -0.354019851272813
-0.0866611758263899 -0.0538273840574232 0.0674515723332204 -0.12186540171336
-0.0172046997323974 -0.0318512603891588 -0.187593774978701 -0.0181666293820723
-0.0186383227083932 -0.111613605082667 -0.622418092166057 0.108624103367252
-0.150609929294091 -0.0276007901178347 -0.404951841730145 0.520948466882649
-0.103706463472555 0.115525565146357 0.0314749474531541 0.520690482488947
0.0544760566304501 0.108660015906428 0.220223955881115 0.249030577914479
0.0931518989035883 0.00121322157621914 0.139410691044918 0.06029539572095
0.0821007175602826 -0.0757772538895399 0.0303229126455224 0.0201273335569798
0.0694807905278992 -0.0805290639719592 -0.0062311112867854 0.027229198437821
0.0708976250005088 -0.0797830592057306 -0.0327506530621331 0.0609430427981618
0.0956196161107941 -0.00218533921192397 -0.136548080338196 0.0219935091721842
0.0673828158773844 0.0713895911874686 -0.287194236334432 -0.0793114585099918
-0.0190440334952488 0.128136729219656 -0.250390005361616 -0.37300542192777
-0.0734953408236445 0.0727185234852067 0.0292878214791915 -0.583310994148155
-0.0550200719865091 0.00651979745775894 0.380969543980452 -0.370534048700568
-0.072476022423846 -0.00425801643382647 0.130444199639365 -0.0759369874061396
-0.0277632208764943 -0.0628056179935275 -0.141374385554003 0.0509630947035118
-0.080244835399927 -0.12740464258781 -0.499315985137224 0.185262508266838
-0.185798185781487 0.0195395032597438 -0.297835101197798 0.485819018407341
-0.0708311476688309 0.168879655449428 0.0629791084918966 0.47435074882444
0.104160331989534 0.111819376438039 0.235430197996987 0.242599788758186
0.120867418981187 -0.0141740615697605 0.16701056947433 0.0473629423005982
0.0942437729466794 -0.0873092267540942 0.0557901635181413 -0.0140299841751227
0.0669072838813211 -0.0869832716668128 0.0121140644068844 -0.015920810787643
0.0557277964742526 -0.0826089695056355 -0.0157985481436493 0.0317394054761582
0.0633537124721576 -0.0111011313353867 -0.127806592718688 0.019522386978209
0.0310850551404649 0.0309650923785019 -0.305228199080102 -0.0813527735677115
-0.00232597645337031 0.0461214534146149 -0.257926044200934 -0.426557410490901
0.0150199269902683 0.0364284793197711 0.0972145540675877 -0.648162492445825
0.0200197136044032 0.0579349084339501 0.497870641309632 -0.360995121594211
-0.0562588911663814 0.0586360432424876 0.188995394346421 -0.0442753045920176
-0.0306182093492118 -0.0612848024925184 -0.0822453229921221 0.123406650338783
-0.0953024548362517 -0.102190695454317 -0.369325294174912 0.23574904189659
-0.161096328354066 0.0504004258427584 -0.215650942867658 0.454342239056539
-0.026691914032231 0.164834018684586 0.092120569124452 0.451896790328859
0.120485144404882 0.0903947296029882 0.269985370211903 0.236590630353721
0.118501797144092 -0.0217439278934019 0.205033989058559 0.0236683208193617
0.0857376205868799 -0.081460182979583 0.0826994763769266 -0.0591328756196285
0.0528922858160489 -0.0803374305001275 0.0286801089959912 -0.0592841964126736
0.0356118233567938 -0.0783072144205044 -0.00873694085598111 0.00536903816856821
0.0343425184615864 -0.0311565658059225 -0.140926467756313 0.00675239843530769
0.0223492987247805 -0.0216775202308621 -0.33366601369048 -0.125599628190617
0.0560654536037159 -0.0112722114871177 -0.226013642860002 -0.517541069629005
0.100063660484377 0.0531951648820128 0.226870911960567 -0.693521688600617
0.0529844496042442 0.122539946603012 0.61399468970438 -0.308468723072133
-0.0491858794782239 0.10280523820298 0.236992139156946 -0.0281207839503282
-0.0122981408027444 -0.0298363898754664 -0.0280463715728867 0.172433717796343
-0.0492603749028671 -0.0613057406481412 -0.268427274717699 0.262137513158738
-0.0921235759452741 0.0392460501626872 -0.157650374608526 0.439681354315747
0.00163948160932023 0.103189946329792 0.129268880759152 0.444864367295793
0.0921743357212809 0.0559628856048364 0.3089840940763 0.220840903438177
0.0831052355977765 -0.0169397725564062 0.23743708677526 -0.00767423296910004
0.0584528293009532 -0.0578523890062286 0.105365086566703 -0.104941539893391
0.0329275968180562 -0.0597067124842883 0.0419112378028782 -0.0961510038109508
0.0188669663444907 -0.0659372592903391 -0.00892195317629334 -0.0192875377468239
0.0227449701230606 -0.0482509838688174 -0.160183863644232 -0.0228967056674582
0.0427313705257319 -0.052713966619369 -0.338436414487911 -0.198504090035027
0.111285905103736 -0.00808220317847324 -0.140376105953469 -0.599016354911335
0.12172843537429 0.102165349071473 0.379848720468587 -0.681835288367369
0.0277230270354516 0.150077706241501 0.699397130804457 -0.220794279476649
-0.045672144006547 0.101207502793622 0.270225394290188 -0.0241705972581881
-0.000100076728082646 -0.0511581064791502 -0.23951692832306 -0.0109790555120066
0.00848210280844326 -0.109453253566197 -0.74024994268218 0.0704761332795491
-0.110275601206175 -0.0963568817585262 -0.532608625222906 0.633002932182454
-0.152020929279057 -0.000426487124750827 0.0741719477351651 0.686346684902936
-0.0623465766104588 0.0919652685515877 0.350738688223788 0.262066471369191
-0.0110255459866048 0.081232320350018 0.185382358684303 0.0111044344436064
0.00736215049422093 0.0575186009943956 0.00919586476335502 0.00769083414106389
0.00617256749339068 0.0434997660214758 -0.0412144126642577 0.0856408054359578
-0.00590714096200677 0.030917733040962 -0.094608818955733 0.121898501350464
-0.0250274896298493 0.0257108320203033 -0.229791549278202 0.0305544771294735
-0.0215669839182627 0.00173590201887492 -0.344437814398755 -0.159707761976397
-0.0011850591603423 -0.00107974901033895 -0.199505251122803 -0.413440078792572
0.0113025009487093 0.0415309473374317 0.069605021889221 -0.479622442565232
-0.0133568871437791 0.0352319561931718 0.203223757641367 -0.317104648196621
-0.0208885076621878 -0.0110258780393315 -0.024875040615484 -0.237832849532034
-0.00797233249723459 0.00614295785243721 -0.243981235673645 -0.0308705453099311
0.0557829592490438 -0.0519255436861343 -0.757071783465629 0.0203201019191558
-0.0554494307615712 -0.0961053900805751 -0.595501174919943 0.588538210520949
-0.134997263113242 -0.0313692348826946 0.00691645827027873 0.679816830889967
-0.0721764469311844 0.0745506423591961 0.307701742534306 0.291594265047541
-0.0101717074361151 0.0654819329309997 0.172172633446272 0.0444894526160225
0.0149909541288256 0.0256816109076706 0.00991154551056259 0.0299373771930613
0.0238028519297661 0.00525584597001232 -0.0411071662486853 0.0945651859755524
0.0275984124529334 -0.00830686800108794 -0.0897140472535397 0.131532282562091
0.0366387280566316 0.0103951314938131 -0.222182130838585 0.041769315522496
0.042488313998084 0.033216296796182 -0.342666115776405 -0.137198287220128
0.0111945383182489 0.0905782597241474 -0.220249472312254 -0.393816539067787
-0.0557297953031476 0.0970153871197062 0.03261963285959 -0.484535781829351
-0.0881586790450219 0.011045653749669 0.190157194559815 -0.323777312247474
-0.0599866051823922 -0.0509779687347605 -0.0272261593384683 -0.214077366618167
-0.011060342531297 0.0342571161724215 -0.239272557027875 -0.0536779713010049
0.0748488284209689 -0.0291689934343947 -0.759081236079975 0.00749040563855962
-0.0386262792143541 -0.0816803137887685 -0.587480668992967 0.571833518597202
-0.116612130294853 -0.0217450114899898 -0.0110024126143706 0.646782471557956
-0.0516318294160292 0.0684983640748994 0.26831755503428 0.285227548269052
0.00882677331547422 0.0418061234008926 0.150451175673913 0.0607148660838438
0.0298041510208099 -0.0124144497476974 0.00979183698840059 0.0417295201724059
0.0407631188541799 -0.0320060157497326 -0.0337915104530514 0.0873359495078575
0.0537749008697756 -0.0433972452788787 -0.0727650887905646 0.118756582874997
0.0838725051404739 -1.71358030156589E-05 -0.1963786289066 0.0397592382637829
0.0875797026315214 0.0602426219423913 -0.323159066049428 -0.115270631915144
0.0159334333840838 0.156627367512944 -0.234415061458904 -0.375018730931815
-0.100022613629541 0.130722492066622 0.0075601801919677 -0.5004960624551
-0.129859181559987 -0.00345859451320487 0.215806028312182 -0.339526922987612
-0.0859808610675363 -0.0659531019774938 0.0052854528266799 -0.171641415903916
-0.0134888175675156 0.0175938152239919 -0.22415105050672 -0.053466432075737
0.0491796421666285 -0.0603246852669191 -0.721544474023034 0.0502998623111903
-0.0785428348912657 -0.0622323697221482 -0.511290671257975 0.563771282911143
-0.111359571688411 0.0336174641024752 0.0136332641919987 0.58873356536703
-0.00507924134810084 0.0832914643224606 0.239649721769385 0.261971891861555
0.0459554340752895 0.0182632173547953 0.135543298555473 0.0626850771982289
0.0514322775499181 -0.0496949352696505 0.0149644629211729 0.0388911439506444
0.0550710807649157 -0.0623640161693724 -0.0211623523847461 0.0640161027420946
0.0669879215549107 -0.0674365933531673 -0.0494767494881911 0.0914866056111332
0.104360498321674 -0.0030931914543387 -0.162728366527997 0.0313933889661373
0.0944443162674789 0.0762317668412437 -0.297567474366668 -0.0894257266687239
0.00187048526090168 0.171110610409571 -0.24592359703836 -0.358390337247317
-0.108689710513179 0.11901064081644 -0.00421545110631899 -0.531380550859589
-0.116204055708642 -0.00770640271850848 0.281822925200377 -0.362486705424071
-0.0894158557832968 -0.0459180867822635 0.0619250835071269 -0.123698147846023
-0.0233605179466534 -0.0230359045971824 -0.192664673577149 -0.0131224706230857
-0.0186684130711078 -0.105878138848613 -0.63051335255821 0.124784846611965
-0.144308852438216 -0.0235702682981473 -0.397230010831122 0.53871228206835
-0.0983444947624663 0.111473445490036 0.0475695338227215 0.522745678248335
0.0556052000850165 0.102031991000156 0.23019895212513 0.242265035848821
0.0887096822869949 -0.00358185629383619 0.140553543781637 0.0561875828465078
0.0733379799055548 -0.0782755682502655 0.0289983732550314 0.02018578436082
0.0618812639511373 -0.0818708809929761 -0.00599067642868837 0.0271933710993041
0.0631479129359761 -0.0789964936212526 -0.0276550467016656 0.0597707399457736
0.0909364078822335 -0.00379887303823911 -0.135191013454293 0.02698631126685
0.0646205280323404 0.0669037220455052 -0.290536185242423 -0.0675790339613867
-0.0157438600528235 0.122454378903012 -0.266231438985337 -0.367364531105207
-0.0649404907285885 0.0703558004502342 0.0118272882477087 -0.586247904027497
-0.050128350845719 0.0107060921864701 0.378540471105818 -0.38357674177097
-0.0739447851775645 0.00627073974739084 0.128594802231811 -0.0801486388533689
-0.0353291993554734 -0.0549475452685842 -0.142257840985661 0.0546932976377675
-0.0824557348620493 -0.121169925221659 -0.499717958756735 0.200274084610318
-0.180348948070551 0.0250882477514112 -0.287944042385278 0.498036514406225
-0.0636035255801113 0.165893415464865 0.0769592810178966 0.471776625929232
0.106815247622351 0.104180327488685 0.242184125626042 0.233839872008484
0.117643386934365 -0.0201366473081753 0.165880910715596 0.0420470204846154
0.086019887622973 -0.0911293884202168 0.0507794278976365 -0.014437231427994
0.0587878863812411 -0.0888765824702391 0.00879187212318282 -0.0153915077721946
0.0471215180876675 -0.0821844318763032 -0.0138792668643023 0.0314920364993092
0.0577850933563049 -0.0131762708975501 -0.12887494416683 0.0251352975321952
0.0267382341213 0.0261798739744497 -0.311166778326793 -0.0695801001225328
0.000990852027488359 0.037519824013718 -0.279157264692029 -0.423126491043208
0.026220408231888 0.0317545176506232 0.0779505984277305 -0.658326399750222
0.0274855131777627 0.0625386363491815 0.500245677932198 -0.379024678315529
-0.0565760493731173 0.070740061939263 0.190871914582375 -0.0510948608523639
-0.037339455785471 -0.053337355274284 -0.0785586360234556 0.125373808496485
-0.0981040834853867 -0.0963710292989906 -0.365688799512105 0.247583189365824
-0.156049261579345 0.0561479011926617 -0.206106921099748 0.460502282471931
-0.0193397135679709 0.162242239022159 0.104969907713347 0.448515235815148
0.124589601547666 0.0833444321271402 0.276697020602911 0.227291584404985
0.116261719460816 -0.0275034638251486 0.201854108668953 0.017689407081754
0.0794550333194068 -0.0854806701583227 0.0751264943855438 -0.0602501412156989
0.0462240170103016 -0.0821941392597024 0.0219764753807342 -0.059560777099892
0.0270729804050808 -0.0784260305446632 -0.0106603891700788 0.00646409899186234
0.0280009441742726 -0.0337901195199875 -0.145887548362364 0.0130069464553742
0.0173168409713603 -0.0279411532018404 -0.344630687137069 -0.113845002492288
0.0608940023033832 -0.0216667424665021 -0.248472107508787 -0.517474495040558
0.113369107132888 0.048260549006282 0.210546511338158 -0.70910381896827
0.0608128397369474 0.128106448294258 0.620146772309438 -0.32837120875879
-0.0489285180022057 0.114668959251524 0.241046863248061 -0.0377728907469418
-0.0178637440784168 -0.0237446604697749 -0.0205106390335811 0.171880431665499
-0.0510390750204473 -0.0578084761416156 -0.262637800883026 0.269145160416917
-0.0880237675687736 0.0434110459847236 -0.147450827538082 0.443533691988106
0.00717311563348089 0.100382274872631 0.140065921797037 0.440984517288916
0.0957677846346089 0.0503494636661776 0.315693314160262 0.210262595212082
0.0829395857419405 -0.0205956808129131 0.233285421890489 -0.0148218413054319
0.0541299496555584 -0.0605077844126983 0.094418914272044 -0.107141299555589
0.0290985682769525 -0.0612234108420561 0.0321252641353285 -0.0969067629352741
0.0133205451678559 -0.066597128337299 -0.013734922304791 -0.0186173460269937
0.0185783403824714 -0.0510368370881581 -0.167467211226188 -0.016873506723413
0.0397523093387991 -0.0589679151730572 -0.353093072290152 -0.190498446980978
0.118003997030404 -0.0159751424837602 -0.16310952978541 -0.607727133982101
0.133808993908591 0.100403914974428 0.370206643096987 -0.700441713534413
0.032621057512698 0.15584377863646 0.708764547401918 -0.239912213538508
-0.0459811452263677 0.109722150139743 0.275293243259904 -0.0362265270115029
-0.00604198981823123 -0.0528725993344794 -0.245423574675116 0.00926064370311044
0.000513119984364267 -0.114247453778508 -0.74875159904997 0.109798428056109
-0.118532979447648 -0.0932020060312861 -0.511725570014804 0.674764775882799
-0.158153833799518 0.00853032036729898 0.113111407149354 0.694257587941252
-0.0585859615354491 0.0968495136164422 0.375187970993089 0.246346387861813
-0.00446226438289093 0.0832810572864521 0.193855778961399 -0.000887383942008836
0.0121595973637257 0.0584218530998487 0.0138944947247856 0.00611566028942152
0.0102655453092565 0.0437715941105158 -0.0332928278557795 0.0866186776823779
-0.00296807190763375 0.0327869965934604 -0.0816388769414914 0.124447135605845
-0.0233364270734849 0.0292230341640357 -0.224423068542634 0.0437616234740578
-0.0226913834836341 0.00364722935833799 -0.354225583988578 -0.137259466274061
-0.00277095053132488 0.000598679737173214 -0.224674774278854 -0.400442618019145
0.0133006200445558 0.0409055967869449 0.0412690550226597 -0.483451676198534
-0.0138769261411805 0.0328439280019837 0.186656958388783 -0.328570450990697
-0.0224382260299214 -0.0138603250724577 -0.0457794623616857 -0.235844233240231
-0.010914080618377 0.0102808854055517 -0.251538969961812 -0.0122080380481819
0.0550546491658018 -0.0543302301257487 -0.77106300764536 0.0592663246604827
-0.057836983889047 -0.0959756490507212 -0.578173825856982 0.631842712796361
-0.139870101992866 -0.0284935015921367 0.0450369994538169 0.693251860721447
-0.0719050724344859 0.0768481417654512 0.333134303126078 0.279395649411445
-0.00846805842174115 0.0668603207779733 0.182262506892032 0.0342686578672265
0.0145896182952862 0.0273545948774304 0.0159494744022767 0.0285308764105181
0.0228617710782984 0.00524304079493333 -0.0320170703324031 0.0962253489190993
0.0265755750984835 -0.00780417133971502 -0.0755811417780934 0.133613948089826
0.0365847495331832 0.0100590863025976 -0.216908226520303 0.0544107214519288
0.0429713183361232 0.0313866685245605 -0.34978374675277 -0.115813874302905
0.0155084363555869 0.0911004508755204 -0.245009826509022 -0.38197582367702
-0.049993369294663 0.100249360118406 0.00450831625912202 -0.487185144508563
-0.0897288780880663 0.0138992591635396 0.173916997227035 -0.334515733886308
-0.0640488385248927 -0.0485854264269985 -0.0466009568877052 -0.211386545409192
-0.0129243501026749 0.0427184067101558 -0.249394895863434 -0.0369152968016376
0.077621636692302 -0.0285404160565247 -0.773332705946877 0.0487649662748648
-0.0354436839460404 -0.0821597529613919 -0.56924298161694 0.61434715698278
-0.118518272080987 -0.0236116239120917 0.0246673464800704 0.658261661433997
-0.0523226048578877 0.0671750814287032 0.290677155055928 0.274415942902006
0.00691901685148785 0.0414069545370312 0.159703886223747 0.0522293070069086
0.0243550829315787 -0.0117471509675718 0.0156041397908784 0.0406843043680345
0.0359492937994361 -0.0330272980999891 -0.02614189748573 0.0892938135661847
0.0490675823805266 -0.0439250337870423 -0.0595482931575922 0.119469310079816
0.0826630815725203 -0.00348553028443643 -0.19143738222164 0.050581188391982
0.0891176367520937 0.0557164807381002 -0.32835034382217 -0.0941737543027014
0.0237190947933802 0.155557546183554 -0.257429119612614 -0.360308853412224
-0.0915732835152666 0.135690126322329 -0.0239610266662152 -0.502291335344844
-0.130735236919362 0.00224586859478159 0.199860708031626 -0.353105315429674
-0.0918329494771941 -0.0587306500145403 -0.00945467394676113 -0.169939599312221
-0.0169138801870399 0.0284685368785473 -0.233474080227242 -0.0388718741417346
0.0513442026419668 -0.0576062817152718 -0.734290981250873 0.0894798303969976
-0.0732541888087821 -0.0605280678640148 -0.490284908707906 0.601898493242087
-0.108337822260283 0.031030415614162 0.0486289588306761 0.59623325337023
-0.00503219421299541 0.0779483061778339 0.259586846218333 0.249096160921195
0.0414977674945578 0.0145925971148696 0.142115341187381 0.0549750771971697
0.0422246032682541 -0.0513084802311622 0.0176512233222537 0.0387261734786224
0.0469847131296497 -0.0638343720503074 -0.0162384434893044 0.0655073091798436
0.0593319071367433 -0.0685070563086622 -0.0395360027963208 0.0908539975164106
0.101514545409803 -0.00760571569646067 -0.158322667895278 0.0406641801732057
0.0953835932225451 0.0708170201859112 -0.302641177734557 -0.0699765265347224
0.0100332427373192 0.167929650714568 -0.270993925925873 -0.344563578364835
-0.0991290509825314 0.122232201987373 -0.0363921800456434 -0.534185774018562
-0.114807291508468 -0.00131058363970878 0.264850494081906 -0.382162342987143
-0.0942817717515143 -0.034704652599787 0.0522768930749549 -0.125504404656193
-0.0295494144633245 -0.0117317114015886 -0.198380225501979 -0.00240107798241821
-0.0206039224838628 -0.100035993287004 -0.635697826790424 0.162946535816278
-0.13782617020251 -0.0178547063000563 -0.375400495216337 0.569040115451573
-0.0902729039341349 0.109001141272396 0.0790067295996748 0.524813061882634
0.0587469943442109 0.0934883872143574 0.246120391523408 0.228140440344037
0.0840827254738043 -0.0102542560054191 0.143453265287927 0.0486612146790631
0.0621433449308562 -0.0821421488115323 0.0284645339628497 0.0197983725892566
0.0518317337110642 -0.0847718407608807 -0.00542607649963168 0.0287331061872902
0.053179967419583 -0.0800499724228514 -0.0211447630787637 0.0596364483284723
0.0870135656068398 -0.00840232122155206 -0.132621879503759 0.0359066285912171
0.0632937214191711 0.0621065572144269 -0.294784441741686 -0.0476230357851106
-0.00975161338549211 0.11677961426561 -0.293491851097589 -0.352446543240362
-0.0547656515593692 0.0681981541632028 -0.0248279919094792 -0.593066014982692
-0.0446746377548957 0.0153798236872902 0.363606139194439 -0.410811716608608
-0.0751932710851144 0.020315044968347 0.124332884653765 -0.087424324637293
-0.0435977787941503 -0.0435087721721913 -0.141313427850281 0.0626324285869446
-0.0873475656210203 -0.112042832243791 -0.495899966071848 0.22936776493449
-0.173483171087223 0.0349489445368675 -0.264060156626459 0.518087192551702
-0.0523077004309011 0.165229816964175 0.104698044444188 0.469761736438231
0.11232358099982 0.0933864406662744 0.257626513258914 0.218318658495359
0.113673886576502 -0.0288364841773832 0.166694299920127 0.0333283046251019
0.0748934733704701 -0.0966386233358737 0.0464237828109789 -0.0156070209381533
0.0482942673792445 -0.0920656844788786 0.0052447961179884 -0.0145312732898506
0.036244252587239 -0.0822818730322992 -0.0118229285356899 0.0314346894547838
0.0515827180949634 -0.0165985589777742 -0.129731470822259 0.0350314905998648
0.0223126547208268 0.0210390472364962 -0.319268087316358 -0.0476228324153611
0.00357141074978951 0.0277882058368793 -0.309396000751789 -0.411145982742644
0.0378485742699887 0.0242782457159169 0.0396869543697502 -0.670645439943109
0.0378563680391048 0.0658285618221199 0.490848041669163 -0.412791410355675
-0.0537813607839188 0.0856498723743796 0.190919795522792 -0.0636313014979294
-0.0447986483225693 -0.042605059066793 -0.0705502810915909 0.129025865250796
-0.102411497516596 -0.0873256359194018 -0.35560363951288 0.269315724648575
-0.14906187256521 0.0655468997535809 -0.182637284083604 0.474369460256053
-0.00723609296425329 0.160733295487281 0.130953230577614 0.442723674247374
0.130232748410516 0.0718873012291734 0.290503051578204 0.209744509041053
0.113974886692236 -0.0364723603577275 0.199966415411436 0.00657039409538986
0.0702739730146001 -0.090973122460763 0.0656672571740807 -0.0627852071761517
0.0371325403447207 -0.0848199762332513 0.013247168943924 -0.0588264991719167
0.017166845895756 -0.0786560680076416 -0.0125584778776165 0.00734073121058892
0.0213802859105991 -0.0364818786080499 -0.150237551608029 0.024272690748453
0.0108717484091112 -0.0344734489380468 -0.357969890776537 -0.0917456936448206
0.0632164939776364 -0.0345235187493532 -0.287622625419704 -0.511728375065233
0.128101860486311 0.039284166136008 0.174119946154068 -0.733148557901063
0.0737701813987475 0.132319256513999 0.616687652302018 -0.366554341524011
-0.0445664731301536 0.128934886407232 0.244568195842836 -0.0547273701116313
-0.0224253713931941 -0.0152235899529852 -0.00846556142202755 0.171681241019127
-0.054184865600127 -0.0521714708708806 -0.248368151895234 0.283962483230182
-0.0823184620508083 0.0496448616885829 -0.123485694756593 0.452998634709787
0.0152272390573207 0.0977028665527917 0.164489573291869 0.432481988272432
0.100208249688293 0.0413617191077078 0.32729825729782 0.191109268046532
0.0822814007475468 -0.0269380774800204 0.229052385527701 -0.0281482690939187
0.0485049334645287 -0.0643804857042601 0.0812747412613974 -0.110982017696746
0.0226987056913355 -0.0635373411584647 0.019650494660117 -0.0969108018145307
0.00557910971909616 -0.0678334062805517 -0.0191556099851551 -0.0166952579210071
0.0123678592907842 -0.0541336203251274 -0.176112166714998 -0.00443582499323127
0.0349533554771975 -0.0666478528099458 -0.373679704475231 -0.171268341875682
0.123350812528372 -0.0283165999848176 -0.203958776518839 -0.610417629774582
0.149571756716091 0.0934069972632757 0.339772956405259 -0.733455402149246
0.043377732387172 0.161681635547925 0.713983993684305 -0.282060509656599
-0.0424580773930825 0.120838971832239 0.27996745348035 -0.0569838757928059
-0.0136484489288125 -0.0517970327865341 -0.241715855872747 0.0343658959244417
-0.0108061132669642 -0.114808880904516 -0.73215240526493 0.163213255967484
-0.125745502476358 -0.0841396302123636 -0.459326906907994 0.705877889758032
-0.159446391859709 0.0221122033508326 0.167976943969192 0.681155717915637
-0.051186056594026 0.10145247841038 0.393628757575171 0.213693001426361
0.00362496990867784 0.0827778935102146 0.196382559328344 -0.0181859933557959
0.0179016708381289 0.0580058852126225 0.018363097031195 0.00331035859489621
0.0156985695724471 0.0423123907780889 -0.0219597156148461 0.0857477764739264
0.00123009534156376 0.0333502847384636 -0.0640875726541687 0.123602176403478
-0.0202025003131711 0.0321739014775654 -0.212047029073766 0.0597072873407761
-0.0228985868390916 0.00643094122884671 -0.353585270905636 -0.103757731513303
-0.00455464971672986 0.00282168004919033 -0.250996407410557 -0.371962611335811
0.0152910018913421 0.0391587422471602 0.00177229760106251 -0.474852371541857
-0.0136545402533465 0.0307069599729889 0.157178769703835 -0.333932135566895
-0.024546368587916 -0.0159633335556792 -0.0704589089839017 -0.222877139667397
-0.0123411547793022 0.0159336611094384 -0.250679558156158 0.0140343492723591
0.0512274182021083 -0.0562958213315315 -0.759906470647152 0.114733361573366
-0.0608103777051134 -0.0923201692835944 -0.526021933262849 0.670569240918897
-0.14215867647835 -0.0217856994755709 0.0968250347607037 0.684938550305615
-0.0686675321337337 0.0797658656026243 0.3546018691838 0.249253558909121
-0.00474768709146804 0.0665462961148072 0.187380235382757 0.0179378402733441
0.0152728336193756 0.0283463259804751 0.0221734464946064 0.0252034570589893
0.0222888606012778 0.00419830454646605 -0.0201163941664776 0.0959642024930539
0.0253708146500699 -0.00820314382245281 -0.0574207302755227 0.132218144614672
0.0360075675616374 0.00827985005913624 -0.202960296628206 0.0692430982824072
0.0428232057112073 0.0278451438423614 -0.347924864487624 -0.0834930674134066
0.0205768999189883 0.0888184528427703 -0.268073817940414 -0.352733770996199
-0.0410080935020396 0.101345186147499 -0.0342634784172163 -0.47453460095686
-0.0884407751620767 0.0184724357435211 0.143636849477762 -0.338732309460161
-0.0680396614217628 -0.0432287503335719 -0.0679278110580046 -0.198629022242945
-0.0124938582930748 0.051809128768372 -0.251355100766231 -0.0128167504446784
0.0788458524756278 -0.0296356997640366 -0.765142876121489 0.103765626595087
-0.0338847726630856 -0.0806320819740377 -0.523450703845613 0.653792148785295
-0.118409689356152 -0.0226253743470644 0.0749314714818404 0.650745819512981
-0.0518099659973036 0.0660218059238979 0.311868658173111 0.246751332991466
0.00536435713168916 0.039702868132485 0.165007245475572 0.0384067249591879
0.0186708066061276 -0.0103773893581467 0.0213453033436683 0.0382323975268609
0.0295067584524303 -0.0332384954433222 -0.0157600717071655 0.0887897732703913
0.0430465439885508 -0.0447650552078073 -0.0443715169618042 0.117102477838317
0.079660093139202 -0.00829750095651438 -0.17952142303607 0.0630789033637674
0.0891225524978976 0.0480134411755953 -0.325158095420061 -0.0649355585124811
0.0337737927584885 0.149227902891958 -0.280064617791306 -0.331905323379974
-0.0785582002647451 0.137712989046984 -0.0630463946948085 -0.486446556319711
-0.128908552534158 0.0113225786797539 0.169671485073856 -0.359565527769672
-0.0948176611799969 -0.0474557007101207 -0.0277837518073663 -0.161839971377797
-0.0174712349173434 0.0402891764329064 -0.236221396038616 -0.0181307080301085
0.0517021051687177 -0.054526279075471 -0.721596926076534 0.143670295130875
-0.0668900135852753 -0.0571851704993195 -0.443178516868256 0.634927559080549
-0.103513269828978 0.0290842740830621 0.0938680183001714 0.585089918205677
-0.00435134361652594 0.070956840318329 0.276607047443233 0.223020907536061
0.036174158338891 0.0102209612825972 0.145672336359108 0.0425136301681313
0.0312205951456921 -0.0503581406283614 0.0217126991273857 0.0367979376420892
0.0361093316307522 -0.0644358228477873 -0.00946295132256292 0.0654763128789185
0.0493098536803341 -0.0680624404206766 -0.0281775501911596 0.0882809002091114
0.0960825643151226 -0.0137613593464621 -0.149244799156322 0.0517957210221364
0.0949140017159009 0.0616168855367351 -0.29783818522414 -0.0419056679575821
0.0205831305517952 0.159961563378744 -0.293490256847384 -0.313430853924099
-0.0850846334086537 0.122771315624601 -0.0794240053324604 -0.518220714211379
-0.11052269572402 0.00734781036392401 0.233489505853601 -0.395829159274641
-0.09490368798202 -0.0194042498756946 0.0386813580343341 -0.124154649074762
-0.0330856929203969 0.00264505333522182 -0.19790557149235 0.0142147092313772
-0.0224956965263702 -0.0908328422730946 -0.617149798880142 0.209946952785191
-0.127738335855388 -0.00941389545134607 -0.329356511551729 0.590479885033343
-0.0794561423853695 0.105623626932375 0.118547829257905 0.509025158557809
0.0603358855857544 0.0813638574808992 0.260445995942235 0.201709614115645
0.0764016859235991 -0.0179122462005661 0.143510997161328 0.0369221359489881
0.0483342659048707 -0.0836139360326612 0.0280316041027685 0.0185133051496057
0.0381648019898508 -0.0851119707470764 -0.00341737574902033 0.0298107150239072
0.0408396322723058 -0.078837450965838 -0.0141460223679371 0.0571728351478954
0.0803620280181866 -0.0131014853717367 -0.125629148270486 0.0464499243715733
0.0602911381371057 0.0547189590769498 -0.290519051448721 -0.0199043284751444
-0.00328962812247557 0.107739318521963 -0.318211359310171 -0.319963165104517
-0.0432262763495965 0.0648174785416366 -0.0711941248007618 -0.579455988002937
-0.0367743344127809 0.0202111512722835 0.331558395999365 -0.432272981673642
-0.0719708472787815 0.0357539714388868 0.114547002847497 -0.094154557785642
-0.0491056446900546 -0.0274904506862137 -0.134741855314405 0.0721972204165255
-0.0905455267863863 -0.0982014017526822 -0.472781813775826 0.263585463966561
-0.160478604664935 0.046157675794869 -0.221253567352846 0.528784871325258
-0.0374448107719627 0.159489337329392 0.136969790695744 0.451838789617968
0.114824364248666 0.0776956417649564 0.268065018445826 0.190465855219013
0.105386802513022 -0.0385121455455898 0.163136418950995 0.0203803089133944
0.0600509046002748 -0.0989886688186496 0.0407414263180002 -0.0165526439277343
0.0346710634524994 -0.0921039371265576 0.00124367838950659 -0.0121183961982822
0.0234200242178865 -0.0799260146321363 -0.00916443807766244 0.0310066879147496
0.0437258185485885 -0.0190806771140489 -0.124644027408422 0.0465095250939679
0.0162208571895186 0.0162077732672624 -0.316925144197745 -0.0174594914038877
0.00482173984160901 0.0166456894771522 -0.343571626042806 -0.37759266310548
0.0476921730246829 0.0142274097332161 -0.0135767457704261 -0.66565091735293
0.0496896513527714 0.066165982494058 0.457189571610334 -0.446913437045142
-0.0460417797415452 0.0997510092151871 0.183777883185751 -0.0772972098832019
-0.049740157147307 -0.0277150410145445 -0.0585378849952739 0.130536407985092
-0.105403463921811 -0.0734107672386753 -0.328309316970024 0.291133169621123
-0.136253346668081 0.0755360385177558 -0.143879819039319 0.477453348247225
0.00656490004887839 0.153722407523805 0.159635849641901 0.421551047556212
0.131660266592796 0.0562681747827876 0.298723490511733 0.179957636911667
0.107088508267611 -0.0462351117220135 0.192797861386259 -0.00823510848682158
0.0577381957296441 -0.093966396745407 0.0541774774112287 -0.0636996208295194
0.0251513515154236 -0.0851266328610609 0.00378556284792364 -0.0551950382017937
0.00524239485724921 -0.0759388669956548 -0.013850256916347 0.00867640186875054
0.0120769616880619 -0.0374788396726707 -0.148691780369945 0.0389592414785005
0.00213440872491904 -0.0392046934012316 -0.36258503666791 -0.0584810295679736
0.0617572918586994 -0.0490872368099745 -0.328048355990799 -0.482959758143921
0.138996948260367 0.0235198543850499 0.115397585049772 -0.737787287470601
0.0884996832271983 0.130918104679353 0.588735598720183 -0.410731080629601
-0.0339487308214621 0.141217567461496 0.238693924955617 -0.0755537966942315
-0.0250623728418762 -0.00419114308508405 0.00767837733764073 0.165812758843575
-0.0557672852598615 -0.0433489207202178 -0.221398119423734 0.295263162933532
-0.0734110361259376 0.0545071657385812 -0.0891391315191923 0.449933004300337
0.0240106165044961 0.0916992988834559 0.192667031875489 0.407917408080593
0.101450308041946 0.0289394051098441 0.332934230672027 0.159903722230141
0.0782834822586006 -0.0350016758032006 0.217927395005405 -0.0442987744063375
0.0404356797564715 -0.0662895041548487 0.0640666139155574 -0.110888083564468
0.0143833544459122 -0.0636850664684351 0.00492651539201681 -0.0924077945162574
-0.00362904623270283 -0.0656954066072794 -0.0239352362054559 -0.0128945500628126
0.00396733533988558 -0.0549744834629814 -0.178728626442833 0.0127094828594902
0.0259726695760709 -0.0728192136864222 -0.386767841683435 -0.136885893603722
0.123172708233586 -0.0440218418214589 -0.253479807356183 -0.589333383354939
0.162567474341215 0.0793208460695942 0.282856391034133 -0.752802685877306
0.0569777145959333 0.160788502083079 0.691204866877231 -0.330883367447042
-0.0340344833718452 0.12971111203658 0.274037996759242 -0.0825747401886208
-0.0187803601208332 -0.0476465138581227 -0.227254935819316 0.0548620005372069
-0.0202115664695308 -0.110197522231679 -0.688404841112541 0.200373117395589
-0.127013432320429 -0.0725345615187521 -0.397764973383103 0.702589451813467
-0.153455092232937 0.0328783682512807 0.205049413223241 0.640225219808689
-0.0428472113415256 0.101263883057285 0.392419271637635 0.175627762614084
0.0103124188993627 0.0780596980901087 0.190002893421631 -0.0329819280566884
0.022650802641772 0.0542479256178643 0.0217549049455038 0.000174366276238682
0.0199492712333691 0.038232642636943 -0.0106816820154382 0.080685512037525
0.00477914464242048 0.0318988777285473 -0.0468241154367689 0.115640242092799
-0.0160447089975453 0.0338406345413718 -0.1915810584196 0.0690725861340325
-0.0220711656636812 0.00912162499470367 -0.335993542337788 -0.0720602238680402
-0.00590237711465174 0.00527042923060447 -0.257820611320101 -0.33208052664116
0.0162672076748764 0.0353133539473985 -0.0295064371258629 -0.443292031793002
-0.0134290819417287 0.0275543549555377 0.125865105703294 -0.3223955713258
-0.0266636292635741 -0.0166576719919622 -0.0875605444271849 -0.199908219178927
-0.012861813552234 0.0212717621676641 -0.238450013713823 0.035917025976649
0.0465043741077954 -0.0554366802137355 -0.716792704319371 0.155474355227953
-0.0605931936791214 -0.0863460371680677 -0.465118102645453 0.674314975702781
-0.139179742503368 -0.0144673238152612 0.136480326919814 0.649664418656311
-0.064033763167595 0.0799805154624591 0.357411269069497 0.212780566257187
-0.00220762654553299 0.0642636478303028 0.184473733168254 0.00182743125338115
0.0149788679942148 0.0282714952027701 0.0264489886352489 0.0210853052973903
0.0207065842554925 0.00373304621638259 -0.00839885337030312 0.0906219153164307
0.0231992714603037 -0.00818622647938744 -0.0399780314593295 0.12343303513358
0.0345898688684864 0.00750680943443629 -0.182491128546908 0.0771044141830717
0.040751540012413 0.0244832760241272 -0.329523642238691 -0.0540759817192284
0.0237439973381983 0.083402682162243 -0.275568760114966 -0.310805712115759
-0.0325947249645695 0.0976896914541535 -0.0631077793023895 -0.440999580417635
-0.0845224946764577 0.0216244290158737 0.113963765151988 -0.326299156933546
-0.0683353457494286 -0.0361798315725325 -0.0832145039171267 -0.177008428850697
-0.00965323545873131 0.0593907229212385 -0.241657437612632 0.00919986508056623
0.0776029671237077 -0.0287234489276915 -0.723059387179203 0.147558618328308
-0.0304273636901284 -0.078233044423211 -0.462367414159455 0.659681924586494
-0.115093067236309 -0.0212831371778539 0.115912130844893 0.617327177677533
-0.0506567590551554 0.062780160783418 0.315611030405624 0.211930090643944
0.00346895180833355 0.0377106213003694 0.162614872396919 0.0235557990974736
0.013233527176995 -0.00775939813394459 0.0251180469301971 0.0340586224342504
0.0225845434614224 -0.031020840181369 -0.00529648209265617 0.0840862470891608
0.0362637907115329 -0.0421068551470334 -0.0290491616876182 0.108566257773007
0.0734031483307234 -0.0115251511961269 -0.16149430319685 0.0698315934680866
0.0848031662446396 0.0404989466824228 -0.306162759818149 -0.0381148882671983
0.0396332396654563 0.137770331143328 -0.284195048754846 -0.290312721968523
-0.064345242585621 0.133160971049974 -0.0909580639341861 -0.451936393786411
-0.120886207163903 0.0180062386768911 0.138514526933373 -0.348827982037471
-0.0932209047412483 -0.034984393099771 -0.0410842779915762 -0.145835851869211
-0.0147544655693368 0.0511511222986877 -0.22767762927411 0.00117899105267355
0.0518072604745859 -0.0496837799085083 -0.680706116428705 0.182967431311181
-0.0578740367779199 -0.0538458266728499 -0.382738073663244 0.63585092253086
-0.0964964393970281 0.0243965746934919 0.128274610042547 0.551063137882161
-0.00546739942951835 0.0630706168603893 0.279020610375656 0.190200205510151
0.0292808399620807 0.00744103452738206 0.141597268143405 0.029639961360743
0.0208218464002028 -0.0465233443206479 0.0238851953113549 0.0338461755988716
0.0254984432416122 -0.0605021044288176 -0.00241079637678929 0.063041912199873
0.039202585471339 -0.0641869639440048 -0.0174758823664724 0.0808721577968813
0.0873803721162708 -0.0173829400612464 -0.134114799573911 0.0578017594246654
0.089629030247255 0.0526412082943179 -0.279873414451534 -0.0180136833975735
0.0269756316727173 0.14575751402759 -0.298573516993428 -0.271809198846242
-0.0695911275929092 0.116826869035525 -0.108574739601948 -0.481784972355433
-0.101017057687612 0.0142230467585425 0.19717112169834 -0.388659713250218
-0.0901543616452042 -0.00545187723307898 0.0255025042837869 -0.115268721149896
-0.0321957150642791 0.0173166964601909 -0.188807940475386 0.0275102305098605
-0.0209665957047705 -0.0791956780328622 -0.575144680540579 0.237695926521508
-0.112858612585294 -0.00472930565301598 -0.276072073314327 0.584298994980422
-0.0683433007787503 0.0964284233380825 0.146437506262596 0.474505902921594
0.0575508926857657 0.0677784756632238 0.258789509837529 0.169685392269734
0.0661064115484168 -0.0227203279817106 0.137293297279226 0.0246321553378911
0.0345151824467245 -0.079401423753655 0.0268436887209277 0.0173433981323338
0.0254540771166787 -0.0802311702860103 -0.0013018949173897 0.0299936126485307
0.0287266756788375 -0.07314022189307 -0.00732890469293305 0.0522451078105101
0.0704185653612727 -0.0159217455762318 -0.113449531461707 0.0528472719797932
0.0549077569113586 0.0474865047413542 -0.272075266856381 0.00379714607942764
-2.01486565324684E-05 0.0948247351755245 -0.324245939485241 -0.276973950587541
-0.0319286605244323 0.0566773417907512 -0.10801857241027 -0.54220475474585
-0.0277629781446119 0.0227656627175209 0.288433571430204 -0.433403253546583
-0.0642874536870084 0.0482211901628101 0.101651136286624 -0.0942429516468831
-0.049335991131349 -0.0102988230968314 -0.123357697070117 0.076980691602579
-0.0871687321219189 -0.0819039545377392 -0.431011316653211 0.281485439169972
-0.141621169188099 0.0512691755776546 -0.176486672073844 0.516002292701315
-0.0245371790049931 0.146282228386376 0.159373695348193 0.415087159767598
0.110489977538203 0.061194326835803 0.264634396067171 0.158911572302157
0.0931540028287095 -0.0447800530691754 0.15319997384854 0.00864307729561464
0.0446776258003277 -0.0958393014915914 0.0349363901067705 -0.0153239934863094
0.0215638466774335 -0.087275079629163 -0.00159183411231884 -0.00917011617903146
0.0112021454345837 -0.0731449958776225 -0.00627995929831634 0.0288568661862742
0.034718606499742 -0.0198751442372125 -0.114475288006119 0.0552412968808298
0.00921798768633301 0.0119009939024624 -0.300281820376401 0.00950114877998176
0.00328189535779332 0.00578197840021042 -0.353837335314514 -0.331730761941275
0.0536169315515858 0.00243987376178143 -0.057672609987244 -0.630850171053964
0.058627053630255 0.062562685368372 0.408483748071001 -0.457226185302744
-0.035341958484087 0.108788303447683 0.169980842148274 -0.0858143807294318
-0.0492806604965516 -0.0119365743009465 -0.0454929079579198 0.125293602105055
-0.100881086972454 -0.058241718972383 -0.290671662851082 0.295038523614759
-0.118732026543628 0.0788186461022522 -0.105721712505226 0.459143341322289
0.0171026090007266 0.139864838907804 0.178172007314752 0.384559891838776
0.126621319926063 0.0397653423118452 0.29126124506214 0.147522526707325
0.0961291186852196 -0.0524360026528013 0.177780651528564 -0.0191995816574177
0.044211471875511 -0.0915030293741358 0.0424522916874326 -0.0597390506764547
0.0142309503324426 -0.0804524543825443 -0.00369838364501409 -0.0479453705632655
-0.00530327413356807 -0.069194070423824 -0.0139946410149804 0.0105572158441724
0.00355163738724653 -0.0355595089697772 -0.139931876383157 0.0505845702320059
-0.00682419450821675 -0.0408261832500741 -0.349349921642621 -0.0268052825430182
0.0553704071782985 -0.0605162949552274 -0.347842532730146 -0.436062142374169
0.142699225898063 0.00765508879472444 0.0615900809849544 -0.711438627590442
0.0986494757180024 0.123384681660707 0.53881165162034 -0.432019423413697
-0.0221670925815252 0.146033551205414 0.222242086393944 -0.0900907850863235
-0.0241524710754406 0.00672242902909713 0.0203733089877944 0.152432050281114
-0.0533116029924074 -0.0345253849385629 -0.188122078084408 0.290129168526026
-0.0617536381005906 0.0561706018945496 -0.0567752215105649 0.428602694941629
0.0295812491750981 0.0816309490277609 0.206685258654647 0.369951877845676
0.0964572380991359 0.0168300136880573 0.322229791683304 0.127109068794806
0.0708749350221365 -0.0404205884471999 0.198464407312034 -0.0543014868378298
0.0311212680105311 -0.0652169104459269 0.0468590285018243 -0.10410250071927
0.00616566788600537 -0.0607079030110155 -0.00645345098397466 -0.0825189407835941
-0.0115319997372071 -0.0605787720760393 -0.0275544833091929 -0.00894638921198647
-0.00351651923331154 -0.0529267697555374 -0.172548939987923 0.0283821572791622
0.0158269237310587 -0.0750389359723808 -0.380618070572748 -0.101001135219453
0.116520293641859 -0.0566770506757502 -0.282297895271874 -0.545418994599844
0.166702353141133 0.0627419129200413 0.221332597196416 -0.736955612473564
0.0675687893885892 0.154034095422224 0.643489114789563 -0.361496984758945
-0.0241766939191805 0.133170005331033 0.255550407526713 -0.101582398093423
-0.0277602461535254 -0.0353018858701307 -0.197727652413211 0.093497875302827
-0.0361788719278954 -0.0856369005632449 -0.612750251188254 0.297527956189492
-0.118896274147367 -0.0374304252943451 -0.268983788181243 0.715868036091244
-0.121799647668178 0.05537421189229 0.284598476542133 0.566589477363103
-0.0197605668675357 0.0928308305231901 0.395812397621262 0.10419260723274
0.0204694226181587 0.0680788404680564 0.176804803383774 -0.0614204332983943
0.0303034342973981 0.0461525303806452 0.0237214644129613 -0.00305938905732721
0.0246161250250099 0.0322444385838452 0.00585852788098433 0.0743718706370921
0.010154531399633 0.0297086051655835 -0.0216258106993741 0.110261599651517
-0.00981402986190482 0.0356675549177057 -0.163299731910683 0.0934589991163546
-0.0228864788906441 0.0135350479847849 -0.318258788810625 -0.00867958407121173
-0.00825740696514002 0.00383967402359993 -0.288377379632697 -0.261867816761517
0.0185040877981036 0.0266028384121607 -0.100672386916954 -0.398157545944884
-0.0091604534249848 0.021743149597587 0.0610892939624989 -0.312473290629029
-0.031319706058435 -0.0173174742039807 -0.114207838285656 -0.163374086781531
-0.0123415959314054 0.0308385663836224 -0.212818108147928 0.0813396543747015
0.0355702649152339 -0.0427403782581469 -0.644363506277427 0.263444108549116
-0.0575031952467486 -0.0600789486490286 -0.330439045184453 0.701136698325997
-0.116585242387013 0.00630079737849474 0.224146392076938 0.581494018127702
-0.0448401829901241 0.0756003613597805 0.367039053501786 0.143556769216175
0.00463965877908826 0.057845005867222 0.177157140716003 -0.0270840011775092
0.0174023224964229 0.0253956615671187 0.0317935333430941 0.0151236493230976
0.0193528200385813 0.00277435713855074 0.0103881829584846 0.0833827129063873
0.0210908177532796 -0.00889351041193025 -0.0142140038868539 0.116800952130571
0.0323906136451498 0.00490940273028514 -0.153105712364051 0.100880371508437
0.0362910109649253 0.0202900419415627 -0.309867816729307 0.00586652380843977
0.0289535862278715 0.0708327289858708 -0.301573615174182 -0.241505906401584
-0.0183293173954799 0.0881321443542358 -0.13198681058446 -0.391893988637226
-0.0737143405627499 0.0265660464173369 0.0509256822299242 -0.315472737908143
-0.0713084469189544 -0.0267559267487309 -0.105490601938527 -0.143145189375397
-0.00391276452163592 0.068128300987936 -0.221985805471304 0.0582089388984073
0.0706899227324829 -0.0213302012174601 -0.651044472644815 0.25837229642583
-0.0250851395908173 -0.0591548366288137 -0.324942264014781 0.68715420310815
-0.0963955613333092 -0.00670071501936465 0.20235126462727 0.55597207507485
-0.0375389523036462 0.0573907836937799 0.328448654943511 0.147595039667915
0.00374658836390875 0.0334811223875279 0.158881286187684 -0.00450626637658321
0.0088754537979423 -0.00561163142237269 0.0322315196551697 0.0270219117952716
0.015119643559189 -0.0281214364468603 0.0118718281541991 0.077512399891806
0.0274575608843952 -0.040937255491705 -0.00634200890211874 0.101968393484296
0.0649026918683794 -0.0177854987107033 -0.134469860340793 0.0914421237945817
0.0774619481229683 0.0296561184481645 -0.28569709203437 0.0168188584841113
0.0495266204224932 0.117618988374785 -0.307810741070117 -0.219846800704104
-0.0421998034182154 0.122498538704926 -0.15982174729046 -0.397821101205318
-0.10532636954526 0.0290276813339788 0.0711133714140311 -0.341627622808251
-0.0917799665672455 -0.0187907531995798 -0.06094566048439 -0.121792684605834
-0.00888102674563242 0.0633473133388246 -0.210676686871146 0.0467983538207685
0.0468914790887642 -0.0360811891060745 -0.606629546204049 0.285133417601211
-0.0445072721851185 -0.0361427813399848 -0.257139942888545 0.654365849606699
-0.0743001852836898 0.0287137889786862 0.203941251544122 0.493410298985577
0.00172850446977596 0.0504976111740385 0.290949537805795 0.132641920766648
0.0230190869279231 0.00224291066193947 0.139541066665673 0.00371062605055341
0.00859508950008104 -0.0412611939025627 0.0301715070086551 0.0271211743880592
0.0128632806134305 -0.0544538115974702 0.0106698313717786 0.0583269693196401
0.0250864631143087 -0.0608004567793965 -0.000247086507613321 0.0757466469941005
0.0758042886416443 -0.0249956550868348 -0.111888804836989 0.0773649689876218
0.0824028523152703 0.0407350937961541 -0.257759402747516 0.0309516876634077
0.036653612459047 0.125025676822912 -0.317776370785727 -0.200670421873202
-0.0484261484429668 0.105246137437034 -0.182920196063548 -0.423056818449867
-0.083600146715804 0.0218144369846162 0.118674187551783 -0.390890140488046
-0.082642762104672 0.0110752517743496 0.00570945423646124 -0.105812450833062
-0.0278121083249645 0.035313802769868 -0.170992689170145 0.0609087138865769
-0.0216145822315082 -0.0537737011430728 -0.500420832996692 0.31793592127868
-0.0876913015321286 0.0143060867550244 -0.16782262639349 0.587033956351264
-0.0389171281520239 0.08868766941463 0.205290394388984 0.421672650914092
0.0597095335004333 0.0458171312959973 0.270465920681181 0.116861934004119
0.0529173502215824 -0.0310889995210937 0.134438659752548 7.20069487334487E-05
0.0159851051405429 -0.0736989680533541 0.0302120558724092 0.0117134188214831
0.0091769497934435 -0.0729969752433001 0.00549083208356456 0.0291248622851554
0.0133315121281832 -0.0667267858511324 0.00295193221461346 0.0485989526255026
0.0593782748198896 -0.0208422756443035 -0.0944384487189195 0.0702378769875781
0.0477966626280195 0.0394153154717187 -0.247999115614186 0.0513059762379229
0.0038056309575031 0.078597117056605 -0.343886355943058 -0.200158462990482
-0.0188242058268638 0.0429652986502657 -0.192358550409066 -0.481214908717823
-0.0112830387689097 0.0197555363740204 0.194897969381692 -0.446851716543118
-0.0495061579801003 0.0597664656401433 0.0790833721664703 -0.0993952990998377
-0.0451082619785284 0.0118324190975469 -0.102275416292247 0.0916239863314315
-0.0824475928433855 -0.0497497786223395 -0.35754391223393 0.33096447546305
-0.107918438074186 0.0677772899572927 -0.0892807420449447 0.507033358205657
0.00778848872687829 0.128132217652343 0.20665331426414 0.36612652132018
0.108212429963179 0.0321354544985306 0.27469453944512 0.105553939647787
0.075552587370269 -0.0559750297646445 0.14604187751999 -0.0169537888623023
0.0230727072531731 -0.0911961868664972 0.0320234128690629 -0.0190390052908158
0.0043690580148547 -0.0790626900725926 -0.0024995462642244 -0.0056633810323208
-0.0036828547391487 -0.0640030809223683 -0.000519334147770165 0.0287798780293078
0.0241002676852997 -0.0196454515692748 -0.0959635807023806 0.0738655484807566
0.000523301251014035 0.0110014990772411 -0.274832398528516 0.0629197836130441
-0.0049868112355815 -0.00811100263580447 -0.381855856873405 -0.244911136554493
0.0555195070656758 -0.0182417925581874 -0.158532806975049 -0.573763406660082
0.0773853159965333 0.04598956178885 0.301658641721023 -0.491756686041559
-0.0143057271960337 0.113549660731667 0.143534106112547 -0.104386082122745
-0.0435285677321678 0.00826846423287293 -0.0215544751200272 0.120054368610063
-0.0917155070021098 -0.029110753559333 -0.224012279576852 0.31884323995773
-0.0847706831574273 0.0894176327583981 -0.0339896284137753 0.444819502211591
0.0440529944151535 0.117463461049967 0.221206309842829 0.336329845955251
0.121651044769783 0.010509294650657 0.299159154949857 0.0904327218649527
0.0778214963140653 -0.0648847201448211 0.16408408906836 -0.0458779576715301
0.0236325545588889 -0.0885461273132922 0.031108301596573 -0.0603007605641403
-0.00102912776095786 -0.0732503191589419 -0.0126781704726119 -0.0401897017171997
-0.0184767511755352 -0.0589620239348527 -0.0126249484588632 0.0147060947290641
-0.00714071165694267 -0.0307888675282428 -0.121306569640652 0.0749711532500697
-0.0204999083899178 -0.0378633610698595 -0.32977961333079 0.0389209071915305
0.0378303156459752 -0.0786328169105164 -0.39709802953569 -0.344400204354429
0.140293313195324 -0.0233870985334382 -0.0605434559588963 -0.671315847413623
0.123598399411576 0.0993504469001855 0.425133330104494 -0.489747096670311
0.00306323711785711 0.146627123722263 0.191433981579474 -0.119087940879486
-0.0169754335690282 0.0194111296002094 0.0455294422454478 0.132727665747813
-0.0462578072332622 -0.0162451387792354 -0.128143869035049 0.296828288072071
-0.0381912764927542 0.0611705922794324 0.0106274051466095 0.405257835265741
0.0472390183234289 0.0639408311183899 0.247389607193305 0.315604077022965
0.0918207947353393 -0.00621021498198243 0.322576740869239 0.0654440877207751
0.0577363906458837 -0.0508541495151444 0.175754314752729 -0.0807251466841409
0.0168978552759758 -0.0640075554699275 0.026600394033595 -0.101353456568343
-0.00433984407974919 -0.0553921865847736 -0.0214953206701549 -0.0701659540618559
-0.0221743790287513 -0.0521031985781849 -0.0294163110067009 0.000333240267844212
-0.0154878518570203 -0.0474831547333974 -0.157413239253314 0.0611108004887205
-0.00123724426236482 -0.0728066407183265 -0.374578166596924 -0.0246552259908071
0.0991517346647476 -0.0823885911188818 -0.358572543025707 -0.458261164255093
0.169584942032313 0.0279448078615667 0.0845276387261231 -0.724269493203939
0.0969432656362876 0.134157605756446 0.533747438921056 -0.442994459216427
-0.00157973470031981 0.131899855208047 0.220744076118982 -0.136242355830817
-0.0274939597220825 -0.0321890778143901 -0.18623784903808 0.0926022240416279
-0.0359200179298427 -0.0827276620367939 -0.589380431418327 0.274512025587776
-0.114241262359124 -0.036107059583775 -0.265715280583635 0.682761900224504
-0.118888693226525 0.054412252244099 0.2671840781962 0.545573322240584
-0.0194475491890771 0.0902711079563768 0.378734327739036 0.100137731519814
0.0195923782363099 0.0650284420957564 0.17256648608738 -0.0605118734969514
0.030445864497944 0.0438257219616225 0.0261259514878713 -0.00494958476590877
0.0242178255050747 0.0299529006073543 0.00917563927631902 0.0681351959042096
0.0102773739459208 0.0280408903249886 -0.0176661466898213 0.0990061077173677
-0.00843600334085288 0.0350520985792367 -0.151056566496613 0.084977074175453
-0.0226967969070989 0.0142705575914875 -0.294798725857301 -0.00951130113314189
-0.00898431809714302 0.00555641128763181 -0.266270528568805 -0.247575547102393
0.0160852536621237 0.0255161539045636 -0.0886708836594465 -0.374032982132681
-0.0121807372134986 0.0186718708352917 0.0606331652227622 -0.29070903517488
-0.032125293861606 -0.0191228586687571 -0.110411591987689 -0.147659716873782
-0.0112332793099363 0.0352256594704089 -0.201689222472746 0.0813907204064221
0.0361020621585784 -0.0387017797584818 -0.620093518658047 0.243510681108985
-0.0520854121427132 -0.0606255420584063 -0.326558668123942 0.667902899811667
-0.114712244751815 0.00295967773899702 0.211575742967923 0.560274044224605
-0.0465364564835117 0.0720013968160956 0.35241336187732 0.137207085321717
0.00162881870018733 0.055925391035238 0.17205812837479 -0.0281098283549138
0.016066067618863 0.026024881958855 0.0333434379703193 0.0123524540676715
0.0182436062372348 0.00400799974397061 0.0134199125516285 0.0765089836950011
0.0197492593388725 -0.00711487703055871 -0.0107565014107045 0.104868604668272
0.0308314308206725 0.00600055598243273 -0.141619224351181 0.0913019574112509
0.0326777864891364 0.0208487626282363 -0.287355034426523 0.00417905695929776
0.0252740551607385 0.0684348203893818 -0.278653794340707 -0.228359622999693
-0.0184884868000431 0.0825253417523264 -0.119404809302547 -0.366964812328979
-0.0727747482069597 0.0235651194649931 0.0520062910185365 -0.294791230976252
-0.0684652396194272 -0.0256525478473088 -0.10216112288092 -0.128367372487737
-0.00282834500342116 0.0741329177945847 -0.210856842669911 0.0583293108404089
0.0731326430193866 -0.0162542808167547 -0.627696698805634 0.240337588618683
-0.0177752566483276 -0.0611218870275255 -0.318478073666347 0.656313385385942
-0.0947796953169966 -0.0134306356250924 0.189864000130978 0.534270923502418
-0.0414479232099361 0.0533799238307771 0.313702233639016 0.140151919563445
-0.000922728294093098 0.0333904521081612 0.153415253187777 -0.00612008060893328
0.00599588943283094 -0.00202709272466465 0.0325185485201471 0.0245749974372142
0.0129055931425479 -0.0236261149360435 0.0145910065464063 0.0721801530233226
0.0246359977018631 -0.0361634890173824 -0.00371631989153438 0.0914799824996146
0.0609409211334961 -0.0147444778470556 -0.124071313034208 0.0831148140984204
0.0710097168756651 0.0299136274937196 -0.265255671478706 0.0141017590222436
0.0434182240237829 0.111379285720792 -0.286007872013678 -0.207449484474828
-0.0411311377416536 0.113005436709211 -0.147328843537705 -0.373339899892718
-0.100099205788997 0.0251442866623836 0.0710006286946095 -0.320456204001628
-0.0862108371502862 -0.0153262700674825 -0.0587577576467777 -0.108211427610822
-0.00642202969121595 0.0717544288059474 -0.201591662657168 0.0463897325827832
0.0523215383499996 -0.0299328129017852 -0.582894747811603 0.267565091785114
-0.0349154920859775 -0.0403258583172877 -0.25077795431 0.624026404853479
-0.073917398041969 0.0184269744084333 0.191384998958163 0.469969715877263
-0.00506714321908264 0.0458061757762882 0.275797930217003 0.124321143857607
0.0166746275587373 0.00354911469243008 0.132508844024666 0.00333689203451941
0.00466834735201771 -0.03549734787667 0.0294551120100921 0.0263922980427694
0.00945269642357406 -0.0484453284374315 0.0125808780304806 0.0548818646495255
0.0222549911170778 -0.0534566475922769 0.00124313664892992 0.0673485489667902
0.0698461139775172 -0.0206680976090153 -0.102940472071985 0.0701047090290343
0.0742596908777161 0.0410095639522224 -0.238778142927428 0.0279582340013308
0.0293871904040524 0.116424195824244 -0.296128806407061 -0.188674047574575
-0.045904785597219 0.0942306496961986 -0.169388802052731 -0.397923440340495
-0.0768672991898349 0.0195536562702253 0.117562919020484 -0.368917770677286
-0.076417888673935 0.0160902308512531 0.00517804249476745 -0.0944337227487156
-0.0242554112605895 0.0457029656442896 -0.163409875248838 0.0589918439691388
-0.0128527295707191 -0.0474558441492782 -0.479086201955585 0.29813258700443
-0.0766451116271386 0.00689183946526541 -0.164290288256991 0.559540579518014
-0.0406255631486829 0.0754899910628718 0.193062879706032 0.399093026963713
0.0500958611801982 0.0408555461358973 0.254100647960152 0.10862031075055
0.0449774088409909 -0.0277715249362882 0.125731124500509 0.000470336284167757
0.0109857807715119 -0.0660992850579901 0.0276979067119639 0.012904580313542
0.00537757706161828 -0.0652499082585823 0.00620622320824188 0.0288587033484917
0.0101129594048383 -0.0580879935448092 0.00385268920921152 0.0437571194213493
0.0529151459508597 -0.0167218472771422 -0.0869902556470897 0.0656925764170028
0.0393293820635612 0.0389411877942843 -0.230159926383542 0.0489669732848474
-0.00267754205317312 0.0695225061606391 -0.322394249051856 -0.187919044477038
-0.0158551400958558 0.0328129739956597 -0.178903163760976 -0.455939122617524
-0.00529456807874893 0.0185090329070436 0.190784418282809 -0.424581984721014
-0.0444247702999531 0.065221139501673 0.0762489846523207 -0.090488098205381
-0.0399913965133865 0.0221453870878493 -0.0975869387251293 0.085951579851261
-0.071437973122664 -0.0441181454976979 -0.34246015431924 0.311833183724957
-0.0975514945552267 0.0589715299083535 -0.0897331497358411 0.481784753092473
0.00388870693848789 0.115302067337735 0.192870377883563 0.347233392270951
0.0975524145254061 0.0287396380489192 0.256848494104283 0.0985441061005014
0.0679491061865225 -0.0530450348146069 0.135717229720708 -0.0144149619609611
0.0186588446533724 -0.0835460048490112 0.0286150436831644 -0.0149280919439086
0.00113475063183458 -0.0713684952678958 -0.00262779939410245 -0.00270122785706628
-0.00705953541065115 -0.0558482696769447 -0.000513087059441275 0.0271546242000191
0.0183855823098993 -0.0157616520348257 -0.0892499035467466 0.0712270817840795
-0.00664823454362801 0.0103804510727438 -0.257992517578841 0.0617387580591239
-0.0101951051519068 -0.0153366792707454 -0.361937160544964 -0.23201858465199
0.05797510686922 -0.0252775362823739 -0.147381617214658 -0.546164399494185
0.0799326267726858 0.0459912729474858 0.293632389717543 -0.465930625538509
-0.0109130693290554 0.117467618750872 0.137575582152063 -0.0973393570434399
-0.0381750771899628 0.0176754313990859 -0.0193218505767709 0.112131343625918
-0.0817932174876798 -0.0255574835909 -0.214587388265917 0.298981502013882
-0.0769724806324128 0.0812377612966855 -0.0375287991500391 0.419341097488539
0.0398755404037474 0.107039967113268 0.203305137765434 0.31746074813969
0.111722386493478 0.0085189721091878 0.27883650571999 0.0856418808959491
0.0716968143897823 -0.0617876734700959 0.152606255275335 -0.041145429148496
0.0203201058881153 -0.0817844123110405 0.0267903180647836 -0.0521643806666106
-0.00355361500553521 -0.0662054314281676 -0.0132865691054814 -0.0334068634434524
-0.020938165137821 -0.0519925916696967 -0.012586127169384 0.0151780772791742
-0.0114267687972321 -0.0275066195480883 -0.115272737964692 0.0745085614710998
-0.0260310598050158 -0.0376997469515816 -0.312464901587787 0.0399284910037377
0.0337978102781196 -0.0832652565170944 -0.378607970209387 -0.327979465679519
0.140405118231695 -0.027824150114794 -0.0510804724344445 -0.641245497956386
0.122770080408538 0.0983396377964018 0.412455065282243 -0.465243941329324
0.00458102356380027 0.14844926429905 0.183692522357097 -0.113673084120087
-0.0129171251277282 0.0266950318215533 0.0444491919954553 0.122030380838815
-0.040341409371105 -0.013586321963031 -0.123299386406017 0.27665153805936
-0.0338048886792784 0.0561113856049886 0.00289775401026252 0.382798473322755
0.0435610879295875 0.058289559071801 0.227276631407007 0.298006354102214
0.0856773081794392 -0.00767564034477574 0.300944844829679 0.0633337203455553
0.0533774705779745 -0.0495346221053349 0.16370202322388 -0.072635003548333
0.014864527749392 -0.0598312818807796 0.0221859456632852 -0.0897870107248217
-0.00613842784927895 -0.0511122829074319 -0.0227987934169978 -0.0611636856324838
-0.0239576892651735 -0.0471488170016959 -0.0304175226563956 0.00279842803632917
-0.0176223412099404 -0.0448866836498423 -0.150762328945194 0.0614038445588493
-0.00495370281529062 -0.0717645922925281 -0.357455949355883 -0.0217863329660194
0.0956930756132609 -0.083976686182699 -0.339134689082751 -0.440695560705089
0.167458082722965 0.0245995458252566 0.0878553133703589 -0.692327245391903
0.09386962337008 0.131599248139832 0.518969460017223 -0.418981387306169
-0.00133867111936087 0.132215382195544 0.211420632055498 -0.132425634985461
-0.0271942057495546 -0.0304994832702278 -0.18240711944747 0.0920314236038027
-0.0355635262470445 -0.083422878042542 -0.592669075594608 0.255971392279105
-0.113892019403423 -0.0382934887089363 -0.283762194698511 0.673302546335446
-0.121356607950787 0.0536792041920259 0.25321551048442 0.548949982796852
-0.0212414453996975 0.0908156983204994 0.375429011617748 0.106847438987692
0.0182621031050158 0.0646589564184522 0.175275636706896 -0.0590261747088358
0.0300856327435799 0.0429588253822576 0.0294552000758989 -0.00753194337950717
0.0244452949320394 0.029236935103904 0.0117136451245622 0.0640214843076208
0.00944192205808784 0.0275069910955973 -0.0163076177396594 0.0923463843874421
-0.00806680394503081 0.035292857332198 -0.14617742982024 0.0774251983976048
-0.0232156903919364 0.0155966072976843 -0.283361747794593 -0.0159564605143809
-0.0100735198794052 0.0078297973954375 -0.250138806192632 -0.248354894822526
0.0136901339051504 0.0253649587594669 -0.0754082537474751 -0.365157844213666
-0.0161836343877073 0.0165486384081217 0.0679451423591015 -0.27900271814552
-0.0341054167629186 -0.0217104879577258 -0.107953077894412 -0.139590848504825
-0.0112101274164823 0.0399079590645955 -0.198786788935094 0.0811567025456041
0.0391639410418451 -0.0360198960528556 -0.622144905437697 0.222720474492855
-0.0476766900291341 -0.0634208613189894 -0.343439307309194 0.656316131329918
-0.116651155488857 -0.00227088330434911 0.197132510224963 0.562820655760767
-0.0507135819068784 0.0710175845104916 0.347384383834757 0.141544236186387
-0.00187597822792092 0.0568796863120819 0.17355089675923 -0.0271138155779941
0.0148102189031222 0.027499366977568 0.0363624795752224 0.0104817297902244
0.0176190207702828 0.00543145760871177 0.0156220372773879 0.0732110023113282
0.0189882723910635 -0.00538560449402 -0.00948359124855466 0.0974739543568735
0.0307451242778693 0.00766796779309737 -0.136998094498945 0.0839007007717768
0.0305419832288072 0.0228756373825436 -0.276608807547225 -0.00361524436864709
0.0212124581677928 0.0691526684046577 -0.263833941696001 -0.229853723939928
-0.0210367299107495 0.0798420841844007 -0.105679419254067 -0.359954751540992
-0.0747718332459712 0.0207011110291769 0.0591019938559418 -0.283952604059968
-0.0682264384300063 -0.0265089672594046 -0.0992819934754843 -0.120023960173426
-0.00193774343233662 0.0831039230701456 -0.209311067142732 0.0583114823787472
0.0785546385879486 -0.0106640495382725 -0.629900312829739 0.221147377681099
-0.0103502017876813 -0.0652011607236282 -0.334747499754471 0.645563982544657
-0.0973585594010215 -0.0222167372257023 0.176792485978333 0.533758199221776
-0.0479963915014901 0.0507466139540887 0.307819678391228 0.143775594679129
-0.00602270791945901 0.0349014258547377 0.153756046365369 -0.00492915915491733
0.00332245473422021 0.000876989273706541 0.0338253652416974 0.0240053529933932
0.0114761307202069 -0.0207632471486722 0.0168517936831952 0.0689873930999213
0.0238728176385876 -0.0322781427226056 -0.00264029220482018 0.0846339691553009
0.0598152518032403 -0.0114107955168986 -0.120313098932594 0.0759782053086493
0.0676021535337828 0.0323375504800368 -0.255570909769885 0.0059902503965937
0.0367618510124416 0.110403986590953 -0.270295899372187 -0.208613121932553
-0.0438333488202954 0.107355568083676 -0.132943924085956 -0.366152082356155
-0.100038224138637 0.0220519886558655 0.0793094794908445 -0.309607194303414
-0.0842179583780583 -0.0139548584076183 -0.0567322609039593 -0.100353199998409
-0.00480527608326839 0.082230738703911 -0.200107357215921 0.0446130363661902
0.060502572943982 -0.0242383167635969 -0.585534841295115 0.248542070717092
-0.0262760348577596 -0.0467072094157348 -0.264842396747671 0.614887094611778
-0.0770603873047613 0.008346161961983 0.179979782785247 0.470256853981214
-0.0130934030193021 0.0433249420479417 0.268582976551174 0.12636627131968
0.0109751990310595 0.00601203013360921 0.130878509148894 0.00475560130045167
0.00191672868021378 -0.0308107341367477 0.0289763238293457 0.0267520024217332
0.00699863674425816 -0.0437165866455553 0.0140872560854521 0.0536657885868655
0.02102725329203 -0.0478110256118994 0.00180554600526704 0.0623599475715625
0.0676745956253579 -0.0169782879918279 -0.0993677388855918 0.0648664757341146
0.0678248554443228 0.0434754941418067 -0.229751142990966 0.021612788365881
0.0212789276095956 0.113047126754381 -0.281484158907112 -0.19029705934876
-0.0471335780958552 0.0865892609964214 -0.154985101893527 -0.392278626557947
-0.0738579166192838 0.0164019840724326 0.125652854088575 -0.356823378330217
-0.0733877764481449 0.0209955857021635 0.00764306474433986 -0.0872136786219523
-0.0212134875655211 0.0572907458872926 -0.162716635532129 0.0560945153734551
-0.00295099196410102 -0.0434051677201551 -0.481734641493804 0.283169887763608
-0.0683825188195066 -0.00102666903444457 -0.175546373190313 0.550306869962032
-0.0455910652620542 0.0660351385667173 0.180972767881996 0.397099841261234
0.0422450985454461 0.0392097556039451 0.245613681948129 0.109998521946045
0.040346186032004 -0.0258095650455244 0.122173384300903 0.00293278644961886
0.00801736843790335 -0.0612707262377826 0.0266629086086277 0.0155145697682178
0.0031958459126075 -0.0598552790207925 0.00721808868335284 0.0291165137411295
0.00825595131277268 -0.0517213134282833 0.00386293307978811 0.0404438293496171
0.0490106691922725 -0.0121565256500795 -0.0839083475002728 0.0619533252514972
0.031935755562349 0.0408957892859945 -0.222108138434145 0.0440562078778009
-0.0106643089713215 0.063401387623795 -0.309683991115033 -0.189017406520322
-0.0140811747739729 0.0241771163058061 -0.166371393575373 -0.450329299987044
-0.000819080926477578 0.0179937557447412 0.199751847505828 -0.414571688342999
-0.0420154580538369 0.0720580303558441 0.0779974713242962 -0.0837538295530876
-0.0361246170915633 0.0329060665084666 -0.0971839502781032 0.0823222570138764
-0.0626381072710046 -0.0423055864946305 -0.345707210501614 0.29759892230993
-0.0919764693871988 0.0508076480319709 -0.101271864632022 0.471086945294719
-0.00144211028501415 0.108129359959952 0.179336590631468 0.343099636143774
0.0902428497361001 0.0277000623691581 0.246980554937892 0.100545236739023
0.0639361959850406 -0.0504639238814186 0.131662280808975 -0.0106273963093128
0.0164169315022637 -0.0793801784872597 0.0267978020522153 -0.0105558553592684
-0.00117848851148535 -0.0670203158222704 -0.00251363068443445 -6.75477097948926E-05
-0.00966069875812026 -0.0495246461530123 -0.000633726626947923 0.0259821738346267
0.0141132378344148 -0.0123533346874462 -0.0874404226999906 0.0699859118257194
-0.0141748301761922 0.0106655728611375 -0.251957165724767 0.0583673150369988
-0.0152428108840892 -0.0230316656091948 -0.352076770665879 -0.234224997205084
0.0626566512456508 -0.0329397915028832 -0.133309339928826 -0.541105940362176
0.0844088130201472 0.0487311820545637 0.305802149871127 -0.455115636623795
-0.0100418891904294 0.126069459363214 0.139339742176941 -0.091965450867878
-0.0335441554625198 0.0268659115564347 -0.0203100222513554 0.10774885679019
-0.0753611467992088 -0.0247028765142861 -0.21838872292674 0.286458933950646
-0.073107586890082 0.0747113654855235 -0.0489839848288597 0.409200280631719
0.0344518713668345 0.102262250595838 0.18901718203508 0.315713415177799
0.106906035108631 0.00821978573543248 0.267646115232883 0.089386207085005
0.0689602635303177 -0.0601034808634333 0.148310965165115 -0.034519352167274
0.0186483393757834 -0.0787241666705859 0.0251325912330503 -0.045773553504691
-0.00504083420127073 -0.0625456466110267 -0.0139118873767855 -0.0295299568289468
-0.0238268974073011 -0.0467011722079603 -0.0134659210051413 0.0162527401948999
-0.0155692728805631 -0.0254788843185302 -0.114743261868279 0.0745072943142727
-0.0313767897502195 -0.0385812768235726 -0.308256764824063 0.0360205563237948
0.03195372369458 -0.0899424952933753 -0.366814242405957 -0.33302242369275
0.145529137852834 -0.0309852931470695 -0.0351028965827278 -0.635401792805338
0.125165432805989 0.103451129614962 0.425131645069552 -0.452862652036057
0.00313265052591597 0.156634118859817 0.185070559073276 -0.109324258930075
-0.00951863645716166 0.0339394304055395 0.0432006266431646 0.116782478876064
-0.0363139483499287 -0.0128012471792619 -0.128446201096861 0.265545669723049
-0.0312779112781829 0.0526751741197131 -0.00792543701836179 0.372596427544885
0.0400688787200098 0.0554867197775211 0.211371243298599 0.298419195036076
0.0826419135015407 -0.00733665585653833 0.290986180850975 0.0690863509538311
0.0517168189361799 -0.0488245684684495 0.160226772470418 -0.0647319668406086
0.0143290564745628 -0.0581813226527437 0.0205016910733068 -0.0819211270762304
-0.00741456152108518 -0.0493515387679156 -0.0235199703270796 -0.0549085986663182
-0.0259334429058675 -0.0442079096355822 -0.0319590387629251 0.0051178807480088
-0.019672730993732 -0.0443617565706792 -0.15167543102575 0.0612226049662326
-0.00720929372151131 -0.0734698299817066 -0.353856913054211 -0.0266309728472474
0.0962195048484116 -0.0869384658240143 -0.326404319465413 -0.446220076665223
0.170767381619887 0.0249308111886989 0.106487548392039 -0.683978378470244
0.0923480044211516 0.13677261630037 0.529231479800179 -0.403425799164514
-0.00360935705954744 0.137285679155699 0.212520672808385 -0.128670027665744
-0.0273776750623477 -0.0300234393941027 -0.184919388295825 0.0966156777874531
-0.0373241105846179 -0.0869217943347141 -0.617042639029454 0.251705682010936
-0.117461122907649 -0.0411471405473265 -0.304894095535868 0.691713298286678
-0.128224873731224 0.0573682404419595 0.256017223531302 0.572299557925418
-0.0225269408494734 0.0949163853800614 0.387860204985477 0.112654118903388
0.0186103144925895 0.067077273104719 0.183653487687359 -0.0631776094063493
0.0311120400804083 0.0439641848699981 0.0337295861881927 -0.0102028916627622
0.0255586627731886 0.028855670516528 0.0160749695942456 0.0623533172992309
0.0103152256940524 0.0286080871944406 -0.0138485262856422 0.0888241989011302
-0.00752227640381877 0.0368936015337837 -0.145551080417012 0.0747776742030213
-0.0241741663404459 0.0175270205021953 -0.282674800069531 -0.0203358496641066
-0.0112420124057016 0.0106441320445577 -0.247439802299181 -0.256305284172141
0.0124877997783016 0.0261513022234396 -0.068677309907583 -0.368261835114195
-0.0213029888339744 0.0154936368479283 0.0748783174096911 -0.278548061004891
-0.0378129297954437 -0.0243094797408658 -0.111018441593116 -0.134748863431302
-0.0097551913210348 0.0468126185050433 -0.203588966379182 0.0865624514823167
0.0436304502294544 -0.035932933162907 -0.646819949366761 0.219801288636172
-0.0455620873962762 -0.0686699716738174 -0.36568378700157 0.675774422314724
-0.123556399834529 -0.00525097423671363 0.198183406536992 0.58520453471228
-0.0557012289822879 0.0731569871049113 0.358373109149116 0.148688273362124
-0.0040922957052235 0.0601259219330549 0.181531802345202 -0.0297276999383047
0.0141897994175035 0.0297426890779891 0.0397634083321585 0.00856669485462525
0.0174802887662924 0.00638085571397275 0.0201350600941515 0.0716030639394601
0.0193480542904785 -0.00382123209017034 -0.00672658267490701 0.0943964071445147
0.0317573244521087 0.00918263601270671 -0.137395701055693 0.0804078154170099
0.0300784665131848 0.0251760302269548 -0.276216973802467 -0.00782813223403602
0.0189871159602129 0.0729523079971049 -0.260219504901373 -0.237205195458951
-0.0237451300518339 0.0801750154492026 -0.100334735932969 -0.363482944054652
-0.079098805505578 0.0197351392661513 0.0667774691422333 -0.284147930240375
-0.0708199336286188 -0.0270885146738985 -0.101295024269233 -0.114781766390977
0.00101269081271961 0.0943483449611176 -0.213924538177635 0.0616511832459554
0.0877223845468416 -0.0072674359498902 -0.652273162397387 0.21860265995856
-0.00372668130077478 -0.0730214962431429 -0.354494378153781 0.663451863730829
-0.10383010447606 -0.0303941213220958 0.176994570535231 0.553315778682387
-0.0557764816084217 0.0511393698691171 0.315339442552347 0.148578741361367
-0.0105378069566108 0.0379432827598219 0.159132735977413 -0.00580529216976455
0.00142591497345834 0.00480490138895004 0.036732339451046 0.0230502651474716
0.0103653367565261 -0.0185132245000879 0.0208915846635777 0.0682407811699159
0.0238822454332495 -0.0302243613903736 -0.000961951642048256 0.0813473521060212
0.060612372445023 -0.00978937215202641 -0.120097624685187 0.0728963647140625
0.066026816453046 0.0357126264217297 -0.254796898107374 0.00198099437638121
0.0330413425959711 0.113637433344883 -0.26855338997986 -0.215628983316496
-0.0467588957721233 0.106640577499847 -0.127242804956492 -0.370877223399754
-0.103039099437411 0.0204096201588403 0.0875920325551032 -0.311611406029968
-0.0855195442579228 -0.0113183793068283 -0.0574453891484923 -0.0949659751860142
-0.00154928379457151 0.0962368331564149 -0.205454804926322 0.0466646503271871
0.0716182341284831 -0.0209041345568077 -0.607582499126375 0.25014875529409
-0.018776861169279 -0.0552797864347086 -0.280441884509495 0.629311857589086
-0.0838139777728056 -0.000882065969196127 0.180844739866297 0.485566550238606
-0.0208180703705829 0.0426771057135961 0.27362648163899 0.129258456792042
0.00598056552621166 0.00811736652492145 0.134198883886029 0.00478442742346376
-0.00146486281035496 -0.0271827817605346 0.0308320534730137 0.0279783371839011
0.00512307856116588 -0.0409968900194394 0.0171508628263349 0.054149856467542
0.0202839739935013 -0.0443479382275102 0.00369316386469255 0.0591039910524503
0.0675576002573419 -0.0141731974084232 -0.0983076305800418 0.0623431066903275
0.0653879686484345 0.0472820705337 -0.228943380886212 0.0182804790570727
0.0153394166276589 0.114776375170425 -0.280868361653648 -0.195716298509901
-0.0492414433657178 0.0821924501225041 -0.15167188070992 -0.399206323200258
-0.0736017599683865 0.0150938883578525 0.137008948153281 -0.362765616073111
-0.0728011292290852 0.0273054670664859 0.00914602487253776 -0.0819824796616364
-0.0170416288678446 0.0704633971159344 -0.166860373806665 0.0562091439690474
0.00668821057228211 -0.041390937158149 -0.499927558278647 0.285039674765669
-0.0631203702144085 -0.00938676169774269 -0.187182468868183 0.563403466623516
-0.0517997573439584 0.0594536687828441 0.18152574750261 0.406272693101939
0.0358763872725725 0.0384782578337801 0.247566876834939 0.11173535447375
0.0361897171268451 -0.0243168676934459 0.122929079914941 0.00425378871317669
0.00471559161892823 -0.0585468414287272 0.0268755587272346 0.018019078238565
0.000459255497191252 -0.0569828190032681 0.00877137528930041 0.0301752956391026
0.00649383504179955 -0.0471607090429623 0.00528162105911484 0.0389172151722032
0.0468589312121411 -0.0089582535073164 -0.0826363494732235 0.0618650044721087
0.0258477480814501 0.0443167815310752 -0.221472846394058 0.0428085961243662
-0.0190316820423459 0.0599711695149592 -0.31254350393077 -0.194000697233456
-0.012695941244014 0.0158273484853659 -0.1633074619841 -0.458082555307136
0.00429182428083583 0.0180145097576892 0.214107546682079 -0.422246635822333
-0.040440369047727 0.0828334403625341 0.0817422097643077 -0.0808124367644606
-0.0320211730273575 0.0451075023331739 -0.0996059541273018 0.0823397670766225
-0.0556601547359057 -0.0415474687281177 -0.358976873627405 0.299885858091278
-0.0890454241397342 0.0451971549041714 -0.109432376636057 0.480301259640501
-0.0063701169436264 0.104879601641333 0.179118926140927 0.349947801711209
0.0868163891019317 0.0273684004857789 0.246881492981483 0.103339060107161
0.0617094282531711 -0.0505955379664158 0.13172449359932 -0.00787189531710433
0.0132826263456962 -0.0782558786990071 0.0258073910689241 -0.0065846517922795
-0.00363230896545813 -0.0645407964869257 -0.00216467089769733 0.00287203874677719
-0.012342072936131 -0.0448933977603673 0.000139655897689514 0.026020674676121
0.00982501088180763 -0.00942594232176323 -0.0872402717854946 0.0721703695341029
-0.0225041609554248 0.0117632084719756 -0.25430282339053 0.0587512990790555
-0.0217964397378928 -0.0318369919951128 -0.357111884525659 -0.242831213790092
0.068764992075483 -0.0425518092000352 -0.128956896708158 -0.554760741384124
0.0933241192837692 0.0521483417457029 0.322138406781784 -0.465187055782484
-0.00779656074598575 0.140010761997766 0.14566195493751 -0.0915230810596087
-0.0291440338042691 0.0368546126704199 -0.0199731942500593 0.106184152616165
-0.0709798380011136 -0.0241329492769591 -0.22642623092457 0.287350254881293
-0.0717654875941308 0.0720350775500762 -0.0563677927383377 0.415432875327758
0.0319566217540306 0.101329003082441 0.186934374031302 0.322101295998748
0.105571497219721 0.0073011897874906 0.268635864180746 0.0928440921038322
0.0680560040171422 -0.0614038881463131 0.148916520675642 -0.0320615482338737
0.0167950445904388 -0.0785182367192515 0.0237556124384435 -0.0416432319813273
-0.00782747726646667 -0.0614812661730927 -0.0150135355071922 -0.0256533533531314
-0.0272230194006553 -0.0431329572907453 -0.0145462465002341 0.0185540232152651
-0.0205089566490129 -0.0242432616949833 -0.116974666498331 0.0789252828672303
-0.0395617684670108 -0.0407905816226536 -0.315020760065178 0.0374595321883779
0.0300510525428676 -0.101226898932189 -0.376303693984163 -0.344423377490894
0.156968571137315 -0.0376835481583637 -0.0277273974426618 -0.654829895856599
0.133478601391716 0.111824763733171 0.44784376037214 -0.461381330482169
0.00454132903794083 0.170721707272776 0.192513143546709 -0.111797308255112
-0.00501540834283449 0.0420806153148596 0.0449204171072724 0.115169794375301
-0.0327926104436413 -0.0124990652034046 -0.134997760245272 0.265742541853641
-0.0290280955214088 0.0512726956317434 -0.0165556498359798 0.37868278520425
0.0391326216613384 0.0550762668889408 0.207872090246335 0.306173241499927
0.0825999401143879 -0.00859206784048314 0.29228875431742 0.0748269131062256
0.0520852405181921 -0.0500395416254539 0.161678549321961 -0.0617028644671547
0.0136541725999542 -0.0587686789897944 0.0190968366183751 -0.077199732616429
-0.00878309257492419 -0.0490210088904825 -0.0255501697070806 -0.0507917079511366
-0.0294820869543133 -0.0426409654122571 -0.0343388125061682 0.00874279448587355
-0.0232824206270423 -0.0449818449572413 -0.157258967006246 0.0661386447266014
-0.0113293514937199 -0.0776550507882124 -0.363718155546623 -0.0274338600916511
0.100196554396594 -0.0950294864816777 -0.333922222726944 -0.464319719287791
0.180444144590244 0.0242952272084202 0.12044164330448 -0.704289258949817
0.0963475683768114 0.146144568156659 0.555177590334983 -0.409448951193056
-0.00414914415703774 0.149290131901014 0.220525133059207 -0.13361969106163
-0.0287879351991929 -0.0295283180438481 -0.187056582310141 0.110428139036936
-0.0430718889355541 -0.0922603094509112 -0.64502142981438 0.278178351496866
-0.12645894724318 -0.0404183803719366 -0.307503935294588 0.739460366228021
-0.135768068897957 0.0674707427207658 0.286550136647125 0.597409649685602
-0.0206103344399173 0.102262036570937 0.413566502400319 0.10693494901737
0.0225242866827853 0.070503759418618 0.193435184637182 -0.0747075967633442
0.03479447447437 0.0444700137468371 0.0387012496059241 -0.0154786220840059
0.0279621620454383 0.0272626377001069 0.0227624828117519 0.0600354346118567
0.0117306329580447 0.0296410423205912 -0.00779426859635948 0.0871186051438013
-0.00527263574308022 0.0388315570053556 -0.145085560687203 0.0784010899856056
-0.0252351229928056 0.0206141965260717 -0.288479155746851 -0.016160725577394
-0.0117496831921231 0.0141430359144624 -0.259162519251519 -0.260803300678812
0.0118661420650418 0.0268819127526742 -0.0767066964137165 -0.377437548498814
-0.0266577460684576 0.0157996642997916 0.0734595795457527 -0.286324529817811
-0.0431903463091321 -0.025973167853905 -0.12038090819609 -0.128138236768307
-0.00566270442303551 0.054844581325209 -0.2076905010904 0.101691566997613
0.0481934235683645 -0.0379308681675343 -0.678472720179164 0.244934480899676
-0.0473722402122471 -0.0750408202224993 -0.370081260336334 0.72271344274064
-0.134368568692846 -0.00376260874612927 0.224678244934992 0.611576841812381
-0.0598711038424209 0.0792931374741847 0.38279032448585 0.144539474584814
-0.00434379071872102 0.0654179235728197 0.192379143198403 -0.0396014020419154
0.0147263244849661 0.0326856697706187 0.0457155673260522 0.00458348771420182
0.0177526192416204 0.00680796660804933 0.0273354915111312 0.0700188318729546
0.0197077291396112 -0.00334681581655316 -0.000878219611869241 0.0925326914441207
0.0336677166526367 0.00973072540329454 -0.136367583752081 0.0844472236253161
0.0308885297862223 0.0271069377044284 -0.281633794621272 -0.00327002703853072
0.0205123225732951 0.077226924250306 -0.272556784259593 -0.24071478065787
-0.0244319337005943 0.0833790476922798 -0.109111582510278 -0.371393431297161
-0.0858711281092756 0.0218871900231541 0.0649315732364192 -0.292270118351798
-0.0755815874582874 -0.0249387109576677 -0.109509699095736 -0.1070536681316
0.00879821313039532 0.107864529760699 -0.221182186199022 0.0753469870903806
0.0997535185440576 -0.00745509358631889 -0.682915257347759 0.2446371251714
6.46934309774805E-05 -0.0828954409635536 -0.358288734807427 0.709996467935368
-0.114790570251966 -0.0346750846717237 0.202796668019469 0.578380348861589
-0.063224496090903 0.0549162004758627 0.335952046794218 0.144439790924814
-0.0136870890915209 0.0427844830839642 0.168295381922847 -0.0130965568298599
-0.000915299356573696 0.00859560882444005 0.0416960680839462 0.0215627448323672
0.00848306205399391 -0.0165130686451784 0.0273618572545732 0.0675583413471499
0.0232272196012413 -0.0291830866607933 0.00438120180614909 0.0790562329288246
0.0627638530924804 -0.0104222157359833 -0.118937395276804 0.0757138194117914
0.0682520302751379 0.0371691318106109 -0.259619447344587 0.00607858439677069
0.0341640780193535 0.118712518060399 -0.279478665255646 -0.217467056516455
-0.047447545324188 0.109489279805707 -0.139502485506908 -0.379453286146009
-0.107962567668279 0.0234825971408748 0.0865966280883237 -0.323807338218837
-0.0884307368229538 -0.00489500811586632 -0.0623733136566951 -0.0882890193214231
0.00738085712483586 0.112648346627842 -0.213064534965089 0.0576173976177944
0.0848829727455592 -0.0210943180082133 -0.633975780877902 0.278544926948998
-0.0136643819896674 -0.0664603876886677 -0.278386184999022 0.671355244340494
-0.0935627696410252 -0.00645380730505254 0.204272016101798 0.502070105746834
-0.028476728584282 0.043872508371048 0.288927872094173 0.124626406062543
0.00145766794154508 0.0106800832004129 0.139833901771991 0.000110874849835344
-0.00578788381530695 -0.0235476142009269 0.0342128342513503 0.0288290895923316
0.00144389632772955 -0.039009300587646 0.0224710885124696 0.0544902430927895
0.0182391416673437 -0.042124866790231 0.00814298121525202 0.0567145164161779
0.0683913829022275 -0.0141101294717894 -0.0969167463370154 0.0648158829430473
0.0653912203618815 0.0504070019238115 -0.231764105414218 0.0229397434381037
0.0126661097723907 0.118230444681025 -0.293136094696384 -0.195227233494522
-0.0504464856993704 0.080485540676464 -0.165758876263277 -0.406984826915439
-0.0741956555100897 0.0171260029199171 0.135684969988068 -0.379964374990701
-0.0719681828926599 0.038193327597154 0.00877792964476969 -0.0789512675433181
-0.00885810431348186 0.0867226824596132 -0.172441289402301 0.0645153873398494
0.01606075349075 -0.0415159662516196 -0.518363860633157 0.311779417420446
-0.0595430456388776 -0.0168757538213656 -0.181653091240662 0.595494055179151
-0.0583874116641224 0.0564140230093065 0.202318640754195 0.419036445851256
0.0311966185515778 0.0376997230969948 0.258678640595912 0.107164423159393
0.0316940040236752 -0.0248183991462777 0.126982867546531 0.000866955151322325
-0.00108213818820847 -0.0563870507712882 0.0288883298386836 0.0204624623628568
-0.00480226548159246 -0.055417706971666 0.0118634131359067 0.0316677336985569
0.00344616116000881 -0.0433549335221406 0.00840297191183521 0.0366209511795523
0.0453848572212147 -0.00727401261978316 -0.0805186644364472 0.0656123019145731
0.0219743739115267 0.0486999622308274 -0.224518034486064 0.0501885057911451
-0.0259055456167113 0.0591397442470056 -0.328564192309485 -0.191296664583864
-0.0122033436353694 0.0070173466462437 -0.18084640129598 -0.472377505145195
0.0110083361468728 0.0188080810599661 0.216446430366184 -0.447481747090026
-0.0351070318473628 0.0982242929772055 0.0853255441826211 -0.082745086462644
-0.0249904833465274 0.0595251767485999 -0.100620873245452 0.0871362728094171
-0.050801911310943 -0.04035786483249 -0.368019728174171 0.322450418432149
-0.0862293539993796 0.0425863155576785 -0.102723216235242 0.504305185770106
-0.00813719874840111 0.1036053940754 0.193692311758235 0.358206062136052
0.0858068948406324 0.0243332905426362 0.255297157673517 0.0984513118057747
0.05919879013362 -0.053904698246744 0.13429115430738 -0.0106694763198051
0.00805979119354647 -0.0781137306995432 0.0258518250597558 -0.00374347610235472
-0.00945407839974362 -0.0630402208473184 -0.00157285685045545 0.00548905070672407
-0.0172354017774248 -0.0401860199030995 0.00181123575898993 0.02618701948688
0.0047516191222061 -0.0067294671465268 -0.0858855794583105 0.0791756005996245
-0.0314842451233091 0.0148697379461165 -0.260081353414234 0.0709611173356703
-0.0315642992932815 -0.0404203304177348 -0.379893089876491 -0.241006470495673
0.0750443162164181 -0.0575733298320815 -0.14997467175502 -0.578301425355238
0.107324226659544 0.0538354126345583 0.330612113543716 -0.497374833933656
0.000855594111375676 0.158991500823076 0.15190980150055 -0.0985048286999327
-0.0225630395111704 0.0488197444860414 -0.0161264934965051 0.107814843437802
-0.0682164955333288 -0.0223490447151595 -0.228717757189686 0.304066106449604
-0.0691200604739331 0.0721023858473791 -0.0502079254525147 0.435056091166888
0.033499265665761 0.101945587750163 0.198574034135742 0.329051531679359
0.106843751011511 0.00290429153214044 0.278083217474358 0.08899441115304
0.0664131705477043 -0.0661421668247068 0.151384358970752 -0.0353040389352854
0.0126363113368323 -0.0800536332984764 0.02162398443679 -0.0386198682460998
-0.0132940768059417 -0.0606826253432603 -0.0158781582216408 -0.022214698644885
-0.0333539752551633 -0.0387051242268087 -0.0142815584873861 0.0207672321782314
-0.0274132847827143 -0.0223058928973477 -0.118521205164393 0.0893867552343829
-0.0508139474197365 -0.04191371925012 -0.326794704979958 0.0517582520508011
0.0245619399564095 -0.116342750541985 -0.406672189336294 -0.349876952529197
0.169606930488313 -0.0526479970380558 -0.0451793594820469 -0.687824732772892
0.149970995247409 0.117439760237166 0.464005230461873 -0.498038045735192
0.0138692099929079 0.190317688120308 0.200410164268419 -0.124522109771623
0.00280323720470036 0.0516571505159019 0.0517063027165991 0.112419072728561
-0.0294863262058454 -0.0117881329626976 -0.133658274745337 0.275878274304382
-0.025184315567019 0.0510592185413332 -0.010429407692076 0.392783256411588
0.0408156334130083 0.0543515037508824 0.220809920469968 0.313767354058922
0.0841585059713178 -0.0125075807625552 0.303119346311769 0.0704677164188007
0.0507893124823308 -0.0546561545057632 0.164571269766306 -0.0654626802024235
0.0106353490742375 -0.0607503480509979 0.0154477552230814 -0.0743288128486698
-0.0126892686234852 -0.0488587209368426 -0.0293136724991817 -0.0464107932919552
-0.0344430086479208 -0.04019086191993 -0.0364619541609005 0.0136216363172458
-0.0298350172890767 -0.0457840823299034 -0.162396641655812 0.0780524383989592
-0.0194302501805259 -0.0824530912392128 -0.382939799620686 -0.0152192432725135
0.101672695086786 -0.110008183541732 -0.367926949348878 -0.479064217862436
0.196082199417166 0.0161172760240752 0.111503111644506 -0.744451518982937
0.107966293590654 0.155885476248274 0.580647236284679 -0.444536045870659
0.00291198549726523 0.164581590247998 0.227987900708114 -0.150403556968477
-0.0238310575495117 -0.0297884395962472 -0.202874792006776 0.0871888960383674
-0.0293312939562624 -0.0904003613216557 -0.708952483453294 0.183057696928047
-0.113717573634689 -0.0540418199625422 -0.439812725841289 0.710641526852531
-0.135980369909729 0.0484574268474469 0.198403357358795 0.666447027180896
-0.0332137762696171 0.0939917148424584 0.414789684559133 0.17544296574098
0.0134331921519339 0.074374509766535 0.213964300918301 -0.0513961961664007
0.0297396625757666 0.0497279419433248 0.0456972120505168 -0.0116475193133518
0.0245774573257027 0.0317647521492348 0.0192030368644932 0.0614230711049824
0.00715562694372236 0.0322419730930828 -0.0163632211394786 0.0828045659018148
-0.0120893662531838 0.0397317296925102 -0.15580846737031 0.0555006693205168
-0.0332523306715646 0.0170960173460694 -0.283393322442435 -0.0592488259377863
-0.0168488031925467 0.00993213519453767 -0.218905080030897 -0.305949195029469
0.00734966983674924 0.0253342108389077 -0.0201304646077632 -0.391925466279778
-0.0321111355352839 0.00702105445799575 0.120133607149287 -0.272647367910599
-0.0451415899208894 -0.038919575409781 -0.101979597071778 -0.139001652642206
-0.0134137819317238 0.0640848892954822 -0.223849929837955 0.078511303929932
0.0588031251339083 -0.0185005850048605 -0.734707193093346 0.147203966908891
-0.0248744031423725 -0.0773828568679235 -0.49353796176758 0.685116034928814
-0.124545242104301 -0.0272193278940651 0.133972480246935 0.668660459040898
-0.0720377427097507 0.0639217935280775 0.374072559222066 0.208969783014709
-0.016003155470377 0.0654322094501201 0.20688700791972 -0.0147874465191314
0.00981394135627833 0.0371115003081087 0.0492195280024644 0.00939704838873304
0.0165301347507715 0.010969232180213 0.022709071667425 0.0720024320680909
0.0203533830204277 0.000865269374488055 -0.010701790712391 0.0898217028614147
0.0327624117877885 0.0162739683685003 -0.14834167044804 0.0637449281977699
0.0226733183077858 0.0348701430603504 -0.281486722891003 -0.0470036340418075
0.00506574902167396 0.0795583013245536 -0.23894143852063 -0.289880021197883
-0.0411451100595741 0.074993762748763 -0.0514805537749175 -0.391089111051883
-0.0922753378239647 0.0026652724455999 0.117070897542917 -0.280229925550555
-0.0777901664923312 -0.0400479113447298 -0.0926129521617061 -0.11433822191364
-0.00761349083568875 0.124519343797976 -0.234212265530646 0.0520403329785652
0.109453657978643 0.0222843553994078 -0.740818965018486 0.149638007005933
0.0278236741475376 -0.0801319170357894 -0.474923593416934 0.671469220053297
-0.10222074706079 -0.0593457757420708 0.117329881991353 0.625776428040098
-0.0743604189602844 0.0378537704709906 0.323810389309547 0.199940126123523
-0.0247573201664062 0.0417300394134435 0.176331580481162 0.00927835398182149
-0.00489404389287673 0.012460609672378 0.0420376767691274 0.0276052471499452
0.0100636684705136 -0.0125086886143752 0.0227304969451003 0.0707365609465977
0.0276917824025653 -0.0230954953077727 -0.00328176540105321 0.0769869951083548
0.0645507797085934 0.00145930655516779 -0.129104435934862 0.0584881535762345
0.0580212243102104 0.0533980517512668 -0.261582995213401 -0.0354994256750461
0.0101892759321721 0.12391725743014 -0.250842072700467 -0.269289533152121
-0.069492547573788 0.0944179013047885 -0.0808279183903811 -0.403962174785225
-0.11287055278705 0.000661989039023737 0.145084571363394 -0.310821459472059
-0.0920340556913664 -0.0179205052600324 -0.0452158868862774 -0.089316119475303
-0.00794354973852885 0.131335478088806 -0.224139925374926 0.0333200109585127
0.100159937212293 0.00696461467259806 -0.691105850843647 0.191213608844677
0.0128532118448167 -0.0685310320607133 -0.38559068370948 0.644070028529673
-0.0869936017323494 -0.0306892720539549 0.130154099972327 0.547326887326798
-0.0401637246449441 0.0325913936589642 0.276631923187956 0.170402141888675
-0.00492364380819568 0.011792629699761 0.143577048831679 0.0190553484275593
-0.0054754672932395 -0.0205087241094812 0.0327887789380176 0.0348112253112815
0.00562467327698707 -0.0351999240620206 0.0179037191894644 0.0582836148362368
0.0248824371436777 -0.0353112010276681 0.00270642412822716 0.0549606862646349
0.0698635228443792 1.13358745379034E-05 -0.104926583738186 0.0513670669657397
0.050910177040284 0.0668296718791811 -0.235783630468308 -0.0137669971451525
-0.014666010687196 0.117072619917652 -0.267324779160881 -0.247394824909205
-0.0658413264278052 0.0606784117893156 -0.103499916258185 -0.436823591282148
-0.0724723533199083 -0.000285641714885997 0.201919986650316 -0.362154600191207
-0.0802819780693677 0.0348894071120589 0.0274277101491214 -0.0728113428308146
-0.0189385821903134 0.102698155367877 -0.184276053034062 0.0433603838230558
0.035844061968662 -0.0261313971690032 -0.577697323615007 0.241186286858474
-0.0419594382618951 -0.0294062551960662 -0.276756522802616 0.580577687341155
-0.0633019152825843 0.0373907573713301 0.138410957113441 0.461832620747293
0.0208499910792304 0.0364302395439121 0.247576214274755 0.145991969121007
0.0320482575133766 -0.0200638286283932 0.128974088572753 0.0188888643154111
0.00368712259274277 -0.0528238974388119 0.0274704743464001 0.026848457851127
0.00140404572325142 -0.0525293772522828 0.00972153868686511 0.0350442504294325
0.00801973452424778 -0.038032031848747 0.00589805387082783 0.0357980868980449
0.0432781052638924 0.00418125380119212 -0.0880301890080999 0.0557206904789928
0.00394555293564106 0.0570854867748271 -0.231432604684544 0.0172498235274123
-0.0471021035026257 0.046416264598425 -0.302341268515561 -0.245857177784393
-0.00959472192748292 -0.0117318996171996 -0.115220269311646 -0.505280337316162
0.0202405748862118 0.0175463202329827 0.290083431989393 -0.424042327264131
-0.0498873108102953 0.108676893762361 0.10725159614362 -0.0708114393553293
-0.0291311889846596 0.0706138687913058 -0.114353349147446 0.0732737135558816
-0.0319581145952587 -0.03949506859628 -0.423819842903419 0.272746640841782
-0.0813494324995586 0.0258167048648832 -0.183765287425977 0.500374170551246
-0.0205819713808925 0.0948522208271261 0.14099459595545 0.401451456498192
0.0797701443882321 0.0317300775327249 0.247377231787034 0.136263667686058
0.0656479811684984 -0.0464151586207771 0.137695229911541 0.00903984650625799
0.0169787746493559 -0.0743168693812294 0.027576382877937 0.00251900141968906
-0.00222980438048682 -0.0618496754930906 -0.00153184038684175 0.00775765815007271
-0.0143427444211252 -0.0373562756934792 -0.000201368130393737 0.0264057531792094
-0.000313572663210752 -0.00181438227098039 -0.0955128718002122 0.0706677279082475
-0.0469627244872698 0.0110630982937161 -0.270005053244593 0.0378834856397832
-0.0365725205131889 -0.0620476953547205 -0.350696089729456 -0.29789269563306
0.0973442579331718 -0.0621733187888484 -0.0716234894216643 -0.610565963287601
0.117337053092749 0.073255078956905 0.410984968449109 -0.462335055298256
-0.022916981222569 0.180084159483853 0.178087809907234 -0.0837641995380723
-0.0231350449876045 0.056923661199007 -0.0313771061937651 0.104232060434531
-0.0548168474686334 -0.0270618401564485 -0.27977489276742 0.272040659559233
-0.0710518938480543 0.0588018952326481 -0.120920008776251 0.434757489388181
0.0218918882835428 0.100816569354562 0.150767325637552 0.37406845475174
0.106305319466326 0.0134852887192498 0.272484035651983 0.13039632030234
0.0766337388070876 -0.0587274184449278 0.159238300154437 -0.0127511856173122
0.0220079259524817 -0.0765654051770618 0.0280958341001131 -0.0328564703171083
-0.00579652267975114 -0.0613515054870418 -0.0136238923487585 -0.0209140683178116
-0.0311138710323658 -0.0392469965145192 -0.0173486993541037 0.0209669175492879
-0.0309422984316964 -0.0248685700851908 -0.131562222377619 0.0784700203013617
-0.0555879490542577 -0.0541535668809482 -0.339083160975027 0.0118930177113874
0.0378681915707109 -0.13404721510211 -0.366463808310738 -0.411491760247079
0.197283103239381 -0.0368912716604119 0.049563675695338 -0.711924514060921
0.150620505695583 0.150058777953828 0.547692876689943 -0.444598581089123
-0.0159092136814273 0.215586906970894 0.231872728005231 -0.106472169280909
0.00258885565443445 0.0601546994785683 0.0374989417534462 0.117638831293946
-0.020301811936534 -0.0119514371042516 -0.179006946060345 0.257003535714682
-0.0248332913864104 0.0456154929519652 -0.0734807895967089 0.398092388896542
0.037626036932038 0.0557316615984552 0.176805530824085 0.359767981549075
0.0875388143983149 -0.00622380916132456 0.300577106611807 0.115491686516509
0.0600947113982007 -0.0507019002966942 0.177184270295305 -0.0410185505201257
0.0179088272073749 -0.0597833752210893 0.0253461303211791 -0.0688549569806781
-0.00684396415561095 -0.0510085128594959 -0.0247185855249542 -0.0467841386473252
-0.0315771981438093 -0.0436555089487932 -0.0404982361748802 0.0122153278251427
-0.0284539529124638 -0.0514933838373308 -0.177620764884587 0.0629771364237228
-0.0128842404380862 -0.092160680437178 -0.391183022464713 -0.0623937700926007
0.122285632228043 -0.113572622745223 -0.312940114299162 -0.541268465781474
0.212544719586721 0.0444343893941349 0.220059767534243 -0.751658967398007
0.0971224544114802 0.18432711202754 0.660643085244542 -0.372381127290273
-0.024153448376821 0.182682292297387 0.263832437261738 -0.129577901572506
-0.0247953795539924 -0.0279155869951161 -0.188471459240396 0.108959243433424
-0.0396103860188431 -0.0889848460603907 -0.690382956662512 0.24381633247444
-0.119281628518707 -0.044635796689618 -0.376595431746819 0.749572856465844
-0.131879866679025 0.0642833300982785 0.258945299635042 0.6479932554802
-0.0237160597752511 0.0981976444709033 0.431272008816122 0.134926220241092
0.0215746227039667 0.0722149182458525 0.209967706801893 -0.0743314190296097
0.035483232873977 0.0458488310115855 0.0463468396428369 -0.0200761136667504
0.0270546939183906 0.0274266682241485 0.0284968272161738 0.0534998887244159
0.0110794415629978 0.0307335515592263 -0.00583616209969016 0.0760292370230558
-0.00751377405602453 0.0398554108682409 -0.143941674755877 0.0647160730895721
-0.0312583337679026 0.0221675184895287 -0.278526810655547 -0.0367754957010363
-0.0156587179532488 0.0145074126643977 -0.237729066027752 -0.283411954547955
0.00718594751140034 0.0243644949429872 -0.0486387691540899 -0.378487749697751
-0.036630396314677 0.00948567578418275 0.0974079784008844 -0.271886387633625
-0.0505643357479389 -0.035554891769831 -0.113610185843237 -0.1167031741726
-0.00358694871679406 0.0689569775996396 -0.209914011970041 0.103692771050879
0.0593183125035349 -0.0241253928834299 -0.719285361439075 0.210010677427164
-0.0296336292019783 -0.0794632139288638 -0.434537015376604 0.728229322164317
-0.129626327956233 -0.0169503221037558 0.196813526946611 0.654450524032283
-0.0687986970397737 0.0712070136733036 0.392434877392664 0.172218068319732
-0.0109554196504429 0.0682999234908531 0.205825569264947 -0.0366533288608327
0.0125835222729946 0.0384172957082549 0.0522884834947086 0.00124693726646506
0.0166448472478154 0.0106550548162847 0.0333315472919192 0.064465332714448
0.0205405492386117 0.000385147172291966 0.00105951349521699 0.0828168986827076
0.0337355674571822 0.0134595484627826 -0.135700816450122 0.0712458704004857
0.0245810872098145 0.0345079326375322 -0.276209248096651 -0.0254556904279585
0.0103873168253331 0.0804293528555121 -0.25552464457427 -0.265970857123749
-0.0363694157837225 0.0762451971112754 -0.0791226388545515 -0.375100745676752
-0.0943304643141699 0.0116749832601152 0.0949088859192882 -0.28019738433788
-0.0803779307479656 -0.0313344467687444 -0.101639900179136 -0.094322007047354
0.0101514334404639 0.132403866920743 -0.225018769356709 0.0778001124816467
0.118534335257376 0.0133585582041302 -0.723261966760677 0.21416912802089
0.0260972813404599 -0.0898373692988701 -0.414338854853169 0.713316992188831
-0.111546155041419 -0.0548110102889228 0.174317427398377 0.611087317562751
-0.0773703008618243 0.0443250178779224 0.339219518906845 0.166725473371261
-0.0242480786698038 0.0460068480349934 0.176341793852233 -0.00972676053433947
-0.00521989545630375 0.0164470701745175 0.0463331166999089 0.0217130480895986
0.00660701961934028 -0.0100793229576936 0.0327436118297754 0.0645434675156522
0.0250440151749341 -0.0228079175665114 0.00599914208531935 0.0694902232713709
0.0634521689509077 -0.00312264494341949 -0.117745849304288 0.0642949902901443
0.0602555684322213 0.0500317284726054 -0.255291874233283 -0.0149567994035564
0.0180034891213467 0.12192508354098 -0.265223459576041 -0.243365785373008
-0.0626904875083898 0.0963181753439457 -0.108679851201743 -0.385686120953741
-0.112212882526409 0.0108771125668435 0.119685780941794 -0.313713735928431
-0.0900193821766672 -0.00402281802130466 -0.0516936387199603 -0.0748140397873962
0.0112448747422757 0.141260030977815 -0.217537071289527 0.0570746327406315
0.110562263766255 -0.000985263514651212 -0.67187491615261 0.252158580297478
0.0136455595251007 -0.0792968268053688 -0.325089044420565 0.677148851964548
-0.0950413853821724 -0.029604097605224 0.17901188572404 0.530980042347163
-0.0446070298843879 0.0350661621528872 0.287191046522965 0.14052947795902
-0.00926512822966061 0.0147093255142273 0.143107214913608 0.00471485125212607
-0.0103771293321608 -0.0146032049416745 0.0363712772555368 0.0317571424809264
-0.000611011056009906 -0.0304004647184925 0.0262566610226544 0.0536040689890141
0.0205370890288519 -0.0327614982078397 0.00920800949060768 0.0479722320483252
0.0673301651231183 -0.0037024889967643 -0.0947830415011015 0.0558943568856577
0.0527207649767803 0.0651147812948597 -0.227678456392319 0.00451531609715781
-0.0105714512889637 0.116713399917652 -0.278787946791073 -0.219636293939679
-0.0615270710977038 0.0584300250614722 -0.138552654964273 -0.41643406563173
-0.06857347260656 0.00591996879385606 0.170829424305385 -0.372499148995078
-0.0707263169457097 0.0504213871776725 0.022146532202383 -0.0674400813690232
-0.00152725260744398 0.114829983770524 -0.176989722261645 0.060763825938823
0.0440259498839831 -0.0284860756666896 -0.550799678007465 0.290416982968507
-0.0375497801471391 -0.0355640406409502 -0.22103812213653 0.600700139721093
-0.0650297768147219 0.0356857815741377 0.179702997641752 0.439870895738426
0.0155558158602359 0.0330168579634335 0.253609714509928 0.120289799130432
0.0244357995844326 -0.020919125258295 0.126377852128957 0.00732382792983434
-0.00427441600013507 -0.0475270527063579 0.0291926823455111 0.0267772004982056
-0.00678169339369417 -0.0467340253823262 0.0149671786993133 0.0341367818286487
0.00367864174735284 -0.0317316505516901 0.00990023930401446 0.0306576988009034
0.0397354759948603 0.00415676538000852 -0.0767655795175021 0.0605149076341613
0.00281313420921989 0.060761112354382 -0.220083182563007 0.036501662741639
-0.0516393826826432 0.0461677520899332 -0.316653966904735 -0.213316257866843
-0.0107808621403231 -0.0213149981943506 -0.154318308055044 -0.484718827998018
0.028202580436518 0.0154611358050607 0.25218097943969 -0.442446167100993
-0.0326066421266628 0.123162080147887 0.101417058505932 -0.0762029017313309
-0.0142940662034112 0.0831796735652137 -0.104908997970216 0.0809547556142071
-0.0265280940817855 -0.0354559332873913 -0.394088267497933 0.304769221521203
-0.0732448035629575 0.0239467610549897 -0.136805875160933 0.509111450165206
-0.0170123159775315 0.0909418759146392 0.17258786923951 0.379091331578655
0.0750816838030398 0.0229228641166117 0.250662375004857 0.111198574368509
0.0561518023039343 -0.0506938537141355 0.132811172885395 -0.0021155749880918
0.00699232514749583 -0.0710350855017103 0.026405179509631 0.00482593213035839
-0.0113727063744899 -0.0557148456520001 -1.64516611120085E-05 0.0099078984655288
-0.0196629183933609 -0.0285502916810401 0.00270794992498136 0.0242947317461921
-0.00573218323176517 0.00305899346690622 -0.083543349573637 0.0787377743127046
-0.0541467034532676 0.0177634679892481 -0.258399530722682 0.0631712352415542
-0.0508535694518549 -0.0660229055104776 -0.373633902743378 -0.260598445572412
0.0938040405072111 -0.0830112592047955 -0.124090596377001 -0.595077890545985
0.131609443778728 0.0637819270451327 0.370741476355199 -0.495068902972082
0.00148040006766516 0.193222364841907 0.169765665684988 -0.0988583181127384
-0.0105185531604145 0.0666353932598387 -0.0194640190338782 0.100926859945379
-0.0500076771107162 -0.0214146300837852 -0.250627210759376 0.289518134787963
-0.0617055307504729 0.0576727792548393 -0.0833481641953051 0.437472381656846
0.0278831329385163 0.0946052739466856 0.179738017024552 0.352071524752422
0.102133912069347 0.00165807173490855 0.274459965819574 0.10369362686411
0.0673318060862026 -0.0653194916234564 0.152175551636974 -0.0244306938487827
0.0128224356360012 -0.0754150698200638 0.0226810677282883 -0.0287948612530539
-0.0145843036589262 -0.0559223538236951 -0.0154769736443096 -0.0149172655615335
-0.0372959048645376 -0.0302103527649234 -0.0151735913408766 0.023344625370172
-0.0388340292270859 -0.0183308665492526 -0.120696233179481 0.0930346769634324
-0.0682490613337263 -0.0481789571702769 -0.332618514371651 0.0461894818548974
0.0192326912458905 -0.146342672963039 -0.40253157342281 -0.372809134150312
0.198551532855979 -0.0649308485465794 -0.0141710429582104 -0.711510676345375
0.170899469094491 0.140434275000891 0.508753482957772 -0.492257668455602
0.0106519468016756 0.226213222625042 0.220206886400604 -0.129735673760015
0.0143573075278078 0.0649662791578035 0.0494004760131965 0.105714646852795
-0.0169433400895422 -0.0102769222613607 -0.152608307425251 0.26355357979069
-0.0173737547161776 0.0426956198966309 -0.0403857190364269 0.395791211578025
0.0407921640426343 0.0504630836853747 0.201675950279497 0.338747594654341
0.0836521896336484 -0.0157343453080964 0.302837511118331 0.0890051490414692
0.0531882284640118 -0.0567628213534474 0.168239661206156 -0.0523784388110491
0.0108976729506482 -0.0587934611200259 0.0170694522601261 -0.0637961289453713
-0.0140853014013205 -0.0472726778476066 -0.0288885573740228 -0.0382330444460479
-0.0378798226290906 -0.0364574243480208 -0.0398688479727319 0.019478636022361
-0.0370940369287241 -0.0470027239292619 -0.16871881374508 0.0833332660785776
-0.0262425439491337 -0.0919734291343849 -0.394157798748111 -0.0228677007125129
0.109739842772024 -0.132233260132644 -0.364868191080919 -0.509840559681273
0.220731207465567 0.0202947920460263 0.154346025061391 -0.769394766491704
0.117113921780454 0.180136218608375 0.630281304687727 -0.430330477285298
-0.00325855208343664 0.192212552179098 0.248871919915757 -0.157190376765006
-0.0247410672372187 -0.0261029911366995 -0.167536914988311 0.121000302612197
-0.0473542571462806 -0.0845828929924044 -0.648464547639378 0.278520776001161
-0.119710360831985 -0.0357510071209945 -0.313693483446385 0.747356970098887
-0.121626659279097 0.0747061658174813 0.295091681357075 0.603303523697661
-0.0148400851118859 0.0967085585791923 0.425488072111845 0.09798847919128
0.0273314439742341 0.0668189474431553 0.19761958877606 -0.0895213175938251
0.0386847575030455 0.0396256270312712 0.0443386500687903 -0.0268082492695448
0.0277194365640038 0.0224056275328177 0.0338361505564123 0.0435610996127591
0.0135961547174537 0.0282972087520502 0.00214134994054406 0.065840675257013
-0.00377521675397938 0.0382603495762416 -0.128463747698233 0.0663479828767316
-0.0285824683550248 0.0250712548803017 -0.261096122829717 -0.0201605100849597
-0.0132089181173523 0.0173609452134919 -0.239326723671304 -0.253894522074058
0.00557266003200077 0.023036255020143 -0.0641733092440937 -0.349927898845249
-0.0391092213570742 0.0124779340833916 0.0790531696708689 -0.257148211445868
-0.0524178802910085 -0.0314962257094799 -0.115737528853709 -0.0932297232872482
0.0053646770622523 0.0686665744198564 -0.18896176350224 0.118810633091701
0.0577438026680486 -0.0280882229566555 -0.676136471424715 0.248757429303029
-0.0330214237507563 -0.0789702182662549 -0.368792939126454 0.728330039049007
-0.127902141085386 -0.00779395537059569 0.235086098739409 0.613821628832456
-0.0637936922743935 0.0738866598609544 0.390305442504504 0.134748140919149
-0.00698194294959745 0.0671531736446619 0.196069270492645 -0.0532773755363134
0.0150236406177212 0.0370986406126133 0.0517878215370324 -0.00589879263862308
0.0159233632729069 0.00974521139104486 0.0394221181238628 0.0541365480038621
0.0197117611687744 -3.80701530367997E-07 0.00789284451022589 0.0714699064250633
0.0330659972482581 0.0105161848688466 -0.120744499840214 0.0718758930799
0.0254157242035453 0.0331732156263122 -0.25936565638273 -0.00992949215374308
0.0143165366615956 0.0779500592346019 -0.254307159476556 -0.236294436283166
-0.0314484449127006 0.0742249308186556 -0.0928074997058652 -0.346501798247785
-0.0916657471396678 0.0178390867556168 0.0752007963136925 -0.265592821952575
-0.0779491655283788 -0.0233172579392658 -0.102238133900048 -0.0720636536885759
0.0254458300680175 0.132241047757664 -0.205807948381808 0.094709196517708
0.121463128052361 0.00423917304684607 -0.679639737915877 0.25304692461637
0.0229448990625318 -0.0963988982205698 -0.349899841033432 0.711585370740215
-0.115327725762715 -0.0502092127298137 0.210612925645636 0.572653904322195
-0.0766896251325539 0.0484761665640697 0.335885571919923 0.133829177965112
-0.0232151625616216 0.0484688175255589 0.168898194143042 -0.0238220598973045
-0.00497175811998342 0.0198786395341335 0.0468758958931541 0.0156083516285647
0.00452862426028411 -0.00685379488834382 0.0386824979741853 0.0548494554425941
0.0224814990038104 -0.0209704838288068 0.0109517451179436 0.058973867579036
0.0600781807452692 -0.00611109396381251 -0.10466688295689 0.0632844290812031
0.0597452845622739 0.0462703299042009 -0.238919207849342 -0.00204565972241741
0.0221318608936974 0.116471597356994 -0.261663209434308 -0.21507877370341
-0.0555040386878951 0.0924090362029195 -0.122022587834221 -0.354478223837322
-0.106603374216662 0.0186254715030593 0.0967839454203203 -0.301622357219775
-0.0822450167535592 0.00647987260169788 -0.0523284815429937 -0.0579936175055931
0.0285061380029268 0.14323976492393 -0.201339879704833 0.0726246107821509
0.11550260947409 -0.00901386536070754 -0.624691836400204 0.285963575199327
0.0128427264799987 -0.0879142268349872 -0.264070223140899 0.67018906301103
-0.0987653730369875 -0.0286651562672379 0.208079209829401 0.491194700950142
-0.0480511347969452 0.0369883135979225 0.281005640012369 0.111891226497188
-0.0123743732111548 0.0175098136593085 0.135203810845282 -0.00651228291120707
-0.0125588819006255 -0.00872058902893267 0.0374492038250443 0.0283432587505383
-0.00447813717147656 -0.0241246689478001 0.0312091489297324 0.0469511127377334
0.0174879600223316 -0.0284677104139695 0.012254967705203 0.0393018567438867
0.0629459035817619 -0.00511074758481764 -0.0827270667662957 0.0543209926639075
0.0519039325449517 0.0625760944555343 -0.210819617380707 0.015107359918866
-0.00834368078769004 0.111635658156916 -0.273824365870818 -0.189368143885548
-0.0571028421727586 0.0532217600134778 -0.152701549889566 -0.381843967134506
-0.0620193429060099 0.0097001878904104 0.142581091086544 -0.363358870683793
-0.0571340670622435 0.0599907366579805 0.0181645978117361 -0.0588371836378113
0.015725202343625 0.119405688126202 -0.163552602679165 0.0707042340756548
0.0503220694705935 -0.031026125187076 -0.507019715192053 0.313804000853907
-0.0342313427894613 -0.0430263479542996 -0.167569952761297 0.58835349718808
-0.0658371109030129 0.0325724457253499 0.198831089209014 0.405317365652205
0.00930877746201043 0.0305927681654615 0.244825368291133 0.0943875491038706
0.0170465320628524 -0.0194858556065415 0.117729428388155 -0.000584871436281978
-0.00901926413766537 -0.0407253354913865 0.0300205935614254 0.0260829985972167
-0.0118405464330638 -0.0382932232091308 0.0182200083895198 0.031259422591264
0.00108400639429003 -0.0247389356728342 0.0115417300501671 0.0247833447083039
0.0355746135224411 0.0058829613376645 -0.06493882170946 0.0591697648930982
0.00180092525137189 0.0622166292867369 -0.201444555750096 0.0476691408903339
-0.0556958679506176 0.0448744370598472 -0.310354466064952 -0.179501888540956
-0.0129795531485565 -0.0299840738452643 -0.17519806566721 -0.446157300003036
0.0349844038140635 0.0122942743554658 0.213994103306385 -0.439655780007713
-0.0139791947841666 0.129398703093775 0.0930561565998126 -0.0763228790671094
0.000988065475088206 0.0893061907324837 -0.0931690849664183 0.0822718058324114
-0.0190532745398253 -0.03298888314885 -0.354683560695567 0.313757845028731
-0.0651410374188583 0.0181177450618384 -0.0981014236602638 0.490631091224568
-0.0145078041358047 0.0834896447806079 0.1873375205626 0.345758305703172
0.0673975463338438 0.0159916247548509 0.240199108516922 0.0876765690175435
0.0457406949802878 -0.051379565917462 0.123023834670684 -0.00853815562411535
-0.000743492843881328 -0.0645269580146329 0.0254612451028047 0.00766622273797705
-0.01704443137011 -0.046444233410501 0.00180337714002268 0.0116115233349909
-0.0213357413551767 -0.0190720498736275 0.00372659332115493 0.021611619452512
-0.00950801106897679 0.00783274385218317 -0.0698300721495423 0.0802703958325377
-0.0575414681000802 0.0245041075630896 -0.237020338418585 0.0791952655938466
-0.0632210628556788 -0.0661724998545206 -0.371401522531507 -0.218838604763222
0.085227441377491 -0.0975621799260311 -0.15700061225065 -0.556258201258714
0.139309670757265 0.0532314852725585 0.323065189578326 -0.499297059622292
0.0234961581570852 0.195246653887986 0.155907109074458 -0.105915484536683
0.00313596601659833 0.0714288577634494 -0.0107112686059232 0.0923660411618184
-0.0433576064482528 -0.0181092872295137 -0.218761427163557 0.286871083393788
-0.0525707607096997 0.0518956743160383 -0.0520889211944494 0.417363432597194
0.0300054439214981 0.0858737866521688 0.189184576626366 0.321701605598549
0.0932986965651044 -0.0055012191731117 0.262861167462497 0.0803693225319028
0.0566794079895569 -0.0673447310458719 0.139987269439752 -0.030109766174206
0.00492780400262056 -0.0704781939500594 0.0191417931730105 -0.0227157199063562
-0.0199304010407511 -0.0475169541171044 -0.0155353823290759 -0.00925349560998349
-0.0387801767194432 -0.0197541538913557 -0.0132902991021134 0.0246406248487627
-0.0432806712428477 -0.0109346461553565 -0.105129464674031 0.0986237559967945
-0.076129165293531 -0.0395231579772009 -0.311300645168674 0.0703861474168475
0.00108263767793087 -0.149549420801108 -0.412369773860571 -0.326547082682241
0.18963449910004 -0.084867012157216 -0.0587811540651997 -0.677544410255163
0.18190409646368 0.12578998805697 0.457321778278303 -0.508960310488945
0.0330896279429445 0.225621206378055 0.200179243211278 -0.141795221088143
0.025287587501564 0.0656483228368174 0.0551257125846819 0.0900989724341823
-0.0132421135175837 -0.00989079970427416 -0.128437264277527 0.254472096846604
-0.0119369155834791 0.03693055034723 -0.0157730936062198 0.374564796387646
0.0413870818533512 0.0438574537234336 0.210119267508623 0.307796989541888
0.0760181957552774 -0.0216464409710567 0.290542683216596 0.0660840293284977
0.0447358493320973 -0.058699626683316 0.154154361551012 -0.0574091840174268
0.00530247195666014 -0.0563687712268086 0.0109424763771298 -0.0545371713250712
-0.0186163256941863 -0.0416841960371504 -0.0302284490523082 -0.0284504637549524
-0.0402260503586442 -0.0281330880267395 -0.0380008383177536 0.024495837015917
-0.0428077124272008 -0.0409439746078796 -0.15455633004489 0.0950460928244023
-0.0371417308899983 -0.0864526282276263 -0.378276157407538 0.0105043637713205
0.0930289548664041 -0.141301981405675 -0.385664896519876 -0.461390007631854
0.217493245046553 -0.00105382924939532 0.099519574765664 -0.746853598630681
0.129990098528136 0.170216103463129 0.57920657671122 -0.457176228026533
0.0155514047134695 0.191198314029174 0.224555276706721 -0.17107003618331
-0.0238617898249558 -0.0255650792344959 -0.149400321865006 0.123122572270955
-0.0509212962153211 -0.0803903999317429 -0.610455897860621 0.282313905624156
-0.117709487061854 -0.0306972877943149 -0.279205720225817 0.723294772148742
-0.112461616702094 0.0781546716762326 0.302452045648124 0.566518833745713
-0.00964020263262656 0.0942218699397497 0.410744999838508 0.0774861497728213
0.0297182716375213 0.0618818461585095 0.185525579224043 -0.0967303156436375
0.0391170486307098 0.0352065699615541 0.0423444380470291 -0.0307249031333494
0.0264621897235659 0.0182777218506454 0.0358560470514685 0.0350290702946388
0.0146894118857633 0.0256156619913572 0.00459241858078062 0.055625291849056
-0.00111800060558501 0.0362866120461252 -0.116466076752888 0.0616448426668362
-0.0249263074768656 0.0261670100676919 -0.242869766975215 -0.0158890344407438
-0.011242617091899 0.0188236232067715 -0.228463534912488 -0.233088593385182
0.00431180294217482 0.0220055631083098 -0.0638201697952116 -0.323658437914566
-0.0411432934317047 0.0144296751365084 0.071651201452472 -0.23790193698505
-0.0521925760123556 -0.029831380955659 -0.111483993093568 -0.0749247419566726
0.0110408344710717 0.0673437858742846 -0.169885049103994 0.123130950374968
0.0560937587537924 -0.0293819756097722 -0.637708809367394 0.258897455239232
-0.0334292387367031 -0.0791378702623958 -0.329294575551756 0.708297035314489
-0.12394608747483 -0.00476558677224927 0.246502634589277 0.577764625573295
-0.0606589333042608 0.0740186173986815 0.377788085864413 0.114210239316281
-0.0049048123515045 0.0657498918199413 0.185375976459578 -0.0613555546684793
0.0157145278565832 0.0357539417059414 0.0500006626331274 -0.0107603622835038
0.0153970404253757 0.00930307225843254 0.0411771329466655 0.0445241034924337
0.0195695758860952 -0.000388660091439516 0.0108270647178316 0.0609140793356899
0.0322309284059578 0.00915393525831245 -0.108936198741193 0.066074344742593
0.0256942774713135 0.0322684567242849 -0.241327656513272 -0.00636359859139039
0.0157455904630404 0.0749017511253931 -0.242949390704417 -0.216966803797924
-0.0298357401758794 0.0705518732894632 -0.0897797905674461 -0.32045147131342
-0.0889449104428533 0.0212277806695581 0.0682881674453893 -0.246910473176636
-0.073657161826408 -0.018738955496313 -0.0971148549002653 -0.0550154188349879
0.034707441900052 0.13008563563317 -0.187691150122461 0.100776965359762
0.122491582625981 -0.000391003929563493 -0.638929647900847 0.262883795683345
0.0213185501471858 -0.101132570443518 -0.309491103742934 0.690049381123768
-0.115679615356161 -0.048316703261926 0.220560596520263 0.53794850413007
-0.0766336296483617 0.0494941926391113 0.323958644131985 0.113770045577617
-0.0233071517282127 0.0497613678787183 0.159343773791144 -0.0310558811195034
-0.00441488748079058 0.022166060899732 0.0457957696886021 0.0115037271340321
0.00360120485103464 -0.00370308190275967 0.0405771634683361 0.0461792638908919
0.0215115596194572 -0.018562062713745 0.0125656996433902 0.0492333403772666
0.0565709180641519 -0.0064897128971672 -0.0943994520921603 0.0577126093779038
0.0576033793736563 0.043985480552729 -0.221579458651942 0.00112714880664797
0.0219747420306026 0.110967673559531 -0.247127520841457 -0.196334892400108
-0.0528228167498296 0.0862157604041947 -0.117138911507443 -0.32700160390375
-0.0997438768622122 0.0209752489809033 0.086715181969035 -0.2828189655995
-0.0734501752089927 0.0120396407928615 -0.0491112180394099 -0.0446241401511026
0.0399947819818858 0.142534851019792 -0.18586594316062 0.0784038851406865
0.119278685984609 -0.013444035649931 -0.585496780560388 0.292463985770882
0.0128954235931827 -0.0945343016502752 -0.229712462034045 0.644371118658103
-0.100933625342917 -0.0302343178380368 0.213963098180354 0.457967342110058
-0.0520959606362789 0.0373553584634058 0.26768454289499 0.0950263301119131
-0.0150715590575912 0.0203989817192552 0.126526285740888 -0.0115690390379195
-0.0136576361341353 -0.00353270861802422 0.0371626304327022 0.026216897167464
-0.0054950977438774 -0.0181064610895183 0.0335054690826518 0.0406110958145079
0.0167037384089476 -0.0237111059874251 0.012605217630301 0.0320717131219143
0.0586023350895226 -0.00445746416215628 -0.0733488481313046 0.0486897613111036
0.0495019055005844 0.0613673029409396 -0.194563908442027 0.0164621014512168
-0.0105222846332725 0.106941575110473 -0.257710640680836 -0.171331348714381
-0.0557237629504186 0.0464019152150531 -0.149599368655619 -0.352469536823163
-0.0551137864953104 0.0105037659229554 0.126651917039277 -0.345397541851799
-0.0449527279190908 0.0645852485301723 0.0175921370371016 -0.0499719625069394
0.0281976852344227 0.12131461422191 -0.150452252214791 0.0728337693428177
0.0570602995522531 -0.0327524256331063 -0.469709152889827 0.314013773729443
-0.0309824028060852 -0.0503901732849909 -0.140728338362456 0.560182573058889
-0.0679538257716906 0.0276930733019426 0.20025349573066 0.374077679926983
0.0025538985375647 0.0295536566497169 0.229659757354116 0.0803670770940288
0.011029150493935 -0.0160096972200794 0.108661338971023 -0.0034063959704183
-0.0121167055394578 -0.0335822505242137 0.0298658619707964 0.0261402605973609
-0.01345773769642 -0.0301627812671429 0.0200258511469237 0.028204335398552
0.00100865477920786 -0.0181564352192556 0.0109878636998906 0.0198805522263392
0.0319103991166574 0.00871904061557844 -0.0557204112120411 0.0543278232110566
-0.000500766757518319 0.064020353808876 -0.183867622189356 0.0491143804821906
-0.0608931781139392 0.0429408825475418 -0.29420913540313 -0.158094828490528
-0.0154937175778112 -0.0375782895278422 -0.17533594779308 -0.414437939919388
0.040734386600493 0.00942521915248809 0.192448199149081 -0.42177599913823
0.000467056934113604 0.131674373312912 0.08719214834348 -0.0719722318864036
0.0132813579123702 0.0923775430253969 -0.084898944080613 0.0786694082303299
-0.011004564168106 -0.0322162078396161 -0.325808863734281 0.306400786693801
-0.0596306224648668 0.00996657852944046 -0.077391269137926 0.465170428825879
-0.0163479482992326 0.0757557981541443 0.183608858728704 0.318080527648994
0.058554415999025 0.0137596906852817 0.223676548809644 0.0746285606134803
0.0376732741368164 -0.0490517059863554 0.113053052416688 -0.0101177441647559
-0.00483127441573014 -0.0575260978458327 0.0242757531484841 0.0106235257707547
-0.0190109971894251 -0.0380642288496774 0.00336558097984134 0.0123345063171352
-0.0207872546488882 -0.0111632631603439 0.00386604856233507 0.019073694652489
-0.0117676125543114 0.0130351139935341 -0.0596391030201182 0.077025781804448
-0.0603846892586126 0.0299572399791582 -0.216794889069811 0.0828914427740236
-0.0725455859197254 -0.0653633599960029 -0.356238190282503 -0.193163638687882
0.0783067525573922 -0.106574520658168 -0.162271512782249 -0.521139492551791
0.143124859734125 0.0464237839990729 0.294432844376414 -0.484783085637331
0.038441731820534 0.193552652715153 0.144735913859198 -0.105558776682727
0.0137089970794718 0.0732728072859937 -0.00663616108170193 0.0826415717813421
-0.0360152744094212 -0.0170305105899842 -0.197946765118907 0.27303844964084
-0.0473566699171544 0.0434931754165438 -0.0405906021021007 0.392042954845353
0.0283195373531722 0.0776252089370844 0.183769078678108 0.294743567937936
0.084451438510488 -0.00857295203978656 0.24578923765023 0.0686025399480228
0.0484401658728056 -0.065074486764208 0.128862275769443 -0.0298106648737546
0.000617583715142034 -0.0646238531639896 0.0179216038597717 -0.0164253467196806
-0.0221610671179254 -0.0396048204125497 -0.0144158868336716 -0.00463111660130933
-0.0378510013899997 -0.0116857909774228 -0.0119981113942654 0.0254996501830258
-0.0456524815598527 -0.00475885925617201 -0.0934602914749745 0.0985690804958393
-0.0798406666147512 -0.0325684209444083 -0.289649329800774 0.079655108974741
-0.0114034115411756 -0.149674740299069 -0.405283482333195 -0.293568112038117
0.180830845327577 -0.0966832017965292 -0.0756166930103131 -0.64326701952509
0.18619052316579 0.116294803173464 0.42115751074035 -0.498565950020687
0.0473010888566203 0.222071709708727 0.184406472430065 -0.143240508347337
0.0330928292556148 0.0642319528382747 0.0552422598294522 0.0760870522239816
-0.0092669177162997 -0.00957423330176786 -0.114280004209538 0.238374662136318
-0.00904555569053323 0.0302071028026736 -0.00895889844527247 0.351508019776475
0.0400745498515768 0.0388364138465047 0.204165721657809 0.283369496964848
0.0689258011103979 -0.0238192088853219 0.272102450759689 0.0548599538384605
0.0386043231305189 -0.0578200233250061 0.141862492860846 -0.0559039719176178
0.00227720554385659 -0.0524907807467488 0.00845991018396576 -0.0450390892617859
-0.0200759158091602 -0.0360339420339544 -0.0289727300129917 -0.0209186050925868
-0.040416192803456 -0.0208667002327126 -0.0355871764691545 0.0282438914111117
-0.0455856338980564 -0.0353041985011346 -0.141632698142965 0.0987716354128925
-0.0426206304371118 -0.0811776692959677 -0.357823622390792 0.0263500441476428
0.080711826090103 -0.144120486865678 -0.387313466457664 -0.424131812302571
0.211111966104413 -0.013433932976071 0.0743108830026459 -0.715196565708742
0.134761166951027 0.162007278563659 0.541484282446997 -0.454212969757381
0.0259516851063946 0.187605376985895 0.205426645115214 -0.173115284560578
-0.0229107185008591 -0.0263212980583936 -0.137813679293107 0.123085923123954
-0.0538167720078621 -0.0786569321703693 -0.591601751813903 0.277419039902093
-0.116764589694454 -0.0292340465935859 -0.26715818577745 0.708027459921243
-0.107431830075016 0.0801464298728937 0.301977349425752 0.548632455560827
-0.00690470088009775 0.0925459570422578 0.401972002901195 0.0680518748274142
0.0309935283939962 0.0590207572975069 0.180053958537183 -0.0998047255456292
0.0396775784912212 0.0319029692893018 0.0409874979060264 -0.033570369249133
0.025823828387904 0.0161585016344103 0.0361037451597456 0.0276258896144484
0.0157565097376726 0.0233526375416883 0.00554512536392808 0.0474556299710158
-0.000432175842097453 0.0346146031296535 -0.109234664232115 0.0556295221452992
-0.0231467544642547 0.0267825565630591 -0.230500825296165 -0.0177562302548323
-0.00978166863566562 0.0202698807229905 -0.217543580844117 -0.224476320157538
0.00224204222419585 0.0222263749012037 -0.055507433724514 -0.30751319068033
-0.0431689321774189 0.0154212888530525 0.0728905525522651 -0.22328860106015
-0.0519415875499661 -0.0304601566378071 -0.107320160203688 -0.0613924624361258
0.0146531811835405 0.0671983577599941 -0.158345362389773 0.123923124908991
0.0558987563302428 -0.029967912932901 -0.617180426588957 0.254063401794345
-0.0332549587163454 -0.0812931582768156 -0.317033781949215 0.691822724784186
-0.122983209447438 -0.00444250261262527 0.245700334062385 0.559376651710443
-0.0607264049550773 0.0742685420942704 0.369398921887138 0.104816840562984
-0.0047759981394317 0.0652098973510607 0.180121872481217 -0.0653270139315612
0.0162260030900737 0.0356097940207679 0.049175957911536 -0.0141631562321782
0.014494991204378 0.00978918104504223 0.0421094004293184 0.037461915789442
0.019651378601756 -0.000375327783082385 0.0116185570870384 0.0519718707050879
0.0315295025031805 0.00823792586609258 -0.102949773953632 0.0589529884230793
0.0251345282514686 0.0323734453876082 -0.229033142683134 -0.00893706798303667
0.0156719119164772 0.0748018122036792 -0.229631341428476 -0.209904284852893
-0.0307583875681131 0.0683624495799361 -0.0802439047045817 -0.304896914490428
-0.087124523905858 0.0225175187112199 0.0692850787658808 -0.232589368311873
-0.0698509061644556 -0.0170385445376845 -0.0922363351425669 -0.0421932237835978
0.0414040160198704 0.130493073187031 -0.176514465540128 0.103262520555082
0.125313743907676 -0.00276112525036447 -0.618888147479474 0.259287069495892
0.0217920692094281 -0.106757930629097 -0.295338358380098 0.67466310380222
-0.117773679241143 -0.0506767453470669 0.221028804454398 0.519741468742284
-0.0790410268708769 0.0503709649138629 0.31602907922339 0.105012804843438
-0.0242872740521087 0.0513467362266908 0.153466026221001 -0.0346396066269296
-0.00440038009951375 0.0246708465766881 0.0456123067707211 0.00880580462552714
0.00321519183827522 -0.000841894681605586 0.0414553862945495 0.0397302667058553
0.0212847474638972 -0.0166135319064375 0.0130046812490163 0.0415833185017179
0.0549466873095203 -0.00605885141694946 -0.0886686509757299 0.050468729623758
0.0557186660181014 0.0445846667232342 -0.210739515010175 -0.00256961339431887
0.0194855840094554 0.10953382144444 -0.234213505638885 -0.189905979453849
-0.0529239777399734 0.0817566434164218 -0.108069270594351 -0.312258484024569
-0.0960168335317673 0.0211753440004055 0.0875286506883178 -0.268897270907665
-0.0663599492643935 0.0152961205186537 -0.0454811790436866 -0.0338677187347179
0.04896868873016 0.144807354450594 -0.176266262824999 0.08014459802896
0.124381931157032 -0.0158541146761367 -0.564680119297825 0.288911949901793
0.0142281465890414 -0.102178583551336 -0.215586996892992 0.627127104969296
-0.104817970580771 -0.0344425873401493 0.212013451312 0.439942773655071
-0.057233027473461 0.0387436500351988 0.258010427373238 0.0875313143838591
-0.0185180615336828 0.0237511244824133 0.120515304221073 -0.0132373055658966
-0.0141988345503993 0.0013257304830269 0.037381654528403 0.0253022931819614
-0.0063665159078758 -0.012576273247134 0.0347978890372311 0.03588529245834
0.0171927458281572 -0.0198243720178332 0.0118884160864145 0.0257359105341618
0.0563091070764981 -0.00251711560154604 -0.0683294183030741 0.0418674151390128
0.0471266664839846 0.0625935980558394 -0.183505651106455 0.0131125340591892
-0.0149244863784447 0.104907058726463 -0.243517979064073 -0.165015779679391
-0.0568412213946882 0.039985039938258 -0.138967077361306 -0.336988537231605
-0.0491769674181771 0.00942375134326756 0.124376892950843 -0.331345099885036
-0.0354608820192802 0.0683387789895591 0.0192232509779973 -0.0419642898338484
0.0382592345090179 0.12507257063418 -0.143074131202125 0.0724652840815998
0.0643027211238223 -0.0342003774947127 -0.451205464046394 0.307268268271599
-0.0295120618021167 -0.0594410791941537 -0.131345367682917 0.542006192445226
-0.0723160381140661 0.0217361008458939 0.19484840677007 0.355415555835059
-0.00431127373398835 0.0302407522865788 0.217501504213812 0.0745756055567675
0.00647820109801809 -0.0126077013498027 0.101835087602915 -0.00319749938812163
-0.0135721090483443 -0.0280816486593439 0.0297241939786777 0.0276104406471794
-0.0137056163685931 -0.0234365992717312 0.0211481385465943 0.0260296692101986
0.00241817233370765 -0.0126639471413113 0.0100920211271666 0.0157176590158547
0.0296401756738418 0.0125435282165804 -0.0509340469037669 0.0488878235341371
-0.00350601242730122 0.0666207754132691 -0.172641481433681 0.0463630626711585
-0.0679639004244977 0.0415073340070986 -0.280172436653396 -0.149280335350675
-0.0183008308676016 -0.0446283849636336 -0.167001375265714 -0.39683101710525
0.0465190023798992 0.00695095481700133 0.186523150370386 -0.408256837864148
0.0113680377765606 0.134423490613881 0.0849980799975578 -0.0670316664679475
0.0232723391930518 0.0962374641224467 -0.0807342333023453 0.0745605500164966
-0.00340545952860622 -0.0330352164228157 -0.311679820527279 0.295955489101666
-0.0573626549534331 0.00111516968276077 -0.0720550041744966 0.444851192118979
-0.0199963490051419 0.0699918654340525 0.175232034309962 0.301010010308917
0.0510288946420822 0.0138068151345784 0.210566401868046 0.0705705505815525
0.0324299419957939 -0.0454388300067509 0.105509779829338 -0.00775071370522291
-0.00674735786568024 -0.0522362959822163 0.0243047720583925 0.0142338010316096
-0.0195885174373406 -0.0312282283671353 0.00452419692875187 0.0134401792317152
-0.01906518731436 -0.00485734303786692 0.00403819328574776 0.017244242563967
-0.0141915721580681 0.0175653321434686 -0.0537402929646176 0.0729398389234596
-0.0637157484837555 0.0344062760192629 -0.204596201108991 0.081735218821005
-0.081570732592627 -0.0663546095756289 -0.344569052562351 -0.180848381275442
0.0746216831356688 -0.114880758694309 -0.158389567658938 -0.502414074221269
0.149240937483705 0.0430398998435703 0.284459518335043 -0.473705093067518
0.0493955419738094 0.195701065947235 0.139226404882762 -0.102757626383956
0.0224868033995198 0.0759687653666561 -0.00548659989431528 0.0752232537573084
-0.029770122655337 -0.0180674543326152 -0.189264002299462 0.26094597460219
-0.0453316609867364 0.0360738605326252 -0.0390142022599063 0.374028409077121
0.0247572694007378 0.0726559562361204 0.174826539645045 0.280187925797062
0.0778202066228302 -0.00884713968527147 0.232084542675142 0.0647882064678524
0.0431271895603726 -0.0633918795497287 0.12138318486036 -0.026420048323472
-0.00120579559485343 -0.060001931689924 0.0173849208434192 -0.0107094126573723
-0.0222141164889491 -0.0334761762220452 -0.0132515524838888 -0.00158219769128593
-0.0367487217197959 -0.0050986074963756 -0.0113710859678472 0.0261794642151017
-0.0479076140199155 0.000345643731465463 -0.0860148389047143 0.0974789546800626
-0.0844089998456733 -0.0284991657636024 -0.276549596596929 0.0828878129546728
-0.0210605826562373 -0.150982717710324 -0.395744989268791 -0.277122229738658
0.177438167411437 -0.105459041386151 -0.0762345504114455 -0.623936964182004
0.191332168109054 0.113070829385945 0.40946868219013 -0.489398100059588
0.0562771157542679 0.222127946929262 0.17592546892208 -0.142032616177785
0.0397298059075055 0.0647656476120956 0.0537266126944784 0.0655265805204927
-0.00663467554211286 -0.0103286312611516 -0.109836978250903 0.224736332929161
-0.00883641700869063 0.0242683453321885 -0.011097894988307 0.334673043300414
0.0377414945224887 0.0354275952286102 0.193434555003302 0.271286431309951
0.0640606458447611 -0.0237993032489728 0.259314500371757 0.0519116194604539
0.0347604523038932 -0.0567448530124395 0.134506678017765 -0.0519585837112057
0.000562810818243535 -0.0501902479629935 0.00839884560860406 -0.0373706590206625
-0.0208677951231064 -0.0313770081621377 -0.0276921349452688 -0.0153309222258678
-0.0399034416389674 -0.0160506446809458 -0.0336051303436655 0.0311763690121392
-0.0485445123990347 -0.0320023324728465 -0.134250276815988 0.100219107280102
-0.047176563962267 -0.0783967544650928 -0.345218015954789 0.0328234132931964
0.0733194687876895 -0.147137273003728 -0.382769390317731 -0.406951360332325
0.208542292794711 -0.0203317463618469 0.0679274559189637 -0.698223468409891
0.139257438046434 0.160011382261775 0.525825809546745 -0.44583672514416
0.033435664727965 0.187090778012641 0.194412785459646 -0.173036152823178
-0.0292571904699322 -0.0156811469261155 -0.0679262034964794 0.168390610252363
-0.0722830716858646 -0.0452815302491486 -0.418855702076112 0.505534364689319
-0.108641243239928 0.0170894922863625 0.0599787625496413 0.755789994655591
-0.0576235338771223 0.106571567316609 0.514283763935434 0.369084460199809
0.0294858965730208 0.0805865821011653 0.395049722931637 -0.119463110102362
0.0516815150338404 0.0378290209698405 0.11676823918031 -0.171614172537556
0.0489787478218312 0.00975214271540044 0.0223278850598838 -0.0511771187576261
0.0287304010560996 0.00242840378640271 0.0432724505301656 0.0040007014746429
0.024017685174672 0.013277749368745 0.0232111121053517 0.0346596305757603
0.0140867539663616 0.0314695665112461 -0.0745867139598508 0.0917655783293644
-0.00919048122030835 0.0356713037906438 -0.213019126526474 0.0766492184495579
-0.00136799007183764 0.020715828571973 -0.287489940518323 -0.110913913409754
0.0102348088304598 0.0174865312432631 -0.171901365352953 -0.249759910843728
-0.0333790099120333 0.0329027330797178 -0.0219968818382076 -0.229692531123336
-0.0649547980388504 -0.00531758715147642 -0.113999590864142 -0.00476591638149278
0.046488865342587 0.0550723916269946 -0.0814053235654582 0.179875237453852
0.0503211007921536 -0.0485145231660097 -0.44834838729483 0.49192993242655
-0.0541823789491656 -0.0670436383546204 0.0080053136900933 0.759352691682792
-0.109658804791625 0.0371240165043878 0.463750894141218 0.401783737677167
-0.0275984628923576 0.0884656043295571 0.379312501887039 -0.0690226355056906
0.0219392298329759 0.0613740264154152 0.131638593315075 -0.139586410672035
0.030428122865161 0.0253615384823725 0.0381961698742585 -0.0361540416460718
0.0177607685603606 0.00330772147796064 0.0531051889040801 0.00966399917143688
0.0182272352435522 -0.00897101941133468 0.0306636734351691 0.0360496402509561
0.0324180723972288 -0.00524351920176719 -0.0670085247752859 0.0922893108060561
0.0372552008153468 0.0205935436624818 -0.209170986535819 0.0861338307060733
0.0425465731901752 0.0594960107584551 -0.294649407144687 -0.0903254884030138
-0.00105275755558519 0.0727901789198887 -0.195398388024667 -0.238540355998752
-0.0692688752065442 0.0570071746876895 -0.0290777590507486 -0.239194418332285
-0.0715868403104556 0.0155211508394274 -0.0924941592050587 0.00500868243791216
0.100111869204954 0.10365062073526 -0.104789250120033 0.169243285526198
0.12688877672982 -0.0540415498001144 -0.443618065997137 0.497205321504901
-0.0150435920101806 -0.116090361003542 0.0208296676048924 0.729546105225032
-0.127887020274045 -0.00662902241388027 0.420472958601037 0.371817063202632
-0.0562744557373619 0.0770654005534163 0.327828325819647 -0.0438820317532787
-0.0021943254970833 0.0594335755792572 0.120911312743877 -0.0983904580259477
0.00770740539719285 0.0265812575498186 0.0451151382569583 -0.0126715997266916
0.00413379818138839 0.000690479536177731 0.054320043664658 0.0131305101569611
0.0138831207443679 -0.0230636118240175 0.0268444058316621 0.0268244311907678
0.0478630012094825 -0.027524681658162 -0.057319232582238 0.078694589154302
0.0703044167653672 0.0199331528115092 -0.189503508644399 0.085070239619398
0.0594373091320182 0.0903948722534312 -0.292252031130129 -0.0698398657317078
-0.0182948888068542 0.0928637647202287 -0.223464185046419 -0.234467966038118
-0.0749254366221645 0.0577254179985557 -0.02892344200865 -0.280924638094739
-0.0492897587999371 0.0442417416074421 -0.0489097832467368 -0.00841196308131588
0.115497316357665 0.115380182408324 -0.115258480792151 0.147680604358757
0.122612796313842 -0.0681444070526405 -0.38334965990824 0.500218701983989
-0.0226225130907603 -0.112112098669808 0.0705748662049841 0.651354011374417
-0.112300457750855 0.0029021164701818 0.375771500117253 0.302686251154559
-0.042038404547375 0.0590174364270923 0.265987741248038 -0.0317801471850372
-0.00866218364630587 0.0328396738281009 0.0996730111902188 -0.0630068997827838
-0.0110772040667834 0.0110657755595721 0.0451331391857 0.00669658943297119
-0.0089833746980138 -0.00531788532594822 0.047137088128566 0.0136266954458925
0.00948149714621084 -0.0228069315359373 0.0198679327886299 0.0143044603290041
0.0511232490874067 -0.0235616222440703 -0.0427713216780651 0.0624172689409868
0.0695440048579066 0.0420394730887838 -0.15854092822573 0.087014355775182
0.0234019261175524 0.103164142212637 -0.290653493025798 -0.0451841571050706
-0.0419969279474738 0.0535225322858232 -0.261526227023489 -0.243266991677124
-0.0350761836486218 0.0229664663603904 -0.0233260750263367 -0.35140108754006
0.00846816810385723 0.0790671755021339 0.000935491978855292 -0.04350228318231
0.0981242170346595 0.100785298860201 -0.0918232752799175 0.125829396012825
0.0601153185172737 -0.0620251412825651 -0.275699314246652 0.466028201022783
-0.0463746962927661 -0.0558421712432402 0.110115373218576 0.537377881067517
-0.0613300725425911 0.0411156592851047 0.322922371251135 0.235730989057209
0.00180854167344021 0.0301638216433131 0.222393493743083 -0.0261113690452243
-0.00178679836710048 -0.00990303424284636 0.0870003966698406 -0.0442891570263353
-0.0229641635570569 -0.0149269878362237 0.0401804062991827 0.013236008279459
-0.0201262661404576 -0.0108680944374471 0.0308530449873955 0.0124024603783574
5.73532273549565E-05 -0.00883312746496605 0.0145029335855003 0.00715595245165371
0.033148506443693 0.00339598048637678 -0.023933994052144 0.0612101810814686
0.0237269759018843 0.0698867598153104 -0.133304255754093 0.110571640068914
-0.0551941220022772 0.0696355976929917 -0.314264785702313 -0.0193173376123033
-0.0437934382324093 -0.0453890361225085 -0.310784236602163 -0.283084009224909
0.0545909935309635 -0.0235002393078013 -0.00288735254366592 -0.443322840619799
0.0860767313279411 0.119024162441328 0.0434330060350803 -0.0940237667452969
0.0723810216500903 0.0796677319094269 -0.0378617284974784 0.0998764866570806
-0.00347741457484358 -0.0344723695401184 -0.154826279699859 0.396572949580935
-0.0495915949093537 0.0123023443264114 0.121625467676092 0.427625514005873
0.0057727383444523 0.0637678053374203 0.283841565790707 0.197189390968294
0.0455322260822559 -0.00816901351444307 0.214052495481262 -0.0273981986374675
0.0075191330952891 -0.0515892193785751 0.0885243559482713 -0.0500775536754814
-0.0275409507156827 -0.0400248876897083 0.0294680037292118 0.00398893535159356
-0.0283497781073309 -0.0156557194407864 0.0115198299006348 0.0100926910718427
-0.0160663084966764 0.00814116984127621 0.0104131754197456 0.013359194503979
-0.00496162125854547 0.0283582443863092 -0.0146400673509546 0.0849983703480891
-0.0470026679325998 0.0663532107338072 -0.144405276718272 0.156020058531067
-0.118045641203036 -0.0238435269961907 -0.381357959998639 -0.0207730621752974
0.0139184029489967 -0.153208370907914 -0.348164409923953 -0.37878396593759
0.16765249389011 -0.0362327942330908 0.055688111522958 -0.539979338041207
0.149892913194297 0.158975487198673 0.0704124848017973 -0.149914480837079
0.0609062240012064 0.0595163271857393 0.0271558220447637 0.0658292515534775
-0.0248028352726935 -0.00919260287571158 -0.0612838071334925 0.31091262988458
-0.0249815460396928 0.0417216685913028 0.12064206645378 0.349254916614027
0.0490281597610358 0.0477593146281776 0.275453989120765 0.177849728428127
0.0606184573234377 -0.0407016156456985 0.231216861189805 -0.0425488017848764
0.00964728042885553 -0.0735397767438036 0.0951563528014766 -0.0734074564907098
-0.025900436540458 -0.0506374744114911 0.0127263092030569 -0.0143359964085147
-0.032650293784097 -0.0171117558521193 -0.00981573393989661 0.00689788169966143
-0.032939876521724 0.0153807471527902 0.00186644490814757 0.0293147102486079
-0.0449722581536445 0.0269234367019693 -0.031764966972043 0.123247879944761
-0.0949729114037329 0.0169725692243828 -0.205937579901664 0.190213458207135
-0.100253541000688 -0.130812076686247 -0.464085182063224 -0.0826309047906933
0.117582152460721 -0.189600757731333 -0.329514462274302 -0.520505604138988
0.239453363384224 0.011907051689215 0.157182007392307 -0.606096438283946
0.16817062744162 0.180071949777912 0.0831340992436715 -0.201827079839006
0.0688403870894302 0.0407076623183881 0.0750802798508221 0.0302231390164325
-0.00390879442407166 -0.0104769275035335 -0.00714413166240695 0.243314528751627
0.00270941496951454 0.0184178873018646 0.12661996450383 0.302240785781694
0.046755091432864 0.00923449003715228 0.287806568527977 0.161129010639532
0.0435757244195513 -0.0498589474765468 0.251234411610582 -0.0660073196453408
0.00464285772918108 -0.065321524135008 0.0964259960149634 -0.102357428017071
-0.0207488068101472 -0.0433215195651316 -0.00668768989794709 -0.0337809262137412
-0.0309879973824161 -0.0172085993783226 -0.0287764969052741 0.00155280580197416
-0.0415603097649319 0.00602155583218375 -0.0144660784958334 0.0451409307328173
-0.0597469588271878 -0.00392279863415473 -0.073382064523784 0.148873080916916
-0.0823340604733091 -0.0479334848449931 -0.287873843910193 0.178831525233299
-0.0107922735314766 -0.171040124696404 -0.509352882063709 -0.1977987911436
0.1872536726775 -0.12220066239455 -0.235905688649693 -0.647512089772164
0.2117067871114 0.0812068199352635 0.27888775946774 -0.620591422972126
0.126618465610737 0.157595020370933 0.0872619474530603 -0.239175260339636
-0.0311707174866094 -0.0160896618802627 -0.0566423929666688 0.170937646987389
-0.0770492358242581 -0.0418614817734721 -0.410165045044533 0.523432936134775
-0.112175173467716 0.0223407787249809 0.0823980287608408 0.768597347974699
-0.0528927575746142 0.111050027929753 0.534733335342229 0.356124382399186
0.034566911361936 0.0809122527080781 0.395837421649452 -0.139489184739873
0.0544079604185514 0.0349539904527866 0.109367038594127 -0.180994360268114
0.049760275826763 0.00620183010657974 0.0184939143377675 -0.0555831326064585
0.0274845786876216 0.000583047727698721 0.041407969586807 -0.00220413080727432
0.0241237607705436 0.0107557751806889 0.0215531113194292 0.0284507185162197
0.0157691144057971 0.0306312842662901 -0.0735849931125161 0.0883700501308454
-0.00683768269982873 0.0367538148564795 -0.211634134806936 0.0770429588818149
0.000900296932665284 0.0218340170062549 -0.288835878023921 -0.107301276238697
0.0100777660426199 0.0195590015313187 -0.170748352305928 -0.246867227584703
-0.0346609177244011 0.0373937477579972 -0.0210911230220524 -0.227775253168222
-0.0680486756046434 -0.00483205120624992 -0.107985684177072 0.00761841032789227
0.0527766298593917 0.0539992212772935 -0.0699766434456351 0.184504864434019
0.0507088669173897 -0.0519724471427137 -0.440151881741943 0.510192547169771
-0.0597665369180236 -0.0693204942881617 0.0284482458063382 0.770528177294372
-0.113346718296725 0.0412025577771253 0.484310853794935 0.390040710074954
-0.0257863361225118 0.0926830153140121 0.380989510850095 -0.0870399080914527
0.0248506764269853 0.0624038019193322 0.12586990924275 -0.148608225137745
0.0320151914294429 0.0251964024916632 0.0355866100026323 -0.0411148095708582
0.0181091987585734 0.00386562930014857 0.0515523969560053 0.00270318756981255
0.0186391721635617 -0.0101559474618808 0.0288546808206327 0.029050904598054
0.0328557073786499 -0.00668400521495895 -0.0668502560478794 0.0891233784746689
0.0392257272904722 0.0207017515341086 -0.208290051024379 0.0870452886153316
0.045940340008332 0.060252455592381 -0.295957289549577 -0.0868578183892364
-0.000889709694222085 0.0747101603720454 -0.19503846774317 -0.236516094432992
-0.0683194814436815 0.0612484500506997 -0.0290294948560692 -0.237723065676454
-0.0707328354546399 0.0170576815504701 -0.0852520484455709 0.0160147337622435
0.112606899066809 0.102633426937938 -0.0945859238173603 0.174114146695573
0.131839415590276 -0.0622250328824185 -0.435310638810176 0.515417561341804
-0.0216959833003093 -0.124669363980553 0.0423524541791134 0.738850730506088
-0.13695743818429 -0.00398776894213162 0.437066922815814 0.361526869955714
-0.0579403815762738 0.0840942606673966 0.329159671805579 -0.0565287199205653
-0.000357575564726834 0.0639959990582701 0.116805710718044 -0.104478556243611
0.010063751715247 0.029988800346713 0.044752414008756 -0.0164069295905626
0.00598423162720852 0.00297624305304398 0.0536894636304361 0.0066168087550178
0.0145166734418116 -0.022796004518251 0.025540418452618 0.0206011377346123
0.0477441269340546 -0.0290340298888804 -0.0581805265285861 0.0752701735522987
0.0724190657321151 0.0196177608845504 -0.188948464790827 0.0849553903329854
0.0620675669919972 0.0927922413790532 -0.292532426191984 -0.0671228398015029
-0.0191075002396067 0.0943904543731553 -0.224057398145647 -0.232242766576711
-0.0730416333692287 0.0598635809480388 -0.0311946737163221 -0.280861971652686
-0.0434574785853905 0.0456733101721039 -0.0420913013942009 0.000124343021830373
0.131318753345152 0.113903536287354 -0.107181936673997 0.153378692502542
0.128497242851278 -0.0785293818401734 -0.371714804975256 0.51509708873381
-0.0301140010606117 -0.122601376551156 0.0903358727353312 0.654867120536797
-0.122969399558925 0.00546862658299505 0.387461145968717 0.291004489805721
-0.0451399336452778 0.0666583924260342 0.263935240633548 -0.0418417094085044
-0.00869574552319604 0.0385080181508862 0.0964116656889423 -0.0658775352116964
-0.00979669250829218 0.015724328726827 0.0469186620090472 0.00508326417368179
-0.00680808085800329 -0.00100895301225166 0.0470280820626383 0.00886827021929618
0.0110276812942628 -0.0216484654447463 0.0173579083493119 0.00966864409728216
0.0522692614539444 -0.023593443844644 -0.0430990875291288 0.0586222282528909
0.0722155842066486 0.044181994010384 -0.156532821640342 0.0864062197656558
0.0228293415939223 0.108883870622698 -0.289199785979923 -0.0417142975993105
-0.046517197563595 0.0525010404153871 -0.263091419917353 -0.238756810493531
-0.0317255629990777 0.0208513247339305 -0.0291834562764047 -0.352747604929205
0.0209594651899447 0.0790412976625906 0.00510621451079636 -0.038856762785504
0.115384053337808 0.0997381070819089 -0.0861468674022745 0.12887041787957
0.0651238850203201 -0.0713083975926839 -0.263279019812264 0.476676089671825
-0.0533207761465584 -0.0641423826158838 0.126100636543911 0.536675890814581
-0.0696817953186416 0.0431913737506842 0.329189491623855 0.226218515728631
-0.00132646835901398 0.0361214222357038 0.218657325614429 -0.031130295921055
-0.0035712380407778 -0.00521170149714024 0.0849299337219038 -0.0443171264559431
-0.0226002833894186 -0.0098380742386899 0.0427841990020711 0.013578237991388
-0.0174553622812024 -0.00577574201729577 0.0321016028105035 0.00958872900426769
0.00331254025386847 -0.00591461778239481 0.0127559293247583 0.00417404588933938
0.0348071432274392 0.00651620336997923 -0.0223532865732375 0.0572607095619405
0.0261368644577846 0.0753225143419212 -0.129093721622088 0.110347394492714
-0.0614294871085927 0.077820286539808 -0.312975175551103 -0.0126617381494596
-0.052888276754693 -0.0499890375390007 -0.317294332374133 -0.277945407652558
0.0599565683288938 -0.0319893968031035 -0.0130061594078157 -0.447813831490237
0.103085961809954 0.116990830929277 0.0432725371586884 -0.0929464316889931
0.0876806675378985 0.0787381197241694 -0.0350457988425778 0.098965223040212
0.000900094602077298 -0.0402690570810153 -0.145099664008302 0.40026184719956
-0.054298133868347 0.00714028186592435 0.129690315416083 0.423557346832813
0.00100494141944721 0.0639394007145396 0.285312248993905 0.189285706963855
0.0423393177487736 -0.00544434511582134 0.209104755105669 -0.0301824797339275
0.0043589465646959 -0.0491996919084856 0.0870768170664224 -0.0486616750071501
-0.0276539142002828 -0.0356044381018151 0.0328338675853119 0.00591222624974935
-0.0263698113945613 -0.0103566549143017 0.012764568534336 0.0102765977208871
-0.0122067477619612 0.0126101434113103 0.0102768079609347 0.0119430443362495
-0.00355399503096907 0.0346765609077623 -0.010323513551664 0.0828184142784816
-0.0473594378073885 0.0757262081673504 -0.136767517751529 0.158971819092831
-0.130626618450685 -0.0168146191499902 -0.381846964924073 -0.00832072981398019
0.0024763763928162 -0.164672419411326 -0.361149333177484 -0.371158656107402
0.176481916062577 -0.0493094142289006 0.0395464167154848 -0.549961401974568
0.170497972451371 0.156161650060916 0.0655329571751785 -0.151654752084111
0.0735647296494178 0.0577374577460595 0.0273755710665665 0.0607442247610239
-0.0212496055688172 -0.0125814411850722 -0.0553679510953524 0.308979307801354
-0.0281136630798663 0.0381771273950751 0.12556804915729 0.345575858857492
0.0469150181798669 0.0463398593026233 0.275059109744971 0.172375286075105
0.0577887141043583 -0.0409585915753884 0.226952042631915 -0.0455712339367884
0.00573676713461163 -0.0725623352795353 0.093408073536562 -0.0719499430005327
-0.027771886587453 -0.0472242365091531 0.0158910317518885 -0.0109578047981212
-0.0310273585009036 -0.0125040460610579 -0.00749085413946625 0.00914152789695254
-0.0297059756515297 0.0210042786378422 0.00390699640731742 0.0299950240343302
-0.0453264113114263 0.0351194649134556 -0.0250409865892929 0.125038606955865
-0.0994533370468383 0.0265966571638956 -0.197177288237385 0.198266127427677
-0.116372048222776 -0.129041614151386 -0.471473998529933 -0.0644695659786226
0.109319127464252 -0.20597344225279 -0.347902752932043 -0.516598848670744
0.25232378235921 -0.000963199304116629 0.141093628946358 -0.620834534014924
0.188122008522015 0.177088996056163 0.0739226856964058 -0.205034671191158
0.0780966259651722 0.0378645067069083 0.0724807437088822 0.0218023383915776
-0.00192752425041182 -0.0125261153856829 -0.00399370004636541 0.239201902999607
0.000395467733376208 0.0152102912441574 0.12865475669841 0.299727766298892
0.0453592535468877 0.00684608627282522 0.288749399135654 0.155237007495305
0.0409145862569728 -0.0509129281398263 0.247909044080027 -0.0701686645226468
0.000329648258146094 -0.0650240237588859 0.0941038802645501 -0.10136259630744
-0.0226168318394755 -0.0419908229862204 -0.00395000344490975 -0.0289013001115235
-0.0304162673312797 -0.013939056899094 -0.026324214975068 0.00571155018880515
-0.0397368429695104 0.0103513578343385 -0.0109255916496974 0.0484473076819407
-0.0628162211626513 0.00203129847089861 -0.0660081142336953 0.154373482393876
-0.0886812173140252 -0.0429114396543295 -0.281545769419592 0.191876264860205
-0.022374414863998 -0.175483945232355 -0.521194871068197 -0.179261987486967
0.186646093390121 -0.137294690658789 -0.259406445580762 -0.651289606136328
0.225241979721025 0.0748504421863342 0.267171536855689 -0.639769467090039
0.141506621316717 0.155550848773073 0.0752177309908431 -0.243213741240825
-0.0332277343620996 -0.0150363804501243 -0.040114264829328 0.171037983219023
-0.0820999625490838 -0.0349806678223544 -0.381218103205612 0.543525185922779
-0.112798101246595 0.0314178759442451 0.12433389210525 0.766751202518684
-0.0449177475113524 0.11442458897661 0.55492512369416 0.324053968840263
0.0417444306527719 0.078281600162767 0.386173575254188 -0.167558629825761
0.0569835351931888 0.0302546551289756 0.0955772828092687 -0.190823586841791
0.0493127784548039 0.00047943295338455 0.0128926930729595 -0.05910570296795
0.026311402751969 -0.00182971637307472 0.0383739713367607 -0.00952569609698565
0.0238346470843301 0.00719884430096455 0.0192699112730994 0.0214919050865495
0.0183446546068669 0.0289867394724301 -0.0708481548306334 0.0864218987098648
-0.00322201534086307 0.0370659017268303 -0.206698010013728 0.0830120152806014
0.00433406287044315 0.0224588962979815 -0.288911181664962 -0.0951812105289927
0.0103017069839841 0.0211563578555508 -0.173936646869335 -0.238621792432905
-0.0336992747002572 0.0424148504805726 -0.0254130247837885 -0.222971439124961
-0.071269251903659 -0.00182453434465645 -0.0987107401749932 0.0216430442488094
0.059737924243543 0.0505971231753895 -0.0519653354234569 0.186329724959994
0.0490265402434759 -0.0561614856297891 -0.411721682820395 0.53178675858642
-0.0661523568062177 -0.0684906078791846 0.0717066258680866 0.771887850301051
-0.114440108202463 0.0478223287840899 0.506314398744877 0.360313833326285
-0.0206698329153756 0.096850015635973 0.374224276926537 -0.112813157507452
0.0285507023319649 0.0626155589064049 0.113865485235704 -0.158718810299086
0.0345679427266356 0.0235129670273355 0.0308905733735378 -0.0456683538356596
0.0187193420894037 0.00370567044879559 0.0490482133806508 -0.00546062067174167
0.0176521194272979 -0.0112724088371423 0.0267579954003796 0.0220627581734296
0.0328606789463453 -0.00868734335867339 -0.0639432617510679 0.0863485285707732
0.0415709725203575 0.0189925793636054 -0.203096172908847 0.0919926738981606
0.0500385031452858 0.0588220568087991 -0.296087838564536 -0.0757936200709496
0.0013425015586484 0.0758987294819751 -0.197743414662105 -0.227844094876881
-0.0646700817117022 0.0661366628670071 -0.033868723063208 -0.233347153259658
-0.0688679221065179 0.0198823377285649 -0.075171816082292 0.0280508067601487
0.126033119516462 0.0960277574374112 -0.0781293443948122 0.178515456472808
0.1328771394536 -0.0743443851927574 -0.405839012483369 0.535523208559069
-0.0329608933450899 -0.129899415452456 0.0819686888657225 0.736638336400368
-0.144507579397025 0.00353440004515854 0.457740418916838 0.334451923611442
-0.0554176214341818 0.0922986964755906 0.32276761384544 -0.0779301563985194
0.00319872866170722 0.0679005307084065 0.106921661020818 -0.112148971868187
0.0131451870185198 0.0314690665609681 0.0428750151659503 -0.0203683123311334
0.00774871679142999 0.00528828719153696 0.0518311038968326 -0.00122405719615705
0.0141911663477038 -0.0234274062261018 0.0223548657603655 0.0142349503365958
0.046717242984499 -0.0313629390982719 -0.0569584223770711 0.0725127785926072
0.0746174441840282 0.0170521474850478 -0.183781315919379 0.0893872369520619
0.0670082340041535 0.0922197069940933 -0.291172751673469 -0.0564078478932887
-0.0174042186999061 0.095544658267807 -0.227416145606691 -0.222399512620365
-0.0682114590035843 0.0627753054800592 -0.0391931884042514 -0.276534540974829
-0.0352512098255123 0.045618700108923 -0.0334924104424999 0.00878760344567559
0.148620998063524 0.105287649737412 -0.0930640967832593 0.158021812233451
0.129715909122267 -0.0924386009001742 -0.343286682795129 0.531581001724651
-0.0413290392679687 -0.129404052158624 0.125657266754292 0.648252047772166
-0.132272144905462 0.0124560114162191 0.400865401064168 0.268442996415708
-0.0448570826771866 0.0751374521801576 0.256592148154397 -0.0562640259976417
-0.00648228186243584 0.0439415607807552 0.0902465999084036 -0.0696305684801647
-0.00630045411076169 0.0203001245400977 0.0477439925392617 0.00248995083456645
-0.00345969547806909 0.00256856629870473 0.0463274185749414 0.00248537400913435
0.0123420557009592 -0.0208426736058123 0.0141769211175695 0.00474902660211046
0.0518917829261473 -0.0243345861612714 -0.0421501486739048 0.0551749754726535
0.0756527465283867 0.0432045558540405 -0.151462138716789 0.0880803546203596
0.0263913825268759 0.112791417166722 -0.286034175955556 -0.0314658361311358
-0.049790734050951 0.0534093366342598 -0.268057381907289 -0.226078468355732
-0.0278893483873943 0.0184094497371355 -0.0438933527385051 -0.348891061248272
0.0340920515566627 0.075022435028633 0.00896780452600768 -0.0338556891152579
0.133324353757336 0.0918547451742476 -0.0760570369247497 0.131985360338616
0.0673614509677557 -0.0821631590468437 -0.234984794343109 0.486756790457229
-0.0624980137445666 -0.0693738749240855 0.152084370580096 0.525403056670892
-0.0762022295697449 0.0480934096229243 0.33516866837164 0.205674234542345
-0.00324046355036649 0.0418762531445158 0.210580898294161 -0.040897851085104
-0.0043318827363242 -0.00056649464273152 0.0799994017172004 -0.0447382864965336
-0.0212619417460354 -0.00418949297685274 0.0456386623205604 0.0119478291824183
-0.0142719873514596 -0.000991553679279913 0.0325748722196927 0.00638112170915978
0.00652004512121554 -0.00349217238314867 0.0107162542869442 0.000969014356773218
0.0368553302804536 0.00809008494386857 -0.0198843057686334 0.0534816029081076
0.0311328190205083 0.0799442673032023 -0.119640389695124 0.110925056627124
-0.0638338047714454 0.087315092659452 -0.307094374509946 0.00181802999846189
-0.063628477785783 -0.0521291566134104 -0.326719521296628 -0.260440570357293
0.062782188260344 -0.0424896193036006 -0.0357170181920844 -0.446037604249931
0.121769484147431 0.108158308746915 0.040531627541992 -0.0913110844356191
0.104317688800205 0.0721439869130149 -0.0298238964954977 0.0974693244802368
0.00356858889036352 -0.0465839409850928 -0.124063357049346 0.400228050472027
-0.0586142704117921 0.00388717997566181 0.147912998760901 0.411362057901768
-0.00220436368054756 0.0648407032889897 0.286630880822973 0.172384503067486
0.0393355861171534 -0.00363602610713443 0.201155402951469 -0.0368788078281833
0.000454625632852195 -0.0455272070967923 0.082948994061355 -0.0479114366034319
-0.0292036160131438 -0.0300672549470042 0.0362208528898349 0.00661400420416568
-0.0232754795474266 -0.00466193722330434 0.0142799878339167 0.00947994114475766
-0.006919865282951 0.0165658072259889 0.0101708622722243 0.0102731862301008
-0.000315096356105819 0.040339553192943 -0.00448162658691458 0.079328087917701
-0.0439274195822747 0.0857122405151938 -0.123610442580293 0.161954582347877
-0.141047310202142 -0.00396810642888939 -0.376612321854843 0.0135686859322686
-0.0144681900253591 -0.173062406519953 -0.378825002937548 -0.352095763949068
0.180305511948426 -0.0671521926455573 0.0109756799920964 -0.551189582448531
0.191765816074402 0.143111835881184 0.0568494291596263 -0.151597145945702
0.0870075331678435 0.0513706605612289 0.0273697458205167 0.0537413053246037
-0.0183313503486557 -0.0154637976082317 -0.0421887195059774 0.303655914923146
-0.03035324986564 0.0359191669495506 0.136116778620836 0.336000352913173
0.0446877391147146 0.0440946817767102 0.275663212819272 0.158758958477102
0.054003539103143 -0.0416669839749264 0.218953424069349 -0.0521631532454458
1.41156039480694E-05 -0.0703421654578624 0.0886955174227781 -0.0714514715776221
-0.0296324519852629 -0.0431158911517988 0.0187689552315392 -0.00861753460440631
-0.0288357892546484 -0.00747117803916714 -0.0048978014322457 0.0112637644161161
-0.0244050328170315 0.026538878261747 0.00698030517650884 0.0300132476254415
-0.0428969189398247 0.0437308949471289 -0.0145934658330806 0.124385471668186
-0.100528062683846 0.0382040347015811 -0.180748719399672 0.207500637502227
-0.134129741263244 -0.120335224808479 -0.470266362735078 -0.035497838868531
0.0932930749530567 -0.221696879019384 -0.377878492748855 -0.498305745744579
0.260470029738534 -0.0207368789119474 0.107212548701997 -0.629762642365324
0.209223852346596 0.164313562220925 0.0596338743811283 -0.206749140293316
0.0872164824977727 0.0312474411872882 0.0680581187865067 0.0110512051666707
-0.000233056225980461 -0.0145519718538437 0.00238959569310903 0.231770953433211
-0.00221320385552597 0.0126161096519742 0.135659723645152 0.290987621956021
0.0432303359446907 0.00384982066502242 0.289593040712231 0.142849390338093
0.0371323638887685 -0.0514744138072242 0.239100199846481 -0.0797506501516699
-0.00464074768241244 -0.0636788486364858 0.0882478627823509 -0.101599186542665
-0.025132907634111 -0.0387316994629957 -0.00139021791222724 -0.0245119100295266
-0.0293568312167889 -0.00966123572557634 -0.0229329051653483 0.0102397671214427
-0.0372552396719224 0.0160357188251465 -0.00493610134615192 0.0509775449229145
-0.0638086298070644 0.0105132663539309 -0.0519455019596971 0.158471889428599
-0.0944420733993158 -0.0342257730498791 -0.266359632053772 0.209125694271994
-0.0397922774993611 -0.176514478497343 -0.531668630312487 -0.145883579110925
0.177684791090583 -0.155213834341391 -0.29735327488831 -0.640663909444936
0.236812625632702 0.0595221223092081 0.231937882027315 -0.65774224294078
0.15816843614651 0.14581138711656 0.0568249894955164 -0.244886168100284
-0.0342974150537587 -0.0132982046845413 -0.0227976335421003 0.164494191140181
-0.0834811494218278 -0.0267310010171159 -0.342297219569893 0.546914787089113
-0.108828564073118 0.0396659382855254 0.162153461380393 0.740914246042043
-0.0354110154661192 0.11483555926789 0.557875053384213 0.278051595532418
0.0474517813033459 0.0735908922786159 0.36132380427316 -0.190942409688321
0.0575806762182123 0.0242597589423054 0.0770889590362069 -0.193094473816987
0.0467481994776653 -0.004183986098775 0.0058027586400529 -0.0600301196898135
0.0238689036141038 -0.00366626012158083 0.0327244324119557 -0.0157549897441323
0.0225644612698456 0.00442906219692965 0.0157256842190134 0.0144517057235601
0.0196630084882979 0.0266436860099501 -0.0659994313917065 0.082423728021446
0.00096080762243519 0.0359646867819097 -0.1968375162795 0.0861749503210708
0.00769797221665119 0.0213188507767696 -0.281571526585398 -0.0802877074160352
0.0108916778196752 0.0228613568878723 -0.1722909503197 -0.225006420896669
-0.0311293057889567 0.0457829520827928 -0.0290494325981145 -0.212291741399979
-0.0718486742829213 0.00187685592052175 -0.0845960816786052 0.0328689288791664
0.0640959857090486 0.0445103191135272 -0.032471033642639 0.180563173492313
0.0455223020754501 -0.0587265203406552 -0.370918811452408 0.536714988875013
-0.0708120662049982 -0.064489843245386 0.111722942090197 0.747857409073363
-0.111711313836811 0.0546331557533555 0.514169438130044 0.318857649574704
-0.0136490313751297 0.0979876238121486 0.353895184711469 -0.13649646316736
0.0323134841239595 0.060293822407661 0.097324668474689 -0.162639545288662
0.0360034704448107 0.0208624197112148 0.0251158461565052 -0.0479803330520449
0.0190573545374393 0.00280496551249275 0.0439717211971673 -0.0123496293147089
0.016266843651706 -0.0126237737824003 0.0217805324283369 0.0145750826817681
0.0313795659525087 -0.0105723463215499 -0.0601752277474347 0.0825066090935152
0.0424149268840339 0.0158946834736906 -0.191979063016651 0.0955355079292564
0.0534905426596797 0.0555243019365502 -0.287546985468401 -0.0621537671841173
0.00457179308410601 0.0753242093177497 -0.1956618378602 -0.213868915663224
-0.0590247692152763 0.0692273632928214 -0.0377605781235561 -0.222211931290482
-0.0652884339444115 0.0219441750952429 -0.0609712308575554 0.0375331949230777
0.135640313563373 0.0839917581461773 -0.0581922180747198 0.175473113009165
0.127916788790683 -0.0855474448506913 -0.364107025139908 0.538258194549689
-0.0439475096082806 -0.130011314702379 0.122266890831546 0.711560739284653
-0.148016897900756 0.0136087958734622 0.462897845743098 0.296337997930502
-0.0499518384509994 0.0979864180503986 0.305100024685471 -0.0978856565940743
0.00785825721712517 0.0693758913523525 0.0940849163496771 -0.115630227212958
0.0169260574815143 0.032423439442728 0.0391974619622198 -0.0237194694167445
0.0101412571754345 0.00599079749290397 0.0474557989300959 -0.00775877797820946
0.0136299901614077 -0.0227370534252628 0.0176076819349754 0.00794936533316245
0.043545593622118 -0.0326216457151222 -0.0544875922731713 0.0678879918527715
0.0741043816774444 0.0131466706660449 -0.174126176279053 0.0910167724061072
0.0702986757091087 0.0885886371249463 -0.282243066767035 -0.044849047818996
-0.0150945553849654 0.0943880924175353 -0.224161658550994 -0.205901244727285
-0.0613912761344609 0.06304893685494 -0.046228196985885 -0.263420413160384
-0.0269785488884234 0.0436548817594535 -0.0231497111238604 0.0153604730142515
0.160850912327587 0.0913760304540592 -0.0761582042513937 0.156733643822045
0.125586683034193 -0.104392561095943 -0.303003615060247 0.530707045511807
-0.0535190314364596 -0.13046536488775 0.158577455907012 0.619110169115864
-0.136497206419961 0.0218831945092115 0.401109799115531 0.233941855910736
-0.0417818530657407 0.0816992716970903 0.241397987778243 -0.0694864419791863
-0.00363712920899538 0.0476109345045561 0.081066785392778 -0.0707545058643011
-0.00291318570634612 0.023607496417062 0.0468035023425888 -0.000881013346284977
0.00056373762305188 0.0055200984890168 0.0430838464021672 -0.00317953322293433
0.0132374067129591 -0.019935220266295 0.0099226868081299 9.7125874890909E-05
0.0497348221378481 -0.0253087752091529 -0.0407614828057482 0.0506659556839194
0.0773755474945505 0.0401374196509618 -0.141956002187117 0.0877907319042605
0.0299187026857708 0.113006689519564 -0.274798802523759 -0.0211387184119395
-0.0515616406683112 0.053741363987696 -0.265330910523812 -0.206803930428343
-0.0244247761529032 0.014678014864571 -0.0562102143980328 -0.334221023709907
0.0456494747173732 0.0671700908953364 0.0130947665757051 -0.0291042102366823
0.146130769604475 0.0784765406922449 -0.0633099632278914 0.129695069554182
0.0656229745823282 -0.091239196936753 -0.201226073646556 0.480365293828601
-0.071030215367401 -0.0707187068782076 0.174779810934456 0.497525508373745
-0.0796618516651305 0.0536984249900767 0.329360054664044 0.178684636881922
-0.0029273456044285 0.046990805090438 0.196090400450137 -0.0478919542714259
-0.00442738725872751 0.00466420258023604 0.0736590542087221 -0.0443839332685121
-0.0186891236057049 0.000901750271140966 0.0472161251922211 0.010172830600601
-0.00970140620756274 0.00277731995521371 0.0319707595286846 0.00273920913227043
0.00983840130516954 -0.00183640142997044 0.0073620136771147 -0.0018117255244616
0.0383142387155972 0.00919068959054933 -0.0177053780338707 0.0475124960824334
0.0362137962417981 0.0807359921152694 -0.108402790470053 0.108231125069376
-0.0621727254997567 0.0957639104781287 -0.292840362156106 0.0151300358163495
-0.0733058350430486 -0.0504960886295057 -0.325190245057273 -0.234103924463718
0.0617214127362541 -0.051908256187214 -0.055773506552379 -0.42817841458885
0.135075369445762 0.0937943243563563 0.0375579897804448 -0.0871263460485466
0.116687912411936 0.060372539974737 -0.0230983328713939 0.0928916803911433
0.0052962640467055 -0.0515997235791249 -0.0987126310359962 0.38965097294364
-0.0624705855434496 0.00221348122610868 0.16069008414712 0.387526389448931
-0.00460500119365787 0.0652429574572142 0.279903183239405 0.151473121300711
0.0356913002899288 -0.00131709726756635 0.187834462692437 -0.0415040894877166
-0.00270820171399736 -0.0407438982320458 0.0776106997279462 -0.0460641695831517
-0.0279811652346163 -0.0242700822342379 0.0382224138180762 0.0063516122984627
-0.0187912552819522 -0.000189591145517978 0.015426200442854 0.0084593059475793
-0.00118376682662653 0.0192466833806743 0.0100839399994765 0.00815659522010389
0.00398947088638589 0.0447885171215783 0.00168671056960399 0.0729414488144551
-0.0376636463376802 0.0929458383600106 -0.106684853394222 0.159436315810135
-0.145441800219641 0.0106581517182109 -0.358593385255373 0.0339363252341835
-0.0324692912249464 -0.174142925959736 -0.384487567872581 -0.320475843231404
0.176516924420693 -0.0841699083726357 -0.0203381674797715 -0.536118291392468
0.206477336166968 0.124150887558989 0.0465758514128923 -0.147213364509604
0.0963103299329323 0.041500043008383 0.0263375746470836 0.0460330131000208
-0.0150596347060141 -0.0182928843097188 -0.0291736303640831 0.290787076331862
-0.031768119968701 0.0336800419940148 0.142585583467445 0.315954704825379
0.0419470258725639 0.0412504967578869 0.268580249630161 0.14031931113057
0.04836991246009 -0.0410086898223889 0.204176455905263 -0.0578648054414904
-0.00498741978722073 -0.0657796386932908 0.0821170489321393 -0.0695864249011836
-0.0304937801771279 -0.0373792491079399 0.021867041326801 -0.00644714390133716
-0.0245793268700147 -0.00302035295413451 -0.0019227377882969 0.013127590159313
-0.0183548366540473 0.0301377970678841 0.0099571457237484 0.0284735296770564
-0.0377347097514188 0.0510593893833752 -0.00384599872397827 0.118909538679047
-0.0966345504541438 0.049616796839297 -0.159620920780426 0.209944738690673
-0.146670376500037 -0.106486778565987 -0.456858290667088 -0.00413659742683595
0.0715899761814979 -0.229159944269089 -0.395876366101153 -0.463897099973181
0.258852032073375 -0.0430509015063908 0.0686214302646086 -0.620250771152908
0.223020015614369 0.14332814632626 0.042928100184328 -0.200467873185639
0.0924468141404299 0.0215137446018216 0.060110474727898 0.0012794558348869
0.00128074038251172 -0.0166281310232016 0.00832446226334992 0.218685075972152
-0.0040348460064209 0.0108443493965849 0.139007190444512 0.27525614315807
0.0394023293630214 0.000877678264431607 0.281662642388635 0.125745362040171
0.0320571731381629 -0.0515384673555811 0.223916043198015 -0.0857266262748016
-0.00969045755039255 -0.0601089377483504 0.0809580338104383 -0.0990557434380304
-0.0266412098565422 -0.0345003179795377 0.00174628344377963 -0.0202316151903126
-0.0273183180872942 -0.00576594301360312 -0.0186860024856368 0.0143337094629538
-0.032383828488998 0.0199329228780428 0.000666668067738848 0.0504126781252684
-0.060903149018135 0.018824702834157 -0.0370713511177988 0.156783955208383
-0.0966311102450448 -0.0235895254173855 -0.242372938382858 0.218576728030285
-0.0552000139075886 -0.169682941217127 -0.524042375869742 -0.105599041657007
0.162047555667372 -0.168138487012214 -0.328267338892133 -0.606313572648624
0.240459204206662 0.0404382028926336 0.187942229611222 -0.654394751721072
0.169594337812774 0.129329549507346 0.0368552003894878 -0.237002683353146
-0.0339640908838276 -0.011928568164732 -0.0100192343738611 0.151886546228094
-0.0817924875525396 -0.020320105505313 -0.31013055189714 0.529223927168991
-0.102491800992497 0.044297986208736 0.180461024084517 0.701725963155423
-0.0280551312660449 0.111042588507881 0.541049117386361 0.243102084512315
0.0499486338944197 0.0667923392556263 0.331672178172905 -0.199307512015293
0.0555835742581545 0.0195449343302533 0.0617928857336154 -0.187568365959755
0.0435188840435421 -0.00772000004725268 0.000379485283985329 -0.0590168797948773
0.0215209701198268 -0.00484843528305896 0.0269170549498854 -0.01976304503827
0.0208709029964821 0.00214131345713838 0.00970365681269978 0.00888185175300796
0.0199065183971992 0.0236173197315763 -0.0631982037923818 0.0752148723989294
0.0032068450723836 0.0338162476719269 -0.184134801922405 0.0836702563002622
0.00990710890417403 0.0197493056784348 -0.265943048146082 -0.0717708697114173
0.0111172412428619 0.0235980002941025 -0.163405304071798 -0.210925106999163
-0.0290453421431741 0.0474009860724881 -0.0266496327348709 -0.197783826693316
-0.0712854437492244 0.00350330792520006 -0.0697923400680282 0.0390328113976303
0.0654236182122281 0.0384090794518766 -0.0178498229850947 0.169190049862543
0.0426175600201806 -0.0592728246808556 -0.336021358264302 0.519119036447185
-0.0723311547255532 -0.0601142847186914 0.132574401788956 0.709345494261191
-0.107525396803139 0.0576999191085774 0.5003455572347 0.282852965430645
-0.00904085949887594 0.0962181840512267 0.328245185340348 -0.146081954999947
0.0339255728903238 0.0572984900153144 0.0827181757476056 -0.159586629017663
0.0354086226294943 0.018662667116242 0.0198705144013235 -0.0481371727796511
0.0188454059944604 0.00227613672706879 0.0374077269806453 -0.0169463773860008
0.0147575594005888 -0.0128593149482979 0.0158533550088242 0.00855471976382388
0.0292772433711825 -0.0118462412106239 -0.0578090816174722 0.0754762834693797
0.0418978068263204 0.013873332163108 -0.180266226887556 0.0918434049081674
0.0544002069109886 0.0516548307107857 -0.271769795513554 -0.0543775580078918
0.00558501412282161 0.0729537427270911 -0.184768154117109 -0.200247357716228
-0.0532151592436559 0.0688536502561614 -0.0347900504601088 -0.207799572852562
-0.0605023088774501 0.0223620145833159 -0.0466083705477315 0.0424164410923357
0.138186358187953 0.0726152879443706 -0.0427752255345336 0.16519129951762
0.122467405644245 -0.0907764619546548 -0.328151430652756 0.522222320965524
-0.0504791980179437 -0.126848631794875 0.140852484702365 0.671270304799227
-0.146501705779272 0.0203902241701815 0.45042964453825 0.26053101738016
-0.0446724305153942 0.099821310891184 0.282483686557552 -0.105303328985882
0.0109749011501599 0.0686005719031693 0.0823348967049319 -0.113290815784289
0.0191063028553213 0.0320266665593782 0.0356466056128681 -0.0250071523042007
0.0122163098031173 0.00664407600031507 0.0414940891050613 -0.0128730422118712
0.0132113089088044 -0.0219444869155275 0.0120034520466356 0.00347210750874418
0.0412252264781535 -0.0327213164518677 -0.0526267104271681 0.0621727202610689
0.0720284593196488 0.0109630490872006 -0.163935959521505 0.0863303049401089
0.070571601165931 0.0844496611540266 -0.265585892009616 -0.0393496822372312
-0.0135748140479502 0.0908129012402526 -0.212269149480427 -0.191569726994179
-0.0554648476191057 0.0605753622593605 -0.0458146086053358 -0.247254676234257
-0.020289070042604 0.0402103299405858 -0.0122070263520332 0.0193978559459626
0.165232196872441 0.0777152803225092 -0.0616139059621364 0.148796328496972
0.120163874423058 -0.111052448922773 -0.269113797932539 0.511104394469
-0.0615344764089113 -0.128937798811706 0.171764735920662 0.580911113740508
-0.137634898669963 0.028535819822364 0.385630084672271 0.204997428823999
-0.038468567040659 0.0855650648548019 0.221949223955806 -0.0736021138449916
-0.000629540854564878 0.0500761140688581 0.0721951405253006 -0.0679131344940136
0.00112517361378892 0.0257414946374837 0.0446325793125861 -0.00250488869968647
0.00424536106818751 0.00691598301930008 0.0389236724148915 -0.00724766473174984
0.0138938471649471 -0.0184291100408781 0.00516891880535115 -0.00274325890013863
0.047989934239855 -0.0246185019921856 -0.0402287422562773 0.045055771420313
0.0766220370209829 0.0380386149108938 -0.131783682290625 0.0821402252596953
0.0313014633566475 0.111473686938487 -0.258624237457593 -0.0155118262793018
-0.052964226811409 0.0523187230096478 -0.251745902242418 -0.190462338952026
-0.0213356032697659 0.01030967219463 -0.0597910232050538 -0.314026982050392
0.0532484308299725 0.0586407753337537 0.0186531096717379 -0.0248919006247757
0.152160945474714 0.0657042792869565 -0.0526041076036902 0.122640473944149
0.0634687886777403 -0.0970657870742064 -0.175619032691154 0.458286118151557
-0.0758074969494087 -0.0708749433214541 0.179558562265832 0.463315639869056
-0.0819275035862453 0.0569033001742178 0.313834101643342 0.156743368544719
-0.00263077498413964 0.0506446745679406 0.17986046267003 -0.0489808568189596
-0.00374479346793843 0.00881229291922215 0.0679889588070568 -0.0404028666040835
-0.0149809705555043 0.00498603617640564 0.0465182565126496 0.00809758200524453
-0.00488077717366026 0.0054856199824589 0.0296029358146792 0.000245909221866789
0.0130293877132417 -0.000831876856235114 0.00414239722472129 -0.00376118188172126
0.0390012730775936 0.0104370394588644 -0.0166675751224838 0.041265856924698
0.0390381935093814 0.0798966386892586 -0.0982869161388693 0.100491621343529
-0.0594699012937214 0.100453335612987 -0.272693240505153 0.0201283911356294
-0.0800609106087705 -0.0483527858183921 -0.312767346141599 -0.213279061969668
0.0593645019796355 -0.0591011919324779 -0.0660770242336086 -0.404764910836391
0.140877900781828 0.0795965451019378 0.0367178009099233 -0.0805553061844003
0.12303151883892 0.049388330946755 -0.0192112012678156 0.0858722638938371
0.00689194748642855 -0.0562533577302662 -0.0846068458339692 0.366852189771853
-0.0644525836899849 0.000205248670437037 0.160000593197159 0.36051926965274
-0.00795162267802321 0.065234344029639 0.263294444329004 0.135544899348398
0.0326012246515135 0.00187290786254838 0.171568157776123 -0.0402908455544521
-0.00455599398580601 -0.0354293575128448 0.072458981566191 -0.041690009873809
-0.0259794488844035 -0.0186184360091783 0.0394266515927456 0.00567445388428605
-0.0139538354019214 0.0025599172854152 0.0157229499750096 0.00792495524282639
0.00412096008602812 0.0208439335460772 0.0088252280142881 0.00609356596644058
0.00806208240161465 0.0469987258285921 0.00419340794600087 0.064853100820615
-0.031657611582918 0.0956316085108049 -0.0929815369063715 0.150235651872402
-0.145906943189175 0.0223948033320526 -0.334371882867554 0.0454527684851369
-0.0458898174339982 -0.17059096695742 -0.374372932091311 -0.29027204381526
0.169258183215576 -0.0948897517318511 -0.0373163549835961 -0.508334238298599
0.210922741831048 0.105916031642748 0.0397915200436329 -0.138277107003524
0.10154940538626 0.0318606434203582 0.0224894566761079 0.0389715130237541
-0.0123492084364917 -0.0217667539294193 -0.0222122651337367 0.270810828440266
-0.0330941234770821 0.0308403459874376 0.138267018792134 0.294431376934117
0.0371123359448041 0.0391460200912105 0.251766703348331 0.127685348377972
0.0435529178116386 -0.0382571101983486 0.187933499966131 -0.0554787340459567
-0.00836078112135136 -0.0598933917508591 0.0765200322452224 -0.0643066796062814
-0.0297166730303041 -0.0319011131817698 0.0241875726384027 -0.00455019865821426
-0.0206608795978638 -1.51397300887187E-05 0.000953231671716035 0.0138925262155842
-0.0118989902075351 0.0314699778474499 0.0115250100227034 0.0272220007972978
-0.0318703926433946 0.0550879040990025 0.00276119731986848 0.11035732230323
-0.0908734964094209 0.056731701067754 -0.139399664375462 0.203136601140128
-0.152200185435197 -0.0925686226834099 -0.430055769881419 0.0150981173629873
0.0536004148090975 -0.228222077959125 -0.392746102777733 -0.426278139874214
0.250360797534942 -0.0573826247283525 0.0432646781414343 -0.592240188128016
0.225908988482405 0.124323333695937 0.0323297726001628 -0.188487717818145
0.0942879825300486 0.0136569329033646 0.0506313251102786 -0.00554432593469834
0.00286417641323904 -0.0181756367684346 0.00858158577173483 0.202236418368199
-0.00652566255032316 0.00969396544128105 0.132729894760057 0.257027905827552
0.0345778756082999 -0.000316741119626368 0.264597006803236 0.112965798174769
0.028487432558953 -0.0492146443216281 0.206255512413046 -0.0831791341344635
-0.0125024576917681 -0.0551889325226621 0.0740876419023034 -0.0921127461122231
-0.0265375676001102 -0.0298299017343978 0.00534631810013749 -0.0164720722081867
-0.0240835300593776 -0.00336796618079122 -0.0135593919024844 0.0168817482334515
-0.0280163385806168 0.0223512395304015 0.00533418860901751 0.0487959261469775
-0.0571686988435678 0.0241992239389753 -0.0266306306837347 0.149736181657861
-0.0948973623232356 -0.0149868860832022 -0.218385709550054 0.217226856039311
-0.0654125708951922 -0.159256968988421 -0.501254929578081 -0.0778951868374911
0.145010550591527 -0.17194737730932 -0.335090979343391 -0.564781326708842
0.235960746591086 0.0264845881530034 0.156782027681699 -0.630080506021788
0.171377200370825 0.113440810272974 0.0232696266501361 -0.223208087406217
-0.03214549363274 -0.0147789369168521 -0.013765585864488 0.140933188525873
-0.0713606201536126 -0.0231760777799275 -0.321392561330404 0.48700207884918
-0.0938247790193786 0.0350096632264905 0.135677454835845 0.678672086665639
-0.0301463311575136 0.0989227590736127 0.506336731655228 0.255196580594407
0.0417225298049626 0.0627852973805018 0.319847540928965 -0.17999057355926
0.0510620497246577 0.0197634382067881 0.0622795228334657 -0.176289919768691
0.040626880666474 -0.00710216210892376 0.000531343214783895 -0.0582405675259453
0.0199741375903568 -0.00395460997828207 0.0223184641852801 -0.0211033146009952
0.0182381044588775 0.00225182800737727 0.00395113140419052 0.00523144654379559
0.0182834651083093 0.0235519502152227 -0.0656927780821121 0.0657107980333482
0.00194684131141419 0.0339135637574508 -0.179540025459272 0.0681355663867507
0.00575113226031411 0.0190738435416398 -0.245457754621481 -0.0824298848691603
0.00807150718169099 0.0216767282105516 -0.136004043379546 -0.209174668353859
-0.029448601942449 0.0438393821084529 -0.00897142557282451 -0.187147155911388
-0.0718977952136522 0.00269546569818491 -0.0594886985753503 0.0357517916478774
0.0654542832357768 0.0397590965521914 -0.0170031017595248 0.153394532582951
0.0522631155158236 -0.0565894498186149 -0.347998891424751 0.474105396211013
-0.0598455362760485 -0.0670233843481658 0.0865022307284822 0.680167297909199
-0.106354291943634 0.0456853047842587 0.462210666307031 0.293970710987223
-0.0165638409425197 0.0903026083701264 0.315030485106606 -0.126071694832701
0.0293534736380895 0.0570777917570848 0.082325734032123 -0.147726917028049
0.033745404635237 0.0197222511772586 0.018713323271347 -0.0464277878877429
0.018711297313861 0.00367577803047437 0.0323624360970246 -0.0182241341131433
0.014962729167403 -0.0116344665086097 0.00959188162386675 0.00549537954982224
0.0286090209587153 -0.0100575050092801 -0.060018548175353 0.0662371844748122
0.0399427281547377 0.0163334498565269 -0.175758671439642 0.0769084103372662
0.0463992569410008 0.0520748606598688 -0.252420389464256 -0.0647345260160974
-0.000731924925778685 0.0685177899266223 -0.159651213961989 -0.200202618333211
-0.0527971362847992 0.0613101581945449 -0.0166410396860572 -0.197728877535918
-0.0581304332235299 0.0192133152621586 -0.037665599162478 0.0399680737871424
0.137453229534227 0.0771059644335716 -0.0389068045528586 0.146614766026858
0.133178704960128 -0.084958176750575 -0.340766303670412 0.473093077671549
-0.0375036387749642 -0.13317718300756 0.0923521589514147 0.641176429581703
-0.144673002013592 0.00926658789982987 0.410973614866453 0.269648392846225
-0.0514659446082905 0.0947089185788554 0.269154825020605 -0.0861180111097012
0.00726285219546797 0.0692114662806775 0.0811111817800168 -0.102217008075296
0.0191965049528154 0.0333006608929155 0.0346189450951788 -0.0227484693651117
0.0138450808982918 0.00823176150356373 0.0374863335449553 -0.0140469064286919
0.0143818112930633 -0.0200580924210421 0.00621237397384518 0.00051497127152033
0.0405196852863882 -0.0292227904468549 -0.0545494127520225 0.0538193861346512
0.0697672757440089 0.0151694711646665 -0.158968366313931 0.0733197098657715
0.0594372615539695 0.0859424731440738 -0.248507769585379 -0.0491082054586798
-0.0223308558869098 0.084341897096683 -0.187038074193836 -0.193667595236316
-0.0543450139674417 0.0504272184195508 -0.0254407790930295 -0.236164599908455
-0.0163750656517178 0.0362649365760308 -0.0053466036432105 0.0210556098326152
0.165941591452344 0.0834236017406721 -0.0566583014000364 0.129609998577311
0.13239509359033 -0.107465468304552 -0.284971638932755 0.465262256254433
-0.049861516827584 -0.137435200723414 0.125788805285469 0.555104447941318
-0.138543295612214 0.0188641948208898 0.349624516915668 0.213325517254271
-0.0445999538693488 0.0831404096588165 0.210227701813299 -0.0563956236667953
-0.00273125898661645 0.0515858037774063 0.0701643572802817 -0.057832343041128
0.00281931064319843 0.0271372479756908 0.0438907386888823 -0.00074970758087935
0.00699888887084122 0.00883605941024176 0.0349235026111375 -0.00810146425546329
0.0168345327275931 -0.0165662779515498 0.00123523199342651 -0.00484222004937078
0.0480374614867522 -0.0204158837600991 -0.0414231735696599 0.0379617368898636
0.0735860050082812 0.0430779891171865 -0.129454409962992 0.0701849182468538
0.0201074008234084 0.112917011570757 -0.243690790571162 -0.0265448290500742
-0.0619841871777638 0.0449811159353068 -0.223378284808065 -0.194583753341183
-0.0192953296389803 -0.000475436774643848 -0.0359218817469527 -0.299481074143743
0.0563103070423576 0.0530897599625818 0.0243753390866607 -0.0168779750457702
0.154341638774171 0.0704569188229858 -0.0497894828471768 0.105605914942368
0.075876175907221 -0.098894843045395 -0.193301585849636 0.419735711740327
-0.0698205901008166 -0.0818647479568811 0.139700516312111 0.445567454811994
-0.0871200276475987 0.050042534023975 0.28330248484638 0.164926614628788
-0.00804008052383327 0.0521668803649792 0.168676841725931 -0.0336792772073557
-0.00413020043669219 0.0120467214628259 0.0654491816106252 -0.0314766109524121
-0.0117340879635576 0.00747840818111567 0.0458872277398023 0.0104089015775153
-0.00133508043892816 0.00701478840711034 0.0272685534547512 0.000279825364225134
0.0161389487110798 0.000548529468279103 0.00125629362985978 -0.00482133941976754
0.0394493953504051 0.0147923800771888 -0.0186200257363797 0.0352497492894445
0.0363371542852675 0.0845229152948121 -0.0982821310872899 0.0878180863721512
-0.068412248329715 0.102069018291971 -0.260455435577313 0.00542589813618854
-0.0874248728494338 -0.0558986538218113 -0.277872372237544 -0.219002809022252
0.0611353708277423 -0.0681443790482136 -0.0364568293408324 -0.384089575822326
0.142011584069221 0.0742892578141949 0.0415369791683368 -0.0661128969934911
0.126181626416001 0.0516981170740795 -0.0196051790914516 0.0733246037343113
0.017233811018436 -0.0622082575821253 -0.102166084264821 0.338777908764457
-0.0634665524831546 -0.0105793443131275 0.126294629304831 0.346815874948423
-0.0158909211501461 0.0615082185827608 0.237983686930916 0.14395438964201
0.0283608787444667 0.00610856429397283 0.160300439171785 -0.0263928633241989
-0.0036042811494032 -0.030870565444945 0.069616313057547 -0.0317964950673159
-0.0217706233581302 -0.0159110963893027 0.039518624403399 0.00800715182167275
-0.00980871578178422 0.00428999392409785 0.0154243867711561 0.0082570518283549
0.00713158001196464 0.0220044477855942 0.00698091700100568 0.00546844178793639
0.00936319541658422 0.0507020748191213 0.00186928189849389 0.0586115979364836
-0.0332537294622241 0.0990441340105589 -0.09401870234581 0.134334413491071
-0.151142049511546 0.0249390249619476 -0.320854437488585 0.024394442418297
-0.0504896320663938 -0.175405677311674 -0.333529352324165 -0.295164791703888
0.170007399231016 -0.101085283172664 -0.00686186159280166 -0.478035378699633
0.207777465044756 0.0999237253461801 0.0449258779433893 -0.117869602363741
0.103973358417857 0.033224326057505 0.0186709567634689 0.030860134364496
-0.00533367103423708 -0.0277262896042977 -0.0402323073851541 0.25175396092776
-0.0340698439683167 0.0232138863176308 0.108792374828019 0.285002549185143
0.0298429418515045 0.0381992880402993 0.228312036463721 0.135427032971795
0.0406250180749076 -0.0329450221573261 0.175970614525648 -0.0409587276801574
-0.00648114466596791 -0.0556291150297632 0.0745541151655355 -0.0531369486389269
-0.0256031099979719 -0.0295772881784478 0.0255237795972794 -0.00146141227509859
-0.016989993757893 0.000682603071489309 0.00294964206019281 0.0147067519855276
-0.0086813698612799 0.0325502876505835 0.0106565862508411 0.0253228309076502
-0.0308968733316502 0.0585170666632706 0.000881557232864175 0.102663089004858
-0.0918323010771687 0.059633536431135 -0.138403341881732 0.182665277458294
-0.156279392368647 -0.0871840115813421 -0.407039868331361 -0.00841428901693257
0.0492919482697623 -0.231323620327532 -0.343026783321284 -0.421552985008992
0.250142148286023 -0.0623551692903431 0.0731025639151102 -0.552572058253162
0.220893512308624 0.118553230266364 0.037820723517797 -0.165493539698859
0.0954077599321656 0.0155099264681499 0.0442244556483361 -0.0103952480295539
0.00759983887859371 -0.0213831693817806 -0.00941946299050535 0.187046536305559
-0.00639631662729462 0.00592790735965806 0.103899757637698 0.249853418884933
0.0304119478058832 -0.000734124780100533 0.2404193627998 0.122526915475456
0.0268479655043984 -0.0460652230671505 0.193337384036709 -0.067013135446092
-0.0109194878750172 -0.0519027247147615 0.0733621144646064 -0.0795321493243558
-0.0233966686013654 -0.0285223066238857 0.00836796468015332 -0.0133982467053824
-0.0214466645728849 -0.0029195550148664 -0.0096201642199415 0.017557448706587
-0.0251871551574618 0.0229557745129732 0.00578313246059479 0.0468223509252084
-0.0548839482403416 0.0272008989538834 -0.0268994073983993 0.140416784418916
-0.0941337340966876 -0.0118821937897009 -0.211002540506975 0.195127633655476
-0.0715450514091366 -0.152440429434727 -0.467284039669649 -0.0987117694573704
0.13963824064258 -0.174719445441585 -0.284553795131175 -0.548709869672384
0.235367824998901 0.0203531862633471 0.180382835608571 -0.583439187588988
0.165815754084392 0.107631356574809 0.029928806842985 -0.200081093271148
-0.0323525668971121 -0.0152781694637061 -0.0102539536238438 0.132021292103829
-0.0704135110402399 -0.0215722624224602 -0.326305551054274 0.468746062093246
-0.0912720638087617 0.035634964475188 0.124269609525632 0.668333364375053
-0.0289488361997174 0.0975321861891425 0.491793910046541 0.254526283695899
0.042058130160033 0.0611204513530679 0.309963316531137 -0.174022025882416
0.0498281141677788 0.0181876967093736 0.0588284571648512 -0.172364055277452
0.0383925208662343 -0.007993458291467 -0.00193574950977493 -0.0575375326656727
0.0184970207425073 -0.00348516469055835 0.0179550729148082 -0.0229374458655849
0.0161675269749663 0.00174501517669486 -0.0014080211035721 0.00204232746591991
0.0180230058409873 0.0222254711388921 -0.0680295246505322 0.0592269196393722
0.00258964902475279 0.032505510594145 -0.177193210631133 0.0594691024913692
0.00681383647493087 0.0181360197593041 -0.234675390516065 -0.088822298602825
0.00822817149288841 0.0230757675344754 -0.122830678457793 -0.209970142288876
-0.0301946203046586 0.0444759803318583 0.00250131823006366 -0.180531223201162
-0.0731147078030319 0.00151261574263494 -0.0498295888499485 0.0383053197483404
0.0656590248179091 0.0385879339609004 -0.0129932080156448 0.145340109962007
0.0531078674052208 -0.0563116314839498 -0.350356576469788 0.453200444846179
-0.0595381749565817 -0.0677925073910984 0.0758024592218454 0.66787423838094
-0.107188265283768 0.045414735068586 0.446699712331353 0.289907374752976
-0.0165917033898769 0.0899712444118276 0.305258850209898 -0.12219439064468
0.02936065527797 0.0575774270442178 0.0791092167669701 -0.144267933793282
0.0335884345446339 0.0199337609109142 0.0168694998151041 -0.04640646317787
0.0189387173545794 0.00403273085370898 0.0281593589317156 -0.0208861756699096
0.0140944881470089 -0.0112437057365553 0.00398635000559692 0.00183539523424717
0.0278980265308757 -0.00961494244113151 -0.0633878495507894 0.0596027753802809
0.0396574821005611 0.016660216804911 -0.174307474183326 0.0679591525087188
0.0455371299853267 0.0523394707219577 -0.242618602237258 -0.0722600877590145
-0.0021620225165214 0.0680838329200687 -0.145020475667663 -0.201773574989343
-0.0525716752791406 0.060189829937088 -0.00483425280691425 -0.19210349673224
-0.0571948863598554 0.0170855700729589 -0.0280526669580397 0.0420821559549222
0.13915504079335 0.0747656419479888 -0.0340897866836825 0.1388414163717
0.133803774437245 -0.0860347206354348 -0.34024968065378 0.452110831191572
-0.0379304608222919 -0.135247804540583 0.0817200890872619 0.628160511186329
-0.147580891428823 0.0102873169145652 0.396176705441954 0.266738653463758
-0.0519739730414201 0.0965384212997916 0.261000358347816 -0.0821420650281512
0.00803387668082445 0.0710098343507998 0.0781704796824964 -0.098695703458058
0.0203937316836474 0.0341436661621487 0.0332458846157195 -0.0228802352895519
0.0155600865177225 0.00894626334836145 0.0335908969938712 -0.0156294739712605
0.0153108563240436 -0.0193568043091004 0.00110292588100247 -0.00209851908860763
0.0399751118124322 -0.0278456912456898 -0.0577875452722003 0.0477688245116391
0.0689538520800035 0.0165329960657285 -0.15840995261485 0.0643863827583728
0.0578103407880475 0.0869817458459169 -0.239848353215809 -0.0577336112388502
-0.0256135290251703 0.0832501347895303 -0.172140190831887 -0.196986766396488
-0.0533056653076032 0.0471020925792522 -0.0138545716225319 -0.230263659953371
-0.0130959902598351 0.0331438697564633 0.00320254993643044 0.0235816241389125
0.169018139472304 0.0806069601700843 -0.0525190938359555 0.122089899577048
0.134579848883231 -0.110089705047662 -0.286428124999541 0.446412141586162
-0.0518789665901383 -0.140845542507796 0.111786686248052 0.543704641305742
-0.142729986629767 0.0206311377113379 0.335616415752881 0.211489716979163
-0.0455770402884244 0.0867121675089977 0.201328183737121 -0.0509161914543514
-0.00202688328159902 0.0542245783728444 0.0681844947760431 -0.0532813838124386
0.00497745204269882 0.0293632120996023 0.0436594667121362 -0.000511598359038671
0.0100846558539618 0.0100174817144818 0.0322739155860318 -0.00943142704318201
0.0186464511059263 -0.0154651057837894 -0.00294158597613982 -0.00689771913762028
0.0481841099985448 -0.0184648733727101 -0.0445409147491528 0.0324520652781953
0.073350348703005 0.0456473935311833 -0.128742104532833 0.0611410530209982
0.017972854631399 0.116025813236006 -0.235393432422748 -0.0353932326778247
-0.0664706341641497 0.0432414740464797 -0.209198560182953 -0.19716260965803
-0.018201501759442 -0.00501574712036932 -0.0242608611001022 -0.291341532810005
0.0602811415214553 0.0495592860579183 0.0307446679980716 -0.0128363436133834
0.158705195326213 0.066880596102079 -0.0483391558345097 0.098664963432123
0.0787429513609828 -0.10288448061431 -0.197274431711401 0.402279560980983
-0.0728920295886494 -0.0858388754723095 0.125728316119749 0.433208581272796
-0.0919829493199092 0.0519848442612692 0.268465735512965 0.165623999501751
-0.00944528061162064 0.0562471024583965 0.160935719343785 -0.0269594374394753
-0.00326192612162448 0.0153536029661206 0.0645618162837363 -0.0257703820974998
-0.00883048796635018 0.00993655920186594 0.0467822441689516 0.0111955232272419
0.00282227842635018 0.00856263411858322 0.0259912772729129 -0.000425543895520057
0.0191845518373241 0.00183297965152071 -0.00121176518202269 -0.00649215023820365
0.0408311299171672 0.0176766584580348 -0.0213132617054851 0.0294350114832232
0.0363985758805023 0.0878897965441284 -0.097643120848411 0.0787835515075336
-0.0711005623060857 0.105761315991271 -0.251284479748337 -0.00261189670518477
-0.0925832130238742 -0.0573925675036482 -0.262846910435712 -0.219610709463015
0.0623267726578163 -0.073406413839485 -0.0273397949408307 -0.374162534576329
0.145781139078551 0.0702942471687587 0.0458312972840286 -0.0609175414418477
0.131227156796455 0.0481945562481019 -0.0207624882647691 0.0674338284195434
0.0209540483018839 -0.0667577648484234 -0.108869094168841 0.323916548553616
-0.0665880220924613 -0.0144872623332913 0.110962645440542 0.338694789501357
-0.0212336192926862 0.0636905642886131 0.22295389205598 0.146466659434321
0.0267647572990402 0.0101515603466096 0.153718373539869 -0.0177455347307432
-0.00315727898018982 -0.0272170978856753 0.0697086093215818 -0.0257455914536858
-0.0186176745475481 -0.0133809306037053 0.0414405437830195 0.0100705993568454
-0.00579028229901991 0.00562502151296333 0.0163761356876743 0.00832032698990762
0.0110615406529507 0.0227880902709082 0.0057342898335009 0.00436115233751307
0.0111544158712851 0.0543337751548546 0.000894151102505213 0.052966048156493
-0.0327437152109731 0.102538105404165 -0.0920893701715828 0.12547063895295
-0.15491737420389 0.0288992178448679 -0.309666892938224 0.0179295764300711
-0.0559301146968973 -0.177734037022091 -0.318660251809519 -0.291434004317011
0.170846829476321 -0.105205553680164 0.00258455813450681 -0.465095687687312
0.210292890320788 0.0959979300532868 0.0472761596122968 -0.111291757278234
0.108227255301256 0.0298605380637968 0.0142883075508893 0.0263413422539154
-0.00220873117339197 -0.0321095941888941 -0.0490846907996543 0.239272114757452
-0.0370188083773434 0.0204995373140951 0.0937794817461469 0.279053549626055
0.0253039364174116 0.0405043476469226 0.213404185635651 0.139660481542773
0.0395380643408126 -0.0296908611283013 0.170383262103533 -0.031116365689061
-0.00588212550333573 -0.0521162363969855 0.0747024538079476 -0.0463282460267147
-0.0230945090258157 -0.0271696867686164 0.0288767668295903 0.000203040978024655
-0.0140506936007843 0.00191357489003557 0.00563036221806949 0.015628588152334
-0.00500794384030238 0.0333415787955098 0.0112345859989024 0.0250517548737239
-0.028604567865609 0.0618604719373432 0.00197346750918421 0.096927715121972
-0.0908933528323763 0.0628377587787655 -0.134662524772814 0.175183484428747
-0.159714793807155 -0.0831831587650956 -0.394617403877412 -0.0118200892906079
0.0444724844299856 -0.232764991619471 -0.330997986003431 -0.416789587546953
0.250577336723449 -0.065204099006766 0.079992299340405 -0.54065479396302
0.220764964993367 0.115240970564108 0.038544084684695 -0.157933427095662
0.097153855608339 0.0126218393383786 0.0369523532726043 -0.0140329168449782
0.00976583902096063 -0.0233346979832749 -0.0192599519324833 0.17780761680639
-0.00863052264696221 0.00519812428908528 0.0893284046549411 0.247115601908563
0.0269231034459165 0.00115044929993377 0.226645459747461 0.12832239885551
0.026331208358412 -0.0439221184119981 0.187724425541922 -0.0561976583978911
-0.010618895509365 -0.0490379810106481 0.074357231321735 -0.0722495313145165
-0.0221444437681906 -0.0261795347428213 0.0124462893437767 -0.0103159270503287
-0.0195716356253978 -0.00202349150783824 -0.00635725809444337 0.0194779374056872
-0.0220623719336047 0.0242682924322625 0.00747756877218829 0.045858443584379
-0.0535441570567396 0.0296722079396155 -0.0244017555848563 0.135404311310646
-0.0933624469844917 -0.00961286019099833 -0.206008550674916 0.18766389773046
-0.0744287571335643 -0.149703653303791 -0.453412845088378 -0.0983073214320852
0.136428756628664 -0.17496073781763 -0.273157060541105 -0.53980433700209
0.235023782569888 0.0189066759131429 0.185825359701551 -0.568545905764982
0.165354588850561 0.104780399415431 0.0304113539911511 -0.19128248509699
-0.0336933143756653 -0.0154831018084216 -0.00740813385753998 0.126415030425526
-0.0712319498673663 -0.0207615091580675 -0.33755755535195 0.462890850885569
-0.0915898546713672 0.0366073635074494 0.114731522735422 0.678055001266149
-0.0293212283750191 0.0994726110805882 0.492586565845369 0.261396556127647
0.0433308926343406 0.0605081999345645 0.309333698895349 -0.173749396198305
0.0502853484767806 0.017877009781411 0.0572586158153502 -0.174030609094362
0.0378110800806633 -0.00900490917990562 -0.00446328467260784 -0.0586754767347687
0.0174268715098507 -0.00358983162326199 0.0143703242914001 -0.0253004617525528
0.0145906093654641 0.00119857392438226 -0.0063679876973385 -0.00108728892946103
0.0176298659090933 0.0222519878232871 -0.0725282269749741 0.054555206779317
0.00326219973084721 0.0325189205756575 -0.180230881040842 0.0526167210273047
0.00826172432133217 0.0180703150118689 -0.231600527290669 -0.0986355662704018
0.00853505310412005 0.0252372163443504 -0.112511285328116 -0.216904024892479
-0.0316981847979446 0.0468711909209344 0.0139917613256503 -0.179960228131009
-0.0770651009933538 0.00144379170266239 -0.0413762135834228 0.0416101966347555
0.0681486960955039 0.0388978553641447 -0.00922540710347114 0.140378569008896
0.0555054626901106 -0.0578430047360585 -0.360922097025424 0.449154484780888
-0.0606090923055347 -0.0701385572122593 0.0663403856672101 0.674835513813797
-0.11087868914983 0.0472316233768658 0.445330886642562 0.294574507363344
-0.0167089327804482 0.0929232487787566 0.304348344225306 -0.121467610232012
0.0302118132027828 0.0595146848641924 0.0776290844816823 -0.145166673475885
0.0347357793284069 0.0205822941943111 0.0157787105074051 -0.0476831622950329
0.019639552742378 0.00492927735075003 0.024824429547795 -0.0232789157458705
0.0138844426295481 -0.0112810837839338 -0.00115758377294511 -0.000542759592233771
0.0279212946174436 -0.00978632440580983 -0.0683687143300318 0.0551992246395846
0.0406526574568748 0.017355277834583 -0.178008820023956 0.0614651957147756
0.0462997585621416 0.0542865501738386 -0.24082241832582 -0.0822432782092433
-0.0040768190562878 0.0701921350883099 -0.136141004592588 -0.210290337625318
-0.0536042879940584 0.0604370388821099 0.00659291605141035 -0.192727719747674
-0.0576156086096643 0.0157048814396523 -0.0186970366610633 0.0448645112884548
0.144464247585456 0.0754322827093154 -0.0309602350862801 0.134375406131955
0.138765812802393 -0.0896532164399389 -0.351692177819427 0.446140004633527
-0.039596156922332 -0.140748268532647 0.0722213250912627 0.63474071089312
-0.154436630315719 0.011727524668537 0.392719244840116 0.270510642423202
-0.0530542619359461 0.101006472408157 0.258372363043904 -0.0802577102052561
0.0092312207779609 0.0747144139082278 0.0777183302940789 -0.0977998571150857
0.022611723878088 0.0363704869879368 0.0332619506477447 -0.0232611523513763
0.0179925950245363 0.0101877407004422 0.0305966672710939 -0.0178231276348807
0.0163448215011525 -0.0188010516958886 -0.00409353359195938 -0.00453025064843362
0.0406966644899825 -0.0274820792194335 -0.0626419272006534 0.0435373583637289
0.0704212037463217 0.0189707946090527 -0.162555350090186 0.057431020740703
0.0579877714160556 0.0910469500284233 -0.238636184543422 -0.0673060601563663
-0.0296011649194061 0.0846821109728128 -0.163879366764567 -0.205473169722705
-0.0536962562197113 0.0455236103698389 -0.00227506000829617 -0.231385563210577
-0.0102906652984048 0.0307123371340519 0.011985980456504 0.0266889831981601
0.176667724494819 0.0800108807829151 -0.0506572126388418 0.117463844703796
0.140682169891823 -0.115999039300593 -0.295023590966798 0.440297027152987
-0.0556416903998074 -0.148226841977553 0.104255146024784 0.545999609542505
-0.151159309468796 0.0231503414249673 0.329066458160205 0.214029372297503
-0.0471988912840445 0.0926755002898854 0.198495019199607 -0.0470748524458961
-0.00102757140599425 0.058714923054194 0.0683934944797438 -0.0507362268619988
0.00771763188501706 0.031861944783729 0.0448040782626085 -0.00015948990870728
0.0135038501157944 0.0114112684900224 0.0307760338411747 -0.0106594087695035
0.0211106560768793 -0.0149320458936347 -0.0071432154552144 -0.00891626058954539
0.0497148224214458 -0.0165642195221565 -0.0488019363607637 0.0271439668606378
0.0749644552059727 0.049336947794955 -0.132554001421291 0.0541878262397108
0.0160341514756058 0.122050874976315 -0.234604958398047 -0.0451228916656988
-0.0730195804489434 0.0431936500668641 -0.201060342988048 -0.205325901263931
-0.0174879889412565 -0.00945861317924751 -0.0136758864771178 -0.293176521150746
0.0668249855970052 0.046986270462121 0.0381090521867173 -0.0102124562092063
0.167468771103857 0.065595840050084 -0.0477012135274787 0.0945868771523216
0.0841569072441748 -0.11071689147153 -0.205479860201212 0.395162189386397
-0.0777254648397581 -0.0925621460984352 0.115659830212843 0.435356447432791
-0.0996870262488469 0.0563117252900598 0.260809105103998 0.170153715843546
-0.0106470167649273 0.0621612625007913 0.157934858448818 -0.0205637328429929
-0.00282047262598875 0.0192425435915457 0.0655925532335802 -0.0219370570987923
-0.00631197627722973 0.0125858323805497 0.049059117587101 0.0116657757714779
0.00637690089835326 0.00981279568017873 0.0254272937008945 -0.000940885534513403
0.0226291525879224 0.00219923469015591 -0.00421589248826795 -0.00775088901844484
0.042741688475233 0.020748362994743 -0.0238835405698906 0.0244154123670355
0.0379857326975095 0.0934607743151684 -0.0996186854503151 0.0721539091338251
-0.0756198734804397 0.112866866485277 -0.249608519607496 -0.0105801744934994
-0.100958421153656 -0.060558321106316 -0.256000295765874 -0.226823581829322
0.06492538695506 -0.0795204198654812 -0.0169342823730048 -0.375626721421286
0.153827765933602 0.0682766755767034 0.0513844775240641 -0.0574767442865696
0.139470954207369 0.0460171768236686 -0.0221997688233773 0.0639015917818468
0.024423827501466 -0.0740544469919746 -0.117867670203314 0.31855849734077
-0.0717402451413179 -0.0185177614160409 0.100261154297728 0.339907703195657
-0.0266846659981455 0.0681272376531594 0.214465435911681 0.152540169069597
0.0265900027047805 0.0146528799820587 0.151803762714474 -0.00949023738141607
-0.00267774731217469 -0.0245833336275767 0.0714744336989029 -0.0206933146202128
-0.0167941263979994 -0.0107516812633706 0.0447497768100374 0.0106708007115552
-0.00217682214470987 0.00713702244732344 0.0180455676638384 0.00868499657929136
0.0147345739170436 0.0242825598222403 0.00506830070129284 0.0032086279052258
0.0137602013268967 0.0589350257272825 0.000128939943973352 0.0489525965931949
-0.0327816904769012 0.108936946516655 -0.0927028887140555 0.120726898588241
-0.161846318657458 0.0351467552800393 -0.307097163349911 0.0122026620235418
-0.0634110237522408 -0.183844846117907 -0.313500603530697 -0.297831256146919
0.176644641200707 -0.112579831555509 0.0108834155190299 -0.46918772828637
0.219228750979612 0.0956481076991135 0.0508028251468283 -0.108339884228555
0.114898147318552 0.027239218106498 0.0102484401948656 0.0226685527407024
0.000174305853057384 -0.0375227809206006 -0.0588240078763652 0.234410737646892
-0.0407064281708528 0.0188060918290998 0.082982691402793 0.282339267315727
0.0221034986456548 0.0442728086729051 0.205905514212494 0.147817172049842
0.0396386387621448 -0.0280662809000921 0.169157869021645 -0.0220983050468145
-0.00566305735502891 -0.0503706778323656 0.0781776217226871 -0.0410826618797688
-0.0216628572904611 -0.0253929988050273 0.032577381263733 0.00222777693631602
-0.0108359085809819 0.00334424065449671 0.00787760418966255 0.016716988739798
-0.00152423243316377 0.0357615846141196 0.0120950251891675 0.0243568227102916
-0.026893627341825 0.0668117538921691 0.00262673080783974 0.0942715051726642
-0.0919912549174045 0.0679962117826733 -0.134658705096058 0.171930349699096
-0.16708953920296 -0.0808283699489065 -0.392618370342389 -0.016649837281812
0.0408059346355896 -0.240006320385291 -0.326521415878758 -0.422881256045976
0.257786608990403 -0.0698325890496866 0.0891506731624665 -0.543254654198138
0.227846301852286 0.116001660674124 0.0408336355434462 -0.154752871017843
0.102160776943095 0.0105570586276195 0.0306037666233808 -0.0174768311624481
0.0120177932293808 -0.0263961321770074 -0.030243313654721 0.173667029943087
-0.0103915555500381 0.00422564622560779 0.078463690855347 0.25181236866369
0.0250699376303721 0.0030303272423231 0.220464205901023 0.137023830310543
0.0267567318087855 -0.0433340535991001 0.188115267540699 -0.0477299472120944
-0.0107434244747706 -0.047856019777946 0.0780796130414013 -0.0679323419636948
-0.0214727186942637 -0.0250082722071828 0.0166086598349663 -0.00820448002525553
-0.0178574768062756 -0.00119130992633924 -0.00240320959048726 0.020920019656153
-0.0199199313522191 0.0259596321111004 0.00958333879249296 0.0460126246030642
-0.0534554071914343 0.0334102908896938 -0.0229307930369849 0.135051188617389
-0.0951855177555562 -0.00699281308141078 -0.206658651458218 0.186710394547663
-0.0795530988759696 -0.150340255586091 -0.451822360221329 -0.101406605876303
0.136181467761468 -0.180437356171201 -0.268400775365762 -0.548270201554112
0.241466591835096 0.0172234166611524 0.196922791992378 -0.571366314554561
0.168608220079311 0.104639866206963 0.0308971842352105 -0.188763135315327
-0.0355735960596941 -0.0154761800690505 -0.00256680645372691 0.123270713784587
-0.0738500924648556 -0.0182910430660828 -0.348449109145911 0.474539289826953
-0.0931464494198602 0.0400995355467066 0.123709439973591 0.696927463552805
-0.0272882603148486 0.10387390390223 0.50844915335993 0.260992774761134
0.046675591608725 0.0603455508460725 0.310934453073174 -0.183714319312543
0.0524150290061284 0.0161548685787217 0.0530499199900045 -0.179980431003004
0.0372133490840706 -0.0104413474543988 -0.00763167169583871 -0.0604679952265378
0.0165201806892663 -0.0036537182169105 0.0106657011410103 -0.028008098901117
0.013381522077864 0.0010499443019655 -0.0119568694338837 -0.00357207139669346
0.0181145232735174 0.021918665834728 -0.0781329294689412 0.0521840829013624
0.00456056039335566 0.0329732099374959 -0.186210204621312 0.0506962121916083
0.00984383883137061 0.0182713772059848 -0.235730003148564 -0.10511337871087
0.00964643779437424 0.0277255362247208 -0.109549063689743 -0.225937126566023
-0.03267679881908 0.0509903457569003 0.0225956974178993 -0.183897662818696
-0.0820335101091985 0.00262833053913547 -0.03223834006822 0.0461691437809837
0.0725969600137865 0.0382941724832968 -0.00318551661166279 0.137874442656638
0.0575026145056429 -0.0615844567578623 -0.37162616661118 0.457032585512889
-0.0647142680654411 -0.0733425817589822 0.0726524250256735 0.695514283735068
-0.115150460471751 0.0526869312649545 0.458786386724683 0.297611633461205
-0.0147973073530161 0.0975304278065856 0.306930645592253 -0.129241187492313
0.0330497736464641 0.0617185948980174 0.0742089922049556 -0.150227974559819
0.0367177342953278 0.0209069081730014 0.0136449994776117 -0.049855441628742
0.0209673737970321 0.00506536848830241 0.0212364681530004 -0.0268221039176061
0.0137071270696999 -0.0115737935667999 -0.00680998435400499 -0.00348263430400735
0.0285823619460959 -0.0101955195010729 -0.0740727202499031 0.0531532826507542
0.0430227380879423 0.0179265931744078 -0.184829503335501 0.0601027238338691
0.0494462062014512 0.0557655213826054 -0.24612878539331 -0.0892158158281738
-0.00372431441818918 0.0739412699953991 -0.13475304021292 -0.220161798543171
-0.0545424941720172 0.0630469784591982 0.0142425152294159 -0.197540794377999
-0.0592256502126088 0.0159571486133406 -0.00939855637806809 0.0488196439377733
0.154935507082464 0.0739655795941803 -0.0256560365251748 0.13228255464085
0.144634179210641 -0.098517535438775 -0.359540373093872 0.457059981681507
-0.0465139843221839 -0.14909583981059 0.0797142299186693 0.65101848026523
-0.16373822940246 0.0179950247586277 0.404708661114952 0.273535642694895
-0.0532017460105911 0.10989072728482 0.260119246661871 -0.0858931435040399
0.0121763261243151 0.0795767957954692 0.0762166820178709 -0.101114364991633
0.0259523145067483 0.0381244622904909 0.0335292072018023 -0.0256989929118429
0.0206723698856683 0.0108151917011018 0.028006406705532 -0.0217080361839694
0.0177236969965511 -0.0197191032949336 -0.00963148130645571 -0.00693546792485736
0.0419909871563516 -0.0280916811993041 -0.0687288763645148 0.0410067182587797
0.074137584819916 0.0196827496529768 -0.169053982807407 0.0557991181435546
0.0612695187163525 0.0957585735270048 -0.244544221210987 -0.074693668001724
-0.0327328026038719 0.0888892322661303 -0.162948431873884 -0.215325228783171
-0.0548517073973096 0.0448562774161151 0.00435615958547036 -0.237739082631325
-0.00695320803789083 0.0288657216699613 0.0216453327748336 0.0297692182651324
0.190456162647335 0.077861729340499 -0.0468119475521235 0.116318991218898
0.146801866645916 -0.128432292828119 -0.302518619296676 0.448556021655143
-0.0646640961380848 -0.157504554186515 0.10791820056654 0.557869392880356
-0.16100692455732 0.0304439187004587 0.336280115309637 0.217821933525312
-0.0470505377934869 0.101996897484004 0.198544715115881 -0.048365215223323
0.00118798196901494 0.0643307295084032 0.0687929105122113 -0.050436607950508
0.0114426518834361 0.0348043545179455 0.0472291184490316 -0.00178475810319701
0.0171958372578619 0.0119549576107324 0.0291434655548643 -0.0133445392460509
0.0240502824702019 -0.0153170872459516 -0.0122194737652812 -0.0106218629978556
0.0522881647285478 -0.016440475495405 -0.0540024095824219 0.0240521474991668
0.0797915758365249 0.0521838559526986 -0.137859016435692 0.0513190919827691
0.0179620346351895 0.13044501833807 -0.239336220872066 -0.0514331302484154
-0.0805183642577242 0.0459002808936262 -0.201426326241469 -0.214173884205873
-0.0175641473777643 -0.0144758521196062 -0.0091666492472208 -0.301462069081954
0.0751973760649594 0.0432304669181212 0.0462768985221028 -0.00854971597274565
0.181543336753588 0.0618889463476606 -0.0459038589028559 0.092691910184453
0.0886256235409303 -0.122654130323789 -0.210925601515367 0.401842356280203
-0.0872843158800841 -0.0988858470417123 0.117114070626062 0.442030711238462
-0.107282243179152 0.0641735639306796 0.262563794272316 0.173515381208822
-0.00979797060013762 0.0697462383129805 0.158334196241784 -0.0179002514080466
-0.00142432127059818 0.0238435986408952 0.0676205903124625 -0.0192777952249871
-0.0035923863979252 0.0153897604871612 0.0523583591841549 0.0110055587030011
0.0110352388621214 0.010869478101478 0.0259698746517442 -0.00270744936362565
0.026791411474454 0.00273396768092364 -0.00736588760288071 -0.00949122734887922
0.0470335501811425 0.0232794352830637 -0.0270724185898916 0.0204632113953659
0.04260806688675 0.0997684376552818 -0.1021391498344 0.0688627522197593
-0.0784093435021671 0.124884379537484 -0.252896459661716 -0.0144385443922567
-0.113227117594477 -0.0621323370099505 -0.258387525711602 -0.23284568195259
0.066823835799709 -0.0898428812024753 -0.0155122452737232 -0.384993392673531
0.166910693791353 0.0642064431940034 0.0573501127358432 -0.0565556553843236
0.15196355133941 0.0411923709350679 -0.0227884017103016 0.0615234545537803
0.0267887971465082 -0.0836984148694816 -0.12287335599472 0.321832321334596
-0.0789772456838387 -0.0215612408352786 0.0986957701868216 0.346282444613968
-0.0306337478024621 0.0754246426918062 0.213691807250383 0.158072216257187
0.027845872331034 0.0189590293117578 0.153047384922277 -0.00450839948065241
-0.00290418871622316 -0.0221339288976998 0.0752793045160704 -0.0174986734175436
-0.0148901727936797 -0.00875927773857688 0.0489428782402081 0.0105977146224013
0.00157600656344455 0.0084777167614503 0.0197011856933777 0.00847667067690097
0.0199321796071174 0.0256328605466792 0.00455832238933413 0.0019239074834422
0.0174797862769599 0.0647584345424007 0.000106391542954967 0.0453478240910813
-0.0305000847715328 0.118214265210996 -0.0929986002548778 0.119643589935648
-0.171012111660951 0.0453308914726041 -0.311463474638501 0.0133567978886667
-0.0764565432089775 -0.191472629658147 -0.320388006015822 -0.303682374171935
0.182488151388516 -0.125849438550258 0.0113445574471537 -0.480988139404768
0.234255148507033 0.0921648165977442 0.0530794560433944 -0.108219300080115
0.124589718331256 0.0220409498814996 0.00688610409686191 0.0194265304903513
0.00205428502049531 -0.0443964931965432 -0.0655797389688593 0.235588520111631
-0.0453623115925421 0.018201500164034 0.0778294759975231 0.289176180410728
0.0200008758469324 0.0487746430303117 0.205180783943497 0.155873870917768
0.0404081160186194 -0.0270934483017368 0.172947136158792 -0.0170929955512253
-0.00635459639219487 -0.0495238122177809 0.0824131322518481 -0.0387260335898252
-0.0204165149212632 -0.0235059924597519 0.0371205065453335 0.00247253939295242
-0.00814080464536325 0.00474429861811466 0.011508332982463 0.0175355567773491
0.00265836769880525 0.0375751762905149 0.0139610319813719 0.0239845011954222
-0.0241198654709335 0.0739027620812944 0.00552872182060205 0.0933800904992054
-0.0937257336773491 0.0764806308385773 -0.13351245772733 0.174711210764709
-0.179950379422543 -0.0751609014212831 -0.399741281655938 -0.0117882914806589
0.0326330210242815 -0.252871527624022 -0.337559731048678 -0.430214170596614
0.268172954381654 -0.0822674294006377 0.0894450618912481 -0.559713477739647
0.241926758166918 0.11308462138504 0.0403862062341069 -0.155740841409523
0.108907198141036 0.00566558012903869 0.0247415143028666 -0.0217908766731114
0.0136951077008794 -0.0309064644767453 -0.0372845413868311 0.174119378268846
-0.0126163333966603 0.00422587559687183 0.0740861379495314 0.259961923742964
0.0236662159460952 0.00472323675739531 0.221495287788077 0.145673178684676
0.0264227106130614 -0.0444388873275919 0.192691888160082 -0.0438119717984847
-0.0110828576746292 -0.0473390607686133 0.0824574761577343 -0.0661295470486989
-0.0212865284708994 -0.0238789041265941 0.0210840566040292 -0.00695996219201904
-0.0166666091611173 0.000495498977864107 0.00182091965535587 0.0216187324978301
-0.0179061851252769 0.0285282287653546 0.0132049358356052 0.0462860632216055
-0.0526776669905329 0.0390856181574368 -0.0186641515083547 0.137407703283697
-0.0992986872302559 -0.00262290692675628 -0.207696849793457 0.193778956505001
-0.0896597600714712 -0.152175568833076 -0.463453368419006 -0.0974690889595855
0.134537088144102 -0.191920155740357 -0.283390066959638 -0.56033405815412
0.252821731857407 0.0105909776308133 0.199511993552179 -0.590434487391949
0.177448888106632 0.103678067412952 0.0287303281734511 -0.18968459817463
-0.0381813389054538 -0.0149211350259213 0.00541398078934611 0.119060605837021
-0.07703442901641 -0.0145502570310018 -0.342112572855302 0.496962884619281
-0.0928312318088643 0.0463826192096538 0.154609340237558 0.711854603825564
-0.0214340192624559 0.10880655471951 0.530094536271534 0.245561018221639
0.0523222387376344 0.0588611439555312 0.305191322347211 -0.20134762860859
0.0541102693448829 0.0131124296267634 0.0423009660267649 -0.185943566260672
0.0361894057492443 -0.0137818961478892 -0.0134405759795892 -0.0617258694704683
0.0155502352948835 -0.00419377638131597 0.00541362369309891 -0.0311214305487893
0.012727130260022 0.000990620889003933 -0.0180275830940789 -0.00529491962463688
0.0193685953021542 0.0216545508500255 -0.0825845351906085 0.0531806709285437
0.00685568844492363 0.0330633610422409 -0.190560995935692 0.0547327918889468
0.0121614875112283 0.0178034549337596 -0.243166156838147 -0.105012455422997
0.0120347057762821 0.0298963900694403 -0.113871058704525 -0.232905503481691
-0.0316682288108765 0.0566516293615687 0.0260111082316479 -0.19002003615531
-0.0874946220537677 0.00731542974833487 -0.0213708011394696 0.050744160991342
0.0787920894352509 0.0346578095161227 0.00616797406951221 0.13440545286106
0.0575333815878834 -0.0679037623452145 -0.366988051140718 0.475457906066774
-0.0712447985479583 -0.0744720658604233 0.100980480936531 0.709485099808341
-0.117486405462911 0.0618579460381855 0.481232447624168 0.284660045165476
-0.00976428816386474 0.101973864862302 0.304066443941688 -0.146757652267229
0.0380879399777374 0.0626794318076138 0.0661524126173439 -0.157679633570225
0.0393873772460627 0.0194900550096009 0.0093776863274497 -0.0523827972046018
0.0221977522130059 0.00457867088463746 0.0154668825258829 -0.0301938124526532
0.0134178453135581 -0.0123700991507992 -0.0136652268435285 -0.00511801283355861
0.0284198162042525 -0.0120514580018014 -0.0788236407851149 0.054179446316433
0.0461451937598071 0.0161822240153617 -0.189293808339983 0.0646185809722499
0.0541990906766841 0.0564201628181087 -0.254183479478251 -0.0883269243428897
-0.00129795842088054 0.0774614522992752 -0.139384938874587 -0.226316593244695
-0.0530851995520643 0.0672334203596996 0.0173661412914127 -0.204023162429038
-0.0599824915464595 0.0177761194791306 0.00258327101329048 0.0518774003304131
0.167345126091601 0.0664407669004867 -0.016524535512089 0.129552283143382
0.14631221392351 -0.112514964305235 -0.353660682281954 0.475680684823186
-0.0583180884058306 -0.155153536781714 0.104218472976253 0.662541014032741
-0.171162448402685 0.0293634423369336 0.420972066555071 0.261801958733883
-0.0486698084147648 0.118976093690512 0.257133051576565 -0.0980451737569975
0.0178714965173637 0.0839434291241966 0.07159923607547 -0.105577246837823
0.0310009278328037 0.0389198363521926 0.0324551306046703 -0.0291299150621654
0.0239869498157465 0.0100618422546313 0.0236480747601833 -0.0254410637606703
0.0180467297648205 -0.0203736846861653 -0.0156589308087783 -0.00800438728555978
0.0418876368419581 -0.0302243988735525 -0.0742919884413557 0.0409144739750937
0.078231076778793 0.0176264657196017 -0.173977477108212 0.0589751568079367
0.0686438063727191 0.0983207994073167 -0.252931586254412 -0.0737790458268223
-0.0326318280961623 0.0942303683533089 -0.169183110257567 -0.22031863535054
-0.0540357737502099 0.0460751782003071 0.00404947733762531 -0.244415207503012
-0.0024915959945358 0.0266865300565315 0.0330490909072019 0.0309933032884175
0.206374380515254 0.0674543935178337 -0.0398016198592271 0.114599687900649
0.147823225862377 -0.145560979830169 -0.296939053602533 0.465795933206973
-0.0787314123984024 -0.164203138166576 0.129273654875706 0.566078191874474
-0.169438100295931 0.0430247204076338 0.347044240250625 0.207850415169234
-0.0422705021751583 0.111756444290804 0.197034447646866 -0.0552733106660256
0.00653549020260967 0.0696939294101706 0.0672503325986969 -0.0518645774478672
0.0164851187424851 0.0370015916642808 0.0485381424440568 -0.00492935153444942
0.0218128125823945 0.0118285429773734 0.0267194715120544 -0.0165730077120423
0.0262182485126654 -0.0173009299963718 -0.0176191690962264 -0.0115571317886585
0.0546445599050206 -0.0174892939380658 -0.0595312556628629 0.0230784457336854
0.0864117651039677 0.0526165358071431 -0.142157658133838 0.0528703912234904
0.0247634982931021 0.138883211606955 -0.245678704705281 -0.0505314455649
-0.0857355176996878 0.0518069184498683 -0.208388802216179 -0.216660421792793
-0.0186859873188136 -0.0188305306823609 -0.0140403645235723 -0.309326046402753
0.0845448641311784 0.0364615455285476 0.054809484067217 -0.00845017754437436
0.196177629169995 0.0511558152691317 -0.0419145886081294 0.0920179711277839
0.0876510302754099 -0.138230966316984 -0.205638825897809 0.41429998940779
-0.100193827191681 -0.103066399598214 0.132181102106011 0.4466114122181
-0.111628555852515 0.0760600384353897 0.268356087516949 0.16829937530279
-0.00551449757717817 0.077526581717503 0.157156083760848 -0.0193065548091309
0.0016084512850631 0.0286602509369616 0.0692386120045709 -0.0193587822842493
0.000384051948661144 0.0179605778482318 0.0558694421526955 0.00845408432378568
0.0156147771816698 0.0113357317535754 0.0260522789116694 -0.00482370988073025
0.0312757846848039 0.00179201658711004 -0.0106379407849912 -0.0108241039912486
0.052222465225795 0.0246584388527641 -0.0309216543849276 0.0174451460946218
0.0511074458301211 0.104324527498893 -0.103581592169202 0.0690161810696916
-0.0763534023886801 0.13950680566592 -0.257596615147763 -0.0107064166871999
-0.127140994720091 -0.0589022174695413 -0.268343558970677 -0.231928158477928
0.0652685165301451 -0.102365863037006 -0.0257168882232995 -0.39401478210039
0.181201094198445 0.0533028441987297 0.0609841038693154 -0.0575420623344426
0.164782662036334 0.0303097051092389 -0.0220471474603309 0.0591980994994678
0.0255773934422949 -0.0948842764959626 -0.119530204544931 0.327123959387858
-0.0876073187194334 -0.0216027193315665 0.106286517421689 0.349809676664992
-0.0315006076310583 0.0839289774138557 0.217732870397514 0.157628992623281
0.0296312911533656 0.0223676278123111 0.154289762908167 -0.00354084528071344
-0.00268674999038915 -0.0198693861042081 0.0782196263356997 -0.0168687194949995
-0.0130152812638999 -0.00616755798742166 0.0535362072067396 0.00907964300251741
0.00575708579132897 0.00915643279176842 0.0218129673020019 0.0073210325377717
0.0254889070049996 0.0257101293083117 0.00298254475028063 -0.000112830458267467
0.0250504034414845 0.0696566406205044 0.000461618200946409 0.041539190816909
-0.0239867110814943 0.127500092824039 -0.0892430171471962 0.121314413644543
-0.17766335796701 0.0629235922743696 -0.314576549628051 0.0226325482296953
-0.0963083194826676 -0.195787314446508 -0.336311659090106 -0.298690038696874
0.183912823568487 -0.14452928993739 -0.00399513849043549 -0.494037243852932
0.251929891551429 0.0794608625015119 0.0526574469219421 -0.109266041144031
0.134021632047917 0.0122192259620002 0.00372725854089489 0.0158521345809482
0.00160672302460532 -0.0517862622073855 -0.0649795501528912 0.238489674601939
-0.0493443808963364 0.0191780782655072 0.0837901752792483 0.294194748690289
0.0204688823758406 0.0534626614984973 0.210327697139754 0.157866011351869
0.0397981443076293 -0.0269018673194671 0.175865621935232 -0.0173147580482722
-0.00831742368434186 -0.0482533570412693 0.0861426478654874 -0.0391856813262569
-0.0200657737125113 -0.0216822773068984 0.0416548225711229 0.00143720045179951
-0.00507115915692247 0.00638071666683687 0.0151822917745503 0.0167714393492728
0.00820424201197329 0.0396034959552794 0.0161377782400581 0.0220300054126013
-0.018204339258088 0.0811475476791534 0.010275154510732 0.0923170931422412
-0.092424432488757 0.0876790651875795 -0.126955561405597 0.182198862511538
-0.194468973538486 -0.0629040863393065 -0.406045417957994 0.00331588527841952
0.013924218397758 -0.265368628851179 -0.361944340442531 -0.426756656387921
0.274444736106697 -0.102920623757839 0.0726084764400664 -0.577105524685944
0.258252921589753 0.102716442866911 0.035240737873992 -0.156770514498071
0.114838950589632 -0.00344057634800341 0.0175299003717072 -0.0267452314679649
0.0139856085790041 -0.0369366653282405 -0.0407509240363469 0.175997973331804
-0.0146668174816073 0.00435005737513505 0.076851328126483 0.266355117917105
0.022859693932776 0.00662921455160633 0.226586525930221 0.148313155537796
0.0247841073459446 -0.0463081222603105 0.196622388952226 -0.0449524334239987
-0.0130205861302967 -0.046838549186817 0.084798974033501 -0.0672418177018807
-0.0215463770732621 -0.0215790885769783 0.0258940976193595 -0.00695938259150767
-0.0155314606419719 0.00230672525928885 0.00701316544612554 0.022200618786682
-0.0145041277091069 0.0307117948377402 0.0175651668696318 0.0459049280988197
-0.050936870888429 0.0461127084416681 -0.0104947680917856 0.138934839135976
-0.103023173701413 0.00523215659051283 -0.201142481674294 0.206764976607161
-0.104205452295346 -0.149248507850407 -0.475862145385915 -0.0810968229583304
0.126246483044377 -0.207160355883874 -0.311369404436336 -0.561906068947732
0.263935117322964 -0.00399279098900217 0.18372394190673 -0.613289620669079
0.188918845501729 0.0966934544624322 0.0208170389653439 -0.191037229068906
-0.0279157304492296 -0.0320174256062022 -0.043007942522353 0.106268447376362
-0.0560449326771129 -0.0487526670320415 -0.534744436999703 0.294065480858897
-0.0989903882713935 -0.00697110061420321 -0.177743295930258 0.713903681096468
-0.0670771829899605 0.0827430436628067 0.375730835000589 0.455044395280353
0.0178603673740621 0.0725235513262086 0.364093913779781 -0.0518740263123211
0.0425004506146282 0.0338229588117289 0.117696923870183 -0.151989324667494
0.0378479377989891 0.00235305135909006 0.0126829056416645 -0.062997979151435
0.0153392878939653 0.00285343496749126 0.014195225792606 -0.0286174231226183
0.00930752264245342 0.00546621401411347 -0.0183263063690198 -0.0165576374189265
0.00853222783048679 0.0276846109019827 -0.100444504036155 0.00727527552430177
-0.00773269538653487 0.033454498377507 -0.195473756957539 -0.0383428890363133
0.000616038721320034 0.0208921378844097 -0.165650327072687 -0.207694799522871
-0.00412132808094836 0.0317872267559547 0.0125567833962968 -0.262222734613301
-0.0542950247687069 0.0365539845690805 0.119657665024467 -0.157715374990579
-0.0857440321751769 -0.0319018225726994 -0.0347473303063192 0.0407276190058054
0.0600448881400874 0.0651761723443619 -0.0464600095730489 0.118089606794051
0.092894384135196 -0.0401891020690249 -0.550954938236293 0.263841818912342
-0.0265725462441086 -0.110981510778156 -0.228808066090256 0.687030615648147
-0.136184092121745 -0.00110149927974257 0.311128479643843 0.470849381080067
-0.0572756142537759 0.0868873166420542 0.338939365012724 0.000261120333888434
0.00715705364019405 0.073933555799119 0.128066740389816 -0.113881713683796
0.0280546651852848 0.0348598510062506 0.0304544618971988 -0.044588258580435
0.0185144865446734 0.0142207852519636 0.0236297105962463 -0.023768242432537
0.0167339648012083 -0.00549450051027764 -0.0147843363242431 -0.0142335201252681
0.0308042180258208 0.00184031504662862 -0.0968678440904849 0.00950469213773712
0.0344919963668258 0.0357944767897844 -0.198378223352261 -0.0279429679024586
0.020776421893587 0.0756826692713809 -0.184056524477645 -0.19671365890039
-0.0381006745624607 0.0676803670343278 -0.0155678701540353 -0.269978304063883
-0.0773170079934048 0.0348858961052171 0.119145826780724 -0.176215388726972
-0.0614553265391716 -0.0114629996064942 -0.0140254278520436 0.0534712996953703
0.130010080477807 0.13428185238345 -0.0644739792880538 0.101159632905111
0.196179214675815 -0.0451339532233373 -0.543279255285894 0.266246332992706
0.0193474523046156 -0.181528513691291 -0.207292298348631 0.646209886900365
-0.1734076456424 -0.0518992521136281 0.265938120214377 0.426741887161022
-0.100129947497341 0.0872408882573689 0.276443444562825 0.0271231732543258
-0.0198157277130956 0.0865041410008979 0.110478093193626 -0.0640141880338998
0.013199555511474 0.0507632184896647 0.0420848600398401 -0.0126912757795438
0.01965316416035 0.0202396794058591 0.0289371076978724 -0.0164029461977615
0.0266877553728057 -0.0108444486120962 -0.0155210259469495 -0.0176067791241167
0.0513804689311652 -0.00864460060791277 -0.0871669201054279 -1.59107651809405E-05
0.063846388141086 0.051813190114676 -0.182283371142718 -0.0262436721906528
0.014971026856503 0.121121455703336 -0.190860768009022 -0.181733129176384
-0.0765524460031084 0.0688297177886761 -0.0460159694669175 -0.278435365800177
-0.0677790361620827 0.013011153633147 0.125605527958624 -0.219122006022008
-0.0095916101974829 0.0206020472654626 0.0222145918964544 0.0489969888349001
0.166430897609982 0.152244420118692 -0.0804678826857216 0.0763463869472109
0.211936463799164 -0.0767314999924299 -0.484248256598855 0.284577265641645
0.00217858343428871 -0.199664819478648 -0.142534765636149 0.568150317466971
-0.178612790936277 -0.0373846468870649 0.219227736275453 0.344035547423581
-0.0908339398204426 0.0855245777806055 0.201710119317611 0.0409003752197294
-0.024286806086109 0.0691657084214558 0.0838771659275488 -0.0152291569409136
0.00139433283753704 0.0436487623906265 0.0468979627017061 0.0161651925148903
0.0177031854779361 0.0216730706027769 0.0294196613221826 -0.00608089304977326
0.0331377130294166 -0.00388220255166265 -0.0150989026266879 -0.0207092646559972
0.0581877718507512 0.00958305380643886 -0.0657622945457404 -0.00976125854770127
0.0568571131669729 0.0884971202500119 -0.150817658870259 -0.017693723187828
-0.0432145322345839 0.141184483202812 -0.196708673590581 -0.157037214055846
-0.108867328386969 0.00555021012234013 -0.0834958630721277 -0.293831118233664
-0.00676485889875616 -0.0341647627032967 0.138382525290129 -0.284556615688433
0.0679762748319145 0.0675161303651357 0.0579216014371131 0.0244847202360531
0.166165529016559 0.132453498798669 -0.0739466962446398 0.0540602076323126
0.152415084251277 -0.0980977190051174 -0.376969001259923 0.278521217423307
-0.0469196069891725 -0.151405821618458 -0.0869470532597625 0.460711426751495
-0.140132245749936 0.0193997815711302 0.163821424671036 0.272528139191367
-0.0416931411026818 0.0706222889000284 0.14812744193881 0.0558900623011114
-0.0114370607509555 0.0294782856172011 0.0707870100176021 0.017271167937831
-0.00496186194866636 0.0194162387451776 0.0480631133079341 0.0323496304418735
0.0134224348957477 0.0187984681044751 0.0253993187692965 0.00431376853962738
0.03067369489785 0.0156216426211047 -0.00780328249266769 -0.0166972033342874
0.0392371346972574 0.048133963135626 -0.0369219035496579 -0.00246306834703614
0.00236945913153049 0.122313400418112 -0.124024365021861 0.0135158411401797
-0.136306895222172 0.0998974689021058 -0.225873948511009 -0.127809974999376
-0.0985458909804225 -0.114893365701261 -0.130402636440291 -0.335639587065688
0.106879312645939 -0.0761526593542822 0.165887054481861 -0.364617822205299
0.149387833184319 0.124468638654653 0.0837315242723674 -0.0159734412343197
0.145676589588024 0.0989571771571096 -0.0447019445695556 0.034316832635504
0.0735329300096264 -0.0850055340794684 -0.259527015166959 0.238466941309927
-0.0711585414989699 -0.0683573477739622 -0.0663079094688369 0.361101517155123
-0.0693440577668493 0.0621006576251623 0.121303701535409 0.241833703648095
0.0147435699684343 0.0347393861401914 0.13832680454828 0.06869887804409
0.00563615664322727 -0.016493265565552 0.0785004656243312 0.0243432153824707
-0.00654596084932985 -0.00822722232009018 0.0462757813818392 0.0326575158927278
0.00444567106193111 0.0131031411783598 0.0176174563796835 0.0155100116770886
0.0163793500266408 0.0358154446515811 0.00190510226973412 -0.000617358001865787
-0.00447382596489174 0.0791512672267906 -0.0180233240360888 0.0329263515910853
-0.0772380810560275 0.112578270912444 -0.134075520506787 0.0668588583467776
-0.197148377461134 -0.0122924622453981 -0.292567005851901 -0.124962782515291
-0.0109030808755788 -0.228896191054854 -0.159415777657133 -0.425559569408817
0.233896388091575 -0.0648731603558051 0.229612010211643 -0.442882321847866
0.201933808385484 0.180184448550764 0.0973871046037268 -0.0670139768922009
0.122964144955926 0.0686774083964301 -0.00548721242427855 0.00685235117726927
0.0302104432458955 -0.0539740664094282 -0.171437820340748 0.179717341614502
-0.0538104901780337 -0.0112197885241383 -0.0642673438263612 0.299623162371812
-0.00719710103956161 0.0567402937864076 0.113351833161176 0.238904269837486
0.045895221926821 -0.00707902433743683 0.161884872079736 0.0660414437884988
0.0128795995126805 -0.0460311504411417 0.0948412052975736 0.00856344931647732
-0.00730262106551097 -0.0253781162906602 0.0396537144458105 0.0224976040951164
-0.00470396282132277 0.00515234567612134 0.00962990138191778 0.0219882370585141
-0.00616935556170977 0.0416956048752869 0.00598764510119105 0.0250824905335967
-0.0495022185257088 0.0720296339203968 -0.0292031806243282 0.0826303473565
-0.124127734865157 0.0469018239875738 -0.192840594881642 0.104988580628527
-0.159754886881863 -0.134385715112921 -0.365692187124044 -0.183117889887033
0.121841172713365 -0.244833500046931 -0.125058724850968 -0.549925716657889
0.299936415594598 0.0137057534220133 0.334669625349788 -0.48153805268479
0.196040069508606 0.204525443926342 0.102039303591399 -0.118032369519218
0.10902598288843 0.0457107351438372 0.0218817508336531 -0.0251167971003562
0.0327122281175228 -0.0318673816777734 -0.123756750941078 0.134337671670304
-0.0145891899133116 -0.00749267839082642 -0.05948713842884 0.273490686598063
0.015221057795756 0.0143965751086015 0.132531236802614 0.239482514230263
0.0406619973083175 -0.0321343267044463 0.193446750917811 0.0509870009330846
0.0085616201623328 -0.0471209965893026 0.107263924149189 -0.0168283011876998
-0.00852111724856862 -0.0271972226914204 0.0295140991877818 0.00844684387634633
-0.0139442430131481 -0.00298061945036463 -0.000134354351349655 0.024599336323358
-0.0244200666254328 0.0241343009796946 -0.00163196162601196 0.0476440984664772
-0.0651670556924215 0.0257123958178739 -0.0665092598160146 0.118336257086045
-0.0987555934544325 -0.0352781152751147 -0.268038061179764 0.0954724940866036
-0.0418517398626009 -0.176115782587204 -0.388441110210622 -0.287180331022422
0.200799994110715 -0.141837897756772 -0.0200534419275139 -0.646070923504278
0.248032486980706 0.100092775887387 0.451965757221594 -0.465286849471863
0.132101045862149 0.169187057484047 0.104109801295485 -0.156377781318315
-0.0302387610180066 -0.0300077463407922 -0.0326679302357018 0.100176574228192
-0.0591479360053478 -0.0442192846684572 -0.514272477629792 0.308853923853139
-0.0978947479179487 -0.00143878708185851 -0.139045887489806 0.709667237005012
-0.0600648131113223 0.0859800960587441 0.390847106873584 0.42586710343001
0.0230715446964773 0.0687292513238455 0.350054605062873 -0.0704296499197007
0.0438456891776778 0.0291931496693574 0.103025260690917 -0.155408776593974
0.0364153339995272 -0.00127318788894205 0.00602526262945549 -0.0627989206034326
0.0135757454008505 0.00160140038949453 0.00946488501730227 -0.0308693851559174
0.00740638016897522 0.00497401903482846 -0.023540805148737 -0.0185920677925747
0.00930620609780753 0.0260095451397322 -0.101645912433932 0.00744350385560955
-0.00511530777806556 0.0332257011315603 -0.193861860677263 -0.0328961417685173
0.00296905756733068 0.0208618636814985 -0.168573419561086 -0.201698167965145
-0.00202043209887748 0.0332945147468482 0.00910603130728059 -0.260647695317775
-0.0529641549408784 0.0408125248178692 0.119622400336558 -0.157435729182136
-0.0897719537936555 -0.0267966789268201 -0.0236185744697367 0.0468487316313483
0.0645852632029519 0.0606695553536572 -0.0343543257177687 0.112000148151068
0.0905482737484851 -0.0462539173436614 -0.531484900760584 0.278032190282768
-0.0332344975022646 -0.109999441860589 -0.191143177623592 0.687251897303451
-0.135678268194249 0.00876865600806178 0.329210359330337 0.445330255111578
-0.0510294331411922 0.090128597654503 0.328962001932563 -0.0190047117812789
0.0117567519239101 0.0729628599039591 0.115923943579354 -0.119304034433311
0.0301462867306257 0.0326448472460149 0.025162808771749 -0.046200712837767
0.0200883256923104 0.0126208362240257 0.0180647541745725 -0.026865631228883
0.0155047294823867 -0.00629501669344093 -0.0202162791109371 -0.016518405818825
0.0300329374333003 0.000367267086990833 -0.0989298064836026 0.00999353748684287
0.0363051023222181 0.0333361774876324 -0.197401253181909 -0.0223804505130784
0.0256207860355489 0.0740346081123383 -0.187461379684286 -0.191041852602848
-0.0358134081341149 0.0704403266250359 -0.0200485602406528 -0.267072227748047
-0.0737178441387426 0.0382042846765825 0.11779635815647 -0.176847186391694
-0.0615641453190978 -0.00887149294976886 -0.00193216558396818 0.0578430661476896
0.140089646834993 0.124152335561732 -0.0528879971259446 0.096898858239316
0.194117173853737 -0.0593593540992439 -0.523482723775054 0.280261544308416
0.00647996971271718 -0.185209172667281 -0.1734600332816 0.644273258964174
-0.177290614359855 -0.0395263992181871 0.278372264342169 0.402988263069059
-0.0933191217696137 0.0951477699241239 0.267658453916439 0.0117616038297483
-0.0137284101227383 0.0885913537257556 0.101679463190951 -0.0682772518411077
0.0179737313192417 0.0504025162216342 0.0392946847991146 -0.0164292186622346
0.0224478643366195 0.0195820268486552 0.0243919399336522 -0.0197109895804023
0.0261638540963867 -0.0117967848096389 -0.0215674588231799 -0.0193113891333449
0.0502392939524078 -0.0110797927145392 -0.0899138148272198 0.000389122503773814
0.0666620426470295 0.0488166138856787 -0.182351554825285 -0.0211645601470734
0.0212100831076823 0.121542543691117 -0.194325644397274 -0.1756179467246
-0.0738480785456025 0.0722762485571832 -0.050619004145268 -0.275543935524996
-0.0654321222553772 0.0132064370670446 0.121979383156126 -0.219302561430052
-0.00556890624110282 0.0188119166908066 0.0322672269827993 0.0514580084368584
0.178884587520619 0.139392666515575 -0.0707347069738375 0.0732498223862945
0.207997083445872 -0.0935402467409264 -0.463924651679767 0.294061607518637
-0.0126619132193956 -0.203292539223856 -0.114660297550342 0.562258617740281
-0.183461187091886 -0.0244584542811934 0.227532606517327 0.324972908925546
-0.0850318910714867 0.0939338962548538 0.194119385461 0.0318299945188711
-0.0194052039655211 0.0728815090841041 0.0797118584530204 -0.0167995056988497
0.00645512473579031 0.0451493401214333 0.0469360734426911 0.0127103647576879
0.0218964585162581 0.0210657868687053 0.026927859894092 -0.0098603044384153
0.0344908376588109 -0.00547723742327351 -0.0198502509430881 -0.0224813452575115
0.0587673563931506 0.00743784543866308 -0.0691542911050792 -0.0108101899532758
0.0625204777150751 0.0865235908490686 -0.150635618118502 -0.0151694286038017
-0.0355734429925799 0.146098328092358 -0.198699340841809 -0.150929064661152
-0.111903777146123 0.0110558671737587 -0.0880816716598939 -0.287960615846577
-0.0069647495055802 -0.0385375220922845 0.129435810962905 -0.28491662651764
0.076669174793343 0.0600251493176249 0.0641898744677027 0.0255210848690752
0.178691784321629 0.119513971144972 -0.0671153939446318 0.0512007646135626
0.149186264185458 -0.111481338585474 -0.360128778113869 0.284972082402677
-0.0591185144265768 -0.152582003311746 -0.0673027211929038 0.454960782926457
-0.142366235985845 0.0304893716910224 0.167575416166722 0.25950139331496
-0.0378079803363691 0.0767577304401286 0.14351801489865 0.0518359230831518
-0.00907538850260184 0.03314750422976 0.0701374879128363 0.0171226777522967
-0.000590943226562694 0.0219620310094724 0.0503778433290811 0.0294016040317397
0.0176179234400034 0.0187291163218652 0.0244321123079527 0.00240459894312557
0.0342648509919206 0.0139877586294739 -0.0117764777573815 -0.017985598010735
0.0433726118007651 0.0484468137858937 -0.039108582305718 -0.00575022145243617
0.0104909352965395 0.1249912273825 -0.120801570498154 0.0141771056643214
-0.131561622123053 0.112738611529591 -0.22562451890898 -0.1192366910957
-0.111087126688128 -0.109994724213346 -0.13684125795459 -0.324697459740818
0.103244415857672 -0.0872831928630254 0.150545664145288 -0.365107008082925
0.161940750252493 0.112117055656349 0.0852146280203422 -0.0156596777513727
0.155727802391472 0.087353506787039 -0.0419221468014912 0.0305277552735169
0.0711940420331218 -0.0941299210646063 -0.247688890175407 0.238040218758155
-0.077967104262822 -0.067559112963947 -0.0544179864792531 0.354394354165879
-0.0685144118035973 0.0684619461724022 0.123225846788193 0.233732150023508
0.0159897433485608 0.0373494313994796 0.135287677064009 0.0666764950811234
0.0041424697383223 -0.0144121906223327 0.0793544318034064 0.0241489980000914
-0.00507320460377162 -0.00516645612812029 0.0489917734290473 0.03080439331863
0.00903081074213225 0.0136587846633099 0.01921849123025 0.0139015722622766
0.0214530225435287 0.0357062218381701 0.000457524246226819 -0.00249542571294598
0.00256417250288057 0.0826086957869809 -0.0163376521809764 0.0279638166108502
-0.0694422199297947 0.121048709150142 -0.125446070658574 0.0679608326338664
-0.200103209650062 0.00557699500542193 -0.290148068230565 -0.109696940287501
-0.030742043487066 -0.229024767614892 -0.172595465177984 -0.409502536673244
0.230888179249678 -0.0831212790331515 0.207383433059 -0.445050309191716
0.216072477158817 0.164648824058529 0.093183482707979 -0.0657144890903221
0.130363511085211 0.0586805110707628 -0.00739524805812767 0.00202478243869288
0.029067841435536 -0.059466363071404 -0.166765257793009 0.177556677275871
-0.0562893017753383 -0.0100827947763652 -0.0577732013404624 0.295964343153453
-0.00653804725133943 0.0590690767608118 0.115833777319073 0.233187895034881
0.0441320896005737 -0.00734163793468668 0.160045491430003 0.0631725653667458
0.0101725039604839 -0.0444939017093399 0.0956167412232882 0.0077004787445427
-0.006315959282594 -0.0229210744323076 0.0428599988108295 0.0210438094574865
-0.00184692962680993 0.00667882523256249 0.013167166475866 0.0217799493651735
0.000133668962496361 0.0422221500353676 0.00755388419519433 0.0226010916374063
-0.0426695733658355 0.0784046419540257 -0.0221609351571653 0.0790515316161052
-0.120793287314508 0.0580730832436624 -0.18046133605556 0.11113937809063
-0.171200075749903 -0.119100810359553 -0.365113759043483 -0.160852878041916
0.101413739086893 -0.253184700194814 -0.147203409769219 -0.531338323619486
0.30036270945459 -0.0086219862397093 0.308721763511085 -0.48933655596043
0.209643710644568 0.189814640413908 0.0930472618552784 -0.115807013460747
0.112051081199058 0.0369667765692518 0.0153253572561026 -0.0306898184312225
0.0322969684620854 -0.0364203966163678 -0.12230315522672 0.130513537243582
-0.0163649842654809 -0.00689296477143268 -0.0550002835375918 0.271753291462028
0.0148084544356883 0.0151203681174544 0.13504886408408 0.234546153826239
0.0374250594442928 -0.0340935917266797 0.191630070320808 0.0460329396221651
0.00586007626715361 -0.0464733535085296 0.106586260532093 -0.0175400940075535
-0.00926991746656947 -0.0246699459449737 0.0329926053565783 0.00871104887085717
-0.0123240132857356 -0.00111407739848784 0.00484312948075894 0.0250736876498936
-0.0206002104054579 0.0263556952733811 0.00252429772231664 0.0460551681116101
-0.0620896183392295 0.0321513932716423 -0.0563550040661937 0.11788400280621
-0.101430676116749 -0.0265776343366661 -0.254502202785018 0.108455899903423
-0.0558548637041176 -0.170445835266944 -0.394034733254426 -0.261682519601439
0.187847343333395 -0.154898344362199 -0.0504004145769074 -0.633076421126258
0.253295031007386 0.0827806741181262 0.425314891187269 -0.479143102769437
0.141245370927945 0.158862418913759 0.0920396988559111 -0.154416317678052
-0.0315984692249714 -0.0286338013742849 -0.0242160700375541 0.0926411394370372
-0.0606515049206073 -0.039136106204804 -0.495456820530937 0.312762237851656
-0.0952977517817699 0.00306497875448099 -0.114237705788962 0.697728339977631
-0.0526807673668622 0.0871949306360076 0.394422906787989 0.400354242338922
0.0259363101453937 0.0651466190118696 0.333539946933093 -0.0818439392510296
0.0436289244274567 0.0253784590768805 0.0900557608317822 -0.154933180450318
0.0339604717093165 -0.00396157791187808 0.00116273658929047 -0.0612843016441934
0.0119252042288158 0.00105491070563165 0.00425203976989098 -0.0315498956782478
0.0054775422465953 0.00482007920093155 -0.0289427015786451 -0.0196130236856481
0.00975621915099245 0.0246416831942229 -0.102762655823059 0.00736203346738275
-0.0034721712123697 0.0325717790917862 -0.190853176816577 -0.0301651531224765
0.00425050562589605 0.0196102736391366 -0.167832559123396 -0.196183804936376
-0.00111249762434672 0.0346307963743704 0.00912912916671601 -0.257141052281707
-0.051331243639976 0.0439124844073345 0.120112055454715 -0.156009734208973
-0.091987240556178 -0.0221426150626183 -0.0128183630140349 0.0513657988355858
0.0673294676719573 0.0557560115164785 -0.0245536636394674 0.104174445921825
0.0868809493059163 -0.0507600745566941 -0.514345715752941 0.283174484181787
-0.0386357852859657 -0.108394240489284 -0.164473745954275 0.677794752688829
-0.13289661897448 0.0151961524971841 0.335086432984184 0.420416366990716
-0.045579584605633 0.0916076130897239 0.314466377920462 -0.0305065314578053
0.0156847136756631 0.0709698102882024 0.104512707743708 -0.120218387698277
0.0315664832638418 0.0303923994766357 0.0206611303754749 -0.0464221546375385
0.0201056585603518 0.0116441182069945 0.0130183071538955 -0.0286049680598815
0.0143201439593354 -0.00705181091180959 -0.0257860061716968 -0.0173698916130178
0.0293939750666533 -0.00165453621538927 -0.100256891605269 0.00970725825435365
0.0372485504207917 0.0312419343443266 -0.194216568279168 -0.0195247749515404
0.0285595914365474 0.0723936500539568 -0.187374417901983 -0.185432653293722
-0.0329434291065473 0.0715256530939676 -0.0204290989395178 -0.263700424690505
-0.0709486001779406 0.0402035707560438 0.118232379517505 -0.174836152249016
-0.0607464577585871 -0.00713635817066532 0.00880553579184707 0.0608482720204104
0.145877880917131 0.114758236452708 -0.0433345128611577 0.0902913564166575
0.189266204080803 -0.0693246769617399 -0.505510455978089 0.284752297720677
-0.00409826425627732 -0.185659957698745 -0.15046299463765 0.632553977623807
-0.178561971710734 -0.0293708847269439 0.282773879845949 0.381791599537221
-0.0869522626122322 0.0999929592907035 0.255281484248932 0.00291055657206663
-0.0085762072974437 0.0885575871079996 0.0939364559060377 -0.0679197599254919
0.021609200417463 0.0490432005880913 0.0360818677171962 -0.0174491586929875
0.0244589896621198 0.0181899971696 0.0196420222800983 -0.0212791624168768
0.02527746435447 -0.01331567521322 -0.0264722007964579 -0.0196706518097338
0.0489191277111659 -0.0122222770738923 -0.0921075951120336 -0.0002186192513592
0.0678395655312871 0.0455171712049079 -0.17991293727528 -0.0189672959108497
0.0262717932078995 0.1204980752804 -0.193483490761317 -0.171328418093873
-0.0724817553901599 0.0739588614201128 -0.0512004890592517 -0.270397446377146
-0.0633872556341187 0.0132920000949605 0.119803343542211 -0.217726166681836
-0.00206880317386925 0.0161987432142386 0.04095585444349 0.0527490544607247
0.186161384158572 0.12721175293978 -0.062164929760011 0.0679553714748607
0.203209384090758 -0.10516707804122 -0.447020369018492 0.297036936306382
-0.0247388880317501 -0.203454239677777 -0.0964205412935195 0.548582451428977
-0.184868609230775 -0.0131836822643894 0.227756905030599 0.307595189512967
-0.0793984582086242 0.0995271343766505 0.185320144004323 0.0265499017418428
-0.0150635086466692 0.0748980596988477 0.0753134559755207 -0.0161700408077962
0.010835745950533 0.0454268452788603 0.0464496075712306 0.010593540275826
0.0250474453020539 0.020186021596856 0.0233859455322853 -0.0118269439451503
0.0352025165693092 -0.00723746674363421 -0.0245614080744582 -0.0223596323025678
0.0588689945374652 0.00623340965878452 -0.0721103223953789 -0.0124420679927163
0.0658150952653973 0.0841728353525307 -0.148377182326228 -0.0149571645846007
-0.0294687129633996 0.148905523120972 -0.196971329555697 -0.146224882405187
-0.114195469855114 0.0150032627765999 -0.0882088089360136 -0.281498326489182
-0.00797444734423116 -0.0419472976509502 0.124331588202087 -0.281260234121814
0.0827383337093823 0.0516675453915164 0.0702801165489212 0.0269772858178091
0.186317219780105 0.107426284151335 -0.0614538954453601 0.0461763626558189
0.143681386478047 -0.122291549084548 -0.344607965634774 0.281489781700687
-0.0686559249363232 -0.151830439008985 -0.0564255349030468 0.439708949571397
-0.142105343014696 0.0394704999035351 0.164831813537536 0.247043654376122
-0.03342857146739 0.0803717414418526 0.137175926475953 0.0501662832970436
-0.00716308696073316 0.0359234024523128 0.0689070777869487 0.0182908136242791
0.00295387823580518 0.0239600524782927 0.0513590523482 0.0264519993902507
0.0212907152071825 0.0181768078290925 0.0229106364503876 0.000193845007188937
0.0365637088481603 0.012469393570001 -0.0152511131946093 -0.0189908326695003
0.0465533346692067 0.0483994291216994 -0.0415110244325155 -0.00915052333423116
0.0168857113934323 0.125797276367048 -0.117546839409921 0.0123364562263809
-0.125770243873587 0.122177598005677 -0.221481912895033 -0.112927181189301
-0.119971905143483 -0.104635714011135 -0.137416329490891 -0.313152650549308
0.0991617824353349 -0.0954989181951023 0.139956419062438 -0.360079034395949
0.169836734467444 0.100112621190437 0.0869787183162681 -0.0135213447458043
0.161890801065844 0.0768987488459943 -0.039567196047034 0.0254241914303101
0.0680742100893138 -0.101455936353777 -0.239643978755176 0.234140945232153
-0.0833438356997158 -0.0669592933217959 -0.0492677324598074 0.344354926059555
-0.0670640887981352 0.0740111175855313 0.120869250141818 0.225534460517656
0.0169081089515611 0.0393695057030532 0.130527089718819 0.0657863905839292
0.00335019151558787 -0.0114055207644895 0.0794746857752522 0.0249776501571176
-0.00245226637558594 -0.00292787698496644 0.0511328185451346 0.0285234640581076
0.0125426648224914 0.0138298848990029 0.0199747391346213 0.0123215038786829
0.0256305924242375 0.0346926986779212 -0.00127531506921646 -0.00438398324554644
0.0087123932401736 0.0843046894037625 -0.0160212333898822 0.0231750937405978
-0.0623636154389852 0.126249738978357 -0.118061611081026 0.0661854635429257
-0.199343767558637 0.0198429559264254 -0.283745951002236 -0.0992638749104722
-0.0467801360035172 -0.225388385974635 -0.176338060921209 -0.394586970638135
0.224791766821647 -0.0970389978891596 0.191954104366622 -0.440608700294168
0.223892933707831 0.149813397989853 0.0903347267725006 -0.0621869893402113
0.134214204707845 0.0494759600744949 -0.0104283800243989 -0.00285913511220429
0.0270819861116271 -0.0644069623985766 -0.163478556288759 0.172126948400246
-0.0584443061958663 -0.0101882718224175 -0.0559290583234811 0.289737043623777
-0.00589024167108602 0.0612334372568095 0.113889098641185 0.22845839619871
0.0418402721916599 -0.00723999526519651 0.156104216358011 0.0626595594438949
0.00793712326954311 -0.0428874024031542 0.096183141250657 0.00859770071132038
-0.00562787838141619 -0.0205779524888139 0.0452978122846921 0.0207236300598238
0.000954097795452651 0.00826467361473883 0.0152376684035545 0.021196116223422
0.00467670714449997 0.0426480929114603 0.00841440577485164 0.0201754153274869
-0.035969355393778 0.0826454414680816 -0.0172347215269214 0.0746423315623882
-0.116077310601213 0.066517051841511 -0.167920500709977 0.112280276282795
-0.176901464554525 -0.105295011298243 -0.358479812009726 -0.145491789741643
0.0834243414581642 -0.255372884398928 -0.159891454703673 -0.5132416787567
0.297035197003512 -0.0247250254078232 0.287145058601782 -0.488055287622397
0.217782616890148 0.176766801725167 0.0866165881525595 -0.111375242968522
0.113319339854937 0.0302569964165867 0.00870397758443462 -0.0348540147966222
0.0305987776156371 -0.0401960006586354 -0.124277291524051 0.125585135802946
-0.0172232816776451 -0.00801450180707274 -0.0543664841699028 0.268454660987761
0.0138457981433219 0.0160350629259517 0.13381721532237 0.230558436769237
0.03445405509634 -0.0345066758594078 0.187337266490832 0.044542543908108
0.00414514161900237 -0.045060756898737 0.105903180800811 -0.016416389971036
-0.00805212067977683 -0.0221125204714479 0.0354736767505324 0.00974674159446181
-0.0103143763290379 0.00111977278402984 0.00926702559984474 0.0246255736542049
-0.0170468031769523 0.0283607665925014 0.00582637828851364 0.0434934927521499
-0.0582820579881251 0.0370571706240018 -0.0477611788561981 0.115036449747135
-0.101878810881291 -0.0184364850600613 -0.240278195318218 0.115036281786721
-0.0653254201598512 -0.161962096642011 -0.392104266467321 -0.239714018039178
0.174395238511007 -0.162276069464411 -0.0693693428367468 -0.613035361969874
0.253644712795282 0.0686117005116691 0.401676368474819 -0.480552469417153
0.146520779959417 0.149628553722418 0.0831220547088889 -0.148083617494247
-0.0327370627494863 -0.0273356666289894 -0.0177911131582386 0.0850788741850195
-0.0616716136813885 -0.035540492447332 -0.486027498011472 0.312127798837824
-0.09360395412889 0.00666000697540881 -0.0980242671161879 0.689398367803081
-0.0479544924172592 0.08777593473692 0.397346604992883 0.380654980288561
0.0285429364127 0.0626372944562203 0.320567030271555 -0.0885220394014159
0.0430665998719058 0.0220968176650707 0.080650745056993 -0.153060617230548
0.0320471742512403 -0.00611891293416331 -0.00283603531754035 -0.0593586552049981
0.0103703982118382 0.000934341799129901 0.000420906820881973 -0.0320940513301167
0.00364945179549169 0.00476563257470699 -0.0339108901218432 -0.0206403311007954
0.00975213647498894 0.0231080196961187 -0.104827474816795 0.00659466027574509
-0.0017795203690521 0.0314320667747097 -0.188842502419466 -0.029597660129391
0.00613303063498801 0.0192414303837328 -0.166912621827821 -0.19471615644121
-4.46741647605574E-05 0.0362007022230091 0.0124577240696611 -0.256373177941493
-0.0498856782404034 0.046489944687363 0.123351461665154 -0.154666961140023
-0.0941893683085031 -0.0179805924678378 -0.00314452820365585 0.0542700354124086
0.069445698717754 0.052004043661392 -0.0169916001199894 0.0959707416499471
0.0842244410289143 -0.0533457724652722 -0.501751602220385 0.284001610567619
-0.0425256858172639 -0.107658537060381 -0.149896990009063 0.667031367445715
-0.131150074382608 0.020388657896018 0.336134408073425 0.401786007935811
-0.0410476733824148 0.0924512314526948 0.302874701167062 -0.0372165424293962
0.0181388003180107 0.0699627997057958 0.0955361080485008 -0.119113686236107
0.0321377347084431 0.0286041198020408 0.0172351941965686 -0.0458534422097642
0.0205376482882695 0.010528713473452 0.00840596533579674 -0.0291605487572511
0.0129093138185493 -0.00701034402137895 -0.0307898146616442 -0.0180777070079966
0.0281896144472225 -0.00234403067871016 -0.102581438277653 0.0087837014077973
0.038384544306288 0.0297384008737812 -0.192974172889555 -0.0184467567083617
0.0310641980901496 0.0708450477098881 -0.185774932528942 -0.183650697223394
-0.0314179631696723 0.0722275120055268 -0.0179994359099531 -0.262138919362726
-0.0693897267216276 0.0412580505677259 0.120992040983687 -0.173072568593169
-0.0598766592459068 -0.0061067865021348 0.0191695622407065 0.0625864357432963
0.15049817250852 0.107362504926636 -0.0355691602286417 0.0826551939909558
0.18620814917233 -0.077146137287575 -0.494016487598987 0.283046271875527
-0.0124755072545299 -0.18653504054238 -0.135142113219993 0.622149255573913
-0.179208280160125 -0.0213169460092451 0.283827459577341 0.365108303189046
-0.0820831910318077 0.103741492207938 0.245231058767653 -0.00192434123441401
-0.00469254563872895 0.0896920364243188 0.087709276483455 -0.0670622290911732
0.0246339267561064 0.0481417627455671 0.0339437270297955 -0.0184333233732188
0.0260428689179551 0.0169560984190897 0.0154556547719105 -0.0226044915480969
0.024632823413882 -0.0141288072493656 -0.0319493926937653 -0.0202877969207143
0.0477089223738844 -0.0134972218289103 -0.0952469640608707 -0.00148514136822663
0.0685524629037067 0.0438935432379394 -0.178379970267018 -0.0185110045378925
0.0300430699359172 0.120125831566454 -0.192640534948758 -0.169105541118244
-0.0720560214793753 0.0758245533269618 -0.04863767301454 -0.268721897271821
-0.0617083230212513 0.0126106083315311 0.121053310209768 -0.215917605621477
0.00127363682103497 0.0138065524157286 0.0496607771118422 0.0541523870396877
0.192546626589508 0.118157388475528 -0.0554534663406566 0.0614825591962965
0.198884261325933 -0.114620852806794 -0.435680135695811 0.294075938107993
-0.0345671204395265 -0.204563664939345 -0.0848485066813082 0.539307680448982
-0.186308669277695 -0.00422602900040917 0.224826247172043 0.294770056624635
-0.0745098651109557 0.104309840062656 0.177276993881711 0.0247068306883434
-0.0114333984556853 0.0768604248418946 0.0726519415468826 -0.0146658205591755
0.0146169370247161 0.045488208829021 0.0459428993585399 0.00886398555198857
0.027749028857402 0.0188085630432186 0.0195720059208384 -0.0130400162707063
0.0355241823597959 -0.00863667195631978 -0.0288602495851777 -0.0229060095336785
0.0593994481529608 0.00520462177596378 -0.075778464566346 -0.0145587475596656
0.0685015828653852 0.0828077375698497 -0.147645399204045 -0.0158105508675429
-0.023947225573738 0.151958439858744 -0.195446834475023 -0.144512311868796
-0.116761898261377 0.018861894972214 -0.085924383932031 -0.278497579787783
-0.00841564849453162 -0.0456414450507971 0.122240818687597 -0.278633026327604
0.0878065848108316 0.0452604209134851 0.076266951174538 0.0283121905827774
0.192797425690756 0.0975756481615521 -0.0574831225461928 0.040832511216477
0.139962921523014 -0.13035518573625 -0.337524950137336 0.279387401841877
-0.0770845216473407 -0.151915721782892 -0.0514670040385759 0.43007297133818
-0.142103452599869 0.0467310636820959 0.161130933755946 0.238789148833482
-0.0301515405130563 0.0846782670743902 0.131342198253127 0.0509419351255314
-0.00533228902225439 0.0384611707561729 0.0684315873540786 0.0200378032451372
0.00641184428194535 0.0248963290840715 0.0522847410876984 0.0251303990370483
0.0243492557613098 0.0173460076269859 0.0213088346070832 -0.00115648242045678
0.0387428179046253 0.0104381511499802 -0.0188835613803619 -0.0199427152164558
0.0497880737028331 0.0479857251739527 -0.0445005314173353 -0.0123806422225219
0.0223281424006901 0.127001549041215 -0.114820696051838 0.00940978013120039
-0.121501625811949 0.129928796647498 -0.217100305145011 -0.109252406032323
-0.128091291488923 -0.0994490156484401 -0.135313007969878 -0.307258209703485
0.0957298809974957 -0.103104362101192 0.134766502120632 -0.356255896752203
0.176570245972787 0.0898874233111046 0.0895566545500359 -0.0109973241146227
0.167207596619804 0.0683062385144936 -0.0386856922325682 0.0202953670190598
0.0652774441978019 -0.107598718797269 -0.235761194190002 0.22828429872793
-0.0883023352687098 -0.066511601819151 -0.0481319203290003 0.336434168351726
-0.0661253813969857 0.0782313908018826 0.116391538000758 0.221493261461178
0.0179618707672387 0.0414794757097627 0.127430072787058 0.0676114244441034
0.00277767755225205 -0.00892889678276546 0.0806529842427084 0.026894157469942
0.000267552224503523 -0.00167873497446266 0.0532367299580017 0.0273122309489927
0.0159750869573566 0.0135268875453234 0.0205367746834918 0.0108585790174443
0.0292020543517166 0.0331045719006068 -0.00295480964858776 -0.0057976689421423
0.0142862133489557 0.0863017136431149 -0.0162996924468151 0.0181758272157057
-0.0558480851854325 0.130843531381876 -0.112389103751584 0.0630197956224016
-0.198667147819174 0.0318314988519293 -0.277910574956246 -0.0922873139767563
-0.0600505116627644 -0.223047146948458 -0.17822337319427 -0.380565363434323
0.220665899649475 -0.108356570568274 0.180243756401725 -0.436139830826768
0.23105426165115 0.138430122066026 0.0894104532481066 -0.0581093627472668
0.137474798726871 0.042641646772794 -0.0135249948422167 -0.00716327575024179
0.0252930240888496 -0.0684063859666884 -0.16442163794595 0.166835934072992
-0.060978898061111 -0.010484909361075 -0.0567264909696455 0.285408250487742
-0.00491758367671514 0.0636670563823116 0.110838379354493 0.226370742083079
0.0405555852958092 -0.00623366391065596 0.153302496681902 0.0639777691011131
0.00604336381354308 -0.0410404914244487 0.0972856083746618 0.00961933760387442
-0.00351180885517769 -0.0193606815489966 0.0482652664855249 0.0202953119865595
0.00425785943666615 0.00865522640062204 0.0177752623534166 0.0201030720049465
0.00871605105456484 0.0426869816463253 0.00864022777025815 0.0176995631015931
-0.0303283225255794 0.086336919383137 -0.0140397036417 0.0691016008997755
-0.112229460855855 0.0739265238589181 -0.158879474871135 0.111501892291259
-0.181970150597167 -0.0938326433874221 -0.352879726133011 -0.133043538486141
0.0685745464133038 -0.257272527636007 -0.164257846507386 -0.498656173860083
0.294463615755373 -0.0381712785874286 0.274465326630633 -0.484314461468332
0.224202549402025 0.165654024585455 0.0820857291876339 -0.105870350881806
0.114459171201467 0.0249277697724497 0.00198208873991656 -0.0382516768085878
0.029382228046608 -0.0426362159938049 -0.128445391603625 0.121466600639197
-0.01871528776929 -0.00826771729281274 -0.0559386295509457 0.267381428054027
0.0134856871480627 0.0172817358775202 0.131745592573421 0.229328986661793
0.0322364152264748 -0.0344375694599973 0.18452366557054 0.0456505948530532
0.00267620463511688 -0.044594616916095 0.107110154703241 -0.0152978777683409
-0.00731136173278617 -0.021140218984459 0.0388408720336461 0.0108219329007991
-0.00855866393195735 0.002781364675031 0.012978256273063 0.023933801487857
-0.0138227513680375 0.0295642710124083 0.00811511927812014 0.041044428111163
-0.0548536881981812 0.0416777171232363 -0.0411587331190572 0.111389771101848
-0.102079706752997 -0.0121681818462474 -0.229090288928572 0.118395418078081
-0.0730155213323428 -0.155114836548663 -0.389185288226127 -0.222440504309765
0.1641478825309 -0.168432314943034 -0.0808293429333328 -0.599313735702512
0.25450569989125 0.0579345680984119 0.384756503194276 -0.481723361104328
0.150828542834531 0.142451236747261 0.076959459663474 -0.142076038898075
-0.0336885566003036 -0.0263888298202122 -0.0129243704935491 0.0780853026295312
-0.0626629526224368 -0.0315034235385935 -0.476972505989289 0.314707084076829
-0.092185906058045 0.00909208733574131 -0.0830889215785274 0.685992983929157
-0.0430644379861634 0.0881619643124688 0.399206780107476 0.366495485953742
0.0307616916896161 0.0597815540054336 0.31107728857194 -0.0940129042839684
0.0430263676558919 0.0190975006235413 0.0724159388935349 -0.151860697964741
0.0302763029956621 -0.007858425762307 -0.00627010664830088 -0.0577934859520826
0.00938910585990263 0.000704114317694269 -0.00363931292784572 -0.0322441909223509
0.00211201340588022 0.00451141830425684 -0.0400505855834287 -0.0211050626434713
0.0099720081804912 0.0214558742525923 -0.107852848148003 0.00656832419708146
-0.000988651745189687 0.0311638701597425 -0.188769372217584 -0.0288176707388324
0.00736489202648161 0.0191425340834474 -0.166960926903056 -0.193426288795897
0.00190186785428214 0.0373800738438321 0.0147629593032188 -0.258122246715379
-0.0492059517016829 0.0498787720844543 0.127748963336079 -0.155403986925181
-0.0966271093177717 -0.0141045907906924 0.00648417127382131 0.0566362160172126
0.0720705742583875 0.0486405893029603 -0.0108770568079279 0.0882472313003977
0.0818542348982798 -0.0562917167961106 -0.496891309538572 0.286777471308229
-0.0471538210487318 -0.107082296498526 -0.135268273860105 0.664849533920036
-0.130518787064154 0.0250818441459762 0.339645548765607 0.38905338298724
-0.0369176472358657 0.0940033522783179 0.295111732202943 -0.0432213521860108
0.0207644555915664 0.0686387568728294 0.088751917315917 -0.118180682118907
0.0339272916155589 0.0269487406743138 0.0137380782545116 -0.0457152589000397
0.020212167585327 0.00967561833488575 0.00368708919058136 -0.0295659931658091
0.0114023503639068 -0.00725259475067558 -0.0363616373189636 -0.017863867816268
0.027250648584727 -0.0039509821593928 -0.105819256196836 0.00886643771532659
0.0390055954044215 0.0282885217909142 -0.19193882350623 -0.0184397827807122
0.0337996218463725 0.0702941835515114 -0.186790794647945 -0.183089280340022
-0.0299771698741543 0.0738907070538141 -0.015816648816098 -0.263607147197888
-0.0688755601634852 0.0424029884223526 0.123845638388523 -0.173403034841577
-0.0600152884358276 -0.00442244162694155 0.0288541774480321 0.0640348154106511
0.156270205631434 0.0998587534636732 -0.0293437382308169 0.0755468495212829
0.183725945174914 -0.08501913244328 -0.487813131545541 0.287343450043952
-0.0217164791162337 -0.188303086399206 -0.121324026449763 0.618538062788012
-0.181448915512731 -0.0138621281829681 0.28531257891069 0.351858889173159
-0.077510510835058 0.108305526986811 0.238528842889031 -0.00612008178566425
-0.00074662480698343 0.0906473984295016 0.0827963815771909 -0.0660119338340918
0.0278197789507378 0.0474095078200467 0.0326066957817681 -0.019038974480488
0.0271195369698138 0.0155131170133493 0.0111744650408608 -0.0233081836001621
0.0240524559326332 -0.0156656391728321 -0.03624866754784 -0.0193354671253391
0.0466087571273093 -0.0150153290991462 -0.0988050395083567 -0.0019875366392671
0.0699916067826365 0.0420789050766249 -0.178889150703136 -0.0182719682556218
0.0349397966667895 0.120925758185902 -0.193889495871173 -0.1685212752455
-0.0717475003235117 0.078171407034557 -0.0470575177525041 -0.27053591942118
-0.0612497795034988 0.0119249058901585 0.123020737917693 -0.21657165490396
0.00376214921040236 0.0110746383574498 0.0589188690748088 0.055588191656338
0.19876944195798 0.109676452352021 -0.0516152146882667 0.0550896770019193
0.195711431651703 -0.124042044732388 -0.429764152449221 0.296516384083598
-0.0451072439929139 -0.206245633888127 -0.0768088037152521 0.535236979387596
-0.188566588860426 0.00420430187939273 0.224301054108977 0.283595809878245
-0.0701376087209668 0.109957838351528 0.171967751615064 0.0243862245055147
-0.00873073204855121 0.0802124834123175 0.070762312831044 -0.0135054802316989
0.0184931317696667 0.0460442986560215 0.0456301369309926 0.00833251125295514
0.0303103252832716 0.0178158159675318 0.0175651688098962 -0.0142716685318485
0.0359967851352912 -0.010911830048966 -0.0332126686552822 -0.022429313012775
0.0597878255244838 0.0040954934141824 -0.0800362809464796 -0.0155288893546754
0.0728969699630828 0.0823926481690424 -0.148269093476605 -0.017662999527779
-0.0189396031173807 0.155860435965809 -0.195163393343117 -0.143454191235834
-0.120001601750167 0.0229590743920605 -0.0843645169794438 -0.277482425357818
-0.00983814312893552 -0.0489921467438324 0.120679087060513 -0.277512077284375
0.0924098831553254 0.0386129643854429 0.0826185740847151 0.0296639781940195
0.199015467149849 0.0886096975277329 -0.055578110997533 0.0352829452971346
0.136705880971974 -0.139270860259205 -0.333286562116232 0.276335001649386
-0.0852603435439467 -0.152386269036279 -0.0461126823585576 0.424376076167123
-0.141788935474848 0.0533424957802455 0.157428454771921 0.233865551289552
-0.0261046043387955 0.089054643630644 0.127217591399667 0.0531180902085899
-0.00314073071813168 0.0419521685179669 0.070432817329141 0.021390946051572
0.00991317777026173 0.0261314444875997 0.054052074426643 0.0242539283988181
0.0278569180181398 0.0164750144986668 0.020354823314419 -0.00178971954827103
0.039727010783018 0.00905603450912972 -0.0222400869179938 -0.0198436278884223
0.0527702160098342 0.0478379634442804 -0.0480265809738186 -0.0155986196177793
0.0281860518474049 0.12922539312634 -0.113611823197086 0.00648576448092435
-0.117162476481894 0.137911045058776 -0.214507125242547 -0.105888970459652
-0.135835257803048 -0.0949004525312171 -0.134749268152904 -0.30347490181944
0.0928938529466938 -0.112127101081249 0.127782787029965 -0.354237372294942
0.183084633821899 0.0802711264839881 0.0923600775043921 -0.00755787998354233
0.173285438896401 0.0593945769738738 -0.0391137154080938 0.0144712781590944
0.0627617680639033 -0.113947046166353 -0.233149886805833 0.225373014851852
-0.0931565084493382 -0.0653893170514817 -0.0486958277316863 0.333732934711472
-0.0649015964448853 0.0834527605089 0.113509793280986 0.218222431960636
0.0195314407406235 0.0436852220115522 0.126768041197102 0.0711237684836111
0.00165139608001046 -0.00658839616224695 0.0823787839301239 0.02882366617618
0.00283083948355471 0.000280657693105271 0.0550367623287859 0.02484867375665
0.018124099169791 0.0137889753562695 0.0223627471109435 0.0108158554089375
0.0325375149357038 0.0311082934294319 -0.00416931375519956 -0.00712634689358875
0.0187804655127411 0.0885301961325776 -0.0182387628159079 0.0147550229821057
-0.0497722924375595 0.136292453950153 -0.107647997903924 0.060679039770051
-0.199010360452765 0.0431173445042671 -0.272288862113547 -0.0863833236920172
-0.0734294843648423 -0.221165547840617 -0.178198579950583 -0.374047068172431
0.216847774949475 -0.118617557689312 0.171239685194431 -0.434093024459927
0.238659349355065 0.12887761468298 0.0894025880849304 -0.054942159193046
0.14121034482622 0.0361680905438035 -0.0163348022467772 -0.011862956468317
0.0236574527596965 -0.0733895952191178 -0.166977977841676 0.164075604195381
-0.0641301300522384 -0.0111101163997565 -0.0585349839588608 0.284174840289613
-0.00416582187294941 0.0653616730205843 0.107999379648569 0.226531933701024
0.040540744681354 -0.00542645111781663 0.152250854807064 0.0665138966658509
0.00428869104258724 -0.0395211173086961 0.0996795514423059 0.0107004818122257
-0.0021874756932874 -0.0185695813541505 0.051865477769898 0.019847175045394
0.0068517329857076 0.0094145093891097 0.0203669446759227 0.01856569691449
0.0128821734005509 0.0426843475086837 0.00892607473127005 0.0157748550599407
-0.0245683993031236 0.0897180504400363 -0.0126526452506223 0.0651715003515919
-0.108184540960241 0.0812451679849124 -0.151301377636333 0.111159664481917
-0.18707169840743 -0.0827496134581008 -0.348231903995702 -0.121950004004501
0.0545590970599732 -0.259566330617072 -0.169739265875816 -0.488345160272998
0.292877124558636 -0.0511454204032765 0.262012295615542 -0.487185654818402
0.230869319752761 0.156799937269421 0.0803024408061404 -0.0999142659384094
0.11650868712216 0.020395879193313 -0.00528594444668186 -0.0417151257827908
0.0282602874917119 -0.0449606411289263 -0.132068330320862 0.118950889201302
-0.0210659889989509 -0.00886941130789081 -0.0577346670993938 0.268512653385543
0.0133959433138607 0.0183062179923241 0.131485563914367 0.230167141786121
0.0303822461285589 -0.0341249829385902 0.184386930314641 0.0470333096017185
0.000392207076446374 -0.0441770776193146 0.109881472630359 -0.0146664314564455
-0.00559728902090887 -0.0207923247915079 0.0434635587991535 0.0112348140672447
-0.00652005517193923 0.00369009382761939 0.0168447883992915 0.023686229151006
-0.0111591737012315 0.0308987383503728 0.0101078670200183 0.0397667375609219
-0.0515128278566741 0.046383280254822 -0.0356490811149257 0.108970141609816
-0.102511486390674 -0.0052576983311674 -0.220052949635744 0.122355583680197
-0.0799448871480796 -0.150427143409955 -0.387584152596221 -0.210737764785306
0.153761800428338 -0.174427346259143 -0.0917050182135424 -0.589554568924023
0.256025524697255 0.0464246248601528 0.374498842096901 -0.484584969745995
0.155471146958516 0.136050899623461 0.0724473965807142 -0.135807659027501
-0.0288885722739544 -0.0330400649518205 -0.0222212959082196 0.0665969924718687
-0.0550633372979354 -0.0479822773198353 -0.523197003939587 0.21539846784272
-0.0982522598126429 -0.013767599913334 -0.20837117789964 0.64275054476432
-0.0615232320058279 0.0749762434407635 0.318218137985168 0.424053011435434
0.0163207494799012 0.0653629449209014 0.314068402972151 -0.0365543745892019
0.0368076065391419 0.0266193913651743 0.0944444485849028 -0.132189442202418
0.0285180785012639 -0.00319315029982743 0.00366015252064457 -0.0563662934475384
0.00763500334964668 0.00411710436201897 -0.000180348441808878 -0.0332188267160911
-0.000992066583558011 0.00565915223471486 -0.0387987730816735 -0.0297811779582292
0.00501416320781122 0.0224378781972654 -0.109055579799982 -0.0168376283738864
-0.00596707186581955 0.0287800653902432 -0.176859867206054 -0.0674734440731697
0.00140656201230233 0.0211587872732354 -0.119712629461662 -0.225600889567381
-0.00726130459993694 0.036593755757127 0.0724610651588775 -0.252595402965445
-0.0600113904157525 0.0377176203637214 0.16306300012384 -0.126953393836906
-0.0933729854736031 -0.0316664223712956 0.00195074237966771 0.0621406894678982
0.0604423159393403 0.0579501490655286 -0.0200495479817691 0.0786497106797597
0.0890608224480376 -0.0500699678496207 -0.537069579760746 0.188501385297556
-0.0348117794461995 -0.120478857797668 -0.25204057616233 0.61594684861747
-0.135964808081277 0.000910463594217288 0.257061363259982 0.434500448374553
-0.055253403983895 0.0865649171899511 0.289812330115956 0.009731966281884
0.00747648885229242 0.0717866345222788 0.104092190954663 -0.098023387236191
0.0279343351520049 0.0307812177779808 0.0210033938118356 -0.0411615393470186
0.0183790925450837 0.0135413847827328 0.00643073002502317 -0.0289251399126954
0.0120902342671894 -0.00490219132309827 -0.0364483483501844 -0.0255549992366624
0.0266556951631049 0.00128379428369236 -0.107578030583462 -0.014443327504574
0.0325992449253837 0.0353182221948543 -0.182574984205864 -0.0573233073508467
0.0177167812396818 0.0757081812761215 -0.141714819825094 -0.217562342148196
-0.047360377579476 0.0656064303853109 0.041825114876636 -0.263953460428895
-0.0759488799303149 0.0257775707454072 0.163700146724391 -0.146745493051753
-0.0575120331089929 -0.0164112213914984 0.0231319791970871 0.0745057313521912
0.134222333009649 0.122472849882012 -0.0369742130987449 0.0647340115035398
0.190816688120744 -0.0617847974995681 -0.52810395099273 0.194292859027489
0.00342301445353399 -0.195199515164557 -0.227443225087355 0.572137718675341
-0.178001716598523 -0.0439738887919853 0.209065773658163 0.385564394305968
-0.0949398892035314 0.0939036423934514 0.229862719151663 0.0362840737853499
-0.0162568053070249 0.0898861569723766 0.0901858224716734 -0.047493929770681
0.0195393808290657 0.0506781965503178 0.0345857872840641 -0.011865773137997
0.0255976421060046 0.0202963378435051 0.0126930283288437 -0.0208584735921078
0.0261176799976841 -0.0105560457012816 -0.0367537977052212 -0.0266882844076419
0.0477378755672097 -0.00550268637732303 -0.0984566627389054 -0.0240001898880298
0.0601535135909967 0.0553036249557063 -0.167653470532427 -0.0552321017141978
0.00755277202892823 0.125882558564274 -0.151678116090634 -0.203839977341378
-0.0911066539981943 0.060718390598829 0.00980766784358024 -0.275798460693196
-0.0629903004538202 -0.00488608171979727 0.170429581596895 -0.190212899508734
0.00409614194638175 0.00957032086941017 0.0553152393835468 0.071428714585148
0.175591053365846 0.137854858774661 -0.0543304540421831 0.0412050453465755
0.209947979004416 -0.0983772897734626 -0.472516890018663 0.214731193497731
-0.0171284283034768 -0.215776631931938 -0.169876107543245 0.496831905537863
-0.186388860637764 -0.0281354628916438 0.160554826224058 0.311110367470834
-0.087556452682072 0.0963085906701096 0.158290031535531 0.0546892862260831
-0.0213835197906682 0.0785227245836301 0.0698253077392833 0.00310490919640813
0.0123960894568652 0.0477752285144484 0.0435960125831546 0.0158715641959733
0.0286782704630483 0.0232797165157316 0.0169205972328352 -0.0114573243061433
0.0375246995946398 -0.00354872741738166 -0.0318726827117811 -0.0287396689965797
0.0584497643735798 0.0156208807329693 -0.0772444267481676 -0.0340262962468569
0.055749012339447 0.0957290508240886 -0.13808926182905 -0.0477466691433293
-0.0505932686481706 0.150786473005622 -0.160078625835445 -0.178643428167846
-0.128949610232387 -0.00371570469842201 -0.026214447854335 -0.291809467275134
-0.000909681190066871 -0.0564390573171428 0.181017206106599 -0.251003882790837
0.0872693156984461 0.053708806592582 0.0831897646798935 0.0514150339306849
0.181236143482011 0.118589273124851 -0.0556623684249276 0.02139164084443
0.15475825587138 -0.122482771374999 -0.373405141242904 0.209780571622052
-0.0654376973480654 -0.169652084771331 -0.12441823624769 0.396087199127956
-0.150434236463849 0.0284748516773708 0.102864829383425 0.251626233609947
-0.0417627999566063 0.0845055295683865 0.110630355763968 0.0777454677236956
-0.0115415057436769 0.0427102570395116 0.0637052416066789 0.0382231883319743
0.00660623186172995 0.0265726271991897 0.0487395893196341 0.0338462701731625
0.0282296173944293 0.021948221900179 0.0186132817550317 0.00152724163317265
0.0392639594864357 0.0162990157988483 -0.0203699200927925 -0.0234811720655058
0.0440747556950633 0.0582934823796309 -0.0462982289397622 -0.0269609280499606
0.00451613166430866 0.135209599841332 -0.111032920809208 -0.0160277913856365
-0.142484334023227 0.116138797093675 -0.187452270919526 -0.145624922560645
-0.121836034131617 -0.123268083793993 -0.0721475215854416 -0.329487033591484
0.111706423219539 -0.0970987736015901 0.204578630208374 -0.326946232690258
0.169382423354631 0.111554737947064 0.101126720992875 0.0150598088176873
0.161811561542046 0.0869536048944178 -0.0378613772218999 0.00499636540144701
0.0791734825885462 -0.109141336274426 -0.269024021527039 0.174988620986327
-0.0873770154492302 -0.0859121988934856 -0.112405863436974 0.306216699060488
-0.0821803424515149 0.0690664940154718 0.0616296953622938 0.232711278380308
0.0101064579026385 0.0481193636881976 0.10432507404688 0.095204962766604
0.00124257073981848 -0.00231318884228614 0.0778054145532251 0.046426726852993
0.004590509385169 0.000566812709148249 0.0509963967153759 0.036882042784525
0.0194928823109358 0.0170142562683498 0.019701898920916 0.0141088539336933
0.0271455619709019 0.0364377639940355 -0.00462849851294342 -0.00766824392145148
0.0039717042798151 0.0921250496413345 -0.0209389853618444 0.00882992842257148
-0.0722000782764961 0.128922592927682 -0.116120095223288 0.0377733073398344
-0.203519904360373 0.00960888412438598 -0.251052784451493 -0.135975558197038
-0.035307477332435 -0.235521514109368 -0.101006649511392 -0.409286011471204
0.235306796907829 -0.0808477101316346 0.261601787782899 -0.395960497592946
0.214063642201976 0.172162255339341 0.106022274879983 -0.0312359789310236
0.133425708604639 0.0582725667348098 -0.014930271337124 -0.0180690322789052
0.0352891291220212 -0.072684945771278 -0.194850425888863 0.125861186187603
-0.0657447579481144 -0.026359713162372 -0.115611783884409 0.260842518905653
-0.0192404058238196 0.0626824384805899 0.0565684220140576 0.243146927027498
0.0371146477703614 0.00381514219851445 0.134041057646294 0.0955122034254263
0.00938083639153021 -0.0368399008123698 0.098940691113851 0.0326873198895636
0.00227800009391966 -0.0178066080781398 0.0504001848417152 0.0309209594834188
0.0072220028748469 0.0110843572613227 0.0179740033957264 0.0212987099068659
0.00619868566401838 0.0438642745629398 0.00418734753219074 0.0162561199429929
-0.0384419265308684 0.0861590805141686 -0.0236847053316442 0.0578151069187898
-0.120411233677468 0.0625052721277098 -0.166585005455942 0.0788412103677477
-0.169091497265495 -0.110356999355484 -0.319464112443695 -0.188347692284263
0.0990906265510103 -0.247656724827299 -0.0699200058361966 -0.520214028077073
0.295455272366488 -0.000248548717498298 0.358999397152395 -0.429511014040158
0.199042014058001 0.197315731527192 0.102114928337001 -0.0788055562433725
0.110934920493148 0.0401602506397348 -0.000635846695729172 -0.0446746059080907
0.0354264999139432 -0.0439726063072436 -0.156806623392886 0.0890597021067274
-0.0230133087562357 -0.0169576149816444 -0.111610795260857 0.248929019115576
0.00504978500892181 0.0203104698934827 0.0804816003416526 0.252432297754807
0.0314112281623344 -0.0256626174306418 0.170710125426683 0.0836459792868109
0.00732100181106933 -0.0413635743133637 0.114725439813189 0.00976241230496609
-0.00119360776728109 -0.0208471622393694 0.0445181839610681 0.0204528561186168
-0.00543125167192613 0.00385284368428194 0.0150683292944255 0.0261201260482814
-0.0154146626963118 0.0286022543067912 0.00282207050113964 0.0396375982005629
-0.0578030687729889 0.0373206747840415 -0.0546286148097244 0.0966833880729294
-0.0996745090326603 -0.0221714841674967 -0.234704282744384 0.0756695339831776
-0.0535734814499813 -0.155205367546687 -0.336859172412183 -0.283332728943658
0.181118257703853 -0.143614197157791 0.029589542688644 -0.601099299675877
0.239948307185912 0.0887555263619209 0.468735269292598 -0.403701350366277
0.126953503023843 0.164015708243056 0.100284064717398 -0.114693753670664
-0.0298968989330483 -0.0321480513057928 -0.0171845528752901 0.0599571842279214
-0.0554618813461483 -0.0430543016999542 -0.512768122041629 0.220117900644134
-0.0961759700293658 -0.00983707563347562 -0.18994072953744 0.637121562548883
-0.0578774533525382 0.0757497323994535 0.319773513367166 0.404080528904323
0.018507148099543 0.0615714652881354 0.30425223173523 -0.0428179894556549
0.0368774210141142 0.0236641119034076 0.0864898433824593 -0.130860733129139
0.0259415402422708 -0.00599905760490911 -0.000514296783360684 -0.0533736787519833
0.00664586759078716 0.00283585907298546 -0.00355959881888574 -0.0317430569713417
-0.00145765187432867 0.00635906787792714 -0.0433245526870325 -0.0274696364113618
0.00479860849851695 0.0218049632588359 -0.111019787297089 -0.0153914753196201
-0.00440295833150052 0.0291171627378134 -0.176231161004357 -0.0658236700824883
0.00370422754544365 0.0191984295701711 -0.120116613174786 -0.22294754716758
-0.00582039405474868 0.0383150699631788 0.0732285432758285 -0.253237617259611
-0.0584775058632245 0.0406894055867698 0.165240807968306 -0.126551480175802
-0.0955947386546981 -0.0271283825851091 0.0113772481278371 0.065173967824957
0.0631313606729748 0.0542885830847492 -0.0146605406918157 0.0707919612297366
0.0869028568569102 -0.0531214341334378 -0.526599638789972 0.193531962154573
-0.0398817796460522 -0.119395166747061 -0.233897224284828 0.608043007923784
-0.134172275104254 0.00620682466680663 0.260397784643166 0.417378658374592
-0.0499139484226812 0.0871124717552041 0.280935857406133 0.00291115412719937
0.0105187289222569 0.07044706700551 0.0970060972064727 -0.0971703007168956
0.0283606330304597 0.0293797015236398 0.0181015879746919 -0.0396441851550389
0.0190698835882388 0.0123687565341908 0.00287381225562506 -0.0289142350921759
0.0105374486185928 -0.00460275750673479 -0.0414121499180875 -0.0248094417372937
0.0250999822139917 2.00691662367216E-05 -0.109505075179962 -0.0137983312752403
0.0332652356808651 0.0335720548065678 -0.181165747257887 -0.055387902391894
0.0203078909763111 0.074182238523425 -0.143193330403684 -0.214743282720505
-0.0456178951828924 0.066603120046668 0.0418563154507336 -0.263924838900205
-0.0743130030158423 0.027269580751616 0.165193905228435 -0.147063740204122
-0.0566005138306769 -0.0155678619091045 0.0325030653865736 0.0760931986737082
0.139191858703428 0.114132179962336 -0.0313653873753547 0.0574160687357625
0.187735147438255 -0.0696789718597302 -0.517478793359562 0.199019937670781
-0.00634720631570164 -0.195477927907161 -0.211069767538288 0.564916663842525
-0.178367363117301 -0.0357519121169 0.213140981080731 0.372129030391827
-0.0896885746881022 0.0971177961201524 0.222405256608326 0.0320866345232007
-0.011975518594353 0.0907055026596475 0.0860368805551304 -0.0470466051144892
0.0222140488629659 0.0486942237404599 0.0331475758612124 -0.0125536656105487
0.0272159984290096 0.0185392798313922 0.00932354918368399 -0.0218047006028042
0.0250962977183582 -0.0109946714413178 -0.0398902762690955 -0.0256218187543344
0.0466385113754808 -0.00689318093151684 -0.102196769349837 -0.0229277343951912
0.0623880920107814 0.0522096683967357 -0.16765656769515 -0.0535359473038289
0.0125778943250978 0.124830565618873 -0.152446939522835 -0.201306333930809
-0.0903701051977084 0.0625986854122154 0.0102727552813151 -0.275258376860062
-0.0626312204711401 -0.00513391948123874 0.170599839488905 -0.190003739641628
0.00663591072652421 0.00754694279513936 0.0635027107400151 0.0722582455106664
0.182582176605136 0.128785712020903 -0.0491509429793844 0.0347672565977546
0.205431665582798 -0.108133406348885 -0.46178981922698 0.215718919637506
-0.0286580443830317 -0.2151197747116 -0.156932340000553 0.489432627800174
-0.188196462417336 -0.0179804310814519 0.160388874195878 0.299491353848845
-0.081855692182829 0.100901844864855 0.153614595743464 0.0538243326822421
-0.0167117993706502 0.0810921330612381 0.0691923406251285 0.00381634500316937
0.0153317946005513 0.046603479689916 0.0439367357155739 0.0151241896317272
0.031621104825943 0.0212681434670078 0.0153717809274805 -0.0117450660299714
0.0371770072239029 -0.0047723504269983 -0.0359972305359215 -0.0282658916611103
0.0578135290752051 0.0138332048043556 -0.0811247084929684 -0.0337412447406924
0.0593911247386302 0.0940870114843473 -0.13783167980188 -0.0478058574424895
-0.0434816514983717 0.153450006462396 -0.159341116364593 -0.175592651506375
-0.131426244248871 0.000513186477300813 -0.0269694905927068 -0.289402874196116
-0.00263895419546342 -0.059268577283014 0.17798260398162 -0.248885076959048
0.0917305993479073 0.0463630842454341 0.0897546684255146 0.0521297532267601
0.186884091168698 0.108938774238757 -0.0533929736449875 0.0158710245981792
0.151125488958414 -0.130249922119192 -0.366823243853665 0.210555257748762
-0.0749372526861138 -0.16804588850559 -0.115224336754964 0.386928895628997
-0.149637814666066 0.0350553943573257 0.101443657442193 0.24255226334802
-0.0372256219063772 0.0872585636952602 0.10735151606805 0.0767888575571295
-0.00876223925396819 0.0448693186153527 0.0653070828316924 0.038047321381423
0.00997150024165704 0.026894005399932 0.050929761595687 0.0325942528761732
0.0297071038356062 0.0196812312770162 0.017951105275237 -0.000346358275454161
0.0407952181154489 0.0147838340103239 -0.0240964506922988 -0.0238452032749898
0.0466774186767069 0.0576497787478383 -0.0486241079423882 -0.0277128308056211
0.0105526378475324 0.133354361261111 -0.108719654940285 -0.0174752329734369
-0.136713233606035 0.12350601806516 -0.185010269830178 -0.142765535977543
-0.129052823219545 -0.119294496704613 -0.0720712275605678 -0.321971398398929
0.10714149146657 -0.104115637830417 0.196267889187763 -0.322831887561242
0.173794452624161 0.101178999881373 0.103670738621467 0.0167471912625428
0.166233163731767 0.076741665779215 -0.0395117149539211 -0.000982504226469412
0.0766003223355833 -0.112238832051492 -0.264046906388832 0.171012223515706
-0.0913673746038465 -0.0853464279158576 -0.108777450119785 0.301212289305084
-0.0794721988923164 0.07428701064467 0.0594988862731851 0.230592726080447
0.0114784908718566 0.0500796534396716 0.103404902394435 0.0947618613154574
0.00377381942960863 -0.000527978938077707 0.0800670452031 0.0471834864549202
0.00682238433701634 0.0022527945830413 0.0539753326370745 0.0350498670920232
0.0228851665133383 0.0160435120701182 0.0201647080944719 0.0111498463387683
0.0306114150384253 0.0372615676730588 -0.00821277171927485 -0.00846000376734182
0.0105490291890422 0.0930484174921198 -0.0223881706026862 0.00276220213706187
-0.066351824444177 0.132148199527083 -0.11009006208398 0.0347031112042981
-0.201463877038033 0.0198709764295462 -0.246708250221467 -0.131000316556655
-0.0464268777990659 -0.230727869132601 -0.104949020422362 -0.400208790557146
0.229908183830651 -0.0920397722066892 0.250216794711758 -0.393490636430791
0.222272626166271 0.158580055907468 0.1054801198554 -0.0286092770397026
0.137916094683006 0.051579650845054 -0.0182428316704811 -0.0218810764553152
0.033070333157153 -0.075762762316421 -0.193509900381446 0.123840651495031
-0.0675827447797299 -0.0250813069843434 -0.113652145602347 0.25734747365208
-0.0179123608451533 0.0646774384167577 0.0557840847555767 0.240784309080813
0.0358924527823452 0.00429388348959259 0.133087118393239 0.0967023376100467
0.00803194167756899 -0.0339844764875736 0.101732053392271 0.0308293939072745
0.00283231117401261 -0.0172859698392891 0.0532710901218643 0.0290526469227741
0.0103446173860373 0.0105177897269205 0.0207976380896014 0.0209573041550083
0.0102732748163246 0.0445560361120187 0.00557889397566324 0.014714514856487
-0.0329504782825341 0.0891525675947839 -0.0215333224721913 0.0528362338698194
-0.116448631529653 0.0685933574541497 -0.158187669933823 0.078991016462525
-0.1724377088875 -0.0985972272861143 -0.31408122722432 -0.174727052040444
0.084437536700399 -0.249615334714018 -0.0790825003119587 -0.506702844982965
0.292312499315647 -0.0139264905729518 0.344807312402896 -0.428257738430817
0.205597603958812 0.186281996609301 0.0997241016987607 -0.0745784326741553
0.112015366030508 0.0359323101232458 -0.00651057551566163 -0.0482224692366716
0.0334513363021323 -0.0461581697402975 -0.158638987943017 0.0879302709294823
-0.0245939072522892 -0.0169336291163695 -0.111864741664264 0.247801216073855
0.00533807060386568 0.0211185053052918 0.0803625943894704 0.250357243411107
0.0300603672259889 -0.0265828419667598 0.169240910927555 0.0820085998434325
0.00481080016529078 -0.0399540880777493 0.116725250665625 0.00828510885839707
-0.000321672825807424 -0.0201539569953758 0.0483985311011986 0.0205164328077006
-0.00305602797623143 0.00491686068654293 0.0177623945861986 0.0245849335522418
-0.0117437604911399 0.0303819766606688 0.00442929807702289 0.0374542576670677
-0.0540196226110872 0.0418267949054028 -0.0487168552629215 0.0936424290386699
-0.0989773894320883 -0.01572470387572 -0.223994869434936 0.0792319308928224
-0.0595524686123951 -0.148843032339644 -0.336484374660484 -0.267461497578517
0.17059873662394 -0.14895212771724 0.0165108987623173 -0.589292712348133
0.240408565992856 0.0768991000004747 0.451898562824791 -0.406384065627695
0.131527947823339 0.156593415778733 0.0954475505528227 -0.110027814428963
-0.0309083672449422 -0.0315481679810046 -0.0121144095314546 0.0518838566197063
-0.0571415509688863 -0.039921716566249 -0.503797281454521 0.217188992961352
-0.0957660246267207 -0.00834108749439595 -0.17856521138416 0.625366283476577
-0.0522914118771888 0.0758708102067742 0.318005716122986 0.390796452749954
0.0205025847765766 0.0580751367727252 0.293080865615258 -0.0450278453475307
0.0361847610070965 0.0219130279015658 0.0803124457011003 -0.127229358773081
0.0224755528227059 -0.0065632903395591 -0.00286228242484904 -0.0506903152612071
0.00483166683655645 0.00117428924959772 -0.00755586619219066 -0.0317411911382446
-0.00410171094993097 0.00843135966444299 -0.0486696863892877 -0.0269711416632023
0.00326224576420905 0.0204026168195068 -0.11256493761704 -0.0149171299478664
-0.00314812866747279 0.0284058348525621 -0.173536702223582 -0.0645969062734399
0.00472050053025885 0.0174969686016996 -0.118030440129974 -0.221876187445727
-0.00472032677249603 0.0391911478481169 0.0743321524903361 -0.252200135209915
-0.0568783730290896 0.0435091590673747 0.167735657700785 -0.124412597650033
-0.0942799648271755 -0.0241767616061603 0.0191370630239818 0.0666936616010708
0.0640532058304589 0.0509550627179959 -0.0100066113980515 0.0626080908361101
0.0845166516080526 -0.0541830687060112 -0.517669899522679 0.190994735404059
-0.0426373437565254 -0.11741160754804 -0.222224476959329 0.598220054782464
-0.131482371450835 0.00973993374238665 0.258662005819985 0.40254294680687
-0.0458312880245292 0.0863918443382167 0.272025574440882 0.000218842923456864
0.012530459929705 0.0689077901166181 0.0921422577616659 -0.0949768421393924
0.0283180466267084 0.0268663464526224 0.0157269250918829 -0.0386292741851863
0.018596023538201 0.0109502239296858 7.78383073470144E-06 -0.028412536901696
0.00833419248046178 -0.00469971254151106 -0.0448805465132133 -0.0234680149958237
0.0235323506711279 -0.000966496860639655 -0.112023165148286 -0.0126573059692038
0.0340887572798056 0.0316341534130237 -0.180039464822159 -0.0549050017045571
0.0217713644179998 0.0731919243304698 -0.140676612328811 -0.212555860687989
-0.0446883120499283 0.0668681060369156 0.0433346642590891 -0.262729328588732
-0.0733455148915449 0.0278845616814677 0.167855950942389 -0.145374185177975
-0.0547291779509791 -0.0148343790192756 0.0398660743021631 0.0770009295494638
0.141815479174037 0.10724339558541 -0.0268497376204741 0.0493737873833161
0.184398329880687 -0.0748634364088805 -0.507291627027008 0.196029437493656
-0.0137964884662636 -0.193765960632034 -0.200552276973886 0.554754589505171
-0.178399600448373 -0.0299919402401465 0.208981635813893 0.359473573099275
-0.0844217501642223 0.0981364420716407 0.215425053823751 0.0294659793074099
-0.00807215609845953 0.0900805696092296 0.0833883376060165 -0.045658708733172
0.0244883884044139 0.0469178127108771 0.031982424524715 -0.0123195671609467
0.0281672733714792 0.0168310357280967 0.00680545508662015 -0.0218597569555607
0.0237491618230328 -0.0120947247313738 -0.0440356248628096 -0.0250607486768534
0.0443167543682641 -0.00836961109966901 -0.104914944757852 -0.0225439449413404
0.0630859529454268 0.0508648608077794 -0.166725098369038 -0.0539160513327007
0.0160345545685132 0.124083193377248 -0.149617567485345 -0.198876017595951
-0.0896836503723029 0.0643513862933716 0.0125941777355248 -0.272831621707759
-0.0611656090683021 -0.0067803258869302 0.171393702972672 -0.18691076439961
0.00999746749213303 0.00449762964559353 0.0694636543313088 0.0727137828505803
0.184884771974585 0.12104377961135 -0.045758218212116 0.0280207043198336
0.202184070279201 -0.114632800851639 -0.453615215605608 0.211738174714992
-0.0375170075322851 -0.214691606037064 -0.148036475297259 0.479387106505052
-0.186489826873925 -0.0117005919829814 0.155193973429228 0.288707805841069
-0.0773151987658965 0.10349009847996 0.147647437933699 0.0536307950890066
-0.0145056091059869 0.0814612635223065 0.0685325563123413 0.00507267310252901
0.0175156690214027 0.0449573357393929 0.0429266727382572 0.014610916814219
0.033073627211453 0.019098887445763 0.012762247289564 -0.0118084412406402
0.0370370017347226 -0.00545552516081075 -0.0387809285164527 -0.0271105567795879
0.0574399978721468 0.0129681054031577 -0.0844268178308774 -0.034652526716228
0.0616209129266599 0.0913253395770893 -0.13701805897714 -0.0494641934404912
-0.0387136858639267 0.154646618558153 -0.15596714414916 -0.174240396641324
-0.133095175478184 0.00348672788162551 -0.0245432215189625 -0.285872667863826
-0.00350376620648966 -0.0612673412471558 0.176560495889002 -0.245349546769278
0.0952925660451991 0.040865791778299 0.0940187682147313 0.0534174275428836
0.189689176221994 0.100180515789509 -0.0517993511521626 0.00992318630479669
0.14774601954197 -0.136428146665231 -0.359876645687312 0.205479437786288
-0.0818643184750547 -0.165727068297564 -0.111438561598696 0.378427647330499
-0.147858150682432 0.0415261963200864 0.0953230870088235 0.23747751482686
-0.0334452491928769 0.0897765001250785 0.102705769185525 0.0784950322075521
-0.00679414436412095 0.0473734098859669 0.0663737184948498 0.0398984948776042
0.0115987132355767 0.027218519077121 0.052001636296371 0.0309422041729558
0.0333132917141092 0.0173681169901677 0.0175829975038477 -0.00123613767565257
0.0415334351929665 0.0120321887280709 -0.0254592224710691 -0.0217918754066361
0.0484573382297807 0.0570523474858425 -0.0525334553909454 -0.0307563168163362
0.015671292360253 0.134158814924152 -0.107228035001681 -0.021001655667739
-0.130970594607048 0.129216190706466 -0.179339806651612 -0.138293797889906
-0.135366861525638 -0.113417669784947 -0.0704812210635441 -0.316447619126026
0.103715545463604 -0.110346917445892 0.191943351246969 -0.316299352466854
0.178535459892039 0.09279111457962 0.105807346059157 0.0183716540547763
0.169571978236481 0.0715552814722383 -0.0371881875868838 -0.00506849484758311
0.0746670013293818 -0.117367902078496 -0.260877855361275 0.16785759808056
-0.0949762712197478 -0.0834261816656652 -0.107633068602983 0.293271510825848
-0.0744972335808853 0.0765910082266066 0.0553175550479751 0.226865967623696
0.0128549411907403 0.0523633353581121 0.100621703722086 0.097612095941018
0.00140029951798015 0.00212399719447951 0.081810038395057 0.0469864159149564
0.00593841458511558 0.0027422462196532 0.0553104311476411 0.0332270534923959
0.0228239512311558 0.0133044322068904 0.0207519470490279 0.0107506457792331
0.0333495394509235 0.0342508594113976 -0.00890430848365778 -0.00911459330033848
0.0160097486168673 0.0946848827122944 -0.0234255966964303 -0.000189188117137682
-0.0586188711968485 0.133769481168868 -0.105074114407508 0.0316600326330828
-0.19730897437638 0.0305923399548351 -0.239696658213411 -0.124149113157962
-0.0567047498601605 -0.227149534641057 -0.104084574698967 -0.389854985197453
0.225292724791174 -0.100253534844827 0.241328314668843 -0.388350615789246
0.223347707461336 0.146395042194219 0.106516816213491 -0.0257228899901077
0.139333872596418 0.0461751214655864 -0.020956382367984 -0.0243077528933835
0.0321310896197022 -0.0787944247612557 -0.193298208576954 0.119734047626008
-0.0703721277870845 -0.0247660976114336 -0.115952757751296 0.253444730897833
-0.0162182935979855 0.066143617804969 0.0510876852734442 0.239386214754029
0.0352090433456249 0.00444448537731388 0.130269264917825 0.0972866685506154
0.00591512253049334 -0.0313625071221341 0.102530811750394 0.03029949119957
0.00354815851343713 -0.0164599946666128 0.0553281926777438 0.0274395935233688
0.0128293169222542 0.0102094754855161 0.0219632744767414 0.0181583051786853
0.0136770449614689 0.0437583310143093 0.004513312132021 0.0135010020851913
-0.0278723362047369 0.0905922833282929 -0.0200528754160765 0.0486932723561435
-0.112084217339573 0.0739540531431793 -0.150311416452038 0.0751529445230979
-0.173901208743652 -0.089191424138141 -0.306384239198776 -0.164648052820574
0.0725735334034639 -0.248488395845678 -0.0814812011222857 -0.493846919291599
0.287426498094168 -0.0232887808484289 0.332682343276234 -0.422894910796928
0.208658258165584 0.177168918838464 0.0985192023343155 -0.0684941689234984
0.113202637317559 0.0304502057729515 -0.0113988128560348 -0.0503745395530814
0.0322543897614911 -0.0476608562283096 -0.161603542849527 0.0846369544328633
-0.0266202407806804 -0.0164362696463678 -0.112832018255906 0.245360128935631
0.00570347734680405 0.0223235580466817 0.0778716062953037 0.248870899744232
0.0278391889961616 -0.0259517615307425 0.167468709274556 0.0826354819045792
0.00348605266699727 -0.0388483031642701 0.116298981699968 0.00733517303194068
-0.000781776412604127 -0.0194626424255623 0.051771223296519 0.0193305751585653
-0.000860233255703848 0.00546808379412942 0.021200171745074 0.0226572761411516
-0.00980751860686435 0.0313162064541978 0.00573279819574516 0.0371114135446555
-0.0508387117068976 0.0450551967384618 -0.043555402269258 0.0901655145694405
-0.0980719218738541 -0.0108135803200917 -0.214579425494255 0.0801355599870856
-0.0642794399298544 -0.142585379208084 -0.329372653602277 -0.252672103466075
0.160546541821307 -0.15140406892391 0.0101480600028983 -0.575341593889815
0.239023902863229 0.068584554051184 0.43927797349895 -0.401772058856845
0.133181151855607 0.149854467242626 0.0921402797750083 -0.102704082287702
-0.0312058690348884 -0.0304987844690488 -0.00953421690630499 0.0434059041119684
-0.0552062864449004 -0.0390842395756134 -0.50058451123333 0.209412976003949
-0.0936070581386614 -0.00794118894360707 -0.176989018695346 0.617636186390902
-0.0513374754192085 0.0743985378051995 0.3105555085833 0.382062167511797
0.0207200662473165 0.0565204776697483 0.287571410520507 -0.0451120175007224
0.0361420119883978 0.0202384880590597 0.0769155640007932 -0.124098498062114
0.0215581851020406 -0.00783386241654329 -0.00419632007681694 -0.0488636789255983
0.0040715493331435 0.00212420575814325 -0.00937388576485249 -0.0309300974029332
-0.00443701844608071 0.0087828585031657 -0.050885559853728 -0.0266409158878883
0.00213192592856768 0.0191522151332888 -0.11461699372681 -0.0145107342509779
-0.00269452014017164 0.0267162265464494 -0.173430754311126 -0.067884218601128
0.00529666136064003 0.017169693262639 -0.114053699715685 -0.222935084064539
-0.00381495318002886 0.0397826426564736 0.0805432760580534 -0.25270789296241
-0.0578993783793214 0.0442054720981912 0.171081642168069 -0.120450473716998
-0.0950559714413586 -0.0235396776713472 0.0250282902417996 0.0695458366601534
0.0645855292551369 0.0485434132796068 -0.00734077078892486 0.0548825164824441
0.0835141475992706 -0.0543369728125124 -0.513968511354101 0.183415082339703
-0.0455205444903623 -0.116912799795133 -0.217834103638456 0.589779167043811
-0.1305989372999 0.0113789773288821 0.25238362729649 0.394077430294905
-0.0440072064813922 0.0858823477104861 0.2664117408118 0.000615581637771666
0.0138064443325613 0.0673310993299793 0.0895262643438356 -0.0924308126538787
0.0274456101996564 0.0253959598458392 0.0133943197134355 -0.0368938549007764
0.0180279527512711 0.0104886511499033 -0.00302544468794454 -0.0276868375637018
0.008513732862859 -0.00438047174545063 -0.0487735482405444 -0.023074647738745
0.0221704663782921 -0.00151317103865832 -0.11429065481402 -0.0125131547932164
0.0339452323948777 0.0305636015383491 -0.178500979679246 -0.0579372139537669
0.0235394700605026 0.0715793113436942 -0.137867412358103 -0.214201498934719
-0.0446120452256223 0.0673501257632778 0.0491663923065617 -0.262920411120001
-0.072962410527747 0.0276285155214681 0.173412296281948 -0.141571972182831
-0.0538452338792239 -0.0148701881457964 0.0473963174296973 0.078723721609899
0.143900286770191 0.102735510180849 -0.0242347179558319 0.041470416614266
0.182147665304857 -0.0787495769961141 -0.504367469543813 0.190396371430571
-0.0184942046857027 -0.193571642857758 -0.199567946515063 0.54467424165758
-0.178821096386451 -0.0263123870475077 0.20216184923866 0.352739084924004
-0.0810630297669835 0.0987499848392688 0.209948061236026 0.0306919179702486
-0.00578055540277214 0.090418610899069 0.0815990914675954 -0.0429362483563328
0.0251684525959924 0.0459460822659991 0.0314614531836351 -0.012190773506687
0.0293931729390928 0.0161086540774603 0.00413536747487014 -0.0214862524662015
0.0231938160634087 -0.0119665878662119 -0.0468992702688517 -0.0240553713270765
0.0433869309974317 -0.0084953688036004 -0.107698538993958 -0.0224043156784224
0.0634864389225672 0.0501057329473375 -0.16600735588412 -0.0568165007348184
0.0183171956688988 0.122944855427145 -0.147452723997091 -0.201315263148723
-0.0903102941779617 0.0647333739623649 0.0182391293391938 -0.273607188229747
-0.0610396680783708 -0.00744291523484752 0.176096216165069 -0.184048480025722
0.0115760071468425 0.00271902990493153 0.076103720793737 0.0737211054775872
0.188384059583522 0.114437979023488 -0.0444172683356546 0.0221072400120544
0.199515723405766 -0.119954783281273 -0.449762269826854 0.207299237773846
-0.0430694368308401 -0.215045609679776 -0.148994049231778 0.469902112037002
-0.187820839569095 -0.00831048042299325 0.148232805620011 0.284911054680856
-0.0737999593066519 0.104187049715368 0.143720661678079 0.0547498391422334
-0.0112859199785551 0.0834013343660145 0.0685650981127724 0.00654639612678089
0.0193224664846576 0.0451268469159773 0.0432460672867011 0.0134729543985934
0.0350564007504489 0.0176693902207058 0.0111185147560969 -0.013311379868182
0.0369842054141497 -0.00725532414254335 -0.0419741714995448 -0.0267378667938808
0.0580603936302021 0.0127788573120746 -0.0877761197599 -0.0352004548972143
0.0631112857421679 0.0909284237567374 -0.136703847143523 -0.0528422874705669
-0.0361124937165383 0.155642167203783 -0.153065546111797 -0.175211515871326
-0.13532824517909 0.00597687167425245 -0.0190833174313973 -0.28619457980793
-0.00424134999068447 -0.0652893811929789 0.179716911447796 -0.241121244710549
0.0982576169656061 0.0361810499586393 0.0993288193886288 0.054251127389156
0.192827772769706 0.0948332608325696 -0.0509550790105772 0.0052229329465738
0.144844794768329 -0.141371906330912 -0.35767961375966 0.200567749868355
-0.0861502411058324 -0.165562253223276 -0.115127523989778 0.369987493718646
-0.148252642416936 0.0452632605726079 0.0881247331255222 0.235263877541982
-0.0313928763944323 0.0898158403658287 0.0994591428668855 0.0807205241198102
-0.00467025444923257 0.0490807799360323 0.0674689277962942 0.0410878598228445
0.013062427595057 0.0276869316356564 0.05257350415407 0.0293814996668552
0.0348110167694909 0.0166099410277677 0.0177264634355794 -0.00226837922350167
0.0428440716084232 0.0112775972902376 -0.0278352804345559 -0.0231107855127435
0.051114205542472 0.056816104368446 -0.0554962519095655 -0.0329089805139292
0.0187649679988922 0.134515294587737 -0.105482336214858 -0.0262795410220506
-0.127700668982224 0.132699653143646 -0.175151503884926 -0.140179605809411
-0.140592673529065 -0.111025261906883 -0.0642173752016004 -0.314923039385674
0.100341572262861 -0.114071084699607 0.194138544690855 -0.313286190836673
0.182012536826869 0.0870107981908018 0.109638202132174 0.0217154125537024
0.172168903214025 0.0653711855663015 -0.0399698304381531 -0.00984088185702645
0.0738999753978702 -0.122000509669921 -0.261327282289979 0.16178775583031
-0.0999552757448491 -0.0827656066274446 -0.112896594193171 0.288680295694206
-0.0742997028565943 0.0783034886678513 0.0459770372296996 0.225660494133781
0.0148541964903268 0.0519977131215146 0.0983195938775738 0.100176785567852
0.0024604435946965 0.00369075470420173 0.0822527548581383 0.0467070521808524
0.00948107303891018 0.00237916044308226 0.0584464183563508 0.0316372424661861
0.0277085304639441 0.0132099146309262 0.0223075531805582 0.00864811571481935
0.0349053965200756 0.0334013720830757 -0.00996193759103118 -0.00941610655354489
0.0180188829263984 0.0947581991676485 -0.025541456638355 -0.00298902914406173
-0.0554616893151556 0.135758911217642 -0.104497575429574 0.0270729075747433
-0.19746754057021 0.0373661569739654 -0.233222787295918 -0.124113520588846
-0.0642799541909608 -0.225276028163659 -0.0986530102421653 -0.384893199616178
0.222228979293539 -0.105524988649895 0.240239446034796 -0.381574083568998
0.228948371419929 0.140632124772151 0.10692387388417 -0.0196591229318336
0.142208964091143 0.041359121344025 -0.0235417961946349 -0.0279218855942507
0.0321701951777403 -0.0814650119222992 -0.196055239775827 0.114699441412907
-0.0724985550053007 -0.0241069312925015 -0.121138385427711 0.249470946246778
-0.0154922553486698 0.0675638085517217 0.0461694018840882 0.240801972062994
0.0345248267327366 0.00591913906747461 0.128455565089179 0.100167015492726
0.00541170832078131 -0.0295327674504527 0.103571386327131 0.0304895032676177
0.00420445166457566 -0.0152743810573994 0.0587939355432896 0.0258572914119014
0.0152440439566636 0.0102170484341366 0.0238557901852894 0.0173841290777233
0.0152442799236768 0.0442569074134482 0.00441482877176248 0.0123447466963174
-0.0237583619087234 0.0928874354299049 -0.0197403039093612 0.0454126634191212
-0.109125154079148 0.0777445904984101 -0.145423663872444 0.0722451169424129
-0.174821805279972 -0.0827952992618299 -0.29911597912926 -0.162052469536487
0.0647356598766207 -0.247166200284661 -0.0762290533601772 -0.485210938194844
0.286145644223009 -0.0288370448562339 0.332069322263741 -0.416466423249445
0.211142008322353 0.171633628204117 0.0986048374402567 -0.0625347867112377
0.114475741555638 0.0280266335211339 -0.0159267492402539 -0.0514564046848014
0.03216879771512 -0.0487617991214077 -0.165998834311325 0.0812240167048468
-0.0283386003769427 -0.0160371528520815 -0.118099499914192 0.24340201897272
0.00557887706515767 0.0233289527215422 0.0736203565372708 0.251428757647633
0.0266086481653484 -0.0254934461180009 0.165773740253545 0.0840622283126311
0.00270258329522935 -0.0370908244269448 0.11893245424831 0.00682488681367623
-0.00022154377413766 -0.0186290831114176 0.0553356553144614 0.0186412967465241
0.000970478078000634 0.00565672208697585 0.0225070941846051 0.0209837771671103
-0.00769633176470026 0.0322497598724641 0.00726135516031072 0.0352426972101564
-0.0483378378163073 0.0469899996241433 -0.0410029810364926 0.0867513175328141
-0.097093367564043 -0.00670019541340877 -0.207775455614347 0.0779984256480265
-0.067714773624761 -0.13771462540885 -0.321993522918691 -0.247184628360102
0.153213562525407 -0.152087369821961 0.011853204385425 -0.564526501603255
0.237017623585926 0.0634835707288008 0.436145085358486 -0.395761348445052
0.133562650069033 0.146528010110954 0.0920533350646889 -0.0958218360585206
-0.0320449629465219 -0.0319430028801737 -0.00831610952941484 0.0360281441461852
-0.0555584300384048 -0.038040664053617 -0.508326580889457 0.205299263694017
-0.0948743176468323 -0.00553881385000665 -0.178747849730502 0.620297730762423
-0.050042416819307 0.0745870515784201 0.31086786987931 0.38249146664812
0.0209243982969214 0.0546851498844412 0.286677759232662 -0.0435293491274932
0.0364842402553165 0.0189393817638037 0.0762570900848355 -0.122909037718377
0.0201217306448169 -0.00897929853464057 -0.00577473257293562 -0.0465533558536678
0.00374264266556238 0.00192087618784093 -0.0118967271774396 -0.0310455572939503
-0.00468554316073897 0.00920564946345766 -0.0554057431364931 -0.0256677073386334
0.00127480043210602 0.0188648895367777 -0.11832276590958 -0.0154467619418093
-0.00390168837967533 0.0259384510804534 -0.174270309937012 -0.0716576018899661
0.00600122453715705 0.0162015237664273 -0.111624665234039 -0.227471925400433
-0.0034314188603772 0.0410225537515046 0.0886390572547933 -0.25672738443473
-0.0586991806649099 0.0460373047255251 0.180227233017197 -0.119197079789384
-0.0961047731540883 -0.0223315969058316 0.0314532824844704 0.0738561297872514
0.0661889857000945 0.0467511504603902 -0.00470532457018992 0.0489888794525718
0.083787114815025 -0.0563810103800385 -0.521314225062272 0.179675880557365
-0.0483128174937053 -0.117673662207762 -0.222457932284965 0.591574414374506
-0.13252054520036 0.012884311045214 0.250331992212337 0.395087029317469
-0.0432049642148596 0.0860782497258983 0.265626882235301 0.00147618734826874
0.0153253021875925 0.0677775802860978 0.0887744491784027 -0.0916337890963746
0.0273591673378702 0.0253806524165952 0.0138179115148277 -0.0363083313712597
0.0179640855925551 0.00974926072295151 -0.00511733379330789 -0.0269454133734965
0.0076380277771388 -0.00360095567114251 -0.0535067896327135 -0.0227006195425896
0.0217525367368284 -0.00227795915206032 -0.118718397395876 -0.013016197247129
0.0341377396736715 0.0303851958255663 -0.180534263940068 -0.0618778726435536
0.0252783320012508 0.0719567782988683 -0.136514710283701 -0.220315089911756
-0.0458045674230078 0.0693235474564974 0.0568912945207845 -0.268244294437681
-0.0739469910406551 0.0282756666947992 0.182929181647151 -0.141203904315293
-0.0537975988204254 -0.0160934551645881 0.0545873455823112 0.0817398192648346
0.147153219952787 0.100662017120355 -0.0226810549076297 0.0357618172765376
0.183882030051322 -0.0824852785907623 -0.511952699125565 0.185215001739231
-0.0225670741616108 -0.196467991338411 -0.202954616178032 0.546585439214445
-0.181390054499751 -0.0239379248576512 0.200147759529594 0.354605793224582
-0.080332025469145 0.100542441487597 0.209033735245766 0.0322475642591048
-0.00337757826359352 0.0915793098405059 0.0817090499914578 -0.0423986231985689
0.0268665510356621 0.0459089993125741 0.0312387171511214 -0.0116690293876598
0.0300673915103277 0.0150836102369242 0.0029280989490499 -0.0210189538212751
0.0239640696808688 -0.0136155764000464 -0.0513298850401506 -0.0237147924324749
0.0436243720346934 -0.00915687800762816 -0.112844841565939 -0.023225436363643
0.0642131815149882 0.0495748130249307 -0.169071633865957 -0.061231866790424
0.0197453212755775 0.125321618987448 -0.146363042516248 -0.207531213810796
-0.0935843672529624 0.0674167390780511 0.0244564986289724 -0.279361457208082
-0.0622956162044596 -0.010155719684919 0.185171575291118 -0.18296277449044
0.0141235180064256 -0.000223716789214893 0.0823339970597369 0.0777793910263973
0.192658859438174 0.112218385297273 -0.0429474578802007 0.0156778929451058
0.201252981877402 -0.125414555298442 -0.455714181966381 0.203260714780884
-0.0478816542483794 -0.2173958109078 -0.152698075741818 0.469330006430462
-0.190854496724811 -0.0034851143249358 0.143858885208645 0.284963940784858
-0.0723757427289955 0.106222416638566 0.141627133880659 0.05758892430267
-0.00970429411678811 0.0848452218919367 0.069423508811386 0.00878504880211044
0.0210711560067578 0.0458091814835812 0.0446676458253457 0.0131719287029224
0.037315802247371 0.0167063641686738 0.00948855252823804 -0.0139029143461613
0.0375552528615776 -0.00828644357100079 -0.044512742504532 -0.0269169292975018
0.0584503225383953 0.0124411252792754 -0.0927357269807562 -0.0362711955775164
0.066184188475139 0.0920330083344135 -0.139299615084064 -0.0579795367637578
-0.0338496650772122 0.159823018251645 -0.151660075241613 -0.180461292904042
-0.14085720353731 0.00752114892178373 -0.0127250635483484 -0.291971232341787
-0.00456734931838194 -0.0690383364799706 0.187696687381886 -0.240798664329345
0.102278428593671 0.0324564667969208 0.105089792968268 0.0582778856788956
0.199138710740843 0.0916435207354943 -0.0521780725493467 -0.00182053646180539
0.147637686436562 -0.147200861150765 -0.3621655764129 0.196011792985998
-0.0920929903071178 -0.169463862502227 -0.119848574113405 0.368496586048953
-0.150594244257673 0.0492827379882586 0.0800737865745618 0.236417022563714
-0.0295591117152852 0.0929848090706142 0.097626957924809 0.0868942991398781
-0.00328441139235616 0.0514312340113843 0.0686446471325631 0.0423892550813739
0.0159311561478489 0.0271608133316418 0.053271039290471 0.0300524594426242
0.0372912597956258 0.0155411360985752 0.0164155513476576 -0.00212818832705115
0.0441817943985109 0.0113862596721529 -0.0304494157803579 -0.0239002123830808
0.0542133689384354 0.0571252340707885 -0.0594601266184905 -0.0353783382322905
0.0212394276426057 0.136138033363491 -0.10699817710832 -0.0310725623993973
-0.126965594661129 0.138934728478679 -0.17483935889319 -0.144702822525607
-0.146884758189016 -0.110391194156721 -0.0591600338690475 -0.320415569161368
0.101509146615686 -0.119708596816693 0.200012082795752 -0.311322845057204
0.187440975550347 0.0840610253610455 0.115549033653584 0.0254745465350116
0.178138905626086 0.0632485651409071 -0.0406191835273966 -0.0144287421313138
0.0748665470778341 -0.12733922587234 -0.269525939075011 0.158789644430252
-0.103137631007065 -0.0853177566602699 -0.120727563502846 0.288202256405881
-0.0767679244606635 0.0834508164365234 0.0409929244770735 0.229276386028444
0.0153758327337853 0.0541813689799105 0.0956955041484975 0.107343552703577
0.00337573611224601 0.0071077009866334 0.0849511227780363 0.0476357775582208
0.0108845861626124 0.00256399351474647 0.0578255066608941 0.0313968491806951
0.0300617183487187 0.0129223426497729 0.0208442337702274 0.00755806805778785
0.0369641732371043 0.0325884091772658 -0.0107892339488679 -0.00958937211218549
0.0223215271339001 0.0970827326363158 -0.029898947077158 -0.0070525599956163
-0.0529584854119784 0.140067370582159 -0.10408304934894 0.0218558299823456
-0.198739913042789 0.0427244402693716 -0.229630342731497 -0.12410670287484
-0.0725348188775316 -0.226288688117281 -0.0923543797858167 -0.386892177226032
0.223326390189509 -0.112103999864119 0.247479468201076 -0.381215567682808
0.233321183722376 0.137946879285639 0.111153503813195 -0.0157755156930945
0.145891044315031 0.0387838665380467 -0.026086185060634 -0.0322323457105396
0.0327748576138237 -0.0854679148650059 -0.20320801476579 0.110531270294296
-0.0749151676053487 -0.0253075771626615 -0.12998371899963 0.250125989049083
-0.0149667515518809 0.0698541721227294 0.0404903384408696 0.245830384598996
0.0360610431903464 0.00690450619377784 0.128054229148551 0.105676001272347
0.0058644735489436 -0.0276957113926495 0.106419334821349 0.0316523823061312
0.00573653309485896 -0.0152994138068724 0.0606286537384897 0.0263096478425898
0.0184014410117023 0.00982610532740709 0.0246042593861999 0.0166662069699942
0.0178869983900561 0.0441903342582161 0.00415293150305316 0.0115677518928171
-0.020746343449893 0.0953052081772199 -0.0201199911383958 0.0419497183383168
-0.107618354724666 0.0814481272299385 -0.143329713038038 0.0685781573833604
-0.178945326931357 -0.0778524062088356 -0.296761777267081 -0.1621274911267
0.0591827781663355 -0.249574694168993 -0.0726306082235427 -0.48713604534208
0.289131410844186 -0.0322081352671493 0.337198751393953 -0.416673986560495
0.215352610930902 0.170536580370958 0.100247266939148 -0.0572452958410151
0.117611758538623 0.0261163837964618 -0.0202292753597392 -0.0541603242576572
0.0328011995807985 -0.0508161055517849 -0.172865593192059 0.0779665364519981
-0.0298717864657714 -0.0160344580383909 -0.126362932025903 0.245563167479027
0.00572083601269028 0.0245326426379523 0.0695904501747172 0.258071517833184
0.0259225369620467 -0.025110230157921 0.165755845713765 0.0891711714774272
0.00247170767752918 -0.0364733544248769 0.122259049091009 0.00735283052924791
0.000682987042912523 -0.017319249020972 0.059133640911538 0.0171869300785895
0.00255958847232031 0.00636178698287014 0.025174251506136 0.0202053171138207
-0.00530569378174128 0.0333093612341085 0.00800343203318074 0.0345757845873837
-0.0472412205342799 0.0498541175593095 -0.040541646639949 0.0838462566070277
-0.0976839692104232 -0.00344329764314113 -0.205919643729414 0.0762740144669738
-0.0706535653607644 -0.13658298048897 -0.318088977476804 -0.247174765361614
0.150367635760433 -0.154023600998371 0.0142347693829602 -0.565418983958425
0.239416771070146 0.0621287204607095 0.442335558183267 -0.395867625752404
0.136229343120455 0.146048081425166 0.0920916866195547 -0.0905453537591109
-0.0453547744938893 -0.00816171094531114 0.0112181616511999 0.030795829865145
-0.0661300156095366 0.0055563618736289 -0.293887294656869 0.477555069003779
-0.0781402509732445 0.055676975249777 0.225014260753266 0.618107838741193
0.00554414237451927 0.0864225795084507 0.486688318430452 0.125702792698963
0.0480825275078629 0.0292097535689067 0.20446903199632 -0.20882458910763
0.0392065056233398 -0.00721552217758654 -0.014929576284107 -0.14331578537214
0.0083009582257407 -0.0180757431317527 -0.0335097311542527 -0.0327290203012004
0.00291122526204683 -3.81956502557337E-05 -0.0302600673743985 -0.0150734743504894
0.00130907741150151 0.0122659832451343 -0.0640976319894181 0.0170653321253033
0.0128484683955928 0.0153843125907128 -0.108762567176262 0.0621521136961202
0.0120993728507675 0.0234094521962501 -0.190907506337895 0.0490228413316735
0.0127243239090639 0.00916519122274369 -0.23475962719055 -0.121149354120148
0.0231141733387233 0.0351491977874132 -0.0875873968354973 -0.271243067779499
-0.0181064263706447 0.0756123955291746 0.0754974647175074 -0.218148396198866
-0.0952710748227326 0.0459570508383024 0.0841989422244193 0.0342898225387066
0.0818670239169138 -0.00054770503166302 0.0246010094294853 0.0304571920475728
0.0339832726729158 -0.0909510884031517 -0.318191931341061 0.459079025385943
-0.108739664929232 -0.062490833539856 0.168128566166147 0.615936496384661
-0.0959067948661939 0.086659380349629 0.441046674954099 0.175922838189544
0.0158186024961433 0.0936142273928498 0.214468821267289 -0.157557429278698
0.0530537294371208 0.0447305749587627 0.0157752460936463 -0.124790857093618
0.0362181863563564 0.00339474052029493 -0.0109403227958954 -0.0370376503918827
0.0201534634109605 -0.00369932678003874 -0.0228745668053109 -0.0164078254596519
0.00319928430807514 -0.00799681176248023 -0.0600510510974492 0.0180925515066978
0.0152075864376824 -0.0145084815285768 -0.108279619380225 0.0645655551639663
0.0459364461812294 0.00357434318719597 -0.188110369315299 0.0608716164283581
0.0640520664820299 0.0446409694216843 -0.250566497058508 -0.0993613857799286
0.00310115399425763 0.0858368239652335 -0.120849059120702 -0.260445195817182
-0.0435860991089697 0.0679433501536945 0.06262325495878 -0.23813151155476
-0.0546238032320575 0.0214590838905859 0.106961907061573 0.028029111247731
0.181352899801852 -0.00298457187297762 0.00595094787659411 0.0253334138898945
0.0976208646765699 -0.172456337725567 -0.303558675798435 0.454221028261908
-0.136187115269585 -0.141164060290732 0.152755771846695 0.564559369252679
-0.157015087599127 0.088234950723751 0.370019044275926 0.174485505264437
-0.00419843720135786 0.127807745186031 0.187196125364062 -0.0964705781878685
0.0537119166426315 0.0755133861670624 0.0417993846669763 -0.0803638601125657
0.0488076425739429 0.0202348437894429 0.0197845730995666 -0.0286499912307221
0.0336019989833031 -0.00791008962770248 -0.0130325919817039 -0.0170722597382676
0.0100976664001757 -0.0251745897874112 -0.0589016898719812 0.015944678294796
0.028549604578911 -0.0342394636011669 -0.11001033010801 0.052986914108951
0.0835583999889233 2.03808605513858E-05 -0.178554555939014 0.052828296859708
0.0939238755617558 0.0922689796063174 -0.25163181681284 -0.0826093883065014
-0.0396024955806869 0.116925699449455 -0.153304928985711 -0.249310929059099
-0.0594677200226237 0.0269807863232349 0.0390855783505608 -0.273913467564414
0.01328632600492 -0.0123369212654744 0.124290555816591 0.00825241133797234
0.225527909047236 -0.0218139379967136 -0.0241163993967495 0.019752535916155
0.0866878341943605 -0.218107941433163 -0.246411445126442 0.43172375575661
-0.170650759458064 -0.143760370181231 0.144000420581135 0.471566228325264
-0.153196418278364 0.109889187386554 0.281672977398334 0.15498798581541
0.00691894525393294 0.128349760239642 0.149931907524057 -0.0330929749127191
0.0462039418531463 0.0739228585847675 0.0633203898800031 -0.0328361548455672
0.046321166150584 0.0224832058810146 0.0461774895564679 -0.0164740751522555
0.0403006170285129 -0.011437249158403 -0.000698840018758464 -0.0157433735736916
0.0261467805514576 -0.0311681160878686 -0.0560874106304158 0.0099727225551293
0.0557435011054065 -0.0262470508928099 -0.102671598032124 0.0300536330510313
0.112903053082138 0.0337998702255789 -0.152961036674768 0.036343018665234
0.0721730323088005 0.156022471739813 -0.237802044869834 -0.0590577598969282
-0.120277140774832 0.0979695428939225 -0.190761166843452 -0.234059338758462
-0.0520793077361648 -0.0607470059139634 0.0052012133422498 -0.319987324377538
0.109117204852622 -0.0435525915725813 0.127173088344368 -0.017503216659692
0.219532937207153 -0.0429356795011295 -0.0422233641624927 0.0115152489695534
0.0298448926235054 -0.205325052798631 -0.179545892985091 0.369320772705379
-0.177335192035928 -0.0791681865616974 0.109301924559555 0.373917658254851
-0.090262321790521 0.129487849905067 0.204458395613891 0.155688899057899
0.0335830448406232 0.0911681012162333 0.132368352855576 0.0165166273312233
0.0313326956771166 0.0436095114047706 0.0851982768822367 -0.00596247406610616
0.0308863723709281 0.0101692246658927 0.0629773988096674 -0.0114496903009648
0.0409125360602009 -0.0134031142525233 0.0104560346820202 -0.0120099111262706
0.0438111758343706 -0.0199611877996184 -0.0418066422198177 0.00186968251710739
0.0813021125743786 0.0133748792166004 -0.0753821877346326 0.0100484010530985
0.10714190910037 0.0992072358108674 -0.110418243375298 0.036441529428816
-0.0186460941263503 0.199250353124219 -0.230366621736305 -0.0143247421343871
-0.202929201749942 0.00368395227063521 -0.245229743129252 -0.225782981663775
0.00349090083918027 -0.174714222265177 -0.0291744584047462 -0.379660867070209
0.212790129410652 -0.0579376157067731 0.108603793865467 -0.0461594773928189
0.185087384050318 -0.0553903055850859 -0.0444518186170507 -0.00259849076323253
-0.0166472298586861 -0.146314218270497 -0.126857954395203 0.283714743384516
-0.137554177901751 -0.00431259441331371 0.0630916962129937 0.312298902946568
-0.010514056508475 0.11334004298967 0.171540638468475 0.174550857744748
0.047363374861046 0.0346457757101604 0.144870338932968 0.0328533227585605
0.00863281510839342 0.00366408776514798 0.10116094448915 -0.0126103923546997
0.0115225079940733 -0.00513255472700683 0.0685527390876498 -0.013304999787831
0.0346718558814566 -0.0106795445002917 0.0224107220822928 -0.00695778702710258
0.0525833004898781 0.00284126936726689 -0.0181617702031611 -0.000988470377441553
0.081998874222753 0.0646838862854658 -0.0321758015692162 0.0105652067445333
0.0465493438604129 0.150647976857644 -0.0710515727550542 0.0764783062985273
-0.138096341646643 0.165941626401169 -0.263088846813242 0.0379311841200646
-0.216036907509663 -0.144075740404904 -0.31597841013611 -0.256833337481608
0.110424784492179 -0.248040562341646 -0.0365746325831188 -0.46178398876578
0.290209945194284 -0.0412218800888664 0.0746020730961385 -0.0743958578117306
0.144707838941528 -0.05585550572154 -0.0437901894594314 -0.0221428868376425
-0.0246156239455972 -0.088851897381723 -0.104262501442768 0.20999310382913
-0.0774995929315719 0.0276751385739417 0.0359782714819316 0.289058358772991
0.030759165650165 0.0658312029876942 0.184589264459474 0.184898472445406
0.033999648466176 -0.0148660640125876 0.170966902446244 0.0111756045320704
-0.011615351411915 -0.0240905974756083 0.106820193299724 -0.041831011529667
-0.00343499090393361 -0.0163172714903861 0.0668051362915467 -0.0195619496712334
0.0226309149934926 -0.0049350347072305 0.0302296918516556 -0.00306916308777828
0.0455419151318303 0.0239684572370522 0.0089564608364252 0.00616883452792637
0.0472643394052227 0.0921273310546812 0.00672283621660034 0.0449702521947957
-0.0346597845649595 0.13944944833401 -0.0719834790268978 0.141260799282232
-0.198075115210701 0.0531779933238213 -0.337721137673119 0.0515592745361625
-0.12271779687323 -0.251337694443598 -0.360839564347048 -0.346675267259811
0.215728809394238 -0.22502648090344 0.0100527480786636 -0.546153670664062
0.29442555887154 -0.00288939215384707 0.0385455142300343 -0.10284347144293
0.113628406835673 -0.0483584415770269 -0.0542133059407107 -0.0396015169589148
-0.00391080534641952 -0.0600257938173128 -0.0987852962252341 0.167286352512003
-0.0339661485247957 0.00820996321581291 0.0390843872658355 0.283466486193573
0.0213706984741167 0.0173479539885114 0.216212962500032 0.175609191769703
0.00668760206256491 -0.0343364964892466 0.191102632381588 -0.0272594837108682
-0.0204976833845044 -0.0297758082841932 0.104033404694791 -0.0719429813166516
-0.00971397828143105 -0.0150688565622881 0.0614312461830338 -0.0248767417943894
0.00768156849396875 0.00208938744469559 0.0333429573903373 -0.000726227624905009
0.0191921637725241 0.0299539024399115 0.0269345315251662 0.0215591973260629
-0.00422240511612729 0.0717519413485966 0.0185433346548167 0.0901465607077195
-0.0827276698572523 0.0625673953740541 -0.115545579722541 0.186881313515509
-0.147880105481166 -0.0633663521631442 -0.410478367424743 0.00116740750767353
0.0180652853499967 -0.232506599939761 -0.340129371967884 -0.463893745298698
0.238545910910696 -0.113921754713343 0.106573211343227 -0.599397158405078
0.211160082609774 0.0303893288203983 0.0125805661294898 -0.126740424452045
-0.0480375322023802 -0.00641852474969741 0.00838433545823483 0.0256473126933262
-0.0675779311297455 0.00904901146129684 -0.293984827268381 0.499074754274523
-0.0782110052877289 0.0606224026981386 0.247723956074462 0.627656855247545
0.00974541744771419 0.0880274241531757 0.501823328018918 0.114151601917173
0.0502442731840039 0.026752241510816 0.199561752678967 -0.21957246884949
0.0387025016103694 -0.0106302758293426 -0.0208059836468028 -0.143604424511759
0.00623376775230672 -0.0178815382161965 -0.0346473881162915 -0.0304792987356495
0.00312852983285288 0.000869354697169119 -0.033068461496344 -0.0124262007110332
0.00102862623273949 0.0130265904021088 -0.0675111248323955 0.0249539920020721
0.0126234087085565 0.0158191938014597 -0.112918246980788 0.0689805508675314
0.0120901214079651 0.023273698862194 -0.197216308871269 0.0555927674616164
0.0134306060505754 0.00840389156197591 -0.246934291621808 -0.121111344977077
0.0272192367434172 0.036094446504137 -0.0965324159532706 -0.283263547036619
-0.0143683615118437 0.0803013615173868 0.0762294058557332 -0.230619937834186
-0.096251873860241 0.051575669394209 0.094084247810629 0.029577576185172
0.0837222136870327 -0.00580257261072121 0.023607639713992 0.0249195557255786
0.0306567920156473 -0.0961295735233493 -0.316268862404655 0.481239799935156
-0.115889460916105 -0.0595219995490193 0.189582384199487 0.627110107131311
-0.095497434399915 0.094052230752428 0.455684328737194 0.165353773580672
0.0204356948151463 0.0944284670831499 0.21282929151073 -0.166868003592384
0.056839952171703 0.0426411909854748 0.0104884555185082 -0.127054034220212
0.0368365483950042 0.00156052260841831 -0.0119420376667232 -0.0367521524440833
0.0202854702672027 -0.00483604437367587 -0.0257606704005301 -0.0142611262975972
0.00286511800471127 -0.00845160471215641 -0.063441997865236 0.0248889303187831
0.0135880685450395 -0.0149394950815007 -0.112273084648797 0.0729973200550454
0.0469858523961782 0.00141269157573171 -0.195071877848978 0.0674784361367832
0.068319874064685 0.042231011212487 -0.263205891461812 -0.0979670564309021
0.00745102218652 0.0899268710762591 -0.131663073732905 -0.271182677523975
-0.0425787045609299 0.0718848565580482 0.0630461153771626 -0.251976586448345
-0.0558822279640438 0.0230514713686372 0.117763463464848 0.0226031490915977
0.186093820087746 -0.0136392548287132 0.00301634926003455 0.0199691851130563
0.0925030708083138 -0.183273760383647 -0.301848003162996 0.476132718929131
-0.149002038687348 -0.138060104858642 0.17119465094392 0.572647653256079
-0.158080044773024 0.0988979132538321 0.382390320689981 0.16750952147913
0.00208609695117385 0.131480857728692 0.186622674243198 -0.102205829529465
0.0602482993995047 0.075155668969744 0.0398385703794887 -0.082869299828961
0.0514788508226851 0.0177233365716837 0.0190976959020832 -0.0301643930713307
0.0334915459293178 -0.0111626395502925 -0.0148963358488692 -0.0154407714938113
0.00980062228534142 -0.0266204967804474 -0.0630506457615458 0.0218443088017879
0.0274079048519786 -0.0357468364665062 -0.114158615396654 0.0612968859034868
0.0858979920537172 -0.00419464428119105 -0.185719568592177 0.0591953404062934
0.10291581980519 0.0908369675675613 -0.262686880582606 -0.0802857491231012
-0.0370013919588642 0.124744850844472 -0.16455113549043 -0.258213517560786
-0.0618726581025777 0.0288190521223421 0.0358545469545802 -0.287036914170975
0.0127957067706871 -0.0159276842361456 0.135760485613122 0.0019937749635358
0.231943331531187 -0.03483842795152 -0.0275725719604341 0.0158850878874444
0.078225006256087 -0.231628957373775 -0.245676345137511 0.449668641941749
-0.185568937247836 -0.140032948542228 0.159114862326202 0.477629908347548
-0.153607187749332 0.122798962455137 0.289967272109525 0.152826058608938
0.0140660745032287 0.131678316829239 0.151858166593863 -0.0347779173328298
0.053312441529297 0.07377615180834 0.0659884792615253 -0.0346089095598632
0.0488712904539905 0.019608415651215 0.0471188293767075 -0.019846224438275
0.0411937423957596 -0.0165888947839724 -0.00219148567120792 -0.015142709361965
0.0251302923097282 -0.0342453093758197 -0.0592923433031777 0.0142668795271544
0.0567205927804599 -0.0295115827165819 -0.107786674334457 0.0364700877791253
0.119655053301258 0.0298733004113909 -0.160353692976045 0.0407035945584897
0.0834396834525927 0.157745155733498 -0.247766168695043 -0.0560537308182739
-0.121205609331555 0.109656494914894 -0.202582611518124 -0.241307820137037
-0.0582302093777536 -0.0637962523682584 -0.000267482726725658 -0.331838163996129
0.110692533280168 -0.0545321774346514 0.136257235831658 -0.023398700779043
0.22495875303796 -0.0577741244807672 -0.0475461208317513 0.010065786921143
0.0200477283444194 -0.215830594396897 -0.175709176592344 0.384681578287075
-0.190614590497858 -0.0724939300055638 0.117827487889964 0.38005045704977
-0.0860851751674322 0.138826656646282 0.21149033337859 0.1593597959635
0.0411473126916782 0.0929701819587863 0.138643338361687 0.0170945841434447
0.0365236333176409 0.0432587066118757 0.089654542729305 -0.00827387358220834
0.0332796845574177 0.00859968733640304 0.0642631191917712 -0.0146607293486395
0.041781334564597 -0.0178402651616324 0.010421153382906 -0.0111790316272826
0.0446187202768605 -0.0237901726722735 -0.0449626680096502 0.00588438559231434
0.0873510353641094 0.00959832833748071 -0.0812078195388812 0.0133650304105
0.115970103139987 0.0968374108034642 -0.116008861675005 0.0393958648438481
-0.0071913117701951 0.207079340534432 -0.237830539346984 -0.011260140155714
-0.212522864906304 0.0152922650739434 -0.25704301352746 -0.229769728374927
-0.00671350403500413 -0.18326984076901 -0.0391469266100841 -0.392077093405346
0.218244798023942 -0.0736856879233431 0.116618019095562 -0.0516021059320939
0.190470681106227 -0.0687059906804348 -0.0489987413451397 -0.00484343251533348
-0.0244773168910118 -0.154009893822038 -0.125922675070726 0.294227315559901
-0.144794991404968 0.00224592421817303 0.0687837105847748 0.321371417977159
-0.00457313123448849 0.118677657932832 0.178875840332885 0.180793839398359
0.0519397986515999 0.0320069299620325 0.152817444550951 0.0333412220866113
0.0122803234365523 0.00373437169652293 0.106297196498486 -0.0162644929544798
0.012957353965047 -0.00699958724731323 0.0705877743613917 -0.0168260310941788
0.0357277560620869 -0.0157398778326956 0.0224744049073223 -0.00849801856573242
0.0560926411749291 -0.00108420550819804 -0.0203540637234391 0.00128021400815027
0.0890279694067501 0.0619980625284991 -0.0375055594486544 0.0124553287823237
0.0590367010374377 0.153166124833892 -0.0751049555296759 0.0764547945752603
-0.13200411039778 0.17874965196152 -0.26588528179083 0.0441482215237787
-0.232597765815771 -0.135618410763192 -0.329757335140846 -0.25608349039227
0.100924011848902 -0.26455586790204 -0.049598599274668 -0.473359625186171
0.296846392635481 -0.0583685920763676 0.0812192456057149 -0.077689087586885
0.147129354775802 -0.0666914242565107 -0.0506267838257086 -0.0220860732886936
-0.0298101553169953 -0.0929112914700126 -0.106705748334749 0.218327920815828
-0.0806076862655042 0.032552561282719 0.0409556645171761 0.30011285840709
0.0364318118700739 0.0683781558535532 0.194003597516064 0.191313246098135
0.0359962354281564 -0.016298174100402 0.178753994034859 0.0100668449710819
-0.0113508278435256 -0.0239242535163253 0.110078839068124 -0.0472851790834638
-0.00351473574988878 -0.0175658037856758 0.0688424244455618 -0.024745661175069
0.0238533730826919 -0.00758663895398882 0.0305175546609114 -0.00608351597178451
0.0491314330704622 0.0214669889478395 0.00814797894662396 0.00646144270235804
0.0561452582641064 0.0924560314300546 0.00567984541873792 0.0433126660470123
-0.0275503921080153 0.145271540650568 -0.070259402177088 0.143210688765998
-0.200358072813903 0.0666129683107263 -0.34187154869488 0.0631614160678007
-0.13927493978048 -0.250266691395117 -0.381955634786773 -0.346957542316497
0.21191626632352 -0.243441871102802 -0.00606249798619418 -0.561484359484549
0.304251485733578 -0.0176940727110421 0.0411433911414775 -0.104317431231891
0.115002119115107 -0.0559238451471158 -0.0616770407737844 -0.0391227393146578
-0.00597106968554607 -0.0631430642198352 -0.102305690438272 0.176218179396651
-0.0355727293680193 0.0107512073785795 0.0442283190931256 0.295643085690955
0.0233780774323436 0.0178173830060587 0.228324624399924 0.180246061026469
0.00580704702692717 -0.0348996060669346 0.198122054133544 -0.0306450428579869
-0.0211847666853826 -0.0289282659494389 0.105309183545022 -0.078081638211162
-0.00976331492655261 -0.0158985452634827 0.0629602267891689 -0.0316921078551577
0.00977944809478514 7.63203494764681E-06 0.034077778341022 -0.00439796966585978
0.0230298299140954 0.0301199854486744 0.0283433562535961 0.0195464266425917
0.0011706467289748 0.0749134630705073 0.0211137504534185 0.0898787941018125
-0.0808305988312345 0.0702858175573955 -0.111902662233077 0.192738482473035
-0.153932776990981 -0.0567565579386972 -0.418785792792551 0.0131113560803179
0.00721116118119274 -0.237849799014268 -0.363851972484156 -0.466174845010119
0.24151524588393 -0.127630471261534 0.0924842980972083 -0.620264841629815
0.219757982552367 0.0221429425038368 0.0141042979859664 -0.126930986156867
-0.0499425471766604 -0.00261644572147487 0.0065208652293791 0.0199961724201377
-0.067051519741299 0.0146865984817343 -0.275691393777537 0.520285701510525
-0.0748026434377212 0.0667288466255248 0.282327840480278 0.621235442147088
0.0156747175020336 0.0878727927473242 0.508096648958046 0.0895623625134808
0.0510189556866346 0.0223815534332493 0.188671878918751 -0.23131036130038
0.0377244712088693 -0.0135792809791593 -0.0290851119138693 -0.1416847663979
0.00401022167501896 -0.0176579516103213 -0.0357573160862427 -0.0272916685936365
0.00261727525533095 0.00163464997588548 -0.0344384754911797 -0.00819263634457547
0.00176245437446664 0.0133056540156247 -0.0680060544180187 0.032843173122149
0.0130309309095413 0.0152451949239042 -0.112673346319078 0.079283957422588
0.0135464273754963 0.021677873366555 -0.200579688413724 0.0656183054138397
0.0140804286238429 0.00665355562274453 -0.258058404037128 -0.114688255084553
0.031068585582973 0.0351511819148817 -0.112401348044484 -0.288213767162657
-0.00912329162660982 0.0832469286955942 0.0700727485920964 -0.241504254806562
-0.0947073863304776 0.0588108909554328 0.104573068854389 0.0217481452786329
0.0838585906543736 -0.0120192965375078 0.0212043320246381 0.0183785494565954
0.0251313093444888 -0.0992924203546315 -0.300504837232659 0.501795842318383
-0.122181760004305 -0.0519282013914992 0.219482065420923 0.622661240872524
-0.0900864365378072 0.101743692131142 0.464671336079032 0.143443065015771
0.0262400904886706 0.0929043199244357 0.203817167882679 -0.17772861664525
0.0599837891654823 0.0385441519739811 0.00354738517903952 -0.127598186621691
0.036938972220605 -0.000650149584493856 -0.0142310656918862 -0.0349735038031658
0.0196222393257293 -0.00732187035517621 -0.0268151827976532 -0.0108911508221355
0.00175704913634576 -0.00820656506694651 -0.0644460905700415 0.0329860590764351
0.0121670666259148 -0.015438119456154 -0.111500945805483 0.0820837586068531
0.0472430613334765 -0.00150798797706663 -0.197328478675878 0.0792109007630143
0.0723708647662792 0.0377007201597305 -0.273447617471355 -0.0887184286488887
0.0143154719311128 0.0920071565694407 -0.14661526829035 -0.274459994000838
-0.0388905339150095 0.0749447897956134 0.0558532187757322 -0.262721444196889
-0.0553851590679944 0.0250402048327492 0.127163935591274 0.0131265615021021
0.188600174665304 -0.0280900297949431 0.000470077126563705 0.0142877020247405
0.0804095842463771 -0.192878047177426 -0.28480265517255 0.495639305800372
-0.161931286789819 -0.129750293979748 0.199285029171578 0.56980596649368
-0.15349795673276 0.111884657690013 0.390272038745524 0.151474535811066
0.0112595227481758 0.132142714003642 0.181674257665037 -0.110541153852661
0.0667682263226398 0.0706803328940178 0.036284062746834 -0.0842400250770899
0.0531305405422449 0.0134624911490814 0.0175896910669435 -0.0310943120226629
0.0328577526587968 -0.0145074293150809 -0.0166016621221663 -0.0137326719260473
0.00737036422512989 -0.0279181168818118 -0.063617850370567 0.0295194833995359
0.0248056992250812 -0.0369207088448808 -0.113863597867149 0.0703210904312573
0.0871967208615469 -0.00992563338816114 -0.189321748215172 0.0692224892593927
0.110253491033808 0.0843830051764998 -0.272414791842292 -0.0708973841436451
-0.0299184868087959 0.130460554254966 -0.179439487444923 -0.258704365550027
-0.062705045410097 0.0313727225438234 0.0269093087747207 -0.297015588525955
0.0112789216380826 -0.0211330534012548 0.144334687027419 -0.00844850061513211
0.233197141041264 -0.053077111033796 -0.0303732327449776 0.0128310227959762
0.0622065886618886 -0.242363612006848 -0.22752976885083 0.467196990488127
-0.200452847094571 -0.12914275039469 0.179594572158191 0.474884663958298
-0.146984421902164 0.135636617920562 0.296637441298977 0.143097988293774
0.0235301891241656 0.130936717793604 0.151264290589416 -0.03855621378321
0.0607165865270404 0.0708626814110329 0.0662412904428774 -0.0378020022813826
0.0514034695577169 0.0154293537722426 0.0460059377845389 -0.0240690460082955
0.0401241882202512 -0.0209558308409106 -0.00465848520401718 -0.0146634586232898
0.0223096261861825 -0.0361353488406086 -0.0605354687465239 0.0214190787683148
0.0557898086283778 -0.0332317255555693 -0.110416352067909 0.0453250107539422
0.123249201739534 0.0221164697036985 -0.165840084388895 0.0487465326483294
0.0964034896681537 0.154760530252728 -0.255797074466196 -0.0477055600257924
-0.117238546821782 0.121466653512662 -0.217417159651169 -0.239289788843649
-0.0661777018676005 -0.0631943553156804 -0.0129804324777662 -0.338923764886638
0.108617263786867 -0.0676188784753178 0.142894262745466 -0.0336853815722889
0.224894507795448 -0.0761911864109358 -0.0510049230088059 0.00964264570109226
0.00420653540385938 -0.223720937591433 -0.161263095427764 0.397125805008762
-0.200886129429829 -0.0595094404782467 0.132486342795301 0.379905158490634
-0.0774422316986377 0.148597526192405 0.217369461598005 0.155073833250705
0.0489830454636577 0.0901723236049223 0.141348324616867 0.015861481167218
0.0425214594783583 0.0419231765771976 0.0923937770241175 -0.0131542174669258
0.0349631120595691 0.00470237784332051 0.0641096915591396 -0.0201542277885723
0.0409267133245908 -0.0244410563171948 0.00876537574053366 -0.0124933405617772
0.0438641978815853 -0.0287425307217336 -0.0477046706330639 0.0114833214642527
0.0889637930626961 0.00430171735145897 -0.0858337647182149 0.019546101927902
0.125912863160896 0.0904395022040853 -0.120275241331383 0.0440784845121987
0.00880540853384544 0.211166271967438 -0.240540282740771 -0.00305279728735515
-0.215621185535891 0.032811081017885 -0.272244694051311 -0.224365850768764
-0.0206184886948057 -0.189178799032171 -0.0567011954403877 -0.394183103193101
0.216064733370664 -0.0941980096468126 0.12117197372236 -0.0581289908391247
0.18701770896889 -0.085591968590049 -0.0554769802834371 -0.00377848104968265
-0.0370043526889899 -0.157642354655785 -0.117245620741553 0.302644884233701
-0.148604138665795 0.0144271141277001 0.0783487158628609 0.32502600748707
0.00491321415276889 0.122596322402257 0.18839237787212 0.180654917385242
0.0563394411172945 0.0299244307017085 0.159096879228816 0.0310203457395163
0.0141579419682982 0.00399690951036743 0.108076132322787 -0.022994403444553
0.013598368835367 -0.00903296592405838 0.0710926347133556 -0.0242946127684502
0.0353735482211376 -0.0204834975588317 0.0203106672893478 -0.0109263514596754
0.0573675520670491 -0.00587978165744477 -0.0232769159348228 0.00367695396834747
0.0986182695946848 0.057487877555846 -0.0382735545410244 0.0152775858486821
0.0719260616248864 0.151361066601735 -0.0755286184126777 0.0793159913269998
-0.117916803906983 0.192058810986429 -0.265377914786964 0.0567484667511659
-0.246530727924446 -0.119720846769994 -0.346055888857028 -0.244578467535413
0.0833107142648885 -0.276800470923949 -0.0726572125939005 -0.476124448540403
0.297038261509253 -0.0831282726786735 0.0832601314519728 -0.0811285627381027
0.146047550293766 -0.0799542186316542 -0.0570943358288461 -0.0221577874760891
-0.0380691837418558 -0.0938945415402337 -0.102045293354567 0.226435126834458
-0.0810779791514284 0.0394995610721818 0.0499724652082744 0.306384512162107
0.0426984461667387 0.0680982700672904 0.205954799712703 0.190198755884509
0.0374366421666665 -0.0187498584115488 0.183908554581769 0.00484634846387676
-0.0107805585343665 -0.0229812252672902 0.109749823857498 -0.0543114228505916
-0.00359551922705193 -0.0184043206938702 0.0672248720600657 -0.030808453089771
0.0246790307401064 -0.0122467624296326 0.0296477780998799 -0.00873145501222392
0.0529714556410696 0.0164436716648664 0.00712075635038537 0.00490024946359053
0.0662349125480539 0.0889723977317877 0.0045332181860506 0.0423534699568333
-0.015437115815667 0.149921271738717 -0.065187438824303 0.144123475693058
-0.196294041857446 0.082692032733202 -0.339312269085495 0.0792562942919767
-0.159264021828633 -0.241819424009967 -0.400496985651131 -0.332642809774587
0.198052687940725 -0.262756217423271 -0.0327271766181333 -0.566843858853286
0.307894189360527 -0.0401347200175352 0.0422027003558451 -0.104546266941492
0.113445063761798 -0.0656136160946829 -0.0691455925567333 -0.0359945062796253
-0.0103712296213604 -0.0652437654104773 -0.100674244893201 0.184480286714869
-0.0349876924417479 0.0140427155207046 0.0553449974440109 0.30220589841985
0.0260771863878681 0.0169929458450763 0.241376404969624 0.176936920415015
0.00494607851297795 -0.0354283867050457 0.202163193564977 -0.0380852577421862
-0.0221471051586634 -0.0274850791286924 0.103203253865968 -0.0858593003584282
-0.0099171334736814 -0.0156980403913254 0.0623977342199696 -0.0381219443165901
0.0112957743185036 -0.00198624168894064 0.0346433119929439 -0.00846616766871338
0.0274625819666894 0.0278142896705232 0.0298642856112262 0.0169462195831529
0.00914568743535044 0.0752235205228329 0.0250680801436337 0.0872589253491626
-0.075557752795207 0.0779714995102797 -0.101739924476232 0.197424588211817
-0.157985679291774 -0.0447249405680815 -0.417787515498106 0.0351611998831267
-0.00921939638736244 -0.239340887896562 -0.388526029116313 -0.452798099987777
0.236266449265441 -0.146194581816622 0.06120389272773 -0.629261577284893
0.224185634535094 0.00839508786249247 0.0121662444226432 -0.125740496943859
-0.0499445382225035 0.000301079300907389 0.00236810682362306 0.0136247834086913
-0.0644844716966998 0.0177374727808417 -0.250197781305343 0.526889022929497
-0.0694363564813931 0.0705426842655111 0.308491484013099 0.597902597100502
0.0212149219394468 0.083737154034763 0.501927297580348 0.0629758538401396
0.0506833406786664 0.0182207701173619 0.17195682354906 -0.235865712284879
0.035136306156481 -0.0170396922765486 -0.0375849918664521 -0.13620222488205
0.0021066110844038 -0.0166584115067453 -0.0363541712661033 -0.0236074601068798
0.00201163090714811 0.00311546896054624 -0.0345205222634625 -0.00433495394352794
0.00337347929642923 0.0147493554875636 -0.0657919789610573 0.0394120718051184
0.0131356108866785 0.0152043523911936 -0.108805074691794 0.0860421590205285
0.0133290079470903 0.0200542112147304 -0.197113853104492 0.0766007042652685
0.0145544800450358 0.00432217983742995 -0.26196803133203 -0.10311587110415
0.0342008467077245 0.0327860190456722 -0.12586067583881 -0.286119119534083
-0.0022235291985194 0.0843688364024807 0.0633945117415148 -0.245887255245625
-0.0901151200763369 0.0650324847569633 0.111475610831014 0.0131803235719626
0.0821682231246046 -0.0181876461951947 0.0176309323466111 0.0108896303771133
0.0183475389467607 -0.0999710594326847 -0.275019251783084 0.512561007211141
-0.124142400313669 -0.0421645741657765 0.248615161850521 0.60271863667521
-0.0821528024513743 0.106484827598668 0.462416927251889 0.119331474674316
0.0312849158124059 0.0896549510864789 0.18885259930848 -0.184594286552089
0.0624740719510317 0.0331397845889191 -0.00387097561055139 -0.123962346617842
0.0351360965085202 -0.00292588982477043 -0.0156972868705931 -0.0331759385150333
0.0189623783361287 -0.00782940744048466 -0.027541803261888 -0.00746770550335001
-3.26816113149346E-05 -0.00756523911629703 -0.0619072125340787 0.0399640527222851
0.00947776477723292 -0.014600806274312 -0.106840612685155 0.0901231528809132
0.0463558184220709 -0.00523560763008637 -0.194446256509879 0.089113026342458
0.0740411558496181 0.0316437047402387 -0.276542092658333 -0.0766965559054372
0.0202721467293971 0.0906937973724015 -0.159793373752167 -0.27010837690877
-0.0340786487954999 0.07642817630711 0.046133553649331 -0.267190050158544
-0.0534292172899899 0.0261180872554281 0.132763260829948 0.00243589466519794
0.183534875040356 -0.0409108577445576 -0.00283691749749474 0.00979244210926008
0.0664507778978327 -0.196880280537183 -0.261709938950589 0.503632876096277
-0.169342025679999 -0.116732138209897 0.221643601380661 0.550575333174175
-0.144193344002857 0.121671790699206 0.388932349160358 0.130270284556391
0.0194674323928404 0.128697676931301 0.172081845909001 -0.114196697146158
0.0721528421847062 0.0649316530678232 0.0315651916003094 -0.0843783188580019
0.0534156636554494 0.00948430612808996 0.0149468653993809 -0.0319022173934198
0.0305491507521207 -0.0173038652511462 -0.0182621396147959 -0.010807296312061
0.00414267017523993 -0.0279742566433047 -0.0619705529154213 0.0368779992254401
0.0209354200026239 -0.0376105440120809 -0.111359705516003 0.078647150418183
0.0853939798062105 -0.0158409936492618 -0.187037834374603 0.0788086888442781
0.115308710429408 0.0760719892561725 -0.274546530931644 -0.059040033395925
-0.0215523650431877 0.133107243792229 -0.192232556508235 -0.253017524218287
-0.0609823183659043 0.0340223133146244 0.0156575759265096 -0.299446799117882
0.00936821963110844 -0.02535549595045 0.148137868517878 -0.0192556296150806
0.227419590192104 -0.0706223769242951 -0.0346400658353703 0.0104803990407641
0.0453247705638417 -0.245615211043306 -0.204270064186152 0.470180541115678
-0.208076430566774 -0.112364650098748 0.196977972952727 0.458778985001126
-0.1352831796799 0.146313381496786 0.294857763683123 0.130311207115732
0.0320481891609841 0.127417246089036 0.147401733342047 -0.0418899691622909
0.0670656056947205 0.0646218441595689 0.0644678092544271 -0.0403226511280678
0.0519537311056166 0.0114795644763738 0.0437877318171263 -0.026204081204311
0.037789033620445 -0.0256730572291919 -0.00643009821646119 -0.0120124378016589
0.0189070567312434 -0.0384193937096839 -0.0597690999363313 0.0284396495549822
0.0527835209274903 -0.0361774898868786 -0.108959279597354 0.0532242222399832
0.12362989100518 0.013067944591956 -0.166015508636105 0.0576260935133394
0.10772675084298 0.145853029666426 -0.256857531697027 -0.0365972745995281
-0.108644187150001 0.130294650064598 -0.227786075973264 -0.231375581562239
-0.0720359455986465 -0.0609503898929517 -0.0258322780716642 -0.337905787487883
0.101713279890556 -0.0784188238411673 0.14569502741192 -0.0425396112664303
0.217861783084199 -0.0930730858541106 -0.0547905734993875 0.00905375666932659
-0.0118246017732559 -0.224621814789366 -0.143876801026048 0.398077235540962
-0.204007888810849 -0.0447952642700835 0.143231267093139 0.370016117108912
-0.0659123658596257 0.153418547889342 0.218270217095732 0.147826074979713
0.0552636193061391 0.0854226258068336 0.142807891034045 0.0136817941275211
0.0466688600836126 0.0377776340849683 0.0914828498903625 -0.0191031355713347
0.0366256221487645 0.00218830107106344 0.0624234934030974 -0.0243550675278426
0.0384547110609908 -0.0282183662573692 0.00667668784513924 -0.0118867139598498
0.0412310346140368 -0.0326046878772111 -0.0477699836225358 0.0158613770389374
0.0909514160972828 -0.00219574827164589 -0.0866171703565788 0.0258951501313097
0.132216840297237 0.0802413681369439 -0.121419722060146 0.0493769014607566
0.0256369514111154 0.208270269762442 -0.238429558771354 0.00640840710975685
-0.212415631331595 0.0490555064567118 -0.280479074582558 -0.212161798522462
-0.0360852034830134 -0.187555903941036 -0.0712762464508646 -0.389485498281677
0.207062811688072 -0.112401300701767 0.122763338361007 -0.0652125437442828
0.180293593471471 -0.100145651146529 -0.0600843819234193 -0.00269684525503772
-0.0486472598140508 -0.15641728986725 -0.104319726872188 0.304305324802682
-0.148694610644373 0.0248622089794933 0.0885851368239275 0.321535922791188
0.0132612048154191 0.122048689444134 0.193328451517759 0.175680209613842
0.0589578257584031 0.0248852149161785 0.161490634830934 0.0269281185050406
0.0171802487205255 0.00266755322952343 0.107270364196138 -0.0287708532526262
0.0129762958220923 -0.0105713477087369 0.0676057511886509 -0.0281568966699484
0.0330381253162835 -0.0248436814613001 0.0192340502470985 -0.011476070964737
0.0576367848175567 -0.012307960758564 -0.0230238167197289 0.00546329504340656
0.10289342123028 0.0479703022489731 -0.0419983787680186 0.017557932365249
0.0832128165245792 0.144028466855876 -0.0738404141756112 0.0799599970240141
-0.102297567911614 0.198825915308862 -0.257183848817655 0.0663591616781374
-0.25315798313365 -0.0979776402983889 -0.351596206129168 -0.227309902360377
0.0621791442888571 -0.282002879835357 -0.0938695974844705 -0.465355276590542
0.288432323917098 -0.104988970432104 0.0839600629908721 -0.0858304483589063
0.14043212541176 -0.0908245655899003 -0.0626702651932524 -0.0185631448400319
-0.0437560076380309 -0.0933513484680144 -0.0957232068606385 0.228584967647754
-0.0782061693815693 0.0448000745581346 0.0604714577174161 0.305227015802553
0.0478548555301532 0.0652241858381046 0.212966984935117 0.185300600852617
0.036765126780511 -0.0211043625092276 0.186753773588023 -0.000981420140307435
-0.0102873837902863 -0.0219389725018754 0.107059076598399 -0.0600425614926449
-0.0041431299164828 -0.0185438278027055 0.0651494287511613 -0.035637164391494
0.0247207320996671 -0.0156814077285769 0.0287255821567279 -0.0118927333112841
0.0545003029149329 0.0120833535618339 0.00661366969895222 0.00533888519150436
0.0736660049072453 0.0830681376762187 0.00424841810574546 0.0401387372371481
-0.0024370593554507 0.150082266566121 -0.0588161690624818 0.143370263790223
-0.185203482392142 0.0969401875018563 -0.326770286981221 0.0952073871682846
-0.174868085983269 -0.225792081681275 -0.410026351369301 -0.307352908871495
0.178524227519197 -0.274170862179866 -0.0607478228403547 -0.558230895247959
0.301647765423105 -0.0614809373060447 0.0416275319366763 -0.104005975757709
0.108818943378274 -0.0738837638108091 -0.0752125436523579 -0.0313855455380602
-0.0143860437098232 -0.0651597200210223 -0.0965559813067647 0.187558791793421
-0.034224358301154 0.0164886014313898 0.0657748754693191 0.302027692493617
0.0285890623374379 0.0154960117088694 0.249149657119599 0.168763307203228
0.00379216213100397 -0.035352792530744 0.200983158877525 -0.0454124366287796
-0.0225475503136649 -0.025889982591827 0.0984145153074173 -0.0908835931472053
-0.0104705198378048 -0.0154190263101189 0.0590356646828962 -0.0431985989447419
0.0120693884093164 -0.00463184860261827 0.0330864782513444 -0.0127501813744565
0.0300832343563639 0.0240139304901528 0.0293273088721707 0.0147638357809524
0.0165419273676073 0.0738555345763467 0.0279073598038368 0.0811110701413869
-0.0673615080925178 0.0823871440312862 -0.0899593581675756 0.19674979210038
-0.156992041500601 -0.0317356605376486 -0.407345513556136 0.0564080224994042
-0.0246141788043082 -0.232817817973229 -0.405698749404257 -0.427105751647147
0.223502245687082 -0.160764606347573 0.0294863435698008 -0.626761968099958
0.222755877119383 -0.00720038148472006 0.0117787302377301 -0.121857999144089
-0.04940483002146 0.00214830344831249 -0.00165989731463906 0.00832975042902472
-0.0608125101460724 0.0204571204365356 -0.231595666106107 0.523284241541603
-0.0639599081650488 0.0709918322929677 0.316065587152807 0.571988392239556
0.0248954657955869 0.0804654290695149 0.486337538587324 0.0453241025772275
0.0490411650826174 0.0147305234203798 0.155543694903811 -0.231872911623782
0.0316505840124462 -0.0196851415920798 -0.0417126005098571 -0.127847764064059
0.000993999014299258 -0.0141223821858694 -0.0350500496839655 -0.0198193827307593
0.00147566917607166 0.00345213830911523 -0.0345092838945519 -0.000515833214037211
0.00376786619346844 0.0147569326635345 -0.0632499346681645 0.0448274817638107
0.0132585557014656 0.0161502743254087 -0.104237359644782 0.0894427009795123
0.0138643590158639 0.0187952641879285 -0.192258363159328 0.08247930662954
0.0128395758114979 0.00346308364106454 -0.259867437950943 -0.0948147794556928
0.0364357283690431 0.0302578035184834 -0.131366038195467 -0.280037116792677
0.0033526772371596 0.0821420713819116 0.0578730808872748 -0.245464000538768
-0.0853829481540408 0.0665357637334334 0.113819090428326 0.00460053648379626
0.0780253980321694 -0.022464676744762 0.0138001829156251 0.0050755948929441
0.0139922370935597 -0.0985531096659694 -0.257255563627529 0.505127263689914
-0.122886624895661 -0.0350693153648769 0.258153167224809 0.578328358839803
-0.0745201836276163 0.107892029123413 0.448286056347048 0.102884935907781
0.0342318536305114 0.0851778377308186 0.176195125361912 -0.182327043616239
0.0617718530499418 0.0284006429832327 -0.00895545025160774 -0.118886783195025
0.0338682984574527 -0.00365436550786979 -0.0161842492458184 -0.0304356929779323
0.0167905822126575 -0.00867502840882904 -0.0276173733240813 -0.00421112020937239
-0.000739801748184829 -0.00691132353056411 -0.0588841501807558 0.0450647294259942
0.00863083076983917 -0.0139651745517082 -0.102450487056051 0.0939238149454164
0.0448413534590789 -0.00745877270992672 -0.189386075399319 0.0943522997287218
0.0731217856121821 0.0270484825597632 -0.274628613574973 -0.0691863736567324
0.0240685202139405 0.0883450951508407 -0.165287652225782 -0.26341424018877
-0.0297572198244369 0.0754817929123874 0.040283305020381 -0.266355280970617
-0.0518630094934292 0.0267404862686194 0.13574121873792 -0.00691029899349868
0.175953142727712 -0.0505195137680263 -0.00619570512542968 0.00548508821965432
0.0551279460497672 -0.196022139990375 -0.240951190412731 0.496737585087527
-0.171274416678145 -0.10434113902526 0.230830907537853 0.527561588820984
-0.134463273884036 0.125977180714785 0.377358308762075 0.117898771712085
0.0246369955588882 0.12356679511382 0.161924273864851 -0.113294806907082
0.0741736385340769 0.0583801033480849 0.0269575678938003 -0.0818136642644887
0.0522991882768388 0.00692560302959929 0.0131320419530034 -0.0314011748010369
0.0284998741007507 -0.0199046259727974 -0.0185900589085977 -0.00818889906761124
0.00243141090947396 -0.0278117979928454 -0.0591013899760601 0.0419514296682459
0.0182599913484344 -0.0373394903008083 -0.107013208321634 0.0826732850340195
0.0818866862875032 -0.0195160096669556 -0.184027471683591 0.0843220097980993
0.11713008798162 0.0669841804001512 -0.272010289259684 -0.0509006912323266
-0.0146430854358037 0.132016222959673 -0.196361975818696 -0.244559276190641
-0.0598243100145108 0.0341457335004965 0.0102104479083532 -0.296507249318569
0.00646900358301716 -0.0279268779429199 0.149033403386892 -0.0275850452293986
0.216655239570913 -0.0819101696458722 -0.0371422818127325 0.0081137359948438
0.030025420605834 -0.24316485841986 -0.186096623227581 0.462996244593595
-0.208712467356716 -0.099307669200397 0.201129352603261 0.439542622559302
-0.124246146257825 0.150796076172804 0.287346123994885 0.121689389115429
0.0383026037518726 0.122125985594156 0.142253655138787 -0.041087608900947
0.0695280222392684 0.0581709476009082 0.0622932164976696 -0.0416216557579956
0.0528890085306101 0.0078976925459288 0.04145411112141 -0.0278046371068061
0.0349026147839334 -0.0283983818646618 -0.00809471029492331 -0.0103994671287242
0.0164827971237371 -0.0391148624447472 -0.057948164036124 0.0329387247280925
0.0498742962213687 -0.0374645600913593 -0.106288239472719 0.0585793337124935
0.12133266166838 0.00693544853251281 -0.16407038410231 0.0622665991209712
0.113219625356328 0.136430586025191 -0.253020133942505 -0.03017273272157
-0.100204084920331 0.133927225739921 -0.230215829084057 -0.221581733446466
-0.0746362128120791 -0.057343729878854 -0.0323765202334598 -0.331524300073761
0.0943017075126811 -0.0850547963592562 0.145307871856362 -0.0503973239271309
0.207203727620467 -0.104457635765387 -0.057207615167141 0.00735486364857171
-0.0245361592208504 -0.221037546987406 -0.131306331791243 0.389456256962294
-0.203056583465702 -0.0328540420033683 0.146774099542771 0.358036277140192
-0.0550128950847588 0.152833258838462 0.213700168990544 0.142987252901565
0.0581083829196889 0.0797231942942251 0.140864880332812 0.0118938646468593
0.0493521915658093 0.0333769456602779 0.0902830343092218 -0.0221130909946598
0.0359140948503672 -0.000821561344388398 0.0590151095639385 -0.0263184862236144
0.0350016866172148 -0.0322334690577843 0.00546399302394788 -0.0115373467804653
0.0384375129703521 -0.0343953143304149 -0.0464678122724769 0.0191167206778822
0.09050126489831 -0.0072972951897584 -0.0876011491781449 0.0293362196946111
0.133519988413732 0.0712296903769225 -0.121782027628826 0.0517195718993053
0.0359922474227766 0.201105280406333 -0.232643644582973 0.00976450713691386
-0.205832016467675 0.0605213551802811 -0.278204950653889 -0.199887102121323
-0.0454800613660563 -0.183815131851152 -0.0771695546569013 -0.376437016254955
0.196481954643094 -0.121987654149463 0.122157968269871 -0.0691402902004363
0.171295828067881 -0.109978120718438 -0.0629303198327482 -0.00264569549541254
-0.0570622258780714 -0.153491539956836 -0.0984097646006789 0.297963791364742
-0.144750880962746 0.0309380577012228 0.0902196834472473 0.314173541827696
0.0201502823001228 0.118918514732709 0.191924515970989 0.170524458965861
0.0590981521143406 0.0189751272041442 0.162069089910024 0.0243593219681605
0.0180657923596952 0.00150567018993891 0.104069346812961 -0.0318636952706376
0.0140791117746928 -0.0117267439860724 0.0656802246709962 -0.0299756897608382
0.0308371988589803 -0.0273665397964802 0.0169389868735287 -0.0123713531066152
0.0559480713164975 -0.0154784890302476 -0.0242222002763834 0.00928735085004625
0.106077593089868 0.0410734927874848 -0.043140887538714 0.0197895628461017
0.0900632714728096 0.13813338144428 -0.0726917468814431 0.0799042507528958
-0.0880135263451637 0.198379127133886 -0.246842525450546 0.06854029089767
-0.251429459367596 -0.0819199243281077 -0.348213012470854 -0.210823873208878
0.0445663688163273 -0.280874469195173 -0.103805893264096 -0.448071080491101
0.274307799810884 -0.118655022294163 0.085220350783461 -0.0870831006499412
0.132973179630383 -0.0977503891739214 -0.0668210822160799 -0.016817402225053
-0.048272794926149 -0.0921498244185875 -0.0932203424851761 0.225510477065378
-0.0752486117649932 0.0478605229213188 0.0628299088872845 0.30181738702926
0.0517654832977288 0.0605370137403566 0.214022207231713 0.179314643303729
0.0352983663921198 -0.0233089818301909 0.184509898685997 -0.00413767826880856
-0.00957118298933608 -0.0206461494175534 0.103072375571022 -0.0631216031440706
-0.00326393713428529 -0.0182029623195355 0.0616133755604246 -0.0389801425679927
0.0226236797698555 -0.0182055455909094 0.0264326629885569 -0.013131658017833
0.0550168721808884 0.00636681759491915 0.00467792436785906 0.00477338131164689
0.078064365279161 0.0765881925713098 0.00153366253228259 0.0378636489537106
0.00634721650232624 0.145977259324551 -0.0545862001541435 0.138670276506485
-0.173260106553099 0.103915993319326 -0.312310477594295 0.101113584696405
-0.180799060780425 -0.208697195928536 -0.407183731959679 -0.287605452747187
0.1607415940183 -0.276866861565515 -0.0746890189224596 -0.5380458683426
0.290930762055321 -0.0753972495829662 0.0431837507152377 -0.101176635092163
0.102727772474867 -0.0786575109945609 -0.0787750712811891 -0.0272962225385836
-0.016373080303459 -0.0648200035354363 -0.0956623970495469 0.187278311647187
-0.033031567464582 0.01664016980774 0.0698748265104354 0.298479948090102
0.0298816587204499 0.0134939432644975 0.249820479110394 0.162540308473213
0.00284246338770582 -0.0353747860192849 0.197376704823577 -0.0492337232169452
-0.0214883585794704 -0.024219565378364 0.0930349088165402 -0.0930020331583619
-0.00971012782690791 -0.0149408449166925 0.0556019367137542 -0.0463752414292767
0.0122641404696372 -0.00571577628980161 0.0307008560778508 -0.0146316376642616
0.0328606441761624 0.0210856823070466 0.0281203131426131 0.0112838535204819
0.0227821136609846 0.0715717316223266 0.0276638849756114 0.0755752272038478
-0.0597097880157847 0.0842197068339022 -0.0805912904830268 0.192044834496958
-0.152490300135008 -0.0229095032039498 -0.391078132415004 0.0668430881539086
-0.0348260246022053 -0.223310440909284 -0.405646619296798 -0.403012977260701
0.210332693713435 -0.167024859308118 0.00977127401324699 -0.608717010706075
0.216245687681663 -0.0181348243310371 0.0125729981847155 -0.116312028780009
-0.0456533907532284 -0.0206699808494541 -0.00633782879373769 0.00523485363617809
-0.0604176422592362 -0.00861827069370324 -0.426364949254072 0.37228130823265
-0.0845515915743704 0.0386781938978472 0.0478510365556735 0.649736748587687
-0.0119652905296272 0.0777901531725484 0.421197078428298 0.239438215990088
0.0340572906970786 0.0341075264857625 0.232431014132415 -0.14333481485721
0.034134605161829 -0.00462043638138997 0.0139557613913935 -0.130521835641908
0.00595279653113079 -0.0116067724981552 -0.021853494992112 -0.0308930998557291
-0.000676197838293231 0.00417271173415663 -0.030282332098662 -0.0122004979585243
-0.00338230454488255 0.0163131246483458 -0.0742179704139344 0.0182240677388748
0.00552072290451794 0.0202408650681404 -0.132310664100076 0.0403195155427174
0.0044248119084339 0.0247451720917806 -0.20468483510081 -0.00700408109655875
0.00851193134103637 0.00973411561137687 -0.193136837558593 -0.197135024074047
0.0192194878878617 0.0397665274874096 -4.255984787812E-05 -0.30443393015648
-0.0289726823821478 0.0720459494449042 0.151647245273804 -0.197350898336308
-0.10072699923733 0.0301158204311237 0.106271916844704 0.0444513735918153
0.0813482874322357 0.0129504395174893 0.0036921273949387 -0.00401419751067894
0.0554534250650338 -0.0819906341185222 -0.447912523803773 0.34287310600364
-0.0933294040180369 -0.0804928053130027 -0.0156889431108501 0.632781499880311
-0.111076006690439 0.0619380933794352 0.363852547081759 0.283069253069664
-0.00758948523969315 0.0899894004371613 0.233875323098843 -0.0877050054395025
0.043218069685754 0.0492363252722478 0.0421428300398224 -0.108884484003075
0.0315980592524029 0.01057530194057 -0.00161751424200309 -0.0335985450580386
0.0182622249991388 -0.00106850539686824 -0.0237480780894033 -0.0137623011201554
0.000764720716142697 -0.0058478171300756 -0.0718074825275376 0.0190916246594555
0.0126649266830043 -0.00703715302448057 -0.132648893967343 0.0440685816446938
0.0418915013132542 0.0125413962434161 -0.208422588010124 0.00492116526528113
0.0538315631905232 0.0545634247932893 -0.216664519870953 -0.176769892067495
-0.0150593306678517 0.0901800418984304 -0.0378152642112793 -0.303497677844244
-0.0568495130244348 0.0528736664292332 0.144131617410494 -0.225382688216384
-0.0545669478994702 0.0029981017185008 0.129975885547421 0.0448679546956968
0.181742012919462 0.0297555582165553 -0.0190312282391781 -0.0215513438459628
0.13311302343798 -0.150866485016678 -0.433756040718225 0.337539045185496
-0.108543194383042 -0.162380443603518 -0.0258001831472684 0.578464696298948
-0.170750489808093 0.0544470537358732 0.293906255919991 0.272379759236566
-0.0305823427946858 0.119542706667769 0.196432811258531 -0.0306719454456167
0.0421158748230176 0.0802106694447531 0.0607173168583525 -0.061572667290382
0.0442878570382909 0.0265206766192044 0.0252737628525726 -0.0230386599602346
0.0327961915082112 -0.00749074480121128 -0.0145440719863102 -0.0138479671771341
0.0109120936083958 -0.0231816020693253 -0.0705162048212121 0.0156807433264958
0.0302600410191964 -0.0240398086131556 -0.130739497410503 0.0325757554183896
0.0815745066796663 0.0156013110120594 -0.19973635163944 -0.000698695068578183
0.077594402447441 0.107624874492788 -0.221754411853179 -0.158538739478414
-0.0682763886694605 0.116888605436775 -0.074564043057392 -0.299712559973861
-0.0704618998967013 0.00315947717542416 0.129934956245673 -0.266694295340565
0.0181265232116283 -0.027959834649502 0.151625462220151 0.0353845886181967
0.233855633467613 0.0184131876930602 -0.0524146467139647 -0.0343200336162662
0.130844869575317 -0.204085879294228 -0.375185379906716 0.32998405555406
-0.146165494379204 -0.173591443427473 -0.015623762819475 0.489572463671453
-0.171492929668721 0.0790030161541017 0.211451843503987 0.240484077594022
-0.0175254718991313 0.122127991691051 0.150130861955815 0.0257985831588599
0.0388691870524289 0.0790656009474282 0.0759294617454773 -0.0111657514949277
0.0438619337796606 0.0272806953526043 0.0480824165874468 -0.00859666499367297
0.0416423527311853 -0.0135551022958786 -0.00420486276478905 -0.0118309336572714
0.0288359056653384 -0.0285485082489725 -0.0654451473653141 0.00831321750375941
0.0597228366394342 -0.0129882206036631 -0.121527382764293 0.0111750401990447
0.107497852987178 0.0530611054403959 -0.173436823519666 -0.0122795015262861
0.048535628390484 0.168880956018462 -0.213902919888716 -0.131786491669416
-0.147369116058379 0.0884366835061001 -0.114243094513435 -0.294231167493309
-0.0525803075293328 -0.0871624121464675 0.110023158099765 -0.314852244190023
0.118601268906008 -0.0508108815267527 0.158623107668111 0.0205370262476206
0.235937313751283 -0.00684091337251419 -0.073479090901778 -0.0409932532121296
0.0725583567798294 -0.207886006295946 -0.293302868906103 0.290909265842363
-0.168322710610757 -0.113208516586268 -0.0274749014247904 0.392786258864006
-0.112660438353036 0.110998853770645 0.137784555303205 0.227773684951049
0.017884324386158 0.0934825161991989 0.125606253240909 0.0730813332127276
0.0308859159777267 0.0498593486872904 0.0927239743437986 0.0170577705945122
0.0332707744959486 0.0130589922416426 0.0638399056861054 -0.000344529340503445
0.0436123860453588 -0.0174060774793346 0.00763351200188816 -0.00802117770366413
0.0479317676751903 -0.0158736620094575 -0.049699953125671 0.00118499855647626
0.0847682943934638 0.0273330027967309 -0.092491077657726 -0.00553906001448001
0.0950761691117635 0.116042355117285 -0.132296628969402 -0.00419540882472904
-0.0435594130856233 0.199347920409156 -0.211447799766072 -0.0868993698471465
-0.217890235536098 -0.0178795028430218 -0.1648142835117 -0.297541975713209
0.018038412149425 -0.191052668540454 0.0925073764257234 -0.372687484734985
0.225544461066407 -0.0483280992660247 0.145900240914094 -0.000131576524999739
0.205672521040307 -0.0275997775934002 -0.0758882414368741 -0.0482705459980586
0.0143323102549312 -0.163431362926289 -0.224432270694795 0.225227491399367
-0.142832860322626 -0.0320485300154918 -0.0574125183160849 0.330720224074135
-0.0306706384380873 0.111122357314244 0.106861151118483 0.241215279652599
0.0432495052982953 0.0419095009398941 0.13792408206802 0.0923079477074166
0.0161549787027845 0.00834394909998152 0.107778123207769 0.0133495362876807
0.0181486379166624 -0.00576228167329602 0.0691946171294704 -0.00211064155057979
0.0392599551766408 -0.0156153070058117 0.0195617563688513 -0.00336084220101809
0.0568236155482227 0.00621352301763531 -0.0252354979144366 -0.0012689888795547
0.081850749413037 0.076829156927414 -0.05011027834189 0.000201345935101666
0.0316561412083615 0.157599753698571 -0.0998061026465854 0.0386626551660611
-0.1537891383535 0.150043001296811 -0.249970137445075 -0.0405845026855576
-0.209947439941798 -0.164451210128044 -0.219345825568536 -0.33609234675683
0.135922979379409 -0.24473487104488 0.104101332867345 -0.442204490706067
0.296859654199809 -0.0151696966822459 0.116929118090627 -0.0269522382424526
0.16502866120204 -0.0326024202614126 -0.0702450947848715 -0.0569815183722646
-0.00330280574429223 -0.104318657331928 -0.187709710454967 0.163185223062412
-0.0874386329284825 0.0118557140336557 -0.0731139650668665 0.306310446345863
0.0209549471951131 0.073754143638412 0.122528037464435 0.255536891816127
0.0392936397487488 -0.0065765958807381 0.168109815509614 0.0748152648960944
0.000335867279829666 -0.0216655424882419 0.117940079920517 -0.0140634970231772
0.00475097105899742 -0.0177810047266825 0.0702136852747303 -0.0103225676486203
0.0292432246256793 -0.00943024716270963 0.0282605374451186 -0.00221374984093591
0.0485942705702782 0.0263488570192016 0.00170907716946336 0.00683777425047735
0.0456072746925897 0.0983764802918672 -0.0173109116649621 0.0341056787855182
-0.0460754263869743 0.135682497774335 -0.106434536172705 0.099661465472909
-0.194446947847079 0.0332294849966278 -0.318087888993045 -0.0406229500038728
-0.0980062835919579 -0.254685490997878 -0.236462293758849 -0.424696585008869
0.238063140171405 -0.201509722520392 0.163692703718947 -0.505758728507099
0.294798014979853 0.0302037822905955 0.0835552631363609 -0.0558129045211947
0.129965072620488 -0.0277660586392571 -0.075143330737227 -0.0683084900380216
0.0130796005852539 -0.0665015389035738 -0.173707676685431 0.126349137583467
-0.0356428402815855 0.00207110015983749 -0.0664717764503248 0.303933461068462
0.0222412501694783 0.0234721526552244 0.161412561768028 0.254587524965925
0.0157112839983679 -0.0294831687556761 0.198314998559941 0.0412770635135139
-0.00922973957389878 -0.0292764538671823 0.120214910349172 -0.0439851174215446
-0.00181638404244301 -0.0167651458260673 0.0682279808259497 -0.0200661265634438
0.0155916558071192 -0.00210421260300847 0.0332002158901114 -0.00216923464542173
0.0230927727677262 0.0302720493319848 0.0202162941748314 0.0213070013575038
-0.00341677833188549 0.0721472976294034 -0.00862481215869453 0.07754485169034
-0.0819979369848657 0.0565029940638802 -0.14930194883597 0.134185960012568
-0.128555475468356 -0.0724184012965784 -0.371748464475212 -0.103611338269414
0.040329072689345 -0.215548257171599 -0.187025199530889 -0.521698175633333
0.244335613850093 -0.0837011965207297 0.262214228365846 -0.532378024048127
0.205493738412878 0.0585831487785433 0.0607485400002321 -0.0848092105137558
-0.04644847183984 -0.01999647055123 -0.00805726731395297 -0.000714094880898958
-0.0593049553775014 -0.00568975448433498 -0.426963015907137 0.370606252151816
-0.0826728173402032 0.0401781149634525 0.0515558174023643 0.645735498367747
-0.0106840896424284 0.0774341455763014 0.417623358880376 0.236937272874952
0.0338007045778377 0.0323755330707232 0.228794637160999 -0.143280259684994
0.0330296183324976 -0.00708208065655786 0.0114384100920866 -0.127705623627166
0.0048214367855759 -0.0116228973843798 -0.0224460759216035 -0.0292214083040513
-0.000789900438071912 0.00419622646610679 -0.0302492903211003 -0.0105646636938599
-0.00250363258586165 0.0164855575285528 -0.0755094648596971 0.0227260684509501
0.00574360105540453 0.0207416911802329 -0.133574436009639 0.0443822051519669
0.00518833969337118 0.0254017034360943 -0.207286812535803 -0.00494477760447102
0.0080899266771589 0.00890364715743066 -0.195930984620084 -0.199173128573977
0.0199653988666992 0.0395881628191325 -0.0010198169590953 -0.30916528114937
-0.0259511353235964 0.0731546455995921 0.155335125912167 -0.200464515616526
-0.100601185777836 0.0316009328197537 0.111478602319483 0.0413154674435392
0.0804283345197363 0.0100732485890181 0.00173136724910179 -0.0109353995764546
0.054076597060397 -0.0833036467659924 -0.447405043048025 0.343111120946719
-0.0951000982075748 -0.0777302166665476 -0.0136929789309024 0.627924084545506
-0.108221675450553 0.0642396518016151 0.362458797773005 0.279838134448744
-0.00546160357511189 0.0892843733020401 0.230091288655926 -0.0893231369633452
0.044484511696674 0.0468711678631703 0.038943940326076 -0.107765246214651
0.0314154571363864 0.0099254558762378 -0.0020944775394892 -0.0319770534467893
0.0177803449576238 -0.00209210007221777 -0.0249576410415362 -0.011846302740392
0.00019899891243257 -0.00480290324858143 -0.0718738008085533 0.0234707494693326
0.0124085501581237 -0.00653579230840536 -0.133749431674554 0.0473190958538296
0.0421035568605287 0.011464619750625 -0.211031752855895 0.0067303954424397
0.0547950687959885 0.0523177663625497 -0.21949646694365 -0.17800650124482
-0.0129464451075843 0.0910907178761597 -0.038871093146582 -0.306869742019658
-0.0555166174504934 0.0535421934290977 0.148277921419313 -0.230076027688617
-0.0547619191139421 0.00180411201224258 0.136111417856002 0.0414415735333158
0.181038591977226 0.0240218882561723 -0.0215978041483693 -0.0270300634588533
0.128444238907526 -0.15444127921922 -0.43300608029153 0.33689419684907
-0.112610322275984 -0.159546372269143 -0.0238451829237547 0.574577614948141
-0.168671300047934 0.0582929400040909 0.291026458849111 0.271021631922536
-0.0279914073991073 0.118875320391503 0.193396947723277 -0.0290376315447652
0.0447323303336916 0.0783520182177848 0.0596415558563266 -0.060735556608515
0.0447395138653485 0.0253816897406624 0.0246973511814356 -0.0226716533473472
0.0323141703134258 -0.00881021144331036 -0.0150431439548059 -0.0128625813633652
0.0103345442453154 -0.0229128459378733 -0.0706775658755123 0.0193598771295091
0.029594552896726 -0.0241138435332212 -0.133605727466945 0.0358762988350578
0.0809825706811889 0.0131718885900309 -0.20314158201943 0.00159909445799786
0.080328765088881 0.104410661779411 -0.223350047550946 -0.159933603514961
-0.0666228349236691 0.119287143070895 -0.075497159173806 -0.303177326709937
-0.0713542381690249 0.00279957735221982 0.132472737370049 -0.270580930641666
0.0171868745765284 -0.0317161185654847 0.158293603278948 0.0322107666825997
0.233789355048797 0.0113452822287201 -0.0543359760119772 -0.0382338770172297
0.125296241674352 -0.208335455618693 -0.375794176643113 0.329230013742607
-0.151479288680136 -0.169584230487903 -0.0169071974202843 0.487001096672144
-0.168886911400835 0.0832734181179531 0.207422527178379 0.241038174213089
-0.0148733225253319 0.121685014179153 0.148774746517663 0.0282677819921704
0.0420971316690265 0.077268028622855 0.0753997349906454 -0.0115568713871302
0.04494964730658 0.025479010947204 0.0480986762518978 -0.00926328297045586
0.040717750555595 -0.0163036082916818 -0.00581114989602241 -0.0114599575776216
0.0281259041620352 -0.0303670325561778 -0.0664291098579075 0.0118383704055312
0.0598586497264299 -0.0140225324307715 -0.124590858904458 0.01439522558163
0.108907124309286 0.0502347265751308 -0.176849431436277 -0.0105984612917691
0.0533441560505778 0.167871338697862 -0.214449674074771 -0.133713118316707
-0.147000253804554 0.0932254354150527 -0.115976303231826 -0.296744328232459
-0.0561376671391701 -0.0883918527284713 0.111589120702257 -0.317527816824976
0.116552157025223 -0.0568104889885014 0.16493733222412 0.0167237607233672
0.234458083255165 -0.0140588778762427 -0.0761749068041464 -0.0423759946541013
0.0665700899844659 -0.212049746523792 -0.294101576681545 0.287412472003054
-0.172747006318119 -0.109816021989298 -0.0308646693579235 0.393295082040275
-0.108291857273772 0.113732369901455 0.135539642269917 0.230887988165361
0.020678609716527 0.0923469251676547 0.12731100291424 0.0762671195660919
0.0340894626860104 0.048246669498295 0.0928872300709059 0.0161008788454592
0.0344165373411754 0.0122052375904199 0.0625028470558233 -0.00124945922520217
0.0436559780036493 -0.0203458524349547 0.00689189452205363 -0.00854035661932438
0.0469578501678835 -0.0187005579694215 -0.0513691652926709 0.00428626124415885
0.086482361800425 0.0250973647359444 -0.0957835921536087 -0.00482280925133838
0.0994504250989398 0.113596926184902 -0.13598781291129 -0.00229676298117453
-0.0378151155706024 0.199532517525335 -0.211216120700404 -0.0884846210489462
-0.220022495260247 -0.00965148634679219 -0.166661977169465 -0.296921523836509
0.0112847866613413 -0.194897017218144 0.0940696187234584 -0.37168762516574
0.223691565261235 -0.0587508130359943 0.152063379143131 -0.000733591130518931
0.204357055202239 -0.0345092832984618 -0.0805928452690688 -0.0502330472795267
0.0119234084821918 -0.166906701663035 -0.228873347549245 0.22284637571025
-0.145550626654355 -0.0289323749028479 -0.0584898686440255 0.33049695717124
-0.0267036477967758 0.112191149577542 0.104607766565535 0.24462692414443
0.0445974191287938 0.0403566893409981 0.140716994108242 0.094880040325848
0.0192278617721155 0.00788462163735905 0.108853902583657 0.0134047064352232
0.0176726627100199 -0.00722906529305462 0.0697211790630401 -0.00300160822998976
0.0406731288939927 -0.0182462750348449 0.0175912994516267 -0.00377268382974792
0.059753159780261 0.00403673719364568 -0.0264102983313183 -0.000416726011430488
0.0846702068296473 0.0737704068604294 -0.0552621164505749 5.29758952067694E-05
0.0372489704698986 0.156850296493173 -0.101271139157689 0.0376473471682712
-0.148386717057382 0.15506136147629 -0.245089976541774 -0.0420714191901078
-0.214650545842817 -0.1575979265537 -0.219581392503699 -0.332263272294262
0.128897094947797 -0.250317947099668 0.102520763560994 -0.439389321135029
0.296456574265087 -0.0250880826735602 0.123693798795701 -0.0254669867291622
0.164443067506815 -0.0389743657725325 -0.0757088237103658 -0.058961968189786
-0.00589658507384244 -0.106821048634288 -0.192962140294684 0.161992783980136
-0.0881369336822998 0.0133668225779188 -0.0770001886014807 0.311340468548217
0.0226343583610131 0.0730978648456359 0.123231807569924 0.259459949889245
0.0399809580277136 -0.00722592405393645 0.171585126630368 0.0766018502841916
0.00119211180940188 -0.021843215106252 0.117074436845778 -0.0157118981323891
0.00660964568657133 -0.0185963253676822 0.0703338039667602 -0.01257940279318
0.0292478978738304 -0.0116299492802646 0.026931859939691 -0.00322704271082002
0.0507559633791363 0.0246712289222219 0.00155849196791291 0.00544917089240659
0.0502382015009626 0.0965275125770967 -0.0192912768099968 0.0328193540489949
-0.041004801210333 0.137236562882371 -0.105498343328525 0.0972965332990183
-0.191343752812511 0.0385078024171256 -0.314037720689587 -0.0385769295810145
-0.104153520022868 -0.249924873513482 -0.238147080522828 -0.42201589132024
0.232775429208169 -0.207688529564437 0.16130570116011 -0.50303946986982
0.294847236081298 0.0224871607503941 0.0881403335708232 -0.0539194961913748
0.129693953735998 -0.0317876164402715 -0.0806139063801382 -0.0683590767260842
0.0125889414414368 -0.068695526784229 -0.180003125625647 0.127324799585753
-0.0361994200317649 0.00212573992252049 -0.0692514630236849 0.308889066810366
0.0237733195460212 0.023107652066414 0.163323232761104 0.259188873730266
0.0149528344300307 -0.0302058164086724 0.200596274502562 0.0414595410668781
-0.00885493139510465 -0.0285740193203644 0.119687579006023 -0.0460185050245781
-0.000920086987106601 -0.0167127711059888 0.0680867859686302 -0.021586507306131
0.0160651794361214 -0.00382917771749875 0.0320168465936927 -0.00386532824468904
0.0262407736841049 0.0292442803288244 0.0201870175089803 0.0188793387468723
0.000362213596723045 0.0733004565265181 -0.00872418992555827 0.0748466995401231
-0.0795020944280021 0.0594344713190915 -0.146049647358441 0.133042900426376
-0.129330033753012 -0.0685403070039173 -0.366110777643104 -0.0968483765229555
0.03541175446356 -0.214065532056853 -0.188926166046734 -0.517344302688017
0.242128863082036 -0.0892002420017005 0.259179906898425 -0.532125699037058
0.205552350488083 0.0538743401517251 0.0643342576904451 -0.0807574560351345
-0.0487527630444472 -0.0199222736304794 -0.0110681058140728 -0.00662244983244855
-0.0599956642407434 -0.004084425399149 -0.427459611173617 0.383166519482952
-0.0817453638338126 0.0439271465712229 0.0623415458971843 0.649963097631097
-0.00719641376741314 0.0781504742780064 0.422929399412497 0.232284743932769
0.0351506721360842 0.0319659375194445 0.223793107100548 -0.146638203393294
0.0317707415183498 -0.00824501419652418 0.00601572503143399 -0.126991293374302
0.00452105479950507 -0.0117043243700232 -0.0214990068161124 -0.0277248951625999
0.000212763166885942 0.00559738969174542 -0.0311733974076499 -0.00790851342368759
-0.00282475599729317 0.0187628743066276 -0.0746702770246465 0.0274371383876315
0.00628781966191007 0.0213579095265352 -0.135593812016075 0.0499030623619363
0.00538897391220847 0.0245229420675611 -0.211822994425464 0.000705515985407539
0.0090273211745435 0.00734390838948986 -0.203878868101207 -0.200486433492358
0.0232658120946916 0.0394223816259205 -0.0069181648602395 -0.316346188479837
-0.0239009828693781 0.0753051073269941 0.158558622569423 -0.209460692752243
-0.101198341057188 0.0340118016442577 0.119735953135201 0.0381638169563267
0.0806028522762348 0.00657247120737931 -0.0012109892006729 -0.0166627287244431
0.0522163847230656 -0.0860302949128682 -0.452035676355401 0.352583161335072
-0.0985766931613436 -0.0752039878717376 -0.00312507069944525 0.63394705839252
-0.106858202982996 0.0686363797795954 0.367948494269431 0.275124699439163
-0.00253705160274926 0.0897675962636001 0.227548603477545 -0.0936268988093477
0.0466888633383365 0.0454366854200355 0.0348946995833339 -0.107400056220468
0.0319497210088848 0.00872066181915818 -0.00306703005279336 -0.031511655070592
0.017338465654232 -0.00266346457927791 -0.0259503364741435 -0.00998391571619254
-0.00128336343449032 -0.00394235243041996 -0.0720339124244484 0.0280902508604266
0.0109462838465706 -0.00604638429233738 -0.13563797977904 0.0533614231113726
0.0424988107334406 0.00999232827560469 -0.21622803652089 0.0132824023383228
0.0573628200258699 0.0501136132695052 -0.22724942920706 -0.179042832944297
-0.00928111761048513 0.0927510229590891 -0.0447647820062574 -0.315017143728744
-0.0554734712196294 0.0549680900803431 0.149246514678212 -0.238590652525643
-0.0561087936968998 0.000767511956687973 0.144742830906349 0.0370124937018256
0.183110340599565 0.0160097839821641 -0.0250781242775455 -0.0318320659200261
0.124195937401318 -0.160917125969387 -0.435605360517497 0.346701863535675
-0.119912492569617 -0.156867861771796 -0.0169590767519308 0.5791852315944
-0.167878387483107 0.0652215489150707 0.294863174046118 0.268773304093246
-0.0237474227741888 0.12156905078952 0.19308650755842 -0.0316592312330933
0.0487664901395213 0.0763099897215724 0.0571606374928807 -0.0614056679666911
0.0465227235727746 0.0234633349836805 0.0238045761785234 -0.0235730383235822
0.0308911767562189 -0.01166245373827 -0.0168133817106273 -0.0113358262096925
0.00823706492181751 -0.0233453838875979 -0.0719291689595089 0.0241921016632605
0.0280912211287769 -0.02384201780588 -0.135921961843255 0.042818100762842
0.0825229070290225 0.0109208554777169 -0.208654949519502 0.00646192714176666
0.0853713672662091 0.102893908739862 -0.231027195132289 -0.159069556301868
-0.0624596144521987 0.123835213081749 -0.0825604072171795 -0.309569428657087
-0.0735858193632411 0.00307884805575175 0.132360389108345 -0.280089264342658
0.0153927518419029 -0.035710490957085 0.166355362183395 0.0264964710274716
0.235457785713999 0.00133525623107448 -0.0596306854720073 -0.0419140225545766
0.118415841390909 -0.215900551831812 -0.375596171789371 0.335560544227291
-0.16009807006626 -0.166040217029761 -0.0116170229962216 0.491898015933651
-0.167195687225784 0.0910711069298268 0.20969381392629 0.242643842653744
-0.0101819116892533 0.1233727565149 0.151012777718606 0.0296066373625636
0.0460366853670839 0.0755466846123464 0.0761224548729561 -0.0120764072990985
0.0476001260763685 0.0231663321369198 0.0485880732305178 -0.0105440168354976
0.0395795731950304 -0.020125172051595 -0.00646676400948556 -0.010152502658949
0.0258189376823036 -0.0312404209510808 -0.0675553996715607 0.0161725474709835
0.0602478527377515 -0.0159701642359525 -0.128508974362211 0.0197552353976726
0.112614878168313 0.0466708405024013 -0.183601941281499 -0.00618846631477961
0.0602301686577354 0.166683855197669 -0.221313437153486 -0.133474553381549
-0.146083843550799 0.10122088712106 -0.122088370989422 -0.301319583581111
-0.0622013647567523 -0.0899806497227378 0.110537721039074 -0.325911960004318
0.115437774390252 -0.0659888512434379 0.173433988909228 0.0132856054496366
0.237420530257965 -0.0248700693394529 -0.081627137895529 -0.0457967844272834
0.0586564331477422 -0.219097684684345 -0.295276674804873 0.294096663047925
-0.180004518805499 -0.104719455926291 -0.0285429625449954 0.398360791923273
-0.105345628452096 0.119495687718288 0.137141500617774 0.235341706616156
0.0239242206420212 0.0930744966832696 0.131062627343033 0.0794644780807426
0.0373274099973383 0.0467670284650604 0.0947578917749809 0.0150059473870748
0.0367106661338788 0.0099456357656946 0.0642601994600821 -0.00431573643577244
0.0418674425879757 -0.0238746093484379 0.00595076757517101 -0.00896399979015094
0.0475196627318604 -0.0218121491216449 -0.0520800508556429 0.00690374141355299
0.0899956079533431 0.0231248093020092 -0.100715330475902 0.000409585804345864
0.104902947388467 0.110848963106421 -0.140519738636708 -0.00132302050042329
-0.0290671850054529 0.203362148903715 -0.214541893373073 -0.0883014413115574
-0.22352135969226 -0.000228580305446376 -0.172607431950565 -0.300691248664485
0.00279344006869505 -0.200416133574693 0.0909509497569836 -0.378056618520422
0.222469341545551 -0.0689596299176627 0.159190978867842 -0.00510046779248993
0.205944671669039 -0.044544572627035 -0.0859483585918097 -0.0507071641325085
0.0036492897025232 -0.170592138565262 -0.230613201580626 0.226380484365606
-0.149823714915719 -0.0245603250303282 -0.0606027995996541 0.339366667562574
-0.0229550631003959 0.114054003235561 0.108394994834885 0.251994768623702
0.0471239982805769 0.0395906462848183 0.145607210935313 0.0960926312391745
0.0202153105598449 0.00688316225284087 0.109950277028445 0.00994176590619322
0.0205032987119171 -0.00868029086849112 0.0711159747607603 -0.00665121801105447
0.039027517928273 -0.0221269959947631 0.018200110573681 -0.00540284100664442
0.0588365782489041 0.000465117617040251 -0.0281612000466739 0.00164135794175639
0.0918643181442427 0.0702716927193293 -0.0596907956731482 0.00236220269729605
0.045223720768339 0.156908478168608 -0.104630788217934 0.0401175959685675
-0.141940663535342 0.162005549424871 -0.247328613965532 -0.038942728730554
-0.222372472192083 -0.150434828460473 -0.228231325458595 -0.334864247760956
0.119699292710832 -0.260242568677344 0.0963265353875703 -0.445311792615532
0.298562196248349 -0.0384636912065018 0.127868500064437 -0.0267528582356966
0.165596351478991 -0.0472534880798174 -0.0818064774308845 -0.058529577911308
-0.0106590773799045 -0.110375562725713 -0.197630105334617 0.166801322716374
-0.0906726175148105 0.0157415098460501 -0.0772031384531783 0.319952481878598
0.0270533773569553 0.0729441747822905 0.128454096402023 0.265362430536669
0.0410022540339563 -0.00846642276186119 0.178110292945556 0.0769499516138844
0.001338611972491 -0.0215403701111145 0.119223694521679 -0.0184256846031674
0.00717451638036838 -0.0189772275178425 0.0710430893906907 -0.0148318370114978
0.029827836386068 -0.0149986807768407 0.0271552314223599 -0.00400977578344281
0.052916081520544 0.0207602709953239 -4.39885205333875E-05 0.00525218235121947
0.0574501540242408 0.0951087182355222 -0.0216756819335006 0.0331701223032469
-0.034979008694216 0.140143197250109 -0.105042654329833 0.0987973636193265
-0.191289802834115 0.0466450538420449 -0.313864507261419 -0.0335744968530302
-0.11376460627502 -0.24687469333199 -0.247160956900541 -0.422027851669407
0.226552659797423 -0.219873007658114 0.154493432682045 -0.510450947877204
0.298292297095109 0.0114188022661494 0.0934214983666483 -0.0537061049624104
0.129345146618824 -0.0374542988608924 -0.0877852111620779 -0.0677713383783487
0.0101553176595558 -0.071225033385058 -0.187760914349729 0.132042033430951
-0.0372064245059677 0.00306940370419727 -0.0691943616883355 0.319767494452716
0.024750335909179 0.0220831103138361 0.172366777523778 0.26369930623986
0.0143883353067457 -0.0302916697375341 0.206809574173404 0.0390989274931581
-0.00880269917644999 -0.0289112853556513 0.12053154079562 -0.0501994296242616
0.000804363938986848 -0.0171741085862414 0.0684636422031242 -0.0249593005030124
0.0176924110797295 -0.00542797709700174 0.031648749345088 -0.00571811270338405
0.0295698640732207 0.0281529747595486 0.0196898362615509 0.0170662725003837
0.00553187828897629 0.0740625851529492 -0.00785309827366429 0.0746130708809685
-0.0772423614986031 0.0625557937292816 -0.143202123162429 0.137057742415852
-0.130939951645288 -0.062987097445036 -0.368068867889152 -0.0900582247962703
0.0286388733044243 -0.215173669239551 -0.200254153641232 -0.517433324739102
0.240046638689035 -0.0992150377823666 0.252569142733161 -0.539998985191358
0.209910748712077 0.0464272684381145 0.0674258444119029 -0.0800484943211152
-0.0500221739369224 -0.0159526919650229 -0.0144928151786972 -0.0127352464716701
-0.0595676664403636 -0.000450205311341071 -0.418374506254931 0.399542306009134
-0.0781660881543194 0.0480323076817661 0.0886446666441765 0.646523876855777
-0.00207500487366105 0.076867555484197 0.430165950244012 0.214495917022595
0.0364159487463851 0.0299091148503602 0.215951400004569 -0.154931278501237
0.0311349777160473 -0.00995339861243892 0.000238319674498813 -0.124241671337013
0.00292741450619437 -0.0109323059201354 -0.0219806220226311 -0.0252411925565544
-0.00035686623143706 0.00665822237857972 -0.0325494653437397 -0.00503997627204885
-0.000950305090684478 0.0199948397587361 -0.0725927605246289 0.0342864988162247
0.00702995448412317 0.02147648258502 -0.135506882378984 0.059329733267114
0.00656726064101017 0.0241191714380397 -0.215386394865177 0.0105499029552317
0.00963881901280607 0.00762124376454928 -0.215130283160894 -0.196469257941073
0.0266594866661975 0.038040419186984 -0.0182761168316746 -0.323412425874821
-0.0208399445817177 0.077767491045264 0.155916530270565 -0.219834118718029
-0.100338766266741 0.0388092878775767 0.127211085697931 0.0304657576913402
0.0800509798300314 0.00117273268679275 -0.00506496424415949 -0.0223384456699444
0.0472467169975554 -0.0891769493397663 -0.441817204967874 0.37033090325295
-0.102625503236072 -0.0696656669963229 0.0199553149098617 0.635214789024649
-0.102585371337662 0.0743540210966966 0.376010455623861 0.260778405660473
0.00234887115527706 0.0896594452749074 0.221374025209554 -0.101180445255046
0.0484675668410206 0.0415070682732592 0.0284104050376554 -0.10707994310235
0.0319348299538472 0.0065739739363433 -0.00403666517107596 -0.0311458546640896
0.0171584528298005 -0.00339256873876622 -0.0266096332574521 -0.00699515970157522
-0.00127548919399224 -0.00350645339321448 -0.0709725163016572 0.0348696047904423
0.0102162493108616 -0.00539634806036288 -0.134750352433762 0.0627547606417809
0.0429226968475989 0.00781874075925395 -0.2185778568413 0.0237492164005002
0.0603413233072986 0.0469592561944337 -0.237258124210478 -0.172341788976104
-0.00426809118930035 0.0939343017943584 -0.0572299980488693 -0.318691063803417
-0.0529216162387932 0.0572377241361921 0.144153519112398 -0.249769287374419
-0.0573280625496911 0.00198662892765888 0.152148822566031 0.028315718218796
0.183144059545804 0.00575522239837037 -0.0283494799791177 -0.0357593311791877
0.1148551983306 -0.169173964637548 -0.425276632396462 0.361467562483274
-0.129179608705878 -0.149884647271221 0.00549045312037259 0.5807848372067
-0.164106170701411 0.0750587939889869 0.302496453325035 0.257066393462885
-0.0172966977506353 0.122529602196716 0.190356188452967 -0.037886194340726
0.053374436509333 0.0729202037122323 0.0545943224522715 -0.0629988627777295
0.0479072151232574 0.0197050307232567 0.0225653495524756 -0.0242427850745376
0.0298505125055073 -0.0147230782191616 -0.0181557779962792 -0.00864201551150834
0.00599676068796775 -0.0233668226444508 -0.0702892661292532 0.0304064247550496
0.0269110519017373 -0.0245955413683535 -0.137139448148757 0.0508476106788768
0.0825111437506342 0.00585778267542427 -0.212548055511188 0.0169495617884311
0.0915981790250421 0.0977299379926632 -0.240125328263905 -0.15338168533115
-0.0561774616622578 0.129215454147564 -0.0950173032374021 -0.311450823076542
-0.0756830188335882 0.00612820090316876 0.12443086150373 -0.289541558110433
0.0122611297493957 -0.0400375460023226 0.173637906140604 0.0169496130163597
0.235191994537706 -0.0121307547271329 -0.063664523303218 -0.043616708326282
0.105232373495928 -0.225280103380478 -0.366668786144753 0.348228238859489
-0.170044124836668 -0.157538488742729 0.00394096283270221 0.493874734740954
-0.162740670714287 0.101155979585165 0.217410440128307 0.237069314119299
-0.00351914112213741 0.123909447603827 0.152831377959043 0.0255757492179386
0.0513454687726551 0.0711791174761973 0.0765868342992166 -0.0148558358098629
0.049168104374338 0.0192601609823191 0.0472597709866956 -0.0133843230157495
0.0371310152490859 -0.0235633434697235 -0.00780683289785625 -0.00902536634186374
0.0229790828332525 -0.0323038178596027 -0.0668861100312617 0.0217197788307513
0.0602392501800138 -0.0191309050652045 -0.130089088982339 0.0277076754007106
0.114565969126236 0.0405721354335642 -0.187043283650043 0.00279144688238124
0.0704870363202801 0.162991071870309 -0.228359885551452 -0.127823562429858
-0.141951039502288 0.110735904817791 -0.134317067775406 -0.300642027487488
-0.0699633880022673 -0.0893891221484799 0.100858038330332 -0.333964123569338
0.110913324160039 -0.0762477094871202 0.179825346838241 0.00345878664825836
0.235543609796596 -0.0407418737830022 -0.0869914391648592 -0.0452739583361161
0.0451259482020364 -0.224711777020671 -0.286848087245411 0.303043235629864
-0.187652710755003 -0.0946324270882372 -0.017900592398446 0.401410547716252
-0.0985146192881671 0.126782496957687 0.143806056522848 0.235850907423108
0.030389965961646 0.0913968237549432 0.13707032227998 0.0777932654950453
0.0405697569627872 0.043397484600638 0.0971481182318472 0.0108367887448035
0.0376727655902944 0.00589689696603135 0.0643995328210535 -0.0069712663138007
0.0395448407351613 -0.0282603808889977 0.00394842193455469 -0.00725152191042984
0.0441224452771498 -0.0246692868131647 -0.0522578303415402 0.0116086745600445
0.0921476803162224 0.0163799494271685 -0.104446030482601 0.00717376619068207
0.11203800363908 0.103474949665929 -0.143470650619145 0.0050690117117118
-0.0169663716849983 0.205279238305917 -0.219288449432774 -0.0822304337843236
-0.225671059070659 0.0132169433296082 -0.185086271103264 -0.295720668467808
-0.0109217324371242 -0.202537068068981 0.0769392781380389 -0.386440745107473
0.217699506974259 -0.0855838460516392 0.165710698568749 -0.0123025392362912
0.204292780969279 -0.0578266445461089 -0.0913799681215371 -0.0484265233107968
-0.00678936533021271 -0.174673370191994 -0.227163316272684 0.233003358522792
-0.154458593879321 -0.0163985779163996 -0.0507825539782602 0.346383846696975
-0.0170977190370781 0.115973023303068 0.116814983074029 0.25455867961926
0.0492733290936086 0.0369334876878651 0.154162434484367 0.094933798915622
0.0214484863346161 0.00645475083255591 0.112198861846126 0.00626457278877938
0.0211872698347934 -0.011200742041332 0.0713801686333022 -0.00995574719175278
0.0358361054746166 -0.0259529186859232 0.0173887184099121 -0.00604926307451922
0.0600933339795461 -0.00458410183902914 -0.0278761292941211 0.00334564485340632
0.0995048855538093 0.0649641881669156 -0.062845560822046 0.00620111808346782
0.0563839635677174 0.154656983342936 -0.105174407962376 0.0420560360252473
-0.133420966124345 0.17065202233388 -0.246783551026157 -0.03081877589457
-0.23335864786647 -0.135782583598223 -0.241475626906586 -0.32569269457925
0.103253817865221 -0.27101929928417 0.0810036895423396 -0.45099980004439
0.294198650913642 -0.0591323793954049 0.132488177663918 -0.0325685374277872
0.163092146247571 -0.0579939591656692 -0.0890192847016959 -0.0566035285731135
-0.0167271643118762 -0.112520272238345 -0.198879812361748 0.174632279806353
-0.0909795921380319 0.0214412753844739 -0.0682157587637797 0.330342571290639
0.0319815975430342 0.0710876117639694 0.139580280729771 0.267700213744948
0.0406558365711145 -0.0113574686556172 0.184701369196097 0.0722631383023304
0.00111877252621729 -0.0220661924372172 0.118963995147322 -0.0246692788886165
0.00690194895187555 -0.0204078156997453 0.0702722797854178 -0.0189186472058612
0.0289158291724462 -0.01868146071658 0.0258229072781923 -0.00613140743548347
0.0557370090792883 0.0166400061716968 -0.000573993423121158 0.00577697183310789
0.0651012206295325 0.0912377718469422 -0.0227683892717303 0.033853593809378
-0.0250368503276129 0.142944219028671 -0.101380955958404 0.102976626578477
-0.187236912168149 0.0577270117741199 -0.312980284246243 -0.0216509154818722
-0.129074483122013 -0.240208216162417 -0.264068246478129 -0.41225190790778
0.213350115642237 -0.235010609700285 0.135830395716288 -0.517176718192761
0.299520317660618 -0.00727464993034969 0.0965949586522541 -0.0556757113790271
0.128157971078397 -0.0465249934594583 -0.0963180322564409 -0.0640635151164284
0.00647280703990161 -0.0739131839560175 -0.191333422753554 0.140474812297367
-0.0370979581498082 0.00569053566408918 -0.0593810298400432 0.331225844920193
0.0264025075157831 0.0204615192173415 0.184611837139789 0.26276875534714
0.0129776572964331 -0.0306782364922769 0.212577067370401 0.0326741939724975
-0.0100622975796159 -0.0283819313518725 0.118894698610507 -0.0559637390614323
0.00103243649828302 -0.0170086555037801 0.0672523911995613 -0.0293350340315086
0.0185966413073109 -0.00824351306694453 0.0309040763072889 -0.00794760787772316
0.0317458502932821 0.0259563230535224 0.0198637400839827 0.0154758302689355
0.012382217788417 0.0736889606451709 -0.00571506046279552 0.0730764939588956
-0.0727270195249315 0.068847364784422 -0.136240760298945 0.141606607201755
-0.134174003882251 -0.0551622800088933 -0.368964868764295 -0.0751100285311898
0.0153950839425283 -0.215545404596298 -0.219285559350331 -0.509897581700735
0.234885383263911 -0.113339218006346 0.231063054666514 -0.550544638918868
0.211872563808809 0.0339341991374774 0.0690038163360573 -0.0796940341604805
-0.0506819984502017 -0.0141215905946345 -0.0196087811132643 -0.0173146690829577
-0.0570279287061169 0.00221275106888481 -0.396305826916925 0.408480116552251
-0.0727188439582346 0.0515932054753742 0.113217054469814 0.628566010257543
0.001803687618336 0.0740472930459076 0.427183657231052 0.191502373597965
0.0365704794667448 0.0257525691777594 0.201171404027365 -0.159940105056616
0.0280301145838571 -0.011747597572421 -0.00756112515433432 -0.117621343890645
0.00233748979378283 -0.00956055615555487 -0.0215274310970939 -0.0229246573979033
0.000885558234773736 0.00646706557784081 -0.030835881989149 -0.0019945726225944
4.65777193736528E-05 0.0202996743215685 -0.0684355513977982 0.0389527684660394
0.00814703455059444 0.0223442072908372 -0.129530275666104 0.067333475478526
0.00851782909667111 0.0221915708293191 -0.211665338596017 0.0205746281725164
0.00986576458961706 0.00594229967667543 -0.221001357725858 -0.185560836697888
0.0290828944713938 0.0361200422255272 -0.0308197038048193 -0.319037840588931
-0.0144887609470248 0.0772796893023417 0.145961905552857 -0.22527074780159
-0.0963059767473575 0.0436682226696509 0.131364045793729 0.0221288125618068
0.0775567619887461 -0.00387556838635715 -0.00923319115147771 -0.0275904110637787
0.0415343851917692 -0.0904466173881035 -0.420086202757537 0.379114616652988
-0.103226343659358 -0.0614609196509761 0.0465116779914062 0.618816492927468
-0.0955603561678384 0.0787390995194898 0.376197517344893 0.239249137115859
0.00793982930037181 0.0869612806768011 0.208978920606585 -0.106419210380058
0.0492700095631185 0.0364291125613736 0.0222261978939207 -0.103458677112454
0.0310996451045833 0.00435628556406697 -0.00517169444486311 -0.0293217795978515
0.0160131717045278 -0.00468611802633945 -0.0266307706280145 -0.00427218706854273
-0.000821177108331602 -0.00250767451335694 -0.0665154981462821 0.0397241806992387
0.00947292567318029 -0.00493777046694169 -0.129282722942364 0.0704157564905763
0.0416407238876497 0.00479997886989017 -0.214815982517395 0.0347327385722961
0.0616269106397605 0.0416059783701195 -0.241552237449231 -0.161033449899271
0.00121001810475059 0.0919372207171173 -0.0698342788262944 -0.314011258582558
-0.0491890435408538 0.0577622676407472 0.133331487053608 -0.254271539929629
-0.057120489964266 0.00377774952203024 0.154561096578718 0.017739919616991
0.178298955454583 -0.00552963305753019 -0.0332964687100841 -0.0389917834023848
0.102164117118318 -0.171673085666744 -0.404822235381238 0.370897260255203
-0.134810663728341 -0.137913326377975 0.0258847393059494 0.566747050869255
-0.154808173541166 0.0837417624117467 0.303322775286031 0.240222325731233
-0.00971732226221918 0.119830948525293 0.183551072459183 -0.0428109894040392
0.0562299797923064 0.066639867118981 0.0499567820421196 -0.0628898907821445
0.048638114005043 0.0161313131994378 0.0213296155174964 -0.024459042672218
0.0267000569282204 -0.0162270482911265 -0.0183827988873041 -0.00678712715435926
0.00418108426084694 -0.0224539145942037 -0.0667572938815434 0.0351929462104647
0.024462893349251 -0.0243066237592566 -0.13180049782152 0.0585859011710825
0.0806748373972165 0.00118286392274792 -0.209294711762491 0.0280775484413577
0.0948992451515629 0.0897262248525403 -0.243687584124505 -0.142095786631771
-0.0482826167306014 0.130148885286922 -0.107104268363319 -0.304770833820745
-0.0752883684866182 0.0085504521857786 0.113620307510084 -0.292927395946063
0.0071335093097582 -0.0426863855101439 0.175559352265345 0.00628100949663295
0.227942349886977 -0.0276444175846914 -0.0679206600593482 -0.0437305423377681
0.0883496287233071 -0.226021227352327 -0.347239813756464 0.352995447590326
-0.176294900251186 -0.142815320325656 0.0219772149325675 0.482434051512769
-0.151667618310138 0.108775164473438 0.219168893384691 0.225811085059553
0.00449469028344393 0.120837569943791 0.149809572964535 0.0219833946520731
0.0545537030675004 0.0666198357858107 0.0745067677798159 -0.0182538448762806
0.0494415832389474 0.0147486834908371 0.0459636417219996 -0.0153887589171296
0.0334746583811579 -0.0262974161914856 -0.00886707313881148 -0.00721543596404843
0.0201367704837531 -0.0329135403296936 -0.0636062921494256 0.0262625735862093
0.0580051668488223 -0.0214089695497889 -0.128043598886965 0.036102262873229
0.114481176288624 0.0323187694115207 -0.185896867053918 0.0120771245217936
0.0795034211806143 0.155144634724174 -0.230401434471161 -0.11790815517628
-0.132409305596587 0.117635327824768 -0.144137900535633 -0.29136269912356
-0.0764689605473935 -0.084672524317615 0.0868236353230621 -0.33380272857357
0.101057864714199 -0.0834953718393591 0.180820061820522 -0.00737929502854503
0.226298647830795 -0.0542295759283677 -0.0895801329281116 -0.0431050939230976
0.0303000109170835 -0.223227900889559 -0.272246282459453 0.305351454895781
-0.190295143309655 -0.0814030150513554 -0.00489410756861577 0.394935025992338
-0.08879789059447 0.129342642956759 0.148556409769456 0.229739234465539
0.0345933464658872 0.0871248092795308 0.140164743665909 0.0729158852743971
0.043239223877131 0.0406679679281258 0.0964542374807231 0.00613587757451132
0.0373461878088425 0.00283874270822098 0.0622352365999736 -0.0105922127375891
0.0351212952207648 -0.031457430337338 0.00444540533827013 -0.00654501319293677
0.0422650258440639 -0.0263629646908192 -0.0519067878923283 0.0145998309251658
0.0924658208948918 0.00985696671105184 -0.105125903205209 0.013235578564947
0.115705719477103 0.0938586636597426 -0.143178036163945 0.0123532809947602
-0.00318221665823099 0.201529164752056 -0.217244374724651 -0.0743694264702903
-0.220461767892251 0.0273324285016317 -0.193253074795765 -0.283325418708953
-0.0258782094270307 -0.198942132671086 0.0634719684136759 -0.38172175814637
0.205846584966115 -0.0980473256583136 0.165410578203709 -0.020965997823988
0.195413330026032 -0.0714385022759762 -0.0947026237471212 -0.0450135002186123
-0.0167810720519752 -0.173174827620259 -0.218335185570058 0.236599364977763
-0.15367288447905 -0.00592716157010897 -0.039235138854208 0.344778485894336
-0.00903097790635476 0.113634382786054 0.124272197651025 0.249944741661733
0.0502190091328619 0.0334051117265756 0.158422984127189 0.0884956902326968
0.0223812638169434 0.00486576429833797 0.110971592513906 -0.000140944876490086
0.0194100838947694 -0.0128640634614352 0.0690176198010536 -0.013817889129975
0.033318944810134 -0.0292836248086042 0.0135982950156229 -0.00493666799997175
0.0582670550469562 -0.0077405938368055 -0.0286423618178259 0.00690422971396708
0.101694314204037 0.0553479932261948 -0.0631837871386122 0.010126733122092
0.0638585479975465 0.146994894418336 -0.101862717210664 0.0477165794533646
-0.117436433868498 0.173710382134162 -0.238516075385612 -0.0230503913069356
-0.234248467326423 -0.1184972870123 -0.24886677905546 -0.311159248823256
0.0816312547871324 -0.271423505785507 0.0642757995765479 -0.443870700679365
0.282839616701346 -0.076710815474242 0.133289605904425 -0.0387327467506881
0.156060020334017 -0.0683117753403185 -0.0935111638648653 -0.0526499702880799
-0.0246683956420884 -0.110541475700204 -0.19259415310248 0.179029897633517
-0.0897023580572025 0.0265546070679325 -0.0551875108552489 0.331131750469844
0.0358439435338101 0.0674664160968398 0.1485161042576 0.260595750769438
0.0392097837709182 -0.0125708169730211 0.187950093771991 0.0641460772192439
0.000112092530911777 -0.0211189251940347 0.115542147687639 -0.0293270086288836
0.00615054765829604 -0.0224192429631466 0.0679596598179122 -0.0227534929856064
0.0267740187457469 -0.0221232935611802 0.0249734109861795 -0.00749470516959944
0.0567062141055971 0.0116354853447729 -0.00107816324396144 0.00506429558466876
0.0714591044043275 0.0836977202418028 -0.0226749919830588 0.0346167953386771
-0.0147316082155709 0.139967938176787 -0.0944417893057177 0.103081195106707
-0.178475500929051 0.0681760600509606 -0.302104639876768 -0.00826359273072347
-0.139914046973215 -0.224383401445356 -0.273426153722902 -0.389809219172419
0.192913389758781 -0.241661052256607 0.113201008805734 -0.508976776734681
0.288746945099085 -0.0255324232682254 0.0967298515596682 -0.0578062900634625
0.121996589100687 -0.0528370317058695 -0.100303990112808 -0.0595842862680295
0.00168998298169573 -0.0734075232652584 -0.1874460449122 0.149206416867991
-0.0376627213598256 0.00721514883564638 -0.0470978279101553 0.332870797218028
0.0278234123123087 0.0184396162031012 0.193160807470139 0.253435281915451
0.011002612487344 -0.0309111036621026 0.213605322087139 0.0224955013725675
-0.0108459990191113 -0.0265013090589301 0.114328530046285 -0.0610698975258634
0.000991239352569434 -0.0184133290336645 0.0643294154689692 -0.0338599490402034
0.0171429910887798 -0.01075569051307 0.0289879635517318 -0.010508348253592
0.0344846617432779 0.0219355656644061 0.0195203439495351 0.012747020418393
0.0184378379166987 0.0702570419713551 -0.00365251420672957 0.0709899924128529
-0.0654906112818879 0.0710575354789861 -0.125309366104506 0.143301716882119
-0.132722580730519 -0.0454044696145284 -0.358841042781064 -0.0572821496478175
0.00314566039904101 -0.20902256513241 -0.235076851953806 -0.487928542577538
0.22099117934748 -0.124046442509505 0.204130134444405 -0.545900463267731
0.2075581586849 0.021369556726452 0.069093243794884 -0.0787834101786517
-0.0515520006566437 -0.00607121190769452 -0.0206116544782028 -0.020630039120589
-0.0542973141514531 0.0112364023076229 -0.332768728848955 0.435956600367879
-0.058707384562606 0.0589759227059141 0.183896600370475 0.586868160992558
0.0116221333497067 0.0700013842067293 0.430315483390411 0.124509566667778
0.0382675506424286 0.0206619330316709 0.16975568191148 -0.177098559525754
0.0234719656215307 -0.0140295681939559 -0.0217369989670176 -0.109584442047632
-0.00048784532707923 -0.00918652355945221 -0.0226316538278017 -0.0186278605677428
0.00111615403628182 0.0068068874930597 -0.0280000598280437 0.00291018077205204
0.00376299207690013 0.019692673601208 -0.0579736619191922 0.047554011258653
0.00992124556914592 0.0195222947788514 -0.113434532208189 0.0823666499607991
0.01172319325581 0.021970643718314 -0.20066523046414 0.0452915854402893
0.00916905735384215 0.00643596857455979 -0.236583150113444 -0.155415506963877
0.0298336331946229 0.0308184179522367 -0.0652306729152662 -0.305783514409984
-0.00750267264245649 0.073868045293474 0.116612529083287 -0.231202724498176
-0.0845811498311774 0.0517269760477408 0.129749857666183 0.00378157514127313
0.0741724309743768 -0.0144564123687838 -0.0226355617826459 -0.028972360279922
0.0278484580599295 -0.0879929832947101 -0.361126091734914 0.415262674811843
-0.102677932783511 -0.0436717119314715 0.11978294410334 0.590012028615468
-0.0804165641675923 0.0849133823259728 0.392472807193972 0.177858105851895
0.0175989998526488 0.0817901849827367 0.18673106398426 -0.129190382589177
0.0499986556174751 0.0283292530277109 0.00893585002856624 -0.101838582270053
0.0297660248174911 0.000500230198235101 -0.00726544862463031 -0.0273974967565697
0.0131161902315327 -0.00724597188327107 -0.0241772573314464 0.00018721372062642
-0.000951072591481547 -0.000450456248755015 -0.0570002570471786 0.0475618746275845
0.00879182755468533 -0.00508366491118408 -0.114574375910437 0.0850167700133188
0.0419555984345623 -0.000290625174403337 -0.201825103825331 0.0572830998876894
0.0627367502698258 0.0340859386636371 -0.250504981281468 -0.13058651771255
0.0121058555443848 0.0889890763802664 -0.0999392599849422 -0.295108106378848
-0.043243968221012 0.0597523044086007 0.0984447378283418 -0.259237718486201
-0.0541197863817831 0.00800492790831554 0.153166786552523 -0.00462204233101349
0.171580376876232 -0.0308003815998172 -0.0556128605253097 -0.0349861547834553
0.0750811297003889 -0.173274174770676 -0.348900712227067 0.405642157346782
-0.142117236017186 -0.112768891184321 0.0952645586759103 0.5466532748712
-0.136064044580255 0.0973013392723639 0.325551056752359 0.191423144168124
0.00526945763056947 0.115445335544553 0.17191549621715 -0.0653010597915549
0.0612233761876489 0.0560030937770021 0.0412998413783904 -0.0681502310484088
0.0469100477094196 0.00843504215598892 0.0180417145636938 -0.0279660910600507
0.0222125238437585 -0.0190885176179297 -0.0174792065191267 -0.00252298983958359
0.000115680473799812 -0.0208526727905816 -0.0586521772633027 0.0430156388629895
0.0212073024136377 -0.025081536849524 -0.118465515198186 0.0741339611334686
0.0778996754763195 -0.00893422230698705 -0.197324491883226 0.0495569314281516
0.100570571266905 0.0754775751984345 -0.24900954607198 -0.112929343581293
-0.0294072466071046 0.132000505353119 -0.133687361621931 -0.279414086229524
-0.0737875485367899 0.0176652950866676 0.0709997744188024 -0.294751557128607
-0.000780602726549701 -0.0450329079677008 0.173466088644307 -0.01932306191754
0.215772233425956 -0.0600099647446393 -0.0932216763486337 -0.0305785549053137
0.0556252091390843 -0.224555540017936 -0.296640296575728 0.384999284211397
-0.183261820781147 -0.111808052789291 0.0804577914676089 0.466620098956743
-0.130105588467498 0.120686721209827 0.244470620630109 0.18921865871013
0.0183098601956262 0.114673059905969 0.149280630188593 0.000642754480408524
0.0606081494276705 0.0559600234026161 0.0702047029369603 -0.0285153433677797
0.0477326664752648 0.00711144188391034 0.0436946902455627 -0.0219501619534794
0.0262991493867957 -0.0296864944158693 -0.00874187001463386 -0.00569073080828507
0.0139299395026576 -0.0337007762585893 -0.0574606019170296 0.0335525734922179
0.0516193981226698 -0.0273478513413323 -0.118187597238345 0.0510767505873018
0.113363931988109 0.0161586718637349 -0.176820805998113 0.0310017688755494
0.0948251727221194 0.137831089880148 -0.230992475511882 -0.0897295728809286
-0.109778032094444 0.1327456410205 -0.171625748430952 -0.259843727076825
-0.0890563704529956 -0.0697352022068156 0.039422587915566 -0.332168445178293
0.0792726670952493 -0.095302726576688 0.180006736235723 -0.0333933353468167
0.211364930369084 -0.0869147897455155 -0.112450581268671 -0.0244366400226204
0.00019463007891102 -0.217048427132245 -0.228529005375847 0.330640333906432
-0.189544584369703 -0.0513787640246404 0.0464140939906484 0.386884736466883
-0.0675059305698187 0.133079334666243 0.176482161246039 0.201563602656779
0.0425522810605038 0.0790080713081579 0.146740431555839 0.0507047485635224
0.0465586953587171 0.0317638741239375 0.0940325246911232 -0.00775174947078259
0.0361451649760518 -0.00315093383250355 0.0584960608966216 -0.0196557163528411
0.0278258965532818 -0.0354482556794573 0.0025703315305028 -0.00730298905235393
0.0362487221567432 -0.0316574362836762 -0.0464823269178234 0.0198204622072165
0.0888395425019691 -0.00259799476378465 -0.097050945835173 0.0273852278508568
0.123016594542049 0.0729599814556608 -0.135144678941791 0.0257035297015052
0.0216885159739589 0.191186557835916 -0.212627925990275 -0.0468276063035561
-0.205206270622477 0.0608203876621166 -0.219143803278631 -0.245225350278474
-0.0564971596017534 -0.18139654337547 0.0102188648248988 -0.379553446381634
0.174691841065692 -0.124150598477519 0.166281101654513 -0.0447974466527119
0.179031943605486 -0.0969887370664946 -0.115261818486707 -0.0250377427287299
-0.0386143183798775 -0.162342886784447 -0.183566697756083 0.258809009734625
-0.146695925899523 0.0151273960763607 0.00585433664377339 0.338831763284481
0.00572361413005214 0.110232705189578 0.155225445577361 0.225230894607399
0.0522778914330562 0.0255663924072178 0.16373871289628 0.064307089564177
0.0228491949487105 0.00211726155094098 0.105192174595301 -0.0142015364348919
0.0173237449653918 -0.0155504089107952 0.0651136349165597 -0.0237633271606076
0.0265379855095071 -0.034284325538985 0.0138920189741151 -0.00698150952671049
0.0544193257189103 -0.0141262032943721 -0.0248579733862311 0.00814641556231835
0.104249976340186 0.0376651693264528 -0.0576110367447228 0.0164076018446122
0.0810259335945417 0.128312722231265 -0.088516825751434 0.0539744889125424
-0.0865924659707715 0.179589111543846 -0.229178837203001 0.00605484463106134
-0.2393212235858 -0.0730223472650809 -0.279590752637221 -0.263983943352818
0.0349320014159574 -0.261818558972467 0.00820501823291363 -0.441653904535298
0.248047340400706 -0.112438781319037 0.136297455020377 -0.0547420687545431
0.141034432630977 -0.0901563541335781 -0.111680843950807 -0.0307916343933454
-0.0382925299978668 -0.10467396144521 -0.167488561898744 0.198647206166364
-0.0820001649186455 0.0381834492258916 -0.0128961021609371 0.329711695144936
0.0420070024654158 0.0603953503486559 0.177805104760984 0.232834624657634
0.0361587649093945 -0.0163732365759964 0.190363339746145 0.0378088078088744
-0.00158831482352347 -0.0200844873042554 0.107632607402027 -0.0415551351090003
0.00459090645609898 -0.0230384990644456 0.0633524938408429 -0.0321848164144319
0.0214476919543808 -0.0250243702744694 0.0229817846090396 -0.0102238308133014
0.0552170539942954 0.00294146951298774 -0.000218020099676427 0.00468493006457389
0.0791313081402284 0.0674186642329252 -0.0170934703924865 0.0356235914401126
0.00637551505802297 0.133399209635411 -0.0751604874701071 0.108287477169146
-0.155988392140558 0.0886201209299347 -0.288825581549578 0.0294801310698597
-0.163950676663605 -0.186188192929857 -0.3135065240193 -0.344130880033129
0.140055386277612 -0.247346916131157 0.0489757058294611 -0.510172828526511
0.262345276635955 -0.0654039378108868 0.100169215824137 -0.0669173707015083
0.111207824549332 -0.0691071263187284 -0.116412096642963 -0.0370235407882356
-0.00818018354868679 -0.0708564266254924 -0.166901857729334 0.17048021715004
-0.034497432484665 0.0127823840088068 -0.00497903943097998 0.331270754782277
0.0288283501821485 0.014076695827146 0.220369270073384 0.220155163350366
0.00729885811931149 -0.0290544768565091 0.208570860243093 -0.00339544496999994
-0.0137735798464324 -0.0241038715433462 0.10257348298752 -0.0706286124322137
-0.000491236132462514 -0.0192390936313938 0.0580350869623559 -0.0420489815547937
0.0145154426821975 -0.0140102205062784 0.0260738745826221 -0.0139991591101673
0.0365765550782674 0.014660924258706 0.0198497122685422 0.00901497122800653
0.0279533583134881 0.0622608634361504 0.00540202399402064 0.0678911509256285
-0.0494480334510018 0.074977255732764 -0.10103324031345 0.150637251173811
-0.126786509339762 -0.0229014816575366 -0.349996753158236 -0.0119880587388896
-0.0274860077626412 -0.190535410011792 -0.283633141812332 -0.443922540421767
0.180591325350781 -0.142250907778666 0.134540916701717 -0.552946663535636
0.193352203566921 -0.0100000387967921 0.0685729105357208 -0.0813111709831387
-0.0508714157709982 -0.00567246044067315 -0.0236399301989998 -0.0233995521156491
-0.0525275491350199 0.0109866424699581 -0.32973110020947 0.41626898667668
-0.0550236780123423 0.0555609569358076 0.169863760320159 0.566015285506824
0.0116190999461312 0.0663943244630047 0.411136988316411 0.126445143141136
0.0365327078329471 0.0189818981943297 0.163865244070089 -0.167316716681043
0.022147633407875 -0.013338122721797 -0.019574011293021 -0.102796823745222
-0.000514358671481089 -0.00921091903122801 -0.0199474354797051 -0.0167828867087308
0.00130824881631495 0.00631208128398439 -0.0242807417168591 0.00357675789334548
0.00323976451077488 0.0188390506793642 -0.0552590226959031 0.0463271657621036
0.0107697435967006 0.0196176142312295 -0.108574038467011 0.0804411203131304
0.0110209121779113 0.0195003416891222 -0.194076244841551 0.0430669488307414
0.00886315418064049 0.00705793444812605 -0.226625406288874 -0.154904558005887
0.0296799488347317 0.0300479651204743 -0.0579487353423663 -0.300196767754387
-0.00741056120177689 0.0703593549738161 0.119144717858378 -0.22468821421218
-0.0824610082560278 0.0494908275443997 0.128029401539216 0.00300605006347028
0.0693251015158413 -0.0147730028899741 -0.0265214665691291 -0.0328477253205128
0.026188731431591 -0.0847387605328404 -0.356558232702197 0.394517763443454
-0.0980460766178755 -0.0421467925815442 0.107313189280636 0.569482492124862
-0.0766125034415881 0.0813749730186168 0.373744607304767 0.176358592741454
0.0169874895254919 0.0782347959364656 0.179064724595725 -0.119578120630883
0.0470684213230067 0.0267685315187027 0.0087276137281207 -0.0949336879209166
0.028250720653341 0.000718138123223601 -0.00646087621029347 -0.025912696785158
0.0118590944783059 -0.00729621018142082 -0.0225668275457638 0.000960555977432359
-0.00202226518690994 -0.000221417124138891 -0.054326720966021 0.0465866095898142
0.00809241601025748 -0.00397335702407518 -0.109949555947936 0.0832543615037208
0.0394256417593538 -0.000236130374327797 -0.196142446835801 0.055433497517997
0.0595375310291257 0.032166656331302 -0.241832986517141 -0.129834688046983
0.0114387860281733 0.0863385604433133 -0.0933189905217091 -0.288806352996018
-0.0425575962179633 0.0572719553407356 0.100947818027579 -0.251729579453617
-0.0537704249547743 0.00712312050745101 0.151863979520428 -0.00587463368353921
0.163409348328422 -0.0304685031838408 -0.0572974082461674 -0.0382808234988003
0.070935419578646 -0.166466681991197 -0.345130206551504 0.386151133109664
-0.136862809821098 -0.107882627191718 0.0838775316449166 0.527621121387242
-0.129284286380587 0.0938531321453981 0.308550572500852 0.189744906703249
0.00472535027259256 0.110318138481608 0.165331886024294 -0.05836738027442
0.058094142266864 0.0529583371829438 0.0400041504631617 -0.0638340047269185
0.0448696288810242 0.00700777297103068 0.018218710499628 -0.0264884891987272
0.019398922220084 -0.0187467994601887 -0.0161074292744247 -0.00212775472553566
0.000501474141682989 -0.0199635255365608 -0.0561651365507521 0.0424652315503221
0.0192976558730841 -0.0228723077523562 -0.1146349796191 0.0727501190996649
0.0739732337097587 -0.00877793365030478 -0.192169657657894 0.04757627822202
0.0970594935132889 0.0707471283072346 -0.240277144203215 -0.113179258379429
-0.0278927398314265 0.127161368925837 -0.126230565546124 -0.274301691205646
-0.0734557586149028 0.016055016379795 0.0749795813415368 -0.285832024993291
-0.00321299323816905 -0.0443238927067407 0.170565890058529 -0.019895238535917
0.206349742991228 -0.0588692018244207 -0.0925896219087015 -0.0344993072967894
0.0513088751112113 -0.216456401387668 -0.294225932734516 0.364329038415627
-0.176738450661362 -0.106847205952299 0.0700565455686778 0.450231206006439
-0.123759219407948 0.117869882221321 0.230724169048998 0.188908347943268
0.0187015239395479 0.110168920565894 0.144754944104865 0.0041032945719516
0.0578274842702386 0.0525003804363176 0.0678782421870934 -0.0262857908272281
0.0470803558396996 0.0050724423488878 0.0419333592179152 -0.0230429122337916
0.0243143985829344 -0.0294196716256767 -0.0076652144087126 -0.00512267448968601
0.0129335308016759 -0.0324808418009472 -0.0555531614256278 0.0325130959388616
0.0505435376294169 -0.026009748925255 -0.114441785245787 0.0510513866812962
0.109649394322336 0.0148276915110309 -0.172841968769865 0.0298884380403201
0.0913008330160111 0.131674407525842 -0.223618798278213 -0.0914957052007069
-0.105996462967039 0.129083689319276 -0.161715768124539 -0.253889905274392
-0.0880672667078219 -0.067822066316502 0.0447695214167084 -0.321911355717207
0.0739953825114783 -0.0929822201397433 0.177311455770654 -0.0334319333649635
0.202156282756529 -0.084063868349528 -0.110971917097742 -0.0275202663101159
-0.00248456085476492 -0.208495001083604 -0.228093778144947 0.314489207475803
-0.183588130976029 -0.0482619065522984 0.0381982111652765 0.373205696102965
-0.0637312062314313 0.128500596540864 0.166846982605179 0.20126408765232
0.0413704801265703 0.0762599643304633 0.14308286006397 0.0529272217134042
0.0452379986853109 0.0306403899280244 0.0911578440433944 -0.00726994059965666
0.035047059186448 -0.0045637384134095 0.0577684432864604 -0.0191834962416523
0.0250481290069828 -0.035818321931392 0.00266751159243604 -0.00508223957577485
0.0342339430224469 -0.0312530520567363 -0.0449164403304158 0.020127060304528
0.0874094403677393 -0.00367923530639079 -0.0959364200517188 0.0270751861768016
0.118094557363335 0.0705270257032943 -0.132959035819584 0.0238856601689345
0.0242738484948866 0.183902868048737 -0.2042600137892 -0.0492829166388815
-0.197604634884157 0.0592803409768234 -0.208299139049274 -0.238313932265937
-0.0579738962335998 -0.175913431998408 0.0164448547698337 -0.366490629310293
0.165676117081499 -0.12006786568805 0.16536707949938 -0.0437164422806199
0.169838120382027 -0.0960411497586601 -0.114013808136365 -0.0257419507715579
-0.0408251358219128 -0.158276916433583 -0.184073507769655 0.246307152405067
-0.142174752870225 0.0143107984875528 -0.000136681596884909 0.330611003871685
0.00739649175432241 0.105521406260497 0.147614688254027 0.224023977204575
0.0504915176148648 0.0243714816164769 0.16174355686128 0.0660524908125204
0.0204172696310594 0.00147730803606002 0.10385526997799 -0.0132832328725525
0.0182821695934752 -0.017350761351388 0.0627717269600865 -0.0225747668656981
0.0242818978796377 -0.032711414945439 0.014538706627207 -0.00779484173714697
0.0523911933512552 -0.017362891712482 -0.0251370287184979 0.00897306418232844
0.100957601134229 0.0352573529418662 -0.058393292857264 0.020093355667073
0.080540472457629 0.122509124514408 -0.0895909112266707 0.0499584131061852
-0.0822760109952304 0.171736741519517 -0.220204729573186 0.00162379032859704
-0.230333876071702 -0.0678831137660586 -0.265183263252537 -0.256903582326966
0.0296466099505667 -0.251793128451801 0.0122292985356775 -0.426294464878449
0.237602136308157 -0.109451532263516 0.135377878217588 -0.0534292274140504
0.134752138282525 -0.0885381201627565 -0.110846115803636 -0.0314178714505747
-0.038873024296214 -0.101223083838324 -0.168291219835333 0.191162298148669
-0.0797295366427789 0.0368115356444314 -0.0172631623305329 0.322671862613458
0.0415396013870253 0.0581458524196681 0.170924528426393 0.232767613470654
0.0345467419486041 -0.0152617675873208 0.185859170497193 0.0398992063064459
-0.00168449946310679 -0.0188704190359248 0.10427248232687 -0.0392846006226754
0.00409323457806961 -0.0229938375271114 0.0598101166702959 -0.0306757003421262
0.0193624482804187 -0.025860369481029 0.0220069832509214 -0.0106823305071584
0.0537580754761948 0.000567447872845624 -0.000746010919927451 0.00417299607754962
0.0770338309481163 0.0630960149824026 -0.0176508662620151 0.0344930823455382
0.00723550183333485 0.127863818994938 -0.0733801873360718 0.102263244925494
-0.148624375997702 0.0849102824270991 -0.274374307208954 0.0233175422080481
-0.15672472539215 -0.177835998194046 -0.2956391755826 -0.333974002275028
0.131959272257203 -0.23879087430985 0.0546825666304681 -0.489071312391635
0.250098430684229 -0.0629733772332778 0.102517103361675 -0.0636653347252772
0.1065320258461 -0.0673721672713247 -0.115004628989107 -0.0367976856532897
-0.00891257205479719 -0.0688684707337431 -0.168625848537583 0.165108089317568
-0.0340899948742636 0.0137520340880172 -0.00885703167396825 0.325283158769
0.0278051933054447 0.0146104972994867 0.21171029654674 0.219215198407978
0.00699973333458876 -0.0283039445673038 0.204124637674884 -0.000837791742286544
-0.0129544229543028 -0.0223282324309659 0.0991057231645504 -0.067747807370547
0.000526527844379309 -0.0191285371573418 0.0557700561406442 -0.0409841555672065
0.0139259183848898 -0.0144695649489516 0.0246838752403062 -0.0141131447646157
0.0363894964253781 0.0122286781540154 0.0178508439282806 0.00798929432315639
0.027898975532281 0.0581333934798809 0.00418100602518887 0.0648593066326277
-0.0467253461362003 0.0724676083592597 -0.0972449505608087 0.141616671004341
-0.120681268818858 -0.0216567182027536 -0.333862093709755 -0.0169323027975758
-0.0263138043377368 -0.182075302907924 -0.265909323095585 -0.43012971313543
0.172628339675444 -0.136609626124091 0.137514381536883 -0.531536861696087
0.184445695772546 -0.00965187333530083 0.0719010552415505 -0.0765343518043165
-0.0510807367947676 -0.00674608131942487 -0.0267710595883905 -0.0295817336867691
-0.0516443310031879 0.0104027837189917 -0.344413375620273 0.40158552477892
-0.0553618303444512 0.0523198691573093 0.146993621793674 0.564520475209418
0.0105579433902574 0.0645007315381101 0.401907800652987 0.140148572698603
0.0350314326141154 0.0192485867094323 0.164424929662234 -0.157993249178895
0.0209457159532431 -0.0137231673928938 -0.0175866338578364 -0.0996389819357098
-0.00124939543352481 -0.00898179596868072 -0.0167019935272876 -0.0175597658800986
-0.000149444361116551 0.00617865336323359 -0.0241752333875639 0.00287588174671764
0.00327531258297707 0.0207055435435835 -0.0529051479799341 0.0457770347270431
0.00994712315188019 0.0195289288043054 -0.109357524307663 0.0784904648831788
0.0106206446346261 0.0189458384359661 -0.1948667960274 0.0373777832122244
0.00807234489048347 0.00583660101505355 -0.22195316838823 -0.162894033788213
0.0283914533895347 0.0304705465407739 -0.0467498526850506 -0.302587471006715
-0.00945522421364673 0.0715461138420982 0.128112139034569 -0.22268284315274
-0.0843405052569292 0.0474819977392138 0.131040814587275 0.00414253386784134
0.0686174904291794 -0.0128464020096991 -0.0289287734425553 -0.0382541328673186
0.0270739654885115 -0.083196053852675 -0.370283134914085 0.377424841593118
-0.0959465237116594 -0.0441954111746909 0.0857549860279973 0.565689823086268
-0.0767016512508034 0.0789202978889308 0.361603816992672 0.189807300689364
0.0146625834254796 0.0771540774768039 0.179732186632206 -0.110687324623023
0.046005827783588 0.0264514926228716 0.0111265713220368 -0.0919783450723743
0.0276075548747981 0.000684913380021275 -0.00436931885698192 -0.0255097446851348
0.0105020382288606 -0.00699594884659941 -0.0211998392407682 0.00073093912963169
-0.0014172701293783 0.00011173386604226 -0.0532123148444998 0.0460101211030611
0.00781579863814568 -0.00304111030917004 -0.110416315400984 0.0813557903305629
0.0389221698848602 -0.000503322748736514 -0.196515866777627 0.0498889988215222
0.0583986946084815 0.0324181722318293 -0.236867334155886 -0.138518411866679
0.0094397398481567 0.0857749825679209 -0.0833326138383403 -0.29309510071035
-0.0443378594043748 0.0559299183985625 0.110455116896777 -0.250374424611113
-0.0556071409646376 0.00483926864656224 0.153916381591855 -0.00316187083922522
0.159775600370894 -0.0270742688270526 -0.0587574405334181 -0.0428750853596856
0.0719980452405178 -0.163523648514471 -0.359898104550828 0.370124361391172
-0.133445984643172 -0.109239008355669 0.0636890776784473 0.524231306428616
-0.129466880238951 0.0909077900735017 0.297414860545377 0.200348677640235
0.00246136795005439 0.109220724558895 0.165067488625491 -0.0502780836280773
0.0564428352319579 0.0524363534293393 0.0407888471506796 -0.0605709053032227
0.044885506013097 0.00730284387127473 0.0185295207351025 -0.0263523363066504
0.0177068088376714 -0.0191176179869661 -0.0157623085737091 -0.00183586181856828
0.000530130619070438 -0.0195192674731232 -0.0552935375678472 0.0420326260320124
0.0193746128742242 -0.0214226689201815 -0.116228498922773 0.0711731664601559
0.0726888676661095 -0.00786139261440846 -0.192722559672339 0.04289678913684
0.0937680047037602 0.0722788725488405 -0.236448068723675 -0.121670268811997
-0.0306334924701255 0.126720734571594 -0.116146177255169 -0.277889229892527
-0.0753045643084126 0.0137261956797335 0.0859459299838745 -0.284161828240794
-0.00460553766911256 -0.0447451669725547 0.173316381938715 -0.0176589444947955
0.203560378986602 -0.0533798719957326 -0.0935469718511304 -0.0399997834353484
0.0536787348641059 -0.212625961439216 -0.305170309150754 0.351025072174213
-0.173413108145972 -0.109271768362466 0.0506045923302849 0.450815605569231
-0.123957004255832 0.112991483925546 0.220386806733924 0.197132140784992
0.0146848504153322 0.108974143977923 0.143951478177289 0.0125083839115093
0.056073807001017 0.0521904261546665 0.0687075485713391 -0.0240468407587962
0.0451481140368271 0.00488502334231164 0.0420658896733809 -0.0216017840924189
0.0217031201158439 -0.0300867287034565 -0.00731759093735202 -0.0044288228761405
0.0130839839966583 -0.031423603202905 -0.0549665243562834 0.0324262136404003
0.0505566049912941 -0.0241151102687097 -0.115558205929592 0.0496059049430869
0.10794809419019 0.0168306014002237 -0.174180035480697 0.0260662456270535
0.0871844734911883 0.131294894018218 -0.219543025990994 -0.100844807127988
-0.108033042440305 0.126032372759137 -0.151664613450625 -0.259229387562804
-0.0881415971715014 -0.0690363561349092 0.0569345050812851 -0.319766607706018
0.0730933430449199 -0.0909955167622755 0.180127506096791 -0.0303514694830693
0.200097517793128 -0.0806620541286236 -0.113762726594653 -0.0330942664667792
-0.000387826181457848 -0.206461811314643 -0.239217472194413 0.30280287155603
-0.182325373559458 -0.0506906044244374 0.0214568407227283 0.373096143780901
-0.0653647635636831 0.125813329102768 0.158461726895358 0.20953262218998
0.0393152409473074 0.0752492699349237 0.142189623197427 0.0585933062767681
0.0436351798911036 0.0310221404222864 0.0910573088579899 -0.00420481077180288
0.0338825301104014 -0.00480582943170866 0.0563878555196973 -0.0184096619253944
0.0231771394868451 -0.0345994693793371 0.00260847645351722 -0.00614633670027965
0.033989778349993 -0.0301279104837711 -0.0438995475543733 0.0198995603549736
0.0856952493733473 -0.00300764764451693 -0.0960868765936804 0.0254785866755356
0.116352334423908 0.0714359973918439 -0.132112665000102 0.0203035911510658
0.0197128957620419 0.181076283433209 -0.201660807072885 -0.0589692170048097
-0.197447748147979 0.0556675512439964 -0.197940903950489 -0.245999692623028
-0.0554133235693398 -0.175417000819993 0.0337076382285439 -0.361750079942985
0.16322802676084 -0.116661786294203 0.169289733866492 -0.0402679767599729
0.16831303603493 -0.0919255102706164 -0.115314041347728 -0.0304409346170766
-0.0397227477921795 -0.155857046057025 -0.194193968964165 0.236665315897552
-0.142272337513911 0.0134849610982738 -0.013969071257864 0.332308943554358
0.00411717333771375 0.103843069997469 0.138280641490834 0.234323610937613
0.0483612893617898 0.0245562141046832 0.160970173399532 0.0712149610508269
0.0219429629028997 0.00265356514696731 0.103176472522796 -0.0106852155841986
0.017179108728161 -0.0167798434621038 0.0628519651068153 -0.0214744682420334
0.0217461013532811 -0.0336574660956574 0.015496203019613 -0.00920541278727209
0.0527536697567552 -0.0162518220130316 -0.0235573600187994 0.00697282516728325
0.100729660291495 0.0344168008629162 -0.0586387458689684 0.0179377566629321
0.0764883796813643 0.122174433618036 -0.089683453475784 0.0460476613690798
-0.0832819324108064 0.170416910750374 -0.214639498622369 -0.00802138581393882
-0.225909566853585 -0.0708651840929588 -0.254298298487767 -0.266960963295079
0.032320763399987 -0.249387730842565 0.0294340368571688 -0.419650682159492
0.234652984751046 -0.102761450224413 0.142311437083657 -0.0504558087304296
0.133973462359861 -0.0859164134914725 -0.112030681969384 -0.0353794536588407
-0.0376681226797236 -0.102427528746486 -0.178116783140342 0.184354508424386
-0.0815304718537232 0.0362681778028909 -0.0286017053651181 0.323042175241141
0.0398789813718607 0.0578660318631662 0.16325206301432 0.241221500124316
0.0336071730241824 -0.0147548062197887 0.186367817059939 0.0463707114008343
-0.00110199289509486 -0.0184550440255683 0.104982313073322 -0.0351903654048184
0.0038793932778464 -0.0238302973477831 0.0612978526382104 -0.0298428936325207
0.0181677708633614 -0.0260975654634077 0.0219337257801559 -0.0103435997639102
0.0528615276972633 -0.000466741226685626 -0.00202792379239884 0.00384005018944062
0.0762460318830027 0.0629780541479817 -0.0197082826274479 0.0342348007506838
0.0053440622135119 0.126615030132238 -0.0753137615493489 0.0977796606928677
-0.147811715122528 0.0812842149822176 -0.269198993233101 0.0119492478851949
-0.152285696466867 -0.176954811007643 -0.28003026077777 -0.339987241266537
0.13390303744302 -0.23227932187321 0.0746953874033119 -0.482749300902358
0.246603506295941 -0.057087253508935 0.108119151851109 -0.059314448399112
0.106700192782484 -0.0648701939712433 -0.116268523336999 -0.0412138368769918
-0.00837252586031375 -0.0694320818240411 -0.177609861173033 0.161301010076891
-0.0339632943873438 0.0132310863165936 -0.0184898996631868 0.327727613618108
0.0285924122069838 0.0154003760808011 0.206575745844187 0.22838475570017
0.00778638686896095 -0.0276671437051703 0.204659097501282 0.0051138396371408
-0.0120338362134569 -0.0223370052655458 0.100786832908286 -0.0635656731550901
0.00102267023988863 -0.0197788926169132 0.0561437570009108 -0.0403799425311685
0.0138079233385643 -0.0155563900102443 0.0252634009487911 -0.0131824700416792
0.0359974258842203 0.0108555645707706 0.0172697877910964 0.00762813798219294
0.027340507124709 0.0578082562079399 0.0007817075995809 0.0626801036854293
-0.0468095758615197 0.0703880246611436 -0.0993322217100458 0.136792054242884
-0.1185835736873 -0.0240485024448085 -0.325634693439838 -0.0276580584588779
-0.0210494503262898 -0.178366003648385 -0.246528140069632 -0.434424862626454
0.172638440874612 -0.131139133782846 0.155521084490241 -0.518343876759062
0.180721937577678 -0.00483391355149641 0.0788744212948592 -0.0714872170489101
-0.0524358794555276 -0.00862290221653556 -0.0328018189046015 -0.0341426093415563
-0.0531057614899917 0.00938705427010912 -0.369542626760565 0.401430316723395
-0.0565842940472145 0.0531860005976967 0.133443794786162 0.583785117601433
0.00927953968590495 0.0658849199418856 0.406639735970171 0.158837870538826
0.0349551261376707 0.0204829813675671 0.172783096706265 -0.154837313292157
0.0208706160183404 -0.0132622916681199 -0.0138337255101699 -0.0990337328379341
-0.000807577043076114 -0.00830818013836539 -0.0161093945117955 -0.0178368715265089
-0.0010394710163388 0.00644336389030686 -0.0227315106919596 0.00275575856715543
0.00235043592268046 0.0209064633724799 -0.0535307318943886 0.0466676525646861
0.0103083557447043 0.0204318176615548 -0.112490557667885 0.0792891894940174
0.00920236079106958 0.020101504235201 -0.200824925853457 0.0343399418712003
0.00722218313924023 0.00556637856661005 -0.224876766506637 -0.176063980320783
0.0297759451229535 0.0322229660624916 -0.0386768522303647 -0.316543562112431
-0.0106287153598476 0.0740888165014259 0.141921158462365 -0.227009074927699
-0.0896009956718154 0.0474078844809757 0.139751781697967 0.00649453131900686
0.0689735849151795 -0.0124376561507185 -0.0334207008355691 -0.0441991950493714
0.0290407442978764 -0.0844044105739885 -0.396541660231508 0.376626522228902
-0.0969776063489112 -0.0477108619287171 0.0695297588757793 0.58312413610904
-0.079691227289194 0.0793993841490101 0.363320092774517 0.208711241064126
0.0130603607737189 0.0790876243027587 0.186848031676742 -0.105319595105837
0.0456765777400642 0.0270726525933668 0.0136864548147114 -0.0917047035342977
0.0275872340752398 0.000584576118666072 -0.00383591999585992 -0.0262529786155477
0.00917491473931429 -0.00671847975235679 -0.0210064152843888 0.00068741373738159
-0.00242238888104782 0.000590009674144421 -0.0540418182969565 0.0473870421386987
0.00763728805930044 -0.00198900157375007 -0.114938898894384 0.0823577069427812
0.0387517080736647 0.000464313681298715 -0.203458403251368 0.0474637393711287
0.0588248074012805 0.0332080882249978 -0.241178860008605 -0.151242074491822
0.00900794541252097 0.0893283184452198 -0.0768176029522865 -0.3074679103124
-0.0477735246207311 0.0562043709088576 0.124553345320837 -0.256855458882357
-0.0579256818746503 0.00378260578871099 0.162974571114618 -0.00108940337798237
0.163414877381381 -0.0242967377494273 -0.062976360390522 -0.0500767199231397
0.0760057760225384 -0.165468638739766 -0.383915274006703 0.368828527133235
-0.135305451917534 -0.113961838494313 0.0470978241844877 0.540223401597411
-0.134199981182132 0.0901310356733121 0.29661246336359 0.217026438581505
0.000447700734187326 0.111385616246153 0.171154978349036 -0.0441562934310154
0.0566966208511525 0.0536169861070048 0.0437152827892393 -0.0593916124966352
0.0447428214675488 0.00747937620876464 0.0198906593686139 -0.0264850748098223
0.0170324624621376 -0.0190850345142596 -0.015228707303048 -0.00230281061044648
-0.000579163245101406 -0.0190270142746181 -0.0560807387902144 0.0428160102346191
0.0209111708939076 -0.0210498766916477 -0.120778046366984 0.0716096530546553
0.0745574669527686 -0.00644740466497161 -0.20075368072864 0.0411320407725259
0.0944205698059902 0.0742649984601645 -0.240965605831395 -0.134015672421561
-0.0333138325164722 0.130104401269984 -0.110567087825223 -0.29361647439846
-0.0796479615235109 0.0123047319671597 0.0987590412493698 -0.293603992733086
-0.0055274564271991 -0.0465007650911205 0.182538873880547 -0.0146247278106017
0.207096821560353 -0.0514040644038078 -0.0977742151840738 -0.0468006374050835
0.0572432422180297 -0.216367265107671 -0.330433407292382 0.349975210505183
-0.17682781858157 -0.11570511921409 0.0365100942101471 0.462298073298718
-0.127976130569723 0.114226291333903 0.219043559041517 0.21370505839282
0.0138522210106645 0.11262744234142 0.150195997027715 0.0190465036966974
0.0574588805995874 0.0546507119159555 0.0715394283226093 -0.0217790361421817
0.046557475926795 0.00542404030512522 0.0431519834888201 -0.0218700452654258
0.0201347860882411 -0.0297120037477761 -0.0069982341697805 -0.0049681418463847
0.0129126645688024 -0.0316068897349075 -0.0566408440228122 0.0325777587487664
0.0521205497734295 -0.023810072971308 -0.119421243438774 0.0501767703472936
0.109642891948153 0.0190179408809939 -0.180934939113143 0.0232546108760117
0.0880918326701686 0.134748638411619 -0.224493463435999 -0.112684753306978
-0.11388042685785 0.128882295531672 -0.146837394071953 -0.273681305461001
-0.0920393817290293 -0.0728166358571431 0.0704746772386202 -0.329980790639339
0.0739361436116007 -0.0932373732716372 0.189783367810617 -0.0274941084432323
0.204711156141806 -0.0795159922017323 -0.117361331370948 -0.039178213341779
0.000592200661394888 -0.211833727974011 -0.260318928540216 0.302359616511542
-0.186789200150551 -0.0552407661704992 0.00900168331517584 0.384832219823715
-0.0685533616214329 0.127916262017109 0.155403762604771 0.225633181185525
0.0382909882557777 0.0776883192723411 0.147806746969884 0.0662715215663353
0.0454811589683784 0.0323120678030228 0.0946708055867104 -0.00251087841294477
0.033644144425791 -0.00546117993122835 0.0585940127641556 -0.0184539269111271
0.022303521699529 -0.0357084142270003 0.00406582904030547 -0.00617738641387199
0.0338599824117763 -0.030969048564882 -0.0464767311892858 0.0192112798114471
0.0890067745074587 -0.000656197402473019 -0.100026008059457 0.0268596035280306
0.118048714943685 0.0736953679317508 -0.140080254045681 0.0168699827173455
0.0162321165743457 0.186889624729286 -0.20594412203629 -0.0709691697704704
-0.203873741508502 0.0563996587466062 -0.192386371355026 -0.259840117967701
-0.0563565873792309 -0.180439060172187 0.046745478476337 -0.373682484722534
0.169177332308681 -0.116761728094279 0.176986080750621 -0.0380487478025692
0.174147261066067 -0.092016063313704 -0.121821609089659 -0.0353644252795608
-0.0410173660698608 -0.163080820844114 -0.212318400980888 0.236756984015935
-0.145452593027851 0.0128383516604821 -0.0258298875034246 0.343337700836136
0.00355391946368631 0.106409650627487 0.137744448570136 0.249907701790908
0.0492324054027101 0.0279763581052275 0.168708074583632 0.0797557929059851
0.0221631766740935 0.00389203920863488 0.106626079940179 -0.00737482975073865
0.0167195741192182 -0.0180874913005946 0.066105297799859 -0.0226859707042358
0.0213240963912729 -0.0352905539952226 0.016369001659052 -0.00850140054690994
0.0524787268939786 -0.0185177937852765 -0.0266865677928991 0.00846281594936701
0.101502752816049 0.0372629198916463 -0.0625847043854687 0.0172218577372574
0.077797820175897 0.127150225411138 -0.0951998813816323 0.0451895133625092
-0.0878166116397315 0.171148460191092 -0.218190799440048 -0.0185827953777337
-0.232608882263928 -0.075292511816037 -0.248945483862433 -0.279740882921725
0.0358225645312049 -0.254424180711597 0.0467798011112825 -0.431878040997129
0.240401562238267 -0.102820505322175 0.150105550967945 -0.0460733639129995
0.138127852150422 -0.085595087807922 -0.117707185503179 -0.0403744914203993
-0.0397824191202496 -0.106695777322378 -0.193378729881975 0.183927716474283
-0.084700187114179 0.0356981508536558 -0.0403357980357884 0.335090662878783
0.0406621264458121 0.0599386037055886 0.163135444693513 0.259607302363947
0.0347020510170736 -0.0140364133669002 0.194340079911251 0.0529061322542535
0.000122731758679153 -0.0181569893055751 0.11014461082522 -0.0347642655016598
0.00460046834055489 -0.0256357576556024 0.0626347800396478 -0.0296690690789464
0.0184858117646769 -0.0275987262489402 0.0231342969856932 -0.0105454224519536
0.0552151036388667 -8.67109639072993E-05 -0.00217415297022511 0.00394178509619227
0.0782900319631565 0.0648390831168949 -0.0221348297579096 0.0347060731228702
0.00412429031087067 0.129474872383258 -0.0805163197760571 0.0965643460405592
-0.15278084477466 0.08035082594035 -0.274801717362827 0.00087085335264539
-0.152450532243832 -0.182330763285124 -0.275263404038363 -0.357724898593454
0.140067216847245 -0.23607823145033 0.0940426311592618 -0.492249339446095
0.25266456714622 -0.0525075797728629 0.118065801405064 -0.0588077856986158
0.109443472546323 -0.0661175666722723 -0.121237657777828 -0.0447345714785245
-0.00891142765022574 -0.0731360010406844 -0.191999534519288 0.163632900212804
-0.0357868951104305 0.0131620103478338 -0.0294911920991699 0.341063488178557
0.0291566856995922 0.0162882931690771 0.208453062800225 0.246432311422423
0.00772771873298892 -0.0279110203091532 0.214496713062603 0.0113030830655401
-0.0114045288871989 -0.0229823377535146 0.106298913794802 -0.0636739515624185
0.00187689043293505 -0.0218062092718871 0.0580412423663089 -0.0409143677099557
0.0132567624528397 -0.0165386121565369 0.0254673396932769 -0.0149769481624512
0.0379482831066268 0.0102211013174303 0.0157073635148866 0.00757174838002992
0.0289881523889173 0.0590107731401989 -0.000533823815522753 0.0645320568365768
-0.0489145149912785 0.0716143439615619 -0.103559106469768 0.135013344420887
-0.120463109415705 -0.0269785500644258 -0.329949738192956 -0.0402036256023977
-0.018760888294882 -0.182182513188608 -0.237757255867311 -0.452757392240637
0.178211879131464 -0.130500077003973 0.17826516908391 -0.525171387975918
0.184489812363765 -0.000761175548702224 0.0893097007406805 -0.0708156533437894
-0.056648566490891 -0.00938020473901262 -0.0406794761829206 -0.0409133633636727
-0.0551476002313067 0.0104609631203466 -0.397470273807584 0.422395877875976
-0.0596269631997633 0.0552945390849261 0.138266309920182 0.618200490598007
0.0101569244388625 0.0687587047893257 0.429194811432186 0.170047789825561
0.036200852817502 0.0214445906970353 0.182577810686747 -0.160129136654844
0.020078454761202 -0.0144866051120692 -0.0144702771155802 -0.102329763407188
-0.00273944360258733 -0.008419179272049 -0.0156004510179208 -0.0187687410863756
-0.00154835471453733 0.00757176623182276 -0.0239218810822973 0.00224833827606896
0.0033905292516898 0.0229002082292644 -0.0537601089946527 0.0506175608805734
0.0101466815459883 0.0219981224532765 -0.117842238991877 0.0857813007020644
0.00898666254771294 0.0207908257686145 -0.212648733771544 0.0372673798144336
0.00809119415480273 0.00587823786276584 -0.238838236984372 -0.189428978029142
0.0317861558208061 0.0341030959681754 -0.0384174942860733 -0.340573847813195
-0.0105300077202517 0.0799476355819813 0.154816993382998 -0.243229448576237
-0.0956212530378894 0.0507259772739897 0.151605289098093 0.00394847175450559
0.0707370485855273 -0.0134771283212224 -0.0410032868401736 -0.0513666188122288
0.0295663117427475 -0.088883775824357 -0.424770833224259 0.396597849701683
-0.103074006401258 -0.0495572259080158 0.0704734170940552 0.617005920207994
-0.0830489581734202 0.0838660696107351 0.382526094011844 0.222377031412865
0.014147965359327 0.0830382134931066 0.197510270601185 -0.109344654760295
0.0476263772925546 0.0279020585101815 0.0138343449054511 -0.093770307580294
0.0285474054181756 0.00026281579732555 -0.00297815214025897 -0.0270172998742231
0.00837236197366018 -0.00732810375772902 -0.0208922277170591 0.00161728636215299
-0.0031371433191673 0.000888736942704909 -0.0550854645330922 0.0511525143709315
0.00825495280293718 -0.000514010976737368 -0.120348871990565 0.0886772015445357
0.0402423919929644 0.000577938153180375 -0.215562575061357 0.0512798568730997
0.0622850205575069 0.0344833275544176 -0.258245109434024 -0.163693861276408
0.0106500291914792 0.0944342572829918 -0.0803879008127902 -0.330772529210336
-0.0509871674299693 0.0605645179978568 0.135551922541592 -0.27557481674985
-0.0635546083299315 0.00402056263377424 0.17691879676146 -0.00408415184596858
0.17122414119961 -0.0268797698210742 -0.0705211047800789 -0.05635594130889
0.0774461635026167 -0.174475515245271 -0.411867715193187 0.388026378829014
-0.143829100448702 -0.119216760768964 0.0447389317232317 0.57255220593108
-0.140176262588548 0.0966128647841703 0.313290676256479 0.232796007218667
0.00151622868110656 0.118074677195918 0.182070199697383 -0.0433301099540845
0.0601692634331652 0.0549881947183867 0.0451952994168663 -0.0604434693112416
0.0466956294402722 0.00643728580428107 0.0208435806072549 -0.0272402114098357
0.0149228548088876 -0.020731440788565 -0.0149979941482812 -0.00211477454843201
-0.00188819414369771 -0.0201132788216004 -0.058301758162346 0.0460021885388215
0.0217474685515474 -0.0219855254325692 -0.127099178481011 0.0779459908659927
0.0779472712466397 -0.00751489182406503 -0.212847232219776 0.0446291237045691
0.100938137141007 0.0774672168228304 -0.257897844079252 -0.145197354793071
-0.0337299950427759 0.138554797155463 -0.116068593761362 -0.31433929815162
-0.0864026247211983 0.0137445750029768 0.108351058299459 -0.313116678607673
-0.00866275595487663 -0.049539527215067 0.19726451607997 -0.0180702802397017
0.217517441547604 -0.055903087432365 -0.106911450476459 -0.0519877582853748
0.0569745287065026 -0.229103751204078 -0.354176681536671 0.368129054253152
-0.188096403110062 -0.119246307302817 0.0348072899756094 0.490345663290277
-0.134053173849399 0.121480142621369 0.229616957979052 0.230737013154362
0.0154715818597798 0.117717764960202 0.160343318073333 0.0229887919754304
0.0608854289273492 0.0560737750505142 0.0759213053448661 -0.0220029475821221
0.0478917261563859 0.00391621100792612 0.0454007603779305 -0.0233220981547731
0.0186407203928201 -0.031860635205375 -0.00641814656252522 -0.00552747031734687
0.0124371771338114 -0.0335408705579071 -0.0589178768351681 0.0362753511280882
0.0553929944405131 -0.0247106570418733 -0.126810479970452 0.0558109512608998
0.114789672474868 0.0179816622332886 -0.193500984667347 0.0264468479397688
0.0939002779209792 0.1420785487059 -0.239424763156367 -0.123066348580299
-0.119680212349978 0.13876824719208 -0.153613166620214 -0.293411969526266
-0.100290544329112 -0.0760678122078909 0.0795986030861834 -0.351456664992414
0.0757695345262704 -0.0997474556844649 0.204135790770514 -0.0308340945988053
0.2140758837593 -0.0853882372846604 -0.127242929120357 -0.0436805335415949
-0.00200309095880672 -0.224129219404256 -0.281666487308264 0.317943743626696
-0.199180667582968 -0.0557456157015613 0.00606343547054108 0.408836031432442
-0.0717390437713147 0.134566402592926 0.164608844490658 0.244667145790635
0.0413404420301188 0.0820937816171877 0.15951487576203 0.072466397225284
0.0484411902110667 0.0335444012776843 0.0997359803332522 -0.00165264393896401
0.0348839745601381 -0.0072097879675192 0.0624981797180424 -0.0210296061478104
0.0194915337217849 -0.0383972499662425 0.0049284943769465 -0.0065675529038039
0.0350683644382929 -0.0337967101445763 -0.0480267364505228 0.0206754625567038
0.0944215516504301 -0.00263292134992217 -0.105415159428959 0.0288392527677499
0.12497384785572 0.0768944879633833 -0.149476225571624 0.0190393088786918
0.0209012263752417 0.197152110215964 -0.217850330865433 -0.0789819398924211
-0.215175564637387 0.0630202592809102 -0.201307486949278 -0.277231396229054
-0.064657349368173 -0.191289449652533 0.0551817060954455 -0.396318892777495
0.174938549384343 -0.124547245593169 0.192169141813881 -0.039941975150559
0.181584417722966 -0.0999414524151996 -0.130038446665937 -0.0417775664349795
-0.0451164369508386 -0.171830668141599 -0.23039907468408 0.249377396584037
-0.156061117873639 0.0156233509179826 -0.0309395188455042 0.365782145672808
0.00531249216845666 0.111969847289256 0.145508973175025 0.272156685814966
0.0513771817379578 0.0281444175229187 0.182048873896262 0.0845748322738713
0.0246847966993837 0.00369161835384738 0.116349920627245 -0.00775918746621855
0.0171525512356619 -0.0200676429234345 0.0699818254422312 -0.0252041590987296
0.020029326894668 -0.0365697018319585 0.0158543666179092 -0.00937815928173713
0.0561842965649997 -0.020972433589119 -0.0276352528121299 0.00716100105158235
0.109632393971798 0.0384540211662757 -0.0671585304566628 0.0219840438068665
0.0825302463169585 0.132843827425065 -0.101670947441923 0.0472341926110972
-0.0912306063129829 0.183299230298776 -0.230091103379598 -0.0225346134212972
-0.246030066382904 -0.0747406050097319 -0.259756925011452 -0.296971904961602
0.0326148905418467 -0.269440214292282 0.0554221493655199 -0.456699162068793
0.252013722662528 -0.108178278303332 0.16419362270431 -0.0521737556885281
0.143522736172025 -0.0924801288774861 -0.126841308633425 -0.0439368248568119
-0.0436984525023939 -0.112827851886179 -0.21020569209281 0.195752593162105
-0.0898849007733446 0.0396788235931067 -0.0438431332819905 0.358403991767854
0.0436687396333929 0.0621167190084145 0.176563048447421 0.28012961823588
0.0356492244211079 -0.0143166400842074 0.209663970691595 0.0574043791635172
0.000811435845151113 -0.0188257810587211 0.117692154994155 -0.0363515266886657
0.00362850763899914 -0.0287563451167711 0.0670920922616895 -0.0326417773542518
0.0169521015059848 -0.0303520621127755 0.023704522048107 -0.0120749405216395
0.0570607562407334 -0.00268393243828496 -0.00273079046085257 0.00300304226873184
0.0840825494733355 0.0665766899027588 -0.0243744926069539 0.0368510728250627
0.00657279532631303 0.137213633418945 -0.0849258547165418 0.101097208890136
-0.160000124412513 0.0865578282838314 -0.287413404099478 -0.00155667584384802
-0.162661250972547 -0.190153792293184 -0.287062837213118 -0.379595572066078
0.144678052302125 -0.250343322739838 0.104621757621887 -0.519161884138544
0.265853710267463 -0.0574437406720291 0.129980136723678 -0.0617483602543746
0.114868166963401 -0.0711856483960606 -0.133243957672888 -0.0484896306666692
-0.0105141759890364 -0.077944165104895 -0.208899965324385 0.17515217868128
-0.0387805653650975 0.0153768184740273 -0.0326500209670827 0.366304852120416
0.0315696036575574 0.01525973368561 0.225200242853827 0.264699566754051
0.00821951593925413 -0.0289902520805599 0.230909062411332 0.0114549170128222
-0.0118261634994176 -0.0236052901215198 0.113470457484848 -0.0675144248748604
0.0011972184303096 -0.0244427115656064 0.0625733704070691 -0.043118644983936
0.0128185521633354 -0.0183045834430424 0.026525301121532 -0.0157620068332291
0.0401225479598883 0.00869195442082778 0.0164238633313768 0.00628589533476764
0.0318903106040523 0.0612153677363127 -0.00191800380882359 0.0663419740772686
-0.0502342329677142 0.0766589813595393 -0.109117578955098 0.140699617154773
-0.126712919869124 -0.0266631474353261 -0.345300928939852 -0.0454120889909702
-0.0199245826656864 -0.19132010286959 -0.247895266952909 -0.47900595148157
0.186414549045286 -0.139529107656145 0.193533834667283 -0.554754962493202
0.194568259807052 -0.00150160087513566 0.10010043812489 -0.0741501887477456
-0.0615621302116641 0.00101327915264907 -0.0528809136925743 -0.0432862332172519
-0.0579979358942308 0.0145064348024578 -0.351219480158455 0.5145501233563
-0.0581592270265559 0.0626461758852377 0.251560252012142 0.626685992970539
0.0164870363579257 0.0726539206086337 0.478534928196959 0.0981563122243199
0.0418253468778113 0.0189779149131606 0.16182647489227 -0.20035174092986
0.0190306180110976 -0.0169077009038795 -0.0322952804859244 -0.100351581628832
-0.0046835561084821 -0.00883668168413238 -0.0171889110069456 -0.0164967835686712
-0.00196658425720911 0.00814608804790517 -0.0220340710155879 0.00594199162841126
0.00643185603208294 0.0228660088453311 -0.0453640338382394 0.0628371390086517
0.0131950731396929 0.0214514515899506 -0.108026125481504 0.110315199271376
0.0128384946807264 0.0161016451906781 -0.217979063209591 0.0750981083831531
0.0108507386375392 0.00550190666947746 -0.288059649964562 -0.164872838219012
0.040800935514204 0.0295149298947085 -0.0982484786445209 -0.35869399935073
0.000571867559979971 0.0870092352978794 0.129008919667688 -0.284892945735402
-0.0918133846995782 0.0671397584029684 0.165154810399525 -0.0217326684043051
0.0726826173064984 -0.0278430038653306 -0.0616106972044075 -0.045497393132734
0.0153835567368329 -0.104362939646902 -0.384818052424663 0.497461618832246
-0.122312065389051 -0.0397762718473903 0.18563356314723 0.642730364719297
-0.0781756281107983 0.10295876335582 0.444249632787597 0.15995512163054
0.0286048310419383 0.086334188324008 0.187639161950096 -0.151081002706089
0.0541421541465624 0.0211938564695861 -0.0031149680980498 -0.0993364803932186
0.0285909168651253 -0.00480295622190236 -0.00738233206684908 -0.0282767996856455
0.00552845969484102 -0.00908647492813379 -0.0206931529341533 0.00409751114938259
-0.00400301219014414 0.00224109822857004 -0.046727947392968 0.0625374081222402
0.00776340051108895 -0.00211116710613173 -0.109558812912026 0.114585321829897
0.0413240473252833 -0.00896469649455495 -0.220122938875546 0.0909441433058018
0.0715895671637138 0.0266504937734542 -0.303543075623991 -0.134020610426095
0.0288465918711267 0.0960543754399305 -0.136898228839006 -0.340830764456801
-0.04529382410695 0.0732236933975612 0.101817681805953 -0.314561357884798
-0.066782689403444 0.013986459037026 0.189555017207825 -0.0342076830997766
0.17619563568274 -0.0612441749444166 -0.100494124243998 -0.0383511045248432
0.0525309852051061 -0.202544148024775 -0.373906760793669 0.490410139763787
-0.176513893140565 -0.106147521211428 0.15608615574209 0.600756972177278
-0.134918235126993 0.124638680128858 0.376561434597771 0.183090321573581
0.0198881199543087 0.124561868653729 0.184177041679515 -0.0826826987802154
0.0714835665346729 0.048028220000371 0.0344581174885728 -0.0713405844855774
0.0483724483257707 -0.00160446805994618 0.0165942868616204 -0.0341727284510876
0.0103786870264019 -0.0232388611767173 -0.0153709887798243 -0.000133159362109993
-0.00617359094656153 -0.0199023773350679 -0.0523054129359693 0.0597024834282664
0.0186778479705905 -0.0259303485773154 -0.119572886645863 0.104464329015174
0.0783205277145777 -0.0234244819482923 -0.219761960918527 0.0829753012344569
0.118131291380762 0.0642663876468102 -0.300894648586134 -0.116766184268323
-0.00973607604591684 0.150714087552068 -0.171493579875882 -0.318124828336607
-0.0892184364347453 0.0305205217264622 0.065762733406145 -0.347295324792088
-0.0208286453467865 -0.0507627891276889 0.209481535614907 -0.0530276999228731
0.219708928778194 -0.100526172503139 -0.137572338046066 -0.0215210228162824
0.0215941204022792 -0.25618665594222 -0.31329739499251 0.461609773407548
-0.223148656518299 -0.0967899424170924 0.132157505598003 0.514278154762312
-0.124887612892089 0.149813934356429 0.291002131406984 0.195239252369174
0.0334577760144206 0.123086986191023 0.174057918496025 -0.00875547171739116
0.0725105972825424 0.0485141506147524 0.0736050841665978 -0.0366096750226606
0.0498052375701041 -0.00377856762749816 0.0418565149918092 -0.0351460802695152
0.0125274709474715 -0.0357685045127253 -0.00827015365086232 -0.00382482326105018
0.00536944650875113 -0.0370722870743835 -0.0543811090396618 0.0479399394425467
0.0531797505554674 -0.0357536477744414 -0.124208483595815 0.0800831488705954
0.122177183245977 -0.00296341833721505 -0.202060858916204 0.0586357655578556
0.121972629250964 0.132380560550209 -0.275946697474753 -0.0968401204829218
-0.0977988249161035 0.165162899762715 -0.20542904241862 -0.287364510303251
-0.118756747453617 -0.0591836394300271 0.0267289315044869 -0.382967383779134
0.0581516218138221 -0.115466999768745 0.215745615203733 -0.0684860506094355
0.210764604728303 -0.131876752134094 -0.153921845895014 -0.00635320453124696
-0.0415007736149467 -0.241095557625641 -0.242853037002983 0.394099350260558
-0.222326913723836 -0.02734641864322 0.0845190054705647 0.431085631104405
-0.0567072618416638 0.152427304972149 0.222737505698667 0.223785802520459
0.054975994761667 0.0810864235219131 0.182687599210664 0.0442256921134277
0.0563775330696349 0.0260843435430604 0.103842744891094 -0.0195050500993278
0.0345956233899877 -0.0138564786167415 0.061636754051339 -0.034991899783157
0.0115414498627494 -0.0421721291343088 0.00350584046938223 -0.00830166639034262
0.0296059086183424 -0.0421183100792395 -0.0471186635029653 0.0297002011940053
0.0989420237494617 -0.0201112202140458 -0.108333760028519 0.0497453515848638
0.143609794444028 0.055662020836821 -0.157906781663382 0.0433482485057655
0.0547601499644284 0.201789832445439 -0.242455899143482 -0.0555070937377974
-0.209953238404643 0.104112526467912 -0.25208464083158 -0.260380517808223
-0.100375026663526 -0.183248333742087 -0.0083391065454989 -0.427488770921911
0.15683366803928 -0.157747587905974 0.203400759930977 -0.0763906548028832
0.173396980238726 -0.140028732914959 -0.154024056855796 -0.00452021056575903
-0.0788707458035094 -0.177702436858224 -0.199474869948729 0.309221498621763
-0.165051317683401 0.0386365521166907 0.0358835622091664 0.390707052591182
0.019330378085331 0.114773697051571 0.20621367824868 0.256343164639694
0.0564039889162679 0.0235122085157529 0.208263369390367 0.0572247726754477
0.0280798108427234 0.000740921570863928 0.119391042227555 -0.0293577861297118
0.0129113158088156 -0.0247539831377307 0.0693770785488496 -0.0378428963274117
0.012690006799005 -0.0426169497345106 0.0147992958532146 -0.0121845849213046
0.0526206213381783 -0.0332516504772484 -0.0278729667757708 0.0121331552176784
0.120259283487894 0.0189619985350669 -0.0671977343591647 0.0321308370329564
0.109528221434107 0.12204145584717 -0.100948009881522 0.0613327200279869
-0.0653096075110324 0.20558517155119 -0.24446872513535 0.00589285677138822
-0.266279318763638 -0.0344077167439866 -0.316957930152615 -0.269272227746363
-0.013017465356084 -0.279232280214534 -0.0203977917123444 -0.489616029021339
0.238919872777802 -0.152425327035085 0.170737484013127 -0.0816960703951776
0.136029081914064 -0.127173141462411 -0.150994199468804 -0.00975476166015873
-0.0672482549144851 -0.11604731912129 -0.189713862761851 0.249581345184248
-0.090339903935453 0.0544803583132535 0.0170628920968119 0.386846003734193
0.0520034281650444 0.0582544038434928 0.239914007121336 0.26351683397474
0.0339797919868057 -0.0176424497373036 0.23350493573031 0.0217738708526857
-0.00196037705724747 -0.0183357337677379 0.118974786187778 -0.057541164523619
-0.00147150354043985 -0.0314977778125933 0.0647446305284354 -0.0475695715610913
0.011320301769277 -0.0345028606773791 0.02252531899744 -0.0163736879903855
0.0575064022488959 -0.0149004270957821 -0.00400019693825746 0.00219323777382709
0.0994291390433109 0.0531489916547715 -0.0199439454902268 0.0415559774341813
0.0291048506812754 0.139411156835763 -0.0738061433851461 0.115931641502558
-0.151033474528705 0.115935974440044 -0.298913698651454 0.0407013387981133
-0.200239273201129 -0.165810459296935 -0.363341616208713 -0.347124481921074
0.104893990581913 -0.277500950851841 0.0228544797353666 -0.568115863937148
0.26130126766943 -0.102754681590806 0.133115512830332 -0.0879291040780949
0.109346715321735 -0.0984765501925447 -0.157095892783144 -0.0168902220153613
-0.025884731291403 -0.0836965386282757 -0.192997197739841 0.22898713478454
-0.0402986051590843 0.0197046417291135 0.0318572457851884 0.397077127163934
0.0315517062718922 0.0115519118465748 0.288645539610715 0.240405371332543
0.00242599584700077 -0.0277038308584273 0.247849771911761 -0.0294849610202148
-0.0156110725977131 -0.0210942937067051 0.110079374870614 -0.0906348371699367
-0.00327038383297475 -0.026665586538341 0.0576393236725527 -0.0586024256872569
0.00970111253088269 -0.0220166308208555 0.0242249366266187 -0.0222246051546064
0.0429087497335423 0.00119003904713196 0.0170349295102939 0.00263695207603924
0.0441784077346542 0.0581703154383578 0.00941321718857652 0.0690283700507388
-0.0390911437331672 0.0863611503833079 -0.0908875735149436 0.162459747164053
-0.134075783516757 -0.00646692626780284 -0.369068683189113 0.00664374237619749
-0.0519603233440658 -0.191655914199816 -0.338093423879288 -0.462521576119208
0.166904778163302 -0.169068822742814 0.113019914013323 -0.618285256517182
0.19893507075805 -0.0338556475006814 0.100474626604541 -0.0943313427025014
-0.0653192170701805 0.0085191685143957 -0.0642594645241801 -0.0417518224511811
-0.0565231481736809 0.0207662088414797 -0.316625670704516 0.558861126993789
-0.0530022592599434 0.0696610349521829 0.310220708904892 0.616967083798539
0.0225399372510862 0.0711185457829005 0.495604364409757 0.0596196415592783
0.0445684767164274 0.0145737084575968 0.146881686897963 -0.216390280064159
0.016266439787454 -0.0197752955830522 -0.0392757690047095 -0.0962579117846875
-0.00631362023432264 -0.00739507239865714 -0.017044358800912 -0.0150243582920192
-0.00237529070830196 0.00870372954155596 -0.0204313302862985 0.00704537292482438
0.00859818588174609 0.0225032644316066 -0.0387721072917305 0.0670602331616894
0.0157573873160215 0.0210208196390987 -0.097811666408632 0.122870343860759
0.0130504422135724 0.0169055557717104 -0.214541601037916 0.0963387709721392
0.0108760716360537 0.00368617769660759 -0.311193441765004 -0.144285832445623
0.0441485395978593 0.0257121897337786 -0.130225749381213 -0.362063000032047
0.0101892920570152 0.0891651378046185 0.109657682976096 -0.307246687678936
-0.0881030516943808 0.0779349013454133 0.170504471925097 -0.0398575762061318
0.0697493236071088 -0.0345392865056178 -0.0736699467234863 -0.0425676099712077
0.00555347968731689 -0.107142300866605 -0.354708736684918 0.543937321094423
-0.127610937089716 -0.0289421568042594 0.243078845121077 0.638672406889285
-0.0698707356675294 0.111856097913389 0.468051146281808 0.125430041030869
0.0366444642119777 0.0847388331139516 0.178516136394425 -0.169959990912697
0.0557383939913142 0.0161897247940536 -0.0103004905717697 -0.0976846555377835
0.0275072566984074 -0.00749313099125443 -0.00926947349752748 -0.027990138433457
0.00298775292068628 -0.00861423710110294 -0.0197496059481822 0.00565857901806419
-0.00416000409968154 0.0030219760692356 -0.0396640275244519 0.0682336280609736
0.0085271058749371 -0.00267298857807722 -0.100624877402724 0.128139160080626
0.039704781927768 -0.0125594866341889 -0.215456339326759 0.112779198385611
0.0739947248994993 0.0187996069083453 -0.324535041497883 -0.111832603890198
0.0386766402782195 0.0957078520634821 -0.170311244899756 -0.340166277914937
-0.0396679525878323 0.078851012024467 0.0771707073524117 -0.334373091411376
-0.0686428955937317 0.0207669651476063 0.19513232533186 -0.0559158812485964
0.171678193190722 -0.0782045077128467 -0.109676418565741 -0.031353507043011
0.0333497109730272 -0.210385928650978 -0.341449494119776 0.53492369230841
-0.18992232366808 -0.0902417868452668 0.208738722383141 0.599802765408723
-0.124324116416753 0.138653646843926 0.399390026937283 0.156497362488952
0.0323984295595098 0.124052037296278 0.182815541022686 -0.0987101747280128
0.0766279794557596 0.040464531262436 0.0312115238050143 -0.0738125003654992
0.0481062798070662 -0.00641739679994787 0.0140606828501587 -0.0363341121991285
0.00633283834867828 -0.0238374309858373 -0.0151913262856656 0.000785528916431027
-0.00937252930039234 -0.0190386616318805 -0.046231796531692 0.0647076375021702
0.0163788446413909 -0.0277461371576822 -0.111291754495864 0.11916733218169
0.0766409857297038 -0.0303225954111592 -0.216913894447249 0.106286053437852
0.125953042257609 0.052800354333884 -0.320404055290386 -0.0943064420101636
0.00499254289386129 0.15449695799031 -0.203841042503766 -0.312793306353068
-0.0898750415951037 0.0406191575207093 0.038536920194954 -0.364598383620279
-0.0265481052855999 -0.0494889064219609 0.212895546154425 -0.0751905811085018
0.212687838312928 -0.12220211182461 -0.146149432399874 -0.0111925900689977
-0.00441455032890006 -0.261337994971664 -0.283769898160881 0.499361616776809
-0.235596446342041 -0.0761928855614992 0.176654373762413 0.514586058861865
-0.112049364951231 0.164246159333345 0.314434072905708 0.176778864250911
0.0464092242111975 0.120840611671599 0.17951493313529 -0.0238116113696297
0.07814417929914 0.0414282059274778 0.0724439540439816 -0.0436010843581687
0.0491366755653447 -0.0104082268654585 0.0401764795213758 -0.0398956322996328
0.00583620113869397 -0.0366595923220497 -0.00765377300232233 -0.00438291321220331
-4.15648554267256E-05 -0.0378141391318567 -0.0511028004089239 0.0544415008006701
0.0502459930642767 -0.0428454151602988 -0.118512209770094 0.0955912192151826
0.122813534752736 -0.0152300038357068 -0.201769321820898 0.0803340707994054
0.136737478716978 0.122153024604932 -0.29348475322508 -0.0764607148575927
-0.0829652533787464 0.178663724900716 -0.233853391528384 -0.279080779677537
-0.12933739898137 -0.0477582420730365 -0.00426992545110355 -0.395714390931348
0.0465465427207915 -0.123322431668836 0.216831445170929 -0.0910283011740163
0.199352803187168 -0.153543734010415 -0.16190587381759 0.00573580004637199
-0.0667455529179553 -0.240913299260688 -0.218065940200518 0.421847100129791
-0.228599838747527 -0.00513730607444616 0.121382303893424 0.43363693524029
-0.0437096950029694 0.161104712493219 0.248582606099661 0.213020301814424
0.0636204935732368 0.0766935963008954 0.194009588502833 0.0298542232357384
0.0602290554811422 0.0205372817837203 0.106085623811388 -0.0284360505016797
0.0318194449677372 -0.0179448823532298 0.0584272034910475 -0.0420518166897933
0.00512244415664429 -0.0441517990039936 0.00232516485830033 -0.00960538736417905
0.0233115635685926 -0.0453731505612059 -0.0453730950336223 0.0361049016571289
0.0979714411277138 -0.0315667775237839 -0.105680266159991 0.063638425071908
0.150170946562409 0.0436256390348742 -0.157561376045789 0.0592257636283507
0.0745264193892318 0.198932956157866 -0.254174633437732 -0.0379925991669588
-0.204125353389148 0.127851422169789 -0.278674407827743 -0.246280954874487
-0.122585090543059 -0.175235246953215 -0.0427907116243764 -0.436109385216791
0.141375701000897 -0.176705216112051 0.202406642056855 -0.0974999956261929
0.161171596597604 -0.161164011965272 -0.161564602527494 0.0102610551402223
-0.0982117719242973 -0.172286604434616 -0.182214128450922 0.33454783215594
-0.165295759001253 0.0572679353075089 0.0683826529069679 0.398636744432426
0.0314192917435176 0.115243711016847 0.238634475298761 0.249133195208126
0.0606862078971918 0.0197384478326158 0.221678442315193 0.0369803635171447
0.0284646396971065 -0.00188228852293641 0.122081882696668 -0.0414319680631488
0.00985457230887903 -0.0285235106176571 0.0650600633599443 -0.0489794254703805
0.00545262705231074 -0.0427191376817103 0.0136273389309986 -0.0150199425456339
0.0475613427544795 -0.0395956404612263 -0.0276476663116739 0.0140525347302466
0.125252569058409 0.00491847809815166 -0.0645071177230358 0.0400196361490131
0.123387481488708 0.112793385040923 -0.0990427230617777 0.0733758115254014
-0.0452525734252429 0.215237272961331 -0.250031686131081 0.0252939739644016
-0.275336607750908 -0.00688463563235767 -0.344557346549434 -0.247806449465517
-0.0431939100702622 -0.281534613820383 -0.062184183191862 -0.502453360333084
0.227549426099531 -0.17966447168725 0.170720518120749 -0.100940127556902
0.124424275197652 -0.142032333366345 -0.158868235616909 0.00228035005462113
-0.0806809476596241 -0.111605043401207 -0.175872671741843 0.273467203451472
-0.0866033924305832 0.0649634491156552 0.0512595949849066 0.397848070387665
0.0581299340069439 0.0532111079926012 0.272961071032415 0.251016702821888
0.0320476949018383 -0.0212150748891868 0.244106004368154 -0.000560172113811289
-0.00325069241457807 -0.0187959334756803 0.117439599196319 -0.0719336798447671
-0.00540989265242184 -0.0315710583545538 0.0626078683383334 -0.0560760081985018
0.0056476318555867 -0.0358281894624469 0.0207574484837189 -0.0201014521491375
0.0570834542956493 -0.0222572066760558 -0.00449486001845615 0.00320679369048176
0.107054607659159 0.0428390405959906 -0.0176612158720499 0.0455261658448075
0.0439013888222097 0.139224630296386 -0.063856622769401 0.123502331536661
-0.141744128117609 0.133700988885352 -0.300157487840976 0.0646493777028309
-0.219184079394256 -0.147355235056958 -0.397345941492288 -0.323686614996174
0.077805792884914 -0.290848624720477 -0.0227395827211217 -0.581091989385788
0.255895321055618 -0.129155438065226 0.133777767692436 -0.103113397600376
0.100764892934975 -0.11057141762343 -0.166876052001966 -0.00211087750559574
-0.0356640617378399 -0.0837304594667764 -0.179767580746861 0.25430405999945
-0.0385199177689965 0.024712416149215 0.0684717954764335 0.407855657846638
0.0326005526864735 0.00828299353669778 0.320612427555602 0.22220800674027
-0.000332458347340222 -0.0280429582058709 0.254338227831304 -0.0550958239401032
-0.0170974859556388 -0.0201233624642435 0.105247742208977 -0.104098978166671
-0.00652702883875936 -0.0275255994840127 0.0528952300930424 -0.0653650822540517
0.00596391206045175 -0.023803004673707 0.0230123791282638 -0.0251030526684607
0.0428016659128081 -0.00483405111721989 0.0162636170501734 0.000812728681617087
0.0520840641313075 0.0532936822942849 0.0146277681856815 0.0689139100794631
-0.030666494565505 0.0931513516764646 -0.0771616550258257 0.171664086774631
-0.136346667305659 0.00579254967295989 -0.372259831806827 0.0365005598856351
-0.070298380818525 -0.189112291205371 -0.381828573449906 -0.442532061878327
0.152048482852055 -0.186484747532411 0.0665702260676443 -0.640237366306192
0.198024026907843 -0.0525316730851674 0.100274610050355 -0.106251053805414
-0.062476096239422 0.0132378967506022 -0.0718120048401393 -0.0370994820447479
-0.0529553730592964 0.0245625234545181 -0.267458064948506 0.568091082673529
-0.0451604435080489 0.0698650396727983 0.345776384445029 0.57435541118954
0.0278287605236899 0.0664825368014947 0.482325955684809 0.0200869365448877
0.0421245837514743 0.0105661787309007 0.126245740651383 -0.219871325432197
0.0122063503241921 -0.0206473923930616 -0.0425373333302698 -0.0860479687688568
-0.00815140656504895 -0.00617842084718052 -0.0150291278896848 -0.0151566415357077
-0.00275275699557762 0.00944231778859201 -0.0189762119174327 0.00778746913133459
0.0110366375835877 0.0213945666162488 -0.0295985344726269 0.066637861071222
0.0178732467328975 0.0197514102259875 -0.082423964506679 0.127240064935247
0.013513464280082 0.0140738565067409 -0.199889281978334 0.111381422889612
0.0104117281521018 0.00303602660257488 -0.315931130749949 -0.116877956823955
0.0462735486998473 0.0211114897546249 -0.155422649027694 -0.343702308960262
0.0178252589111381 0.0852557659486776 0.0843235972699819 -0.310358630230209
-0.0799471836832949 0.0824447486731579 0.166055632796854 -0.0539648145427045
0.0636022092940094 -0.0389286922701263 -0.0807064180830259 -0.0367776872799139
-0.00344290593117366 -0.104295732479803 -0.306671091670485 0.554098746081974
-0.125559603609046 -0.0172086609225551 0.283954276503116 0.59930298244324
-0.057602675168963 0.112369915903456 0.462003194007526 0.0885415554702501
0.0422847963521307 0.0788840835174185 0.160678202849146 -0.178098279530759
0.0539144339061468 0.00986208696515231 -0.0157343812356631 -0.0913880027614489
0.0245626728601004 -0.00982874401856533 -0.00985119468669872 -0.025824683187583
0.000534716194960624 -0.00736675571980815 -0.0178279915047239 0.00610935997934597
-0.00403947161711395 0.00416907501355962 -0.0315788570752099 0.0682646722997929
0.00816807050339791 -0.0023834904871479 -0.0851577954019094 0.132808695439835
0.0359350454752128 -0.015934887305349 -0.198603560037658 0.128452526717733
0.0721398241654733 0.0113742449354517 -0.326756996036029 -0.0836343683617402
0.0459547695074257 0.0877305242985051 -0.192083172279501 -0.320198267539312
-0.0322226706005583 0.0806520927798263 0.0509877707007263 -0.333121394365184
-0.0660894286247523 0.0259593941687057 0.187477912477312 -0.0717749399952571
0.157903082769697 -0.0895054467428165 -0.113967249831029 -0.0225521411111581
0.0135704723508998 -0.205421123654974 -0.293612853792579 0.544196044265454
-0.19057713484978 -0.070497638703857 0.244761347455394 0.565145458659269
-0.108505542092072 0.144544788861988 0.399395994487169 0.12274130251946
0.0415954430602401 0.117418862273172 0.16939308431669 -0.109406689326865
0.0773131553932272 0.0313532322986905 0.0248562245519072 -0.0722545255994455
0.0443091258918843 -0.0109093911993256 0.0111713814334535 -0.0361797573488753
0.00135534953369646 -0.0226028300460828 -0.0149396475775551 0.00164894486933829
-0.0125578630529682 -0.0174342481312689 -0.0386909404504206 0.0666327226742778
0.0143049562266548 -0.0282488893706918 -0.0965396609214997 0.126240140298964
0.0704065218404678 -0.0358333686461648 -0.200433067695381 0.121371684120784
0.124767765181973 0.0398043788685022 -0.320982609891585 -0.0665937152870213
0.0180930410272946 0.148355449374586 -0.220942213505695 -0.290518835392064
-0.0840349947718211 0.0472780584360663 0.00920274126953734 -0.360407605965584
-0.032526904168947 -0.0458590766223203 0.202570663745875 -0.0929381419914837
0.192817027824327 -0.135667577042704 -0.14702504972591 0.00100894385639064
-0.0260128193889026 -0.25099212032657 -0.239709744680574 0.504863552503953
-0.234212897056347 -0.0523347916704815 0.208764433850605 0.487521098788607
-0.0945168577278188 0.166552666443151 0.317559460791045 0.149829793150142
0.0543708287977142 0.111991812156144 0.174643131369969 -0.0376436752109255
0.0793930400339437 0.0301182846273127 0.0695611387034189 -0.0475785010879832
0.0443598924573943 -0.0145882452397265 0.0354626912526211 -0.0418026542734975
-5.43521481210452E-05 -0.033664918883343 -0.00864203252201247 -0.00314528509938209
-0.00517625524672209 -0.0360089196305904 -0.0437282918398725 0.0564324595114888
0.0461336525353192 -0.0459211555587508 -0.10631323097237 0.103869217420973
0.117014546011519 -0.0250641244285122 -0.188939141459922 0.0955109845885867
0.141635562820599 0.105319276025961 -0.294131721629208 -0.0529391039278765
-0.0649052778599053 0.18084525832964 -0.24738141951829 -0.255383990367686
-0.129839505737874 -0.034388863094018 -0.0329997719996496 -0.385607144169104
0.0331506055267735 -0.123146876870608 0.206009582279319 -0.107495754026205
0.178160758462462 -0.164081444344805 -0.159952563945569 0.0172721196576014
-0.0854582400985221 -0.224673443911356 -0.18240963603328 0.426352945667611
-0.221668072279238 0.0150449446312232 0.148356169599229 0.415097477069199
-0.0281617129350253 0.158082080191234 0.259155125805826 0.190497908373897
0.0679546823074505 0.0695067903294407 0.193640096297165 0.0112713385562834
0.059803641135677 0.014499462077457 0.101463576959261 -0.0372099702150139
0.0285497461856684 -0.0203765371721974 0.0523440489261253 -0.0466398991721611
-0.000157451553839018 -0.0410921572691201 0.000752172077826058 -0.00957762967904303
0.0170334675155482 -0.0450973083448964 -0.0414555354661507 0.0381974683112099
0.0919627193421288 -0.0400885268767956 -0.0971618296843868 0.0713494906477051
0.149527054366701 0.0294190815449729 -0.149780817347704 0.0706042662866881
0.0897418092109104 0.184776691814472 -0.253422787406071 -0.0208175093120957
-0.185718911105796 0.142177158502365 -0.287350421747359 -0.220105468969265
-0.136005378143942 -0.155960207569609 -0.0737587292717585 -0.422056416785532
0.119564401171165 -0.180814953514133 0.191871952596798 -0.114748594493438
0.14046078830607 -0.166676534280075 -0.15901927817007 0.019948508724235
-0.110930172426185 -0.158377728941081 -0.153331043261751 0.340011591030635
-0.154276617363791 0.0691450110459431 0.0949672556004147 0.384079338822139
0.0398653841782171 0.107759447817251 0.254284512408707 0.224042351370012
0.0585987207511353 0.0134208690614246 0.220674698836965 0.0159517483742867
0.0264589627112075 -0.00614000496889761 0.115705034656918 -0.0515445718367336
0.00592383212574394 -0.0261340222991305 0.0607980530960361 -0.052468015131621
-0.000992705899312935 -0.0409765941617047 0.0109882780438618 -0.0157212018541755
0.0416561349558039 -0.0418369842908389 -0.0263698887998743 0.0168018421554898
0.12017026479224 -0.00809916868494067 -0.0614436992147545 0.0459163359635868
0.129684225496204 0.0976634658749684 -0.0924065410686023 0.078501694272279
-0.025280929377176 0.213250912805943 -0.237974154273119 0.0399738407138309
-0.265231705420381 0.0177077363517873 -0.351751292530792 -0.216135511650618
-0.0680833583737711 -0.266838483789592 -0.0933951254333033 -0.482194704338805
0.202486659488025 -0.193026448184506 0.161516786642799 -0.114630426331975
0.106839373632705 -0.146549278539918 -0.156905578658781 0.0148820849736411
-0.089420483933489 -0.0995535631046798 -0.152379956497081 0.280840096324522
-0.0779742503176197 0.0706010781617785 0.0803002578243859 0.385275811758365
0.0597736151594768 0.0452273723652732 0.289662344744724 0.224570890613849
0.0295695969244702 -0.0228400517814444 0.238355705816742 -0.0239596048650088
-0.00384968504574946 -0.0174812109312783 0.108005071949592 -0.0800125127128544
-0.00906691704256885 -0.0300631807014874 0.0554350430863281 -0.0607123024550246
0.000774556675742802 -0.0341732210136978 0.0164616233894247 -0.0218967218787525
0.0521464494422176 -0.0279525039403172 -0.00575520252485288 0.00285916566527874
0.108109154732287 0.0298394765254857 -0.0140854821913428 0.0455651493973393
0.0548061741393511 0.130153051261855 -0.0531392516027411 0.12383516386981
-0.124972506632731 0.141775419961076 -0.284340627879311 0.0823754333403139
-0.223078640205952 -0.123074677431073 -0.405347645875398 -0.284142237342857
0.0494314412848642 -0.284606301630113 -0.0643665721863727 -0.563239973221946
0.235358778742867 -0.14610633391746 0.124932269186346 -0.113192294493521
0.0866295633262822 -0.115170921822395 -0.164822350161954 0.0120322396924367
-0.0426391362408025 -0.0775003970928248 -0.156132014024749 0.264448414937561
-0.0355400626154334 0.0267393496563988 0.0997292134785718 0.394153229604692
0.0322299376756074 0.00506830129350466 0.334599868135875 0.191401711928309
-0.00270526373940058 -0.026049120072676 0.243899199214752 -0.077374593516913
-0.0171356360303747 -0.0185197416637331 0.0943730038029239 -0.110587995749846
-0.00897703417239324 -0.0258246061274299 0.045722078712383 -0.0691874174916183
0.00262696883198704 -0.0232354437595417 0.0183826851350385 -0.026269915679078
0.0397285168689859 -0.00912996301334818 0.0141954678921543 -0.000505228706860471
0.0559561886294465 0.0459166857668944 0.0186236090613332 0.0646126525315811
-0.0196975849647823 0.0931533725477779 -0.0607184761471617 0.169882605305602
-0.131103461499321 0.0185821024941448 -0.355635690286634 0.0620386397796023
-0.0832914825535981 -0.174866195307214 -0.400205620303374 -0.401972069289177
0.129514318005198 -0.191794819367901 0.0155566430945084 -0.624029577854053
0.186534166615365 -0.0668408702746105 0.0945553240820257 -0.11337935234606
-0.0580283680820209 0.0149808141896213 -0.0772809756763842 -0.0322468324315153
-0.046976392277238 0.0246851427320695 -0.237726779182002 0.547043039019875
-0.0395062872330448 0.0667138181971257 0.344083099103445 0.529935843110109
0.0280957009613368 0.0597055824336822 0.455890725015563 0.00264197548415158
0.0400995956446793 0.00809907451586793 0.111332997573392 -0.210499439275113
0.0111225841903284 -0.0197076381645913 -0.0405619532297517 -0.0796747413223418
-0.00797103898102482 -0.00402364293156717 -0.0138765092319927 -0.013168896429272
-0.00202042959387454 0.0100131504532249 -0.0162132285091198 0.00638176767584786
0.0107555743641674 0.0192624396471895 -0.0250225348373489 0.0633928822352257
0.0171710942695926 0.0174434049576158 -0.071186072922796 0.123097522284506
0.0120614662038472 0.0140643170901775 -0.183955120193582 0.112875447055662
0.00773773092749542 0.00133788005092384 -0.30603551185111 -0.0986871082146867
0.044647724844118 0.0166401729886074 -0.158979963915538 -0.322550866115751
0.0193129610751649 0.0802566737019741 0.0703982394681592 -0.300304574331812
-0.072480798369961 0.0827933764201841 0.157877914026724 -0.0605773502859148
0.0569421701383331 -0.0384624944715668 -0.0831835921211873 -0.0322740958081606
-0.00732156162821378 -0.0970523641164335 -0.27300911784125 0.5358251398316
-0.118575230200176 -0.0119320945240256 0.284959819776438 0.556856143819864
-0.0498794905370419 0.10866818762631 0.437654163466607 0.0666343958316765
0.0424369265029368 0.0718387904819862 0.144465320936246 -0.171944035980609
0.0501808379678789 0.00629544356490735 -0.0156837162907379 -0.0843694520970183
0.0216108546346034 -0.0103049868964263 -0.00861508156177715 -0.0243001162222399
-0.00104094537733463 -0.00540628917180973 -0.0163651224374829 0.00552044030902592
-0.00450827539859321 0.00478137899055623 -0.0261832302318968 0.0645315778495622
0.00753833168688234 -0.00199183155473828 -0.0732670384827952 0.12949358259851
0.031835842100752 -0.0156547432226158 -0.182408482209777 0.129134936743498
0.0673429214561843 0.00693043265213329 -0.315164559144587 -0.0672976216188369
0.0472163518996038 0.0814218668419962 -0.193907454953624 -0.298630446148983
-0.0272091978143383 0.0773346465490968 0.0379205281143749 -0.3195843063119
-0.0630807111566339 0.0267630549559049 0.177584151625462 -0.0775095810868009
0.144143818850603 -0.0900155425038418 -0.113713261654572 -0.0183314042144082
0.00392370383163829 -0.193332872808466 -0.261068796909795 0.524375471613364
-0.182362033205875 -0.0583354774269688 0.248773208183443 0.525242952510135
-0.0954308644508409 0.140449571103622 0.380458286779149 0.102747210206933
0.0435374501162056 0.107731399510411 0.156156799782283 -0.109815506216085
0.0723825567796163 0.0254762975938539 0.0228137034905984 -0.0683811621982204
0.0399046478104307 -0.0118108894649875 0.00990460239211425 -0.0344069851818575
-0.00183309324135875 -0.0200014131685951 -0.014687751222476 0.0020367406525852
-0.0129368993057685 -0.0144254101228222 -0.0326827082680186 0.0633083496163956
0.011921571868387 -0.0266303921878189 -0.0854555520197022 0.124309869165308
0.0640951189815761 -0.0365365052754129 -0.183868577195015 0.123451353163462
0.11800445764881 0.0311071556459348 -0.308255984755433 -0.0515722568055612
0.0229431834367303 0.138737920161443 -0.219256357120825 -0.270778452471101
-0.0780952244753821 0.0488050139906873 -0.00230813818429378 -0.342148764699278
-0.0334488013341967 -0.0409586342634391 0.191429879384653 -0.0981285494106788
0.17586510465251 -0.134876356440413 -0.143180792439538 0.00345079640241877
-0.0359171856466109 -0.233625159150071 -0.211046182163088 0.487164017539329
-0.222724938372978 -0.0391581801174773 0.209945234682833 0.452462351950803
-0.0810297354410601 0.160941736812428 0.306203211031265 0.131566154158397
0.0565164914302721 0.103331176499501 0.164352057167398 -0.0419393623184118
0.0750740040879589 0.0251921605090854 0.0642880095988853 -0.046465470907104
0.0402214593083535 -0.0166897367756703 0.0310032868723812 -0.0399954778507391
-0.00300438799385523 -0.0296250265998745 -0.00900083329873069 -0.0030754703271188
-0.00766384534945751 -0.0332034327945465 -0.038758426626289 0.0554414844271779
0.0406312576638758 -0.0460742351160401 -0.0950955597087998 0.10384943501603
0.108801416664723 -0.0287423724148029 -0.174829842964013 0.098924852824075
0.137245451949504 0.0927191864164046 -0.282931229442742 -0.0402225981458405
-0.0533440021112445 0.172889750224645 -0.242231273066804 -0.236203828684092
-0.124960105589228 -0.0259409464486269 -0.0438239791227852 -0.365527058004386
0.0245233830958766 -0.117388550775832 0.193755836951052 -0.112415729840967
0.160718868756888 -0.161363984565303 -0.154499363259316 0.0212549441449704
-0.091022027067887 -0.20835664585398 -0.160024684668481 0.411068334701157
-0.207976857403229 0.0237066527912745 0.151973923074678 0.387610618355147
-0.0199980958290102 0.149224937916649 0.253867493486089 0.172773841842885
0.0659057647959593 0.0612875422323792 0.184788920375696 0.00300939780100708
0.0571233533322553 0.00951678094603218 0.0971060827887071 -0.0391764517085018
0.0241097138117356 -0.0201899713316237 0.0462498158353008 -0.0463566170886212
-0.00538189070706755 -0.035826430636001 -0.000410307773532246 -0.00792430607698673
0.0118381566904086 -0.0423206575771481 -0.0367674682665528 0.0376578940161779
0.0857667938027857 -0.0417582276712925 -0.0880025361622559 0.0725412932081369
0.141524442533462 0.019785839900161 -0.139962689406629 0.0749003626407288
0.0938741574201866 0.169892896215972 -0.242295367623852 -0.0130287638868916
-0.168124157394708 0.143184842972035 -0.276870087783472 -0.199750392140665
-0.1348965459351 -0.140429573823023 -0.0833455503534105 -0.397756689132812
0.104694230577959 -0.176698775285852 0.180570570031028 -0.117216873884732
0.124965277546952 -0.161098228520081 -0.153672565486711 0.0258078238990153
-0.113424337721001 -0.14452725581514 -0.138066211974813 0.325242852387593
-0.143054439911589 0.0724462171511596 0.102806555275493 0.362765237327998
0.0404896262896315 0.0988624711050908 0.252368561134363 0.206082141291269
0.0562172807659439 0.0120844032166692 0.210783829986241 0.00380792384720022
0.0262724650515755 -0.00792635251176249 0.107909379818445 -0.0540248636962455
0.00355262855107748 -0.02496585981491 0.050969391977339 -0.0521248578301596
-0.00380226870358013 -0.0380120667265129 0.00638296013256718 -0.0142001727354363
0.0359253478308393 -0.041556504000886 -0.0269093448635767 0.0178996136906407
0.114327045078846 -0.0145416652311659 -0.0557424945520273 0.0476503919414777
0.126407504943152 0.0867039218521926 -0.0830331487303807 0.07763611542045
-0.0146450012056933 0.201220709837234 -0.224929305631956 0.0430689716267032
-0.249792615952302 0.0314960924496505 -0.334879105698962 -0.194885101381425
-0.0750187064492315 -0.246421307041918 -0.101328211392959 -0.455458776711872
0.18090643158745 -0.189847556118678 0.151205497804592 -0.115071051447339
0.0940720573802045 -0.142661818650508 -0.152598420549977 0.020695492789018
-0.0899992975738223 -0.0910367608934472 -0.137379965249445 0.27308594369385
-0.0713788623692385 0.069388828730722 0.0892401310611731 0.365191605336095
0.0575093613210992 0.0394247321700608 0.286436247609787 0.203609166110871
0.0265952317060658 -0.0212908674183421 0.227219795737204 -0.0333751123513744
-0.00308935444075436 -0.0172889468289296 0.0990356114667016 -0.0820174890298213
-0.011072537611787 -0.0282054578215513 0.0490962119426844 -0.0604577529508455
-0.00210483900806561 -0.0311344646000682 0.013749756728379 -0.0209017749374183
0.0462482505255604 -0.0281458354723653 -0.00667922361655898 0.00342057734648256
0.102735398711429 0.0227072269018212 -0.0116253600538044 0.0444688709610956
0.0597832208173694 0.120307505243561 -0.0464395168837447 0.118006235083656
-0.111447259654342 0.139435717348395 -0.26505539347101 0.0846024109840001
-0.214026573748532 -0.104886795686335 -0.388465921330621 -0.256386138609748
0.0337289852157954 -0.267955134947958 -0.0762802365974583 -0.530127338761536
0.214876661186628 -0.146818089990832 0.118492949498791 -0.1141223216207
0.0765206299546803 -0.111040878769953 -0.159473866732824 0.0195782628807054
-0.0443950104827179 -0.0714217949423454 -0.140616853606571 0.258040773791073
-0.0329224258203412 0.0268142866700385 0.109145541505568 0.37271705863083
0.0300966828525836 0.00334411270092565 0.328110502983764 0.169368656115281
-0.00405486890177353 -0.0237622959734212 0.228372907478791 -0.0848804010006937
-0.0168467088039502 -0.0166017833407874 0.0843945582143878 -0.110949463294831
-0.00992935059731422 -0.0252616879547484 0.0399103236553212 -0.068015939478897
0.000491415817882466 -0.0216512160749214 0.0146590971623755 -0.0244079393854469
0.0362215349073603 -0.0118632757890952 0.0118086032115615 -0.00128730237117293
0.055221063193176 0.0387565908383556 0.0191252083601244 0.0605606326701223
-0.0135281348788151 0.0886610658495127 -0.0510387413420187 0.160385872409043
-0.122714756272245 0.0234598771318132 -0.331912008749723 0.0679960859052956
-0.0845454035926975 -0.160619470950316 -0.3896158953769 -0.365356682480991
0.11343564625955 -0.184090196270668 -0.00260137998418082 -0.591669063181549
0.172377120754158 -0.0704550208557655 0.0900253238189502 -0.112391668530075
-0.0559863729368551 0.0140191027527627 -0.0801843750095622 -0.0298472224740376
-0.0441473124982713 0.0228069653454164 -0.233670509110055 0.525207013921639
-0.0376803937888432 0.0620545299822609 0.324271176471278 0.511164257604317
0.026367294295377 0.0569253703090983 0.43727518902686 0.00798122942699534
0.0375913798095943 0.00555670762825046 0.106828528301402 -0.19969138008383
0.00938306326334663 -0.0204194153146374 -0.0367969051704817 -0.074805362780167
-0.00863049563278217 -0.0033650249006496 -0.0112614230256045 -0.0133288726231576
-0.00278014975448601 0.0102143098966062 -0.01624325783035 0.0061315896931968
0.00926363105364371 0.0192331385031242 -0.0214550470485977 0.0582956330682118
0.0175321379671409 0.0167350269765958 -0.0673789273985283 0.11844773904881
0.00983490401297446 0.0133005999962823 -0.175671373162431 0.108024599809307
0.00763390279144653 0.00158796909380277 -0.295447183168764 -0.0965503631288237
0.0432338333170299 0.01554107438621 -0.151429203411712 -0.313666810831639
0.0193613726605719 0.0756098957742368 0.0720326986491348 -0.289761322651804
-0.0707002144680595 0.0789921827121437 0.155339085961084 -0.0606925138545313
0.0537193539050637 -0.0370233740158791 -0.0853442856654651 -0.0310204667200979
-0.00763941664205895 -0.0932718406962383 -0.267401460283998 0.513626233645708
-0.11369341356367 -0.0125367072121515 0.267248342201228 0.536415914090091
-0.0473291454484458 0.103004172362403 0.417810322467655 0.0699578376837156
0.0398349927620678 0.0688488156947554 0.139059900344029 -0.164080550535863
0.047042056924876 0.00472540197852913 -0.0130339073976506 -0.0804319005780924
0.0196093355135482 -0.00995940947967034 -0.00716625588787727 -0.0227762615235417
-0.0017668210372705 -0.00392098785741942 -0.0161608554883939 0.00483161803490834
-0.00450623958962461 0.00528296239370264 -0.0243665444686012 0.0616906291726796
0.00754685877529713 -0.00236460481852393 -0.0692618511479627 0.123955086949384
0.0301714651681873 -0.0140001550103259 -0.174678784123502 0.123966743477749
0.0633006841489776 0.00574316829105183 -0.303812714239859 -0.0660592539533865
0.0455660618992166 0.076964093009904 -0.184924332869955 -0.291338197605741
-0.026406342688587 0.0747776498301841 0.0392316845296193 -0.310271328739796
-0.0616428668729216 0.0263035381435256 0.173333246667492 -0.0764932503789708
0.135973252081985 -0.0853587883476676 -0.113251210312546 -0.0185542397172001
0.00357329403275253 -0.18468357845192 -0.25673141356126 0.501051648402834
-0.174509582978205 -0.0566019903470277 0.231247252317042 0.504552798423142
-0.0905581613057986 0.13386474321551 0.362689231621083 0.102520617374638
0.0413917338150311 0.102591001860572 0.15100882101713 -0.103918839983641
0.0683435760632385 0.0226642740957895 0.0234369896258257 -0.0652718029029671
0.0367868429933501 -0.0122479003834885 0.00944119533436149 -0.0330023028099323
-0.00261493250006819 -0.0168084445487909 -0.0136205094149136 0.0017839191979928
-0.0130801849216072 -0.0126703370134505 -0.031297571873116 0.0602923582687155
0.0112885141676344 -0.0253502793579183 -0.0810986303201709 0.120099426686464
0.0608500375078873 -0.0346520723364411 -0.177719226127116 0.118376693538382
0.112807508416588 0.0289055694551185 -0.298691082290472 -0.0511537204410346
0.0225189125273792 0.132409367597392 -0.209179643885302 -0.264466926773847
-0.0763208914286541 0.0465395502604772 0.00130447565923553 -0.331712008751069
-0.0335733458397109 -0.0403939221105307 0.186586129008201 -0.0953297278472999
0.167181549418231 -0.12864763432938 -0.139888434514915 0.00161916948467578
-0.0355504586006277 -0.223617169186499 -0.209303247530973 0.465266532404363
-0.213754894800617 -0.0375434464846063 0.194645545073937 0.43689759894712
-0.0767240972474752 0.154286783857004 0.292884001185056 0.129768700968363
0.0531461596264693 0.098495276479316 0.160255997161065 -0.0400697261119145
0.071420643418727 0.0220495447285883 0.0636818810444043 -0.0447383098816572
0.0370905754957287 -0.0156054959931134 0.0293110588436526 -0.0389383377496425
-0.00505977899332019 -0.026824774081692 -0.00903399170134513 -0.00278661895837964
-0.00863167816681638 -0.0298718094459484 -0.0369460967421159 0.0531949709567708
0.0389753504565979 -0.0444981359106101 -0.0904222218531416 0.100711942515305
0.103637348311861 -0.0272130873591928 -0.168508956494324 0.0952357296088191
0.131642831711882 0.0876455616415057 -0.273018771123111 -0.0405719798947445
-0.0509885817430963 0.165481959026266 -0.230671779177805 -0.231227727451239
-0.120882043974842 -0.0242146824085594 -0.0379513618162281 -0.353579727923434
0.0218149328493911 -0.112922220534779 0.18915040023512 -0.109457120657378
0.153214211668697 -0.153825460445882 -0.151774450885147 0.0191631354181952
-0.0876580966763364 -0.198651854209729 -0.160648094557542 0.392401593672406
-0.200218860032005 0.022642120094415 0.139543750814959 0.375394426572222
-0.019548504783992 0.142500633637213 0.242818388101006 0.169926986793491
0.0630917692655341 0.0590959603935594 0.178820451475996 0.00296827425586008
0.054153558514307 0.00768487164565959 0.091999538813941 -0.0383973731447418
0.0233655172054556 -0.0190871535464616 0.0429830257133215 -0.0446644957062213
-0.00610556659047075 -0.0339450223623824 -0.00146006096173425 -0.00801034711045488
0.0107074751362305 -0.0409714675687384 -0.0359551859247712 0.0368978548311203
0.080700935780214 -0.0433520368000141 -0.08333909835094 0.0717441029784623
0.135326749885688 0.0180285771460867 -0.133547591545197 0.0725009722170412
0.0902321213905838 0.16290536874705 -0.235272785196259 -0.0136093980163127
-0.161069904321094 0.138572636095348 -0.263548632020596 -0.197587015104124
-0.129347533786806 -0.13293336134592 -0.0748397182027045 -0.382662116776321
0.1000578375194 -0.170241762424185 0.175564309991431 -0.115346703802336
0.119883223923016 -0.153898185314184 -0.151577279210789 0.025626905496848
-0.108295745367518 -0.138141547406806 -0.135798884290073 0.314093900371984
-0.13790018938116 0.0688880004363442 0.0921707237302463 0.351263988537961
0.0384120309536872 0.0938313995083649 0.243449621474551 0.200516813950706
0.0532790006934387 0.00905903937893295 0.203757013006442 0.00360887709403854
0.0258563005790655 -0.007824499322429 0.104354772385069 -0.0533452315348081
0.00151650192543494 -0.0232948623012079 0.0482922313414762 -0.051845515067084
-0.00728721270424753 -0.0326945606692289 0.00615643568065638 -0.0142260196142499
0.0330605004134177 -0.0397586196017431 -0.0257771981166723 0.0165388214805772
0.108178765575539 -0.0162015688048393 -0.0534996813090919 0.0475128835878156
0.120737834969928 0.0818139404498473 -0.0811339936941105 0.0750510297680771
-0.0125399752782402 0.192067116111338 -0.218846493564219 0.037414171250121
-0.2381977039297 0.0296679041750593 -0.317714288718264 -0.191054914590091
-0.0719277292651246 -0.233371461269702 -0.0921836589356658 -0.437613430878301
0.174409017899473 -0.181847722644863 0.14787065379356 -0.113806272045588
0.0885579052077985 -0.136046634367165 -0.14999932932854 0.0210352060668965
-0.0870022664714991 -0.0872749040431182 -0.135945916631412 0.262884072410126
-0.0687068559202502 0.0672984589676648 0.0823604410488723 0.353513336691798
0.0555104287936193 0.0373549031103782 0.27730905552353 0.197912870698416
0.0257730011617053 -0.0200671422207167 0.218011072792887 -0.0338482502406048
-0.00243930487280421 -0.0178234021943866 0.0952850656337959 -0.0794073983082564
-0.0110621122522271 -0.0263581543377255 0.0464831884148671 -0.0588474638006821
-0.00313782595178459 -0.0287782172506893 0.0130172016506619 -0.019921344364321
0.0431826089630596 -0.0287365122204893 -0.00788586815147066 0.00360707556218678
0.098389939601675 0.0189809131451159 -0.0124730093814599 0.0423379937007948
0.0578427955343458 0.114721828670707 -0.0444378573942183 0.112851705776451
-0.105349400216954 0.13483894889979 -0.253891817286138 0.0773769959484376
-0.205086476348561 -0.0994982696167419 -0.369261856304924 -0.251316798406901
0.0317678067112203 -0.25552563809917 -0.0681396963462197 -0.509980733718152
0.204369925573093 -0.140540801983634 0.116874164824017 -0.110907041184154
0.0729786875976798 -0.105431872257099 -0.157648740858218 0.0192849290378851
-0.0445917832390728 -0.0684605329515289 -0.137907724385493 0.249098116369462
-0.0316668251127959 0.0252654893204944 0.10334915860552 0.361328181556099
0.0292927702037668 0.00283794810660611 0.317947656169871 0.164767039162298
-0.00290178917580272 -0.0214287886591993 0.220024829599018 -0.0843436198393772
-0.0153018913188795 -0.0163456251612633 0.0796243509773438 -0.106950272550988
-0.0094121335495344 -0.0249899601531688 0.0381711106512465 -0.0663061293371465
-0.000597630946946539 -0.0202544407946036 0.01284637759535 -0.0232775024235696
0.0340761338306558 -0.0125722929468272 0.00866589954369085 -0.00118306598245886
0.0531756561815779 0.0360158518747592 0.0171664936312088 0.0580037668052386
-0.0117966023843114 0.0849790922507859 -0.0489914030878496 0.152916365511688
-0.116377800797918 0.0229422910805584 -0.316583917131488 0.0622455408531665
-0.0798978824617697 -0.152928765694429 -0.366067637916938 -0.354646222037204
0.109086393429565 -0.174797523535189 0.00616031108006495 -0.567509538089504
0.164773553263077 -0.0666941820568489 0.0906917197302656 -0.110024415181128
-0.0573220516283604 0.00811854497442668 -0.078638140433593 -0.0470816399978528
-0.0475380334018918 0.0126532560520753 -0.314379114011834 0.482614256416257
-0.0487393332352396 0.051773659744059 0.240083566099486 0.548062328501497
0.0145323282583363 0.0608035970825078 0.422198573635278 0.0664655444697823
0.0360226657854349 0.0128862639817768 0.131035229127393 -0.179519248996235
0.0102429544822134 -0.0172574549668162 -0.0208865480632785 -0.0778878712294668
-0.00874357854893286 -0.0059593251082368 -0.00776412640648437 -0.0162139373858797
-0.00466031857041699 0.0103587696463823 -0.016184293162807 0.00181737396416564
0.00733718373789538 0.02204413322636 -0.0299228981231207 0.0526661336383995
0.0136009600821272 0.0201520629938235 -0.0825607040157594 0.104489804942728
0.00717360758573975 0.0174940855845822 -0.190478236311271 0.075920360133741
0.00343354888011748 0.00664154124079027 -0.278480644017957 -0.145315881697102
0.0328128658682354 0.020143596716037 -0.0956082923130692 -0.338165779889083
0.00427612317701385 0.0755619304203592 0.125437767739794 -0.278224567122682
-0.0851731122459499 0.0637232030248447 0.170321602673989 -0.0355415185062385
0.0576848372831958 -0.0275661488408985 -0.0838472029699675 -0.0392141486070371
0.00609066913621222 -0.0940458502721741 -0.342281924237263 0.469492835426231
-0.112057904555345 -0.03128140941222 0.186610541639643 0.565882161091431
-0.0637267903894888 0.0922422899975267 0.395776316918389 0.121248567252939
0.0280246784149994 0.0728386421666264 0.156507310091954 -0.142247197820022
0.0436221525081323 0.012553336643051 -0.000788321558969164 -0.0790299630518086
0.0194985749102999 -0.00681085865386931 -0.00342101840332008 -0.0244001668275985
-0.00265865297849995 -0.00241825956232237 -0.0163991246888395 0.00165864610721685
-0.00584466349064432 0.005502933936938 -0.0335040464545569 0.0559459337283134
0.00823749299668134 -0.000213851935862018 -0.0871701814890321 0.111370096838523
0.0311613177623908 -0.00562321825810913 -0.192267224047915 0.0929272084348664
0.058857496484907 0.02034247030256 -0.293611281338253 -0.117171550814064
0.0254122854006068 0.0809854020373336 -0.1310127324491 -0.322595968886599
-0.0421196981160974 0.0664289386694152 0.0956815850696324 -0.301539116760856
-0.0661066850422715 0.0125577284102428 0.191366369788791 -0.0472830458292993
0.14439229357447 -0.0635665678400903 -0.112802544521378 -0.0243210029759098
0.0305683967046586 -0.181310334408179 -0.326436255192913 0.465972664576986
-0.163990207310077 -0.0827877855781399 0.160200227896899 0.525670953492576
-0.110821198456311 0.115518295750491 0.337980182436445 0.145646897299796
0.0229376484427022 0.106469593242878 0.159890024939424 -0.0841844685750149
0.0612558976097899 0.0320189927903882 0.0315693111513423 -0.0587135733830577
0.0369447819836192 -0.00675409391768365 0.012586349924175 -0.0316938422578706
-0.00103812101727663 -0.0155373265146639 -0.0143355940978659 -0.00125742380763868
-0.0118050047615621 -0.0134869516882435 -0.0407875364416495 0.0550397101986102
0.0160460107333349 -0.0224530203756925 -0.0982615513740112 0.105123533049354
0.0626736972699751 -0.020755127724945 -0.193734194407433 0.0873042695221497
0.102294637651937 0.0500829046477489 -0.290246046066268 -0.103579715139142
-0.0055323347871574 0.132415724262767 -0.158532418488413 -0.300432365586582
-0.0864216473838973 0.0313146857628771 0.0608461728864086 -0.326388099377719
-0.028738283579292 -0.0475644232946227 0.207016822202961 -0.0635104454645732
0.18046171449669 -0.102034208017736 -0.140866749547746 -0.00304664280094117
-0.00144944326794581 -0.225574804994505 -0.270087380217789 0.436720869191705
-0.204422768529414 -0.069622383174581 0.133584342373334 0.452698449528356
-0.101118384321653 0.136670819117199 0.265309610263242 0.162925336181347
0.0350372129490957 0.104956041620471 0.157760450757014 -0.0192182187006935
0.0644230953664812 0.0320298990200573 0.0668749042154094 -0.0341956808628004
0.0381788922292523 -0.0100689532014482 0.0331320269294913 -0.0342812406922544
-0.00218370390543234 -0.0259901682630892 -0.00964336595840483 -0.00422383678138002
-0.00429245354968694 -0.0281642764294466 -0.0456133997149581 0.0471348371758975
0.0441219689480385 -0.0359423315485542 -0.10456276960189 0.0849785821203962
0.104195379764328 -0.00740535721217385 -0.182271019987199 0.0651801315762758
0.111557939293878 0.11090710500915 -0.26649825480986 -0.0899958071682636
-0.0826905114704367 0.1546430402807 -0.183293169064142 -0.269608953230673
-0.119178770370966 -0.0438850987504628 0.0255834168116913 -0.352155003419995
0.0377867379784868 -0.109252999135652 0.20972472991208 -0.0770882158638031
0.171525908331922 -0.128270683152812 -0.151488264222363 0.0117081949897289
-0.0568392231870339 -0.208764538989341 -0.210666936247932 0.36682851033984
-0.200514613318326 -0.00920295408419694 0.0866679484030462 0.381794342236824
-0.0429573961975377 0.134116145276664 0.211261163339307 0.195867282628972
0.0504950795756969 0.0684223789387575 0.171751913477251 0.0262235518639299
0.0499868863617316 0.0152479399020774 0.0959961427666549 -0.0234363230877073
0.0237202221478992 -0.0162366452037068 0.0476888557006893 -0.0372173085396896
-0.00148459007175982 -0.0320336209572248 -0.000493247813416483 -0.00882751075916622
0.0150217236007397 -0.0379098561148186 -0.0429837864520943 0.0307649492540574
0.0831379730820326 -0.0286301131277589 -0.0937529396490089 0.0561483404735685
0.127520526423678 0.0409662008792983 -0.145371326568038 0.0460234617607547
0.0581295605962503 0.176220569664087 -0.230052070911057 -0.0581536090681942
-0.184732691493842 0.111095206026554 -0.219935706196154 -0.239000172271894
-0.11030121725137 -0.151485566799895 -0.00773299034186661 -0.386669634127257
0.122135892989385 -0.149753243147813 0.194912998320609 -0.084078728752139
0.136965353980348 -0.134315301385831 -0.150979498423079 0.0152047706231359
-0.0877552950354298 -0.151419215251421 -0.178142266902587 0.290139215305468
-0.146019420233447 0.0465844074829735 0.0399301373959488 0.354517192854699
0.0218047557541689 0.0984789795898973 0.206448070492514 0.227656876500233
0.0480462034434839 0.0203286748903432 0.198186519006356 0.0321941810562913
0.0246266710650592 -0.00554641874020318 0.109995524503374 -0.0364744852965178
0.00497538080789057 -0.0258596035799496 0.0545612192314879 -0.0435892722317536
-0.000908123306724262 -0.0324970277771973 0.00870313395702127 -0.0144974257511898
0.03623858808256 -0.0332093386584185 -0.0292555855686739 0.014334422934526
0.106572185566538 0.000749979311987113 -0.0609807342570086 0.0358255812755535
0.105083289659248 0.100638840630861 -0.0917369337832751 0.0577970886389625
-0.044804781534297 0.188966354569183 -0.2208369398725 -0.00327539707096791
-0.242113515096459 -0.00481349106788969 -0.275359933458176 -0.24172726700255
-0.0386616054435701 -0.238670712550176 -0.0182121902741363 -0.442460405856665
0.196897048828589 -0.150515591067786 0.167677051935212 -0.0879233306280986
0.105411557157267 -0.119531768536778 -0.150431401420768 0.00994621331899571
-0.0737768677630822 -0.0995450007775358 -0.171809713936597 0.239706080877551
-0.0788869530461458 0.0538936247745133 0.0277595692122433 0.360371869371986
0.0466362986128368 0.0455684973366302 0.243141070112205 0.234016944867814
0.0294584960591169 -0.0124615734731921 0.219841811833833 -0.00177068132256234
-0.000403391252834374 -0.0178749993596454 0.105254190787405 -0.0646950468669384
-0.00617591655153015 -0.0287922776773898 0.0521488679611911 -0.0519494152641344
0.000339268337429277 -0.0288624241659579 0.0147587766542357 -0.0170525557283853
0.044466384481865 -0.0217753243037142 -0.0101533350439274 0.00145014834625266
0.0930113912011679 0.03222724487775 -0.0180351671203452 0.0381082299201121
0.0395473805595547 0.120670568824928 -0.0611112561470222 0.100028910839312
-0.123902291207625 0.117863077249856 -0.261684350908322 0.0307157037403449
-0.190211366273621 -0.124129750068665 -0.317188361603235 -0.306526300148116
0.066425485615021 -0.242873082734829 0.0163236367355001 -0.511708341445496
0.220731192942657 -0.104891780506254 0.13650007099144 -0.0921105808241563
0.0848795619504613 -0.093263605700998 -0.158739651472653 0.00652927467179513
-0.0340292125761428 -0.0752441065596169 -0.172352263774554 0.228647729938268
-0.0366923970800196 0.0189481080300791 0.0500354229917456 0.373292308296643
0.0270099670852167 0.00807644863419493 0.289354833006802 0.206748032385679
0.00171854780624201 -0.0195094899699515 0.229089632411133 -0.0518636368420877
-0.0120703795510276 -0.0190069457395522 0.0954717165599744 -0.095534876640714
-0.0062859144580021 -0.0268959266204244 0.0451608916575387 -0.0608338869755075
0.00231813861629976 -0.0194782021743333 0.0155721161007782 -0.0209099681162954
0.0338705576808947 -0.00780338593598135 0.00784361850985433 0.000386905450596721
0.0469182876677194 0.0420182596693825 0.0087171363925309 0.0582442450397276
-0.0227922305562644 0.0822956214039914 -0.0716301988383001 0.139506192802285
-0.117368570190425 0.00878449416417176 -0.320467250022727 0.00606566923324145
-0.0622908747130974 -0.156890129342687 -0.29862873453443 -0.410174771980694
0.127419057988008 -0.152457045880547 0.0989443923635907 -0.558803182960575
0.169045526796285 -0.0399872947187009 0.112422019087549 -0.0954708015577483
-0.0585076602042422 0.00754872680530536 -0.0863171154998751 -0.0476820323551212
-0.04829174879712 0.0117844021504712 -0.330619266959615 0.494510081578236
-0.0502539458599472 0.052536271595541 0.239332072384156 0.565162652353735
0.0145768545259357 0.0603123457510206 0.430025807675691 0.0730238214658785
0.0362008611280554 0.0120226705417782 0.135318224008766 -0.181839498174641
0.00943184973861934 -0.0173971572100873 -0.0193254352157795 -0.0783408169464845
-0.00976926442938091 -0.0050194665963536 -0.00562042382095329 -0.0181798733334094
-0.0053880590884602 0.012777815858003 -0.017193025768258 0.00121436894938886
0.006814754112013 0.0213151249676863 -0.0313596546767151 0.0530552300765727
0.0147296520295467 0.0201549593722531 -0.08435019530722 0.106289437134054
0.00663251557880624 0.0196109822613811 -0.194915644126601 0.07798202658872
0.00363371711996822 0.005656818784781 -0.28774251566804 -0.151870881014462
0.0339690404992165 0.0208509987636697 -0.0951648850369004 -0.353093229624877
0.00435436922884198 0.077790770676487 0.133265116426314 -0.287044726674566
-0.0884705778253037 0.0648442158676119 0.177533002132012 -0.0380046392942977
0.0578235550925208 -0.0273537456214661 -0.0909934857908611 -0.0413618677548811
0.00622697000917802 -0.0966703543283713 -0.358534520479593 0.480609467305152
-0.114463722099122 -0.0326588182637268 0.18304193789509 0.579701988739694
-0.0654088140954732 0.0937893175187038 0.402912858644057 0.129695545337123
0.0283656559901328 0.0747216532540384 0.160101768884291 -0.143986906034467
0.0433471210518649 0.0119610820013381 0.0011161394691711 -0.0788147410336082
0.0189931947252904 -0.0073062341854379 -0.00171510209584672 -0.025564925473375
-0.00421225184039733 -0.00176245936307913 -0.0173294296432694 0.00127455330750382
-0.0068536473807631 0.00603725010437118 -0.0344105622751581 0.0566869305126267
0.00830413137549969 0.000642173356118377 -0.08822486717167 0.113790331946666
0.0310421849190674 -0.00524549010045343 -0.197080808990606 0.0947444416821498
0.0587851087377356 0.0197549369912899 -0.302361803118394 -0.122639840638548
0.0261954111674099 0.0820041725795337 -0.13171984125754 -0.336377120799704
-0.0435624129957124 0.0676667091795474 0.102603259679774 -0.311161712715769
-0.0695285800758806 0.0136149017509392 0.200022780130054 -0.0512089789613663
0.147286116492047 -0.0638518456421967 -0.119483784033892 -0.0262092064181999
0.0305826912353796 -0.18471859053037 -0.340642420264915 0.473813072566917
-0.168884275118035 -0.0846532947256143 0.158151798060776 0.541298487819614
-0.113430521921342 0.11721972173503 0.344091867397948 0.154075526533366
0.0236639736249278 0.108686406980247 0.163882280395657 -0.0846434808188297
0.0618001245116464 0.0319786580752947 0.0333804050173108 -0.058588313583006
0.0365131181370106 -0.00794193252124963 0.0131557717994837 -0.0326205311839838
-0.0029916748707126 -0.0138372720054984 -0.0158316308256601 -0.00100385773141947
-0.0129555167707759 -0.0124004642522906 -0.0417299556211558 0.0564109907505501
0.0163489899320053 -0.0225567237839734 -0.10002037181019 0.108490487486847
0.0642538811303457 -0.0206518958547635 -0.1992257327641 0.0894120172577883
0.103719333843597 0.0510619218506415 -0.300019972680784 -0.107998772574651
-0.00624204746982317 0.135604275086099 -0.160543739430573 -0.313503299128137
-0.0897540231666121 0.03280724517528 0.0675362534459226 -0.336974629754386
-0.0306559735024185 -0.0487432592621548 0.215116370483531 -0.0656188591374869
0.184219654102918 -0.102911666504698 -0.146704467397313 -0.00489779850572781
-0.00186046623598364 -0.229201826228258 -0.282984534422704 0.442517069557458
-0.209697834152386 -0.0721454770449415 0.132243607941474 0.465688704641209
-0.103678228840883 0.139639648402702 0.270615348136262 0.171071537790324
0.035726997056102 0.1066107391737 0.162254514767215 -0.0181283313648323
0.0650360090654055 0.0322340812489359 0.0690121634034471 -0.0331844596666505
0.0379261404402653 -0.0108388523420025 0.0332449784867477 -0.0354100656456938
-0.00331326244598301 -0.0242370762521318 -0.0101075428215724 -0.00413893554268656
-0.00634556516608813 -0.0285932229580998 -0.0472881460091835 0.047418236400581
0.0441779371182731 -0.0373823089820679 -0.107415218692176 0.0877987003015525
0.105502501275299 -0.00730935020845089 -0.186066845294275 0.0668452198926625
0.113780729408223 0.112132969387723 -0.275654980394098 -0.0948248064541709
-0.0855104419501706 0.158098411311082 -0.186147368548748 -0.282500227868026
-0.123403563305399 -0.0457781126585733 0.0317644020551979 -0.36272558150402
0.0371290988930527 -0.111850928839438 0.218133849056621 -0.0798280799517394
0.173889659361224 -0.128919752222933 -0.158597589838247 0.0100241492253812
-0.0578325004125075 -0.213650853950792 -0.224306692479153 0.375037491330093
-0.205698459552852 -0.0100854777930841 0.0815405819988232 0.394156518581741
-0.0437329940262245 0.136695830472307 0.216097709452817 0.205397446421148
0.0526445451357778 0.0698902916674951 0.176228530015249 0.0280237497455957
0.0515710852033077 0.0152172471284642 0.0978658697113907 -0.0241918365903326
0.023626919530787 -0.0177783169199692 0.0484768755524666 -0.0388878982013125
-0.00283446465201615 -0.0307501803183916 -0.00126578517882667 -0.00973334457243022
0.0134398676626732 -0.0375828193763373 -0.0454471097845599 0.0327393568043253
0.0852109064226938 -0.0307906577684302 -0.0958188698753741 0.0578280982802911
0.12997021602627 0.0414478520291248 -0.147703803497189 0.0484514863273712
0.0602374169843089 0.179662630970147 -0.238493573257807 -0.0627912844050788
-0.188765081708343 0.114883968908286 -0.223290968471338 -0.2513170736085
-0.113904646779739 -0.155879648771056 -0.0019020042778017 -0.397763426315865
0.124626204897355 -0.15399337716461 0.203621773814566 -0.0867884681317243
0.141853289759049 -0.135339140270064 -0.157655260691939 0.0141290491803329
-0.0888683960849707 -0.156052702540249 -0.190065333340655 0.294391447627033
-0.149816889551757 0.0484320758989753 0.0357770917891248 0.366331408734193
0.0207960226454063 0.0988959556069429 0.21330686084487 0.240992090552002
0.0506961870506798 0.0216879316138886 0.204103225908382 0.0336070056853438
0.0263574422559142 -0.00622360273448965 0.111554494497333 -0.0363402707016007
0.00479404191773798 -0.0264774951233232 0.0532315731996981 -0.046702618375362
-0.00306421136907012 -0.030567722154967 0.0067893905149344 -0.0128889575272679
0.0358884006576534 -0.0331078551836495 -0.0316513480838017 0.0130879710564986
0.109021426924835 7.63503693111041E-05 -0.0630451542817674 0.0377358649195845
0.107980589321812 0.101225764767719 -0.0962529179946884 0.0589323480101722
-0.0439934877809565 0.195799124753219 -0.227993794112781 -0.00948291371047866
-0.248474820938151 -0.00405956811510102 -0.278837361755687 -0.254001330503623
-0.0383897354337447 -0.243790919124483 -0.0129090473719493 -0.455651740633605
0.201301236452651 -0.153205857011247 0.175161735955895 -0.0914561882158095
0.108983650016738 -0.121225097607446 -0.157351794535924 0.0109638073774216
-0.0765093132717923 -0.10197909492494 -0.182193166458248 0.244047949273365
-0.081703343953154 0.0560072819027219 0.023568132938684 0.371805948398257
0.0471465054661291 0.0469789303129781 0.251245289771078 0.243642632860452
0.0305398768532193 -0.0121281308149931 0.224890543625367 -0.00198760794285616
0.000583600958350135 -0.0190187614073107 0.107796134379998 -0.0669499598937205
-0.00765207121481225 -0.0305140650486787 0.0520294174829177 -0.054039373667007
-0.00118692081403885 -0.0276106670338478 0.0151189522788273 -0.0175940801705674
0.0444355477167121 -0.0221349441030212 -0.0119696225476104 0.00279828847087905
0.0955720123213281 0.0318800904920488 -0.019205688723421 0.0391023561637533
0.0412324841364386 0.123165297161147 -0.063074114731734 0.101764143044449
-0.126124915881333 0.120877033328206 -0.266762032739713 0.0275278292681783
-0.193448942215267 -0.127226507334163 -0.319943408514154 -0.321236344828233
0.0678966195100361 -0.247294637761768 0.0256699506202727 -0.523846091335193
0.225226958573923 -0.107700926726052 0.144837732293256 -0.0959310118250844
0.0883184788339246 -0.0933391398591696 -0.166345200715072 0.00685416845211353
-0.0363657069280828 -0.0773047430755331 -0.182485578311156 0.23502408411245
-0.0376269711282274 0.0200119899403019 0.0473497771299836 0.386560690132596
0.027138985644205 0.00813305573999939 0.299421285165683 0.214384127994579
0.0023993299248218 -0.0185960458333654 0.235184332431727 -0.0532131769342252
-0.012073047326842 -0.0195826428336953 0.0965185523347427 -0.0986635082655356
-0.00635048905918966 -0.0291942197795995 0.0456673975433364 -0.0639043462240723
0.00208843888757657 -0.0203710381551284 0.0159393982737873 -0.021459036536952
0.0340591990066754 -0.00930859127574058 0.00575412896780148 0.000704845550065294
0.0491934110760778 0.0423601715497062 0.00696476543734984 0.0583968873148011
-0.0224354546133873 0.0839995293975034 -0.0729061526367485 0.141299369385831
-0.119288938873848 0.00958942051189938 -0.326933516636123 0.00230996763811208
-0.0625383844587287 -0.16102022278094 -0.29934677172496 -0.425985443022174
0.130605115204944 -0.154581679415626 0.110156102840586 -0.572270879123282
0.172956764086006 -0.0406215790648842 0.119987085184123 -0.100437996333658
-0.0606769660661915 0.0102280066201868 -0.0967807088592228 -0.0452987788096988
-0.0492504652079044 0.0139952923987848 -0.332619032731254 0.519761411038887
-0.0512110034268118 0.0549525618460348 0.260867274274245 0.580061899087002
0.017253818820177 0.0607341607941407 0.445143122358967 0.0649903506662772
0.0373531774556886 0.0112943598317763 0.132672866412351 -0.190419263490616
0.00809626349084321 -0.0187831670273352 -0.0213593335588098 -0.079665142871685
-0.0103531267034564 -0.00468470849104782 -0.00623711095271014 -0.018516287383391
-0.00616935134141471 0.0135365923828686 -0.0165585052607378 0.000741332745059078
0.00766635963612698 0.0226503924975681 -0.0299672633425312 0.0564125273600751
0.015870576240188 0.0207932357519164 -0.0817809202584164 0.112800930759512
0.0073263840692641 0.0198134092839946 -0.198781411704913 0.0845201391539884
0.00287866270300562 0.00490035825312333 -0.304596934548508 -0.148866275099889
0.0363936823559576 0.0180661082264966 -0.109884825197831 -0.366993576918403
0.00658086111885596 0.0799891930914572 0.131405641546856 -0.303087830748591
-0.0906105605258045 0.0701885730550785 0.186869442669077 -0.0470277717852308
0.0579737671168708 -0.0301122354522604 -0.0999462424307305 -0.0401490244501161
0.00317888079507817 -0.100354188623719 -0.360699204402273 0.505986500489065
-0.119739215353392 -0.0304304165962834 0.203183576152667 0.594614524518424
-0.0639728605346663 0.0981202253577698 0.416983762193015 0.123878730607619
0.0317239055015907 0.0751214187969967 0.159412831952626 -0.152803939928021
0.0445941915233833 0.0102790533653055 -0.000195710594853218 -0.0805992430404213
0.0177295487060894 -0.00871044915531523 -0.00287137547262422 -0.0266626508649207
-0.00481744234091223 -0.000280934210843388 -0.0179986984465055 0.00190951377281811
-0.00686432073301074 0.00760146955299701 -0.033955699077038 0.0587525177364122
0.00891893340223528 0.000502625969255731 -0.086337307041982 0.120684061843157
0.0315250023408807 -0.00581663191616559 -0.200350070971278 0.103991825729395
0.0603726670548187 0.0174790854308306 -0.319339162815467 -0.118685238265095
0.0296047853033687 0.0830717840445987 -0.147096122720933 -0.348633116891129
-0.042891012486187 0.0718578638439696 0.0990184078310754 -0.32729180382646
-0.0723685215111118 0.0169150052823834 0.20786464825389 -0.0606593621514869
0.149558378190892 -0.0703039398755392 -0.12832362818254 -0.0244671803877008
0.0255598364506123 -0.190537704549708 -0.34261952932824 0.50033920896359
-0.176536735397988 -0.0813560556551866 0.174170061194529 0.556391587182432
-0.112285861786616 0.124581739811389 0.357739096085095 0.150818222491423
0.0281463101062273 0.111198683141185 0.164186606514788 -0.0911848449878812
0.0640101864852888 0.0295727795533517 0.0332615548549363 -0.060781484717076
0.0352309733211384 -0.00953911421330812 0.0126641832764011 -0.0339683994972486
-0.00409290394544048 -0.0126705248667861 -0.0173631333440574 -0.000498341623910012
-0.015676134098182 -0.0112468838837698 -0.0410710203027362 0.0591859318532829
0.0156643819647205 -0.0239086212543937 -0.0982238063164491 0.115602064304972
0.0653731911634109 -0.0231977112328644 -0.202565281223242 0.0988370932236293
0.108086285295145 0.0473901039019381 -0.315999707617648 -0.102175976390431
-0.00279710835211364 0.140225712277394 -0.175331459506914 -0.324120118109117
-0.0922925437045177 0.0362300146507313 0.0622483476407006 -0.351589091736366
-0.0344079800041644 -0.0484521625847338 0.223488423181948 -0.0777151668292373
0.185650639610424 -0.109502096860763 -0.155304469752129 -0.00271737560309683
-0.00994229466917434 -0.235627849517714 -0.284156986559024 0.465636200436358
-0.219358786359011 -0.0664704800557112 0.145278306061233 0.478156857171344
-0.101303043013631 0.146602650254007 0.282844936968405 0.172482352772746
0.0412381719905784 0.108082778843051 0.166181921104224 -0.0245972604017556
0.066991362823619 0.0292462636216096 0.0713073016045854 -0.0366219247040765
0.0366466900355133 -0.0131942679111201 0.0332146500537652 -0.0380118160771062
-0.0054194274894711 -0.0227055636323241 -0.0114957122139036 -0.00415175405614064
-0.00867870037344676 -0.0277261902292624 -0.0477052675345636 0.0521708887592334
0.0440431524888204 -0.0409757122945497 -0.107109819642559 0.0946277462706754
0.108640231961048 -0.0117189688012094 -0.191457131684129 0.0758586689376958
0.120401074694572 0.111033448361559 -0.289986991619342 -0.0904923594082814
-0.0826963648625969 0.16729320680812 -0.200805663309351 -0.290882740084141
-0.129383652870617 -0.0420496269338812 0.0249173911179668 -0.376965610986815
0.033200100910016 -0.116582786730102 0.225425534312544 -0.090531093446509
0.175663480648226 -0.137729378384383 -0.165535928453751 0.0143048930692702
-0.067457756767694 -0.216626988324418 -0.223840017145987 0.393261205207969
-0.212707272529431 -0.00117449356193016 0.0909461396178704 0.407461901816867
-0.040163953912641 0.142473299841099 0.229153984118867 0.209735985597358
0.0580247485723612 0.0698885324270743 0.183901877606761 0.022645871458638
0.0536792469953822 0.0120086209859372 0.101678573857035 -0.0281009342041869
0.0225341314884087 -0.0205129154951664 0.0469532714246669 -0.0421648799144038
-0.00592598456770778 -0.0295012329390168 -0.00168145736213284 -0.00869326298787002
0.0116419028569788 -0.0382713166744779 -0.0461538336020924 0.0352498156463646
0.0873167819711658 -0.0352969632791064 -0.0974893540289516 0.064635821565975
0.135764402790826 0.0374759107023861 -0.151233227805387 0.0562818198896182
0.0700843499124977 0.18319512620423 -0.249909531454821 -0.0579552530560383
-0.190840085882307 0.124674863846729 -0.236173470768031 -0.258649839223648
-0.124359381503161 -0.156119936020066 -0.0102512626674581 -0.412232431088194
0.121171739718213 -0.16394068838429 0.210670908929659 -0.0973934793792965
0.141724518764501 -0.143051137786598 -0.166964771111205 0.0199865842536325
-0.0993099209370466 -0.157802015480573 -0.190382294839871 0.312001106422856
-0.153990120222474 0.0551120090015014 0.0437062417033886 0.378750034361504
0.0247928358856467 0.101582541989006 0.229500931015117 0.244513961531136
0.0548224075071298 0.0192137143219776 0.212832638424271 0.0268883665065052
0.0268043285605683 -0.00817018493531103 0.114577999285533 -0.0394602733223412
0.00287112240928624 -0.0276582646840188 0.0526770421336503 -0.0488243378074287
-0.00593402590034536 -0.0316827839515376 0.00740599066285266 -0.0143508514843401
0.0327445487814781 -0.0358774833074799 -0.032841293220228 0.0153472353620149
0.112116404791952 -0.00731969632071866 -0.0644116181310088 0.0403668308419402
0.11425644523689 0.0998898744333804 -0.0965754478047026 0.0627774693362185
-0.037853223721777 0.203843329744916 -0.236235860673269 -0.00396940514937121
-0.256061746184288 0.00528453064634079 -0.292563576101282 -0.25519365579511
-0.0484617074383026 -0.250607301754939 -0.025199017673125 -0.473311823593294
0.200952154777525 -0.16470029241276 0.180284647206765 -0.102832580279832
0.108380239563526 -0.127543520692445 -0.165733281902421 0.0157474632117173
-0.0839428193740423 -0.102063970416437 -0.185830794656481 0.258282966742825
-0.0827299712604381 0.0614864260678648 0.0342394926868729 0.387248014985055
0.0494522096665921 0.045609769829778 0.270020521918584 0.245794722765735
0.0322842401424608 -0.013071951458914 0.233326241288578 -0.00990389775093955
0.000719115598199777 -0.0203885807898353 0.107003545121395 -0.0719297450582511
-0.00974136796615651 -0.0323287898017105 0.0500934024885254 -0.0581163117921884
-0.00211708263082313 -0.0281354377748273 0.0132083458283224 -0.0182661143412011
0.0439040451709077 -0.0249807007174216 -0.0128972507302946 0.00398235067090978
0.10028360650482 0.0279222266133554 -0.0192775479911317 0.0409669389351983
0.047963590983672 0.124387460587547 -0.0620124138467064 0.105945981390524
-0.124737654031497 0.130317914147512 -0.274921992173434 0.0332430647540046
-0.20345440173204 -0.124072204061434 -0.336261511428494 -0.325677551082245
0.0618334951606155 -0.256599982263124 0.0140221492588898 -0.545451836280101
0.226596673630743 -0.118627912531662 0.148574539629354 -0.105808461934827
0.0879056920432256 -0.0988329845709337 -0.176729827345003 0.0135293599613236
-0.0414941680234632 -0.0773767444069471 -0.185720335101524 0.247300282711932
-0.0390989941128591 0.0225138650393693 0.0601892413316696 0.40341716945313
0.0286031207097737 0.00746147601938078 0.320262932008681 0.213350631680272
0.00219313506341418 -0.0181262542634197 0.240827086763499 -0.0641641259624168
-0.0125878763938776 -0.0209900917795231 0.0942938816411042 -0.105084385307121
-0.00860101355897485 -0.0302454443327442 0.0441410075134085 -0.0677873700860152
0.00140531403305262 -0.0189617843076904 0.0146688703943935 -0.0216395255643701
0.033405780484144 -0.0102776770768602 0.00401149363573799 0.00096212379095885
0.0535297809380256 0.0404598554031948 0.00920527180056035 0.0593304420134988
-0.0183812250366699 0.0877853914363236 -0.0699611201908009 0.146850204927957
-0.122207269328864 0.0146687555701448 -0.336011629631178 0.00987692329204343
-0.0690212422691686 -0.163507711312986 -0.319071627520686 -0.434847025136743
0.129116793360054 -0.163818161317739 0.100605763467821 -0.593986695558932
0.175245192519579 -0.0474469845318173 0.124006830477161 -0.109677315700015
-0.0606673735434769 0.0141415895364071 -0.104617217176121 -0.0413026173508196
-0.0472726914518685 0.0153821757359645 -0.312759839925528 0.54360060067693
-0.0483186948805629 0.0572358931296181 0.2894861200231 0.571775597592532
0.020563784863387 0.0599486090107912 0.44853267167678 0.0433384809928205
0.0379929945643662 0.00874703194856104 0.119920269409485 -0.196219039639649
0.00621136982072552 -0.0193789782498083 -0.023014887399635 -0.0779549719994194
-0.0120146996786071 -0.00321955452653362 -0.00587878638698761 -0.0199391340981013
-0.00507723796013017 0.0149622333320699 -0.017824005480349 0.00180501492026943
0.00957736109286407 0.0226926836663647 -0.0271086445996143 0.056800789556822
0.0165141576477791 0.0193865427916191 -0.0738470434518446 0.118604734499402
0.00851224088379615 0.0192735180738921 -0.195797842936456 0.0964926505191661
0.00249101880591462 0.00362588241469202 -0.31752417506849 -0.13319082074511
0.0379403309106605 0.015958246271549 -0.129915360685469 -0.367273885037735
0.0124829729923148 0.080138171106307 0.117692574712019 -0.316380791273594
-0.0871712593588107 0.0776743651332083 0.187802613360575 -0.0601177990761896
0.0564085747709494 -0.0329510603968459 -0.107903480427441 -0.0353809283696486
-0.00241332500598361 -0.0998368513369915 -0.342663773816357 0.529098721418479
-0.122531270269153 -0.023605607158367 0.232039224253083 0.589657957073012
-0.0577437573471497 0.101804376731816 0.425897437146622 0.104946600182928
0.0364864782720052 0.0734169936862131 0.149636064603889 -0.161156011539141
0.0440039276274822 0.00712316462790899 -0.00367215826484661 -0.0793981596234147
0.0161313820598135 -0.00925985631261214 -0.00328505308721514 -0.0282359288127559
-0.00535149651514724 0.00172443866938403 -0.0186858307252039 0.00247461242005033
-0.00739783135667185 0.00917652406298458 -0.0304487452777079 0.0609192018118956
0.00888194287608732 6.29829848757615E-05 -0.0787087514003366 0.126187270884545
0.0308783072206589 -0.00748713135836709 -0.195209181027081 0.115757824352748
0.0608858479778353 0.0136223415782323 -0.329570134200675 -0.101539214904767
0.0343551551624504 0.080963522873209 -0.169010822421161 -0.347615203752145
-0.0390625086707597 0.0752900498909369 0.0843167496369884 -0.338547631020989
-0.0731395947775736 0.0225700721504367 0.208973805955983 -0.075529236987573
0.145623884822256 -0.0780981560530545 -0.134943422831446 -0.0195378303435503
0.0139093251042257 -0.19156474381177 -0.323979691346689 0.52035111072332
-0.18256757774992 -0.0702828903581142 0.202467566005216 0.55156553737634
-0.104989772054691 0.131058229207823 0.367029588808608 0.135857526267694
0.0353790293849179 0.110062882972917 0.159232487921025 -0.0991760559433505
0.0644799320727122 0.0258462324643147 0.0313776340540452 -0.0621940927711921
0.0332300929352781 -0.0112554574327903 0.0108856866976701 -0.0353623670232199
-0.00557008534792457 -0.0105143128329402 -0.0175148409694615 6.81045636773698E-05
-0.0161992683081664 -0.00808087758807467 -0.0384500123214183 0.0619742045209284
0.0137149320212218 -0.0247051899295649 -0.0916937653445378 0.122374367436564
0.0643337148077821 -0.0269137818469412 -0.198302433975842 0.111814288015976
0.11065294380746 0.0412942318809525 -0.326132651956773 -0.0865640809844696
0.00598524046211543 0.140420991723287 -0.195280307180355 -0.320630405583603
-0.091642088720435 0.0423876012300966 0.045680098291618 -0.35987105184883
-0.0392628852663562 -0.0460641244514998 0.223276900214427 -0.0928097904570763
0.181666196363197 -0.120372523774096 -0.160841805333888 0.00472820850807392
-0.0237714158717027 -0.234978384274312 -0.266174852973899 0.484358976964397
-0.224355145811516 -0.0525937727174981 0.168588635342408 0.475866702412329
-0.0930192069106889 0.151966916829725 0.292440721971166 0.162468721048761
0.0480825529676916 0.106092657669519 0.166370854505148 -0.0326480140563846
0.067626982566966 0.0246438725350728 0.0702494954746904 -0.0410783031860888
0.0336631196813308 -0.0155228561417484 0.0297671989104279 -0.0402455881052157
-0.00748787054681749 -0.0209362664005786 -0.0123395509697211 -0.00237522719551817
-0.0116611685923949 -0.0251789019034493 -0.044619821323976 0.0550443531527112
0.0417207324707842 -0.0438264649725259 -0.10197585829498 0.102443547697563
0.108632375565108 -0.0180093392712169 -0.187711285344971 0.0875354466146463
0.127675052093102 0.103043907621304 -0.299064270151609 -0.0753367145151359
-0.0733193717594241 0.172560386529797 -0.218571278340845 -0.285654011702677
-0.133428702300609 -0.0344912045224142 0.00688519378255198 -0.382978465203371
0.0248926783151804 -0.118633152405033 0.224310816448545 -0.10627826086531
0.168649227621451 -0.147131604997353 -0.170880412740802 0.0232251859930644
-0.0812570975149643 -0.212543531572394 -0.208593780333935 0.408988276763978
-0.213453862061969 0.0110969990430004 0.110937948517717 0.408037114582191
-0.0319723270960974 0.144860795641911 0.242707196404658 0.201906077737172
0.0627510416396711 0.0667394791168696 0.186178518417966 0.0131840627584205
0.0533950876248148 0.00806266754433937 0.100152083709218 -0.0332475638930811
0.0199689241277431 -0.0216223000735788 0.0435385680653079 -0.0440391084193298
-0.00868966328297711 -0.0285433393675402 -0.00355890238423469 -0.0080649951034854
0.00761161912765447 -0.0380880676544265 -0.0451259726532967 0.0385808810256718
0.0837763748061225 -0.0420973875565114 -0.0932763484040828 0.0694756436119636
0.139398321480651 0.0281483347137704 -0.148549025247652 0.062824691889869
0.0810573223591785 0.179319184887766 -0.255943970896364 -0.0484781934128438
-0.184905764308332 0.13767942222679 -0.253229087415827 -0.24881172048583
-0.13438011428771 -0.148308228994762 -0.0296395810888656 -0.416539523385503
0.110727812318281 -0.172168828054851 0.206807422123619 -0.111429987044351
0.134540878380522 -0.151237999174904 -0.169111603243218 0.0288639893192366
-0.108788197208543 -0.15078416948169 -0.180663955050449 0.322488502958751
-0.151481093336829 0.0643464554032801 0.0603208151714408 0.384278262293421
0.0301956470848327 0.0993758656645001 0.245249041120043 0.235429201270471
0.0578758549953169 0.0161803785795031 0.215761602247734 0.0154333200882624
0.0256001422743922 -0.00999027628981598 0.113070661729059 -0.0475685274671293
-0.000393709856910154 -0.0278537872938995 0.0485219122859945 -0.0525751566069019
-0.00629130929715434 -0.0288210519056151 0.00574131442142478 -0.0133421237270445
0.0293307532676341 -0.0381643052802528 -0.0336994037658485 0.0185712331280895
0.113980181923287 -0.0151573074439836 -0.0600689002425411 0.0458689151343415
0.122377820861159 0.0913305835777948 -0.0936920345782825 0.0691899443049381
-0.0239334290767328 0.204414427564569 -0.237316948123174 0.00502128855854835
-0.255765782119439 0.0221439282597878 -0.307767845502017 -0.247149455599919
-0.0632613069864639 -0.248506807175378 -0.0464780379438597 -0.474985075636128
0.189769628855395 -0.177784307632662 0.177203622180485 -0.114670407481453
0.102578309515236 -0.133846339363099 -0.170172475336852 0.0257077147859066
-0.0918405488336735 -0.0961150332201532 -0.177972221015048 0.270875999185689
-0.0795818024241107 0.0670372001142127 0.0532487571639404 0.392964807848875
0.052228569734107 0.0424992001064671 0.288008227413179 0.234780374914911
0.0326230211259442 -0.0149593354069592 0.233950270466998 -0.0242972798581748
-0.000702769811658638 -0.021224810462863 0.102644403772903 -0.0784342181880505
-0.0131752305534088 -0.0317307324312229 0.0464340137796125 -0.0619467711660071
-0.00398536436602944 -0.0265673252183773 0.0113132049462174 -0.0188197444710483
0.0412421995140686 -0.0273074424426964 -0.0145651777950908 0.00528494768607885
0.101763240946326 0.0196399218771112 -0.0182866353319957 0.0424573642548705
0.0571767856529598 0.121949698336533 -0.0550584331136146 0.10872130965911
-0.115553128887895 0.138970233005956 -0.273876771130727 0.0459695008160692
-0.211506862360936 -0.111429805446108 -0.355019584992421 -0.313706381285181
0.0472217463467505 -0.260469453520684 -0.0118614321657456 -0.550738628548685
0.219495906706648 -0.131672959336862 0.145063681888621 -0.117068946988499
0.083154323922978 -0.103126405015543 -0.180144669553662 0.0256443554783107
-0.0466146123149706 -0.0748898427754513 -0.177821343646828 0.260943071842871
-0.0385340871851535 0.0266399498951049 0.0821330663007211 0.406476876761534
0.0297598612430911 0.00541833637153789 0.337252548668183 0.199387286921043
0.00362819236635347 -0.0182451173542492 0.237909276493601 -0.0800187785751781
-0.0133239771397345 -0.0204514666781945 0.0866948540052544 -0.110829929017999
-0.0123306447387171 -0.0302792427919979 0.0387003144897727 -0.0705735598524049
9.55190035107561E-05 -0.0197441757255506 0.0131858889456612 -0.022821091538799
0.0331767181831224 -0.0129193863588658 0.00251131518310568 0.00065992538737589
0.0552943234445686 0.0367313495404918 0.0119254495369861 0.0585621852681726
-0.0113581795207337 0.0890564549157124 -0.0612534903942392 0.149231163973309
-0.12131344561874 0.0225980823324912 -0.335275831523417 0.0256426932075144
-0.0781365828343295 -0.160263552485744 -0.342947892498791 -0.423044438277847
0.121209964085582 -0.170729252634467 0.0730959161847773 -0.604188666408331
0.171640453031541 -0.0576883603959097 0.12089934589637 -0.11910702606302
-0.0571610762598575 0.0171802577461569 -0.109354259033091 -0.0341040637413094
-0.0452734371081844 0.0167189815042002 -0.281307504038021 0.542828064948075
-0.0452128575286734 0.0571190605366145 0.303852058731177 0.543275141333574
0.0230436721374392 0.0556582797699646 0.437540972547966 0.0239797691132996
0.0377766124406035 0.00651918978513829 0.107536637615086 -0.194592700268393
0.00476550749525912 -0.0186681738084624 -0.0246225653619299 -0.0740007178370444
-0.0126290492564377 0.000162691896782764 -0.00449701190631917 -0.020940094212234
-0.00380768262193229 0.0148741963345024 -0.0164119495133593 0.00148986100654506
0.0101803198481356 0.0220489205504074 -0.0231415711500291 0.0553569013002728
0.0162491445354785 0.0171634981567031 -0.0657131518402276 0.118414293366132
0.00882830029214319 0.0185892126986588 -0.185147837136213 0.100980692756387
0.00207297547748128 0.00535434875984536 -0.316752955685427 -0.115477879947147
0.0372170415007569 0.01246785988775 -0.144978199801694 -0.356124449601168
0.0178462134421001 0.0770234198304837 0.102111130528075 -0.315272301083714
-0.0819949493007879 0.0804629303864399 0.182058030247331 -0.0705030058436543
0.0523207383143171 -0.0337411547856553 -0.110852961103226 -0.0296848018797332
-0.00709629167366552 -0.0967030630680097 -0.313683269074974 0.530413864153343
-0.120354180244305 -0.0166552231455282 0.249189673082914 0.563397421656351
-0.0514330049623248 0.100475001450893 0.417677466976877 0.0844603662176211
0.0384901497601908 0.0697365878466919 0.136812832195178 -0.160796548734523
0.0413028986995799 0.00419342756087209 -0.00529601145484068 -0.0761886146707928
0.0128408404339125 -0.0088073897005852 -0.00439306646879144 -0.0276016577218758
-0.00508782766086041 0.00414330470410914 -0.0183327468615004 0.00229263626124273
-0.00644501029572869 0.011186473096852 -0.0259085402854421 0.0599732300948846
0.00791798016421362 -0.000969370398844944 -0.0695650594224495 0.125857264067149
0.0303833371689856 -0.00762560310973381 -0.183675145680738 0.121015893590161
0.0578305174947395 0.0103715700176984 -0.327513787895958 -0.0845603358292982
0.0368703256283613 0.0768118072422716 -0.1805104824106 -0.334057452857649
-0.0342108578561122 0.0749070857983573 0.0686743138382404 -0.335054592782772
-0.0708483114652719 0.0268584316206527 0.202817351037683 -0.0864557827900811
0.137598225667079 -0.0813034650227494 -0.136074091517983 -0.0127187019728927
0.00457296673551716 -0.185467419856793 -0.296107744701373 0.520750761090687
-0.180464394551161 -0.0595796186515459 0.217025067458862 0.527187563415134
-0.0950376781747713 0.131485551379379 0.361240487510233 0.118224599099553
0.0405821866332227 0.10459863266689 0.148379410925678 -0.102649712914945
0.0630734790682184 0.0212321263646041 0.0286892434913116 -0.0606733547697601
0.0293485631679675 -0.012802667304688 0.00918742170546727 -0.0355420353528026
-0.00631543086067885 -0.00828646507758011 -0.0176467461536021 0.000832221597651458
-0.0167516780432739 -0.00501086023262347 -0.0342459699974848 0.0618636955825975
0.0115092163781109 -0.0246847866695607 -0.0831727280825486 0.123640236537572
0.0608639370361874 -0.0292146530943092 -0.186802686454229 0.117215764458762
0.10776871179024 0.0331573454876287 -0.32353606042454 -0.0692842134817556
0.0104821586313133 0.135902544748596 -0.20581845597872 -0.306968655653174
-0.0869429899356786 0.0462208218895592 0.0317494265648989 -0.354181675030862
-0.0408229434028841 -0.0417983177438601 0.214925071276401 -0.104146982155623
0.16999283175709 -0.123738759025534 -0.158719848624177 0.010913775838979
-0.0346163399033636 -0.225217524502664 -0.241076679614607 0.481207658676628
-0.219106449469432 -0.0406189474717634 0.180750510472359 0.455764696990793
-0.0829460116166882 0.152180028149169 0.29203809407781 0.146599376492853
0.0520379007209344 0.0999266770199867 0.159312643206643 -0.0367623809464116
0.0666537537627132 0.0197890891295105 0.0670279230133745 -0.0425702607954187
0.030233184024599 -0.0164055415006925 0.0261029911165672 -0.0404185230076792
-0.00836771467423502 -0.018084527244101 -0.012253757366257 -0.00187321049211922
-0.0124076214363376 -0.0226375778066357 -0.0418979081071056 0.0558451247123112
0.0378475984212008 -0.0451735901646239 -0.0939073686722766 0.104803755724121
0.104712702894316 -0.0235329459410958 -0.179254633994527 0.0934184012966938
0.128471858849183 0.0931858561340934 -0.296499283087697 -0.061258662230238
-0.0630706249760277 0.171099640843882 -0.225033566032526 -0.271044948203491
-0.132403513616802 -0.0264908532144285 -0.00809821117354706 -0.375014423466176
0.0171909880565614 -0.115454271703736 0.215285962552665 -0.11564217880109
0.157277297439354 -0.150544074216842 -0.168091134054609 0.0289975157275496
-0.089316134852772 -0.200149506315079 -0.18878940640468 0.404736511055924
-0.206611493034979 0.0214386177291984 0.122412188504787 0.394331547746924
-0.0249314231782753 0.140183013152304 0.245763522589537 0.188509213697633
0.064131131146787 0.0619241225788005 0.181454307070614 0.00419257886311122
0.051891577777766 0.00555084325853598 0.0979151255344762 -0.0367097331025522
0.0160372252825487 -0.0212471133089018 0.0391090309793306 -0.0472456992339634
-0.0107974662944626 -0.0251064144532514 -0.00367526301678724 -0.00821710223881
0.00461178436628212 -0.0354138477466362 -0.0415533870012375 0.0402288183714608
0.0789561164912292 -0.0449846981117905 -0.0872022501261969 0.0728446674400998
0.138428368776381 0.0199424700292224 -0.141897425772791 0.0673803957190772
0.0878091386223212 0.167955513083358 -0.253566317121074 -0.0359622359324948
-0.171770447233825 0.143969852140274 -0.256386404008425 -0.233624525141903
-0.136800084496082 -0.137302637440534 -0.0452411153264743 -0.405354582542822
0.0976595517198958 -0.170485751878696 0.197508313600668 -0.119123593225167
0.125780429866407 -0.151007756387909 -0.167473024190897 0.0361246613335792
-0.112540730561816 -0.140684430805753 -0.166633358608772 0.320931915739766
-0.144590463813671 0.0691509814432798 0.0719290341232865 0.37596061840638
0.0336122419221164 0.0936761103769597 0.251509424850105 0.221025241207538
0.056757752709894 0.0131742356958069 0.209428181547545 0.0063492655591603
0.0238611139049914 -0.0135257172144583 0.105739311748201 -0.0534415708323502
-0.0043349491330493 -0.0283283029707828 0.0425768298945138 -0.0517461799908213
-0.00851170486500165 -0.0264696563109452 0.00499228495889953 -0.0127880133996079
0.0286170598567633 -0.0364811243162603 -0.0330334525622568 0.020307778345614
0.107345733309662 -0.0234044875184617 -0.0574458134042323 0.0468720853303797
0.124954841417175 0.0832181514738443 -0.0860856828412135 0.0698762533980185
-0.0138812003915261 0.199064783419028 -0.231476068927091 0.0166404388682396
-0.247169534581657 0.0348414557593203 -0.309701069594751 -0.228895165455775
-0.0724685953620803 -0.236495129838916 -0.0635012731384662 -0.460452916763812
0.173470130720001 -0.1821909520338 0.167660987964336 -0.120226573267886
0.0944868066500783 -0.133174793909255 -0.167761973536146 0.032857718958527
-0.0927737614833658 -0.0883830975597188 -0.167376231504024 0.2727611841912
-0.0738590142787268 0.0694527908875039 0.0679272148788251 0.382890755595213
0.0530504185286226 0.0374295368693914 0.293187269790302 0.217422329419389
0.0317672879822755 -0.0166780235231079 0.22739727928082 -0.0349653609899105
-0.00179661755540462 -0.0205230810334234 0.0957608378487328 -0.0812162689313742
-0.0162025296614792 -0.0303683802098757 0.0400186420321502 -0.0625911556373361
-0.00445286216690457 -0.0242108387019764 0.00947115438007467 -0.0194699099357892
0.0382326853590258 -0.0285429853162521 -0.0154333939097761 0.00674981023121798
0.099522936434219 0.012136383382447 -0.0158848672100366 0.0415651292928675
0.0625661673518818 0.114419580618509 -0.0480111627361845 0.105990688955906
-0.103364445386114 0.140002160228357 -0.262314730695574 0.0551074530820274
-0.210202802830425 -0.0974383114149991 -0.359028565945546 -0.291023786272713
0.0334021695165207 -0.254398958038453 -0.0344193713118041 -0.53514829163509
0.203389296383267 -0.138256051948116 0.136367955693413 -0.121538812641209
0.0774715357666887 -0.102623933370913 -0.177233977818579 0.0337195893192371
-0.0497151351843273 -0.0683004646243064 -0.165621923886648 0.26255726319442
-0.0351416237919798 0.0277321905494853 0.0975416898151325 0.394118371870728
0.0284763215367851 0.00275828165487438 0.340798656439993 0.178841593404243
0.0045543036886426 -0.017708372674984 0.226791826442727 -0.0898124050532519
-0.0141334625676585 -0.0200077918494433 0.0781304772046757 -0.111481921936665
-0.0144252937058126 -0.0291256722954292 0.0325558023614827 -0.0719205032259272
-0.000663741958074759 -0.017713021685891 0.0106092548652217 -0.0218282873741708
0.0310868406563578 -0.0137977738167188 -0.000458423977237232 0.00113208708730975
0.056097323133464 0.0311342843640503 0.0131530134921478 0.0547102660260864
-0.0059353475206351 0.0862023701076752 -0.0510093863261968 0.145358375125034
-0.114766665844498 0.0286532382404134 -0.323545617403617 0.0378168773571193
-0.0828131506643483 -0.150850570328593 -0.349673999531039 -0.399596925002659
0.109319399115443 -0.171763616983563 0.045228702445997 -0.591610707708617
0.162014606457416 -0.0637581150697548 0.113436354950019 -0.124096059567191
-0.0560410940430738 0.00853578467573471 -0.104614492486065 -0.0472950879023749
-0.0443295468555934 0.0089240089846835 -0.336181809857243 0.478786456592016
-0.0511767858966626 0.0461136367594147 0.214313665005825 0.545522859259112
0.0128946010652297 0.0568223253820678 0.398502663508819 0.0791516407164785
0.0343909653427656 0.0129757046707308 0.120011793296004 -0.165818560136977
0.00638066584024983 -0.0166548885311888 -0.0118924203633537 -0.0723817890126284
-0.0123604841578403 -4.22982212055925E-05 -0.00169373416407473 -0.022105008518618
-0.00659838448890703 0.0161247835058872 -0.0171178888177858 -0.00189483313313884
0.00846651521064357 0.0224981377234357 -0.0295968360367347 0.0489842991187226
0.0138809991956589 0.0182012648293291 -0.0761926717293933 0.10395358395171
0.00972003492349395 0.0206439493760823 -0.190776302005575 0.0732086532818643
0.00342236344712734 0.00818970773070026 -0.295189965600491 -0.151658703216883
0.0308780582389971 0.0204235561409863 -0.0953426608527196 -0.367200903564825
0.00562790425574421 0.0776694670136226 0.138717523660791 -0.299478793946533
-0.0893919148913717 0.0701625728926583 0.190903056585053 -0.0537782639341507
0.0530858970107995 -0.0235403295056864 -0.100543130237326 -0.0383972601900409
0.00581300984977191 -0.0906792126127095 -0.357868435692769 0.461653075020089
-0.111714281483951 -0.0327083777685135 0.16157420306729 0.552608329686925
-0.0631397304009178 0.0879060736143824 0.370015810014061 0.128678492041703
0.0265793063543327 0.0716674888698584 0.141656904803522 -0.130822935554182
0.0379578117151631 0.00983879984806385 0.00565352162620368 -0.0697360199249355
0.0120779831887275 -0.005710379433198 -0.000216628505615772 -0.0275588640161293
-0.00594603572751616 0.00463468980410356 -0.0181827589234371 -0.000854587014558333
-0.00711342925630314 0.0103540376725518 -0.0327092971560279 0.0529135822777438
0.00853803417292544 0.000771646080201648 -0.0806254696167639 0.112417177357904
0.0316958759086087 -0.00329491914270527 -0.193721649022317 0.0930570326400182
0.0564598033171129 0.019814560967608 -0.310911857314222 -0.122391744150248
0.0239589289998471 0.083396473826204 -0.132690188511956 -0.352752694595644
-0.0433727374102216 0.0698443365556006 0.110826662759697 -0.323079506554128
-0.0739777471120163 0.0180131864701127 0.213868340633146 -0.0642070617812116
0.137559752183274 -0.0576785700980952 -0.120346166730898 -0.0221394769107195
0.0292171153710897 -0.171475470190294 -0.33463177068847 0.452493395270138
-0.161222160761679 -0.0795967172277452 0.136369250215196 0.51180662642458
-0.108832020808118 0.110124288446154 0.31436839027969 0.150252601809525
0.0224509258395063 0.104518780155044 0.144953118995525 -0.0761562137745305
0.0550979723679253 0.0284118863376157 0.0350827309252683 -0.0506470401589389
0.0275198567528027 -0.00742160000340019 0.0119948140774688 -0.0329747794554835
-0.0063565234981876 -0.00732051031747871 -0.017170367123056 -0.00122079421725135
-0.014602164071582 -0.00546195104572778 -0.0404326346882777 0.0555956754522049
0.0144225967526889 -0.021772413129354 -0.0940249441153806 0.108783719264688
0.064452674456228 -0.0196604126979322 -0.198470038812428 0.0899933569990547
0.102007342124882 0.0484342216857776 -0.310278665617489 -0.107632952995009
-0.00644019350105621 0.138059169377066 -0.159716647960359 -0.331397715433347
-0.0909708015667921 0.0369066316195138 0.0793926340842608 -0.346007651458276
-0.0370405874356916 -0.0447809771758557 0.229931850859508 -0.076575411725137
0.17311305686588 -0.0929709222553575 -0.139986348641128 -0.00127130345216871
-0.00106461790484262 -0.213436475648198 -0.277207812210821 0.41942175301812
-0.199850756972167 -0.0660855404268022 0.109115635758397 0.436074953506521
-0.0998290641412818 0.130880240818913 0.246078089332756 0.170646143208828
0.0342957427247991 0.102437577328954 0.147127459675046 -0.0150688655252423
0.0579786811747222 0.0276335947296854 0.0676421996169942 -0.0290682779058252
0.0290771802621947 -0.0119033928309524 0.029797218715779 -0.0350817953030042
-0.00660457505085168 -0.016860237566944 -0.0123782318161341 -0.00350651128176759
-0.00925534393279425 -0.02105486433381 -0.0468254259191064 0.0494424100918094
0.0413926656502037 -0.0383312231953453 -0.104162277779829 0.0903106742853712
0.104392714914399 -0.00849097588530709 -0.18806306643617 0.0668027594981757
0.11475212857106 0.108152998530883 -0.286726072336022 -0.0985958023021573
-0.0817877284185845 0.163340283889332 -0.179928240803189 -0.300469659823414
-0.126629071461436 -0.0381386137587018 0.0466819616753796 -0.365387485661937
0.0278336217397092 -0.109093724909117 0.229535384827096 -0.0839416558847507
0.167265639417427 -0.118964320322593 -0.14923643985007 0.0133520683486858
-0.0542543792967288 -0.198254903363544 -0.222449157865857 0.350617364559345
-0.196279953677649 -0.00768665075542745 0.0590186107678409 0.375137893883878
-0.044895212702831 0.128542130512835 0.198675155522497 0.206070568402233
0.0513972416129456 0.0666696302105837 0.166149047309366 0.0267901215266936
0.0469131322775324 0.0122492130403014 0.0963783173168832 -0.0219710541830337
0.0154721891330608 -0.0176656821690441 0.0421434709449937 -0.0382350941145148
-0.00677689085903199 -0.0236334122135993 -0.00572578375215161 -0.00742136946649951
0.00907389494688871 -0.031230841377232 -0.0466720319623784 0.0331275186869636
0.079719859661157 -0.0343543666309633 -0.096007174952671 0.0593709739786263
0.130199634207679 0.0366888524324461 -0.151168663929323 0.043736296101537
0.0669958398791398 0.175284170252324 -0.245977858620084 -0.0722645039662253
-0.182947128994348 0.123628420148516 -0.210586212200889 -0.266180937541905
-0.117802165433674 -0.145137013580843 0.0138183220777122 -0.393643583288189
0.112372943093045 -0.152872182615787 0.210253749450606 -0.0834753529231671
0.135513099909877 -0.123077814632656 -0.151128856015853 0.017141498014745
-0.0869755994381586 -0.143726194735889 -0.195200829174216 0.278012555980798
-0.143199232660999 0.0445607959033522 0.0163913897497751 0.356101142825275
0.0162060772334554 0.0932521020627132 0.20498959834632 0.237116456327015
0.0523905659936009 0.0205598305090936 0.193369212474881 0.0327398691113143
0.0235404714096498 -0.00685781038803845 0.106297722026369 -0.0371226890068752
-0.00195591448727375 -0.0253345592910169 0.0470143845682795 -0.045185571625299
-0.003467803630014 -0.0253911942665698 0.00493142354870277 -0.013196950126072
0.0295503271116811 -0.0319747674908142 -0.0357829282887196 0.0164725897646013
0.10551207097328 -0.00725776056012213 -0.0640180854390495 0.0377944399725596
0.109461761693574 0.0947411716136932 -0.0939567546812334 0.0498297248761272
-0.0323746040675225 0.190961411818441 -0.227335927275413 -0.0212683935909237
-0.23913601604915 0.0108782425423728 -0.261385544401795 -0.263122101900173
-0.0461280147979578 -0.231314280369356 5.60826609163768E-05 -0.442394174495594
0.18332616740842 -0.15399360211426 0.179797135834891 -0.0870905140614349
0.106840622430933 -0.111236920644634 -0.152583248826558 0.016281044739833
-0.0744368078120633 -0.0932895971501003 -0.192171562946861 0.232145926473668
-0.0792342605997333 0.054577851756568 0.0114479498157795 0.368825395094409
0.0427066264605648 0.0438314784582279 0.247026737558448 0.239151277603391
0.0340718947255099 -0.00917710121601653 0.215396586341485 -0.00556074858683469
0.000393526016417504 -0.0192579990415225 0.0994992437321215 -0.0651834255488667
-0.0126516683494453 -0.0298533753650484 0.0439112220965712 -0.0549161679048391
-0.00115422605583796 -0.0229365343044789 0.00986874206641629 -0.016905070035217
0.0392335318043876 -0.0225888626482244 -0.0190961293591266 0.00469348534948704
0.093593601170609 0.0230949813430941 -0.0233219075135376 0.0349424923449808
0.0458843332126122 0.116599577562565 -0.0591041626212648 0.0896798463170564
-0.112617118486606 0.123078002103002 -0.258865030173608 0.0136153404495526
-0.189597238558218 -0.1101218897537 -0.303673476556433 -0.32355395057725
0.0594108848779105 -0.236436050345814 0.0330667552871509 -0.511972355526331
0.210479277840811 -0.107469643613221 0.146034215739669 -0.0939599717501421
0.0856820274635088 -0.0850245495165131 -0.164776287110212 0.0151854613055988
-0.0363850805516059 -0.069528889049637 -0.189894475855235 0.226448262976213
-0.0374702446541558 0.0217518839713805 0.0425519617931695 0.384310535640072
0.0261851900461001 0.00831172200110838 0.296247426641364 0.207998212213899
0.00860306389390824 -0.0155577524678772 0.221635466044324 -0.0567000455112625
-0.010615416852318 -0.019768432152618 0.0859976320348735 -0.0965194671697038
-0.0109585319411945 -0.0295783070560979 0.0389520532867715 -0.0642536352220235
0.00166661748533571 -0.017221347198868 0.012273855409664 -0.0202847411532082
0.0303706848321769 -0.0097344437909453 -0.00277758272896655 0.00321423677722341
0.0504152961666947 0.0351403002588507 0.00456527625084013 0.0517703843440299
-0.0131773310058603 0.080525211404141 -0.0650879299415461 0.12758147644129
-0.109554799081112 0.0150495967490814 -0.312978127751514 -0.0056054056999699
-0.0627312877609442 -0.144962832900615 -0.284871661108938 -0.426589563688427
0.121858548021208 -0.147632592412069 0.114446586929385 -0.559003616394198
0.161163338879519 -0.0411323362105877 0.123675775475555 -0.102478934640349
-0.0543805511890832 0.0074393573395213 -0.104833509060716 -0.0489553753846846
-0.0437445462816675 0.00684788157122367 -0.346818149110974 0.462249198956608
-0.0522656021548664 0.0439418570499275 0.194151983453371 0.540587643145167
0.00995923154376083 0.0548720603788108 0.386847146420266 0.0895878216384134
0.0340377749913151 0.0119779429230251 0.120717357368757 -0.157800201691542
0.00536796085530954 -0.0162440384787525 -0.00767192729368702 -0.0698463621939099
-0.0135612812448913 -0.00134888464723232 -0.000904957410021224 -0.0228681721048306
-0.00693711674304093 0.0173509971507292 -0.0168448287908416 -0.00303356765063551
0.00647645085217699 0.0227646095775959 -0.0283658053857197 0.0467283225172902
0.0138706655658778 0.019786657938833 -0.0751493964767357 0.10051117729386
0.0086312382119924 0.0202937547784768 -0.189622612840547 0.0670578390245251
0.00180058580023353 0.00809277715638918 -0.28763013132391 -0.155166662976616
0.0304848145328898 0.0208158155235263 -0.0860793873318579 -0.367656911843964
0.00435632299153528 0.0772087687578392 0.146270858121039 -0.293634057618025
-0.0916510067032304 0.0675347085433282 0.19173209800324 -0.0505492113098401
0.0529223998454078 -0.0217538964296904 -0.102052306760715 -0.0401895458541547
0.00791661829185382 -0.0883001243898122 -0.3653931984721 0.443989857901458
-0.109084925458256 -0.0337209727895331 0.141610789355465 0.546576972182005
-0.063458583136382 0.0845449920953298 0.360295893485613 0.136148494250329
0.0250461407384273 0.0703963062830656 0.140606674812182 -0.123790856204982
0.035619882570159 0.0105346277993863 0.00929119275772777 -0.0679522795398031
0.0103421704605967 -0.0039823088288885 0.000910913067940419 -0.02829794512058
-0.0063208933065694 0.00642618227324135 -0.0182968389767092 -0.000683470743517072
-0.00755968547193521 0.0109653772717563 -0.0333138827127077 0.051131090687372
0.00874296779534717 0.00116148567993182 -0.0808179248070502 0.10857164944687
0.0316079425485393 -0.00266001809215784 -0.192904055686834 0.086428801904141
0.0539720217062995 0.0208067214468098 -0.30408157849884 -0.127127876715071
0.0216313231751903 0.0823124078548478 -0.123332192562505 -0.353303964716503
-0.0444230740926551 0.0680099599402004 0.119137830326433 -0.316233409819021
-0.0728137696334616 0.0176131584451272 0.213182894332846 -0.0611789348014536
0.136151721515797 -0.0531572181040176 -0.121179641613121 -0.0260448746619283
0.032179994643742 -0.166286939584345 -0.342620106516915 0.434397058678671
-0.156869168411079 -0.0805132584640445 0.118656107445132 0.505015060640946
-0.10812771003225 0.105417836261525 0.303682152539327 0.15712596786507
0.0205428152442329 0.101865367736299 0.143136992695776 -0.0702635108791824
0.0525953075250603 0.0281496158398376 0.0373293171180782 -0.0488576414679414
0.0261041733346851 -0.00558444702573075 0.0134280775410557 -0.0325211208091152
-0.00647086307982884 -0.00483555497121791 -0.0181304682087954 -0.00184989435193998
-0.0149847661842293 -0.00394047636189959 -0.0411551601640941 0.0531508059857265
0.0147493634739606 -0.020578905984832 -0.0941043303715818 0.104418779718152
0.0633970464739422 -0.0179221146775128 -0.19561975391779 0.0832591836247443
0.0979004362415609 0.0495137304768497 -0.303642859895201 -0.112977309108229
-0.00990107819696962 0.134972798561446 -0.149120854767037 -0.331848250066968
-0.0907764427267181 0.0341577457404955 0.088681812137698 -0.338538131224633
-0.0365642562463505 -0.0424015270047514 0.229468166208773 -0.0723771091881915
0.172830184836039 -0.0873203945682398 -0.140245198036725 -0.00487788450502472
0.00406186805340645 -0.207607942930834 -0.28676693592497 0.402628124163243
-0.194567234943153 -0.0691538845765319 0.0946869689797328 0.43386856253514
-0.100645448802997 0.125874047996278 0.236596740257624 0.175416741089618
0.0317127400859947 0.099641227017519 0.145996397481778 -0.00923334713137891
0.0555027454991616 0.0283139257238916 0.0684935080470327 -0.0281119407297938
0.0261289204161862 -0.0102455405658272 0.0290424030970977 -0.0347284946435652
-0.00634931054929458 -0.0146231800046132 -0.012911787756724 -0.00345673728937237
-0.00931659105801658 -0.019951286463816 -0.0484383185670773 0.0472652589133183
0.0416312932570529 -0.0365249406375089 -0.103745089755153 0.0858640418938427
0.102673778087541 -0.00704897283529628 -0.18674613646045 0.0612774538454749
0.109480352624595 0.107150225878527 -0.28046010479383 -0.104081047435042
-0.0842560926086151 0.159297515744317 -0.168748242638679 -0.302916288969109
-0.12367088205297 -0.0399565697180259 0.057750986735782 -0.358696390935094
0.0281349059428655 -0.105595389987095 0.22958641160232 -0.0775427170155091
0.166306366693676 -0.112743337187296 -0.149503793660555 0.00863418262078212
-0.0492043252855623 -0.193577482501836 -0.229913038743395 0.337856131036035
-0.192116594980067 -0.0103159303058377 0.0453794602863494 0.372116959401405
-0.046710632174407 0.12559500139507 0.1916971766547 0.20959399862561
0.0502118316115761 0.0655580981624871 0.162210789283635 0.0326248572444456
0.0449059706042579 0.0128602209320384 0.0947750549532643 -0.0195283689647077
0.0130601685242652 -0.0161881869286286 0.039968336898437 -0.0371067593114267
-0.00646728447437066 -0.0213578311319447 -0.00488387258128135 -0.00737651397937368
0.00883648793016195 -0.0284740032003765 -0.0475624502888511 0.0338563562849212
0.080315149316956 -0.0327811966473408 -0.0967169491251669 0.056874985268631
0.127364264617647 0.0389913039798235 -0.148228187630819 0.0399987438370969
0.061579017029853 0.171742514587409 -0.240041292617308 -0.0784506602789714
-0.182361433656849 0.118979332379425 -0.19987023162994 -0.268675667409268
-0.114344264246018 -0.143515023633414 0.027577078385186 -0.387866706219138
0.11188496056511 -0.146366207338426 0.210127596625392 -0.0795307110575555
0.137033500043784 -0.119785278967107 -0.150722142342703 0.0157280848193425
-0.0810199146903464 -0.142164591158207 -0.204418116057744 0.265438993240292
-0.142024565282203 0.0435992631641568 0.00371360360500732 0.354132746391761
0.014354705647507 0.0904126986379823 0.195664544726654 0.241494810433705
0.0518148982718618 0.0211975945969872 0.190138752435116 0.0359350390846549
0.0238580267136785 -0.00509198456426046 0.106965979551373 -0.0341836926859079
-0.00218658007874302 -0.0223389383542744 0.0446791023984069 -0.0456740127119633
-0.00455523897518401 -0.0221993163961578 0.00216374570024716 -0.011922820782509
0.0289091073330009 -0.0284702902523262 -0.0385263174198622 0.0166082598211932
0.103160978641437 -0.0069508418170279 -0.0638582260708005 0.0355241296221514
0.106435794655199 0.0944692604770959 -0.0952937506440819 0.0458933054038152
-0.034882609333466 0.185341388511284 -0.22284872792446 -0.0289950623808467
-0.23479093537571 0.0055700695439302 -0.250197590873269 -0.2676690473349
-0.0407210608466155 -0.227737996975146 0.0119209688603291 -0.437039265832322
0.183185749811105 -0.143983223071607 0.180304806987369 -0.0815852527643861
0.108334975698638 -0.107094167642581 -0.153414516433533 0.0124761716032442
-0.071346156379476 -0.0928184726081043 -0.198205479193435 0.224052062142953
-0.077960967848127 0.0524509473404326 -0.000310395856473296 0.365891274813179
0.0395751986424544 0.0426672773067699 0.239394237797624 0.242496485338936
0.0343703141844613 -0.00970011331301304 0.211354451850701 -0.000520579635330311
0.00068036180181073 -0.0187828726085613 0.0990837529173172 -0.0626210250895876
-0.0132365067385889 -0.0288047338296287 0.0435291309758367 -0.0543727904500758
-0.00102237900281943 -0.0211214114631702 0.0101660458134032 -0.0167638364315121
0.0383009080717139 -0.0204430960665466 -0.0203855089481744 0.00560264885386597
0.0907184765284619 0.0235553676811925 -0.0249599254266251 0.0337180291210105
0.0450095877795695 0.114882371878176 -0.0592100895631439 0.0835487547575218
-0.111539503335169 0.117543228713577 -0.252842537828711 0.00536028584229133
-0.182921213337882 -0.110674317980071 -0.288411516170705 -0.326881491414141
0.0632276955742217 -0.229290781261872 0.0472641900862791 -0.501746014224891
0.205995983596069 -0.100435642481552 0.146880598123891 -0.088096003963609
0.0872856252086904 -0.0812953589995009 -0.165880831958806 0.0125970052802421
-0.0340095012649384 -0.0679209514816222 -0.195750622654896 0.219450425608485
-0.0368966162614238 0.0207192467939958 0.0320584996699605 0.382354968923173
0.0247265223839586 0.00817905101599968 0.290426066310885 0.212398400484556
0.010336287595437 -0.0153902982863485 0.217765206941487 -0.0518989031692922
-0.00962309624514182 -0.0203077637308214 0.0855104765608768 -0.0924349949849688
-0.0105795918485958 -0.0297977173006173 0.0374152203137846 -0.0642039652309454
0.00263183898986104 -0.0160935740877005 0.0119690122916615 -0.0190615909656367
0.0301057429964558 -0.00848072040059706 -0.00475829340275972 0.0032717297807192
0.0497125047513097 0.0348808316393141 0.00282638941471166 0.0497738498331506
-0.0146859517112659 0.0785694584798627 -0.0649839963327454 0.120531377112631
-0.106180581369086 0.0127766623675251 -0.305390611771146 -0.0162578811393383
-0.0580622531513669 -0.143274824969194 -0.266305347998405 -0.427526881035119
0.122169421305199 -0.142394752395435 0.129961490498839 -0.546036570452928
0.157154121240729 -0.0354512762564131 0.12499394344045 -0.099083097809435
-0.0549733307713749 0.00618465884022582 -0.110078712447551 -0.0527696265979873
-0.0449188696561746 0.00621542434490334 -0.374676065180018 0.460901983046235
-0.0552966544207182 0.0432822514496038 0.176206536755319 0.55901214495198
0.00835295913515931 0.0558280904748003 0.391958172418232 0.104257936439564
0.0342745278218324 0.014040172056566 0.126705368488178 -0.155272955589247
0.00456366561826039 -0.0156656265003582 -0.00404239520441543 -0.0729535011064724
-0.0140481092772659 0.000957361598759128 0.00132707050377676 -0.0256201142189264
-0.00718024574006464 0.0186253750681073 -0.0179043780848591 -0.00397533838535998
0.00561295805256025 0.0227222868212239 -0.0307869858282637 0.0445173097574764
0.0137798749278176 0.0199376710109363 -0.078656721957856 0.0982696601900999
0.00783213658922256 0.0216310722376997 -0.196820201732551 0.0629025548441684
0.00090243133033467 0.00877759479082679 -0.290667453150558 -0.168542324141327
0.0294386955397642 0.0226180846129877 -0.0766197138123706 -0.381263993474133
0.00283000212462053 0.0787981560778983 0.159505787967337 -0.298064259335445
-0.0952093867416876 0.068367663695447 0.200160769558133 -0.048163220637288
0.0541399376844087 -0.0201712613830316 -0.10618696879778 -0.0461624198405499
0.0110061678057049 -0.0891708618170694 -0.393556720010374 0.440964558651313
-0.110891710097183 -0.0368954920071832 0.123822930325126 0.563547200910868
-0.0676886522250467 0.08384082860152 0.360828713903786 0.15346792879152
0.024517813483647 0.0708158963245021 0.14658361789277 -0.119309113580735
0.035292978078139 0.0109051252685033 0.0131718559557853 -0.069087083647583
0.00954476265999138 -0.00330989150522171 0.00233154636559263 -0.0311149498487695
-0.00694694977325608 0.00716537194809417 -0.0193416188510675 -0.00229288103671191
-0.00793538324112919 0.0117643892963014 -0.0349710068840819 0.0503139369197134
0.00808751477108864 0.00181310578124396 -0.0846731935227052 0.107807424403775
0.031898195832986 -0.00107082335236802 -0.199260259352403 0.081825093890668
0.0536517614045201 0.0230892298699289 -0.308826702455428 -0.140704220369668
0.0189080900554329 0.0850045678603167 -0.11434805666607 -0.368923508058976
-0.0465737256902442 0.0682802871470946 0.134497686323124 -0.32220195286244
-0.075505524517561 0.0162979545423576 0.222637771235873 -0.058070784927007
0.139705160709038 -0.0494138993678947 -0.125118761848684 -0.0311825981465447
0.0376646280443606 -0.167920638988352 -0.369479024304536 0.431177600894826
-0.157506769590068 -0.0861150099444095 0.100327010580732 0.521405943575333
-0.11334153689822 0.10460372563839 0.30349025704033 0.173290128257471
0.0185959417123951 0.104271827617927 0.148109119709774 -0.0643460450559652
0.051060575844634 0.0302512311650564 0.0406206458521643 -0.048738990073464
0.0252195066560028 -0.00383098381478305 0.0144848052903351 -0.034335726471699
-0.00636354102680508 -0.00360341470876987 -0.018668012536394 -0.00235926942774972
-0.0156667482837137 -0.00361633659373663 -0.0439751822304854 0.0523413749164781
0.0152053964796857 -0.0201583136178534 -0.0976136493733663 0.103892315110656
0.0651847008436175 -0.017309370493976 -0.202837403175985 0.0788741208932148
0.0966338432032282 0.052759412384898 -0.307478280480511 -0.12651107723028
-0.0149726070414574 0.138777935017038 -0.141350426891381 -0.34835506411408
-0.0938033284138073 0.0329845581769244 0.104930433061316 -0.34516038653301
-0.0357110888730775 -0.0444740662616219 0.238263297570417 -0.0681671103081015
0.178871216644655 -0.0834578180313436 -0.146152144750645 -0.0116981330062969
0.00987411728178743 -0.211656278688594 -0.309442058617208 0.401382166628857
-0.196037220523971 -0.0745975287762841 0.0785880727808519 0.446232491365732
-0.106170736642073 0.12567464959485 0.234629711919091 0.189126691626661
0.031035390200545 0.1022578783022 0.148101312988828 -0.0050924038489038
0.0549135936009487 0.0292984646454845 0.0718498015722188 -0.0267388640212302
0.026158393802232 -0.00791831168429106 0.0301249791482538 -0.0353809108335281
-0.00687834375420375 -0.0128455838228726 -0.0136832914486881 -0.00364678824637787
-0.00976941688260474 -0.0187688729772992 -0.0502054275493859 0.0469327633199096
0.0426307234853235 -0.0356584679449592 -0.107858439497756 0.0851154972040657
0.105407787268158 -0.00473592348476662 -0.192573287382648 0.0566612603717589
0.107905285675172 0.111846067009792 -0.284000765187001 -0.116495981608718
-0.0902774077673653 0.161160314561473 -0.162449474391823 -0.318302651970967
-0.125962392580022 -0.0442903307791324 0.0735155510244369 -0.366257561928865
0.0312130307482589 -0.105338145301729 0.239862477284556 -0.0736857014751956
0.173853606367533 -0.110374175761447 -0.15587463760867 0.00321356534450565
-0.0432374732056154 -0.199159363113305 -0.251087509675866 0.336229325402001
-0.195119394120679 -0.0168986631320805 0.0298913507714114 0.383256559023773
-0.0512653273985951 0.125480031465994 0.189107363195234 0.222552639717834
0.0493305519400519 0.0677013629476415 0.164028880140148 0.0383626379512436
0.043929585028338 0.0125765525306615 0.0983856046280405 -0.0175273680026285
0.0131231940595245 -0.015264952458404 0.0412693452845688 -0.0389163511018648
-0.00620467786381197 -0.0197900748758995 -0.00584367293645728 -0.00710914802294111
0.00862481442972493 -0.0290284006088971 -0.0506762194665388 0.0333592037255153
0.0813689582626404 -0.0316450396762434 -0.099101193535981 0.0548217273315469
0.12879657627012 0.0410799151986805 -0.155148742008592 0.0354428726291117
0.0577617876902361 0.176991544856629 -0.24515552279573 -0.0898280680447178
-0.188960726637718 0.117111570063044 -0.194664315023206 -0.284347432663802
-0.112781682494216 -0.150081033219503 0.0423212046582414 -0.394085891660798
0.11601610018345 -0.144663710906613 0.22100789424264 -0.0733460214324237
0.14626388370076 -0.117064560487025 -0.156743226700276 0.00809331416944242
-0.0774966061179816 -0.147680296735039 -0.221845324767118 0.265466051465552
-0.144771409116731 0.0399924278061227 -0.0117328857997677 0.364260896600744
0.0108966352877108 0.0923925811699913 0.193774227402052 0.257682533712562
0.0526387612224366 0.020567724098537 0.195168680557429 0.0422697929596827
0.0229086721551132 -0.00643937998438318 0.109526495730986 -0.0320403772952787
-0.00341088149537771 -0.0233197005563595 0.0453068532661883 -0.0443273570805925
-0.00507266789877309 -0.0221886884224859 0.00286952524511625 -0.0124994847055504
0.030238090984906 -0.0277032192015567 -0.0385596345183252 0.0165603380587167
0.105411284960529 -0.00552033480877979 -0.0691305496675738 0.0322517651579829
0.106555764237102 0.0980376147485377 -0.0995259467873888 0.0427230577223977
-0.0409643937974929 0.188417692078008 -0.226229494786389 -0.039243591271731
-0.238562828217941 2.28183698025176E-05 -0.244588773549922 -0.283091785895059
-0.0354368416938942 -0.232446720935625 0.0314888407774014 -0.445396007622514
0.189197529695567 -0.141549572761433 0.186932484179586 -0.0770386961389905
0.11458634977641 -0.106184731946245 -0.159663253796741 0.00749977530553848
-0.0694309944244115 -0.0953182394398988 -0.214106654877152 0.224035865641057
-0.0814953267414078 0.0518294604852794 -0.0137240666832487 0.378047854183627
0.0393064542450886 0.0440789323589361 0.239462922142482 0.256147001231301
0.0364951565357129 -0.0097269606526165 0.216282461971121 0.00556265121254475
0.000940466529905949 -0.019741592248595 0.103410789989274 -0.0603568194552414
-0.0137651868504028 -0.0291042087650392 0.0441922238026295 -0.0542518753578781
4.50243303080496E-05 -0.0203631117468758 0.0101633527247831 -0.0168366470369771
0.0385037116068968 -0.0202206998691678 -0.0224999753707018 0.00596401966415187
0.0919887571791295 0.0255643922242669 -0.0266347659291812 0.0324982891759016
0.0431288979864141 0.117796902008437 -0.0630666646345777 0.0806770612627187
-0.116219233855899 0.117133307537053 -0.258367984995207 -0.00656581388987598
-0.182728218564964 -0.117103537628953 -0.28233256020076 -0.346605537920632
0.0703376044909639 -0.231936443783348 0.0690792702721916 -0.509058132297974
0.211165241282518 -0.0935593599034824 0.153856857848295 -0.0849790513505065
0.0924033097080511 -0.0806216785879514 -0.171840671515976 0.0071498507587644
-0.0331295992390986 -0.069711084741534 -0.212364209020123 0.218182552894454
-0.0384499936361817 0.0201415644037215 0.020199396410773 0.394751151663296
0.0255643197082571 0.00856405911783776 0.291641867836155 0.22708884304951
0.0118010520136445 -0.0152053044513554 0.224507213116689 -0.0465499818707652
-0.00969729310701316 -0.0213422357754947 0.0900163878555346 -0.0927833516566247
-0.0112874849335033 -0.0298849722104489 0.0383964975806434 -0.0645118189076595
0.00380564945255836 -0.0152474700830194 0.0117580935643713 -0.0192160367335894
0.0304744265074268 -0.00802990154769078 -0.00626432748046212 0.0039197889036661
0.0503295125080392 0.0356270408780271 0.000294507252967505 0.0495273435946189
-0.0145636761101655 0.0792800802358909 -0.0695770265066247 0.117594978126864
-0.10783254541459 0.010409440672398 -0.309707528757988 -0.0290994566699868
-0.0546249980962858 -0.146867239804422 -0.257841537775428 -0.447114115097966
0.127807782134437 -0.140569896572974 0.15427239764333 -0.551254291513393
0.159952829057215 -0.0288739784591945 0.132496394932836 -0.0961869233633908
